<?xml version="1.0" encoding="UTF-8"?>
<testsuite name="com.hivemq.helmcharts.platform.HelmRollingUpgradePlatformIT" tests="1" skipped="0" failures="0" errors="0" timestamp="2025-01-28T21:19:27" hostname="fv-az1938-849" time="230.909">
  <properties/>
  <testcase name="withPreviousPlatformInstalled_upgradeToLatestChartVersion()" classname="com.hivemq.helmcharts.platform.HelmRollingUpgradePlatformIT" time="230.909">
    <system-out><![CDATA[2025-01-28 21:19:27,693 INFO c.h.h.t.HelmChartContainer - Creating namespace 'helmrollingupgradeplatformit-operator'...
2025-01-28 21:19:27,709 INFO c.h.h.t.HelmChartContainer - Namespace 'helmrollingupgradeplatformit-operator' created
2025-01-28 21:19:27,709 INFO c.h.h.t.HelmChartContainer - Creating namespace 'helmrollingupgradeplatformit'...
2025-01-28 21:19:27,724 INFO c.h.h.t.HelmChartContainer - Namespace 'helmrollingupgradeplatformit' created
2025-01-28 21:19:27,790 DEBUG c.h.h.t.HelmChartContainer - Executing helm command: /bin/helm --kubeconfig /etc/rancher/k3s/k3s.yaml install test-hivemq-platform-operator /charts/hivemq-platform-operator --wait --timeout 5m0s --set image.repository=docker.io/hivemq --set image.name=hivemq-platform-operator-test --set image.initImageName=hivemq-platform-operator-init-test --set image.tag=snapshot --set image.pullPolicy=Never --set logLevel=DEBUG --set resources.cpu=512m --namespace helmrollingupgradeplatformit-operator
2025-01-28 21:19:28,101 INFO c.h.h.t.HelmChartContainer - [K3S] [alloc.go:330] "allocated clusterIPs" service="helmrollingupgradeplatformit-operator/hivemq-platform-operator-test-hivemq-platform-operator" clusterIPs={"IPv4":"10.43.180.0"}
2025-01-28 21:19:28,114 INFO c.h.h.t.HelmChartContainer - [EVENT] Normal [ScalingReplicaSet] Scaled up replica set hivemq-test-hivemq-platform-operator-6966f96d65 from 0 to 1 [helmrollingupgradeplatformit-operator:hivemq-test-hivemq-platform-operator]
2025-01-28 21:19:28,118 INFO c.h.h.t.HelmChartContainer - [POD] hivemq-test-hivemq-platform-operator-6966f96d65-ft2qm [52a2fb00-aeab-4606-a268-63b8b417c1af] in helmrollingupgradeplatformit-operator was ADDED
2025-01-28 21:19:28,123 INFO c.h.h.t.HelmChartContainer - [EVENT] Normal [SuccessfulCreate] Created pod: hivemq-test-hivemq-platform-operator-6966f96d65-ft2qm [helmrollingupgradeplatformit-operator:hivemq-test-hivemq-platform-operator-6966f96d65]
2025-01-28 21:19:28,124 INFO c.h.h.t.HelmChartContainer - [POD] hivemq-test-hivemq-platform-operator-6966f96d65-ft2qm [52a2fb00-aeab-4606-a268-63b8b417c1af] in helmrollingupgradeplatformit-operator was MODIFIED
2025-01-28 21:19:28,125 INFO c.h.h.t.HelmChartContainer - [K3S] [replica_set.go:679] "Finished syncing" kind="ReplicaSet" key="helmrollingupgradeplatformit-operator/hivemq-test-hivemq-platform-operator-6966f96d65" duration="14.943515ms"
2025-01-28 21:19:28,128 INFO c.h.h.t.HelmChartContainer - [K3S] [memory_manager.go:355] "RemoveStaleState removing state" podUID="b53e45d7-c0bb-40ad-97c4-496b503fbf9d" containerName="grafana"
2025-01-28 21:19:28,128 INFO c.h.h.t.HelmChartContainer - [K3S] [memory_manager.go:355] "RemoveStaleState removing state" podUID="cdf5953e-8245-4188-8eb7-02c3876d12c5" containerName="hivemq-platform-operator"
2025-01-28 21:19:28,129 INFO c.h.h.t.HelmChartContainer - [K3S] [memory_manager.go:355] "RemoveStaleState removing state" podUID="428c66d2-3d73-442a-a5f3-b2419bab8c4e" containerName="kube-state-metrics"
2025-01-28 21:19:28,129 INFO c.h.h.t.HelmChartContainer - [K3S] [memory_manager.go:355] "RemoveStaleState removing state" podUID="4a04b91f-f3d5-497b-8b2b-daadd1f6f2a0" containerName="alertmanager"
2025-01-28 21:19:28,129 INFO c.h.h.t.HelmChartContainer - [K3S] [memory_manager.go:355] "RemoveStaleState removing state" podUID="4a04b91f-f3d5-497b-8b2b-daadd1f6f2a0" containerName="config-reloader"
2025-01-28 21:19:28,129 INFO c.h.h.t.HelmChartContainer - [K3S] [memory_manager.go:355] "RemoveStaleState removing state" podUID="baa2424e-ca62-4e98-83e5-4db37b8f0df1" containerName="kube-prometheus-stack"
2025-01-28 21:19:28,129 INFO c.h.h.t.HelmChartContainer - [K3S] [memory_manager.go:355] "RemoveStaleState removing state" podUID="e5f46b17-1023-4396-bb6f-82cc6c51519e" containerName="node-exporter"
2025-01-28 21:19:28,129 INFO c.h.h.t.HelmChartContainer - [K3S] [memory_manager.go:355] "RemoveStaleState removing state" podUID="b53e45d7-c0bb-40ad-97c4-496b503fbf9d" containerName="grafana-sc-datasources"
2025-01-28 21:19:28,129 INFO c.h.h.t.HelmChartContainer - [K3S] [memory_manager.go:355] "RemoveStaleState removing state" podUID="04e4582f-9698-4cfa-bce3-cfdd22474b41" containerName="config-reloader"
2025-01-28 21:19:28,129 INFO c.h.h.t.HelmChartContainer - [K3S] [memory_manager.go:355] "RemoveStaleState removing state" podUID="04e4582f-9698-4cfa-bce3-cfdd22474b41" containerName="prometheus"
2025-01-28 21:19:28,129 INFO c.h.h.t.HelmChartContainer - [K3S] [memory_manager.go:355] "RemoveStaleState removing state" podUID="b53e45d7-c0bb-40ad-97c4-496b503fbf9d" containerName="grafana-sc-dashboard"
2025-01-28 21:19:28,131 INFO c.h.h.t.HelmChartContainer - [EVENT] Normal [Scheduled] Successfully assigned helmrollingupgradeplatformit-operator/hivemq-test-hivemq-platform-operator-6966f96d65-ft2qm to 76827e36d767 [helmrollingupgradeplatformit-operator:hivemq-test-hivemq-platform-operator-6966f96d65-ft2qm]
2025-01-28 21:19:28,136 INFO c.h.h.t.HelmChartContainer - [K3S] [replica_set.go:679] "Finished syncing" kind="ReplicaSet" key="helmrollingupgradeplatformit-operator/hivemq-test-hivemq-platform-operator-6966f96d65" duration="11.109141ms"
2025-01-28 21:19:28,143 INFO c.h.h.t.HelmChartContainer - [POD] hivemq-test-hivemq-platform-operator-6966f96d65-ft2qm [52a2fb00-aeab-4606-a268-63b8b417c1af] in helmrollingupgradeplatformit-operator was MODIFIED
2025-01-28 21:19:28,147 INFO c.h.h.t.HelmChartContainer - [K3S] [reconciler_common.go:251] "operationExecutor.VerifyControllerAttachedVolume started for volume \"kube-api-access-lcmv5\" (UniqueName: \"kubernetes.io/projected/52a2fb00-aeab-4606-a268-63b8b417c1af-kube-api-access-lcmv5\") pod \"hivemq-test-hivemq-platform-operator-6966f96d65-ft2qm\" (UID: \"52a2fb00-aeab-4606-a268-63b8b417c1af\") " pod="helmrollingupgradeplatformit-operator/hivemq-test-hivemq-platform-operator-6966f96d65-ft2qm"
2025-01-28 21:19:28,147 INFO c.h.h.t.HelmChartContainer - [K3S] [replica_set.go:679] "Finished syncing" kind="ReplicaSet" key="helmrollingupgradeplatformit-operator/hivemq-test-hivemq-platform-operator-6966f96d65" duration="11.376732ms"
2025-01-28 21:19:28,147 INFO c.h.h.t.HelmChartContainer - [K3S] [replica_set.go:679] "Finished syncing" kind="ReplicaSet" key="helmrollingupgradeplatformit-operator/hivemq-test-hivemq-platform-operator-6966f96d65" duration="36.007µs"
2025-01-28 21:19:28,537 INFO c.h.h.t.HelmChartContainer - [EVENT] Normal [Pulled] Container image "docker.io/hivemq/hivemq-platform-operator-test:snapshot" already present on machine [helmrollingupgradeplatformit-operator:hivemq-test-hivemq-platform-operator-6966f96d65-ft2qm]
2025-01-28 21:19:28,537 INFO c.h.h.t.HelmChartContainer - Received Pulled event for container hivemq-platform-operator in pod hivemq-test-hivemq-platform-operator-6966f96d65-ft2qm [52a2fb00-aeab-4606-a268-63b8b417c1af]
2025-01-28 21:19:29,899 INFO c.h.h.t.HelmChartContainer - [EVENT] Normal [Created] Created container: hivemq-platform-operator [helmrollingupgradeplatformit-operator:hivemq-test-hivemq-platform-operator-6966f96d65-ft2qm]
2025-01-28 21:19:29,899 INFO c.h.h.t.HelmChartContainer - Received Created event for container hivemq-platform-operator in pod hivemq-test-hivemq-platform-operator-6966f96d65-ft2qm [52a2fb00-aeab-4606-a268-63b8b417c1af]
2025-01-28 21:19:30,570 INFO c.h.h.t.HelmChartContainer - [K3S] [replica_set.go:679] "Finished syncing" kind="ReplicaSet" key="helmrollingupgradeplatformit-operator/hivemq-test-hivemq-platform-operator-6966f96d65" duration="41.708µs"
2025-01-28 21:19:30,571 INFO c.h.h.t.HelmChartContainer - [POD] hivemq-test-hivemq-platform-operator-6966f96d65-ft2qm [52a2fb00-aeab-4606-a268-63b8b417c1af] in helmrollingupgradeplatformit-operator was MODIFIED
2025-01-28 21:19:30,581 INFO c.h.h.t.HelmChartContainer - [EVENT] Normal [Started] Started container hivemq-platform-operator [helmrollingupgradeplatformit-operator:hivemq-test-hivemq-platform-operator-6966f96d65-ft2qm]
2025-01-28 21:19:30,582 INFO c.h.h.t.HelmChartContainer - Started log watcher for hivemq-platform-operator in pod hivemq-test-hivemq-platform-operator-6966f96d65-ft2qm [52a2fb00-aeab-4606-a268-63b8b417c1af]
2025-01-28 21:19:30,582 INFO c.h.h.t.HelmChartContainer - Received Started event for container hivemq-platform-operator in pod hivemq-test-hivemq-platform-operator-6966f96d65-ft2qm [52a2fb00-aeab-4606-a268-63b8b417c1af]
2025-01-28 21:19:30,582 INFO c.h.h.t.HelmChartContainer - [hivemq-test-hivemq-platform] [hivemq-platform-operator] [52a2fb00] -------------------------------------------------------------------------
2025-01-28 21:19:30,582 INFO c.h.h.t.HelmChartContainer - [hivemq-test-hivemq-platform] [hivemq-platform-operator] [52a2fb00] 
2025-01-28 21:19:30,582 INFO c.h.h.t.HelmChartContainer - [hivemq-test-hivemq-platform] [hivemq-platform-operator] [52a2fb00]                   _    _  _              __  __   ____
2025-01-28 21:19:30,582 INFO c.h.h.t.HelmChartContainer - [hivemq-test-hivemq-platform] [hivemq-platform-operator] [52a2fb00]                  | |  | |(_)            |  \/  | / __ \
2025-01-28 21:19:30,582 INFO c.h.h.t.HelmChartContainer - [hivemq-test-hivemq-platform] [hivemq-platform-operator] [52a2fb00]                  | |__| | _ __   __ ___ | \  / || |  | |
2025-01-28 21:19:30,582 INFO c.h.h.t.HelmChartContainer - [hivemq-test-hivemq-platform] [hivemq-platform-operator] [52a2fb00]                  |  __  || |\ \ / // _ \| |\/| || |  | |
2025-01-28 21:19:30,582 INFO c.h.h.t.HelmChartContainer - [hivemq-test-hivemq-platform] [hivemq-platform-operator] [52a2fb00]                  | |  | || | \ V /|  __/| |  | || |__| |
2025-01-28 21:19:30,582 INFO c.h.h.t.HelmChartContainer - [hivemq-test-hivemq-platform] [hivemq-platform-operator] [52a2fb00]                  |_|  |_||_|  \_/  \___||_|  |_| \___\_\
2025-01-28 21:19:30,582 INFO c.h.h.t.HelmChartContainer - [hivemq-test-hivemq-platform] [hivemq-platform-operator] [52a2fb00] 
2025-01-28 21:19:30,582 INFO c.h.h.t.HelmChartContainer - [hivemq-test-hivemq-platform] [hivemq-platform-operator] [52a2fb00] -------------------------------------------------------------------------
2025-01-28 21:19:30,582 INFO c.h.h.t.HelmChartContainer - [hivemq-test-hivemq-platform] [hivemq-platform-operator] [52a2fb00] 
2025-01-28 21:19:30,582 INFO c.h.h.t.HelmChartContainer - [hivemq-test-hivemq-platform] [hivemq-platform-operator] [52a2fb00]   HiveMQ Platform Operator Start Script v1.0
2025-01-28 21:19:30,582 INFO c.h.h.t.HelmChartContainer - [hivemq-test-hivemq-platform] [hivemq-platform-operator] [52a2fb00] 
2025-01-28 21:19:30,582 INFO c.h.h.t.HelmChartContainer - [hivemq-test-hivemq-platform] [hivemq-platform-operator] [52a2fb00] -------------------------------------------------------------------------
2025-01-28 21:19:30,582 INFO c.h.h.t.HelmChartContainer - [hivemq-test-hivemq-platform] [hivemq-platform-operator] [52a2fb00] 
2025-01-28 21:19:30,582 INFO c.h.h.t.HelmChartContainer - [hivemq-test-hivemq-platform] [hivemq-platform-operator] [52a2fb00]   JAVA_OPTS: -XX:+UnlockExperimentalVMOptions -XX:InitialRAMPercentage=75 -XX:MaxRAMPercentage=75 -Duser.language=en -Duser.region=US
2025-01-28 21:19:30,582 INFO c.h.h.t.HelmChartContainer - [hivemq-test-hivemq-platform] [hivemq-platform-operator] [52a2fb00] 
2025-01-28 21:19:30,582 INFO c.h.h.t.HelmChartContainer - [hivemq-test-hivemq-platform] [hivemq-platform-operator] [52a2fb00]   JAVA_VERSION: 21
2025-01-28 21:19:30,582 INFO c.h.h.t.HelmChartContainer - [hivemq-test-hivemq-platform] [hivemq-platform-operator] [52a2fb00] 
2025-01-28 21:19:30,582 INFO c.h.h.t.HelmChartContainer - [hivemq-test-hivemq-platform] [hivemq-platform-operator] [52a2fb00] -------------------------------------------------------------------------
2025-01-28 21:19:30,582 INFO c.h.h.t.HelmChartContainer - [hivemq-test-hivemq-platform] [hivemq-platform-operator] [52a2fb00] 
2025-01-28 21:19:33,308 INFO c.h.h.t.HelmChartContainer - [hivemq-test-hivemq-platform] [hivemq-platform-operator] [52a2fb00] 21:19:33.230 [main] DEBUG org.jboss.logging - Logging Provider: org.jboss.logging.Slf4jLoggerProvider
2025-01-28 21:19:33,415 INFO c.h.h.t.HelmChartContainer - [hivemq-test-hivemq-platform] [hivemq-platform-operator] [52a2fb00] 21:19:33.414 [main] DEBUG io.smallrye.config - SRCFG01006: Loaded ConfigSource SysPropConfigSource with ordinal 400
2025-01-28 21:19:33,415 INFO c.h.h.t.HelmChartContainer - [hivemq-test-hivemq-platform] [hivemq-platform-operator] [52a2fb00] 21:19:33.414 [main] DEBUG io.smallrye.config - SRCFG01006: Loaded ConfigSource EnvConfigSource with ordinal 300
2025-01-28 21:19:33,415 INFO c.h.h.t.HelmChartContainer - [hivemq-test-hivemq-platform] [hivemq-platform-operator] [52a2fb00] 21:19:33.414 [main] DEBUG io.smallrye.config - SRCFG01006: Loaded ConfigSource PropertiesConfigSource[source=jar:file:///opt/hivemq-platform-operator/bin/hivemq-platform-operator.jar!/hivemq-platform-operator.properties] with ordinal 100
2025-01-28 21:19:33,416 INFO c.h.h.t.HelmChartContainer - [hivemq-test-hivemq-platform] [hivemq-platform-operator] [52a2fb00] 21:19:33.414 [main] DEBUG io.smallrye.config - SRCFG01006: Loaded ConfigSource DefaultValuesConfigSource with ordinal -2147483648
2025-01-28 21:19:33,521 INFO c.h.h.t.HelmChartContainer - [hivemq-test-hivemq-platform] [hivemq-platform-operator] [52a2fb00] 21:19:33.520 [main] DEBUG i.m.c.u.i.l.InternalLoggerFactory - Using SLF4J as the default logging framework
2025-01-28 21:19:33,707 INFO c.h.h.t.HelmChartContainer - [hivemq-test-hivemq-platform] [hivemq-platform-operator] [52a2fb00] 21:19:33.619 [main] INFO  c.h.p.o.HiveMQPlatformOperatorApplication - HiveMQ Platform Operator 1.7.0-SNAPSHOT (commit: bebf408 on branch: HEAD) built on Sun Jan 26 20:47:47 UTC 2025
2025-01-28 21:19:33,709 INFO c.h.h.t.HelmChartContainer - [hivemq-test-hivemq-platform] [hivemq-platform-operator] [52a2fb00] 21:19:33.707 [main] INFO  c.h.p.o.HiveMQPlatformOperatorApplication - HiveMQ Platform Operator is running in namespace: helmrollingupgradeplatformit-operator
2025-01-28 21:19:33,709 INFO c.h.h.t.HelmChartContainer - [hivemq-test-hivemq-platform] [hivemq-platform-operator] [52a2fb00] 21:19:33.707 [main] INFO  c.h.p.o.HiveMQPlatformOperatorApplication - Watching all namespaces
2025-01-28 21:19:33,709 INFO c.h.h.t.HelmChartContainer - [hivemq-test-hivemq-platform] [hivemq-platform-operator] [52a2fb00] 21:19:33.707 [main] INFO  c.h.p.o.HiveMQPlatformOperatorApplication - Log level: DEBUG
2025-01-28 21:19:33,709 INFO c.h.h.t.HelmChartContainer - [hivemq-test-hivemq-platform] [hivemq-platform-operator] [52a2fb00] 21:19:33.707 [main] INFO  c.h.p.o.HiveMQPlatformOperatorApplication - Release name: test-hivemq-platform-operator
2025-01-28 21:19:33,709 INFO c.h.h.t.HelmChartContainer - [hivemq-test-hivemq-platform] [hivemq-platform-operator] [52a2fb00] 21:19:33.708 [main] INFO  c.h.p.o.HiveMQPlatformOperatorApplication - HiveMQ Platform Operator Init image: docker.io/hivemq/hivemq-platform-operator-init-test:snapshot
2025-01-28 21:19:33,709 INFO c.h.h.t.HelmChartContainer - [hivemq-test-hivemq-platform] [hivemq-platform-operator] [52a2fb00] 21:19:33.708 [main] INFO  c.h.p.o.HiveMQPlatformOperatorApplication - HiveMQ Platform Operator Init App update URL: http://hivemq-platform-operator-test-hivemq-platform-operator.helmrollingupgradeplatformit-operator.svc:8080/initAppUpdate/hivemq-platform-operator-init-app-1.7.0-SNAPSHOT.jar
2025-01-28 21:19:33,709 INFO c.h.h.t.HelmChartContainer - [hivemq-test-hivemq-platform] [hivemq-platform-operator] [52a2fb00] 21:19:33.708 [main] INFO  c.h.p.o.HiveMQPlatformOperatorApplication - Additional imagePullSecret for all Platform deployments: none
2025-01-28 21:19:33,709 INFO c.h.h.t.HelmChartContainer - [hivemq-test-hivemq-platform] [hivemq-platform-operator] [52a2fb00] 21:19:33.708 [main] INFO  c.h.p.o.HiveMQPlatformOperatorApplication - Apply HiveMQ Platform CRD: true
2025-01-28 21:19:33,709 INFO c.h.h.t.HelmChartContainer - [hivemq-test-hivemq-platform] [hivemq-platform-operator] [52a2fb00] 21:19:33.708 [main] INFO  c.h.p.o.HiveMQPlatformOperatorApplication - Create Platform ServiceAccount: true
2025-01-28 21:19:33,709 INFO c.h.h.t.HelmChartContainer - [hivemq-test-hivemq-platform] [hivemq-platform-operator] [52a2fb00] 21:19:33.708 [main] INFO  c.h.p.o.HiveMQPlatformOperatorApplication - Create Platform ServiceAccount permissions: true
2025-01-28 21:19:33,709 INFO c.h.h.t.HelmChartContainer - [hivemq-test-hivemq-platform] [hivemq-platform-operator] [52a2fb00] 21:19:33.708 [main] INFO  c.h.p.o.HiveMQPlatformOperatorApplication - Validate Platform ServiceAccount: true
2025-01-28 21:19:33,709 INFO c.h.h.t.HelmChartContainer - [hivemq-test-hivemq-platform] [hivemq-platform-operator] [52a2fb00] 21:19:33.708 [main] INFO  c.h.p.o.HiveMQPlatformOperatorApplication - Validate Platform ServiceAccount permissions: true
2025-01-28 21:19:33,825 INFO c.h.h.t.HelmChartContainer - [hivemq-test-hivemq-platform] [hivemq-platform-operator] [52a2fb00] 21:19:33.824 [main] INFO  c.h.platform.operator.util.CRDUtil - Verifying deployed HiveMQ Platform CRD...
2025-01-28 21:19:36,310 INFO c.h.h.t.HelmChartContainer - [hivemq-test-hivemq-platform] [hivemq-platform-operator] [52a2fb00] 21:19:36.309 [main] DEBUG c.h.platform.operator.util.CRDUtil - HiveMQ Platform CRD version v1 is up to date
2025-01-28 21:19:36,310 INFO c.h.h.t.HelmChartContainer - [hivemq-test-hivemq-platform] [hivemq-platform-operator] [52a2fb00] 21:19:36.309 [main] INFO  c.h.platform.operator.util.CRDUtil - HiveMQ Platform CRD is up to date (version: V1_6_0)
2025-01-28 21:19:36,311 INFO c.h.h.t.HelmChartContainer - [hivemq-test-hivemq-platform] [hivemq-platform-operator] [52a2fb00] 21:19:36.309 [main] INFO  c.h.platform.operator.util.CRDUtil - Waiting 10000 ms for HiveMQ Platform CRD 'hivemq-platforms.hivemq.com' to become ready...
2025-01-28 21:19:36,609 INFO c.h.h.t.HelmChartContainer - [hivemq-test-hivemq-platform] [hivemq-platform-operator] [52a2fb00] 21:19:36.608 [vert.x-eventloop-thread-1] DEBUG c.h.platform.operator.util.CRDUtil - Checking CRD condition 'NamesAccepted' (status: 'True')
2025-01-28 21:19:36,610 INFO c.h.h.t.HelmChartContainer - [hivemq-test-hivemq-platform] [hivemq-platform-operator] [52a2fb00] 21:19:36.609 [vert.x-eventloop-thread-1] DEBUG c.h.platform.operator.util.CRDUtil - Checking CRD condition 'Established' (status: 'True')
2025-01-28 21:19:36,611 INFO c.h.h.t.HelmChartContainer - [hivemq-test-hivemq-platform] [hivemq-platform-operator] [52a2fb00] 21:19:36.610 [main] INFO  c.h.platform.operator.util.CRDUtil - HiveMQ Platform CRD 'hivemq-platforms.hivemq.com' is ready
2025-01-28 21:19:36,722 INFO c.h.h.t.HelmChartContainer - [hivemq-test-hivemq-platform] [hivemq-platform-operator] [52a2fb00] 21:19:36.721 [main] INFO  c.h.p.o.HiveMQPlatformReconciler - HiveMQ Platform Operator is starting...
2025-01-28 21:19:36,826 INFO c.h.h.t.HelmChartContainer - [hivemq-test-hivemq-platform] [hivemq-platform-operator] [52a2fb00] 21:19:36.825 [main] WARN  Default ConfigurationService implementation - Configuration for reconciler 'hivemq-controller' was not found. Known reconcilers: None.
2025-01-28 21:19:36,912 INFO c.h.h.t.HelmChartContainer - [hivemq-test-hivemq-platform] [hivemq-platform-operator] [52a2fb00] 21:19:36.911 [main] INFO  Default ConfigurationService implementation - Created configuration for reconciler com.hivemq.platform.operator.HiveMQPlatformReconciler with name hivemq-controller
2025-01-28 21:19:37,020 INFO c.h.h.t.HelmChartContainer - [hivemq-test-hivemq-platform] [hivemq-platform-operator] [52a2fb00] 21:19:37.019 [main] DEBUG c.h.p.o.HiveMQPlatformReconciler - HiveMQ Platform Operator is preparing EventSources
2025-01-28 21:19:37,110 INFO c.h.h.t.HelmChartContainer - [hivemq-test-hivemq-platform] [hivemq-platform-operator] [52a2fb00] 21:19:37.109 [main] INFO  i.javaoperatorsdk.operator.Operator - Registered reconciler: 'hivemq-controller' for resource: 'class com.hivemq.platform.operator.v1.HiveMQPlatform' for namespace(s): [all namespaces]
2025-01-28 21:19:37,714 INFO c.h.h.t.HelmChartContainer - [hivemq-test-hivemq-platform] [hivemq-platform-operator] [52a2fb00] 21:19:37.713 [main] INFO  c.h.p.operator.webserver.JettyServer - Starting Jetty server on port 8080
2025-01-28 21:19:37,809 INFO c.h.h.t.HelmChartContainer - [hivemq-test-hivemq-platform] [hivemq-platform-operator] [52a2fb00] 21:19:37.807 [main] INFO  i.javaoperatorsdk.operator.Operator - Operator SDK 4.9.7 (commit: 2133d28) built on Wed Nov 20 12:56:20 UTC 2024 starting...
2025-01-28 21:19:37,809 INFO c.h.h.t.HelmChartContainer - [hivemq-test-hivemq-platform] [hivemq-platform-operator] [52a2fb00] 21:19:37.808 [main] INFO  i.javaoperatorsdk.operator.Operator - Client version: 6.13.4
2025-01-28 21:19:37,810 INFO c.h.h.t.HelmChartContainer - [hivemq-test-hivemq-platform] [hivemq-platform-operator] [52a2fb00] 21:19:37.809 [Controller Starter for: hivemq-controller] INFO  i.j.operator.processing.Controller - Starting 'hivemq-controller' controller for reconciler: com.hivemq.platform.operator.HiveMQPlatformReconciler, resource: com.hivemq.platform.operator.v1.HiveMQPlatform
2025-01-28 21:19:40,114 INFO c.h.h.t.HelmChartContainer - [hivemq-test-hivemq-platform] [hivemq-platform-operator] [52a2fb00] 21:19:40.113 [Controller Starter for: hivemq-controller] INFO  i.j.operator.processing.Controller - 'hivemq-controller' controller started
2025-01-28 21:19:40,115 INFO c.h.h.t.HelmChartContainer - [hivemq-test-hivemq-platform] [hivemq-platform-operator] [52a2fb00] 21:19:40.113 [main] INFO  c.h.p.o.HiveMQPlatformOperatorApplication - HiveMQ Platform Operator 1.7.0-SNAPSHOT started in 6494 ms
2025-01-28 21:19:41,577 INFO c.h.h.t.HelmChartContainer - [POD] hivemq-test-hivemq-platform-operator-6966f96d65-ft2qm [52a2fb00-aeab-4606-a268-63b8b417c1af] in helmrollingupgradeplatformit-operator was MODIFIED
2025-01-28 21:19:41,583 INFO c.h.h.t.HelmChartContainer - [K3S] [replica_set.go:679] "Finished syncing" kind="ReplicaSet" key="helmrollingupgradeplatformit-operator/hivemq-test-hivemq-platform-operator-6966f96d65" duration="7.182919ms"
2025-01-28 21:19:41,583 INFO c.h.h.t.HelmChartContainer - [K3S] [replica_set.go:679] "Finished syncing" kind="ReplicaSet" key="helmrollingupgradeplatformit-operator/hivemq-test-hivemq-platform-operator-6966f96d65" duration="34.104µs"
2025-01-28 21:19:42,206 DEBUG c.h.h.t.HelmChartContainer - Executing helm command: /bin/helm --kubeconfig /etc/rancher/k3s/k3s.yaml search repo hivemq/hivemq-platform --versions --regexp *.HiveMQ Platform Helm Chart (new)* --output yaml
2025-01-28 21:19:42,654 INFO c.h.h.p.HelmRollingUpgradePlatformIT - Current platform chart: Chart{name='hivemq-platform', description='HiveMQ Platform Helm Chart (new)', appVersion='4.36.0', version=0.2.32}
2025-01-28 21:19:42,656 DEBUG c.h.h.t.HelmChartContainer - Executing helm command: /bin/helm --kubeconfig /etc/rancher/k3s/k3s.yaml search repo hivemq/hivemq-platform --versions --regexp *.HiveMQ Platform Helm Chart (new)* --output yaml
2025-01-28 21:19:43,077 INFO c.h.h.p.HelmRollingUpgradePlatformIT - Previous platform chart: Chart{name='hivemq/hivemq-platform', description='HiveMQ Platform Helm Chart (new)', appVersion='4.35.0', version=0.2.31}
2025-01-28 21:19:43,077 DEBUG c.h.h.t.HelmChartContainer - Executing helm command: /bin/helm --kubeconfig /etc/rancher/k3s/k3s.yaml install test-hivemq-platform hivemq/hivemq-platform --wait --timeout 5m0s --set nodes.resources.cpu=512m --set nodes.replicaCount=1 --version 0.2.31 --namespace helmrollingupgradeplatformit
2025-01-28 21:19:43,513 INFO c.h.h.t.HelmChartContainer - [hivemq-test-hivemq-platform] [hivemq-platform-operator] [52a2fb00] 21:19:43.511 [-373097727-pool-1-thread-3] WARN  i.m.p.PrometheusMeterRegistry - The meter (MeterId{name='operator.sdk.events.received', tags=[tag(action=ADDED),tag(event=ResourceEvent),tag(group=hivemq.com),tag(kind=HiveMQPlatform),tag(name=test-hivemq-platform),tag(namespace=helmrollingupgradeplatformit),tag(scope=namespace),tag(version=v1)]}) registration has failed: Prometheus requires that all meters with the same name have the same set of tag keys. There is already an existing meter named 'operator.sdk.events.received' containing tag keys [event, group, kind, name, namespace, scope, version]. The meter you are attempting to register has keys [action, event, group, kind, name, namespace, scope, version]. Note that subsequent logs will be logged at debug level.
2025-01-28 21:19:43,918 INFO c.h.h.t.HelmChartContainer - [hivemq-test-hivemq-platform] [hivemq-platform-operator] [52a2fb00] 21:19:43.914 [pool-6-thread-3] DEBUG c.h.p.o.dependants.PodInfoConfigMap - [helmroll] Desired PodInfo ConfigMap (1 extensions) (1 enabled)
2025-01-28 21:19:43,918 INFO c.h.h.t.HelmChartContainer - [hivemq-test-hivemq-platform] [hivemq-platform-operator] [52a2fb00] 21:19:43.914 [pool-6-thread-3] DEBUG c.h.p.o.dependants.PodInfoConfigMap - [helmroll] Desired PodInfo ConfigMap (metrics port: 9399) (metrics path: /)
2025-01-28 21:19:43,918 INFO c.h.h.t.HelmChartContainer - [hivemq-test-hivemq-platform] [hivemq-platform-operator] [52a2fb00] 21:19:43.915 [pool-6-thread-3] DEBUG c.h.p.o.dependants.PodInfoConfigMap - [helmroll] Desired PodInfo ConfigMap (extension state hash: -1817474005)
2025-01-28 21:19:43,918 INFO c.h.h.t.HelmChartContainer - [hivemq-test-hivemq-platform] [hivemq-platform-operator] [52a2fb00] 21:19:43.917 [pool-6-thread-3] DEBUG c.h.p.o.dependants.PodInfoConfigMap - [helmroll] Create PodInfo ConfigMap
2025-01-28 21:19:44,022 INFO c.h.h.t.HelmChartContainer - [hivemq-test-hivemq-platform] [hivemq-platform-operator] [52a2fb00] 21:19:44.021 [pool-6-thread-5] DEBUG c.h.p.o.dependants.PodRoleResource - [helmroll] Create Role: Role(apiVersion=rbac.authorization.k8s.io/v1, kind=Role, metadata=ObjectMeta(annotations={meta.helm.sh/release-name=test-hivemq-platform, meta.helm.sh/release-namespace=helmrollingupgradeplatformit}, creationTimestamp=null, deletionGracePeriodSeconds=null, deletionTimestamp=null, finalizers=[], generateName=null, generation=null, labels={helm.sh/chart=hivemq-platform-0.2.31, app.kubernetes.io/managed-by=Helm, app.kubernetes.io/name=hivemq-platform, hivemq-platform=test-hivemq-platform, app.kubernetes.io/instance=test-hivemq-platform, app.kubernetes.io/version=4.35.0}, managedFields=[], name=hivemq-platform-role-test-hivemq-platform, namespace=helmrollingupgradeplatformit, ownerReferences=[OwnerReference(apiVersion=hivemq.com/v1, blockOwnerDeletion=null, controller=null, kind=HiveMQPlatform, name=test-hivemq-platform, uid=7e0e07bc-6b88-41c2-9678-8823152f8f96, additionalProperties={})], resourceVersion=null, selfLink=null, uid=null, additionalProperties={}), rules=[PolicyRule(apiGroups=[], nonResourceURLs=[], resourceNames=[], resources=[pods], verbs=[get, patch, update], additionalProperties={})], additionalProperties={})
2025-01-28 21:19:44,210 INFO c.h.h.t.HelmChartContainer - [hivemq-test-hivemq-platform] [hivemq-platform-operator] [52a2fb00] 21:19:44.208 [pool-6-thread-7] DEBUG c.h.p.o.d.PodServiceAccountResource - [helmroll] Desired PodServiceAccountResource (serviceAccountName: hivemq-platform-pod-test-hivemq-platform)
2025-01-28 21:19:44,211 INFO c.h.h.t.HelmChartContainer - [hivemq-test-hivemq-platform] [hivemq-platform-operator] [52a2fb00] 21:19:44.210 [pool-6-thread-7] DEBUG c.h.p.o.d.PodServiceAccountResource - [helmroll] Create ServiceAccount 'hivemq-platform-pod-test-hivemq-platform'
2025-01-28 21:19:44,320 INFO c.h.h.t.HelmChartContainer - [hivemq-test-hivemq-platform] [hivemq-platform-operator] [52a2fb00] 21:19:44.319 [pool-6-thread-10] DEBUG c.h.p.o.d.PodRoleBindingResource - [helmroll] Create RoleBinding: RoleBinding(apiVersion=rbac.authorization.k8s.io/v1, kind=RoleBinding, metadata=ObjectMeta(annotations={meta.helm.sh/release-name=test-hivemq-platform, meta.helm.sh/release-namespace=helmrollingupgradeplatformit}, creationTimestamp=null, deletionGracePeriodSeconds=null, deletionTimestamp=null, finalizers=[], generateName=null, generation=null, labels={helm.sh/chart=hivemq-platform-0.2.31, app.kubernetes.io/managed-by=Helm, app.kubernetes.io/name=hivemq-platform, hivemq-platform=test-hivemq-platform, app.kubernetes.io/instance=test-hivemq-platform, app.kubernetes.io/version=4.35.0}, managedFields=[], name=hivemq-platform-role-binding-test-hivemq-platform, namespace=helmrollingupgradeplatformit, ownerReferences=[OwnerReference(apiVersion=hivemq.com/v1, blockOwnerDeletion=null, controller=null, kind=HiveMQPlatform, name=test-hivemq-platform, uid=7e0e07bc-6b88-41c2-9678-8823152f8f96, additionalProperties={})], resourceVersion=null, selfLink=null, uid=null, additionalProperties={}), roleRef=RoleRef(apiGroup=rbac.authorization.k8s.io, kind=Role, name=hivemq-platform-role-test-hivemq-platform, additionalProperties={}), subjects=[Subject(apiGroup=null, kind=ServiceAccount, name=hivemq-platform-pod-test-hivemq-platform, namespace=helmrollingupgradeplatformit, additionalProperties={})], additionalProperties={})
2025-01-28 21:19:44,411 INFO c.h.h.t.HelmChartContainer - [hivemq-test-hivemq-platform] [hivemq-platform-operator] [52a2fb00] 21:19:44.408 [ReconcilerExecutor-hivemq-controller-55] INFO  c.h.p.o.HiveMQPlatformReconciler - [helmroll] Reconciling HiveMQ Platform 'test-hivemq-platform' in namespace 'helmrollingupgradeplatformit'
2025-01-28 21:19:44,411 INFO c.h.h.t.HelmChartContainer - [hivemq-test-hivemq-platform] [hivemq-platform-operator] [52a2fb00] 21:19:44.409 [ReconcilerExecutor-hivemq-controller-55] DEBUG c.h.p.o.HiveMQPlatformReconciler - [helmroll] Custom Resource Status CREATED - HiveMQ Platform was created (READY)
2025-01-28 21:19:44,411 INFO c.h.h.t.HelmChartContainer - [hivemq-test-hivemq-platform] [hivemq-platform-operator] [52a2fb00] 21:19:44.409 [ReconcilerExecutor-hivemq-controller-55] DEBUG c.h.p.o.HiveMQPlatformReconciler - [helmroll] Custom Resource Spec (replicas: 1) (extensions: 1)
2025-01-28 21:19:44,413 INFO c.h.h.t.HelmChartContainer - [hivemq-test-hivemq-platform] [hivemq-platform-operator] [52a2fb00] 21:19:44.412 [ReconcilerExecutor-hivemq-controller-55] INFO  c.h.p.o.h.HiveMQPlatformReconcilerBaseHandler - [helmroll] HiveMQ Platform is starting
2025-01-28 21:19:44,519 INFO c.h.h.t.HelmChartContainer - [hivemq-test-hivemq-platform] [hivemq-platform-operator] [52a2fb00] 21:19:44.519 [ReconcilerExecutor-hivemq-controller-55] DEBUG c.h.p.operator.event.EventSender - [helmroll] Creating K8s event hivemq-platform-starting: [Start] HiveMQ Platform is starting
2025-01-28 21:19:44,534 INFO c.h.h.t.HelmChartContainer - [EVENT] Normal [Start] HiveMQ Platform is starting [helmrollingupgradeplatformit:test-hivemq-platform]
2025-01-28 21:19:44,612 INFO c.h.h.t.HelmChartContainer - [hivemq-test-hivemq-platform] [hivemq-platform-operator] [52a2fb00] 21:19:44.610 [ReconcilerExecutor-hivemq-controller-55] INFO  c.h.p.o.h.AbstractHiveMQReconcilerStateHandler - [helmroll] Update HiveMQ Platform Status (CREATED [READY] -> STARTING [READY]): HiveMQ Platform is starting
2025-01-28 21:19:44,626 DEBUG com.hivemq.helmcharts.util.K8sUtil - Comparing actual state 'STARTING' and waiting for 'RUNNING'
2025-01-28 21:19:54,715 INFO c.h.h.t.HelmChartContainer - [hivemq-test-hivemq-platform] [hivemq-platform-operator] [52a2fb00] 21:19:54.711 [pool-6-thread-12] DEBUG c.h.p.o.d.PlatformServiceResource - [helmroll] Desired Platform services (3 services)
2025-01-28 21:19:54,716 INFO c.h.h.t.HelmChartContainer - [hivemq-test-hivemq-platform] [hivemq-platform-operator] [52a2fb00] 21:19:54.713 [pool-6-thread-13] DEBUG c.h.p.o.dependants.PodInfoConfigMap - [helmroll] Desired PodInfo ConfigMap (1 extensions) (1 enabled)
2025-01-28 21:19:54,716 INFO c.h.h.t.HelmChartContainer - [hivemq-test-hivemq-platform] [hivemq-platform-operator] [52a2fb00] 21:19:54.713 [pool-6-thread-13] DEBUG c.h.p.o.dependants.PodInfoConfigMap - [helmroll] Desired PodInfo ConfigMap (metrics port: 9399) (metrics path: /)
2025-01-28 21:19:54,716 INFO c.h.h.t.HelmChartContainer - [hivemq-test-hivemq-platform] [hivemq-platform-operator] [52a2fb00] 21:19:54.713 [pool-6-thread-13] DEBUG c.h.p.o.dependants.PodInfoConfigMap - [helmroll] Desired PodInfo ConfigMap (extension state hash: -1817474005)
2025-01-28 21:19:54,719 INFO c.h.h.t.HelmChartContainer - [hivemq-test-hivemq-platform] [hivemq-platform-operator] [52a2fb00] 21:19:54.717 [pool-6-thread-13] DEBUG c.h.p.o.dependants.PodInfoConfigMap - [helmroll] Update PodInfo ConfigMap
2025-01-28 21:19:54,722 INFO c.h.h.t.HelmChartContainer - [hivemq-test-hivemq-platform] [hivemq-platform-operator] [52a2fb00] 21:19:54.718 [pool-6-thread-17] DEBUG c.h.p.o.d.PodServiceAccountResource - [helmroll] Desired PodServiceAccountResource (serviceAccountName: hivemq-platform-pod-test-hivemq-platform)
2025-01-28 21:19:54,816 INFO c.h.h.t.HelmChartContainer - [K3S] [alloc.go:330] "allocated clusterIPs" service="helmrollingupgradeplatformit/hivemq-test-hivemq-platform-cc-8080" clusterIPs={"IPv4":"10.43.195.111"}
2025-01-28 21:19:54,834 INFO c.h.h.t.HelmChartContainer - [K3S] [alloc.go:330] "allocated clusterIPs" service="helmrollingupgradeplatformit/hivemq-test-hivemq-platform-metrics-9399" clusterIPs={"IPv4":"10.43.147.110"}
2025-01-28 21:19:54,915 INFO c.h.h.t.HelmChartContainer - [K3S] [alloc.go:330] "allocated clusterIPs" service="helmrollingupgradeplatformit/hivemq-test-hivemq-platform-mqtt-1883" clusterIPs={"IPv4":"10.43.200.159"}
2025-01-28 21:19:54,922 INFO c.h.h.t.HelmChartContainer - [hivemq-test-hivemq-platform] [hivemq-platform-operator] [52a2fb00] 21:19:54.921 [pool-6-thread-20] DEBUG c.h.p.o.d.StatefulSetResource - [helmroll] Desired StatefulSet (1 replicas) for status STARTING (READY)
2025-01-28 21:19:55,012 INFO c.h.h.t.HelmChartContainer - [hivemq-test-hivemq-platform] [hivemq-platform-operator] [52a2fb00] 21:19:55.010 [pool-6-thread-20] DEBUG c.h.p.o.d.StatefulSetResource - [helmroll] Create StatefulSet
2025-01-28 21:19:55,042 INFO c.h.h.t.HelmChartContainer - [POD] test-hivemq-platform-0 [b0d502c2-b2e2-4658-b2a0-5ddb9414f60b] in helmrollingupgradeplatformit was ADDED
2025-01-28 21:19:55,043 INFO c.h.h.t.HelmChartContainer - [EVENT] Normal [SuccessfulCreate] create Pod test-hivemq-platform-0 in StatefulSet test-hivemq-platform successful [helmrollingupgradeplatformit:test-hivemq-platform]
2025-01-28 21:19:55,049 INFO c.h.h.t.HelmChartContainer - [POD] test-hivemq-platform-0 [b0d502c2-b2e2-4658-b2a0-5ddb9414f60b] in helmrollingupgradeplatformit was MODIFIED
2025-01-28 21:19:55,051 INFO c.h.h.t.HelmChartContainer - [EVENT] Normal [Scheduled] Successfully assigned helmrollingupgradeplatformit/test-hivemq-platform-0 to 76827e36d767 [helmrollingupgradeplatformit:test-hivemq-platform-0]
2025-01-28 21:19:55,058 INFO c.h.h.t.HelmChartContainer - [POD] test-hivemq-platform-0 [b0d502c2-b2e2-4658-b2a0-5ddb9414f60b] in helmrollingupgradeplatformit was MODIFIED
2025-01-28 21:19:55,113 INFO c.h.h.t.HelmChartContainer - [K3S] [reconciler_common.go:251] "operationExecutor.VerifyControllerAttachedVolume started for volume \"broker-configuration\" (UniqueName: \"kubernetes.io/configmap/b0d502c2-b2e2-4658-b2a0-5ddb9414f60b-broker-configuration\") pod \"test-hivemq-platform-0\" (UID: \"b0d502c2-b2e2-4658-b2a0-5ddb9414f60b\") " pod="helmrollingupgradeplatformit/test-hivemq-platform-0"
2025-01-28 21:19:55,113 INFO c.h.h.t.HelmChartContainer - [hivemq-test-hivemq-platform] [hivemq-platform-operator] [52a2fb00] 21:19:55.107 [ReconcilerExecutor-hivemq-controller-66] INFO  c.h.p.o.HiveMQPlatformReconciler - [helmroll] Reconciling HiveMQ Platform 'test-hivemq-platform' in namespace 'helmrollingupgradeplatformit'
2025-01-28 21:19:55,113 INFO c.h.h.t.HelmChartContainer - [hivemq-test-hivemq-platform] [hivemq-platform-operator] [52a2fb00] 21:19:55.107 [ReconcilerExecutor-hivemq-controller-66] DEBUG c.h.p.o.HiveMQPlatformReconciler - [helmroll] Custom Resource Status STARTING - HiveMQ Platform is starting (READY)
2025-01-28 21:19:55,113 INFO c.h.h.t.HelmChartContainer - [hivemq-test-hivemq-platform] [hivemq-platform-operator] [52a2fb00] 21:19:55.107 [ReconcilerExecutor-hivemq-controller-66] DEBUG c.h.p.o.HiveMQPlatformReconciler - [helmroll] Custom Resource Spec (replicas: 1) (extensions: 1)
2025-01-28 21:19:55,113 INFO c.h.h.t.HelmChartContainer - [hivemq-test-hivemq-platform] [hivemq-platform-operator] [52a2fb00] 21:19:55.109 [ReconcilerExecutor-hivemq-controller-66] DEBUG c.h.p.o.HiveMQPlatformReconciler - [helmroll] StatefulSet Status (revision: null, replicas: 0, available: 0, ready: 0, current: 0, updated: 0)
2025-01-28 21:19:55,113 INFO c.h.h.t.HelmChartContainer - [K3S] [reconciler_common.go:251] "operationExecutor.VerifyControllerAttachedVolume started for volume \"operator-init\" (UniqueName: \"kubernetes.io/empty-dir/b0d502c2-b2e2-4658-b2a0-5ddb9414f60b-operator-init\") pod \"test-hivemq-platform-0\" (UID: \"b0d502c2-b2e2-4658-b2a0-5ddb9414f60b\") " pod="helmrollingupgradeplatformit/test-hivemq-platform-0"
2025-01-28 21:19:55,113 INFO c.h.h.t.HelmChartContainer - [hivemq-test-hivemq-platform] [hivemq-platform-operator] [52a2fb00] 21:19:55.109 [ReconcilerExecutor-hivemq-controller-66] DEBUG c.h.p.o.HiveMQPlatformReconciler - [helmroll] StatefulSet Spec (replicas: 1, init containers: 1, containers: 1, volumes: 3)
2025-01-28 21:19:55,113 INFO c.h.h.t.HelmChartContainer - [K3S] [reconciler_common.go:251] "operationExecutor.VerifyControllerAttachedVolume started for volume \"kube-api-access-x5rvq\" (UniqueName: \"kubernetes.io/projected/b0d502c2-b2e2-4658-b2a0-5ddb9414f60b-kube-api-access-x5rvq\") pod \"test-hivemq-platform-0\" (UID: \"b0d502c2-b2e2-4658-b2a0-5ddb9414f60b\") " pod="helmrollingupgradeplatformit/test-hivemq-platform-0"
2025-01-28 21:19:55,113 INFO c.h.h.t.HelmChartContainer - [K3S] [reconciler_common.go:251] "operationExecutor.VerifyControllerAttachedVolume started for volume \"pod-info\" (UniqueName: \"kubernetes.io/configmap/b0d502c2-b2e2-4658-b2a0-5ddb9414f60b-pod-info\") pod \"test-hivemq-platform-0\" (UID: \"b0d502c2-b2e2-4658-b2a0-5ddb9414f60b\") " pod="helmrollingupgradeplatformit/test-hivemq-platform-0"
2025-01-28 21:19:55,215 INFO c.h.h.t.HelmChartContainer - [hivemq-test-hivemq-platform] [hivemq-platform-operator] [52a2fb00] 21:19:55.213 [ReconcilerExecutor-hivemq-controller-66] DEBUG c.h.p.o.h.HiveMQPlatformReconcilerErrorHandler - [helmroll] Pod 'test-hivemq-platform-0' phase Pending
2025-01-28 21:19:55,217 INFO c.h.h.t.HelmChartContainer - [hivemq-test-hivemq-platform] [hivemq-platform-operator] [52a2fb00] 21:19:55.215 [ReconcilerExecutor-hivemq-controller-66] INFO  c.h.p.o.h.HiveMQPlatformReconcilerBaseHandler - [helmroll] HiveMQ Platform is starting, 0 of 1 replicas are ready
2025-01-28 21:19:55,223 INFO c.h.h.t.HelmChartContainer - [hivemq-test-hivemq-platform] [hivemq-platform-operator] [52a2fb00] 21:19:55.221 [pool-6-thread-22] DEBUG c.h.p.o.d.PlatformServiceResource - [helmroll] Desired Platform services (3 services)
2025-01-28 21:19:55,223 INFO c.h.h.t.HelmChartContainer - [hivemq-test-hivemq-platform] [hivemq-platform-operator] [52a2fb00] 21:19:55.222 [pool-6-thread-23] DEBUG c.h.p.o.dependants.PodInfoConfigMap - [helmroll] Desired PodInfo ConfigMap (1 extensions) (1 enabled)
2025-01-28 21:19:55,223 INFO c.h.h.t.HelmChartContainer - [hivemq-test-hivemq-platform] [hivemq-platform-operator] [52a2fb00] 21:19:55.222 [pool-6-thread-23] DEBUG c.h.p.o.dependants.PodInfoConfigMap - [helmroll] Desired PodInfo ConfigMap (metrics port: 9399) (metrics path: /)
2025-01-28 21:19:55,223 INFO c.h.h.t.HelmChartContainer - [hivemq-test-hivemq-platform] [hivemq-platform-operator] [52a2fb00] 21:19:55.222 [pool-6-thread-23] DEBUG c.h.p.o.dependants.PodInfoConfigMap - [helmroll] Desired PodInfo ConfigMap (extension state hash: -1817474005)
2025-01-28 21:19:55,309 INFO c.h.h.t.HelmChartContainer - [hivemq-test-hivemq-platform] [hivemq-platform-operator] [52a2fb00] 21:19:55.307 [pool-6-thread-27] DEBUG c.h.p.o.d.PodServiceAccountResource - [helmroll] Desired PodServiceAccountResource (serviceAccountName: hivemq-platform-pod-test-hivemq-platform)
2025-01-28 21:19:55,318 INFO c.h.h.t.HelmChartContainer - [hivemq-test-hivemq-platform] [hivemq-platform-operator] [52a2fb00] 21:19:55.317 [pool-6-thread-30] DEBUG c.h.p.o.d.StatefulSetResource - [helmroll] Desired StatefulSet (1 replicas) for status STARTING (READY)
2025-01-28 21:19:55,410 INFO c.h.h.t.HelmChartContainer - [hivemq-test-hivemq-platform] [hivemq-platform-operator] [52a2fb00] 21:19:55.407 [ReconcilerExecutor-hivemq-controller-77] INFO  c.h.p.o.HiveMQPlatformReconciler - [helmroll] Reconciling HiveMQ Platform 'test-hivemq-platform' in namespace 'helmrollingupgradeplatformit'
2025-01-28 21:19:55,410 INFO c.h.h.t.HelmChartContainer - [hivemq-test-hivemq-platform] [hivemq-platform-operator] [52a2fb00] 21:19:55.407 [ReconcilerExecutor-hivemq-controller-77] DEBUG c.h.p.o.HiveMQPlatformReconciler - [helmroll] Custom Resource Status STARTING - HiveMQ Platform is starting (READY)
2025-01-28 21:19:55,410 INFO c.h.h.t.HelmChartContainer - [hivemq-test-hivemq-platform] [hivemq-platform-operator] [52a2fb00] 21:19:55.407 [ReconcilerExecutor-hivemq-controller-77] DEBUG c.h.p.o.HiveMQPlatformReconciler - [helmroll] Custom Resource Spec (replicas: 1) (extensions: 1)
2025-01-28 21:19:55,413 INFO c.h.h.t.HelmChartContainer - [hivemq-test-hivemq-platform] [hivemq-platform-operator] [52a2fb00] 21:19:55.412 [ReconcilerExecutor-hivemq-controller-77] DEBUG c.h.p.o.HiveMQPlatformReconciler - [helmroll] StatefulSet Status (revision: test-hivemq-platform-54c4467984, replicas: 1, available: 0, ready: 0, current: 1, updated: 1)
2025-01-28 21:19:55,413 INFO c.h.h.t.HelmChartContainer - [hivemq-test-hivemq-platform] [hivemq-platform-operator] [52a2fb00] 21:19:55.412 [ReconcilerExecutor-hivemq-controller-77] DEBUG c.h.p.o.HiveMQPlatformReconciler - [helmroll] StatefulSet Spec (replicas: 1, init containers: 1, containers: 1, volumes: 3)
2025-01-28 21:19:55,420 INFO c.h.h.t.HelmChartContainer - [hivemq-test-hivemq-platform] [hivemq-platform-operator] [52a2fb00] 21:19:55.419 [ReconcilerExecutor-hivemq-controller-77] DEBUG c.h.p.o.h.HiveMQPlatformReconcilerErrorHandler - [helmroll] Pod 'test-hivemq-platform-0' phase Pending
2025-01-28 21:19:55,421 INFO c.h.h.t.HelmChartContainer - [hivemq-test-hivemq-platform] [hivemq-platform-operator] [52a2fb00] 21:19:55.419 [ReconcilerExecutor-hivemq-controller-77] DEBUG c.h.p.o.h.HiveMQPlatformReconcilerErrorHandler - [helmroll] Pod 'test-hivemq-platform-0' condition 'PodReadyToStartContainers': False
2025-01-28 21:19:55,422 INFO c.h.h.t.HelmChartContainer - [hivemq-test-hivemq-platform] [hivemq-platform-operator] [52a2fb00] 21:19:55.420 [ReconcilerExecutor-hivemq-controller-77] DEBUG c.h.p.o.h.HiveMQPlatformReconcilerErrorHandler - [helmroll] Pod 'test-hivemq-platform-0' condition 'Initialized': False
2025-01-28 21:19:55,422 INFO c.h.h.t.HelmChartContainer - [hivemq-test-hivemq-platform] [hivemq-platform-operator] [52a2fb00] 21:19:55.420 [ReconcilerExecutor-hivemq-controller-77] DEBUG c.h.p.o.h.HiveMQPlatformReconcilerErrorHandler - [helmroll] Pod 'test-hivemq-platform-0' condition 'Ready': False
2025-01-28 21:19:55,422 INFO c.h.h.t.HelmChartContainer - [hivemq-test-hivemq-platform] [hivemq-platform-operator] [52a2fb00] 21:19:55.420 [ReconcilerExecutor-hivemq-controller-77] DEBUG c.h.p.o.h.HiveMQPlatformReconcilerErrorHandler - [helmroll] Pod 'test-hivemq-platform-0' condition 'ContainersReady': False
2025-01-28 21:19:55,422 INFO c.h.h.t.HelmChartContainer - [hivemq-test-hivemq-platform] [hivemq-platform-operator] [52a2fb00] 21:19:55.420 [ReconcilerExecutor-hivemq-controller-77] DEBUG c.h.p.o.h.HiveMQPlatformReconcilerErrorHandler - [helmroll] Pod 'test-hivemq-platform-0' condition 'PodScheduled': True
2025-01-28 21:19:55,422 INFO c.h.h.t.HelmChartContainer - [hivemq-test-hivemq-platform] [hivemq-platform-operator] [52a2fb00] 21:19:55.420 [ReconcilerExecutor-hivemq-controller-77] DEBUG c.h.p.o.h.HiveMQPlatformReconcilerErrorHandler - [helmroll] Pod 'test-hivemq-platform-0' containerStatus 'hivemq' (started: false) (ready: false) (waiting: [PodInitializing] null)
2025-01-28 21:19:55,423 INFO c.h.h.t.HelmChartContainer - [hivemq-test-hivemq-platform] [hivemq-platform-operator] [52a2fb00] 21:19:55.422 [ReconcilerExecutor-hivemq-controller-77] INFO  c.h.p.o.h.HiveMQPlatformReconcilerBaseHandler - [helmroll] HiveMQ Platform is starting, 0 of 1 replicas are ready
2025-01-28 21:19:55,452 INFO c.h.h.t.HelmChartContainer - [EVENT] Normal [Pulled] Container image "docker.io/hivemq/hivemq-platform-operator-init-test:snapshot" already present on machine [helmrollingupgradeplatformit:test-hivemq-platform-0]
2025-01-28 21:19:55,597 INFO c.h.h.t.HelmChartContainer - [EVENT] Normal [Created] Created container: hivemq-platform-operator-init [helmrollingupgradeplatformit:test-hivemq-platform-0]
2025-01-28 21:19:55,635 INFO c.h.h.t.HelmChartContainer - [EVENT] Normal [Started] Started container hivemq-platform-operator-init [helmrollingupgradeplatformit:test-hivemq-platform-0]
2025-01-28 21:19:56,606 INFO c.h.h.t.HelmChartContainer - [EVENT] Normal [Pulling] Pulling image "docker.io/hivemq/hivemq4:4.35.0" [helmrollingupgradeplatformit:test-hivemq-platform-0]
2025-01-28 21:19:56,606 INFO c.h.h.t.HelmChartContainer - Received Pulling event for container hivemq in pod test-hivemq-platform-0 [b0d502c2-b2e2-4658-b2a0-5ddb9414f60b]
2025-01-28 21:19:56,613 INFO c.h.h.t.HelmChartContainer - [POD] test-hivemq-platform-0 [b0d502c2-b2e2-4658-b2a0-5ddb9414f60b] in helmrollingupgradeplatformit was MODIFIED
2025-01-28 21:19:56,638 INFO c.h.h.t.HelmChartContainer - [hivemq-test-hivemq-platform] [hivemq-platform-operator] [52a2fb00] 21:19:56.626 [pool-6-thread-32] DEBUG c.h.p.o.d.PlatformServiceResource - [helmroll] Desired Platform services (3 services)
2025-01-28 21:19:56,639 INFO c.h.h.t.HelmChartContainer - [hivemq-test-hivemq-platform] [hivemq-platform-operator] [52a2fb00] 21:19:56.627 [pool-6-thread-33] DEBUG c.h.p.o.dependants.PodInfoConfigMap - [helmroll] Desired PodInfo ConfigMap (1 extensions) (1 enabled)
2025-01-28 21:19:56,639 INFO c.h.h.t.HelmChartContainer - [hivemq-test-hivemq-platform] [hivemq-platform-operator] [52a2fb00] 21:19:56.630 [pool-6-thread-33] DEBUG c.h.p.o.dependants.PodInfoConfigMap - [helmroll] Desired PodInfo ConfigMap (metrics port: 9399) (metrics path: /)
2025-01-28 21:19:56,639 INFO c.h.h.t.HelmChartContainer - [hivemq-test-hivemq-platform] [hivemq-platform-operator] [52a2fb00] 21:19:56.630 [pool-6-thread-33] DEBUG c.h.p.o.dependants.PodInfoConfigMap - [helmroll] Desired PodInfo ConfigMap (extension state hash: -1817474005)
2025-01-28 21:19:56,639 INFO c.h.h.t.HelmChartContainer - [hivemq-test-hivemq-platform] [hivemq-platform-operator] [52a2fb00] 21:19:56.632 [pool-6-thread-37] DEBUG c.h.p.o.d.PodServiceAccountResource - [helmroll] Desired PodServiceAccountResource (serviceAccountName: hivemq-platform-pod-test-hivemq-platform)
2025-01-28 21:19:56,713 INFO c.h.h.t.HelmChartContainer - [hivemq-test-hivemq-platform] [hivemq-platform-operator] [52a2fb00] 21:19:56.711 [pool-6-thread-40] DEBUG c.h.p.o.d.StatefulSetResource - [helmroll] Desired StatefulSet (1 replicas) for status STARTING (READY)
2025-01-28 21:19:56,716 INFO c.h.h.t.HelmChartContainer - [hivemq-test-hivemq-platform] [hivemq-platform-operator] [52a2fb00] 21:19:56.715 [ReconcilerExecutor-hivemq-controller-88] INFO  c.h.p.o.HiveMQPlatformReconciler - [helmroll] Reconciling HiveMQ Platform 'test-hivemq-platform' in namespace 'helmrollingupgradeplatformit'
2025-01-28 21:19:56,717 INFO c.h.h.t.HelmChartContainer - [hivemq-test-hivemq-platform] [hivemq-platform-operator] [52a2fb00] 21:19:56.716 [ReconcilerExecutor-hivemq-controller-88] DEBUG c.h.p.o.HiveMQPlatformReconciler - [helmroll] Custom Resource Status STARTING - HiveMQ Platform is starting (READY)
2025-01-28 21:19:56,717 INFO c.h.h.t.HelmChartContainer - [hivemq-test-hivemq-platform] [hivemq-platform-operator] [52a2fb00] 21:19:56.716 [ReconcilerExecutor-hivemq-controller-88] DEBUG c.h.p.o.HiveMQPlatformReconciler - [helmroll] Custom Resource Spec (replicas: 1) (extensions: 1)
2025-01-28 21:19:56,720 INFO c.h.h.t.HelmChartContainer - [hivemq-test-hivemq-platform] [hivemq-platform-operator] [52a2fb00] 21:19:56.718 [ReconcilerExecutor-hivemq-controller-88] DEBUG c.h.p.o.HiveMQPlatformReconciler - [helmroll] StatefulSet Status (revision: test-hivemq-platform-54c4467984, replicas: 1, available: 0, ready: 0, current: 1, updated: 1)
2025-01-28 21:19:56,720 INFO c.h.h.t.HelmChartContainer - [hivemq-test-hivemq-platform] [hivemq-platform-operator] [52a2fb00] 21:19:56.718 [ReconcilerExecutor-hivemq-controller-88] DEBUG c.h.p.o.HiveMQPlatformReconciler - [helmroll] StatefulSet Spec (replicas: 1, init containers: 1, containers: 1, volumes: 3)
2025-01-28 21:19:56,723 INFO c.h.h.t.HelmChartContainer - [hivemq-test-hivemq-platform] [hivemq-platform-operator] [52a2fb00] 21:19:56.721 [ReconcilerExecutor-hivemq-controller-88] DEBUG c.h.p.o.h.HiveMQPlatformReconcilerErrorHandler - [helmroll] Pod 'test-hivemq-platform-0' phase Pending
2025-01-28 21:19:56,723 INFO c.h.h.t.HelmChartContainer - [hivemq-test-hivemq-platform] [hivemq-platform-operator] [52a2fb00] 21:19:56.721 [ReconcilerExecutor-hivemq-controller-88] DEBUG c.h.p.o.h.HiveMQPlatformReconcilerErrorHandler - [helmroll] Pod 'test-hivemq-platform-0' condition 'PodReadyToStartContainers': True
2025-01-28 21:19:56,723 INFO c.h.h.t.HelmChartContainer - [hivemq-test-hivemq-platform] [hivemq-platform-operator] [52a2fb00] 21:19:56.721 [ReconcilerExecutor-hivemq-controller-88] DEBUG c.h.p.o.h.HiveMQPlatformReconcilerErrorHandler - [helmroll] Pod 'test-hivemq-platform-0' condition 'Initialized': True
2025-01-28 21:19:56,723 INFO c.h.h.t.HelmChartContainer - [hivemq-test-hivemq-platform] [hivemq-platform-operator] [52a2fb00] 21:19:56.721 [ReconcilerExecutor-hivemq-controller-88] DEBUG c.h.p.o.h.HiveMQPlatformReconcilerErrorHandler - [helmroll] Pod 'test-hivemq-platform-0' condition 'Ready': False
2025-01-28 21:19:56,723 INFO c.h.h.t.HelmChartContainer - [hivemq-test-hivemq-platform] [hivemq-platform-operator] [52a2fb00] 21:19:56.721 [ReconcilerExecutor-hivemq-controller-88] DEBUG c.h.p.o.h.HiveMQPlatformReconcilerErrorHandler - [helmroll] Pod 'test-hivemq-platform-0' condition 'ContainersReady': False
2025-01-28 21:19:56,723 INFO c.h.h.t.HelmChartContainer - [hivemq-test-hivemq-platform] [hivemq-platform-operator] [52a2fb00] 21:19:56.721 [ReconcilerExecutor-hivemq-controller-88] DEBUG c.h.p.o.h.HiveMQPlatformReconcilerErrorHandler - [helmroll] Pod 'test-hivemq-platform-0' condition 'PodScheduled': True
2025-01-28 21:19:56,723 INFO c.h.h.t.HelmChartContainer - [hivemq-test-hivemq-platform] [hivemq-platform-operator] [52a2fb00] 21:19:56.721 [ReconcilerExecutor-hivemq-controller-88] DEBUG c.h.p.o.h.HiveMQPlatformReconcilerErrorHandler - [helmroll] Pod 'test-hivemq-platform-0' containerStatus 'hivemq' (started: false) (ready: false) (waiting: [PodInitializing] null)
2025-01-28 21:19:56,723 INFO c.h.h.t.HelmChartContainer - [hivemq-test-hivemq-platform] [hivemq-platform-operator] [52a2fb00] 21:19:56.722 [ReconcilerExecutor-hivemq-controller-88] INFO  c.h.p.o.h.HiveMQPlatformReconcilerBaseHandler - [helmroll] HiveMQ Platform is starting, 0 of 1 replicas are ready
2025-01-28 21:20:06,733 INFO c.h.h.t.HelmChartContainer - [hivemq-test-hivemq-platform] [hivemq-platform-operator] [52a2fb00] 21:20:06.732 [pool-6-thread-42] DEBUG c.h.p.o.d.PlatformServiceResource - [helmroll] Desired Platform services (3 services)
2025-01-28 21:20:06,741 INFO c.h.h.t.HelmChartContainer - [hivemq-test-hivemq-platform] [hivemq-platform-operator] [52a2fb00] 21:20:06.738 [pool-6-thread-43] DEBUG c.h.p.o.dependants.PodInfoConfigMap - [helmroll] Desired PodInfo ConfigMap (1 extensions) (1 enabled)
2025-01-28 21:20:06,741 INFO c.h.h.t.HelmChartContainer - [hivemq-test-hivemq-platform] [hivemq-platform-operator] [52a2fb00] 21:20:06.739 [pool-6-thread-43] DEBUG c.h.p.o.dependants.PodInfoConfigMap - [helmroll] Desired PodInfo ConfigMap (metrics port: 9399) (metrics path: /)
2025-01-28 21:20:06,741 INFO c.h.h.t.HelmChartContainer - [hivemq-test-hivemq-platform] [hivemq-platform-operator] [52a2fb00] 21:20:06.739 [pool-6-thread-43] DEBUG c.h.p.o.dependants.PodInfoConfigMap - [helmroll] Desired PodInfo ConfigMap (extension state hash: -1817474005)
2025-01-28 21:20:06,749 INFO c.h.h.t.HelmChartContainer - [hivemq-test-hivemq-platform] [hivemq-platform-operator] [52a2fb00] 21:20:06.741 [pool-6-thread-47] DEBUG c.h.p.o.d.PodServiceAccountResource - [helmroll] Desired PodServiceAccountResource (serviceAccountName: hivemq-platform-pod-test-hivemq-platform)
2025-01-28 21:20:06,811 INFO c.h.h.t.HelmChartContainer - [hivemq-test-hivemq-platform] [hivemq-platform-operator] [52a2fb00] 21:20:06.808 [pool-6-thread-50] DEBUG c.h.p.o.d.StatefulSetResource - [helmroll] Desired StatefulSet (1 replicas) for status STARTING (READY)
2025-01-28 21:20:06,815 INFO c.h.h.t.HelmChartContainer - [hivemq-test-hivemq-platform] [hivemq-platform-operator] [52a2fb00] 21:20:06.813 [ReconcilerExecutor-hivemq-controller-99] INFO  c.h.p.o.HiveMQPlatformReconciler - [helmroll] Reconciling HiveMQ Platform 'test-hivemq-platform' in namespace 'helmrollingupgradeplatformit'
2025-01-28 21:20:06,815 INFO c.h.h.t.HelmChartContainer - [hivemq-test-hivemq-platform] [hivemq-platform-operator] [52a2fb00] 21:20:06.814 [ReconcilerExecutor-hivemq-controller-99] DEBUG c.h.p.o.HiveMQPlatformReconciler - [helmroll] Custom Resource Status STARTING - HiveMQ Platform is starting (READY)
2025-01-28 21:20:06,816 INFO c.h.h.t.HelmChartContainer - [hivemq-test-hivemq-platform] [hivemq-platform-operator] [52a2fb00] 21:20:06.814 [ReconcilerExecutor-hivemq-controller-99] DEBUG c.h.p.o.HiveMQPlatformReconciler - [helmroll] Custom Resource Spec (replicas: 1) (extensions: 1)
2025-01-28 21:20:06,817 INFO c.h.h.t.HelmChartContainer - [hivemq-test-hivemq-platform] [hivemq-platform-operator] [52a2fb00] 21:20:06.816 [ReconcilerExecutor-hivemq-controller-99] DEBUG c.h.p.o.HiveMQPlatformReconciler - [helmroll] StatefulSet Status (revision: test-hivemq-platform-54c4467984, replicas: 1, available: 0, ready: 0, current: 1, updated: 1)
2025-01-28 21:20:06,817 INFO c.h.h.t.HelmChartContainer - [hivemq-test-hivemq-platform] [hivemq-platform-operator] [52a2fb00] 21:20:06.816 [ReconcilerExecutor-hivemq-controller-99] DEBUG c.h.p.o.HiveMQPlatformReconciler - [helmroll] StatefulSet Spec (replicas: 1, init containers: 1, containers: 1, volumes: 3)
2025-01-28 21:20:06,822 INFO c.h.h.t.HelmChartContainer - [hivemq-test-hivemq-platform] [hivemq-platform-operator] [52a2fb00] 21:20:06.818 [ReconcilerExecutor-hivemq-controller-99] DEBUG c.h.p.o.h.HiveMQPlatformReconcilerErrorHandler - [helmroll] Pod 'test-hivemq-platform-0' phase Pending
2025-01-28 21:20:06,822 INFO c.h.h.t.HelmChartContainer - [hivemq-test-hivemq-platform] [hivemq-platform-operator] [52a2fb00] 21:20:06.818 [ReconcilerExecutor-hivemq-controller-99] DEBUG c.h.p.o.h.HiveMQPlatformReconcilerErrorHandler - [helmroll] Pod 'test-hivemq-platform-0' condition 'PodReadyToStartContainers': True
2025-01-28 21:20:06,822 INFO c.h.h.t.HelmChartContainer - [hivemq-test-hivemq-platform] [hivemq-platform-operator] [52a2fb00] 21:20:06.819 [ReconcilerExecutor-hivemq-controller-99] DEBUG c.h.p.o.h.HiveMQPlatformReconcilerErrorHandler - [helmroll] Pod 'test-hivemq-platform-0' condition 'Initialized': True
2025-01-28 21:20:06,822 INFO c.h.h.t.HelmChartContainer - [hivemq-test-hivemq-platform] [hivemq-platform-operator] [52a2fb00] 21:20:06.819 [ReconcilerExecutor-hivemq-controller-99] DEBUG c.h.p.o.h.HiveMQPlatformReconcilerErrorHandler - [helmroll] Pod 'test-hivemq-platform-0' condition 'Ready': False
2025-01-28 21:20:06,822 INFO c.h.h.t.HelmChartContainer - [hivemq-test-hivemq-platform] [hivemq-platform-operator] [52a2fb00] 21:20:06.819 [ReconcilerExecutor-hivemq-controller-99] DEBUG c.h.p.o.h.HiveMQPlatformReconcilerErrorHandler - [helmroll] Pod 'test-hivemq-platform-0' condition 'ContainersReady': False
2025-01-28 21:20:06,822 INFO c.h.h.t.HelmChartContainer - [hivemq-test-hivemq-platform] [hivemq-platform-operator] [52a2fb00] 21:20:06.819 [ReconcilerExecutor-hivemq-controller-99] DEBUG c.h.p.o.h.HiveMQPlatformReconcilerErrorHandler - [helmroll] Pod 'test-hivemq-platform-0' condition 'PodScheduled': True
2025-01-28 21:20:06,822 INFO c.h.h.t.HelmChartContainer - [hivemq-test-hivemq-platform] [hivemq-platform-operator] [52a2fb00] 21:20:06.819 [ReconcilerExecutor-hivemq-controller-99] DEBUG c.h.p.o.h.HiveMQPlatformReconcilerErrorHandler - [helmroll] Pod 'test-hivemq-platform-0' containerStatus 'hivemq' (started: false) (ready: false) (waiting: [PodInitializing] null)
2025-01-28 21:20:06,824 INFO c.h.h.t.HelmChartContainer - [hivemq-test-hivemq-platform] [hivemq-platform-operator] [52a2fb00] 21:20:06.820 [ReconcilerExecutor-hivemq-controller-99] INFO  c.h.p.o.h.HiveMQPlatformReconcilerBaseHandler - [helmroll] HiveMQ Platform is starting, 0 of 1 replicas are ready
2025-01-28 21:20:07,114 INFO c.h.h.t.HelmChartContainer - [EVENT] Normal [Pulled] Successfully pulled image "docker.io/hivemq/hivemq4:4.35.0" in 10.508s (10.508s including waiting). Image size: 691164573 bytes. [helmrollingupgradeplatformit:test-hivemq-platform-0]
2025-01-28 21:20:07,114 INFO c.h.h.t.HelmChartContainer - Received Pulled event for container hivemq in pod test-hivemq-platform-0 [b0d502c2-b2e2-4658-b2a0-5ddb9414f60b]
2025-01-28 21:20:07,125 INFO c.h.h.t.HelmChartContainer - [EVENT] Normal [Created] Created container: hivemq [helmrollingupgradeplatformit:test-hivemq-platform-0]
2025-01-28 21:20:07,125 INFO c.h.h.t.HelmChartContainer - Received Created event for container hivemq in pod test-hivemq-platform-0 [b0d502c2-b2e2-4658-b2a0-5ddb9414f60b]
2025-01-28 21:20:07,635 INFO c.h.h.t.HelmChartContainer - [POD] test-hivemq-platform-0 [b0d502c2-b2e2-4658-b2a0-5ddb9414f60b] in helmrollingupgradeplatformit was MODIFIED
2025-01-28 21:20:07,646 INFO c.h.h.t.HelmChartContainer - [hivemq-test-hivemq-platform] [hivemq-platform-operator] [52a2fb00] 21:20:07.639 [pool-6-thread-6] DEBUG c.h.p.o.d.PlatformServiceResource - [helmroll] Desired Platform services (3 services)
2025-01-28 21:20:07,646 INFO c.h.h.t.HelmChartContainer - [hivemq-test-hivemq-platform] [hivemq-platform-operator] [52a2fb00] 21:20:07.642 [pool-6-thread-3] DEBUG c.h.p.o.dependants.PodInfoConfigMap - [helmroll] Desired PodInfo ConfigMap (1 extensions) (1 enabled)
2025-01-28 21:20:07,649 INFO c.h.h.t.HelmChartContainer - [hivemq-test-hivemq-platform] [hivemq-platform-operator] [52a2fb00] 21:20:07.647 [pool-6-thread-3] DEBUG c.h.p.o.dependants.PodInfoConfigMap - [helmroll] Desired PodInfo ConfigMap (metrics port: 9399) (metrics path: /)
2025-01-28 21:20:07,649 INFO c.h.h.t.HelmChartContainer - [hivemq-test-hivemq-platform] [hivemq-platform-operator] [52a2fb00] 21:20:07.647 [pool-6-thread-3] DEBUG c.h.p.o.dependants.PodInfoConfigMap - [helmroll] Desired PodInfo ConfigMap (extension state hash: -1817474005)
2025-01-28 21:20:07,649 INFO c.h.h.t.HelmChartContainer - [EVENT] Normal [Started] Started container hivemq [helmrollingupgradeplatformit:test-hivemq-platform-0]
2025-01-28 21:20:07,649 INFO c.h.h.t.HelmChartContainer - Received Started event for container hivemq in pod test-hivemq-platform-0 [b0d502c2-b2e2-4658-b2a0-5ddb9414f60b]
2025-01-28 21:20:07,649 INFO c.h.h.t.HelmChartContainer - Started log watcher for hivemq in pod test-hivemq-platform-0 [b0d502c2-b2e2-4658-b2a0-5ddb9414f60b]
2025-01-28 21:20:07,649 INFO c.h.h.t.HelmChartContainer - [test-hivemq-platform] [hivemq] [b0d502c2] Adding pre-installed HiveMQ Platform Operator extensions
2025-01-28 21:20:07,649 INFO c.h.h.t.HelmChartContainer - [test-hivemq-platform] [hivemq] [b0d502c2] Running as user 10000
2025-01-28 21:20:07,649 INFO c.h.h.t.HelmChartContainer - [test-hivemq-platform] [hivemq] [b0d502c2] Starting HiveMQ Platform Operator Init
2025-01-28 21:20:07,653 INFO c.h.h.t.HelmChartContainer - [hivemq-test-hivemq-platform] [hivemq-platform-operator] [52a2fb00] 21:20:07.651 [pool-6-thread-8] DEBUG c.h.p.o.d.PodServiceAccountResource - [helmroll] Desired PodServiceAccountResource (serviceAccountName: hivemq-platform-pod-test-hivemq-platform)
2025-01-28 21:20:07,660 INFO c.h.h.t.HelmChartContainer - [hivemq-test-hivemq-platform] [hivemq-platform-operator] [52a2fb00] 21:20:07.657 [pool-6-thread-4] DEBUG c.h.p.o.d.StatefulSetResource - [helmroll] Desired StatefulSet (1 replicas) for status STARTING (READY)
2025-01-28 21:20:07,708 INFO c.h.h.t.HelmChartContainer - [hivemq-test-hivemq-platform] [hivemq-platform-operator] [52a2fb00] 21:20:07.706 [ReconcilerExecutor-hivemq-controller-110] INFO  c.h.p.o.HiveMQPlatformReconciler - [helmroll] Reconciling HiveMQ Platform 'test-hivemq-platform' in namespace 'helmrollingupgradeplatformit'
2025-01-28 21:20:07,708 INFO c.h.h.t.HelmChartContainer - [hivemq-test-hivemq-platform] [hivemq-platform-operator] [52a2fb00] 21:20:07.706 [ReconcilerExecutor-hivemq-controller-110] DEBUG c.h.p.o.HiveMQPlatformReconciler - [helmroll] Custom Resource Status STARTING - HiveMQ Platform is starting (READY)
2025-01-28 21:20:07,709 INFO c.h.h.t.HelmChartContainer - [hivemq-test-hivemq-platform] [hivemq-platform-operator] [52a2fb00] 21:20:07.706 [ReconcilerExecutor-hivemq-controller-110] DEBUG c.h.p.o.HiveMQPlatformReconciler - [helmroll] Custom Resource Spec (replicas: 1) (extensions: 1)
2025-01-28 21:20:07,717 INFO c.h.h.t.HelmChartContainer - [hivemq-test-hivemq-platform] [hivemq-platform-operator] [52a2fb00] 21:20:07.710 [ReconcilerExecutor-hivemq-controller-110] DEBUG c.h.p.o.HiveMQPlatformReconciler - [helmroll] StatefulSet Status (revision: test-hivemq-platform-54c4467984, replicas: 1, available: 0, ready: 0, current: 1, updated: 1)
2025-01-28 21:20:07,717 INFO c.h.h.t.HelmChartContainer - [hivemq-test-hivemq-platform] [hivemq-platform-operator] [52a2fb00] 21:20:07.710 [ReconcilerExecutor-hivemq-controller-110] DEBUG c.h.p.o.HiveMQPlatformReconciler - [helmroll] StatefulSet Spec (replicas: 1, init containers: 1, containers: 1, volumes: 3)
2025-01-28 21:20:07,718 INFO c.h.h.t.HelmChartContainer - [hivemq-test-hivemq-platform] [hivemq-platform-operator] [52a2fb00] 21:20:07.713 [ReconcilerExecutor-hivemq-controller-110] DEBUG c.h.p.o.h.HiveMQPlatformReconcilerErrorHandler - [helmroll] Pod 'test-hivemq-platform-0' phase Running
2025-01-28 21:20:07,718 INFO c.h.h.t.HelmChartContainer - [hivemq-test-hivemq-platform] [hivemq-platform-operator] [52a2fb00] 21:20:07.715 [ReconcilerExecutor-hivemq-controller-110] INFO  c.h.p.o.h.HiveMQPlatformReconcilerBaseHandler - [helmroll] HiveMQ Platform is starting, 0 of 1 replicas are ready
2025-01-28 21:20:08,470 INFO c.h.h.t.HelmChartContainer - [test-hivemq-platform] [hivemq] [b0d502c2] INFO  - [HiveMQ Platform Operator Init 1.7.0-SNAPSHOT] HiveMQ Platform Operator Init 1.7.0-SNAPSHOT (commit: bebf408 on branch: HEAD) built on Sun Jan 26 20:47:47 UTC 2025
2025-01-28 21:20:09,596 INFO c.h.h.t.HelmChartContainer - [test-hivemq-platform] [hivemq] [b0d502c2] INFO  - [HiveMQ Platform Operator Init App 1.7.0-SNAPSHOT] Using bind address 10.42.0.14 from environment variable
2025-01-28 21:20:10,566 INFO c.h.h.t.HelmChartContainer - [test-hivemq-platform] [hivemq] [b0d502c2] INFO  - [HiveMQ Platform Operator Init App 1.7.0-SNAPSHOT] HiveMQ Platform Operator Init App 1.7.0-SNAPSHOT (commit: bebf408 on branch: HEAD) built on Sun Jan 26 20:47:47 UTC 2025
2025-01-28 21:20:10,566 INFO c.h.h.t.HelmChartContainer - [test-hivemq-platform] [hivemq] [b0d502c2] INFO  - [HiveMQ Platform Operator Init App 1.7.0-SNAPSHOT] PodInfo ConfigMap directory: /etc/podinfo
2025-01-28 21:20:10,566 INFO c.h.h.t.HelmChartContainer - [test-hivemq-platform] [hivemq] [b0d502c2] INFO  - [HiveMQ Platform Operator Init App 1.7.0-SNAPSHOT] HiveMQ home directory: /opt/hivemq
2025-01-28 21:20:10,567 INFO c.h.h.t.HelmChartContainer - [test-hivemq-platform] [hivemq] [b0d502c2] INFO  - [HiveMQ Platform Operator Init App 1.7.0-SNAPSHOT] HiveMQ Logback folder: /opt/hivemq/conf
2025-01-28 21:20:10,567 INFO c.h.h.t.HelmChartContainer - [test-hivemq-platform] [hivemq] [b0d502c2] INFO  - [HiveMQ Platform Operator Init App 1.7.0-SNAPSHOT] HiveMQ Config folder: /opt/hivemq/conf-k8s
2025-01-28 21:20:10,568 INFO c.h.h.t.HelmChartContainer - [test-hivemq-platform] [hivemq] [b0d502c2] INFO  - [HiveMQ Platform Operator Init App 1.7.0-SNAPSHOT] Starting HiveMQ Platform Operator Init App
2025-01-28 21:20:10,568 INFO c.h.h.t.HelmChartContainer - [test-hivemq-platform] [hivemq] [b0d502c2] INFO  - [HiveMQ Platform Operator Init App 1.7.0-SNAPSHOT] Starting Pod reconciler
2025-01-28 21:20:11,685 INFO c.h.h.t.HelmChartContainer - [test-hivemq-platform] [hivemq] [b0d502c2] INFO  - [HiveMQ Platform Operator Init App 1.7.0-SNAPSHOT] Pod reconciler is scheduled (interval: 5000 ms)
2025-01-28 21:20:11,686 INFO c.h.h.t.HelmChartContainer - [test-hivemq-platform] [hivemq] [b0d502c2] INFO  - [HiveMQ Platform Operator Init App 1.7.0-SNAPSHOT] Starting the REST API on 10.42.0.14:7979
2025-01-28 21:20:11,704 INFO c.h.h.t.HelmChartContainer - [test-hivemq-platform] [hivemq] [b0d502c2] INFO  - [HiveMQ Platform Operator Init App 1.7.0-SNAPSHOT] Waiting up to 600s for at most 1 HiveMQ nodes in cluster service hivemq-test-hivemq-platform-cluster.helmrollingupgradeplatformit.svc
2025-01-28 21:20:12,076 INFO c.h.h.t.HelmChartContainer - [test-hivemq-platform] [hivemq] [b0d502c2] INFO  - [HiveMQ Platform Operator Init App 1.7.0-SNAPSHOT] Resolved 1 IP addresses: [10.42.0.14]
2025-01-28 21:20:12,076 INFO c.h.h.t.HelmChartContainer - [test-hivemq-platform] [hivemq] [b0d502c2] INFO  - [HiveMQ Platform Operator Init App 1.7.0-SNAPSHOT] HiveMQ node count of 1 is within threshold of 1
2025-01-28 21:20:12,076 INFO c.h.h.t.HelmChartContainer - [test-hivemq-platform] [hivemq] [b0d502c2] INFO  - [HiveMQ Platform Operator Init App 1.7.0-SNAPSHOT] Proceeding with container start
2025-01-28 21:20:12,170 INFO c.h.h.t.HelmChartContainer - [test-hivemq-platform] [hivemq] [b0d502c2] INFO  - [HiveMQ Platform Operator Init App 1.7.0-SNAPSHOT] Initializing HiveMQ Platform extensions with initial configuration: {hivemq-allow-all-extension={start-priority=-1, skip-https-hostname-verification=false, restart=true, config-version=0, header-version=0, c-uri=, priority=-1, uri=preinstalled, skip-https-certificate-validation=false, enabled=true}, hivemq-prometheus-extension={priority=-1, start-priority=-1, c-uri=, skip-https-hostname-verification=false, skip-https-certificate-validation=false, uri=preinstalled, request-header-path=no-request-headers, enabled=true, restart=true}}
2025-01-28 21:20:12,671 INFO c.h.h.t.HelmChartContainer - [test-hivemq-platform] [hivemq] [b0d502c2] INFO  - [HiveMQ Platform Operator Init App 1.7.0-SNAPSHOT] Extension hivemq-allow-all-extension was already enabled
2025-01-28 21:20:12,680 INFO c.h.h.t.HelmChartContainer - [test-hivemq-platform] [hivemq] [b0d502c2] INFO  - [HiveMQ Platform Operator Init App 1.7.0-SNAPSHOT] Successfully enabled extension hivemq-prometheus-extension
2025-01-28 21:20:12,764 INFO c.h.h.t.HelmChartContainer - [test-hivemq-platform] [hivemq] [b0d502c2] INFO  - [HiveMQ Platform Operator Init App 1.7.0-SNAPSHOT] Starting HiveMQ Platform version 4.35.0 (4.35.0)
2025-01-28 21:20:12,764 INFO c.h.h.t.HelmChartContainer - [test-hivemq-platform] [hivemq] [b0d502c2] INFO  - [HiveMQ Platform Operator Init App 1.7.0-SNAPSHOT] Configuring the HiveMQ Platform
2025-01-28 21:20:12,772 INFO c.h.h.t.HelmChartContainer - [test-hivemq-platform] [hivemq] [b0d502c2] INFO  - [HiveMQ Platform Operator Init App 1.7.0-SNAPSHOT] Changed logback.xml file scan period to 20 seconds
2025-01-28 21:20:12,869 INFO c.h.h.t.HelmChartContainer - [test-hivemq-platform] [hivemq] [b0d502c2] INFO  - [HiveMQ Platform Operator Init App 1.7.0-SNAPSHOT] Starting the HiveMQ Platform
2025-01-28 21:20:12,873 INFO c.h.h.t.HelmChartContainer - [test-hivemq-platform] [hivemq] [b0d502c2] -------------------------------------------------------------------------
2025-01-28 21:20:12,873 INFO c.h.h.t.HelmChartContainer - [test-hivemq-platform] [hivemq] [b0d502c2] 
2025-01-28 21:20:12,873 INFO c.h.h.t.HelmChartContainer - [test-hivemq-platform] [hivemq] [b0d502c2]                   _    _  _              __  __   ____
2025-01-28 21:20:12,873 INFO c.h.h.t.HelmChartContainer - [test-hivemq-platform] [hivemq] [b0d502c2]                  | |  | |(_)            |  \/  | / __ \
2025-01-28 21:20:12,873 INFO c.h.h.t.HelmChartContainer - [test-hivemq-platform] [hivemq] [b0d502c2]                  | |__| | _ __   __ ___ | \  / || |  | |
2025-01-28 21:20:12,873 INFO c.h.h.t.HelmChartContainer - [test-hivemq-platform] [hivemq] [b0d502c2]                  |  __  || |\ \ / // _ \| |\/| || |  | |
2025-01-28 21:20:12,873 INFO c.h.h.t.HelmChartContainer - [test-hivemq-platform] [hivemq] [b0d502c2]                  | |  | || | \ V /|  __/| |  | || |__| |
2025-01-28 21:20:12,873 INFO c.h.h.t.HelmChartContainer - [test-hivemq-platform] [hivemq] [b0d502c2]                  |_|  |_||_|  \_/  \___||_|  |_| \___\_\
2025-01-28 21:20:12,873 INFO c.h.h.t.HelmChartContainer - [test-hivemq-platform] [hivemq] [b0d502c2] 
2025-01-28 21:20:12,873 INFO c.h.h.t.HelmChartContainer - [test-hivemq-platform] [hivemq] [b0d502c2] -------------------------------------------------------------------------
2025-01-28 21:20:12,873 INFO c.h.h.t.HelmChartContainer - [test-hivemq-platform] [hivemq] [b0d502c2] 
2025-01-28 21:20:12,873 INFO c.h.h.t.HelmChartContainer - [test-hivemq-platform] [hivemq] [b0d502c2]   HiveMQ Start Script for Linux/Unix v1.14
2025-01-28 21:20:12,874 INFO c.h.h.t.HelmChartContainer - [test-hivemq-platform] [hivemq] [b0d502c2] 
2025-01-28 21:20:12,975 INFO c.h.h.t.HelmChartContainer - [test-hivemq-platform] [hivemq] [b0d502c2] -------------------------------------------------------------------------
2025-01-28 21:20:12,975 INFO c.h.h.t.HelmChartContainer - [test-hivemq-platform] [hivemq] [b0d502c2] 
2025-01-28 21:20:12,975 INFO c.h.h.t.HelmChartContainer - [test-hivemq-platform] [hivemq] [b0d502c2]   HIVEMQ_HOME: /opt/hivemq
2025-01-28 21:20:12,975 INFO c.h.h.t.HelmChartContainer - [test-hivemq-platform] [hivemq] [b0d502c2] 
2025-01-28 21:20:12,976 INFO c.h.h.t.HelmChartContainer - [test-hivemq-platform] [hivemq] [b0d502c2]   JAVA_OPTS: -XX:+UnlockExperimentalVMOptions -XX:InitialRAMPercentage=50 -XX:MaxRAMPercentage=50 -Djava.net.preferIPv4Stack=true --add-opens java.base/java.lang=ALL-UNNAMED --add-opens java.base/java.nio=ALL-UNNAMED --add-opens java.base/sun.nio.ch=ALL-UNNAMED --add-opens jdk.management/com.sun.management.internal=ALL-UNNAMED --add-exports java.base/jdk.internal.misc=ALL-UNNAMED -Djava.security.egd=file:/dev/./urandom -Dcom.sun.management.jmxremote -Dcom.sun.management.jmxremote.port=9010 -Dcom.sun.management.jmxremote.local.only=false -Dcom.sun.management.jmxremote.authenticate=false -Dcom.sun.management.jmxremote.ssl=false -Duser.language=en -Duser.region=US -XX:+CrashOnOutOfMemoryError -XX:+HeapDumpOnOutOfMemoryError
2025-01-28 21:20:12,976 INFO c.h.h.t.HelmChartContainer - [test-hivemq-platform] [hivemq] [b0d502c2] 
2025-01-28 21:20:12,976 INFO c.h.h.t.HelmChartContainer - [test-hivemq-platform] [hivemq] [b0d502c2]   JAVA_VERSION: 21
2025-01-28 21:20:12,976 INFO c.h.h.t.HelmChartContainer - [test-hivemq-platform] [hivemq] [b0d502c2] 
2025-01-28 21:20:12,976 INFO c.h.h.t.HelmChartContainer - [test-hivemq-platform] [hivemq] [b0d502c2] -------------------------------------------------------------------------
2025-01-28 21:20:12,976 INFO c.h.h.t.HelmChartContainer - [test-hivemq-platform] [hivemq] [b0d502c2] 
2025-01-28 21:20:13,669 INFO c.h.h.t.HelmChartContainer - [test-hivemq-platform] [hivemq] [b0d502c2] INFO  - [HiveMQ Platform Operator Init App 1.7.0-SNAPSHOT] Returning default Health API response 503 for readiness
2025-01-28 21:20:14,070 INFO c.h.h.t.HelmChartContainer - [EVENT] Warning [Unhealthy] Readiness probe failed: HTTP probe failed with statuscode: 503 [helmrollingupgradeplatformit:test-hivemq-platform-0]
2025-01-28 21:20:14,070 INFO c.h.h.t.HelmChartContainer - Received Unhealthy event for container hivemq in pod test-hivemq-platform-0 [b0d502c2-b2e2-4658-b2a0-5ddb9414f60b]
2025-01-28 21:20:15,572 INFO c.h.h.t.HelmChartContainer - [test-hivemq-platform] [hivemq] [b0d502c2] INFO  - Starting HiveMQ Enterprise Server
2025-01-28 21:20:15,604 INFO c.h.h.t.HelmChartContainer - [test-hivemq-platform] [hivemq] [b0d502c2] INFO  - HiveMQ version: 4.35.0
2025-01-28 21:20:15,605 INFO c.h.h.t.HelmChartContainer - [test-hivemq-platform] [hivemq] [b0d502c2] INFO  - HiveMQ home directory: /opt/hivemq
2025-01-28 21:20:15,605 INFO c.h.h.t.HelmChartContainer - [test-hivemq-platform] [hivemq] [b0d502c2] INFO  - Log Configuration was overridden by /opt/hivemq/conf/logback.xml
2025-01-28 21:20:16,685 INFO c.h.h.t.HelmChartContainer - [test-hivemq-platform] [hivemq] [b0d502c2] INFO  - Successfully loaded configuration from '/opt/hivemq/conf-k8s/config.xml'.
2025-01-28 21:20:17,371 INFO c.h.h.t.HelmChartContainer - [test-hivemq-platform] [hivemq] [b0d502c2] INFO  - This node's ID is 23HDh
2025-01-28 21:20:17,403 INFO c.h.h.t.HelmChartContainer - [test-hivemq-platform] [hivemq] [b0d502c2] INFO  - Clustering is enabled
2025-01-28 21:20:17,728 INFO c.h.h.t.HelmChartContainer - [hivemq-test-hivemq-platform] [hivemq-platform-operator] [52a2fb00] 21:20:17.721 [pool-6-thread-14] DEBUG c.h.p.o.d.PlatformServiceResource - [helmroll] Desired Platform services (3 services)
2025-01-28 21:20:17,728 INFO c.h.h.t.HelmChartContainer - [hivemq-test-hivemq-platform] [hivemq-platform-operator] [52a2fb00] 21:20:17.722 [pool-6-thread-11] DEBUG c.h.p.o.dependants.PodInfoConfigMap - [helmroll] Desired PodInfo ConfigMap (1 extensions) (1 enabled)
2025-01-28 21:20:17,728 INFO c.h.h.t.HelmChartContainer - [hivemq-test-hivemq-platform] [hivemq-platform-operator] [52a2fb00] 21:20:17.725 [pool-6-thread-11] DEBUG c.h.p.o.dependants.PodInfoConfigMap - [helmroll] Desired PodInfo ConfigMap (metrics port: 9399) (metrics path: /)
2025-01-28 21:20:17,728 INFO c.h.h.t.HelmChartContainer - [hivemq-test-hivemq-platform] [hivemq-platform-operator] [52a2fb00] 21:20:17.724 [pool-6-thread-15] DEBUG c.h.p.o.d.PodServiceAccountResource - [helmroll] Desired PodServiceAccountResource (serviceAccountName: hivemq-platform-pod-test-hivemq-platform)
2025-01-28 21:20:17,728 INFO c.h.h.t.HelmChartContainer - [hivemq-test-hivemq-platform] [hivemq-platform-operator] [52a2fb00] 21:20:17.726 [pool-6-thread-11] DEBUG c.h.p.o.dependants.PodInfoConfigMap - [helmroll] Desired PodInfo ConfigMap (extension state hash: -1817474005)
2025-01-28 21:20:17,735 INFO c.h.h.t.HelmChartContainer - [hivemq-test-hivemq-platform] [hivemq-platform-operator] [52a2fb00] 21:20:17.734 [pool-6-thread-14] DEBUG c.h.p.o.d.StatefulSetResource - [helmroll] Desired StatefulSet (1 replicas) for status STARTING (READY)
2025-01-28 21:20:17,739 INFO c.h.h.t.HelmChartContainer - [hivemq-test-hivemq-platform] [hivemq-platform-operator] [52a2fb00] 21:20:17.738 [ReconcilerExecutor-hivemq-controller-111] INFO  c.h.p.o.HiveMQPlatformReconciler - [helmroll] Reconciling HiveMQ Platform 'test-hivemq-platform' in namespace 'helmrollingupgradeplatformit'
2025-01-28 21:20:17,739 INFO c.h.h.t.HelmChartContainer - [hivemq-test-hivemq-platform] [hivemq-platform-operator] [52a2fb00] 21:20:17.738 [ReconcilerExecutor-hivemq-controller-111] DEBUG c.h.p.o.HiveMQPlatformReconciler - [helmroll] Custom Resource Status STARTING - HiveMQ Platform is starting (READY)
2025-01-28 21:20:17,739 INFO c.h.h.t.HelmChartContainer - [hivemq-test-hivemq-platform] [hivemq-platform-operator] [52a2fb00] 21:20:17.738 [ReconcilerExecutor-hivemq-controller-111] DEBUG c.h.p.o.HiveMQPlatformReconciler - [helmroll] Custom Resource Spec (replicas: 1) (extensions: 1)
2025-01-28 21:20:17,808 INFO c.h.h.t.HelmChartContainer - [hivemq-test-hivemq-platform] [hivemq-platform-operator] [52a2fb00] 21:20:17.807 [ReconcilerExecutor-hivemq-controller-111] DEBUG c.h.p.o.HiveMQPlatformReconciler - [helmroll] StatefulSet Status (revision: test-hivemq-platform-54c4467984, replicas: 1, available: 0, ready: 0, current: 1, updated: 1)
2025-01-28 21:20:17,808 INFO c.h.h.t.HelmChartContainer - [hivemq-test-hivemq-platform] [hivemq-platform-operator] [52a2fb00] 21:20:17.807 [ReconcilerExecutor-hivemq-controller-111] DEBUG c.h.p.o.HiveMQPlatformReconciler - [helmroll] StatefulSet Spec (replicas: 1, init containers: 1, containers: 1, volumes: 3)
2025-01-28 21:20:17,809 INFO c.h.h.t.HelmChartContainer - [hivemq-test-hivemq-platform] [hivemq-platform-operator] [52a2fb00] 21:20:17.809 [ReconcilerExecutor-hivemq-controller-111] DEBUG c.h.p.o.h.HiveMQPlatformReconcilerErrorHandler - [helmroll] Pod 'test-hivemq-platform-0' phase Running
2025-01-28 21:20:17,811 INFO c.h.h.t.HelmChartContainer - [hivemq-test-hivemq-platform] [hivemq-platform-operator] [52a2fb00] 21:20:17.810 [ReconcilerExecutor-hivemq-controller-111] INFO  c.h.p.o.h.HiveMQPlatformReconcilerBaseHandler - [helmroll] HiveMQ Platform is starting, 0 of 1 replicas are ready
2025-01-28 21:20:19,003 INFO c.h.h.t.HelmChartContainer - [test-hivemq-platform] [hivemq] [b0d502c2] WARN  - [HiveMQ Platform Operator Init App 1.7.0-SNAPSHOT] Cannot connect to Health API for readiness: null
2025-01-28 21:20:19,072 INFO c.h.h.t.HelmChartContainer - [EVENT] Warning [Unhealthy] Readiness probe failed: HTTP probe failed with statuscode: 503 [helmrollingupgradeplatformit:test-hivemq-platform-0]
2025-01-28 21:20:19,072 INFO c.h.h.t.HelmChartContainer - Received Unhealthy event for container hivemq in pod test-hivemq-platform-0 [b0d502c2-b2e2-4658-b2a0-5ddb9414f60b]
2025-01-28 21:20:22,072 INFO c.h.h.t.HelmChartContainer - [test-hivemq-platform] [hivemq] [b0d502c2] Jan 28, 2025 9:20:21 PM io.vertx.core.impl.BlockedThreadChecker
2025-01-28 21:20:22,073 INFO c.h.h.t.HelmChartContainer - [test-hivemq-platform] [hivemq] [b0d502c2] WARNING: Thread Thread[vert.x-eventloop-thread-1,5,main] has been blocked for 2300 ms, time limit is 2000 ms
2025-01-28 21:20:22,971 INFO c.h.h.t.HelmChartContainer - [test-hivemq-platform] [hivemq] [b0d502c2] Jan 28, 2025 9:20:22 PM io.vertx.core.impl.BlockedThreadChecker
2025-01-28 21:20:22,972 INFO c.h.h.t.HelmChartContainer - [test-hivemq-platform] [hivemq] [b0d502c2] WARNING: Thread Thread[vert.x-eventloop-thread-1,5,main] has been blocked for 3302 ms, time limit is 2000 ms
2025-01-28 21:20:23,167 INFO c.h.h.t.HelmChartContainer - [test-hivemq-platform] [hivemq] [b0d502c2] INFO  - [HiveMQ Platform Operator Init App 1.7.0-SNAPSHOT] Updating Pod HiveMQ Platform Operator Init App version annotation (version: 1.7.0-SNAPSHOT)
2025-01-28 21:20:23,666 INFO c.h.h.t.HelmChartContainer - [test-hivemq-platform] [hivemq] [b0d502c2] WARN  - [HiveMQ Platform Operator Init App 1.7.0-SNAPSHOT] Cannot connect to Health API for readiness: null
2025-01-28 21:20:23,674 INFO c.h.h.t.HelmChartContainer - [EVENT] Warning [Unhealthy] Readiness probe failed: HTTP probe failed with statuscode: 503 [helmrollingupgradeplatformit:test-hivemq-platform-0]
2025-01-28 21:20:23,674 INFO c.h.h.t.HelmChartContainer - Received Unhealthy event for container hivemq in pod test-hivemq-platform-0 [b0d502c2-b2e2-4658-b2a0-5ddb9414f60b]
2025-01-28 21:20:23,881 INFO c.h.h.t.HelmChartContainer - [POD] test-hivemq-platform-0 [b0d502c2-b2e2-4658-b2a0-5ddb9414f60b] in helmrollingupgradeplatformit was MODIFIED
2025-01-28 21:20:23,889 INFO c.h.h.t.HelmChartContainer - [hivemq-test-hivemq-platform] [hivemq-platform-operator] [52a2fb00] 21:20:23.886 [pool-6-thread-27] DEBUG c.h.p.o.d.PlatformServiceResource - [helmroll] Desired Platform services (3 services)
2025-01-28 21:20:23,889 INFO c.h.h.t.HelmChartContainer - [hivemq-test-hivemq-platform] [hivemq-platform-operator] [52a2fb00] 21:20:23.887 [pool-6-thread-26] DEBUG c.h.p.o.dependants.PodInfoConfigMap - [helmroll] Desired PodInfo ConfigMap (1 extensions) (1 enabled)
2025-01-28 21:20:23,889 INFO c.h.h.t.HelmChartContainer - [hivemq-test-hivemq-platform] [hivemq-platform-operator] [52a2fb00] 21:20:23.887 [pool-6-thread-26] DEBUG c.h.p.o.dependants.PodInfoConfigMap - [helmroll] Desired PodInfo ConfigMap (metrics port: 9399) (metrics path: /)
2025-01-28 21:20:23,889 INFO c.h.h.t.HelmChartContainer - [hivemq-test-hivemq-platform] [hivemq-platform-operator] [52a2fb00] 21:20:23.887 [pool-6-thread-26] DEBUG c.h.p.o.dependants.PodInfoConfigMap - [helmroll] Desired PodInfo ConfigMap (extension state hash: -1817474005)
2025-01-28 21:20:23,890 INFO c.h.h.t.HelmChartContainer - [hivemq-test-hivemq-platform] [hivemq-platform-operator] [52a2fb00] 21:20:23.889 [pool-6-thread-22] DEBUG c.h.p.o.d.PodServiceAccountResource - [helmroll] Desired PodServiceAccountResource (serviceAccountName: hivemq-platform-pod-test-hivemq-platform)
2025-01-28 21:20:23,895 INFO c.h.h.t.HelmChartContainer - [hivemq-test-hivemq-platform] [hivemq-platform-operator] [52a2fb00] 21:20:23.894 [pool-6-thread-27] DEBUG c.h.p.o.d.StatefulSetResource - [helmroll] Desired StatefulSet (1 replicas) for status STARTING (READY)
2025-01-28 21:20:23,910 INFO c.h.h.t.HelmChartContainer - [hivemq-test-hivemq-platform] [hivemq-platform-operator] [52a2fb00] 21:20:23.908 [ReconcilerExecutor-hivemq-controller-112] INFO  c.h.p.o.HiveMQPlatformReconciler - [helmroll] Reconciling HiveMQ Platform 'test-hivemq-platform' in namespace 'helmrollingupgradeplatformit'
2025-01-28 21:20:23,910 INFO c.h.h.t.HelmChartContainer - [hivemq-test-hivemq-platform] [hivemq-platform-operator] [52a2fb00] 21:20:23.908 [ReconcilerExecutor-hivemq-controller-112] DEBUG c.h.p.o.HiveMQPlatformReconciler - [helmroll] Custom Resource Status STARTING - HiveMQ Platform is starting (READY)
2025-01-28 21:20:23,910 INFO c.h.h.t.HelmChartContainer - [hivemq-test-hivemq-platform] [hivemq-platform-operator] [52a2fb00] 21:20:23.908 [ReconcilerExecutor-hivemq-controller-112] DEBUG c.h.p.o.HiveMQPlatformReconciler - [helmroll] Custom Resource Spec (replicas: 1) (extensions: 1)
2025-01-28 21:20:23,911 INFO c.h.h.t.HelmChartContainer - [hivemq-test-hivemq-platform] [hivemq-platform-operator] [52a2fb00] 21:20:23.909 [ReconcilerExecutor-hivemq-controller-112] DEBUG c.h.p.o.HiveMQPlatformReconciler - [helmroll] StatefulSet Status (revision: test-hivemq-platform-54c4467984, replicas: 1, available: 0, ready: 0, current: 1, updated: 1)
2025-01-28 21:20:23,911 INFO c.h.h.t.HelmChartContainer - [hivemq-test-hivemq-platform] [hivemq-platform-operator] [52a2fb00] 21:20:23.910 [ReconcilerExecutor-hivemq-controller-112] DEBUG c.h.p.o.HiveMQPlatformReconciler - [helmroll] StatefulSet Spec (replicas: 1, init containers: 1, containers: 1, volumes: 3)
2025-01-28 21:20:23,912 INFO c.h.h.t.HelmChartContainer - [hivemq-test-hivemq-platform] [hivemq-platform-operator] [52a2fb00] 21:20:23.911 [ReconcilerExecutor-hivemq-controller-112] DEBUG c.h.p.o.h.HiveMQPlatformReconcilerErrorHandler - [helmroll] Pod 'test-hivemq-platform-0' phase Running
2025-01-28 21:20:23,915 INFO c.h.h.t.HelmChartContainer - [hivemq-test-hivemq-platform] [hivemq-platform-operator] [52a2fb00] 21:20:23.912 [ReconcilerExecutor-hivemq-controller-112] INFO  c.h.p.o.h.HiveMQPlatformReconcilerBaseHandler - [helmroll] HiveMQ Platform is starting, 0 of 1 replicas are ready
2025-01-28 21:20:23,972 INFO c.h.h.t.HelmChartContainer - [test-hivemq-platform] [hivemq] [b0d502c2] INFO  - [HiveMQ Platform Operator Init App 1.7.0-SNAPSHOT] Successfully updated Pod HiveMQ Platform Operator Init App version annotation (version: 1.7.0-SNAPSHOT)
2025-01-28 21:20:24,062 INFO c.h.h.t.HelmChartContainer - [test-hivemq-platform] [hivemq] [b0d502c2] WARN  - [HiveMQ Platform Operator Init App 1.7.0-SNAPSHOT] Cannot connect to Health API for readiness: null
2025-01-28 21:20:24,078 INFO c.h.h.t.HelmChartContainer - [EVENT] Warning [Unhealthy] Readiness probe failed: HTTP probe failed with statuscode: 503 [helmrollingupgradeplatformit:test-hivemq-platform-0]
2025-01-28 21:20:24,078 INFO c.h.h.t.HelmChartContainer - Received Unhealthy event for container hivemq in pod test-hivemq-platform-0 [b0d502c2-b2e2-4658-b2a0-5ddb9414f60b]
2025-01-28 21:20:25,368 INFO c.h.h.t.HelmChartContainer - [test-hivemq-platform] [hivemq] [b0d502c2] WARN  - [HiveMQ Platform Operator Init App 1.7.0-SNAPSHOT] Cannot connect to Health API for liveness: null
2025-01-28 21:20:25,369 INFO c.h.h.t.HelmChartContainer - [test-hivemq-platform] [hivemq] [b0d502c2] INFO  - [HiveMQ Platform Operator Init App 1.7.0-SNAPSHOT] Returning default Health API response 200 for liveness
2025-01-28 21:20:28,905 INFO c.h.h.t.HelmChartContainer - [test-hivemq-platform] [hivemq] [b0d502c2] WARN  - [HiveMQ Platform Operator Init App 1.7.0-SNAPSHOT] Cannot connect to Health API for readiness: null
2025-01-28 21:20:28,911 INFO c.h.h.t.HelmChartContainer - [EVENT] Warning [Unhealthy] Readiness probe failed: HTTP probe failed with statuscode: 503 [helmrollingupgradeplatformit:test-hivemq-platform-0]
2025-01-28 21:20:28,911 INFO c.h.h.t.HelmChartContainer - Received Unhealthy event for container hivemq in pod test-hivemq-platform-0 [b0d502c2-b2e2-4658-b2a0-5ddb9414f60b]
2025-01-28 21:20:32,873 INFO c.h.h.t.HelmChartContainer - [K3S] [range_allocator.go:247] "Successfully synced" key="76827e36d767"
2025-01-28 21:20:33,907 INFO c.h.h.t.HelmChartContainer - [test-hivemq-platform] [hivemq] [b0d502c2] WARN  - [HiveMQ Platform Operator Init App 1.7.0-SNAPSHOT] Cannot connect to Health API for readiness: null
2025-01-28 21:20:33,912 INFO c.h.h.t.HelmChartContainer - [EVENT] Warning [Unhealthy] Readiness probe failed: HTTP probe failed with statuscode: 503 [helmrollingupgradeplatformit:test-hivemq-platform-0]
2025-01-28 21:20:33,912 INFO c.h.h.t.HelmChartContainer - Received Unhealthy event for container hivemq in pod test-hivemq-platform-0 [b0d502c2-b2e2-4658-b2a0-5ddb9414f60b]
2025-01-28 21:20:33,919 INFO c.h.h.t.HelmChartContainer - [hivemq-test-hivemq-platform] [hivemq-platform-operator] [52a2fb00] 21:20:33.916 [pool-6-thread-36] DEBUG c.h.p.o.d.PlatformServiceResource - [helmroll] Desired Platform services (3 services)
2025-01-28 21:20:33,922 INFO c.h.h.t.HelmChartContainer - [hivemq-test-hivemq-platform] [hivemq-platform-operator] [52a2fb00] 21:20:33.917 [pool-6-thread-37] DEBUG c.h.p.o.dependants.PodInfoConfigMap - [helmroll] Desired PodInfo ConfigMap (1 extensions) (1 enabled)
2025-01-28 21:20:33,922 INFO c.h.h.t.HelmChartContainer - [hivemq-test-hivemq-platform] [hivemq-platform-operator] [52a2fb00] 21:20:33.919 [pool-6-thread-37] DEBUG c.h.p.o.dependants.PodInfoConfigMap - [helmroll] Desired PodInfo ConfigMap (metrics port: 9399) (metrics path: /)
2025-01-28 21:20:33,922 INFO c.h.h.t.HelmChartContainer - [hivemq-test-hivemq-platform] [hivemq-platform-operator] [52a2fb00] 21:20:33.919 [pool-6-thread-37] DEBUG c.h.p.o.dependants.PodInfoConfigMap - [helmroll] Desired PodInfo ConfigMap (extension state hash: -1817474005)
2025-01-28 21:20:33,922 INFO c.h.h.t.HelmChartContainer - [hivemq-test-hivemq-platform] [hivemq-platform-operator] [52a2fb00] 21:20:33.919 [pool-6-thread-34] DEBUG c.h.p.o.d.PodServiceAccountResource - [helmroll] Desired PodServiceAccountResource (serviceAccountName: hivemq-platform-pod-test-hivemq-platform)
2025-01-28 21:20:33,926 INFO c.h.h.t.HelmChartContainer - [hivemq-test-hivemq-platform] [hivemq-platform-operator] [52a2fb00] 21:20:33.925 [pool-6-thread-35] DEBUG c.h.p.o.d.StatefulSetResource - [helmroll] Desired StatefulSet (1 replicas) for status STARTING (READY)
2025-01-28 21:20:33,931 INFO c.h.h.t.HelmChartContainer - [hivemq-test-hivemq-platform] [hivemq-platform-operator] [52a2fb00] 21:20:33.929 [ReconcilerExecutor-hivemq-controller-113] INFO  c.h.p.o.HiveMQPlatformReconciler - [helmroll] Reconciling HiveMQ Platform 'test-hivemq-platform' in namespace 'helmrollingupgradeplatformit'
2025-01-28 21:20:33,931 INFO c.h.h.t.HelmChartContainer - [hivemq-test-hivemq-platform] [hivemq-platform-operator] [52a2fb00] 21:20:33.929 [ReconcilerExecutor-hivemq-controller-113] DEBUG c.h.p.o.HiveMQPlatformReconciler - [helmroll] Custom Resource Status STARTING - HiveMQ Platform is starting (READY)
2025-01-28 21:20:33,931 INFO c.h.h.t.HelmChartContainer - [hivemq-test-hivemq-platform] [hivemq-platform-operator] [52a2fb00] 21:20:33.929 [ReconcilerExecutor-hivemq-controller-113] DEBUG c.h.p.o.HiveMQPlatformReconciler - [helmroll] Custom Resource Spec (replicas: 1) (extensions: 1)
2025-01-28 21:20:33,932 INFO c.h.h.t.HelmChartContainer - [hivemq-test-hivemq-platform] [hivemq-platform-operator] [52a2fb00] 21:20:33.930 [ReconcilerExecutor-hivemq-controller-113] DEBUG c.h.p.o.HiveMQPlatformReconciler - [helmroll] StatefulSet Status (revision: test-hivemq-platform-54c4467984, replicas: 1, available: 0, ready: 0, current: 1, updated: 1)
2025-01-28 21:20:34,011 INFO c.h.h.t.HelmChartContainer - [hivemq-test-hivemq-platform] [hivemq-platform-operator] [52a2fb00] 21:20:34.006 [ReconcilerExecutor-hivemq-controller-113] DEBUG c.h.p.o.HiveMQPlatformReconciler - [helmroll] StatefulSet Spec (replicas: 1, init containers: 1, containers: 1, volumes: 3)
2025-01-28 21:20:34,011 INFO c.h.h.t.HelmChartContainer - [hivemq-test-hivemq-platform] [hivemq-platform-operator] [52a2fb00] 21:20:34.009 [ReconcilerExecutor-hivemq-controller-113] DEBUG c.h.p.o.h.HiveMQPlatformReconcilerErrorHandler - [helmroll] Pod 'test-hivemq-platform-0' phase Running
2025-01-28 21:20:34,012 INFO c.h.h.t.HelmChartContainer - [hivemq-test-hivemq-platform] [hivemq-platform-operator] [52a2fb00] 21:20:34.010 [ReconcilerExecutor-hivemq-controller-113] INFO  c.h.p.o.h.HiveMQPlatformReconcilerBaseHandler - [helmroll] HiveMQ Platform is starting, 0 of 1 replicas are ready
2025-01-28 21:20:36,162 INFO c.h.h.t.HelmChartContainer - [test-hivemq-platform] [hivemq] [b0d502c2] INFO  - No valid license file found. Using trial license, restricted to 25 connections.
2025-01-28 21:20:38,907 INFO c.h.h.t.HelmChartContainer - [test-hivemq-platform] [hivemq] [b0d502c2] WARN  - [HiveMQ Platform Operator Init App 1.7.0-SNAPSHOT] Cannot connect to Health API for readiness: null
2025-01-28 21:20:38,911 INFO c.h.h.t.HelmChartContainer - [EVENT] Warning [Unhealthy] Readiness probe failed: HTTP probe failed with statuscode: 503 [helmrollingupgradeplatformit:test-hivemq-platform-0]
2025-01-28 21:20:38,911 INFO c.h.h.t.HelmChartContainer - Received Unhealthy event for container hivemq in pod test-hivemq-platform-0 [b0d502c2-b2e2-4658-b2a0-5ddb9414f60b]
2025-01-28 21:20:40,973 INFO c.h.h.t.HelmChartContainer - [test-hivemq-platform] [hivemq] [b0d502c2] INFO  - No valid license file for Data Hub found. Using free license, restricted to 1 policy.
2025-01-28 21:20:42,007 INFO c.h.h.t.HelmChartContainer - [test-hivemq-platform] [hivemq] [b0d502c2] INFO  - Audit Logger started.
2025-01-28 21:20:42,316 INFO c.h.h.t.HelmChartContainer - [test-hivemq-platform] [hivemq] [b0d502c2] INFO  - This node uses '1' CPU cores.
2025-01-28 21:20:42,366 INFO c.h.h.t.HelmChartContainer - [test-hivemq-platform] [hivemq] [b0d502c2] INFO  - Starting HiveMQ Health API on address 0.0.0.0 and port 8889
2025-01-28 21:20:43,162 INFO c.h.h.t.HelmChartContainer - [test-hivemq-platform] [hivemq] [b0d502c2] INFO  - Started HiveMQ Health API in 795ms
2025-01-28 21:20:43,165 INFO c.h.h.t.HelmChartContainer - [test-hivemq-platform] [hivemq] [b0d502c2] INFO  - Starting HiveMQ extension system.
2025-01-28 21:20:43,467 INFO c.h.h.t.HelmChartContainer - [test-hivemq-platform] [hivemq] [b0d502c2] INFO  - Starting extension with id "hivemq-dns-cluster-discovery" at /opt/hivemq/extensions/hivemq-dns-cluster-discovery
2025-01-28 21:20:43,964 INFO c.h.h.t.HelmChartContainer - [test-hivemq-platform] [hivemq] [b0d502c2] INFO  - Using TCP cluster transport on address 10.42.0.14 and port 7000
2025-01-28 21:20:43,968 INFO c.h.h.t.HelmChartContainer - [test-hivemq-platform] [hivemq] [b0d502c2] INFO  - Using extension cluster discovery
2025-01-28 21:20:44,015 INFO c.h.h.t.HelmChartContainer - [hivemq-test-hivemq-platform] [hivemq-platform-operator] [52a2fb00] 21:20:44.013 [pool-6-thread-46] DEBUG c.h.p.o.d.PlatformServiceResource - [helmroll] Desired Platform services (3 services)
2025-01-28 21:20:44,017 INFO c.h.h.t.HelmChartContainer - [hivemq-test-hivemq-platform] [hivemq-platform-operator] [52a2fb00] 21:20:44.014 [pool-6-thread-47] DEBUG c.h.p.o.dependants.PodInfoConfigMap - [helmroll] Desired PodInfo ConfigMap (1 extensions) (1 enabled)
2025-01-28 21:20:44,017 INFO c.h.h.t.HelmChartContainer - [hivemq-test-hivemq-platform] [hivemq-platform-operator] [52a2fb00] 21:20:44.014 [pool-6-thread-47] DEBUG c.h.p.o.dependants.PodInfoConfigMap - [helmroll] Desired PodInfo ConfigMap (metrics port: 9399) (metrics path: /)
2025-01-28 21:20:44,017 INFO c.h.h.t.HelmChartContainer - [hivemq-test-hivemq-platform] [hivemq-platform-operator] [52a2fb00] 21:20:44.014 [pool-6-thread-47] DEBUG c.h.p.o.dependants.PodInfoConfigMap - [helmroll] Desired PodInfo ConfigMap (extension state hash: -1817474005)
2025-01-28 21:20:44,018 INFO c.h.h.t.HelmChartContainer - [hivemq-test-hivemq-platform] [hivemq-platform-operator] [52a2fb00] 21:20:44.014 [pool-6-thread-45] DEBUG c.h.p.o.d.PodServiceAccountResource - [helmroll] Desired PodServiceAccountResource (serviceAccountName: hivemq-platform-pod-test-hivemq-platform)
2025-01-28 21:20:44,023 INFO c.h.h.t.HelmChartContainer - [hivemq-test-hivemq-platform] [hivemq-platform-operator] [52a2fb00] 21:20:44.021 [pool-6-thread-43] DEBUG c.h.p.o.d.StatefulSetResource - [helmroll] Desired StatefulSet (1 replicas) for status STARTING (READY)
2025-01-28 21:20:44,031 INFO c.h.h.t.HelmChartContainer - [hivemq-test-hivemq-platform] [hivemq-platform-operator] [52a2fb00] 21:20:44.029 [ReconcilerExecutor-hivemq-controller-114] INFO  c.h.p.o.HiveMQPlatformReconciler - [helmroll] Reconciling HiveMQ Platform 'test-hivemq-platform' in namespace 'helmrollingupgradeplatformit'
2025-01-28 21:20:44,032 INFO c.h.h.t.HelmChartContainer - [hivemq-test-hivemq-platform] [hivemq-platform-operator] [52a2fb00] 21:20:44.029 [ReconcilerExecutor-hivemq-controller-114] DEBUG c.h.p.o.HiveMQPlatformReconciler - [helmroll] Custom Resource Status STARTING - HiveMQ Platform is starting (READY)
2025-01-28 21:20:44,032 INFO c.h.h.t.HelmChartContainer - [hivemq-test-hivemq-platform] [hivemq-platform-operator] [52a2fb00] 21:20:44.029 [ReconcilerExecutor-hivemq-controller-114] DEBUG c.h.p.o.HiveMQPlatformReconciler - [helmroll] Custom Resource Spec (replicas: 1) (extensions: 1)
2025-01-28 21:20:44,112 INFO c.h.h.t.HelmChartContainer - [hivemq-test-hivemq-platform] [hivemq-platform-operator] [52a2fb00] 21:20:44.111 [ReconcilerExecutor-hivemq-controller-114] DEBUG c.h.p.o.HiveMQPlatformReconciler - [helmroll] StatefulSet Status (revision: test-hivemq-platform-54c4467984, replicas: 1, available: 0, ready: 0, current: 1, updated: 1)
2025-01-28 21:20:44,114 INFO c.h.h.t.HelmChartContainer - [hivemq-test-hivemq-platform] [hivemq-platform-operator] [52a2fb00] 21:20:44.111 [ReconcilerExecutor-hivemq-controller-114] DEBUG c.h.p.o.HiveMQPlatformReconciler - [helmroll] StatefulSet Spec (replicas: 1, init containers: 1, containers: 1, volumes: 3)
2025-01-28 21:20:44,116 INFO c.h.h.t.HelmChartContainer - [hivemq-test-hivemq-platform] [hivemq-platform-operator] [52a2fb00] 21:20:44.114 [ReconcilerExecutor-hivemq-controller-114] DEBUG c.h.p.o.h.HiveMQPlatformReconcilerErrorHandler - [helmroll] Pod 'test-hivemq-platform-0' phase Running
2025-01-28 21:20:44,117 INFO c.h.h.t.HelmChartContainer - [hivemq-test-hivemq-platform] [hivemq-platform-operator] [52a2fb00] 21:20:44.116 [ReconcilerExecutor-hivemq-controller-114] INFO  c.h.p.o.h.HiveMQPlatformReconcilerBaseHandler - [helmroll] HiveMQ Platform is starting, 0 of 1 replicas are ready
2025-01-28 21:20:44,206 INFO c.h.h.t.HelmChartContainer - [test-hivemq-platform] [hivemq] [b0d502c2] INFO  - Extension "DNS Cluster Discovery Extension" version 4.3.2 started successfully.
2025-01-28 21:20:44,206 INFO c.h.h.t.HelmChartContainer - [test-hivemq-platform] [hivemq] [b0d502c2] INFO  - Starting extension with id "hivemq-prometheus-extension" at /opt/hivemq/extensions/hivemq-prometheus-extension
2025-01-28 21:20:44,924 INFO c.h.h.t.HelmChartContainer - [EVENT] Warning [Unhealthy] Readiness probe failed: Get "http://10.42.0.14:7979/readiness": context deadline exceeded (Client.Timeout exceeded while awaiting headers) [helmrollingupgradeplatformit:test-hivemq-platform-0]
2025-01-28 21:20:44,924 INFO c.h.h.t.HelmChartContainer - Received Unhealthy event for container hivemq in pod test-hivemq-platform-0 [b0d502c2-b2e2-4658-b2a0-5ddb9414f60b]
2025-01-28 21:20:45,363 INFO c.h.h.t.HelmChartContainer - [test-hivemq-platform] [hivemq] [b0d502c2] INFO  - [HiveMQ Platform Operator Init App 1.7.0-SNAPSHOT] Returning Health API response 503 for readiness
2025-01-28 21:20:45,466 INFO c.h.h.t.HelmChartContainer - [test-hivemq-platform] [hivemq] [b0d502c2] INFO  - Started Jetty Server exposing Prometheus Servlet on URI http://0.0.0.0:9399/
2025-01-28 21:20:45,466 INFO c.h.h.t.HelmChartContainer - [test-hivemq-platform] [hivemq] [b0d502c2] INFO  - Extension "Prometheus Monitoring Extension" version 4.0.12 started successfully.
2025-01-28 21:20:45,466 INFO c.h.h.t.HelmChartContainer - [test-hivemq-platform] [hivemq] [b0d502c2] INFO  - Starting extension with id "hivemq-allow-all-extension" at /opt/hivemq/extensions/hivemq-allow-all-extension
2025-01-28 21:20:45,467 INFO c.h.h.t.HelmChartContainer - [test-hivemq-platform] [hivemq] [b0d502c2] WARN  - 
2025-01-28 21:20:45,469 INFO c.h.h.t.HelmChartContainer - [test-hivemq-platform] [hivemq] [b0d502c2] ################################################################################################################
2025-01-28 21:20:45,469 INFO c.h.h.t.HelmChartContainer - [test-hivemq-platform] [hivemq] [b0d502c2] # This HiveMQ deployment is not secure! You are lacking Authentication and Authorization.                      #
2025-01-28 21:20:45,469 INFO c.h.h.t.HelmChartContainer - [test-hivemq-platform] [hivemq] [b0d502c2] # Right now any MQTT client can connect to the broker with a full set of permissions.                          #
2025-01-28 21:20:45,469 INFO c.h.h.t.HelmChartContainer - [test-hivemq-platform] [hivemq] [b0d502c2] # For production usage, add an appropriate security extension and remove the hivemq-allow-all extension.       #
2025-01-28 21:20:45,469 INFO c.h.h.t.HelmChartContainer - [test-hivemq-platform] [hivemq] [b0d502c2] # You can download security extensions from the HiveMQ Marketplace (https://www.hivemq.com/extensions/).       #
2025-01-28 21:20:45,469 INFO c.h.h.t.HelmChartContainer - [test-hivemq-platform] [hivemq] [b0d502c2] ################################################################################################################
2025-01-28 21:20:45,469 INFO c.h.h.t.HelmChartContainer - [test-hivemq-platform] [hivemq] [b0d502c2] INFO  - Extension "Allow All Extension" version 1.1.0 started successfully.
2025-01-28 21:20:47,806 INFO c.h.h.t.HelmChartContainer - [test-hivemq-platform] [hivemq] [b0d502c2] INFO  - 23HDh: no members discovered after 2902 ms: creating cluster as first member
2025-01-28 21:20:47,812 INFO c.h.h.t.HelmChartContainer - [test-hivemq-platform] [hivemq] [b0d502c2] INFO  - Cluster nodes found by discovery: [23HDh|0] (1) [23HDh].
2025-01-28 21:20:47,906 INFO c.h.h.t.HelmChartContainer - [test-hivemq-platform] [hivemq] [b0d502c2] INFO  - No user for HiveMQ Control Center configured. Starting with default user
2025-01-28 21:20:47,906 INFO c.h.h.t.HelmChartContainer - [test-hivemq-platform] [hivemq] [b0d502c2] INFO  - Starting HiveMQ Control Center on address 0.0.0.0 and port 8080
2025-01-28 21:20:47,913 INFO c.h.h.t.HelmChartContainer - [test-hivemq-platform] [hivemq] [b0d502c2] INFO  - Mounting HiveMQ Control Center V2 Preview
2025-01-28 21:20:48,515 INFO c.h.h.t.HelmChartContainer - [test-hivemq-platform] [hivemq] [b0d502c2] INFO  - Started HiveMQ Control Center in 610ms
2025-01-28 21:20:48,608 INFO c.h.h.t.HelmChartContainer - [test-hivemq-platform] [hivemq] [b0d502c2] INFO  - Starting TCP listener on address 0.0.0.0 and port 1883
2025-01-28 21:20:48,622 INFO c.h.h.t.HelmChartContainer - [test-hivemq-platform] [hivemq] [b0d502c2] INFO  - Started TCP Listener on address 0.0.0.0 and on port 1883.
2025-01-28 21:20:48,622 INFO c.h.h.t.HelmChartContainer - [test-hivemq-platform] [hivemq] [b0d502c2] INFO  - Started HiveMQ in 33358ms
2025-01-28 21:20:48,886 INFO c.h.h.t.HelmChartContainer - [test-hivemq-platform] [hivemq] [b0d502c2] INFO  - [HiveMQ Platform Operator Init App 1.7.0-SNAPSHOT] Returning Health API response 200 for readiness
2025-01-28 21:20:48,911 INFO c.h.h.t.HelmChartContainer - [POD] test-hivemq-platform-0 [b0d502c2-b2e2-4658-b2a0-5ddb9414f60b] in helmrollingupgradeplatformit was MODIFIED
2025-01-28 21:20:48,925 INFO c.h.h.t.HelmChartContainer - [hivemq-test-hivemq-platform] [hivemq-platform-operator] [52a2fb00] 21:20:48.917 [pool-6-thread-8] DEBUG c.h.p.o.d.PlatformServiceResource - [helmroll] Desired Platform services (3 services)
2025-01-28 21:20:48,930 INFO c.h.h.t.HelmChartContainer - [hivemq-test-hivemq-platform] [hivemq-platform-operator] [52a2fb00] 21:20:48.920 [pool-6-thread-6] DEBUG c.h.p.o.dependants.PodInfoConfigMap - [helmroll] Desired PodInfo ConfigMap (1 extensions) (1 enabled)
2025-01-28 21:20:48,930 INFO c.h.h.t.HelmChartContainer - [hivemq-test-hivemq-platform] [hivemq-platform-operator] [52a2fb00] 21:20:48.920 [pool-6-thread-6] DEBUG c.h.p.o.dependants.PodInfoConfigMap - [helmroll] Desired PodInfo ConfigMap (metrics port: 9399) (metrics path: /)
2025-01-28 21:20:48,930 INFO c.h.h.t.HelmChartContainer - [hivemq-test-hivemq-platform] [hivemq-platform-operator] [52a2fb00] 21:20:48.920 [pool-6-thread-6] DEBUG c.h.p.o.dependants.PodInfoConfigMap - [helmroll] Desired PodInfo ConfigMap (extension state hash: -1817474005)
2025-01-28 21:20:48,930 INFO c.h.h.t.HelmChartContainer - [hivemq-test-hivemq-platform] [hivemq-platform-operator] [52a2fb00] 21:20:48.922 [pool-6-thread-6] DEBUG c.h.p.o.d.PodServiceAccountResource - [helmroll] Desired PodServiceAccountResource (serviceAccountName: hivemq-platform-pod-test-hivemq-platform)
2025-01-28 21:20:48,932 INFO c.h.h.t.HelmChartContainer - [hivemq-test-hivemq-platform] [hivemq-platform-operator] [52a2fb00] 21:20:48.931 [pool-6-thread-1] DEBUG c.h.p.o.d.StatefulSetResource - [helmroll] Desired StatefulSet (1 replicas) for status STARTING (READY)
2025-01-28 21:20:49,007 INFO c.h.h.t.HelmChartContainer - [hivemq-test-hivemq-platform] [hivemq-platform-operator] [52a2fb00] 21:20:49.006 [ReconcilerExecutor-hivemq-controller-115] INFO  c.h.p.o.HiveMQPlatformReconciler - [helmroll] Reconciling HiveMQ Platform 'test-hivemq-platform' in namespace 'helmrollingupgradeplatformit'
2025-01-28 21:20:49,007 INFO c.h.h.t.HelmChartContainer - [hivemq-test-hivemq-platform] [hivemq-platform-operator] [52a2fb00] 21:20:49.006 [ReconcilerExecutor-hivemq-controller-115] DEBUG c.h.p.o.HiveMQPlatformReconciler - [helmroll] Custom Resource Status STARTING - HiveMQ Platform is starting (READY)
2025-01-28 21:20:49,007 INFO c.h.h.t.HelmChartContainer - [hivemq-test-hivemq-platform] [hivemq-platform-operator] [52a2fb00] 21:20:49.006 [ReconcilerExecutor-hivemq-controller-115] DEBUG c.h.p.o.HiveMQPlatformReconciler - [helmroll] Custom Resource Spec (replicas: 1) (extensions: 1)
2025-01-28 21:20:49,009 INFO c.h.h.t.HelmChartContainer - [hivemq-test-hivemq-platform] [hivemq-platform-operator] [52a2fb00] 21:20:49.008 [ReconcilerExecutor-hivemq-controller-115] DEBUG c.h.p.o.HiveMQPlatformReconciler - [helmroll] StatefulSet Status (revision: test-hivemq-platform-54c4467984, replicas: 1, available: 1, ready: 1, current: 1, updated: 1)
2025-01-28 21:20:49,009 INFO c.h.h.t.HelmChartContainer - [hivemq-test-hivemq-platform] [hivemq-platform-operator] [52a2fb00] 21:20:49.009 [ReconcilerExecutor-hivemq-controller-115] DEBUG c.h.p.o.HiveMQPlatformReconciler - [helmroll] StatefulSet Spec (replicas: 1, init containers: 1, containers: 1, volumes: 3)
2025-01-28 21:20:49,012 INFO c.h.h.t.HelmChartContainer - [hivemq-test-hivemq-platform] [hivemq-platform-operator] [52a2fb00] 21:20:49.010 [ReconcilerExecutor-hivemq-controller-115] DEBUG c.h.p.o.h.HiveMQPlatformReconcilerErrorHandler - [helmroll] Pod 'test-hivemq-platform-0' phase Running
2025-01-28 21:20:49,013 INFO c.h.h.t.HelmChartContainer - [hivemq-test-hivemq-platform] [hivemq-platform-operator] [52a2fb00] 21:20:49.011 [ReconcilerExecutor-hivemq-controller-115] INFO  c.h.p.o.h.HiveMQPlatformReconcilerBaseHandler - [helmroll] HiveMQ Platform started successfully
2025-01-28 21:20:49,030 INFO c.h.h.t.HelmChartContainer - [hivemq-test-hivemq-platform] [hivemq-platform-operator] [52a2fb00] 21:20:49.028 [ReconcilerExecutor-hivemq-controller-115] DEBUG c.h.p.operator.event.EventSender - [helmroll] Creating K8s event hivemq-platform-ready: [Ready] HiveMQ Platform is ready
2025-01-28 21:20:49,110 INFO c.h.h.t.HelmChartContainer - [EVENT] Normal [Ready] HiveMQ Platform is ready [helmrollingupgradeplatformit:test-hivemq-platform]
2025-01-28 21:20:49,112 INFO c.h.h.t.HelmChartContainer - [hivemq-test-hivemq-platform] [hivemq-platform-operator] [52a2fb00] 21:20:49.111 [ReconcilerExecutor-hivemq-controller-115] INFO  c.h.p.o.h.AbstractHiveMQReconcilerStateHandler - [helmroll] Update HiveMQ Platform Status (STARTING [READY] -> RUNNING [READY]): HiveMQ Platform is ready
2025-01-28 21:20:49,121 DEBUG com.hivemq.helmcharts.util.K8sUtil - Comparing actual state 'RUNNING' and waiting for 'RUNNING'
2025-01-28 21:20:49,125 INFO c.h.h.t.HelmChartContainer - [hivemq-test-hivemq-platform] [hivemq-platform-operator] [52a2fb00] 21:20:49.124 [pool-6-thread-13] DEBUG c.h.p.o.d.PlatformServiceResource - [helmroll] Desired Platform services (3 services)
2025-01-28 21:20:49,127 INFO c.h.h.t.HelmChartContainer - [hivemq-test-hivemq-platform] [hivemq-platform-operator] [52a2fb00] 21:20:49.126 [pool-6-thread-12] DEBUG c.h.p.o.d.PodServiceAccountResource - [helmroll] Desired PodServiceAccountResource (serviceAccountName: hivemq-platform-pod-test-hivemq-platform)
2025-01-28 21:20:49,130 INFO c.h.h.t.HelmChartContainer - [hivemq-test-hivemq-platform] [hivemq-platform-operator] [52a2fb00] 21:20:49.127 [pool-6-thread-19] DEBUG c.h.p.o.dependants.PodInfoConfigMap - [helmroll] Desired PodInfo ConfigMap (1 extensions) (1 enabled)
2025-01-28 21:20:49,130 INFO c.h.h.t.HelmChartContainer - [hivemq-test-hivemq-platform] [hivemq-platform-operator] [52a2fb00] 21:20:49.127 [pool-6-thread-19] DEBUG c.h.p.o.dependants.PodInfoConfigMap - [helmroll] Desired PodInfo ConfigMap (metrics port: 9399) (metrics path: /)
2025-01-28 21:20:49,130 INFO c.h.h.t.HelmChartContainer - [hivemq-test-hivemq-platform] [hivemq-platform-operator] [52a2fb00] 21:20:49.127 [pool-6-thread-19] DEBUG c.h.p.o.dependants.PodInfoConfigMap - [helmroll] Desired PodInfo ConfigMap (extension state hash: -1817474005)
2025-01-28 21:20:49,130 INFO c.h.h.t.HelmChartContainer - [hivemq-test-hivemq-platform] [hivemq-platform-operator] [52a2fb00] 21:20:49.128 [pool-6-thread-19] DEBUG c.h.p.o.dependants.PodInfoConfigMap - [helmroll] Update PodInfo ConfigMap
2025-01-28 21:20:49,213 DEBUG c.h.h.t.HelmChartContainer - Executing helm command: /bin/helm --kubeconfig /etc/rancher/k3s/k3s.yaml upgrade test-hivemq-platform /charts/hivemq-platform --wait --timeout 5m0s --set image.repository=docker.io/hivemq --set image.tag=4.36.0 --set image.pullPolicy=Never --set nodes.resources.cpu=512m --set nodes.replicaCount=1 --namespace helmrollingupgradeplatformit
2025-01-28 21:20:49,221 INFO c.h.h.t.HelmChartContainer - [hivemq-test-hivemq-platform] [hivemq-platform-operator] [52a2fb00] 21:20:49.213 [pool-6-thread-14] DEBUG c.h.p.o.d.StatefulSetResource - [helmroll] Desired StatefulSet (1 replicas) for status RUNNING (READY)
2025-01-28 21:20:49,222 INFO c.h.h.t.HelmChartContainer - [hivemq-test-hivemq-platform] [hivemq-platform-operator] [52a2fb00] 21:20:49.219 [ReconcilerExecutor-hivemq-controller-116] INFO  c.h.p.o.HiveMQPlatformReconciler - [helmroll] Reconciling HiveMQ Platform 'test-hivemq-platform' in namespace 'helmrollingupgradeplatformit'
2025-01-28 21:20:49,222 INFO c.h.h.t.HelmChartContainer - [hivemq-test-hivemq-platform] [hivemq-platform-operator] [52a2fb00] 21:20:49.220 [ReconcilerExecutor-hivemq-controller-116] DEBUG c.h.p.o.HiveMQPlatformReconciler - [helmroll] Custom Resource Status RUNNING - HiveMQ Platform is ready (READY)
2025-01-28 21:20:49,222 INFO c.h.h.t.HelmChartContainer - [hivemq-test-hivemq-platform] [hivemq-platform-operator] [52a2fb00] 21:20:49.220 [ReconcilerExecutor-hivemq-controller-116] DEBUG c.h.p.o.HiveMQPlatformReconciler - [helmroll] Custom Resource Spec (replicas: 1) (extensions: 1)
2025-01-28 21:20:49,225 INFO c.h.h.t.HelmChartContainer - [hivemq-test-hivemq-platform] [hivemq-platform-operator] [52a2fb00] 21:20:49.222 [ReconcilerExecutor-hivemq-controller-116] DEBUG c.h.p.o.HiveMQPlatformReconciler - [helmroll] StatefulSet Status (revision: test-hivemq-platform-54c4467984, replicas: 1, available: 1, ready: 1, current: 1, updated: 1)
2025-01-28 21:20:49,225 INFO c.h.h.t.HelmChartContainer - [hivemq-test-hivemq-platform] [hivemq-platform-operator] [52a2fb00] 21:20:49.222 [ReconcilerExecutor-hivemq-controller-116] DEBUG c.h.p.o.HiveMQPlatformReconciler - [helmroll] StatefulSet Spec (replicas: 1, init containers: 1, containers: 1, volumes: 3)
2025-01-28 21:20:49,225 INFO c.h.h.t.HelmChartContainer - [hivemq-test-hivemq-platform] [hivemq-platform-operator] [52a2fb00] 21:20:49.224 [ReconcilerExecutor-hivemq-controller-116] DEBUG c.h.p.o.h.HiveMQPlatformReconcilerErrorHandler - [helmroll] Pod 'test-hivemq-platform-0' phase Running
2025-01-28 21:20:49,583 INFO c.h.h.t.HelmChartContainer - [hivemq-test-hivemq-platform] [hivemq-platform-operator] [52a2fb00] 21:20:49.582 [pool-6-thread-26] DEBUG c.h.p.o.d.PlatformServiceResource - [helmroll] Desired Platform services (3 services)
2025-01-28 21:20:49,592 INFO c.h.h.t.HelmChartContainer - [hivemq-test-hivemq-platform] [hivemq-platform-operator] [52a2fb00] 21:20:49.587 [pool-6-thread-23] DEBUG c.h.p.o.d.PodServiceAccountResource - [helmroll] Desired PodServiceAccountResource (serviceAccountName: hivemq-platform-pod-test-hivemq-platform)
2025-01-28 21:20:49,595 INFO c.h.h.t.HelmChartContainer - [hivemq-test-hivemq-platform] [hivemq-platform-operator] [52a2fb00] 21:20:49.585 [pool-6-thread-22] DEBUG c.h.p.o.dependants.PodInfoConfigMap - [helmroll] Desired PodInfo ConfigMap (1 extensions) (1 enabled)
2025-01-28 21:20:49,596 INFO c.h.h.t.HelmChartContainer - [hivemq-test-hivemq-platform] [hivemq-platform-operator] [52a2fb00] 21:20:49.592 [pool-6-thread-22] DEBUG c.h.p.o.dependants.PodInfoConfigMap - [helmroll] Desired PodInfo ConfigMap (metrics port: 9399) (metrics path: /)
2025-01-28 21:20:49,596 INFO c.h.h.t.HelmChartContainer - [hivemq-test-hivemq-platform] [hivemq-platform-operator] [52a2fb00] 21:20:49.592 [pool-6-thread-22] DEBUG c.h.p.o.dependants.PodInfoConfigMap - [helmroll] Desired PodInfo ConfigMap (extension state hash: -1817474005)
2025-01-28 21:20:49,599 INFO c.h.h.t.HelmChartContainer - [hivemq-test-hivemq-platform] [hivemq-platform-operator] [52a2fb00] 21:20:49.598 [pool-6-thread-22] DEBUG c.h.p.o.d.StatefulSetResource - [helmroll] Desired StatefulSet (1 replicas) for status RUNNING (READY)
2025-01-28 21:20:49,615 INFO c.h.h.t.HelmChartContainer - [hivemq-test-hivemq-platform] [hivemq-platform-operator] [52a2fb00] 21:20:49.610 [ReconcilerExecutor-hivemq-controller-117] INFO  c.h.p.o.HiveMQPlatformReconciler - [helmroll] Reconciling HiveMQ Platform 'test-hivemq-platform' in namespace 'helmrollingupgradeplatformit'
2025-01-28 21:20:49,616 INFO c.h.h.t.HelmChartContainer - [hivemq-test-hivemq-platform] [hivemq-platform-operator] [52a2fb00] 21:20:49.610 [ReconcilerExecutor-hivemq-controller-117] DEBUG c.h.p.o.HiveMQPlatformReconciler - [helmroll] Custom Resource Status RUNNING - HiveMQ Platform is ready (READY)
2025-01-28 21:20:49,616 INFO c.h.h.t.HelmChartContainer - [hivemq-test-hivemq-platform] [hivemq-platform-operator] [52a2fb00] 21:20:49.610 [ReconcilerExecutor-hivemq-controller-117] DEBUG c.h.p.o.HiveMQPlatformReconciler - [helmroll] Custom Resource Spec (replicas: 1) (extensions: 1)
2025-01-28 21:20:49,616 INFO c.h.h.t.HelmChartContainer - [hivemq-test-hivemq-platform] [hivemq-platform-operator] [52a2fb00] 21:20:49.612 [ReconcilerExecutor-hivemq-controller-117] DEBUG c.h.p.o.HiveMQPlatformReconciler - [helmroll] StatefulSet Status (revision: test-hivemq-platform-54c4467984, replicas: 1, available: 1, ready: 1, current: 1, updated: 1)
2025-01-28 21:20:49,616 INFO c.h.h.t.HelmChartContainer - [hivemq-test-hivemq-platform] [hivemq-platform-operator] [52a2fb00] 21:20:49.612 [ReconcilerExecutor-hivemq-controller-117] DEBUG c.h.p.o.HiveMQPlatformReconciler - [helmroll] StatefulSet Spec (replicas: 1, init containers: 1, containers: 1, volumes: 3)
2025-01-28 21:20:49,616 INFO c.h.h.t.HelmChartContainer - [hivemq-test-hivemq-platform] [hivemq-platform-operator] [52a2fb00] 21:20:49.613 [ReconcilerExecutor-hivemq-controller-117] DEBUG c.h.p.o.h.HiveMQPlatformReconcilerErrorHandler - [helmroll] Pod 'test-hivemq-platform-0' phase Running
2025-01-28 21:20:49,618 INFO c.h.h.t.HelmChartContainer - [hivemq-test-hivemq-platform] [hivemq-platform-operator] [52a2fb00] 21:20:49.617 [pool-6-thread-38] DEBUG c.h.p.o.d.PlatformServiceResource - [helmroll] Desired Platform services (3 services)
2025-01-28 21:20:49,623 INFO c.h.h.t.HelmChartContainer - [hivemq-test-hivemq-platform] [hivemq-platform-operator] [52a2fb00] 21:20:49.622 [pool-6-thread-31] DEBUG c.h.p.o.dependants.PodInfoConfigMap - [helmroll] Desired PodInfo ConfigMap (1 extensions) (1 enabled)
2025-01-28 21:20:49,624 INFO c.h.h.t.HelmChartContainer - [hivemq-test-hivemq-platform] [hivemq-platform-operator] [52a2fb00] 21:20:49.622 [pool-6-thread-31] DEBUG c.h.p.o.dependants.PodInfoConfigMap - [helmroll] Desired PodInfo ConfigMap (metrics port: 9399) (metrics path: /)
2025-01-28 21:20:49,624 INFO c.h.h.t.HelmChartContainer - [hivemq-test-hivemq-platform] [hivemq-platform-operator] [52a2fb00] 21:20:49.622 [pool-6-thread-31] DEBUG c.h.p.o.dependants.PodInfoConfigMap - [helmroll] Desired PodInfo ConfigMap (extension state hash: -1817474005)
2025-01-28 21:20:49,624 INFO c.h.h.t.HelmChartContainer - [hivemq-test-hivemq-platform] [hivemq-platform-operator] [52a2fb00] 21:20:49.624 [pool-6-thread-33] DEBUG c.h.p.o.d.PodServiceAccountResource - [helmroll] Desired PodServiceAccountResource (serviceAccountName: hivemq-platform-pod-test-hivemq-platform)
2025-01-28 21:20:49,713 INFO c.h.h.t.HelmChartContainer - [hivemq-test-hivemq-platform] [hivemq-platform-operator] [52a2fb00] 21:20:49.710 [pool-6-thread-31] DEBUG c.h.p.o.dependants.PodInfoConfigMap - [helmroll] Update PodInfo ConfigMap
2025-01-28 21:20:49,784 DEBUG com.hivemq.helmcharts.util.K8sUtil - Comparing actual state 'RUNNING' and waiting for 'ROLLING_RESTART'
2025-01-28 21:20:50,009 INFO c.h.h.t.HelmChartContainer - [hivemq-test-hivemq-platform] [hivemq-platform-operator] [52a2fb00] 21:20:49.926 [pool-6-thread-38] DEBUG c.h.p.o.d.StatefulSetResource - [helmroll] Desired StatefulSet (1 replicas) for status RUNNING (READY)
2025-01-28 21:20:50,012 INFO c.h.h.t.HelmChartContainer - [hivemq-test-hivemq-platform] [hivemq-platform-operator] [52a2fb00] 21:20:50.011 [pool-6-thread-38] DEBUG c.h.p.o.d.StatefulSetResource - [helmroll] Update StatefulSet (replicas: 1 -> 1)
2025-01-28 21:20:50,027 INFO c.h.h.t.HelmChartContainer - [hivemq-test-hivemq-platform] [hivemq-platform-operator] [52a2fb00] 21:20:50.022 [pool-6-thread-38] DEBUG c.h.p.o.d.StatefulSetResource - [helmroll] Detected change in StatefulSet specification (path: /template/spec/containers/0/image) (actual value: "docker.io/hivemq/hivemq4:4.35.0") (target value: "docker.io/hivemq/hivemq4:4.36.0")
2025-01-28 21:20:50,027 INFO c.h.h.t.HelmChartContainer - [hivemq-test-hivemq-platform] [hivemq-platform-operator] [52a2fb00] 21:20:50.026 [pool-6-thread-38] INFO  c.h.p.o.d.StatefulSetResource - [helmroll] StatefulSet spec was updated, triggering rolling restart
2025-01-28 21:20:50,113 INFO c.h.h.t.HelmChartContainer - [hivemq-test-hivemq-platform] [hivemq-platform-operator] [52a2fb00] 21:20:50.111 [ReconcilerExecutor-hivemq-controller-118] INFO  c.h.p.o.HiveMQPlatformReconciler - [helmroll] Reconciling HiveMQ Platform 'test-hivemq-platform' in namespace 'helmrollingupgradeplatformit'
2025-01-28 21:20:50,113 INFO c.h.h.t.HelmChartContainer - [hivemq-test-hivemq-platform] [hivemq-platform-operator] [52a2fb00] 21:20:50.111 [ReconcilerExecutor-hivemq-controller-118] DEBUG c.h.p.o.HiveMQPlatformReconciler - [helmroll] Custom Resource Status RUNNING - HiveMQ Platform is ready (READY) (reconciliation requests: ROLLING_RESTART, REQUESTS_UPDATED)
2025-01-28 21:20:50,113 INFO c.h.h.t.HelmChartContainer - [hivemq-test-hivemq-platform] [hivemq-platform-operator] [52a2fb00] 21:20:50.112 [ReconcilerExecutor-hivemq-controller-118] DEBUG c.h.p.o.HiveMQPlatformReconciler - [helmroll] Custom Resource Spec (replicas: 1) (extensions: 1)
2025-01-28 21:20:50,116 INFO c.h.h.t.HelmChartContainer - [hivemq-test-hivemq-platform] [hivemq-platform-operator] [52a2fb00] 21:20:50.114 [ReconcilerExecutor-hivemq-controller-118] DEBUG c.h.p.o.HiveMQPlatformReconciler - [helmroll] StatefulSet Status (revision: test-hivemq-platform-945c6dcb4, replicas: 1, available: 1, ready: 1, current: 1, updated: 0)
2025-01-28 21:20:50,116 INFO c.h.h.t.HelmChartContainer - [hivemq-test-hivemq-platform] [hivemq-platform-operator] [52a2fb00] 21:20:50.114 [ReconcilerExecutor-hivemq-controller-118] DEBUG c.h.p.o.HiveMQPlatformReconciler - [helmroll] StatefulSet Spec (replicas: 1, init containers: 1, containers: 1, volumes: 3)
2025-01-28 21:20:50,118 INFO c.h.h.t.HelmChartContainer - [hivemq-test-hivemq-platform] [hivemq-platform-operator] [52a2fb00] 21:20:50.115 [ReconcilerExecutor-hivemq-controller-118] DEBUG c.h.p.o.h.HiveMQPlatformReconcilerErrorHandler - [helmroll] Pod 'test-hivemq-platform-0' phase Running
2025-01-28 21:20:50,118 INFO c.h.h.t.HelmChartContainer - [hivemq-test-hivemq-platform] [hivemq-platform-operator] [52a2fb00] 21:20:50.116 [ReconcilerExecutor-hivemq-controller-118] INFO  c.h.p.o.h.HiveMQPlatformReconcilerBaseHandler - [helmroll] Started rolling restart (scaling to 2 replicas)
2025-01-28 21:20:50,218 INFO c.h.h.t.HelmChartContainer - [hivemq-test-hivemq-platform] [hivemq-platform-operator] [52a2fb00] 21:20:50.217 [ReconcilerExecutor-hivemq-controller-118] DEBUG c.h.p.operator.event.EventSender - [helmroll] Creating K8s event rolling-restart-started: [RollingRestart] HiveMQ Platform is starting a surge Pod (rolling restart)
2025-01-28 21:20:50,222 INFO c.h.h.t.HelmChartContainer - [EVENT] Normal [RollingRestart] HiveMQ Platform is starting a surge Pod (rolling restart) [helmrollingupgradeplatformit:test-hivemq-platform]
2025-01-28 21:20:50,223 INFO c.h.h.t.HelmChartContainer - [hivemq-test-hivemq-platform] [hivemq-platform-operator] [52a2fb00] 21:20:50.222 [ReconcilerExecutor-hivemq-controller-118] INFO  c.h.p.o.h.AbstractHiveMQReconcilerStateHandler - [helmroll] Update HiveMQ Platform Status (RUNNING [READY] -> ROLLING_RESTART [SURGE_IN_PROGRESS]): HiveMQ Platform is starting a surge Pod (rolling restart)
2025-01-28 21:20:50,231 DEBUG com.hivemq.helmcharts.util.K8sUtil - Comparing actual state 'ROLLING_RESTART' and waiting for 'ROLLING_RESTART'
2025-01-28 21:20:50,235 DEBUG com.hivemq.helmcharts.util.K8sUtil - Comparing actual state 'ROLLING_RESTART' and waiting for 'RUNNING'
2025-01-28 21:20:50,310 INFO c.h.h.t.HelmChartContainer - [hivemq-test-hivemq-platform] [hivemq-platform-operator] [52a2fb00] 21:20:50.308 [pool-6-thread-42] DEBUG c.h.p.o.dependants.PodInfoConfigMap - [helmroll] Desired PodInfo ConfigMap (1 extensions) (1 enabled)
2025-01-28 21:20:50,311 INFO c.h.h.t.HelmChartContainer - [hivemq-test-hivemq-platform] [hivemq-platform-operator] [52a2fb00] 21:20:50.308 [pool-6-thread-44] DEBUG c.h.p.o.d.PodServiceAccountResource - [helmroll] Desired PodServiceAccountResource (serviceAccountName: hivemq-platform-pod-test-hivemq-platform)
2025-01-28 21:20:50,311 INFO c.h.h.t.HelmChartContainer - [hivemq-test-hivemq-platform] [hivemq-platform-operator] [52a2fb00] 21:20:50.308 [pool-6-thread-42] DEBUG c.h.p.o.dependants.PodInfoConfigMap - [helmroll] Desired PodInfo ConfigMap (metrics port: 9399) (metrics path: /)
2025-01-28 21:20:50,311 INFO c.h.h.t.HelmChartContainer - [hivemq-test-hivemq-platform] [hivemq-platform-operator] [52a2fb00] 21:20:50.308 [pool-6-thread-42] DEBUG c.h.p.o.dependants.PodInfoConfigMap - [helmroll] Desired PodInfo ConfigMap (extension state hash: -1817474005)
2025-01-28 21:20:50,311 INFO c.h.h.t.HelmChartContainer - [hivemq-test-hivemq-platform] [hivemq-platform-operator] [52a2fb00] 21:20:50.308 [pool-6-thread-42] DEBUG c.h.p.o.dependants.PodInfoConfigMap - [helmroll] Update PodInfo ConfigMap
2025-01-28 21:20:50,311 INFO c.h.h.t.HelmChartContainer - [hivemq-test-hivemq-platform] [hivemq-platform-operator] [52a2fb00] 21:20:50.309 [pool-6-thread-47] DEBUG c.h.p.o.d.PlatformServiceResource - [helmroll] Desired Platform services (3 services)
2025-01-28 21:20:50,320 INFO c.h.h.t.HelmChartContainer - [hivemq-test-hivemq-platform] [hivemq-platform-operator] [52a2fb00] 21:20:50.319 [pool-6-thread-42] DEBUG c.h.p.o.d.StatefulSetResource - [helmroll] Desired StatefulSet (2 replicas) for status ROLLING_RESTART (SURGE_IN_PROGRESS)
2025-01-28 21:20:50,322 INFO c.h.h.t.HelmChartContainer - [hivemq-test-hivemq-platform] [hivemq-platform-operator] [52a2fb00] 21:20:50.321 [pool-6-thread-42] DEBUG c.h.p.o.d.StatefulSetResource - [helmroll] Update StatefulSet (replicas: 1 -> 2)
2025-01-28 21:20:50,423 INFO c.h.h.t.HelmChartContainer - [hivemq-test-hivemq-platform] [hivemq-platform-operator] [52a2fb00] 21:20:50.419 [ReconcilerExecutor-hivemq-controller-119] INFO  c.h.p.o.HiveMQPlatformReconciler - [helmroll] Reconciling HiveMQ Platform 'test-hivemq-platform' in namespace 'helmrollingupgradeplatformit'
2025-01-28 21:20:50,423 INFO c.h.h.t.HelmChartContainer - [hivemq-test-hivemq-platform] [hivemq-platform-operator] [52a2fb00] 21:20:50.420 [ReconcilerExecutor-hivemq-controller-119] DEBUG c.h.p.o.HiveMQPlatformReconciler - [helmroll] Custom Resource Status ROLLING_RESTART - HiveMQ Platform is starting a surge Pod (rolling restart) (SURGE_IN_PROGRESS)
2025-01-28 21:20:50,423 INFO c.h.h.t.HelmChartContainer - [hivemq-test-hivemq-platform] [hivemq-platform-operator] [52a2fb00] 21:20:50.420 [ReconcilerExecutor-hivemq-controller-119] DEBUG c.h.p.o.HiveMQPlatformReconciler - [helmroll] Custom Resource Spec (replicas: 1) (extensions: 1)
2025-01-28 21:20:50,423 INFO c.h.h.t.HelmChartContainer - [hivemq-test-hivemq-platform] [hivemq-platform-operator] [52a2fb00] 21:20:50.421 [ReconcilerExecutor-hivemq-controller-119] DEBUG c.h.p.o.HiveMQPlatformReconciler - [helmroll] StatefulSet Status (revision: test-hivemq-platform-945c6dcb4, replicas: 1, available: 1, ready: 1, current: 1, updated: 0)
2025-01-28 21:20:50,424 INFO c.h.h.t.HelmChartContainer - [hivemq-test-hivemq-platform] [hivemq-platform-operator] [52a2fb00] 21:20:50.421 [ReconcilerExecutor-hivemq-controller-119] DEBUG c.h.p.o.HiveMQPlatformReconciler - [helmroll] StatefulSet Spec (replicas: 2, init containers: 1, containers: 1, volumes: 3)
2025-01-28 21:20:50,424 INFO c.h.h.t.HelmChartContainer - [hivemq-test-hivemq-platform] [hivemq-platform-operator] [52a2fb00] 21:20:50.422 [ReconcilerExecutor-hivemq-controller-119] DEBUG c.h.p.o.h.HiveMQPlatformReconcilerErrorHandler - [helmroll] Pod 'test-hivemq-platform-0' phase Running
2025-01-28 21:20:50,427 INFO c.h.h.t.HelmChartContainer - [POD] test-hivemq-platform-1 [0fa80728-08f2-43bc-990f-19986f58f83c] in helmrollingupgradeplatformit was ADDED
2025-01-28 21:20:50,429 INFO c.h.h.t.HelmChartContainer - [hivemq-test-hivemq-platform] [hivemq-platform-operator] [52a2fb00] 21:20:50.423 [ReconcilerExecutor-hivemq-controller-119] DEBUG c.h.p.o.h.HiveMQPlatformReconcilerRollingRestartHandler - [helmroll] Rolling restart is waiting for 1 of 2 replicas
2025-01-28 21:20:50,431 INFO c.h.h.t.HelmChartContainer - [EVENT] Normal [SuccessfulCreate] create Pod test-hivemq-platform-1 in StatefulSet test-hivemq-platform successful [helmrollingupgradeplatformit:test-hivemq-platform]
2025-01-28 21:20:50,435 INFO c.h.h.t.HelmChartContainer - [POD] test-hivemq-platform-1 [0fa80728-08f2-43bc-990f-19986f58f83c] in helmrollingupgradeplatformit was MODIFIED
2025-01-28 21:20:50,436 INFO c.h.h.t.HelmChartContainer - [EVENT] Normal [Scheduled] Successfully assigned helmrollingupgradeplatformit/test-hivemq-platform-1 to 76827e36d767 [helmrollingupgradeplatformit:test-hivemq-platform-1]
2025-01-28 21:20:50,444 INFO c.h.h.t.HelmChartContainer - [POD] test-hivemq-platform-1 [0fa80728-08f2-43bc-990f-19986f58f83c] in helmrollingupgradeplatformit was MODIFIED
2025-01-28 21:20:50,514 INFO c.h.h.t.HelmChartContainer - [hivemq-test-hivemq-platform] [hivemq-platform-operator] [52a2fb00] 21:20:50.512 [pool-6-thread-2] DEBUG c.h.p.o.d.PlatformServiceResource - [helmroll] Desired Platform services (3 services)
2025-01-28 21:20:50,515 INFO c.h.h.t.HelmChartContainer - [hivemq-test-hivemq-platform] [hivemq-platform-operator] [52a2fb00] 21:20:50.513 [pool-6-thread-8] DEBUG c.h.p.o.dependants.PodInfoConfigMap - [helmroll] Desired PodInfo ConfigMap (1 extensions) (1 enabled)
2025-01-28 21:20:50,515 INFO c.h.h.t.HelmChartContainer - [hivemq-test-hivemq-platform] [hivemq-platform-operator] [52a2fb00] 21:20:50.513 [pool-6-thread-8] DEBUG c.h.p.o.dependants.PodInfoConfigMap - [helmroll] Desired PodInfo ConfigMap (metrics port: 9399) (metrics path: /)
2025-01-28 21:20:50,515 INFO c.h.h.t.HelmChartContainer - [hivemq-test-hivemq-platform] [hivemq-platform-operator] [52a2fb00] 21:20:50.513 [pool-6-thread-8] DEBUG c.h.p.o.dependants.PodInfoConfigMap - [helmroll] Desired PodInfo ConfigMap (extension state hash: -1817474005)
2025-01-28 21:20:50,517 INFO c.h.h.t.HelmChartContainer - [hivemq-test-hivemq-platform] [hivemq-platform-operator] [52a2fb00] 21:20:50.516 [pool-6-thread-7] DEBUG c.h.p.o.d.PodServiceAccountResource - [helmroll] Desired PodServiceAccountResource (serviceAccountName: hivemq-platform-pod-test-hivemq-platform)
2025-01-28 21:20:50,519 INFO c.h.h.t.HelmChartContainer - [hivemq-test-hivemq-platform] [hivemq-platform-operator] [52a2fb00] 21:20:50.518 [pool-6-thread-2] DEBUG c.h.p.o.d.StatefulSetResource - [helmroll] Desired StatefulSet (2 replicas) for status ROLLING_RESTART (SURGE_IN_PROGRESS)
2025-01-28 21:20:50,545 INFO c.h.h.t.HelmChartContainer - [K3S] [reconciler_common.go:251] "operationExecutor.VerifyControllerAttachedVolume started for volume \"operator-init\" (UniqueName: \"kubernetes.io/empty-dir/0fa80728-08f2-43bc-990f-19986f58f83c-operator-init\") pod \"test-hivemq-platform-1\" (UID: \"0fa80728-08f2-43bc-990f-19986f58f83c\") " pod="helmrollingupgradeplatformit/test-hivemq-platform-1"
2025-01-28 21:20:50,545 INFO c.h.h.t.HelmChartContainer - [K3S] [reconciler_common.go:251] "operationExecutor.VerifyControllerAttachedVolume started for volume \"broker-configuration\" (UniqueName: \"kubernetes.io/configmap/0fa80728-08f2-43bc-990f-19986f58f83c-broker-configuration\") pod \"test-hivemq-platform-1\" (UID: \"0fa80728-08f2-43bc-990f-19986f58f83c\") " pod="helmrollingupgradeplatformit/test-hivemq-platform-1"
2025-01-28 21:20:50,545 INFO c.h.h.t.HelmChartContainer - [K3S] [reconciler_common.go:251] "operationExecutor.VerifyControllerAttachedVolume started for volume \"pod-info\" (UniqueName: \"kubernetes.io/configmap/0fa80728-08f2-43bc-990f-19986f58f83c-pod-info\") pod \"test-hivemq-platform-1\" (UID: \"0fa80728-08f2-43bc-990f-19986f58f83c\") " pod="helmrollingupgradeplatformit/test-hivemq-platform-1"
2025-01-28 21:20:50,545 INFO c.h.h.t.HelmChartContainer - [K3S] [reconciler_common.go:251] "operationExecutor.VerifyControllerAttachedVolume started for volume \"kube-api-access-ptdn2\" (UniqueName: \"kubernetes.io/projected/0fa80728-08f2-43bc-990f-19986f58f83c-kube-api-access-ptdn2\") pod \"test-hivemq-platform-1\" (UID: \"0fa80728-08f2-43bc-990f-19986f58f83c\") " pod="helmrollingupgradeplatformit/test-hivemq-platform-1"
2025-01-28 21:20:50,608 INFO c.h.h.t.HelmChartContainer - [hivemq-test-hivemq-platform] [hivemq-platform-operator] [52a2fb00] 21:20:50.606 [ReconcilerExecutor-hivemq-controller-121] INFO  c.h.p.o.HiveMQPlatformReconciler - [helmroll] Reconciling HiveMQ Platform 'test-hivemq-platform' in namespace 'helmrollingupgradeplatformit'
2025-01-28 21:20:50,613 INFO c.h.h.t.HelmChartContainer - [hivemq-test-hivemq-platform] [hivemq-platform-operator] [52a2fb00] 21:20:50.606 [ReconcilerExecutor-hivemq-controller-121] DEBUG c.h.p.o.HiveMQPlatformReconciler - [helmroll] Custom Resource Status ROLLING_RESTART - HiveMQ Platform is starting a surge Pod (rolling restart) (SURGE_IN_PROGRESS)
2025-01-28 21:20:50,613 INFO c.h.h.t.HelmChartContainer - [hivemq-test-hivemq-platform] [hivemq-platform-operator] [52a2fb00] 21:20:50.606 [ReconcilerExecutor-hivemq-controller-121] DEBUG c.h.p.o.HiveMQPlatformReconciler - [helmroll] Custom Resource Spec (replicas: 1) (extensions: 1)
2025-01-28 21:20:50,614 INFO c.h.h.t.HelmChartContainer - [hivemq-test-hivemq-platform] [hivemq-platform-operator] [52a2fb00] 21:20:50.609 [ReconcilerExecutor-hivemq-controller-121] DEBUG c.h.p.o.HiveMQPlatformReconciler - [helmroll] StatefulSet Status (revision: test-hivemq-platform-945c6dcb4, replicas: 2, available: 1, ready: 1, current: 1, updated: 1)
2025-01-28 21:20:50,614 INFO c.h.h.t.HelmChartContainer - [hivemq-test-hivemq-platform] [hivemq-platform-operator] [52a2fb00] 21:20:50.609 [ReconcilerExecutor-hivemq-controller-121] DEBUG c.h.p.o.HiveMQPlatformReconciler - [helmroll] StatefulSet Spec (replicas: 2, init containers: 1, containers: 1, volumes: 3)
2025-01-28 21:20:50,614 INFO c.h.h.t.HelmChartContainer - [hivemq-test-hivemq-platform] [hivemq-platform-operator] [52a2fb00] 21:20:50.611 [ReconcilerExecutor-hivemq-controller-121] DEBUG c.h.p.o.h.HiveMQPlatformReconcilerErrorHandler - [helmroll] Pod 'test-hivemq-platform-1' phase Pending
2025-01-28 21:20:50,614 INFO c.h.h.t.HelmChartContainer - [hivemq-test-hivemq-platform] [hivemq-platform-operator] [52a2fb00] 21:20:50.611 [ReconcilerExecutor-hivemq-controller-121] DEBUG c.h.p.o.h.HiveMQPlatformReconcilerErrorHandler - [helmroll] Pod 'test-hivemq-platform-1' condition 'PodReadyToStartContainers': False
2025-01-28 21:20:50,614 INFO c.h.h.t.HelmChartContainer - [hivemq-test-hivemq-platform] [hivemq-platform-operator] [52a2fb00] 21:20:50.611 [ReconcilerExecutor-hivemq-controller-121] DEBUG c.h.p.o.h.HiveMQPlatformReconcilerErrorHandler - [helmroll] Pod 'test-hivemq-platform-1' condition 'Initialized': False
2025-01-28 21:20:50,614 INFO c.h.h.t.HelmChartContainer - [hivemq-test-hivemq-platform] [hivemq-platform-operator] [52a2fb00] 21:20:50.611 [ReconcilerExecutor-hivemq-controller-121] DEBUG c.h.p.o.h.HiveMQPlatformReconcilerErrorHandler - [helmroll] Pod 'test-hivemq-platform-1' condition 'Ready': False
2025-01-28 21:20:50,614 INFO c.h.h.t.HelmChartContainer - [hivemq-test-hivemq-platform] [hivemq-platform-operator] [52a2fb00] 21:20:50.611 [ReconcilerExecutor-hivemq-controller-121] DEBUG c.h.p.o.h.HiveMQPlatformReconcilerErrorHandler - [helmroll] Pod 'test-hivemq-platform-1' condition 'ContainersReady': False
2025-01-28 21:20:50,614 INFO c.h.h.t.HelmChartContainer - [hivemq-test-hivemq-platform] [hivemq-platform-operator] [52a2fb00] 21:20:50.611 [ReconcilerExecutor-hivemq-controller-121] DEBUG c.h.p.o.h.HiveMQPlatformReconcilerErrorHandler - [helmroll] Pod 'test-hivemq-platform-1' condition 'PodScheduled': True
2025-01-28 21:20:50,614 INFO c.h.h.t.HelmChartContainer - [hivemq-test-hivemq-platform] [hivemq-platform-operator] [52a2fb00] 21:20:50.611 [ReconcilerExecutor-hivemq-controller-121] DEBUG c.h.p.o.h.HiveMQPlatformReconcilerErrorHandler - [helmroll] Pod 'test-hivemq-platform-1' containerStatus 'hivemq' (started: false) (ready: false) (waiting: [PodInitializing] null)
2025-01-28 21:20:50,615 INFO c.h.h.t.HelmChartContainer - [hivemq-test-hivemq-platform] [hivemq-platform-operator] [52a2fb00] 21:20:50.614 [ReconcilerExecutor-hivemq-controller-121] DEBUG c.h.p.o.h.HiveMQPlatformReconcilerErrorHandler - [helmroll] Pod 'test-hivemq-platform-0' phase Running
2025-01-28 21:20:50,616 INFO c.h.h.t.HelmChartContainer - [hivemq-test-hivemq-platform] [hivemq-platform-operator] [52a2fb00] 21:20:50.615 [ReconcilerExecutor-hivemq-controller-121] DEBUG c.h.p.o.h.HiveMQPlatformReconcilerRollingRestartHandler - [helmroll] Rolling restart is waiting for 1 of 2 replicas
2025-01-28 21:20:50,619 INFO c.h.h.t.HelmChartContainer - [hivemq-test-hivemq-platform] [hivemq-platform-operator] [52a2fb00] 21:20:50.618 [pool-6-thread-11] DEBUG c.h.p.o.d.PlatformServiceResource - [helmroll] Desired Platform services (3 services)
2025-01-28 21:20:50,621 INFO c.h.h.t.HelmChartContainer - [hivemq-test-hivemq-platform] [hivemq-platform-operator] [52a2fb00] 21:20:50.619 [pool-6-thread-12] DEBUG c.h.p.o.dependants.PodInfoConfigMap - [helmroll] Desired PodInfo ConfigMap (1 extensions) (1 enabled)
2025-01-28 21:20:50,621 INFO c.h.h.t.HelmChartContainer - [hivemq-test-hivemq-platform] [hivemq-platform-operator] [52a2fb00] 21:20:50.619 [pool-6-thread-12] DEBUG c.h.p.o.dependants.PodInfoConfigMap - [helmroll] Desired PodInfo ConfigMap (metrics port: 9399) (metrics path: /)
2025-01-28 21:20:50,621 INFO c.h.h.t.HelmChartContainer - [hivemq-test-hivemq-platform] [hivemq-platform-operator] [52a2fb00] 21:20:50.619 [pool-6-thread-12] DEBUG c.h.p.o.dependants.PodInfoConfigMap - [helmroll] Desired PodInfo ConfigMap (extension state hash: -1817474005)
2025-01-28 21:20:50,622 INFO c.h.h.t.HelmChartContainer - [hivemq-test-hivemq-platform] [hivemq-platform-operator] [52a2fb00] 21:20:50.622 [pool-6-thread-18] DEBUG c.h.p.o.d.PodServiceAccountResource - [helmroll] Desired PodServiceAccountResource (serviceAccountName: hivemq-platform-pod-test-hivemq-platform)
2025-01-28 21:20:50,709 INFO c.h.h.t.HelmChartContainer - [hivemq-test-hivemq-platform] [hivemq-platform-operator] [52a2fb00] 21:20:50.708 [pool-6-thread-11] DEBUG c.h.p.o.d.StatefulSetResource - [helmroll] Desired StatefulSet (2 replicas) for status ROLLING_RESTART (SURGE_IN_PROGRESS)
2025-01-28 21:20:50,712 INFO c.h.h.t.HelmChartContainer - [hivemq-test-hivemq-platform] [hivemq-platform-operator] [52a2fb00] 21:20:50.711 [ReconcilerExecutor-hivemq-controller-122] INFO  c.h.p.o.HiveMQPlatformReconciler - [helmroll] Reconciling HiveMQ Platform 'test-hivemq-platform' in namespace 'helmrollingupgradeplatformit'
2025-01-28 21:20:50,712 INFO c.h.h.t.HelmChartContainer - [hivemq-test-hivemq-platform] [hivemq-platform-operator] [52a2fb00] 21:20:50.711 [ReconcilerExecutor-hivemq-controller-122] DEBUG c.h.p.o.HiveMQPlatformReconciler - [helmroll] Custom Resource Status ROLLING_RESTART - HiveMQ Platform is starting a surge Pod (rolling restart) (SURGE_IN_PROGRESS)
2025-01-28 21:20:50,712 INFO c.h.h.t.HelmChartContainer - [hivemq-test-hivemq-platform] [hivemq-platform-operator] [52a2fb00] 21:20:50.711 [ReconcilerExecutor-hivemq-controller-122] DEBUG c.h.p.o.HiveMQPlatformReconciler - [helmroll] Custom Resource Spec (replicas: 1) (extensions: 1)
2025-01-28 21:20:50,714 INFO c.h.h.t.HelmChartContainer - [hivemq-test-hivemq-platform] [hivemq-platform-operator] [52a2fb00] 21:20:50.713 [ReconcilerExecutor-hivemq-controller-122] DEBUG c.h.p.o.HiveMQPlatformReconciler - [helmroll] StatefulSet Status (revision: test-hivemq-platform-945c6dcb4, replicas: 2, available: 1, ready: 1, current: 1, updated: 1)
2025-01-28 21:20:50,714 INFO c.h.h.t.HelmChartContainer - [hivemq-test-hivemq-platform] [hivemq-platform-operator] [52a2fb00] 21:20:50.713 [ReconcilerExecutor-hivemq-controller-122] DEBUG c.h.p.o.HiveMQPlatformReconciler - [helmroll] StatefulSet Spec (replicas: 2, init containers: 1, containers: 1, volumes: 3)
2025-01-28 21:20:50,715 INFO c.h.h.t.HelmChartContainer - [hivemq-test-hivemq-platform] [hivemq-platform-operator] [52a2fb00] 21:20:50.714 [ReconcilerExecutor-hivemq-controller-122] DEBUG c.h.p.o.h.HiveMQPlatformReconcilerErrorHandler - [helmroll] Pod 'test-hivemq-platform-1' phase Pending
2025-01-28 21:20:50,715 INFO c.h.h.t.HelmChartContainer - [hivemq-test-hivemq-platform] [hivemq-platform-operator] [52a2fb00] 21:20:50.714 [ReconcilerExecutor-hivemq-controller-122] DEBUG c.h.p.o.h.HiveMQPlatformReconcilerErrorHandler - [helmroll] Pod 'test-hivemq-platform-1' condition 'PodReadyToStartContainers': False
2025-01-28 21:20:50,715 INFO c.h.h.t.HelmChartContainer - [hivemq-test-hivemq-platform] [hivemq-platform-operator] [52a2fb00] 21:20:50.714 [ReconcilerExecutor-hivemq-controller-122] DEBUG c.h.p.o.h.HiveMQPlatformReconcilerErrorHandler - [helmroll] Pod 'test-hivemq-platform-1' condition 'Initialized': False
2025-01-28 21:20:50,715 INFO c.h.h.t.HelmChartContainer - [hivemq-test-hivemq-platform] [hivemq-platform-operator] [52a2fb00] 21:20:50.714 [ReconcilerExecutor-hivemq-controller-122] DEBUG c.h.p.o.h.HiveMQPlatformReconcilerErrorHandler - [helmroll] Pod 'test-hivemq-platform-1' condition 'Ready': False
2025-01-28 21:20:50,715 INFO c.h.h.t.HelmChartContainer - [hivemq-test-hivemq-platform] [hivemq-platform-operator] [52a2fb00] 21:20:50.714 [ReconcilerExecutor-hivemq-controller-122] DEBUG c.h.p.o.h.HiveMQPlatformReconcilerErrorHandler - [helmroll] Pod 'test-hivemq-platform-1' condition 'ContainersReady': False
2025-01-28 21:20:50,716 INFO c.h.h.t.HelmChartContainer - [hivemq-test-hivemq-platform] [hivemq-platform-operator] [52a2fb00] 21:20:50.714 [ReconcilerExecutor-hivemq-controller-122] DEBUG c.h.p.o.h.HiveMQPlatformReconcilerErrorHandler - [helmroll] Pod 'test-hivemq-platform-1' condition 'PodScheduled': True
2025-01-28 21:20:50,716 INFO c.h.h.t.HelmChartContainer - [hivemq-test-hivemq-platform] [hivemq-platform-operator] [52a2fb00] 21:20:50.714 [ReconcilerExecutor-hivemq-controller-122] DEBUG c.h.p.o.h.HiveMQPlatformReconcilerErrorHandler - [helmroll] Pod 'test-hivemq-platform-1' containerStatus 'hivemq' (started: false) (ready: false) (waiting: [PodInitializing] null)
2025-01-28 21:20:50,717 INFO c.h.h.t.HelmChartContainer - [hivemq-test-hivemq-platform] [hivemq-platform-operator] [52a2fb00] 21:20:50.716 [ReconcilerExecutor-hivemq-controller-122] DEBUG c.h.p.o.h.HiveMQPlatformReconcilerErrorHandler - [helmroll] Pod 'test-hivemq-platform-0' phase Running
2025-01-28 21:20:50,718 INFO c.h.h.t.HelmChartContainer - [hivemq-test-hivemq-platform] [hivemq-platform-operator] [52a2fb00] 21:20:50.717 [ReconcilerExecutor-hivemq-controller-122] DEBUG c.h.p.o.h.HiveMQPlatformReconcilerRollingRestartHandler - [helmroll] Rolling restart is waiting for 1 of 2 replicas
2025-01-28 21:20:50,828 INFO c.h.h.t.HelmChartContainer - [EVENT] Normal [Pulled] Container image "docker.io/hivemq/hivemq-platform-operator-init-test:snapshot" already present on machine [helmrollingupgradeplatformit:test-hivemq-platform-1]
2025-01-28 21:20:50,834 INFO c.h.h.t.HelmChartContainer - [EVENT] Normal [Created] Created container: hivemq-platform-operator-init [helmrollingupgradeplatformit:test-hivemq-platform-1]
2025-01-28 21:20:50,872 INFO c.h.h.t.HelmChartContainer - [EVENT] Normal [Started] Started container hivemq-platform-operator-init [helmrollingupgradeplatformit:test-hivemq-platform-1]
2025-01-28 21:20:51,688 INFO c.h.h.t.HelmChartContainer - [EVENT] Normal [Pulled] Container image "docker.io/hivemq/hivemq4:4.36.0" already present on machine [helmrollingupgradeplatformit:test-hivemq-platform-1]
2025-01-28 21:20:51,688 INFO c.h.h.t.HelmChartContainer - Received Pulled event for container hivemq in pod test-hivemq-platform-1 [0fa80728-08f2-43bc-990f-19986f58f83c]
2025-01-28 21:20:51,721 INFO c.h.h.t.HelmChartContainer - [POD] test-hivemq-platform-1 [0fa80728-08f2-43bc-990f-19986f58f83c] in helmrollingupgradeplatformit was MODIFIED
2025-01-28 21:20:51,722 INFO c.h.h.t.HelmChartContainer - [hivemq-test-hivemq-platform] [hivemq-platform-operator] [52a2fb00] 21:20:51.716 [pool-6-thread-25] DEBUG c.h.p.o.d.PlatformServiceResource - [helmroll] Desired Platform services (3 services)
2025-01-28 21:20:51,722 INFO c.h.h.t.HelmChartContainer - [hivemq-test-hivemq-platform] [hivemq-platform-operator] [52a2fb00] 21:20:51.718 [pool-6-thread-29] DEBUG c.h.p.o.dependants.PodInfoConfigMap - [helmroll] Desired PodInfo ConfigMap (1 extensions) (1 enabled)
2025-01-28 21:20:51,724 INFO c.h.h.t.HelmChartContainer - [hivemq-test-hivemq-platform] [hivemq-platform-operator] [52a2fb00] 21:20:51.718 [pool-6-thread-29] DEBUG c.h.p.o.dependants.PodInfoConfigMap - [helmroll] Desired PodInfo ConfigMap (metrics port: 9399) (metrics path: /)
2025-01-28 21:20:51,725 INFO c.h.h.t.HelmChartContainer - [hivemq-test-hivemq-platform] [hivemq-platform-operator] [52a2fb00] 21:20:51.720 [pool-6-thread-26] DEBUG c.h.p.o.d.PodServiceAccountResource - [helmroll] Desired PodServiceAccountResource (serviceAccountName: hivemq-platform-pod-test-hivemq-platform)
2025-01-28 21:20:51,725 INFO c.h.h.t.HelmChartContainer - [hivemq-test-hivemq-platform] [hivemq-platform-operator] [52a2fb00] 21:20:51.720 [pool-6-thread-29] DEBUG c.h.p.o.dependants.PodInfoConfigMap - [helmroll] Desired PodInfo ConfigMap (extension state hash: -1817474005)
2025-01-28 21:20:51,727 INFO c.h.h.t.HelmChartContainer - [hivemq-test-hivemq-platform] [hivemq-platform-operator] [52a2fb00] 21:20:51.726 [pool-6-thread-25] DEBUG c.h.p.o.d.StatefulSetResource - [helmroll] Desired StatefulSet (2 replicas) for status ROLLING_RESTART (SURGE_IN_PROGRESS)
2025-01-28 21:20:51,737 INFO c.h.h.t.HelmChartContainer - [hivemq-test-hivemq-platform] [hivemq-platform-operator] [52a2fb00] 21:20:51.732 [ReconcilerExecutor-hivemq-controller-123] INFO  c.h.p.o.HiveMQPlatformReconciler - [helmroll] Reconciling HiveMQ Platform 'test-hivemq-platform' in namespace 'helmrollingupgradeplatformit'
2025-01-28 21:20:51,737 INFO c.h.h.t.HelmChartContainer - [hivemq-test-hivemq-platform] [hivemq-platform-operator] [52a2fb00] 21:20:51.732 [ReconcilerExecutor-hivemq-controller-123] DEBUG c.h.p.o.HiveMQPlatformReconciler - [helmroll] Custom Resource Status ROLLING_RESTART - HiveMQ Platform is starting a surge Pod (rolling restart) (SURGE_IN_PROGRESS)
2025-01-28 21:20:51,737 INFO c.h.h.t.HelmChartContainer - [hivemq-test-hivemq-platform] [hivemq-platform-operator] [52a2fb00] 21:20:51.732 [ReconcilerExecutor-hivemq-controller-123] DEBUG c.h.p.o.HiveMQPlatformReconciler - [helmroll] Custom Resource Spec (replicas: 1) (extensions: 1)
2025-01-28 21:20:51,737 INFO c.h.h.t.HelmChartContainer - [hivemq-test-hivemq-platform] [hivemq-platform-operator] [52a2fb00] 21:20:51.734 [ReconcilerExecutor-hivemq-controller-123] DEBUG c.h.p.o.HiveMQPlatformReconciler - [helmroll] StatefulSet Status (revision: test-hivemq-platform-945c6dcb4, replicas: 2, available: 1, ready: 1, current: 1, updated: 1)
2025-01-28 21:20:51,737 INFO c.h.h.t.HelmChartContainer - [hivemq-test-hivemq-platform] [hivemq-platform-operator] [52a2fb00] 21:20:51.734 [ReconcilerExecutor-hivemq-controller-123] DEBUG c.h.p.o.HiveMQPlatformReconciler - [helmroll] StatefulSet Spec (replicas: 2, init containers: 1, containers: 1, volumes: 3)
2025-01-28 21:20:51,738 INFO c.h.h.t.HelmChartContainer - [hivemq-test-hivemq-platform] [hivemq-platform-operator] [52a2fb00] 21:20:51.737 [ReconcilerExecutor-hivemq-controller-123] DEBUG c.h.p.o.h.HiveMQPlatformReconcilerErrorHandler - [helmroll] Pod 'test-hivemq-platform-1' phase Pending
2025-01-28 21:20:51,739 INFO c.h.h.t.HelmChartContainer - [hivemq-test-hivemq-platform] [hivemq-platform-operator] [52a2fb00] 21:20:51.738 [ReconcilerExecutor-hivemq-controller-123] DEBUG c.h.p.o.h.HiveMQPlatformReconcilerErrorHandler - [helmroll] Pod 'test-hivemq-platform-1' condition 'PodReadyToStartContainers': True
2025-01-28 21:20:51,739 INFO c.h.h.t.HelmChartContainer - [hivemq-test-hivemq-platform] [hivemq-platform-operator] [52a2fb00] 21:20:51.738 [ReconcilerExecutor-hivemq-controller-123] DEBUG c.h.p.o.h.HiveMQPlatformReconcilerErrorHandler - [helmroll] Pod 'test-hivemq-platform-1' condition 'Initialized': True
2025-01-28 21:20:51,739 INFO c.h.h.t.HelmChartContainer - [hivemq-test-hivemq-platform] [hivemq-platform-operator] [52a2fb00] 21:20:51.738 [ReconcilerExecutor-hivemq-controller-123] DEBUG c.h.p.o.h.HiveMQPlatformReconcilerErrorHandler - [helmroll] Pod 'test-hivemq-platform-1' condition 'Ready': False
2025-01-28 21:20:51,739 INFO c.h.h.t.HelmChartContainer - [hivemq-test-hivemq-platform] [hivemq-platform-operator] [52a2fb00] 21:20:51.738 [ReconcilerExecutor-hivemq-controller-123] DEBUG c.h.p.o.h.HiveMQPlatformReconcilerErrorHandler - [helmroll] Pod 'test-hivemq-platform-1' condition 'ContainersReady': False
2025-01-28 21:20:51,739 INFO c.h.h.t.HelmChartContainer - [hivemq-test-hivemq-platform] [hivemq-platform-operator] [52a2fb00] 21:20:51.738 [ReconcilerExecutor-hivemq-controller-123] DEBUG c.h.p.o.h.HiveMQPlatformReconcilerErrorHandler - [helmroll] Pod 'test-hivemq-platform-1' condition 'PodScheduled': True
2025-01-28 21:20:51,742 INFO c.h.h.t.HelmChartContainer - [hivemq-test-hivemq-platform] [hivemq-platform-operator] [52a2fb00] 21:20:51.738 [ReconcilerExecutor-hivemq-controller-123] DEBUG c.h.p.o.h.HiveMQPlatformReconcilerErrorHandler - [helmroll] Pod 'test-hivemq-platform-1' containerStatus 'hivemq' (started: false) (ready: false) (waiting: [PodInitializing] null)
2025-01-28 21:20:51,743 INFO c.h.h.t.HelmChartContainer - [hivemq-test-hivemq-platform] [hivemq-platform-operator] [52a2fb00] 21:20:51.741 [ReconcilerExecutor-hivemq-controller-123] DEBUG c.h.p.o.h.HiveMQPlatformReconcilerErrorHandler - [helmroll] Pod 'test-hivemq-platform-0' phase Running
2025-01-28 21:20:51,743 INFO c.h.h.t.HelmChartContainer - [hivemq-test-hivemq-platform] [hivemq-platform-operator] [52a2fb00] 21:20:51.741 [ReconcilerExecutor-hivemq-controller-123] DEBUG c.h.p.o.h.HiveMQPlatformReconcilerRollingRestartHandler - [helmroll] Rolling restart is waiting for 1 of 2 replicas
2025-01-28 21:20:53,662 INFO c.h.h.t.HelmChartContainer - [EVENT] Normal [Created] Created container: hivemq [helmrollingupgradeplatformit:test-hivemq-platform-1]
2025-01-28 21:20:53,662 INFO c.h.h.t.HelmChartContainer - Received Created event for container hivemq in pod test-hivemq-platform-1 [0fa80728-08f2-43bc-990f-19986f58f83c]
2025-01-28 21:20:54,701 INFO c.h.h.t.HelmChartContainer - [POD] test-hivemq-platform-1 [0fa80728-08f2-43bc-990f-19986f58f83c] in helmrollingupgradeplatformit was MODIFIED
2025-01-28 21:20:54,723 INFO c.h.h.t.HelmChartContainer - [EVENT] Normal [Started] Started container hivemq [helmrollingupgradeplatformit:test-hivemq-platform-1]
2025-01-28 21:20:54,723 INFO c.h.h.t.HelmChartContainer - Started log watcher for hivemq in pod test-hivemq-platform-1 [0fa80728-08f2-43bc-990f-19986f58f83c]
2025-01-28 21:20:54,723 INFO c.h.h.t.HelmChartContainer - [test-hivemq-platform] [hivemq] [0fa80728] Adding pre-installed HiveMQ Platform Operator extensions
2025-01-28 21:20:54,723 INFO c.h.h.t.HelmChartContainer - [test-hivemq-platform] [hivemq] [0fa80728] Running as user 10000
2025-01-28 21:20:54,723 INFO c.h.h.t.HelmChartContainer - [test-hivemq-platform] [hivemq] [0fa80728] Starting HiveMQ Platform Operator Init
2025-01-28 21:20:54,723 INFO c.h.h.t.HelmChartContainer - Received Started event for container hivemq in pod test-hivemq-platform-1 [0fa80728-08f2-43bc-990f-19986f58f83c]
2025-01-28 21:20:54,731 INFO c.h.h.t.HelmChartContainer - [hivemq-test-hivemq-platform] [hivemq-platform-operator] [52a2fb00] 21:20:54.729 [pool-6-thread-37] DEBUG c.h.p.o.d.PlatformServiceResource - [helmroll] Desired Platform services (3 services)
2025-01-28 21:20:54,735 INFO c.h.h.t.HelmChartContainer - [hivemq-test-hivemq-platform] [hivemq-platform-operator] [52a2fb00] 21:20:54.732 [pool-6-thread-32] DEBUG c.h.p.o.dependants.PodInfoConfigMap - [helmroll] Desired PodInfo ConfigMap (1 extensions) (1 enabled)
2025-01-28 21:20:54,735 INFO c.h.h.t.HelmChartContainer - [hivemq-test-hivemq-platform] [hivemq-platform-operator] [52a2fb00] 21:20:54.732 [pool-6-thread-32] DEBUG c.h.p.o.dependants.PodInfoConfigMap - [helmroll] Desired PodInfo ConfigMap (metrics port: 9399) (metrics path: /)
2025-01-28 21:20:54,735 INFO c.h.h.t.HelmChartContainer - [hivemq-test-hivemq-platform] [hivemq-platform-operator] [52a2fb00] 21:20:54.733 [pool-6-thread-34] DEBUG c.h.p.o.d.PodServiceAccountResource - [helmroll] Desired PodServiceAccountResource (serviceAccountName: hivemq-platform-pod-test-hivemq-platform)
2025-01-28 21:20:54,736 INFO c.h.h.t.HelmChartContainer - [hivemq-test-hivemq-platform] [hivemq-platform-operator] [52a2fb00] 21:20:54.732 [pool-6-thread-32] DEBUG c.h.p.o.dependants.PodInfoConfigMap - [helmroll] Desired PodInfo ConfigMap (extension state hash: -1817474005)
2025-01-28 21:20:54,743 INFO c.h.h.t.HelmChartContainer - [hivemq-test-hivemq-platform] [hivemq-platform-operator] [52a2fb00] 21:20:54.738 [pool-6-thread-32] DEBUG c.h.p.o.d.StatefulSetResource - [helmroll] Desired StatefulSet (2 replicas) for status ROLLING_RESTART (SURGE_IN_PROGRESS)
2025-01-28 21:20:54,845 INFO c.h.h.t.HelmChartContainer - [hivemq-test-hivemq-platform] [hivemq-platform-operator] [52a2fb00] 21:20:54.843 [ReconcilerExecutor-hivemq-controller-124] INFO  c.h.p.o.HiveMQPlatformReconciler - [helmroll] Reconciling HiveMQ Platform 'test-hivemq-platform' in namespace 'helmrollingupgradeplatformit'
2025-01-28 21:20:54,845 INFO c.h.h.t.HelmChartContainer - [hivemq-test-hivemq-platform] [hivemq-platform-operator] [52a2fb00] 21:20:54.843 [ReconcilerExecutor-hivemq-controller-124] DEBUG c.h.p.o.HiveMQPlatformReconciler - [helmroll] Custom Resource Status ROLLING_RESTART - HiveMQ Platform is starting a surge Pod (rolling restart) (SURGE_IN_PROGRESS)
2025-01-28 21:20:54,845 INFO c.h.h.t.HelmChartContainer - [hivemq-test-hivemq-platform] [hivemq-platform-operator] [52a2fb00] 21:20:54.844 [ReconcilerExecutor-hivemq-controller-124] DEBUG c.h.p.o.HiveMQPlatformReconciler - [helmroll] Custom Resource Spec (replicas: 1) (extensions: 1)
2025-01-28 21:20:54,846 INFO c.h.h.t.HelmChartContainer - [hivemq-test-hivemq-platform] [hivemq-platform-operator] [52a2fb00] 21:20:54.845 [ReconcilerExecutor-hivemq-controller-124] DEBUG c.h.p.o.HiveMQPlatformReconciler - [helmroll] StatefulSet Status (revision: test-hivemq-platform-945c6dcb4, replicas: 2, available: 1, ready: 1, current: 1, updated: 1)
2025-01-28 21:20:54,846 INFO c.h.h.t.HelmChartContainer - [hivemq-test-hivemq-platform] [hivemq-platform-operator] [52a2fb00] 21:20:54.846 [ReconcilerExecutor-hivemq-controller-124] DEBUG c.h.p.o.HiveMQPlatformReconciler - [helmroll] StatefulSet Spec (replicas: 2, init containers: 1, containers: 1, volumes: 3)
2025-01-28 21:20:54,849 INFO c.h.h.t.HelmChartContainer - [hivemq-test-hivemq-platform] [hivemq-platform-operator] [52a2fb00] 21:20:54.848 [ReconcilerExecutor-hivemq-controller-124] DEBUG c.h.p.o.h.HiveMQPlatformReconcilerErrorHandler - [helmroll] Pod 'test-hivemq-platform-1' phase Running
2025-01-28 21:20:54,914 INFO c.h.h.t.HelmChartContainer - [hivemq-test-hivemq-platform] [hivemq-platform-operator] [52a2fb00] 21:20:54.908 [ReconcilerExecutor-hivemq-controller-124] DEBUG c.h.p.o.h.HiveMQPlatformReconcilerErrorHandler - [helmroll] Pod 'test-hivemq-platform-0' phase Running
2025-01-28 21:20:54,914 INFO c.h.h.t.HelmChartContainer - [hivemq-test-hivemq-platform] [hivemq-platform-operator] [52a2fb00] 21:20:54.909 [ReconcilerExecutor-hivemq-controller-124] DEBUG c.h.p.o.h.HiveMQPlatformReconcilerRollingRestartHandler - [helmroll] Rolling restart is waiting for 1 of 2 replicas
2025-01-28 21:20:55,014 INFO c.h.h.t.HelmChartContainer - [test-hivemq-platform] [hivemq] [0fa80728] INFO  - [HiveMQ Platform Operator Init 1.7.0-SNAPSHOT] HiveMQ Platform Operator Init 1.7.0-SNAPSHOT (commit: bebf408 on branch: HEAD) built on Sun Jan 26 20:47:47 UTC 2025
2025-01-28 21:20:55,357 INFO c.h.h.t.HelmChartContainer - [test-hivemq-platform] [hivemq] [b0d502c2] INFO  - [HiveMQ Platform Operator Init App 1.7.0-SNAPSHOT] Returning Health API response 200 for liveness
2025-01-28 21:20:56,183 INFO c.h.h.t.HelmChartContainer - [test-hivemq-platform] [hivemq] [0fa80728] INFO  - [HiveMQ Platform Operator Init App 1.7.0-SNAPSHOT] Using bind address 10.42.0.15 from environment variable
2025-01-28 21:20:57,129 INFO c.h.h.t.HelmChartContainer - [test-hivemq-platform] [hivemq] [0fa80728] INFO  - [HiveMQ Platform Operator Init App 1.7.0-SNAPSHOT] HiveMQ Platform Operator Init App 1.7.0-SNAPSHOT (commit: bebf408 on branch: HEAD) built on Sun Jan 26 20:47:47 UTC 2025
2025-01-28 21:20:57,129 INFO c.h.h.t.HelmChartContainer - [test-hivemq-platform] [hivemq] [0fa80728] INFO  - [HiveMQ Platform Operator Init App 1.7.0-SNAPSHOT] PodInfo ConfigMap directory: /etc/podinfo
2025-01-28 21:20:57,129 INFO c.h.h.t.HelmChartContainer - [test-hivemq-platform] [hivemq] [0fa80728] INFO  - [HiveMQ Platform Operator Init App 1.7.0-SNAPSHOT] HiveMQ home directory: /opt/hivemq
2025-01-28 21:20:57,130 INFO c.h.h.t.HelmChartContainer - [test-hivemq-platform] [hivemq] [0fa80728] INFO  - [HiveMQ Platform Operator Init App 1.7.0-SNAPSHOT] HiveMQ Logback folder: /opt/hivemq/conf
2025-01-28 21:20:57,130 INFO c.h.h.t.HelmChartContainer - [test-hivemq-platform] [hivemq] [0fa80728] INFO  - [HiveMQ Platform Operator Init App 1.7.0-SNAPSHOT] HiveMQ Config folder: /opt/hivemq/conf-k8s
2025-01-28 21:20:57,130 INFO c.h.h.t.HelmChartContainer - [test-hivemq-platform] [hivemq] [0fa80728] INFO  - [HiveMQ Platform Operator Init App 1.7.0-SNAPSHOT] Starting HiveMQ Platform Operator Init App
2025-01-28 21:20:57,130 INFO c.h.h.t.HelmChartContainer - [test-hivemq-platform] [hivemq] [0fa80728] INFO  - [HiveMQ Platform Operator Init App 1.7.0-SNAPSHOT] Starting Pod reconciler
2025-01-28 21:20:58,420 INFO c.h.h.t.HelmChartContainer - [test-hivemq-platform] [hivemq] [0fa80728] INFO  - [HiveMQ Platform Operator Init App 1.7.0-SNAPSHOT] Pod reconciler is scheduled (interval: 5000 ms)
2025-01-28 21:20:58,420 INFO c.h.h.t.HelmChartContainer - [test-hivemq-platform] [hivemq] [0fa80728] INFO  - [HiveMQ Platform Operator Init App 1.7.0-SNAPSHOT] Starting the REST API on 10.42.0.15:7979
2025-01-28 21:20:58,424 INFO c.h.h.t.HelmChartContainer - [test-hivemq-platform] [hivemq] [0fa80728] INFO  - [HiveMQ Platform Operator Init App 1.7.0-SNAPSHOT] Waiting up to 600s for at most 2 HiveMQ nodes in cluster service hivemq-test-hivemq-platform-cluster.helmrollingupgradeplatformit.svc
2025-01-28 21:20:58,730 INFO c.h.h.t.HelmChartContainer - [test-hivemq-platform] [hivemq] [0fa80728] INFO  - [HiveMQ Platform Operator Init App 1.7.0-SNAPSHOT] Resolved 2 IP addresses: [10.42.0.14, 10.42.0.15]
2025-01-28 21:20:58,730 INFO c.h.h.t.HelmChartContainer - [test-hivemq-platform] [hivemq] [0fa80728] INFO  - [HiveMQ Platform Operator Init App 1.7.0-SNAPSHOT] HiveMQ node count of 2 is within threshold of 2
2025-01-28 21:20:58,730 INFO c.h.h.t.HelmChartContainer - [test-hivemq-platform] [hivemq] [0fa80728] INFO  - [HiveMQ Platform Operator Init App 1.7.0-SNAPSHOT] Waiting 15s for previous shutdown replication to finish...
2025-01-28 21:21:00,702 INFO c.h.h.t.HelmChartContainer - [test-hivemq-platform] [hivemq] [0fa80728] INFO  - [HiveMQ Platform Operator Init App 1.7.0-SNAPSHOT] Returning default Health API response 503 for readiness
2025-01-28 21:21:00,819 INFO c.h.h.t.HelmChartContainer - [EVENT] Warning [Unhealthy] Readiness probe failed: HTTP probe failed with statuscode: 503 [helmrollingupgradeplatformit:test-hivemq-platform-1]
2025-01-28 21:21:00,819 INFO c.h.h.t.HelmChartContainer - Received Unhealthy event for container hivemq in pod test-hivemq-platform-1 [0fa80728-08f2-43bc-990f-19986f58f83c]
2025-01-28 21:21:04,920 INFO c.h.h.t.HelmChartContainer - [hivemq-test-hivemq-platform] [hivemq-platform-operator] [52a2fb00] 21:21:04.915 [pool-6-thread-46] DEBUG c.h.p.o.d.PlatformServiceResource - [helmroll] Desired Platform services (3 services)
2025-01-28 21:21:04,920 INFO c.h.h.t.HelmChartContainer - [hivemq-test-hivemq-platform] [hivemq-platform-operator] [52a2fb00] 21:21:04.916 [pool-6-thread-45] DEBUG c.h.p.o.d.PodServiceAccountResource - [helmroll] Desired PodServiceAccountResource (serviceAccountName: hivemq-platform-pod-test-hivemq-platform)
2025-01-28 21:21:04,920 INFO c.h.h.t.HelmChartContainer - [hivemq-test-hivemq-platform] [hivemq-platform-operator] [52a2fb00] 21:21:04.917 [pool-6-thread-44] DEBUG c.h.p.o.dependants.PodInfoConfigMap - [helmroll] Desired PodInfo ConfigMap (1 extensions) (1 enabled)
2025-01-28 21:21:04,920 INFO c.h.h.t.HelmChartContainer - [hivemq-test-hivemq-platform] [hivemq-platform-operator] [52a2fb00] 21:21:04.917 [pool-6-thread-44] DEBUG c.h.p.o.dependants.PodInfoConfigMap - [helmroll] Desired PodInfo ConfigMap (metrics port: 9399) (metrics path: /)
2025-01-28 21:21:04,922 INFO c.h.h.t.HelmChartContainer - [hivemq-test-hivemq-platform] [hivemq-platform-operator] [52a2fb00] 21:21:04.919 [pool-6-thread-44] DEBUG c.h.p.o.dependants.PodInfoConfigMap - [helmroll] Desired PodInfo ConfigMap (extension state hash: -1817474005)
2025-01-28 21:21:04,932 INFO c.h.h.t.HelmChartContainer - [hivemq-test-hivemq-platform] [hivemq-platform-operator] [52a2fb00] 21:21:04.924 [pool-6-thread-44] DEBUG c.h.p.o.d.StatefulSetResource - [helmroll] Desired StatefulSet (2 replicas) for status ROLLING_RESTART (SURGE_IN_PROGRESS)
2025-01-28 21:21:04,933 INFO c.h.h.t.HelmChartContainer - [hivemq-test-hivemq-platform] [hivemq-platform-operator] [52a2fb00] 21:21:04.931 [ReconcilerExecutor-hivemq-controller-125] INFO  c.h.p.o.HiveMQPlatformReconciler - [helmroll] Reconciling HiveMQ Platform 'test-hivemq-platform' in namespace 'helmrollingupgradeplatformit'
2025-01-28 21:21:04,933 INFO c.h.h.t.HelmChartContainer - [hivemq-test-hivemq-platform] [hivemq-platform-operator] [52a2fb00] 21:21:04.932 [ReconcilerExecutor-hivemq-controller-125] DEBUG c.h.p.o.HiveMQPlatformReconciler - [helmroll] Custom Resource Status ROLLING_RESTART - HiveMQ Platform is starting a surge Pod (rolling restart) (SURGE_IN_PROGRESS)
2025-01-28 21:21:04,933 INFO c.h.h.t.HelmChartContainer - [hivemq-test-hivemq-platform] [hivemq-platform-operator] [52a2fb00] 21:21:04.932 [ReconcilerExecutor-hivemq-controller-125] DEBUG c.h.p.o.HiveMQPlatformReconciler - [helmroll] Custom Resource Spec (replicas: 1) (extensions: 1)
2025-01-28 21:21:04,935 INFO c.h.h.t.HelmChartContainer - [hivemq-test-hivemq-platform] [hivemq-platform-operator] [52a2fb00] 21:21:04.934 [ReconcilerExecutor-hivemq-controller-125] DEBUG c.h.p.o.HiveMQPlatformReconciler - [helmroll] StatefulSet Status (revision: test-hivemq-platform-945c6dcb4, replicas: 2, available: 1, ready: 1, current: 1, updated: 1)
2025-01-28 21:21:04,936 INFO c.h.h.t.HelmChartContainer - [hivemq-test-hivemq-platform] [hivemq-platform-operator] [52a2fb00] 21:21:04.934 [ReconcilerExecutor-hivemq-controller-125] DEBUG c.h.p.o.HiveMQPlatformReconciler - [helmroll] StatefulSet Spec (replicas: 2, init containers: 1, containers: 1, volumes: 3)
2025-01-28 21:21:04,938 INFO c.h.h.t.HelmChartContainer - [hivemq-test-hivemq-platform] [hivemq-platform-operator] [52a2fb00] 21:21:04.937 [ReconcilerExecutor-hivemq-controller-125] DEBUG c.h.p.o.h.HiveMQPlatformReconcilerErrorHandler - [helmroll] Pod 'test-hivemq-platform-1' phase Running
2025-01-28 21:21:04,939 INFO c.h.h.t.HelmChartContainer - [hivemq-test-hivemq-platform] [hivemq-platform-operator] [52a2fb00] 21:21:04.938 [ReconcilerExecutor-hivemq-controller-125] DEBUG c.h.p.o.h.HiveMQPlatformReconcilerErrorHandler - [helmroll] Pod 'test-hivemq-platform-0' phase Running
2025-01-28 21:21:04,939 INFO c.h.h.t.HelmChartContainer - [hivemq-test-hivemq-platform] [hivemq-platform-operator] [52a2fb00] 21:21:04.939 [ReconcilerExecutor-hivemq-controller-125] DEBUG c.h.p.o.h.HiveMQPlatformReconcilerRollingRestartHandler - [helmroll] Rolling restart is waiting for 1 of 2 replicas
2025-01-28 21:21:05,711 INFO c.h.h.t.HelmChartContainer - [EVENT] Warning [Unhealthy] Readiness probe failed: HTTP probe failed with statuscode: 503 [helmrollingupgradeplatformit:test-hivemq-platform-1]
2025-01-28 21:21:05,712 INFO c.h.h.t.HelmChartContainer - Received Unhealthy event for container hivemq in pod test-hivemq-platform-1 [0fa80728-08f2-43bc-990f-19986f58f83c]
2025-01-28 21:21:05,830 INFO c.h.h.t.HelmChartContainer - [test-hivemq-platform] [hivemq] [0fa80728] INFO  - [HiveMQ Platform Operator Init App 1.7.0-SNAPSHOT] Updating Pod HiveMQ Platform Operator Init App version annotation (version: 1.7.0-SNAPSHOT)
2025-01-28 21:21:06,123 INFO c.h.h.t.HelmChartContainer - [POD] test-hivemq-platform-1 [0fa80728-08f2-43bc-990f-19986f58f83c] in helmrollingupgradeplatformit was MODIFIED
2025-01-28 21:21:06,130 INFO c.h.h.t.HelmChartContainer - [hivemq-test-hivemq-platform] [hivemq-platform-operator] [52a2fb00] 21:21:06.128 [pool-6-thread-10] DEBUG c.h.p.o.d.PlatformServiceResource - [helmroll] Desired Platform services (3 services)
2025-01-28 21:21:06,132 INFO c.h.h.t.HelmChartContainer - [hivemq-test-hivemq-platform] [hivemq-platform-operator] [52a2fb00] 21:21:06.131 [pool-6-thread-3] DEBUG c.h.p.o.d.PodServiceAccountResource - [helmroll] Desired PodServiceAccountResource (serviceAccountName: hivemq-platform-pod-test-hivemq-platform)
2025-01-28 21:21:06,134 INFO c.h.h.t.HelmChartContainer - [EVENT] Warning [Unhealthy] Readiness probe failed: HTTP probe failed with statuscode: 503 [helmrollingupgradeplatformit:test-hivemq-platform-1]
2025-01-28 21:21:06,134 INFO c.h.h.t.HelmChartContainer - Received Unhealthy event for container hivemq in pod test-hivemq-platform-1 [0fa80728-08f2-43bc-990f-19986f58f83c]
2025-01-28 21:21:06,134 INFO c.h.h.t.HelmChartContainer - [hivemq-test-hivemq-platform] [hivemq-platform-operator] [52a2fb00] 21:21:06.130 [pool-6-thread-9] DEBUG c.h.p.o.dependants.PodInfoConfigMap - [helmroll] Desired PodInfo ConfigMap (1 extensions) (1 enabled)
2025-01-28 21:21:06,134 INFO c.h.h.t.HelmChartContainer - [hivemq-test-hivemq-platform] [hivemq-platform-operator] [52a2fb00] 21:21:06.132 [pool-6-thread-9] DEBUG c.h.p.o.dependants.PodInfoConfigMap - [helmroll] Desired PodInfo ConfigMap (metrics port: 9399) (metrics path: /)
2025-01-28 21:21:06,135 INFO c.h.h.t.HelmChartContainer - [hivemq-test-hivemq-platform] [hivemq-platform-operator] [52a2fb00] 21:21:06.132 [pool-6-thread-9] DEBUG c.h.p.o.dependants.PodInfoConfigMap - [helmroll] Desired PodInfo ConfigMap (extension state hash: -1817474005)
2025-01-28 21:21:06,140 INFO c.h.h.t.HelmChartContainer - [hivemq-test-hivemq-platform] [hivemq-platform-operator] [52a2fb00] 21:21:06.139 [pool-6-thread-2] DEBUG c.h.p.o.d.StatefulSetResource - [helmroll] Desired StatefulSet (2 replicas) for status ROLLING_RESTART (SURGE_IN_PROGRESS)
2025-01-28 21:21:06,143 INFO c.h.h.t.HelmChartContainer - [hivemq-test-hivemq-platform] [hivemq-platform-operator] [52a2fb00] 21:21:06.143 [ReconcilerExecutor-hivemq-controller-126] INFO  c.h.p.o.HiveMQPlatformReconciler - [helmroll] Reconciling HiveMQ Platform 'test-hivemq-platform' in namespace 'helmrollingupgradeplatformit'
2025-01-28 21:21:06,144 INFO c.h.h.t.HelmChartContainer - [hivemq-test-hivemq-platform] [hivemq-platform-operator] [52a2fb00] 21:21:06.143 [ReconcilerExecutor-hivemq-controller-126] DEBUG c.h.p.o.HiveMQPlatformReconciler - [helmroll] Custom Resource Status ROLLING_RESTART - HiveMQ Platform is starting a surge Pod (rolling restart) (SURGE_IN_PROGRESS)
2025-01-28 21:21:06,144 INFO c.h.h.t.HelmChartContainer - [hivemq-test-hivemq-platform] [hivemq-platform-operator] [52a2fb00] 21:21:06.143 [ReconcilerExecutor-hivemq-controller-126] DEBUG c.h.p.o.HiveMQPlatformReconciler - [helmroll] Custom Resource Spec (replicas: 1) (extensions: 1)
2025-01-28 21:21:06,146 INFO c.h.h.t.HelmChartContainer - [hivemq-test-hivemq-platform] [hivemq-platform-operator] [52a2fb00] 21:21:06.145 [ReconcilerExecutor-hivemq-controller-126] DEBUG c.h.p.o.HiveMQPlatformReconciler - [helmroll] StatefulSet Status (revision: test-hivemq-platform-945c6dcb4, replicas: 2, available: 1, ready: 1, current: 1, updated: 1)
2025-01-28 21:21:06,146 INFO c.h.h.t.HelmChartContainer - [hivemq-test-hivemq-platform] [hivemq-platform-operator] [52a2fb00] 21:21:06.145 [ReconcilerExecutor-hivemq-controller-126] DEBUG c.h.p.o.HiveMQPlatformReconciler - [helmroll] StatefulSet Spec (replicas: 2, init containers: 1, containers: 1, volumes: 3)
2025-01-28 21:21:06,147 INFO c.h.h.t.HelmChartContainer - [hivemq-test-hivemq-platform] [hivemq-platform-operator] [52a2fb00] 21:21:06.147 [ReconcilerExecutor-hivemq-controller-126] DEBUG c.h.p.o.h.HiveMQPlatformReconcilerErrorHandler - [helmroll] Pod 'test-hivemq-platform-1' phase Running
2025-01-28 21:21:06,150 INFO c.h.h.t.HelmChartContainer - [hivemq-test-hivemq-platform] [hivemq-platform-operator] [52a2fb00] 21:21:06.148 [ReconcilerExecutor-hivemq-controller-126] DEBUG c.h.p.o.h.HiveMQPlatformReconcilerErrorHandler - [helmroll] Pod 'test-hivemq-platform-0' phase Running
2025-01-28 21:21:06,151 INFO c.h.h.t.HelmChartContainer - [hivemq-test-hivemq-platform] [hivemq-platform-operator] [52a2fb00] 21:21:06.149 [ReconcilerExecutor-hivemq-controller-126] DEBUG c.h.p.o.h.HiveMQPlatformReconcilerRollingRestartHandler - [helmroll] Rolling restart is waiting for 1 of 2 replicas
2025-01-28 21:21:06,207 INFO c.h.h.t.HelmChartContainer - [test-hivemq-platform] [hivemq] [0fa80728] INFO  - [HiveMQ Platform Operator Init App 1.7.0-SNAPSHOT] Successfully updated Pod HiveMQ Platform Operator Init App version annotation (version: 1.7.0-SNAPSHOT)
2025-01-28 21:21:11,130 INFO c.h.h.t.HelmChartContainer - [EVENT] Warning [Unhealthy] Readiness probe failed: HTTP probe failed with statuscode: 503 [helmrollingupgradeplatformit:test-hivemq-platform-1]
2025-01-28 21:21:11,130 INFO c.h.h.t.HelmChartContainer - Received Unhealthy event for container hivemq in pod test-hivemq-platform-1 [0fa80728-08f2-43bc-990f-19986f58f83c]
2025-01-28 21:21:13,767 INFO c.h.h.t.HelmChartContainer - [test-hivemq-platform] [hivemq] [0fa80728] INFO  - [HiveMQ Platform Operator Init App 1.7.0-SNAPSHOT] Proceeding with container start
2025-01-28 21:21:13,770 INFO c.h.h.t.HelmChartContainer - [test-hivemq-platform] [hivemq] [0fa80728] INFO  - [HiveMQ Platform Operator Init App 1.7.0-SNAPSHOT] Initializing HiveMQ Platform extensions with initial configuration: {hivemq-allow-all-extension={start-priority=-1, skip-https-hostname-verification=false, restart=true, config-version=0, header-version=0, c-uri=, priority=-1, uri=preinstalled, skip-https-certificate-validation=false, enabled=true}, hivemq-prometheus-extension={skip-https-certificate-validation=false, skip-https-hostname-verification=false, c-uri=, start-priority=-1, priority=-1, restart=true, enabled=true, request-header-path=no-request-headers, uri=preinstalled}}
2025-01-28 21:21:14,279 INFO c.h.h.t.HelmChartContainer - [test-hivemq-platform] [hivemq] [0fa80728] INFO  - [HiveMQ Platform Operator Init App 1.7.0-SNAPSHOT] Extension hivemq-allow-all-extension was already enabled
2025-01-28 21:21:14,308 INFO c.h.h.t.HelmChartContainer - [test-hivemq-platform] [hivemq] [0fa80728] INFO  - [HiveMQ Platform Operator Init App 1.7.0-SNAPSHOT] Successfully enabled extension hivemq-prometheus-extension
2025-01-28 21:21:14,311 INFO c.h.h.t.HelmChartContainer - [test-hivemq-platform] [hivemq] [0fa80728] INFO  - [HiveMQ Platform Operator Init App 1.7.0-SNAPSHOT] Starting HiveMQ Platform version 4.36.0 (4.36.0)
2025-01-28 21:21:14,311 INFO c.h.h.t.HelmChartContainer - [test-hivemq-platform] [hivemq] [0fa80728] INFO  - [HiveMQ Platform Operator Init App 1.7.0-SNAPSHOT] Configuring the HiveMQ Platform
2025-01-28 21:21:14,406 INFO c.h.h.t.HelmChartContainer - [test-hivemq-platform] [hivemq] [0fa80728] INFO  - [HiveMQ Platform Operator Init App 1.7.0-SNAPSHOT] Changed logback.xml file scan period to 20 seconds
2025-01-28 21:21:14,473 INFO c.h.h.t.HelmChartContainer - [test-hivemq-platform] [hivemq] [0fa80728] INFO  - [HiveMQ Platform Operator Init App 1.7.0-SNAPSHOT] Starting the HiveMQ Platform
2025-01-28 21:21:14,476 INFO c.h.h.t.HelmChartContainer - [test-hivemq-platform] [hivemq] [0fa80728] -------------------------------------------------------------------------
2025-01-28 21:21:14,476 INFO c.h.h.t.HelmChartContainer - [test-hivemq-platform] [hivemq] [0fa80728] 
2025-01-28 21:21:14,476 INFO c.h.h.t.HelmChartContainer - [test-hivemq-platform] [hivemq] [0fa80728]                   _    _  _              __  __   ____
2025-01-28 21:21:14,476 INFO c.h.h.t.HelmChartContainer - [test-hivemq-platform] [hivemq] [0fa80728]                  | |  | |(_)            |  \/  | / __ \
2025-01-28 21:21:14,476 INFO c.h.h.t.HelmChartContainer - [test-hivemq-platform] [hivemq] [0fa80728]                  | |__| | _ __   __ ___ | \  / || |  | |
2025-01-28 21:21:14,476 INFO c.h.h.t.HelmChartContainer - [test-hivemq-platform] [hivemq] [0fa80728]                  |  __  || |\ \ / // _ \| |\/| || |  | |
2025-01-28 21:21:14,477 INFO c.h.h.t.HelmChartContainer - [test-hivemq-platform] [hivemq] [0fa80728]                  | |  | || | \ V /|  __/| |  | || |__| |
2025-01-28 21:21:14,477 INFO c.h.h.t.HelmChartContainer - [test-hivemq-platform] [hivemq] [0fa80728]                  |_|  |_||_|  \_/  \___||_|  |_| \___\_\
2025-01-28 21:21:14,477 INFO c.h.h.t.HelmChartContainer - [test-hivemq-platform] [hivemq] [0fa80728] 
2025-01-28 21:21:14,477 INFO c.h.h.t.HelmChartContainer - [test-hivemq-platform] [hivemq] [0fa80728] -------------------------------------------------------------------------
2025-01-28 21:21:14,477 INFO c.h.h.t.HelmChartContainer - [test-hivemq-platform] [hivemq] [0fa80728] 
2025-01-28 21:21:14,477 INFO c.h.h.t.HelmChartContainer - [test-hivemq-platform] [hivemq] [0fa80728]   HiveMQ Start Script for Linux/Unix v1.14
2025-01-28 21:21:14,477 INFO c.h.h.t.HelmChartContainer - [test-hivemq-platform] [hivemq] [0fa80728] 
2025-01-28 21:21:14,574 INFO c.h.h.t.HelmChartContainer - [test-hivemq-platform] [hivemq] [0fa80728] -------------------------------------------------------------------------
2025-01-28 21:21:14,575 INFO c.h.h.t.HelmChartContainer - [test-hivemq-platform] [hivemq] [0fa80728] 
2025-01-28 21:21:14,575 INFO c.h.h.t.HelmChartContainer - [test-hivemq-platform] [hivemq] [0fa80728]   HIVEMQ_HOME: /opt/hivemq
2025-01-28 21:21:14,575 INFO c.h.h.t.HelmChartContainer - [test-hivemq-platform] [hivemq] [0fa80728] 
2025-01-28 21:21:14,575 INFO c.h.h.t.HelmChartContainer - [test-hivemq-platform] [hivemq] [0fa80728]   JAVA_OPTS: -XX:+UnlockExperimentalVMOptions -XX:InitialRAMPercentage=50 -XX:MaxRAMPercentage=50 -Djava.net.preferIPv4Stack=true --add-opens java.base/java.lang=ALL-UNNAMED --add-opens java.base/java.nio=ALL-UNNAMED --add-opens java.base/sun.nio.ch=ALL-UNNAMED --add-opens jdk.management/com.sun.management.internal=ALL-UNNAMED --add-exports java.base/jdk.internal.misc=ALL-UNNAMED -Djava.security.egd=file:/dev/./urandom -Dcom.sun.management.jmxremote -Dcom.sun.management.jmxremote.port=9010 -Dcom.sun.management.jmxremote.local.only=false -Dcom.sun.management.jmxremote.authenticate=false -Dcom.sun.management.jmxremote.ssl=false -Duser.language=en -Duser.region=US -XX:+CrashOnOutOfMemoryError -XX:+HeapDumpOnOutOfMemoryError
2025-01-28 21:21:14,575 INFO c.h.h.t.HelmChartContainer - [test-hivemq-platform] [hivemq] [0fa80728] 
2025-01-28 21:21:14,575 INFO c.h.h.t.HelmChartContainer - [test-hivemq-platform] [hivemq] [0fa80728]   JAVA_VERSION: 21
2025-01-28 21:21:14,575 INFO c.h.h.t.HelmChartContainer - [test-hivemq-platform] [hivemq] [0fa80728] 
2025-01-28 21:21:14,575 INFO c.h.h.t.HelmChartContainer - [test-hivemq-platform] [hivemq] [0fa80728] -------------------------------------------------------------------------
2025-01-28 21:21:14,575 INFO c.h.h.t.HelmChartContainer - [test-hivemq-platform] [hivemq] [0fa80728] 
2025-01-28 21:21:16,157 INFO c.h.h.t.HelmChartContainer - [hivemq-test-hivemq-platform] [hivemq-platform-operator] [52a2fb00] 21:21:16.155 [pool-6-thread-17] DEBUG c.h.p.o.dependants.PodInfoConfigMap - [helmroll] Desired PodInfo ConfigMap (1 extensions) (1 enabled)
2025-01-28 21:21:16,157 INFO c.h.h.t.HelmChartContainer - [hivemq-test-hivemq-platform] [hivemq-platform-operator] [52a2fb00] 21:21:16.156 [pool-6-thread-17] DEBUG c.h.p.o.dependants.PodInfoConfigMap - [helmroll] Desired PodInfo ConfigMap (metrics port: 9399) (metrics path: /)
2025-01-28 21:21:16,158 INFO c.h.h.t.HelmChartContainer - [hivemq-test-hivemq-platform] [hivemq-platform-operator] [52a2fb00] 21:21:16.156 [pool-6-thread-12] DEBUG c.h.p.o.d.PodServiceAccountResource - [helmroll] Desired PodServiceAccountResource (serviceAccountName: hivemq-platform-pod-test-hivemq-platform)
2025-01-28 21:21:16,159 INFO c.h.h.t.HelmChartContainer - [hivemq-test-hivemq-platform] [hivemq-platform-operator] [52a2fb00] 21:21:16.156 [pool-6-thread-17] DEBUG c.h.p.o.dependants.PodInfoConfigMap - [helmroll] Desired PodInfo ConfigMap (extension state hash: -1817474005)
2025-01-28 21:21:16,159 INFO c.h.h.t.HelmChartContainer - [hivemq-test-hivemq-platform] [hivemq-platform-operator] [52a2fb00] 21:21:16.157 [pool-6-thread-19] DEBUG c.h.p.o.d.PlatformServiceResource - [helmroll] Desired Platform services (3 services)
2025-01-28 21:21:16,164 INFO c.h.h.t.HelmChartContainer - [hivemq-test-hivemq-platform] [hivemq-platform-operator] [52a2fb00] 21:21:16.161 [pool-6-thread-19] DEBUG c.h.p.o.d.StatefulSetResource - [helmroll] Desired StatefulSet (2 replicas) for status ROLLING_RESTART (SURGE_IN_PROGRESS)
2025-01-28 21:21:16,164 INFO c.h.h.t.HelmChartContainer - [hivemq-test-hivemq-platform] [hivemq-platform-operator] [52a2fb00] 21:21:16.164 [ReconcilerExecutor-hivemq-controller-127] INFO  c.h.p.o.HiveMQPlatformReconciler - [helmroll] Reconciling HiveMQ Platform 'test-hivemq-platform' in namespace 'helmrollingupgradeplatformit'
2025-01-28 21:21:16,165 INFO c.h.h.t.HelmChartContainer - [hivemq-test-hivemq-platform] [hivemq-platform-operator] [52a2fb00] 21:21:16.164 [ReconcilerExecutor-hivemq-controller-127] DEBUG c.h.p.o.HiveMQPlatformReconciler - [helmroll] Custom Resource Status ROLLING_RESTART - HiveMQ Platform is starting a surge Pod (rolling restart) (SURGE_IN_PROGRESS)
2025-01-28 21:21:16,167 INFO c.h.h.t.HelmChartContainer - [hivemq-test-hivemq-platform] [hivemq-platform-operator] [52a2fb00] 21:21:16.164 [ReconcilerExecutor-hivemq-controller-127] DEBUG c.h.p.o.HiveMQPlatformReconciler - [helmroll] Custom Resource Spec (replicas: 1) (extensions: 1)
2025-01-28 21:21:16,167 INFO c.h.h.t.HelmChartContainer - [hivemq-test-hivemq-platform] [hivemq-platform-operator] [52a2fb00] 21:21:16.165 [ReconcilerExecutor-hivemq-controller-127] DEBUG c.h.p.o.HiveMQPlatformReconciler - [helmroll] StatefulSet Status (revision: test-hivemq-platform-945c6dcb4, replicas: 2, available: 1, ready: 1, current: 1, updated: 1)
2025-01-28 21:21:16,167 INFO c.h.h.t.HelmChartContainer - [hivemq-test-hivemq-platform] [hivemq-platform-operator] [52a2fb00] 21:21:16.165 [ReconcilerExecutor-hivemq-controller-127] DEBUG c.h.p.o.HiveMQPlatformReconciler - [helmroll] StatefulSet Spec (replicas: 2, init containers: 1, containers: 1, volumes: 3)
2025-01-28 21:21:16,170 INFO c.h.h.t.HelmChartContainer - [hivemq-test-hivemq-platform] [hivemq-platform-operator] [52a2fb00] 21:21:16.168 [ReconcilerExecutor-hivemq-controller-127] DEBUG c.h.p.o.h.HiveMQPlatformReconcilerErrorHandler - [helmroll] Pod 'test-hivemq-platform-1' phase Running
2025-01-28 21:21:16,170 INFO c.h.h.t.HelmChartContainer - [hivemq-test-hivemq-platform] [hivemq-platform-operator] [52a2fb00] 21:21:16.169 [ReconcilerExecutor-hivemq-controller-127] DEBUG c.h.p.o.h.HiveMQPlatformReconcilerErrorHandler - [helmroll] Pod 'test-hivemq-platform-0' phase Running
2025-01-28 21:21:16,175 INFO c.h.h.t.HelmChartContainer - [hivemq-test-hivemq-platform] [hivemq-platform-operator] [52a2fb00] 21:21:16.173 [ReconcilerExecutor-hivemq-controller-127] DEBUG c.h.p.o.h.HiveMQPlatformReconcilerRollingRestartHandler - [helmroll] Rolling restart is waiting for 1 of 2 replicas
2025-01-28 21:21:16,177 INFO c.h.h.t.HelmChartContainer - [EVENT] Warning [Unhealthy] Readiness probe failed: HTTP probe failed with statuscode: 503 [helmrollingupgradeplatformit:test-hivemq-platform-1]
2025-01-28 21:21:16,178 INFO c.h.h.t.HelmChartContainer - Received Unhealthy event for container hivemq in pod test-hivemq-platform-1 [0fa80728-08f2-43bc-990f-19986f58f83c]
2025-01-28 21:21:17,077 INFO c.h.h.t.HelmChartContainer - [test-hivemq-platform] [hivemq] [0fa80728] INFO  - Starting HiveMQ Enterprise Server
2025-01-28 21:21:17,167 INFO c.h.h.t.HelmChartContainer - [test-hivemq-platform] [hivemq] [0fa80728] INFO  - HiveMQ version: 4.36.0
2025-01-28 21:21:17,167 INFO c.h.h.t.HelmChartContainer - [test-hivemq-platform] [hivemq] [0fa80728] INFO  - HiveMQ home directory: /opt/hivemq
2025-01-28 21:21:17,167 INFO c.h.h.t.HelmChartContainer - [test-hivemq-platform] [hivemq] [0fa80728] INFO  - Log Configuration was overridden by /opt/hivemq/conf/logback.xml
2025-01-28 21:21:18,193 INFO c.h.h.t.HelmChartContainer - [test-hivemq-platform] [hivemq] [0fa80728] INFO  - Successfully loaded configuration from '/opt/hivemq/conf-k8s/config.xml'.
2025-01-28 21:21:18,570 INFO c.h.h.t.HelmChartContainer - [test-hivemq-platform] [hivemq] [0fa80728] INFO  - This node's ID is 6A90M
2025-01-28 21:21:18,570 INFO c.h.h.t.HelmChartContainer - [test-hivemq-platform] [hivemq] [0fa80728] INFO  - Clustering is enabled
2025-01-28 21:21:21,070 INFO c.h.h.t.HelmChartContainer - [test-hivemq-platform] [hivemq] [0fa80728] WARN  - [HiveMQ Platform Operator Init App 1.7.0-SNAPSHOT] Cannot connect to Health API for liveness: null
2025-01-28 21:21:21,070 INFO c.h.h.t.HelmChartContainer - [test-hivemq-platform] [hivemq] [0fa80728] INFO  - [HiveMQ Platform Operator Init App 1.7.0-SNAPSHOT] Returning default Health API response 200 for liveness
2025-01-28 21:21:21,170 INFO c.h.h.t.HelmChartContainer - [test-hivemq-platform] [hivemq] [0fa80728] WARN  - [HiveMQ Platform Operator Init App 1.7.0-SNAPSHOT] Cannot connect to Health API for readiness: null
2025-01-28 21:21:21,176 INFO c.h.h.t.HelmChartContainer - [EVENT] Warning [Unhealthy] Readiness probe failed: HTTP probe failed with statuscode: 503 [helmrollingupgradeplatformit:test-hivemq-platform-1]
2025-01-28 21:21:21,176 INFO c.h.h.t.HelmChartContainer - Received Unhealthy event for container hivemq in pod test-hivemq-platform-1 [0fa80728-08f2-43bc-990f-19986f58f83c]
2025-01-28 21:21:25,604 INFO c.h.h.t.HelmChartContainer - [K3S] [INFO] COMPACT compactRev=0 targetCompactRev=2 currentRev=1711
2025-01-28 21:21:25,605 INFO c.h.h.t.HelmChartContainer - [K3S] [INFO] COMPACT deleted 0 rows from 2 revisions in 454.911µs - compacted to 2/1711
2025-01-28 21:21:25,605 INFO c.h.h.t.HelmChartContainer - [K3S] [INFO] COMPACT compacted from 0 to 2 in 1 transactions over 1ms
2025-01-28 21:21:26,170 INFO c.h.h.t.HelmChartContainer - [test-hivemq-platform] [hivemq] [0fa80728] WARN  - [HiveMQ Platform Operator Init App 1.7.0-SNAPSHOT] Cannot connect to Health API for readiness: null
2025-01-28 21:21:26,182 INFO c.h.h.t.HelmChartContainer - [hivemq-test-hivemq-platform] [hivemq-platform-operator] [52a2fb00] 21:21:26.178 [pool-6-thread-28] DEBUG c.h.p.o.d.PlatformServiceResource - [helmroll] Desired Platform services (3 services)
2025-01-28 21:21:26,182 INFO c.h.h.t.HelmChartContainer - [EVENT] Warning [Unhealthy] Readiness probe failed: HTTP probe failed with statuscode: 503 [helmrollingupgradeplatformit:test-hivemq-platform-1]
2025-01-28 21:21:26,182 INFO c.h.h.t.HelmChartContainer - Received Unhealthy event for container hivemq in pod test-hivemq-platform-1 [0fa80728-08f2-43bc-990f-19986f58f83c]
2025-01-28 21:21:26,184 INFO c.h.h.t.HelmChartContainer - [hivemq-test-hivemq-platform] [hivemq-platform-operator] [52a2fb00] 21:21:26.182 [pool-6-thread-30] DEBUG c.h.p.o.dependants.PodInfoConfigMap - [helmroll] Desired PodInfo ConfigMap (1 extensions) (1 enabled)
2025-01-28 21:21:26,184 INFO c.h.h.t.HelmChartContainer - [hivemq-test-hivemq-platform] [hivemq-platform-operator] [52a2fb00] 21:21:26.182 [pool-6-thread-30] DEBUG c.h.p.o.dependants.PodInfoConfigMap - [helmroll] Desired PodInfo ConfigMap (metrics port: 9399) (metrics path: /)
2025-01-28 21:21:26,184 INFO c.h.h.t.HelmChartContainer - [hivemq-test-hivemq-platform] [hivemq-platform-operator] [52a2fb00] 21:21:26.182 [pool-6-thread-30] DEBUG c.h.p.o.dependants.PodInfoConfigMap - [helmroll] Desired PodInfo ConfigMap (extension state hash: -1817474005)
2025-01-28 21:21:26,184 INFO c.h.h.t.HelmChartContainer - [hivemq-test-hivemq-platform] [hivemq-platform-operator] [52a2fb00] 21:21:26.183 [pool-6-thread-21] DEBUG c.h.p.o.d.PodServiceAccountResource - [helmroll] Desired PodServiceAccountResource (serviceAccountName: hivemq-platform-pod-test-hivemq-platform)
2025-01-28 21:21:26,188 INFO c.h.h.t.HelmChartContainer - [hivemq-test-hivemq-platform] [hivemq-platform-operator] [52a2fb00] 21:21:26.188 [pool-6-thread-29] DEBUG c.h.p.o.d.StatefulSetResource - [helmroll] Desired StatefulSet (2 replicas) for status ROLLING_RESTART (SURGE_IN_PROGRESS)
2025-01-28 21:21:26,193 INFO c.h.h.t.HelmChartContainer - [hivemq-test-hivemq-platform] [hivemq-platform-operator] [52a2fb00] 21:21:26.191 [ReconcilerExecutor-hivemq-controller-128] INFO  c.h.p.o.HiveMQPlatformReconciler - [helmroll] Reconciling HiveMQ Platform 'test-hivemq-platform' in namespace 'helmrollingupgradeplatformit'
2025-01-28 21:21:26,194 INFO c.h.h.t.HelmChartContainer - [hivemq-test-hivemq-platform] [hivemq-platform-operator] [52a2fb00] 21:21:26.191 [ReconcilerExecutor-hivemq-controller-128] DEBUG c.h.p.o.HiveMQPlatformReconciler - [helmroll] Custom Resource Status ROLLING_RESTART - HiveMQ Platform is starting a surge Pod (rolling restart) (SURGE_IN_PROGRESS)
2025-01-28 21:21:26,195 INFO c.h.h.t.HelmChartContainer - [hivemq-test-hivemq-platform] [hivemq-platform-operator] [52a2fb00] 21:21:26.191 [ReconcilerExecutor-hivemq-controller-128] DEBUG c.h.p.o.HiveMQPlatformReconciler - [helmroll] Custom Resource Spec (replicas: 1) (extensions: 1)
2025-01-28 21:21:26,196 INFO c.h.h.t.HelmChartContainer - [hivemq-test-hivemq-platform] [hivemq-platform-operator] [52a2fb00] 21:21:26.193 [ReconcilerExecutor-hivemq-controller-128] DEBUG c.h.p.o.HiveMQPlatformReconciler - [helmroll] StatefulSet Status (revision: test-hivemq-platform-945c6dcb4, replicas: 2, available: 1, ready: 1, current: 1, updated: 1)
2025-01-28 21:21:26,196 INFO c.h.h.t.HelmChartContainer - [hivemq-test-hivemq-platform] [hivemq-platform-operator] [52a2fb00] 21:21:26.193 [ReconcilerExecutor-hivemq-controller-128] DEBUG c.h.p.o.HiveMQPlatformReconciler - [helmroll] StatefulSet Spec (replicas: 2, init containers: 1, containers: 1, volumes: 3)
2025-01-28 21:21:26,196 INFO c.h.h.t.HelmChartContainer - [hivemq-test-hivemq-platform] [hivemq-platform-operator] [52a2fb00] 21:21:26.194 [ReconcilerExecutor-hivemq-controller-128] DEBUG c.h.p.o.h.HiveMQPlatformReconcilerErrorHandler - [helmroll] Pod 'test-hivemq-platform-1' phase Running
2025-01-28 21:21:26,196 INFO c.h.h.t.HelmChartContainer - [hivemq-test-hivemq-platform] [hivemq-platform-operator] [52a2fb00] 21:21:26.195 [ReconcilerExecutor-hivemq-controller-128] DEBUG c.h.p.o.h.HiveMQPlatformReconcilerErrorHandler - [helmroll] Pod 'test-hivemq-platform-0' phase Running
2025-01-28 21:21:26,196 INFO c.h.h.t.HelmChartContainer - [hivemq-test-hivemq-platform] [hivemq-platform-operator] [52a2fb00] 21:21:26.195 [ReconcilerExecutor-hivemq-controller-128] DEBUG c.h.p.o.h.HiveMQPlatformReconcilerRollingRestartHandler - [helmroll] Rolling restart is waiting for 1 of 2 replicas
2025-01-28 21:21:28,168 INFO c.h.h.t.HelmChartContainer - [K3S] [info.go:53] Couldn't collect info from any of the files in "/etc/machine-id,/var/lib/dbus/machine-id"
2025-01-28 21:21:31,174 INFO c.h.h.t.HelmChartContainer - [test-hivemq-platform] [hivemq] [0fa80728] WARN  - [HiveMQ Platform Operator Init App 1.7.0-SNAPSHOT] Cannot connect to Health API for readiness: null
2025-01-28 21:21:31,177 INFO c.h.h.t.HelmChartContainer - [EVENT] Warning [Unhealthy] Readiness probe failed: HTTP probe failed with statuscode: 503 [helmrollingupgradeplatformit:test-hivemq-platform-1]
2025-01-28 21:21:31,177 INFO c.h.h.t.HelmChartContainer - Received Unhealthy event for container hivemq in pod test-hivemq-platform-1 [0fa80728-08f2-43bc-990f-19986f58f83c]
2025-01-28 21:21:32,276 INFO c.h.h.t.HelmChartContainer - [test-hivemq-platform] [hivemq] [0fa80728] INFO  - No valid license file found. Using trial license, restricted to 25 connections.
2025-01-28 21:21:36,178 INFO c.h.h.t.HelmChartContainer - [test-hivemq-platform] [hivemq] [0fa80728] WARN  - [HiveMQ Platform Operator Init App 1.7.0-SNAPSHOT] Cannot connect to Health API for readiness: null
2025-01-28 21:21:36,185 INFO c.h.h.t.HelmChartContainer - [EVENT] Warning [Unhealthy] Readiness probe failed: HTTP probe failed with statuscode: 503 [helmrollingupgradeplatformit:test-hivemq-platform-1]
2025-01-28 21:21:36,186 INFO c.h.h.t.HelmChartContainer - Received Unhealthy event for container hivemq in pod test-hivemq-platform-1 [0fa80728-08f2-43bc-990f-19986f58f83c]
2025-01-28 21:21:36,200 INFO c.h.h.t.HelmChartContainer - [hivemq-test-hivemq-platform] [hivemq-platform-operator] [52a2fb00] 21:21:36.198 [pool-6-thread-37] DEBUG c.h.p.o.d.PlatformServiceResource - [helmroll] Desired Platform services (3 services)
2025-01-28 21:21:36,200 INFO c.h.h.t.HelmChartContainer - [hivemq-test-hivemq-platform] [hivemq-platform-operator] [52a2fb00] 21:21:36.199 [pool-6-thread-36] DEBUG c.h.p.o.dependants.PodInfoConfigMap - [helmroll] Desired PodInfo ConfigMap (1 extensions) (1 enabled)
2025-01-28 21:21:36,200 INFO c.h.h.t.HelmChartContainer - [hivemq-test-hivemq-platform] [hivemq-platform-operator] [52a2fb00] 21:21:36.199 [pool-6-thread-36] DEBUG c.h.p.o.dependants.PodInfoConfigMap - [helmroll] Desired PodInfo ConfigMap (metrics port: 9399) (metrics path: /)
2025-01-28 21:21:36,200 INFO c.h.h.t.HelmChartContainer - [hivemq-test-hivemq-platform] [hivemq-platform-operator] [52a2fb00] 21:21:36.199 [pool-6-thread-36] DEBUG c.h.p.o.dependants.PodInfoConfigMap - [helmroll] Desired PodInfo ConfigMap (extension state hash: -1817474005)
2025-01-28 21:21:36,201 INFO c.h.h.t.HelmChartContainer - [hivemq-test-hivemq-platform] [hivemq-platform-operator] [52a2fb00] 21:21:36.200 [pool-6-thread-36] DEBUG c.h.p.o.d.PodServiceAccountResource - [helmroll] Desired PodServiceAccountResource (serviceAccountName: hivemq-platform-pod-test-hivemq-platform)
2025-01-28 21:21:36,206 INFO c.h.h.t.HelmChartContainer - [hivemq-test-hivemq-platform] [hivemq-platform-operator] [52a2fb00] 21:21:36.205 [pool-6-thread-37] DEBUG c.h.p.o.d.StatefulSetResource - [helmroll] Desired StatefulSet (2 replicas) for status ROLLING_RESTART (SURGE_IN_PROGRESS)
2025-01-28 21:21:36,211 INFO c.h.h.t.HelmChartContainer - [hivemq-test-hivemq-platform] [hivemq-platform-operator] [52a2fb00] 21:21:36.209 [ReconcilerExecutor-hivemq-controller-129] INFO  c.h.p.o.HiveMQPlatformReconciler - [helmroll] Reconciling HiveMQ Platform 'test-hivemq-platform' in namespace 'helmrollingupgradeplatformit'
2025-01-28 21:21:36,211 INFO c.h.h.t.HelmChartContainer - [hivemq-test-hivemq-platform] [hivemq-platform-operator] [52a2fb00] 21:21:36.209 [ReconcilerExecutor-hivemq-controller-129] DEBUG c.h.p.o.HiveMQPlatformReconciler - [helmroll] Custom Resource Status ROLLING_RESTART - HiveMQ Platform is starting a surge Pod (rolling restart) (SURGE_IN_PROGRESS)
2025-01-28 21:21:36,211 INFO c.h.h.t.HelmChartContainer - [hivemq-test-hivemq-platform] [hivemq-platform-operator] [52a2fb00] 21:21:36.209 [ReconcilerExecutor-hivemq-controller-129] DEBUG c.h.p.o.HiveMQPlatformReconciler - [helmroll] Custom Resource Spec (replicas: 1) (extensions: 1)
2025-01-28 21:21:36,212 INFO c.h.h.t.HelmChartContainer - [hivemq-test-hivemq-platform] [hivemq-platform-operator] [52a2fb00] 21:21:36.211 [ReconcilerExecutor-hivemq-controller-129] DEBUG c.h.p.o.HiveMQPlatformReconciler - [helmroll] StatefulSet Status (revision: test-hivemq-platform-945c6dcb4, replicas: 2, available: 1, ready: 1, current: 1, updated: 1)
2025-01-28 21:21:36,213 INFO c.h.h.t.HelmChartContainer - [hivemq-test-hivemq-platform] [hivemq-platform-operator] [52a2fb00] 21:21:36.212 [ReconcilerExecutor-hivemq-controller-129] DEBUG c.h.p.o.HiveMQPlatformReconciler - [helmroll] StatefulSet Spec (replicas: 2, init containers: 1, containers: 1, volumes: 3)
2025-01-28 21:21:36,214 INFO c.h.h.t.HelmChartContainer - [hivemq-test-hivemq-platform] [hivemq-platform-operator] [52a2fb00] 21:21:36.213 [ReconcilerExecutor-hivemq-controller-129] DEBUG c.h.p.o.h.HiveMQPlatformReconcilerErrorHandler - [helmroll] Pod 'test-hivemq-platform-1' phase Running
2025-01-28 21:21:36,216 INFO c.h.h.t.HelmChartContainer - [hivemq-test-hivemq-platform] [hivemq-platform-operator] [52a2fb00] 21:21:36.215 [ReconcilerExecutor-hivemq-controller-129] DEBUG c.h.p.o.h.HiveMQPlatformReconcilerErrorHandler - [helmroll] Pod 'test-hivemq-platform-0' phase Running
2025-01-28 21:21:36,216 INFO c.h.h.t.HelmChartContainer - [hivemq-test-hivemq-platform] [hivemq-platform-operator] [52a2fb00] 21:21:36.216 [ReconcilerExecutor-hivemq-controller-129] DEBUG c.h.p.o.h.HiveMQPlatformReconcilerRollingRestartHandler - [helmroll] Rolling restart is waiting for 1 of 2 replicas
2025-01-28 21:21:36,674 INFO c.h.h.t.HelmChartContainer - [test-hivemq-platform] [hivemq] [0fa80728] INFO  - No valid license file for Data Hub found. Using free license, restricted to 1 policy.
2025-01-28 21:21:37,886 INFO c.h.h.t.HelmChartContainer - [test-hivemq-platform] [hivemq] [0fa80728] INFO  - Audit Logger started.
2025-01-28 21:21:38,169 INFO c.h.h.t.HelmChartContainer - [test-hivemq-platform] [hivemq] [0fa80728] INFO  - This node uses '1' CPU cores.
2025-01-28 21:21:38,174 INFO c.h.h.t.HelmChartContainer - [test-hivemq-platform] [hivemq] [0fa80728] INFO  - Starting HiveMQ Health API on address 0.0.0.0 and port 8889
2025-01-28 21:21:39,179 INFO c.h.h.t.HelmChartContainer - [test-hivemq-platform] [hivemq] [0fa80728] INFO  - Started HiveMQ Health API in 1005ms
2025-01-28 21:21:39,869 INFO c.h.h.t.HelmChartContainer - [test-hivemq-platform] [hivemq] [0fa80728] INFO  - Starting HiveMQ extension system.
2025-01-28 21:21:40,075 INFO c.h.h.t.HelmChartContainer - [test-hivemq-platform] [hivemq] [0fa80728] INFO  - Starting extension with id "hivemq-dns-cluster-discovery" at /opt/hivemq/extensions/hivemq-dns-cluster-discovery
2025-01-28 21:21:40,671 INFO c.h.h.t.HelmChartContainer - [test-hivemq-platform] [hivemq] [0fa80728] INFO  - Using TCP cluster transport on address 10.42.0.15 and port 7000
2025-01-28 21:21:40,672 INFO c.h.h.t.HelmChartContainer - [test-hivemq-platform] [hivemq] [0fa80728] INFO  - Extension "DNS Cluster Discovery Extension" version 4.3.2 started successfully.
2025-01-28 21:21:40,673 INFO c.h.h.t.HelmChartContainer - [test-hivemq-platform] [hivemq] [0fa80728] INFO  - Starting extension with id "hivemq-prometheus-extension" at /opt/hivemq/extensions/hivemq-prometheus-extension
2025-01-28 21:21:40,707 INFO c.h.h.t.HelmChartContainer - [test-hivemq-platform] [hivemq] [0fa80728] INFO  - Using extension cluster discovery
2025-01-28 21:21:41,973 INFO c.h.h.t.HelmChartContainer - [test-hivemq-platform] [hivemq] [0fa80728] INFO  - Started Jetty Server exposing Prometheus Servlet on URI http://0.0.0.0:9399/
2025-01-28 21:21:41,974 INFO c.h.h.t.HelmChartContainer - [test-hivemq-platform] [hivemq] [0fa80728] INFO  - Extension "Prometheus Monitoring Extension" version 4.0.12 started successfully.
2025-01-28 21:21:41,974 INFO c.h.h.t.HelmChartContainer - [test-hivemq-platform] [hivemq] [0fa80728] INFO  - Starting extension with id "hivemq-allow-all-extension" at /opt/hivemq/extensions/hivemq-allow-all-extension
2025-01-28 21:21:41,974 INFO c.h.h.t.HelmChartContainer - [test-hivemq-platform] [hivemq] [0fa80728] WARN  - 
2025-01-28 21:21:41,974 INFO c.h.h.t.HelmChartContainer - [test-hivemq-platform] [hivemq] [0fa80728] ################################################################################################################
2025-01-28 21:21:41,974 INFO c.h.h.t.HelmChartContainer - [test-hivemq-platform] [hivemq] [0fa80728] # This HiveMQ deployment is not secure! You are lacking Authentication and Authorization.                      #
2025-01-28 21:21:41,974 INFO c.h.h.t.HelmChartContainer - [test-hivemq-platform] [hivemq] [0fa80728] # Right now any MQTT client can connect to the broker with a full set of permissions.                          #
2025-01-28 21:21:41,974 INFO c.h.h.t.HelmChartContainer - [test-hivemq-platform] [hivemq] [0fa80728] # For production usage, add an appropriate security extension and remove the hivemq-allow-all extension.       #
2025-01-28 21:21:41,974 INFO c.h.h.t.HelmChartContainer - [test-hivemq-platform] [hivemq] [0fa80728] # You can download security extensions from the HiveMQ Marketplace (https://www.hivemq.com/extensions/).       #
2025-01-28 21:21:41,974 INFO c.h.h.t.HelmChartContainer - [test-hivemq-platform] [hivemq] [0fa80728] ################################################################################################################
2025-01-28 21:21:42,008 INFO c.h.h.t.HelmChartContainer - [test-hivemq-platform] [hivemq] [0fa80728] INFO  - Extension "Allow All Extension" version 1.1.1 started successfully.
2025-01-28 21:21:42,112 INFO c.h.h.t.HelmChartContainer - [test-hivemq-platform] [hivemq] [b0d502c2] INFO  - Cluster nodes found by discovery: [23HDh|1] (2) [23HDh, 6A90M].
2025-01-28 21:21:42,173 INFO c.h.h.t.HelmChartContainer - [EVENT] Warning [Unhealthy] Readiness probe failed: Get "http://10.42.0.15:7979/readiness": context deadline exceeded (Client.Timeout exceeded while awaiting headers) [helmrollingupgradeplatformit:test-hivemq-platform-1]
2025-01-28 21:21:42,173 INFO c.h.h.t.HelmChartContainer - Received Unhealthy event for container hivemq in pod test-hivemq-platform-1 [0fa80728-08f2-43bc-990f-19986f58f83c]
2025-01-28 21:21:42,270 INFO c.h.h.t.HelmChartContainer - [test-hivemq-platform] [hivemq] [0fa80728] INFO  - Cluster nodes found by discovery: [23HDh|1] (2) [23HDh, 6A90M].
2025-01-28 21:21:42,372 INFO c.h.h.t.HelmChartContainer - [test-hivemq-platform] [hivemq] [0fa80728] INFO  - [HiveMQ Platform Operator Init App 1.7.0-SNAPSHOT] Returning Health API response 503 for readiness
2025-01-28 21:21:42,471 INFO c.h.h.t.HelmChartContainer - [test-hivemq-platform] [hivemq] [0fa80728] INFO  - Cluster size = 1, members : [23HDh].
2025-01-28 21:21:42,921 INFO c.h.h.t.HelmChartContainer - [test-hivemq-platform] [hivemq] [0fa80728] INFO  - Starting cluster join process. This may take a while. Please do not shut down HiveMQ.
2025-01-28 21:21:42,922 INFO c.h.h.t.HelmChartContainer - [test-hivemq-platform] [hivemq] [0fa80728] INFO  - Cluster join process is still ongoing. Please do not shut down HiveMQ.
2025-01-28 21:21:44,932 INFO c.h.h.t.HelmChartContainer - [test-hivemq-platform] [hivemq] [b0d502c2] INFO  - Cluster size = 2, members : [23HDh, 6A90M].
2025-01-28 21:21:44,971 INFO c.h.h.t.HelmChartContainer - [test-hivemq-platform] [hivemq] [0fa80728] INFO  - Cluster size = 2, members : [23HDh, 6A90M].
2025-01-28 21:21:44,978 INFO c.h.h.t.HelmChartContainer - [test-hivemq-platform] [hivemq] [0fa80728] INFO  - Finished cluster join process successfully.
2025-01-28 21:21:44,979 INFO c.h.h.t.HelmChartContainer - [test-hivemq-platform] [hivemq] [0fa80728] WARN  - No user for HiveMQ Control Center configured. Starting with default user
2025-01-28 21:21:44,979 INFO c.h.h.t.HelmChartContainer - [test-hivemq-platform] [hivemq] [0fa80728] INFO  - Starting HiveMQ Control Center on address 0.0.0.0 and port 8080
2025-01-28 21:21:45,007 INFO c.h.h.t.HelmChartContainer - [test-hivemq-platform] [hivemq] [0fa80728] INFO  - Mounting HiveMQ Control Center V2 Preview
2025-01-28 21:21:45,310 INFO c.h.h.t.HelmChartContainer - [test-hivemq-platform] [hivemq] [b0d502c2] WARN  - One or more cluster nodes have a different HiveMQ version than: 4.35.0
2025-01-28 21:21:45,710 INFO c.h.h.t.HelmChartContainer - [test-hivemq-platform] [hivemq] [0fa80728] INFO  - Started HiveMQ Control Center in 732ms
2025-01-28 21:21:45,776 INFO c.h.h.t.HelmChartContainer - [test-hivemq-platform] [hivemq] [0fa80728] INFO  - Starting TCP listener on address 0.0.0.0 and port 1883
2025-01-28 21:21:45,790 INFO c.h.h.t.HelmChartContainer - [test-hivemq-platform] [hivemq] [0fa80728] INFO  - Started TCP Listener on address 0.0.0.0 and on port 1883.
2025-01-28 21:21:45,791 INFO c.h.h.t.HelmChartContainer - [test-hivemq-platform] [hivemq] [0fa80728] INFO  - Started HiveMQ in 29011ms
2025-01-28 21:21:45,907 INFO c.h.h.t.HelmChartContainer - [test-hivemq-platform] [hivemq] [0fa80728] WARN  - One or more cluster nodes have a different HiveMQ version than: 4.36.0
2025-01-28 21:21:46,130 INFO c.h.h.t.HelmChartContainer - [test-hivemq-platform] [hivemq] [0fa80728] INFO  - [HiveMQ Platform Operator Init App 1.7.0-SNAPSHOT] Returning Health API response 200 for readiness
2025-01-28 21:21:46,142 INFO c.h.h.t.HelmChartContainer - [POD] test-hivemq-platform-1 [0fa80728-08f2-43bc-990f-19986f58f83c] in helmrollingupgradeplatformit was MODIFIED
2025-01-28 21:21:46,157 INFO c.h.h.t.HelmChartContainer - [hivemq-test-hivemq-platform] [hivemq-platform-operator] [52a2fb00] 21:21:46.149 [pool-6-thread-49] DEBUG c.h.p.o.dependants.PodInfoConfigMap - [helmroll] Desired PodInfo ConfigMap (1 extensions) (1 enabled)
2025-01-28 21:21:46,157 INFO c.h.h.t.HelmChartContainer - [hivemq-test-hivemq-platform] [hivemq-platform-operator] [52a2fb00] 21:21:46.151 [pool-6-thread-49] DEBUG c.h.p.o.dependants.PodInfoConfigMap - [helmroll] Desired PodInfo ConfigMap (metrics port: 9399) (metrics path: /)
2025-01-28 21:21:46,157 INFO c.h.h.t.HelmChartContainer - [hivemq-test-hivemq-platform] [hivemq-platform-operator] [52a2fb00] 21:21:46.151 [pool-6-thread-49] DEBUG c.h.p.o.dependants.PodInfoConfigMap - [helmroll] Desired PodInfo ConfigMap (extension state hash: -1817474005)
2025-01-28 21:21:46,157 INFO c.h.h.t.HelmChartContainer - [hivemq-test-hivemq-platform] [hivemq-platform-operator] [52a2fb00] 21:21:46.149 [pool-6-thread-41] DEBUG c.h.p.o.d.PodServiceAccountResource - [helmroll] Desired PodServiceAccountResource (serviceAccountName: hivemq-platform-pod-test-hivemq-platform)
2025-01-28 21:21:46,157 INFO c.h.h.t.HelmChartContainer - [hivemq-test-hivemq-platform] [hivemq-platform-operator] [52a2fb00] 21:21:46.149 [pool-6-thread-48] DEBUG c.h.p.o.d.PlatformServiceResource - [helmroll] Desired Platform services (3 services)
2025-01-28 21:21:46,160 INFO c.h.h.t.HelmChartContainer - [hivemq-test-hivemq-platform] [hivemq-platform-operator] [52a2fb00] 21:21:46.155 [pool-6-thread-48] DEBUG c.h.p.o.d.StatefulSetResource - [helmroll] Desired StatefulSet (2 replicas) for status ROLLING_RESTART (SURGE_IN_PROGRESS)
2025-01-28 21:21:46,160 INFO c.h.h.t.HelmChartContainer - [hivemq-test-hivemq-platform] [hivemq-platform-operator] [52a2fb00] 21:21:46.158 [ReconcilerExecutor-hivemq-controller-130] INFO  c.h.p.o.HiveMQPlatformReconciler - [helmroll] Reconciling HiveMQ Platform 'test-hivemq-platform' in namespace 'helmrollingupgradeplatformit'
2025-01-28 21:21:46,160 INFO c.h.h.t.HelmChartContainer - [hivemq-test-hivemq-platform] [hivemq-platform-operator] [52a2fb00] 21:21:46.158 [ReconcilerExecutor-hivemq-controller-130] DEBUG c.h.p.o.HiveMQPlatformReconciler - [helmroll] Custom Resource Status ROLLING_RESTART - HiveMQ Platform is starting a surge Pod (rolling restart) (SURGE_IN_PROGRESS)
2025-01-28 21:21:46,160 INFO c.h.h.t.HelmChartContainer - [hivemq-test-hivemq-platform] [hivemq-platform-operator] [52a2fb00] 21:21:46.158 [ReconcilerExecutor-hivemq-controller-130] DEBUG c.h.p.o.HiveMQPlatformReconciler - [helmroll] Custom Resource Spec (replicas: 1) (extensions: 1)
2025-01-28 21:21:46,166 INFO c.h.h.t.HelmChartContainer - [hivemq-test-hivemq-platform] [hivemq-platform-operator] [52a2fb00] 21:21:46.159 [ReconcilerExecutor-hivemq-controller-130] DEBUG c.h.p.o.HiveMQPlatformReconciler - [helmroll] StatefulSet Status (revision: test-hivemq-platform-945c6dcb4, replicas: 2, available: 2, ready: 2, current: 1, updated: 1)
2025-01-28 21:21:46,166 INFO c.h.h.t.HelmChartContainer - [hivemq-test-hivemq-platform] [hivemq-platform-operator] [52a2fb00] 21:21:46.159 [ReconcilerExecutor-hivemq-controller-130] DEBUG c.h.p.o.HiveMQPlatformReconciler - [helmroll] StatefulSet Spec (replicas: 2, init containers: 1, containers: 1, volumes: 3)
2025-01-28 21:21:46,166 INFO c.h.h.t.HelmChartContainer - [hivemq-test-hivemq-platform] [hivemq-platform-operator] [52a2fb00] 21:21:46.162 [ReconcilerExecutor-hivemq-controller-130] DEBUG c.h.p.o.h.HiveMQPlatformReconcilerErrorHandler - [helmroll] Pod 'test-hivemq-platform-1' phase Running
2025-01-28 21:21:46,209 INFO c.h.h.t.HelmChartContainer - [hivemq-test-hivemq-platform] [hivemq-platform-operator] [52a2fb00] 21:21:46.207 [ReconcilerExecutor-hivemq-controller-130] DEBUG c.h.p.o.h.HiveMQPlatformReconcilerErrorHandler - [helmroll] Pod 'test-hivemq-platform-0' phase Running
2025-01-28 21:21:46,209 INFO c.h.h.t.HelmChartContainer - [hivemq-test-hivemq-platform] [hivemq-platform-operator] [52a2fb00] 21:21:46.208 [ReconcilerExecutor-hivemq-controller-130] INFO  c.h.p.o.h.HiveMQPlatformReconcilerRollingRestartHandler - [helmroll] Surge Pod started successfully
2025-01-28 21:21:46,222 INFO c.h.h.t.HelmChartContainer - [hivemq-test-hivemq-platform] [hivemq-platform-operator] [52a2fb00] 21:21:46.222 [ReconcilerExecutor-hivemq-controller-130] DEBUG c.h.p.operator.event.EventSender - [helmroll] Creating K8s event rolling-restart-surge-in-progress: [RollingRestart] HiveMQ Platform is restarting Pods (rolling restart)
2025-01-28 21:21:46,226 INFO c.h.h.t.HelmChartContainer - [EVENT] Normal [RollingRestart] HiveMQ Platform is restarting Pods (rolling restart) [helmrollingupgradeplatformit:test-hivemq-platform]
2025-01-28 21:21:46,227 INFO c.h.h.t.HelmChartContainer - [hivemq-test-hivemq-platform] [hivemq-platform-operator] [52a2fb00] 21:21:46.226 [ReconcilerExecutor-hivemq-controller-130] INFO  c.h.p.o.h.AbstractHiveMQReconcilerStateHandler - [helmroll] Update HiveMQ Platform Status (ROLLING_RESTART [SURGE_IN_PROGRESS] -> ROLLING_RESTART [RESTART_PODS_IN_PROGRESS]): HiveMQ Platform is restarting Pods (rolling restart)
2025-01-28 21:21:46,234 DEBUG com.hivemq.helmcharts.util.K8sUtil - Comparing actual state 'ROLLING_RESTART' and waiting for 'RUNNING'
2025-01-28 21:21:46,309 INFO c.h.h.t.HelmChartContainer - [hivemq-test-hivemq-platform] [hivemq-platform-operator] [52a2fb00] 21:21:46.307 [pool-6-thread-6] DEBUG c.h.p.o.d.PlatformServiceResource - [helmroll] Desired Platform services (3 services)
2025-01-28 21:21:46,309 INFO c.h.h.t.HelmChartContainer - [hivemq-test-hivemq-platform] [hivemq-platform-operator] [52a2fb00] 21:21:46.308 [pool-6-thread-5] DEBUG c.h.p.o.dependants.PodInfoConfigMap - [helmroll] Desired PodInfo ConfigMap (1 extensions) (1 enabled)
2025-01-28 21:21:46,309 INFO c.h.h.t.HelmChartContainer - [hivemq-test-hivemq-platform] [hivemq-platform-operator] [52a2fb00] 21:21:46.308 [pool-6-thread-5] DEBUG c.h.p.o.dependants.PodInfoConfigMap - [helmroll] Desired PodInfo ConfigMap (metrics port: 9399) (metrics path: /)
2025-01-28 21:21:46,309 INFO c.h.h.t.HelmChartContainer - [hivemq-test-hivemq-platform] [hivemq-platform-operator] [52a2fb00] 21:21:46.308 [pool-6-thread-5] DEBUG c.h.p.o.dependants.PodInfoConfigMap - [helmroll] Desired PodInfo ConfigMap (extension state hash: -1817474005)
2025-01-28 21:21:46,310 INFO c.h.h.t.HelmChartContainer - [hivemq-test-hivemq-platform] [hivemq-platform-operator] [52a2fb00] 21:21:46.308 [pool-6-thread-9] DEBUG c.h.p.o.d.PodServiceAccountResource - [helmroll] Desired PodServiceAccountResource (serviceAccountName: hivemq-platform-pod-test-hivemq-platform)
2025-01-28 21:21:46,314 INFO c.h.h.t.HelmChartContainer - [hivemq-test-hivemq-platform] [hivemq-platform-operator] [52a2fb00] 21:21:46.313 [pool-6-thread-6] DEBUG c.h.p.o.d.StatefulSetResource - [helmroll] Desired StatefulSet (2 replicas) for status ROLLING_RESTART (RESTART_PODS_IN_PROGRESS)
2025-01-28 21:21:46,318 INFO c.h.h.t.HelmChartContainer - [hivemq-test-hivemq-platform] [hivemq-platform-operator] [52a2fb00] 21:21:46.316 [ReconcilerExecutor-hivemq-controller-131] INFO  c.h.p.o.HiveMQPlatformReconciler - [helmroll] Reconciling HiveMQ Platform 'test-hivemq-platform' in namespace 'helmrollingupgradeplatformit'
2025-01-28 21:21:46,319 INFO c.h.h.t.HelmChartContainer - [hivemq-test-hivemq-platform] [hivemq-platform-operator] [52a2fb00] 21:21:46.316 [ReconcilerExecutor-hivemq-controller-131] DEBUG c.h.p.o.HiveMQPlatformReconciler - [helmroll] Custom Resource Status ROLLING_RESTART - HiveMQ Platform is restarting Pods (rolling restart) (RESTART_PODS_IN_PROGRESS)
2025-01-28 21:21:46,319 INFO c.h.h.t.HelmChartContainer - [hivemq-test-hivemq-platform] [hivemq-platform-operator] [52a2fb00] 21:21:46.316 [ReconcilerExecutor-hivemq-controller-131] DEBUG c.h.p.o.HiveMQPlatformReconciler - [helmroll] Custom Resource Spec (replicas: 1) (extensions: 1)
2025-01-28 21:21:46,319 INFO c.h.h.t.HelmChartContainer - [hivemq-test-hivemq-platform] [hivemq-platform-operator] [52a2fb00] 21:21:46.317 [ReconcilerExecutor-hivemq-controller-131] DEBUG c.h.p.o.HiveMQPlatformReconciler - [helmroll] StatefulSet Status (revision: test-hivemq-platform-945c6dcb4, replicas: 2, available: 2, ready: 2, current: 1, updated: 1)
2025-01-28 21:21:46,320 INFO c.h.h.t.HelmChartContainer - [hivemq-test-hivemq-platform] [hivemq-platform-operator] [52a2fb00] 21:21:46.317 [ReconcilerExecutor-hivemq-controller-131] DEBUG c.h.p.o.HiveMQPlatformReconciler - [helmroll] StatefulSet Spec (replicas: 2, init containers: 1, containers: 1, volumes: 3)
2025-01-28 21:21:46,320 INFO c.h.h.t.HelmChartContainer - [hivemq-test-hivemq-platform] [hivemq-platform-operator] [52a2fb00] 21:21:46.318 [ReconcilerExecutor-hivemq-controller-131] DEBUG c.h.p.o.h.HiveMQPlatformReconcilerErrorHandler - [helmroll] Pod 'test-hivemq-platform-1' phase Running
2025-01-28 21:21:46,322 INFO c.h.h.t.HelmChartContainer - [hivemq-test-hivemq-platform] [hivemq-platform-operator] [52a2fb00] 21:21:46.321 [ReconcilerExecutor-hivemq-controller-131] DEBUG c.h.p.o.h.HiveMQPlatformReconcilerErrorHandler - [helmroll] Pod 'test-hivemq-platform-0' phase Running
2025-01-28 21:21:46,408 INFO c.h.h.t.HelmChartContainer - [hivemq-test-hivemq-platform] [hivemq-platform-operator] [52a2fb00] 21:21:46.407 [ReconcilerExecutor-hivemq-controller-131] DEBUG c.h.p.o.h.HiveMQPlatformReconcilerRollingRestartHandler - [helmroll] Skipping Pod test-hivemq-platform-1 as it's already on the controller update revision (update revision: test-hivemq-platform-945c6dcb4, pod revision: test-hivemq-platform-945c6dcb4)
2025-01-28 21:21:46,419 INFO c.h.h.t.HelmChartContainer - [hivemq-test-hivemq-platform] [hivemq-platform-operator] [52a2fb00] 21:21:46.418 [ReconcilerExecutor-hivemq-controller-131] DEBUG c.h.p.o.h.HiveMQPlatformReconcilerRollingRestartHandler - [helmroll] The last Pod is running for 56 seconds, the next Pod can be restarted
2025-01-28 21:21:46,419 INFO c.h.h.t.HelmChartContainer - [hivemq-test-hivemq-platform] [hivemq-platform-operator] [52a2fb00] 21:21:46.418 [ReconcilerExecutor-hivemq-controller-131] INFO  c.h.p.o.h.HiveMQPlatformReconcilerRollingRestartHandler - [helmroll] Restarting Pod test-hivemq-platform-0 as it's not matching the controller update revision (update revision: test-hivemq-platform-945c6dcb4, pod revision: test-hivemq-platform-54c4467984)
2025-01-28 21:21:46,430 INFO c.h.h.t.HelmChartContainer - [POD] test-hivemq-platform-0 [b0d502c2-b2e2-4658-b2a0-5ddb9414f60b] in helmrollingupgradeplatformit was MODIFIED
2025-01-28 21:21:46,433 INFO c.h.h.t.HelmChartContainer - [EVENT] Normal [Killing] Stopping container hivemq [helmrollingupgradeplatformit:test-hivemq-platform-0]
2025-01-28 21:21:46,434 INFO c.h.h.t.HelmChartContainer - Received Killing event for container hivemq in pod test-hivemq-platform-0 [b0d502c2-b2e2-4658-b2a0-5ddb9414f60b]
2025-01-28 21:21:46,434 INFO c.h.h.t.HelmChartContainer - Container [test-hivemq-platform-0] [hivemq] [b0d502c2-b2e2-4658-b2a0-5ddb9414f60b] was terminated
2025-01-28 21:21:46,434 INFO c.h.h.t.HelmChartContainer - Stopped log watcher for hivemq in pod test-hivemq-platform-0 [b0d502c2-b2e2-4658-b2a0-5ddb9414f60b]
2025-01-28 21:21:46,451 INFO c.h.h.t.HelmChartContainer - [test-hivemq-platform] [hivemq] [b0d502c2] INFO  - [HiveMQ Platform Operator Init App 1.7.0-SNAPSHOT] Shutting down
2025-01-28 21:21:46,451 INFO c.h.h.t.HelmChartContainer - [test-hivemq-platform] [hivemq] [b0d502c2] INFO  - [HiveMQ Platform Operator Init App 1.7.0-SNAPSHOT] Stopping the HiveMQ Platform
2025-01-28 21:21:46,518 INFO c.h.h.t.HelmChartContainer - [hivemq-test-hivemq-platform] [hivemq-platform-operator] [52a2fb00] 21:21:46.515 [pool-6-thread-17] DEBUG c.h.p.o.d.PlatformServiceResource - [helmroll] Desired Platform services (3 services)
2025-01-28 21:21:46,519 INFO c.h.h.t.HelmChartContainer - [hivemq-test-hivemq-platform] [hivemq-platform-operator] [52a2fb00] 21:21:46.516 [pool-6-thread-13] DEBUG c.h.p.o.dependants.PodInfoConfigMap - [helmroll] Desired PodInfo ConfigMap (1 extensions) (1 enabled)
2025-01-28 21:21:46,519 INFO c.h.h.t.HelmChartContainer - [hivemq-test-hivemq-platform] [hivemq-platform-operator] [52a2fb00] 21:21:46.516 [pool-6-thread-13] DEBUG c.h.p.o.dependants.PodInfoConfigMap - [helmroll] Desired PodInfo ConfigMap (metrics port: 9399) (metrics path: /)
2025-01-28 21:21:46,519 INFO c.h.h.t.HelmChartContainer - [hivemq-test-hivemq-platform] [hivemq-platform-operator] [52a2fb00] 21:21:46.516 [pool-6-thread-13] DEBUG c.h.p.o.dependants.PodInfoConfigMap - [helmroll] Desired PodInfo ConfigMap (extension state hash: -1817474005)
2025-01-28 21:21:46,519 INFO c.h.h.t.HelmChartContainer - [hivemq-test-hivemq-platform] [hivemq-platform-operator] [52a2fb00] 21:21:46.517 [pool-6-thread-15] DEBUG c.h.p.o.d.PodServiceAccountResource - [helmroll] Desired PodServiceAccountResource (serviceAccountName: hivemq-platform-pod-test-hivemq-platform)
2025-01-28 21:21:46,524 INFO c.h.h.t.HelmChartContainer - [hivemq-test-hivemq-platform] [hivemq-platform-operator] [52a2fb00] 21:21:46.521 [pool-6-thread-13] DEBUG c.h.p.o.d.StatefulSetResource - [helmroll] Desired StatefulSet (2 replicas) for status ROLLING_RESTART (RESTART_PODS_IN_PROGRESS)
2025-01-28 21:21:46,525 INFO c.h.h.t.HelmChartContainer - [hivemq-test-hivemq-platform] [hivemq-platform-operator] [52a2fb00] 21:21:46.524 [ReconcilerExecutor-hivemq-controller-132] INFO  c.h.p.o.HiveMQPlatformReconciler - [helmroll] Reconciling HiveMQ Platform 'test-hivemq-platform' in namespace 'helmrollingupgradeplatformit'
2025-01-28 21:21:46,525 INFO c.h.h.t.HelmChartContainer - [hivemq-test-hivemq-platform] [hivemq-platform-operator] [52a2fb00] 21:21:46.524 [ReconcilerExecutor-hivemq-controller-132] DEBUG c.h.p.o.HiveMQPlatformReconciler - [helmroll] Custom Resource Status ROLLING_RESTART - HiveMQ Platform is restarting Pods (rolling restart) (RESTART_PODS_IN_PROGRESS)
2025-01-28 21:21:46,525 INFO c.h.h.t.HelmChartContainer - [hivemq-test-hivemq-platform] [hivemq-platform-operator] [52a2fb00] 21:21:46.524 [ReconcilerExecutor-hivemq-controller-132] DEBUG c.h.p.o.HiveMQPlatformReconciler - [helmroll] Custom Resource Spec (replicas: 1) (extensions: 1)
2025-01-28 21:21:46,526 INFO c.h.h.t.HelmChartContainer - [hivemq-test-hivemq-platform] [hivemq-platform-operator] [52a2fb00] 21:21:46.525 [ReconcilerExecutor-hivemq-controller-132] DEBUG c.h.p.o.HiveMQPlatformReconciler - [helmroll] StatefulSet Status (revision: test-hivemq-platform-945c6dcb4, replicas: 2, available: 2, ready: 2, current: 0, updated: 1)
2025-01-28 21:21:46,528 INFO c.h.h.t.HelmChartContainer - [hivemq-test-hivemq-platform] [hivemq-platform-operator] [52a2fb00] 21:21:46.525 [ReconcilerExecutor-hivemq-controller-132] DEBUG c.h.p.o.HiveMQPlatformReconciler - [helmroll] StatefulSet Spec (replicas: 2, init containers: 1, containers: 1, volumes: 3)
2025-01-28 21:21:46,605 INFO c.h.h.t.HelmChartContainer - [test-hivemq-platform] [hivemq] [b0d502c2] INFO  - Shutting down HiveMQ. Please wait, this could take a while...
2025-01-28 21:21:46,609 INFO c.h.h.t.HelmChartContainer - [hivemq-test-hivemq-platform] [hivemq-platform-operator] [52a2fb00] 21:21:46.607 [ReconcilerExecutor-hivemq-controller-132] DEBUG c.h.p.o.h.HiveMQPlatformReconcilerErrorHandler - [helmroll] Pod 'test-hivemq-platform-1' phase Running
2025-01-28 21:21:46,609 INFO c.h.h.t.HelmChartContainer - [test-hivemq-platform] [hivemq] [b0d502c2] INFO  - Shutting down listeners and clients
2025-01-28 21:21:46,611 INFO c.h.h.t.HelmChartContainer - [test-hivemq-platform] [hivemq] [b0d502c2] INFO  - Shutdown of listeners is done
2025-01-28 21:21:46,613 INFO c.h.h.t.HelmChartContainer - [test-hivemq-platform] [hivemq] [b0d502c2] INFO  - No clients are connected, proceeding with shutdown
2025-01-28 21:21:46,614 INFO c.h.h.t.HelmChartContainer - [hivemq-test-hivemq-platform] [hivemq-platform-operator] [52a2fb00] 21:21:46.612 [ReconcilerExecutor-hivemq-controller-132] DEBUG c.h.p.o.h.HiveMQPlatformReconcilerErrorHandler - [helmroll] Pod 'test-hivemq-platform-0' phase Running
2025-01-28 21:21:46,621 INFO c.h.h.t.HelmChartContainer - [hivemq-test-hivemq-platform] [hivemq-platform-operator] [52a2fb00] 21:21:46.620 [ReconcilerExecutor-hivemq-controller-132] DEBUG c.h.p.o.h.HiveMQPlatformReconcilerRollingRestartHandler - [helmroll] Skipping Pod test-hivemq-platform-1 as it's already on the controller update revision (update revision: test-hivemq-platform-945c6dcb4, pod revision: test-hivemq-platform-945c6dcb4)
2025-01-28 21:21:46,633 INFO c.h.h.t.HelmChartContainer - [hivemq-test-hivemq-platform] [hivemq-platform-operator] [52a2fb00] 21:21:46.632 [ReconcilerExecutor-hivemq-controller-132] DEBUG c.h.p.o.h.HiveMQPlatformReconcilerRollingRestartHandler - [helmroll] The last Pod is running for 56 seconds, the next Pod can be restarted
2025-01-28 21:21:46,633 INFO c.h.h.t.HelmChartContainer - [hivemq-test-hivemq-platform] [hivemq-platform-operator] [52a2fb00] 21:21:46.632 [ReconcilerExecutor-hivemq-controller-132] INFO  c.h.p.o.h.HiveMQPlatformReconcilerRollingRestartHandler - [helmroll] Restarting Pod test-hivemq-platform-0 as it's not matching the controller update revision (update revision: test-hivemq-platform-945c6dcb4, pod revision: test-hivemq-platform-54c4467984)
2025-01-28 21:21:48,881 INFO c.h.h.t.HelmChartContainer - [test-hivemq-platform] [hivemq] [b0d502c2] INFO  - [HiveMQ Platform Operator Init App 1.7.0-SNAPSHOT] Returning shutdown Health API response 503 for readiness
2025-01-28 21:21:48,886 INFO c.h.h.t.HelmChartContainer - [EVENT] Warning [Unhealthy] Readiness probe failed: HTTP probe failed with statuscode: 503 [helmrollingupgradeplatformit:test-hivemq-platform-0]
2025-01-28 21:21:48,886 INFO c.h.h.t.HelmChartContainer - Received Unhealthy event for container hivemq in pod test-hivemq-platform-0 [b0d502c2-b2e2-4658-b2a0-5ddb9414f60b]
2025-01-28 21:21:49,419 INFO c.h.h.t.HelmChartContainer - [test-hivemq-platform] [hivemq] [b0d502c2] INFO  - Shutting down extension system
2025-01-28 21:21:49,421 INFO c.h.h.t.HelmChartContainer - [test-hivemq-platform] [hivemq] [b0d502c2] INFO  - Stopping extension with id hivemq-dns-cluster-discovery
2025-01-28 21:21:49,422 INFO c.h.h.t.HelmChartContainer - [test-hivemq-platform] [hivemq] [b0d502c2] INFO  - Extension "DNS Cluster Discovery Extension" version 4.3.2 stopped successfully.
2025-01-28 21:21:49,422 INFO c.h.h.t.HelmChartContainer - [test-hivemq-platform] [hivemq] [b0d502c2] INFO  - Stopping extension with id hivemq-prometheus-extension
2025-01-28 21:21:49,433 INFO c.h.h.t.HelmChartContainer - [test-hivemq-platform] [hivemq] [b0d502c2] INFO  - Extension "Prometheus Monitoring Extension" version 4.0.12 stopped successfully.
2025-01-28 21:21:49,433 INFO c.h.h.t.HelmChartContainer - [test-hivemq-platform] [hivemq] [b0d502c2] INFO  - Stopping extension with id hivemq-allow-all-extension
2025-01-28 21:21:49,433 INFO c.h.h.t.HelmChartContainer - [test-hivemq-platform] [hivemq] [b0d502c2] INFO  - Extension "Allow All Extension" version 1.1.0 stopped successfully.
2025-01-28 21:21:49,438 INFO c.h.h.t.HelmChartContainer - [test-hivemq-platform] [hivemq] [0fa80728] INFO  - Cluster nodes found by discovery: [6A90M|2] (1) [6A90M].
2025-01-28 21:21:49,443 INFO c.h.h.t.HelmChartContainer - [test-hivemq-platform] [hivemq] [0fa80728] INFO  - Cluster size = 1, members : [6A90M].
2025-01-28 21:21:50,745 INFO c.h.h.t.HelmChartContainer - [test-hivemq-platform] [hivemq] [0fa80728] INFO  - [HiveMQ Platform Operator Init App 1.7.0-SNAPSHOT] Returning Health API response 200 for liveness
2025-01-28 21:21:50,908 INFO c.h.h.t.HelmChartContainer - [test-hivemq-platform] [hivemq] [0fa80728] INFO  - Every cluster node has the same HiveMQ version: 4.36.0
2025-01-28 21:21:51,804 INFO c.h.h.t.HelmChartContainer - [test-hivemq-platform] [hivemq] [b0d502c2] INFO  - Shutdown completed.
2025-01-28 21:21:52,156 INFO c.h.h.t.HelmChartContainer - [test-hivemq-platform] [hivemq] [b0d502c2] INFO  - [HiveMQ Platform Operator Init App 1.7.0-SNAPSHOT] The HiveMQ Platform exited with code 143
2025-01-28 21:21:52,156 INFO c.h.h.t.HelmChartContainer - [test-hivemq-platform] [hivemq] [b0d502c2] INFO  - [HiveMQ Platform Operator Init App 1.7.0-SNAPSHOT] Stopping the REST API
2025-01-28 21:21:52,203 INFO c.h.h.t.HelmChartContainer - [test-hivemq-platform] [hivemq] [b0d502c2] INFO  - [HiveMQ Platform Operator Init App 1.7.0-SNAPSHOT] Shutdown complete
2025-01-28 21:21:52,714 INFO c.h.h.t.HelmChartContainer - [POD] test-hivemq-platform-0 [b0d502c2-b2e2-4658-b2a0-5ddb9414f60b] in helmrollingupgradeplatformit was MODIFIED
2025-01-28 21:21:52,723 INFO c.h.h.t.HelmChartContainer - [hivemq-test-hivemq-platform] [hivemq-platform-operator] [52a2fb00] 21:21:52.716 [pool-6-thread-30] DEBUG c.h.p.o.d.PlatformServiceResource - [helmroll] Desired Platform services (3 services)
2025-01-28 21:21:52,723 INFO c.h.h.t.HelmChartContainer - [hivemq-test-hivemq-platform] [hivemq-platform-operator] [52a2fb00] 21:21:52.717 [pool-6-thread-24] DEBUG c.h.p.o.dependants.PodInfoConfigMap - [helmroll] Desired PodInfo ConfigMap (1 extensions) (1 enabled)
2025-01-28 21:21:52,723 INFO c.h.h.t.HelmChartContainer - [hivemq-test-hivemq-platform] [hivemq-platform-operator] [52a2fb00] 21:21:52.717 [pool-6-thread-24] DEBUG c.h.p.o.dependants.PodInfoConfigMap - [helmroll] Desired PodInfo ConfigMap (metrics port: 9399) (metrics path: /)
2025-01-28 21:21:52,723 INFO c.h.h.t.HelmChartContainer - [hivemq-test-hivemq-platform] [hivemq-platform-operator] [52a2fb00] 21:21:52.717 [pool-6-thread-24] DEBUG c.h.p.o.dependants.PodInfoConfigMap - [helmroll] Desired PodInfo ConfigMap (extension state hash: -1817474005)
2025-01-28 21:21:52,723 INFO c.h.h.t.HelmChartContainer - [hivemq-test-hivemq-platform] [hivemq-platform-operator] [52a2fb00] 21:21:52.718 [pool-6-thread-27] DEBUG c.h.p.o.d.PodServiceAccountResource - [helmroll] Desired PodServiceAccountResource (serviceAccountName: hivemq-platform-pod-test-hivemq-platform)
2025-01-28 21:21:52,731 INFO c.h.h.t.HelmChartContainer - [hivemq-test-hivemq-platform] [hivemq-platform-operator] [52a2fb00] 21:21:52.728 [pool-6-thread-30] DEBUG c.h.p.o.d.StatefulSetResource - [helmroll] Desired StatefulSet (2 replicas) for status ROLLING_RESTART (RESTART_PODS_IN_PROGRESS)
2025-01-28 21:21:52,736 INFO c.h.h.t.HelmChartContainer - [hivemq-test-hivemq-platform] [hivemq-platform-operator] [52a2fb00] 21:21:52.733 [ReconcilerExecutor-hivemq-controller-133] INFO  c.h.p.o.HiveMQPlatformReconciler - [helmroll] Reconciling HiveMQ Platform 'test-hivemq-platform' in namespace 'helmrollingupgradeplatformit'
2025-01-28 21:21:52,737 INFO c.h.h.t.HelmChartContainer - [hivemq-test-hivemq-platform] [hivemq-platform-operator] [52a2fb00] 21:21:52.733 [ReconcilerExecutor-hivemq-controller-133] DEBUG c.h.p.o.HiveMQPlatformReconciler - [helmroll] Custom Resource Status ROLLING_RESTART - HiveMQ Platform is restarting Pods (rolling restart) (RESTART_PODS_IN_PROGRESS)
2025-01-28 21:21:52,737 INFO c.h.h.t.HelmChartContainer - [hivemq-test-hivemq-platform] [hivemq-platform-operator] [52a2fb00] 21:21:52.733 [ReconcilerExecutor-hivemq-controller-133] DEBUG c.h.p.o.HiveMQPlatformReconciler - [helmroll] Custom Resource Spec (replicas: 1) (extensions: 1)
2025-01-28 21:21:52,737 INFO c.h.h.t.HelmChartContainer - [hivemq-test-hivemq-platform] [hivemq-platform-operator] [52a2fb00] 21:21:52.734 [ReconcilerExecutor-hivemq-controller-133] DEBUG c.h.p.o.HiveMQPlatformReconciler - [helmroll] StatefulSet Status (revision: test-hivemq-platform-945c6dcb4, replicas: 2, available: 1, ready: 1, current: 0, updated: 1)
2025-01-28 21:21:52,737 INFO c.h.h.t.HelmChartContainer - [hivemq-test-hivemq-platform] [hivemq-platform-operator] [52a2fb00] 21:21:52.734 [ReconcilerExecutor-hivemq-controller-133] DEBUG c.h.p.o.HiveMQPlatformReconciler - [helmroll] StatefulSet Spec (replicas: 2, init containers: 1, containers: 1, volumes: 3)
2025-01-28 21:21:52,737 INFO c.h.h.t.HelmChartContainer - [hivemq-test-hivemq-platform] [hivemq-platform-operator] [52a2fb00] 21:21:52.736 [ReconcilerExecutor-hivemq-controller-133] DEBUG c.h.p.o.h.HiveMQPlatformReconcilerErrorHandler - [helmroll] Pod 'test-hivemq-platform-1' phase Running
2025-01-28 21:21:52,739 INFO c.h.h.t.HelmChartContainer - [hivemq-test-hivemq-platform] [hivemq-platform-operator] [52a2fb00] 21:21:52.738 [ReconcilerExecutor-hivemq-controller-133] DEBUG c.h.p.o.h.HiveMQPlatformReconcilerErrorHandler - [helmroll] Pod 'test-hivemq-platform-0' phase Failed
2025-01-28 21:21:52,744 INFO c.h.h.t.HelmChartContainer - [hivemq-test-hivemq-platform] [hivemq-platform-operator] [52a2fb00] 21:21:52.738 [ReconcilerExecutor-hivemq-controller-133] DEBUG c.h.p.o.h.HiveMQPlatformReconcilerErrorHandler - [helmroll] Pod 'test-hivemq-platform-0' condition 'PodReadyToStartContainers': False
2025-01-28 21:21:52,744 INFO c.h.h.t.HelmChartContainer - [hivemq-test-hivemq-platform] [hivemq-platform-operator] [52a2fb00] 21:21:52.738 [ReconcilerExecutor-hivemq-controller-133] DEBUG c.h.p.o.h.HiveMQPlatformReconcilerErrorHandler - [helmroll] Pod 'test-hivemq-platform-0' condition 'Initialized': True
2025-01-28 21:21:52,744 INFO c.h.h.t.HelmChartContainer - [hivemq-test-hivemq-platform] [hivemq-platform-operator] [52a2fb00] 21:21:52.738 [ReconcilerExecutor-hivemq-controller-133] DEBUG c.h.p.o.h.HiveMQPlatformReconcilerErrorHandler - [helmroll] Pod 'test-hivemq-platform-0' condition 'Ready': False
2025-01-28 21:21:52,744 INFO c.h.h.t.HelmChartContainer - [hivemq-test-hivemq-platform] [hivemq-platform-operator] [52a2fb00] 21:21:52.738 [ReconcilerExecutor-hivemq-controller-133] DEBUG c.h.p.o.h.HiveMQPlatformReconcilerErrorHandler - [helmroll] Pod 'test-hivemq-platform-0' condition 'ContainersReady': False
2025-01-28 21:21:52,744 INFO c.h.h.t.HelmChartContainer - [hivemq-test-hivemq-platform] [hivemq-platform-operator] [52a2fb00] 21:21:52.738 [ReconcilerExecutor-hivemq-controller-133] DEBUG c.h.p.o.h.HiveMQPlatformReconcilerErrorHandler - [helmroll] Pod 'test-hivemq-platform-0' condition 'PodScheduled': True
2025-01-28 21:21:52,744 INFO c.h.h.t.HelmChartContainer - [hivemq-test-hivemq-platform] [hivemq-platform-operator] [52a2fb00] 21:21:52.738 [ReconcilerExecutor-hivemq-controller-133] DEBUG c.h.p.o.h.HiveMQPlatformReconcilerErrorHandler - [helmroll] Pod 'test-hivemq-platform-0' containerStatus 'hivemq' (started: false) (ready: false) (waiting: [Unknown] no message)
2025-01-28 21:21:52,744 INFO c.h.h.t.HelmChartContainer - [hivemq-test-hivemq-platform] [hivemq-platform-operator] [52a2fb00] 21:21:52.738 [ReconcilerExecutor-hivemq-controller-133] DEBUG c.h.p.o.h.HiveMQPlatformReconcilerRollingRestartHandler - [helmroll] Rolling restart is waiting for 1 of 2 replicas
2025-01-28 21:21:52,784 INFO c.h.h.t.HelmChartContainer - [K3S] [scope.go:117] "RemoveContainer" containerID="ea98c17fe1fe40f7cd6a62be6334f0c1ad6851b8bfc77e22bbcf074ca6cf381d"
2025-01-28 21:21:52,813 INFO c.h.h.t.HelmChartContainer - [K3S] [reconciler_common.go:162] "operationExecutor.UnmountVolume started for volume \"operator-init\" (UniqueName: \"kubernetes.io/empty-dir/b0d502c2-b2e2-4658-b2a0-5ddb9414f60b-operator-init\") pod \"b0d502c2-b2e2-4658-b2a0-5ddb9414f60b\" (UID: \"b0d502c2-b2e2-4658-b2a0-5ddb9414f60b\") "
2025-01-28 21:21:52,813 INFO c.h.h.t.HelmChartContainer - [K3S] [reconciler_common.go:162] "operationExecutor.UnmountVolume started for volume \"kube-api-access-x5rvq\" (UniqueName: \"kubernetes.io/projected/b0d502c2-b2e2-4658-b2a0-5ddb9414f60b-kube-api-access-x5rvq\") pod \"b0d502c2-b2e2-4658-b2a0-5ddb9414f60b\" (UID: \"b0d502c2-b2e2-4658-b2a0-5ddb9414f60b\") "
2025-01-28 21:21:52,814 INFO c.h.h.t.HelmChartContainer - [K3S] [reconciler_common.go:162] "operationExecutor.UnmountVolume started for volume \"pod-info\" (UniqueName: \"kubernetes.io/configmap/b0d502c2-b2e2-4658-b2a0-5ddb9414f60b-pod-info\") pod \"b0d502c2-b2e2-4658-b2a0-5ddb9414f60b\" (UID: \"b0d502c2-b2e2-4658-b2a0-5ddb9414f60b\") "
2025-01-28 21:21:52,814 INFO c.h.h.t.HelmChartContainer - [K3S] [reconciler_common.go:162] "operationExecutor.UnmountVolume started for volume \"broker-configuration\" (UniqueName: \"kubernetes.io/configmap/b0d502c2-b2e2-4658-b2a0-5ddb9414f60b-broker-configuration\") pod \"b0d502c2-b2e2-4658-b2a0-5ddb9414f60b\" (UID: \"b0d502c2-b2e2-4658-b2a0-5ddb9414f60b\") "
2025-01-28 21:21:52,816 INFO c.h.h.t.HelmChartContainer - [hivemq-test-hivemq-platform] [hivemq-platform-operator] [52a2fb00] 21:21:52.811 [pool-6-thread-36] DEBUG c.h.p.o.d.PlatformServiceResource - [helmroll] Desired Platform services (3 services)
2025-01-28 21:21:52,817 INFO c.h.h.t.HelmChartContainer - [hivemq-test-hivemq-platform] [hivemq-platform-operator] [52a2fb00] 21:21:52.816 [pool-6-thread-36] DEBUG c.h.p.o.dependants.PodInfoConfigMap - [helmroll] Desired PodInfo ConfigMap (1 extensions) (1 enabled)
2025-01-28 21:21:52,821 INFO c.h.h.t.HelmChartContainer - [hivemq-test-hivemq-platform] [hivemq-platform-operator] [52a2fb00] 21:21:52.816 [pool-6-thread-36] DEBUG c.h.p.o.dependants.PodInfoConfigMap - [helmroll] Desired PodInfo ConfigMap (metrics port: 9399) (metrics path: /)
2025-01-28 21:21:52,824 INFO c.h.h.t.HelmChartContainer - [hivemq-test-hivemq-platform] [hivemq-platform-operator] [52a2fb00] 21:21:52.816 [pool-6-thread-36] DEBUG c.h.p.o.dependants.PodInfoConfigMap - [helmroll] Desired PodInfo ConfigMap (extension state hash: -1817474005)
2025-01-28 21:21:52,825 INFO c.h.h.t.HelmChartContainer - [hivemq-test-hivemq-platform] [hivemq-platform-operator] [52a2fb00] 21:21:52.819 [pool-6-thread-33] DEBUG c.h.p.o.d.PodServiceAccountResource - [helmroll] Desired PodServiceAccountResource (serviceAccountName: hivemq-platform-pod-test-hivemq-platform)
2025-01-28 21:21:52,826 INFO c.h.h.t.HelmChartContainer - [hivemq-test-hivemq-platform] [hivemq-platform-operator] [52a2fb00] 21:21:52.826 [pool-6-thread-33] DEBUG c.h.p.o.d.StatefulSetResource - [helmroll] Desired StatefulSet (2 replicas) for status ROLLING_RESTART (RESTART_PODS_IN_PROGRESS)
2025-01-28 21:21:52,830 INFO c.h.h.t.HelmChartContainer - [hivemq-test-hivemq-platform] [hivemq-platform-operator] [52a2fb00] 21:21:52.829 [ReconcilerExecutor-hivemq-controller-134] INFO  c.h.p.o.HiveMQPlatformReconciler - [helmroll] Reconciling HiveMQ Platform 'test-hivemq-platform' in namespace 'helmrollingupgradeplatformit'
2025-01-28 21:21:52,830 INFO c.h.h.t.HelmChartContainer - [hivemq-test-hivemq-platform] [hivemq-platform-operator] [52a2fb00] 21:21:52.829 [ReconcilerExecutor-hivemq-controller-134] DEBUG c.h.p.o.HiveMQPlatformReconciler - [helmroll] Custom Resource Status ROLLING_RESTART - HiveMQ Platform is restarting Pods (rolling restart) (RESTART_PODS_IN_PROGRESS)
2025-01-28 21:21:52,831 INFO c.h.h.t.HelmChartContainer - [hivemq-test-hivemq-platform] [hivemq-platform-operator] [52a2fb00] 21:21:52.829 [ReconcilerExecutor-hivemq-controller-134] DEBUG c.h.p.o.HiveMQPlatformReconciler - [helmroll] Custom Resource Spec (replicas: 1) (extensions: 1)
2025-01-28 21:21:52,832 INFO c.h.h.t.HelmChartContainer - [hivemq-test-hivemq-platform] [hivemq-platform-operator] [52a2fb00] 21:21:52.830 [ReconcilerExecutor-hivemq-controller-134] DEBUG c.h.p.o.HiveMQPlatformReconciler - [helmroll] StatefulSet Status (revision: test-hivemq-platform-945c6dcb4, replicas: 2, available: 1, ready: 1, current: 0, updated: 1)
2025-01-28 21:21:52,832 INFO c.h.h.t.HelmChartContainer - [hivemq-test-hivemq-platform] [hivemq-platform-operator] [52a2fb00] 21:21:52.830 [ReconcilerExecutor-hivemq-controller-134] DEBUG c.h.p.o.HiveMQPlatformReconciler - [helmroll] StatefulSet Spec (replicas: 2, init containers: 1, containers: 1, volumes: 3)
2025-01-28 21:21:52,886 INFO c.h.h.t.HelmChartContainer - [K3S] [scope.go:117] "RemoveContainer" containerID="48169ea4e199ae41379e7322c6a09cfff5a2e81e6f00656a07cf1075a3344701"
2025-01-28 21:21:52,889 INFO c.h.h.t.HelmChartContainer - [K3S] [scope.go:117] "RemoveContainer" containerID="ea98c17fe1fe40f7cd6a62be6334f0c1ad6851b8bfc77e22bbcf074ca6cf381d"
2025-01-28 21:21:52,890 INFO c.h.h.t.HelmChartContainer - [K3S] [scope.go:117] "RemoveContainer" containerID="48169ea4e199ae41379e7322c6a09cfff5a2e81e6f00656a07cf1075a3344701"
2025-01-28 21:21:52,910 INFO c.h.h.t.HelmChartContainer - [K3S] [reconciler_common.go:299] "Volume detached for volume \"pod-info\" (UniqueName: \"kubernetes.io/configmap/b0d502c2-b2e2-4658-b2a0-5ddb9414f60b-pod-info\") on node \"76827e36d767\" DevicePath \"\""
2025-01-28 21:21:52,910 INFO c.h.h.t.HelmChartContainer - [K3S] [reconciler_common.go:299] "Volume detached for volume \"broker-configuration\" (UniqueName: \"kubernetes.io/configmap/b0d502c2-b2e2-4658-b2a0-5ddb9414f60b-broker-configuration\") on node \"76827e36d767\" DevicePath \"\""
2025-01-28 21:21:52,910 INFO c.h.h.t.HelmChartContainer - [hivemq-test-hivemq-platform] [hivemq-platform-operator] [52a2fb00] 21:21:52.909 [ReconcilerExecutor-hivemq-controller-134] DEBUG c.h.p.o.h.HiveMQPlatformReconcilerErrorHandler - [helmroll] Pod 'test-hivemq-platform-1' phase Running
2025-01-28 21:21:52,910 INFO c.h.h.t.HelmChartContainer - [K3S] [reconciler_common.go:299] "Volume detached for volume \"operator-init\" (UniqueName: \"kubernetes.io/empty-dir/b0d502c2-b2e2-4658-b2a0-5ddb9414f60b-operator-init\") on node \"76827e36d767\" DevicePath \"\""
2025-01-28 21:21:52,910 INFO c.h.h.t.HelmChartContainer - [K3S] [reconciler_common.go:299] "Volume detached for volume \"kube-api-access-x5rvq\" (UniqueName: \"kubernetes.io/projected/b0d502c2-b2e2-4658-b2a0-5ddb9414f60b-kube-api-access-x5rvq\") on node \"76827e36d767\" DevicePath \"\""
2025-01-28 21:21:52,911 INFO c.h.h.t.HelmChartContainer - [hivemq-test-hivemq-platform] [hivemq-platform-operator] [52a2fb00] 21:21:52.910 [ReconcilerExecutor-hivemq-controller-134] DEBUG c.h.p.o.h.HiveMQPlatformReconcilerErrorHandler - [helmroll] Pod 'test-hivemq-platform-0' phase Failed
2025-01-28 21:21:52,912 INFO c.h.h.t.HelmChartContainer - [hivemq-test-hivemq-platform] [hivemq-platform-operator] [52a2fb00] 21:21:52.911 [ReconcilerExecutor-hivemq-controller-134] DEBUG c.h.p.o.h.HiveMQPlatformReconcilerErrorHandler - [helmroll] Pod 'test-hivemq-platform-0' condition 'PodReadyToStartContainers': False
2025-01-28 21:21:52,913 INFO c.h.h.t.HelmChartContainer - [hivemq-test-hivemq-platform] [hivemq-platform-operator] [52a2fb00] 21:21:52.911 [ReconcilerExecutor-hivemq-controller-134] DEBUG c.h.p.o.h.HiveMQPlatformReconcilerErrorHandler - [helmroll] Pod 'test-hivemq-platform-0' condition 'Initialized': True
2025-01-28 21:21:52,913 INFO c.h.h.t.HelmChartContainer - [hivemq-test-hivemq-platform] [hivemq-platform-operator] [52a2fb00] 21:21:52.911 [ReconcilerExecutor-hivemq-controller-134] DEBUG c.h.p.o.h.HiveMQPlatformReconcilerErrorHandler - [helmroll] Pod 'test-hivemq-platform-0' condition 'Ready': False
2025-01-28 21:21:52,913 INFO c.h.h.t.HelmChartContainer - [hivemq-test-hivemq-platform] [hivemq-platform-operator] [52a2fb00] 21:21:52.911 [ReconcilerExecutor-hivemq-controller-134] DEBUG c.h.p.o.h.HiveMQPlatformReconcilerErrorHandler - [helmroll] Pod 'test-hivemq-platform-0' condition 'ContainersReady': False
2025-01-28 21:21:52,913 INFO c.h.h.t.HelmChartContainer - [hivemq-test-hivemq-platform] [hivemq-platform-operator] [52a2fb00] 21:21:52.911 [ReconcilerExecutor-hivemq-controller-134] DEBUG c.h.p.o.h.HiveMQPlatformReconcilerErrorHandler - [helmroll] Pod 'test-hivemq-platform-0' condition 'PodScheduled': True
2025-01-28 21:21:52,913 INFO c.h.h.t.HelmChartContainer - [hivemq-test-hivemq-platform] [hivemq-platform-operator] [52a2fb00] 21:21:52.911 [ReconcilerExecutor-hivemq-controller-134] DEBUG c.h.p.o.h.HiveMQPlatformReconcilerErrorHandler - [helmroll] Pod 'test-hivemq-platform-0' containerStatus 'hivemq' (started: false) (ready: false) (waiting: [Unknown] no message)
2025-01-28 21:21:52,913 INFO c.h.h.t.HelmChartContainer - [hivemq-test-hivemq-platform] [hivemq-platform-operator] [52a2fb00] 21:21:52.911 [ReconcilerExecutor-hivemq-controller-134] DEBUG c.h.p.o.h.HiveMQPlatformReconcilerRollingRestartHandler - [helmroll] Rolling restart is waiting for 1 of 2 replicas
2025-01-28 21:21:53,099 INFO c.h.h.t.HelmChartContainer - [POD] test-hivemq-platform-0 [b0d502c2-b2e2-4658-b2a0-5ddb9414f60b] in helmrollingupgradeplatformit was MODIFIED
2025-01-28 21:21:53,105 INFO c.h.h.t.HelmChartContainer - [POD] test-hivemq-platform-0 [b0d502c2-b2e2-4658-b2a0-5ddb9414f60b] in helmrollingupgradeplatformit was DELETED
2025-01-28 21:21:53,110 INFO c.h.h.t.HelmChartContainer - [hivemq-test-hivemq-platform] [hivemq-platform-operator] [52a2fb00] 21:21:53.107 [pool-6-thread-47] DEBUG c.h.p.o.dependants.PodInfoConfigMap - [helmroll] Desired PodInfo ConfigMap (1 extensions) (1 enabled)
2025-01-28 21:21:53,111 INFO c.h.h.t.HelmChartContainer - [hivemq-test-hivemq-platform] [hivemq-platform-operator] [52a2fb00] 21:21:53.107 [pool-6-thread-47] DEBUG c.h.p.o.dependants.PodInfoConfigMap - [helmroll] Desired PodInfo ConfigMap (metrics port: 9399) (metrics path: /)
2025-01-28 21:21:53,112 INFO c.h.h.t.HelmChartContainer - [hivemq-test-hivemq-platform] [hivemq-platform-operator] [52a2fb00] 21:21:53.107 [pool-6-thread-47] DEBUG c.h.p.o.dependants.PodInfoConfigMap - [helmroll] Desired PodInfo ConfigMap (extension state hash: -1817474005)
2025-01-28 21:21:53,113 INFO c.h.h.t.HelmChartContainer - [hivemq-test-hivemq-platform] [hivemq-platform-operator] [52a2fb00] 21:21:53.106 [pool-6-thread-50] DEBUG c.h.p.o.d.PlatformServiceResource - [helmroll] Desired Platform services (3 services)
2025-01-28 21:21:53,113 INFO c.h.h.t.HelmChartContainer - [hivemq-test-hivemq-platform] [hivemq-platform-operator] [52a2fb00] 21:21:53.112 [pool-6-thread-49] DEBUG c.h.p.o.d.PodServiceAccountResource - [helmroll] Desired PodServiceAccountResource (serviceAccountName: hivemq-platform-pod-test-hivemq-platform)
2025-01-28 21:21:53,121 INFO c.h.h.t.HelmChartContainer - [hivemq-test-hivemq-platform] [hivemq-platform-operator] [52a2fb00] 21:21:53.117 [pool-6-thread-50] DEBUG c.h.p.o.d.StatefulSetResource - [helmroll] Desired StatefulSet (2 replicas) for status ROLLING_RESTART (RESTART_PODS_IN_PROGRESS)
2025-01-28 21:21:53,125 INFO c.h.h.t.HelmChartContainer - [hivemq-test-hivemq-platform] [hivemq-platform-operator] [52a2fb00] 21:21:53.122 [ReconcilerExecutor-hivemq-controller-135] INFO  c.h.p.o.HiveMQPlatformReconciler - [helmroll] Reconciling HiveMQ Platform 'test-hivemq-platform' in namespace 'helmrollingupgradeplatformit'
2025-01-28 21:21:53,125 INFO c.h.h.t.HelmChartContainer - [hivemq-test-hivemq-platform] [hivemq-platform-operator] [52a2fb00] 21:21:53.122 [ReconcilerExecutor-hivemq-controller-135] DEBUG c.h.p.o.HiveMQPlatformReconciler - [helmroll] Custom Resource Status ROLLING_RESTART - HiveMQ Platform is restarting Pods (rolling restart) (RESTART_PODS_IN_PROGRESS)
2025-01-28 21:21:53,125 INFO c.h.h.t.HelmChartContainer - [hivemq-test-hivemq-platform] [hivemq-platform-operator] [52a2fb00] 21:21:53.122 [ReconcilerExecutor-hivemq-controller-135] DEBUG c.h.p.o.HiveMQPlatformReconciler - [helmroll] Custom Resource Spec (replicas: 1) (extensions: 1)
2025-01-28 21:21:53,126 INFO c.h.h.t.HelmChartContainer - [POD] test-hivemq-platform-0 [205cd227-72e3-4452-89fb-146773332d05] in helmrollingupgradeplatformit was ADDED
2025-01-28 21:21:53,130 INFO c.h.h.t.HelmChartContainer - [hivemq-test-hivemq-platform] [hivemq-platform-operator] [52a2fb00] 21:21:53.124 [ReconcilerExecutor-hivemq-controller-135] DEBUG c.h.p.o.HiveMQPlatformReconciler - [helmroll] StatefulSet Status (revision: test-hivemq-platform-945c6dcb4, replicas: 2, available: 1, ready: 1, current: 0, updated: 1)
2025-01-28 21:21:53,130 INFO c.h.h.t.HelmChartContainer - [hivemq-test-hivemq-platform] [hivemq-platform-operator] [52a2fb00] 21:21:53.124 [ReconcilerExecutor-hivemq-controller-135] DEBUG c.h.p.o.HiveMQPlatformReconciler - [helmroll] StatefulSet Spec (replicas: 2, init containers: 1, containers: 1, volumes: 3)
2025-01-28 21:21:53,131 INFO c.h.h.t.HelmChartContainer - [hivemq-test-hivemq-platform] [hivemq-platform-operator] [52a2fb00] 21:21:53.129 [ReconcilerExecutor-hivemq-controller-135] DEBUG c.h.p.o.h.HiveMQPlatformReconcilerErrorHandler - [helmroll] Pod 'test-hivemq-platform-1' phase Running
2025-01-28 21:21:53,131 INFO c.h.h.t.HelmChartContainer - [hivemq-test-hivemq-platform] [hivemq-platform-operator] [52a2fb00] 21:21:53.131 [ReconcilerExecutor-hivemq-controller-135] DEBUG c.h.p.o.h.HiveMQPlatformReconcilerErrorHandler - [helmroll] Pod 'test-hivemq-platform-0' phase Pending
2025-01-28 21:21:53,132 INFO c.h.h.t.HelmChartContainer - [hivemq-test-hivemq-platform] [hivemq-platform-operator] [52a2fb00] 21:21:53.131 [ReconcilerExecutor-hivemq-controller-135] DEBUG c.h.p.o.h.HiveMQPlatformReconcilerRollingRestartHandler - [helmroll] Rolling restart is waiting for 1 of 2 replicas
2025-01-28 21:21:53,140 INFO c.h.h.t.HelmChartContainer - [K3S] [memory_manager.go:355] "RemoveStaleState removing state" podUID="b0d502c2-b2e2-4658-b2a0-5ddb9414f60b" containerName="hivemq"
2025-01-28 21:21:53,143 INFO c.h.h.t.HelmChartContainer - [POD] test-hivemq-platform-0 [205cd227-72e3-4452-89fb-146773332d05] in helmrollingupgradeplatformit was MODIFIED
2025-01-28 21:21:53,147 INFO c.h.h.t.HelmChartContainer - [EVENT] Normal [SuccessfulCreate] create Pod test-hivemq-platform-0 in StatefulSet test-hivemq-platform successful [helmrollingupgradeplatformit:test-hivemq-platform]
2025-01-28 21:21:53,149 INFO c.h.h.t.HelmChartContainer - [EVENT] Normal [Scheduled] Successfully assigned helmrollingupgradeplatformit/test-hivemq-platform-0 to 76827e36d767 [helmrollingupgradeplatformit:test-hivemq-platform-0]
2025-01-28 21:21:53,158 INFO c.h.h.t.HelmChartContainer - [POD] test-hivemq-platform-0 [205cd227-72e3-4452-89fb-146773332d05] in helmrollingupgradeplatformit was MODIFIED
2025-01-28 21:21:53,213 INFO c.h.h.t.HelmChartContainer - [K3S] [reconciler_common.go:251] "operationExecutor.VerifyControllerAttachedVolume started for volume \"pod-info\" (UniqueName: \"kubernetes.io/configmap/205cd227-72e3-4452-89fb-146773332d05-pod-info\") pod \"test-hivemq-platform-0\" (UID: \"205cd227-72e3-4452-89fb-146773332d05\") " pod="helmrollingupgradeplatformit/test-hivemq-platform-0"
2025-01-28 21:21:53,213 INFO c.h.h.t.HelmChartContainer - [K3S] [reconciler_common.go:251] "operationExecutor.VerifyControllerAttachedVolume started for volume \"operator-init\" (UniqueName: \"kubernetes.io/empty-dir/205cd227-72e3-4452-89fb-146773332d05-operator-init\") pod \"test-hivemq-platform-0\" (UID: \"205cd227-72e3-4452-89fb-146773332d05\") " pod="helmrollingupgradeplatformit/test-hivemq-platform-0"
2025-01-28 21:21:53,213 INFO c.h.h.t.HelmChartContainer - [K3S] [reconciler_common.go:251] "operationExecutor.VerifyControllerAttachedVolume started for volume \"broker-configuration\" (UniqueName: \"kubernetes.io/configmap/205cd227-72e3-4452-89fb-146773332d05-broker-configuration\") pod \"test-hivemq-platform-0\" (UID: \"205cd227-72e3-4452-89fb-146773332d05\") " pod="helmrollingupgradeplatformit/test-hivemq-platform-0"
2025-01-28 21:21:53,213 INFO c.h.h.t.HelmChartContainer - [K3S] [reconciler_common.go:251] "operationExecutor.VerifyControllerAttachedVolume started for volume \"kube-api-access-5x4zn\" (UniqueName: \"kubernetes.io/projected/205cd227-72e3-4452-89fb-146773332d05-kube-api-access-5x4zn\") pod \"test-hivemq-platform-0\" (UID: \"205cd227-72e3-4452-89fb-146773332d05\") " pod="helmrollingupgradeplatformit/test-hivemq-platform-0"
2025-01-28 21:21:53,214 INFO c.h.h.t.HelmChartContainer - [hivemq-test-hivemq-platform] [hivemq-platform-operator] [52a2fb00] 21:21:53.211 [pool-6-thread-3] DEBUG c.h.p.o.d.PlatformServiceResource - [helmroll] Desired Platform services (3 services)
2025-01-28 21:21:53,216 INFO c.h.h.t.HelmChartContainer - [hivemq-test-hivemq-platform] [hivemq-platform-operator] [52a2fb00] 21:21:53.214 [pool-6-thread-1] DEBUG c.h.p.o.dependants.PodInfoConfigMap - [helmroll] Desired PodInfo ConfigMap (1 extensions) (1 enabled)
2025-01-28 21:21:53,220 INFO c.h.h.t.HelmChartContainer - [hivemq-test-hivemq-platform] [hivemq-platform-operator] [52a2fb00] 21:21:53.216 [pool-6-thread-1] DEBUG c.h.p.o.dependants.PodInfoConfigMap - [helmroll] Desired PodInfo ConfigMap (metrics port: 9399) (metrics path: /)
2025-01-28 21:21:53,220 INFO c.h.h.t.HelmChartContainer - [hivemq-test-hivemq-platform] [hivemq-platform-operator] [52a2fb00] 21:21:53.217 [pool-6-thread-1] DEBUG c.h.p.o.dependants.PodInfoConfigMap - [helmroll] Desired PodInfo ConfigMap (extension state hash: -1817474005)
2025-01-28 21:21:53,220 INFO c.h.h.t.HelmChartContainer - [hivemq-test-hivemq-platform] [hivemq-platform-operator] [52a2fb00] 21:21:53.216 [pool-6-thread-9] DEBUG c.h.p.o.d.PodServiceAccountResource - [helmroll] Desired PodServiceAccountResource (serviceAccountName: hivemq-platform-pod-test-hivemq-platform)
2025-01-28 21:21:53,223 INFO c.h.h.t.HelmChartContainer - [hivemq-test-hivemq-platform] [hivemq-platform-operator] [52a2fb00] 21:21:53.222 [pool-6-thread-1] DEBUG c.h.p.o.d.StatefulSetResource - [helmroll] Desired StatefulSet (2 replicas) for status ROLLING_RESTART (RESTART_PODS_IN_PROGRESS)
2025-01-28 21:21:53,308 INFO c.h.h.t.HelmChartContainer - [hivemq-test-hivemq-platform] [hivemq-platform-operator] [52a2fb00] 21:21:53.306 [ReconcilerExecutor-hivemq-controller-136] INFO  c.h.p.o.HiveMQPlatformReconciler - [helmroll] Reconciling HiveMQ Platform 'test-hivemq-platform' in namespace 'helmrollingupgradeplatformit'
2025-01-28 21:21:53,308 INFO c.h.h.t.HelmChartContainer - [hivemq-test-hivemq-platform] [hivemq-platform-operator] [52a2fb00] 21:21:53.307 [ReconcilerExecutor-hivemq-controller-136] DEBUG c.h.p.o.HiveMQPlatformReconciler - [helmroll] Custom Resource Status ROLLING_RESTART - HiveMQ Platform is restarting Pods (rolling restart) (RESTART_PODS_IN_PROGRESS)
2025-01-28 21:21:53,308 INFO c.h.h.t.HelmChartContainer - [hivemq-test-hivemq-platform] [hivemq-platform-operator] [52a2fb00] 21:21:53.307 [ReconcilerExecutor-hivemq-controller-136] DEBUG c.h.p.o.HiveMQPlatformReconciler - [helmroll] Custom Resource Spec (replicas: 1) (extensions: 1)
2025-01-28 21:21:53,310 INFO c.h.h.t.HelmChartContainer - [hivemq-test-hivemq-platform] [hivemq-platform-operator] [52a2fb00] 21:21:53.309 [ReconcilerExecutor-hivemq-controller-136] DEBUG c.h.p.o.HiveMQPlatformReconciler - [helmroll] StatefulSet Status (revision: test-hivemq-platform-945c6dcb4, replicas: 2, available: 1, ready: 1, current: 0, updated: 2)
2025-01-28 21:21:53,310 INFO c.h.h.t.HelmChartContainer - [hivemq-test-hivemq-platform] [hivemq-platform-operator] [52a2fb00] 21:21:53.309 [ReconcilerExecutor-hivemq-controller-136] DEBUG c.h.p.o.HiveMQPlatformReconciler - [helmroll] StatefulSet Spec (replicas: 2, init containers: 1, containers: 1, volumes: 3)
2025-01-28 21:21:53,311 INFO c.h.h.t.HelmChartContainer - [hivemq-test-hivemq-platform] [hivemq-platform-operator] [52a2fb00] 21:21:53.310 [ReconcilerExecutor-hivemq-controller-136] DEBUG c.h.p.o.h.HiveMQPlatformReconcilerErrorHandler - [helmroll] Pod 'test-hivemq-platform-1' phase Running
2025-01-28 21:21:53,312 INFO c.h.h.t.HelmChartContainer - [hivemq-test-hivemq-platform] [hivemq-platform-operator] [52a2fb00] 21:21:53.311 [ReconcilerExecutor-hivemq-controller-136] DEBUG c.h.p.o.h.HiveMQPlatformReconcilerErrorHandler - [helmroll] Pod 'test-hivemq-platform-0' phase Pending
2025-01-28 21:21:53,313 INFO c.h.h.t.HelmChartContainer - [hivemq-test-hivemq-platform] [hivemq-platform-operator] [52a2fb00] 21:21:53.311 [ReconcilerExecutor-hivemq-controller-136] DEBUG c.h.p.o.h.HiveMQPlatformReconcilerErrorHandler - [helmroll] Pod 'test-hivemq-platform-0' condition 'PodReadyToStartContainers': False
2025-01-28 21:21:53,313 INFO c.h.h.t.HelmChartContainer - [hivemq-test-hivemq-platform] [hivemq-platform-operator] [52a2fb00] 21:21:53.311 [ReconcilerExecutor-hivemq-controller-136] DEBUG c.h.p.o.h.HiveMQPlatformReconcilerErrorHandler - [helmroll] Pod 'test-hivemq-platform-0' condition 'Initialized': False
2025-01-28 21:21:53,313 INFO c.h.h.t.HelmChartContainer - [hivemq-test-hivemq-platform] [hivemq-platform-operator] [52a2fb00] 21:21:53.311 [ReconcilerExecutor-hivemq-controller-136] DEBUG c.h.p.o.h.HiveMQPlatformReconcilerErrorHandler - [helmroll] Pod 'test-hivemq-platform-0' condition 'Ready': False
2025-01-28 21:21:53,313 INFO c.h.h.t.HelmChartContainer - [hivemq-test-hivemq-platform] [hivemq-platform-operator] [52a2fb00] 21:21:53.311 [ReconcilerExecutor-hivemq-controller-136] DEBUG c.h.p.o.h.HiveMQPlatformReconcilerErrorHandler - [helmroll] Pod 'test-hivemq-platform-0' condition 'ContainersReady': False
2025-01-28 21:21:53,313 INFO c.h.h.t.HelmChartContainer - [hivemq-test-hivemq-platform] [hivemq-platform-operator] [52a2fb00] 21:21:53.311 [ReconcilerExecutor-hivemq-controller-136] DEBUG c.h.p.o.h.HiveMQPlatformReconcilerErrorHandler - [helmroll] Pod 'test-hivemq-platform-0' condition 'PodScheduled': True
2025-01-28 21:21:53,313 INFO c.h.h.t.HelmChartContainer - [hivemq-test-hivemq-platform] [hivemq-platform-operator] [52a2fb00] 21:21:53.311 [ReconcilerExecutor-hivemq-controller-136] DEBUG c.h.p.o.h.HiveMQPlatformReconcilerErrorHandler - [helmroll] Pod 'test-hivemq-platform-0' containerStatus 'hivemq' (started: false) (ready: false) (waiting: [PodInitializing] null)
2025-01-28 21:21:53,313 INFO c.h.h.t.HelmChartContainer - [hivemq-test-hivemq-platform] [hivemq-platform-operator] [52a2fb00] 21:21:53.311 [ReconcilerExecutor-hivemq-controller-136] DEBUG c.h.p.o.h.HiveMQPlatformReconcilerRollingRestartHandler - [helmroll] Rolling restart is waiting for 1 of 2 replicas
2025-01-28 21:21:53,320 INFO c.h.h.t.HelmChartContainer - [hivemq-test-hivemq-platform] [hivemq-platform-operator] [52a2fb00] 21:21:53.316 [pool-6-thread-14] DEBUG c.h.p.o.d.PlatformServiceResource - [helmroll] Desired Platform services (3 services)
2025-01-28 21:21:53,320 INFO c.h.h.t.HelmChartContainer - [hivemq-test-hivemq-platform] [hivemq-platform-operator] [52a2fb00] 21:21:53.319 [pool-6-thread-18] DEBUG c.h.p.o.dependants.PodInfoConfigMap - [helmroll] Desired PodInfo ConfigMap (1 extensions) (1 enabled)
2025-01-28 21:21:53,320 INFO c.h.h.t.HelmChartContainer - [hivemq-test-hivemq-platform] [hivemq-platform-operator] [52a2fb00] 21:21:53.319 [pool-6-thread-18] DEBUG c.h.p.o.dependants.PodInfoConfigMap - [helmroll] Desired PodInfo ConfigMap (metrics port: 9399) (metrics path: /)
2025-01-28 21:21:53,320 INFO c.h.h.t.HelmChartContainer - [hivemq-test-hivemq-platform] [hivemq-platform-operator] [52a2fb00] 21:21:53.319 [pool-6-thread-18] DEBUG c.h.p.o.dependants.PodInfoConfigMap - [helmroll] Desired PodInfo ConfigMap (extension state hash: -1817474005)
2025-01-28 21:21:53,324 INFO c.h.h.t.HelmChartContainer - [hivemq-test-hivemq-platform] [hivemq-platform-operator] [52a2fb00] 21:21:53.322 [pool-6-thread-20] DEBUG c.h.p.o.d.StatefulSetResource - [helmroll] Desired StatefulSet (2 replicas) for status ROLLING_RESTART (RESTART_PODS_IN_PROGRESS)
2025-01-28 21:21:53,324 INFO c.h.h.t.HelmChartContainer - [hivemq-test-hivemq-platform] [hivemq-platform-operator] [52a2fb00] 21:21:53.322 [pool-6-thread-18] DEBUG c.h.p.o.d.PodServiceAccountResource - [helmroll] Desired PodServiceAccountResource (serviceAccountName: hivemq-platform-pod-test-hivemq-platform)
2025-01-28 21:21:53,328 INFO c.h.h.t.HelmChartContainer - [hivemq-test-hivemq-platform] [hivemq-platform-operator] [52a2fb00] 21:21:53.324 [ReconcilerExecutor-hivemq-controller-141] INFO  c.h.p.o.HiveMQPlatformReconciler - [helmroll] Reconciling HiveMQ Platform 'test-hivemq-platform' in namespace 'helmrollingupgradeplatformit'
2025-01-28 21:21:53,328 INFO c.h.h.t.HelmChartContainer - [hivemq-test-hivemq-platform] [hivemq-platform-operator] [52a2fb00] 21:21:53.325 [ReconcilerExecutor-hivemq-controller-141] DEBUG c.h.p.o.HiveMQPlatformReconciler - [helmroll] Custom Resource Status ROLLING_RESTART - HiveMQ Platform is restarting Pods (rolling restart) (RESTART_PODS_IN_PROGRESS)
2025-01-28 21:21:53,328 INFO c.h.h.t.HelmChartContainer - [hivemq-test-hivemq-platform] [hivemq-platform-operator] [52a2fb00] 21:21:53.325 [ReconcilerExecutor-hivemq-controller-141] DEBUG c.h.p.o.HiveMQPlatformReconciler - [helmroll] Custom Resource Spec (replicas: 1) (extensions: 1)
2025-01-28 21:21:53,328 INFO c.h.h.t.HelmChartContainer - [hivemq-test-hivemq-platform] [hivemq-platform-operator] [52a2fb00] 21:21:53.326 [ReconcilerExecutor-hivemq-controller-141] DEBUG c.h.p.o.HiveMQPlatformReconciler - [helmroll] StatefulSet Status (revision: test-hivemq-platform-945c6dcb4, replicas: 2, available: 1, ready: 1, current: 0, updated: 2)
2025-01-28 21:21:53,328 INFO c.h.h.t.HelmChartContainer - [hivemq-test-hivemq-platform] [hivemq-platform-operator] [52a2fb00] 21:21:53.326 [ReconcilerExecutor-hivemq-controller-141] DEBUG c.h.p.o.HiveMQPlatformReconciler - [helmroll] StatefulSet Spec (replicas: 2, init containers: 1, containers: 1, volumes: 3)
2025-01-28 21:21:53,328 INFO c.h.h.t.HelmChartContainer - [hivemq-test-hivemq-platform] [hivemq-platform-operator] [52a2fb00] 21:21:53.326 [ReconcilerExecutor-hivemq-controller-141] DEBUG c.h.p.o.h.HiveMQPlatformReconcilerErrorHandler - [helmroll] Pod 'test-hivemq-platform-1' phase Running
2025-01-28 21:21:53,328 INFO c.h.h.t.HelmChartContainer - [hivemq-test-hivemq-platform] [hivemq-platform-operator] [52a2fb00] 21:21:53.327 [ReconcilerExecutor-hivemq-controller-141] DEBUG c.h.p.o.h.HiveMQPlatformReconcilerErrorHandler - [helmroll] Pod 'test-hivemq-platform-0' phase Pending
2025-01-28 21:21:53,328 INFO c.h.h.t.HelmChartContainer - [hivemq-test-hivemq-platform] [hivemq-platform-operator] [52a2fb00] 21:21:53.327 [ReconcilerExecutor-hivemq-controller-141] DEBUG c.h.p.o.h.HiveMQPlatformReconcilerErrorHandler - [helmroll] Pod 'test-hivemq-platform-0' condition 'PodReadyToStartContainers': False
2025-01-28 21:21:53,328 INFO c.h.h.t.HelmChartContainer - [hivemq-test-hivemq-platform] [hivemq-platform-operator] [52a2fb00] 21:21:53.328 [ReconcilerExecutor-hivemq-controller-141] DEBUG c.h.p.o.h.HiveMQPlatformReconcilerErrorHandler - [helmroll] Pod 'test-hivemq-platform-0' condition 'Initialized': False
2025-01-28 21:21:53,328 INFO c.h.h.t.HelmChartContainer - [hivemq-test-hivemq-platform] [hivemq-platform-operator] [52a2fb00] 21:21:53.328 [ReconcilerExecutor-hivemq-controller-141] DEBUG c.h.p.o.h.HiveMQPlatformReconcilerErrorHandler - [helmroll] Pod 'test-hivemq-platform-0' condition 'Ready': False
2025-01-28 21:21:53,328 INFO c.h.h.t.HelmChartContainer - [hivemq-test-hivemq-platform] [hivemq-platform-operator] [52a2fb00] 21:21:53.328 [ReconcilerExecutor-hivemq-controller-141] DEBUG c.h.p.o.h.HiveMQPlatformReconcilerErrorHandler - [helmroll] Pod 'test-hivemq-platform-0' condition 'ContainersReady': False
2025-01-28 21:21:53,329 INFO c.h.h.t.HelmChartContainer - [hivemq-test-hivemq-platform] [hivemq-platform-operator] [52a2fb00] 21:21:53.328 [ReconcilerExecutor-hivemq-controller-141] DEBUG c.h.p.o.h.HiveMQPlatformReconcilerErrorHandler - [helmroll] Pod 'test-hivemq-platform-0' condition 'PodScheduled': True
2025-01-28 21:21:53,329 INFO c.h.h.t.HelmChartContainer - [hivemq-test-hivemq-platform] [hivemq-platform-operator] [52a2fb00] 21:21:53.328 [ReconcilerExecutor-hivemq-controller-141] DEBUG c.h.p.o.h.HiveMQPlatformReconcilerErrorHandler - [helmroll] Pod 'test-hivemq-platform-0' containerStatus 'hivemq' (started: false) (ready: false) (waiting: [PodInitializing] null)
2025-01-28 21:21:53,329 INFO c.h.h.t.HelmChartContainer - [hivemq-test-hivemq-platform] [hivemq-platform-operator] [52a2fb00] 21:21:53.328 [ReconcilerExecutor-hivemq-controller-141] DEBUG c.h.p.o.h.HiveMQPlatformReconcilerRollingRestartHandler - [helmroll] Rolling restart is waiting for 1 of 2 replicas
2025-01-28 21:21:53,538 INFO c.h.h.t.HelmChartContainer - [EVENT] Normal [Pulled] Container image "docker.io/hivemq/hivemq-platform-operator-init-test:snapshot" already present on machine [helmrollingupgradeplatformit:test-hivemq-platform-0]
2025-01-28 21:21:53,544 INFO c.h.h.t.HelmChartContainer - [EVENT] Normal [Created] Created container: hivemq-platform-operator-init [helmrollingupgradeplatformit:test-hivemq-platform-0]
2025-01-28 21:21:53,582 INFO c.h.h.t.HelmChartContainer - [EVENT] Normal [Started] Started container hivemq-platform-operator-init [helmrollingupgradeplatformit:test-hivemq-platform-0]
2025-01-28 21:21:53,800 INFO c.h.h.t.HelmChartContainer - [POD] test-hivemq-platform-0 [205cd227-72e3-4452-89fb-146773332d05] in helmrollingupgradeplatformit was MODIFIED
2025-01-28 21:21:53,813 INFO c.h.h.t.HelmChartContainer - [hivemq-test-hivemq-platform] [hivemq-platform-operator] [52a2fb00] 21:21:53.808 [pool-6-thread-21] DEBUG c.h.p.o.d.PlatformServiceResource - [helmroll] Desired Platform services (3 services)
2025-01-28 21:21:53,813 INFO c.h.h.t.HelmChartContainer - [hivemq-test-hivemq-platform] [hivemq-platform-operator] [52a2fb00] 21:21:53.809 [pool-6-thread-24] DEBUG c.h.p.o.dependants.PodInfoConfigMap - [helmroll] Desired PodInfo ConfigMap (1 extensions) (1 enabled)
2025-01-28 21:21:53,813 INFO c.h.h.t.HelmChartContainer - [hivemq-test-hivemq-platform] [hivemq-platform-operator] [52a2fb00] 21:21:53.809 [pool-6-thread-24] DEBUG c.h.p.o.dependants.PodInfoConfigMap - [helmroll] Desired PodInfo ConfigMap (metrics port: 9399) (metrics path: /)
2025-01-28 21:21:53,813 INFO c.h.h.t.HelmChartContainer - [hivemq-test-hivemq-platform] [hivemq-platform-operator] [52a2fb00] 21:21:53.809 [pool-6-thread-24] DEBUG c.h.p.o.dependants.PodInfoConfigMap - [helmroll] Desired PodInfo ConfigMap (extension state hash: -1817474005)
2025-01-28 21:21:53,819 INFO c.h.h.t.HelmChartContainer - [hivemq-test-hivemq-platform] [hivemq-platform-operator] [52a2fb00] 21:21:53.811 [pool-6-thread-24] DEBUG c.h.p.o.d.PodServiceAccountResource - [helmroll] Desired PodServiceAccountResource (serviceAccountName: hivemq-platform-pod-test-hivemq-platform)
2025-01-28 21:21:53,823 INFO c.h.h.t.HelmChartContainer - [hivemq-test-hivemq-platform] [hivemq-platform-operator] [52a2fb00] 21:21:53.815 [pool-6-thread-21] DEBUG c.h.p.o.d.StatefulSetResource - [helmroll] Desired StatefulSet (2 replicas) for status ROLLING_RESTART (RESTART_PODS_IN_PROGRESS)
2025-01-28 21:21:53,823 INFO c.h.h.t.HelmChartContainer - [hivemq-test-hivemq-platform] [hivemq-platform-operator] [52a2fb00] 21:21:53.818 [ReconcilerExecutor-hivemq-controller-142] INFO  c.h.p.o.HiveMQPlatformReconciler - [helmroll] Reconciling HiveMQ Platform 'test-hivemq-platform' in namespace 'helmrollingupgradeplatformit'
2025-01-28 21:21:53,823 INFO c.h.h.t.HelmChartContainer - [hivemq-test-hivemq-platform] [hivemq-platform-operator] [52a2fb00] 21:21:53.818 [ReconcilerExecutor-hivemq-controller-142] DEBUG c.h.p.o.HiveMQPlatformReconciler - [helmroll] Custom Resource Status ROLLING_RESTART - HiveMQ Platform is restarting Pods (rolling restart) (RESTART_PODS_IN_PROGRESS)
2025-01-28 21:21:53,823 INFO c.h.h.t.HelmChartContainer - [hivemq-test-hivemq-platform] [hivemq-platform-operator] [52a2fb00] 21:21:53.818 [ReconcilerExecutor-hivemq-controller-142] DEBUG c.h.p.o.HiveMQPlatformReconciler - [helmroll] Custom Resource Spec (replicas: 1) (extensions: 1)
2025-01-28 21:21:53,823 INFO c.h.h.t.HelmChartContainer - [hivemq-test-hivemq-platform] [hivemq-platform-operator] [52a2fb00] 21:21:53.819 [ReconcilerExecutor-hivemq-controller-142] DEBUG c.h.p.o.HiveMQPlatformReconciler - [helmroll] StatefulSet Status (revision: test-hivemq-platform-945c6dcb4, replicas: 2, available: 1, ready: 1, current: 0, updated: 2)
2025-01-28 21:21:53,823 INFO c.h.h.t.HelmChartContainer - [hivemq-test-hivemq-platform] [hivemq-platform-operator] [52a2fb00] 21:21:53.819 [ReconcilerExecutor-hivemq-controller-142] DEBUG c.h.p.o.HiveMQPlatformReconciler - [helmroll] StatefulSet Spec (replicas: 2, init containers: 1, containers: 1, volumes: 3)
2025-01-28 21:21:53,823 INFO c.h.h.t.HelmChartContainer - [hivemq-test-hivemq-platform] [hivemq-platform-operator] [52a2fb00] 21:21:53.821 [ReconcilerExecutor-hivemq-controller-142] DEBUG c.h.p.o.h.HiveMQPlatformReconcilerErrorHandler - [helmroll] Pod 'test-hivemq-platform-1' phase Running
2025-01-28 21:21:53,830 INFO c.h.h.t.HelmChartContainer - [hivemq-test-hivemq-platform] [hivemq-platform-operator] [52a2fb00] 21:21:53.821 [ReconcilerExecutor-hivemq-controller-142] DEBUG c.h.p.o.h.HiveMQPlatformReconcilerErrorHandler - [helmroll] Pod 'test-hivemq-platform-0' phase Pending
2025-01-28 21:21:53,830 INFO c.h.h.t.HelmChartContainer - [hivemq-test-hivemq-platform] [hivemq-platform-operator] [52a2fb00] 21:21:53.822 [ReconcilerExecutor-hivemq-controller-142] DEBUG c.h.p.o.h.HiveMQPlatformReconcilerErrorHandler - [helmroll] Pod 'test-hivemq-platform-0' condition 'PodReadyToStartContainers': True
2025-01-28 21:21:53,830 INFO c.h.h.t.HelmChartContainer - [hivemq-test-hivemq-platform] [hivemq-platform-operator] [52a2fb00] 21:21:53.822 [ReconcilerExecutor-hivemq-controller-142] DEBUG c.h.p.o.h.HiveMQPlatformReconcilerErrorHandler - [helmroll] Pod 'test-hivemq-platform-0' condition 'Initialized': False
2025-01-28 21:21:53,830 INFO c.h.h.t.HelmChartContainer - [hivemq-test-hivemq-platform] [hivemq-platform-operator] [52a2fb00] 21:21:53.822 [ReconcilerExecutor-hivemq-controller-142] DEBUG c.h.p.o.h.HiveMQPlatformReconcilerErrorHandler - [helmroll] Pod 'test-hivemq-platform-0' condition 'Ready': False
2025-01-28 21:21:53,830 INFO c.h.h.t.HelmChartContainer - [hivemq-test-hivemq-platform] [hivemq-platform-operator] [52a2fb00] 21:21:53.822 [ReconcilerExecutor-hivemq-controller-142] DEBUG c.h.p.o.h.HiveMQPlatformReconcilerErrorHandler - [helmroll] Pod 'test-hivemq-platform-0' condition 'ContainersReady': False
2025-01-28 21:21:53,830 INFO c.h.h.t.HelmChartContainer - [hivemq-test-hivemq-platform] [hivemq-platform-operator] [52a2fb00] 21:21:53.822 [ReconcilerExecutor-hivemq-controller-142] DEBUG c.h.p.o.h.HiveMQPlatformReconcilerErrorHandler - [helmroll] Pod 'test-hivemq-platform-0' condition 'PodScheduled': True
2025-01-28 21:21:53,830 INFO c.h.h.t.HelmChartContainer - [hivemq-test-hivemq-platform] [hivemq-platform-operator] [52a2fb00] 21:21:53.822 [ReconcilerExecutor-hivemq-controller-142] DEBUG c.h.p.o.h.HiveMQPlatformReconcilerErrorHandler - [helmroll] Pod 'test-hivemq-platform-0' containerStatus 'hivemq' (started: false) (ready: false) (waiting: [PodInitializing] null)
2025-01-28 21:21:53,830 INFO c.h.h.t.HelmChartContainer - [hivemq-test-hivemq-platform] [hivemq-platform-operator] [52a2fb00] 21:21:53.822 [ReconcilerExecutor-hivemq-controller-142] DEBUG c.h.p.o.h.HiveMQPlatformReconcilerRollingRestartHandler - [helmroll] Rolling restart is waiting for 1 of 2 replicas
2025-01-28 21:21:54,153 INFO c.h.h.t.HelmChartContainer - [K3S] [kubelet_volumes.go:163] "Cleaned up orphaned pod volumes dir" podUID="b0d502c2-b2e2-4658-b2a0-5ddb9414f60b" path="/var/lib/kubelet/pods/b0d502c2-b2e2-4658-b2a0-5ddb9414f60b/volumes"
2025-01-28 21:21:54,794 INFO c.h.h.t.HelmChartContainer - [EVENT] Normal [Pulled] Container image "docker.io/hivemq/hivemq4:4.36.0" already present on machine [helmrollingupgradeplatformit:test-hivemq-platform-0]
2025-01-28 21:21:54,794 INFO c.h.h.t.HelmChartContainer - Received Pulled event for container hivemq in pod test-hivemq-platform-0 [205cd227-72e3-4452-89fb-146773332d05]
2025-01-28 21:21:54,800 INFO c.h.h.t.HelmChartContainer - [POD] test-hivemq-platform-0 [205cd227-72e3-4452-89fb-146773332d05] in helmrollingupgradeplatformit was MODIFIED
2025-01-28 21:21:54,806 INFO c.h.h.t.HelmChartContainer - [hivemq-test-hivemq-platform] [hivemq-platform-operator] [52a2fb00] 21:21:54.804 [pool-6-thread-39] DEBUG c.h.p.o.d.PlatformServiceResource - [helmroll] Desired Platform services (3 services)
2025-01-28 21:21:54,806 INFO c.h.h.t.HelmChartContainer - [EVENT] Normal [Created] Created container: hivemq [helmrollingupgradeplatformit:test-hivemq-platform-0]
2025-01-28 21:21:54,806 INFO c.h.h.t.HelmChartContainer - Received Created event for container hivemq in pod test-hivemq-platform-0 [205cd227-72e3-4452-89fb-146773332d05]
2025-01-28 21:21:54,808 INFO c.h.h.t.HelmChartContainer - [hivemq-test-hivemq-platform] [hivemq-platform-operator] [52a2fb00] 21:21:54.805 [pool-6-thread-31] DEBUG c.h.p.o.dependants.PodInfoConfigMap - [helmroll] Desired PodInfo ConfigMap (1 extensions) (1 enabled)
2025-01-28 21:21:54,808 INFO c.h.h.t.HelmChartContainer - [hivemq-test-hivemq-platform] [hivemq-platform-operator] [52a2fb00] 21:21:54.805 [pool-6-thread-31] DEBUG c.h.p.o.dependants.PodInfoConfigMap - [helmroll] Desired PodInfo ConfigMap (metrics port: 9399) (metrics path: /)
2025-01-28 21:21:54,808 INFO c.h.h.t.HelmChartContainer - [hivemq-test-hivemq-platform] [hivemq-platform-operator] [52a2fb00] 21:21:54.805 [pool-6-thread-31] DEBUG c.h.p.o.dependants.PodInfoConfigMap - [helmroll] Desired PodInfo ConfigMap (extension state hash: -1817474005)
2025-01-28 21:21:54,808 INFO c.h.h.t.HelmChartContainer - [hivemq-test-hivemq-platform] [hivemq-platform-operator] [52a2fb00] 21:21:54.805 [pool-6-thread-38] DEBUG c.h.p.o.d.PodServiceAccountResource - [helmroll] Desired PodServiceAccountResource (serviceAccountName: hivemq-platform-pod-test-hivemq-platform)
2025-01-28 21:21:54,813 INFO c.h.h.t.HelmChartContainer - [hivemq-test-hivemq-platform] [hivemq-platform-operator] [52a2fb00] 21:21:54.811 [pool-6-thread-39] DEBUG c.h.p.o.d.StatefulSetResource - [helmroll] Desired StatefulSet (2 replicas) for status ROLLING_RESTART (RESTART_PODS_IN_PROGRESS)
2025-01-28 21:21:54,819 INFO c.h.h.t.HelmChartContainer - [hivemq-test-hivemq-platform] [hivemq-platform-operator] [52a2fb00] 21:21:54.818 [ReconcilerExecutor-hivemq-controller-143] INFO  c.h.p.o.HiveMQPlatformReconciler - [helmroll] Reconciling HiveMQ Platform 'test-hivemq-platform' in namespace 'helmrollingupgradeplatformit'
2025-01-28 21:21:54,820 INFO c.h.h.t.HelmChartContainer - [hivemq-test-hivemq-platform] [hivemq-platform-operator] [52a2fb00] 21:21:54.818 [ReconcilerExecutor-hivemq-controller-143] DEBUG c.h.p.o.HiveMQPlatformReconciler - [helmroll] Custom Resource Status ROLLING_RESTART - HiveMQ Platform is restarting Pods (rolling restart) (RESTART_PODS_IN_PROGRESS)
2025-01-28 21:21:54,820 INFO c.h.h.t.HelmChartContainer - [hivemq-test-hivemq-platform] [hivemq-platform-operator] [52a2fb00] 21:21:54.818 [ReconcilerExecutor-hivemq-controller-143] DEBUG c.h.p.o.HiveMQPlatformReconciler - [helmroll] Custom Resource Spec (replicas: 1) (extensions: 1)
2025-01-28 21:21:54,824 INFO c.h.h.t.HelmChartContainer - [hivemq-test-hivemq-platform] [hivemq-platform-operator] [52a2fb00] 21:21:54.820 [ReconcilerExecutor-hivemq-controller-143] DEBUG c.h.p.o.HiveMQPlatformReconciler - [helmroll] StatefulSet Status (revision: test-hivemq-platform-945c6dcb4, replicas: 2, available: 1, ready: 1, current: 0, updated: 2)
2025-01-28 21:21:54,825 INFO c.h.h.t.HelmChartContainer - [hivemq-test-hivemq-platform] [hivemq-platform-operator] [52a2fb00] 21:21:54.820 [ReconcilerExecutor-hivemq-controller-143] DEBUG c.h.p.o.HiveMQPlatformReconciler - [helmroll] StatefulSet Spec (replicas: 2, init containers: 1, containers: 1, volumes: 3)
2025-01-28 21:21:54,825 INFO c.h.h.t.HelmChartContainer - [hivemq-test-hivemq-platform] [hivemq-platform-operator] [52a2fb00] 21:21:54.821 [ReconcilerExecutor-hivemq-controller-143] DEBUG c.h.p.o.h.HiveMQPlatformReconcilerErrorHandler - [helmroll] Pod 'test-hivemq-platform-1' phase Running
2025-01-28 21:21:54,827 INFO c.h.h.t.HelmChartContainer - [hivemq-test-hivemq-platform] [hivemq-platform-operator] [52a2fb00] 21:21:54.826 [ReconcilerExecutor-hivemq-controller-143] DEBUG c.h.p.o.h.HiveMQPlatformReconcilerErrorHandler - [helmroll] Pod 'test-hivemq-platform-0' phase Pending
2025-01-28 21:21:54,828 INFO c.h.h.t.HelmChartContainer - [hivemq-test-hivemq-platform] [hivemq-platform-operator] [52a2fb00] 21:21:54.826 [ReconcilerExecutor-hivemq-controller-143] DEBUG c.h.p.o.h.HiveMQPlatformReconcilerErrorHandler - [helmroll] Pod 'test-hivemq-platform-0' condition 'PodReadyToStartContainers': True
2025-01-28 21:21:54,828 INFO c.h.h.t.HelmChartContainer - [hivemq-test-hivemq-platform] [hivemq-platform-operator] [52a2fb00] 21:21:54.826 [ReconcilerExecutor-hivemq-controller-143] DEBUG c.h.p.o.h.HiveMQPlatformReconcilerErrorHandler - [helmroll] Pod 'test-hivemq-platform-0' condition 'Initialized': True
2025-01-28 21:21:54,828 INFO c.h.h.t.HelmChartContainer - [hivemq-test-hivemq-platform] [hivemq-platform-operator] [52a2fb00] 21:21:54.826 [ReconcilerExecutor-hivemq-controller-143] DEBUG c.h.p.o.h.HiveMQPlatformReconcilerErrorHandler - [helmroll] Pod 'test-hivemq-platform-0' condition 'Ready': False
2025-01-28 21:21:54,828 INFO c.h.h.t.HelmChartContainer - [hivemq-test-hivemq-platform] [hivemq-platform-operator] [52a2fb00] 21:21:54.826 [ReconcilerExecutor-hivemq-controller-143] DEBUG c.h.p.o.h.HiveMQPlatformReconcilerErrorHandler - [helmroll] Pod 'test-hivemq-platform-0' condition 'ContainersReady': False
2025-01-28 21:21:54,828 INFO c.h.h.t.HelmChartContainer - [hivemq-test-hivemq-platform] [hivemq-platform-operator] [52a2fb00] 21:21:54.826 [ReconcilerExecutor-hivemq-controller-143] DEBUG c.h.p.o.h.HiveMQPlatformReconcilerErrorHandler - [helmroll] Pod 'test-hivemq-platform-0' condition 'PodScheduled': True
2025-01-28 21:21:54,829 INFO c.h.h.t.HelmChartContainer - [hivemq-test-hivemq-platform] [hivemq-platform-operator] [52a2fb00] 21:21:54.826 [ReconcilerExecutor-hivemq-controller-143] DEBUG c.h.p.o.h.HiveMQPlatformReconcilerErrorHandler - [helmroll] Pod 'test-hivemq-platform-0' containerStatus 'hivemq' (started: false) (ready: false) (waiting: [PodInitializing] null)
2025-01-28 21:21:54,829 INFO c.h.h.t.HelmChartContainer - [hivemq-test-hivemq-platform] [hivemq-platform-operator] [52a2fb00] 21:21:54.827 [ReconcilerExecutor-hivemq-controller-143] DEBUG c.h.p.o.h.HiveMQPlatformReconcilerRollingRestartHandler - [helmroll] Rolling restart is waiting for 1 of 2 replicas
2025-01-28 21:21:55,804 INFO c.h.h.t.HelmChartContainer - [POD] test-hivemq-platform-0 [205cd227-72e3-4452-89fb-146773332d05] in helmrollingupgradeplatformit was MODIFIED
2025-01-28 21:21:55,811 INFO c.h.h.t.HelmChartContainer - [hivemq-test-hivemq-platform] [hivemq-platform-operator] [52a2fb00] 21:21:55.808 [pool-6-thread-47] DEBUG c.h.p.o.d.PlatformServiceResource - [helmroll] Desired Platform services (3 services)
2025-01-28 21:21:55,816 INFO c.h.h.t.HelmChartContainer - [hivemq-test-hivemq-platform] [hivemq-platform-operator] [52a2fb00] 21:21:55.811 [pool-6-thread-49] DEBUG c.h.p.o.dependants.PodInfoConfigMap - [helmroll] Desired PodInfo ConfigMap (1 extensions) (1 enabled)
2025-01-28 21:21:55,820 INFO c.h.h.t.HelmChartContainer - [hivemq-test-hivemq-platform] [hivemq-platform-operator] [52a2fb00] 21:21:55.811 [pool-6-thread-49] DEBUG c.h.p.o.dependants.PodInfoConfigMap - [helmroll] Desired PodInfo ConfigMap (metrics port: 9399) (metrics path: /)
2025-01-28 21:21:55,820 INFO c.h.h.t.HelmChartContainer - [hivemq-test-hivemq-platform] [hivemq-platform-operator] [52a2fb00] 21:21:55.812 [pool-6-thread-49] DEBUG c.h.p.o.dependants.PodInfoConfigMap - [helmroll] Desired PodInfo ConfigMap (extension state hash: -1817474005)
2025-01-28 21:21:55,820 INFO c.h.h.t.HelmChartContainer - [hivemq-test-hivemq-platform] [hivemq-platform-operator] [52a2fb00] 21:21:55.812 [pool-6-thread-46] DEBUG c.h.p.o.d.PodServiceAccountResource - [helmroll] Desired PodServiceAccountResource (serviceAccountName: hivemq-platform-pod-test-hivemq-platform)
2025-01-28 21:21:55,820 INFO c.h.h.t.HelmChartContainer - [hivemq-test-hivemq-platform] [hivemq-platform-operator] [52a2fb00] 21:21:55.815 [pool-6-thread-47] DEBUG c.h.p.o.d.StatefulSetResource - [helmroll] Desired StatefulSet (2 replicas) for status ROLLING_RESTART (RESTART_PODS_IN_PROGRESS)
2025-01-28 21:21:55,820 INFO c.h.h.t.HelmChartContainer - [hivemq-test-hivemq-platform] [hivemq-platform-operator] [52a2fb00] 21:21:55.817 [ReconcilerExecutor-hivemq-controller-144] INFO  c.h.p.o.HiveMQPlatformReconciler - [helmroll] Reconciling HiveMQ Platform 'test-hivemq-platform' in namespace 'helmrollingupgradeplatformit'
2025-01-28 21:21:55,820 INFO c.h.h.t.HelmChartContainer - [hivemq-test-hivemq-platform] [hivemq-platform-operator] [52a2fb00] 21:21:55.817 [ReconcilerExecutor-hivemq-controller-144] DEBUG c.h.p.o.HiveMQPlatformReconciler - [helmroll] Custom Resource Status ROLLING_RESTART - HiveMQ Platform is restarting Pods (rolling restart) (RESTART_PODS_IN_PROGRESS)
2025-01-28 21:21:55,820 INFO c.h.h.t.HelmChartContainer - [hivemq-test-hivemq-platform] [hivemq-platform-operator] [52a2fb00] 21:21:55.818 [ReconcilerExecutor-hivemq-controller-144] DEBUG c.h.p.o.HiveMQPlatformReconciler - [helmroll] Custom Resource Spec (replicas: 1) (extensions: 1)
2025-01-28 21:21:55,820 INFO c.h.h.t.HelmChartContainer - [hivemq-test-hivemq-platform] [hivemq-platform-operator] [52a2fb00] 21:21:55.819 [ReconcilerExecutor-hivemq-controller-144] DEBUG c.h.p.o.HiveMQPlatformReconciler - [helmroll] StatefulSet Status (revision: test-hivemq-platform-945c6dcb4, replicas: 2, available: 1, ready: 1, current: 0, updated: 2)
2025-01-28 21:21:55,820 INFO c.h.h.t.HelmChartContainer - [hivemq-test-hivemq-platform] [hivemq-platform-operator] [52a2fb00] 21:21:55.819 [ReconcilerExecutor-hivemq-controller-144] DEBUG c.h.p.o.HiveMQPlatformReconciler - [helmroll] StatefulSet Spec (replicas: 2, init containers: 1, containers: 1, volumes: 3)
2025-01-28 21:21:55,822 INFO c.h.h.t.HelmChartContainer - [hivemq-test-hivemq-platform] [hivemq-platform-operator] [52a2fb00] 21:21:55.820 [ReconcilerExecutor-hivemq-controller-144] DEBUG c.h.p.o.h.HiveMQPlatformReconcilerErrorHandler - [helmroll] Pod 'test-hivemq-platform-1' phase Running
2025-01-28 21:21:55,822 INFO c.h.h.t.HelmChartContainer - Started log watcher for hivemq in pod test-hivemq-platform-0 [205cd227-72e3-4452-89fb-146773332d05]
2025-01-28 21:21:55,823 INFO c.h.h.t.HelmChartContainer - [hivemq-test-hivemq-platform] [hivemq-platform-operator] [52a2fb00] 21:21:55.821 [ReconcilerExecutor-hivemq-controller-144] DEBUG c.h.p.o.h.HiveMQPlatformReconcilerErrorHandler - [helmroll] Pod 'test-hivemq-platform-0' phase Running
2025-01-28 21:21:55,823 INFO c.h.h.t.HelmChartContainer - [test-hivemq-platform] [hivemq] [205cd227] Adding pre-installed HiveMQ Platform Operator extensions
2025-01-28 21:21:55,823 INFO c.h.h.t.HelmChartContainer - [test-hivemq-platform] [hivemq] [205cd227] Running as user 10000
2025-01-28 21:21:55,823 INFO c.h.h.t.HelmChartContainer - [test-hivemq-platform] [hivemq] [205cd227] Starting HiveMQ Platform Operator Init
2025-01-28 21:21:55,823 INFO c.h.h.t.HelmChartContainer - [EVENT] Normal [Started] Started container hivemq [helmrollingupgradeplatformit:test-hivemq-platform-0]
2025-01-28 21:21:55,823 INFO c.h.h.t.HelmChartContainer - Received Started event for container hivemq in pod test-hivemq-platform-0 [205cd227-72e3-4452-89fb-146773332d05]
2025-01-28 21:21:55,823 INFO c.h.h.t.HelmChartContainer - [hivemq-test-hivemq-platform] [hivemq-platform-operator] [52a2fb00] 21:21:55.822 [ReconcilerExecutor-hivemq-controller-144] DEBUG c.h.p.o.h.HiveMQPlatformReconcilerRollingRestartHandler - [helmroll] Rolling restart is waiting for 1 of 2 replicas
2025-01-28 21:21:56,063 INFO c.h.h.t.HelmChartContainer - [test-hivemq-platform] [hivemq] [205cd227] INFO  - [HiveMQ Platform Operator Init 1.7.0-SNAPSHOT] HiveMQ Platform Operator Init 1.7.0-SNAPSHOT (commit: bebf408 on branch: HEAD) built on Sun Jan 26 20:47:47 UTC 2025
2025-01-28 21:21:57,296 INFO c.h.h.t.HelmChartContainer - [test-hivemq-platform] [hivemq] [205cd227] INFO  - [HiveMQ Platform Operator Init App 1.7.0-SNAPSHOT] Using bind address 10.42.0.16 from environment variable
2025-01-28 21:21:58,265 INFO c.h.h.t.HelmChartContainer - [test-hivemq-platform] [hivemq] [205cd227] INFO  - [HiveMQ Platform Operator Init App 1.7.0-SNAPSHOT] HiveMQ Platform Operator Init App 1.7.0-SNAPSHOT (commit: bebf408 on branch: HEAD) built on Sun Jan 26 20:47:47 UTC 2025
2025-01-28 21:21:58,265 INFO c.h.h.t.HelmChartContainer - [test-hivemq-platform] [hivemq] [205cd227] INFO  - [HiveMQ Platform Operator Init App 1.7.0-SNAPSHOT] PodInfo ConfigMap directory: /etc/podinfo
2025-01-28 21:21:58,265 INFO c.h.h.t.HelmChartContainer - [test-hivemq-platform] [hivemq] [205cd227] INFO  - [HiveMQ Platform Operator Init App 1.7.0-SNAPSHOT] HiveMQ home directory: /opt/hivemq
2025-01-28 21:21:58,265 INFO c.h.h.t.HelmChartContainer - [test-hivemq-platform] [hivemq] [205cd227] INFO  - [HiveMQ Platform Operator Init App 1.7.0-SNAPSHOT] HiveMQ Logback folder: /opt/hivemq/conf
2025-01-28 21:21:58,265 INFO c.h.h.t.HelmChartContainer - [test-hivemq-platform] [hivemq] [205cd227] INFO  - [HiveMQ Platform Operator Init App 1.7.0-SNAPSHOT] HiveMQ Config folder: /opt/hivemq/conf-k8s
2025-01-28 21:21:58,266 INFO c.h.h.t.HelmChartContainer - [test-hivemq-platform] [hivemq] [205cd227] INFO  - [HiveMQ Platform Operator Init App 1.7.0-SNAPSHOT] Starting HiveMQ Platform Operator Init App
2025-01-28 21:21:58,266 INFO c.h.h.t.HelmChartContainer - [test-hivemq-platform] [hivemq] [205cd227] INFO  - [HiveMQ Platform Operator Init App 1.7.0-SNAPSHOT] Starting Pod reconciler
2025-01-28 21:21:59,494 INFO c.h.h.t.HelmChartContainer - [test-hivemq-platform] [hivemq] [205cd227] INFO  - [HiveMQ Platform Operator Init App 1.7.0-SNAPSHOT] Pod reconciler is scheduled (interval: 5000 ms)
2025-01-28 21:21:59,496 INFO c.h.h.t.HelmChartContainer - [test-hivemq-platform] [hivemq] [205cd227] INFO  - [HiveMQ Platform Operator Init App 1.7.0-SNAPSHOT] Starting the REST API on 10.42.0.16:7979
2025-01-28 21:21:59,499 INFO c.h.h.t.HelmChartContainer - [test-hivemq-platform] [hivemq] [205cd227] INFO  - [HiveMQ Platform Operator Init App 1.7.0-SNAPSHOT] Waiting up to 600s for at most 2 HiveMQ nodes in cluster service hivemq-test-hivemq-platform-cluster.helmrollingupgradeplatformit.svc
2025-01-28 21:21:59,878 INFO c.h.h.t.HelmChartContainer - [test-hivemq-platform] [hivemq] [205cd227] INFO  - [HiveMQ Platform Operator Init App 1.7.0-SNAPSHOT] Resolved 2 IP addresses: [10.42.0.16, 10.42.0.15]
2025-01-28 21:21:59,878 INFO c.h.h.t.HelmChartContainer - [test-hivemq-platform] [hivemq] [205cd227] INFO  - [HiveMQ Platform Operator Init App 1.7.0-SNAPSHOT] HiveMQ node count of 2 is within threshold of 2
2025-01-28 21:21:59,878 INFO c.h.h.t.HelmChartContainer - [test-hivemq-platform] [hivemq] [205cd227] INFO  - [HiveMQ Platform Operator Init App 1.7.0-SNAPSHOT] Waiting 15s for previous shutdown replication to finish...
2025-01-28 21:22:01,803 INFO c.h.h.t.HelmChartContainer - [test-hivemq-platform] [hivemq] [205cd227] INFO  - [HiveMQ Platform Operator Init App 1.7.0-SNAPSHOT] Returning default Health API response 503 for readiness
2025-01-28 21:22:01,914 INFO c.h.h.t.HelmChartContainer - [EVENT] Warning [Unhealthy] Readiness probe failed: HTTP probe failed with statuscode: 503 [helmrollingupgradeplatformit:test-hivemq-platform-0]
2025-01-28 21:22:01,914 INFO c.h.h.t.HelmChartContainer - Received Unhealthy event for container hivemq in pod test-hivemq-platform-0 [205cd227-72e3-4452-89fb-146773332d05]
2025-01-28 21:22:05,826 INFO c.h.h.t.HelmChartContainer - [hivemq-test-hivemq-platform] [hivemq-platform-operator] [52a2fb00] 21:22:05.824 [pool-6-thread-5] DEBUG c.h.p.o.d.PodServiceAccountResource - [helmroll] Desired PodServiceAccountResource (serviceAccountName: hivemq-platform-pod-test-hivemq-platform)
2025-01-28 21:22:05,826 INFO c.h.h.t.HelmChartContainer - [hivemq-test-hivemq-platform] [hivemq-platform-operator] [52a2fb00] 21:22:05.825 [pool-6-thread-7] DEBUG c.h.p.o.dependants.PodInfoConfigMap - [helmroll] Desired PodInfo ConfigMap (1 extensions) (1 enabled)
2025-01-28 21:22:05,826 INFO c.h.h.t.HelmChartContainer - [hivemq-test-hivemq-platform] [hivemq-platform-operator] [52a2fb00] 21:22:05.825 [pool-6-thread-7] DEBUG c.h.p.o.dependants.PodInfoConfigMap - [helmroll] Desired PodInfo ConfigMap (metrics port: 9399) (metrics path: /)
2025-01-28 21:22:05,826 INFO c.h.h.t.HelmChartContainer - [hivemq-test-hivemq-platform] [hivemq-platform-operator] [52a2fb00] 21:22:05.825 [pool-6-thread-7] DEBUG c.h.p.o.dependants.PodInfoConfigMap - [helmroll] Desired PodInfo ConfigMap (extension state hash: -1817474005)
2025-01-28 21:22:05,827 INFO c.h.h.t.HelmChartContainer - [hivemq-test-hivemq-platform] [hivemq-platform-operator] [52a2fb00] 21:22:05.824 [pool-6-thread-8] DEBUG c.h.p.o.d.PlatformServiceResource - [helmroll] Desired Platform services (3 services)
2025-01-28 21:22:05,830 INFO c.h.h.t.HelmChartContainer - [hivemq-test-hivemq-platform] [hivemq-platform-operator] [52a2fb00] 21:22:05.829 [pool-6-thread-8] DEBUG c.h.p.o.d.StatefulSetResource - [helmroll] Desired StatefulSet (2 replicas) for status ROLLING_RESTART (RESTART_PODS_IN_PROGRESS)
2025-01-28 21:22:05,834 INFO c.h.h.t.HelmChartContainer - [hivemq-test-hivemq-platform] [hivemq-platform-operator] [52a2fb00] 21:22:05.831 [ReconcilerExecutor-hivemq-controller-145] INFO  c.h.p.o.HiveMQPlatformReconciler - [helmroll] Reconciling HiveMQ Platform 'test-hivemq-platform' in namespace 'helmrollingupgradeplatformit'
2025-01-28 21:22:05,834 INFO c.h.h.t.HelmChartContainer - [hivemq-test-hivemq-platform] [hivemq-platform-operator] [52a2fb00] 21:22:05.831 [ReconcilerExecutor-hivemq-controller-145] DEBUG c.h.p.o.HiveMQPlatformReconciler - [helmroll] Custom Resource Status ROLLING_RESTART - HiveMQ Platform is restarting Pods (rolling restart) (RESTART_PODS_IN_PROGRESS)
2025-01-28 21:22:05,834 INFO c.h.h.t.HelmChartContainer - [hivemq-test-hivemq-platform] [hivemq-platform-operator] [52a2fb00] 21:22:05.831 [ReconcilerExecutor-hivemq-controller-145] DEBUG c.h.p.o.HiveMQPlatformReconciler - [helmroll] Custom Resource Spec (replicas: 1) (extensions: 1)
2025-01-28 21:22:05,834 INFO c.h.h.t.HelmChartContainer - [hivemq-test-hivemq-platform] [hivemq-platform-operator] [52a2fb00] 21:22:05.832 [ReconcilerExecutor-hivemq-controller-145] DEBUG c.h.p.o.HiveMQPlatformReconciler - [helmroll] StatefulSet Status (revision: test-hivemq-platform-945c6dcb4, replicas: 2, available: 1, ready: 1, current: 0, updated: 2)
2025-01-28 21:22:05,834 INFO c.h.h.t.HelmChartContainer - [hivemq-test-hivemq-platform] [hivemq-platform-operator] [52a2fb00] 21:22:05.832 [ReconcilerExecutor-hivemq-controller-145] DEBUG c.h.p.o.HiveMQPlatformReconciler - [helmroll] StatefulSet Spec (replicas: 2, init containers: 1, containers: 1, volumes: 3)
2025-01-28 21:22:05,835 INFO c.h.h.t.HelmChartContainer - [hivemq-test-hivemq-platform] [hivemq-platform-operator] [52a2fb00] 21:22:05.833 [ReconcilerExecutor-hivemq-controller-145] DEBUG c.h.p.o.h.HiveMQPlatformReconcilerErrorHandler - [helmroll] Pod 'test-hivemq-platform-1' phase Running
2025-01-28 21:22:05,835 INFO c.h.h.t.HelmChartContainer - [hivemq-test-hivemq-platform] [hivemq-platform-operator] [52a2fb00] 21:22:05.834 [ReconcilerExecutor-hivemq-controller-145] DEBUG c.h.p.o.h.HiveMQPlatformReconcilerErrorHandler - [helmroll] Pod 'test-hivemq-platform-0' phase Running
2025-01-28 21:22:05,835 INFO c.h.h.t.HelmChartContainer - [hivemq-test-hivemq-platform] [hivemq-platform-operator] [52a2fb00] 21:22:05.834 [ReconcilerExecutor-hivemq-controller-145] DEBUG c.h.p.o.h.HiveMQPlatformReconcilerRollingRestartHandler - [helmroll] Rolling restart is waiting for 1 of 2 replicas
2025-01-28 21:22:06,802 INFO c.h.h.t.HelmChartContainer - [EVENT] Warning [Unhealthy] Readiness probe failed: HTTP probe failed with statuscode: 503 [helmrollingupgradeplatformit:test-hivemq-platform-0]
2025-01-28 21:22:06,802 INFO c.h.h.t.HelmChartContainer - Received Unhealthy event for container hivemq in pod test-hivemq-platform-0 [205cd227-72e3-4452-89fb-146773332d05]
2025-01-28 21:22:06,995 INFO c.h.h.t.HelmChartContainer - [test-hivemq-platform] [hivemq] [205cd227] INFO  - [HiveMQ Platform Operator Init App 1.7.0-SNAPSHOT] Updating Pod HiveMQ Platform Operator Init App version annotation (version: 1.7.0-SNAPSHOT)
2025-01-28 21:22:07,273 INFO c.h.h.t.HelmChartContainer - [POD] test-hivemq-platform-0 [205cd227-72e3-4452-89fb-146773332d05] in helmrollingupgradeplatformit was MODIFIED
2025-01-28 21:22:07,278 INFO c.h.h.t.HelmChartContainer - [hivemq-test-hivemq-platform] [hivemq-platform-operator] [52a2fb00] 21:22:07.276 [pool-6-thread-11] DEBUG c.h.p.o.d.PlatformServiceResource - [helmroll] Desired Platform services (3 services)
2025-01-28 21:22:07,278 INFO c.h.h.t.HelmChartContainer - [hivemq-test-hivemq-platform] [hivemq-platform-operator] [52a2fb00] 21:22:07.276 [pool-6-thread-16] DEBUG c.h.p.o.dependants.PodInfoConfigMap - [helmroll] Desired PodInfo ConfigMap (1 extensions) (1 enabled)
2025-01-28 21:22:07,278 INFO c.h.h.t.HelmChartContainer - [hivemq-test-hivemq-platform] [hivemq-platform-operator] [52a2fb00] 21:22:07.276 [pool-6-thread-16] DEBUG c.h.p.o.dependants.PodInfoConfigMap - [helmroll] Desired PodInfo ConfigMap (metrics port: 9399) (metrics path: /)
2025-01-28 21:22:07,278 INFO c.h.h.t.HelmChartContainer - [hivemq-test-hivemq-platform] [hivemq-platform-operator] [52a2fb00] 21:22:07.276 [pool-6-thread-16] DEBUG c.h.p.o.dependants.PodInfoConfigMap - [helmroll] Desired PodInfo ConfigMap (extension state hash: -1817474005)
2025-01-28 21:22:07,278 INFO c.h.h.t.HelmChartContainer - [hivemq-test-hivemq-platform] [hivemq-platform-operator] [52a2fb00] 21:22:07.276 [pool-6-thread-19] DEBUG c.h.p.o.d.PodServiceAccountResource - [helmroll] Desired PodServiceAccountResource (serviceAccountName: hivemq-platform-pod-test-hivemq-platform)
2025-01-28 21:22:07,280 INFO c.h.h.t.HelmChartContainer - [hivemq-test-hivemq-platform] [hivemq-platform-operator] [52a2fb00] 21:22:07.279 [pool-6-thread-20] DEBUG c.h.p.o.d.StatefulSetResource - [helmroll] Desired StatefulSet (2 replicas) for status ROLLING_RESTART (RESTART_PODS_IN_PROGRESS)
2025-01-28 21:22:07,283 INFO c.h.h.t.HelmChartContainer - [hivemq-test-hivemq-platform] [hivemq-platform-operator] [52a2fb00] 21:22:07.282 [ReconcilerExecutor-hivemq-controller-146] INFO  c.h.p.o.HiveMQPlatformReconciler - [helmroll] Reconciling HiveMQ Platform 'test-hivemq-platform' in namespace 'helmrollingupgradeplatformit'
2025-01-28 21:22:07,283 INFO c.h.h.t.HelmChartContainer - [hivemq-test-hivemq-platform] [hivemq-platform-operator] [52a2fb00] 21:22:07.282 [ReconcilerExecutor-hivemq-controller-146] DEBUG c.h.p.o.HiveMQPlatformReconciler - [helmroll] Custom Resource Status ROLLING_RESTART - HiveMQ Platform is restarting Pods (rolling restart) (RESTART_PODS_IN_PROGRESS)
2025-01-28 21:22:07,283 INFO c.h.h.t.HelmChartContainer - [hivemq-test-hivemq-platform] [hivemq-platform-operator] [52a2fb00] 21:22:07.282 [ReconcilerExecutor-hivemq-controller-146] DEBUG c.h.p.o.HiveMQPlatformReconciler - [helmroll] Custom Resource Spec (replicas: 1) (extensions: 1)
2025-01-28 21:22:07,283 INFO c.h.h.t.HelmChartContainer - [hivemq-test-hivemq-platform] [hivemq-platform-operator] [52a2fb00] 21:22:07.283 [ReconcilerExecutor-hivemq-controller-146] DEBUG c.h.p.o.HiveMQPlatformReconciler - [helmroll] StatefulSet Status (revision: test-hivemq-platform-945c6dcb4, replicas: 2, available: 1, ready: 1, current: 0, updated: 2)
2025-01-28 21:22:07,284 INFO c.h.h.t.HelmChartContainer - [hivemq-test-hivemq-platform] [hivemq-platform-operator] [52a2fb00] 21:22:07.283 [ReconcilerExecutor-hivemq-controller-146] DEBUG c.h.p.o.HiveMQPlatformReconciler - [helmroll] StatefulSet Spec (replicas: 2, init containers: 1, containers: 1, volumes: 3)
2025-01-28 21:22:07,286 INFO c.h.h.t.HelmChartContainer - [hivemq-test-hivemq-platform] [hivemq-platform-operator] [52a2fb00] 21:22:07.284 [ReconcilerExecutor-hivemq-controller-146] DEBUG c.h.p.o.h.HiveMQPlatformReconcilerErrorHandler - [helmroll] Pod 'test-hivemq-platform-1' phase Running
2025-01-28 21:22:07,286 INFO c.h.h.t.HelmChartContainer - [hivemq-test-hivemq-platform] [hivemq-platform-operator] [52a2fb00] 21:22:07.285 [ReconcilerExecutor-hivemq-controller-146] DEBUG c.h.p.o.h.HiveMQPlatformReconcilerErrorHandler - [helmroll] Pod 'test-hivemq-platform-0' phase Running
2025-01-28 21:22:07,286 INFO c.h.h.t.HelmChartContainer - [hivemq-test-hivemq-platform] [hivemq-platform-operator] [52a2fb00] 21:22:07.285 [ReconcilerExecutor-hivemq-controller-146] DEBUG c.h.p.o.h.HiveMQPlatformReconcilerRollingRestartHandler - [helmroll] Rolling restart is waiting for 1 of 2 replicas
2025-01-28 21:22:07,300 INFO c.h.h.t.HelmChartContainer - [EVENT] Warning [Unhealthy] Readiness probe failed: HTTP probe failed with statuscode: 503 [helmrollingupgradeplatformit:test-hivemq-platform-0]
2025-01-28 21:22:07,300 INFO c.h.h.t.HelmChartContainer - Received Unhealthy event for container hivemq in pod test-hivemq-platform-0 [205cd227-72e3-4452-89fb-146773332d05]
2025-01-28 21:22:07,355 INFO c.h.h.t.HelmChartContainer - [test-hivemq-platform] [hivemq] [205cd227] INFO  - [HiveMQ Platform Operator Init App 1.7.0-SNAPSHOT] Successfully updated Pod HiveMQ Platform Operator Init App version annotation (version: 1.7.0-SNAPSHOT)
2025-01-28 21:22:12,278 INFO c.h.h.t.HelmChartContainer - [EVENT] Warning [Unhealthy] Readiness probe failed: HTTP probe failed with statuscode: 503 [helmrollingupgradeplatformit:test-hivemq-platform-0]
2025-01-28 21:22:12,278 INFO c.h.h.t.HelmChartContainer - Received Unhealthy event for container hivemq in pod test-hivemq-platform-0 [205cd227-72e3-4452-89fb-146773332d05]
2025-01-28 21:22:14,878 INFO c.h.h.t.HelmChartContainer - [test-hivemq-platform] [hivemq] [205cd227] INFO  - [HiveMQ Platform Operator Init App 1.7.0-SNAPSHOT] Proceeding with container start
2025-01-28 21:22:14,881 INFO c.h.h.t.HelmChartContainer - [test-hivemq-platform] [hivemq] [205cd227] INFO  - [HiveMQ Platform Operator Init App 1.7.0-SNAPSHOT] Initializing HiveMQ Platform extensions with initial configuration: {hivemq-allow-all-extension={start-priority=-1, skip-https-hostname-verification=false, restart=true, config-version=0, header-version=0, c-uri=, priority=-1, uri=preinstalled, skip-https-certificate-validation=false, enabled=true}, hivemq-prometheus-extension={priority=-1, start-priority=-1, c-uri=, skip-https-hostname-verification=false, skip-https-certificate-validation=false, uri=preinstalled, request-header-path=no-request-headers, enabled=true, restart=true}}
2025-01-28 21:22:15,263 INFO c.h.h.t.HelmChartContainer - [test-hivemq-platform] [hivemq] [205cd227] INFO  - [HiveMQ Platform Operator Init App 1.7.0-SNAPSHOT] Extension hivemq-allow-all-extension was already enabled
2025-01-28 21:22:15,357 INFO c.h.h.t.HelmChartContainer - [test-hivemq-platform] [hivemq] [205cd227] INFO  - [HiveMQ Platform Operator Init App 1.7.0-SNAPSHOT] Successfully enabled extension hivemq-prometheus-extension
2025-01-28 21:22:15,358 INFO c.h.h.t.HelmChartContainer - [test-hivemq-platform] [hivemq] [205cd227] INFO  - [HiveMQ Platform Operator Init App 1.7.0-SNAPSHOT] Starting HiveMQ Platform version 4.36.0 (4.36.0)
2025-01-28 21:22:15,359 INFO c.h.h.t.HelmChartContainer - [test-hivemq-platform] [hivemq] [205cd227] INFO  - [HiveMQ Platform Operator Init App 1.7.0-SNAPSHOT] Configuring the HiveMQ Platform
2025-01-28 21:22:15,398 INFO c.h.h.t.HelmChartContainer - [test-hivemq-platform] [hivemq] [205cd227] INFO  - [HiveMQ Platform Operator Init App 1.7.0-SNAPSHOT] Changed logback.xml file scan period to 20 seconds
2025-01-28 21:22:15,465 INFO c.h.h.t.HelmChartContainer - [test-hivemq-platform] [hivemq] [205cd227] INFO  - [HiveMQ Platform Operator Init App 1.7.0-SNAPSHOT] Starting the HiveMQ Platform
2025-01-28 21:22:15,496 INFO c.h.h.t.HelmChartContainer - [test-hivemq-platform] [hivemq] [205cd227] -------------------------------------------------------------------------
2025-01-28 21:22:15,496 INFO c.h.h.t.HelmChartContainer - [test-hivemq-platform] [hivemq] [205cd227] 
2025-01-28 21:22:15,496 INFO c.h.h.t.HelmChartContainer - [test-hivemq-platform] [hivemq] [205cd227]                   _    _  _              __  __   ____
2025-01-28 21:22:15,496 INFO c.h.h.t.HelmChartContainer - [test-hivemq-platform] [hivemq] [205cd227]                  | |  | |(_)            |  \/  | / __ \
2025-01-28 21:22:15,496 INFO c.h.h.t.HelmChartContainer - [test-hivemq-platform] [hivemq] [205cd227]                  | |__| | _ __   __ ___ | \  / || |  | |
2025-01-28 21:22:15,496 INFO c.h.h.t.HelmChartContainer - [test-hivemq-platform] [hivemq] [205cd227]                  |  __  || |\ \ / // _ \| |\/| || |  | |
2025-01-28 21:22:15,496 INFO c.h.h.t.HelmChartContainer - [test-hivemq-platform] [hivemq] [205cd227]                  | |  | || | \ V /|  __/| |  | || |__| |
2025-01-28 21:22:15,496 INFO c.h.h.t.HelmChartContainer - [test-hivemq-platform] [hivemq] [205cd227]                  |_|  |_||_|  \_/  \___||_|  |_| \___\_\
2025-01-28 21:22:15,496 INFO c.h.h.t.HelmChartContainer - [test-hivemq-platform] [hivemq] [205cd227] 
2025-01-28 21:22:15,496 INFO c.h.h.t.HelmChartContainer - [test-hivemq-platform] [hivemq] [205cd227] -------------------------------------------------------------------------
2025-01-28 21:22:15,496 INFO c.h.h.t.HelmChartContainer - [test-hivemq-platform] [hivemq] [205cd227] 
2025-01-28 21:22:15,496 INFO c.h.h.t.HelmChartContainer - [test-hivemq-platform] [hivemq] [205cd227]   HiveMQ Start Script for Linux/Unix v1.14
2025-01-28 21:22:15,496 INFO c.h.h.t.HelmChartContainer - [test-hivemq-platform] [hivemq] [205cd227] 
2025-01-28 21:22:15,576 INFO c.h.h.t.HelmChartContainer - [test-hivemq-platform] [hivemq] [205cd227] -------------------------------------------------------------------------
2025-01-28 21:22:15,576 INFO c.h.h.t.HelmChartContainer - [test-hivemq-platform] [hivemq] [205cd227] 
2025-01-28 21:22:15,576 INFO c.h.h.t.HelmChartContainer - [test-hivemq-platform] [hivemq] [205cd227]   HIVEMQ_HOME: /opt/hivemq
2025-01-28 21:22:15,576 INFO c.h.h.t.HelmChartContainer - [test-hivemq-platform] [hivemq] [205cd227] 
2025-01-28 21:22:15,576 INFO c.h.h.t.HelmChartContainer - [test-hivemq-platform] [hivemq] [205cd227]   JAVA_OPTS: -XX:+UnlockExperimentalVMOptions -XX:InitialRAMPercentage=50 -XX:MaxRAMPercentage=50 -Djava.net.preferIPv4Stack=true --add-opens java.base/java.lang=ALL-UNNAMED --add-opens java.base/java.nio=ALL-UNNAMED --add-opens java.base/sun.nio.ch=ALL-UNNAMED --add-opens jdk.management/com.sun.management.internal=ALL-UNNAMED --add-exports java.base/jdk.internal.misc=ALL-UNNAMED -Djava.security.egd=file:/dev/./urandom -Dcom.sun.management.jmxremote -Dcom.sun.management.jmxremote.port=9010 -Dcom.sun.management.jmxremote.local.only=false -Dcom.sun.management.jmxremote.authenticate=false -Dcom.sun.management.jmxremote.ssl=false -Duser.language=en -Duser.region=US -XX:+CrashOnOutOfMemoryError -XX:+HeapDumpOnOutOfMemoryError
2025-01-28 21:22:15,576 INFO c.h.h.t.HelmChartContainer - [test-hivemq-platform] [hivemq] [205cd227] 
2025-01-28 21:22:15,576 INFO c.h.h.t.HelmChartContainer - [test-hivemq-platform] [hivemq] [205cd227]   JAVA_VERSION: 21
2025-01-28 21:22:15,576 INFO c.h.h.t.HelmChartContainer - [test-hivemq-platform] [hivemq] [205cd227] 
2025-01-28 21:22:15,576 INFO c.h.h.t.HelmChartContainer - [test-hivemq-platform] [hivemq] [205cd227] -------------------------------------------------------------------------
2025-01-28 21:22:15,576 INFO c.h.h.t.HelmChartContainer - [test-hivemq-platform] [hivemq] [205cd227] 
2025-01-28 21:22:17,290 INFO c.h.h.t.HelmChartContainer - [hivemq-test-hivemq-platform] [hivemq-platform-operator] [52a2fb00] 21:22:17.288 [pool-6-thread-26] DEBUG c.h.p.o.dependants.PodInfoConfigMap - [helmroll] Desired PodInfo ConfigMap (1 extensions) (1 enabled)
2025-01-28 21:22:17,291 INFO c.h.h.t.HelmChartContainer - [hivemq-test-hivemq-platform] [hivemq-platform-operator] [52a2fb00] 21:22:17.288 [pool-6-thread-26] DEBUG c.h.p.o.dependants.PodInfoConfigMap - [helmroll] Desired PodInfo ConfigMap (metrics port: 9399) (metrics path: /)
2025-01-28 21:22:17,291 INFO c.h.h.t.HelmChartContainer - [hivemq-test-hivemq-platform] [hivemq-platform-operator] [52a2fb00] 21:22:17.288 [pool-6-thread-26] DEBUG c.h.p.o.dependants.PodInfoConfigMap - [helmroll] Desired PodInfo ConfigMap (extension state hash: -1817474005)
2025-01-28 21:22:17,291 INFO c.h.h.t.HelmChartContainer - [hivemq-test-hivemq-platform] [hivemq-platform-operator] [52a2fb00] 21:22:17.288 [pool-6-thread-23] DEBUG c.h.p.o.d.PodServiceAccountResource - [helmroll] Desired PodServiceAccountResource (serviceAccountName: hivemq-platform-pod-test-hivemq-platform)
2025-01-28 21:22:17,291 INFO c.h.h.t.HelmChartContainer - [hivemq-test-hivemq-platform] [hivemq-platform-operator] [52a2fb00] 21:22:17.288 [pool-6-thread-27] DEBUG c.h.p.o.d.PlatformServiceResource - [helmroll] Desired Platform services (3 services)
2025-01-28 21:22:17,294 INFO c.h.h.t.HelmChartContainer - [hivemq-test-hivemq-platform] [hivemq-platform-operator] [52a2fb00] 21:22:17.293 [pool-6-thread-27] DEBUG c.h.p.o.d.StatefulSetResource - [helmroll] Desired StatefulSet (2 replicas) for status ROLLING_RESTART (RESTART_PODS_IN_PROGRESS)
2025-01-28 21:22:17,298 INFO c.h.h.t.HelmChartContainer - [hivemq-test-hivemq-platform] [hivemq-platform-operator] [52a2fb00] 21:22:17.298 [ReconcilerExecutor-hivemq-controller-147] INFO  c.h.p.o.HiveMQPlatformReconciler - [helmroll] Reconciling HiveMQ Platform 'test-hivemq-platform' in namespace 'helmrollingupgradeplatformit'
2025-01-28 21:22:17,299 INFO c.h.h.t.HelmChartContainer - [hivemq-test-hivemq-platform] [hivemq-platform-operator] [52a2fb00] 21:22:17.298 [ReconcilerExecutor-hivemq-controller-147] DEBUG c.h.p.o.HiveMQPlatformReconciler - [helmroll] Custom Resource Status ROLLING_RESTART - HiveMQ Platform is restarting Pods (rolling restart) (RESTART_PODS_IN_PROGRESS)
2025-01-28 21:22:17,300 INFO c.h.h.t.HelmChartContainer - [hivemq-test-hivemq-platform] [hivemq-platform-operator] [52a2fb00] 21:22:17.298 [ReconcilerExecutor-hivemq-controller-147] DEBUG c.h.p.o.HiveMQPlatformReconciler - [helmroll] Custom Resource Spec (replicas: 1) (extensions: 1)
2025-01-28 21:22:17,300 INFO c.h.h.t.HelmChartContainer - [hivemq-test-hivemq-platform] [hivemq-platform-operator] [52a2fb00] 21:22:17.299 [ReconcilerExecutor-hivemq-controller-147] DEBUG c.h.p.o.HiveMQPlatformReconciler - [helmroll] StatefulSet Status (revision: test-hivemq-platform-945c6dcb4, replicas: 2, available: 1, ready: 1, current: 0, updated: 2)
2025-01-28 21:22:17,301 INFO c.h.h.t.HelmChartContainer - [hivemq-test-hivemq-platform] [hivemq-platform-operator] [52a2fb00] 21:22:17.299 [ReconcilerExecutor-hivemq-controller-147] DEBUG c.h.p.o.HiveMQPlatformReconciler - [helmroll] StatefulSet Spec (replicas: 2, init containers: 1, containers: 1, volumes: 3)
2025-01-28 21:22:17,301 INFO c.h.h.t.HelmChartContainer - [hivemq-test-hivemq-platform] [hivemq-platform-operator] [52a2fb00] 21:22:17.300 [ReconcilerExecutor-hivemq-controller-147] DEBUG c.h.p.o.h.HiveMQPlatformReconcilerErrorHandler - [helmroll] Pod 'test-hivemq-platform-1' phase Running
2025-01-28 21:22:17,302 INFO c.h.h.t.HelmChartContainer - [hivemq-test-hivemq-platform] [hivemq-platform-operator] [52a2fb00] 21:22:17.302 [ReconcilerExecutor-hivemq-controller-147] DEBUG c.h.p.o.h.HiveMQPlatformReconcilerErrorHandler - [helmroll] Pod 'test-hivemq-platform-0' phase Running
2025-01-28 21:22:17,304 INFO c.h.h.t.HelmChartContainer - [hivemq-test-hivemq-platform] [hivemq-platform-operator] [52a2fb00] 21:22:17.302 [ReconcilerExecutor-hivemq-controller-147] DEBUG c.h.p.o.h.HiveMQPlatformReconcilerRollingRestartHandler - [helmroll] Rolling restart is waiting for 1 of 2 replicas
2025-01-28 21:22:17,310 INFO c.h.h.t.HelmChartContainer - [EVENT] Warning [Unhealthy] Readiness probe failed: HTTP probe failed with statuscode: 503 [helmrollingupgradeplatformit:test-hivemq-platform-0]
2025-01-28 21:22:17,310 INFO c.h.h.t.HelmChartContainer - Received Unhealthy event for container hivemq in pod test-hivemq-platform-0 [205cd227-72e3-4452-89fb-146773332d05]
2025-01-28 21:22:18,158 INFO c.h.h.t.HelmChartContainer - [test-hivemq-platform] [hivemq] [205cd227] INFO  - Starting HiveMQ Enterprise Server
2025-01-28 21:22:18,164 INFO c.h.h.t.HelmChartContainer - [test-hivemq-platform] [hivemq] [205cd227] INFO  - HiveMQ version: 4.36.0
2025-01-28 21:22:18,164 INFO c.h.h.t.HelmChartContainer - [test-hivemq-platform] [hivemq] [205cd227] INFO  - HiveMQ home directory: /opt/hivemq
2025-01-28 21:22:18,165 INFO c.h.h.t.HelmChartContainer - [test-hivemq-platform] [hivemq] [205cd227] INFO  - Log Configuration was overridden by /opt/hivemq/conf/logback.xml
2025-01-28 21:22:19,396 INFO c.h.h.t.HelmChartContainer - [test-hivemq-platform] [hivemq] [205cd227] INFO  - Successfully loaded configuration from '/opt/hivemq/conf-k8s/config.xml'.
2025-01-28 21:22:19,773 INFO c.h.h.t.HelmChartContainer - [test-hivemq-platform] [hivemq] [205cd227] INFO  - This node's ID is bGAhE
2025-01-28 21:22:19,773 INFO c.h.h.t.HelmChartContainer - [test-hivemq-platform] [hivemq] [205cd227] INFO  - Clustering is enabled
2025-01-28 21:22:22,462 INFO c.h.h.t.HelmChartContainer - [test-hivemq-platform] [hivemq] [205cd227] WARN  - [HiveMQ Platform Operator Init App 1.7.0-SNAPSHOT] Cannot connect to Health API for readiness: null
2025-01-28 21:22:22,499 INFO c.h.h.t.HelmChartContainer - [EVENT] Warning [Unhealthy] Readiness probe failed: HTTP probe failed with statuscode: 503 [helmrollingupgradeplatformit:test-hivemq-platform-0]
2025-01-28 21:22:22,499 INFO c.h.h.t.HelmChartContainer - Received Unhealthy event for container hivemq in pod test-hivemq-platform-0 [205cd227-72e3-4452-89fb-146773332d05]
2025-01-28 21:22:23,460 INFO c.h.h.t.HelmChartContainer - [test-hivemq-platform] [hivemq] [205cd227] WARN  - [HiveMQ Platform Operator Init App 1.7.0-SNAPSHOT] Cannot connect to Health API for liveness: null
2025-01-28 21:22:23,460 INFO c.h.h.t.HelmChartContainer - [test-hivemq-platform] [hivemq] [205cd227] INFO  - [HiveMQ Platform Operator Init App 1.7.0-SNAPSHOT] Returning default Health API response 200 for liveness
2025-01-28 21:22:27,308 INFO c.h.h.t.HelmChartContainer - [hivemq-test-hivemq-platform] [hivemq-platform-operator] [52a2fb00] 21:22:27.305 [pool-6-thread-38] DEBUG c.h.p.o.d.PlatformServiceResource - [helmroll] Desired Platform services (3 services)
2025-01-28 21:22:27,309 INFO c.h.h.t.HelmChartContainer - [hivemq-test-hivemq-platform] [hivemq-platform-operator] [52a2fb00] 21:22:27.306 [pool-6-thread-35] DEBUG c.h.p.o.dependants.PodInfoConfigMap - [helmroll] Desired PodInfo ConfigMap (1 extensions) (1 enabled)
2025-01-28 21:22:27,309 INFO c.h.h.t.HelmChartContainer - [hivemq-test-hivemq-platform] [hivemq-platform-operator] [52a2fb00] 21:22:27.306 [pool-6-thread-35] DEBUG c.h.p.o.dependants.PodInfoConfigMap - [helmroll] Desired PodInfo ConfigMap (metrics port: 9399) (metrics path: /)
2025-01-28 21:22:27,309 INFO c.h.h.t.HelmChartContainer - [hivemq-test-hivemq-platform] [hivemq-platform-operator] [52a2fb00] 21:22:27.306 [pool-6-thread-35] DEBUG c.h.p.o.dependants.PodInfoConfigMap - [helmroll] Desired PodInfo ConfigMap (extension state hash: -1817474005)
2025-01-28 21:22:27,309 INFO c.h.h.t.HelmChartContainer - [hivemq-test-hivemq-platform] [hivemq-platform-operator] [52a2fb00] 21:22:27.307 [pool-6-thread-35] DEBUG c.h.p.o.d.PodServiceAccountResource - [helmroll] Desired PodServiceAccountResource (serviceAccountName: hivemq-platform-pod-test-hivemq-platform)
2025-01-28 21:22:27,309 INFO c.h.h.t.HelmChartContainer - [hivemq-test-hivemq-platform] [hivemq-platform-operator] [52a2fb00] 21:22:27.309 [pool-6-thread-39] DEBUG c.h.p.o.d.StatefulSetResource - [helmroll] Desired StatefulSet (2 replicas) for status ROLLING_RESTART (RESTART_PODS_IN_PROGRESS)
2025-01-28 21:22:27,313 INFO c.h.h.t.HelmChartContainer - [hivemq-test-hivemq-platform] [hivemq-platform-operator] [52a2fb00] 21:22:27.311 [ReconcilerExecutor-hivemq-controller-148] INFO  c.h.p.o.HiveMQPlatformReconciler - [helmroll] Reconciling HiveMQ Platform 'test-hivemq-platform' in namespace 'helmrollingupgradeplatformit'
2025-01-28 21:22:27,313 INFO c.h.h.t.HelmChartContainer - [hivemq-test-hivemq-platform] [hivemq-platform-operator] [52a2fb00] 21:22:27.312 [ReconcilerExecutor-hivemq-controller-148] DEBUG c.h.p.o.HiveMQPlatformReconciler - [helmroll] Custom Resource Status ROLLING_RESTART - HiveMQ Platform is restarting Pods (rolling restart) (RESTART_PODS_IN_PROGRESS)
2025-01-28 21:22:27,313 INFO c.h.h.t.HelmChartContainer - [hivemq-test-hivemq-platform] [hivemq-platform-operator] [52a2fb00] 21:22:27.312 [ReconcilerExecutor-hivemq-controller-148] DEBUG c.h.p.o.HiveMQPlatformReconciler - [helmroll] Custom Resource Spec (replicas: 1) (extensions: 1)
2025-01-28 21:22:27,314 INFO c.h.h.t.HelmChartContainer - [hivemq-test-hivemq-platform] [hivemq-platform-operator] [52a2fb00] 21:22:27.313 [ReconcilerExecutor-hivemq-controller-148] DEBUG c.h.p.o.HiveMQPlatformReconciler - [helmroll] StatefulSet Status (revision: test-hivemq-platform-945c6dcb4, replicas: 2, available: 1, ready: 1, current: 0, updated: 2)
2025-01-28 21:22:27,315 INFO c.h.h.t.HelmChartContainer - [hivemq-test-hivemq-platform] [hivemq-platform-operator] [52a2fb00] 21:22:27.313 [ReconcilerExecutor-hivemq-controller-148] DEBUG c.h.p.o.HiveMQPlatformReconciler - [helmroll] StatefulSet Spec (replicas: 2, init containers: 1, containers: 1, volumes: 3)
2025-01-28 21:22:27,315 INFO c.h.h.t.HelmChartContainer - [hivemq-test-hivemq-platform] [hivemq-platform-operator] [52a2fb00] 21:22:27.314 [ReconcilerExecutor-hivemq-controller-148] DEBUG c.h.p.o.h.HiveMQPlatformReconcilerErrorHandler - [helmroll] Pod 'test-hivemq-platform-1' phase Running
2025-01-28 21:22:27,316 INFO c.h.h.t.HelmChartContainer - [hivemq-test-hivemq-platform] [hivemq-platform-operator] [52a2fb00] 21:22:27.315 [ReconcilerExecutor-hivemq-controller-148] DEBUG c.h.p.o.h.HiveMQPlatformReconcilerErrorHandler - [helmroll] Pod 'test-hivemq-platform-0' phase Running
2025-01-28 21:22:27,316 INFO c.h.h.t.HelmChartContainer - [hivemq-test-hivemq-platform] [hivemq-platform-operator] [52a2fb00] 21:22:27.315 [ReconcilerExecutor-hivemq-controller-148] DEBUG c.h.p.o.h.HiveMQPlatformReconcilerRollingRestartHandler - [helmroll] Rolling restart is waiting for 1 of 2 replicas
2025-01-28 21:22:27,360 INFO c.h.h.t.HelmChartContainer - [test-hivemq-platform] [hivemq] [205cd227] WARN  - [HiveMQ Platform Operator Init App 1.7.0-SNAPSHOT] Cannot connect to Health API for readiness: null
2025-01-28 21:22:27,365 INFO c.h.h.t.HelmChartContainer - [EVENT] Warning [Unhealthy] Readiness probe failed: HTTP probe failed with statuscode: 503 [helmrollingupgradeplatformit:test-hivemq-platform-0]
2025-01-28 21:22:27,365 INFO c.h.h.t.HelmChartContainer - Received Unhealthy event for container hivemq in pod test-hivemq-platform-0 [205cd227-72e3-4452-89fb-146773332d05]
2025-01-28 21:22:32,357 INFO c.h.h.t.HelmChartContainer - [test-hivemq-platform] [hivemq] [205cd227] WARN  - [HiveMQ Platform Operator Init App 1.7.0-SNAPSHOT] Cannot connect to Health API for readiness: null
2025-01-28 21:22:32,362 INFO c.h.h.t.HelmChartContainer - [EVENT] Warning [Unhealthy] Readiness probe failed: HTTP probe failed with statuscode: 503 [helmrollingupgradeplatformit:test-hivemq-platform-0]
2025-01-28 21:22:32,362 INFO c.h.h.t.HelmChartContainer - Received Unhealthy event for container hivemq in pod test-hivemq-platform-0 [205cd227-72e3-4452-89fb-146773332d05]
2025-01-28 21:22:32,570 INFO c.h.h.t.HelmChartContainer - [test-hivemq-platform] [hivemq] [205cd227] INFO  - No valid license file found. Using trial license, restricted to 25 connections.
2025-01-28 21:22:35,157 INFO c.h.h.t.HelmChartContainer - [test-hivemq-platform] [hivemq] [205cd227] INFO  - No valid license file for Data Hub found. Using free license, restricted to 1 policy.
2025-01-28 21:22:36,271 INFO c.h.h.t.HelmChartContainer - [test-hivemq-platform] [hivemq] [205cd227] INFO  - Audit Logger started.
2025-01-28 21:22:36,498 INFO c.h.h.t.HelmChartContainer - [test-hivemq-platform] [hivemq] [205cd227] INFO  - This node uses '1' CPU cores.
2025-01-28 21:22:36,503 INFO c.h.h.t.HelmChartContainer - [test-hivemq-platform] [hivemq] [205cd227] INFO  - Starting HiveMQ Health API on address 0.0.0.0 and port 8889
2025-01-28 21:22:37,295 INFO c.h.h.t.HelmChartContainer - [test-hivemq-platform] [hivemq] [205cd227] INFO  - Started HiveMQ Health API in 791ms
2025-01-28 21:22:37,319 INFO c.h.h.t.HelmChartContainer - [hivemq-test-hivemq-platform] [hivemq-platform-operator] [52a2fb00] 21:22:37.317 [pool-6-thread-41] DEBUG c.h.p.o.dependants.PodInfoConfigMap - [helmroll] Desired PodInfo ConfigMap (1 extensions) (1 enabled)
2025-01-28 21:22:37,320 INFO c.h.h.t.HelmChartContainer - [hivemq-test-hivemq-platform] [hivemq-platform-operator] [52a2fb00] 21:22:37.317 [pool-6-thread-41] DEBUG c.h.p.o.dependants.PodInfoConfigMap - [helmroll] Desired PodInfo ConfigMap (metrics port: 9399) (metrics path: /)
2025-01-28 21:22:37,320 INFO c.h.h.t.HelmChartContainer - [hivemq-test-hivemq-platform] [hivemq-platform-operator] [52a2fb00] 21:22:37.317 [pool-6-thread-41] DEBUG c.h.p.o.dependants.PodInfoConfigMap - [helmroll] Desired PodInfo ConfigMap (extension state hash: -1817474005)
2025-01-28 21:22:37,320 INFO c.h.h.t.HelmChartContainer - [hivemq-test-hivemq-platform] [hivemq-platform-operator] [52a2fb00] 21:22:37.318 [pool-6-thread-49] DEBUG c.h.p.o.d.PlatformServiceResource - [helmroll] Desired Platform services (3 services)
2025-01-28 21:22:37,320 INFO c.h.h.t.HelmChartContainer - [hivemq-test-hivemq-platform] [hivemq-platform-operator] [52a2fb00] 21:22:37.317 [pool-6-thread-42] DEBUG c.h.p.o.d.PodServiceAccountResource - [helmroll] Desired PodServiceAccountResource (serviceAccountName: hivemq-platform-pod-test-hivemq-platform)
2025-01-28 21:22:37,323 INFO c.h.h.t.HelmChartContainer - [hivemq-test-hivemq-platform] [hivemq-platform-operator] [52a2fb00] 21:22:37.322 [pool-6-thread-49] DEBUG c.h.p.o.d.StatefulSetResource - [helmroll] Desired StatefulSet (2 replicas) for status ROLLING_RESTART (RESTART_PODS_IN_PROGRESS)
2025-01-28 21:22:37,326 INFO c.h.h.t.HelmChartContainer - [hivemq-test-hivemq-platform] [hivemq-platform-operator] [52a2fb00] 21:22:37.324 [ReconcilerExecutor-hivemq-controller-149] INFO  c.h.p.o.HiveMQPlatformReconciler - [helmroll] Reconciling HiveMQ Platform 'test-hivemq-platform' in namespace 'helmrollingupgradeplatformit'
2025-01-28 21:22:37,326 INFO c.h.h.t.HelmChartContainer - [hivemq-test-hivemq-platform] [hivemq-platform-operator] [52a2fb00] 21:22:37.324 [ReconcilerExecutor-hivemq-controller-149] DEBUG c.h.p.o.HiveMQPlatformReconciler - [helmroll] Custom Resource Status ROLLING_RESTART - HiveMQ Platform is restarting Pods (rolling restart) (RESTART_PODS_IN_PROGRESS)
2025-01-28 21:22:37,326 INFO c.h.h.t.HelmChartContainer - [hivemq-test-hivemq-platform] [hivemq-platform-operator] [52a2fb00] 21:22:37.324 [ReconcilerExecutor-hivemq-controller-149] DEBUG c.h.p.o.HiveMQPlatformReconciler - [helmroll] Custom Resource Spec (replicas: 1) (extensions: 1)
2025-01-28 21:22:37,329 INFO c.h.h.t.HelmChartContainer - [hivemq-test-hivemq-platform] [hivemq-platform-operator] [52a2fb00] 21:22:37.325 [ReconcilerExecutor-hivemq-controller-149] DEBUG c.h.p.o.HiveMQPlatformReconciler - [helmroll] StatefulSet Status (revision: test-hivemq-platform-945c6dcb4, replicas: 2, available: 1, ready: 1, current: 0, updated: 2)
2025-01-28 21:22:37,329 INFO c.h.h.t.HelmChartContainer - [hivemq-test-hivemq-platform] [hivemq-platform-operator] [52a2fb00] 21:22:37.325 [ReconcilerExecutor-hivemq-controller-149] DEBUG c.h.p.o.HiveMQPlatformReconciler - [helmroll] StatefulSet Spec (replicas: 2, init containers: 1, containers: 1, volumes: 3)
2025-01-28 21:22:37,330 INFO c.h.h.t.HelmChartContainer - [hivemq-test-hivemq-platform] [hivemq-platform-operator] [52a2fb00] 21:22:37.326 [ReconcilerExecutor-hivemq-controller-149] DEBUG c.h.p.o.h.HiveMQPlatformReconcilerErrorHandler - [helmroll] Pod 'test-hivemq-platform-1' phase Running
2025-01-28 21:22:37,330 INFO c.h.h.t.HelmChartContainer - [hivemq-test-hivemq-platform] [hivemq-platform-operator] [52a2fb00] 21:22:37.328 [ReconcilerExecutor-hivemq-controller-149] DEBUG c.h.p.o.h.HiveMQPlatformReconcilerErrorHandler - [helmroll] Pod 'test-hivemq-platform-0' phase Running
2025-01-28 21:22:37,330 INFO c.h.h.t.HelmChartContainer - [hivemq-test-hivemq-platform] [hivemq-platform-operator] [52a2fb00] 21:22:37.328 [ReconcilerExecutor-hivemq-controller-149] DEBUG c.h.p.o.h.HiveMQPlatformReconcilerRollingRestartHandler - [helmroll] Rolling restart is waiting for 1 of 2 replicas
2025-01-28 21:22:38,295 INFO c.h.h.t.HelmChartContainer - [test-hivemq-platform] [hivemq] [205cd227] INFO  - [HiveMQ Platform Operator Init App 1.7.0-SNAPSHOT] Returning Health API response 503 for readiness
2025-01-28 21:22:38,298 INFO c.h.h.t.HelmChartContainer - [EVENT] Warning [Unhealthy] Readiness probe failed: Get "http://10.42.0.16:7979/readiness": context deadline exceeded (Client.Timeout exceeded while awaiting headers) [helmrollingupgradeplatformit:test-hivemq-platform-0]
2025-01-28 21:22:38,298 INFO c.h.h.t.HelmChartContainer - Received Unhealthy event for container hivemq in pod test-hivemq-platform-0 [205cd227-72e3-4452-89fb-146773332d05]
2025-01-28 21:22:38,955 INFO c.h.h.t.HelmChartContainer - [test-hivemq-platform] [hivemq] [205cd227] INFO  - Starting HiveMQ extension system.
2025-01-28 21:22:39,166 INFO c.h.h.t.HelmChartContainer - [test-hivemq-platform] [hivemq] [205cd227] INFO  - Starting extension with id "hivemq-dns-cluster-discovery" at /opt/hivemq/extensions/hivemq-dns-cluster-discovery
2025-01-28 21:22:39,867 INFO c.h.h.t.HelmChartContainer - [test-hivemq-platform] [hivemq] [205cd227] INFO  - Using TCP cluster transport on address 10.42.0.16 and port 7000
2025-01-28 21:22:39,958 INFO c.h.h.t.HelmChartContainer - [test-hivemq-platform] [hivemq] [205cd227] INFO  - Extension "DNS Cluster Discovery Extension" version 4.3.2 started successfully.
2025-01-28 21:22:39,958 INFO c.h.h.t.HelmChartContainer - [test-hivemq-platform] [hivemq] [205cd227] INFO  - Starting extension with id "hivemq-prometheus-extension" at /opt/hivemq/extensions/hivemq-prometheus-extension
2025-01-28 21:22:39,967 INFO c.h.h.t.HelmChartContainer - [test-hivemq-platform] [hivemq] [205cd227] INFO  - Using extension cluster discovery
2025-01-28 21:22:40,963 INFO c.h.h.t.HelmChartContainer - [test-hivemq-platform] [hivemq] [205cd227] INFO  - Started Jetty Server exposing Prometheus Servlet on URI http://0.0.0.0:9399/
2025-01-28 21:22:40,965 INFO c.h.h.t.HelmChartContainer - [test-hivemq-platform] [hivemq] [205cd227] INFO  - Extension "Prometheus Monitoring Extension" version 4.0.12 started successfully.
2025-01-28 21:22:40,965 INFO c.h.h.t.HelmChartContainer - [test-hivemq-platform] [hivemq] [205cd227] INFO  - Starting extension with id "hivemq-allow-all-extension" at /opt/hivemq/extensions/hivemq-allow-all-extension
2025-01-28 21:22:40,965 INFO c.h.h.t.HelmChartContainer - [test-hivemq-platform] [hivemq] [205cd227] WARN  - 
2025-01-28 21:22:40,965 INFO c.h.h.t.HelmChartContainer - [test-hivemq-platform] [hivemq] [205cd227] ################################################################################################################
2025-01-28 21:22:40,965 INFO c.h.h.t.HelmChartContainer - [test-hivemq-platform] [hivemq] [205cd227] # This HiveMQ deployment is not secure! You are lacking Authentication and Authorization.                      #
2025-01-28 21:22:40,965 INFO c.h.h.t.HelmChartContainer - [test-hivemq-platform] [hivemq] [205cd227] # Right now any MQTT client can connect to the broker with a full set of permissions.                          #
2025-01-28 21:22:40,965 INFO c.h.h.t.HelmChartContainer - [test-hivemq-platform] [hivemq] [205cd227] # For production usage, add an appropriate security extension and remove the hivemq-allow-all extension.       #
2025-01-28 21:22:40,965 INFO c.h.h.t.HelmChartContainer - [test-hivemq-platform] [hivemq] [205cd227] # You can download security extensions from the HiveMQ Marketplace (https://www.hivemq.com/extensions/).       #
2025-01-28 21:22:40,965 INFO c.h.h.t.HelmChartContainer - [test-hivemq-platform] [hivemq] [205cd227] ################################################################################################################
2025-01-28 21:22:40,966 INFO c.h.h.t.HelmChartContainer - [test-hivemq-platform] [hivemq] [205cd227] INFO  - Extension "Allow All Extension" version 1.1.1 started successfully.
2025-01-28 21:22:41,066 INFO c.h.h.t.HelmChartContainer - [test-hivemq-platform] [hivemq] [0fa80728] INFO  - Cluster nodes found by discovery: [6A90M|3] (2) [6A90M, bGAhE].
2025-01-28 21:22:41,096 INFO c.h.h.t.HelmChartContainer - [test-hivemq-platform] [hivemq] [205cd227] INFO  - Cluster nodes found by discovery: [6A90M|3] (2) [6A90M, bGAhE].
2025-01-28 21:22:41,265 INFO c.h.h.t.HelmChartContainer - [test-hivemq-platform] [hivemq] [205cd227] INFO  - Cluster size = 1, members : [6A90M].
2025-01-28 21:22:41,559 INFO c.h.h.t.HelmChartContainer - [test-hivemq-platform] [hivemq] [205cd227] INFO  - Starting cluster join process. This may take a while. Please do not shut down HiveMQ.
2025-01-28 21:22:41,560 INFO c.h.h.t.HelmChartContainer - [test-hivemq-platform] [hivemq] [205cd227] INFO  - Cluster join process is still ongoing. Please do not shut down HiveMQ.
2025-01-28 21:22:42,282 INFO c.h.h.t.HelmChartContainer - [EVENT] Warning [Unhealthy] Readiness probe failed: HTTP probe failed with statuscode: 503 [helmrollingupgradeplatformit:test-hivemq-platform-0]
2025-01-28 21:22:42,282 INFO c.h.h.t.HelmChartContainer - Received Unhealthy event for container hivemq in pod test-hivemq-platform-0 [205cd227-72e3-4452-89fb-146773332d05]
2025-01-28 21:22:43,566 INFO c.h.h.t.HelmChartContainer - [test-hivemq-platform] [hivemq] [0fa80728] INFO  - Cluster size = 2, members : [6A90M, bGAhE].
2025-01-28 21:22:43,578 INFO c.h.h.t.HelmChartContainer - [test-hivemq-platform] [hivemq] [205cd227] INFO  - Cluster size = 2, members : [6A90M, bGAhE].
2025-01-28 21:22:43,580 INFO c.h.h.t.HelmChartContainer - [test-hivemq-platform] [hivemq] [205cd227] INFO  - Finished cluster join process successfully.
2025-01-28 21:22:43,582 INFO c.h.h.t.HelmChartContainer - [test-hivemq-platform] [hivemq] [205cd227] WARN  - No user for HiveMQ Control Center configured. Starting with default user
2025-01-28 21:22:43,582 INFO c.h.h.t.HelmChartContainer - [test-hivemq-platform] [hivemq] [205cd227] INFO  - Starting HiveMQ Control Center on address 0.0.0.0 and port 8080
2025-01-28 21:22:43,659 INFO c.h.h.t.HelmChartContainer - [test-hivemq-platform] [hivemq] [205cd227] INFO  - Mounting HiveMQ Control Center V2 Preview
2025-01-28 21:22:44,373 INFO c.h.h.t.HelmChartContainer - [test-hivemq-platform] [hivemq] [205cd227] INFO  - Started HiveMQ Control Center in 791ms
2025-01-28 21:22:44,464 INFO c.h.h.t.HelmChartContainer - [test-hivemq-platform] [hivemq] [205cd227] INFO  - Starting TCP listener on address 0.0.0.0 and port 1883
2025-01-28 21:22:44,556 INFO c.h.h.t.HelmChartContainer - [test-hivemq-platform] [hivemq] [205cd227] INFO  - Started TCP Listener on address 0.0.0.0 and on port 1883.
2025-01-28 21:22:44,556 INFO c.h.h.t.HelmChartContainer - [test-hivemq-platform] [hivemq] [205cd227] INFO  - Started HiveMQ in 26789ms
2025-01-28 21:22:47,278 INFO c.h.h.t.HelmChartContainer - [test-hivemq-platform] [hivemq] [205cd227] INFO  - [HiveMQ Platform Operator Init App 1.7.0-SNAPSHOT] Returning Health API response 200 for readiness
2025-01-28 21:22:47,289 INFO c.h.h.t.HelmChartContainer - [POD] test-hivemq-platform-0 [205cd227-72e3-4452-89fb-146773332d05] in helmrollingupgradeplatformit was MODIFIED
2025-01-28 21:22:47,297 INFO c.h.h.t.HelmChartContainer - [hivemq-test-hivemq-platform] [hivemq-platform-operator] [52a2fb00] 21:22:47.294 [pool-6-thread-5] DEBUG c.h.p.o.d.PlatformServiceResource - [helmroll] Desired Platform services (3 services)
2025-01-28 21:22:47,302 INFO c.h.h.t.HelmChartContainer - [hivemq-test-hivemq-platform] [hivemq-platform-operator] [52a2fb00] 21:22:47.296 [pool-6-thread-10] DEBUG c.h.p.o.dependants.PodInfoConfigMap - [helmroll] Desired PodInfo ConfigMap (1 extensions) (1 enabled)
2025-01-28 21:22:47,302 INFO c.h.h.t.HelmChartContainer - [hivemq-test-hivemq-platform] [hivemq-platform-operator] [52a2fb00] 21:22:47.296 [pool-6-thread-10] DEBUG c.h.p.o.dependants.PodInfoConfigMap - [helmroll] Desired PodInfo ConfigMap (metrics port: 9399) (metrics path: /)
2025-01-28 21:22:47,302 INFO c.h.h.t.HelmChartContainer - [hivemq-test-hivemq-platform] [hivemq-platform-operator] [52a2fb00] 21:22:47.297 [pool-6-thread-10] DEBUG c.h.p.o.dependants.PodInfoConfigMap - [helmroll] Desired PodInfo ConfigMap (extension state hash: -1817474005)
2025-01-28 21:22:47,302 INFO c.h.h.t.HelmChartContainer - [hivemq-test-hivemq-platform] [hivemq-platform-operator] [52a2fb00] 21:22:47.297 [pool-6-thread-2] DEBUG c.h.p.o.d.PodServiceAccountResource - [helmroll] Desired PodServiceAccountResource (serviceAccountName: hivemq-platform-pod-test-hivemq-platform)
2025-01-28 21:22:47,302 INFO c.h.h.t.HelmChartContainer - [hivemq-test-hivemq-platform] [hivemq-platform-operator] [52a2fb00] 21:22:47.301 [pool-6-thread-10] DEBUG c.h.p.o.d.StatefulSetResource - [helmroll] Desired StatefulSet (2 replicas) for status ROLLING_RESTART (RESTART_PODS_IN_PROGRESS)
2025-01-28 21:22:47,308 INFO c.h.h.t.HelmChartContainer - [hivemq-test-hivemq-platform] [hivemq-platform-operator] [52a2fb00] 21:22:47.305 [ReconcilerExecutor-hivemq-controller-150] INFO  c.h.p.o.HiveMQPlatformReconciler - [helmroll] Reconciling HiveMQ Platform 'test-hivemq-platform' in namespace 'helmrollingupgradeplatformit'
2025-01-28 21:22:47,309 INFO c.h.h.t.HelmChartContainer - [hivemq-test-hivemq-platform] [hivemq-platform-operator] [52a2fb00] 21:22:47.305 [ReconcilerExecutor-hivemq-controller-150] DEBUG c.h.p.o.HiveMQPlatformReconciler - [helmroll] Custom Resource Status ROLLING_RESTART - HiveMQ Platform is restarting Pods (rolling restart) (RESTART_PODS_IN_PROGRESS)
2025-01-28 21:22:47,309 INFO c.h.h.t.HelmChartContainer - [hivemq-test-hivemq-platform] [hivemq-platform-operator] [52a2fb00] 21:22:47.305 [ReconcilerExecutor-hivemq-controller-150] DEBUG c.h.p.o.HiveMQPlatformReconciler - [helmroll] Custom Resource Spec (replicas: 1) (extensions: 1)
2025-01-28 21:22:47,309 INFO c.h.h.t.HelmChartContainer - [hivemq-test-hivemq-platform] [hivemq-platform-operator] [52a2fb00] 21:22:47.306 [ReconcilerExecutor-hivemq-controller-150] DEBUG c.h.p.o.HiveMQPlatformReconciler - [helmroll] StatefulSet Status (revision: test-hivemq-platform-945c6dcb4, replicas: 2, available: 2, ready: 2, current: 0, updated: 2)
2025-01-28 21:22:47,309 INFO c.h.h.t.HelmChartContainer - [hivemq-test-hivemq-platform] [hivemq-platform-operator] [52a2fb00] 21:22:47.306 [ReconcilerExecutor-hivemq-controller-150] DEBUG c.h.p.o.HiveMQPlatformReconciler - [helmroll] StatefulSet Spec (replicas: 2, init containers: 1, containers: 1, volumes: 3)
2025-01-28 21:22:47,309 INFO c.h.h.t.HelmChartContainer - [hivemq-test-hivemq-platform] [hivemq-platform-operator] [52a2fb00] 21:22:47.307 [ReconcilerExecutor-hivemq-controller-150] DEBUG c.h.p.o.h.HiveMQPlatformReconcilerErrorHandler - [helmroll] Pod 'test-hivemq-platform-1' phase Running
2025-01-28 21:22:47,312 INFO c.h.h.t.HelmChartContainer - [hivemq-test-hivemq-platform] [hivemq-platform-operator] [52a2fb00] 21:22:47.311 [ReconcilerExecutor-hivemq-controller-150] DEBUG c.h.p.o.h.HiveMQPlatformReconcilerErrorHandler - [helmroll] Pod 'test-hivemq-platform-0' phase Running
2025-01-28 21:22:47,318 INFO c.h.h.t.HelmChartContainer - [hivemq-test-hivemq-platform] [hivemq-platform-operator] [52a2fb00] 21:22:47.317 [ReconcilerExecutor-hivemq-controller-150] DEBUG c.h.p.o.h.HiveMQPlatformReconcilerRollingRestartHandler - [helmroll] Skipping Pod test-hivemq-platform-1 as it's already on the controller update revision (update revision: test-hivemq-platform-945c6dcb4, pod revision: test-hivemq-platform-945c6dcb4)
2025-01-28 21:22:47,323 INFO c.h.h.t.HelmChartContainer - [hivemq-test-hivemq-platform] [hivemq-platform-operator] [52a2fb00] 21:22:47.322 [ReconcilerExecutor-hivemq-controller-150] DEBUG c.h.p.o.h.HiveMQPlatformReconcilerRollingRestartHandler - [helmroll] Skipping Pod test-hivemq-platform-0 as it's already on the controller update revision (update revision: test-hivemq-platform-945c6dcb4, pod revision: test-hivemq-platform-945c6dcb4)
2025-01-28 21:22:47,323 INFO c.h.h.t.HelmChartContainer - [hivemq-test-hivemq-platform] [hivemq-platform-operator] [52a2fb00] 21:22:47.322 [ReconcilerExecutor-hivemq-controller-150] INFO  c.h.p.o.h.HiveMQPlatformReconcilerRollingRestartHandler - [helmroll] Stopping surge Pod
2025-01-28 21:22:47,412 INFO c.h.h.t.HelmChartContainer - [hivemq-test-hivemq-platform] [hivemq-platform-operator] [52a2fb00] 21:22:47.410 [ReconcilerExecutor-hivemq-controller-150] DEBUG c.h.p.operator.event.EventSender - [helmroll] Creating K8s event rolling-restart-scale-down-in-progress: [RollingRestart] HiveMQ Platform is stopping the surge Pod (rolling restart)
2025-01-28 21:22:47,414 INFO c.h.h.t.HelmChartContainer - [EVENT] Normal [RollingRestart] HiveMQ Platform is stopping the surge Pod (rolling restart) [helmrollingupgradeplatformit:test-hivemq-platform]
2025-01-28 21:22:47,415 INFO c.h.h.t.HelmChartContainer - [hivemq-test-hivemq-platform] [hivemq-platform-operator] [52a2fb00] 21:22:47.415 [ReconcilerExecutor-hivemq-controller-150] INFO  c.h.p.o.h.AbstractHiveMQReconcilerStateHandler - [helmroll] Update HiveMQ Platform Status (ROLLING_RESTART [RESTART_PODS_IN_PROGRESS] -> ROLLING_RESTART [SCALE_DOWN_IN_PROGRESS]): HiveMQ Platform is stopping the surge Pod (rolling restart)
2025-01-28 21:22:47,422 DEBUG com.hivemq.helmcharts.util.K8sUtil - Comparing actual state 'ROLLING_RESTART' and waiting for 'RUNNING'
2025-01-28 21:22:47,427 INFO c.h.h.t.HelmChartContainer - [hivemq-test-hivemq-platform] [hivemq-platform-operator] [52a2fb00] 21:22:47.425 [pool-6-thread-16] DEBUG c.h.p.o.d.PlatformServiceResource - [helmroll] Desired Platform services (3 services)
2025-01-28 21:22:47,428 INFO c.h.h.t.HelmChartContainer - [hivemq-test-hivemq-platform] [hivemq-platform-operator] [52a2fb00] 21:22:47.425 [pool-6-thread-19] DEBUG c.h.p.o.dependants.PodInfoConfigMap - [helmroll] Desired PodInfo ConfigMap (1 extensions) (1 enabled)
2025-01-28 21:22:47,429 INFO c.h.h.t.HelmChartContainer - [hivemq-test-hivemq-platform] [hivemq-platform-operator] [52a2fb00] 21:22:47.425 [pool-6-thread-19] DEBUG c.h.p.o.dependants.PodInfoConfigMap - [helmroll] Desired PodInfo ConfigMap (metrics port: 9399) (metrics path: /)
2025-01-28 21:22:47,429 INFO c.h.h.t.HelmChartContainer - [hivemq-test-hivemq-platform] [hivemq-platform-operator] [52a2fb00] 21:22:47.425 [pool-6-thread-19] DEBUG c.h.p.o.dependants.PodInfoConfigMap - [helmroll] Desired PodInfo ConfigMap (extension state hash: -1817474005)
2025-01-28 21:22:47,429 INFO c.h.h.t.HelmChartContainer - [hivemq-test-hivemq-platform] [hivemq-platform-operator] [52a2fb00] 21:22:47.426 [pool-6-thread-19] DEBUG c.h.p.o.dependants.PodInfoConfigMap - [helmroll] Update PodInfo ConfigMap
2025-01-28 21:22:47,430 INFO c.h.h.t.HelmChartContainer - [hivemq-test-hivemq-platform] [hivemq-platform-operator] [52a2fb00] 21:22:47.430 [pool-6-thread-18] DEBUG c.h.p.o.d.PodServiceAccountResource - [helmroll] Desired PodServiceAccountResource (serviceAccountName: hivemq-platform-pod-test-hivemq-platform)
2025-01-28 21:22:47,508 INFO c.h.h.t.HelmChartContainer - [hivemq-test-hivemq-platform] [hivemq-platform-operator] [52a2fb00] 21:22:47.508 [pool-6-thread-19] DEBUG c.h.p.o.d.StatefulSetResource - [helmroll] Desired StatefulSet (1 replicas) for status ROLLING_RESTART (SCALE_DOWN_IN_PROGRESS)
2025-01-28 21:22:47,511 INFO c.h.h.t.HelmChartContainer - [hivemq-test-hivemq-platform] [hivemq-platform-operator] [52a2fb00] 21:22:47.510 [pool-6-thread-19] DEBUG c.h.p.o.d.StatefulSetResource - [helmroll] Update StatefulSet (replicas: 2 -> 1)
2025-01-28 21:22:47,525 INFO c.h.h.t.HelmChartContainer - [hivemq-test-hivemq-platform] [hivemq-platform-operator] [52a2fb00] 21:22:47.524 [ReconcilerExecutor-hivemq-controller-151] INFO  c.h.p.o.HiveMQPlatformReconciler - [helmroll] Reconciling HiveMQ Platform 'test-hivemq-platform' in namespace 'helmrollingupgradeplatformit'
2025-01-28 21:22:47,526 INFO c.h.h.t.HelmChartContainer - [hivemq-test-hivemq-platform] [hivemq-platform-operator] [52a2fb00] 21:22:47.524 [ReconcilerExecutor-hivemq-controller-151] DEBUG c.h.p.o.HiveMQPlatformReconciler - [helmroll] Custom Resource Status ROLLING_RESTART - HiveMQ Platform is stopping the surge Pod (rolling restart) (SCALE_DOWN_IN_PROGRESS)
2025-01-28 21:22:47,526 INFO c.h.h.t.HelmChartContainer - [hivemq-test-hivemq-platform] [hivemq-platform-operator] [52a2fb00] 21:22:47.524 [ReconcilerExecutor-hivemq-controller-151] DEBUG c.h.p.o.HiveMQPlatformReconciler - [helmroll] Custom Resource Spec (replicas: 1) (extensions: 1)
2025-01-28 21:22:47,526 INFO c.h.h.t.HelmChartContainer - [hivemq-test-hivemq-platform] [hivemq-platform-operator] [52a2fb00] 21:22:47.525 [ReconcilerExecutor-hivemq-controller-151] DEBUG c.h.p.o.HiveMQPlatformReconciler - [helmroll] StatefulSet Status (revision: test-hivemq-platform-945c6dcb4, replicas: 2, available: 2, ready: 2, current: 0, updated: 2)
2025-01-28 21:22:47,527 INFO c.h.h.t.HelmChartContainer - [hivemq-test-hivemq-platform] [hivemq-platform-operator] [52a2fb00] 21:22:47.527 [ReconcilerExecutor-hivemq-controller-151] DEBUG c.h.p.o.HiveMQPlatformReconciler - [helmroll] StatefulSet Spec (replicas: 1, init containers: 1, containers: 1, volumes: 3)
2025-01-28 21:22:47,530 INFO c.h.h.t.HelmChartContainer - [POD] test-hivemq-platform-1 [0fa80728-08f2-43bc-990f-19986f58f83c] in helmrollingupgradeplatformit was MODIFIED
2025-01-28 21:22:47,538 INFO c.h.h.t.HelmChartContainer - [hivemq-test-hivemq-platform] [hivemq-platform-operator] [52a2fb00] 21:22:47.528 [ReconcilerExecutor-hivemq-controller-151] DEBUG c.h.p.o.h.HiveMQPlatformReconcilerErrorHandler - [helmroll] Pod 'test-hivemq-platform-0' phase Running
2025-01-28 21:22:47,539 INFO c.h.h.t.HelmChartContainer - [hivemq-test-hivemq-platform] [hivemq-platform-operator] [52a2fb00] 21:22:47.531 [ReconcilerExecutor-hivemq-controller-151] DEBUG c.h.p.o.h.HiveMQPlatformReconcilerRollingRestartHandler - [helmroll] Rolling restart is waiting for 2 of 1 replicas
2025-01-28 21:22:47,545 INFO c.h.h.t.HelmChartContainer - [EVENT] Normal [SuccessfulDelete] delete Pod test-hivemq-platform-1 in StatefulSet test-hivemq-platform successful [helmrollingupgradeplatformit:test-hivemq-platform]
2025-01-28 21:22:47,545 INFO c.h.h.t.HelmChartContainer - [EVENT] Normal [Killing] Stopping container hivemq [helmrollingupgradeplatformit:test-hivemq-platform-1]
2025-01-28 21:22:47,546 INFO c.h.h.t.HelmChartContainer - [test-hivemq-platform] [hivemq] [0fa80728] INFO  - [HiveMQ Platform Operator Init App 1.7.0-SNAPSHOT] Shutting down
2025-01-28 21:22:47,546 INFO c.h.h.t.HelmChartContainer - [test-hivemq-platform] [hivemq] [0fa80728] INFO  - [HiveMQ Platform Operator Init App 1.7.0-SNAPSHOT] Stopping the HiveMQ Platform
2025-01-28 21:22:47,545 INFO c.h.h.t.HelmChartContainer - Received Killing event for container hivemq in pod test-hivemq-platform-1 [0fa80728-08f2-43bc-990f-19986f58f83c]
2025-01-28 21:22:47,547 INFO c.h.h.t.HelmChartContainer - Container [test-hivemq-platform-1] [hivemq] [0fa80728-08f2-43bc-990f-19986f58f83c] was terminated
2025-01-28 21:22:47,547 INFO c.h.h.t.HelmChartContainer - Stopped log watcher for hivemq in pod test-hivemq-platform-1 [0fa80728-08f2-43bc-990f-19986f58f83c]
2025-01-28 21:22:47,547 INFO c.h.h.t.HelmChartContainer - [hivemq-test-hivemq-platform] [hivemq-platform-operator] [52a2fb00] 21:22:47.539 [pool-6-thread-26] DEBUG c.h.p.o.d.PlatformServiceResource - [helmroll] Desired Platform services (3 services)
2025-01-28 21:22:47,550 INFO c.h.h.t.HelmChartContainer - [hivemq-test-hivemq-platform] [hivemq-platform-operator] [52a2fb00] 21:22:47.543 [pool-6-thread-25] DEBUG c.h.p.o.d.PodServiceAccountResource - [helmroll] Desired PodServiceAccountResource (serviceAccountName: hivemq-platform-pod-test-hivemq-platform)
2025-01-28 21:22:47,611 INFO c.h.h.t.HelmChartContainer - [hivemq-test-hivemq-platform] [hivemq-platform-operator] [52a2fb00] 21:22:47.609 [pool-6-thread-28] DEBUG c.h.p.o.dependants.PodInfoConfigMap - [helmroll] Desired PodInfo ConfigMap (1 extensions) (1 enabled)
2025-01-28 21:22:47,611 INFO c.h.h.t.HelmChartContainer - [hivemq-test-hivemq-platform] [hivemq-platform-operator] [52a2fb00] 21:22:47.610 [pool-6-thread-28] DEBUG c.h.p.o.dependants.PodInfoConfigMap - [helmroll] Desired PodInfo ConfigMap (metrics port: 9399) (metrics path: /)
2025-01-28 21:22:47,613 INFO c.h.h.t.HelmChartContainer - [hivemq-test-hivemq-platform] [hivemq-platform-operator] [52a2fb00] 21:22:47.611 [pool-6-thread-28] DEBUG c.h.p.o.dependants.PodInfoConfigMap - [helmroll] Desired PodInfo ConfigMap (extension state hash: -1817474005)
2025-01-28 21:22:47,618 INFO c.h.h.t.HelmChartContainer - [hivemq-test-hivemq-platform] [hivemq-platform-operator] [52a2fb00] 21:22:47.617 [pool-6-thread-27] DEBUG c.h.p.o.d.StatefulSetResource - [helmroll] Desired StatefulSet (1 replicas) for status ROLLING_RESTART (SCALE_DOWN_IN_PROGRESS)
2025-01-28 21:22:47,623 INFO c.h.h.t.HelmChartContainer - [hivemq-test-hivemq-platform] [hivemq-platform-operator] [52a2fb00] 21:22:47.622 [ReconcilerExecutor-hivemq-controller-152] INFO  c.h.p.o.HiveMQPlatformReconciler - [helmroll] Reconciling HiveMQ Platform 'test-hivemq-platform' in namespace 'helmrollingupgradeplatformit'
2025-01-28 21:22:47,624 INFO c.h.h.t.HelmChartContainer - [hivemq-test-hivemq-platform] [hivemq-platform-operator] [52a2fb00] 21:22:47.622 [ReconcilerExecutor-hivemq-controller-152] DEBUG c.h.p.o.HiveMQPlatformReconciler - [helmroll] Custom Resource Status ROLLING_RESTART - HiveMQ Platform is stopping the surge Pod (rolling restart) (SCALE_DOWN_IN_PROGRESS)
2025-01-28 21:22:47,625 INFO c.h.h.t.HelmChartContainer - [hivemq-test-hivemq-platform] [hivemq-platform-operator] [52a2fb00] 21:22:47.622 [ReconcilerExecutor-hivemq-controller-152] DEBUG c.h.p.o.HiveMQPlatformReconciler - [helmroll] Custom Resource Spec (replicas: 1) (extensions: 1)
2025-01-28 21:22:47,625 INFO c.h.h.t.HelmChartContainer - [hivemq-test-hivemq-platform] [hivemq-platform-operator] [52a2fb00] 21:22:47.624 [ReconcilerExecutor-hivemq-controller-152] DEBUG c.h.p.o.HiveMQPlatformReconciler - [helmroll] StatefulSet Status (revision: test-hivemq-platform-945c6dcb4, replicas: 2, available: 2, ready: 2, current: 0, updated: 1)
2025-01-28 21:22:47,625 INFO c.h.h.t.HelmChartContainer - [hivemq-test-hivemq-platform] [hivemq-platform-operator] [52a2fb00] 21:22:47.624 [ReconcilerExecutor-hivemq-controller-152] DEBUG c.h.p.o.HiveMQPlatformReconciler - [helmroll] StatefulSet Spec (replicas: 1, init containers: 1, containers: 1, volumes: 3)
2025-01-28 21:22:47,626 INFO c.h.h.t.HelmChartContainer - [hivemq-test-hivemq-platform] [hivemq-platform-operator] [52a2fb00] 21:22:47.625 [ReconcilerExecutor-hivemq-controller-152] DEBUG c.h.p.o.h.HiveMQPlatformReconcilerErrorHandler - [helmroll] Pod 'test-hivemq-platform-0' phase Running
2025-01-28 21:22:47,627 INFO c.h.h.t.HelmChartContainer - [hivemq-test-hivemq-platform] [hivemq-platform-operator] [52a2fb00] 21:22:47.626 [ReconcilerExecutor-hivemq-controller-152] DEBUG c.h.p.o.h.HiveMQPlatformReconcilerRollingRestartHandler - [helmroll] Rolling restart is waiting for 2 of 1 replicas
2025-01-28 21:22:47,630 INFO c.h.h.t.HelmChartContainer - [hivemq-test-hivemq-platform] [hivemq-platform-operator] [52a2fb00] 21:22:47.628 [pool-6-thread-32] DEBUG c.h.p.o.dependants.PodInfoConfigMap - [helmroll] Desired PodInfo ConfigMap (1 extensions) (1 enabled)
2025-01-28 21:22:47,630 INFO c.h.h.t.HelmChartContainer - [hivemq-test-hivemq-platform] [hivemq-platform-operator] [52a2fb00] 21:22:47.629 [pool-6-thread-34] DEBUG c.h.p.o.d.PodServiceAccountResource - [helmroll] Desired PodServiceAccountResource (serviceAccountName: hivemq-platform-pod-test-hivemq-platform)
2025-01-28 21:22:47,631 INFO c.h.h.t.HelmChartContainer - [hivemq-test-hivemq-platform] [hivemq-platform-operator] [52a2fb00] 21:22:47.630 [pool-6-thread-32] DEBUG c.h.p.o.dependants.PodInfoConfigMap - [helmroll] Desired PodInfo ConfigMap (metrics port: 9399) (metrics path: /)
2025-01-28 21:22:47,631 INFO c.h.h.t.HelmChartContainer - [hivemq-test-hivemq-platform] [hivemq-platform-operator] [52a2fb00] 21:22:47.630 [pool-6-thread-32] DEBUG c.h.p.o.dependants.PodInfoConfigMap - [helmroll] Desired PodInfo ConfigMap (extension state hash: -1817474005)
2025-01-28 21:22:47,675 INFO c.h.h.t.HelmChartContainer - [test-hivemq-platform] [hivemq] [0fa80728] INFO  - Shutting down HiveMQ. Please wait, this could take a while...
2025-01-28 21:22:47,708 INFO c.h.h.t.HelmChartContainer - [hivemq-test-hivemq-platform] [hivemq-platform-operator] [52a2fb00] 21:22:47.703 [pool-6-thread-40] DEBUG c.h.p.o.d.PlatformServiceResource - [helmroll] Desired Platform services (3 services)
2025-01-28 21:22:47,710 INFO c.h.h.t.HelmChartContainer - [test-hivemq-platform] [hivemq] [0fa80728] INFO  - Shutting down listeners and clients
2025-01-28 21:22:47,712 INFO c.h.h.t.HelmChartContainer - [hivemq-test-hivemq-platform] [hivemq-platform-operator] [52a2fb00] 21:22:47.711 [pool-6-thread-40] DEBUG c.h.p.o.d.StatefulSetResource - [helmroll] Desired StatefulSet (1 replicas) for status ROLLING_RESTART (SCALE_DOWN_IN_PROGRESS)
2025-01-28 21:22:47,715 INFO c.h.h.t.HelmChartContainer - [test-hivemq-platform] [hivemq] [0fa80728] INFO  - Shutdown of listeners is done
2025-01-28 21:22:47,717 INFO c.h.h.t.HelmChartContainer - [test-hivemq-platform] [hivemq] [0fa80728] INFO  - No clients are connected, proceeding with shutdown
2025-01-28 21:22:47,718 INFO c.h.h.t.HelmChartContainer - [hivemq-test-hivemq-platform] [hivemq-platform-operator] [52a2fb00] 21:22:47.715 [ReconcilerExecutor-hivemq-controller-153] INFO  c.h.p.o.HiveMQPlatformReconciler - [helmroll] Reconciling HiveMQ Platform 'test-hivemq-platform' in namespace 'helmrollingupgradeplatformit'
2025-01-28 21:22:47,719 INFO c.h.h.t.HelmChartContainer - [hivemq-test-hivemq-platform] [hivemq-platform-operator] [52a2fb00] 21:22:47.715 [ReconcilerExecutor-hivemq-controller-153] DEBUG c.h.p.o.HiveMQPlatformReconciler - [helmroll] Custom Resource Status ROLLING_RESTART - HiveMQ Platform is stopping the surge Pod (rolling restart) (SCALE_DOWN_IN_PROGRESS)
2025-01-28 21:22:47,720 INFO c.h.h.t.HelmChartContainer - [hivemq-test-hivemq-platform] [hivemq-platform-operator] [52a2fb00] 21:22:47.715 [ReconcilerExecutor-hivemq-controller-153] DEBUG c.h.p.o.HiveMQPlatformReconciler - [helmroll] Custom Resource Spec (replicas: 1) (extensions: 1)
2025-01-28 21:22:47,720 INFO c.h.h.t.HelmChartContainer - [hivemq-test-hivemq-platform] [hivemq-platform-operator] [52a2fb00] 21:22:47.716 [ReconcilerExecutor-hivemq-controller-153] DEBUG c.h.p.o.HiveMQPlatformReconciler - [helmroll] StatefulSet Status (revision: test-hivemq-platform-945c6dcb4, replicas: 2, available: 2, ready: 2, current: 0, updated: 1)
2025-01-28 21:22:47,720 INFO c.h.h.t.HelmChartContainer - [hivemq-test-hivemq-platform] [hivemq-platform-operator] [52a2fb00] 21:22:47.716 [ReconcilerExecutor-hivemq-controller-153] DEBUG c.h.p.o.HiveMQPlatformReconciler - [helmroll] StatefulSet Spec (replicas: 1, init containers: 1, containers: 1, volumes: 3)
2025-01-28 21:22:47,720 INFO c.h.h.t.HelmChartContainer - [hivemq-test-hivemq-platform] [hivemq-platform-operator] [52a2fb00] 21:22:47.718 [ReconcilerExecutor-hivemq-controller-153] DEBUG c.h.p.o.h.HiveMQPlatformReconcilerErrorHandler - [helmroll] Pod 'test-hivemq-platform-0' phase Running
2025-01-28 21:22:47,720 INFO c.h.h.t.HelmChartContainer - [hivemq-test-hivemq-platform] [hivemq-platform-operator] [52a2fb00] 21:22:47.719 [ReconcilerExecutor-hivemq-controller-153] DEBUG c.h.p.o.h.HiveMQPlatformReconcilerRollingRestartHandler - [helmroll] Rolling restart is waiting for 2 of 1 replicas
2025-01-28 21:22:49,881 INFO c.h.h.t.HelmChartContainer - [test-hivemq-platform] [hivemq] [0fa80728] INFO  - Shutting down extension system
2025-01-28 21:22:49,884 INFO c.h.h.t.HelmChartContainer - [test-hivemq-platform] [hivemq] [0fa80728] INFO  - Stopping extension with id hivemq-dns-cluster-discovery
2025-01-28 21:22:49,885 INFO c.h.h.t.HelmChartContainer - [test-hivemq-platform] [hivemq] [0fa80728] INFO  - Extension "DNS Cluster Discovery Extension" version 4.3.2 stopped successfully.
2025-01-28 21:22:49,886 INFO c.h.h.t.HelmChartContainer - [test-hivemq-platform] [hivemq] [0fa80728] INFO  - Stopping extension with id hivemq-prometheus-extension
2025-01-28 21:22:49,890 INFO c.h.h.t.HelmChartContainer - [test-hivemq-platform] [hivemq] [0fa80728] INFO  - Extension "Prometheus Monitoring Extension" version 4.0.12 stopped successfully.
2025-01-28 21:22:49,891 INFO c.h.h.t.HelmChartContainer - [test-hivemq-platform] [hivemq] [0fa80728] INFO  - Stopping extension with id hivemq-allow-all-extension
2025-01-28 21:22:49,891 INFO c.h.h.t.HelmChartContainer - [test-hivemq-platform] [hivemq] [0fa80728] INFO  - Extension "Allow All Extension" version 1.1.1 stopped successfully.
2025-01-28 21:22:49,898 INFO c.h.h.t.HelmChartContainer - [test-hivemq-platform] [hivemq] [205cd227] INFO  - Cluster nodes found by discovery: [bGAhE|4] (1) [bGAhE].
2025-01-28 21:22:49,906 INFO c.h.h.t.HelmChartContainer - [test-hivemq-platform] [hivemq] [205cd227] INFO  - Cluster size = 1, members : [bGAhE].
2025-01-28 21:22:51,127 INFO c.h.h.t.HelmChartContainer - [test-hivemq-platform] [hivemq] [0fa80728] INFO  - [HiveMQ Platform Operator Init App 1.7.0-SNAPSHOT] Returning shutdown Health API response 503 for readiness
2025-01-28 21:22:51,130 INFO c.h.h.t.HelmChartContainer - [EVENT] Warning [Unhealthy] Readiness probe failed: HTTP probe failed with statuscode: 503 [helmrollingupgradeplatformit:test-hivemq-platform-1]
2025-01-28 21:22:51,131 INFO c.h.h.t.HelmChartContainer - Received Unhealthy event for container hivemq in pod test-hivemq-platform-1 [0fa80728-08f2-43bc-990f-19986f58f83c]
2025-01-28 21:22:52,220 INFO c.h.h.t.HelmChartContainer - [test-hivemq-platform] [hivemq] [0fa80728] INFO  - Shutdown completed.
2025-01-28 21:22:52,571 INFO c.h.h.t.HelmChartContainer - [test-hivemq-platform] [hivemq] [0fa80728] INFO  - [HiveMQ Platform Operator Init App 1.7.0-SNAPSHOT] The HiveMQ Platform exited with code 143
2025-01-28 21:22:52,571 INFO c.h.h.t.HelmChartContainer - [test-hivemq-platform] [hivemq] [0fa80728] INFO  - [HiveMQ Platform Operator Init App 1.7.0-SNAPSHOT] Stopping the REST API
2025-01-28 21:22:52,581 INFO c.h.h.t.HelmChartContainer - [test-hivemq-platform] [hivemq] [0fa80728] INFO  - [HiveMQ Platform Operator Init App 1.7.0-SNAPSHOT] Shutdown complete
2025-01-28 21:22:53,086 INFO c.h.h.t.HelmChartContainer - [POD] test-hivemq-platform-1 [0fa80728-08f2-43bc-990f-19986f58f83c] in helmrollingupgradeplatformit was MODIFIED
2025-01-28 21:22:53,102 INFO c.h.h.t.HelmChartContainer - [hivemq-test-hivemq-platform] [hivemq-platform-operator] [52a2fb00] 21:22:53.093 [pool-6-thread-46] DEBUG c.h.p.o.d.PlatformServiceResource - [helmroll] Desired Platform services (3 services)
2025-01-28 21:22:53,102 INFO c.h.h.t.HelmChartContainer - [hivemq-test-hivemq-platform] [hivemq-platform-operator] [52a2fb00] 21:22:53.096 [pool-6-thread-41] DEBUG c.h.p.o.dependants.PodInfoConfigMap - [helmroll] Desired PodInfo ConfigMap (1 extensions) (1 enabled)
2025-01-28 21:22:53,102 INFO c.h.h.t.HelmChartContainer - [hivemq-test-hivemq-platform] [hivemq-platform-operator] [52a2fb00] 21:22:53.096 [pool-6-thread-41] DEBUG c.h.p.o.dependants.PodInfoConfigMap - [helmroll] Desired PodInfo ConfigMap (metrics port: 9399) (metrics path: /)
2025-01-28 21:22:53,102 INFO c.h.h.t.HelmChartContainer - [hivemq-test-hivemq-platform] [hivemq-platform-operator] [52a2fb00] 21:22:53.096 [pool-6-thread-41] DEBUG c.h.p.o.dependants.PodInfoConfigMap - [helmroll] Desired PodInfo ConfigMap (extension state hash: -1817474005)
2025-01-28 21:22:53,102 INFO c.h.h.t.HelmChartContainer - [hivemq-test-hivemq-platform] [hivemq-platform-operator] [52a2fb00] 21:22:53.096 [pool-6-thread-46] DEBUG c.h.p.o.d.PodServiceAccountResource - [helmroll] Desired PodServiceAccountResource (serviceAccountName: hivemq-platform-pod-test-hivemq-platform)
2025-01-28 21:22:53,102 INFO c.h.h.t.HelmChartContainer - [hivemq-test-hivemq-platform] [hivemq-platform-operator] [52a2fb00] 21:22:53.099 [pool-6-thread-45] DEBUG c.h.p.o.d.StatefulSetResource - [helmroll] Desired StatefulSet (1 replicas) for status ROLLING_RESTART (SCALE_DOWN_IN_PROGRESS)
2025-01-28 21:22:53,106 INFO c.h.h.t.HelmChartContainer - [hivemq-test-hivemq-platform] [hivemq-platform-operator] [52a2fb00] 21:22:53.101 [ReconcilerExecutor-hivemq-controller-154] INFO  c.h.p.o.HiveMQPlatformReconciler - [helmroll] Reconciling HiveMQ Platform 'test-hivemq-platform' in namespace 'helmrollingupgradeplatformit'
2025-01-28 21:22:53,106 INFO c.h.h.t.HelmChartContainer - [hivemq-test-hivemq-platform] [hivemq-platform-operator] [52a2fb00] 21:22:53.101 [ReconcilerExecutor-hivemq-controller-154] DEBUG c.h.p.o.HiveMQPlatformReconciler - [helmroll] Custom Resource Status ROLLING_RESTART - HiveMQ Platform is stopping the surge Pod (rolling restart) (SCALE_DOWN_IN_PROGRESS)
2025-01-28 21:22:53,106 INFO c.h.h.t.HelmChartContainer - [hivemq-test-hivemq-platform] [hivemq-platform-operator] [52a2fb00] 21:22:53.101 [ReconcilerExecutor-hivemq-controller-154] DEBUG c.h.p.o.HiveMQPlatformReconciler - [helmroll] Custom Resource Spec (replicas: 1) (extensions: 1)
2025-01-28 21:22:53,106 INFO c.h.h.t.HelmChartContainer - [hivemq-test-hivemq-platform] [hivemq-platform-operator] [52a2fb00] 21:22:53.102 [ReconcilerExecutor-hivemq-controller-154] DEBUG c.h.p.o.HiveMQPlatformReconciler - [helmroll] StatefulSet Status (revision: test-hivemq-platform-945c6dcb4, replicas: 2, available: 1, ready: 1, current: 0, updated: 1)
2025-01-28 21:22:53,106 INFO c.h.h.t.HelmChartContainer - [hivemq-test-hivemq-platform] [hivemq-platform-operator] [52a2fb00] 21:22:53.102 [ReconcilerExecutor-hivemq-controller-154] DEBUG c.h.p.o.HiveMQPlatformReconciler - [helmroll] StatefulSet Spec (replicas: 1, init containers: 1, containers: 1, volumes: 3)
2025-01-28 21:22:53,106 INFO c.h.h.t.HelmChartContainer - [hivemq-test-hivemq-platform] [hivemq-platform-operator] [52a2fb00] 21:22:53.104 [ReconcilerExecutor-hivemq-controller-154] DEBUG c.h.p.o.h.HiveMQPlatformReconcilerErrorHandler - [helmroll] Pod 'test-hivemq-platform-0' phase Running
2025-01-28 21:22:53,106 INFO c.h.h.t.HelmChartContainer - [hivemq-test-hivemq-platform] [hivemq-platform-operator] [52a2fb00] 21:22:53.104 [ReconcilerExecutor-hivemq-controller-154] INFO  c.h.p.o.h.HiveMQPlatformReconcilerRollingRestartHandler - [helmroll] Rolling restart is done
2025-01-28 21:22:53,119 INFO c.h.h.t.HelmChartContainer - [EVENT] Normal [Ready] HiveMQ Platform is ready [helmrollingupgradeplatformit:test-hivemq-platform]
2025-01-28 21:22:53,121 INFO c.h.h.t.HelmChartContainer - [hivemq-test-hivemq-platform] [hivemq-platform-operator] [52a2fb00] 21:22:53.119 [ReconcilerExecutor-hivemq-controller-154] DEBUG c.h.p.operator.event.EventSender - [helmroll] Updating K8s event hivemq-platform-ready: [Ready] HiveMQ Platform is ready
2025-01-28 21:22:53,122 INFO c.h.h.t.HelmChartContainer - [hivemq-test-hivemq-platform] [hivemq-platform-operator] [52a2fb00] 21:22:53.119 [ReconcilerExecutor-hivemq-controller-154] INFO  c.h.p.o.h.AbstractHiveMQReconcilerStateHandler - [helmroll] Update HiveMQ Platform Status (ROLLING_RESTART [SCALE_DOWN_IN_PROGRESS] -> RUNNING [READY]): HiveMQ Platform is ready
2025-01-28 21:22:53,128 DEBUG com.hivemq.helmcharts.util.K8sUtil - Comparing actual state 'RUNNING' and waiting for 'RUNNING'
2025-01-28 21:22:53,136 INFO c.h.h.t.HelmChartContainer - [hivemq-test-hivemq-platform] [hivemq-platform-operator] [52a2fb00] 21:22:53.131 [pool-6-thread-4] DEBUG c.h.p.o.d.PlatformServiceResource - [helmroll] Desired Platform services (3 services)
2025-01-28 21:22:53,136 INFO c.h.h.t.HelmChartContainer - [hivemq-test-hivemq-platform] [hivemq-platform-operator] [52a2fb00] 21:22:53.133 [pool-6-thread-6] DEBUG c.h.p.o.d.PodServiceAccountResource - [helmroll] Desired PodServiceAccountResource (serviceAccountName: hivemq-platform-pod-test-hivemq-platform)
2025-01-28 21:22:53,137 INFO c.h.h.t.HelmChartContainer - [hivemq-test-hivemq-platform] [hivemq-platform-operator] [52a2fb00] 21:22:53.132 [pool-6-thread-5] DEBUG c.h.p.o.dependants.PodInfoConfigMap - [helmroll] Desired PodInfo ConfigMap (1 extensions) (1 enabled)
2025-01-28 21:22:53,137 INFO c.h.h.t.HelmChartContainer - [hivemq-test-hivemq-platform] [hivemq-platform-operator] [52a2fb00] 21:22:53.135 [pool-6-thread-5] DEBUG c.h.p.o.dependants.PodInfoConfigMap - [helmroll] Desired PodInfo ConfigMap (metrics port: 9399) (metrics path: /)
2025-01-28 21:22:53,137 INFO c.h.h.t.HelmChartContainer - [hivemq-test-hivemq-platform] [hivemq-platform-operator] [52a2fb00] 21:22:53.135 [pool-6-thread-5] DEBUG c.h.p.o.dependants.PodInfoConfigMap - [helmroll] Desired PodInfo ConfigMap (extension state hash: -1817474005)
2025-01-28 21:22:53,137 INFO c.h.h.t.HelmChartContainer - [hivemq-test-hivemq-platform] [hivemq-platform-operator] [52a2fb00] 21:22:53.136 [pool-6-thread-5] DEBUG c.h.p.o.dependants.PodInfoConfigMap - [helmroll] Update PodInfo ConfigMap
2025-01-28 21:22:53,143 INFO c.h.h.t.HelmChartContainer - Uninstalling release 'test-hivemq-platform' in namespace 'helmrollingupgradeplatformit'...
2025-01-28 21:22:53,143 DEBUG c.h.h.t.HelmChartContainer - Executing helm command: /bin/helm --kubeconfig /etc/rancher/k3s/k3s.yaml uninstall test-hivemq-platform  --wait --timeout 5m0s --cascade foreground --namespace helmrollingupgradeplatformit
2025-01-28 21:22:53,145 INFO c.h.h.t.HelmChartContainer - [hivemq-test-hivemq-platform] [hivemq-platform-operator] [52a2fb00] 21:22:53.144 [pool-6-thread-10] DEBUG c.h.p.o.d.StatefulSetResource - [helmroll] Desired StatefulSet (1 replicas) for status RUNNING (READY)
2025-01-28 21:22:53,149 INFO c.h.h.t.HelmChartContainer - [hivemq-test-hivemq-platform] [hivemq-platform-operator] [52a2fb00] 21:22:53.146 [ReconcilerExecutor-hivemq-controller-155] INFO  c.h.p.o.HiveMQPlatformReconciler - [helmroll] Reconciling HiveMQ Platform 'test-hivemq-platform' in namespace 'helmrollingupgradeplatformit'
2025-01-28 21:22:53,149 INFO c.h.h.t.HelmChartContainer - [hivemq-test-hivemq-platform] [hivemq-platform-operator] [52a2fb00] 21:22:53.146 [ReconcilerExecutor-hivemq-controller-155] DEBUG c.h.p.o.HiveMQPlatformReconciler - [helmroll] Custom Resource Status RUNNING - HiveMQ Platform is ready (READY)
2025-01-28 21:22:53,149 INFO c.h.h.t.HelmChartContainer - [hivemq-test-hivemq-platform] [hivemq-platform-operator] [52a2fb00] 21:22:53.146 [ReconcilerExecutor-hivemq-controller-155] DEBUG c.h.p.o.HiveMQPlatformReconciler - [helmroll] Custom Resource Spec (replicas: 1) (extensions: 1)
2025-01-28 21:22:53,149 INFO c.h.h.t.HelmChartContainer - [hivemq-test-hivemq-platform] [hivemq-platform-operator] [52a2fb00] 21:22:53.147 [ReconcilerExecutor-hivemq-controller-155] DEBUG c.h.p.o.HiveMQPlatformReconciler - [helmroll] StatefulSet Status (revision: test-hivemq-platform-945c6dcb4, replicas: 2, available: 1, ready: 1, current: 0, updated: 1)
2025-01-28 21:22:53,149 INFO c.h.h.t.HelmChartContainer - [hivemq-test-hivemq-platform] [hivemq-platform-operator] [52a2fb00] 21:22:53.147 [ReconcilerExecutor-hivemq-controller-155] DEBUG c.h.p.o.HiveMQPlatformReconciler - [helmroll] StatefulSet Spec (replicas: 1, init containers: 1, containers: 1, volumes: 3)
2025-01-28 21:22:53,150 INFO c.h.h.t.HelmChartContainer - [hivemq-test-hivemq-platform] [hivemq-platform-operator] [52a2fb00] 21:22:53.148 [ReconcilerExecutor-hivemq-controller-155] DEBUG c.h.p.o.h.HiveMQPlatformReconcilerErrorHandler - [helmroll] Pod 'test-hivemq-platform-0' phase Running
2025-01-28 21:22:53,185 INFO c.h.h.t.HelmChartContainer - [K3S] [reconciler_common.go:162] "operationExecutor.UnmountVolume started for volume \"broker-configuration\" (UniqueName: \"kubernetes.io/configmap/0fa80728-08f2-43bc-990f-19986f58f83c-broker-configuration\") pod \"0fa80728-08f2-43bc-990f-19986f58f83c\" (UID: \"0fa80728-08f2-43bc-990f-19986f58f83c\") "
2025-01-28 21:22:53,185 INFO c.h.h.t.HelmChartContainer - [K3S] [reconciler_common.go:162] "operationExecutor.UnmountVolume started for volume \"pod-info\" (UniqueName: \"kubernetes.io/configmap/0fa80728-08f2-43bc-990f-19986f58f83c-pod-info\") pod \"0fa80728-08f2-43bc-990f-19986f58f83c\" (UID: \"0fa80728-08f2-43bc-990f-19986f58f83c\") "
2025-01-28 21:22:53,186 INFO c.h.h.t.HelmChartContainer - [K3S] [reconciler_common.go:162] "operationExecutor.UnmountVolume started for volume \"kube-api-access-ptdn2\" (UniqueName: \"kubernetes.io/projected/0fa80728-08f2-43bc-990f-19986f58f83c-kube-api-access-ptdn2\") pod \"0fa80728-08f2-43bc-990f-19986f58f83c\" (UID: \"0fa80728-08f2-43bc-990f-19986f58f83c\") "
2025-01-28 21:22:53,186 INFO c.h.h.t.HelmChartContainer - [K3S] [reconciler_common.go:162] "operationExecutor.UnmountVolume started for volume \"operator-init\" (UniqueName: \"kubernetes.io/empty-dir/0fa80728-08f2-43bc-990f-19986f58f83c-operator-init\") pod \"0fa80728-08f2-43bc-990f-19986f58f83c\" (UID: \"0fa80728-08f2-43bc-990f-19986f58f83c\") "
2025-01-28 21:22:53,287 INFO c.h.h.t.HelmChartContainer - [K3S] [reconciler_common.go:299] "Volume detached for volume \"operator-init\" (UniqueName: \"kubernetes.io/empty-dir/0fa80728-08f2-43bc-990f-19986f58f83c-operator-init\") on node \"76827e36d767\" DevicePath \"\""
2025-01-28 21:22:53,287 INFO c.h.h.t.HelmChartContainer - [K3S] [reconciler_common.go:299] "Volume detached for volume \"broker-configuration\" (UniqueName: \"kubernetes.io/configmap/0fa80728-08f2-43bc-990f-19986f58f83c-broker-configuration\") on node \"76827e36d767\" DevicePath \"\""
2025-01-28 21:22:53,287 INFO c.h.h.t.HelmChartContainer - [K3S] [reconciler_common.go:299] "Volume detached for volume \"pod-info\" (UniqueName: \"kubernetes.io/configmap/0fa80728-08f2-43bc-990f-19986f58f83c-pod-info\") on node \"76827e36d767\" DevicePath \"\""
2025-01-28 21:22:53,287 INFO c.h.h.t.HelmChartContainer - [K3S] [reconciler_common.go:299] "Volume detached for volume \"kube-api-access-ptdn2\" (UniqueName: \"kubernetes.io/projected/0fa80728-08f2-43bc-990f-19986f58f83c-kube-api-access-ptdn2\") on node \"76827e36d767\" DevicePath \"\""
2025-01-28 21:22:53,352 INFO c.h.h.t.HelmChartContainer - [hivemq-test-hivemq-platform] [hivemq-platform-operator] [52a2fb00] 21:22:53.348 [pool-6-thread-15] DEBUG c.h.p.o.d.PlatformServiceResource - [helmroll] Desired Platform services (3 services)
2025-01-28 21:22:53,352 INFO c.h.h.t.HelmChartContainer - [hivemq-test-hivemq-platform] [hivemq-platform-operator] [52a2fb00] 21:22:53.349 [pool-6-thread-13] DEBUG c.h.p.o.dependants.PodInfoConfigMap - [helmroll] Desired PodInfo ConfigMap (1 extensions) (1 enabled)
2025-01-28 21:22:53,352 INFO c.h.h.t.HelmChartContainer - [hivemq-test-hivemq-platform] [hivemq-platform-operator] [52a2fb00] 21:22:53.349 [pool-6-thread-13] DEBUG c.h.p.o.dependants.PodInfoConfigMap - [helmroll] Desired PodInfo ConfigMap (metrics port: 9399) (metrics path: /)
2025-01-28 21:22:53,352 INFO c.h.h.t.HelmChartContainer - [hivemq-test-hivemq-platform] [hivemq-platform-operator] [52a2fb00] 21:22:53.349 [pool-6-thread-13] DEBUG c.h.p.o.dependants.PodInfoConfigMap - [helmroll] Desired PodInfo ConfigMap (extension state hash: -1817474005)
2025-01-28 21:22:53,352 INFO c.h.h.t.HelmChartContainer - [hivemq-test-hivemq-platform] [hivemq-platform-operator] [52a2fb00] 21:22:53.350 [pool-6-thread-16] DEBUG c.h.p.o.d.PodServiceAccountResource - [helmroll] Desired PodServiceAccountResource (serviceAccountName: hivemq-platform-pod-test-hivemq-platform)
2025-01-28 21:22:53,354 INFO c.h.h.t.HelmChartContainer - [hivemq-test-hivemq-platform] [hivemq-platform-operator] [52a2fb00] 21:22:53.352 [pool-6-thread-12] DEBUG c.h.p.o.d.StatefulSetResource - [helmroll] Desired StatefulSet (1 replicas) for status RUNNING (READY)
2025-01-28 21:22:53,370 INFO c.h.h.t.HelmChartContainer - [hivemq-test-hivemq-platform] [hivemq-platform-operator] [52a2fb00] 21:22:53.358 [ReconcilerExecutor-hivemq-controller-156] INFO  c.h.p.o.HiveMQPlatformReconciler - [helmroll] Reconciling HiveMQ Platform 'test-hivemq-platform' in namespace 'helmrollingupgradeplatformit'
2025-01-28 21:22:53,371 INFO c.h.h.t.HelmChartContainer - [hivemq-test-hivemq-platform] [hivemq-platform-operator] [52a2fb00] 21:22:53.358 [ReconcilerExecutor-hivemq-controller-156] DEBUG c.h.p.o.HiveMQPlatformReconciler - [helmroll] Custom Resource Status RUNNING - HiveMQ Platform is ready (READY)
2025-01-28 21:22:53,371 INFO c.h.h.t.HelmChartContainer - [hivemq-test-hivemq-platform] [hivemq-platform-operator] [52a2fb00] 21:22:53.359 [ReconcilerExecutor-hivemq-controller-156] DEBUG c.h.p.o.HiveMQPlatformReconciler - [helmroll] Custom Resource Spec (replicas: 1) (extensions: 1)
2025-01-28 21:22:53,371 INFO c.h.h.t.HelmChartContainer - [hivemq-test-hivemq-platform] [hivemq-platform-operator] [52a2fb00] 21:22:53.362 [ReconcilerExecutor-hivemq-controller-156] DEBUG c.h.p.o.HiveMQPlatformReconciler - [helmroll] StatefulSet Status (revision: test-hivemq-platform-945c6dcb4, replicas: 2, available: 1, ready: 1, current: 0, updated: 1)
2025-01-28 21:22:53,371 INFO c.h.h.t.HelmChartContainer - [hivemq-test-hivemq-platform] [hivemq-platform-operator] [52a2fb00] 21:22:53.362 [ReconcilerExecutor-hivemq-controller-156] DEBUG c.h.p.o.HiveMQPlatformReconciler - [helmroll] StatefulSet Spec (replicas: 1, init containers: 1, containers: 1, volumes: 3)
2025-01-28 21:22:53,371 INFO c.h.h.t.HelmChartContainer - [hivemq-test-hivemq-platform] [hivemq-platform-operator] [52a2fb00] 21:22:53.363 [ReconcilerExecutor-hivemq-controller-156] DEBUG c.h.p.o.h.HiveMQPlatformReconcilerErrorHandler - [helmroll] Pod 'test-hivemq-platform-0' phase Running
2025-01-28 21:22:53,415 INFO c.h.h.t.HelmChartContainer - [hivemq-test-hivemq-platform] [hivemq-platform-operator] [52a2fb00] 21:22:53.413 [ReconcilerExecutor-hivemq-controller-161] INFO  c.h.p.o.HiveMQPlatformReconciler - [helmroll] Cleanup test-hivemq-platform - helmrollingupgradeplatformit HiveMQ Platform is shut down
2025-01-28 21:22:53,454 INFO c.h.h.t.HelmChartContainer - [test-hivemq-platform] [hivemq] [205cd227] INFO  - [HiveMQ Platform Operator Init App 1.7.0-SNAPSHOT] Returning Health API response 200 for liveness
2025-01-28 21:22:53,878 INFO c.h.h.t.HelmChartContainer - [K3S] [scope.go:117] "RemoveContainer" containerID="52cf8c4d196d49ab2fd336c3388b8c0a2b4789e8d160d23206ac74ec5e5f5f02"
2025-01-28 21:22:53,893 INFO c.h.h.t.HelmChartContainer - [POD] test-hivemq-platform-1 [0fa80728-08f2-43bc-990f-19986f58f83c] in helmrollingupgradeplatformit was MODIFIED
2025-01-28 21:22:53,895 INFO c.h.h.t.HelmChartContainer - [POD] test-hivemq-platform-1 [0fa80728-08f2-43bc-990f-19986f58f83c] in helmrollingupgradeplatformit was DELETED
2025-01-28 21:22:53,981 INFO c.h.h.t.HelmChartContainer - [K3S] [scope.go:117] "RemoveContainer" containerID="f9d5f48b601d5617842af2a4fbd4295f1fb9a2a2c6d3cb1efb80b2deede10a53"
2025-01-28 21:22:53,984 INFO c.h.h.t.HelmChartContainer - [K3S] [scope.go:117] "RemoveContainer" containerID="52cf8c4d196d49ab2fd336c3388b8c0a2b4789e8d160d23206ac74ec5e5f5f02"
2025-01-28 21:22:53,984 INFO c.h.h.t.HelmChartContainer - [K3S] [scope.go:117] "RemoveContainer" containerID="f9d5f48b601d5617842af2a4fbd4295f1fb9a2a2c6d3cb1efb80b2deede10a53"
2025-01-28 21:22:54,154 INFO c.h.h.t.HelmChartContainer - [K3S] [kubelet_volumes.go:163] "Cleaned up orphaned pod volumes dir" podUID="0fa80728-08f2-43bc-990f-19986f58f83c" path="/var/lib/kubelet/pods/0fa80728-08f2-43bc-990f-19986f58f83c/volumes"
2025-01-28 21:22:54,187 INFO c.h.h.t.HelmChartContainer - [EVENT] Normal [Killing] Stopping container hivemq [helmrollingupgradeplatformit:test-hivemq-platform-0]
2025-01-28 21:22:54,187 INFO c.h.h.t.HelmChartContainer - Received Killing event for container hivemq in pod test-hivemq-platform-0 [205cd227-72e3-4452-89fb-146773332d05]
2025-01-28 21:22:54,187 INFO c.h.h.t.HelmChartContainer - Container [test-hivemq-platform-0] [hivemq] [205cd227-72e3-4452-89fb-146773332d05] was terminated
2025-01-28 21:22:54,187 INFO c.h.h.t.HelmChartContainer - Stopped log watcher for hivemq in pod test-hivemq-platform-0 [205cd227-72e3-4452-89fb-146773332d05]
2025-01-28 21:22:54,188 INFO c.h.h.t.HelmChartContainer - [POD] test-hivemq-platform-0 [205cd227-72e3-4452-89fb-146773332d05] in helmrollingupgradeplatformit was MODIFIED
2025-01-28 21:22:54,193 INFO c.h.h.t.HelmChartContainer - [test-hivemq-platform] [hivemq] [205cd227] INFO  - [HiveMQ Platform Operator Init App 1.7.0-SNAPSHOT] Shutting down
2025-01-28 21:22:54,193 INFO c.h.h.t.HelmChartContainer - [test-hivemq-platform] [hivemq] [205cd227] INFO  - [HiveMQ Platform Operator Init App 1.7.0-SNAPSHOT] Stopping the HiveMQ Platform
2025-01-28 21:22:54,310 INFO c.h.h.t.HelmChartContainer - [test-hivemq-platform] [hivemq] [205cd227] INFO  - Shutting down HiveMQ. Please wait, this could take a while...
2025-01-28 21:22:54,313 INFO c.h.h.t.HelmChartContainer - [test-hivemq-platform] [hivemq] [205cd227] INFO  - Shutting down listeners and clients
2025-01-28 21:22:54,314 INFO c.h.h.t.HelmChartContainer - [test-hivemq-platform] [hivemq] [205cd227] INFO  - Shutdown of listeners is done
2025-01-28 21:22:54,315 INFO c.h.h.t.HelmChartContainer - [test-hivemq-platform] [hivemq] [205cd227] INFO  - No clients are connected, proceeding with shutdown
2025-01-28 21:22:55,459 INFO c.h.h.t.HelmChartContainer - Deleting namespace 'helmrollingupgradeplatformit'...
2025-01-28 21:22:56,963 INFO c.h.h.t.HelmChartContainer - [test-hivemq-platform] [hivemq] [205cd227] INFO  - Shutting down extension system
2025-01-28 21:22:56,965 INFO c.h.h.t.HelmChartContainer - [test-hivemq-platform] [hivemq] [205cd227] INFO  - Stopping extension with id hivemq-dns-cluster-discovery
2025-01-28 21:22:56,966 INFO c.h.h.t.HelmChartContainer - [test-hivemq-platform] [hivemq] [205cd227] INFO  - Extension "DNS Cluster Discovery Extension" version 4.3.2 stopped successfully.
2025-01-28 21:22:56,967 INFO c.h.h.t.HelmChartContainer - [test-hivemq-platform] [hivemq] [205cd227] INFO  - Stopping extension with id hivemq-prometheus-extension
2025-01-28 21:22:56,971 INFO c.h.h.t.HelmChartContainer - [test-hivemq-platform] [hivemq] [205cd227] INFO  - Extension "Prometheus Monitoring Extension" version 4.0.12 stopped successfully.
2025-01-28 21:22:56,971 INFO c.h.h.t.HelmChartContainer - [test-hivemq-platform] [hivemq] [205cd227] INFO  - Stopping extension with id hivemq-allow-all-extension
2025-01-28 21:22:56,972 INFO c.h.h.t.HelmChartContainer - [test-hivemq-platform] [hivemq] [205cd227] INFO  - Extension "Allow All Extension" version 1.1.1 stopped successfully.
2025-01-28 21:22:57,274 INFO c.h.h.t.HelmChartContainer - [test-hivemq-platform] [hivemq] [205cd227] INFO  - [HiveMQ Platform Operator Init App 1.7.0-SNAPSHOT] Returning shutdown Health API response 503 for readiness
2025-01-28 21:22:57,278 INFO c.h.h.t.HelmChartContainer - [EVENT] Warning [Unhealthy] Readiness probe failed: HTTP probe failed with statuscode: 503 [helmrollingupgradeplatformit:test-hivemq-platform-0]
2025-01-28 21:22:57,278 INFO c.h.h.t.HelmChartContainer - Received Unhealthy event for container hivemq in pod test-hivemq-platform-0 [205cd227-72e3-4452-89fb-146773332d05]
2025-01-28 21:22:57,784 INFO c.h.h.t.HelmChartContainer - [K3S] [authentication.go:74] "Unable to authenticate the request" err="[invalid bearer token, serviceaccounts \"hivemq-platform-pod-test-hivemq-platform\" not found]"
2025-01-28 21:22:57,800 INFO c.h.h.t.HelmChartContainer - [K3S] [authentication.go:74] "Unable to authenticate the request" err="[invalid bearer token, serviceaccounts \"hivemq-platform-pod-test-hivemq-platform\" not found]"
2025-01-28 21:22:57,863 INFO c.h.h.t.HelmChartContainer - [test-hivemq-platform] [hivemq] [205cd227] WARN  - [HiveMQ Platform Operator Init App 1.7.0-SNAPSHOT] Could not update Pod annotations: Failure executing: GET at: https://10.43.0.1:443/api/v1/namespaces/helmrollingupgradeplatformit/pods/test-hivemq-platform-0. Message: Unauthorized. Received status: Status(apiVersion=v1, code=401, details=null, kind=Status, message=Unauthorized, metadata=ListMeta(_continue=null, remainingItemCount=null, resourceVersion=null, selfLink=null, additionalProperties={}), reason=Unauthorized, status=Failure, additionalProperties={}).
2025-01-28 21:22:59,294 INFO c.h.h.t.HelmChartContainer - [test-hivemq-platform] [hivemq] [205cd227] INFO  - Shutdown completed.
2025-01-28 21:22:59,643 INFO c.h.h.t.HelmChartContainer - [test-hivemq-platform] [hivemq] [205cd227] INFO  - [HiveMQ Platform Operator Init App 1.7.0-SNAPSHOT] The HiveMQ Platform exited with code 143
2025-01-28 21:22:59,644 INFO c.h.h.t.HelmChartContainer - [test-hivemq-platform] [hivemq] [205cd227] INFO  - [HiveMQ Platform Operator Init App 1.7.0-SNAPSHOT] Stopping the REST API
2025-01-28 21:22:59,650 INFO c.h.h.t.HelmChartContainer - [test-hivemq-platform] [hivemq] [205cd227] INFO  - [HiveMQ Platform Operator Init App 1.7.0-SNAPSHOT] Shutdown complete
2025-01-28 21:23:00,099 INFO c.h.h.t.HelmChartContainer - [K3S] [stateful_set.go:438] "Unhandled Error" err="error syncing StatefulSet helmrollingupgradeplatformit/test-hivemq-platform, requeuing: controllerrevisions.apps \"test-hivemq-platform-945c6dcb4\" is forbidden: unable to create new content in namespace helmrollingupgradeplatformit because it is being terminated"
2025-01-28 21:23:00,099 INFO c.h.h.t.HelmChartContainer - [POD] test-hivemq-platform-0 [205cd227-72e3-4452-89fb-146773332d05] in helmrollingupgradeplatformit was MODIFIED
2025-01-28 21:23:00,106 INFO c.h.h.t.HelmChartContainer - [K3S] [stateful_set.go:438] "Unhandled Error" err="error syncing StatefulSet helmrollingupgradeplatformit/test-hivemq-platform, requeuing: controllerrevisions.apps \"test-hivemq-platform-945c6dcb4\" is forbidden: unable to create new content in namespace helmrollingupgradeplatformit because it is being terminated"
2025-01-28 21:23:00,120 INFO c.h.h.t.HelmChartContainer - [K3S] [stateful_set.go:438] "Unhandled Error" err="error syncing StatefulSet helmrollingupgradeplatformit/test-hivemq-platform, requeuing: controllerrevisions.apps \"test-hivemq-platform-945c6dcb4\" is forbidden: unable to create new content in namespace helmrollingupgradeplatformit because it is being terminated"
2025-01-28 21:23:00,142 INFO c.h.h.t.HelmChartContainer - [K3S] [stateful_set.go:438] "Unhandled Error" err="error syncing StatefulSet helmrollingupgradeplatformit/test-hivemq-platform, requeuing: controllerrevisions.apps \"test-hivemq-platform-945c6dcb4\" is forbidden: unable to create new content in namespace helmrollingupgradeplatformit because it is being terminated"
2025-01-28 21:23:00,187 INFO c.h.h.t.HelmChartContainer - [K3S] [stateful_set.go:438] "Unhandled Error" err="error syncing StatefulSet helmrollingupgradeplatformit/test-hivemq-platform, requeuing: controllerrevisions.apps \"test-hivemq-platform-945c6dcb4\" is forbidden: unable to create new content in namespace helmrollingupgradeplatformit because it is being terminated"
2025-01-28 21:23:00,253 INFO c.h.h.t.HelmChartContainer - [K3S] [reconciler_common.go:162] "operationExecutor.UnmountVolume started for volume \"pod-info\" (UniqueName: \"kubernetes.io/configmap/205cd227-72e3-4452-89fb-146773332d05-pod-info\") pod \"205cd227-72e3-4452-89fb-146773332d05\" (UID: \"205cd227-72e3-4452-89fb-146773332d05\") "
2025-01-28 21:23:00,253 INFO c.h.h.t.HelmChartContainer - [K3S] [reconciler_common.go:162] "operationExecutor.UnmountVolume started for volume \"broker-configuration\" (UniqueName: \"kubernetes.io/configmap/205cd227-72e3-4452-89fb-146773332d05-broker-configuration\") pod \"205cd227-72e3-4452-89fb-146773332d05\" (UID: \"205cd227-72e3-4452-89fb-146773332d05\") "
2025-01-28 21:23:00,253 INFO c.h.h.t.HelmChartContainer - [K3S] [reconciler_common.go:162] "operationExecutor.UnmountVolume started for volume \"kube-api-access-5x4zn\" (UniqueName: \"kubernetes.io/projected/205cd227-72e3-4452-89fb-146773332d05-kube-api-access-5x4zn\") pod \"205cd227-72e3-4452-89fb-146773332d05\" (UID: \"205cd227-72e3-4452-89fb-146773332d05\") "
2025-01-28 21:23:00,253 INFO c.h.h.t.HelmChartContainer - [K3S] [reconciler_common.go:162] "operationExecutor.UnmountVolume started for volume \"operator-init\" (UniqueName: \"kubernetes.io/empty-dir/205cd227-72e3-4452-89fb-146773332d05-operator-init\") pod \"205cd227-72e3-4452-89fb-146773332d05\" (UID: \"205cd227-72e3-4452-89fb-146773332d05\") "
2025-01-28 21:23:00,270 INFO c.h.h.t.HelmChartContainer - [K3S] [stateful_set.go:438] "Unhandled Error" err="error syncing StatefulSet helmrollingupgradeplatformit/test-hivemq-platform, requeuing: controllerrevisions.apps \"test-hivemq-platform-945c6dcb4\" is forbidden: unable to create new content in namespace helmrollingupgradeplatformit because it is being terminated"
2025-01-28 21:23:00,354 INFO c.h.h.t.HelmChartContainer - [K3S] [reconciler_common.go:299] "Volume detached for volume \"pod-info\" (UniqueName: \"kubernetes.io/configmap/205cd227-72e3-4452-89fb-146773332d05-pod-info\") on node \"76827e36d767\" DevicePath \"\""
2025-01-28 21:23:00,354 INFO c.h.h.t.HelmChartContainer - [K3S] [reconciler_common.go:299] "Volume detached for volume \"broker-configuration\" (UniqueName: \"kubernetes.io/configmap/205cd227-72e3-4452-89fb-146773332d05-broker-configuration\") on node \"76827e36d767\" DevicePath \"\""
2025-01-28 21:23:00,354 INFO c.h.h.t.HelmChartContainer - [K3S] [reconciler_common.go:299] "Volume detached for volume \"kube-api-access-5x4zn\" (UniqueName: \"kubernetes.io/projected/205cd227-72e3-4452-89fb-146773332d05-kube-api-access-5x4zn\") on node \"76827e36d767\" DevicePath \"\""
2025-01-28 21:23:00,354 INFO c.h.h.t.HelmChartContainer - [K3S] [reconciler_common.go:299] "Volume detached for volume \"operator-init\" (UniqueName: \"kubernetes.io/empty-dir/205cd227-72e3-4452-89fb-146773332d05-operator-init\") on node \"76827e36d767\" DevicePath \"\""
2025-01-28 21:23:00,434 INFO c.h.h.t.HelmChartContainer - [K3S] [stateful_set.go:438] "Unhandled Error" err="error syncing StatefulSet helmrollingupgradeplatformit/test-hivemq-platform, requeuing: controllerrevisions.apps \"test-hivemq-platform-945c6dcb4\" is forbidden: unable to create new content in namespace helmrollingupgradeplatformit because it is being terminated"
2025-01-28 21:23:00,657 INFO c.h.h.t.HelmChartContainer - [K3S] [stateful_set.go:466] "StatefulSet has been deleted" key="helmrollingupgradeplatformit/test-hivemq-platform"
2025-01-28 21:23:00,708 INFO c.h.h.t.HelmChartContainer - [K3S] [namespace_controller.go:164] "Unhandled Error" err="deletion of namespace helmrollingupgradeplatformit failed: unexpected items still remain in namespace: helmrollingupgradeplatformit for gvr: /v1, Resource=pods"
2025-01-28 21:23:00,755 INFO c.h.h.t.HelmChartContainer - [K3S] [stateful_set.go:466] "StatefulSet has been deleted" key="helmrollingupgradeplatformit/test-hivemq-platform"
2025-01-28 21:23:00,889 INFO c.h.h.t.HelmChartContainer - [K3S] [scope.go:117] "RemoveContainer" containerID="5a3b444c31a29e7c13b5a68a5830fa7b5ce4295125fda34de9f95c350472ed15"
2025-01-28 21:23:00,906 INFO c.h.h.t.HelmChartContainer - [POD] test-hivemq-platform-0 [205cd227-72e3-4452-89fb-146773332d05] in helmrollingupgradeplatformit was MODIFIED
2025-01-28 21:23:00,907 INFO c.h.h.t.HelmChartContainer - [POD] test-hivemq-platform-0 [205cd227-72e3-4452-89fb-146773332d05] in helmrollingupgradeplatformit was DELETED
2025-01-28 21:23:00,997 INFO c.h.h.t.HelmChartContainer - [K3S] [scope.go:117] "RemoveContainer" containerID="ed2574747f58f752d65545bcfd08e6251f541e9e7f965836d2aeb82393617e73"
2025-01-28 21:23:01,000 INFO c.h.h.t.HelmChartContainer - [K3S] [scope.go:117] "RemoveContainer" containerID="5a3b444c31a29e7c13b5a68a5830fa7b5ce4295125fda34de9f95c350472ed15"
2025-01-28 21:23:01,000 INFO c.h.h.t.HelmChartContainer - [K3S] [scope.go:117] "RemoveContainer" containerID="ed2574747f58f752d65545bcfd08e6251f541e9e7f965836d2aeb82393617e73"
2025-01-28 21:23:01,006 INFO c.h.h.t.HelmChartContainer - [K3S] [namespace_controller.go:164] "Unhandled Error" err="deletion of namespace helmrollingupgradeplatformit failed: unexpected items still remain in namespace: helmrollingupgradeplatformit for gvr: /v1, Resource=pods"
2025-01-28 21:23:01,195 INFO c.h.h.t.HelmChartContainer - Namespace 'helmrollingupgradeplatformit' deleted
2025-01-28 21:23:01,195 INFO c.h.h.t.HelmChartContainer - Release 'test-hivemq-platform' in namespace 'helmrollingupgradeplatformit' is uninstalled
2025-01-28 21:23:01,195 INFO c.h.h.t.HelmChartContainer - Uninstalling release 'test-hivemq-platform-operator' in namespace 'helmrollingupgradeplatformit-operator'...
2025-01-28 21:23:01,195 DEBUG c.h.h.t.HelmChartContainer - Executing helm command: /bin/helm --kubeconfig /etc/rancher/k3s/k3s.yaml uninstall test-hivemq-platform-operator  --wait --timeout 5m0s --cascade foreground --namespace helmrollingupgradeplatformit-operator
2025-01-28 21:23:01,352 INFO c.h.h.t.HelmChartContainer - [K3S] [replica_set.go:679] "Finished syncing" kind="ReplicaSet" key="helmrollingupgradeplatformit-operator/hivemq-test-hivemq-platform-operator-6966f96d65" duration="7.097474ms"
2025-01-28 21:23:01,356 INFO c.h.h.t.HelmChartContainer - [K3S] [replica_set.go:679] "Finished syncing" kind="ReplicaSet" key="helmrollingupgradeplatformit-operator/hivemq-test-hivemq-platform-operator-6966f96d65" duration="30.678µs"
2025-01-28 21:23:01,377 INFO c.h.h.t.HelmChartContainer - [POD] hivemq-test-hivemq-platform-operator-6966f96d65-ft2qm [52a2fb00-aeab-4606-a268-63b8b417c1af] in helmrollingupgradeplatformit-operator was MODIFIED
2025-01-28 21:23:01,390 INFO c.h.h.t.HelmChartContainer - [hivemq-test-hivemq-platform] [hivemq-platform-operator] [52a2fb00] 21:23:01.388 [application-shutdown-thread] INFO  c.h.p.o.HiveMQPlatformOperatorApplication - HiveMQ Platform Operator is stopping...
2025-01-28 21:23:01,390 INFO c.h.h.t.HelmChartContainer - [hivemq-test-hivemq-platform] [hivemq-platform-operator] [52a2fb00] 21:23:01.388 [application-shutdown-thread] INFO  i.javaoperatorsdk.operator.Operator - Operator SDK 4.9.7 is shutting down...
2025-01-28 21:23:01,393 INFO c.h.h.t.HelmChartContainer - [K3S] [replica_set.go:679] "Finished syncing" kind="ReplicaSet" key="helmrollingupgradeplatformit-operator/hivemq-test-hivemq-platform-operator-6966f96d65" duration="17.125491ms"
2025-01-28 21:23:01,394 INFO c.h.h.t.HelmChartContainer - [K3S] [replica_set.go:679] "Finished syncing" kind="ReplicaSet" key="helmrollingupgradeplatformit-operator/hivemq-test-hivemq-platform-operator-6966f96d65" duration="42.68µs"
2025-01-28 21:23:01,400 INFO c.h.h.t.HelmChartContainer - [EVENT] Normal [Killing] Stopping container hivemq-platform-operator [helmrollingupgradeplatformit-operator:hivemq-test-hivemq-platform-operator-6966f96d65-ft2qm]
2025-01-28 21:23:01,400 INFO c.h.h.t.HelmChartContainer - Received Killing event for container hivemq-platform-operator in pod hivemq-test-hivemq-platform-operator-6966f96d65-ft2qm [52a2fb00-aeab-4606-a268-63b8b417c1af]
2025-01-28 21:23:01,400 INFO c.h.h.t.HelmChartContainer - Container [hivemq-test-hivemq-platform-operator-6966f96d65-ft2qm] [hivemq-platform-operator] [52a2fb00-aeab-4606-a268-63b8b417c1af] was terminated
2025-01-28 21:23:01,400 INFO c.h.h.t.HelmChartContainer - Stopped log watcher for hivemq-platform-operator in pod hivemq-test-hivemq-platform-operator-6966f96d65-ft2qm [52a2fb00-aeab-4606-a268-63b8b417c1af]
2025-01-28 21:23:01,567 INFO c.h.h.t.HelmChartContainer - [EVENT] Warning [Unhealthy] Readiness probe failed: Get "http://10.42.0.13:8080/health/readiness": dial tcp 10.42.0.13:8080: connect: connection refused [helmrollingupgradeplatformit-operator:hivemq-test-hivemq-platform-operator-6966f96d65-ft2qm]
2025-01-28 21:23:01,567 INFO c.h.h.t.HelmChartContainer - Received Unhealthy event for container hivemq-platform-operator in pod hivemq-test-hivemq-platform-operator-6966f96d65-ft2qm [52a2fb00-aeab-4606-a268-63b8b417c1af]
2025-01-28 21:23:01,861 INFO c.h.h.t.HelmChartContainer - [K3S] [replica_set.go:679] "Finished syncing" kind="ReplicaSet" key="helmrollingupgradeplatformit-operator/hivemq-test-hivemq-platform-operator-6966f96d65" duration="61.014µs"
2025-01-28 21:23:01,862 INFO c.h.h.t.HelmChartContainer - [POD] hivemq-test-hivemq-platform-operator-6966f96d65-ft2qm [52a2fb00-aeab-4606-a268-63b8b417c1af] in helmrollingupgradeplatformit-operator was MODIFIED
2025-01-28 21:23:01,890 INFO c.h.h.t.HelmChartContainer - [K3S] [scope.go:117] "RemoveContainer" containerID="8ec68320e14ba6522827972e6a12039d51fe1cc12963bd02dccb9f527db55423"
2025-01-28 21:23:01,895 INFO c.h.h.t.HelmChartContainer - [K3S] [scope.go:117] "RemoveContainer" containerID="8ec68320e14ba6522827972e6a12039d51fe1cc12963bd02dccb9f527db55423"
2025-01-28 21:23:01,962 INFO c.h.h.t.HelmChartContainer - [K3S] [reconciler_common.go:162] "operationExecutor.UnmountVolume started for volume \"kube-api-access-lcmv5\" (UniqueName: \"kubernetes.io/projected/52a2fb00-aeab-4606-a268-63b8b417c1af-kube-api-access-lcmv5\") pod \"52a2fb00-aeab-4606-a268-63b8b417c1af\" (UID: \"52a2fb00-aeab-4606-a268-63b8b417c1af\") "
2025-01-28 21:23:02,063 INFO c.h.h.t.HelmChartContainer - [K3S] [reconciler_common.go:299] "Volume detached for volume \"kube-api-access-lcmv5\" (UniqueName: \"kubernetes.io/projected/52a2fb00-aeab-4606-a268-63b8b417c1af-kube-api-access-lcmv5\") on node \"76827e36d767\" DevicePath \"\""
2025-01-28 21:23:02,153 INFO c.h.h.t.HelmChartContainer - [K3S] [kubelet_volumes.go:163] "Cleaned up orphaned pod volumes dir" podUID="205cd227-72e3-4452-89fb-146773332d05" path="/var/lib/kubelet/pods/205cd227-72e3-4452-89fb-146773332d05/volumes"
2025-01-28 21:23:02,198 INFO c.h.h.t.HelmChartContainer - [K3S] [replica_set.go:679] "Finished syncing" kind="ReplicaSet" key="helmrollingupgradeplatformit-operator/hivemq-test-hivemq-platform-operator-6966f96d65" duration="50.174µs"
2025-01-28 21:23:02,199 INFO c.h.h.t.HelmChartContainer - [POD] hivemq-test-hivemq-platform-operator-6966f96d65-ft2qm [52a2fb00-aeab-4606-a268-63b8b417c1af] in helmrollingupgradeplatformit-operator was MODIFIED
2025-01-28 21:23:02,201 INFO c.h.h.t.HelmChartContainer - [POD] hivemq-test-hivemq-platform-operator-6966f96d65-ft2qm [52a2fb00-aeab-4606-a268-63b8b417c1af] in helmrollingupgradeplatformit-operator was DELETED
2025-01-28 21:23:02,201 INFO c.h.h.t.HelmChartContainer - [K3S] [replica_set.go:679] "Finished syncing" kind="ReplicaSet" key="helmrollingupgradeplatformit-operator/hivemq-test-hivemq-platform-operator-6966f96d65" duration="25.368µs"
2025-01-28 21:23:02,210 INFO c.h.h.t.HelmChartContainer - [K3S] [replica_set.go:679] "Finished syncing" kind="ReplicaSet" key="helmrollingupgradeplatformit-operator/hivemq-test-hivemq-platform-operator-6966f96d65" duration="4.789µs"
2025-01-28 21:23:03,423 INFO c.h.h.t.HelmChartContainer - Deleting namespace 'helmrollingupgradeplatformit-operator'...
2025-01-28 21:23:04,153 INFO c.h.h.t.HelmChartContainer - [K3S] [kubelet_volumes.go:163] "Cleaned up orphaned pod volumes dir" podUID="52a2fb00-aeab-4606-a268-63b8b417c1af" path="/var/lib/kubelet/pods/52a2fb00-aeab-4606-a268-63b8b417c1af/volumes"
2025-01-28 21:23:06,140 INFO c.h.h.t.HelmChartContainer - [K3S] [namespace_controller.go:187] "Namespace has been deleted" namespace="helmrollingupgradeplatformit"
2025-01-28 21:23:08,640 INFO c.h.h.t.HelmChartContainer - Namespace 'helmrollingupgradeplatformit-operator' deleted
2025-01-28 21:23:08,640 INFO c.h.h.t.HelmChartContainer - Release 'test-hivemq-platform-operator' in namespace 'helmrollingupgradeplatformit-operator' is uninstalled
2025-01-28 21:23:09,444 INFO c.h.helmcharts.AbstractHelmChartIT - Removed unused containers:

2025-01-28 21:23:13,580 INFO c.h.h.t.HelmChartContainer - [K3S] [namespace_controller.go:187] "Namespace has been deleted" namespace="helmrollingupgradeplatformit-operator"
2025-01-28 21:23:18,602 INFO c.h.helmcharts.AbstractHelmChartIT - Removed unused snapshots:
Removing snapshot sha256:026a712f86a389a5fd74927b58e3b9c46d97b4685244a93cf8afd5dd2d926256
Removing snapshot sha256:03af251906410714c5aef9fa705b63f6bbc39c4a5e787de7361eeb18886c2ed2
Removing snapshot sha256:04586d725303b4dcbc0cdc42a56e7852bc8859e90a3b42def5c29ab6c5b2378a
Removing snapshot sha256:0c46b3b43cce082ce5ec34ffc6c294e0417d17b9d1e6f366d114b6aadc4f96dc
Removing snapshot sha256:0ce761beee59082d6ed5bcebd3a805b8ddd9b3426b617e4809e7fb7c6587ffec
Removing snapshot sha256:0df91287303208332c8ff6ba40ae4710105201739addbfbddfb955f1ad593664
Removing snapshot sha256:1021ef88c7974bfff89c5a0ec4fd3160daac6c48a075f74cff721f85dd104e68
Removing snapshot sha256:10aba4953ddc18145dd38e3704709bc464aa20af60b56fe52caaff4b68411e62
Removing snapshot sha256:12fcdb97878a8124028dd759e7639b77bca16c0f46aabea18189ae25af2554ab
Removing snapshot sha256:17206d6778568cc9ca4660e72dd2da53aae6ddfb6f4ba7c9bdbda673a9039e0b
Removing snapshot sha256:2573e0d8158209ed54ab25c87bcdcb00bd3d2539246960a3d592a1c599d70465
Removing snapshot sha256:362a8a37f8bbc31925a8146adcf7cf51f9882f5c1dcbef67c5baa03a297543c0
Removing snapshot sha256:3fa4ad33f0ddc8fd45b39b6b4640f82a3a83619606cd975bfe89d8710ad2d4cd
Removing snapshot sha256:43a7c979bbaba6838bc3102d6b10a1459f3ab050b87ccdfef84ef90cf43d3058
Removing snapshot sha256:4ab04491cdf0d3267f08206fe30bd48f49f94b9cab2f016d6739220f722a64af
Removing snapshot sha256:4b6068250e89c96f263060261819c7d912855bfbd64b3eb4c4a8483299b8c295
Removing snapshot sha256:54760460dde328a0df5fb97426e3821ea3128f2a777231b6e8478cdaf84d50a9
Removing snapshot sha256:580e69a0a8034ede1921139bbd2bfb72a69ebf276d008281896c32dd8bf74775
Removing snapshot sha256:5ad32423e4b556ca23e4a282f00b6c28ba2ec8ad2b7822350a080868a3597d3e
Removing snapshot sha256:5d30ba46b27fe37484567ccc5242cadc78217b8da605f3f195ef25cbf7487904
Removing snapshot sha256:63ca1fbb43ae5034640e5e6cb3e083e05c290072c5366fcaa9d62435a4cced85
Removing snapshot sha256:67f702c6baae873bceb19487c8b1f27bd2b86077e4f2f0e480e6d60ab508b8f5
Removing snapshot sha256:6864348dd42806d552efdec384f1274be15e2d0c10ce44c1f04347af004c10a9
Removing snapshot sha256:6b6a1f10cca10ea08499c191fc025406a23858de44f58930b06dc6608ff034e5
Removing snapshot sha256:6c7dee8f2c39b84b7dc2711c01d33de93514d9055499173e9290176fbe484b6c
Removing snapshot sha256:82753493a6d61ded36556292f02f31841a14c20d2f279f19eaad65afb661d5cd
Removing snapshot sha256:8a10d3db42c505ee0fcfa98417bdd7e39b304f6bcc0a06bb1b220797ff2cc63c
Removing snapshot sha256:a21e5b12dbac529ad45d976eb9ce45c881f3bedcc500fb30aba1e52aa1813418
Removing snapshot sha256:b899f55f5f95bdbfd51731a591b66678832f382dee578813dce3a00cdbb7383e
Removing snapshot sha256:b921e6c28969094157f9b8e7244677780319637afd14450b7cb6b2fdea558a0c
Removing snapshot sha256:bc27ecb5769a00e309cf99ebc763c4a4b958b618d1decc96ffac5bc05f02f5b7
Removing snapshot sha256:be3ccb6627a5332e309d45ef461d09b4879dd870c7394d89323d0ebc6ca6aa8a
Removing snapshot sha256:c261f7cbbc64211ee175ee47273acdb7b1a36a4450b397a064a8f2c026490095
Removing snapshot sha256:c34d9393647eea0c9e3557ab988efaf59f61d10a2a5613b439ef0958cca5ec10
Removing snapshot sha256:ccf3c4a0fa967a41c1c83497a2ce6fa5787965859df0adb32c4ca2cf7490bc2b
Removing snapshot sha256:cf92d33f869417309692088c341cd0f223c178ea78a125f757317b22aa8f90e9
Removing snapshot sha256:d0037344cf2fb078884f1849f6a1f8cf9a33a3b6139b6a85833e5ee528e1f9a8
Removing snapshot sha256:d3b36d5b79273b1e98e7700470eaeff05a882e777124d84cebcc1505b85ecb36
Removing snapshot sha256:d65a44a37914602d12c611e5e22a50f11451d847e63015cc1c2aef92dee777a4
Removing snapshot sha256:e2dc0bae2455930f23ae570e019b7f32edc75c0f2d71cab084db837ff9051796
Removing snapshot sha256:eccbd24a99c60cd9e86ee5305dbfc4a4dc89f5ab4fb1f06c8d64797cecedef34
Removing snapshot sha256:f144bb4c7c7f0d2aa7eeffd36d934ec40db1ee167be727e326aad9fdc616f475

]]></system-out>
  </testcase>
  <system-out><![CDATA[2025-01-28 21:19:27,692 INFO c.h.h.t.HelmChartContainerExtension - Using cached HelmChartContainer instance
]]></system-out>
  <system-err><![CDATA[]]></system-err>
</testsuite>
