<?xml version="1.0" encoding="UTF-8"?>
<testsuite name="com.hivemq.helmcharts.extensions.HelmBridgeExtensionIT" tests="2" skipped="0" failures="0" errors="0" timestamp="2025-09-18T07:02:34" hostname="runnervmf4ws1" time="229.306">
  <properties/>
  <testcase name="withBridgeConfiguration_messageBridged()" classname="com.hivemq.helmcharts.extensions.HelmBridgeExtensionIT" time="125.297"/>
  <testcase name="withBridgeSecretConfiguration_messageBridged()" classname="com.hivemq.helmcharts.extensions.HelmBridgeExtensionIT" time="104.008"/>
</testsuite>
