<?xml version="1.0" encoding="UTF-8"?>
<testsuite name="com.hivemq.helmcharts.license.HelmAdditionalBrokerLicensesIT" tests="2" skipped="0" failures="0" errors="0" timestamp="2025-06-02T09:49:01" hostname="fv-az1319-118" time="186.068">
  <properties/>
  <testcase name="withExistingAdditionalBrokerLicenseFileContent_statefulSetWithLicenseSecretMounted()" classname="com.hivemq.helmcharts.license.HelmAdditionalBrokerLicensesIT" time="92.375"/>
  <testcase name="withAdditionalBrokerLicenseFileContent_statefulSetWithLicenseSecretMounted()" classname="com.hivemq.helmcharts.license.HelmAdditionalBrokerLicensesIT" time="93.693"/>
</testsuite>
