<?xml version="1.0" encoding="UTF-8"?>
<testsuite name="com.hivemq.helmcharts.extensions.HelmCustomExtensionWithHttpsIT" tests="1" skipped="0" failures="0" errors="0" timestamp="2025-09-10T10:18:34" hostname="runnervmf4ws1" time="90.763">
  <properties/>
  <testcase name="platformChart_whenCustomExtensionIsConfigured_withHttps_thenStartsUpSuccessfully()" classname="com.hivemq.helmcharts.extensions.HelmCustomExtensionWithHttpsIT" time="90.763"/>
</testsuite>
