<?xml version="1.0" encoding="UTF-8"?>
<testsuite name="com.hivemq.helmcharts.extensions.HelmUpgradeExtensionIT" tests="2" skipped="0" failures="0" errors="0" timestamp="2025-01-29T13:38:00" hostname="fv-az1690-651" time="531.028">
  <properties/>
  <testcase name="withBridgeConfiguration_enableDisableBridge()" classname="com.hivemq.helmcharts.extensions.HelmUpgradeExtensionIT" time="210.605">
    <system-out><![CDATA[2025-01-29 13:38:00,383 INFO c.h.h.t.HelmChartContainer - Creating namespace 'helmupgradeextensionit-operator'...
2025-01-29 13:38:00,610 INFO c.h.h.t.HelmChartContainer - Namespace 'helmupgradeextensionit-operator' created
2025-01-29 13:38:00,610 INFO c.h.h.t.HelmChartContainer - Creating namespace 'helmupgradeextensionit'...
2025-01-29 13:38:00,610 INFO c.h.h.t.HelmChartContainer - [POD] coredns-ff8999cc5-q5t5d [801f041a-5cbc-40f4-ad4d-ac8273850843] in kube-system was ADDED
2025-01-29 13:38:00,614 INFO c.h.h.t.HelmChartContainer - [POD] local-path-provisioner-698b58967b-wdtgb [e57dc3fb-bdcc-4da1-aa42-0dfadb4d5b1f] in kube-system was ADDED
2025-01-29 13:38:00,615 INFO c.h.h.t.HelmChartContainer - [POD] metrics-server-8584b5786c-j6n7r [dafc418a-c4cd-4387-9d39-9fef380801ab] in kube-system was ADDED
2025-01-29 13:38:00,621 INFO c.h.h.t.HelmChartContainer - Namespace 'helmupgradeextensionit' created
2025-01-29 13:38:00,695 DEBUG c.h.h.t.HelmChartContainer - Executing helm command: /bin/helm --kubeconfig /etc/rancher/k3s/k3s.yaml install test-hivemq-platform-operator /charts/hivemq-platform-operator --wait --timeout 5m0s --set image.repository=docker.io/hivemq --set image.name=hivemq-platform-operator-test --set image.initImageName=hivemq-platform-operator-init-test --set image.tag=snapshot --set image.pullPolicy=Never --set logLevel=DEBUG --set resources.cpu=512m --namespace helmupgradeextensionit-operator
2025-01-29 13:38:03,089 INFO c.h.h.t.HelmChartContainer - [K3S] [alloc.go:330] "allocated clusterIPs" service="helmupgradeextensionit-operator/hivemq-platform-operator-test-hivemq-platform-operator" clusterIPs={"IPv4":"10.43.241.127"}
2025-01-29 13:38:03,104 INFO c.h.h.t.HelmChartContainer - [EVENT] Normal [ScalingReplicaSet] Scaled up replica set hivemq-test-hivemq-platform-operator-6966f96d65 from 0 to 1 [helmupgradeextensionit-operator:hivemq-test-hivemq-platform-operator]
2025-01-29 13:38:03,118 INFO c.h.h.t.HelmChartContainer - [K3S] [replica_set.go:679] "Finished syncing" kind="ReplicaSet" key="helmupgradeextensionit-operator/hivemq-test-hivemq-platform-operator-6966f96d65" duration="17.766125ms"
2025-01-29 13:38:03,118 INFO c.h.h.t.HelmChartContainer - [POD] hivemq-test-hivemq-platform-operator-6966f96d65-ld2l4 [126d9664-ab75-4d6b-9ebf-91a6a751a43c] in helmupgradeextensionit-operator was ADDED
2025-01-29 13:38:03,122 INFO c.h.h.t.HelmChartContainer - [EVENT] Normal [SuccessfulCreate] Created pod: hivemq-test-hivemq-platform-operator-6966f96d65-ld2l4 [helmupgradeextensionit-operator:hivemq-test-hivemq-platform-operator-6966f96d65]
2025-01-29 13:38:03,127 INFO c.h.h.t.HelmChartContainer - [POD] hivemq-test-hivemq-platform-operator-6966f96d65-ld2l4 [126d9664-ab75-4d6b-9ebf-91a6a751a43c] in helmupgradeextensionit-operator was MODIFIED
2025-01-29 13:38:03,135 INFO c.h.h.t.HelmChartContainer - [EVENT] Normal [Scheduled] Successfully assigned helmupgradeextensionit-operator/hivemq-test-hivemq-platform-operator-6966f96d65-ld2l4 to 41e0b4b2959d [helmupgradeextensionit-operator:hivemq-test-hivemq-platform-operator-6966f96d65-ld2l4]
2025-01-29 13:38:03,136 INFO c.h.h.t.HelmChartContainer - [K3S] [replica_set.go:679] "Finished syncing" kind="ReplicaSet" key="helmupgradeextensionit-operator/hivemq-test-hivemq-platform-operator-6966f96d65" duration="18.090203ms"
2025-01-29 13:38:03,136 INFO c.h.h.t.HelmChartContainer - [K3S] [replica_set.go:679] "Finished syncing" kind="ReplicaSet" key="helmupgradeextensionit-operator/hivemq-test-hivemq-platform-operator-6966f96d65" duration="37.269µs"
2025-01-29 13:38:03,142 INFO c.h.h.t.HelmChartContainer - [K3S] [replica_set.go:679] "Finished syncing" kind="ReplicaSet" key="helmupgradeextensionit-operator/hivemq-test-hivemq-platform-operator-6966f96d65" duration="30.787µs"
2025-01-29 13:38:03,145 INFO c.h.h.t.HelmChartContainer - [POD] hivemq-test-hivemq-platform-operator-6966f96d65-ld2l4 [126d9664-ab75-4d6b-9ebf-91a6a751a43c] in helmupgradeextensionit-operator was MODIFIED
2025-01-29 13:38:03,220 INFO c.h.h.t.HelmChartContainer - [K3S] [reconciler_common.go:251] "operationExecutor.VerifyControllerAttachedVolume started for volume \"kube-api-access-p2stv\" (UniqueName: \"kubernetes.io/projected/126d9664-ab75-4d6b-9ebf-91a6a751a43c-kube-api-access-p2stv\") pod \"hivemq-test-hivemq-platform-operator-6966f96d65-ld2l4\" (UID: \"126d9664-ab75-4d6b-9ebf-91a6a751a43c\") " pod="helmupgradeextensionit-operator/hivemq-test-hivemq-platform-operator-6966f96d65-ld2l4"
2025-01-29 13:38:03,520 INFO c.h.h.t.HelmChartContainer - [EVENT] Normal [Pulled] Container image "docker.io/hivemq/hivemq-platform-operator-test:snapshot" already present on machine [helmupgradeextensionit-operator:hivemq-test-hivemq-platform-operator-6966f96d65-ld2l4]
2025-01-29 13:38:03,521 INFO c.h.h.t.HelmChartContainer - Received Pulled event for container hivemq-platform-operator in pod hivemq-test-hivemq-platform-operator-6966f96d65-ld2l4 [126d9664-ab75-4d6b-9ebf-91a6a751a43c]
2025-01-29 13:38:03,530 INFO c.h.h.t.HelmChartContainer - [EVENT] Normal [Created] Created container: hivemq-platform-operator [helmupgradeextensionit-operator:hivemq-test-hivemq-platform-operator-6966f96d65-ld2l4]
2025-01-29 13:38:03,530 INFO c.h.h.t.HelmChartContainer - Received Created event for container hivemq-platform-operator in pod hivemq-test-hivemq-platform-operator-6966f96d65-ld2l4 [126d9664-ab75-4d6b-9ebf-91a6a751a43c]
2025-01-29 13:38:04,517 INFO c.h.h.t.HelmChartContainer - [K3S] [replica_set.go:679] "Finished syncing" kind="ReplicaSet" key="helmupgradeextensionit-operator/hivemq-test-hivemq-platform-operator-6966f96d65" duration="41.869µs"
2025-01-29 13:38:04,522 INFO c.h.h.t.HelmChartContainer - [POD] hivemq-test-hivemq-platform-operator-6966f96d65-ld2l4 [126d9664-ab75-4d6b-9ebf-91a6a751a43c] in helmupgradeextensionit-operator was MODIFIED
2025-01-29 13:38:04,559 INFO c.h.h.t.HelmChartContainer - Started log watcher for hivemq-platform-operator in pod hivemq-test-hivemq-platform-operator-6966f96d65-ld2l4 [126d9664-ab75-4d6b-9ebf-91a6a751a43c]
2025-01-29 13:38:04,559 INFO c.h.h.t.HelmChartContainer - [EVENT] Normal [Started] Started container hivemq-platform-operator [helmupgradeextensionit-operator:hivemq-test-hivemq-platform-operator-6966f96d65-ld2l4]
2025-01-29 13:38:04,559 INFO c.h.h.t.HelmChartContainer - Received Started event for container hivemq-platform-operator in pod hivemq-test-hivemq-platform-operator-6966f96d65-ld2l4 [126d9664-ab75-4d6b-9ebf-91a6a751a43c]
2025-01-29 13:38:04,559 INFO c.h.h.t.HelmChartContainer - [hivemq-test-hivemq-platform] [hivemq-platform-operator] [126d9664] -------------------------------------------------------------------------
2025-01-29 13:38:04,559 INFO c.h.h.t.HelmChartContainer - [hivemq-test-hivemq-platform] [hivemq-platform-operator] [126d9664] 
2025-01-29 13:38:04,559 INFO c.h.h.t.HelmChartContainer - [hivemq-test-hivemq-platform] [hivemq-platform-operator] [126d9664]                   _    _  _              __  __   ____
2025-01-29 13:38:04,559 INFO c.h.h.t.HelmChartContainer - [hivemq-test-hivemq-platform] [hivemq-platform-operator] [126d9664]                  | |  | |(_)            |  \/  | / __ \
2025-01-29 13:38:04,559 INFO c.h.h.t.HelmChartContainer - [hivemq-test-hivemq-platform] [hivemq-platform-operator] [126d9664]                  | |__| | _ __   __ ___ | \  / || |  | |
2025-01-29 13:38:04,559 INFO c.h.h.t.HelmChartContainer - [hivemq-test-hivemq-platform] [hivemq-platform-operator] [126d9664]                  |  __  || |\ \ / // _ \| |\/| || |  | |
2025-01-29 13:38:04,559 INFO c.h.h.t.HelmChartContainer - [hivemq-test-hivemq-platform] [hivemq-platform-operator] [126d9664]                  | |  | || | \ V /|  __/| |  | || |__| |
2025-01-29 13:38:04,560 INFO c.h.h.t.HelmChartContainer - [hivemq-test-hivemq-platform] [hivemq-platform-operator] [126d9664]                  |_|  |_||_|  \_/  \___||_|  |_| \___\_\
2025-01-29 13:38:04,560 INFO c.h.h.t.HelmChartContainer - [hivemq-test-hivemq-platform] [hivemq-platform-operator] [126d9664] 
2025-01-29 13:38:04,560 INFO c.h.h.t.HelmChartContainer - [hivemq-test-hivemq-platform] [hivemq-platform-operator] [126d9664] -------------------------------------------------------------------------
2025-01-29 13:38:04,560 INFO c.h.h.t.HelmChartContainer - [hivemq-test-hivemq-platform] [hivemq-platform-operator] [126d9664] 
2025-01-29 13:38:04,560 INFO c.h.h.t.HelmChartContainer - [hivemq-test-hivemq-platform] [hivemq-platform-operator] [126d9664]   HiveMQ Platform Operator Start Script v1.0
2025-01-29 13:38:04,560 INFO c.h.h.t.HelmChartContainer - [hivemq-test-hivemq-platform] [hivemq-platform-operator] [126d9664] 
2025-01-29 13:38:04,560 INFO c.h.h.t.HelmChartContainer - [hivemq-test-hivemq-platform] [hivemq-platform-operator] [126d9664] -------------------------------------------------------------------------
2025-01-29 13:38:04,560 INFO c.h.h.t.HelmChartContainer - [hivemq-test-hivemq-platform] [hivemq-platform-operator] [126d9664] 
2025-01-29 13:38:04,560 INFO c.h.h.t.HelmChartContainer - [hivemq-test-hivemq-platform] [hivemq-platform-operator] [126d9664]   JAVA_OPTS: -XX:+UnlockExperimentalVMOptions -XX:InitialRAMPercentage=75 -XX:MaxRAMPercentage=75 -Duser.language=en -Duser.region=US
2025-01-29 13:38:04,560 INFO c.h.h.t.HelmChartContainer - [hivemq-test-hivemq-platform] [hivemq-platform-operator] [126d9664] 
2025-01-29 13:38:04,560 INFO c.h.h.t.HelmChartContainer - [hivemq-test-hivemq-platform] [hivemq-platform-operator] [126d9664]   JAVA_VERSION: 21
2025-01-29 13:38:04,560 INFO c.h.h.t.HelmChartContainer - [hivemq-test-hivemq-platform] [hivemq-platform-operator] [126d9664] 
2025-01-29 13:38:04,560 INFO c.h.h.t.HelmChartContainer - [hivemq-test-hivemq-platform] [hivemq-platform-operator] [126d9664] -------------------------------------------------------------------------
2025-01-29 13:38:04,560 INFO c.h.h.t.HelmChartContainer - [hivemq-test-hivemq-platform] [hivemq-platform-operator] [126d9664] 
2025-01-29 13:38:07,031 INFO c.h.h.t.HelmChartContainer - [hivemq-test-hivemq-platform] [hivemq-platform-operator] [126d9664] 13:38:07.027 [main] DEBUG org.jboss.logging - Logging Provider: org.jboss.logging.Slf4jLoggerProvider
2025-01-29 13:38:07,139 INFO c.h.h.t.HelmChartContainer - [hivemq-test-hivemq-platform] [hivemq-platform-operator] [126d9664] 13:38:07.137 [main] DEBUG io.smallrye.config - SRCFG01006: Loaded ConfigSource SysPropConfigSource with ordinal 400
2025-01-29 13:38:07,139 INFO c.h.h.t.HelmChartContainer - [hivemq-test-hivemq-platform] [hivemq-platform-operator] [126d9664] 13:38:07.138 [main] DEBUG io.smallrye.config - SRCFG01006: Loaded ConfigSource EnvConfigSource with ordinal 300
2025-01-29 13:38:07,139 INFO c.h.h.t.HelmChartContainer - [hivemq-test-hivemq-platform] [hivemq-platform-operator] [126d9664] 13:38:07.138 [main] DEBUG io.smallrye.config - SRCFG01006: Loaded ConfigSource PropertiesConfigSource[source=jar:file:///opt/hivemq-platform-operator/bin/hivemq-platform-operator.jar!/hivemq-platform-operator.properties] with ordinal 100
2025-01-29 13:38:07,139 INFO c.h.h.t.HelmChartContainer - [hivemq-test-hivemq-platform] [hivemq-platform-operator] [126d9664] 13:38:07.138 [main] DEBUG io.smallrye.config - SRCFG01006: Loaded ConfigSource DefaultValuesConfigSource with ordinal -2147483648
2025-01-29 13:38:07,298 INFO c.h.h.t.HelmChartContainer - [hivemq-test-hivemq-platform] [hivemq-platform-operator] [126d9664] 13:38:07.297 [main] DEBUG i.m.c.u.i.l.InternalLoggerFactory - Using SLF4J as the default logging framework
2025-01-29 13:38:07,431 INFO c.h.h.t.HelmChartContainer - [hivemq-test-hivemq-platform] [hivemq-platform-operator] [126d9664] 13:38:07.395 [main] INFO  c.h.p.o.HiveMQPlatformOperatorApplication - HiveMQ Platform Operator 1.7.0-SNAPSHOT (commit: bebf408 on branch: HEAD) built on Sun Jan 26 20:47:47 UTC 2025
2025-01-29 13:38:07,431 INFO c.h.h.t.HelmChartContainer - [hivemq-test-hivemq-platform] [hivemq-platform-operator] [126d9664] 13:38:07.429 [main] INFO  c.h.p.o.HiveMQPlatformOperatorApplication - HiveMQ Platform Operator is running in namespace: helmupgradeextensionit-operator
2025-01-29 13:38:07,431 INFO c.h.h.t.HelmChartContainer - [hivemq-test-hivemq-platform] [hivemq-platform-operator] [126d9664] 13:38:07.429 [main] INFO  c.h.p.o.HiveMQPlatformOperatorApplication - Watching all namespaces
2025-01-29 13:38:07,431 INFO c.h.h.t.HelmChartContainer - [hivemq-test-hivemq-platform] [hivemq-platform-operator] [126d9664] 13:38:07.429 [main] INFO  c.h.p.o.HiveMQPlatformOperatorApplication - Log level: DEBUG
2025-01-29 13:38:07,431 INFO c.h.h.t.HelmChartContainer - [hivemq-test-hivemq-platform] [hivemq-platform-operator] [126d9664] 13:38:07.429 [main] INFO  c.h.p.o.HiveMQPlatformOperatorApplication - Release name: test-hivemq-platform-operator
2025-01-29 13:38:07,431 INFO c.h.h.t.HelmChartContainer - [hivemq-test-hivemq-platform] [hivemq-platform-operator] [126d9664] 13:38:07.429 [main] INFO  c.h.p.o.HiveMQPlatformOperatorApplication - HiveMQ Platform Operator Init image: docker.io/hivemq/hivemq-platform-operator-init-test:snapshot
2025-01-29 13:38:07,431 INFO c.h.h.t.HelmChartContainer - [hivemq-test-hivemq-platform] [hivemq-platform-operator] [126d9664] 13:38:07.429 [main] INFO  c.h.p.o.HiveMQPlatformOperatorApplication - HiveMQ Platform Operator Init App update URL: http://hivemq-platform-operator-test-hivemq-platform-operator.helmupgradeextensionit-operator.svc:8080/initAppUpdate/hivemq-platform-operator-init-app-1.7.0-SNAPSHOT.jar
2025-01-29 13:38:07,431 INFO c.h.h.t.HelmChartContainer - [hivemq-test-hivemq-platform] [hivemq-platform-operator] [126d9664] 13:38:07.429 [main] INFO  c.h.p.o.HiveMQPlatformOperatorApplication - Additional imagePullSecret for all Platform deployments: none
2025-01-29 13:38:07,431 INFO c.h.h.t.HelmChartContainer - [hivemq-test-hivemq-platform] [hivemq-platform-operator] [126d9664] 13:38:07.429 [main] INFO  c.h.p.o.HiveMQPlatformOperatorApplication - Apply HiveMQ Platform CRD: true
2025-01-29 13:38:07,432 INFO c.h.h.t.HelmChartContainer - [hivemq-test-hivemq-platform] [hivemq-platform-operator] [126d9664] 13:38:07.429 [main] INFO  c.h.p.o.HiveMQPlatformOperatorApplication - Create Platform ServiceAccount: true
2025-01-29 13:38:07,432 INFO c.h.h.t.HelmChartContainer - [hivemq-test-hivemq-platform] [hivemq-platform-operator] [126d9664] 13:38:07.429 [main] INFO  c.h.p.o.HiveMQPlatformOperatorApplication - Create Platform ServiceAccount permissions: true
2025-01-29 13:38:07,432 INFO c.h.h.t.HelmChartContainer - [hivemq-test-hivemq-platform] [hivemq-platform-operator] [126d9664] 13:38:07.429 [main] INFO  c.h.p.o.HiveMQPlatformOperatorApplication - Validate Platform ServiceAccount: true
2025-01-29 13:38:07,432 INFO c.h.h.t.HelmChartContainer - [hivemq-test-hivemq-platform] [hivemq-platform-operator] [126d9664] 13:38:07.429 [main] INFO  c.h.p.o.HiveMQPlatformOperatorApplication - Validate Platform ServiceAccount permissions: true
2025-01-29 13:38:07,598 INFO c.h.h.t.HelmChartContainer - [hivemq-test-hivemq-platform] [hivemq-platform-operator] [126d9664] 13:38:07.597 [main] INFO  c.h.platform.operator.util.CRDUtil - Verifying deployed HiveMQ Platform CRD...
2025-01-29 13:38:08,504 INFO c.h.h.t.HelmChartContainer - [POD] metrics-server-8584b5786c-j6n7r [dafc418a-c4cd-4387-9d39-9fef380801ab] in kube-system was MODIFIED
2025-01-29 13:38:08,507 INFO c.h.h.t.HelmChartContainer - [K3S] [replica_set.go:679] "Finished syncing" kind="ReplicaSet" key="kube-system/metrics-server-8584b5786c" duration="5.919707ms"
2025-01-29 13:38:08,511 INFO c.h.h.t.HelmChartContainer - [K3S] [replica_set.go:679] "Finished syncing" kind="ReplicaSet" key="kube-system/metrics-server-8584b5786c" duration="28.674µs"
2025-01-29 13:38:10,129 INFO c.h.h.t.HelmChartContainer - [hivemq-test-hivemq-platform] [hivemq-platform-operator] [126d9664] 13:38:10.127 [main] DEBUG c.h.platform.operator.util.CRDUtil - HiveMQ Platform CRD version v1 is up to date
2025-01-29 13:38:10,129 INFO c.h.h.t.HelmChartContainer - [hivemq-test-hivemq-platform] [hivemq-platform-operator] [126d9664] 13:38:10.127 [main] INFO  c.h.platform.operator.util.CRDUtil - HiveMQ Platform CRD is up to date (version: V1_6_0)
2025-01-29 13:38:10,188 INFO c.h.h.t.HelmChartContainer - [hivemq-test-hivemq-platform] [hivemq-platform-operator] [126d9664] 13:38:10.127 [main] INFO  c.h.platform.operator.util.CRDUtil - Waiting 10000 ms for HiveMQ Platform CRD 'hivemq-platforms.hivemq.com' to become ready...
2025-01-29 13:38:10,496 INFO c.h.h.t.HelmChartContainer - [hivemq-test-hivemq-platform] [hivemq-platform-operator] [126d9664] 13:38:10.493 [vert.x-eventloop-thread-1] DEBUG c.h.platform.operator.util.CRDUtil - Checking CRD condition 'NamesAccepted' (status: 'True')
2025-01-29 13:38:10,496 INFO c.h.h.t.HelmChartContainer - [hivemq-test-hivemq-platform] [hivemq-platform-operator] [126d9664] 13:38:10.494 [vert.x-eventloop-thread-1] DEBUG c.h.platform.operator.util.CRDUtil - Checking CRD condition 'Established' (status: 'True')
2025-01-29 13:38:10,496 INFO c.h.h.t.HelmChartContainer - [hivemq-test-hivemq-platform] [hivemq-platform-operator] [126d9664] 13:38:10.494 [main] INFO  c.h.platform.operator.util.CRDUtil - HiveMQ Platform CRD 'hivemq-platforms.hivemq.com' is ready
2025-01-29 13:38:10,631 INFO c.h.h.t.HelmChartContainer - [hivemq-test-hivemq-platform] [hivemq-platform-operator] [126d9664] 13:38:10.630 [main] INFO  c.h.p.o.HiveMQPlatformReconciler - HiveMQ Platform Operator is starting...
2025-01-29 13:38:10,707 INFO c.h.h.t.HelmChartContainer - [hivemq-test-hivemq-platform] [hivemq-platform-operator] [126d9664] 13:38:10.706 [main] WARN  Default ConfigurationService implementation - Configuration for reconciler 'hivemq-controller' was not found. Known reconcilers: None.
2025-01-29 13:38:10,790 INFO c.h.h.t.HelmChartContainer - [hivemq-test-hivemq-platform] [hivemq-platform-operator] [126d9664] 13:38:10.789 [main] INFO  Default ConfigurationService implementation - Created configuration for reconciler com.hivemq.platform.operator.HiveMQPlatformReconciler with name hivemq-controller
2025-01-29 13:38:10,896 INFO c.h.h.t.HelmChartContainer - [hivemq-test-hivemq-platform] [hivemq-platform-operator] [126d9664] 13:38:10.894 [main] DEBUG c.h.p.o.HiveMQPlatformReconciler - HiveMQ Platform Operator is preparing EventSources
2025-01-29 13:38:10,928 INFO c.h.h.t.HelmChartContainer - [hivemq-test-hivemq-platform] [hivemq-platform-operator] [126d9664] 13:38:10.927 [main] INFO  i.javaoperatorsdk.operator.Operator - Registered reconciler: 'hivemq-controller' for resource: 'class com.hivemq.platform.operator.v1.HiveMQPlatform' for namespace(s): [all namespaces]
2025-01-29 13:38:11,503 INFO c.h.h.t.HelmChartContainer - [hivemq-test-hivemq-platform] [hivemq-platform-operator] [126d9664] 13:38:11.502 [main] INFO  c.h.p.operator.webserver.JettyServer - Starting Jetty server on port 8080
2025-01-29 13:38:11,602 INFO c.h.h.t.HelmChartContainer - [hivemq-test-hivemq-platform] [hivemq-platform-operator] [126d9664] 13:38:11.600 [main] INFO  i.javaoperatorsdk.operator.Operator - Operator SDK 4.9.7 (commit: 2133d28) built on Wed Nov 20 12:56:20 UTC 2024 starting...
2025-01-29 13:38:11,602 INFO c.h.h.t.HelmChartContainer - [hivemq-test-hivemq-platform] [hivemq-platform-operator] [126d9664] 13:38:11.601 [main] INFO  i.javaoperatorsdk.operator.Operator - Client version: 6.13.4
2025-01-29 13:38:11,625 INFO c.h.h.t.HelmChartContainer - [hivemq-test-hivemq-platform] [hivemq-platform-operator] [126d9664] 13:38:11.623 [Controller Starter for: hivemq-controller] INFO  i.j.operator.processing.Controller - Starting 'hivemq-controller' controller for reconciler: com.hivemq.platform.operator.HiveMQPlatformReconciler, resource: com.hivemq.platform.operator.v1.HiveMQPlatform
2025-01-29 13:38:12,364 INFO c.h.h.t.HelmChartContainer - [K3S] [range_allocator.go:247] "Successfully synced" key="41e0b4b2959d"
2025-01-29 13:38:14,329 INFO c.h.h.t.HelmChartContainer - [hivemq-test-hivemq-platform] [hivemq-platform-operator] [126d9664] 13:38:14.327 [Controller Starter for: hivemq-controller] INFO  i.j.operator.processing.Controller - 'hivemq-controller' controller started
2025-01-29 13:38:14,329 INFO c.h.h.t.HelmChartContainer - [hivemq-test-hivemq-platform] [hivemq-platform-operator] [126d9664] 13:38:14.328 [main] INFO  c.h.p.o.HiveMQPlatformOperatorApplication - HiveMQ Platform Operator 1.7.0-SNAPSHOT started in 6932 ms
2025-01-29 13:38:15,529 INFO c.h.h.t.HelmChartContainer - [K3S] [replica_set.go:679] "Finished syncing" kind="ReplicaSet" key="helmupgradeextensionit-operator/hivemq-test-hivemq-platform-operator-6966f96d65" duration="8.549508ms"
2025-01-29 13:38:15,529 INFO c.h.h.t.HelmChartContainer - [K3S] [replica_set.go:679] "Finished syncing" kind="ReplicaSet" key="helmupgradeextensionit-operator/hivemq-test-hivemq-platform-operator-6966f96d65" duration="37.129µs"
2025-01-29 13:38:15,530 INFO c.h.h.t.HelmChartContainer - [POD] hivemq-test-hivemq-platform-operator-6966f96d65-ld2l4 [126d9664-ab75-4d6b-9ebf-91a6a751a43c] in helmupgradeextensionit-operator was MODIFIED
2025-01-29 13:38:17,174 INFO c.h.h.testcontainer.LogWaiterUtil - TEST Waiting for log pattern on 'test-hivemq-platform-0': .*\[HiveMQ Platform Operator Init App [A-Z0-9.-]+\] Successfully enabled extension hivemq-bridge-extension
2025-01-29 13:38:17,174 INFO c.h.h.testcontainer.LogWaiterUtil - TEST Waiting for log pattern on 'test-hivemq-platform-0': .*Extension "HiveMQ Enterprise Bridge Extension" version .* started successfully.
2025-01-29 13:38:17,237 DEBUG c.h.h.t.HelmChartContainer - Executing helm command: /bin/helm --kubeconfig /etc/rancher/k3s/k3s.yaml install test-hivemq-platform /charts/hivemq-platform --wait --timeout 5m0s --set image.repository=docker.io/hivemq --set image.tag=4.36.0 --set image.pullPolicy=Never --set nodes.resources.cpu=512m -f /files/bridge-values.yaml --namespace helmupgradeextensionit
2025-01-29 13:38:17,527 INFO c.h.h.t.HelmChartContainer - [hivemq-test-hivemq-platform] [hivemq-platform-operator] [126d9664] 13:38:17.526 [-373097727-pool-1-thread-3] WARN  i.m.p.PrometheusMeterRegistry - The meter (MeterId{name='operator.sdk.events.received', tags=[tag(action=ADDED),tag(event=ResourceEvent),tag(group=hivemq.com),tag(kind=HiveMQPlatform),tag(name=test-hivemq-platform),tag(namespace=helmupgradeextensionit),tag(scope=namespace),tag(version=v1)]}) registration has failed: Prometheus requires that all meters with the same name have the same set of tag keys. There is already an existing meter named 'operator.sdk.events.received' containing tag keys [event, group, kind, name, namespace, scope, version]. The meter you are attempting to register has keys [action, event, group, kind, name, namespace, scope, version]. Note that subsequent logs will be logged at debug level.
2025-01-29 13:38:17,942 INFO c.h.h.t.HelmChartContainer - [hivemq-test-hivemq-platform] [hivemq-platform-operator] [126d9664] 13:38:17.941 [pool-6-thread-3] DEBUG c.h.p.o.dependants.PodInfoConfigMap - [helmupgr] Desired PodInfo ConfigMap (1 extensions) (1 enabled)
2025-01-29 13:38:17,989 INFO c.h.h.t.HelmChartContainer - [hivemq-test-hivemq-platform] [hivemq-platform-operator] [126d9664] 13:38:17.987 [pool-6-thread-3] DEBUG c.h.p.o.dependants.PodInfoConfigMap - [helmupgr] Desired PodInfo ConfigMap (metrics port: 9399) (metrics path: /)
2025-01-29 13:38:17,989 INFO c.h.h.t.HelmChartContainer - [hivemq-test-hivemq-platform] [hivemq-platform-operator] [126d9664] 13:38:17.987 [pool-6-thread-3] DEBUG c.h.p.o.dependants.PodInfoConfigMap - [helmupgr] Desired PodInfo ConfigMap (extension state hash: -1817869294)
2025-01-29 13:38:18,029 INFO c.h.h.t.HelmChartContainer - [hivemq-test-hivemq-platform] [hivemq-platform-operator] [126d9664] 13:38:18.023 [pool-6-thread-3] DEBUG c.h.p.o.dependants.PodInfoConfigMap - [helmupgr] Create PodInfo ConfigMap
2025-01-29 13:38:18,132 INFO c.h.h.t.HelmChartContainer - [hivemq-test-hivemq-platform] [hivemq-platform-operator] [126d9664] 13:38:18.128 [pool-6-thread-5] DEBUG c.h.p.o.dependants.PodRoleResource - [helmupgr] Create Role: Role(apiVersion=rbac.authorization.k8s.io/v1, kind=Role, metadata=ObjectMeta(annotations={meta.helm.sh/release-name=test-hivemq-platform, meta.helm.sh/release-namespace=helmupgradeextensionit}, creationTimestamp=null, deletionGracePeriodSeconds=null, deletionTimestamp=null, finalizers=[], generateName=null, generation=null, labels={helm.sh/chart=hivemq-platform-0.2.32, app.kubernetes.io/managed-by=Helm, app.kubernetes.io/name=hivemq-platform, hivemq-platform=test-hivemq-platform, app.kubernetes.io/instance=test-hivemq-platform, app.kubernetes.io/version=4.36.0}, managedFields=[], name=hivemq-platform-role-test-hivemq-platform, namespace=helmupgradeextensionit, ownerReferences=[OwnerReference(apiVersion=hivemq.com/v1, blockOwnerDeletion=null, controller=null, kind=HiveMQPlatform, name=test-hivemq-platform, uid=149f2330-32b5-498a-a756-de2ee75a87fd, additionalProperties={})], resourceVersion=null, selfLink=null, uid=null, additionalProperties={}), rules=[PolicyRule(apiGroups=[], nonResourceURLs=[], resourceNames=[], resources=[pods], verbs=[get, patch, update], additionalProperties={})], additionalProperties={})
2025-01-29 13:38:18,238 INFO c.h.h.t.HelmChartContainer - [hivemq-test-hivemq-platform] [hivemq-platform-operator] [126d9664] 13:38:18.236 [pool-6-thread-7] DEBUG c.h.p.o.d.PodServiceAccountResource - [helmupgr] Desired PodServiceAccountResource (serviceAccountName: hivemq-platform-pod-test-hivemq-platform)
2025-01-29 13:38:18,239 INFO c.h.h.t.HelmChartContainer - [hivemq-test-hivemq-platform] [hivemq-platform-operator] [126d9664] 13:38:18.238 [pool-6-thread-7] DEBUG c.h.p.o.d.PodServiceAccountResource - [helmupgr] Create ServiceAccount 'hivemq-platform-pod-test-hivemq-platform'
2025-01-29 13:38:18,426 INFO c.h.h.t.HelmChartContainer - [hivemq-test-hivemq-platform] [hivemq-platform-operator] [126d9664] 13:38:18.424 [pool-6-thread-10] DEBUG c.h.p.o.d.PodRoleBindingResource - [helmupgr] Create RoleBinding: RoleBinding(apiVersion=rbac.authorization.k8s.io/v1, kind=RoleBinding, metadata=ObjectMeta(annotations={meta.helm.sh/release-name=test-hivemq-platform, meta.helm.sh/release-namespace=helmupgradeextensionit}, creationTimestamp=null, deletionGracePeriodSeconds=null, deletionTimestamp=null, finalizers=[], generateName=null, generation=null, labels={helm.sh/chart=hivemq-platform-0.2.32, app.kubernetes.io/managed-by=Helm, app.kubernetes.io/name=hivemq-platform, hivemq-platform=test-hivemq-platform, app.kubernetes.io/instance=test-hivemq-platform, app.kubernetes.io/version=4.36.0}, managedFields=[], name=hivemq-platform-role-binding-test-hivemq-platform, namespace=helmupgradeextensionit, ownerReferences=[OwnerReference(apiVersion=hivemq.com/v1, blockOwnerDeletion=null, controller=null, kind=HiveMQPlatform, name=test-hivemq-platform, uid=149f2330-32b5-498a-a756-de2ee75a87fd, additionalProperties={})], resourceVersion=null, selfLink=null, uid=null, additionalProperties={}), roleRef=RoleRef(apiGroup=rbac.authorization.k8s.io, kind=Role, name=hivemq-platform-role-test-hivemq-platform, additionalProperties={}), subjects=[Subject(apiGroup=null, kind=ServiceAccount, name=hivemq-platform-pod-test-hivemq-platform, namespace=helmupgradeextensionit, additionalProperties={})], additionalProperties={})
2025-01-29 13:38:18,447 INFO c.h.h.t.HelmChartContainer - [hivemq-test-hivemq-platform] [hivemq-platform-operator] [126d9664] 13:38:18.446 [ReconcilerExecutor-hivemq-controller-52] INFO  c.h.p.o.HiveMQPlatformReconciler - [helmupgr] Reconciling HiveMQ Platform 'test-hivemq-platform' in namespace 'helmupgradeextensionit'
2025-01-29 13:38:18,447 INFO c.h.h.t.HelmChartContainer - [hivemq-test-hivemq-platform] [hivemq-platform-operator] [126d9664] 13:38:18.446 [ReconcilerExecutor-hivemq-controller-52] DEBUG c.h.p.o.HiveMQPlatformReconciler - [helmupgr] Custom Resource Status CREATED - HiveMQ Platform was created (READY)
2025-01-29 13:38:18,448 INFO c.h.h.t.HelmChartContainer - [hivemq-test-hivemq-platform] [hivemq-platform-operator] [126d9664] 13:38:18.446 [ReconcilerExecutor-hivemq-controller-52] DEBUG c.h.p.o.HiveMQPlatformReconciler - [helmupgr] Custom Resource Spec (replicas: 1) (extensions: 1)
2025-01-29 13:38:18,452 INFO c.h.h.t.HelmChartContainer - [hivemq-test-hivemq-platform] [hivemq-platform-operator] [126d9664] 13:38:18.450 [ReconcilerExecutor-hivemq-controller-52] INFO  c.h.p.o.h.HiveMQPlatformReconcilerBaseHandler - [helmupgr] HiveMQ Platform is starting
2025-01-29 13:38:18,545 INFO c.h.h.t.HelmChartContainer - [hivemq-test-hivemq-platform] [hivemq-platform-operator] [126d9664] 13:38:18.544 [ReconcilerExecutor-hivemq-controller-52] DEBUG c.h.p.operator.event.EventSender - [helmupgr] Creating K8s event hivemq-platform-starting: [Start] HiveMQ Platform is starting
2025-01-29 13:38:18,630 INFO c.h.h.t.HelmChartContainer - [EVENT] Normal [Start] HiveMQ Platform is starting [helmupgradeextensionit:test-hivemq-platform]
2025-01-29 13:38:18,635 INFO c.h.h.t.HelmChartContainer - [hivemq-test-hivemq-platform] [hivemq-platform-operator] [126d9664] 13:38:18.633 [ReconcilerExecutor-hivemq-controller-52] INFO  c.h.p.o.h.AbstractHiveMQReconcilerStateHandler - [helmupgr] Update HiveMQ Platform Status (CREATED [READY] -> STARTING [READY]): HiveMQ Platform is starting
2025-01-29 13:38:18,647 DEBUG com.hivemq.helmcharts.util.K8sUtil - Comparing actual state 'STARTING' and waiting for 'RUNNING'
2025-01-29 13:38:28,737 INFO c.h.h.t.HelmChartContainer - [hivemq-test-hivemq-platform] [hivemq-platform-operator] [126d9664] 13:38:28.730 [pool-6-thread-12] DEBUG c.h.p.o.d.PlatformServiceResource - [helmupgr] Desired Platform services (3 services)
2025-01-29 13:38:28,738 INFO c.h.h.t.HelmChartContainer - [hivemq-test-hivemq-platform] [hivemq-platform-operator] [126d9664] 13:38:28.732 [pool-6-thread-13] DEBUG c.h.p.o.dependants.PodInfoConfigMap - [helmupgr] Desired PodInfo ConfigMap (1 extensions) (1 enabled)
2025-01-29 13:38:28,738 INFO c.h.h.t.HelmChartContainer - [hivemq-test-hivemq-platform] [hivemq-platform-operator] [126d9664] 13:38:28.733 [pool-6-thread-13] DEBUG c.h.p.o.dependants.PodInfoConfigMap - [helmupgr] Desired PodInfo ConfigMap (metrics port: 9399) (metrics path: /)
2025-01-29 13:38:28,738 INFO c.h.h.t.HelmChartContainer - [hivemq-test-hivemq-platform] [hivemq-platform-operator] [126d9664] 13:38:28.733 [pool-6-thread-13] DEBUG c.h.p.o.dependants.PodInfoConfigMap - [helmupgr] Desired PodInfo ConfigMap (extension state hash: -1817869294)
2025-01-29 13:38:28,738 INFO c.h.h.t.HelmChartContainer - [hivemq-test-hivemq-platform] [hivemq-platform-operator] [126d9664] 13:38:28.735 [pool-6-thread-17] DEBUG c.h.p.o.d.PodServiceAccountResource - [helmupgr] Desired PodServiceAccountResource (serviceAccountName: hivemq-platform-pod-test-hivemq-platform)
2025-01-29 13:38:28,828 INFO c.h.h.t.HelmChartContainer - [hivemq-test-hivemq-platform] [hivemq-platform-operator] [126d9664] 13:38:28.824 [pool-6-thread-13] DEBUG c.h.p.o.dependants.PodInfoConfigMap - [helmupgr] Update PodInfo ConfigMap
2025-01-29 13:38:28,838 INFO c.h.h.t.HelmChartContainer - [K3S] [alloc.go:330] "allocated clusterIPs" service="helmupgradeextensionit/hivemq-test-hivemq-platform-cc-8080" clusterIPs={"IPv4":"10.43.90.209"}
2025-01-29 13:38:28,931 INFO c.h.h.t.HelmChartContainer - [K3S] [alloc.go:330] "allocated clusterIPs" service="helmupgradeextensionit/hivemq-test-hivemq-platform-mqtt-1883" clusterIPs={"IPv4":"10.43.217.67"}
2025-01-29 13:38:28,945 INFO c.h.h.t.HelmChartContainer - [K3S] [alloc.go:330] "allocated clusterIPs" service="helmupgradeextensionit/hivemq-test-hivemq-platform-metrics-9399" clusterIPs={"IPv4":"10.43.188.215"}
2025-01-29 13:38:29,028 INFO c.h.h.t.HelmChartContainer - [hivemq-test-hivemq-platform] [hivemq-platform-operator] [126d9664] 13:38:29.025 [pool-6-thread-20] DEBUG c.h.p.o.d.StatefulSetResource - [helmupgr] Desired StatefulSet (1 replicas) for status STARTING (READY)
2025-01-29 13:38:29,043 INFO c.h.h.t.HelmChartContainer - [hivemq-test-hivemq-platform] [hivemq-platform-operator] [126d9664] 13:38:29.042 [pool-6-thread-20] DEBUG c.h.p.o.d.StatefulSetResource - [helmupgr] Create StatefulSet
2025-01-29 13:38:29,160 INFO c.h.h.t.HelmChartContainer - [POD] test-hivemq-platform-0 [c219b6e0-0205-4720-9c5e-a911556d9fd5] in helmupgradeextensionit was ADDED
2025-01-29 13:38:29,162 INFO c.h.h.t.HelmChartContainer - [POD] test-hivemq-platform-0 [c219b6e0-0205-4720-9c5e-a911556d9fd5] in helmupgradeextensionit was MODIFIED
2025-01-29 13:38:29,163 INFO c.h.h.t.HelmChartContainer - [EVENT] Normal [SuccessfulCreate] create Pod test-hivemq-platform-0 in StatefulSet test-hivemq-platform successful [helmupgradeextensionit:test-hivemq-platform]
2025-01-29 13:38:29,168 INFO c.h.h.t.HelmChartContainer - [EVENT] Normal [Scheduled] Successfully assigned helmupgradeextensionit/test-hivemq-platform-0 to 41e0b4b2959d [helmupgradeextensionit:test-hivemq-platform-0]
2025-01-29 13:38:29,170 INFO c.h.h.t.HelmChartContainer - [K3S] [reconciler_common.go:251] "operationExecutor.VerifyControllerAttachedVolume started for volume \"kube-api-access-5zkgm\" (UniqueName: \"kubernetes.io/projected/c219b6e0-0205-4720-9c5e-a911556d9fd5-kube-api-access-5zkgm\") pod \"test-hivemq-platform-0\" (UID: \"c219b6e0-0205-4720-9c5e-a911556d9fd5\") " pod="helmupgradeextensionit/test-hivemq-platform-0"
2025-01-29 13:38:29,171 INFO c.h.h.t.HelmChartContainer - [K3S] [reconciler_common.go:251] "operationExecutor.VerifyControllerAttachedVolume started for volume \"extension-configuration-hivemq-bridge-extension\" (UniqueName: \"kubernetes.io/configmap/c219b6e0-0205-4720-9c5e-a911556d9fd5-extension-configuration-hivemq-bridge-extension\") pod \"test-hivemq-platform-0\" (UID: \"c219b6e0-0205-4720-9c5e-a911556d9fd5\") " pod="helmupgradeextensionit/test-hivemq-platform-0"
2025-01-29 13:38:29,171 INFO c.h.h.t.HelmChartContainer - [K3S] [reconciler_common.go:251] "operationExecutor.VerifyControllerAttachedVolume started for volume \"operator-init\" (UniqueName: \"kubernetes.io/empty-dir/c219b6e0-0205-4720-9c5e-a911556d9fd5-operator-init\") pod \"test-hivemq-platform-0\" (UID: \"c219b6e0-0205-4720-9c5e-a911556d9fd5\") " pod="helmupgradeextensionit/test-hivemq-platform-0"
2025-01-29 13:38:29,171 INFO c.h.h.t.HelmChartContainer - [K3S] [reconciler_common.go:251] "operationExecutor.VerifyControllerAttachedVolume started for volume \"pod-info\" (UniqueName: \"kubernetes.io/configmap/c219b6e0-0205-4720-9c5e-a911556d9fd5-pod-info\") pod \"test-hivemq-platform-0\" (UID: \"c219b6e0-0205-4720-9c5e-a911556d9fd5\") " pod="helmupgradeextensionit/test-hivemq-platform-0"
2025-01-29 13:38:29,171 INFO c.h.h.t.HelmChartContainer - [K3S] [reconciler_common.go:251] "operationExecutor.VerifyControllerAttachedVolume started for volume \"broker-configuration\" (UniqueName: \"kubernetes.io/configmap/c219b6e0-0205-4720-9c5e-a911556d9fd5-broker-configuration\") pod \"test-hivemq-platform-0\" (UID: \"c219b6e0-0205-4720-9c5e-a911556d9fd5\") " pod="helmupgradeextensionit/test-hivemq-platform-0"
2025-01-29 13:38:29,179 INFO c.h.h.t.HelmChartContainer - [POD] test-hivemq-platform-0 [c219b6e0-0205-4720-9c5e-a911556d9fd5] in helmupgradeextensionit was MODIFIED
2025-01-29 13:38:29,227 INFO c.h.h.t.HelmChartContainer - [hivemq-test-hivemq-platform] [hivemq-platform-operator] [126d9664] 13:38:29.222 [ReconcilerExecutor-hivemq-controller-63] INFO  c.h.p.o.HiveMQPlatformReconciler - [helmupgr] Reconciling HiveMQ Platform 'test-hivemq-platform' in namespace 'helmupgradeextensionit'
2025-01-29 13:38:29,227 INFO c.h.h.t.HelmChartContainer - [hivemq-test-hivemq-platform] [hivemq-platform-operator] [126d9664] 13:38:29.223 [ReconcilerExecutor-hivemq-controller-63] DEBUG c.h.p.o.HiveMQPlatformReconciler - [helmupgr] Custom Resource Status STARTING - HiveMQ Platform is starting (READY)
2025-01-29 13:38:29,227 INFO c.h.h.t.HelmChartContainer - [hivemq-test-hivemq-platform] [hivemq-platform-operator] [126d9664] 13:38:29.223 [ReconcilerExecutor-hivemq-controller-63] DEBUG c.h.p.o.HiveMQPlatformReconciler - [helmupgr] Custom Resource Spec (replicas: 1) (extensions: 1)
2025-01-29 13:38:29,230 INFO c.h.h.t.HelmChartContainer - [hivemq-test-hivemq-platform] [hivemq-platform-operator] [126d9664] 13:38:29.228 [ReconcilerExecutor-hivemq-controller-63] DEBUG c.h.p.o.HiveMQPlatformReconciler - [helmupgr] StatefulSet Status (revision: null, replicas: 0, available: 0, ready: 0, current: 0, updated: 0)
2025-01-29 13:38:29,232 INFO c.h.h.t.HelmChartContainer - [hivemq-test-hivemq-platform] [hivemq-platform-operator] [126d9664] 13:38:29.230 [ReconcilerExecutor-hivemq-controller-63] DEBUG c.h.p.o.HiveMQPlatformReconciler - [helmupgr] StatefulSet Spec (replicas: 1, init containers: 1, containers: 1, volumes: 4)
2025-01-29 13:38:29,331 INFO c.h.h.t.HelmChartContainer - [hivemq-test-hivemq-platform] [hivemq-platform-operator] [126d9664] 13:38:29.329 [ReconcilerExecutor-hivemq-controller-63] DEBUG c.h.p.o.h.HiveMQPlatformReconcilerErrorHandler - [helmupgr] Pod 'test-hivemq-platform-0' phase Pending
2025-01-29 13:38:29,333 INFO c.h.h.t.HelmChartContainer - [hivemq-test-hivemq-platform] [hivemq-platform-operator] [126d9664] 13:38:29.330 [ReconcilerExecutor-hivemq-controller-63] DEBUG c.h.p.o.h.HiveMQPlatformReconcilerErrorHandler - [helmupgr] Pod 'test-hivemq-platform-0' condition 'PodReadyToStartContainers': False
2025-01-29 13:38:29,333 INFO c.h.h.t.HelmChartContainer - [hivemq-test-hivemq-platform] [hivemq-platform-operator] [126d9664] 13:38:29.331 [ReconcilerExecutor-hivemq-controller-63] DEBUG c.h.p.o.h.HiveMQPlatformReconcilerErrorHandler - [helmupgr] Pod 'test-hivemq-platform-0' condition 'Initialized': False
2025-01-29 13:38:29,333 INFO c.h.h.t.HelmChartContainer - [hivemq-test-hivemq-platform] [hivemq-platform-operator] [126d9664] 13:38:29.331 [ReconcilerExecutor-hivemq-controller-63] DEBUG c.h.p.o.h.HiveMQPlatformReconcilerErrorHandler - [helmupgr] Pod 'test-hivemq-platform-0' condition 'Ready': False
2025-01-29 13:38:29,333 INFO c.h.h.t.HelmChartContainer - [hivemq-test-hivemq-platform] [hivemq-platform-operator] [126d9664] 13:38:29.331 [ReconcilerExecutor-hivemq-controller-63] DEBUG c.h.p.o.h.HiveMQPlatformReconcilerErrorHandler - [helmupgr] Pod 'test-hivemq-platform-0' condition 'ContainersReady': False
2025-01-29 13:38:29,333 INFO c.h.h.t.HelmChartContainer - [hivemq-test-hivemq-platform] [hivemq-platform-operator] [126d9664] 13:38:29.331 [ReconcilerExecutor-hivemq-controller-63] DEBUG c.h.p.o.h.HiveMQPlatformReconcilerErrorHandler - [helmupgr] Pod 'test-hivemq-platform-0' condition 'PodScheduled': True
2025-01-29 13:38:29,333 INFO c.h.h.t.HelmChartContainer - [hivemq-test-hivemq-platform] [hivemq-platform-operator] [126d9664] 13:38:29.331 [ReconcilerExecutor-hivemq-controller-63] DEBUG c.h.p.o.h.HiveMQPlatformReconcilerErrorHandler - [helmupgr] Pod 'test-hivemq-platform-0' containerStatus 'hivemq' (started: false) (ready: false) (waiting: [PodInitializing] null)
2025-01-29 13:38:29,335 INFO c.h.h.t.HelmChartContainer - [hivemq-test-hivemq-platform] [hivemq-platform-operator] [126d9664] 13:38:29.334 [ReconcilerExecutor-hivemq-controller-63] INFO  c.h.p.o.h.HiveMQPlatformReconcilerBaseHandler - [helmupgr] HiveMQ Platform is starting, 0 of 1 replicas are ready
2025-01-29 13:38:29,339 INFO c.h.h.t.HelmChartContainer - [hivemq-test-hivemq-platform] [hivemq-platform-operator] [126d9664] 13:38:29.338 [pool-6-thread-22] DEBUG c.h.p.o.d.PlatformServiceResource - [helmupgr] Desired Platform services (3 services)
2025-01-29 13:38:29,427 INFO c.h.h.t.HelmChartContainer - [hivemq-test-hivemq-platform] [hivemq-platform-operator] [126d9664] 13:38:29.424 [pool-6-thread-23] DEBUG c.h.p.o.dependants.PodInfoConfigMap - [helmupgr] Desired PodInfo ConfigMap (1 extensions) (1 enabled)
2025-01-29 13:38:29,427 INFO c.h.h.t.HelmChartContainer - [hivemq-test-hivemq-platform] [hivemq-platform-operator] [126d9664] 13:38:29.425 [pool-6-thread-23] DEBUG c.h.p.o.dependants.PodInfoConfigMap - [helmupgr] Desired PodInfo ConfigMap (metrics port: 9399) (metrics path: /)
2025-01-29 13:38:29,428 INFO c.h.h.t.HelmChartContainer - [hivemq-test-hivemq-platform] [hivemq-platform-operator] [126d9664] 13:38:29.425 [pool-6-thread-23] DEBUG c.h.p.o.dependants.PodInfoConfigMap - [helmupgr] Desired PodInfo ConfigMap (extension state hash: -1817869294)
2025-01-29 13:38:29,428 INFO c.h.h.t.HelmChartContainer - [hivemq-test-hivemq-platform] [hivemq-platform-operator] [126d9664] 13:38:29.427 [pool-6-thread-27] DEBUG c.h.p.o.d.PodServiceAccountResource - [helmupgr] Desired PodServiceAccountResource (serviceAccountName: hivemq-platform-pod-test-hivemq-platform)
2025-01-29 13:38:29,438 INFO c.h.h.t.HelmChartContainer - [hivemq-test-hivemq-platform] [hivemq-platform-operator] [126d9664] 13:38:29.436 [pool-6-thread-30] DEBUG c.h.p.o.d.StatefulSetResource - [helmupgr] Desired StatefulSet (1 replicas) for status STARTING (READY)
2025-01-29 13:38:29,532 INFO c.h.h.t.HelmChartContainer - [hivemq-test-hivemq-platform] [hivemq-platform-operator] [126d9664] 13:38:29.531 [ReconcilerExecutor-hivemq-controller-76] INFO  c.h.p.o.HiveMQPlatformReconciler - [helmupgr] Reconciling HiveMQ Platform 'test-hivemq-platform' in namespace 'helmupgradeextensionit'
2025-01-29 13:38:29,533 INFO c.h.h.t.HelmChartContainer - [hivemq-test-hivemq-platform] [hivemq-platform-operator] [126d9664] 13:38:29.531 [ReconcilerExecutor-hivemq-controller-76] DEBUG c.h.p.o.HiveMQPlatformReconciler - [helmupgr] Custom Resource Status STARTING - HiveMQ Platform is starting (READY)
2025-01-29 13:38:29,534 INFO c.h.h.t.HelmChartContainer - [hivemq-test-hivemq-platform] [hivemq-platform-operator] [126d9664] 13:38:29.531 [ReconcilerExecutor-hivemq-controller-76] DEBUG c.h.p.o.HiveMQPlatformReconciler - [helmupgr] Custom Resource Spec (replicas: 1) (extensions: 1)
2025-01-29 13:38:29,542 INFO c.h.h.t.HelmChartContainer - [hivemq-test-hivemq-platform] [hivemq-platform-operator] [126d9664] 13:38:29.541 [ReconcilerExecutor-hivemq-controller-76] DEBUG c.h.p.o.HiveMQPlatformReconciler - [helmupgr] StatefulSet Status (revision: test-hivemq-platform-5b6c7575b6, replicas: 1, available: 0, ready: 0, current: 1, updated: 1)
2025-01-29 13:38:29,549 INFO c.h.h.t.HelmChartContainer - [hivemq-test-hivemq-platform] [hivemq-platform-operator] [126d9664] 13:38:29.544 [ReconcilerExecutor-hivemq-controller-76] DEBUG c.h.p.o.HiveMQPlatformReconciler - [helmupgr] StatefulSet Spec (replicas: 1, init containers: 1, containers: 1, volumes: 4)
2025-01-29 13:38:29,553 INFO c.h.h.t.HelmChartContainer - [hivemq-test-hivemq-platform] [hivemq-platform-operator] [126d9664] 13:38:29.552 [ReconcilerExecutor-hivemq-controller-76] DEBUG c.h.p.o.h.HiveMQPlatformReconcilerErrorHandler - [helmupgr] Pod 'test-hivemq-platform-0' phase Pending
2025-01-29 13:38:29,555 INFO c.h.h.t.HelmChartContainer - [hivemq-test-hivemq-platform] [hivemq-platform-operator] [126d9664] 13:38:29.553 [ReconcilerExecutor-hivemq-controller-76] DEBUG c.h.p.o.h.HiveMQPlatformReconcilerErrorHandler - [helmupgr] Pod 'test-hivemq-platform-0' condition 'PodReadyToStartContainers': False
2025-01-29 13:38:29,557 INFO c.h.h.t.HelmChartContainer - [hivemq-test-hivemq-platform] [hivemq-platform-operator] [126d9664] 13:38:29.553 [ReconcilerExecutor-hivemq-controller-76] DEBUG c.h.p.o.h.HiveMQPlatformReconcilerErrorHandler - [helmupgr] Pod 'test-hivemq-platform-0' condition 'Initialized': False
2025-01-29 13:38:29,557 INFO c.h.h.t.HelmChartContainer - [hivemq-test-hivemq-platform] [hivemq-platform-operator] [126d9664] 13:38:29.554 [ReconcilerExecutor-hivemq-controller-76] DEBUG c.h.p.o.h.HiveMQPlatformReconcilerErrorHandler - [helmupgr] Pod 'test-hivemq-platform-0' condition 'Ready': False
2025-01-29 13:38:29,557 INFO c.h.h.t.HelmChartContainer - [hivemq-test-hivemq-platform] [hivemq-platform-operator] [126d9664] 13:38:29.554 [ReconcilerExecutor-hivemq-controller-76] DEBUG c.h.p.o.h.HiveMQPlatformReconcilerErrorHandler - [helmupgr] Pod 'test-hivemq-platform-0' condition 'ContainersReady': False
2025-01-29 13:38:29,557 INFO c.h.h.t.HelmChartContainer - [hivemq-test-hivemq-platform] [hivemq-platform-operator] [126d9664] 13:38:29.554 [ReconcilerExecutor-hivemq-controller-76] DEBUG c.h.p.o.h.HiveMQPlatformReconcilerErrorHandler - [helmupgr] Pod 'test-hivemq-platform-0' condition 'PodScheduled': True
2025-01-29 13:38:29,557 INFO c.h.h.t.HelmChartContainer - [hivemq-test-hivemq-platform] [hivemq-platform-operator] [126d9664] 13:38:29.554 [ReconcilerExecutor-hivemq-controller-76] DEBUG c.h.p.o.h.HiveMQPlatformReconcilerErrorHandler - [helmupgr] Pod 'test-hivemq-platform-0' containerStatus 'hivemq' (started: false) (ready: false) (waiting: [PodInitializing] null)
2025-01-29 13:38:29,558 INFO c.h.h.t.HelmChartContainer - [hivemq-test-hivemq-platform] [hivemq-platform-operator] [126d9664] 13:38:29.557 [ReconcilerExecutor-hivemq-controller-76] INFO  c.h.p.o.h.HiveMQPlatformReconcilerBaseHandler - [helmupgr] HiveMQ Platform is starting, 0 of 1 replicas are ready
2025-01-29 13:38:29,571 INFO c.h.h.t.HelmChartContainer - [EVENT] Normal [Pulled] Container image "docker.io/hivemq/hivemq-platform-operator-init-test:snapshot" already present on machine [helmupgradeextensionit:test-hivemq-platform-0]
2025-01-29 13:38:29,580 INFO c.h.h.t.HelmChartContainer - [EVENT] Normal [Created] Created container: hivemq-platform-operator-init [helmupgradeextensionit:test-hivemq-platform-0]
2025-01-29 13:38:29,618 INFO c.h.h.t.HelmChartContainer - [EVENT] Normal [Started] Started container hivemq-platform-operator-init [helmupgradeextensionit:test-hivemq-platform-0]
2025-01-29 13:38:30,557 INFO c.h.h.t.HelmChartContainer - [EVENT] Normal [Pulled] Container image "docker.io/hivemq/hivemq4:4.36.0" already present on machine [helmupgradeextensionit:test-hivemq-platform-0]
2025-01-29 13:38:30,557 INFO c.h.h.t.HelmChartContainer - Received Pulled event for container hivemq in pod test-hivemq-platform-0 [c219b6e0-0205-4720-9c5e-a911556d9fd5]
2025-01-29 13:38:30,580 INFO c.h.h.t.HelmChartContainer - [POD] test-hivemq-platform-0 [c219b6e0-0205-4720-9c5e-a911556d9fd5] in helmupgradeextensionit was MODIFIED
2025-01-29 13:38:30,600 INFO c.h.h.t.HelmChartContainer - [hivemq-test-hivemq-platform] [hivemq-platform-operator] [126d9664] 13:38:30.590 [pool-6-thread-32] DEBUG c.h.p.o.d.PlatformServiceResource - [helmupgr] Desired Platform services (3 services)
2025-01-29 13:38:30,600 INFO c.h.h.t.HelmChartContainer - [hivemq-test-hivemq-platform] [hivemq-platform-operator] [126d9664] 13:38:30.595 [pool-6-thread-33] DEBUG c.h.p.o.dependants.PodInfoConfigMap - [helmupgr] Desired PodInfo ConfigMap (1 extensions) (1 enabled)
2025-01-29 13:38:30,600 INFO c.h.h.t.HelmChartContainer - [hivemq-test-hivemq-platform] [hivemq-platform-operator] [126d9664] 13:38:30.595 [pool-6-thread-33] DEBUG c.h.p.o.dependants.PodInfoConfigMap - [helmupgr] Desired PodInfo ConfigMap (metrics port: 9399) (metrics path: /)
2025-01-29 13:38:30,600 INFO c.h.h.t.HelmChartContainer - [hivemq-test-hivemq-platform] [hivemq-platform-operator] [126d9664] 13:38:30.596 [pool-6-thread-33] DEBUG c.h.p.o.dependants.PodInfoConfigMap - [helmupgr] Desired PodInfo ConfigMap (extension state hash: -1817869294)
2025-01-29 13:38:30,602 INFO c.h.h.t.HelmChartContainer - [EVENT] Normal [Created] Created container: hivemq [helmupgradeextensionit:test-hivemq-platform-0]
2025-01-29 13:38:30,604 INFO c.h.h.t.HelmChartContainer - Received Created event for container hivemq in pod test-hivemq-platform-0 [c219b6e0-0205-4720-9c5e-a911556d9fd5]
2025-01-29 13:38:30,602 INFO c.h.h.t.HelmChartContainer - [hivemq-test-hivemq-platform] [hivemq-platform-operator] [126d9664] 13:38:30.600 [pool-6-thread-37] DEBUG c.h.p.o.d.PodServiceAccountResource - [helmupgr] Desired PodServiceAccountResource (serviceAccountName: hivemq-platform-pod-test-hivemq-platform)
2025-01-29 13:38:30,635 INFO c.h.h.t.HelmChartContainer - [hivemq-test-hivemq-platform] [hivemq-platform-operator] [126d9664] 13:38:30.631 [pool-6-thread-40] DEBUG c.h.p.o.d.StatefulSetResource - [helmupgr] Desired StatefulSet (1 replicas) for status STARTING (READY)
2025-01-29 13:38:30,689 INFO c.h.h.t.HelmChartContainer - [hivemq-test-hivemq-platform] [hivemq-platform-operator] [126d9664] 13:38:30.688 [ReconcilerExecutor-hivemq-controller-87] INFO  c.h.p.o.HiveMQPlatformReconciler - [helmupgr] Reconciling HiveMQ Platform 'test-hivemq-platform' in namespace 'helmupgradeextensionit'
2025-01-29 13:38:30,690 INFO c.h.h.t.HelmChartContainer - [hivemq-test-hivemq-platform] [hivemq-platform-operator] [126d9664] 13:38:30.688 [ReconcilerExecutor-hivemq-controller-87] DEBUG c.h.p.o.HiveMQPlatformReconciler - [helmupgr] Custom Resource Status STARTING - HiveMQ Platform is starting (READY)
2025-01-29 13:38:30,690 INFO c.h.h.t.HelmChartContainer - [hivemq-test-hivemq-platform] [hivemq-platform-operator] [126d9664] 13:38:30.688 [ReconcilerExecutor-hivemq-controller-87] DEBUG c.h.p.o.HiveMQPlatformReconciler - [helmupgr] Custom Resource Spec (replicas: 1) (extensions: 1)
2025-01-29 13:38:30,697 INFO c.h.h.t.HelmChartContainer - [hivemq-test-hivemq-platform] [hivemq-platform-operator] [126d9664] 13:38:30.693 [ReconcilerExecutor-hivemq-controller-87] DEBUG c.h.p.o.HiveMQPlatformReconciler - [helmupgr] StatefulSet Status (revision: test-hivemq-platform-5b6c7575b6, replicas: 1, available: 0, ready: 0, current: 1, updated: 1)
2025-01-29 13:38:30,699 INFO c.h.h.t.HelmChartContainer - [hivemq-test-hivemq-platform] [hivemq-platform-operator] [126d9664] 13:38:30.695 [ReconcilerExecutor-hivemq-controller-87] DEBUG c.h.p.o.HiveMQPlatformReconciler - [helmupgr] StatefulSet Spec (replicas: 1, init containers: 1, containers: 1, volumes: 4)
2025-01-29 13:38:30,700 INFO c.h.h.t.HelmChartContainer - [hivemq-test-hivemq-platform] [hivemq-platform-operator] [126d9664] 13:38:30.700 [ReconcilerExecutor-hivemq-controller-87] DEBUG c.h.p.o.h.HiveMQPlatformReconcilerErrorHandler - [helmupgr] Pod 'test-hivemq-platform-0' phase Pending
2025-01-29 13:38:30,702 INFO c.h.h.t.HelmChartContainer - [hivemq-test-hivemq-platform] [hivemq-platform-operator] [126d9664] 13:38:30.700 [ReconcilerExecutor-hivemq-controller-87] DEBUG c.h.p.o.h.HiveMQPlatformReconcilerErrorHandler - [helmupgr] Pod 'test-hivemq-platform-0' condition 'PodReadyToStartContainers': True
2025-01-29 13:38:30,703 INFO c.h.h.t.HelmChartContainer - [hivemq-test-hivemq-platform] [hivemq-platform-operator] [126d9664] 13:38:30.700 [ReconcilerExecutor-hivemq-controller-87] DEBUG c.h.p.o.h.HiveMQPlatformReconcilerErrorHandler - [helmupgr] Pod 'test-hivemq-platform-0' condition 'Initialized': True
2025-01-29 13:38:30,703 INFO c.h.h.t.HelmChartContainer - [hivemq-test-hivemq-platform] [hivemq-platform-operator] [126d9664] 13:38:30.700 [ReconcilerExecutor-hivemq-controller-87] DEBUG c.h.p.o.h.HiveMQPlatformReconcilerErrorHandler - [helmupgr] Pod 'test-hivemq-platform-0' condition 'Ready': False
2025-01-29 13:38:30,703 INFO c.h.h.t.HelmChartContainer - [hivemq-test-hivemq-platform] [hivemq-platform-operator] [126d9664] 13:38:30.701 [ReconcilerExecutor-hivemq-controller-87] DEBUG c.h.p.o.h.HiveMQPlatformReconcilerErrorHandler - [helmupgr] Pod 'test-hivemq-platform-0' condition 'ContainersReady': False
2025-01-29 13:38:30,703 INFO c.h.h.t.HelmChartContainer - [hivemq-test-hivemq-platform] [hivemq-platform-operator] [126d9664] 13:38:30.701 [ReconcilerExecutor-hivemq-controller-87] DEBUG c.h.p.o.h.HiveMQPlatformReconcilerErrorHandler - [helmupgr] Pod 'test-hivemq-platform-0' condition 'PodScheduled': True
2025-01-29 13:38:30,703 INFO c.h.h.t.HelmChartContainer - [hivemq-test-hivemq-platform] [hivemq-platform-operator] [126d9664] 13:38:30.701 [ReconcilerExecutor-hivemq-controller-87] DEBUG c.h.p.o.h.HiveMQPlatformReconcilerErrorHandler - [helmupgr] Pod 'test-hivemq-platform-0' containerStatus 'hivemq' (started: false) (ready: false) (waiting: [PodInitializing] null)
2025-01-29 13:38:30,703 INFO c.h.h.t.HelmChartContainer - [hivemq-test-hivemq-platform] [hivemq-platform-operator] [126d9664] 13:38:30.702 [ReconcilerExecutor-hivemq-controller-87] INFO  c.h.p.o.h.HiveMQPlatformReconcilerBaseHandler - [helmupgr] HiveMQ Platform is starting, 0 of 1 replicas are ready
2025-01-29 13:38:31,565 INFO c.h.h.t.HelmChartContainer - [POD] test-hivemq-platform-0 [c219b6e0-0205-4720-9c5e-a911556d9fd5] in helmupgradeextensionit was MODIFIED
2025-01-29 13:38:31,582 INFO c.h.h.t.HelmChartContainer - [EVENT] Normal [Started] Started container hivemq [helmupgradeextensionit:test-hivemq-platform-0]
2025-01-29 13:38:31,582 INFO c.h.h.t.HelmChartContainer - Received Started event for container hivemq in pod test-hivemq-platform-0 [c219b6e0-0205-4720-9c5e-a911556d9fd5]
2025-01-29 13:38:31,582 INFO c.h.h.t.HelmChartContainer - Started log watcher for hivemq in pod test-hivemq-platform-0 [c219b6e0-0205-4720-9c5e-a911556d9fd5]
2025-01-29 13:38:31,583 INFO c.h.h.t.HelmChartContainer - [test-hivemq-platform] [hivemq] [c219b6e0] Adding pre-installed HiveMQ Platform Operator extensions
2025-01-29 13:38:31,583 INFO c.h.h.t.HelmChartContainer - [test-hivemq-platform] [hivemq] [c219b6e0] Running as user 10000
2025-01-29 13:38:31,583 INFO c.h.h.t.HelmChartContainer - [test-hivemq-platform] [hivemq] [c219b6e0] Starting HiveMQ Platform Operator Init
2025-01-29 13:38:31,591 INFO c.h.h.t.HelmChartContainer - [hivemq-test-hivemq-platform] [hivemq-platform-operator] [126d9664] 13:38:31.588 [pool-6-thread-42] DEBUG c.h.p.o.d.PlatformServiceResource - [helmupgr] Desired Platform services (3 services)
2025-01-29 13:38:31,601 INFO c.h.h.t.HelmChartContainer - [hivemq-test-hivemq-platform] [hivemq-platform-operator] [126d9664] 13:38:31.596 [pool-6-thread-43] DEBUG c.h.p.o.dependants.PodInfoConfigMap - [helmupgr] Desired PodInfo ConfigMap (1 extensions) (1 enabled)
2025-01-29 13:38:31,602 INFO c.h.h.t.HelmChartContainer - [hivemq-test-hivemq-platform] [hivemq-platform-operator] [126d9664] 13:38:31.599 [pool-6-thread-43] DEBUG c.h.p.o.dependants.PodInfoConfigMap - [helmupgr] Desired PodInfo ConfigMap (metrics port: 9399) (metrics path: /)
2025-01-29 13:38:31,602 INFO c.h.h.t.HelmChartContainer - [hivemq-test-hivemq-platform] [hivemq-platform-operator] [126d9664] 13:38:31.600 [pool-6-thread-43] DEBUG c.h.p.o.dependants.PodInfoConfigMap - [helmupgr] Desired PodInfo ConfigMap (extension state hash: -1817869294)
2025-01-29 13:38:31,603 INFO c.h.h.t.HelmChartContainer - [hivemq-test-hivemq-platform] [hivemq-platform-operator] [126d9664] 13:38:31.601 [pool-6-thread-47] DEBUG c.h.p.o.d.PodServiceAccountResource - [helmupgr] Desired PodServiceAccountResource (serviceAccountName: hivemq-platform-pod-test-hivemq-platform)
2025-01-29 13:38:31,630 INFO c.h.h.t.HelmChartContainer - [hivemq-test-hivemq-platform] [hivemq-platform-operator] [126d9664] 13:38:31.627 [pool-6-thread-50] DEBUG c.h.p.o.d.StatefulSetResource - [helmupgr] Desired StatefulSet (1 replicas) for status STARTING (READY)
2025-01-29 13:38:31,632 INFO c.h.h.t.HelmChartContainer - [hivemq-test-hivemq-platform] [hivemq-platform-operator] [126d9664] 13:38:31.631 [ReconcilerExecutor-hivemq-controller-98] INFO  c.h.p.o.HiveMQPlatformReconciler - [helmupgr] Reconciling HiveMQ Platform 'test-hivemq-platform' in namespace 'helmupgradeextensionit'
2025-01-29 13:38:31,632 INFO c.h.h.t.HelmChartContainer - [hivemq-test-hivemq-platform] [hivemq-platform-operator] [126d9664] 13:38:31.631 [ReconcilerExecutor-hivemq-controller-98] DEBUG c.h.p.o.HiveMQPlatformReconciler - [helmupgr] Custom Resource Status STARTING - HiveMQ Platform is starting (READY)
2025-01-29 13:38:31,632 INFO c.h.h.t.HelmChartContainer - [hivemq-test-hivemq-platform] [hivemq-platform-operator] [126d9664] 13:38:31.631 [ReconcilerExecutor-hivemq-controller-98] DEBUG c.h.p.o.HiveMQPlatformReconciler - [helmupgr] Custom Resource Spec (replicas: 1) (extensions: 1)
2025-01-29 13:38:31,634 INFO c.h.h.t.HelmChartContainer - [hivemq-test-hivemq-platform] [hivemq-platform-operator] [126d9664] 13:38:31.634 [ReconcilerExecutor-hivemq-controller-98] DEBUG c.h.p.o.HiveMQPlatformReconciler - [helmupgr] StatefulSet Status (revision: test-hivemq-platform-5b6c7575b6, replicas: 1, available: 0, ready: 0, current: 1, updated: 1)
2025-01-29 13:38:31,634 INFO c.h.h.t.HelmChartContainer - [hivemq-test-hivemq-platform] [hivemq-platform-operator] [126d9664] 13:38:31.634 [ReconcilerExecutor-hivemq-controller-98] DEBUG c.h.p.o.HiveMQPlatformReconciler - [helmupgr] StatefulSet Spec (replicas: 1, init containers: 1, containers: 1, volumes: 4)
2025-01-29 13:38:31,692 INFO c.h.h.t.HelmChartContainer - [hivemq-test-hivemq-platform] [hivemq-platform-operator] [126d9664] 13:38:31.690 [ReconcilerExecutor-hivemq-controller-98] DEBUG c.h.p.o.h.HiveMQPlatformReconcilerErrorHandler - [helmupgr] Pod 'test-hivemq-platform-0' phase Running
2025-01-29 13:38:31,693 INFO c.h.h.t.HelmChartContainer - [hivemq-test-hivemq-platform] [hivemq-platform-operator] [126d9664] 13:38:31.692 [ReconcilerExecutor-hivemq-controller-98] INFO  c.h.p.o.h.HiveMQPlatformReconcilerBaseHandler - [helmupgr] HiveMQ Platform is starting, 0 of 1 replicas are ready
2025-01-29 13:38:31,878 INFO c.h.h.t.HelmChartContainer - [test-hivemq-platform] [hivemq] [c219b6e0] INFO  - [HiveMQ Platform Operator Init 1.7.0-SNAPSHOT] HiveMQ Platform Operator Init 1.7.0-SNAPSHOT (commit: bebf408 on branch: HEAD) built on Sun Jan 26 20:47:47 UTC 2025
2025-01-29 13:38:33,036 INFO c.h.h.t.HelmChartContainer - [test-hivemq-platform] [hivemq] [c219b6e0] INFO  - [HiveMQ Platform Operator Init App 1.7.0-SNAPSHOT] Using bind address 10.42.0.6 from environment variable
2025-01-29 13:38:34,017 INFO c.h.h.t.HelmChartContainer - [test-hivemq-platform] [hivemq] [c219b6e0] INFO  - [HiveMQ Platform Operator Init App 1.7.0-SNAPSHOT] HiveMQ Platform Operator Init App 1.7.0-SNAPSHOT (commit: bebf408 on branch: HEAD) built on Sun Jan 26 20:47:47 UTC 2025
2025-01-29 13:38:34,018 INFO c.h.h.t.HelmChartContainer - [test-hivemq-platform] [hivemq] [c219b6e0] INFO  - [HiveMQ Platform Operator Init App 1.7.0-SNAPSHOT] PodInfo ConfigMap directory: /etc/podinfo
2025-01-29 13:38:34,019 INFO c.h.h.t.HelmChartContainer - [test-hivemq-platform] [hivemq] [c219b6e0] INFO  - [HiveMQ Platform Operator Init App 1.7.0-SNAPSHOT] HiveMQ home directory: /opt/hivemq
2025-01-29 13:38:34,019 INFO c.h.h.t.HelmChartContainer - [test-hivemq-platform] [hivemq] [c219b6e0] INFO  - [HiveMQ Platform Operator Init App 1.7.0-SNAPSHOT] HiveMQ Logback folder: /opt/hivemq/conf
2025-01-29 13:38:34,019 INFO c.h.h.t.HelmChartContainer - [test-hivemq-platform] [hivemq] [c219b6e0] INFO  - [HiveMQ Platform Operator Init App 1.7.0-SNAPSHOT] HiveMQ Config folder: /opt/hivemq/conf-k8s
2025-01-29 13:38:34,021 INFO c.h.h.t.HelmChartContainer - [test-hivemq-platform] [hivemq] [c219b6e0] INFO  - [HiveMQ Platform Operator Init App 1.7.0-SNAPSHOT] Starting HiveMQ Platform Operator Init App
2025-01-29 13:38:34,021 INFO c.h.h.t.HelmChartContainer - [test-hivemq-platform] [hivemq] [c219b6e0] INFO  - [HiveMQ Platform Operator Init App 1.7.0-SNAPSHOT] Starting Pod reconciler
2025-01-29 13:38:35,379 INFO c.h.h.t.HelmChartContainer - [test-hivemq-platform] [hivemq] [c219b6e0] INFO  - [HiveMQ Platform Operator Init App 1.7.0-SNAPSHOT] Pod reconciler is scheduled (interval: 5000 ms)
2025-01-29 13:38:35,381 INFO c.h.h.t.HelmChartContainer - [test-hivemq-platform] [hivemq] [c219b6e0] INFO  - [HiveMQ Platform Operator Init App 1.7.0-SNAPSHOT] Starting the REST API on 10.42.0.6:7979
2025-01-29 13:38:35,383 INFO c.h.h.t.HelmChartContainer - [test-hivemq-platform] [hivemq] [c219b6e0] INFO  - [HiveMQ Platform Operator Init App 1.7.0-SNAPSHOT] Waiting up to 600s for at most 1 HiveMQ nodes in cluster service hivemq-test-hivemq-platform-cluster.helmupgradeextensionit.svc
2025-01-29 13:38:35,727 INFO c.h.h.t.HelmChartContainer - [test-hivemq-platform] [hivemq] [c219b6e0] INFO  - [HiveMQ Platform Operator Init App 1.7.0-SNAPSHOT] Resolved 1 IP addresses: [10.42.0.6]
2025-01-29 13:38:35,770 INFO c.h.h.t.HelmChartContainer - [test-hivemq-platform] [hivemq] [c219b6e0] INFO  - [HiveMQ Platform Operator Init App 1.7.0-SNAPSHOT] HiveMQ node count of 1 is within threshold of 1
2025-01-29 13:38:35,770 INFO c.h.h.t.HelmChartContainer - [test-hivemq-platform] [hivemq] [c219b6e0] INFO  - [HiveMQ Platform Operator Init App 1.7.0-SNAPSHOT] Proceeding with container start
2025-01-29 13:38:35,819 INFO c.h.h.t.HelmChartContainer - [test-hivemq-platform] [hivemq] [c219b6e0] INFO  - [HiveMQ Platform Operator Init App 1.7.0-SNAPSHOT] Initializing HiveMQ Platform extensions with initial configuration: {hivemq-bridge-extension={start-priority=-1, skip-https-hostname-verification=false, restart=true, config-version=515, header-version=0, c-uri=, priority=-1, uri=preinstalled, skip-https-certificate-validation=false, enabled=true}, hivemq-prometheus-extension={priority=-1, restart=true, enabled=true, request-header-path=no-request-headers, uri=preinstalled, skip-https-certificate-validation=false, skip-https-hostname-verification=false, c-uri=, start-priority=-1}}
2025-01-29 13:38:36,317 INFO c.h.h.t.HelmChartContainer - [test-hivemq-platform] [hivemq] [c219b6e0] INFO  - [HiveMQ Platform Operator Init App 1.7.0-SNAPSHOT] Successfully enabled extension hivemq-bridge-extension
2025-01-29 13:38:36,317 INFO c.h.h.testcontainer.LogWaiterUtil - TEST Found log pattern on 'test-hivemq-platform-0': .*\[HiveMQ Platform Operator Init App [A-Z0-9.-]+\] Successfully enabled extension hivemq-bridge-extension
2025-01-29 13:38:36,373 INFO c.h.h.t.HelmChartContainer - [test-hivemq-platform] [hivemq] [c219b6e0] INFO  - [HiveMQ Platform Operator Init App 1.7.0-SNAPSHOT] Successfully enabled extension hivemq-prometheus-extension
2025-01-29 13:38:36,375 INFO c.h.h.t.HelmChartContainer - [test-hivemq-platform] [hivemq] [c219b6e0] INFO  - [HiveMQ Platform Operator Init App 1.7.0-SNAPSHOT] Starting HiveMQ Platform version 4.36.0 (4.36.0)
2025-01-29 13:38:36,376 INFO c.h.h.t.HelmChartContainer - [test-hivemq-platform] [hivemq] [c219b6e0] INFO  - [HiveMQ Platform Operator Init App 1.7.0-SNAPSHOT] Configuring the HiveMQ Platform
2025-01-29 13:38:36,421 INFO c.h.h.t.HelmChartContainer - [test-hivemq-platform] [hivemq] [c219b6e0] INFO  - [HiveMQ Platform Operator Init App 1.7.0-SNAPSHOT] Changed logback.xml file scan period to 20 seconds
2025-01-29 13:38:36,475 INFO c.h.h.t.HelmChartContainer - [test-hivemq-platform] [hivemq] [c219b6e0] INFO  - [HiveMQ Platform Operator Init App 1.7.0-SNAPSHOT] Starting the HiveMQ Platform
2025-01-29 13:38:36,516 INFO c.h.h.t.HelmChartContainer - [test-hivemq-platform] [hivemq] [c219b6e0] -------------------------------------------------------------------------
2025-01-29 13:38:36,517 INFO c.h.h.t.HelmChartContainer - [test-hivemq-platform] [hivemq] [c219b6e0] 
2025-01-29 13:38:36,517 INFO c.h.h.t.HelmChartContainer - [test-hivemq-platform] [hivemq] [c219b6e0]                   _    _  _              __  __   ____
2025-01-29 13:38:36,517 INFO c.h.h.t.HelmChartContainer - [test-hivemq-platform] [hivemq] [c219b6e0]                  | |  | |(_)            |  \/  | / __ \
2025-01-29 13:38:36,517 INFO c.h.h.t.HelmChartContainer - [test-hivemq-platform] [hivemq] [c219b6e0]                  | |__| | _ __   __ ___ | \  / || |  | |
2025-01-29 13:38:36,517 INFO c.h.h.t.HelmChartContainer - [test-hivemq-platform] [hivemq] [c219b6e0]                  |  __  || |\ \ / // _ \| |\/| || |  | |
2025-01-29 13:38:36,517 INFO c.h.h.t.HelmChartContainer - [test-hivemq-platform] [hivemq] [c219b6e0]                  | |  | || | \ V /|  __/| |  | || |__| |
2025-01-29 13:38:36,517 INFO c.h.h.t.HelmChartContainer - [test-hivemq-platform] [hivemq] [c219b6e0]                  |_|  |_||_|  \_/  \___||_|  |_| \___\_\
2025-01-29 13:38:36,517 INFO c.h.h.t.HelmChartContainer - [test-hivemq-platform] [hivemq] [c219b6e0] 
2025-01-29 13:38:36,517 INFO c.h.h.t.HelmChartContainer - [test-hivemq-platform] [hivemq] [c219b6e0] -------------------------------------------------------------------------
2025-01-29 13:38:36,517 INFO c.h.h.t.HelmChartContainer - [test-hivemq-platform] [hivemq] [c219b6e0] 
2025-01-29 13:38:36,517 INFO c.h.h.t.HelmChartContainer - [test-hivemq-platform] [hivemq] [c219b6e0]   HiveMQ Start Script for Linux/Unix v1.14
2025-01-29 13:38:36,517 INFO c.h.h.t.HelmChartContainer - [test-hivemq-platform] [hivemq] [c219b6e0] 
2025-01-29 13:38:36,579 INFO c.h.h.t.HelmChartContainer - [test-hivemq-platform] [hivemq] [c219b6e0] -------------------------------------------------------------------------
2025-01-29 13:38:36,580 INFO c.h.h.t.HelmChartContainer - [test-hivemq-platform] [hivemq] [c219b6e0] 
2025-01-29 13:38:36,580 INFO c.h.h.t.HelmChartContainer - [test-hivemq-platform] [hivemq] [c219b6e0]   HIVEMQ_HOME: /opt/hivemq
2025-01-29 13:38:36,580 INFO c.h.h.t.HelmChartContainer - [test-hivemq-platform] [hivemq] [c219b6e0] 
2025-01-29 13:38:36,580 INFO c.h.h.t.HelmChartContainer - [test-hivemq-platform] [hivemq] [c219b6e0]   JAVA_OPTS: -XX:+UnlockExperimentalVMOptions -XX:InitialRAMPercentage=50 -XX:MaxRAMPercentage=50 -Djava.net.preferIPv4Stack=true --add-opens java.base/java.lang=ALL-UNNAMED --add-opens java.base/java.nio=ALL-UNNAMED --add-opens java.base/sun.nio.ch=ALL-UNNAMED --add-opens jdk.management/com.sun.management.internal=ALL-UNNAMED --add-exports java.base/jdk.internal.misc=ALL-UNNAMED -Djava.security.egd=file:/dev/./urandom -Dcom.sun.management.jmxremote -Dcom.sun.management.jmxremote.port=9010 -Dcom.sun.management.jmxremote.local.only=false -Dcom.sun.management.jmxremote.authenticate=false -Dcom.sun.management.jmxremote.ssl=false -Duser.language=en -Duser.region=US -XX:+CrashOnOutOfMemoryError -XX:+HeapDumpOnOutOfMemoryError
2025-01-29 13:38:36,580 INFO c.h.h.t.HelmChartContainer - [test-hivemq-platform] [hivemq] [c219b6e0] 
2025-01-29 13:38:36,580 INFO c.h.h.t.HelmChartContainer - [test-hivemq-platform] [hivemq] [c219b6e0]   JAVA_VERSION: 21
2025-01-29 13:38:36,580 INFO c.h.h.t.HelmChartContainer - [test-hivemq-platform] [hivemq] [c219b6e0] 
2025-01-29 13:38:36,580 INFO c.h.h.t.HelmChartContainer - [test-hivemq-platform] [hivemq] [c219b6e0] -------------------------------------------------------------------------
2025-01-29 13:38:36,580 INFO c.h.h.t.HelmChartContainer - [test-hivemq-platform] [hivemq] [c219b6e0] 
2025-01-29 13:38:37,621 INFO c.h.h.t.HelmChartContainer - [test-hivemq-platform] [hivemq] [c219b6e0] INFO  - [HiveMQ Platform Operator Init App 1.7.0-SNAPSHOT] Returning default Health API response 503 for readiness
2025-01-29 13:38:37,976 INFO c.h.h.t.HelmChartContainer - [EVENT] Warning [Unhealthy] Readiness probe failed: HTTP probe failed with statuscode: 503 [helmupgradeextensionit:test-hivemq-platform-0]
2025-01-29 13:38:37,976 INFO c.h.h.t.HelmChartContainer - Received Unhealthy event for container hivemq in pod test-hivemq-platform-0 [c219b6e0-0205-4720-9c5e-a911556d9fd5]
2025-01-29 13:38:39,377 INFO c.h.h.t.HelmChartContainer - [test-hivemq-platform] [hivemq] [c219b6e0] INFO  - Starting HiveMQ Enterprise Server
2025-01-29 13:38:39,417 INFO c.h.h.t.HelmChartContainer - [test-hivemq-platform] [hivemq] [c219b6e0] INFO  - HiveMQ version: 4.36.0
2025-01-29 13:38:39,417 INFO c.h.h.t.HelmChartContainer - [test-hivemq-platform] [hivemq] [c219b6e0] INFO  - HiveMQ home directory: /opt/hivemq
2025-01-29 13:38:39,417 INFO c.h.h.t.HelmChartContainer - [test-hivemq-platform] [hivemq] [c219b6e0] INFO  - Log Configuration was overridden by /opt/hivemq/conf/logback.xml
2025-01-29 13:38:40,976 INFO c.h.h.t.HelmChartContainer - [test-hivemq-platform] [hivemq] [c219b6e0] INFO  - Successfully loaded configuration from '/opt/hivemq/conf-k8s/config.xml'.
2025-01-29 13:38:41,701 INFO c.h.h.t.HelmChartContainer - [hivemq-test-hivemq-platform] [hivemq-platform-operator] [126d9664] 13:38:41.696 [pool-6-thread-5] DEBUG c.h.p.o.d.PlatformServiceResource - [helmupgr] Desired Platform services (3 services)
2025-01-29 13:38:41,701 INFO c.h.h.t.HelmChartContainer - [hivemq-test-hivemq-platform] [hivemq-platform-operator] [126d9664] 13:38:41.697 [pool-6-thread-8] DEBUG c.h.p.o.dependants.PodInfoConfigMap - [helmupgr] Desired PodInfo ConfigMap (1 extensions) (1 enabled)
2025-01-29 13:38:41,701 INFO c.h.h.t.HelmChartContainer - [hivemq-test-hivemq-platform] [hivemq-platform-operator] [126d9664] 13:38:41.697 [pool-6-thread-8] DEBUG c.h.p.o.dependants.PodInfoConfigMap - [helmupgr] Desired PodInfo ConfigMap (metrics port: 9399) (metrics path: /)
2025-01-29 13:38:41,701 INFO c.h.h.t.HelmChartContainer - [hivemq-test-hivemq-platform] [hivemq-platform-operator] [126d9664] 13:38:41.697 [pool-6-thread-8] DEBUG c.h.p.o.dependants.PodInfoConfigMap - [helmupgr] Desired PodInfo ConfigMap (extension state hash: -1817869294)
2025-01-29 13:38:41,702 INFO c.h.h.t.HelmChartContainer - [hivemq-test-hivemq-platform] [hivemq-platform-operator] [126d9664] 13:38:41.699 [pool-6-thread-4] DEBUG c.h.p.o.d.PodServiceAccountResource - [helmupgr] Desired PodServiceAccountResource (serviceAccountName: hivemq-platform-pod-test-hivemq-platform)
2025-01-29 13:38:41,706 INFO c.h.h.t.HelmChartContainer - [hivemq-test-hivemq-platform] [hivemq-platform-operator] [126d9664] 13:38:41.705 [pool-6-thread-1] DEBUG c.h.p.o.d.StatefulSetResource - [helmupgr] Desired StatefulSet (1 replicas) for status STARTING (READY)
2025-01-29 13:38:41,790 INFO c.h.h.t.HelmChartContainer - [hivemq-test-hivemq-platform] [hivemq-platform-operator] [126d9664] 13:38:41.788 [ReconcilerExecutor-hivemq-controller-109] INFO  c.h.p.o.HiveMQPlatformReconciler - [helmupgr] Reconciling HiveMQ Platform 'test-hivemq-platform' in namespace 'helmupgradeextensionit'
2025-01-29 13:38:41,790 INFO c.h.h.t.HelmChartContainer - [hivemq-test-hivemq-platform] [hivemq-platform-operator] [126d9664] 13:38:41.788 [ReconcilerExecutor-hivemq-controller-109] DEBUG c.h.p.o.HiveMQPlatformReconciler - [helmupgr] Custom Resource Status STARTING - HiveMQ Platform is starting (READY)
2025-01-29 13:38:41,791 INFO c.h.h.t.HelmChartContainer - [hivemq-test-hivemq-platform] [hivemq-platform-operator] [126d9664] 13:38:41.788 [ReconcilerExecutor-hivemq-controller-109] DEBUG c.h.p.o.HiveMQPlatformReconciler - [helmupgr] Custom Resource Spec (replicas: 1) (extensions: 1)
2025-01-29 13:38:41,793 INFO c.h.h.t.HelmChartContainer - [hivemq-test-hivemq-platform] [hivemq-platform-operator] [126d9664] 13:38:41.792 [ReconcilerExecutor-hivemq-controller-109] DEBUG c.h.p.o.HiveMQPlatformReconciler - [helmupgr] StatefulSet Status (revision: test-hivemq-platform-5b6c7575b6, replicas: 1, available: 0, ready: 0, current: 1, updated: 1)
2025-01-29 13:38:41,793 INFO c.h.h.t.HelmChartContainer - [hivemq-test-hivemq-platform] [hivemq-platform-operator] [126d9664] 13:38:41.792 [ReconcilerExecutor-hivemq-controller-109] DEBUG c.h.p.o.HiveMQPlatformReconciler - [helmupgr] StatefulSet Spec (replicas: 1, init containers: 1, containers: 1, volumes: 4)
2025-01-29 13:38:41,794 INFO c.h.h.t.HelmChartContainer - [hivemq-test-hivemq-platform] [hivemq-platform-operator] [126d9664] 13:38:41.794 [ReconcilerExecutor-hivemq-controller-109] DEBUG c.h.p.o.h.HiveMQPlatformReconcilerErrorHandler - [helmupgr] Pod 'test-hivemq-platform-0' phase Running
2025-01-29 13:38:41,796 INFO c.h.h.t.HelmChartContainer - [hivemq-test-hivemq-platform] [hivemq-platform-operator] [126d9664] 13:38:41.795 [ReconcilerExecutor-hivemq-controller-109] INFO  c.h.p.o.h.HiveMQPlatformReconcilerBaseHandler - [helmupgr] HiveMQ Platform is starting, 0 of 1 replicas are ready
2025-01-29 13:38:41,874 INFO c.h.h.t.HelmChartContainer - [test-hivemq-platform] [hivemq] [c219b6e0] INFO  - This node's ID is av98J
2025-01-29 13:38:41,874 INFO c.h.h.t.HelmChartContainer - [test-hivemq-platform] [hivemq] [c219b6e0] INFO  - Clustering is enabled
2025-01-29 13:38:43,116 INFO c.h.h.t.HelmChartContainer - [test-hivemq-platform] [hivemq] [c219b6e0] WARN  - [HiveMQ Platform Operator Init App 1.7.0-SNAPSHOT] Cannot connect to Health API for readiness: null
2025-01-29 13:38:43,122 INFO c.h.h.t.HelmChartContainer - [EVENT] Warning [Unhealthy] Readiness probe failed: HTTP probe failed with statuscode: 503 [helmupgradeextensionit:test-hivemq-platform-0]
2025-01-29 13:38:43,122 INFO c.h.h.t.HelmChartContainer - Received Unhealthy event for container hivemq in pod test-hivemq-platform-0 [c219b6e0-0205-4720-9c5e-a911556d9fd5]
2025-01-29 13:38:46,674 INFO c.h.h.t.HelmChartContainer - [test-hivemq-platform] [hivemq] [c219b6e0] Jan 29, 2025 1:38:46 PM io.vertx.core.impl.BlockedThreadChecker
2025-01-29 13:38:46,674 INFO c.h.h.t.HelmChartContainer - [test-hivemq-platform] [hivemq] [c219b6e0] WARNING: Thread Thread[vert.x-eventloop-thread-1,5,main] has been blocked for 2495 ms, time limit is 2000 ms
2025-01-29 13:38:47,377 INFO c.h.h.t.HelmChartContainer - [test-hivemq-platform] [hivemq] [c219b6e0] INFO  - [HiveMQ Platform Operator Init App 1.7.0-SNAPSHOT] Updating Pod HiveMQ Platform Operator Init App version annotation (version: 1.7.0-SNAPSHOT)
2025-01-29 13:38:47,623 INFO c.h.h.t.HelmChartContainer - [test-hivemq-platform] [hivemq] [c219b6e0] WARN  - [HiveMQ Platform Operator Init App 1.7.0-SNAPSHOT] Cannot connect to Health API for readiness: null
2025-01-29 13:38:47,627 INFO c.h.h.t.HelmChartContainer - [EVENT] Warning [Unhealthy] Readiness probe failed: HTTP probe failed with statuscode: 503 [helmupgradeextensionit:test-hivemq-platform-0]
2025-01-29 13:38:47,628 INFO c.h.h.t.HelmChartContainer - Received Unhealthy event for container hivemq in pod test-hivemq-platform-0 [c219b6e0-0205-4720-9c5e-a911556d9fd5]
2025-01-29 13:38:48,029 INFO c.h.h.t.HelmChartContainer - [POD] test-hivemq-platform-0 [c219b6e0-0205-4720-9c5e-a911556d9fd5] in helmupgradeextensionit was MODIFIED
2025-01-29 13:38:48,043 INFO c.h.h.t.HelmChartContainer - [hivemq-test-hivemq-platform] [hivemq-platform-operator] [126d9664] 13:38:48.038 [pool-6-thread-14] DEBUG c.h.p.o.d.PlatformServiceResource - [helmupgr] Desired Platform services (3 services)
2025-01-29 13:38:48,044 INFO c.h.h.t.HelmChartContainer - [hivemq-test-hivemq-platform] [hivemq-platform-operator] [126d9664] 13:38:48.039 [pool-6-thread-17] DEBUG c.h.p.o.d.PodServiceAccountResource - [helmupgr] Desired PodServiceAccountResource (serviceAccountName: hivemq-platform-pod-test-hivemq-platform)
2025-01-29 13:38:48,044 INFO c.h.h.t.HelmChartContainer - [hivemq-test-hivemq-platform] [hivemq-platform-operator] [126d9664] 13:38:48.042 [pool-6-thread-11] DEBUG c.h.p.o.dependants.PodInfoConfigMap - [helmupgr] Desired PodInfo ConfigMap (1 extensions) (1 enabled)
2025-01-29 13:38:48,045 INFO c.h.h.t.HelmChartContainer - [hivemq-test-hivemq-platform] [hivemq-platform-operator] [126d9664] 13:38:48.043 [pool-6-thread-11] DEBUG c.h.p.o.dependants.PodInfoConfigMap - [helmupgr] Desired PodInfo ConfigMap (metrics port: 9399) (metrics path: /)
2025-01-29 13:38:48,046 INFO c.h.h.t.HelmChartContainer - [hivemq-test-hivemq-platform] [hivemq-platform-operator] [126d9664] 13:38:48.044 [pool-6-thread-11] DEBUG c.h.p.o.dependants.PodInfoConfigMap - [helmupgr] Desired PodInfo ConfigMap (extension state hash: -1817869294)
2025-01-29 13:38:48,074 INFO c.h.h.t.HelmChartContainer - [test-hivemq-platform] [hivemq] [c219b6e0] WARN  - [HiveMQ Platform Operator Init App 1.7.0-SNAPSHOT] Cannot connect to Health API for readiness: null
2025-01-29 13:38:48,079 INFO c.h.h.t.HelmChartContainer - [EVENT] Warning [Unhealthy] Readiness probe failed: HTTP probe failed with statuscode: 503 [helmupgradeextensionit:test-hivemq-platform-0]
2025-01-29 13:38:48,080 INFO c.h.h.t.HelmChartContainer - Received Unhealthy event for container hivemq in pod test-hivemq-platform-0 [c219b6e0-0205-4720-9c5e-a911556d9fd5]
2025-01-29 13:38:48,117 INFO c.h.h.t.HelmChartContainer - [test-hivemq-platform] [hivemq] [c219b6e0] INFO  - [HiveMQ Platform Operator Init App 1.7.0-SNAPSHOT] Successfully updated Pod HiveMQ Platform Operator Init App version annotation (version: 1.7.0-SNAPSHOT)
2025-01-29 13:38:48,128 INFO c.h.h.t.HelmChartContainer - [hivemq-test-hivemq-platform] [hivemq-platform-operator] [126d9664] 13:38:48.124 [pool-6-thread-14] DEBUG c.h.p.o.d.StatefulSetResource - [helmupgr] Desired StatefulSet (1 replicas) for status STARTING (READY)
2025-01-29 13:38:48,132 INFO c.h.h.t.HelmChartContainer - [hivemq-test-hivemq-platform] [hivemq-platform-operator] [126d9664] 13:38:48.131 [ReconcilerExecutor-hivemq-controller-110] INFO  c.h.p.o.HiveMQPlatformReconciler - [helmupgr] Reconciling HiveMQ Platform 'test-hivemq-platform' in namespace 'helmupgradeextensionit'
2025-01-29 13:38:48,133 INFO c.h.h.t.HelmChartContainer - [hivemq-test-hivemq-platform] [hivemq-platform-operator] [126d9664] 13:38:48.131 [ReconcilerExecutor-hivemq-controller-110] DEBUG c.h.p.o.HiveMQPlatformReconciler - [helmupgr] Custom Resource Status STARTING - HiveMQ Platform is starting (READY)
2025-01-29 13:38:48,133 INFO c.h.h.t.HelmChartContainer - [hivemq-test-hivemq-platform] [hivemq-platform-operator] [126d9664] 13:38:48.131 [ReconcilerExecutor-hivemq-controller-110] DEBUG c.h.p.o.HiveMQPlatformReconciler - [helmupgr] Custom Resource Spec (replicas: 1) (extensions: 1)
2025-01-29 13:38:48,172 INFO c.h.h.t.HelmChartContainer - [hivemq-test-hivemq-platform] [hivemq-platform-operator] [126d9664] 13:38:48.137 [ReconcilerExecutor-hivemq-controller-110] DEBUG c.h.p.o.HiveMQPlatformReconciler - [helmupgr] StatefulSet Status (revision: test-hivemq-platform-5b6c7575b6, replicas: 1, available: 0, ready: 0, current: 1, updated: 1)
2025-01-29 13:38:48,173 INFO c.h.h.t.HelmChartContainer - [hivemq-test-hivemq-platform] [hivemq-platform-operator] [126d9664] 13:38:48.137 [ReconcilerExecutor-hivemq-controller-110] DEBUG c.h.p.o.HiveMQPlatformReconciler - [helmupgr] StatefulSet Spec (replicas: 1, init containers: 1, containers: 1, volumes: 4)
2025-01-29 13:38:48,173 INFO c.h.h.t.HelmChartContainer - [hivemq-test-hivemq-platform] [hivemq-platform-operator] [126d9664] 13:38:48.138 [ReconcilerExecutor-hivemq-controller-110] DEBUG c.h.p.o.h.HiveMQPlatformReconcilerErrorHandler - [helmupgr] Pod 'test-hivemq-platform-0' phase Running
2025-01-29 13:38:48,173 INFO c.h.h.t.HelmChartContainer - [hivemq-test-hivemq-platform] [hivemq-platform-operator] [126d9664] 13:38:48.139 [ReconcilerExecutor-hivemq-controller-110] INFO  c.h.p.o.h.HiveMQPlatformReconcilerBaseHandler - [helmupgr] HiveMQ Platform is starting, 0 of 1 replicas are ready
2025-01-29 13:38:53,115 INFO c.h.h.t.HelmChartContainer - [test-hivemq-platform] [hivemq] [c219b6e0] WARN  - [HiveMQ Platform Operator Init App 1.7.0-SNAPSHOT] Cannot connect to Health API for readiness: null
2025-01-29 13:38:53,122 INFO c.h.h.t.HelmChartContainer - [EVENT] Warning [Unhealthy] Readiness probe failed: HTTP probe failed with statuscode: 503 [helmupgradeextensionit:test-hivemq-platform-0]
2025-01-29 13:38:53,123 INFO c.h.h.t.HelmChartContainer - Received Unhealthy event for container hivemq in pod test-hivemq-platform-0 [c219b6e0-0205-4720-9c5e-a911556d9fd5]
2025-01-29 13:38:58,114 INFO c.h.h.t.HelmChartContainer - [test-hivemq-platform] [hivemq] [c219b6e0] WARN  - [HiveMQ Platform Operator Init App 1.7.0-SNAPSHOT] Cannot connect to Health API for readiness: null
2025-01-29 13:38:58,119 INFO c.h.h.t.HelmChartContainer - [EVENT] Warning [Unhealthy] Readiness probe failed: HTTP probe failed with statuscode: 503 [helmupgradeextensionit:test-hivemq-platform-0]
2025-01-29 13:38:58,119 INFO c.h.h.t.HelmChartContainer - Received Unhealthy event for container hivemq in pod test-hivemq-platform-0 [c219b6e0-0205-4720-9c5e-a911556d9fd5]
2025-01-29 13:38:58,147 INFO c.h.h.t.HelmChartContainer - [hivemq-test-hivemq-platform] [hivemq-platform-operator] [126d9664] 13:38:58.144 [pool-6-thread-23] DEBUG c.h.p.o.d.PodServiceAccountResource - [helmupgr] Desired PodServiceAccountResource (serviceAccountName: hivemq-platform-pod-test-hivemq-platform)
2025-01-29 13:38:58,147 INFO c.h.h.t.HelmChartContainer - [hivemq-test-hivemq-platform] [hivemq-platform-operator] [126d9664] 13:38:58.145 [pool-6-thread-26] DEBUG c.h.p.o.dependants.PodInfoConfigMap - [helmupgr] Desired PodInfo ConfigMap (1 extensions) (1 enabled)
2025-01-29 13:38:58,148 INFO c.h.h.t.HelmChartContainer - [hivemq-test-hivemq-platform] [hivemq-platform-operator] [126d9664] 13:38:58.146 [pool-6-thread-26] DEBUG c.h.p.o.dependants.PodInfoConfigMap - [helmupgr] Desired PodInfo ConfigMap (metrics port: 9399) (metrics path: /)
2025-01-29 13:38:58,148 INFO c.h.h.t.HelmChartContainer - [hivemq-test-hivemq-platform] [hivemq-platform-operator] [126d9664] 13:38:58.146 [pool-6-thread-26] DEBUG c.h.p.o.dependants.PodInfoConfigMap - [helmupgr] Desired PodInfo ConfigMap (extension state hash: -1817869294)
2025-01-29 13:38:58,149 INFO c.h.h.t.HelmChartContainer - [hivemq-test-hivemq-platform] [hivemq-platform-operator] [126d9664] 13:38:58.143 [pool-6-thread-28] DEBUG c.h.p.o.d.PlatformServiceResource - [helmupgr] Desired Platform services (3 services)
2025-01-29 13:38:58,155 INFO c.h.h.t.HelmChartContainer - [hivemq-test-hivemq-platform] [hivemq-platform-operator] [126d9664] 13:38:58.153 [pool-6-thread-28] DEBUG c.h.p.o.d.StatefulSetResource - [helmupgr] Desired StatefulSet (1 replicas) for status STARTING (READY)
2025-01-29 13:38:58,226 INFO c.h.h.t.HelmChartContainer - [hivemq-test-hivemq-platform] [hivemq-platform-operator] [126d9664] 13:38:58.224 [ReconcilerExecutor-hivemq-controller-111] INFO  c.h.p.o.HiveMQPlatformReconciler - [helmupgr] Reconciling HiveMQ Platform 'test-hivemq-platform' in namespace 'helmupgradeextensionit'
2025-01-29 13:38:58,226 INFO c.h.h.t.HelmChartContainer - [hivemq-test-hivemq-platform] [hivemq-platform-operator] [126d9664] 13:38:58.224 [ReconcilerExecutor-hivemq-controller-111] DEBUG c.h.p.o.HiveMQPlatformReconciler - [helmupgr] Custom Resource Status STARTING - HiveMQ Platform is starting (READY)
2025-01-29 13:38:58,226 INFO c.h.h.t.HelmChartContainer - [hivemq-test-hivemq-platform] [hivemq-platform-operator] [126d9664] 13:38:58.224 [ReconcilerExecutor-hivemq-controller-111] DEBUG c.h.p.o.HiveMQPlatformReconciler - [helmupgr] Custom Resource Spec (replicas: 1) (extensions: 1)
2025-01-29 13:38:58,231 INFO c.h.h.t.HelmChartContainer - [hivemq-test-hivemq-platform] [hivemq-platform-operator] [126d9664] 13:38:58.229 [ReconcilerExecutor-hivemq-controller-111] DEBUG c.h.p.o.HiveMQPlatformReconciler - [helmupgr] StatefulSet Status (revision: test-hivemq-platform-5b6c7575b6, replicas: 1, available: 0, ready: 0, current: 1, updated: 1)
2025-01-29 13:38:58,231 INFO c.h.h.t.HelmChartContainer - [hivemq-test-hivemq-platform] [hivemq-platform-operator] [126d9664] 13:38:58.230 [ReconcilerExecutor-hivemq-controller-111] DEBUG c.h.p.o.HiveMQPlatformReconciler - [helmupgr] StatefulSet Spec (replicas: 1, init containers: 1, containers: 1, volumes: 4)
2025-01-29 13:38:58,233 INFO c.h.h.t.HelmChartContainer - [hivemq-test-hivemq-platform] [hivemq-platform-operator] [126d9664] 13:38:58.231 [ReconcilerExecutor-hivemq-controller-111] DEBUG c.h.p.o.h.HiveMQPlatformReconcilerErrorHandler - [helmupgr] Pod 'test-hivemq-platform-0' phase Running
2025-01-29 13:38:58,234 INFO c.h.h.t.HelmChartContainer - [hivemq-test-hivemq-platform] [hivemq-platform-operator] [126d9664] 13:38:58.232 [ReconcilerExecutor-hivemq-controller-111] INFO  c.h.p.o.h.HiveMQPlatformReconcilerBaseHandler - [helmupgr] HiveMQ Platform is starting, 0 of 1 replicas are ready
2025-01-29 13:38:59,517 INFO c.h.h.t.HelmChartContainer - [test-hivemq-platform] [hivemq] [c219b6e0] WARN  - [HiveMQ Platform Operator Init App 1.7.0-SNAPSHOT] Cannot connect to Health API for liveness: null
2025-01-29 13:38:59,517 INFO c.h.h.t.HelmChartContainer - [test-hivemq-platform] [hivemq] [c219b6e0] INFO  - [HiveMQ Platform Operator Init App 1.7.0-SNAPSHOT] Returning default Health API response 200 for liveness
2025-01-29 13:39:00,327 INFO c.h.h.t.HelmChartContainer - [test-hivemq-platform] [hivemq] [c219b6e0] INFO  - No valid license file found. Using trial license, restricted to 25 connections.
2025-01-29 13:39:03,116 INFO c.h.h.t.HelmChartContainer - [test-hivemq-platform] [hivemq] [c219b6e0] WARN  - [HiveMQ Platform Operator Init App 1.7.0-SNAPSHOT] Cannot connect to Health API for readiness: null
2025-01-29 13:39:03,123 INFO c.h.h.t.HelmChartContainer - [EVENT] Warning [Unhealthy] Readiness probe failed: HTTP probe failed with statuscode: 503 [helmupgradeextensionit:test-hivemq-platform-0]
2025-01-29 13:39:03,123 INFO c.h.h.t.HelmChartContainer - Received Unhealthy event for container hivemq in pod test-hivemq-platform-0 [c219b6e0-0205-4720-9c5e-a911556d9fd5]
2025-01-29 13:39:04,721 INFO c.h.h.t.HelmChartContainer - [test-hivemq-platform] [hivemq] [c219b6e0] INFO  - No valid license file for Data Hub found. Using free license, restricted to 1 policy.
2025-01-29 13:39:05,972 INFO c.h.h.t.HelmChartContainer - [test-hivemq-platform] [hivemq] [c219b6e0] INFO  - Audit Logger started.
2025-01-29 13:39:06,243 INFO c.h.h.t.HelmChartContainer - [test-hivemq-platform] [hivemq] [c219b6e0] INFO  - This node uses '1' CPU cores.
2025-01-29 13:39:06,247 INFO c.h.h.t.HelmChartContainer - [test-hivemq-platform] [hivemq] [c219b6e0] INFO  - Starting HiveMQ Health API on address 0.0.0.0 and port 8889
2025-01-29 13:39:07,225 INFO c.h.h.t.HelmChartContainer - [test-hivemq-platform] [hivemq] [c219b6e0] INFO  - Started HiveMQ Health API in 978ms
2025-01-29 13:39:07,841 INFO c.h.h.t.HelmChartContainer - [test-hivemq-platform] [hivemq] [c219b6e0] INFO  - Starting HiveMQ extension system.
2025-01-29 13:39:08,240 INFO c.h.h.t.HelmChartContainer - [hivemq-test-hivemq-platform] [hivemq-platform-operator] [126d9664] 13:39:08.236 [pool-6-thread-36] DEBUG c.h.p.o.d.PlatformServiceResource - [helmupgr] Desired Platform services (3 services)
2025-01-29 13:39:08,240 INFO c.h.h.t.HelmChartContainer - [hivemq-test-hivemq-platform] [hivemq-platform-operator] [126d9664] 13:39:08.237 [pool-6-thread-35] DEBUG c.h.p.o.dependants.PodInfoConfigMap - [helmupgr] Desired PodInfo ConfigMap (1 extensions) (1 enabled)
2025-01-29 13:39:08,243 INFO c.h.h.t.HelmChartContainer - [hivemq-test-hivemq-platform] [hivemq-platform-operator] [126d9664] 13:39:08.237 [pool-6-thread-35] DEBUG c.h.p.o.dependants.PodInfoConfigMap - [helmupgr] Desired PodInfo ConfigMap (metrics port: 9399) (metrics path: /)
2025-01-29 13:39:08,243 INFO c.h.h.t.HelmChartContainer - [hivemq-test-hivemq-platform] [hivemq-platform-operator] [126d9664] 13:39:08.238 [pool-6-thread-35] DEBUG c.h.p.o.dependants.PodInfoConfigMap - [helmupgr] Desired PodInfo ConfigMap (extension state hash: -1817869294)
2025-01-29 13:39:08,244 INFO c.h.h.t.HelmChartContainer - [hivemq-test-hivemq-platform] [hivemq-platform-operator] [126d9664] 13:39:08.237 [pool-6-thread-37] DEBUG c.h.p.o.d.PodServiceAccountResource - [helmupgr] Desired PodServiceAccountResource (serviceAccountName: hivemq-platform-pod-test-hivemq-platform)
2025-01-29 13:39:08,245 INFO c.h.h.t.HelmChartContainer - [hivemq-test-hivemq-platform] [hivemq-platform-operator] [126d9664] 13:39:08.244 [pool-6-thread-36] DEBUG c.h.p.o.d.StatefulSetResource - [helmupgr] Desired StatefulSet (1 replicas) for status STARTING (READY)
2025-01-29 13:39:08,249 INFO c.h.h.t.HelmChartContainer - [hivemq-test-hivemq-platform] [hivemq-platform-operator] [126d9664] 13:39:08.247 [ReconcilerExecutor-hivemq-controller-112] INFO  c.h.p.o.HiveMQPlatformReconciler - [helmupgr] Reconciling HiveMQ Platform 'test-hivemq-platform' in namespace 'helmupgradeextensionit'
2025-01-29 13:39:08,249 INFO c.h.h.t.HelmChartContainer - [hivemq-test-hivemq-platform] [hivemq-platform-operator] [126d9664] 13:39:08.247 [ReconcilerExecutor-hivemq-controller-112] DEBUG c.h.p.o.HiveMQPlatformReconciler - [helmupgr] Custom Resource Status STARTING - HiveMQ Platform is starting (READY)
2025-01-29 13:39:08,249 INFO c.h.h.t.HelmChartContainer - [hivemq-test-hivemq-platform] [hivemq-platform-operator] [126d9664] 13:39:08.247 [ReconcilerExecutor-hivemq-controller-112] DEBUG c.h.p.o.HiveMQPlatformReconciler - [helmupgr] Custom Resource Spec (replicas: 1) (extensions: 1)
2025-01-29 13:39:08,251 INFO c.h.h.t.HelmChartContainer - [hivemq-test-hivemq-platform] [hivemq-platform-operator] [126d9664] 13:39:08.250 [ReconcilerExecutor-hivemq-controller-112] DEBUG c.h.p.o.HiveMQPlatformReconciler - [helmupgr] StatefulSet Status (revision: test-hivemq-platform-5b6c7575b6, replicas: 1, available: 0, ready: 0, current: 1, updated: 1)
2025-01-29 13:39:08,251 INFO c.h.h.t.HelmChartContainer - [hivemq-test-hivemq-platform] [hivemq-platform-operator] [126d9664] 13:39:08.250 [ReconcilerExecutor-hivemq-controller-112] DEBUG c.h.p.o.HiveMQPlatformReconciler - [helmupgr] StatefulSet Spec (replicas: 1, init containers: 1, containers: 1, volumes: 4)
2025-01-29 13:39:08,326 INFO c.h.h.t.HelmChartContainer - [hivemq-test-hivemq-platform] [hivemq-platform-operator] [126d9664] 13:39:08.324 [ReconcilerExecutor-hivemq-controller-112] DEBUG c.h.p.o.h.HiveMQPlatformReconcilerErrorHandler - [helmupgr] Pod 'test-hivemq-platform-0' phase Running
2025-01-29 13:39:08,327 INFO c.h.h.t.HelmChartContainer - [hivemq-test-hivemq-platform] [hivemq-platform-operator] [126d9664] 13:39:08.326 [ReconcilerExecutor-hivemq-controller-112] INFO  c.h.p.o.h.HiveMQPlatformReconcilerBaseHandler - [helmupgr] HiveMQ Platform is starting, 0 of 1 replicas are ready
2025-01-29 13:39:09,073 INFO c.h.h.t.HelmChartContainer - [EVENT] Warning [Unhealthy] Readiness probe failed: Get "http://10.42.0.6:7979/readiness": context deadline exceeded (Client.Timeout exceeded while awaiting headers) [helmupgradeextensionit:test-hivemq-platform-0]
2025-01-29 13:39:09,073 INFO c.h.h.t.HelmChartContainer - Received Unhealthy event for container hivemq in pod test-hivemq-platform-0 [c219b6e0-0205-4720-9c5e-a911556d9fd5]
2025-01-29 13:39:09,113 INFO c.h.h.t.HelmChartContainer - [test-hivemq-platform] [hivemq] [c219b6e0] INFO  - [HiveMQ Platform Operator Init App 1.7.0-SNAPSHOT] Returning Health API response 503 for readiness
2025-01-29 13:39:10,217 INFO c.h.h.t.HelmChartContainer - [test-hivemq-platform] [hivemq] [c219b6e0] INFO  - No license found for enterprise extension with name "HiveMQ Enterprise Bridge Extension". Entering extension trial mode. "HiveMQ Enterprise Bridge Extension" will be disabled in 5 hours.
2025-01-29 13:39:10,418 INFO c.h.h.t.HelmChartContainer - [test-hivemq-platform] [hivemq] [c219b6e0] INFO  - Starting extension with id "hivemq-dns-cluster-discovery" at /opt/hivemq/extensions/hivemq-dns-cluster-discovery
2025-01-29 13:39:10,971 INFO c.h.h.t.HelmChartContainer - [test-hivemq-platform] [hivemq] [c219b6e0] INFO  - Using TCP cluster transport on address 10.42.0.6 and port 7000
2025-01-29 13:39:11,019 INFO c.h.h.t.HelmChartContainer - [test-hivemq-platform] [hivemq] [c219b6e0] INFO  - Using extension cluster discovery
2025-01-29 13:39:11,118 INFO c.h.h.t.HelmChartContainer - [test-hivemq-platform] [hivemq] [c219b6e0] INFO  - Extension "DNS Cluster Discovery Extension" version 4.3.2 started successfully.
2025-01-29 13:39:11,118 INFO c.h.h.t.HelmChartContainer - [test-hivemq-platform] [hivemq] [c219b6e0] INFO  - Starting extension with id "hivemq-bridge-extension" at /opt/hivemq/extensions/hivemq-bridge-extension
2025-01-29 13:39:11,922 INFO c.h.h.t.HelmChartContainer - [test-hivemq-platform] [hivemq] [c219b6e0] INFO  - HiveMQ Enterprise Bridge Extension: Successfully loaded configuration from '/opt/hivemq/extensions/hivemq-bridge-extension/conf/config.xml'.
2025-01-29 13:39:12,625 INFO c.h.h.t.HelmChartContainer - [test-hivemq-platform] [hivemq] [c219b6e0] INFO  - Bridge Extension: Connecting to remote brokers...
2025-01-29 13:39:13,040 INFO c.h.h.t.HelmChartContainer - [EVENT] Warning [Unhealthy] Readiness probe failed: HTTP probe failed with statuscode: 503 [helmupgradeextensionit:test-hivemq-platform-0]
2025-01-29 13:39:13,041 INFO c.h.h.t.HelmChartContainer - Received Unhealthy event for container hivemq in pod test-hivemq-platform-0 [c219b6e0-0205-4720-9c5e-a911556d9fd5]
2025-01-29 13:39:14,516 INFO c.h.h.t.HelmChartContainer - [test-hivemq-platform] [hivemq] [c219b6e0] INFO  - av98J: no members discovered after 3002 ms: creating cluster as first member
2025-01-29 13:39:14,522 INFO c.h.h.t.HelmChartContainer - [test-hivemq-platform] [hivemq] [c219b6e0] INFO  - Cluster nodes found by discovery: [av98J|0] (1) [av98J].
2025-01-29 13:39:18,039 INFO c.h.h.t.HelmChartContainer - [EVENT] Warning [Unhealthy] Readiness probe failed: HTTP probe failed with statuscode: 503 [helmupgradeextensionit:test-hivemq-platform-0]
2025-01-29 13:39:18,039 INFO c.h.h.t.HelmChartContainer - Received Unhealthy event for container hivemq in pod test-hivemq-platform-0 [c219b6e0-0205-4720-9c5e-a911556d9fd5]
2025-01-29 13:39:18,333 INFO c.h.h.t.HelmChartContainer - [hivemq-test-hivemq-platform] [hivemq-platform-operator] [126d9664] 13:39:18.329 [pool-6-thread-41] DEBUG c.h.p.o.d.PlatformServiceResource - [helmupgr] Desired Platform services (3 services)
2025-01-29 13:39:18,337 INFO c.h.h.t.HelmChartContainer - [hivemq-test-hivemq-platform] [hivemq-platform-operator] [126d9664] 13:39:18.333 [pool-6-thread-44] DEBUG c.h.p.o.dependants.PodInfoConfigMap - [helmupgr] Desired PodInfo ConfigMap (1 extensions) (1 enabled)
2025-01-29 13:39:18,337 INFO c.h.h.t.HelmChartContainer - [hivemq-test-hivemq-platform] [hivemq-platform-operator] [126d9664] 13:39:18.333 [pool-6-thread-44] DEBUG c.h.p.o.dependants.PodInfoConfigMap - [helmupgr] Desired PodInfo ConfigMap (metrics port: 9399) (metrics path: /)
2025-01-29 13:39:18,337 INFO c.h.h.t.HelmChartContainer - [hivemq-test-hivemq-platform] [hivemq-platform-operator] [126d9664] 13:39:18.333 [pool-6-thread-44] DEBUG c.h.p.o.dependants.PodInfoConfigMap - [helmupgr] Desired PodInfo ConfigMap (extension state hash: -1817869294)
2025-01-29 13:39:18,337 INFO c.h.h.t.HelmChartContainer - [hivemq-test-hivemq-platform] [hivemq-platform-operator] [126d9664] 13:39:18.334 [pool-6-thread-43] DEBUG c.h.p.o.d.PodServiceAccountResource - [helmupgr] Desired PodServiceAccountResource (serviceAccountName: hivemq-platform-pod-test-hivemq-platform)
2025-01-29 13:39:18,343 INFO c.h.h.t.HelmChartContainer - [hivemq-test-hivemq-platform] [hivemq-platform-operator] [126d9664] 13:39:18.341 [pool-6-thread-41] DEBUG c.h.p.o.d.StatefulSetResource - [helmupgr] Desired StatefulSet (1 replicas) for status STARTING (READY)
2025-01-29 13:39:18,423 INFO c.h.h.t.HelmChartContainer - [hivemq-test-hivemq-platform] [hivemq-platform-operator] [126d9664] 13:39:18.422 [ReconcilerExecutor-hivemq-controller-113] INFO  c.h.p.o.HiveMQPlatformReconciler - [helmupgr] Reconciling HiveMQ Platform 'test-hivemq-platform' in namespace 'helmupgradeextensionit'
2025-01-29 13:39:18,427 INFO c.h.h.t.HelmChartContainer - [hivemq-test-hivemq-platform] [hivemq-platform-operator] [126d9664] 13:39:18.423 [ReconcilerExecutor-hivemq-controller-113] DEBUG c.h.p.o.HiveMQPlatformReconciler - [helmupgr] Custom Resource Status STARTING - HiveMQ Platform is starting (READY)
2025-01-29 13:39:18,427 INFO c.h.h.t.HelmChartContainer - [hivemq-test-hivemq-platform] [hivemq-platform-operator] [126d9664] 13:39:18.423 [ReconcilerExecutor-hivemq-controller-113] DEBUG c.h.p.o.HiveMQPlatformReconciler - [helmupgr] Custom Resource Spec (replicas: 1) (extensions: 1)
2025-01-29 13:39:18,431 INFO c.h.h.t.HelmChartContainer - [hivemq-test-hivemq-platform] [hivemq-platform-operator] [126d9664] 13:39:18.429 [ReconcilerExecutor-hivemq-controller-113] DEBUG c.h.p.o.HiveMQPlatformReconciler - [helmupgr] StatefulSet Status (revision: test-hivemq-platform-5b6c7575b6, replicas: 1, available: 0, ready: 0, current: 1, updated: 1)
2025-01-29 13:39:18,432 INFO c.h.h.t.HelmChartContainer - [hivemq-test-hivemq-platform] [hivemq-platform-operator] [126d9664] 13:39:18.429 [ReconcilerExecutor-hivemq-controller-113] DEBUG c.h.p.o.HiveMQPlatformReconciler - [helmupgr] StatefulSet Spec (replicas: 1, init containers: 1, containers: 1, volumes: 4)
2025-01-29 13:39:18,432 INFO c.h.h.t.HelmChartContainer - [hivemq-test-hivemq-platform] [hivemq-platform-operator] [126d9664] 13:39:18.430 [ReconcilerExecutor-hivemq-controller-113] DEBUG c.h.p.o.h.HiveMQPlatformReconcilerErrorHandler - [helmupgr] Pod 'test-hivemq-platform-0' phase Running
2025-01-29 13:39:18,433 INFO c.h.h.t.HelmChartContainer - [hivemq-test-hivemq-platform] [hivemq-platform-operator] [126d9664] 13:39:18.431 [ReconcilerExecutor-hivemq-controller-113] INFO  c.h.p.o.h.HiveMQPlatformReconcilerBaseHandler - [helmupgr] HiveMQ Platform is starting, 0 of 1 replicas are ready
2025-01-29 13:39:22,950 INFO c.h.h.t.HelmChartContainer - [test-hivemq-platform] [hivemq] [c219b6e0] WARN  - Bridge Extension: Connect to bridge 'testbridge' failed for the 1 time, reason: connection timed out after 10000 ms: /172.17.0.3:1883
2025-01-29 13:39:22,950 INFO c.h.h.t.HelmChartContainer - [test-hivemq-platform] [hivemq] [c219b6e0] WARN  - Bridge Extension: Connect to bridge 'testbridge' failed for the 1 time, reason: connection timed out after 10000 ms: /172.17.0.3:1883
2025-01-29 13:39:23,039 INFO c.h.h.t.HelmChartContainer - [EVENT] Warning [Unhealthy] Readiness probe failed: HTTP probe failed with statuscode: 503 [helmupgradeextensionit:test-hivemq-platform-0]
2025-01-29 13:39:23,039 INFO c.h.h.t.HelmChartContainer - Received Unhealthy event for container hivemq in pod test-hivemq-platform-0 [c219b6e0-0205-4720-9c5e-a911556d9fd5]
2025-01-29 13:39:28,039 INFO c.h.h.t.HelmChartContainer - [EVENT] Warning [Unhealthy] Readiness probe failed: HTTP probe failed with statuscode: 503 [helmupgradeextensionit:test-hivemq-platform-0]
2025-01-29 13:39:28,039 INFO c.h.h.t.HelmChartContainer - Received Unhealthy event for container hivemq in pod test-hivemq-platform-0 [c219b6e0-0205-4720-9c5e-a911556d9fd5]
2025-01-29 13:39:28,438 INFO c.h.h.t.HelmChartContainer - [hivemq-test-hivemq-platform] [hivemq-platform-operator] [126d9664] 13:39:28.435 [pool-6-thread-7] DEBUG c.h.p.o.d.PlatformServiceResource - [helmupgr] Desired Platform services (3 services)
2025-01-29 13:39:28,438 INFO c.h.h.t.HelmChartContainer - [hivemq-test-hivemq-platform] [hivemq-platform-operator] [126d9664] 13:39:28.436 [pool-6-thread-4] DEBUG c.h.p.o.dependants.PodInfoConfigMap - [helmupgr] Desired PodInfo ConfigMap (1 extensions) (1 enabled)
2025-01-29 13:39:28,440 INFO c.h.h.t.HelmChartContainer - [hivemq-test-hivemq-platform] [hivemq-platform-operator] [126d9664] 13:39:28.438 [pool-6-thread-4] DEBUG c.h.p.o.dependants.PodInfoConfigMap - [helmupgr] Desired PodInfo ConfigMap (metrics port: 9399) (metrics path: /)
2025-01-29 13:39:28,440 INFO c.h.h.t.HelmChartContainer - [hivemq-test-hivemq-platform] [hivemq-platform-operator] [126d9664] 13:39:28.439 [pool-6-thread-4] DEBUG c.h.p.o.dependants.PodInfoConfigMap - [helmupgr] Desired PodInfo ConfigMap (extension state hash: -1817869294)
2025-01-29 13:39:28,441 INFO c.h.h.t.HelmChartContainer - [hivemq-test-hivemq-platform] [hivemq-platform-operator] [126d9664] 13:39:28.437 [pool-6-thread-9] DEBUG c.h.p.o.d.PodServiceAccountResource - [helmupgr] Desired PodServiceAccountResource (serviceAccountName: hivemq-platform-pod-test-hivemq-platform)
2025-01-29 13:39:28,445 INFO c.h.h.t.HelmChartContainer - [hivemq-test-hivemq-platform] [hivemq-platform-operator] [126d9664] 13:39:28.444 [pool-6-thread-6] DEBUG c.h.p.o.d.StatefulSetResource - [helmupgr] Desired StatefulSet (1 replicas) for status STARTING (READY)
2025-01-29 13:39:28,451 INFO c.h.h.t.HelmChartContainer - [hivemq-test-hivemq-platform] [hivemq-platform-operator] [126d9664] 13:39:28.448 [ReconcilerExecutor-hivemq-controller-114] INFO  c.h.p.o.HiveMQPlatformReconciler - [helmupgr] Reconciling HiveMQ Platform 'test-hivemq-platform' in namespace 'helmupgradeextensionit'
2025-01-29 13:39:28,451 INFO c.h.h.t.HelmChartContainer - [hivemq-test-hivemq-platform] [hivemq-platform-operator] [126d9664] 13:39:28.449 [ReconcilerExecutor-hivemq-controller-114] DEBUG c.h.p.o.HiveMQPlatformReconciler - [helmupgr] Custom Resource Status STARTING - HiveMQ Platform is starting (READY)
2025-01-29 13:39:28,451 INFO c.h.h.t.HelmChartContainer - [hivemq-test-hivemq-platform] [hivemq-platform-operator] [126d9664] 13:39:28.449 [ReconcilerExecutor-hivemq-controller-114] DEBUG c.h.p.o.HiveMQPlatformReconciler - [helmupgr] Custom Resource Spec (replicas: 1) (extensions: 1)
2025-01-29 13:39:28,453 INFO c.h.h.t.HelmChartContainer - [hivemq-test-hivemq-platform] [hivemq-platform-operator] [126d9664] 13:39:28.451 [ReconcilerExecutor-hivemq-controller-114] DEBUG c.h.p.o.HiveMQPlatformReconciler - [helmupgr] StatefulSet Status (revision: test-hivemq-platform-5b6c7575b6, replicas: 1, available: 0, ready: 0, current: 1, updated: 1)
2025-01-29 13:39:28,454 INFO c.h.h.t.HelmChartContainer - [hivemq-test-hivemq-platform] [hivemq-platform-operator] [126d9664] 13:39:28.451 [ReconcilerExecutor-hivemq-controller-114] DEBUG c.h.p.o.HiveMQPlatformReconciler - [helmupgr] StatefulSet Spec (replicas: 1, init containers: 1, containers: 1, volumes: 4)
2025-01-29 13:39:28,455 INFO c.h.h.t.HelmChartContainer - [hivemq-test-hivemq-platform] [hivemq-platform-operator] [126d9664] 13:39:28.454 [ReconcilerExecutor-hivemq-controller-114] DEBUG c.h.p.o.h.HiveMQPlatformReconcilerErrorHandler - [helmupgr] Pod 'test-hivemq-platform-0' phase Running
2025-01-29 13:39:28,456 INFO c.h.h.t.HelmChartContainer - [hivemq-test-hivemq-platform] [hivemq-platform-operator] [126d9664] 13:39:28.455 [ReconcilerExecutor-hivemq-controller-114] INFO  c.h.p.o.h.HiveMQPlatformReconcilerBaseHandler - [helmupgr] HiveMQ Platform is starting, 0 of 1 replicas are ready
2025-01-29 13:39:29,472 INFO c.h.h.t.HelmChartContainer - [test-hivemq-platform] [hivemq] [c219b6e0] INFO  - [HiveMQ Platform Operator Init App 1.7.0-SNAPSHOT] Returning Health API response 200 for liveness
2025-01-29 13:39:33,038 INFO c.h.h.t.HelmChartContainer - [EVENT] Warning [Unhealthy] Readiness probe failed: HTTP probe failed with statuscode: 503 [helmupgradeextensionit:test-hivemq-platform-0]
2025-01-29 13:39:33,039 INFO c.h.h.t.HelmChartContainer - Received Unhealthy event for container hivemq in pod test-hivemq-platform-0 [c219b6e0-0205-4720-9c5e-a911556d9fd5]
2025-01-29 13:39:34,555 INFO c.h.h.t.HelmChartContainer - [test-hivemq-platform] [hivemq] [c219b6e0] WARN  - Bridge Extension: Connect to bridge 'testbridge' failed for the 2 time, reason: connection timed out after 10000 ms: /172.17.0.3:1883
2025-01-29 13:39:35,055 INFO c.h.h.t.HelmChartContainer - [test-hivemq-platform] [hivemq] [c219b6e0] WARN  - Bridge Extension: Connect to bridge 'testbridge' failed for the 2 time, reason: connection timed out after 10000 ms: /172.17.0.3:1883
2025-01-29 13:39:35,055 INFO c.h.h.t.HelmChartContainer - [test-hivemq-platform] [hivemq] [c219b6e0] WARN  - Bridge Extension: Not all clients could connect successfully to remote brokers. The clients will retry the connection.
2025-01-29 13:39:35,116 INFO c.h.h.t.HelmChartContainer - [test-hivemq-platform] [hivemq] [c219b6e0] INFO  - Extension "HiveMQ Enterprise Bridge Extension" version 4.36.0 started successfully.
2025-01-29 13:39:35,116 INFO c.h.h.testcontainer.LogWaiterUtil - TEST Found log pattern on 'test-hivemq-platform-0': .*Extension "HiveMQ Enterprise Bridge Extension" version .* started successfully.
2025-01-29 13:39:35,116 INFO c.h.h.t.HelmChartContainer - [test-hivemq-platform] [hivemq] [c219b6e0] INFO  - Starting extension with id "hivemq-prometheus-extension" at /opt/hivemq/extensions/hivemq-prometheus-extension
2025-01-29 13:39:35,629 INFO c.h.h.t.HelmChartContainer - [test-hivemq-platform] [hivemq] [c219b6e0] INFO  - Started Jetty Server exposing Prometheus Servlet on URI http://0.0.0.0:9399/
2025-01-29 13:39:35,630 INFO c.h.h.t.HelmChartContainer - [test-hivemq-platform] [hivemq] [c219b6e0] INFO  - Extension "Prometheus Monitoring Extension" version 4.0.12 started successfully.
2025-01-29 13:39:35,630 INFO c.h.h.t.HelmChartContainer - [test-hivemq-platform] [hivemq] [c219b6e0] INFO  - Starting extension with id "hivemq-allow-all-extension" at /opt/hivemq/extensions/hivemq-allow-all-extension
2025-01-29 13:39:35,630 INFO c.h.h.t.HelmChartContainer - [test-hivemq-platform] [hivemq] [c219b6e0] WARN  - 
2025-01-29 13:39:35,630 INFO c.h.h.t.HelmChartContainer - [test-hivemq-platform] [hivemq] [c219b6e0] ################################################################################################################
2025-01-29 13:39:35,630 INFO c.h.h.t.HelmChartContainer - [test-hivemq-platform] [hivemq] [c219b6e0] # This HiveMQ deployment is not secure! You are lacking Authentication and Authorization.                      #
2025-01-29 13:39:35,630 INFO c.h.h.t.HelmChartContainer - [test-hivemq-platform] [hivemq] [c219b6e0] # Right now any MQTT client can connect to the broker with a full set of permissions.                          #
2025-01-29 13:39:35,630 INFO c.h.h.t.HelmChartContainer - [test-hivemq-platform] [hivemq] [c219b6e0] # For production usage, add an appropriate security extension and remove the hivemq-allow-all extension.       #
2025-01-29 13:39:35,630 INFO c.h.h.t.HelmChartContainer - [test-hivemq-platform] [hivemq] [c219b6e0] # You can download security extensions from the HiveMQ Marketplace (https://www.hivemq.com/extensions/).       #
2025-01-29 13:39:35,630 INFO c.h.h.t.HelmChartContainer - [test-hivemq-platform] [hivemq] [c219b6e0] ################################################################################################################
2025-01-29 13:39:35,630 INFO c.h.h.t.HelmChartContainer - [test-hivemq-platform] [hivemq] [c219b6e0] INFO  - Extension "Allow All Extension" version 1.1.1 started successfully.
2025-01-29 13:39:35,671 INFO c.h.h.t.HelmChartContainer - [test-hivemq-platform] [hivemq] [c219b6e0] WARN  - No user for HiveMQ Control Center configured. Starting with default user
2025-01-29 13:39:35,671 INFO c.h.h.t.HelmChartContainer - [test-hivemq-platform] [hivemq] [c219b6e0] INFO  - Starting HiveMQ Control Center on address 0.0.0.0 and port 8080
2025-01-29 13:39:35,675 INFO c.h.h.t.HelmChartContainer - [test-hivemq-platform] [hivemq] [c219b6e0] INFO  - Mounting HiveMQ Control Center V2 Preview
2025-01-29 13:39:36,317 INFO c.h.h.t.HelmChartContainer - [test-hivemq-platform] [hivemq] [c219b6e0] INFO  - Started HiveMQ Control Center in 647ms
2025-01-29 13:39:36,331 INFO c.h.h.t.HelmChartContainer - [test-hivemq-platform] [hivemq] [c219b6e0] INFO  - Starting TCP listener on address 0.0.0.0 and port 1883
2025-01-29 13:39:36,413 INFO c.h.h.t.HelmChartContainer - [test-hivemq-platform] [hivemq] [c219b6e0] INFO  - Started TCP Listener on address 0.0.0.0 and on port 1883.
2025-01-29 13:39:36,413 INFO c.h.h.t.HelmChartContainer - [test-hivemq-platform] [hivemq] [c219b6e0] INFO  - Started HiveMQ in 57395ms
2025-01-29 13:39:38,037 INFO c.h.h.t.HelmChartContainer - [test-hivemq-platform] [hivemq] [c219b6e0] INFO  - [HiveMQ Platform Operator Init App 1.7.0-SNAPSHOT] Returning Health API response 200 for readiness
2025-01-29 13:39:38,059 INFO c.h.h.t.HelmChartContainer - [POD] test-hivemq-platform-0 [c219b6e0-0205-4720-9c5e-a911556d9fd5] in helmupgradeextensionit was MODIFIED
2025-01-29 13:39:38,067 INFO c.h.h.t.HelmChartContainer - [hivemq-test-hivemq-platform] [hivemq-platform-operator] [126d9664] 13:39:38.063 [pool-6-thread-19] DEBUG c.h.p.o.d.PlatformServiceResource - [helmupgr] Desired Platform services (3 services)
2025-01-29 13:39:38,073 INFO c.h.h.t.HelmChartContainer - [hivemq-test-hivemq-platform] [hivemq-platform-operator] [126d9664] 13:39:38.068 [pool-6-thread-16] DEBUG c.h.p.o.dependants.PodInfoConfigMap - [helmupgr] Desired PodInfo ConfigMap (1 extensions) (1 enabled)
2025-01-29 13:39:38,073 INFO c.h.h.t.HelmChartContainer - [hivemq-test-hivemq-platform] [hivemq-platform-operator] [126d9664] 13:39:38.069 [pool-6-thread-16] DEBUG c.h.p.o.dependants.PodInfoConfigMap - [helmupgr] Desired PodInfo ConfigMap (metrics port: 9399) (metrics path: /)
2025-01-29 13:39:38,074 INFO c.h.h.t.HelmChartContainer - [hivemq-test-hivemq-platform] [hivemq-platform-operator] [126d9664] 13:39:38.069 [pool-6-thread-16] DEBUG c.h.p.o.dependants.PodInfoConfigMap - [helmupgr] Desired PodInfo ConfigMap (extension state hash: -1817869294)
2025-01-29 13:39:38,074 INFO c.h.h.t.HelmChartContainer - [hivemq-test-hivemq-platform] [hivemq-platform-operator] [126d9664] 13:39:38.072 [pool-6-thread-13] DEBUG c.h.p.o.d.PodServiceAccountResource - [helmupgr] Desired PodServiceAccountResource (serviceAccountName: hivemq-platform-pod-test-hivemq-platform)
2025-01-29 13:39:38,084 INFO c.h.h.t.HelmChartContainer - [hivemq-test-hivemq-platform] [hivemq-platform-operator] [126d9664] 13:39:38.083 [pool-6-thread-19] DEBUG c.h.p.o.d.StatefulSetResource - [helmupgr] Desired StatefulSet (1 replicas) for status STARTING (READY)
2025-01-29 13:39:38,125 INFO c.h.h.t.HelmChartContainer - [hivemq-test-hivemq-platform] [hivemq-platform-operator] [126d9664] 13:39:38.122 [ReconcilerExecutor-hivemq-controller-115] INFO  c.h.p.o.HiveMQPlatformReconciler - [helmupgr] Reconciling HiveMQ Platform 'test-hivemq-platform' in namespace 'helmupgradeextensionit'
2025-01-29 13:39:38,125 INFO c.h.h.t.HelmChartContainer - [hivemq-test-hivemq-platform] [hivemq-platform-operator] [126d9664] 13:39:38.122 [ReconcilerExecutor-hivemq-controller-115] DEBUG c.h.p.o.HiveMQPlatformReconciler - [helmupgr] Custom Resource Status STARTING - HiveMQ Platform is starting (READY)
2025-01-29 13:39:38,125 INFO c.h.h.t.HelmChartContainer - [hivemq-test-hivemq-platform] [hivemq-platform-operator] [126d9664] 13:39:38.123 [ReconcilerExecutor-hivemq-controller-115] DEBUG c.h.p.o.HiveMQPlatformReconciler - [helmupgr] Custom Resource Spec (replicas: 1) (extensions: 1)
2025-01-29 13:39:38,127 INFO c.h.h.t.HelmChartContainer - [hivemq-test-hivemq-platform] [hivemq-platform-operator] [126d9664] 13:39:38.126 [ReconcilerExecutor-hivemq-controller-115] DEBUG c.h.p.o.HiveMQPlatformReconciler - [helmupgr] StatefulSet Status (revision: test-hivemq-platform-5b6c7575b6, replicas: 1, available: 1, ready: 1, current: 1, updated: 1)
2025-01-29 13:39:38,127 INFO c.h.h.t.HelmChartContainer - [hivemq-test-hivemq-platform] [hivemq-platform-operator] [126d9664] 13:39:38.126 [ReconcilerExecutor-hivemq-controller-115] DEBUG c.h.p.o.HiveMQPlatformReconciler - [helmupgr] StatefulSet Spec (replicas: 1, init containers: 1, containers: 1, volumes: 4)
2025-01-29 13:39:38,128 INFO c.h.h.t.HelmChartContainer - [hivemq-test-hivemq-platform] [hivemq-platform-operator] [126d9664] 13:39:38.128 [ReconcilerExecutor-hivemq-controller-115] DEBUG c.h.p.o.h.HiveMQPlatformReconcilerErrorHandler - [helmupgr] Pod 'test-hivemq-platform-0' phase Running
2025-01-29 13:39:38,129 INFO c.h.h.t.HelmChartContainer - [hivemq-test-hivemq-platform] [hivemq-platform-operator] [126d9664] 13:39:38.128 [ReconcilerExecutor-hivemq-controller-115] INFO  c.h.p.o.h.HiveMQPlatformReconcilerBaseHandler - [helmupgr] HiveMQ Platform started successfully
2025-01-29 13:39:38,235 INFO c.h.h.t.HelmChartContainer - [hivemq-test-hivemq-platform] [hivemq-platform-operator] [126d9664] 13:39:38.234 [ReconcilerExecutor-hivemq-controller-115] DEBUG c.h.p.operator.event.EventSender - [helmupgr] Creating K8s event hivemq-platform-ready: [Ready] HiveMQ Platform is ready
2025-01-29 13:39:38,239 INFO c.h.h.t.HelmChartContainer - [EVENT] Normal [Ready] HiveMQ Platform is ready [helmupgradeextensionit:test-hivemq-platform]
2025-01-29 13:39:38,240 INFO c.h.h.t.HelmChartContainer - [hivemq-test-hivemq-platform] [hivemq-platform-operator] [126d9664] 13:39:38.239 [ReconcilerExecutor-hivemq-controller-115] INFO  c.h.p.o.h.AbstractHiveMQReconcilerStateHandler - [helmupgr] Update HiveMQ Platform Status (STARTING [READY] -> RUNNING [READY]): HiveMQ Platform is ready
2025-01-29 13:39:38,249 DEBUG com.hivemq.helmcharts.util.K8sUtil - Comparing actual state 'RUNNING' and waiting for 'RUNNING'
2025-01-29 13:39:38,329 INFO c.h.h.t.HelmChartContainer - [hivemq-test-hivemq-platform] [hivemq-platform-operator] [126d9664] 13:39:38.326 [pool-6-thread-22] DEBUG c.h.p.o.dependants.PodInfoConfigMap - [helmupgr] Desired PodInfo ConfigMap (1 extensions) (1 enabled)
2025-01-29 13:39:38,329 INFO c.h.h.t.HelmChartContainer - [hivemq-test-hivemq-platform] [hivemq-platform-operator] [126d9664] 13:39:38.326 [pool-6-thread-22] DEBUG c.h.p.o.dependants.PodInfoConfigMap - [helmupgr] Desired PodInfo ConfigMap (metrics port: 9399) (metrics path: /)
2025-01-29 13:39:38,329 INFO c.h.h.t.HelmChartContainer - [hivemq-test-hivemq-platform] [hivemq-platform-operator] [126d9664] 13:39:38.326 [pool-6-thread-22] DEBUG c.h.p.o.dependants.PodInfoConfigMap - [helmupgr] Desired PodInfo ConfigMap (extension state hash: -1817869294)
2025-01-29 13:39:38,329 INFO c.h.h.t.HelmChartContainer - [hivemq-test-hivemq-platform] [hivemq-platform-operator] [126d9664] 13:39:38.327 [pool-6-thread-22] DEBUG c.h.p.o.dependants.PodInfoConfigMap - [helmupgr] Update PodInfo ConfigMap
2025-01-29 13:39:38,330 INFO c.h.h.t.HelmChartContainer - [hivemq-test-hivemq-platform] [hivemq-platform-operator] [126d9664] 13:39:38.327 [pool-6-thread-23] DEBUG c.h.p.o.d.PodServiceAccountResource - [helmupgr] Desired PodServiceAccountResource (serviceAccountName: hivemq-platform-pod-test-hivemq-platform)
2025-01-29 13:39:38,330 INFO c.h.h.t.HelmChartContainer - [hivemq-test-hivemq-platform] [hivemq-platform-operator] [126d9664] 13:39:38.327 [pool-6-thread-24] DEBUG c.h.p.o.d.PlatformServiceResource - [helmupgr] Desired Platform services (3 services)
2025-01-29 13:39:38,339 INFO c.h.h.t.HelmChartContainer - [hivemq-test-hivemq-platform] [hivemq-platform-operator] [126d9664] 13:39:38.338 [pool-6-thread-22] DEBUG c.h.p.o.d.StatefulSetResource - [helmupgr] Desired StatefulSet (1 replicas) for status RUNNING (READY)
2025-01-29 13:39:38,426 INFO c.h.h.t.HelmChartContainer - [hivemq-test-hivemq-platform] [hivemq-platform-operator] [126d9664] 13:39:38.424 [ReconcilerExecutor-hivemq-controller-116] INFO  c.h.p.o.HiveMQPlatformReconciler - [helmupgr] Reconciling HiveMQ Platform 'test-hivemq-platform' in namespace 'helmupgradeextensionit'
2025-01-29 13:39:38,426 INFO c.h.h.t.HelmChartContainer - [hivemq-test-hivemq-platform] [hivemq-platform-operator] [126d9664] 13:39:38.425 [ReconcilerExecutor-hivemq-controller-116] DEBUG c.h.p.o.HiveMQPlatformReconciler - [helmupgr] Custom Resource Status RUNNING - HiveMQ Platform is ready (READY)
2025-01-29 13:39:38,426 INFO c.h.h.t.HelmChartContainer - [hivemq-test-hivemq-platform] [hivemq-platform-operator] [126d9664] 13:39:38.425 [ReconcilerExecutor-hivemq-controller-116] DEBUG c.h.p.o.HiveMQPlatformReconciler - [helmupgr] Custom Resource Spec (replicas: 1) (extensions: 1)
2025-01-29 13:39:38,430 INFO c.h.h.t.HelmChartContainer - [hivemq-test-hivemq-platform] [hivemq-platform-operator] [126d9664] 13:39:38.427 [ReconcilerExecutor-hivemq-controller-116] DEBUG c.h.p.o.HiveMQPlatformReconciler - [helmupgr] StatefulSet Status (revision: test-hivemq-platform-5b6c7575b6, replicas: 1, available: 1, ready: 1, current: 1, updated: 1)
2025-01-29 13:39:38,431 INFO c.h.h.t.HelmChartContainer - [hivemq-test-hivemq-platform] [hivemq-platform-operator] [126d9664] 13:39:38.427 [ReconcilerExecutor-hivemq-controller-116] DEBUG c.h.p.o.HiveMQPlatformReconciler - [helmupgr] StatefulSet Spec (replicas: 1, init containers: 1, containers: 1, volumes: 4)
2025-01-29 13:39:38,431 INFO c.h.h.t.HelmChartContainer - [hivemq-test-hivemq-platform] [hivemq-platform-operator] [126d9664] 13:39:38.429 [ReconcilerExecutor-hivemq-controller-116] DEBUG c.h.p.o.h.HiveMQPlatformReconcilerErrorHandler - [helmupgr] Pod 'test-hivemq-platform-0' phase Running
2025-01-29 13:39:42,266 INFO c.h.h.testcontainer.LogWaiterUtil - TEST Waiting for log pattern on 'test-hivemq-platform-0': .*Extension "HiveMQ Enterprise Bridge Extension" version .* stopped successfully.
2025-01-29 13:39:42,266 INFO c.h.h.testcontainer.LogWaiterUtil - TEST Waiting for log pattern on 'test-hivemq-platform-0': .*\[HiveMQ Platform Operator Init App [A-Z0-9.-]+\] Successfully stopped extension hivemq-bridge-extension
2025-01-29 13:39:42,266 INFO c.h.h.testcontainer.LogWaiterUtil - TEST Waiting for log pattern on 'test-hivemq-platform-0': .*\[HiveMQ Platform Operator Init App [A-Z0-9.-]+\] Extension update is done \(0 errors\)
2025-01-29 13:39:42,325 DEBUG c.h.h.t.HelmChartContainer - Executing helm command: /bin/helm --kubeconfig /etc/rancher/k3s/k3s.yaml upgrade test-hivemq-platform /charts/hivemq-platform --wait --timeout 5m0s --set image.repository=docker.io/hivemq --set image.tag=4.36.0 --set image.pullPolicy=Never --set nodes.resources.cpu=512m -f /files/disable-bridge-values.yaml --namespace helmupgradeextensionit
2025-01-29 13:39:42,669 INFO c.h.h.t.HelmChartContainer - [hivemq-test-hivemq-platform] [hivemq-platform-operator] [126d9664] 13:39:42.663 [pool-6-thread-33] DEBUG c.h.p.o.d.PlatformServiceResource - [helmupgr] Desired Platform services (3 services)
2025-01-29 13:39:42,669 INFO c.h.h.t.HelmChartContainer - [hivemq-test-hivemq-platform] [hivemq-platform-operator] [126d9664] 13:39:42.665 [pool-6-thread-35] DEBUG c.h.p.o.d.PodServiceAccountResource - [helmupgr] Desired PodServiceAccountResource (serviceAccountName: hivemq-platform-pod-test-hivemq-platform)
2025-01-29 13:39:42,669 INFO c.h.h.t.HelmChartContainer - [hivemq-test-hivemq-platform] [hivemq-platform-operator] [126d9664] 13:39:42.668 [pool-6-thread-34] DEBUG c.h.p.o.dependants.PodInfoConfigMap - [helmupgr] Desired PodInfo ConfigMap (1 extensions) (0 enabled)
2025-01-29 13:39:42,671 INFO c.h.h.t.HelmChartContainer - [hivemq-test-hivemq-platform] [hivemq-platform-operator] [126d9664] 13:39:42.668 [pool-6-thread-34] DEBUG c.h.p.o.dependants.PodInfoConfigMap - [helmupgr] Desired PodInfo ConfigMap (metrics port: 9399) (metrics path: /)
2025-01-29 13:39:42,671 INFO c.h.h.t.HelmChartContainer - [hivemq-test-hivemq-platform] [hivemq-platform-operator] [126d9664] 13:39:42.668 [pool-6-thread-34] DEBUG c.h.p.o.dependants.PodInfoConfigMap - [helmupgr] Desired PodInfo ConfigMap (extension state hash: -1493170518)
2025-01-29 13:39:42,671 INFO c.h.h.t.HelmChartContainer - [hivemq-test-hivemq-platform] [hivemq-platform-operator] [126d9664] 13:39:42.668 [pool-6-thread-34] DEBUG c.h.p.o.dependants.PodInfoConfigMap - [helmupgr] Update PodInfo ConfigMap
2025-01-29 13:39:42,671 INFO c.h.h.t.HelmChartContainer - [hivemq-test-hivemq-platform] [hivemq-platform-operator] [126d9664] 13:39:42.668 [pool-6-thread-34] DEBUG c.h.p.o.dependants.PodInfoConfigMap - [helmupgr] Detected change in configuration of extension 'hivemq-bridge-extension' ({skip-https-hostname-verification=false, restart=true, config-version=515, header-version=0, c-uri=, uri=preinstalled, skip-https-certificate-validation=false, enabled=true} -> {skip-https-hostname-verification=false, restart=true, config-version=515, header-version=0, c-uri=, uri=preinstalled, skip-https-certificate-validation=false, enabled=false})
2025-01-29 13:39:42,671 INFO c.h.h.t.HelmChartContainer - [hivemq-test-hivemq-platform] [hivemq-platform-operator] [126d9664] 13:39:42.669 [pool-6-thread-34] INFO  c.h.p.o.dependants.PodInfoConfigMap - [helmupgr] Extension configuration was updated, restarting extensions: [hivemq-bridge-extension]
2025-01-29 13:39:42,727 INFO c.h.h.t.HelmChartContainer - [hivemq-test-hivemq-platform] [hivemq-platform-operator] [126d9664] 13:39:42.723 [pool-6-thread-34] DEBUG c.h.p.o.d.StatefulSetResource - [helmupgr] Desired StatefulSet (1 replicas) for status RUNNING (READY)
2025-01-29 13:39:42,727 INFO c.h.h.t.HelmChartContainer - [hivemq-test-hivemq-platform] [hivemq-platform-operator] [126d9664] 13:39:42.725 [pool-6-thread-34] DEBUG c.h.p.o.u.VolumeAndVolumeMountUtil - [helmupgr] Creating volume mount for available ConfigMap 'test-bridge-configuration' of disabled extension 'hivemq-bridge-extension'
2025-01-29 13:39:42,734 INFO c.h.h.t.HelmChartContainer - [hivemq-test-hivemq-platform] [hivemq-platform-operator] [126d9664] 13:39:42.731 [ReconcilerExecutor-hivemq-controller-118] INFO  c.h.p.o.HiveMQPlatformReconciler - [helmupgr] Reconciling HiveMQ Platform 'test-hivemq-platform' in namespace 'helmupgradeextensionit'
2025-01-29 13:39:42,734 INFO c.h.h.t.HelmChartContainer - [hivemq-test-hivemq-platform] [hivemq-platform-operator] [126d9664] 13:39:42.731 [ReconcilerExecutor-hivemq-controller-118] DEBUG c.h.p.o.HiveMQPlatformReconciler - [helmupgr] Custom Resource Status RUNNING - HiveMQ Platform is ready (READY) (reconciliation requests: RESTART_EXTENSIONS, REQUESTS_UPDATED)
2025-01-29 13:39:42,734 INFO c.h.h.t.HelmChartContainer - [hivemq-test-hivemq-platform] [hivemq-platform-operator] [126d9664] 13:39:42.731 [ReconcilerExecutor-hivemq-controller-118] DEBUG c.h.p.o.HiveMQPlatformReconciler - [helmupgr] Custom Resource Spec (replicas: 1) (extensions: 1)
2025-01-29 13:39:42,736 INFO c.h.h.t.HelmChartContainer - [hivemq-test-hivemq-platform] [hivemq-platform-operator] [126d9664] 13:39:42.733 [ReconcilerExecutor-hivemq-controller-118] DEBUG c.h.p.o.HiveMQPlatformReconciler - [helmupgr] StatefulSet Status (revision: test-hivemq-platform-5b6c7575b6, replicas: 1, available: 1, ready: 1, current: 1, updated: 1)
2025-01-29 13:39:42,736 INFO c.h.h.t.HelmChartContainer - [hivemq-test-hivemq-platform] [hivemq-platform-operator] [126d9664] 13:39:42.734 [ReconcilerExecutor-hivemq-controller-118] DEBUG c.h.p.o.HiveMQPlatformReconciler - [helmupgr] StatefulSet Spec (replicas: 1, init containers: 1, containers: 1, volumes: 4)
2025-01-29 13:39:42,737 INFO c.h.h.t.HelmChartContainer - [hivemq-test-hivemq-platform] [hivemq-platform-operator] [126d9664] 13:39:42.735 [ReconcilerExecutor-hivemq-controller-118] DEBUG c.h.p.o.h.HiveMQPlatformReconcilerErrorHandler - [helmupgr] Pod 'test-hivemq-platform-0' phase Running
2025-01-29 13:39:42,853 DEBUG com.hivemq.helmcharts.util.K8sUtil - Comparing actual state 'RUNNING' and waiting for 'RESTART_EXTENSIONS'
2025-01-29 13:39:42,938 INFO c.h.h.t.HelmChartContainer - [hivemq-test-hivemq-platform] [hivemq-platform-operator] [126d9664] 13:39:42.936 [ReconcilerExecutor-hivemq-controller-118] DEBUG c.h.p.operator.event.EventSender - [helmupgr] Creating K8s event restart-extension-started: [RestartExtension] HiveMQ Platform is restarting extensions (hivemq-bridge-extension)
2025-01-29 13:39:42,941 INFO c.h.h.t.HelmChartContainer - [EVENT] Normal [RestartExtension] HiveMQ Platform is restarting extensions (hivemq-bridge-extension) [helmupgradeextensionit:test-hivemq-platform]
2025-01-29 13:39:42,943 INFO c.h.h.t.HelmChartContainer - [hivemq-test-hivemq-platform] [hivemq-platform-operator] [126d9664] 13:39:42.941 [ReconcilerExecutor-hivemq-controller-118] INFO  c.h.p.o.h.AbstractHiveMQReconcilerStateHandler - [helmupgr] Update HiveMQ Platform Status (RUNNING [READY] -> RESTART_EXTENSIONS [RESTART_EXTENSIONS]): HiveMQ Platform is restarting extensions (hivemq-bridge-extension)
2025-01-29 13:39:42,950 DEBUG com.hivemq.helmcharts.util.K8sUtil - Comparing actual state 'RESTART_EXTENSIONS' and waiting for 'RESTART_EXTENSIONS'
2025-01-29 13:39:42,955 DEBUG com.hivemq.helmcharts.util.K8sUtil - Comparing actual state 'RESTART_EXTENSIONS' and waiting for 'RUNNING'
2025-01-29 13:39:48,107 INFO c.h.h.t.HelmChartContainer - [test-hivemq-platform] [hivemq] [c219b6e0] WARN  - Bridge Extension: Connect to bridge 'testbridge' failed for the 3 time, reason: connection timed out after 10000 ms: /172.17.0.3:1883
2025-01-29 13:39:48,663 INFO c.h.h.t.HelmChartContainer - [test-hivemq-platform] [hivemq] [c219b6e0] WARN  - Bridge Extension: Connect to bridge 'testbridge' failed for the 3 time, reason: connection timed out after 10000 ms: /172.17.0.3:1883
2025-01-29 13:39:53,037 INFO c.h.h.t.HelmChartContainer - [hivemq-test-hivemq-platform] [hivemq-platform-operator] [126d9664] 13:39:53.034 [pool-6-thread-48] DEBUG c.h.p.o.d.PlatformServiceResource - [helmupgr] Desired Platform services (3 services)
2025-01-29 13:39:53,037 INFO c.h.h.t.HelmChartContainer - [hivemq-test-hivemq-platform] [hivemq-platform-operator] [126d9664] 13:39:53.037 [pool-6-thread-42] DEBUG c.h.p.o.dependants.PodInfoConfigMap - [helmupgr] Desired PodInfo ConfigMap (1 extensions) (0 enabled)
2025-01-29 13:39:53,038 INFO c.h.h.t.HelmChartContainer - [hivemq-test-hivemq-platform] [hivemq-platform-operator] [126d9664] 13:39:53.037 [pool-6-thread-42] DEBUG c.h.p.o.dependants.PodInfoConfigMap - [helmupgr] Desired PodInfo ConfigMap (metrics port: 9399) (metrics path: /)
2025-01-29 13:39:53,038 INFO c.h.h.t.HelmChartContainer - [hivemq-test-hivemq-platform] [hivemq-platform-operator] [126d9664] 13:39:53.037 [pool-6-thread-42] DEBUG c.h.p.o.dependants.PodInfoConfigMap - [helmupgr] Desired PodInfo ConfigMap (extension state hash: -1493170518)
2025-01-29 13:39:53,039 INFO c.h.h.t.HelmChartContainer - [hivemq-test-hivemq-platform] [hivemq-platform-operator] [126d9664] 13:39:53.037 [pool-6-thread-42] DEBUG c.h.p.o.dependants.PodInfoConfigMap - [helmupgr] Update PodInfo ConfigMap
2025-01-29 13:39:53,045 INFO c.h.h.t.HelmChartContainer - [hivemq-test-hivemq-platform] [hivemq-platform-operator] [126d9664] 13:39:53.044 [pool-6-thread-47] DEBUG c.h.p.o.d.PodServiceAccountResource - [helmupgr] Desired PodServiceAccountResource (serviceAccountName: hivemq-platform-pod-test-hivemq-platform)
2025-01-29 13:39:53,051 INFO c.h.h.t.HelmChartContainer - [hivemq-test-hivemq-platform] [hivemq-platform-operator] [126d9664] 13:39:53.050 [pool-6-thread-42] DEBUG c.h.p.o.d.StatefulSetResource - [helmupgr] Desired StatefulSet (1 replicas) for status RESTART_EXTENSIONS (RESTART_EXTENSIONS)
2025-01-29 13:39:53,125 INFO c.h.h.t.HelmChartContainer - [hivemq-test-hivemq-platform] [hivemq-platform-operator] [126d9664] 13:39:53.124 [pool-6-thread-42] DEBUG c.h.p.o.u.VolumeAndVolumeMountUtil - [helmupgr] Creating volume mount for available ConfigMap 'test-bridge-configuration' of disabled extension 'hivemq-bridge-extension'
2025-01-29 13:39:53,131 INFO c.h.h.t.HelmChartContainer - [hivemq-test-hivemq-platform] [hivemq-platform-operator] [126d9664] 13:39:53.129 [ReconcilerExecutor-hivemq-controller-119] INFO  c.h.p.o.HiveMQPlatformReconciler - [helmupgr] Reconciling HiveMQ Platform 'test-hivemq-platform' in namespace 'helmupgradeextensionit'
2025-01-29 13:39:53,133 INFO c.h.h.t.HelmChartContainer - [hivemq-test-hivemq-platform] [hivemq-platform-operator] [126d9664] 13:39:53.129 [ReconcilerExecutor-hivemq-controller-119] DEBUG c.h.p.o.HiveMQPlatformReconciler - [helmupgr] Custom Resource Status RESTART_EXTENSIONS - HiveMQ Platform is restarting extensions (hivemq-bridge-extension) (RESTART_EXTENSIONS)
2025-01-29 13:39:53,133 INFO c.h.h.t.HelmChartContainer - [hivemq-test-hivemq-platform] [hivemq-platform-operator] [126d9664] 13:39:53.129 [ReconcilerExecutor-hivemq-controller-119] DEBUG c.h.p.o.HiveMQPlatformReconciler - [helmupgr] Custom Resource Spec (replicas: 1) (extensions: 1)
2025-01-29 13:39:53,134 INFO c.h.h.t.HelmChartContainer - [hivemq-test-hivemq-platform] [hivemq-platform-operator] [126d9664] 13:39:53.131 [ReconcilerExecutor-hivemq-controller-119] DEBUG c.h.p.o.HiveMQPlatformReconciler - [helmupgr] StatefulSet Status (revision: test-hivemq-platform-5b6c7575b6, replicas: 1, available: 1, ready: 1, current: 1, updated: 1)
2025-01-29 13:39:53,134 INFO c.h.h.t.HelmChartContainer - [hivemq-test-hivemq-platform] [hivemq-platform-operator] [126d9664] 13:39:53.131 [ReconcilerExecutor-hivemq-controller-119] DEBUG c.h.p.o.HiveMQPlatformReconciler - [helmupgr] StatefulSet Spec (replicas: 1, init containers: 1, containers: 1, volumes: 4)
2025-01-29 13:39:53,135 INFO c.h.h.t.HelmChartContainer - [hivemq-test-hivemq-platform] [hivemq-platform-operator] [126d9664] 13:39:53.133 [ReconcilerExecutor-hivemq-controller-119] DEBUG c.h.p.o.h.HiveMQPlatformReconcilerErrorHandler - [helmupgr] Pod 'test-hivemq-platform-0' phase Running
2025-01-29 13:39:53,230 INFO c.h.h.t.HelmChartContainer - [hivemq-test-hivemq-platform] [hivemq-platform-operator] [126d9664] 13:39:53.229 [ReconcilerExecutor-hivemq-controller-119] DEBUG c.h.p.o.h.HiveMQPlatformReconcilerRestartExtensionsHandler - [helmupgr] Update extensions on Pod 'test-hivemq-platform-0'
2025-01-29 13:39:53,431 INFO c.h.h.t.HelmChartContainer - [test-hivemq-platform] [hivemq] [c219b6e0] INFO  - [HiveMQ Platform Operator Init App 1.7.0-SNAPSHOT] Updating HiveMQ Platform extensions: [hivemq-bridge-extension]
2025-01-29 13:39:53,450 INFO c.h.h.t.HelmChartContainer - [hivemq-test-hivemq-platform] [hivemq-platform-operator] [126d9664] 13:39:53.449 [vert.x-eventloop-thread-1] DEBUG c.h.platform.operator.util.PodUtil - Received status for command '[curl, -s, http://10.42.0.6:7979/updateExtension?hash=-1493170518&extensions=hivemq-bridge-extension]' on Pod 'test-hivemq-platform-0' (exit code: 0)
2025-01-29 13:39:54,366 INFO c.h.h.t.HelmChartContainer - [hivemq-test-hivemq-platform] [hivemq-platform-operator] [126d9664] 13:39:54.362 [pool-6-thread-4] DEBUG c.h.p.o.d.PodServiceAccountResource - [helmupgr] Desired PodServiceAccountResource (serviceAccountName: hivemq-platform-pod-test-hivemq-platform)
2025-01-29 13:39:54,366 INFO c.h.h.t.HelmChartContainer - [hivemq-test-hivemq-platform] [hivemq-platform-operator] [126d9664] 13:39:54.363 [pool-6-thread-5] DEBUG c.h.p.o.dependants.PodInfoConfigMap - [helmupgr] Desired PodInfo ConfigMap (1 extensions) (0 enabled)
2025-01-29 13:39:54,366 INFO c.h.h.t.HelmChartContainer - [hivemq-test-hivemq-platform] [hivemq-platform-operator] [126d9664] 13:39:54.363 [pool-6-thread-5] DEBUG c.h.p.o.dependants.PodInfoConfigMap - [helmupgr] Desired PodInfo ConfigMap (metrics port: 9399) (metrics path: /)
2025-01-29 13:39:54,366 INFO c.h.h.t.HelmChartContainer - [hivemq-test-hivemq-platform] [hivemq-platform-operator] [126d9664] 13:39:54.363 [pool-6-thread-5] DEBUG c.h.p.o.dependants.PodInfoConfigMap - [helmupgr] Desired PodInfo ConfigMap (extension state hash: -1493170518)
2025-01-29 13:39:54,366 INFO c.h.h.t.HelmChartContainer - [hivemq-test-hivemq-platform] [hivemq-platform-operator] [126d9664] 13:39:54.363 [pool-6-thread-2] DEBUG c.h.p.o.d.PlatformServiceResource - [helmupgr] Desired Platform services (3 services)
2025-01-29 13:39:54,369 INFO c.h.h.t.HelmChartContainer - [hivemq-test-hivemq-platform] [hivemq-platform-operator] [126d9664] 13:39:54.368 [pool-6-thread-2] DEBUG c.h.p.o.d.StatefulSetResource - [helmupgr] Desired StatefulSet (1 replicas) for status RESTART_EXTENSIONS (RESTART_EXTENSIONS)
2025-01-29 13:39:54,370 INFO c.h.h.t.HelmChartContainer - [hivemq-test-hivemq-platform] [hivemq-platform-operator] [126d9664] 13:39:54.369 [pool-6-thread-2] DEBUG c.h.p.o.u.VolumeAndVolumeMountUtil - [helmupgr] Creating volume mount for available ConfigMap 'test-bridge-configuration' of disabled extension 'hivemq-bridge-extension'
2025-01-29 13:39:54,374 INFO c.h.h.t.HelmChartContainer - [hivemq-test-hivemq-platform] [hivemq-platform-operator] [126d9664] 13:39:54.373 [ReconcilerExecutor-hivemq-controller-120] INFO  c.h.p.o.HiveMQPlatformReconciler - [helmupgr] Reconciling HiveMQ Platform 'test-hivemq-platform' in namespace 'helmupgradeextensionit'
2025-01-29 13:39:54,374 INFO c.h.h.t.HelmChartContainer - [hivemq-test-hivemq-platform] [hivemq-platform-operator] [126d9664] 13:39:54.373 [ReconcilerExecutor-hivemq-controller-120] DEBUG c.h.p.o.HiveMQPlatformReconciler - [helmupgr] Custom Resource Status RESTART_EXTENSIONS - HiveMQ Platform is restarting extensions (hivemq-bridge-extension) (RESTART_EXTENSIONS)
2025-01-29 13:39:54,374 INFO c.h.h.t.HelmChartContainer - [hivemq-test-hivemq-platform] [hivemq-platform-operator] [126d9664] 13:39:54.373 [ReconcilerExecutor-hivemq-controller-120] DEBUG c.h.p.o.HiveMQPlatformReconciler - [helmupgr] Custom Resource Spec (replicas: 1) (extensions: 1)
2025-01-29 13:39:54,376 INFO c.h.h.t.HelmChartContainer - [hivemq-test-hivemq-platform] [hivemq-platform-operator] [126d9664] 13:39:54.375 [ReconcilerExecutor-hivemq-controller-120] DEBUG c.h.p.o.HiveMQPlatformReconciler - [helmupgr] StatefulSet Status (revision: test-hivemq-platform-5b6c7575b6, replicas: 1, available: 1, ready: 1, current: 1, updated: 1)
2025-01-29 13:39:54,377 INFO c.h.h.t.HelmChartContainer - [hivemq-test-hivemq-platform] [hivemq-platform-operator] [126d9664] 13:39:54.375 [ReconcilerExecutor-hivemq-controller-120] DEBUG c.h.p.o.HiveMQPlatformReconciler - [helmupgr] StatefulSet Spec (replicas: 1, init containers: 1, containers: 1, volumes: 4)
2025-01-29 13:39:54,378 INFO c.h.h.t.HelmChartContainer - [hivemq-test-hivemq-platform] [hivemq-platform-operator] [126d9664] 13:39:54.376 [ReconcilerExecutor-hivemq-controller-120] DEBUG c.h.p.o.h.HiveMQPlatformReconcilerErrorHandler - [helmupgr] Pod 'test-hivemq-platform-0' phase Running
2025-01-29 13:39:54,433 INFO c.h.h.t.HelmChartContainer - [test-hivemq-platform] [hivemq] [c219b6e0] INFO  - [HiveMQ Platform Operator Init App 1.7.0-SNAPSHOT] Waiting for extension ConfigMap sync (expected hash: -1493170518) (current hash: -1817869294)
2025-01-29 13:39:54,442 INFO c.h.h.t.HelmChartContainer - [hivemq-test-hivemq-platform] [hivemq-platform-operator] [126d9664] 13:39:54.441 [ReconcilerExecutor-hivemq-controller-120] DEBUG c.h.p.operator.event.EventSender - [helmupgr] Creating K8s event restart-extension-in-progress: [RestartExtension] HiveMQ Platform is waiting for extension restart (hivemq-bridge-extension)
2025-01-29 13:39:54,445 INFO c.h.h.t.HelmChartContainer - [EVENT] Normal [RestartExtension] HiveMQ Platform is waiting for extension restart (hivemq-bridge-extension) [helmupgradeextensionit:test-hivemq-platform]
2025-01-29 13:39:54,446 INFO c.h.h.t.HelmChartContainer - [hivemq-test-hivemq-platform] [hivemq-platform-operator] [126d9664] 13:39:54.445 [ReconcilerExecutor-hivemq-controller-120] INFO  c.h.p.o.h.AbstractHiveMQReconcilerStateHandler - [helmupgr] Update HiveMQ Platform Status (RESTART_EXTENSIONS [RESTART_EXTENSIONS] -> RESTART_EXTENSIONS [WAIT_FOR_EXTENSION_RESTART]): HiveMQ Platform is waiting for extension restart (hivemq-bridge-extension)
2025-01-29 13:39:54,454 DEBUG com.hivemq.helmcharts.util.K8sUtil - Comparing actual state 'RESTART_EXTENSIONS' and waiting for 'RUNNING'
2025-01-29 13:39:55,433 INFO c.h.h.t.HelmChartContainer - [test-hivemq-platform] [hivemq] [c219b6e0] INFO  - [HiveMQ Platform Operator Init App 1.7.0-SNAPSHOT] Waiting for extension ConfigMap sync (expected hash: -1493170518) (current hash: -1817869294)
2025-01-29 13:39:56,434 INFO c.h.h.t.HelmChartContainer - [test-hivemq-platform] [hivemq] [c219b6e0] INFO  - [HiveMQ Platform Operator Init App 1.7.0-SNAPSHOT] Waiting for extension ConfigMap sync (expected hash: -1493170518) (current hash: -1817869294)
2025-01-29 13:39:57,434 INFO c.h.h.t.HelmChartContainer - [test-hivemq-platform] [hivemq] [c219b6e0] INFO  - [HiveMQ Platform Operator Init App 1.7.0-SNAPSHOT] Waiting for extension ConfigMap sync (expected hash: -1493170518) (current hash: -1817869294)
2025-01-29 13:39:58,434 INFO c.h.h.t.HelmChartContainer - [test-hivemq-platform] [hivemq] [c219b6e0] INFO  - [HiveMQ Platform Operator Init App 1.7.0-SNAPSHOT] Waiting for extension ConfigMap sync (expected hash: -1493170518) (current hash: -1817869294)
2025-01-29 13:39:59,435 INFO c.h.h.t.HelmChartContainer - [test-hivemq-platform] [hivemq] [c219b6e0] INFO  - [HiveMQ Platform Operator Init App 1.7.0-SNAPSHOT] Waiting for extension ConfigMap sync (expected hash: -1493170518) (current hash: -1817869294)
2025-01-29 13:40:00,436 INFO c.h.h.t.HelmChartContainer - [test-hivemq-platform] [hivemq] [c219b6e0] INFO  - [HiveMQ Platform Operator Init App 1.7.0-SNAPSHOT] Waiting for extension ConfigMap sync (expected hash: -1493170518) (current hash: -1817869294)
2025-01-29 13:40:01,436 INFO c.h.h.t.HelmChartContainer - [test-hivemq-platform] [hivemq] [c219b6e0] INFO  - [HiveMQ Platform Operator Init App 1.7.0-SNAPSHOT] Waiting for extension ConfigMap sync (expected hash: -1493170518) (current hash: -1817869294)
2025-01-29 13:40:02,437 INFO c.h.h.t.HelmChartContainer - [test-hivemq-platform] [hivemq] [c219b6e0] INFO  - [HiveMQ Platform Operator Init App 1.7.0-SNAPSHOT] Waiting for extension ConfigMap sync (expected hash: -1493170518) (current hash: -1817869294)
2025-01-29 13:40:03,437 INFO c.h.h.t.HelmChartContainer - [test-hivemq-platform] [hivemq] [c219b6e0] INFO  - [HiveMQ Platform Operator Init App 1.7.0-SNAPSHOT] Waiting for extension ConfigMap sync (expected hash: -1493170518) (current hash: -1817869294)
2025-01-29 13:40:04,438 INFO c.h.h.t.HelmChartContainer - [test-hivemq-platform] [hivemq] [c219b6e0] INFO  - [HiveMQ Platform Operator Init App 1.7.0-SNAPSHOT] Waiting for extension ConfigMap sync (expected hash: -1493170518) (current hash: -1817869294)
2025-01-29 13:40:04,528 INFO c.h.h.t.HelmChartContainer - [hivemq-test-hivemq-platform] [hivemq-platform-operator] [126d9664] 13:40:04.525 [pool-6-thread-11] DEBUG c.h.p.o.d.PlatformServiceResource - [helmupgr] Desired Platform services (3 services)
2025-01-29 13:40:04,529 INFO c.h.h.t.HelmChartContainer - [hivemq-test-hivemq-platform] [hivemq-platform-operator] [126d9664] 13:40:04.526 [pool-6-thread-16] DEBUG c.h.p.o.dependants.PodInfoConfigMap - [helmupgr] Desired PodInfo ConfigMap (1 extensions) (0 enabled)
2025-01-29 13:40:04,529 INFO c.h.h.t.HelmChartContainer - [hivemq-test-hivemq-platform] [hivemq-platform-operator] [126d9664] 13:40:04.526 [pool-6-thread-16] DEBUG c.h.p.o.dependants.PodInfoConfigMap - [helmupgr] Desired PodInfo ConfigMap (metrics port: 9399) (metrics path: /)
2025-01-29 13:40:04,529 INFO c.h.h.t.HelmChartContainer - [hivemq-test-hivemq-platform] [hivemq-platform-operator] [126d9664] 13:40:04.526 [pool-6-thread-16] DEBUG c.h.p.o.dependants.PodInfoConfigMap - [helmupgr] Desired PodInfo ConfigMap (extension state hash: -1493170518)
2025-01-29 13:40:04,529 INFO c.h.h.t.HelmChartContainer - [hivemq-test-hivemq-platform] [hivemq-platform-operator] [126d9664] 13:40:04.527 [pool-6-thread-18] DEBUG c.h.p.o.d.PodServiceAccountResource - [helmupgr] Desired PodServiceAccountResource (serviceAccountName: hivemq-platform-pod-test-hivemq-platform)
2025-01-29 13:40:04,532 INFO c.h.h.t.HelmChartContainer - [hivemq-test-hivemq-platform] [hivemq-platform-operator] [126d9664] 13:40:04.531 [pool-6-thread-11] DEBUG c.h.p.o.d.StatefulSetResource - [helmupgr] Desired StatefulSet (1 replicas) for status RESTART_EXTENSIONS (WAIT_FOR_EXTENSION_RESTART)
2025-01-29 13:40:04,534 INFO c.h.h.t.HelmChartContainer - [hivemq-test-hivemq-platform] [hivemq-platform-operator] [126d9664] 13:40:04.533 [pool-6-thread-11] DEBUG c.h.p.o.u.VolumeAndVolumeMountUtil - [helmupgr] Creating volume mount for available ConfigMap 'test-bridge-configuration' of disabled extension 'hivemq-bridge-extension'
2025-01-29 13:40:04,537 INFO c.h.h.t.HelmChartContainer - [hivemq-test-hivemq-platform] [hivemq-platform-operator] [126d9664] 13:40:04.535 [ReconcilerExecutor-hivemq-controller-121] INFO  c.h.p.o.HiveMQPlatformReconciler - [helmupgr] Reconciling HiveMQ Platform 'test-hivemq-platform' in namespace 'helmupgradeextensionit'
2025-01-29 13:40:04,538 INFO c.h.h.t.HelmChartContainer - [hivemq-test-hivemq-platform] [hivemq-platform-operator] [126d9664] 13:40:04.535 [ReconcilerExecutor-hivemq-controller-121] DEBUG c.h.p.o.HiveMQPlatformReconciler - [helmupgr] Custom Resource Status RESTART_EXTENSIONS - HiveMQ Platform is waiting for extension restart (hivemq-bridge-extension) (WAIT_FOR_EXTENSION_RESTART)
2025-01-29 13:40:04,538 INFO c.h.h.t.HelmChartContainer - [hivemq-test-hivemq-platform] [hivemq-platform-operator] [126d9664] 13:40:04.535 [ReconcilerExecutor-hivemq-controller-121] DEBUG c.h.p.o.HiveMQPlatformReconciler - [helmupgr] Custom Resource Spec (replicas: 1) (extensions: 1)
2025-01-29 13:40:04,541 INFO c.h.h.t.HelmChartContainer - [hivemq-test-hivemq-platform] [hivemq-platform-operator] [126d9664] 13:40:04.538 [ReconcilerExecutor-hivemq-controller-121] DEBUG c.h.p.o.HiveMQPlatformReconciler - [helmupgr] StatefulSet Status (revision: test-hivemq-platform-5b6c7575b6, replicas: 1, available: 1, ready: 1, current: 1, updated: 1)
2025-01-29 13:40:04,541 INFO c.h.h.t.HelmChartContainer - [hivemq-test-hivemq-platform] [hivemq-platform-operator] [126d9664] 13:40:04.538 [ReconcilerExecutor-hivemq-controller-121] DEBUG c.h.p.o.HiveMQPlatformReconciler - [helmupgr] StatefulSet Spec (replicas: 1, init containers: 1, containers: 1, volumes: 4)
2025-01-29 13:40:04,541 INFO c.h.h.t.HelmChartContainer - [hivemq-test-hivemq-platform] [hivemq-platform-operator] [126d9664] 13:40:04.539 [ReconcilerExecutor-hivemq-controller-121] DEBUG c.h.p.o.h.HiveMQPlatformReconcilerErrorHandler - [helmupgr] Pod 'test-hivemq-platform-0' phase Running
2025-01-29 13:40:04,629 INFO c.h.h.t.HelmChartContainer - [hivemq-test-hivemq-platform] [hivemq-platform-operator] [126d9664] 13:40:04.627 [ReconcilerExecutor-hivemq-controller-121] DEBUG c.h.p.o.h.HiveMQPlatformReconcilerRestartExtensionsHandler - [helmupgr] Checking update extension status on Pod 'test-hivemq-platform-0'
2025-01-29 13:40:04,767 INFO c.h.h.t.HelmChartContainer - [test-hivemq-platform] [hivemq] [c219b6e0] INFO  - [HiveMQ Platform Operator Init App 1.7.0-SNAPSHOT] Extension update is pending (0 errors)
2025-01-29 13:40:04,772 INFO c.h.h.t.HelmChartContainer - [hivemq-test-hivemq-platform] [hivemq-platform-operator] [126d9664] 13:40:04.771 [vert.x-eventloop-thread-0] DEBUG c.h.platform.operator.util.PodUtil - Received status for command '[curl, -s, http://10.42.0.6:7979/updateExtensionStatus]' on Pod 'test-hivemq-platform-0' (exit code: 0)
2025-01-29 13:40:05,438 INFO c.h.h.t.HelmChartContainer - [test-hivemq-platform] [hivemq] [c219b6e0] INFO  - [HiveMQ Platform Operator Init App 1.7.0-SNAPSHOT] Waiting for extension ConfigMap sync (expected hash: -1493170518) (current hash: -1817869294)
2025-01-29 13:40:05,745 INFO c.h.h.t.HelmChartContainer - [test-hivemq-platform] [hivemq] [c219b6e0] WARN  - Bridge Extension: Connect to bridge 'testbridge' failed for the 4 time, reason: connection timed out after 10000 ms: /172.17.0.3:1883
2025-01-29 13:40:05,750 INFO c.h.h.t.HelmChartContainer - [hivemq-test-hivemq-platform] [hivemq-platform-operator] [126d9664] 13:40:05.746 [pool-6-thread-29] DEBUG c.h.p.o.d.PlatformServiceResource - [helmupgr] Desired Platform services (3 services)
2025-01-29 13:40:05,750 INFO c.h.h.t.HelmChartContainer - [hivemq-test-hivemq-platform] [hivemq-platform-operator] [126d9664] 13:40:05.747 [pool-6-thread-26] DEBUG c.h.p.o.dependants.PodInfoConfigMap - [helmupgr] Desired PodInfo ConfigMap (1 extensions) (0 enabled)
2025-01-29 13:40:05,750 INFO c.h.h.t.HelmChartContainer - [hivemq-test-hivemq-platform] [hivemq-platform-operator] [126d9664] 13:40:05.747 [pool-6-thread-26] DEBUG c.h.p.o.dependants.PodInfoConfigMap - [helmupgr] Desired PodInfo ConfigMap (metrics port: 9399) (metrics path: /)
2025-01-29 13:40:05,750 INFO c.h.h.t.HelmChartContainer - [hivemq-test-hivemq-platform] [hivemq-platform-operator] [126d9664] 13:40:05.747 [pool-6-thread-26] DEBUG c.h.p.o.dependants.PodInfoConfigMap - [helmupgr] Desired PodInfo ConfigMap (extension state hash: -1493170518)
2025-01-29 13:40:05,750 INFO c.h.h.t.HelmChartContainer - [hivemq-test-hivemq-platform] [hivemq-platform-operator] [126d9664] 13:40:05.747 [pool-6-thread-25] DEBUG c.h.p.o.d.PodServiceAccountResource - [helmupgr] Desired PodServiceAccountResource (serviceAccountName: hivemq-platform-pod-test-hivemq-platform)
2025-01-29 13:40:05,753 INFO c.h.h.t.HelmChartContainer - [hivemq-test-hivemq-platform] [hivemq-platform-operator] [126d9664] 13:40:05.751 [pool-6-thread-29] DEBUG c.h.p.o.d.StatefulSetResource - [helmupgr] Desired StatefulSet (1 replicas) for status RESTART_EXTENSIONS (WAIT_FOR_EXTENSION_RESTART)
2025-01-29 13:40:05,754 INFO c.h.h.t.HelmChartContainer - [hivemq-test-hivemq-platform] [hivemq-platform-operator] [126d9664] 13:40:05.753 [pool-6-thread-29] DEBUG c.h.p.o.u.VolumeAndVolumeMountUtil - [helmupgr] Creating volume mount for available ConfigMap 'test-bridge-configuration' of disabled extension 'hivemq-bridge-extension'
2025-01-29 13:40:05,757 INFO c.h.h.t.HelmChartContainer - [hivemq-test-hivemq-platform] [hivemq-platform-operator] [126d9664] 13:40:05.755 [ReconcilerExecutor-hivemq-controller-122] INFO  c.h.p.o.HiveMQPlatformReconciler - [helmupgr] Reconciling HiveMQ Platform 'test-hivemq-platform' in namespace 'helmupgradeextensionit'
2025-01-29 13:40:05,757 INFO c.h.h.t.HelmChartContainer - [hivemq-test-hivemq-platform] [hivemq-platform-operator] [126d9664] 13:40:05.756 [ReconcilerExecutor-hivemq-controller-122] DEBUG c.h.p.o.HiveMQPlatformReconciler - [helmupgr] Custom Resource Status RESTART_EXTENSIONS - HiveMQ Platform is waiting for extension restart (hivemq-bridge-extension) (WAIT_FOR_EXTENSION_RESTART)
2025-01-29 13:40:05,757 INFO c.h.h.t.HelmChartContainer - [hivemq-test-hivemq-platform] [hivemq-platform-operator] [126d9664] 13:40:05.756 [ReconcilerExecutor-hivemq-controller-122] DEBUG c.h.p.o.HiveMQPlatformReconciler - [helmupgr] Custom Resource Spec (replicas: 1) (extensions: 1)
2025-01-29 13:40:05,759 INFO c.h.h.t.HelmChartContainer - [hivemq-test-hivemq-platform] [hivemq-platform-operator] [126d9664] 13:40:05.758 [ReconcilerExecutor-hivemq-controller-122] DEBUG c.h.p.o.HiveMQPlatformReconciler - [helmupgr] StatefulSet Status (revision: test-hivemq-platform-5b6c7575b6, replicas: 1, available: 1, ready: 1, current: 1, updated: 1)
2025-01-29 13:40:05,759 INFO c.h.h.t.HelmChartContainer - [hivemq-test-hivemq-platform] [hivemq-platform-operator] [126d9664] 13:40:05.758 [ReconcilerExecutor-hivemq-controller-122] DEBUG c.h.p.o.HiveMQPlatformReconciler - [helmupgr] StatefulSet Spec (replicas: 1, init containers: 1, containers: 1, volumes: 4)
2025-01-29 13:40:05,760 INFO c.h.h.t.HelmChartContainer - [hivemq-test-hivemq-platform] [hivemq-platform-operator] [126d9664] 13:40:05.759 [ReconcilerExecutor-hivemq-controller-122] DEBUG c.h.p.o.h.HiveMQPlatformReconcilerErrorHandler - [helmupgr] Pod 'test-hivemq-platform-0' phase Running
2025-01-29 13:40:05,761 INFO c.h.h.t.HelmChartContainer - [hivemq-test-hivemq-platform] [hivemq-platform-operator] [126d9664] 13:40:05.760 [ReconcilerExecutor-hivemq-controller-122] INFO  c.h.p.o.h.HiveMQPlatformReconcilerRestartExtensionsHandler - [helmupgr] Extension update on Pod 'test-hivemq-platform-0' is still pending
2025-01-29 13:40:06,438 INFO c.h.h.t.HelmChartContainer - [test-hivemq-platform] [hivemq] [c219b6e0] INFO  - [HiveMQ Platform Operator Init App 1.7.0-SNAPSHOT] Waiting for extension ConfigMap sync (expected hash: -1493170518) (current hash: -1817869294)
2025-01-29 13:40:07,439 INFO c.h.h.t.HelmChartContainer - [test-hivemq-platform] [hivemq] [c219b6e0] INFO  - [HiveMQ Platform Operator Init App 1.7.0-SNAPSHOT] Waiting for extension ConfigMap sync (expected hash: -1493170518) (current hash: -1817869294)
2025-01-29 13:40:08,439 INFO c.h.h.t.HelmChartContainer - [test-hivemq-platform] [hivemq] [c219b6e0] INFO  - [HiveMQ Platform Operator Init App 1.7.0-SNAPSHOT] Waiting for extension ConfigMap sync (expected hash: -1493170518) (current hash: -1817869294)
2025-01-29 13:40:08,477 INFO c.h.h.t.HelmChartContainer - [test-hivemq-platform] [hivemq] [c219b6e0] WARN  - Bridge Extension: Connect to bridge 'testbridge' failed for the 4 time, reason: connection timed out after 10000 ms: /172.17.0.3:1883
2025-01-29 13:40:09,440 INFO c.h.h.t.HelmChartContainer - [test-hivemq-platform] [hivemq] [c219b6e0] INFO  - [HiveMQ Platform Operator Init App 1.7.0-SNAPSHOT] Waiting for extension ConfigMap sync (expected hash: -1493170518) (current hash: -1817869294)
2025-01-29 13:40:10,440 INFO c.h.h.t.HelmChartContainer - [test-hivemq-platform] [hivemq] [c219b6e0] INFO  - [HiveMQ Platform Operator Init App 1.7.0-SNAPSHOT] Waiting for extension ConfigMap sync (expected hash: -1493170518) (current hash: -1817869294)
2025-01-29 13:40:11,441 INFO c.h.h.t.HelmChartContainer - [test-hivemq-platform] [hivemq] [c219b6e0] INFO  - [HiveMQ Platform Operator Init App 1.7.0-SNAPSHOT] Waiting for extension ConfigMap sync (expected hash: -1493170518) (current hash: -1817869294)
2025-01-29 13:40:12,442 INFO c.h.h.t.HelmChartContainer - [test-hivemq-platform] [hivemq] [c219b6e0] INFO  - [HiveMQ Platform Operator Init App 1.7.0-SNAPSHOT] Waiting for extension ConfigMap sync (expected hash: -1493170518) (current hash: -1817869294)
2025-01-29 13:40:13,442 INFO c.h.h.t.HelmChartContainer - [test-hivemq-platform] [hivemq] [c219b6e0] INFO  - [HiveMQ Platform Operator Init App 1.7.0-SNAPSHOT] Waiting for extension ConfigMap sync (expected hash: -1493170518) (current hash: -1817869294)
2025-01-29 13:40:14,442 INFO c.h.h.t.HelmChartContainer - [test-hivemq-platform] [hivemq] [c219b6e0] INFO  - [HiveMQ Platform Operator Init App 1.7.0-SNAPSHOT] Waiting for extension ConfigMap sync (expected hash: -1493170518) (current hash: -1817869294)
2025-01-29 13:40:15,443 INFO c.h.h.t.HelmChartContainer - [test-hivemq-platform] [hivemq] [c219b6e0] INFO  - [HiveMQ Platform Operator Init App 1.7.0-SNAPSHOT] Waiting for extension ConfigMap sync (expected hash: -1493170518) (current hash: -1817869294)
2025-01-29 13:40:15,765 INFO c.h.h.t.HelmChartContainer - [hivemq-test-hivemq-platform] [hivemq-platform-operator] [126d9664] 13:40:15.763 [pool-6-thread-35] DEBUG c.h.p.o.d.PlatformServiceResource - [helmupgr] Desired Platform services (3 services)
2025-01-29 13:40:15,766 INFO c.h.h.t.HelmChartContainer - [hivemq-test-hivemq-platform] [hivemq-platform-operator] [126d9664] 13:40:15.764 [pool-6-thread-31] DEBUG c.h.p.o.d.PodServiceAccountResource - [helmupgr] Desired PodServiceAccountResource (serviceAccountName: hivemq-platform-pod-test-hivemq-platform)
2025-01-29 13:40:15,768 INFO c.h.h.t.HelmChartContainer - [hivemq-test-hivemq-platform] [hivemq-platform-operator] [126d9664] 13:40:15.766 [pool-6-thread-38] DEBUG c.h.p.o.dependants.PodInfoConfigMap - [helmupgr] Desired PodInfo ConfigMap (1 extensions) (0 enabled)
2025-01-29 13:40:15,768 INFO c.h.h.t.HelmChartContainer - [hivemq-test-hivemq-platform] [hivemq-platform-operator] [126d9664] 13:40:15.766 [pool-6-thread-38] DEBUG c.h.p.o.dependants.PodInfoConfigMap - [helmupgr] Desired PodInfo ConfigMap (metrics port: 9399) (metrics path: /)
2025-01-29 13:40:15,768 INFO c.h.h.t.HelmChartContainer - [hivemq-test-hivemq-platform] [hivemq-platform-operator] [126d9664] 13:40:15.766 [pool-6-thread-38] DEBUG c.h.p.o.dependants.PodInfoConfigMap - [helmupgr] Desired PodInfo ConfigMap (extension state hash: -1493170518)
2025-01-29 13:40:15,771 INFO c.h.h.t.HelmChartContainer - [hivemq-test-hivemq-platform] [hivemq-platform-operator] [126d9664] 13:40:15.770 [pool-6-thread-35] DEBUG c.h.p.o.d.StatefulSetResource - [helmupgr] Desired StatefulSet (1 replicas) for status RESTART_EXTENSIONS (WAIT_FOR_EXTENSION_RESTART)
2025-01-29 13:40:15,773 INFO c.h.h.t.HelmChartContainer - [hivemq-test-hivemq-platform] [hivemq-platform-operator] [126d9664] 13:40:15.772 [pool-6-thread-35] DEBUG c.h.p.o.u.VolumeAndVolumeMountUtil - [helmupgr] Creating volume mount for available ConfigMap 'test-bridge-configuration' of disabled extension 'hivemq-bridge-extension'
2025-01-29 13:40:15,776 INFO c.h.h.t.HelmChartContainer - [hivemq-test-hivemq-platform] [hivemq-platform-operator] [126d9664] 13:40:15.774 [ReconcilerExecutor-hivemq-controller-123] INFO  c.h.p.o.HiveMQPlatformReconciler - [helmupgr] Reconciling HiveMQ Platform 'test-hivemq-platform' in namespace 'helmupgradeextensionit'
2025-01-29 13:40:15,776 INFO c.h.h.t.HelmChartContainer - [hivemq-test-hivemq-platform] [hivemq-platform-operator] [126d9664] 13:40:15.774 [ReconcilerExecutor-hivemq-controller-123] DEBUG c.h.p.o.HiveMQPlatformReconciler - [helmupgr] Custom Resource Status RESTART_EXTENSIONS - HiveMQ Platform is waiting for extension restart (hivemq-bridge-extension) (WAIT_FOR_EXTENSION_RESTART)
2025-01-29 13:40:15,776 INFO c.h.h.t.HelmChartContainer - [hivemq-test-hivemq-platform] [hivemq-platform-operator] [126d9664] 13:40:15.775 [ReconcilerExecutor-hivemq-controller-123] DEBUG c.h.p.o.HiveMQPlatformReconciler - [helmupgr] Custom Resource Spec (replicas: 1) (extensions: 1)
2025-01-29 13:40:15,778 INFO c.h.h.t.HelmChartContainer - [hivemq-test-hivemq-platform] [hivemq-platform-operator] [126d9664] 13:40:15.777 [ReconcilerExecutor-hivemq-controller-123] DEBUG c.h.p.o.HiveMQPlatformReconciler - [helmupgr] StatefulSet Status (revision: test-hivemq-platform-5b6c7575b6, replicas: 1, available: 1, ready: 1, current: 1, updated: 1)
2025-01-29 13:40:15,779 INFO c.h.h.t.HelmChartContainer - [hivemq-test-hivemq-platform] [hivemq-platform-operator] [126d9664] 13:40:15.777 [ReconcilerExecutor-hivemq-controller-123] DEBUG c.h.p.o.HiveMQPlatformReconciler - [helmupgr] StatefulSet Spec (replicas: 1, init containers: 1, containers: 1, volumes: 4)
2025-01-29 13:40:15,780 INFO c.h.h.t.HelmChartContainer - [hivemq-test-hivemq-platform] [hivemq-platform-operator] [126d9664] 13:40:15.779 [ReconcilerExecutor-hivemq-controller-123] DEBUG c.h.p.o.h.HiveMQPlatformReconcilerErrorHandler - [helmupgr] Pod 'test-hivemq-platform-0' phase Running
2025-01-29 13:40:15,824 INFO c.h.h.t.HelmChartContainer - [hivemq-test-hivemq-platform] [hivemq-platform-operator] [126d9664] 13:40:15.823 [ReconcilerExecutor-hivemq-controller-123] DEBUG c.h.p.o.h.HiveMQPlatformReconcilerRestartExtensionsHandler - [helmupgr] Checking update extension status on Pod 'test-hivemq-platform-0'
2025-01-29 13:40:15,872 INFO c.h.h.t.HelmChartContainer - [test-hivemq-platform] [hivemq] [c219b6e0] INFO  - [HiveMQ Platform Operator Init App 1.7.0-SNAPSHOT] Extension update is pending (0 errors)
2025-01-29 13:40:15,924 INFO c.h.h.t.HelmChartContainer - [hivemq-test-hivemq-platform] [hivemq-platform-operator] [126d9664] 13:40:15.923 [vert.x-eventloop-thread-1] DEBUG c.h.platform.operator.util.PodUtil - Received status for command '[curl, -s, http://10.42.0.6:7979/updateExtensionStatus]' on Pod 'test-hivemq-platform-0' (exit code: 0)
2025-01-29 13:40:16,443 INFO c.h.h.t.HelmChartContainer - [test-hivemq-platform] [hivemq] [c219b6e0] INFO  - [HiveMQ Platform Operator Init App 1.7.0-SNAPSHOT] Waiting for extension ConfigMap sync (expected hash: -1493170518) (current hash: -1817869294)
2025-01-29 13:40:16,855 INFO c.h.h.t.HelmChartContainer - [hivemq-test-hivemq-platform] [hivemq-platform-operator] [126d9664] 13:40:16.851 [pool-6-thread-43] DEBUG c.h.p.o.d.PlatformServiceResource - [helmupgr] Desired Platform services (3 services)
2025-01-29 13:40:16,855 INFO c.h.h.t.HelmChartContainer - [hivemq-test-hivemq-platform] [hivemq-platform-operator] [126d9664] 13:40:16.852 [pool-6-thread-46] DEBUG c.h.p.o.dependants.PodInfoConfigMap - [helmupgr] Desired PodInfo ConfigMap (1 extensions) (0 enabled)
2025-01-29 13:40:16,855 INFO c.h.h.t.HelmChartContainer - [hivemq-test-hivemq-platform] [hivemq-platform-operator] [126d9664] 13:40:16.852 [pool-6-thread-46] DEBUG c.h.p.o.dependants.PodInfoConfigMap - [helmupgr] Desired PodInfo ConfigMap (metrics port: 9399) (metrics path: /)
2025-01-29 13:40:16,855 INFO c.h.h.t.HelmChartContainer - [hivemq-test-hivemq-platform] [hivemq-platform-operator] [126d9664] 13:40:16.852 [pool-6-thread-46] DEBUG c.h.p.o.dependants.PodInfoConfigMap - [helmupgr] Desired PodInfo ConfigMap (extension state hash: -1493170518)
2025-01-29 13:40:16,855 INFO c.h.h.t.HelmChartContainer - [hivemq-test-hivemq-platform] [hivemq-platform-operator] [126d9664] 13:40:16.852 [pool-6-thread-48] DEBUG c.h.p.o.d.PodServiceAccountResource - [helmupgr] Desired PodServiceAccountResource (serviceAccountName: hivemq-platform-pod-test-hivemq-platform)
2025-01-29 13:40:16,856 INFO c.h.h.t.HelmChartContainer - [hivemq-test-hivemq-platform] [hivemq-platform-operator] [126d9664] 13:40:16.855 [pool-6-thread-42] DEBUG c.h.p.o.d.StatefulSetResource - [helmupgr] Desired StatefulSet (1 replicas) for status RESTART_EXTENSIONS (WAIT_FOR_EXTENSION_RESTART)
2025-01-29 13:40:16,858 INFO c.h.h.t.HelmChartContainer - [hivemq-test-hivemq-platform] [hivemq-platform-operator] [126d9664] 13:40:16.857 [pool-6-thread-42] DEBUG c.h.p.o.u.VolumeAndVolumeMountUtil - [helmupgr] Creating volume mount for available ConfigMap 'test-bridge-configuration' of disabled extension 'hivemq-bridge-extension'
2025-01-29 13:40:16,860 INFO c.h.h.t.HelmChartContainer - [hivemq-test-hivemq-platform] [hivemq-platform-operator] [126d9664] 13:40:16.859 [ReconcilerExecutor-hivemq-controller-124] INFO  c.h.p.o.HiveMQPlatformReconciler - [helmupgr] Reconciling HiveMQ Platform 'test-hivemq-platform' in namespace 'helmupgradeextensionit'
2025-01-29 13:40:16,861 INFO c.h.h.t.HelmChartContainer - [hivemq-test-hivemq-platform] [hivemq-platform-operator] [126d9664] 13:40:16.859 [ReconcilerExecutor-hivemq-controller-124] DEBUG c.h.p.o.HiveMQPlatformReconciler - [helmupgr] Custom Resource Status RESTART_EXTENSIONS - HiveMQ Platform is waiting for extension restart (hivemq-bridge-extension) (WAIT_FOR_EXTENSION_RESTART)
2025-01-29 13:40:16,861 INFO c.h.h.t.HelmChartContainer - [hivemq-test-hivemq-platform] [hivemq-platform-operator] [126d9664] 13:40:16.859 [ReconcilerExecutor-hivemq-controller-124] DEBUG c.h.p.o.HiveMQPlatformReconciler - [helmupgr] Custom Resource Spec (replicas: 1) (extensions: 1)
2025-01-29 13:40:16,862 INFO c.h.h.t.HelmChartContainer - [hivemq-test-hivemq-platform] [hivemq-platform-operator] [126d9664] 13:40:16.861 [ReconcilerExecutor-hivemq-controller-124] DEBUG c.h.p.o.HiveMQPlatformReconciler - [helmupgr] StatefulSet Status (revision: test-hivemq-platform-5b6c7575b6, replicas: 1, available: 1, ready: 1, current: 1, updated: 1)
2025-01-29 13:40:16,862 INFO c.h.h.t.HelmChartContainer - [hivemq-test-hivemq-platform] [hivemq-platform-operator] [126d9664] 13:40:16.861 [ReconcilerExecutor-hivemq-controller-124] DEBUG c.h.p.o.HiveMQPlatformReconciler - [helmupgr] StatefulSet Spec (replicas: 1, init containers: 1, containers: 1, volumes: 4)
2025-01-29 13:40:16,863 INFO c.h.h.t.HelmChartContainer - [hivemq-test-hivemq-platform] [hivemq-platform-operator] [126d9664] 13:40:16.862 [ReconcilerExecutor-hivemq-controller-124] DEBUG c.h.p.o.h.HiveMQPlatformReconcilerErrorHandler - [helmupgr] Pod 'test-hivemq-platform-0' phase Running
2025-01-29 13:40:16,865 INFO c.h.h.t.HelmChartContainer - [hivemq-test-hivemq-platform] [hivemq-platform-operator] [126d9664] 13:40:16.863 [ReconcilerExecutor-hivemq-controller-124] INFO  c.h.p.o.h.HiveMQPlatformReconcilerRestartExtensionsHandler - [helmupgr] Extension update on Pod 'test-hivemq-platform-0' is still pending
2025-01-29 13:40:17,444 INFO c.h.h.t.HelmChartContainer - [test-hivemq-platform] [hivemq] [c219b6e0] INFO  - [HiveMQ Platform Operator Init App 1.7.0-SNAPSHOT] Waiting for extension ConfigMap sync (expected hash: -1493170518) (current hash: -1817869294)
2025-01-29 13:40:18,444 INFO c.h.h.t.HelmChartContainer - [test-hivemq-platform] [hivemq] [c219b6e0] INFO  - [HiveMQ Platform Operator Init App 1.7.0-SNAPSHOT] Waiting for extension ConfigMap sync (expected hash: -1493170518) (current hash: -1817869294)
2025-01-29 13:40:19,445 INFO c.h.h.t.HelmChartContainer - [test-hivemq-platform] [hivemq] [c219b6e0] INFO  - [HiveMQ Platform Operator Init App 1.7.0-SNAPSHOT] Waiting for extension ConfigMap sync (expected hash: -1493170518) (current hash: -1817869294)
2025-01-29 13:40:20,445 INFO c.h.h.t.HelmChartContainer - [test-hivemq-platform] [hivemq] [c219b6e0] INFO  - [HiveMQ Platform Operator Init App 1.7.0-SNAPSHOT] Waiting for extension ConfigMap sync (expected hash: -1493170518) (current hash: -1817869294)
2025-01-29 13:40:21,446 INFO c.h.h.t.HelmChartContainer - [test-hivemq-platform] [hivemq] [c219b6e0] INFO  - [HiveMQ Platform Operator Init App 1.7.0-SNAPSHOT] Waiting for extension ConfigMap sync (expected hash: -1493170518) (current hash: -1817869294)
2025-01-29 13:40:22,446 INFO c.h.h.t.HelmChartContainer - [test-hivemq-platform] [hivemq] [c219b6e0] INFO  - [HiveMQ Platform Operator Init App 1.7.0-SNAPSHOT] Waiting for extension ConfigMap sync (expected hash: -1493170518) (current hash: -1817869294)
2025-01-29 13:40:23,447 INFO c.h.h.t.HelmChartContainer - [test-hivemq-platform] [hivemq] [c219b6e0] INFO  - [HiveMQ Platform Operator Init App 1.7.0-SNAPSHOT] Waiting for extension ConfigMap sync (expected hash: -1493170518) (current hash: -1817869294)
2025-01-29 13:40:24,447 INFO c.h.h.t.HelmChartContainer - [test-hivemq-platform] [hivemq] [c219b6e0] INFO  - [HiveMQ Platform Operator Init App 1.7.0-SNAPSHOT] Waiting for extension ConfigMap sync (expected hash: -1493170518) (current hash: -1817869294)
2025-01-29 13:40:25,448 INFO c.h.h.t.HelmChartContainer - [test-hivemq-platform] [hivemq] [c219b6e0] INFO  - [HiveMQ Platform Operator Init App 1.7.0-SNAPSHOT] Waiting for extension ConfigMap sync (expected hash: -1493170518) (current hash: -1817869294)
2025-01-29 13:40:26,448 INFO c.h.h.t.HelmChartContainer - [test-hivemq-platform] [hivemq] [c219b6e0] INFO  - [HiveMQ Platform Operator Init App 1.7.0-SNAPSHOT] Waiting for extension ConfigMap sync (expected hash: -1493170518) (current hash: -1817869294)
2025-01-29 13:40:26,870 INFO c.h.h.t.HelmChartContainer - [hivemq-test-hivemq-platform] [hivemq-platform-operator] [126d9664] 13:40:26.866 [pool-6-thread-10] DEBUG c.h.p.o.d.PlatformServiceResource - [helmupgr] Desired Platform services (3 services)
2025-01-29 13:40:26,870 INFO c.h.h.t.HelmChartContainer - [hivemq-test-hivemq-platform] [hivemq-platform-operator] [126d9664] 13:40:26.867 [pool-6-thread-5] DEBUG c.h.p.o.dependants.PodInfoConfigMap - [helmupgr] Desired PodInfo ConfigMap (1 extensions) (0 enabled)
2025-01-29 13:40:26,870 INFO c.h.h.t.HelmChartContainer - [hivemq-test-hivemq-platform] [hivemq-platform-operator] [126d9664] 13:40:26.867 [pool-6-thread-5] DEBUG c.h.p.o.dependants.PodInfoConfigMap - [helmupgr] Desired PodInfo ConfigMap (metrics port: 9399) (metrics path: /)
2025-01-29 13:40:26,870 INFO c.h.h.t.HelmChartContainer - [hivemq-test-hivemq-platform] [hivemq-platform-operator] [126d9664] 13:40:26.867 [pool-6-thread-5] DEBUG c.h.p.o.dependants.PodInfoConfigMap - [helmupgr] Desired PodInfo ConfigMap (extension state hash: -1493170518)
2025-01-29 13:40:26,870 INFO c.h.h.t.HelmChartContainer - [hivemq-test-hivemq-platform] [hivemq-platform-operator] [126d9664] 13:40:26.868 [pool-6-thread-9] DEBUG c.h.p.o.d.PodServiceAccountResource - [helmupgr] Desired PodServiceAccountResource (serviceAccountName: hivemq-platform-pod-test-hivemq-platform)
2025-01-29 13:40:26,873 INFO c.h.h.t.HelmChartContainer - [hivemq-test-hivemq-platform] [hivemq-platform-operator] [126d9664] 13:40:26.871 [pool-6-thread-10] DEBUG c.h.p.o.d.StatefulSetResource - [helmupgr] Desired StatefulSet (1 replicas) for status RESTART_EXTENSIONS (WAIT_FOR_EXTENSION_RESTART)
2025-01-29 13:40:26,873 INFO c.h.h.t.HelmChartContainer - [hivemq-test-hivemq-platform] [hivemq-platform-operator] [126d9664] 13:40:26.872 [pool-6-thread-10] DEBUG c.h.p.o.u.VolumeAndVolumeMountUtil - [helmupgr] Creating volume mount for available ConfigMap 'test-bridge-configuration' of disabled extension 'hivemq-bridge-extension'
2025-01-29 13:40:26,875 INFO c.h.h.t.HelmChartContainer - [hivemq-test-hivemq-platform] [hivemq-platform-operator] [126d9664] 13:40:26.874 [ReconcilerExecutor-hivemq-controller-125] INFO  c.h.p.o.HiveMQPlatformReconciler - [helmupgr] Reconciling HiveMQ Platform 'test-hivemq-platform' in namespace 'helmupgradeextensionit'
2025-01-29 13:40:26,875 INFO c.h.h.t.HelmChartContainer - [hivemq-test-hivemq-platform] [hivemq-platform-operator] [126d9664] 13:40:26.875 [ReconcilerExecutor-hivemq-controller-125] DEBUG c.h.p.o.HiveMQPlatformReconciler - [helmupgr] Custom Resource Status RESTART_EXTENSIONS - HiveMQ Platform is waiting for extension restart (hivemq-bridge-extension) (WAIT_FOR_EXTENSION_RESTART)
2025-01-29 13:40:26,875 INFO c.h.h.t.HelmChartContainer - [hivemq-test-hivemq-platform] [hivemq-platform-operator] [126d9664] 13:40:26.875 [ReconcilerExecutor-hivemq-controller-125] DEBUG c.h.p.o.HiveMQPlatformReconciler - [helmupgr] Custom Resource Spec (replicas: 1) (extensions: 1)
2025-01-29 13:40:26,877 INFO c.h.h.t.HelmChartContainer - [hivemq-test-hivemq-platform] [hivemq-platform-operator] [126d9664] 13:40:26.876 [ReconcilerExecutor-hivemq-controller-125] DEBUG c.h.p.o.HiveMQPlatformReconciler - [helmupgr] StatefulSet Status (revision: test-hivemq-platform-5b6c7575b6, replicas: 1, available: 1, ready: 1, current: 1, updated: 1)
2025-01-29 13:40:26,877 INFO c.h.h.t.HelmChartContainer - [hivemq-test-hivemq-platform] [hivemq-platform-operator] [126d9664] 13:40:26.876 [ReconcilerExecutor-hivemq-controller-125] DEBUG c.h.p.o.HiveMQPlatformReconciler - [helmupgr] StatefulSet Spec (replicas: 1, init containers: 1, containers: 1, volumes: 4)
2025-01-29 13:40:26,878 INFO c.h.h.t.HelmChartContainer - [hivemq-test-hivemq-platform] [hivemq-platform-operator] [126d9664] 13:40:26.877 [ReconcilerExecutor-hivemq-controller-125] DEBUG c.h.p.o.h.HiveMQPlatformReconcilerErrorHandler - [helmupgr] Pod 'test-hivemq-platform-0' phase Running
2025-01-29 13:40:26,886 INFO c.h.h.t.HelmChartContainer - [hivemq-test-hivemq-platform] [hivemq-platform-operator] [126d9664] 13:40:26.884 [ReconcilerExecutor-hivemq-controller-125] DEBUG c.h.p.o.h.HiveMQPlatformReconcilerRestartExtensionsHandler - [helmupgr] Checking update extension status on Pod 'test-hivemq-platform-0'
2025-01-29 13:40:26,971 INFO c.h.h.t.HelmChartContainer - [test-hivemq-platform] [hivemq] [c219b6e0] INFO  - [HiveMQ Platform Operator Init App 1.7.0-SNAPSHOT] Extension update is pending (0 errors)
2025-01-29 13:40:27,025 INFO c.h.h.t.HelmChartContainer - [hivemq-test-hivemq-platform] [hivemq-platform-operator] [126d9664] 13:40:27.023 [vert.x-eventloop-thread-0] DEBUG c.h.platform.operator.util.PodUtil - Received status for command '[curl, -s, http://10.42.0.6:7979/updateExtensionStatus]' on Pod 'test-hivemq-platform-0' (exit code: 0)
2025-01-29 13:40:27,449 INFO c.h.h.t.HelmChartContainer - [test-hivemq-platform] [hivemq] [c219b6e0] INFO  - [HiveMQ Platform Operator Init App 1.7.0-SNAPSHOT] Waiting for extension ConfigMap sync (expected hash: -1493170518) (current hash: -1817869294)
2025-01-29 13:40:27,951 INFO c.h.h.t.HelmChartContainer - [hivemq-test-hivemq-platform] [hivemq-platform-operator] [126d9664] 13:40:27.948 [pool-6-thread-12] DEBUG c.h.p.o.d.PlatformServiceResource - [helmupgr] Desired Platform services (3 services)
2025-01-29 13:40:27,951 INFO c.h.h.t.HelmChartContainer - [hivemq-test-hivemq-platform] [hivemq-platform-operator] [126d9664] 13:40:27.950 [pool-6-thread-13] DEBUG c.h.p.o.dependants.PodInfoConfigMap - [helmupgr] Desired PodInfo ConfigMap (1 extensions) (0 enabled)
2025-01-29 13:40:27,952 INFO c.h.h.t.HelmChartContainer - [hivemq-test-hivemq-platform] [hivemq-platform-operator] [126d9664] 13:40:27.950 [pool-6-thread-13] DEBUG c.h.p.o.dependants.PodInfoConfigMap - [helmupgr] Desired PodInfo ConfigMap (metrics port: 9399) (metrics path: /)
2025-01-29 13:40:27,952 INFO c.h.h.t.HelmChartContainer - [hivemq-test-hivemq-platform] [hivemq-platform-operator] [126d9664] 13:40:27.950 [pool-6-thread-13] DEBUG c.h.p.o.dependants.PodInfoConfigMap - [helmupgr] Desired PodInfo ConfigMap (extension state hash: -1493170518)
2025-01-29 13:40:27,954 INFO c.h.h.t.HelmChartContainer - [hivemq-test-hivemq-platform] [hivemq-platform-operator] [126d9664] 13:40:27.951 [pool-6-thread-16] DEBUG c.h.p.o.d.PodServiceAccountResource - [helmupgr] Desired PodServiceAccountResource (serviceAccountName: hivemq-platform-pod-test-hivemq-platform)
2025-01-29 13:40:27,954 INFO c.h.h.t.HelmChartContainer - [hivemq-test-hivemq-platform] [hivemq-platform-operator] [126d9664] 13:40:27.954 [pool-6-thread-12] DEBUG c.h.p.o.d.StatefulSetResource - [helmupgr] Desired StatefulSet (1 replicas) for status RESTART_EXTENSIONS (WAIT_FOR_EXTENSION_RESTART)
2025-01-29 13:40:27,956 INFO c.h.h.t.HelmChartContainer - [hivemq-test-hivemq-platform] [hivemq-platform-operator] [126d9664] 13:40:27.955 [pool-6-thread-12] DEBUG c.h.p.o.u.VolumeAndVolumeMountUtil - [helmupgr] Creating volume mount for available ConfigMap 'test-bridge-configuration' of disabled extension 'hivemq-bridge-extension'
2025-01-29 13:40:27,958 INFO c.h.h.t.HelmChartContainer - [hivemq-test-hivemq-platform] [hivemq-platform-operator] [126d9664] 13:40:27.957 [ReconcilerExecutor-hivemq-controller-126] INFO  c.h.p.o.HiveMQPlatformReconciler - [helmupgr] Reconciling HiveMQ Platform 'test-hivemq-platform' in namespace 'helmupgradeextensionit'
2025-01-29 13:40:27,958 INFO c.h.h.t.HelmChartContainer - [hivemq-test-hivemq-platform] [hivemq-platform-operator] [126d9664] 13:40:27.957 [ReconcilerExecutor-hivemq-controller-126] DEBUG c.h.p.o.HiveMQPlatformReconciler - [helmupgr] Custom Resource Status RESTART_EXTENSIONS - HiveMQ Platform is waiting for extension restart (hivemq-bridge-extension) (WAIT_FOR_EXTENSION_RESTART)
2025-01-29 13:40:27,958 INFO c.h.h.t.HelmChartContainer - [hivemq-test-hivemq-platform] [hivemq-platform-operator] [126d9664] 13:40:27.958 [ReconcilerExecutor-hivemq-controller-126] DEBUG c.h.p.o.HiveMQPlatformReconciler - [helmupgr] Custom Resource Spec (replicas: 1) (extensions: 1)
2025-01-29 13:40:27,960 INFO c.h.h.t.HelmChartContainer - [hivemq-test-hivemq-platform] [hivemq-platform-operator] [126d9664] 13:40:27.959 [ReconcilerExecutor-hivemq-controller-126] DEBUG c.h.p.o.HiveMQPlatformReconciler - [helmupgr] StatefulSet Status (revision: test-hivemq-platform-5b6c7575b6, replicas: 1, available: 1, ready: 1, current: 1, updated: 1)
2025-01-29 13:40:27,960 INFO c.h.h.t.HelmChartContainer - [hivemq-test-hivemq-platform] [hivemq-platform-operator] [126d9664] 13:40:27.959 [ReconcilerExecutor-hivemq-controller-126] DEBUG c.h.p.o.HiveMQPlatformReconciler - [helmupgr] StatefulSet Spec (replicas: 1, init containers: 1, containers: 1, volumes: 4)
2025-01-29 13:40:27,961 INFO c.h.h.t.HelmChartContainer - [hivemq-test-hivemq-platform] [hivemq-platform-operator] [126d9664] 13:40:27.960 [ReconcilerExecutor-hivemq-controller-126] DEBUG c.h.p.o.h.HiveMQPlatformReconcilerErrorHandler - [helmupgr] Pod 'test-hivemq-platform-0' phase Running
2025-01-29 13:40:27,962 INFO c.h.h.t.HelmChartContainer - [hivemq-test-hivemq-platform] [hivemq-platform-operator] [126d9664] 13:40:27.961 [ReconcilerExecutor-hivemq-controller-126] INFO  c.h.p.o.h.HiveMQPlatformReconcilerRestartExtensionsHandler - [helmupgr] Extension update on Pod 'test-hivemq-platform-0' is still pending
2025-01-29 13:40:28,449 INFO c.h.h.t.HelmChartContainer - [test-hivemq-platform] [hivemq] [c219b6e0] INFO  - [HiveMQ Platform Operator Init App 1.7.0-SNAPSHOT] Waiting for extension ConfigMap sync (expected hash: -1493170518) (current hash: -1817869294)
2025-01-29 13:40:29,450 INFO c.h.h.t.HelmChartContainer - [test-hivemq-platform] [hivemq] [c219b6e0] INFO  - [HiveMQ Platform Operator Init App 1.7.0-SNAPSHOT] Waiting for extension ConfigMap sync (expected hash: -1493170518) (current hash: -1817869294)
2025-01-29 13:40:30,450 INFO c.h.h.t.HelmChartContainer - [test-hivemq-platform] [hivemq] [c219b6e0] INFO  - [HiveMQ Platform Operator Init App 1.7.0-SNAPSHOT] Waiting for extension ConfigMap sync (expected hash: -1493170518) (current hash: -1817869294)
2025-01-29 13:40:31,451 INFO c.h.h.t.HelmChartContainer - [test-hivemq-platform] [hivemq] [c219b6e0] INFO  - [HiveMQ Platform Operator Init App 1.7.0-SNAPSHOT] Waiting for extension ConfigMap sync (expected hash: -1493170518) (current hash: -1817869294)
2025-01-29 13:40:32,451 INFO c.h.h.t.HelmChartContainer - [test-hivemq-platform] [hivemq] [c219b6e0] INFO  - [HiveMQ Platform Operator Init App 1.7.0-SNAPSHOT] Waiting for extension ConfigMap sync (expected hash: -1493170518) (current hash: -1817869294)
2025-01-29 13:40:33,451 INFO c.h.h.t.HelmChartContainer - [test-hivemq-platform] [hivemq] [c219b6e0] INFO  - [HiveMQ Platform Operator Init App 1.7.0-SNAPSHOT] Waiting for extension ConfigMap sync (expected hash: -1493170518) (current hash: -1817869294)
2025-01-29 13:40:33,584 INFO c.h.h.t.HelmChartContainer - [test-hivemq-platform] [hivemq] [c219b6e0] WARN  - Bridge Extension: Connect to bridge 'testbridge' failed for the 5 time, reason: connection timed out after 10000 ms: /172.17.0.3:1883
2025-01-29 13:40:34,452 INFO c.h.h.t.HelmChartContainer - [test-hivemq-platform] [hivemq] [c219b6e0] INFO  - [HiveMQ Platform Operator Init App 1.7.0-SNAPSHOT] Waiting for extension ConfigMap sync (expected hash: -1493170518) (current hash: -1817869294)
2025-01-29 13:40:34,522 INFO c.h.h.t.HelmChartContainer - [test-hivemq-platform] [hivemq] [c219b6e0] WARN  - Bridge Extension: Connect to bridge 'testbridge' failed for the 5 time, reason: connection timed out after 10000 ms: /172.17.0.3:1883
2025-01-29 13:40:35,452 INFO c.h.h.t.HelmChartContainer - [test-hivemq-platform] [hivemq] [c219b6e0] INFO  - [HiveMQ Platform Operator Init App 1.7.0-SNAPSHOT] Waiting for extension ConfigMap sync (expected hash: -1493170518) (current hash: -1817869294)
2025-01-29 13:40:36,453 INFO c.h.h.t.HelmChartContainer - [test-hivemq-platform] [hivemq] [c219b6e0] INFO  - [HiveMQ Platform Operator Init App 1.7.0-SNAPSHOT] Waiting for extension ConfigMap sync (expected hash: -1493170518) (current hash: -1817869294)
2025-01-29 13:40:37,453 INFO c.h.h.t.HelmChartContainer - [test-hivemq-platform] [hivemq] [c219b6e0] INFO  - [HiveMQ Platform Operator Init App 1.7.0-SNAPSHOT] Waiting for extension ConfigMap sync (expected hash: -1493170518) (current hash: -1817869294)
2025-01-29 13:40:37,967 INFO c.h.h.t.HelmChartContainer - [hivemq-test-hivemq-platform] [hivemq-platform-operator] [126d9664] 13:40:37.964 [pool-6-thread-26] DEBUG c.h.p.o.d.PlatformServiceResource - [helmupgr] Desired Platform services (3 services)
2025-01-29 13:40:37,968 INFO c.h.h.t.HelmChartContainer - [hivemq-test-hivemq-platform] [hivemq-platform-operator] [126d9664] 13:40:37.965 [pool-6-thread-21] DEBUG c.h.p.o.dependants.PodInfoConfigMap - [helmupgr] Desired PodInfo ConfigMap (1 extensions) (0 enabled)
2025-01-29 13:40:37,968 INFO c.h.h.t.HelmChartContainer - [hivemq-test-hivemq-platform] [hivemq-platform-operator] [126d9664] 13:40:37.965 [pool-6-thread-21] DEBUG c.h.p.o.dependants.PodInfoConfigMap - [helmupgr] Desired PodInfo ConfigMap (metrics port: 9399) (metrics path: /)
2025-01-29 13:40:37,968 INFO c.h.h.t.HelmChartContainer - [hivemq-test-hivemq-platform] [hivemq-platform-operator] [126d9664] 13:40:37.965 [pool-6-thread-21] DEBUG c.h.p.o.dependants.PodInfoConfigMap - [helmupgr] Desired PodInfo ConfigMap (extension state hash: -1493170518)
2025-01-29 13:40:37,968 INFO c.h.h.t.HelmChartContainer - [hivemq-test-hivemq-platform] [hivemq-platform-operator] [126d9664] 13:40:37.966 [pool-6-thread-30] DEBUG c.h.p.o.d.PodServiceAccountResource - [helmupgr] Desired PodServiceAccountResource (serviceAccountName: hivemq-platform-pod-test-hivemq-platform)
2025-01-29 13:40:37,970 INFO c.h.h.t.HelmChartContainer - [hivemq-test-hivemq-platform] [hivemq-platform-operator] [126d9664] 13:40:37.969 [pool-6-thread-26] DEBUG c.h.p.o.d.StatefulSetResource - [helmupgr] Desired StatefulSet (1 replicas) for status RESTART_EXTENSIONS (WAIT_FOR_EXTENSION_RESTART)
2025-01-29 13:40:37,971 INFO c.h.h.t.HelmChartContainer - [hivemq-test-hivemq-platform] [hivemq-platform-operator] [126d9664] 13:40:37.971 [pool-6-thread-26] DEBUG c.h.p.o.u.VolumeAndVolumeMountUtil - [helmupgr] Creating volume mount for available ConfigMap 'test-bridge-configuration' of disabled extension 'hivemq-bridge-extension'
2025-01-29 13:40:37,975 INFO c.h.h.t.HelmChartContainer - [hivemq-test-hivemq-platform] [hivemq-platform-operator] [126d9664] 13:40:37.973 [ReconcilerExecutor-hivemq-controller-127] INFO  c.h.p.o.HiveMQPlatformReconciler - [helmupgr] Reconciling HiveMQ Platform 'test-hivemq-platform' in namespace 'helmupgradeextensionit'
2025-01-29 13:40:37,975 INFO c.h.h.t.HelmChartContainer - [hivemq-test-hivemq-platform] [hivemq-platform-operator] [126d9664] 13:40:37.973 [ReconcilerExecutor-hivemq-controller-127] DEBUG c.h.p.o.HiveMQPlatformReconciler - [helmupgr] Custom Resource Status RESTART_EXTENSIONS - HiveMQ Platform is waiting for extension restart (hivemq-bridge-extension) (WAIT_FOR_EXTENSION_RESTART)
2025-01-29 13:40:37,975 INFO c.h.h.t.HelmChartContainer - [hivemq-test-hivemq-platform] [hivemq-platform-operator] [126d9664] 13:40:37.973 [ReconcilerExecutor-hivemq-controller-127] DEBUG c.h.p.o.HiveMQPlatformReconciler - [helmupgr] Custom Resource Spec (replicas: 1) (extensions: 1)
2025-01-29 13:40:37,976 INFO c.h.h.t.HelmChartContainer - [hivemq-test-hivemq-platform] [hivemq-platform-operator] [126d9664] 13:40:37.974 [ReconcilerExecutor-hivemq-controller-127] DEBUG c.h.p.o.HiveMQPlatformReconciler - [helmupgr] StatefulSet Status (revision: test-hivemq-platform-5b6c7575b6, replicas: 1, available: 1, ready: 1, current: 1, updated: 1)
2025-01-29 13:40:37,976 INFO c.h.h.t.HelmChartContainer - [hivemq-test-hivemq-platform] [hivemq-platform-operator] [126d9664] 13:40:37.975 [ReconcilerExecutor-hivemq-controller-127] DEBUG c.h.p.o.HiveMQPlatformReconciler - [helmupgr] StatefulSet Spec (replicas: 1, init containers: 1, containers: 1, volumes: 4)
2025-01-29 13:40:37,977 INFO c.h.h.t.HelmChartContainer - [hivemq-test-hivemq-platform] [hivemq-platform-operator] [126d9664] 13:40:37.977 [ReconcilerExecutor-hivemq-controller-127] DEBUG c.h.p.o.h.HiveMQPlatformReconcilerErrorHandler - [helmupgr] Pod 'test-hivemq-platform-0' phase Running
2025-01-29 13:40:37,983 INFO c.h.h.t.HelmChartContainer - [hivemq-test-hivemq-platform] [hivemq-platform-operator] [126d9664] 13:40:37.982 [ReconcilerExecutor-hivemq-controller-127] DEBUG c.h.p.o.h.HiveMQPlatformReconcilerRestartExtensionsHandler - [helmupgr] Checking update extension status on Pod 'test-hivemq-platform-0'
2025-01-29 13:40:38,071 INFO c.h.h.t.HelmChartContainer - [test-hivemq-platform] [hivemq] [c219b6e0] INFO  - [HiveMQ Platform Operator Init App 1.7.0-SNAPSHOT] Extension update is pending (0 errors)
2025-01-29 13:40:38,074 INFO c.h.h.t.HelmChartContainer - [hivemq-test-hivemq-platform] [hivemq-platform-operator] [126d9664] 13:40:38.073 [vert.x-eventloop-thread-1] DEBUG c.h.platform.operator.util.PodUtil - Received status for command '[curl, -s, http://10.42.0.6:7979/updateExtensionStatus]' on Pod 'test-hivemq-platform-0' (exit code: 0)
2025-01-29 13:40:38,454 INFO c.h.h.t.HelmChartContainer - [test-hivemq-platform] [hivemq] [c219b6e0] INFO  - [HiveMQ Platform Operator Init App 1.7.0-SNAPSHOT] Waiting for extension ConfigMap sync (expected hash: -1493170518) (current hash: -1817869294)
2025-01-29 13:40:39,052 INFO c.h.h.t.HelmChartContainer - [hivemq-test-hivemq-platform] [hivemq-platform-operator] [126d9664] 13:40:39.047 [pool-6-thread-39] DEBUG c.h.p.o.d.PlatformServiceResource - [helmupgr] Desired Platform services (3 services)
2025-01-29 13:40:39,052 INFO c.h.h.t.HelmChartContainer - [hivemq-test-hivemq-platform] [hivemq-platform-operator] [126d9664] 13:40:39.048 [pool-6-thread-36] DEBUG c.h.p.o.d.PodServiceAccountResource - [helmupgr] Desired PodServiceAccountResource (serviceAccountName: hivemq-platform-pod-test-hivemq-platform)
2025-01-29 13:40:39,053 INFO c.h.h.t.HelmChartContainer - [hivemq-test-hivemq-platform] [hivemq-platform-operator] [126d9664] 13:40:39.050 [pool-6-thread-31] DEBUG c.h.p.o.dependants.PodInfoConfigMap - [helmupgr] Desired PodInfo ConfigMap (1 extensions) (0 enabled)
2025-01-29 13:40:39,053 INFO c.h.h.t.HelmChartContainer - [hivemq-test-hivemq-platform] [hivemq-platform-operator] [126d9664] 13:40:39.050 [pool-6-thread-31] DEBUG c.h.p.o.dependants.PodInfoConfigMap - [helmupgr] Desired PodInfo ConfigMap (metrics port: 9399) (metrics path: /)
2025-01-29 13:40:39,053 INFO c.h.h.t.HelmChartContainer - [hivemq-test-hivemq-platform] [hivemq-platform-operator] [126d9664] 13:40:39.050 [pool-6-thread-31] DEBUG c.h.p.o.dependants.PodInfoConfigMap - [helmupgr] Desired PodInfo ConfigMap (extension state hash: -1493170518)
2025-01-29 13:40:39,055 INFO c.h.h.t.HelmChartContainer - [hivemq-test-hivemq-platform] [hivemq-platform-operator] [126d9664] 13:40:39.052 [pool-6-thread-39] DEBUG c.h.p.o.d.StatefulSetResource - [helmupgr] Desired StatefulSet (1 replicas) for status RESTART_EXTENSIONS (WAIT_FOR_EXTENSION_RESTART)
2025-01-29 13:40:39,055 INFO c.h.h.t.HelmChartContainer - [hivemq-test-hivemq-platform] [hivemq-platform-operator] [126d9664] 13:40:39.053 [pool-6-thread-39] DEBUG c.h.p.o.u.VolumeAndVolumeMountUtil - [helmupgr] Creating volume mount for available ConfigMap 'test-bridge-configuration' of disabled extension 'hivemq-bridge-extension'
2025-01-29 13:40:39,060 INFO c.h.h.t.HelmChartContainer - [hivemq-test-hivemq-platform] [hivemq-platform-operator] [126d9664] 13:40:39.055 [ReconcilerExecutor-hivemq-controller-128] INFO  c.h.p.o.HiveMQPlatformReconciler - [helmupgr] Reconciling HiveMQ Platform 'test-hivemq-platform' in namespace 'helmupgradeextensionit'
2025-01-29 13:40:39,060 INFO c.h.h.t.HelmChartContainer - [hivemq-test-hivemq-platform] [hivemq-platform-operator] [126d9664] 13:40:39.056 [ReconcilerExecutor-hivemq-controller-128] DEBUG c.h.p.o.HiveMQPlatformReconciler - [helmupgr] Custom Resource Status RESTART_EXTENSIONS - HiveMQ Platform is waiting for extension restart (hivemq-bridge-extension) (WAIT_FOR_EXTENSION_RESTART)
2025-01-29 13:40:39,060 INFO c.h.h.t.HelmChartContainer - [hivemq-test-hivemq-platform] [hivemq-platform-operator] [126d9664] 13:40:39.056 [ReconcilerExecutor-hivemq-controller-128] DEBUG c.h.p.o.HiveMQPlatformReconciler - [helmupgr] Custom Resource Spec (replicas: 1) (extensions: 1)
2025-01-29 13:40:39,060 INFO c.h.h.t.HelmChartContainer - [hivemq-test-hivemq-platform] [hivemq-platform-operator] [126d9664] 13:40:39.057 [ReconcilerExecutor-hivemq-controller-128] DEBUG c.h.p.o.HiveMQPlatformReconciler - [helmupgr] StatefulSet Status (revision: test-hivemq-platform-5b6c7575b6, replicas: 1, available: 1, ready: 1, current: 1, updated: 1)
2025-01-29 13:40:39,060 INFO c.h.h.t.HelmChartContainer - [hivemq-test-hivemq-platform] [hivemq-platform-operator] [126d9664] 13:40:39.057 [ReconcilerExecutor-hivemq-controller-128] DEBUG c.h.p.o.HiveMQPlatformReconciler - [helmupgr] StatefulSet Spec (replicas: 1, init containers: 1, containers: 1, volumes: 4)
2025-01-29 13:40:39,060 INFO c.h.h.t.HelmChartContainer - [hivemq-test-hivemq-platform] [hivemq-platform-operator] [126d9664] 13:40:39.058 [ReconcilerExecutor-hivemq-controller-128] DEBUG c.h.p.o.h.HiveMQPlatformReconcilerErrorHandler - [helmupgr] Pod 'test-hivemq-platform-0' phase Running
2025-01-29 13:40:39,060 INFO c.h.h.t.HelmChartContainer - [hivemq-test-hivemq-platform] [hivemq-platform-operator] [126d9664] 13:40:39.059 [ReconcilerExecutor-hivemq-controller-128] INFO  c.h.p.o.h.HiveMQPlatformReconcilerRestartExtensionsHandler - [helmupgr] Extension update on Pod 'test-hivemq-platform-0' is still pending
2025-01-29 13:40:39,454 INFO c.h.h.t.HelmChartContainer - [test-hivemq-platform] [hivemq] [c219b6e0] INFO  - [HiveMQ Platform Operator Init App 1.7.0-SNAPSHOT] Waiting for extension ConfigMap sync (expected hash: -1493170518) (current hash: -1817869294)
2025-01-29 13:40:40,454 INFO c.h.h.t.HelmChartContainer - [test-hivemq-platform] [hivemq] [c219b6e0] INFO  - [HiveMQ Platform Operator Init App 1.7.0-SNAPSHOT] Waiting for extension ConfigMap sync (expected hash: -1493170518) (current hash: -1817869294)
2025-01-29 13:40:41,455 INFO c.h.h.t.HelmChartContainer - [test-hivemq-platform] [hivemq] [c219b6e0] INFO  - [HiveMQ Platform Operator Init App 1.7.0-SNAPSHOT] Waiting for extension ConfigMap sync (expected hash: -1493170518) (current hash: -1817869294)
2025-01-29 13:40:42,456 INFO c.h.h.t.HelmChartContainer - [test-hivemq-platform] [hivemq] [c219b6e0] INFO  - [HiveMQ Platform Operator Init App 1.7.0-SNAPSHOT] Waiting for extension ConfigMap sync (expected hash: -1493170518) (current hash: -1817869294)
2025-01-29 13:40:43,456 INFO c.h.h.t.HelmChartContainer - [test-hivemq-platform] [hivemq] [c219b6e0] INFO  - [HiveMQ Platform Operator Init App 1.7.0-SNAPSHOT] Waiting for extension ConfigMap sync (expected hash: -1493170518) (current hash: -1817869294)
2025-01-29 13:40:44,457 INFO c.h.h.t.HelmChartContainer - [test-hivemq-platform] [hivemq] [c219b6e0] INFO  - [HiveMQ Platform Operator Init App 1.7.0-SNAPSHOT] Waiting for extension ConfigMap sync (expected hash: -1493170518) (current hash: -1817869294)
2025-01-29 13:40:45,457 INFO c.h.h.t.HelmChartContainer - [test-hivemq-platform] [hivemq] [c219b6e0] INFO  - [HiveMQ Platform Operator Init App 1.7.0-SNAPSHOT] Waiting for extension ConfigMap sync (expected hash: -1493170518) (current hash: -1817869294)
2025-01-29 13:40:46,457 INFO c.h.h.t.HelmChartContainer - [test-hivemq-platform] [hivemq] [c219b6e0] INFO  - [HiveMQ Platform Operator Init App 1.7.0-SNAPSHOT] Waiting for extension ConfigMap sync (expected hash: -1493170518) (current hash: -1817869294)
2025-01-29 13:40:47,458 INFO c.h.h.t.HelmChartContainer - [test-hivemq-platform] [hivemq] [c219b6e0] INFO  - [HiveMQ Platform Operator Init App 1.7.0-SNAPSHOT] Waiting for extension ConfigMap sync (expected hash: -1493170518) (current hash: -1817869294)
2025-01-29 13:40:48,458 INFO c.h.h.t.HelmChartContainer - [test-hivemq-platform] [hivemq] [c219b6e0] INFO  - [HiveMQ Platform Operator Init App 1.7.0-SNAPSHOT] Waiting for extension ConfigMap sync (expected hash: -1493170518) (current hash: -1817869294)
2025-01-29 13:40:49,063 INFO c.h.h.t.HelmChartContainer - [hivemq-test-hivemq-platform] [hivemq-platform-operator] [126d9664] 13:40:49.061 [pool-6-thread-45] DEBUG c.h.p.o.d.PodServiceAccountResource - [helmupgr] Desired PodServiceAccountResource (serviceAccountName: hivemq-platform-pod-test-hivemq-platform)
2025-01-29 13:40:49,063 INFO c.h.h.t.HelmChartContainer - [hivemq-test-hivemq-platform] [hivemq-platform-operator] [126d9664] 13:40:49.061 [pool-6-thread-50] DEBUG c.h.p.o.d.PlatformServiceResource - [helmupgr] Desired Platform services (3 services)
2025-01-29 13:40:49,063 INFO c.h.h.t.HelmChartContainer - [hivemq-test-hivemq-platform] [hivemq-platform-operator] [126d9664] 13:40:49.061 [pool-6-thread-48] DEBUG c.h.p.o.dependants.PodInfoConfigMap - [helmupgr] Desired PodInfo ConfigMap (1 extensions) (0 enabled)
2025-01-29 13:40:49,063 INFO c.h.h.t.HelmChartContainer - [hivemq-test-hivemq-platform] [hivemq-platform-operator] [126d9664] 13:40:49.061 [pool-6-thread-48] DEBUG c.h.p.o.dependants.PodInfoConfigMap - [helmupgr] Desired PodInfo ConfigMap (metrics port: 9399) (metrics path: /)
2025-01-29 13:40:49,063 INFO c.h.h.t.HelmChartContainer - [hivemq-test-hivemq-platform] [hivemq-platform-operator] [126d9664] 13:40:49.061 [pool-6-thread-48] DEBUG c.h.p.o.dependants.PodInfoConfigMap - [helmupgr] Desired PodInfo ConfigMap (extension state hash: -1493170518)
2025-01-29 13:40:49,066 INFO c.h.h.t.HelmChartContainer - [hivemq-test-hivemq-platform] [hivemq-platform-operator] [126d9664] 13:40:49.065 [pool-6-thread-50] DEBUG c.h.p.o.d.StatefulSetResource - [helmupgr] Desired StatefulSet (1 replicas) for status RESTART_EXTENSIONS (WAIT_FOR_EXTENSION_RESTART)
2025-01-29 13:40:49,067 INFO c.h.h.t.HelmChartContainer - [hivemq-test-hivemq-platform] [hivemq-platform-operator] [126d9664] 13:40:49.067 [pool-6-thread-50] DEBUG c.h.p.o.u.VolumeAndVolumeMountUtil - [helmupgr] Creating volume mount for available ConfigMap 'test-bridge-configuration' of disabled extension 'hivemq-bridge-extension'
2025-01-29 13:40:49,071 INFO c.h.h.t.HelmChartContainer - [hivemq-test-hivemq-platform] [hivemq-platform-operator] [126d9664] 13:40:49.069 [ReconcilerExecutor-hivemq-controller-129] INFO  c.h.p.o.HiveMQPlatformReconciler - [helmupgr] Reconciling HiveMQ Platform 'test-hivemq-platform' in namespace 'helmupgradeextensionit'
2025-01-29 13:40:49,071 INFO c.h.h.t.HelmChartContainer - [hivemq-test-hivemq-platform] [hivemq-platform-operator] [126d9664] 13:40:49.069 [ReconcilerExecutor-hivemq-controller-129] DEBUG c.h.p.o.HiveMQPlatformReconciler - [helmupgr] Custom Resource Status RESTART_EXTENSIONS - HiveMQ Platform is waiting for extension restart (hivemq-bridge-extension) (WAIT_FOR_EXTENSION_RESTART)
2025-01-29 13:40:49,071 INFO c.h.h.t.HelmChartContainer - [hivemq-test-hivemq-platform] [hivemq-platform-operator] [126d9664] 13:40:49.069 [ReconcilerExecutor-hivemq-controller-129] DEBUG c.h.p.o.HiveMQPlatformReconciler - [helmupgr] Custom Resource Spec (replicas: 1) (extensions: 1)
2025-01-29 13:40:49,072 INFO c.h.h.t.HelmChartContainer - [hivemq-test-hivemq-platform] [hivemq-platform-operator] [126d9664] 13:40:49.071 [ReconcilerExecutor-hivemq-controller-129] DEBUG c.h.p.o.HiveMQPlatformReconciler - [helmupgr] StatefulSet Status (revision: test-hivemq-platform-5b6c7575b6, replicas: 1, available: 1, ready: 1, current: 1, updated: 1)
2025-01-29 13:40:49,072 INFO c.h.h.t.HelmChartContainer - [hivemq-test-hivemq-platform] [hivemq-platform-operator] [126d9664] 13:40:49.071 [ReconcilerExecutor-hivemq-controller-129] DEBUG c.h.p.o.HiveMQPlatformReconciler - [helmupgr] StatefulSet Spec (replicas: 1, init containers: 1, containers: 1, volumes: 4)
2025-01-29 13:40:49,073 INFO c.h.h.t.HelmChartContainer - [hivemq-test-hivemq-platform] [hivemq-platform-operator] [126d9664] 13:40:49.072 [ReconcilerExecutor-hivemq-controller-129] DEBUG c.h.p.o.h.HiveMQPlatformReconcilerErrorHandler - [helmupgr] Pod 'test-hivemq-platform-0' phase Running
2025-01-29 13:40:49,080 INFO c.h.h.t.HelmChartContainer - [hivemq-test-hivemq-platform] [hivemq-platform-operator] [126d9664] 13:40:49.079 [ReconcilerExecutor-hivemq-controller-129] DEBUG c.h.p.o.h.HiveMQPlatformReconcilerRestartExtensionsHandler - [helmupgr] Checking update extension status on Pod 'test-hivemq-platform-0'
2025-01-29 13:40:49,167 INFO c.h.h.t.HelmChartContainer - [test-hivemq-platform] [hivemq] [c219b6e0] INFO  - [HiveMQ Platform Operator Init App 1.7.0-SNAPSHOT] Extension update is pending (0 errors)
2025-01-29 13:40:49,171 INFO c.h.h.t.HelmChartContainer - [hivemq-test-hivemq-platform] [hivemq-platform-operator] [126d9664] 13:40:49.170 [vert.x-eventloop-thread-0] DEBUG c.h.platform.operator.util.PodUtil - Received status for command '[curl, -s, http://10.42.0.6:7979/updateExtensionStatus]' on Pod 'test-hivemq-platform-0' (exit code: 0)
2025-01-29 13:40:49,458 INFO c.h.h.t.HelmChartContainer - [test-hivemq-platform] [hivemq] [c219b6e0] INFO  - [HiveMQ Platform Operator Init App 1.7.0-SNAPSHOT] Waiting for extension ConfigMap sync (expected hash: -1493170518) (current hash: -1817869294)
2025-01-29 13:40:50,147 INFO c.h.h.t.HelmChartContainer - [hivemq-test-hivemq-platform] [hivemq-platform-operator] [126d9664] 13:40:50.144 [pool-6-thread-8] DEBUG c.h.p.o.d.PlatformServiceResource - [helmupgr] Desired Platform services (3 services)
2025-01-29 13:40:50,147 INFO c.h.h.t.HelmChartContainer - [hivemq-test-hivemq-platform] [hivemq-platform-operator] [126d9664] 13:40:50.145 [pool-6-thread-7] DEBUG c.h.p.o.d.PodServiceAccountResource - [helmupgr] Desired PodServiceAccountResource (serviceAccountName: hivemq-platform-pod-test-hivemq-platform)
2025-01-29 13:40:50,147 INFO c.h.h.t.HelmChartContainer - [hivemq-test-hivemq-platform] [hivemq-platform-operator] [126d9664] 13:40:50.146 [pool-6-thread-1] DEBUG c.h.p.o.dependants.PodInfoConfigMap - [helmupgr] Desired PodInfo ConfigMap (1 extensions) (0 enabled)
2025-01-29 13:40:50,147 INFO c.h.h.t.HelmChartContainer - [hivemq-test-hivemq-platform] [hivemq-platform-operator] [126d9664] 13:40:50.146 [pool-6-thread-1] DEBUG c.h.p.o.dependants.PodInfoConfigMap - [helmupgr] Desired PodInfo ConfigMap (metrics port: 9399) (metrics path: /)
2025-01-29 13:40:50,147 INFO c.h.h.t.HelmChartContainer - [hivemq-test-hivemq-platform] [hivemq-platform-operator] [126d9664] 13:40:50.146 [pool-6-thread-1] DEBUG c.h.p.o.dependants.PodInfoConfigMap - [helmupgr] Desired PodInfo ConfigMap (extension state hash: -1493170518)
2025-01-29 13:40:50,151 INFO c.h.h.t.HelmChartContainer - [hivemq-test-hivemq-platform] [hivemq-platform-operator] [126d9664] 13:40:50.149 [pool-6-thread-1] DEBUG c.h.p.o.d.StatefulSetResource - [helmupgr] Desired StatefulSet (1 replicas) for status RESTART_EXTENSIONS (WAIT_FOR_EXTENSION_RESTART)
2025-01-29 13:40:50,151 INFO c.h.h.t.HelmChartContainer - [hivemq-test-hivemq-platform] [hivemq-platform-operator] [126d9664] 13:40:50.150 [pool-6-thread-1] DEBUG c.h.p.o.u.VolumeAndVolumeMountUtil - [helmupgr] Creating volume mount for available ConfigMap 'test-bridge-configuration' of disabled extension 'hivemq-bridge-extension'
2025-01-29 13:40:50,153 INFO c.h.h.t.HelmChartContainer - [hivemq-test-hivemq-platform] [hivemq-platform-operator] [126d9664] 13:40:50.152 [ReconcilerExecutor-hivemq-controller-130] INFO  c.h.p.o.HiveMQPlatformReconciler - [helmupgr] Reconciling HiveMQ Platform 'test-hivemq-platform' in namespace 'helmupgradeextensionit'
2025-01-29 13:40:50,154 INFO c.h.h.t.HelmChartContainer - [hivemq-test-hivemq-platform] [hivemq-platform-operator] [126d9664] 13:40:50.152 [ReconcilerExecutor-hivemq-controller-130] DEBUG c.h.p.o.HiveMQPlatformReconciler - [helmupgr] Custom Resource Status RESTART_EXTENSIONS - HiveMQ Platform is waiting for extension restart (hivemq-bridge-extension) (WAIT_FOR_EXTENSION_RESTART)
2025-01-29 13:40:50,154 INFO c.h.h.t.HelmChartContainer - [hivemq-test-hivemq-platform] [hivemq-platform-operator] [126d9664] 13:40:50.152 [ReconcilerExecutor-hivemq-controller-130] DEBUG c.h.p.o.HiveMQPlatformReconciler - [helmupgr] Custom Resource Spec (replicas: 1) (extensions: 1)
2025-01-29 13:40:50,155 INFO c.h.h.t.HelmChartContainer - [hivemq-test-hivemq-platform] [hivemq-platform-operator] [126d9664] 13:40:50.154 [ReconcilerExecutor-hivemq-controller-130] DEBUG c.h.p.o.HiveMQPlatformReconciler - [helmupgr] StatefulSet Status (revision: test-hivemq-platform-5b6c7575b6, replicas: 1, available: 1, ready: 1, current: 1, updated: 1)
2025-01-29 13:40:50,156 INFO c.h.h.t.HelmChartContainer - [hivemq-test-hivemq-platform] [hivemq-platform-operator] [126d9664] 13:40:50.154 [ReconcilerExecutor-hivemq-controller-130] DEBUG c.h.p.o.HiveMQPlatformReconciler - [helmupgr] StatefulSet Spec (replicas: 1, init containers: 1, containers: 1, volumes: 4)
2025-01-29 13:40:50,156 INFO c.h.h.t.HelmChartContainer - [hivemq-test-hivemq-platform] [hivemq-platform-operator] [126d9664] 13:40:50.155 [ReconcilerExecutor-hivemq-controller-130] DEBUG c.h.p.o.h.HiveMQPlatformReconcilerErrorHandler - [helmupgr] Pod 'test-hivemq-platform-0' phase Running
2025-01-29 13:40:50,157 INFO c.h.h.t.HelmChartContainer - [hivemq-test-hivemq-platform] [hivemq-platform-operator] [126d9664] 13:40:50.156 [ReconcilerExecutor-hivemq-controller-130] INFO  c.h.p.o.h.HiveMQPlatformReconcilerRestartExtensionsHandler - [helmupgr] Extension update on Pod 'test-hivemq-platform-0' is still pending
2025-01-29 13:40:50,459 INFO c.h.h.t.HelmChartContainer - [test-hivemq-platform] [hivemq] [c219b6e0] INFO  - [HiveMQ Platform Operator Init App 1.7.0-SNAPSHOT] Waiting for extension ConfigMap sync (expected hash: -1493170518) (current hash: -1817869294)
2025-01-29 13:40:51,459 INFO c.h.h.t.HelmChartContainer - [test-hivemq-platform] [hivemq] [c219b6e0] INFO  - [HiveMQ Platform Operator Init App 1.7.0-SNAPSHOT] Waiting for extension ConfigMap sync (expected hash: -1493170518) (current hash: -1817869294)
2025-01-29 13:40:52,460 INFO c.h.h.t.HelmChartContainer - [test-hivemq-platform] [hivemq] [c219b6e0] INFO  - [HiveMQ Platform Operator Init App 1.7.0-SNAPSHOT] Waiting for extension ConfigMap sync (expected hash: -1493170518) (current hash: -1817869294)
2025-01-29 13:40:53,460 INFO c.h.h.t.HelmChartContainer - [test-hivemq-platform] [hivemq] [c219b6e0] INFO  - [HiveMQ Platform Operator Init App 1.7.0-SNAPSHOT] Waiting for extension ConfigMap sync (expected hash: -1493170518) (current hash: -1817869294)
2025-01-29 13:40:54,461 INFO c.h.h.t.HelmChartContainer - [test-hivemq-platform] [hivemq] [c219b6e0] INFO  - [HiveMQ Platform Operator Init App 1.7.0-SNAPSHOT] Waiting for extension ConfigMap sync (expected hash: -1493170518) (current hash: -1817869294)
2025-01-29 13:40:55,461 INFO c.h.h.t.HelmChartContainer - [test-hivemq-platform] [hivemq] [c219b6e0] INFO  - [HiveMQ Platform Operator Init App 1.7.0-SNAPSHOT] Waiting for extension ConfigMap sync (expected hash: -1493170518) (current hash: -1493170518)
2025-01-29 13:40:55,462 INFO c.h.h.t.HelmChartContainer - [test-hivemq-platform] [hivemq] [c219b6e0] INFO  - [HiveMQ Platform Operator Init App 1.7.0-SNAPSHOT] Updating HiveMQ Platform extension: hivemq-bridge-extension
2025-01-29 13:40:55,462 INFO c.h.h.t.HelmChartContainer - [test-hivemq-platform] [hivemq] [c219b6e0] INFO  - [HiveMQ Platform Operator Init App 1.7.0-SNAPSHOT] Stopping preinstalled extension hivemq-bridge-extension
2025-01-29 13:40:55,464 INFO c.h.h.t.HelmChartContainer - [test-hivemq-platform] [hivemq] [c219b6e0] INFO  - [HiveMQ Platform Operator Init App 1.7.0-SNAPSHOT] Successfully disabled extension hivemq-bridge-extension
2025-01-29 13:40:55,520 INFO c.h.h.t.HelmChartContainer - [test-hivemq-platform] [hivemq] [c219b6e0] INFO  - [HiveMQ Platform Operator Init App 1.7.0-SNAPSHOT] Waiting for extension hivemq-bridge-extension to stop
2025-01-29 13:40:55,571 INFO c.h.h.t.HelmChartContainer - [test-hivemq-platform] [hivemq] [c219b6e0] INFO  - Stopping extension with id hivemq-bridge-extension
2025-01-29 13:40:55,574 INFO c.h.h.t.HelmChartContainer - [test-hivemq-platform] [hivemq] [c219b6e0] INFO  - Bridge Extension: Stopping extension
2025-01-29 13:40:55,619 INFO c.h.h.t.HelmChartContainer - [test-hivemq-platform] [hivemq] [c219b6e0] ERROR - Bridge Extension: Error when disconnecting client "testbridge-0-36d3c183-f417-4ab2-a722-9f3322aada21". Reason: MQTT client is not connected.
2025-01-29 13:40:55,619 INFO c.h.h.t.HelmChartContainer - [test-hivemq-platform] [hivemq] [c219b6e0] ERROR - Bridge Extension: Error when disconnecting client "testbridge-1-36d3c183-f417-4ab2-a722-9f3322aada21". Reason: MQTT client is not connected.
2025-01-29 13:40:55,619 INFO c.h.h.t.HelmChartContainer - [test-hivemq-platform] [hivemq] [c219b6e0] INFO  - Extension "HiveMQ Enterprise Bridge Extension" version 4.36.0 stopped successfully.
2025-01-29 13:40:55,619 INFO c.h.h.testcontainer.LogWaiterUtil - TEST Found log pattern on 'test-hivemq-platform-0': .*Extension "HiveMQ Enterprise Bridge Extension" version .* stopped successfully.
2025-01-29 13:40:56,026 INFO c.h.h.t.HelmChartContainer - [test-hivemq-platform] [hivemq] [c219b6e0] INFO  - [HiveMQ Platform Operator Init App 1.7.0-SNAPSHOT] Successfully stopped extension hivemq-bridge-extension
2025-01-29 13:40:56,026 INFO c.h.h.testcontainer.LogWaiterUtil - TEST Found log pattern on 'test-hivemq-platform-0': .*\[HiveMQ Platform Operator Init App [A-Z0-9.-]+\] Successfully stopped extension hivemq-bridge-extension
2025-01-29 13:41:00,160 INFO c.h.h.t.HelmChartContainer - [hivemq-test-hivemq-platform] [hivemq-platform-operator] [126d9664] 13:41:00.158 [pool-6-thread-14] DEBUG c.h.p.o.d.PlatformServiceResource - [helmupgr] Desired Platform services (3 services)
2025-01-29 13:41:00,162 INFO c.h.h.t.HelmChartContainer - [hivemq-test-hivemq-platform] [hivemq-platform-operator] [126d9664] 13:41:00.160 [pool-6-thread-18] DEBUG c.h.p.o.d.PodServiceAccountResource - [helmupgr] Desired PodServiceAccountResource (serviceAccountName: hivemq-platform-pod-test-hivemq-platform)
2025-01-29 13:41:00,164 INFO c.h.h.t.HelmChartContainer - [hivemq-test-hivemq-platform] [hivemq-platform-operator] [126d9664] 13:41:00.162 [pool-6-thread-16] DEBUG c.h.p.o.dependants.PodInfoConfigMap - [helmupgr] Desired PodInfo ConfigMap (1 extensions) (0 enabled)
2025-01-29 13:41:00,164 INFO c.h.h.t.HelmChartContainer - [hivemq-test-hivemq-platform] [hivemq-platform-operator] [126d9664] 13:41:00.163 [pool-6-thread-16] DEBUG c.h.p.o.dependants.PodInfoConfigMap - [helmupgr] Desired PodInfo ConfigMap (metrics port: 9399) (metrics path: /)
2025-01-29 13:41:00,165 INFO c.h.h.t.HelmChartContainer - [hivemq-test-hivemq-platform] [hivemq-platform-operator] [126d9664] 13:41:00.163 [pool-6-thread-16] DEBUG c.h.p.o.dependants.PodInfoConfigMap - [helmupgr] Desired PodInfo ConfigMap (extension state hash: -1493170518)
2025-01-29 13:41:00,166 INFO c.h.h.t.HelmChartContainer - [hivemq-test-hivemq-platform] [hivemq-platform-operator] [126d9664] 13:41:00.164 [pool-6-thread-16] DEBUG c.h.p.o.d.StatefulSetResource - [helmupgr] Desired StatefulSet (1 replicas) for status RESTART_EXTENSIONS (WAIT_FOR_EXTENSION_RESTART)
2025-01-29 13:41:00,169 INFO c.h.h.t.HelmChartContainer - [hivemq-test-hivemq-platform] [hivemq-platform-operator] [126d9664] 13:41:00.165 [pool-6-thread-16] DEBUG c.h.p.o.u.VolumeAndVolumeMountUtil - [helmupgr] Creating volume mount for available ConfigMap 'test-bridge-configuration' of disabled extension 'hivemq-bridge-extension'
2025-01-29 13:41:00,170 INFO c.h.h.t.HelmChartContainer - [hivemq-test-hivemq-platform] [hivemq-platform-operator] [126d9664] 13:41:00.168 [ReconcilerExecutor-hivemq-controller-131] INFO  c.h.p.o.HiveMQPlatformReconciler - [helmupgr] Reconciling HiveMQ Platform 'test-hivemq-platform' in namespace 'helmupgradeextensionit'
2025-01-29 13:41:00,170 INFO c.h.h.t.HelmChartContainer - [hivemq-test-hivemq-platform] [hivemq-platform-operator] [126d9664] 13:41:00.168 [ReconcilerExecutor-hivemq-controller-131] DEBUG c.h.p.o.HiveMQPlatformReconciler - [helmupgr] Custom Resource Status RESTART_EXTENSIONS - HiveMQ Platform is waiting for extension restart (hivemq-bridge-extension) (WAIT_FOR_EXTENSION_RESTART)
2025-01-29 13:41:00,170 INFO c.h.h.t.HelmChartContainer - [hivemq-test-hivemq-platform] [hivemq-platform-operator] [126d9664] 13:41:00.168 [ReconcilerExecutor-hivemq-controller-131] DEBUG c.h.p.o.HiveMQPlatformReconciler - [helmupgr] Custom Resource Spec (replicas: 1) (extensions: 1)
2025-01-29 13:41:00,171 INFO c.h.h.t.HelmChartContainer - [hivemq-test-hivemq-platform] [hivemq-platform-operator] [126d9664] 13:41:00.170 [ReconcilerExecutor-hivemq-controller-131] DEBUG c.h.p.o.HiveMQPlatformReconciler - [helmupgr] StatefulSet Status (revision: test-hivemq-platform-5b6c7575b6, replicas: 1, available: 1, ready: 1, current: 1, updated: 1)
2025-01-29 13:41:00,174 INFO c.h.h.t.HelmChartContainer - [hivemq-test-hivemq-platform] [hivemq-platform-operator] [126d9664] 13:41:00.170 [ReconcilerExecutor-hivemq-controller-131] DEBUG c.h.p.o.HiveMQPlatformReconciler - [helmupgr] StatefulSet Spec (replicas: 1, init containers: 1, containers: 1, volumes: 4)
2025-01-29 13:41:00,174 INFO c.h.h.t.HelmChartContainer - [hivemq-test-hivemq-platform] [hivemq-platform-operator] [126d9664] 13:41:00.172 [ReconcilerExecutor-hivemq-controller-131] DEBUG c.h.p.o.h.HiveMQPlatformReconcilerErrorHandler - [helmupgr] Pod 'test-hivemq-platform-0' phase Running
2025-01-29 13:41:00,179 INFO c.h.h.t.HelmChartContainer - [hivemq-test-hivemq-platform] [hivemq-platform-operator] [126d9664] 13:41:00.178 [ReconcilerExecutor-hivemq-controller-131] DEBUG c.h.p.o.h.HiveMQPlatformReconcilerRestartExtensionsHandler - [helmupgr] Checking update extension status on Pod 'test-hivemq-platform-0'
2025-01-29 13:41:00,272 INFO c.h.h.t.HelmChartContainer - [test-hivemq-platform] [hivemq] [c219b6e0] INFO  - [HiveMQ Platform Operator Init App 1.7.0-SNAPSHOT] Extension update is done (0 errors)
2025-01-29 13:41:00,272 INFO c.h.h.testcontainer.LogWaiterUtil - TEST Found log pattern on 'test-hivemq-platform-0': .*\[HiveMQ Platform Operator Init App [A-Z0-9.-]+\] Extension update is done \(0 errors\)
2025-01-29 13:41:00,275 INFO c.h.h.t.HelmChartContainer - [hivemq-test-hivemq-platform] [hivemq-platform-operator] [126d9664] 13:41:00.275 [vert.x-eventloop-thread-1] DEBUG c.h.platform.operator.util.PodUtil - Received status for command '[curl, -s, http://10.42.0.6:7979/updateExtensionStatus]' on Pod 'test-hivemq-platform-0' (exit code: 0)
2025-01-29 13:41:01,247 INFO c.h.h.t.HelmChartContainer - [hivemq-test-hivemq-platform] [hivemq-platform-operator] [126d9664] 13:41:01.245 [pool-6-thread-30] DEBUG c.h.p.o.d.PlatformServiceResource - [helmupgr] Desired Platform services (3 services)
2025-01-29 13:41:01,247 INFO c.h.h.t.HelmChartContainer - [hivemq-test-hivemq-platform] [hivemq-platform-operator] [126d9664] 13:41:01.245 [pool-6-thread-23] DEBUG c.h.p.o.d.PodServiceAccountResource - [helmupgr] Desired PodServiceAccountResource (serviceAccountName: hivemq-platform-pod-test-hivemq-platform)
2025-01-29 13:41:01,247 INFO c.h.h.t.HelmChartContainer - [hivemq-test-hivemq-platform] [hivemq-platform-operator] [126d9664] 13:41:01.245 [pool-6-thread-21] DEBUG c.h.p.o.dependants.PodInfoConfigMap - [helmupgr] Desired PodInfo ConfigMap (1 extensions) (0 enabled)
2025-01-29 13:41:01,247 INFO c.h.h.t.HelmChartContainer - [hivemq-test-hivemq-platform] [hivemq-platform-operator] [126d9664] 13:41:01.245 [pool-6-thread-21] DEBUG c.h.p.o.dependants.PodInfoConfigMap - [helmupgr] Desired PodInfo ConfigMap (metrics port: 9399) (metrics path: /)
2025-01-29 13:41:01,247 INFO c.h.h.t.HelmChartContainer - [hivemq-test-hivemq-platform] [hivemq-platform-operator] [126d9664] 13:41:01.245 [pool-6-thread-21] DEBUG c.h.p.o.dependants.PodInfoConfigMap - [helmupgr] Desired PodInfo ConfigMap (extension state hash: -1493170518)
2025-01-29 13:41:01,250 INFO c.h.h.t.HelmChartContainer - [hivemq-test-hivemq-platform] [hivemq-platform-operator] [126d9664] 13:41:01.249 [pool-6-thread-30] DEBUG c.h.p.o.d.StatefulSetResource - [helmupgr] Desired StatefulSet (1 replicas) for status RESTART_EXTENSIONS (WAIT_FOR_EXTENSION_RESTART)
2025-01-29 13:41:01,251 INFO c.h.h.t.HelmChartContainer - [hivemq-test-hivemq-platform] [hivemq-platform-operator] [126d9664] 13:41:01.251 [pool-6-thread-30] DEBUG c.h.p.o.u.VolumeAndVolumeMountUtil - [helmupgr] Creating volume mount for available ConfigMap 'test-bridge-configuration' of disabled extension 'hivemq-bridge-extension'
2025-01-29 13:41:01,253 INFO c.h.h.t.HelmChartContainer - [hivemq-test-hivemq-platform] [hivemq-platform-operator] [126d9664] 13:41:01.253 [ReconcilerExecutor-hivemq-controller-132] INFO  c.h.p.o.HiveMQPlatformReconciler - [helmupgr] Reconciling HiveMQ Platform 'test-hivemq-platform' in namespace 'helmupgradeextensionit'
2025-01-29 13:41:01,254 INFO c.h.h.t.HelmChartContainer - [hivemq-test-hivemq-platform] [hivemq-platform-operator] [126d9664] 13:41:01.253 [ReconcilerExecutor-hivemq-controller-132] DEBUG c.h.p.o.HiveMQPlatformReconciler - [helmupgr] Custom Resource Status RESTART_EXTENSIONS - HiveMQ Platform is waiting for extension restart (hivemq-bridge-extension) (WAIT_FOR_EXTENSION_RESTART)
2025-01-29 13:41:01,254 INFO c.h.h.t.HelmChartContainer - [hivemq-test-hivemq-platform] [hivemq-platform-operator] [126d9664] 13:41:01.253 [ReconcilerExecutor-hivemq-controller-132] DEBUG c.h.p.o.HiveMQPlatformReconciler - [helmupgr] Custom Resource Spec (replicas: 1) (extensions: 1)
2025-01-29 13:41:01,255 INFO c.h.h.t.HelmChartContainer - [hivemq-test-hivemq-platform] [hivemq-platform-operator] [126d9664] 13:41:01.254 [ReconcilerExecutor-hivemq-controller-132] DEBUG c.h.p.o.HiveMQPlatformReconciler - [helmupgr] StatefulSet Status (revision: test-hivemq-platform-5b6c7575b6, replicas: 1, available: 1, ready: 1, current: 1, updated: 1)
2025-01-29 13:41:01,255 INFO c.h.h.t.HelmChartContainer - [hivemq-test-hivemq-platform] [hivemq-platform-operator] [126d9664] 13:41:01.254 [ReconcilerExecutor-hivemq-controller-132] DEBUG c.h.p.o.HiveMQPlatformReconciler - [helmupgr] StatefulSet Spec (replicas: 1, init containers: 1, containers: 1, volumes: 4)
2025-01-29 13:41:01,256 INFO c.h.h.t.HelmChartContainer - [hivemq-test-hivemq-platform] [hivemq-platform-operator] [126d9664] 13:41:01.256 [ReconcilerExecutor-hivemq-controller-132] DEBUG c.h.p.o.h.HiveMQPlatformReconcilerErrorHandler - [helmupgr] Pod 'test-hivemq-platform-0' phase Running
2025-01-29 13:41:01,257 INFO c.h.h.t.HelmChartContainer - [hivemq-test-hivemq-platform] [hivemq-platform-operator] [126d9664] 13:41:01.257 [ReconcilerExecutor-hivemq-controller-132] INFO  c.h.p.o.h.HiveMQPlatformReconcilerRestartExtensionsHandler - [helmupgr] Successfully updated extensions on all Pods
2025-01-29 13:41:01,268 INFO c.h.h.t.HelmChartContainer - [hivemq-test-hivemq-platform] [hivemq-platform-operator] [126d9664] 13:41:01.267 [ReconcilerExecutor-hivemq-controller-132] DEBUG c.h.p.operator.event.EventSender - [helmupgr] Updating K8s event hivemq-platform-ready: [Ready] HiveMQ Platform is ready
2025-01-29 13:41:01,269 INFO c.h.h.t.HelmChartContainer - [hivemq-test-hivemq-platform] [hivemq-platform-operator] [126d9664] 13:41:01.267 [ReconcilerExecutor-hivemq-controller-132] INFO  c.h.p.o.h.AbstractHiveMQReconcilerStateHandler - [helmupgr] Update HiveMQ Platform Status (RESTART_EXTENSIONS [WAIT_FOR_EXTENSION_RESTART] -> RUNNING [READY]): HiveMQ Platform is ready
2025-01-29 13:41:01,269 INFO c.h.h.t.HelmChartContainer - [EVENT] Normal [Ready] HiveMQ Platform is ready [helmupgradeextensionit:test-hivemq-platform]
2025-01-29 13:41:01,337 DEBUG com.hivemq.helmcharts.util.K8sUtil - Comparing actual state 'RUNNING' and waiting for 'RUNNING'
2025-01-29 13:41:07,348 INFO c.h.h.t.HelmChartContainer - Uninstalling release 'test-hivemq-platform' in namespace 'helmupgradeextensionit'...
2025-01-29 13:41:07,348 DEBUG c.h.h.t.HelmChartContainer - Executing helm command: /bin/helm --kubeconfig /etc/rancher/k3s/k3s.yaml uninstall test-hivemq-platform  --wait --timeout 5m0s --cascade foreground --namespace helmupgradeextensionit
2025-01-29 13:41:07,559 INFO c.h.h.t.HelmChartContainer - [hivemq-test-hivemq-platform] [hivemq-platform-operator] [126d9664] 13:41:07.544 [pool-6-thread-36] DEBUG c.h.p.o.d.PlatformServiceResource - [helmupgr] Desired Platform services (3 services)
2025-01-29 13:41:07,559 INFO c.h.h.t.HelmChartContainer - [hivemq-test-hivemq-platform] [hivemq-platform-operator] [126d9664] 13:41:07.545 [pool-6-thread-37] DEBUG c.h.p.o.dependants.PodInfoConfigMap - [helmupgr] Desired PodInfo ConfigMap (1 extensions) (0 enabled)
2025-01-29 13:41:07,560 INFO c.h.h.t.HelmChartContainer - [hivemq-test-hivemq-platform] [hivemq-platform-operator] [126d9664] 13:41:07.545 [pool-6-thread-37] DEBUG c.h.p.o.dependants.PodInfoConfigMap - [helmupgr] Desired PodInfo ConfigMap (metrics port: 9399) (metrics path: /)
2025-01-29 13:41:07,560 INFO c.h.h.t.HelmChartContainer - [hivemq-test-hivemq-platform] [hivemq-platform-operator] [126d9664] 13:41:07.545 [pool-6-thread-37] DEBUG c.h.p.o.dependants.PodInfoConfigMap - [helmupgr] Desired PodInfo ConfigMap (extension state hash: -1493170518)
2025-01-29 13:41:07,560 INFO c.h.h.t.HelmChartContainer - [hivemq-test-hivemq-platform] [hivemq-platform-operator] [126d9664] 13:41:07.545 [pool-6-thread-37] DEBUG c.h.p.o.dependants.PodInfoConfigMap - [helmupgr] Update PodInfo ConfigMap
2025-01-29 13:41:07,560 INFO c.h.h.t.HelmChartContainer - [hivemq-test-hivemq-platform] [hivemq-platform-operator] [126d9664] 13:41:07.545 [pool-6-thread-31] DEBUG c.h.p.o.d.PodServiceAccountResource - [helmupgr] Desired PodServiceAccountResource (serviceAccountName: hivemq-platform-pod-test-hivemq-platform)
2025-01-29 13:41:07,570 INFO c.h.h.t.HelmChartContainer - [hivemq-test-hivemq-platform] [hivemq-platform-operator] [126d9664] 13:41:07.568 [pool-6-thread-37] DEBUG c.h.p.o.d.StatefulSetResource - [helmupgr] Desired StatefulSet (1 replicas) for status RUNNING (READY)
2025-01-29 13:41:07,578 INFO c.h.h.t.HelmChartContainer - [hivemq-test-hivemq-platform] [hivemq-platform-operator] [126d9664] 13:41:07.569 [pool-6-thread-37] DEBUG c.h.p.o.u.VolumeAndVolumeMountUtil - [helmupgr] Creating volume mount for available ConfigMap 'test-bridge-configuration' of disabled extension 'hivemq-bridge-extension'
2025-01-29 13:41:07,624 INFO c.h.h.t.HelmChartContainer - [hivemq-test-hivemq-platform] [hivemq-platform-operator] [126d9664] 13:41:07.622 [ReconcilerExecutor-hivemq-controller-134] INFO  c.h.p.o.HiveMQPlatformReconciler - [helmupgr] Reconciling HiveMQ Platform 'test-hivemq-platform' in namespace 'helmupgradeextensionit'
2025-01-29 13:41:07,625 INFO c.h.h.t.HelmChartContainer - [hivemq-test-hivemq-platform] [hivemq-platform-operator] [126d9664] 13:41:07.623 [ReconcilerExecutor-hivemq-controller-134] DEBUG c.h.p.o.HiveMQPlatformReconciler - [helmupgr] Custom Resource Status RUNNING - HiveMQ Platform is ready (READY)
2025-01-29 13:41:07,625 INFO c.h.h.t.HelmChartContainer - [hivemq-test-hivemq-platform] [hivemq-platform-operator] [126d9664] 13:41:07.623 [ReconcilerExecutor-hivemq-controller-134] DEBUG c.h.p.o.HiveMQPlatformReconciler - [helmupgr] Custom Resource Spec (replicas: 1) (extensions: 1)
2025-01-29 13:41:07,627 INFO c.h.h.t.HelmChartContainer - [hivemq-test-hivemq-platform] [hivemq-platform-operator] [126d9664] 13:41:07.625 [ReconcilerExecutor-hivemq-controller-134] DEBUG c.h.p.o.HiveMQPlatformReconciler - [helmupgr] StatefulSet Status (revision: test-hivemq-platform-5b6c7575b6, replicas: 1, available: 1, ready: 1, current: 1, updated: 1)
2025-01-29 13:41:07,627 INFO c.h.h.t.HelmChartContainer - [hivemq-test-hivemq-platform] [hivemq-platform-operator] [126d9664] 13:41:07.625 [ReconcilerExecutor-hivemq-controller-134] DEBUG c.h.p.o.HiveMQPlatformReconciler - [helmupgr] StatefulSet Spec (replicas: 1, init containers: 1, containers: 1, volumes: 4)
2025-01-29 13:41:07,629 INFO c.h.h.t.HelmChartContainer - [hivemq-test-hivemq-platform] [hivemq-platform-operator] [126d9664] 13:41:07.627 [ReconcilerExecutor-hivemq-controller-134] DEBUG c.h.p.o.h.HiveMQPlatformReconcilerErrorHandler - [helmupgr] Pod 'test-hivemq-platform-0' phase Running
2025-01-29 13:41:07,635 INFO c.h.h.t.HelmChartContainer - [hivemq-test-hivemq-platform] [hivemq-platform-operator] [126d9664] 13:41:07.634 [ReconcilerExecutor-hivemq-controller-143] INFO  c.h.p.o.HiveMQPlatformReconciler - [helmupgr] Cleanup test-hivemq-platform - helmupgradeextensionit HiveMQ Platform is shut down
2025-01-29 13:41:08,330 INFO c.h.h.t.HelmChartContainer - [POD] test-hivemq-platform-0 [c219b6e0-0205-4720-9c5e-a911556d9fd5] in helmupgradeextensionit was MODIFIED
2025-01-29 13:41:08,340 INFO c.h.h.t.HelmChartContainer - [EVENT] Normal [Killing] Stopping container hivemq [helmupgradeextensionit:test-hivemq-platform-0]
2025-01-29 13:41:08,340 INFO c.h.h.t.HelmChartContainer - Received Killing event for container hivemq in pod test-hivemq-platform-0 [c219b6e0-0205-4720-9c5e-a911556d9fd5]
2025-01-29 13:41:08,340 INFO c.h.h.t.HelmChartContainer - Container [test-hivemq-platform-0] [hivemq] [c219b6e0-0205-4720-9c5e-a911556d9fd5] was terminated
2025-01-29 13:41:08,342 INFO c.h.h.t.HelmChartContainer - Stopped log watcher for hivemq in pod test-hivemq-platform-0 [c219b6e0-0205-4720-9c5e-a911556d9fd5]
2025-01-29 13:41:08,342 INFO c.h.h.t.HelmChartContainer - [test-hivemq-platform] [hivemq] [c219b6e0] INFO  - [HiveMQ Platform Operator Init App 1.7.0-SNAPSHOT] Shutting down
2025-01-29 13:41:08,342 INFO c.h.h.t.HelmChartContainer - [test-hivemq-platform] [hivemq] [c219b6e0] INFO  - [HiveMQ Platform Operator Init App 1.7.0-SNAPSHOT] Stopping the HiveMQ Platform
2025-01-29 13:41:08,435 INFO c.h.h.t.HelmChartContainer - [test-hivemq-platform] [hivemq] [c219b6e0] INFO  - Shutting down HiveMQ. Please wait, this could take a while...
2025-01-29 13:41:08,517 INFO c.h.h.t.HelmChartContainer - [test-hivemq-platform] [hivemq] [c219b6e0] INFO  - Shutting down listeners and clients
2025-01-29 13:41:08,517 INFO c.h.h.t.HelmChartContainer - [test-hivemq-platform] [hivemq] [c219b6e0] INFO  - Shutdown of listeners is done
2025-01-29 13:41:08,517 INFO c.h.h.t.HelmChartContainer - [test-hivemq-platform] [hivemq] [c219b6e0] INFO  - No clients are connected, proceeding with shutdown
2025-01-29 13:41:08,672 INFO c.h.h.t.HelmChartContainer - [K3S] [authentication.go:74] "Unable to authenticate the request" err="[invalid bearer token, serviceaccounts \"hivemq-platform-pod-test-hivemq-platform\" not found]"
2025-01-29 13:41:08,693 INFO c.h.h.t.HelmChartContainer - [K3S] [authentication.go:74] "Unable to authenticate the request" err="[invalid bearer token, serviceaccounts \"hivemq-platform-pod-test-hivemq-platform\" not found]"
2025-01-29 13:41:08,773 INFO c.h.h.t.HelmChartContainer - [test-hivemq-platform] [hivemq] [c219b6e0] WARN  - [HiveMQ Platform Operator Init App 1.7.0-SNAPSHOT] Could not update Pod annotations: Failure executing: GET at: https://10.43.0.1:443/api/v1/namespaces/helmupgradeextensionit/pods/test-hivemq-platform-0. Message: Unauthorized. Received status: Status(apiVersion=v1, code=401, details=null, kind=Status, message=Unauthorized, metadata=ListMeta(_continue=null, remainingItemCount=null, resourceVersion=null, selfLink=null, additionalProperties={}), reason=Unauthorized, status=Failure, additionalProperties={}).
2025-01-29 13:41:09,637 INFO c.h.h.t.HelmChartContainer - Deleting namespace 'helmupgradeextensionit'...
2025-01-29 13:41:10,929 INFO c.h.h.t.HelmChartContainer - [test-hivemq-platform] [hivemq] [c219b6e0] INFO  - Shutting down extension system
2025-01-29 13:41:10,935 INFO c.h.h.t.HelmChartContainer - [test-hivemq-platform] [hivemq] [c219b6e0] INFO  - Stopping extension with id hivemq-dns-cluster-discovery
2025-01-29 13:41:10,936 INFO c.h.h.t.HelmChartContainer - [test-hivemq-platform] [hivemq] [c219b6e0] INFO  - Extension "DNS Cluster Discovery Extension" version 4.3.2 stopped successfully.
2025-01-29 13:41:10,936 INFO c.h.h.t.HelmChartContainer - [test-hivemq-platform] [hivemq] [c219b6e0] INFO  - Stopping extension with id hivemq-prometheus-extension
2025-01-29 13:41:10,940 INFO c.h.h.t.HelmChartContainer - [test-hivemq-platform] [hivemq] [c219b6e0] INFO  - Extension "Prometheus Monitoring Extension" version 4.0.12 stopped successfully.
2025-01-29 13:41:10,940 INFO c.h.h.t.HelmChartContainer - [test-hivemq-platform] [hivemq] [c219b6e0] INFO  - Stopping extension with id hivemq-allow-all-extension
2025-01-29 13:41:10,940 INFO c.h.h.t.HelmChartContainer - [test-hivemq-platform] [hivemq] [c219b6e0] INFO  - Extension "Allow All Extension" version 1.1.1 stopped successfully.
2025-01-29 13:41:13,071 INFO c.h.h.t.HelmChartContainer - [test-hivemq-platform] [hivemq] [c219b6e0] INFO  - [HiveMQ Platform Operator Init App 1.7.0-SNAPSHOT] Returning shutdown Health API response 503 for readiness
2025-01-29 13:41:13,076 INFO c.h.h.t.HelmChartContainer - [EVENT] Warning [Unhealthy] Readiness probe failed: HTTP probe failed with statuscode: 503 [helmupgradeextensionit:test-hivemq-platform-0]
2025-01-29 13:41:13,076 INFO c.h.h.t.HelmChartContainer - Received Unhealthy event for container hivemq in pod test-hivemq-platform-0 [c219b6e0-0205-4720-9c5e-a911556d9fd5]
2025-01-29 13:41:13,218 INFO c.h.h.t.HelmChartContainer - [test-hivemq-platform] [hivemq] [c219b6e0] INFO  - Shutdown completed.
2025-01-29 13:41:13,580 INFO c.h.h.t.HelmChartContainer - [test-hivemq-platform] [hivemq] [c219b6e0] INFO  - [HiveMQ Platform Operator Init App 1.7.0-SNAPSHOT] The HiveMQ Platform exited with code 143
2025-01-29 13:41:13,580 INFO c.h.h.t.HelmChartContainer - [test-hivemq-platform] [hivemq] [c219b6e0] INFO  - [HiveMQ Platform Operator Init App 1.7.0-SNAPSHOT] Stopping the REST API
2025-01-29 13:41:13,617 INFO c.h.h.t.HelmChartContainer - [test-hivemq-platform] [hivemq] [c219b6e0] INFO  - [HiveMQ Platform Operator Init App 1.7.0-SNAPSHOT] Shutdown complete
2025-01-29 13:41:14,066 INFO c.h.h.t.HelmChartContainer - [POD] test-hivemq-platform-0 [c219b6e0-0205-4720-9c5e-a911556d9fd5] in helmupgradeextensionit was MODIFIED
2025-01-29 13:41:14,066 INFO c.h.h.t.HelmChartContainer - [K3S] [stateful_set.go:438] "Unhandled Error" err="error syncing StatefulSet helmupgradeextensionit/test-hivemq-platform, requeuing: controllerrevisions.apps \"test-hivemq-platform-5b6c7575b6\" is forbidden: unable to create new content in namespace helmupgradeextensionit because it is being terminated"
2025-01-29 13:41:14,075 INFO c.h.h.t.HelmChartContainer - [K3S] [stateful_set.go:438] "Unhandled Error" err="error syncing StatefulSet helmupgradeextensionit/test-hivemq-platform, requeuing: controllerrevisions.apps \"test-hivemq-platform-5b6c7575b6\" is forbidden: unable to create new content in namespace helmupgradeextensionit because it is being terminated"
2025-01-29 13:41:14,089 INFO c.h.h.t.HelmChartContainer - [K3S] [stateful_set.go:438] "Unhandled Error" err="error syncing StatefulSet helmupgradeextensionit/test-hivemq-platform, requeuing: controllerrevisions.apps \"test-hivemq-platform-5b6c7575b6\" is forbidden: unable to create new content in namespace helmupgradeextensionit because it is being terminated"
2025-01-29 13:41:14,112 INFO c.h.h.t.HelmChartContainer - [K3S] [stateful_set.go:438] "Unhandled Error" err="error syncing StatefulSet helmupgradeextensionit/test-hivemq-platform, requeuing: controllerrevisions.apps \"test-hivemq-platform-5b6c7575b6\" is forbidden: unable to create new content in namespace helmupgradeextensionit because it is being terminated"
2025-01-29 13:41:14,147 INFO c.h.h.t.HelmChartContainer - [K3S] [reconciler_common.go:162] "operationExecutor.UnmountVolume started for volume \"pod-info\" (UniqueName: \"kubernetes.io/configmap/c219b6e0-0205-4720-9c5e-a911556d9fd5-pod-info\") pod \"c219b6e0-0205-4720-9c5e-a911556d9fd5\" (UID: \"c219b6e0-0205-4720-9c5e-a911556d9fd5\") "
2025-01-29 13:41:14,147 INFO c.h.h.t.HelmChartContainer - [K3S] [reconciler_common.go:162] "operationExecutor.UnmountVolume started for volume \"broker-configuration\" (UniqueName: \"kubernetes.io/configmap/c219b6e0-0205-4720-9c5e-a911556d9fd5-broker-configuration\") pod \"c219b6e0-0205-4720-9c5e-a911556d9fd5\" (UID: \"c219b6e0-0205-4720-9c5e-a911556d9fd5\") "
2025-01-29 13:41:14,148 INFO c.h.h.t.HelmChartContainer - [K3S] [reconciler_common.go:162] "operationExecutor.UnmountVolume started for volume \"kube-api-access-5zkgm\" (UniqueName: \"kubernetes.io/projected/c219b6e0-0205-4720-9c5e-a911556d9fd5-kube-api-access-5zkgm\") pod \"c219b6e0-0205-4720-9c5e-a911556d9fd5\" (UID: \"c219b6e0-0205-4720-9c5e-a911556d9fd5\") "
2025-01-29 13:41:14,148 INFO c.h.h.t.HelmChartContainer - [K3S] [reconciler_common.go:162] "operationExecutor.UnmountVolume started for volume \"extension-configuration-hivemq-bridge-extension\" (UniqueName: \"kubernetes.io/configmap/c219b6e0-0205-4720-9c5e-a911556d9fd5-extension-configuration-hivemq-bridge-extension\") pod \"c219b6e0-0205-4720-9c5e-a911556d9fd5\" (UID: \"c219b6e0-0205-4720-9c5e-a911556d9fd5\") "
2025-01-29 13:41:14,148 INFO c.h.h.t.HelmChartContainer - [K3S] [reconciler_common.go:162] "operationExecutor.UnmountVolume started for volume \"operator-init\" (UniqueName: \"kubernetes.io/empty-dir/c219b6e0-0205-4720-9c5e-a911556d9fd5-operator-init\") pod \"c219b6e0-0205-4720-9c5e-a911556d9fd5\" (UID: \"c219b6e0-0205-4720-9c5e-a911556d9fd5\") "
2025-01-29 13:41:14,155 INFO c.h.h.t.HelmChartContainer - [K3S] [stateful_set.go:438] "Unhandled Error" err="error syncing StatefulSet helmupgradeextensionit/test-hivemq-platform, requeuing: controllerrevisions.apps \"test-hivemq-platform-5b6c7575b6\" is forbidden: unable to create new content in namespace helmupgradeextensionit because it is being terminated"
2025-01-29 13:41:14,239 INFO c.h.h.t.HelmChartContainer - [K3S] [stateful_set.go:438] "Unhandled Error" err="error syncing StatefulSet helmupgradeextensionit/test-hivemq-platform, requeuing: controllerrevisions.apps \"test-hivemq-platform-5b6c7575b6\" is forbidden: unable to create new content in namespace helmupgradeextensionit because it is being terminated"
2025-01-29 13:41:14,248 INFO c.h.h.t.HelmChartContainer - [K3S] [reconciler_common.go:299] "Volume detached for volume \"pod-info\" (UniqueName: \"kubernetes.io/configmap/c219b6e0-0205-4720-9c5e-a911556d9fd5-pod-info\") on node \"41e0b4b2959d\" DevicePath \"\""
2025-01-29 13:41:14,248 INFO c.h.h.t.HelmChartContainer - [K3S] [reconciler_common.go:299] "Volume detached for volume \"broker-configuration\" (UniqueName: \"kubernetes.io/configmap/c219b6e0-0205-4720-9c5e-a911556d9fd5-broker-configuration\") on node \"41e0b4b2959d\" DevicePath \"\""
2025-01-29 13:41:14,248 INFO c.h.h.t.HelmChartContainer - [K3S] [reconciler_common.go:299] "Volume detached for volume \"kube-api-access-5zkgm\" (UniqueName: \"kubernetes.io/projected/c219b6e0-0205-4720-9c5e-a911556d9fd5-kube-api-access-5zkgm\") on node \"41e0b4b2959d\" DevicePath \"\""
2025-01-29 13:41:14,249 INFO c.h.h.t.HelmChartContainer - [K3S] [reconciler_common.go:299] "Volume detached for volume \"extension-configuration-hivemq-bridge-extension\" (UniqueName: \"kubernetes.io/configmap/c219b6e0-0205-4720-9c5e-a911556d9fd5-extension-configuration-hivemq-bridge-extension\") on node \"41e0b4b2959d\" DevicePath \"\""
2025-01-29 13:41:14,249 INFO c.h.h.t.HelmChartContainer - [K3S] [reconciler_common.go:299] "Volume detached for volume \"operator-init\" (UniqueName: \"kubernetes.io/empty-dir/c219b6e0-0205-4720-9c5e-a911556d9fd5-operator-init\") on node \"41e0b4b2959d\" DevicePath \"\""
2025-01-29 13:41:14,403 INFO c.h.h.t.HelmChartContainer - [K3S] [stateful_set.go:438] "Unhandled Error" err="error syncing StatefulSet helmupgradeextensionit/test-hivemq-platform, requeuing: controllerrevisions.apps \"test-hivemq-platform-5b6c7575b6\" is forbidden: unable to create new content in namespace helmupgradeextensionit because it is being terminated"
2025-01-29 13:41:14,725 INFO c.h.h.t.HelmChartContainer - [K3S] [stateful_set.go:438] "Unhandled Error" err="error syncing StatefulSet helmupgradeextensionit/test-hivemq-platform, requeuing: controllerrevisions.apps \"test-hivemq-platform-5b6c7575b6\" is forbidden: unable to create new content in namespace helmupgradeextensionit because it is being terminated"
2025-01-29 13:41:14,777 INFO c.h.h.t.HelmChartContainer - [K3S] [stateful_set.go:466] "StatefulSet has been deleted" key="helmupgradeextensionit/test-hivemq-platform"
2025-01-29 13:41:14,785 INFO c.h.h.t.HelmChartContainer - [K3S] [namespace_controller.go:164] "Unhandled Error" err="deletion of namespace helmupgradeextensionit failed: unexpected items still remain in namespace: helmupgradeextensionit for gvr: /v1, Resource=pods"
2025-01-29 13:41:14,804 INFO c.h.h.t.HelmChartContainer - [K3S] [scope.go:117] "RemoveContainer" containerID="ee4cd3b7b6e51c4556e201070eb902df718e14d16f5ef33fc2b27d3a12e578b1"
2025-01-29 13:41:14,822 INFO c.h.h.t.HelmChartContainer - [POD] test-hivemq-platform-0 [c219b6e0-0205-4720-9c5e-a911556d9fd5] in helmupgradeextensionit was MODIFIED
2025-01-29 13:41:14,824 INFO c.h.h.t.HelmChartContainer - [POD] test-hivemq-platform-0 [c219b6e0-0205-4720-9c5e-a911556d9fd5] in helmupgradeextensionit was DELETED
2025-01-29 13:41:14,922 INFO c.h.h.t.HelmChartContainer - [K3S] [scope.go:117] "RemoveContainer" containerID="a619ca093bb4ca461c3a686653d54b9a8c2107e860311ac6673237defc50c17d"
2025-01-29 13:41:14,925 INFO c.h.h.t.HelmChartContainer - [K3S] [scope.go:117] "RemoveContainer" containerID="ee4cd3b7b6e51c4556e201070eb902df718e14d16f5ef33fc2b27d3a12e578b1"
2025-01-29 13:41:14,926 INFO c.h.h.t.HelmChartContainer - [K3S] [scope.go:117] "RemoveContainer" containerID="a619ca093bb4ca461c3a686653d54b9a8c2107e860311ac6673237defc50c17d"
2025-01-29 13:41:14,969 INFO c.h.h.t.HelmChartContainer - Namespace 'helmupgradeextensionit' deleted
2025-01-29 13:41:14,969 INFO c.h.h.t.HelmChartContainer - Release 'test-hivemq-platform' in namespace 'helmupgradeextensionit' is uninstalled
2025-01-29 13:41:14,969 INFO c.h.h.t.HelmChartContainer - Uninstalling release 'test-hivemq-platform-operator' in namespace 'helmupgradeextensionit-operator'...
2025-01-29 13:41:14,969 DEBUG c.h.h.t.HelmChartContainer - Executing helm command: /bin/helm --kubeconfig /etc/rancher/k3s/k3s.yaml uninstall test-hivemq-platform-operator  --wait --timeout 5m0s --cascade foreground --namespace helmupgradeextensionit-operator
2025-01-29 13:41:15,146 INFO c.h.h.t.HelmChartContainer - [K3S] [replica_set.go:679] "Finished syncing" kind="ReplicaSet" key="helmupgradeextensionit-operator/hivemq-test-hivemq-platform-operator-6966f96d65" duration="7.907106ms"
2025-01-29 13:41:15,148 INFO c.h.h.t.HelmChartContainer - [K3S] [replica_set.go:679] "Finished syncing" kind="ReplicaSet" key="helmupgradeextensionit-operator/hivemq-test-hivemq-platform-operator-6966f96d65" duration="36.678µs"
2025-01-29 13:41:15,160 INFO c.h.h.t.HelmChartContainer - [POD] hivemq-test-hivemq-platform-operator-6966f96d65-ld2l4 [126d9664-ab75-4d6b-9ebf-91a6a751a43c] in helmupgradeextensionit-operator was MODIFIED
2025-01-29 13:41:15,166 INFO c.h.h.t.HelmChartContainer - [EVENT] Normal [Killing] Stopping container hivemq-platform-operator [helmupgradeextensionit-operator:hivemq-test-hivemq-platform-operator-6966f96d65-ld2l4]
2025-01-29 13:41:15,166 INFO c.h.h.t.HelmChartContainer - Received Killing event for container hivemq-platform-operator in pod hivemq-test-hivemq-platform-operator-6966f96d65-ld2l4 [126d9664-ab75-4d6b-9ebf-91a6a751a43c]
2025-01-29 13:41:15,166 INFO c.h.h.t.HelmChartContainer - Container [hivemq-test-hivemq-platform-operator-6966f96d65-ld2l4] [hivemq-platform-operator] [126d9664-ab75-4d6b-9ebf-91a6a751a43c] was terminated
2025-01-29 13:41:15,166 INFO c.h.h.t.HelmChartContainer - Stopped log watcher for hivemq-platform-operator in pod hivemq-test-hivemq-platform-operator-6966f96d65-ld2l4 [126d9664-ab75-4d6b-9ebf-91a6a751a43c]
2025-01-29 13:41:15,169 INFO c.h.h.t.HelmChartContainer - [hivemq-test-hivemq-platform] [hivemq-platform-operator] [126d9664] 13:41:15.167 [application-shutdown-thread] INFO  c.h.p.o.HiveMQPlatformOperatorApplication - HiveMQ Platform Operator is stopping...
2025-01-29 13:41:15,169 INFO c.h.h.t.HelmChartContainer - [hivemq-test-hivemq-platform] [hivemq-platform-operator] [126d9664] 13:41:15.167 [application-shutdown-thread] INFO  i.javaoperatorsdk.operator.Operator - Operator SDK 4.9.7 is shutting down...
2025-01-29 13:41:15,170 INFO c.h.h.t.HelmChartContainer - [K3S] [replica_set.go:679] "Finished syncing" kind="ReplicaSet" key="helmupgradeextensionit-operator/hivemq-test-hivemq-platform-operator-6966f96d65" duration="15.739075ms"
2025-01-29 13:41:15,172 INFO c.h.h.t.HelmChartContainer - [K3S] [replica_set.go:679] "Finished syncing" kind="ReplicaSet" key="helmupgradeextensionit-operator/hivemq-test-hivemq-platform-operator-6966f96d65" duration="37.921µs"
2025-01-29 13:41:15,367 INFO c.h.h.t.HelmChartContainer - [K3S] [stateful_set.go:466] "StatefulSet has been deleted" key="helmupgradeextensionit/test-hivemq-platform"
2025-01-29 13:41:15,437 INFO c.h.h.t.HelmChartContainer - [K3S] [kubelet_volumes.go:163] "Cleaned up orphaned pod volumes dir" podUID="c219b6e0-0205-4720-9c5e-a911556d9fd5" path="/var/lib/kubelet/pods/c219b6e0-0205-4720-9c5e-a911556d9fd5/volumes"
2025-01-29 13:41:15,511 INFO c.h.h.t.HelmChartContainer - [EVENT] Warning [Unhealthy] Readiness probe failed: Get "http://10.42.0.5:8080/health/readiness": dial tcp 10.42.0.5:8080: connect: connection refused [helmupgradeextensionit-operator:hivemq-test-hivemq-platform-operator-6966f96d65-ld2l4]
2025-01-29 13:41:15,512 INFO c.h.h.t.HelmChartContainer - Received Unhealthy event for container hivemq-platform-operator in pod hivemq-test-hivemq-platform-operator-6966f96d65-ld2l4 [126d9664-ab75-4d6b-9ebf-91a6a751a43c]
2025-01-29 13:41:15,686 INFO c.h.h.t.HelmChartContainer - [K3S] [replica_set.go:679] "Finished syncing" kind="ReplicaSet" key="helmupgradeextensionit-operator/hivemq-test-hivemq-platform-operator-6966f96d65" duration="37.61µs"
2025-01-29 13:41:15,687 INFO c.h.h.t.HelmChartContainer - [POD] hivemq-test-hivemq-platform-operator-6966f96d65-ld2l4 [126d9664-ab75-4d6b-9ebf-91a6a751a43c] in helmupgradeextensionit-operator was MODIFIED
2025-01-29 13:41:15,756 INFO c.h.h.t.HelmChartContainer - [K3S] [reconciler_common.go:162] "operationExecutor.UnmountVolume started for volume \"kube-api-access-p2stv\" (UniqueName: \"kubernetes.io/projected/126d9664-ab75-4d6b-9ebf-91a6a751a43c-kube-api-access-p2stv\") pod \"126d9664-ab75-4d6b-9ebf-91a6a751a43c\" (UID: \"126d9664-ab75-4d6b-9ebf-91a6a751a43c\") "
2025-01-29 13:41:15,807 INFO c.h.h.t.HelmChartContainer - [K3S] [scope.go:117] "RemoveContainer" containerID="0881f468e9207593d29b0732693f9101312b8ce31ed47fa5364df69ff514760a"
2025-01-29 13:41:15,809 INFO c.h.h.t.HelmChartContainer - [K3S] [scope.go:117] "RemoveContainer" containerID="0881f468e9207593d29b0732693f9101312b8ce31ed47fa5364df69ff514760a"
2025-01-29 13:41:15,818 INFO c.h.h.t.HelmChartContainer - [K3S] [replica_set.go:679] "Finished syncing" kind="ReplicaSet" key="helmupgradeextensionit-operator/hivemq-test-hivemq-platform-operator-6966f96d65" duration="44.654µs"
2025-01-29 13:41:15,819 INFO c.h.h.t.HelmChartContainer - [POD] hivemq-test-hivemq-platform-operator-6966f96d65-ld2l4 [126d9664-ab75-4d6b-9ebf-91a6a751a43c] in helmupgradeextensionit-operator was MODIFIED
2025-01-29 13:41:15,828 INFO c.h.h.t.HelmChartContainer - [POD] hivemq-test-hivemq-platform-operator-6966f96d65-ld2l4 [126d9664-ab75-4d6b-9ebf-91a6a751a43c] in helmupgradeextensionit-operator was DELETED
2025-01-29 13:41:15,828 INFO c.h.h.t.HelmChartContainer - [K3S] [replica_set.go:679] "Finished syncing" kind="ReplicaSet" key="helmupgradeextensionit-operator/hivemq-test-hivemq-platform-operator-6966f96d65" duration="33.743µs"
2025-01-29 13:41:15,839 INFO c.h.h.t.HelmChartContainer - [K3S] [replica_set.go:679] "Finished syncing" kind="ReplicaSet" key="helmupgradeextensionit-operator/hivemq-test-hivemq-platform-operator-6966f96d65" duration="6.422µs"
2025-01-29 13:41:15,856 INFO c.h.h.t.HelmChartContainer - [K3S] [reconciler_common.go:299] "Volume detached for volume \"kube-api-access-p2stv\" (UniqueName: \"kubernetes.io/projected/126d9664-ab75-4d6b-9ebf-91a6a751a43c-kube-api-access-p2stv\") on node \"41e0b4b2959d\" DevicePath \"\""
2025-01-29 13:41:17,196 INFO c.h.h.t.HelmChartContainer - Deleting namespace 'helmupgradeextensionit-operator'...
2025-01-29 13:41:17,437 INFO c.h.h.t.HelmChartContainer - [K3S] [kubelet_volumes.go:163] "Cleaned up orphaned pod volumes dir" podUID="126d9664-ab75-4d6b-9ebf-91a6a751a43c" path="/var/lib/kubelet/pods/126d9664-ab75-4d6b-9ebf-91a6a751a43c/volumes"
2025-01-29 13:41:19,961 INFO c.h.h.t.HelmChartContainer - [K3S] [namespace_controller.go:187] "Namespace has been deleted" namespace="helmupgradeextensionit"
2025-01-29 13:41:22,413 INFO c.h.h.t.HelmChartContainer - Namespace 'helmupgradeextensionit-operator' deleted
2025-01-29 13:41:22,413 INFO c.h.h.t.HelmChartContainer - Release 'test-hivemq-platform-operator' in namespace 'helmupgradeextensionit-operator' is uninstalled
2025-01-29 13:41:23,151 INFO c.h.helmcharts.AbstractHelmChartIT - Removed unused containers:

2025-01-29 13:41:27,327 INFO c.h.h.t.HelmChartContainer - [K3S] [namespace_controller.go:187] "Namespace has been deleted" namespace="helmupgradeextensionit-operator"
2025-01-29 13:41:30,974 INFO c.h.helmcharts.AbstractHelmChartIT - Removed unused snapshots:
Removing snapshot sha256:03af251906410714c5aef9fa705b63f6bbc39c4a5e787de7361eeb18886c2ed2
Removing snapshot sha256:0c46b3b43cce082ce5ec34ffc6c294e0417d17b9d1e6f366d114b6aadc4f96dc
Removing snapshot sha256:0ce761beee59082d6ed5bcebd3a805b8ddd9b3426b617e4809e7fb7c6587ffec
Removing snapshot sha256:0df91287303208332c8ff6ba40ae4710105201739addbfbddfb955f1ad593664
Removing snapshot sha256:1021ef88c7974bfff89c5a0ec4fd3160daac6c48a075f74cff721f85dd104e68
Removing snapshot sha256:10aba4953ddc18145dd38e3704709bc464aa20af60b56fe52caaff4b68411e62
Removing snapshot sha256:2573e0d8158209ed54ab25c87bcdcb00bd3d2539246960a3d592a1c599d70465
Removing snapshot sha256:362a8a37f8bbc31925a8146adcf7cf51f9882f5c1dcbef67c5baa03a297543c0
Removing snapshot sha256:3fa4ad33f0ddc8fd45b39b6b4640f82a3a83619606cd975bfe89d8710ad2d4cd
Removing snapshot sha256:43a7c979bbaba6838bc3102d6b10a1459f3ab050b87ccdfef84ef90cf43d3058
Removing snapshot sha256:4ab04491cdf0d3267f08206fe30bd48f49f94b9cab2f016d6739220f722a64af
Removing snapshot sha256:4b6068250e89c96f263060261819c7d912855bfbd64b3eb4c4a8483299b8c295
Removing snapshot sha256:580e69a0a8034ede1921139bbd2bfb72a69ebf276d008281896c32dd8bf74775
Removing snapshot sha256:5d30ba46b27fe37484567ccc5242cadc78217b8da605f3f195ef25cbf7487904
Removing snapshot sha256:601b10933b9bc0d8f22c69ecc8f68c8c9f6649d715cdc5ce58605d9d282544fa
Removing snapshot sha256:63ca1fbb43ae5034640e5e6cb3e083e05c290072c5366fcaa9d62435a4cced85
Removing snapshot sha256:67f702c6baae873bceb19487c8b1f27bd2b86077e4f2f0e480e6d60ab508b8f5
Removing snapshot sha256:6864348dd42806d552efdec384f1274be15e2d0c10ce44c1f04347af004c10a9
Removing snapshot sha256:6c7dee8f2c39b84b7dc2711c01d33de93514d9055499173e9290176fbe484b6c
Removing snapshot sha256:82753493a6d61ded36556292f02f31841a14c20d2f279f19eaad65afb661d5cd
Removing snapshot sha256:8a10d3db42c505ee0fcfa98417bdd7e39b304f6bcc0a06bb1b220797ff2cc63c
Removing snapshot sha256:a0904247e36a7726c03c71ee48f3e64462021c88dafeb13f37fdaf613b27f11c
Removing snapshot sha256:a21e5b12dbac529ad45d976eb9ce45c881f3bedcc500fb30aba1e52aa1813418
Removing snapshot sha256:adef7310132b199090334a0ea3ad41f0d0c7d7a3dd056940a7fb9b5a32740880
Removing snapshot sha256:b921e6c28969094157f9b8e7244677780319637afd14450b7cb6b2fdea558a0c
Removing snapshot sha256:bc27ecb5769a00e309cf99ebc763c4a4b958b618d1decc96ffac5bc05f02f5b7
Removing snapshot sha256:be3ccb6627a5332e309d45ef461d09b4879dd870c7394d89323d0ebc6ca6aa8a
Removing snapshot sha256:c261f7cbbc64211ee175ee47273acdb7b1a36a4450b397a064a8f2c026490095
Removing snapshot sha256:c34d9393647eea0c9e3557ab988efaf59f61d10a2a5613b439ef0958cca5ec10
Removing snapshot sha256:ccf3c4a0fa967a41c1c83497a2ce6fa5787965859df0adb32c4ca2cf7490bc2b
Removing snapshot sha256:cf92d33f869417309692088c341cd0f223c178ea78a125f757317b22aa8f90e9
Removing snapshot sha256:d0037344cf2fb078884f1849f6a1f8cf9a33a3b6139b6a85833e5ee528e1f9a8
Removing snapshot sha256:d3b36d5b79273b1e98e7700470eaeff05a882e777124d84cebcc1505b85ecb36
Removing snapshot sha256:d65a44a37914602d12c611e5e22a50f11451d847e63015cc1c2aef92dee777a4
Removing snapshot sha256:e2dc0bae2455930f23ae570e019b7f32edc75c0f2d71cab084db837ff9051796
Removing snapshot sha256:eccbd24a99c60cd9e86ee5305dbfc4a4dc89f5ab4fb1f06c8d64797cecedef34
Removing snapshot sha256:f144bb4c7c7f0d2aa7eeffd36d934ec40db1ee167be727e326aad9fdc616f475

]]></system-out>
  </testcase>
  <testcase name="withBridgeConfiguration_updateExtensionWithNewConfig()" classname="com.hivemq.helmcharts.extensions.HelmUpgradeExtensionIT" time="320.421">
    <system-out><![CDATA[2025-01-29 13:41:30,985 INFO c.h.h.t.HelmChartContainer - Creating namespace 'helmupgradeextensionit-operator'...
2025-01-29 13:41:30,990 INFO c.h.h.t.HelmChartContainer - Namespace 'helmupgradeextensionit-operator' created
2025-01-29 13:41:30,990 INFO c.h.h.t.HelmChartContainer - Creating namespace 'helmupgradeextensionit'...
2025-01-29 13:41:30,999 INFO c.h.h.t.HelmChartContainer - Namespace 'helmupgradeextensionit' created
2025-01-29 13:41:31,061 DEBUG c.h.h.t.HelmChartContainer - Executing helm command: /bin/helm --kubeconfig /etc/rancher/k3s/k3s.yaml install test-hivemq-platform-operator /charts/hivemq-platform-operator --wait --timeout 5m0s --set image.repository=docker.io/hivemq --set image.name=hivemq-platform-operator-test --set image.initImageName=hivemq-platform-operator-init-test --set image.tag=snapshot --set image.pullPolicy=Never --set logLevel=DEBUG --set resources.cpu=512m --namespace helmupgradeextensionit-operator
2025-01-29 13:41:31,378 INFO c.h.h.t.HelmChartContainer - [K3S] [alloc.go:330] "allocated clusterIPs" service="helmupgradeextensionit-operator/hivemq-platform-operator-test-hivemq-platform-operator" clusterIPs={"IPv4":"10.43.137.75"}
2025-01-29 13:41:31,399 INFO c.h.h.t.HelmChartContainer - [EVENT] Normal [ScalingReplicaSet] Scaled up replica set hivemq-test-hivemq-platform-operator-6966f96d65 from 0 to 1 [helmupgradeextensionit-operator:hivemq-test-hivemq-platform-operator]
2025-01-29 13:41:31,406 INFO c.h.h.t.HelmChartContainer - [POD] hivemq-test-hivemq-platform-operator-6966f96d65-kth6c [871bd395-4e2c-4674-8aab-2e1565d11b2c] in helmupgradeextensionit-operator was ADDED
2025-01-29 13:41:31,416 INFO c.h.h.t.HelmChartContainer - [EVENT] Normal [SuccessfulCreate] Created pod: hivemq-test-hivemq-platform-operator-6966f96d65-kth6c [helmupgradeextensionit-operator:hivemq-test-hivemq-platform-operator-6966f96d65]
2025-01-29 13:41:31,415 INFO c.h.h.t.HelmChartContainer - [POD] hivemq-test-hivemq-platform-operator-6966f96d65-kth6c [871bd395-4e2c-4674-8aab-2e1565d11b2c] in helmupgradeextensionit-operator was MODIFIED
2025-01-29 13:41:31,417 INFO c.h.h.t.HelmChartContainer - [K3S] [memory_manager.go:355] "RemoveStaleState removing state" podUID="126d9664-ab75-4d6b-9ebf-91a6a751a43c" containerName="hivemq-platform-operator"
2025-01-29 13:41:31,417 INFO c.h.h.t.HelmChartContainer - [K3S] [memory_manager.go:355] "RemoveStaleState removing state" podUID="c219b6e0-0205-4720-9c5e-a911556d9fd5" containerName="hivemq"
2025-01-29 13:41:31,418 INFO c.h.h.t.HelmChartContainer - [K3S] [replica_set.go:679] "Finished syncing" kind="ReplicaSet" key="helmupgradeextensionit-operator/hivemq-test-hivemq-platform-operator-6966f96d65" duration="26.142193ms"
2025-01-29 13:41:31,424 INFO c.h.h.t.HelmChartContainer - [EVENT] Normal [Scheduled] Successfully assigned helmupgradeextensionit-operator/hivemq-test-hivemq-platform-operator-6966f96d65-kth6c to 41e0b4b2959d [helmupgradeextensionit-operator:hivemq-test-hivemq-platform-operator-6966f96d65-kth6c]
2025-01-29 13:41:31,428 INFO c.h.h.t.HelmChartContainer - [K3S] [replica_set.go:679] "Finished syncing" kind="ReplicaSet" key="helmupgradeextensionit-operator/hivemq-test-hivemq-platform-operator-6966f96d65" duration="9.763428ms"
2025-01-29 13:41:31,436 INFO c.h.h.t.HelmChartContainer - [POD] hivemq-test-hivemq-platform-operator-6966f96d65-kth6c [871bd395-4e2c-4674-8aab-2e1565d11b2c] in helmupgradeextensionit-operator was MODIFIED
2025-01-29 13:41:31,444 INFO c.h.h.t.HelmChartContainer - [K3S] [replica_set.go:679] "Finished syncing" kind="ReplicaSet" key="helmupgradeextensionit-operator/hivemq-test-hivemq-platform-operator-6966f96d65" duration="17.099778ms"
2025-01-29 13:41:31,444 INFO c.h.h.t.HelmChartContainer - [K3S] [replica_set.go:679] "Finished syncing" kind="ReplicaSet" key="helmupgradeextensionit-operator/hivemq-test-hivemq-platform-operator-6966f96d65" duration="223.727µs"
2025-01-29 13:41:31,448 INFO c.h.h.t.HelmChartContainer - [K3S] [reconciler_common.go:251] "operationExecutor.VerifyControllerAttachedVolume started for volume \"kube-api-access-wshlz\" (UniqueName: \"kubernetes.io/projected/871bd395-4e2c-4674-8aab-2e1565d11b2c-kube-api-access-wshlz\") pod \"hivemq-test-hivemq-platform-operator-6966f96d65-kth6c\" (UID: \"871bd395-4e2c-4674-8aab-2e1565d11b2c\") " pod="helmupgradeextensionit-operator/hivemq-test-hivemq-platform-operator-6966f96d65-kth6c"
2025-01-29 13:41:31,820 INFO c.h.h.t.HelmChartContainer - [EVENT] Normal [Pulled] Container image "docker.io/hivemq/hivemq-platform-operator-test:snapshot" already present on machine [helmupgradeextensionit-operator:hivemq-test-hivemq-platform-operator-6966f96d65-kth6c]
2025-01-29 13:41:31,820 INFO c.h.h.t.HelmChartContainer - Received Pulled event for container hivemq-platform-operator in pod hivemq-test-hivemq-platform-operator-6966f96d65-kth6c [871bd395-4e2c-4674-8aab-2e1565d11b2c]
2025-01-29 13:41:33,168 INFO c.h.h.t.HelmChartContainer - [EVENT] Normal [Created] Created container: hivemq-platform-operator [helmupgradeextensionit-operator:hivemq-test-hivemq-platform-operator-6966f96d65-kth6c]
2025-01-29 13:41:33,168 INFO c.h.h.t.HelmChartContainer - Received Created event for container hivemq-platform-operator in pod hivemq-test-hivemq-platform-operator-6966f96d65-kth6c [871bd395-4e2c-4674-8aab-2e1565d11b2c]
2025-01-29 13:41:33,845 INFO c.h.h.t.HelmChartContainer - [K3S] [replica_set.go:679] "Finished syncing" kind="ReplicaSet" key="helmupgradeextensionit-operator/hivemq-test-hivemq-platform-operator-6966f96d65" duration="36.388µs"
2025-01-29 13:41:33,848 INFO c.h.h.t.HelmChartContainer - [POD] hivemq-test-hivemq-platform-operator-6966f96d65-kth6c [871bd395-4e2c-4674-8aab-2e1565d11b2c] in helmupgradeextensionit-operator was MODIFIED
2025-01-29 13:41:33,856 INFO c.h.h.t.HelmChartContainer - [EVENT] Normal [Started] Started container hivemq-platform-operator [helmupgradeextensionit-operator:hivemq-test-hivemq-platform-operator-6966f96d65-kth6c]
2025-01-29 13:41:33,856 INFO c.h.h.t.HelmChartContainer - Started log watcher for hivemq-platform-operator in pod hivemq-test-hivemq-platform-operator-6966f96d65-kth6c [871bd395-4e2c-4674-8aab-2e1565d11b2c]
2025-01-29 13:41:33,856 INFO c.h.h.t.HelmChartContainer - Received Started event for container hivemq-platform-operator in pod hivemq-test-hivemq-platform-operator-6966f96d65-kth6c [871bd395-4e2c-4674-8aab-2e1565d11b2c]
2025-01-29 13:41:33,856 INFO c.h.h.t.HelmChartContainer - [hivemq-test-hivemq-platform] [hivemq-platform-operator] [871bd395] -------------------------------------------------------------------------
2025-01-29 13:41:33,857 INFO c.h.h.t.HelmChartContainer - [hivemq-test-hivemq-platform] [hivemq-platform-operator] [871bd395] 
2025-01-29 13:41:33,857 INFO c.h.h.t.HelmChartContainer - [hivemq-test-hivemq-platform] [hivemq-platform-operator] [871bd395]                   _    _  _              __  __   ____
2025-01-29 13:41:33,857 INFO c.h.h.t.HelmChartContainer - [hivemq-test-hivemq-platform] [hivemq-platform-operator] [871bd395]                  | |  | |(_)            |  \/  | / __ \
2025-01-29 13:41:33,858 INFO c.h.h.t.HelmChartContainer - [hivemq-test-hivemq-platform] [hivemq-platform-operator] [871bd395]                  | |__| | _ __   __ ___ | \  / || |  | |
2025-01-29 13:41:33,858 INFO c.h.h.t.HelmChartContainer - [hivemq-test-hivemq-platform] [hivemq-platform-operator] [871bd395]                  |  __  || |\ \ / // _ \| |\/| || |  | |
2025-01-29 13:41:33,858 INFO c.h.h.t.HelmChartContainer - [hivemq-test-hivemq-platform] [hivemq-platform-operator] [871bd395]                  | |  | || | \ V /|  __/| |  | || |__| |
2025-01-29 13:41:33,858 INFO c.h.h.t.HelmChartContainer - [hivemq-test-hivemq-platform] [hivemq-platform-operator] [871bd395]                  |_|  |_||_|  \_/  \___||_|  |_| \___\_\
2025-01-29 13:41:33,858 INFO c.h.h.t.HelmChartContainer - [hivemq-test-hivemq-platform] [hivemq-platform-operator] [871bd395] 
2025-01-29 13:41:33,858 INFO c.h.h.t.HelmChartContainer - [hivemq-test-hivemq-platform] [hivemq-platform-operator] [871bd395] -------------------------------------------------------------------------
2025-01-29 13:41:33,858 INFO c.h.h.t.HelmChartContainer - [hivemq-test-hivemq-platform] [hivemq-platform-operator] [871bd395] 
2025-01-29 13:41:33,858 INFO c.h.h.t.HelmChartContainer - [hivemq-test-hivemq-platform] [hivemq-platform-operator] [871bd395]   HiveMQ Platform Operator Start Script v1.0
2025-01-29 13:41:33,858 INFO c.h.h.t.HelmChartContainer - [hivemq-test-hivemq-platform] [hivemq-platform-operator] [871bd395] 
2025-01-29 13:41:33,858 INFO c.h.h.t.HelmChartContainer - [hivemq-test-hivemq-platform] [hivemq-platform-operator] [871bd395] -------------------------------------------------------------------------
2025-01-29 13:41:33,858 INFO c.h.h.t.HelmChartContainer - [hivemq-test-hivemq-platform] [hivemq-platform-operator] [871bd395] 
2025-01-29 13:41:33,858 INFO c.h.h.t.HelmChartContainer - [hivemq-test-hivemq-platform] [hivemq-platform-operator] [871bd395]   JAVA_OPTS: -XX:+UnlockExperimentalVMOptions -XX:InitialRAMPercentage=75 -XX:MaxRAMPercentage=75 -Duser.language=en -Duser.region=US
2025-01-29 13:41:33,858 INFO c.h.h.t.HelmChartContainer - [hivemq-test-hivemq-platform] [hivemq-platform-operator] [871bd395] 
2025-01-29 13:41:33,858 INFO c.h.h.t.HelmChartContainer - [hivemq-test-hivemq-platform] [hivemq-platform-operator] [871bd395]   JAVA_VERSION: 21
2025-01-29 13:41:33,858 INFO c.h.h.t.HelmChartContainer - [hivemq-test-hivemq-platform] [hivemq-platform-operator] [871bd395] 
2025-01-29 13:41:33,858 INFO c.h.h.t.HelmChartContainer - [hivemq-test-hivemq-platform] [hivemq-platform-operator] [871bd395] -------------------------------------------------------------------------
2025-01-29 13:41:33,858 INFO c.h.h.t.HelmChartContainer - [hivemq-test-hivemq-platform] [hivemq-platform-operator] [871bd395] 
2025-01-29 13:41:36,406 INFO c.h.h.t.HelmChartContainer - [hivemq-test-hivemq-platform] [hivemq-platform-operator] [871bd395] 13:41:36.402 [main] DEBUG org.jboss.logging - Logging Provider: org.jboss.logging.Slf4jLoggerProvider
2025-01-29 13:41:36,505 INFO c.h.h.t.HelmChartContainer - [hivemq-test-hivemq-platform] [hivemq-platform-operator] [871bd395] 13:41:36.504 [main] DEBUG io.smallrye.config - SRCFG01006: Loaded ConfigSource SysPropConfigSource with ordinal 400
2025-01-29 13:41:36,506 INFO c.h.h.t.HelmChartContainer - [hivemq-test-hivemq-platform] [hivemq-platform-operator] [871bd395] 13:41:36.504 [main] DEBUG io.smallrye.config - SRCFG01006: Loaded ConfigSource EnvConfigSource with ordinal 300
2025-01-29 13:41:36,506 INFO c.h.h.t.HelmChartContainer - [hivemq-test-hivemq-platform] [hivemq-platform-operator] [871bd395] 13:41:36.504 [main] DEBUG io.smallrye.config - SRCFG01006: Loaded ConfigSource PropertiesConfigSource[source=jar:file:///opt/hivemq-platform-operator/bin/hivemq-platform-operator.jar!/hivemq-platform-operator.properties] with ordinal 100
2025-01-29 13:41:36,506 INFO c.h.h.t.HelmChartContainer - [hivemq-test-hivemq-platform] [hivemq-platform-operator] [871bd395] 13:41:36.504 [main] DEBUG io.smallrye.config - SRCFG01006: Loaded ConfigSource DefaultValuesConfigSource with ordinal -2147483648
2025-01-29 13:41:36,621 INFO c.h.h.t.HelmChartContainer - [hivemq-test-hivemq-platform] [hivemq-platform-operator] [871bd395] 13:41:36.620 [main] DEBUG i.m.c.u.i.l.InternalLoggerFactory - Using SLF4J as the default logging framework
2025-01-29 13:41:36,811 INFO c.h.h.t.HelmChartContainer - [hivemq-test-hivemq-platform] [hivemq-platform-operator] [871bd395] 13:41:36.803 [main] INFO  c.h.p.o.HiveMQPlatformOperatorApplication - HiveMQ Platform Operator 1.7.0-SNAPSHOT (commit: bebf408 on branch: HEAD) built on Sun Jan 26 20:47:47 UTC 2025
2025-01-29 13:41:36,812 INFO c.h.h.t.HelmChartContainer - [hivemq-test-hivemq-platform] [hivemq-platform-operator] [871bd395] 13:41:36.811 [main] INFO  c.h.p.o.HiveMQPlatformOperatorApplication - HiveMQ Platform Operator is running in namespace: helmupgradeextensionit-operator
2025-01-29 13:41:36,813 INFO c.h.h.t.HelmChartContainer - [hivemq-test-hivemq-platform] [hivemq-platform-operator] [871bd395] 13:41:36.811 [main] INFO  c.h.p.o.HiveMQPlatformOperatorApplication - Watching all namespaces
2025-01-29 13:41:36,813 INFO c.h.h.t.HelmChartContainer - [hivemq-test-hivemq-platform] [hivemq-platform-operator] [871bd395] 13:41:36.811 [main] INFO  c.h.p.o.HiveMQPlatformOperatorApplication - Log level: DEBUG
2025-01-29 13:41:36,814 INFO c.h.h.t.HelmChartContainer - [hivemq-test-hivemq-platform] [hivemq-platform-operator] [871bd395] 13:41:36.811 [main] INFO  c.h.p.o.HiveMQPlatformOperatorApplication - Release name: test-hivemq-platform-operator
2025-01-29 13:41:36,814 INFO c.h.h.t.HelmChartContainer - [hivemq-test-hivemq-platform] [hivemq-platform-operator] [871bd395] 13:41:36.811 [main] INFO  c.h.p.o.HiveMQPlatformOperatorApplication - HiveMQ Platform Operator Init image: docker.io/hivemq/hivemq-platform-operator-init-test:snapshot
2025-01-29 13:41:36,814 INFO c.h.h.t.HelmChartContainer - [hivemq-test-hivemq-platform] [hivemq-platform-operator] [871bd395] 13:41:36.811 [main] INFO  c.h.p.o.HiveMQPlatformOperatorApplication - HiveMQ Platform Operator Init App update URL: http://hivemq-platform-operator-test-hivemq-platform-operator.helmupgradeextensionit-operator.svc:8080/initAppUpdate/hivemq-platform-operator-init-app-1.7.0-SNAPSHOT.jar
2025-01-29 13:41:36,814 INFO c.h.h.t.HelmChartContainer - [hivemq-test-hivemq-platform] [hivemq-platform-operator] [871bd395] 13:41:36.811 [main] INFO  c.h.p.o.HiveMQPlatformOperatorApplication - Additional imagePullSecret for all Platform deployments: none
2025-01-29 13:41:36,814 INFO c.h.h.t.HelmChartContainer - [hivemq-test-hivemq-platform] [hivemq-platform-operator] [871bd395] 13:41:36.811 [main] INFO  c.h.p.o.HiveMQPlatformOperatorApplication - Apply HiveMQ Platform CRD: true
2025-01-29 13:41:36,814 INFO c.h.h.t.HelmChartContainer - [hivemq-test-hivemq-platform] [hivemq-platform-operator] [871bd395] 13:41:36.811 [main] INFO  c.h.p.o.HiveMQPlatformOperatorApplication - Create Platform ServiceAccount: true
2025-01-29 13:41:36,814 INFO c.h.h.t.HelmChartContainer - [hivemq-test-hivemq-platform] [hivemq-platform-operator] [871bd395] 13:41:36.811 [main] INFO  c.h.p.o.HiveMQPlatformOperatorApplication - Create Platform ServiceAccount permissions: true
2025-01-29 13:41:36,814 INFO c.h.h.t.HelmChartContainer - [hivemq-test-hivemq-platform] [hivemq-platform-operator] [871bd395] 13:41:36.811 [main] INFO  c.h.p.o.HiveMQPlatformOperatorApplication - Validate Platform ServiceAccount: true
2025-01-29 13:41:36,814 INFO c.h.h.t.HelmChartContainer - [hivemq-test-hivemq-platform] [hivemq-platform-operator] [871bd395] 13:41:36.811 [main] INFO  c.h.p.o.HiveMQPlatformOperatorApplication - Validate Platform ServiceAccount permissions: true
2025-01-29 13:41:36,909 INFO c.h.h.t.HelmChartContainer - [hivemq-test-hivemq-platform] [hivemq-platform-operator] [871bd395] 13:41:36.908 [main] INFO  c.h.platform.operator.util.CRDUtil - Verifying deployed HiveMQ Platform CRD...
2025-01-29 13:41:39,602 INFO c.h.h.t.HelmChartContainer - [hivemq-test-hivemq-platform] [hivemq-platform-operator] [871bd395] 13:41:39.601 [main] DEBUG c.h.platform.operator.util.CRDUtil - HiveMQ Platform CRD version v1 is up to date
2025-01-29 13:41:39,602 INFO c.h.h.t.HelmChartContainer - [hivemq-test-hivemq-platform] [hivemq-platform-operator] [871bd395] 13:41:39.601 [main] INFO  c.h.platform.operator.util.CRDUtil - HiveMQ Platform CRD is up to date (version: V1_6_0)
2025-01-29 13:41:39,602 INFO c.h.h.t.HelmChartContainer - [hivemq-test-hivemq-platform] [hivemq-platform-operator] [871bd395] 13:41:39.601 [main] INFO  c.h.platform.operator.util.CRDUtil - Waiting 10000 ms for HiveMQ Platform CRD 'hivemq-platforms.hivemq.com' to become ready...
2025-01-29 13:41:39,811 INFO c.h.h.t.HelmChartContainer - [hivemq-test-hivemq-platform] [hivemq-platform-operator] [871bd395] 13:41:39.809 [vert.x-eventloop-thread-1] DEBUG c.h.platform.operator.util.CRDUtil - Checking CRD condition 'NamesAccepted' (status: 'True')
2025-01-29 13:41:39,811 INFO c.h.h.t.HelmChartContainer - [hivemq-test-hivemq-platform] [hivemq-platform-operator] [871bd395] 13:41:39.809 [vert.x-eventloop-thread-1] DEBUG c.h.platform.operator.util.CRDUtil - Checking CRD condition 'Established' (status: 'True')
2025-01-29 13:41:39,812 INFO c.h.h.t.HelmChartContainer - [hivemq-test-hivemq-platform] [hivemq-platform-operator] [871bd395] 13:41:39.811 [main] INFO  c.h.platform.operator.util.CRDUtil - HiveMQ Platform CRD 'hivemq-platforms.hivemq.com' is ready
2025-01-29 13:41:40,012 INFO c.h.h.t.HelmChartContainer - [hivemq-test-hivemq-platform] [hivemq-platform-operator] [871bd395] 13:41:40.011 [main] INFO  c.h.p.o.HiveMQPlatformReconciler - HiveMQ Platform Operator is starting...
2025-01-29 13:41:40,139 INFO c.h.h.t.HelmChartContainer - [hivemq-test-hivemq-platform] [hivemq-platform-operator] [871bd395] 13:41:40.138 [main] WARN  Default ConfigurationService implementation - Configuration for reconciler 'hivemq-controller' was not found. Known reconcilers: None.
2025-01-29 13:41:40,207 INFO c.h.h.t.HelmChartContainer - [hivemq-test-hivemq-platform] [hivemq-platform-operator] [871bd395] 13:41:40.206 [main] INFO  Default ConfigurationService implementation - Created configuration for reconciler com.hivemq.platform.operator.HiveMQPlatformReconciler with name hivemq-controller
2025-01-29 13:41:40,314 INFO c.h.h.t.HelmChartContainer - [hivemq-test-hivemq-platform] [hivemq-platform-operator] [871bd395] 13:41:40.313 [main] DEBUG c.h.p.o.HiveMQPlatformReconciler - HiveMQ Platform Operator is preparing EventSources
2025-01-29 13:41:40,404 INFO c.h.h.t.HelmChartContainer - [hivemq-test-hivemq-platform] [hivemq-platform-operator] [871bd395] 13:41:40.403 [main] INFO  i.javaoperatorsdk.operator.Operator - Registered reconciler: 'hivemq-controller' for resource: 'class com.hivemq.platform.operator.v1.HiveMQPlatform' for namespace(s): [all namespaces]
2025-01-29 13:41:41,012 INFO c.h.h.t.HelmChartContainer - [hivemq-test-hivemq-platform] [hivemq-platform-operator] [871bd395] 13:41:41.010 [main] INFO  c.h.p.operator.webserver.JettyServer - Starting Jetty server on port 8080
2025-01-29 13:41:41,109 INFO c.h.h.t.HelmChartContainer - [hivemq-test-hivemq-platform] [hivemq-platform-operator] [871bd395] 13:41:41.107 [main] INFO  i.javaoperatorsdk.operator.Operator - Operator SDK 4.9.7 (commit: 2133d28) built on Wed Nov 20 12:56:20 UTC 2024 starting...
2025-01-29 13:41:41,109 INFO c.h.h.t.HelmChartContainer - [hivemq-test-hivemq-platform] [hivemq-platform-operator] [871bd395] 13:41:41.107 [main] INFO  i.javaoperatorsdk.operator.Operator - Client version: 6.13.4
2025-01-29 13:41:41,110 INFO c.h.h.t.HelmChartContainer - [hivemq-test-hivemq-platform] [hivemq-platform-operator] [871bd395] 13:41:41.109 [Controller Starter for: hivemq-controller] INFO  i.j.operator.processing.Controller - Starting 'hivemq-controller' controller for reconciler: com.hivemq.platform.operator.HiveMQPlatformReconciler, resource: com.hivemq.platform.operator.v1.HiveMQPlatform
2025-01-29 13:41:43,638 INFO c.h.h.t.HelmChartContainer - [hivemq-test-hivemq-platform] [hivemq-platform-operator] [871bd395] 13:41:43.637 [Controller Starter for: hivemq-controller] INFO  i.j.operator.processing.Controller - 'hivemq-controller' controller started
2025-01-29 13:41:43,703 INFO c.h.h.t.HelmChartContainer - [hivemq-test-hivemq-platform] [hivemq-platform-operator] [871bd395] 13:41:43.701 [main] INFO  c.h.p.o.HiveMQPlatformOperatorApplication - HiveMQ Platform Operator 1.7.0-SNAPSHOT started in 6897 ms
2025-01-29 13:41:44,849 INFO c.h.h.t.HelmChartContainer - [POD] hivemq-test-hivemq-platform-operator-6966f96d65-kth6c [871bd395-4e2c-4674-8aab-2e1565d11b2c] in helmupgradeextensionit-operator was MODIFIED
2025-01-29 13:41:44,857 INFO c.h.h.t.HelmChartContainer - [K3S] [replica_set.go:679] "Finished syncing" kind="ReplicaSet" key="helmupgradeextensionit-operator/hivemq-test-hivemq-platform-operator-6966f96d65" duration="9.788997ms"
2025-01-29 13:41:44,858 INFO c.h.h.t.HelmChartContainer - [K3S] [replica_set.go:679] "Finished syncing" kind="ReplicaSet" key="helmupgradeextensionit-operator/hivemq-test-hivemq-platform-operator-6966f96d65" duration="37.119µs"
2025-01-29 13:41:45,465 INFO c.h.h.testcontainer.LogWaiterUtil - TEST Waiting for log pattern on 'test-hivemq-platform-0': .*\[HiveMQ Platform Operator Init App [A-Z0-9.-]+\] Successfully enabled extension hivemq-bridge-extension
2025-01-29 13:41:45,465 INFO c.h.h.testcontainer.LogWaiterUtil - TEST Waiting for log pattern on 'test-hivemq-platform-0': .*Extension "HiveMQ Enterprise Bridge Extension" version .* started successfully.
2025-01-29 13:41:45,535 DEBUG c.h.h.t.HelmChartContainer - Executing helm command: /bin/helm --kubeconfig /etc/rancher/k3s/k3s.yaml install test-hivemq-platform /charts/hivemq-platform --wait --timeout 5m0s --set image.repository=docker.io/hivemq --set image.tag=4.36.0 --set image.pullPolicy=Never --set nodes.resources.cpu=512m -f /files/bridge-values.yaml --namespace helmupgradeextensionit
2025-01-29 13:41:45,841 INFO c.h.h.t.HelmChartContainer - [hivemq-test-hivemq-platform] [hivemq-platform-operator] [871bd395] 13:41:45.839 [-373097727-pool-1-thread-2] WARN  i.m.p.PrometheusMeterRegistry - The meter (MeterId{name='operator.sdk.events.received', tags=[tag(action=ADDED),tag(event=ResourceEvent),tag(group=hivemq.com),tag(kind=HiveMQPlatform),tag(name=test-hivemq-platform),tag(namespace=helmupgradeextensionit),tag(scope=namespace),tag(version=v1)]}) registration has failed: Prometheus requires that all meters with the same name have the same set of tag keys. There is already an existing meter named 'operator.sdk.events.received' containing tag keys [event, group, kind, name, namespace, scope, version]. The meter you are attempting to register has keys [action, event, group, kind, name, namespace, scope, version]. Note that subsequent logs will be logged at debug level.
2025-01-29 13:41:46,304 INFO c.h.h.t.HelmChartContainer - [hivemq-test-hivemq-platform] [hivemq-platform-operator] [871bd395] 13:41:46.302 [pool-6-thread-3] DEBUG c.h.p.o.dependants.PodInfoConfigMap - [helmupgr] Desired PodInfo ConfigMap (1 extensions) (1 enabled)
2025-01-29 13:41:46,304 INFO c.h.h.t.HelmChartContainer - [hivemq-test-hivemq-platform] [hivemq-platform-operator] [871bd395] 13:41:46.303 [pool-6-thread-3] DEBUG c.h.p.o.dependants.PodInfoConfigMap - [helmupgr] Desired PodInfo ConfigMap (metrics port: 9399) (metrics path: /)
2025-01-29 13:41:46,304 INFO c.h.h.t.HelmChartContainer - [hivemq-test-hivemq-platform] [hivemq-platform-operator] [871bd395] 13:41:46.303 [pool-6-thread-3] DEBUG c.h.p.o.dependants.PodInfoConfigMap - [helmupgr] Desired PodInfo ConfigMap (extension state hash: 1394780433)
2025-01-29 13:41:46,340 INFO c.h.h.t.HelmChartContainer - [hivemq-test-hivemq-platform] [hivemq-platform-operator] [871bd395] 13:41:46.337 [pool-6-thread-3] DEBUG c.h.p.o.dependants.PodInfoConfigMap - [helmupgr] Create PodInfo ConfigMap
2025-01-29 13:41:46,441 INFO c.h.h.t.HelmChartContainer - [hivemq-test-hivemq-platform] [hivemq-platform-operator] [871bd395] 13:41:46.437 [pool-6-thread-5] DEBUG c.h.p.o.dependants.PodRoleResource - [helmupgr] Create Role: Role(apiVersion=rbac.authorization.k8s.io/v1, kind=Role, metadata=ObjectMeta(annotations={meta.helm.sh/release-name=test-hivemq-platform, meta.helm.sh/release-namespace=helmupgradeextensionit}, creationTimestamp=null, deletionGracePeriodSeconds=null, deletionTimestamp=null, finalizers=[], generateName=null, generation=null, labels={helm.sh/chart=hivemq-platform-0.2.32, app.kubernetes.io/managed-by=Helm, app.kubernetes.io/name=hivemq-platform, hivemq-platform=test-hivemq-platform, app.kubernetes.io/instance=test-hivemq-platform, app.kubernetes.io/version=4.36.0}, managedFields=[], name=hivemq-platform-role-test-hivemq-platform, namespace=helmupgradeextensionit, ownerReferences=[OwnerReference(apiVersion=hivemq.com/v1, blockOwnerDeletion=null, controller=null, kind=HiveMQPlatform, name=test-hivemq-platform, uid=1afe00b2-f7ee-4d9b-9d68-17e4ae449114, additionalProperties={})], resourceVersion=null, selfLink=null, uid=null, additionalProperties={}), rules=[PolicyRule(apiGroups=[], nonResourceURLs=[], resourceNames=[], resources=[pods], verbs=[get, patch, update], additionalProperties={})], additionalProperties={})
2025-01-29 13:41:46,605 INFO c.h.h.t.HelmChartContainer - [hivemq-test-hivemq-platform] [hivemq-platform-operator] [871bd395] 13:41:46.601 [pool-6-thread-7] DEBUG c.h.p.o.d.PodServiceAccountResource - [helmupgr] Desired PodServiceAccountResource (serviceAccountName: hivemq-platform-pod-test-hivemq-platform)
2025-01-29 13:41:46,605 INFO c.h.h.t.HelmChartContainer - [hivemq-test-hivemq-platform] [hivemq-platform-operator] [871bd395] 13:41:46.603 [pool-6-thread-7] DEBUG c.h.p.o.d.PodServiceAccountResource - [helmupgr] Create ServiceAccount 'hivemq-platform-pod-test-hivemq-platform'
2025-01-29 13:41:46,739 INFO c.h.h.t.HelmChartContainer - [hivemq-test-hivemq-platform] [hivemq-platform-operator] [871bd395] 13:41:46.737 [pool-6-thread-10] DEBUG c.h.p.o.d.PodRoleBindingResource - [helmupgr] Create RoleBinding: RoleBinding(apiVersion=rbac.authorization.k8s.io/v1, kind=RoleBinding, metadata=ObjectMeta(annotations={meta.helm.sh/release-name=test-hivemq-platform, meta.helm.sh/release-namespace=helmupgradeextensionit}, creationTimestamp=null, deletionGracePeriodSeconds=null, deletionTimestamp=null, finalizers=[], generateName=null, generation=null, labels={helm.sh/chart=hivemq-platform-0.2.32, app.kubernetes.io/managed-by=Helm, app.kubernetes.io/name=hivemq-platform, hivemq-platform=test-hivemq-platform, app.kubernetes.io/instance=test-hivemq-platform, app.kubernetes.io/version=4.36.0}, managedFields=[], name=hivemq-platform-role-binding-test-hivemq-platform, namespace=helmupgradeextensionit, ownerReferences=[OwnerReference(apiVersion=hivemq.com/v1, blockOwnerDeletion=null, controller=null, kind=HiveMQPlatform, name=test-hivemq-platform, uid=1afe00b2-f7ee-4d9b-9d68-17e4ae449114, additionalProperties={})], resourceVersion=null, selfLink=null, uid=null, additionalProperties={}), roleRef=RoleRef(apiGroup=rbac.authorization.k8s.io, kind=Role, name=hivemq-platform-role-test-hivemq-platform, additionalProperties={}), subjects=[Subject(apiGroup=null, kind=ServiceAccount, name=hivemq-platform-pod-test-hivemq-platform, namespace=helmupgradeextensionit, additionalProperties={})], additionalProperties={})
2025-01-29 13:41:46,805 INFO c.h.h.t.HelmChartContainer - [hivemq-test-hivemq-platform] [hivemq-platform-operator] [871bd395] 13:41:46.802 [ReconcilerExecutor-hivemq-controller-54] INFO  c.h.p.o.HiveMQPlatformReconciler - [helmupgr] Reconciling HiveMQ Platform 'test-hivemq-platform' in namespace 'helmupgradeextensionit'
2025-01-29 13:41:46,807 INFO c.h.h.t.HelmChartContainer - [hivemq-test-hivemq-platform] [hivemq-platform-operator] [871bd395] 13:41:46.803 [ReconcilerExecutor-hivemq-controller-54] DEBUG c.h.p.o.HiveMQPlatformReconciler - [helmupgr] Custom Resource Status CREATED - HiveMQ Platform was created (READY)
2025-01-29 13:41:46,807 INFO c.h.h.t.HelmChartContainer - [hivemq-test-hivemq-platform] [hivemq-platform-operator] [871bd395] 13:41:46.803 [ReconcilerExecutor-hivemq-controller-54] DEBUG c.h.p.o.HiveMQPlatformReconciler - [helmupgr] Custom Resource Spec (replicas: 1) (extensions: 1)
2025-01-29 13:41:46,810 INFO c.h.h.t.HelmChartContainer - [hivemq-test-hivemq-platform] [hivemq-platform-operator] [871bd395] 13:41:46.810 [ReconcilerExecutor-hivemq-controller-54] INFO  c.h.p.o.h.HiveMQPlatformReconcilerBaseHandler - [helmupgr] HiveMQ Platform is starting
2025-01-29 13:41:46,946 INFO c.h.h.t.HelmChartContainer - [hivemq-test-hivemq-platform] [hivemq-platform-operator] [871bd395] 13:41:46.945 [ReconcilerExecutor-hivemq-controller-54] DEBUG c.h.p.operator.event.EventSender - [helmupgr] Creating K8s event hivemq-platform-starting: [Start] HiveMQ Platform is starting
2025-01-29 13:41:47,006 INFO c.h.h.t.HelmChartContainer - [EVENT] Normal [Start] HiveMQ Platform is starting [helmupgradeextensionit:test-hivemq-platform]
2025-01-29 13:41:47,040 INFO c.h.h.t.HelmChartContainer - [hivemq-test-hivemq-platform] [hivemq-platform-operator] [871bd395] 13:41:47.038 [ReconcilerExecutor-hivemq-controller-54] INFO  c.h.p.o.h.AbstractHiveMQReconcilerStateHandler - [helmupgr] Update HiveMQ Platform Status (CREATED [READY] -> STARTING [READY]): HiveMQ Platform is starting
2025-01-29 13:41:47,109 DEBUG com.hivemq.helmcharts.util.K8sUtil - Comparing actual state 'STARTING' and waiting for 'RUNNING'
2025-01-29 13:41:57,150 INFO c.h.h.t.HelmChartContainer - [hivemq-test-hivemq-platform] [hivemq-platform-operator] [871bd395] 13:41:57.145 [pool-6-thread-12] DEBUG c.h.p.o.d.PlatformServiceResource - [helmupgr] Desired Platform services (3 services)
2025-01-29 13:41:57,151 INFO c.h.h.t.HelmChartContainer - [hivemq-test-hivemq-platform] [hivemq-platform-operator] [871bd395] 13:41:57.148 [pool-6-thread-13] DEBUG c.h.p.o.dependants.PodInfoConfigMap - [helmupgr] Desired PodInfo ConfigMap (1 extensions) (1 enabled)
2025-01-29 13:41:57,152 INFO c.h.h.t.HelmChartContainer - [hivemq-test-hivemq-platform] [hivemq-platform-operator] [871bd395] 13:41:57.148 [pool-6-thread-13] DEBUG c.h.p.o.dependants.PodInfoConfigMap - [helmupgr] Desired PodInfo ConfigMap (metrics port: 9399) (metrics path: /)
2025-01-29 13:41:57,152 INFO c.h.h.t.HelmChartContainer - [hivemq-test-hivemq-platform] [hivemq-platform-operator] [871bd395] 13:41:57.148 [pool-6-thread-13] DEBUG c.h.p.o.dependants.PodInfoConfigMap - [helmupgr] Desired PodInfo ConfigMap (extension state hash: 1394780433)
2025-01-29 13:41:57,154 INFO c.h.h.t.HelmChartContainer - [hivemq-test-hivemq-platform] [hivemq-platform-operator] [871bd395] 13:41:57.153 [pool-6-thread-17] DEBUG c.h.p.o.d.PodServiceAccountResource - [helmupgr] Desired PodServiceAccountResource (serviceAccountName: hivemq-platform-pod-test-hivemq-platform)
2025-01-29 13:41:57,237 INFO c.h.h.t.HelmChartContainer - [hivemq-test-hivemq-platform] [hivemq-platform-operator] [871bd395] 13:41:57.236 [pool-6-thread-13] DEBUG c.h.p.o.dependants.PodInfoConfigMap - [helmupgr] Update PodInfo ConfigMap
2025-01-29 13:41:57,247 INFO c.h.h.t.HelmChartContainer - [K3S] [alloc.go:330] "allocated clusterIPs" service="helmupgradeextensionit/hivemq-test-hivemq-platform-cc-8080" clusterIPs={"IPv4":"10.43.161.112"}
2025-01-29 13:41:57,264 INFO c.h.h.t.HelmChartContainer - [K3S] [alloc.go:330] "allocated clusterIPs" service="helmupgradeextensionit/hivemq-test-hivemq-platform-mqtt-1883" clusterIPs={"IPv4":"10.43.90.216"}
2025-01-29 13:41:57,347 INFO c.h.h.t.HelmChartContainer - [K3S] [alloc.go:330] "allocated clusterIPs" service="helmupgradeextensionit/hivemq-test-hivemq-platform-metrics-9399" clusterIPs={"IPv4":"10.43.27.48"}
2025-01-29 13:41:57,355 INFO c.h.h.t.HelmChartContainer - [hivemq-test-hivemq-platform] [hivemq-platform-operator] [871bd395] 13:41:57.353 [pool-6-thread-20] DEBUG c.h.p.o.d.StatefulSetResource - [helmupgr] Desired StatefulSet (1 replicas) for status STARTING (READY)
2025-01-29 13:41:57,448 INFO c.h.h.t.HelmChartContainer - [hivemq-test-hivemq-platform] [hivemq-platform-operator] [871bd395] 13:41:57.447 [pool-6-thread-20] DEBUG c.h.p.o.d.StatefulSetResource - [helmupgr] Create StatefulSet
2025-01-29 13:41:57,546 INFO c.h.h.t.HelmChartContainer - [hivemq-test-hivemq-platform] [hivemq-platform-operator] [871bd395] 13:41:57.544 [ReconcilerExecutor-hivemq-controller-65] INFO  c.h.p.o.HiveMQPlatformReconciler - [helmupgr] Reconciling HiveMQ Platform 'test-hivemq-platform' in namespace 'helmupgradeextensionit'
2025-01-29 13:41:57,548 INFO c.h.h.t.HelmChartContainer - [hivemq-test-hivemq-platform] [hivemq-platform-operator] [871bd395] 13:41:57.546 [ReconcilerExecutor-hivemq-controller-65] DEBUG c.h.p.o.HiveMQPlatformReconciler - [helmupgr] Custom Resource Status STARTING - HiveMQ Platform is starting (READY)
2025-01-29 13:41:57,548 INFO c.h.h.t.HelmChartContainer - [hivemq-test-hivemq-platform] [hivemq-platform-operator] [871bd395] 13:41:57.546 [ReconcilerExecutor-hivemq-controller-65] DEBUG c.h.p.o.HiveMQPlatformReconciler - [helmupgr] Custom Resource Spec (replicas: 1) (extensions: 1)
2025-01-29 13:41:57,556 INFO c.h.h.t.HelmChartContainer - [POD] test-hivemq-platform-0 [33d5ece7-ec9f-4c13-935b-8a3f253c287a] in helmupgradeextensionit was ADDED
2025-01-29 13:41:57,559 INFO c.h.h.t.HelmChartContainer - [hivemq-test-hivemq-platform] [hivemq-platform-operator] [871bd395] 13:41:57.554 [ReconcilerExecutor-hivemq-controller-65] DEBUG c.h.p.o.HiveMQPlatformReconciler - [helmupgr] StatefulSet Status (revision: null, replicas: 0, available: 0, ready: 0, current: 0, updated: 0)
2025-01-29 13:41:57,559 INFO c.h.h.t.HelmChartContainer - [hivemq-test-hivemq-platform] [hivemq-platform-operator] [871bd395] 13:41:57.557 [ReconcilerExecutor-hivemq-controller-65] DEBUG c.h.p.o.HiveMQPlatformReconciler - [helmupgr] StatefulSet Spec (replicas: 1, init containers: 1, containers: 1, volumes: 4)
2025-01-29 13:41:57,559 INFO c.h.h.t.HelmChartContainer - [EVENT] Normal [SuccessfulCreate] create Pod test-hivemq-platform-0 in StatefulSet test-hivemq-platform successful [helmupgradeextensionit:test-hivemq-platform]
2025-01-29 13:41:57,563 INFO c.h.h.t.HelmChartContainer - [hivemq-test-hivemq-platform] [hivemq-platform-operator] [871bd395] 13:41:57.561 [ReconcilerExecutor-hivemq-controller-65] INFO  c.h.p.o.h.HiveMQPlatformReconcilerBaseHandler - [helmupgr] HiveMQ Platform is starting, 0 of 1 replicas are ready
2025-01-29 13:41:57,567 INFO c.h.h.t.HelmChartContainer - [POD] test-hivemq-platform-0 [33d5ece7-ec9f-4c13-935b-8a3f253c287a] in helmupgradeextensionit was MODIFIED
2025-01-29 13:41:57,568 INFO c.h.h.t.HelmChartContainer - [EVENT] Normal [Scheduled] Successfully assigned helmupgradeextensionit/test-hivemq-platform-0 to 41e0b4b2959d [helmupgradeextensionit:test-hivemq-platform-0]
2025-01-29 13:41:57,575 INFO c.h.h.t.HelmChartContainer - [POD] test-hivemq-platform-0 [33d5ece7-ec9f-4c13-935b-8a3f253c287a] in helmupgradeextensionit was MODIFIED
2025-01-29 13:41:57,593 INFO c.h.h.t.HelmChartContainer - [K3S] [reconciler_common.go:251] "operationExecutor.VerifyControllerAttachedVolume started for volume \"pod-info\" (UniqueName: \"kubernetes.io/configmap/33d5ece7-ec9f-4c13-935b-8a3f253c287a-pod-info\") pod \"test-hivemq-platform-0\" (UID: \"33d5ece7-ec9f-4c13-935b-8a3f253c287a\") " pod="helmupgradeextensionit/test-hivemq-platform-0"
2025-01-29 13:41:57,593 INFO c.h.h.t.HelmChartContainer - [K3S] [reconciler_common.go:251] "operationExecutor.VerifyControllerAttachedVolume started for volume \"broker-configuration\" (UniqueName: \"kubernetes.io/configmap/33d5ece7-ec9f-4c13-935b-8a3f253c287a-broker-configuration\") pod \"test-hivemq-platform-0\" (UID: \"33d5ece7-ec9f-4c13-935b-8a3f253c287a\") " pod="helmupgradeextensionit/test-hivemq-platform-0"
2025-01-29 13:41:57,593 INFO c.h.h.t.HelmChartContainer - [K3S] [reconciler_common.go:251] "operationExecutor.VerifyControllerAttachedVolume started for volume \"extension-configuration-hivemq-bridge-extension\" (UniqueName: \"kubernetes.io/configmap/33d5ece7-ec9f-4c13-935b-8a3f253c287a-extension-configuration-hivemq-bridge-extension\") pod \"test-hivemq-platform-0\" (UID: \"33d5ece7-ec9f-4c13-935b-8a3f253c287a\") " pod="helmupgradeextensionit/test-hivemq-platform-0"
2025-01-29 13:41:57,593 INFO c.h.h.t.HelmChartContainer - [K3S] [reconciler_common.go:251] "operationExecutor.VerifyControllerAttachedVolume started for volume \"operator-init\" (UniqueName: \"kubernetes.io/empty-dir/33d5ece7-ec9f-4c13-935b-8a3f253c287a-operator-init\") pod \"test-hivemq-platform-0\" (UID: \"33d5ece7-ec9f-4c13-935b-8a3f253c287a\") " pod="helmupgradeextensionit/test-hivemq-platform-0"
2025-01-29 13:41:57,593 INFO c.h.h.t.HelmChartContainer - [K3S] [reconciler_common.go:251] "operationExecutor.VerifyControllerAttachedVolume started for volume \"kube-api-access-t26pq\" (UniqueName: \"kubernetes.io/projected/33d5ece7-ec9f-4c13-935b-8a3f253c287a-kube-api-access-t26pq\") pod \"test-hivemq-platform-0\" (UID: \"33d5ece7-ec9f-4c13-935b-8a3f253c287a\") " pod="helmupgradeextensionit/test-hivemq-platform-0"
2025-01-29 13:41:57,644 INFO c.h.h.t.HelmChartContainer - [hivemq-test-hivemq-platform] [hivemq-platform-operator] [871bd395] 13:41:57.642 [pool-6-thread-22] DEBUG c.h.p.o.d.PlatformServiceResource - [helmupgr] Desired Platform services (3 services)
2025-01-29 13:41:57,647 INFO c.h.h.t.HelmChartContainer - [hivemq-test-hivemq-platform] [hivemq-platform-operator] [871bd395] 13:41:57.646 [pool-6-thread-23] DEBUG c.h.p.o.dependants.PodInfoConfigMap - [helmupgr] Desired PodInfo ConfigMap (1 extensions) (1 enabled)
2025-01-29 13:41:57,647 INFO c.h.h.t.HelmChartContainer - [hivemq-test-hivemq-platform] [hivemq-platform-operator] [871bd395] 13:41:57.646 [pool-6-thread-23] DEBUG c.h.p.o.dependants.PodInfoConfigMap - [helmupgr] Desired PodInfo ConfigMap (metrics port: 9399) (metrics path: /)
2025-01-29 13:41:57,648 INFO c.h.h.t.HelmChartContainer - [hivemq-test-hivemq-platform] [hivemq-platform-operator] [871bd395] 13:41:57.646 [pool-6-thread-23] DEBUG c.h.p.o.dependants.PodInfoConfigMap - [helmupgr] Desired PodInfo ConfigMap (extension state hash: 1394780433)
2025-01-29 13:41:57,739 INFO c.h.h.t.HelmChartContainer - [hivemq-test-hivemq-platform] [hivemq-platform-operator] [871bd395] 13:41:57.737 [pool-6-thread-27] DEBUG c.h.p.o.d.PodServiceAccountResource - [helmupgr] Desired PodServiceAccountResource (serviceAccountName: hivemq-platform-pod-test-hivemq-platform)
2025-01-29 13:41:57,745 INFO c.h.h.t.HelmChartContainer - [hivemq-test-hivemq-platform] [hivemq-platform-operator] [871bd395] 13:41:57.744 [pool-6-thread-30] DEBUG c.h.p.o.d.StatefulSetResource - [helmupgr] Desired StatefulSet (1 replicas) for status STARTING (READY)
2025-01-29 13:41:57,751 INFO c.h.h.t.HelmChartContainer - [hivemq-test-hivemq-platform] [hivemq-platform-operator] [871bd395] 13:41:57.750 [ReconcilerExecutor-hivemq-controller-76] INFO  c.h.p.o.HiveMQPlatformReconciler - [helmupgr] Reconciling HiveMQ Platform 'test-hivemq-platform' in namespace 'helmupgradeextensionit'
2025-01-29 13:41:57,836 INFO c.h.h.t.HelmChartContainer - [hivemq-test-hivemq-platform] [hivemq-platform-operator] [871bd395] 13:41:57.751 [ReconcilerExecutor-hivemq-controller-76] DEBUG c.h.p.o.HiveMQPlatformReconciler - [helmupgr] Custom Resource Status STARTING - HiveMQ Platform is starting (READY)
2025-01-29 13:41:57,837 INFO c.h.h.t.HelmChartContainer - [hivemq-test-hivemq-platform] [hivemq-platform-operator] [871bd395] 13:41:57.835 [ReconcilerExecutor-hivemq-controller-76] DEBUG c.h.p.o.HiveMQPlatformReconciler - [helmupgr] Custom Resource Spec (replicas: 1) (extensions: 1)
2025-01-29 13:41:57,841 INFO c.h.h.t.HelmChartContainer - [hivemq-test-hivemq-platform] [hivemq-platform-operator] [871bd395] 13:41:57.840 [ReconcilerExecutor-hivemq-controller-76] DEBUG c.h.p.o.HiveMQPlatformReconciler - [helmupgr] StatefulSet Status (revision: test-hivemq-platform-5b6c7575b6, replicas: 1, available: 0, ready: 0, current: 1, updated: 1)
2025-01-29 13:41:57,842 INFO c.h.h.t.HelmChartContainer - [hivemq-test-hivemq-platform] [hivemq-platform-operator] [871bd395] 13:41:57.840 [ReconcilerExecutor-hivemq-controller-76] DEBUG c.h.p.o.HiveMQPlatformReconciler - [helmupgr] StatefulSet Spec (replicas: 1, init containers: 1, containers: 1, volumes: 4)
2025-01-29 13:41:57,939 INFO c.h.h.t.HelmChartContainer - [hivemq-test-hivemq-platform] [hivemq-platform-operator] [871bd395] 13:41:57.937 [ReconcilerExecutor-hivemq-controller-76] DEBUG c.h.p.o.h.HiveMQPlatformReconcilerErrorHandler - [helmupgr] Pod 'test-hivemq-platform-0' phase Pending
2025-01-29 13:41:57,939 INFO c.h.h.t.HelmChartContainer - [hivemq-test-hivemq-platform] [hivemq-platform-operator] [871bd395] 13:41:57.937 [ReconcilerExecutor-hivemq-controller-76] DEBUG c.h.p.o.h.HiveMQPlatformReconcilerErrorHandler - [helmupgr] Pod 'test-hivemq-platform-0' condition 'PodReadyToStartContainers': False
2025-01-29 13:41:57,940 INFO c.h.h.t.HelmChartContainer - [hivemq-test-hivemq-platform] [hivemq-platform-operator] [871bd395] 13:41:57.938 [ReconcilerExecutor-hivemq-controller-76] DEBUG c.h.p.o.h.HiveMQPlatformReconcilerErrorHandler - [helmupgr] Pod 'test-hivemq-platform-0' condition 'Initialized': False
2025-01-29 13:41:57,941 INFO c.h.h.t.HelmChartContainer - [hivemq-test-hivemq-platform] [hivemq-platform-operator] [871bd395] 13:41:57.938 [ReconcilerExecutor-hivemq-controller-76] DEBUG c.h.p.o.h.HiveMQPlatformReconcilerErrorHandler - [helmupgr] Pod 'test-hivemq-platform-0' condition 'Ready': False
2025-01-29 13:41:57,941 INFO c.h.h.t.HelmChartContainer - [hivemq-test-hivemq-platform] [hivemq-platform-operator] [871bd395] 13:41:57.938 [ReconcilerExecutor-hivemq-controller-76] DEBUG c.h.p.o.h.HiveMQPlatformReconcilerErrorHandler - [helmupgr] Pod 'test-hivemq-platform-0' condition 'ContainersReady': False
2025-01-29 13:41:57,941 INFO c.h.h.t.HelmChartContainer - [hivemq-test-hivemq-platform] [hivemq-platform-operator] [871bd395] 13:41:57.938 [ReconcilerExecutor-hivemq-controller-76] DEBUG c.h.p.o.h.HiveMQPlatformReconcilerErrorHandler - [helmupgr] Pod 'test-hivemq-platform-0' condition 'PodScheduled': True
2025-01-29 13:41:57,941 INFO c.h.h.t.HelmChartContainer - [hivemq-test-hivemq-platform] [hivemq-platform-operator] [871bd395] 13:41:57.939 [ReconcilerExecutor-hivemq-controller-76] DEBUG c.h.p.o.h.HiveMQPlatformReconcilerErrorHandler - [helmupgr] Pod 'test-hivemq-platform-0' containerStatus 'hivemq' (started: false) (ready: false) (waiting: [PodInitializing] null)
2025-01-29 13:41:57,943 INFO c.h.h.t.HelmChartContainer - [hivemq-test-hivemq-platform] [hivemq-platform-operator] [871bd395] 13:41:57.941 [ReconcilerExecutor-hivemq-controller-76] INFO  c.h.p.o.h.HiveMQPlatformReconcilerBaseHandler - [helmupgr] HiveMQ Platform is starting, 0 of 1 replicas are ready
2025-01-29 13:41:57,948 INFO c.h.h.t.HelmChartContainer - [hivemq-test-hivemq-platform] [hivemq-platform-operator] [871bd395] 13:41:57.947 [pool-6-thread-32] DEBUG c.h.p.o.d.PlatformServiceResource - [helmupgr] Desired Platform services (3 services)
2025-01-29 13:41:57,965 INFO c.h.h.t.HelmChartContainer - [EVENT] Normal [Pulled] Container image "docker.io/hivemq/hivemq-platform-operator-init-test:snapshot" already present on machine [helmupgradeextensionit:test-hivemq-platform-0]
2025-01-29 13:41:58,039 INFO c.h.h.t.HelmChartContainer - [hivemq-test-hivemq-platform] [hivemq-platform-operator] [871bd395] 13:41:57.955 [pool-6-thread-33] DEBUG c.h.p.o.dependants.PodInfoConfigMap - [helmupgr] Desired PodInfo ConfigMap (1 extensions) (1 enabled)
2025-01-29 13:41:58,039 INFO c.h.h.t.HelmChartContainer - [hivemq-test-hivemq-platform] [hivemq-platform-operator] [871bd395] 13:41:58.036 [pool-6-thread-37] DEBUG c.h.p.o.d.PodServiceAccountResource - [helmupgr] Desired PodServiceAccountResource (serviceAccountName: hivemq-platform-pod-test-hivemq-platform)
2025-01-29 13:41:58,039 INFO c.h.h.t.HelmChartContainer - [hivemq-test-hivemq-platform] [hivemq-platform-operator] [871bd395] 13:41:58.036 [pool-6-thread-33] DEBUG c.h.p.o.dependants.PodInfoConfigMap - [helmupgr] Desired PodInfo ConfigMap (metrics port: 9399) (metrics path: /)
2025-01-29 13:41:58,039 INFO c.h.h.t.HelmChartContainer - [hivemq-test-hivemq-platform] [hivemq-platform-operator] [871bd395] 13:41:58.036 [pool-6-thread-33] DEBUG c.h.p.o.dependants.PodInfoConfigMap - [helmupgr] Desired PodInfo ConfigMap (extension state hash: 1394780433)
2025-01-29 13:41:58,047 INFO c.h.h.t.HelmChartContainer - [hivemq-test-hivemq-platform] [hivemq-platform-operator] [871bd395] 13:41:58.045 [pool-6-thread-40] DEBUG c.h.p.o.d.StatefulSetResource - [helmupgr] Desired StatefulSet (1 replicas) for status STARTING (READY)
2025-01-29 13:41:58,051 INFO c.h.h.t.HelmChartContainer - [hivemq-test-hivemq-platform] [hivemq-platform-operator] [871bd395] 13:41:58.050 [ReconcilerExecutor-hivemq-controller-87] INFO  c.h.p.o.HiveMQPlatformReconciler - [helmupgr] Reconciling HiveMQ Platform 'test-hivemq-platform' in namespace 'helmupgradeextensionit'
2025-01-29 13:41:58,053 INFO c.h.h.t.HelmChartContainer - [hivemq-test-hivemq-platform] [hivemq-platform-operator] [871bd395] 13:41:58.051 [ReconcilerExecutor-hivemq-controller-87] DEBUG c.h.p.o.HiveMQPlatformReconciler - [helmupgr] Custom Resource Status STARTING - HiveMQ Platform is starting (READY)
2025-01-29 13:41:58,055 INFO c.h.h.t.HelmChartContainer - [hivemq-test-hivemq-platform] [hivemq-platform-operator] [871bd395] 13:41:58.051 [ReconcilerExecutor-hivemq-controller-87] DEBUG c.h.p.o.HiveMQPlatformReconciler - [helmupgr] Custom Resource Spec (replicas: 1) (extensions: 1)
2025-01-29 13:41:58,121 INFO c.h.h.t.HelmChartContainer - [EVENT] Normal [Created] Created container: hivemq-platform-operator-init [helmupgradeextensionit:test-hivemq-platform-0]
2025-01-29 13:41:58,137 INFO c.h.h.t.HelmChartContainer - [hivemq-test-hivemq-platform] [hivemq-platform-operator] [871bd395] 13:41:58.135 [ReconcilerExecutor-hivemq-controller-87] DEBUG c.h.p.o.HiveMQPlatformReconciler - [helmupgr] StatefulSet Status (revision: test-hivemq-platform-5b6c7575b6, replicas: 1, available: 0, ready: 0, current: 1, updated: 1)
2025-01-29 13:41:58,137 INFO c.h.h.t.HelmChartContainer - [hivemq-test-hivemq-platform] [hivemq-platform-operator] [871bd395] 13:41:58.136 [ReconcilerExecutor-hivemq-controller-87] DEBUG c.h.p.o.HiveMQPlatformReconciler - [helmupgr] StatefulSet Spec (replicas: 1, init containers: 1, containers: 1, volumes: 4)
2025-01-29 13:41:58,138 INFO c.h.h.t.HelmChartContainer - [hivemq-test-hivemq-platform] [hivemq-platform-operator] [871bd395] 13:41:58.138 [ReconcilerExecutor-hivemq-controller-87] DEBUG c.h.p.o.h.HiveMQPlatformReconcilerErrorHandler - [helmupgr] Pod 'test-hivemq-platform-0' phase Pending
2025-01-29 13:41:58,140 INFO c.h.h.t.HelmChartContainer - [hivemq-test-hivemq-platform] [hivemq-platform-operator] [871bd395] 13:41:58.138 [ReconcilerExecutor-hivemq-controller-87] DEBUG c.h.p.o.h.HiveMQPlatformReconcilerErrorHandler - [helmupgr] Pod 'test-hivemq-platform-0' condition 'PodReadyToStartContainers': False
2025-01-29 13:41:58,140 INFO c.h.h.t.HelmChartContainer - [hivemq-test-hivemq-platform] [hivemq-platform-operator] [871bd395] 13:41:58.138 [ReconcilerExecutor-hivemq-controller-87] DEBUG c.h.p.o.h.HiveMQPlatformReconcilerErrorHandler - [helmupgr] Pod 'test-hivemq-platform-0' condition 'Initialized': False
2025-01-29 13:41:58,140 INFO c.h.h.t.HelmChartContainer - [hivemq-test-hivemq-platform] [hivemq-platform-operator] [871bd395] 13:41:58.138 [ReconcilerExecutor-hivemq-controller-87] DEBUG c.h.p.o.h.HiveMQPlatformReconcilerErrorHandler - [helmupgr] Pod 'test-hivemq-platform-0' condition 'Ready': False
2025-01-29 13:41:58,140 INFO c.h.h.t.HelmChartContainer - [hivemq-test-hivemq-platform] [hivemq-platform-operator] [871bd395] 13:41:58.139 [ReconcilerExecutor-hivemq-controller-87] DEBUG c.h.p.o.h.HiveMQPlatformReconcilerErrorHandler - [helmupgr] Pod 'test-hivemq-platform-0' condition 'ContainersReady': False
2025-01-29 13:41:58,140 INFO c.h.h.t.HelmChartContainer - [hivemq-test-hivemq-platform] [hivemq-platform-operator] [871bd395] 13:41:58.139 [ReconcilerExecutor-hivemq-controller-87] DEBUG c.h.p.o.h.HiveMQPlatformReconcilerErrorHandler - [helmupgr] Pod 'test-hivemq-platform-0' condition 'PodScheduled': True
2025-01-29 13:41:58,140 INFO c.h.h.t.HelmChartContainer - [hivemq-test-hivemq-platform] [hivemq-platform-operator] [871bd395] 13:41:58.139 [ReconcilerExecutor-hivemq-controller-87] DEBUG c.h.p.o.h.HiveMQPlatformReconcilerErrorHandler - [helmupgr] Pod 'test-hivemq-platform-0' containerStatus 'hivemq' (started: false) (ready: false) (waiting: [PodInitializing] null)
2025-01-29 13:41:58,142 INFO c.h.h.t.HelmChartContainer - [hivemq-test-hivemq-platform] [hivemq-platform-operator] [871bd395] 13:41:58.140 [ReconcilerExecutor-hivemq-controller-87] INFO  c.h.p.o.h.HiveMQPlatformReconcilerBaseHandler - [helmupgr] HiveMQ Platform is starting, 0 of 1 replicas are ready
2025-01-29 13:41:58,165 INFO c.h.h.t.HelmChartContainer - [EVENT] Normal [Started] Started container hivemq-platform-operator-init [helmupgradeextensionit:test-hivemq-platform-0]
2025-01-29 13:41:58,886 INFO c.h.h.t.HelmChartContainer - [POD] test-hivemq-platform-0 [33d5ece7-ec9f-4c13-935b-8a3f253c287a] in helmupgradeextensionit was MODIFIED
2025-01-29 13:41:58,905 INFO c.h.h.t.HelmChartContainer - [hivemq-test-hivemq-platform] [hivemq-platform-operator] [871bd395] 13:41:58.904 [pool-6-thread-42] DEBUG c.h.p.o.d.PlatformServiceResource - [helmupgr] Desired Platform services (3 services)
2025-01-29 13:41:58,909 INFO c.h.h.t.HelmChartContainer - [hivemq-test-hivemq-platform] [hivemq-platform-operator] [871bd395] 13:41:58.908 [pool-6-thread-43] DEBUG c.h.p.o.dependants.PodInfoConfigMap - [helmupgr] Desired PodInfo ConfigMap (1 extensions) (1 enabled)
2025-01-29 13:41:58,909 INFO c.h.h.t.HelmChartContainer - [hivemq-test-hivemq-platform] [hivemq-platform-operator] [871bd395] 13:41:58.908 [pool-6-thread-43] DEBUG c.h.p.o.dependants.PodInfoConfigMap - [helmupgr] Desired PodInfo ConfigMap (metrics port: 9399) (metrics path: /)
2025-01-29 13:41:58,909 INFO c.h.h.t.HelmChartContainer - [hivemq-test-hivemq-platform] [hivemq-platform-operator] [871bd395] 13:41:58.909 [pool-6-thread-43] DEBUG c.h.p.o.dependants.PodInfoConfigMap - [helmupgr] Desired PodInfo ConfigMap (extension state hash: 1394780433)
2025-01-29 13:41:58,938 INFO c.h.h.t.HelmChartContainer - [hivemq-test-hivemq-platform] [hivemq-platform-operator] [871bd395] 13:41:58.937 [pool-6-thread-47] DEBUG c.h.p.o.d.PodServiceAccountResource - [helmupgr] Desired PodServiceAccountResource (serviceAccountName: hivemq-platform-pod-test-hivemq-platform)
2025-01-29 13:41:58,943 INFO c.h.h.t.HelmChartContainer - [hivemq-test-hivemq-platform] [hivemq-platform-operator] [871bd395] 13:41:58.942 [pool-6-thread-50] DEBUG c.h.p.o.d.StatefulSetResource - [helmupgr] Desired StatefulSet (1 replicas) for status STARTING (READY)
2025-01-29 13:41:59,005 INFO c.h.h.t.HelmChartContainer - [hivemq-test-hivemq-platform] [hivemq-platform-operator] [871bd395] 13:41:59.002 [ReconcilerExecutor-hivemq-controller-98] INFO  c.h.p.o.HiveMQPlatformReconciler - [helmupgr] Reconciling HiveMQ Platform 'test-hivemq-platform' in namespace 'helmupgradeextensionit'
2025-01-29 13:41:59,005 INFO c.h.h.t.HelmChartContainer - [hivemq-test-hivemq-platform] [hivemq-platform-operator] [871bd395] 13:41:59.002 [ReconcilerExecutor-hivemq-controller-98] DEBUG c.h.p.o.HiveMQPlatformReconciler - [helmupgr] Custom Resource Status STARTING - HiveMQ Platform is starting (READY)
2025-01-29 13:41:59,005 INFO c.h.h.t.HelmChartContainer - [hivemq-test-hivemq-platform] [hivemq-platform-operator] [871bd395] 13:41:59.002 [ReconcilerExecutor-hivemq-controller-98] DEBUG c.h.p.o.HiveMQPlatformReconciler - [helmupgr] Custom Resource Spec (replicas: 1) (extensions: 1)
2025-01-29 13:41:59,008 INFO c.h.h.t.HelmChartContainer - [hivemq-test-hivemq-platform] [hivemq-platform-operator] [871bd395] 13:41:59.007 [ReconcilerExecutor-hivemq-controller-98] DEBUG c.h.p.o.HiveMQPlatformReconciler - [helmupgr] StatefulSet Status (revision: test-hivemq-platform-5b6c7575b6, replicas: 1, available: 0, ready: 0, current: 1, updated: 1)
2025-01-29 13:41:59,009 INFO c.h.h.t.HelmChartContainer - [hivemq-test-hivemq-platform] [hivemq-platform-operator] [871bd395] 13:41:59.007 [ReconcilerExecutor-hivemq-controller-98] DEBUG c.h.p.o.HiveMQPlatformReconciler - [helmupgr] StatefulSet Spec (replicas: 1, init containers: 1, containers: 1, volumes: 4)
2025-01-29 13:41:59,039 INFO c.h.h.t.HelmChartContainer - [hivemq-test-hivemq-platform] [hivemq-platform-operator] [871bd395] 13:41:59.037 [ReconcilerExecutor-hivemq-controller-98] DEBUG c.h.p.o.h.HiveMQPlatformReconcilerErrorHandler - [helmupgr] Pod 'test-hivemq-platform-0' phase Pending
2025-01-29 13:41:59,039 INFO c.h.h.t.HelmChartContainer - [hivemq-test-hivemq-platform] [hivemq-platform-operator] [871bd395] 13:41:59.038 [ReconcilerExecutor-hivemq-controller-98] DEBUG c.h.p.o.h.HiveMQPlatformReconcilerErrorHandler - [helmupgr] Pod 'test-hivemq-platform-0' condition 'PodReadyToStartContainers': True
2025-01-29 13:41:59,039 INFO c.h.h.t.HelmChartContainer - [hivemq-test-hivemq-platform] [hivemq-platform-operator] [871bd395] 13:41:59.038 [ReconcilerExecutor-hivemq-controller-98] DEBUG c.h.p.o.h.HiveMQPlatformReconcilerErrorHandler - [helmupgr] Pod 'test-hivemq-platform-0' condition 'Initialized': False
2025-01-29 13:41:59,040 INFO c.h.h.t.HelmChartContainer - [hivemq-test-hivemq-platform] [hivemq-platform-operator] [871bd395] 13:41:59.038 [ReconcilerExecutor-hivemq-controller-98] DEBUG c.h.p.o.h.HiveMQPlatformReconcilerErrorHandler - [helmupgr] Pod 'test-hivemq-platform-0' condition 'Ready': False
2025-01-29 13:41:59,040 INFO c.h.h.t.HelmChartContainer - [hivemq-test-hivemq-platform] [hivemq-platform-operator] [871bd395] 13:41:59.038 [ReconcilerExecutor-hivemq-controller-98] DEBUG c.h.p.o.h.HiveMQPlatformReconcilerErrorHandler - [helmupgr] Pod 'test-hivemq-platform-0' condition 'ContainersReady': False
2025-01-29 13:41:59,040 INFO c.h.h.t.HelmChartContainer - [hivemq-test-hivemq-platform] [hivemq-platform-operator] [871bd395] 13:41:59.038 [ReconcilerExecutor-hivemq-controller-98] DEBUG c.h.p.o.h.HiveMQPlatformReconcilerErrorHandler - [helmupgr] Pod 'test-hivemq-platform-0' condition 'PodScheduled': True
2025-01-29 13:41:59,040 INFO c.h.h.t.HelmChartContainer - [hivemq-test-hivemq-platform] [hivemq-platform-operator] [871bd395] 13:41:59.038 [ReconcilerExecutor-hivemq-controller-98] DEBUG c.h.p.o.h.HiveMQPlatformReconcilerErrorHandler - [helmupgr] Pod 'test-hivemq-platform-0' containerStatus 'hivemq' (started: false) (ready: false) (waiting: [PodInitializing] null)
2025-01-29 13:41:59,041 INFO c.h.h.t.HelmChartContainer - [hivemq-test-hivemq-platform] [hivemq-platform-operator] [871bd395] 13:41:59.040 [ReconcilerExecutor-hivemq-controller-98] INFO  c.h.p.o.h.HiveMQPlatformReconcilerBaseHandler - [helmupgr] HiveMQ Platform is starting, 0 of 1 replicas are ready
2025-01-29 13:41:59,879 INFO c.h.h.t.HelmChartContainer - [EVENT] Normal [Pulled] Container image "docker.io/hivemq/hivemq4:4.36.0" already present on machine [helmupgradeextensionit:test-hivemq-platform-0]
2025-01-29 13:41:59,879 INFO c.h.h.t.HelmChartContainer - Received Pulled event for container hivemq in pod test-hivemq-platform-0 [33d5ece7-ec9f-4c13-935b-8a3f253c287a]
2025-01-29 13:41:59,885 INFO c.h.h.t.HelmChartContainer - [POD] test-hivemq-platform-0 [33d5ece7-ec9f-4c13-935b-8a3f253c287a] in helmupgradeextensionit was MODIFIED
2025-01-29 13:41:59,895 INFO c.h.h.t.HelmChartContainer - [hivemq-test-hivemq-platform] [hivemq-platform-operator] [871bd395] 13:41:59.893 [pool-6-thread-8] DEBUG c.h.p.o.d.PlatformServiceResource - [helmupgr] Desired Platform services (3 services)
2025-01-29 13:41:59,897 INFO c.h.h.t.HelmChartContainer - [hivemq-test-hivemq-platform] [hivemq-platform-operator] [871bd395] 13:41:59.897 [pool-6-thread-9] DEBUG c.h.p.o.dependants.PodInfoConfigMap - [helmupgr] Desired PodInfo ConfigMap (1 extensions) (1 enabled)
2025-01-29 13:41:59,897 INFO c.h.h.t.HelmChartContainer - [hivemq-test-hivemq-platform] [hivemq-platform-operator] [871bd395] 13:41:59.897 [pool-6-thread-9] DEBUG c.h.p.o.dependants.PodInfoConfigMap - [helmupgr] Desired PodInfo ConfigMap (metrics port: 9399) (metrics path: /)
2025-01-29 13:41:59,899 INFO c.h.h.t.HelmChartContainer - [hivemq-test-hivemq-platform] [hivemq-platform-operator] [871bd395] 13:41:59.897 [pool-6-thread-9] DEBUG c.h.p.o.dependants.PodInfoConfigMap - [helmupgr] Desired PodInfo ConfigMap (extension state hash: 1394780433)
2025-01-29 13:41:59,899 INFO c.h.h.t.HelmChartContainer - [hivemq-test-hivemq-platform] [hivemq-platform-operator] [871bd395] 13:41:59.897 [pool-6-thread-1] DEBUG c.h.p.o.d.PodServiceAccountResource - [helmupgr] Desired PodServiceAccountResource (serviceAccountName: hivemq-platform-pod-test-hivemq-platform)
2025-01-29 13:41:59,906 INFO c.h.h.t.HelmChartContainer - [hivemq-test-hivemq-platform] [hivemq-platform-operator] [871bd395] 13:41:59.903 [pool-6-thread-4] DEBUG c.h.p.o.d.StatefulSetResource - [helmupgr] Desired StatefulSet (1 replicas) for status STARTING (READY)
2025-01-29 13:41:59,939 INFO c.h.h.t.HelmChartContainer - [hivemq-test-hivemq-platform] [hivemq-platform-operator] [871bd395] 13:41:59.935 [ReconcilerExecutor-hivemq-controller-109] INFO  c.h.p.o.HiveMQPlatformReconciler - [helmupgr] Reconciling HiveMQ Platform 'test-hivemq-platform' in namespace 'helmupgradeextensionit'
2025-01-29 13:41:59,939 INFO c.h.h.t.HelmChartContainer - [hivemq-test-hivemq-platform] [hivemq-platform-operator] [871bd395] 13:41:59.936 [ReconcilerExecutor-hivemq-controller-109] DEBUG c.h.p.o.HiveMQPlatformReconciler - [helmupgr] Custom Resource Status STARTING - HiveMQ Platform is starting (READY)
2025-01-29 13:41:59,939 INFO c.h.h.t.HelmChartContainer - [hivemq-test-hivemq-platform] [hivemq-platform-operator] [871bd395] 13:41:59.936 [ReconcilerExecutor-hivemq-controller-109] DEBUG c.h.p.o.HiveMQPlatformReconciler - [helmupgr] Custom Resource Spec (replicas: 1) (extensions: 1)
2025-01-29 13:41:59,942 INFO c.h.h.t.HelmChartContainer - [hivemq-test-hivemq-platform] [hivemq-platform-operator] [871bd395] 13:41:59.940 [ReconcilerExecutor-hivemq-controller-109] DEBUG c.h.p.o.HiveMQPlatformReconciler - [helmupgr] StatefulSet Status (revision: test-hivemq-platform-5b6c7575b6, replicas: 1, available: 0, ready: 0, current: 1, updated: 1)
2025-01-29 13:41:59,942 INFO c.h.h.t.HelmChartContainer - [hivemq-test-hivemq-platform] [hivemq-platform-operator] [871bd395] 13:41:59.940 [ReconcilerExecutor-hivemq-controller-109] DEBUG c.h.p.o.HiveMQPlatformReconciler - [helmupgr] StatefulSet Spec (replicas: 1, init containers: 1, containers: 1, volumes: 4)
2025-01-29 13:41:59,945 INFO c.h.h.t.HelmChartContainer - [hivemq-test-hivemq-platform] [hivemq-platform-operator] [871bd395] 13:41:59.943 [ReconcilerExecutor-hivemq-controller-109] DEBUG c.h.p.o.h.HiveMQPlatformReconcilerErrorHandler - [helmupgr] Pod 'test-hivemq-platform-0' phase Pending
2025-01-29 13:41:59,945 INFO c.h.h.t.HelmChartContainer - [hivemq-test-hivemq-platform] [hivemq-platform-operator] [871bd395] 13:41:59.943 [ReconcilerExecutor-hivemq-controller-109] DEBUG c.h.p.o.h.HiveMQPlatformReconcilerErrorHandler - [helmupgr] Pod 'test-hivemq-platform-0' condition 'PodReadyToStartContainers': True
2025-01-29 13:41:59,945 INFO c.h.h.t.HelmChartContainer - [hivemq-test-hivemq-platform] [hivemq-platform-operator] [871bd395] 13:41:59.943 [ReconcilerExecutor-hivemq-controller-109] DEBUG c.h.p.o.h.HiveMQPlatformReconcilerErrorHandler - [helmupgr] Pod 'test-hivemq-platform-0' condition 'Initialized': True
2025-01-29 13:41:59,945 INFO c.h.h.t.HelmChartContainer - [hivemq-test-hivemq-platform] [hivemq-platform-operator] [871bd395] 13:41:59.943 [ReconcilerExecutor-hivemq-controller-109] DEBUG c.h.p.o.h.HiveMQPlatformReconcilerErrorHandler - [helmupgr] Pod 'test-hivemq-platform-0' condition 'Ready': False
2025-01-29 13:41:59,945 INFO c.h.h.t.HelmChartContainer - [hivemq-test-hivemq-platform] [hivemq-platform-operator] [871bd395] 13:41:59.943 [ReconcilerExecutor-hivemq-controller-109] DEBUG c.h.p.o.h.HiveMQPlatformReconcilerErrorHandler - [helmupgr] Pod 'test-hivemq-platform-0' condition 'ContainersReady': False
2025-01-29 13:41:59,945 INFO c.h.h.t.HelmChartContainer - [hivemq-test-hivemq-platform] [hivemq-platform-operator] [871bd395] 13:41:59.943 [ReconcilerExecutor-hivemq-controller-109] DEBUG c.h.p.o.h.HiveMQPlatformReconcilerErrorHandler - [helmupgr] Pod 'test-hivemq-platform-0' condition 'PodScheduled': True
2025-01-29 13:41:59,945 INFO c.h.h.t.HelmChartContainer - [hivemq-test-hivemq-platform] [hivemq-platform-operator] [871bd395] 13:41:59.943 [ReconcilerExecutor-hivemq-controller-109] DEBUG c.h.p.o.h.HiveMQPlatformReconcilerErrorHandler - [helmupgr] Pod 'test-hivemq-platform-0' containerStatus 'hivemq' (started: false) (ready: false) (waiting: [PodInitializing] null)
2025-01-29 13:41:59,947 INFO c.h.h.t.HelmChartContainer - [hivemq-test-hivemq-platform] [hivemq-platform-operator] [871bd395] 13:41:59.944 [ReconcilerExecutor-hivemq-controller-109] INFO  c.h.p.o.h.HiveMQPlatformReconcilerBaseHandler - [helmupgr] HiveMQ Platform is starting, 0 of 1 replicas are ready
2025-01-29 13:42:01,013 INFO c.h.h.t.HelmChartContainer - [EVENT] Normal [Created] Created container: hivemq [helmupgradeextensionit:test-hivemq-platform-0]
2025-01-29 13:42:01,013 INFO c.h.h.t.HelmChartContainer - Received Created event for container hivemq in pod test-hivemq-platform-0 [33d5ece7-ec9f-4c13-935b-8a3f253c287a]
2025-01-29 13:42:01,891 INFO c.h.h.t.HelmChartContainer - [POD] test-hivemq-platform-0 [33d5ece7-ec9f-4c13-935b-8a3f253c287a] in helmupgradeextensionit was MODIFIED
2025-01-29 13:42:01,903 INFO c.h.h.t.HelmChartContainer - [hivemq-test-hivemq-platform] [hivemq-platform-operator] [871bd395] 13:42:01.899 [pool-6-thread-17] DEBUG c.h.p.o.d.PlatformServiceResource - [helmupgr] Desired Platform services (3 services)
2025-01-29 13:42:01,904 INFO c.h.h.t.HelmChartContainer - [EVENT] Normal [Started] Started container hivemq [helmupgradeextensionit:test-hivemq-platform-0]
2025-01-29 13:42:01,905 INFO c.h.h.t.HelmChartContainer - Received Started event for container hivemq in pod test-hivemq-platform-0 [33d5ece7-ec9f-4c13-935b-8a3f253c287a]
2025-01-29 13:42:01,904 INFO c.h.h.t.HelmChartContainer - Started log watcher for hivemq in pod test-hivemq-platform-0 [33d5ece7-ec9f-4c13-935b-8a3f253c287a]
2025-01-29 13:42:01,905 INFO c.h.h.t.HelmChartContainer - [test-hivemq-platform] [hivemq] [33d5ece7] Adding pre-installed HiveMQ Platform Operator extensions
2025-01-29 13:42:01,905 INFO c.h.h.t.HelmChartContainer - [test-hivemq-platform] [hivemq] [33d5ece7] Running as user 10000
2025-01-29 13:42:01,905 INFO c.h.h.t.HelmChartContainer - [test-hivemq-platform] [hivemq] [33d5ece7] Starting HiveMQ Platform Operator Init
2025-01-29 13:42:01,908 INFO c.h.h.t.HelmChartContainer - [hivemq-test-hivemq-platform] [hivemq-platform-operator] [871bd395] 13:42:01.907 [pool-6-thread-19] DEBUG c.h.p.o.d.PodServiceAccountResource - [helmupgr] Desired PodServiceAccountResource (serviceAccountName: hivemq-platform-pod-test-hivemq-platform)
2025-01-29 13:42:01,910 INFO c.h.h.t.HelmChartContainer - [hivemq-test-hivemq-platform] [hivemq-platform-operator] [871bd395] 13:42:01.908 [pool-6-thread-15] DEBUG c.h.p.o.dependants.PodInfoConfigMap - [helmupgr] Desired PodInfo ConfigMap (1 extensions) (1 enabled)
2025-01-29 13:42:01,912 INFO c.h.h.t.HelmChartContainer - [hivemq-test-hivemq-platform] [hivemq-platform-operator] [871bd395] 13:42:01.909 [pool-6-thread-15] DEBUG c.h.p.o.dependants.PodInfoConfigMap - [helmupgr] Desired PodInfo ConfigMap (metrics port: 9399) (metrics path: /)
2025-01-29 13:42:01,912 INFO c.h.h.t.HelmChartContainer - [hivemq-test-hivemq-platform] [hivemq-platform-operator] [871bd395] 13:42:01.910 [pool-6-thread-15] DEBUG c.h.p.o.dependants.PodInfoConfigMap - [helmupgr] Desired PodInfo ConfigMap (extension state hash: 1394780433)
2025-01-29 13:42:01,920 INFO c.h.h.t.HelmChartContainer - [hivemq-test-hivemq-platform] [hivemq-platform-operator] [871bd395] 13:42:01.919 [pool-6-thread-20] DEBUG c.h.p.o.d.StatefulSetResource - [helmupgr] Desired StatefulSet (1 replicas) for status STARTING (READY)
2025-01-29 13:42:02,002 INFO c.h.h.t.HelmChartContainer - [hivemq-test-hivemq-platform] [hivemq-platform-operator] [871bd395] 13:42:02.000 [ReconcilerExecutor-hivemq-controller-110] INFO  c.h.p.o.HiveMQPlatformReconciler - [helmupgr] Reconciling HiveMQ Platform 'test-hivemq-platform' in namespace 'helmupgradeextensionit'
2025-01-29 13:42:02,002 INFO c.h.h.t.HelmChartContainer - [hivemq-test-hivemq-platform] [hivemq-platform-operator] [871bd395] 13:42:02.000 [ReconcilerExecutor-hivemq-controller-110] DEBUG c.h.p.o.HiveMQPlatformReconciler - [helmupgr] Custom Resource Status STARTING - HiveMQ Platform is starting (READY)
2025-01-29 13:42:02,002 INFO c.h.h.t.HelmChartContainer - [hivemq-test-hivemq-platform] [hivemq-platform-operator] [871bd395] 13:42:02.001 [ReconcilerExecutor-hivemq-controller-110] DEBUG c.h.p.o.HiveMQPlatformReconciler - [helmupgr] Custom Resource Spec (replicas: 1) (extensions: 1)
2025-01-29 13:42:02,006 INFO c.h.h.t.HelmChartContainer - [hivemq-test-hivemq-platform] [hivemq-platform-operator] [871bd395] 13:42:02.005 [ReconcilerExecutor-hivemq-controller-110] DEBUG c.h.p.o.HiveMQPlatformReconciler - [helmupgr] StatefulSet Status (revision: test-hivemq-platform-5b6c7575b6, replicas: 1, available: 0, ready: 0, current: 1, updated: 1)
2025-01-29 13:42:02,006 INFO c.h.h.t.HelmChartContainer - [hivemq-test-hivemq-platform] [hivemq-platform-operator] [871bd395] 13:42:02.005 [ReconcilerExecutor-hivemq-controller-110] DEBUG c.h.p.o.HiveMQPlatformReconciler - [helmupgr] StatefulSet Spec (replicas: 1, init containers: 1, containers: 1, volumes: 4)
2025-01-29 13:42:02,007 INFO c.h.h.t.HelmChartContainer - [hivemq-test-hivemq-platform] [hivemq-platform-operator] [871bd395] 13:42:02.006 [ReconcilerExecutor-hivemq-controller-110] DEBUG c.h.p.o.h.HiveMQPlatformReconcilerErrorHandler - [helmupgr] Pod 'test-hivemq-platform-0' phase Running
2025-01-29 13:42:02,008 INFO c.h.h.t.HelmChartContainer - [hivemq-test-hivemq-platform] [hivemq-platform-operator] [871bd395] 13:42:02.007 [ReconcilerExecutor-hivemq-controller-110] INFO  c.h.p.o.h.HiveMQPlatformReconcilerBaseHandler - [helmupgr] HiveMQ Platform is starting, 0 of 1 replicas are ready
2025-01-29 13:42:02,351 INFO c.h.h.t.HelmChartContainer - [test-hivemq-platform] [hivemq] [33d5ece7] INFO  - [HiveMQ Platform Operator Init 1.7.0-SNAPSHOT] HiveMQ Platform Operator Init 1.7.0-SNAPSHOT (commit: bebf408 on branch: HEAD) built on Sun Jan 26 20:47:47 UTC 2025
2025-01-29 13:42:03,558 INFO c.h.h.t.HelmChartContainer - [test-hivemq-platform] [hivemq] [33d5ece7] INFO  - [HiveMQ Platform Operator Init App 1.7.0-SNAPSHOT] Using bind address 10.42.0.8 from environment variable
2025-01-29 13:42:04,470 INFO c.h.h.t.HelmChartContainer - [test-hivemq-platform] [hivemq] [33d5ece7] INFO  - [HiveMQ Platform Operator Init App 1.7.0-SNAPSHOT] HiveMQ Platform Operator Init App 1.7.0-SNAPSHOT (commit: bebf408 on branch: HEAD) built on Sun Jan 26 20:47:47 UTC 2025
2025-01-29 13:42:04,471 INFO c.h.h.t.HelmChartContainer - [test-hivemq-platform] [hivemq] [33d5ece7] INFO  - [HiveMQ Platform Operator Init App 1.7.0-SNAPSHOT] PodInfo ConfigMap directory: /etc/podinfo
2025-01-29 13:42:04,471 INFO c.h.h.t.HelmChartContainer - [test-hivemq-platform] [hivemq] [33d5ece7] INFO  - [HiveMQ Platform Operator Init App 1.7.0-SNAPSHOT] HiveMQ home directory: /opt/hivemq
2025-01-29 13:42:04,471 INFO c.h.h.t.HelmChartContainer - [test-hivemq-platform] [hivemq] [33d5ece7] INFO  - [HiveMQ Platform Operator Init App 1.7.0-SNAPSHOT] HiveMQ Logback folder: /opt/hivemq/conf
2025-01-29 13:42:04,471 INFO c.h.h.t.HelmChartContainer - [test-hivemq-platform] [hivemq] [33d5ece7] INFO  - [HiveMQ Platform Operator Init App 1.7.0-SNAPSHOT] HiveMQ Config folder: /opt/hivemq/conf-k8s
2025-01-29 13:42:04,547 INFO c.h.h.t.HelmChartContainer - [test-hivemq-platform] [hivemq] [33d5ece7] INFO  - [HiveMQ Platform Operator Init App 1.7.0-SNAPSHOT] Starting HiveMQ Platform Operator Init App
2025-01-29 13:42:04,547 INFO c.h.h.t.HelmChartContainer - [test-hivemq-platform] [hivemq] [33d5ece7] INFO  - [HiveMQ Platform Operator Init App 1.7.0-SNAPSHOT] Starting Pod reconciler
2025-01-29 13:42:05,748 INFO c.h.h.t.HelmChartContainer - [test-hivemq-platform] [hivemq] [33d5ece7] INFO  - [HiveMQ Platform Operator Init App 1.7.0-SNAPSHOT] Pod reconciler is scheduled (interval: 5000 ms)
2025-01-29 13:42:05,748 INFO c.h.h.t.HelmChartContainer - [test-hivemq-platform] [hivemq] [33d5ece7] INFO  - [HiveMQ Platform Operator Init App 1.7.0-SNAPSHOT] Starting the REST API on 10.42.0.8:7979
2025-01-29 13:42:05,751 INFO c.h.h.t.HelmChartContainer - [test-hivemq-platform] [hivemq] [33d5ece7] INFO  - [HiveMQ Platform Operator Init App 1.7.0-SNAPSHOT] Waiting up to 600s for at most 1 HiveMQ nodes in cluster service hivemq-test-hivemq-platform-cluster.helmupgradeextensionit.svc
2025-01-29 13:42:06,065 INFO c.h.h.t.HelmChartContainer - [test-hivemq-platform] [hivemq] [33d5ece7] INFO  - [HiveMQ Platform Operator Init App 1.7.0-SNAPSHOT] Resolved 1 IP addresses: [10.42.0.8]
2025-01-29 13:42:06,143 INFO c.h.h.t.HelmChartContainer - [test-hivemq-platform] [hivemq] [33d5ece7] INFO  - [HiveMQ Platform Operator Init App 1.7.0-SNAPSHOT] HiveMQ node count of 1 is within threshold of 1
2025-01-29 13:42:06,144 INFO c.h.h.t.HelmChartContainer - [test-hivemq-platform] [hivemq] [33d5ece7] INFO  - [HiveMQ Platform Operator Init App 1.7.0-SNAPSHOT] Proceeding with container start
2025-01-29 13:42:06,167 INFO c.h.h.t.HelmChartContainer - [test-hivemq-platform] [hivemq] [33d5ece7] INFO  - [HiveMQ Platform Operator Init App 1.7.0-SNAPSHOT] Initializing HiveMQ Platform extensions with initial configuration: {hivemq-bridge-extension={start-priority=-1, skip-https-hostname-verification=false, restart=true, config-version=823, header-version=0, c-uri=, priority=-1, uri=preinstalled, skip-https-certificate-validation=false, enabled=true}, hivemq-prometheus-extension={enabled=true, request-header-path=no-request-headers, uri=preinstalled, skip-https-certificate-validation=false, skip-https-hostname-verification=false, c-uri=, start-priority=-1, priority=-1, restart=true}}
2025-01-29 13:42:06,565 INFO c.h.h.t.HelmChartContainer - [test-hivemq-platform] [hivemq] [33d5ece7] INFO  - [HiveMQ Platform Operator Init App 1.7.0-SNAPSHOT] Successfully enabled extension hivemq-bridge-extension
2025-01-29 13:42:06,565 INFO c.h.h.testcontainer.LogWaiterUtil - TEST Found log pattern on 'test-hivemq-platform-0': .*\[HiveMQ Platform Operator Init App [A-Z0-9.-]+\] Successfully enabled extension hivemq-bridge-extension
2025-01-29 13:42:06,652 INFO c.h.h.t.HelmChartContainer - [test-hivemq-platform] [hivemq] [33d5ece7] INFO  - [HiveMQ Platform Operator Init App 1.7.0-SNAPSHOT] Successfully enabled extension hivemq-prometheus-extension
2025-01-29 13:42:06,653 INFO c.h.h.t.HelmChartContainer - [test-hivemq-platform] [hivemq] [33d5ece7] INFO  - [HiveMQ Platform Operator Init App 1.7.0-SNAPSHOT] Starting HiveMQ Platform version 4.36.0 (4.36.0)
2025-01-29 13:42:06,653 INFO c.h.h.t.HelmChartContainer - [test-hivemq-platform] [hivemq] [33d5ece7] INFO  - [HiveMQ Platform Operator Init App 1.7.0-SNAPSHOT] Configuring the HiveMQ Platform
2025-01-29 13:42:06,749 INFO c.h.h.t.HelmChartContainer - [test-hivemq-platform] [hivemq] [33d5ece7] INFO  - [HiveMQ Platform Operator Init App 1.7.0-SNAPSHOT] Changed logback.xml file scan period to 20 seconds
2025-01-29 13:42:06,848 INFO c.h.h.t.HelmChartContainer - [test-hivemq-platform] [hivemq] [33d5ece7] INFO  - [HiveMQ Platform Operator Init App 1.7.0-SNAPSHOT] Starting the HiveMQ Platform
2025-01-29 13:42:06,851 INFO c.h.h.t.HelmChartContainer - [test-hivemq-platform] [hivemq] [33d5ece7] -------------------------------------------------------------------------
2025-01-29 13:42:06,851 INFO c.h.h.t.HelmChartContainer - [test-hivemq-platform] [hivemq] [33d5ece7] 
2025-01-29 13:42:06,851 INFO c.h.h.t.HelmChartContainer - [test-hivemq-platform] [hivemq] [33d5ece7]                   _    _  _              __  __   ____
2025-01-29 13:42:06,851 INFO c.h.h.t.HelmChartContainer - [test-hivemq-platform] [hivemq] [33d5ece7]                  | |  | |(_)            |  \/  | / __ \
2025-01-29 13:42:06,851 INFO c.h.h.t.HelmChartContainer - [test-hivemq-platform] [hivemq] [33d5ece7]                  | |__| | _ __   __ ___ | \  / || |  | |
2025-01-29 13:42:06,852 INFO c.h.h.t.HelmChartContainer - [test-hivemq-platform] [hivemq] [33d5ece7]                  |  __  || |\ \ / // _ \| |\/| || |  | |
2025-01-29 13:42:06,852 INFO c.h.h.t.HelmChartContainer - [test-hivemq-platform] [hivemq] [33d5ece7]                  | |  | || | \ V /|  __/| |  | || |__| |
2025-01-29 13:42:06,852 INFO c.h.h.t.HelmChartContainer - [test-hivemq-platform] [hivemq] [33d5ece7]                  |_|  |_||_|  \_/  \___||_|  |_| \___\_\
2025-01-29 13:42:06,852 INFO c.h.h.t.HelmChartContainer - [test-hivemq-platform] [hivemq] [33d5ece7] 
2025-01-29 13:42:06,852 INFO c.h.h.t.HelmChartContainer - [test-hivemq-platform] [hivemq] [33d5ece7] -------------------------------------------------------------------------
2025-01-29 13:42:06,852 INFO c.h.h.t.HelmChartContainer - [test-hivemq-platform] [hivemq] [33d5ece7] 
2025-01-29 13:42:06,852 INFO c.h.h.t.HelmChartContainer - [test-hivemq-platform] [hivemq] [33d5ece7]   HiveMQ Start Script for Linux/Unix v1.14
2025-01-29 13:42:06,852 INFO c.h.h.t.HelmChartContainer - [test-hivemq-platform] [hivemq] [33d5ece7] 
2025-01-29 13:42:06,946 INFO c.h.h.t.HelmChartContainer - [test-hivemq-platform] [hivemq] [33d5ece7] -------------------------------------------------------------------------
2025-01-29 13:42:06,946 INFO c.h.h.t.HelmChartContainer - [test-hivemq-platform] [hivemq] [33d5ece7] 
2025-01-29 13:42:06,946 INFO c.h.h.t.HelmChartContainer - [test-hivemq-platform] [hivemq] [33d5ece7]   HIVEMQ_HOME: /opt/hivemq
2025-01-29 13:42:06,946 INFO c.h.h.t.HelmChartContainer - [test-hivemq-platform] [hivemq] [33d5ece7] 
2025-01-29 13:42:06,946 INFO c.h.h.t.HelmChartContainer - [test-hivemq-platform] [hivemq] [33d5ece7]   JAVA_OPTS: -XX:+UnlockExperimentalVMOptions -XX:InitialRAMPercentage=50 -XX:MaxRAMPercentage=50 -Djava.net.preferIPv4Stack=true --add-opens java.base/java.lang=ALL-UNNAMED --add-opens java.base/java.nio=ALL-UNNAMED --add-opens java.base/sun.nio.ch=ALL-UNNAMED --add-opens jdk.management/com.sun.management.internal=ALL-UNNAMED --add-exports java.base/jdk.internal.misc=ALL-UNNAMED -Djava.security.egd=file:/dev/./urandom -Dcom.sun.management.jmxremote -Dcom.sun.management.jmxremote.port=9010 -Dcom.sun.management.jmxremote.local.only=false -Dcom.sun.management.jmxremote.authenticate=false -Dcom.sun.management.jmxremote.ssl=false -Duser.language=en -Duser.region=US -XX:+CrashOnOutOfMemoryError -XX:+HeapDumpOnOutOfMemoryError
2025-01-29 13:42:06,946 INFO c.h.h.t.HelmChartContainer - [test-hivemq-platform] [hivemq] [33d5ece7] 
2025-01-29 13:42:06,947 INFO c.h.h.t.HelmChartContainer - [test-hivemq-platform] [hivemq] [33d5ece7]   JAVA_VERSION: 21
2025-01-29 13:42:06,947 INFO c.h.h.t.HelmChartContainer - [test-hivemq-platform] [hivemq] [33d5ece7] 
2025-01-29 13:42:06,947 INFO c.h.h.t.HelmChartContainer - [test-hivemq-platform] [hivemq] [33d5ece7] -------------------------------------------------------------------------
2025-01-29 13:42:06,947 INFO c.h.h.t.HelmChartContainer - [test-hivemq-platform] [hivemq] [33d5ece7] 
2025-01-29 13:42:07,951 INFO c.h.h.t.HelmChartContainer - [test-hivemq-platform] [hivemq] [33d5ece7] INFO  - [HiveMQ Platform Operator Init App 1.7.0-SNAPSHOT] Returning default Health API response 503 for readiness
2025-01-29 13:42:08,260 INFO c.h.h.t.HelmChartContainer - [EVENT] Warning [Unhealthy] Readiness probe failed: HTTP probe failed with statuscode: 503 [helmupgradeextensionit:test-hivemq-platform-0]
2025-01-29 13:42:08,260 INFO c.h.h.t.HelmChartContainer - Received Unhealthy event for container hivemq in pod test-hivemq-platform-0 [33d5ece7-ec9f-4c13-935b-8a3f253c287a]
2025-01-29 13:42:09,655 INFO c.h.h.t.HelmChartContainer - [test-hivemq-platform] [hivemq] [33d5ece7] INFO  - Starting HiveMQ Enterprise Server
2025-01-29 13:42:09,661 INFO c.h.h.t.HelmChartContainer - [test-hivemq-platform] [hivemq] [33d5ece7] INFO  - HiveMQ version: 4.36.0
2025-01-29 13:42:09,661 INFO c.h.h.t.HelmChartContainer - [test-hivemq-platform] [hivemq] [33d5ece7] INFO  - HiveMQ home directory: /opt/hivemq
2025-01-29 13:42:09,662 INFO c.h.h.t.HelmChartContainer - [test-hivemq-platform] [hivemq] [33d5ece7] INFO  - Log Configuration was overridden by /opt/hivemq/conf/logback.xml
2025-01-29 13:42:11,148 INFO c.h.h.t.HelmChartContainer - [test-hivemq-platform] [hivemq] [33d5ece7] INFO  - Successfully loaded configuration from '/opt/hivemq/conf-k8s/config.xml'.
2025-01-29 13:42:11,857 INFO c.h.h.t.HelmChartContainer - [test-hivemq-platform] [hivemq] [33d5ece7] INFO  - This node's ID is hjKbr
2025-01-29 13:42:11,858 INFO c.h.h.t.HelmChartContainer - [test-hivemq-platform] [hivemq] [33d5ece7] INFO  - Clustering is enabled
2025-01-29 13:42:12,016 INFO c.h.h.t.HelmChartContainer - [hivemq-test-hivemq-platform] [hivemq-platform-operator] [871bd395] 13:42:12.012 [pool-6-thread-23] DEBUG c.h.p.o.d.PlatformServiceResource - [helmupgr] Desired Platform services (3 services)
2025-01-29 13:42:12,016 INFO c.h.h.t.HelmChartContainer - [hivemq-test-hivemq-platform] [hivemq-platform-operator] [871bd395] 13:42:12.015 [pool-6-thread-25] DEBUG c.h.p.o.dependants.PodInfoConfigMap - [helmupgr] Desired PodInfo ConfigMap (1 extensions) (1 enabled)
2025-01-29 13:42:12,016 INFO c.h.h.t.HelmChartContainer - [hivemq-test-hivemq-platform] [hivemq-platform-operator] [871bd395] 13:42:12.015 [pool-6-thread-25] DEBUG c.h.p.o.dependants.PodInfoConfigMap - [helmupgr] Desired PodInfo ConfigMap (metrics port: 9399) (metrics path: /)
2025-01-29 13:42:12,017 INFO c.h.h.t.HelmChartContainer - [hivemq-test-hivemq-platform] [hivemq-platform-operator] [871bd395] 13:42:12.015 [pool-6-thread-25] DEBUG c.h.p.o.dependants.PodInfoConfigMap - [helmupgr] Desired PodInfo ConfigMap (extension state hash: 1394780433)
2025-01-29 13:42:12,020 INFO c.h.h.t.HelmChartContainer - [hivemq-test-hivemq-platform] [hivemq-platform-operator] [871bd395] 13:42:12.018 [pool-6-thread-27] DEBUG c.h.p.o.d.PodServiceAccountResource - [helmupgr] Desired PodServiceAccountResource (serviceAccountName: hivemq-platform-pod-test-hivemq-platform)
2025-01-29 13:42:12,023 INFO c.h.h.t.HelmChartContainer - [hivemq-test-hivemq-platform] [hivemq-platform-operator] [871bd395] 13:42:12.022 [pool-6-thread-22] DEBUG c.h.p.o.d.StatefulSetResource - [helmupgr] Desired StatefulSet (1 replicas) for status STARTING (READY)
2025-01-29 13:42:12,104 INFO c.h.h.t.HelmChartContainer - [hivemq-test-hivemq-platform] [hivemq-platform-operator] [871bd395] 13:42:12.101 [ReconcilerExecutor-hivemq-controller-111] INFO  c.h.p.o.HiveMQPlatformReconciler - [helmupgr] Reconciling HiveMQ Platform 'test-hivemq-platform' in namespace 'helmupgradeextensionit'
2025-01-29 13:42:12,105 INFO c.h.h.t.HelmChartContainer - [hivemq-test-hivemq-platform] [hivemq-platform-operator] [871bd395] 13:42:12.101 [ReconcilerExecutor-hivemq-controller-111] DEBUG c.h.p.o.HiveMQPlatformReconciler - [helmupgr] Custom Resource Status STARTING - HiveMQ Platform is starting (READY)
2025-01-29 13:42:12,105 INFO c.h.h.t.HelmChartContainer - [hivemq-test-hivemq-platform] [hivemq-platform-operator] [871bd395] 13:42:12.102 [ReconcilerExecutor-hivemq-controller-111] DEBUG c.h.p.o.HiveMQPlatformReconciler - [helmupgr] Custom Resource Spec (replicas: 1) (extensions: 1)
2025-01-29 13:42:12,109 INFO c.h.h.t.HelmChartContainer - [hivemq-test-hivemq-platform] [hivemq-platform-operator] [871bd395] 13:42:12.108 [ReconcilerExecutor-hivemq-controller-111] DEBUG c.h.p.o.HiveMQPlatformReconciler - [helmupgr] StatefulSet Status (revision: test-hivemq-platform-5b6c7575b6, replicas: 1, available: 0, ready: 0, current: 1, updated: 1)
2025-01-29 13:42:12,109 INFO c.h.h.t.HelmChartContainer - [hivemq-test-hivemq-platform] [hivemq-platform-operator] [871bd395] 13:42:12.109 [ReconcilerExecutor-hivemq-controller-111] DEBUG c.h.p.o.HiveMQPlatformReconciler - [helmupgr] StatefulSet Spec (replicas: 1, init containers: 1, containers: 1, volumes: 4)
2025-01-29 13:42:12,111 INFO c.h.h.t.HelmChartContainer - [hivemq-test-hivemq-platform] [hivemq-platform-operator] [871bd395] 13:42:12.110 [ReconcilerExecutor-hivemq-controller-111] DEBUG c.h.p.o.h.HiveMQPlatformReconcilerErrorHandler - [helmupgr] Pod 'test-hivemq-platform-0' phase Running
2025-01-29 13:42:12,111 INFO c.h.h.t.HelmChartContainer - [hivemq-test-hivemq-platform] [hivemq-platform-operator] [871bd395] 13:42:12.111 [ReconcilerExecutor-hivemq-controller-111] INFO  c.h.p.o.h.HiveMQPlatformReconcilerBaseHandler - [helmupgr] HiveMQ Platform is starting, 0 of 1 replicas are ready
2025-01-29 13:42:13,459 INFO c.h.h.t.HelmChartContainer - [test-hivemq-platform] [hivemq] [33d5ece7] WARN  - [HiveMQ Platform Operator Init App 1.7.0-SNAPSHOT] Cannot connect to Health API for readiness: null
2025-01-29 13:42:13,463 INFO c.h.h.t.HelmChartContainer - [EVENT] Warning [Unhealthy] Readiness probe failed: HTTP probe failed with statuscode: 503 [helmupgradeextensionit:test-hivemq-platform-0]
2025-01-29 13:42:13,463 INFO c.h.h.t.HelmChartContainer - Received Unhealthy event for container hivemq in pod test-hivemq-platform-0 [33d5ece7-ec9f-4c13-935b-8a3f253c287a]
2025-01-29 13:42:15,953 INFO c.h.h.t.HelmChartContainer - [test-hivemq-platform] [hivemq] [33d5ece7] Jan 29, 2025 1:42:15 PM io.vertx.core.impl.BlockedThreadChecker
2025-01-29 13:42:15,953 INFO c.h.h.t.HelmChartContainer - [test-hivemq-platform] [hivemq] [33d5ece7] WARNING: Thread Thread[vert.x-eventloop-thread-1,5,main] has been blocked for 2200 ms, time limit is 2000 ms
2025-01-29 13:42:16,745 INFO c.h.h.t.HelmChartContainer - [test-hivemq-platform] [hivemq] [33d5ece7] INFO  - [HiveMQ Platform Operator Init App 1.7.0-SNAPSHOT] Updating Pod HiveMQ Platform Operator Init App version annotation (version: 1.7.0-SNAPSHOT)
2025-01-29 13:42:17,562 INFO c.h.h.t.HelmChartContainer - [POD] test-hivemq-platform-0 [33d5ece7-ec9f-4c13-935b-8a3f253c287a] in helmupgradeextensionit was MODIFIED
2025-01-29 13:42:17,569 INFO c.h.h.t.HelmChartContainer - [hivemq-test-hivemq-platform] [hivemq-platform-operator] [871bd395] 13:42:17.566 [pool-6-thread-37] DEBUG c.h.p.o.d.PlatformServiceResource - [helmupgr] Desired Platform services (3 services)
2025-01-29 13:42:17,570 INFO c.h.h.t.HelmChartContainer - [hivemq-test-hivemq-platform] [hivemq-platform-operator] [871bd395] 13:42:17.567 [pool-6-thread-33] DEBUG c.h.p.o.dependants.PodInfoConfigMap - [helmupgr] Desired PodInfo ConfigMap (1 extensions) (1 enabled)
2025-01-29 13:42:17,570 INFO c.h.h.t.HelmChartContainer - [hivemq-test-hivemq-platform] [hivemq-platform-operator] [871bd395] 13:42:17.569 [pool-6-thread-33] DEBUG c.h.p.o.dependants.PodInfoConfigMap - [helmupgr] Desired PodInfo ConfigMap (metrics port: 9399) (metrics path: /)
2025-01-29 13:42:17,571 INFO c.h.h.t.HelmChartContainer - [hivemq-test-hivemq-platform] [hivemq-platform-operator] [871bd395] 13:42:17.569 [pool-6-thread-33] DEBUG c.h.p.o.dependants.PodInfoConfigMap - [helmupgr] Desired PodInfo ConfigMap (extension state hash: 1394780433)
2025-01-29 13:42:17,571 INFO c.h.h.t.HelmChartContainer - [hivemq-test-hivemq-platform] [hivemq-platform-operator] [871bd395] 13:42:17.568 [pool-6-thread-39] DEBUG c.h.p.o.d.PodServiceAccountResource - [helmupgr] Desired PodServiceAccountResource (serviceAccountName: hivemq-platform-pod-test-hivemq-platform)
2025-01-29 13:42:17,574 INFO c.h.h.t.HelmChartContainer - [hivemq-test-hivemq-platform] [hivemq-platform-operator] [871bd395] 13:42:17.573 [pool-6-thread-37] DEBUG c.h.p.o.d.StatefulSetResource - [helmupgr] Desired StatefulSet (1 replicas) for status STARTING (READY)
2025-01-29 13:42:17,579 INFO c.h.h.t.HelmChartContainer - [hivemq-test-hivemq-platform] [hivemq-platform-operator] [871bd395] 13:42:17.578 [ReconcilerExecutor-hivemq-controller-112] INFO  c.h.p.o.HiveMQPlatformReconciler - [helmupgr] Reconciling HiveMQ Platform 'test-hivemq-platform' in namespace 'helmupgradeextensionit'
2025-01-29 13:42:17,580 INFO c.h.h.t.HelmChartContainer - [hivemq-test-hivemq-platform] [hivemq-platform-operator] [871bd395] 13:42:17.578 [ReconcilerExecutor-hivemq-controller-112] DEBUG c.h.p.o.HiveMQPlatformReconciler - [helmupgr] Custom Resource Status STARTING - HiveMQ Platform is starting (READY)
2025-01-29 13:42:17,580 INFO c.h.h.t.HelmChartContainer - [hivemq-test-hivemq-platform] [hivemq-platform-operator] [871bd395] 13:42:17.578 [ReconcilerExecutor-hivemq-controller-112] DEBUG c.h.p.o.HiveMQPlatformReconciler - [helmupgr] Custom Resource Spec (replicas: 1) (extensions: 1)
2025-01-29 13:42:17,581 INFO c.h.h.t.HelmChartContainer - [hivemq-test-hivemq-platform] [hivemq-platform-operator] [871bd395] 13:42:17.580 [ReconcilerExecutor-hivemq-controller-112] DEBUG c.h.p.o.HiveMQPlatformReconciler - [helmupgr] StatefulSet Status (revision: test-hivemq-platform-5b6c7575b6, replicas: 1, available: 0, ready: 0, current: 1, updated: 1)
2025-01-29 13:42:17,581 INFO c.h.h.t.HelmChartContainer - [hivemq-test-hivemq-platform] [hivemq-platform-operator] [871bd395] 13:42:17.580 [ReconcilerExecutor-hivemq-controller-112] DEBUG c.h.p.o.HiveMQPlatformReconciler - [helmupgr] StatefulSet Spec (replicas: 1, init containers: 1, containers: 1, volumes: 4)
2025-01-29 13:42:17,637 INFO c.h.h.t.HelmChartContainer - [hivemq-test-hivemq-platform] [hivemq-platform-operator] [871bd395] 13:42:17.636 [ReconcilerExecutor-hivemq-controller-112] DEBUG c.h.p.o.h.HiveMQPlatformReconcilerErrorHandler - [helmupgr] Pod 'test-hivemq-platform-0' phase Running
2025-01-29 13:42:17,640 INFO c.h.h.t.HelmChartContainer - [hivemq-test-hivemq-platform] [hivemq-platform-operator] [871bd395] 13:42:17.637 [ReconcilerExecutor-hivemq-controller-112] INFO  c.h.p.o.h.HiveMQPlatformReconcilerBaseHandler - [helmupgr] HiveMQ Platform is starting, 0 of 1 replicas are ready
2025-01-29 13:42:17,656 INFO c.h.h.t.HelmChartContainer - [test-hivemq-platform] [hivemq] [33d5ece7] WARN  - [HiveMQ Platform Operator Init App 1.7.0-SNAPSHOT] Cannot connect to Health API for readiness: null
2025-01-29 13:42:17,661 INFO c.h.h.t.HelmChartContainer - [EVENT] Warning [Unhealthy] Readiness probe failed: HTTP probe failed with statuscode: 503 [helmupgradeextensionit:test-hivemq-platform-0]
2025-01-29 13:42:17,661 INFO c.h.h.t.HelmChartContainer - Received Unhealthy event for container hivemq in pod test-hivemq-platform-0 [33d5ece7-ec9f-4c13-935b-8a3f253c287a]
2025-01-29 13:42:17,662 INFO c.h.h.t.HelmChartContainer - [test-hivemq-platform] [hivemq] [33d5ece7] INFO  - [HiveMQ Platform Operator Init App 1.7.0-SNAPSHOT] Successfully updated Pod HiveMQ Platform Operator Init App version annotation (version: 1.7.0-SNAPSHOT)
2025-01-29 13:42:22,644 INFO c.h.h.t.HelmChartContainer - [test-hivemq-platform] [hivemq] [33d5ece7] WARN  - [HiveMQ Platform Operator Init App 1.7.0-SNAPSHOT] Cannot connect to Health API for readiness: null
2025-01-29 13:42:22,649 INFO c.h.h.t.HelmChartContainer - [EVENT] Warning [Unhealthy] Readiness probe failed: HTTP probe failed with statuscode: 503 [helmupgradeextensionit:test-hivemq-platform-0]
2025-01-29 13:42:22,649 INFO c.h.h.t.HelmChartContainer - Received Unhealthy event for container hivemq in pod test-hivemq-platform-0 [33d5ece7-ec9f-4c13-935b-8a3f253c287a]
2025-01-29 13:42:27,643 INFO c.h.h.t.HelmChartContainer - [hivemq-test-hivemq-platform] [hivemq-platform-operator] [871bd395] 13:42:27.639 [pool-6-thread-49] DEBUG c.h.p.o.d.PlatformServiceResource - [helmupgr] Desired Platform services (3 services)
2025-01-29 13:42:27,643 INFO c.h.h.t.HelmChartContainer - [hivemq-test-hivemq-platform] [hivemq-platform-operator] [871bd395] 13:42:27.641 [pool-6-thread-41] DEBUG c.h.p.o.dependants.PodInfoConfigMap - [helmupgr] Desired PodInfo ConfigMap (1 extensions) (1 enabled)
2025-01-29 13:42:27,643 INFO c.h.h.t.HelmChartContainer - [hivemq-test-hivemq-platform] [hivemq-platform-operator] [871bd395] 13:42:27.641 [pool-6-thread-41] DEBUG c.h.p.o.dependants.PodInfoConfigMap - [helmupgr] Desired PodInfo ConfigMap (metrics port: 9399) (metrics path: /)
2025-01-29 13:42:27,643 INFO c.h.h.t.HelmChartContainer - [hivemq-test-hivemq-platform] [hivemq-platform-operator] [871bd395] 13:42:27.642 [pool-6-thread-41] DEBUG c.h.p.o.dependants.PodInfoConfigMap - [helmupgr] Desired PodInfo ConfigMap (extension state hash: 1394780433)
2025-01-29 13:42:27,645 INFO c.h.h.t.HelmChartContainer - [hivemq-test-hivemq-platform] [hivemq-platform-operator] [871bd395] 13:42:27.641 [pool-6-thread-45] DEBUG c.h.p.o.d.PodServiceAccountResource - [helmupgr] Desired PodServiceAccountResource (serviceAccountName: hivemq-platform-pod-test-hivemq-platform)
2025-01-29 13:42:27,649 INFO c.h.h.t.HelmChartContainer - [hivemq-test-hivemq-platform] [hivemq-platform-operator] [871bd395] 13:42:27.648 [pool-6-thread-49] DEBUG c.h.p.o.d.StatefulSetResource - [helmupgr] Desired StatefulSet (1 replicas) for status STARTING (READY)
2025-01-29 13:42:27,657 INFO c.h.h.t.HelmChartContainer - [hivemq-test-hivemq-platform] [hivemq-platform-operator] [871bd395] 13:42:27.655 [ReconcilerExecutor-hivemq-controller-113] INFO  c.h.p.o.HiveMQPlatformReconciler - [helmupgr] Reconciling HiveMQ Platform 'test-hivemq-platform' in namespace 'helmupgradeextensionit'
2025-01-29 13:42:27,662 INFO c.h.h.t.HelmChartContainer - [hivemq-test-hivemq-platform] [hivemq-platform-operator] [871bd395] 13:42:27.656 [ReconcilerExecutor-hivemq-controller-113] DEBUG c.h.p.o.HiveMQPlatformReconciler - [helmupgr] Custom Resource Status STARTING - HiveMQ Platform is starting (READY)
2025-01-29 13:42:27,662 INFO c.h.h.t.HelmChartContainer - [hivemq-test-hivemq-platform] [hivemq-platform-operator] [871bd395] 13:42:27.656 [ReconcilerExecutor-hivemq-controller-113] DEBUG c.h.p.o.HiveMQPlatformReconciler - [helmupgr] Custom Resource Spec (replicas: 1) (extensions: 1)
2025-01-29 13:42:27,662 INFO c.h.h.t.HelmChartContainer - [test-hivemq-platform] [hivemq] [33d5ece7] WARN  - [HiveMQ Platform Operator Init App 1.7.0-SNAPSHOT] Cannot connect to Health API for readiness: null
2025-01-29 13:42:27,667 INFO c.h.h.t.HelmChartContainer - [hivemq-test-hivemq-platform] [hivemq-platform-operator] [871bd395] 13:42:27.665 [ReconcilerExecutor-hivemq-controller-113] DEBUG c.h.p.o.HiveMQPlatformReconciler - [helmupgr] StatefulSet Status (revision: test-hivemq-platform-5b6c7575b6, replicas: 1, available: 0, ready: 0, current: 1, updated: 1)
2025-01-29 13:42:27,668 INFO c.h.h.t.HelmChartContainer - [hivemq-test-hivemq-platform] [hivemq-platform-operator] [871bd395] 13:42:27.667 [ReconcilerExecutor-hivemq-controller-113] DEBUG c.h.p.o.HiveMQPlatformReconciler - [helmupgr] StatefulSet Spec (replicas: 1, init containers: 1, containers: 1, volumes: 4)
2025-01-29 13:42:27,669 INFO c.h.h.t.HelmChartContainer - [EVENT] Warning [Unhealthy] Readiness probe failed: HTTP probe failed with statuscode: 503 [helmupgradeextensionit:test-hivemq-platform-0]
2025-01-29 13:42:27,669 INFO c.h.h.t.HelmChartContainer - Received Unhealthy event for container hivemq in pod test-hivemq-platform-0 [33d5ece7-ec9f-4c13-935b-8a3f253c287a]
2025-01-29 13:42:27,671 INFO c.h.h.t.HelmChartContainer - [hivemq-test-hivemq-platform] [hivemq-platform-operator] [871bd395] 13:42:27.670 [ReconcilerExecutor-hivemq-controller-113] DEBUG c.h.p.o.h.HiveMQPlatformReconcilerErrorHandler - [helmupgr] Pod 'test-hivemq-platform-0' phase Running
2025-01-29 13:42:27,737 INFO c.h.h.t.HelmChartContainer - [hivemq-test-hivemq-platform] [hivemq-platform-operator] [871bd395] 13:42:27.736 [ReconcilerExecutor-hivemq-controller-113] INFO  c.h.p.o.h.HiveMQPlatformReconcilerBaseHandler - [helmupgr] HiveMQ Platform is starting, 0 of 1 replicas are ready
2025-01-29 13:42:27,944 INFO c.h.h.t.HelmChartContainer - [test-hivemq-platform] [hivemq] [33d5ece7] WARN  - [HiveMQ Platform Operator Init App 1.7.0-SNAPSHOT] Cannot connect to Health API for liveness: null
2025-01-29 13:42:27,944 INFO c.h.h.t.HelmChartContainer - [test-hivemq-platform] [hivemq] [33d5ece7] INFO  - [HiveMQ Platform Operator Init App 1.7.0-SNAPSHOT] Returning default Health API response 200 for liveness
2025-01-29 13:42:28,852 INFO c.h.h.t.HelmChartContainer - [test-hivemq-platform] [hivemq] [33d5ece7] INFO  - No valid license file found. Using trial license, restricted to 25 connections.
2025-01-29 13:42:32,644 INFO c.h.h.t.HelmChartContainer - [test-hivemq-platform] [hivemq] [33d5ece7] WARN  - [HiveMQ Platform Operator Init App 1.7.0-SNAPSHOT] Cannot connect to Health API for readiness: null
2025-01-29 13:42:32,648 INFO c.h.h.t.HelmChartContainer - [EVENT] Warning [Unhealthy] Readiness probe failed: HTTP probe failed with statuscode: 503 [helmupgradeextensionit:test-hivemq-platform-0]
2025-01-29 13:42:32,649 INFO c.h.h.t.HelmChartContainer - Received Unhealthy event for container hivemq in pod test-hivemq-platform-0 [33d5ece7-ec9f-4c13-935b-8a3f253c287a]
2025-01-29 13:42:33,756 INFO c.h.h.t.HelmChartContainer - [test-hivemq-platform] [hivemq] [33d5ece7] INFO  - No valid license file for Data Hub found. Using free license, restricted to 1 policy.
2025-01-29 13:42:35,132 INFO c.h.h.t.HelmChartContainer - [test-hivemq-platform] [hivemq] [33d5ece7] INFO  - Audit Logger started.
2025-01-29 13:42:35,356 INFO c.h.h.t.HelmChartContainer - [test-hivemq-platform] [hivemq] [33d5ece7] INFO  - This node uses '1' CPU cores.
2025-01-29 13:42:35,360 INFO c.h.h.t.HelmChartContainer - [test-hivemq-platform] [hivemq] [33d5ece7] INFO  - Starting HiveMQ Health API on address 0.0.0.0 and port 8889
2025-01-29 13:42:36,158 INFO c.h.h.t.HelmChartContainer - [test-hivemq-platform] [hivemq] [33d5ece7] INFO  - Started HiveMQ Health API in 797ms
2025-01-29 13:42:36,772 INFO c.h.h.t.HelmChartContainer - [test-hivemq-platform] [hivemq] [33d5ece7] INFO  - Starting HiveMQ extension system.
2025-01-29 13:42:37,743 INFO c.h.h.t.HelmChartContainer - [hivemq-test-hivemq-platform] [hivemq-platform-operator] [871bd395] 13:42:37.741 [pool-6-thread-5] DEBUG c.h.p.o.d.PlatformServiceResource - [helmupgr] Desired Platform services (3 services)
2025-01-29 13:42:37,744 INFO c.h.h.t.HelmChartContainer - [hivemq-test-hivemq-platform] [hivemq-platform-operator] [871bd395] 13:42:37.742 [pool-6-thread-3] DEBUG c.h.p.o.dependants.PodInfoConfigMap - [helmupgr] Desired PodInfo ConfigMap (1 extensions) (1 enabled)
2025-01-29 13:42:37,744 INFO c.h.h.t.HelmChartContainer - [hivemq-test-hivemq-platform] [hivemq-platform-operator] [871bd395] 13:42:37.742 [pool-6-thread-3] DEBUG c.h.p.o.dependants.PodInfoConfigMap - [helmupgr] Desired PodInfo ConfigMap (metrics port: 9399) (metrics path: /)
2025-01-29 13:42:37,744 INFO c.h.h.t.HelmChartContainer - [hivemq-test-hivemq-platform] [hivemq-platform-operator] [871bd395] 13:42:37.742 [pool-6-thread-3] DEBUG c.h.p.o.dependants.PodInfoConfigMap - [helmupgr] Desired PodInfo ConfigMap (extension state hash: 1394780433)
2025-01-29 13:42:37,745 INFO c.h.h.t.HelmChartContainer - [hivemq-test-hivemq-platform] [hivemq-platform-operator] [871bd395] 13:42:37.743 [pool-6-thread-1] DEBUG c.h.p.o.d.PodServiceAccountResource - [helmupgr] Desired PodServiceAccountResource (serviceAccountName: hivemq-platform-pod-test-hivemq-platform)
2025-01-29 13:42:37,749 INFO c.h.h.t.HelmChartContainer - [hivemq-test-hivemq-platform] [hivemq-platform-operator] [871bd395] 13:42:37.748 [pool-6-thread-5] DEBUG c.h.p.o.d.StatefulSetResource - [helmupgr] Desired StatefulSet (1 replicas) for status STARTING (READY)
2025-01-29 13:42:37,752 INFO c.h.h.t.HelmChartContainer - [hivemq-test-hivemq-platform] [hivemq-platform-operator] [871bd395] 13:42:37.751 [ReconcilerExecutor-hivemq-controller-114] INFO  c.h.p.o.HiveMQPlatformReconciler - [helmupgr] Reconciling HiveMQ Platform 'test-hivemq-platform' in namespace 'helmupgradeextensionit'
2025-01-29 13:42:37,756 INFO c.h.h.t.HelmChartContainer - [hivemq-test-hivemq-platform] [hivemq-platform-operator] [871bd395] 13:42:37.751 [ReconcilerExecutor-hivemq-controller-114] DEBUG c.h.p.o.HiveMQPlatformReconciler - [helmupgr] Custom Resource Status STARTING - HiveMQ Platform is starting (READY)
2025-01-29 13:42:37,757 INFO c.h.h.t.HelmChartContainer - [hivemq-test-hivemq-platform] [hivemq-platform-operator] [871bd395] 13:42:37.751 [ReconcilerExecutor-hivemq-controller-114] DEBUG c.h.p.o.HiveMQPlatformReconciler - [helmupgr] Custom Resource Spec (replicas: 1) (extensions: 1)
2025-01-29 13:42:37,757 INFO c.h.h.t.HelmChartContainer - [hivemq-test-hivemq-platform] [hivemq-platform-operator] [871bd395] 13:42:37.753 [ReconcilerExecutor-hivemq-controller-114] DEBUG c.h.p.o.HiveMQPlatformReconciler - [helmupgr] StatefulSet Status (revision: test-hivemq-platform-5b6c7575b6, replicas: 1, available: 0, ready: 0, current: 1, updated: 1)
2025-01-29 13:42:37,757 INFO c.h.h.t.HelmChartContainer - [hivemq-test-hivemq-platform] [hivemq-platform-operator] [871bd395] 13:42:37.755 [ReconcilerExecutor-hivemq-controller-114] DEBUG c.h.p.o.HiveMQPlatformReconciler - [helmupgr] StatefulSet Spec (replicas: 1, init containers: 1, containers: 1, volumes: 4)
2025-01-29 13:42:37,758 INFO c.h.h.t.HelmChartContainer - [hivemq-test-hivemq-platform] [hivemq-platform-operator] [871bd395] 13:42:37.756 [ReconcilerExecutor-hivemq-controller-114] DEBUG c.h.p.o.h.HiveMQPlatformReconcilerErrorHandler - [helmupgr] Pod 'test-hivemq-platform-0' phase Running
2025-01-29 13:42:37,758 INFO c.h.h.t.HelmChartContainer - [hivemq-test-hivemq-platform] [hivemq-platform-operator] [871bd395] 13:42:37.757 [ReconcilerExecutor-hivemq-controller-114] INFO  c.h.p.o.h.HiveMQPlatformReconcilerBaseHandler - [helmupgr] HiveMQ Platform is starting, 0 of 1 replicas are ready
2025-01-29 13:42:38,606 INFO c.h.h.t.HelmChartContainer - [EVENT] Warning [Unhealthy] Readiness probe failed: Get "http://10.42.0.8:7979/readiness": context deadline exceeded (Client.Timeout exceeded while awaiting headers) [helmupgradeextensionit:test-hivemq-platform-0]
2025-01-29 13:42:38,606 INFO c.h.h.t.HelmChartContainer - Received Unhealthy event for container hivemq in pod test-hivemq-platform-0 [33d5ece7-ec9f-4c13-935b-8a3f253c287a]
2025-01-29 13:42:38,649 INFO c.h.h.t.HelmChartContainer - [test-hivemq-platform] [hivemq] [33d5ece7] INFO  - [HiveMQ Platform Operator Init App 1.7.0-SNAPSHOT] Returning Health API response 503 for readiness
2025-01-29 13:42:39,156 INFO c.h.h.t.HelmChartContainer - [test-hivemq-platform] [hivemq] [33d5ece7] INFO  - No license found for enterprise extension with name "HiveMQ Enterprise Bridge Extension". Entering extension trial mode. "HiveMQ Enterprise Bridge Extension" will be disabled in 5 hours.
2025-01-29 13:42:39,353 INFO c.h.h.t.HelmChartContainer - [test-hivemq-platform] [hivemq] [33d5ece7] INFO  - Starting extension with id "hivemq-dns-cluster-discovery" at /opt/hivemq/extensions/hivemq-dns-cluster-discovery
2025-01-29 13:42:39,753 INFO c.h.h.t.HelmChartContainer - [test-hivemq-platform] [hivemq] [33d5ece7] INFO  - Using TCP cluster transport on address 10.42.0.8 and port 7000
2025-01-29 13:42:39,845 INFO c.h.h.t.HelmChartContainer - [test-hivemq-platform] [hivemq] [33d5ece7] INFO  - Using extension cluster discovery
2025-01-29 13:42:39,944 INFO c.h.h.t.HelmChartContainer - [test-hivemq-platform] [hivemq] [33d5ece7] INFO  - Extension "DNS Cluster Discovery Extension" version 4.3.2 started successfully.
2025-01-29 13:42:39,944 INFO c.h.h.t.HelmChartContainer - [test-hivemq-platform] [hivemq] [33d5ece7] INFO  - Starting extension with id "hivemq-bridge-extension" at /opt/hivemq/extensions/hivemq-bridge-extension
2025-01-29 13:42:40,845 INFO c.h.h.t.HelmChartContainer - [test-hivemq-platform] [hivemq] [33d5ece7] INFO  - HiveMQ Enterprise Bridge Extension: Successfully loaded configuration from '/opt/hivemq/extensions/hivemq-bridge-extension/conf/config.xml'.
2025-01-29 13:42:41,433 INFO c.h.h.t.HelmChartContainer - [K3S] [info.go:53] Couldn't collect info from any of the files in "/etc/machine-id,/var/lib/dbus/machine-id"
2025-01-29 13:42:41,458 INFO c.h.h.t.HelmChartContainer - [test-hivemq-platform] [hivemq] [33d5ece7] INFO  - Bridge Extension: Connecting to remote brokers...
2025-01-29 13:42:42,570 INFO c.h.h.t.HelmChartContainer - [EVENT] Warning [Unhealthy] Readiness probe failed: HTTP probe failed with statuscode: 503 [helmupgradeextensionit:test-hivemq-platform-0]
2025-01-29 13:42:42,570 INFO c.h.h.t.HelmChartContainer - Received Unhealthy event for container hivemq in pod test-hivemq-platform-0 [33d5ece7-ec9f-4c13-935b-8a3f253c287a]
2025-01-29 13:42:43,155 INFO c.h.h.t.HelmChartContainer - [test-hivemq-platform] [hivemq] [33d5ece7] INFO  - hjKbr: no members discovered after 2809 ms: creating cluster as first member
2025-01-29 13:42:43,161 INFO c.h.h.t.HelmChartContainer - [test-hivemq-platform] [hivemq] [33d5ece7] INFO  - Cluster nodes found by discovery: [hjKbr|0] (1) [hjKbr].
2025-01-29 13:42:47,571 INFO c.h.h.t.HelmChartContainer - [EVENT] Warning [Unhealthy] Readiness probe failed: HTTP probe failed with statuscode: 503 [helmupgradeextensionit:test-hivemq-platform-0]
2025-01-29 13:42:47,571 INFO c.h.h.t.HelmChartContainer - Received Unhealthy event for container hivemq in pod test-hivemq-platform-0 [33d5ece7-ec9f-4c13-935b-8a3f253c287a]
2025-01-29 13:42:47,765 INFO c.h.h.t.HelmChartContainer - [hivemq-test-hivemq-platform] [hivemq-platform-operator] [871bd395] 13:42:47.761 [pool-6-thread-11] DEBUG c.h.p.o.dependants.PodInfoConfigMap - [helmupgr] Desired PodInfo ConfigMap (1 extensions) (1 enabled)
2025-01-29 13:42:47,766 INFO c.h.h.t.HelmChartContainer - [hivemq-test-hivemq-platform] [hivemq-platform-operator] [871bd395] 13:42:47.761 [pool-6-thread-11] DEBUG c.h.p.o.dependants.PodInfoConfigMap - [helmupgr] Desired PodInfo ConfigMap (metrics port: 9399) (metrics path: /)
2025-01-29 13:42:47,766 INFO c.h.h.t.HelmChartContainer - [hivemq-test-hivemq-platform] [hivemq-platform-operator] [871bd395] 13:42:47.761 [pool-6-thread-11] DEBUG c.h.p.o.dependants.PodInfoConfigMap - [helmupgr] Desired PodInfo ConfigMap (extension state hash: 1394780433)
2025-01-29 13:42:47,766 INFO c.h.h.t.HelmChartContainer - [hivemq-test-hivemq-platform] [hivemq-platform-operator] [871bd395] 13:42:47.762 [pool-6-thread-16] DEBUG c.h.p.o.d.PodServiceAccountResource - [helmupgr] Desired PodServiceAccountResource (serviceAccountName: hivemq-platform-pod-test-hivemq-platform)
2025-01-29 13:42:47,766 INFO c.h.h.t.HelmChartContainer - [hivemq-test-hivemq-platform] [hivemq-platform-operator] [871bd395] 13:42:47.762 [pool-6-thread-15] DEBUG c.h.p.o.d.PlatformServiceResource - [helmupgr] Desired Platform services (3 services)
2025-01-29 13:42:47,772 INFO c.h.h.t.HelmChartContainer - [hivemq-test-hivemq-platform] [hivemq-platform-operator] [871bd395] 13:42:47.771 [pool-6-thread-15] DEBUG c.h.p.o.d.StatefulSetResource - [helmupgr] Desired StatefulSet (1 replicas) for status STARTING (READY)
2025-01-29 13:42:47,837 INFO c.h.h.t.HelmChartContainer - [hivemq-test-hivemq-platform] [hivemq-platform-operator] [871bd395] 13:42:47.836 [ReconcilerExecutor-hivemq-controller-115] INFO  c.h.p.o.HiveMQPlatformReconciler - [helmupgr] Reconciling HiveMQ Platform 'test-hivemq-platform' in namespace 'helmupgradeextensionit'
2025-01-29 13:42:47,837 INFO c.h.h.t.HelmChartContainer - [hivemq-test-hivemq-platform] [hivemq-platform-operator] [871bd395] 13:42:47.836 [ReconcilerExecutor-hivemq-controller-115] DEBUG c.h.p.o.HiveMQPlatformReconciler - [helmupgr] Custom Resource Status STARTING - HiveMQ Platform is starting (READY)
2025-01-29 13:42:47,839 INFO c.h.h.t.HelmChartContainer - [hivemq-test-hivemq-platform] [hivemq-platform-operator] [871bd395] 13:42:47.836 [ReconcilerExecutor-hivemq-controller-115] DEBUG c.h.p.o.HiveMQPlatformReconciler - [helmupgr] Custom Resource Spec (replicas: 1) (extensions: 1)
2025-01-29 13:42:47,840 INFO c.h.h.t.HelmChartContainer - [hivemq-test-hivemq-platform] [hivemq-platform-operator] [871bd395] 13:42:47.838 [ReconcilerExecutor-hivemq-controller-115] DEBUG c.h.p.o.HiveMQPlatformReconciler - [helmupgr] StatefulSet Status (revision: test-hivemq-platform-5b6c7575b6, replicas: 1, available: 0, ready: 0, current: 1, updated: 1)
2025-01-29 13:42:47,840 INFO c.h.h.t.HelmChartContainer - [hivemq-test-hivemq-platform] [hivemq-platform-operator] [871bd395] 13:42:47.839 [ReconcilerExecutor-hivemq-controller-115] DEBUG c.h.p.o.HiveMQPlatformReconciler - [helmupgr] StatefulSet Spec (replicas: 1, init containers: 1, containers: 1, volumes: 4)
2025-01-29 13:42:47,842 INFO c.h.h.t.HelmChartContainer - [hivemq-test-hivemq-platform] [hivemq-platform-operator] [871bd395] 13:42:47.841 [ReconcilerExecutor-hivemq-controller-115] DEBUG c.h.p.o.h.HiveMQPlatformReconcilerErrorHandler - [helmupgr] Pod 'test-hivemq-platform-0' phase Running
2025-01-29 13:42:47,842 INFO c.h.h.t.HelmChartContainer - [hivemq-test-hivemq-platform] [hivemq-platform-operator] [871bd395] 13:42:47.842 [ReconcilerExecutor-hivemq-controller-115] INFO  c.h.p.o.h.HiveMQPlatformReconcilerBaseHandler - [helmupgr] HiveMQ Platform is starting, 0 of 1 replicas are ready
2025-01-29 13:42:51,878 INFO c.h.h.t.HelmChartContainer - [test-hivemq-platform] [hivemq] [33d5ece7] WARN  - Bridge Extension: Connect to bridge 'testbridge' failed for the 1 time, reason: connection timed out after 10000 ms: /172.17.0.3:1883
2025-01-29 13:42:51,878 INFO c.h.h.t.HelmChartContainer - [test-hivemq-platform] [hivemq] [33d5ece7] WARN  - Bridge Extension: Connect to bridge 'testbridge' failed for the 1 time, reason: connection timed out after 10000 ms: /172.17.0.3:1883
2025-01-29 13:42:52,571 INFO c.h.h.t.HelmChartContainer - [EVENT] Warning [Unhealthy] Readiness probe failed: HTTP probe failed with statuscode: 503 [helmupgradeextensionit:test-hivemq-platform-0]
2025-01-29 13:42:52,572 INFO c.h.h.t.HelmChartContainer - Received Unhealthy event for container hivemq in pod test-hivemq-platform-0 [33d5ece7-ec9f-4c13-935b-8a3f253c287a]
2025-01-29 13:42:57,570 INFO c.h.h.t.HelmChartContainer - [EVENT] Warning [Unhealthy] Readiness probe failed: HTTP probe failed with statuscode: 503 [helmupgradeextensionit:test-hivemq-platform-0]
2025-01-29 13:42:57,570 INFO c.h.h.t.HelmChartContainer - Received Unhealthy event for container hivemq in pod test-hivemq-platform-0 [33d5ece7-ec9f-4c13-935b-8a3f253c287a]
2025-01-29 13:42:57,848 INFO c.h.h.t.HelmChartContainer - [hivemq-test-hivemq-platform] [hivemq-platform-operator] [871bd395] 13:42:57.845 [pool-6-thread-21] DEBUG c.h.p.o.d.PlatformServiceResource - [helmupgr] Desired Platform services (3 services)
2025-01-29 13:42:57,850 INFO c.h.h.t.HelmChartContainer - [hivemq-test-hivemq-platform] [hivemq-platform-operator] [871bd395] 13:42:57.846 [pool-6-thread-29] DEBUG c.h.p.o.dependants.PodInfoConfigMap - [helmupgr] Desired PodInfo ConfigMap (1 extensions) (1 enabled)
2025-01-29 13:42:57,850 INFO c.h.h.t.HelmChartContainer - [hivemq-test-hivemq-platform] [hivemq-platform-operator] [871bd395] 13:42:57.846 [pool-6-thread-29] DEBUG c.h.p.o.dependants.PodInfoConfigMap - [helmupgr] Desired PodInfo ConfigMap (metrics port: 9399) (metrics path: /)
2025-01-29 13:42:57,851 INFO c.h.h.t.HelmChartContainer - [hivemq-test-hivemq-platform] [hivemq-platform-operator] [871bd395] 13:42:57.846 [pool-6-thread-29] DEBUG c.h.p.o.dependants.PodInfoConfigMap - [helmupgr] Desired PodInfo ConfigMap (extension state hash: 1394780433)
2025-01-29 13:42:57,852 INFO c.h.h.t.HelmChartContainer - [hivemq-test-hivemq-platform] [hivemq-platform-operator] [871bd395] 13:42:57.848 [pool-6-thread-29] DEBUG c.h.p.o.d.PodServiceAccountResource - [helmupgr] Desired PodServiceAccountResource (serviceAccountName: hivemq-platform-pod-test-hivemq-platform)
2025-01-29 13:42:57,853 INFO c.h.h.t.HelmChartContainer - [hivemq-test-hivemq-platform] [hivemq-platform-operator] [871bd395] 13:42:57.852 [pool-6-thread-21] DEBUG c.h.p.o.d.StatefulSetResource - [helmupgr] Desired StatefulSet (1 replicas) for status STARTING (READY)
2025-01-29 13:42:57,857 INFO c.h.h.t.HelmChartContainer - [hivemq-test-hivemq-platform] [hivemq-platform-operator] [871bd395] 13:42:57.856 [ReconcilerExecutor-hivemq-controller-116] INFO  c.h.p.o.HiveMQPlatformReconciler - [helmupgr] Reconciling HiveMQ Platform 'test-hivemq-platform' in namespace 'helmupgradeextensionit'
2025-01-29 13:42:57,858 INFO c.h.h.t.HelmChartContainer - [hivemq-test-hivemq-platform] [hivemq-platform-operator] [871bd395] 13:42:57.856 [ReconcilerExecutor-hivemq-controller-116] DEBUG c.h.p.o.HiveMQPlatformReconciler - [helmupgr] Custom Resource Status STARTING - HiveMQ Platform is starting (READY)
2025-01-29 13:42:57,858 INFO c.h.h.t.HelmChartContainer - [hivemq-test-hivemq-platform] [hivemq-platform-operator] [871bd395] 13:42:57.856 [ReconcilerExecutor-hivemq-controller-116] DEBUG c.h.p.o.HiveMQPlatformReconciler - [helmupgr] Custom Resource Spec (replicas: 1) (extensions: 1)
2025-01-29 13:42:57,859 INFO c.h.h.t.HelmChartContainer - [hivemq-test-hivemq-platform] [hivemq-platform-operator] [871bd395] 13:42:57.858 [ReconcilerExecutor-hivemq-controller-116] DEBUG c.h.p.o.HiveMQPlatformReconciler - [helmupgr] StatefulSet Status (revision: test-hivemq-platform-5b6c7575b6, replicas: 1, available: 0, ready: 0, current: 1, updated: 1)
2025-01-29 13:42:57,859 INFO c.h.h.t.HelmChartContainer - [hivemq-test-hivemq-platform] [hivemq-platform-operator] [871bd395] 13:42:57.858 [ReconcilerExecutor-hivemq-controller-116] DEBUG c.h.p.o.HiveMQPlatformReconciler - [helmupgr] StatefulSet Spec (replicas: 1, init containers: 1, containers: 1, volumes: 4)
2025-01-29 13:42:57,860 INFO c.h.h.t.HelmChartContainer - [hivemq-test-hivemq-platform] [hivemq-platform-operator] [871bd395] 13:42:57.859 [ReconcilerExecutor-hivemq-controller-116] DEBUG c.h.p.o.h.HiveMQPlatformReconcilerErrorHandler - [helmupgr] Pod 'test-hivemq-platform-0' phase Running
2025-01-29 13:42:57,861 INFO c.h.h.t.HelmChartContainer - [hivemq-test-hivemq-platform] [hivemq-platform-operator] [871bd395] 13:42:57.860 [ReconcilerExecutor-hivemq-controller-116] INFO  c.h.p.o.h.HiveMQPlatformReconcilerBaseHandler - [helmupgr] HiveMQ Platform is starting, 0 of 1 replicas are ready
2025-01-29 13:42:57,875 INFO c.h.h.t.HelmChartContainer - [test-hivemq-platform] [hivemq] [33d5ece7] INFO  - [HiveMQ Platform Operator Init App 1.7.0-SNAPSHOT] Returning Health API response 200 for liveness
2025-01-29 13:43:02,582 INFO c.h.h.t.HelmChartContainer - [EVENT] Warning [Unhealthy] Readiness probe failed: HTTP probe failed with statuscode: 503 [helmupgradeextensionit:test-hivemq-platform-0]
2025-01-29 13:43:02,582 INFO c.h.h.t.HelmChartContainer - Received Unhealthy event for container hivemq in pod test-hivemq-platform-0 [33d5ece7-ec9f-4c13-935b-8a3f253c287a]
2025-01-29 13:43:03,500 INFO c.h.h.t.HelmChartContainer - [test-hivemq-platform] [hivemq] [33d5ece7] WARN  - Bridge Extension: Connect to bridge 'testbridge' failed for the 2 time, reason: connection timed out after 10000 ms: /172.17.0.3:1883
2025-01-29 13:43:03,619 INFO c.h.h.t.HelmChartContainer - [test-hivemq-platform] [hivemq] [33d5ece7] WARN  - Bridge Extension: Connect to bridge 'testbridge' failed for the 2 time, reason: connection timed out after 10000 ms: /172.17.0.3:1883
2025-01-29 13:43:03,619 INFO c.h.h.t.HelmChartContainer - [test-hivemq-platform] [hivemq] [33d5ece7] WARN  - Bridge Extension: Not all clients could connect successfully to remote brokers. The clients will retry the connection.
2025-01-29 13:43:03,645 INFO c.h.h.t.HelmChartContainer - [test-hivemq-platform] [hivemq] [33d5ece7] INFO  - Extension "HiveMQ Enterprise Bridge Extension" version 4.36.0 started successfully.
2025-01-29 13:43:03,645 INFO c.h.h.testcontainer.LogWaiterUtil - TEST Found log pattern on 'test-hivemq-platform-0': .*Extension "HiveMQ Enterprise Bridge Extension" version .* started successfully.
2025-01-29 13:43:03,645 INFO c.h.h.t.HelmChartContainer - [test-hivemq-platform] [hivemq] [33d5ece7] INFO  - Starting extension with id "hivemq-prometheus-extension" at /opt/hivemq/extensions/hivemq-prometheus-extension
2025-01-29 13:43:03,958 INFO c.h.h.t.HelmChartContainer - [test-hivemq-platform] [hivemq] [33d5ece7] INFO  - Started Jetty Server exposing Prometheus Servlet on URI http://0.0.0.0:9399/
2025-01-29 13:43:04,033 INFO c.h.h.t.HelmChartContainer - [test-hivemq-platform] [hivemq] [33d5ece7] INFO  - Extension "Prometheus Monitoring Extension" version 4.0.12 started successfully.
2025-01-29 13:43:04,033 INFO c.h.h.t.HelmChartContainer - [test-hivemq-platform] [hivemq] [33d5ece7] INFO  - Starting extension with id "hivemq-allow-all-extension" at /opt/hivemq/extensions/hivemq-allow-all-extension
2025-01-29 13:43:04,033 INFO c.h.h.t.HelmChartContainer - [test-hivemq-platform] [hivemq] [33d5ece7] WARN  - 
2025-01-29 13:43:04,033 INFO c.h.h.t.HelmChartContainer - [test-hivemq-platform] [hivemq] [33d5ece7] ################################################################################################################
2025-01-29 13:43:04,033 INFO c.h.h.t.HelmChartContainer - [test-hivemq-platform] [hivemq] [33d5ece7] # This HiveMQ deployment is not secure! You are lacking Authentication and Authorization.                      #
2025-01-29 13:43:04,033 INFO c.h.h.t.HelmChartContainer - [test-hivemq-platform] [hivemq] [33d5ece7] # Right now any MQTT client can connect to the broker with a full set of permissions.                          #
2025-01-29 13:43:04,033 INFO c.h.h.t.HelmChartContainer - [test-hivemq-platform] [hivemq] [33d5ece7] # For production usage, add an appropriate security extension and remove the hivemq-allow-all extension.       #
2025-01-29 13:43:04,033 INFO c.h.h.t.HelmChartContainer - [test-hivemq-platform] [hivemq] [33d5ece7] # You can download security extensions from the HiveMQ Marketplace (https://www.hivemq.com/extensions/).       #
2025-01-29 13:43:04,033 INFO c.h.h.t.HelmChartContainer - [test-hivemq-platform] [hivemq] [33d5ece7] ################################################################################################################
2025-01-29 13:43:04,034 INFO c.h.h.t.HelmChartContainer - [test-hivemq-platform] [hivemq] [33d5ece7] INFO  - Extension "Allow All Extension" version 1.1.1 started successfully.
2025-01-29 13:43:04,034 INFO c.h.h.t.HelmChartContainer - [test-hivemq-platform] [hivemq] [33d5ece7] WARN  - No user for HiveMQ Control Center configured. Starting with default user
2025-01-29 13:43:04,034 INFO c.h.h.t.HelmChartContainer - [test-hivemq-platform] [hivemq] [33d5ece7] INFO  - Starting HiveMQ Control Center on address 0.0.0.0 and port 8080
2025-01-29 13:43:04,047 INFO c.h.h.t.HelmChartContainer - [test-hivemq-platform] [hivemq] [33d5ece7] INFO  - Mounting HiveMQ Control Center V2 Preview
2025-01-29 13:43:04,732 INFO c.h.h.t.HelmChartContainer - [test-hivemq-platform] [hivemq] [33d5ece7] INFO  - Started HiveMQ Control Center in 699ms
2025-01-29 13:43:04,751 INFO c.h.h.t.HelmChartContainer - [test-hivemq-platform] [hivemq] [33d5ece7] INFO  - Starting TCP listener on address 0.0.0.0 and port 1883
2025-01-29 13:43:04,843 INFO c.h.h.t.HelmChartContainer - [test-hivemq-platform] [hivemq] [33d5ece7] INFO  - Started TCP Listener on address 0.0.0.0 and on port 1883.
2025-01-29 13:43:04,844 INFO c.h.h.t.HelmChartContainer - [test-hivemq-platform] [hivemq] [33d5ece7] INFO  - Started HiveMQ in 55583ms
2025-01-29 13:43:07,566 INFO c.h.h.t.HelmChartContainer - [test-hivemq-platform] [hivemq] [33d5ece7] INFO  - [HiveMQ Platform Operator Init App 1.7.0-SNAPSHOT] Returning Health API response 200 for readiness
2025-01-29 13:43:07,583 INFO c.h.h.t.HelmChartContainer - [POD] test-hivemq-platform-0 [33d5ece7-ec9f-4c13-935b-8a3f253c287a] in helmupgradeextensionit was MODIFIED
2025-01-29 13:43:07,597 INFO c.h.h.t.HelmChartContainer - [hivemq-test-hivemq-platform] [hivemq-platform-operator] [871bd395] 13:43:07.583 [pool-6-thread-31] DEBUG c.h.p.o.d.PlatformServiceResource - [helmupgr] Desired Platform services (3 services)
2025-01-29 13:43:07,597 INFO c.h.h.t.HelmChartContainer - [hivemq-test-hivemq-platform] [hivemq-platform-operator] [871bd395] 13:43:07.586 [pool-6-thread-32] DEBUG c.h.p.o.d.PodServiceAccountResource - [helmupgr] Desired PodServiceAccountResource (serviceAccountName: hivemq-platform-pod-test-hivemq-platform)
2025-01-29 13:43:07,598 INFO c.h.h.t.HelmChartContainer - [hivemq-test-hivemq-platform] [hivemq-platform-operator] [871bd395] 13:43:07.590 [pool-6-thread-34] DEBUG c.h.p.o.dependants.PodInfoConfigMap - [helmupgr] Desired PodInfo ConfigMap (1 extensions) (1 enabled)
2025-01-29 13:43:07,598 INFO c.h.h.t.HelmChartContainer - [hivemq-test-hivemq-platform] [hivemq-platform-operator] [871bd395] 13:43:07.590 [pool-6-thread-34] DEBUG c.h.p.o.dependants.PodInfoConfigMap - [helmupgr] Desired PodInfo ConfigMap (metrics port: 9399) (metrics path: /)
2025-01-29 13:43:07,598 INFO c.h.h.t.HelmChartContainer - [hivemq-test-hivemq-platform] [hivemq-platform-operator] [871bd395] 13:43:07.590 [pool-6-thread-34] DEBUG c.h.p.o.dependants.PodInfoConfigMap - [helmupgr] Desired PodInfo ConfigMap (extension state hash: 1394780433)
2025-01-29 13:43:07,598 INFO c.h.h.t.HelmChartContainer - [hivemq-test-hivemq-platform] [hivemq-platform-operator] [871bd395] 13:43:07.592 [pool-6-thread-34] DEBUG c.h.p.o.d.StatefulSetResource - [helmupgr] Desired StatefulSet (1 replicas) for status STARTING (READY)
2025-01-29 13:43:07,637 INFO c.h.h.t.HelmChartContainer - [hivemq-test-hivemq-platform] [hivemq-platform-operator] [871bd395] 13:43:07.635 [ReconcilerExecutor-hivemq-controller-117] INFO  c.h.p.o.HiveMQPlatformReconciler - [helmupgr] Reconciling HiveMQ Platform 'test-hivemq-platform' in namespace 'helmupgradeextensionit'
2025-01-29 13:43:07,637 INFO c.h.h.t.HelmChartContainer - [hivemq-test-hivemq-platform] [hivemq-platform-operator] [871bd395] 13:43:07.635 [ReconcilerExecutor-hivemq-controller-117] DEBUG c.h.p.o.HiveMQPlatformReconciler - [helmupgr] Custom Resource Status STARTING - HiveMQ Platform is starting (READY)
2025-01-29 13:43:07,638 INFO c.h.h.t.HelmChartContainer - [hivemq-test-hivemq-platform] [hivemq-platform-operator] [871bd395] 13:43:07.635 [ReconcilerExecutor-hivemq-controller-117] DEBUG c.h.p.o.HiveMQPlatformReconciler - [helmupgr] Custom Resource Spec (replicas: 1) (extensions: 1)
2025-01-29 13:43:07,650 INFO c.h.h.t.HelmChartContainer - [hivemq-test-hivemq-platform] [hivemq-platform-operator] [871bd395] 13:43:07.637 [ReconcilerExecutor-hivemq-controller-117] DEBUG c.h.p.o.HiveMQPlatformReconciler - [helmupgr] StatefulSet Status (revision: test-hivemq-platform-5b6c7575b6, replicas: 1, available: 1, ready: 1, current: 1, updated: 1)
2025-01-29 13:43:07,651 INFO c.h.h.t.HelmChartContainer - [hivemq-test-hivemq-platform] [hivemq-platform-operator] [871bd395] 13:43:07.638 [ReconcilerExecutor-hivemq-controller-117] DEBUG c.h.p.o.HiveMQPlatformReconciler - [helmupgr] StatefulSet Spec (replicas: 1, init containers: 1, containers: 1, volumes: 4)
2025-01-29 13:43:07,651 INFO c.h.h.t.HelmChartContainer - [hivemq-test-hivemq-platform] [hivemq-platform-operator] [871bd395] 13:43:07.639 [ReconcilerExecutor-hivemq-controller-117] DEBUG c.h.p.o.h.HiveMQPlatformReconcilerErrorHandler - [helmupgr] Pod 'test-hivemq-platform-0' phase Running
2025-01-29 13:43:07,651 INFO c.h.h.t.HelmChartContainer - [hivemq-test-hivemq-platform] [hivemq-platform-operator] [871bd395] 13:43:07.640 [ReconcilerExecutor-hivemq-controller-117] INFO  c.h.p.o.h.HiveMQPlatformReconcilerBaseHandler - [helmupgr] HiveMQ Platform started successfully
2025-01-29 13:43:07,739 INFO c.h.h.t.HelmChartContainer - [hivemq-test-hivemq-platform] [hivemq-platform-operator] [871bd395] 13:43:07.738 [ReconcilerExecutor-hivemq-controller-117] DEBUG c.h.p.operator.event.EventSender - [helmupgr] Creating K8s event hivemq-platform-ready: [Ready] HiveMQ Platform is ready
2025-01-29 13:43:07,743 INFO c.h.h.t.HelmChartContainer - [EVENT] Normal [Ready] HiveMQ Platform is ready [helmupgradeextensionit:test-hivemq-platform]
2025-01-29 13:43:07,744 INFO c.h.h.t.HelmChartContainer - [hivemq-test-hivemq-platform] [hivemq-platform-operator] [871bd395] 13:43:07.743 [ReconcilerExecutor-hivemq-controller-117] INFO  c.h.p.o.h.AbstractHiveMQReconcilerStateHandler - [helmupgr] Update HiveMQ Platform Status (STARTING [READY] -> RUNNING [READY]): HiveMQ Platform is ready
2025-01-29 13:43:07,752 DEBUG com.hivemq.helmcharts.util.K8sUtil - Comparing actual state 'RUNNING' and waiting for 'RUNNING'
2025-01-29 13:43:07,759 INFO c.h.h.t.HelmChartContainer - [hivemq-test-hivemq-platform] [hivemq-platform-operator] [871bd395] 13:43:07.757 [pool-6-thread-46] DEBUG c.h.p.o.d.PlatformServiceResource - [helmupgr] Desired Platform services (3 services)
2025-01-29 13:43:07,763 INFO c.h.h.t.HelmChartContainer - [hivemq-test-hivemq-platform] [hivemq-platform-operator] [871bd395] 13:43:07.762 [pool-6-thread-41] DEBUG c.h.p.o.dependants.PodInfoConfigMap - [helmupgr] Desired PodInfo ConfigMap (1 extensions) (1 enabled)
2025-01-29 13:43:07,764 INFO c.h.h.t.HelmChartContainer - [hivemq-test-hivemq-platform] [hivemq-platform-operator] [871bd395] 13:43:07.762 [pool-6-thread-41] DEBUG c.h.p.o.dependants.PodInfoConfigMap - [helmupgr] Desired PodInfo ConfigMap (metrics port: 9399) (metrics path: /)
2025-01-29 13:43:07,764 INFO c.h.h.t.HelmChartContainer - [hivemq-test-hivemq-platform] [hivemq-platform-operator] [871bd395] 13:43:07.762 [pool-6-thread-41] DEBUG c.h.p.o.dependants.PodInfoConfigMap - [helmupgr] Desired PodInfo ConfigMap (extension state hash: 1394780433)
2025-01-29 13:43:07,840 INFO c.h.h.t.HelmChartContainer - [hivemq-test-hivemq-platform] [hivemq-platform-operator] [871bd395] 13:43:07.836 [pool-6-thread-41] DEBUG c.h.p.o.dependants.PodInfoConfigMap - [helmupgr] Update PodInfo ConfigMap
2025-01-29 13:43:07,841 INFO c.h.h.t.HelmChartContainer - [hivemq-test-hivemq-platform] [hivemq-platform-operator] [871bd395] 13:43:07.837 [pool-6-thread-43] DEBUG c.h.p.o.d.PodServiceAccountResource - [helmupgr] Desired PodServiceAccountResource (serviceAccountName: hivemq-platform-pod-test-hivemq-platform)
2025-01-29 13:43:07,848 INFO c.h.h.t.HelmChartContainer - [hivemq-test-hivemq-platform] [hivemq-platform-operator] [871bd395] 13:43:07.847 [pool-6-thread-41] DEBUG c.h.p.o.d.StatefulSetResource - [helmupgr] Desired StatefulSet (1 replicas) for status RUNNING (READY)
2025-01-29 13:43:07,856 INFO c.h.h.t.HelmChartContainer - [hivemq-test-hivemq-platform] [hivemq-platform-operator] [871bd395] 13:43:07.855 [ReconcilerExecutor-hivemq-controller-118] INFO  c.h.p.o.HiveMQPlatformReconciler - [helmupgr] Reconciling HiveMQ Platform 'test-hivemq-platform' in namespace 'helmupgradeextensionit'
2025-01-29 13:43:07,856 INFO c.h.h.t.HelmChartContainer - [hivemq-test-hivemq-platform] [hivemq-platform-operator] [871bd395] 13:43:07.855 [ReconcilerExecutor-hivemq-controller-118] DEBUG c.h.p.o.HiveMQPlatformReconciler - [helmupgr] Custom Resource Status RUNNING - HiveMQ Platform is ready (READY)
2025-01-29 13:43:07,856 INFO c.h.h.t.HelmChartContainer - [hivemq-test-hivemq-platform] [hivemq-platform-operator] [871bd395] 13:43:07.855 [ReconcilerExecutor-hivemq-controller-118] DEBUG c.h.p.o.HiveMQPlatformReconciler - [helmupgr] Custom Resource Spec (replicas: 1) (extensions: 1)
2025-01-29 13:43:07,938 INFO c.h.h.t.HelmChartContainer - [hivemq-test-hivemq-platform] [hivemq-platform-operator] [871bd395] 13:43:07.937 [ReconcilerExecutor-hivemq-controller-118] DEBUG c.h.p.o.HiveMQPlatformReconciler - [helmupgr] StatefulSet Status (revision: test-hivemq-platform-5b6c7575b6, replicas: 1, available: 1, ready: 1, current: 1, updated: 1)
2025-01-29 13:43:07,938 INFO c.h.h.t.HelmChartContainer - [hivemq-test-hivemq-platform] [hivemq-platform-operator] [871bd395] 13:43:07.937 [ReconcilerExecutor-hivemq-controller-118] DEBUG c.h.p.o.HiveMQPlatformReconciler - [helmupgr] StatefulSet Spec (replicas: 1, init containers: 1, containers: 1, volumes: 4)
2025-01-29 13:43:07,940 INFO c.h.h.t.HelmChartContainer - [hivemq-test-hivemq-platform] [hivemq-platform-operator] [871bd395] 13:43:07.939 [ReconcilerExecutor-hivemq-controller-118] DEBUG c.h.p.o.h.HiveMQPlatformReconcilerErrorHandler - [helmupgr] Pod 'test-hivemq-platform-0' phase Running
2025-01-29 13:43:11,773 INFO c.h.h.testcontainer.LogWaiterUtil - TEST Waiting for log pattern on 'test-hivemq-platform-0': .*\[HiveMQ Platform Operator Init App [A-Z0-9.-]+\] Successfully enabled extension hivemq-bridge-extension
2025-01-29 13:43:11,773 INFO c.h.h.testcontainer.LogWaiterUtil - TEST Waiting for log pattern on 'test-hivemq-platform-0': .*Extension "HiveMQ Enterprise Bridge Extension" version .* started successfully.
2025-01-29 13:43:11,840 DEBUG c.h.h.t.HelmChartContainer - Executing helm command: /bin/helm --kubeconfig /etc/rancher/k3s/k3s.yaml upgrade test-hivemq-platform /charts/hivemq-platform --wait --timeout 5m0s --set image.repository=docker.io/hivemq --set image.tag=4.36.0 --set image.pullPolicy=Never --set nodes.resources.cpu=512m -f /files/bridge-updated-values.yaml --namespace helmupgradeextensionit
2025-01-29 13:43:12,172 INFO c.h.h.t.HelmChartContainer - [hivemq-test-hivemq-platform] [hivemq-platform-operator] [871bd395] 13:43:12.167 [pool-6-thread-3] DEBUG c.h.p.o.d.PlatformServiceResource - [helmupgr] Desired Platform services (3 services)
2025-01-29 13:43:12,172 INFO c.h.h.t.HelmChartContainer - [hivemq-test-hivemq-platform] [hivemq-platform-operator] [871bd395] 13:43:12.168 [pool-6-thread-1] DEBUG c.h.p.o.d.PodServiceAccountResource - [helmupgr] Desired PodServiceAccountResource (serviceAccountName: hivemq-platform-pod-test-hivemq-platform)
2025-01-29 13:43:12,173 INFO c.h.h.t.HelmChartContainer - [hivemq-test-hivemq-platform] [hivemq-platform-operator] [871bd395] 13:43:12.169 [pool-6-thread-2] DEBUG c.h.p.o.dependants.PodInfoConfigMap - [helmupgr] Desired PodInfo ConfigMap (1 extensions) (1 enabled)
2025-01-29 13:43:12,174 INFO c.h.h.t.HelmChartContainer - [hivemq-test-hivemq-platform] [hivemq-platform-operator] [871bd395] 13:43:12.172 [pool-6-thread-2] DEBUG c.h.p.o.dependants.PodInfoConfigMap - [helmupgr] Desired PodInfo ConfigMap (metrics port: 9399) (metrics path: /)
2025-01-29 13:43:12,174 INFO c.h.h.t.HelmChartContainer - [hivemq-test-hivemq-platform] [hivemq-platform-operator] [871bd395] 13:43:12.173 [pool-6-thread-2] DEBUG c.h.p.o.dependants.PodInfoConfigMap - [helmupgr] Desired PodInfo ConfigMap (extension state hash: 1557251680)
2025-01-29 13:43:12,237 INFO c.h.h.t.HelmChartContainer - [hivemq-test-hivemq-platform] [hivemq-platform-operator] [871bd395] 13:43:12.235 [pool-6-thread-2] DEBUG c.h.p.o.dependants.PodInfoConfigMap - [helmupgr] Update PodInfo ConfigMap
2025-01-29 13:43:12,239 INFO c.h.h.t.HelmChartContainer - [hivemq-test-hivemq-platform] [hivemq-platform-operator] [871bd395] 13:43:12.236 [pool-6-thread-2] DEBUG c.h.p.o.dependants.PodInfoConfigMap - [helmupgr] Detected change in configuration of extension 'hivemq-bridge-extension' ({skip-https-hostname-verification=false, restart=true, config-version=823, header-version=0, c-uri=, uri=preinstalled, skip-https-certificate-validation=false, enabled=true} -> {skip-https-hostname-verification=false, restart=true, config-version=928, header-version=0, c-uri=, uri=preinstalled, skip-https-certificate-validation=false, enabled=true})
2025-01-29 13:43:12,239 INFO c.h.h.t.HelmChartContainer - [hivemq-test-hivemq-platform] [hivemq-platform-operator] [871bd395] 13:43:12.236 [pool-6-thread-2] INFO  c.h.p.o.dependants.PodInfoConfigMap - [helmupgr] Extension configuration was updated, restarting extensions: [hivemq-bridge-extension]
2025-01-29 13:43:12,247 INFO c.h.h.t.HelmChartContainer - [hivemq-test-hivemq-platform] [hivemq-platform-operator] [871bd395] 13:43:12.246 [pool-6-thread-2] DEBUG c.h.p.o.d.StatefulSetResource - [helmupgr] Desired StatefulSet (1 replicas) for status RUNNING (READY)
2025-01-29 13:43:12,255 INFO c.h.h.t.HelmChartContainer - [hivemq-test-hivemq-platform] [hivemq-platform-operator] [871bd395] 13:43:12.251 [pool-6-thread-2] DEBUG c.h.p.o.d.StatefulSetResource - [helmupgr] Update StatefulSet (replicas: 1 -> 1)
2025-01-29 13:43:12,361 INFO c.h.h.t.HelmChartContainer - [hivemq-test-hivemq-platform] [hivemq-platform-operator] [871bd395] 13:43:12.342 [pool-6-thread-2] DEBUG c.h.p.o.d.StatefulSetResource - [helmupgr] Detected change in StatefulSet specification (path: /template/spec/volumes/2/configMap/name) (actual value: "test-bridge-configuration") (target value: "updated-test-bridge-configuration")
2025-01-29 13:43:12,361 INFO c.h.h.t.HelmChartContainer - [hivemq-test-hivemq-platform] [hivemq-platform-operator] [871bd395] 13:43:12.359 [pool-6-thread-2] INFO  c.h.p.o.d.StatefulSetResource - [helmupgr] StatefulSet spec was updated, triggering rolling restart
2025-01-29 13:43:12,371 DEBUG com.hivemq.helmcharts.util.K8sUtil - Comparing actual state 'RUNNING' and waiting for 'ROLLING_RESTART'
2025-01-29 13:43:12,461 INFO c.h.h.t.HelmChartContainer - [hivemq-test-hivemq-platform] [hivemq-platform-operator] [871bd395] 13:43:12.456 [ReconcilerExecutor-hivemq-controller-120] INFO  c.h.p.o.HiveMQPlatformReconciler - [helmupgr] Reconciling HiveMQ Platform 'test-hivemq-platform' in namespace 'helmupgradeextensionit'
2025-01-29 13:43:12,461 INFO c.h.h.t.HelmChartContainer - [hivemq-test-hivemq-platform] [hivemq-platform-operator] [871bd395] 13:43:12.456 [ReconcilerExecutor-hivemq-controller-120] DEBUG c.h.p.o.HiveMQPlatformReconciler - [helmupgr] Custom Resource Status RUNNING - HiveMQ Platform is ready (READY) (reconciliation requests: REQUESTS_UPDATED, RESTART_EXTENSIONS, ROLLING_RESTART)
2025-01-29 13:43:12,462 INFO c.h.h.t.HelmChartContainer - [hivemq-test-hivemq-platform] [hivemq-platform-operator] [871bd395] 13:43:12.456 [ReconcilerExecutor-hivemq-controller-120] DEBUG c.h.p.o.HiveMQPlatformReconciler - [helmupgr] Custom Resource Spec (replicas: 1) (extensions: 1)
2025-01-29 13:43:12,462 INFO c.h.h.t.HelmChartContainer - [hivemq-test-hivemq-platform] [hivemq-platform-operator] [871bd395] 13:43:12.458 [ReconcilerExecutor-hivemq-controller-120] DEBUG c.h.p.o.HiveMQPlatformReconciler - [helmupgr] StatefulSet Status (revision: test-hivemq-platform-5b6c7575b6, replicas: 1, available: 1, ready: 1, current: 1, updated: 1)
2025-01-29 13:43:12,462 INFO c.h.h.t.HelmChartContainer - [hivemq-test-hivemq-platform] [hivemq-platform-operator] [871bd395] 13:43:12.458 [ReconcilerExecutor-hivemq-controller-120] DEBUG c.h.p.o.HiveMQPlatformReconciler - [helmupgr] StatefulSet Spec (replicas: 1, init containers: 1, containers: 1, volumes: 4)
2025-01-29 13:43:12,462 INFO c.h.h.t.HelmChartContainer - [hivemq-test-hivemq-platform] [hivemq-platform-operator] [871bd395] 13:43:12.460 [ReconcilerExecutor-hivemq-controller-120] DEBUG c.h.p.o.h.HiveMQPlatformReconcilerErrorHandler - [helmupgr] Pod 'test-hivemq-platform-0' phase Running
2025-01-29 13:43:12,462 INFO c.h.h.t.HelmChartContainer - [hivemq-test-hivemq-platform] [hivemq-platform-operator] [871bd395] 13:43:12.460 [ReconcilerExecutor-hivemq-controller-120] INFO  c.h.p.o.h.HiveMQPlatformReconcilerBaseHandler - [helmupgr] Started rolling restart (scaling to 2 replicas)
2025-01-29 13:43:12,554 INFO c.h.h.t.HelmChartContainer - [hivemq-test-hivemq-platform] [hivemq-platform-operator] [871bd395] 13:43:12.553 [ReconcilerExecutor-hivemq-controller-120] DEBUG c.h.p.operator.event.EventSender - [helmupgr] Creating K8s event rolling-restart-started: [RollingRestart] HiveMQ Platform is starting a surge Pod (rolling restart)
2025-01-29 13:43:12,558 INFO c.h.h.t.HelmChartContainer - [EVENT] Normal [RollingRestart] HiveMQ Platform is starting a surge Pod (rolling restart) [helmupgradeextensionit:test-hivemq-platform]
2025-01-29 13:43:12,638 INFO c.h.h.t.HelmChartContainer - [hivemq-test-hivemq-platform] [hivemq-platform-operator] [871bd395] 13:43:12.637 [ReconcilerExecutor-hivemq-controller-120] INFO  c.h.p.o.h.AbstractHiveMQReconcilerStateHandler - [helmupgr] Update HiveMQ Platform Status (RUNNING [READY] -> ROLLING_RESTART [SURGE_IN_PROGRESS]): HiveMQ Platform is starting a surge Pod (rolling restart)
2025-01-29 13:43:12,646 DEBUG com.hivemq.helmcharts.util.K8sUtil - Comparing actual state 'ROLLING_RESTART' and waiting for 'ROLLING_RESTART'
2025-01-29 13:43:12,651 DEBUG com.hivemq.helmcharts.util.K8sUtil - Comparing actual state 'ROLLING_RESTART' and waiting for 'RUNNING'
2025-01-29 13:43:12,678 INFO c.h.h.t.HelmChartContainer - [hivemq-test-hivemq-platform] [hivemq-platform-operator] [871bd395] 13:43:12.677 [pool-6-thread-18] DEBUG c.h.p.o.d.PlatformServiceResource - [helmupgr] Desired Platform services (3 services)
2025-01-29 13:43:12,742 INFO c.h.h.t.HelmChartContainer - [hivemq-test-hivemq-platform] [hivemq-platform-operator] [871bd395] 13:43:12.739 [pool-6-thread-14] DEBUG c.h.p.o.dependants.PodInfoConfigMap - [helmupgr] Desired PodInfo ConfigMap (1 extensions) (1 enabled)
2025-01-29 13:43:12,742 INFO c.h.h.t.HelmChartContainer - [hivemq-test-hivemq-platform] [hivemq-platform-operator] [871bd395] 13:43:12.739 [pool-6-thread-14] DEBUG c.h.p.o.dependants.PodInfoConfigMap - [helmupgr] Desired PodInfo ConfigMap (metrics port: 9399) (metrics path: /)
2025-01-29 13:43:12,742 INFO c.h.h.t.HelmChartContainer - [hivemq-test-hivemq-platform] [hivemq-platform-operator] [871bd395] 13:43:12.739 [pool-6-thread-14] DEBUG c.h.p.o.dependants.PodInfoConfigMap - [helmupgr] Desired PodInfo ConfigMap (extension state hash: 1557251680)
2025-01-29 13:43:12,743 INFO c.h.h.t.HelmChartContainer - [hivemq-test-hivemq-platform] [hivemq-platform-operator] [871bd395] 13:43:12.739 [pool-6-thread-14] DEBUG c.h.p.o.dependants.PodInfoConfigMap - [helmupgr] Update PodInfo ConfigMap
2025-01-29 13:43:12,743 INFO c.h.h.t.HelmChartContainer - [hivemq-test-hivemq-platform] [hivemq-platform-operator] [871bd395] 13:43:12.740 [pool-6-thread-18] DEBUG c.h.p.o.d.PodServiceAccountResource - [helmupgr] Desired PodServiceAccountResource (serviceAccountName: hivemq-platform-pod-test-hivemq-platform)
2025-01-29 13:43:12,753 INFO c.h.h.t.HelmChartContainer - [hivemq-test-hivemq-platform] [hivemq-platform-operator] [871bd395] 13:43:12.750 [pool-6-thread-14] DEBUG c.h.p.o.d.StatefulSetResource - [helmupgr] Desired StatefulSet (2 replicas) for status ROLLING_RESTART (SURGE_IN_PROGRESS)
2025-01-29 13:43:12,754 INFO c.h.h.t.HelmChartContainer - [hivemq-test-hivemq-platform] [hivemq-platform-operator] [871bd395] 13:43:12.753 [pool-6-thread-14] DEBUG c.h.p.o.d.StatefulSetResource - [helmupgr] Update StatefulSet (replicas: 1 -> 2)
2025-01-29 13:43:12,772 INFO c.h.h.t.HelmChartContainer - [POD] test-hivemq-platform-1 [5feb8150-2122-44f4-8214-a094c1f02916] in helmupgradeextensionit was ADDED
2025-01-29 13:43:12,773 INFO c.h.h.t.HelmChartContainer - [EVENT] Normal [SuccessfulCreate] create Pod test-hivemq-platform-1 in StatefulSet test-hivemq-platform successful [helmupgradeextensionit:test-hivemq-platform]
2025-01-29 13:43:12,782 INFO c.h.h.t.HelmChartContainer - [POD] test-hivemq-platform-1 [5feb8150-2122-44f4-8214-a094c1f02916] in helmupgradeextensionit was MODIFIED
2025-01-29 13:43:12,783 INFO c.h.h.t.HelmChartContainer - [EVENT] Normal [Scheduled] Successfully assigned helmupgradeextensionit/test-hivemq-platform-1 to 41e0b4b2959d [helmupgradeextensionit:test-hivemq-platform-1]
2025-01-29 13:43:12,790 INFO c.h.h.t.HelmChartContainer - [POD] test-hivemq-platform-1 [5feb8150-2122-44f4-8214-a094c1f02916] in helmupgradeextensionit was MODIFIED
2025-01-29 13:43:12,843 INFO c.h.h.t.HelmChartContainer - [hivemq-test-hivemq-platform] [hivemq-platform-operator] [871bd395] 13:43:12.841 [ReconcilerExecutor-hivemq-controller-121] INFO  c.h.p.o.HiveMQPlatformReconciler - [helmupgr] Reconciling HiveMQ Platform 'test-hivemq-platform' in namespace 'helmupgradeextensionit'
2025-01-29 13:43:12,843 INFO c.h.h.t.HelmChartContainer - [hivemq-test-hivemq-platform] [hivemq-platform-operator] [871bd395] 13:43:12.841 [ReconcilerExecutor-hivemq-controller-121] DEBUG c.h.p.o.HiveMQPlatformReconciler - [helmupgr] Custom Resource Status ROLLING_RESTART - HiveMQ Platform is starting a surge Pod (rolling restart) (SURGE_IN_PROGRESS)
2025-01-29 13:43:12,844 INFO c.h.h.t.HelmChartContainer - [hivemq-test-hivemq-platform] [hivemq-platform-operator] [871bd395] 13:43:12.841 [ReconcilerExecutor-hivemq-controller-121] DEBUG c.h.p.o.HiveMQPlatformReconciler - [helmupgr] Custom Resource Spec (replicas: 1) (extensions: 1)
2025-01-29 13:43:12,844 INFO c.h.h.t.HelmChartContainer - [K3S] [reconciler_common.go:251] "operationExecutor.VerifyControllerAttachedVolume started for volume \"pod-info\" (UniqueName: \"kubernetes.io/configmap/5feb8150-2122-44f4-8214-a094c1f02916-pod-info\") pod \"test-hivemq-platform-1\" (UID: \"5feb8150-2122-44f4-8214-a094c1f02916\") " pod="helmupgradeextensionit/test-hivemq-platform-1"
2025-01-29 13:43:12,844 INFO c.h.h.t.HelmChartContainer - [K3S] [reconciler_common.go:251] "operationExecutor.VerifyControllerAttachedVolume started for volume \"broker-configuration\" (UniqueName: \"kubernetes.io/configmap/5feb8150-2122-44f4-8214-a094c1f02916-broker-configuration\") pod \"test-hivemq-platform-1\" (UID: \"5feb8150-2122-44f4-8214-a094c1f02916\") " pod="helmupgradeextensionit/test-hivemq-platform-1"
2025-01-29 13:43:12,844 INFO c.h.h.t.HelmChartContainer - [K3S] [reconciler_common.go:251] "operationExecutor.VerifyControllerAttachedVolume started for volume \"kube-api-access-776gq\" (UniqueName: \"kubernetes.io/projected/5feb8150-2122-44f4-8214-a094c1f02916-kube-api-access-776gq\") pod \"test-hivemq-platform-1\" (UID: \"5feb8150-2122-44f4-8214-a094c1f02916\") " pod="helmupgradeextensionit/test-hivemq-platform-1"
2025-01-29 13:43:12,844 INFO c.h.h.t.HelmChartContainer - [K3S] [reconciler_common.go:251] "operationExecutor.VerifyControllerAttachedVolume started for volume \"operator-init\" (UniqueName: \"kubernetes.io/empty-dir/5feb8150-2122-44f4-8214-a094c1f02916-operator-init\") pod \"test-hivemq-platform-1\" (UID: \"5feb8150-2122-44f4-8214-a094c1f02916\") " pod="helmupgradeextensionit/test-hivemq-platform-1"
2025-01-29 13:43:12,844 INFO c.h.h.t.HelmChartContainer - [K3S] [reconciler_common.go:251] "operationExecutor.VerifyControllerAttachedVolume started for volume \"extension-configuration-hivemq-bridge-extension\" (UniqueName: \"kubernetes.io/configmap/5feb8150-2122-44f4-8214-a094c1f02916-extension-configuration-hivemq-bridge-extension\") pod \"test-hivemq-platform-1\" (UID: \"5feb8150-2122-44f4-8214-a094c1f02916\") " pod="helmupgradeextensionit/test-hivemq-platform-1"
2025-01-29 13:43:12,846 INFO c.h.h.t.HelmChartContainer - [hivemq-test-hivemq-platform] [hivemq-platform-operator] [871bd395] 13:43:12.845 [ReconcilerExecutor-hivemq-controller-121] DEBUG c.h.p.o.HiveMQPlatformReconciler - [helmupgr] StatefulSet Status (revision: test-hivemq-platform-7c6d7d4d7b, replicas: 2, available: 1, ready: 1, current: 1, updated: 1)
2025-01-29 13:43:12,846 INFO c.h.h.t.HelmChartContainer - [hivemq-test-hivemq-platform] [hivemq-platform-operator] [871bd395] 13:43:12.846 [ReconcilerExecutor-hivemq-controller-121] DEBUG c.h.p.o.HiveMQPlatformReconciler - [helmupgr] StatefulSet Spec (replicas: 2, init containers: 1, containers: 1, volumes: 4)
2025-01-29 13:43:12,848 INFO c.h.h.t.HelmChartContainer - [hivemq-test-hivemq-platform] [hivemq-platform-operator] [871bd395] 13:43:12.847 [ReconcilerExecutor-hivemq-controller-121] DEBUG c.h.p.o.h.HiveMQPlatformReconcilerErrorHandler - [helmupgr] Pod 'test-hivemq-platform-1' phase Pending
2025-01-29 13:43:12,849 INFO c.h.h.t.HelmChartContainer - [hivemq-test-hivemq-platform] [hivemq-platform-operator] [871bd395] 13:43:12.848 [ReconcilerExecutor-hivemq-controller-121] DEBUG c.h.p.o.h.HiveMQPlatformReconcilerErrorHandler - [helmupgr] Pod 'test-hivemq-platform-1' condition 'PodReadyToStartContainers': False
2025-01-29 13:43:12,849 INFO c.h.h.t.HelmChartContainer - [hivemq-test-hivemq-platform] [hivemq-platform-operator] [871bd395] 13:43:12.848 [ReconcilerExecutor-hivemq-controller-121] DEBUG c.h.p.o.h.HiveMQPlatformReconcilerErrorHandler - [helmupgr] Pod 'test-hivemq-platform-1' condition 'Initialized': False
2025-01-29 13:43:12,849 INFO c.h.h.t.HelmChartContainer - [hivemq-test-hivemq-platform] [hivemq-platform-operator] [871bd395] 13:43:12.848 [ReconcilerExecutor-hivemq-controller-121] DEBUG c.h.p.o.h.HiveMQPlatformReconcilerErrorHandler - [helmupgr] Pod 'test-hivemq-platform-1' condition 'Ready': False
2025-01-29 13:43:12,849 INFO c.h.h.t.HelmChartContainer - [hivemq-test-hivemq-platform] [hivemq-platform-operator] [871bd395] 13:43:12.848 [ReconcilerExecutor-hivemq-controller-121] DEBUG c.h.p.o.h.HiveMQPlatformReconcilerErrorHandler - [helmupgr] Pod 'test-hivemq-platform-1' condition 'ContainersReady': False
2025-01-29 13:43:12,849 INFO c.h.h.t.HelmChartContainer - [hivemq-test-hivemq-platform] [hivemq-platform-operator] [871bd395] 13:43:12.848 [ReconcilerExecutor-hivemq-controller-121] DEBUG c.h.p.o.h.HiveMQPlatformReconcilerErrorHandler - [helmupgr] Pod 'test-hivemq-platform-1' condition 'PodScheduled': True
2025-01-29 13:43:12,849 INFO c.h.h.t.HelmChartContainer - [hivemq-test-hivemq-platform] [hivemq-platform-operator] [871bd395] 13:43:12.848 [ReconcilerExecutor-hivemq-controller-121] DEBUG c.h.p.o.h.HiveMQPlatformReconcilerErrorHandler - [helmupgr] Pod 'test-hivemq-platform-1' containerStatus 'hivemq' (started: false) (ready: false) (waiting: [PodInitializing] null)
2025-01-29 13:43:12,850 INFO c.h.h.t.HelmChartContainer - [hivemq-test-hivemq-platform] [hivemq-platform-operator] [871bd395] 13:43:12.849 [ReconcilerExecutor-hivemq-controller-121] DEBUG c.h.p.o.h.HiveMQPlatformReconcilerErrorHandler - [helmupgr] Pod 'test-hivemq-platform-0' phase Running
2025-01-29 13:43:12,850 INFO c.h.h.t.HelmChartContainer - [hivemq-test-hivemq-platform] [hivemq-platform-operator] [871bd395] 13:43:12.850 [ReconcilerExecutor-hivemq-controller-121] DEBUG c.h.p.o.h.HiveMQPlatformReconcilerRollingRestartHandler - [helmupgr] Rolling restart is waiting for 1 of 2 replicas
2025-01-29 13:43:12,854 INFO c.h.h.t.HelmChartContainer - [hivemq-test-hivemq-platform] [hivemq-platform-operator] [871bd395] 13:43:12.852 [pool-6-thread-26] DEBUG c.h.p.o.d.PlatformServiceResource - [helmupgr] Desired Platform services (3 services)
2025-01-29 13:43:12,938 INFO c.h.h.t.HelmChartContainer - [hivemq-test-hivemq-platform] [hivemq-platform-operator] [871bd395] 13:43:12.935 [pool-6-thread-23] DEBUG c.h.p.o.d.PodServiceAccountResource - [helmupgr] Desired PodServiceAccountResource (serviceAccountName: hivemq-platform-pod-test-hivemq-platform)
2025-01-29 13:43:12,938 INFO c.h.h.t.HelmChartContainer - [hivemq-test-hivemq-platform] [hivemq-platform-operator] [871bd395] 13:43:12.853 [pool-6-thread-29] DEBUG c.h.p.o.dependants.PodInfoConfigMap - [helmupgr] Desired PodInfo ConfigMap (1 extensions) (1 enabled)
2025-01-29 13:43:12,938 INFO c.h.h.t.HelmChartContainer - [hivemq-test-hivemq-platform] [hivemq-platform-operator] [871bd395] 13:43:12.936 [pool-6-thread-29] DEBUG c.h.p.o.dependants.PodInfoConfigMap - [helmupgr] Desired PodInfo ConfigMap (metrics port: 9399) (metrics path: /)
2025-01-29 13:43:12,938 INFO c.h.h.t.HelmChartContainer - [hivemq-test-hivemq-platform] [hivemq-platform-operator] [871bd395] 13:43:12.937 [pool-6-thread-29] DEBUG c.h.p.o.dependants.PodInfoConfigMap - [helmupgr] Desired PodInfo ConfigMap (extension state hash: 1557251680)
2025-01-29 13:43:12,941 INFO c.h.h.t.HelmChartContainer - [hivemq-test-hivemq-platform] [hivemq-platform-operator] [871bd395] 13:43:12.940 [pool-6-thread-28] DEBUG c.h.p.o.d.StatefulSetResource - [helmupgr] Desired StatefulSet (2 replicas) for status ROLLING_RESTART (SURGE_IN_PROGRESS)
2025-01-29 13:43:12,945 INFO c.h.h.t.HelmChartContainer - [hivemq-test-hivemq-platform] [hivemq-platform-operator] [871bd395] 13:43:12.943 [ReconcilerExecutor-hivemq-controller-123] INFO  c.h.p.o.HiveMQPlatformReconciler - [helmupgr] Reconciling HiveMQ Platform 'test-hivemq-platform' in namespace 'helmupgradeextensionit'
2025-01-29 13:43:12,946 INFO c.h.h.t.HelmChartContainer - [hivemq-test-hivemq-platform] [hivemq-platform-operator] [871bd395] 13:43:12.943 [ReconcilerExecutor-hivemq-controller-123] DEBUG c.h.p.o.HiveMQPlatformReconciler - [helmupgr] Custom Resource Status ROLLING_RESTART - HiveMQ Platform is starting a surge Pod (rolling restart) (SURGE_IN_PROGRESS)
2025-01-29 13:43:12,946 INFO c.h.h.t.HelmChartContainer - [hivemq-test-hivemq-platform] [hivemq-platform-operator] [871bd395] 13:43:12.943 [ReconcilerExecutor-hivemq-controller-123] DEBUG c.h.p.o.HiveMQPlatformReconciler - [helmupgr] Custom Resource Spec (replicas: 1) (extensions: 1)
2025-01-29 13:43:12,946 INFO c.h.h.t.HelmChartContainer - [hivemq-test-hivemq-platform] [hivemq-platform-operator] [871bd395] 13:43:12.944 [ReconcilerExecutor-hivemq-controller-123] DEBUG c.h.p.o.HiveMQPlatformReconciler - [helmupgr] StatefulSet Status (revision: test-hivemq-platform-7c6d7d4d7b, replicas: 2, available: 1, ready: 1, current: 1, updated: 1)
2025-01-29 13:43:12,947 INFO c.h.h.t.HelmChartContainer - [hivemq-test-hivemq-platform] [hivemq-platform-operator] [871bd395] 13:43:12.946 [ReconcilerExecutor-hivemq-controller-123] DEBUG c.h.p.o.HiveMQPlatformReconciler - [helmupgr] StatefulSet Spec (replicas: 2, init containers: 1, containers: 1, volumes: 4)
2025-01-29 13:43:12,948 INFO c.h.h.t.HelmChartContainer - [hivemq-test-hivemq-platform] [hivemq-platform-operator] [871bd395] 13:43:12.947 [ReconcilerExecutor-hivemq-controller-123] DEBUG c.h.p.o.h.HiveMQPlatformReconcilerErrorHandler - [helmupgr] Pod 'test-hivemq-platform-1' phase Pending
2025-01-29 13:43:12,950 INFO c.h.h.t.HelmChartContainer - [hivemq-test-hivemq-platform] [hivemq-platform-operator] [871bd395] 13:43:12.947 [ReconcilerExecutor-hivemq-controller-123] DEBUG c.h.p.o.h.HiveMQPlatformReconcilerErrorHandler - [helmupgr] Pod 'test-hivemq-platform-1' condition 'PodReadyToStartContainers': False
2025-01-29 13:43:12,950 INFO c.h.h.t.HelmChartContainer - [hivemq-test-hivemq-platform] [hivemq-platform-operator] [871bd395] 13:43:12.948 [ReconcilerExecutor-hivemq-controller-123] DEBUG c.h.p.o.h.HiveMQPlatformReconcilerErrorHandler - [helmupgr] Pod 'test-hivemq-platform-1' condition 'Initialized': False
2025-01-29 13:43:12,950 INFO c.h.h.t.HelmChartContainer - [hivemq-test-hivemq-platform] [hivemq-platform-operator] [871bd395] 13:43:12.948 [ReconcilerExecutor-hivemq-controller-123] DEBUG c.h.p.o.h.HiveMQPlatformReconcilerErrorHandler - [helmupgr] Pod 'test-hivemq-platform-1' condition 'Ready': False
2025-01-29 13:43:12,950 INFO c.h.h.t.HelmChartContainer - [hivemq-test-hivemq-platform] [hivemq-platform-operator] [871bd395] 13:43:12.948 [ReconcilerExecutor-hivemq-controller-123] DEBUG c.h.p.o.h.HiveMQPlatformReconcilerErrorHandler - [helmupgr] Pod 'test-hivemq-platform-1' condition 'ContainersReady': False
2025-01-29 13:43:12,950 INFO c.h.h.t.HelmChartContainer - [hivemq-test-hivemq-platform] [hivemq-platform-operator] [871bd395] 13:43:12.948 [ReconcilerExecutor-hivemq-controller-123] DEBUG c.h.p.o.h.HiveMQPlatformReconcilerErrorHandler - [helmupgr] Pod 'test-hivemq-platform-1' condition 'PodScheduled': True
2025-01-29 13:43:12,950 INFO c.h.h.t.HelmChartContainer - [hivemq-test-hivemq-platform] [hivemq-platform-operator] [871bd395] 13:43:12.948 [ReconcilerExecutor-hivemq-controller-123] DEBUG c.h.p.o.h.HiveMQPlatformReconcilerErrorHandler - [helmupgr] Pod 'test-hivemq-platform-1' containerStatus 'hivemq' (started: false) (ready: false) (waiting: [PodInitializing] null)
2025-01-29 13:43:12,950 INFO c.h.h.t.HelmChartContainer - [hivemq-test-hivemq-platform] [hivemq-platform-operator] [871bd395] 13:43:12.948 [ReconcilerExecutor-hivemq-controller-123] DEBUG c.h.p.o.h.HiveMQPlatformReconcilerErrorHandler - [helmupgr] Pod 'test-hivemq-platform-0' phase Running
2025-01-29 13:43:12,951 INFO c.h.h.t.HelmChartContainer - [hivemq-test-hivemq-platform] [hivemq-platform-operator] [871bd395] 13:43:12.949 [ReconcilerExecutor-hivemq-controller-123] DEBUG c.h.p.o.h.HiveMQPlatformReconcilerRollingRestartHandler - [helmupgr] Rolling restart is waiting for 1 of 2 replicas
2025-01-29 13:43:13,172 INFO c.h.h.t.HelmChartContainer - [EVENT] Normal [Pulled] Container image "docker.io/hivemq/hivemq-platform-operator-init-test:snapshot" already present on machine [helmupgradeextensionit:test-hivemq-platform-1]
2025-01-29 13:43:13,180 INFO c.h.h.t.HelmChartContainer - [EVENT] Normal [Created] Created container: hivemq-platform-operator-init [helmupgradeextensionit:test-hivemq-platform-1]
2025-01-29 13:43:13,219 INFO c.h.h.t.HelmChartContainer - [EVENT] Normal [Started] Started container hivemq-platform-operator-init [helmupgradeextensionit:test-hivemq-platform-1]
2025-01-29 13:43:13,990 INFO c.h.h.t.HelmChartContainer - [EVENT] Normal [Pulled] Container image "docker.io/hivemq/hivemq4:4.36.0" already present on machine [helmupgradeextensionit:test-hivemq-platform-1]
2025-01-29 13:43:13,990 INFO c.h.h.t.HelmChartContainer - Received Pulled event for container hivemq in pod test-hivemq-platform-1 [5feb8150-2122-44f4-8214-a094c1f02916]
2025-01-29 13:43:14,004 INFO c.h.h.t.HelmChartContainer - [POD] test-hivemq-platform-1 [5feb8150-2122-44f4-8214-a094c1f02916] in helmupgradeextensionit was MODIFIED
2025-01-29 13:43:14,014 INFO c.h.h.t.HelmChartContainer - [hivemq-test-hivemq-platform] [hivemq-platform-operator] [871bd395] 13:43:14.008 [pool-6-thread-33] DEBUG c.h.p.o.d.PlatformServiceResource - [helmupgr] Desired Platform services (3 services)
2025-01-29 13:43:14,020 INFO c.h.h.t.HelmChartContainer - [EVENT] Normal [Created] Created container: hivemq [helmupgradeextensionit:test-hivemq-platform-1]
2025-01-29 13:43:14,021 INFO c.h.h.t.HelmChartContainer - Received Created event for container hivemq in pod test-hivemq-platform-1 [5feb8150-2122-44f4-8214-a094c1f02916]
2025-01-29 13:43:14,028 INFO c.h.h.t.HelmChartContainer - [hivemq-test-hivemq-platform] [hivemq-platform-operator] [871bd395] 13:43:14.011 [pool-6-thread-38] DEBUG c.h.p.o.d.PodServiceAccountResource - [helmupgr] Desired PodServiceAccountResource (serviceAccountName: hivemq-platform-pod-test-hivemq-platform)
2025-01-29 13:43:14,029 INFO c.h.h.t.HelmChartContainer - [hivemq-test-hivemq-platform] [hivemq-platform-operator] [871bd395] 13:43:14.015 [pool-6-thread-36] DEBUG c.h.p.o.dependants.PodInfoConfigMap - [helmupgr] Desired PodInfo ConfigMap (1 extensions) (1 enabled)
2025-01-29 13:43:14,029 INFO c.h.h.t.HelmChartContainer - [hivemq-test-hivemq-platform] [hivemq-platform-operator] [871bd395] 13:43:14.016 [pool-6-thread-36] DEBUG c.h.p.o.dependants.PodInfoConfigMap - [helmupgr] Desired PodInfo ConfigMap (metrics port: 9399) (metrics path: /)
2025-01-29 13:43:14,030 INFO c.h.h.t.HelmChartContainer - [hivemq-test-hivemq-platform] [hivemq-platform-operator] [871bd395] 13:43:14.016 [pool-6-thread-36] DEBUG c.h.p.o.dependants.PodInfoConfigMap - [helmupgr] Desired PodInfo ConfigMap (extension state hash: 1557251680)
2025-01-29 13:43:14,030 INFO c.h.h.t.HelmChartContainer - [hivemq-test-hivemq-platform] [hivemq-platform-operator] [871bd395] 13:43:14.020 [pool-6-thread-34] DEBUG c.h.p.o.d.StatefulSetResource - [helmupgr] Desired StatefulSet (2 replicas) for status ROLLING_RESTART (SURGE_IN_PROGRESS)
2025-01-29 13:43:14,035 INFO c.h.h.t.HelmChartContainer - [hivemq-test-hivemq-platform] [hivemq-platform-operator] [871bd395] 13:43:14.029 [ReconcilerExecutor-hivemq-controller-124] INFO  c.h.p.o.HiveMQPlatformReconciler - [helmupgr] Reconciling HiveMQ Platform 'test-hivemq-platform' in namespace 'helmupgradeextensionit'
2025-01-29 13:43:14,035 INFO c.h.h.t.HelmChartContainer - [hivemq-test-hivemq-platform] [hivemq-platform-operator] [871bd395] 13:43:14.030 [ReconcilerExecutor-hivemq-controller-124] DEBUG c.h.p.o.HiveMQPlatformReconciler - [helmupgr] Custom Resource Status ROLLING_RESTART - HiveMQ Platform is starting a surge Pod (rolling restart) (SURGE_IN_PROGRESS)
2025-01-29 13:43:14,036 INFO c.h.h.t.HelmChartContainer - [hivemq-test-hivemq-platform] [hivemq-platform-operator] [871bd395] 13:43:14.030 [ReconcilerExecutor-hivemq-controller-124] DEBUG c.h.p.o.HiveMQPlatformReconciler - [helmupgr] Custom Resource Spec (replicas: 1) (extensions: 1)
2025-01-29 13:43:14,036 INFO c.h.h.t.HelmChartContainer - [hivemq-test-hivemq-platform] [hivemq-platform-operator] [871bd395] 13:43:14.032 [ReconcilerExecutor-hivemq-controller-124] DEBUG c.h.p.o.HiveMQPlatformReconciler - [helmupgr] StatefulSet Status (revision: test-hivemq-platform-7c6d7d4d7b, replicas: 2, available: 1, ready: 1, current: 1, updated: 1)
2025-01-29 13:43:14,036 INFO c.h.h.t.HelmChartContainer - [hivemq-test-hivemq-platform] [hivemq-platform-operator] [871bd395] 13:43:14.032 [ReconcilerExecutor-hivemq-controller-124] DEBUG c.h.p.o.HiveMQPlatformReconciler - [helmupgr] StatefulSet Spec (replicas: 2, init containers: 1, containers: 1, volumes: 4)
2025-01-29 13:43:14,040 INFO c.h.h.t.HelmChartContainer - [hivemq-test-hivemq-platform] [hivemq-platform-operator] [871bd395] 13:43:14.034 [ReconcilerExecutor-hivemq-controller-124] DEBUG c.h.p.o.h.HiveMQPlatformReconcilerErrorHandler - [helmupgr] Pod 'test-hivemq-platform-1' phase Pending
2025-01-29 13:43:14,040 INFO c.h.h.t.HelmChartContainer - [hivemq-test-hivemq-platform] [hivemq-platform-operator] [871bd395] 13:43:14.035 [ReconcilerExecutor-hivemq-controller-124] DEBUG c.h.p.o.h.HiveMQPlatformReconcilerErrorHandler - [helmupgr] Pod 'test-hivemq-platform-1' condition 'PodReadyToStartContainers': True
2025-01-29 13:43:14,040 INFO c.h.h.t.HelmChartContainer - [hivemq-test-hivemq-platform] [hivemq-platform-operator] [871bd395] 13:43:14.035 [ReconcilerExecutor-hivemq-controller-124] DEBUG c.h.p.o.h.HiveMQPlatformReconcilerErrorHandler - [helmupgr] Pod 'test-hivemq-platform-1' condition 'Initialized': True
2025-01-29 13:43:14,040 INFO c.h.h.t.HelmChartContainer - [hivemq-test-hivemq-platform] [hivemq-platform-operator] [871bd395] 13:43:14.035 [ReconcilerExecutor-hivemq-controller-124] DEBUG c.h.p.o.h.HiveMQPlatformReconcilerErrorHandler - [helmupgr] Pod 'test-hivemq-platform-1' condition 'Ready': False
2025-01-29 13:43:14,040 INFO c.h.h.t.HelmChartContainer - [hivemq-test-hivemq-platform] [hivemq-platform-operator] [871bd395] 13:43:14.035 [ReconcilerExecutor-hivemq-controller-124] DEBUG c.h.p.o.h.HiveMQPlatformReconcilerErrorHandler - [helmupgr] Pod 'test-hivemq-platform-1' condition 'ContainersReady': False
2025-01-29 13:43:14,040 INFO c.h.h.t.HelmChartContainer - [hivemq-test-hivemq-platform] [hivemq-platform-operator] [871bd395] 13:43:14.036 [ReconcilerExecutor-hivemq-controller-124] DEBUG c.h.p.o.h.HiveMQPlatformReconcilerErrorHandler - [helmupgr] Pod 'test-hivemq-platform-1' condition 'PodScheduled': True
2025-01-29 13:43:14,040 INFO c.h.h.t.HelmChartContainer - [hivemq-test-hivemq-platform] [hivemq-platform-operator] [871bd395] 13:43:14.036 [ReconcilerExecutor-hivemq-controller-124] DEBUG c.h.p.o.h.HiveMQPlatformReconcilerErrorHandler - [helmupgr] Pod 'test-hivemq-platform-1' containerStatus 'hivemq' (started: false) (ready: false) (waiting: [PodInitializing] null)
2025-01-29 13:43:14,040 INFO c.h.h.t.HelmChartContainer - [hivemq-test-hivemq-platform] [hivemq-platform-operator] [871bd395] 13:43:14.038 [ReconcilerExecutor-hivemq-controller-124] DEBUG c.h.p.o.h.HiveMQPlatformReconcilerErrorHandler - [helmupgr] Pod 'test-hivemq-platform-0' phase Running
2025-01-29 13:43:14,102 INFO c.h.h.t.HelmChartContainer - [hivemq-test-hivemq-platform] [hivemq-platform-operator] [871bd395] 13:43:14.101 [ReconcilerExecutor-hivemq-controller-124] DEBUG c.h.p.o.h.HiveMQPlatformReconcilerRollingRestartHandler - [helmupgr] Rolling restart is waiting for 1 of 2 replicas
2025-01-29 13:43:15,003 INFO c.h.h.t.HelmChartContainer - [POD] test-hivemq-platform-1 [5feb8150-2122-44f4-8214-a094c1f02916] in helmupgradeextensionit was MODIFIED
2025-01-29 13:43:15,014 INFO c.h.h.t.HelmChartContainer - [hivemq-test-hivemq-platform] [hivemq-platform-operator] [871bd395] 13:43:15.006 [pool-6-thread-43] DEBUG c.h.p.o.d.PlatformServiceResource - [helmupgr] Desired Platform services (3 services)
2025-01-29 13:43:15,014 INFO c.h.h.t.HelmChartContainer - [hivemq-test-hivemq-platform] [hivemq-platform-operator] [871bd395] 13:43:15.009 [pool-6-thread-49] DEBUG c.h.p.o.d.PodServiceAccountResource - [helmupgr] Desired PodServiceAccountResource (serviceAccountName: hivemq-platform-pod-test-hivemq-platform)
2025-01-29 13:43:15,014 INFO c.h.h.t.HelmChartContainer - [hivemq-test-hivemq-platform] [hivemq-platform-operator] [871bd395] 13:43:15.011 [pool-6-thread-44] DEBUG c.h.p.o.dependants.PodInfoConfigMap - [helmupgr] Desired PodInfo ConfigMap (1 extensions) (1 enabled)
2025-01-29 13:43:15,015 INFO c.h.h.t.HelmChartContainer - [hivemq-test-hivemq-platform] [hivemq-platform-operator] [871bd395] 13:43:15.011 [pool-6-thread-44] DEBUG c.h.p.o.dependants.PodInfoConfigMap - [helmupgr] Desired PodInfo ConfigMap (metrics port: 9399) (metrics path: /)
2025-01-29 13:43:15,015 INFO c.h.h.t.HelmChartContainer - [hivemq-test-hivemq-platform] [hivemq-platform-operator] [871bd395] 13:43:15.011 [pool-6-thread-44] DEBUG c.h.p.o.dependants.PodInfoConfigMap - [helmupgr] Desired PodInfo ConfigMap (extension state hash: 1557251680)
2025-01-29 13:43:15,016 INFO c.h.h.t.HelmChartContainer - [hivemq-test-hivemq-platform] [hivemq-platform-operator] [871bd395] 13:43:15.015 [pool-6-thread-43] DEBUG c.h.p.o.d.StatefulSetResource - [helmupgr] Desired StatefulSet (2 replicas) for status ROLLING_RESTART (SURGE_IN_PROGRESS)
2025-01-29 13:43:15,022 INFO c.h.h.t.HelmChartContainer - [EVENT] Normal [Started] Started container hivemq [helmupgradeextensionit:test-hivemq-platform-1]
2025-01-29 13:43:15,022 INFO c.h.h.t.HelmChartContainer - Started log watcher for hivemq in pod test-hivemq-platform-1 [5feb8150-2122-44f4-8214-a094c1f02916]
2025-01-29 13:43:15,022 INFO c.h.h.t.HelmChartContainer - Received Started event for container hivemq in pod test-hivemq-platform-1 [5feb8150-2122-44f4-8214-a094c1f02916]
2025-01-29 13:43:15,022 INFO c.h.h.t.HelmChartContainer - [test-hivemq-platform] [hivemq] [5feb8150] Adding pre-installed HiveMQ Platform Operator extensions
2025-01-29 13:43:15,022 INFO c.h.h.t.HelmChartContainer - [test-hivemq-platform] [hivemq] [5feb8150] Running as user 10000
2025-01-29 13:43:15,022 INFO c.h.h.t.HelmChartContainer - [test-hivemq-platform] [hivemq] [5feb8150] Starting HiveMQ Platform Operator Init
2025-01-29 13:43:15,023 INFO c.h.h.t.HelmChartContainer - [hivemq-test-hivemq-platform] [hivemq-platform-operator] [871bd395] 13:43:15.018 [ReconcilerExecutor-hivemq-controller-125] INFO  c.h.p.o.HiveMQPlatformReconciler - [helmupgr] Reconciling HiveMQ Platform 'test-hivemq-platform' in namespace 'helmupgradeextensionit'
2025-01-29 13:43:15,023 INFO c.h.h.t.HelmChartContainer - [hivemq-test-hivemq-platform] [hivemq-platform-operator] [871bd395] 13:43:15.018 [ReconcilerExecutor-hivemq-controller-125] DEBUG c.h.p.o.HiveMQPlatformReconciler - [helmupgr] Custom Resource Status ROLLING_RESTART - HiveMQ Platform is starting a surge Pod (rolling restart) (SURGE_IN_PROGRESS)
2025-01-29 13:43:15,023 INFO c.h.h.t.HelmChartContainer - [hivemq-test-hivemq-platform] [hivemq-platform-operator] [871bd395] 13:43:15.018 [ReconcilerExecutor-hivemq-controller-125] DEBUG c.h.p.o.HiveMQPlatformReconciler - [helmupgr] Custom Resource Spec (replicas: 1) (extensions: 1)
2025-01-29 13:43:15,023 INFO c.h.h.t.HelmChartContainer - [hivemq-test-hivemq-platform] [hivemq-platform-operator] [871bd395] 13:43:15.020 [ReconcilerExecutor-hivemq-controller-125] DEBUG c.h.p.o.HiveMQPlatformReconciler - [helmupgr] StatefulSet Status (revision: test-hivemq-platform-7c6d7d4d7b, replicas: 2, available: 1, ready: 1, current: 1, updated: 1)
2025-01-29 13:43:15,023 INFO c.h.h.t.HelmChartContainer - [hivemq-test-hivemq-platform] [hivemq-platform-operator] [871bd395] 13:43:15.020 [ReconcilerExecutor-hivemq-controller-125] DEBUG c.h.p.o.HiveMQPlatformReconciler - [helmupgr] StatefulSet Spec (replicas: 2, init containers: 1, containers: 1, volumes: 4)
2025-01-29 13:43:15,101 INFO c.h.h.t.HelmChartContainer - [hivemq-test-hivemq-platform] [hivemq-platform-operator] [871bd395] 13:43:15.100 [ReconcilerExecutor-hivemq-controller-125] DEBUG c.h.p.o.h.HiveMQPlatformReconcilerErrorHandler - [helmupgr] Pod 'test-hivemq-platform-1' phase Running
2025-01-29 13:43:15,103 INFO c.h.h.t.HelmChartContainer - [hivemq-test-hivemq-platform] [hivemq-platform-operator] [871bd395] 13:43:15.102 [ReconcilerExecutor-hivemq-controller-125] DEBUG c.h.p.o.h.HiveMQPlatformReconcilerErrorHandler - [helmupgr] Pod 'test-hivemq-platform-0' phase Running
2025-01-29 13:43:15,104 INFO c.h.h.t.HelmChartContainer - [hivemq-test-hivemq-platform] [hivemq-platform-operator] [871bd395] 13:43:15.103 [ReconcilerExecutor-hivemq-controller-125] DEBUG c.h.p.o.h.HiveMQPlatformReconcilerRollingRestartHandler - [helmupgr] Rolling restart is waiting for 1 of 2 replicas
2025-01-29 13:43:15,343 INFO c.h.h.t.HelmChartContainer - [test-hivemq-platform] [hivemq] [5feb8150] INFO  - [HiveMQ Platform Operator Init 1.7.0-SNAPSHOT] HiveMQ Platform Operator Init 1.7.0-SNAPSHOT (commit: bebf408 on branch: HEAD) built on Sun Jan 26 20:47:47 UTC 2025
2025-01-29 13:43:16,536 INFO c.h.h.t.HelmChartContainer - [test-hivemq-platform] [hivemq] [5feb8150] INFO  - [HiveMQ Platform Operator Init App 1.7.0-SNAPSHOT] Using bind address 10.42.0.9 from environment variable
2025-01-29 13:43:17,010 INFO c.h.h.t.HelmChartContainer - [test-hivemq-platform] [hivemq] [33d5ece7] WARN  - Bridge Extension: Connect to bridge 'testbridge' failed for the 3 time, reason: connection timed out after 10000 ms: /172.17.0.3:1883
2025-01-29 13:43:17,441 INFO c.h.h.t.HelmChartContainer - [test-hivemq-platform] [hivemq] [5feb8150] INFO  - [HiveMQ Platform Operator Init App 1.7.0-SNAPSHOT] HiveMQ Platform Operator Init App 1.7.0-SNAPSHOT (commit: bebf408 on branch: HEAD) built on Sun Jan 26 20:47:47 UTC 2025
2025-01-29 13:43:17,442 INFO c.h.h.t.HelmChartContainer - [test-hivemq-platform] [hivemq] [5feb8150] INFO  - [HiveMQ Platform Operator Init App 1.7.0-SNAPSHOT] PodInfo ConfigMap directory: /etc/podinfo
2025-01-29 13:43:17,442 INFO c.h.h.t.HelmChartContainer - [test-hivemq-platform] [hivemq] [5feb8150] INFO  - [HiveMQ Platform Operator Init App 1.7.0-SNAPSHOT] HiveMQ home directory: /opt/hivemq
2025-01-29 13:43:17,442 INFO c.h.h.t.HelmChartContainer - [test-hivemq-platform] [hivemq] [5feb8150] INFO  - [HiveMQ Platform Operator Init App 1.7.0-SNAPSHOT] HiveMQ Logback folder: /opt/hivemq/conf
2025-01-29 13:43:17,442 INFO c.h.h.t.HelmChartContainer - [test-hivemq-platform] [hivemq] [5feb8150] INFO  - [HiveMQ Platform Operator Init App 1.7.0-SNAPSHOT] HiveMQ Config folder: /opt/hivemq/conf-k8s
2025-01-29 13:43:17,443 INFO c.h.h.t.HelmChartContainer - [test-hivemq-platform] [hivemq] [5feb8150] INFO  - [HiveMQ Platform Operator Init App 1.7.0-SNAPSHOT] Starting HiveMQ Platform Operator Init App
2025-01-29 13:43:17,443 INFO c.h.h.t.HelmChartContainer - [test-hivemq-platform] [hivemq] [5feb8150] INFO  - [HiveMQ Platform Operator Init App 1.7.0-SNAPSHOT] Starting Pod reconciler
2025-01-29 13:43:17,729 INFO c.h.h.t.HelmChartContainer - [test-hivemq-platform] [hivemq] [33d5ece7] WARN  - Bridge Extension: Connect to bridge 'testbridge' failed for the 3 time, reason: connection timed out after 10000 ms: /172.17.0.3:1883
2025-01-29 13:43:18,695 INFO c.h.h.t.HelmChartContainer - [test-hivemq-platform] [hivemq] [5feb8150] INFO  - [HiveMQ Platform Operator Init App 1.7.0-SNAPSHOT] Pod reconciler is scheduled (interval: 5000 ms)
2025-01-29 13:43:18,696 INFO c.h.h.t.HelmChartContainer - [test-hivemq-platform] [hivemq] [5feb8150] INFO  - [HiveMQ Platform Operator Init App 1.7.0-SNAPSHOT] Starting the REST API on 10.42.0.9:7979
2025-01-29 13:43:18,699 INFO c.h.h.t.HelmChartContainer - [test-hivemq-platform] [hivemq] [5feb8150] INFO  - [HiveMQ Platform Operator Init App 1.7.0-SNAPSHOT] Waiting up to 600s for at most 2 HiveMQ nodes in cluster service hivemq-test-hivemq-platform-cluster.helmupgradeextensionit.svc
2025-01-29 13:43:19,045 INFO c.h.h.t.HelmChartContainer - [test-hivemq-platform] [hivemq] [5feb8150] INFO  - [HiveMQ Platform Operator Init App 1.7.0-SNAPSHOT] Resolved 2 IP addresses: [10.42.0.8, 10.42.0.9]
2025-01-29 13:43:19,045 INFO c.h.h.t.HelmChartContainer - [test-hivemq-platform] [hivemq] [5feb8150] INFO  - [HiveMQ Platform Operator Init App 1.7.0-SNAPSHOT] HiveMQ node count of 2 is within threshold of 2
2025-01-29 13:43:19,045 INFO c.h.h.t.HelmChartContainer - [test-hivemq-platform] [hivemq] [5feb8150] INFO  - [HiveMQ Platform Operator Init App 1.7.0-SNAPSHOT] Waiting 15s for previous shutdown replication to finish...
2025-01-29 13:43:20,999 INFO c.h.h.t.HelmChartContainer - [test-hivemq-platform] [hivemq] [5feb8150] INFO  - [HiveMQ Platform Operator Init App 1.7.0-SNAPSHOT] Returning default Health API response 503 for readiness
2025-01-29 13:43:21,122 INFO c.h.h.t.HelmChartContainer - [EVENT] Warning [Unhealthy] Readiness probe failed: HTTP probe failed with statuscode: 503 [helmupgradeextensionit:test-hivemq-platform-1]
2025-01-29 13:43:21,123 INFO c.h.h.t.HelmChartContainer - Received Unhealthy event for container hivemq in pod test-hivemq-platform-1 [5feb8150-2122-44f4-8214-a094c1f02916]
2025-01-29 13:43:25,111 INFO c.h.h.t.HelmChartContainer - [hivemq-test-hivemq-platform] [hivemq-platform-operator] [871bd395] 13:43:25.106 [pool-6-thread-7] DEBUG c.h.p.o.dependants.PodInfoConfigMap - [helmupgr] Desired PodInfo ConfigMap (1 extensions) (1 enabled)
2025-01-29 13:43:25,111 INFO c.h.h.t.HelmChartContainer - [hivemq-test-hivemq-platform] [hivemq-platform-operator] [871bd395] 13:43:25.108 [pool-6-thread-7] DEBUG c.h.p.o.dependants.PodInfoConfigMap - [helmupgr] Desired PodInfo ConfigMap (metrics port: 9399) (metrics path: /)
2025-01-29 13:43:25,111 INFO c.h.h.t.HelmChartContainer - [hivemq-test-hivemq-platform] [hivemq-platform-operator] [871bd395] 13:43:25.108 [pool-6-thread-7] DEBUG c.h.p.o.dependants.PodInfoConfigMap - [helmupgr] Desired PodInfo ConfigMap (extension state hash: 1557251680)
2025-01-29 13:43:25,111 INFO c.h.h.t.HelmChartContainer - [hivemq-test-hivemq-platform] [hivemq-platform-operator] [871bd395] 13:43:25.109 [pool-6-thread-6] DEBUG c.h.p.o.d.PlatformServiceResource - [helmupgr] Desired Platform services (3 services)
2025-01-29 13:43:25,111 INFO c.h.h.t.HelmChartContainer - [hivemq-test-hivemq-platform] [hivemq-platform-operator] [871bd395] 13:43:25.107 [pool-6-thread-3] DEBUG c.h.p.o.d.PodServiceAccountResource - [helmupgr] Desired PodServiceAccountResource (serviceAccountName: hivemq-platform-pod-test-hivemq-platform)
2025-01-29 13:43:25,116 INFO c.h.h.t.HelmChartContainer - [hivemq-test-hivemq-platform] [hivemq-platform-operator] [871bd395] 13:43:25.114 [pool-6-thread-6] DEBUG c.h.p.o.d.StatefulSetResource - [helmupgr] Desired StatefulSet (2 replicas) for status ROLLING_RESTART (SURGE_IN_PROGRESS)
2025-01-29 13:43:25,118 INFO c.h.h.t.HelmChartContainer - [hivemq-test-hivemq-platform] [hivemq-platform-operator] [871bd395] 13:43:25.118 [ReconcilerExecutor-hivemq-controller-126] INFO  c.h.p.o.HiveMQPlatformReconciler - [helmupgr] Reconciling HiveMQ Platform 'test-hivemq-platform' in namespace 'helmupgradeextensionit'
2025-01-29 13:43:25,119 INFO c.h.h.t.HelmChartContainer - [hivemq-test-hivemq-platform] [hivemq-platform-operator] [871bd395] 13:43:25.118 [ReconcilerExecutor-hivemq-controller-126] DEBUG c.h.p.o.HiveMQPlatformReconciler - [helmupgr] Custom Resource Status ROLLING_RESTART - HiveMQ Platform is starting a surge Pod (rolling restart) (SURGE_IN_PROGRESS)
2025-01-29 13:43:25,119 INFO c.h.h.t.HelmChartContainer - [hivemq-test-hivemq-platform] [hivemq-platform-operator] [871bd395] 13:43:25.118 [ReconcilerExecutor-hivemq-controller-126] DEBUG c.h.p.o.HiveMQPlatformReconciler - [helmupgr] Custom Resource Spec (replicas: 1) (extensions: 1)
2025-01-29 13:43:25,121 INFO c.h.h.t.HelmChartContainer - [hivemq-test-hivemq-platform] [hivemq-platform-operator] [871bd395] 13:43:25.121 [ReconcilerExecutor-hivemq-controller-126] DEBUG c.h.p.o.HiveMQPlatformReconciler - [helmupgr] StatefulSet Status (revision: test-hivemq-platform-7c6d7d4d7b, replicas: 2, available: 1, ready: 1, current: 1, updated: 1)
2025-01-29 13:43:25,122 INFO c.h.h.t.HelmChartContainer - [hivemq-test-hivemq-platform] [hivemq-platform-operator] [871bd395] 13:43:25.121 [ReconcilerExecutor-hivemq-controller-126] DEBUG c.h.p.o.HiveMQPlatformReconciler - [helmupgr] StatefulSet Spec (replicas: 2, init containers: 1, containers: 1, volumes: 4)
2025-01-29 13:43:25,122 INFO c.h.h.t.HelmChartContainer - [hivemq-test-hivemq-platform] [hivemq-platform-operator] [871bd395] 13:43:25.122 [ReconcilerExecutor-hivemq-controller-126] DEBUG c.h.p.o.h.HiveMQPlatformReconcilerErrorHandler - [helmupgr] Pod 'test-hivemq-platform-1' phase Running
2025-01-29 13:43:25,124 INFO c.h.h.t.HelmChartContainer - [hivemq-test-hivemq-platform] [hivemq-platform-operator] [871bd395] 13:43:25.123 [ReconcilerExecutor-hivemq-controller-126] DEBUG c.h.p.o.h.HiveMQPlatformReconcilerErrorHandler - [helmupgr] Pod 'test-hivemq-platform-0' phase Running
2025-01-29 13:43:25,124 INFO c.h.h.t.HelmChartContainer - [hivemq-test-hivemq-platform] [hivemq-platform-operator] [871bd395] 13:43:25.123 [ReconcilerExecutor-hivemq-controller-126] DEBUG c.h.p.o.h.HiveMQPlatformReconcilerRollingRestartHandler - [helmupgr] Rolling restart is waiting for 1 of 2 replicas
2025-01-29 13:43:26,000 INFO c.h.h.t.HelmChartContainer - [EVENT] Warning [Unhealthy] Readiness probe failed: HTTP probe failed with statuscode: 503 [helmupgradeextensionit:test-hivemq-platform-1]
2025-01-29 13:43:26,000 INFO c.h.h.t.HelmChartContainer - Received Unhealthy event for container hivemq in pod test-hivemq-platform-1 [5feb8150-2122-44f4-8214-a094c1f02916]
2025-01-29 13:43:26,101 INFO c.h.h.t.HelmChartContainer - [test-hivemq-platform] [hivemq] [5feb8150] INFO  - [HiveMQ Platform Operator Init App 1.7.0-SNAPSHOT] Updating Pod HiveMQ Platform Operator Init App version annotation (version: 1.7.0-SNAPSHOT)
2025-01-29 13:43:26,404 INFO c.h.h.t.HelmChartContainer - [POD] test-hivemq-platform-1 [5feb8150-2122-44f4-8214-a094c1f02916] in helmupgradeextensionit was MODIFIED
2025-01-29 13:43:26,406 INFO c.h.h.t.HelmChartContainer - [test-hivemq-platform] [hivemq] [5feb8150] INFO  - [HiveMQ Platform Operator Init App 1.7.0-SNAPSHOT] Successfully updated Pod HiveMQ Platform Operator Init App version annotation (version: 1.7.0-SNAPSHOT)
2025-01-29 13:43:26,415 INFO c.h.h.t.HelmChartContainer - [hivemq-test-hivemq-platform] [hivemq-platform-operator] [871bd395] 13:43:26.410 [pool-6-thread-12] DEBUG c.h.p.o.d.PlatformServiceResource - [helmupgr] Desired Platform services (3 services)
2025-01-29 13:43:26,416 INFO c.h.h.t.HelmChartContainer - [hivemq-test-hivemq-platform] [hivemq-platform-operator] [871bd395] 13:43:26.412 [pool-6-thread-17] DEBUG c.h.p.o.dependants.PodInfoConfigMap - [helmupgr] Desired PodInfo ConfigMap (1 extensions) (1 enabled)
2025-01-29 13:43:26,416 INFO c.h.h.t.HelmChartContainer - [hivemq-test-hivemq-platform] [hivemq-platform-operator] [871bd395] 13:43:26.412 [pool-6-thread-17] DEBUG c.h.p.o.dependants.PodInfoConfigMap - [helmupgr] Desired PodInfo ConfigMap (metrics port: 9399) (metrics path: /)
2025-01-29 13:43:26,416 INFO c.h.h.t.HelmChartContainer - [hivemq-test-hivemq-platform] [hivemq-platform-operator] [871bd395] 13:43:26.412 [pool-6-thread-17] DEBUG c.h.p.o.dependants.PodInfoConfigMap - [helmupgr] Desired PodInfo ConfigMap (extension state hash: 1557251680)
2025-01-29 13:43:26,417 INFO c.h.h.t.HelmChartContainer - [hivemq-test-hivemq-platform] [hivemq-platform-operator] [871bd395] 13:43:26.413 [pool-6-thread-17] DEBUG c.h.p.o.d.PodServiceAccountResource - [helmupgr] Desired PodServiceAccountResource (serviceAccountName: hivemq-platform-pod-test-hivemq-platform)
2025-01-29 13:43:26,419 INFO c.h.h.t.HelmChartContainer - [hivemq-test-hivemq-platform] [hivemq-platform-operator] [871bd395] 13:43:26.417 [pool-6-thread-12] DEBUG c.h.p.o.d.StatefulSetResource - [helmupgr] Desired StatefulSet (2 replicas) for status ROLLING_RESTART (SURGE_IN_PROGRESS)
2025-01-29 13:43:26,421 INFO c.h.h.t.HelmChartContainer - [hivemq-test-hivemq-platform] [hivemq-platform-operator] [871bd395] 13:43:26.420 [ReconcilerExecutor-hivemq-controller-127] INFO  c.h.p.o.HiveMQPlatformReconciler - [helmupgr] Reconciling HiveMQ Platform 'test-hivemq-platform' in namespace 'helmupgradeextensionit'
2025-01-29 13:43:26,424 INFO c.h.h.t.HelmChartContainer - [hivemq-test-hivemq-platform] [hivemq-platform-operator] [871bd395] 13:43:26.420 [ReconcilerExecutor-hivemq-controller-127] DEBUG c.h.p.o.HiveMQPlatformReconciler - [helmupgr] Custom Resource Status ROLLING_RESTART - HiveMQ Platform is starting a surge Pod (rolling restart) (SURGE_IN_PROGRESS)
2025-01-29 13:43:26,424 INFO c.h.h.t.HelmChartContainer - [hivemq-test-hivemq-platform] [hivemq-platform-operator] [871bd395] 13:43:26.420 [ReconcilerExecutor-hivemq-controller-127] DEBUG c.h.p.o.HiveMQPlatformReconciler - [helmupgr] Custom Resource Spec (replicas: 1) (extensions: 1)
2025-01-29 13:43:26,424 INFO c.h.h.t.HelmChartContainer - [hivemq-test-hivemq-platform] [hivemq-platform-operator] [871bd395] 13:43:26.421 [ReconcilerExecutor-hivemq-controller-127] DEBUG c.h.p.o.HiveMQPlatformReconciler - [helmupgr] StatefulSet Status (revision: test-hivemq-platform-7c6d7d4d7b, replicas: 2, available: 1, ready: 1, current: 1, updated: 1)
2025-01-29 13:43:26,424 INFO c.h.h.t.HelmChartContainer - [hivemq-test-hivemq-platform] [hivemq-platform-operator] [871bd395] 13:43:26.421 [ReconcilerExecutor-hivemq-controller-127] DEBUG c.h.p.o.HiveMQPlatformReconciler - [helmupgr] StatefulSet Spec (replicas: 2, init containers: 1, containers: 1, volumes: 4)
2025-01-29 13:43:26,424 INFO c.h.h.t.HelmChartContainer - [hivemq-test-hivemq-platform] [hivemq-platform-operator] [871bd395] 13:43:26.423 [ReconcilerExecutor-hivemq-controller-127] DEBUG c.h.p.o.h.HiveMQPlatformReconcilerErrorHandler - [helmupgr] Pod 'test-hivemq-platform-1' phase Running
2025-01-29 13:43:26,425 INFO c.h.h.t.HelmChartContainer - [EVENT] Warning [Unhealthy] Readiness probe failed: HTTP probe failed with statuscode: 503 [helmupgradeextensionit:test-hivemq-platform-1]
2025-01-29 13:43:26,425 INFO c.h.h.t.HelmChartContainer - Received Unhealthy event for container hivemq in pod test-hivemq-platform-1 [5feb8150-2122-44f4-8214-a094c1f02916]
2025-01-29 13:43:26,427 INFO c.h.h.t.HelmChartContainer - [hivemq-test-hivemq-platform] [hivemq-platform-operator] [871bd395] 13:43:26.426 [ReconcilerExecutor-hivemq-controller-127] DEBUG c.h.p.o.h.HiveMQPlatformReconcilerErrorHandler - [helmupgr] Pod 'test-hivemq-platform-0' phase Running
2025-01-29 13:43:26,430 INFO c.h.h.t.HelmChartContainer - [hivemq-test-hivemq-platform] [hivemq-platform-operator] [871bd395] 13:43:26.427 [ReconcilerExecutor-hivemq-controller-127] DEBUG c.h.p.o.h.HiveMQPlatformReconcilerRollingRestartHandler - [helmupgr] Rolling restart is waiting for 1 of 2 replicas
2025-01-29 13:43:31,412 INFO c.h.h.t.HelmChartContainer - [EVENT] Warning [Unhealthy] Readiness probe failed: HTTP probe failed with statuscode: 503 [helmupgradeextensionit:test-hivemq-platform-1]
2025-01-29 13:43:31,412 INFO c.h.h.t.HelmChartContainer - Received Unhealthy event for container hivemq in pod test-hivemq-platform-1 [5feb8150-2122-44f4-8214-a094c1f02916]
2025-01-29 13:43:34,046 INFO c.h.h.t.HelmChartContainer - [test-hivemq-platform] [hivemq] [5feb8150] INFO  - [HiveMQ Platform Operator Init App 1.7.0-SNAPSHOT] Proceeding with container start
2025-01-29 13:43:34,049 INFO c.h.h.t.HelmChartContainer - [test-hivemq-platform] [hivemq] [5feb8150] INFO  - [HiveMQ Platform Operator Init App 1.7.0-SNAPSHOT] Initializing HiveMQ Platform extensions with initial configuration: {hivemq-bridge-extension={start-priority=-1, skip-https-hostname-verification=false, restart=true, config-version=928, header-version=0, c-uri=, priority=-1, uri=preinstalled, skip-https-certificate-validation=false, enabled=true}, hivemq-prometheus-extension={restart=true, priority=-1, start-priority=-1, c-uri=, skip-https-hostname-verification=false, skip-https-certificate-validation=false, uri=preinstalled, request-header-path=no-request-headers, enabled=true}}
2025-01-29 13:43:34,245 INFO c.h.h.t.HelmChartContainer - [test-hivemq-platform] [hivemq] [33d5ece7] WARN  - Bridge Extension: Connect to bridge 'testbridge' failed for the 4 time, reason: connection timed out after 10000 ms: /172.17.0.3:1883
2025-01-29 13:43:34,458 INFO c.h.h.t.HelmChartContainer - [test-hivemq-platform] [hivemq] [5feb8150] INFO  - [HiveMQ Platform Operator Init App 1.7.0-SNAPSHOT] Successfully enabled extension hivemq-bridge-extension
2025-01-29 13:43:34,547 INFO c.h.h.t.HelmChartContainer - [test-hivemq-platform] [hivemq] [5feb8150] INFO  - [HiveMQ Platform Operator Init App 1.7.0-SNAPSHOT] Successfully enabled extension hivemq-prometheus-extension
2025-01-29 13:43:34,548 INFO c.h.h.t.HelmChartContainer - [test-hivemq-platform] [hivemq] [5feb8150] INFO  - [HiveMQ Platform Operator Init App 1.7.0-SNAPSHOT] Starting HiveMQ Platform version 4.36.0 (4.36.0)
2025-01-29 13:43:34,548 INFO c.h.h.t.HelmChartContainer - [test-hivemq-platform] [hivemq] [5feb8150] INFO  - [HiveMQ Platform Operator Init App 1.7.0-SNAPSHOT] Configuring the HiveMQ Platform
2025-01-29 13:43:34,640 INFO c.h.h.t.HelmChartContainer - [test-hivemq-platform] [hivemq] [5feb8150] INFO  - [HiveMQ Platform Operator Init App 1.7.0-SNAPSHOT] Changed logback.xml file scan period to 20 seconds
2025-01-29 13:43:34,651 INFO c.h.h.t.HelmChartContainer - [test-hivemq-platform] [hivemq] [5feb8150] INFO  - [HiveMQ Platform Operator Init App 1.7.0-SNAPSHOT] Starting the HiveMQ Platform
2025-01-29 13:43:34,737 INFO c.h.h.t.HelmChartContainer - [test-hivemq-platform] [hivemq] [5feb8150] -------------------------------------------------------------------------
2025-01-29 13:43:34,737 INFO c.h.h.t.HelmChartContainer - [test-hivemq-platform] [hivemq] [5feb8150] 
2025-01-29 13:43:34,737 INFO c.h.h.t.HelmChartContainer - [test-hivemq-platform] [hivemq] [5feb8150]                   _    _  _              __  __   ____
2025-01-29 13:43:34,737 INFO c.h.h.t.HelmChartContainer - [test-hivemq-platform] [hivemq] [5feb8150]                  | |  | |(_)            |  \/  | / __ \
2025-01-29 13:43:34,737 INFO c.h.h.t.HelmChartContainer - [test-hivemq-platform] [hivemq] [5feb8150]                  | |__| | _ __   __ ___ | \  / || |  | |
2025-01-29 13:43:34,737 INFO c.h.h.t.HelmChartContainer - [test-hivemq-platform] [hivemq] [5feb8150]                  |  __  || |\ \ / // _ \| |\/| || |  | |
2025-01-29 13:43:34,737 INFO c.h.h.t.HelmChartContainer - [test-hivemq-platform] [hivemq] [5feb8150]                  | |  | || | \ V /|  __/| |  | || |__| |
2025-01-29 13:43:34,737 INFO c.h.h.t.HelmChartContainer - [test-hivemq-platform] [hivemq] [5feb8150]                  |_|  |_||_|  \_/  \___||_|  |_| \___\_\
2025-01-29 13:43:34,737 INFO c.h.h.t.HelmChartContainer - [test-hivemq-platform] [hivemq] [5feb8150] 
2025-01-29 13:43:34,737 INFO c.h.h.t.HelmChartContainer - [test-hivemq-platform] [hivemq] [5feb8150] -------------------------------------------------------------------------
2025-01-29 13:43:34,737 INFO c.h.h.t.HelmChartContainer - [test-hivemq-platform] [hivemq] [5feb8150] 
2025-01-29 13:43:34,737 INFO c.h.h.t.HelmChartContainer - [test-hivemq-platform] [hivemq] [5feb8150]   HiveMQ Start Script for Linux/Unix v1.14
2025-01-29 13:43:34,737 INFO c.h.h.t.HelmChartContainer - [test-hivemq-platform] [hivemq] [5feb8150] 
2025-01-29 13:43:34,766 INFO c.h.h.t.HelmChartContainer - [test-hivemq-platform] [hivemq] [5feb8150] -------------------------------------------------------------------------
2025-01-29 13:43:34,766 INFO c.h.h.t.HelmChartContainer - [test-hivemq-platform] [hivemq] [5feb8150] 
2025-01-29 13:43:34,766 INFO c.h.h.t.HelmChartContainer - [test-hivemq-platform] [hivemq] [5feb8150]   HIVEMQ_HOME: /opt/hivemq
2025-01-29 13:43:34,766 INFO c.h.h.t.HelmChartContainer - [test-hivemq-platform] [hivemq] [5feb8150] 
2025-01-29 13:43:34,766 INFO c.h.h.t.HelmChartContainer - [test-hivemq-platform] [hivemq] [5feb8150]   JAVA_OPTS: -XX:+UnlockExperimentalVMOptions -XX:InitialRAMPercentage=50 -XX:MaxRAMPercentage=50 -Djava.net.preferIPv4Stack=true --add-opens java.base/java.lang=ALL-UNNAMED --add-opens java.base/java.nio=ALL-UNNAMED --add-opens java.base/sun.nio.ch=ALL-UNNAMED --add-opens jdk.management/com.sun.management.internal=ALL-UNNAMED --add-exports java.base/jdk.internal.misc=ALL-UNNAMED -Djava.security.egd=file:/dev/./urandom -Dcom.sun.management.jmxremote -Dcom.sun.management.jmxremote.port=9010 -Dcom.sun.management.jmxremote.local.only=false -Dcom.sun.management.jmxremote.authenticate=false -Dcom.sun.management.jmxremote.ssl=false -Duser.language=en -Duser.region=US -XX:+CrashOnOutOfMemoryError -XX:+HeapDumpOnOutOfMemoryError
2025-01-29 13:43:34,767 INFO c.h.h.t.HelmChartContainer - [test-hivemq-platform] [hivemq] [5feb8150] 
2025-01-29 13:43:34,767 INFO c.h.h.t.HelmChartContainer - [test-hivemq-platform] [hivemq] [5feb8150]   JAVA_VERSION: 21
2025-01-29 13:43:34,767 INFO c.h.h.t.HelmChartContainer - [test-hivemq-platform] [hivemq] [5feb8150] 
2025-01-29 13:43:34,767 INFO c.h.h.t.HelmChartContainer - [test-hivemq-platform] [hivemq] [5feb8150] -------------------------------------------------------------------------
2025-01-29 13:43:34,767 INFO c.h.h.t.HelmChartContainer - [test-hivemq-platform] [hivemq] [5feb8150] 
2025-01-29 13:43:35,579 INFO c.h.h.t.HelmChartContainer - [test-hivemq-platform] [hivemq] [33d5ece7] WARN  - Bridge Extension: Connect to bridge 'testbridge' failed for the 4 time, reason: connection timed out after 10000 ms: /172.17.0.3:1883
2025-01-29 13:43:36,431 INFO c.h.h.t.HelmChartContainer - [hivemq-test-hivemq-platform] [hivemq-platform-operator] [871bd395] 13:43:36.429 [pool-6-thread-24] DEBUG c.h.p.o.d.PlatformServiceResource - [helmupgr] Desired Platform services (3 services)
2025-01-29 13:43:36,431 INFO c.h.h.t.HelmChartContainer - [hivemq-test-hivemq-platform] [hivemq-platform-operator] [871bd395] 13:43:36.430 [pool-6-thread-27] DEBUG c.h.p.o.dependants.PodInfoConfigMap - [helmupgr] Desired PodInfo ConfigMap (1 extensions) (1 enabled)
2025-01-29 13:43:36,431 INFO c.h.h.t.HelmChartContainer - [hivemq-test-hivemq-platform] [hivemq-platform-operator] [871bd395] 13:43:36.430 [pool-6-thread-27] DEBUG c.h.p.o.dependants.PodInfoConfigMap - [helmupgr] Desired PodInfo ConfigMap (metrics port: 9399) (metrics path: /)
2025-01-29 13:43:36,431 INFO c.h.h.t.HelmChartContainer - [hivemq-test-hivemq-platform] [hivemq-platform-operator] [871bd395] 13:43:36.430 [pool-6-thread-27] DEBUG c.h.p.o.dependants.PodInfoConfigMap - [helmupgr] Desired PodInfo ConfigMap (extension state hash: 1557251680)
2025-01-29 13:43:36,433 INFO c.h.h.t.HelmChartContainer - [hivemq-test-hivemq-platform] [hivemq-platform-operator] [871bd395] 13:43:36.432 [pool-6-thread-26] DEBUG c.h.p.o.d.PodServiceAccountResource - [helmupgr] Desired PodServiceAccountResource (serviceAccountName: hivemq-platform-pod-test-hivemq-platform)
2025-01-29 13:43:36,442 INFO c.h.h.t.HelmChartContainer - [hivemq-test-hivemq-platform] [hivemq-platform-operator] [871bd395] 13:43:36.440 [pool-6-thread-27] DEBUG c.h.p.o.d.StatefulSetResource - [helmupgr] Desired StatefulSet (2 replicas) for status ROLLING_RESTART (SURGE_IN_PROGRESS)
2025-01-29 13:43:36,451 INFO c.h.h.t.HelmChartContainer - [hivemq-test-hivemq-platform] [hivemq-platform-operator] [871bd395] 13:43:36.449 [ReconcilerExecutor-hivemq-controller-128] INFO  c.h.p.o.HiveMQPlatformReconciler - [helmupgr] Reconciling HiveMQ Platform 'test-hivemq-platform' in namespace 'helmupgradeextensionit'
2025-01-29 13:43:36,451 INFO c.h.h.t.HelmChartContainer - [hivemq-test-hivemq-platform] [hivemq-platform-operator] [871bd395] 13:43:36.449 [ReconcilerExecutor-hivemq-controller-128] DEBUG c.h.p.o.HiveMQPlatformReconciler - [helmupgr] Custom Resource Status ROLLING_RESTART - HiveMQ Platform is starting a surge Pod (rolling restart) (SURGE_IN_PROGRESS)
2025-01-29 13:43:36,451 INFO c.h.h.t.HelmChartContainer - [hivemq-test-hivemq-platform] [hivemq-platform-operator] [871bd395] 13:43:36.449 [ReconcilerExecutor-hivemq-controller-128] DEBUG c.h.p.o.HiveMQPlatformReconciler - [helmupgr] Custom Resource Spec (replicas: 1) (extensions: 1)
2025-01-29 13:43:36,452 INFO c.h.h.t.HelmChartContainer - [hivemq-test-hivemq-platform] [hivemq-platform-operator] [871bd395] 13:43:36.451 [ReconcilerExecutor-hivemq-controller-128] DEBUG c.h.p.o.HiveMQPlatformReconciler - [helmupgr] StatefulSet Status (revision: test-hivemq-platform-7c6d7d4d7b, replicas: 2, available: 1, ready: 1, current: 1, updated: 1)
2025-01-29 13:43:36,452 INFO c.h.h.t.HelmChartContainer - [hivemq-test-hivemq-platform] [hivemq-platform-operator] [871bd395] 13:43:36.451 [ReconcilerExecutor-hivemq-controller-128] DEBUG c.h.p.o.HiveMQPlatformReconciler - [helmupgr] StatefulSet Spec (replicas: 2, init containers: 1, containers: 1, volumes: 4)
2025-01-29 13:43:36,458 INFO c.h.h.t.HelmChartContainer - [hivemq-test-hivemq-platform] [hivemq-platform-operator] [871bd395] 13:43:36.453 [ReconcilerExecutor-hivemq-controller-128] DEBUG c.h.p.o.h.HiveMQPlatformReconcilerErrorHandler - [helmupgr] Pod 'test-hivemq-platform-1' phase Running
2025-01-29 13:43:36,458 INFO c.h.h.t.HelmChartContainer - [hivemq-test-hivemq-platform] [hivemq-platform-operator] [871bd395] 13:43:36.454 [ReconcilerExecutor-hivemq-controller-128] DEBUG c.h.p.o.h.HiveMQPlatformReconcilerErrorHandler - [helmupgr] Pod 'test-hivemq-platform-0' phase Running
2025-01-29 13:43:36,458 INFO c.h.h.t.HelmChartContainer - [hivemq-test-hivemq-platform] [hivemq-platform-operator] [871bd395] 13:43:36.455 [ReconcilerExecutor-hivemq-controller-128] DEBUG c.h.p.o.h.HiveMQPlatformReconcilerRollingRestartHandler - [helmupgr] Rolling restart is waiting for 1 of 2 replicas
2025-01-29 13:43:36,461 INFO c.h.h.t.HelmChartContainer - [EVENT] Warning [Unhealthy] Readiness probe failed: HTTP probe failed with statuscode: 503 [helmupgradeextensionit:test-hivemq-platform-1]
2025-01-29 13:43:36,462 INFO c.h.h.t.HelmChartContainer - Received Unhealthy event for container hivemq in pod test-hivemq-platform-1 [5feb8150-2122-44f4-8214-a094c1f02916]
2025-01-29 13:43:37,349 INFO c.h.h.t.HelmChartContainer - [test-hivemq-platform] [hivemq] [5feb8150] INFO  - Starting HiveMQ Enterprise Server
2025-01-29 13:43:37,356 INFO c.h.h.t.HelmChartContainer - [test-hivemq-platform] [hivemq] [5feb8150] INFO  - HiveMQ version: 4.36.0
2025-01-29 13:43:37,357 INFO c.h.h.t.HelmChartContainer - [test-hivemq-platform] [hivemq] [5feb8150] INFO  - HiveMQ home directory: /opt/hivemq
2025-01-29 13:43:37,357 INFO c.h.h.t.HelmChartContainer - [test-hivemq-platform] [hivemq] [5feb8150] INFO  - Log Configuration was overridden by /opt/hivemq/conf/logback.xml
2025-01-29 13:43:38,549 INFO c.h.h.t.HelmChartContainer - [test-hivemq-platform] [hivemq] [5feb8150] INFO  - Successfully loaded configuration from '/opt/hivemq/conf-k8s/config.xml'.
2025-01-29 13:43:38,940 INFO c.h.h.t.HelmChartContainer - [test-hivemq-platform] [hivemq] [5feb8150] INFO  - This node's ID is snLq2
2025-01-29 13:43:38,940 INFO c.h.h.t.HelmChartContainer - [test-hivemq-platform] [hivemq] [5feb8150] INFO  - Clustering is enabled
2025-01-29 13:43:41,643 INFO c.h.h.t.HelmChartContainer - [test-hivemq-platform] [hivemq] [5feb8150] WARN  - [HiveMQ Platform Operator Init App 1.7.0-SNAPSHOT] Cannot connect to Health API for readiness: null
2025-01-29 13:43:41,650 INFO c.h.h.t.HelmChartContainer - [EVENT] Warning [Unhealthy] Readiness probe failed: HTTP probe failed with statuscode: 503 [helmupgradeextensionit:test-hivemq-platform-1]
2025-01-29 13:43:41,650 INFO c.h.h.t.HelmChartContainer - Received Unhealthy event for container hivemq in pod test-hivemq-platform-1 [5feb8150-2122-44f4-8214-a094c1f02916]
2025-01-29 13:43:43,092 INFO c.h.h.t.HelmChartContainer - [test-hivemq-platform] [hivemq] [5feb8150] WARN  - [HiveMQ Platform Operator Init App 1.7.0-SNAPSHOT] Cannot connect to Health API for liveness: null
2025-01-29 13:43:43,092 INFO c.h.h.t.HelmChartContainer - [test-hivemq-platform] [hivemq] [5feb8150] INFO  - [HiveMQ Platform Operator Init App 1.7.0-SNAPSHOT] Returning default Health API response 200 for liveness
2025-01-29 13:43:46,442 INFO c.h.h.t.HelmChartContainer - [test-hivemq-platform] [hivemq] [5feb8150] WARN  - [HiveMQ Platform Operator Init App 1.7.0-SNAPSHOT] Cannot connect to Health API for readiness: null
2025-01-29 13:43:46,446 INFO c.h.h.t.HelmChartContainer - [EVENT] Warning [Unhealthy] Readiness probe failed: HTTP probe failed with statuscode: 503 [helmupgradeextensionit:test-hivemq-platform-1]
2025-01-29 13:43:46,446 INFO c.h.h.t.HelmChartContainer - Received Unhealthy event for container hivemq in pod test-hivemq-platform-1 [5feb8150-2122-44f4-8214-a094c1f02916]
2025-01-29 13:43:46,461 INFO c.h.h.t.HelmChartContainer - [hivemq-test-hivemq-platform] [hivemq-platform-operator] [871bd395] 13:43:46.458 [pool-6-thread-39] DEBUG c.h.p.o.d.PlatformServiceResource - [helmupgr] Desired Platform services (3 services)
2025-01-29 13:43:46,461 INFO c.h.h.t.HelmChartContainer - [hivemq-test-hivemq-platform] [hivemq-platform-operator] [871bd395] 13:43:46.458 [pool-6-thread-35] DEBUG c.h.p.o.dependants.PodInfoConfigMap - [helmupgr] Desired PodInfo ConfigMap (1 extensions) (1 enabled)
2025-01-29 13:43:46,461 INFO c.h.h.t.HelmChartContainer - [hivemq-test-hivemq-platform] [hivemq-platform-operator] [871bd395] 13:43:46.458 [pool-6-thread-35] DEBUG c.h.p.o.dependants.PodInfoConfigMap - [helmupgr] Desired PodInfo ConfigMap (metrics port: 9399) (metrics path: /)
2025-01-29 13:43:46,461 INFO c.h.h.t.HelmChartContainer - [hivemq-test-hivemq-platform] [hivemq-platform-operator] [871bd395] 13:43:46.458 [pool-6-thread-35] DEBUG c.h.p.o.dependants.PodInfoConfigMap - [helmupgr] Desired PodInfo ConfigMap (extension state hash: 1557251680)
2025-01-29 13:43:46,461 INFO c.h.h.t.HelmChartContainer - [hivemq-test-hivemq-platform] [hivemq-platform-operator] [871bd395] 13:43:46.459 [pool-6-thread-31] DEBUG c.h.p.o.d.PodServiceAccountResource - [helmupgr] Desired PodServiceAccountResource (serviceAccountName: hivemq-platform-pod-test-hivemq-platform)
2025-01-29 13:43:46,463 INFO c.h.h.t.HelmChartContainer - [hivemq-test-hivemq-platform] [hivemq-platform-operator] [871bd395] 13:43:46.462 [pool-6-thread-35] DEBUG c.h.p.o.d.StatefulSetResource - [helmupgr] Desired StatefulSet (2 replicas) for status ROLLING_RESTART (SURGE_IN_PROGRESS)
2025-01-29 13:43:46,468 INFO c.h.h.t.HelmChartContainer - [hivemq-test-hivemq-platform] [hivemq-platform-operator] [871bd395] 13:43:46.467 [ReconcilerExecutor-hivemq-controller-129] INFO  c.h.p.o.HiveMQPlatformReconciler - [helmupgr] Reconciling HiveMQ Platform 'test-hivemq-platform' in namespace 'helmupgradeextensionit'
2025-01-29 13:43:46,469 INFO c.h.h.t.HelmChartContainer - [hivemq-test-hivemq-platform] [hivemq-platform-operator] [871bd395] 13:43:46.467 [ReconcilerExecutor-hivemq-controller-129] DEBUG c.h.p.o.HiveMQPlatformReconciler - [helmupgr] Custom Resource Status ROLLING_RESTART - HiveMQ Platform is starting a surge Pod (rolling restart) (SURGE_IN_PROGRESS)
2025-01-29 13:43:46,470 INFO c.h.h.t.HelmChartContainer - [hivemq-test-hivemq-platform] [hivemq-platform-operator] [871bd395] 13:43:46.467 [ReconcilerExecutor-hivemq-controller-129] DEBUG c.h.p.o.HiveMQPlatformReconciler - [helmupgr] Custom Resource Spec (replicas: 1) (extensions: 1)
2025-01-29 13:43:46,470 INFO c.h.h.t.HelmChartContainer - [hivemq-test-hivemq-platform] [hivemq-platform-operator] [871bd395] 13:43:46.468 [ReconcilerExecutor-hivemq-controller-129] DEBUG c.h.p.o.HiveMQPlatformReconciler - [helmupgr] StatefulSet Status (revision: test-hivemq-platform-7c6d7d4d7b, replicas: 2, available: 1, ready: 1, current: 1, updated: 1)
2025-01-29 13:43:46,470 INFO c.h.h.t.HelmChartContainer - [hivemq-test-hivemq-platform] [hivemq-platform-operator] [871bd395] 13:43:46.468 [ReconcilerExecutor-hivemq-controller-129] DEBUG c.h.p.o.HiveMQPlatformReconciler - [helmupgr] StatefulSet Spec (replicas: 2, init containers: 1, containers: 1, volumes: 4)
2025-01-29 13:43:46,472 INFO c.h.h.t.HelmChartContainer - [hivemq-test-hivemq-platform] [hivemq-platform-operator] [871bd395] 13:43:46.469 [ReconcilerExecutor-hivemq-controller-129] DEBUG c.h.p.o.h.HiveMQPlatformReconcilerErrorHandler - [helmupgr] Pod 'test-hivemq-platform-1' phase Running
2025-01-29 13:43:46,472 INFO c.h.h.t.HelmChartContainer - [hivemq-test-hivemq-platform] [hivemq-platform-operator] [871bd395] 13:43:46.470 [ReconcilerExecutor-hivemq-controller-129] DEBUG c.h.p.o.h.HiveMQPlatformReconcilerErrorHandler - [helmupgr] Pod 'test-hivemq-platform-0' phase Running
2025-01-29 13:43:46,472 INFO c.h.h.t.HelmChartContainer - [hivemq-test-hivemq-platform] [hivemq-platform-operator] [871bd395] 13:43:46.471 [ReconcilerExecutor-hivemq-controller-129] DEBUG c.h.p.o.h.HiveMQPlatformReconcilerRollingRestartHandler - [helmupgr] Rolling restart is waiting for 1 of 2 replicas
2025-01-29 13:43:51,440 INFO c.h.h.t.HelmChartContainer - [test-hivemq-platform] [hivemq] [5feb8150] WARN  - [HiveMQ Platform Operator Init App 1.7.0-SNAPSHOT] Cannot connect to Health API for readiness: null
2025-01-29 13:43:51,446 INFO c.h.h.t.HelmChartContainer - [EVENT] Warning [Unhealthy] Readiness probe failed: HTTP probe failed with statuscode: 503 [helmupgradeextensionit:test-hivemq-platform-1]
2025-01-29 13:43:51,447 INFO c.h.h.t.HelmChartContainer - Received Unhealthy event for container hivemq in pod test-hivemq-platform-1 [5feb8150-2122-44f4-8214-a094c1f02916]
2025-01-29 13:43:52,842 INFO c.h.h.t.HelmChartContainer - [test-hivemq-platform] [hivemq] [5feb8150] INFO  - No valid license file found. Using trial license, restricted to 25 connections.
2025-01-29 13:43:56,355 INFO c.h.h.t.HelmChartContainer - [test-hivemq-platform] [hivemq] [5feb8150] INFO  - No valid license file for Data Hub found. Using free license, restricted to 1 policy.
2025-01-29 13:43:56,440 INFO c.h.h.t.HelmChartContainer - [test-hivemq-platform] [hivemq] [5feb8150] WARN  - [HiveMQ Platform Operator Init App 1.7.0-SNAPSHOT] Cannot connect to Health API for readiness: null
2025-01-29 13:43:56,444 INFO c.h.h.t.HelmChartContainer - [EVENT] Warning [Unhealthy] Readiness probe failed: HTTP probe failed with statuscode: 503 [helmupgradeextensionit:test-hivemq-platform-1]
2025-01-29 13:43:56,444 INFO c.h.h.t.HelmChartContainer - Received Unhealthy event for container hivemq in pod test-hivemq-platform-1 [5feb8150-2122-44f4-8214-a094c1f02916]
2025-01-29 13:43:56,476 INFO c.h.h.t.HelmChartContainer - [hivemq-test-hivemq-platform] [hivemq-platform-operator] [871bd395] 13:43:56.474 [pool-6-thread-48] DEBUG c.h.p.o.d.PlatformServiceResource - [helmupgr] Desired Platform services (3 services)
2025-01-29 13:43:56,477 INFO c.h.h.t.HelmChartContainer - [hivemq-test-hivemq-platform] [hivemq-platform-operator] [871bd395] 13:43:56.474 [pool-6-thread-49] DEBUG c.h.p.o.d.PodServiceAccountResource - [helmupgr] Desired PodServiceAccountResource (serviceAccountName: hivemq-platform-pod-test-hivemq-platform)
2025-01-29 13:43:56,477 INFO c.h.h.t.HelmChartContainer - [hivemq-test-hivemq-platform] [hivemq-platform-operator] [871bd395] 13:43:56.475 [pool-6-thread-50] DEBUG c.h.p.o.dependants.PodInfoConfigMap - [helmupgr] Desired PodInfo ConfigMap (1 extensions) (1 enabled)
2025-01-29 13:43:56,477 INFO c.h.h.t.HelmChartContainer - [hivemq-test-hivemq-platform] [hivemq-platform-operator] [871bd395] 13:43:56.475 [pool-6-thread-50] DEBUG c.h.p.o.dependants.PodInfoConfigMap - [helmupgr] Desired PodInfo ConfigMap (metrics port: 9399) (metrics path: /)
2025-01-29 13:43:56,477 INFO c.h.h.t.HelmChartContainer - [hivemq-test-hivemq-platform] [hivemq-platform-operator] [871bd395] 13:43:56.475 [pool-6-thread-50] DEBUG c.h.p.o.dependants.PodInfoConfigMap - [helmupgr] Desired PodInfo ConfigMap (extension state hash: 1557251680)
2025-01-29 13:43:56,479 INFO c.h.h.t.HelmChartContainer - [hivemq-test-hivemq-platform] [hivemq-platform-operator] [871bd395] 13:43:56.478 [pool-6-thread-48] DEBUG c.h.p.o.d.StatefulSetResource - [helmupgr] Desired StatefulSet (2 replicas) for status ROLLING_RESTART (SURGE_IN_PROGRESS)
2025-01-29 13:43:56,484 INFO c.h.h.t.HelmChartContainer - [hivemq-test-hivemq-platform] [hivemq-platform-operator] [871bd395] 13:43:56.482 [ReconcilerExecutor-hivemq-controller-130] INFO  c.h.p.o.HiveMQPlatformReconciler - [helmupgr] Reconciling HiveMQ Platform 'test-hivemq-platform' in namespace 'helmupgradeextensionit'
2025-01-29 13:43:56,484 INFO c.h.h.t.HelmChartContainer - [hivemq-test-hivemq-platform] [hivemq-platform-operator] [871bd395] 13:43:56.482 [ReconcilerExecutor-hivemq-controller-130] DEBUG c.h.p.o.HiveMQPlatformReconciler - [helmupgr] Custom Resource Status ROLLING_RESTART - HiveMQ Platform is starting a surge Pod (rolling restart) (SURGE_IN_PROGRESS)
2025-01-29 13:43:56,484 INFO c.h.h.t.HelmChartContainer - [hivemq-test-hivemq-platform] [hivemq-platform-operator] [871bd395] 13:43:56.482 [ReconcilerExecutor-hivemq-controller-130] DEBUG c.h.p.o.HiveMQPlatformReconciler - [helmupgr] Custom Resource Spec (replicas: 1) (extensions: 1)
2025-01-29 13:43:56,485 INFO c.h.h.t.HelmChartContainer - [hivemq-test-hivemq-platform] [hivemq-platform-operator] [871bd395] 13:43:56.483 [ReconcilerExecutor-hivemq-controller-130] DEBUG c.h.p.o.HiveMQPlatformReconciler - [helmupgr] StatefulSet Status (revision: test-hivemq-platform-7c6d7d4d7b, replicas: 2, available: 1, ready: 1, current: 1, updated: 1)
2025-01-29 13:43:56,485 INFO c.h.h.t.HelmChartContainer - [hivemq-test-hivemq-platform] [hivemq-platform-operator] [871bd395] 13:43:56.483 [ReconcilerExecutor-hivemq-controller-130] DEBUG c.h.p.o.HiveMQPlatformReconciler - [helmupgr] StatefulSet Spec (replicas: 2, init containers: 1, containers: 1, volumes: 4)
2025-01-29 13:43:56,485 INFO c.h.h.t.HelmChartContainer - [hivemq-test-hivemq-platform] [hivemq-platform-operator] [871bd395] 13:43:56.484 [ReconcilerExecutor-hivemq-controller-130] DEBUG c.h.p.o.h.HiveMQPlatformReconcilerErrorHandler - [helmupgr] Pod 'test-hivemq-platform-1' phase Running
2025-01-29 13:43:56,487 INFO c.h.h.t.HelmChartContainer - [hivemq-test-hivemq-platform] [hivemq-platform-operator] [871bd395] 13:43:56.486 [ReconcilerExecutor-hivemq-controller-130] DEBUG c.h.p.o.h.HiveMQPlatformReconcilerErrorHandler - [helmupgr] Pod 'test-hivemq-platform-0' phase Running
2025-01-29 13:43:56,487 INFO c.h.h.t.HelmChartContainer - [hivemq-test-hivemq-platform] [hivemq-platform-operator] [871bd395] 13:43:56.487 [ReconcilerExecutor-hivemq-controller-130] DEBUG c.h.p.o.h.HiveMQPlatformReconcilerRollingRestartHandler - [helmupgr] Rolling restart is waiting for 1 of 2 replicas
2025-01-29 13:43:57,739 INFO c.h.h.t.HelmChartContainer - [test-hivemq-platform] [hivemq] [5feb8150] INFO  - Audit Logger started.
2025-01-29 13:43:57,969 INFO c.h.h.t.HelmChartContainer - [test-hivemq-platform] [hivemq] [5feb8150] INFO  - This node uses '1' CPU cores.
2025-01-29 13:43:57,992 INFO c.h.h.t.HelmChartContainer - [test-hivemq-platform] [hivemq] [5feb8150] INFO  - Starting HiveMQ Health API on address 0.0.0.0 and port 8889
2025-01-29 13:43:58,935 INFO c.h.h.t.HelmChartContainer - [test-hivemq-platform] [hivemq] [5feb8150] INFO  - Started HiveMQ Health API in 900ms
2025-01-29 13:43:59,547 INFO c.h.h.t.HelmChartContainer - [test-hivemq-platform] [hivemq] [5feb8150] INFO  - Starting HiveMQ extension system.
2025-01-29 13:43:59,573 INFO c.h.h.t.HelmChartContainer - [test-hivemq-platform] [hivemq] [33d5ece7] WARN  - Bridge Extension: Connect to bridge 'testbridge' failed for the 5 time, reason: connection timed out after 10000 ms: /172.17.0.3:1883
2025-01-29 13:44:01,001 INFO c.h.h.t.HelmChartContainer - [test-hivemq-platform] [hivemq] [33d5ece7] WARN  - Bridge Extension: Connect to bridge 'testbridge' failed for the 5 time, reason: connection timed out after 10000 ms: /172.17.0.3:1883
2025-01-29 13:44:02,338 INFO c.h.h.t.HelmChartContainer - [test-hivemq-platform] [hivemq] [5feb8150] INFO  - [HiveMQ Platform Operator Init App 1.7.0-SNAPSHOT] Returning Health API response 503 for readiness
2025-01-29 13:44:02,342 INFO c.h.h.t.HelmChartContainer - [EVENT] Warning [Unhealthy] Readiness probe failed: HTTP probe failed with statuscode: 503 [helmupgradeextensionit:test-hivemq-platform-1]
2025-01-29 13:44:02,342 INFO c.h.h.t.HelmChartContainer - Received Unhealthy event for container hivemq in pod test-hivemq-platform-1 [5feb8150-2122-44f4-8214-a094c1f02916]
2025-01-29 13:44:03,090 INFO c.h.h.t.HelmChartContainer - [test-hivemq-platform] [hivemq] [5feb8150] INFO  - No license found for enterprise extension with name "HiveMQ Enterprise Bridge Extension". Entering extension trial mode. "HiveMQ Enterprise Bridge Extension" will be disabled in 5 hours.
2025-01-29 13:44:03,247 INFO c.h.h.t.HelmChartContainer - [test-hivemq-platform] [hivemq] [5feb8150] INFO  - Starting extension with id "hivemq-dns-cluster-discovery" at /opt/hivemq/extensions/hivemq-dns-cluster-discovery
2025-01-29 13:44:03,738 INFO c.h.h.t.HelmChartContainer - [test-hivemq-platform] [hivemq] [5feb8150] INFO  - Using TCP cluster transport on address 10.42.0.9 and port 7000
2025-01-29 13:44:03,743 INFO c.h.h.t.HelmChartContainer - [test-hivemq-platform] [hivemq] [5feb8150] INFO  - Using extension cluster discovery
2025-01-29 13:44:03,940 INFO c.h.h.t.HelmChartContainer - [test-hivemq-platform] [hivemq] [5feb8150] INFO  - Extension "DNS Cluster Discovery Extension" version 4.3.2 started successfully.
2025-01-29 13:44:03,943 INFO c.h.h.t.HelmChartContainer - [test-hivemq-platform] [hivemq] [5feb8150] INFO  - Starting extension with id "hivemq-bridge-extension" at /opt/hivemq/extensions/hivemq-bridge-extension
2025-01-29 13:44:04,637 INFO c.h.h.t.HelmChartContainer - [test-hivemq-platform] [hivemq] [5feb8150] INFO  - HiveMQ Enterprise Bridge Extension: Successfully loaded configuration from '/opt/hivemq/extensions/hivemq-bridge-extension/conf/config.xml'.
2025-01-29 13:44:05,294 INFO c.h.h.t.HelmChartContainer - [test-hivemq-platform] [hivemq] [5feb8150] INFO  - Bridge Extension: Connecting to remote brokers...
2025-01-29 13:44:05,347 INFO c.h.h.t.HelmChartContainer - [test-hivemq-platform] [hivemq] [33d5ece7] INFO  - Cluster nodes found by discovery: [hjKbr|1] (2) [hjKbr, snLq2].
2025-01-29 13:44:05,445 INFO c.h.h.t.HelmChartContainer - [test-hivemq-platform] [hivemq] [5feb8150] INFO  - Cluster nodes found by discovery: [hjKbr|1] (2) [hjKbr, snLq2].
2025-01-29 13:44:05,740 INFO c.h.h.t.HelmChartContainer - [test-hivemq-platform] [hivemq] [5feb8150] INFO  - Cluster size = 1, members : [hjKbr].
2025-01-29 13:44:06,248 INFO c.h.h.t.HelmChartContainer - [test-hivemq-platform] [hivemq] [5feb8150] INFO  - Starting cluster join process. This may take a while. Please do not shut down HiveMQ.
2025-01-29 13:44:06,250 INFO c.h.h.t.HelmChartContainer - [test-hivemq-platform] [hivemq] [5feb8150] INFO  - Cluster join process is still ongoing. Please do not shut down HiveMQ.
2025-01-29 13:44:06,446 INFO c.h.h.t.HelmChartContainer - [EVENT] Warning [Unhealthy] Readiness probe failed: HTTP probe failed with statuscode: 503 [helmupgradeextensionit:test-hivemq-platform-1]
2025-01-29 13:44:06,446 INFO c.h.h.t.HelmChartContainer - Received Unhealthy event for container hivemq in pod test-hivemq-platform-1 [5feb8150-2122-44f4-8214-a094c1f02916]
2025-01-29 13:44:06,492 INFO c.h.h.t.HelmChartContainer - [hivemq-test-hivemq-platform] [hivemq-platform-operator] [871bd395] 13:44:06.490 [pool-6-thread-10] DEBUG c.h.p.o.dependants.PodInfoConfigMap - [helmupgr] Desired PodInfo ConfigMap (1 extensions) (1 enabled)
2025-01-29 13:44:06,493 INFO c.h.h.t.HelmChartContainer - [hivemq-test-hivemq-platform] [hivemq-platform-operator] [871bd395] 13:44:06.490 [pool-6-thread-10] DEBUG c.h.p.o.dependants.PodInfoConfigMap - [helmupgr] Desired PodInfo ConfigMap (metrics port: 9399) (metrics path: /)
2025-01-29 13:44:06,493 INFO c.h.h.t.HelmChartContainer - [hivemq-test-hivemq-platform] [hivemq-platform-operator] [871bd395] 13:44:06.490 [pool-6-thread-10] DEBUG c.h.p.o.dependants.PodInfoConfigMap - [helmupgr] Desired PodInfo ConfigMap (extension state hash: 1557251680)
2025-01-29 13:44:06,493 INFO c.h.h.t.HelmChartContainer - [hivemq-test-hivemq-platform] [hivemq-platform-operator] [871bd395] 13:44:06.490 [pool-6-thread-8] DEBUG c.h.p.o.d.PodServiceAccountResource - [helmupgr] Desired PodServiceAccountResource (serviceAccountName: hivemq-platform-pod-test-hivemq-platform)
2025-01-29 13:44:06,493 INFO c.h.h.t.HelmChartContainer - [hivemq-test-hivemq-platform] [hivemq-platform-operator] [871bd395] 13:44:06.492 [pool-6-thread-7] DEBUG c.h.p.o.d.PlatformServiceResource - [helmupgr] Desired Platform services (3 services)
2025-01-29 13:44:06,497 INFO c.h.h.t.HelmChartContainer - [hivemq-test-hivemq-platform] [hivemq-platform-operator] [871bd395] 13:44:06.496 [pool-6-thread-7] DEBUG c.h.p.o.d.StatefulSetResource - [helmupgr] Desired StatefulSet (2 replicas) for status ROLLING_RESTART (SURGE_IN_PROGRESS)
2025-01-29 13:44:06,499 INFO c.h.h.t.HelmChartContainer - [hivemq-test-hivemq-platform] [hivemq-platform-operator] [871bd395] 13:44:06.498 [ReconcilerExecutor-hivemq-controller-131] INFO  c.h.p.o.HiveMQPlatformReconciler - [helmupgr] Reconciling HiveMQ Platform 'test-hivemq-platform' in namespace 'helmupgradeextensionit'
2025-01-29 13:44:06,499 INFO c.h.h.t.HelmChartContainer - [hivemq-test-hivemq-platform] [hivemq-platform-operator] [871bd395] 13:44:06.498 [ReconcilerExecutor-hivemq-controller-131] DEBUG c.h.p.o.HiveMQPlatformReconciler - [helmupgr] Custom Resource Status ROLLING_RESTART - HiveMQ Platform is starting a surge Pod (rolling restart) (SURGE_IN_PROGRESS)
2025-01-29 13:44:06,499 INFO c.h.h.t.HelmChartContainer - [hivemq-test-hivemq-platform] [hivemq-platform-operator] [871bd395] 13:44:06.499 [ReconcilerExecutor-hivemq-controller-131] DEBUG c.h.p.o.HiveMQPlatformReconciler - [helmupgr] Custom Resource Spec (replicas: 1) (extensions: 1)
2025-01-29 13:44:06,500 INFO c.h.h.t.HelmChartContainer - [hivemq-test-hivemq-platform] [hivemq-platform-operator] [871bd395] 13:44:06.500 [ReconcilerExecutor-hivemq-controller-131] DEBUG c.h.p.o.HiveMQPlatformReconciler - [helmupgr] StatefulSet Status (revision: test-hivemq-platform-7c6d7d4d7b, replicas: 2, available: 1, ready: 1, current: 1, updated: 1)
2025-01-29 13:44:06,501 INFO c.h.h.t.HelmChartContainer - [hivemq-test-hivemq-platform] [hivemq-platform-operator] [871bd395] 13:44:06.500 [ReconcilerExecutor-hivemq-controller-131] DEBUG c.h.p.o.HiveMQPlatformReconciler - [helmupgr] StatefulSet Spec (replicas: 2, init containers: 1, containers: 1, volumes: 4)
2025-01-29 13:44:06,501 INFO c.h.h.t.HelmChartContainer - [hivemq-test-hivemq-platform] [hivemq-platform-operator] [871bd395] 13:44:06.501 [ReconcilerExecutor-hivemq-controller-131] DEBUG c.h.p.o.h.HiveMQPlatformReconcilerErrorHandler - [helmupgr] Pod 'test-hivemq-platform-1' phase Running
2025-01-29 13:44:06,503 INFO c.h.h.t.HelmChartContainer - [hivemq-test-hivemq-platform] [hivemq-platform-operator] [871bd395] 13:44:06.502 [ReconcilerExecutor-hivemq-controller-131] DEBUG c.h.p.o.h.HiveMQPlatformReconcilerErrorHandler - [helmupgr] Pod 'test-hivemq-platform-0' phase Running
2025-01-29 13:44:06,503 INFO c.h.h.t.HelmChartContainer - [hivemq-test-hivemq-platform] [hivemq-platform-operator] [871bd395] 13:44:06.502 [ReconcilerExecutor-hivemq-controller-131] DEBUG c.h.p.o.h.HiveMQPlatformReconcilerRollingRestartHandler - [helmupgr] Rolling restart is waiting for 1 of 2 replicas
2025-01-29 13:44:08,261 INFO c.h.h.t.HelmChartContainer - [test-hivemq-platform] [hivemq] [33d5ece7] INFO  - Cluster size = 2, members : [hjKbr, snLq2].
2025-01-29 13:44:08,273 INFO c.h.h.t.HelmChartContainer - [test-hivemq-platform] [hivemq] [5feb8150] INFO  - Cluster size = 2, members : [hjKbr, snLq2].
2025-01-29 13:44:08,276 INFO c.h.h.t.HelmChartContainer - [test-hivemq-platform] [hivemq] [5feb8150] INFO  - Finished cluster join process successfully.
2025-01-29 13:44:11,411 INFO c.h.h.t.HelmChartContainer - [EVENT] Warning [Unhealthy] Readiness probe failed: HTTP probe failed with statuscode: 503 [helmupgradeextensionit:test-hivemq-platform-1]
2025-01-29 13:44:11,411 INFO c.h.h.t.HelmChartContainer - Received Unhealthy event for container hivemq in pod test-hivemq-platform-1 [5feb8150-2122-44f4-8214-a094c1f02916]
2025-01-29 13:44:13,091 INFO c.h.h.t.HelmChartContainer - [test-hivemq-platform] [hivemq] [5feb8150] INFO  - [HiveMQ Platform Operator Init App 1.7.0-SNAPSHOT] Returning Health API response 200 for liveness
2025-01-29 13:44:16,099 INFO c.h.h.t.HelmChartContainer - [test-hivemq-platform] [hivemq] [5feb8150] WARN  - Bridge Extension: Connect to bridge 'testbridge' failed for the 1 time, reason: connection timed out after 10000 ms: /172.17.0.3:1883
2025-01-29 13:44:16,143 INFO c.h.h.t.HelmChartContainer - [test-hivemq-platform] [hivemq] [5feb8150] WARN  - Bridge Extension: Connect to bridge 'testbridge' failed for the 1 time, reason: connection timed out after 10000 ms: /172.17.0.3:1883
2025-01-29 13:44:16,410 INFO c.h.h.t.HelmChartContainer - [EVENT] Warning [Unhealthy] Readiness probe failed: HTTP probe failed with statuscode: 503 [helmupgradeextensionit:test-hivemq-platform-1]
2025-01-29 13:44:16,410 INFO c.h.h.t.HelmChartContainer - Received Unhealthy event for container hivemq in pod test-hivemq-platform-1 [5feb8150-2122-44f4-8214-a094c1f02916]
2025-01-29 13:44:16,508 INFO c.h.h.t.HelmChartContainer - [hivemq-test-hivemq-platform] [hivemq-platform-operator] [871bd395] 13:44:16.505 [pool-6-thread-13] DEBUG c.h.p.o.d.PlatformServiceResource - [helmupgr] Desired Platform services (3 services)
2025-01-29 13:44:16,508 INFO c.h.h.t.HelmChartContainer - [hivemq-test-hivemq-platform] [hivemq-platform-operator] [871bd395] 13:44:16.505 [pool-6-thread-19] DEBUG c.h.p.o.d.PodServiceAccountResource - [helmupgr] Desired PodServiceAccountResource (serviceAccountName: hivemq-platform-pod-test-hivemq-platform)
2025-01-29 13:44:16,508 INFO c.h.h.t.HelmChartContainer - [hivemq-test-hivemq-platform] [hivemq-platform-operator] [871bd395] 13:44:16.506 [pool-6-thread-17] DEBUG c.h.p.o.dependants.PodInfoConfigMap - [helmupgr] Desired PodInfo ConfigMap (1 extensions) (1 enabled)
2025-01-29 13:44:16,508 INFO c.h.h.t.HelmChartContainer - [hivemq-test-hivemq-platform] [hivemq-platform-operator] [871bd395] 13:44:16.506 [pool-6-thread-17] DEBUG c.h.p.o.dependants.PodInfoConfigMap - [helmupgr] Desired PodInfo ConfigMap (metrics port: 9399) (metrics path: /)
2025-01-29 13:44:16,508 INFO c.h.h.t.HelmChartContainer - [hivemq-test-hivemq-platform] [hivemq-platform-operator] [871bd395] 13:44:16.506 [pool-6-thread-17] DEBUG c.h.p.o.dependants.PodInfoConfigMap - [helmupgr] Desired PodInfo ConfigMap (extension state hash: 1557251680)
2025-01-29 13:44:16,511 INFO c.h.h.t.HelmChartContainer - [hivemq-test-hivemq-platform] [hivemq-platform-operator] [871bd395] 13:44:16.509 [pool-6-thread-13] DEBUG c.h.p.o.d.StatefulSetResource - [helmupgr] Desired StatefulSet (2 replicas) for status ROLLING_RESTART (SURGE_IN_PROGRESS)
2025-01-29 13:44:16,513 INFO c.h.h.t.HelmChartContainer - [hivemq-test-hivemq-platform] [hivemq-platform-operator] [871bd395] 13:44:16.512 [ReconcilerExecutor-hivemq-controller-132] INFO  c.h.p.o.HiveMQPlatformReconciler - [helmupgr] Reconciling HiveMQ Platform 'test-hivemq-platform' in namespace 'helmupgradeextensionit'
2025-01-29 13:44:16,514 INFO c.h.h.t.HelmChartContainer - [hivemq-test-hivemq-platform] [hivemq-platform-operator] [871bd395] 13:44:16.512 [ReconcilerExecutor-hivemq-controller-132] DEBUG c.h.p.o.HiveMQPlatformReconciler - [helmupgr] Custom Resource Status ROLLING_RESTART - HiveMQ Platform is starting a surge Pod (rolling restart) (SURGE_IN_PROGRESS)
2025-01-29 13:44:16,514 INFO c.h.h.t.HelmChartContainer - [hivemq-test-hivemq-platform] [hivemq-platform-operator] [871bd395] 13:44:16.512 [ReconcilerExecutor-hivemq-controller-132] DEBUG c.h.p.o.HiveMQPlatformReconciler - [helmupgr] Custom Resource Spec (replicas: 1) (extensions: 1)
2025-01-29 13:44:16,515 INFO c.h.h.t.HelmChartContainer - [hivemq-test-hivemq-platform] [hivemq-platform-operator] [871bd395] 13:44:16.514 [ReconcilerExecutor-hivemq-controller-132] DEBUG c.h.p.o.HiveMQPlatformReconciler - [helmupgr] StatefulSet Status (revision: test-hivemq-platform-7c6d7d4d7b, replicas: 2, available: 1, ready: 1, current: 1, updated: 1)
2025-01-29 13:44:16,516 INFO c.h.h.t.HelmChartContainer - [hivemq-test-hivemq-platform] [hivemq-platform-operator] [871bd395] 13:44:16.514 [ReconcilerExecutor-hivemq-controller-132] DEBUG c.h.p.o.HiveMQPlatformReconciler - [helmupgr] StatefulSet Spec (replicas: 2, init containers: 1, containers: 1, volumes: 4)
2025-01-29 13:44:16,516 INFO c.h.h.t.HelmChartContainer - [hivemq-test-hivemq-platform] [hivemq-platform-operator] [871bd395] 13:44:16.515 [ReconcilerExecutor-hivemq-controller-132] DEBUG c.h.p.o.h.HiveMQPlatformReconcilerErrorHandler - [helmupgr] Pod 'test-hivemq-platform-1' phase Running
2025-01-29 13:44:16,518 INFO c.h.h.t.HelmChartContainer - [hivemq-test-hivemq-platform] [hivemq-platform-operator] [871bd395] 13:44:16.516 [ReconcilerExecutor-hivemq-controller-132] DEBUG c.h.p.o.h.HiveMQPlatformReconcilerErrorHandler - [helmupgr] Pod 'test-hivemq-platform-0' phase Running
2025-01-29 13:44:16,518 INFO c.h.h.t.HelmChartContainer - [hivemq-test-hivemq-platform] [hivemq-platform-operator] [871bd395] 13:44:16.517 [ReconcilerExecutor-hivemq-controller-132] DEBUG c.h.p.o.h.HiveMQPlatformReconcilerRollingRestartHandler - [helmupgr] Rolling restart is waiting for 1 of 2 replicas
2025-01-29 13:44:21,410 INFO c.h.h.t.HelmChartContainer - [EVENT] Warning [Unhealthy] Readiness probe failed: HTTP probe failed with statuscode: 503 [helmupgradeextensionit:test-hivemq-platform-1]
2025-01-29 13:44:21,411 INFO c.h.h.t.HelmChartContainer - Received Unhealthy event for container hivemq in pod test-hivemq-platform-1 [5feb8150-2122-44f4-8214-a094c1f02916]
2025-01-29 13:44:26,411 INFO c.h.h.t.HelmChartContainer - [EVENT] Warning [Unhealthy] Readiness probe failed: HTTP probe failed with statuscode: 503 [helmupgradeextensionit:test-hivemq-platform-1]
2025-01-29 13:44:26,411 INFO c.h.h.t.HelmChartContainer - Received Unhealthy event for container hivemq in pod test-hivemq-platform-1 [5feb8150-2122-44f4-8214-a094c1f02916]
2025-01-29 13:44:26,522 INFO c.h.h.t.HelmChartContainer - [hivemq-test-hivemq-platform] [hivemq-platform-operator] [871bd395] 13:44:26.519 [pool-6-thread-30] DEBUG c.h.p.o.d.PlatformServiceResource - [helmupgr] Desired Platform services (3 services)
2025-01-29 13:44:26,522 INFO c.h.h.t.HelmChartContainer - [hivemq-test-hivemq-platform] [hivemq-platform-operator] [871bd395] 13:44:26.520 [pool-6-thread-25] DEBUG c.h.p.o.dependants.PodInfoConfigMap - [helmupgr] Desired PodInfo ConfigMap (1 extensions) (1 enabled)
2025-01-29 13:44:26,522 INFO c.h.h.t.HelmChartContainer - [hivemq-test-hivemq-platform] [hivemq-platform-operator] [871bd395] 13:44:26.520 [pool-6-thread-25] DEBUG c.h.p.o.dependants.PodInfoConfigMap - [helmupgr] Desired PodInfo ConfigMap (metrics port: 9399) (metrics path: /)
2025-01-29 13:44:26,522 INFO c.h.h.t.HelmChartContainer - [hivemq-test-hivemq-platform] [hivemq-platform-operator] [871bd395] 13:44:26.520 [pool-6-thread-25] DEBUG c.h.p.o.dependants.PodInfoConfigMap - [helmupgr] Desired PodInfo ConfigMap (extension state hash: 1557251680)
2025-01-29 13:44:26,523 INFO c.h.h.t.HelmChartContainer - [hivemq-test-hivemq-platform] [hivemq-platform-operator] [871bd395] 13:44:26.521 [pool-6-thread-22] DEBUG c.h.p.o.d.PodServiceAccountResource - [helmupgr] Desired PodServiceAccountResource (serviceAccountName: hivemq-platform-pod-test-hivemq-platform)
2025-01-29 13:44:26,525 INFO c.h.h.t.HelmChartContainer - [hivemq-test-hivemq-platform] [hivemq-platform-operator] [871bd395] 13:44:26.524 [pool-6-thread-30] DEBUG c.h.p.o.d.StatefulSetResource - [helmupgr] Desired StatefulSet (2 replicas) for status ROLLING_RESTART (SURGE_IN_PROGRESS)
2025-01-29 13:44:26,527 INFO c.h.h.t.HelmChartContainer - [hivemq-test-hivemq-platform] [hivemq-platform-operator] [871bd395] 13:44:26.526 [ReconcilerExecutor-hivemq-controller-133] INFO  c.h.p.o.HiveMQPlatformReconciler - [helmupgr] Reconciling HiveMQ Platform 'test-hivemq-platform' in namespace 'helmupgradeextensionit'
2025-01-29 13:44:26,527 INFO c.h.h.t.HelmChartContainer - [hivemq-test-hivemq-platform] [hivemq-platform-operator] [871bd395] 13:44:26.526 [ReconcilerExecutor-hivemq-controller-133] DEBUG c.h.p.o.HiveMQPlatformReconciler - [helmupgr] Custom Resource Status ROLLING_RESTART - HiveMQ Platform is starting a surge Pod (rolling restart) (SURGE_IN_PROGRESS)
2025-01-29 13:44:26,527 INFO c.h.h.t.HelmChartContainer - [hivemq-test-hivemq-platform] [hivemq-platform-operator] [871bd395] 13:44:26.526 [ReconcilerExecutor-hivemq-controller-133] DEBUG c.h.p.o.HiveMQPlatformReconciler - [helmupgr] Custom Resource Spec (replicas: 1) (extensions: 1)
2025-01-29 13:44:26,528 INFO c.h.h.t.HelmChartContainer - [hivemq-test-hivemq-platform] [hivemq-platform-operator] [871bd395] 13:44:26.528 [ReconcilerExecutor-hivemq-controller-133] DEBUG c.h.p.o.HiveMQPlatformReconciler - [helmupgr] StatefulSet Status (revision: test-hivemq-platform-7c6d7d4d7b, replicas: 2, available: 1, ready: 1, current: 1, updated: 1)
2025-01-29 13:44:26,529 INFO c.h.h.t.HelmChartContainer - [hivemq-test-hivemq-platform] [hivemq-platform-operator] [871bd395] 13:44:26.528 [ReconcilerExecutor-hivemq-controller-133] DEBUG c.h.p.o.HiveMQPlatformReconciler - [helmupgr] StatefulSet Spec (replicas: 2, init containers: 1, containers: 1, volumes: 4)
2025-01-29 13:44:26,531 INFO c.h.h.t.HelmChartContainer - [hivemq-test-hivemq-platform] [hivemq-platform-operator] [871bd395] 13:44:26.529 [ReconcilerExecutor-hivemq-controller-133] DEBUG c.h.p.o.h.HiveMQPlatformReconcilerErrorHandler - [helmupgr] Pod 'test-hivemq-platform-1' phase Running
2025-01-29 13:44:26,531 INFO c.h.h.t.HelmChartContainer - [hivemq-test-hivemq-platform] [hivemq-platform-operator] [871bd395] 13:44:26.530 [ReconcilerExecutor-hivemq-controller-133] DEBUG c.h.p.o.h.HiveMQPlatformReconcilerErrorHandler - [helmupgr] Pod 'test-hivemq-platform-0' phase Running
2025-01-29 13:44:26,532 INFO c.h.h.t.HelmChartContainer - [hivemq-test-hivemq-platform] [hivemq-platform-operator] [871bd395] 13:44:26.530 [ReconcilerExecutor-hivemq-controller-133] DEBUG c.h.p.o.h.HiveMQPlatformReconcilerRollingRestartHandler - [helmupgr] Rolling restart is waiting for 1 of 2 replicas
2025-01-29 13:44:27,715 INFO c.h.h.t.HelmChartContainer - [test-hivemq-platform] [hivemq] [5feb8150] WARN  - Bridge Extension: Connect to bridge 'testbridge' failed for the 2 time, reason: connection timed out after 10000 ms: /172.17.0.3:1883
2025-01-29 13:44:28,020 INFO c.h.h.t.HelmChartContainer - [test-hivemq-platform] [hivemq] [5feb8150] WARN  - Bridge Extension: Connect to bridge 'testbridge' failed for the 2 time, reason: connection timed out after 10000 ms: /172.17.0.3:1883
2025-01-29 13:44:28,020 INFO c.h.h.t.HelmChartContainer - [test-hivemq-platform] [hivemq] [5feb8150] WARN  - Bridge Extension: Not all clients could connect successfully to remote brokers. The clients will retry the connection.
2025-01-29 13:44:28,035 INFO c.h.h.t.HelmChartContainer - [test-hivemq-platform] [hivemq] [5feb8150] INFO  - Extension "HiveMQ Enterprise Bridge Extension" version 4.36.0 started successfully.
2025-01-29 13:44:28,036 INFO c.h.h.t.HelmChartContainer - [test-hivemq-platform] [hivemq] [5feb8150] INFO  - Starting extension with id "hivemq-prometheus-extension" at /opt/hivemq/extensions/hivemq-prometheus-extension
2025-01-29 13:44:28,391 INFO c.h.h.t.HelmChartContainer - [test-hivemq-platform] [hivemq] [5feb8150] INFO  - Started Jetty Server exposing Prometheus Servlet on URI http://0.0.0.0:9399/
2025-01-29 13:44:28,391 INFO c.h.h.t.HelmChartContainer - [test-hivemq-platform] [hivemq] [5feb8150] INFO  - Extension "Prometheus Monitoring Extension" version 4.0.12 started successfully.
2025-01-29 13:44:28,391 INFO c.h.h.t.HelmChartContainer - [test-hivemq-platform] [hivemq] [5feb8150] INFO  - Starting extension with id "hivemq-allow-all-extension" at /opt/hivemq/extensions/hivemq-allow-all-extension
2025-01-29 13:44:28,392 INFO c.h.h.t.HelmChartContainer - [test-hivemq-platform] [hivemq] [5feb8150] WARN  - 
2025-01-29 13:44:28,393 INFO c.h.h.t.HelmChartContainer - [test-hivemq-platform] [hivemq] [5feb8150] ################################################################################################################
2025-01-29 13:44:28,394 INFO c.h.h.t.HelmChartContainer - [test-hivemq-platform] [hivemq] [5feb8150] # This HiveMQ deployment is not secure! You are lacking Authentication and Authorization.                      #
2025-01-29 13:44:28,394 INFO c.h.h.t.HelmChartContainer - [test-hivemq-platform] [hivemq] [5feb8150] # Right now any MQTT client can connect to the broker with a full set of permissions.                          #
2025-01-29 13:44:28,394 INFO c.h.h.t.HelmChartContainer - [test-hivemq-platform] [hivemq] [5feb8150] # For production usage, add an appropriate security extension and remove the hivemq-allow-all extension.       #
2025-01-29 13:44:28,394 INFO c.h.h.t.HelmChartContainer - [test-hivemq-platform] [hivemq] [5feb8150] # You can download security extensions from the HiveMQ Marketplace (https://www.hivemq.com/extensions/).       #
2025-01-29 13:44:28,394 INFO c.h.h.t.HelmChartContainer - [test-hivemq-platform] [hivemq] [5feb8150] ################################################################################################################
2025-01-29 13:44:28,394 INFO c.h.h.t.HelmChartContainer - [test-hivemq-platform] [hivemq] [5feb8150] INFO  - Extension "Allow All Extension" version 1.1.1 started successfully.
2025-01-29 13:44:28,394 INFO c.h.h.t.HelmChartContainer - [test-hivemq-platform] [hivemq] [5feb8150] WARN  - No user for HiveMQ Control Center configured. Starting with default user
2025-01-29 13:44:28,394 INFO c.h.h.t.HelmChartContainer - [test-hivemq-platform] [hivemq] [5feb8150] INFO  - Starting HiveMQ Control Center on address 0.0.0.0 and port 8080
2025-01-29 13:44:28,408 INFO c.h.h.t.HelmChartContainer - [test-hivemq-platform] [hivemq] [5feb8150] INFO  - Mounting HiveMQ Control Center V2 Preview
2025-01-29 13:44:28,993 INFO c.h.h.t.HelmChartContainer - [test-hivemq-platform] [hivemq] [5feb8150] INFO  - Started HiveMQ Control Center in 600ms
2025-01-29 13:44:29,007 INFO c.h.h.t.HelmChartContainer - [test-hivemq-platform] [hivemq] [5feb8150] INFO  - Starting TCP listener on address 0.0.0.0 and port 1883
2025-01-29 13:44:29,020 INFO c.h.h.t.HelmChartContainer - [test-hivemq-platform] [hivemq] [5feb8150] INFO  - Started TCP Listener on address 0.0.0.0 and on port 1883.
2025-01-29 13:44:29,021 INFO c.h.h.t.HelmChartContainer - [test-hivemq-platform] [hivemq] [5feb8150] INFO  - Started HiveMQ in 52067ms
2025-01-29 13:44:31,406 INFO c.h.h.t.HelmChartContainer - [test-hivemq-platform] [hivemq] [5feb8150] INFO  - [HiveMQ Platform Operator Init App 1.7.0-SNAPSHOT] Returning Health API response 200 for readiness
2025-01-29 13:44:31,420 INFO c.h.h.t.HelmChartContainer - [POD] test-hivemq-platform-1 [5feb8150-2122-44f4-8214-a094c1f02916] in helmupgradeextensionit was MODIFIED
2025-01-29 13:44:31,429 INFO c.h.h.t.HelmChartContainer - [hivemq-test-hivemq-platform] [hivemq-platform-operator] [871bd395] 13:44:31.420 [pool-6-thread-31] DEBUG c.h.p.o.d.PlatformServiceResource - [helmupgr] Desired Platform services (3 services)
2025-01-29 13:44:31,433 INFO c.h.h.t.HelmChartContainer - [hivemq-test-hivemq-platform] [hivemq-platform-operator] [871bd395] 13:44:31.426 [pool-6-thread-32] DEBUG c.h.p.o.d.PodServiceAccountResource - [helmupgr] Desired PodServiceAccountResource (serviceAccountName: hivemq-platform-pod-test-hivemq-platform)
2025-01-29 13:44:31,434 INFO c.h.h.t.HelmChartContainer - [hivemq-test-hivemq-platform] [hivemq-platform-operator] [871bd395] 13:44:31.426 [pool-6-thread-31] DEBUG c.h.p.o.dependants.PodInfoConfigMap - [helmupgr] Desired PodInfo ConfigMap (1 extensions) (1 enabled)
2025-01-29 13:44:31,434 INFO c.h.h.t.HelmChartContainer - [hivemq-test-hivemq-platform] [hivemq-platform-operator] [871bd395] 13:44:31.426 [pool-6-thread-31] DEBUG c.h.p.o.dependants.PodInfoConfigMap - [helmupgr] Desired PodInfo ConfigMap (metrics port: 9399) (metrics path: /)
2025-01-29 13:44:31,434 INFO c.h.h.t.HelmChartContainer - [hivemq-test-hivemq-platform] [hivemq-platform-operator] [871bd395] 13:44:31.426 [pool-6-thread-31] DEBUG c.h.p.o.dependants.PodInfoConfigMap - [helmupgr] Desired PodInfo ConfigMap (extension state hash: 1557251680)
2025-01-29 13:44:31,434 INFO c.h.h.t.HelmChartContainer - [hivemq-test-hivemq-platform] [hivemq-platform-operator] [871bd395] 13:44:31.428 [pool-6-thread-32] DEBUG c.h.p.o.d.StatefulSetResource - [helmupgr] Desired StatefulSet (2 replicas) for status ROLLING_RESTART (SURGE_IN_PROGRESS)
2025-01-29 13:44:31,436 INFO c.h.h.t.HelmChartContainer - [hivemq-test-hivemq-platform] [hivemq-platform-operator] [871bd395] 13:44:31.431 [ReconcilerExecutor-hivemq-controller-136] INFO  c.h.p.o.HiveMQPlatformReconciler - [helmupgr] Reconciling HiveMQ Platform 'test-hivemq-platform' in namespace 'helmupgradeextensionit'
2025-01-29 13:44:31,436 INFO c.h.h.t.HelmChartContainer - [hivemq-test-hivemq-platform] [hivemq-platform-operator] [871bd395] 13:44:31.431 [ReconcilerExecutor-hivemq-controller-136] DEBUG c.h.p.o.HiveMQPlatformReconciler - [helmupgr] Custom Resource Status ROLLING_RESTART - HiveMQ Platform is starting a surge Pod (rolling restart) (SURGE_IN_PROGRESS)
2025-01-29 13:44:31,436 INFO c.h.h.t.HelmChartContainer - [hivemq-test-hivemq-platform] [hivemq-platform-operator] [871bd395] 13:44:31.431 [ReconcilerExecutor-hivemq-controller-136] DEBUG c.h.p.o.HiveMQPlatformReconciler - [helmupgr] Custom Resource Spec (replicas: 1) (extensions: 1)
2025-01-29 13:44:31,436 INFO c.h.h.t.HelmChartContainer - [hivemq-test-hivemq-platform] [hivemq-platform-operator] [871bd395] 13:44:31.432 [ReconcilerExecutor-hivemq-controller-136] DEBUG c.h.p.o.HiveMQPlatformReconciler - [helmupgr] StatefulSet Status (revision: test-hivemq-platform-7c6d7d4d7b, replicas: 2, available: 1, ready: 1, current: 1, updated: 1)
2025-01-29 13:44:31,436 INFO c.h.h.t.HelmChartContainer - [hivemq-test-hivemq-platform] [hivemq-platform-operator] [871bd395] 13:44:31.433 [ReconcilerExecutor-hivemq-controller-136] DEBUG c.h.p.o.HiveMQPlatformReconciler - [helmupgr] StatefulSet Spec (replicas: 2, init containers: 1, containers: 1, volumes: 4)
2025-01-29 13:44:31,441 INFO c.h.h.t.HelmChartContainer - [hivemq-test-hivemq-platform] [hivemq-platform-operator] [871bd395] 13:44:31.435 [ReconcilerExecutor-hivemq-controller-136] DEBUG c.h.p.o.h.HiveMQPlatformReconcilerErrorHandler - [helmupgr] Pod 'test-hivemq-platform-1' phase Running
2025-01-29 13:44:31,441 INFO c.h.h.t.HelmChartContainer - [hivemq-test-hivemq-platform] [hivemq-platform-operator] [871bd395] 13:44:31.437 [ReconcilerExecutor-hivemq-controller-136] DEBUG c.h.p.o.h.HiveMQPlatformReconcilerErrorHandler - [helmupgr] Pod 'test-hivemq-platform-0' phase Running
2025-01-29 13:44:31,443 INFO c.h.h.t.HelmChartContainer - [hivemq-test-hivemq-platform] [hivemq-platform-operator] [871bd395] 13:44:31.437 [ReconcilerExecutor-hivemq-controller-136] DEBUG c.h.p.o.h.HiveMQPlatformReconcilerRollingRestartHandler - [helmupgr] Rolling restart is waiting for 1 of 2 replicas
2025-01-29 13:44:31,451 INFO c.h.h.t.HelmChartContainer - [hivemq-test-hivemq-platform] [hivemq-platform-operator] [871bd395] 13:44:31.445 [pool-6-thread-42] DEBUG c.h.p.o.d.PlatformServiceResource - [helmupgr] Desired Platform services (3 services)
2025-01-29 13:44:31,504 INFO c.h.h.t.HelmChartContainer - [hivemq-test-hivemq-platform] [hivemq-platform-operator] [871bd395] 13:44:31.446 [pool-6-thread-49] DEBUG c.h.p.o.dependants.PodInfoConfigMap - [helmupgr] Desired PodInfo ConfigMap (1 extensions) (1 enabled)
2025-01-29 13:44:31,505 INFO c.h.h.t.HelmChartContainer - [hivemq-test-hivemq-platform] [hivemq-platform-operator] [871bd395] 13:44:31.500 [pool-6-thread-49] DEBUG c.h.p.o.dependants.PodInfoConfigMap - [helmupgr] Desired PodInfo ConfigMap (metrics port: 9399) (metrics path: /)
2025-01-29 13:44:31,505 INFO c.h.h.t.HelmChartContainer - [hivemq-test-hivemq-platform] [hivemq-platform-operator] [871bd395] 13:44:31.500 [pool-6-thread-49] DEBUG c.h.p.o.dependants.PodInfoConfigMap - [helmupgr] Desired PodInfo ConfigMap (extension state hash: 1557251680)
2025-01-29 13:44:31,506 INFO c.h.h.t.HelmChartContainer - [hivemq-test-hivemq-platform] [hivemq-platform-operator] [871bd395] 13:44:31.447 [pool-6-thread-45] DEBUG c.h.p.o.d.PodServiceAccountResource - [helmupgr] Desired PodServiceAccountResource (serviceAccountName: hivemq-platform-pod-test-hivemq-platform)
2025-01-29 13:44:31,509 INFO c.h.h.t.HelmChartContainer - [hivemq-test-hivemq-platform] [hivemq-platform-operator] [871bd395] 13:44:31.506 [pool-6-thread-42] DEBUG c.h.p.o.d.StatefulSetResource - [helmupgr] Desired StatefulSet (2 replicas) for status ROLLING_RESTART (SURGE_IN_PROGRESS)
2025-01-29 13:44:31,513 INFO c.h.h.t.HelmChartContainer - [hivemq-test-hivemq-platform] [hivemq-platform-operator] [871bd395] 13:44:31.512 [ReconcilerExecutor-hivemq-controller-137] INFO  c.h.p.o.HiveMQPlatformReconciler - [helmupgr] Reconciling HiveMQ Platform 'test-hivemq-platform' in namespace 'helmupgradeextensionit'
2025-01-29 13:44:31,514 INFO c.h.h.t.HelmChartContainer - [hivemq-test-hivemq-platform] [hivemq-platform-operator] [871bd395] 13:44:31.512 [ReconcilerExecutor-hivemq-controller-137] DEBUG c.h.p.o.HiveMQPlatformReconciler - [helmupgr] Custom Resource Status ROLLING_RESTART - HiveMQ Platform is starting a surge Pod (rolling restart) (SURGE_IN_PROGRESS)
2025-01-29 13:44:31,514 INFO c.h.h.t.HelmChartContainer - [hivemq-test-hivemq-platform] [hivemq-platform-operator] [871bd395] 13:44:31.512 [ReconcilerExecutor-hivemq-controller-137] DEBUG c.h.p.o.HiveMQPlatformReconciler - [helmupgr] Custom Resource Spec (replicas: 1) (extensions: 1)
2025-01-29 13:44:31,517 INFO c.h.h.t.HelmChartContainer - [hivemq-test-hivemq-platform] [hivemq-platform-operator] [871bd395] 13:44:31.515 [ReconcilerExecutor-hivemq-controller-137] DEBUG c.h.p.o.HiveMQPlatformReconciler - [helmupgr] StatefulSet Status (revision: test-hivemq-platform-7c6d7d4d7b, replicas: 2, available: 2, ready: 2, current: 1, updated: 1)
2025-01-29 13:44:31,517 INFO c.h.h.t.HelmChartContainer - [hivemq-test-hivemq-platform] [hivemq-platform-operator] [871bd395] 13:44:31.515 [ReconcilerExecutor-hivemq-controller-137] DEBUG c.h.p.o.HiveMQPlatformReconciler - [helmupgr] StatefulSet Spec (replicas: 2, init containers: 1, containers: 1, volumes: 4)
2025-01-29 13:44:31,538 INFO c.h.h.t.HelmChartContainer - [hivemq-test-hivemq-platform] [hivemq-platform-operator] [871bd395] 13:44:31.537 [ReconcilerExecutor-hivemq-controller-137] DEBUG c.h.p.o.h.HiveMQPlatformReconcilerErrorHandler - [helmupgr] Pod 'test-hivemq-platform-1' phase Running
2025-01-29 13:44:31,539 INFO c.h.h.t.HelmChartContainer - [hivemq-test-hivemq-platform] [hivemq-platform-operator] [871bd395] 13:44:31.538 [ReconcilerExecutor-hivemq-controller-137] DEBUG c.h.p.o.h.HiveMQPlatformReconcilerErrorHandler - [helmupgr] Pod 'test-hivemq-platform-0' phase Running
2025-01-29 13:44:31,540 INFO c.h.h.t.HelmChartContainer - [hivemq-test-hivemq-platform] [hivemq-platform-operator] [871bd395] 13:44:31.539 [ReconcilerExecutor-hivemq-controller-137] INFO  c.h.p.o.h.HiveMQPlatformReconcilerRollingRestartHandler - [helmupgr] Surge Pod started successfully
2025-01-29 13:44:31,708 INFO c.h.h.t.HelmChartContainer - [hivemq-test-hivemq-platform] [hivemq-platform-operator] [871bd395] 13:44:31.706 [ReconcilerExecutor-hivemq-controller-137] DEBUG c.h.p.operator.event.EventSender - [helmupgr] Creating K8s event rolling-restart-surge-in-progress: [RollingRestart] HiveMQ Platform is restarting Pods (rolling restart)
2025-01-29 13:44:31,710 INFO c.h.h.t.HelmChartContainer - [EVENT] Normal [RollingRestart] HiveMQ Platform is restarting Pods (rolling restart) [helmupgradeextensionit:test-hivemq-platform]
2025-01-29 13:44:31,712 INFO c.h.h.t.HelmChartContainer - [hivemq-test-hivemq-platform] [hivemq-platform-operator] [871bd395] 13:44:31.711 [ReconcilerExecutor-hivemq-controller-137] INFO  c.h.p.o.h.AbstractHiveMQReconcilerStateHandler - [helmupgr] Update HiveMQ Platform Status (ROLLING_RESTART [SURGE_IN_PROGRESS] -> ROLLING_RESTART [RESTART_PODS_IN_PROGRESS]): HiveMQ Platform is restarting Pods (rolling restart)
2025-01-29 13:44:31,720 DEBUG com.hivemq.helmcharts.util.K8sUtil - Comparing actual state 'ROLLING_RESTART' and waiting for 'RUNNING'
2025-01-29 13:44:40,813 INFO c.h.h.t.HelmChartContainer - [test-hivemq-platform] [hivemq] [5feb8150] WARN  - Bridge Extension: Connect to bridge 'testbridge' failed for the 3 time, reason: connection timed out after 10000 ms: /172.17.0.3:1883
2025-01-29 13:44:41,742 INFO c.h.h.t.HelmChartContainer - [hivemq-test-hivemq-platform] [hivemq-platform-operator] [871bd395] 13:44:41.739 [pool-6-thread-1] DEBUG c.h.p.o.d.PlatformServiceResource - [helmupgr] Desired Platform services (3 services)
2025-01-29 13:44:41,742 INFO c.h.h.t.HelmChartContainer - [hivemq-test-hivemq-platform] [hivemq-platform-operator] [871bd395] 13:44:41.740 [pool-6-thread-5] DEBUG c.h.p.o.dependants.PodInfoConfigMap - [helmupgr] Desired PodInfo ConfigMap (1 extensions) (1 enabled)
2025-01-29 13:44:41,742 INFO c.h.h.t.HelmChartContainer - [hivemq-test-hivemq-platform] [hivemq-platform-operator] [871bd395] 13:44:41.740 [pool-6-thread-5] DEBUG c.h.p.o.dependants.PodInfoConfigMap - [helmupgr] Desired PodInfo ConfigMap (metrics port: 9399) (metrics path: /)
2025-01-29 13:44:41,742 INFO c.h.h.t.HelmChartContainer - [hivemq-test-hivemq-platform] [hivemq-platform-operator] [871bd395] 13:44:41.740 [pool-6-thread-5] DEBUG c.h.p.o.dependants.PodInfoConfigMap - [helmupgr] Desired PodInfo ConfigMap (extension state hash: 1557251680)
2025-01-29 13:44:41,743 INFO c.h.h.t.HelmChartContainer - [hivemq-test-hivemq-platform] [hivemq-platform-operator] [871bd395] 13:44:41.740 [pool-6-thread-8] DEBUG c.h.p.o.d.PodServiceAccountResource - [helmupgr] Desired PodServiceAccountResource (serviceAccountName: hivemq-platform-pod-test-hivemq-platform)
2025-01-29 13:44:41,745 INFO c.h.h.t.HelmChartContainer - [hivemq-test-hivemq-platform] [hivemq-platform-operator] [871bd395] 13:44:41.744 [pool-6-thread-1] DEBUG c.h.p.o.d.StatefulSetResource - [helmupgr] Desired StatefulSet (2 replicas) for status ROLLING_RESTART (RESTART_PODS_IN_PROGRESS)
2025-01-29 13:44:41,749 INFO c.h.h.t.HelmChartContainer - [hivemq-test-hivemq-platform] [hivemq-platform-operator] [871bd395] 13:44:41.747 [ReconcilerExecutor-hivemq-controller-138] INFO  c.h.p.o.HiveMQPlatformReconciler - [helmupgr] Reconciling HiveMQ Platform 'test-hivemq-platform' in namespace 'helmupgradeextensionit'
2025-01-29 13:44:41,751 INFO c.h.h.t.HelmChartContainer - [hivemq-test-hivemq-platform] [hivemq-platform-operator] [871bd395] 13:44:41.747 [ReconcilerExecutor-hivemq-controller-138] DEBUG c.h.p.o.HiveMQPlatformReconciler - [helmupgr] Custom Resource Status ROLLING_RESTART - HiveMQ Platform is restarting Pods (rolling restart) (RESTART_PODS_IN_PROGRESS)
2025-01-29 13:44:41,751 INFO c.h.h.t.HelmChartContainer - [hivemq-test-hivemq-platform] [hivemq-platform-operator] [871bd395] 13:44:41.747 [ReconcilerExecutor-hivemq-controller-138] DEBUG c.h.p.o.HiveMQPlatformReconciler - [helmupgr] Custom Resource Spec (replicas: 1) (extensions: 1)
2025-01-29 13:44:41,751 INFO c.h.h.t.HelmChartContainer - [hivemq-test-hivemq-platform] [hivemq-platform-operator] [871bd395] 13:44:41.748 [ReconcilerExecutor-hivemq-controller-138] DEBUG c.h.p.o.HiveMQPlatformReconciler - [helmupgr] StatefulSet Status (revision: test-hivemq-platform-7c6d7d4d7b, replicas: 2, available: 2, ready: 2, current: 1, updated: 1)
2025-01-29 13:44:41,751 INFO c.h.h.t.HelmChartContainer - [hivemq-test-hivemq-platform] [hivemq-platform-operator] [871bd395] 13:44:41.748 [ReconcilerExecutor-hivemq-controller-138] DEBUG c.h.p.o.HiveMQPlatformReconciler - [helmupgr] StatefulSet Spec (replicas: 2, init containers: 1, containers: 1, volumes: 4)
2025-01-29 13:44:41,752 INFO c.h.h.t.HelmChartContainer - [hivemq-test-hivemq-platform] [hivemq-platform-operator] [871bd395] 13:44:41.750 [ReconcilerExecutor-hivemq-controller-138] DEBUG c.h.p.o.h.HiveMQPlatformReconcilerErrorHandler - [helmupgr] Pod 'test-hivemq-platform-1' phase Running
2025-01-29 13:44:41,753 INFO c.h.h.t.HelmChartContainer - [hivemq-test-hivemq-platform] [hivemq-platform-operator] [871bd395] 13:44:41.751 [ReconcilerExecutor-hivemq-controller-138] DEBUG c.h.p.o.h.HiveMQPlatformReconcilerErrorHandler - [helmupgr] Pod 'test-hivemq-platform-0' phase Running
2025-01-29 13:44:41,758 INFO c.h.h.t.HelmChartContainer - [hivemq-test-hivemq-platform] [hivemq-platform-operator] [871bd395] 13:44:41.757 [ReconcilerExecutor-hivemq-controller-138] DEBUG c.h.p.o.h.HiveMQPlatformReconcilerRollingRestartHandler - [helmupgr] Skipping Pod test-hivemq-platform-1 as it's already on the controller update revision (update revision: test-hivemq-platform-7c6d7d4d7b, pod revision: test-hivemq-platform-7c6d7d4d7b)
2025-01-29 13:44:41,844 INFO c.h.h.t.HelmChartContainer - [hivemq-test-hivemq-platform] [hivemq-platform-operator] [871bd395] 13:44:41.843 [ReconcilerExecutor-hivemq-controller-138] DEBUG c.h.p.o.h.HiveMQPlatformReconcilerRollingRestartHandler - [helmupgr] The last Pod is running for 89 seconds, the next Pod can be restarted
2025-01-29 13:44:41,844 INFO c.h.h.t.HelmChartContainer - [hivemq-test-hivemq-platform] [hivemq-platform-operator] [871bd395] 13:44:41.843 [ReconcilerExecutor-hivemq-controller-138] INFO  c.h.p.o.h.HiveMQPlatformReconcilerRollingRestartHandler - [helmupgr] Restarting Pod test-hivemq-platform-0 as it's not matching the controller update revision (update revision: test-hivemq-platform-7c6d7d4d7b, pod revision: test-hivemq-platform-5b6c7575b6)
2025-01-29 13:44:41,867 INFO c.h.h.t.HelmChartContainer - [POD] test-hivemq-platform-0 [33d5ece7-ec9f-4c13-935b-8a3f253c287a] in helmupgradeextensionit was MODIFIED
2025-01-29 13:44:41,874 INFO c.h.h.t.HelmChartContainer - [test-hivemq-platform] [hivemq] [33d5ece7] INFO  - [HiveMQ Platform Operator Init App 1.7.0-SNAPSHOT] Shutting down
2025-01-29 13:44:41,875 INFO c.h.h.t.HelmChartContainer - [test-hivemq-platform] [hivemq] [33d5ece7] INFO  - [HiveMQ Platform Operator Init App 1.7.0-SNAPSHOT] Stopping the HiveMQ Platform
2025-01-29 13:44:41,886 INFO c.h.h.t.HelmChartContainer - [EVENT] Normal [Killing] Stopping container hivemq [helmupgradeextensionit:test-hivemq-platform-0]
2025-01-29 13:44:41,886 INFO c.h.h.t.HelmChartContainer - Received Killing event for container hivemq in pod test-hivemq-platform-0 [33d5ece7-ec9f-4c13-935b-8a3f253c287a]
2025-01-29 13:44:41,886 INFO c.h.h.t.HelmChartContainer - Container [test-hivemq-platform-0] [hivemq] [33d5ece7-ec9f-4c13-935b-8a3f253c287a] was terminated
2025-01-29 13:44:41,886 INFO c.h.h.t.HelmChartContainer - Stopped log watcher for hivemq in pod test-hivemq-platform-0 [33d5ece7-ec9f-4c13-935b-8a3f253c287a]
2025-01-29 13:44:41,945 INFO c.h.h.t.HelmChartContainer - [hivemq-test-hivemq-platform] [hivemq-platform-operator] [871bd395] 13:44:41.940 [pool-6-thread-17] DEBUG c.h.p.o.d.PlatformServiceResource - [helmupgr] Desired Platform services (3 services)
2025-01-29 13:44:41,946 INFO c.h.h.t.HelmChartContainer - [hivemq-test-hivemq-platform] [hivemq-platform-operator] [871bd395] 13:44:41.941 [pool-6-thread-18] DEBUG c.h.p.o.dependants.PodInfoConfigMap - [helmupgr] Desired PodInfo ConfigMap (1 extensions) (1 enabled)
2025-01-29 13:44:41,946 INFO c.h.h.t.HelmChartContainer - [hivemq-test-hivemq-platform] [hivemq-platform-operator] [871bd395] 13:44:41.941 [pool-6-thread-18] DEBUG c.h.p.o.dependants.PodInfoConfigMap - [helmupgr] Desired PodInfo ConfigMap (metrics port: 9399) (metrics path: /)
2025-01-29 13:44:41,946 INFO c.h.h.t.HelmChartContainer - [hivemq-test-hivemq-platform] [hivemq-platform-operator] [871bd395] 13:44:41.941 [pool-6-thread-18] DEBUG c.h.p.o.dependants.PodInfoConfigMap - [helmupgr] Desired PodInfo ConfigMap (extension state hash: 1557251680)
2025-01-29 13:44:41,946 INFO c.h.h.t.HelmChartContainer - [hivemq-test-hivemq-platform] [hivemq-platform-operator] [871bd395] 13:44:41.945 [pool-6-thread-18] DEBUG c.h.p.o.d.PodServiceAccountResource - [helmupgr] Desired PodServiceAccountResource (serviceAccountName: hivemq-platform-pod-test-hivemq-platform)
2025-01-29 13:44:41,948 INFO c.h.h.t.HelmChartContainer - [hivemq-test-hivemq-platform] [hivemq-platform-operator] [871bd395] 13:44:41.947 [pool-6-thread-17] DEBUG c.h.p.o.d.StatefulSetResource - [helmupgr] Desired StatefulSet (2 replicas) for status ROLLING_RESTART (RESTART_PODS_IN_PROGRESS)
2025-01-29 13:44:41,952 INFO c.h.h.t.HelmChartContainer - [hivemq-test-hivemq-platform] [hivemq-platform-operator] [871bd395] 13:44:41.951 [ReconcilerExecutor-hivemq-controller-140] INFO  c.h.p.o.HiveMQPlatformReconciler - [helmupgr] Reconciling HiveMQ Platform 'test-hivemq-platform' in namespace 'helmupgradeextensionit'
2025-01-29 13:44:41,953 INFO c.h.h.t.HelmChartContainer - [hivemq-test-hivemq-platform] [hivemq-platform-operator] [871bd395] 13:44:41.952 [ReconcilerExecutor-hivemq-controller-140] DEBUG c.h.p.o.HiveMQPlatformReconciler - [helmupgr] Custom Resource Status ROLLING_RESTART - HiveMQ Platform is restarting Pods (rolling restart) (RESTART_PODS_IN_PROGRESS)
2025-01-29 13:44:41,953 INFO c.h.h.t.HelmChartContainer - [hivemq-test-hivemq-platform] [hivemq-platform-operator] [871bd395] 13:44:41.952 [ReconcilerExecutor-hivemq-controller-140] DEBUG c.h.p.o.HiveMQPlatformReconciler - [helmupgr] Custom Resource Spec (replicas: 1) (extensions: 1)
2025-01-29 13:44:41,956 INFO c.h.h.t.HelmChartContainer - [hivemq-test-hivemq-platform] [hivemq-platform-operator] [871bd395] 13:44:41.955 [ReconcilerExecutor-hivemq-controller-140] DEBUG c.h.p.o.HiveMQPlatformReconciler - [helmupgr] StatefulSet Status (revision: test-hivemq-platform-7c6d7d4d7b, replicas: 2, available: 2, ready: 2, current: 0, updated: 1)
2025-01-29 13:44:41,956 INFO c.h.h.t.HelmChartContainer - [hivemq-test-hivemq-platform] [hivemq-platform-operator] [871bd395] 13:44:41.955 [ReconcilerExecutor-hivemq-controller-140] DEBUG c.h.p.o.HiveMQPlatformReconciler - [helmupgr] StatefulSet Spec (replicas: 2, init containers: 1, containers: 1, volumes: 4)
2025-01-29 13:44:42,037 INFO c.h.h.t.HelmChartContainer - [hivemq-test-hivemq-platform] [hivemq-platform-operator] [871bd395] 13:44:42.036 [ReconcilerExecutor-hivemq-controller-140] DEBUG c.h.p.o.h.HiveMQPlatformReconcilerErrorHandler - [helmupgr] Pod 'test-hivemq-platform-1' phase Running
2025-01-29 13:44:42,040 INFO c.h.h.t.HelmChartContainer - [hivemq-test-hivemq-platform] [hivemq-platform-operator] [871bd395] 13:44:42.038 [ReconcilerExecutor-hivemq-controller-140] DEBUG c.h.p.o.h.HiveMQPlatformReconcilerErrorHandler - [helmupgr] Pod 'test-hivemq-platform-0' phase Running
2025-01-29 13:44:42,046 INFO c.h.h.t.HelmChartContainer - [hivemq-test-hivemq-platform] [hivemq-platform-operator] [871bd395] 13:44:42.044 [ReconcilerExecutor-hivemq-controller-140] DEBUG c.h.p.o.h.HiveMQPlatformReconcilerRollingRestartHandler - [helmupgr] Skipping Pod test-hivemq-platform-1 as it's already on the controller update revision (update revision: test-hivemq-platform-7c6d7d4d7b, pod revision: test-hivemq-platform-7c6d7d4d7b)
2025-01-29 13:44:42,052 INFO c.h.h.t.HelmChartContainer - [test-hivemq-platform] [hivemq] [33d5ece7] INFO  - Shutting down HiveMQ. Please wait, this could take a while...
2025-01-29 13:44:42,061 INFO c.h.h.t.HelmChartContainer - [test-hivemq-platform] [hivemq] [33d5ece7] INFO  - Shutting down listeners and clients
2025-01-29 13:44:42,063 INFO c.h.h.t.HelmChartContainer - [test-hivemq-platform] [hivemq] [33d5ece7] INFO  - Shutdown of listeners is done
2025-01-29 13:44:42,063 INFO c.h.h.t.HelmChartContainer - [test-hivemq-platform] [hivemq] [33d5ece7] INFO  - No clients are connected, proceeding with shutdown
2025-01-29 13:44:42,138 INFO c.h.h.t.HelmChartContainer - [hivemq-test-hivemq-platform] [hivemq-platform-operator] [871bd395] 13:44:42.137 [ReconcilerExecutor-hivemq-controller-140] DEBUG c.h.p.o.h.HiveMQPlatformReconcilerRollingRestartHandler - [helmupgr] The last Pod is running for 90 seconds, the next Pod can be restarted
2025-01-29 13:44:42,138 INFO c.h.h.t.HelmChartContainer - [hivemq-test-hivemq-platform] [hivemq-platform-operator] [871bd395] 13:44:42.137 [ReconcilerExecutor-hivemq-controller-140] INFO  c.h.p.o.h.HiveMQPlatformReconcilerRollingRestartHandler - [helmupgr] Restarting Pod test-hivemq-platform-0 as it's not matching the controller update revision (update revision: test-hivemq-platform-7c6d7d4d7b, pod revision: test-hivemq-platform-5b6c7575b6)
2025-01-29 13:44:42,150 INFO c.h.h.t.HelmChartContainer - [hivemq-test-hivemq-platform] [hivemq-platform-operator] [871bd395] 13:44:42.147 [pool-6-thread-22] DEBUG c.h.p.o.d.PodServiceAccountResource - [helmupgr] Desired PodServiceAccountResource (serviceAccountName: hivemq-platform-pod-test-hivemq-platform)
2025-01-29 13:44:42,151 INFO c.h.h.t.HelmChartContainer - [hivemq-test-hivemq-platform] [hivemq-platform-operator] [871bd395] 13:44:42.148 [pool-6-thread-29] DEBUG c.h.p.o.d.PlatformServiceResource - [helmupgr] Desired Platform services (3 services)
2025-01-29 13:44:42,151 INFO c.h.h.t.HelmChartContainer - [hivemq-test-hivemq-platform] [hivemq-platform-operator] [871bd395] 13:44:42.147 [pool-6-thread-24] DEBUG c.h.p.o.dependants.PodInfoConfigMap - [helmupgr] Desired PodInfo ConfigMap (1 extensions) (1 enabled)
2025-01-29 13:44:42,151 INFO c.h.h.t.HelmChartContainer - [hivemq-test-hivemq-platform] [hivemq-platform-operator] [871bd395] 13:44:42.149 [pool-6-thread-24] DEBUG c.h.p.o.dependants.PodInfoConfigMap - [helmupgr] Desired PodInfo ConfigMap (metrics port: 9399) (metrics path: /)
2025-01-29 13:44:42,151 INFO c.h.h.t.HelmChartContainer - [hivemq-test-hivemq-platform] [hivemq-platform-operator] [871bd395] 13:44:42.149 [pool-6-thread-24] DEBUG c.h.p.o.dependants.PodInfoConfigMap - [helmupgr] Desired PodInfo ConfigMap (extension state hash: 1557251680)
2025-01-29 13:44:42,154 INFO c.h.h.t.HelmChartContainer - [hivemq-test-hivemq-platform] [hivemq-platform-operator] [871bd395] 13:44:42.153 [pool-6-thread-29] DEBUG c.h.p.o.d.StatefulSetResource - [helmupgr] Desired StatefulSet (2 replicas) for status ROLLING_RESTART (RESTART_PODS_IN_PROGRESS)
2025-01-29 13:44:42,236 INFO c.h.h.t.HelmChartContainer - [hivemq-test-hivemq-platform] [hivemq-platform-operator] [871bd395] 13:44:42.235 [ReconcilerExecutor-hivemq-controller-141] INFO  c.h.p.o.HiveMQPlatformReconciler - [helmupgr] Reconciling HiveMQ Platform 'test-hivemq-platform' in namespace 'helmupgradeextensionit'
2025-01-29 13:44:42,237 INFO c.h.h.t.HelmChartContainer - [hivemq-test-hivemq-platform] [hivemq-platform-operator] [871bd395] 13:44:42.235 [ReconcilerExecutor-hivemq-controller-141] DEBUG c.h.p.o.HiveMQPlatformReconciler - [helmupgr] Custom Resource Status ROLLING_RESTART - HiveMQ Platform is restarting Pods (rolling restart) (RESTART_PODS_IN_PROGRESS)
2025-01-29 13:44:42,238 INFO c.h.h.t.HelmChartContainer - [hivemq-test-hivemq-platform] [hivemq-platform-operator] [871bd395] 13:44:42.235 [ReconcilerExecutor-hivemq-controller-141] DEBUG c.h.p.o.HiveMQPlatformReconciler - [helmupgr] Custom Resource Spec (replicas: 1) (extensions: 1)
2025-01-29 13:44:42,238 INFO c.h.h.t.HelmChartContainer - [hivemq-test-hivemq-platform] [hivemq-platform-operator] [871bd395] 13:44:42.237 [ReconcilerExecutor-hivemq-controller-141] DEBUG c.h.p.o.HiveMQPlatformReconciler - [helmupgr] StatefulSet Status (revision: test-hivemq-platform-7c6d7d4d7b, replicas: 2, available: 2, ready: 2, current: 0, updated: 1)
2025-01-29 13:44:42,238 INFO c.h.h.t.HelmChartContainer - [hivemq-test-hivemq-platform] [hivemq-platform-operator] [871bd395] 13:44:42.237 [ReconcilerExecutor-hivemq-controller-141] DEBUG c.h.p.o.HiveMQPlatformReconciler - [helmupgr] StatefulSet Spec (replicas: 2, init containers: 1, containers: 1, volumes: 4)
2025-01-29 13:44:42,239 INFO c.h.h.t.HelmChartContainer - [hivemq-test-hivemq-platform] [hivemq-platform-operator] [871bd395] 13:44:42.238 [ReconcilerExecutor-hivemq-controller-141] DEBUG c.h.p.o.h.HiveMQPlatformReconcilerErrorHandler - [helmupgr] Pod 'test-hivemq-platform-1' phase Running
2025-01-29 13:44:42,240 INFO c.h.h.t.HelmChartContainer - [hivemq-test-hivemq-platform] [hivemq-platform-operator] [871bd395] 13:44:42.239 [ReconcilerExecutor-hivemq-controller-141] DEBUG c.h.p.o.h.HiveMQPlatformReconcilerErrorHandler - [helmupgr] Pod 'test-hivemq-platform-0' phase Running
2025-01-29 13:44:42,245 INFO c.h.h.t.HelmChartContainer - [hivemq-test-hivemq-platform] [hivemq-platform-operator] [871bd395] 13:44:42.244 [ReconcilerExecutor-hivemq-controller-141] DEBUG c.h.p.o.h.HiveMQPlatformReconcilerRollingRestartHandler - [helmupgr] Skipping Pod test-hivemq-platform-1 as it's already on the controller update revision (update revision: test-hivemq-platform-7c6d7d4d7b, pod revision: test-hivemq-platform-7c6d7d4d7b)
2025-01-29 13:44:42,255 INFO c.h.h.t.HelmChartContainer - [hivemq-test-hivemq-platform] [hivemq-platform-operator] [871bd395] 13:44:42.253 [ReconcilerExecutor-hivemq-controller-141] DEBUG c.h.p.o.h.HiveMQPlatformReconcilerRollingRestartHandler - [helmupgr] The last Pod is running for 90 seconds, the next Pod can be restarted
2025-01-29 13:44:42,255 INFO c.h.h.t.HelmChartContainer - [hivemq-test-hivemq-platform] [hivemq-platform-operator] [871bd395] 13:44:42.253 [ReconcilerExecutor-hivemq-controller-141] INFO  c.h.p.o.h.HiveMQPlatformReconcilerRollingRestartHandler - [helmupgr] Restarting Pod test-hivemq-platform-0 as it's not matching the controller update revision (update revision: test-hivemq-platform-7c6d7d4d7b, pod revision: test-hivemq-platform-5b6c7575b6)
2025-01-29 13:44:42,562 INFO c.h.h.t.HelmChartContainer - [test-hivemq-platform] [hivemq] [33d5ece7] INFO  - [HiveMQ Platform Operator Init App 1.7.0-SNAPSHOT] Returning shutdown Health API response 503 for readiness
2025-01-29 13:44:42,567 INFO c.h.h.t.HelmChartContainer - [EVENT] Warning [Unhealthy] Readiness probe failed: HTTP probe failed with statuscode: 503 [helmupgradeextensionit:test-hivemq-platform-0]
2025-01-29 13:44:42,567 INFO c.h.h.t.HelmChartContainer - Received Unhealthy event for container hivemq in pod test-hivemq-platform-0 [33d5ece7-ec9f-4c13-935b-8a3f253c287a]
2025-01-29 13:44:42,894 INFO c.h.h.t.HelmChartContainer - [test-hivemq-platform] [hivemq] [5feb8150] WARN  - Bridge Extension: Connect to bridge 'testbridge' failed for the 3 time, reason: connection timed out after 10000 ms: /172.17.0.3:1883
2025-01-29 13:44:43,044 INFO c.h.h.t.HelmChartContainer - [test-hivemq-platform] [hivemq] [33d5ece7] WARN  - Bridge Extension: Connect to bridge 'testbridge' failed for the 6 time, reason: connection timed out after 10000 ms: /172.17.0.3:1883
2025-01-29 13:44:44,848 INFO c.h.h.t.HelmChartContainer - [test-hivemq-platform] [hivemq] [33d5ece7] INFO  - Shutting down extension system
2025-01-29 13:44:44,850 INFO c.h.h.t.HelmChartContainer - [test-hivemq-platform] [hivemq] [33d5ece7] INFO  - Stopping extension with id hivemq-dns-cluster-discovery
2025-01-29 13:44:44,851 INFO c.h.h.t.HelmChartContainer - [test-hivemq-platform] [hivemq] [33d5ece7] INFO  - Extension "DNS Cluster Discovery Extension" version 4.3.2 stopped successfully.
2025-01-29 13:44:44,852 INFO c.h.h.t.HelmChartContainer - [test-hivemq-platform] [hivemq] [33d5ece7] INFO  - Stopping extension with id hivemq-bridge-extension
2025-01-29 13:44:44,856 INFO c.h.h.t.HelmChartContainer - [test-hivemq-platform] [hivemq] [33d5ece7] INFO  - Bridge Extension: Stopping extension
2025-01-29 13:44:44,863 INFO c.h.h.t.HelmChartContainer - [test-hivemq-platform] [hivemq] [33d5ece7] ERROR - Bridge Extension: Error when disconnecting client "testbridge-0-a121d475-4c08-49d1-b296-3fe695778b5e". Reason: MQTT client is not connected.
2025-01-29 13:44:44,864 INFO c.h.h.t.HelmChartContainer - [test-hivemq-platform] [hivemq] [33d5ece7] ERROR - Bridge Extension: Error when disconnecting client "testbridge-1-a121d475-4c08-49d1-b296-3fe695778b5e". Reason: MQTT client is not connected.
2025-01-29 13:44:44,864 INFO c.h.h.t.HelmChartContainer - [test-hivemq-platform] [hivemq] [33d5ece7] INFO  - Extension "HiveMQ Enterprise Bridge Extension" version 4.36.0 stopped successfully.
2025-01-29 13:44:44,864 INFO c.h.h.t.HelmChartContainer - [test-hivemq-platform] [hivemq] [33d5ece7] INFO  - Stopping extension with id hivemq-prometheus-extension
2025-01-29 13:44:44,871 INFO c.h.h.t.HelmChartContainer - [test-hivemq-platform] [hivemq] [33d5ece7] INFO  - Extension "Prometheus Monitoring Extension" version 4.0.12 stopped successfully.
2025-01-29 13:44:44,871 INFO c.h.h.t.HelmChartContainer - [test-hivemq-platform] [hivemq] [33d5ece7] INFO  - Stopping extension with id hivemq-allow-all-extension
2025-01-29 13:44:44,871 INFO c.h.h.t.HelmChartContainer - [test-hivemq-platform] [hivemq] [33d5ece7] INFO  - Extension "Allow All Extension" version 1.1.1 stopped successfully.
2025-01-29 13:44:44,877 INFO c.h.h.t.HelmChartContainer - [test-hivemq-platform] [hivemq] [5feb8150] INFO  - Cluster nodes found by discovery: [snLq2|2] (1) [snLq2].
2025-01-29 13:44:44,879 INFO c.h.h.t.HelmChartContainer - [test-hivemq-platform] [hivemq] [5feb8150] INFO  - Cluster size = 1, members : [snLq2].
2025-01-29 13:44:47,233 INFO c.h.h.t.HelmChartContainer - [test-hivemq-platform] [hivemq] [33d5ece7] INFO  - Shutdown completed.
2025-01-29 13:44:47,567 INFO c.h.h.t.HelmChartContainer - [EVENT] Warning [Unhealthy] Readiness probe failed: HTTP probe failed with statuscode: 503 [helmupgradeextensionit:test-hivemq-platform-0]
2025-01-29 13:44:47,567 INFO c.h.h.t.HelmChartContainer - Received Unhealthy event for container hivemq in pod test-hivemq-platform-0 [33d5ece7-ec9f-4c13-935b-8a3f253c287a]
2025-01-29 13:44:47,605 INFO c.h.h.t.HelmChartContainer - [test-hivemq-platform] [hivemq] [33d5ece7] INFO  - [HiveMQ Platform Operator Init App 1.7.0-SNAPSHOT] The HiveMQ Platform exited with code 143
2025-01-29 13:44:47,605 INFO c.h.h.t.HelmChartContainer - [test-hivemq-platform] [hivemq] [33d5ece7] INFO  - [HiveMQ Platform Operator Init App 1.7.0-SNAPSHOT] Stopping the REST API
2025-01-29 13:44:47,648 INFO c.h.h.t.HelmChartContainer - [test-hivemq-platform] [hivemq] [33d5ece7] INFO  - [HiveMQ Platform Operator Init App 1.7.0-SNAPSHOT] Shutdown complete
2025-01-29 13:44:48,084 INFO c.h.h.t.HelmChartContainer - [POD] test-hivemq-platform-0 [33d5ece7-ec9f-4c13-935b-8a3f253c287a] in helmupgradeextensionit was MODIFIED
2025-01-29 13:44:48,101 INFO c.h.h.t.HelmChartContainer - [hivemq-test-hivemq-platform] [hivemq-platform-operator] [871bd395] 13:44:48.097 [pool-6-thread-40] DEBUG c.h.p.o.d.PlatformServiceResource - [helmupgr] Desired Platform services (3 services)
2025-01-29 13:44:48,104 INFO c.h.h.t.HelmChartContainer - [hivemq-test-hivemq-platform] [hivemq-platform-operator] [871bd395] 13:44:48.101 [pool-6-thread-37] DEBUG c.h.p.o.dependants.PodInfoConfigMap - [helmupgr] Desired PodInfo ConfigMap (1 extensions) (1 enabled)
2025-01-29 13:44:48,107 INFO c.h.h.t.HelmChartContainer - [hivemq-test-hivemq-platform] [hivemq-platform-operator] [871bd395] 13:44:48.104 [pool-6-thread-37] DEBUG c.h.p.o.dependants.PodInfoConfigMap - [helmupgr] Desired PodInfo ConfigMap (metrics port: 9399) (metrics path: /)
2025-01-29 13:44:48,107 INFO c.h.h.t.HelmChartContainer - [hivemq-test-hivemq-platform] [hivemq-platform-operator] [871bd395] 13:44:48.104 [pool-6-thread-37] DEBUG c.h.p.o.dependants.PodInfoConfigMap - [helmupgr] Desired PodInfo ConfigMap (extension state hash: 1557251680)
2025-01-29 13:44:48,108 INFO c.h.h.t.HelmChartContainer - [hivemq-test-hivemq-platform] [hivemq-platform-operator] [871bd395] 13:44:48.105 [pool-6-thread-33] DEBUG c.h.p.o.d.PodServiceAccountResource - [helmupgr] Desired PodServiceAccountResource (serviceAccountName: hivemq-platform-pod-test-hivemq-platform)
2025-01-29 13:44:48,111 INFO c.h.h.t.HelmChartContainer - [hivemq-test-hivemq-platform] [hivemq-platform-operator] [871bd395] 13:44:48.110 [pool-6-thread-35] DEBUG c.h.p.o.d.StatefulSetResource - [helmupgr] Desired StatefulSet (2 replicas) for status ROLLING_RESTART (RESTART_PODS_IN_PROGRESS)
2025-01-29 13:44:48,113 INFO c.h.h.t.HelmChartContainer - [hivemq-test-hivemq-platform] [hivemq-platform-operator] [871bd395] 13:44:48.112 [ReconcilerExecutor-hivemq-controller-142] INFO  c.h.p.o.HiveMQPlatformReconciler - [helmupgr] Reconciling HiveMQ Platform 'test-hivemq-platform' in namespace 'helmupgradeextensionit'
2025-01-29 13:44:48,113 INFO c.h.h.t.HelmChartContainer - [hivemq-test-hivemq-platform] [hivemq-platform-operator] [871bd395] 13:44:48.112 [ReconcilerExecutor-hivemq-controller-142] DEBUG c.h.p.o.HiveMQPlatformReconciler - [helmupgr] Custom Resource Status ROLLING_RESTART - HiveMQ Platform is restarting Pods (rolling restart) (RESTART_PODS_IN_PROGRESS)
2025-01-29 13:44:48,113 INFO c.h.h.t.HelmChartContainer - [hivemq-test-hivemq-platform] [hivemq-platform-operator] [871bd395] 13:44:48.112 [ReconcilerExecutor-hivemq-controller-142] DEBUG c.h.p.o.HiveMQPlatformReconciler - [helmupgr] Custom Resource Spec (replicas: 1) (extensions: 1)
2025-01-29 13:44:48,114 INFO c.h.h.t.HelmChartContainer - [hivemq-test-hivemq-platform] [hivemq-platform-operator] [871bd395] 13:44:48.114 [ReconcilerExecutor-hivemq-controller-142] DEBUG c.h.p.o.HiveMQPlatformReconciler - [helmupgr] StatefulSet Status (revision: test-hivemq-platform-7c6d7d4d7b, replicas: 2, available: 1, ready: 1, current: 0, updated: 1)
2025-01-29 13:44:48,136 INFO c.h.h.t.HelmChartContainer - [K3S] [scope.go:117] "RemoveContainer" containerID="c5b809b7c1fa399d28a770f039df7df9aa9963429a3c46ba66f605e43327dbbc"
2025-01-29 13:44:48,138 INFO c.h.h.t.HelmChartContainer - [hivemq-test-hivemq-platform] [hivemq-platform-operator] [871bd395] 13:44:48.135 [ReconcilerExecutor-hivemq-controller-142] DEBUG c.h.p.o.HiveMQPlatformReconciler - [helmupgr] StatefulSet Spec (replicas: 2, init containers: 1, containers: 1, volumes: 4)
2025-01-29 13:44:48,138 INFO c.h.h.t.HelmChartContainer - [hivemq-test-hivemq-platform] [hivemq-platform-operator] [871bd395] 13:44:48.136 [ReconcilerExecutor-hivemq-controller-142] DEBUG c.h.p.o.h.HiveMQPlatformReconcilerErrorHandler - [helmupgr] Pod 'test-hivemq-platform-1' phase Running
2025-01-29 13:44:48,140 INFO c.h.h.t.HelmChartContainer - [hivemq-test-hivemq-platform] [hivemq-platform-operator] [871bd395] 13:44:48.138 [ReconcilerExecutor-hivemq-controller-142] DEBUG c.h.p.o.h.HiveMQPlatformReconcilerErrorHandler - [helmupgr] Pod 'test-hivemq-platform-0' phase Failed
2025-01-29 13:44:48,140 INFO c.h.h.t.HelmChartContainer - [hivemq-test-hivemq-platform] [hivemq-platform-operator] [871bd395] 13:44:48.138 [ReconcilerExecutor-hivemq-controller-142] DEBUG c.h.p.o.h.HiveMQPlatformReconcilerErrorHandler - [helmupgr] Pod 'test-hivemq-platform-0' condition 'PodReadyToStartContainers': False
2025-01-29 13:44:48,142 INFO c.h.h.t.HelmChartContainer - [hivemq-test-hivemq-platform] [hivemq-platform-operator] [871bd395] 13:44:48.138 [ReconcilerExecutor-hivemq-controller-142] DEBUG c.h.p.o.h.HiveMQPlatformReconcilerErrorHandler - [helmupgr] Pod 'test-hivemq-platform-0' condition 'Initialized': True
2025-01-29 13:44:48,142 INFO c.h.h.t.HelmChartContainer - [hivemq-test-hivemq-platform] [hivemq-platform-operator] [871bd395] 13:44:48.138 [ReconcilerExecutor-hivemq-controller-142] DEBUG c.h.p.o.h.HiveMQPlatformReconcilerErrorHandler - [helmupgr] Pod 'test-hivemq-platform-0' condition 'Ready': False
2025-01-29 13:44:48,142 INFO c.h.h.t.HelmChartContainer - [hivemq-test-hivemq-platform] [hivemq-platform-operator] [871bd395] 13:44:48.138 [ReconcilerExecutor-hivemq-controller-142] DEBUG c.h.p.o.h.HiveMQPlatformReconcilerErrorHandler - [helmupgr] Pod 'test-hivemq-platform-0' condition 'ContainersReady': False
2025-01-29 13:44:48,142 INFO c.h.h.t.HelmChartContainer - [hivemq-test-hivemq-platform] [hivemq-platform-operator] [871bd395] 13:44:48.138 [ReconcilerExecutor-hivemq-controller-142] DEBUG c.h.p.o.h.HiveMQPlatformReconcilerErrorHandler - [helmupgr] Pod 'test-hivemq-platform-0' condition 'PodScheduled': True
2025-01-29 13:44:48,142 INFO c.h.h.t.HelmChartContainer - [hivemq-test-hivemq-platform] [hivemq-platform-operator] [871bd395] 13:44:48.139 [ReconcilerExecutor-hivemq-controller-142] DEBUG c.h.p.o.h.HiveMQPlatformReconcilerErrorHandler - [helmupgr] Pod 'test-hivemq-platform-0' containerStatus 'hivemq' (started: false) (ready: false) (waiting: [Unknown] no message)
2025-01-29 13:44:48,142 INFO c.h.h.t.HelmChartContainer - [hivemq-test-hivemq-platform] [hivemq-platform-operator] [871bd395] 13:44:48.139 [ReconcilerExecutor-hivemq-controller-142] DEBUG c.h.p.o.h.HiveMQPlatformReconcilerRollingRestartHandler - [helmupgr] Rolling restart is waiting for 1 of 2 replicas
2025-01-29 13:44:48,150 INFO c.h.h.t.HelmChartContainer - [hivemq-test-hivemq-platform] [hivemq-platform-operator] [871bd395] 13:44:48.145 [pool-6-thread-44] DEBUG c.h.p.o.d.PlatformServiceResource - [helmupgr] Desired Platform services (3 services)
2025-01-29 13:44:48,151 INFO c.h.h.t.HelmChartContainer - [hivemq-test-hivemq-platform] [hivemq-platform-operator] [871bd395] 13:44:48.146 [pool-6-thread-47] DEBUG c.h.p.o.dependants.PodInfoConfigMap - [helmupgr] Desired PodInfo ConfigMap (1 extensions) (1 enabled)
2025-01-29 13:44:48,151 INFO c.h.h.t.HelmChartContainer - [hivemq-test-hivemq-platform] [hivemq-platform-operator] [871bd395] 13:44:48.146 [pool-6-thread-47] DEBUG c.h.p.o.dependants.PodInfoConfigMap - [helmupgr] Desired PodInfo ConfigMap (metrics port: 9399) (metrics path: /)
2025-01-29 13:44:48,151 INFO c.h.h.t.HelmChartContainer - [hivemq-test-hivemq-platform] [hivemq-platform-operator] [871bd395] 13:44:48.146 [pool-6-thread-47] DEBUG c.h.p.o.dependants.PodInfoConfigMap - [helmupgr] Desired PodInfo ConfigMap (extension state hash: 1557251680)
2025-01-29 13:44:48,151 INFO c.h.h.t.HelmChartContainer - [hivemq-test-hivemq-platform] [hivemq-platform-operator] [871bd395] 13:44:48.147 [pool-6-thread-41] DEBUG c.h.p.o.d.PodServiceAccountResource - [helmupgr] Desired PodServiceAccountResource (serviceAccountName: hivemq-platform-pod-test-hivemq-platform)
2025-01-29 13:44:48,151 INFO c.h.h.t.HelmChartContainer - [hivemq-test-hivemq-platform] [hivemq-platform-operator] [871bd395] 13:44:48.150 [pool-6-thread-50] DEBUG c.h.p.o.d.StatefulSetResource - [helmupgr] Desired StatefulSet (2 replicas) for status ROLLING_RESTART (RESTART_PODS_IN_PROGRESS)
2025-01-29 13:44:48,158 INFO c.h.h.t.HelmChartContainer - [hivemq-test-hivemq-platform] [hivemq-platform-operator] [871bd395] 13:44:48.156 [ReconcilerExecutor-hivemq-controller-143] INFO  c.h.p.o.HiveMQPlatformReconciler - [helmupgr] Reconciling HiveMQ Platform 'test-hivemq-platform' in namespace 'helmupgradeextensionit'
2025-01-29 13:44:48,158 INFO c.h.h.t.HelmChartContainer - [hivemq-test-hivemq-platform] [hivemq-platform-operator] [871bd395] 13:44:48.156 [ReconcilerExecutor-hivemq-controller-143] DEBUG c.h.p.o.HiveMQPlatformReconciler - [helmupgr] Custom Resource Status ROLLING_RESTART - HiveMQ Platform is restarting Pods (rolling restart) (RESTART_PODS_IN_PROGRESS)
2025-01-29 13:44:48,158 INFO c.h.h.t.HelmChartContainer - [hivemq-test-hivemq-platform] [hivemq-platform-operator] [871bd395] 13:44:48.157 [ReconcilerExecutor-hivemq-controller-143] DEBUG c.h.p.o.HiveMQPlatformReconciler - [helmupgr] Custom Resource Spec (replicas: 1) (extensions: 1)
2025-01-29 13:44:48,159 INFO c.h.h.t.HelmChartContainer - [hivemq-test-hivemq-platform] [hivemq-platform-operator] [871bd395] 13:44:48.158 [ReconcilerExecutor-hivemq-controller-143] DEBUG c.h.p.o.HiveMQPlatformReconciler - [helmupgr] StatefulSet Status (revision: test-hivemq-platform-7c6d7d4d7b, replicas: 2, available: 1, ready: 1, current: 0, updated: 1)
2025-01-29 13:44:48,159 INFO c.h.h.t.HelmChartContainer - [hivemq-test-hivemq-platform] [hivemq-platform-operator] [871bd395] 13:44:48.158 [ReconcilerExecutor-hivemq-controller-143] DEBUG c.h.p.o.HiveMQPlatformReconciler - [helmupgr] StatefulSet Spec (replicas: 2, init containers: 1, containers: 1, volumes: 4)
2025-01-29 13:44:48,204 INFO c.h.h.t.HelmChartContainer - [hivemq-test-hivemq-platform] [hivemq-platform-operator] [871bd395] 13:44:48.201 [ReconcilerExecutor-hivemq-controller-143] DEBUG c.h.p.o.h.HiveMQPlatformReconcilerErrorHandler - [helmupgr] Pod 'test-hivemq-platform-1' phase Running
2025-01-29 13:44:48,204 INFO c.h.h.t.HelmChartContainer - [hivemq-test-hivemq-platform] [hivemq-platform-operator] [871bd395] 13:44:48.202 [ReconcilerExecutor-hivemq-controller-143] DEBUG c.h.p.o.h.HiveMQPlatformReconcilerErrorHandler - [helmupgr] Pod 'test-hivemq-platform-0' phase Failed
2025-01-29 13:44:48,204 INFO c.h.h.t.HelmChartContainer - [hivemq-test-hivemq-platform] [hivemq-platform-operator] [871bd395] 13:44:48.202 [ReconcilerExecutor-hivemq-controller-143] DEBUG c.h.p.o.h.HiveMQPlatformReconcilerErrorHandler - [helmupgr] Pod 'test-hivemq-platform-0' condition 'PodReadyToStartContainers': False
2025-01-29 13:44:48,204 INFO c.h.h.t.HelmChartContainer - [hivemq-test-hivemq-platform] [hivemq-platform-operator] [871bd395] 13:44:48.202 [ReconcilerExecutor-hivemq-controller-143] DEBUG c.h.p.o.h.HiveMQPlatformReconcilerErrorHandler - [helmupgr] Pod 'test-hivemq-platform-0' condition 'Initialized': True
2025-01-29 13:44:48,204 INFO c.h.h.t.HelmChartContainer - [hivemq-test-hivemq-platform] [hivemq-platform-operator] [871bd395] 13:44:48.202 [ReconcilerExecutor-hivemq-controller-143] DEBUG c.h.p.o.h.HiveMQPlatformReconcilerErrorHandler - [helmupgr] Pod 'test-hivemq-platform-0' condition 'Ready': False
2025-01-29 13:44:48,204 INFO c.h.h.t.HelmChartContainer - [hivemq-test-hivemq-platform] [hivemq-platform-operator] [871bd395] 13:44:48.202 [ReconcilerExecutor-hivemq-controller-143] DEBUG c.h.p.o.h.HiveMQPlatformReconcilerErrorHandler - [helmupgr] Pod 'test-hivemq-platform-0' condition 'ContainersReady': False
2025-01-29 13:44:48,204 INFO c.h.h.t.HelmChartContainer - [hivemq-test-hivemq-platform] [hivemq-platform-operator] [871bd395] 13:44:48.202 [ReconcilerExecutor-hivemq-controller-143] DEBUG c.h.p.o.h.HiveMQPlatformReconcilerErrorHandler - [helmupgr] Pod 'test-hivemq-platform-0' condition 'PodScheduled': True
2025-01-29 13:44:48,204 INFO c.h.h.t.HelmChartContainer - [hivemq-test-hivemq-platform] [hivemq-platform-operator] [871bd395] 13:44:48.202 [ReconcilerExecutor-hivemq-controller-143] DEBUG c.h.p.o.h.HiveMQPlatformReconcilerErrorHandler - [helmupgr] Pod 'test-hivemq-platform-0' containerStatus 'hivemq' (started: false) (ready: false) (waiting: [Unknown] no message)
2025-01-29 13:44:48,204 INFO c.h.h.t.HelmChartContainer - [hivemq-test-hivemq-platform] [hivemq-platform-operator] [871bd395] 13:44:48.203 [ReconcilerExecutor-hivemq-controller-143] DEBUG c.h.p.o.h.HiveMQPlatformReconcilerRollingRestartHandler - [helmupgr] Rolling restart is waiting for 1 of 2 replicas
2025-01-29 13:44:48,231 INFO c.h.h.t.HelmChartContainer - [K3S] [reconciler_common.go:162] "operationExecutor.UnmountVolume started for volume \"operator-init\" (UniqueName: \"kubernetes.io/empty-dir/33d5ece7-ec9f-4c13-935b-8a3f253c287a-operator-init\") pod \"33d5ece7-ec9f-4c13-935b-8a3f253c287a\" (UID: \"33d5ece7-ec9f-4c13-935b-8a3f253c287a\") "
2025-01-29 13:44:48,232 INFO c.h.h.t.HelmChartContainer - [K3S] [reconciler_common.go:162] "operationExecutor.UnmountVolume started for volume \"pod-info\" (UniqueName: \"kubernetes.io/configmap/33d5ece7-ec9f-4c13-935b-8a3f253c287a-pod-info\") pod \"33d5ece7-ec9f-4c13-935b-8a3f253c287a\" (UID: \"33d5ece7-ec9f-4c13-935b-8a3f253c287a\") "
2025-01-29 13:44:48,233 INFO c.h.h.t.HelmChartContainer - [K3S] [reconciler_common.go:162] "operationExecutor.UnmountVolume started for volume \"kube-api-access-t26pq\" (UniqueName: \"kubernetes.io/projected/33d5ece7-ec9f-4c13-935b-8a3f253c287a-kube-api-access-t26pq\") pod \"33d5ece7-ec9f-4c13-935b-8a3f253c287a\" (UID: \"33d5ece7-ec9f-4c13-935b-8a3f253c287a\") "
2025-01-29 13:44:48,233 INFO c.h.h.t.HelmChartContainer - [K3S] [reconciler_common.go:162] "operationExecutor.UnmountVolume started for volume \"broker-configuration\" (UniqueName: \"kubernetes.io/configmap/33d5ece7-ec9f-4c13-935b-8a3f253c287a-broker-configuration\") pod \"33d5ece7-ec9f-4c13-935b-8a3f253c287a\" (UID: \"33d5ece7-ec9f-4c13-935b-8a3f253c287a\") "
2025-01-29 13:44:48,233 INFO c.h.h.t.HelmChartContainer - [K3S] [reconciler_common.go:162] "operationExecutor.UnmountVolume started for volume \"extension-configuration-hivemq-bridge-extension\" (UniqueName: \"kubernetes.io/configmap/33d5ece7-ec9f-4c13-935b-8a3f253c287a-extension-configuration-hivemq-bridge-extension\") pod \"33d5ece7-ec9f-4c13-935b-8a3f253c287a\" (UID: \"33d5ece7-ec9f-4c13-935b-8a3f253c287a\") "
2025-01-29 13:44:48,249 INFO c.h.h.t.HelmChartContainer - [K3S] [scope.go:117] "RemoveContainer" containerID="e4a6b6655ce9e36ef907aeed02590d119296e6fd79d665d4fbff4055f897f20b"
2025-01-29 13:44:48,253 INFO c.h.h.t.HelmChartContainer - [K3S] [scope.go:117] "RemoveContainer" containerID="c5b809b7c1fa399d28a770f039df7df9aa9963429a3c46ba66f605e43327dbbc"
2025-01-29 13:44:48,254 INFO c.h.h.t.HelmChartContainer - [K3S] [scope.go:117] "RemoveContainer" containerID="e4a6b6655ce9e36ef907aeed02590d119296e6fd79d665d4fbff4055f897f20b"
2025-01-29 13:44:48,332 INFO c.h.h.t.HelmChartContainer - [K3S] [reconciler_common.go:299] "Volume detached for volume \"operator-init\" (UniqueName: \"kubernetes.io/empty-dir/33d5ece7-ec9f-4c13-935b-8a3f253c287a-operator-init\") on node \"41e0b4b2959d\" DevicePath \"\""
2025-01-29 13:44:48,332 INFO c.h.h.t.HelmChartContainer - [K3S] [reconciler_common.go:299] "Volume detached for volume \"pod-info\" (UniqueName: \"kubernetes.io/configmap/33d5ece7-ec9f-4c13-935b-8a3f253c287a-pod-info\") on node \"41e0b4b2959d\" DevicePath \"\""
2025-01-29 13:44:48,332 INFO c.h.h.t.HelmChartContainer - [K3S] [reconciler_common.go:299] "Volume detached for volume \"kube-api-access-t26pq\" (UniqueName: \"kubernetes.io/projected/33d5ece7-ec9f-4c13-935b-8a3f253c287a-kube-api-access-t26pq\") on node \"41e0b4b2959d\" DevicePath \"\""
2025-01-29 13:44:48,332 INFO c.h.h.t.HelmChartContainer - [K3S] [reconciler_common.go:299] "Volume detached for volume \"extension-configuration-hivemq-bridge-extension\" (UniqueName: \"kubernetes.io/configmap/33d5ece7-ec9f-4c13-935b-8a3f253c287a-extension-configuration-hivemq-bridge-extension\") on node \"41e0b4b2959d\" DevicePath \"\""
2025-01-29 13:44:48,332 INFO c.h.h.t.HelmChartContainer - [K3S] [reconciler_common.go:299] "Volume detached for volume \"broker-configuration\" (UniqueName: \"kubernetes.io/configmap/33d5ece7-ec9f-4c13-935b-8a3f253c287a-broker-configuration\") on node \"41e0b4b2959d\" DevicePath \"\""
2025-01-29 13:44:48,460 INFO c.h.h.t.HelmChartContainer - [POD] test-hivemq-platform-0 [33d5ece7-ec9f-4c13-935b-8a3f253c287a] in helmupgradeextensionit was MODIFIED
2025-01-29 13:44:48,465 INFO c.h.h.t.HelmChartContainer - [hivemq-test-hivemq-platform] [hivemq-platform-operator] [871bd395] 13:44:48.462 [pool-6-thread-9] DEBUG c.h.p.o.dependants.PodInfoConfigMap - [helmupgr] Desired PodInfo ConfigMap (1 extensions) (1 enabled)
2025-01-29 13:44:48,465 INFO c.h.h.t.HelmChartContainer - [hivemq-test-hivemq-platform] [hivemq-platform-operator] [871bd395] 13:44:48.462 [pool-6-thread-9] DEBUG c.h.p.o.dependants.PodInfoConfigMap - [helmupgr] Desired PodInfo ConfigMap (metrics port: 9399) (metrics path: /)
2025-01-29 13:44:48,465 INFO c.h.h.t.HelmChartContainer - [hivemq-test-hivemq-platform] [hivemq-platform-operator] [871bd395] 13:44:48.462 [pool-6-thread-9] DEBUG c.h.p.o.dependants.PodInfoConfigMap - [helmupgr] Desired PodInfo ConfigMap (extension state hash: 1557251680)
2025-01-29 13:44:48,465 INFO c.h.h.t.HelmChartContainer - [hivemq-test-hivemq-platform] [hivemq-platform-operator] [871bd395] 13:44:48.462 [pool-6-thread-9] DEBUG c.h.p.o.d.PodServiceAccountResource - [helmupgr] Desired PodServiceAccountResource (serviceAccountName: hivemq-platform-pod-test-hivemq-platform)
2025-01-29 13:44:48,468 INFO c.h.h.t.HelmChartContainer - [POD] test-hivemq-platform-0 [33d5ece7-ec9f-4c13-935b-8a3f253c287a] in helmupgradeextensionit was DELETED
2025-01-29 13:44:48,472 INFO c.h.h.t.HelmChartContainer - [hivemq-test-hivemq-platform] [hivemq-platform-operator] [871bd395] 13:44:48.466 [pool-6-thread-2] DEBUG c.h.p.o.d.PlatformServiceResource - [helmupgr] Desired Platform services (3 services)
2025-01-29 13:44:48,475 INFO c.h.h.t.HelmChartContainer - [hivemq-test-hivemq-platform] [hivemq-platform-operator] [871bd395] 13:44:48.472 [pool-6-thread-2] DEBUG c.h.p.o.d.StatefulSetResource - [helmupgr] Desired StatefulSet (2 replicas) for status ROLLING_RESTART (RESTART_PODS_IN_PROGRESS)
2025-01-29 13:44:48,479 INFO c.h.h.t.HelmChartContainer - [hivemq-test-hivemq-platform] [hivemq-platform-operator] [871bd395] 13:44:48.476 [ReconcilerExecutor-hivemq-controller-144] INFO  c.h.p.o.HiveMQPlatformReconciler - [helmupgr] Reconciling HiveMQ Platform 'test-hivemq-platform' in namespace 'helmupgradeextensionit'
2025-01-29 13:44:48,479 INFO c.h.h.t.HelmChartContainer - [hivemq-test-hivemq-platform] [hivemq-platform-operator] [871bd395] 13:44:48.476 [ReconcilerExecutor-hivemq-controller-144] DEBUG c.h.p.o.HiveMQPlatformReconciler - [helmupgr] Custom Resource Status ROLLING_RESTART - HiveMQ Platform is restarting Pods (rolling restart) (RESTART_PODS_IN_PROGRESS)
2025-01-29 13:44:48,479 INFO c.h.h.t.HelmChartContainer - [hivemq-test-hivemq-platform] [hivemq-platform-operator] [871bd395] 13:44:48.476 [ReconcilerExecutor-hivemq-controller-144] DEBUG c.h.p.o.HiveMQPlatformReconciler - [helmupgr] Custom Resource Spec (replicas: 1) (extensions: 1)
2025-01-29 13:44:48,480 INFO c.h.h.t.HelmChartContainer - [hivemq-test-hivemq-platform] [hivemq-platform-operator] [871bd395] 13:44:48.478 [ReconcilerExecutor-hivemq-controller-144] DEBUG c.h.p.o.HiveMQPlatformReconciler - [helmupgr] StatefulSet Status (revision: test-hivemq-platform-7c6d7d4d7b, replicas: 2, available: 1, ready: 1, current: 0, updated: 1)
2025-01-29 13:44:48,480 INFO c.h.h.t.HelmChartContainer - [hivemq-test-hivemq-platform] [hivemq-platform-operator] [871bd395] 13:44:48.478 [ReconcilerExecutor-hivemq-controller-144] DEBUG c.h.p.o.HiveMQPlatformReconciler - [helmupgr] StatefulSet Spec (replicas: 2, init containers: 1, containers: 1, volumes: 4)
2025-01-29 13:44:48,480 INFO c.h.h.t.HelmChartContainer - [hivemq-test-hivemq-platform] [hivemq-platform-operator] [871bd395] 13:44:48.479 [ReconcilerExecutor-hivemq-controller-144] DEBUG c.h.p.o.h.HiveMQPlatformReconcilerErrorHandler - [helmupgr] Pod 'test-hivemq-platform-1' phase Running
2025-01-29 13:44:48,482 INFO c.h.h.t.HelmChartContainer - [hivemq-test-hivemq-platform] [hivemq-platform-operator] [871bd395] 13:44:48.481 [ReconcilerExecutor-hivemq-controller-144] DEBUG c.h.p.o.h.HiveMQPlatformReconcilerRollingRestartHandler - [helmupgr] Rolling restart is waiting for 1 of 2 replicas
2025-01-29 13:44:48,490 INFO c.h.h.t.HelmChartContainer - [POD] test-hivemq-platform-0 [9cad9261-1226-43ba-b870-6eb12ef9cabe] in helmupgradeextensionit was ADDED
2025-01-29 13:44:48,500 INFO c.h.h.t.HelmChartContainer - [POD] test-hivemq-platform-0 [9cad9261-1226-43ba-b870-6eb12ef9cabe] in helmupgradeextensionit was MODIFIED
2025-01-29 13:44:48,501 INFO c.h.h.t.HelmChartContainer - [EVENT] Normal [Scheduled] Successfully assigned helmupgradeextensionit/test-hivemq-platform-0 to 41e0b4b2959d [helmupgradeextensionit:test-hivemq-platform-0]
2025-01-29 13:44:48,504 INFO c.h.h.t.HelmChartContainer - [K3S] [memory_manager.go:355] "RemoveStaleState removing state" podUID="33d5ece7-ec9f-4c13-935b-8a3f253c287a" containerName="hivemq"
2025-01-29 13:44:48,512 INFO c.h.h.t.HelmChartContainer - [EVENT] Normal [SuccessfulCreate] create Pod test-hivemq-platform-0 in StatefulSet test-hivemq-platform successful [helmupgradeextensionit:test-hivemq-platform]
2025-01-29 13:44:48,521 INFO c.h.h.t.HelmChartContainer - [POD] test-hivemq-platform-0 [9cad9261-1226-43ba-b870-6eb12ef9cabe] in helmupgradeextensionit was MODIFIED
2025-01-29 13:44:48,545 INFO c.h.h.t.HelmChartContainer - [hivemq-test-hivemq-platform] [hivemq-platform-operator] [871bd395] 13:44:48.537 [pool-6-thread-19] DEBUG c.h.p.o.d.PlatformServiceResource - [helmupgr] Desired Platform services (3 services)
2025-01-29 13:44:48,546 INFO c.h.h.t.HelmChartContainer - [hivemq-test-hivemq-platform] [hivemq-platform-operator] [871bd395] 13:44:48.543 [pool-6-thread-20] DEBUG c.h.p.o.d.PodServiceAccountResource - [helmupgr] Desired PodServiceAccountResource (serviceAccountName: hivemq-platform-pod-test-hivemq-platform)
2025-01-29 13:44:48,547 INFO c.h.h.t.HelmChartContainer - [hivemq-test-hivemq-platform] [hivemq-platform-operator] [871bd395] 13:44:48.545 [pool-6-thread-19] DEBUG c.h.p.o.dependants.PodInfoConfigMap - [helmupgr] Desired PodInfo ConfigMap (1 extensions) (1 enabled)
2025-01-29 13:44:48,547 INFO c.h.h.t.HelmChartContainer - [hivemq-test-hivemq-platform] [hivemq-platform-operator] [871bd395] 13:44:48.545 [pool-6-thread-19] DEBUG c.h.p.o.dependants.PodInfoConfigMap - [helmupgr] Desired PodInfo ConfigMap (metrics port: 9399) (metrics path: /)
2025-01-29 13:44:48,547 INFO c.h.h.t.HelmChartContainer - [hivemq-test-hivemq-platform] [hivemq-platform-operator] [871bd395] 13:44:48.545 [pool-6-thread-19] DEBUG c.h.p.o.dependants.PodInfoConfigMap - [helmupgr] Desired PodInfo ConfigMap (extension state hash: 1557251680)
2025-01-29 13:44:48,553 INFO c.h.h.t.HelmChartContainer - [hivemq-test-hivemq-platform] [hivemq-platform-operator] [871bd395] 13:44:48.551 [pool-6-thread-19] DEBUG c.h.p.o.d.StatefulSetResource - [helmupgr] Desired StatefulSet (2 replicas) for status ROLLING_RESTART (RESTART_PODS_IN_PROGRESS)
2025-01-29 13:44:48,561 INFO c.h.h.t.HelmChartContainer - [hivemq-test-hivemq-platform] [hivemq-platform-operator] [871bd395] 13:44:48.558 [ReconcilerExecutor-hivemq-controller-145] INFO  c.h.p.o.HiveMQPlatformReconciler - [helmupgr] Reconciling HiveMQ Platform 'test-hivemq-platform' in namespace 'helmupgradeextensionit'
2025-01-29 13:44:48,562 INFO c.h.h.t.HelmChartContainer - [hivemq-test-hivemq-platform] [hivemq-platform-operator] [871bd395] 13:44:48.559 [ReconcilerExecutor-hivemq-controller-145] DEBUG c.h.p.o.HiveMQPlatformReconciler - [helmupgr] Custom Resource Status ROLLING_RESTART - HiveMQ Platform is restarting Pods (rolling restart) (RESTART_PODS_IN_PROGRESS)
2025-01-29 13:44:48,562 INFO c.h.h.t.HelmChartContainer - [hivemq-test-hivemq-platform] [hivemq-platform-operator] [871bd395] 13:44:48.559 [ReconcilerExecutor-hivemq-controller-145] DEBUG c.h.p.o.HiveMQPlatformReconciler - [helmupgr] Custom Resource Spec (replicas: 1) (extensions: 1)
2025-01-29 13:44:48,562 INFO c.h.h.t.HelmChartContainer - [hivemq-test-hivemq-platform] [hivemq-platform-operator] [871bd395] 13:44:48.561 [ReconcilerExecutor-hivemq-controller-145] DEBUG c.h.p.o.HiveMQPlatformReconciler - [helmupgr] StatefulSet Status (revision: test-hivemq-platform-7c6d7d4d7b, replicas: 2, available: 1, ready: 1, current: 0, updated: 2)
2025-01-29 13:44:48,562 INFO c.h.h.t.HelmChartContainer - [hivemq-test-hivemq-platform] [hivemq-platform-operator] [871bd395] 13:44:48.561 [ReconcilerExecutor-hivemq-controller-145] DEBUG c.h.p.o.HiveMQPlatformReconciler - [helmupgr] StatefulSet Spec (replicas: 2, init containers: 1, containers: 1, volumes: 4)
2025-01-29 13:44:48,634 INFO c.h.h.t.HelmChartContainer - [K3S] [reconciler_common.go:251] "operationExecutor.VerifyControllerAttachedVolume started for volume \"kube-api-access-nflh4\" (UniqueName: \"kubernetes.io/projected/9cad9261-1226-43ba-b870-6eb12ef9cabe-kube-api-access-nflh4\") pod \"test-hivemq-platform-0\" (UID: \"9cad9261-1226-43ba-b870-6eb12ef9cabe\") " pod="helmupgradeextensionit/test-hivemq-platform-0"
2025-01-29 13:44:48,634 INFO c.h.h.t.HelmChartContainer - [K3S] [reconciler_common.go:251] "operationExecutor.VerifyControllerAttachedVolume started for volume \"broker-configuration\" (UniqueName: \"kubernetes.io/configmap/9cad9261-1226-43ba-b870-6eb12ef9cabe-broker-configuration\") pod \"test-hivemq-platform-0\" (UID: \"9cad9261-1226-43ba-b870-6eb12ef9cabe\") " pod="helmupgradeextensionit/test-hivemq-platform-0"
2025-01-29 13:44:48,634 INFO c.h.h.t.HelmChartContainer - [K3S] [reconciler_common.go:251] "operationExecutor.VerifyControllerAttachedVolume started for volume \"extension-configuration-hivemq-bridge-extension\" (UniqueName: \"kubernetes.io/configmap/9cad9261-1226-43ba-b870-6eb12ef9cabe-extension-configuration-hivemq-bridge-extension\") pod \"test-hivemq-platform-0\" (UID: \"9cad9261-1226-43ba-b870-6eb12ef9cabe\") " pod="helmupgradeextensionit/test-hivemq-platform-0"
2025-01-29 13:44:48,634 INFO c.h.h.t.HelmChartContainer - [K3S] [reconciler_common.go:251] "operationExecutor.VerifyControllerAttachedVolume started for volume \"operator-init\" (UniqueName: \"kubernetes.io/empty-dir/9cad9261-1226-43ba-b870-6eb12ef9cabe-operator-init\") pod \"test-hivemq-platform-0\" (UID: \"9cad9261-1226-43ba-b870-6eb12ef9cabe\") " pod="helmupgradeextensionit/test-hivemq-platform-0"
2025-01-29 13:44:48,634 INFO c.h.h.t.HelmChartContainer - [K3S] [reconciler_common.go:251] "operationExecutor.VerifyControllerAttachedVolume started for volume \"pod-info\" (UniqueName: \"kubernetes.io/configmap/9cad9261-1226-43ba-b870-6eb12ef9cabe-pod-info\") pod \"test-hivemq-platform-0\" (UID: \"9cad9261-1226-43ba-b870-6eb12ef9cabe\") " pod="helmupgradeextensionit/test-hivemq-platform-0"
2025-01-29 13:44:48,638 INFO c.h.h.t.HelmChartContainer - [hivemq-test-hivemq-platform] [hivemq-platform-operator] [871bd395] 13:44:48.637 [ReconcilerExecutor-hivemq-controller-145] DEBUG c.h.p.o.h.HiveMQPlatformReconcilerErrorHandler - [helmupgr] Pod 'test-hivemq-platform-1' phase Running
2025-01-29 13:44:48,641 INFO c.h.h.t.HelmChartContainer - [hivemq-test-hivemq-platform] [hivemq-platform-operator] [871bd395] 13:44:48.638 [ReconcilerExecutor-hivemq-controller-145] DEBUG c.h.p.o.h.HiveMQPlatformReconcilerErrorHandler - [helmupgr] Pod 'test-hivemq-platform-0' phase Pending
2025-01-29 13:44:48,641 INFO c.h.h.t.HelmChartContainer - [hivemq-test-hivemq-platform] [hivemq-platform-operator] [871bd395] 13:44:48.638 [ReconcilerExecutor-hivemq-controller-145] DEBUG c.h.p.o.h.HiveMQPlatformReconcilerErrorHandler - [helmupgr] Pod 'test-hivemq-platform-0' condition 'PodReadyToStartContainers': False
2025-01-29 13:44:48,641 INFO c.h.h.t.HelmChartContainer - [hivemq-test-hivemq-platform] [hivemq-platform-operator] [871bd395] 13:44:48.639 [ReconcilerExecutor-hivemq-controller-145] DEBUG c.h.p.o.h.HiveMQPlatformReconcilerErrorHandler - [helmupgr] Pod 'test-hivemq-platform-0' condition 'Initialized': False
2025-01-29 13:44:48,641 INFO c.h.h.t.HelmChartContainer - [hivemq-test-hivemq-platform] [hivemq-platform-operator] [871bd395] 13:44:48.639 [ReconcilerExecutor-hivemq-controller-145] DEBUG c.h.p.o.h.HiveMQPlatformReconcilerErrorHandler - [helmupgr] Pod 'test-hivemq-platform-0' condition 'Ready': False
2025-01-29 13:44:48,641 INFO c.h.h.t.HelmChartContainer - [hivemq-test-hivemq-platform] [hivemq-platform-operator] [871bd395] 13:44:48.639 [ReconcilerExecutor-hivemq-controller-145] DEBUG c.h.p.o.h.HiveMQPlatformReconcilerErrorHandler - [helmupgr] Pod 'test-hivemq-platform-0' condition 'ContainersReady': False
2025-01-29 13:44:48,641 INFO c.h.h.t.HelmChartContainer - [hivemq-test-hivemq-platform] [hivemq-platform-operator] [871bd395] 13:44:48.639 [ReconcilerExecutor-hivemq-controller-145] DEBUG c.h.p.o.h.HiveMQPlatformReconcilerErrorHandler - [helmupgr] Pod 'test-hivemq-platform-0' condition 'PodScheduled': True
2025-01-29 13:44:48,641 INFO c.h.h.t.HelmChartContainer - [hivemq-test-hivemq-platform] [hivemq-platform-operator] [871bd395] 13:44:48.639 [ReconcilerExecutor-hivemq-controller-145] DEBUG c.h.p.o.h.HiveMQPlatformReconcilerErrorHandler - [helmupgr] Pod 'test-hivemq-platform-0' containerStatus 'hivemq' (started: false) (ready: false) (waiting: [PodInitializing] null)
2025-01-29 13:44:48,641 INFO c.h.h.t.HelmChartContainer - [hivemq-test-hivemq-platform] [hivemq-platform-operator] [871bd395] 13:44:48.639 [ReconcilerExecutor-hivemq-controller-145] DEBUG c.h.p.o.h.HiveMQPlatformReconcilerRollingRestartHandler - [helmupgr] Rolling restart is waiting for 1 of 2 replicas
2025-01-29 13:44:48,653 INFO c.h.h.t.HelmChartContainer - [hivemq-test-hivemq-platform] [hivemq-platform-operator] [871bd395] 13:44:48.646 [pool-6-thread-21] DEBUG c.h.p.o.d.PlatformServiceResource - [helmupgr] Desired Platform services (3 services)
2025-01-29 13:44:48,653 INFO c.h.h.t.HelmChartContainer - [hivemq-test-hivemq-platform] [hivemq-platform-operator] [871bd395] 13:44:48.649 [pool-6-thread-26] DEBUG c.h.p.o.d.PodServiceAccountResource - [helmupgr] Desired PodServiceAccountResource (serviceAccountName: hivemq-platform-pod-test-hivemq-platform)
2025-01-29 13:44:48,653 INFO c.h.h.t.HelmChartContainer - [hivemq-test-hivemq-platform] [hivemq-platform-operator] [871bd395] 13:44:48.648 [pool-6-thread-25] DEBUG c.h.p.o.dependants.PodInfoConfigMap - [helmupgr] Desired PodInfo ConfigMap (1 extensions) (1 enabled)
2025-01-29 13:44:48,653 INFO c.h.h.t.HelmChartContainer - [hivemq-test-hivemq-platform] [hivemq-platform-operator] [871bd395] 13:44:48.652 [pool-6-thread-25] DEBUG c.h.p.o.dependants.PodInfoConfigMap - [helmupgr] Desired PodInfo ConfigMap (metrics port: 9399) (metrics path: /)
2025-01-29 13:44:48,653 INFO c.h.h.t.HelmChartContainer - [hivemq-test-hivemq-platform] [hivemq-platform-operator] [871bd395] 13:44:48.652 [pool-6-thread-25] DEBUG c.h.p.o.dependants.PodInfoConfigMap - [helmupgr] Desired PodInfo ConfigMap (extension state hash: 1557251680)
2025-01-29 13:44:48,657 INFO c.h.h.t.HelmChartContainer - [hivemq-test-hivemq-platform] [hivemq-platform-operator] [871bd395] 13:44:48.656 [pool-6-thread-25] DEBUG c.h.p.o.d.StatefulSetResource - [helmupgr] Desired StatefulSet (2 replicas) for status ROLLING_RESTART (RESTART_PODS_IN_PROGRESS)
2025-01-29 13:44:48,738 INFO c.h.h.t.HelmChartContainer - [hivemq-test-hivemq-platform] [hivemq-platform-operator] [871bd395] 13:44:48.737 [ReconcilerExecutor-hivemq-controller-147] INFO  c.h.p.o.HiveMQPlatformReconciler - [helmupgr] Reconciling HiveMQ Platform 'test-hivemq-platform' in namespace 'helmupgradeextensionit'
2025-01-29 13:44:48,738 INFO c.h.h.t.HelmChartContainer - [hivemq-test-hivemq-platform] [hivemq-platform-operator] [871bd395] 13:44:48.737 [ReconcilerExecutor-hivemq-controller-147] DEBUG c.h.p.o.HiveMQPlatformReconciler - [helmupgr] Custom Resource Status ROLLING_RESTART - HiveMQ Platform is restarting Pods (rolling restart) (RESTART_PODS_IN_PROGRESS)
2025-01-29 13:44:48,738 INFO c.h.h.t.HelmChartContainer - [hivemq-test-hivemq-platform] [hivemq-platform-operator] [871bd395] 13:44:48.737 [ReconcilerExecutor-hivemq-controller-147] DEBUG c.h.p.o.HiveMQPlatformReconciler - [helmupgr] Custom Resource Spec (replicas: 1) (extensions: 1)
2025-01-29 13:44:48,742 INFO c.h.h.t.HelmChartContainer - [hivemq-test-hivemq-platform] [hivemq-platform-operator] [871bd395] 13:44:48.738 [ReconcilerExecutor-hivemq-controller-147] DEBUG c.h.p.o.HiveMQPlatformReconciler - [helmupgr] StatefulSet Status (revision: test-hivemq-platform-7c6d7d4d7b, replicas: 2, available: 1, ready: 1, current: 0, updated: 2)
2025-01-29 13:44:48,742 INFO c.h.h.t.HelmChartContainer - [hivemq-test-hivemq-platform] [hivemq-platform-operator] [871bd395] 13:44:48.738 [ReconcilerExecutor-hivemq-controller-147] DEBUG c.h.p.o.HiveMQPlatformReconciler - [helmupgr] StatefulSet Spec (replicas: 2, init containers: 1, containers: 1, volumes: 4)
2025-01-29 13:44:48,742 INFO c.h.h.t.HelmChartContainer - [hivemq-test-hivemq-platform] [hivemq-platform-operator] [871bd395] 13:44:48.740 [ReconcilerExecutor-hivemq-controller-147] DEBUG c.h.p.o.h.HiveMQPlatformReconcilerErrorHandler - [helmupgr] Pod 'test-hivemq-platform-1' phase Running
2025-01-29 13:44:48,743 INFO c.h.h.t.HelmChartContainer - [hivemq-test-hivemq-platform] [hivemq-platform-operator] [871bd395] 13:44:48.741 [ReconcilerExecutor-hivemq-controller-147] DEBUG c.h.p.o.h.HiveMQPlatformReconcilerErrorHandler - [helmupgr] Pod 'test-hivemq-platform-0' phase Pending
2025-01-29 13:44:48,743 INFO c.h.h.t.HelmChartContainer - [hivemq-test-hivemq-platform] [hivemq-platform-operator] [871bd395] 13:44:48.741 [ReconcilerExecutor-hivemq-controller-147] DEBUG c.h.p.o.h.HiveMQPlatformReconcilerErrorHandler - [helmupgr] Pod 'test-hivemq-platform-0' condition 'PodReadyToStartContainers': False
2025-01-29 13:44:48,743 INFO c.h.h.t.HelmChartContainer - [hivemq-test-hivemq-platform] [hivemq-platform-operator] [871bd395] 13:44:48.741 [ReconcilerExecutor-hivemq-controller-147] DEBUG c.h.p.o.h.HiveMQPlatformReconcilerErrorHandler - [helmupgr] Pod 'test-hivemq-platform-0' condition 'Initialized': False
2025-01-29 13:44:48,743 INFO c.h.h.t.HelmChartContainer - [hivemq-test-hivemq-platform] [hivemq-platform-operator] [871bd395] 13:44:48.741 [ReconcilerExecutor-hivemq-controller-147] DEBUG c.h.p.o.h.HiveMQPlatformReconcilerErrorHandler - [helmupgr] Pod 'test-hivemq-platform-0' condition 'Ready': False
2025-01-29 13:44:48,743 INFO c.h.h.t.HelmChartContainer - [hivemq-test-hivemq-platform] [hivemq-platform-operator] [871bd395] 13:44:48.741 [ReconcilerExecutor-hivemq-controller-147] DEBUG c.h.p.o.h.HiveMQPlatformReconcilerErrorHandler - [helmupgr] Pod 'test-hivemq-platform-0' condition 'ContainersReady': False
2025-01-29 13:44:48,743 INFO c.h.h.t.HelmChartContainer - [hivemq-test-hivemq-platform] [hivemq-platform-operator] [871bd395] 13:44:48.741 [ReconcilerExecutor-hivemq-controller-147] DEBUG c.h.p.o.h.HiveMQPlatformReconcilerErrorHandler - [helmupgr] Pod 'test-hivemq-platform-0' condition 'PodScheduled': True
2025-01-29 13:44:48,743 INFO c.h.h.t.HelmChartContainer - [hivemq-test-hivemq-platform] [hivemq-platform-operator] [871bd395] 13:44:48.741 [ReconcilerExecutor-hivemq-controller-147] DEBUG c.h.p.o.h.HiveMQPlatformReconcilerErrorHandler - [helmupgr] Pod 'test-hivemq-platform-0' containerStatus 'hivemq' (started: false) (ready: false) (waiting: [PodInitializing] null)
2025-01-29 13:44:48,743 INFO c.h.h.t.HelmChartContainer - [hivemq-test-hivemq-platform] [hivemq-platform-operator] [871bd395] 13:44:48.742 [ReconcilerExecutor-hivemq-controller-147] DEBUG c.h.p.o.h.HiveMQPlatformReconcilerRollingRestartHandler - [helmupgr] Rolling restart is waiting for 1 of 2 replicas
2025-01-29 13:44:48,905 INFO c.h.h.t.HelmChartContainer - [EVENT] Normal [Pulled] Container image "docker.io/hivemq/hivemq-platform-operator-init-test:snapshot" already present on machine [helmupgradeextensionit:test-hivemq-platform-0]
2025-01-29 13:44:48,910 INFO c.h.h.t.HelmChartContainer - [EVENT] Normal [Created] Created container: hivemq-platform-operator-init [helmupgradeextensionit:test-hivemq-platform-0]
2025-01-29 13:44:48,948 INFO c.h.h.t.HelmChartContainer - [EVENT] Normal [Started] Started container hivemq-platform-operator-init [helmupgradeextensionit:test-hivemq-platform-0]
2025-01-29 13:44:49,142 INFO c.h.h.t.HelmChartContainer - [EVENT] Normal [Pulled] Container image "docker.io/hivemq/hivemq4:4.36.0" already present on machine [helmupgradeextensionit:test-hivemq-platform-0]
2025-01-29 13:44:49,142 INFO c.h.h.t.HelmChartContainer - Received Pulled event for container hivemq in pod test-hivemq-platform-0 [9cad9261-1226-43ba-b870-6eb12ef9cabe]
2025-01-29 13:44:49,154 INFO c.h.h.t.HelmChartContainer - [POD] test-hivemq-platform-0 [9cad9261-1226-43ba-b870-6eb12ef9cabe] in helmupgradeextensionit was MODIFIED
2025-01-29 13:44:49,163 INFO c.h.h.t.HelmChartContainer - [hivemq-test-hivemq-platform] [hivemq-platform-operator] [871bd395] 13:44:49.158 [pool-6-thread-33] DEBUG c.h.p.o.d.PlatformServiceResource - [helmupgr] Desired Platform services (3 services)
2025-01-29 13:44:49,167 INFO c.h.h.t.HelmChartContainer - [hivemq-test-hivemq-platform] [hivemq-platform-operator] [871bd395] 13:44:49.162 [pool-6-thread-37] DEBUG c.h.p.o.dependants.PodInfoConfigMap - [helmupgr] Desired PodInfo ConfigMap (1 extensions) (1 enabled)
2025-01-29 13:44:49,167 INFO c.h.h.t.HelmChartContainer - [hivemq-test-hivemq-platform] [hivemq-platform-operator] [871bd395] 13:44:49.163 [pool-6-thread-37] DEBUG c.h.p.o.dependants.PodInfoConfigMap - [helmupgr] Desired PodInfo ConfigMap (metrics port: 9399) (metrics path: /)
2025-01-29 13:44:49,167 INFO c.h.h.t.HelmChartContainer - [hivemq-test-hivemq-platform] [hivemq-platform-operator] [871bd395] 13:44:49.163 [pool-6-thread-37] DEBUG c.h.p.o.dependants.PodInfoConfigMap - [helmupgr] Desired PodInfo ConfigMap (extension state hash: 1557251680)
2025-01-29 13:44:49,167 INFO c.h.h.t.HelmChartContainer - [hivemq-test-hivemq-platform] [hivemq-platform-operator] [871bd395] 13:44:49.163 [pool-6-thread-38] DEBUG c.h.p.o.d.PodServiceAccountResource - [helmupgr] Desired PodServiceAccountResource (serviceAccountName: hivemq-platform-pod-test-hivemq-platform)
2025-01-29 13:44:49,171 INFO c.h.h.t.HelmChartContainer - [EVENT] Normal [Created] Created container: hivemq [helmupgradeextensionit:test-hivemq-platform-0]
2025-01-29 13:44:49,172 INFO c.h.h.t.HelmChartContainer - Received Created event for container hivemq in pod test-hivemq-platform-0 [9cad9261-1226-43ba-b870-6eb12ef9cabe]
2025-01-29 13:44:49,179 INFO c.h.h.t.HelmChartContainer - [hivemq-test-hivemq-platform] [hivemq-platform-operator] [871bd395] 13:44:49.169 [pool-6-thread-33] DEBUG c.h.p.o.d.StatefulSetResource - [helmupgr] Desired StatefulSet (2 replicas) for status ROLLING_RESTART (RESTART_PODS_IN_PROGRESS)
2025-01-29 13:44:49,180 INFO c.h.h.t.HelmChartContainer - [hivemq-test-hivemq-platform] [hivemq-platform-operator] [871bd395] 13:44:49.177 [ReconcilerExecutor-hivemq-controller-148] INFO  c.h.p.o.HiveMQPlatformReconciler - [helmupgr] Reconciling HiveMQ Platform 'test-hivemq-platform' in namespace 'helmupgradeextensionit'
2025-01-29 13:44:49,180 INFO c.h.h.t.HelmChartContainer - [hivemq-test-hivemq-platform] [hivemq-platform-operator] [871bd395] 13:44:49.177 [ReconcilerExecutor-hivemq-controller-148] DEBUG c.h.p.o.HiveMQPlatformReconciler - [helmupgr] Custom Resource Status ROLLING_RESTART - HiveMQ Platform is restarting Pods (rolling restart) (RESTART_PODS_IN_PROGRESS)
2025-01-29 13:44:49,184 INFO c.h.h.t.HelmChartContainer - [hivemq-test-hivemq-platform] [hivemq-platform-operator] [871bd395] 13:44:49.177 [ReconcilerExecutor-hivemq-controller-148] DEBUG c.h.p.o.HiveMQPlatformReconciler - [helmupgr] Custom Resource Spec (replicas: 1) (extensions: 1)
2025-01-29 13:44:49,184 INFO c.h.h.t.HelmChartContainer - [hivemq-test-hivemq-platform] [hivemq-platform-operator] [871bd395] 13:44:49.180 [ReconcilerExecutor-hivemq-controller-148] DEBUG c.h.p.o.HiveMQPlatformReconciler - [helmupgr] StatefulSet Status (revision: test-hivemq-platform-7c6d7d4d7b, replicas: 2, available: 1, ready: 1, current: 0, updated: 2)
2025-01-29 13:44:49,184 INFO c.h.h.t.HelmChartContainer - [hivemq-test-hivemq-platform] [hivemq-platform-operator] [871bd395] 13:44:49.180 [ReconcilerExecutor-hivemq-controller-148] DEBUG c.h.p.o.HiveMQPlatformReconciler - [helmupgr] StatefulSet Spec (replicas: 2, init containers: 1, containers: 1, volumes: 4)
2025-01-29 13:44:49,188 INFO c.h.h.t.HelmChartContainer - [hivemq-test-hivemq-platform] [hivemq-platform-operator] [871bd395] 13:44:49.181 [ReconcilerExecutor-hivemq-controller-148] DEBUG c.h.p.o.h.HiveMQPlatformReconcilerErrorHandler - [helmupgr] Pod 'test-hivemq-platform-1' phase Running
2025-01-29 13:44:49,188 INFO c.h.h.t.HelmChartContainer - [hivemq-test-hivemq-platform] [hivemq-platform-operator] [871bd395] 13:44:49.183 [ReconcilerExecutor-hivemq-controller-148] DEBUG c.h.p.o.h.HiveMQPlatformReconcilerErrorHandler - [helmupgr] Pod 'test-hivemq-platform-0' phase Pending
2025-01-29 13:44:49,188 INFO c.h.h.t.HelmChartContainer - [hivemq-test-hivemq-platform] [hivemq-platform-operator] [871bd395] 13:44:49.185 [ReconcilerExecutor-hivemq-controller-148] DEBUG c.h.p.o.h.HiveMQPlatformReconcilerErrorHandler - [helmupgr] Pod 'test-hivemq-platform-0' condition 'PodReadyToStartContainers': True
2025-01-29 13:44:49,188 INFO c.h.h.t.HelmChartContainer - [hivemq-test-hivemq-platform] [hivemq-platform-operator] [871bd395] 13:44:49.185 [ReconcilerExecutor-hivemq-controller-148] DEBUG c.h.p.o.h.HiveMQPlatformReconcilerErrorHandler - [helmupgr] Pod 'test-hivemq-platform-0' condition 'Initialized': True
2025-01-29 13:44:49,188 INFO c.h.h.t.HelmChartContainer - [hivemq-test-hivemq-platform] [hivemq-platform-operator] [871bd395] 13:44:49.186 [ReconcilerExecutor-hivemq-controller-148] DEBUG c.h.p.o.h.HiveMQPlatformReconcilerErrorHandler - [helmupgr] Pod 'test-hivemq-platform-0' condition 'Ready': False
2025-01-29 13:44:49,188 INFO c.h.h.t.HelmChartContainer - [hivemq-test-hivemq-platform] [hivemq-platform-operator] [871bd395] 13:44:49.186 [ReconcilerExecutor-hivemq-controller-148] DEBUG c.h.p.o.h.HiveMQPlatformReconcilerErrorHandler - [helmupgr] Pod 'test-hivemq-platform-0' condition 'ContainersReady': False
2025-01-29 13:44:49,188 INFO c.h.h.t.HelmChartContainer - [hivemq-test-hivemq-platform] [hivemq-platform-operator] [871bd395] 13:44:49.186 [ReconcilerExecutor-hivemq-controller-148] DEBUG c.h.p.o.h.HiveMQPlatformReconcilerErrorHandler - [helmupgr] Pod 'test-hivemq-platform-0' condition 'PodScheduled': True
2025-01-29 13:44:49,188 INFO c.h.h.t.HelmChartContainer - [hivemq-test-hivemq-platform] [hivemq-platform-operator] [871bd395] 13:44:49.186 [ReconcilerExecutor-hivemq-controller-148] DEBUG c.h.p.o.h.HiveMQPlatformReconcilerErrorHandler - [helmupgr] Pod 'test-hivemq-platform-0' containerStatus 'hivemq' (started: false) (ready: false) (waiting: [PodInitializing] null)
2025-01-29 13:44:49,188 INFO c.h.h.t.HelmChartContainer - [hivemq-test-hivemq-platform] [hivemq-platform-operator] [871bd395] 13:44:49.186 [ReconcilerExecutor-hivemq-controller-148] DEBUG c.h.p.o.h.HiveMQPlatformReconcilerRollingRestartHandler - [helmupgr] Rolling restart is waiting for 1 of 2 replicas
2025-01-29 13:44:49,437 INFO c.h.h.t.HelmChartContainer - [K3S] [kubelet_volumes.go:163] "Cleaned up orphaned pod volumes dir" podUID="33d5ece7-ec9f-4c13-935b-8a3f253c287a" path="/var/lib/kubelet/pods/33d5ece7-ec9f-4c13-935b-8a3f253c287a/volumes"
2025-01-29 13:44:50,151 INFO c.h.h.t.HelmChartContainer - [POD] test-hivemq-platform-0 [9cad9261-1226-43ba-b870-6eb12ef9cabe] in helmupgradeextensionit was MODIFIED
2025-01-29 13:44:50,159 INFO c.h.h.t.HelmChartContainer - [hivemq-test-hivemq-platform] [hivemq-platform-operator] [871bd395] 13:44:50.157 [pool-6-thread-43] DEBUG c.h.p.o.d.PlatformServiceResource - [helmupgr] Desired Platform services (3 services)
2025-01-29 13:44:50,159 INFO c.h.h.t.HelmChartContainer - [hivemq-test-hivemq-platform] [hivemq-platform-operator] [871bd395] 13:44:50.157 [pool-6-thread-41] DEBUG c.h.p.o.dependants.PodInfoConfigMap - [helmupgr] Desired PodInfo ConfigMap (1 extensions) (1 enabled)
2025-01-29 13:44:50,159 INFO c.h.h.t.HelmChartContainer - [hivemq-test-hivemq-platform] [hivemq-platform-operator] [871bd395] 13:44:50.157 [pool-6-thread-41] DEBUG c.h.p.o.dependants.PodInfoConfigMap - [helmupgr] Desired PodInfo ConfigMap (metrics port: 9399) (metrics path: /)
2025-01-29 13:44:50,159 INFO c.h.h.t.HelmChartContainer - [hivemq-test-hivemq-platform] [hivemq-platform-operator] [871bd395] 13:44:50.157 [pool-6-thread-41] DEBUG c.h.p.o.dependants.PodInfoConfigMap - [helmupgr] Desired PodInfo ConfigMap (extension state hash: 1557251680)
2025-01-29 13:44:50,160 INFO c.h.h.t.HelmChartContainer - [EVENT] Normal [Started] Started container hivemq [helmupgradeextensionit:test-hivemq-platform-0]
2025-01-29 13:44:50,161 INFO c.h.h.t.HelmChartContainer - Received Started event for container hivemq in pod test-hivemq-platform-0 [9cad9261-1226-43ba-b870-6eb12ef9cabe]
2025-01-29 13:44:50,161 INFO c.h.h.t.HelmChartContainer - Started log watcher for hivemq in pod test-hivemq-platform-0 [9cad9261-1226-43ba-b870-6eb12ef9cabe]
2025-01-29 13:44:50,162 INFO c.h.h.t.HelmChartContainer - [hivemq-test-hivemq-platform] [hivemq-platform-operator] [871bd395] 13:44:50.158 [pool-6-thread-49] DEBUG c.h.p.o.d.PodServiceAccountResource - [helmupgr] Desired PodServiceAccountResource (serviceAccountName: hivemq-platform-pod-test-hivemq-platform)
2025-01-29 13:44:50,162 INFO c.h.h.t.HelmChartContainer - [test-hivemq-platform] [hivemq] [9cad9261] Adding pre-installed HiveMQ Platform Operator extensions
2025-01-29 13:44:50,162 INFO c.h.h.t.HelmChartContainer - [test-hivemq-platform] [hivemq] [9cad9261] Running as user 10000
2025-01-29 13:44:50,162 INFO c.h.h.t.HelmChartContainer - [test-hivemq-platform] [hivemq] [9cad9261] Starting HiveMQ Platform Operator Init
2025-01-29 13:44:50,164 INFO c.h.h.t.HelmChartContainer - [hivemq-test-hivemq-platform] [hivemq-platform-operator] [871bd395] 13:44:50.163 [pool-6-thread-43] DEBUG c.h.p.o.d.StatefulSetResource - [helmupgr] Desired StatefulSet (2 replicas) for status ROLLING_RESTART (RESTART_PODS_IN_PROGRESS)
2025-01-29 13:44:50,167 INFO c.h.h.t.HelmChartContainer - [hivemq-test-hivemq-platform] [hivemq-platform-operator] [871bd395] 13:44:50.166 [ReconcilerExecutor-hivemq-controller-149] INFO  c.h.p.o.HiveMQPlatformReconciler - [helmupgr] Reconciling HiveMQ Platform 'test-hivemq-platform' in namespace 'helmupgradeextensionit'
2025-01-29 13:44:50,167 INFO c.h.h.t.HelmChartContainer - [hivemq-test-hivemq-platform] [hivemq-platform-operator] [871bd395] 13:44:50.166 [ReconcilerExecutor-hivemq-controller-149] DEBUG c.h.p.o.HiveMQPlatformReconciler - [helmupgr] Custom Resource Status ROLLING_RESTART - HiveMQ Platform is restarting Pods (rolling restart) (RESTART_PODS_IN_PROGRESS)
2025-01-29 13:44:50,167 INFO c.h.h.t.HelmChartContainer - [hivemq-test-hivemq-platform] [hivemq-platform-operator] [871bd395] 13:44:50.166 [ReconcilerExecutor-hivemq-controller-149] DEBUG c.h.p.o.HiveMQPlatformReconciler - [helmupgr] Custom Resource Spec (replicas: 1) (extensions: 1)
2025-01-29 13:44:50,168 INFO c.h.h.t.HelmChartContainer - [hivemq-test-hivemq-platform] [hivemq-platform-operator] [871bd395] 13:44:50.167 [ReconcilerExecutor-hivemq-controller-149] DEBUG c.h.p.o.HiveMQPlatformReconciler - [helmupgr] StatefulSet Status (revision: test-hivemq-platform-7c6d7d4d7b, replicas: 2, available: 1, ready: 1, current: 0, updated: 2)
2025-01-29 13:44:50,168 INFO c.h.h.t.HelmChartContainer - [hivemq-test-hivemq-platform] [hivemq-platform-operator] [871bd395] 13:44:50.167 [ReconcilerExecutor-hivemq-controller-149] DEBUG c.h.p.o.HiveMQPlatformReconciler - [helmupgr] StatefulSet Spec (replicas: 2, init containers: 1, containers: 1, volumes: 4)
2025-01-29 13:44:50,169 INFO c.h.h.t.HelmChartContainer - [hivemq-test-hivemq-platform] [hivemq-platform-operator] [871bd395] 13:44:50.168 [ReconcilerExecutor-hivemq-controller-149] DEBUG c.h.p.o.h.HiveMQPlatformReconcilerErrorHandler - [helmupgr] Pod 'test-hivemq-platform-1' phase Running
2025-01-29 13:44:50,170 INFO c.h.h.t.HelmChartContainer - [hivemq-test-hivemq-platform] [hivemq-platform-operator] [871bd395] 13:44:50.169 [ReconcilerExecutor-hivemq-controller-149] DEBUG c.h.p.o.h.HiveMQPlatformReconcilerErrorHandler - [helmupgr] Pod 'test-hivemq-platform-0' phase Running
2025-01-29 13:44:50,171 INFO c.h.h.t.HelmChartContainer - [hivemq-test-hivemq-platform] [hivemq-platform-operator] [871bd395] 13:44:50.170 [ReconcilerExecutor-hivemq-controller-149] DEBUG c.h.p.o.h.HiveMQPlatformReconcilerRollingRestartHandler - [helmupgr] Rolling restart is waiting for 1 of 2 replicas
2025-01-29 13:44:50,402 INFO c.h.h.t.HelmChartContainer - [test-hivemq-platform] [hivemq] [9cad9261] INFO  - [HiveMQ Platform Operator Init 1.7.0-SNAPSHOT] HiveMQ Platform Operator Init 1.7.0-SNAPSHOT (commit: bebf408 on branch: HEAD) built on Sun Jan 26 20:47:47 UTC 2025
2025-01-29 13:44:51,525 INFO c.h.h.t.HelmChartContainer - [test-hivemq-platform] [hivemq] [9cad9261] INFO  - [HiveMQ Platform Operator Init App 1.7.0-SNAPSHOT] Using bind address 10.42.0.10 from environment variable
2025-01-29 13:44:52,412 INFO c.h.h.t.HelmChartContainer - [test-hivemq-platform] [hivemq] [9cad9261] INFO  - [HiveMQ Platform Operator Init App 1.7.0-SNAPSHOT] HiveMQ Platform Operator Init App 1.7.0-SNAPSHOT (commit: bebf408 on branch: HEAD) built on Sun Jan 26 20:47:47 UTC 2025
2025-01-29 13:44:52,412 INFO c.h.h.t.HelmChartContainer - [test-hivemq-platform] [hivemq] [9cad9261] INFO  - [HiveMQ Platform Operator Init App 1.7.0-SNAPSHOT] PodInfo ConfigMap directory: /etc/podinfo
2025-01-29 13:44:52,412 INFO c.h.h.t.HelmChartContainer - [test-hivemq-platform] [hivemq] [9cad9261] INFO  - [HiveMQ Platform Operator Init App 1.7.0-SNAPSHOT] HiveMQ home directory: /opt/hivemq
2025-01-29 13:44:52,412 INFO c.h.h.t.HelmChartContainer - [test-hivemq-platform] [hivemq] [9cad9261] INFO  - [HiveMQ Platform Operator Init App 1.7.0-SNAPSHOT] HiveMQ Logback folder: /opt/hivemq/conf
2025-01-29 13:44:52,412 INFO c.h.h.t.HelmChartContainer - [test-hivemq-platform] [hivemq] [9cad9261] INFO  - [HiveMQ Platform Operator Init App 1.7.0-SNAPSHOT] HiveMQ Config folder: /opt/hivemq/conf-k8s
2025-01-29 13:44:52,412 INFO c.h.h.t.HelmChartContainer - [test-hivemq-platform] [hivemq] [9cad9261] INFO  - [HiveMQ Platform Operator Init App 1.7.0-SNAPSHOT] Starting HiveMQ Platform Operator Init App
2025-01-29 13:44:52,412 INFO c.h.h.t.HelmChartContainer - [test-hivemq-platform] [hivemq] [9cad9261] INFO  - [HiveMQ Platform Operator Init App 1.7.0-SNAPSHOT] Starting Pod reconciler
2025-01-29 13:44:53,605 INFO c.h.h.t.HelmChartContainer - [test-hivemq-platform] [hivemq] [9cad9261] INFO  - [HiveMQ Platform Operator Init App 1.7.0-SNAPSHOT] Pod reconciler is scheduled (interval: 5000 ms)
2025-01-29 13:44:53,607 INFO c.h.h.t.HelmChartContainer - [test-hivemq-platform] [hivemq] [9cad9261] INFO  - [HiveMQ Platform Operator Init App 1.7.0-SNAPSHOT] Starting the REST API on 10.42.0.10:7979
2025-01-29 13:44:53,609 INFO c.h.h.t.HelmChartContainer - [test-hivemq-platform] [hivemq] [9cad9261] INFO  - [HiveMQ Platform Operator Init App 1.7.0-SNAPSHOT] Waiting up to 600s for at most 2 HiveMQ nodes in cluster service hivemq-test-hivemq-platform-cluster.helmupgradeextensionit.svc
2025-01-29 13:44:53,999 INFO c.h.h.t.HelmChartContainer - [test-hivemq-platform] [hivemq] [9cad9261] INFO  - [HiveMQ Platform Operator Init App 1.7.0-SNAPSHOT] Resolved 2 IP addresses: [10.42.0.10, 10.42.0.9]
2025-01-29 13:44:53,999 INFO c.h.h.t.HelmChartContainer - [test-hivemq-platform] [hivemq] [9cad9261] INFO  - [HiveMQ Platform Operator Init App 1.7.0-SNAPSHOT] HiveMQ node count of 2 is within threshold of 2
2025-01-29 13:44:53,999 INFO c.h.h.t.HelmChartContainer - [test-hivemq-platform] [hivemq] [9cad9261] INFO  - [HiveMQ Platform Operator Init App 1.7.0-SNAPSHOT] Waiting 15s for previous shutdown replication to finish...
2025-01-29 13:44:56,152 INFO c.h.h.t.HelmChartContainer - [test-hivemq-platform] [hivemq] [9cad9261] INFO  - [HiveMQ Platform Operator Init App 1.7.0-SNAPSHOT] Returning default Health API response 503 for readiness
2025-01-29 13:44:56,200 INFO c.h.h.t.HelmChartContainer - [EVENT] Warning [Unhealthy] Readiness probe failed: HTTP probe failed with statuscode: 503 [helmupgradeextensionit:test-hivemq-platform-0]
2025-01-29 13:44:56,200 INFO c.h.h.t.HelmChartContainer - Received Unhealthy event for container hivemq in pod test-hivemq-platform-0 [9cad9261-1226-43ba-b870-6eb12ef9cabe]
2025-01-29 13:45:00,033 INFO c.h.h.t.HelmChartContainer - [test-hivemq-platform] [hivemq] [5feb8150] WARN  - Bridge Extension: Connect to bridge 'testbridge' failed for the 4 time, reason: connection timed out after 10000 ms: /172.17.0.3:1883
2025-01-29 13:45:00,174 INFO c.h.h.t.HelmChartContainer - [hivemq-test-hivemq-platform] [hivemq-platform-operator] [871bd395] 13:45:00.173 [pool-6-thread-6] DEBUG c.h.p.o.dependants.PodInfoConfigMap - [helmupgr] Desired PodInfo ConfigMap (1 extensions) (1 enabled)
2025-01-29 13:45:00,175 INFO c.h.h.t.HelmChartContainer - [hivemq-test-hivemq-platform] [hivemq-platform-operator] [871bd395] 13:45:00.173 [pool-6-thread-6] DEBUG c.h.p.o.dependants.PodInfoConfigMap - [helmupgr] Desired PodInfo ConfigMap (metrics port: 9399) (metrics path: /)
2025-01-29 13:45:00,175 INFO c.h.h.t.HelmChartContainer - [hivemq-test-hivemq-platform] [hivemq-platform-operator] [871bd395] 13:45:00.173 [pool-6-thread-6] DEBUG c.h.p.o.dependants.PodInfoConfigMap - [helmupgr] Desired PodInfo ConfigMap (extension state hash: 1557251680)
2025-01-29 13:45:00,175 INFO c.h.h.t.HelmChartContainer - [hivemq-test-hivemq-platform] [hivemq-platform-operator] [871bd395] 13:45:00.173 [pool-6-thread-4] DEBUG c.h.p.o.d.PodServiceAccountResource - [helmupgr] Desired PodServiceAccountResource (serviceAccountName: hivemq-platform-pod-test-hivemq-platform)
2025-01-29 13:45:00,175 INFO c.h.h.t.HelmChartContainer - [hivemq-test-hivemq-platform] [hivemq-platform-operator] [871bd395] 13:45:00.173 [pool-6-thread-5] DEBUG c.h.p.o.d.PlatformServiceResource - [helmupgr] Desired Platform services (3 services)
2025-01-29 13:45:00,178 INFO c.h.h.t.HelmChartContainer - [hivemq-test-hivemq-platform] [hivemq-platform-operator] [871bd395] 13:45:00.177 [pool-6-thread-5] DEBUG c.h.p.o.d.StatefulSetResource - [helmupgr] Desired StatefulSet (2 replicas) for status ROLLING_RESTART (RESTART_PODS_IN_PROGRESS)
2025-01-29 13:45:00,180 INFO c.h.h.t.HelmChartContainer - [hivemq-test-hivemq-platform] [hivemq-platform-operator] [871bd395] 13:45:00.179 [ReconcilerExecutor-hivemq-controller-150] INFO  c.h.p.o.HiveMQPlatformReconciler - [helmupgr] Reconciling HiveMQ Platform 'test-hivemq-platform' in namespace 'helmupgradeextensionit'
2025-01-29 13:45:00,180 INFO c.h.h.t.HelmChartContainer - [hivemq-test-hivemq-platform] [hivemq-platform-operator] [871bd395] 13:45:00.179 [ReconcilerExecutor-hivemq-controller-150] DEBUG c.h.p.o.HiveMQPlatformReconciler - [helmupgr] Custom Resource Status ROLLING_RESTART - HiveMQ Platform is restarting Pods (rolling restart) (RESTART_PODS_IN_PROGRESS)
2025-01-29 13:45:00,180 INFO c.h.h.t.HelmChartContainer - [hivemq-test-hivemq-platform] [hivemq-platform-operator] [871bd395] 13:45:00.180 [ReconcilerExecutor-hivemq-controller-150] DEBUG c.h.p.o.HiveMQPlatformReconciler - [helmupgr] Custom Resource Spec (replicas: 1) (extensions: 1)
2025-01-29 13:45:00,181 INFO c.h.h.t.HelmChartContainer - [hivemq-test-hivemq-platform] [hivemq-platform-operator] [871bd395] 13:45:00.181 [ReconcilerExecutor-hivemq-controller-150] DEBUG c.h.p.o.HiveMQPlatformReconciler - [helmupgr] StatefulSet Status (revision: test-hivemq-platform-7c6d7d4d7b, replicas: 2, available: 1, ready: 1, current: 0, updated: 2)
2025-01-29 13:45:00,181 INFO c.h.h.t.HelmChartContainer - [hivemq-test-hivemq-platform] [hivemq-platform-operator] [871bd395] 13:45:00.181 [ReconcilerExecutor-hivemq-controller-150] DEBUG c.h.p.o.HiveMQPlatformReconciler - [helmupgr] StatefulSet Spec (replicas: 2, init containers: 1, containers: 1, volumes: 4)
2025-01-29 13:45:00,182 INFO c.h.h.t.HelmChartContainer - [hivemq-test-hivemq-platform] [hivemq-platform-operator] [871bd395] 13:45:00.182 [ReconcilerExecutor-hivemq-controller-150] DEBUG c.h.p.o.h.HiveMQPlatformReconcilerErrorHandler - [helmupgr] Pod 'test-hivemq-platform-1' phase Running
2025-01-29 13:45:00,183 INFO c.h.h.t.HelmChartContainer - [hivemq-test-hivemq-platform] [hivemq-platform-operator] [871bd395] 13:45:00.183 [ReconcilerExecutor-hivemq-controller-150] DEBUG c.h.p.o.h.HiveMQPlatformReconcilerErrorHandler - [helmupgr] Pod 'test-hivemq-platform-0' phase Running
2025-01-29 13:45:00,184 INFO c.h.h.t.HelmChartContainer - [hivemq-test-hivemq-platform] [hivemq-platform-operator] [871bd395] 13:45:00.183 [ReconcilerExecutor-hivemq-controller-150] DEBUG c.h.p.o.h.HiveMQPlatformReconcilerRollingRestartHandler - [helmupgr] Rolling restart is waiting for 1 of 2 replicas
2025-01-29 13:45:01,094 INFO c.h.h.t.HelmChartContainer - [test-hivemq-platform] [hivemq] [9cad9261] INFO  - [HiveMQ Platform Operator Init App 1.7.0-SNAPSHOT] Updating Pod HiveMQ Platform Operator Init App version annotation (version: 1.7.0-SNAPSHOT)
2025-01-29 13:45:01,196 INFO c.h.h.t.HelmChartContainer - [EVENT] Warning [Unhealthy] Readiness probe failed: HTTP probe failed with statuscode: 503 [helmupgradeextensionit:test-hivemq-platform-0]
2025-01-29 13:45:01,196 INFO c.h.h.t.HelmChartContainer - Received Unhealthy event for container hivemq in pod test-hivemq-platform-0 [9cad9261-1226-43ba-b870-6eb12ef9cabe]
2025-01-29 13:45:01,412 INFO c.h.h.t.HelmChartContainer - [POD] test-hivemq-platform-0 [9cad9261-1226-43ba-b870-6eb12ef9cabe] in helmupgradeextensionit was MODIFIED
2025-01-29 13:45:01,417 INFO c.h.h.t.HelmChartContainer - [hivemq-test-hivemq-platform] [hivemq-platform-operator] [871bd395] 13:45:01.411 [pool-6-thread-14] DEBUG c.h.p.o.d.PlatformServiceResource - [helmupgr] Desired Platform services (3 services)
2025-01-29 13:45:01,417 INFO c.h.h.t.HelmChartContainer - [hivemq-test-hivemq-platform] [hivemq-platform-operator] [871bd395] 13:45:01.412 [pool-6-thread-12] DEBUG c.h.p.o.dependants.PodInfoConfigMap - [helmupgr] Desired PodInfo ConfigMap (1 extensions) (1 enabled)
2025-01-29 13:45:01,417 INFO c.h.h.t.HelmChartContainer - [hivemq-test-hivemq-platform] [hivemq-platform-operator] [871bd395] 13:45:01.413 [pool-6-thread-12] DEBUG c.h.p.o.dependants.PodInfoConfigMap - [helmupgr] Desired PodInfo ConfigMap (metrics port: 9399) (metrics path: /)
2025-01-29 13:45:01,417 INFO c.h.h.t.HelmChartContainer - [hivemq-test-hivemq-platform] [hivemq-platform-operator] [871bd395] 13:45:01.413 [pool-6-thread-12] DEBUG c.h.p.o.dependants.PodInfoConfigMap - [helmupgr] Desired PodInfo ConfigMap (extension state hash: 1557251680)
2025-01-29 13:45:01,419 INFO c.h.h.t.HelmChartContainer - [hivemq-test-hivemq-platform] [hivemq-platform-operator] [871bd395] 13:45:01.416 [pool-6-thread-13] DEBUG c.h.p.o.d.PodServiceAccountResource - [helmupgr] Desired PodServiceAccountResource (serviceAccountName: hivemq-platform-pod-test-hivemq-platform)
2025-01-29 13:45:01,424 INFO c.h.h.t.HelmChartContainer - [test-hivemq-platform] [hivemq] [9cad9261] INFO  - [HiveMQ Platform Operator Init App 1.7.0-SNAPSHOT] Successfully updated Pod HiveMQ Platform Operator Init App version annotation (version: 1.7.0-SNAPSHOT)
2025-01-29 13:45:01,426 INFO c.h.h.t.HelmChartContainer - [EVENT] Warning [Unhealthy] Readiness probe failed: HTTP probe failed with statuscode: 503 [helmupgradeextensionit:test-hivemq-platform-0]
2025-01-29 13:45:01,426 INFO c.h.h.t.HelmChartContainer - Received Unhealthy event for container hivemq in pod test-hivemq-platform-0 [9cad9261-1226-43ba-b870-6eb12ef9cabe]
2025-01-29 13:45:01,426 INFO c.h.h.t.HelmChartContainer - [hivemq-test-hivemq-platform] [hivemq-platform-operator] [871bd395] 13:45:01.425 [pool-6-thread-14] DEBUG c.h.p.o.d.StatefulSetResource - [helmupgr] Desired StatefulSet (2 replicas) for status ROLLING_RESTART (RESTART_PODS_IN_PROGRESS)
2025-01-29 13:45:01,433 INFO c.h.h.t.HelmChartContainer - [hivemq-test-hivemq-platform] [hivemq-platform-operator] [871bd395] 13:45:01.431 [ReconcilerExecutor-hivemq-controller-151] INFO  c.h.p.o.HiveMQPlatformReconciler - [helmupgr] Reconciling HiveMQ Platform 'test-hivemq-platform' in namespace 'helmupgradeextensionit'
2025-01-29 13:45:01,434 INFO c.h.h.t.HelmChartContainer - [hivemq-test-hivemq-platform] [hivemq-platform-operator] [871bd395] 13:45:01.431 [ReconcilerExecutor-hivemq-controller-151] DEBUG c.h.p.o.HiveMQPlatformReconciler - [helmupgr] Custom Resource Status ROLLING_RESTART - HiveMQ Platform is restarting Pods (rolling restart) (RESTART_PODS_IN_PROGRESS)
2025-01-29 13:45:01,434 INFO c.h.h.t.HelmChartContainer - [hivemq-test-hivemq-platform] [hivemq-platform-operator] [871bd395] 13:45:01.431 [ReconcilerExecutor-hivemq-controller-151] DEBUG c.h.p.o.HiveMQPlatformReconciler - [helmupgr] Custom Resource Spec (replicas: 1) (extensions: 1)
2025-01-29 13:45:01,436 INFO c.h.h.t.HelmChartContainer - [hivemq-test-hivemq-platform] [hivemq-platform-operator] [871bd395] 13:45:01.432 [ReconcilerExecutor-hivemq-controller-151] DEBUG c.h.p.o.HiveMQPlatformReconciler - [helmupgr] StatefulSet Status (revision: test-hivemq-platform-7c6d7d4d7b, replicas: 2, available: 1, ready: 1, current: 0, updated: 2)
2025-01-29 13:45:01,436 INFO c.h.h.t.HelmChartContainer - [hivemq-test-hivemq-platform] [hivemq-platform-operator] [871bd395] 13:45:01.433 [ReconcilerExecutor-hivemq-controller-151] DEBUG c.h.p.o.HiveMQPlatformReconciler - [helmupgr] StatefulSet Spec (replicas: 2, init containers: 1, containers: 1, volumes: 4)
2025-01-29 13:45:01,438 INFO c.h.h.t.HelmChartContainer - [hivemq-test-hivemq-platform] [hivemq-platform-operator] [871bd395] 13:45:01.437 [ReconcilerExecutor-hivemq-controller-151] DEBUG c.h.p.o.h.HiveMQPlatformReconcilerErrorHandler - [helmupgr] Pod 'test-hivemq-platform-1' phase Running
2025-01-29 13:45:01,439 INFO c.h.h.t.HelmChartContainer - [hivemq-test-hivemq-platform] [hivemq-platform-operator] [871bd395] 13:45:01.439 [ReconcilerExecutor-hivemq-controller-151] DEBUG c.h.p.o.h.HiveMQPlatformReconcilerErrorHandler - [helmupgr] Pod 'test-hivemq-platform-0' phase Running
2025-01-29 13:45:01,440 INFO c.h.h.t.HelmChartContainer - [hivemq-test-hivemq-platform] [hivemq-platform-operator] [871bd395] 13:45:01.439 [ReconcilerExecutor-hivemq-controller-151] DEBUG c.h.p.o.h.HiveMQPlatformReconcilerRollingRestartHandler - [helmupgr] Rolling restart is waiting for 1 of 2 replicas
2025-01-29 13:45:02,835 INFO c.h.h.t.HelmChartContainer - [test-hivemq-platform] [hivemq] [5feb8150] WARN  - Bridge Extension: Connect to bridge 'testbridge' failed for the 4 time, reason: connection timed out after 10000 ms: /172.17.0.3:1883
2025-01-29 13:45:06,410 INFO c.h.h.t.HelmChartContainer - [EVENT] Warning [Unhealthy] Readiness probe failed: HTTP probe failed with statuscode: 503 [helmupgradeextensionit:test-hivemq-platform-0]
2025-01-29 13:45:06,410 INFO c.h.h.t.HelmChartContainer - Received Unhealthy event for container hivemq in pod test-hivemq-platform-0 [9cad9261-1226-43ba-b870-6eb12ef9cabe]
2025-01-29 13:45:09,000 INFO c.h.h.t.HelmChartContainer - [test-hivemq-platform] [hivemq] [9cad9261] INFO  - [HiveMQ Platform Operator Init App 1.7.0-SNAPSHOT] Proceeding with container start
2025-01-29 13:45:09,002 INFO c.h.h.t.HelmChartContainer - [test-hivemq-platform] [hivemq] [9cad9261] INFO  - [HiveMQ Platform Operator Init App 1.7.0-SNAPSHOT] Initializing HiveMQ Platform extensions with initial configuration: {hivemq-bridge-extension={start-priority=-1, skip-https-hostname-verification=false, restart=true, config-version=928, header-version=0, c-uri=, priority=-1, uri=preinstalled, skip-https-certificate-validation=false, enabled=true}, hivemq-prometheus-extension={c-uri=, skip-https-hostname-verification=false, skip-https-certificate-validation=false, uri=preinstalled, request-header-path=no-request-headers, enabled=true, restart=true, priority=-1, start-priority=-1}}
2025-01-29 13:45:09,412 INFO c.h.h.t.HelmChartContainer - [test-hivemq-platform] [hivemq] [9cad9261] INFO  - [HiveMQ Platform Operator Init App 1.7.0-SNAPSHOT] Successfully enabled extension hivemq-bridge-extension
2025-01-29 13:45:09,412 INFO c.h.h.testcontainer.LogWaiterUtil - TEST Found log pattern on 'test-hivemq-platform-0': .*\[HiveMQ Platform Operator Init App [A-Z0-9.-]+\] Successfully enabled extension hivemq-bridge-extension
2025-01-29 13:45:09,502 INFO c.h.h.t.HelmChartContainer - [test-hivemq-platform] [hivemq] [9cad9261] INFO  - [HiveMQ Platform Operator Init App 1.7.0-SNAPSHOT] Successfully enabled extension hivemq-prometheus-extension
2025-01-29 13:45:09,503 INFO c.h.h.t.HelmChartContainer - [test-hivemq-platform] [hivemq] [9cad9261] INFO  - [HiveMQ Platform Operator Init App 1.7.0-SNAPSHOT] Starting HiveMQ Platform version 4.36.0 (4.36.0)
2025-01-29 13:45:09,505 INFO c.h.h.t.HelmChartContainer - [test-hivemq-platform] [hivemq] [9cad9261] INFO  - [HiveMQ Platform Operator Init App 1.7.0-SNAPSHOT] Configuring the HiveMQ Platform
2025-01-29 13:45:09,598 INFO c.h.h.t.HelmChartContainer - [test-hivemq-platform] [hivemq] [9cad9261] INFO  - [HiveMQ Platform Operator Init App 1.7.0-SNAPSHOT] Changed logback.xml file scan period to 20 seconds
2025-01-29 13:45:09,696 INFO c.h.h.t.HelmChartContainer - [test-hivemq-platform] [hivemq] [9cad9261] INFO  - [HiveMQ Platform Operator Init App 1.7.0-SNAPSHOT] Starting the HiveMQ Platform
2025-01-29 13:45:09,698 INFO c.h.h.t.HelmChartContainer - [test-hivemq-platform] [hivemq] [9cad9261] -------------------------------------------------------------------------
2025-01-29 13:45:09,698 INFO c.h.h.t.HelmChartContainer - [test-hivemq-platform] [hivemq] [9cad9261] 
2025-01-29 13:45:09,699 INFO c.h.h.t.HelmChartContainer - [test-hivemq-platform] [hivemq] [9cad9261]                   _    _  _              __  __   ____
2025-01-29 13:45:09,699 INFO c.h.h.t.HelmChartContainer - [test-hivemq-platform] [hivemq] [9cad9261]                  | |  | |(_)            |  \/  | / __ \
2025-01-29 13:45:09,699 INFO c.h.h.t.HelmChartContainer - [test-hivemq-platform] [hivemq] [9cad9261]                  | |__| | _ __   __ ___ | \  / || |  | |
2025-01-29 13:45:09,699 INFO c.h.h.t.HelmChartContainer - [test-hivemq-platform] [hivemq] [9cad9261]                  |  __  || |\ \ / // _ \| |\/| || |  | |
2025-01-29 13:45:09,699 INFO c.h.h.t.HelmChartContainer - [test-hivemq-platform] [hivemq] [9cad9261]                  | |  | || | \ V /|  __/| |  | || |__| |
2025-01-29 13:45:09,699 INFO c.h.h.t.HelmChartContainer - [test-hivemq-platform] [hivemq] [9cad9261]                  |_|  |_||_|  \_/  \___||_|  |_| \___\_\
2025-01-29 13:45:09,699 INFO c.h.h.t.HelmChartContainer - [test-hivemq-platform] [hivemq] [9cad9261] 
2025-01-29 13:45:09,699 INFO c.h.h.t.HelmChartContainer - [test-hivemq-platform] [hivemq] [9cad9261] -------------------------------------------------------------------------
2025-01-29 13:45:09,699 INFO c.h.h.t.HelmChartContainer - [test-hivemq-platform] [hivemq] [9cad9261] 
2025-01-29 13:45:09,699 INFO c.h.h.t.HelmChartContainer - [test-hivemq-platform] [hivemq] [9cad9261]   HiveMQ Start Script for Linux/Unix v1.14
2025-01-29 13:45:09,699 INFO c.h.h.t.HelmChartContainer - [test-hivemq-platform] [hivemq] [9cad9261] 
2025-01-29 13:45:09,799 INFO c.h.h.t.HelmChartContainer - [test-hivemq-platform] [hivemq] [9cad9261] -------------------------------------------------------------------------
2025-01-29 13:45:09,799 INFO c.h.h.t.HelmChartContainer - [test-hivemq-platform] [hivemq] [9cad9261] 
2025-01-29 13:45:09,799 INFO c.h.h.t.HelmChartContainer - [test-hivemq-platform] [hivemq] [9cad9261]   HIVEMQ_HOME: /opt/hivemq
2025-01-29 13:45:09,799 INFO c.h.h.t.HelmChartContainer - [test-hivemq-platform] [hivemq] [9cad9261] 
2025-01-29 13:45:09,799 INFO c.h.h.t.HelmChartContainer - [test-hivemq-platform] [hivemq] [9cad9261]   JAVA_OPTS: -XX:+UnlockExperimentalVMOptions -XX:InitialRAMPercentage=50 -XX:MaxRAMPercentage=50 -Djava.net.preferIPv4Stack=true --add-opens java.base/java.lang=ALL-UNNAMED --add-opens java.base/java.nio=ALL-UNNAMED --add-opens java.base/sun.nio.ch=ALL-UNNAMED --add-opens jdk.management/com.sun.management.internal=ALL-UNNAMED --add-exports java.base/jdk.internal.misc=ALL-UNNAMED -Djava.security.egd=file:/dev/./urandom -Dcom.sun.management.jmxremote -Dcom.sun.management.jmxremote.port=9010 -Dcom.sun.management.jmxremote.local.only=false -Dcom.sun.management.jmxremote.authenticate=false -Dcom.sun.management.jmxremote.ssl=false -Duser.language=en -Duser.region=US -XX:+CrashOnOutOfMemoryError -XX:+HeapDumpOnOutOfMemoryError
2025-01-29 13:45:09,800 INFO c.h.h.t.HelmChartContainer - [test-hivemq-platform] [hivemq] [9cad9261] 
2025-01-29 13:45:09,800 INFO c.h.h.t.HelmChartContainer - [test-hivemq-platform] [hivemq] [9cad9261]   JAVA_VERSION: 21
2025-01-29 13:45:09,800 INFO c.h.h.t.HelmChartContainer - [test-hivemq-platform] [hivemq] [9cad9261] 
2025-01-29 13:45:09,800 INFO c.h.h.t.HelmChartContainer - [test-hivemq-platform] [hivemq] [9cad9261] -------------------------------------------------------------------------
2025-01-29 13:45:09,800 INFO c.h.h.t.HelmChartContainer - [test-hivemq-platform] [hivemq] [9cad9261] 
2025-01-29 13:45:11,414 INFO c.h.h.t.HelmChartContainer - [EVENT] Warning [Unhealthy] Readiness probe failed: HTTP probe failed with statuscode: 503 [helmupgradeextensionit:test-hivemq-platform-0]
2025-01-29 13:45:11,414 INFO c.h.h.t.HelmChartContainer - Received Unhealthy event for container hivemq in pod test-hivemq-platform-0 [9cad9261-1226-43ba-b870-6eb12ef9cabe]
2025-01-29 13:45:11,445 INFO c.h.h.t.HelmChartContainer - [hivemq-test-hivemq-platform] [hivemq-platform-operator] [871bd395] 13:45:11.442 [pool-6-thread-21] DEBUG c.h.p.o.d.PlatformServiceResource - [helmupgr] Desired Platform services (3 services)
2025-01-29 13:45:11,445 INFO c.h.h.t.HelmChartContainer - [hivemq-test-hivemq-platform] [hivemq-platform-operator] [871bd395] 13:45:11.442 [pool-6-thread-26] DEBUG c.h.p.o.dependants.PodInfoConfigMap - [helmupgr] Desired PodInfo ConfigMap (1 extensions) (1 enabled)
2025-01-29 13:45:11,445 INFO c.h.h.t.HelmChartContainer - [hivemq-test-hivemq-platform] [hivemq-platform-operator] [871bd395] 13:45:11.442 [pool-6-thread-26] DEBUG c.h.p.o.dependants.PodInfoConfigMap - [helmupgr] Desired PodInfo ConfigMap (metrics port: 9399) (metrics path: /)
2025-01-29 13:45:11,445 INFO c.h.h.t.HelmChartContainer - [hivemq-test-hivemq-platform] [hivemq-platform-operator] [871bd395] 13:45:11.442 [pool-6-thread-26] DEBUG c.h.p.o.dependants.PodInfoConfigMap - [helmupgr] Desired PodInfo ConfigMap (extension state hash: 1557251680)
2025-01-29 13:45:11,445 INFO c.h.h.t.HelmChartContainer - [hivemq-test-hivemq-platform] [hivemq-platform-operator] [871bd395] 13:45:11.444 [pool-6-thread-21] DEBUG c.h.p.o.d.PodServiceAccountResource - [helmupgr] Desired PodServiceAccountResource (serviceAccountName: hivemq-platform-pod-test-hivemq-platform)
2025-01-29 13:45:11,449 INFO c.h.h.t.HelmChartContainer - [hivemq-test-hivemq-platform] [hivemq-platform-operator] [871bd395] 13:45:11.446 [pool-6-thread-28] DEBUG c.h.p.o.d.StatefulSetResource - [helmupgr] Desired StatefulSet (2 replicas) for status ROLLING_RESTART (RESTART_PODS_IN_PROGRESS)
2025-01-29 13:45:11,451 INFO c.h.h.t.HelmChartContainer - [hivemq-test-hivemq-platform] [hivemq-platform-operator] [871bd395] 13:45:11.450 [ReconcilerExecutor-hivemq-controller-152] INFO  c.h.p.o.HiveMQPlatformReconciler - [helmupgr] Reconciling HiveMQ Platform 'test-hivemq-platform' in namespace 'helmupgradeextensionit'
2025-01-29 13:45:11,451 INFO c.h.h.t.HelmChartContainer - [hivemq-test-hivemq-platform] [hivemq-platform-operator] [871bd395] 13:45:11.450 [ReconcilerExecutor-hivemq-controller-152] DEBUG c.h.p.o.HiveMQPlatformReconciler - [helmupgr] Custom Resource Status ROLLING_RESTART - HiveMQ Platform is restarting Pods (rolling restart) (RESTART_PODS_IN_PROGRESS)
2025-01-29 13:45:11,452 INFO c.h.h.t.HelmChartContainer - [hivemq-test-hivemq-platform] [hivemq-platform-operator] [871bd395] 13:45:11.450 [ReconcilerExecutor-hivemq-controller-152] DEBUG c.h.p.o.HiveMQPlatformReconciler - [helmupgr] Custom Resource Spec (replicas: 1) (extensions: 1)
2025-01-29 13:45:11,452 INFO c.h.h.t.HelmChartContainer - [hivemq-test-hivemq-platform] [hivemq-platform-operator] [871bd395] 13:45:11.452 [ReconcilerExecutor-hivemq-controller-152] DEBUG c.h.p.o.HiveMQPlatformReconciler - [helmupgr] StatefulSet Status (revision: test-hivemq-platform-7c6d7d4d7b, replicas: 2, available: 1, ready: 1, current: 0, updated: 2)
2025-01-29 13:45:11,453 INFO c.h.h.t.HelmChartContainer - [hivemq-test-hivemq-platform] [hivemq-platform-operator] [871bd395] 13:45:11.452 [ReconcilerExecutor-hivemq-controller-152] DEBUG c.h.p.o.HiveMQPlatformReconciler - [helmupgr] StatefulSet Spec (replicas: 2, init containers: 1, containers: 1, volumes: 4)
2025-01-29 13:45:11,454 INFO c.h.h.t.HelmChartContainer - [hivemq-test-hivemq-platform] [hivemq-platform-operator] [871bd395] 13:45:11.453 [ReconcilerExecutor-hivemq-controller-152] DEBUG c.h.p.o.h.HiveMQPlatformReconcilerErrorHandler - [helmupgr] Pod 'test-hivemq-platform-1' phase Running
2025-01-29 13:45:11,455 INFO c.h.h.t.HelmChartContainer - [hivemq-test-hivemq-platform] [hivemq-platform-operator] [871bd395] 13:45:11.454 [ReconcilerExecutor-hivemq-controller-152] DEBUG c.h.p.o.h.HiveMQPlatformReconcilerErrorHandler - [helmupgr] Pod 'test-hivemq-platform-0' phase Running
2025-01-29 13:45:11,455 INFO c.h.h.t.HelmChartContainer - [hivemq-test-hivemq-platform] [hivemq-platform-operator] [871bd395] 13:45:11.454 [ReconcilerExecutor-hivemq-controller-152] DEBUG c.h.p.o.h.HiveMQPlatformReconcilerRollingRestartHandler - [helmupgr] Rolling restart is waiting for 1 of 2 replicas
2025-01-29 13:45:12,399 INFO c.h.h.t.HelmChartContainer - [test-hivemq-platform] [hivemq] [9cad9261] INFO  - Starting HiveMQ Enterprise Server
2025-01-29 13:45:12,405 INFO c.h.h.t.HelmChartContainer - [test-hivemq-platform] [hivemq] [9cad9261] INFO  - HiveMQ version: 4.36.0
2025-01-29 13:45:12,405 INFO c.h.h.t.HelmChartContainer - [test-hivemq-platform] [hivemq] [9cad9261] INFO  - HiveMQ home directory: /opt/hivemq
2025-01-29 13:45:12,406 INFO c.h.h.t.HelmChartContainer - [test-hivemq-platform] [hivemq] [9cad9261] INFO  - Log Configuration was overridden by /opt/hivemq/conf/logback.xml
2025-01-29 13:45:13,611 INFO c.h.h.t.HelmChartContainer - [test-hivemq-platform] [hivemq] [9cad9261] INFO  - Successfully loaded configuration from '/opt/hivemq/conf-k8s/config.xml'.
2025-01-29 13:45:13,997 INFO c.h.h.t.HelmChartContainer - [test-hivemq-platform] [hivemq] [9cad9261] INFO  - This node's ID is TAIzX
2025-01-29 13:45:13,998 INFO c.h.h.t.HelmChartContainer - [test-hivemq-platform] [hivemq] [9cad9261] INFO  - Clustering is enabled
2025-01-29 13:45:16,699 INFO c.h.h.t.HelmChartContainer - [test-hivemq-platform] [hivemq] [9cad9261] WARN  - [HiveMQ Platform Operator Init App 1.7.0-SNAPSHOT] Cannot connect to Health API for readiness: null
2025-01-29 13:45:16,706 INFO c.h.h.t.HelmChartContainer - [EVENT] Warning [Unhealthy] Readiness probe failed: HTTP probe failed with statuscode: 503 [helmupgradeextensionit:test-hivemq-platform-0]
2025-01-29 13:45:16,706 INFO c.h.h.t.HelmChartContainer - Received Unhealthy event for container hivemq in pod test-hivemq-platform-0 [9cad9261-1226-43ba-b870-6eb12ef9cabe]
2025-01-29 13:45:18,810 INFO c.h.h.t.HelmChartContainer - [test-hivemq-platform] [hivemq] [9cad9261] WARN  - [HiveMQ Platform Operator Init App 1.7.0-SNAPSHOT] Cannot connect to Health API for liveness: null
2025-01-29 13:45:18,811 INFO c.h.h.t.HelmChartContainer - [test-hivemq-platform] [hivemq] [9cad9261] INFO  - [HiveMQ Platform Operator Init App 1.7.0-SNAPSHOT] Returning default Health API response 200 for liveness
2025-01-29 13:45:21,409 INFO c.h.h.t.HelmChartContainer - [test-hivemq-platform] [hivemq] [9cad9261] WARN  - [HiveMQ Platform Operator Init App 1.7.0-SNAPSHOT] Cannot connect to Health API for readiness: null
2025-01-29 13:45:21,413 INFO c.h.h.t.HelmChartContainer - [EVENT] Warning [Unhealthy] Readiness probe failed: HTTP probe failed with statuscode: 503 [helmupgradeextensionit:test-hivemq-platform-0]
2025-01-29 13:45:21,413 INFO c.h.h.t.HelmChartContainer - Received Unhealthy event for container hivemq in pod test-hivemq-platform-0 [9cad9261-1226-43ba-b870-6eb12ef9cabe]
2025-01-29 13:45:21,459 INFO c.h.h.t.HelmChartContainer - [hivemq-test-hivemq-platform] [hivemq-platform-operator] [871bd395] 13:45:21.457 [pool-6-thread-40] DEBUG c.h.p.o.d.PlatformServiceResource - [helmupgr] Desired Platform services (3 services)
2025-01-29 13:45:21,460 INFO c.h.h.t.HelmChartContainer - [hivemq-test-hivemq-platform] [hivemq-platform-operator] [871bd395] 13:45:21.458 [pool-6-thread-32] DEBUG c.h.p.o.d.PodServiceAccountResource - [helmupgr] Desired PodServiceAccountResource (serviceAccountName: hivemq-platform-pod-test-hivemq-platform)
2025-01-29 13:45:21,460 INFO c.h.h.t.HelmChartContainer - [hivemq-test-hivemq-platform] [hivemq-platform-operator] [871bd395] 13:45:21.460 [pool-6-thread-37] DEBUG c.h.p.o.dependants.PodInfoConfigMap - [helmupgr] Desired PodInfo ConfigMap (1 extensions) (1 enabled)
2025-01-29 13:45:21,460 INFO c.h.h.t.HelmChartContainer - [hivemq-test-hivemq-platform] [hivemq-platform-operator] [871bd395] 13:45:21.460 [pool-6-thread-37] DEBUG c.h.p.o.dependants.PodInfoConfigMap - [helmupgr] Desired PodInfo ConfigMap (metrics port: 9399) (metrics path: /)
2025-01-29 13:45:21,460 INFO c.h.h.t.HelmChartContainer - [hivemq-test-hivemq-platform] [hivemq-platform-operator] [871bd395] 13:45:21.460 [pool-6-thread-37] DEBUG c.h.p.o.dependants.PodInfoConfigMap - [helmupgr] Desired PodInfo ConfigMap (extension state hash: 1557251680)
2025-01-29 13:45:21,464 INFO c.h.h.t.HelmChartContainer - [hivemq-test-hivemq-platform] [hivemq-platform-operator] [871bd395] 13:45:21.463 [pool-6-thread-40] DEBUG c.h.p.o.d.StatefulSetResource - [helmupgr] Desired StatefulSet (2 replicas) for status ROLLING_RESTART (RESTART_PODS_IN_PROGRESS)
2025-01-29 13:45:21,467 INFO c.h.h.t.HelmChartContainer - [hivemq-test-hivemq-platform] [hivemq-platform-operator] [871bd395] 13:45:21.466 [ReconcilerExecutor-hivemq-controller-153] INFO  c.h.p.o.HiveMQPlatformReconciler - [helmupgr] Reconciling HiveMQ Platform 'test-hivemq-platform' in namespace 'helmupgradeextensionit'
2025-01-29 13:45:21,467 INFO c.h.h.t.HelmChartContainer - [hivemq-test-hivemq-platform] [hivemq-platform-operator] [871bd395] 13:45:21.466 [ReconcilerExecutor-hivemq-controller-153] DEBUG c.h.p.o.HiveMQPlatformReconciler - [helmupgr] Custom Resource Status ROLLING_RESTART - HiveMQ Platform is restarting Pods (rolling restart) (RESTART_PODS_IN_PROGRESS)
2025-01-29 13:45:21,467 INFO c.h.h.t.HelmChartContainer - [hivemq-test-hivemq-platform] [hivemq-platform-operator] [871bd395] 13:45:21.467 [ReconcilerExecutor-hivemq-controller-153] DEBUG c.h.p.o.HiveMQPlatformReconciler - [helmupgr] Custom Resource Spec (replicas: 1) (extensions: 1)
2025-01-29 13:45:21,469 INFO c.h.h.t.HelmChartContainer - [hivemq-test-hivemq-platform] [hivemq-platform-operator] [871bd395] 13:45:21.468 [ReconcilerExecutor-hivemq-controller-153] DEBUG c.h.p.o.HiveMQPlatformReconciler - [helmupgr] StatefulSet Status (revision: test-hivemq-platform-7c6d7d4d7b, replicas: 2, available: 1, ready: 1, current: 0, updated: 2)
2025-01-29 13:45:21,469 INFO c.h.h.t.HelmChartContainer - [hivemq-test-hivemq-platform] [hivemq-platform-operator] [871bd395] 13:45:21.468 [ReconcilerExecutor-hivemq-controller-153] DEBUG c.h.p.o.HiveMQPlatformReconciler - [helmupgr] StatefulSet Spec (replicas: 2, init containers: 1, containers: 1, volumes: 4)
2025-01-29 13:45:21,470 INFO c.h.h.t.HelmChartContainer - [hivemq-test-hivemq-platform] [hivemq-platform-operator] [871bd395] 13:45:21.469 [ReconcilerExecutor-hivemq-controller-153] DEBUG c.h.p.o.h.HiveMQPlatformReconcilerErrorHandler - [helmupgr] Pod 'test-hivemq-platform-1' phase Running
2025-01-29 13:45:21,471 INFO c.h.h.t.HelmChartContainer - [hivemq-test-hivemq-platform] [hivemq-platform-operator] [871bd395] 13:45:21.470 [ReconcilerExecutor-hivemq-controller-153] DEBUG c.h.p.o.h.HiveMQPlatformReconcilerErrorHandler - [helmupgr] Pod 'test-hivemq-platform-0' phase Running
2025-01-29 13:45:21,471 INFO c.h.h.t.HelmChartContainer - [hivemq-test-hivemq-platform] [hivemq-platform-operator] [871bd395] 13:45:21.470 [ReconcilerExecutor-hivemq-controller-153] DEBUG c.h.p.o.h.HiveMQPlatformReconcilerRollingRestartHandler - [helmupgr] Rolling restart is waiting for 1 of 2 replicas
2025-01-29 13:45:26,410 INFO c.h.h.t.HelmChartContainer - [test-hivemq-platform] [hivemq] [9cad9261] WARN  - [HiveMQ Platform Operator Init App 1.7.0-SNAPSHOT] Cannot connect to Health API for readiness: null
2025-01-29 13:45:26,415 INFO c.h.h.t.HelmChartContainer - [EVENT] Warning [Unhealthy] Readiness probe failed: HTTP probe failed with statuscode: 503 [helmupgradeextensionit:test-hivemq-platform-0]
2025-01-29 13:45:26,415 INFO c.h.h.t.HelmChartContainer - Received Unhealthy event for container hivemq in pod test-hivemq-platform-0 [9cad9261-1226-43ba-b870-6eb12ef9cabe]
2025-01-29 13:45:26,925 INFO c.h.h.t.HelmChartContainer - [test-hivemq-platform] [hivemq] [5feb8150] WARN  - Bridge Extension: Connect to bridge 'testbridge' failed for the 5 time, reason: connection timed out after 10000 ms: /172.17.0.3:1883
2025-01-29 13:45:27,016 INFO c.h.h.t.HelmChartContainer - [test-hivemq-platform] [hivemq] [5feb8150] WARN  - Bridge Extension: Connect to bridge 'testbridge' failed for the 5 time, reason: connection timed out after 10000 ms: /172.17.0.3:1883
2025-01-29 13:45:27,698 INFO c.h.h.t.HelmChartContainer - [test-hivemq-platform] [hivemq] [9cad9261] INFO  - No valid license file found. Using trial license, restricted to 25 connections.
2025-01-29 13:45:30,804 INFO c.h.h.t.HelmChartContainer - [test-hivemq-platform] [hivemq] [9cad9261] INFO  - No valid license file for Data Hub found. Using free license, restricted to 1 policy.
2025-01-29 13:45:31,414 INFO c.h.h.t.HelmChartContainer - [test-hivemq-platform] [hivemq] [9cad9261] WARN  - [HiveMQ Platform Operator Init App 1.7.0-SNAPSHOT] Cannot connect to Health API for readiness: null
2025-01-29 13:45:31,417 INFO c.h.h.t.HelmChartContainer - [EVENT] Warning [Unhealthy] Readiness probe failed: HTTP probe failed with statuscode: 503 [helmupgradeextensionit:test-hivemq-platform-0]
2025-01-29 13:45:31,417 INFO c.h.h.t.HelmChartContainer - Received Unhealthy event for container hivemq in pod test-hivemq-platform-0 [9cad9261-1226-43ba-b870-6eb12ef9cabe]
2025-01-29 13:45:31,477 INFO c.h.h.t.HelmChartContainer - [hivemq-test-hivemq-platform] [hivemq-platform-operator] [871bd395] 13:45:31.473 [pool-6-thread-47] DEBUG c.h.p.o.d.PlatformServiceResource - [helmupgr] Desired Platform services (3 services)
2025-01-29 13:45:31,478 INFO c.h.h.t.HelmChartContainer - [hivemq-test-hivemq-platform] [hivemq-platform-operator] [871bd395] 13:45:31.474 [pool-6-thread-49] DEBUG c.h.p.o.dependants.PodInfoConfigMap - [helmupgr] Desired PodInfo ConfigMap (1 extensions) (1 enabled)
2025-01-29 13:45:31,478 INFO c.h.h.t.HelmChartContainer - [hivemq-test-hivemq-platform] [hivemq-platform-operator] [871bd395] 13:45:31.474 [pool-6-thread-49] DEBUG c.h.p.o.dependants.PodInfoConfigMap - [helmupgr] Desired PodInfo ConfigMap (metrics port: 9399) (metrics path: /)
2025-01-29 13:45:31,478 INFO c.h.h.t.HelmChartContainer - [hivemq-test-hivemq-platform] [hivemq-platform-operator] [871bd395] 13:45:31.474 [pool-6-thread-49] DEBUG c.h.p.o.dependants.PodInfoConfigMap - [helmupgr] Desired PodInfo ConfigMap (extension state hash: 1557251680)
2025-01-29 13:45:31,478 INFO c.h.h.t.HelmChartContainer - [hivemq-test-hivemq-platform] [hivemq-platform-operator] [871bd395] 13:45:31.475 [pool-6-thread-46] DEBUG c.h.p.o.d.PodServiceAccountResource - [helmupgr] Desired PodServiceAccountResource (serviceAccountName: hivemq-platform-pod-test-hivemq-platform)
2025-01-29 13:45:31,478 INFO c.h.h.t.HelmChartContainer - [hivemq-test-hivemq-platform] [hivemq-platform-operator] [871bd395] 13:45:31.477 [pool-6-thread-47] DEBUG c.h.p.o.d.StatefulSetResource - [helmupgr] Desired StatefulSet (2 replicas) for status ROLLING_RESTART (RESTART_PODS_IN_PROGRESS)
2025-01-29 13:45:31,482 INFO c.h.h.t.HelmChartContainer - [hivemq-test-hivemq-platform] [hivemq-platform-operator] [871bd395] 13:45:31.480 [ReconcilerExecutor-hivemq-controller-154] INFO  c.h.p.o.HiveMQPlatformReconciler - [helmupgr] Reconciling HiveMQ Platform 'test-hivemq-platform' in namespace 'helmupgradeextensionit'
2025-01-29 13:45:31,482 INFO c.h.h.t.HelmChartContainer - [hivemq-test-hivemq-platform] [hivemq-platform-operator] [871bd395] 13:45:31.480 [ReconcilerExecutor-hivemq-controller-154] DEBUG c.h.p.o.HiveMQPlatformReconciler - [helmupgr] Custom Resource Status ROLLING_RESTART - HiveMQ Platform is restarting Pods (rolling restart) (RESTART_PODS_IN_PROGRESS)
2025-01-29 13:45:31,482 INFO c.h.h.t.HelmChartContainer - [hivemq-test-hivemq-platform] [hivemq-platform-operator] [871bd395] 13:45:31.481 [ReconcilerExecutor-hivemq-controller-154] DEBUG c.h.p.o.HiveMQPlatformReconciler - [helmupgr] Custom Resource Spec (replicas: 1) (extensions: 1)
2025-01-29 13:45:31,484 INFO c.h.h.t.HelmChartContainer - [hivemq-test-hivemq-platform] [hivemq-platform-operator] [871bd395] 13:45:31.482 [ReconcilerExecutor-hivemq-controller-154] DEBUG c.h.p.o.HiveMQPlatformReconciler - [helmupgr] StatefulSet Status (revision: test-hivemq-platform-7c6d7d4d7b, replicas: 2, available: 1, ready: 1, current: 0, updated: 2)
2025-01-29 13:45:31,484 INFO c.h.h.t.HelmChartContainer - [hivemq-test-hivemq-platform] [hivemq-platform-operator] [871bd395] 13:45:31.482 [ReconcilerExecutor-hivemq-controller-154] DEBUG c.h.p.o.HiveMQPlatformReconciler - [helmupgr] StatefulSet Spec (replicas: 2, init containers: 1, containers: 1, volumes: 4)
2025-01-29 13:45:31,484 INFO c.h.h.t.HelmChartContainer - [hivemq-test-hivemq-platform] [hivemq-platform-operator] [871bd395] 13:45:31.483 [ReconcilerExecutor-hivemq-controller-154] DEBUG c.h.p.o.h.HiveMQPlatformReconcilerErrorHandler - [helmupgr] Pod 'test-hivemq-platform-1' phase Running
2025-01-29 13:45:31,485 INFO c.h.h.t.HelmChartContainer - [hivemq-test-hivemq-platform] [hivemq-platform-operator] [871bd395] 13:45:31.484 [ReconcilerExecutor-hivemq-controller-154] DEBUG c.h.p.o.h.HiveMQPlatformReconcilerErrorHandler - [helmupgr] Pod 'test-hivemq-platform-0' phase Running
2025-01-29 13:45:31,486 INFO c.h.h.t.HelmChartContainer - [hivemq-test-hivemq-platform] [hivemq-platform-operator] [871bd395] 13:45:31.485 [ReconcilerExecutor-hivemq-controller-154] DEBUG c.h.p.o.h.HiveMQPlatformReconcilerRollingRestartHandler - [helmupgr] Rolling restart is waiting for 1 of 2 replicas
2025-01-29 13:45:32,107 INFO c.h.h.t.HelmChartContainer - [test-hivemq-platform] [hivemq] [9cad9261] INFO  - Audit Logger started.
2025-01-29 13:45:32,394 INFO c.h.h.t.HelmChartContainer - [test-hivemq-platform] [hivemq] [9cad9261] INFO  - This node uses '1' CPU cores.
2025-01-29 13:45:32,399 INFO c.h.h.t.HelmChartContainer - [test-hivemq-platform] [hivemq] [9cad9261] INFO  - Starting HiveMQ Health API on address 0.0.0.0 and port 8889
2025-01-29 13:45:33,208 INFO c.h.h.t.HelmChartContainer - [test-hivemq-platform] [hivemq] [9cad9261] INFO  - Started HiveMQ Health API in 809ms
2025-01-29 13:45:34,020 INFO c.h.h.t.HelmChartContainer - [test-hivemq-platform] [hivemq] [9cad9261] INFO  - Starting HiveMQ extension system.
2025-01-29 13:45:35,994 INFO c.h.h.t.HelmChartContainer - [test-hivemq-platform] [hivemq] [9cad9261] INFO  - No license found for enterprise extension with name "HiveMQ Enterprise Bridge Extension". Entering extension trial mode. "HiveMQ Enterprise Bridge Extension" will be disabled in 5 hours.
2025-01-29 13:45:36,103 INFO c.h.h.t.HelmChartContainer - [test-hivemq-platform] [hivemq] [9cad9261] INFO  - Starting extension with id "hivemq-dns-cluster-discovery" at /opt/hivemq/extensions/hivemq-dns-cluster-discovery
2025-01-29 13:45:36,797 INFO c.h.h.t.HelmChartContainer - [test-hivemq-platform] [hivemq] [9cad9261] INFO  - Extension "DNS Cluster Discovery Extension" version 4.3.2 started successfully.
2025-01-29 13:45:36,797 INFO c.h.h.t.HelmChartContainer - [test-hivemq-platform] [hivemq] [9cad9261] INFO  - Starting extension with id "hivemq-bridge-extension" at /opt/hivemq/extensions/hivemq-bridge-extension
2025-01-29 13:45:36,895 INFO c.h.h.t.HelmChartContainer - [test-hivemq-platform] [hivemq] [9cad9261] INFO  - Using TCP cluster transport on address 10.42.0.10 and port 7000
2025-01-29 13:45:36,993 INFO c.h.h.t.HelmChartContainer - [test-hivemq-platform] [hivemq] [9cad9261] INFO  - Using extension cluster discovery
2025-01-29 13:45:37,448 INFO c.h.h.t.HelmChartContainer - [EVENT] Warning [Unhealthy] Readiness probe failed: Get "http://10.42.0.10:7979/readiness": context deadline exceeded (Client.Timeout exceeded while awaiting headers) [helmupgradeextensionit:test-hivemq-platform-0]
2025-01-29 13:45:37,448 INFO c.h.h.t.HelmChartContainer - Received Unhealthy event for container hivemq in pod test-hivemq-platform-0 [9cad9261-1226-43ba-b870-6eb12ef9cabe]
2025-01-29 13:45:38,098 INFO c.h.h.t.HelmChartContainer - [test-hivemq-platform] [hivemq] [9cad9261] INFO  - HiveMQ Enterprise Bridge Extension: Successfully loaded configuration from '/opt/hivemq/extensions/hivemq-bridge-extension/conf/config.xml'.
2025-01-29 13:45:38,102 INFO c.h.h.t.HelmChartContainer - [test-hivemq-platform] [hivemq] [9cad9261] INFO  - [HiveMQ Platform Operator Init App 1.7.0-SNAPSHOT] Returning Health API response 503 for readiness
2025-01-29 13:45:38,797 INFO c.h.h.t.HelmChartContainer - [test-hivemq-platform] [hivemq] [5feb8150] INFO  - Cluster nodes found by discovery: [snLq2|3] (2) [snLq2, TAIzX].
2025-01-29 13:45:38,989 INFO c.h.h.t.HelmChartContainer - [test-hivemq-platform] [hivemq] [9cad9261] INFO  - Cluster nodes found by discovery: [snLq2|3] (2) [snLq2, TAIzX].
2025-01-29 13:45:39,003 INFO c.h.h.t.HelmChartContainer - [test-hivemq-platform] [hivemq] [9cad9261] INFO  - Bridge Extension: Connecting to remote brokers...
2025-01-29 13:45:39,202 INFO c.h.h.t.HelmChartContainer - [test-hivemq-platform] [hivemq] [9cad9261] INFO  - Cluster size = 1, members : [snLq2].
2025-01-29 13:45:39,696 INFO c.h.h.t.HelmChartContainer - [test-hivemq-platform] [hivemq] [9cad9261] INFO  - Starting cluster join process. This may take a while. Please do not shut down HiveMQ.
2025-01-29 13:45:39,697 INFO c.h.h.t.HelmChartContainer - [test-hivemq-platform] [hivemq] [9cad9261] INFO  - Cluster join process is still ongoing. Please do not shut down HiveMQ.
2025-01-29 13:45:41,413 INFO c.h.h.t.HelmChartContainer - [EVENT] Warning [Unhealthy] Readiness probe failed: HTTP probe failed with statuscode: 503 [helmupgradeextensionit:test-hivemq-platform-0]
2025-01-29 13:45:41,413 INFO c.h.h.t.HelmChartContainer - Received Unhealthy event for container hivemq in pod test-hivemq-platform-0 [9cad9261-1226-43ba-b870-6eb12ef9cabe]
2025-01-29 13:45:41,491 INFO c.h.h.t.HelmChartContainer - [hivemq-test-hivemq-platform] [hivemq-platform-operator] [871bd395] 13:45:41.488 [pool-6-thread-10] DEBUG c.h.p.o.d.PlatformServiceResource - [helmupgr] Desired Platform services (3 services)
2025-01-29 13:45:41,491 INFO c.h.h.t.HelmChartContainer - [hivemq-test-hivemq-platform] [hivemq-platform-operator] [871bd395] 13:45:41.488 [pool-6-thread-7] DEBUG c.h.p.o.dependants.PodInfoConfigMap - [helmupgr] Desired PodInfo ConfigMap (1 extensions) (1 enabled)
2025-01-29 13:45:41,491 INFO c.h.h.t.HelmChartContainer - [hivemq-test-hivemq-platform] [hivemq-platform-operator] [871bd395] 13:45:41.488 [pool-6-thread-7] DEBUG c.h.p.o.dependants.PodInfoConfigMap - [helmupgr] Desired PodInfo ConfigMap (metrics port: 9399) (metrics path: /)
2025-01-29 13:45:41,492 INFO c.h.h.t.HelmChartContainer - [hivemq-test-hivemq-platform] [hivemq-platform-operator] [871bd395] 13:45:41.488 [pool-6-thread-7] DEBUG c.h.p.o.dependants.PodInfoConfigMap - [helmupgr] Desired PodInfo ConfigMap (extension state hash: 1557251680)
2025-01-29 13:45:41,492 INFO c.h.h.t.HelmChartContainer - [hivemq-test-hivemq-platform] [hivemq-platform-operator] [871bd395] 13:45:41.489 [pool-6-thread-7] DEBUG c.h.p.o.d.PodServiceAccountResource - [helmupgr] Desired PodServiceAccountResource (serviceAccountName: hivemq-platform-pod-test-hivemq-platform)
2025-01-29 13:45:41,494 INFO c.h.h.t.HelmChartContainer - [hivemq-test-hivemq-platform] [hivemq-platform-operator] [871bd395] 13:45:41.492 [pool-6-thread-2] DEBUG c.h.p.o.d.StatefulSetResource - [helmupgr] Desired StatefulSet (2 replicas) for status ROLLING_RESTART (RESTART_PODS_IN_PROGRESS)
2025-01-29 13:45:41,497 INFO c.h.h.t.HelmChartContainer - [hivemq-test-hivemq-platform] [hivemq-platform-operator] [871bd395] 13:45:41.495 [ReconcilerExecutor-hivemq-controller-155] INFO  c.h.p.o.HiveMQPlatformReconciler - [helmupgr] Reconciling HiveMQ Platform 'test-hivemq-platform' in namespace 'helmupgradeextensionit'
2025-01-29 13:45:41,497 INFO c.h.h.t.HelmChartContainer - [hivemq-test-hivemq-platform] [hivemq-platform-operator] [871bd395] 13:45:41.495 [ReconcilerExecutor-hivemq-controller-155] DEBUG c.h.p.o.HiveMQPlatformReconciler - [helmupgr] Custom Resource Status ROLLING_RESTART - HiveMQ Platform is restarting Pods (rolling restart) (RESTART_PODS_IN_PROGRESS)
2025-01-29 13:45:41,497 INFO c.h.h.t.HelmChartContainer - [hivemq-test-hivemq-platform] [hivemq-platform-operator] [871bd395] 13:45:41.495 [ReconcilerExecutor-hivemq-controller-155] DEBUG c.h.p.o.HiveMQPlatformReconciler - [helmupgr] Custom Resource Spec (replicas: 1) (extensions: 1)
2025-01-29 13:45:41,498 INFO c.h.h.t.HelmChartContainer - [hivemq-test-hivemq-platform] [hivemq-platform-operator] [871bd395] 13:45:41.497 [ReconcilerExecutor-hivemq-controller-155] DEBUG c.h.p.o.HiveMQPlatformReconciler - [helmupgr] StatefulSet Status (revision: test-hivemq-platform-7c6d7d4d7b, replicas: 2, available: 1, ready: 1, current: 0, updated: 2)
2025-01-29 13:45:41,499 INFO c.h.h.t.HelmChartContainer - [hivemq-test-hivemq-platform] [hivemq-platform-operator] [871bd395] 13:45:41.497 [ReconcilerExecutor-hivemq-controller-155] DEBUG c.h.p.o.HiveMQPlatformReconciler - [helmupgr] StatefulSet Spec (replicas: 2, init containers: 1, containers: 1, volumes: 4)
2025-01-29 13:45:41,500 INFO c.h.h.t.HelmChartContainer - [hivemq-test-hivemq-platform] [hivemq-platform-operator] [871bd395] 13:45:41.498 [ReconcilerExecutor-hivemq-controller-155] DEBUG c.h.p.o.h.HiveMQPlatformReconcilerErrorHandler - [helmupgr] Pod 'test-hivemq-platform-1' phase Running
2025-01-29 13:45:41,500 INFO c.h.h.t.HelmChartContainer - [hivemq-test-hivemq-platform] [hivemq-platform-operator] [871bd395] 13:45:41.499 [ReconcilerExecutor-hivemq-controller-155] DEBUG c.h.p.o.h.HiveMQPlatformReconcilerErrorHandler - [helmupgr] Pod 'test-hivemq-platform-0' phase Running
2025-01-29 13:45:41,501 INFO c.h.h.t.HelmChartContainer - [hivemq-test-hivemq-platform] [hivemq-platform-operator] [871bd395] 13:45:41.499 [ReconcilerExecutor-hivemq-controller-155] DEBUG c.h.p.o.h.HiveMQPlatformReconcilerRollingRestartHandler - [helmupgr] Rolling restart is waiting for 1 of 2 replicas
2025-01-29 13:45:41,568 INFO c.h.h.t.HelmChartContainer - [K3S] [range_allocator.go:247] "Successfully synced" key="41e0b4b2959d"
2025-01-29 13:45:41,704 INFO c.h.h.t.HelmChartContainer - [test-hivemq-platform] [hivemq] [5feb8150] INFO  - Cluster size = 2, members : [TAIzX, snLq2].
2025-01-29 13:45:41,714 INFO c.h.h.t.HelmChartContainer - [test-hivemq-platform] [hivemq] [9cad9261] INFO  - Cluster size = 2, members : [TAIzX, snLq2].
2025-01-29 13:45:41,792 INFO c.h.h.t.HelmChartContainer - [test-hivemq-platform] [hivemq] [9cad9261] INFO  - Finished cluster join process successfully.
2025-01-29 13:45:46,413 INFO c.h.h.t.HelmChartContainer - [EVENT] Warning [Unhealthy] Readiness probe failed: HTTP probe failed with statuscode: 503 [helmupgradeextensionit:test-hivemq-platform-0]
2025-01-29 13:45:46,413 INFO c.h.h.t.HelmChartContainer - Received Unhealthy event for container hivemq in pod test-hivemq-platform-0 [9cad9261-1226-43ba-b870-6eb12ef9cabe]
2025-01-29 13:45:48,815 INFO c.h.h.t.HelmChartContainer - [test-hivemq-platform] [hivemq] [9cad9261] INFO  - [HiveMQ Platform Operator Init App 1.7.0-SNAPSHOT] Returning Health API response 200 for liveness
2025-01-29 13:45:50,014 INFO c.h.h.t.HelmChartContainer - [test-hivemq-platform] [hivemq] [9cad9261] WARN  - Bridge Extension: Connect to bridge 'testbridge' failed for the 1 time, reason: connection timed out after 10000 ms: /172.17.0.3:1883
2025-01-29 13:45:50,017 INFO c.h.h.t.HelmChartContainer - [test-hivemq-platform] [hivemq] [9cad9261] WARN  - Bridge Extension: Connect to bridge 'testbridge' failed for the 1 time, reason: connection timed out after 10000 ms: /172.17.0.3:1883
2025-01-29 13:45:51,414 INFO c.h.h.t.HelmChartContainer - [EVENT] Warning [Unhealthy] Readiness probe failed: HTTP probe failed with statuscode: 503 [helmupgradeextensionit:test-hivemq-platform-0]
2025-01-29 13:45:51,414 INFO c.h.h.t.HelmChartContainer - Received Unhealthy event for container hivemq in pod test-hivemq-platform-0 [9cad9261-1226-43ba-b870-6eb12ef9cabe]
2025-01-29 13:45:51,505 INFO c.h.h.t.HelmChartContainer - [hivemq-test-hivemq-platform] [hivemq-platform-operator] [871bd395] 13:45:51.502 [pool-6-thread-12] DEBUG c.h.p.o.d.PlatformServiceResource - [helmupgr] Desired Platform services (3 services)
2025-01-29 13:45:51,505 INFO c.h.h.t.HelmChartContainer - [hivemq-test-hivemq-platform] [hivemq-platform-operator] [871bd395] 13:45:51.503 [pool-6-thread-16] DEBUG c.h.p.o.dependants.PodInfoConfigMap - [helmupgr] Desired PodInfo ConfigMap (1 extensions) (1 enabled)
2025-01-29 13:45:51,505 INFO c.h.h.t.HelmChartContainer - [hivemq-test-hivemq-platform] [hivemq-platform-operator] [871bd395] 13:45:51.503 [pool-6-thread-16] DEBUG c.h.p.o.dependants.PodInfoConfigMap - [helmupgr] Desired PodInfo ConfigMap (metrics port: 9399) (metrics path: /)
2025-01-29 13:45:51,506 INFO c.h.h.t.HelmChartContainer - [hivemq-test-hivemq-platform] [hivemq-platform-operator] [871bd395] 13:45:51.503 [pool-6-thread-16] DEBUG c.h.p.o.dependants.PodInfoConfigMap - [helmupgr] Desired PodInfo ConfigMap (extension state hash: 1557251680)
2025-01-29 13:45:51,506 INFO c.h.h.t.HelmChartContainer - [hivemq-test-hivemq-platform] [hivemq-platform-operator] [871bd395] 13:45:51.504 [pool-6-thread-18] DEBUG c.h.p.o.d.PodServiceAccountResource - [helmupgr] Desired PodServiceAccountResource (serviceAccountName: hivemq-platform-pod-test-hivemq-platform)
2025-01-29 13:45:51,508 INFO c.h.h.t.HelmChartContainer - [hivemq-test-hivemq-platform] [hivemq-platform-operator] [871bd395] 13:45:51.507 [pool-6-thread-12] DEBUG c.h.p.o.d.StatefulSetResource - [helmupgr] Desired StatefulSet (2 replicas) for status ROLLING_RESTART (RESTART_PODS_IN_PROGRESS)
2025-01-29 13:45:51,511 INFO c.h.h.t.HelmChartContainer - [hivemq-test-hivemq-platform] [hivemq-platform-operator] [871bd395] 13:45:51.510 [ReconcilerExecutor-hivemq-controller-156] INFO  c.h.p.o.HiveMQPlatformReconciler - [helmupgr] Reconciling HiveMQ Platform 'test-hivemq-platform' in namespace 'helmupgradeextensionit'
2025-01-29 13:45:51,511 INFO c.h.h.t.HelmChartContainer - [hivemq-test-hivemq-platform] [hivemq-platform-operator] [871bd395] 13:45:51.510 [ReconcilerExecutor-hivemq-controller-156] DEBUG c.h.p.o.HiveMQPlatformReconciler - [helmupgr] Custom Resource Status ROLLING_RESTART - HiveMQ Platform is restarting Pods (rolling restart) (RESTART_PODS_IN_PROGRESS)
2025-01-29 13:45:51,511 INFO c.h.h.t.HelmChartContainer - [hivemq-test-hivemq-platform] [hivemq-platform-operator] [871bd395] 13:45:51.510 [ReconcilerExecutor-hivemq-controller-156] DEBUG c.h.p.o.HiveMQPlatformReconciler - [helmupgr] Custom Resource Spec (replicas: 1) (extensions: 1)
2025-01-29 13:45:51,513 INFO c.h.h.t.HelmChartContainer - [hivemq-test-hivemq-platform] [hivemq-platform-operator] [871bd395] 13:45:51.511 [ReconcilerExecutor-hivemq-controller-156] DEBUG c.h.p.o.HiveMQPlatformReconciler - [helmupgr] StatefulSet Status (revision: test-hivemq-platform-7c6d7d4d7b, replicas: 2, available: 1, ready: 1, current: 0, updated: 2)
2025-01-29 13:45:51,513 INFO c.h.h.t.HelmChartContainer - [hivemq-test-hivemq-platform] [hivemq-platform-operator] [871bd395] 13:45:51.511 [ReconcilerExecutor-hivemq-controller-156] DEBUG c.h.p.o.HiveMQPlatformReconciler - [helmupgr] StatefulSet Spec (replicas: 2, init containers: 1, containers: 1, volumes: 4)
2025-01-29 13:45:51,513 INFO c.h.h.t.HelmChartContainer - [hivemq-test-hivemq-platform] [hivemq-platform-operator] [871bd395] 13:45:51.512 [ReconcilerExecutor-hivemq-controller-156] DEBUG c.h.p.o.h.HiveMQPlatformReconcilerErrorHandler - [helmupgr] Pod 'test-hivemq-platform-1' phase Running
2025-01-29 13:45:51,514 INFO c.h.h.t.HelmChartContainer - [hivemq-test-hivemq-platform] [hivemq-platform-operator] [871bd395] 13:45:51.514 [ReconcilerExecutor-hivemq-controller-156] DEBUG c.h.p.o.h.HiveMQPlatformReconcilerErrorHandler - [helmupgr] Pod 'test-hivemq-platform-0' phase Running
2025-01-29 13:45:51,515 INFO c.h.h.t.HelmChartContainer - [hivemq-test-hivemq-platform] [hivemq-platform-operator] [871bd395] 13:45:51.514 [ReconcilerExecutor-hivemq-controller-156] DEBUG c.h.p.o.h.HiveMQPlatformReconcilerRollingRestartHandler - [helmupgr] Rolling restart is waiting for 1 of 2 replicas
2025-01-29 13:45:56,413 INFO c.h.h.t.HelmChartContainer - [EVENT] Warning [Unhealthy] Readiness probe failed: HTTP probe failed with statuscode: 503 [helmupgradeextensionit:test-hivemq-platform-0]
2025-01-29 13:45:56,413 INFO c.h.h.t.HelmChartContainer - Received Unhealthy event for container hivemq in pod test-hivemq-platform-0 [9cad9261-1226-43ba-b870-6eb12ef9cabe]
2025-01-29 13:46:01,414 INFO c.h.h.t.HelmChartContainer - [EVENT] Warning [Unhealthy] Readiness probe failed: HTTP probe failed with statuscode: 503 [helmupgradeextensionit:test-hivemq-platform-0]
2025-01-29 13:46:01,414 INFO c.h.h.t.HelmChartContainer - Received Unhealthy event for container hivemq in pod test-hivemq-platform-0 [9cad9261-1226-43ba-b870-6eb12ef9cabe]
2025-01-29 13:46:01,520 INFO c.h.h.t.HelmChartContainer - [hivemq-test-hivemq-platform] [hivemq-platform-operator] [871bd395] 13:46:01.517 [pool-6-thread-27] DEBUG c.h.p.o.d.PlatformServiceResource - [helmupgr] Desired Platform services (3 services)
2025-01-29 13:46:01,520 INFO c.h.h.t.HelmChartContainer - [hivemq-test-hivemq-platform] [hivemq-platform-operator] [871bd395] 13:46:01.518 [pool-6-thread-21] DEBUG c.h.p.o.dependants.PodInfoConfigMap - [helmupgr] Desired PodInfo ConfigMap (1 extensions) (1 enabled)
2025-01-29 13:46:01,520 INFO c.h.h.t.HelmChartContainer - [hivemq-test-hivemq-platform] [hivemq-platform-operator] [871bd395] 13:46:01.518 [pool-6-thread-21] DEBUG c.h.p.o.dependants.PodInfoConfigMap - [helmupgr] Desired PodInfo ConfigMap (metrics port: 9399) (metrics path: /)
2025-01-29 13:46:01,520 INFO c.h.h.t.HelmChartContainer - [hivemq-test-hivemq-platform] [hivemq-platform-operator] [871bd395] 13:46:01.518 [pool-6-thread-21] DEBUG c.h.p.o.dependants.PodInfoConfigMap - [helmupgr] Desired PodInfo ConfigMap (extension state hash: 1557251680)
2025-01-29 13:46:01,520 INFO c.h.h.t.HelmChartContainer - [hivemq-test-hivemq-platform] [hivemq-platform-operator] [871bd395] 13:46:01.518 [pool-6-thread-21] DEBUG c.h.p.o.d.PodServiceAccountResource - [helmupgr] Desired PodServiceAccountResource (serviceAccountName: hivemq-platform-pod-test-hivemq-platform)
2025-01-29 13:46:01,521 INFO c.h.h.t.HelmChartContainer - [hivemq-test-hivemq-platform] [hivemq-platform-operator] [871bd395] 13:46:01.521 [pool-6-thread-27] DEBUG c.h.p.o.d.StatefulSetResource - [helmupgr] Desired StatefulSet (2 replicas) for status ROLLING_RESTART (RESTART_PODS_IN_PROGRESS)
2025-01-29 13:46:01,524 INFO c.h.h.t.HelmChartContainer - [hivemq-test-hivemq-platform] [hivemq-platform-operator] [871bd395] 13:46:01.523 [ReconcilerExecutor-hivemq-controller-157] INFO  c.h.p.o.HiveMQPlatformReconciler - [helmupgr] Reconciling HiveMQ Platform 'test-hivemq-platform' in namespace 'helmupgradeextensionit'
2025-01-29 13:46:01,524 INFO c.h.h.t.HelmChartContainer - [hivemq-test-hivemq-platform] [hivemq-platform-operator] [871bd395] 13:46:01.523 [ReconcilerExecutor-hivemq-controller-157] DEBUG c.h.p.o.HiveMQPlatformReconciler - [helmupgr] Custom Resource Status ROLLING_RESTART - HiveMQ Platform is restarting Pods (rolling restart) (RESTART_PODS_IN_PROGRESS)
2025-01-29 13:46:01,524 INFO c.h.h.t.HelmChartContainer - [hivemq-test-hivemq-platform] [hivemq-platform-operator] [871bd395] 13:46:01.523 [ReconcilerExecutor-hivemq-controller-157] DEBUG c.h.p.o.HiveMQPlatformReconciler - [helmupgr] Custom Resource Spec (replicas: 1) (extensions: 1)
2025-01-29 13:46:01,525 INFO c.h.h.t.HelmChartContainer - [hivemq-test-hivemq-platform] [hivemq-platform-operator] [871bd395] 13:46:01.524 [ReconcilerExecutor-hivemq-controller-157] DEBUG c.h.p.o.HiveMQPlatformReconciler - [helmupgr] StatefulSet Status (revision: test-hivemq-platform-7c6d7d4d7b, replicas: 2, available: 1, ready: 1, current: 0, updated: 2)
2025-01-29 13:46:01,525 INFO c.h.h.t.HelmChartContainer - [hivemq-test-hivemq-platform] [hivemq-platform-operator] [871bd395] 13:46:01.524 [ReconcilerExecutor-hivemq-controller-157] DEBUG c.h.p.o.HiveMQPlatformReconciler - [helmupgr] StatefulSet Spec (replicas: 2, init containers: 1, containers: 1, volumes: 4)
2025-01-29 13:46:01,526 INFO c.h.h.t.HelmChartContainer - [hivemq-test-hivemq-platform] [hivemq-platform-operator] [871bd395] 13:46:01.525 [ReconcilerExecutor-hivemq-controller-157] DEBUG c.h.p.o.h.HiveMQPlatformReconcilerErrorHandler - [helmupgr] Pod 'test-hivemq-platform-1' phase Running
2025-01-29 13:46:01,527 INFO c.h.h.t.HelmChartContainer - [hivemq-test-hivemq-platform] [hivemq-platform-operator] [871bd395] 13:46:01.526 [ReconcilerExecutor-hivemq-controller-157] DEBUG c.h.p.o.h.HiveMQPlatformReconcilerErrorHandler - [helmupgr] Pod 'test-hivemq-platform-0' phase Running
2025-01-29 13:46:01,527 INFO c.h.h.t.HelmChartContainer - [hivemq-test-hivemq-platform] [hivemq-platform-operator] [871bd395] 13:46:01.527 [ReconcilerExecutor-hivemq-controller-157] DEBUG c.h.p.o.h.HiveMQPlatformReconcilerRollingRestartHandler - [helmupgr] Rolling restart is waiting for 1 of 2 replicas
2025-01-29 13:46:02,354 INFO c.h.h.t.HelmChartContainer - [test-hivemq-platform] [hivemq] [9cad9261] WARN  - Bridge Extension: Connect to bridge 'testbridge' failed for the 2 time, reason: connection timed out after 10000 ms: /172.17.0.3:1883
2025-01-29 13:46:02,394 INFO c.h.h.t.HelmChartContainer - [test-hivemq-platform] [hivemq] [9cad9261] WARN  - Bridge Extension: Connect to bridge 'testbridge' failed for the 2 time, reason: connection timed out after 10000 ms: /172.17.0.3:1883
2025-01-29 13:46:02,395 INFO c.h.h.t.HelmChartContainer - [test-hivemq-platform] [hivemq] [9cad9261] WARN  - Bridge Extension: Not all clients could connect successfully to remote brokers. The clients will retry the connection.
2025-01-29 13:46:02,493 INFO c.h.h.t.HelmChartContainer - [test-hivemq-platform] [hivemq] [9cad9261] INFO  - Extension "HiveMQ Enterprise Bridge Extension" version 4.36.0 started successfully.
2025-01-29 13:46:02,493 INFO c.h.h.testcontainer.LogWaiterUtil - TEST Found log pattern on 'test-hivemq-platform-0': .*Extension "HiveMQ Enterprise Bridge Extension" version .* started successfully.
2025-01-29 13:46:02,493 INFO c.h.h.t.HelmChartContainer - [test-hivemq-platform] [hivemq] [9cad9261] INFO  - Starting extension with id "hivemq-prometheus-extension" at /opt/hivemq/extensions/hivemq-prometheus-extension
2025-01-29 13:46:02,899 INFO c.h.h.t.HelmChartContainer - [test-hivemq-platform] [hivemq] [9cad9261] INFO  - Started Jetty Server exposing Prometheus Servlet on URI http://0.0.0.0:9399/
2025-01-29 13:46:02,899 INFO c.h.h.t.HelmChartContainer - [test-hivemq-platform] [hivemq] [9cad9261] INFO  - Extension "Prometheus Monitoring Extension" version 4.0.12 started successfully.
2025-01-29 13:46:02,899 INFO c.h.h.t.HelmChartContainer - [test-hivemq-platform] [hivemq] [9cad9261] INFO  - Starting extension with id "hivemq-allow-all-extension" at /opt/hivemq/extensions/hivemq-allow-all-extension
2025-01-29 13:46:02,900 INFO c.h.h.t.HelmChartContainer - [test-hivemq-platform] [hivemq] [9cad9261] WARN  - 
2025-01-29 13:46:02,900 INFO c.h.h.t.HelmChartContainer - [test-hivemq-platform] [hivemq] [9cad9261] ################################################################################################################
2025-01-29 13:46:02,900 INFO c.h.h.t.HelmChartContainer - [test-hivemq-platform] [hivemq] [9cad9261] # This HiveMQ deployment is not secure! You are lacking Authentication and Authorization.                      #
2025-01-29 13:46:02,900 INFO c.h.h.t.HelmChartContainer - [test-hivemq-platform] [hivemq] [9cad9261] # Right now any MQTT client can connect to the broker with a full set of permissions.                          #
2025-01-29 13:46:02,900 INFO c.h.h.t.HelmChartContainer - [test-hivemq-platform] [hivemq] [9cad9261] # For production usage, add an appropriate security extension and remove the hivemq-allow-all extension.       #
2025-01-29 13:46:02,900 INFO c.h.h.t.HelmChartContainer - [test-hivemq-platform] [hivemq] [9cad9261] # You can download security extensions from the HiveMQ Marketplace (https://www.hivemq.com/extensions/).       #
2025-01-29 13:46:02,900 INFO c.h.h.t.HelmChartContainer - [test-hivemq-platform] [hivemq] [9cad9261] ################################################################################################################
2025-01-29 13:46:02,901 INFO c.h.h.t.HelmChartContainer - [test-hivemq-platform] [hivemq] [9cad9261] INFO  - Extension "Allow All Extension" version 1.1.1 started successfully.
2025-01-29 13:46:02,901 INFO c.h.h.t.HelmChartContainer - [test-hivemq-platform] [hivemq] [9cad9261] WARN  - No user for HiveMQ Control Center configured. Starting with default user
2025-01-29 13:46:02,902 INFO c.h.h.t.HelmChartContainer - [test-hivemq-platform] [hivemq] [9cad9261] INFO  - Starting HiveMQ Control Center on address 0.0.0.0 and port 8080
2025-01-29 13:46:02,905 INFO c.h.h.t.HelmChartContainer - [test-hivemq-platform] [hivemq] [9cad9261] INFO  - Mounting HiveMQ Control Center V2 Preview
2025-01-29 13:46:03,593 INFO c.h.h.t.HelmChartContainer - [test-hivemq-platform] [hivemq] [9cad9261] INFO  - Started HiveMQ Control Center in 691ms
2025-01-29 13:46:03,614 INFO c.h.h.t.HelmChartContainer - [test-hivemq-platform] [hivemq] [9cad9261] INFO  - Starting TCP listener on address 0.0.0.0 and port 1883
2025-01-29 13:46:03,711 INFO c.h.h.t.HelmChartContainer - [test-hivemq-platform] [hivemq] [9cad9261] INFO  - Started TCP Listener on address 0.0.0.0 and on port 1883.
2025-01-29 13:46:03,712 INFO c.h.h.t.HelmChartContainer - [test-hivemq-platform] [hivemq] [9cad9261] INFO  - Started HiveMQ in 51709ms
2025-01-29 13:46:04,757 INFO c.h.h.t.HelmChartContainer - [test-hivemq-platform] [hivemq] [5feb8150] WARN  - Bridge Extension: Connect to bridge 'testbridge' failed for the 6 time, reason: connection timed out after 10000 ms: /172.17.0.3:1883
2025-01-29 13:46:06,410 INFO c.h.h.t.HelmChartContainer - [test-hivemq-platform] [hivemq] [9cad9261] INFO  - [HiveMQ Platform Operator Init App 1.7.0-SNAPSHOT] Returning Health API response 200 for readiness
2025-01-29 13:46:06,423 INFO c.h.h.t.HelmChartContainer - [POD] test-hivemq-platform-0 [9cad9261-1226-43ba-b870-6eb12ef9cabe] in helmupgradeextensionit was MODIFIED
2025-01-29 13:46:06,432 INFO c.h.h.t.HelmChartContainer - [hivemq-test-hivemq-platform] [hivemq-platform-operator] [871bd395] 13:46:06.425 [pool-6-thread-31] DEBUG c.h.p.o.d.PlatformServiceResource - [helmupgr] Desired Platform services (3 services)
2025-01-29 13:46:06,432 INFO c.h.h.t.HelmChartContainer - [hivemq-test-hivemq-platform] [hivemq-platform-operator] [871bd395] 13:46:06.426 [pool-6-thread-32] DEBUG c.h.p.o.d.PodServiceAccountResource - [helmupgr] Desired PodServiceAccountResource (serviceAccountName: hivemq-platform-pod-test-hivemq-platform)
2025-01-29 13:46:06,432 INFO c.h.h.t.HelmChartContainer - [hivemq-test-hivemq-platform] [hivemq-platform-operator] [871bd395] 13:46:06.425 [pool-6-thread-39] DEBUG c.h.p.o.dependants.PodInfoConfigMap - [helmupgr] Desired PodInfo ConfigMap (1 extensions) (1 enabled)
2025-01-29 13:46:06,432 INFO c.h.h.t.HelmChartContainer - [hivemq-test-hivemq-platform] [hivemq-platform-operator] [871bd395] 13:46:06.426 [pool-6-thread-39] DEBUG c.h.p.o.dependants.PodInfoConfigMap - [helmupgr] Desired PodInfo ConfigMap (metrics port: 9399) (metrics path: /)
2025-01-29 13:46:06,432 INFO c.h.h.t.HelmChartContainer - [hivemq-test-hivemq-platform] [hivemq-platform-operator] [871bd395] 13:46:06.426 [pool-6-thread-39] DEBUG c.h.p.o.dependants.PodInfoConfigMap - [helmupgr] Desired PodInfo ConfigMap (extension state hash: 1557251680)
2025-01-29 13:46:06,434 INFO c.h.h.t.HelmChartContainer - [hivemq-test-hivemq-platform] [hivemq-platform-operator] [871bd395] 13:46:06.429 [pool-6-thread-31] DEBUG c.h.p.o.d.StatefulSetResource - [helmupgr] Desired StatefulSet (2 replicas) for status ROLLING_RESTART (RESTART_PODS_IN_PROGRESS)
2025-01-29 13:46:06,435 INFO c.h.h.t.HelmChartContainer - [hivemq-test-hivemq-platform] [hivemq-platform-operator] [871bd395] 13:46:06.432 [ReconcilerExecutor-hivemq-controller-160] INFO  c.h.p.o.HiveMQPlatformReconciler - [helmupgr] Reconciling HiveMQ Platform 'test-hivemq-platform' in namespace 'helmupgradeextensionit'
2025-01-29 13:46:06,435 INFO c.h.h.t.HelmChartContainer - [hivemq-test-hivemq-platform] [hivemq-platform-operator] [871bd395] 13:46:06.432 [ReconcilerExecutor-hivemq-controller-160] DEBUG c.h.p.o.HiveMQPlatformReconciler - [helmupgr] Custom Resource Status ROLLING_RESTART - HiveMQ Platform is restarting Pods (rolling restart) (RESTART_PODS_IN_PROGRESS)
2025-01-29 13:46:06,435 INFO c.h.h.t.HelmChartContainer - [hivemq-test-hivemq-platform] [hivemq-platform-operator] [871bd395] 13:46:06.432 [ReconcilerExecutor-hivemq-controller-160] DEBUG c.h.p.o.HiveMQPlatformReconciler - [helmupgr] Custom Resource Spec (replicas: 1) (extensions: 1)
2025-01-29 13:46:06,435 INFO c.h.h.t.HelmChartContainer - [hivemq-test-hivemq-platform] [hivemq-platform-operator] [871bd395] 13:46:06.433 [ReconcilerExecutor-hivemq-controller-160] DEBUG c.h.p.o.HiveMQPlatformReconciler - [helmupgr] StatefulSet Status (revision: test-hivemq-platform-7c6d7d4d7b, replicas: 2, available: 1, ready: 1, current: 0, updated: 2)
2025-01-29 13:46:06,435 INFO c.h.h.t.HelmChartContainer - [hivemq-test-hivemq-platform] [hivemq-platform-operator] [871bd395] 13:46:06.433 [ReconcilerExecutor-hivemq-controller-160] DEBUG c.h.p.o.HiveMQPlatformReconciler - [helmupgr] StatefulSet Spec (replicas: 2, init containers: 1, containers: 1, volumes: 4)
2025-01-29 13:46:06,439 INFO c.h.h.t.HelmChartContainer - [hivemq-test-hivemq-platform] [hivemq-platform-operator] [871bd395] 13:46:06.435 [ReconcilerExecutor-hivemq-controller-160] DEBUG c.h.p.o.h.HiveMQPlatformReconcilerErrorHandler - [helmupgr] Pod 'test-hivemq-platform-1' phase Running
2025-01-29 13:46:06,439 INFO c.h.h.t.HelmChartContainer - [hivemq-test-hivemq-platform] [hivemq-platform-operator] [871bd395] 13:46:06.436 [ReconcilerExecutor-hivemq-controller-160] DEBUG c.h.p.o.h.HiveMQPlatformReconcilerErrorHandler - [helmupgr] Pod 'test-hivemq-platform-0' phase Running
2025-01-29 13:46:06,439 INFO c.h.h.t.HelmChartContainer - [hivemq-test-hivemq-platform] [hivemq-platform-operator] [871bd395] 13:46:06.437 [ReconcilerExecutor-hivemq-controller-160] DEBUG c.h.p.o.h.HiveMQPlatformReconcilerRollingRestartHandler - [helmupgr] Rolling restart is waiting for 1 of 2 replicas
2025-01-29 13:46:06,446 INFO c.h.h.t.HelmChartContainer - [hivemq-test-hivemq-platform] [hivemq-platform-operator] [871bd395] 13:46:06.443 [pool-6-thread-45] DEBUG c.h.p.o.d.PlatformServiceResource - [helmupgr] Desired Platform services (3 services)
2025-01-29 13:46:06,449 INFO c.h.h.t.HelmChartContainer - [hivemq-test-hivemq-platform] [hivemq-platform-operator] [871bd395] 13:46:06.445 [pool-6-thread-46] DEBUG c.h.p.o.dependants.PodInfoConfigMap - [helmupgr] Desired PodInfo ConfigMap (1 extensions) (1 enabled)
2025-01-29 13:46:06,449 INFO c.h.h.t.HelmChartContainer - [hivemq-test-hivemq-platform] [hivemq-platform-operator] [871bd395] 13:46:06.445 [pool-6-thread-46] DEBUG c.h.p.o.dependants.PodInfoConfigMap - [helmupgr] Desired PodInfo ConfigMap (metrics port: 9399) (metrics path: /)
2025-01-29 13:46:06,449 INFO c.h.h.t.HelmChartContainer - [hivemq-test-hivemq-platform] [hivemq-platform-operator] [871bd395] 13:46:06.445 [pool-6-thread-46] DEBUG c.h.p.o.dependants.PodInfoConfigMap - [helmupgr] Desired PodInfo ConfigMap (extension state hash: 1557251680)
2025-01-29 13:46:06,449 INFO c.h.h.t.HelmChartContainer - [hivemq-test-hivemq-platform] [hivemq-platform-operator] [871bd395] 13:46:06.445 [pool-6-thread-48] DEBUG c.h.p.o.d.PodServiceAccountResource - [helmupgr] Desired PodServiceAccountResource (serviceAccountName: hivemq-platform-pod-test-hivemq-platform)
2025-01-29 13:46:06,455 INFO c.h.h.t.HelmChartContainer - [hivemq-test-hivemq-platform] [hivemq-platform-operator] [871bd395] 13:46:06.452 [pool-6-thread-45] DEBUG c.h.p.o.d.StatefulSetResource - [helmupgr] Desired StatefulSet (2 replicas) for status ROLLING_RESTART (RESTART_PODS_IN_PROGRESS)
2025-01-29 13:46:06,502 INFO c.h.h.t.HelmChartContainer - [hivemq-test-hivemq-platform] [hivemq-platform-operator] [871bd395] 13:46:06.501 [ReconcilerExecutor-hivemq-controller-53] INFO  c.h.p.o.HiveMQPlatformReconciler - [helmupgr] Reconciling HiveMQ Platform 'test-hivemq-platform' in namespace 'helmupgradeextensionit'
2025-01-29 13:46:06,502 INFO c.h.h.t.HelmChartContainer - [hivemq-test-hivemq-platform] [hivemq-platform-operator] [871bd395] 13:46:06.501 [ReconcilerExecutor-hivemq-controller-53] DEBUG c.h.p.o.HiveMQPlatformReconciler - [helmupgr] Custom Resource Status ROLLING_RESTART - HiveMQ Platform is restarting Pods (rolling restart) (RESTART_PODS_IN_PROGRESS)
2025-01-29 13:46:06,502 INFO c.h.h.t.HelmChartContainer - [hivemq-test-hivemq-platform] [hivemq-platform-operator] [871bd395] 13:46:06.501 [ReconcilerExecutor-hivemq-controller-53] DEBUG c.h.p.o.HiveMQPlatformReconciler - [helmupgr] Custom Resource Spec (replicas: 1) (extensions: 1)
2025-01-29 13:46:06,505 INFO c.h.h.t.HelmChartContainer - [hivemq-test-hivemq-platform] [hivemq-platform-operator] [871bd395] 13:46:06.504 [ReconcilerExecutor-hivemq-controller-53] DEBUG c.h.p.o.HiveMQPlatformReconciler - [helmupgr] StatefulSet Status (revision: test-hivemq-platform-7c6d7d4d7b, replicas: 2, available: 2, ready: 2, current: 0, updated: 2)
2025-01-29 13:46:06,506 INFO c.h.h.t.HelmChartContainer - [hivemq-test-hivemq-platform] [hivemq-platform-operator] [871bd395] 13:46:06.504 [ReconcilerExecutor-hivemq-controller-53] DEBUG c.h.p.o.HiveMQPlatformReconciler - [helmupgr] StatefulSet Spec (replicas: 2, init containers: 1, containers: 1, volumes: 4)
2025-01-29 13:46:06,508 INFO c.h.h.t.HelmChartContainer - [hivemq-test-hivemq-platform] [hivemq-platform-operator] [871bd395] 13:46:06.507 [ReconcilerExecutor-hivemq-controller-53] DEBUG c.h.p.o.h.HiveMQPlatformReconcilerErrorHandler - [helmupgr] Pod 'test-hivemq-platform-1' phase Running
2025-01-29 13:46:06,509 INFO c.h.h.t.HelmChartContainer - [hivemq-test-hivemq-platform] [hivemq-platform-operator] [871bd395] 13:46:06.508 [ReconcilerExecutor-hivemq-controller-53] DEBUG c.h.p.o.h.HiveMQPlatformReconcilerErrorHandler - [helmupgr] Pod 'test-hivemq-platform-0' phase Running
2025-01-29 13:46:06,607 INFO c.h.h.t.HelmChartContainer - [hivemq-test-hivemq-platform] [hivemq-platform-operator] [871bd395] 13:46:06.605 [ReconcilerExecutor-hivemq-controller-53] DEBUG c.h.p.o.h.HiveMQPlatformReconcilerRollingRestartHandler - [helmupgr] Skipping Pod test-hivemq-platform-1 as it's already on the controller update revision (update revision: test-hivemq-platform-7c6d7d4d7b, pod revision: test-hivemq-platform-7c6d7d4d7b)
2025-01-29 13:46:06,636 INFO c.h.h.t.HelmChartContainer - [hivemq-test-hivemq-platform] [hivemq-platform-operator] [871bd395] 13:46:06.635 [ReconcilerExecutor-hivemq-controller-53] DEBUG c.h.p.o.h.HiveMQPlatformReconcilerRollingRestartHandler - [helmupgr] Skipping Pod test-hivemq-platform-0 as it's already on the controller update revision (update revision: test-hivemq-platform-7c6d7d4d7b, pod revision: test-hivemq-platform-7c6d7d4d7b)
2025-01-29 13:46:06,637 INFO c.h.h.t.HelmChartContainer - [hivemq-test-hivemq-platform] [hivemq-platform-operator] [871bd395] 13:46:06.635 [ReconcilerExecutor-hivemq-controller-53] INFO  c.h.p.o.h.HiveMQPlatformReconcilerRollingRestartHandler - [helmupgr] Stopping surge Pod
2025-01-29 13:46:06,651 INFO c.h.h.t.HelmChartContainer - [hivemq-test-hivemq-platform] [hivemq-platform-operator] [871bd395] 13:46:06.649 [ReconcilerExecutor-hivemq-controller-53] DEBUG c.h.p.operator.event.EventSender - [helmupgr] Creating K8s event rolling-restart-scale-down-in-progress: [RollingRestart] HiveMQ Platform is stopping the surge Pod (rolling restart)
2025-01-29 13:46:06,653 INFO c.h.h.t.HelmChartContainer - [EVENT] Normal [RollingRestart] HiveMQ Platform is stopping the surge Pod (rolling restart) [helmupgradeextensionit:test-hivemq-platform]
2025-01-29 13:46:06,654 INFO c.h.h.t.HelmChartContainer - [hivemq-test-hivemq-platform] [hivemq-platform-operator] [871bd395] 13:46:06.653 [ReconcilerExecutor-hivemq-controller-53] INFO  c.h.p.o.h.AbstractHiveMQReconcilerStateHandler - [helmupgr] Update HiveMQ Platform Status (ROLLING_RESTART [RESTART_PODS_IN_PROGRESS] -> ROLLING_RESTART [SCALE_DOWN_IN_PROGRESS]): HiveMQ Platform is stopping the surge Pod (rolling restart)
2025-01-29 13:46:06,661 DEBUG com.hivemq.helmcharts.util.K8sUtil - Comparing actual state 'ROLLING_RESTART' and waiting for 'RUNNING'
2025-01-29 13:46:11,994 INFO c.h.h.t.HelmChartContainer - [test-hivemq-platform] [hivemq] [5feb8150] WARN  - Bridge Extension: Connect to bridge 'testbridge' failed for the 6 time, reason: connection timed out after 10000 ms: /172.17.0.3:1883
2025-01-29 13:46:16,432 INFO c.h.h.t.HelmChartContainer - [test-hivemq-platform] [hivemq] [9cad9261] WARN  - Bridge Extension: Connect to bridge 'testbridge' failed for the 3 time, reason: connection timed out after 10000 ms: /172.17.0.3:1883
2025-01-29 13:46:16,707 INFO c.h.h.t.HelmChartContainer - [hivemq-test-hivemq-platform] [hivemq-platform-operator] [871bd395] 13:46:16.704 [pool-6-thread-4] DEBUG c.h.p.o.d.PlatformServiceResource - [helmupgr] Desired Platform services (3 services)
2025-01-29 13:46:16,708 INFO c.h.h.t.HelmChartContainer - [hivemq-test-hivemq-platform] [hivemq-platform-operator] [871bd395] 13:46:16.705 [pool-6-thread-9] DEBUG c.h.p.o.d.PodServiceAccountResource - [helmupgr] Desired PodServiceAccountResource (serviceAccountName: hivemq-platform-pod-test-hivemq-platform)
2025-01-29 13:46:16,708 INFO c.h.h.t.HelmChartContainer - [hivemq-test-hivemq-platform] [hivemq-platform-operator] [871bd395] 13:46:16.705 [pool-6-thread-10] DEBUG c.h.p.o.dependants.PodInfoConfigMap - [helmupgr] Desired PodInfo ConfigMap (1 extensions) (1 enabled)
2025-01-29 13:46:16,708 INFO c.h.h.t.HelmChartContainer - [hivemq-test-hivemq-platform] [hivemq-platform-operator] [871bd395] 13:46:16.705 [pool-6-thread-10] DEBUG c.h.p.o.dependants.PodInfoConfigMap - [helmupgr] Desired PodInfo ConfigMap (metrics port: 9399) (metrics path: /)
2025-01-29 13:46:16,708 INFO c.h.h.t.HelmChartContainer - [hivemq-test-hivemq-platform] [hivemq-platform-operator] [871bd395] 13:46:16.705 [pool-6-thread-10] DEBUG c.h.p.o.dependants.PodInfoConfigMap - [helmupgr] Desired PodInfo ConfigMap (extension state hash: 1557251680)
2025-01-29 13:46:16,708 INFO c.h.h.t.HelmChartContainer - [hivemq-test-hivemq-platform] [hivemq-platform-operator] [871bd395] 13:46:16.705 [pool-6-thread-10] DEBUG c.h.p.o.dependants.PodInfoConfigMap - [helmupgr] Update PodInfo ConfigMap
2025-01-29 13:46:16,714 INFO c.h.h.t.HelmChartContainer - [hivemq-test-hivemq-platform] [hivemq-platform-operator] [871bd395] 13:46:16.714 [pool-6-thread-10] DEBUG c.h.p.o.d.StatefulSetResource - [helmupgr] Desired StatefulSet (1 replicas) for status ROLLING_RESTART (SCALE_DOWN_IN_PROGRESS)
2025-01-29 13:46:16,717 INFO c.h.h.t.HelmChartContainer - [hivemq-test-hivemq-platform] [hivemq-platform-operator] [871bd395] 13:46:16.716 [pool-6-thread-10] DEBUG c.h.p.o.d.StatefulSetResource - [helmupgr] Update StatefulSet (replicas: 2 -> 1)
2025-01-29 13:46:16,731 INFO c.h.h.t.HelmChartContainer - [hivemq-test-hivemq-platform] [hivemq-platform-operator] [871bd395] 13:46:16.729 [ReconcilerExecutor-hivemq-controller-54] INFO  c.h.p.o.HiveMQPlatformReconciler - [helmupgr] Reconciling HiveMQ Platform 'test-hivemq-platform' in namespace 'helmupgradeextensionit'
2025-01-29 13:46:16,731 INFO c.h.h.t.HelmChartContainer - [hivemq-test-hivemq-platform] [hivemq-platform-operator] [871bd395] 13:46:16.730 [ReconcilerExecutor-hivemq-controller-54] DEBUG c.h.p.o.HiveMQPlatformReconciler - [helmupgr] Custom Resource Status ROLLING_RESTART - HiveMQ Platform is stopping the surge Pod (rolling restart) (SCALE_DOWN_IN_PROGRESS)
2025-01-29 13:46:16,731 INFO c.h.h.t.HelmChartContainer - [hivemq-test-hivemq-platform] [hivemq-platform-operator] [871bd395] 13:46:16.730 [ReconcilerExecutor-hivemq-controller-54] DEBUG c.h.p.o.HiveMQPlatformReconciler - [helmupgr] Custom Resource Spec (replicas: 1) (extensions: 1)
2025-01-29 13:46:16,732 INFO c.h.h.t.HelmChartContainer - [hivemq-test-hivemq-platform] [hivemq-platform-operator] [871bd395] 13:46:16.731 [ReconcilerExecutor-hivemq-controller-54] DEBUG c.h.p.o.HiveMQPlatformReconciler - [helmupgr] StatefulSet Status (revision: test-hivemq-platform-7c6d7d4d7b, replicas: 2, available: 2, ready: 2, current: 0, updated: 2)
2025-01-29 13:46:16,732 INFO c.h.h.t.HelmChartContainer - [hivemq-test-hivemq-platform] [hivemq-platform-operator] [871bd395] 13:46:16.731 [ReconcilerExecutor-hivemq-controller-54] DEBUG c.h.p.o.HiveMQPlatformReconciler - [helmupgr] StatefulSet Spec (replicas: 1, init containers: 1, containers: 1, volumes: 4)
2025-01-29 13:46:16,739 INFO c.h.h.t.HelmChartContainer - [POD] test-hivemq-platform-1 [5feb8150-2122-44f4-8214-a094c1f02916] in helmupgradeextensionit was MODIFIED
2025-01-29 13:46:16,742 INFO c.h.h.t.HelmChartContainer - [EVENT] Normal [SuccessfulDelete] delete Pod test-hivemq-platform-1 in StatefulSet test-hivemq-platform successful [helmupgradeextensionit:test-hivemq-platform]
2025-01-29 13:46:16,749 INFO c.h.h.t.HelmChartContainer - [test-hivemq-platform] [hivemq] [5feb8150] INFO  - [HiveMQ Platform Operator Init App 1.7.0-SNAPSHOT] Shutting down
2025-01-29 13:46:16,751 INFO c.h.h.t.HelmChartContainer - [test-hivemq-platform] [hivemq] [5feb8150] INFO  - [HiveMQ Platform Operator Init App 1.7.0-SNAPSHOT] Stopping the HiveMQ Platform
2025-01-29 13:46:16,754 INFO c.h.h.t.HelmChartContainer - [EVENT] Normal [Killing] Stopping container hivemq [helmupgradeextensionit:test-hivemq-platform-1]
2025-01-29 13:46:16,754 INFO c.h.h.t.HelmChartContainer - Received Killing event for container hivemq in pod test-hivemq-platform-1 [5feb8150-2122-44f4-8214-a094c1f02916]
2025-01-29 13:46:16,754 INFO c.h.h.t.HelmChartContainer - Container [test-hivemq-platform-1] [hivemq] [5feb8150-2122-44f4-8214-a094c1f02916] was terminated
2025-01-29 13:46:16,754 INFO c.h.h.t.HelmChartContainer - Stopped log watcher for hivemq in pod test-hivemq-platform-1 [5feb8150-2122-44f4-8214-a094c1f02916]
2025-01-29 13:46:16,803 INFO c.h.h.t.HelmChartContainer - [hivemq-test-hivemq-platform] [hivemq-platform-operator] [871bd395] 13:46:16.800 [ReconcilerExecutor-hivemq-controller-54] DEBUG c.h.p.o.h.HiveMQPlatformReconcilerErrorHandler - [helmupgr] Pod 'test-hivemq-platform-0' phase Running
2025-01-29 13:46:16,804 INFO c.h.h.t.HelmChartContainer - [hivemq-test-hivemq-platform] [hivemq-platform-operator] [871bd395] 13:46:16.801 [ReconcilerExecutor-hivemq-controller-54] DEBUG c.h.p.o.h.HiveMQPlatformReconcilerRollingRestartHandler - [helmupgr] Rolling restart is waiting for 2 of 1 replicas
2025-01-29 13:46:16,807 INFO c.h.h.t.HelmChartContainer - [hivemq-test-hivemq-platform] [hivemq-platform-operator] [871bd395] 13:46:16.806 [pool-6-thread-13] DEBUG c.h.p.o.d.PlatformServiceResource - [helmupgr] Desired Platform services (3 services)
2025-01-29 13:46:16,810 INFO c.h.h.t.HelmChartContainer - [hivemq-test-hivemq-platform] [hivemq-platform-operator] [871bd395] 13:46:16.806 [pool-6-thread-20] DEBUG c.h.p.o.dependants.PodInfoConfigMap - [helmupgr] Desired PodInfo ConfigMap (1 extensions) (1 enabled)
2025-01-29 13:46:16,810 INFO c.h.h.t.HelmChartContainer - [hivemq-test-hivemq-platform] [hivemq-platform-operator] [871bd395] 13:46:16.809 [pool-6-thread-20] DEBUG c.h.p.o.dependants.PodInfoConfigMap - [helmupgr] Desired PodInfo ConfigMap (metrics port: 9399) (metrics path: /)
2025-01-29 13:46:16,810 INFO c.h.h.t.HelmChartContainer - [hivemq-test-hivemq-platform] [hivemq-platform-operator] [871bd395] 13:46:16.809 [pool-6-thread-20] DEBUG c.h.p.o.dependants.PodInfoConfigMap - [helmupgr] Desired PodInfo ConfigMap (extension state hash: 1557251680)
2025-01-29 13:46:16,810 INFO c.h.h.t.HelmChartContainer - [hivemq-test-hivemq-platform] [hivemq-platform-operator] [871bd395] 13:46:16.807 [pool-6-thread-15] DEBUG c.h.p.o.d.PodServiceAccountResource - [helmupgr] Desired PodServiceAccountResource (serviceAccountName: hivemq-platform-pod-test-hivemq-platform)
2025-01-29 13:46:16,814 INFO c.h.h.t.HelmChartContainer - [hivemq-test-hivemq-platform] [hivemq-platform-operator] [871bd395] 13:46:16.813 [pool-6-thread-13] DEBUG c.h.p.o.d.StatefulSetResource - [helmupgr] Desired StatefulSet (1 replicas) for status ROLLING_RESTART (SCALE_DOWN_IN_PROGRESS)
2025-01-29 13:46:16,817 INFO c.h.h.t.HelmChartContainer - [hivemq-test-hivemq-platform] [hivemq-platform-operator] [871bd395] 13:46:16.816 [ReconcilerExecutor-hivemq-controller-65] INFO  c.h.p.o.HiveMQPlatformReconciler - [helmupgr] Reconciling HiveMQ Platform 'test-hivemq-platform' in namespace 'helmupgradeextensionit'
2025-01-29 13:46:16,818 INFO c.h.h.t.HelmChartContainer - [hivemq-test-hivemq-platform] [hivemq-platform-operator] [871bd395] 13:46:16.817 [ReconcilerExecutor-hivemq-controller-65] DEBUG c.h.p.o.HiveMQPlatformReconciler - [helmupgr] Custom Resource Status ROLLING_RESTART - HiveMQ Platform is stopping the surge Pod (rolling restart) (SCALE_DOWN_IN_PROGRESS)
2025-01-29 13:46:16,818 INFO c.h.h.t.HelmChartContainer - [hivemq-test-hivemq-platform] [hivemq-platform-operator] [871bd395] 13:46:16.817 [ReconcilerExecutor-hivemq-controller-65] DEBUG c.h.p.o.HiveMQPlatformReconciler - [helmupgr] Custom Resource Spec (replicas: 1) (extensions: 1)
2025-01-29 13:46:16,819 INFO c.h.h.t.HelmChartContainer - [hivemq-test-hivemq-platform] [hivemq-platform-operator] [871bd395] 13:46:16.819 [ReconcilerExecutor-hivemq-controller-65] DEBUG c.h.p.o.HiveMQPlatformReconciler - [helmupgr] StatefulSet Status (revision: test-hivemq-platform-7c6d7d4d7b, replicas: 2, available: 2, ready: 2, current: 0, updated: 1)
2025-01-29 13:46:16,855 INFO c.h.h.t.HelmChartContainer - [test-hivemq-platform] [hivemq] [5feb8150] INFO  - Shutting down HiveMQ. Please wait, this could take a while...
2025-01-29 13:46:16,902 INFO c.h.h.t.HelmChartContainer - [hivemq-test-hivemq-platform] [hivemq-platform-operator] [871bd395] 13:46:16.900 [ReconcilerExecutor-hivemq-controller-65] DEBUG c.h.p.o.HiveMQPlatformReconciler - [helmupgr] StatefulSet Spec (replicas: 1, init containers: 1, containers: 1, volumes: 4)
2025-01-29 13:46:16,904 INFO c.h.h.t.HelmChartContainer - [hivemq-test-hivemq-platform] [hivemq-platform-operator] [871bd395] 13:46:16.903 [ReconcilerExecutor-hivemq-controller-65] DEBUG c.h.p.o.h.HiveMQPlatformReconcilerErrorHandler - [helmupgr] Pod 'test-hivemq-platform-0' phase Running
2025-01-29 13:46:16,905 INFO c.h.h.t.HelmChartContainer - [hivemq-test-hivemq-platform] [hivemq-platform-operator] [871bd395] 13:46:16.903 [ReconcilerExecutor-hivemq-controller-65] DEBUG c.h.p.o.h.HiveMQPlatformReconcilerRollingRestartHandler - [helmupgr] Rolling restart is waiting for 2 of 1 replicas
2025-01-29 13:46:16,908 INFO c.h.h.t.HelmChartContainer - [hivemq-test-hivemq-platform] [hivemq-platform-operator] [871bd395] 13:46:16.907 [pool-6-thread-30] DEBUG c.h.p.o.d.PlatformServiceResource - [helmupgr] Desired Platform services (3 services)
2025-01-29 13:46:16,912 INFO c.h.h.t.HelmChartContainer - [hivemq-test-hivemq-platform] [hivemq-platform-operator] [871bd395] 13:46:16.910 [pool-6-thread-22] DEBUG c.h.p.o.dependants.PodInfoConfigMap - [helmupgr] Desired PodInfo ConfigMap (1 extensions) (1 enabled)
2025-01-29 13:46:16,912 INFO c.h.h.t.HelmChartContainer - [hivemq-test-hivemq-platform] [hivemq-platform-operator] [871bd395] 13:46:16.911 [pool-6-thread-22] DEBUG c.h.p.o.dependants.PodInfoConfigMap - [helmupgr] Desired PodInfo ConfigMap (metrics port: 9399) (metrics path: /)
2025-01-29 13:46:16,913 INFO c.h.h.t.HelmChartContainer - [hivemq-test-hivemq-platform] [hivemq-platform-operator] [871bd395] 13:46:16.911 [pool-6-thread-22] DEBUG c.h.p.o.dependants.PodInfoConfigMap - [helmupgr] Desired PodInfo ConfigMap (extension state hash: 1557251680)
2025-01-29 13:46:16,915 INFO c.h.h.t.HelmChartContainer - [hivemq-test-hivemq-platform] [hivemq-platform-operator] [871bd395] 13:46:16.912 [pool-6-thread-22] DEBUG c.h.p.o.d.PodServiceAccountResource - [helmupgr] Desired PodServiceAccountResource (serviceAccountName: hivemq-platform-pod-test-hivemq-platform)
2025-01-29 13:46:16,917 INFO c.h.h.t.HelmChartContainer - [hivemq-test-hivemq-platform] [hivemq-platform-operator] [871bd395] 13:46:16.916 [pool-6-thread-30] DEBUG c.h.p.o.d.StatefulSetResource - [helmupgr] Desired StatefulSet (1 replicas) for status ROLLING_RESTART (SCALE_DOWN_IN_PROGRESS)
2025-01-29 13:46:16,920 INFO c.h.h.t.HelmChartContainer - [hivemq-test-hivemq-platform] [hivemq-platform-operator] [871bd395] 13:46:16.920 [ReconcilerExecutor-hivemq-controller-65] INFO  c.h.p.o.HiveMQPlatformReconciler - [helmupgr] Reconciling HiveMQ Platform 'test-hivemq-platform' in namespace 'helmupgradeextensionit'
2025-01-29 13:46:16,922 INFO c.h.h.t.HelmChartContainer - [hivemq-test-hivemq-platform] [hivemq-platform-operator] [871bd395] 13:46:16.921 [ReconcilerExecutor-hivemq-controller-65] DEBUG c.h.p.o.HiveMQPlatformReconciler - [helmupgr] Custom Resource Status ROLLING_RESTART - HiveMQ Platform is stopping the surge Pod (rolling restart) (SCALE_DOWN_IN_PROGRESS)
2025-01-29 13:46:16,923 INFO c.h.h.t.HelmChartContainer - [hivemq-test-hivemq-platform] [hivemq-platform-operator] [871bd395] 13:46:16.921 [ReconcilerExecutor-hivemq-controller-65] DEBUG c.h.p.o.HiveMQPlatformReconciler - [helmupgr] Custom Resource Spec (replicas: 1) (extensions: 1)
2025-01-29 13:46:16,926 INFO c.h.h.t.HelmChartContainer - [hivemq-test-hivemq-platform] [hivemq-platform-operator] [871bd395] 13:46:16.925 [ReconcilerExecutor-hivemq-controller-65] DEBUG c.h.p.o.HiveMQPlatformReconciler - [helmupgr] StatefulSet Status (revision: test-hivemq-platform-7c6d7d4d7b, replicas: 2, available: 2, ready: 2, current: 0, updated: 1)
2025-01-29 13:46:16,926 INFO c.h.h.t.HelmChartContainer - [hivemq-test-hivemq-platform] [hivemq-platform-operator] [871bd395] 13:46:16.925 [ReconcilerExecutor-hivemq-controller-65] DEBUG c.h.p.o.HiveMQPlatformReconciler - [helmupgr] StatefulSet Spec (replicas: 1, init containers: 1, containers: 1, volumes: 4)
2025-01-29 13:46:16,939 INFO c.h.h.t.HelmChartContainer - [test-hivemq-platform] [hivemq] [5feb8150] INFO  - Shutting down listeners and clients
2025-01-29 13:46:16,940 INFO c.h.h.t.HelmChartContainer - [test-hivemq-platform] [hivemq] [5feb8150] INFO  - Shutdown of listeners is done
2025-01-29 13:46:16,941 INFO c.h.h.t.HelmChartContainer - [test-hivemq-platform] [hivemq] [5feb8150] INFO  - No clients are connected, proceeding with shutdown
2025-01-29 13:46:17,003 INFO c.h.h.t.HelmChartContainer - [hivemq-test-hivemq-platform] [hivemq-platform-operator] [871bd395] 13:46:17.001 [ReconcilerExecutor-hivemq-controller-65] DEBUG c.h.p.o.h.HiveMQPlatformReconcilerErrorHandler - [helmupgr] Pod 'test-hivemq-platform-0' phase Running
2025-01-29 13:46:17,003 INFO c.h.h.t.HelmChartContainer - [hivemq-test-hivemq-platform] [hivemq-platform-operator] [871bd395] 13:46:17.002 [ReconcilerExecutor-hivemq-controller-65] DEBUG c.h.p.o.h.HiveMQPlatformReconcilerRollingRestartHandler - [helmupgr] Rolling restart is waiting for 2 of 1 replicas
2025-01-29 13:46:17,062 INFO c.h.h.t.HelmChartContainer - [test-hivemq-platform] [hivemq] [9cad9261] WARN  - Bridge Extension: Connect to bridge 'testbridge' failed for the 3 time, reason: connection timed out after 10000 ms: /172.17.0.3:1883
2025-01-29 13:46:19,654 INFO c.h.h.t.HelmChartContainer - [test-hivemq-platform] [hivemq] [5feb8150] INFO  - Shutting down extension system
2025-01-29 13:46:19,656 INFO c.h.h.t.HelmChartContainer - [test-hivemq-platform] [hivemq] [5feb8150] INFO  - Stopping extension with id hivemq-dns-cluster-discovery
2025-01-29 13:46:19,656 INFO c.h.h.t.HelmChartContainer - [test-hivemq-platform] [hivemq] [5feb8150] INFO  - Extension "DNS Cluster Discovery Extension" version 4.3.2 stopped successfully.
2025-01-29 13:46:19,656 INFO c.h.h.t.HelmChartContainer - [test-hivemq-platform] [hivemq] [5feb8150] INFO  - Stopping extension with id hivemq-bridge-extension
2025-01-29 13:46:19,663 INFO c.h.h.t.HelmChartContainer - [test-hivemq-platform] [hivemq] [5feb8150] INFO  - Bridge Extension: Stopping extension
2025-01-29 13:46:19,743 INFO c.h.h.t.HelmChartContainer - [test-hivemq-platform] [hivemq] [5feb8150] ERROR - Bridge Extension: Error when disconnecting client "testbridge-0-277ba6fe-601d-41f8-9fc6-18b4d8bb9fbf". Reason: MQTT client is not connected.
2025-01-29 13:46:19,743 INFO c.h.h.t.HelmChartContainer - [test-hivemq-platform] [hivemq] [5feb8150] ERROR - Bridge Extension: Error when disconnecting client "testbridge-1-277ba6fe-601d-41f8-9fc6-18b4d8bb9fbf". Reason: MQTT client is not connected.
2025-01-29 13:46:19,743 INFO c.h.h.t.HelmChartContainer - [test-hivemq-platform] [hivemq] [5feb8150] INFO  - Extension "HiveMQ Enterprise Bridge Extension" version 4.36.0 stopped successfully.
2025-01-29 13:46:19,743 INFO c.h.h.t.HelmChartContainer - [test-hivemq-platform] [hivemq] [5feb8150] INFO  - Stopping extension with id hivemq-prometheus-extension
2025-01-29 13:46:19,747 INFO c.h.h.t.HelmChartContainer - [test-hivemq-platform] [hivemq] [5feb8150] INFO  - Extension "Prometheus Monitoring Extension" version 4.0.12 stopped successfully.
2025-01-29 13:46:19,747 INFO c.h.h.t.HelmChartContainer - [test-hivemq-platform] [hivemq] [5feb8150] INFO  - Stopping extension with id hivemq-allow-all-extension
2025-01-29 13:46:19,747 INFO c.h.h.t.HelmChartContainer - [test-hivemq-platform] [hivemq] [5feb8150] INFO  - Extension "Allow All Extension" version 1.1.1 stopped successfully.
2025-01-29 13:46:19,753 INFO c.h.h.t.HelmChartContainer - [test-hivemq-platform] [hivemq] [9cad9261] INFO  - Cluster nodes found by discovery: [TAIzX|4] (1) [TAIzX].
2025-01-29 13:46:19,760 INFO c.h.h.t.HelmChartContainer - [test-hivemq-platform] [hivemq] [9cad9261] INFO  - Cluster size = 1, members : [TAIzX].
2025-01-29 13:46:21,403 INFO c.h.h.t.HelmChartContainer - [test-hivemq-platform] [hivemq] [5feb8150] INFO  - [HiveMQ Platform Operator Init App 1.7.0-SNAPSHOT] Returning shutdown Health API response 503 for readiness
2025-01-29 13:46:21,408 INFO c.h.h.t.HelmChartContainer - [EVENT] Warning [Unhealthy] Readiness probe failed: HTTP probe failed with statuscode: 503 [helmupgradeextensionit:test-hivemq-platform-1]
2025-01-29 13:46:21,409 INFO c.h.h.t.HelmChartContainer - Received Unhealthy event for container hivemq in pod test-hivemq-platform-1 [5feb8150-2122-44f4-8214-a094c1f02916]
2025-01-29 13:46:22,038 INFO c.h.h.t.HelmChartContainer - [test-hivemq-platform] [hivemq] [5feb8150] INFO  - Shutdown completed.
2025-01-29 13:46:22,399 INFO c.h.h.t.HelmChartContainer - [test-hivemq-platform] [hivemq] [5feb8150] INFO  - [HiveMQ Platform Operator Init App 1.7.0-SNAPSHOT] The HiveMQ Platform exited with code 143
2025-01-29 13:46:22,399 INFO c.h.h.t.HelmChartContainer - [test-hivemq-platform] [hivemq] [5feb8150] INFO  - [HiveMQ Platform Operator Init App 1.7.0-SNAPSHOT] Stopping the REST API
2025-01-29 13:46:22,438 INFO c.h.h.t.HelmChartContainer - [test-hivemq-platform] [hivemq] [5feb8150] INFO  - [HiveMQ Platform Operator Init App 1.7.0-SNAPSHOT] Shutdown complete
2025-01-29 13:46:22,878 INFO c.h.h.t.HelmChartContainer - [POD] test-hivemq-platform-1 [5feb8150-2122-44f4-8214-a094c1f02916] in helmupgradeextensionit was MODIFIED
2025-01-29 13:46:22,899 INFO c.h.h.t.HelmChartContainer - [hivemq-test-hivemq-platform] [hivemq-platform-operator] [871bd395] 13:46:22.883 [pool-6-thread-39] DEBUG c.h.p.o.d.PlatformServiceResource - [helmupgr] Desired Platform services (3 services)
2025-01-29 13:46:22,899 INFO c.h.h.t.HelmChartContainer - [hivemq-test-hivemq-platform] [hivemq-platform-operator] [871bd395] 13:46:22.884 [pool-6-thread-32] DEBUG c.h.p.o.dependants.PodInfoConfigMap - [helmupgr] Desired PodInfo ConfigMap (1 extensions) (1 enabled)
2025-01-29 13:46:22,899 INFO c.h.h.t.HelmChartContainer - [hivemq-test-hivemq-platform] [hivemq-platform-operator] [871bd395] 13:46:22.887 [pool-6-thread-32] DEBUG c.h.p.o.dependants.PodInfoConfigMap - [helmupgr] Desired PodInfo ConfigMap (metrics port: 9399) (metrics path: /)
2025-01-29 13:46:22,899 INFO c.h.h.t.HelmChartContainer - [hivemq-test-hivemq-platform] [hivemq-platform-operator] [871bd395] 13:46:22.888 [pool-6-thread-32] DEBUG c.h.p.o.dependants.PodInfoConfigMap - [helmupgr] Desired PodInfo ConfigMap (extension state hash: 1557251680)
2025-01-29 13:46:22,899 INFO c.h.h.t.HelmChartContainer - [hivemq-test-hivemq-platform] [hivemq-platform-operator] [871bd395] 13:46:22.888 [pool-6-thread-34] DEBUG c.h.p.o.d.PodServiceAccountResource - [helmupgr] Desired PodServiceAccountResource (serviceAccountName: hivemq-platform-pod-test-hivemq-platform)
2025-01-29 13:46:22,910 INFO c.h.h.t.HelmChartContainer - [hivemq-test-hivemq-platform] [hivemq-platform-operator] [871bd395] 13:46:22.897 [pool-6-thread-32] DEBUG c.h.p.o.d.StatefulSetResource - [helmupgr] Desired StatefulSet (1 replicas) for status ROLLING_RESTART (SCALE_DOWN_IN_PROGRESS)
2025-01-29 13:46:22,910 INFO c.h.h.t.HelmChartContainer - [hivemq-test-hivemq-platform] [hivemq-platform-operator] [871bd395] 13:46:22.904 [ReconcilerExecutor-hivemq-controller-87] INFO  c.h.p.o.HiveMQPlatformReconciler - [helmupgr] Reconciling HiveMQ Platform 'test-hivemq-platform' in namespace 'helmupgradeextensionit'
2025-01-29 13:46:22,910 INFO c.h.h.t.HelmChartContainer - [hivemq-test-hivemq-platform] [hivemq-platform-operator] [871bd395] 13:46:22.904 [ReconcilerExecutor-hivemq-controller-87] DEBUG c.h.p.o.HiveMQPlatformReconciler - [helmupgr] Custom Resource Status ROLLING_RESTART - HiveMQ Platform is stopping the surge Pod (rolling restart) (SCALE_DOWN_IN_PROGRESS)
2025-01-29 13:46:22,910 INFO c.h.h.t.HelmChartContainer - [hivemq-test-hivemq-platform] [hivemq-platform-operator] [871bd395] 13:46:22.904 [ReconcilerExecutor-hivemq-controller-87] DEBUG c.h.p.o.HiveMQPlatformReconciler - [helmupgr] Custom Resource Spec (replicas: 1) (extensions: 1)
2025-01-29 13:46:22,911 INFO c.h.h.t.HelmChartContainer - [hivemq-test-hivemq-platform] [hivemq-platform-operator] [871bd395] 13:46:22.906 [ReconcilerExecutor-hivemq-controller-87] DEBUG c.h.p.o.HiveMQPlatformReconciler - [helmupgr] StatefulSet Status (revision: test-hivemq-platform-7c6d7d4d7b, replicas: 2, available: 1, ready: 1, current: 0, updated: 1)
2025-01-29 13:46:22,911 INFO c.h.h.t.HelmChartContainer - [hivemq-test-hivemq-platform] [hivemq-platform-operator] [871bd395] 13:46:22.909 [ReconcilerExecutor-hivemq-controller-87] DEBUG c.h.p.o.HiveMQPlatformReconciler - [helmupgr] StatefulSet Spec (replicas: 1, init containers: 1, containers: 1, volumes: 4)
2025-01-29 13:46:22,913 INFO c.h.h.t.HelmChartContainer - [hivemq-test-hivemq-platform] [hivemq-platform-operator] [871bd395] 13:46:22.911 [ReconcilerExecutor-hivemq-controller-87] DEBUG c.h.p.o.h.HiveMQPlatformReconcilerErrorHandler - [helmupgr] Pod 'test-hivemq-platform-0' phase Running
2025-01-29 13:46:22,915 INFO c.h.h.t.HelmChartContainer - [hivemq-test-hivemq-platform] [hivemq-platform-operator] [871bd395] 13:46:22.914 [ReconcilerExecutor-hivemq-controller-87] INFO  c.h.p.o.h.HiveMQPlatformReconcilerRollingRestartHandler - [helmupgr] Rolling restart is done
2025-01-29 13:46:22,917 INFO c.h.h.t.HelmChartContainer - [K3S] [reconciler_common.go:162] "operationExecutor.UnmountVolume started for volume \"pod-info\" (UniqueName: \"kubernetes.io/configmap/5feb8150-2122-44f4-8214-a094c1f02916-pod-info\") pod \"5feb8150-2122-44f4-8214-a094c1f02916\" (UID: \"5feb8150-2122-44f4-8214-a094c1f02916\") "
2025-01-29 13:46:22,917 INFO c.h.h.t.HelmChartContainer - [K3S] [reconciler_common.go:162] "operationExecutor.UnmountVolume started for volume \"extension-configuration-hivemq-bridge-extension\" (UniqueName: \"kubernetes.io/configmap/5feb8150-2122-44f4-8214-a094c1f02916-extension-configuration-hivemq-bridge-extension\") pod \"5feb8150-2122-44f4-8214-a094c1f02916\" (UID: \"5feb8150-2122-44f4-8214-a094c1f02916\") "
2025-01-29 13:46:22,918 INFO c.h.h.t.HelmChartContainer - [K3S] [reconciler_common.go:162] "operationExecutor.UnmountVolume started for volume \"broker-configuration\" (UniqueName: \"kubernetes.io/configmap/5feb8150-2122-44f4-8214-a094c1f02916-broker-configuration\") pod \"5feb8150-2122-44f4-8214-a094c1f02916\" (UID: \"5feb8150-2122-44f4-8214-a094c1f02916\") "
2025-01-29 13:46:22,918 INFO c.h.h.t.HelmChartContainer - [K3S] [reconciler_common.go:162] "operationExecutor.UnmountVolume started for volume \"kube-api-access-776gq\" (UniqueName: \"kubernetes.io/projected/5feb8150-2122-44f4-8214-a094c1f02916-kube-api-access-776gq\") pod \"5feb8150-2122-44f4-8214-a094c1f02916\" (UID: \"5feb8150-2122-44f4-8214-a094c1f02916\") "
2025-01-29 13:46:22,918 INFO c.h.h.t.HelmChartContainer - [K3S] [reconciler_common.go:162] "operationExecutor.UnmountVolume started for volume \"operator-init\" (UniqueName: \"kubernetes.io/empty-dir/5feb8150-2122-44f4-8214-a094c1f02916-operator-init\") pod \"5feb8150-2122-44f4-8214-a094c1f02916\" (UID: \"5feb8150-2122-44f4-8214-a094c1f02916\") "
2025-01-29 13:46:22,945 INFO c.h.h.t.HelmChartContainer - [EVENT] Normal [Ready] HiveMQ Platform is ready [helmupgradeextensionit:test-hivemq-platform]
2025-01-29 13:46:22,946 INFO c.h.h.t.HelmChartContainer - [hivemq-test-hivemq-platform] [hivemq-platform-operator] [871bd395] 13:46:22.946 [ReconcilerExecutor-hivemq-controller-87] DEBUG c.h.p.operator.event.EventSender - [helmupgr] Updating K8s event hivemq-platform-ready: [Ready] HiveMQ Platform is ready
2025-01-29 13:46:22,956 INFO c.h.h.t.HelmChartContainer - [hivemq-test-hivemq-platform] [hivemq-platform-operator] [871bd395] 13:46:22.946 [ReconcilerExecutor-hivemq-controller-87] INFO  c.h.p.o.h.AbstractHiveMQReconcilerStateHandler - [helmupgr] Update HiveMQ Platform Status (ROLLING_RESTART [SCALE_DOWN_IN_PROGRESS] -> RUNNING [READY]): HiveMQ Platform is ready
2025-01-29 13:46:22,963 DEBUG com.hivemq.helmcharts.util.K8sUtil - Comparing actual state 'RUNNING' and waiting for 'RUNNING'
2025-01-29 13:46:22,976 INFO c.h.h.t.HelmChartContainer - [hivemq-test-hivemq-platform] [hivemq-platform-operator] [871bd395] 13:46:22.970 [pool-6-thread-49] DEBUG c.h.p.o.dependants.PodInfoConfigMap - [helmupgr] Desired PodInfo ConfigMap (1 extensions) (1 enabled)
2025-01-29 13:46:22,976 INFO c.h.h.t.HelmChartContainer - [hivemq-test-hivemq-platform] [hivemq-platform-operator] [871bd395] 13:46:22.971 [pool-6-thread-49] DEBUG c.h.p.o.dependants.PodInfoConfigMap - [helmupgr] Desired PodInfo ConfigMap (metrics port: 9399) (metrics path: /)
2025-01-29 13:46:22,976 INFO c.h.h.t.HelmChartContainer - [hivemq-test-hivemq-platform] [hivemq-platform-operator] [871bd395] 13:46:22.971 [pool-6-thread-49] DEBUG c.h.p.o.dependants.PodInfoConfigMap - [helmupgr] Desired PodInfo ConfigMap (extension state hash: 1557251680)
2025-01-29 13:46:22,976 INFO c.h.h.t.HelmChartContainer - [hivemq-test-hivemq-platform] [hivemq-platform-operator] [871bd395] 13:46:22.970 [pool-6-thread-46] DEBUG c.h.p.o.d.PodServiceAccountResource - [helmupgr] Desired PodServiceAccountResource (serviceAccountName: hivemq-platform-pod-test-hivemq-platform)
2025-01-29 13:46:22,976 INFO c.h.h.t.HelmChartContainer - [hivemq-test-hivemq-platform] [hivemq-platform-operator] [871bd395] 13:46:22.970 [pool-6-thread-48] DEBUG c.h.p.o.d.PlatformServiceResource - [helmupgr] Desired Platform services (3 services)
2025-01-29 13:46:22,976 INFO c.h.h.t.HelmChartContainer - [hivemq-test-hivemq-platform] [hivemq-platform-operator] [871bd395] 13:46:22.972 [pool-6-thread-49] DEBUG c.h.p.o.dependants.PodInfoConfigMap - [helmupgr] Update PodInfo ConfigMap
2025-01-29 13:46:23,017 INFO c.h.h.t.HelmChartContainer - [K3S] [reconciler_common.go:299] "Volume detached for volume \"extension-configuration-hivemq-bridge-extension\" (UniqueName: \"kubernetes.io/configmap/5feb8150-2122-44f4-8214-a094c1f02916-extension-configuration-hivemq-bridge-extension\") on node \"41e0b4b2959d\" DevicePath \"\""
2025-01-29 13:46:23,017 INFO c.h.h.t.HelmChartContainer - [K3S] [reconciler_common.go:299] "Volume detached for volume \"broker-configuration\" (UniqueName: \"kubernetes.io/configmap/5feb8150-2122-44f4-8214-a094c1f02916-broker-configuration\") on node \"41e0b4b2959d\" DevicePath \"\""
2025-01-29 13:46:23,017 INFO c.h.h.t.HelmChartContainer - [K3S] [reconciler_common.go:299] "Volume detached for volume \"kube-api-access-776gq\" (UniqueName: \"kubernetes.io/projected/5feb8150-2122-44f4-8214-a094c1f02916-kube-api-access-776gq\") on node \"41e0b4b2959d\" DevicePath \"\""
2025-01-29 13:46:23,017 INFO c.h.h.t.HelmChartContainer - [K3S] [reconciler_common.go:299] "Volume detached for volume \"operator-init\" (UniqueName: \"kubernetes.io/empty-dir/5feb8150-2122-44f4-8214-a094c1f02916-operator-init\") on node \"41e0b4b2959d\" DevicePath \"\""
2025-01-29 13:46:23,017 INFO c.h.h.t.HelmChartContainer - [K3S] [reconciler_common.go:299] "Volume detached for volume \"pod-info\" (UniqueName: \"kubernetes.io/configmap/5feb8150-2122-44f4-8214-a094c1f02916-pod-info\") on node \"41e0b4b2959d\" DevicePath \"\""
2025-01-29 13:46:23,039 INFO c.h.h.t.HelmChartContainer - [hivemq-test-hivemq-platform] [hivemq-platform-operator] [871bd395] 13:46:23.037 [pool-6-thread-49] DEBUG c.h.p.o.d.StatefulSetResource - [helmupgr] Desired StatefulSet (1 replicas) for status RUNNING (READY)
2025-01-29 13:46:23,041 INFO c.h.h.t.HelmChartContainer - [hivemq-test-hivemq-platform] [hivemq-platform-operator] [871bd395] 13:46:23.040 [ReconcilerExecutor-hivemq-controller-87] INFO  c.h.p.o.HiveMQPlatformReconciler - [helmupgr] Reconciling HiveMQ Platform 'test-hivemq-platform' in namespace 'helmupgradeextensionit'
2025-01-29 13:46:23,041 INFO c.h.h.t.HelmChartContainer - [hivemq-test-hivemq-platform] [hivemq-platform-operator] [871bd395] 13:46:23.040 [ReconcilerExecutor-hivemq-controller-87] DEBUG c.h.p.o.HiveMQPlatformReconciler - [helmupgr] Custom Resource Status RUNNING - HiveMQ Platform is ready (READY)
2025-01-29 13:46:23,042 INFO c.h.h.t.HelmChartContainer - [hivemq-test-hivemq-platform] [hivemq-platform-operator] [871bd395] 13:46:23.040 [ReconcilerExecutor-hivemq-controller-87] DEBUG c.h.p.o.HiveMQPlatformReconciler - [helmupgr] Custom Resource Spec (replicas: 1) (extensions: 1)
2025-01-29 13:46:23,043 INFO c.h.h.t.HelmChartContainer - [hivemq-test-hivemq-platform] [hivemq-platform-operator] [871bd395] 13:46:23.042 [ReconcilerExecutor-hivemq-controller-87] DEBUG c.h.p.o.HiveMQPlatformReconciler - [helmupgr] StatefulSet Status (revision: test-hivemq-platform-7c6d7d4d7b, replicas: 2, available: 1, ready: 1, current: 0, updated: 1)
2025-01-29 13:46:23,043 INFO c.h.h.t.HelmChartContainer - [hivemq-test-hivemq-platform] [hivemq-platform-operator] [871bd395] 13:46:23.042 [ReconcilerExecutor-hivemq-controller-87] DEBUG c.h.p.o.HiveMQPlatformReconciler - [helmupgr] StatefulSet Spec (replicas: 1, init containers: 1, containers: 1, volumes: 4)
2025-01-29 13:46:23,044 INFO c.h.h.t.HelmChartContainer - [hivemq-test-hivemq-platform] [hivemq-platform-operator] [871bd395] 13:46:23.043 [ReconcilerExecutor-hivemq-controller-87] DEBUG c.h.p.o.h.HiveMQPlatformReconcilerErrorHandler - [helmupgr] Pod 'test-hivemq-platform-0' phase Running
2025-01-29 13:46:23,284 INFO c.h.h.t.HelmChartContainer - [K3S] [scope.go:117] "RemoveContainer" containerID="76014722017d36de68b101863f2200b301695ba702cc2aeb4c4bb608317bfdec"
2025-01-29 13:46:23,298 INFO c.h.h.t.HelmChartContainer - [POD] test-hivemq-platform-1 [5feb8150-2122-44f4-8214-a094c1f02916] in helmupgradeextensionit was MODIFIED
2025-01-29 13:46:23,306 INFO c.h.h.t.HelmChartContainer - [POD] test-hivemq-platform-1 [5feb8150-2122-44f4-8214-a094c1f02916] in helmupgradeextensionit was DELETED
2025-01-29 13:46:23,314 INFO c.h.h.t.HelmChartContainer - [hivemq-test-hivemq-platform] [hivemq-platform-operator] [871bd395] 13:46:23.310 [pool-6-thread-9] DEBUG c.h.p.o.d.PlatformServiceResource - [helmupgr] Desired Platform services (3 services)
2025-01-29 13:46:23,317 INFO c.h.h.t.HelmChartContainer - [hivemq-test-hivemq-platform] [hivemq-platform-operator] [871bd395] 13:46:23.315 [pool-6-thread-8] DEBUG c.h.p.o.d.PodServiceAccountResource - [helmupgr] Desired PodServiceAccountResource (serviceAccountName: hivemq-platform-pod-test-hivemq-platform)
2025-01-29 13:46:23,343 INFO c.h.h.t.HelmChartContainer - [hivemq-test-hivemq-platform] [hivemq-platform-operator] [871bd395] 13:46:23.312 [pool-6-thread-9] DEBUG c.h.p.o.dependants.PodInfoConfigMap - [helmupgr] Desired PodInfo ConfigMap (1 extensions) (1 enabled)
2025-01-29 13:46:23,343 INFO c.h.h.t.HelmChartContainer - [hivemq-test-hivemq-platform] [hivemq-platform-operator] [871bd395] 13:46:23.337 [pool-6-thread-9] DEBUG c.h.p.o.dependants.PodInfoConfigMap - [helmupgr] Desired PodInfo ConfigMap (metrics port: 9399) (metrics path: /)
2025-01-29 13:46:23,343 INFO c.h.h.t.HelmChartContainer - [hivemq-test-hivemq-platform] [hivemq-platform-operator] [871bd395] 13:46:23.337 [pool-6-thread-9] DEBUG c.h.p.o.dependants.PodInfoConfigMap - [helmupgr] Desired PodInfo ConfigMap (extension state hash: 1557251680)
2025-01-29 13:46:23,344 INFO c.h.h.t.HelmChartContainer - [hivemq-test-hivemq-platform] [hivemq-platform-operator] [871bd395] 13:46:23.338 [pool-6-thread-9] DEBUG c.h.p.o.d.StatefulSetResource - [helmupgr] Desired StatefulSet (1 replicas) for status RUNNING (READY)
2025-01-29 13:46:23,344 INFO c.h.h.t.HelmChartContainer - [hivemq-test-hivemq-platform] [hivemq-platform-operator] [871bd395] 13:46:23.341 [ReconcilerExecutor-hivemq-controller-109] INFO  c.h.p.o.HiveMQPlatformReconciler - [helmupgr] Reconciling HiveMQ Platform 'test-hivemq-platform' in namespace 'helmupgradeextensionit'
2025-01-29 13:46:23,344 INFO c.h.h.t.HelmChartContainer - [hivemq-test-hivemq-platform] [hivemq-platform-operator] [871bd395] 13:46:23.341 [ReconcilerExecutor-hivemq-controller-109] DEBUG c.h.p.o.HiveMQPlatformReconciler - [helmupgr] Custom Resource Status RUNNING - HiveMQ Platform is ready (READY)
2025-01-29 13:46:23,344 INFO c.h.h.t.HelmChartContainer - [hivemq-test-hivemq-platform] [hivemq-platform-operator] [871bd395] 13:46:23.341 [ReconcilerExecutor-hivemq-controller-109] DEBUG c.h.p.o.HiveMQPlatformReconciler - [helmupgr] Custom Resource Spec (replicas: 1) (extensions: 1)
2025-01-29 13:46:23,347 INFO c.h.h.t.HelmChartContainer - [hivemq-test-hivemq-platform] [hivemq-platform-operator] [871bd395] 13:46:23.343 [ReconcilerExecutor-hivemq-controller-109] DEBUG c.h.p.o.HiveMQPlatformReconciler - [helmupgr] StatefulSet Status (revision: test-hivemq-platform-7c6d7d4d7b, replicas: 1, available: 1, ready: 1, current: 0, updated: 1)
2025-01-29 13:46:23,347 INFO c.h.h.t.HelmChartContainer - [hivemq-test-hivemq-platform] [hivemq-platform-operator] [871bd395] 13:46:23.343 [ReconcilerExecutor-hivemq-controller-109] DEBUG c.h.p.o.HiveMQPlatformReconciler - [helmupgr] StatefulSet Spec (replicas: 1, init containers: 1, containers: 1, volumes: 4)
2025-01-29 13:46:23,348 INFO c.h.h.t.HelmChartContainer - [hivemq-test-hivemq-platform] [hivemq-platform-operator] [871bd395] 13:46:23.346 [ReconcilerExecutor-hivemq-controller-109] DEBUG c.h.p.o.h.HiveMQPlatformReconcilerErrorHandler - [helmupgr] Pod 'test-hivemq-platform-0' phase Running
2025-01-29 13:46:23,351 INFO c.h.h.t.HelmChartContainer - [hivemq-test-hivemq-platform] [hivemq-platform-operator] [871bd395] 13:46:23.349 [pool-6-thread-17] DEBUG c.h.p.o.d.PlatformServiceResource - [helmupgr] Desired Platform services (3 services)
2025-01-29 13:46:23,351 INFO c.h.h.t.HelmChartContainer - [hivemq-test-hivemq-platform] [hivemq-platform-operator] [871bd395] 13:46:23.350 [pool-6-thread-16] DEBUG c.h.p.o.dependants.PodInfoConfigMap - [helmupgr] Desired PodInfo ConfigMap (1 extensions) (1 enabled)
2025-01-29 13:46:23,352 INFO c.h.h.t.HelmChartContainer - [hivemq-test-hivemq-platform] [hivemq-platform-operator] [871bd395] 13:46:23.350 [pool-6-thread-16] DEBUG c.h.p.o.dependants.PodInfoConfigMap - [helmupgr] Desired PodInfo ConfigMap (metrics port: 9399) (metrics path: /)
2025-01-29 13:46:23,352 INFO c.h.h.t.HelmChartContainer - [hivemq-test-hivemq-platform] [hivemq-platform-operator] [871bd395] 13:46:23.350 [pool-6-thread-16] DEBUG c.h.p.o.dependants.PodInfoConfigMap - [helmupgr] Desired PodInfo ConfigMap (extension state hash: 1557251680)
2025-01-29 13:46:23,405 INFO c.h.h.t.HelmChartContainer - [hivemq-test-hivemq-platform] [hivemq-platform-operator] [871bd395] 13:46:23.401 [pool-6-thread-14] DEBUG c.h.p.o.d.PodServiceAccountResource - [helmupgr] Desired PodServiceAccountResource (serviceAccountName: hivemq-platform-pod-test-hivemq-platform)
2025-01-29 13:46:23,406 INFO c.h.h.t.HelmChartContainer - [hivemq-test-hivemq-platform] [hivemq-platform-operator] [871bd395] 13:46:23.402 [pool-6-thread-16] DEBUG c.h.p.o.d.StatefulSetResource - [helmupgr] Desired StatefulSet (1 replicas) for status RUNNING (READY)
2025-01-29 13:46:23,407 INFO c.h.h.t.HelmChartContainer - [K3S] [scope.go:117] "RemoveContainer" containerID="d4ca018a8fdb19b65210a0d20411737662ab214466bf518f658e949515afab00"
2025-01-29 13:46:23,408 INFO c.h.h.t.HelmChartContainer - [hivemq-test-hivemq-platform] [hivemq-platform-operator] [871bd395] 13:46:23.407 [ReconcilerExecutor-hivemq-controller-109] INFO  c.h.p.o.HiveMQPlatformReconciler - [helmupgr] Reconciling HiveMQ Platform 'test-hivemq-platform' in namespace 'helmupgradeextensionit'
2025-01-29 13:46:23,409 INFO c.h.h.t.HelmChartContainer - [hivemq-test-hivemq-platform] [hivemq-platform-operator] [871bd395] 13:46:23.407 [ReconcilerExecutor-hivemq-controller-109] DEBUG c.h.p.o.HiveMQPlatformReconciler - [helmupgr] Custom Resource Status RUNNING - HiveMQ Platform is ready (READY)
2025-01-29 13:46:23,409 INFO c.h.h.t.HelmChartContainer - [hivemq-test-hivemq-platform] [hivemq-platform-operator] [871bd395] 13:46:23.407 [ReconcilerExecutor-hivemq-controller-109] DEBUG c.h.p.o.HiveMQPlatformReconciler - [helmupgr] Custom Resource Spec (replicas: 1) (extensions: 1)
2025-01-29 13:46:23,410 INFO c.h.h.t.HelmChartContainer - [K3S] [scope.go:117] "RemoveContainer" containerID="76014722017d36de68b101863f2200b301695ba702cc2aeb4c4bb608317bfdec"
2025-01-29 13:46:23,410 INFO c.h.h.t.HelmChartContainer - [K3S] [scope.go:117] "RemoveContainer" containerID="d4ca018a8fdb19b65210a0d20411737662ab214466bf518f658e949515afab00"
2025-01-29 13:46:23,437 INFO c.h.h.t.HelmChartContainer - [hivemq-test-hivemq-platform] [hivemq-platform-operator] [871bd395] 13:46:23.435 [ReconcilerExecutor-hivemq-controller-109] DEBUG c.h.p.o.HiveMQPlatformReconciler - [helmupgr] StatefulSet Status (revision: test-hivemq-platform-7c6d7d4d7b, replicas: 1, available: 1, ready: 1, current: 0, updated: 1)
2025-01-29 13:46:23,437 INFO c.h.h.t.HelmChartContainer - [hivemq-test-hivemq-platform] [hivemq-platform-operator] [871bd395] 13:46:23.436 [ReconcilerExecutor-hivemq-controller-109] DEBUG c.h.p.o.HiveMQPlatformReconciler - [helmupgr] StatefulSet Spec (replicas: 1, init containers: 1, containers: 1, volumes: 4)
2025-01-29 13:46:23,439 INFO c.h.h.t.HelmChartContainer - [hivemq-test-hivemq-platform] [hivemq-platform-operator] [871bd395] 13:46:23.437 [ReconcilerExecutor-hivemq-controller-109] DEBUG c.h.p.o.h.HiveMQPlatformReconcilerErrorHandler - [helmupgr] Pod 'test-hivemq-platform-0' phase Running
2025-01-29 13:46:23,440 INFO c.h.h.t.HelmChartContainer - [K3S] [kubelet_volumes.go:163] "Cleaned up orphaned pod volumes dir" podUID="5feb8150-2122-44f4-8214-a094c1f02916" path="/var/lib/kubelet/pods/5feb8150-2122-44f4-8214-a094c1f02916/volumes"
2025-01-29 13:46:26,997 INFO c.h.h.t.HelmChartContainer - Uninstalling release 'test-hivemq-platform' in namespace 'helmupgradeextensionit'...
2025-01-29 13:46:26,997 DEBUG c.h.h.t.HelmChartContainer - Executing helm command: /bin/helm --kubeconfig /etc/rancher/k3s/k3s.yaml uninstall test-hivemq-platform  --wait --timeout 5m0s --cascade foreground --namespace helmupgradeextensionit
2025-01-29 13:46:27,209 INFO c.h.h.t.HelmChartContainer - [hivemq-test-hivemq-platform] [hivemq-platform-operator] [871bd395] 13:46:27.206 [pool-6-thread-25] DEBUG c.h.p.o.dependants.PodInfoConfigMap - [helmupgr] Desired PodInfo ConfigMap (1 extensions) (1 enabled)
2025-01-29 13:46:27,209 INFO c.h.h.t.HelmChartContainer - [hivemq-test-hivemq-platform] [hivemq-platform-operator] [871bd395] 13:46:27.206 [pool-6-thread-25] DEBUG c.h.p.o.dependants.PodInfoConfigMap - [helmupgr] Desired PodInfo ConfigMap (metrics port: 9399) (metrics path: /)
2025-01-29 13:46:27,209 INFO c.h.h.t.HelmChartContainer - [hivemq-test-hivemq-platform] [hivemq-platform-operator] [871bd395] 13:46:27.206 [pool-6-thread-25] DEBUG c.h.p.o.dependants.PodInfoConfigMap - [helmupgr] Desired PodInfo ConfigMap (extension state hash: 1557251680)
2025-01-29 13:46:27,209 INFO c.h.h.t.HelmChartContainer - [hivemq-test-hivemq-platform] [hivemq-platform-operator] [871bd395] 13:46:27.206 [pool-6-thread-26] DEBUG c.h.p.o.d.PodServiceAccountResource - [helmupgr] Desired PodServiceAccountResource (serviceAccountName: hivemq-platform-pod-test-hivemq-platform)
2025-01-29 13:46:27,209 INFO c.h.h.t.HelmChartContainer - [hivemq-test-hivemq-platform] [hivemq-platform-operator] [871bd395] 13:46:27.207 [pool-6-thread-23] DEBUG c.h.p.o.d.PlatformServiceResource - [helmupgr] Desired Platform services (3 services)
2025-01-29 13:46:27,214 INFO c.h.h.t.HelmChartContainer - [hivemq-test-hivemq-platform] [hivemq-platform-operator] [871bd395] 13:46:27.212 [pool-6-thread-30] DEBUG c.h.p.o.d.StatefulSetResource - [helmupgr] Desired StatefulSet (1 replicas) for status RUNNING (READY)
2025-01-29 13:46:27,221 INFO c.h.h.t.HelmChartContainer - [hivemq-test-hivemq-platform] [hivemq-platform-operator] [871bd395] 13:46:27.217 [ReconcilerExecutor-hivemq-controller-111] INFO  c.h.p.o.HiveMQPlatformReconciler - [helmupgr] Reconciling HiveMQ Platform 'test-hivemq-platform' in namespace 'helmupgradeextensionit'
2025-01-29 13:46:27,222 INFO c.h.h.t.HelmChartContainer - [hivemq-test-hivemq-platform] [hivemq-platform-operator] [871bd395] 13:46:27.217 [ReconcilerExecutor-hivemq-controller-111] DEBUG c.h.p.o.HiveMQPlatformReconciler - [helmupgr] Custom Resource Status RUNNING - HiveMQ Platform is ready (READY)
2025-01-29 13:46:27,223 INFO c.h.h.t.HelmChartContainer - [hivemq-test-hivemq-platform] [hivemq-platform-operator] [871bd395] 13:46:27.217 [ReconcilerExecutor-hivemq-controller-111] DEBUG c.h.p.o.HiveMQPlatformReconciler - [helmupgr] Custom Resource Spec (replicas: 1) (extensions: 1)
2025-01-29 13:46:27,223 INFO c.h.h.t.HelmChartContainer - [hivemq-test-hivemq-platform] [hivemq-platform-operator] [871bd395] 13:46:27.218 [ReconcilerExecutor-hivemq-controller-111] DEBUG c.h.p.o.HiveMQPlatformReconciler - [helmupgr] StatefulSet Status (revision: test-hivemq-platform-7c6d7d4d7b, replicas: 1, available: 1, ready: 1, current: 0, updated: 1)
2025-01-29 13:46:27,223 INFO c.h.h.t.HelmChartContainer - [hivemq-test-hivemq-platform] [hivemq-platform-operator] [871bd395] 13:46:27.219 [ReconcilerExecutor-hivemq-controller-111] DEBUG c.h.p.o.HiveMQPlatformReconciler - [helmupgr] StatefulSet Spec (replicas: 1, init containers: 1, containers: 1, volumes: 4)
2025-01-29 13:46:27,223 INFO c.h.h.t.HelmChartContainer - [hivemq-test-hivemq-platform] [hivemq-platform-operator] [871bd395] 13:46:27.220 [ReconcilerExecutor-hivemq-controller-111] DEBUG c.h.p.o.h.HiveMQPlatformReconcilerErrorHandler - [helmupgr] Pod 'test-hivemq-platform-0' phase Running
2025-01-29 13:46:27,241 INFO c.h.h.t.HelmChartContainer - [hivemq-test-hivemq-platform] [hivemq-platform-operator] [871bd395] 13:46:27.238 [ReconcilerExecutor-hivemq-controller-111] INFO  c.h.p.o.HiveMQPlatformReconciler - [helmupgr] Cleanup test-hivemq-platform - helmupgradeextensionit HiveMQ Platform is shut down
2025-01-29 13:46:27,988 INFO c.h.h.t.HelmChartContainer - [POD] test-hivemq-platform-0 [9cad9261-1226-43ba-b870-6eb12ef9cabe] in helmupgradeextensionit was MODIFIED
2025-01-29 13:46:28,002 INFO c.h.h.t.HelmChartContainer - [EVENT] Normal [Killing] Stopping container hivemq [helmupgradeextensionit:test-hivemq-platform-0]
2025-01-29 13:46:28,002 INFO c.h.h.t.HelmChartContainer - Received Killing event for container hivemq in pod test-hivemq-platform-0 [9cad9261-1226-43ba-b870-6eb12ef9cabe]
2025-01-29 13:46:28,002 INFO c.h.h.t.HelmChartContainer - Container [test-hivemq-platform-0] [hivemq] [9cad9261-1226-43ba-b870-6eb12ef9cabe] was terminated
2025-01-29 13:46:28,002 INFO c.h.h.t.HelmChartContainer - Stopped log watcher for hivemq in pod test-hivemq-platform-0 [9cad9261-1226-43ba-b870-6eb12ef9cabe]
2025-01-29 13:46:28,011 INFO c.h.h.t.HelmChartContainer - [test-hivemq-platform] [hivemq] [9cad9261] INFO  - [HiveMQ Platform Operator Init App 1.7.0-SNAPSHOT] Shutting down
2025-01-29 13:46:28,012 INFO c.h.h.t.HelmChartContainer - [test-hivemq-platform] [hivemq] [9cad9261] INFO  - [HiveMQ Platform Operator Init App 1.7.0-SNAPSHOT] Stopping the HiveMQ Platform
2025-01-29 13:46:28,196 INFO c.h.h.t.HelmChartContainer - [test-hivemq-platform] [hivemq] [9cad9261] INFO  - Shutting down HiveMQ. Please wait, this could take a while...
2025-01-29 13:46:28,199 INFO c.h.h.t.HelmChartContainer - [test-hivemq-platform] [hivemq] [9cad9261] INFO  - Shutting down listeners and clients
2025-01-29 13:46:28,202 INFO c.h.h.t.HelmChartContainer - [test-hivemq-platform] [hivemq] [9cad9261] INFO  - Shutdown of listeners is done
2025-01-29 13:46:28,202 INFO c.h.h.t.HelmChartContainer - [test-hivemq-platform] [hivemq] [9cad9261] INFO  - No clients are connected, proceeding with shutdown
2025-01-29 13:46:29,297 INFO c.h.h.t.HelmChartContainer - Deleting namespace 'helmupgradeextensionit'...
2025-01-29 13:46:31,106 INFO c.h.h.t.HelmChartContainer - [test-hivemq-platform] [hivemq] [9cad9261] INFO  - Shutting down extension system
2025-01-29 13:46:31,110 INFO c.h.h.t.HelmChartContainer - [test-hivemq-platform] [hivemq] [9cad9261] INFO  - Stopping extension with id hivemq-dns-cluster-discovery
2025-01-29 13:46:31,111 INFO c.h.h.t.HelmChartContainer - [test-hivemq-platform] [hivemq] [9cad9261] INFO  - Extension "DNS Cluster Discovery Extension" version 4.3.2 stopped successfully.
2025-01-29 13:46:31,112 INFO c.h.h.t.HelmChartContainer - [test-hivemq-platform] [hivemq] [9cad9261] INFO  - Stopping extension with id hivemq-bridge-extension
2025-01-29 13:46:31,113 INFO c.h.h.t.HelmChartContainer - [test-hivemq-platform] [hivemq] [9cad9261] INFO  - Bridge Extension: Stopping extension
2025-01-29 13:46:31,120 INFO c.h.h.t.HelmChartContainer - [test-hivemq-platform] [hivemq] [9cad9261] ERROR - Bridge Extension: Error when disconnecting client "testbridge-0-f5d94ddb-b90f-4b8f-8c39-a3b5654b4a2c". Reason: MQTT client is not connected.
2025-01-29 13:46:31,122 INFO c.h.h.t.HelmChartContainer - [test-hivemq-platform] [hivemq] [9cad9261] ERROR - Bridge Extension: Error when disconnecting client "testbridge-1-f5d94ddb-b90f-4b8f-8c39-a3b5654b4a2c". Reason: MQTT client is not connected.
2025-01-29 13:46:31,122 INFO c.h.h.t.HelmChartContainer - [test-hivemq-platform] [hivemq] [9cad9261] INFO  - Extension "HiveMQ Enterprise Bridge Extension" version 4.36.0 stopped successfully.
2025-01-29 13:46:31,122 INFO c.h.h.t.HelmChartContainer - [test-hivemq-platform] [hivemq] [9cad9261] INFO  - Stopping extension with id hivemq-prometheus-extension
2025-01-29 13:46:31,126 INFO c.h.h.t.HelmChartContainer - [test-hivemq-platform] [hivemq] [9cad9261] INFO  - Extension "Prometheus Monitoring Extension" version 4.0.12 stopped successfully.
2025-01-29 13:46:31,126 INFO c.h.h.t.HelmChartContainer - [test-hivemq-platform] [hivemq] [9cad9261] INFO  - Stopping extension with id hivemq-allow-all-extension
2025-01-29 13:46:31,126 INFO c.h.h.t.HelmChartContainer - [test-hivemq-platform] [hivemq] [9cad9261] INFO  - Extension "Allow All Extension" version 1.1.1 stopped successfully.
2025-01-29 13:46:31,405 INFO c.h.h.t.HelmChartContainer - [test-hivemq-platform] [hivemq] [9cad9261] INFO  - [HiveMQ Platform Operator Init App 1.7.0-SNAPSHOT] Returning shutdown Health API response 503 for readiness
2025-01-29 13:46:31,410 INFO c.h.h.t.HelmChartContainer - [EVENT] Warning [Unhealthy] Readiness probe failed: HTTP probe failed with statuscode: 503 [helmupgradeextensionit:test-hivemq-platform-0]
2025-01-29 13:46:31,410 INFO c.h.h.t.HelmChartContainer - Received Unhealthy event for container hivemq in pod test-hivemq-platform-0 [9cad9261-1226-43ba-b870-6eb12ef9cabe]
2025-01-29 13:46:32,068 INFO c.h.h.t.HelmChartContainer - [K3S] [authentication.go:74] "Unable to authenticate the request" err="[invalid bearer token, serviceaccounts \"hivemq-platform-pod-test-hivemq-platform\" not found]"
2025-01-29 13:46:32,083 INFO c.h.h.t.HelmChartContainer - [K3S] [authentication.go:74] "Unable to authenticate the request" err="[invalid bearer token, serviceaccounts \"hivemq-platform-pod-test-hivemq-platform\" not found]"
2025-01-29 13:46:32,099 INFO c.h.h.t.HelmChartContainer - [test-hivemq-platform] [hivemq] [9cad9261] WARN  - [HiveMQ Platform Operator Init App 1.7.0-SNAPSHOT] Could not update Pod annotations: Failure executing: GET at: https://10.43.0.1:443/api/v1/namespaces/helmupgradeextensionit/pods/test-hivemq-platform-0. Message: Unauthorized. Received status: Status(apiVersion=v1, code=401, details=null, kind=Status, message=Unauthorized, metadata=ListMeta(_continue=null, remainingItemCount=null, resourceVersion=null, selfLink=null, additionalProperties={}), reason=Unauthorized, status=Failure, additionalProperties={}).
2025-01-29 13:46:33,407 INFO c.h.h.t.HelmChartContainer - [test-hivemq-platform] [hivemq] [9cad9261] INFO  - Shutdown completed.
2025-01-29 13:46:33,849 INFO c.h.h.t.HelmChartContainer - [test-hivemq-platform] [hivemq] [9cad9261] INFO  - [HiveMQ Platform Operator Init App 1.7.0-SNAPSHOT] The HiveMQ Platform exited with code 143
2025-01-29 13:46:33,849 INFO c.h.h.t.HelmChartContainer - [test-hivemq-platform] [hivemq] [9cad9261] INFO  - [HiveMQ Platform Operator Init App 1.7.0-SNAPSHOT] Stopping the REST API
2025-01-29 13:46:33,894 INFO c.h.h.t.HelmChartContainer - [test-hivemq-platform] [hivemq] [9cad9261] INFO  - [HiveMQ Platform Operator Init App 1.7.0-SNAPSHOT] Shutdown complete
2025-01-29 13:46:34,362 INFO c.h.h.t.HelmChartContainer - [K3S] [stateful_set.go:438] "Unhandled Error" err="error syncing StatefulSet helmupgradeextensionit/test-hivemq-platform, requeuing: controllerrevisions.apps \"test-hivemq-platform-7c6d7d4d7b\" is forbidden: unable to create new content in namespace helmupgradeextensionit because it is being terminated"
2025-01-29 13:46:34,363 INFO c.h.h.t.HelmChartContainer - [POD] test-hivemq-platform-0 [9cad9261-1226-43ba-b870-6eb12ef9cabe] in helmupgradeextensionit was MODIFIED
2025-01-29 13:46:34,373 INFO c.h.h.t.HelmChartContainer - [K3S] [stateful_set.go:438] "Unhandled Error" err="error syncing StatefulSet helmupgradeextensionit/test-hivemq-platform, requeuing: controllerrevisions.apps \"test-hivemq-platform-7c6d7d4d7b\" is forbidden: unable to create new content in namespace helmupgradeextensionit because it is being terminated"
2025-01-29 13:46:34,388 INFO c.h.h.t.HelmChartContainer - [K3S] [reconciler_common.go:162] "operationExecutor.UnmountVolume started for volume \"kube-api-access-nflh4\" (UniqueName: \"kubernetes.io/projected/9cad9261-1226-43ba-b870-6eb12ef9cabe-kube-api-access-nflh4\") pod \"9cad9261-1226-43ba-b870-6eb12ef9cabe\" (UID: \"9cad9261-1226-43ba-b870-6eb12ef9cabe\") "
2025-01-29 13:46:34,389 INFO c.h.h.t.HelmChartContainer - [K3S] [reconciler_common.go:162] "operationExecutor.UnmountVolume started for volume \"extension-configuration-hivemq-bridge-extension\" (UniqueName: \"kubernetes.io/configmap/9cad9261-1226-43ba-b870-6eb12ef9cabe-extension-configuration-hivemq-bridge-extension\") pod \"9cad9261-1226-43ba-b870-6eb12ef9cabe\" (UID: \"9cad9261-1226-43ba-b870-6eb12ef9cabe\") "
2025-01-29 13:46:34,389 INFO c.h.h.t.HelmChartContainer - [K3S] [reconciler_common.go:162] "operationExecutor.UnmountVolume started for volume \"operator-init\" (UniqueName: \"kubernetes.io/empty-dir/9cad9261-1226-43ba-b870-6eb12ef9cabe-operator-init\") pod \"9cad9261-1226-43ba-b870-6eb12ef9cabe\" (UID: \"9cad9261-1226-43ba-b870-6eb12ef9cabe\") "
2025-01-29 13:46:34,389 INFO c.h.h.t.HelmChartContainer - [K3S] [reconciler_common.go:162] "operationExecutor.UnmountVolume started for volume \"broker-configuration\" (UniqueName: \"kubernetes.io/configmap/9cad9261-1226-43ba-b870-6eb12ef9cabe-broker-configuration\") pod \"9cad9261-1226-43ba-b870-6eb12ef9cabe\" (UID: \"9cad9261-1226-43ba-b870-6eb12ef9cabe\") "
2025-01-29 13:46:34,389 INFO c.h.h.t.HelmChartContainer - [K3S] [reconciler_common.go:162] "operationExecutor.UnmountVolume started for volume \"pod-info\" (UniqueName: \"kubernetes.io/configmap/9cad9261-1226-43ba-b870-6eb12ef9cabe-pod-info\") pod \"9cad9261-1226-43ba-b870-6eb12ef9cabe\" (UID: \"9cad9261-1226-43ba-b870-6eb12ef9cabe\") "
2025-01-29 13:46:34,389 INFO c.h.h.t.HelmChartContainer - [K3S] [stateful_set.go:438] "Unhandled Error" err="error syncing StatefulSet helmupgradeextensionit/test-hivemq-platform, requeuing: controllerrevisions.apps \"test-hivemq-platform-7c6d7d4d7b\" is forbidden: unable to create new content in namespace helmupgradeextensionit because it is being terminated"
2025-01-29 13:46:34,410 INFO c.h.h.t.HelmChartContainer - [K3S] [stateful_set.go:438] "Unhandled Error" err="error syncing StatefulSet helmupgradeextensionit/test-hivemq-platform, requeuing: controllerrevisions.apps \"test-hivemq-platform-7c6d7d4d7b\" is forbidden: unable to create new content in namespace helmupgradeextensionit because it is being terminated"
2025-01-29 13:46:34,454 INFO c.h.h.t.HelmChartContainer - [K3S] [stateful_set.go:438] "Unhandled Error" err="error syncing StatefulSet helmupgradeextensionit/test-hivemq-platform, requeuing: controllerrevisions.apps \"test-hivemq-platform-7c6d7d4d7b\" is forbidden: unable to create new content in namespace helmupgradeextensionit because it is being terminated"
2025-01-29 13:46:34,486 INFO c.h.h.t.HelmChartContainer - [K3S] [reconciler_common.go:299] "Volume detached for volume \"kube-api-access-nflh4\" (UniqueName: \"kubernetes.io/projected/9cad9261-1226-43ba-b870-6eb12ef9cabe-kube-api-access-nflh4\") on node \"41e0b4b2959d\" DevicePath \"\""
2025-01-29 13:46:34,486 INFO c.h.h.t.HelmChartContainer - [K3S] [reconciler_common.go:299] "Volume detached for volume \"extension-configuration-hivemq-bridge-extension\" (UniqueName: \"kubernetes.io/configmap/9cad9261-1226-43ba-b870-6eb12ef9cabe-extension-configuration-hivemq-bridge-extension\") on node \"41e0b4b2959d\" DevicePath \"\""
2025-01-29 13:46:34,486 INFO c.h.h.t.HelmChartContainer - [K3S] [reconciler_common.go:299] "Volume detached for volume \"operator-init\" (UniqueName: \"kubernetes.io/empty-dir/9cad9261-1226-43ba-b870-6eb12ef9cabe-operator-init\") on node \"41e0b4b2959d\" DevicePath \"\""
2025-01-29 13:46:34,486 INFO c.h.h.t.HelmChartContainer - [K3S] [reconciler_common.go:299] "Volume detached for volume \"broker-configuration\" (UniqueName: \"kubernetes.io/configmap/9cad9261-1226-43ba-b870-6eb12ef9cabe-broker-configuration\") on node \"41e0b4b2959d\" DevicePath \"\""
2025-01-29 13:46:34,487 INFO c.h.h.t.HelmChartContainer - [K3S] [reconciler_common.go:299] "Volume detached for volume \"pod-info\" (UniqueName: \"kubernetes.io/configmap/9cad9261-1226-43ba-b870-6eb12ef9cabe-pod-info\") on node \"41e0b4b2959d\" DevicePath \"\""
2025-01-29 13:46:34,532 INFO c.h.h.t.HelmChartContainer - [K3S] [stateful_set.go:466] "StatefulSet has been deleted" key="helmupgradeextensionit/test-hivemq-platform"
2025-01-29 13:46:34,535 INFO c.h.h.t.HelmChartContainer - [K3S] [stateful_set.go:466] "StatefulSet has been deleted" key="helmupgradeextensionit/test-hivemq-platform"
2025-01-29 13:46:34,549 INFO c.h.h.t.HelmChartContainer - [K3S] [namespace_controller.go:164] "Unhandled Error" err="deletion of namespace helmupgradeextensionit failed: unexpected items still remain in namespace: helmupgradeextensionit for gvr: /v1, Resource=pods"
2025-01-29 13:46:34,714 INFO c.h.h.t.HelmChartContainer - [K3S] [namespace_controller.go:164] "Unhandled Error" err="deletion of namespace helmupgradeextensionit failed: unexpected items still remain in namespace: helmupgradeextensionit for gvr: /v1, Resource=pods"
2025-01-29 13:46:34,815 INFO c.h.h.t.HelmChartContainer - [K3S] [namespace_controller.go:164] "Unhandled Error" err="deletion of namespace helmupgradeextensionit failed: unexpected items still remain in namespace: helmupgradeextensionit for gvr: /v1, Resource=pods"
2025-01-29 13:46:34,926 INFO c.h.h.t.HelmChartContainer - [K3S] [namespace_controller.go:164] "Unhandled Error" err="deletion of namespace helmupgradeextensionit failed: unexpected items still remain in namespace: helmupgradeextensionit for gvr: /v1, Resource=pods"
2025-01-29 13:46:35,057 INFO c.h.h.t.HelmChartContainer - [K3S] [namespace_controller.go:164] "Unhandled Error" err="deletion of namespace helmupgradeextensionit failed: unexpected items still remain in namespace: helmupgradeextensionit for gvr: /v1, Resource=pods"
2025-01-29 13:46:35,233 INFO c.h.h.t.HelmChartContainer - [K3S] [namespace_controller.go:164] "Unhandled Error" err="deletion of namespace helmupgradeextensionit failed: unexpected items still remain in namespace: helmupgradeextensionit for gvr: /v1, Resource=pods"
2025-01-29 13:46:35,303 INFO c.h.h.t.HelmChartContainer - [K3S] [scope.go:117] "RemoveContainer" containerID="77f0d2a07487122e636c217bf08b2ea48c38318bbceae2f22457be2409957a55"
2025-01-29 13:46:35,323 INFO c.h.h.t.HelmChartContainer - [POD] test-hivemq-platform-0 [9cad9261-1226-43ba-b870-6eb12ef9cabe] in helmupgradeextensionit was MODIFIED
2025-01-29 13:46:35,324 INFO c.h.h.t.HelmChartContainer - [POD] test-hivemq-platform-0 [9cad9261-1226-43ba-b870-6eb12ef9cabe] in helmupgradeextensionit was DELETED
2025-01-29 13:46:35,405 INFO c.h.h.t.HelmChartContainer - [K3S] [scope.go:117] "RemoveContainer" containerID="2a806f5299d29dbc3bb8caf02974b82cc2188564298fd94f460589b699935110"
2025-01-29 13:46:35,437 INFO c.h.h.t.HelmChartContainer - [K3S] [kubelet_volumes.go:163] "Cleaned up orphaned pod volumes dir" podUID="9cad9261-1226-43ba-b870-6eb12ef9cabe" path="/var/lib/kubelet/pods/9cad9261-1226-43ba-b870-6eb12ef9cabe/volumes"
2025-01-29 13:46:35,525 INFO c.h.h.t.HelmChartContainer - Namespace 'helmupgradeextensionit' deleted
2025-01-29 13:46:35,525 INFO c.h.h.t.HelmChartContainer - Release 'test-hivemq-platform' in namespace 'helmupgradeextensionit' is uninstalled
2025-01-29 13:46:35,525 INFO c.h.h.t.HelmChartContainer - Uninstalling release 'test-hivemq-platform-operator' in namespace 'helmupgradeextensionit-operator'...
2025-01-29 13:46:35,525 DEBUG c.h.h.t.HelmChartContainer - Executing helm command: /bin/helm --kubeconfig /etc/rancher/k3s/k3s.yaml uninstall test-hivemq-platform-operator  --wait --timeout 5m0s --cascade foreground --namespace helmupgradeextensionit-operator
2025-01-29 13:46:35,694 INFO c.h.h.t.HelmChartContainer - [K3S] [replica_set.go:679] "Finished syncing" kind="ReplicaSet" key="helmupgradeextensionit-operator/hivemq-test-hivemq-platform-operator-6966f96d65" duration="12.172781ms"
2025-01-29 13:46:35,695 INFO c.h.h.t.HelmChartContainer - [K3S] [replica_set.go:679] "Finished syncing" kind="ReplicaSet" key="helmupgradeextensionit-operator/hivemq-test-hivemq-platform-operator-6966f96d65" duration="533.886µs"
2025-01-29 13:46:35,719 INFO c.h.h.t.HelmChartContainer - [POD] hivemq-test-hivemq-platform-operator-6966f96d65-kth6c [871bd395-4e2c-4674-8aab-2e1565d11b2c] in helmupgradeextensionit-operator was MODIFIED
2025-01-29 13:46:35,726 INFO c.h.h.t.HelmChartContainer - [EVENT] Normal [Killing] Stopping container hivemq-platform-operator [helmupgradeextensionit-operator:hivemq-test-hivemq-platform-operator-6966f96d65-kth6c]
2025-01-29 13:46:35,727 INFO c.h.h.t.HelmChartContainer - Received Killing event for container hivemq-platform-operator in pod hivemq-test-hivemq-platform-operator-6966f96d65-kth6c [871bd395-4e2c-4674-8aab-2e1565d11b2c]
2025-01-29 13:46:35,727 INFO c.h.h.t.HelmChartContainer - Container [hivemq-test-hivemq-platform-operator-6966f96d65-kth6c] [hivemq-platform-operator] [871bd395-4e2c-4674-8aab-2e1565d11b2c] was terminated
2025-01-29 13:46:35,727 INFO c.h.h.t.HelmChartContainer - Stopped log watcher for hivemq-platform-operator in pod hivemq-test-hivemq-platform-operator-6966f96d65-kth6c [871bd395-4e2c-4674-8aab-2e1565d11b2c]
2025-01-29 13:46:35,731 INFO c.h.h.t.HelmChartContainer - [K3S] [replica_set.go:679] "Finished syncing" kind="ReplicaSet" key="helmupgradeextensionit-operator/hivemq-test-hivemq-platform-operator-6966f96d65" duration="12.482815ms"
2025-01-29 13:46:35,731 INFO c.h.h.t.HelmChartContainer - [K3S] [replica_set.go:679] "Finished syncing" kind="ReplicaSet" key="helmupgradeextensionit-operator/hivemq-test-hivemq-platform-operator-6966f96d65" duration="35.386µs"
2025-01-29 13:46:35,733 INFO c.h.h.t.HelmChartContainer - [hivemq-test-hivemq-platform] [hivemq-platform-operator] [871bd395] 13:46:35.731 [application-shutdown-thread] INFO  c.h.p.o.HiveMQPlatformOperatorApplication - HiveMQ Platform Operator is stopping...
2025-01-29 13:46:35,733 INFO c.h.h.t.HelmChartContainer - [hivemq-test-hivemq-platform] [hivemq-platform-operator] [871bd395] 13:46:35.731 [application-shutdown-thread] INFO  i.javaoperatorsdk.operator.Operator - Operator SDK 4.9.7 is shutting down...
2025-01-29 13:46:36,274 INFO c.h.h.t.HelmChartContainer - [K3S] [replica_set.go:679] "Finished syncing" kind="ReplicaSet" key="helmupgradeextensionit-operator/hivemq-test-hivemq-platform-operator-6966f96d65" duration="45.244µs"
2025-01-29 13:46:36,275 INFO c.h.h.t.HelmChartContainer - [POD] hivemq-test-hivemq-platform-operator-6966f96d65-kth6c [871bd395-4e2c-4674-8aab-2e1565d11b2c] in helmupgradeextensionit-operator was MODIFIED
2025-01-29 13:46:36,291 INFO c.h.h.t.HelmChartContainer - [K3S] [reconciler_common.go:162] "operationExecutor.UnmountVolume started for volume \"kube-api-access-wshlz\" (UniqueName: \"kubernetes.io/projected/871bd395-4e2c-4674-8aab-2e1565d11b2c-kube-api-access-wshlz\") pod \"871bd395-4e2c-4674-8aab-2e1565d11b2c\" (UID: \"871bd395-4e2c-4674-8aab-2e1565d11b2c\") "
2025-01-29 13:46:36,305 INFO c.h.h.t.HelmChartContainer - [K3S] [scope.go:117] "RemoveContainer" containerID="c2cb1bc398aafaab9e965273814b814bff06a4c88d4b7edd1ca49e434b937d22"
2025-01-29 13:46:36,311 INFO c.h.h.t.HelmChartContainer - [K3S] [scope.go:117] "RemoveContainer" containerID="c2cb1bc398aafaab9e965273814b814bff06a4c88d4b7edd1ca49e434b937d22"
2025-01-29 13:46:36,318 INFO c.h.h.t.HelmChartContainer - [K3S] [replica_set.go:679] "Finished syncing" kind="ReplicaSet" key="helmupgradeextensionit-operator/hivemq-test-hivemq-platform-operator-6966f96d65" duration="44.463µs"
2025-01-29 13:46:36,319 INFO c.h.h.t.HelmChartContainer - [POD] hivemq-test-hivemq-platform-operator-6966f96d65-kth6c [871bd395-4e2c-4674-8aab-2e1565d11b2c] in helmupgradeextensionit-operator was MODIFIED
2025-01-29 13:46:36,320 INFO c.h.h.t.HelmChartContainer - [POD] hivemq-test-hivemq-platform-operator-6966f96d65-kth6c [871bd395-4e2c-4674-8aab-2e1565d11b2c] in helmupgradeextensionit-operator was DELETED
2025-01-29 13:46:36,320 INFO c.h.h.t.HelmChartContainer - [K3S] [replica_set.go:679] "Finished syncing" kind="ReplicaSet" key="helmupgradeextensionit-operator/hivemq-test-hivemq-platform-operator-6966f96d65" duration="33.071µs"
2025-01-29 13:46:36,331 INFO c.h.h.t.HelmChartContainer - [K3S] [replica_set.go:679] "Finished syncing" kind="ReplicaSet" key="helmupgradeextensionit-operator/hivemq-test-hivemq-platform-operator-6966f96d65" duration="4.388µs"
2025-01-29 13:46:36,391 INFO c.h.h.t.HelmChartContainer - [K3S] [reconciler_common.go:299] "Volume detached for volume \"kube-api-access-wshlz\" (UniqueName: \"kubernetes.io/projected/871bd395-4e2c-4674-8aab-2e1565d11b2c-kube-api-access-wshlz\") on node \"41e0b4b2959d\" DevicePath \"\""
2025-01-29 13:46:37,437 INFO c.h.h.t.HelmChartContainer - [K3S] [kubelet_volumes.go:163] "Cleaned up orphaned pod volumes dir" podUID="871bd395-4e2c-4674-8aab-2e1565d11b2c" path="/var/lib/kubelet/pods/871bd395-4e2c-4674-8aab-2e1565d11b2c/volumes"
2025-01-29 13:46:37,744 INFO c.h.h.t.HelmChartContainer - Deleting namespace 'helmupgradeextensionit-operator'...
2025-01-29 13:46:40,492 INFO c.h.h.t.HelmChartContainer - [K3S] [namespace_controller.go:187] "Namespace has been deleted" namespace="helmupgradeextensionit"
2025-01-29 13:46:42,963 INFO c.h.h.t.HelmChartContainer - Namespace 'helmupgradeextensionit-operator' deleted
2025-01-29 13:46:42,963 INFO c.h.h.t.HelmChartContainer - Release 'test-hivemq-platform-operator' in namespace 'helmupgradeextensionit-operator' is uninstalled
2025-01-29 13:46:43,560 INFO c.h.helmcharts.AbstractHelmChartIT - Removed unused containers:

2025-01-29 13:46:47,870 INFO c.h.h.t.HelmChartContainer - [K3S] [namespace_controller.go:187] "Namespace has been deleted" namespace="helmupgradeextensionit-operator"
2025-01-29 13:46:51,403 INFO c.h.helmcharts.AbstractHelmChartIT - Removed unused snapshots:
Removing snapshot sha256:03af251906410714c5aef9fa705b63f6bbc39c4a5e787de7361eeb18886c2ed2
Removing snapshot sha256:0c46b3b43cce082ce5ec34ffc6c294e0417d17b9d1e6f366d114b6aadc4f96dc
Removing snapshot sha256:0ce761beee59082d6ed5bcebd3a805b8ddd9b3426b617e4809e7fb7c6587ffec
Removing snapshot sha256:0df91287303208332c8ff6ba40ae4710105201739addbfbddfb955f1ad593664
Removing snapshot sha256:1021ef88c7974bfff89c5a0ec4fd3160daac6c48a075f74cff721f85dd104e68
Removing snapshot sha256:10aba4953ddc18145dd38e3704709bc464aa20af60b56fe52caaff4b68411e62
Removing snapshot sha256:2573e0d8158209ed54ab25c87bcdcb00bd3d2539246960a3d592a1c599d70465
Removing snapshot sha256:362a8a37f8bbc31925a8146adcf7cf51f9882f5c1dcbef67c5baa03a297543c0
Removing snapshot sha256:3fa4ad33f0ddc8fd45b39b6b4640f82a3a83619606cd975bfe89d8710ad2d4cd
Removing snapshot sha256:43a7c979bbaba6838bc3102d6b10a1459f3ab050b87ccdfef84ef90cf43d3058
Removing snapshot sha256:4ab04491cdf0d3267f08206fe30bd48f49f94b9cab2f016d6739220f722a64af
Removing snapshot sha256:4b6068250e89c96f263060261819c7d912855bfbd64b3eb4c4a8483299b8c295
Removing snapshot sha256:580e69a0a8034ede1921139bbd2bfb72a69ebf276d008281896c32dd8bf74775
Removing snapshot sha256:5d30ba46b27fe37484567ccc5242cadc78217b8da605f3f195ef25cbf7487904
Removing snapshot sha256:601b10933b9bc0d8f22c69ecc8f68c8c9f6649d715cdc5ce58605d9d282544fa
Removing snapshot sha256:63ca1fbb43ae5034640e5e6cb3e083e05c290072c5366fcaa9d62435a4cced85
Removing snapshot sha256:67f702c6baae873bceb19487c8b1f27bd2b86077e4f2f0e480e6d60ab508b8f5
Removing snapshot sha256:6864348dd42806d552efdec384f1274be15e2d0c10ce44c1f04347af004c10a9
Removing snapshot sha256:6c7dee8f2c39b84b7dc2711c01d33de93514d9055499173e9290176fbe484b6c
Removing snapshot sha256:82753493a6d61ded36556292f02f31841a14c20d2f279f19eaad65afb661d5cd
Removing snapshot sha256:8a10d3db42c505ee0fcfa98417bdd7e39b304f6bcc0a06bb1b220797ff2cc63c
Removing snapshot sha256:a0904247e36a7726c03c71ee48f3e64462021c88dafeb13f37fdaf613b27f11c
Removing snapshot sha256:a21e5b12dbac529ad45d976eb9ce45c881f3bedcc500fb30aba1e52aa1813418
Removing snapshot sha256:adef7310132b199090334a0ea3ad41f0d0c7d7a3dd056940a7fb9b5a32740880
Removing snapshot sha256:b921e6c28969094157f9b8e7244677780319637afd14450b7cb6b2fdea558a0c
Removing snapshot sha256:bc27ecb5769a00e309cf99ebc763c4a4b958b618d1decc96ffac5bc05f02f5b7
Removing snapshot sha256:be3ccb6627a5332e309d45ef461d09b4879dd870c7394d89323d0ebc6ca6aa8a
Removing snapshot sha256:c261f7cbbc64211ee175ee47273acdb7b1a36a4450b397a064a8f2c026490095
Removing snapshot sha256:c34d9393647eea0c9e3557ab988efaf59f61d10a2a5613b439ef0958cca5ec10
Removing snapshot sha256:ccf3c4a0fa967a41c1c83497a2ce6fa5787965859df0adb32c4ca2cf7490bc2b
Removing snapshot sha256:cf92d33f869417309692088c341cd0f223c178ea78a125f757317b22aa8f90e9
Removing snapshot sha256:d0037344cf2fb078884f1849f6a1f8cf9a33a3b6139b6a85833e5ee528e1f9a8
Removing snapshot sha256:d3b36d5b79273b1e98e7700470eaeff05a882e777124d84cebcc1505b85ecb36
Removing snapshot sha256:d65a44a37914602d12c611e5e22a50f11451d847e63015cc1c2aef92dee777a4
Removing snapshot sha256:e2dc0bae2455930f23ae570e019b7f32edc75c0f2d71cab084db837ff9051796
Removing snapshot sha256:eccbd24a99c60cd9e86ee5305dbfc4a4dc89f5ab4fb1f06c8d64797cecedef34
Removing snapshot sha256:f144bb4c7c7f0d2aa7eeffd36d934ec40db1ee167be727e326aad9fdc616f475

]]></system-out>
  </testcase>
  <system-out><![CDATA[2025-01-29 13:37:09,757 INFO o.testcontainers.images.PullPolicy - Image pull policy will be performed by: DefaultPullPolicy()
2025-01-29 13:37:09,762 INFO o.t.utility.ImageNameSubstitutor - Image name substitution will be performed by: DefaultImageNameSubstitutor (composite of 'ConfigurationFileImageNameSubstitutor' and 'PrefixingImageNameSubstitutor')
2025-01-29 13:37:09,771 INFO o.testcontainers.DockerClientFactory - Testcontainers version: 1.20.4
2025-01-29 13:37:10,201 INFO o.t.d.DockerClientProviderStrategy - Found Docker environment with local Unix socket (unix:///var/run/docker.sock)
2025-01-29 13:37:10,210 INFO o.testcontainers.DockerClientFactory - Docker host IP address is localhost
2025-01-29 13:37:10,228 INFO o.testcontainers.DockerClientFactory - Connected to docker: 
  Server Version: 26.1.3
  API Version: 1.45
  Operating System: Ubuntu 24.04.1 LTS
  Total Memory: 15990 MB
2025-01-29 13:37:10,254 INFO tc.testcontainers/ryuk:0.11.0 - Pulling docker image: testcontainers/ryuk:0.11.0. Please be patient; this may take some time but only needs to be done once.
2025-01-29 13:37:10,673 INFO tc.testcontainers/ryuk:0.11.0 - Starting to pull image
2025-01-29 13:37:10,702 INFO tc.testcontainers/ryuk:0.11.0 - Pulling image layers:  0 pending,  0 downloaded,  0 extracted, (0 bytes/0 bytes)
2025-01-29 13:37:10,888 INFO tc.testcontainers/ryuk:0.11.0 - Pulling image layers:  2 pending,  1 downloaded,  0 extracted, (108 KB/? MB)
2025-01-29 13:37:10,901 INFO tc.testcontainers/ryuk:0.11.0 - Pulling image layers:  1 pending,  2 downloaded,  0 extracted, (144 KB/? MB)
2025-01-29 13:37:10,906 INFO tc.testcontainers/ryuk:0.11.0 - Pulling image layers:  0 pending,  3 downloaded,  0 extracted, (144 KB/10 MB)
2025-01-29 13:37:10,989 INFO tc.testcontainers/ryuk:0.11.0 - Pulling image layers:  0 pending,  3 downloaded,  1 extracted, (3 MB/10 MB)
2025-01-29 13:37:11,137 INFO tc.testcontainers/ryuk:0.11.0 - Pulling image layers:  0 pending,  3 downloaded,  2 extracted, (4 MB/10 MB)
2025-01-29 13:37:11,177 INFO tc.testcontainers/ryuk:0.11.0 - Pulling image layers:  0 pending,  3 downloaded,  3 extracted, (10 MB/10 MB)
2025-01-29 13:37:11,186 INFO tc.testcontainers/ryuk:0.11.0 - Image testcontainers/ryuk:0.11.0 pull took PT0.93106831S
2025-01-29 13:37:11,208 INFO tc.testcontainers/ryuk:0.11.0 - Creating container for image: testcontainers/ryuk:0.11.0
2025-01-29 13:37:11,262 INFO tc.testcontainers/ryuk:0.11.0 - Container testcontainers/ryuk:0.11.0 is starting: 0b5c0a6fb87c7ef109c85c87a4a52f62076a8385995cc7e88e028d165bca05f1
2025-01-29 13:37:11,541 INFO tc.testcontainers/ryuk:0.11.0 - Container testcontainers/ryuk:0.11.0 started in PT0.33261646S
2025-01-29 13:37:11,544 INFO o.t.utility.RyukResourceReaper - Ryuk started - will monitor and terminate Testcontainers containers on JVM exit
2025-01-29 13:37:11,545 INFO o.testcontainers.DockerClientFactory - Checking the system...
2025-01-29 13:37:11,545 INFO o.testcontainers.DockerClientFactory - ✔︎ Docker server version should be at least 1.6.0
2025-01-29 13:37:11,546 INFO tc.hivemq/hivemq4:4.36.0 - Creating container for image: hivemq/hivemq4:4.36.0
2025-01-29 13:37:11,565 INFO tc.hivemq/hivemq4:4.36.0 - Container hivemq/hivemq4:4.36.0 is starting: a14e4d0c8473f025d0f3cebf208cec0b2a31fc0e96962731b3b81deb3a4a2746
2025-01-29 13:37:19,088 INFO tc.hivemq/hivemq4:4.36.0 - Container hivemq/hivemq4:4.36.0 started in PT7.542047181S
2025-01-29 13:37:19,090 INFO c.h.h.t.HelmChartContainerExtension - Using cached HelmChartContainer instance
2025-01-29 13:37:19,092 INFO c.h.h.t.HelmChartContainerExtension - Creating cached HelmChartContainer instance
2025-01-29 13:37:19,169 INFO o.t.i.builder.ImageFromDockerfile - Pre-emptively checking local images for 'ubuntu:noble-20241118.1@sha256:80dd3c3b9c6cecb9f1667e9290b3bc61b78c2678c02cbdae5f0fea92cc6734ab', referenced via a Dockerfile. If not available, it will be pulled.
2025-01-29 13:37:19,172 INFO t.u.1@sha256:80dd3c... - Pulling docker image: ubuntu:noble-20241118.1@sha256:80dd3c3b9c6cecb9f1667e9290b3bc61b78c2678c02cbdae5f0fea92cc6734ab. Please be patient; this may take some time but only needs to be done once.
2025-01-29 13:37:19,425 INFO t.u.1@sha256:80dd3c... - Starting to pull image
2025-01-29 13:37:19,426 INFO t.u.1@sha256:80dd3c... - Pulling image layers:  0 pending,  0 downloaded,  0 extracted, (0 bytes/0 bytes)
2025-01-29 13:37:19,816 INFO t.u.1@sha256:80dd3c... - Pulling image layers:  0 pending,  1 downloaded,  0 extracted, (16 MB/28 MB)
2025-01-29 13:37:20,751 INFO t.u.1@sha256:80dd3c... - Pulling image layers:  0 pending,  1 downloaded,  1 extracted, (28 MB/28 MB)
2025-01-29 13:37:20,756 INFO t.u.1@sha256:80dd3c... - Pull complete. 1 layers, pulled in 1s (downloaded 28 MB at 28 MB/s)
2025-01-29 13:37:20,756 INFO t.u.1@sha256:80dd3c... - Image ubuntu:noble-20241118.1@sha256:80dd3c3b9c6cecb9f1667e9290b3bc61b78c2678c02cbdae5f0fea92cc6734ab pull took PT1.58459215S
2025-01-29 13:37:20,759 INFO o.t.i.builder.ImageFromDockerfile - Pre-emptively checking local images for 'rancher/k3s:v1.32.1-k3s1', referenced via a Dockerfile. If not available, it will be pulled.
2025-01-29 13:37:20,761 INFO tc.rancher/k3s:v1.32.1-k3s1 - Pulling docker image: rancher/k3s:v1.32.1-k3s1. Please be patient; this may take some time but only needs to be done once.
2025-01-29 13:37:21,125 INFO tc.rancher/k3s:v1.32.1-k3s1 - Starting to pull image
2025-01-29 13:37:21,126 INFO tc.rancher/k3s:v1.32.1-k3s1 - Pulling image layers:  0 pending,  0 downloaded,  0 extracted, (0 bytes/0 bytes)
2025-01-29 13:37:21,689 INFO tc.rancher/k3s:v1.32.1-k3s1 - Pulling image layers:  0 pending,  1 downloaded,  0 extracted, (58 MB/71 MB)
2025-01-29 13:37:22,740 INFO tc.rancher/k3s:v1.32.1-k3s1 - Pulling image layers:  0 pending,  1 downloaded,  1 extracted, (71 MB/71 MB)
2025-01-29 13:37:22,747 INFO tc.rancher/k3s:v1.32.1-k3s1 - Pull complete. 1 layers, pulled in 1s (downloaded 71 MB at 71 MB/s)
2025-01-29 13:37:22,747 INFO tc.rancher/k3s:v1.32.1-k3s1 - Image rancher/k3s:v1.32.1-k3s1 pull took PT1.98575233S
2025-01-29 13:37:22,752 INFO o.t.i.builder.ImageFromDockerfile - Transferred 0 bytes to Docker daemon
2025-01-29 13:37:37,019 INFO c.h.h.t.HelmChartContainer - Starting HelmChartContainer...
2025-01-29 13:37:37,022 INFO t.localhost/testcontainers/wgdmr75sanph569j:latest - Creating container for image: localhost/testcontainers/wgdmr75sanph569j:latest
2025-01-29 13:37:37,101 INFO tc.alpine:3.17 - Pulling docker image: alpine:3.17. Please be patient; this may take some time but only needs to be done once.
2025-01-29 13:37:37,461 INFO tc.alpine:3.17 - Starting to pull image
2025-01-29 13:37:37,462 INFO tc.alpine:3.17 - Pulling image layers:  0 pending,  0 downloaded,  0 extracted, (0 bytes/0 bytes)
2025-01-29 13:37:37,687 INFO tc.alpine:3.17 - Pulling image layers:  0 pending,  1 downloaded,  0 extracted, (33 KB/3 MB)
2025-01-29 13:37:37,784 INFO tc.alpine:3.17 - Pulling image layers:  0 pending,  1 downloaded,  1 extracted, (3 MB/3 MB)
2025-01-29 13:37:37,791 INFO tc.alpine:3.17 - Image alpine:3.17 pull took PT0.689188395S
2025-01-29 13:37:38,346 INFO t.localhost/testcontainers/wgdmr75sanph569j:latest - Container localhost/testcontainers/wgdmr75sanph569j:latest is starting: 41e0b4b2959ddcff828d6b0cef27e5ff82a8dc0f4a41e9a6572ff628c85b19b4
2025-01-29 13:37:38,723 INFO c.h.h.t.HelmChartContainer - [K3S] [INFO] Starting k3s v1.32.1+k3s1 (6a322f12)
2025-01-29 13:37:38,725 INFO c.h.h.t.HelmChartContainer - [K3S] [INFO] Configuring sqlite3 database connection pooling: maxIdleConns=2, maxOpenConns=0, connMaxLifetime=0s
2025-01-29 13:37:38,725 INFO c.h.h.t.HelmChartContainer - [K3S] [INFO] Configuring database table schema and indexes, this may take a moment...
2025-01-29 13:37:38,729 INFO c.h.h.t.HelmChartContainer - [K3S] [INFO] Database tables and indexes are up to date
2025-01-29 13:37:38,731 INFO c.h.h.t.HelmChartContainer - [K3S] [INFO] Kine available at unix://kine.sock
2025-01-29 13:37:38,971 INFO c.h.h.t.HelmChartContainer - [K3S] [INFO] Saving cluster bootstrap data to datastore
2025-01-29 13:37:38,972 INFO c.h.h.t.HelmChartContainer - [K3S] [WARNING] dynamiclistener [::]:6443: no cached certificate available for preload - deferring certificate load until storage initialization or first client request
2025-01-29 13:37:38,972 INFO c.h.h.t.HelmChartContainer - [K3S] [INFO] Active TLS secret / (ver=) (count 10): map[listener.cattle.io/cn-10.43.0.1:10.43.0.1 listener.cattle.io/cn-127.0.0.1:127.0.0.1 listener.cattle.io/cn-172.18.0.2:172.18.0.2 listener.cattle.io/cn-41e0b4b2959d:41e0b4b2959d listener.cattle.io/cn-__1-f16284:::1 listener.cattle.io/cn-kubernetes:kubernetes listener.cattle.io/cn-kubernetes.default:kubernetes.default listener.cattle.io/cn-kubernetes.default.svc:kubernetes.default.svc listener.cattle.io/cn-kubernetes.default.svc.cluster.local:kubernetes.default.svc.cluster.local listener.cattle.io/cn-localhost:localhost listener.cattle.io/fingerprint:SHA1=D050EF2E196613C13D7FC95073A23A74EF67A910]
2025-01-29 13:37:39,136 INFO c.h.h.t.HelmChartContainer - [K3S] [INFO] Running kube-apiserver --advertise-port=6443 --allow-privileged=true --anonymous-auth=false --api-audiences=https://kubernetes.default.svc.cluster.local,k3s --authorization-mode=Node,RBAC --bind-address=127.0.0.1 --cert-dir=/var/lib/rancher/k3s/server/tls/temporary-certs --client-ca-file=/var/lib/rancher/k3s/server/tls/client-ca.crt --egress-selector-config-file=/var/lib/rancher/k3s/server/etc/egress-selector-config.yaml --enable-admission-plugins=NodeRestriction --enable-aggregator-routing=true --enable-bootstrap-token-auth=true --etcd-compaction-interval=0s --etcd-servers=unix://kine.sock --kubelet-certificate-authority=/var/lib/rancher/k3s/server/tls/server-ca.crt --kubelet-client-certificate=/var/lib/rancher/k3s/server/tls/client-kube-apiserver.crt --kubelet-client-key=/var/lib/rancher/k3s/server/tls/client-kube-apiserver.key --kubelet-preferred-address-types=InternalIP,ExternalIP,Hostname --profiling=false --proxy-client-cert-file=/var/lib/rancher/k3s/server/tls/client-auth-proxy.crt --proxy-client-key-file=/var/lib/rancher/k3s/server/tls/client-auth-proxy.key --requestheader-allowed-names=system:auth-proxy --requestheader-client-ca-file=/var/lib/rancher/k3s/server/tls/request-header-ca.crt --requestheader-extra-headers-prefix=X-Remote-Extra- --requestheader-group-headers=X-Remote-Group --requestheader-username-headers=X-Remote-User --secure-port=6444 --service-account-issuer=https://kubernetes.default.svc.cluster.local --service-account-key-file=/var/lib/rancher/k3s/server/tls/service.key --service-account-signing-key-file=/var/lib/rancher/k3s/server/tls/service.current.key --service-cluster-ip-range=10.43.0.0/16 --service-node-port-range=30000-32767 --storage-backend=etcd3 --tls-cert-file=/var/lib/rancher/k3s/server/tls/serving-kube-apiserver.crt --tls-cipher-suites=TLS_ECDHE_ECDSA_WITH_AES_256_GCM_SHA384,TLS_ECDHE_RSA_WITH_AES_256_GCM_SHA384,TLS_ECDHE_ECDSA_WITH_AES_128_GCM_SHA256,TLS_ECDHE_RSA_WITH_AES_128_GCM_SHA256,TLS_ECDHE_ECDSA_WITH_CHACHA20_POLY1305,TLS_ECDHE_RSA_WITH_CHACHA20_POLY1305 --tls-private-key-file=/var/lib/rancher/k3s/server/tls/serving-kube-apiserver.key
2025-01-29 13:37:39,137 INFO c.h.h.t.HelmChartContainer - [K3S] [INFO] Running kube-scheduler --authentication-kubeconfig=/var/lib/rancher/k3s/server/cred/scheduler.kubeconfig --authorization-kubeconfig=/var/lib/rancher/k3s/server/cred/scheduler.kubeconfig --bind-address=127.0.0.1 --kubeconfig=/var/lib/rancher/k3s/server/cred/scheduler.kubeconfig --leader-elect=false --profiling=false --secure-port=10259
2025-01-29 13:37:39,138 INFO c.h.h.t.HelmChartContainer - [K3S] [INFO] Waiting for API server to become available
2025-01-29 13:37:39,138 INFO c.h.h.t.HelmChartContainer - [K3S] [registry.go:256] calling componentGlobalsRegistry.AddFlags more than once, the registry will be set by the latest flags
2025-01-29 13:37:39,138 INFO c.h.h.t.HelmChartContainer - [K3S] [INFO] Running kube-controller-manager --allocate-node-cidrs=true --authentication-kubeconfig=/var/lib/rancher/k3s/server/cred/controller.kubeconfig --authorization-kubeconfig=/var/lib/rancher/k3s/server/cred/controller.kubeconfig --bind-address=127.0.0.1 --cluster-cidr=10.42.0.0/16 --cluster-signing-kube-apiserver-client-cert-file=/var/lib/rancher/k3s/server/tls/client-ca.nochain.crt --cluster-signing-kube-apiserver-client-key-file=/var/lib/rancher/k3s/server/tls/client-ca.key --cluster-signing-kubelet-client-cert-file=/var/lib/rancher/k3s/server/tls/client-ca.nochain.crt --cluster-signing-kubelet-client-key-file=/var/lib/rancher/k3s/server/tls/client-ca.key --cluster-signing-kubelet-serving-cert-file=/var/lib/rancher/k3s/server/tls/server-ca.nochain.crt --cluster-signing-kubelet-serving-key-file=/var/lib/rancher/k3s/server/tls/server-ca.key --cluster-signing-legacy-unknown-cert-file=/var/lib/rancher/k3s/server/tls/server-ca.nochain.crt --cluster-signing-legacy-unknown-key-file=/var/lib/rancher/k3s/server/tls/server-ca.key --configure-cloud-routes=false --controllers=*,tokencleaner,-service,-route,-cloud-node-lifecycle --kubeconfig=/var/lib/rancher/k3s/server/cred/controller.kubeconfig --leader-elect=false --profiling=false --root-ca-file=/var/lib/rancher/k3s/server/tls/server-ca.crt --secure-port=10257 --service-account-private-key-file=/var/lib/rancher/k3s/server/tls/service.current.key --service-cluster-ip-range=10.43.0.0/16 --use-service-account-credentials=true
2025-01-29 13:37:39,140 INFO c.h.h.t.HelmChartContainer - [K3S] [options.go:299] unable to set WatchListClient feature gate, err: cannot override default for feature "WatchListClient": gates already added to a flag set
2025-01-29 13:37:39,140 INFO c.h.h.t.HelmChartContainer - [K3S] [registry.go:256] calling componentGlobalsRegistry.AddFlags more than once, the registry will be set by the latest flags
2025-01-29 13:37:39,141 INFO c.h.h.t.HelmChartContainer - [K3S] [INFO] Running cloud-controller-manager --allocate-node-cidrs=true --authentication-kubeconfig=/var/lib/rancher/k3s/server/cred/cloud-controller.kubeconfig --authorization-kubeconfig=/var/lib/rancher/k3s/server/cred/cloud-controller.kubeconfig --bind-address=127.0.0.1 --cloud-config=/var/lib/rancher/k3s/server/etc/cloud-config.yaml --cloud-provider=k3s --cluster-cidr=10.42.0.0/16 --configure-cloud-routes=false --controllers=*,-route --kubeconfig=/var/lib/rancher/k3s/server/cred/cloud-controller.kubeconfig --leader-elect=false --leader-elect-resource-name=k3s-cloud-controller-manager --node-status-update-frequency=1m0s --profiling=false
2025-01-29 13:37:39,141 INFO c.h.h.t.HelmChartContainer - [K3S] [registry.go:256] calling componentGlobalsRegistry.AddFlags more than once, the registry will be set by the latest flags
2025-01-29 13:37:39,141 INFO c.h.h.t.HelmChartContainer - [K3S] [options.go:238] external host was not specified, using 172.18.0.2
2025-01-29 13:37:39,141 INFO c.h.h.t.HelmChartContainer - [K3S] [INFO] Server node token is available at /var/lib/rancher/k3s/server/token
2025-01-29 13:37:39,141 INFO c.h.h.t.HelmChartContainer - [K3S] [INFO] To join server node to cluster: k3s server -s https://172.18.0.2:6443 -t ${SERVER_NODE_TOKEN}
2025-01-29 13:37:39,141 INFO c.h.h.t.HelmChartContainer - [K3S] [INFO] Agent node token is available at /var/lib/rancher/k3s/server/agent-token
2025-01-29 13:37:39,141 INFO c.h.h.t.HelmChartContainer - [K3S] [INFO] To join agent node to cluster: k3s agent -s https://172.18.0.2:6443 -t ${AGENT_NODE_TOKEN}
2025-01-29 13:37:39,141 INFO c.h.h.t.HelmChartContainer - [K3S] [INFO] Wrote kubeconfig /etc/rancher/k3s/k3s.yaml
2025-01-29 13:37:39,142 INFO c.h.h.t.HelmChartContainer - [K3S] [INFO] Run: k3s kubectl
2025-01-29 13:37:39,142 INFO c.h.h.t.HelmChartContainer - [K3S] [server.go:151] Version: v1.32.1+k3s1
2025-01-29 13:37:39,142 INFO c.h.h.t.HelmChartContainer - [K3S] [server.go:153] "Golang settings" GOGC="" GOMAXPROCS="" GOTRACEBACK=""
2025-01-29 13:37:39,322 INFO c.h.h.t.HelmChartContainer - [K3S] [plugins.go:157] Loaded 13 mutating admission controller(s) successfully in the following order: NamespaceLifecycle,LimitRanger,ServiceAccount,NodeRestriction,TaintNodesByCondition,Priority,DefaultTolerationSeconds,DefaultStorageClass,StorageObjectInUseProtection,RuntimeClass,DefaultIngressClass,MutatingAdmissionPolicy,MutatingAdmissionWebhook.
2025-01-29 13:37:39,322 INFO c.h.h.t.HelmChartContainer - [K3S] [plugins.go:160] Loaded 13 validating admission controller(s) successfully in the following order: LimitRanger,ServiceAccount,PodSecurity,Priority,PersistentVolumeClaimResize,RuntimeClass,CertificateApproval,CertificateSigning,ClusterTrustBundleAttest,CertificateSubjectRestriction,ValidatingAdmissionPolicy,ValidatingAdmissionWebhook,ResourceQuota.
2025-01-29 13:37:39,323 INFO c.h.h.t.HelmChartContainer - [K3S] [instance.go:233] Using reconciler: lease
2025-01-29 13:37:39,386 INFO c.h.h.t.HelmChartContainer - [K3S] [apis.go:106] API group "internal.apiserver.k8s.io" is not enabled, skipping.
2025-01-29 13:37:39,434 INFO c.h.h.t.HelmChartContainer - [K3S] [apis.go:106] API group "storagemigration.k8s.io" is not enabled, skipping.
2025-01-29 13:37:39,469 INFO c.h.h.t.HelmChartContainer - [K3S] [apis.go:106] API group "resource.k8s.io" is not enabled, skipping.
2025-01-29 13:37:39,822 INFO c.h.h.t.HelmChartContainer - [K3S] [dynamic_cafile_content.go:161] "Starting controller" name="request-header::/var/lib/rancher/k3s/server/tls/request-header-ca.crt"
2025-01-29 13:37:39,823 INFO c.h.h.t.HelmChartContainer - [K3S] [dynamic_cafile_content.go:161] "Starting controller" name="client-ca-bundle::/var/lib/rancher/k3s/server/tls/client-ca.crt"
2025-01-29 13:37:39,823 INFO c.h.h.t.HelmChartContainer - [K3S] [dynamic_serving_content.go:135] "Starting controller" name="serving-cert::/var/lib/rancher/k3s/server/tls/serving-kube-apiserver.crt::/var/lib/rancher/k3s/server/tls/serving-kube-apiserver.key"
2025-01-29 13:37:39,823 INFO c.h.h.t.HelmChartContainer - [K3S] [secure_serving.go:213] Serving securely on 127.0.0.1:6444
2025-01-29 13:37:39,825 INFO c.h.h.t.HelmChartContainer - [K3S] [tlsconfig.go:243] "Starting DynamicServingCertificateController"
2025-01-29 13:37:39,825 INFO c.h.h.t.HelmChartContainer - [K3S] [system_namespaces_controller.go:66] Starting system namespaces controller
2025-01-29 13:37:39,825 INFO c.h.h.t.HelmChartContainer - [K3S] [cluster_authentication_trust_controller.go:462] Starting cluster_authentication_trust_controller controller
2025-01-29 13:37:39,825 INFO c.h.h.t.HelmChartContainer - [K3S] [dynamic_serving_content.go:135] "Starting controller" name="aggregator-proxy-cert::/var/lib/rancher/k3s/server/tls/client-auth-proxy.crt::/var/lib/rancher/k3s/server/tls/client-auth-proxy.key"
2025-01-29 13:37:39,825 INFO c.h.h.t.HelmChartContainer - [K3S] [aggregator.go:169] waiting for initial CRD sync...
2025-01-29 13:37:39,825 INFO c.h.h.t.HelmChartContainer - [K3S] [remote_available_controller.go:411] Starting RemoteAvailability controller
2025-01-29 13:37:39,825 INFO c.h.h.t.HelmChartContainer - [K3S] [gc_controller.go:78] Starting apiserver lease garbage collector
2025-01-29 13:37:39,828 INFO c.h.h.t.HelmChartContainer - [K3S] [controller.go:80] Starting OpenAPI V3 AggregationController
2025-01-29 13:37:39,828 INFO c.h.h.t.HelmChartContainer - [K3S] [apiservice_controller.go:100] Starting APIServiceRegistrationController
2025-01-29 13:37:39,829 INFO c.h.h.t.HelmChartContainer - [K3S] [customresource_discovery_controller.go:292] Starting DiscoveryController
2025-01-29 13:37:39,829 INFO c.h.h.t.HelmChartContainer - [K3S] [dynamic_cafile_content.go:161] "Starting controller" name="client-ca-bundle::/var/lib/rancher/k3s/server/tls/client-ca.crt"
2025-01-29 13:37:39,829 INFO c.h.h.t.HelmChartContainer - [K3S] [apf_controller.go:377] Starting API Priority and Fairness config controller
2025-01-29 13:37:39,829 INFO c.h.h.t.HelmChartContainer - [K3S] [dynamic_cafile_content.go:161] "Starting controller" name="request-header::/var/lib/rancher/k3s/server/tls/request-header-ca.crt"
2025-01-29 13:37:39,829 INFO c.h.h.t.HelmChartContainer - [K3S] [local_available_controller.go:156] Starting LocalAvailability controller
2025-01-29 13:37:39,829 INFO c.h.h.t.HelmChartContainer - [K3S] [controller.go:119] Starting legacy_token_tracking_controller
2025-01-29 13:37:39,829 INFO c.h.h.t.HelmChartContainer - [K3S] [controller.go:78] Starting OpenAPI AggregationController
2025-01-29 13:37:39,829 INFO c.h.h.t.HelmChartContainer - [K3S] [crdregistration_controller.go:114] Starting crd-autoregister controller
2025-01-29 13:37:39,829 INFO c.h.h.t.HelmChartContainer - [K3S] [controller.go:142] Starting OpenAPI controller
2025-01-29 13:37:39,830 INFO c.h.h.t.HelmChartContainer - [K3S] [controller.go:90] Starting OpenAPI V3 controller
2025-01-29 13:37:39,830 INFO c.h.h.t.HelmChartContainer - [K3S] [naming_controller.go:294] Starting NamingConditionController
2025-01-29 13:37:39,831 INFO c.h.h.t.HelmChartContainer - [K3S] [establishing_controller.go:81] Starting EstablishingController
2025-01-29 13:37:39,832 INFO c.h.h.t.HelmChartContainer - [K3S] [nonstructuralschema_controller.go:195] Starting NonStructuralSchemaConditionController
2025-01-29 13:37:39,832 INFO c.h.h.t.HelmChartContainer - [K3S] [apiapproval_controller.go:189] Starting KubernetesAPIApprovalPolicyConformantConditionController
2025-01-29 13:37:39,832 INFO c.h.h.t.HelmChartContainer - [K3S] [crd_finalizer.go:269] Starting CRDFinalizer
2025-01-29 13:37:39,844 INFO c.h.h.t.HelmChartContainer - [K3S] [INFO] Password verified locally for node 41e0b4b2959d
2025-01-29 13:37:39,918 INFO c.h.h.t.HelmChartContainer - [K3S] [policy_source.go:240] refreshing policies
2025-01-29 13:37:39,921 INFO c.h.h.t.HelmChartContainer - [K3S] [controller.go:145] "Failed to ensure lease exists, will retry" err="namespaces \"kube-system\" not found" interval="200ms"
2025-01-29 13:37:39,923 INFO c.h.h.t.HelmChartContainer - [K3S] [handler_discovery.go:451] Starting ResourceDiscoveryManager
2025-01-29 13:37:39,923 INFO c.h.h.t.HelmChartContainer - [K3S] [apf_controller.go:382] Running API Priority and Fairness config worker
2025-01-29 13:37:39,923 INFO c.h.h.t.HelmChartContainer - [K3S] [apf_controller.go:385] Running API Priority and Fairness periodic rebalancing process
2025-01-29 13:37:39,927 INFO c.h.h.t.HelmChartContainer - [K3S] [aggregator.go:171] initial CRD sync complete...
2025-01-29 13:37:39,928 INFO c.h.h.t.HelmChartContainer - [K3S] [autoregister_controller.go:144] Starting autoregister controller
2025-01-29 13:37:39,977 INFO c.h.h.t.HelmChartContainer - [K3S] [controller.go:95] Unable to perform initial Kubernetes service initialization: namespaces "default" not found
2025-01-29 13:37:40,310 INFO c.h.h.t.HelmChartContainer - [K3S] [WARNING] Host resolv.conf includes loopback or multicast nameservers - kubelet will use autogenerated resolv.conf with nameserver 8.8.8.8
2025-01-29 13:37:40,318 INFO c.h.h.t.HelmChartContainer - [K3S] [INFO] Module overlay was already loaded
2025-01-29 13:37:40,318 INFO c.h.h.t.HelmChartContainer - [K3S] [INFO] Module nf_conntrack was already loaded
2025-01-29 13:37:40,318 INFO c.h.h.t.HelmChartContainer - [K3S] [INFO] Module br_netfilter was already loaded
2025-01-29 13:37:40,323 INFO c.h.h.t.HelmChartContainer - [K3S] [INFO] Set sysctl 'net/netfilter/nf_conntrack_max' to 131072
2025-01-29 13:37:40,323 INFO c.h.h.t.HelmChartContainer - [K3S] [INFO] Set sysctl 'net/netfilter/nf_conntrack_tcp_timeout_established' to 86400
2025-01-29 13:37:40,323 INFO c.h.h.t.HelmChartContainer - [K3S] [INFO] Set sysctl 'net/netfilter/nf_conntrack_tcp_timeout_close_wait' to 3600
2025-01-29 13:37:40,325 INFO c.h.h.t.HelmChartContainer - [K3S] [INFO] Logging containerd to /var/lib/rancher/k3s/agent/containerd/containerd.log
2025-01-29 13:37:40,326 INFO c.h.h.t.HelmChartContainer - [K3S] [INFO] Running containerd -c /var/lib/rancher/k3s/agent/etc/containerd/config.toml -a /run/k3s/containerd/containerd.sock --state /run/k3s/containerd --root /var/lib/rancher/k3s/agent/containerd
2025-01-29 13:37:40,827 INFO c.h.h.t.HelmChartContainer - [K3S] [storage_scheduling.go:95] created PriorityClass system-node-critical with value 2000001000
2025-01-29 13:37:40,830 INFO c.h.h.t.HelmChartContainer - [K3S] [storage_scheduling.go:95] created PriorityClass system-cluster-critical with value 2000000000
2025-01-29 13:37:40,830 INFO c.h.h.t.HelmChartContainer - [K3S] [storage_scheduling.go:111] all system priority classes are created successfully or already exist.
2025-01-29 13:37:41,283 INFO c.h.h.t.HelmChartContainer - [K3S] [alloc.go:330] "allocated clusterIPs" service="default/kubernetes" clusterIPs={"IPv4":"10.43.0.1"}
2025-01-29 13:37:41,286 INFO c.h.h.t.HelmChartContainer - [K3S] [lease.go:265] Resetting endpoints for master service "kubernetes" to [172.18.0.2]
2025-01-29 13:37:41,329 INFO c.h.h.t.HelmChartContainer - [K3S] [INFO] containerd is now running
2025-01-29 13:37:41,333 INFO c.h.h.t.HelmChartContainer - [K3S] [INFO] Connecting to proxy" url="wss://127.0.0.1:6443/v1-k3s/connect
2025-01-29 13:37:41,335 INFO c.h.h.t.HelmChartContainer - [K3S] [INFO] Creating k3s-cert-monitor event broadcaster
2025-01-29 13:37:41,335 INFO c.h.h.t.HelmChartContainer - [K3S] [INFO] Running kubelet --cloud-provider=external --config-dir=/var/lib/rancher/k3s/agent/etc/kubelet.conf.d --containerd=/run/k3s/containerd/containerd.sock --hostname-override=41e0b4b2959d --kubeconfig=/var/lib/rancher/k3s/agent/kubelet.kubeconfig --node-ip=172.18.0.2 --node-labels=
2025-01-29 13:37:41,335 INFO c.h.h.t.HelmChartContainer - [K3S] [INFO] Handling backend connection request [41e0b4b2959d]
2025-01-29 13:37:41,335 INFO c.h.h.t.HelmChartContainer - [K3S] [INFO] Remotedialer connected to proxy" url="wss://127.0.0.1:6443/v1-k3s/connect
2025-01-29 13:37:41,340 INFO c.h.h.t.HelmChartContainer - [K3S] Flag --containerd has been deprecated, This is a cadvisor flag that was mistakenly registered with the Kubelet. Due to legacy concerns, it will follow the standard CLI deprecation timeline before being removed.
2025-01-29 13:37:41,366 INFO c.h.h.t.HelmChartContainer - [K3S] [server.go:515] "Kubelet version" kubeletVersion="v1.32.1+k3s1"
2025-01-29 13:37:41,366 INFO c.h.h.t.HelmChartContainer - [K3S] [server.go:517] "Golang settings" GOGC="" GOMAXPROCS="" GOTRACEBACK=""
2025-01-29 13:37:41,368 INFO c.h.h.t.HelmChartContainer - [K3S] [dynamic_cafile_content.go:161] "Starting controller" name="client-ca-bundle::/var/lib/rancher/k3s/agent/client-ca.crt"
2025-01-29 13:37:41,373 INFO c.h.h.t.HelmChartContainer - [K3S] [log.go:32] "RuntimeConfig from runtime service failed" err="rpc error: code = Unimplemented desc = method RuntimeConfig not implemented"
2025-01-29 13:37:41,373 INFO c.h.h.t.HelmChartContainer - [K3S] [server.go:1416] "CRI implementation should be updated to support RuntimeConfig when KubeletCgroupDriverFromCRI feature gate has been enabled. Falling back to using cgroupDriver from kubelet config."
2025-01-29 13:37:41,377 INFO c.h.h.t.HelmChartContainer - [K3S] [info.go:53] Couldn't collect info from any of the files in "/etc/machine-id,/var/lib/dbus/machine-id"
2025-01-29 13:37:41,377 INFO c.h.h.t.HelmChartContainer - [K3S] [server.go:767] "--cgroups-per-qos enabled, but --cgroup-root was not specified.  defaulting to /"
2025-01-29 13:37:41,377 INFO c.h.h.t.HelmChartContainer - [K3S] [server.go:836] "NoSwap is set due to memorySwapBehavior not specified" memorySwapBehavior="" FailSwapOn=false
2025-01-29 13:37:41,378 INFO c.h.h.t.HelmChartContainer - [K3S] [swap_util.go:115] "Swap is on" /proc/swaps contents=<
2025-01-29 13:37:41,378 INFO c.h.h.t.HelmChartContainer - [K3S] 	Filename				Type		Size		Used		Priority
2025-01-29 13:37:41,378 INFO c.h.h.t.HelmChartContainer - [K3S] 	/mnt/swapfile                           file		4194300		0		-2
2025-01-29 13:37:41,379 INFO c.h.h.t.HelmChartContainer - [K3S]  >
2025-01-29 13:37:41,379 INFO c.h.h.t.HelmChartContainer - [K3S] [container_manager_linux.go:268] "Container manager verified user specified cgroup-root exists" cgroupRoot=[]
2025-01-29 13:37:41,379 INFO c.h.h.t.HelmChartContainer - [K3S] [container_manager_linux.go:273] "Creating Container Manager object based on Node Config" nodeConfig={"NodeName":"41e0b4b2959d","RuntimeCgroupsName":"","SystemCgroupsName":"","KubeletCgroupsName":"/k3s","KubeletOOMScoreAdj":-999,"ContainerRuntime":"","CgroupsPerQOS":true,"CgroupRoot":"/","CgroupDriver":"cgroupfs","KubeletRootDir":"/var/lib/kubelet","ProtectKernelDefaults":false,"KubeReservedCgroupName":"","SystemReservedCgroupName":"","ReservedSystemCPUs":{},"EnforceNodeAllocatable":{"pods":{}},"KubeReserved":null,"SystemReserved":null,"HardEvictionThresholds":[{"Signal":"imagefs.available","Operator":"LessThan","Value":{"Quantity":null,"Percentage":0.05},"GracePeriod":0,"MinReclaim":null},{"Signal":"nodefs.available","Operator":"LessThan","Value":{"Quantity":null,"Percentage":0.05},"GracePeriod":0,"MinReclaim":null}],"QOSReserved":{},"CPUManagerPolicy":"none","CPUManagerPolicyOptions":null,"TopologyManagerScope":"container","CPUManagerReconcilePeriod":10000000000,"ExperimentalMemoryManagerPolicy":"None","ExperimentalMemoryManagerReservedMemory":null,"PodPidsLimit":-1,"EnforceCPULimits":true,"CPUCFSQuotaPeriod":100000000,"TopologyManagerPolicy":"none","TopologyManagerPolicyOptions":null,"CgroupVersion":2}
2025-01-29 13:37:41,380 INFO c.h.h.t.HelmChartContainer - [K3S] [topology_manager.go:138] "Creating topology manager with none policy"
2025-01-29 13:37:41,381 INFO c.h.h.t.HelmChartContainer - [K3S] [container_manager_linux.go:304] "Creating device plugin manager"
2025-01-29 13:37:41,381 INFO c.h.h.t.HelmChartContainer - [K3S] [state_mem.go:36] "Initialized new in-memory state store"
2025-01-29 13:37:41,382 INFO c.h.h.t.HelmChartContainer - [K3S] [kubelet.go:446] "Attempting to sync node with API server"
2025-01-29 13:37:41,382 INFO c.h.h.t.HelmChartContainer - [K3S] [kubelet.go:341] "Adding static pod path" path="/var/lib/rancher/k3s/agent/pod-manifests"
2025-01-29 13:37:41,382 INFO c.h.h.t.HelmChartContainer - [K3S] [kubelet.go:352] "Adding apiserver pod source"
2025-01-29 13:37:41,382 INFO c.h.h.t.HelmChartContainer - [K3S] [apiserver.go:42] "Waiting for node sync before watching apiserver pods"
2025-01-29 13:37:41,382 INFO c.h.h.t.HelmChartContainer - [K3S] [kuberuntime_manager.go:269] "Container runtime initialized" containerRuntime="containerd" version="v1.7.23-k3s2" apiVersion="v1"
2025-01-29 13:37:41,383 INFO c.h.h.t.HelmChartContainer - [K3S] [kubelet.go:890] "Not starting ClusterTrustBundle informer because we are in static kubelet mode"
2025-01-29 13:37:41,383 INFO c.h.h.t.HelmChartContainer - [K3S] [probe.go:272] Flexvolume plugin directory at /usr/libexec/kubernetes/kubelet-plugins/volume/exec/ does not exist. Recreating.
2025-01-29 13:37:41,383 INFO c.h.h.t.HelmChartContainer - [K3S] [watchdog_linux.go:99] "Systemd watchdog is not enabled"
2025-01-29 13:37:41,383 INFO c.h.h.t.HelmChartContainer - [K3S] [server.go:1282] "Started kubelet"
2025-01-29 13:37:41,383 INFO c.h.h.t.HelmChartContainer - [K3S] [server.go:169] "Starting to listen" address="0.0.0.0" port=10250
2025-01-29 13:37:41,383 INFO c.h.h.t.HelmChartContainer - [K3S] [fs_resource_analyzer.go:67] "Starting FS ResourceAnalyzer"
2025-01-29 13:37:41,385 INFO c.h.h.t.HelmChartContainer - [K3S] [server.go:490] "Adding debug handlers to kubelet server"
2025-01-29 13:37:41,386 INFO c.h.h.t.HelmChartContainer - [K3S] [server.go:208] "Starting to listen read-only" address="0.0.0.0" port=10255
2025-01-29 13:37:41,387 INFO c.h.h.t.HelmChartContainer - [K3S] [ratelimit.go:55] "Setting rate limiting for endpoint" service="podresources" qps=100 burstTokens=10
2025-01-29 13:37:41,387 INFO c.h.h.t.HelmChartContainer - [K3S] [server.go:243] "Starting to serve the podresources API" endpoint="unix:/var/lib/kubelet/pod-resources/kubelet.sock"
2025-01-29 13:37:41,388 INFO c.h.h.t.HelmChartContainer - [K3S] [dynamic_serving_content.go:135] "Starting controller" name="kubelet-server-cert-files::/var/lib/rancher/k3s/agent/serving-kubelet.crt::/var/lib/rancher/k3s/agent/serving-kubelet.key"
2025-01-29 13:37:41,391 INFO c.h.h.t.HelmChartContainer - [K3S] [volume_manager.go:297] "Starting Kubelet Volume Manager"
2025-01-29 13:37:41,391 INFO c.h.h.t.HelmChartContainer - [K3S] [kubelet_node_status.go:467] "Error getting the current node from lister" err="node \"41e0b4b2959d\" not found"
2025-01-29 13:37:41,393 INFO c.h.h.t.HelmChartContainer - [K3S] [desired_state_of_world_populator.go:149] "Desired state populator starts to run"
2025-01-29 13:37:41,396 INFO c.h.h.t.HelmChartContainer - [K3S] [reconciler.go:26] "Reconciler: start to sync state"
2025-01-29 13:37:41,397 INFO c.h.h.t.HelmChartContainer - [K3S] [kubelet.go:1561] "Image garbage collection failed once. Stats initialization may not have completed yet" err="invalid capacity 0 on image filesystem"
2025-01-29 13:37:41,399 INFO c.h.h.t.HelmChartContainer - [K3S] [factory.go:221] Registration of the containerd container factory successfully
2025-01-29 13:37:41,399 INFO c.h.h.t.HelmChartContainer - [K3S] [factory.go:221] Registration of the systemd container factory successfully
2025-01-29 13:37:41,399 INFO c.h.h.t.HelmChartContainer - [K3S] [factory.go:219] Registration of the crio container factory failed: Get "http://%2Fvar%2Frun%2Fcrio%2Fcrio.sock/info": dial unix /var/run/crio/crio.sock: connect: no such file or directory
2025-01-29 13:37:41,420 INFO c.h.h.t.HelmChartContainer - [K3S] [nodelease.go:49] "Failed to get node when trying to set owner ref to the node lease" err="nodes \"41e0b4b2959d\" not found" node="41e0b4b2959d"
2025-01-29 13:37:41,431 INFO c.h.h.t.HelmChartContainer - [K3S] [kubelet_network_linux.go:50] "Initialized iptables rules." protocol="IPv4"
2025-01-29 13:37:41,433 INFO c.h.h.t.HelmChartContainer - [K3S] [kubelet_network_linux.go:50] "Initialized iptables rules." protocol="IPv6"
2025-01-29 13:37:41,433 INFO c.h.h.t.HelmChartContainer - [K3S] [status_manager.go:227] "Starting to sync pod status with apiserver"
2025-01-29 13:37:41,434 INFO c.h.h.t.HelmChartContainer - [K3S] [watchdog_linux.go:127] "Systemd watchdog is not enabled or the interval is invalid, so health checking will not be started."
2025-01-29 13:37:41,435 INFO c.h.h.t.HelmChartContainer - [K3S] [kubelet.go:2388] "Starting kubelet main sync loop"
2025-01-29 13:37:41,435 INFO c.h.h.t.HelmChartContainer - [K3S] [kubelet.go:2412] "Skipping pod synchronization" err="[container runtime status check may not have completed yet, PLEG is not healthy: pleg has yet to be successful]"
2025-01-29 13:37:41,439 INFO c.h.h.t.HelmChartContainer - [K3S] [cpu_manager.go:221] "Starting CPU manager" policy="none"
2025-01-29 13:37:41,441 INFO c.h.h.t.HelmChartContainer - [K3S] [cpu_manager.go:222] "Reconciling" reconcilePeriod="10s"
2025-01-29 13:37:41,441 INFO c.h.h.t.HelmChartContainer - [K3S] [state_mem.go:36] "Initialized new in-memory state store"
2025-01-29 13:37:41,442 INFO c.h.h.t.HelmChartContainer - [K3S] [policy_none.go:49] "None policy: Start"
2025-01-29 13:37:41,442 INFO c.h.h.t.HelmChartContainer - [K3S] [memory_manager.go:186] "Starting memorymanager" policy="None"
2025-01-29 13:37:41,442 INFO c.h.h.t.HelmChartContainer - [K3S] [state_mem.go:35] "Initializing new in-memory state store"
2025-01-29 13:37:41,445 INFO c.h.h.t.HelmChartContainer - [K3S] [manager.go:519] "Failed to read data from checkpoint" checkpoint="kubelet_internal_checkpoint" err="checkpoint is not found"
2025-01-29 13:37:41,446 INFO c.h.h.t.HelmChartContainer - [K3S] [eviction_manager.go:189] "Eviction manager: starting control loop"
2025-01-29 13:37:41,446 INFO c.h.h.t.HelmChartContainer - [K3S] [container_log_manager.go:189] "Initializing container log rotate workers" workers=1 monitorPeriod="10s"
2025-01-29 13:37:41,454 INFO c.h.h.t.HelmChartContainer - [K3S] [eviction_manager.go:267] "eviction manager: failed to check if we have separate container filesystem. Ignoring." err="no imagefs label for configured runtime"
2025-01-29 13:37:41,454 INFO c.h.h.t.HelmChartContainer - [K3S] [eviction_manager.go:292] "Eviction manager: failed to get summary stats" err="failed to get node info: node \"41e0b4b2959d\" not found"
2025-01-29 13:37:41,454 INFO c.h.h.t.HelmChartContainer - [K3S] [plugin_manager.go:118] "Starting Kubelet Plugin Manager"
2025-01-29 13:37:41,493 INFO c.h.h.t.HelmChartContainer - [K3S] [ERROR] Sending HTTP/1.1 503 response to 127.0.0.1:59192: runtime core not ready
2025-01-29 13:37:41,547 INFO c.h.h.t.HelmChartContainer - [K3S] [kubelet_node_status.go:76] "Attempting to register node" node="41e0b4b2959d"
2025-01-29 13:37:41,553 INFO c.h.h.t.HelmChartContainer - [K3S] [kubelet_node_status.go:79] "Successfully registered node" node="41e0b4b2959d"
2025-01-29 13:37:41,553 INFO c.h.h.t.HelmChartContainer - [K3S] [kubelet_node_status.go:549] "Error updating node status, will retry" err="error getting node \"41e0b4b2959d\": node \"41e0b4b2959d\" not found"
2025-01-29 13:37:41,555 INFO c.h.h.t.HelmChartContainer - [K3S] [INFO] Annotations and labels have been set successfully on node: 41e0b4b2959d
2025-01-29 13:37:41,556 INFO c.h.h.t.HelmChartContainer - [K3S] [INFO] Starting flannel with backend vxlan
2025-01-29 13:37:41,585 INFO c.h.h.t.HelmChartContainer - [K3S] [INFO] Running kube-proxy --cluster-cidr=10.42.0.0/16 --conntrack-max-per-core=0 --conntrack-tcp-timeout-close-wait=0s --conntrack-tcp-timeout-established=0s --healthz-bind-address=127.0.0.1 --hostname-override=41e0b4b2959d --kubeconfig=/var/lib/rancher/k3s/agent/kubeproxy.kubeconfig --proxy-mode=iptables
2025-01-29 13:37:41,637 INFO c.h.h.t.HelmChartContainer - [K3S] [server.go:698] "Successfully retrieved node IP(s)" IPs=["172.18.0.2"]
2025-01-29 13:37:41,637 INFO c.h.h.t.HelmChartContainer - [K3S] [server.go:234] "Kube-proxy configuration may be incomplete or incorrect" err="nodePortAddresses is unset; NodePort connections will be accepted on all local IPs. Consider using `--nodeport-addresses primary`"
2025-01-29 13:37:41,640 INFO c.h.h.t.HelmChartContainer - [K3S] [server.go:243] "kube-proxy running in dual-stack mode" primary ipFamily="IPv4"
2025-01-29 13:37:41,640 INFO c.h.h.t.HelmChartContainer - [K3S] [server_linux.go:170] "Using iptables Proxier"
2025-01-29 13:37:41,641 INFO c.h.h.t.HelmChartContainer - [K3S] [proxier.go:255] "Setting route_localnet=1 to allow node-ports on localhost; to change this either disable iptables.localhostNodePorts (--iptables-localhost-nodeports) or set nodePortAddresses (--nodeport-addresses) to filter loopback addresses"
2025-01-29 13:37:41,645 INFO c.h.h.t.HelmChartContainer - [K3S] [server.go:497] "Version info" version="v1.32.1+k3s1"
2025-01-29 13:37:41,646 INFO c.h.h.t.HelmChartContainer - [K3S] [server.go:499] "Golang settings" GOGC="" GOMAXPROCS="" GOTRACEBACK=""
2025-01-29 13:37:41,648 INFO c.h.h.t.HelmChartContainer - [K3S] [config.go:199] "Starting service config controller"
2025-01-29 13:37:41,648 INFO c.h.h.t.HelmChartContainer - [K3S] [config.go:105] "Starting endpoint slice config controller"
2025-01-29 13:37:41,648 INFO c.h.h.t.HelmChartContainer - [K3S] [config.go:329] "Starting node config controller"
2025-01-29 13:37:41,858 INFO c.h.h.t.HelmChartContainer - [K3S] [kubelet_node_status.go:502] "Fast updating node status as it just became ready"
2025-01-29 13:37:42,146 INFO c.h.h.t.HelmChartContainer - [K3S] [INFO] Waiting for untainted node
2025-01-29 13:37:42,146 INFO c.h.h.t.HelmChartContainer - [K3S] [INFO] Waiting for cloud-controller-manager privileges to become available
2025-01-29 13:37:42,146 INFO c.h.h.t.HelmChartContainer - [K3S] [INFO] Creating k3s-supervisor event broadcaster
2025-01-29 13:37:42,147 INFO c.h.h.t.HelmChartContainer - [K3S] [INFO] Kube API server is now running
2025-01-29 13:37:42,147 INFO c.h.h.t.HelmChartContainer - [K3S] [INFO] ETCD server is now running
2025-01-29 13:37:42,147 INFO c.h.h.t.HelmChartContainer - [K3S] [INFO] k3s is up and running
2025-01-29 13:37:42,155 INFO c.h.h.t.HelmChartContainer - [K3S] [INFO] Applying CRD addons.k3s.cattle.io
2025-01-29 13:37:42,166 INFO c.h.h.t.HelmChartContainer - [K3S] [INFO] Applying CRD etcdsnapshotfiles.k3s.cattle.io
2025-01-29 13:37:42,176 INFO c.h.h.t.HelmChartContainer - [K3S] [INFO] Applying CRD helmcharts.helm.cattle.io
2025-01-29 13:37:42,188 INFO c.h.h.t.HelmChartContainer - [K3S] [INFO] Applying CRD helmchartconfigs.helm.cattle.io
2025-01-29 13:37:42,202 INFO c.h.h.t.HelmChartContainer - [K3S] [INFO] Waiting for CRD helmcharts.helm.cattle.io to become available
2025-01-29 13:37:42,379 INFO c.h.h.t.HelmChartContainer - [K3S] [apiserver.go:52] "Watching apiserver"
2025-01-29 13:37:42,394 INFO c.h.h.t.HelmChartContainer - [K3S] [desired_state_of_world_populator.go:157] "Finished populating initial desired state of world"
2025-01-29 13:37:42,464 INFO c.h.h.t.HelmChartContainer - [K3S] [serving.go:392] Generated self-signed cert in-memory
2025-01-29 13:37:42,705 INFO c.h.h.t.HelmChartContainer - [K3S] [INFO] Done waiting for CRD helmcharts.helm.cattle.io to become available
2025-01-29 13:37:42,706 INFO c.h.h.t.HelmChartContainer - [K3S] [INFO] Waiting for CRD helmchartconfigs.helm.cattle.io to become available
2025-01-29 13:37:42,960 INFO c.h.h.t.HelmChartContainer - [K3S] [controllermanager.go:185] "Starting" version="v1.32.1+k3s1"
2025-01-29 13:37:42,961 INFO c.h.h.t.HelmChartContainer - [K3S] [controllermanager.go:187] "Golang settings" GOGC="" GOMAXPROCS="" GOTRACEBACK=""
2025-01-29 13:37:42,963 INFO c.h.h.t.HelmChartContainer - [K3S] [requestheader_controller.go:180] Starting RequestHeaderAuthRequestController
2025-01-29 13:37:42,963 INFO c.h.h.t.HelmChartContainer - [K3S] [configmap_cafile_content.go:205] "Starting controller" name="client-ca::kube-system::extension-apiserver-authentication::requestheader-client-ca-file"
2025-01-29 13:37:42,966 INFO c.h.h.t.HelmChartContainer - [K3S] [configmap_cafile_content.go:205] "Starting controller" name="client-ca::kube-system::extension-apiserver-authentication::client-ca-file"
2025-01-29 13:37:42,966 INFO c.h.h.t.HelmChartContainer - [K3S] [secure_serving.go:213] Serving securely on 127.0.0.1:10257
2025-01-29 13:37:42,966 INFO c.h.h.t.HelmChartContainer - [K3S] [tlsconfig.go:243] "Starting DynamicServingCertificateController"
2025-01-29 13:37:42,969 INFO c.h.h.t.HelmChartContainer - [K3S] [controllermanager.go:765] "Started controller" controller="serviceaccount-token-controller"
2025-01-29 13:37:42,990 INFO c.h.h.t.HelmChartContainer - [K3S] [range_allocator.go:112] "No Secondary Service CIDR provided. Skipping filtering out secondary service addresses"
2025-01-29 13:37:42,990 INFO c.h.h.t.HelmChartContainer - [K3S] [controllermanager.go:765] "Started controller" controller="node-ipam-controller"
2025-01-29 13:37:42,990 INFO c.h.h.t.HelmChartContainer - [K3S] [node_ipam_controller.go:141] "Starting ipam controller"
2025-01-29 13:37:42,992 INFO c.h.h.t.HelmChartContainer - [K3S] [node_lifecycle_controller.go:432] "Controller will reconcile labels"
2025-01-29 13:37:42,992 INFO c.h.h.t.HelmChartContainer - [K3S] [controllermanager.go:765] "Started controller" controller="node-lifecycle-controller"
2025-01-29 13:37:42,992 INFO c.h.h.t.HelmChartContainer - [K3S] [controllermanager.go:723] "Skipping a cloud provider controller" controller="cloud-node-lifecycle-controller"
2025-01-29 13:37:42,992 INFO c.h.h.t.HelmChartContainer - [K3S] [node_lifecycle_controller.go:466] "Sending events to api server"
2025-01-29 13:37:42,993 INFO c.h.h.t.HelmChartContainer - [K3S] [node_lifecycle_controller.go:477] "Starting node controller"
2025-01-29 13:37:43,007 INFO c.h.h.t.HelmChartContainer - [K3S] [controllermanager.go:765] "Started controller" controller="persistentvolume-protection-controller"
2025-01-29 13:37:43,010 INFO c.h.h.t.HelmChartContainer - [K3S] [pv_protection_controller.go:81] "Starting PV protection controller"
2025-01-29 13:37:43,022 INFO c.h.h.t.HelmChartContainer - [K3S] [controllermanager.go:765] "Started controller" controller="statefulset-controller"
2025-01-29 13:37:43,022 INFO c.h.h.t.HelmChartContainer - [K3S] [controllermanager.go:723] "Skipping a cloud provider controller" controller="node-route-controller"
2025-01-29 13:37:43,022 INFO c.h.h.t.HelmChartContainer - [K3S] [stateful_set.go:166] "Starting stateful set controller"
2025-01-29 13:37:43,024 INFO c.h.h.t.HelmChartContainer - [K3S] [controllermanager.go:765] "Started controller" controller="taint-eviction-controller"
2025-01-29 13:37:43,024 INFO c.h.h.t.HelmChartContainer - [K3S] [controllermanager.go:743] "Warning: skipping controller" controller="storage-version-migrator-controller"
2025-01-29 13:37:43,024 INFO c.h.h.t.HelmChartContainer - [K3S] [taint_eviction.go:281] "Starting" controller="taint-eviction-controller"
2025-01-29 13:37:43,024 INFO c.h.h.t.HelmChartContainer - [K3S] [taint_eviction.go:287] "Sending events to api server"
2025-01-29 13:37:43,041 INFO c.h.h.t.HelmChartContainer - [K3S] [controllermanager.go:765] "Started controller" controller="resourcequota-controller"
2025-01-29 13:37:43,042 INFO c.h.h.t.HelmChartContainer - [K3S] [resource_quota_controller.go:300] "Starting resource quota controller"
2025-01-29 13:37:43,051 INFO c.h.h.t.HelmChartContainer - [K3S] [graph_builder.go:351] "Running" component="GraphBuilder"
2025-01-29 13:37:43,051 INFO c.h.h.t.HelmChartContainer - [K3S] [controllermanager.go:765] "Started controller" controller="garbage-collector-controller"
2025-01-29 13:37:43,058 INFO c.h.h.t.HelmChartContainer - [K3S] [controllermanager.go:765] "Started controller" controller="job-controller"
2025-01-29 13:37:43,058 INFO c.h.h.t.HelmChartContainer - [K3S] [job_controller.go:243] "Starting job controller"
2025-01-29 13:37:43,209 INFO c.h.h.t.HelmChartContainer - [K3S] [INFO] Done waiting for CRD helmchartconfigs.helm.cattle.io to become available
2025-01-29 13:37:43,209 INFO c.h.h.t.HelmChartContainer - [K3S] [INFO] Writing static file: /var/lib/rancher/k3s/server/static/charts/traefik-crd-27.0.201+up27.0.2.tgz
2025-01-29 13:37:43,209 INFO c.h.h.t.HelmChartContainer - [K3S] [INFO] Writing static file: /var/lib/rancher/k3s/server/static/charts/traefik-27.0.201+up27.0.2.tgz
2025-01-29 13:37:43,210 INFO c.h.h.t.HelmChartContainer - [K3S] [INFO] Writing manifest: /var/lib/rancher/k3s/server/manifests/metrics-server/metrics-server-deployment.yaml
2025-01-29 13:37:43,210 INFO c.h.h.t.HelmChartContainer - [K3S] [INFO] Writing manifest: /var/lib/rancher/k3s/server/manifests/metrics-server/metrics-server-service.yaml
2025-01-29 13:37:43,210 INFO c.h.h.t.HelmChartContainer - [K3S] [INFO] Writing manifest: /var/lib/rancher/k3s/server/manifests/metrics-server/resource-reader.yaml
2025-01-29 13:37:43,210 INFO c.h.h.t.HelmChartContainer - [K3S] [INFO] Writing manifest: /var/lib/rancher/k3s/server/manifests/runtimes.yaml
2025-01-29 13:37:43,210 INFO c.h.h.t.HelmChartContainer - [K3S] [INFO] Writing manifest: /var/lib/rancher/k3s/server/manifests/ccm.yaml
2025-01-29 13:37:43,210 INFO c.h.h.t.HelmChartContainer - [K3S] [INFO] Writing manifest: /var/lib/rancher/k3s/server/manifests/coredns.yaml
2025-01-29 13:37:43,211 INFO c.h.h.t.HelmChartContainer - [K3S] [INFO] Writing manifest: /var/lib/rancher/k3s/server/manifests/local-storage.yaml
2025-01-29 13:37:43,211 INFO c.h.h.t.HelmChartContainer - [K3S] [INFO] Writing manifest: /var/lib/rancher/k3s/server/manifests/metrics-server/metrics-apiservice.yaml
2025-01-29 13:37:43,212 INFO c.h.h.t.HelmChartContainer - [K3S] [INFO] Writing manifest: /var/lib/rancher/k3s/server/manifests/metrics-server/aggregated-metrics-reader.yaml
2025-01-29 13:37:43,212 INFO c.h.h.t.HelmChartContainer - [K3S] [INFO] Writing manifest: /var/lib/rancher/k3s/server/manifests/metrics-server/auth-delegator.yaml
2025-01-29 13:37:43,212 INFO c.h.h.t.HelmChartContainer - [K3S] [INFO] Writing manifest: /var/lib/rancher/k3s/server/manifests/metrics-server/auth-reader.yaml
2025-01-29 13:37:43,212 INFO c.h.h.t.HelmChartContainer - [K3S] [INFO] Writing manifest: /var/lib/rancher/k3s/server/manifests/rolebindings.yaml
2025-01-29 13:37:43,213 INFO c.h.h.t.HelmChartContainer - [K3S] [INFO] Starting dynamiclistener CN filter node controller with SANs: [localhost 127.0.0.1 ::1 localhost 41e0b4b2959d 172.18.0.2 10.43.0.1 kubernetes kubernetes.default kubernetes.default.svc kubernetes.default.svc.cluster.local]
2025-01-29 13:37:43,213 INFO c.h.h.t.HelmChartContainer - [K3S] [INFO] Tunnel server egress proxy mode: agent
2025-01-29 13:37:43,222 INFO c.h.h.t.HelmChartContainer - [K3S] [controllermanager.go:765] "Started controller" controller="horizontal-pod-autoscaler-controller"
2025-01-29 13:37:43,222 INFO c.h.h.t.HelmChartContainer - [K3S] [horizontal.go:201] "Starting HPA controller"
2025-01-29 13:37:43,318 INFO c.h.h.t.HelmChartContainer - [K3S] [INFO] Starting k3s.cattle.io/v1, Kind=Addon controller
2025-01-29 13:37:43,319 INFO c.h.h.t.HelmChartContainer - [K3S] [INFO] Creating deploy event broadcaster
2025-01-29 13:37:43,422 INFO c.h.h.t.HelmChartContainer - [K3S] [controllermanager.go:765] "Started controller" controller="disruption-controller"
2025-01-29 13:37:43,422 INFO c.h.h.t.HelmChartContainer - [K3S] [disruption.go:452] "Sending events to api server."
2025-01-29 13:37:43,422 INFO c.h.h.t.HelmChartContainer - [K3S] [disruption.go:463] "Starting disruption controller"
2025-01-29 13:37:43,423 INFO c.h.h.t.HelmChartContainer - [K3S] [INFO] Starting /v1, Kind=Node controller
2025-01-29 13:37:43,424 INFO c.h.h.t.HelmChartContainer - [K3S] [INFO] Creating helm-controller event broadcaster
2025-01-29 13:37:43,434 INFO c.h.h.t.HelmChartContainer - [K3S] [INFO] Cluster dns configmap has been set successfully
2025-01-29 13:37:43,532 INFO c.h.h.t.HelmChartContainer - [K3S] [INFO] Starting helm.cattle.io/v1, Kind=HelmChartConfig controller
2025-01-29 13:37:43,532 INFO c.h.h.t.HelmChartContainer - [K3S] [INFO] Starting helm.cattle.io/v1, Kind=HelmChart controller
2025-01-29 13:37:43,535 INFO c.h.h.t.HelmChartContainer - [K3S] [INFO] Starting rbac.authorization.k8s.io/v1, Kind=ClusterRoleBinding controller
2025-01-29 13:37:43,538 INFO c.h.h.t.HelmChartContainer - [K3S] [INFO] Starting batch/v1, Kind=Job controller
2025-01-29 13:37:43,538 INFO c.h.h.t.HelmChartContainer - [K3S] [INFO] Starting /v1, Kind=Secret controller
2025-01-29 13:37:43,538 INFO c.h.h.t.HelmChartContainer - [K3S] [INFO] Starting /v1, Kind=ConfigMap controller
2025-01-29 13:37:43,538 INFO c.h.h.t.HelmChartContainer - [K3S] [INFO] Starting /v1, Kind=ServiceAccount controller
2025-01-29 13:37:43,572 INFO c.h.h.t.HelmChartContainer - [K3S] [controllermanager.go:765] "Started controller" controller="cronjob-controller"
2025-01-29 13:37:43,572 INFO c.h.h.t.HelmChartContainer - [K3S] [cronjob_controllerv2.go:145] "Starting cronjob controller v2"
2025-01-29 13:37:43,729 INFO c.h.h.t.HelmChartContainer - [K3S] [controllermanager.go:765] "Started controller" controller="token-cleaner-controller"
2025-01-29 13:37:43,729 INFO c.h.h.t.HelmChartContainer - [K3S] [tokencleaner.go:117] "Starting token cleaner controller"
2025-01-29 13:37:43,872 INFO c.h.h.t.HelmChartContainer - [K3S] [controllermanager.go:765] "Started controller" controller="ttl-after-finished-controller"
2025-01-29 13:37:43,873 INFO c.h.h.t.HelmChartContainer - [K3S] [ttlafterfinished_controller.go:112] "Starting TTL after finished controller"
2025-01-29 13:37:43,976 INFO c.h.h.t.HelmChartContainer - [K3S] [INFO] Updating TLS secret for kube-system/k3s-serving (count: 10): map[listener.cattle.io/cn-10.43.0.1:10.43.0.1 listener.cattle.io/cn-127.0.0.1:127.0.0.1 listener.cattle.io/cn-172.18.0.2:172.18.0.2 listener.cattle.io/cn-41e0b4b2959d:41e0b4b2959d listener.cattle.io/cn-__1-f16284:::1 listener.cattle.io/cn-kubernetes:kubernetes listener.cattle.io/cn-kubernetes.default:kubernetes.default listener.cattle.io/cn-kubernetes.default.svc:kubernetes.default.svc listener.cattle.io/cn-kubernetes.default.svc.cluster.local:kubernetes.default.svc.cluster.local listener.cattle.io/cn-localhost:localhost listener.cattle.io/fingerprint:SHA1=D050EF2E196613C13D7FC95073A23A74EF67A910]
2025-01-29 13:37:43,978 INFO c.h.h.t.HelmChartContainer - [K3S] [INFO] Active TLS secret kube-system/k3s-serving (ver=241) (count 10): map[listener.cattle.io/cn-10.43.0.1:10.43.0.1 listener.cattle.io/cn-127.0.0.1:127.0.0.1 listener.cattle.io/cn-172.18.0.2:172.18.0.2 listener.cattle.io/cn-41e0b4b2959d:41e0b4b2959d listener.cattle.io/cn-__1-f16284:::1 listener.cattle.io/cn-kubernetes:kubernetes listener.cattle.io/cn-kubernetes.default:kubernetes.default listener.cattle.io/cn-kubernetes.default.svc:kubernetes.default.svc listener.cattle.io/cn-kubernetes.default.svc.cluster.local:kubernetes.default.svc.cluster.local listener.cattle.io/cn-localhost:localhost listener.cattle.io/fingerprint:SHA1=D050EF2E196613C13D7FC95073A23A74EF67A910]
2025-01-29 13:37:44,023 INFO c.h.h.t.HelmChartContainer - [K3S] [controllermanager.go:765] "Started controller" controller="replicationcontroller-controller"
2025-01-29 13:37:44,023 INFO c.h.h.t.HelmChartContainer - [K3S] [controllermanager.go:717] "Controller is disabled by a feature gate" controller="service-cidr-controller" requiredFeatureGates=["MultiCIDRServiceAllocator"]
2025-01-29 13:37:44,023 INFO c.h.h.t.HelmChartContainer - [K3S] [replica_set.go:217] "Starting controller" name="replicationcontroller"
2025-01-29 13:37:44,074 INFO c.h.h.t.HelmChartContainer - [K3S] [INFO] Updating TLS secret for kube-system/k3s-serving (count: 10): map[listener.cattle.io/cn-10.43.0.1:10.43.0.1 listener.cattle.io/cn-127.0.0.1:127.0.0.1 listener.cattle.io/cn-172.18.0.2:172.18.0.2 listener.cattle.io/cn-41e0b4b2959d:41e0b4b2959d listener.cattle.io/cn-__1-f16284:::1 listener.cattle.io/cn-kubernetes:kubernetes listener.cattle.io/cn-kubernetes.default:kubernetes.default listener.cattle.io/cn-kubernetes.default.svc:kubernetes.default.svc listener.cattle.io/cn-kubernetes.default.svc.cluster.local:kubernetes.default.svc.cluster.local listener.cattle.io/cn-localhost:localhost listener.cattle.io/fingerprint:SHA1=D050EF2E196613C13D7FC95073A23A74EF67A910]
2025-01-29 13:37:44,222 INFO c.h.h.t.HelmChartContainer - [K3S] [controllermanager.go:765] "Started controller" controller="validatingadmissionpolicy-status-controller"
2025-01-29 13:37:44,445 INFO c.h.h.t.HelmChartContainer - [K3S] [INFO] Labels and annotations have been set successfully on node: 41e0b4b2959d
2025-01-29 13:37:44,479 INFO c.h.h.t.HelmChartContainer - [K3S] [controllermanager.go:765] "Started controller" controller="namespace-controller"
2025-01-29 13:37:44,479 INFO c.h.h.t.HelmChartContainer - [K3S] [namespace_controller.go:202] "Starting namespace controller"
2025-01-29 13:37:44,627 INFO c.h.h.t.HelmChartContainer - [K3S] [controllermanager.go:765] "Started controller" controller="deployment-controller"
2025-01-29 13:37:44,627 INFO c.h.h.t.HelmChartContainer - [K3S] [controllermanager.go:728] "Warning: controller is disabled" controller="bootstrap-signer-controller"
2025-01-29 13:37:44,627 INFO c.h.h.t.HelmChartContainer - [K3S] [deployment_controller.go:173] "Starting controller" controller="deployment"
2025-01-29 13:37:44,773 INFO c.h.h.t.HelmChartContainer - [K3S] [controllermanager.go:765] "Started controller" controller="clusterrole-aggregation-controller"
2025-01-29 13:37:44,773 INFO c.h.h.t.HelmChartContainer - [K3S] [clusterroleaggregation_controller.go:194] "Starting ClusterRoleAggregator controller"
2025-01-29 13:37:44,923 INFO c.h.h.t.HelmChartContainer - [K3S] [controllermanager.go:765] "Started controller" controller="legacy-serviceaccount-token-cleaner-controller"
2025-01-29 13:37:44,923 INFO c.h.h.t.HelmChartContainer - [K3S] [legacy_serviceaccount_token_cleaner.go:103] "Starting legacy service account token cleaner controller"
2025-01-29 13:37:44,927 INFO c.h.h.t.HelmChartContainer - [K3S] [event.go:389] "Event occurred" object="41e0b4b2959d" fieldPath="" kind="Node" apiVersion="" type="Normal" reason="NodePasswordValidationComplete" message="Deferred node password secret validation complete"
2025-01-29 13:37:45,073 INFO c.h.h.t.HelmChartContainer - [K3S] [controllermanager.go:765] "Started controller" controller="endpoints-controller"
2025-01-29 13:37:45,073 INFO c.h.h.t.HelmChartContainer - [K3S] [endpoints_controller.go:182] "Starting endpoint controller"
2025-01-29 13:37:45,222 INFO c.h.h.t.HelmChartContainer - [K3S] [controllermanager.go:765] "Started controller" controller="certificatesigningrequest-approving-controller"
2025-01-29 13:37:45,223 INFO c.h.h.t.HelmChartContainer - [K3S] [certificate_controller.go:120] "Starting certificate controller" name="csrapproving"
2025-01-29 13:37:45,323 INFO c.h.h.t.HelmChartContainer - [K3S] [event.go:389] "Event occurred" object="kube-system/ccm" fieldPath="" kind="Addon" apiVersion="k3s.cattle.io/v1" type="Normal" reason="ApplyingManifest" message="Applying manifest at \"/var/lib/rancher/k3s/server/manifests/ccm.yaml\""
2025-01-29 13:37:45,341 INFO c.h.h.t.HelmChartContainer - [K3S] [event.go:389] "Event occurred" object="kube-system/ccm" fieldPath="" kind="Addon" apiVersion="k3s.cattle.io/v1" type="Normal" reason="AppliedManifest" message="Applied manifest at \"/var/lib/rancher/k3s/server/manifests/ccm.yaml\""
2025-01-29 13:37:45,349 INFO c.h.h.t.HelmChartContainer - [K3S] [event.go:389] "Event occurred" object="kube-system/coredns" fieldPath="" kind="Addon" apiVersion="k3s.cattle.io/v1" type="Normal" reason="ApplyingManifest" message="Applying manifest at \"/var/lib/rancher/k3s/server/manifests/coredns.yaml\""
2025-01-29 13:37:45,372 INFO c.h.h.t.HelmChartContainer - [K3S] [controllermanager.go:765] "Started controller" controller="persistentvolume-attach-detach-controller"
2025-01-29 13:37:45,373 INFO c.h.h.t.HelmChartContainer - [K3S] [attach_detach_controller.go:338] "Starting attach detach controller"
2025-01-29 13:37:45,469 INFO c.h.h.t.HelmChartContainer - [K3S] [alloc.go:330] "allocated clusterIPs" service="kube-system/kube-dns" clusterIPs={"IPv4":"10.43.0.10"}
2025-01-29 13:37:45,471 INFO c.h.h.t.HelmChartContainer - [K3S] [event.go:389] "Event occurred" object="kube-system/coredns" fieldPath="" kind="Addon" apiVersion="k3s.cattle.io/v1" type="Normal" reason="AppliedManifest" message="Applied manifest at \"/var/lib/rancher/k3s/server/manifests/coredns.yaml\""
2025-01-29 13:37:45,478 INFO c.h.h.t.HelmChartContainer - [K3S] [event.go:389] "Event occurred" object="kube-system/local-storage" fieldPath="" kind="Addon" apiVersion="k3s.cattle.io/v1" type="Normal" reason="ApplyingManifest" message="Applying manifest at \"/var/lib/rancher/k3s/server/manifests/local-storage.yaml\""
2025-01-29 13:37:45,522 INFO c.h.h.t.HelmChartContainer - [K3S] [controllermanager.go:765] "Started controller" controller="root-ca-certificate-publisher-controller"
2025-01-29 13:37:45,522 INFO c.h.h.t.HelmChartContainer - [K3S] [controllermanager.go:717] "Controller is disabled by a feature gate" controller="storageversion-garbage-collector-controller" requiredFeatureGates=["APIServerIdentity","StorageVersionAPI"]
2025-01-29 13:37:45,522 INFO c.h.h.t.HelmChartContainer - [K3S] [controllermanager.go:717] "Controller is disabled by a feature gate" controller="resourceclaim-controller" requiredFeatureGates=["DynamicResourceAllocation"]
2025-01-29 13:37:45,523 INFO c.h.h.t.HelmChartContainer - [K3S] [controllermanager.go:717] "Controller is disabled by a feature gate" controller="selinux-warning-controller" requiredFeatureGates=["SELinuxChangePolicy"]
2025-01-29 13:37:45,523 INFO c.h.h.t.HelmChartContainer - [K3S] [publisher.go:107] "Starting root CA cert publisher controller"
2025-01-29 13:37:45,563 INFO c.h.h.t.HelmChartContainer - [K3S] [event.go:389] "Event occurred" object="kube-system/local-storage" fieldPath="" kind="Addon" apiVersion="k3s.cattle.io/v1" type="Normal" reason="AppliedManifest" message="Applied manifest at \"/var/lib/rancher/k3s/server/manifests/local-storage.yaml\""
2025-01-29 13:37:45,569 INFO c.h.h.t.HelmChartContainer - [K3S] [event.go:389] "Event occurred" object="kube-system/aggregated-metrics-reader" fieldPath="" kind="Addon" apiVersion="k3s.cattle.io/v1" type="Normal" reason="ApplyingManifest" message="Applying manifest at \"/var/lib/rancher/k3s/server/manifests/metrics-server/aggregated-metrics-reader.yaml\""
2025-01-29 13:37:45,631 INFO c.h.h.t.HelmChartContainer - [K3S] [event.go:389] "Event occurred" object="kube-system/aggregated-metrics-reader" fieldPath="" kind="Addon" apiVersion="k3s.cattle.io/v1" type="Normal" reason="AppliedManifest" message="Applied manifest at \"/var/lib/rancher/k3s/server/manifests/metrics-server/aggregated-metrics-reader.yaml\""
2025-01-29 13:37:45,636 INFO c.h.h.t.HelmChartContainer - [K3S] [event.go:389] "Event occurred" object="kube-system/auth-delegator" fieldPath="" kind="Addon" apiVersion="k3s.cattle.io/v1" type="Normal" reason="ApplyingManifest" message="Applying manifest at \"/var/lib/rancher/k3s/server/manifests/metrics-server/auth-delegator.yaml\""
2025-01-29 13:37:45,645 INFO c.h.h.t.HelmChartContainer - [K3S] [event.go:389] "Event occurred" object="kube-system/auth-delegator" fieldPath="" kind="Addon" apiVersion="k3s.cattle.io/v1" type="Normal" reason="AppliedManifest" message="Applied manifest at \"/var/lib/rancher/k3s/server/manifests/metrics-server/auth-delegator.yaml\""
2025-01-29 13:37:45,649 INFO c.h.h.t.HelmChartContainer - [K3S] [event.go:389] "Event occurred" object="kube-system/auth-reader" fieldPath="" kind="Addon" apiVersion="k3s.cattle.io/v1" type="Normal" reason="ApplyingManifest" message="Applying manifest at \"/var/lib/rancher/k3s/server/manifests/metrics-server/auth-reader.yaml\""
2025-01-29 13:37:45,654 INFO c.h.h.t.HelmChartContainer - [K3S] [event.go:389] "Event occurred" object="kube-system/auth-reader" fieldPath="" kind="Addon" apiVersion="k3s.cattle.io/v1" type="Normal" reason="AppliedManifest" message="Applied manifest at \"/var/lib/rancher/k3s/server/manifests/metrics-server/auth-reader.yaml\""
2025-01-29 13:37:45,660 INFO c.h.h.t.HelmChartContainer - [K3S] [event.go:389] "Event occurred" object="kube-system/metrics-apiservice" fieldPath="" kind="Addon" apiVersion="k3s.cattle.io/v1" type="Normal" reason="ApplyingManifest" message="Applying manifest at \"/var/lib/rancher/k3s/server/manifests/metrics-server/metrics-apiservice.yaml\""
2025-01-29 13:37:45,667 INFO c.h.h.t.HelmChartContainer - [K3S] [event.go:389] "Event occurred" object="kube-system/metrics-apiservice" fieldPath="" kind="Addon" apiVersion="k3s.cattle.io/v1" type="Normal" reason="AppliedManifest" message="Applied manifest at \"/var/lib/rancher/k3s/server/manifests/metrics-server/metrics-apiservice.yaml\""
2025-01-29 13:37:45,672 INFO c.h.h.t.HelmChartContainer - [K3S] [handler_proxy.go:99] no RequestInfo found in the context
2025-01-29 13:37:45,672 INFO c.h.h.t.HelmChartContainer - [K3S] [controller.go:146] "Unhandled Error" err=<
2025-01-29 13:37:45,672 INFO c.h.h.t.HelmChartContainer - [K3S] 	, Header: map[Content-Type:[text/plain; charset=utf-8] X-Content-Type-Options:[nosniff]]
2025-01-29 13:37:45,672 INFO c.h.h.t.HelmChartContainer - [K3S]  >
2025-01-29 13:37:45,673 INFO c.h.h.t.HelmChartContainer - [K3S] [controllermanager.go:765] "Started controller" controller="endpointslice-controller"
2025-01-29 13:37:45,673 INFO c.h.h.t.HelmChartContainer - [K3S] [endpointslice_controller.go:281] "Starting endpoint slice controller"
2025-01-29 13:37:45,673 INFO c.h.h.t.HelmChartContainer - [K3S] [handler_proxy.go:143] error resolving kube-system/metrics-server: service "metrics-server" not found
2025-01-29 13:37:45,675 INFO c.h.h.t.HelmChartContainer - [K3S] [event.go:389] "Event occurred" object="kube-system/metrics-server-deployment" fieldPath="" kind="Addon" apiVersion="k3s.cattle.io/v1" type="Normal" reason="ApplyingManifest" message="Applying manifest at \"/var/lib/rancher/k3s/server/manifests/metrics-server/metrics-server-deployment.yaml\""
2025-01-29 13:37:45,684 INFO c.h.h.t.HelmChartContainer - [K3S] [event.go:389] "Event occurred" object="kube-system/metrics-server-deployment" fieldPath="" kind="Addon" apiVersion="k3s.cattle.io/v1" type="Normal" reason="AppliedManifest" message="Applied manifest at \"/var/lib/rancher/k3s/server/manifests/metrics-server/metrics-server-deployment.yaml\""
2025-01-29 13:37:45,690 INFO c.h.h.t.HelmChartContainer - [K3S] [event.go:389] "Event occurred" object="kube-system/metrics-server-service" fieldPath="" kind="Addon" apiVersion="k3s.cattle.io/v1" type="Normal" reason="ApplyingManifest" message="Applying manifest at \"/var/lib/rancher/k3s/server/manifests/metrics-server/metrics-server-service.yaml\""
2025-01-29 13:37:45,695 INFO c.h.h.t.HelmChartContainer - [K3S] [alloc.go:330] "allocated clusterIPs" service="kube-system/metrics-server" clusterIPs={"IPv4":"10.43.210.205"}
2025-01-29 13:37:45,696 INFO c.h.h.t.HelmChartContainer - [K3S] [event.go:389] "Event occurred" object="kube-system/metrics-server-service" fieldPath="" kind="Addon" apiVersion="k3s.cattle.io/v1" type="Normal" reason="AppliedManifest" message="Applied manifest at \"/var/lib/rancher/k3s/server/manifests/metrics-server/metrics-server-service.yaml\""
2025-01-29 13:37:45,700 INFO c.h.h.t.HelmChartContainer - [K3S] [handler_proxy.go:99] no RequestInfo found in the context
2025-01-29 13:37:45,700 INFO c.h.h.t.HelmChartContainer - [K3S] [controller.go:146] "Unhandled Error" err=<
2025-01-29 13:37:45,700 INFO c.h.h.t.HelmChartContainer - [K3S] 	, Header: map[Content-Type:[text/plain; charset=utf-8] X-Content-Type-Options:[nosniff]]
2025-01-29 13:37:45,700 INFO c.h.h.t.HelmChartContainer - [K3S]  >
2025-01-29 13:37:45,701 INFO c.h.h.t.HelmChartContainer - [K3S] [handler_proxy.go:143] error resolving kube-system/metrics-server: endpoints "metrics-server" not found
2025-01-29 13:37:45,704 INFO c.h.h.t.HelmChartContainer - [K3S] [event.go:389] "Event occurred" object="kube-system/resource-reader" fieldPath="" kind="Addon" apiVersion="k3s.cattle.io/v1" type="Normal" reason="ApplyingManifest" message="Applying manifest at \"/var/lib/rancher/k3s/server/manifests/metrics-server/resource-reader.yaml\""
2025-01-29 13:37:45,722 INFO c.h.h.t.HelmChartContainer - [K3S] [certificate_controller.go:120] "Starting certificate controller" name="csrsigning-kubelet-serving"
2025-01-29 13:37:45,723 INFO c.h.h.t.HelmChartContainer - [K3S] [dynamic_serving_content.go:135] "Starting controller" name="csr-controller::/var/lib/rancher/k3s/server/tls/server-ca.nochain.crt::/var/lib/rancher/k3s/server/tls/server-ca.key"
2025-01-29 13:37:45,723 INFO c.h.h.t.HelmChartContainer - [K3S] [certificate_controller.go:120] "Starting certificate controller" name="csrsigning-kubelet-client"
2025-01-29 13:37:45,723 INFO c.h.h.t.HelmChartContainer - [K3S] [dynamic_serving_content.go:135] "Starting controller" name="csr-controller::/var/lib/rancher/k3s/server/tls/client-ca.nochain.crt::/var/lib/rancher/k3s/server/tls/client-ca.key"
2025-01-29 13:37:45,723 INFO c.h.h.t.HelmChartContainer - [K3S] [dynamic_serving_content.go:135] "Starting controller" name="csr-controller::/var/lib/rancher/k3s/server/tls/client-ca.nochain.crt::/var/lib/rancher/k3s/server/tls/client-ca.key"
2025-01-29 13:37:45,723 INFO c.h.h.t.HelmChartContainer - [K3S] [certificate_controller.go:120] "Starting certificate controller" name="csrsigning-kube-apiserver-client"
2025-01-29 13:37:45,723 INFO c.h.h.t.HelmChartContainer - [K3S] [controllermanager.go:765] "Started controller" controller="certificatesigningrequest-signing-controller"
2025-01-29 13:37:45,723 INFO c.h.h.t.HelmChartContainer - [K3S] [certificate_controller.go:120] "Starting certificate controller" name="csrsigning-legacy-unknown"
2025-01-29 13:37:45,724 INFO c.h.h.t.HelmChartContainer - [K3S] [dynamic_serving_content.go:135] "Starting controller" name="csr-controller::/var/lib/rancher/k3s/server/tls/server-ca.nochain.crt::/var/lib/rancher/k3s/server/tls/server-ca.key"
2025-01-29 13:37:45,742 INFO c.h.h.t.HelmChartContainer - [K3S] [event.go:389] "Event occurred" object="kube-system/resource-reader" fieldPath="" kind="Addon" apiVersion="k3s.cattle.io/v1" type="Normal" reason="AppliedManifest" message="Applied manifest at \"/var/lib/rancher/k3s/server/manifests/metrics-server/resource-reader.yaml\""
2025-01-29 13:37:45,749 INFO c.h.h.t.HelmChartContainer - [K3S] [event.go:389] "Event occurred" object="kube-system/rolebindings" fieldPath="" kind="Addon" apiVersion="k3s.cattle.io/v1" type="Normal" reason="ApplyingManifest" message="Applying manifest at \"/var/lib/rancher/k3s/server/manifests/rolebindings.yaml\""
2025-01-29 13:37:45,853 INFO c.h.h.t.HelmChartContainer - [K3S] [event.go:389] "Event occurred" object="kube-system/rolebindings" fieldPath="" kind="Addon" apiVersion="k3s.cattle.io/v1" type="Normal" reason="AppliedManifest" message="Applied manifest at \"/var/lib/rancher/k3s/server/manifests/rolebindings.yaml\""
2025-01-29 13:37:45,860 INFO c.h.h.t.HelmChartContainer - [K3S] [event.go:389] "Event occurred" object="kube-system/runtimes" fieldPath="" kind="Addon" apiVersion="k3s.cattle.io/v1" type="Normal" reason="ApplyingManifest" message="Applying manifest at \"/var/lib/rancher/k3s/server/manifests/runtimes.yaml\""
2025-01-29 13:37:45,872 INFO c.h.h.t.HelmChartContainer - [K3S] [controllermanager.go:765] "Started controller" controller="ttl-controller"
2025-01-29 13:37:45,872 INFO c.h.h.t.HelmChartContainer - [K3S] [controllermanager.go:717] "Controller is disabled by a feature gate" controller="kube-apiserver-serving-clustertrustbundle-publisher-controller" requiredFeatureGates=["ClusterTrustBundle"]
2025-01-29 13:37:45,872 INFO c.h.h.t.HelmChartContainer - [K3S] [ttl_controller.go:127] "Starting TTL controller"
2025-01-29 13:37:45,886 INFO c.h.h.t.HelmChartContainer - [K3S] [event.go:389] "Event occurred" object="kube-system/runtimes" fieldPath="" kind="Addon" apiVersion="k3s.cattle.io/v1" type="Normal" reason="AppliedManifest" message="Applied manifest at \"/var/lib/rancher/k3s/server/manifests/runtimes.yaml\""
2025-01-29 13:37:46,023 INFO c.h.h.t.HelmChartContainer - [K3S] [controllermanager.go:765] "Started controller" controller="ephemeral-volume-controller"
2025-01-29 13:37:46,023 INFO c.h.h.t.HelmChartContainer - [K3S] [controller.go:173] "Starting ephemeral volume controller"
2025-01-29 13:37:46,173 INFO c.h.h.t.HelmChartContainer - [K3S] [controllermanager.go:765] "Started controller" controller="pod-garbage-collector-controller"
2025-01-29 13:37:46,173 INFO c.h.h.t.HelmChartContainer - [K3S] [gc_controller.go:99] "Starting GC controller"
2025-01-29 13:37:46,324 INFO c.h.h.t.HelmChartContainer - [K3S] [controllermanager.go:765] "Started controller" controller="endpointslice-mirroring-controller"
2025-01-29 13:37:46,324 INFO c.h.h.t.HelmChartContainer - [K3S] [endpointslicemirroring_controller.go:227] "Starting EndpointSliceMirroring controller"
2025-01-29 13:37:46,342 INFO c.h.h.t.HelmChartContainer - [K3S] [INFO] Tunnel authorizer set Kubelet Port 0.0.0.0:10250
2025-01-29 13:37:46,472 INFO c.h.h.t.HelmChartContainer - [K3S] [controllermanager.go:765] "Started controller" controller="replicaset-controller"
2025-01-29 13:37:46,472 INFO c.h.h.t.HelmChartContainer - [K3S] [controllermanager.go:723] "Skipping a cloud provider controller" controller="service-lb-controller"
2025-01-29 13:37:46,472 INFO c.h.h.t.HelmChartContainer - [K3S] [replica_set.go:217] "Starting controller" name="replicaset"
2025-01-29 13:37:46,622 INFO c.h.h.t.HelmChartContainer - [K3S] [controllermanager.go:765] "Started controller" controller="persistentvolume-expander-controller"
2025-01-29 13:37:46,623 INFO c.h.h.t.HelmChartContainer - [K3S] [expand_controller.go:329] "Starting expand controller"
2025-01-29 13:37:46,648 INFO c.h.h.t.HelmChartContainer - [K3S] [serving.go:392] Generated self-signed cert in-memory
2025-01-29 13:37:46,668 INFO c.h.h.t.HelmChartContainer - [K3S] [handler_proxy.go:99] no RequestInfo found in the context
2025-01-29 13:37:46,668 INFO c.h.h.t.HelmChartContainer - [K3S] [handler_proxy.go:99] no RequestInfo found in the context
2025-01-29 13:37:46,668 INFO c.h.h.t.HelmChartContainer - [K3S] [controller.go:102] "Unhandled Error" err=<
2025-01-29 13:37:46,668 INFO c.h.h.t.HelmChartContainer - [K3S] 	, Header: map[Content-Type:[text/plain; charset=utf-8] X-Content-Type-Options:[nosniff]]
2025-01-29 13:37:46,668 INFO c.h.h.t.HelmChartContainer - [K3S]  >
2025-01-29 13:37:46,772 INFO c.h.h.t.HelmChartContainer - [K3S] [controllermanager.go:765] "Started controller" controller="persistentvolumeclaim-protection-controller"
2025-01-29 13:37:46,773 INFO c.h.h.t.HelmChartContainer - [K3S] [controllermanager.go:717] "Controller is disabled by a feature gate" controller="volumeattributesclass-protection-controller" requiredFeatureGates=["VolumeAttributesClass"]
2025-01-29 13:37:46,773 INFO c.h.h.t.HelmChartContainer - [K3S] [pvc_protection_controller.go:168] "Starting PVC protection controller"
2025-01-29 13:37:46,929 INFO c.h.h.t.HelmChartContainer - [K3S] [controllermanager.go:765] "Started controller" controller="daemonset-controller"
2025-01-29 13:37:46,929 INFO c.h.h.t.HelmChartContainer - [K3S] [daemon_controller.go:294] "Starting daemon sets controller"
2025-01-29 13:37:46,937 INFO c.h.h.t.HelmChartContainer - [K3S] [serving.go:392] Generated self-signed cert in-memory
2025-01-29 13:37:46,972 INFO c.h.h.t.HelmChartContainer - [K3S] [controllermanager.go:765] "Started controller" controller="certificatesigningrequest-cleaner-controller"
2025-01-29 13:37:46,973 INFO c.h.h.t.HelmChartContainer - [K3S] [cleaner.go:83] "Starting CSR cleaner controller"
2025-01-29 13:37:47,129 INFO c.h.h.t.HelmChartContainer - [K3S] [controllermanager.go:765] "Started controller" controller="persistentvolume-binder-controller"
2025-01-29 13:37:47,129 INFO c.h.h.t.HelmChartContainer - [K3S] [pv_controller_base.go:308] "Starting persistent volume controller"
2025-01-29 13:37:47,273 INFO c.h.h.t.HelmChartContainer - [K3S] [controllermanager.go:765] "Started controller" controller="serviceaccount-controller"
2025-01-29 13:37:47,274 INFO c.h.h.t.HelmChartContainer - [K3S] [serviceaccounts_controller.go:114] "Starting service account controller"
2025-01-29 13:37:47,297 INFO c.h.h.t.HelmChartContainer - [K3S] [actual_state_of_world.go:541] "Failed to update statusUpdateNeeded field in actual state of world" err="Failed to set statusUpdateNeeded to needed true, because nodeName=\"41e0b4b2959d\" does not exist"
2025-01-29 13:37:47,307 INFO c.h.h.t.HelmChartContainer - [K3S] [node_lifecycle_controller.go:1234] "Initializing eviction metric for zone" zone=""
2025-01-29 13:37:47,307 INFO c.h.h.t.HelmChartContainer - [K3S] [node_lifecycle_controller.go:886] "Missing timestamp for Node. Assuming now as a timestamp" node="41e0b4b2959d"
2025-01-29 13:37:47,308 INFO c.h.h.t.HelmChartContainer - [K3S] [node_lifecycle_controller.go:1080] "Controller detected that zone is now in new state" zone="" newState="Normal"
2025-01-29 13:37:47,332 INFO c.h.h.t.HelmChartContainer - [K3S] [INFO] Updated coredns NodeHosts entry for 41e0b4b2959d
2025-01-29 13:37:47,342 INFO c.h.h.t.HelmChartContainer - [K3S] [INFO] Started tunnel to 172.18.0.2:6443
2025-01-29 13:37:47,342 INFO c.h.h.t.HelmChartContainer - [K3S] [INFO] Stopped tunnel to 127.0.0.1:6443
2025-01-29 13:37:47,342 INFO c.h.h.t.HelmChartContainer - [K3S] [INFO] Connecting to proxy" url="wss://172.18.0.2:6443/v1-k3s/connect
2025-01-29 13:37:47,342 INFO c.h.h.t.HelmChartContainer - [K3S] [INFO] Proxy done" err="context canceled" url="wss://127.0.0.1:6443/v1-k3s/connect
2025-01-29 13:37:47,342 INFO c.h.h.t.HelmChartContainer - [K3S] [INFO] error in remotedialer server [400]: websocket: close 1006 (abnormal closure): unexpected EOF
2025-01-29 13:37:47,345 INFO c.h.h.t.HelmChartContainer - [K3S] [INFO] Handling backend connection request [41e0b4b2959d]
2025-01-29 13:37:47,345 INFO c.h.h.t.HelmChartContainer - [K3S] [INFO] Remotedialer connected to proxy" url="wss://172.18.0.2:6443/v1-k3s/connect
2025-01-29 13:37:47,390 INFO c.h.h.t.HelmChartContainer - [K3S] [range_allocator.go:177] "Sending events to api server"
2025-01-29 13:37:47,390 INFO c.h.h.t.HelmChartContainer - [K3S] [range_allocator.go:183] "Starting range CIDR allocator"
2025-01-29 13:37:47,394 INFO c.h.h.t.HelmChartContainer - [K3S] [range_allocator.go:428] "Set node PodCIDR" node="41e0b4b2959d" podCIDRs=["10.42.0.0/24"]
2025-01-29 13:37:47,394 INFO c.h.h.t.HelmChartContainer - [K3S] [range_allocator.go:247] "Successfully synced" key="41e0b4b2959d"
2025-01-29 13:37:47,397 INFO c.h.h.t.HelmChartContainer - [K3S] [INFO] Flannel found PodCIDR assigned for node 41e0b4b2959d
2025-01-29 13:37:47,397 INFO c.h.h.t.HelmChartContainer - [K3S] [range_allocator.go:247] "Successfully synced" key="41e0b4b2959d"
2025-01-29 13:37:47,397 INFO c.h.h.t.HelmChartContainer - [K3S] [INFO] The interface eth0 with ipv4 address 172.18.0.2 will be used by flannel
2025-01-29 13:37:47,397 INFO c.h.h.t.HelmChartContainer - [K3S] [controllermanager.go:160] Version: v1.32.1+k3s1
2025-01-29 13:37:47,401 INFO c.h.h.t.HelmChartContainer - [K3S] [kube.go:139] Waiting 10m0s for node controller to sync
2025-01-29 13:37:47,401 INFO c.h.h.t.HelmChartContainer - [K3S] [kube.go:469] Starting kube subnet manager
2025-01-29 13:37:47,404 INFO c.h.h.t.HelmChartContainer - [K3S] [requestheader_controller.go:180] Starting RequestHeaderAuthRequestController
2025-01-29 13:37:47,404 INFO c.h.h.t.HelmChartContainer - [K3S] [configmap_cafile_content.go:205] "Starting controller" name="client-ca::kube-system::extension-apiserver-authentication::client-ca-file"
2025-01-29 13:37:47,404 INFO c.h.h.t.HelmChartContainer - [K3S] [configmap_cafile_content.go:205] "Starting controller" name="client-ca::kube-system::extension-apiserver-authentication::requestheader-client-ca-file"
2025-01-29 13:37:47,404 INFO c.h.h.t.HelmChartContainer - [K3S] [secure_serving.go:213] Serving securely on 127.0.0.1:10258
2025-01-29 13:37:47,404 INFO c.h.h.t.HelmChartContainer - [K3S] [tlsconfig.go:243] "Starting DynamicServingCertificateController"
2025-01-29 13:37:47,410 INFO c.h.h.t.HelmChartContainer - [K3S] [INFO] Creating service-lb-controller event broadcaster
2025-01-29 13:37:47,412 INFO c.h.h.t.HelmChartContainer - [K3S] [INFO] Network policy controller waiting for removal of node.cloudprovider.kubernetes.io/uninitialized taint
2025-01-29 13:37:47,525 INFO c.h.h.t.HelmChartContainer - [K3S] [INFO] Starting /v1, Kind=Node controller
2025-01-29 13:37:47,528 INFO c.h.h.t.HelmChartContainer - [K3S] [INFO] Starting /v1, Kind=Pod controller
2025-01-29 13:37:47,531 INFO c.h.h.t.HelmChartContainer - [K3S] [INFO] Starting apps/v1, Kind=DaemonSet controller
2025-01-29 13:37:47,534 INFO c.h.h.t.HelmChartContainer - [K3S] [controllermanager.go:306] "node-route-controller" is disabled
2025-01-29 13:37:47,535 INFO c.h.h.t.HelmChartContainer - [K3S] [INFO] Starting discovery.k8s.io/v1, Kind=EndpointSlice controller
2025-01-29 13:37:47,535 INFO c.h.h.t.HelmChartContainer - [K3S] [controllermanager.go:329] Started "cloud-node-controller"
2025-01-29 13:37:47,536 INFO c.h.h.t.HelmChartContainer - [K3S] [node_controller.go:176] Sending events to api server.
2025-01-29 13:37:47,536 INFO c.h.h.t.HelmChartContainer - [K3S] [node_controller.go:185] Waiting for informer caches to sync
2025-01-29 13:37:47,536 INFO c.h.h.t.HelmChartContainer - [K3S] [controllermanager.go:329] Started "cloud-node-lifecycle-controller"
2025-01-29 13:37:47,536 INFO c.h.h.t.HelmChartContainer - [K3S] [controllermanager.go:329] Started "service-lb-controller"
2025-01-29 13:37:47,536 INFO c.h.h.t.HelmChartContainer - [K3S] [node_lifecycle_controller.go:112] Sending events to api server
2025-01-29 13:37:47,536 INFO c.h.h.t.HelmChartContainer - [K3S] [controller.go:234] Starting service controller
2025-01-29 13:37:47,635 INFO c.h.h.t.HelmChartContainer - [K3S] [node_controller.go:429] Initializing node 41e0b4b2959d with cloud provider
2025-01-29 13:37:47,638 INFO c.h.h.t.HelmChartContainer - [K3S] [node_controller.go:474] Successfully initialized node 41e0b4b2959d with cloud provider
2025-01-29 13:37:47,639 INFO c.h.h.t.HelmChartContainer - [K3S] [event.go:389] "Event occurred" object="41e0b4b2959d" fieldPath="" kind="Node" apiVersion="v1" type="Normal" reason="Synced" message="Node synced successfully"
2025-01-29 13:37:47,639 INFO c.h.h.t.HelmChartContainer - [K3S] [range_allocator.go:247] "Successfully synced" key="41e0b4b2959d"
2025-01-29 13:37:47,931 INFO c.h.h.t.HelmChartContainer - [K3S] [range_allocator.go:247] "Successfully synced" key="41e0b4b2959d"
2025-01-29 13:37:48,039 INFO c.h.h.t.HelmChartContainer - [K3S] [serving.go:392] Generated self-signed cert in-memory
2025-01-29 13:37:48,081 INFO c.h.h.t.HelmChartContainer - [K3S] [handler_proxy.go:99] no RequestInfo found in the context
2025-01-29 13:37:48,082 INFO c.h.h.t.HelmChartContainer - [K3S] [controller.go:146] "Unhandled Error" err=<
2025-01-29 13:37:48,082 INFO c.h.h.t.HelmChartContainer - [K3S] 	, Header: map[Content-Type:[text/plain; charset=utf-8] X-Content-Type-Options:[nosniff]]
2025-01-29 13:37:48,082 INFO c.h.h.t.HelmChartContainer - [K3S]  >
2025-01-29 13:37:48,083 INFO c.h.h.t.HelmChartContainer - [K3S] [handler_proxy.go:143] error resolving kube-system/metrics-server: no endpoints available for service "metrics-server"
2025-01-29 13:37:48,193 INFO c.h.h.t.HelmChartContainer - [K3S] [replica_set.go:679] "Finished syncing" kind="ReplicaSet" key="kube-system/local-path-provisioner-698b58967b" duration="763.757702ms"
2025-01-29 13:37:48,200 INFO c.h.h.t.HelmChartContainer - [K3S] [replica_set.go:679] "Finished syncing" kind="ReplicaSet" key="kube-system/local-path-provisioner-698b58967b" duration="7.162348ms"
2025-01-29 13:37:48,201 INFO c.h.h.t.HelmChartContainer - [K3S] [replica_set.go:679] "Finished syncing" kind="ReplicaSet" key="kube-system/local-path-provisioner-698b58967b" duration="25.198µs"
2025-01-29 13:37:48,203 INFO c.h.h.t.HelmChartContainer - [K3S] [replica_set.go:679] "Finished syncing" kind="ReplicaSet" key="kube-system/metrics-server-8584b5786c" duration="766.546365ms"
2025-01-29 13:37:48,207 INFO c.h.h.t.HelmChartContainer - [K3S] [replica_set.go:679] "Finished syncing" kind="ReplicaSet" key="kube-system/coredns-ff8999cc5" duration="773.046786ms"
2025-01-29 13:37:48,214 INFO c.h.h.t.HelmChartContainer - [K3S] [replica_set.go:679] "Finished syncing" kind="ReplicaSet" key="kube-system/metrics-server-8584b5786c" duration="10.43239ms"
2025-01-29 13:37:48,214 INFO c.h.h.t.HelmChartContainer - [K3S] [replica_set.go:679] "Finished syncing" kind="ReplicaSet" key="kube-system/coredns-ff8999cc5" duration="10.196626ms"
2025-01-29 13:37:48,214 INFO c.h.h.t.HelmChartContainer - [K3S] [replica_set.go:679] "Finished syncing" kind="ReplicaSet" key="kube-system/metrics-server-8584b5786c" duration="23.954µs"
2025-01-29 13:37:48,221 INFO c.h.h.t.HelmChartContainer - [K3S] [server.go:164] "Starting Kubernetes Scheduler" version="v1.32.1+k3s1"
2025-01-29 13:37:48,222 INFO c.h.h.t.HelmChartContainer - [K3S] [server.go:166] "Golang settings" GOGC="" GOMAXPROCS="" GOTRACEBACK=""
2025-01-29 13:37:48,229 INFO c.h.h.t.HelmChartContainer - [K3S] [replica_set.go:679] "Finished syncing" kind="ReplicaSet" key="kube-system/coredns-ff8999cc5" duration="14.906946ms"
2025-01-29 13:37:48,229 INFO c.h.h.t.HelmChartContainer - [K3S] [replica_set.go:679] "Finished syncing" kind="ReplicaSet" key="kube-system/coredns-ff8999cc5" duration="33.001µs"
2025-01-29 13:37:48,230 INFO c.h.h.t.HelmChartContainer - [K3S] [secure_serving.go:213] Serving securely on 127.0.0.1:10259
2025-01-29 13:37:48,230 INFO c.h.h.t.HelmChartContainer - [K3S] [configmap_cafile_content.go:205] "Starting controller" name="client-ca::kube-system::extension-apiserver-authentication::client-ca-file"
2025-01-29 13:37:48,230 INFO c.h.h.t.HelmChartContainer - [K3S] [configmap_cafile_content.go:205] "Starting controller" name="client-ca::kube-system::extension-apiserver-authentication::requestheader-client-ca-file"
2025-01-29 13:37:48,233 INFO c.h.h.t.HelmChartContainer - [K3S] [tlsconfig.go:243] "Starting DynamicServingCertificateController"
2025-01-29 13:37:48,233 INFO c.h.h.t.HelmChartContainer - [K3S] [requestheader_controller.go:180] Starting RequestHeaderAuthRequestController
2025-01-29 13:37:48,341 INFO c.h.h.t.HelmChartContainer - [K3S] [replica_set.go:679] "Finished syncing" kind="ReplicaSet" key="kube-system/coredns-ff8999cc5" duration="51.305µs"
2025-01-29 13:37:48,344 INFO c.h.h.t.HelmChartContainer - [K3S] [replica_set.go:679] "Finished syncing" kind="ReplicaSet" key="kube-system/local-path-provisioner-698b58967b" duration="34.405µs"
2025-01-29 13:37:48,345 INFO c.h.h.t.HelmChartContainer - [K3S] [replica_set.go:679] "Finished syncing" kind="ReplicaSet" key="kube-system/metrics-server-8584b5786c" duration="36.407µs"
2025-01-29 13:37:48,365 INFO c.h.h.t.HelmChartContainer - [K3S] [replica_set.go:679] "Finished syncing" kind="ReplicaSet" key="kube-system/local-path-provisioner-698b58967b" duration="39.163µs"
2025-01-29 13:37:48,377 INFO c.h.h.t.HelmChartContainer - [K3S] [replica_set.go:679] "Finished syncing" kind="ReplicaSet" key="kube-system/coredns-ff8999cc5" duration="41.918µs"
2025-01-29 13:37:48,383 INFO c.h.h.t.HelmChartContainer - [K3S] [replica_set.go:679] "Finished syncing" kind="ReplicaSet" key="kube-system/metrics-server-8584b5786c" duration="96.983µs"
2025-01-29 13:37:48,400 INFO c.h.h.t.HelmChartContainer - [K3S] [kube.go:146] Node controller sync successful
2025-01-29 13:37:48,400 INFO c.h.h.t.HelmChartContainer - [K3S] [vxlan.go:141] VXLAN config: VNI=1 Port=0 GBP=false Learning=false DirectRouting=false
2025-01-29 13:37:48,402 INFO c.h.h.t.HelmChartContainer - [K3S] [kube.go:636] List of node(41e0b4b2959d) annotations: map[string]string{"alpha.kubernetes.io/provided-node-ip":"172.18.0.2", "k3s.io/hostname":"41e0b4b2959d", "k3s.io/internal-ip":"172.18.0.2", "k3s.io/node-args":"[\"server\",\"--etcd-arg\",\"unsafe-no-fsync\",\"--etcd-arg\",\"snapshot-count=10000\",\"--etcd-arg\",\"auto-compaction-mode=revision\",\"--etcd-arg\",\"auto-compaction-retention=1000000\",\"--kube-apiserver-arg\",\"etcd-compaction-interval=0s\",\"--disable\",\"traefik\",\"--tls-san\",\"localhost\"]", "k3s.io/node-config-hash":"2QNNT5M5XUBFOLO5XPGEVGOM5UDLHHTIVMSRUPAUHE5DU3HUYQUQ====", "k3s.io/node-env":"{}", "node.alpha.kubernetes.io/ttl":"0", "volumes.kubernetes.io/controller-managed-attach-detach":"true"}
2025-01-29 13:37:48,409 INFO c.h.h.t.HelmChartContainer - [K3S] [iptables.go:51] Starting flannel in iptables mode...
2025-01-29 13:37:48,409 INFO c.h.h.t.HelmChartContainer - [K3S] [WARNING] no subnet found for key: FLANNEL_NETWORK in file: /run/flannel/subnet.env
2025-01-29 13:37:48,409 INFO c.h.h.t.HelmChartContainer - [K3S] [WARNING] no subnet found for key: FLANNEL_SUBNET in file: /run/flannel/subnet.env
2025-01-29 13:37:48,409 INFO c.h.h.t.HelmChartContainer - [K3S] [WARNING] no subnet found for key: FLANNEL_IPV6_NETWORK in file: /run/flannel/subnet.env
2025-01-29 13:37:48,409 INFO c.h.h.t.HelmChartContainer - [K3S] [kube.go:490] Creating the node lease for IPv4. This is the n.Spec.PodCIDRs: [10.42.0.0/24]
2025-01-29 13:37:48,410 INFO c.h.h.t.HelmChartContainer - [K3S] [WARNING] no subnet found for key: FLANNEL_IPV6_SUBNET in file: /run/flannel/subnet.env
2025-01-29 13:37:48,410 INFO c.h.h.t.HelmChartContainer - [K3S] [iptables.go:115] Current network or subnet (10.42.0.0/16, 10.42.0.0/24) is not equal to previous one (0.0.0.0/0, 0.0.0.0/0), trying to recycle old iptables rules
2025-01-29 13:37:48,410 INFO c.h.h.t.HelmChartContainer - [K3S] [range_allocator.go:247] "Successfully synced" key="41e0b4b2959d"
2025-01-29 13:37:48,420 INFO c.h.h.t.HelmChartContainer - [K3S] [iptables.go:125] Setting up masking rules
2025-01-29 13:37:48,422 INFO c.h.h.t.HelmChartContainer - [K3S] [iptables.go:226] Changing default FORWARD chain policy to ACCEPT
2025-01-29 13:37:48,424 INFO c.h.h.t.HelmChartContainer - [K3S] [INFO] Wrote flannel subnet file to /run/flannel/subnet.env
2025-01-29 13:37:48,424 INFO c.h.h.t.HelmChartContainer - [K3S] [INFO] Running flannel backend.
2025-01-29 13:37:48,424 INFO c.h.h.t.HelmChartContainer - [K3S] [vxlan_network.go:65] watching for new subnet leases
2025-01-29 13:37:48,436 INFO c.h.h.t.HelmChartContainer - [K3S] [iptables.go:372] bootstrap done
2025-01-29 13:37:48,444 INFO c.h.h.t.HelmChartContainer - [K3S] [iptables.go:372] bootstrap done
2025-01-29 13:37:48,529 INFO c.h.h.t.HelmChartContainer - [K3S] [reconciler_common.go:251] "operationExecutor.VerifyControllerAttachedVolume started for volume \"kube-api-access-zzntx\" (UniqueName: \"kubernetes.io/projected/e57dc3fb-bdcc-4da1-aa42-0dfadb4d5b1f-kube-api-access-zzntx\") pod \"local-path-provisioner-698b58967b-wdtgb\" (UID: \"e57dc3fb-bdcc-4da1-aa42-0dfadb4d5b1f\") " pod="kube-system/local-path-provisioner-698b58967b-wdtgb"
2025-01-29 13:37:48,530 INFO c.h.h.t.HelmChartContainer - [K3S] [reconciler_common.go:251] "operationExecutor.VerifyControllerAttachedVolume started for volume \"tmp-dir\" (UniqueName: \"kubernetes.io/empty-dir/dafc418a-c4cd-4387-9d39-9fef380801ab-tmp-dir\") pod \"metrics-server-8584b5786c-j6n7r\" (UID: \"dafc418a-c4cd-4387-9d39-9fef380801ab\") " pod="kube-system/metrics-server-8584b5786c-j6n7r"
2025-01-29 13:37:48,530 INFO c.h.h.t.HelmChartContainer - [K3S] [reconciler_common.go:251] "operationExecutor.VerifyControllerAttachedVolume started for volume \"kube-api-access-bcbx6\" (UniqueName: \"kubernetes.io/projected/dafc418a-c4cd-4387-9d39-9fef380801ab-kube-api-access-bcbx6\") pod \"metrics-server-8584b5786c-j6n7r\" (UID: \"dafc418a-c4cd-4387-9d39-9fef380801ab\") " pod="kube-system/metrics-server-8584b5786c-j6n7r"
2025-01-29 13:37:48,530 INFO c.h.h.t.HelmChartContainer - [K3S] [reconciler_common.go:251] "operationExecutor.VerifyControllerAttachedVolume started for volume \"config-volume\" (UniqueName: \"kubernetes.io/configmap/801f041a-5cbc-40f4-ad4d-ac8273850843-config-volume\") pod \"coredns-ff8999cc5-q5t5d\" (UID: \"801f041a-5cbc-40f4-ad4d-ac8273850843\") " pod="kube-system/coredns-ff8999cc5-q5t5d"
2025-01-29 13:37:48,530 INFO c.h.h.t.HelmChartContainer - [K3S] [reconciler_common.go:251] "operationExecutor.VerifyControllerAttachedVolume started for volume \"custom-config-volume\" (UniqueName: \"kubernetes.io/configmap/801f041a-5cbc-40f4-ad4d-ac8273850843-custom-config-volume\") pod \"coredns-ff8999cc5-q5t5d\" (UID: \"801f041a-5cbc-40f4-ad4d-ac8273850843\") " pod="kube-system/coredns-ff8999cc5-q5t5d"
2025-01-29 13:37:48,531 INFO c.h.h.t.HelmChartContainer - [K3S] [reconciler_common.go:251] "operationExecutor.VerifyControllerAttachedVolume started for volume \"kube-api-access-qs5mq\" (UniqueName: \"kubernetes.io/projected/801f041a-5cbc-40f4-ad4d-ac8273850843-kube-api-access-qs5mq\") pod \"coredns-ff8999cc5-q5t5d\" (UID: \"801f041a-5cbc-40f4-ad4d-ac8273850843\") " pod="kube-system/coredns-ff8999cc5-q5t5d"
2025-01-29 13:37:48,531 INFO c.h.h.t.HelmChartContainer - [K3S] [reconciler_common.go:251] "operationExecutor.VerifyControllerAttachedVolume started for volume \"config-volume\" (UniqueName: \"kubernetes.io/configmap/e57dc3fb-bdcc-4da1-aa42-0dfadb4d5b1f-config-volume\") pod \"local-path-provisioner-698b58967b-wdtgb\" (UID: \"e57dc3fb-bdcc-4da1-aa42-0dfadb4d5b1f\") " pod="kube-system/local-path-provisioner-698b58967b-wdtgb"
2025-01-29 13:37:49,084 INFO c.h.h.t.HelmChartContainer - [K3S] [handler_proxy.go:99] no RequestInfo found in the context
2025-01-29 13:37:49,084 INFO c.h.h.t.HelmChartContainer - [K3S] [handler_proxy.go:99] no RequestInfo found in the context
2025-01-29 13:37:49,084 INFO c.h.h.t.HelmChartContainer - [K3S] [controller.go:102] "Unhandled Error" err=<
2025-01-29 13:37:49,084 INFO c.h.h.t.HelmChartContainer - [K3S] 	, Header: map[Content-Type:[text/plain; charset=utf-8] X-Content-Type-Options:[nosniff]]
2025-01-29 13:37:49,084 INFO c.h.h.t.HelmChartContainer - [K3S]  >
2025-01-29 13:37:49,523 INFO c.h.h.t.HelmChartContainer - [K3S] [INFO] Starting network policy controller version v2.2.1, built on 2025-01-28T18:27:08Z, go1.23.4
2025-01-29 13:37:49,525 INFO c.h.h.t.HelmChartContainer - [K3S] [network_policy_controller.go:164] Starting network policy controller
2025-01-29 13:37:49,583 INFO c.h.h.t.HelmChartContainer - [K3S] [network_policy_controller.go:176] Starting network policy controller full sync goroutine
2025-01-29 13:37:51,492 INFO c.h.h.t.HelmChartContainer - [K3S] [replica_set.go:679] "Finished syncing" kind="ReplicaSet" key="kube-system/local-path-provisioner-698b58967b" duration="5.091751ms"
2025-01-29 13:37:51,494 INFO c.h.h.t.HelmChartContainer - [K3S] [replica_set.go:679] "Finished syncing" kind="ReplicaSet" key="kube-system/local-path-provisioner-698b58967b" duration="34.685µs"
2025-01-29 13:37:51,899 INFO c.h.h.t.HelmChartContainer - [K3S] [kuberuntime_manager.go:1702] "Updating runtime config through cri with podcidr" CIDR="10.42.0.0/24"
2025-01-29 13:37:51,900 INFO c.h.h.t.HelmChartContainer - [K3S] [kubelet_network.go:61] "Updating Pod CIDR" originalPodCIDR="" newPodCIDR="10.42.0.0/24"
2025-01-29 13:37:51,912 INFO c.h.h.t.HelmChartContainer - [K3S] [range_allocator.go:247] "Successfully synced" key="41e0b4b2959d"
2025-01-29 13:37:52,503 INFO c.h.h.t.HelmChartContainer - [K3S] [replica_set.go:679] "Finished syncing" kind="ReplicaSet" key="kube-system/metrics-server-8584b5786c" duration="43.992µs"
2025-01-29 13:37:52,540 INFO c.h.h.t.HelmChartContainer - [K3S] [replica_set.go:679] "Finished syncing" kind="ReplicaSet" key="kube-system/coredns-ff8999cc5" duration="9.613939ms"
2025-01-29 13:37:52,541 INFO c.h.h.t.HelmChartContainer - [K3S] [replica_set.go:679] "Finished syncing" kind="ReplicaSet" key="kube-system/coredns-ff8999cc5" duration="34.675µs"
2025-01-29 13:37:52,881 DEBUG c.h.h.t.HelmChartContainer - Image file loaded 'hivemq-platform-operator.tar'
2025-01-29 13:37:53,367 DEBUG c.h.h.t.HelmChartContainer - Image file loaded 'hivemq-platform-operator-init.tar'
2025-01-29 13:37:58,895 DEBUG c.h.h.t.HelmChartContainer - Image file loaded 'hivemq-platform.tar'
2025-01-29 13:37:58,895 DEBUG c.h.h.t.HelmChartContainer - Successful Helm chart Container startup
2025-01-29 13:37:58,901 INFO t.localhost/testcontainers/wgdmr75sanph569j:latest - Container localhost/testcontainers/wgdmr75sanph569j:latest started in PT21.878698693S
2025-01-29 13:37:58,911 DEBUG c.h.h.t.HelmChartContainer - Executing helm command: /bin/helm --kubeconfig /etc/rancher/k3s/k3s.yaml repo add hivemq https://hivemq.github.io/helm-charts
2025-01-29 13:38:00,310 INFO c.h.h.t.HelmChartContainer - [EVENT] Normal [Starting] Starting kubelet. [null:41e0b4b2959d]
2025-01-29 13:38:00,312 INFO c.h.h.t.HelmChartContainer - [EVENT] Warning [InvalidDiskCapacity] invalid capacity 0 on image filesystem [null:41e0b4b2959d]
2025-01-29 13:38:00,314 INFO c.h.h.t.HelmChartContainer - [EVENT] Normal [NodeHasSufficientMemory] Node 41e0b4b2959d status is now: NodeHasSufficientMemory [null:41e0b4b2959d]
2025-01-29 13:38:00,316 INFO c.h.h.t.HelmChartContainer - [EVENT] Normal [NodeHasNoDiskPressure] Node 41e0b4b2959d status is now: NodeHasNoDiskPressure [null:41e0b4b2959d]
2025-01-29 13:38:00,317 INFO c.h.h.t.HelmChartContainer - [EVENT] Normal [NodeHasSufficientPID] Node 41e0b4b2959d status is now: NodeHasSufficientPID [null:41e0b4b2959d]
2025-01-29 13:38:00,318 INFO c.h.h.t.HelmChartContainer - [EVENT] Normal [NodeAllocatableEnforced] Updated Node Allocatable limit across pods [null:41e0b4b2959d]
2025-01-29 13:38:00,319 INFO c.h.h.t.HelmChartContainer - [EVENT] Normal [NodeReady] Node 41e0b4b2959d status is now: NodeReady [null:41e0b4b2959d]
2025-01-29 13:38:00,319 INFO c.h.h.t.HelmChartContainer - [EVENT] Normal [NodePasswordValidationComplete] Deferred node password secret validation complete [null:41e0b4b2959d]
2025-01-29 13:38:00,319 INFO c.h.h.t.HelmChartContainer - [EVENT] Normal [RegisteredNode] Node 41e0b4b2959d event: Registered Node 41e0b4b2959d in Controller [null:41e0b4b2959d]
2025-01-29 13:38:00,320 INFO c.h.h.t.HelmChartContainer - [EVENT] Normal [Synced] Node synced successfully [null:41e0b4b2959d]
2025-01-29 13:38:00,324 INFO c.h.h.t.HelmChartContainer - Saved kubeconfig file on /tmp/kubeconfig-17530225987296452139.yaml
2025-01-29 13:38:00,326 INFO c.h.h.t.HelmChartContainer - HelmChartContainer is started
]]></system-out>
  <system-err><![CDATA[]]></system-err>
</testsuite>
