<?xml version="1.0" encoding="UTF-8"?>
<testsuite name="com.hivemq.helmcharts.operator.CustomOperatorSelectorIT" tests="1" skipped="0" failures="0" errors="0" timestamp="2025-03-26T09:15:55" hostname="fv-az1665-105" time="98.669">
  <properties/>
  <testcase name="whenOperatorSelectorIsConfigured_thenOnlyMatchingCustomResourcesAreReconciled()" classname="com.hivemq.helmcharts.operator.CustomOperatorSelectorIT" time="98.669"/>
</testsuite>
