<?xml version="1.0" encoding="UTF-8"?>
<testsuite name="com.hivemq.helmcharts.services.HelmMqttIT" tests="5" skipped="0" failures="0" errors="0" timestamp="2025-01-30T04:00:29" hostname="fv-az792-624" time="495.149">
  <properties/>
  <testcase name="platformChart_withCustomServiceName_thenSendsReceivesMessage()" classname="com.hivemq.helmcharts.services.HelmMqttIT" time="102.554">
    <system-out><![CDATA[2025-01-30 04:00:29,578 INFO c.h.h.t.HelmChartContainer - Creating namespace 'helmmqttit-operator'...
2025-01-30 04:00:29,778 INFO c.h.h.t.HelmChartContainer - Namespace 'helmmqttit-operator' created
2025-01-30 04:00:29,778 INFO c.h.h.t.HelmChartContainer - Creating namespace 'helmmqttit'...
2025-01-30 04:00:29,779 INFO c.h.h.t.HelmChartContainer - [POD] coredns-ff8999cc5-vl5j8 [432f4583-a9ef-4c43-8ded-b4200afeb163] in kube-system was ADDED
2025-01-30 04:00:29,782 INFO c.h.h.t.HelmChartContainer - [POD] local-path-provisioner-698b58967b-4ll6w [908ecf55-6072-4ca9-96d9-d40a48f5b4c2] in kube-system was ADDED
2025-01-30 04:00:29,784 INFO c.h.h.t.HelmChartContainer - [POD] metrics-server-8584b5786c-ggf6p [84f7a821-e60a-4dd4-821c-a7dd09578b56] in kube-system was ADDED
2025-01-30 04:00:29,788 INFO c.h.h.t.HelmChartContainer - Namespace 'helmmqttit' created
2025-01-30 04:00:29,856 DEBUG c.h.h.t.HelmChartContainer - Executing helm command: /bin/helm --kubeconfig /etc/rancher/k3s/k3s.yaml install test-hivemq-platform-operator /charts/hivemq-platform-operator --wait --timeout 5m0s --set image.repository=docker.io/hivemq --set image.name=hivemq-platform-operator-test --set image.initImageName=hivemq-platform-operator-init-test --set image.tag=snapshot --set image.pullPolicy=Never --set logLevel=DEBUG --set resources.cpu=512m --namespace helmmqttit-operator
2025-01-30 04:00:32,227 INFO c.h.h.t.HelmChartContainer - [K3S] [alloc.go:330] "allocated clusterIPs" service="helmmqttit-operator/hivemq-platform-operator-test-hivemq-platform-operator" clusterIPs={"IPv4":"10.43.247.247"}
2025-01-30 04:00:32,241 INFO c.h.h.t.HelmChartContainer - [EVENT] Normal [ScalingReplicaSet] Scaled up replica set hivemq-test-hivemq-platform-operator-6966f96d65 from 0 to 1 [helmmqttit-operator:hivemq-test-hivemq-platform-operator]
2025-01-30 04:00:32,255 INFO c.h.h.t.HelmChartContainer - [POD] hivemq-test-hivemq-platform-operator-6966f96d65-zs2lk [33bf9b7a-5506-4894-a9b0-6733535b55ff] in helmmqttit-operator was ADDED
2025-01-30 04:00:32,264 INFO c.h.h.t.HelmChartContainer - [EVENT] Normal [SuccessfulCreate] Created pod: hivemq-test-hivemq-platform-operator-6966f96d65-zs2lk [helmmqttit-operator:hivemq-test-hivemq-platform-operator-6966f96d65]
2025-01-30 04:00:32,265 INFO c.h.h.t.HelmChartContainer - [POD] hivemq-test-hivemq-platform-operator-6966f96d65-zs2lk [33bf9b7a-5506-4894-a9b0-6733535b55ff] in helmmqttit-operator was MODIFIED
2025-01-30 04:00:32,269 INFO c.h.h.t.HelmChartContainer - [K3S] [replica_set.go:679] "Finished syncing" kind="ReplicaSet" key="helmmqttit-operator/hivemq-test-hivemq-platform-operator-6966f96d65" duration="29.907693ms"
2025-01-30 04:00:32,271 INFO c.h.h.t.HelmChartContainer - [EVENT] Normal [Scheduled] Successfully assigned helmmqttit-operator/hivemq-test-hivemq-platform-operator-6966f96d65-zs2lk to 969b9ea92551 [helmmqttit-operator:hivemq-test-hivemq-platform-operator-6966f96d65-zs2lk]
2025-01-30 04:00:32,280 INFO c.h.h.t.HelmChartContainer - [POD] hivemq-test-hivemq-platform-operator-6966f96d65-zs2lk [33bf9b7a-5506-4894-a9b0-6733535b55ff] in helmmqttit-operator was MODIFIED
2025-01-30 04:00:32,282 INFO c.h.h.t.HelmChartContainer - [K3S] [replica_set.go:679] "Finished syncing" kind="ReplicaSet" key="helmmqttit-operator/hivemq-test-hivemq-platform-operator-6966f96d65" duration="14.324835ms"
2025-01-30 04:00:32,294 INFO c.h.h.t.HelmChartContainer - [K3S] [replica_set.go:679] "Finished syncing" kind="ReplicaSet" key="helmmqttit-operator/hivemq-test-hivemq-platform-operator-6966f96d65" duration="11.777178ms"
2025-01-30 04:00:32,294 INFO c.h.h.t.HelmChartContainer - [K3S] [replica_set.go:679] "Finished syncing" kind="ReplicaSet" key="helmmqttit-operator/hivemq-test-hivemq-platform-operator-6966f96d65" duration="38.121µs"
2025-01-30 04:00:32,359 INFO c.h.h.t.HelmChartContainer - [K3S] [reconciler_common.go:251] "operationExecutor.VerifyControllerAttachedVolume started for volume \"kube-api-access-dpdv2\" (UniqueName: \"kubernetes.io/projected/33bf9b7a-5506-4894-a9b0-6733535b55ff-kube-api-access-dpdv2\") pod \"hivemq-test-hivemq-platform-operator-6966f96d65-zs2lk\" (UID: \"33bf9b7a-5506-4894-a9b0-6733535b55ff\") " pod="helmmqttit-operator/hivemq-test-hivemq-platform-operator-6966f96d65-zs2lk"
2025-01-30 04:00:32,655 INFO c.h.h.t.HelmChartContainer - [EVENT] Normal [Pulled] Container image "docker.io/hivemq/hivemq-platform-operator-test:snapshot" already present on machine [helmmqttit-operator:hivemq-test-hivemq-platform-operator-6966f96d65-zs2lk]
2025-01-30 04:00:32,656 INFO c.h.h.t.HelmChartContainer - Received Pulled event for container hivemq-platform-operator in pod hivemq-test-hivemq-platform-operator-6966f96d65-zs2lk [33bf9b7a-5506-4894-a9b0-6733535b55ff]
2025-01-30 04:00:32,663 INFO c.h.h.t.HelmChartContainer - [EVENT] Normal [Created] Created container: hivemq-platform-operator [helmmqttit-operator:hivemq-test-hivemq-platform-operator-6966f96d65-zs2lk]
2025-01-30 04:00:32,663 INFO c.h.h.t.HelmChartContainer - Received Created event for container hivemq-platform-operator in pod hivemq-test-hivemq-platform-operator-6966f96d65-zs2lk [33bf9b7a-5506-4894-a9b0-6733535b55ff]
2025-01-30 04:00:33,135 INFO c.h.h.t.HelmChartContainer - [K3S] [replica_set.go:679] "Finished syncing" kind="ReplicaSet" key="helmmqttit-operator/hivemq-test-hivemq-platform-operator-6966f96d65" duration="38.953µs"
2025-01-30 04:00:33,139 INFO c.h.h.t.HelmChartContainer - [POD] hivemq-test-hivemq-platform-operator-6966f96d65-zs2lk [33bf9b7a-5506-4894-a9b0-6733535b55ff] in helmmqttit-operator was MODIFIED
2025-01-30 04:00:33,160 INFO c.h.h.t.HelmChartContainer - Started log watcher for hivemq-platform-operator in pod hivemq-test-hivemq-platform-operator-6966f96d65-zs2lk [33bf9b7a-5506-4894-a9b0-6733535b55ff]
2025-01-30 04:00:33,160 INFO c.h.h.t.HelmChartContainer - [hivemq-test-hivemq-platform] [hivemq-platform-operator] [33bf9b7a] -------------------------------------------------------------------------
2025-01-30 04:00:33,161 INFO c.h.h.t.HelmChartContainer - [hivemq-test-hivemq-platform] [hivemq-platform-operator] [33bf9b7a] 
2025-01-30 04:00:33,161 INFO c.h.h.t.HelmChartContainer - [hivemq-test-hivemq-platform] [hivemq-platform-operator] [33bf9b7a]                   _    _  _              __  __   ____
2025-01-30 04:00:33,161 INFO c.h.h.t.HelmChartContainer - [hivemq-test-hivemq-platform] [hivemq-platform-operator] [33bf9b7a]                  | |  | |(_)            |  \/  | / __ \
2025-01-30 04:00:33,161 INFO c.h.h.t.HelmChartContainer - [hivemq-test-hivemq-platform] [hivemq-platform-operator] [33bf9b7a]                  | |__| | _ __   __ ___ | \  / || |  | |
2025-01-30 04:00:33,161 INFO c.h.h.t.HelmChartContainer - [hivemq-test-hivemq-platform] [hivemq-platform-operator] [33bf9b7a]                  |  __  || |\ \ / // _ \| |\/| || |  | |
2025-01-30 04:00:33,161 INFO c.h.h.t.HelmChartContainer - [hivemq-test-hivemq-platform] [hivemq-platform-operator] [33bf9b7a]                  | |  | || | \ V /|  __/| |  | || |__| |
2025-01-30 04:00:33,161 INFO c.h.h.t.HelmChartContainer - [hivemq-test-hivemq-platform] [hivemq-platform-operator] [33bf9b7a]                  |_|  |_||_|  \_/  \___||_|  |_| \___\_\
2025-01-30 04:00:33,161 INFO c.h.h.t.HelmChartContainer - [hivemq-test-hivemq-platform] [hivemq-platform-operator] [33bf9b7a] 
2025-01-30 04:00:33,161 INFO c.h.h.t.HelmChartContainer - [hivemq-test-hivemq-platform] [hivemq-platform-operator] [33bf9b7a] -------------------------------------------------------------------------
2025-01-30 04:00:33,161 INFO c.h.h.t.HelmChartContainer - [hivemq-test-hivemq-platform] [hivemq-platform-operator] [33bf9b7a] 
2025-01-30 04:00:33,161 INFO c.h.h.t.HelmChartContainer - [hivemq-test-hivemq-platform] [hivemq-platform-operator] [33bf9b7a]   HiveMQ Platform Operator Start Script v1.0
2025-01-30 04:00:33,160 INFO c.h.h.t.HelmChartContainer - [EVENT] Normal [Started] Started container hivemq-platform-operator [helmmqttit-operator:hivemq-test-hivemq-platform-operator-6966f96d65-zs2lk]
2025-01-30 04:00:33,161 INFO c.h.h.t.HelmChartContainer - [hivemq-test-hivemq-platform] [hivemq-platform-operator] [33bf9b7a] 
2025-01-30 04:00:33,161 INFO c.h.h.t.HelmChartContainer - [hivemq-test-hivemq-platform] [hivemq-platform-operator] [33bf9b7a] -------------------------------------------------------------------------
2025-01-30 04:00:33,161 INFO c.h.h.t.HelmChartContainer - [hivemq-test-hivemq-platform] [hivemq-platform-operator] [33bf9b7a] 
2025-01-30 04:00:33,161 INFO c.h.h.t.HelmChartContainer - [hivemq-test-hivemq-platform] [hivemq-platform-operator] [33bf9b7a]   JAVA_OPTS: -XX:+UnlockExperimentalVMOptions -XX:InitialRAMPercentage=75 -XX:MaxRAMPercentage=75 -Duser.language=en -Duser.region=US
2025-01-30 04:00:33,161 INFO c.h.h.t.HelmChartContainer - Received Started event for container hivemq-platform-operator in pod hivemq-test-hivemq-platform-operator-6966f96d65-zs2lk [33bf9b7a-5506-4894-a9b0-6733535b55ff]
2025-01-30 04:00:33,161 INFO c.h.h.t.HelmChartContainer - [hivemq-test-hivemq-platform] [hivemq-platform-operator] [33bf9b7a] 
2025-01-30 04:00:33,161 INFO c.h.h.t.HelmChartContainer - [hivemq-test-hivemq-platform] [hivemq-platform-operator] [33bf9b7a]   JAVA_VERSION: 21
2025-01-30 04:00:33,161 INFO c.h.h.t.HelmChartContainer - [hivemq-test-hivemq-platform] [hivemq-platform-operator] [33bf9b7a] 
2025-01-30 04:00:33,161 INFO c.h.h.t.HelmChartContainer - [hivemq-test-hivemq-platform] [hivemq-platform-operator] [33bf9b7a] -------------------------------------------------------------------------
2025-01-30 04:00:33,161 INFO c.h.h.t.HelmChartContainer - [hivemq-test-hivemq-platform] [hivemq-platform-operator] [33bf9b7a] 
2025-01-30 04:00:35,913 INFO c.h.h.t.HelmChartContainer - [hivemq-test-hivemq-platform] [hivemq-platform-operator] [33bf9b7a] 04:00:35.910 [main] DEBUG org.jboss.logging - Logging Provider: org.jboss.logging.Slf4jLoggerProvider
2025-01-30 04:00:36,016 INFO c.h.h.t.HelmChartContainer - [hivemq-test-hivemq-platform] [hivemq-platform-operator] [33bf9b7a] 04:00:36.015 [main] DEBUG io.smallrye.config - SRCFG01006: Loaded ConfigSource SysPropConfigSource with ordinal 400
2025-01-30 04:00:36,017 INFO c.h.h.t.HelmChartContainer - [hivemq-test-hivemq-platform] [hivemq-platform-operator] [33bf9b7a] 04:00:36.016 [main] DEBUG io.smallrye.config - SRCFG01006: Loaded ConfigSource EnvConfigSource with ordinal 300
2025-01-30 04:00:36,017 INFO c.h.h.t.HelmChartContainer - [hivemq-test-hivemq-platform] [hivemq-platform-operator] [33bf9b7a] 04:00:36.016 [main] DEBUG io.smallrye.config - SRCFG01006: Loaded ConfigSource PropertiesConfigSource[source=jar:file:///opt/hivemq-platform-operator/bin/hivemq-platform-operator.jar!/hivemq-platform-operator.properties] with ordinal 100
2025-01-30 04:00:36,017 INFO c.h.h.t.HelmChartContainer - [hivemq-test-hivemq-platform] [hivemq-platform-operator] [33bf9b7a] 04:00:36.016 [main] DEBUG io.smallrye.config - SRCFG01006: Loaded ConfigSource DefaultValuesConfigSource with ordinal -2147483648
2025-01-30 04:00:36,148 INFO c.h.h.t.HelmChartContainer - [hivemq-test-hivemq-platform] [hivemq-platform-operator] [33bf9b7a] 04:00:36.147 [main] DEBUG i.m.c.u.i.l.InternalLoggerFactory - Using SLF4J as the default logging framework
2025-01-30 04:00:36,309 INFO c.h.h.t.HelmChartContainer - [hivemq-test-hivemq-platform] [hivemq-platform-operator] [33bf9b7a] 04:00:36.301 [main] INFO  c.h.p.o.HiveMQPlatformOperatorApplication - HiveMQ Platform Operator 1.7.0-SNAPSHOT (commit: 47e3375 on branch: HEAD) built on Thu Jan 30 03:55:50 UTC 2025
2025-01-30 04:00:36,310 INFO c.h.h.t.HelmChartContainer - [hivemq-test-hivemq-platform] [hivemq-platform-operator] [33bf9b7a] 04:00:36.308 [main] INFO  c.h.p.o.HiveMQPlatformOperatorApplication - HiveMQ Platform Operator is running in namespace: helmmqttit-operator
2025-01-30 04:00:36,310 INFO c.h.h.t.HelmChartContainer - [hivemq-test-hivemq-platform] [hivemq-platform-operator] [33bf9b7a] 04:00:36.309 [main] INFO  c.h.p.o.HiveMQPlatformOperatorApplication - Watching all namespaces
2025-01-30 04:00:36,310 INFO c.h.h.t.HelmChartContainer - [hivemq-test-hivemq-platform] [hivemq-platform-operator] [33bf9b7a] 04:00:36.309 [main] INFO  c.h.p.o.HiveMQPlatformOperatorApplication - Log level: DEBUG
2025-01-30 04:00:36,310 INFO c.h.h.t.HelmChartContainer - [hivemq-test-hivemq-platform] [hivemq-platform-operator] [33bf9b7a] 04:00:36.309 [main] INFO  c.h.p.o.HiveMQPlatformOperatorApplication - Release name: test-hivemq-platform-operator
2025-01-30 04:00:36,310 INFO c.h.h.t.HelmChartContainer - [hivemq-test-hivemq-platform] [hivemq-platform-operator] [33bf9b7a] 04:00:36.309 [main] INFO  c.h.p.o.HiveMQPlatformOperatorApplication - HiveMQ Platform Operator Init image: docker.io/hivemq/hivemq-platform-operator-init-test:snapshot
2025-01-30 04:00:36,310 INFO c.h.h.t.HelmChartContainer - [hivemq-test-hivemq-platform] [hivemq-platform-operator] [33bf9b7a] 04:00:36.309 [main] INFO  c.h.p.o.HiveMQPlatformOperatorApplication - HiveMQ Platform Operator Init App update URL: http://hivemq-platform-operator-test-hivemq-platform-operator.helmmqttit-operator.svc:8080/initAppUpdate/hivemq-platform-operator-init-app-1.7.0-SNAPSHOT.jar
2025-01-30 04:00:36,311 INFO c.h.h.t.HelmChartContainer - [hivemq-test-hivemq-platform] [hivemq-platform-operator] [33bf9b7a] 04:00:36.309 [main] INFO  c.h.p.o.HiveMQPlatformOperatorApplication - Additional imagePullSecret for all Platform deployments: none
2025-01-30 04:00:36,311 INFO c.h.h.t.HelmChartContainer - [hivemq-test-hivemq-platform] [hivemq-platform-operator] [33bf9b7a] 04:00:36.309 [main] INFO  c.h.p.o.HiveMQPlatformOperatorApplication - Apply HiveMQ Platform CRD: true
2025-01-30 04:00:36,311 INFO c.h.h.t.HelmChartContainer - [hivemq-test-hivemq-platform] [hivemq-platform-operator] [33bf9b7a] 04:00:36.309 [main] INFO  c.h.p.o.HiveMQPlatformOperatorApplication - Create Platform ServiceAccount: true
2025-01-30 04:00:36,311 INFO c.h.h.t.HelmChartContainer - [hivemq-test-hivemq-platform] [hivemq-platform-operator] [33bf9b7a] 04:00:36.309 [main] INFO  c.h.p.o.HiveMQPlatformOperatorApplication - Create Platform ServiceAccount permissions: true
2025-01-30 04:00:36,311 INFO c.h.h.t.HelmChartContainer - [hivemq-test-hivemq-platform] [hivemq-platform-operator] [33bf9b7a] 04:00:36.309 [main] INFO  c.h.p.o.HiveMQPlatformOperatorApplication - Validate Platform ServiceAccount: true
2025-01-30 04:00:36,311 INFO c.h.h.t.HelmChartContainer - [hivemq-test-hivemq-platform] [hivemq-platform-operator] [33bf9b7a] 04:00:36.309 [main] INFO  c.h.p.o.HiveMQPlatformOperatorApplication - Validate Platform ServiceAccount permissions: true
2025-01-30 04:00:36,499 INFO c.h.h.t.HelmChartContainer - [hivemq-test-hivemq-platform] [hivemq-platform-operator] [33bf9b7a] 04:00:36.498 [main] INFO  c.h.platform.operator.util.CRDUtil - Verifying deployed HiveMQ Platform CRD...
2025-01-30 04:00:38,809 INFO c.h.h.t.HelmChartContainer - [hivemq-test-hivemq-platform] [hivemq-platform-operator] [33bf9b7a] 04:00:38.806 [main] DEBUG c.h.platform.operator.util.CRDUtil - HiveMQ Platform CRD version v1 is up to date
2025-01-30 04:00:38,810 INFO c.h.h.t.HelmChartContainer - [hivemq-test-hivemq-platform] [hivemq-platform-operator] [33bf9b7a] 04:00:38.807 [main] INFO  c.h.platform.operator.util.CRDUtil - HiveMQ Platform CRD is up to date (version: V1_6_0)
2025-01-30 04:00:38,810 INFO c.h.h.t.HelmChartContainer - [hivemq-test-hivemq-platform] [hivemq-platform-operator] [33bf9b7a] 04:00:38.807 [main] INFO  c.h.platform.operator.util.CRDUtil - Waiting 10000 ms for HiveMQ Platform CRD 'hivemq-platforms.hivemq.com' to become ready...
2025-01-30 04:00:39,199 INFO c.h.h.t.HelmChartContainer - [hivemq-test-hivemq-platform] [hivemq-platform-operator] [33bf9b7a] 04:00:39.198 [vert.x-eventloop-thread-1] DEBUG c.h.platform.operator.util.CRDUtil - Checking CRD condition 'NamesAccepted' (status: 'True')
2025-01-30 04:00:39,201 INFO c.h.h.t.HelmChartContainer - [hivemq-test-hivemq-platform] [hivemq-platform-operator] [33bf9b7a] 04:00:39.198 [vert.x-eventloop-thread-1] DEBUG c.h.platform.operator.util.CRDUtil - Checking CRD condition 'Established' (status: 'True')
2025-01-30 04:00:39,202 INFO c.h.h.t.HelmChartContainer - [hivemq-test-hivemq-platform] [hivemq-platform-operator] [33bf9b7a] 04:00:39.199 [main] INFO  c.h.platform.operator.util.CRDUtil - HiveMQ Platform CRD 'hivemq-platforms.hivemq.com' is ready
2025-01-30 04:00:39,399 INFO c.h.h.t.HelmChartContainer - [hivemq-test-hivemq-platform] [hivemq-platform-operator] [33bf9b7a] 04:00:39.398 [main] INFO  c.h.p.o.HiveMQPlatformReconciler - HiveMQ Platform Operator is starting...
2025-01-30 04:00:39,502 INFO c.h.h.t.HelmChartContainer - [hivemq-test-hivemq-platform] [hivemq-platform-operator] [33bf9b7a] 04:00:39.500 [main] WARN  Default ConfigurationService implementation - Configuration for reconciler 'hivemq-controller' was not found. Known reconcilers: None.
2025-01-30 04:00:39,509 INFO c.h.h.t.HelmChartContainer - [hivemq-test-hivemq-platform] [hivemq-platform-operator] [33bf9b7a] 04:00:39.508 [main] INFO  Default ConfigurationService implementation - Created configuration for reconciler com.hivemq.platform.operator.HiveMQPlatformReconciler with name hivemq-controller
2025-01-30 04:00:39,615 INFO c.h.h.t.HelmChartContainer - [hivemq-test-hivemq-platform] [hivemq-platform-operator] [33bf9b7a] 04:00:39.614 [main] DEBUG c.h.p.o.HiveMQPlatformReconciler - HiveMQ Platform Operator is preparing EventSources
2025-01-30 04:00:39,702 INFO c.h.h.t.HelmChartContainer - [hivemq-test-hivemq-platform] [hivemq-platform-operator] [33bf9b7a] 04:00:39.701 [main] INFO  i.javaoperatorsdk.operator.Operator - Registered reconciler: 'hivemq-controller' for resource: 'class com.hivemq.platform.operator.v1.HiveMQPlatform' for namespace(s): [all namespaces]
2025-01-30 04:00:40,130 INFO c.h.h.t.HelmChartContainer - [POD] metrics-server-8584b5786c-ggf6p [84f7a821-e60a-4dd4-821c-a7dd09578b56] in kube-system was MODIFIED
2025-01-30 04:00:40,133 INFO c.h.h.t.HelmChartContainer - [K3S] [replica_set.go:679] "Finished syncing" kind="ReplicaSet" key="kube-system/metrics-server-8584b5786c" duration="4.910604ms"
2025-01-30 04:00:40,134 INFO c.h.h.t.HelmChartContainer - [K3S] [replica_set.go:679] "Finished syncing" kind="ReplicaSet" key="kube-system/metrics-server-8584b5786c" duration="21.089µs"
2025-01-30 04:00:40,219 INFO c.h.h.t.HelmChartContainer - [hivemq-test-hivemq-platform] [hivemq-platform-operator] [33bf9b7a] 04:00:40.218 [main] INFO  c.h.p.operator.webserver.JettyServer - Starting Jetty server on port 8080
2025-01-30 04:00:40,309 INFO c.h.h.t.HelmChartContainer - [hivemq-test-hivemq-platform] [hivemq-platform-operator] [33bf9b7a] 04:00:40.308 [main] INFO  i.javaoperatorsdk.operator.Operator - Operator SDK 4.9.7 (commit: 2133d28) built on Wed Nov 20 12:56:20 UTC 2024 starting...
2025-01-30 04:00:40,310 INFO c.h.h.t.HelmChartContainer - [hivemq-test-hivemq-platform] [hivemq-platform-operator] [33bf9b7a] 04:00:40.308 [main] INFO  i.javaoperatorsdk.operator.Operator - Client version: 6.13.5
2025-01-30 04:00:40,311 INFO c.h.h.t.HelmChartContainer - [hivemq-test-hivemq-platform] [hivemq-platform-operator] [33bf9b7a] 04:00:40.310 [Controller Starter for: hivemq-controller] INFO  i.j.operator.processing.Controller - Starting 'hivemq-controller' controller for reconciler: com.hivemq.platform.operator.HiveMQPlatformReconciler, resource: com.hivemq.platform.operator.v1.HiveMQPlatform
2025-01-30 04:00:42,599 INFO c.h.h.t.HelmChartContainer - [hivemq-test-hivemq-platform] [hivemq-platform-operator] [33bf9b7a] 04:00:42.597 [Controller Starter for: hivemq-controller] INFO  i.j.operator.processing.Controller - 'hivemq-controller' controller started
2025-01-30 04:00:42,599 INFO c.h.h.t.HelmChartContainer - [hivemq-test-hivemq-platform] [hivemq-platform-operator] [33bf9b7a] 04:00:42.598 [main] INFO  c.h.p.o.HiveMQPlatformOperatorApplication - HiveMQ Platform Operator 1.7.0-SNAPSHOT started in 6296 ms
2025-01-30 04:00:43,052 INFO c.h.h.t.HelmChartContainer - [K3S] [range_allocator.go:247] "Successfully synced" key="969b9ea92551"
2025-01-30 04:00:44,156 INFO c.h.h.t.HelmChartContainer - [POD] hivemq-test-hivemq-platform-operator-6966f96d65-zs2lk [33bf9b7a-5506-4894-a9b0-6733535b55ff] in helmmqttit-operator was MODIFIED
2025-01-30 04:00:44,169 INFO c.h.h.t.HelmChartContainer - [K3S] [replica_set.go:679] "Finished syncing" kind="ReplicaSet" key="helmmqttit-operator/hivemq-test-hivemq-platform-operator-6966f96d65" duration="19.763892ms"
2025-01-30 04:00:44,169 INFO c.h.h.t.HelmChartContainer - [K3S] [replica_set.go:679] "Finished syncing" kind="ReplicaSet" key="helmmqttit-operator/hivemq-test-hivemq-platform-operator-6966f96d65" duration="53.129µs"
2025-01-30 04:00:44,375 DEBUG c.h.h.t.HelmChartContainer - Executing helm command: /bin/helm --kubeconfig /etc/rancher/k3s/k3s.yaml install test-hivemq-platform /charts/hivemq-platform --wait --timeout 5m0s --set image.repository=docker.io/hivemq --set image.tag=4.36.0 --set image.pullPolicy=Never --set nodes.resources.cpu=512m -f /files/custom-service-names-values.yaml --namespace helmmqttit
2025-01-30 04:00:44,852 INFO c.h.h.t.HelmChartContainer - [hivemq-test-hivemq-platform] [hivemq-platform-operator] [33bf9b7a] 04:00:44.849 [-2082509879-pool-1-thread-4] WARN  i.m.p.PrometheusMeterRegistry - The meter (MeterId{name='operator.sdk.events.received', tags=[tag(action=ADDED),tag(event=ResourceEvent),tag(group=hivemq.com),tag(kind=HiveMQPlatform),tag(name=test-hivemq-platform),tag(namespace=helmmqttit),tag(scope=namespace),tag(version=v1)]}) registration has failed: Prometheus requires that all meters with the same name have the same set of tag keys. There is already an existing meter named 'operator.sdk.events.received' containing tag keys [event, group, kind, name, namespace, scope, version]. The meter you are attempting to register has keys [action, event, group, kind, name, namespace, scope, version]. Note that subsequent logs will be logged at debug level.
2025-01-30 04:00:45,261 INFO c.h.h.t.HelmChartContainer - [hivemq-test-hivemq-platform] [hivemq-platform-operator] [33bf9b7a] 04:00:45.260 [pool-6-thread-3] DEBUG c.h.p.o.dependants.PodInfoConfigMap - [helmmqtt] Desired PodInfo ConfigMap (1 extensions) (1 enabled)
2025-01-30 04:00:45,348 INFO c.h.h.t.HelmChartContainer - [hivemq-test-hivemq-platform] [hivemq-platform-operator] [33bf9b7a] 04:00:45.344 [pool-6-thread-3] DEBUG c.h.p.o.dependants.PodInfoConfigMap - [helmmqtt] Desired PodInfo ConfigMap (metrics port: 9399) (metrics path: /)
2025-01-30 04:00:45,348 INFO c.h.h.t.HelmChartContainer - [hivemq-test-hivemq-platform] [hivemq-platform-operator] [33bf9b7a] 04:00:45.344 [pool-6-thread-3] DEBUG c.h.p.o.dependants.PodInfoConfigMap - [helmmqtt] Desired PodInfo ConfigMap (extension state hash: -1817474005)
2025-01-30 04:00:45,348 INFO c.h.h.t.HelmChartContainer - [hivemq-test-hivemq-platform] [hivemq-platform-operator] [33bf9b7a] 04:00:45.346 [pool-6-thread-3] DEBUG c.h.p.o.dependants.PodInfoConfigMap - [helmmqtt] Create PodInfo ConfigMap
2025-01-30 04:00:45,450 INFO c.h.h.t.HelmChartContainer - [hivemq-test-hivemq-platform] [hivemq-platform-operator] [33bf9b7a] 04:00:45.446 [pool-6-thread-5] DEBUG c.h.p.o.dependants.PodRoleResource - [helmmqtt] Create Role: Role(apiVersion=rbac.authorization.k8s.io/v1, kind=Role, metadata=ObjectMeta(annotations={meta.helm.sh/release-name=test-hivemq-platform, meta.helm.sh/release-namespace=helmmqttit}, creationTimestamp=null, deletionGracePeriodSeconds=null, deletionTimestamp=null, finalizers=[], generateName=null, generation=null, labels={helm.sh/chart=hivemq-platform-0.2.32, app.kubernetes.io/managed-by=Helm, app.kubernetes.io/name=hivemq-platform, hivemq-platform=test-hivemq-platform, app.kubernetes.io/instance=test-hivemq-platform, app.kubernetes.io/version=4.36.0}, managedFields=[], name=hivemq-platform-role-test-hivemq-platform, namespace=helmmqttit, ownerReferences=[OwnerReference(apiVersion=hivemq.com/v1, blockOwnerDeletion=null, controller=null, kind=HiveMQPlatform, name=test-hivemq-platform, uid=0ad8fc3e-eac3-44be-ade8-3ced343f9b66, additionalProperties={})], resourceVersion=null, selfLink=null, uid=null, additionalProperties={}), rules=[PolicyRule(apiGroups=[], nonResourceURLs=[], resourceNames=[], resources=[pods], verbs=[get, patch, update], additionalProperties={})], additionalProperties={})
2025-01-30 04:00:45,552 INFO c.h.h.t.HelmChartContainer - [hivemq-test-hivemq-platform] [hivemq-platform-operator] [33bf9b7a] 04:00:45.548 [pool-6-thread-7] DEBUG c.h.p.o.d.PodServiceAccountResource - [helmmqtt] Desired PodServiceAccountResource (serviceAccountName: hivemq-platform-pod-test-hivemq-platform)
2025-01-30 04:00:45,552 INFO c.h.h.t.HelmChartContainer - [hivemq-test-hivemq-platform] [hivemq-platform-operator] [33bf9b7a] 04:00:45.549 [pool-6-thread-7] DEBUG c.h.p.o.d.PodServiceAccountResource - [helmmqtt] Create ServiceAccount 'hivemq-platform-pod-test-hivemq-platform'
2025-01-30 04:00:45,659 INFO c.h.h.t.HelmChartContainer - [hivemq-test-hivemq-platform] [hivemq-platform-operator] [33bf9b7a] 04:00:45.657 [pool-6-thread-10] DEBUG c.h.p.o.d.PodRoleBindingResource - [helmmqtt] Create RoleBinding: RoleBinding(apiVersion=rbac.authorization.k8s.io/v1, kind=RoleBinding, metadata=ObjectMeta(annotations={meta.helm.sh/release-name=test-hivemq-platform, meta.helm.sh/release-namespace=helmmqttit}, creationTimestamp=null, deletionGracePeriodSeconds=null, deletionTimestamp=null, finalizers=[], generateName=null, generation=null, labels={helm.sh/chart=hivemq-platform-0.2.32, app.kubernetes.io/managed-by=Helm, app.kubernetes.io/name=hivemq-platform, hivemq-platform=test-hivemq-platform, app.kubernetes.io/instance=test-hivemq-platform, app.kubernetes.io/version=4.36.0}, managedFields=[], name=hivemq-platform-role-binding-test-hivemq-platform, namespace=helmmqttit, ownerReferences=[OwnerReference(apiVersion=hivemq.com/v1, blockOwnerDeletion=null, controller=null, kind=HiveMQPlatform, name=test-hivemq-platform, uid=0ad8fc3e-eac3-44be-ade8-3ced343f9b66, additionalProperties={})], resourceVersion=null, selfLink=null, uid=null, additionalProperties={}), roleRef=RoleRef(apiGroup=rbac.authorization.k8s.io, kind=Role, name=hivemq-platform-role-test-hivemq-platform, additionalProperties={}), subjects=[Subject(apiGroup=null, kind=ServiceAccount, name=hivemq-platform-pod-test-hivemq-platform, namespace=helmmqttit, additionalProperties={})], additionalProperties={})
2025-01-30 04:00:45,747 INFO c.h.h.t.HelmChartContainer - [hivemq-test-hivemq-platform] [hivemq-platform-operator] [33bf9b7a] 04:00:45.746 [ReconcilerExecutor-hivemq-controller-54] INFO  c.h.p.o.HiveMQPlatformReconciler - [helmmqtt] Reconciling HiveMQ Platform 'test-hivemq-platform' in namespace 'helmmqttit'
2025-01-30 04:00:45,747 INFO c.h.h.t.HelmChartContainer - [hivemq-test-hivemq-platform] [hivemq-platform-operator] [33bf9b7a] 04:00:45.746 [ReconcilerExecutor-hivemq-controller-54] DEBUG c.h.p.o.HiveMQPlatformReconciler - [helmmqtt] Custom Resource Status CREATED - HiveMQ Platform was created (READY)
2025-01-30 04:00:45,748 INFO c.h.h.t.HelmChartContainer - [hivemq-test-hivemq-platform] [hivemq-platform-operator] [33bf9b7a] 04:00:45.746 [ReconcilerExecutor-hivemq-controller-54] DEBUG c.h.p.o.HiveMQPlatformReconciler - [helmmqtt] Custom Resource Spec (replicas: 1) (extensions: 1)
2025-01-30 04:00:45,753 INFO c.h.h.t.HelmChartContainer - [hivemq-test-hivemq-platform] [hivemq-platform-operator] [33bf9b7a] 04:00:45.750 [ReconcilerExecutor-hivemq-controller-54] INFO  c.h.p.o.h.HiveMQPlatformReconcilerBaseHandler - [helmmqtt] HiveMQ Platform is starting
2025-01-30 04:00:45,856 INFO c.h.h.t.HelmChartContainer - [hivemq-test-hivemq-platform] [hivemq-platform-operator] [33bf9b7a] 04:00:45.854 [ReconcilerExecutor-hivemq-controller-54] DEBUG c.h.p.operator.event.EventSender - [helmmqtt] Creating K8s event hivemq-platform-starting: [Start] HiveMQ Platform is starting
2025-01-30 04:00:45,864 INFO c.h.h.t.HelmChartContainer - [EVENT] Normal [Start] HiveMQ Platform is starting [helmmqttit:test-hivemq-platform]
2025-01-30 04:00:45,949 INFO c.h.h.t.HelmChartContainer - [hivemq-test-hivemq-platform] [hivemq-platform-operator] [33bf9b7a] 04:00:45.947 [ReconcilerExecutor-hivemq-controller-54] INFO  c.h.p.o.h.AbstractHiveMQReconcilerStateHandler - [helmmqtt] Update HiveMQ Platform Status (CREATED [READY] -> STARTING [READY]): HiveMQ Platform is starting
2025-01-30 04:00:45,963 DEBUG com.hivemq.helmcharts.util.K8sUtil - Comparing actual state 'STARTING' and waiting for 'RUNNING'
2025-01-30 04:00:56,058 INFO c.h.h.t.HelmChartContainer - [hivemq-test-hivemq-platform] [hivemq-platform-operator] [33bf9b7a] 04:00:56.051 [pool-6-thread-12] DEBUG c.h.p.o.d.PlatformServiceResource - [helmmqtt] Desired Platform services (4 services)
2025-01-30 04:00:56,058 INFO c.h.h.t.HelmChartContainer - [hivemq-test-hivemq-platform] [hivemq-platform-operator] [33bf9b7a] 04:00:56.055 [pool-6-thread-13] DEBUG c.h.p.o.dependants.PodInfoConfigMap - [helmmqtt] Desired PodInfo ConfigMap (1 extensions) (1 enabled)
2025-01-30 04:00:56,058 INFO c.h.h.t.HelmChartContainer - [hivemq-test-hivemq-platform] [hivemq-platform-operator] [33bf9b7a] 04:00:56.055 [pool-6-thread-13] DEBUG c.h.p.o.dependants.PodInfoConfigMap - [helmmqtt] Desired PodInfo ConfigMap (metrics port: 9399) (metrics path: /)
2025-01-30 04:00:56,058 INFO c.h.h.t.HelmChartContainer - [hivemq-test-hivemq-platform] [hivemq-platform-operator] [33bf9b7a] 04:00:56.055 [pool-6-thread-13] DEBUG c.h.p.o.dependants.PodInfoConfigMap - [helmmqtt] Desired PodInfo ConfigMap (extension state hash: -1817474005)
2025-01-30 04:00:56,058 INFO c.h.h.t.HelmChartContainer - [hivemq-test-hivemq-platform] [hivemq-platform-operator] [33bf9b7a] 04:00:56.056 [pool-6-thread-17] DEBUG c.h.p.o.d.PodServiceAccountResource - [helmmqtt] Desired PodServiceAccountResource (serviceAccountName: hivemq-platform-pod-test-hivemq-platform)
2025-01-30 04:00:56,071 INFO c.h.h.t.HelmChartContainer - [K3S] [alloc.go:330] "allocated clusterIPs" service="helmmqttit/mqtt-service" clusterIPs={"IPv4":"10.43.254.43"}
2025-01-30 04:00:56,152 INFO c.h.h.t.HelmChartContainer - [hivemq-test-hivemq-platform] [hivemq-platform-operator] [33bf9b7a] 04:00:56.144 [pool-6-thread-13] DEBUG c.h.p.o.dependants.PodInfoConfigMap - [helmmqtt] Update PodInfo ConfigMap
2025-01-30 04:00:56,159 INFO c.h.h.t.HelmChartContainer - [K3S] [alloc.go:330] "allocated clusterIPs" service="helmmqttit/control-center-service" clusterIPs={"IPv4":"10.43.185.138"}
2025-01-30 04:00:56,253 INFO c.h.h.t.HelmChartContainer - [K3S] [alloc.go:330] "allocated clusterIPs" service="helmmqttit/rest-api-service" clusterIPs={"IPv4":"10.43.72.172"}
2025-01-30 04:00:56,264 INFO c.h.h.t.HelmChartContainer - [K3S] [alloc.go:330] "allocated clusterIPs" service="helmmqttit/metrics-service" clusterIPs={"IPv4":"10.43.118.146"}
2025-01-30 04:00:56,348 INFO c.h.h.t.HelmChartContainer - [hivemq-test-hivemq-platform] [hivemq-platform-operator] [33bf9b7a] 04:00:56.346 [pool-6-thread-20] DEBUG c.h.p.o.d.StatefulSetResource - [helmmqtt] Desired StatefulSet (1 replicas) for status STARTING (READY)
2025-01-30 04:00:56,363 INFO c.h.h.t.HelmChartContainer - [hivemq-test-hivemq-platform] [hivemq-platform-operator] [33bf9b7a] 04:00:56.361 [pool-6-thread-20] DEBUG c.h.p.o.d.StatefulSetResource - [helmmqtt] Create StatefulSet
2025-01-30 04:00:56,472 INFO c.h.h.t.HelmChartContainer - [hivemq-test-hivemq-platform] [hivemq-platform-operator] [33bf9b7a] 04:00:56.470 [ReconcilerExecutor-hivemq-controller-65] INFO  c.h.p.o.HiveMQPlatformReconciler - [helmmqtt] Reconciling HiveMQ Platform 'test-hivemq-platform' in namespace 'helmmqttit'
2025-01-30 04:00:56,472 INFO c.h.h.t.HelmChartContainer - [hivemq-test-hivemq-platform] [hivemq-platform-operator] [33bf9b7a] 04:00:56.470 [ReconcilerExecutor-hivemq-controller-65] DEBUG c.h.p.o.HiveMQPlatformReconciler - [helmmqtt] Custom Resource Status STARTING - HiveMQ Platform is starting (READY)
2025-01-30 04:00:56,472 INFO c.h.h.t.HelmChartContainer - [hivemq-test-hivemq-platform] [hivemq-platform-operator] [33bf9b7a] 04:00:56.470 [ReconcilerExecutor-hivemq-controller-65] DEBUG c.h.p.o.HiveMQPlatformReconciler - [helmmqtt] Custom Resource Spec (replicas: 1) (extensions: 1)
2025-01-30 04:00:56,481 INFO c.h.h.t.HelmChartContainer - [POD] test-hivemq-platform-0 [50428da3-bdd4-428b-9c80-d4d29951dea7] in helmmqttit was ADDED
2025-01-30 04:00:56,486 INFO c.h.h.t.HelmChartContainer - [POD] test-hivemq-platform-0 [50428da3-bdd4-428b-9c80-d4d29951dea7] in helmmqttit was MODIFIED
2025-01-30 04:00:56,488 INFO c.h.h.t.HelmChartContainer - [EVENT] Normal [SuccessfulCreate] create Pod test-hivemq-platform-0 in StatefulSet test-hivemq-platform successful [helmmqttit:test-hivemq-platform]
2025-01-30 04:00:56,489 INFO c.h.h.t.HelmChartContainer - [EVENT] Normal [Scheduled] Successfully assigned helmmqttit/test-hivemq-platform-0 to 969b9ea92551 [helmmqttit:test-hivemq-platform-0]
2025-01-30 04:00:56,498 INFO c.h.h.t.HelmChartContainer - [POD] test-hivemq-platform-0 [50428da3-bdd4-428b-9c80-d4d29951dea7] in helmmqttit was MODIFIED
2025-01-30 04:00:56,549 INFO c.h.h.t.HelmChartContainer - [hivemq-test-hivemq-platform] [hivemq-platform-operator] [33bf9b7a] 04:00:56.545 [ReconcilerExecutor-hivemq-controller-65] DEBUG c.h.p.o.HiveMQPlatformReconciler - [helmmqtt] StatefulSet Status (revision: null, replicas: 0, available: 0, ready: 0, current: 0, updated: 0)
2025-01-30 04:00:56,549 INFO c.h.h.t.HelmChartContainer - [hivemq-test-hivemq-platform] [hivemq-platform-operator] [33bf9b7a] 04:00:56.545 [ReconcilerExecutor-hivemq-controller-65] DEBUG c.h.p.o.HiveMQPlatformReconciler - [helmmqtt] StatefulSet Spec (replicas: 1, init containers: 1, containers: 1, volumes: 3)
2025-01-30 04:00:56,590 INFO c.h.h.t.HelmChartContainer - [K3S] [reconciler_common.go:251] "operationExecutor.VerifyControllerAttachedVolume started for volume \"operator-init\" (UniqueName: \"kubernetes.io/empty-dir/50428da3-bdd4-428b-9c80-d4d29951dea7-operator-init\") pod \"test-hivemq-platform-0\" (UID: \"50428da3-bdd4-428b-9c80-d4d29951dea7\") " pod="helmmqttit/test-hivemq-platform-0"
2025-01-30 04:00:56,590 INFO c.h.h.t.HelmChartContainer - [K3S] [reconciler_common.go:251] "operationExecutor.VerifyControllerAttachedVolume started for volume \"kube-api-access-l4sc8\" (UniqueName: \"kubernetes.io/projected/50428da3-bdd4-428b-9c80-d4d29951dea7-kube-api-access-l4sc8\") pod \"test-hivemq-platform-0\" (UID: \"50428da3-bdd4-428b-9c80-d4d29951dea7\") " pod="helmmqttit/test-hivemq-platform-0"
2025-01-30 04:00:56,590 INFO c.h.h.t.HelmChartContainer - [K3S] [reconciler_common.go:251] "operationExecutor.VerifyControllerAttachedVolume started for volume \"pod-info\" (UniqueName: \"kubernetes.io/configmap/50428da3-bdd4-428b-9c80-d4d29951dea7-pod-info\") pod \"test-hivemq-platform-0\" (UID: \"50428da3-bdd4-428b-9c80-d4d29951dea7\") " pod="helmmqttit/test-hivemq-platform-0"
2025-01-30 04:00:56,590 INFO c.h.h.t.HelmChartContainer - [K3S] [reconciler_common.go:251] "operationExecutor.VerifyControllerAttachedVolume started for volume \"broker-configuration\" (UniqueName: \"kubernetes.io/configmap/50428da3-bdd4-428b-9c80-d4d29951dea7-broker-configuration\") pod \"test-hivemq-platform-0\" (UID: \"50428da3-bdd4-428b-9c80-d4d29951dea7\") " pod="helmmqttit/test-hivemq-platform-0"
2025-01-30 04:00:56,648 INFO c.h.h.t.HelmChartContainer - [hivemq-test-hivemq-platform] [hivemq-platform-operator] [33bf9b7a] 04:00:56.646 [ReconcilerExecutor-hivemq-controller-65] DEBUG c.h.p.o.h.HiveMQPlatformReconcilerErrorHandler - [helmmqtt] Pod 'test-hivemq-platform-0' phase Pending
2025-01-30 04:00:56,651 INFO c.h.h.t.HelmChartContainer - [hivemq-test-hivemq-platform] [hivemq-platform-operator] [33bf9b7a] 04:00:56.647 [ReconcilerExecutor-hivemq-controller-65] DEBUG c.h.p.o.h.HiveMQPlatformReconcilerErrorHandler - [helmmqtt] Pod 'test-hivemq-platform-0' condition 'PodScheduled': True
2025-01-30 04:00:56,652 INFO c.h.h.t.HelmChartContainer - [hivemq-test-hivemq-platform] [hivemq-platform-operator] [33bf9b7a] 04:00:56.649 [ReconcilerExecutor-hivemq-controller-65] INFO  c.h.p.o.h.HiveMQPlatformReconcilerBaseHandler - [helmmqtt] HiveMQ Platform is starting, 0 of 1 replicas are ready
2025-01-30 04:00:56,661 INFO c.h.h.t.HelmChartContainer - [hivemq-test-hivemq-platform] [hivemq-platform-operator] [33bf9b7a] 04:00:56.658 [pool-6-thread-22] DEBUG c.h.p.o.d.PlatformServiceResource - [helmmqtt] Desired Platform services (4 services)
2025-01-30 04:00:56,661 INFO c.h.h.t.HelmChartContainer - [hivemq-test-hivemq-platform] [hivemq-platform-operator] [33bf9b7a] 04:00:56.659 [pool-6-thread-23] DEBUG c.h.p.o.dependants.PodInfoConfigMap - [helmmqtt] Desired PodInfo ConfigMap (1 extensions) (1 enabled)
2025-01-30 04:00:56,662 INFO c.h.h.t.HelmChartContainer - [hivemq-test-hivemq-platform] [hivemq-platform-operator] [33bf9b7a] 04:00:56.659 [pool-6-thread-23] DEBUG c.h.p.o.dependants.PodInfoConfigMap - [helmmqtt] Desired PodInfo ConfigMap (metrics port: 9399) (metrics path: /)
2025-01-30 04:00:56,662 INFO c.h.h.t.HelmChartContainer - [hivemq-test-hivemq-platform] [hivemq-platform-operator] [33bf9b7a] 04:00:56.659 [pool-6-thread-23] DEBUG c.h.p.o.dependants.PodInfoConfigMap - [helmmqtt] Desired PodInfo ConfigMap (extension state hash: -1817474005)
2025-01-30 04:00:56,746 INFO c.h.h.t.HelmChartContainer - [hivemq-test-hivemq-platform] [hivemq-platform-operator] [33bf9b7a] 04:00:56.744 [pool-6-thread-27] DEBUG c.h.p.o.d.PodServiceAccountResource - [helmmqtt] Desired PodServiceAccountResource (serviceAccountName: hivemq-platform-pod-test-hivemq-platform)
2025-01-30 04:00:56,756 INFO c.h.h.t.HelmChartContainer - [hivemq-test-hivemq-platform] [hivemq-platform-operator] [33bf9b7a] 04:00:56.755 [pool-6-thread-30] DEBUG c.h.p.o.d.StatefulSetResource - [helmmqtt] Desired StatefulSet (1 replicas) for status STARTING (READY)
2025-01-30 04:00:56,850 INFO c.h.h.t.HelmChartContainer - [hivemq-test-hivemq-platform] [hivemq-platform-operator] [33bf9b7a] 04:00:56.849 [ReconcilerExecutor-hivemq-controller-76] INFO  c.h.p.o.HiveMQPlatformReconciler - [helmmqtt] Reconciling HiveMQ Platform 'test-hivemq-platform' in namespace 'helmmqttit'
2025-01-30 04:00:56,852 INFO c.h.h.t.HelmChartContainer - [hivemq-test-hivemq-platform] [hivemq-platform-operator] [33bf9b7a] 04:00:56.850 [ReconcilerExecutor-hivemq-controller-76] DEBUG c.h.p.o.HiveMQPlatformReconciler - [helmmqtt] Custom Resource Status STARTING - HiveMQ Platform is starting (READY)
2025-01-30 04:00:56,852 INFO c.h.h.t.HelmChartContainer - [hivemq-test-hivemq-platform] [hivemq-platform-operator] [33bf9b7a] 04:00:56.850 [ReconcilerExecutor-hivemq-controller-76] DEBUG c.h.p.o.HiveMQPlatformReconciler - [helmmqtt] Custom Resource Spec (replicas: 1) (extensions: 1)
2025-01-30 04:00:56,856 INFO c.h.h.t.HelmChartContainer - [hivemq-test-hivemq-platform] [hivemq-platform-operator] [33bf9b7a] 04:00:56.855 [ReconcilerExecutor-hivemq-controller-76] DEBUG c.h.p.o.HiveMQPlatformReconciler - [helmmqtt] StatefulSet Status (revision: test-hivemq-platform-6c4dd86f88, replicas: 1, available: 0, ready: 0, current: 1, updated: 1)
2025-01-30 04:00:56,856 INFO c.h.h.t.HelmChartContainer - [hivemq-test-hivemq-platform] [hivemq-platform-operator] [33bf9b7a] 04:00:56.855 [ReconcilerExecutor-hivemq-controller-76] DEBUG c.h.p.o.HiveMQPlatformReconciler - [helmmqtt] StatefulSet Spec (replicas: 1, init containers: 1, containers: 1, volumes: 3)
2025-01-30 04:00:56,865 INFO c.h.h.t.HelmChartContainer - [hivemq-test-hivemq-platform] [hivemq-platform-operator] [33bf9b7a] 04:00:56.862 [ReconcilerExecutor-hivemq-controller-76] DEBUG c.h.p.o.h.HiveMQPlatformReconcilerErrorHandler - [helmmqtt] Pod 'test-hivemq-platform-0' phase Pending
2025-01-30 04:00:56,866 INFO c.h.h.t.HelmChartContainer - [hivemq-test-hivemq-platform] [hivemq-platform-operator] [33bf9b7a] 04:00:56.863 [ReconcilerExecutor-hivemq-controller-76] DEBUG c.h.p.o.h.HiveMQPlatformReconcilerErrorHandler - [helmmqtt] Pod 'test-hivemq-platform-0' condition 'PodReadyToStartContainers': False
2025-01-30 04:00:56,866 INFO c.h.h.t.HelmChartContainer - [hivemq-test-hivemq-platform] [hivemq-platform-operator] [33bf9b7a] 04:00:56.863 [ReconcilerExecutor-hivemq-controller-76] DEBUG c.h.p.o.h.HiveMQPlatformReconcilerErrorHandler - [helmmqtt] Pod 'test-hivemq-platform-0' condition 'Initialized': False
2025-01-30 04:00:56,866 INFO c.h.h.t.HelmChartContainer - [hivemq-test-hivemq-platform] [hivemq-platform-operator] [33bf9b7a] 04:00:56.863 [ReconcilerExecutor-hivemq-controller-76] DEBUG c.h.p.o.h.HiveMQPlatformReconcilerErrorHandler - [helmmqtt] Pod 'test-hivemq-platform-0' condition 'Ready': False
2025-01-30 04:00:56,866 INFO c.h.h.t.HelmChartContainer - [hivemq-test-hivemq-platform] [hivemq-platform-operator] [33bf9b7a] 04:00:56.863 [ReconcilerExecutor-hivemq-controller-76] DEBUG c.h.p.o.h.HiveMQPlatformReconcilerErrorHandler - [helmmqtt] Pod 'test-hivemq-platform-0' condition 'ContainersReady': False
2025-01-30 04:00:56,866 INFO c.h.h.t.HelmChartContainer - [hivemq-test-hivemq-platform] [hivemq-platform-operator] [33bf9b7a] 04:00:56.863 [ReconcilerExecutor-hivemq-controller-76] DEBUG c.h.p.o.h.HiveMQPlatformReconcilerErrorHandler - [helmmqtt] Pod 'test-hivemq-platform-0' condition 'PodScheduled': True
2025-01-30 04:00:56,866 INFO c.h.h.t.HelmChartContainer - [hivemq-test-hivemq-platform] [hivemq-platform-operator] [33bf9b7a] 04:00:56.863 [ReconcilerExecutor-hivemq-controller-76] DEBUG c.h.p.o.h.HiveMQPlatformReconcilerErrorHandler - [helmmqtt] Pod 'test-hivemq-platform-0' containerStatus 'hivemq' (started: false) (ready: false) (waiting: [PodInitializing] null)
2025-01-30 04:00:56,883 INFO c.h.h.t.HelmChartContainer - [EVENT] Normal [Pulled] Container image "docker.io/hivemq/hivemq-platform-operator-init-test:snapshot" already present on machine [helmmqttit:test-hivemq-platform-0]
2025-01-30 04:00:56,890 INFO c.h.h.t.HelmChartContainer - [EVENT] Normal [Created] Created container: hivemq-platform-operator-init [helmmqttit:test-hivemq-platform-0]
2025-01-30 04:00:56,929 INFO c.h.h.t.HelmChartContainer - [EVENT] Normal [Started] Started container hivemq-platform-operator-init [helmmqttit:test-hivemq-platform-0]
2025-01-30 04:00:56,945 INFO c.h.h.t.HelmChartContainer - [hivemq-test-hivemq-platform] [hivemq-platform-operator] [33bf9b7a] 04:00:56.944 [ReconcilerExecutor-hivemq-controller-76] INFO  c.h.p.o.h.HiveMQPlatformReconcilerBaseHandler - [helmmqtt] HiveMQ Platform is starting, 0 of 1 replicas are ready
2025-01-30 04:00:57,188 INFO c.h.h.t.HelmChartContainer - [EVENT] Normal [Pulled] Container image "docker.io/hivemq/hivemq4:4.36.0" already present on machine [helmmqttit:test-hivemq-platform-0]
2025-01-30 04:00:57,188 INFO c.h.h.t.HelmChartContainer - Received Pulled event for container hivemq in pod test-hivemq-platform-0 [50428da3-bdd4-428b-9c80-d4d29951dea7]
2025-01-30 04:00:57,198 INFO c.h.h.t.HelmChartContainer - [POD] test-hivemq-platform-0 [50428da3-bdd4-428b-9c80-d4d29951dea7] in helmmqttit was MODIFIED
2025-01-30 04:00:57,214 INFO c.h.h.t.HelmChartContainer - [EVENT] Normal [Created] Created container: hivemq [helmmqttit:test-hivemq-platform-0]
2025-01-30 04:00:57,214 INFO c.h.h.t.HelmChartContainer - Received Created event for container hivemq in pod test-hivemq-platform-0 [50428da3-bdd4-428b-9c80-d4d29951dea7]
2025-01-30 04:00:57,230 INFO c.h.h.t.HelmChartContainer - [hivemq-test-hivemq-platform] [hivemq-platform-operator] [33bf9b7a] 04:00:57.223 [pool-6-thread-32] DEBUG c.h.p.o.d.PlatformServiceResource - [helmmqtt] Desired Platform services (4 services)
2025-01-30 04:00:57,230 INFO c.h.h.t.HelmChartContainer - [hivemq-test-hivemq-platform] [hivemq-platform-operator] [33bf9b7a] 04:00:57.225 [pool-6-thread-33] DEBUG c.h.p.o.dependants.PodInfoConfigMap - [helmmqtt] Desired PodInfo ConfigMap (1 extensions) (1 enabled)
2025-01-30 04:00:57,230 INFO c.h.h.t.HelmChartContainer - [hivemq-test-hivemq-platform] [hivemq-platform-operator] [33bf9b7a] 04:00:57.226 [pool-6-thread-33] DEBUG c.h.p.o.dependants.PodInfoConfigMap - [helmmqtt] Desired PodInfo ConfigMap (metrics port: 9399) (metrics path: /)
2025-01-30 04:00:57,230 INFO c.h.h.t.HelmChartContainer - [hivemq-test-hivemq-platform] [hivemq-platform-operator] [33bf9b7a] 04:00:57.226 [pool-6-thread-33] DEBUG c.h.p.o.dependants.PodInfoConfigMap - [helmmqtt] Desired PodInfo ConfigMap (extension state hash: -1817474005)
2025-01-30 04:00:57,236 INFO c.h.h.t.HelmChartContainer - [hivemq-test-hivemq-platform] [hivemq-platform-operator] [33bf9b7a] 04:00:57.230 [pool-6-thread-37] DEBUG c.h.p.o.d.PodServiceAccountResource - [helmmqtt] Desired PodServiceAccountResource (serviceAccountName: hivemq-platform-pod-test-hivemq-platform)
2025-01-30 04:00:57,305 INFO c.h.h.t.HelmChartContainer - [hivemq-test-hivemq-platform] [hivemq-platform-operator] [33bf9b7a] 04:00:57.303 [pool-6-thread-40] DEBUG c.h.p.o.d.StatefulSetResource - [helmmqtt] Desired StatefulSet (1 replicas) for status STARTING (READY)
2025-01-30 04:00:57,309 INFO c.h.h.t.HelmChartContainer - [hivemq-test-hivemq-platform] [hivemq-platform-operator] [33bf9b7a] 04:00:57.308 [ReconcilerExecutor-hivemq-controller-87] INFO  c.h.p.o.HiveMQPlatformReconciler - [helmmqtt] Reconciling HiveMQ Platform 'test-hivemq-platform' in namespace 'helmmqttit'
2025-01-30 04:00:57,310 INFO c.h.h.t.HelmChartContainer - [hivemq-test-hivemq-platform] [hivemq-platform-operator] [33bf9b7a] 04:00:57.308 [ReconcilerExecutor-hivemq-controller-87] DEBUG c.h.p.o.HiveMQPlatformReconciler - [helmmqtt] Custom Resource Status STARTING - HiveMQ Platform is starting (READY)
2025-01-30 04:00:57,310 INFO c.h.h.t.HelmChartContainer - [hivemq-test-hivemq-platform] [hivemq-platform-operator] [33bf9b7a] 04:00:57.308 [ReconcilerExecutor-hivemq-controller-87] DEBUG c.h.p.o.HiveMQPlatformReconciler - [helmmqtt] Custom Resource Spec (replicas: 1) (extensions: 1)
2025-01-30 04:00:57,314 INFO c.h.h.t.HelmChartContainer - [hivemq-test-hivemq-platform] [hivemq-platform-operator] [33bf9b7a] 04:00:57.313 [ReconcilerExecutor-hivemq-controller-87] DEBUG c.h.p.o.HiveMQPlatformReconciler - [helmmqtt] StatefulSet Status (revision: test-hivemq-platform-6c4dd86f88, replicas: 1, available: 0, ready: 0, current: 1, updated: 1)
2025-01-30 04:00:57,314 INFO c.h.h.t.HelmChartContainer - [hivemq-test-hivemq-platform] [hivemq-platform-operator] [33bf9b7a] 04:00:57.313 [ReconcilerExecutor-hivemq-controller-87] DEBUG c.h.p.o.HiveMQPlatformReconciler - [helmmqtt] StatefulSet Spec (replicas: 1, init containers: 1, containers: 1, volumes: 3)
2025-01-30 04:00:57,319 INFO c.h.h.t.HelmChartContainer - [hivemq-test-hivemq-platform] [hivemq-platform-operator] [33bf9b7a] 04:00:57.318 [ReconcilerExecutor-hivemq-controller-87] DEBUG c.h.p.o.h.HiveMQPlatformReconcilerErrorHandler - [helmmqtt] Pod 'test-hivemq-platform-0' phase Pending
2025-01-30 04:00:57,321 INFO c.h.h.t.HelmChartContainer - [hivemq-test-hivemq-platform] [hivemq-platform-operator] [33bf9b7a] 04:00:57.318 [ReconcilerExecutor-hivemq-controller-87] DEBUG c.h.p.o.h.HiveMQPlatformReconcilerErrorHandler - [helmmqtt] Pod 'test-hivemq-platform-0' condition 'PodReadyToStartContainers': True
2025-01-30 04:00:57,321 INFO c.h.h.t.HelmChartContainer - [hivemq-test-hivemq-platform] [hivemq-platform-operator] [33bf9b7a] 04:00:57.318 [ReconcilerExecutor-hivemq-controller-87] DEBUG c.h.p.o.h.HiveMQPlatformReconcilerErrorHandler - [helmmqtt] Pod 'test-hivemq-platform-0' condition 'Initialized': True
2025-01-30 04:00:57,321 INFO c.h.h.t.HelmChartContainer - [hivemq-test-hivemq-platform] [hivemq-platform-operator] [33bf9b7a] 04:00:57.318 [ReconcilerExecutor-hivemq-controller-87] DEBUG c.h.p.o.h.HiveMQPlatformReconcilerErrorHandler - [helmmqtt] Pod 'test-hivemq-platform-0' condition 'Ready': False
2025-01-30 04:00:57,321 INFO c.h.h.t.HelmChartContainer - [hivemq-test-hivemq-platform] [hivemq-platform-operator] [33bf9b7a] 04:00:57.318 [ReconcilerExecutor-hivemq-controller-87] DEBUG c.h.p.o.h.HiveMQPlatformReconcilerErrorHandler - [helmmqtt] Pod 'test-hivemq-platform-0' condition 'ContainersReady': False
2025-01-30 04:00:57,321 INFO c.h.h.t.HelmChartContainer - [hivemq-test-hivemq-platform] [hivemq-platform-operator] [33bf9b7a] 04:00:57.319 [ReconcilerExecutor-hivemq-controller-87] DEBUG c.h.p.o.h.HiveMQPlatformReconcilerErrorHandler - [helmmqtt] Pod 'test-hivemq-platform-0' condition 'PodScheduled': True
2025-01-30 04:00:57,321 INFO c.h.h.t.HelmChartContainer - [hivemq-test-hivemq-platform] [hivemq-platform-operator] [33bf9b7a] 04:00:57.319 [ReconcilerExecutor-hivemq-controller-87] DEBUG c.h.p.o.h.HiveMQPlatformReconcilerErrorHandler - [helmmqtt] Pod 'test-hivemq-platform-0' containerStatus 'hivemq' (started: false) (ready: false) (waiting: [PodInitializing] null)
2025-01-30 04:00:57,398 INFO c.h.h.t.HelmChartContainer - [hivemq-test-hivemq-platform] [hivemq-platform-operator] [33bf9b7a] 04:00:57.320 [ReconcilerExecutor-hivemq-controller-87] INFO  c.h.p.o.h.HiveMQPlatformReconcilerBaseHandler - [helmmqtt] HiveMQ Platform is starting, 0 of 1 replicas are ready
2025-01-30 04:00:58,202 INFO c.h.h.t.HelmChartContainer - [POD] test-hivemq-platform-0 [50428da3-bdd4-428b-9c80-d4d29951dea7] in helmmqttit was MODIFIED
2025-01-30 04:00:58,213 INFO c.h.h.t.HelmChartContainer - Started log watcher for hivemq in pod test-hivemq-platform-0 [50428da3-bdd4-428b-9c80-d4d29951dea7]
2025-01-30 04:00:58,213 INFO c.h.h.t.HelmChartContainer - [EVENT] Normal [Started] Started container hivemq [helmmqttit:test-hivemq-platform-0]
2025-01-30 04:00:58,214 INFO c.h.h.t.HelmChartContainer - Received Started event for container hivemq in pod test-hivemq-platform-0 [50428da3-bdd4-428b-9c80-d4d29951dea7]
2025-01-30 04:00:58,216 INFO c.h.h.t.HelmChartContainer - [hivemq-test-hivemq-platform] [hivemq-platform-operator] [33bf9b7a] 04:00:58.211 [pool-6-thread-42] DEBUG c.h.p.o.d.PlatformServiceResource - [helmmqtt] Desired Platform services (4 services)
2025-01-30 04:00:58,216 INFO c.h.h.t.HelmChartContainer - [hivemq-test-hivemq-platform] [hivemq-platform-operator] [33bf9b7a] 04:00:58.212 [pool-6-thread-43] DEBUG c.h.p.o.dependants.PodInfoConfigMap - [helmmqtt] Desired PodInfo ConfigMap (1 extensions) (1 enabled)
2025-01-30 04:00:58,216 INFO c.h.h.t.HelmChartContainer - [hivemq-test-hivemq-platform] [hivemq-platform-operator] [33bf9b7a] 04:00:58.213 [pool-6-thread-43] DEBUG c.h.p.o.dependants.PodInfoConfigMap - [helmmqtt] Desired PodInfo ConfigMap (metrics port: 9399) (metrics path: /)
2025-01-30 04:00:58,216 INFO c.h.h.t.HelmChartContainer - [hivemq-test-hivemq-platform] [hivemq-platform-operator] [33bf9b7a] 04:00:58.213 [pool-6-thread-43] DEBUG c.h.p.o.dependants.PodInfoConfigMap - [helmmqtt] Desired PodInfo ConfigMap (extension state hash: -1817474005)
2025-01-30 04:00:58,216 INFO c.h.h.t.HelmChartContainer - [test-hivemq-platform] [hivemq] [50428da3] Adding pre-installed HiveMQ Platform Operator extensions
2025-01-30 04:00:58,216 INFO c.h.h.t.HelmChartContainer - [test-hivemq-platform] [hivemq] [50428da3] Running as user 10000
2025-01-30 04:00:58,216 INFO c.h.h.t.HelmChartContainer - [test-hivemq-platform] [hivemq] [50428da3] Starting HiveMQ Platform Operator Init
2025-01-30 04:00:58,223 INFO c.h.h.t.HelmChartContainer - [hivemq-test-hivemq-platform] [hivemq-platform-operator] [33bf9b7a] 04:00:58.222 [pool-6-thread-47] DEBUG c.h.p.o.d.PodServiceAccountResource - [helmmqtt] Desired PodServiceAccountResource (serviceAccountName: hivemq-platform-pod-test-hivemq-platform)
2025-01-30 04:00:58,300 INFO c.h.h.t.HelmChartContainer - [hivemq-test-hivemq-platform] [hivemq-platform-operator] [33bf9b7a] 04:00:58.298 [pool-6-thread-50] DEBUG c.h.p.o.d.StatefulSetResource - [helmmqtt] Desired StatefulSet (1 replicas) for status STARTING (READY)
2025-01-30 04:00:58,303 INFO c.h.h.t.HelmChartContainer - [hivemq-test-hivemq-platform] [hivemq-platform-operator] [33bf9b7a] 04:00:58.302 [ReconcilerExecutor-hivemq-controller-98] INFO  c.h.p.o.HiveMQPlatformReconciler - [helmmqtt] Reconciling HiveMQ Platform 'test-hivemq-platform' in namespace 'helmmqttit'
2025-01-30 04:00:58,307 INFO c.h.h.t.HelmChartContainer - [hivemq-test-hivemq-platform] [hivemq-platform-operator] [33bf9b7a] 04:00:58.302 [ReconcilerExecutor-hivemq-controller-98] DEBUG c.h.p.o.HiveMQPlatformReconciler - [helmmqtt] Custom Resource Status STARTING - HiveMQ Platform is starting (READY)
2025-01-30 04:00:58,307 INFO c.h.h.t.HelmChartContainer - [hivemq-test-hivemq-platform] [hivemq-platform-operator] [33bf9b7a] 04:00:58.302 [ReconcilerExecutor-hivemq-controller-98] DEBUG c.h.p.o.HiveMQPlatformReconciler - [helmmqtt] Custom Resource Spec (replicas: 1) (extensions: 1)
2025-01-30 04:00:58,307 INFO c.h.h.t.HelmChartContainer - [hivemq-test-hivemq-platform] [hivemq-platform-operator] [33bf9b7a] 04:00:58.305 [ReconcilerExecutor-hivemq-controller-98] DEBUG c.h.p.o.HiveMQPlatformReconciler - [helmmqtt] StatefulSet Status (revision: test-hivemq-platform-6c4dd86f88, replicas: 1, available: 0, ready: 0, current: 1, updated: 1)
2025-01-30 04:00:58,308 INFO c.h.h.t.HelmChartContainer - [hivemq-test-hivemq-platform] [hivemq-platform-operator] [33bf9b7a] 04:00:58.305 [ReconcilerExecutor-hivemq-controller-98] DEBUG c.h.p.o.HiveMQPlatformReconciler - [helmmqtt] StatefulSet Spec (replicas: 1, init containers: 1, containers: 1, volumes: 3)
2025-01-30 04:00:58,309 INFO c.h.h.t.HelmChartContainer - [hivemq-test-hivemq-platform] [hivemq-platform-operator] [33bf9b7a] 04:00:58.308 [ReconcilerExecutor-hivemq-controller-98] DEBUG c.h.p.o.h.HiveMQPlatformReconcilerErrorHandler - [helmmqtt] Pod 'test-hivemq-platform-0' phase Running
2025-01-30 04:00:58,311 INFO c.h.h.t.HelmChartContainer - [hivemq-test-hivemq-platform] [hivemq-platform-operator] [33bf9b7a] 04:00:58.309 [ReconcilerExecutor-hivemq-controller-98] INFO  c.h.p.o.h.HiveMQPlatformReconcilerBaseHandler - [helmmqtt] HiveMQ Platform is starting, 0 of 1 replicas are ready
2025-01-30 04:00:58,485 INFO c.h.h.t.HelmChartContainer - [test-hivemq-platform] [hivemq] [50428da3] INFO  - [HiveMQ Platform Operator Init 1.7.0-SNAPSHOT] HiveMQ Platform Operator Init 1.7.0-SNAPSHOT (commit: 47e3375 on branch: HEAD) built on Thu Jan 30 03:55:50 UTC 2025
2025-01-30 04:00:59,596 INFO c.h.h.t.HelmChartContainer - [test-hivemq-platform] [hivemq] [50428da3] INFO  - [HiveMQ Platform Operator Init App 1.7.0-SNAPSHOT] Using bind address 10.42.0.6 from environment variable
2025-01-30 04:01:00,587 INFO c.h.h.t.HelmChartContainer - [test-hivemq-platform] [hivemq] [50428da3] INFO  - [HiveMQ Platform Operator Init App 1.7.0-SNAPSHOT] HiveMQ Platform Operator Init App 1.7.0-SNAPSHOT (commit: 47e3375 on branch: HEAD) built on Thu Jan 30 03:55:50 UTC 2025
2025-01-30 04:01:00,588 INFO c.h.h.t.HelmChartContainer - [test-hivemq-platform] [hivemq] [50428da3] INFO  - [HiveMQ Platform Operator Init App 1.7.0-SNAPSHOT] PodInfo ConfigMap directory: /etc/podinfo
2025-01-30 04:01:00,588 INFO c.h.h.t.HelmChartContainer - [test-hivemq-platform] [hivemq] [50428da3] INFO  - [HiveMQ Platform Operator Init App 1.7.0-SNAPSHOT] HiveMQ home directory: /opt/hivemq
2025-01-30 04:01:00,589 INFO c.h.h.t.HelmChartContainer - [test-hivemq-platform] [hivemq] [50428da3] INFO  - [HiveMQ Platform Operator Init App 1.7.0-SNAPSHOT] HiveMQ Logback folder: /opt/hivemq/conf
2025-01-30 04:01:00,590 INFO c.h.h.t.HelmChartContainer - [test-hivemq-platform] [hivemq] [50428da3] INFO  - [HiveMQ Platform Operator Init App 1.7.0-SNAPSHOT] HiveMQ Config folder: /opt/hivemq/conf-k8s
2025-01-30 04:01:00,590 INFO c.h.h.t.HelmChartContainer - [test-hivemq-platform] [hivemq] [50428da3] INFO  - [HiveMQ Platform Operator Init App 1.7.0-SNAPSHOT] Starting HiveMQ Platform Operator Init App
2025-01-30 04:01:00,590 INFO c.h.h.t.HelmChartContainer - [test-hivemq-platform] [hivemq] [50428da3] INFO  - [HiveMQ Platform Operator Init App 1.7.0-SNAPSHOT] Starting Pod reconciler
2025-01-30 04:01:01,840 INFO c.h.h.t.HelmChartContainer - [test-hivemq-platform] [hivemq] [50428da3] INFO  - [HiveMQ Platform Operator Init App 1.7.0-SNAPSHOT] Pod reconciler is scheduled (interval: 5000 ms)
2025-01-30 04:01:01,841 INFO c.h.h.t.HelmChartContainer - [test-hivemq-platform] [hivemq] [50428da3] INFO  - [HiveMQ Platform Operator Init App 1.7.0-SNAPSHOT] Starting the REST API on 10.42.0.6:7979
2025-01-30 04:01:01,844 INFO c.h.h.t.HelmChartContainer - [test-hivemq-platform] [hivemq] [50428da3] INFO  - [HiveMQ Platform Operator Init App 1.7.0-SNAPSHOT] Waiting up to 600s for at most 1 HiveMQ nodes in cluster service hivemq-test-hivemq-platform-cluster.helmmqttit.svc
2025-01-30 04:01:02,150 INFO c.h.h.t.HelmChartContainer - [test-hivemq-platform] [hivemq] [50428da3] INFO  - [HiveMQ Platform Operator Init App 1.7.0-SNAPSHOT] Resolved 1 IP addresses: [10.42.0.6]
2025-01-30 04:01:02,150 INFO c.h.h.t.HelmChartContainer - [test-hivemq-platform] [hivemq] [50428da3] INFO  - [HiveMQ Platform Operator Init App 1.7.0-SNAPSHOT] HiveMQ node count of 1 is within threshold of 1
2025-01-30 04:01:02,151 INFO c.h.h.t.HelmChartContainer - [test-hivemq-platform] [hivemq] [50428da3] INFO  - [HiveMQ Platform Operator Init App 1.7.0-SNAPSHOT] Proceeding with container start
2025-01-30 04:01:02,198 INFO c.h.h.t.HelmChartContainer - [test-hivemq-platform] [hivemq] [50428da3] INFO  - [HiveMQ Platform Operator Init App 1.7.0-SNAPSHOT] Initializing HiveMQ Platform extensions with initial configuration: {hivemq-allow-all-extension={start-priority=-1, skip-https-hostname-verification=false, restart=true, config-version=0, header-version=0, c-uri=, priority=-1, uri=preinstalled, skip-https-certificate-validation=false, enabled=true}, hivemq-prometheus-extension={start-priority=-1, c-uri=, skip-https-hostname-verification=false, skip-https-certificate-validation=false, uri=preinstalled, request-header-path=no-request-headers, enabled=true, restart=true, priority=-1}}
2025-01-30 04:01:02,649 INFO c.h.h.t.HelmChartContainer - [test-hivemq-platform] [hivemq] [50428da3] INFO  - [HiveMQ Platform Operator Init App 1.7.0-SNAPSHOT] Extension hivemq-allow-all-extension was already enabled
2025-01-30 04:01:02,687 INFO c.h.h.t.HelmChartContainer - [test-hivemq-platform] [hivemq] [50428da3] INFO  - [HiveMQ Platform Operator Init App 1.7.0-SNAPSHOT] Successfully enabled extension hivemq-prometheus-extension
2025-01-30 04:01:02,741 INFO c.h.h.t.HelmChartContainer - [test-hivemq-platform] [hivemq] [50428da3] INFO  - [HiveMQ Platform Operator Init App 1.7.0-SNAPSHOT] Starting HiveMQ Platform version 4.36.0 (4.36.0)
2025-01-30 04:01:02,741 INFO c.h.h.t.HelmChartContainer - [test-hivemq-platform] [hivemq] [50428da3] INFO  - [HiveMQ Platform Operator Init App 1.7.0-SNAPSHOT] Configuring the HiveMQ Platform
2025-01-30 04:01:02,780 INFO c.h.h.t.HelmChartContainer - [test-hivemq-platform] [hivemq] [50428da3] INFO  - [HiveMQ Platform Operator Init App 1.7.0-SNAPSHOT] Changed logback.xml file scan period to 20 seconds
2025-01-30 04:01:02,843 INFO c.h.h.t.HelmChartContainer - [test-hivemq-platform] [hivemq] [50428da3] INFO  - [HiveMQ Platform Operator Init App 1.7.0-SNAPSHOT] Starting the HiveMQ Platform
2025-01-30 04:01:02,846 INFO c.h.h.t.HelmChartContainer - [test-hivemq-platform] [hivemq] [50428da3] -------------------------------------------------------------------------
2025-01-30 04:01:02,846 INFO c.h.h.t.HelmChartContainer - [test-hivemq-platform] [hivemq] [50428da3] 
2025-01-30 04:01:02,846 INFO c.h.h.t.HelmChartContainer - [test-hivemq-platform] [hivemq] [50428da3]                   _    _  _              __  __   ____
2025-01-30 04:01:02,846 INFO c.h.h.t.HelmChartContainer - [test-hivemq-platform] [hivemq] [50428da3]                  | |  | |(_)            |  \/  | / __ \
2025-01-30 04:01:02,846 INFO c.h.h.t.HelmChartContainer - [test-hivemq-platform] [hivemq] [50428da3]                  | |__| | _ __   __ ___ | \  / || |  | |
2025-01-30 04:01:02,846 INFO c.h.h.t.HelmChartContainer - [test-hivemq-platform] [hivemq] [50428da3]                  |  __  || |\ \ / // _ \| |\/| || |  | |
2025-01-30 04:01:02,846 INFO c.h.h.t.HelmChartContainer - [test-hivemq-platform] [hivemq] [50428da3]                  | |  | || | \ V /|  __/| |  | || |__| |
2025-01-30 04:01:02,846 INFO c.h.h.t.HelmChartContainer - [test-hivemq-platform] [hivemq] [50428da3]                  |_|  |_||_|  \_/  \___||_|  |_| \___\_\
2025-01-30 04:01:02,846 INFO c.h.h.t.HelmChartContainer - [test-hivemq-platform] [hivemq] [50428da3] 
2025-01-30 04:01:02,846 INFO c.h.h.t.HelmChartContainer - [test-hivemq-platform] [hivemq] [50428da3] -------------------------------------------------------------------------
2025-01-30 04:01:02,846 INFO c.h.h.t.HelmChartContainer - [test-hivemq-platform] [hivemq] [50428da3] 
2025-01-30 04:01:02,846 INFO c.h.h.t.HelmChartContainer - [test-hivemq-platform] [hivemq] [50428da3]   HiveMQ Start Script for Linux/Unix v1.14
2025-01-30 04:01:02,846 INFO c.h.h.t.HelmChartContainer - [test-hivemq-platform] [hivemq] [50428da3] 
2025-01-30 04:01:02,945 INFO c.h.h.t.HelmChartContainer - [test-hivemq-platform] [hivemq] [50428da3] -------------------------------------------------------------------------
2025-01-30 04:01:02,945 INFO c.h.h.t.HelmChartContainer - [test-hivemq-platform] [hivemq] [50428da3] 
2025-01-30 04:01:02,945 INFO c.h.h.t.HelmChartContainer - [test-hivemq-platform] [hivemq] [50428da3]   HIVEMQ_HOME: /opt/hivemq
2025-01-30 04:01:02,945 INFO c.h.h.t.HelmChartContainer - [test-hivemq-platform] [hivemq] [50428da3] 
2025-01-30 04:01:02,945 INFO c.h.h.t.HelmChartContainer - [test-hivemq-platform] [hivemq] [50428da3]   JAVA_OPTS: -XX:+UnlockExperimentalVMOptions -XX:InitialRAMPercentage=50 -XX:MaxRAMPercentage=50 -Djava.net.preferIPv4Stack=true --add-opens java.base/java.lang=ALL-UNNAMED --add-opens java.base/java.nio=ALL-UNNAMED --add-opens java.base/sun.nio.ch=ALL-UNNAMED --add-opens jdk.management/com.sun.management.internal=ALL-UNNAMED --add-exports java.base/jdk.internal.misc=ALL-UNNAMED -Djava.security.egd=file:/dev/./urandom -Dcom.sun.management.jmxremote -Dcom.sun.management.jmxremote.port=9010 -Dcom.sun.management.jmxremote.local.only=false -Dcom.sun.management.jmxremote.authenticate=false -Dcom.sun.management.jmxremote.ssl=false -Duser.language=en -Duser.region=US -XX:+CrashOnOutOfMemoryError -XX:+HeapDumpOnOutOfMemoryError
2025-01-30 04:01:02,945 INFO c.h.h.t.HelmChartContainer - [test-hivemq-platform] [hivemq] [50428da3] 
2025-01-30 04:01:02,946 INFO c.h.h.t.HelmChartContainer - [test-hivemq-platform] [hivemq] [50428da3]   JAVA_VERSION: 21
2025-01-30 04:01:02,946 INFO c.h.h.t.HelmChartContainer - [test-hivemq-platform] [hivemq] [50428da3] 
2025-01-30 04:01:02,946 INFO c.h.h.t.HelmChartContainer - [test-hivemq-platform] [hivemq] [50428da3] -------------------------------------------------------------------------
2025-01-30 04:01:02,946 INFO c.h.h.t.HelmChartContainer - [test-hivemq-platform] [hivemq] [50428da3] 
2025-01-30 04:01:04,280 INFO c.h.h.t.HelmChartContainer - [test-hivemq-platform] [hivemq] [50428da3] INFO  - [HiveMQ Platform Operator Init App 1.7.0-SNAPSHOT] Returning default Health API response 503 for readiness
2025-01-30 04:01:04,752 INFO c.h.h.t.HelmChartContainer - [EVENT] Warning [Unhealthy] Readiness probe failed: HTTP probe failed with statuscode: 503 [helmmqttit:test-hivemq-platform-0]
2025-01-30 04:01:04,752 INFO c.h.h.t.HelmChartContainer - Received Unhealthy event for container hivemq in pod test-hivemq-platform-0 [50428da3-bdd4-428b-9c80-d4d29951dea7]
2025-01-30 04:01:05,455 INFO c.h.h.t.HelmChartContainer - [test-hivemq-platform] [hivemq] [50428da3] INFO  - Starting HiveMQ Enterprise Server
2025-01-30 04:01:05,483 INFO c.h.h.t.HelmChartContainer - [test-hivemq-platform] [hivemq] [50428da3] INFO  - HiveMQ version: 4.36.0
2025-01-30 04:01:05,540 INFO c.h.h.t.HelmChartContainer - [test-hivemq-platform] [hivemq] [50428da3] INFO  - HiveMQ home directory: /opt/hivemq
2025-01-30 04:01:05,541 INFO c.h.h.t.HelmChartContainer - [test-hivemq-platform] [hivemq] [50428da3] INFO  - Log Configuration was overridden by /opt/hivemq/conf/logback.xml
2025-01-30 04:01:06,585 INFO c.h.h.t.HelmChartContainer - [test-hivemq-platform] [hivemq] [50428da3] INFO  - Successfully loaded configuration from '/opt/hivemq/conf-k8s/config.xml'.
2025-01-30 04:01:06,984 INFO c.h.h.t.HelmChartContainer - [test-hivemq-platform] [hivemq] [50428da3] INFO  - This node's ID is Zg2X0
2025-01-30 04:01:06,984 INFO c.h.h.t.HelmChartContainer - [test-hivemq-platform] [hivemq] [50428da3] INFO  - Clustering is enabled
2025-01-30 04:01:08,320 INFO c.h.h.t.HelmChartContainer - [hivemq-test-hivemq-platform] [hivemq-platform-operator] [33bf9b7a] 04:01:08.314 [pool-6-thread-3] DEBUG c.h.p.o.d.PlatformServiceResource - [helmmqtt] Desired Platform services (4 services)
2025-01-30 04:01:08,320 INFO c.h.h.t.HelmChartContainer - [hivemq-test-hivemq-platform] [hivemq-platform-operator] [33bf9b7a] 04:01:08.315 [pool-6-thread-5] DEBUG c.h.p.o.dependants.PodInfoConfigMap - [helmmqtt] Desired PodInfo ConfigMap (1 extensions) (1 enabled)
2025-01-30 04:01:08,320 INFO c.h.h.t.HelmChartContainer - [hivemq-test-hivemq-platform] [hivemq-platform-operator] [33bf9b7a] 04:01:08.315 [pool-6-thread-5] DEBUG c.h.p.o.dependants.PodInfoConfigMap - [helmmqtt] Desired PodInfo ConfigMap (metrics port: 9399) (metrics path: /)
2025-01-30 04:01:08,320 INFO c.h.h.t.HelmChartContainer - [hivemq-test-hivemq-platform] [hivemq-platform-operator] [33bf9b7a] 04:01:08.315 [pool-6-thread-5] DEBUG c.h.p.o.dependants.PodInfoConfigMap - [helmmqtt] Desired PodInfo ConfigMap (extension state hash: -1817474005)
2025-01-30 04:01:08,320 INFO c.h.h.t.HelmChartContainer - [hivemq-test-hivemq-platform] [hivemq-platform-operator] [33bf9b7a] 04:01:08.317 [pool-6-thread-4] DEBUG c.h.p.o.d.PodServiceAccountResource - [helmmqtt] Desired PodServiceAccountResource (serviceAccountName: hivemq-platform-pod-test-hivemq-platform)
2025-01-30 04:01:08,326 INFO c.h.h.t.HelmChartContainer - [hivemq-test-hivemq-platform] [hivemq-platform-operator] [33bf9b7a] 04:01:08.325 [pool-6-thread-3] DEBUG c.h.p.o.d.StatefulSetResource - [helmmqtt] Desired StatefulSet (1 replicas) for status STARTING (READY)
2025-01-30 04:01:08,398 INFO c.h.h.t.HelmChartContainer - [hivemq-test-hivemq-platform] [hivemq-platform-operator] [33bf9b7a] 04:01:08.396 [ReconcilerExecutor-hivemq-controller-109] INFO  c.h.p.o.HiveMQPlatformReconciler - [helmmqtt] Reconciling HiveMQ Platform 'test-hivemq-platform' in namespace 'helmmqttit'
2025-01-30 04:01:08,398 INFO c.h.h.t.HelmChartContainer - [hivemq-test-hivemq-platform] [hivemq-platform-operator] [33bf9b7a] 04:01:08.396 [ReconcilerExecutor-hivemq-controller-109] DEBUG c.h.p.o.HiveMQPlatformReconciler - [helmmqtt] Custom Resource Status STARTING - HiveMQ Platform is starting (READY)
2025-01-30 04:01:08,400 INFO c.h.h.t.HelmChartContainer - [hivemq-test-hivemq-platform] [hivemq-platform-operator] [33bf9b7a] 04:01:08.397 [ReconcilerExecutor-hivemq-controller-109] DEBUG c.h.p.o.HiveMQPlatformReconciler - [helmmqtt] Custom Resource Spec (replicas: 1) (extensions: 1)
2025-01-30 04:01:08,401 INFO c.h.h.t.HelmChartContainer - [hivemq-test-hivemq-platform] [hivemq-platform-operator] [33bf9b7a] 04:01:08.399 [ReconcilerExecutor-hivemq-controller-109] DEBUG c.h.p.o.HiveMQPlatformReconciler - [helmmqtt] StatefulSet Status (revision: test-hivemq-platform-6c4dd86f88, replicas: 1, available: 0, ready: 0, current: 1, updated: 1)
2025-01-30 04:01:08,401 INFO c.h.h.t.HelmChartContainer - [hivemq-test-hivemq-platform] [hivemq-platform-operator] [33bf9b7a] 04:01:08.399 [ReconcilerExecutor-hivemq-controller-109] DEBUG c.h.p.o.HiveMQPlatformReconciler - [helmmqtt] StatefulSet Spec (replicas: 1, init containers: 1, containers: 1, volumes: 3)
2025-01-30 04:01:08,402 INFO c.h.h.t.HelmChartContainer - [hivemq-test-hivemq-platform] [hivemq-platform-operator] [33bf9b7a] 04:01:08.401 [ReconcilerExecutor-hivemq-controller-109] DEBUG c.h.p.o.h.HiveMQPlatformReconcilerErrorHandler - [helmmqtt] Pod 'test-hivemq-platform-0' phase Running
2025-01-30 04:01:08,403 INFO c.h.h.t.HelmChartContainer - [hivemq-test-hivemq-platform] [hivemq-platform-operator] [33bf9b7a] 04:01:08.402 [ReconcilerExecutor-hivemq-controller-109] INFO  c.h.p.o.h.HiveMQPlatformReconcilerBaseHandler - [helmmqtt] HiveMQ Platform is starting, 0 of 1 replicas are ready
2025-01-30 04:01:09,649 INFO c.h.h.t.HelmChartContainer - [test-hivemq-platform] [hivemq] [50428da3] WARN  - [HiveMQ Platform Operator Init App 1.7.0-SNAPSHOT] Cannot connect to Health API for readiness: null
2025-01-30 04:01:09,654 INFO c.h.h.t.HelmChartContainer - [EVENT] Warning [Unhealthy] Readiness probe failed: HTTP probe failed with statuscode: 503 [helmmqttit:test-hivemq-platform-0]
2025-01-30 04:01:09,654 INFO c.h.h.t.HelmChartContainer - Received Unhealthy event for container hivemq in pod test-hivemq-platform-0 [50428da3-bdd4-428b-9c80-d4d29951dea7]
2025-01-30 04:01:12,146 INFO c.h.h.t.HelmChartContainer - [test-hivemq-platform] [hivemq] [50428da3] Jan 30, 2025 4:01:12 AM io.vertx.core.impl.BlockedThreadChecker
2025-01-30 04:01:12,147 INFO c.h.h.t.HelmChartContainer - [test-hivemq-platform] [hivemq] [50428da3] WARNING: Thread Thread[vert.x-eventloop-thread-1,5,main] has been blocked for 2493 ms, time limit is 2000 ms
2025-01-30 04:01:12,845 INFO c.h.h.t.HelmChartContainer - [test-hivemq-platform] [hivemq] [50428da3] INFO  - [HiveMQ Platform Operator Init App 1.7.0-SNAPSHOT] Updating Pod HiveMQ Platform Operator Init App version annotation (version: 1.7.0-SNAPSHOT)
2025-01-30 04:01:13,470 INFO c.h.h.t.HelmChartContainer - [hivemq-test-hivemq-platform] [hivemq-platform-operator] [33bf9b7a] 04:01:13.466 [pool-6-thread-15] DEBUG c.h.p.o.d.PlatformServiceResource - [helmmqtt] Desired Platform services (4 services)
2025-01-30 04:01:13,472 INFO c.h.h.t.HelmChartContainer - [POD] test-hivemq-platform-0 [50428da3-bdd4-428b-9c80-d4d29951dea7] in helmmqttit was MODIFIED
2025-01-30 04:01:13,477 INFO c.h.h.t.HelmChartContainer - [hivemq-test-hivemq-platform] [hivemq-platform-operator] [33bf9b7a] 04:01:13.474 [pool-6-thread-16] DEBUG c.h.p.o.d.PodServiceAccountResource - [helmmqtt] Desired PodServiceAccountResource (serviceAccountName: hivemq-platform-pod-test-hivemq-platform)
2025-01-30 04:01:13,480 INFO c.h.h.t.HelmChartContainer - [hivemq-test-hivemq-platform] [hivemq-platform-operator] [33bf9b7a] 04:01:13.470 [pool-6-thread-14] DEBUG c.h.p.o.dependants.PodInfoConfigMap - [helmmqtt] Desired PodInfo ConfigMap (1 extensions) (1 enabled)
2025-01-30 04:01:13,481 INFO c.h.h.t.HelmChartContainer - [hivemq-test-hivemq-platform] [hivemq-platform-operator] [33bf9b7a] 04:01:13.475 [pool-6-thread-14] DEBUG c.h.p.o.dependants.PodInfoConfigMap - [helmmqtt] Desired PodInfo ConfigMap (metrics port: 9399) (metrics path: /)
2025-01-30 04:01:13,481 INFO c.h.h.t.HelmChartContainer - [hivemq-test-hivemq-platform] [hivemq-platform-operator] [33bf9b7a] 04:01:13.475 [pool-6-thread-14] DEBUG c.h.p.o.dependants.PodInfoConfigMap - [helmmqtt] Desired PodInfo ConfigMap (extension state hash: -1817474005)
2025-01-30 04:01:13,545 INFO c.h.h.t.HelmChartContainer - [hivemq-test-hivemq-platform] [hivemq-platform-operator] [33bf9b7a] 04:01:13.487 [pool-6-thread-15] DEBUG c.h.p.o.d.StatefulSetResource - [helmmqtt] Desired StatefulSet (1 replicas) for status STARTING (READY)
2025-01-30 04:01:13,543 INFO c.h.h.t.HelmChartContainer - [test-hivemq-platform] [hivemq] [50428da3] WARN  - [HiveMQ Platform Operator Init App 1.7.0-SNAPSHOT] Cannot connect to Health API for readiness: null
2025-01-30 04:01:13,549 INFO c.h.h.t.HelmChartContainer - [test-hivemq-platform] [hivemq] [50428da3] INFO  - [HiveMQ Platform Operator Init App 1.7.0-SNAPSHOT] Successfully updated Pod HiveMQ Platform Operator Init App version annotation (version: 1.7.0-SNAPSHOT)
2025-01-30 04:01:13,558 INFO c.h.h.t.HelmChartContainer - [hivemq-test-hivemq-platform] [hivemq-platform-operator] [33bf9b7a] 04:01:13.554 [ReconcilerExecutor-hivemq-controller-110] INFO  c.h.p.o.HiveMQPlatformReconciler - [helmmqtt] Reconciling HiveMQ Platform 'test-hivemq-platform' in namespace 'helmmqttit'
2025-01-30 04:01:13,560 INFO c.h.h.t.HelmChartContainer - [hivemq-test-hivemq-platform] [hivemq-platform-operator] [33bf9b7a] 04:01:13.555 [ReconcilerExecutor-hivemq-controller-110] DEBUG c.h.p.o.HiveMQPlatformReconciler - [helmmqtt] Custom Resource Status STARTING - HiveMQ Platform is starting (READY)
2025-01-30 04:01:13,561 INFO c.h.h.t.HelmChartContainer - [hivemq-test-hivemq-platform] [hivemq-platform-operator] [33bf9b7a] 04:01:13.555 [ReconcilerExecutor-hivemq-controller-110] DEBUG c.h.p.o.HiveMQPlatformReconciler - [helmmqtt] Custom Resource Spec (replicas: 1) (extensions: 1)
2025-01-30 04:01:13,561 INFO c.h.h.t.HelmChartContainer - [hivemq-test-hivemq-platform] [hivemq-platform-operator] [33bf9b7a] 04:01:13.557 [ReconcilerExecutor-hivemq-controller-110] DEBUG c.h.p.o.HiveMQPlatformReconciler - [helmmqtt] StatefulSet Status (revision: test-hivemq-platform-6c4dd86f88, replicas: 1, available: 0, ready: 0, current: 1, updated: 1)
2025-01-30 04:01:13,561 INFO c.h.h.t.HelmChartContainer - [hivemq-test-hivemq-platform] [hivemq-platform-operator] [33bf9b7a] 04:01:13.558 [ReconcilerExecutor-hivemq-controller-110] DEBUG c.h.p.o.HiveMQPlatformReconciler - [helmmqtt] StatefulSet Spec (replicas: 1, init containers: 1, containers: 1, volumes: 3)
2025-01-30 04:01:13,562 INFO c.h.h.t.HelmChartContainer - [EVENT] Warning [Unhealthy] Readiness probe failed: HTTP probe failed with statuscode: 503 [helmmqttit:test-hivemq-platform-0]
2025-01-30 04:01:13,562 INFO c.h.h.t.HelmChartContainer - Received Unhealthy event for container hivemq in pod test-hivemq-platform-0 [50428da3-bdd4-428b-9c80-d4d29951dea7]
2025-01-30 04:01:13,563 INFO c.h.h.t.HelmChartContainer - [hivemq-test-hivemq-platform] [hivemq-platform-operator] [33bf9b7a] 04:01:13.561 [ReconcilerExecutor-hivemq-controller-110] DEBUG c.h.p.o.h.HiveMQPlatformReconcilerErrorHandler - [helmmqtt] Pod 'test-hivemq-platform-0' phase Running
2025-01-30 04:01:13,566 INFO c.h.h.t.HelmChartContainer - [hivemq-test-hivemq-platform] [hivemq-platform-operator] [33bf9b7a] 04:01:13.565 [ReconcilerExecutor-hivemq-controller-110] INFO  c.h.p.o.h.HiveMQPlatformReconcilerBaseHandler - [helmmqtt] HiveMQ Platform is starting, 0 of 1 replicas are ready
2025-01-30 04:01:18,483 INFO c.h.h.t.HelmChartContainer - [test-hivemq-platform] [hivemq] [50428da3] WARN  - [HiveMQ Platform Operator Init App 1.7.0-SNAPSHOT] Cannot connect to Health API for readiness: null
2025-01-30 04:01:18,541 INFO c.h.h.t.HelmChartContainer - [EVENT] Warning [Unhealthy] Readiness probe failed: HTTP probe failed with statuscode: 503 [helmmqttit:test-hivemq-platform-0]
2025-01-30 04:01:18,541 INFO c.h.h.t.HelmChartContainer - Received Unhealthy event for container hivemq in pod test-hivemq-platform-0 [50428da3-bdd4-428b-9c80-d4d29951dea7]
2025-01-30 04:01:23,542 INFO c.h.h.t.HelmChartContainer - [test-hivemq-platform] [hivemq] [50428da3] WARN  - [HiveMQ Platform Operator Init App 1.7.0-SNAPSHOT] Cannot connect to Health API for readiness: null
2025-01-30 04:01:23,548 INFO c.h.h.t.HelmChartContainer - [EVENT] Warning [Unhealthy] Readiness probe failed: HTTP probe failed with statuscode: 503 [helmmqttit:test-hivemq-platform-0]
2025-01-30 04:01:23,548 INFO c.h.h.t.HelmChartContainer - Received Unhealthy event for container hivemq in pod test-hivemq-platform-0 [50428da3-bdd4-428b-9c80-d4d29951dea7]
2025-01-30 04:01:23,574 INFO c.h.h.t.HelmChartContainer - [hivemq-test-hivemq-platform] [hivemq-platform-operator] [33bf9b7a] 04:01:23.571 [pool-6-thread-25] DEBUG c.h.p.o.d.PlatformServiceResource - [helmmqtt] Desired Platform services (4 services)
2025-01-30 04:01:23,575 INFO c.h.h.t.HelmChartContainer - [hivemq-test-hivemq-platform] [hivemq-platform-operator] [33bf9b7a] 04:01:23.571 [pool-6-thread-26] DEBUG c.h.p.o.dependants.PodInfoConfigMap - [helmmqtt] Desired PodInfo ConfigMap (1 extensions) (1 enabled)
2025-01-30 04:01:23,575 INFO c.h.h.t.HelmChartContainer - [hivemq-test-hivemq-platform] [hivemq-platform-operator] [33bf9b7a] 04:01:23.571 [pool-6-thread-26] DEBUG c.h.p.o.dependants.PodInfoConfigMap - [helmmqtt] Desired PodInfo ConfigMap (metrics port: 9399) (metrics path: /)
2025-01-30 04:01:23,575 INFO c.h.h.t.HelmChartContainer - [hivemq-test-hivemq-platform] [hivemq-platform-operator] [33bf9b7a] 04:01:23.571 [pool-6-thread-26] DEBUG c.h.p.o.dependants.PodInfoConfigMap - [helmmqtt] Desired PodInfo ConfigMap (extension state hash: -1817474005)
2025-01-30 04:01:23,576 INFO c.h.h.t.HelmChartContainer - [hivemq-test-hivemq-platform] [hivemq-platform-operator] [33bf9b7a] 04:01:23.575 [pool-6-thread-27] DEBUG c.h.p.o.d.PodServiceAccountResource - [helmmqtt] Desired PodServiceAccountResource (serviceAccountName: hivemq-platform-pod-test-hivemq-platform)
2025-01-30 04:01:23,578 INFO c.h.h.t.HelmChartContainer - [hivemq-test-hivemq-platform] [hivemq-platform-operator] [33bf9b7a] 04:01:23.578 [pool-6-thread-25] DEBUG c.h.p.o.d.StatefulSetResource - [helmmqtt] Desired StatefulSet (1 replicas) for status STARTING (READY)
2025-01-30 04:01:23,586 INFO c.h.h.t.HelmChartContainer - [hivemq-test-hivemq-platform] [hivemq-platform-operator] [33bf9b7a] 04:01:23.586 [ReconcilerExecutor-hivemq-controller-111] INFO  c.h.p.o.HiveMQPlatformReconciler - [helmmqtt] Reconciling HiveMQ Platform 'test-hivemq-platform' in namespace 'helmmqttit'
2025-01-30 04:01:23,587 INFO c.h.h.t.HelmChartContainer - [hivemq-test-hivemq-platform] [hivemq-platform-operator] [33bf9b7a] 04:01:23.586 [ReconcilerExecutor-hivemq-controller-111] DEBUG c.h.p.o.HiveMQPlatformReconciler - [helmmqtt] Custom Resource Status STARTING - HiveMQ Platform is starting (READY)
2025-01-30 04:01:23,588 INFO c.h.h.t.HelmChartContainer - [hivemq-test-hivemq-platform] [hivemq-platform-operator] [33bf9b7a] 04:01:23.586 [ReconcilerExecutor-hivemq-controller-111] DEBUG c.h.p.o.HiveMQPlatformReconciler - [helmmqtt] Custom Resource Spec (replicas: 1) (extensions: 1)
2025-01-30 04:01:23,648 INFO c.h.h.t.HelmChartContainer - [hivemq-test-hivemq-platform] [hivemq-platform-operator] [33bf9b7a] 04:01:23.644 [ReconcilerExecutor-hivemq-controller-111] DEBUG c.h.p.o.HiveMQPlatformReconciler - [helmmqtt] StatefulSet Status (revision: test-hivemq-platform-6c4dd86f88, replicas: 1, available: 0, ready: 0, current: 1, updated: 1)
2025-01-30 04:01:23,649 INFO c.h.h.t.HelmChartContainer - [hivemq-test-hivemq-platform] [hivemq-platform-operator] [33bf9b7a] 04:01:23.644 [ReconcilerExecutor-hivemq-controller-111] DEBUG c.h.p.o.HiveMQPlatformReconciler - [helmmqtt] StatefulSet Spec (replicas: 1, init containers: 1, containers: 1, volumes: 3)
2025-01-30 04:01:23,652 INFO c.h.h.t.HelmChartContainer - [hivemq-test-hivemq-platform] [hivemq-platform-operator] [33bf9b7a] 04:01:23.646 [ReconcilerExecutor-hivemq-controller-111] DEBUG c.h.p.o.h.HiveMQPlatformReconcilerErrorHandler - [helmmqtt] Pod 'test-hivemq-platform-0' phase Running
2025-01-30 04:01:23,652 INFO c.h.h.t.HelmChartContainer - [hivemq-test-hivemq-platform] [hivemq-platform-operator] [33bf9b7a] 04:01:23.646 [ReconcilerExecutor-hivemq-controller-111] INFO  c.h.p.o.h.HiveMQPlatformReconcilerBaseHandler - [helmmqtt] HiveMQ Platform is starting, 0 of 1 replicas are ready
2025-01-30 04:01:24,742 INFO c.h.h.t.HelmChartContainer - [test-hivemq-platform] [hivemq] [50428da3] INFO  - No valid license file found. Using trial license, restricted to 25 connections.
2025-01-30 04:01:26,848 INFO c.h.h.t.HelmChartContainer - [test-hivemq-platform] [hivemq] [50428da3] WARN  - [HiveMQ Platform Operator Init App 1.7.0-SNAPSHOT] Cannot connect to Health API for liveness: null
2025-01-30 04:01:26,848 INFO c.h.h.t.HelmChartContainer - [test-hivemq-platform] [hivemq] [50428da3] INFO  - [HiveMQ Platform Operator Init App 1.7.0-SNAPSHOT] Returning default Health API response 200 for liveness
2025-01-30 04:01:28,480 INFO c.h.h.t.HelmChartContainer - [test-hivemq-platform] [hivemq] [50428da3] WARN  - [HiveMQ Platform Operator Init App 1.7.0-SNAPSHOT] Cannot connect to Health API for readiness: null
2025-01-30 04:01:28,484 INFO c.h.h.t.HelmChartContainer - [EVENT] Warning [Unhealthy] Readiness probe failed: HTTP probe failed with statuscode: 503 [helmmqttit:test-hivemq-platform-0]
2025-01-30 04:01:28,484 INFO c.h.h.t.HelmChartContainer - Received Unhealthy event for container hivemq in pod test-hivemq-platform-0 [50428da3-bdd4-428b-9c80-d4d29951dea7]
2025-01-30 04:01:28,542 INFO c.h.h.t.HelmChartContainer - [test-hivemq-platform] [hivemq] [50428da3] INFO  - No valid license file for Data Hub found. Using free license, restricted to 1 policy.
2025-01-30 04:01:29,762 INFO c.h.h.t.HelmChartContainer - [test-hivemq-platform] [hivemq] [50428da3] INFO  - Audit Logger started.
2025-01-30 04:01:29,976 INFO c.h.h.t.HelmChartContainer - [test-hivemq-platform] [hivemq] [50428da3] INFO  - This node uses '1' CPU cores.
2025-01-30 04:01:29,981 INFO c.h.h.t.HelmChartContainer - [test-hivemq-platform] [hivemq] [50428da3] INFO  - Starting HiveMQ Health API on address 0.0.0.0 and port 8889
2025-01-30 04:01:30,750 INFO c.h.h.t.HelmChartContainer - [test-hivemq-platform] [hivemq] [50428da3] INFO  - Started HiveMQ Health API in 768ms
2025-01-30 04:01:31,255 INFO c.h.h.t.HelmChartContainer - [test-hivemq-platform] [hivemq] [50428da3] INFO  - Starting HiveMQ extension system.
2025-01-30 04:01:31,545 INFO c.h.h.t.HelmChartContainer - [test-hivemq-platform] [hivemq] [50428da3] INFO  - Starting extension with id "hivemq-dns-cluster-discovery" at /opt/hivemq/extensions/hivemq-dns-cluster-discovery
2025-01-30 04:01:31,981 INFO c.h.h.t.HelmChartContainer - [test-hivemq-platform] [hivemq] [50428da3] INFO  - Extension "DNS Cluster Discovery Extension" version 4.3.2 started successfully.
2025-01-30 04:01:31,981 INFO c.h.h.t.HelmChartContainer - [test-hivemq-platform] [hivemq] [50428da3] INFO  - Starting extension with id "hivemq-prometheus-extension" at /opt/hivemq/extensions/hivemq-prometheus-extension
2025-01-30 04:01:31,983 INFO c.h.h.t.HelmChartContainer - [test-hivemq-platform] [hivemq] [50428da3] INFO  - Using TCP cluster transport on address 10.42.0.6 and port 7000
2025-01-30 04:01:32,050 INFO c.h.h.t.HelmChartContainer - [test-hivemq-platform] [hivemq] [50428da3] INFO  - Using extension cluster discovery
2025-01-30 04:01:32,954 INFO c.h.h.t.HelmChartContainer - [test-hivemq-platform] [hivemq] [50428da3] INFO  - Started Jetty Server exposing Prometheus Servlet on URI http://0.0.0.0:9399/
2025-01-30 04:01:32,954 INFO c.h.h.t.HelmChartContainer - [test-hivemq-platform] [hivemq] [50428da3] INFO  - Extension "Prometheus Monitoring Extension" version 4.0.12 started successfully.
2025-01-30 04:01:32,954 INFO c.h.h.t.HelmChartContainer - [test-hivemq-platform] [hivemq] [50428da3] INFO  - Starting extension with id "hivemq-allow-all-extension" at /opt/hivemq/extensions/hivemq-allow-all-extension
2025-01-30 04:01:32,954 INFO c.h.h.t.HelmChartContainer - [test-hivemq-platform] [hivemq] [50428da3] WARN  - 
2025-01-30 04:01:32,954 INFO c.h.h.t.HelmChartContainer - [test-hivemq-platform] [hivemq] [50428da3] ################################################################################################################
2025-01-30 04:01:32,954 INFO c.h.h.t.HelmChartContainer - [test-hivemq-platform] [hivemq] [50428da3] # This HiveMQ deployment is not secure! You are lacking Authentication and Authorization.                      #
2025-01-30 04:01:32,954 INFO c.h.h.t.HelmChartContainer - [test-hivemq-platform] [hivemq] [50428da3] # Right now any MQTT client can connect to the broker with a full set of permissions.                          #
2025-01-30 04:01:32,954 INFO c.h.h.t.HelmChartContainer - [test-hivemq-platform] [hivemq] [50428da3] # For production usage, add an appropriate security extension and remove the hivemq-allow-all extension.       #
2025-01-30 04:01:32,954 INFO c.h.h.t.HelmChartContainer - [test-hivemq-platform] [hivemq] [50428da3] # You can download security extensions from the HiveMQ Marketplace (https://www.hivemq.com/extensions/).       #
2025-01-30 04:01:32,955 INFO c.h.h.t.HelmChartContainer - [test-hivemq-platform] [hivemq] [50428da3] ################################################################################################################
2025-01-30 04:01:32,980 INFO c.h.h.t.HelmChartContainer - [test-hivemq-platform] [hivemq] [50428da3] INFO  - Extension "Allow All Extension" version 1.1.1 started successfully.
2025-01-30 04:01:33,657 INFO c.h.h.t.HelmChartContainer - [hivemq-test-hivemq-platform] [hivemq-platform-operator] [33bf9b7a] 04:01:33.652 [pool-6-thread-35] DEBUG c.h.p.o.d.PlatformServiceResource - [helmmqtt] Desired Platform services (4 services)
2025-01-30 04:01:33,659 INFO c.h.h.t.HelmChartContainer - [hivemq-test-hivemq-platform] [hivemq-platform-operator] [33bf9b7a] 04:01:33.655 [pool-6-thread-37] DEBUG c.h.p.o.dependants.PodInfoConfigMap - [helmmqtt] Desired PodInfo ConfigMap (1 extensions) (1 enabled)
2025-01-30 04:01:33,659 INFO c.h.h.t.HelmChartContainer - [hivemq-test-hivemq-platform] [hivemq-platform-operator] [33bf9b7a] 04:01:33.655 [pool-6-thread-37] DEBUG c.h.p.o.dependants.PodInfoConfigMap - [helmmqtt] Desired PodInfo ConfigMap (metrics port: 9399) (metrics path: /)
2025-01-30 04:01:33,659 INFO c.h.h.t.HelmChartContainer - [hivemq-test-hivemq-platform] [hivemq-platform-operator] [33bf9b7a] 04:01:33.655 [pool-6-thread-37] DEBUG c.h.p.o.dependants.PodInfoConfigMap - [helmmqtt] Desired PodInfo ConfigMap (extension state hash: -1817474005)
2025-01-30 04:01:33,660 INFO c.h.h.t.HelmChartContainer - [hivemq-test-hivemq-platform] [hivemq-platform-operator] [33bf9b7a] 04:01:33.659 [pool-6-thread-38] DEBUG c.h.p.o.d.PodServiceAccountResource - [helmmqtt] Desired PodServiceAccountResource (serviceAccountName: hivemq-platform-pod-test-hivemq-platform)
2025-01-30 04:01:33,664 INFO c.h.h.t.HelmChartContainer - [hivemq-test-hivemq-platform] [hivemq-platform-operator] [33bf9b7a] 04:01:33.663 [pool-6-thread-35] DEBUG c.h.p.o.d.StatefulSetResource - [helmmqtt] Desired StatefulSet (1 replicas) for status STARTING (READY)
2025-01-30 04:01:33,668 INFO c.h.h.t.HelmChartContainer - [hivemq-test-hivemq-platform] [hivemq-platform-operator] [33bf9b7a] 04:01:33.667 [ReconcilerExecutor-hivemq-controller-112] INFO  c.h.p.o.HiveMQPlatformReconciler - [helmmqtt] Reconciling HiveMQ Platform 'test-hivemq-platform' in namespace 'helmmqttit'
2025-01-30 04:01:33,668 INFO c.h.h.t.HelmChartContainer - [hivemq-test-hivemq-platform] [hivemq-platform-operator] [33bf9b7a] 04:01:33.668 [ReconcilerExecutor-hivemq-controller-112] DEBUG c.h.p.o.HiveMQPlatformReconciler - [helmmqtt] Custom Resource Status STARTING - HiveMQ Platform is starting (READY)
2025-01-30 04:01:33,668 INFO c.h.h.t.HelmChartContainer - [hivemq-test-hivemq-platform] [hivemq-platform-operator] [33bf9b7a] 04:01:33.668 [ReconcilerExecutor-hivemq-controller-112] DEBUG c.h.p.o.HiveMQPlatformReconciler - [helmmqtt] Custom Resource Spec (replicas: 1) (extensions: 1)
2025-01-30 04:01:33,670 INFO c.h.h.t.HelmChartContainer - [hivemq-test-hivemq-platform] [hivemq-platform-operator] [33bf9b7a] 04:01:33.670 [ReconcilerExecutor-hivemq-controller-112] DEBUG c.h.p.o.HiveMQPlatformReconciler - [helmmqtt] StatefulSet Status (revision: test-hivemq-platform-6c4dd86f88, replicas: 1, available: 0, ready: 0, current: 1, updated: 1)
2025-01-30 04:01:33,671 INFO c.h.h.t.HelmChartContainer - [hivemq-test-hivemq-platform] [hivemq-platform-operator] [33bf9b7a] 04:01:33.670 [ReconcilerExecutor-hivemq-controller-112] DEBUG c.h.p.o.HiveMQPlatformReconciler - [helmmqtt] StatefulSet Spec (replicas: 1, init containers: 1, containers: 1, volumes: 3)
2025-01-30 04:01:33,672 INFO c.h.h.t.HelmChartContainer - [hivemq-test-hivemq-platform] [hivemq-platform-operator] [33bf9b7a] 04:01:33.671 [ReconcilerExecutor-hivemq-controller-112] DEBUG c.h.p.o.h.HiveMQPlatformReconcilerErrorHandler - [helmmqtt] Pod 'test-hivemq-platform-0' phase Running
2025-01-30 04:01:33,673 INFO c.h.h.t.HelmChartContainer - [hivemq-test-hivemq-platform] [hivemq-platform-operator] [33bf9b7a] 04:01:33.672 [ReconcilerExecutor-hivemq-controller-112] INFO  c.h.p.o.h.HiveMQPlatformReconcilerBaseHandler - [helmmqtt] HiveMQ Platform is starting, 0 of 1 replicas are ready
2025-01-30 04:01:34,042 INFO c.h.h.t.HelmChartContainer - [test-hivemq-platform] [hivemq] [50428da3] INFO  - [HiveMQ Platform Operator Init App 1.7.0-SNAPSHOT] Returning Health API response 503 for readiness
2025-01-30 04:01:34,046 INFO c.h.h.t.HelmChartContainer - [EVENT] Warning [Unhealthy] Readiness probe failed: HTTP probe failed with statuscode: 503 [helmmqttit:test-hivemq-platform-0]
2025-01-30 04:01:34,046 INFO c.h.h.t.HelmChartContainer - Received Unhealthy event for container hivemq in pod test-hivemq-platform-0 [50428da3-bdd4-428b-9c80-d4d29951dea7]
2025-01-30 04:01:35,048 INFO c.h.h.t.HelmChartContainer - [test-hivemq-platform] [hivemq] [50428da3] INFO  - Zg2X0: no members discovered after 2406 ms: creating cluster as first member
2025-01-30 04:01:35,054 INFO c.h.h.t.HelmChartContainer - [test-hivemq-platform] [hivemq] [50428da3] INFO  - Cluster nodes found by discovery: [Zg2X0|0] (1) [Zg2X0].
2025-01-30 04:01:35,072 INFO c.h.h.t.HelmChartContainer - [test-hivemq-platform] [hivemq] [50428da3] INFO  - Starting HiveMQ REST API on address 0.0.0.0 and port 8890
2025-01-30 04:01:35,641 INFO c.h.h.t.HelmChartContainer - [test-hivemq-platform] [hivemq] [50428da3] INFO  - Started HiveMQ REST API in 568ms
2025-01-30 04:01:35,642 INFO c.h.h.t.HelmChartContainer - [test-hivemq-platform] [hivemq] [50428da3] WARN  - No user for HiveMQ Control Center configured. Starting with default user
2025-01-30 04:01:35,642 INFO c.h.h.t.HelmChartContainer - [test-hivemq-platform] [hivemq] [50428da3] INFO  - Starting HiveMQ Control Center on address 0.0.0.0 and port 8081
2025-01-30 04:01:35,645 INFO c.h.h.t.HelmChartContainer - [test-hivemq-platform] [hivemq] [50428da3] INFO  - Mounting HiveMQ Control Center V2 Preview
2025-01-30 04:01:36,154 INFO c.h.h.t.HelmChartContainer - [test-hivemq-platform] [hivemq] [50428da3] INFO  - Started HiveMQ Control Center in 512ms
2025-01-30 04:01:36,247 INFO c.h.h.t.HelmChartContainer - [test-hivemq-platform] [hivemq] [50428da3] INFO  - Starting TCP listener on address 0.0.0.0 and port 1883
2025-01-30 04:01:36,263 INFO c.h.h.t.HelmChartContainer - [test-hivemq-platform] [hivemq] [50428da3] INFO  - Started TCP Listener on address 0.0.0.0 and on port 1883.
2025-01-30 04:01:36,263 INFO c.h.h.t.HelmChartContainer - [test-hivemq-platform] [hivemq] [50428da3] INFO  - Started HiveMQ in 31105ms
2025-01-30 04:01:38,463 INFO c.h.h.t.HelmChartContainer - [test-hivemq-platform] [hivemq] [50428da3] INFO  - [HiveMQ Platform Operator Init App 1.7.0-SNAPSHOT] Returning Health API response 200 for readiness
2025-01-30 04:01:38,491 INFO c.h.h.t.HelmChartContainer - [hivemq-test-hivemq-platform] [hivemq-platform-operator] [33bf9b7a] 04:01:38.484 [pool-6-thread-46] DEBUG c.h.p.o.d.PlatformServiceResource - [helmmqtt] Desired Platform services (4 services)
2025-01-30 04:01:38,491 INFO c.h.h.t.HelmChartContainer - [hivemq-test-hivemq-platform] [hivemq-platform-operator] [33bf9b7a] 04:01:38.485 [pool-6-thread-42] DEBUG c.h.p.o.dependants.PodInfoConfigMap - [helmmqtt] Desired PodInfo ConfigMap (1 extensions) (1 enabled)
2025-01-30 04:01:38,491 INFO c.h.h.t.HelmChartContainer - [hivemq-test-hivemq-platform] [hivemq-platform-operator] [33bf9b7a] 04:01:38.485 [pool-6-thread-42] DEBUG c.h.p.o.dependants.PodInfoConfigMap - [helmmqtt] Desired PodInfo ConfigMap (metrics port: 9399) (metrics path: /)
2025-01-30 04:01:38,491 INFO c.h.h.t.HelmChartContainer - [hivemq-test-hivemq-platform] [hivemq-platform-operator] [33bf9b7a] 04:01:38.485 [pool-6-thread-42] DEBUG c.h.p.o.dependants.PodInfoConfigMap - [helmmqtt] Desired PodInfo ConfigMap (extension state hash: -1817474005)
2025-01-30 04:01:38,493 INFO c.h.h.t.HelmChartContainer - [POD] test-hivemq-platform-0 [50428da3-bdd4-428b-9c80-d4d29951dea7] in helmmqttit was MODIFIED
2025-01-30 04:01:38,509 INFO c.h.h.t.HelmChartContainer - [hivemq-test-hivemq-platform] [hivemq-platform-operator] [33bf9b7a] 04:01:38.494 [pool-6-thread-42] DEBUG c.h.p.o.d.PodServiceAccountResource - [helmmqtt] Desired PodServiceAccountResource (serviceAccountName: hivemq-platform-pod-test-hivemq-platform)
2025-01-30 04:01:38,555 INFO c.h.h.t.HelmChartContainer - [hivemq-test-hivemq-platform] [hivemq-platform-operator] [33bf9b7a] 04:01:38.552 [pool-6-thread-46] DEBUG c.h.p.o.d.StatefulSetResource - [helmmqtt] Desired StatefulSet (1 replicas) for status STARTING (READY)
2025-01-30 04:01:38,558 INFO c.h.h.t.HelmChartContainer - [hivemq-test-hivemq-platform] [hivemq-platform-operator] [33bf9b7a] 04:01:38.557 [ReconcilerExecutor-hivemq-controller-113] INFO  c.h.p.o.HiveMQPlatformReconciler - [helmmqtt] Reconciling HiveMQ Platform 'test-hivemq-platform' in namespace 'helmmqttit'
2025-01-30 04:01:38,558 INFO c.h.h.t.HelmChartContainer - [hivemq-test-hivemq-platform] [hivemq-platform-operator] [33bf9b7a] 04:01:38.557 [ReconcilerExecutor-hivemq-controller-113] DEBUG c.h.p.o.HiveMQPlatformReconciler - [helmmqtt] Custom Resource Status STARTING - HiveMQ Platform is starting (READY)
2025-01-30 04:01:38,558 INFO c.h.h.t.HelmChartContainer - [hivemq-test-hivemq-platform] [hivemq-platform-operator] [33bf9b7a] 04:01:38.557 [ReconcilerExecutor-hivemq-controller-113] DEBUG c.h.p.o.HiveMQPlatformReconciler - [helmmqtt] Custom Resource Spec (replicas: 1) (extensions: 1)
2025-01-30 04:01:38,560 INFO c.h.h.t.HelmChartContainer - [hivemq-test-hivemq-platform] [hivemq-platform-operator] [33bf9b7a] 04:01:38.559 [ReconcilerExecutor-hivemq-controller-113] DEBUG c.h.p.o.HiveMQPlatformReconciler - [helmmqtt] StatefulSet Status (revision: test-hivemq-platform-6c4dd86f88, replicas: 1, available: 1, ready: 1, current: 1, updated: 1)
2025-01-30 04:01:38,562 INFO c.h.h.t.HelmChartContainer - [hivemq-test-hivemq-platform] [hivemq-platform-operator] [33bf9b7a] 04:01:38.559 [ReconcilerExecutor-hivemq-controller-113] DEBUG c.h.p.o.HiveMQPlatformReconciler - [helmmqtt] StatefulSet Spec (replicas: 1, init containers: 1, containers: 1, volumes: 3)
2025-01-30 04:01:38,562 INFO c.h.h.t.HelmChartContainer - [hivemq-test-hivemq-platform] [hivemq-platform-operator] [33bf9b7a] 04:01:38.561 [ReconcilerExecutor-hivemq-controller-113] DEBUG c.h.p.o.h.HiveMQPlatformReconcilerErrorHandler - [helmmqtt] Pod 'test-hivemq-platform-0' phase Running
2025-01-30 04:01:38,597 INFO c.h.h.t.HelmChartContainer - [hivemq-test-hivemq-platform] [hivemq-platform-operator] [33bf9b7a] 04:01:38.596 [ReconcilerExecutor-hivemq-controller-113] INFO  c.h.p.o.h.HiveMQPlatformReconcilerBaseHandler - [helmmqtt] HiveMQ Platform started successfully
2025-01-30 04:01:38,661 INFO c.h.h.t.HelmChartContainer - [hivemq-test-hivemq-platform] [hivemq-platform-operator] [33bf9b7a] 04:01:38.660 [ReconcilerExecutor-hivemq-controller-113] DEBUG c.h.p.operator.event.EventSender - [helmmqtt] Creating K8s event hivemq-platform-ready: [Ready] HiveMQ Platform is ready
2025-01-30 04:01:38,664 INFO c.h.h.t.HelmChartContainer - [EVENT] Normal [Ready] HiveMQ Platform is ready [helmmqttit:test-hivemq-platform]
2025-01-30 04:01:38,665 INFO c.h.h.t.HelmChartContainer - [hivemq-test-hivemq-platform] [hivemq-platform-operator] [33bf9b7a] 04:01:38.664 [ReconcilerExecutor-hivemq-controller-113] INFO  c.h.p.o.h.AbstractHiveMQReconcilerStateHandler - [helmmqtt] Update HiveMQ Platform Status (STARTING [READY] -> RUNNING [READY]): HiveMQ Platform is ready
2025-01-30 04:01:38,671 DEBUG com.hivemq.helmcharts.util.K8sUtil - Comparing actual state 'RUNNING' and waiting for 'RUNNING'
2025-01-30 04:01:38,751 INFO c.h.h.t.HelmChartContainer - [hivemq-test-hivemq-platform] [hivemq-platform-operator] [33bf9b7a] 04:01:38.748 [pool-6-thread-1] DEBUG c.h.p.o.d.PlatformServiceResource - [helmmqtt] Desired Platform services (4 services)
2025-01-30 04:01:38,751 INFO c.h.h.t.HelmChartContainer - [hivemq-test-hivemq-platform] [hivemq-platform-operator] [33bf9b7a] 04:01:38.749 [pool-6-thread-4] DEBUG c.h.p.o.dependants.PodInfoConfigMap - [helmmqtt] Desired PodInfo ConfigMap (1 extensions) (1 enabled)
2025-01-30 04:01:38,751 INFO c.h.h.t.HelmChartContainer - [hivemq-test-hivemq-platform] [hivemq-platform-operator] [33bf9b7a] 04:01:38.749 [pool-6-thread-4] DEBUG c.h.p.o.dependants.PodInfoConfigMap - [helmmqtt] Desired PodInfo ConfigMap (metrics port: 9399) (metrics path: /)
2025-01-30 04:01:38,752 INFO c.h.h.t.HelmChartContainer - [hivemq-test-hivemq-platform] [hivemq-platform-operator] [33bf9b7a] 04:01:38.749 [pool-6-thread-4] DEBUG c.h.p.o.dependants.PodInfoConfigMap - [helmmqtt] Desired PodInfo ConfigMap (extension state hash: -1817474005)
2025-01-30 04:01:38,752 INFO c.h.h.t.HelmChartContainer - [hivemq-test-hivemq-platform] [hivemq-platform-operator] [33bf9b7a] 04:01:38.749 [pool-6-thread-4] DEBUG c.h.p.o.dependants.PodInfoConfigMap - [helmmqtt] Update PodInfo ConfigMap
2025-01-30 04:01:38,752 INFO c.h.h.t.HelmChartContainer - [hivemq-test-hivemq-platform] [hivemq-platform-operator] [33bf9b7a] 04:01:38.749 [pool-6-thread-6] DEBUG c.h.p.o.d.PodServiceAccountResource - [helmmqtt] Desired PodServiceAccountResource (serviceAccountName: hivemq-platform-pod-test-hivemq-platform)
2025-01-30 04:01:38,761 INFO c.h.h.t.HelmChartContainer - [hivemq-test-hivemq-platform] [hivemq-platform-operator] [33bf9b7a] 04:01:38.760 [pool-6-thread-4] DEBUG c.h.p.o.d.StatefulSetResource - [helmmqtt] Desired StatefulSet (1 replicas) for status RUNNING (READY)
2025-01-30 04:01:38,764 INFO c.h.h.t.HelmChartContainer - [hivemq-test-hivemq-platform] [hivemq-platform-operator] [33bf9b7a] 04:01:38.763 [ReconcilerExecutor-hivemq-controller-114] INFO  c.h.p.o.HiveMQPlatformReconciler - [helmmqtt] Reconciling HiveMQ Platform 'test-hivemq-platform' in namespace 'helmmqttit'
2025-01-30 04:01:38,764 INFO c.h.h.t.HelmChartContainer - [hivemq-test-hivemq-platform] [hivemq-platform-operator] [33bf9b7a] 04:01:38.763 [ReconcilerExecutor-hivemq-controller-114] DEBUG c.h.p.o.HiveMQPlatformReconciler - [helmmqtt] Custom Resource Status RUNNING - HiveMQ Platform is ready (READY)
2025-01-30 04:01:38,764 INFO c.h.h.t.HelmChartContainer - [hivemq-test-hivemq-platform] [hivemq-platform-operator] [33bf9b7a] 04:01:38.763 [ReconcilerExecutor-hivemq-controller-114] DEBUG c.h.p.o.HiveMQPlatformReconciler - [helmmqtt] Custom Resource Spec (replicas: 1) (extensions: 1)
2025-01-30 04:01:38,845 INFO c.h.h.t.HelmChartContainer - [hivemq-test-hivemq-platform] [hivemq-platform-operator] [33bf9b7a] 04:01:38.844 [ReconcilerExecutor-hivemq-controller-114] DEBUG c.h.p.o.HiveMQPlatformReconciler - [helmmqtt] StatefulSet Status (revision: test-hivemq-platform-6c4dd86f88, replicas: 1, available: 1, ready: 1, current: 1, updated: 1)
2025-01-30 04:01:38,845 INFO c.h.h.t.HelmChartContainer - [hivemq-test-hivemq-platform] [hivemq-platform-operator] [33bf9b7a] 04:01:38.844 [ReconcilerExecutor-hivemq-controller-114] DEBUG c.h.p.o.HiveMQPlatformReconciler - [helmmqtt] StatefulSet Spec (replicas: 1, init containers: 1, containers: 1, volumes: 3)
2025-01-30 04:01:38,847 INFO c.h.h.t.HelmChartContainer - [hivemq-test-hivemq-platform] [hivemq-platform-operator] [33bf9b7a] 04:01:38.845 [ReconcilerExecutor-hivemq-controller-114] DEBUG c.h.p.o.h.HiveMQPlatformReconcilerErrorHandler - [helmmqtt] Pod 'test-hivemq-platform-0' phase Running
2025-01-30 04:01:43,853 INFO c.h.h.t.HelmChartContainer - Uninstalling release 'test-hivemq-platform' in namespace 'helmmqttit'...
2025-01-30 04:01:43,853 DEBUG c.h.h.t.HelmChartContainer - Executing helm command: /bin/helm --kubeconfig /etc/rancher/k3s/k3s.yaml uninstall test-hivemq-platform  --wait --timeout 5m0s --cascade foreground --namespace helmmqttit
2025-01-30 04:01:44,050 INFO c.h.h.t.HelmChartContainer - [hivemq-test-hivemq-platform] [hivemq-platform-operator] [33bf9b7a] 04:01:44.044 [pool-6-thread-17] DEBUG c.h.p.o.d.PlatformServiceResource - [helmmqtt] Desired Platform services (4 services)
2025-01-30 04:01:44,051 INFO c.h.h.t.HelmChartContainer - [hivemq-test-hivemq-platform] [hivemq-platform-operator] [33bf9b7a] 04:01:44.047 [pool-6-thread-11] DEBUG c.h.p.o.d.PodServiceAccountResource - [helmmqtt] Desired PodServiceAccountResource (serviceAccountName: hivemq-platform-pod-test-hivemq-platform)
2025-01-30 04:01:44,098 INFO c.h.h.t.HelmChartContainer - [hivemq-test-hivemq-platform] [hivemq-platform-operator] [33bf9b7a] 04:01:44.096 [pool-6-thread-12] DEBUG c.h.p.o.d.PodRoleBindingResource - [helmmqtt] Create RoleBinding: RoleBinding(apiVersion=rbac.authorization.k8s.io/v1, kind=RoleBinding, metadata=ObjectMeta(annotations={meta.helm.sh/release-name=test-hivemq-platform, meta.helm.sh/release-namespace=helmmqttit}, creationTimestamp=null, deletionGracePeriodSeconds=null, deletionTimestamp=null, finalizers=[], generateName=null, generation=null, labels={helm.sh/chart=hivemq-platform-0.2.32, app.kubernetes.io/managed-by=Helm, app.kubernetes.io/name=hivemq-platform, hivemq-platform=test-hivemq-platform, app.kubernetes.io/instance=test-hivemq-platform, app.kubernetes.io/version=4.36.0}, managedFields=[], name=hivemq-platform-role-binding-test-hivemq-platform, namespace=helmmqttit, ownerReferences=[OwnerReference(apiVersion=hivemq.com/v1, blockOwnerDeletion=null, controller=null, kind=HiveMQPlatform, name=test-hivemq-platform, uid=0ad8fc3e-eac3-44be-ade8-3ced343f9b66, additionalProperties={})], resourceVersion=null, selfLink=null, uid=null, additionalProperties={}), roleRef=RoleRef(apiGroup=rbac.authorization.k8s.io, kind=Role, name=hivemq-platform-role-test-hivemq-platform, additionalProperties={}), subjects=[Subject(apiGroup=null, kind=ServiceAccount, name=hivemq-platform-pod-test-hivemq-platform, namespace=helmmqttit, additionalProperties={})], additionalProperties={})
2025-01-30 04:01:44,100 INFO c.h.h.t.HelmChartContainer - [hivemq-test-hivemq-platform] [hivemq-platform-operator] [33bf9b7a] 04:01:44.096 [pool-6-thread-18] DEBUG c.h.p.o.dependants.PodInfoConfigMap - [helmmqtt] Desired PodInfo ConfigMap (1 extensions) (1 enabled)
2025-01-30 04:01:44,100 INFO c.h.h.t.HelmChartContainer - [hivemq-test-hivemq-platform] [hivemq-platform-operator] [33bf9b7a] 04:01:44.097 [pool-6-thread-18] DEBUG c.h.p.o.dependants.PodInfoConfigMap - [helmmqtt] Desired PodInfo ConfigMap (metrics port: 9399) (metrics path: /)
2025-01-30 04:01:44,100 INFO c.h.h.t.HelmChartContainer - [hivemq-test-hivemq-platform] [hivemq-platform-operator] [33bf9b7a] 04:01:44.097 [pool-6-thread-18] DEBUG c.h.p.o.dependants.PodInfoConfigMap - [helmmqtt] Desired PodInfo ConfigMap (extension state hash: -1817474005)
2025-01-30 04:01:44,107 INFO c.h.h.t.HelmChartContainer - [hivemq-test-hivemq-platform] [hivemq-platform-operator] [33bf9b7a] 04:01:44.106 [pool-6-thread-13] DEBUG c.h.p.o.d.StatefulSetResource - [helmmqtt] Desired StatefulSet (1 replicas) for status RUNNING (READY)
2025-01-30 04:01:44,110 INFO c.h.h.t.HelmChartContainer - [hivemq-test-hivemq-platform] [hivemq-platform-operator] [33bf9b7a] 04:01:44.110 [pool-6-thread-13] DEBUG c.h.p.o.d.StatefulSetResource - [helmmqtt] Update StatefulSet (replicas: 1 -> 1)
2025-01-30 04:01:44,146 INFO c.h.h.t.HelmChartContainer - [hivemq-test-hivemq-platform] [hivemq-platform-operator] [33bf9b7a] 04:01:44.144 [pool-6-thread-13] DEBUG c.h.p.o.d.StatefulSetResource - [helmmqtt] Detected change in StatefulSet specification (path: /template/metadata/annotations/kubernetes-resource-versions) (actual value: {broker-configuration-v2=-382267829}) (target value: {broker-configuration-v2=0})
2025-01-30 04:01:44,146 INFO c.h.h.t.HelmChartContainer - [hivemq-test-hivemq-platform] [hivemq-platform-operator] [33bf9b7a] 04:01:44.144 [pool-6-thread-13] INFO  c.h.p.o.d.StatefulSetResource - [helmmqtt] StatefulSet spec was updated, triggering rolling restart
2025-01-30 04:01:44,306 INFO c.h.h.t.HelmChartContainer - [hivemq-test-hivemq-platform] [hivemq-platform-operator] [33bf9b7a] 04:01:44.301 [ReconcilerExecutor-hivemq-controller-115] ERROR i.j.o.p.event.EventProcessor - Error during event processing ExecutionScope{ resource id: ResourceID{name='test-hivemq-platform', namespace='helmmqttit'}, version: 610}
2025-01-30 04:01:44,306 INFO c.h.h.t.HelmChartContainer - [hivemq-test-hivemq-platform] [hivemq-platform-operator] [33bf9b7a] io.javaoperatorsdk.operator.OperatorException: io.javaoperatorsdk.operator.AggregatedOperatorException: Exception(s) during workflow execution. Details:
2025-01-30 04:01:44,306 INFO c.h.h.t.HelmChartContainer - [hivemq-test-hivemq-platform] [hivemq-platform-operator] [33bf9b7a]  - com.hivemq.platform.operator.dependants.PodRoleBindingResource -> io.fabric8.kubernetes.client.KubernetesClientException: Failure executing: PATCH at: https://10.43.0.1:443/apis/rbac.authorization.k8s.io/v1/namespaces/helmmqttit/rolebindings/hivemq-platform-role-binding-test-hivemq-platform?fieldManager=hivemq-controller&force=true. Message: rolebindings.rbac.authorization.k8s.io "hivemq-platform-role-test-hivemq-platform" not found. Received status: Status(apiVersion=v1, code=404, details=StatusDetails(causes=[], group=rbac.authorization.k8s.io, kind=rolebindings, name=hivemq-platform-role-test-hivemq-platform, retryAfterSeconds=null, uid=null, additionalProperties={}), kind=Status, message=rolebindings.rbac.authorization.k8s.io "hivemq-platform-role-test-hivemq-platform" not found, metadata=ListMeta(_continue=null, remainingItemCount=null, resourceVersion=null, selfLink=null, additionalProperties={}), reason=NotFound, status=Failure, additionalProperties={}).
2025-01-30 04:01:44,306 INFO c.h.h.t.HelmChartContainer - [hivemq-test-hivemq-platform] [hivemq-platform-operator] [33bf9b7a] 	at io.fabric8.kubernetes.client.KubernetesClientException.copyAsCause(KubernetesClientException.java:238)
2025-01-30 04:01:44,306 INFO c.h.h.t.HelmChartContainer - [hivemq-test-hivemq-platform] [hivemq-platform-operator] [33bf9b7a] 	at io.fabric8.kubernetes.client.dsl.internal.OperationSupport.waitForResult(OperationSupport.java:507)
2025-01-30 04:01:44,306 INFO c.h.h.t.HelmChartContainer - [hivemq-test-hivemq-platform] [hivemq-platform-operator] [33bf9b7a] 	at io.fabric8.kubernetes.client.dsl.internal.OperationSupport.handleResponse(OperationSupport.java:524)
2025-01-30 04:01:44,306 INFO c.h.h.t.HelmChartContainer - [hivemq-test-hivemq-platform] [hivemq-platform-operator] [33bf9b7a] 	at io.fabric8.kubernetes.client.dsl.internal.OperationSupport.handlePatch(OperationSupport.java:419)
2025-01-30 04:01:44,306 INFO c.h.h.t.HelmChartContainer - [hivemq-test-hivemq-platform] [hivemq-platform-operator] [33bf9b7a] 	at io.fabric8.kubernetes.client.dsl.internal.OperationSupport.handlePatch(OperationSupport.java:397)
2025-01-30 04:01:44,306 INFO c.h.h.t.HelmChartContainer - [hivemq-test-hivemq-platform] [hivemq-platform-operator] [33bf9b7a] 	at io.fabric8.kubernetes.client.dsl.internal.BaseOperation.handlePatch(BaseOperation.java:764)
2025-01-30 04:01:44,306 INFO c.h.h.t.HelmChartContainer - [hivemq-test-hivemq-platform] [hivemq-platform-operator] [33bf9b7a] 	at io.fabric8.kubernetes.client.dsl.internal.HasMetadataOperation.lambda$patch$2(HasMetadataOperation.java:231)
2025-01-30 04:01:44,306 INFO c.h.h.t.HelmChartContainer - [hivemq-test-hivemq-platform] [hivemq-platform-operator] [33bf9b7a] 	at io.fabric8.kubernetes.client.dsl.internal.HasMetadataOperation.patch(HasMetadataOperation.java:236)
2025-01-30 04:01:44,306 INFO c.h.h.t.HelmChartContainer - [hivemq-test-hivemq-platform] [hivemq-platform-operator] [33bf9b7a] 	at io.fabric8.kubernetes.client.dsl.internal.HasMetadataOperation.patch(HasMetadataOperation.java:251)
2025-01-30 04:01:44,306 INFO c.h.h.t.HelmChartContainer - [hivemq-test-hivemq-platform] [hivemq-platform-operator] [33bf9b7a] 	at io.fabric8.kubernetes.client.dsl.internal.BaseOperation.serverSideApply(BaseOperation.java:1179)
2025-01-30 04:01:44,306 INFO c.h.h.t.HelmChartContainer - [hivemq-test-hivemq-platform] [hivemq-platform-operator] [33bf9b7a] 	at io.fabric8.kubernetes.client.dsl.internal.BaseOperation.serverSideApply(BaseOperation.java:98)
2025-01-30 04:01:44,306 INFO c.h.h.t.HelmChartContainer - [hivemq-test-hivemq-platform] [hivemq-platform-operator] [33bf9b7a] 	at io.javaoperatorsdk.operator.processing.dependent.kubernetes.KubernetesDependentResource.create(KubernetesDependentResource.java:123)
2025-01-30 04:01:44,306 INFO c.h.h.t.HelmChartContainer - [hivemq-test-hivemq-platform] [hivemq-platform-operator] [33bf9b7a] 	at com.hivemq.platform.operator.dependants.PodRoleBindingResource.create(PodRoleBindingResource.java:55)
2025-01-30 04:01:44,306 INFO c.h.h.t.HelmChartContainer - [hivemq-test-hivemq-platform] [hivemq-platform-operator] [33bf9b7a] 	at com.hivemq.platform.operator.dependants.PodRoleBindingResource.create(PodRoleBindingResource.java:22)
2025-01-30 04:01:44,306 INFO c.h.h.t.HelmChartContainer - [hivemq-test-hivemq-platform] [hivemq-platform-operator] [33bf9b7a] 	at io.javaoperatorsdk.operator.processing.dependent.AbstractDependentResource.handleCreate(AbstractDependentResource.java:119)
2025-01-30 04:01:44,306 INFO c.h.h.t.HelmChartContainer - [hivemq-test-hivemq-platform] [hivemq-platform-operator] [33bf9b7a] 	at io.javaoperatorsdk.operator.processing.dependent.AbstractDependentResource.reconcile(AbstractDependentResource.java:62)
2025-01-30 04:01:44,306 INFO c.h.h.t.HelmChartContainer - [hivemq-test-hivemq-platform] [hivemq-platform-operator] [33bf9b7a] 	at io.javaoperatorsdk.operator.processing.dependent.SingleDependentResourceReconciler.reconcile(SingleDependentResourceReconciler.java:19)
2025-01-30 04:01:44,306 INFO c.h.h.t.HelmChartContainer - [hivemq-test-hivemq-platform] [hivemq-platform-operator] [33bf9b7a] 	at io.javaoperatorsdk.operator.processing.dependent.AbstractDependentResource.reconcile(AbstractDependentResource.java:52)
2025-01-30 04:01:44,306 INFO c.h.h.t.HelmChartContainer - [hivemq-test-hivemq-platform] [hivemq-platform-operator] [33bf9b7a] 	at com.hivemq.platform.operator.dependants.PodRoleBindingResource.reconcile(PodRoleBindingResource.java:46)
2025-01-30 04:01:44,306 INFO c.h.h.t.HelmChartContainer - [hivemq-test-hivemq-platform] [hivemq-platform-operator] [33bf9b7a] 	at com.hivemq.platform.operator.dependants.PodRoleBindingResource.reconcile(PodRoleBindingResource.java:22)
2025-01-30 04:01:44,306 INFO c.h.h.t.HelmChartContainer - [hivemq-test-hivemq-platform] [hivemq-platform-operator] [33bf9b7a] 	at io.javaoperatorsdk.operator.processing.dependent.workflow.WorkflowReconcileExecutor$NodeReconcileExecutor.doRun(WorkflowReconcileExecutor.java:123)
2025-01-30 04:01:44,306 INFO c.h.h.t.HelmChartContainer - [hivemq-test-hivemq-platform] [hivemq-platform-operator] [33bf9b7a] 	at io.javaoperatorsdk.operator.processing.dependent.workflow.NodeExecutor.run(NodeExecutor.java:22)
2025-01-30 04:01:44,306 INFO c.h.h.t.HelmChartContainer - [hivemq-test-hivemq-platform] [hivemq-platform-operator] [33bf9b7a] 	at java.base/java.util.concurrent.Executors$RunnableAdapter.call(Unknown Source)
2025-01-30 04:01:44,307 INFO c.h.h.t.HelmChartContainer - [hivemq-test-hivemq-platform] [hivemq-platform-operator] [33bf9b7a] 	at java.base/java.util.concurrent.FutureTask.run(Unknown Source)
2025-01-30 04:01:44,307 INFO c.h.h.t.HelmChartContainer - [hivemq-test-hivemq-platform] [hivemq-platform-operator] [33bf9b7a] 	at java.base/java.util.concurrent.ThreadPoolExecutor.runWorker(Unknown Source)
2025-01-30 04:01:44,307 INFO c.h.h.t.HelmChartContainer - [hivemq-test-hivemq-platform] [hivemq-platform-operator] [33bf9b7a] 	at java.base/java.util.concurrent.ThreadPoolExecutor$Worker.run(Unknown Source)
2025-01-30 04:01:44,307 INFO c.h.h.t.HelmChartContainer - [hivemq-test-hivemq-platform] [hivemq-platform-operator] [33bf9b7a] 	at java.base/java.lang.Thread.run(Unknown Source)
2025-01-30 04:01:44,307 INFO c.h.h.t.HelmChartContainer - [hivemq-test-hivemq-platform] [hivemq-platform-operator] [33bf9b7a] Caused by: io.fabric8.kubernetes.client.KubernetesClientException: Failure executing: PATCH at: https://10.43.0.1:443/apis/rbac.authorization.k8s.io/v1/namespaces/helmmqttit/rolebindings/hivemq-platform-role-binding-test-hivemq-platform?fieldManager=hivemq-controller&force=true. Message: rolebindings.rbac.authorization.k8s.io "hivemq-platform-role-test-hivemq-platform" not found. Received status: Status(apiVersion=v1, code=404, details=StatusDetails(causes=[], group=rbac.authorization.k8s.io, kind=rolebindings, name=hivemq-platform-role-test-hivemq-platform, retryAfterSeconds=null, uid=null, additionalProperties={}), kind=Status, message=rolebindings.rbac.authorization.k8s.io "hivemq-platform-role-test-hivemq-platform" not found, metadata=ListMeta(_continue=null, remainingItemCount=null, resourceVersion=null, selfLink=null, additionalProperties={}), reason=NotFound, status=Failure, additionalProperties={}).
2025-01-30 04:01:44,307 INFO c.h.h.t.HelmChartContainer - [hivemq-test-hivemq-platform] [hivemq-platform-operator] [33bf9b7a] 	at io.fabric8.kubernetes.client.dsl.internal.OperationSupport.requestFailure(OperationSupport.java:660)
2025-01-30 04:01:44,307 INFO c.h.h.t.HelmChartContainer - [hivemq-test-hivemq-platform] [hivemq-platform-operator] [33bf9b7a] 	at io.fabric8.kubernetes.client.dsl.internal.OperationSupport.requestFailure(OperationSupport.java:640)
2025-01-30 04:01:44,307 INFO c.h.h.t.HelmChartContainer - [hivemq-test-hivemq-platform] [hivemq-platform-operator] [33bf9b7a] 	at io.fabric8.kubernetes.client.dsl.internal.OperationSupport.assertResponseCode(OperationSupport.java:589)
2025-01-30 04:01:44,307 INFO c.h.h.t.HelmChartContainer - [hivemq-test-hivemq-platform] [hivemq-platform-operator] [33bf9b7a] 	at io.fabric8.kubernetes.client.dsl.internal.OperationSupport.lambda$handleResponse$0(OperationSupport.java:549)
2025-01-30 04:01:44,307 INFO c.h.h.t.HelmChartContainer - [hivemq-test-hivemq-platform] [hivemq-platform-operator] [33bf9b7a] 	at java.base/java.util.concurrent.CompletableFuture$UniApply.tryFire(Unknown Source)
2025-01-30 04:01:44,307 INFO c.h.h.t.HelmChartContainer - [hivemq-test-hivemq-platform] [hivemq-platform-operator] [33bf9b7a] 	at java.base/java.util.concurrent.CompletableFuture.postComplete(Unknown Source)
2025-01-30 04:01:44,307 INFO c.h.h.t.HelmChartContainer - [hivemq-test-hivemq-platform] [hivemq-platform-operator] [33bf9b7a] 	at java.base/java.util.concurrent.CompletableFuture.complete(Unknown Source)
2025-01-30 04:01:44,307 INFO c.h.h.t.HelmChartContainer - [hivemq-test-hivemq-platform] [hivemq-platform-operator] [33bf9b7a] 	at io.fabric8.kubernetes.client.http.StandardHttpClient.lambda$completeOrCancel$10(StandardHttpClient.java:141)
2025-01-30 04:01:44,307 INFO c.h.h.t.HelmChartContainer - [hivemq-test-hivemq-platform] [hivemq-platform-operator] [33bf9b7a] 	at java.base/java.util.concurrent.CompletableFuture.uniWhenComplete(Unknown Source)
2025-01-30 04:01:44,307 INFO c.h.h.t.HelmChartContainer - [hivemq-test-hivemq-platform] [hivemq-platform-operator] [33bf9b7a] 	at java.base/java.util.concurrent.CompletableFuture$UniWhenComplete.tryFire(Unknown Source)
2025-01-30 04:01:44,307 INFO c.h.h.t.HelmChartContainer - [hivemq-test-hivemq-platform] [hivemq-platform-operator] [33bf9b7a] 	at java.base/java.util.concurrent.CompletableFuture.postComplete(Unknown Source)
2025-01-30 04:01:44,307 INFO c.h.h.t.HelmChartContainer - [hivemq-test-hivemq-platform] [hivemq-platform-operator] [33bf9b7a] 	at java.base/java.util.concurrent.CompletableFuture.complete(Unknown Source)
2025-01-30 04:01:44,307 INFO c.h.h.t.HelmChartContainer - [hivemq-test-hivemq-platform] [hivemq-platform-operator] [33bf9b7a] 	at io.fabric8.kubernetes.client.http.ByteArrayBodyHandler.onBodyDone(ByteArrayBodyHandler.java:51)
2025-01-30 04:01:44,307 INFO c.h.h.t.HelmChartContainer - [hivemq-test-hivemq-platform] [hivemq-platform-operator] [33bf9b7a] 	at java.base/java.util.concurrent.CompletableFuture.uniWhenComplete(Unknown Source)
2025-01-30 04:01:44,307 INFO c.h.h.t.HelmChartContainer - [hivemq-test-hivemq-platform] [hivemq-platform-operator] [33bf9b7a] 	at java.base/java.util.concurrent.CompletableFuture$UniWhenComplete.tryFire(Unknown Source)
2025-01-30 04:01:44,307 INFO c.h.h.t.HelmChartContainer - [hivemq-test-hivemq-platform] [hivemq-platform-operator] [33bf9b7a] 	at java.base/java.util.concurrent.CompletableFuture.postComplete(Unknown Source)
2025-01-30 04:01:44,307 INFO c.h.h.t.HelmChartContainer - [hivemq-test-hivemq-platform] [hivemq-platform-operator] [33bf9b7a] 	at java.base/java.util.concurrent.CompletableFuture.complete(Unknown Source)
2025-01-30 04:01:44,307 INFO c.h.h.t.HelmChartContainer - [hivemq-test-hivemq-platform] [hivemq-platform-operator] [33bf9b7a] 	at io.fabric8.kubernetes.client.vertx.VertxHttpRequest.lambda$null$1(VertxHttpRequest.java:121)
2025-01-30 04:01:44,307 INFO c.h.h.t.HelmChartContainer - [hivemq-test-hivemq-platform] [hivemq-platform-operator] [33bf9b7a] 	at io.vertx.core.impl.ContextInternal.dispatch(ContextInternal.java:279)
2025-01-30 04:01:44,307 INFO c.h.h.t.HelmChartContainer - [hivemq-test-hivemq-platform] [hivemq-platform-operator] [33bf9b7a] 	at io.vertx.core.impl.ContextInternal.dispatch(ContextInternal.java:261)
2025-01-30 04:01:44,307 INFO c.h.h.t.HelmChartContainer - [hivemq-test-hivemq-platform] [hivemq-platform-operator] [33bf9b7a] 	at io.vertx.core.http.impl.HttpEventHandler.handleEnd(HttpEventHandler.java:76)
2025-01-30 04:01:44,307 INFO c.h.h.t.HelmChartContainer - [hivemq-test-hivemq-platform] [hivemq-platform-operator] [33bf9b7a] 	at io.vertx.core.http.impl.HttpClientResponseImpl.handleEnd(HttpClientResponseImpl.java:250)
2025-01-30 04:01:44,307 INFO c.h.h.t.HelmChartContainer - [hivemq-test-hivemq-platform] [hivemq-platform-operator] [33bf9b7a] 	at io.vertx.core.http.impl.Http1xClientConnection$StreamImpl.lambda$new$0(Http1xClientConnection.java:421)
2025-01-30 04:01:44,307 INFO c.h.h.t.HelmChartContainer - [hivemq-test-hivemq-platform] [hivemq-platform-operator] [33bf9b7a] 	at io.vertx.core.streams.impl.InboundBuffer.handleEvent(InboundBuffer.java:279)
2025-01-30 04:01:44,307 INFO c.h.h.t.HelmChartContainer - [hivemq-test-hivemq-platform] [hivemq-platform-operator] [33bf9b7a] 	at io.vertx.core.streams.impl.InboundBuffer.write(InboundBuffer.java:157)
2025-01-30 04:01:44,307 INFO c.h.h.t.HelmChartContainer - [hivemq-test-hivemq-platform] [hivemq-platform-operator] [33bf9b7a] 	at io.vertx.core.http.impl.Http1xClientConnection$StreamImpl.handleEnd(Http1xClientConnection.java:709)
2025-01-30 04:01:44,307 INFO c.h.h.t.HelmChartContainer - [hivemq-test-hivemq-platform] [hivemq-platform-operator] [33bf9b7a] 	at io.vertx.core.impl.ContextImpl.execute(ContextImpl.java:313)
2025-01-30 04:01:44,307 INFO c.h.h.t.HelmChartContainer - [hivemq-test-hivemq-platform] [hivemq-platform-operator] [33bf9b7a] 	at io.vertx.core.impl.ContextImpl.execute(ContextImpl.java:293)
2025-01-30 04:01:44,307 INFO c.h.h.t.HelmChartContainer - [hivemq-test-hivemq-platform] [hivemq-platform-operator] [33bf9b7a] 	at io.vertx.core.http.impl.Http1xClientConnection.handleResponseEnd(Http1xClientConnection.java:940)
2025-01-30 04:01:44,307 INFO c.h.h.t.HelmChartContainer - [hivemq-test-hivemq-platform] [hivemq-platform-operator] [33bf9b7a] 	at io.vertx.core.http.impl.Http1xClientConnection.handleHttpMessage(Http1xClientConnection.java:810)
2025-01-30 04:01:44,307 INFO c.h.h.t.HelmChartContainer - [hivemq-test-hivemq-platform] [hivemq-platform-operator] [33bf9b7a] 	at io.vertx.core.http.impl.Http1xClientConnection.handleMessage(Http1xClientConnection.java:774)
2025-01-30 04:01:44,307 INFO c.h.h.t.HelmChartContainer - [hivemq-test-hivemq-platform] [hivemq-platform-operator] [33bf9b7a] 	at io.vertx.core.net.impl.ConnectionBase.read(ConnectionBase.java:159)
2025-01-30 04:01:44,307 INFO c.h.h.t.HelmChartContainer - [hivemq-test-hivemq-platform] [hivemq-platform-operator] [33bf9b7a] 	at io.vertx.core.net.impl.VertxHandler.channelRead(VertxHandler.java:153)
2025-01-30 04:01:44,307 INFO c.h.h.t.HelmChartContainer - [hivemq-test-hivemq-platform] [hivemq-platform-operator] [33bf9b7a] 	at io.netty.channel.AbstractChannelHandlerContext.invokeChannelRead(AbstractChannelHandlerContext.java:442)
2025-01-30 04:01:44,309 INFO c.h.h.t.HelmChartContainer - [hivemq-test-hivemq-platform] [hivemq-platform-operator] [33bf9b7a] 	at io.netty.channel.AbstractChannelHandlerContext.invokeChannelRead(AbstractChannelHandlerContext.java:420)
2025-01-30 04:01:44,309 INFO c.h.h.t.HelmChartContainer - [hivemq-test-hivemq-platform] [hivemq-platform-operator] [33bf9b7a] 	at io.netty.channel.AbstractChannelHandlerContext.fireChannelRead(AbstractChannelHandlerContext.java:412)
2025-01-30 04:01:44,309 INFO c.h.h.t.HelmChartContainer - [hivemq-test-hivemq-platform] [hivemq-platform-operator] [33bf9b7a] 	at io.netty.channel.CombinedChannelDuplexHandler$DelegatingChannelHandlerContext.fireChannelRead(CombinedChannelDuplexHandler.java:436)
2025-01-30 04:01:44,309 INFO c.h.h.t.HelmChartContainer - [hivemq-test-hivemq-platform] [hivemq-platform-operator] [33bf9b7a] 	at io.netty.handler.codec.ByteToMessageDecoder.fireChannelRead(ByteToMessageDecoder.java:346)
2025-01-30 04:01:44,309 INFO c.h.h.t.HelmChartContainer - [hivemq-test-hivemq-platform] [hivemq-platform-operator] [33bf9b7a] 	at io.netty.handler.codec.ByteToMessageDecoder.channelRead(ByteToMessageDecoder.java:318)
2025-01-30 04:01:44,309 INFO c.h.h.t.HelmChartContainer - [hivemq-test-hivemq-platform] [hivemq-platform-operator] [33bf9b7a] 	at io.netty.channel.CombinedChannelDuplexHandler.channelRead(CombinedChannelDuplexHandler.java:251)
2025-01-30 04:01:44,309 INFO c.h.h.t.HelmChartContainer - [hivemq-test-hivemq-platform] [hivemq-platform-operator] [33bf9b7a] 	at io.netty.channel.AbstractChannelHandlerContext.invokeChannelRead(AbstractChannelHandlerContext.java:442)
2025-01-30 04:01:44,309 INFO c.h.h.t.HelmChartContainer - [hivemq-test-hivemq-platform] [hivemq-platform-operator] [33bf9b7a] 	at io.netty.channel.AbstractChannelHandlerContext.invokeChannelRead(AbstractChannelHandlerContext.java:420)
2025-01-30 04:01:44,309 INFO c.h.h.t.HelmChartContainer - [hivemq-test-hivemq-platform] [hivemq-platform-operator] [33bf9b7a] 	at io.netty.channel.AbstractChannelHandlerContext.fireChannelRead(AbstractChannelHandlerContext.java:412)
2025-01-30 04:01:44,309 INFO c.h.h.t.HelmChartContainer - [hivemq-test-hivemq-platform] [hivemq-platform-operator] [33bf9b7a] 	at io.netty.handler.ssl.SslHandler.unwrap(SslHandler.java:1475)
2025-01-30 04:01:44,309 INFO c.h.h.t.HelmChartContainer - [hivemq-test-hivemq-platform] [hivemq-platform-operator] [33bf9b7a] 	at io.netty.handler.ssl.SslHandler.decodeJdkCompatible(SslHandler.java:1338)
2025-01-30 04:01:44,309 INFO c.h.h.t.HelmChartContainer - [hivemq-test-hivemq-platform] [hivemq-platform-operator] [33bf9b7a] 	at io.netty.handler.ssl.SslHandler.decode(SslHandler.java:1387)
2025-01-30 04:01:44,309 INFO c.h.h.t.HelmChartContainer - [hivemq-test-hivemq-platform] [hivemq-platform-operator] [33bf9b7a] 	at io.netty.handler.codec.ByteToMessageDecoder.decodeRemovalReentryProtection(ByteToMessageDecoder.java:530)
2025-01-30 04:01:44,309 INFO c.h.h.t.HelmChartContainer - [hivemq-test-hivemq-platform] [hivemq-platform-operator] [33bf9b7a] 	at io.netty.handler.codec.ByteToMessageDecoder.callDecode(ByteToMessageDecoder.java:469)
2025-01-30 04:01:44,309 INFO c.h.h.t.HelmChartContainer - [hivemq-test-hivemq-platform] [hivemq-platform-operator] [33bf9b7a] 	at io.netty.handler.codec.ByteToMessageDecoder.channelRead(ByteToMessageDecoder.java:290)
2025-01-30 04:01:44,309 INFO c.h.h.t.HelmChartContainer - [hivemq-test-hivemq-platform] [hivemq-platform-operator] [33bf9b7a] 	at io.netty.channel.AbstractChannelHandlerContext.invokeChannelRead(AbstractChannelHandlerContext.java:444)
2025-01-30 04:01:44,309 INFO c.h.h.t.HelmChartContainer - [hivemq-test-hivemq-platform] [hivemq-platform-operator] [33bf9b7a] 	at io.netty.channel.AbstractChannelHandlerContext.invokeChannelRead(AbstractChannelHandlerContext.java:420)
2025-01-30 04:01:44,309 INFO c.h.h.t.HelmChartContainer - [hivemq-test-hivemq-platform] [hivemq-platform-operator] [33bf9b7a] 	at io.netty.channel.AbstractChannelHandlerContext.fireChannelRead(AbstractChannelHandlerContext.java:412)
2025-01-30 04:01:44,309 INFO c.h.h.t.HelmChartContainer - [hivemq-test-hivemq-platform] [hivemq-platform-operator] [33bf9b7a] 	at io.netty.channel.DefaultChannelPipeline$HeadContext.channelRead(DefaultChannelPipeline.java:1407)
2025-01-30 04:01:44,309 INFO c.h.h.t.HelmChartContainer - [hivemq-test-hivemq-platform] [hivemq-platform-operator] [33bf9b7a] 	at io.netty.channel.AbstractChannelHandlerContext.invokeChannelRead(AbstractChannelHandlerContext.java:440)
2025-01-30 04:01:44,309 INFO c.h.h.t.HelmChartContainer - [hivemq-test-hivemq-platform] [hivemq-platform-operator] [33bf9b7a] 	at io.netty.channel.AbstractChannelHandlerContext.invokeChannelRead(AbstractChannelHandlerContext.java:420)
2025-01-30 04:01:44,309 INFO c.h.h.t.HelmChartContainer - [hivemq-test-hivemq-platform] [hivemq-platform-operator] [33bf9b7a] 	at io.netty.channel.DefaultChannelPipeline.fireChannelRead(DefaultChannelPipeline.java:918)
2025-01-30 04:01:44,311 INFO c.h.h.t.HelmChartContainer - [hivemq-test-hivemq-platform] [hivemq-platform-operator] [33bf9b7a] 	at io.netty.channel.nio.AbstractNioByteChannel$NioByteUnsafe.read(AbstractNioByteChannel.java:166)
2025-01-30 04:01:44,311 INFO c.h.h.t.HelmChartContainer - [hivemq-test-hivemq-platform] [hivemq-platform-operator] [33bf9b7a] 	at io.netty.channel.nio.NioEventLoop.processSelectedKey(NioEventLoop.java:788)
2025-01-30 04:01:44,311 INFO c.h.h.t.HelmChartContainer - [hivemq-test-hivemq-platform] [hivemq-platform-operator] [33bf9b7a] 	at io.netty.channel.nio.NioEventLoop.processSelectedKeysOptimized(NioEventLoop.java:724)
2025-01-30 04:01:44,311 INFO c.h.h.t.HelmChartContainer - [hivemq-test-hivemq-platform] [hivemq-platform-operator] [33bf9b7a] 	at io.netty.channel.nio.NioEventLoop.processSelectedKeys(NioEventLoop.java:650)
2025-01-30 04:01:44,311 INFO c.h.h.t.HelmChartContainer - [hivemq-test-hivemq-platform] [hivemq-platform-operator] [33bf9b7a] 	at io.netty.channel.nio.NioEventLoop.run(NioEventLoop.java:562)
2025-01-30 04:01:44,313 INFO c.h.h.t.HelmChartContainer - [hivemq-test-hivemq-platform] [hivemq-platform-operator] [33bf9b7a] 	at io.netty.util.concurrent.SingleThreadEventExecutor$4.run(SingleThreadEventExecutor.java:997)
2025-01-30 04:01:44,313 INFO c.h.h.t.HelmChartContainer - [hivemq-test-hivemq-platform] [hivemq-platform-operator] [33bf9b7a] 	at io.netty.util.internal.ThreadExecutorMap$2.run(ThreadExecutorMap.java:74)
2025-01-30 04:01:44,313 INFO c.h.h.t.HelmChartContainer - [hivemq-test-hivemq-platform] [hivemq-platform-operator] [33bf9b7a] 	at io.netty.util.concurrent.FastThreadLocalRunnable.run(FastThreadLocalRunnable.java:30)
2025-01-30 04:01:44,313 INFO c.h.h.t.HelmChartContainer - [hivemq-test-hivemq-platform] [hivemq-platform-operator] [33bf9b7a] 	... 1 more
2025-01-30 04:01:44,313 INFO c.h.h.t.HelmChartContainer - [hivemq-test-hivemq-platform] [hivemq-platform-operator] [33bf9b7a] 
2025-01-30 04:01:44,313 INFO c.h.h.t.HelmChartContainer - [hivemq-test-hivemq-platform] [hivemq-platform-operator] [33bf9b7a] 	at io.javaoperatorsdk.operator.monitoring.micrometer.MicrometerMetrics.lambda$timeControllerExecution$0(MicrometerMetrics.java:165)
2025-01-30 04:01:44,313 INFO c.h.h.t.HelmChartContainer - [hivemq-test-hivemq-platform] [hivemq-platform-operator] [33bf9b7a] 	at io.micrometer.core.instrument.AbstractTimer.record(AbstractTimer.java:190)
2025-01-30 04:01:44,313 INFO c.h.h.t.HelmChartContainer - [hivemq-test-hivemq-platform] [hivemq-platform-operator] [33bf9b7a] 	at io.javaoperatorsdk.operator.monitoring.micrometer.MicrometerMetrics.timeControllerExecution(MicrometerMetrics.java:161)
2025-01-30 04:01:44,313 INFO c.h.h.t.HelmChartContainer - [hivemq-test-hivemq-platform] [hivemq-platform-operator] [33bf9b7a] 	at io.javaoperatorsdk.operator.processing.Controller.reconcile(Controller.java:109)
2025-01-30 04:01:44,313 INFO c.h.h.t.HelmChartContainer - [hivemq-test-hivemq-platform] [hivemq-platform-operator] [33bf9b7a] 	at io.javaoperatorsdk.operator.processing.event.ReconciliationDispatcher.reconcileExecution(ReconciliationDispatcher.java:136)
2025-01-30 04:01:44,313 INFO c.h.h.t.HelmChartContainer - [hivemq-test-hivemq-platform] [hivemq-platform-operator] [33bf9b7a] 	at io.javaoperatorsdk.operator.processing.event.ReconciliationDispatcher.handleReconcile(ReconciliationDispatcher.java:117)
2025-01-30 04:01:44,313 INFO c.h.h.t.HelmChartContainer - [hivemq-test-hivemq-platform] [hivemq-platform-operator] [33bf9b7a] 	at io.javaoperatorsdk.operator.processing.event.ReconciliationDispatcher.handleDispatch(ReconciliationDispatcher.java:91)
2025-01-30 04:01:44,313 INFO c.h.h.t.HelmChartContainer - [hivemq-test-hivemq-platform] [hivemq-platform-operator] [33bf9b7a] 	at io.javaoperatorsdk.operator.processing.event.ReconciliationDispatcher.handleExecution(ReconciliationDispatcher.java:64)
2025-01-30 04:01:44,313 INFO c.h.h.t.HelmChartContainer - [hivemq-test-hivemq-platform] [hivemq-platform-operator] [33bf9b7a] 	at io.javaoperatorsdk.operator.processing.event.EventProcessor$ReconcilerExecutor.run(EventProcessor.java:452)
2025-01-30 04:01:44,313 INFO c.h.h.t.HelmChartContainer - [hivemq-test-hivemq-platform] [hivemq-platform-operator] [33bf9b7a] 	at java.base/java.util.concurrent.ThreadPoolExecutor.runWorker(Unknown Source)
2025-01-30 04:01:44,313 INFO c.h.h.t.HelmChartContainer - [hivemq-test-hivemq-platform] [hivemq-platform-operator] [33bf9b7a] 	at java.base/java.util.concurrent.ThreadPoolExecutor$Worker.run(Unknown Source)
2025-01-30 04:01:44,313 INFO c.h.h.t.HelmChartContainer - [hivemq-test-hivemq-platform] [hivemq-platform-operator] [33bf9b7a] 	at java.base/java.lang.Thread.run(Unknown Source)
2025-01-30 04:01:44,313 INFO c.h.h.t.HelmChartContainer - [hivemq-test-hivemq-platform] [hivemq-platform-operator] [33bf9b7a] Caused by: io.javaoperatorsdk.operator.AggregatedOperatorException: Exception(s) during workflow execution. Details:
2025-01-30 04:01:44,313 INFO c.h.h.t.HelmChartContainer - [hivemq-test-hivemq-platform] [hivemq-platform-operator] [33bf9b7a]  - com.hivemq.platform.operator.dependants.PodRoleBindingResource -> io.fabric8.kubernetes.client.KubernetesClientException: Failure executing: PATCH at: https://10.43.0.1:443/apis/rbac.authorization.k8s.io/v1/namespaces/helmmqttit/rolebindings/hivemq-platform-role-binding-test-hivemq-platform?fieldManager=hivemq-controller&force=true. Message: rolebindings.rbac.authorization.k8s.io "hivemq-platform-role-test-hivemq-platform" not found. Received status: Status(apiVersion=v1, code=404, details=StatusDetails(causes=[], group=rbac.authorization.k8s.io, kind=rolebindings, name=hivemq-platform-role-test-hivemq-platform, retryAfterSeconds=null, uid=null, additionalProperties={}), kind=Status, message=rolebindings.rbac.authorization.k8s.io "hivemq-platform-role-test-hivemq-platform" not found, metadata=ListMeta(_continue=null, remainingItemCount=null, resourceVersion=null, selfLink=null, additionalProperties={}), reason=NotFound, status=Failure, additionalProperties={}).
2025-01-30 04:01:44,313 INFO c.h.h.t.HelmChartContainer - [hivemq-test-hivemq-platform] [hivemq-platform-operator] [33bf9b7a] 	at io.fabric8.kubernetes.client.KubernetesClientException.copyAsCause(KubernetesClientException.java:238)
2025-01-30 04:01:44,313 INFO c.h.h.t.HelmChartContainer - [hivemq-test-hivemq-platform] [hivemq-platform-operator] [33bf9b7a] 	at io.fabric8.kubernetes.client.dsl.internal.OperationSupport.waitForResult(OperationSupport.java:507)
2025-01-30 04:01:44,313 INFO c.h.h.t.HelmChartContainer - [hivemq-test-hivemq-platform] [hivemq-platform-operator] [33bf9b7a] 	at io.fabric8.kubernetes.client.dsl.internal.OperationSupport.handleResponse(OperationSupport.java:524)
2025-01-30 04:01:44,313 INFO c.h.h.t.HelmChartContainer - [hivemq-test-hivemq-platform] [hivemq-platform-operator] [33bf9b7a] 	at io.fabric8.kubernetes.client.dsl.internal.OperationSupport.handlePatch(OperationSupport.java:419)
2025-01-30 04:01:44,313 INFO c.h.h.t.HelmChartContainer - [hivemq-test-hivemq-platform] [hivemq-platform-operator] [33bf9b7a] 	at io.fabric8.kubernetes.client.dsl.internal.OperationSupport.handlePatch(OperationSupport.java:397)
2025-01-30 04:01:44,313 INFO c.h.h.t.HelmChartContainer - [hivemq-test-hivemq-platform] [hivemq-platform-operator] [33bf9b7a] 	at io.fabric8.kubernetes.client.dsl.internal.BaseOperation.handlePatch(BaseOperation.java:764)
2025-01-30 04:01:44,313 INFO c.h.h.t.HelmChartContainer - [hivemq-test-hivemq-platform] [hivemq-platform-operator] [33bf9b7a] 	at io.fabric8.kubernetes.client.dsl.internal.HasMetadataOperation.lambda$patch$2(HasMetadataOperation.java:231)
2025-01-30 04:01:44,313 INFO c.h.h.t.HelmChartContainer - [hivemq-test-hivemq-platform] [hivemq-platform-operator] [33bf9b7a] 	at io.fabric8.kubernetes.client.dsl.internal.HasMetadataOperation.patch(HasMetadataOperation.java:236)
2025-01-30 04:01:44,313 INFO c.h.h.t.HelmChartContainer - [hivemq-test-hivemq-platform] [hivemq-platform-operator] [33bf9b7a] 	at io.fabric8.kubernetes.client.dsl.internal.HasMetadataOperation.patch(HasMetadataOperation.java:251)
2025-01-30 04:01:44,313 INFO c.h.h.t.HelmChartContainer - [hivemq-test-hivemq-platform] [hivemq-platform-operator] [33bf9b7a] 	at io.fabric8.kubernetes.client.dsl.internal.BaseOperation.serverSideApply(BaseOperation.java:1179)
2025-01-30 04:01:44,313 INFO c.h.h.t.HelmChartContainer - [hivemq-test-hivemq-platform] [hivemq-platform-operator] [33bf9b7a] 	at io.fabric8.kubernetes.client.dsl.internal.BaseOperation.serverSideApply(BaseOperation.java:98)
2025-01-30 04:01:44,313 INFO c.h.h.t.HelmChartContainer - [hivemq-test-hivemq-platform] [hivemq-platform-operator] [33bf9b7a] 	at io.javaoperatorsdk.operator.processing.dependent.kubernetes.KubernetesDependentResource.create(KubernetesDependentResource.java:123)
2025-01-30 04:01:44,313 INFO c.h.h.t.HelmChartContainer - [hivemq-test-hivemq-platform] [hivemq-platform-operator] [33bf9b7a] 	at com.hivemq.platform.operator.dependants.PodRoleBindingResource.create(PodRoleBindingResource.java:55)
2025-01-30 04:01:44,313 INFO c.h.h.t.HelmChartContainer - [hivemq-test-hivemq-platform] [hivemq-platform-operator] [33bf9b7a] 	at com.hivemq.platform.operator.dependants.PodRoleBindingResource.create(PodRoleBindingResource.java:22)
2025-01-30 04:01:44,313 INFO c.h.h.t.HelmChartContainer - [hivemq-test-hivemq-platform] [hivemq-platform-operator] [33bf9b7a] 	at io.javaoperatorsdk.operator.processing.dependent.AbstractDependentResource.handleCreate(AbstractDependentResource.java:119)
2025-01-30 04:01:44,313 INFO c.h.h.t.HelmChartContainer - [hivemq-test-hivemq-platform] [hivemq-platform-operator] [33bf9b7a] 	at io.javaoperatorsdk.operator.processing.dependent.AbstractDependentResource.reconcile(AbstractDependentResource.java:62)
2025-01-30 04:01:44,313 INFO c.h.h.t.HelmChartContainer - [hivemq-test-hivemq-platform] [hivemq-platform-operator] [33bf9b7a] 	at io.javaoperatorsdk.operator.processing.dependent.SingleDependentResourceReconciler.reconcile(SingleDependentResourceReconciler.java:19)
2025-01-30 04:01:44,313 INFO c.h.h.t.HelmChartContainer - [hivemq-test-hivemq-platform] [hivemq-platform-operator] [33bf9b7a] 	at io.javaoperatorsdk.operator.processing.dependent.AbstractDependentResource.reconcile(AbstractDependentResource.java:52)
2025-01-30 04:01:44,313 INFO c.h.h.t.HelmChartContainer - [hivemq-test-hivemq-platform] [hivemq-platform-operator] [33bf9b7a] 	at com.hivemq.platform.operator.dependants.PodRoleBindingResource.reconcile(PodRoleBindingResource.java:46)
2025-01-30 04:01:44,313 INFO c.h.h.t.HelmChartContainer - [hivemq-test-hivemq-platform] [hivemq-platform-operator] [33bf9b7a] 	at com.hivemq.platform.operator.dependants.PodRoleBindingResource.reconcile(PodRoleBindingResource.java:22)
2025-01-30 04:01:44,314 INFO c.h.h.t.HelmChartContainer - [hivemq-test-hivemq-platform] [hivemq-platform-operator] [33bf9b7a] 	at io.javaoperatorsdk.operator.processing.dependent.workflow.WorkflowReconcileExecutor$NodeReconcileExecutor.doRun(WorkflowReconcileExecutor.java:123)
2025-01-30 04:01:44,314 INFO c.h.h.t.HelmChartContainer - [hivemq-test-hivemq-platform] [hivemq-platform-operator] [33bf9b7a] 	at io.javaoperatorsdk.operator.processing.dependent.workflow.NodeExecutor.run(NodeExecutor.java:22)
2025-01-30 04:01:44,314 INFO c.h.h.t.HelmChartContainer - [hivemq-test-hivemq-platform] [hivemq-platform-operator] [33bf9b7a] 	at java.base/java.util.concurrent.Executors$RunnableAdapter.call(Unknown Source)
2025-01-30 04:01:44,314 INFO c.h.h.t.HelmChartContainer - [hivemq-test-hivemq-platform] [hivemq-platform-operator] [33bf9b7a] 	at java.base/java.util.concurrent.FutureTask.run(Unknown Source)
2025-01-30 04:01:44,314 INFO c.h.h.t.HelmChartContainer - [hivemq-test-hivemq-platform] [hivemq-platform-operator] [33bf9b7a] 	at java.base/java.util.concurrent.ThreadPoolExecutor.runWorker(Unknown Source)
2025-01-30 04:01:44,314 INFO c.h.h.t.HelmChartContainer - [hivemq-test-hivemq-platform] [hivemq-platform-operator] [33bf9b7a] 	at java.base/java.util.concurrent.ThreadPoolExecutor$Worker.run(Unknown Source)
2025-01-30 04:01:44,314 INFO c.h.h.t.HelmChartContainer - [hivemq-test-hivemq-platform] [hivemq-platform-operator] [33bf9b7a] 	at java.base/java.lang.Thread.run(Unknown Source)
2025-01-30 04:01:44,314 INFO c.h.h.t.HelmChartContainer - [hivemq-test-hivemq-platform] [hivemq-platform-operator] [33bf9b7a] Caused by: io.fabric8.kubernetes.client.KubernetesClientException: Failure executing: PATCH at: https://10.43.0.1:443/apis/rbac.authorization.k8s.io/v1/namespaces/helmmqttit/rolebindings/hivemq-platform-role-binding-test-hivemq-platform?fieldManager=hivemq-controller&force=true. Message: rolebindings.rbac.authorization.k8s.io "hivemq-platform-role-test-hivemq-platform" not found. Received status: Status(apiVersion=v1, code=404, details=StatusDetails(causes=[], group=rbac.authorization.k8s.io, kind=rolebindings, name=hivemq-platform-role-test-hivemq-platform, retryAfterSeconds=null, uid=null, additionalProperties={}), kind=Status, message=rolebindings.rbac.authorization.k8s.io "hivemq-platform-role-test-hivemq-platform" not found, metadata=ListMeta(_continue=null, remainingItemCount=null, resourceVersion=null, selfLink=null, additionalProperties={}), reason=NotFound, status=Failure, additionalProperties={}).
2025-01-30 04:01:44,314 INFO c.h.h.t.HelmChartContainer - [hivemq-test-hivemq-platform] [hivemq-platform-operator] [33bf9b7a] 	at io.fabric8.kubernetes.client.dsl.internal.OperationSupport.requestFailure(OperationSupport.java:660)
2025-01-30 04:01:44,314 INFO c.h.h.t.HelmChartContainer - [hivemq-test-hivemq-platform] [hivemq-platform-operator] [33bf9b7a] 	at io.fabric8.kubernetes.client.dsl.internal.OperationSupport.requestFailure(OperationSupport.java:640)
2025-01-30 04:01:44,314 INFO c.h.h.t.HelmChartContainer - [hivemq-test-hivemq-platform] [hivemq-platform-operator] [33bf9b7a] 	at io.fabric8.kubernetes.client.dsl.internal.OperationSupport.assertResponseCode(OperationSupport.java:589)
2025-01-30 04:01:44,314 INFO c.h.h.t.HelmChartContainer - [hivemq-test-hivemq-platform] [hivemq-platform-operator] [33bf9b7a] 	at io.fabric8.kubernetes.client.dsl.internal.OperationSupport.lambda$handleResponse$0(OperationSupport.java:549)
2025-01-30 04:01:44,314 INFO c.h.h.t.HelmChartContainer - [hivemq-test-hivemq-platform] [hivemq-platform-operator] [33bf9b7a] 	at java.base/java.util.concurrent.CompletableFuture$UniApply.tryFire(Unknown Source)
2025-01-30 04:01:44,314 INFO c.h.h.t.HelmChartContainer - [hivemq-test-hivemq-platform] [hivemq-platform-operator] [33bf9b7a] 	at java.base/java.util.concurrent.CompletableFuture.postComplete(Unknown Source)
2025-01-30 04:01:44,314 INFO c.h.h.t.HelmChartContainer - [hivemq-test-hivemq-platform] [hivemq-platform-operator] [33bf9b7a] 	at java.base/java.util.concurrent.CompletableFuture.complete(Unknown Source)
2025-01-30 04:01:44,314 INFO c.h.h.t.HelmChartContainer - [hivemq-test-hivemq-platform] [hivemq-platform-operator] [33bf9b7a] 	at io.fabric8.kubernetes.client.http.StandardHttpClient.lambda$completeOrCancel$10(StandardHttpClient.java:141)
2025-01-30 04:01:44,314 INFO c.h.h.t.HelmChartContainer - [hivemq-test-hivemq-platform] [hivemq-platform-operator] [33bf9b7a] 	at java.base/java.util.concurrent.CompletableFuture.uniWhenComplete(Unknown Source)
2025-01-30 04:01:44,314 INFO c.h.h.t.HelmChartContainer - [hivemq-test-hivemq-platform] [hivemq-platform-operator] [33bf9b7a] 	at java.base/java.util.concurrent.CompletableFuture$UniWhenComplete.tryFire(Unknown Source)
2025-01-30 04:01:44,314 INFO c.h.h.t.HelmChartContainer - [hivemq-test-hivemq-platform] [hivemq-platform-operator] [33bf9b7a] 	at java.base/java.util.concurrent.CompletableFuture.postComplete(Unknown Source)
2025-01-30 04:01:44,314 INFO c.h.h.t.HelmChartContainer - [hivemq-test-hivemq-platform] [hivemq-platform-operator] [33bf9b7a] 	at java.base/java.util.concurrent.CompletableFuture.complete(Unknown Source)
2025-01-30 04:01:44,314 INFO c.h.h.t.HelmChartContainer - [hivemq-test-hivemq-platform] [hivemq-platform-operator] [33bf9b7a] 	at io.fabric8.kubernetes.client.http.ByteArrayBodyHandler.onBodyDone(ByteArrayBodyHandler.java:51)
2025-01-30 04:01:44,314 INFO c.h.h.t.HelmChartContainer - [hivemq-test-hivemq-platform] [hivemq-platform-operator] [33bf9b7a] 	at java.base/java.util.concurrent.CompletableFuture.uniWhenComplete(Unknown Source)
2025-01-30 04:01:44,314 INFO c.h.h.t.HelmChartContainer - [hivemq-test-hivemq-platform] [hivemq-platform-operator] [33bf9b7a] 	at java.base/java.util.concurrent.CompletableFuture$UniWhenComplete.tryFire(Unknown Source)
2025-01-30 04:01:44,314 INFO c.h.h.t.HelmChartContainer - [hivemq-test-hivemq-platform] [hivemq-platform-operator] [33bf9b7a] 	at java.base/java.util.concurrent.CompletableFuture.postComplete(Unknown Source)
2025-01-30 04:01:44,314 INFO c.h.h.t.HelmChartContainer - [hivemq-test-hivemq-platform] [hivemq-platform-operator] [33bf9b7a] 	at java.base/java.util.concurrent.CompletableFuture.complete(Unknown Source)
2025-01-30 04:01:44,314 INFO c.h.h.t.HelmChartContainer - [hivemq-test-hivemq-platform] [hivemq-platform-operator] [33bf9b7a] 	at io.fabric8.kubernetes.client.vertx.VertxHttpRequest.lambda$null$1(VertxHttpRequest.java:121)
2025-01-30 04:01:44,314 INFO c.h.h.t.HelmChartContainer - [hivemq-test-hivemq-platform] [hivemq-platform-operator] [33bf9b7a] 	at io.vertx.core.impl.ContextInternal.dispatch(ContextInternal.java:279)
2025-01-30 04:01:44,314 INFO c.h.h.t.HelmChartContainer - [hivemq-test-hivemq-platform] [hivemq-platform-operator] [33bf9b7a] 	at io.vertx.core.impl.ContextInternal.dispatch(ContextInternal.java:261)
2025-01-30 04:01:44,315 INFO c.h.h.t.HelmChartContainer - [hivemq-test-hivemq-platform] [hivemq-platform-operator] [33bf9b7a] 	at io.vertx.core.http.impl.HttpEventHandler.handleEnd(HttpEventHandler.java:76)
2025-01-30 04:01:44,315 INFO c.h.h.t.HelmChartContainer - [hivemq-test-hivemq-platform] [hivemq-platform-operator] [33bf9b7a] 	at io.vertx.core.http.impl.HttpClientResponseImpl.handleEnd(HttpClientResponseImpl.java:250)
2025-01-30 04:01:44,315 INFO c.h.h.t.HelmChartContainer - [hivemq-test-hivemq-platform] [hivemq-platform-operator] [33bf9b7a] 	at io.vertx.core.http.impl.Http1xClientConnection$StreamImpl.lambda$new$0(Http1xClientConnection.java:421)
2025-01-30 04:01:44,315 INFO c.h.h.t.HelmChartContainer - [hivemq-test-hivemq-platform] [hivemq-platform-operator] [33bf9b7a] 	at io.vertx.core.streams.impl.InboundBuffer.handleEvent(InboundBuffer.java:279)
2025-01-30 04:01:44,315 INFO c.h.h.t.HelmChartContainer - [hivemq-test-hivemq-platform] [hivemq-platform-operator] [33bf9b7a] 	at io.vertx.core.streams.impl.InboundBuffer.write(InboundBuffer.java:157)
2025-01-30 04:01:44,315 INFO c.h.h.t.HelmChartContainer - [hivemq-test-hivemq-platform] [hivemq-platform-operator] [33bf9b7a] 	at io.vertx.core.http.impl.Http1xClientConnection$StreamImpl.handleEnd(Http1xClientConnection.java:709)
2025-01-30 04:01:44,316 INFO c.h.h.t.HelmChartContainer - [hivemq-test-hivemq-platform] [hivemq-platform-operator] [33bf9b7a] 	at io.vertx.core.impl.ContextImpl.execute(ContextImpl.java:313)
2025-01-30 04:01:44,316 INFO c.h.h.t.HelmChartContainer - [hivemq-test-hivemq-platform] [hivemq-platform-operator] [33bf9b7a] 	at io.vertx.core.impl.ContextImpl.execute(ContextImpl.java:293)
2025-01-30 04:01:44,316 INFO c.h.h.t.HelmChartContainer - [hivemq-test-hivemq-platform] [hivemq-platform-operator] [33bf9b7a] 	at io.vertx.core.http.impl.Http1xClientConnection.handleResponseEnd(Http1xClientConnection.java:940)
2025-01-30 04:01:44,316 INFO c.h.h.t.HelmChartContainer - [hivemq-test-hivemq-platform] [hivemq-platform-operator] [33bf9b7a] 	at io.vertx.core.http.impl.Http1xClientConnection.handleHttpMessage(Http1xClientConnection.java:810)
2025-01-30 04:01:44,316 INFO c.h.h.t.HelmChartContainer - [hivemq-test-hivemq-platform] [hivemq-platform-operator] [33bf9b7a] 	at io.vertx.core.http.impl.Http1xClientConnection.handleMessage(Http1xClientConnection.java:774)
2025-01-30 04:01:44,316 INFO c.h.h.t.HelmChartContainer - [hivemq-test-hivemq-platform] [hivemq-platform-operator] [33bf9b7a] 	at io.vertx.core.net.impl.ConnectionBase.read(ConnectionBase.java:159)
2025-01-30 04:01:44,316 INFO c.h.h.t.HelmChartContainer - [hivemq-test-hivemq-platform] [hivemq-platform-operator] [33bf9b7a] 	at io.vertx.core.net.impl.VertxHandler.channelRead(VertxHandler.java:153)
2025-01-30 04:01:44,316 INFO c.h.h.t.HelmChartContainer - [hivemq-test-hivemq-platform] [hivemq-platform-operator] [33bf9b7a] 	at io.netty.channel.AbstractChannelHandlerContext.invokeChannelRead(AbstractChannelHandlerContext.java:442)
2025-01-30 04:01:44,316 INFO c.h.h.t.HelmChartContainer - [hivemq-test-hivemq-platform] [hivemq-platform-operator] [33bf9b7a] 	at io.netty.channel.AbstractChannelHandlerContext.invokeChannelRead(AbstractChannelHandlerContext.java:420)
2025-01-30 04:01:44,316 INFO c.h.h.t.HelmChartContainer - [hivemq-test-hivemq-platform] [hivemq-platform-operator] [33bf9b7a] 	at io.netty.channel.AbstractChannelHandlerContext.fireChannelRead(AbstractChannelHandlerContext.java:412)
2025-01-30 04:01:44,316 INFO c.h.h.t.HelmChartContainer - [hivemq-test-hivemq-platform] [hivemq-platform-operator] [33bf9b7a] 	at io.netty.channel.CombinedChannelDuplexHandler$DelegatingChannelHandlerContext.fireChannelRead(CombinedChannelDuplexHandler.java:436)
2025-01-30 04:01:44,316 INFO c.h.h.t.HelmChartContainer - [hivemq-test-hivemq-platform] [hivemq-platform-operator] [33bf9b7a] 	at io.netty.handler.codec.ByteToMessageDecoder.fireChannelRead(ByteToMessageDecoder.java:346)
2025-01-30 04:01:44,316 INFO c.h.h.t.HelmChartContainer - [hivemq-test-hivemq-platform] [hivemq-platform-operator] [33bf9b7a] 	at io.netty.handler.codec.ByteToMessageDecoder.channelRead(ByteToMessageDecoder.java:318)
2025-01-30 04:01:44,316 INFO c.h.h.t.HelmChartContainer - [hivemq-test-hivemq-platform] [hivemq-platform-operator] [33bf9b7a] 	at io.netty.channel.CombinedChannelDuplexHandler.channelRead(CombinedChannelDuplexHandler.java:251)
2025-01-30 04:01:44,316 INFO c.h.h.t.HelmChartContainer - [hivemq-test-hivemq-platform] [hivemq-platform-operator] [33bf9b7a] 	at io.netty.channel.AbstractChannelHandlerContext.invokeChannelRead(AbstractChannelHandlerContext.java:442)
2025-01-30 04:01:44,316 INFO c.h.h.t.HelmChartContainer - [hivemq-test-hivemq-platform] [hivemq-platform-operator] [33bf9b7a] 	at io.netty.channel.AbstractChannelHandlerContext.invokeChannelRead(AbstractChannelHandlerContext.java:420)
2025-01-30 04:01:44,316 INFO c.h.h.t.HelmChartContainer - [hivemq-test-hivemq-platform] [hivemq-platform-operator] [33bf9b7a] 	at io.netty.channel.AbstractChannelHandlerContext.fireChannelRead(AbstractChannelHandlerContext.java:412)
2025-01-30 04:01:44,316 INFO c.h.h.t.HelmChartContainer - [hivemq-test-hivemq-platform] [hivemq-platform-operator] [33bf9b7a] 	at io.netty.handler.ssl.SslHandler.unwrap(SslHandler.java:1475)
2025-01-30 04:01:44,316 INFO c.h.h.t.HelmChartContainer - [hivemq-test-hivemq-platform] [hivemq-platform-operator] [33bf9b7a] 	at io.netty.handler.ssl.SslHandler.decodeJdkCompatible(SslHandler.java:1338)
2025-01-30 04:01:44,316 INFO c.h.h.t.HelmChartContainer - [hivemq-test-hivemq-platform] [hivemq-platform-operator] [33bf9b7a] 	at io.netty.handler.ssl.SslHandler.decode(SslHandler.java:1387)
2025-01-30 04:01:44,316 INFO c.h.h.t.HelmChartContainer - [hivemq-test-hivemq-platform] [hivemq-platform-operator] [33bf9b7a] 	at io.netty.handler.codec.ByteToMessageDecoder.decodeRemovalReentryProtection(ByteToMessageDecoder.java:530)
2025-01-30 04:01:44,316 INFO c.h.h.t.HelmChartContainer - [hivemq-test-hivemq-platform] [hivemq-platform-operator] [33bf9b7a] 	at io.netty.handler.codec.ByteToMessageDecoder.callDecode(ByteToMessageDecoder.java:469)
2025-01-30 04:01:44,316 INFO c.h.h.t.HelmChartContainer - [hivemq-test-hivemq-platform] [hivemq-platform-operator] [33bf9b7a] 	at io.netty.handler.codec.ByteToMessageDecoder.channelRead(ByteToMessageDecoder.java:290)
2025-01-30 04:01:44,316 INFO c.h.h.t.HelmChartContainer - [hivemq-test-hivemq-platform] [hivemq-platform-operator] [33bf9b7a] 	at io.netty.channel.AbstractChannelHandlerContext.invokeChannelRead(AbstractChannelHandlerContext.java:444)
2025-01-30 04:01:44,316 INFO c.h.h.t.HelmChartContainer - [hivemq-test-hivemq-platform] [hivemq-platform-operator] [33bf9b7a] 	at io.netty.channel.AbstractChannelHandlerContext.invokeChannelRead(AbstractChannelHandlerContext.java:420)
2025-01-30 04:01:44,316 INFO c.h.h.t.HelmChartContainer - [hivemq-test-hivemq-platform] [hivemq-platform-operator] [33bf9b7a] 	at io.netty.channel.AbstractChannelHandlerContext.fireChannelRead(AbstractChannelHandlerContext.java:412)
2025-01-30 04:01:44,316 INFO c.h.h.t.HelmChartContainer - [hivemq-test-hivemq-platform] [hivemq-platform-operator] [33bf9b7a] 	at io.netty.channel.DefaultChannelPipeline$HeadContext.channelRead(DefaultChannelPipeline.java:1407)
2025-01-30 04:01:44,316 INFO c.h.h.t.HelmChartContainer - [hivemq-test-hivemq-platform] [hivemq-platform-operator] [33bf9b7a] 	at io.netty.channel.AbstractChannelHandlerContext.invokeChannelRead(AbstractChannelHandlerContext.java:440)
2025-01-30 04:01:44,316 INFO c.h.h.t.HelmChartContainer - [hivemq-test-hivemq-platform] [hivemq-platform-operator] [33bf9b7a] 	at io.netty.channel.AbstractChannelHandlerContext.invokeChannelRead(AbstractChannelHandlerContext.java:420)
2025-01-30 04:01:44,316 INFO c.h.h.t.HelmChartContainer - [hivemq-test-hivemq-platform] [hivemq-platform-operator] [33bf9b7a] 	at io.netty.channel.DefaultChannelPipeline.fireChannelRead(DefaultChannelPipeline.java:918)
2025-01-30 04:01:44,316 INFO c.h.h.t.HelmChartContainer - [hivemq-test-hivemq-platform] [hivemq-platform-operator] [33bf9b7a] 	at io.netty.channel.nio.AbstractNioByteChannel$NioByteUnsafe.read(AbstractNioByteChannel.java:166)
2025-01-30 04:01:44,316 INFO c.h.h.t.HelmChartContainer - [hivemq-test-hivemq-platform] [hivemq-platform-operator] [33bf9b7a] 	at io.netty.channel.nio.NioEventLoop.processSelectedKey(NioEventLoop.java:788)
2025-01-30 04:01:44,316 INFO c.h.h.t.HelmChartContainer - [hivemq-test-hivemq-platform] [hivemq-platform-operator] [33bf9b7a] 	at io.netty.channel.nio.NioEventLoop.processSelectedKeysOptimized(NioEventLoop.java:724)
2025-01-30 04:01:44,316 INFO c.h.h.t.HelmChartContainer - [hivemq-test-hivemq-platform] [hivemq-platform-operator] [33bf9b7a] 	at io.netty.channel.nio.NioEventLoop.processSelectedKeys(NioEventLoop.java:650)
2025-01-30 04:01:44,316 INFO c.h.h.t.HelmChartContainer - [hivemq-test-hivemq-platform] [hivemq-platform-operator] [33bf9b7a] 	at io.netty.channel.nio.NioEventLoop.run(NioEventLoop.java:562)
2025-01-30 04:01:44,316 INFO c.h.h.t.HelmChartContainer - [hivemq-test-hivemq-platform] [hivemq-platform-operator] [33bf9b7a] 	at io.netty.util.concurrent.SingleThreadEventExecutor$4.run(SingleThreadEventExecutor.java:997)
2025-01-30 04:01:44,316 INFO c.h.h.t.HelmChartContainer - [hivemq-test-hivemq-platform] [hivemq-platform-operator] [33bf9b7a] 	at io.netty.util.internal.ThreadExecutorMap$2.run(ThreadExecutorMap.java:74)
2025-01-30 04:01:44,316 INFO c.h.h.t.HelmChartContainer - [hivemq-test-hivemq-platform] [hivemq-platform-operator] [33bf9b7a] 	at io.netty.util.concurrent.FastThreadLocalRunnable.run(FastThreadLocalRunnable.java:30)
2025-01-30 04:01:44,316 INFO c.h.h.t.HelmChartContainer - [hivemq-test-hivemq-platform] [hivemq-platform-operator] [33bf9b7a] 	... 1 more
2025-01-30 04:01:44,316 INFO c.h.h.t.HelmChartContainer - [hivemq-test-hivemq-platform] [hivemq-platform-operator] [33bf9b7a] 
2025-01-30 04:01:44,316 INFO c.h.h.t.HelmChartContainer - [hivemq-test-hivemq-platform] [hivemq-platform-operator] [33bf9b7a] 	at io.javaoperatorsdk.operator.processing.dependent.workflow.WorkflowResult.throwAggregateExceptionIfErrorsPresent(WorkflowResult.java:54)
2025-01-30 04:01:44,316 INFO c.h.h.t.HelmChartContainer - [hivemq-test-hivemq-platform] [hivemq-platform-operator] [33bf9b7a] 	at io.javaoperatorsdk.operator.processing.dependent.workflow.WorkflowReconcileResult.throwAggregateExceptionIfErrorsPresent(WorkflowReconcileResult.java:9)
2025-01-30 04:01:44,316 INFO c.h.h.t.HelmChartContainer - [hivemq-test-hivemq-platform] [hivemq-platform-operator] [33bf9b7a] 	at io.javaoperatorsdk.operator.processing.dependent.workflow.DefaultWorkflow.reconcile(DefaultWorkflow.java:98)
2025-01-30 04:01:44,316 INFO c.h.h.t.HelmChartContainer - [hivemq-test-hivemq-platform] [hivemq-platform-operator] [33bf9b7a] 	at io.javaoperatorsdk.operator.processing.Controller$1.execute(Controller.java:147)
2025-01-30 04:01:44,316 INFO c.h.h.t.HelmChartContainer - [hivemq-test-hivemq-platform] [hivemq-platform-operator] [33bf9b7a] 	at io.javaoperatorsdk.operator.processing.Controller$1.execute(Controller.java:110)
2025-01-30 04:01:44,316 INFO c.h.h.t.HelmChartContainer - [hivemq-test-hivemq-platform] [hivemq-platform-operator] [33bf9b7a] 	at io.javaoperatorsdk.operator.monitoring.micrometer.MicrometerMetrics.lambda$timeControllerExecution$0(MicrometerMetrics.java:163)
2025-01-30 04:01:44,316 INFO c.h.h.t.HelmChartContainer - [hivemq-test-hivemq-platform] [hivemq-platform-operator] [33bf9b7a] 	... 11 common frames omitted
2025-01-30 04:01:44,316 INFO c.h.h.t.HelmChartContainer - [hivemq-test-hivemq-platform] [hivemq-platform-operator] [33bf9b7a] 04:01:44.311 [ReconcilerExecutor-hivemq-controller-122] INFO  c.h.p.o.HiveMQPlatformReconciler - [helmmqtt] Cleanup test-hivemq-platform - helmmqttit HiveMQ Platform is shut down
2025-01-30 04:01:45,106 INFO c.h.h.t.HelmChartContainer - [POD] test-hivemq-platform-0 [50428da3-bdd4-428b-9c80-d4d29951dea7] in helmmqttit was MODIFIED
2025-01-30 04:01:45,107 INFO c.h.h.t.HelmChartContainer - [EVENT] Normal [Killing] Stopping container hivemq [helmmqttit:test-hivemq-platform-0]
2025-01-30 04:01:45,107 INFO c.h.h.t.HelmChartContainer - Received Killing event for container hivemq in pod test-hivemq-platform-0 [50428da3-bdd4-428b-9c80-d4d29951dea7]
2025-01-30 04:01:45,107 INFO c.h.h.t.HelmChartContainer - Container [test-hivemq-platform-0] [hivemq] [50428da3-bdd4-428b-9c80-d4d29951dea7] was terminated
2025-01-30 04:01:45,107 INFO c.h.h.t.HelmChartContainer - Stopped log watcher for hivemq in pod test-hivemq-platform-0 [50428da3-bdd4-428b-9c80-d4d29951dea7]
2025-01-30 04:01:45,112 INFO c.h.h.t.HelmChartContainer - [test-hivemq-platform] [hivemq] [50428da3] INFO  - [HiveMQ Platform Operator Init App 1.7.0-SNAPSHOT] Shutting down
2025-01-30 04:01:45,113 INFO c.h.h.t.HelmChartContainer - [test-hivemq-platform] [hivemq] [50428da3] INFO  - [HiveMQ Platform Operator Init App 1.7.0-SNAPSHOT] Stopping the HiveMQ Platform
2025-01-30 04:01:45,196 INFO c.h.h.t.HelmChartContainer - [test-hivemq-platform] [hivemq] [50428da3] INFO  - Shutting down HiveMQ. Please wait, this could take a while...
2025-01-30 04:01:45,286 INFO c.h.h.t.HelmChartContainer - [test-hivemq-platform] [hivemq] [50428da3] INFO  - Shutting down listeners and clients
2025-01-30 04:01:45,287 INFO c.h.h.t.HelmChartContainer - [test-hivemq-platform] [hivemq] [50428da3] INFO  - Shutdown of listeners is done
2025-01-30 04:01:45,287 INFO c.h.h.t.HelmChartContainer - [test-hivemq-platform] [hivemq] [50428da3] INFO  - No clients are connected, proceeding with shutdown
2025-01-30 04:01:46,099 INFO c.h.h.t.HelmChartContainer - Deleting namespace 'helmmqttit'...
2025-01-30 04:01:48,282 INFO c.h.h.t.HelmChartContainer - [test-hivemq-platform] [hivemq] [50428da3] INFO  - Shutting down extension system
2025-01-30 04:01:48,288 INFO c.h.h.t.HelmChartContainer - [test-hivemq-platform] [hivemq] [50428da3] INFO  - Stopping extension with id hivemq-dns-cluster-discovery
2025-01-30 04:01:48,289 INFO c.h.h.t.HelmChartContainer - [test-hivemq-platform] [hivemq] [50428da3] INFO  - Extension "DNS Cluster Discovery Extension" version 4.3.2 stopped successfully.
2025-01-30 04:01:48,290 INFO c.h.h.t.HelmChartContainer - [test-hivemq-platform] [hivemq] [50428da3] INFO  - Stopping extension with id hivemq-prometheus-extension
2025-01-30 04:01:48,294 INFO c.h.h.t.HelmChartContainer - [test-hivemq-platform] [hivemq] [50428da3] INFO  - Extension "Prometheus Monitoring Extension" version 4.0.12 stopped successfully.
2025-01-30 04:01:48,294 INFO c.h.h.t.HelmChartContainer - [test-hivemq-platform] [hivemq] [50428da3] INFO  - Stopping extension with id hivemq-allow-all-extension
2025-01-30 04:01:48,294 INFO c.h.h.t.HelmChartContainer - [test-hivemq-platform] [hivemq] [50428da3] INFO  - Extension "Allow All Extension" version 1.1.1 stopped successfully.
2025-01-30 04:01:48,459 INFO c.h.h.t.HelmChartContainer - [test-hivemq-platform] [hivemq] [50428da3] INFO  - [HiveMQ Platform Operator Init App 1.7.0-SNAPSHOT] Returning shutdown Health API response 503 for readiness
2025-01-30 04:01:48,463 INFO c.h.h.t.HelmChartContainer - [EVENT] Warning [Unhealthy] Readiness probe failed: HTTP probe failed with statuscode: 503 [helmmqttit:test-hivemq-platform-0]
2025-01-30 04:01:48,463 INFO c.h.h.t.HelmChartContainer - Received Unhealthy event for container hivemq in pod test-hivemq-platform-0 [50428da3-bdd4-428b-9c80-d4d29951dea7]
2025-01-30 04:01:48,971 INFO c.h.h.t.HelmChartContainer - [test-hivemq-platform] [hivemq] [50428da3] WARN  - [HiveMQ Platform Operator Init App 1.7.0-SNAPSHOT] Could not update Pod annotations: Failure executing: GET at: https://10.43.0.1:443/api/v1/namespaces/helmmqttit/pods/test-hivemq-platform-0. Message: pods "test-hivemq-platform-0" is forbidden: User "system:serviceaccount:helmmqttit:hivemq-platform-pod-test-hivemq-platform" cannot get resource "pods" in API group "" in the namespace "helmmqttit". Received status: Status(apiVersion=v1, code=403, details=StatusDetails(causes=[], group=null, kind=pods, name=test-hivemq-platform-0, retryAfterSeconds=null, uid=null, additionalProperties={}), kind=Status, message=pods "test-hivemq-platform-0" is forbidden: User "system:serviceaccount:helmmqttit:hivemq-platform-pod-test-hivemq-platform" cannot get resource "pods" in API group "" in the namespace "helmmqttit", metadata=ListMeta(_continue=null, remainingItemCount=null, resourceVersion=null, selfLink=null, additionalProperties={}), reason=Forbidden, status=Failure, additionalProperties={}).
2025-01-30 04:01:50,550 INFO c.h.h.t.HelmChartContainer - [test-hivemq-platform] [hivemq] [50428da3] INFO  - Shutdown completed.
2025-01-30 04:01:50,900 INFO c.h.h.t.HelmChartContainer - [test-hivemq-platform] [hivemq] [50428da3] INFO  - [HiveMQ Platform Operator Init App 1.7.0-SNAPSHOT] The HiveMQ Platform exited with code 143
2025-01-30 04:01:50,900 INFO c.h.h.t.HelmChartContainer - [test-hivemq-platform] [hivemq] [50428da3] INFO  - [HiveMQ Platform Operator Init App 1.7.0-SNAPSHOT] Stopping the REST API
2025-01-30 04:01:50,908 INFO c.h.h.t.HelmChartContainer - [test-hivemq-platform] [hivemq] [50428da3] INFO  - [HiveMQ Platform Operator Init App 1.7.0-SNAPSHOT] Shutdown complete
2025-01-30 04:01:51,198 INFO c.h.h.t.HelmChartContainer - [K3S] [stateful_set.go:466] "StatefulSet has been deleted" key="helmmqttit/test-hivemq-platform"
2025-01-30 04:01:51,361 INFO c.h.h.t.HelmChartContainer - [POD] test-hivemq-platform-0 [50428da3-bdd4-428b-9c80-d4d29951dea7] in helmmqttit was MODIFIED
2025-01-30 04:01:51,513 INFO c.h.h.t.HelmChartContainer - [K3S] [reconciler_common.go:162] "operationExecutor.UnmountVolume started for volume \"broker-configuration\" (UniqueName: \"kubernetes.io/configmap/50428da3-bdd4-428b-9c80-d4d29951dea7-broker-configuration\") pod \"50428da3-bdd4-428b-9c80-d4d29951dea7\" (UID: \"50428da3-bdd4-428b-9c80-d4d29951dea7\") "
2025-01-30 04:01:51,513 INFO c.h.h.t.HelmChartContainer - [K3S] [reconciler_common.go:162] "operationExecutor.UnmountVolume started for volume \"operator-init\" (UniqueName: \"kubernetes.io/empty-dir/50428da3-bdd4-428b-9c80-d4d29951dea7-operator-init\") pod \"50428da3-bdd4-428b-9c80-d4d29951dea7\" (UID: \"50428da3-bdd4-428b-9c80-d4d29951dea7\") "
2025-01-30 04:01:51,513 INFO c.h.h.t.HelmChartContainer - [K3S] [reconciler_common.go:162] "operationExecutor.UnmountVolume started for volume \"pod-info\" (UniqueName: \"kubernetes.io/configmap/50428da3-bdd4-428b-9c80-d4d29951dea7-pod-info\") pod \"50428da3-bdd4-428b-9c80-d4d29951dea7\" (UID: \"50428da3-bdd4-428b-9c80-d4d29951dea7\") "
2025-01-30 04:01:51,514 INFO c.h.h.t.HelmChartContainer - [K3S] [reconciler_common.go:162] "operationExecutor.UnmountVolume started for volume \"kube-api-access-l4sc8\" (UniqueName: \"kubernetes.io/projected/50428da3-bdd4-428b-9c80-d4d29951dea7-kube-api-access-l4sc8\") pod \"50428da3-bdd4-428b-9c80-d4d29951dea7\" (UID: \"50428da3-bdd4-428b-9c80-d4d29951dea7\") "
2025-01-30 04:01:51,614 INFO c.h.h.t.HelmChartContainer - [K3S] [reconciler_common.go:299] "Volume detached for volume \"pod-info\" (UniqueName: \"kubernetes.io/configmap/50428da3-bdd4-428b-9c80-d4d29951dea7-pod-info\") on node \"969b9ea92551\" DevicePath \"\""
2025-01-30 04:01:51,614 INFO c.h.h.t.HelmChartContainer - [K3S] [reconciler_common.go:299] "Volume detached for volume \"kube-api-access-l4sc8\" (UniqueName: \"kubernetes.io/projected/50428da3-bdd4-428b-9c80-d4d29951dea7-kube-api-access-l4sc8\") on node \"969b9ea92551\" DevicePath \"\""
2025-01-30 04:01:51,614 INFO c.h.h.t.HelmChartContainer - [K3S] [reconciler_common.go:299] "Volume detached for volume \"operator-init\" (UniqueName: \"kubernetes.io/empty-dir/50428da3-bdd4-428b-9c80-d4d29951dea7-operator-init\") on node \"969b9ea92551\" DevicePath \"\""
2025-01-30 04:01:51,614 INFO c.h.h.t.HelmChartContainer - [K3S] [reconciler_common.go:299] "Volume detached for volume \"broker-configuration\" (UniqueName: \"kubernetes.io/configmap/50428da3-bdd4-428b-9c80-d4d29951dea7-broker-configuration\") on node \"969b9ea92551\" DevicePath \"\""
2025-01-30 04:01:52,263 INFO c.h.h.t.HelmChartContainer - [K3S] [scope.go:117] "RemoveContainer" containerID="cf5570c25da0c3b7af5f9f44f3021d2c96f089ba8dd5f7a68abefb5c1be6b756"
2025-01-30 04:01:52,275 INFO c.h.h.t.HelmChartContainer - [POD] test-hivemq-platform-0 [50428da3-bdd4-428b-9c80-d4d29951dea7] in helmmqttit was MODIFIED
2025-01-30 04:01:52,280 INFO c.h.h.t.HelmChartContainer - [POD] test-hivemq-platform-0 [50428da3-bdd4-428b-9c80-d4d29951dea7] in helmmqttit was DELETED
2025-01-30 04:01:52,357 INFO c.h.h.t.HelmChartContainer - [K3S] [scope.go:117] "RemoveContainer" containerID="81402110d9ed6c4d906ec9b98631787f422d5399a2e169ee963f0219add3ad23"
2025-01-30 04:01:52,360 INFO c.h.h.t.HelmChartContainer - [K3S] [scope.go:117] "RemoveContainer" containerID="cf5570c25da0c3b7af5f9f44f3021d2c96f089ba8dd5f7a68abefb5c1be6b756"
2025-01-30 04:01:52,361 INFO c.h.h.t.HelmChartContainer - [K3S] [scope.go:117] "RemoveContainer" containerID="81402110d9ed6c4d906ec9b98631787f422d5399a2e169ee963f0219add3ad23"
2025-01-30 04:01:54,047 INFO c.h.h.t.HelmChartContainer - [K3S] [kubelet_volumes.go:163] "Cleaned up orphaned pod volumes dir" podUID="50428da3-bdd4-428b-9c80-d4d29951dea7" path="/var/lib/kubelet/pods/50428da3-bdd4-428b-9c80-d4d29951dea7/volumes"
2025-01-30 04:01:56,432 INFO c.h.h.t.HelmChartContainer - Namespace 'helmmqttit' deleted
2025-01-30 04:01:56,432 INFO c.h.h.t.HelmChartContainer - Release 'test-hivemq-platform' in namespace 'helmmqttit' is uninstalled
2025-01-30 04:01:56,432 INFO c.h.h.t.HelmChartContainer - Uninstalling release 'test-hivemq-platform-operator' in namespace 'helmmqttit-operator'...
2025-01-30 04:01:56,432 DEBUG c.h.h.t.HelmChartContainer - Executing helm command: /bin/helm --kubeconfig /etc/rancher/k3s/k3s.yaml uninstall test-hivemq-platform-operator  --wait --timeout 5m0s --cascade foreground --namespace helmmqttit-operator
2025-01-30 04:01:56,601 INFO c.h.h.t.HelmChartContainer - [K3S] [replica_set.go:679] "Finished syncing" kind="ReplicaSet" key="helmmqttit-operator/hivemq-test-hivemq-platform-operator-6966f96d65" duration="9.722853ms"
2025-01-30 04:01:56,609 INFO c.h.h.t.HelmChartContainer - [K3S] [replica_set.go:679] "Finished syncing" kind="ReplicaSet" key="helmmqttit-operator/hivemq-test-hivemq-platform-operator-6966f96d65" duration="36.538µs"
2025-01-30 04:01:56,616 INFO c.h.h.t.HelmChartContainer - [POD] hivemq-test-hivemq-platform-operator-6966f96d65-zs2lk [33bf9b7a-5506-4894-a9b0-6733535b55ff] in helmmqttit-operator was MODIFIED
2025-01-30 04:01:56,631 INFO c.h.h.t.HelmChartContainer - [K3S] [replica_set.go:679] "Finished syncing" kind="ReplicaSet" key="helmmqttit-operator/hivemq-test-hivemq-platform-operator-6966f96d65" duration="16.60558ms"
2025-01-30 04:01:56,637 INFO c.h.h.t.HelmChartContainer - [K3S] [replica_set.go:679] "Finished syncing" kind="ReplicaSet" key="helmmqttit-operator/hivemq-test-hivemq-platform-operator-6966f96d65" duration="40.386µs"
2025-01-30 04:01:56,637 INFO c.h.h.t.HelmChartContainer - [EVENT] Normal [Killing] Stopping container hivemq-platform-operator [helmmqttit-operator:hivemq-test-hivemq-platform-operator-6966f96d65-zs2lk]
2025-01-30 04:01:56,637 INFO c.h.h.t.HelmChartContainer - Received Killing event for container hivemq-platform-operator in pod hivemq-test-hivemq-platform-operator-6966f96d65-zs2lk [33bf9b7a-5506-4894-a9b0-6733535b55ff]
2025-01-30 04:01:56,637 INFO c.h.h.t.HelmChartContainer - Container [hivemq-test-hivemq-platform-operator-6966f96d65-zs2lk] [hivemq-platform-operator] [33bf9b7a-5506-4894-a9b0-6733535b55ff] was terminated
2025-01-30 04:01:56,637 INFO c.h.h.t.HelmChartContainer - Stopped log watcher for hivemq-platform-operator in pod hivemq-test-hivemq-platform-operator-6966f96d65-zs2lk [33bf9b7a-5506-4894-a9b0-6733535b55ff]
2025-01-30 04:01:56,667 INFO c.h.h.t.HelmChartContainer - [hivemq-test-hivemq-platform] [hivemq-platform-operator] [33bf9b7a] 04:01:56.665 [application-shutdown-thread] INFO  c.h.p.o.HiveMQPlatformOperatorApplication - HiveMQ Platform Operator is stopping...
2025-01-30 04:01:56,667 INFO c.h.h.t.HelmChartContainer - [hivemq-test-hivemq-platform] [hivemq-platform-operator] [33bf9b7a] 04:01:56.666 [application-shutdown-thread] INFO  i.javaoperatorsdk.operator.Operator - Operator SDK 4.9.7 is shutting down...
2025-01-30 04:01:57,235 INFO c.h.h.t.HelmChartContainer - [K3S] [replica_set.go:679] "Finished syncing" kind="ReplicaSet" key="helmmqttit-operator/hivemq-test-hivemq-platform-operator-6966f96d65" duration="40.546µs"
2025-01-30 04:01:57,236 INFO c.h.h.t.HelmChartContainer - [POD] hivemq-test-hivemq-platform-operator-6966f96d65-zs2lk [33bf9b7a-5506-4894-a9b0-6733535b55ff] in helmmqttit-operator was MODIFIED
2025-01-30 04:01:57,270 INFO c.h.h.t.HelmChartContainer - [K3S] [scope.go:117] "RemoveContainer" containerID="4cca7b571aef88219e7c56b4ad571ac1abcb5b9439aedb9d31b4c72b0259ec4d"
2025-01-30 04:01:57,273 INFO c.h.h.t.HelmChartContainer - [K3S] [scope.go:117] "RemoveContainer" containerID="4cca7b571aef88219e7c56b4ad571ac1abcb5b9439aedb9d31b4c72b0259ec4d"
2025-01-30 04:01:57,346 INFO c.h.h.t.HelmChartContainer - [K3S] [reconciler_common.go:162] "operationExecutor.UnmountVolume started for volume \"kube-api-access-dpdv2\" (UniqueName: \"kubernetes.io/projected/33bf9b7a-5506-4894-a9b0-6733535b55ff-kube-api-access-dpdv2\") pod \"33bf9b7a-5506-4894-a9b0-6733535b55ff\" (UID: \"33bf9b7a-5506-4894-a9b0-6733535b55ff\") "
2025-01-30 04:01:57,446 INFO c.h.h.t.HelmChartContainer - [K3S] [reconciler_common.go:299] "Volume detached for volume \"kube-api-access-dpdv2\" (UniqueName: \"kubernetes.io/projected/33bf9b7a-5506-4894-a9b0-6733535b55ff-kube-api-access-dpdv2\") on node \"969b9ea92551\" DevicePath \"\""
2025-01-30 04:01:57,582 INFO c.h.h.t.HelmChartContainer - [K3S] [replica_set.go:679] "Finished syncing" kind="ReplicaSet" key="helmmqttit-operator/hivemq-test-hivemq-platform-operator-6966f96d65" duration="39.464µs"
2025-01-30 04:01:57,582 INFO c.h.h.t.HelmChartContainer - [POD] hivemq-test-hivemq-platform-operator-6966f96d65-zs2lk [33bf9b7a-5506-4894-a9b0-6733535b55ff] in helmmqttit-operator was MODIFIED
2025-01-30 04:01:57,587 INFO c.h.h.t.HelmChartContainer - [POD] hivemq-test-hivemq-platform-operator-6966f96d65-zs2lk [33bf9b7a-5506-4894-a9b0-6733535b55ff] in helmmqttit-operator was DELETED
2025-01-30 04:01:57,587 INFO c.h.h.t.HelmChartContainer - [K3S] [replica_set.go:679] "Finished syncing" kind="ReplicaSet" key="helmmqttit-operator/hivemq-test-hivemq-platform-operator-6966f96d65" duration="29.525µs"
2025-01-30 04:01:57,597 INFO c.h.h.t.HelmChartContainer - [K3S] [replica_set.go:679] "Finished syncing" kind="ReplicaSet" key="helmmqttit-operator/hivemq-test-hivemq-platform-operator-6966f96d65" duration="5.931µs"
2025-01-30 04:01:58,047 INFO c.h.h.t.HelmChartContainer - [K3S] [kubelet_volumes.go:163] "Cleaned up orphaned pod volumes dir" podUID="33bf9b7a-5506-4894-a9b0-6733535b55ff" path="/var/lib/kubelet/pods/33bf9b7a-5506-4894-a9b0-6733535b55ff/volumes"
2025-01-30 04:01:58,665 INFO c.h.h.t.HelmChartContainer - Deleting namespace 'helmmqttit-operator'...
2025-01-30 04:02:01,333 INFO c.h.h.t.HelmChartContainer - [K3S] [namespace_controller.go:187] "Namespace has been deleted" namespace="helmmqttit"
2025-01-30 04:02:03,880 INFO c.h.h.t.HelmChartContainer - Namespace 'helmmqttit-operator' deleted
2025-01-30 04:02:03,880 INFO c.h.h.t.HelmChartContainer - Release 'test-hivemq-platform-operator' in namespace 'helmmqttit-operator' is uninstalled
2025-01-30 04:02:04,579 INFO c.h.helmcharts.AbstractHelmChartIT - Removed unused containers:

2025-01-30 04:02:08,780 INFO c.h.h.t.HelmChartContainer - [K3S] [namespace_controller.go:187] "Namespace has been deleted" namespace="helmmqttit-operator"
2025-01-30 04:02:12,121 INFO c.h.helmcharts.AbstractHelmChartIT - Removed unused snapshots:
Removing snapshot sha256:03af251906410714c5aef9fa705b63f6bbc39c4a5e787de7361eeb18886c2ed2
Removing snapshot sha256:0c46b3b43cce082ce5ec34ffc6c294e0417d17b9d1e6f366d114b6aadc4f96dc
Removing snapshot sha256:0ce761beee59082d6ed5bcebd3a805b8ddd9b3426b617e4809e7fb7c6587ffec
Removing snapshot sha256:0df91287303208332c8ff6ba40ae4710105201739addbfbddfb955f1ad593664
Removing snapshot sha256:1021ef88c7974bfff89c5a0ec4fd3160daac6c48a075f74cff721f85dd104e68
Removing snapshot sha256:10aba4953ddc18145dd38e3704709bc464aa20af60b56fe52caaff4b68411e62
Removing snapshot sha256:1ef7f8e98416b809d2bb6f5770983576abfd6a3490ce1e168a21bf57f55c4900
Removing snapshot sha256:2573e0d8158209ed54ab25c87bcdcb00bd3d2539246960a3d592a1c599d70465
Removing snapshot sha256:362a8a37f8bbc31925a8146adcf7cf51f9882f5c1dcbef67c5baa03a297543c0
Removing snapshot sha256:3fa4ad33f0ddc8fd45b39b6b4640f82a3a83619606cd975bfe89d8710ad2d4cd
Removing snapshot sha256:43a7c979bbaba6838bc3102d6b10a1459f3ab050b87ccdfef84ef90cf43d3058
Removing snapshot sha256:4ab04491cdf0d3267f08206fe30bd48f49f94b9cab2f016d6739220f722a64af
Removing snapshot sha256:4b6068250e89c96f263060261819c7d912855bfbd64b3eb4c4a8483299b8c295
Removing snapshot sha256:4de96acac9a3a64de61473656a36d864130681bc4087dd1eb8432322abfca7c8
Removing snapshot sha256:580e69a0a8034ede1921139bbd2bfb72a69ebf276d008281896c32dd8bf74775
Removing snapshot sha256:5d30ba46b27fe37484567ccc5242cadc78217b8da605f3f195ef25cbf7487904
Removing snapshot sha256:63ca1fbb43ae5034640e5e6cb3e083e05c290072c5366fcaa9d62435a4cced85
Removing snapshot sha256:67f702c6baae873bceb19487c8b1f27bd2b86077e4f2f0e480e6d60ab508b8f5
Removing snapshot sha256:6864348dd42806d552efdec384f1274be15e2d0c10ce44c1f04347af004c10a9
Removing snapshot sha256:6c7dee8f2c39b84b7dc2711c01d33de93514d9055499173e9290176fbe484b6c
Removing snapshot sha256:82753493a6d61ded36556292f02f31841a14c20d2f279f19eaad65afb661d5cd
Removing snapshot sha256:8a10d3db42c505ee0fcfa98417bdd7e39b304f6bcc0a06bb1b220797ff2cc63c
Removing snapshot sha256:a21e5b12dbac529ad45d976eb9ce45c881f3bedcc500fb30aba1e52aa1813418
Removing snapshot sha256:b921e6c28969094157f9b8e7244677780319637afd14450b7cb6b2fdea558a0c
Removing snapshot sha256:bc27ecb5769a00e309cf99ebc763c4a4b958b618d1decc96ffac5bc05f02f5b7
Removing snapshot sha256:be3ccb6627a5332e309d45ef461d09b4879dd870c7394d89323d0ebc6ca6aa8a
Removing snapshot sha256:c261f7cbbc64211ee175ee47273acdb7b1a36a4450b397a064a8f2c026490095
Removing snapshot sha256:c34d9393647eea0c9e3557ab988efaf59f61d10a2a5613b439ef0958cca5ec10
Removing snapshot sha256:ccf3c4a0fa967a41c1c83497a2ce6fa5787965859df0adb32c4ca2cf7490bc2b
Removing snapshot sha256:cf92d33f869417309692088c341cd0f223c178ea78a125f757317b22aa8f90e9
Removing snapshot sha256:d0037344cf2fb078884f1849f6a1f8cf9a33a3b6139b6a85833e5ee528e1f9a8
Removing snapshot sha256:d3b36d5b79273b1e98e7700470eaeff05a882e777124d84cebcc1505b85ecb36
Removing snapshot sha256:d65a44a37914602d12c611e5e22a50f11451d847e63015cc1c2aef92dee777a4
Removing snapshot sha256:e2dc0bae2455930f23ae570e019b7f32edc75c0f2d71cab084db837ff9051796
Removing snapshot sha256:eccbd24a99c60cd9e86ee5305dbfc4a4dc89f5ab4fb1f06c8d64797cecedef34
Removing snapshot sha256:f144bb4c7c7f0d2aa7eeffd36d934ec40db1ee167be727e326aad9fdc616f475

]]></system-out>
  </testcase>
  <testcase name="platformChart_whenMqttNodePortEnabled_thenSendsReceivesMessage()" classname="com.hivemq.helmcharts.services.HelmMqttIT" time="97.94">
    <system-out><![CDATA[2025-01-30 04:02:12,130 INFO c.h.h.t.HelmChartContainer - Creating namespace 'helmmqttit-operator'...
2025-01-30 04:02:12,138 INFO c.h.h.t.HelmChartContainer - Namespace 'helmmqttit-operator' created
2025-01-30 04:02:12,138 INFO c.h.h.t.HelmChartContainer - Creating namespace 'helmmqttit'...
2025-01-30 04:02:12,146 INFO c.h.h.t.HelmChartContainer - Namespace 'helmmqttit' created
2025-01-30 04:02:12,238 DEBUG c.h.h.t.HelmChartContainer - Executing helm command: /bin/helm --kubeconfig /etc/rancher/k3s/k3s.yaml install test-hivemq-platform-operator /charts/hivemq-platform-operator --wait --timeout 5m0s --set image.repository=docker.io/hivemq --set image.name=hivemq-platform-operator-test --set image.initImageName=hivemq-platform-operator-init-test --set image.tag=snapshot --set image.pullPolicy=Never --set logLevel=DEBUG --set resources.cpu=512m --namespace helmmqttit-operator
2025-01-30 04:02:12,579 INFO c.h.h.t.HelmChartContainer - [K3S] [alloc.go:330] "allocated clusterIPs" service="helmmqttit-operator/hivemq-platform-operator-test-hivemq-platform-operator" clusterIPs={"IPv4":"10.43.248.6"}
2025-01-30 04:02:12,595 INFO c.h.h.t.HelmChartContainer - [EVENT] Normal [ScalingReplicaSet] Scaled up replica set hivemq-test-hivemq-platform-operator-6966f96d65 from 0 to 1 [helmmqttit-operator:hivemq-test-hivemq-platform-operator]
2025-01-30 04:02:12,606 INFO c.h.h.t.HelmChartContainer - [POD] hivemq-test-hivemq-platform-operator-6966f96d65-g4z2h [9f95da05-e63a-45ad-a182-06bceb0721f8] in helmmqttit-operator was ADDED
2025-01-30 04:02:12,615 INFO c.h.h.t.HelmChartContainer - [EVENT] Normal [SuccessfulCreate] Created pod: hivemq-test-hivemq-platform-operator-6966f96d65-g4z2h [helmmqttit-operator:hivemq-test-hivemq-platform-operator-6966f96d65]
2025-01-30 04:02:12,616 INFO c.h.h.t.HelmChartContainer - [K3S] [replica_set.go:679] "Finished syncing" kind="ReplicaSet" key="helmmqttit-operator/hivemq-test-hivemq-platform-operator-6966f96d65" duration="24.384048ms"
2025-01-30 04:02:12,618 INFO c.h.h.t.HelmChartContainer - [K3S] [memory_manager.go:355] "RemoveStaleState removing state" podUID="50428da3-bdd4-428b-9c80-d4d29951dea7" containerName="hivemq"
2025-01-30 04:02:12,619 INFO c.h.h.t.HelmChartContainer - [K3S] [memory_manager.go:355] "RemoveStaleState removing state" podUID="33bf9b7a-5506-4894-a9b0-6733535b55ff" containerName="hivemq-platform-operator"
2025-01-30 04:02:12,624 INFO c.h.h.t.HelmChartContainer - [POD] hivemq-test-hivemq-platform-operator-6966f96d65-g4z2h [9f95da05-e63a-45ad-a182-06bceb0721f8] in helmmqttit-operator was MODIFIED
2025-01-30 04:02:12,626 INFO c.h.h.t.HelmChartContainer - [EVENT] Normal [Scheduled] Successfully assigned helmmqttit-operator/hivemq-test-hivemq-platform-operator-6966f96d65-g4z2h to 969b9ea92551 [helmmqttit-operator:hivemq-test-hivemq-platform-operator-6966f96d65-g4z2h]
2025-01-30 04:02:12,637 INFO c.h.h.t.HelmChartContainer - [POD] hivemq-test-hivemq-platform-operator-6966f96d65-g4z2h [9f95da05-e63a-45ad-a182-06bceb0721f8] in helmmqttit-operator was MODIFIED
2025-01-30 04:02:12,639 INFO c.h.h.t.HelmChartContainer - [K3S] [replica_set.go:679] "Finished syncing" kind="ReplicaSet" key="helmmqttit-operator/hivemq-test-hivemq-platform-operator-6966f96d65" duration="23.992496ms"
2025-01-30 04:02:12,639 INFO c.h.h.t.HelmChartContainer - [K3S] [replica_set.go:679] "Finished syncing" kind="ReplicaSet" key="helmmqttit-operator/hivemq-test-hivemq-platform-operator-6966f96d65" duration="35.316µs"
2025-01-30 04:02:12,737 INFO c.h.h.t.HelmChartContainer - [K3S] [reconciler_common.go:251] "operationExecutor.VerifyControllerAttachedVolume started for volume \"kube-api-access-dddkk\" (UniqueName: \"kubernetes.io/projected/9f95da05-e63a-45ad-a182-06bceb0721f8-kube-api-access-dddkk\") pod \"hivemq-test-hivemq-platform-operator-6966f96d65-g4z2h\" (UID: \"9f95da05-e63a-45ad-a182-06bceb0721f8\") " pod="helmmqttit-operator/hivemq-test-hivemq-platform-operator-6966f96d65-g4z2h"
2025-01-30 04:02:13,012 INFO c.h.h.t.HelmChartContainer - [EVENT] Normal [Pulled] Container image "docker.io/hivemq/hivemq-platform-operator-test:snapshot" already present on machine [helmmqttit-operator:hivemq-test-hivemq-platform-operator-6966f96d65-g4z2h]
2025-01-30 04:02:13,012 INFO c.h.h.t.HelmChartContainer - Received Pulled event for container hivemq-platform-operator in pod hivemq-test-hivemq-platform-operator-6966f96d65-g4z2h [9f95da05-e63a-45ad-a182-06bceb0721f8]
2025-01-30 04:02:14,455 INFO c.h.h.t.HelmChartContainer - [EVENT] Normal [Created] Created container: hivemq-platform-operator [helmmqttit-operator:hivemq-test-hivemq-platform-operator-6966f96d65-g4z2h]
2025-01-30 04:02:14,455 INFO c.h.h.t.HelmChartContainer - Received Created event for container hivemq-platform-operator in pod hivemq-test-hivemq-platform-operator-6966f96d65-g4z2h [9f95da05-e63a-45ad-a182-06bceb0721f8]
2025-01-30 04:02:15,306 INFO c.h.h.t.HelmChartContainer - [K3S] [replica_set.go:679] "Finished syncing" kind="ReplicaSet" key="helmmqttit-operator/hivemq-test-hivemq-platform-operator-6966f96d65" duration="43.22µs"
2025-01-30 04:02:15,310 INFO c.h.h.t.HelmChartContainer - [POD] hivemq-test-hivemq-platform-operator-6966f96d65-g4z2h [9f95da05-e63a-45ad-a182-06bceb0721f8] in helmmqttit-operator was MODIFIED
2025-01-30 04:02:15,319 INFO c.h.h.t.HelmChartContainer - [EVENT] Normal [Started] Started container hivemq-platform-operator [helmmqttit-operator:hivemq-test-hivemq-platform-operator-6966f96d65-g4z2h]
2025-01-30 04:02:15,319 INFO c.h.h.t.HelmChartContainer - Started log watcher for hivemq-platform-operator in pod hivemq-test-hivemq-platform-operator-6966f96d65-g4z2h [9f95da05-e63a-45ad-a182-06bceb0721f8]
2025-01-30 04:02:15,319 INFO c.h.h.t.HelmChartContainer - Received Started event for container hivemq-platform-operator in pod hivemq-test-hivemq-platform-operator-6966f96d65-g4z2h [9f95da05-e63a-45ad-a182-06bceb0721f8]
2025-01-30 04:02:15,320 INFO c.h.h.t.HelmChartContainer - [hivemq-test-hivemq-platform] [hivemq-platform-operator] [9f95da05] -------------------------------------------------------------------------
2025-01-30 04:02:15,320 INFO c.h.h.t.HelmChartContainer - [hivemq-test-hivemq-platform] [hivemq-platform-operator] [9f95da05] 
2025-01-30 04:02:15,320 INFO c.h.h.t.HelmChartContainer - [hivemq-test-hivemq-platform] [hivemq-platform-operator] [9f95da05]                   _    _  _              __  __   ____
2025-01-30 04:02:15,320 INFO c.h.h.t.HelmChartContainer - [hivemq-test-hivemq-platform] [hivemq-platform-operator] [9f95da05]                  | |  | |(_)            |  \/  | / __ \
2025-01-30 04:02:15,320 INFO c.h.h.t.HelmChartContainer - [hivemq-test-hivemq-platform] [hivemq-platform-operator] [9f95da05]                  | |__| | _ __   __ ___ | \  / || |  | |
2025-01-30 04:02:15,320 INFO c.h.h.t.HelmChartContainer - [hivemq-test-hivemq-platform] [hivemq-platform-operator] [9f95da05]                  |  __  || |\ \ / // _ \| |\/| || |  | |
2025-01-30 04:02:15,320 INFO c.h.h.t.HelmChartContainer - [hivemq-test-hivemq-platform] [hivemq-platform-operator] [9f95da05]                  | |  | || | \ V /|  __/| |  | || |__| |
2025-01-30 04:02:15,320 INFO c.h.h.t.HelmChartContainer - [hivemq-test-hivemq-platform] [hivemq-platform-operator] [9f95da05]                  |_|  |_||_|  \_/  \___||_|  |_| \___\_\
2025-01-30 04:02:15,321 INFO c.h.h.t.HelmChartContainer - [hivemq-test-hivemq-platform] [hivemq-platform-operator] [9f95da05] 
2025-01-30 04:02:15,321 INFO c.h.h.t.HelmChartContainer - [hivemq-test-hivemq-platform] [hivemq-platform-operator] [9f95da05] -------------------------------------------------------------------------
2025-01-30 04:02:15,321 INFO c.h.h.t.HelmChartContainer - [hivemq-test-hivemq-platform] [hivemq-platform-operator] [9f95da05] 
2025-01-30 04:02:15,321 INFO c.h.h.t.HelmChartContainer - [hivemq-test-hivemq-platform] [hivemq-platform-operator] [9f95da05]   HiveMQ Platform Operator Start Script v1.0
2025-01-30 04:02:15,321 INFO c.h.h.t.HelmChartContainer - [hivemq-test-hivemq-platform] [hivemq-platform-operator] [9f95da05] 
2025-01-30 04:02:15,321 INFO c.h.h.t.HelmChartContainer - [hivemq-test-hivemq-platform] [hivemq-platform-operator] [9f95da05] -------------------------------------------------------------------------
2025-01-30 04:02:15,321 INFO c.h.h.t.HelmChartContainer - [hivemq-test-hivemq-platform] [hivemq-platform-operator] [9f95da05] 
2025-01-30 04:02:15,321 INFO c.h.h.t.HelmChartContainer - [hivemq-test-hivemq-platform] [hivemq-platform-operator] [9f95da05]   JAVA_OPTS: -XX:+UnlockExperimentalVMOptions -XX:InitialRAMPercentage=75 -XX:MaxRAMPercentage=75 -Duser.language=en -Duser.region=US
2025-01-30 04:02:15,321 INFO c.h.h.t.HelmChartContainer - [hivemq-test-hivemq-platform] [hivemq-platform-operator] [9f95da05] 
2025-01-30 04:02:15,321 INFO c.h.h.t.HelmChartContainer - [hivemq-test-hivemq-platform] [hivemq-platform-operator] [9f95da05]   JAVA_VERSION: 21
2025-01-30 04:02:15,321 INFO c.h.h.t.HelmChartContainer - [hivemq-test-hivemq-platform] [hivemq-platform-operator] [9f95da05] 
2025-01-30 04:02:15,321 INFO c.h.h.t.HelmChartContainer - [hivemq-test-hivemq-platform] [hivemq-platform-operator] [9f95da05] -------------------------------------------------------------------------
2025-01-30 04:02:15,321 INFO c.h.h.t.HelmChartContainer - [hivemq-test-hivemq-platform] [hivemq-platform-operator] [9f95da05] 
2025-01-30 04:02:17,563 INFO c.h.h.t.HelmChartContainer - [hivemq-test-hivemq-platform] [hivemq-platform-operator] [9f95da05] 04:02:17.560 [main] DEBUG org.jboss.logging - Logging Provider: org.jboss.logging.Slf4jLoggerProvider
2025-01-30 04:02:17,664 INFO c.h.h.t.HelmChartContainer - [hivemq-test-hivemq-platform] [hivemq-platform-operator] [9f95da05] 04:02:17.663 [main] DEBUG io.smallrye.config - SRCFG01006: Loaded ConfigSource SysPropConfigSource with ordinal 400
2025-01-30 04:02:17,665 INFO c.h.h.t.HelmChartContainer - [hivemq-test-hivemq-platform] [hivemq-platform-operator] [9f95da05] 04:02:17.663 [main] DEBUG io.smallrye.config - SRCFG01006: Loaded ConfigSource EnvConfigSource with ordinal 300
2025-01-30 04:02:17,665 INFO c.h.h.t.HelmChartContainer - [hivemq-test-hivemq-platform] [hivemq-platform-operator] [9f95da05] 04:02:17.663 [main] DEBUG io.smallrye.config - SRCFG01006: Loaded ConfigSource PropertiesConfigSource[source=jar:file:///opt/hivemq-platform-operator/bin/hivemq-platform-operator.jar!/hivemq-platform-operator.properties] with ordinal 100
2025-01-30 04:02:17,665 INFO c.h.h.t.HelmChartContainer - [hivemq-test-hivemq-platform] [hivemq-platform-operator] [9f95da05] 04:02:17.663 [main] DEBUG io.smallrye.config - SRCFG01006: Loaded ConfigSource DefaultValuesConfigSource with ordinal -2147483648
2025-01-30 04:02:17,776 INFO c.h.h.t.HelmChartContainer - [hivemq-test-hivemq-platform] [hivemq-platform-operator] [9f95da05] 04:02:17.775 [main] DEBUG i.m.c.u.i.l.InternalLoggerFactory - Using SLF4J as the default logging framework
2025-01-30 04:02:17,962 INFO c.h.h.t.HelmChartContainer - [hivemq-test-hivemq-platform] [hivemq-platform-operator] [9f95da05] 04:02:17.877 [main] INFO  c.h.p.o.HiveMQPlatformOperatorApplication - HiveMQ Platform Operator 1.7.0-SNAPSHOT (commit: 47e3375 on branch: HEAD) built on Thu Jan 30 03:55:50 UTC 2025
2025-01-30 04:02:17,963 INFO c.h.h.t.HelmChartContainer - [hivemq-test-hivemq-platform] [hivemq-platform-operator] [9f95da05] 04:02:17.961 [main] INFO  c.h.p.o.HiveMQPlatformOperatorApplication - HiveMQ Platform Operator is running in namespace: helmmqttit-operator
2025-01-30 04:02:17,963 INFO c.h.h.t.HelmChartContainer - [hivemq-test-hivemq-platform] [hivemq-platform-operator] [9f95da05] 04:02:17.961 [main] INFO  c.h.p.o.HiveMQPlatformOperatorApplication - Watching all namespaces
2025-01-30 04:02:17,963 INFO c.h.h.t.HelmChartContainer - [hivemq-test-hivemq-platform] [hivemq-platform-operator] [9f95da05] 04:02:17.961 [main] INFO  c.h.p.o.HiveMQPlatformOperatorApplication - Log level: DEBUG
2025-01-30 04:02:17,963 INFO c.h.h.t.HelmChartContainer - [hivemq-test-hivemq-platform] [hivemq-platform-operator] [9f95da05] 04:02:17.961 [main] INFO  c.h.p.o.HiveMQPlatformOperatorApplication - Release name: test-hivemq-platform-operator
2025-01-30 04:02:17,963 INFO c.h.h.t.HelmChartContainer - [hivemq-test-hivemq-platform] [hivemq-platform-operator] [9f95da05] 04:02:17.961 [main] INFO  c.h.p.o.HiveMQPlatformOperatorApplication - HiveMQ Platform Operator Init image: docker.io/hivemq/hivemq-platform-operator-init-test:snapshot
2025-01-30 04:02:17,963 INFO c.h.h.t.HelmChartContainer - [hivemq-test-hivemq-platform] [hivemq-platform-operator] [9f95da05] 04:02:17.961 [main] INFO  c.h.p.o.HiveMQPlatformOperatorApplication - HiveMQ Platform Operator Init App update URL: http://hivemq-platform-operator-test-hivemq-platform-operator.helmmqttit-operator.svc:8080/initAppUpdate/hivemq-platform-operator-init-app-1.7.0-SNAPSHOT.jar
2025-01-30 04:02:17,963 INFO c.h.h.t.HelmChartContainer - [hivemq-test-hivemq-platform] [hivemq-platform-operator] [9f95da05] 04:02:17.961 [main] INFO  c.h.p.o.HiveMQPlatformOperatorApplication - Additional imagePullSecret for all Platform deployments: none
2025-01-30 04:02:17,963 INFO c.h.h.t.HelmChartContainer - [hivemq-test-hivemq-platform] [hivemq-platform-operator] [9f95da05] 04:02:17.961 [main] INFO  c.h.p.o.HiveMQPlatformOperatorApplication - Apply HiveMQ Platform CRD: true
2025-01-30 04:02:17,963 INFO c.h.h.t.HelmChartContainer - [hivemq-test-hivemq-platform] [hivemq-platform-operator] [9f95da05] 04:02:17.961 [main] INFO  c.h.p.o.HiveMQPlatformOperatorApplication - Create Platform ServiceAccount: true
2025-01-30 04:02:17,963 INFO c.h.h.t.HelmChartContainer - [hivemq-test-hivemq-platform] [hivemq-platform-operator] [9f95da05] 04:02:17.961 [main] INFO  c.h.p.o.HiveMQPlatformOperatorApplication - Create Platform ServiceAccount permissions: true
2025-01-30 04:02:17,963 INFO c.h.h.t.HelmChartContainer - [hivemq-test-hivemq-platform] [hivemq-platform-operator] [9f95da05] 04:02:17.961 [main] INFO  c.h.p.o.HiveMQPlatformOperatorApplication - Validate Platform ServiceAccount: true
2025-01-30 04:02:17,963 INFO c.h.h.t.HelmChartContainer - [hivemq-test-hivemq-platform] [hivemq-platform-operator] [9f95da05] 04:02:17.961 [main] INFO  c.h.p.o.HiveMQPlatformOperatorApplication - Validate Platform ServiceAccount permissions: true
2025-01-30 04:02:18,079 INFO c.h.h.t.HelmChartContainer - [hivemq-test-hivemq-platform] [hivemq-platform-operator] [9f95da05] 04:02:18.077 [main] INFO  c.h.platform.operator.util.CRDUtil - Verifying deployed HiveMQ Platform CRD...
2025-01-30 04:02:20,472 INFO c.h.h.t.HelmChartContainer - [hivemq-test-hivemq-platform] [hivemq-platform-operator] [9f95da05] 04:02:20.471 [main] DEBUG c.h.platform.operator.util.CRDUtil - HiveMQ Platform CRD version v1 is up to date
2025-01-30 04:02:20,472 INFO c.h.h.t.HelmChartContainer - [hivemq-test-hivemq-platform] [hivemq-platform-operator] [9f95da05] 04:02:20.471 [main] INFO  c.h.platform.operator.util.CRDUtil - HiveMQ Platform CRD is up to date (version: V1_6_0)
2025-01-30 04:02:20,472 INFO c.h.h.t.HelmChartContainer - [hivemq-test-hivemq-platform] [hivemq-platform-operator] [9f95da05] 04:02:20.471 [main] INFO  c.h.platform.operator.util.CRDUtil - Waiting 10000 ms for HiveMQ Platform CRD 'hivemq-platforms.hivemq.com' to become ready...
2025-01-30 04:02:20,761 INFO c.h.h.t.HelmChartContainer - [hivemq-test-hivemq-platform] [hivemq-platform-operator] [9f95da05] 04:02:20.759 [vert.x-eventloop-thread-1] DEBUG c.h.platform.operator.util.CRDUtil - Checking CRD condition 'NamesAccepted' (status: 'True')
2025-01-30 04:02:20,762 INFO c.h.h.t.HelmChartContainer - [hivemq-test-hivemq-platform] [hivemq-platform-operator] [9f95da05] 04:02:20.759 [vert.x-eventloop-thread-1] DEBUG c.h.platform.operator.util.CRDUtil - Checking CRD condition 'Established' (status: 'True')
2025-01-30 04:02:20,762 INFO c.h.h.t.HelmChartContainer - [hivemq-test-hivemq-platform] [hivemq-platform-operator] [9f95da05] 04:02:20.760 [main] INFO  c.h.platform.operator.util.CRDUtil - HiveMQ Platform CRD 'hivemq-platforms.hivemq.com' is ready
2025-01-30 04:02:20,956 INFO c.h.h.t.HelmChartContainer - [hivemq-test-hivemq-platform] [hivemq-platform-operator] [9f95da05] 04:02:20.954 [main] INFO  c.h.p.o.HiveMQPlatformReconciler - HiveMQ Platform Operator is starting...
2025-01-30 04:02:20,983 INFO c.h.h.t.HelmChartContainer - [hivemq-test-hivemq-platform] [hivemq-platform-operator] [9f95da05] 04:02:20.982 [main] WARN  Default ConfigurationService implementation - Configuration for reconciler 'hivemq-controller' was not found. Known reconcilers: None.
2025-01-30 04:02:21,062 INFO c.h.h.t.HelmChartContainer - [hivemq-test-hivemq-platform] [hivemq-platform-operator] [9f95da05] 04:02:21.061 [main] INFO  Default ConfigurationService implementation - Created configuration for reconciler com.hivemq.platform.operator.HiveMQPlatformReconciler with name hivemq-controller
2025-01-30 04:02:21,163 INFO c.h.h.t.HelmChartContainer - [hivemq-test-hivemq-platform] [hivemq-platform-operator] [9f95da05] 04:02:21.162 [main] DEBUG c.h.p.o.HiveMQPlatformReconciler - HiveMQ Platform Operator is preparing EventSources
2025-01-30 04:02:21,178 INFO c.h.h.t.HelmChartContainer - [hivemq-test-hivemq-platform] [hivemq-platform-operator] [9f95da05] 04:02:21.177 [main] INFO  i.javaoperatorsdk.operator.Operator - Registered reconciler: 'hivemq-controller' for resource: 'class com.hivemq.platform.operator.v1.HiveMQPlatform' for namespace(s): [all namespaces]
2025-01-30 04:02:21,768 INFO c.h.h.t.HelmChartContainer - [hivemq-test-hivemq-platform] [hivemq-platform-operator] [9f95da05] 04:02:21.767 [main] INFO  c.h.p.operator.webserver.JettyServer - Starting Jetty server on port 8080
2025-01-30 04:02:21,865 INFO c.h.h.t.HelmChartContainer - [hivemq-test-hivemq-platform] [hivemq-platform-operator] [9f95da05] 04:02:21.864 [main] INFO  i.javaoperatorsdk.operator.Operator - Operator SDK 4.9.7 (commit: 2133d28) built on Wed Nov 20 12:56:20 UTC 2024 starting...
2025-01-30 04:02:21,866 INFO c.h.h.t.HelmChartContainer - [hivemq-test-hivemq-platform] [hivemq-platform-operator] [9f95da05] 04:02:21.864 [main] INFO  i.javaoperatorsdk.operator.Operator - Client version: 6.13.5
2025-01-30 04:02:21,867 INFO c.h.h.t.HelmChartContainer - [hivemq-test-hivemq-platform] [hivemq-platform-operator] [9f95da05] 04:02:21.866 [Controller Starter for: hivemq-controller] INFO  i.j.operator.processing.Controller - Starting 'hivemq-controller' controller for reconciler: com.hivemq.platform.operator.HiveMQPlatformReconciler, resource: com.hivemq.platform.operator.v1.HiveMQPlatform
2025-01-30 04:02:24,165 INFO c.h.h.t.HelmChartContainer - [hivemq-test-hivemq-platform] [hivemq-platform-operator] [9f95da05] 04:02:24.164 [Controller Starter for: hivemq-controller] INFO  i.j.operator.processing.Controller - 'hivemq-controller' controller started
2025-01-30 04:02:24,166 INFO c.h.h.t.HelmChartContainer - [hivemq-test-hivemq-platform] [hivemq-platform-operator] [9f95da05] 04:02:24.165 [main] INFO  c.h.p.o.HiveMQPlatformOperatorApplication - HiveMQ Platform Operator 1.7.0-SNAPSHOT started in 6287 ms
2025-01-30 04:02:26,317 INFO c.h.h.t.HelmChartContainer - [POD] hivemq-test-hivemq-platform-operator-6966f96d65-g4z2h [9f95da05-e63a-45ad-a182-06bceb0721f8] in helmmqttit-operator was MODIFIED
2025-01-30 04:02:26,322 INFO c.h.h.t.HelmChartContainer - [K3S] [replica_set.go:679] "Finished syncing" kind="ReplicaSet" key="helmmqttit-operator/hivemq-test-hivemq-platform-operator-6966f96d65" duration="9.593602ms"
2025-01-30 04:02:26,323 INFO c.h.h.t.HelmChartContainer - [K3S] [replica_set.go:679] "Finished syncing" kind="ReplicaSet" key="helmmqttit-operator/hivemq-test-hivemq-platform-operator-6966f96d65" duration="39.805µs"
2025-01-30 04:02:26,707 DEBUG c.h.h.t.HelmChartContainer - Executing helm command: /bin/helm --kubeconfig /etc/rancher/k3s/k3s.yaml install test-hivemq-platform /charts/hivemq-platform --wait --timeout 5m0s --set image.repository=docker.io/hivemq --set image.tag=4.36.0 --set image.pullPolicy=Never --set nodes.resources.cpu=512m -f /files/mqtt-node-port-values.yaml --namespace helmmqttit
2025-01-30 04:02:27,062 INFO c.h.h.t.HelmChartContainer - [hivemq-test-hivemq-platform] [hivemq-platform-operator] [9f95da05] 04:02:27.058 [-2082509879-pool-1-thread-3] WARN  i.m.p.PrometheusMeterRegistry - The meter (MeterId{name='operator.sdk.events.received', tags=[tag(action=ADDED),tag(event=ResourceEvent),tag(group=hivemq.com),tag(kind=HiveMQPlatform),tag(name=test-hivemq-platform),tag(namespace=helmmqttit),tag(scope=namespace),tag(version=v1)]}) registration has failed: Prometheus requires that all meters with the same name have the same set of tag keys. There is already an existing meter named 'operator.sdk.events.received' containing tag keys [event, group, kind, name, namespace, scope, version]. The meter you are attempting to register has keys [action, event, group, kind, name, namespace, scope, version]. Note that subsequent logs will be logged at debug level.
2025-01-30 04:02:27,539 INFO c.h.h.t.HelmChartContainer - [hivemq-test-hivemq-platform] [hivemq-platform-operator] [9f95da05] 04:02:27.538 [pool-6-thread-3] DEBUG c.h.p.o.dependants.PodInfoConfigMap - [helmmqtt] Desired PodInfo ConfigMap (1 extensions) (1 enabled)
2025-01-30 04:02:27,540 INFO c.h.h.t.HelmChartContainer - [hivemq-test-hivemq-platform] [hivemq-platform-operator] [9f95da05] 04:02:27.539 [pool-6-thread-3] DEBUG c.h.p.o.dependants.PodInfoConfigMap - [helmmqtt] Desired PodInfo ConfigMap (metrics port: 9399) (metrics path: /)
2025-01-30 04:02:27,540 INFO c.h.h.t.HelmChartContainer - [hivemq-test-hivemq-platform] [hivemq-platform-operator] [9f95da05] 04:02:27.539 [pool-6-thread-3] DEBUG c.h.p.o.dependants.PodInfoConfigMap - [helmmqtt] Desired PodInfo ConfigMap (extension state hash: -1817474005)
2025-01-30 04:02:27,558 INFO c.h.h.t.HelmChartContainer - [hivemq-test-hivemq-platform] [hivemq-platform-operator] [9f95da05] 04:02:27.556 [pool-6-thread-3] DEBUG c.h.p.o.dependants.PodInfoConfigMap - [helmmqtt] Create PodInfo ConfigMap
2025-01-30 04:02:27,733 INFO c.h.h.t.HelmChartContainer - [hivemq-test-hivemq-platform] [hivemq-platform-operator] [9f95da05] 04:02:27.732 [pool-6-thread-5] DEBUG c.h.p.o.dependants.PodRoleResource - [helmmqtt] Create Role: Role(apiVersion=rbac.authorization.k8s.io/v1, kind=Role, metadata=ObjectMeta(annotations={meta.helm.sh/release-name=test-hivemq-platform, meta.helm.sh/release-namespace=helmmqttit}, creationTimestamp=null, deletionGracePeriodSeconds=null, deletionTimestamp=null, finalizers=[], generateName=null, generation=null, labels={helm.sh/chart=hivemq-platform-0.2.32, app.kubernetes.io/managed-by=Helm, app.kubernetes.io/name=hivemq-platform, hivemq-platform=test-hivemq-platform, app.kubernetes.io/instance=test-hivemq-platform, app.kubernetes.io/version=4.36.0}, managedFields=[], name=hivemq-platform-role-test-hivemq-platform, namespace=helmmqttit, ownerReferences=[OwnerReference(apiVersion=hivemq.com/v1, blockOwnerDeletion=null, controller=null, kind=HiveMQPlatform, name=test-hivemq-platform, uid=d2eba6b9-cad4-4b74-9538-160b3d7ada96, additionalProperties={})], resourceVersion=null, selfLink=null, uid=null, additionalProperties={}), rules=[PolicyRule(apiGroups=[], nonResourceURLs=[], resourceNames=[], resources=[pods], verbs=[get, patch, update], additionalProperties={})], additionalProperties={})
2025-01-30 04:02:27,836 INFO c.h.h.t.HelmChartContainer - [hivemq-test-hivemq-platform] [hivemq-platform-operator] [9f95da05] 04:02:27.835 [pool-6-thread-7] DEBUG c.h.p.o.d.PodServiceAccountResource - [helmmqtt] Desired PodServiceAccountResource (serviceAccountName: hivemq-platform-pod-test-hivemq-platform)
2025-01-30 04:02:27,837 INFO c.h.h.t.HelmChartContainer - [hivemq-test-hivemq-platform] [hivemq-platform-operator] [9f95da05] 04:02:27.835 [pool-6-thread-7] DEBUG c.h.p.o.d.PodServiceAccountResource - [helmmqtt] Create ServiceAccount 'hivemq-platform-pod-test-hivemq-platform'
2025-01-30 04:02:27,962 INFO c.h.h.t.HelmChartContainer - [hivemq-test-hivemq-platform] [hivemq-platform-operator] [9f95da05] 04:02:27.961 [pool-6-thread-10] DEBUG c.h.p.o.d.PodRoleBindingResource - [helmmqtt] Create RoleBinding: RoleBinding(apiVersion=rbac.authorization.k8s.io/v1, kind=RoleBinding, metadata=ObjectMeta(annotations={meta.helm.sh/release-name=test-hivemq-platform, meta.helm.sh/release-namespace=helmmqttit}, creationTimestamp=null, deletionGracePeriodSeconds=null, deletionTimestamp=null, finalizers=[], generateName=null, generation=null, labels={helm.sh/chart=hivemq-platform-0.2.32, app.kubernetes.io/managed-by=Helm, app.kubernetes.io/name=hivemq-platform, hivemq-platform=test-hivemq-platform, app.kubernetes.io/instance=test-hivemq-platform, app.kubernetes.io/version=4.36.0}, managedFields=[], name=hivemq-platform-role-binding-test-hivemq-platform, namespace=helmmqttit, ownerReferences=[OwnerReference(apiVersion=hivemq.com/v1, blockOwnerDeletion=null, controller=null, kind=HiveMQPlatform, name=test-hivemq-platform, uid=d2eba6b9-cad4-4b74-9538-160b3d7ada96, additionalProperties={})], resourceVersion=null, selfLink=null, uid=null, additionalProperties={}), roleRef=RoleRef(apiGroup=rbac.authorization.k8s.io, kind=Role, name=hivemq-platform-role-test-hivemq-platform, additionalProperties={}), subjects=[Subject(apiGroup=null, kind=ServiceAccount, name=hivemq-platform-pod-test-hivemq-platform, namespace=helmmqttit, additionalProperties={})], additionalProperties={})
2025-01-30 04:02:28,032 INFO c.h.h.t.HelmChartContainer - [hivemq-test-hivemq-platform] [hivemq-platform-operator] [9f95da05] 04:02:28.032 [ReconcilerExecutor-hivemq-controller-53] INFO  c.h.p.o.HiveMQPlatformReconciler - [helmmqtt] Reconciling HiveMQ Platform 'test-hivemq-platform' in namespace 'helmmqttit'
2025-01-30 04:02:28,034 INFO c.h.h.t.HelmChartContainer - [hivemq-test-hivemq-platform] [hivemq-platform-operator] [9f95da05] 04:02:28.032 [ReconcilerExecutor-hivemq-controller-53] DEBUG c.h.p.o.HiveMQPlatformReconciler - [helmmqtt] Custom Resource Status CREATED - HiveMQ Platform was created (READY)
2025-01-30 04:02:28,034 INFO c.h.h.t.HelmChartContainer - [hivemq-test-hivemq-platform] [hivemq-platform-operator] [9f95da05] 04:02:28.032 [ReconcilerExecutor-hivemq-controller-53] DEBUG c.h.p.o.HiveMQPlatformReconciler - [helmmqtt] Custom Resource Spec (replicas: 1) (extensions: 1)
2025-01-30 04:02:28,037 INFO c.h.h.t.HelmChartContainer - [hivemq-test-hivemq-platform] [hivemq-platform-operator] [9f95da05] 04:02:28.036 [ReconcilerExecutor-hivemq-controller-53] INFO  c.h.p.o.h.HiveMQPlatformReconcilerBaseHandler - [helmmqtt] HiveMQ Platform is starting
2025-01-30 04:02:28,139 INFO c.h.h.t.HelmChartContainer - [hivemq-test-hivemq-platform] [hivemq-platform-operator] [9f95da05] 04:02:28.139 [ReconcilerExecutor-hivemq-controller-53] DEBUG c.h.p.operator.event.EventSender - [helmmqtt] Creating K8s event hivemq-platform-starting: [Start] HiveMQ Platform is starting
2025-01-30 04:02:28,160 INFO c.h.h.t.HelmChartContainer - [EVENT] Normal [Start] HiveMQ Platform is starting [helmmqttit:test-hivemq-platform]
2025-01-30 04:02:28,164 INFO c.h.h.t.HelmChartContainer - [hivemq-test-hivemq-platform] [hivemq-platform-operator] [9f95da05] 04:02:28.163 [ReconcilerExecutor-hivemq-controller-53] INFO  c.h.p.o.h.AbstractHiveMQReconcilerStateHandler - [helmmqtt] Update HiveMQ Platform Status (CREATED [READY] -> STARTING [READY]): HiveMQ Platform is starting
2025-01-30 04:02:28,242 DEBUG com.hivemq.helmcharts.util.K8sUtil - Comparing actual state 'STARTING' and waiting for 'RUNNING'
2025-01-30 04:02:38,268 INFO c.h.h.t.HelmChartContainer - [hivemq-test-hivemq-platform] [hivemq-platform-operator] [9f95da05] 04:02:38.266 [pool-6-thread-12] DEBUG c.h.p.o.d.PlatformServiceResource - [helmmqtt] Desired Platform services (2 services)
2025-01-30 04:02:38,270 INFO c.h.h.t.HelmChartContainer - [hivemq-test-hivemq-platform] [hivemq-platform-operator] [9f95da05] 04:02:38.268 [pool-6-thread-13] DEBUG c.h.p.o.dependants.PodInfoConfigMap - [helmmqtt] Desired PodInfo ConfigMap (1 extensions) (1 enabled)
2025-01-30 04:02:38,270 INFO c.h.h.t.HelmChartContainer - [hivemq-test-hivemq-platform] [hivemq-platform-operator] [9f95da05] 04:02:38.268 [pool-6-thread-13] DEBUG c.h.p.o.dependants.PodInfoConfigMap - [helmmqtt] Desired PodInfo ConfigMap (metrics port: 9399) (metrics path: /)
2025-01-30 04:02:38,270 INFO c.h.h.t.HelmChartContainer - [hivemq-test-hivemq-platform] [hivemq-platform-operator] [9f95da05] 04:02:38.268 [pool-6-thread-13] DEBUG c.h.p.o.dependants.PodInfoConfigMap - [helmmqtt] Desired PodInfo ConfigMap (extension state hash: -1817474005)
2025-01-30 04:02:38,271 INFO c.h.h.t.HelmChartContainer - [hivemq-test-hivemq-platform] [hivemq-platform-operator] [9f95da05] 04:02:38.270 [pool-6-thread-17] DEBUG c.h.p.o.d.PodServiceAccountResource - [helmmqtt] Desired PodServiceAccountResource (serviceAccountName: hivemq-platform-pod-test-hivemq-platform)
2025-01-30 04:02:38,278 INFO c.h.h.t.HelmChartContainer - [hivemq-test-hivemq-platform] [hivemq-platform-operator] [9f95da05] 04:02:38.276 [pool-6-thread-13] DEBUG c.h.p.o.dependants.PodInfoConfigMap - [helmmqtt] Update PodInfo ConfigMap
2025-01-30 04:02:38,365 INFO c.h.h.t.HelmChartContainer - [K3S] [alloc.go:330] "allocated clusterIPs" service="helmmqttit/hivemq-test-hivemq-platform-metrics-9399" clusterIPs={"IPv4":"10.43.71.98"}
2025-01-30 04:02:38,464 INFO c.h.h.t.HelmChartContainer - [K3S] [alloc.go:330] "allocated clusterIPs" service="helmmqttit/hivemq-test-hivemq-platform-mqtt-1884" clusterIPs={"IPv4":"10.43.135.19"}
2025-01-30 04:02:38,472 INFO c.h.h.t.HelmChartContainer - [hivemq-test-hivemq-platform] [hivemq-platform-operator] [9f95da05] 04:02:38.470 [pool-6-thread-20] DEBUG c.h.p.o.d.StatefulSetResource - [helmmqtt] Desired StatefulSet (1 replicas) for status STARTING (READY)
2025-01-30 04:02:38,557 INFO c.h.h.t.HelmChartContainer - [hivemq-test-hivemq-platform] [hivemq-platform-operator] [9f95da05] 04:02:38.556 [pool-6-thread-20] DEBUG c.h.p.o.d.StatefulSetResource - [helmmqtt] Create StatefulSet
2025-01-30 04:02:38,583 INFO c.h.h.t.HelmChartContainer - [POD] test-hivemq-platform-0 [5b447b32-a4ba-4500-ba29-3d0e2ea3195c] in helmmqttit was ADDED
2025-01-30 04:02:38,586 INFO c.h.h.t.HelmChartContainer - [POD] test-hivemq-platform-0 [5b447b32-a4ba-4500-ba29-3d0e2ea3195c] in helmmqttit was MODIFIED
2025-01-30 04:02:38,587 INFO c.h.h.t.HelmChartContainer - [EVENT] Normal [Scheduled] Successfully assigned helmmqttit/test-hivemq-platform-0 to 969b9ea92551 [helmmqttit:test-hivemq-platform-0]
2025-01-30 04:02:38,589 INFO c.h.h.t.HelmChartContainer - [EVENT] Normal [SuccessfulCreate] create Pod test-hivemq-platform-0 in StatefulSet test-hivemq-platform successful [helmmqttit:test-hivemq-platform]
2025-01-30 04:02:38,607 INFO c.h.h.t.HelmChartContainer - [POD] test-hivemq-platform-0 [5b447b32-a4ba-4500-ba29-3d0e2ea3195c] in helmmqttit was MODIFIED
2025-01-30 04:02:38,662 INFO c.h.h.t.HelmChartContainer - [hivemq-test-hivemq-platform] [hivemq-platform-operator] [9f95da05] 04:02:38.660 [ReconcilerExecutor-hivemq-controller-64] INFO  c.h.p.o.HiveMQPlatformReconciler - [helmmqtt] Reconciling HiveMQ Platform 'test-hivemq-platform' in namespace 'helmmqttit'
2025-01-30 04:02:38,662 INFO c.h.h.t.HelmChartContainer - [hivemq-test-hivemq-platform] [hivemq-platform-operator] [9f95da05] 04:02:38.660 [ReconcilerExecutor-hivemq-controller-64] DEBUG c.h.p.o.HiveMQPlatformReconciler - [helmmqtt] Custom Resource Status STARTING - HiveMQ Platform is starting (READY)
2025-01-30 04:02:38,662 INFO c.h.h.t.HelmChartContainer - [hivemq-test-hivemq-platform] [hivemq-platform-operator] [9f95da05] 04:02:38.660 [ReconcilerExecutor-hivemq-controller-64] DEBUG c.h.p.o.HiveMQPlatformReconciler - [helmmqtt] Custom Resource Spec (replicas: 1) (extensions: 1)
2025-01-30 04:02:38,667 INFO c.h.h.t.HelmChartContainer - [hivemq-test-hivemq-platform] [hivemq-platform-operator] [9f95da05] 04:02:38.666 [ReconcilerExecutor-hivemq-controller-64] DEBUG c.h.p.o.HiveMQPlatformReconciler - [helmmqtt] StatefulSet Status (revision: test-hivemq-platform-7bbc5894fb, replicas: 1, available: 0, ready: 0, current: 1, updated: 1)
2025-01-30 04:02:38,667 INFO c.h.h.t.HelmChartContainer - [hivemq-test-hivemq-platform] [hivemq-platform-operator] [9f95da05] 04:02:38.666 [ReconcilerExecutor-hivemq-controller-64] DEBUG c.h.p.o.HiveMQPlatformReconciler - [helmmqtt] StatefulSet Spec (replicas: 1, init containers: 1, containers: 1, volumes: 3)
2025-01-30 04:02:38,688 INFO c.h.h.t.HelmChartContainer - [K3S] [reconciler_common.go:251] "operationExecutor.VerifyControllerAttachedVolume started for volume \"pod-info\" (UniqueName: \"kubernetes.io/configmap/5b447b32-a4ba-4500-ba29-3d0e2ea3195c-pod-info\") pod \"test-hivemq-platform-0\" (UID: \"5b447b32-a4ba-4500-ba29-3d0e2ea3195c\") " pod="helmmqttit/test-hivemq-platform-0"
2025-01-30 04:02:38,688 INFO c.h.h.t.HelmChartContainer - [K3S] [reconciler_common.go:251] "operationExecutor.VerifyControllerAttachedVolume started for volume \"operator-init\" (UniqueName: \"kubernetes.io/empty-dir/5b447b32-a4ba-4500-ba29-3d0e2ea3195c-operator-init\") pod \"test-hivemq-platform-0\" (UID: \"5b447b32-a4ba-4500-ba29-3d0e2ea3195c\") " pod="helmmqttit/test-hivemq-platform-0"
2025-01-30 04:02:38,688 INFO c.h.h.t.HelmChartContainer - [K3S] [reconciler_common.go:251] "operationExecutor.VerifyControllerAttachedVolume started for volume \"kube-api-access-jrfmt\" (UniqueName: \"kubernetes.io/projected/5b447b32-a4ba-4500-ba29-3d0e2ea3195c-kube-api-access-jrfmt\") pod \"test-hivemq-platform-0\" (UID: \"5b447b32-a4ba-4500-ba29-3d0e2ea3195c\") " pod="helmmqttit/test-hivemq-platform-0"
2025-01-30 04:02:38,688 INFO c.h.h.t.HelmChartContainer - [K3S] [reconciler_common.go:251] "operationExecutor.VerifyControllerAttachedVolume started for volume \"broker-configuration\" (UniqueName: \"kubernetes.io/configmap/5b447b32-a4ba-4500-ba29-3d0e2ea3195c-broker-configuration\") pod \"test-hivemq-platform-0\" (UID: \"5b447b32-a4ba-4500-ba29-3d0e2ea3195c\") " pod="helmmqttit/test-hivemq-platform-0"
2025-01-30 04:02:38,764 INFO c.h.h.t.HelmChartContainer - [hivemq-test-hivemq-platform] [hivemq-platform-operator] [9f95da05] 04:02:38.763 [ReconcilerExecutor-hivemq-controller-64] DEBUG c.h.p.o.h.HiveMQPlatformReconcilerErrorHandler - [helmmqtt] Pod 'test-hivemq-platform-0' phase Pending
2025-01-30 04:02:38,766 INFO c.h.h.t.HelmChartContainer - [hivemq-test-hivemq-platform] [hivemq-platform-operator] [9f95da05] 04:02:38.765 [ReconcilerExecutor-hivemq-controller-64] INFO  c.h.p.o.h.HiveMQPlatformReconcilerBaseHandler - [helmmqtt] HiveMQ Platform is starting, 0 of 1 replicas are ready
2025-01-30 04:02:38,771 INFO c.h.h.t.HelmChartContainer - [hivemq-test-hivemq-platform] [hivemq-platform-operator] [9f95da05] 04:02:38.770 [pool-6-thread-22] DEBUG c.h.p.o.d.PlatformServiceResource - [helmmqtt] Desired Platform services (2 services)
2025-01-30 04:02:38,858 INFO c.h.h.t.HelmChartContainer - [hivemq-test-hivemq-platform] [hivemq-platform-operator] [9f95da05] 04:02:38.856 [pool-6-thread-23] DEBUG c.h.p.o.dependants.PodInfoConfigMap - [helmmqtt] Desired PodInfo ConfigMap (1 extensions) (1 enabled)
2025-01-30 04:02:38,858 INFO c.h.h.t.HelmChartContainer - [hivemq-test-hivemq-platform] [hivemq-platform-operator] [9f95da05] 04:02:38.856 [pool-6-thread-23] DEBUG c.h.p.o.dependants.PodInfoConfigMap - [helmmqtt] Desired PodInfo ConfigMap (metrics port: 9399) (metrics path: /)
2025-01-30 04:02:38,858 INFO c.h.h.t.HelmChartContainer - [hivemq-test-hivemq-platform] [hivemq-platform-operator] [9f95da05] 04:02:38.856 [pool-6-thread-23] DEBUG c.h.p.o.dependants.PodInfoConfigMap - [helmmqtt] Desired PodInfo ConfigMap (extension state hash: -1817474005)
2025-01-30 04:02:38,860 INFO c.h.h.t.HelmChartContainer - [hivemq-test-hivemq-platform] [hivemq-platform-operator] [9f95da05] 04:02:38.858 [pool-6-thread-27] DEBUG c.h.p.o.d.PodServiceAccountResource - [helmmqtt] Desired PodServiceAccountResource (serviceAccountName: hivemq-platform-pod-test-hivemq-platform)
2025-01-30 04:02:38,864 INFO c.h.h.t.HelmChartContainer - [hivemq-test-hivemq-platform] [hivemq-platform-operator] [9f95da05] 04:02:38.863 [pool-6-thread-30] DEBUG c.h.p.o.d.StatefulSetResource - [helmmqtt] Desired StatefulSet (1 replicas) for status STARTING (READY)
2025-01-30 04:02:38,870 INFO c.h.h.t.HelmChartContainer - [hivemq-test-hivemq-platform] [hivemq-platform-operator] [9f95da05] 04:02:38.869 [ReconcilerExecutor-hivemq-controller-75] INFO  c.h.p.o.HiveMQPlatformReconciler - [helmmqtt] Reconciling HiveMQ Platform 'test-hivemq-platform' in namespace 'helmmqttit'
2025-01-30 04:02:38,870 INFO c.h.h.t.HelmChartContainer - [hivemq-test-hivemq-platform] [hivemq-platform-operator] [9f95da05] 04:02:38.869 [ReconcilerExecutor-hivemq-controller-75] DEBUG c.h.p.o.HiveMQPlatformReconciler - [helmmqtt] Custom Resource Status STARTING - HiveMQ Platform is starting (READY)
2025-01-30 04:02:38,870 INFO c.h.h.t.HelmChartContainer - [hivemq-test-hivemq-platform] [hivemq-platform-operator] [9f95da05] 04:02:38.869 [ReconcilerExecutor-hivemq-controller-75] DEBUG c.h.p.o.HiveMQPlatformReconciler - [helmmqtt] Custom Resource Spec (replicas: 1) (extensions: 1)
2025-01-30 04:02:38,959 INFO c.h.h.t.HelmChartContainer - [hivemq-test-hivemq-platform] [hivemq-platform-operator] [9f95da05] 04:02:38.956 [ReconcilerExecutor-hivemq-controller-75] DEBUG c.h.p.o.HiveMQPlatformReconciler - [helmmqtt] StatefulSet Status (revision: test-hivemq-platform-7bbc5894fb, replicas: 1, available: 0, ready: 0, current: 1, updated: 1)
2025-01-30 04:02:38,960 INFO c.h.h.t.HelmChartContainer - [hivemq-test-hivemq-platform] [hivemq-platform-operator] [9f95da05] 04:02:38.956 [ReconcilerExecutor-hivemq-controller-75] DEBUG c.h.p.o.HiveMQPlatformReconciler - [helmmqtt] StatefulSet Spec (replicas: 1, init containers: 1, containers: 1, volumes: 3)
2025-01-30 04:02:38,964 INFO c.h.h.t.HelmChartContainer - [hivemq-test-hivemq-platform] [hivemq-platform-operator] [9f95da05] 04:02:38.963 [ReconcilerExecutor-hivemq-controller-75] DEBUG c.h.p.o.h.HiveMQPlatformReconcilerErrorHandler - [helmmqtt] Pod 'test-hivemq-platform-0' phase Pending
2025-01-30 04:02:38,966 INFO c.h.h.t.HelmChartContainer - [hivemq-test-hivemq-platform] [hivemq-platform-operator] [9f95da05] 04:02:38.964 [ReconcilerExecutor-hivemq-controller-75] DEBUG c.h.p.o.h.HiveMQPlatformReconcilerErrorHandler - [helmmqtt] Pod 'test-hivemq-platform-0' condition 'PodReadyToStartContainers': False
2025-01-30 04:02:38,967 INFO c.h.h.t.HelmChartContainer - [hivemq-test-hivemq-platform] [hivemq-platform-operator] [9f95da05] 04:02:38.965 [ReconcilerExecutor-hivemq-controller-75] DEBUG c.h.p.o.h.HiveMQPlatformReconcilerErrorHandler - [helmmqtt] Pod 'test-hivemq-platform-0' condition 'Initialized': False
2025-01-30 04:02:38,967 INFO c.h.h.t.HelmChartContainer - [hivemq-test-hivemq-platform] [hivemq-platform-operator] [9f95da05] 04:02:38.965 [ReconcilerExecutor-hivemq-controller-75] DEBUG c.h.p.o.h.HiveMQPlatformReconcilerErrorHandler - [helmmqtt] Pod 'test-hivemq-platform-0' condition 'Ready': False
2025-01-30 04:02:38,968 INFO c.h.h.t.HelmChartContainer - [hivemq-test-hivemq-platform] [hivemq-platform-operator] [9f95da05] 04:02:38.965 [ReconcilerExecutor-hivemq-controller-75] DEBUG c.h.p.o.h.HiveMQPlatformReconcilerErrorHandler - [helmmqtt] Pod 'test-hivemq-platform-0' condition 'ContainersReady': False
2025-01-30 04:02:38,968 INFO c.h.h.t.HelmChartContainer - [hivemq-test-hivemq-platform] [hivemq-platform-operator] [9f95da05] 04:02:38.965 [ReconcilerExecutor-hivemq-controller-75] DEBUG c.h.p.o.h.HiveMQPlatformReconcilerErrorHandler - [helmmqtt] Pod 'test-hivemq-platform-0' condition 'PodScheduled': True
2025-01-30 04:02:38,968 INFO c.h.h.t.HelmChartContainer - [hivemq-test-hivemq-platform] [hivemq-platform-operator] [9f95da05] 04:02:38.966 [ReconcilerExecutor-hivemq-controller-75] DEBUG c.h.p.o.h.HiveMQPlatformReconcilerErrorHandler - [helmmqtt] Pod 'test-hivemq-platform-0' containerStatus 'hivemq' (started: false) (ready: false) (waiting: [PodInitializing] null)
2025-01-30 04:02:38,969 INFO c.h.h.t.HelmChartContainer - [hivemq-test-hivemq-platform] [hivemq-platform-operator] [9f95da05] 04:02:38.968 [ReconcilerExecutor-hivemq-controller-75] INFO  c.h.p.o.h.HiveMQPlatformReconcilerBaseHandler - [helmmqtt] HiveMQ Platform is starting, 0 of 1 replicas are ready
2025-01-30 04:02:38,980 INFO c.h.h.t.HelmChartContainer - [EVENT] Normal [Pulled] Container image "docker.io/hivemq/hivemq-platform-operator-init-test:snapshot" already present on machine [helmmqttit:test-hivemq-platform-0]
2025-01-30 04:02:39,114 INFO c.h.h.t.HelmChartContainer - [EVENT] Normal [Created] Created container: hivemq-platform-operator-init [helmmqttit:test-hivemq-platform-0]
2025-01-30 04:02:39,152 INFO c.h.h.t.HelmChartContainer - [EVENT] Normal [Started] Started container hivemq-platform-operator-init [helmmqttit:test-hivemq-platform-0]
2025-01-30 04:02:39,335 INFO c.h.h.t.HelmChartContainer - [EVENT] Normal [Pulled] Container image "docker.io/hivemq/hivemq4:4.36.0" already present on machine [helmmqttit:test-hivemq-platform-0]
2025-01-30 04:02:39,335 INFO c.h.h.t.HelmChartContainer - Received Pulled event for container hivemq in pod test-hivemq-platform-0 [5b447b32-a4ba-4500-ba29-3d0e2ea3195c]
2025-01-30 04:02:39,345 INFO c.h.h.t.HelmChartContainer - [POD] test-hivemq-platform-0 [5b447b32-a4ba-4500-ba29-3d0e2ea3195c] in helmmqttit was MODIFIED
2025-01-30 04:02:39,368 INFO c.h.h.t.HelmChartContainer - [hivemq-test-hivemq-platform] [hivemq-platform-operator] [9f95da05] 04:02:39.363 [pool-6-thread-32] DEBUG c.h.p.o.d.PlatformServiceResource - [helmmqtt] Desired Platform services (2 services)
2025-01-30 04:02:39,371 INFO c.h.h.t.HelmChartContainer - [hivemq-test-hivemq-platform] [hivemq-platform-operator] [9f95da05] 04:02:39.370 [pool-6-thread-33] DEBUG c.h.p.o.dependants.PodInfoConfigMap - [helmmqtt] Desired PodInfo ConfigMap (1 extensions) (1 enabled)
2025-01-30 04:02:39,372 INFO c.h.h.t.HelmChartContainer - [hivemq-test-hivemq-platform] [hivemq-platform-operator] [9f95da05] 04:02:39.370 [pool-6-thread-33] DEBUG c.h.p.o.dependants.PodInfoConfigMap - [helmmqtt] Desired PodInfo ConfigMap (metrics port: 9399) (metrics path: /)
2025-01-30 04:02:39,375 INFO c.h.h.t.HelmChartContainer - [hivemq-test-hivemq-platform] [hivemq-platform-operator] [9f95da05] 04:02:39.371 [pool-6-thread-33] DEBUG c.h.p.o.dependants.PodInfoConfigMap - [helmmqtt] Desired PodInfo ConfigMap (extension state hash: -1817474005)
2025-01-30 04:02:39,376 INFO c.h.h.t.HelmChartContainer - [hivemq-test-hivemq-platform] [hivemq-platform-operator] [9f95da05] 04:02:39.375 [pool-6-thread-37] DEBUG c.h.p.o.d.PodServiceAccountResource - [helmmqtt] Desired PodServiceAccountResource (serviceAccountName: hivemq-platform-pod-test-hivemq-platform)
2025-01-30 04:02:39,383 INFO c.h.h.t.HelmChartContainer - [hivemq-test-hivemq-platform] [hivemq-platform-operator] [9f95da05] 04:02:39.381 [pool-6-thread-40] DEBUG c.h.p.o.d.StatefulSetResource - [helmmqtt] Desired StatefulSet (1 replicas) for status STARTING (READY)
2025-01-30 04:02:39,438 INFO c.h.h.t.HelmChartContainer - [hivemq-test-hivemq-platform] [hivemq-platform-operator] [9f95da05] 04:02:39.436 [ReconcilerExecutor-hivemq-controller-86] INFO  c.h.p.o.HiveMQPlatformReconciler - [helmmqtt] Reconciling HiveMQ Platform 'test-hivemq-platform' in namespace 'helmmqttit'
2025-01-30 04:02:39,438 INFO c.h.h.t.HelmChartContainer - [hivemq-test-hivemq-platform] [hivemq-platform-operator] [9f95da05] 04:02:39.437 [ReconcilerExecutor-hivemq-controller-86] DEBUG c.h.p.o.HiveMQPlatformReconciler - [helmmqtt] Custom Resource Status STARTING - HiveMQ Platform is starting (READY)
2025-01-30 04:02:39,438 INFO c.h.h.t.HelmChartContainer - [hivemq-test-hivemq-platform] [hivemq-platform-operator] [9f95da05] 04:02:39.437 [ReconcilerExecutor-hivemq-controller-86] DEBUG c.h.p.o.HiveMQPlatformReconciler - [helmmqtt] Custom Resource Spec (replicas: 1) (extensions: 1)
2025-01-30 04:02:39,459 INFO c.h.h.t.HelmChartContainer - [hivemq-test-hivemq-platform] [hivemq-platform-operator] [9f95da05] 04:02:39.458 [ReconcilerExecutor-hivemq-controller-86] DEBUG c.h.p.o.HiveMQPlatformReconciler - [helmmqtt] StatefulSet Status (revision: test-hivemq-platform-7bbc5894fb, replicas: 1, available: 0, ready: 0, current: 1, updated: 1)
2025-01-30 04:02:39,461 INFO c.h.h.t.HelmChartContainer - [hivemq-test-hivemq-platform] [hivemq-platform-operator] [9f95da05] 04:02:39.459 [ReconcilerExecutor-hivemq-controller-86] DEBUG c.h.p.o.HiveMQPlatformReconciler - [helmmqtt] StatefulSet Spec (replicas: 1, init containers: 1, containers: 1, volumes: 3)
2025-01-30 04:02:39,464 INFO c.h.h.t.HelmChartContainer - [hivemq-test-hivemq-platform] [hivemq-platform-operator] [9f95da05] 04:02:39.462 [ReconcilerExecutor-hivemq-controller-86] DEBUG c.h.p.o.h.HiveMQPlatformReconcilerErrorHandler - [helmmqtt] Pod 'test-hivemq-platform-0' phase Pending
2025-01-30 04:02:39,465 INFO c.h.h.t.HelmChartContainer - [hivemq-test-hivemq-platform] [hivemq-platform-operator] [9f95da05] 04:02:39.462 [ReconcilerExecutor-hivemq-controller-86] DEBUG c.h.p.o.h.HiveMQPlatformReconcilerErrorHandler - [helmmqtt] Pod 'test-hivemq-platform-0' condition 'PodReadyToStartContainers': True
2025-01-30 04:02:39,465 INFO c.h.h.t.HelmChartContainer - [hivemq-test-hivemq-platform] [hivemq-platform-operator] [9f95da05] 04:02:39.462 [ReconcilerExecutor-hivemq-controller-86] DEBUG c.h.p.o.h.HiveMQPlatformReconcilerErrorHandler - [helmmqtt] Pod 'test-hivemq-platform-0' condition 'Initialized': True
2025-01-30 04:02:39,465 INFO c.h.h.t.HelmChartContainer - [hivemq-test-hivemq-platform] [hivemq-platform-operator] [9f95da05] 04:02:39.462 [ReconcilerExecutor-hivemq-controller-86] DEBUG c.h.p.o.h.HiveMQPlatformReconcilerErrorHandler - [helmmqtt] Pod 'test-hivemq-platform-0' condition 'Ready': False
2025-01-30 04:02:39,465 INFO c.h.h.t.HelmChartContainer - [hivemq-test-hivemq-platform] [hivemq-platform-operator] [9f95da05] 04:02:39.462 [ReconcilerExecutor-hivemq-controller-86] DEBUG c.h.p.o.h.HiveMQPlatformReconcilerErrorHandler - [helmmqtt] Pod 'test-hivemq-platform-0' condition 'ContainersReady': False
2025-01-30 04:02:39,465 INFO c.h.h.t.HelmChartContainer - [hivemq-test-hivemq-platform] [hivemq-platform-operator] [9f95da05] 04:02:39.462 [ReconcilerExecutor-hivemq-controller-86] DEBUG c.h.p.o.h.HiveMQPlatformReconcilerErrorHandler - [helmmqtt] Pod 'test-hivemq-platform-0' condition 'PodScheduled': True
2025-01-30 04:02:39,465 INFO c.h.h.t.HelmChartContainer - [hivemq-test-hivemq-platform] [hivemq-platform-operator] [9f95da05] 04:02:39.462 [ReconcilerExecutor-hivemq-controller-86] DEBUG c.h.p.o.h.HiveMQPlatformReconcilerErrorHandler - [helmmqtt] Pod 'test-hivemq-platform-0' containerStatus 'hivemq' (started: false) (ready: false) (waiting: [PodInitializing] null)
2025-01-30 04:02:39,465 INFO c.h.h.t.HelmChartContainer - [hivemq-test-hivemq-platform] [hivemq-platform-operator] [9f95da05] 04:02:39.463 [ReconcilerExecutor-hivemq-controller-86] INFO  c.h.p.o.h.HiveMQPlatformReconcilerBaseHandler - [helmmqtt] HiveMQ Platform is starting, 0 of 1 replicas are ready
2025-01-30 04:02:40,683 INFO c.h.h.t.HelmChartContainer - [EVENT] Normal [Created] Created container: hivemq [helmmqttit:test-hivemq-platform-0]
2025-01-30 04:02:40,683 INFO c.h.h.t.HelmChartContainer - Received Created event for container hivemq in pod test-hivemq-platform-0 [5b447b32-a4ba-4500-ba29-3d0e2ea3195c]
2025-01-30 04:02:41,354 INFO c.h.h.t.HelmChartContainer - [POD] test-hivemq-platform-0 [5b447b32-a4ba-4500-ba29-3d0e2ea3195c] in helmmqttit was MODIFIED
2025-01-30 04:02:41,361 INFO c.h.h.t.HelmChartContainer - Started log watcher for hivemq in pod test-hivemq-platform-0 [5b447b32-a4ba-4500-ba29-3d0e2ea3195c]
2025-01-30 04:02:41,361 INFO c.h.h.t.HelmChartContainer - [EVENT] Normal [Started] Started container hivemq [helmmqttit:test-hivemq-platform-0]
2025-01-30 04:02:41,362 INFO c.h.h.t.HelmChartContainer - Received Started event for container hivemq in pod test-hivemq-platform-0 [5b447b32-a4ba-4500-ba29-3d0e2ea3195c]
2025-01-30 04:02:41,363 INFO c.h.h.t.HelmChartContainer - [test-hivemq-platform] [hivemq] [5b447b32] Adding pre-installed HiveMQ Platform Operator extensions
2025-01-30 04:02:41,363 INFO c.h.h.t.HelmChartContainer - [test-hivemq-platform] [hivemq] [5b447b32] Running as user 10000
2025-01-30 04:02:41,363 INFO c.h.h.t.HelmChartContainer - [test-hivemq-platform] [hivemq] [5b447b32] Starting HiveMQ Platform Operator Init
2025-01-30 04:02:41,363 INFO c.h.h.t.HelmChartContainer - [hivemq-test-hivemq-platform] [hivemq-platform-operator] [9f95da05] 04:02:41.362 [pool-6-thread-42] DEBUG c.h.p.o.d.PlatformServiceResource - [helmmqtt] Desired Platform services (2 services)
2025-01-30 04:02:41,367 INFO c.h.h.t.HelmChartContainer - [hivemq-test-hivemq-platform] [hivemq-platform-operator] [9f95da05] 04:02:41.364 [pool-6-thread-43] DEBUG c.h.p.o.dependants.PodInfoConfigMap - [helmmqtt] Desired PodInfo ConfigMap (1 extensions) (1 enabled)
2025-01-30 04:02:41,367 INFO c.h.h.t.HelmChartContainer - [hivemq-test-hivemq-platform] [hivemq-platform-operator] [9f95da05] 04:02:41.365 [pool-6-thread-43] DEBUG c.h.p.o.dependants.PodInfoConfigMap - [helmmqtt] Desired PodInfo ConfigMap (metrics port: 9399) (metrics path: /)
2025-01-30 04:02:41,367 INFO c.h.h.t.HelmChartContainer - [hivemq-test-hivemq-platform] [hivemq-platform-operator] [9f95da05] 04:02:41.365 [pool-6-thread-43] DEBUG c.h.p.o.dependants.PodInfoConfigMap - [helmmqtt] Desired PodInfo ConfigMap (extension state hash: -1817474005)
2025-01-30 04:02:41,370 INFO c.h.h.t.HelmChartContainer - [hivemq-test-hivemq-platform] [hivemq-platform-operator] [9f95da05] 04:02:41.369 [pool-6-thread-47] DEBUG c.h.p.o.d.PodServiceAccountResource - [helmmqtt] Desired PodServiceAccountResource (serviceAccountName: hivemq-platform-pod-test-hivemq-platform)
2025-01-30 04:02:41,434 INFO c.h.h.t.HelmChartContainer - [hivemq-test-hivemq-platform] [hivemq-platform-operator] [9f95da05] 04:02:41.433 [pool-6-thread-50] DEBUG c.h.p.o.d.StatefulSetResource - [helmmqtt] Desired StatefulSet (1 replicas) for status STARTING (READY)
2025-01-30 04:02:41,458 INFO c.h.h.t.HelmChartContainer - [hivemq-test-hivemq-platform] [hivemq-platform-operator] [9f95da05] 04:02:41.454 [ReconcilerExecutor-hivemq-controller-97] INFO  c.h.p.o.HiveMQPlatformReconciler - [helmmqtt] Reconciling HiveMQ Platform 'test-hivemq-platform' in namespace 'helmmqttit'
2025-01-30 04:02:41,458 INFO c.h.h.t.HelmChartContainer - [hivemq-test-hivemq-platform] [hivemq-platform-operator] [9f95da05] 04:02:41.455 [ReconcilerExecutor-hivemq-controller-97] DEBUG c.h.p.o.HiveMQPlatformReconciler - [helmmqtt] Custom Resource Status STARTING - HiveMQ Platform is starting (READY)
2025-01-30 04:02:41,459 INFO c.h.h.t.HelmChartContainer - [hivemq-test-hivemq-platform] [hivemq-platform-operator] [9f95da05] 04:02:41.455 [ReconcilerExecutor-hivemq-controller-97] DEBUG c.h.p.o.HiveMQPlatformReconciler - [helmmqtt] Custom Resource Spec (replicas: 1) (extensions: 1)
2025-01-30 04:02:41,459 INFO c.h.h.t.HelmChartContainer - [hivemq-test-hivemq-platform] [hivemq-platform-operator] [9f95da05] 04:02:41.457 [ReconcilerExecutor-hivemq-controller-97] DEBUG c.h.p.o.HiveMQPlatformReconciler - [helmmqtt] StatefulSet Status (revision: test-hivemq-platform-7bbc5894fb, replicas: 1, available: 0, ready: 0, current: 1, updated: 1)
2025-01-30 04:02:41,459 INFO c.h.h.t.HelmChartContainer - [hivemq-test-hivemq-platform] [hivemq-platform-operator] [9f95da05] 04:02:41.457 [ReconcilerExecutor-hivemq-controller-97] DEBUG c.h.p.o.HiveMQPlatformReconciler - [helmmqtt] StatefulSet Spec (replicas: 1, init containers: 1, containers: 1, volumes: 3)
2025-01-30 04:02:41,462 INFO c.h.h.t.HelmChartContainer - [hivemq-test-hivemq-platform] [hivemq-platform-operator] [9f95da05] 04:02:41.461 [ReconcilerExecutor-hivemq-controller-97] DEBUG c.h.p.o.h.HiveMQPlatformReconcilerErrorHandler - [helmmqtt] Pod 'test-hivemq-platform-0' phase Running
2025-01-30 04:02:41,464 INFO c.h.h.t.HelmChartContainer - [hivemq-test-hivemq-platform] [hivemq-platform-operator] [9f95da05] 04:02:41.463 [ReconcilerExecutor-hivemq-controller-97] INFO  c.h.p.o.h.HiveMQPlatformReconcilerBaseHandler - [helmmqtt] HiveMQ Platform is starting, 0 of 1 replicas are ready
2025-01-30 04:02:41,947 INFO c.h.h.t.HelmChartContainer - [test-hivemq-platform] [hivemq] [5b447b32] INFO  - [HiveMQ Platform Operator Init 1.7.0-SNAPSHOT] HiveMQ Platform Operator Init 1.7.0-SNAPSHOT (commit: 47e3375 on branch: HEAD) built on Thu Jan 30 03:55:50 UTC 2025
2025-01-30 04:02:43,043 INFO c.h.h.t.HelmChartContainer - [test-hivemq-platform] [hivemq] [5b447b32] INFO  - [HiveMQ Platform Operator Init App 1.7.0-SNAPSHOT] Using bind address 10.42.0.8 from environment variable
2025-01-30 04:02:43,942 INFO c.h.h.t.HelmChartContainer - [test-hivemq-platform] [hivemq] [5b447b32] INFO  - [HiveMQ Platform Operator Init App 1.7.0-SNAPSHOT] HiveMQ Platform Operator Init App 1.7.0-SNAPSHOT (commit: 47e3375 on branch: HEAD) built on Thu Jan 30 03:55:50 UTC 2025
2025-01-30 04:02:43,942 INFO c.h.h.t.HelmChartContainer - [test-hivemq-platform] [hivemq] [5b447b32] INFO  - [HiveMQ Platform Operator Init App 1.7.0-SNAPSHOT] PodInfo ConfigMap directory: /etc/podinfo
2025-01-30 04:02:43,942 INFO c.h.h.t.HelmChartContainer - [test-hivemq-platform] [hivemq] [5b447b32] INFO  - [HiveMQ Platform Operator Init App 1.7.0-SNAPSHOT] HiveMQ home directory: /opt/hivemq
2025-01-30 04:02:43,943 INFO c.h.h.t.HelmChartContainer - [test-hivemq-platform] [hivemq] [5b447b32] INFO  - [HiveMQ Platform Operator Init App 1.7.0-SNAPSHOT] HiveMQ Logback folder: /opt/hivemq/conf
2025-01-30 04:02:43,943 INFO c.h.h.t.HelmChartContainer - [test-hivemq-platform] [hivemq] [5b447b32] INFO  - [HiveMQ Platform Operator Init App 1.7.0-SNAPSHOT] HiveMQ Config folder: /opt/hivemq/conf-k8s
2025-01-30 04:02:43,943 INFO c.h.h.t.HelmChartContainer - [test-hivemq-platform] [hivemq] [5b447b32] INFO  - [HiveMQ Platform Operator Init App 1.7.0-SNAPSHOT] Starting HiveMQ Platform Operator Init App
2025-01-30 04:02:43,944 INFO c.h.h.t.HelmChartContainer - [test-hivemq-platform] [hivemq] [5b447b32] INFO  - [HiveMQ Platform Operator Init App 1.7.0-SNAPSHOT] Starting Pod reconciler
2025-01-30 04:02:45,045 INFO c.h.h.t.HelmChartContainer - [test-hivemq-platform] [hivemq] [5b447b32] INFO  - [HiveMQ Platform Operator Init App 1.7.0-SNAPSHOT] Pod reconciler is scheduled (interval: 5000 ms)
2025-01-30 04:02:45,046 INFO c.h.h.t.HelmChartContainer - [test-hivemq-platform] [hivemq] [5b447b32] INFO  - [HiveMQ Platform Operator Init App 1.7.0-SNAPSHOT] Starting the REST API on 10.42.0.8:7979
2025-01-30 04:02:45,048 INFO c.h.h.t.HelmChartContainer - [test-hivemq-platform] [hivemq] [5b447b32] INFO  - [HiveMQ Platform Operator Init App 1.7.0-SNAPSHOT] Waiting up to 600s for at most 1 HiveMQ nodes in cluster service hivemq-test-hivemq-platform-cluster.helmmqttit.svc
2025-01-30 04:02:45,417 INFO c.h.h.t.HelmChartContainer - [test-hivemq-platform] [hivemq] [5b447b32] INFO  - [HiveMQ Platform Operator Init App 1.7.0-SNAPSHOT] Resolved 1 IP addresses: [10.42.0.8]
2025-01-30 04:02:45,417 INFO c.h.h.t.HelmChartContainer - [test-hivemq-platform] [hivemq] [5b447b32] INFO  - [HiveMQ Platform Operator Init App 1.7.0-SNAPSHOT] HiveMQ node count of 1 is within threshold of 1
2025-01-30 04:02:45,417 INFO c.h.h.t.HelmChartContainer - [test-hivemq-platform] [hivemq] [5b447b32] INFO  - [HiveMQ Platform Operator Init App 1.7.0-SNAPSHOT] Proceeding with container start
2025-01-30 04:02:45,455 INFO c.h.h.t.HelmChartContainer - [test-hivemq-platform] [hivemq] [5b447b32] INFO  - [HiveMQ Platform Operator Init App 1.7.0-SNAPSHOT] Initializing HiveMQ Platform extensions with initial configuration: {hivemq-allow-all-extension={start-priority=-1, skip-https-hostname-verification=false, restart=true, config-version=0, header-version=0, c-uri=, priority=-1, uri=preinstalled, skip-https-certificate-validation=false, enabled=true}, hivemq-prometheus-extension={enabled=true, request-header-path=no-request-headers, uri=preinstalled, skip-https-certificate-validation=false, skip-https-hostname-verification=false, c-uri=, start-priority=-1, priority=-1, restart=true}}
2025-01-30 04:02:45,848 INFO c.h.h.t.HelmChartContainer - [test-hivemq-platform] [hivemq] [5b447b32] INFO  - [HiveMQ Platform Operator Init App 1.7.0-SNAPSHOT] Extension hivemq-allow-all-extension was already enabled
2025-01-30 04:02:45,938 INFO c.h.h.t.HelmChartContainer - [test-hivemq-platform] [hivemq] [5b447b32] INFO  - [HiveMQ Platform Operator Init App 1.7.0-SNAPSHOT] Successfully enabled extension hivemq-prometheus-extension
2025-01-30 04:02:45,939 INFO c.h.h.t.HelmChartContainer - [test-hivemq-platform] [hivemq] [5b447b32] INFO  - [HiveMQ Platform Operator Init App 1.7.0-SNAPSHOT] Starting HiveMQ Platform version 4.36.0 (4.36.0)
2025-01-30 04:02:45,940 INFO c.h.h.t.HelmChartContainer - [test-hivemq-platform] [hivemq] [5b447b32] INFO  - [HiveMQ Platform Operator Init App 1.7.0-SNAPSHOT] Configuring the HiveMQ Platform
2025-01-30 04:02:45,948 INFO c.h.h.t.HelmChartContainer - [test-hivemq-platform] [hivemq] [5b447b32] INFO  - [HiveMQ Platform Operator Init App 1.7.0-SNAPSHOT] Changed logback.xml file scan period to 20 seconds
2025-01-30 04:02:46,038 INFO c.h.h.t.HelmChartContainer - [test-hivemq-platform] [hivemq] [5b447b32] INFO  - [HiveMQ Platform Operator Init App 1.7.0-SNAPSHOT] Starting the HiveMQ Platform
2025-01-30 04:02:46,041 INFO c.h.h.t.HelmChartContainer - [test-hivemq-platform] [hivemq] [5b447b32] -------------------------------------------------------------------------
2025-01-30 04:02:46,041 INFO c.h.h.t.HelmChartContainer - [test-hivemq-platform] [hivemq] [5b447b32] 
2025-01-30 04:02:46,041 INFO c.h.h.t.HelmChartContainer - [test-hivemq-platform] [hivemq] [5b447b32]                   _    _  _              __  __   ____
2025-01-30 04:02:46,041 INFO c.h.h.t.HelmChartContainer - [test-hivemq-platform] [hivemq] [5b447b32]                  | |  | |(_)            |  \/  | / __ \
2025-01-30 04:02:46,041 INFO c.h.h.t.HelmChartContainer - [test-hivemq-platform] [hivemq] [5b447b32]                  | |__| | _ __   __ ___ | \  / || |  | |
2025-01-30 04:02:46,041 INFO c.h.h.t.HelmChartContainer - [test-hivemq-platform] [hivemq] [5b447b32]                  |  __  || |\ \ / // _ \| |\/| || |  | |
2025-01-30 04:02:46,041 INFO c.h.h.t.HelmChartContainer - [test-hivemq-platform] [hivemq] [5b447b32]                  | |  | || | \ V /|  __/| |  | || |__| |
2025-01-30 04:02:46,041 INFO c.h.h.t.HelmChartContainer - [test-hivemq-platform] [hivemq] [5b447b32]                  |_|  |_||_|  \_/  \___||_|  |_| \___\_\
2025-01-30 04:02:46,041 INFO c.h.h.t.HelmChartContainer - [test-hivemq-platform] [hivemq] [5b447b32] 
2025-01-30 04:02:46,041 INFO c.h.h.t.HelmChartContainer - [test-hivemq-platform] [hivemq] [5b447b32] -------------------------------------------------------------------------
2025-01-30 04:02:46,041 INFO c.h.h.t.HelmChartContainer - [test-hivemq-platform] [hivemq] [5b447b32] 
2025-01-30 04:02:46,041 INFO c.h.h.t.HelmChartContainer - [test-hivemq-platform] [hivemq] [5b447b32]   HiveMQ Start Script for Linux/Unix v1.14
2025-01-30 04:02:46,041 INFO c.h.h.t.HelmChartContainer - [test-hivemq-platform] [hivemq] [5b447b32] 
2025-01-30 04:02:46,140 INFO c.h.h.t.HelmChartContainer - [test-hivemq-platform] [hivemq] [5b447b32] -------------------------------------------------------------------------
2025-01-30 04:02:46,140 INFO c.h.h.t.HelmChartContainer - [test-hivemq-platform] [hivemq] [5b447b32] 
2025-01-30 04:02:46,140 INFO c.h.h.t.HelmChartContainer - [test-hivemq-platform] [hivemq] [5b447b32]   HIVEMQ_HOME: /opt/hivemq
2025-01-30 04:02:46,140 INFO c.h.h.t.HelmChartContainer - [test-hivemq-platform] [hivemq] [5b447b32] 
2025-01-30 04:02:46,140 INFO c.h.h.t.HelmChartContainer - [test-hivemq-platform] [hivemq] [5b447b32]   JAVA_OPTS: -XX:+UnlockExperimentalVMOptions -XX:InitialRAMPercentage=50 -XX:MaxRAMPercentage=50 -Djava.net.preferIPv4Stack=true --add-opens java.base/java.lang=ALL-UNNAMED --add-opens java.base/java.nio=ALL-UNNAMED --add-opens java.base/sun.nio.ch=ALL-UNNAMED --add-opens jdk.management/com.sun.management.internal=ALL-UNNAMED --add-exports java.base/jdk.internal.misc=ALL-UNNAMED -Djava.security.egd=file:/dev/./urandom -Dcom.sun.management.jmxremote -Dcom.sun.management.jmxremote.port=9010 -Dcom.sun.management.jmxremote.local.only=false -Dcom.sun.management.jmxremote.authenticate=false -Dcom.sun.management.jmxremote.ssl=false -Duser.language=en -Duser.region=US -XX:+CrashOnOutOfMemoryError -XX:+HeapDumpOnOutOfMemoryError
2025-01-30 04:02:46,140 INFO c.h.h.t.HelmChartContainer - [test-hivemq-platform] [hivemq] [5b447b32] 
2025-01-30 04:02:46,140 INFO c.h.h.t.HelmChartContainer - [test-hivemq-platform] [hivemq] [5b447b32]   JAVA_VERSION: 21
2025-01-30 04:02:46,140 INFO c.h.h.t.HelmChartContainer - [test-hivemq-platform] [hivemq] [5b447b32] 
2025-01-30 04:02:46,140 INFO c.h.h.t.HelmChartContainer - [test-hivemq-platform] [hivemq] [5b447b32] -------------------------------------------------------------------------
2025-01-30 04:02:46,140 INFO c.h.h.t.HelmChartContainer - [test-hivemq-platform] [hivemq] [5b447b32] 
2025-01-30 04:02:47,418 INFO c.h.h.t.HelmChartContainer - [test-hivemq-platform] [hivemq] [5b447b32] INFO  - [HiveMQ Platform Operator Init App 1.7.0-SNAPSHOT] Returning default Health API response 503 for readiness
2025-01-30 04:02:47,721 INFO c.h.h.t.HelmChartContainer - [EVENT] Warning [Unhealthy] Readiness probe failed: HTTP probe failed with statuscode: 503 [helmmqttit:test-hivemq-platform-0]
2025-01-30 04:02:47,721 INFO c.h.h.t.HelmChartContainer - Received Unhealthy event for container hivemq in pod test-hivemq-platform-0 [5b447b32-a4ba-4500-ba29-3d0e2ea3195c]
2025-01-30 04:02:48,649 INFO c.h.h.t.HelmChartContainer - [test-hivemq-platform] [hivemq] [5b447b32] INFO  - Starting HiveMQ Enterprise Server
2025-01-30 04:02:48,738 INFO c.h.h.t.HelmChartContainer - [test-hivemq-platform] [hivemq] [5b447b32] INFO  - HiveMQ version: 4.36.0
2025-01-30 04:02:48,738 INFO c.h.h.t.HelmChartContainer - [test-hivemq-platform] [hivemq] [5b447b32] INFO  - HiveMQ home directory: /opt/hivemq
2025-01-30 04:02:48,739 INFO c.h.h.t.HelmChartContainer - [test-hivemq-platform] [hivemq] [5b447b32] INFO  - Log Configuration was overridden by /opt/hivemq/conf/logback.xml
2025-01-30 04:02:49,944 INFO c.h.h.t.HelmChartContainer - [test-hivemq-platform] [hivemq] [5b447b32] INFO  - Successfully loaded configuration from '/opt/hivemq/conf-k8s/config.xml'.
2025-01-30 04:02:50,539 INFO c.h.h.t.HelmChartContainer - [test-hivemq-platform] [hivemq] [5b447b32] INFO  - This node's ID is xTAsD
2025-01-30 04:02:50,543 INFO c.h.h.t.HelmChartContainer - [test-hivemq-platform] [hivemq] [5b447b32] INFO  - Clustering is enabled
2025-01-30 04:02:51,470 INFO c.h.h.t.HelmChartContainer - [hivemq-test-hivemq-platform] [hivemq-platform-operator] [9f95da05] 04:02:51.467 [pool-6-thread-8] DEBUG c.h.p.o.d.PlatformServiceResource - [helmmqtt] Desired Platform services (2 services)
2025-01-30 04:02:51,470 INFO c.h.h.t.HelmChartContainer - [hivemq-test-hivemq-platform] [hivemq-platform-operator] [9f95da05] 04:02:51.468 [pool-6-thread-6] DEBUG c.h.p.o.d.PodServiceAccountResource - [helmmqtt] Desired PodServiceAccountResource (serviceAccountName: hivemq-platform-pod-test-hivemq-platform)
2025-01-30 04:02:51,471 INFO c.h.h.t.HelmChartContainer - [hivemq-test-hivemq-platform] [hivemq-platform-operator] [9f95da05] 04:02:51.470 [pool-6-thread-5] DEBUG c.h.p.o.dependants.PodInfoConfigMap - [helmmqtt] Desired PodInfo ConfigMap (1 extensions) (1 enabled)
2025-01-30 04:02:51,473 INFO c.h.h.t.HelmChartContainer - [hivemq-test-hivemq-platform] [hivemq-platform-operator] [9f95da05] 04:02:51.472 [pool-6-thread-5] DEBUG c.h.p.o.dependants.PodInfoConfigMap - [helmmqtt] Desired PodInfo ConfigMap (metrics port: 9399) (metrics path: /)
2025-01-30 04:02:51,474 INFO c.h.h.t.HelmChartContainer - [hivemq-test-hivemq-platform] [hivemq-platform-operator] [9f95da05] 04:02:51.473 [pool-6-thread-5] DEBUG c.h.p.o.dependants.PodInfoConfigMap - [helmmqtt] Desired PodInfo ConfigMap (extension state hash: -1817474005)
2025-01-30 04:02:51,477 INFO c.h.h.t.HelmChartContainer - [hivemq-test-hivemq-platform] [hivemq-platform-operator] [9f95da05] 04:02:51.476 [pool-6-thread-8] DEBUG c.h.p.o.d.StatefulSetResource - [helmmqtt] Desired StatefulSet (1 replicas) for status STARTING (READY)
2025-01-30 04:02:51,482 INFO c.h.h.t.HelmChartContainer - [hivemq-test-hivemq-platform] [hivemq-platform-operator] [9f95da05] 04:02:51.481 [ReconcilerExecutor-hivemq-controller-108] INFO  c.h.p.o.HiveMQPlatformReconciler - [helmmqtt] Reconciling HiveMQ Platform 'test-hivemq-platform' in namespace 'helmmqttit'
2025-01-30 04:02:51,482 INFO c.h.h.t.HelmChartContainer - [hivemq-test-hivemq-platform] [hivemq-platform-operator] [9f95da05] 04:02:51.481 [ReconcilerExecutor-hivemq-controller-108] DEBUG c.h.p.o.HiveMQPlatformReconciler - [helmmqtt] Custom Resource Status STARTING - HiveMQ Platform is starting (READY)
2025-01-30 04:02:51,482 INFO c.h.h.t.HelmChartContainer - [hivemq-test-hivemq-platform] [hivemq-platform-operator] [9f95da05] 04:02:51.481 [ReconcilerExecutor-hivemq-controller-108] DEBUG c.h.p.o.HiveMQPlatformReconciler - [helmmqtt] Custom Resource Spec (replicas: 1) (extensions: 1)
2025-01-30 04:02:51,485 INFO c.h.h.t.HelmChartContainer - [hivemq-test-hivemq-platform] [hivemq-platform-operator] [9f95da05] 04:02:51.483 [ReconcilerExecutor-hivemq-controller-108] DEBUG c.h.p.o.HiveMQPlatformReconciler - [helmmqtt] StatefulSet Status (revision: test-hivemq-platform-7bbc5894fb, replicas: 1, available: 0, ready: 0, current: 1, updated: 1)
2025-01-30 04:02:51,485 INFO c.h.h.t.HelmChartContainer - [hivemq-test-hivemq-platform] [hivemq-platform-operator] [9f95da05] 04:02:51.484 [ReconcilerExecutor-hivemq-controller-108] DEBUG c.h.p.o.HiveMQPlatformReconciler - [helmmqtt] StatefulSet Spec (replicas: 1, init containers: 1, containers: 1, volumes: 3)
2025-01-30 04:02:51,557 INFO c.h.h.t.HelmChartContainer - [hivemq-test-hivemq-platform] [hivemq-platform-operator] [9f95da05] 04:02:51.555 [ReconcilerExecutor-hivemq-controller-108] DEBUG c.h.p.o.h.HiveMQPlatformReconcilerErrorHandler - [helmmqtt] Pod 'test-hivemq-platform-0' phase Running
2025-01-30 04:02:51,557 INFO c.h.h.t.HelmChartContainer - [hivemq-test-hivemq-platform] [hivemq-platform-operator] [9f95da05] 04:02:51.557 [ReconcilerExecutor-hivemq-controller-108] INFO  c.h.p.o.h.HiveMQPlatformReconcilerBaseHandler - [helmmqtt] HiveMQ Platform is starting, 0 of 1 replicas are ready
2025-01-30 04:02:52,746 INFO c.h.h.t.HelmChartContainer - [test-hivemq-platform] [hivemq] [5b447b32] WARN  - [HiveMQ Platform Operator Init App 1.7.0-SNAPSHOT] Cannot connect to Health API for readiness: null
2025-01-30 04:02:52,751 INFO c.h.h.t.HelmChartContainer - [EVENT] Warning [Unhealthy] Readiness probe failed: HTTP probe failed with statuscode: 503 [helmmqttit:test-hivemq-platform-0]
2025-01-30 04:02:52,751 INFO c.h.h.t.HelmChartContainer - Received Unhealthy event for container hivemq in pod test-hivemq-platform-0 [5b447b32-a4ba-4500-ba29-3d0e2ea3195c]
2025-01-30 04:02:55,430 INFO c.h.h.t.HelmChartContainer - [test-hivemq-platform] [hivemq] [5b447b32] Jan 30, 2025 4:02:55 AM io.vertx.core.impl.BlockedThreadChecker
2025-01-30 04:02:55,430 INFO c.h.h.t.HelmChartContainer - [test-hivemq-platform] [hivemq] [5b447b32] WARNING: Thread Thread[vert.x-eventloop-thread-1,5,main] has been blocked for 2099 ms, time limit is 2000 ms
2025-01-30 04:02:55,839 INFO c.h.h.t.HelmChartContainer - [test-hivemq-platform] [hivemq] [5b447b32] INFO  - [HiveMQ Platform Operator Init App 1.7.0-SNAPSHOT] Updating Pod HiveMQ Platform Operator Init App version annotation (version: 1.7.0-SNAPSHOT)
2025-01-30 04:02:56,354 INFO c.h.h.t.HelmChartContainer - [POD] test-hivemq-platform-0 [5b447b32-a4ba-4500-ba29-3d0e2ea3195c] in helmmqttit was MODIFIED
2025-01-30 04:02:56,359 INFO c.h.h.t.HelmChartContainer - [hivemq-test-hivemq-platform] [hivemq-platform-operator] [9f95da05] 04:02:56.357 [pool-6-thread-11] DEBUG c.h.p.o.d.PlatformServiceResource - [helmmqtt] Desired Platform services (2 services)
2025-01-30 04:02:56,362 INFO c.h.h.t.HelmChartContainer - [hivemq-test-hivemq-platform] [hivemq-platform-operator] [9f95da05] 04:02:56.358 [pool-6-thread-14] DEBUG c.h.p.o.dependants.PodInfoConfigMap - [helmmqtt] Desired PodInfo ConfigMap (1 extensions) (1 enabled)
2025-01-30 04:02:56,364 INFO c.h.h.t.HelmChartContainer - [hivemq-test-hivemq-platform] [hivemq-platform-operator] [9f95da05] 04:02:56.361 [pool-6-thread-14] DEBUG c.h.p.o.dependants.PodInfoConfigMap - [helmmqtt] Desired PodInfo ConfigMap (metrics port: 9399) (metrics path: /)
2025-01-30 04:02:56,366 INFO c.h.h.t.HelmChartContainer - [hivemq-test-hivemq-platform] [hivemq-platform-operator] [9f95da05] 04:02:56.360 [pool-6-thread-16] DEBUG c.h.p.o.d.PodServiceAccountResource - [helmmqtt] Desired PodServiceAccountResource (serviceAccountName: hivemq-platform-pod-test-hivemq-platform)
2025-01-30 04:02:56,367 INFO c.h.h.t.HelmChartContainer - [hivemq-test-hivemq-platform] [hivemq-platform-operator] [9f95da05] 04:02:56.362 [pool-6-thread-14] DEBUG c.h.p.o.dependants.PodInfoConfigMap - [helmmqtt] Desired PodInfo ConfigMap (extension state hash: -1817474005)
2025-01-30 04:02:56,369 INFO c.h.h.t.HelmChartContainer - [hivemq-test-hivemq-platform] [hivemq-platform-operator] [9f95da05] 04:02:56.368 [pool-6-thread-15] DEBUG c.h.p.o.d.StatefulSetResource - [helmmqtt] Desired StatefulSet (1 replicas) for status STARTING (READY)
2025-01-30 04:02:56,432 INFO c.h.h.t.HelmChartContainer - [hivemq-test-hivemq-platform] [hivemq-platform-operator] [9f95da05] 04:02:56.431 [ReconcilerExecutor-hivemq-controller-109] INFO  c.h.p.o.HiveMQPlatformReconciler - [helmmqtt] Reconciling HiveMQ Platform 'test-hivemq-platform' in namespace 'helmmqttit'
2025-01-30 04:02:56,432 INFO c.h.h.t.HelmChartContainer - [hivemq-test-hivemq-platform] [hivemq-platform-operator] [9f95da05] 04:02:56.431 [ReconcilerExecutor-hivemq-controller-109] DEBUG c.h.p.o.HiveMQPlatformReconciler - [helmmqtt] Custom Resource Status STARTING - HiveMQ Platform is starting (READY)
2025-01-30 04:02:56,432 INFO c.h.h.t.HelmChartContainer - [hivemq-test-hivemq-platform] [hivemq-platform-operator] [9f95da05] 04:02:56.431 [ReconcilerExecutor-hivemq-controller-109] DEBUG c.h.p.o.HiveMQPlatformReconciler - [helmmqtt] Custom Resource Spec (replicas: 1) (extensions: 1)
2025-01-30 04:02:56,434 INFO c.h.h.t.HelmChartContainer - [hivemq-test-hivemq-platform] [hivemq-platform-operator] [9f95da05] 04:02:56.433 [ReconcilerExecutor-hivemq-controller-109] DEBUG c.h.p.o.HiveMQPlatformReconciler - [helmmqtt] StatefulSet Status (revision: test-hivemq-platform-7bbc5894fb, replicas: 1, available: 0, ready: 0, current: 1, updated: 1)
2025-01-30 04:02:56,435 INFO c.h.h.t.HelmChartContainer - [hivemq-test-hivemq-platform] [hivemq-platform-operator] [9f95da05] 04:02:56.433 [ReconcilerExecutor-hivemq-controller-109] DEBUG c.h.p.o.HiveMQPlatformReconciler - [helmmqtt] StatefulSet Spec (replicas: 1, init containers: 1, containers: 1, volumes: 3)
2025-01-30 04:02:56,437 INFO c.h.h.t.HelmChartContainer - [hivemq-test-hivemq-platform] [hivemq-platform-operator] [9f95da05] 04:02:56.436 [ReconcilerExecutor-hivemq-controller-109] DEBUG c.h.p.o.h.HiveMQPlatformReconcilerErrorHandler - [helmmqtt] Pod 'test-hivemq-platform-0' phase Running
2025-01-30 04:02:56,440 INFO c.h.h.t.HelmChartContainer - [hivemq-test-hivemq-platform] [hivemq-platform-operator] [9f95da05] 04:02:56.439 [ReconcilerExecutor-hivemq-controller-109] INFO  c.h.p.o.h.HiveMQPlatformReconcilerBaseHandler - [helmmqtt] HiveMQ Platform is starting, 0 of 1 replicas are ready
2025-01-30 04:02:56,445 INFO c.h.h.t.HelmChartContainer - [test-hivemq-platform] [hivemq] [5b447b32] INFO  - [HiveMQ Platform Operator Init App 1.7.0-SNAPSHOT] Successfully updated Pod HiveMQ Platform Operator Init App version annotation (version: 1.7.0-SNAPSHOT)
2025-01-30 04:02:56,446 INFO c.h.h.t.HelmChartContainer - [test-hivemq-platform] [hivemq] [5b447b32] WARN  - [HiveMQ Platform Operator Init App 1.7.0-SNAPSHOT] Cannot connect to Health API for readiness: null
2025-01-30 04:02:56,451 INFO c.h.h.t.HelmChartContainer - [EVENT] Warning [Unhealthy] Readiness probe failed: HTTP probe failed with statuscode: 503 [helmmqttit:test-hivemq-platform-0]
2025-01-30 04:02:56,451 INFO c.h.h.t.HelmChartContainer - Received Unhealthy event for container hivemq in pod test-hivemq-platform-0 [5b447b32-a4ba-4500-ba29-3d0e2ea3195c]
2025-01-30 04:03:01,436 INFO c.h.h.t.HelmChartContainer - [test-hivemq-platform] [hivemq] [5b447b32] WARN  - [HiveMQ Platform Operator Init App 1.7.0-SNAPSHOT] Cannot connect to Health API for readiness: null
2025-01-30 04:03:01,443 INFO c.h.h.t.HelmChartContainer - [EVENT] Warning [Unhealthy] Readiness probe failed: HTTP probe failed with statuscode: 503 [helmmqttit:test-hivemq-platform-0]
2025-01-30 04:03:01,443 INFO c.h.h.t.HelmChartContainer - Received Unhealthy event for container hivemq in pod test-hivemq-platform-0 [5b447b32-a4ba-4500-ba29-3d0e2ea3195c]
2025-01-30 04:03:06,439 INFO c.h.h.t.HelmChartContainer - [test-hivemq-platform] [hivemq] [5b447b32] WARN  - [HiveMQ Platform Operator Init App 1.7.0-SNAPSHOT] Cannot connect to Health API for readiness: null
2025-01-30 04:03:06,447 INFO c.h.h.t.HelmChartContainer - [EVENT] Warning [Unhealthy] Readiness probe failed: HTTP probe failed with statuscode: 503 [helmmqttit:test-hivemq-platform-0]
2025-01-30 04:03:06,448 INFO c.h.h.t.HelmChartContainer - Received Unhealthy event for container hivemq in pod test-hivemq-platform-0 [5b447b32-a4ba-4500-ba29-3d0e2ea3195c]
2025-01-30 04:03:06,449 INFO c.h.h.t.HelmChartContainer - [hivemq-test-hivemq-platform] [hivemq-platform-operator] [9f95da05] 04:03:06.447 [pool-6-thread-26] DEBUG c.h.p.o.d.PlatformServiceResource - [helmmqtt] Desired Platform services (2 services)
2025-01-30 04:03:06,452 INFO c.h.h.t.HelmChartContainer - [hivemq-test-hivemq-platform] [hivemq-platform-operator] [9f95da05] 04:03:06.451 [pool-6-thread-28] DEBUG c.h.p.o.d.PodServiceAccountResource - [helmmqtt] Desired PodServiceAccountResource (serviceAccountName: hivemq-platform-pod-test-hivemq-platform)
2025-01-30 04:03:06,453 INFO c.h.h.t.HelmChartContainer - [hivemq-test-hivemq-platform] [hivemq-platform-operator] [9f95da05] 04:03:06.452 [pool-6-thread-27] DEBUG c.h.p.o.dependants.PodInfoConfigMap - [helmmqtt] Desired PodInfo ConfigMap (1 extensions) (1 enabled)
2025-01-30 04:03:06,454 INFO c.h.h.t.HelmChartContainer - [hivemq-test-hivemq-platform] [hivemq-platform-operator] [9f95da05] 04:03:06.452 [pool-6-thread-27] DEBUG c.h.p.o.dependants.PodInfoConfigMap - [helmmqtt] Desired PodInfo ConfigMap (metrics port: 9399) (metrics path: /)
2025-01-30 04:03:06,455 INFO c.h.h.t.HelmChartContainer - [hivemq-test-hivemq-platform] [hivemq-platform-operator] [9f95da05] 04:03:06.453 [pool-6-thread-27] DEBUG c.h.p.o.dependants.PodInfoConfigMap - [helmmqtt] Desired PodInfo ConfigMap (extension state hash: -1817474005)
2025-01-30 04:03:06,458 INFO c.h.h.t.HelmChartContainer - [hivemq-test-hivemq-platform] [hivemq-platform-operator] [9f95da05] 04:03:06.455 [pool-6-thread-24] DEBUG c.h.p.o.d.StatefulSetResource - [helmmqtt] Desired StatefulSet (1 replicas) for status STARTING (READY)
2025-01-30 04:03:06,462 INFO c.h.h.t.HelmChartContainer - [hivemq-test-hivemq-platform] [hivemq-platform-operator] [9f95da05] 04:03:06.462 [ReconcilerExecutor-hivemq-controller-110] INFO  c.h.p.o.HiveMQPlatformReconciler - [helmmqtt] Reconciling HiveMQ Platform 'test-hivemq-platform' in namespace 'helmmqttit'
2025-01-30 04:03:06,463 INFO c.h.h.t.HelmChartContainer - [hivemq-test-hivemq-platform] [hivemq-platform-operator] [9f95da05] 04:03:06.462 [ReconcilerExecutor-hivemq-controller-110] DEBUG c.h.p.o.HiveMQPlatformReconciler - [helmmqtt] Custom Resource Status STARTING - HiveMQ Platform is starting (READY)
2025-01-30 04:03:06,463 INFO c.h.h.t.HelmChartContainer - [hivemq-test-hivemq-platform] [hivemq-platform-operator] [9f95da05] 04:03:06.462 [ReconcilerExecutor-hivemq-controller-110] DEBUG c.h.p.o.HiveMQPlatformReconciler - [helmmqtt] Custom Resource Spec (replicas: 1) (extensions: 1)
2025-01-30 04:03:06,465 INFO c.h.h.t.HelmChartContainer - [hivemq-test-hivemq-platform] [hivemq-platform-operator] [9f95da05] 04:03:06.464 [ReconcilerExecutor-hivemq-controller-110] DEBUG c.h.p.o.HiveMQPlatformReconciler - [helmmqtt] StatefulSet Status (revision: test-hivemq-platform-7bbc5894fb, replicas: 1, available: 0, ready: 0, current: 1, updated: 1)
2025-01-30 04:03:06,466 INFO c.h.h.t.HelmChartContainer - [hivemq-test-hivemq-platform] [hivemq-platform-operator] [9f95da05] 04:03:06.464 [ReconcilerExecutor-hivemq-controller-110] DEBUG c.h.p.o.HiveMQPlatformReconciler - [helmmqtt] StatefulSet Spec (replicas: 1, init containers: 1, containers: 1, volumes: 3)
2025-01-30 04:03:06,467 INFO c.h.h.t.HelmChartContainer - [hivemq-test-hivemq-platform] [hivemq-platform-operator] [9f95da05] 04:03:06.466 [ReconcilerExecutor-hivemq-controller-110] DEBUG c.h.p.o.h.HiveMQPlatformReconcilerErrorHandler - [helmmqtt] Pod 'test-hivemq-platform-0' phase Running
2025-01-30 04:03:06,467 INFO c.h.h.t.HelmChartContainer - [hivemq-test-hivemq-platform] [hivemq-platform-operator] [9f95da05] 04:03:06.466 [ReconcilerExecutor-hivemq-controller-110] INFO  c.h.p.o.h.HiveMQPlatformReconcilerBaseHandler - [helmmqtt] HiveMQ Platform is starting, 0 of 1 replicas are ready
2025-01-30 04:03:07,638 INFO c.h.h.t.HelmChartContainer - [test-hivemq-platform] [hivemq] [5b447b32] INFO  - No valid license file found. Using trial license, restricted to 25 connections.
2025-01-30 04:03:08,938 INFO c.h.h.t.HelmChartContainer - [test-hivemq-platform] [hivemq] [5b447b32] WARN  - [HiveMQ Platform Operator Init App 1.7.0-SNAPSHOT] Cannot connect to Health API for liveness: null
2025-01-30 04:03:08,938 INFO c.h.h.t.HelmChartContainer - [test-hivemq-platform] [hivemq] [5b447b32] INFO  - [HiveMQ Platform Operator Init App 1.7.0-SNAPSHOT] Returning default Health API response 200 for liveness
2025-01-30 04:03:11,437 INFO c.h.h.t.HelmChartContainer - [test-hivemq-platform] [hivemq] [5b447b32] WARN  - [HiveMQ Platform Operator Init App 1.7.0-SNAPSHOT] Cannot connect to Health API for readiness: null
2025-01-30 04:03:11,446 INFO c.h.h.t.HelmChartContainer - [EVENT] Warning [Unhealthy] Readiness probe failed: HTTP probe failed with statuscode: 503 [helmmqttit:test-hivemq-platform-0]
2025-01-30 04:03:11,446 INFO c.h.h.t.HelmChartContainer - Received Unhealthy event for container hivemq in pod test-hivemq-platform-0 [5b447b32-a4ba-4500-ba29-3d0e2ea3195c]
2025-01-30 04:03:11,553 INFO c.h.h.t.HelmChartContainer - [test-hivemq-platform] [hivemq] [5b447b32] INFO  - No valid license file for Data Hub found. Using free license, restricted to 1 policy.
2025-01-30 04:03:12,953 INFO c.h.h.t.HelmChartContainer - [test-hivemq-platform] [hivemq] [5b447b32] INFO  - Audit Logger started.
2025-01-30 04:03:13,241 INFO c.h.h.t.HelmChartContainer - [test-hivemq-platform] [hivemq] [5b447b32] INFO  - This node uses '1' CPU cores.
2025-01-30 04:03:13,246 INFO c.h.h.t.HelmChartContainer - [test-hivemq-platform] [hivemq] [5b447b32] INFO  - Starting HiveMQ Health API on address 0.0.0.0 and port 8889
2025-01-30 04:03:14,047 INFO c.h.h.t.HelmChartContainer - [test-hivemq-platform] [hivemq] [5b447b32] INFO  - Started HiveMQ Health API in 800ms
2025-01-30 04:03:14,644 INFO c.h.h.t.HelmChartContainer - [test-hivemq-platform] [hivemq] [5b447b32] INFO  - Starting HiveMQ extension system.
2025-01-30 04:03:14,944 INFO c.h.h.t.HelmChartContainer - [test-hivemq-platform] [hivemq] [5b447b32] INFO  - Starting extension with id "hivemq-dns-cluster-discovery" at /opt/hivemq/extensions/hivemq-dns-cluster-discovery
2025-01-30 04:03:15,344 INFO c.h.h.t.HelmChartContainer - [test-hivemq-platform] [hivemq] [5b447b32] INFO  - Extension "DNS Cluster Discovery Extension" version 4.3.2 started successfully.
2025-01-30 04:03:15,344 INFO c.h.h.t.HelmChartContainer - [test-hivemq-platform] [hivemq] [5b447b32] INFO  - Starting extension with id "hivemq-prometheus-extension" at /opt/hivemq/extensions/hivemq-prometheus-extension
2025-01-30 04:03:15,546 INFO c.h.h.t.HelmChartContainer - [test-hivemq-platform] [hivemq] [5b447b32] INFO  - Using TCP cluster transport on address 10.42.0.8 and port 7000
2025-01-30 04:03:15,637 INFO c.h.h.t.HelmChartContainer - [test-hivemq-platform] [hivemq] [5b447b32] INFO  - Using extension cluster discovery
2025-01-30 04:03:16,341 INFO c.h.h.t.HelmChartContainer - [test-hivemq-platform] [hivemq] [5b447b32] INFO  - Started Jetty Server exposing Prometheus Servlet on URI http://0.0.0.0:9399/
2025-01-30 04:03:16,341 INFO c.h.h.t.HelmChartContainer - [test-hivemq-platform] [hivemq] [5b447b32] INFO  - Extension "Prometheus Monitoring Extension" version 4.0.12 started successfully.
2025-01-30 04:03:16,343 INFO c.h.h.t.HelmChartContainer - [test-hivemq-platform] [hivemq] [5b447b32] INFO  - Starting extension with id "hivemq-allow-all-extension" at /opt/hivemq/extensions/hivemq-allow-all-extension
2025-01-30 04:03:16,343 INFO c.h.h.t.HelmChartContainer - [test-hivemq-platform] [hivemq] [5b447b32] WARN  - 
2025-01-30 04:03:16,343 INFO c.h.h.t.HelmChartContainer - [test-hivemq-platform] [hivemq] [5b447b32] ################################################################################################################
2025-01-30 04:03:16,343 INFO c.h.h.t.HelmChartContainer - [test-hivemq-platform] [hivemq] [5b447b32] # This HiveMQ deployment is not secure! You are lacking Authentication and Authorization.                      #
2025-01-30 04:03:16,344 INFO c.h.h.t.HelmChartContainer - [test-hivemq-platform] [hivemq] [5b447b32] # Right now any MQTT client can connect to the broker with a full set of permissions.                          #
2025-01-30 04:03:16,344 INFO c.h.h.t.HelmChartContainer - [test-hivemq-platform] [hivemq] [5b447b32] # For production usage, add an appropriate security extension and remove the hivemq-allow-all extension.       #
2025-01-30 04:03:16,344 INFO c.h.h.t.HelmChartContainer - [test-hivemq-platform] [hivemq] [5b447b32] # You can download security extensions from the HiveMQ Marketplace (https://www.hivemq.com/extensions/).       #
2025-01-30 04:03:16,344 INFO c.h.h.t.HelmChartContainer - [test-hivemq-platform] [hivemq] [5b447b32] ################################################################################################################
2025-01-30 04:03:16,344 INFO c.h.h.t.HelmChartContainer - [test-hivemq-platform] [hivemq] [5b447b32] INFO  - Extension "Allow All Extension" version 1.1.1 started successfully.
2025-01-30 04:03:16,474 INFO c.h.h.t.HelmChartContainer - [hivemq-test-hivemq-platform] [hivemq-platform-operator] [9f95da05] 04:03:16.470 [pool-6-thread-32] DEBUG c.h.p.o.d.PlatformServiceResource - [helmmqtt] Desired Platform services (2 services)
2025-01-30 04:03:16,474 INFO c.h.h.t.HelmChartContainer - [hivemq-test-hivemq-platform] [hivemq-platform-operator] [9f95da05] 04:03:16.471 [pool-6-thread-33] DEBUG c.h.p.o.d.PodServiceAccountResource - [helmmqtt] Desired PodServiceAccountResource (serviceAccountName: hivemq-platform-pod-test-hivemq-platform)
2025-01-30 04:03:16,474 INFO c.h.h.t.HelmChartContainer - [hivemq-test-hivemq-platform] [hivemq-platform-operator] [9f95da05] 04:03:16.471 [pool-6-thread-37] DEBUG c.h.p.o.dependants.PodInfoConfigMap - [helmmqtt] Desired PodInfo ConfigMap (1 extensions) (1 enabled)
2025-01-30 04:03:16,474 INFO c.h.h.t.HelmChartContainer - [hivemq-test-hivemq-platform] [hivemq-platform-operator] [9f95da05] 04:03:16.474 [pool-6-thread-37] DEBUG c.h.p.o.dependants.PodInfoConfigMap - [helmmqtt] Desired PodInfo ConfigMap (metrics port: 9399) (metrics path: /)
2025-01-30 04:03:16,475 INFO c.h.h.t.HelmChartContainer - [hivemq-test-hivemq-platform] [hivemq-platform-operator] [9f95da05] 04:03:16.474 [pool-6-thread-37] DEBUG c.h.p.o.dependants.PodInfoConfigMap - [helmmqtt] Desired PodInfo ConfigMap (extension state hash: -1817474005)
2025-01-30 04:03:16,478 INFO c.h.h.t.HelmChartContainer - [hivemq-test-hivemq-platform] [hivemq-platform-operator] [9f95da05] 04:03:16.477 [pool-6-thread-32] DEBUG c.h.p.o.d.StatefulSetResource - [helmmqtt] Desired StatefulSet (1 replicas) for status STARTING (READY)
2025-01-30 04:03:16,481 INFO c.h.h.t.HelmChartContainer - [hivemq-test-hivemq-platform] [hivemq-platform-operator] [9f95da05] 04:03:16.480 [ReconcilerExecutor-hivemq-controller-111] INFO  c.h.p.o.HiveMQPlatformReconciler - [helmmqtt] Reconciling HiveMQ Platform 'test-hivemq-platform' in namespace 'helmmqttit'
2025-01-30 04:03:16,481 INFO c.h.h.t.HelmChartContainer - [hivemq-test-hivemq-platform] [hivemq-platform-operator] [9f95da05] 04:03:16.480 [ReconcilerExecutor-hivemq-controller-111] DEBUG c.h.p.o.HiveMQPlatformReconciler - [helmmqtt] Custom Resource Status STARTING - HiveMQ Platform is starting (READY)
2025-01-30 04:03:16,481 INFO c.h.h.t.HelmChartContainer - [hivemq-test-hivemq-platform] [hivemq-platform-operator] [9f95da05] 04:03:16.480 [ReconcilerExecutor-hivemq-controller-111] DEBUG c.h.p.o.HiveMQPlatformReconciler - [helmmqtt] Custom Resource Spec (replicas: 1) (extensions: 1)
2025-01-30 04:03:16,483 INFO c.h.h.t.HelmChartContainer - [hivemq-test-hivemq-platform] [hivemq-platform-operator] [9f95da05] 04:03:16.482 [ReconcilerExecutor-hivemq-controller-111] DEBUG c.h.p.o.HiveMQPlatformReconciler - [helmmqtt] StatefulSet Status (revision: test-hivemq-platform-7bbc5894fb, replicas: 1, available: 0, ready: 0, current: 1, updated: 1)
2025-01-30 04:03:16,484 INFO c.h.h.t.HelmChartContainer - [hivemq-test-hivemq-platform] [hivemq-platform-operator] [9f95da05] 04:03:16.482 [ReconcilerExecutor-hivemq-controller-111] DEBUG c.h.p.o.HiveMQPlatformReconciler - [helmmqtt] StatefulSet Spec (replicas: 1, init containers: 1, containers: 1, volumes: 3)
2025-01-30 04:03:16,484 INFO c.h.h.t.HelmChartContainer - [hivemq-test-hivemq-platform] [hivemq-platform-operator] [9f95da05] 04:03:16.483 [ReconcilerExecutor-hivemq-controller-111] DEBUG c.h.p.o.h.HiveMQPlatformReconcilerErrorHandler - [helmmqtt] Pod 'test-hivemq-platform-0' phase Running
2025-01-30 04:03:16,485 INFO c.h.h.t.HelmChartContainer - [hivemq-test-hivemq-platform] [hivemq-platform-operator] [9f95da05] 04:03:16.484 [ReconcilerExecutor-hivemq-controller-111] INFO  c.h.p.o.h.HiveMQPlatformReconcilerBaseHandler - [helmmqtt] HiveMQ Platform is starting, 0 of 1 replicas are ready
2025-01-30 04:03:16,938 INFO c.h.h.t.HelmChartContainer - [test-hivemq-platform] [hivemq] [5b447b32] INFO  - [HiveMQ Platform Operator Init App 1.7.0-SNAPSHOT] Returning Health API response 503 for readiness
2025-01-30 04:03:16,943 INFO c.h.h.t.HelmChartContainer - [EVENT] Warning [Unhealthy] Readiness probe failed: HTTP probe failed with statuscode: 503 [helmmqttit:test-hivemq-platform-0]
2025-01-30 04:03:16,943 INFO c.h.h.t.HelmChartContainer - Received Unhealthy event for container hivemq in pod test-hivemq-platform-0 [5b447b32-a4ba-4500-ba29-3d0e2ea3195c]
2025-01-30 04:03:18,414 INFO c.h.h.t.HelmChartContainer - [test-hivemq-platform] [hivemq] [5b447b32] INFO  - xTAsD: no members discovered after 2178 ms: creating cluster as first member
2025-01-30 04:03:18,420 INFO c.h.h.t.HelmChartContainer - [test-hivemq-platform] [hivemq] [5b447b32] INFO  - Cluster nodes found by discovery: [xTAsD|0] (1) [xTAsD].
2025-01-30 04:03:18,517 INFO c.h.h.t.HelmChartContainer - [test-hivemq-platform] [hivemq] [5b447b32] WARN  - No user for HiveMQ Control Center configured. Starting with default user
2025-01-30 04:03:18,518 INFO c.h.h.t.HelmChartContainer - [test-hivemq-platform] [hivemq] [5b447b32] INFO  - Starting HiveMQ Control Center on address 127.0.0.1 and port 8080
2025-01-30 04:03:18,519 INFO c.h.h.t.HelmChartContainer - [test-hivemq-platform] [hivemq] [5b447b32] INFO  - Mounting HiveMQ Control Center V2 Preview
2025-01-30 04:03:19,038 INFO c.h.h.t.HelmChartContainer - [test-hivemq-platform] [hivemq] [5b447b32] INFO  - Started HiveMQ Control Center in 521ms
2025-01-30 04:03:19,126 INFO c.h.h.t.HelmChartContainer - [test-hivemq-platform] [hivemq] [5b447b32] INFO  - Starting TCP listener on address 0.0.0.0 and port 1884
2025-01-30 04:03:19,214 INFO c.h.h.t.HelmChartContainer - [test-hivemq-platform] [hivemq] [5b447b32] INFO  - Started TCP Listener on address 0.0.0.0 and on port 1884.
2025-01-30 04:03:19,214 INFO c.h.h.t.HelmChartContainer - [test-hivemq-platform] [hivemq] [5b447b32] INFO  - Started HiveMQ in 30867ms
2025-01-30 04:03:21,355 INFO c.h.h.t.HelmChartContainer - [test-hivemq-platform] [hivemq] [5b447b32] INFO  - [HiveMQ Platform Operator Init App 1.7.0-SNAPSHOT] Returning Health API response 200 for readiness
2025-01-30 04:03:21,370 INFO c.h.h.t.HelmChartContainer - [POD] test-hivemq-platform-0 [5b447b32-a4ba-4500-ba29-3d0e2ea3195c] in helmmqttit was MODIFIED
2025-01-30 04:03:21,380 INFO c.h.h.t.HelmChartContainer - [hivemq-test-hivemq-platform] [hivemq-platform-operator] [9f95da05] 04:03:21.376 [pool-6-thread-44] DEBUG c.h.p.o.d.PlatformServiceResource - [helmmqtt] Desired Platform services (2 services)
2025-01-30 04:03:21,382 INFO c.h.h.t.HelmChartContainer - [hivemq-test-hivemq-platform] [hivemq-platform-operator] [9f95da05] 04:03:21.377 [pool-6-thread-47] DEBUG c.h.p.o.d.PodServiceAccountResource - [helmmqtt] Desired PodServiceAccountResource (serviceAccountName: hivemq-platform-pod-test-hivemq-platform)
2025-01-30 04:03:21,385 INFO c.h.h.t.HelmChartContainer - [hivemq-test-hivemq-platform] [hivemq-platform-operator] [9f95da05] 04:03:21.382 [pool-6-thread-43] DEBUG c.h.p.o.dependants.PodInfoConfigMap - [helmmqtt] Desired PodInfo ConfigMap (1 extensions) (1 enabled)
2025-01-30 04:03:21,385 INFO c.h.h.t.HelmChartContainer - [hivemq-test-hivemq-platform] [hivemq-platform-operator] [9f95da05] 04:03:21.383 [pool-6-thread-43] DEBUG c.h.p.o.dependants.PodInfoConfigMap - [helmmqtt] Desired PodInfo ConfigMap (metrics port: 9399) (metrics path: /)
2025-01-30 04:03:21,385 INFO c.h.h.t.HelmChartContainer - [hivemq-test-hivemq-platform] [hivemq-platform-operator] [9f95da05] 04:03:21.383 [pool-6-thread-43] DEBUG c.h.p.o.dependants.PodInfoConfigMap - [helmmqtt] Desired PodInfo ConfigMap (extension state hash: -1817474005)
2025-01-30 04:03:21,390 INFO c.h.h.t.HelmChartContainer - [hivemq-test-hivemq-platform] [hivemq-platform-operator] [9f95da05] 04:03:21.390 [pool-6-thread-43] DEBUG c.h.p.o.d.StatefulSetResource - [helmmqtt] Desired StatefulSet (1 replicas) for status STARTING (READY)
2025-01-30 04:03:21,457 INFO c.h.h.t.HelmChartContainer - [hivemq-test-hivemq-platform] [hivemq-platform-operator] [9f95da05] 04:03:21.456 [ReconcilerExecutor-hivemq-controller-112] INFO  c.h.p.o.HiveMQPlatformReconciler - [helmmqtt] Reconciling HiveMQ Platform 'test-hivemq-platform' in namespace 'helmmqttit'
2025-01-30 04:03:21,457 INFO c.h.h.t.HelmChartContainer - [hivemq-test-hivemq-platform] [hivemq-platform-operator] [9f95da05] 04:03:21.456 [ReconcilerExecutor-hivemq-controller-112] DEBUG c.h.p.o.HiveMQPlatformReconciler - [helmmqtt] Custom Resource Status STARTING - HiveMQ Platform is starting (READY)
2025-01-30 04:03:21,457 INFO c.h.h.t.HelmChartContainer - [hivemq-test-hivemq-platform] [hivemq-platform-operator] [9f95da05] 04:03:21.456 [ReconcilerExecutor-hivemq-controller-112] DEBUG c.h.p.o.HiveMQPlatformReconciler - [helmmqtt] Custom Resource Spec (replicas: 1) (extensions: 1)
2025-01-30 04:03:21,460 INFO c.h.h.t.HelmChartContainer - [hivemq-test-hivemq-platform] [hivemq-platform-operator] [9f95da05] 04:03:21.458 [ReconcilerExecutor-hivemq-controller-112] DEBUG c.h.p.o.HiveMQPlatformReconciler - [helmmqtt] StatefulSet Status (revision: test-hivemq-platform-7bbc5894fb, replicas: 1, available: 1, ready: 1, current: 1, updated: 1)
2025-01-30 04:03:21,461 INFO c.h.h.t.HelmChartContainer - [hivemq-test-hivemq-platform] [hivemq-platform-operator] [9f95da05] 04:03:21.458 [ReconcilerExecutor-hivemq-controller-112] DEBUG c.h.p.o.HiveMQPlatformReconciler - [helmmqtt] StatefulSet Spec (replicas: 1, init containers: 1, containers: 1, volumes: 3)
2025-01-30 04:03:21,461 INFO c.h.h.t.HelmChartContainer - [hivemq-test-hivemq-platform] [hivemq-platform-operator] [9f95da05] 04:03:21.460 [ReconcilerExecutor-hivemq-controller-112] DEBUG c.h.p.o.h.HiveMQPlatformReconcilerErrorHandler - [helmmqtt] Pod 'test-hivemq-platform-0' phase Running
2025-01-30 04:03:21,462 INFO c.h.h.t.HelmChartContainer - [hivemq-test-hivemq-platform] [hivemq-platform-operator] [9f95da05] 04:03:21.461 [ReconcilerExecutor-hivemq-controller-112] INFO  c.h.p.o.h.HiveMQPlatformReconcilerBaseHandler - [helmmqtt] HiveMQ Platform started successfully
2025-01-30 04:03:21,558 INFO c.h.h.t.HelmChartContainer - [hivemq-test-hivemq-platform] [hivemq-platform-operator] [9f95da05] 04:03:21.557 [ReconcilerExecutor-hivemq-controller-112] DEBUG c.h.p.operator.event.EventSender - [helmmqtt] Creating K8s event hivemq-platform-ready: [Ready] HiveMQ Platform is ready
2025-01-30 04:03:21,562 INFO c.h.h.t.HelmChartContainer - [EVENT] Normal [Ready] HiveMQ Platform is ready [helmmqttit:test-hivemq-platform]
2025-01-30 04:03:21,563 INFO c.h.h.t.HelmChartContainer - [hivemq-test-hivemq-platform] [hivemq-platform-operator] [9f95da05] 04:03:21.562 [ReconcilerExecutor-hivemq-controller-112] INFO  c.h.p.o.h.AbstractHiveMQReconcilerStateHandler - [helmmqtt] Update HiveMQ Platform Status (STARTING [READY] -> RUNNING [READY]): HiveMQ Platform is ready
2025-01-30 04:03:21,571 DEBUG com.hivemq.helmcharts.util.K8sUtil - Comparing actual state 'RUNNING' and waiting for 'RUNNING'
2025-01-30 04:03:21,578 INFO c.h.h.t.HelmChartContainer - [hivemq-test-hivemq-platform] [hivemq-platform-operator] [9f95da05] 04:03:21.574 [pool-6-thread-6] DEBUG c.h.p.o.d.PlatformServiceResource - [helmmqtt] Desired Platform services (2 services)
2025-01-30 04:03:21,656 INFO c.h.h.t.HelmChartContainer - [hivemq-test-hivemq-platform] [hivemq-platform-operator] [9f95da05] 04:03:21.655 [pool-6-thread-1] DEBUG c.h.p.o.dependants.PodInfoConfigMap - [helmmqtt] Desired PodInfo ConfigMap (1 extensions) (1 enabled)
2025-01-30 04:03:21,657 INFO c.h.h.t.HelmChartContainer - [hivemq-test-hivemq-platform] [hivemq-platform-operator] [9f95da05] 04:03:21.655 [pool-6-thread-1] DEBUG c.h.p.o.dependants.PodInfoConfigMap - [helmmqtt] Desired PodInfo ConfigMap (metrics port: 9399) (metrics path: /)
2025-01-30 04:03:21,657 INFO c.h.h.t.HelmChartContainer - [hivemq-test-hivemq-platform] [hivemq-platform-operator] [9f95da05] 04:03:21.655 [pool-6-thread-1] DEBUG c.h.p.o.dependants.PodInfoConfigMap - [helmmqtt] Desired PodInfo ConfigMap (extension state hash: -1817474005)
2025-01-30 04:03:21,658 INFO c.h.h.t.HelmChartContainer - [hivemq-test-hivemq-platform] [hivemq-platform-operator] [9f95da05] 04:03:21.656 [pool-6-thread-1] DEBUG c.h.p.o.dependants.PodInfoConfigMap - [helmmqtt] Update PodInfo ConfigMap
2025-01-30 04:03:21,658 INFO c.h.h.t.HelmChartContainer - [hivemq-test-hivemq-platform] [hivemq-platform-operator] [9f95da05] 04:03:21.656 [pool-6-thread-6] DEBUG c.h.p.o.d.PodServiceAccountResource - [helmmqtt] Desired PodServiceAccountResource (serviceAccountName: hivemq-platform-pod-test-hivemq-platform)
2025-01-30 04:03:21,667 INFO c.h.h.t.HelmChartContainer - [hivemq-test-hivemq-platform] [hivemq-platform-operator] [9f95da05] 04:03:21.667 [pool-6-thread-1] DEBUG c.h.p.o.d.StatefulSetResource - [helmmqtt] Desired StatefulSet (1 replicas) for status RUNNING (READY)
2025-01-30 04:03:21,671 INFO c.h.h.t.HelmChartContainer - [hivemq-test-hivemq-platform] [hivemq-platform-operator] [9f95da05] 04:03:21.670 [ReconcilerExecutor-hivemq-controller-113] INFO  c.h.p.o.HiveMQPlatformReconciler - [helmmqtt] Reconciling HiveMQ Platform 'test-hivemq-platform' in namespace 'helmmqttit'
2025-01-30 04:03:21,671 INFO c.h.h.t.HelmChartContainer - [hivemq-test-hivemq-platform] [hivemq-platform-operator] [9f95da05] 04:03:21.670 [ReconcilerExecutor-hivemq-controller-113] DEBUG c.h.p.o.HiveMQPlatformReconciler - [helmmqtt] Custom Resource Status RUNNING - HiveMQ Platform is ready (READY)
2025-01-30 04:03:21,671 INFO c.h.h.t.HelmChartContainer - [hivemq-test-hivemq-platform] [hivemq-platform-operator] [9f95da05] 04:03:21.670 [ReconcilerExecutor-hivemq-controller-113] DEBUG c.h.p.o.HiveMQPlatformReconciler - [helmmqtt] Custom Resource Spec (replicas: 1) (extensions: 1)
2025-01-30 04:03:21,673 INFO c.h.h.t.HelmChartContainer - [hivemq-test-hivemq-platform] [hivemq-platform-operator] [9f95da05] 04:03:21.672 [ReconcilerExecutor-hivemq-controller-113] DEBUG c.h.p.o.HiveMQPlatformReconciler - [helmmqtt] StatefulSet Status (revision: test-hivemq-platform-7bbc5894fb, replicas: 1, available: 1, ready: 1, current: 1, updated: 1)
2025-01-30 04:03:21,673 INFO c.h.h.t.HelmChartContainer - [hivemq-test-hivemq-platform] [hivemq-platform-operator] [9f95da05] 04:03:21.672 [ReconcilerExecutor-hivemq-controller-113] DEBUG c.h.p.o.HiveMQPlatformReconciler - [helmmqtt] StatefulSet Spec (replicas: 1, init containers: 1, containers: 1, volumes: 3)
2025-01-30 04:03:21,675 INFO c.h.h.t.HelmChartContainer - [hivemq-test-hivemq-platform] [hivemq-platform-operator] [9f95da05] 04:03:21.673 [ReconcilerExecutor-hivemq-controller-113] DEBUG c.h.p.o.h.HiveMQPlatformReconcilerErrorHandler - [helmmqtt] Pod 'test-hivemq-platform-0' phase Running
2025-01-30 04:03:26,686 INFO c.h.h.t.HelmChartContainer - Uninstalling release 'test-hivemq-platform' in namespace 'helmmqttit'...
2025-01-30 04:03:26,687 DEBUG c.h.h.t.HelmChartContainer - Executing helm command: /bin/helm --kubeconfig /etc/rancher/k3s/k3s.yaml uninstall test-hivemq-platform  --wait --timeout 5m0s --cascade foreground --namespace helmmqttit
2025-01-30 04:03:26,881 INFO c.h.h.t.HelmChartContainer - [hivemq-test-hivemq-platform] [hivemq-platform-operator] [9f95da05] 04:03:26.879 [pool-6-thread-18] DEBUG c.h.p.o.d.PlatformServiceResource - [helmmqtt] Desired Platform services (2 services)
2025-01-30 04:03:26,886 INFO c.h.h.t.HelmChartContainer - [hivemq-test-hivemq-platform] [hivemq-platform-operator] [9f95da05] 04:03:26.884 [pool-6-thread-19] DEBUG c.h.p.o.dependants.PodInfoConfigMap - [helmmqtt] Desired PodInfo ConfigMap (1 extensions) (1 enabled)
2025-01-30 04:03:26,886 INFO c.h.h.t.HelmChartContainer - [hivemq-test-hivemq-platform] [hivemq-platform-operator] [9f95da05] 04:03:26.884 [pool-6-thread-19] DEBUG c.h.p.o.dependants.PodInfoConfigMap - [helmmqtt] Desired PodInfo ConfigMap (metrics port: 9399) (metrics path: /)
2025-01-30 04:03:26,886 INFO c.h.h.t.HelmChartContainer - [hivemq-test-hivemq-platform] [hivemq-platform-operator] [9f95da05] 04:03:26.884 [pool-6-thread-19] DEBUG c.h.p.o.dependants.PodInfoConfigMap - [helmmqtt] Desired PodInfo ConfigMap (extension state hash: -1817474005)
2025-01-30 04:03:26,903 INFO c.h.h.t.HelmChartContainer - [hivemq-test-hivemq-platform] [hivemq-platform-operator] [9f95da05] 04:03:26.891 [pool-6-thread-17] DEBUG c.h.p.o.d.PodServiceAccountResource - [helmmqtt] Desired PodServiceAccountResource (serviceAccountName: hivemq-platform-pod-test-hivemq-platform)
2025-01-30 04:03:26,927 INFO c.h.h.t.HelmChartContainer - [K3S] [authentication.go:74] "Unable to authenticate the request" err="[invalid bearer token, serviceaccounts \"hivemq-platform-pod-test-hivemq-platform\" not found]"
2025-01-30 04:03:26,934 INFO c.h.h.t.HelmChartContainer - [hivemq-test-hivemq-platform] [hivemq-platform-operator] [9f95da05] 04:03:26.933 [pool-6-thread-19] DEBUG c.h.p.o.d.StatefulSetResource - [helmmqtt] Desired StatefulSet (1 replicas) for status RUNNING (READY)
2025-01-30 04:03:26,951 INFO c.h.h.t.HelmChartContainer - [K3S] [authentication.go:74] "Unable to authenticate the request" err="[invalid bearer token, serviceaccounts \"hivemq-platform-pod-test-hivemq-platform\" not found]"
2025-01-30 04:03:26,959 INFO c.h.h.t.HelmChartContainer - [hivemq-test-hivemq-platform] [hivemq-platform-operator] [9f95da05] 04:03:26.958 [pool-6-thread-19] DEBUG c.h.p.o.d.StatefulSetResource - [helmmqtt] Update StatefulSet (replicas: 1 -> 1)
2025-01-30 04:03:26,961 INFO c.h.h.t.HelmChartContainer - [hivemq-test-hivemq-platform] [hivemq-platform-operator] [9f95da05] 04:03:26.960 [pool-6-thread-19] DEBUG c.h.p.o.d.StatefulSetResource - [helmmqtt] Detected change in StatefulSet specification (path: /template/metadata/annotations/kubernetes-resource-versions) (actual value: {broker-configuration-v2=319910904}) (target value: {broker-configuration-v2=0})
2025-01-30 04:03:26,961 INFO c.h.h.t.HelmChartContainer - [hivemq-test-hivemq-platform] [hivemq-platform-operator] [9f95da05] 04:03:26.960 [pool-6-thread-19] INFO  c.h.p.o.d.StatefulSetResource - [helmmqtt] StatefulSet spec was updated, triggering rolling restart
2025-01-30 04:03:27,040 INFO c.h.h.t.HelmChartContainer - [test-hivemq-platform] [hivemq] [5b447b32] WARN  - [HiveMQ Platform Operator Init App 1.7.0-SNAPSHOT] Could not update Pod annotations: Failure executing: GET at: https://10.43.0.1:443/api/v1/namespaces/helmmqttit/pods/test-hivemq-platform-0. Message: Unauthorized. Received status: Status(apiVersion=v1, code=401, details=null, kind=Status, message=Unauthorized, metadata=ListMeta(_continue=null, remainingItemCount=null, resourceVersion=null, selfLink=null, additionalProperties={}), reason=Unauthorized, status=Failure, additionalProperties={}).
2025-01-30 04:03:27,056 INFO c.h.h.t.HelmChartContainer - [hivemq-test-hivemq-platform] [hivemq-platform-operator] [9f95da05] 04:03:27.054 [ReconcilerExecutor-hivemq-controller-114] INFO  c.h.p.o.HiveMQPlatformReconciler - [helmmqtt] Reconciling HiveMQ Platform 'test-hivemq-platform' in namespace 'helmmqttit'
2025-01-30 04:03:27,056 INFO c.h.h.t.HelmChartContainer - [hivemq-test-hivemq-platform] [hivemq-platform-operator] [9f95da05] 04:03:27.056 [ReconcilerExecutor-hivemq-controller-114] DEBUG c.h.p.o.HiveMQPlatformReconciler - [helmmqtt] Custom Resource Status RUNNING - HiveMQ Platform is ready (READY) (reconciliation requests: ROLLING_RESTART, REQUESTS_UPDATED)
2025-01-30 04:03:27,057 INFO c.h.h.t.HelmChartContainer - [hivemq-test-hivemq-platform] [hivemq-platform-operator] [9f95da05] 04:03:27.056 [ReconcilerExecutor-hivemq-controller-114] DEBUG c.h.p.o.HiveMQPlatformReconciler - [helmmqtt] Custom Resource Spec (replicas: 1) (extensions: 1)
2025-01-30 04:03:27,057 INFO c.h.h.t.HelmChartContainer - [hivemq-test-hivemq-platform] [hivemq-platform-operator] [9f95da05] 04:03:27.056 [ReconcilerExecutor-hivemq-controller-114] WARN  c.h.p.o.h.HiveMQPlatformReconcilerErrorHandler - [helmmqtt] Could not find ConfigMap 'hivemq-configuration-test-hivemq-platform' for HiveMQ Platform configuration
2025-01-30 04:03:27,132 INFO c.h.h.t.HelmChartContainer - [hivemq-test-hivemq-platform] [hivemq-platform-operator] [9f95da05] 04:03:27.130 [ReconcilerExecutor-hivemq-controller-114] DEBUG c.h.p.operator.event.EventSender - [helmmqtt] Creating K8s event hivemq-platform-invalid-configuration: [Start] Could not find ConfigMap 'hivemq-configuration-test-hivemq-platform' for HiveMQ Platform configuration
2025-01-30 04:03:27,158 INFO c.h.h.t.HelmChartContainer - [EVENT] Warning [Start] Could not find ConfigMap 'hivemq-configuration-test-hivemq-platform' for HiveMQ Platform configuration [helmmqttit:test-hivemq-platform]
2025-01-30 04:03:27,160 INFO c.h.h.t.HelmChartContainer - [hivemq-test-hivemq-platform] [hivemq-platform-operator] [9f95da05] 04:03:27.159 [ReconcilerExecutor-hivemq-controller-114] INFO  c.h.p.o.h.AbstractHiveMQReconcilerStateHandler - [helmmqtt] Update HiveMQ Platform Status (RUNNING [READY] -> ERROR [INVALID_CONFIG_MAP]): Could not find ConfigMap 'hivemq-configuration-test-hivemq-platform' for HiveMQ Platform configuration (reconciliation requests: ROLLING_RESTART)
2025-01-30 04:03:27,170 INFO c.h.h.t.HelmChartContainer - [hivemq-test-hivemq-platform] [hivemq-platform-operator] [9f95da05] 04:03:27.167 [ReconcilerExecutor-hivemq-controller-114] ERROR i.j.o.p.event.EventProcessor - Error during event processing ExecutionScope{ resource id: ResourceID{name='test-hivemq-platform', namespace='helmmqttit'}, version: 859}
2025-01-30 04:03:27,171 INFO c.h.h.t.HelmChartContainer - [hivemq-test-hivemq-platform] [hivemq-platform-operator] [9f95da05] io.fabric8.kubernetes.client.KubernetesClientException: Failure executing: PUT at: https://10.43.0.1:443/apis/hivemq.com/v1/namespaces/helmmqttit/hivemq-platforms/test-hivemq-platform/status. Message: Operation cannot be fulfilled on hivemq-platforms.hivemq.com "test-hivemq-platform": the object has been modified; please apply your changes to the latest version and try again. Received status: Status(apiVersion=v1, code=409, details=StatusDetails(causes=[], group=hivemq.com, kind=hivemq-platforms, name=test-hivemq-platform, retryAfterSeconds=null, uid=null, additionalProperties={}), kind=Status, message=Operation cannot be fulfilled on hivemq-platforms.hivemq.com "test-hivemq-platform": the object has been modified; please apply your changes to the latest version and try again, metadata=ListMeta(_continue=null, remainingItemCount=null, resourceVersion=null, selfLink=null, additionalProperties={}), reason=Conflict, status=Failure, additionalProperties={}).
2025-01-30 04:03:27,171 INFO c.h.h.t.HelmChartContainer - [hivemq-test-hivemq-platform] [hivemq-platform-operator] [9f95da05] 	at io.fabric8.kubernetes.client.KubernetesClientException.copyAsCause(KubernetesClientException.java:238)
2025-01-30 04:03:27,171 INFO c.h.h.t.HelmChartContainer - [hivemq-test-hivemq-platform] [hivemq-platform-operator] [9f95da05] 	at io.fabric8.kubernetes.client.dsl.internal.OperationSupport.waitForResult(OperationSupport.java:507)
2025-01-30 04:03:27,171 INFO c.h.h.t.HelmChartContainer - [hivemq-test-hivemq-platform] [hivemq-platform-operator] [9f95da05] 	at io.fabric8.kubernetes.client.dsl.internal.OperationSupport.handleResponse(OperationSupport.java:524)
2025-01-30 04:03:27,171 INFO c.h.h.t.HelmChartContainer - [hivemq-test-hivemq-platform] [hivemq-platform-operator] [9f95da05] 	at io.fabric8.kubernetes.client.dsl.internal.OperationSupport.handleUpdate(OperationSupport.java:358)
2025-01-30 04:03:27,171 INFO c.h.h.t.HelmChartContainer - [hivemq-test-hivemq-platform] [hivemq-platform-operator] [9f95da05] 	at io.fabric8.kubernetes.client.dsl.internal.BaseOperation.handleUpdate(BaseOperation.java:759)
2025-01-30 04:03:27,171 INFO c.h.h.t.HelmChartContainer - [hivemq-test-hivemq-platform] [hivemq-platform-operator] [9f95da05] 	at io.fabric8.kubernetes.client.dsl.internal.HasMetadataOperation.update(HasMetadataOperation.java:138)
2025-01-30 04:03:27,171 INFO c.h.h.t.HelmChartContainer - [hivemq-test-hivemq-platform] [hivemq-platform-operator] [9f95da05] 	at io.fabric8.kubernetes.client.dsl.internal.HasMetadataOperation.update(HasMetadataOperation.java:121)
2025-01-30 04:03:27,171 INFO c.h.h.t.HelmChartContainer - [hivemq-test-hivemq-platform] [hivemq-platform-operator] [9f95da05] 	at io.fabric8.kubernetes.client.dsl.internal.HasMetadataOperation.updateStatus(HasMetadataOperation.java:126)
2025-01-30 04:03:27,171 INFO c.h.h.t.HelmChartContainer - [hivemq-test-hivemq-platform] [hivemq-platform-operator] [9f95da05] 	at io.fabric8.kubernetes.client.dsl.internal.HasMetadataOperation.updateStatus(HasMetadataOperation.java:44)
2025-01-30 04:03:27,171 INFO c.h.h.t.HelmChartContainer - [hivemq-test-hivemq-platform] [hivemq-platform-operator] [9f95da05] 	at io.javaoperatorsdk.operator.processing.event.ReconciliationDispatcher$CustomResourceFacade.updateStatus(ReconciliationDispatcher.java:408)
2025-01-30 04:03:27,171 INFO c.h.h.t.HelmChartContainer - [hivemq-test-hivemq-platform] [hivemq-platform-operator] [9f95da05] 	at io.javaoperatorsdk.operator.processing.event.ReconciliationDispatcher.updateStatusGenerationAware(ReconciliationDispatcher.java:228)
2025-01-30 04:03:27,172 INFO c.h.h.t.HelmChartContainer - [hivemq-test-hivemq-platform] [hivemq-platform-operator] [9f95da05] 	at io.javaoperatorsdk.operator.processing.event.ReconciliationDispatcher.reconcileExecution(ReconciliationDispatcher.java:150)
2025-01-30 04:03:27,172 INFO c.h.h.t.HelmChartContainer - [hivemq-test-hivemq-platform] [hivemq-platform-operator] [9f95da05] 	at io.javaoperatorsdk.operator.processing.event.ReconciliationDispatcher.handleReconcile(ReconciliationDispatcher.java:117)
2025-01-30 04:03:27,172 INFO c.h.h.t.HelmChartContainer - [hivemq-test-hivemq-platform] [hivemq-platform-operator] [9f95da05] 	at io.javaoperatorsdk.operator.processing.event.ReconciliationDispatcher.handleDispatch(ReconciliationDispatcher.java:91)
2025-01-30 04:03:27,172 INFO c.h.h.t.HelmChartContainer - [hivemq-test-hivemq-platform] [hivemq-platform-operator] [9f95da05] 	at io.javaoperatorsdk.operator.processing.event.ReconciliationDispatcher.handleExecution(ReconciliationDispatcher.java:64)
2025-01-30 04:03:27,172 INFO c.h.h.t.HelmChartContainer - [hivemq-test-hivemq-platform] [hivemq-platform-operator] [9f95da05] 	at io.javaoperatorsdk.operator.processing.event.EventProcessor$ReconcilerExecutor.run(EventProcessor.java:452)
2025-01-30 04:03:27,172 INFO c.h.h.t.HelmChartContainer - [hivemq-test-hivemq-platform] [hivemq-platform-operator] [9f95da05] 	at java.base/java.util.concurrent.ThreadPoolExecutor.runWorker(Unknown Source)
2025-01-30 04:03:27,172 INFO c.h.h.t.HelmChartContainer - [hivemq-test-hivemq-platform] [hivemq-platform-operator] [9f95da05] 	at java.base/java.util.concurrent.ThreadPoolExecutor$Worker.run(Unknown Source)
2025-01-30 04:03:27,172 INFO c.h.h.t.HelmChartContainer - [hivemq-test-hivemq-platform] [hivemq-platform-operator] [9f95da05] 	at java.base/java.lang.Thread.run(Unknown Source)
2025-01-30 04:03:27,173 INFO c.h.h.t.HelmChartContainer - [hivemq-test-hivemq-platform] [hivemq-platform-operator] [9f95da05] Caused by: io.fabric8.kubernetes.client.KubernetesClientException: Failure executing: PUT at: https://10.43.0.1:443/apis/hivemq.com/v1/namespaces/helmmqttit/hivemq-platforms/test-hivemq-platform/status. Message: Operation cannot be fulfilled on hivemq-platforms.hivemq.com "test-hivemq-platform": the object has been modified; please apply your changes to the latest version and try again. Received status: Status(apiVersion=v1, code=409, details=StatusDetails(causes=[], group=hivemq.com, kind=hivemq-platforms, name=test-hivemq-platform, retryAfterSeconds=null, uid=null, additionalProperties={}), kind=Status, message=Operation cannot be fulfilled on hivemq-platforms.hivemq.com "test-hivemq-platform": the object has been modified; please apply your changes to the latest version and try again, metadata=ListMeta(_continue=null, remainingItemCount=null, resourceVersion=null, selfLink=null, additionalProperties={}), reason=Conflict, status=Failure, additionalProperties={}).
2025-01-30 04:03:27,173 INFO c.h.h.t.HelmChartContainer - [hivemq-test-hivemq-platform] [hivemq-platform-operator] [9f95da05] 	at io.fabric8.kubernetes.client.dsl.internal.OperationSupport.requestFailure(OperationSupport.java:660)
2025-01-30 04:03:27,173 INFO c.h.h.t.HelmChartContainer - [hivemq-test-hivemq-platform] [hivemq-platform-operator] [9f95da05] 	at io.fabric8.kubernetes.client.dsl.internal.OperationSupport.requestFailure(OperationSupport.java:640)
2025-01-30 04:03:27,173 INFO c.h.h.t.HelmChartContainer - [hivemq-test-hivemq-platform] [hivemq-platform-operator] [9f95da05] 	at io.fabric8.kubernetes.client.dsl.internal.OperationSupport.assertResponseCode(OperationSupport.java:589)
2025-01-30 04:03:27,173 INFO c.h.h.t.HelmChartContainer - [hivemq-test-hivemq-platform] [hivemq-platform-operator] [9f95da05] 	at io.fabric8.kubernetes.client.dsl.internal.OperationSupport.lambda$handleResponse$0(OperationSupport.java:549)
2025-01-30 04:03:27,173 INFO c.h.h.t.HelmChartContainer - [hivemq-test-hivemq-platform] [hivemq-platform-operator] [9f95da05] 	at java.base/java.util.concurrent.CompletableFuture$UniApply.tryFire(Unknown Source)
2025-01-30 04:03:27,173 INFO c.h.h.t.HelmChartContainer - [hivemq-test-hivemq-platform] [hivemq-platform-operator] [9f95da05] 	at java.base/java.util.concurrent.CompletableFuture.postComplete(Unknown Source)
2025-01-30 04:03:27,173 INFO c.h.h.t.HelmChartContainer - [hivemq-test-hivemq-platform] [hivemq-platform-operator] [9f95da05] 	at java.base/java.util.concurrent.CompletableFuture.complete(Unknown Source)
2025-01-30 04:03:27,173 INFO c.h.h.t.HelmChartContainer - [hivemq-test-hivemq-platform] [hivemq-platform-operator] [9f95da05] 	at io.fabric8.kubernetes.client.http.StandardHttpClient.lambda$completeOrCancel$10(StandardHttpClient.java:141)
2025-01-30 04:03:27,173 INFO c.h.h.t.HelmChartContainer - [hivemq-test-hivemq-platform] [hivemq-platform-operator] [9f95da05] 	at java.base/java.util.concurrent.CompletableFuture.uniWhenComplete(Unknown Source)
2025-01-30 04:03:27,173 INFO c.h.h.t.HelmChartContainer - [hivemq-test-hivemq-platform] [hivemq-platform-operator] [9f95da05] 	at java.base/java.util.concurrent.CompletableFuture$UniWhenComplete.tryFire(Unknown Source)
2025-01-30 04:03:27,173 INFO c.h.h.t.HelmChartContainer - [hivemq-test-hivemq-platform] [hivemq-platform-operator] [9f95da05] 	at java.base/java.util.concurrent.CompletableFuture.postComplete(Unknown Source)
2025-01-30 04:03:27,173 INFO c.h.h.t.HelmChartContainer - [hivemq-test-hivemq-platform] [hivemq-platform-operator] [9f95da05] 	at java.base/java.util.concurrent.CompletableFuture.complete(Unknown Source)
2025-01-30 04:03:27,173 INFO c.h.h.t.HelmChartContainer - [hivemq-test-hivemq-platform] [hivemq-platform-operator] [9f95da05] 	at io.fabric8.kubernetes.client.http.ByteArrayBodyHandler.onBodyDone(ByteArrayBodyHandler.java:51)
2025-01-30 04:03:27,173 INFO c.h.h.t.HelmChartContainer - [hivemq-test-hivemq-platform] [hivemq-platform-operator] [9f95da05] 	at java.base/java.util.concurrent.CompletableFuture.uniWhenComplete(Unknown Source)
2025-01-30 04:03:27,173 INFO c.h.h.t.HelmChartContainer - [hivemq-test-hivemq-platform] [hivemq-platform-operator] [9f95da05] 	at java.base/java.util.concurrent.CompletableFuture$UniWhenComplete.tryFire(Unknown Source)
2025-01-30 04:03:27,173 INFO c.h.h.t.HelmChartContainer - [hivemq-test-hivemq-platform] [hivemq-platform-operator] [9f95da05] 	at java.base/java.util.concurrent.CompletableFuture.postComplete(Unknown Source)
2025-01-30 04:03:27,173 INFO c.h.h.t.HelmChartContainer - [hivemq-test-hivemq-platform] [hivemq-platform-operator] [9f95da05] 	at java.base/java.util.concurrent.CompletableFuture.complete(Unknown Source)
2025-01-30 04:03:27,173 INFO c.h.h.t.HelmChartContainer - [hivemq-test-hivemq-platform] [hivemq-platform-operator] [9f95da05] 	at io.fabric8.kubernetes.client.vertx.VertxHttpRequest.lambda$null$1(VertxHttpRequest.java:121)
2025-01-30 04:03:27,173 INFO c.h.h.t.HelmChartContainer - [hivemq-test-hivemq-platform] [hivemq-platform-operator] [9f95da05] 	at io.vertx.core.impl.ContextInternal.dispatch(ContextInternal.java:279)
2025-01-30 04:03:27,173 INFO c.h.h.t.HelmChartContainer - [hivemq-test-hivemq-platform] [hivemq-platform-operator] [9f95da05] 	at io.vertx.core.impl.ContextInternal.dispatch(ContextInternal.java:261)
2025-01-30 04:03:27,173 INFO c.h.h.t.HelmChartContainer - [hivemq-test-hivemq-platform] [hivemq-platform-operator] [9f95da05] 	at io.vertx.core.http.impl.HttpEventHandler.handleEnd(HttpEventHandler.java:76)
2025-01-30 04:03:27,173 INFO c.h.h.t.HelmChartContainer - [hivemq-test-hivemq-platform] [hivemq-platform-operator] [9f95da05] 	at io.vertx.core.http.impl.HttpClientResponseImpl.handleEnd(HttpClientResponseImpl.java:250)
2025-01-30 04:03:27,173 INFO c.h.h.t.HelmChartContainer - [hivemq-test-hivemq-platform] [hivemq-platform-operator] [9f95da05] 	at io.vertx.core.http.impl.Http1xClientConnection$StreamImpl.lambda$new$0(Http1xClientConnection.java:421)
2025-01-30 04:03:27,173 INFO c.h.h.t.HelmChartContainer - [hivemq-test-hivemq-platform] [hivemq-platform-operator] [9f95da05] 	at io.vertx.core.streams.impl.InboundBuffer.handleEvent(InboundBuffer.java:279)
2025-01-30 04:03:27,173 INFO c.h.h.t.HelmChartContainer - [hivemq-test-hivemq-platform] [hivemq-platform-operator] [9f95da05] 	at io.vertx.core.streams.impl.InboundBuffer.write(InboundBuffer.java:157)
2025-01-30 04:03:27,173 INFO c.h.h.t.HelmChartContainer - [hivemq-test-hivemq-platform] [hivemq-platform-operator] [9f95da05] 	at io.vertx.core.http.impl.Http1xClientConnection$StreamImpl.handleEnd(Http1xClientConnection.java:709)
2025-01-30 04:03:27,173 INFO c.h.h.t.HelmChartContainer - [hivemq-test-hivemq-platform] [hivemq-platform-operator] [9f95da05] 	at io.vertx.core.impl.ContextImpl.lambda$execute$4(ContextImpl.java:315)
2025-01-30 04:03:27,173 INFO c.h.h.t.HelmChartContainer - [hivemq-test-hivemq-platform] [hivemq-platform-operator] [9f95da05] 	at io.netty.util.concurrent.AbstractEventExecutor.runTask(AbstractEventExecutor.java:173)
2025-01-30 04:03:27,173 INFO c.h.h.t.HelmChartContainer - [hivemq-test-hivemq-platform] [hivemq-platform-operator] [9f95da05] 	at io.netty.util.concurrent.AbstractEventExecutor.safeExecute(AbstractEventExecutor.java:166)
2025-01-30 04:03:27,173 INFO c.h.h.t.HelmChartContainer - [hivemq-test-hivemq-platform] [hivemq-platform-operator] [9f95da05] 	at io.netty.util.concurrent.SingleThreadEventExecutor.runAllTasks(SingleThreadEventExecutor.java:472)
2025-01-30 04:03:27,173 INFO c.h.h.t.HelmChartContainer - [hivemq-test-hivemq-platform] [hivemq-platform-operator] [9f95da05] 	at io.netty.channel.nio.NioEventLoop.run(NioEventLoop.java:569)
2025-01-30 04:03:27,173 INFO c.h.h.t.HelmChartContainer - [hivemq-test-hivemq-platform] [hivemq-platform-operator] [9f95da05] 	at io.netty.util.concurrent.SingleThreadEventExecutor$4.run(SingleThreadEventExecutor.java:997)
2025-01-30 04:03:27,173 INFO c.h.h.t.HelmChartContainer - [hivemq-test-hivemq-platform] [hivemq-platform-operator] [9f95da05] 	at io.netty.util.internal.ThreadExecutorMap$2.run(ThreadExecutorMap.java:74)
2025-01-30 04:03:27,173 INFO c.h.h.t.HelmChartContainer - [hivemq-test-hivemq-platform] [hivemq-platform-operator] [9f95da05] 	at io.netty.util.concurrent.FastThreadLocalRunnable.run(FastThreadLocalRunnable.java:30)
2025-01-30 04:03:27,173 INFO c.h.h.t.HelmChartContainer - [hivemq-test-hivemq-platform] [hivemq-platform-operator] [9f95da05] 	... 1 common frames omitted
2025-01-30 04:03:27,257 INFO c.h.h.t.HelmChartContainer - [hivemq-test-hivemq-platform] [hivemq-platform-operator] [9f95da05] 04:03:27.255 [ReconcilerExecutor-hivemq-controller-121] INFO  c.h.p.o.HiveMQPlatformReconciler - [helmmqtt] Cleanup test-hivemq-platform - helmmqttit HiveMQ Platform is shut down
2025-01-30 04:03:27,326 INFO c.h.h.t.HelmChartContainer - [POD] test-hivemq-platform-0 [5b447b32-a4ba-4500-ba29-3d0e2ea3195c] in helmmqttit was MODIFIED
2025-01-30 04:03:27,332 INFO c.h.h.t.HelmChartContainer - [EVENT] Normal [Killing] Stopping container hivemq [helmmqttit:test-hivemq-platform-0]
2025-01-30 04:03:27,335 INFO c.h.h.t.HelmChartContainer - Received Killing event for container hivemq in pod test-hivemq-platform-0 [5b447b32-a4ba-4500-ba29-3d0e2ea3195c]
2025-01-30 04:03:27,335 INFO c.h.h.t.HelmChartContainer - Container [test-hivemq-platform-0] [hivemq] [5b447b32-a4ba-4500-ba29-3d0e2ea3195c] was terminated
2025-01-30 04:03:27,336 INFO c.h.h.t.HelmChartContainer - Stopped log watcher for hivemq in pod test-hivemq-platform-0 [5b447b32-a4ba-4500-ba29-3d0e2ea3195c]
2025-01-30 04:03:27,339 INFO c.h.h.t.HelmChartContainer - [test-hivemq-platform] [hivemq] [5b447b32] INFO  - [HiveMQ Platform Operator Init App 1.7.0-SNAPSHOT] Shutting down
2025-01-30 04:03:27,339 INFO c.h.h.t.HelmChartContainer - [test-hivemq-platform] [hivemq] [5b447b32] INFO  - [HiveMQ Platform Operator Init App 1.7.0-SNAPSHOT] Stopping the HiveMQ Platform
2025-01-30 04:03:27,514 INFO c.h.h.t.HelmChartContainer - [test-hivemq-platform] [hivemq] [5b447b32] INFO  - Shutting down HiveMQ. Please wait, this could take a while...
2025-01-30 04:03:27,537 INFO c.h.h.t.HelmChartContainer - [test-hivemq-platform] [hivemq] [5b447b32] INFO  - Shutting down listeners and clients
2025-01-30 04:03:27,538 INFO c.h.h.t.HelmChartContainer - [test-hivemq-platform] [hivemq] [5b447b32] INFO  - Shutdown of listeners is done
2025-01-30 04:03:27,538 INFO c.h.h.t.HelmChartContainer - [test-hivemq-platform] [hivemq] [5b447b32] INFO  - No clients are connected, proceeding with shutdown
2025-01-30 04:03:28,918 INFO c.h.h.t.HelmChartContainer - Deleting namespace 'helmmqttit'...
2025-01-30 04:03:30,721 INFO c.h.h.t.HelmChartContainer - [test-hivemq-platform] [hivemq] [5b447b32] INFO  - Shutting down extension system
2025-01-30 04:03:30,726 INFO c.h.h.t.HelmChartContainer - [test-hivemq-platform] [hivemq] [5b447b32] INFO  - Stopping extension with id hivemq-dns-cluster-discovery
2025-01-30 04:03:30,728 INFO c.h.h.t.HelmChartContainer - [test-hivemq-platform] [hivemq] [5b447b32] INFO  - Extension "DNS Cluster Discovery Extension" version 4.3.2 stopped successfully.
2025-01-30 04:03:30,728 INFO c.h.h.t.HelmChartContainer - [test-hivemq-platform] [hivemq] [5b447b32] INFO  - Stopping extension with id hivemq-prometheus-extension
2025-01-30 04:03:30,731 INFO c.h.h.t.HelmChartContainer - [test-hivemq-platform] [hivemq] [5b447b32] INFO  - Extension "Prometheus Monitoring Extension" version 4.0.12 stopped successfully.
2025-01-30 04:03:30,731 INFO c.h.h.t.HelmChartContainer - [test-hivemq-platform] [hivemq] [5b447b32] INFO  - Stopping extension with id hivemq-allow-all-extension
2025-01-30 04:03:30,731 INFO c.h.h.t.HelmChartContainer - [test-hivemq-platform] [hivemq] [5b447b32] INFO  - Extension "Allow All Extension" version 1.1.1 stopped successfully.
2025-01-30 04:03:31,352 INFO c.h.h.t.HelmChartContainer - [test-hivemq-platform] [hivemq] [5b447b32] INFO  - [HiveMQ Platform Operator Init App 1.7.0-SNAPSHOT] Returning shutdown Health API response 503 for readiness
2025-01-30 04:03:31,356 INFO c.h.h.t.HelmChartContainer - [EVENT] Warning [Unhealthy] Readiness probe failed: HTTP probe failed with statuscode: 503 [helmmqttit:test-hivemq-platform-0]
2025-01-30 04:03:31,356 INFO c.h.h.t.HelmChartContainer - Received Unhealthy event for container hivemq in pod test-hivemq-platform-0 [5b447b32-a4ba-4500-ba29-3d0e2ea3195c]
2025-01-30 04:03:32,044 INFO c.h.h.t.HelmChartContainer - [K3S] [authentication.go:74] "Unable to authenticate the request" err="[invalid bearer token, serviceaccounts \"hivemq-platform-pod-test-hivemq-platform\" not found]"
2025-01-30 04:03:32,057 INFO c.h.h.t.HelmChartContainer - [K3S] [authentication.go:74] "Unable to authenticate the request" err="[invalid bearer token, serviceaccounts \"hivemq-platform-pod-test-hivemq-platform\" not found]"
2025-01-30 04:03:32,060 INFO c.h.h.t.HelmChartContainer - [test-hivemq-platform] [hivemq] [5b447b32] WARN  - [HiveMQ Platform Operator Init App 1.7.0-SNAPSHOT] Could not update Pod annotations: Failure executing: GET at: https://10.43.0.1:443/api/v1/namespaces/helmmqttit/pods/test-hivemq-platform-0. Message: Unauthorized. Received status: Status(apiVersion=v1, code=401, details=null, kind=Status, message=Unauthorized, metadata=ListMeta(_continue=null, remainingItemCount=null, resourceVersion=null, selfLink=null, additionalProperties={}), reason=Unauthorized, status=Failure, additionalProperties={}).
2025-01-30 04:03:33,017 INFO c.h.h.t.HelmChartContainer - [test-hivemq-platform] [hivemq] [5b447b32] INFO  - Shutdown completed.
2025-01-30 04:03:33,365 INFO c.h.h.t.HelmChartContainer - [test-hivemq-platform] [hivemq] [5b447b32] INFO  - [HiveMQ Platform Operator Init App 1.7.0-SNAPSHOT] The HiveMQ Platform exited with code 143
2025-01-30 04:03:33,365 INFO c.h.h.t.HelmChartContainer - [test-hivemq-platform] [hivemq] [5b447b32] INFO  - [HiveMQ Platform Operator Init App 1.7.0-SNAPSHOT] Stopping the REST API
2025-01-30 04:03:33,413 INFO c.h.h.t.HelmChartContainer - [test-hivemq-platform] [hivemq] [5b447b32] INFO  - [HiveMQ Platform Operator Init App 1.7.0-SNAPSHOT] Shutdown complete
2025-01-30 04:03:33,849 INFO c.h.h.t.HelmChartContainer - [POD] test-hivemq-platform-0 [5b447b32-a4ba-4500-ba29-3d0e2ea3195c] in helmmqttit was MODIFIED
2025-01-30 04:03:33,849 INFO c.h.h.t.HelmChartContainer - [K3S] [stateful_set.go:438] "Unhandled Error" err="error syncing StatefulSet helmmqttit/test-hivemq-platform, requeuing: controllerrevisions.apps \"test-hivemq-platform-86c78c5c66\" is forbidden: unable to create new content in namespace helmmqttit because it is being terminated"
2025-01-30 04:03:33,858 INFO c.h.h.t.HelmChartContainer - [K3S] [stateful_set.go:438] "Unhandled Error" err="error syncing StatefulSet helmmqttit/test-hivemq-platform, requeuing: controllerrevisions.apps \"test-hivemq-platform-86c78c5c66\" is forbidden: unable to create new content in namespace helmmqttit because it is being terminated"
2025-01-30 04:03:33,871 INFO c.h.h.t.HelmChartContainer - [K3S] [stateful_set.go:438] "Unhandled Error" err="error syncing StatefulSet helmmqttit/test-hivemq-platform, requeuing: controllerrevisions.apps \"test-hivemq-platform-86c78c5c66\" is forbidden: unable to create new content in namespace helmmqttit because it is being terminated"
2025-01-30 04:03:33,894 INFO c.h.h.t.HelmChartContainer - [K3S] [stateful_set.go:438] "Unhandled Error" err="error syncing StatefulSet helmmqttit/test-hivemq-platform, requeuing: controllerrevisions.apps \"test-hivemq-platform-86c78c5c66\" is forbidden: unable to create new content in namespace helmmqttit because it is being terminated"
2025-01-30 04:03:33,936 INFO c.h.h.t.HelmChartContainer - [K3S] [stateful_set.go:438] "Unhandled Error" err="error syncing StatefulSet helmmqttit/test-hivemq-platform, requeuing: controllerrevisions.apps \"test-hivemq-platform-86c78c5c66\" is forbidden: unable to create new content in namespace helmmqttit because it is being terminated"
2025-01-30 04:03:34,003 INFO c.h.h.t.HelmChartContainer - [K3S] [reconciler_common.go:162] "operationExecutor.UnmountVolume started for volume \"pod-info\" (UniqueName: \"kubernetes.io/configmap/5b447b32-a4ba-4500-ba29-3d0e2ea3195c-pod-info\") pod \"5b447b32-a4ba-4500-ba29-3d0e2ea3195c\" (UID: \"5b447b32-a4ba-4500-ba29-3d0e2ea3195c\") "
2025-01-30 04:03:34,003 INFO c.h.h.t.HelmChartContainer - [K3S] [reconciler_common.go:162] "operationExecutor.UnmountVolume started for volume \"kube-api-access-jrfmt\" (UniqueName: \"kubernetes.io/projected/5b447b32-a4ba-4500-ba29-3d0e2ea3195c-kube-api-access-jrfmt\") pod \"5b447b32-a4ba-4500-ba29-3d0e2ea3195c\" (UID: \"5b447b32-a4ba-4500-ba29-3d0e2ea3195c\") "
2025-01-30 04:03:34,003 INFO c.h.h.t.HelmChartContainer - [K3S] [reconciler_common.go:162] "operationExecutor.UnmountVolume started for volume \"broker-configuration\" (UniqueName: \"kubernetes.io/configmap/5b447b32-a4ba-4500-ba29-3d0e2ea3195c-broker-configuration\") pod \"5b447b32-a4ba-4500-ba29-3d0e2ea3195c\" (UID: \"5b447b32-a4ba-4500-ba29-3d0e2ea3195c\") "
2025-01-30 04:03:34,003 INFO c.h.h.t.HelmChartContainer - [K3S] [reconciler_common.go:162] "operationExecutor.UnmountVolume started for volume \"operator-init\" (UniqueName: \"kubernetes.io/empty-dir/5b447b32-a4ba-4500-ba29-3d0e2ea3195c-operator-init\") pod \"5b447b32-a4ba-4500-ba29-3d0e2ea3195c\" (UID: \"5b447b32-a4ba-4500-ba29-3d0e2ea3195c\") "
2025-01-30 04:03:34,010 INFO c.h.h.t.HelmChartContainer - [K3S] [stateful_set.go:466] "StatefulSet has been deleted" key="helmmqttit/test-hivemq-platform"
2025-01-30 04:03:34,017 INFO c.h.h.t.HelmChartContainer - [K3S] [stateful_set.go:466] "StatefulSet has been deleted" key="helmmqttit/test-hivemq-platform"
2025-01-30 04:03:34,101 INFO c.h.h.t.HelmChartContainer - [K3S] [reconciler_common.go:299] "Volume detached for volume \"kube-api-access-jrfmt\" (UniqueName: \"kubernetes.io/projected/5b447b32-a4ba-4500-ba29-3d0e2ea3195c-kube-api-access-jrfmt\") on node \"969b9ea92551\" DevicePath \"\""
2025-01-30 04:03:34,101 INFO c.h.h.t.HelmChartContainer - [K3S] [reconciler_common.go:299] "Volume detached for volume \"broker-configuration\" (UniqueName: \"kubernetes.io/configmap/5b447b32-a4ba-4500-ba29-3d0e2ea3195c-broker-configuration\") on node \"969b9ea92551\" DevicePath \"\""
2025-01-30 04:03:34,101 INFO c.h.h.t.HelmChartContainer - [K3S] [reconciler_common.go:299] "Volume detached for volume \"pod-info\" (UniqueName: \"kubernetes.io/configmap/5b447b32-a4ba-4500-ba29-3d0e2ea3195c-pod-info\") on node \"969b9ea92551\" DevicePath \"\""
2025-01-30 04:03:34,101 INFO c.h.h.t.HelmChartContainer - [K3S] [reconciler_common.go:299] "Volume detached for volume \"operator-init\" (UniqueName: \"kubernetes.io/empty-dir/5b447b32-a4ba-4500-ba29-3d0e2ea3195c-operator-init\") on node \"969b9ea92551\" DevicePath \"\""
2025-01-30 04:03:34,102 INFO c.h.h.t.HelmChartContainer - [K3S] [namespace_controller.go:164] "Unhandled Error" err="deletion of namespace helmmqttit failed: unexpected items still remain in namespace: helmmqttit for gvr: /v1, Resource=pods"
2025-01-30 04:03:34,255 INFO c.h.h.t.HelmChartContainer - [K3S] [namespace_controller.go:164] "Unhandled Error" err="deletion of namespace helmmqttit failed: unexpected items still remain in namespace: helmmqttit for gvr: /v1, Resource=pods"
2025-01-30 04:03:34,350 INFO c.h.h.t.HelmChartContainer - [K3S] [namespace_controller.go:164] "Unhandled Error" err="deletion of namespace helmmqttit failed: unexpected items still remain in namespace: helmmqttit for gvr: /v1, Resource=pods"
2025-01-30 04:03:34,414 INFO c.h.h.t.HelmChartContainer - [K3S] [scope.go:117] "RemoveContainer" containerID="6d234a64086b7e26e93c633908e0ef30f5510b7608f62888cb719f68d22887ce"
2025-01-30 04:03:34,428 INFO c.h.h.t.HelmChartContainer - [POD] test-hivemq-platform-0 [5b447b32-a4ba-4500-ba29-3d0e2ea3195c] in helmmqttit was MODIFIED
2025-01-30 04:03:34,432 INFO c.h.h.t.HelmChartContainer - [POD] test-hivemq-platform-0 [5b447b32-a4ba-4500-ba29-3d0e2ea3195c] in helmmqttit was DELETED
2025-01-30 04:03:34,528 INFO c.h.h.t.HelmChartContainer - [K3S] [scope.go:117] "RemoveContainer" containerID="b03f3339a125cb7e67e710b0f813cc68b2b58382ddc73dca70f21717c1c70f90"
2025-01-30 04:03:34,530 INFO c.h.h.t.HelmChartContainer - [K3S] [scope.go:117] "RemoveContainer" containerID="6d234a64086b7e26e93c633908e0ef30f5510b7608f62888cb719f68d22887ce"
2025-01-30 04:03:34,531 INFO c.h.h.t.HelmChartContainer - [K3S] [scope.go:117] "RemoveContainer" containerID="b03f3339a125cb7e67e710b0f813cc68b2b58382ddc73dca70f21717c1c70f90"
2025-01-30 04:03:34,542 INFO c.h.h.t.HelmChartContainer - Namespace 'helmmqttit' deleted
2025-01-30 04:03:34,542 INFO c.h.h.t.HelmChartContainer - Release 'test-hivemq-platform' in namespace 'helmmqttit' is uninstalled
2025-01-30 04:03:34,542 INFO c.h.h.t.HelmChartContainer - Uninstalling release 'test-hivemq-platform-operator' in namespace 'helmmqttit-operator'...
2025-01-30 04:03:34,543 DEBUG c.h.h.t.HelmChartContainer - Executing helm command: /bin/helm --kubeconfig /etc/rancher/k3s/k3s.yaml uninstall test-hivemq-platform-operator  --wait --timeout 5m0s --cascade foreground --namespace helmmqttit-operator
2025-01-30 04:03:34,713 INFO c.h.h.t.HelmChartContainer - [K3S] [replica_set.go:679] "Finished syncing" kind="ReplicaSet" key="helmmqttit-operator/hivemq-test-hivemq-platform-operator-6966f96d65" duration="15.401892ms"
2025-01-30 04:03:34,713 INFO c.h.h.t.HelmChartContainer - [K3S] [replica_set.go:679] "Finished syncing" kind="ReplicaSet" key="helmmqttit-operator/hivemq-test-hivemq-platform-operator-6966f96d65" duration="34.164µs"
2025-01-30 04:03:34,726 INFO c.h.h.t.HelmChartContainer - [POD] hivemq-test-hivemq-platform-operator-6966f96d65-g4z2h [9f95da05-e63a-45ad-a182-06bceb0721f8] in helmmqttit-operator was MODIFIED
2025-01-30 04:03:34,726 INFO c.h.h.t.HelmChartContainer - [EVENT] Normal [Killing] Stopping container hivemq-platform-operator [helmmqttit-operator:hivemq-test-hivemq-platform-operator-6966f96d65-g4z2h]
2025-01-30 04:03:34,726 INFO c.h.h.t.HelmChartContainer - Received Killing event for container hivemq-platform-operator in pod hivemq-test-hivemq-platform-operator-6966f96d65-g4z2h [9f95da05-e63a-45ad-a182-06bceb0721f8]
2025-01-30 04:03:34,727 INFO c.h.h.t.HelmChartContainer - Container [hivemq-test-hivemq-platform-operator-6966f96d65-g4z2h] [hivemq-platform-operator] [9f95da05-e63a-45ad-a182-06bceb0721f8] was terminated
2025-01-30 04:03:34,727 INFO c.h.h.t.HelmChartContainer - Stopped log watcher for hivemq-platform-operator in pod hivemq-test-hivemq-platform-operator-6966f96d65-g4z2h [9f95da05-e63a-45ad-a182-06bceb0721f8]
2025-01-30 04:03:34,736 INFO c.h.h.t.HelmChartContainer - [hivemq-test-hivemq-platform] [hivemq-platform-operator] [9f95da05] 04:03:34.735 [application-shutdown-thread] INFO  c.h.p.o.HiveMQPlatformOperatorApplication - HiveMQ Platform Operator is stopping...
2025-01-30 04:03:34,737 INFO c.h.h.t.HelmChartContainer - [hivemq-test-hivemq-platform] [hivemq-platform-operator] [9f95da05] 04:03:34.735 [application-shutdown-thread] INFO  i.javaoperatorsdk.operator.Operator - Operator SDK 4.9.7 is shutting down...
2025-01-30 04:03:34,737 INFO c.h.h.t.HelmChartContainer - [K3S] [replica_set.go:679] "Finished syncing" kind="ReplicaSet" key="helmmqttit-operator/hivemq-test-hivemq-platform-operator-6966f96d65" duration="6.767288ms"
2025-01-30 04:03:34,737 INFO c.h.h.t.HelmChartContainer - [K3S] [replica_set.go:679] "Finished syncing" kind="ReplicaSet" key="helmmqttit-operator/hivemq-test-hivemq-platform-operator-6966f96d65" duration="33.052µs"
2025-01-30 04:03:35,355 INFO c.h.h.t.HelmChartContainer - [K3S] [replica_set.go:679] "Finished syncing" kind="ReplicaSet" key="helmmqttit-operator/hivemq-test-hivemq-platform-operator-6966f96d65" duration="42.419µs"
2025-01-30 04:03:35,357 INFO c.h.h.t.HelmChartContainer - [POD] hivemq-test-hivemq-platform-operator-6966f96d65-g4z2h [9f95da05-e63a-45ad-a182-06bceb0721f8] in helmmqttit-operator was MODIFIED
2025-01-30 04:03:35,417 INFO c.h.h.t.HelmChartContainer - [K3S] [scope.go:117] "RemoveContainer" containerID="8fdb0502cd213198c3b12170c208873eeabcd43044c5a136f7850405fde56624"
2025-01-30 04:03:35,420 INFO c.h.h.t.HelmChartContainer - [K3S] [scope.go:117] "RemoveContainer" containerID="8fdb0502cd213198c3b12170c208873eeabcd43044c5a136f7850405fde56624"
2025-01-30 04:03:35,507 INFO c.h.h.t.HelmChartContainer - [K3S] [reconciler_common.go:162] "operationExecutor.UnmountVolume started for volume \"kube-api-access-dddkk\" (UniqueName: \"kubernetes.io/projected/9f95da05-e63a-45ad-a182-06bceb0721f8-kube-api-access-dddkk\") pod \"9f95da05-e63a-45ad-a182-06bceb0721f8\" (UID: \"9f95da05-e63a-45ad-a182-06bceb0721f8\") "
2025-01-30 04:03:35,607 INFO c.h.h.t.HelmChartContainer - [K3S] [reconciler_common.go:299] "Volume detached for volume \"kube-api-access-dddkk\" (UniqueName: \"kubernetes.io/projected/9f95da05-e63a-45ad-a182-06bceb0721f8-kube-api-access-dddkk\") on node \"969b9ea92551\" DevicePath \"\""
2025-01-30 04:03:35,728 INFO c.h.h.t.HelmChartContainer - [K3S] [replica_set.go:679] "Finished syncing" kind="ReplicaSet" key="helmmqttit-operator/hivemq-test-hivemq-platform-operator-6966f96d65" duration="41.868µs"
2025-01-30 04:03:35,729 INFO c.h.h.t.HelmChartContainer - [POD] hivemq-test-hivemq-platform-operator-6966f96d65-g4z2h [9f95da05-e63a-45ad-a182-06bceb0721f8] in helmmqttit-operator was MODIFIED
2025-01-30 04:03:35,731 INFO c.h.h.t.HelmChartContainer - [POD] hivemq-test-hivemq-platform-operator-6966f96d65-g4z2h [9f95da05-e63a-45ad-a182-06bceb0721f8] in helmmqttit-operator was DELETED
2025-01-30 04:03:35,731 INFO c.h.h.t.HelmChartContainer - [K3S] [replica_set.go:679] "Finished syncing" kind="ReplicaSet" key="helmmqttit-operator/hivemq-test-hivemq-platform-operator-6966f96d65" duration="29.394µs"
2025-01-30 04:03:35,740 INFO c.h.h.t.HelmChartContainer - [K3S] [replica_set.go:679] "Finished syncing" kind="ReplicaSet" key="helmmqttit-operator/hivemq-test-hivemq-platform-operator-6966f96d65" duration="5.811µs"
2025-01-30 04:03:36,047 INFO c.h.h.t.HelmChartContainer - [K3S] [kubelet_volumes.go:163] "Cleaned up orphaned pod volumes dir" podUID="5b447b32-a4ba-4500-ba29-3d0e2ea3195c" path="/var/lib/kubelet/pods/5b447b32-a4ba-4500-ba29-3d0e2ea3195c/volumes"
2025-01-30 04:03:36,048 INFO c.h.h.t.HelmChartContainer - [K3S] [kubelet_volumes.go:163] "Cleaned up orphaned pod volumes dir" podUID="9f95da05-e63a-45ad-a182-06bceb0721f8" path="/var/lib/kubelet/pods/9f95da05-e63a-45ad-a182-06bceb0721f8/volumes"
2025-01-30 04:03:36,747 INFO c.h.h.t.HelmChartContainer - Deleting namespace 'helmmqttit-operator'...
2025-01-30 04:03:39,479 INFO c.h.h.t.HelmChartContainer - [K3S] [namespace_controller.go:187] "Namespace has been deleted" namespace="helmmqttit"
2025-01-30 04:03:41,962 INFO c.h.h.t.HelmChartContainer - Namespace 'helmmqttit-operator' deleted
2025-01-30 04:03:41,962 INFO c.h.h.t.HelmChartContainer - Release 'test-hivemq-platform-operator' in namespace 'helmmqttit-operator' is uninstalled
2025-01-30 04:03:42,675 INFO c.h.helmcharts.AbstractHelmChartIT - Removed unused containers:

2025-01-30 04:03:46,862 INFO c.h.h.t.HelmChartContainer - [K3S] [namespace_controller.go:187] "Namespace has been deleted" namespace="helmmqttit-operator"
2025-01-30 04:03:50,070 INFO c.h.helmcharts.AbstractHelmChartIT - Removed unused snapshots:
Removing snapshot sha256:03af251906410714c5aef9fa705b63f6bbc39c4a5e787de7361eeb18886c2ed2
Removing snapshot sha256:0c46b3b43cce082ce5ec34ffc6c294e0417d17b9d1e6f366d114b6aadc4f96dc
Removing snapshot sha256:0ce761beee59082d6ed5bcebd3a805b8ddd9b3426b617e4809e7fb7c6587ffec
Removing snapshot sha256:0df91287303208332c8ff6ba40ae4710105201739addbfbddfb955f1ad593664
Removing snapshot sha256:1021ef88c7974bfff89c5a0ec4fd3160daac6c48a075f74cff721f85dd104e68
Removing snapshot sha256:10aba4953ddc18145dd38e3704709bc464aa20af60b56fe52caaff4b68411e62
Removing snapshot sha256:1ef7f8e98416b809d2bb6f5770983576abfd6a3490ce1e168a21bf57f55c4900
Removing snapshot sha256:2573e0d8158209ed54ab25c87bcdcb00bd3d2539246960a3d592a1c599d70465
Removing snapshot sha256:362a8a37f8bbc31925a8146adcf7cf51f9882f5c1dcbef67c5baa03a297543c0
Removing snapshot sha256:3fa4ad33f0ddc8fd45b39b6b4640f82a3a83619606cd975bfe89d8710ad2d4cd
Removing snapshot sha256:43a7c979bbaba6838bc3102d6b10a1459f3ab050b87ccdfef84ef90cf43d3058
Removing snapshot sha256:4ab04491cdf0d3267f08206fe30bd48f49f94b9cab2f016d6739220f722a64af
Removing snapshot sha256:4b6068250e89c96f263060261819c7d912855bfbd64b3eb4c4a8483299b8c295
Removing snapshot sha256:4de96acac9a3a64de61473656a36d864130681bc4087dd1eb8432322abfca7c8
Removing snapshot sha256:580e69a0a8034ede1921139bbd2bfb72a69ebf276d008281896c32dd8bf74775
Removing snapshot sha256:5d30ba46b27fe37484567ccc5242cadc78217b8da605f3f195ef25cbf7487904
Removing snapshot sha256:63ca1fbb43ae5034640e5e6cb3e083e05c290072c5366fcaa9d62435a4cced85
Removing snapshot sha256:67f702c6baae873bceb19487c8b1f27bd2b86077e4f2f0e480e6d60ab508b8f5
Removing snapshot sha256:6864348dd42806d552efdec384f1274be15e2d0c10ce44c1f04347af004c10a9
Removing snapshot sha256:6c7dee8f2c39b84b7dc2711c01d33de93514d9055499173e9290176fbe484b6c
Removing snapshot sha256:82753493a6d61ded36556292f02f31841a14c20d2f279f19eaad65afb661d5cd
Removing snapshot sha256:8a10d3db42c505ee0fcfa98417bdd7e39b304f6bcc0a06bb1b220797ff2cc63c
Removing snapshot sha256:a21e5b12dbac529ad45d976eb9ce45c881f3bedcc500fb30aba1e52aa1813418
Removing snapshot sha256:b921e6c28969094157f9b8e7244677780319637afd14450b7cb6b2fdea558a0c
Removing snapshot sha256:bc27ecb5769a00e309cf99ebc763c4a4b958b618d1decc96ffac5bc05f02f5b7
Removing snapshot sha256:be3ccb6627a5332e309d45ef461d09b4879dd870c7394d89323d0ebc6ca6aa8a
Removing snapshot sha256:c261f7cbbc64211ee175ee47273acdb7b1a36a4450b397a064a8f2c026490095
Removing snapshot sha256:c34d9393647eea0c9e3557ab988efaf59f61d10a2a5613b439ef0958cca5ec10
Removing snapshot sha256:ccf3c4a0fa967a41c1c83497a2ce6fa5787965859df0adb32c4ca2cf7490bc2b
Removing snapshot sha256:cf92d33f869417309692088c341cd0f223c178ea78a125f757317b22aa8f90e9
Removing snapshot sha256:d0037344cf2fb078884f1849f6a1f8cf9a33a3b6139b6a85833e5ee528e1f9a8
Removing snapshot sha256:d3b36d5b79273b1e98e7700470eaeff05a882e777124d84cebcc1505b85ecb36
Removing snapshot sha256:d65a44a37914602d12c611e5e22a50f11451d847e63015cc1c2aef92dee777a4
Removing snapshot sha256:e2dc0bae2455930f23ae570e019b7f32edc75c0f2d71cab084db837ff9051796
Removing snapshot sha256:eccbd24a99c60cd9e86ee5305dbfc4a4dc89f5ab4fb1f06c8d64797cecedef34
Removing snapshot sha256:f144bb4c7c7f0d2aa7eeffd36d934ec40db1ee167be727e326aad9fdc616f475

]]></system-out>
  </testcase>
  <testcase name="platformChart_whenMqttLoadBalancerEnabled_thenSendsReceivesMessage()" classname="com.hivemq.helmcharts.services.HelmMqttIT" time="98.574">
    <system-out><![CDATA[2025-01-30 04:03:50,072 INFO c.h.h.t.HelmChartContainer - Creating namespace 'helmmqttit-operator'...
2025-01-30 04:03:50,077 INFO c.h.h.t.HelmChartContainer - Namespace 'helmmqttit-operator' created
2025-01-30 04:03:50,077 INFO c.h.h.t.HelmChartContainer - Creating namespace 'helmmqttit'...
2025-01-30 04:03:50,085 INFO c.h.h.t.HelmChartContainer - Namespace 'helmmqttit' created
2025-01-30 04:03:50,147 DEBUG c.h.h.t.HelmChartContainer - Executing helm command: /bin/helm --kubeconfig /etc/rancher/k3s/k3s.yaml install test-hivemq-platform-operator /charts/hivemq-platform-operator --wait --timeout 5m0s --set image.repository=docker.io/hivemq --set image.name=hivemq-platform-operator-test --set image.initImageName=hivemq-platform-operator-init-test --set image.tag=snapshot --set image.pullPolicy=Never --set logLevel=DEBUG --set resources.cpu=512m --namespace helmmqttit-operator
2025-01-30 04:03:50,438 INFO c.h.h.t.HelmChartContainer - [K3S] [alloc.go:330] "allocated clusterIPs" service="helmmqttit-operator/hivemq-platform-operator-test-hivemq-platform-operator" clusterIPs={"IPv4":"10.43.255.150"}
2025-01-30 04:03:50,456 INFO c.h.h.t.HelmChartContainer - [EVENT] Normal [ScalingReplicaSet] Scaled up replica set hivemq-test-hivemq-platform-operator-6966f96d65 from 0 to 1 [helmmqttit-operator:hivemq-test-hivemq-platform-operator]
2025-01-30 04:03:50,461 INFO c.h.h.t.HelmChartContainer - [POD] hivemq-test-hivemq-platform-operator-6966f96d65-sv6t6 [81b215ec-96be-49e1-ac6f-bb7da173e441] in helmmqttit-operator was ADDED
2025-01-30 04:03:50,470 INFO c.h.h.t.HelmChartContainer - [POD] hivemq-test-hivemq-platform-operator-6966f96d65-sv6t6 [81b215ec-96be-49e1-ac6f-bb7da173e441] in helmmqttit-operator was MODIFIED
2025-01-30 04:03:50,471 INFO c.h.h.t.HelmChartContainer - [EVENT] Normal [SuccessfulCreate] Created pod: hivemq-test-hivemq-platform-operator-6966f96d65-sv6t6 [helmmqttit-operator:hivemq-test-hivemq-platform-operator-6966f96d65]
2025-01-30 04:03:50,472 INFO c.h.h.t.HelmChartContainer - [K3S] [memory_manager.go:355] "RemoveStaleState removing state" podUID="5b447b32-a4ba-4500-ba29-3d0e2ea3195c" containerName="hivemq"
2025-01-30 04:03:50,472 INFO c.h.h.t.HelmChartContainer - [K3S] [memory_manager.go:355] "RemoveStaleState removing state" podUID="9f95da05-e63a-45ad-a182-06bceb0721f8" containerName="hivemq-platform-operator"
2025-01-30 04:03:50,472 INFO c.h.h.t.HelmChartContainer - [K3S] [replica_set.go:679] "Finished syncing" kind="ReplicaSet" key="helmmqttit-operator/hivemq-test-hivemq-platform-operator-6966f96d65" duration="22.506001ms"
2025-01-30 04:03:50,480 INFO c.h.h.t.HelmChartContainer - [EVENT] Normal [Scheduled] Successfully assigned helmmqttit-operator/hivemq-test-hivemq-platform-operator-6966f96d65-sv6t6 to 969b9ea92551 [helmmqttit-operator:hivemq-test-hivemq-platform-operator-6966f96d65-sv6t6]
2025-01-30 04:03:50,482 INFO c.h.h.t.HelmChartContainer - [K3S] [replica_set.go:679] "Finished syncing" kind="ReplicaSet" key="helmmqttit-operator/hivemq-test-hivemq-platform-operator-6966f96d65" duration="8.764363ms"
2025-01-30 04:03:50,482 INFO c.h.h.t.HelmChartContainer - [K3S] [replica_set.go:679] "Finished syncing" kind="ReplicaSet" key="helmmqttit-operator/hivemq-test-hivemq-platform-operator-6966f96d65" duration="33.442µs"
2025-01-30 04:03:50,485 INFO c.h.h.t.HelmChartContainer - [K3S] [replica_set.go:679] "Finished syncing" kind="ReplicaSet" key="helmmqttit-operator/hivemq-test-hivemq-platform-operator-6966f96d65" duration="27.772µs"
2025-01-30 04:03:50,486 INFO c.h.h.t.HelmChartContainer - [POD] hivemq-test-hivemq-platform-operator-6966f96d65-sv6t6 [81b215ec-96be-49e1-ac6f-bb7da173e441] in helmmqttit-operator was MODIFIED
2025-01-30 04:03:50,492 INFO c.h.h.t.HelmChartContainer - [K3S] [reconciler_common.go:251] "operationExecutor.VerifyControllerAttachedVolume started for volume \"kube-api-access-z7jfc\" (UniqueName: \"kubernetes.io/projected/81b215ec-96be-49e1-ac6f-bb7da173e441-kube-api-access-z7jfc\") pod \"hivemq-test-hivemq-platform-operator-6966f96d65-sv6t6\" (UID: \"81b215ec-96be-49e1-ac6f-bb7da173e441\") " pod="helmmqttit-operator/hivemq-test-hivemq-platform-operator-6966f96d65-sv6t6"
2025-01-30 04:03:50,872 INFO c.h.h.t.HelmChartContainer - [EVENT] Normal [Pulled] Container image "docker.io/hivemq/hivemq-platform-operator-test:snapshot" already present on machine [helmmqttit-operator:hivemq-test-hivemq-platform-operator-6966f96d65-sv6t6]
2025-01-30 04:03:50,872 INFO c.h.h.t.HelmChartContainer - Received Pulled event for container hivemq-platform-operator in pod hivemq-test-hivemq-platform-operator-6966f96d65-sv6t6 [81b215ec-96be-49e1-ac6f-bb7da173e441]
2025-01-30 04:03:52,081 INFO c.h.h.t.HelmChartContainer - [EVENT] Normal [Created] Created container: hivemq-platform-operator [helmmqttit-operator:hivemq-test-hivemq-platform-operator-6966f96d65-sv6t6]
2025-01-30 04:03:52,081 INFO c.h.h.t.HelmChartContainer - Received Created event for container hivemq-platform-operator in pod hivemq-test-hivemq-platform-operator-6966f96d65-sv6t6 [81b215ec-96be-49e1-ac6f-bb7da173e441]
2025-01-30 04:03:52,461 INFO c.h.h.t.HelmChartContainer - [K3S] [replica_set.go:679] "Finished syncing" kind="ReplicaSet" key="helmmqttit-operator/hivemq-test-hivemq-platform-operator-6966f96d65" duration="35.326µs"
2025-01-30 04:03:52,463 INFO c.h.h.t.HelmChartContainer - [POD] hivemq-test-hivemq-platform-operator-6966f96d65-sv6t6 [81b215ec-96be-49e1-ac6f-bb7da173e441] in helmmqttit-operator was MODIFIED
2025-01-30 04:03:52,477 INFO c.h.h.t.HelmChartContainer - Started log watcher for hivemq-platform-operator in pod hivemq-test-hivemq-platform-operator-6966f96d65-sv6t6 [81b215ec-96be-49e1-ac6f-bb7da173e441]
2025-01-30 04:03:52,477 INFO c.h.h.t.HelmChartContainer - [EVENT] Normal [Started] Started container hivemq-platform-operator [helmmqttit-operator:hivemq-test-hivemq-platform-operator-6966f96d65-sv6t6]
2025-01-30 04:03:52,477 INFO c.h.h.t.HelmChartContainer - Received Started event for container hivemq-platform-operator in pod hivemq-test-hivemq-platform-operator-6966f96d65-sv6t6 [81b215ec-96be-49e1-ac6f-bb7da173e441]
2025-01-30 04:03:52,477 INFO c.h.h.t.HelmChartContainer - [hivemq-test-hivemq-platform] [hivemq-platform-operator] [81b215ec] -------------------------------------------------------------------------
2025-01-30 04:03:52,477 INFO c.h.h.t.HelmChartContainer - [hivemq-test-hivemq-platform] [hivemq-platform-operator] [81b215ec] 
2025-01-30 04:03:52,477 INFO c.h.h.t.HelmChartContainer - [hivemq-test-hivemq-platform] [hivemq-platform-operator] [81b215ec]                   _    _  _              __  __   ____
2025-01-30 04:03:52,477 INFO c.h.h.t.HelmChartContainer - [hivemq-test-hivemq-platform] [hivemq-platform-operator] [81b215ec]                  | |  | |(_)            |  \/  | / __ \
2025-01-30 04:03:52,477 INFO c.h.h.t.HelmChartContainer - [hivemq-test-hivemq-platform] [hivemq-platform-operator] [81b215ec]                  | |__| | _ __   __ ___ | \  / || |  | |
2025-01-30 04:03:52,477 INFO c.h.h.t.HelmChartContainer - [hivemq-test-hivemq-platform] [hivemq-platform-operator] [81b215ec]                  |  __  || |\ \ / // _ \| |\/| || |  | |
2025-01-30 04:03:52,477 INFO c.h.h.t.HelmChartContainer - [hivemq-test-hivemq-platform] [hivemq-platform-operator] [81b215ec]                  | |  | || | \ V /|  __/| |  | || |__| |
2025-01-30 04:03:52,477 INFO c.h.h.t.HelmChartContainer - [hivemq-test-hivemq-platform] [hivemq-platform-operator] [81b215ec]                  |_|  |_||_|  \_/  \___||_|  |_| \___\_\
2025-01-30 04:03:52,477 INFO c.h.h.t.HelmChartContainer - [hivemq-test-hivemq-platform] [hivemq-platform-operator] [81b215ec] 
2025-01-30 04:03:52,477 INFO c.h.h.t.HelmChartContainer - [hivemq-test-hivemq-platform] [hivemq-platform-operator] [81b215ec] -------------------------------------------------------------------------
2025-01-30 04:03:52,477 INFO c.h.h.t.HelmChartContainer - [hivemq-test-hivemq-platform] [hivemq-platform-operator] [81b215ec] 
2025-01-30 04:03:52,477 INFO c.h.h.t.HelmChartContainer - [hivemq-test-hivemq-platform] [hivemq-platform-operator] [81b215ec]   HiveMQ Platform Operator Start Script v1.0
2025-01-30 04:03:52,477 INFO c.h.h.t.HelmChartContainer - [hivemq-test-hivemq-platform] [hivemq-platform-operator] [81b215ec] 
2025-01-30 04:03:52,477 INFO c.h.h.t.HelmChartContainer - [hivemq-test-hivemq-platform] [hivemq-platform-operator] [81b215ec] -------------------------------------------------------------------------
2025-01-30 04:03:52,477 INFO c.h.h.t.HelmChartContainer - [hivemq-test-hivemq-platform] [hivemq-platform-operator] [81b215ec] 
2025-01-30 04:03:52,477 INFO c.h.h.t.HelmChartContainer - [hivemq-test-hivemq-platform] [hivemq-platform-operator] [81b215ec]   JAVA_OPTS: -XX:+UnlockExperimentalVMOptions -XX:InitialRAMPercentage=75 -XX:MaxRAMPercentage=75 -Duser.language=en -Duser.region=US
2025-01-30 04:03:52,477 INFO c.h.h.t.HelmChartContainer - [hivemq-test-hivemq-platform] [hivemq-platform-operator] [81b215ec] 
2025-01-30 04:03:52,477 INFO c.h.h.t.HelmChartContainer - [hivemq-test-hivemq-platform] [hivemq-platform-operator] [81b215ec]   JAVA_VERSION: 21
2025-01-30 04:03:52,477 INFO c.h.h.t.HelmChartContainer - [hivemq-test-hivemq-platform] [hivemq-platform-operator] [81b215ec] 
2025-01-30 04:03:52,477 INFO c.h.h.t.HelmChartContainer - [hivemq-test-hivemq-platform] [hivemq-platform-operator] [81b215ec] -------------------------------------------------------------------------
2025-01-30 04:03:52,477 INFO c.h.h.t.HelmChartContainer - [hivemq-test-hivemq-platform] [hivemq-platform-operator] [81b215ec] 
2025-01-30 04:03:55,425 INFO c.h.h.t.HelmChartContainer - [hivemq-test-hivemq-platform] [hivemq-platform-operator] [81b215ec] 04:03:55.422 [main] DEBUG org.jboss.logging - Logging Provider: org.jboss.logging.Slf4jLoggerProvider
2025-01-30 04:03:55,527 INFO c.h.h.t.HelmChartContainer - [hivemq-test-hivemq-platform] [hivemq-platform-operator] [81b215ec] 04:03:55.526 [main] DEBUG io.smallrye.config - SRCFG01006: Loaded ConfigSource SysPropConfigSource with ordinal 400
2025-01-30 04:03:55,527 INFO c.h.h.t.HelmChartContainer - [hivemq-test-hivemq-platform] [hivemq-platform-operator] [81b215ec] 04:03:55.526 [main] DEBUG io.smallrye.config - SRCFG01006: Loaded ConfigSource EnvConfigSource with ordinal 300
2025-01-30 04:03:55,527 INFO c.h.h.t.HelmChartContainer - [hivemq-test-hivemq-platform] [hivemq-platform-operator] [81b215ec] 04:03:55.526 [main] DEBUG io.smallrye.config - SRCFG01006: Loaded ConfigSource PropertiesConfigSource[source=jar:file:///opt/hivemq-platform-operator/bin/hivemq-platform-operator.jar!/hivemq-platform-operator.properties] with ordinal 100
2025-01-30 04:03:55,527 INFO c.h.h.t.HelmChartContainer - [hivemq-test-hivemq-platform] [hivemq-platform-operator] [81b215ec] 04:03:55.526 [main] DEBUG io.smallrye.config - SRCFG01006: Loaded ConfigSource DefaultValuesConfigSource with ordinal -2147483648
2025-01-30 04:03:55,632 INFO c.h.h.t.HelmChartContainer - [hivemq-test-hivemq-platform] [hivemq-platform-operator] [81b215ec] 04:03:55.631 [main] DEBUG i.m.c.u.i.l.InternalLoggerFactory - Using SLF4J as the default logging framework
2025-01-30 04:03:55,750 INFO c.h.h.t.HelmChartContainer - [hivemq-test-hivemq-platform] [hivemq-platform-operator] [81b215ec] 04:03:55.726 [main] INFO  c.h.p.o.HiveMQPlatformOperatorApplication - HiveMQ Platform Operator 1.7.0-SNAPSHOT (commit: 47e3375 on branch: HEAD) built on Thu Jan 30 03:55:50 UTC 2025
2025-01-30 04:03:55,750 INFO c.h.h.t.HelmChartContainer - [hivemq-test-hivemq-platform] [hivemq-platform-operator] [81b215ec] 04:03:55.750 [main] INFO  c.h.p.o.HiveMQPlatformOperatorApplication - HiveMQ Platform Operator is running in namespace: helmmqttit-operator
2025-01-30 04:03:55,750 INFO c.h.h.t.HelmChartContainer - [hivemq-test-hivemq-platform] [hivemq-platform-operator] [81b215ec] 04:03:55.750 [main] INFO  c.h.p.o.HiveMQPlatformOperatorApplication - Watching all namespaces
2025-01-30 04:03:55,751 INFO c.h.h.t.HelmChartContainer - [hivemq-test-hivemq-platform] [hivemq-platform-operator] [81b215ec] 04:03:55.750 [main] INFO  c.h.p.o.HiveMQPlatformOperatorApplication - Log level: DEBUG
2025-01-30 04:03:55,751 INFO c.h.h.t.HelmChartContainer - [hivemq-test-hivemq-platform] [hivemq-platform-operator] [81b215ec] 04:03:55.750 [main] INFO  c.h.p.o.HiveMQPlatformOperatorApplication - Release name: test-hivemq-platform-operator
2025-01-30 04:03:55,751 INFO c.h.h.t.HelmChartContainer - [hivemq-test-hivemq-platform] [hivemq-platform-operator] [81b215ec] 04:03:55.750 [main] INFO  c.h.p.o.HiveMQPlatformOperatorApplication - HiveMQ Platform Operator Init image: docker.io/hivemq/hivemq-platform-operator-init-test:snapshot
2025-01-30 04:03:55,751 INFO c.h.h.t.HelmChartContainer - [hivemq-test-hivemq-platform] [hivemq-platform-operator] [81b215ec] 04:03:55.750 [main] INFO  c.h.p.o.HiveMQPlatformOperatorApplication - HiveMQ Platform Operator Init App update URL: http://hivemq-platform-operator-test-hivemq-platform-operator.helmmqttit-operator.svc:8080/initAppUpdate/hivemq-platform-operator-init-app-1.7.0-SNAPSHOT.jar
2025-01-30 04:03:55,751 INFO c.h.h.t.HelmChartContainer - [hivemq-test-hivemq-platform] [hivemq-platform-operator] [81b215ec] 04:03:55.750 [main] INFO  c.h.p.o.HiveMQPlatformOperatorApplication - Additional imagePullSecret for all Platform deployments: none
2025-01-30 04:03:55,751 INFO c.h.h.t.HelmChartContainer - [hivemq-test-hivemq-platform] [hivemq-platform-operator] [81b215ec] 04:03:55.750 [main] INFO  c.h.p.o.HiveMQPlatformOperatorApplication - Apply HiveMQ Platform CRD: true
2025-01-30 04:03:55,751 INFO c.h.h.t.HelmChartContainer - [hivemq-test-hivemq-platform] [hivemq-platform-operator] [81b215ec] 04:03:55.750 [main] INFO  c.h.p.o.HiveMQPlatformOperatorApplication - Create Platform ServiceAccount: true
2025-01-30 04:03:55,751 INFO c.h.h.t.HelmChartContainer - [hivemq-test-hivemq-platform] [hivemq-platform-operator] [81b215ec] 04:03:55.750 [main] INFO  c.h.p.o.HiveMQPlatformOperatorApplication - Create Platform ServiceAccount permissions: true
2025-01-30 04:03:55,751 INFO c.h.h.t.HelmChartContainer - [hivemq-test-hivemq-platform] [hivemq-platform-operator] [81b215ec] 04:03:55.750 [main] INFO  c.h.p.o.HiveMQPlatformOperatorApplication - Validate Platform ServiceAccount: true
2025-01-30 04:03:55,751 INFO c.h.h.t.HelmChartContainer - [hivemq-test-hivemq-platform] [hivemq-platform-operator] [81b215ec] 04:03:55.750 [main] INFO  c.h.p.o.HiveMQPlatformOperatorApplication - Validate Platform ServiceAccount permissions: true
2025-01-30 04:03:55,927 INFO c.h.h.t.HelmChartContainer - [hivemq-test-hivemq-platform] [hivemq-platform-operator] [81b215ec] 04:03:55.925 [main] INFO  c.h.platform.operator.util.CRDUtil - Verifying deployed HiveMQ Platform CRD...
2025-01-30 04:03:58,229 INFO c.h.h.t.HelmChartContainer - [hivemq-test-hivemq-platform] [hivemq-platform-operator] [81b215ec] 04:03:58.228 [main] DEBUG c.h.platform.operator.util.CRDUtil - HiveMQ Platform CRD version v1 is up to date
2025-01-30 04:03:58,230 INFO c.h.h.t.HelmChartContainer - [hivemq-test-hivemq-platform] [hivemq-platform-operator] [81b215ec] 04:03:58.228 [main] INFO  c.h.platform.operator.util.CRDUtil - HiveMQ Platform CRD is up to date (version: V1_6_0)
2025-01-30 04:03:58,230 INFO c.h.h.t.HelmChartContainer - [hivemq-test-hivemq-platform] [hivemq-platform-operator] [81b215ec] 04:03:58.229 [main] INFO  c.h.platform.operator.util.CRDUtil - Waiting 10000 ms for HiveMQ Platform CRD 'hivemq-platforms.hivemq.com' to become ready...
2025-01-30 04:03:58,621 INFO c.h.h.t.HelmChartContainer - [hivemq-test-hivemq-platform] [hivemq-platform-operator] [81b215ec] 04:03:58.620 [vert.x-eventloop-thread-1] DEBUG c.h.platform.operator.util.CRDUtil - Checking CRD condition 'NamesAccepted' (status: 'True')
2025-01-30 04:03:58,622 INFO c.h.h.t.HelmChartContainer - [hivemq-test-hivemq-platform] [hivemq-platform-operator] [81b215ec] 04:03:58.621 [vert.x-eventloop-thread-1] DEBUG c.h.platform.operator.util.CRDUtil - Checking CRD condition 'Established' (status: 'True')
2025-01-30 04:03:58,622 INFO c.h.h.t.HelmChartContainer - [hivemq-test-hivemq-platform] [hivemq-platform-operator] [81b215ec] 04:03:58.621 [main] INFO  c.h.platform.operator.util.CRDUtil - HiveMQ Platform CRD 'hivemq-platforms.hivemq.com' is ready
2025-01-30 04:03:58,824 INFO c.h.h.t.HelmChartContainer - [hivemq-test-hivemq-platform] [hivemq-platform-operator] [81b215ec] 04:03:58.822 [main] INFO  c.h.p.o.HiveMQPlatformReconciler - HiveMQ Platform Operator is starting...
2025-01-30 04:03:58,929 INFO c.h.h.t.HelmChartContainer - [hivemq-test-hivemq-platform] [hivemq-platform-operator] [81b215ec] 04:03:58.928 [main] WARN  Default ConfigurationService implementation - Configuration for reconciler 'hivemq-controller' was not found. Known reconcilers: None.
2025-01-30 04:03:58,936 INFO c.h.h.t.HelmChartContainer - [hivemq-test-hivemq-platform] [hivemq-platform-operator] [81b215ec] 04:03:58.936 [main] INFO  Default ConfigurationService implementation - Created configuration for reconciler com.hivemq.platform.operator.HiveMQPlatformReconciler with name hivemq-controller
2025-01-30 04:03:59,117 INFO c.h.h.t.HelmChartContainer - [hivemq-test-hivemq-platform] [hivemq-platform-operator] [81b215ec] 04:03:59.116 [main] DEBUG c.h.p.o.HiveMQPlatformReconciler - HiveMQ Platform Operator is preparing EventSources
2025-01-30 04:03:59,129 INFO c.h.h.t.HelmChartContainer - [hivemq-test-hivemq-platform] [hivemq-platform-operator] [81b215ec] 04:03:59.128 [main] INFO  i.javaoperatorsdk.operator.Operator - Registered reconciler: 'hivemq-controller' for resource: 'class com.hivemq.platform.operator.v1.HiveMQPlatform' for namespace(s): [all namespaces]
2025-01-30 04:03:59,727 INFO c.h.h.t.HelmChartContainer - [hivemq-test-hivemq-platform] [hivemq-platform-operator] [81b215ec] 04:03:59.726 [main] INFO  c.h.p.operator.webserver.JettyServer - Starting Jetty server on port 8080
2025-01-30 04:03:59,822 INFO c.h.h.t.HelmChartContainer - [hivemq-test-hivemq-platform] [hivemq-platform-operator] [81b215ec] 04:03:59.821 [main] INFO  i.javaoperatorsdk.operator.Operator - Operator SDK 4.9.7 (commit: 2133d28) built on Wed Nov 20 12:56:20 UTC 2024 starting...
2025-01-30 04:03:59,822 INFO c.h.h.t.HelmChartContainer - [hivemq-test-hivemq-platform] [hivemq-platform-operator] [81b215ec] 04:03:59.821 [main] INFO  i.javaoperatorsdk.operator.Operator - Client version: 6.13.5
2025-01-30 04:03:59,823 INFO c.h.h.t.HelmChartContainer - [hivemq-test-hivemq-platform] [hivemq-platform-operator] [81b215ec] 04:03:59.822 [Controller Starter for: hivemq-controller] INFO  i.j.operator.processing.Controller - Starting 'hivemq-controller' controller for reconciler: com.hivemq.platform.operator.HiveMQPlatformReconciler, resource: com.hivemq.platform.operator.v1.HiveMQPlatform
2025-01-30 04:04:02,222 INFO c.h.h.t.HelmChartContainer - [hivemq-test-hivemq-platform] [hivemq-platform-operator] [81b215ec] 04:04:02.221 [Controller Starter for: hivemq-controller] INFO  i.j.operator.processing.Controller - 'hivemq-controller' controller started
2025-01-30 04:04:02,222 INFO c.h.h.t.HelmChartContainer - [hivemq-test-hivemq-platform] [hivemq-platform-operator] [81b215ec] 04:04:02.221 [main] INFO  c.h.p.o.HiveMQPlatformOperatorApplication - HiveMQ Platform Operator 1.7.0-SNAPSHOT started in 6495 ms
2025-01-30 04:04:03,471 INFO c.h.h.t.HelmChartContainer - [POD] hivemq-test-hivemq-platform-operator-6966f96d65-sv6t6 [81b215ec-96be-49e1-ac6f-bb7da173e441] in helmmqttit-operator was MODIFIED
2025-01-30 04:04:03,479 INFO c.h.h.t.HelmChartContainer - [K3S] [replica_set.go:679] "Finished syncing" kind="ReplicaSet" key="helmmqttit-operator/hivemq-test-hivemq-platform-operator-6966f96d65" duration="11.419274ms"
2025-01-30 04:04:03,479 INFO c.h.h.t.HelmChartContainer - [K3S] [replica_set.go:679] "Finished syncing" kind="ReplicaSet" key="helmmqttit-operator/hivemq-test-hivemq-platform-operator-6966f96d65" duration="29.355µs"
2025-01-30 04:04:04,578 DEBUG c.h.h.t.HelmChartContainer - Executing helm command: /bin/helm --kubeconfig /etc/rancher/k3s/k3s.yaml install test-hivemq-platform /charts/hivemq-platform --wait --timeout 5m0s --set image.repository=docker.io/hivemq --set image.tag=4.36.0 --set image.pullPolicy=Never --set nodes.resources.cpu=512m -f /files/mqtt-load-balancer-values.yaml --namespace helmmqttit
2025-01-30 04:04:04,804 INFO c.h.h.t.HelmChartContainer - [hivemq-test-hivemq-platform] [hivemq-platform-operator] [81b215ec] 04:04:04.802 [-2082509879-pool-1-thread-3] WARN  i.m.p.PrometheusMeterRegistry - The meter (MeterId{name='operator.sdk.events.received', tags=[tag(action=ADDED),tag(event=ResourceEvent),tag(group=hivemq.com),tag(kind=HiveMQPlatform),tag(name=test-hivemq-platform),tag(namespace=helmmqttit),tag(scope=namespace),tag(version=v1)]}) registration has failed: Prometheus requires that all meters with the same name have the same set of tag keys. There is already an existing meter named 'operator.sdk.events.received' containing tag keys [event, group, kind, name, namespace, scope, version]. The meter you are attempting to register has keys [action, event, group, kind, name, namespace, scope, version]. Note that subsequent logs will be logged at debug level.
2025-01-30 04:04:05,168 INFO c.h.h.t.HelmChartContainer - [hivemq-test-hivemq-platform] [hivemq-platform-operator] [81b215ec] 04:04:05.167 [pool-6-thread-3] DEBUG c.h.p.o.dependants.PodInfoConfigMap - [helmmqtt] Desired PodInfo ConfigMap (1 extensions) (1 enabled)
2025-01-30 04:04:05,245 INFO c.h.h.t.HelmChartContainer - [hivemq-test-hivemq-platform] [hivemq-platform-operator] [81b215ec] 04:04:05.244 [pool-6-thread-3] DEBUG c.h.p.o.dependants.PodInfoConfigMap - [helmmqtt] Desired PodInfo ConfigMap (metrics port: 9399) (metrics path: /)
2025-01-30 04:04:05,245 INFO c.h.h.t.HelmChartContainer - [hivemq-test-hivemq-platform] [hivemq-platform-operator] [81b215ec] 04:04:05.244 [pool-6-thread-3] DEBUG c.h.p.o.dependants.PodInfoConfigMap - [helmmqtt] Desired PodInfo ConfigMap (extension state hash: -1817474005)
2025-01-30 04:04:05,246 INFO c.h.h.t.HelmChartContainer - [hivemq-test-hivemq-platform] [hivemq-platform-operator] [81b215ec] 04:04:05.245 [pool-6-thread-3] DEBUG c.h.p.o.dependants.PodInfoConfigMap - [helmmqtt] Create PodInfo ConfigMap
2025-01-30 04:04:05,352 INFO c.h.h.t.HelmChartContainer - [hivemq-test-hivemq-platform] [hivemq-platform-operator] [81b215ec] 04:04:05.350 [pool-6-thread-5] DEBUG c.h.p.o.dependants.PodRoleResource - [helmmqtt] Create Role: Role(apiVersion=rbac.authorization.k8s.io/v1, kind=Role, metadata=ObjectMeta(annotations={meta.helm.sh/release-name=test-hivemq-platform, meta.helm.sh/release-namespace=helmmqttit}, creationTimestamp=null, deletionGracePeriodSeconds=null, deletionTimestamp=null, finalizers=[], generateName=null, generation=null, labels={helm.sh/chart=hivemq-platform-0.2.32, app.kubernetes.io/managed-by=Helm, app.kubernetes.io/name=hivemq-platform, hivemq-platform=test-hivemq-platform, app.kubernetes.io/instance=test-hivemq-platform, app.kubernetes.io/version=4.36.0}, managedFields=[], name=hivemq-platform-role-test-hivemq-platform, namespace=helmmqttit, ownerReferences=[OwnerReference(apiVersion=hivemq.com/v1, blockOwnerDeletion=null, controller=null, kind=HiveMQPlatform, name=test-hivemq-platform, uid=c25b955d-3f3d-4f3e-bbea-056b576d5b2c, additionalProperties={})], resourceVersion=null, selfLink=null, uid=null, additionalProperties={}), rules=[PolicyRule(apiGroups=[], nonResourceURLs=[], resourceNames=[], resources=[pods], verbs=[get, patch, update], additionalProperties={})], additionalProperties={})
2025-01-30 04:04:05,455 INFO c.h.h.t.HelmChartContainer - [hivemq-test-hivemq-platform] [hivemq-platform-operator] [81b215ec] 04:04:05.453 [pool-6-thread-7] DEBUG c.h.p.o.d.PodServiceAccountResource - [helmmqtt] Desired PodServiceAccountResource (serviceAccountName: hivemq-platform-pod-test-hivemq-platform)
2025-01-30 04:04:05,457 INFO c.h.h.t.HelmChartContainer - [hivemq-test-hivemq-platform] [hivemq-platform-operator] [81b215ec] 04:04:05.454 [pool-6-thread-7] DEBUG c.h.p.o.d.PodServiceAccountResource - [helmmqtt] Create ServiceAccount 'hivemq-platform-pod-test-hivemq-platform'
2025-01-30 04:04:05,560 INFO c.h.h.t.HelmChartContainer - [hivemq-test-hivemq-platform] [hivemq-platform-operator] [81b215ec] 04:04:05.559 [pool-6-thread-10] DEBUG c.h.p.o.d.PodRoleBindingResource - [helmmqtt] Create RoleBinding: RoleBinding(apiVersion=rbac.authorization.k8s.io/v1, kind=RoleBinding, metadata=ObjectMeta(annotations={meta.helm.sh/release-name=test-hivemq-platform, meta.helm.sh/release-namespace=helmmqttit}, creationTimestamp=null, deletionGracePeriodSeconds=null, deletionTimestamp=null, finalizers=[], generateName=null, generation=null, labels={helm.sh/chart=hivemq-platform-0.2.32, app.kubernetes.io/managed-by=Helm, app.kubernetes.io/name=hivemq-platform, hivemq-platform=test-hivemq-platform, app.kubernetes.io/instance=test-hivemq-platform, app.kubernetes.io/version=4.36.0}, managedFields=[], name=hivemq-platform-role-binding-test-hivemq-platform, namespace=helmmqttit, ownerReferences=[OwnerReference(apiVersion=hivemq.com/v1, blockOwnerDeletion=null, controller=null, kind=HiveMQPlatform, name=test-hivemq-platform, uid=c25b955d-3f3d-4f3e-bbea-056b576d5b2c, additionalProperties={})], resourceVersion=null, selfLink=null, uid=null, additionalProperties={}), roleRef=RoleRef(apiGroup=rbac.authorization.k8s.io, kind=Role, name=hivemq-platform-role-test-hivemq-platform, additionalProperties={}), subjects=[Subject(apiGroup=null, kind=ServiceAccount, name=hivemq-platform-pod-test-hivemq-platform, namespace=helmmqttit, additionalProperties={})], additionalProperties={})
2025-01-30 04:04:05,658 INFO c.h.h.t.HelmChartContainer - [hivemq-test-hivemq-platform] [hivemq-platform-operator] [81b215ec] 04:04:05.657 [ReconcilerExecutor-hivemq-controller-53] INFO  c.h.p.o.HiveMQPlatformReconciler - [helmmqtt] Reconciling HiveMQ Platform 'test-hivemq-platform' in namespace 'helmmqttit'
2025-01-30 04:04:05,659 INFO c.h.h.t.HelmChartContainer - [hivemq-test-hivemq-platform] [hivemq-platform-operator] [81b215ec] 04:04:05.657 [ReconcilerExecutor-hivemq-controller-53] DEBUG c.h.p.o.HiveMQPlatformReconciler - [helmmqtt] Custom Resource Status CREATED - HiveMQ Platform was created (READY)
2025-01-30 04:04:05,659 INFO c.h.h.t.HelmChartContainer - [hivemq-test-hivemq-platform] [hivemq-platform-operator] [81b215ec] 04:04:05.657 [ReconcilerExecutor-hivemq-controller-53] DEBUG c.h.p.o.HiveMQPlatformReconciler - [helmmqtt] Custom Resource Spec (replicas: 1) (extensions: 1)
2025-01-30 04:04:05,661 INFO c.h.h.t.HelmChartContainer - [hivemq-test-hivemq-platform] [hivemq-platform-operator] [81b215ec] 04:04:05.661 [ReconcilerExecutor-hivemq-controller-53] INFO  c.h.p.o.h.HiveMQPlatformReconcilerBaseHandler - [helmmqtt] HiveMQ Platform is starting
2025-01-30 04:04:05,762 INFO c.h.h.t.HelmChartContainer - [hivemq-test-hivemq-platform] [hivemq-platform-operator] [81b215ec] 04:04:05.761 [ReconcilerExecutor-hivemq-controller-53] DEBUG c.h.p.operator.event.EventSender - [helmmqtt] Creating K8s event hivemq-platform-starting: [Start] HiveMQ Platform is starting
2025-01-30 04:04:05,848 INFO c.h.h.t.HelmChartContainer - [EVENT] Normal [Start] HiveMQ Platform is starting [helmmqttit:test-hivemq-platform]
2025-01-30 04:04:05,852 INFO c.h.h.t.HelmChartContainer - [hivemq-test-hivemq-platform] [hivemq-platform-operator] [81b215ec] 04:04:05.851 [ReconcilerExecutor-hivemq-controller-53] INFO  c.h.p.o.h.AbstractHiveMQReconcilerStateHandler - [helmmqtt] Update HiveMQ Platform Status (CREATED [READY] -> STARTING [READY]): HiveMQ Platform is starting
2025-01-30 04:04:05,864 DEBUG com.hivemq.helmcharts.util.K8sUtil - Comparing actual state 'STARTING' and waiting for 'RUNNING'
2025-01-30 04:04:15,955 INFO c.h.h.t.HelmChartContainer - [hivemq-test-hivemq-platform] [hivemq-platform-operator] [81b215ec] 04:04:15.952 [pool-6-thread-12] DEBUG c.h.p.o.d.PlatformServiceResource - [helmmqtt] Desired Platform services (2 services)
2025-01-30 04:04:15,956 INFO c.h.h.t.HelmChartContainer - [hivemq-test-hivemq-platform] [hivemq-platform-operator] [81b215ec] 04:04:15.953 [pool-6-thread-13] DEBUG c.h.p.o.dependants.PodInfoConfigMap - [helmmqtt] Desired PodInfo ConfigMap (1 extensions) (1 enabled)
2025-01-30 04:04:15,956 INFO c.h.h.t.HelmChartContainer - [hivemq-test-hivemq-platform] [hivemq-platform-operator] [81b215ec] 04:04:15.953 [pool-6-thread-13] DEBUG c.h.p.o.dependants.PodInfoConfigMap - [helmmqtt] Desired PodInfo ConfigMap (metrics port: 9399) (metrics path: /)
2025-01-30 04:04:15,956 INFO c.h.h.t.HelmChartContainer - [hivemq-test-hivemq-platform] [hivemq-platform-operator] [81b215ec] 04:04:15.953 [pool-6-thread-13] DEBUG c.h.p.o.dependants.PodInfoConfigMap - [helmmqtt] Desired PodInfo ConfigMap (extension state hash: -1817474005)
2025-01-30 04:04:15,959 INFO c.h.h.t.HelmChartContainer - [hivemq-test-hivemq-platform] [hivemq-platform-operator] [81b215ec] 04:04:15.958 [pool-6-thread-17] DEBUG c.h.p.o.d.PodServiceAccountResource - [helmmqtt] Desired PodServiceAccountResource (serviceAccountName: hivemq-platform-pod-test-hivemq-platform)
2025-01-30 04:04:15,962 INFO c.h.h.t.HelmChartContainer - [hivemq-test-hivemq-platform] [hivemq-platform-operator] [81b215ec] 04:04:15.961 [pool-6-thread-13] DEBUG c.h.p.o.dependants.PodInfoConfigMap - [helmmqtt] Update PodInfo ConfigMap
2025-01-30 04:04:16,056 INFO c.h.h.t.HelmChartContainer - [K3S] [alloc.go:330] "allocated clusterIPs" service="helmmqttit/hivemq-test-hivemq-platform-metrics-9399" clusterIPs={"IPv4":"10.43.162.122"}
2025-01-30 04:04:16,153 INFO c.h.h.t.HelmChartContainer - [K3S] [alloc.go:330] "allocated clusterIPs" service="helmmqttit/hivemq-test-hivemq-platform-mqtt-1884" clusterIPs={"IPv4":"10.43.168.17"}
2025-01-30 04:04:16,158 INFO c.h.h.t.HelmChartContainer - [K3S] [event.go:389] "Event occurred" object="helmmqttit/hivemq-test-hivemq-platform-mqtt-1884" fieldPath="" kind="Service" apiVersion="v1" type="Normal" reason="EnsuringLoadBalancer" message="Ensuring load balancer"
2025-01-30 04:04:16,163 INFO c.h.h.t.HelmChartContainer - [EVENT] Normal [EnsuringLoadBalancer] Ensuring load balancer [helmmqttit:hivemq-test-hivemq-platform-mqtt-1884]
2025-01-30 04:04:16,167 INFO c.h.h.t.HelmChartContainer - [hivemq-test-hivemq-platform] [hivemq-platform-operator] [81b215ec] 04:04:16.165 [pool-6-thread-20] DEBUG c.h.p.o.d.StatefulSetResource - [helmmqtt] Desired StatefulSet (1 replicas) for status STARTING (READY)
2025-01-30 04:04:16,179 INFO c.h.h.t.HelmChartContainer - [K3S] [event.go:389] "Event occurred" object="helmmqttit/hivemq-test-hivemq-platform-mqtt-1884" fieldPath="" kind="Service" apiVersion="v1" type="Normal" reason="AppliedDaemonSet" message="Applied LoadBalancer DaemonSet kube-system/svclb-hivemq-test-hivemq-platform-mqtt-1884-ec158a79"
2025-01-30 04:04:16,181 INFO c.h.h.t.HelmChartContainer - [EVENT] Normal [AppliedDaemonSet] Applied LoadBalancer DaemonSet kube-system/svclb-hivemq-test-hivemq-platform-mqtt-1884-ec158a79 [helmmqttit:hivemq-test-hivemq-platform-mqtt-1884]
2025-01-30 04:04:16,191 INFO c.h.h.t.HelmChartContainer - [POD] svclb-hivemq-test-hivemq-platform-mqtt-1884-ec158a79-zjlhp [a21a5e2b-2477-4300-91c5-9f6a53b1072e] in kube-system was ADDED
2025-01-30 04:04:16,195 INFO c.h.h.t.HelmChartContainer - [POD] svclb-hivemq-test-hivemq-platform-mqtt-1884-ec158a79-zjlhp [a21a5e2b-2477-4300-91c5-9f6a53b1072e] in kube-system was MODIFIED
2025-01-30 04:04:16,208 INFO c.h.h.t.HelmChartContainer - [POD] svclb-hivemq-test-hivemq-platform-mqtt-1884-ec158a79-zjlhp [a21a5e2b-2477-4300-91c5-9f6a53b1072e] in kube-system was MODIFIED
2025-01-30 04:04:16,264 INFO c.h.h.t.HelmChartContainer - [hivemq-test-hivemq-platform] [hivemq-platform-operator] [81b215ec] 04:04:16.263 [pool-6-thread-20] DEBUG c.h.p.o.d.StatefulSetResource - [helmmqtt] Create StatefulSet
2025-01-30 04:04:16,360 INFO c.h.h.t.HelmChartContainer - [hivemq-test-hivemq-platform] [hivemq-platform-operator] [81b215ec] 04:04:16.358 [ReconcilerExecutor-hivemq-controller-64] INFO  c.h.p.o.HiveMQPlatformReconciler - [helmmqtt] Reconciling HiveMQ Platform 'test-hivemq-platform' in namespace 'helmmqttit'
2025-01-30 04:04:16,360 INFO c.h.h.t.HelmChartContainer - [hivemq-test-hivemq-platform] [hivemq-platform-operator] [81b215ec] 04:04:16.358 [ReconcilerExecutor-hivemq-controller-64] DEBUG c.h.p.o.HiveMQPlatformReconciler - [helmmqtt] Custom Resource Status STARTING - HiveMQ Platform is starting (READY)
2025-01-30 04:04:16,360 INFO c.h.h.t.HelmChartContainer - [hivemq-test-hivemq-platform] [hivemq-platform-operator] [81b215ec] 04:04:16.358 [ReconcilerExecutor-hivemq-controller-64] DEBUG c.h.p.o.HiveMQPlatformReconciler - [helmmqtt] Custom Resource Spec (replicas: 1) (extensions: 1)
2025-01-30 04:04:16,362 INFO c.h.h.t.HelmChartContainer - [hivemq-test-hivemq-platform] [hivemq-platform-operator] [81b215ec] 04:04:16.360 [ReconcilerExecutor-hivemq-controller-64] DEBUG c.h.p.o.HiveMQPlatformReconciler - [helmmqtt] StatefulSet Status (revision: null, replicas: 0, available: 0, ready: 0, current: 0, updated: 0)
2025-01-30 04:04:16,362 INFO c.h.h.t.HelmChartContainer - [hivemq-test-hivemq-platform] [hivemq-platform-operator] [81b215ec] 04:04:16.360 [ReconcilerExecutor-hivemq-controller-64] DEBUG c.h.p.o.HiveMQPlatformReconciler - [helmmqtt] StatefulSet Spec (replicas: 1, init containers: 1, containers: 1, volumes: 3)
2025-01-30 04:04:16,368 INFO c.h.h.t.HelmChartContainer - [hivemq-test-hivemq-platform] [hivemq-platform-operator] [81b215ec] 04:04:16.364 [ReconcilerExecutor-hivemq-controller-64] INFO  c.h.p.o.h.HiveMQPlatformReconcilerBaseHandler - [helmmqtt] HiveMQ Platform is starting, 0 of 1 replicas are ready
2025-01-30 04:04:16,372 INFO c.h.h.t.HelmChartContainer - [POD] test-hivemq-platform-0 [eaa183f8-5979-42bc-8b85-471abe1604b2] in helmmqttit was ADDED
2025-01-30 04:04:16,374 INFO c.h.h.t.HelmChartContainer - [EVENT] Normal [SuccessfulCreate] create Pod test-hivemq-platform-0 in StatefulSet test-hivemq-platform successful [helmmqttit:test-hivemq-platform]
2025-01-30 04:04:16,378 INFO c.h.h.t.HelmChartContainer - [POD] test-hivemq-platform-0 [eaa183f8-5979-42bc-8b85-471abe1604b2] in helmmqttit was MODIFIED
2025-01-30 04:04:16,379 INFO c.h.h.t.HelmChartContainer - [EVENT] Normal [Scheduled] Successfully assigned helmmqttit/test-hivemq-platform-0 to 969b9ea92551 [helmmqttit:test-hivemq-platform-0]
2025-01-30 04:04:16,389 INFO c.h.h.t.HelmChartContainer - [POD] test-hivemq-platform-0 [eaa183f8-5979-42bc-8b85-471abe1604b2] in helmmqttit was MODIFIED
2025-01-30 04:04:16,452 INFO c.h.h.t.HelmChartContainer - [K3S] [reconciler_common.go:251] "operationExecutor.VerifyControllerAttachedVolume started for volume \"kube-api-access-wwtrx\" (UniqueName: \"kubernetes.io/projected/eaa183f8-5979-42bc-8b85-471abe1604b2-kube-api-access-wwtrx\") pod \"test-hivemq-platform-0\" (UID: \"eaa183f8-5979-42bc-8b85-471abe1604b2\") " pod="helmmqttit/test-hivemq-platform-0"
2025-01-30 04:04:16,453 INFO c.h.h.t.HelmChartContainer - [K3S] [reconciler_common.go:251] "operationExecutor.VerifyControllerAttachedVolume started for volume \"broker-configuration\" (UniqueName: \"kubernetes.io/configmap/eaa183f8-5979-42bc-8b85-471abe1604b2-broker-configuration\") pod \"test-hivemq-platform-0\" (UID: \"eaa183f8-5979-42bc-8b85-471abe1604b2\") " pod="helmmqttit/test-hivemq-platform-0"
2025-01-30 04:04:16,453 INFO c.h.h.t.HelmChartContainer - [hivemq-test-hivemq-platform] [hivemq-platform-operator] [81b215ec] 04:04:16.450 [pool-6-thread-22] DEBUG c.h.p.o.d.PlatformServiceResource - [helmmqtt] Desired Platform services (2 services)
2025-01-30 04:04:16,455 INFO c.h.h.t.HelmChartContainer - [hivemq-test-hivemq-platform] [hivemq-platform-operator] [81b215ec] 04:04:16.452 [pool-6-thread-23] DEBUG c.h.p.o.dependants.PodInfoConfigMap - [helmmqtt] Desired PodInfo ConfigMap (1 extensions) (1 enabled)
2025-01-30 04:04:16,455 INFO c.h.h.t.HelmChartContainer - [hivemq-test-hivemq-platform] [hivemq-platform-operator] [81b215ec] 04:04:16.452 [pool-6-thread-23] DEBUG c.h.p.o.dependants.PodInfoConfigMap - [helmmqtt] Desired PodInfo ConfigMap (metrics port: 9399) (metrics path: /)
2025-01-30 04:04:16,453 INFO c.h.h.t.HelmChartContainer - [K3S] [reconciler_common.go:251] "operationExecutor.VerifyControllerAttachedVolume started for volume \"operator-init\" (UniqueName: \"kubernetes.io/empty-dir/eaa183f8-5979-42bc-8b85-471abe1604b2-operator-init\") pod \"test-hivemq-platform-0\" (UID: \"eaa183f8-5979-42bc-8b85-471abe1604b2\") " pod="helmmqttit/test-hivemq-platform-0"
2025-01-30 04:04:16,456 INFO c.h.h.t.HelmChartContainer - [K3S] [reconciler_common.go:251] "operationExecutor.VerifyControllerAttachedVolume started for volume \"pod-info\" (UniqueName: \"kubernetes.io/configmap/eaa183f8-5979-42bc-8b85-471abe1604b2-pod-info\") pod \"test-hivemq-platform-0\" (UID: \"eaa183f8-5979-42bc-8b85-471abe1604b2\") " pod="helmmqttit/test-hivemq-platform-0"
2025-01-30 04:04:16,457 INFO c.h.h.t.HelmChartContainer - [hivemq-test-hivemq-platform] [hivemq-platform-operator] [81b215ec] 04:04:16.452 [pool-6-thread-23] DEBUG c.h.p.o.dependants.PodInfoConfigMap - [helmmqtt] Desired PodInfo ConfigMap (extension state hash: -1817474005)
2025-01-30 04:04:16,460 INFO c.h.h.t.HelmChartContainer - [hivemq-test-hivemq-platform] [hivemq-platform-operator] [81b215ec] 04:04:16.459 [pool-6-thread-27] DEBUG c.h.p.o.d.PodServiceAccountResource - [helmmqtt] Desired PodServiceAccountResource (serviceAccountName: hivemq-platform-pod-test-hivemq-platform)
2025-01-30 04:04:16,555 INFO c.h.h.t.HelmChartContainer - [hivemq-test-hivemq-platform] [hivemq-platform-operator] [81b215ec] 04:04:16.551 [pool-6-thread-30] DEBUG c.h.p.o.d.StatefulSetResource - [helmmqtt] Desired StatefulSet (1 replicas) for status STARTING (READY)
2025-01-30 04:04:16,561 INFO c.h.h.t.HelmChartContainer - [hivemq-test-hivemq-platform] [hivemq-platform-operator] [81b215ec] 04:04:16.560 [ReconcilerExecutor-hivemq-controller-75] INFO  c.h.p.o.HiveMQPlatformReconciler - [helmmqtt] Reconciling HiveMQ Platform 'test-hivemq-platform' in namespace 'helmmqttit'
2025-01-30 04:04:16,561 INFO c.h.h.t.HelmChartContainer - [hivemq-test-hivemq-platform] [hivemq-platform-operator] [81b215ec] 04:04:16.560 [ReconcilerExecutor-hivemq-controller-75] DEBUG c.h.p.o.HiveMQPlatformReconciler - [helmmqtt] Custom Resource Status STARTING - HiveMQ Platform is starting (READY)
2025-01-30 04:04:16,561 INFO c.h.h.t.HelmChartContainer - [hivemq-test-hivemq-platform] [hivemq-platform-operator] [81b215ec] 04:04:16.560 [ReconcilerExecutor-hivemq-controller-75] DEBUG c.h.p.o.HiveMQPlatformReconciler - [helmmqtt] Custom Resource Spec (replicas: 1) (extensions: 1)
2025-01-30 04:04:16,566 INFO c.h.h.t.HelmChartContainer - [hivemq-test-hivemq-platform] [hivemq-platform-operator] [81b215ec] 04:04:16.565 [ReconcilerExecutor-hivemq-controller-75] DEBUG c.h.p.o.HiveMQPlatformReconciler - [helmmqtt] StatefulSet Status (revision: test-hivemq-platform-7bbc5894fb, replicas: 1, available: 0, ready: 0, current: 1, updated: 1)
2025-01-30 04:04:16,645 INFO c.h.h.t.HelmChartContainer - [hivemq-test-hivemq-platform] [hivemq-platform-operator] [81b215ec] 04:04:16.644 [ReconcilerExecutor-hivemq-controller-75] DEBUG c.h.p.o.HiveMQPlatformReconciler - [helmmqtt] StatefulSet Spec (replicas: 1, init containers: 1, containers: 1, volumes: 3)
2025-01-30 04:04:16,658 INFO c.h.h.t.HelmChartContainer - [hivemq-test-hivemq-platform] [hivemq-platform-operator] [81b215ec] 04:04:16.656 [ReconcilerExecutor-hivemq-controller-75] DEBUG c.h.p.o.h.HiveMQPlatformReconcilerErrorHandler - [helmmqtt] Pod 'test-hivemq-platform-0' phase Pending
2025-01-30 04:04:16,658 INFO c.h.h.t.HelmChartContainer - [hivemq-test-hivemq-platform] [hivemq-platform-operator] [81b215ec] 04:04:16.657 [ReconcilerExecutor-hivemq-controller-75] DEBUG c.h.p.o.h.HiveMQPlatformReconcilerErrorHandler - [helmmqtt] Pod 'test-hivemq-platform-0' condition 'PodReadyToStartContainers': False
2025-01-30 04:04:16,659 INFO c.h.h.t.HelmChartContainer - [hivemq-test-hivemq-platform] [hivemq-platform-operator] [81b215ec] 04:04:16.657 [ReconcilerExecutor-hivemq-controller-75] DEBUG c.h.p.o.h.HiveMQPlatformReconcilerErrorHandler - [helmmqtt] Pod 'test-hivemq-platform-0' condition 'Initialized': False
2025-01-30 04:04:16,662 INFO c.h.h.t.HelmChartContainer - [hivemq-test-hivemq-platform] [hivemq-platform-operator] [81b215ec] 04:04:16.657 [ReconcilerExecutor-hivemq-controller-75] DEBUG c.h.p.o.h.HiveMQPlatformReconcilerErrorHandler - [helmmqtt] Pod 'test-hivemq-platform-0' condition 'Ready': False
2025-01-30 04:04:16,662 INFO c.h.h.t.HelmChartContainer - [hivemq-test-hivemq-platform] [hivemq-platform-operator] [81b215ec] 04:04:16.657 [ReconcilerExecutor-hivemq-controller-75] DEBUG c.h.p.o.h.HiveMQPlatformReconcilerErrorHandler - [helmmqtt] Pod 'test-hivemq-platform-0' condition 'ContainersReady': False
2025-01-30 04:04:16,662 INFO c.h.h.t.HelmChartContainer - [hivemq-test-hivemq-platform] [hivemq-platform-operator] [81b215ec] 04:04:16.657 [ReconcilerExecutor-hivemq-controller-75] DEBUG c.h.p.o.h.HiveMQPlatformReconcilerErrorHandler - [helmmqtt] Pod 'test-hivemq-platform-0' condition 'PodScheduled': True
2025-01-30 04:04:16,662 INFO c.h.h.t.HelmChartContainer - [hivemq-test-hivemq-platform] [hivemq-platform-operator] [81b215ec] 04:04:16.658 [ReconcilerExecutor-hivemq-controller-75] DEBUG c.h.p.o.h.HiveMQPlatformReconcilerErrorHandler - [helmmqtt] Pod 'test-hivemq-platform-0' containerStatus 'hivemq' (started: false) (ready: false) (waiting: [PodInitializing] null)
2025-01-30 04:04:16,662 INFO c.h.h.t.HelmChartContainer - [hivemq-test-hivemq-platform] [hivemq-platform-operator] [81b215ec] 04:04:16.659 [ReconcilerExecutor-hivemq-controller-75] INFO  c.h.p.o.h.HiveMQPlatformReconcilerBaseHandler - [helmmqtt] HiveMQ Platform is starting, 0 of 1 replicas are ready
2025-01-30 04:04:16,665 INFO c.h.h.t.HelmChartContainer - [hivemq-test-hivemq-platform] [hivemq-platform-operator] [81b215ec] 04:04:16.664 [pool-6-thread-32] DEBUG c.h.p.o.d.PlatformServiceResource - [helmmqtt] Desired Platform services (2 services)
2025-01-30 04:04:16,746 INFO c.h.h.t.HelmChartContainer - [hivemq-test-hivemq-platform] [hivemq-platform-operator] [81b215ec] 04:04:16.744 [pool-6-thread-33] DEBUG c.h.p.o.dependants.PodInfoConfigMap - [helmmqtt] Desired PodInfo ConfigMap (1 extensions) (1 enabled)
2025-01-30 04:04:16,747 INFO c.h.h.t.HelmChartContainer - [hivemq-test-hivemq-platform] [hivemq-platform-operator] [81b215ec] 04:04:16.744 [pool-6-thread-33] DEBUG c.h.p.o.dependants.PodInfoConfigMap - [helmmqtt] Desired PodInfo ConfigMap (metrics port: 9399) (metrics path: /)
2025-01-30 04:04:16,747 INFO c.h.h.t.HelmChartContainer - [hivemq-test-hivemq-platform] [hivemq-platform-operator] [81b215ec] 04:04:16.744 [pool-6-thread-33] DEBUG c.h.p.o.dependants.PodInfoConfigMap - [helmmqtt] Desired PodInfo ConfigMap (extension state hash: -1817474005)
2025-01-30 04:04:16,751 INFO c.h.h.t.HelmChartContainer - [hivemq-test-hivemq-platform] [hivemq-platform-operator] [81b215ec] 04:04:16.751 [pool-6-thread-37] DEBUG c.h.p.o.d.PodServiceAccountResource - [helmmqtt] Desired PodServiceAccountResource (serviceAccountName: hivemq-platform-pod-test-hivemq-platform)
2025-01-30 04:04:16,762 INFO c.h.h.t.HelmChartContainer - [hivemq-test-hivemq-platform] [hivemq-platform-operator] [81b215ec] 04:04:16.760 [pool-6-thread-40] DEBUG c.h.p.o.d.StatefulSetResource - [helmmqtt] Desired StatefulSet (1 replicas) for status STARTING (READY)
2025-01-30 04:04:16,767 INFO c.h.h.t.HelmChartContainer - [hivemq-test-hivemq-platform] [hivemq-platform-operator] [81b215ec] 04:04:16.766 [ReconcilerExecutor-hivemq-controller-86] INFO  c.h.p.o.HiveMQPlatformReconciler - [helmmqtt] Reconciling HiveMQ Platform 'test-hivemq-platform' in namespace 'helmmqttit'
2025-01-30 04:04:16,767 INFO c.h.h.t.HelmChartContainer - [hivemq-test-hivemq-platform] [hivemq-platform-operator] [81b215ec] 04:04:16.767 [ReconcilerExecutor-hivemq-controller-86] DEBUG c.h.p.o.HiveMQPlatformReconciler - [helmmqtt] Custom Resource Status STARTING - HiveMQ Platform is starting (READY)
2025-01-30 04:04:16,768 INFO c.h.h.t.HelmChartContainer - [hivemq-test-hivemq-platform] [hivemq-platform-operator] [81b215ec] 04:04:16.767 [ReconcilerExecutor-hivemq-controller-86] DEBUG c.h.p.o.HiveMQPlatformReconciler - [helmmqtt] Custom Resource Spec (replicas: 1) (extensions: 1)
2025-01-30 04:04:16,772 INFO c.h.h.t.HelmChartContainer - [EVENT] Normal [Pulled] Container image "docker.io/hivemq/hivemq-platform-operator-init-test:snapshot" already present on machine [helmmqttit:test-hivemq-platform-0]
2025-01-30 04:04:16,848 INFO c.h.h.t.HelmChartContainer - [hivemq-test-hivemq-platform] [hivemq-platform-operator] [81b215ec] 04:04:16.846 [ReconcilerExecutor-hivemq-controller-86] DEBUG c.h.p.o.HiveMQPlatformReconciler - [helmmqtt] StatefulSet Status (revision: test-hivemq-platform-7bbc5894fb, replicas: 1, available: 0, ready: 0, current: 1, updated: 1)
2025-01-30 04:04:16,849 INFO c.h.h.t.HelmChartContainer - [hivemq-test-hivemq-platform] [hivemq-platform-operator] [81b215ec] 04:04:16.846 [ReconcilerExecutor-hivemq-controller-86] DEBUG c.h.p.o.HiveMQPlatformReconciler - [helmmqtt] StatefulSet Spec (replicas: 1, init containers: 1, containers: 1, volumes: 3)
2025-01-30 04:04:16,850 INFO c.h.h.t.HelmChartContainer - [hivemq-test-hivemq-platform] [hivemq-platform-operator] [81b215ec] 04:04:16.848 [ReconcilerExecutor-hivemq-controller-86] DEBUG c.h.p.o.h.HiveMQPlatformReconcilerErrorHandler - [helmmqtt] Pod 'test-hivemq-platform-0' phase Pending
2025-01-30 04:04:16,850 INFO c.h.h.t.HelmChartContainer - [hivemq-test-hivemq-platform] [hivemq-platform-operator] [81b215ec] 04:04:16.849 [ReconcilerExecutor-hivemq-controller-86] DEBUG c.h.p.o.h.HiveMQPlatformReconcilerErrorHandler - [helmmqtt] Pod 'test-hivemq-platform-0' condition 'PodReadyToStartContainers': False
2025-01-30 04:04:16,850 INFO c.h.h.t.HelmChartContainer - [hivemq-test-hivemq-platform] [hivemq-platform-operator] [81b215ec] 04:04:16.849 [ReconcilerExecutor-hivemq-controller-86] DEBUG c.h.p.o.h.HiveMQPlatformReconcilerErrorHandler - [helmmqtt] Pod 'test-hivemq-platform-0' condition 'Initialized': False
2025-01-30 04:04:16,850 INFO c.h.h.t.HelmChartContainer - [hivemq-test-hivemq-platform] [hivemq-platform-operator] [81b215ec] 04:04:16.849 [ReconcilerExecutor-hivemq-controller-86] DEBUG c.h.p.o.h.HiveMQPlatformReconcilerErrorHandler - [helmmqtt] Pod 'test-hivemq-platform-0' condition 'Ready': False
2025-01-30 04:04:16,850 INFO c.h.h.t.HelmChartContainer - [hivemq-test-hivemq-platform] [hivemq-platform-operator] [81b215ec] 04:04:16.849 [ReconcilerExecutor-hivemq-controller-86] DEBUG c.h.p.o.h.HiveMQPlatformReconcilerErrorHandler - [helmmqtt] Pod 'test-hivemq-platform-0' condition 'ContainersReady': False
2025-01-30 04:04:16,852 INFO c.h.h.t.HelmChartContainer - [hivemq-test-hivemq-platform] [hivemq-platform-operator] [81b215ec] 04:04:16.849 [ReconcilerExecutor-hivemq-controller-86] DEBUG c.h.p.o.h.HiveMQPlatformReconcilerErrorHandler - [helmmqtt] Pod 'test-hivemq-platform-0' condition 'PodScheduled': True
2025-01-30 04:04:16,852 INFO c.h.h.t.HelmChartContainer - [hivemq-test-hivemq-platform] [hivemq-platform-operator] [81b215ec] 04:04:16.849 [ReconcilerExecutor-hivemq-controller-86] DEBUG c.h.p.o.h.HiveMQPlatformReconcilerErrorHandler - [helmmqtt] Pod 'test-hivemq-platform-0' containerStatus 'hivemq' (started: false) (ready: false) (waiting: [PodInitializing] null)
2025-01-30 04:04:16,853 INFO c.h.h.t.HelmChartContainer - [hivemq-test-hivemq-platform] [hivemq-platform-operator] [81b215ec] 04:04:16.851 [ReconcilerExecutor-hivemq-controller-86] INFO  c.h.p.o.h.HiveMQPlatformReconcilerBaseHandler - [helmmqtt] HiveMQ Platform is starting, 0 of 1 replicas are ready
2025-01-30 04:04:16,881 INFO c.h.h.t.HelmChartContainer - [EVENT] Normal [Created] Created container: hivemq-platform-operator-init [helmmqttit:test-hivemq-platform-0]
2025-01-30 04:04:16,918 INFO c.h.h.t.HelmChartContainer - [EVENT] Normal [Started] Started container hivemq-platform-operator-init [helmmqttit:test-hivemq-platform-0]
2025-01-30 04:04:17,498 INFO c.h.h.t.HelmChartContainer - [EVENT] Normal [Pulled] Container image "docker.io/hivemq/hivemq4:4.36.0" already present on machine [helmmqttit:test-hivemq-platform-0]
2025-01-30 04:04:17,498 INFO c.h.h.t.HelmChartContainer - Received Pulled event for container hivemq in pod test-hivemq-platform-0 [eaa183f8-5979-42bc-8b85-471abe1604b2]
2025-01-30 04:04:17,512 INFO c.h.h.t.HelmChartContainer - [POD] test-hivemq-platform-0 [eaa183f8-5979-42bc-8b85-471abe1604b2] in helmmqttit was MODIFIED
2025-01-30 04:04:17,524 INFO c.h.h.t.HelmChartContainer - [hivemq-test-hivemq-platform] [hivemq-platform-operator] [81b215ec] 04:04:17.522 [pool-6-thread-42] DEBUG c.h.p.o.d.PlatformServiceResource - [helmmqtt] Desired Platform services (2 services)
2025-01-30 04:04:17,530 INFO c.h.h.t.HelmChartContainer - [hivemq-test-hivemq-platform] [hivemq-platform-operator] [81b215ec] 04:04:17.526 [pool-6-thread-43] DEBUG c.h.p.o.dependants.PodInfoConfigMap - [helmmqtt] Desired PodInfo ConfigMap (1 extensions) (1 enabled)
2025-01-30 04:04:17,531 INFO c.h.h.t.HelmChartContainer - [hivemq-test-hivemq-platform] [hivemq-platform-operator] [81b215ec] 04:04:17.526 [pool-6-thread-43] DEBUG c.h.p.o.dependants.PodInfoConfigMap - [helmmqtt] Desired PodInfo ConfigMap (metrics port: 9399) (metrics path: /)
2025-01-30 04:04:17,531 INFO c.h.h.t.HelmChartContainer - [hivemq-test-hivemq-platform] [hivemq-platform-operator] [81b215ec] 04:04:17.526 [pool-6-thread-43] DEBUG c.h.p.o.dependants.PodInfoConfigMap - [helmmqtt] Desired PodInfo ConfigMap (extension state hash: -1817474005)
2025-01-30 04:04:17,531 INFO c.h.h.t.HelmChartContainer - [hivemq-test-hivemq-platform] [hivemq-platform-operator] [81b215ec] 04:04:17.528 [pool-6-thread-47] DEBUG c.h.p.o.d.PodServiceAccountResource - [helmmqtt] Desired PodServiceAccountResource (serviceAccountName: hivemq-platform-pod-test-hivemq-platform)
2025-01-30 04:04:17,540 INFO c.h.h.t.HelmChartContainer - [hivemq-test-hivemq-platform] [hivemq-platform-operator] [81b215ec] 04:04:17.538 [pool-6-thread-50] DEBUG c.h.p.o.d.StatefulSetResource - [helmmqtt] Desired StatefulSet (1 replicas) for status STARTING (READY)
2025-01-30 04:04:17,614 INFO c.h.h.t.HelmChartContainer - [hivemq-test-hivemq-platform] [hivemq-platform-operator] [81b215ec] 04:04:17.612 [ReconcilerExecutor-hivemq-controller-97] INFO  c.h.p.o.HiveMQPlatformReconciler - [helmmqtt] Reconciling HiveMQ Platform 'test-hivemq-platform' in namespace 'helmmqttit'
2025-01-30 04:04:17,614 INFO c.h.h.t.HelmChartContainer - [hivemq-test-hivemq-platform] [hivemq-platform-operator] [81b215ec] 04:04:17.612 [ReconcilerExecutor-hivemq-controller-97] DEBUG c.h.p.o.HiveMQPlatformReconciler - [helmmqtt] Custom Resource Status STARTING - HiveMQ Platform is starting (READY)
2025-01-30 04:04:17,614 INFO c.h.h.t.HelmChartContainer - [hivemq-test-hivemq-platform] [hivemq-platform-operator] [81b215ec] 04:04:17.612 [ReconcilerExecutor-hivemq-controller-97] DEBUG c.h.p.o.HiveMQPlatformReconciler - [helmmqtt] Custom Resource Spec (replicas: 1) (extensions: 1)
2025-01-30 04:04:17,616 INFO c.h.h.t.HelmChartContainer - [hivemq-test-hivemq-platform] [hivemq-platform-operator] [81b215ec] 04:04:17.615 [ReconcilerExecutor-hivemq-controller-97] DEBUG c.h.p.o.HiveMQPlatformReconciler - [helmmqtt] StatefulSet Status (revision: test-hivemq-platform-7bbc5894fb, replicas: 1, available: 0, ready: 0, current: 1, updated: 1)
2025-01-30 04:04:17,617 INFO c.h.h.t.HelmChartContainer - [hivemq-test-hivemq-platform] [hivemq-platform-operator] [81b215ec] 04:04:17.615 [ReconcilerExecutor-hivemq-controller-97] DEBUG c.h.p.o.HiveMQPlatformReconciler - [helmmqtt] StatefulSet Spec (replicas: 1, init containers: 1, containers: 1, volumes: 3)
2025-01-30 04:04:17,619 INFO c.h.h.t.HelmChartContainer - [hivemq-test-hivemq-platform] [hivemq-platform-operator] [81b215ec] 04:04:17.618 [ReconcilerExecutor-hivemq-controller-97] DEBUG c.h.p.o.h.HiveMQPlatformReconcilerErrorHandler - [helmmqtt] Pod 'test-hivemq-platform-0' phase Pending
2025-01-30 04:04:17,619 INFO c.h.h.t.HelmChartContainer - [hivemq-test-hivemq-platform] [hivemq-platform-operator] [81b215ec] 04:04:17.619 [ReconcilerExecutor-hivemq-controller-97] DEBUG c.h.p.o.h.HiveMQPlatformReconcilerErrorHandler - [helmmqtt] Pod 'test-hivemq-platform-0' condition 'PodReadyToStartContainers': True
2025-01-30 04:04:17,622 INFO c.h.h.t.HelmChartContainer - [hivemq-test-hivemq-platform] [hivemq-platform-operator] [81b215ec] 04:04:17.619 [ReconcilerExecutor-hivemq-controller-97] DEBUG c.h.p.o.h.HiveMQPlatformReconcilerErrorHandler - [helmmqtt] Pod 'test-hivemq-platform-0' condition 'Initialized': True
2025-01-30 04:04:17,622 INFO c.h.h.t.HelmChartContainer - [hivemq-test-hivemq-platform] [hivemq-platform-operator] [81b215ec] 04:04:17.619 [ReconcilerExecutor-hivemq-controller-97] DEBUG c.h.p.o.h.HiveMQPlatformReconcilerErrorHandler - [helmmqtt] Pod 'test-hivemq-platform-0' condition 'Ready': False
2025-01-30 04:04:17,622 INFO c.h.h.t.HelmChartContainer - [hivemq-test-hivemq-platform] [hivemq-platform-operator] [81b215ec] 04:04:17.619 [ReconcilerExecutor-hivemq-controller-97] DEBUG c.h.p.o.h.HiveMQPlatformReconcilerErrorHandler - [helmmqtt] Pod 'test-hivemq-platform-0' condition 'ContainersReady': False
2025-01-30 04:04:17,622 INFO c.h.h.t.HelmChartContainer - [hivemq-test-hivemq-platform] [hivemq-platform-operator] [81b215ec] 04:04:17.619 [ReconcilerExecutor-hivemq-controller-97] DEBUG c.h.p.o.h.HiveMQPlatformReconcilerErrorHandler - [helmmqtt] Pod 'test-hivemq-platform-0' condition 'PodScheduled': True
2025-01-30 04:04:17,622 INFO c.h.h.t.HelmChartContainer - [hivemq-test-hivemq-platform] [hivemq-platform-operator] [81b215ec] 04:04:17.619 [ReconcilerExecutor-hivemq-controller-97] DEBUG c.h.p.o.h.HiveMQPlatformReconcilerErrorHandler - [helmmqtt] Pod 'test-hivemq-platform-0' containerStatus 'hivemq' (started: false) (ready: false) (waiting: [PodInitializing] null)
2025-01-30 04:04:17,622 INFO c.h.h.t.HelmChartContainer - [hivemq-test-hivemq-platform] [hivemq-platform-operator] [81b215ec] 04:04:17.620 [ReconcilerExecutor-hivemq-controller-97] INFO  c.h.p.o.h.HiveMQPlatformReconcilerBaseHandler - [helmmqtt] HiveMQ Platform is starting, 0 of 1 replicas are ready
2025-01-30 04:04:18,507 INFO c.h.h.t.HelmChartContainer - [POD] svclb-hivemq-test-hivemq-platform-mqtt-1884-ec158a79-zjlhp [a21a5e2b-2477-4300-91c5-9f6a53b1072e] in kube-system was MODIFIED
2025-01-30 04:04:18,519 INFO c.h.h.t.HelmChartContainer - [K3S] [event.go:389] "Event occurred" object="helmmqttit/hivemq-test-hivemq-platform-mqtt-1884" fieldPath="" kind="Service" apiVersion="v1" type="Normal" reason="UpdatedLoadBalancer" message="Updated LoadBalancer with new IPs: [] -> [172.18.0.2]"
2025-01-30 04:04:18,524 INFO c.h.h.t.HelmChartContainer - [EVENT] Normal [UpdatedLoadBalancer] Updated LoadBalancer with new IPs: [] -> [172.18.0.2] [helmmqttit:hivemq-test-hivemq-platform-mqtt-1884]
2025-01-30 04:04:18,533 INFO c.h.h.t.HelmChartContainer - [hivemq-test-hivemq-platform] [hivemq-platform-operator] [81b215ec] 04:04:18.526 [pool-6-thread-8] DEBUG c.h.p.o.d.PlatformServiceResource - [helmmqtt] Desired Platform services (2 services)
2025-01-30 04:04:18,533 INFO c.h.h.t.HelmChartContainer - [hivemq-test-hivemq-platform] [hivemq-platform-operator] [81b215ec] 04:04:18.530 [pool-6-thread-6] DEBUG c.h.p.o.d.PodServiceAccountResource - [helmmqtt] Desired PodServiceAccountResource (serviceAccountName: hivemq-platform-pod-test-hivemq-platform)
2025-01-30 04:04:18,534 INFO c.h.h.t.HelmChartContainer - [hivemq-test-hivemq-platform] [hivemq-platform-operator] [81b215ec] 04:04:18.528 [pool-6-thread-9] DEBUG c.h.p.o.dependants.PodInfoConfigMap - [helmmqtt] Desired PodInfo ConfigMap (1 extensions) (1 enabled)
2025-01-30 04:04:18,534 INFO c.h.h.t.HelmChartContainer - [hivemq-test-hivemq-platform] [hivemq-platform-operator] [81b215ec] 04:04:18.531 [pool-6-thread-9] DEBUG c.h.p.o.dependants.PodInfoConfigMap - [helmmqtt] Desired PodInfo ConfigMap (metrics port: 9399) (metrics path: /)
2025-01-30 04:04:18,534 INFO c.h.h.t.HelmChartContainer - [hivemq-test-hivemq-platform] [hivemq-platform-operator] [81b215ec] 04:04:18.531 [pool-6-thread-9] DEBUG c.h.p.o.dependants.PodInfoConfigMap - [helmmqtt] Desired PodInfo ConfigMap (extension state hash: -1817474005)
2025-01-30 04:04:18,617 INFO c.h.h.t.HelmChartContainer - [hivemq-test-hivemq-platform] [hivemq-platform-operator] [81b215ec] 04:04:18.613 [pool-6-thread-8] DEBUG c.h.p.o.d.StatefulSetResource - [helmmqtt] Desired StatefulSet (1 replicas) for status STARTING (READY)
2025-01-30 04:04:18,621 INFO c.h.h.t.HelmChartContainer - [hivemq-test-hivemq-platform] [hivemq-platform-operator] [81b215ec] 04:04:18.619 [ReconcilerExecutor-hivemq-controller-108] INFO  c.h.p.o.HiveMQPlatformReconciler - [helmmqtt] Reconciling HiveMQ Platform 'test-hivemq-platform' in namespace 'helmmqttit'
2025-01-30 04:04:18,622 INFO c.h.h.t.HelmChartContainer - [hivemq-test-hivemq-platform] [hivemq-platform-operator] [81b215ec] 04:04:18.619 [ReconcilerExecutor-hivemq-controller-108] DEBUG c.h.p.o.HiveMQPlatformReconciler - [helmmqtt] Custom Resource Status STARTING - HiveMQ Platform is starting (READY)
2025-01-30 04:04:18,622 INFO c.h.h.t.HelmChartContainer - [hivemq-test-hivemq-platform] [hivemq-platform-operator] [81b215ec] 04:04:18.619 [ReconcilerExecutor-hivemq-controller-108] DEBUG c.h.p.o.HiveMQPlatformReconciler - [helmmqtt] Custom Resource Spec (replicas: 1) (extensions: 1)
2025-01-30 04:04:18,624 INFO c.h.h.t.HelmChartContainer - [hivemq-test-hivemq-platform] [hivemq-platform-operator] [81b215ec] 04:04:18.621 [ReconcilerExecutor-hivemq-controller-108] DEBUG c.h.p.o.HiveMQPlatformReconciler - [helmmqtt] StatefulSet Status (revision: test-hivemq-platform-7bbc5894fb, replicas: 1, available: 0, ready: 0, current: 1, updated: 1)
2025-01-30 04:04:18,624 INFO c.h.h.t.HelmChartContainer - [hivemq-test-hivemq-platform] [hivemq-platform-operator] [81b215ec] 04:04:18.621 [ReconcilerExecutor-hivemq-controller-108] DEBUG c.h.p.o.HiveMQPlatformReconciler - [helmmqtt] StatefulSet Spec (replicas: 1, init containers: 1, containers: 1, volumes: 3)
2025-01-30 04:04:18,625 INFO c.h.h.t.HelmChartContainer - [hivemq-test-hivemq-platform] [hivemq-platform-operator] [81b215ec] 04:04:18.623 [ReconcilerExecutor-hivemq-controller-108] DEBUG c.h.p.o.h.HiveMQPlatformReconcilerErrorHandler - [helmmqtt] Pod 'test-hivemq-platform-0' phase Pending
2025-01-30 04:04:18,625 INFO c.h.h.t.HelmChartContainer - [hivemq-test-hivemq-platform] [hivemq-platform-operator] [81b215ec] 04:04:18.623 [ReconcilerExecutor-hivemq-controller-108] DEBUG c.h.p.o.h.HiveMQPlatformReconcilerErrorHandler - [helmmqtt] Pod 'test-hivemq-platform-0' condition 'PodReadyToStartContainers': True
2025-01-30 04:04:18,626 INFO c.h.h.t.HelmChartContainer - [hivemq-test-hivemq-platform] [hivemq-platform-operator] [81b215ec] 04:04:18.623 [ReconcilerExecutor-hivemq-controller-108] DEBUG c.h.p.o.h.HiveMQPlatformReconcilerErrorHandler - [helmmqtt] Pod 'test-hivemq-platform-0' condition 'Initialized': True
2025-01-30 04:04:18,626 INFO c.h.h.t.HelmChartContainer - [hivemq-test-hivemq-platform] [hivemq-platform-operator] [81b215ec] 04:04:18.623 [ReconcilerExecutor-hivemq-controller-108] DEBUG c.h.p.o.h.HiveMQPlatformReconcilerErrorHandler - [helmmqtt] Pod 'test-hivemq-platform-0' condition 'Ready': False
2025-01-30 04:04:18,626 INFO c.h.h.t.HelmChartContainer - [hivemq-test-hivemq-platform] [hivemq-platform-operator] [81b215ec] 04:04:18.623 [ReconcilerExecutor-hivemq-controller-108] DEBUG c.h.p.o.h.HiveMQPlatformReconcilerErrorHandler - [helmmqtt] Pod 'test-hivemq-platform-0' condition 'ContainersReady': False
2025-01-30 04:04:18,626 INFO c.h.h.t.HelmChartContainer - [hivemq-test-hivemq-platform] [hivemq-platform-operator] [81b215ec] 04:04:18.623 [ReconcilerExecutor-hivemq-controller-108] DEBUG c.h.p.o.h.HiveMQPlatformReconcilerErrorHandler - [helmmqtt] Pod 'test-hivemq-platform-0' condition 'PodScheduled': True
2025-01-30 04:04:18,626 INFO c.h.h.t.HelmChartContainer - [hivemq-test-hivemq-platform] [hivemq-platform-operator] [81b215ec] 04:04:18.623 [ReconcilerExecutor-hivemq-controller-108] DEBUG c.h.p.o.h.HiveMQPlatformReconcilerErrorHandler - [helmmqtt] Pod 'test-hivemq-platform-0' containerStatus 'hivemq' (started: false) (ready: false) (waiting: [PodInitializing] null)
2025-01-30 04:04:18,626 INFO c.h.h.t.HelmChartContainer - [hivemq-test-hivemq-platform] [hivemq-platform-operator] [81b215ec] 04:04:18.624 [ReconcilerExecutor-hivemq-controller-108] INFO  c.h.p.o.h.HiveMQPlatformReconcilerBaseHandler - [helmmqtt] HiveMQ Platform is starting, 0 of 1 replicas are ready
2025-01-30 04:04:18,647 INFO c.h.h.t.HelmChartContainer - [hivemq-test-hivemq-platform] [hivemq-platform-operator] [81b215ec] 04:04:18.644 [pool-6-thread-15] DEBUG c.h.p.o.d.PlatformServiceResource - [helmmqtt] Desired Platform services (2 services)
2025-01-30 04:04:18,647 INFO c.h.h.t.HelmChartContainer - [hivemq-test-hivemq-platform] [hivemq-platform-operator] [81b215ec] 04:04:18.645 [pool-6-thread-11] DEBUG c.h.p.o.d.PodServiceAccountResource - [helmmqtt] Desired PodServiceAccountResource (serviceAccountName: hivemq-platform-pod-test-hivemq-platform)
2025-01-30 04:04:18,714 INFO c.h.h.t.HelmChartContainer - [hivemq-test-hivemq-platform] [hivemq-platform-operator] [81b215ec] 04:04:18.713 [pool-6-thread-17] DEBUG c.h.p.o.dependants.PodInfoConfigMap - [helmmqtt] Desired PodInfo ConfigMap (1 extensions) (1 enabled)
2025-01-30 04:04:18,714 INFO c.h.h.t.HelmChartContainer - [hivemq-test-hivemq-platform] [hivemq-platform-operator] [81b215ec] 04:04:18.713 [pool-6-thread-17] DEBUG c.h.p.o.dependants.PodInfoConfigMap - [helmmqtt] Desired PodInfo ConfigMap (metrics port: 9399) (metrics path: /)
2025-01-30 04:04:18,714 INFO c.h.h.t.HelmChartContainer - [hivemq-test-hivemq-platform] [hivemq-platform-operator] [81b215ec] 04:04:18.713 [pool-6-thread-17] DEBUG c.h.p.o.dependants.PodInfoConfigMap - [helmmqtt] Desired PodInfo ConfigMap (extension state hash: -1817474005)
2025-01-30 04:04:18,718 INFO c.h.h.t.HelmChartContainer - [hivemq-test-hivemq-platform] [hivemq-platform-operator] [81b215ec] 04:04:18.717 [pool-6-thread-11] DEBUG c.h.p.o.d.StatefulSetResource - [helmmqtt] Desired StatefulSet (1 replicas) for status STARTING (READY)
2025-01-30 04:04:18,723 INFO c.h.h.t.HelmChartContainer - [hivemq-test-hivemq-platform] [hivemq-platform-operator] [81b215ec] 04:04:18.722 [ReconcilerExecutor-hivemq-controller-109] INFO  c.h.p.o.HiveMQPlatformReconciler - [helmmqtt] Reconciling HiveMQ Platform 'test-hivemq-platform' in namespace 'helmmqttit'
2025-01-30 04:04:18,724 INFO c.h.h.t.HelmChartContainer - [hivemq-test-hivemq-platform] [hivemq-platform-operator] [81b215ec] 04:04:18.722 [ReconcilerExecutor-hivemq-controller-109] DEBUG c.h.p.o.HiveMQPlatformReconciler - [helmmqtt] Custom Resource Status STARTING - HiveMQ Platform is starting (READY)
2025-01-30 04:04:18,724 INFO c.h.h.t.HelmChartContainer - [hivemq-test-hivemq-platform] [hivemq-platform-operator] [81b215ec] 04:04:18.722 [ReconcilerExecutor-hivemq-controller-109] DEBUG c.h.p.o.HiveMQPlatformReconciler - [helmmqtt] Custom Resource Spec (replicas: 1) (extensions: 1)
2025-01-30 04:04:18,726 INFO c.h.h.t.HelmChartContainer - [hivemq-test-hivemq-platform] [hivemq-platform-operator] [81b215ec] 04:04:18.725 [ReconcilerExecutor-hivemq-controller-109] DEBUG c.h.p.o.HiveMQPlatformReconciler - [helmmqtt] StatefulSet Status (revision: test-hivemq-platform-7bbc5894fb, replicas: 1, available: 0, ready: 0, current: 1, updated: 1)
2025-01-30 04:04:18,727 INFO c.h.h.t.HelmChartContainer - [hivemq-test-hivemq-platform] [hivemq-platform-operator] [81b215ec] 04:04:18.725 [ReconcilerExecutor-hivemq-controller-109] DEBUG c.h.p.o.HiveMQPlatformReconciler - [helmmqtt] StatefulSet Spec (replicas: 1, init containers: 1, containers: 1, volumes: 3)
2025-01-30 04:04:18,730 INFO c.h.h.t.HelmChartContainer - [hivemq-test-hivemq-platform] [hivemq-platform-operator] [81b215ec] 04:04:18.727 [ReconcilerExecutor-hivemq-controller-109] DEBUG c.h.p.o.h.HiveMQPlatformReconcilerErrorHandler - [helmmqtt] Pod 'test-hivemq-platform-0' phase Pending
2025-01-30 04:04:18,730 INFO c.h.h.t.HelmChartContainer - [hivemq-test-hivemq-platform] [hivemq-platform-operator] [81b215ec] 04:04:18.728 [ReconcilerExecutor-hivemq-controller-109] DEBUG c.h.p.o.h.HiveMQPlatformReconcilerErrorHandler - [helmmqtt] Pod 'test-hivemq-platform-0' condition 'PodReadyToStartContainers': True
2025-01-30 04:04:18,730 INFO c.h.h.t.HelmChartContainer - [hivemq-test-hivemq-platform] [hivemq-platform-operator] [81b215ec] 04:04:18.728 [ReconcilerExecutor-hivemq-controller-109] DEBUG c.h.p.o.h.HiveMQPlatformReconcilerErrorHandler - [helmmqtt] Pod 'test-hivemq-platform-0' condition 'Initialized': True
2025-01-30 04:04:18,730 INFO c.h.h.t.HelmChartContainer - [hivemq-test-hivemq-platform] [hivemq-platform-operator] [81b215ec] 04:04:18.728 [ReconcilerExecutor-hivemq-controller-109] DEBUG c.h.p.o.h.HiveMQPlatformReconcilerErrorHandler - [helmmqtt] Pod 'test-hivemq-platform-0' condition 'Ready': False
2025-01-30 04:04:18,730 INFO c.h.h.t.HelmChartContainer - [hivemq-test-hivemq-platform] [hivemq-platform-operator] [81b215ec] 04:04:18.728 [ReconcilerExecutor-hivemq-controller-109] DEBUG c.h.p.o.h.HiveMQPlatformReconcilerErrorHandler - [helmmqtt] Pod 'test-hivemq-platform-0' condition 'ContainersReady': False
2025-01-30 04:04:18,730 INFO c.h.h.t.HelmChartContainer - [hivemq-test-hivemq-platform] [hivemq-platform-operator] [81b215ec] 04:04:18.728 [ReconcilerExecutor-hivemq-controller-109] DEBUG c.h.p.o.h.HiveMQPlatformReconcilerErrorHandler - [helmmqtt] Pod 'test-hivemq-platform-0' condition 'PodScheduled': True
2025-01-30 04:04:18,730 INFO c.h.h.t.HelmChartContainer - [hivemq-test-hivemq-platform] [hivemq-platform-operator] [81b215ec] 04:04:18.728 [ReconcilerExecutor-hivemq-controller-109] DEBUG c.h.p.o.h.HiveMQPlatformReconcilerErrorHandler - [helmmqtt] Pod 'test-hivemq-platform-0' containerStatus 'hivemq' (started: false) (ready: false) (waiting: [PodInitializing] null)
2025-01-30 04:04:18,730 INFO c.h.h.t.HelmChartContainer - [hivemq-test-hivemq-platform] [hivemq-platform-operator] [81b215ec] 04:04:18.729 [ReconcilerExecutor-hivemq-controller-109] INFO  c.h.p.o.h.HiveMQPlatformReconcilerBaseHandler - [helmmqtt] HiveMQ Platform is starting, 0 of 1 replicas are ready
2025-01-30 04:04:18,868 INFO c.h.h.t.HelmChartContainer - [EVENT] Normal [Created] Created container: hivemq [helmmqttit:test-hivemq-platform-0]
2025-01-30 04:04:18,868 INFO c.h.h.t.HelmChartContainer - Received Created event for container hivemq in pod test-hivemq-platform-0 [eaa183f8-5979-42bc-8b85-471abe1604b2]
2025-01-30 04:04:19,510 INFO c.h.h.t.HelmChartContainer - [POD] test-hivemq-platform-0 [eaa183f8-5979-42bc-8b85-471abe1604b2] in helmmqttit was MODIFIED
2025-01-30 04:04:19,517 INFO c.h.h.t.HelmChartContainer - [EVENT] Normal [Started] Started container hivemq [helmmqttit:test-hivemq-platform-0]
2025-01-30 04:04:19,518 INFO c.h.h.t.HelmChartContainer - Received Started event for container hivemq in pod test-hivemq-platform-0 [eaa183f8-5979-42bc-8b85-471abe1604b2]
2025-01-30 04:04:19,519 INFO c.h.h.t.HelmChartContainer - Started log watcher for hivemq in pod test-hivemq-platform-0 [eaa183f8-5979-42bc-8b85-471abe1604b2]
2025-01-30 04:04:19,519 INFO c.h.h.t.HelmChartContainer - [test-hivemq-platform] [hivemq] [eaa183f8] Adding pre-installed HiveMQ Platform Operator extensions
2025-01-30 04:04:19,519 INFO c.h.h.t.HelmChartContainer - [test-hivemq-platform] [hivemq] [eaa183f8] Running as user 10000
2025-01-30 04:04:19,519 INFO c.h.h.t.HelmChartContainer - [test-hivemq-platform] [hivemq] [eaa183f8] Starting HiveMQ Platform Operator Init
2025-01-30 04:04:19,524 INFO c.h.h.t.HelmChartContainer - [hivemq-test-hivemq-platform] [hivemq-platform-operator] [81b215ec] 04:04:19.520 [pool-6-thread-25] DEBUG c.h.p.o.d.PlatformServiceResource - [helmmqtt] Desired Platform services (2 services)
2025-01-30 04:04:19,524 INFO c.h.h.t.HelmChartContainer - [hivemq-test-hivemq-platform] [hivemq-platform-operator] [81b215ec] 04:04:19.521 [pool-6-thread-22] DEBUG c.h.p.o.dependants.PodInfoConfigMap - [helmmqtt] Desired PodInfo ConfigMap (1 extensions) (1 enabled)
2025-01-30 04:04:19,524 INFO c.h.h.t.HelmChartContainer - [hivemq-test-hivemq-platform] [hivemq-platform-operator] [81b215ec] 04:04:19.521 [pool-6-thread-22] DEBUG c.h.p.o.dependants.PodInfoConfigMap - [helmmqtt] Desired PodInfo ConfigMap (metrics port: 9399) (metrics path: /)
2025-01-30 04:04:19,525 INFO c.h.h.t.HelmChartContainer - [hivemq-test-hivemq-platform] [hivemq-platform-operator] [81b215ec] 04:04:19.522 [pool-6-thread-22] DEBUG c.h.p.o.dependants.PodInfoConfigMap - [helmmqtt] Desired PodInfo ConfigMap (extension state hash: -1817474005)
2025-01-30 04:04:19,525 INFO c.h.h.t.HelmChartContainer - [hivemq-test-hivemq-platform] [hivemq-platform-operator] [81b215ec] 04:04:19.523 [pool-6-thread-21] DEBUG c.h.p.o.d.PodServiceAccountResource - [helmmqtt] Desired PodServiceAccountResource (serviceAccountName: hivemq-platform-pod-test-hivemq-platform)
2025-01-30 04:04:19,534 INFO c.h.h.t.HelmChartContainer - [hivemq-test-hivemq-platform] [hivemq-platform-operator] [81b215ec] 04:04:19.529 [pool-6-thread-25] DEBUG c.h.p.o.d.StatefulSetResource - [helmmqtt] Desired StatefulSet (1 replicas) for status STARTING (READY)
2025-01-30 04:04:19,536 INFO c.h.h.t.HelmChartContainer - [hivemq-test-hivemq-platform] [hivemq-platform-operator] [81b215ec] 04:04:19.535 [ReconcilerExecutor-hivemq-controller-110] INFO  c.h.p.o.HiveMQPlatformReconciler - [helmmqtt] Reconciling HiveMQ Platform 'test-hivemq-platform' in namespace 'helmmqttit'
2025-01-30 04:04:19,537 INFO c.h.h.t.HelmChartContainer - [hivemq-test-hivemq-platform] [hivemq-platform-operator] [81b215ec] 04:04:19.536 [ReconcilerExecutor-hivemq-controller-110] DEBUG c.h.p.o.HiveMQPlatformReconciler - [helmmqtt] Custom Resource Status STARTING - HiveMQ Platform is starting (READY)
2025-01-30 04:04:19,539 INFO c.h.h.t.HelmChartContainer - [hivemq-test-hivemq-platform] [hivemq-platform-operator] [81b215ec] 04:04:19.536 [ReconcilerExecutor-hivemq-controller-110] DEBUG c.h.p.o.HiveMQPlatformReconciler - [helmmqtt] Custom Resource Spec (replicas: 1) (extensions: 1)
2025-01-30 04:04:19,614 INFO c.h.h.t.HelmChartContainer - [hivemq-test-hivemq-platform] [hivemq-platform-operator] [81b215ec] 04:04:19.612 [ReconcilerExecutor-hivemq-controller-110] DEBUG c.h.p.o.HiveMQPlatformReconciler - [helmmqtt] StatefulSet Status (revision: test-hivemq-platform-7bbc5894fb, replicas: 1, available: 0, ready: 0, current: 1, updated: 1)
2025-01-30 04:04:19,614 INFO c.h.h.t.HelmChartContainer - [hivemq-test-hivemq-platform] [hivemq-platform-operator] [81b215ec] 04:04:19.612 [ReconcilerExecutor-hivemq-controller-110] DEBUG c.h.p.o.HiveMQPlatformReconciler - [helmmqtt] StatefulSet Spec (replicas: 1, init containers: 1, containers: 1, volumes: 3)
2025-01-30 04:04:19,615 INFO c.h.h.t.HelmChartContainer - [hivemq-test-hivemq-platform] [hivemq-platform-operator] [81b215ec] 04:04:19.614 [ReconcilerExecutor-hivemq-controller-110] DEBUG c.h.p.o.h.HiveMQPlatformReconcilerErrorHandler - [helmmqtt] Pod 'test-hivemq-platform-0' phase Running
2025-01-30 04:04:19,616 INFO c.h.h.t.HelmChartContainer - [hivemq-test-hivemq-platform] [hivemq-platform-operator] [81b215ec] 04:04:19.615 [ReconcilerExecutor-hivemq-controller-110] INFO  c.h.p.o.h.HiveMQPlatformReconcilerBaseHandler - [helmmqtt] HiveMQ Platform is starting, 0 of 1 replicas are ready
2025-01-30 04:04:20,093 INFO c.h.h.t.HelmChartContainer - [test-hivemq-platform] [hivemq] [eaa183f8] INFO  - [HiveMQ Platform Operator Init 1.7.0-SNAPSHOT] HiveMQ Platform Operator Init 1.7.0-SNAPSHOT (commit: 47e3375 on branch: HEAD) built on Thu Jan 30 03:55:50 UTC 2025
2025-01-30 04:04:21,136 INFO c.h.h.t.HelmChartContainer - [test-hivemq-platform] [hivemq] [eaa183f8] INFO  - [HiveMQ Platform Operator Init App 1.7.0-SNAPSHOT] Using bind address 10.42.0.11 from environment variable
2025-01-30 04:04:21,997 INFO c.h.h.t.HelmChartContainer - [test-hivemq-platform] [hivemq] [eaa183f8] INFO  - [HiveMQ Platform Operator Init App 1.7.0-SNAPSHOT] HiveMQ Platform Operator Init App 1.7.0-SNAPSHOT (commit: 47e3375 on branch: HEAD) built on Thu Jan 30 03:55:50 UTC 2025
2025-01-30 04:04:21,997 INFO c.h.h.t.HelmChartContainer - [test-hivemq-platform] [hivemq] [eaa183f8] INFO  - [HiveMQ Platform Operator Init App 1.7.0-SNAPSHOT] PodInfo ConfigMap directory: /etc/podinfo
2025-01-30 04:04:21,997 INFO c.h.h.t.HelmChartContainer - [test-hivemq-platform] [hivemq] [eaa183f8] INFO  - [HiveMQ Platform Operator Init App 1.7.0-SNAPSHOT] HiveMQ home directory: /opt/hivemq
2025-01-30 04:04:21,997 INFO c.h.h.t.HelmChartContainer - [test-hivemq-platform] [hivemq] [eaa183f8] INFO  - [HiveMQ Platform Operator Init App 1.7.0-SNAPSHOT] HiveMQ Logback folder: /opt/hivemq/conf
2025-01-30 04:04:21,998 INFO c.h.h.t.HelmChartContainer - [test-hivemq-platform] [hivemq] [eaa183f8] INFO  - [HiveMQ Platform Operator Init App 1.7.0-SNAPSHOT] HiveMQ Config folder: /opt/hivemq/conf-k8s
2025-01-30 04:04:21,998 INFO c.h.h.t.HelmChartContainer - [test-hivemq-platform] [hivemq] [eaa183f8] INFO  - [HiveMQ Platform Operator Init App 1.7.0-SNAPSHOT] Starting HiveMQ Platform Operator Init App
2025-01-30 04:04:21,999 INFO c.h.h.t.HelmChartContainer - [test-hivemq-platform] [hivemq] [eaa183f8] INFO  - [HiveMQ Platform Operator Init App 1.7.0-SNAPSHOT] Starting Pod reconciler
2025-01-30 04:04:23,201 INFO c.h.h.t.HelmChartContainer - [test-hivemq-platform] [hivemq] [eaa183f8] INFO  - [HiveMQ Platform Operator Init App 1.7.0-SNAPSHOT] Pod reconciler is scheduled (interval: 5000 ms)
2025-01-30 04:04:23,202 INFO c.h.h.t.HelmChartContainer - [test-hivemq-platform] [hivemq] [eaa183f8] INFO  - [HiveMQ Platform Operator Init App 1.7.0-SNAPSHOT] Starting the REST API on 10.42.0.11:7979
2025-01-30 04:04:23,234 INFO c.h.h.t.HelmChartContainer - [test-hivemq-platform] [hivemq] [eaa183f8] INFO  - [HiveMQ Platform Operator Init App 1.7.0-SNAPSHOT] Waiting up to 600s for at most 1 HiveMQ nodes in cluster service hivemq-test-hivemq-platform-cluster.helmmqttit.svc
2025-01-30 04:04:23,588 INFO c.h.h.t.HelmChartContainer - [test-hivemq-platform] [hivemq] [eaa183f8] INFO  - [HiveMQ Platform Operator Init App 1.7.0-SNAPSHOT] Resolved 1 IP addresses: [10.42.0.11]
2025-01-30 04:04:23,588 INFO c.h.h.t.HelmChartContainer - [test-hivemq-platform] [hivemq] [eaa183f8] INFO  - [HiveMQ Platform Operator Init App 1.7.0-SNAPSHOT] HiveMQ node count of 1 is within threshold of 1
2025-01-30 04:04:23,588 INFO c.h.h.t.HelmChartContainer - [test-hivemq-platform] [hivemq] [eaa183f8] INFO  - [HiveMQ Platform Operator Init App 1.7.0-SNAPSHOT] Proceeding with container start
2025-01-30 04:04:23,642 INFO c.h.h.t.HelmChartContainer - [test-hivemq-platform] [hivemq] [eaa183f8] INFO  - [HiveMQ Platform Operator Init App 1.7.0-SNAPSHOT] Initializing HiveMQ Platform extensions with initial configuration: {hivemq-allow-all-extension={start-priority=-1, skip-https-hostname-verification=false, restart=true, config-version=0, header-version=0, c-uri=, priority=-1, uri=preinstalled, skip-https-certificate-validation=false, enabled=true}, hivemq-prometheus-extension={enabled=true, request-header-path=no-request-headers, uri=preinstalled, skip-https-certificate-validation=false, skip-https-hostname-verification=false, c-uri=, start-priority=-1, priority=-1, restart=true}}
2025-01-30 04:04:24,084 INFO c.h.h.t.HelmChartContainer - [test-hivemq-platform] [hivemq] [eaa183f8] INFO  - [HiveMQ Platform Operator Init App 1.7.0-SNAPSHOT] Extension hivemq-allow-all-extension was already enabled
2025-01-30 04:04:24,095 INFO c.h.h.t.HelmChartContainer - [test-hivemq-platform] [hivemq] [eaa183f8] INFO  - [HiveMQ Platform Operator Init App 1.7.0-SNAPSHOT] Successfully enabled extension hivemq-prometheus-extension
2025-01-30 04:04:24,134 INFO c.h.h.t.HelmChartContainer - [test-hivemq-platform] [hivemq] [eaa183f8] INFO  - [HiveMQ Platform Operator Init App 1.7.0-SNAPSHOT] Starting HiveMQ Platform version 4.36.0 (4.36.0)
2025-01-30 04:04:24,134 INFO c.h.h.t.HelmChartContainer - [test-hivemq-platform] [hivemq] [eaa183f8] INFO  - [HiveMQ Platform Operator Init App 1.7.0-SNAPSHOT] Configuring the HiveMQ Platform
2025-01-30 04:04:24,185 INFO c.h.h.t.HelmChartContainer - [test-hivemq-platform] [hivemq] [eaa183f8] INFO  - [HiveMQ Platform Operator Init App 1.7.0-SNAPSHOT] Changed logback.xml file scan period to 20 seconds
2025-01-30 04:04:24,238 INFO c.h.h.t.HelmChartContainer - [test-hivemq-platform] [hivemq] [eaa183f8] INFO  - [HiveMQ Platform Operator Init App 1.7.0-SNAPSHOT] Starting the HiveMQ Platform
2025-01-30 04:04:24,284 INFO c.h.h.t.HelmChartContainer - [test-hivemq-platform] [hivemq] [eaa183f8] -------------------------------------------------------------------------
2025-01-30 04:04:24,284 INFO c.h.h.t.HelmChartContainer - [test-hivemq-platform] [hivemq] [eaa183f8] 
2025-01-30 04:04:24,284 INFO c.h.h.t.HelmChartContainer - [test-hivemq-platform] [hivemq] [eaa183f8]                   _    _  _              __  __   ____
2025-01-30 04:04:24,284 INFO c.h.h.t.HelmChartContainer - [test-hivemq-platform] [hivemq] [eaa183f8]                  | |  | |(_)            |  \/  | / __ \
2025-01-30 04:04:24,284 INFO c.h.h.t.HelmChartContainer - [test-hivemq-platform] [hivemq] [eaa183f8]                  | |__| | _ __   __ ___ | \  / || |  | |
2025-01-30 04:04:24,284 INFO c.h.h.t.HelmChartContainer - [test-hivemq-platform] [hivemq] [eaa183f8]                  |  __  || |\ \ / // _ \| |\/| || |  | |
2025-01-30 04:04:24,284 INFO c.h.h.t.HelmChartContainer - [test-hivemq-platform] [hivemq] [eaa183f8]                  | |  | || | \ V /|  __/| |  | || |__| |
2025-01-30 04:04:24,284 INFO c.h.h.t.HelmChartContainer - [test-hivemq-platform] [hivemq] [eaa183f8]                  |_|  |_||_|  \_/  \___||_|  |_| \___\_\
2025-01-30 04:04:24,284 INFO c.h.h.t.HelmChartContainer - [test-hivemq-platform] [hivemq] [eaa183f8] 
2025-01-30 04:04:24,284 INFO c.h.h.t.HelmChartContainer - [test-hivemq-platform] [hivemq] [eaa183f8] -------------------------------------------------------------------------
2025-01-30 04:04:24,284 INFO c.h.h.t.HelmChartContainer - [test-hivemq-platform] [hivemq] [eaa183f8] 
2025-01-30 04:04:24,284 INFO c.h.h.t.HelmChartContainer - [test-hivemq-platform] [hivemq] [eaa183f8]   HiveMQ Start Script for Linux/Unix v1.14
2025-01-30 04:04:24,284 INFO c.h.h.t.HelmChartContainer - [test-hivemq-platform] [hivemq] [eaa183f8] 
2025-01-30 04:04:24,334 INFO c.h.h.t.HelmChartContainer - [test-hivemq-platform] [hivemq] [eaa183f8] -------------------------------------------------------------------------
2025-01-30 04:04:24,334 INFO c.h.h.t.HelmChartContainer - [test-hivemq-platform] [hivemq] [eaa183f8] 
2025-01-30 04:04:24,334 INFO c.h.h.t.HelmChartContainer - [test-hivemq-platform] [hivemq] [eaa183f8]   HIVEMQ_HOME: /opt/hivemq
2025-01-30 04:04:24,335 INFO c.h.h.t.HelmChartContainer - [test-hivemq-platform] [hivemq] [eaa183f8] 
2025-01-30 04:04:24,335 INFO c.h.h.t.HelmChartContainer - [test-hivemq-platform] [hivemq] [eaa183f8]   JAVA_OPTS: -XX:+UnlockExperimentalVMOptions -XX:InitialRAMPercentage=50 -XX:MaxRAMPercentage=50 -Djava.net.preferIPv4Stack=true --add-opens java.base/java.lang=ALL-UNNAMED --add-opens java.base/java.nio=ALL-UNNAMED --add-opens java.base/sun.nio.ch=ALL-UNNAMED --add-opens jdk.management/com.sun.management.internal=ALL-UNNAMED --add-exports java.base/jdk.internal.misc=ALL-UNNAMED -Djava.security.egd=file:/dev/./urandom -Dcom.sun.management.jmxremote -Dcom.sun.management.jmxremote.port=9010 -Dcom.sun.management.jmxremote.local.only=false -Dcom.sun.management.jmxremote.authenticate=false -Dcom.sun.management.jmxremote.ssl=false -Duser.language=en -Duser.region=US -XX:+CrashOnOutOfMemoryError -XX:+HeapDumpOnOutOfMemoryError
2025-01-30 04:04:24,335 INFO c.h.h.t.HelmChartContainer - [test-hivemq-platform] [hivemq] [eaa183f8] 
2025-01-30 04:04:24,335 INFO c.h.h.t.HelmChartContainer - [test-hivemq-platform] [hivemq] [eaa183f8]   JAVA_VERSION: 21
2025-01-30 04:04:24,335 INFO c.h.h.t.HelmChartContainer - [test-hivemq-platform] [hivemq] [eaa183f8] 
2025-01-30 04:04:24,335 INFO c.h.h.t.HelmChartContainer - [test-hivemq-platform] [hivemq] [eaa183f8] -------------------------------------------------------------------------
2025-01-30 04:04:24,335 INFO c.h.h.t.HelmChartContainer - [test-hivemq-platform] [hivemq] [eaa183f8] 
2025-01-30 04:04:24,587 INFO c.h.h.t.HelmChartContainer - [test-hivemq-platform] [hivemq] [eaa183f8] INFO  - [HiveMQ Platform Operator Init App 1.7.0-SNAPSHOT] Returning default Health API response 503 for readiness
2025-01-30 04:04:24,845 INFO c.h.h.t.HelmChartContainer - [EVENT] Warning [Unhealthy] Readiness probe failed: HTTP probe failed with statuscode: 503 [helmmqttit:test-hivemq-platform-0]
2025-01-30 04:04:24,845 INFO c.h.h.t.HelmChartContainer - Received Unhealthy event for container hivemq in pod test-hivemq-platform-0 [eaa183f8-5979-42bc-8b85-471abe1604b2]
2025-01-30 04:04:24,888 INFO c.h.h.t.HelmChartContainer - [EVENT] Warning [Unhealthy] Readiness probe failed: HTTP probe failed with statuscode: 503 [helmmqttit:test-hivemq-platform-0]
2025-01-30 04:04:24,888 INFO c.h.h.t.HelmChartContainer - Received Unhealthy event for container hivemq in pod test-hivemq-platform-0 [eaa183f8-5979-42bc-8b85-471abe1604b2]
2025-01-30 04:04:26,883 INFO c.h.h.t.HelmChartContainer - [test-hivemq-platform] [hivemq] [eaa183f8] INFO  - Starting HiveMQ Enterprise Server
2025-01-30 04:04:26,890 INFO c.h.h.t.HelmChartContainer - [test-hivemq-platform] [hivemq] [eaa183f8] INFO  - HiveMQ version: 4.36.0
2025-01-30 04:04:26,890 INFO c.h.h.t.HelmChartContainer - [test-hivemq-platform] [hivemq] [eaa183f8] INFO  - HiveMQ home directory: /opt/hivemq
2025-01-30 04:04:26,891 INFO c.h.h.t.HelmChartContainer - [test-hivemq-platform] [hivemq] [eaa183f8] INFO  - Log Configuration was overridden by /opt/hivemq/conf/logback.xml
2025-01-30 04:04:28,134 INFO c.h.h.t.HelmChartContainer - [test-hivemq-platform] [hivemq] [eaa183f8] INFO  - Successfully loaded configuration from '/opt/hivemq/conf-k8s/config.xml'.
2025-01-30 04:04:28,688 INFO c.h.h.t.HelmChartContainer - [test-hivemq-platform] [hivemq] [eaa183f8] INFO  - This node's ID is QoMwd
2025-01-30 04:04:28,688 INFO c.h.h.t.HelmChartContainer - [test-hivemq-platform] [hivemq] [eaa183f8] INFO  - Clustering is enabled
2025-01-30 04:04:29,620 INFO c.h.h.t.HelmChartContainer - [hivemq-test-hivemq-platform] [hivemq-platform-operator] [81b215ec] 04:04:29.619 [pool-6-thread-32] DEBUG c.h.p.o.d.PlatformServiceResource - [helmmqtt] Desired Platform services (2 services)
2025-01-30 04:04:29,623 INFO c.h.h.t.HelmChartContainer - [hivemq-test-hivemq-platform] [hivemq-platform-operator] [81b215ec] 04:04:29.622 [pool-6-thread-37] DEBUG c.h.p.o.dependants.PodInfoConfigMap - [helmmqtt] Desired PodInfo ConfigMap (1 extensions) (1 enabled)
2025-01-30 04:04:29,623 INFO c.h.h.t.HelmChartContainer - [hivemq-test-hivemq-platform] [hivemq-platform-operator] [81b215ec] 04:04:29.622 [pool-6-thread-37] DEBUG c.h.p.o.dependants.PodInfoConfigMap - [helmmqtt] Desired PodInfo ConfigMap (metrics port: 9399) (metrics path: /)
2025-01-30 04:04:29,623 INFO c.h.h.t.HelmChartContainer - [hivemq-test-hivemq-platform] [hivemq-platform-operator] [81b215ec] 04:04:29.622 [pool-6-thread-35] DEBUG c.h.p.o.d.PodServiceAccountResource - [helmmqtt] Desired PodServiceAccountResource (serviceAccountName: hivemq-platform-pod-test-hivemq-platform)
2025-01-30 04:04:29,623 INFO c.h.h.t.HelmChartContainer - [hivemq-test-hivemq-platform] [hivemq-platform-operator] [81b215ec] 04:04:29.622 [pool-6-thread-37] DEBUG c.h.p.o.dependants.PodInfoConfigMap - [helmmqtt] Desired PodInfo ConfigMap (extension state hash: -1817474005)
2025-01-30 04:04:29,626 INFO c.h.h.t.HelmChartContainer - [hivemq-test-hivemq-platform] [hivemq-platform-operator] [81b215ec] 04:04:29.626 [pool-6-thread-32] DEBUG c.h.p.o.d.StatefulSetResource - [helmmqtt] Desired StatefulSet (1 replicas) for status STARTING (READY)
2025-01-30 04:04:29,631 INFO c.h.h.t.HelmChartContainer - [hivemq-test-hivemq-platform] [hivemq-platform-operator] [81b215ec] 04:04:29.630 [ReconcilerExecutor-hivemq-controller-111] INFO  c.h.p.o.HiveMQPlatformReconciler - [helmmqtt] Reconciling HiveMQ Platform 'test-hivemq-platform' in namespace 'helmmqttit'
2025-01-30 04:04:29,634 INFO c.h.h.t.HelmChartContainer - [hivemq-test-hivemq-platform] [hivemq-platform-operator] [81b215ec] 04:04:29.631 [ReconcilerExecutor-hivemq-controller-111] DEBUG c.h.p.o.HiveMQPlatformReconciler - [helmmqtt] Custom Resource Status STARTING - HiveMQ Platform is starting (READY)
2025-01-30 04:04:29,634 INFO c.h.h.t.HelmChartContainer - [hivemq-test-hivemq-platform] [hivemq-platform-operator] [81b215ec] 04:04:29.631 [ReconcilerExecutor-hivemq-controller-111] DEBUG c.h.p.o.HiveMQPlatformReconciler - [helmmqtt] Custom Resource Spec (replicas: 1) (extensions: 1)
2025-01-30 04:04:29,634 INFO c.h.h.t.HelmChartContainer - [hivemq-test-hivemq-platform] [hivemq-platform-operator] [81b215ec] 04:04:29.632 [ReconcilerExecutor-hivemq-controller-111] DEBUG c.h.p.o.HiveMQPlatformReconciler - [helmmqtt] StatefulSet Status (revision: test-hivemq-platform-7bbc5894fb, replicas: 1, available: 0, ready: 0, current: 1, updated: 1)
2025-01-30 04:04:29,636 INFO c.h.h.t.HelmChartContainer - [hivemq-test-hivemq-platform] [hivemq-platform-operator] [81b215ec] 04:04:29.635 [ReconcilerExecutor-hivemq-controller-111] DEBUG c.h.p.o.HiveMQPlatformReconciler - [helmmqtt] StatefulSet Spec (replicas: 1, init containers: 1, containers: 1, volumes: 3)
2025-01-30 04:04:29,637 INFO c.h.h.t.HelmChartContainer - [hivemq-test-hivemq-platform] [hivemq-platform-operator] [81b215ec] 04:04:29.636 [ReconcilerExecutor-hivemq-controller-111] DEBUG c.h.p.o.h.HiveMQPlatformReconcilerErrorHandler - [helmmqtt] Pod 'test-hivemq-platform-0' phase Running
2025-01-30 04:04:29,638 INFO c.h.h.t.HelmChartContainer - [hivemq-test-hivemq-platform] [hivemq-platform-operator] [81b215ec] 04:04:29.637 [ReconcilerExecutor-hivemq-controller-111] INFO  c.h.p.o.h.HiveMQPlatformReconcilerBaseHandler - [helmmqtt] HiveMQ Platform is starting, 0 of 1 replicas are ready
2025-01-30 04:04:30,388 INFO c.h.h.t.HelmChartContainer - [test-hivemq-platform] [hivemq] [eaa183f8] WARN  - [HiveMQ Platform Operator Init App 1.7.0-SNAPSHOT] Cannot connect to Health API for readiness: null
2025-01-30 04:04:30,394 INFO c.h.h.t.HelmChartContainer - [EVENT] Warning [Unhealthy] Readiness probe failed: HTTP probe failed with statuscode: 503 [helmmqttit:test-hivemq-platform-0]
2025-01-30 04:04:30,394 INFO c.h.h.t.HelmChartContainer - Received Unhealthy event for container hivemq in pod test-hivemq-platform-0 [eaa183f8-5979-42bc-8b85-471abe1604b2]
2025-01-30 04:04:33,582 INFO c.h.h.t.HelmChartContainer - [test-hivemq-platform] [hivemq] [eaa183f8] Jan 30, 2025 4:04:33 AM io.vertx.core.impl.BlockedThreadChecker
2025-01-30 04:04:33,582 INFO c.h.h.t.HelmChartContainer - [test-hivemq-platform] [hivemq] [eaa183f8] WARNING: Thread Thread[vert.x-eventloop-thread-1,5,main] has been blocked for 2498 ms, time limit is 2000 ms
2025-01-30 04:04:34,191 INFO c.h.h.t.HelmChartContainer - [test-hivemq-platform] [hivemq] [eaa183f8] INFO  - [HiveMQ Platform Operator Init App 1.7.0-SNAPSHOT] Updating Pod HiveMQ Platform Operator Init App version annotation (version: 1.7.0-SNAPSHOT)
2025-01-30 04:04:34,800 INFO c.h.h.t.HelmChartContainer - [POD] test-hivemq-platform-0 [eaa183f8-5979-42bc-8b85-471abe1604b2] in helmmqttit was MODIFIED
2025-01-30 04:04:34,808 INFO c.h.h.t.HelmChartContainer - [hivemq-test-hivemq-platform] [hivemq-platform-operator] [81b215ec] 04:04:34.805 [pool-6-thread-48] DEBUG c.h.p.o.d.PodServiceAccountResource - [helmmqtt] Desired PodServiceAccountResource (serviceAccountName: hivemq-platform-pod-test-hivemq-platform)
2025-01-30 04:04:34,809 INFO c.h.h.t.HelmChartContainer - [hivemq-test-hivemq-platform] [hivemq-platform-operator] [81b215ec] 04:04:34.805 [pool-6-thread-47] DEBUG c.h.p.o.d.PlatformServiceResource - [helmmqtt] Desired Platform services (2 services)
2025-01-30 04:04:34,809 INFO c.h.h.t.HelmChartContainer - [hivemq-test-hivemq-platform] [hivemq-platform-operator] [81b215ec] 04:04:34.805 [pool-6-thread-46] DEBUG c.h.p.o.dependants.PodInfoConfigMap - [helmmqtt] Desired PodInfo ConfigMap (1 extensions) (1 enabled)
2025-01-30 04:04:34,810 INFO c.h.h.t.HelmChartContainer - [hivemq-test-hivemq-platform] [hivemq-platform-operator] [81b215ec] 04:04:34.807 [pool-6-thread-46] DEBUG c.h.p.o.dependants.PodInfoConfigMap - [helmmqtt] Desired PodInfo ConfigMap (metrics port: 9399) (metrics path: /)
2025-01-30 04:04:34,810 INFO c.h.h.t.HelmChartContainer - [hivemq-test-hivemq-platform] [hivemq-platform-operator] [81b215ec] 04:04:34.807 [pool-6-thread-46] DEBUG c.h.p.o.dependants.PodInfoConfigMap - [helmmqtt] Desired PodInfo ConfigMap (extension state hash: -1817474005)
2025-01-30 04:04:34,811 INFO c.h.h.t.HelmChartContainer - [hivemq-test-hivemq-platform] [hivemq-platform-operator] [81b215ec] 04:04:34.810 [pool-6-thread-50] DEBUG c.h.p.o.d.StatefulSetResource - [helmmqtt] Desired StatefulSet (1 replicas) for status STARTING (READY)
2025-01-30 04:04:34,814 INFO c.h.h.t.HelmChartContainer - [hivemq-test-hivemq-platform] [hivemq-platform-operator] [81b215ec] 04:04:34.813 [ReconcilerExecutor-hivemq-controller-112] INFO  c.h.p.o.HiveMQPlatformReconciler - [helmmqtt] Reconciling HiveMQ Platform 'test-hivemq-platform' in namespace 'helmmqttit'
2025-01-30 04:04:34,814 INFO c.h.h.t.HelmChartContainer - [hivemq-test-hivemq-platform] [hivemq-platform-operator] [81b215ec] 04:04:34.814 [ReconcilerExecutor-hivemq-controller-112] DEBUG c.h.p.o.HiveMQPlatformReconciler - [helmmqtt] Custom Resource Status STARTING - HiveMQ Platform is starting (READY)
2025-01-30 04:04:34,815 INFO c.h.h.t.HelmChartContainer - [hivemq-test-hivemq-platform] [hivemq-platform-operator] [81b215ec] 04:04:34.814 [ReconcilerExecutor-hivemq-controller-112] DEBUG c.h.p.o.HiveMQPlatformReconciler - [helmmqtt] Custom Resource Spec (replicas: 1) (extensions: 1)
2025-01-30 04:04:34,820 INFO c.h.h.t.HelmChartContainer - [hivemq-test-hivemq-platform] [hivemq-platform-operator] [81b215ec] 04:04:34.818 [ReconcilerExecutor-hivemq-controller-112] DEBUG c.h.p.o.HiveMQPlatformReconciler - [helmmqtt] StatefulSet Status (revision: test-hivemq-platform-7bbc5894fb, replicas: 1, available: 0, ready: 0, current: 1, updated: 1)
2025-01-30 04:04:34,820 INFO c.h.h.t.HelmChartContainer - [hivemq-test-hivemq-platform] [hivemq-platform-operator] [81b215ec] 04:04:34.818 [ReconcilerExecutor-hivemq-controller-112] DEBUG c.h.p.o.HiveMQPlatformReconciler - [helmmqtt] StatefulSet Spec (replicas: 1, init containers: 1, containers: 1, volumes: 3)
2025-01-30 04:04:34,882 INFO c.h.h.t.HelmChartContainer - [hivemq-test-hivemq-platform] [hivemq-platform-operator] [81b215ec] 04:04:34.847 [ReconcilerExecutor-hivemq-controller-112] DEBUG c.h.p.o.h.HiveMQPlatformReconcilerErrorHandler - [helmmqtt] Pod 'test-hivemq-platform-0' phase Running
2025-01-30 04:04:34,882 INFO c.h.h.t.HelmChartContainer - [hivemq-test-hivemq-platform] [hivemq-platform-operator] [81b215ec] 04:04:34.848 [ReconcilerExecutor-hivemq-controller-112] INFO  c.h.p.o.h.HiveMQPlatformReconcilerBaseHandler - [helmmqtt] HiveMQ Platform is starting, 0 of 1 replicas are ready
2025-01-30 04:04:34,884 INFO c.h.h.t.HelmChartContainer - [test-hivemq-platform] [hivemq] [eaa183f8] WARN  - [HiveMQ Platform Operator Init App 1.7.0-SNAPSHOT] Cannot connect to Health API for readiness: null
2025-01-30 04:04:34,891 INFO c.h.h.t.HelmChartContainer - [EVENT] Warning [Unhealthy] Readiness probe failed: HTTP probe failed with statuscode: 503 [helmmqttit:test-hivemq-platform-0]
2025-01-30 04:04:34,891 INFO c.h.h.t.HelmChartContainer - Received Unhealthy event for container hivemq in pod test-hivemq-platform-0 [eaa183f8-5979-42bc-8b85-471abe1604b2]
2025-01-30 04:04:34,891 INFO c.h.h.t.HelmChartContainer - [test-hivemq-platform] [hivemq] [eaa183f8] INFO  - [HiveMQ Platform Operator Init App 1.7.0-SNAPSHOT] Successfully updated Pod HiveMQ Platform Operator Init App version annotation (version: 1.7.0-SNAPSHOT)
2025-01-30 04:04:39,836 INFO c.h.h.t.HelmChartContainer - [test-hivemq-platform] [hivemq] [eaa183f8] WARN  - [HiveMQ Platform Operator Init App 1.7.0-SNAPSHOT] Cannot connect to Health API for readiness: null
2025-01-30 04:04:39,842 INFO c.h.h.t.HelmChartContainer - [EVENT] Warning [Unhealthy] Readiness probe failed: HTTP probe failed with statuscode: 503 [helmmqttit:test-hivemq-platform-0]
2025-01-30 04:04:39,842 INFO c.h.h.t.HelmChartContainer - Received Unhealthy event for container hivemq in pod test-hivemq-platform-0 [eaa183f8-5979-42bc-8b85-471abe1604b2]
2025-01-30 04:04:44,835 INFO c.h.h.t.HelmChartContainer - [test-hivemq-platform] [hivemq] [eaa183f8] WARN  - [HiveMQ Platform Operator Init App 1.7.0-SNAPSHOT] Cannot connect to Health API for readiness: null
2025-01-30 04:04:44,840 INFO c.h.h.t.HelmChartContainer - [EVENT] Warning [Unhealthy] Readiness probe failed: HTTP probe failed with statuscode: 503 [helmmqttit:test-hivemq-platform-0]
2025-01-30 04:04:44,840 INFO c.h.h.t.HelmChartContainer - Received Unhealthy event for container hivemq in pod test-hivemq-platform-0 [eaa183f8-5979-42bc-8b85-471abe1604b2]
2025-01-30 04:04:44,853 INFO c.h.h.t.HelmChartContainer - [hivemq-test-hivemq-platform] [hivemq-platform-operator] [81b215ec] 04:04:44.852 [pool-6-thread-3] DEBUG c.h.p.o.d.PlatformServiceResource - [helmmqtt] Desired Platform services (2 services)
2025-01-30 04:04:44,856 INFO c.h.h.t.HelmChartContainer - [hivemq-test-hivemq-platform] [hivemq-platform-operator] [81b215ec] 04:04:44.853 [pool-6-thread-2] DEBUG c.h.p.o.dependants.PodInfoConfigMap - [helmmqtt] Desired PodInfo ConfigMap (1 extensions) (1 enabled)
2025-01-30 04:04:44,856 INFO c.h.h.t.HelmChartContainer - [hivemq-test-hivemq-platform] [hivemq-platform-operator] [81b215ec] 04:04:44.853 [pool-6-thread-2] DEBUG c.h.p.o.dependants.PodInfoConfigMap - [helmmqtt] Desired PodInfo ConfigMap (metrics port: 9399) (metrics path: /)
2025-01-30 04:04:44,856 INFO c.h.h.t.HelmChartContainer - [hivemq-test-hivemq-platform] [hivemq-platform-operator] [81b215ec] 04:04:44.853 [pool-6-thread-2] DEBUG c.h.p.o.dependants.PodInfoConfigMap - [helmmqtt] Desired PodInfo ConfigMap (extension state hash: -1817474005)
2025-01-30 04:04:44,856 INFO c.h.h.t.HelmChartContainer - [hivemq-test-hivemq-platform] [hivemq-platform-operator] [81b215ec] 04:04:44.854 [pool-6-thread-2] DEBUG c.h.p.o.d.PodServiceAccountResource - [helmmqtt] Desired PodServiceAccountResource (serviceAccountName: hivemq-platform-pod-test-hivemq-platform)
2025-01-30 04:04:44,860 INFO c.h.h.t.HelmChartContainer - [hivemq-test-hivemq-platform] [hivemq-platform-operator] [81b215ec] 04:04:44.859 [pool-6-thread-3] DEBUG c.h.p.o.d.StatefulSetResource - [helmmqtt] Desired StatefulSet (1 replicas) for status STARTING (READY)
2025-01-30 04:04:44,863 INFO c.h.h.t.HelmChartContainer - [hivemq-test-hivemq-platform] [hivemq-platform-operator] [81b215ec] 04:04:44.862 [ReconcilerExecutor-hivemq-controller-113] INFO  c.h.p.o.HiveMQPlatformReconciler - [helmmqtt] Reconciling HiveMQ Platform 'test-hivemq-platform' in namespace 'helmmqttit'
2025-01-30 04:04:44,864 INFO c.h.h.t.HelmChartContainer - [hivemq-test-hivemq-platform] [hivemq-platform-operator] [81b215ec] 04:04:44.862 [ReconcilerExecutor-hivemq-controller-113] DEBUG c.h.p.o.HiveMQPlatformReconciler - [helmmqtt] Custom Resource Status STARTING - HiveMQ Platform is starting (READY)
2025-01-30 04:04:44,864 INFO c.h.h.t.HelmChartContainer - [hivemq-test-hivemq-platform] [hivemq-platform-operator] [81b215ec] 04:04:44.862 [ReconcilerExecutor-hivemq-controller-113] DEBUG c.h.p.o.HiveMQPlatformReconciler - [helmmqtt] Custom Resource Spec (replicas: 1) (extensions: 1)
2025-01-30 04:04:44,865 INFO c.h.h.t.HelmChartContainer - [hivemq-test-hivemq-platform] [hivemq-platform-operator] [81b215ec] 04:04:44.864 [ReconcilerExecutor-hivemq-controller-113] DEBUG c.h.p.o.HiveMQPlatformReconciler - [helmmqtt] StatefulSet Status (revision: test-hivemq-platform-7bbc5894fb, replicas: 1, available: 0, ready: 0, current: 1, updated: 1)
2025-01-30 04:04:44,865 INFO c.h.h.t.HelmChartContainer - [hivemq-test-hivemq-platform] [hivemq-platform-operator] [81b215ec] 04:04:44.864 [ReconcilerExecutor-hivemq-controller-113] DEBUG c.h.p.o.HiveMQPlatformReconciler - [helmmqtt] StatefulSet Spec (replicas: 1, init containers: 1, containers: 1, volumes: 3)
2025-01-30 04:04:44,867 INFO c.h.h.t.HelmChartContainer - [hivemq-test-hivemq-platform] [hivemq-platform-operator] [81b215ec] 04:04:44.865 [ReconcilerExecutor-hivemq-controller-113] DEBUG c.h.p.o.h.HiveMQPlatformReconcilerErrorHandler - [helmmqtt] Pod 'test-hivemq-platform-0' phase Running
2025-01-30 04:04:44,867 INFO c.h.h.t.HelmChartContainer - [hivemq-test-hivemq-platform] [hivemq-platform-operator] [81b215ec] 04:04:44.866 [ReconcilerExecutor-hivemq-controller-113] INFO  c.h.p.o.h.HiveMQPlatformReconcilerBaseHandler - [helmmqtt] HiveMQ Platform is starting, 0 of 1 replicas are ready
2025-01-30 04:04:45,346 INFO c.h.h.t.HelmChartContainer - [test-hivemq-platform] [hivemq] [eaa183f8] INFO  - No valid license file found. Using trial license, restricted to 25 connections.
2025-01-30 04:04:46,735 INFO c.h.h.t.HelmChartContainer - [test-hivemq-platform] [hivemq] [eaa183f8] WARN  - [HiveMQ Platform Operator Init App 1.7.0-SNAPSHOT] Cannot connect to Health API for liveness: null
2025-01-30 04:04:46,735 INFO c.h.h.t.HelmChartContainer - [test-hivemq-platform] [hivemq] [eaa183f8] INFO  - [HiveMQ Platform Operator Init App 1.7.0-SNAPSHOT] Returning default Health API response 200 for liveness
2025-01-30 04:04:47,875 INFO c.h.h.t.HelmChartContainer - [K3S] [range_allocator.go:247] "Successfully synced" key="969b9ea92551"
2025-01-30 04:04:49,037 INFO c.h.h.t.HelmChartContainer - [test-hivemq-platform] [hivemq] [eaa183f8] INFO  - No valid license file for Data Hub found. Using free license, restricted to 1 policy.
2025-01-30 04:04:49,837 INFO c.h.h.t.HelmChartContainer - [test-hivemq-platform] [hivemq] [eaa183f8] WARN  - [HiveMQ Platform Operator Init App 1.7.0-SNAPSHOT] Cannot connect to Health API for readiness: null
2025-01-30 04:04:49,840 INFO c.h.h.t.HelmChartContainer - [EVENT] Warning [Unhealthy] Readiness probe failed: HTTP probe failed with statuscode: 503 [helmmqttit:test-hivemq-platform-0]
2025-01-30 04:04:49,840 INFO c.h.h.t.HelmChartContainer - Received Unhealthy event for container hivemq in pod test-hivemq-platform-0 [eaa183f8-5979-42bc-8b85-471abe1604b2]
2025-01-30 04:04:50,247 INFO c.h.h.t.HelmChartContainer - [test-hivemq-platform] [hivemq] [eaa183f8] INFO  - Audit Logger started.
2025-01-30 04:04:50,476 INFO c.h.h.t.HelmChartContainer - [test-hivemq-platform] [hivemq] [eaa183f8] INFO  - This node uses '1' CPU cores.
2025-01-30 04:04:50,535 INFO c.h.h.t.HelmChartContainer - [test-hivemq-platform] [hivemq] [eaa183f8] INFO  - Starting HiveMQ Health API on address 0.0.0.0 and port 8889
2025-01-30 04:04:51,244 INFO c.h.h.t.HelmChartContainer - [test-hivemq-platform] [hivemq] [eaa183f8] INFO  - Started HiveMQ Health API in 709ms
2025-01-30 04:04:51,833 INFO c.h.h.t.HelmChartContainer - [test-hivemq-platform] [hivemq] [eaa183f8] INFO  - Starting HiveMQ extension system.
2025-01-30 04:04:52,046 INFO c.h.h.t.HelmChartContainer - [test-hivemq-platform] [hivemq] [eaa183f8] INFO  - Starting extension with id "hivemq-dns-cluster-discovery" at /opt/hivemq/extensions/hivemq-dns-cluster-discovery
2025-01-30 04:04:52,482 INFO c.h.h.t.HelmChartContainer - [test-hivemq-platform] [hivemq] [eaa183f8] INFO  - Using TCP cluster transport on address 10.42.0.11 and port 7000
2025-01-30 04:04:52,545 INFO c.h.h.t.HelmChartContainer - [test-hivemq-platform] [hivemq] [eaa183f8] INFO  - Using extension cluster discovery
2025-01-30 04:04:52,548 INFO c.h.h.t.HelmChartContainer - [test-hivemq-platform] [hivemq] [eaa183f8] INFO  - Extension "DNS Cluster Discovery Extension" version 4.3.2 started successfully.
2025-01-30 04:04:52,550 INFO c.h.h.t.HelmChartContainer - [test-hivemq-platform] [hivemq] [eaa183f8] INFO  - Starting extension with id "hivemq-prometheus-extension" at /opt/hivemq/extensions/hivemq-prometheus-extension
2025-01-30 04:04:53,282 INFO c.h.h.t.HelmChartContainer - [test-hivemq-platform] [hivemq] [eaa183f8] INFO  - Started Jetty Server exposing Prometheus Servlet on URI http://0.0.0.0:9399/
2025-01-30 04:04:53,282 INFO c.h.h.t.HelmChartContainer - [test-hivemq-platform] [hivemq] [eaa183f8] INFO  - Extension "Prometheus Monitoring Extension" version 4.0.12 started successfully.
2025-01-30 04:04:53,282 INFO c.h.h.t.HelmChartContainer - [test-hivemq-platform] [hivemq] [eaa183f8] INFO  - Starting extension with id "hivemq-allow-all-extension" at /opt/hivemq/extensions/hivemq-allow-all-extension
2025-01-30 04:04:53,283 INFO c.h.h.t.HelmChartContainer - [test-hivemq-platform] [hivemq] [eaa183f8] WARN  - 
2025-01-30 04:04:53,283 INFO c.h.h.t.HelmChartContainer - [test-hivemq-platform] [hivemq] [eaa183f8] ################################################################################################################
2025-01-30 04:04:53,283 INFO c.h.h.t.HelmChartContainer - [test-hivemq-platform] [hivemq] [eaa183f8] # This HiveMQ deployment is not secure! You are lacking Authentication and Authorization.                      #
2025-01-30 04:04:53,283 INFO c.h.h.t.HelmChartContainer - [test-hivemq-platform] [hivemq] [eaa183f8] # Right now any MQTT client can connect to the broker with a full set of permissions.                          #
2025-01-30 04:04:53,283 INFO c.h.h.t.HelmChartContainer - [test-hivemq-platform] [hivemq] [eaa183f8] # For production usage, add an appropriate security extension and remove the hivemq-allow-all extension.       #
2025-01-30 04:04:53,283 INFO c.h.h.t.HelmChartContainer - [test-hivemq-platform] [hivemq] [eaa183f8] # You can download security extensions from the HiveMQ Marketplace (https://www.hivemq.com/extensions/).       #
2025-01-30 04:04:53,283 INFO c.h.h.t.HelmChartContainer - [test-hivemq-platform] [hivemq] [eaa183f8] ################################################################################################################
2025-01-30 04:04:53,333 INFO c.h.h.t.HelmChartContainer - [test-hivemq-platform] [hivemq] [eaa183f8] INFO  - Extension "Allow All Extension" version 1.1.1 started successfully.
2025-01-30 04:04:54,871 INFO c.h.h.t.HelmChartContainer - [hivemq-test-hivemq-platform] [hivemq-platform-operator] [81b215ec] 04:04:54.868 [pool-6-thread-19] DEBUG c.h.p.o.d.PlatformServiceResource - [helmmqtt] Desired Platform services (2 services)
2025-01-30 04:04:54,871 INFO c.h.h.t.HelmChartContainer - [hivemq-test-hivemq-platform] [hivemq-platform-operator] [81b215ec] 04:04:54.869 [pool-6-thread-16] DEBUG c.h.p.o.dependants.PodInfoConfigMap - [helmmqtt] Desired PodInfo ConfigMap (1 extensions) (1 enabled)
2025-01-30 04:04:54,871 INFO c.h.h.t.HelmChartContainer - [hivemq-test-hivemq-platform] [hivemq-platform-operator] [81b215ec] 04:04:54.869 [pool-6-thread-16] DEBUG c.h.p.o.dependants.PodInfoConfigMap - [helmmqtt] Desired PodInfo ConfigMap (metrics port: 9399) (metrics path: /)
2025-01-30 04:04:54,871 INFO c.h.h.t.HelmChartContainer - [hivemq-test-hivemq-platform] [hivemq-platform-operator] [81b215ec] 04:04:54.869 [pool-6-thread-16] DEBUG c.h.p.o.dependants.PodInfoConfigMap - [helmmqtt] Desired PodInfo ConfigMap (extension state hash: -1817474005)
2025-01-30 04:04:54,871 INFO c.h.h.t.HelmChartContainer - [hivemq-test-hivemq-platform] [hivemq-platform-operator] [81b215ec] 04:04:54.870 [pool-6-thread-16] DEBUG c.h.p.o.d.PodServiceAccountResource - [helmmqtt] Desired PodServiceAccountResource (serviceAccountName: hivemq-platform-pod-test-hivemq-platform)
2025-01-30 04:04:54,873 INFO c.h.h.t.HelmChartContainer - [hivemq-test-hivemq-platform] [hivemq-platform-operator] [81b215ec] 04:04:54.873 [pool-6-thread-19] DEBUG c.h.p.o.d.StatefulSetResource - [helmmqtt] Desired StatefulSet (1 replicas) for status STARTING (READY)
2025-01-30 04:04:54,876 INFO c.h.h.t.HelmChartContainer - [hivemq-test-hivemq-platform] [hivemq-platform-operator] [81b215ec] 04:04:54.876 [ReconcilerExecutor-hivemq-controller-114] INFO  c.h.p.o.HiveMQPlatformReconciler - [helmmqtt] Reconciling HiveMQ Platform 'test-hivemq-platform' in namespace 'helmmqttit'
2025-01-30 04:04:54,876 INFO c.h.h.t.HelmChartContainer - [hivemq-test-hivemq-platform] [hivemq-platform-operator] [81b215ec] 04:04:54.876 [ReconcilerExecutor-hivemq-controller-114] DEBUG c.h.p.o.HiveMQPlatformReconciler - [helmmqtt] Custom Resource Status STARTING - HiveMQ Platform is starting (READY)
2025-01-30 04:04:54,876 INFO c.h.h.t.HelmChartContainer - [hivemq-test-hivemq-platform] [hivemq-platform-operator] [81b215ec] 04:04:54.876 [ReconcilerExecutor-hivemq-controller-114] DEBUG c.h.p.o.HiveMQPlatformReconciler - [helmmqtt] Custom Resource Spec (replicas: 1) (extensions: 1)
2025-01-30 04:04:54,878 INFO c.h.h.t.HelmChartContainer - [hivemq-test-hivemq-platform] [hivemq-platform-operator] [81b215ec] 04:04:54.877 [ReconcilerExecutor-hivemq-controller-114] DEBUG c.h.p.o.HiveMQPlatformReconciler - [helmmqtt] StatefulSet Status (revision: test-hivemq-platform-7bbc5894fb, replicas: 1, available: 0, ready: 0, current: 1, updated: 1)
2025-01-30 04:04:54,878 INFO c.h.h.t.HelmChartContainer - [hivemq-test-hivemq-platform] [hivemq-platform-operator] [81b215ec] 04:04:54.877 [ReconcilerExecutor-hivemq-controller-114] DEBUG c.h.p.o.HiveMQPlatformReconciler - [helmmqtt] StatefulSet Spec (replicas: 1, init containers: 1, containers: 1, volumes: 3)
2025-01-30 04:04:54,879 INFO c.h.h.t.HelmChartContainer - [hivemq-test-hivemq-platform] [hivemq-platform-operator] [81b215ec] 04:04:54.878 [ReconcilerExecutor-hivemq-controller-114] DEBUG c.h.p.o.h.HiveMQPlatformReconcilerErrorHandler - [helmmqtt] Pod 'test-hivemq-platform-0' phase Running
2025-01-30 04:04:54,879 INFO c.h.h.t.HelmChartContainer - [hivemq-test-hivemq-platform] [hivemq-platform-operator] [81b215ec] 04:04:54.878 [ReconcilerExecutor-hivemq-controller-114] INFO  c.h.p.o.h.HiveMQPlatformReconcilerBaseHandler - [helmmqtt] HiveMQ Platform is starting, 0 of 1 replicas are ready
2025-01-30 04:04:55,186 INFO c.h.h.t.HelmChartContainer - [test-hivemq-platform] [hivemq] [eaa183f8] INFO  - [HiveMQ Platform Operator Init App 1.7.0-SNAPSHOT] Returning Health API response 503 for readiness
2025-01-30 04:04:55,192 INFO c.h.h.t.HelmChartContainer - [EVENT] Warning [Unhealthy] Readiness probe failed: HTTP probe failed with statuscode: 503 [helmmqttit:test-hivemq-platform-0]
2025-01-30 04:04:55,193 INFO c.h.h.t.HelmChartContainer - Received Unhealthy event for container hivemq in pod test-hivemq-platform-0 [eaa183f8-5979-42bc-8b85-471abe1604b2]
2025-01-30 04:04:55,486 INFO c.h.h.t.HelmChartContainer - [test-hivemq-platform] [hivemq] [eaa183f8] INFO  - QoMwd: no members discovered after 2447 ms: creating cluster as first member
2025-01-30 04:04:55,490 INFO c.h.h.t.HelmChartContainer - [test-hivemq-platform] [hivemq] [eaa183f8] INFO  - Cluster nodes found by discovery: [QoMwd|0] (1) [QoMwd].
2025-01-30 04:04:55,597 INFO c.h.h.t.HelmChartContainer - [test-hivemq-platform] [hivemq] [eaa183f8] WARN  - No user for HiveMQ Control Center configured. Starting with default user
2025-01-30 04:04:55,598 INFO c.h.h.t.HelmChartContainer - [test-hivemq-platform] [hivemq] [eaa183f8] INFO  - Starting HiveMQ Control Center on address 127.0.0.1 and port 8080
2025-01-30 04:04:55,598 INFO c.h.h.t.HelmChartContainer - [test-hivemq-platform] [hivemq] [eaa183f8] INFO  - Mounting HiveMQ Control Center V2 Preview
2025-01-30 04:04:56,283 INFO c.h.h.t.HelmChartContainer - [test-hivemq-platform] [hivemq] [eaa183f8] INFO  - Started HiveMQ Control Center in 687ms
2025-01-30 04:04:56,297 INFO c.h.h.t.HelmChartContainer - [test-hivemq-platform] [hivemq] [eaa183f8] INFO  - Starting TCP listener on address 0.0.0.0 and port 1884
2025-01-30 04:04:56,333 INFO c.h.h.t.HelmChartContainer - [test-hivemq-platform] [hivemq] [eaa183f8] INFO  - Started TCP Listener on address 0.0.0.0 and on port 1884.
2025-01-30 04:04:56,333 INFO c.h.h.t.HelmChartContainer - [test-hivemq-platform] [hivemq] [eaa183f8] INFO  - Started HiveMQ in 29843ms
2025-01-30 04:04:59,805 INFO c.h.h.t.HelmChartContainer - [test-hivemq-platform] [hivemq] [eaa183f8] INFO  - [HiveMQ Platform Operator Init App 1.7.0-SNAPSHOT] Returning Health API response 200 for readiness
2025-01-30 04:04:59,814 INFO c.h.h.t.HelmChartContainer - [POD] test-hivemq-platform-0 [eaa183f8-5979-42bc-8b85-471abe1604b2] in helmmqttit was MODIFIED
2025-01-30 04:04:59,832 INFO c.h.h.t.HelmChartContainer - [hivemq-test-hivemq-platform] [hivemq-platform-operator] [81b215ec] 04:04:59.822 [pool-6-thread-27] DEBUG c.h.p.o.d.PlatformServiceResource - [helmmqtt] Desired Platform services (2 services)
2025-01-30 04:04:59,832 INFO c.h.h.t.HelmChartContainer - [hivemq-test-hivemq-platform] [hivemq-platform-operator] [81b215ec] 04:04:59.823 [pool-6-thread-26] DEBUG c.h.p.o.dependants.PodInfoConfigMap - [helmmqtt] Desired PodInfo ConfigMap (1 extensions) (1 enabled)
2025-01-30 04:04:59,832 INFO c.h.h.t.HelmChartContainer - [hivemq-test-hivemq-platform] [hivemq-platform-operator] [81b215ec] 04:04:59.823 [pool-6-thread-26] DEBUG c.h.p.o.dependants.PodInfoConfigMap - [helmmqtt] Desired PodInfo ConfigMap (metrics port: 9399) (metrics path: /)
2025-01-30 04:04:59,832 INFO c.h.h.t.HelmChartContainer - [hivemq-test-hivemq-platform] [hivemq-platform-operator] [81b215ec] 04:04:59.823 [pool-6-thread-26] DEBUG c.h.p.o.dependants.PodInfoConfigMap - [helmmqtt] Desired PodInfo ConfigMap (extension state hash: -1817474005)
2025-01-30 04:04:59,832 INFO c.h.h.t.HelmChartContainer - [hivemq-test-hivemq-platform] [hivemq-platform-operator] [81b215ec] 04:04:59.825 [pool-6-thread-24] DEBUG c.h.p.o.d.PodServiceAccountResource - [helmmqtt] Desired PodServiceAccountResource (serviceAccountName: hivemq-platform-pod-test-hivemq-platform)
2025-01-30 04:04:59,832 INFO c.h.h.t.HelmChartContainer - [hivemq-test-hivemq-platform] [hivemq-platform-operator] [81b215ec] 04:04:59.828 [pool-6-thread-29] DEBUG c.h.p.o.d.StatefulSetResource - [helmmqtt] Desired StatefulSet (1 replicas) for status STARTING (READY)
2025-01-30 04:04:59,839 INFO c.h.h.t.HelmChartContainer - [hivemq-test-hivemq-platform] [hivemq-platform-operator] [81b215ec] 04:04:59.836 [ReconcilerExecutor-hivemq-controller-115] INFO  c.h.p.o.HiveMQPlatformReconciler - [helmmqtt] Reconciling HiveMQ Platform 'test-hivemq-platform' in namespace 'helmmqttit'
2025-01-30 04:04:59,839 INFO c.h.h.t.HelmChartContainer - [hivemq-test-hivemq-platform] [hivemq-platform-operator] [81b215ec] 04:04:59.839 [ReconcilerExecutor-hivemq-controller-115] DEBUG c.h.p.o.HiveMQPlatformReconciler - [helmmqtt] Custom Resource Status STARTING - HiveMQ Platform is starting (READY)
2025-01-30 04:04:59,842 INFO c.h.h.t.HelmChartContainer - [hivemq-test-hivemq-platform] [hivemq-platform-operator] [81b215ec] 04:04:59.839 [ReconcilerExecutor-hivemq-controller-115] DEBUG c.h.p.o.HiveMQPlatformReconciler - [helmmqtt] Custom Resource Spec (replicas: 1) (extensions: 1)
2025-01-30 04:04:59,843 INFO c.h.h.t.HelmChartContainer - [hivemq-test-hivemq-platform] [hivemq-platform-operator] [81b215ec] 04:04:59.840 [ReconcilerExecutor-hivemq-controller-115] DEBUG c.h.p.o.HiveMQPlatformReconciler - [helmmqtt] StatefulSet Status (revision: test-hivemq-platform-7bbc5894fb, replicas: 1, available: 0, ready: 0, current: 1, updated: 1)
2025-01-30 04:04:59,843 INFO c.h.h.t.HelmChartContainer - [hivemq-test-hivemq-platform] [hivemq-platform-operator] [81b215ec] 04:04:59.840 [ReconcilerExecutor-hivemq-controller-115] DEBUG c.h.p.o.HiveMQPlatformReconciler - [helmmqtt] StatefulSet Spec (replicas: 1, init containers: 1, containers: 1, volumes: 3)
2025-01-30 04:04:59,845 INFO c.h.h.t.HelmChartContainer - [hivemq-test-hivemq-platform] [hivemq-platform-operator] [81b215ec] 04:04:59.844 [ReconcilerExecutor-hivemq-controller-115] DEBUG c.h.p.o.h.HiveMQPlatformReconcilerErrorHandler - [helmmqtt] Pod 'test-hivemq-platform-0' phase Running
2025-01-30 04:04:59,848 INFO c.h.h.t.HelmChartContainer - [K3S] [event.go:389] "Event occurred" object="helmmqttit/hivemq-test-hivemq-platform-mqtt-1884" fieldPath="" kind="Service" apiVersion="v1" type="Normal" reason="UpdatedLoadBalancer" message="Updated LoadBalancer with new IPs: [172.18.0.2] -> [172.18.0.2]"
2025-01-30 04:04:59,851 INFO c.h.h.t.HelmChartContainer - [EVENT] Normal [UpdatedLoadBalancer] Updated LoadBalancer with new IPs: [172.18.0.2] -> [172.18.0.2] [helmmqttit:hivemq-test-hivemq-platform-mqtt-1884]
2025-01-30 04:04:59,913 INFO c.h.h.t.HelmChartContainer - [hivemq-test-hivemq-platform] [hivemq-platform-operator] [81b215ec] 04:04:59.912 [ReconcilerExecutor-hivemq-controller-115] INFO  c.h.p.o.h.HiveMQPlatformReconcilerBaseHandler - [helmmqtt] HiveMQ Platform is starting, 0 of 1 replicas are ready
2025-01-30 04:04:59,918 INFO c.h.h.t.HelmChartContainer - [hivemq-test-hivemq-platform] [hivemq-platform-operator] [81b215ec] 04:04:59.915 [pool-6-thread-36] DEBUG c.h.p.o.d.PlatformServiceResource - [helmmqtt] Desired Platform services (2 services)
2025-01-30 04:04:59,918 INFO c.h.h.t.HelmChartContainer - [hivemq-test-hivemq-platform] [hivemq-platform-operator] [81b215ec] 04:04:59.916 [pool-6-thread-31] DEBUG c.h.p.o.dependants.PodInfoConfigMap - [helmmqtt] Desired PodInfo ConfigMap (1 extensions) (1 enabled)
2025-01-30 04:04:59,918 INFO c.h.h.t.HelmChartContainer - [hivemq-test-hivemq-platform] [hivemq-platform-operator] [81b215ec] 04:04:59.916 [pool-6-thread-31] DEBUG c.h.p.o.dependants.PodInfoConfigMap - [helmmqtt] Desired PodInfo ConfigMap (metrics port: 9399) (metrics path: /)
2025-01-30 04:04:59,918 INFO c.h.h.t.HelmChartContainer - [hivemq-test-hivemq-platform] [hivemq-platform-operator] [81b215ec] 04:04:59.916 [pool-6-thread-31] DEBUG c.h.p.o.dependants.PodInfoConfigMap - [helmmqtt] Desired PodInfo ConfigMap (extension state hash: -1817474005)
2025-01-30 04:04:59,920 INFO c.h.h.t.HelmChartContainer - [hivemq-test-hivemq-platform] [hivemq-platform-operator] [81b215ec] 04:04:59.919 [pool-6-thread-38] DEBUG c.h.p.o.d.PodServiceAccountResource - [helmmqtt] Desired PodServiceAccountResource (serviceAccountName: hivemq-platform-pod-test-hivemq-platform)
2025-01-30 04:04:59,922 INFO c.h.h.t.HelmChartContainer - [hivemq-test-hivemq-platform] [hivemq-platform-operator] [81b215ec] 04:04:59.921 [pool-6-thread-36] DEBUG c.h.p.o.d.StatefulSetResource - [helmmqtt] Desired StatefulSet (1 replicas) for status STARTING (READY)
2025-01-30 04:04:59,926 INFO c.h.h.t.HelmChartContainer - [hivemq-test-hivemq-platform] [hivemq-platform-operator] [81b215ec] 04:04:59.924 [ReconcilerExecutor-hivemq-controller-116] INFO  c.h.p.o.HiveMQPlatformReconciler - [helmmqtt] Reconciling HiveMQ Platform 'test-hivemq-platform' in namespace 'helmmqttit'
2025-01-30 04:04:59,926 INFO c.h.h.t.HelmChartContainer - [hivemq-test-hivemq-platform] [hivemq-platform-operator] [81b215ec] 04:04:59.924 [ReconcilerExecutor-hivemq-controller-116] DEBUG c.h.p.o.HiveMQPlatformReconciler - [helmmqtt] Custom Resource Status STARTING - HiveMQ Platform is starting (READY)
2025-01-30 04:04:59,926 INFO c.h.h.t.HelmChartContainer - [hivemq-test-hivemq-platform] [hivemq-platform-operator] [81b215ec] 04:04:59.924 [ReconcilerExecutor-hivemq-controller-116] DEBUG c.h.p.o.HiveMQPlatformReconciler - [helmmqtt] Custom Resource Spec (replicas: 1) (extensions: 1)
2025-01-30 04:04:59,927 INFO c.h.h.t.HelmChartContainer - [hivemq-test-hivemq-platform] [hivemq-platform-operator] [81b215ec] 04:04:59.926 [ReconcilerExecutor-hivemq-controller-116] DEBUG c.h.p.o.HiveMQPlatformReconciler - [helmmqtt] StatefulSet Status (revision: test-hivemq-platform-7bbc5894fb, replicas: 1, available: 1, ready: 1, current: 1, updated: 1)
2025-01-30 04:04:59,928 INFO c.h.h.t.HelmChartContainer - [hivemq-test-hivemq-platform] [hivemq-platform-operator] [81b215ec] 04:04:59.926 [ReconcilerExecutor-hivemq-controller-116] DEBUG c.h.p.o.HiveMQPlatformReconciler - [helmmqtt] StatefulSet Spec (replicas: 1, init containers: 1, containers: 1, volumes: 3)
2025-01-30 04:04:59,929 INFO c.h.h.t.HelmChartContainer - [hivemq-test-hivemq-platform] [hivemq-platform-operator] [81b215ec] 04:04:59.928 [ReconcilerExecutor-hivemq-controller-116] DEBUG c.h.p.o.h.HiveMQPlatformReconcilerErrorHandler - [helmmqtt] Pod 'test-hivemq-platform-0' phase Running
2025-01-30 04:05:00,012 INFO c.h.h.t.HelmChartContainer - [hivemq-test-hivemq-platform] [hivemq-platform-operator] [81b215ec] 04:04:59.929 [ReconcilerExecutor-hivemq-controller-116] INFO  c.h.p.o.h.HiveMQPlatformReconcilerBaseHandler - [helmmqtt] HiveMQ Platform started successfully
2025-01-30 04:05:00,030 INFO c.h.h.t.HelmChartContainer - [hivemq-test-hivemq-platform] [hivemq-platform-operator] [81b215ec] 04:05:00.029 [ReconcilerExecutor-hivemq-controller-116] DEBUG c.h.p.operator.event.EventSender - [helmmqtt] Creating K8s event hivemq-platform-ready: [Ready] HiveMQ Platform is ready
2025-01-30 04:05:00,034 INFO c.h.h.t.HelmChartContainer - [EVENT] Normal [Ready] HiveMQ Platform is ready [helmmqttit:test-hivemq-platform]
2025-01-30 04:05:00,034 INFO c.h.h.t.HelmChartContainer - [hivemq-test-hivemq-platform] [hivemq-platform-operator] [81b215ec] 04:05:00.033 [ReconcilerExecutor-hivemq-controller-116] INFO  c.h.p.o.h.AbstractHiveMQReconcilerStateHandler - [helmmqtt] Update HiveMQ Platform Status (STARTING [READY] -> RUNNING [READY]): HiveMQ Platform is ready
2025-01-30 04:05:00,120 DEBUG com.hivemq.helmcharts.util.K8sUtil - Comparing actual state 'RUNNING' and waiting for 'RUNNING'
2025-01-30 04:05:05,022 INFO c.h.h.t.HelmChartContainer - Uninstalling release 'test-hivemq-platform' in namespace 'helmmqttit'...
2025-01-30 04:05:05,022 DEBUG c.h.h.t.HelmChartContainer - Executing helm command: /bin/helm --kubeconfig /etc/rancher/k3s/k3s.yaml uninstall test-hivemq-platform  --wait --timeout 5m0s --cascade foreground --namespace helmmqttit
2025-01-30 04:05:05,206 INFO c.h.h.t.HelmChartContainer - [hivemq-test-hivemq-platform] [hivemq-platform-operator] [81b215ec] 04:05:05.201 [pool-6-thread-45] DEBUG c.h.p.o.d.PlatformServiceResource - [helmmqtt] Desired Platform services (2 services)
2025-01-30 04:05:05,217 INFO c.h.h.t.HelmChartContainer - [hivemq-test-hivemq-platform] [hivemq-platform-operator] [81b215ec] 04:05:05.202 [pool-6-thread-48] DEBUG c.h.p.o.dependants.PodInfoConfigMap - [helmmqtt] Desired PodInfo ConfigMap (1 extensions) (1 enabled)
2025-01-30 04:05:05,218 INFO c.h.h.t.HelmChartContainer - [hivemq-test-hivemq-platform] [hivemq-platform-operator] [81b215ec] 04:05:05.213 [pool-6-thread-48] DEBUG c.h.p.o.dependants.PodInfoConfigMap - [helmmqtt] Desired PodInfo ConfigMap (metrics port: 9399) (metrics path: /)
2025-01-30 04:05:05,227 INFO c.h.h.t.HelmChartContainer - [hivemq-test-hivemq-platform] [hivemq-platform-operator] [81b215ec] 04:05:05.213 [pool-6-thread-48] DEBUG c.h.p.o.dependants.PodInfoConfigMap - [helmmqtt] Desired PodInfo ConfigMap (extension state hash: -1817474005)
2025-01-30 04:05:05,228 INFO c.h.h.t.HelmChartContainer - [hivemq-test-hivemq-platform] [hivemq-platform-operator] [81b215ec] 04:05:05.214 [pool-6-thread-48] DEBUG c.h.p.o.dependants.PodInfoConfigMap - [helmmqtt] Update PodInfo ConfigMap
2025-01-30 04:05:05,242 INFO c.h.h.t.HelmChartContainer - [K3S] [event.go:389] "Event occurred" object="helmmqttit/hivemq-test-hivemq-platform-mqtt-1884" fieldPath="" kind="Service" apiVersion="v1" type="Normal" reason="DeletingLoadBalancer" message="Deleting load balancer"
2025-01-30 04:05:05,248 INFO c.h.h.t.HelmChartContainer - [EVENT] Normal [DeletingLoadBalancer] Deleting load balancer [helmmqttit:hivemq-test-hivemq-platform-mqtt-1884]
2025-01-30 04:05:05,251 INFO c.h.h.t.HelmChartContainer - [hivemq-test-hivemq-platform] [hivemq-platform-operator] [81b215ec] 04:05:05.204 [pool-6-thread-49] DEBUG c.h.p.o.d.PodServiceAccountResource - [helmmqtt] Desired PodServiceAccountResource (serviceAccountName: hivemq-platform-pod-test-hivemq-platform)
2025-01-30 04:05:05,253 INFO c.h.h.t.HelmChartContainer - [K3S] [event.go:389] "Event occurred" object="helmmqttit/hivemq-test-hivemq-platform-mqtt-1884" fieldPath="" kind="Service" apiVersion="v1" type="Normal" reason="DeletedDaemonSet" message="Deleted LoadBalancer DaemonSet kube-system/svclb-hivemq-test-hivemq-platform-mqtt-1884-ec158a79"
2025-01-30 04:05:05,259 INFO c.h.h.t.HelmChartContainer - [K3S] [event.go:389] "Event occurred" object="helmmqttit/hivemq-test-hivemq-platform-mqtt-1884" fieldPath="" kind="Service" apiVersion="v1" type="Normal" reason="DeletedLoadBalancer" message="Deleted load balancer"
2025-01-30 04:05:05,265 INFO c.h.h.t.HelmChartContainer - [EVENT] Normal [DeletedDaemonSet] Deleted LoadBalancer DaemonSet kube-system/svclb-hivemq-test-hivemq-platform-mqtt-1884-ec158a79 [helmmqttit:hivemq-test-hivemq-platform-mqtt-1884]
2025-01-30 04:05:05,268 INFO c.h.h.t.HelmChartContainer - [EVENT] Normal [DeletedLoadBalancer] Deleted load balancer [helmmqttit:hivemq-test-hivemq-platform-mqtt-1884]
2025-01-30 04:05:05,353 INFO c.h.h.t.HelmChartContainer - [hivemq-test-hivemq-platform] [hivemq-platform-operator] [81b215ec] 04:05:05.349 [ReconcilerExecutor-hivemq-controller-117] ERROR i.j.o.p.event.EventProcessor - Error during event processing ExecutionScope{ resource id: ResourceID{name='test-hivemq-platform', namespace='helmmqttit'}, version: 1126}
2025-01-30 04:05:05,355 INFO c.h.h.t.HelmChartContainer - [hivemq-test-hivemq-platform] [hivemq-platform-operator] [81b215ec] io.javaoperatorsdk.operator.OperatorException: io.javaoperatorsdk.operator.AggregatedOperatorException: Exception(s) during workflow execution. Details:
2025-01-30 04:05:05,355 INFO c.h.h.t.HelmChartContainer - [hivemq-test-hivemq-platform] [hivemq-platform-operator] [81b215ec]  - com.hivemq.platform.operator.dependants.PodInfoConfigMap -> io.fabric8.kubernetes.client.KubernetesClientException: Failure executing: PUT at: https://10.43.0.1:443/api/v1/namespaces/helmmqttit/configmaps/hivemq-platform-test-hivemq-platform-dynamic-state. Message: Operation cannot be fulfilled on configmaps "hivemq-platform-test-hivemq-platform-dynamic-state": StorageError: invalid object, Code: 4, Key: /registry/configmaps/helmmqttit/hivemq-platform-test-hivemq-platform-dynamic-state, ResourceVersion: 0, AdditionalErrorMsg: Precondition failed: UID in precondition: 1a58f6bb-aece-4091-bf4e-8645c183e0de, UID in object meta: . Received status: Status(apiVersion=v1, code=409, details=StatusDetails(causes=[], group=null, kind=configmaps, name=hivemq-platform-test-hivemq-platform-dynamic-state, retryAfterSeconds=null, uid=null, additionalProperties={}), kind=Status, message=Operation cannot be fulfilled on configmaps "hivemq-platform-test-hivemq-platform-dynamic-state": StorageError: invalid object, Code: 4, Key: /registry/configmaps/helmmqttit/hivemq-platform-test-hivemq-platform-dynamic-state, ResourceVersion: 0, AdditionalErrorMsg: Precondition failed: UID in precondition: 1a58f6bb-aece-4091-bf4e-8645c183e0de, UID in object meta: , metadata=ListMeta(_continue=null, remainingItemCount=null, resourceVersion=null, selfLink=null, additionalProperties={}), reason=Conflict, status=Failure, additionalProperties={}).
2025-01-30 04:05:05,355 INFO c.h.h.t.HelmChartContainer - [hivemq-test-hivemq-platform] [hivemq-platform-operator] [81b215ec] 	at io.fabric8.kubernetes.client.KubernetesClientException.copyAsCause(KubernetesClientException.java:238)
2025-01-30 04:05:05,355 INFO c.h.h.t.HelmChartContainer - [hivemq-test-hivemq-platform] [hivemq-platform-operator] [81b215ec] 	at io.fabric8.kubernetes.client.dsl.internal.OperationSupport.waitForResult(OperationSupport.java:507)
2025-01-30 04:05:05,355 INFO c.h.h.t.HelmChartContainer - [hivemq-test-hivemq-platform] [hivemq-platform-operator] [81b215ec] 	at io.fabric8.kubernetes.client.dsl.internal.OperationSupport.handleResponse(OperationSupport.java:524)
2025-01-30 04:05:05,355 INFO c.h.h.t.HelmChartContainer - [hivemq-test-hivemq-platform] [hivemq-platform-operator] [81b215ec] 	at io.fabric8.kubernetes.client.dsl.internal.OperationSupport.handleUpdate(OperationSupport.java:358)
2025-01-30 04:05:05,355 INFO c.h.h.t.HelmChartContainer - [hivemq-test-hivemq-platform] [hivemq-platform-operator] [81b215ec] 	at io.fabric8.kubernetes.client.dsl.internal.BaseOperation.handleUpdate(BaseOperation.java:759)
2025-01-30 04:05:05,355 INFO c.h.h.t.HelmChartContainer - [hivemq-test-hivemq-platform] [hivemq-platform-operator] [81b215ec] 	at io.fabric8.kubernetes.client.dsl.internal.HasMetadataOperation.update(HasMetadataOperation.java:138)
2025-01-30 04:05:05,355 INFO c.h.h.t.HelmChartContainer - [hivemq-test-hivemq-platform] [hivemq-platform-operator] [81b215ec] 	at io.fabric8.kubernetes.client.dsl.internal.HasMetadataOperation.update(HasMetadataOperation.java:121)
2025-01-30 04:05:05,355 INFO c.h.h.t.HelmChartContainer - [hivemq-test-hivemq-platform] [hivemq-platform-operator] [81b215ec] 	at io.fabric8.kubernetes.client.dsl.internal.HasMetadataOperation.update(HasMetadataOperation.java:44)
2025-01-30 04:05:05,355 INFO c.h.h.t.HelmChartContainer - [hivemq-test-hivemq-platform] [hivemq-platform-operator] [81b215ec] 	at io.fabric8.kubernetes.client.extension.ResourceAdapter.update(ResourceAdapter.java:345)
2025-01-30 04:05:05,355 INFO c.h.h.t.HelmChartContainer - [hivemq-test-hivemq-platform] [hivemq-platform-operator] [81b215ec] 	at io.javaoperatorsdk.operator.processing.dependent.kubernetes.KubernetesDependentResource.update(KubernetesDependentResource.java:140)
2025-01-30 04:05:05,355 INFO c.h.h.t.HelmChartContainer - [hivemq-test-hivemq-platform] [hivemq-platform-operator] [81b215ec] 	at com.hivemq.platform.operator.dependants.PodInfoConfigMap.update(PodInfoConfigMap.java:167)
2025-01-30 04:05:05,355 INFO c.h.h.t.HelmChartContainer - [hivemq-test-hivemq-platform] [hivemq-platform-operator] [81b215ec] 	at com.hivemq.platform.operator.dependants.PodInfoConfigMap.update(PodInfoConfigMap.java:39)
2025-01-30 04:05:05,355 INFO c.h.h.t.HelmChartContainer - [hivemq-test-hivemq-platform] [hivemq-platform-operator] [81b215ec] 	at io.javaoperatorsdk.operator.processing.dependent.AbstractDependentResource.handleUpdate(AbstractDependentResource.java:148)
2025-01-30 04:05:05,355 INFO c.h.h.t.HelmChartContainer - [hivemq-test-hivemq-platform] [hivemq-platform-operator] [81b215ec] 	at io.javaoperatorsdk.operator.processing.dependent.AbstractDependentResource.reconcile(AbstractDependentResource.java:72)
2025-01-30 04:05:05,355 INFO c.h.h.t.HelmChartContainer - [hivemq-test-hivemq-platform] [hivemq-platform-operator] [81b215ec] 	at io.javaoperatorsdk.operator.processing.dependent.SingleDependentResourceReconciler.reconcile(SingleDependentResourceReconciler.java:19)
2025-01-30 04:05:05,355 INFO c.h.h.t.HelmChartContainer - [hivemq-test-hivemq-platform] [hivemq-platform-operator] [81b215ec] 	at io.javaoperatorsdk.operator.processing.dependent.AbstractDependentResource.reconcile(AbstractDependentResource.java:52)
2025-01-30 04:05:05,355 INFO c.h.h.t.HelmChartContainer - [hivemq-test-hivemq-platform] [hivemq-platform-operator] [81b215ec] 	at com.hivemq.platform.operator.dependants.PodInfoConfigMap.reconcile(PodInfoConfigMap.java:74)
2025-01-30 04:05:05,355 INFO c.h.h.t.HelmChartContainer - [hivemq-test-hivemq-platform] [hivemq-platform-operator] [81b215ec] 	at com.hivemq.platform.operator.dependants.PodInfoConfigMap.reconcile(PodInfoConfigMap.java:39)
2025-01-30 04:05:05,355 INFO c.h.h.t.HelmChartContainer - [hivemq-test-hivemq-platform] [hivemq-platform-operator] [81b215ec] 	at io.javaoperatorsdk.operator.processing.dependent.workflow.WorkflowReconcileExecutor$NodeReconcileExecutor.doRun(WorkflowReconcileExecutor.java:123)
2025-01-30 04:05:05,355 INFO c.h.h.t.HelmChartContainer - [hivemq-test-hivemq-platform] [hivemq-platform-operator] [81b215ec] 	at io.javaoperatorsdk.operator.processing.dependent.workflow.NodeExecutor.run(NodeExecutor.java:22)
2025-01-30 04:05:05,355 INFO c.h.h.t.HelmChartContainer - [hivemq-test-hivemq-platform] [hivemq-platform-operator] [81b215ec] 	at java.base/java.util.concurrent.Executors$RunnableAdapter.call(Unknown Source)
2025-01-30 04:05:05,355 INFO c.h.h.t.HelmChartContainer - [hivemq-test-hivemq-platform] [hivemq-platform-operator] [81b215ec] 	at java.base/java.util.concurrent.FutureTask.run(Unknown Source)
2025-01-30 04:05:05,355 INFO c.h.h.t.HelmChartContainer - [hivemq-test-hivemq-platform] [hivemq-platform-operator] [81b215ec] 	at java.base/java.util.concurrent.ThreadPoolExecutor.runWorker(Unknown Source)
2025-01-30 04:05:05,355 INFO c.h.h.t.HelmChartContainer - [hivemq-test-hivemq-platform] [hivemq-platform-operator] [81b215ec] 	at java.base/java.util.concurrent.ThreadPoolExecutor$Worker.run(Unknown Source)
2025-01-30 04:05:05,355 INFO c.h.h.t.HelmChartContainer - [hivemq-test-hivemq-platform] [hivemq-platform-operator] [81b215ec] 	at java.base/java.lang.Thread.run(Unknown Source)
2025-01-30 04:05:05,355 INFO c.h.h.t.HelmChartContainer - [hivemq-test-hivemq-platform] [hivemq-platform-operator] [81b215ec] Caused by: io.fabric8.kubernetes.client.KubernetesClientException: Failure executing: PUT at: https://10.43.0.1:443/api/v1/namespaces/helmmqttit/configmaps/hivemq-platform-test-hivemq-platform-dynamic-state. Message: Operation cannot be fulfilled on configmaps "hivemq-platform-test-hivemq-platform-dynamic-state": StorageError: invalid object, Code: 4, Key: /registry/configmaps/helmmqttit/hivemq-platform-test-hivemq-platform-dynamic-state, ResourceVersion: 0, AdditionalErrorMsg: Precondition failed: UID in precondition: 1a58f6bb-aece-4091-bf4e-8645c183e0de, UID in object meta: . Received status: Status(apiVersion=v1, code=409, details=StatusDetails(causes=[], group=null, kind=configmaps, name=hivemq-platform-test-hivemq-platform-dynamic-state, retryAfterSeconds=null, uid=null, additionalProperties={}), kind=Status, message=Operation cannot be fulfilled on configmaps "hivemq-platform-test-hivemq-platform-dynamic-state": StorageError: invalid object, Code: 4, Key: /registry/configmaps/helmmqttit/hivemq-platform-test-hivemq-platform-dynamic-state, ResourceVersion: 0, AdditionalErrorMsg: Precondition failed: UID in precondition: 1a58f6bb-aece-4091-bf4e-8645c183e0de, UID in object meta: , metadata=ListMeta(_continue=null, remainingItemCount=null, resourceVersion=null, selfLink=null, additionalProperties={}), reason=Conflict, status=Failure, additionalProperties={}).
2025-01-30 04:05:05,355 INFO c.h.h.t.HelmChartContainer - [hivemq-test-hivemq-platform] [hivemq-platform-operator] [81b215ec] 	at io.fabric8.kubernetes.client.dsl.internal.OperationSupport.requestFailure(OperationSupport.java:660)
2025-01-30 04:05:05,355 INFO c.h.h.t.HelmChartContainer - [hivemq-test-hivemq-platform] [hivemq-platform-operator] [81b215ec] 	at io.fabric8.kubernetes.client.dsl.internal.OperationSupport.requestFailure(OperationSupport.java:640)
2025-01-30 04:05:05,355 INFO c.h.h.t.HelmChartContainer - [hivemq-test-hivemq-platform] [hivemq-platform-operator] [81b215ec] 	at io.fabric8.kubernetes.client.dsl.internal.OperationSupport.assertResponseCode(OperationSupport.java:589)
2025-01-30 04:05:05,355 INFO c.h.h.t.HelmChartContainer - [hivemq-test-hivemq-platform] [hivemq-platform-operator] [81b215ec] 	at io.fabric8.kubernetes.client.dsl.internal.OperationSupport.lambda$handleResponse$0(OperationSupport.java:549)
2025-01-30 04:05:05,355 INFO c.h.h.t.HelmChartContainer - [hivemq-test-hivemq-platform] [hivemq-platform-operator] [81b215ec] 	at java.base/java.util.concurrent.CompletableFuture$UniApply.tryFire(Unknown Source)
2025-01-30 04:05:05,355 INFO c.h.h.t.HelmChartContainer - [hivemq-test-hivemq-platform] [hivemq-platform-operator] [81b215ec] 	at java.base/java.util.concurrent.CompletableFuture.postComplete(Unknown Source)
2025-01-30 04:05:05,355 INFO c.h.h.t.HelmChartContainer - [hivemq-test-hivemq-platform] [hivemq-platform-operator] [81b215ec] 	at java.base/java.util.concurrent.CompletableFuture.complete(Unknown Source)
2025-01-30 04:05:05,355 INFO c.h.h.t.HelmChartContainer - [hivemq-test-hivemq-platform] [hivemq-platform-operator] [81b215ec] 	at io.fabric8.kubernetes.client.http.StandardHttpClient.lambda$completeOrCancel$10(StandardHttpClient.java:141)
2025-01-30 04:05:05,355 INFO c.h.h.t.HelmChartContainer - [hivemq-test-hivemq-platform] [hivemq-platform-operator] [81b215ec] 	at java.base/java.util.concurrent.CompletableFuture.uniWhenComplete(Unknown Source)
2025-01-30 04:05:05,355 INFO c.h.h.t.HelmChartContainer - [hivemq-test-hivemq-platform] [hivemq-platform-operator] [81b215ec] 	at java.base/java.util.concurrent.CompletableFuture$UniWhenComplete.tryFire(Unknown Source)
2025-01-30 04:05:05,355 INFO c.h.h.t.HelmChartContainer - [hivemq-test-hivemq-platform] [hivemq-platform-operator] [81b215ec] 	at java.base/java.util.concurrent.CompletableFuture.postComplete(Unknown Source)
2025-01-30 04:05:05,355 INFO c.h.h.t.HelmChartContainer - [hivemq-test-hivemq-platform] [hivemq-platform-operator] [81b215ec] 	at java.base/java.util.concurrent.CompletableFuture.complete(Unknown Source)
2025-01-30 04:05:05,355 INFO c.h.h.t.HelmChartContainer - [hivemq-test-hivemq-platform] [hivemq-platform-operator] [81b215ec] 	at io.fabric8.kubernetes.client.http.ByteArrayBodyHandler.onBodyDone(ByteArrayBodyHandler.java:51)
2025-01-30 04:05:05,355 INFO c.h.h.t.HelmChartContainer - [hivemq-test-hivemq-platform] [hivemq-platform-operator] [81b215ec] 	at java.base/java.util.concurrent.CompletableFuture.uniWhenComplete(Unknown Source)
2025-01-30 04:05:05,355 INFO c.h.h.t.HelmChartContainer - [hivemq-test-hivemq-platform] [hivemq-platform-operator] [81b215ec] 	at java.base/java.util.concurrent.CompletableFuture$UniWhenComplete.tryFire(Unknown Source)
2025-01-30 04:05:05,355 INFO c.h.h.t.HelmChartContainer - [hivemq-test-hivemq-platform] [hivemq-platform-operator] [81b215ec] 	at java.base/java.util.concurrent.CompletableFuture.postComplete(Unknown Source)
2025-01-30 04:05:05,355 INFO c.h.h.t.HelmChartContainer - [hivemq-test-hivemq-platform] [hivemq-platform-operator] [81b215ec] 	at java.base/java.util.concurrent.CompletableFuture.complete(Unknown Source)
2025-01-30 04:05:05,355 INFO c.h.h.t.HelmChartContainer - [hivemq-test-hivemq-platform] [hivemq-platform-operator] [81b215ec] 	at io.fabric8.kubernetes.client.vertx.VertxHttpRequest.lambda$null$1(VertxHttpRequest.java:121)
2025-01-30 04:05:05,355 INFO c.h.h.t.HelmChartContainer - [hivemq-test-hivemq-platform] [hivemq-platform-operator] [81b215ec] 	at io.vertx.core.impl.ContextInternal.dispatch(ContextInternal.java:279)
2025-01-30 04:05:05,355 INFO c.h.h.t.HelmChartContainer - [hivemq-test-hivemq-platform] [hivemq-platform-operator] [81b215ec] 	at io.vertx.core.impl.ContextInternal.dispatch(ContextInternal.java:261)
2025-01-30 04:05:05,355 INFO c.h.h.t.HelmChartContainer - [hivemq-test-hivemq-platform] [hivemq-platform-operator] [81b215ec] 	at io.vertx.core.http.impl.HttpEventHandler.handleEnd(HttpEventHandler.java:76)
2025-01-30 04:05:05,355 INFO c.h.h.t.HelmChartContainer - [hivemq-test-hivemq-platform] [hivemq-platform-operator] [81b215ec] 	at io.vertx.core.http.impl.HttpClientResponseImpl.handleEnd(HttpClientResponseImpl.java:250)
2025-01-30 04:05:05,356 INFO c.h.h.t.HelmChartContainer - [hivemq-test-hivemq-platform] [hivemq-platform-operator] [81b215ec] 	at io.vertx.core.http.impl.Http1xClientConnection$StreamImpl.lambda$new$0(Http1xClientConnection.java:421)
2025-01-30 04:05:05,356 INFO c.h.h.t.HelmChartContainer - [hivemq-test-hivemq-platform] [hivemq-platform-operator] [81b215ec] 	at io.vertx.core.streams.impl.InboundBuffer.handleEvent(InboundBuffer.java:279)
2025-01-30 04:05:05,356 INFO c.h.h.t.HelmChartContainer - [hivemq-test-hivemq-platform] [hivemq-platform-operator] [81b215ec] 	at io.vertx.core.streams.impl.InboundBuffer.write(InboundBuffer.java:157)
2025-01-30 04:05:05,356 INFO c.h.h.t.HelmChartContainer - [hivemq-test-hivemq-platform] [hivemq-platform-operator] [81b215ec] 	at io.vertx.core.http.impl.Http1xClientConnection$StreamImpl.handleEnd(Http1xClientConnection.java:709)
2025-01-30 04:05:05,356 INFO c.h.h.t.HelmChartContainer - [hivemq-test-hivemq-platform] [hivemq-platform-operator] [81b215ec] 	at io.vertx.core.impl.ContextImpl.execute(ContextImpl.java:313)
2025-01-30 04:05:05,356 INFO c.h.h.t.HelmChartContainer - [hivemq-test-hivemq-platform] [hivemq-platform-operator] [81b215ec] 	at io.vertx.core.impl.ContextImpl.execute(ContextImpl.java:293)
2025-01-30 04:05:05,356 INFO c.h.h.t.HelmChartContainer - [hivemq-test-hivemq-platform] [hivemq-platform-operator] [81b215ec] 	at io.vertx.core.http.impl.Http1xClientConnection.handleResponseEnd(Http1xClientConnection.java:940)
2025-01-30 04:05:05,357 INFO c.h.h.t.HelmChartContainer - [hivemq-test-hivemq-platform] [hivemq-platform-operator] [81b215ec] 	at io.vertx.core.http.impl.Http1xClientConnection.handleHttpMessage(Http1xClientConnection.java:810)
2025-01-30 04:05:05,357 INFO c.h.h.t.HelmChartContainer - [hivemq-test-hivemq-platform] [hivemq-platform-operator] [81b215ec] 	at io.vertx.core.http.impl.Http1xClientConnection.handleMessage(Http1xClientConnection.java:774)
2025-01-30 04:05:05,357 INFO c.h.h.t.HelmChartContainer - [hivemq-test-hivemq-platform] [hivemq-platform-operator] [81b215ec] 	at io.vertx.core.net.impl.ConnectionBase.read(ConnectionBase.java:159)
2025-01-30 04:05:05,357 INFO c.h.h.t.HelmChartContainer - [hivemq-test-hivemq-platform] [hivemq-platform-operator] [81b215ec] 	at io.vertx.core.net.impl.VertxHandler.channelRead(VertxHandler.java:153)
2025-01-30 04:05:05,357 INFO c.h.h.t.HelmChartContainer - [hivemq-test-hivemq-platform] [hivemq-platform-operator] [81b215ec] 	at io.netty.channel.AbstractChannelHandlerContext.invokeChannelRead(AbstractChannelHandlerContext.java:442)
2025-01-30 04:05:05,357 INFO c.h.h.t.HelmChartContainer - [hivemq-test-hivemq-platform] [hivemq-platform-operator] [81b215ec] 	at io.netty.channel.AbstractChannelHandlerContext.invokeChannelRead(AbstractChannelHandlerContext.java:420)
2025-01-30 04:05:05,357 INFO c.h.h.t.HelmChartContainer - [hivemq-test-hivemq-platform] [hivemq-platform-operator] [81b215ec] 	at io.netty.channel.AbstractChannelHandlerContext.fireChannelRead(AbstractChannelHandlerContext.java:412)
2025-01-30 04:05:05,357 INFO c.h.h.t.HelmChartContainer - [hivemq-test-hivemq-platform] [hivemq-platform-operator] [81b215ec] 	at io.netty.channel.CombinedChannelDuplexHandler$DelegatingChannelHandlerContext.fireChannelRead(CombinedChannelDuplexHandler.java:436)
2025-01-30 04:05:05,357 INFO c.h.h.t.HelmChartContainer - [hivemq-test-hivemq-platform] [hivemq-platform-operator] [81b215ec] 	at io.netty.handler.codec.ByteToMessageDecoder.fireChannelRead(ByteToMessageDecoder.java:346)
2025-01-30 04:05:05,357 INFO c.h.h.t.HelmChartContainer - [hivemq-test-hivemq-platform] [hivemq-platform-operator] [81b215ec] 	at io.netty.handler.codec.ByteToMessageDecoder.channelRead(ByteToMessageDecoder.java:318)
2025-01-30 04:05:05,357 INFO c.h.h.t.HelmChartContainer - [hivemq-test-hivemq-platform] [hivemq-platform-operator] [81b215ec] 	at io.netty.channel.CombinedChannelDuplexHandler.channelRead(CombinedChannelDuplexHandler.java:251)
2025-01-30 04:05:05,357 INFO c.h.h.t.HelmChartContainer - [hivemq-test-hivemq-platform] [hivemq-platform-operator] [81b215ec] 	at io.netty.channel.AbstractChannelHandlerContext.invokeChannelRead(AbstractChannelHandlerContext.java:442)
2025-01-30 04:05:05,357 INFO c.h.h.t.HelmChartContainer - [hivemq-test-hivemq-platform] [hivemq-platform-operator] [81b215ec] 	at io.netty.channel.AbstractChannelHandlerContext.invokeChannelRead(AbstractChannelHandlerContext.java:420)
2025-01-30 04:05:05,357 INFO c.h.h.t.HelmChartContainer - [hivemq-test-hivemq-platform] [hivemq-platform-operator] [81b215ec] 	at io.netty.channel.AbstractChannelHandlerContext.fireChannelRead(AbstractChannelHandlerContext.java:412)
2025-01-30 04:05:05,357 INFO c.h.h.t.HelmChartContainer - [hivemq-test-hivemq-platform] [hivemq-platform-operator] [81b215ec] 	at io.netty.handler.ssl.SslHandler.unwrap(SslHandler.java:1475)
2025-01-30 04:05:05,357 INFO c.h.h.t.HelmChartContainer - [hivemq-test-hivemq-platform] [hivemq-platform-operator] [81b215ec] 	at io.netty.handler.ssl.SslHandler.decodeJdkCompatible(SslHandler.java:1338)
2025-01-30 04:05:05,357 INFO c.h.h.t.HelmChartContainer - [hivemq-test-hivemq-platform] [hivemq-platform-operator] [81b215ec] 	at io.netty.handler.ssl.SslHandler.decode(SslHandler.java:1387)
2025-01-30 04:05:05,358 INFO c.h.h.t.HelmChartContainer - [hivemq-test-hivemq-platform] [hivemq-platform-operator] [81b215ec] 	at io.netty.handler.codec.ByteToMessageDecoder.decodeRemovalReentryProtection(ByteToMessageDecoder.java:530)
2025-01-30 04:05:05,358 INFO c.h.h.t.HelmChartContainer - [hivemq-test-hivemq-platform] [hivemq-platform-operator] [81b215ec] 	at io.netty.handler.codec.ByteToMessageDecoder.callDecode(ByteToMessageDecoder.java:469)
2025-01-30 04:05:05,358 INFO c.h.h.t.HelmChartContainer - [hivemq-test-hivemq-platform] [hivemq-platform-operator] [81b215ec] 	at io.netty.handler.codec.ByteToMessageDecoder.channelRead(ByteToMessageDecoder.java:290)
2025-01-30 04:05:05,358 INFO c.h.h.t.HelmChartContainer - [hivemq-test-hivemq-platform] [hivemq-platform-operator] [81b215ec] 	at io.netty.channel.AbstractChannelHandlerContext.invokeChannelRead(AbstractChannelHandlerContext.java:444)
2025-01-30 04:05:05,358 INFO c.h.h.t.HelmChartContainer - [hivemq-test-hivemq-platform] [hivemq-platform-operator] [81b215ec] 	at io.netty.channel.AbstractChannelHandlerContext.invokeChannelRead(AbstractChannelHandlerContext.java:420)
2025-01-30 04:05:05,358 INFO c.h.h.t.HelmChartContainer - [hivemq-test-hivemq-platform] [hivemq-platform-operator] [81b215ec] 	at io.netty.channel.AbstractChannelHandlerContext.fireChannelRead(AbstractChannelHandlerContext.java:412)
2025-01-30 04:05:05,358 INFO c.h.h.t.HelmChartContainer - [hivemq-test-hivemq-platform] [hivemq-platform-operator] [81b215ec] 	at io.netty.channel.DefaultChannelPipeline$HeadContext.channelRead(DefaultChannelPipeline.java:1407)
2025-01-30 04:05:05,358 INFO c.h.h.t.HelmChartContainer - [hivemq-test-hivemq-platform] [hivemq-platform-operator] [81b215ec] 	at io.netty.channel.AbstractChannelHandlerContext.invokeChannelRead(AbstractChannelHandlerContext.java:440)
2025-01-30 04:05:05,358 INFO c.h.h.t.HelmChartContainer - [hivemq-test-hivemq-platform] [hivemq-platform-operator] [81b215ec] 	at io.netty.channel.AbstractChannelHandlerContext.invokeChannelRead(AbstractChannelHandlerContext.java:420)
2025-01-30 04:05:05,358 INFO c.h.h.t.HelmChartContainer - [hivemq-test-hivemq-platform] [hivemq-platform-operator] [81b215ec] 	at io.netty.channel.DefaultChannelPipeline.fireChannelRead(DefaultChannelPipeline.java:918)
2025-01-30 04:05:05,358 INFO c.h.h.t.HelmChartContainer - [hivemq-test-hivemq-platform] [hivemq-platform-operator] [81b215ec] 	at io.netty.channel.nio.AbstractNioByteChannel$NioByteUnsafe.read(AbstractNioByteChannel.java:166)
2025-01-30 04:05:05,358 INFO c.h.h.t.HelmChartContainer - [hivemq-test-hivemq-platform] [hivemq-platform-operator] [81b215ec] 	at io.netty.channel.nio.NioEventLoop.processSelectedKey(NioEventLoop.java:788)
2025-01-30 04:05:05,358 INFO c.h.h.t.HelmChartContainer - [hivemq-test-hivemq-platform] [hivemq-platform-operator] [81b215ec] 	at io.netty.channel.nio.NioEventLoop.processSelectedKeysOptimized(NioEventLoop.java:724)
2025-01-30 04:05:05,358 INFO c.h.h.t.HelmChartContainer - [hivemq-test-hivemq-platform] [hivemq-platform-operator] [81b215ec] 	at io.netty.channel.nio.NioEventLoop.processSelectedKeys(NioEventLoop.java:650)
2025-01-30 04:05:05,358 INFO c.h.h.t.HelmChartContainer - [hivemq-test-hivemq-platform] [hivemq-platform-operator] [81b215ec] 	at io.netty.channel.nio.NioEventLoop.run(NioEventLoop.java:562)
2025-01-30 04:05:05,358 INFO c.h.h.t.HelmChartContainer - [hivemq-test-hivemq-platform] [hivemq-platform-operator] [81b215ec] 	at io.netty.util.concurrent.SingleThreadEventExecutor$4.run(SingleThreadEventExecutor.java:997)
2025-01-30 04:05:05,358 INFO c.h.h.t.HelmChartContainer - [hivemq-test-hivemq-platform] [hivemq-platform-operator] [81b215ec] 	at io.netty.util.internal.ThreadExecutorMap$2.run(ThreadExecutorMap.java:74)
2025-01-30 04:05:05,358 INFO c.h.h.t.HelmChartContainer - [hivemq-test-hivemq-platform] [hivemq-platform-operator] [81b215ec] 	at io.netty.util.concurrent.FastThreadLocalRunnable.run(FastThreadLocalRunnable.java:30)
2025-01-30 04:05:05,358 INFO c.h.h.t.HelmChartContainer - [hivemq-test-hivemq-platform] [hivemq-platform-operator] [81b215ec] 	... 1 more
2025-01-30 04:05:05,358 INFO c.h.h.t.HelmChartContainer - [hivemq-test-hivemq-platform] [hivemq-platform-operator] [81b215ec] 
2025-01-30 04:05:05,358 INFO c.h.h.t.HelmChartContainer - [hivemq-test-hivemq-platform] [hivemq-platform-operator] [81b215ec] 	at io.javaoperatorsdk.operator.monitoring.micrometer.MicrometerMetrics.lambda$timeControllerExecution$0(MicrometerMetrics.java:165)
2025-01-30 04:05:05,358 INFO c.h.h.t.HelmChartContainer - [hivemq-test-hivemq-platform] [hivemq-platform-operator] [81b215ec] 	at io.micrometer.core.instrument.AbstractTimer.record(AbstractTimer.java:190)
2025-01-30 04:05:05,358 INFO c.h.h.t.HelmChartContainer - [hivemq-test-hivemq-platform] [hivemq-platform-operator] [81b215ec] 	at io.javaoperatorsdk.operator.monitoring.micrometer.MicrometerMetrics.timeControllerExecution(MicrometerMetrics.java:161)
2025-01-30 04:05:05,358 INFO c.h.h.t.HelmChartContainer - [hivemq-test-hivemq-platform] [hivemq-platform-operator] [81b215ec] 	at io.javaoperatorsdk.operator.processing.Controller.reconcile(Controller.java:109)
2025-01-30 04:05:05,358 INFO c.h.h.t.HelmChartContainer - [hivemq-test-hivemq-platform] [hivemq-platform-operator] [81b215ec] 	at io.javaoperatorsdk.operator.processing.event.ReconciliationDispatcher.reconcileExecution(ReconciliationDispatcher.java:136)
2025-01-30 04:05:05,358 INFO c.h.h.t.HelmChartContainer - [hivemq-test-hivemq-platform] [hivemq-platform-operator] [81b215ec] 	at io.javaoperatorsdk.operator.processing.event.ReconciliationDispatcher.handleReconcile(ReconciliationDispatcher.java:117)
2025-01-30 04:05:05,358 INFO c.h.h.t.HelmChartContainer - [hivemq-test-hivemq-platform] [hivemq-platform-operator] [81b215ec] 	at io.javaoperatorsdk.operator.processing.event.ReconciliationDispatcher.handleDispatch(ReconciliationDispatcher.java:91)
2025-01-30 04:05:05,358 INFO c.h.h.t.HelmChartContainer - [hivemq-test-hivemq-platform] [hivemq-platform-operator] [81b215ec] 	at io.javaoperatorsdk.operator.processing.event.ReconciliationDispatcher.handleExecution(ReconciliationDispatcher.java:64)
2025-01-30 04:05:05,358 INFO c.h.h.t.HelmChartContainer - [hivemq-test-hivemq-platform] [hivemq-platform-operator] [81b215ec] 	at io.javaoperatorsdk.operator.processing.event.EventProcessor$ReconcilerExecutor.run(EventProcessor.java:452)
2025-01-30 04:05:05,358 INFO c.h.h.t.HelmChartContainer - [hivemq-test-hivemq-platform] [hivemq-platform-operator] [81b215ec] 	at java.base/java.util.concurrent.ThreadPoolExecutor.runWorker(Unknown Source)
2025-01-30 04:05:05,358 INFO c.h.h.t.HelmChartContainer - [hivemq-test-hivemq-platform] [hivemq-platform-operator] [81b215ec] 	at java.base/java.util.concurrent.ThreadPoolExecutor$Worker.run(Unknown Source)
2025-01-30 04:05:05,358 INFO c.h.h.t.HelmChartContainer - [hivemq-test-hivemq-platform] [hivemq-platform-operator] [81b215ec] 	at java.base/java.lang.Thread.run(Unknown Source)
2025-01-30 04:05:05,358 INFO c.h.h.t.HelmChartContainer - [hivemq-test-hivemq-platform] [hivemq-platform-operator] [81b215ec] Caused by: io.javaoperatorsdk.operator.AggregatedOperatorException: Exception(s) during workflow execution. Details:
2025-01-30 04:05:05,358 INFO c.h.h.t.HelmChartContainer - [hivemq-test-hivemq-platform] [hivemq-platform-operator] [81b215ec]  - com.hivemq.platform.operator.dependants.PodInfoConfigMap -> io.fabric8.kubernetes.client.KubernetesClientException: Failure executing: PUT at: https://10.43.0.1:443/api/v1/namespaces/helmmqttit/configmaps/hivemq-platform-test-hivemq-platform-dynamic-state. Message: Operation cannot be fulfilled on configmaps "hivemq-platform-test-hivemq-platform-dynamic-state": StorageError: invalid object, Code: 4, Key: /registry/configmaps/helmmqttit/hivemq-platform-test-hivemq-platform-dynamic-state, ResourceVersion: 0, AdditionalErrorMsg: Precondition failed: UID in precondition: 1a58f6bb-aece-4091-bf4e-8645c183e0de, UID in object meta: . Received status: Status(apiVersion=v1, code=409, details=StatusDetails(causes=[], group=null, kind=configmaps, name=hivemq-platform-test-hivemq-platform-dynamic-state, retryAfterSeconds=null, uid=null, additionalProperties={}), kind=Status, message=Operation cannot be fulfilled on configmaps "hivemq-platform-test-hivemq-platform-dynamic-state": StorageError: invalid object, Code: 4, Key: /registry/configmaps/helmmqttit/hivemq-platform-test-hivemq-platform-dynamic-state, ResourceVersion: 0, AdditionalErrorMsg: Precondition failed: UID in precondition: 1a58f6bb-aece-4091-bf4e-8645c183e0de, UID in object meta: , metadata=ListMeta(_continue=null, remainingItemCount=null, resourceVersion=null, selfLink=null, additionalProperties={}), reason=Conflict, status=Failure, additionalProperties={}).
2025-01-30 04:05:05,358 INFO c.h.h.t.HelmChartContainer - [hivemq-test-hivemq-platform] [hivemq-platform-operator] [81b215ec] 	at io.fabric8.kubernetes.client.KubernetesClientException.copyAsCause(KubernetesClientException.java:238)
2025-01-30 04:05:05,358 INFO c.h.h.t.HelmChartContainer - [hivemq-test-hivemq-platform] [hivemq-platform-operator] [81b215ec] 	at io.fabric8.kubernetes.client.dsl.internal.OperationSupport.waitForResult(OperationSupport.java:507)
2025-01-30 04:05:05,358 INFO c.h.h.t.HelmChartContainer - [hivemq-test-hivemq-platform] [hivemq-platform-operator] [81b215ec] 	at io.fabric8.kubernetes.client.dsl.internal.OperationSupport.handleResponse(OperationSupport.java:524)
2025-01-30 04:05:05,358 INFO c.h.h.t.HelmChartContainer - [hivemq-test-hivemq-platform] [hivemq-platform-operator] [81b215ec] 	at io.fabric8.kubernetes.client.dsl.internal.OperationSupport.handleUpdate(OperationSupport.java:358)
2025-01-30 04:05:05,358 INFO c.h.h.t.HelmChartContainer - [hivemq-test-hivemq-platform] [hivemq-platform-operator] [81b215ec] 	at io.fabric8.kubernetes.client.dsl.internal.BaseOperation.handleUpdate(BaseOperation.java:759)
2025-01-30 04:05:05,358 INFO c.h.h.t.HelmChartContainer - [hivemq-test-hivemq-platform] [hivemq-platform-operator] [81b215ec] 	at io.fabric8.kubernetes.client.dsl.internal.HasMetadataOperation.update(HasMetadataOperation.java:138)
2025-01-30 04:05:05,358 INFO c.h.h.t.HelmChartContainer - [hivemq-test-hivemq-platform] [hivemq-platform-operator] [81b215ec] 	at io.fabric8.kubernetes.client.dsl.internal.HasMetadataOperation.update(HasMetadataOperation.java:121)
2025-01-30 04:05:05,358 INFO c.h.h.t.HelmChartContainer - [hivemq-test-hivemq-platform] [hivemq-platform-operator] [81b215ec] 	at io.fabric8.kubernetes.client.dsl.internal.HasMetadataOperation.update(HasMetadataOperation.java:44)
2025-01-30 04:05:05,358 INFO c.h.h.t.HelmChartContainer - [hivemq-test-hivemq-platform] [hivemq-platform-operator] [81b215ec] 	at io.fabric8.kubernetes.client.extension.ResourceAdapter.update(ResourceAdapter.java:345)
2025-01-30 04:05:05,358 INFO c.h.h.t.HelmChartContainer - [hivemq-test-hivemq-platform] [hivemq-platform-operator] [81b215ec] 	at io.javaoperatorsdk.operator.processing.dependent.kubernetes.KubernetesDependentResource.update(KubernetesDependentResource.java:140)
2025-01-30 04:05:05,358 INFO c.h.h.t.HelmChartContainer - [hivemq-test-hivemq-platform] [hivemq-platform-operator] [81b215ec] 	at com.hivemq.platform.operator.dependants.PodInfoConfigMap.update(PodInfoConfigMap.java:167)
2025-01-30 04:05:05,358 INFO c.h.h.t.HelmChartContainer - [hivemq-test-hivemq-platform] [hivemq-platform-operator] [81b215ec] 	at com.hivemq.platform.operator.dependants.PodInfoConfigMap.update(PodInfoConfigMap.java:39)
2025-01-30 04:05:05,358 INFO c.h.h.t.HelmChartContainer - [hivemq-test-hivemq-platform] [hivemq-platform-operator] [81b215ec] 	at io.javaoperatorsdk.operator.processing.dependent.AbstractDependentResource.handleUpdate(AbstractDependentResource.java:148)
2025-01-30 04:05:05,358 INFO c.h.h.t.HelmChartContainer - [hivemq-test-hivemq-platform] [hivemq-platform-operator] [81b215ec] 	at io.javaoperatorsdk.operator.processing.dependent.AbstractDependentResource.reconcile(AbstractDependentResource.java:72)
2025-01-30 04:05:05,358 INFO c.h.h.t.HelmChartContainer - [hivemq-test-hivemq-platform] [hivemq-platform-operator] [81b215ec] 	at io.javaoperatorsdk.operator.processing.dependent.SingleDependentResourceReconciler.reconcile(SingleDependentResourceReconciler.java:19)
2025-01-30 04:05:05,358 INFO c.h.h.t.HelmChartContainer - [hivemq-test-hivemq-platform] [hivemq-platform-operator] [81b215ec] 	at io.javaoperatorsdk.operator.processing.dependent.AbstractDependentResource.reconcile(AbstractDependentResource.java:52)
2025-01-30 04:05:05,358 INFO c.h.h.t.HelmChartContainer - [hivemq-test-hivemq-platform] [hivemq-platform-operator] [81b215ec] 	at com.hivemq.platform.operator.dependants.PodInfoConfigMap.reconcile(PodInfoConfigMap.java:74)
2025-01-30 04:05:05,358 INFO c.h.h.t.HelmChartContainer - [hivemq-test-hivemq-platform] [hivemq-platform-operator] [81b215ec] 	at com.hivemq.platform.operator.dependants.PodInfoConfigMap.reconcile(PodInfoConfigMap.java:39)
2025-01-30 04:05:05,360 INFO c.h.h.t.HelmChartContainer - [hivemq-test-hivemq-platform] [hivemq-platform-operator] [81b215ec] 	at io.javaoperatorsdk.operator.processing.dependent.workflow.WorkflowReconcileExecutor$NodeReconcileExecutor.doRun(WorkflowReconcileExecutor.java:123)
2025-01-30 04:05:05,360 INFO c.h.h.t.HelmChartContainer - [hivemq-test-hivemq-platform] [hivemq-platform-operator] [81b215ec] 	at io.javaoperatorsdk.operator.processing.dependent.workflow.NodeExecutor.run(NodeExecutor.java:22)
2025-01-30 04:05:05,360 INFO c.h.h.t.HelmChartContainer - [hivemq-test-hivemq-platform] [hivemq-platform-operator] [81b215ec] 	at java.base/java.util.concurrent.Executors$RunnableAdapter.call(Unknown Source)
2025-01-30 04:05:05,360 INFO c.h.h.t.HelmChartContainer - [hivemq-test-hivemq-platform] [hivemq-platform-operator] [81b215ec] 	at java.base/java.util.concurrent.FutureTask.run(Unknown Source)
2025-01-30 04:05:05,360 INFO c.h.h.t.HelmChartContainer - [hivemq-test-hivemq-platform] [hivemq-platform-operator] [81b215ec] 	at java.base/java.util.concurrent.ThreadPoolExecutor.runWorker(Unknown Source)
2025-01-30 04:05:05,360 INFO c.h.h.t.HelmChartContainer - [hivemq-test-hivemq-platform] [hivemq-platform-operator] [81b215ec] 	at java.base/java.util.concurrent.ThreadPoolExecutor$Worker.run(Unknown Source)
2025-01-30 04:05:05,360 INFO c.h.h.t.HelmChartContainer - [hivemq-test-hivemq-platform] [hivemq-platform-operator] [81b215ec] 	at java.base/java.lang.Thread.run(Unknown Source)
2025-01-30 04:05:05,360 INFO c.h.h.t.HelmChartContainer - [hivemq-test-hivemq-platform] [hivemq-platform-operator] [81b215ec] Caused by: io.fabric8.kubernetes.client.KubernetesClientException: Failure executing: PUT at: https://10.43.0.1:443/api/v1/namespaces/helmmqttit/configmaps/hivemq-platform-test-hivemq-platform-dynamic-state. Message: Operation cannot be fulfilled on configmaps "hivemq-platform-test-hivemq-platform-dynamic-state": StorageError: invalid object, Code: 4, Key: /registry/configmaps/helmmqttit/hivemq-platform-test-hivemq-platform-dynamic-state, ResourceVersion: 0, AdditionalErrorMsg: Precondition failed: UID in precondition: 1a58f6bb-aece-4091-bf4e-8645c183e0de, UID in object meta: . Received status: Status(apiVersion=v1, code=409, details=StatusDetails(causes=[], group=null, kind=configmaps, name=hivemq-platform-test-hivemq-platform-dynamic-state, retryAfterSeconds=null, uid=null, additionalProperties={}), kind=Status, message=Operation cannot be fulfilled on configmaps "hivemq-platform-test-hivemq-platform-dynamic-state": StorageError: invalid object, Code: 4, Key: /registry/configmaps/helmmqttit/hivemq-platform-test-hivemq-platform-dynamic-state, ResourceVersion: 0, AdditionalErrorMsg: Precondition failed: UID in precondition: 1a58f6bb-aece-4091-bf4e-8645c183e0de, UID in object meta: , metadata=ListMeta(_continue=null, remainingItemCount=null, resourceVersion=null, selfLink=null, additionalProperties={}), reason=Conflict, status=Failure, additionalProperties={}).
2025-01-30 04:05:05,360 INFO c.h.h.t.HelmChartContainer - [hivemq-test-hivemq-platform] [hivemq-platform-operator] [81b215ec] 	at io.fabric8.kubernetes.client.dsl.internal.OperationSupport.requestFailure(OperationSupport.java:660)
2025-01-30 04:05:05,360 INFO c.h.h.t.HelmChartContainer - [hivemq-test-hivemq-platform] [hivemq-platform-operator] [81b215ec] 	at io.fabric8.kubernetes.client.dsl.internal.OperationSupport.requestFailure(OperationSupport.java:640)
2025-01-30 04:05:05,360 INFO c.h.h.t.HelmChartContainer - [hivemq-test-hivemq-platform] [hivemq-platform-operator] [81b215ec] 	at io.fabric8.kubernetes.client.dsl.internal.OperationSupport.assertResponseCode(OperationSupport.java:589)
2025-01-30 04:05:05,360 INFO c.h.h.t.HelmChartContainer - [hivemq-test-hivemq-platform] [hivemq-platform-operator] [81b215ec] 	at io.fabric8.kubernetes.client.dsl.internal.OperationSupport.lambda$handleResponse$0(OperationSupport.java:549)
2025-01-30 04:05:05,360 INFO c.h.h.t.HelmChartContainer - [hivemq-test-hivemq-platform] [hivemq-platform-operator] [81b215ec] 	at java.base/java.util.concurrent.CompletableFuture$UniApply.tryFire(Unknown Source)
2025-01-30 04:05:05,360 INFO c.h.h.t.HelmChartContainer - [hivemq-test-hivemq-platform] [hivemq-platform-operator] [81b215ec] 	at java.base/java.util.concurrent.CompletableFuture.postComplete(Unknown Source)
2025-01-30 04:05:05,360 INFO c.h.h.t.HelmChartContainer - [hivemq-test-hivemq-platform] [hivemq-platform-operator] [81b215ec] 	at java.base/java.util.concurrent.CompletableFuture.complete(Unknown Source)
2025-01-30 04:05:05,360 INFO c.h.h.t.HelmChartContainer - [hivemq-test-hivemq-platform] [hivemq-platform-operator] [81b215ec] 	at io.fabric8.kubernetes.client.http.StandardHttpClient.lambda$completeOrCancel$10(StandardHttpClient.java:141)
2025-01-30 04:05:05,361 INFO c.h.h.t.HelmChartContainer - [hivemq-test-hivemq-platform] [hivemq-platform-operator] [81b215ec] 	at java.base/java.util.concurrent.CompletableFuture.uniWhenComplete(Unknown Source)
2025-01-30 04:05:05,361 INFO c.h.h.t.HelmChartContainer - [hivemq-test-hivemq-platform] [hivemq-platform-operator] [81b215ec] 	at java.base/java.util.concurrent.CompletableFuture$UniWhenComplete.tryFire(Unknown Source)
2025-01-30 04:05:05,361 INFO c.h.h.t.HelmChartContainer - [hivemq-test-hivemq-platform] [hivemq-platform-operator] [81b215ec] 	at java.base/java.util.concurrent.CompletableFuture.postComplete(Unknown Source)
2025-01-30 04:05:05,361 INFO c.h.h.t.HelmChartContainer - [hivemq-test-hivemq-platform] [hivemq-platform-operator] [81b215ec] 	at java.base/java.util.concurrent.CompletableFuture.complete(Unknown Source)
2025-01-30 04:05:05,361 INFO c.h.h.t.HelmChartContainer - [hivemq-test-hivemq-platform] [hivemq-platform-operator] [81b215ec] 	at io.fabric8.kubernetes.client.http.ByteArrayBodyHandler.onBodyDone(ByteArrayBodyHandler.java:51)
2025-01-30 04:05:05,361 INFO c.h.h.t.HelmChartContainer - [hivemq-test-hivemq-platform] [hivemq-platform-operator] [81b215ec] 	at java.base/java.util.concurrent.CompletableFuture.uniWhenComplete(Unknown Source)
2025-01-30 04:05:05,361 INFO c.h.h.t.HelmChartContainer - [hivemq-test-hivemq-platform] [hivemq-platform-operator] [81b215ec] 	at java.base/java.util.concurrent.CompletableFuture$UniWhenComplete.tryFire(Unknown Source)
2025-01-30 04:05:05,361 INFO c.h.h.t.HelmChartContainer - [hivemq-test-hivemq-platform] [hivemq-platform-operator] [81b215ec] 	at java.base/java.util.concurrent.CompletableFuture.postComplete(Unknown Source)
2025-01-30 04:05:05,361 INFO c.h.h.t.HelmChartContainer - [hivemq-test-hivemq-platform] [hivemq-platform-operator] [81b215ec] 	at java.base/java.util.concurrent.CompletableFuture.complete(Unknown Source)
2025-01-30 04:05:05,361 INFO c.h.h.t.HelmChartContainer - [hivemq-test-hivemq-platform] [hivemq-platform-operator] [81b215ec] 	at io.fabric8.kubernetes.client.vertx.VertxHttpRequest.lambda$null$1(VertxHttpRequest.java:121)
2025-01-30 04:05:05,361 INFO c.h.h.t.HelmChartContainer - [hivemq-test-hivemq-platform] [hivemq-platform-operator] [81b215ec] 	at io.vertx.core.impl.ContextInternal.dispatch(ContextInternal.java:279)
2025-01-30 04:05:05,361 INFO c.h.h.t.HelmChartContainer - [hivemq-test-hivemq-platform] [hivemq-platform-operator] [81b215ec] 	at io.vertx.core.impl.ContextInternal.dispatch(ContextInternal.java:261)
2025-01-30 04:05:05,361 INFO c.h.h.t.HelmChartContainer - [hivemq-test-hivemq-platform] [hivemq-platform-operator] [81b215ec] 	at io.vertx.core.http.impl.HttpEventHandler.handleEnd(HttpEventHandler.java:76)
2025-01-30 04:05:05,361 INFO c.h.h.t.HelmChartContainer - [hivemq-test-hivemq-platform] [hivemq-platform-operator] [81b215ec] 	at io.vertx.core.http.impl.HttpClientResponseImpl.handleEnd(HttpClientResponseImpl.java:250)
2025-01-30 04:05:05,361 INFO c.h.h.t.HelmChartContainer - [hivemq-test-hivemq-platform] [hivemq-platform-operator] [81b215ec] 	at io.vertx.core.http.impl.Http1xClientConnection$StreamImpl.lambda$new$0(Http1xClientConnection.java:421)
2025-01-30 04:05:05,361 INFO c.h.h.t.HelmChartContainer - [hivemq-test-hivemq-platform] [hivemq-platform-operator] [81b215ec] 	at io.vertx.core.streams.impl.InboundBuffer.handleEvent(InboundBuffer.java:279)
2025-01-30 04:05:05,361 INFO c.h.h.t.HelmChartContainer - [hivemq-test-hivemq-platform] [hivemq-platform-operator] [81b215ec] 	at io.vertx.core.streams.impl.InboundBuffer.write(InboundBuffer.java:157)
2025-01-30 04:05:05,361 INFO c.h.h.t.HelmChartContainer - [hivemq-test-hivemq-platform] [hivemq-platform-operator] [81b215ec] 	at io.vertx.core.http.impl.Http1xClientConnection$StreamImpl.handleEnd(Http1xClientConnection.java:709)
2025-01-30 04:05:05,361 INFO c.h.h.t.HelmChartContainer - [hivemq-test-hivemq-platform] [hivemq-platform-operator] [81b215ec] 	at io.vertx.core.impl.ContextImpl.execute(ContextImpl.java:313)
2025-01-30 04:05:05,361 INFO c.h.h.t.HelmChartContainer - [hivemq-test-hivemq-platform] [hivemq-platform-operator] [81b215ec] 	at io.vertx.core.impl.ContextImpl.execute(ContextImpl.java:293)
2025-01-30 04:05:05,361 INFO c.h.h.t.HelmChartContainer - [hivemq-test-hivemq-platform] [hivemq-platform-operator] [81b215ec] 	at io.vertx.core.http.impl.Http1xClientConnection.handleResponseEnd(Http1xClientConnection.java:940)
2025-01-30 04:05:05,361 INFO c.h.h.t.HelmChartContainer - [hivemq-test-hivemq-platform] [hivemq-platform-operator] [81b215ec] 	at io.vertx.core.http.impl.Http1xClientConnection.handleHttpMessage(Http1xClientConnection.java:810)
2025-01-30 04:05:05,361 INFO c.h.h.t.HelmChartContainer - [hivemq-test-hivemq-platform] [hivemq-platform-operator] [81b215ec] 	at io.vertx.core.http.impl.Http1xClientConnection.handleMessage(Http1xClientConnection.java:774)
2025-01-30 04:05:05,361 INFO c.h.h.t.HelmChartContainer - [hivemq-test-hivemq-platform] [hivemq-platform-operator] [81b215ec] 	at io.vertx.core.net.impl.ConnectionBase.read(ConnectionBase.java:159)
2025-01-30 04:05:05,361 INFO c.h.h.t.HelmChartContainer - [hivemq-test-hivemq-platform] [hivemq-platform-operator] [81b215ec] 	at io.vertx.core.net.impl.VertxHandler.channelRead(VertxHandler.java:153)
2025-01-30 04:05:05,361 INFO c.h.h.t.HelmChartContainer - [hivemq-test-hivemq-platform] [hivemq-platform-operator] [81b215ec] 	at io.netty.channel.AbstractChannelHandlerContext.invokeChannelRead(AbstractChannelHandlerContext.java:442)
2025-01-30 04:05:05,361 INFO c.h.h.t.HelmChartContainer - [hivemq-test-hivemq-platform] [hivemq-platform-operator] [81b215ec] 	at io.netty.channel.AbstractChannelHandlerContext.invokeChannelRead(AbstractChannelHandlerContext.java:420)
2025-01-30 04:05:05,361 INFO c.h.h.t.HelmChartContainer - [hivemq-test-hivemq-platform] [hivemq-platform-operator] [81b215ec] 	at io.netty.channel.AbstractChannelHandlerContext.fireChannelRead(AbstractChannelHandlerContext.java:412)
2025-01-30 04:05:05,361 INFO c.h.h.t.HelmChartContainer - [hivemq-test-hivemq-platform] [hivemq-platform-operator] [81b215ec] 	at io.netty.channel.CombinedChannelDuplexHandler$DelegatingChannelHandlerContext.fireChannelRead(CombinedChannelDuplexHandler.java:436)
2025-01-30 04:05:05,361 INFO c.h.h.t.HelmChartContainer - [hivemq-test-hivemq-platform] [hivemq-platform-operator] [81b215ec] 	at io.netty.handler.codec.ByteToMessageDecoder.fireChannelRead(ByteToMessageDecoder.java:346)
2025-01-30 04:05:05,361 INFO c.h.h.t.HelmChartContainer - [hivemq-test-hivemq-platform] [hivemq-platform-operator] [81b215ec] 	at io.netty.handler.codec.ByteToMessageDecoder.channelRead(ByteToMessageDecoder.java:318)
2025-01-30 04:05:05,361 INFO c.h.h.t.HelmChartContainer - [hivemq-test-hivemq-platform] [hivemq-platform-operator] [81b215ec] 	at io.netty.channel.CombinedChannelDuplexHandler.channelRead(CombinedChannelDuplexHandler.java:251)
2025-01-30 04:05:05,361 INFO c.h.h.t.HelmChartContainer - [hivemq-test-hivemq-platform] [hivemq-platform-operator] [81b215ec] 	at io.netty.channel.AbstractChannelHandlerContext.invokeChannelRead(AbstractChannelHandlerContext.java:442)
2025-01-30 04:05:05,361 INFO c.h.h.t.HelmChartContainer - [hivemq-test-hivemq-platform] [hivemq-platform-operator] [81b215ec] 	at io.netty.channel.AbstractChannelHandlerContext.invokeChannelRead(AbstractChannelHandlerContext.java:420)
2025-01-30 04:05:05,361 INFO c.h.h.t.HelmChartContainer - [hivemq-test-hivemq-platform] [hivemq-platform-operator] [81b215ec] 	at io.netty.channel.AbstractChannelHandlerContext.fireChannelRead(AbstractChannelHandlerContext.java:412)
2025-01-30 04:05:05,361 INFO c.h.h.t.HelmChartContainer - [hivemq-test-hivemq-platform] [hivemq-platform-operator] [81b215ec] 	at io.netty.handler.ssl.SslHandler.unwrap(SslHandler.java:1475)
2025-01-30 04:05:05,361 INFO c.h.h.t.HelmChartContainer - [hivemq-test-hivemq-platform] [hivemq-platform-operator] [81b215ec] 	at io.netty.handler.ssl.SslHandler.decodeJdkCompatible(SslHandler.java:1338)
2025-01-30 04:05:05,361 INFO c.h.h.t.HelmChartContainer - [hivemq-test-hivemq-platform] [hivemq-platform-operator] [81b215ec] 	at io.netty.handler.ssl.SslHandler.decode(SslHandler.java:1387)
2025-01-30 04:05:05,361 INFO c.h.h.t.HelmChartContainer - [hivemq-test-hivemq-platform] [hivemq-platform-operator] [81b215ec] 	at io.netty.handler.codec.ByteToMessageDecoder.decodeRemovalReentryProtection(ByteToMessageDecoder.java:530)
2025-01-30 04:05:05,361 INFO c.h.h.t.HelmChartContainer - [hivemq-test-hivemq-platform] [hivemq-platform-operator] [81b215ec] 	at io.netty.handler.codec.ByteToMessageDecoder.callDecode(ByteToMessageDecoder.java:469)
2025-01-30 04:05:05,361 INFO c.h.h.t.HelmChartContainer - [hivemq-test-hivemq-platform] [hivemq-platform-operator] [81b215ec] 	at io.netty.handler.codec.ByteToMessageDecoder.channelRead(ByteToMessageDecoder.java:290)
2025-01-30 04:05:05,361 INFO c.h.h.t.HelmChartContainer - [hivemq-test-hivemq-platform] [hivemq-platform-operator] [81b215ec] 	at io.netty.channel.AbstractChannelHandlerContext.invokeChannelRead(AbstractChannelHandlerContext.java:444)
2025-01-30 04:05:05,361 INFO c.h.h.t.HelmChartContainer - [hivemq-test-hivemq-platform] [hivemq-platform-operator] [81b215ec] 	at io.netty.channel.AbstractChannelHandlerContext.invokeChannelRead(AbstractChannelHandlerContext.java:420)
2025-01-30 04:05:05,361 INFO c.h.h.t.HelmChartContainer - [hivemq-test-hivemq-platform] [hivemq-platform-operator] [81b215ec] 	at io.netty.channel.AbstractChannelHandlerContext.fireChannelRead(AbstractChannelHandlerContext.java:412)
2025-01-30 04:05:05,361 INFO c.h.h.t.HelmChartContainer - [hivemq-test-hivemq-platform] [hivemq-platform-operator] [81b215ec] 	at io.netty.channel.DefaultChannelPipeline$HeadContext.channelRead(DefaultChannelPipeline.java:1407)
2025-01-30 04:05:05,361 INFO c.h.h.t.HelmChartContainer - [hivemq-test-hivemq-platform] [hivemq-platform-operator] [81b215ec] 	at io.netty.channel.AbstractChannelHandlerContext.invokeChannelRead(AbstractChannelHandlerContext.java:440)
2025-01-30 04:05:05,361 INFO c.h.h.t.HelmChartContainer - [hivemq-test-hivemq-platform] [hivemq-platform-operator] [81b215ec] 	at io.netty.channel.AbstractChannelHandlerContext.invokeChannelRead(AbstractChannelHandlerContext.java:420)
2025-01-30 04:05:05,361 INFO c.h.h.t.HelmChartContainer - [hivemq-test-hivemq-platform] [hivemq-platform-operator] [81b215ec] 	at io.netty.channel.DefaultChannelPipeline.fireChannelRead(DefaultChannelPipeline.java:918)
2025-01-30 04:05:05,361 INFO c.h.h.t.HelmChartContainer - [hivemq-test-hivemq-platform] [hivemq-platform-operator] [81b215ec] 	at io.netty.channel.nio.AbstractNioByteChannel$NioByteUnsafe.read(AbstractNioByteChannel.java:166)
2025-01-30 04:05:05,361 INFO c.h.h.t.HelmChartContainer - [hivemq-test-hivemq-platform] [hivemq-platform-operator] [81b215ec] 	at io.netty.channel.nio.NioEventLoop.processSelectedKey(NioEventLoop.java:788)
2025-01-30 04:05:05,361 INFO c.h.h.t.HelmChartContainer - [hivemq-test-hivemq-platform] [hivemq-platform-operator] [81b215ec] 	at io.netty.channel.nio.NioEventLoop.processSelectedKeysOptimized(NioEventLoop.java:724)
2025-01-30 04:05:05,361 INFO c.h.h.t.HelmChartContainer - [hivemq-test-hivemq-platform] [hivemq-platform-operator] [81b215ec] 	at io.netty.channel.nio.NioEventLoop.processSelectedKeys(NioEventLoop.java:650)
2025-01-30 04:05:05,361 INFO c.h.h.t.HelmChartContainer - [hivemq-test-hivemq-platform] [hivemq-platform-operator] [81b215ec] 	at io.netty.channel.nio.NioEventLoop.run(NioEventLoop.java:562)
2025-01-30 04:05:05,361 INFO c.h.h.t.HelmChartContainer - [hivemq-test-hivemq-platform] [hivemq-platform-operator] [81b215ec] 	at io.netty.util.concurrent.SingleThreadEventExecutor$4.run(SingleThreadEventExecutor.java:997)
2025-01-30 04:05:05,361 INFO c.h.h.t.HelmChartContainer - [hivemq-test-hivemq-platform] [hivemq-platform-operator] [81b215ec] 	at io.netty.util.internal.ThreadExecutorMap$2.run(ThreadExecutorMap.java:74)
2025-01-30 04:05:05,361 INFO c.h.h.t.HelmChartContainer - [hivemq-test-hivemq-platform] [hivemq-platform-operator] [81b215ec] 	at io.netty.util.concurrent.FastThreadLocalRunnable.run(FastThreadLocalRunnable.java:30)
2025-01-30 04:05:05,361 INFO c.h.h.t.HelmChartContainer - [hivemq-test-hivemq-platform] [hivemq-platform-operator] [81b215ec] 	... 1 more
2025-01-30 04:05:05,361 INFO c.h.h.t.HelmChartContainer - [hivemq-test-hivemq-platform] [hivemq-platform-operator] [81b215ec] 
2025-01-30 04:05:05,361 INFO c.h.h.t.HelmChartContainer - [hivemq-test-hivemq-platform] [hivemq-platform-operator] [81b215ec] 	at io.javaoperatorsdk.operator.processing.dependent.workflow.WorkflowResult.throwAggregateExceptionIfErrorsPresent(WorkflowResult.java:54)
2025-01-30 04:05:05,361 INFO c.h.h.t.HelmChartContainer - [hivemq-test-hivemq-platform] [hivemq-platform-operator] [81b215ec] 	at io.javaoperatorsdk.operator.processing.dependent.workflow.WorkflowReconcileResult.throwAggregateExceptionIfErrorsPresent(WorkflowReconcileResult.java:9)
2025-01-30 04:05:05,363 INFO c.h.h.t.HelmChartContainer - [hivemq-test-hivemq-platform] [hivemq-platform-operator] [81b215ec] 	at io.javaoperatorsdk.operator.processing.dependent.workflow.DefaultWorkflow.reconcile(DefaultWorkflow.java:98)
2025-01-30 04:05:05,363 INFO c.h.h.t.HelmChartContainer - [hivemq-test-hivemq-platform] [hivemq-platform-operator] [81b215ec] 	at io.javaoperatorsdk.operator.processing.Controller$1.execute(Controller.java:147)
2025-01-30 04:05:05,363 INFO c.h.h.t.HelmChartContainer - [hivemq-test-hivemq-platform] [hivemq-platform-operator] [81b215ec] 	at io.javaoperatorsdk.operator.processing.Controller$1.execute(Controller.java:110)
2025-01-30 04:05:05,363 INFO c.h.h.t.HelmChartContainer - [hivemq-test-hivemq-platform] [hivemq-platform-operator] [81b215ec] 	at io.javaoperatorsdk.operator.monitoring.micrometer.MicrometerMetrics.lambda$timeControllerExecution$0(MicrometerMetrics.java:163)
2025-01-30 04:05:05,363 INFO c.h.h.t.HelmChartContainer - [hivemq-test-hivemq-platform] [hivemq-platform-operator] [81b215ec] 	... 11 common frames omitted
2025-01-30 04:05:05,363 INFO c.h.h.t.HelmChartContainer - [hivemq-test-hivemq-platform] [hivemq-platform-operator] [81b215ec] 04:05:05.354 [ReconcilerExecutor-hivemq-controller-122] INFO  c.h.p.o.HiveMQPlatformReconciler - [helmmqtt] Cleanup test-hivemq-platform - helmmqttit HiveMQ Platform is shut down
2025-01-30 04:05:05,800 INFO c.h.h.t.HelmChartContainer - [POD] svclb-hivemq-test-hivemq-platform-mqtt-1884-ec158a79-zjlhp [a21a5e2b-2477-4300-91c5-9f6a53b1072e] in kube-system was MODIFIED
2025-01-30 04:05:05,805 INFO c.h.h.t.HelmChartContainer - [K3S] [event.go:389] "Event occurred" object="helmmqttit/hivemq-test-hivemq-platform-mqtt-1884" fieldPath="" kind="Service" apiVersion="v1" type="Normal" reason="UpdatedLoadBalancer" message="Updated LoadBalancer with new IPs: [] -> [172.18.0.2]"
2025-01-30 04:05:05,812 INFO c.h.h.t.HelmChartContainer - [EVENT] Normal [UpdatedLoadBalancer] Updated LoadBalancer with new IPs: [] -> [172.18.0.2] [helmmqttit:hivemq-test-hivemq-platform-mqtt-1884]
2025-01-30 04:05:05,906 INFO c.h.h.t.HelmChartContainer - [EVENT] Normal [Killing] Stopping container hivemq [helmmqttit:test-hivemq-platform-0]
2025-01-30 04:05:05,907 INFO c.h.h.t.HelmChartContainer - [POD] test-hivemq-platform-0 [eaa183f8-5979-42bc-8b85-471abe1604b2] in helmmqttit was MODIFIED
2025-01-30 04:05:05,910 INFO c.h.h.t.HelmChartContainer - Received Killing event for container hivemq in pod test-hivemq-platform-0 [eaa183f8-5979-42bc-8b85-471abe1604b2]
2025-01-30 04:05:05,910 INFO c.h.h.t.HelmChartContainer - Container [test-hivemq-platform-0] [hivemq] [eaa183f8-5979-42bc-8b85-471abe1604b2] was terminated
2025-01-30 04:05:05,910 INFO c.h.h.t.HelmChartContainer - Stopped log watcher for hivemq in pod test-hivemq-platform-0 [eaa183f8-5979-42bc-8b85-471abe1604b2]
2025-01-30 04:05:05,930 INFO c.h.h.t.HelmChartContainer - [test-hivemq-platform] [hivemq] [eaa183f8] INFO  - [HiveMQ Platform Operator Init App 1.7.0-SNAPSHOT] Shutting down
2025-01-30 04:05:05,932 INFO c.h.h.t.HelmChartContainer - [test-hivemq-platform] [hivemq] [eaa183f8] INFO  - [HiveMQ Platform Operator Init App 1.7.0-SNAPSHOT] Stopping the HiveMQ Platform
2025-01-30 04:05:05,943 INFO c.h.h.t.HelmChartContainer - [K3S] [event.go:389] "Event occurred" object="helmmqttit/hivemq-test-hivemq-platform-mqtt-1884" fieldPath="" kind="Service" apiVersion="v1" type="Normal" reason="UpdatedLoadBalancer" message="Updated LoadBalancer with new IPs: [172.18.0.2] -> [172.18.0.2]"
2025-01-30 04:05:05,951 INFO c.h.h.t.HelmChartContainer - [EVENT] Normal [UpdatedLoadBalancer] Updated LoadBalancer with new IPs: [172.18.0.2] -> [172.18.0.2] [helmmqttit:hivemq-test-hivemq-platform-mqtt-1884]
2025-01-30 04:05:06,003 INFO c.h.h.t.HelmChartContainer - [POD] svclb-hivemq-test-hivemq-platform-mqtt-1884-ec158a79-zjlhp [a21a5e2b-2477-4300-91c5-9f6a53b1072e] in kube-system was MODIFIED
2025-01-30 04:05:06,007 INFO c.h.h.t.HelmChartContainer - [K3S] [event.go:389] "Event occurred" object="helmmqttit/hivemq-test-hivemq-platform-mqtt-1884" fieldPath="" kind="Service" apiVersion="v1" type="Warning" reason="UnAvailableLoadBalancer" message="There are no available nodes for LoadBalancer"
2025-01-30 04:05:06,009 INFO c.h.h.t.HelmChartContainer - [EVENT] Warning [UnAvailableLoadBalancer] There are no available nodes for LoadBalancer [helmmqttit:hivemq-test-hivemq-platform-mqtt-1884]
2025-01-30 04:05:06,052 INFO c.h.h.t.HelmChartContainer - [test-hivemq-platform] [hivemq] [eaa183f8] INFO  - Shutting down HiveMQ. Please wait, this could take a while...
2025-01-30 04:05:06,083 INFO c.h.h.t.HelmChartContainer - [test-hivemq-platform] [hivemq] [eaa183f8] INFO  - Shutting down listeners and clients
2025-01-30 04:05:06,133 INFO c.h.h.t.HelmChartContainer - [test-hivemq-platform] [hivemq] [eaa183f8] INFO  - Shutdown of listeners is done
2025-01-30 04:05:06,133 INFO c.h.h.t.HelmChartContainer - [test-hivemq-platform] [hivemq] [eaa183f8] INFO  - No clients are connected, proceeding with shutdown
2025-01-30 04:05:06,565 INFO c.h.h.t.HelmChartContainer - [K3S] [scope.go:117] "RemoveContainer" containerID="9bf6b84112bd6e12b81a1773110490cba88b8ab83c969fc297bd5adbbac4a587"
2025-01-30 04:05:06,568 INFO c.h.h.t.HelmChartContainer - [K3S] [scope.go:117] "RemoveContainer" containerID="9bf6b84112bd6e12b81a1773110490cba88b8ab83c969fc297bd5adbbac4a587"
2025-01-30 04:05:06,574 INFO c.h.h.t.HelmChartContainer - [POD] svclb-hivemq-test-hivemq-platform-mqtt-1884-ec158a79-zjlhp [a21a5e2b-2477-4300-91c5-9f6a53b1072e] in kube-system was MODIFIED
2025-01-30 04:05:06,577 INFO c.h.h.t.HelmChartContainer - [POD] svclb-hivemq-test-hivemq-platform-mqtt-1884-ec158a79-zjlhp [a21a5e2b-2477-4300-91c5-9f6a53b1072e] in kube-system was DELETED
2025-01-30 04:05:07,242 INFO c.h.h.t.HelmChartContainer - Deleting namespace 'helmmqttit'...
2025-01-30 04:05:08,047 INFO c.h.h.t.HelmChartContainer - [K3S] [kubelet_volumes.go:163] "Cleaned up orphaned pod volumes dir" podUID="a21a5e2b-2477-4300-91c5-9f6a53b1072e" path="/var/lib/kubelet/pods/a21a5e2b-2477-4300-91c5-9f6a53b1072e/volumes"
2025-01-30 04:05:08,888 INFO c.h.h.t.HelmChartContainer - [test-hivemq-platform] [hivemq] [eaa183f8] INFO  - Shutting down extension system
2025-01-30 04:05:08,893 INFO c.h.h.t.HelmChartContainer - [test-hivemq-platform] [hivemq] [eaa183f8] INFO  - Stopping extension with id hivemq-dns-cluster-discovery
2025-01-30 04:05:08,895 INFO c.h.h.t.HelmChartContainer - [test-hivemq-platform] [hivemq] [eaa183f8] INFO  - Extension "DNS Cluster Discovery Extension" version 4.3.2 stopped successfully.
2025-01-30 04:05:08,895 INFO c.h.h.t.HelmChartContainer - [test-hivemq-platform] [hivemq] [eaa183f8] INFO  - Stopping extension with id hivemq-prometheus-extension
2025-01-30 04:05:08,899 INFO c.h.h.t.HelmChartContainer - [test-hivemq-platform] [hivemq] [eaa183f8] INFO  - Extension "Prometheus Monitoring Extension" version 4.0.12 stopped successfully.
2025-01-30 04:05:08,900 INFO c.h.h.t.HelmChartContainer - [test-hivemq-platform] [hivemq] [eaa183f8] INFO  - Stopping extension with id hivemq-allow-all-extension
2025-01-30 04:05:08,900 INFO c.h.h.t.HelmChartContainer - [test-hivemq-platform] [hivemq] [eaa183f8] INFO  - Extension "Allow All Extension" version 1.1.1 stopped successfully.
2025-01-30 04:05:09,543 INFO c.h.h.t.HelmChartContainer - [K3S] [INFO] COMPACT compactRev=0 targetCompactRev=2 currentRev=1186
2025-01-30 04:05:09,543 INFO c.h.h.t.HelmChartContainer - [K3S] [INFO] COMPACT deleted 0 rows from 2 revisions in 418.271µs - compacted to 2/1186
2025-01-30 04:05:09,543 INFO c.h.h.t.HelmChartContainer - [K3S] [INFO] COMPACT compacted from 0 to 2 in 1 transactions over 1ms
2025-01-30 04:05:09,802 INFO c.h.h.t.HelmChartContainer - [test-hivemq-platform] [hivemq] [eaa183f8] INFO  - [HiveMQ Platform Operator Init App 1.7.0-SNAPSHOT] Returning shutdown Health API response 503 for readiness
2025-01-30 04:05:09,806 INFO c.h.h.t.HelmChartContainer - [EVENT] Warning [Unhealthy] Readiness probe failed: HTTP probe failed with statuscode: 503 [helmmqttit:test-hivemq-platform-0]
2025-01-30 04:05:09,806 INFO c.h.h.t.HelmChartContainer - Received Unhealthy event for container hivemq in pod test-hivemq-platform-0 [eaa183f8-5979-42bc-8b85-471abe1604b2]
2025-01-30 04:05:10,236 INFO c.h.h.t.HelmChartContainer - [test-hivemq-platform] [hivemq] [eaa183f8] WARN  - [HiveMQ Platform Operator Init App 1.7.0-SNAPSHOT] Could not update Pod annotations: Failure executing: GET at: https://10.43.0.1:443/api/v1/namespaces/helmmqttit/pods/test-hivemq-platform-0. Message: pods "test-hivemq-platform-0" is forbidden: User "system:serviceaccount:helmmqttit:hivemq-platform-pod-test-hivemq-platform" cannot get resource "pods" in API group "" in the namespace "helmmqttit". Received status: Status(apiVersion=v1, code=403, details=StatusDetails(causes=[], group=null, kind=pods, name=test-hivemq-platform-0, retryAfterSeconds=null, uid=null, additionalProperties={}), kind=Status, message=pods "test-hivemq-platform-0" is forbidden: User "system:serviceaccount:helmmqttit:hivemq-platform-pod-test-hivemq-platform" cannot get resource "pods" in API group "" in the namespace "helmmqttit", metadata=ListMeta(_continue=null, remainingItemCount=null, resourceVersion=null, selfLink=null, additionalProperties={}), reason=Forbidden, status=Failure, additionalProperties={}).
2025-01-30 04:05:11,185 INFO c.h.h.t.HelmChartContainer - [test-hivemq-platform] [hivemq] [eaa183f8] INFO  - Shutdown completed.
2025-01-30 04:05:11,533 INFO c.h.h.t.HelmChartContainer - [test-hivemq-platform] [hivemq] [eaa183f8] INFO  - [HiveMQ Platform Operator Init App 1.7.0-SNAPSHOT] The HiveMQ Platform exited with code 143
2025-01-30 04:05:11,533 INFO c.h.h.t.HelmChartContainer - [test-hivemq-platform] [hivemq] [eaa183f8] INFO  - [HiveMQ Platform Operator Init App 1.7.0-SNAPSHOT] Stopping the REST API
2025-01-30 04:05:11,540 INFO c.h.h.t.HelmChartContainer - [test-hivemq-platform] [hivemq] [eaa183f8] INFO  - [HiveMQ Platform Operator Init App 1.7.0-SNAPSHOT] Shutdown complete
2025-01-30 04:05:12,019 INFO c.h.h.t.HelmChartContainer - [K3S] [stateful_set.go:438] "Unhandled Error" err="error syncing StatefulSet helmmqttit/test-hivemq-platform, requeuing: controllerrevisions.apps \"test-hivemq-platform-7bbc5894fb\" is forbidden: unable to create new content in namespace helmmqttit because it is being terminated"
2025-01-30 04:05:12,019 INFO c.h.h.t.HelmChartContainer - [POD] test-hivemq-platform-0 [eaa183f8-5979-42bc-8b85-471abe1604b2] in helmmqttit was MODIFIED
2025-01-30 04:05:12,027 INFO c.h.h.t.HelmChartContainer - [K3S] [stateful_set.go:438] "Unhandled Error" err="error syncing StatefulSet helmmqttit/test-hivemq-platform, requeuing: controllerrevisions.apps \"test-hivemq-platform-7bbc5894fb\" is forbidden: unable to create new content in namespace helmmqttit because it is being terminated"
2025-01-30 04:05:12,040 INFO c.h.h.t.HelmChartContainer - [K3S] [info.go:53] Couldn't collect info from any of the files in "/etc/machine-id,/var/lib/dbus/machine-id"
2025-01-30 04:05:12,041 INFO c.h.h.t.HelmChartContainer - [K3S] [stateful_set.go:438] "Unhandled Error" err="error syncing StatefulSet helmmqttit/test-hivemq-platform, requeuing: controllerrevisions.apps \"test-hivemq-platform-7bbc5894fb\" is forbidden: unable to create new content in namespace helmmqttit because it is being terminated"
2025-01-30 04:05:12,065 INFO c.h.h.t.HelmChartContainer - [K3S] [stateful_set.go:438] "Unhandled Error" err="error syncing StatefulSet helmmqttit/test-hivemq-platform, requeuing: controllerrevisions.apps \"test-hivemq-platform-7bbc5894fb\" is forbidden: unable to create new content in namespace helmmqttit because it is being terminated"
2025-01-30 04:05:12,107 INFO c.h.h.t.HelmChartContainer - [K3S] [scope.go:117] "RemoveContainer" containerID="c990bbad6277d0b6cc4bbe18be141e9278cb7709adb8790f4ee44410ae3ba504"
2025-01-30 04:05:12,109 INFO c.h.h.t.HelmChartContainer - [K3S] [stateful_set.go:438] "Unhandled Error" err="error syncing StatefulSet helmmqttit/test-hivemq-platform, requeuing: controllerrevisions.apps \"test-hivemq-platform-7bbc5894fb\" is forbidden: unable to create new content in namespace helmmqttit because it is being terminated"
2025-01-30 04:05:12,110 INFO c.h.h.t.HelmChartContainer - [K3S] [scope.go:117] "RemoveContainer" containerID="d6d96b789ffc02a995713c3fb884d0ba5b165afee1a1eca00fb00a9095d535e8"
2025-01-30 04:05:12,172 INFO c.h.h.t.HelmChartContainer - [K3S] [reconciler_common.go:162] "operationExecutor.UnmountVolume started for volume \"kube-api-access-wwtrx\" (UniqueName: \"kubernetes.io/projected/eaa183f8-5979-42bc-8b85-471abe1604b2-kube-api-access-wwtrx\") pod \"eaa183f8-5979-42bc-8b85-471abe1604b2\" (UID: \"eaa183f8-5979-42bc-8b85-471abe1604b2\") "
2025-01-30 04:05:12,172 INFO c.h.h.t.HelmChartContainer - [K3S] [reconciler_common.go:162] "operationExecutor.UnmountVolume started for volume \"operator-init\" (UniqueName: \"kubernetes.io/empty-dir/eaa183f8-5979-42bc-8b85-471abe1604b2-operator-init\") pod \"eaa183f8-5979-42bc-8b85-471abe1604b2\" (UID: \"eaa183f8-5979-42bc-8b85-471abe1604b2\") "
2025-01-30 04:05:12,172 INFO c.h.h.t.HelmChartContainer - [K3S] [reconciler_common.go:162] "operationExecutor.UnmountVolume started for volume \"pod-info\" (UniqueName: \"kubernetes.io/configmap/eaa183f8-5979-42bc-8b85-471abe1604b2-pod-info\") pod \"eaa183f8-5979-42bc-8b85-471abe1604b2\" (UID: \"eaa183f8-5979-42bc-8b85-471abe1604b2\") "
2025-01-30 04:05:12,172 INFO c.h.h.t.HelmChartContainer - [K3S] [reconciler_common.go:162] "operationExecutor.UnmountVolume started for volume \"broker-configuration\" (UniqueName: \"kubernetes.io/configmap/eaa183f8-5979-42bc-8b85-471abe1604b2-broker-configuration\") pod \"eaa183f8-5979-42bc-8b85-471abe1604b2\" (UID: \"eaa183f8-5979-42bc-8b85-471abe1604b2\") "
2025-01-30 04:05:12,192 INFO c.h.h.t.HelmChartContainer - [K3S] [stateful_set.go:438] "Unhandled Error" err="error syncing StatefulSet helmmqttit/test-hivemq-platform, requeuing: controllerrevisions.apps \"test-hivemq-platform-7bbc5894fb\" is forbidden: unable to create new content in namespace helmmqttit because it is being terminated"
2025-01-30 04:05:12,272 INFO c.h.h.t.HelmChartContainer - [K3S] [reconciler_common.go:299] "Volume detached for volume \"kube-api-access-wwtrx\" (UniqueName: \"kubernetes.io/projected/eaa183f8-5979-42bc-8b85-471abe1604b2-kube-api-access-wwtrx\") on node \"969b9ea92551\" DevicePath \"\""
2025-01-30 04:05:12,272 INFO c.h.h.t.HelmChartContainer - [K3S] [reconciler_common.go:299] "Volume detached for volume \"operator-init\" (UniqueName: \"kubernetes.io/empty-dir/eaa183f8-5979-42bc-8b85-471abe1604b2-operator-init\") on node \"969b9ea92551\" DevicePath \"\""
2025-01-30 04:05:12,272 INFO c.h.h.t.HelmChartContainer - [K3S] [reconciler_common.go:299] "Volume detached for volume \"pod-info\" (UniqueName: \"kubernetes.io/configmap/eaa183f8-5979-42bc-8b85-471abe1604b2-pod-info\") on node \"969b9ea92551\" DevicePath \"\""
2025-01-30 04:05:12,272 INFO c.h.h.t.HelmChartContainer - [K3S] [reconciler_common.go:299] "Volume detached for volume \"broker-configuration\" (UniqueName: \"kubernetes.io/configmap/eaa183f8-5979-42bc-8b85-471abe1604b2-broker-configuration\") on node \"969b9ea92551\" DevicePath \"\""
2025-01-30 04:05:12,352 INFO c.h.h.t.HelmChartContainer - [K3S] [stateful_set.go:466] "StatefulSet has been deleted" key="helmmqttit/test-hivemq-platform"
2025-01-30 04:05:12,355 INFO c.h.h.t.HelmChartContainer - [K3S] [stateful_set.go:466] "StatefulSet has been deleted" key="helmmqttit/test-hivemq-platform"
2025-01-30 04:05:12,401 INFO c.h.h.t.HelmChartContainer - [K3S] [namespace_controller.go:164] "Unhandled Error" err="deletion of namespace helmmqttit failed: unexpected items still remain in namespace: helmmqttit for gvr: /v1, Resource=pods"
2025-01-30 04:05:12,581 INFO c.h.h.t.HelmChartContainer - [K3S] [namespace_controller.go:164] "Unhandled Error" err="deletion of namespace helmmqttit failed: unexpected items still remain in namespace: helmmqttit for gvr: /v1, Resource=pods"
2025-01-30 04:05:12,583 INFO c.h.h.t.HelmChartContainer - [POD] test-hivemq-platform-0 [eaa183f8-5979-42bc-8b85-471abe1604b2] in helmmqttit was MODIFIED
2025-01-30 04:05:12,593 INFO c.h.h.t.HelmChartContainer - [POD] test-hivemq-platform-0 [eaa183f8-5979-42bc-8b85-471abe1604b2] in helmmqttit was MODIFIED
2025-01-30 04:05:12,594 INFO c.h.h.t.HelmChartContainer - [POD] test-hivemq-platform-0 [eaa183f8-5979-42bc-8b85-471abe1604b2] in helmmqttit was DELETED
2025-01-30 04:05:12,763 INFO c.h.h.t.HelmChartContainer - Namespace 'helmmqttit' deleted
2025-01-30 04:05:12,763 INFO c.h.h.t.HelmChartContainer - Release 'test-hivemq-platform' in namespace 'helmmqttit' is uninstalled
2025-01-30 04:05:12,763 INFO c.h.h.t.HelmChartContainer - Uninstalling release 'test-hivemq-platform-operator' in namespace 'helmmqttit-operator'...
2025-01-30 04:05:12,763 DEBUG c.h.h.t.HelmChartContainer - Executing helm command: /bin/helm --kubeconfig /etc/rancher/k3s/k3s.yaml uninstall test-hivemq-platform-operator  --wait --timeout 5m0s --cascade foreground --namespace helmmqttit-operator
2025-01-30 04:05:12,963 INFO c.h.h.t.HelmChartContainer - [K3S] [replica_set.go:679] "Finished syncing" kind="ReplicaSet" key="helmmqttit-operator/hivemq-test-hivemq-platform-operator-6966f96d65" duration="12.876941ms"
2025-01-30 04:05:12,963 INFO c.h.h.t.HelmChartContainer - [K3S] [replica_set.go:679] "Finished syncing" kind="ReplicaSet" key="helmmqttit-operator/hivemq-test-hivemq-platform-operator-6966f96d65" duration="37.971µs"
2025-01-30 04:05:12,985 INFO c.h.h.t.HelmChartContainer - [POD] hivemq-test-hivemq-platform-operator-6966f96d65-sv6t6 [81b215ec-96be-49e1-ac6f-bb7da173e441] in helmmqttit-operator was MODIFIED
2025-01-30 04:05:12,987 INFO c.h.h.t.HelmChartContainer - [K3S] [replica_set.go:679] "Finished syncing" kind="ReplicaSet" key="helmmqttit-operator/hivemq-test-hivemq-platform-operator-6966f96d65" duration="7.760289ms"
2025-01-30 04:05:12,991 INFO c.h.h.t.HelmChartContainer - [K3S] [replica_set.go:679] "Finished syncing" kind="ReplicaSet" key="helmmqttit-operator/hivemq-test-hivemq-platform-operator-6966f96d65" duration="37.079µs"
2025-01-30 04:05:12,993 INFO c.h.h.t.HelmChartContainer - [EVENT] Normal [Killing] Stopping container hivemq-platform-operator [helmmqttit-operator:hivemq-test-hivemq-platform-operator-6966f96d65-sv6t6]
2025-01-30 04:05:12,993 INFO c.h.h.t.HelmChartContainer - Received Killing event for container hivemq-platform-operator in pod hivemq-test-hivemq-platform-operator-6966f96d65-sv6t6 [81b215ec-96be-49e1-ac6f-bb7da173e441]
2025-01-30 04:05:12,993 INFO c.h.h.t.HelmChartContainer - Container [hivemq-test-hivemq-platform-operator-6966f96d65-sv6t6] [hivemq-platform-operator] [81b215ec-96be-49e1-ac6f-bb7da173e441] was terminated
2025-01-30 04:05:12,994 INFO c.h.h.t.HelmChartContainer - Stopped log watcher for hivemq-platform-operator in pod hivemq-test-hivemq-platform-operator-6966f96d65-sv6t6 [81b215ec-96be-49e1-ac6f-bb7da173e441]
2025-01-30 04:05:13,020 INFO c.h.h.t.HelmChartContainer - [hivemq-test-hivemq-platform] [hivemq-platform-operator] [81b215ec] 04:05:13.019 [application-shutdown-thread] INFO  c.h.p.o.HiveMQPlatformOperatorApplication - HiveMQ Platform Operator is stopping...
2025-01-30 04:05:13,021 INFO c.h.h.t.HelmChartContainer - [hivemq-test-hivemq-platform] [hivemq-platform-operator] [81b215ec] 04:05:13.019 [application-shutdown-thread] INFO  i.javaoperatorsdk.operator.Operator - Operator SDK 4.9.7 is shutting down...
2025-01-30 04:05:13,369 INFO c.h.h.t.HelmChartContainer - [K3S] [replica_set.go:679] "Finished syncing" kind="ReplicaSet" key="helmmqttit-operator/hivemq-test-hivemq-platform-operator-6966f96d65" duration="43.131µs"
2025-01-30 04:05:13,370 INFO c.h.h.t.HelmChartContainer - [POD] hivemq-test-hivemq-platform-operator-6966f96d65-sv6t6 [81b215ec-96be-49e1-ac6f-bb7da173e441] in helmmqttit-operator was MODIFIED
2025-01-30 04:05:13,478 INFO c.h.h.t.HelmChartContainer - [K3S] [reconciler_common.go:162] "operationExecutor.UnmountVolume started for volume \"kube-api-access-z7jfc\" (UniqueName: \"kubernetes.io/projected/81b215ec-96be-49e1-ac6f-bb7da173e441-kube-api-access-z7jfc\") pod \"81b215ec-96be-49e1-ac6f-bb7da173e441\" (UID: \"81b215ec-96be-49e1-ac6f-bb7da173e441\") "
2025-01-30 04:05:13,575 INFO c.h.h.t.HelmChartContainer - [K3S] [scope.go:117] "RemoveContainer" containerID="04f2d671ee904ec9ca82ebbb0cdc9ddf45262a5512e200565adc25d4c048da2f"
2025-01-30 04:05:13,578 INFO c.h.h.t.HelmChartContainer - [K3S] [reconciler_common.go:299] "Volume detached for volume \"kube-api-access-z7jfc\" (UniqueName: \"kubernetes.io/projected/81b215ec-96be-49e1-ac6f-bb7da173e441-kube-api-access-z7jfc\") on node \"969b9ea92551\" DevicePath \"\""
2025-01-30 04:05:13,579 INFO c.h.h.t.HelmChartContainer - [K3S] [scope.go:117] "RemoveContainer" containerID="04f2d671ee904ec9ca82ebbb0cdc9ddf45262a5512e200565adc25d4c048da2f"
2025-01-30 04:05:13,587 INFO c.h.h.t.HelmChartContainer - [K3S] [replica_set.go:679] "Finished syncing" kind="ReplicaSet" key="helmmqttit-operator/hivemq-test-hivemq-platform-operator-6966f96d65" duration="34.985µs"
2025-01-30 04:05:13,587 INFO c.h.h.t.HelmChartContainer - [POD] hivemq-test-hivemq-platform-operator-6966f96d65-sv6t6 [81b215ec-96be-49e1-ac6f-bb7da173e441] in helmmqttit-operator was MODIFIED
2025-01-30 04:05:13,589 INFO c.h.h.t.HelmChartContainer - [POD] hivemq-test-hivemq-platform-operator-6966f96d65-sv6t6 [81b215ec-96be-49e1-ac6f-bb7da173e441] in helmmqttit-operator was DELETED
2025-01-30 04:05:13,590 INFO c.h.h.t.HelmChartContainer - [K3S] [replica_set.go:679] "Finished syncing" kind="ReplicaSet" key="helmmqttit-operator/hivemq-test-hivemq-platform-operator-6966f96d65" duration="30.126µs"
2025-01-30 04:05:13,602 INFO c.h.h.t.HelmChartContainer - [K3S] [replica_set.go:679] "Finished syncing" kind="ReplicaSet" key="helmmqttit-operator/hivemq-test-hivemq-platform-operator-6966f96d65" duration="8.185µs"
2025-01-30 04:05:14,047 INFO c.h.h.t.HelmChartContainer - [K3S] [kubelet_volumes.go:163] "Cleaned up orphaned pod volumes dir" podUID="81b215ec-96be-49e1-ac6f-bb7da173e441" path="/var/lib/kubelet/pods/81b215ec-96be-49e1-ac6f-bb7da173e441/volumes"
2025-01-30 04:05:14,047 INFO c.h.h.t.HelmChartContainer - [K3S] [kubelet_volumes.go:163] "Cleaned up orphaned pod volumes dir" podUID="eaa183f8-5979-42bc-8b85-471abe1604b2" path="/var/lib/kubelet/pods/eaa183f8-5979-42bc-8b85-471abe1604b2/volumes"
2025-01-30 04:05:14,999 INFO c.h.h.t.HelmChartContainer - Deleting namespace 'helmmqttit-operator'...
2025-01-30 04:05:17,753 INFO c.h.h.t.HelmChartContainer - [K3S] [namespace_controller.go:187] "Namespace has been deleted" namespace="helmmqttit"
2025-01-30 04:05:20,214 INFO c.h.h.t.HelmChartContainer - Namespace 'helmmqttit-operator' deleted
2025-01-30 04:05:20,214 INFO c.h.h.t.HelmChartContainer - Release 'test-hivemq-platform-operator' in namespace 'helmmqttit-operator' is uninstalled
2025-01-30 04:05:20,837 INFO c.h.helmcharts.AbstractHelmChartIT - Removed unused containers:

2025-01-30 04:05:25,126 INFO c.h.h.t.HelmChartContainer - [K3S] [namespace_controller.go:187] "Namespace has been deleted" namespace="helmmqttit-operator"
2025-01-30 04:05:28,643 INFO c.h.helmcharts.AbstractHelmChartIT - Removed unused snapshots:
Removing snapshot sha256:03af251906410714c5aef9fa705b63f6bbc39c4a5e787de7361eeb18886c2ed2
Removing snapshot sha256:0c46b3b43cce082ce5ec34ffc6c294e0417d17b9d1e6f366d114b6aadc4f96dc
Removing snapshot sha256:0ce761beee59082d6ed5bcebd3a805b8ddd9b3426b617e4809e7fb7c6587ffec
Removing snapshot sha256:0df91287303208332c8ff6ba40ae4710105201739addbfbddfb955f1ad593664
Removing snapshot sha256:1021ef88c7974bfff89c5a0ec4fd3160daac6c48a075f74cff721f85dd104e68
Removing snapshot sha256:10aba4953ddc18145dd38e3704709bc464aa20af60b56fe52caaff4b68411e62
Removing snapshot sha256:1ef7f8e98416b809d2bb6f5770983576abfd6a3490ce1e168a21bf57f55c4900
Removing snapshot sha256:2573e0d8158209ed54ab25c87bcdcb00bd3d2539246960a3d592a1c599d70465
Removing snapshot sha256:362a8a37f8bbc31925a8146adcf7cf51f9882f5c1dcbef67c5baa03a297543c0
Removing snapshot sha256:3fa4ad33f0ddc8fd45b39b6b4640f82a3a83619606cd975bfe89d8710ad2d4cd
Removing snapshot sha256:43a7c979bbaba6838bc3102d6b10a1459f3ab050b87ccdfef84ef90cf43d3058
Removing snapshot sha256:4ab04491cdf0d3267f08206fe30bd48f49f94b9cab2f016d6739220f722a64af
Removing snapshot sha256:4b6068250e89c96f263060261819c7d912855bfbd64b3eb4c4a8483299b8c295
Removing snapshot sha256:4de96acac9a3a64de61473656a36d864130681bc4087dd1eb8432322abfca7c8
Removing snapshot sha256:57f3eb95f971d7bc40368e9b7dc83376c215da5fbd14ec8fde3439512f60314d
Removing snapshot sha256:580e69a0a8034ede1921139bbd2bfb72a69ebf276d008281896c32dd8bf74775
Removing snapshot sha256:5d30ba46b27fe37484567ccc5242cadc78217b8da605f3f195ef25cbf7487904
Removing snapshot sha256:63ca1fbb43ae5034640e5e6cb3e083e05c290072c5366fcaa9d62435a4cced85
Removing snapshot sha256:67f702c6baae873bceb19487c8b1f27bd2b86077e4f2f0e480e6d60ab508b8f5
Removing snapshot sha256:6864348dd42806d552efdec384f1274be15e2d0c10ce44c1f04347af004c10a9
Removing snapshot sha256:6c7dee8f2c39b84b7dc2711c01d33de93514d9055499173e9290176fbe484b6c
Removing snapshot sha256:78561cef0761903dd2f7d09856150a6d4fb48967a8f113f3e33d79effbf59a07
Removing snapshot sha256:82753493a6d61ded36556292f02f31841a14c20d2f279f19eaad65afb661d5cd
Removing snapshot sha256:8a10d3db42c505ee0fcfa98417bdd7e39b304f6bcc0a06bb1b220797ff2cc63c
Removing snapshot sha256:a21e5b12dbac529ad45d976eb9ce45c881f3bedcc500fb30aba1e52aa1813418
Removing snapshot sha256:b921e6c28969094157f9b8e7244677780319637afd14450b7cb6b2fdea558a0c
Removing snapshot sha256:bc27ecb5769a00e309cf99ebc763c4a4b958b618d1decc96ffac5bc05f02f5b7
Removing snapshot sha256:be3ccb6627a5332e309d45ef461d09b4879dd870c7394d89323d0ebc6ca6aa8a
Removing snapshot sha256:c261f7cbbc64211ee175ee47273acdb7b1a36a4450b397a064a8f2c026490095
Removing snapshot sha256:c34d9393647eea0c9e3557ab988efaf59f61d10a2a5613b439ef0958cca5ec10
Removing snapshot sha256:ccf3c4a0fa967a41c1c83497a2ce6fa5787965859df0adb32c4ca2cf7490bc2b
Removing snapshot sha256:cdf2676047869d418555fd09b088e96b74cdce6cb4c32a801f323c1f4b0bfc63
Removing snapshot sha256:cf92d33f869417309692088c341cd0f223c178ea78a125f757317b22aa8f90e9
Removing snapshot sha256:d0037344cf2fb078884f1849f6a1f8cf9a33a3b6139b6a85833e5ee528e1f9a8
Removing snapshot sha256:d3b36d5b79273b1e98e7700470eaeff05a882e777124d84cebcc1505b85ecb36
Removing snapshot sha256:d65a44a37914602d12c611e5e22a50f11451d847e63015cc1c2aef92dee777a4
Removing snapshot sha256:e2dc0bae2455930f23ae570e019b7f32edc75c0f2d71cab084db837ff9051796
Removing snapshot sha256:eccbd24a99c60cd9e86ee5305dbfc4a4dc89f5ab4fb1f06c8d64797cecedef34
Removing snapshot sha256:f144bb4c7c7f0d2aa7eeffd36d934ec40db1ee167be727e326aad9fdc616f475

]]></system-out>
  </testcase>
  <testcase name="platformChart_whenMqttAnnotationsEnabled_thenAnnotationsExist()" classname="com.hivemq.helmcharts.services.HelmMqttIT" time="98.971">
    <system-out><![CDATA[2025-01-30 04:05:28,645 INFO c.h.h.t.HelmChartContainer - Creating namespace 'helmmqttit-operator'...
2025-01-30 04:05:28,652 INFO c.h.h.t.HelmChartContainer - Namespace 'helmmqttit-operator' created
2025-01-30 04:05:28,652 INFO c.h.h.t.HelmChartContainer - Creating namespace 'helmmqttit'...
2025-01-30 04:05:28,665 INFO c.h.h.t.HelmChartContainer - Namespace 'helmmqttit' created
2025-01-30 04:05:28,728 DEBUG c.h.h.t.HelmChartContainer - Executing helm command: /bin/helm --kubeconfig /etc/rancher/k3s/k3s.yaml install test-hivemq-platform-operator /charts/hivemq-platform-operator --wait --timeout 5m0s --set image.repository=docker.io/hivemq --set image.name=hivemq-platform-operator-test --set image.initImageName=hivemq-platform-operator-init-test --set image.tag=snapshot --set image.pullPolicy=Never --set logLevel=DEBUG --set resources.cpu=512m --namespace helmmqttit-operator
2025-01-30 04:05:29,038 INFO c.h.h.t.HelmChartContainer - [K3S] [alloc.go:330] "allocated clusterIPs" service="helmmqttit-operator/hivemq-platform-operator-test-hivemq-platform-operator" clusterIPs={"IPv4":"10.43.37.37"}
2025-01-30 04:05:29,058 INFO c.h.h.t.HelmChartContainer - [EVENT] Normal [ScalingReplicaSet] Scaled up replica set hivemq-test-hivemq-platform-operator-6966f96d65 from 0 to 1 [helmmqttit-operator:hivemq-test-hivemq-platform-operator]
2025-01-30 04:05:29,066 INFO c.h.h.t.HelmChartContainer - [POD] hivemq-test-hivemq-platform-operator-6966f96d65-v96sf [642736cb-49ce-4dce-80aa-e211b4846a64] in helmmqttit-operator was ADDED
2025-01-30 04:05:29,071 INFO c.h.h.t.HelmChartContainer - [K3S] [replica_set.go:679] "Finished syncing" kind="ReplicaSet" key="helmmqttit-operator/hivemq-test-hivemq-platform-operator-6966f96d65" duration="18.259731ms"
2025-01-30 04:05:29,072 INFO c.h.h.t.HelmChartContainer - [EVENT] Normal [SuccessfulCreate] Created pod: hivemq-test-hivemq-platform-operator-6966f96d65-v96sf [helmmqttit-operator:hivemq-test-hivemq-platform-operator-6966f96d65]
2025-01-30 04:05:29,076 INFO c.h.h.t.HelmChartContainer - [POD] hivemq-test-hivemq-platform-operator-6966f96d65-v96sf [642736cb-49ce-4dce-80aa-e211b4846a64] in helmmqttit-operator was MODIFIED
2025-01-30 04:05:29,077 INFO c.h.h.t.HelmChartContainer - [K3S] [memory_manager.go:355] "RemoveStaleState removing state" podUID="81b215ec-96be-49e1-ac6f-bb7da173e441" containerName="hivemq-platform-operator"
2025-01-30 04:05:29,077 INFO c.h.h.t.HelmChartContainer - [K3S] [memory_manager.go:355] "RemoveStaleState removing state" podUID="a21a5e2b-2477-4300-91c5-9f6a53b1072e" containerName="lb-tcp-1884"
2025-01-30 04:05:29,079 INFO c.h.h.t.HelmChartContainer - [K3S] [memory_manager.go:355] "RemoveStaleState removing state" podUID="eaa183f8-5979-42bc-8b85-471abe1604b2" containerName="hivemq"
2025-01-30 04:05:29,085 INFO c.h.h.t.HelmChartContainer - [EVENT] Normal [Scheduled] Successfully assigned helmmqttit-operator/hivemq-test-hivemq-platform-operator-6966f96d65-v96sf to 969b9ea92551 [helmmqttit-operator:hivemq-test-hivemq-platform-operator-6966f96d65-v96sf]
2025-01-30 04:05:29,092 INFO c.h.h.t.HelmChartContainer - [POD] hivemq-test-hivemq-platform-operator-6966f96d65-v96sf [642736cb-49ce-4dce-80aa-e211b4846a64] in helmmqttit-operator was MODIFIED
2025-01-30 04:05:29,095 INFO c.h.h.t.HelmChartContainer - [K3S] [replica_set.go:679] "Finished syncing" kind="ReplicaSet" key="helmmqttit-operator/hivemq-test-hivemq-platform-operator-6966f96d65" duration="24.422248ms"
2025-01-30 04:05:29,095 INFO c.h.h.t.HelmChartContainer - [K3S] [replica_set.go:679] "Finished syncing" kind="ReplicaSet" key="helmmqttit-operator/hivemq-test-hivemq-platform-operator-6966f96d65" duration="37.76µs"
2025-01-30 04:05:29,170 INFO c.h.h.t.HelmChartContainer - [K3S] [reconciler_common.go:251] "operationExecutor.VerifyControllerAttachedVolume started for volume \"kube-api-access-k8k29\" (UniqueName: \"kubernetes.io/projected/642736cb-49ce-4dce-80aa-e211b4846a64-kube-api-access-k8k29\") pod \"hivemq-test-hivemq-platform-operator-6966f96d65-v96sf\" (UID: \"642736cb-49ce-4dce-80aa-e211b4846a64\") " pod="helmmqttit-operator/hivemq-test-hivemq-platform-operator-6966f96d65-v96sf"
2025-01-30 04:05:29,463 INFO c.h.h.t.HelmChartContainer - [EVENT] Normal [Pulled] Container image "docker.io/hivemq/hivemq-platform-operator-test:snapshot" already present on machine [helmmqttit-operator:hivemq-test-hivemq-platform-operator-6966f96d65-v96sf]
2025-01-30 04:05:29,463 INFO c.h.h.t.HelmChartContainer - Received Pulled event for container hivemq-platform-operator in pod hivemq-test-hivemq-platform-operator-6966f96d65-v96sf [642736cb-49ce-4dce-80aa-e211b4846a64]
2025-01-30 04:05:30,710 INFO c.h.h.t.HelmChartContainer - [EVENT] Normal [Created] Created container: hivemq-platform-operator [helmmqttit-operator:hivemq-test-hivemq-platform-operator-6966f96d65-v96sf]
2025-01-30 04:05:30,710 INFO c.h.h.t.HelmChartContainer - Received Created event for container hivemq-platform-operator in pod hivemq-test-hivemq-platform-operator-6966f96d65-v96sf [642736cb-49ce-4dce-80aa-e211b4846a64]
2025-01-30 04:05:31,616 INFO c.h.h.t.HelmChartContainer - [K3S] [replica_set.go:679] "Finished syncing" kind="ReplicaSet" key="helmmqttit-operator/hivemq-test-hivemq-platform-operator-6966f96d65" duration="39.483µs"
2025-01-30 04:05:31,619 INFO c.h.h.t.HelmChartContainer - [POD] hivemq-test-hivemq-platform-operator-6966f96d65-v96sf [642736cb-49ce-4dce-80aa-e211b4846a64] in helmmqttit-operator was MODIFIED
2025-01-30 04:05:31,627 INFO c.h.h.t.HelmChartContainer - [EVENT] Normal [Started] Started container hivemq-platform-operator [helmmqttit-operator:hivemq-test-hivemq-platform-operator-6966f96d65-v96sf]
2025-01-30 04:05:31,627 INFO c.h.h.t.HelmChartContainer - Received Started event for container hivemq-platform-operator in pod hivemq-test-hivemq-platform-operator-6966f96d65-v96sf [642736cb-49ce-4dce-80aa-e211b4846a64]
2025-01-30 04:05:31,627 INFO c.h.h.t.HelmChartContainer - Started log watcher for hivemq-platform-operator in pod hivemq-test-hivemq-platform-operator-6966f96d65-v96sf [642736cb-49ce-4dce-80aa-e211b4846a64]
2025-01-30 04:05:31,627 INFO c.h.h.t.HelmChartContainer - [hivemq-test-hivemq-platform] [hivemq-platform-operator] [642736cb] -------------------------------------------------------------------------
2025-01-30 04:05:31,627 INFO c.h.h.t.HelmChartContainer - [hivemq-test-hivemq-platform] [hivemq-platform-operator] [642736cb] 
2025-01-30 04:05:31,627 INFO c.h.h.t.HelmChartContainer - [hivemq-test-hivemq-platform] [hivemq-platform-operator] [642736cb]                   _    _  _              __  __   ____
2025-01-30 04:05:31,627 INFO c.h.h.t.HelmChartContainer - [hivemq-test-hivemq-platform] [hivemq-platform-operator] [642736cb]                  | |  | |(_)            |  \/  | / __ \
2025-01-30 04:05:31,627 INFO c.h.h.t.HelmChartContainer - [hivemq-test-hivemq-platform] [hivemq-platform-operator] [642736cb]                  | |__| | _ __   __ ___ | \  / || |  | |
2025-01-30 04:05:31,627 INFO c.h.h.t.HelmChartContainer - [hivemq-test-hivemq-platform] [hivemq-platform-operator] [642736cb]                  |  __  || |\ \ / // _ \| |\/| || |  | |
2025-01-30 04:05:31,627 INFO c.h.h.t.HelmChartContainer - [hivemq-test-hivemq-platform] [hivemq-platform-operator] [642736cb]                  | |  | || | \ V /|  __/| |  | || |__| |
2025-01-30 04:05:31,627 INFO c.h.h.t.HelmChartContainer - [hivemq-test-hivemq-platform] [hivemq-platform-operator] [642736cb]                  |_|  |_||_|  \_/  \___||_|  |_| \___\_\
2025-01-30 04:05:31,627 INFO c.h.h.t.HelmChartContainer - [hivemq-test-hivemq-platform] [hivemq-platform-operator] [642736cb] 
2025-01-30 04:05:31,627 INFO c.h.h.t.HelmChartContainer - [hivemq-test-hivemq-platform] [hivemq-platform-operator] [642736cb] -------------------------------------------------------------------------
2025-01-30 04:05:31,627 INFO c.h.h.t.HelmChartContainer - [hivemq-test-hivemq-platform] [hivemq-platform-operator] [642736cb] 
2025-01-30 04:05:31,627 INFO c.h.h.t.HelmChartContainer - [hivemq-test-hivemq-platform] [hivemq-platform-operator] [642736cb]   HiveMQ Platform Operator Start Script v1.0
2025-01-30 04:05:31,627 INFO c.h.h.t.HelmChartContainer - [hivemq-test-hivemq-platform] [hivemq-platform-operator] [642736cb] 
2025-01-30 04:05:31,627 INFO c.h.h.t.HelmChartContainer - [hivemq-test-hivemq-platform] [hivemq-platform-operator] [642736cb] -------------------------------------------------------------------------
2025-01-30 04:05:31,627 INFO c.h.h.t.HelmChartContainer - [hivemq-test-hivemq-platform] [hivemq-platform-operator] [642736cb] 
2025-01-30 04:05:31,627 INFO c.h.h.t.HelmChartContainer - [hivemq-test-hivemq-platform] [hivemq-platform-operator] [642736cb]   JAVA_OPTS: -XX:+UnlockExperimentalVMOptions -XX:InitialRAMPercentage=75 -XX:MaxRAMPercentage=75 -Duser.language=en -Duser.region=US
2025-01-30 04:05:31,627 INFO c.h.h.t.HelmChartContainer - [hivemq-test-hivemq-platform] [hivemq-platform-operator] [642736cb] 
2025-01-30 04:05:31,627 INFO c.h.h.t.HelmChartContainer - [hivemq-test-hivemq-platform] [hivemq-platform-operator] [642736cb]   JAVA_VERSION: 21
2025-01-30 04:05:31,627 INFO c.h.h.t.HelmChartContainer - [hivemq-test-hivemq-platform] [hivemq-platform-operator] [642736cb] 
2025-01-30 04:05:31,627 INFO c.h.h.t.HelmChartContainer - [hivemq-test-hivemq-platform] [hivemq-platform-operator] [642736cb] -------------------------------------------------------------------------
2025-01-30 04:05:31,627 INFO c.h.h.t.HelmChartContainer - [hivemq-test-hivemq-platform] [hivemq-platform-operator] [642736cb] 
2025-01-30 04:05:34,137 INFO c.h.h.t.HelmChartContainer - [hivemq-test-hivemq-platform] [hivemq-platform-operator] [642736cb] 04:05:34.134 [main] DEBUG org.jboss.logging - Logging Provider: org.jboss.logging.Slf4jLoggerProvider
2025-01-30 04:05:34,243 INFO c.h.h.t.HelmChartContainer - [hivemq-test-hivemq-platform] [hivemq-platform-operator] [642736cb] 04:05:34.242 [main] DEBUG io.smallrye.config - SRCFG01006: Loaded ConfigSource SysPropConfigSource with ordinal 400
2025-01-30 04:05:34,243 INFO c.h.h.t.HelmChartContainer - [hivemq-test-hivemq-platform] [hivemq-platform-operator] [642736cb] 04:05:34.243 [main] DEBUG io.smallrye.config - SRCFG01006: Loaded ConfigSource EnvConfigSource with ordinal 300
2025-01-30 04:05:34,244 INFO c.h.h.t.HelmChartContainer - [hivemq-test-hivemq-platform] [hivemq-platform-operator] [642736cb] 04:05:34.243 [main] DEBUG io.smallrye.config - SRCFG01006: Loaded ConfigSource PropertiesConfigSource[source=jar:file:///opt/hivemq-platform-operator/bin/hivemq-platform-operator.jar!/hivemq-platform-operator.properties] with ordinal 100
2025-01-30 04:05:34,244 INFO c.h.h.t.HelmChartContainer - [hivemq-test-hivemq-platform] [hivemq-platform-operator] [642736cb] 04:05:34.243 [main] DEBUG io.smallrye.config - SRCFG01006: Loaded ConfigSource DefaultValuesConfigSource with ordinal -2147483648
2025-01-30 04:05:34,346 INFO c.h.h.t.HelmChartContainer - [hivemq-test-hivemq-platform] [hivemq-platform-operator] [642736cb] 04:05:34.345 [main] DEBUG i.m.c.u.i.l.InternalLoggerFactory - Using SLF4J as the default logging framework
2025-01-30 04:05:34,531 INFO c.h.h.t.HelmChartContainer - [hivemq-test-hivemq-platform] [hivemq-platform-operator] [642736cb] 04:05:34.442 [main] INFO  c.h.p.o.HiveMQPlatformOperatorApplication - HiveMQ Platform Operator 1.7.0-SNAPSHOT (commit: 47e3375 on branch: HEAD) built on Thu Jan 30 03:55:50 UTC 2025
2025-01-30 04:05:34,532 INFO c.h.h.t.HelmChartContainer - [hivemq-test-hivemq-platform] [hivemq-platform-operator] [642736cb] 04:05:34.531 [main] INFO  c.h.p.o.HiveMQPlatformOperatorApplication - HiveMQ Platform Operator is running in namespace: helmmqttit-operator
2025-01-30 04:05:34,532 INFO c.h.h.t.HelmChartContainer - [hivemq-test-hivemq-platform] [hivemq-platform-operator] [642736cb] 04:05:34.531 [main] INFO  c.h.p.o.HiveMQPlatformOperatorApplication - Watching all namespaces
2025-01-30 04:05:34,532 INFO c.h.h.t.HelmChartContainer - [hivemq-test-hivemq-platform] [hivemq-platform-operator] [642736cb] 04:05:34.531 [main] INFO  c.h.p.o.HiveMQPlatformOperatorApplication - Log level: DEBUG
2025-01-30 04:05:34,532 INFO c.h.h.t.HelmChartContainer - [hivemq-test-hivemq-platform] [hivemq-platform-operator] [642736cb] 04:05:34.531 [main] INFO  c.h.p.o.HiveMQPlatformOperatorApplication - Release name: test-hivemq-platform-operator
2025-01-30 04:05:34,532 INFO c.h.h.t.HelmChartContainer - [hivemq-test-hivemq-platform] [hivemq-platform-operator] [642736cb] 04:05:34.531 [main] INFO  c.h.p.o.HiveMQPlatformOperatorApplication - HiveMQ Platform Operator Init image: docker.io/hivemq/hivemq-platform-operator-init-test:snapshot
2025-01-30 04:05:34,533 INFO c.h.h.t.HelmChartContainer - [hivemq-test-hivemq-platform] [hivemq-platform-operator] [642736cb] 04:05:34.531 [main] INFO  c.h.p.o.HiveMQPlatformOperatorApplication - HiveMQ Platform Operator Init App update URL: http://hivemq-platform-operator-test-hivemq-platform-operator.helmmqttit-operator.svc:8080/initAppUpdate/hivemq-platform-operator-init-app-1.7.0-SNAPSHOT.jar
2025-01-30 04:05:34,533 INFO c.h.h.t.HelmChartContainer - [hivemq-test-hivemq-platform] [hivemq-platform-operator] [642736cb] 04:05:34.531 [main] INFO  c.h.p.o.HiveMQPlatformOperatorApplication - Additional imagePullSecret for all Platform deployments: none
2025-01-30 04:05:34,533 INFO c.h.h.t.HelmChartContainer - [hivemq-test-hivemq-platform] [hivemq-platform-operator] [642736cb] 04:05:34.531 [main] INFO  c.h.p.o.HiveMQPlatformOperatorApplication - Apply HiveMQ Platform CRD: true
2025-01-30 04:05:34,533 INFO c.h.h.t.HelmChartContainer - [hivemq-test-hivemq-platform] [hivemq-platform-operator] [642736cb] 04:05:34.531 [main] INFO  c.h.p.o.HiveMQPlatformOperatorApplication - Create Platform ServiceAccount: true
2025-01-30 04:05:34,533 INFO c.h.h.t.HelmChartContainer - [hivemq-test-hivemq-platform] [hivemq-platform-operator] [642736cb] 04:05:34.531 [main] INFO  c.h.p.o.HiveMQPlatformOperatorApplication - Create Platform ServiceAccount permissions: true
2025-01-30 04:05:34,533 INFO c.h.h.t.HelmChartContainer - [hivemq-test-hivemq-platform] [hivemq-platform-operator] [642736cb] 04:05:34.531 [main] INFO  c.h.p.o.HiveMQPlatformOperatorApplication - Validate Platform ServiceAccount: true
2025-01-30 04:05:34,533 INFO c.h.h.t.HelmChartContainer - [hivemq-test-hivemq-platform] [hivemq-platform-operator] [642736cb] 04:05:34.531 [main] INFO  c.h.p.o.HiveMQPlatformOperatorApplication - Validate Platform ServiceAccount permissions: true
2025-01-30 04:05:34,649 INFO c.h.h.t.HelmChartContainer - [hivemq-test-hivemq-platform] [hivemq-platform-operator] [642736cb] 04:05:34.648 [main] INFO  c.h.platform.operator.util.CRDUtil - Verifying deployed HiveMQ Platform CRD...
2025-01-30 04:05:36,945 INFO c.h.h.t.HelmChartContainer - [hivemq-test-hivemq-platform] [hivemq-platform-operator] [642736cb] 04:05:36.943 [main] DEBUG c.h.platform.operator.util.CRDUtil - HiveMQ Platform CRD version v1 is up to date
2025-01-30 04:05:36,945 INFO c.h.h.t.HelmChartContainer - [hivemq-test-hivemq-platform] [hivemq-platform-operator] [642736cb] 04:05:36.944 [main] INFO  c.h.platform.operator.util.CRDUtil - HiveMQ Platform CRD is up to date (version: V1_6_0)
2025-01-30 04:05:36,945 INFO c.h.h.t.HelmChartContainer - [hivemq-test-hivemq-platform] [hivemq-platform-operator] [642736cb] 04:05:36.944 [main] INFO  c.h.platform.operator.util.CRDUtil - Waiting 10000 ms for HiveMQ Platform CRD 'hivemq-platforms.hivemq.com' to become ready...
2025-01-30 04:05:37,243 INFO c.h.h.t.HelmChartContainer - [hivemq-test-hivemq-platform] [hivemq-platform-operator] [642736cb] 04:05:37.241 [vert.x-eventloop-thread-1] DEBUG c.h.platform.operator.util.CRDUtil - Checking CRD condition 'NamesAccepted' (status: 'True')
2025-01-30 04:05:37,243 INFO c.h.h.t.HelmChartContainer - [hivemq-test-hivemq-platform] [hivemq-platform-operator] [642736cb] 04:05:37.241 [vert.x-eventloop-thread-1] DEBUG c.h.platform.operator.util.CRDUtil - Checking CRD condition 'Established' (status: 'True')
2025-01-30 04:05:37,244 INFO c.h.h.t.HelmChartContainer - [hivemq-test-hivemq-platform] [hivemq-platform-operator] [642736cb] 04:05:37.243 [main] INFO  c.h.platform.operator.util.CRDUtil - HiveMQ Platform CRD 'hivemq-platforms.hivemq.com' is ready
2025-01-30 04:05:37,440 INFO c.h.h.t.HelmChartContainer - [hivemq-test-hivemq-platform] [hivemq-platform-operator] [642736cb] 04:05:37.439 [main] INFO  c.h.p.o.HiveMQPlatformReconciler - HiveMQ Platform Operator is starting...
2025-01-30 04:05:37,536 INFO c.h.h.t.HelmChartContainer - [hivemq-test-hivemq-platform] [hivemq-platform-operator] [642736cb] 04:05:37.535 [main] WARN  Default ConfigurationService implementation - Configuration for reconciler 'hivemq-controller' was not found. Known reconcilers: None.
2025-01-30 04:05:37,542 INFO c.h.h.t.HelmChartContainer - [hivemq-test-hivemq-platform] [hivemq-platform-operator] [642736cb] 04:05:37.541 [main] INFO  Default ConfigurationService implementation - Created configuration for reconciler com.hivemq.platform.operator.HiveMQPlatformReconciler with name hivemq-controller
2025-01-30 04:05:37,642 INFO c.h.h.t.HelmChartContainer - [hivemq-test-hivemq-platform] [hivemq-platform-operator] [642736cb] 04:05:37.641 [main] DEBUG c.h.p.o.HiveMQPlatformReconciler - HiveMQ Platform Operator is preparing EventSources
2025-01-30 04:05:37,653 INFO c.h.h.t.HelmChartContainer - [hivemq-test-hivemq-platform] [hivemq-platform-operator] [642736cb] 04:05:37.653 [main] INFO  i.javaoperatorsdk.operator.Operator - Registered reconciler: 'hivemq-controller' for resource: 'class com.hivemq.platform.operator.v1.HiveMQPlatform' for namespace(s): [all namespaces]
2025-01-30 04:05:38,154 INFO c.h.h.t.HelmChartContainer - [hivemq-test-hivemq-platform] [hivemq-platform-operator] [642736cb] 04:05:38.153 [main] INFO  c.h.p.operator.webserver.JettyServer - Starting Jetty server on port 8080
2025-01-30 04:05:38,246 INFO c.h.h.t.HelmChartContainer - [hivemq-test-hivemq-platform] [hivemq-platform-operator] [642736cb] 04:05:38.245 [main] INFO  i.javaoperatorsdk.operator.Operator - Operator SDK 4.9.7 (commit: 2133d28) built on Wed Nov 20 12:56:20 UTC 2024 starting...
2025-01-30 04:05:38,247 INFO c.h.h.t.HelmChartContainer - [hivemq-test-hivemq-platform] [hivemq-platform-operator] [642736cb] 04:05:38.246 [main] INFO  i.javaoperatorsdk.operator.Operator - Client version: 6.13.5
2025-01-30 04:05:38,249 INFO c.h.h.t.HelmChartContainer - [hivemq-test-hivemq-platform] [hivemq-platform-operator] [642736cb] 04:05:38.247 [Controller Starter for: hivemq-controller] INFO  i.j.operator.processing.Controller - Starting 'hivemq-controller' controller for reconciler: com.hivemq.platform.operator.HiveMQPlatformReconciler, resource: com.hivemq.platform.operator.v1.HiveMQPlatform
2025-01-30 04:05:40,532 INFO c.h.h.t.HelmChartContainer - [hivemq-test-hivemq-platform] [hivemq-platform-operator] [642736cb] 04:05:40.531 [Controller Starter for: hivemq-controller] INFO  i.j.operator.processing.Controller - 'hivemq-controller' controller started
2025-01-30 04:05:40,533 INFO c.h.h.t.HelmChartContainer - [hivemq-test-hivemq-platform] [hivemq-platform-operator] [642736cb] 04:05:40.532 [main] INFO  c.h.p.o.HiveMQPlatformOperatorApplication - HiveMQ Platform Operator 1.7.0-SNAPSHOT started in 6089 ms
2025-01-30 04:05:42,626 INFO c.h.h.t.HelmChartContainer - [POD] hivemq-test-hivemq-platform-operator-6966f96d65-v96sf [642736cb-49ce-4dce-80aa-e211b4846a64] in helmmqttit-operator was MODIFIED
2025-01-30 04:05:42,632 INFO c.h.h.t.HelmChartContainer - [K3S] [replica_set.go:679] "Finished syncing" kind="ReplicaSet" key="helmmqttit-operator/hivemq-test-hivemq-platform-operator-6966f96d65" duration="7.650962ms"
2025-01-30 04:05:42,632 INFO c.h.h.t.HelmChartContainer - [K3S] [replica_set.go:679] "Finished syncing" kind="ReplicaSet" key="helmmqttit-operator/hivemq-test-hivemq-platform-operator-6966f96d65" duration="33.703µs"
2025-01-30 04:05:43,178 DEBUG c.h.h.t.HelmChartContainer - Executing helm command: /bin/helm --kubeconfig /etc/rancher/k3s/k3s.yaml install test-hivemq-platform /charts/hivemq-platform --wait --timeout 5m0s --set image.repository=docker.io/hivemq --set image.tag=4.36.0 --set image.pullPolicy=Never --set nodes.resources.cpu=512m -f /files/mqtt-annotations-values.yaml --namespace helmmqttit
2025-01-30 04:05:43,497 INFO c.h.h.t.HelmChartContainer - [hivemq-test-hivemq-platform] [hivemq-platform-operator] [642736cb] 04:05:43.495 [-2082509879-pool-1-thread-1] WARN  i.m.p.PrometheusMeterRegistry - The meter (MeterId{name='operator.sdk.events.received', tags=[tag(action=ADDED),tag(event=ResourceEvent),tag(group=hivemq.com),tag(kind=HiveMQPlatform),tag(name=test-hivemq-platform),tag(namespace=helmmqttit),tag(scope=namespace),tag(version=v1)]}) registration has failed: Prometheus requires that all meters with the same name have the same set of tag keys. There is already an existing meter named 'operator.sdk.events.received' containing tag keys [event, group, kind, name, namespace, scope, version]. The meter you are attempting to register has keys [action, event, group, kind, name, namespace, scope, version]. Note that subsequent logs will be logged at debug level.
2025-01-30 04:05:43,991 INFO c.h.h.t.HelmChartContainer - [hivemq-test-hivemq-platform] [hivemq-platform-operator] [642736cb] 04:05:43.990 [pool-6-thread-3] DEBUG c.h.p.o.dependants.PodInfoConfigMap - [helmmqtt] Desired PodInfo ConfigMap (1 extensions) (1 enabled)
2025-01-30 04:05:43,992 INFO c.h.h.t.HelmChartContainer - [hivemq-test-hivemq-platform] [hivemq-platform-operator] [642736cb] 04:05:43.991 [pool-6-thread-3] DEBUG c.h.p.o.dependants.PodInfoConfigMap - [helmmqtt] Desired PodInfo ConfigMap (metrics port: 9399) (metrics path: /)
2025-01-30 04:05:43,992 INFO c.h.h.t.HelmChartContainer - [hivemq-test-hivemq-platform] [hivemq-platform-operator] [642736cb] 04:05:43.991 [pool-6-thread-3] DEBUG c.h.p.o.dependants.PodInfoConfigMap - [helmmqtt] Desired PodInfo ConfigMap (extension state hash: -1817474005)
2025-01-30 04:05:43,994 INFO c.h.h.t.HelmChartContainer - [hivemq-test-hivemq-platform] [hivemq-platform-operator] [642736cb] 04:05:43.993 [pool-6-thread-3] DEBUG c.h.p.o.dependants.PodInfoConfigMap - [helmmqtt] Create PodInfo ConfigMap
2025-01-30 04:05:44,090 INFO c.h.h.t.HelmChartContainer - [hivemq-test-hivemq-platform] [hivemq-platform-operator] [642736cb] 04:05:44.087 [pool-6-thread-5] DEBUG c.h.p.o.dependants.PodRoleResource - [helmmqtt] Create Role: Role(apiVersion=rbac.authorization.k8s.io/v1, kind=Role, metadata=ObjectMeta(annotations={meta.helm.sh/release-name=test-hivemq-platform, meta.helm.sh/release-namespace=helmmqttit}, creationTimestamp=null, deletionGracePeriodSeconds=null, deletionTimestamp=null, finalizers=[], generateName=null, generation=null, labels={helm.sh/chart=hivemq-platform-0.2.32, app.kubernetes.io/managed-by=Helm, app.kubernetes.io/name=hivemq-platform, hivemq-platform=test-hivemq-platform, app.kubernetes.io/instance=test-hivemq-platform, app.kubernetes.io/version=4.36.0}, managedFields=[], name=hivemq-platform-role-test-hivemq-platform, namespace=helmmqttit, ownerReferences=[OwnerReference(apiVersion=hivemq.com/v1, blockOwnerDeletion=null, controller=null, kind=HiveMQPlatform, name=test-hivemq-platform, uid=57804bee-9f0c-4dd4-8eb3-f06170e51fc4, additionalProperties={})], resourceVersion=null, selfLink=null, uid=null, additionalProperties={}), rules=[PolicyRule(apiGroups=[], nonResourceURLs=[], resourceNames=[], resources=[pods], verbs=[get, patch, update], additionalProperties={})], additionalProperties={})
2025-01-30 04:05:44,199 INFO c.h.h.t.HelmChartContainer - [hivemq-test-hivemq-platform] [hivemq-platform-operator] [642736cb] 04:05:44.198 [pool-6-thread-7] DEBUG c.h.p.o.d.PodServiceAccountResource - [helmmqtt] Desired PodServiceAccountResource (serviceAccountName: hivemq-platform-pod-test-hivemq-platform)
2025-01-30 04:05:44,230 INFO c.h.h.t.HelmChartContainer - [hivemq-test-hivemq-platform] [hivemq-platform-operator] [642736cb] 04:05:44.228 [pool-6-thread-7] DEBUG c.h.p.o.d.PodServiceAccountResource - [helmmqtt] Create ServiceAccount 'hivemq-platform-pod-test-hivemq-platform'
2025-01-30 04:05:44,337 INFO c.h.h.t.HelmChartContainer - [hivemq-test-hivemq-platform] [hivemq-platform-operator] [642736cb] 04:05:44.336 [pool-6-thread-10] DEBUG c.h.p.o.d.PodRoleBindingResource - [helmmqtt] Create RoleBinding: RoleBinding(apiVersion=rbac.authorization.k8s.io/v1, kind=RoleBinding, metadata=ObjectMeta(annotations={meta.helm.sh/release-name=test-hivemq-platform, meta.helm.sh/release-namespace=helmmqttit}, creationTimestamp=null, deletionGracePeriodSeconds=null, deletionTimestamp=null, finalizers=[], generateName=null, generation=null, labels={helm.sh/chart=hivemq-platform-0.2.32, app.kubernetes.io/managed-by=Helm, app.kubernetes.io/name=hivemq-platform, hivemq-platform=test-hivemq-platform, app.kubernetes.io/instance=test-hivemq-platform, app.kubernetes.io/version=4.36.0}, managedFields=[], name=hivemq-platform-role-binding-test-hivemq-platform, namespace=helmmqttit, ownerReferences=[OwnerReference(apiVersion=hivemq.com/v1, blockOwnerDeletion=null, controller=null, kind=HiveMQPlatform, name=test-hivemq-platform, uid=57804bee-9f0c-4dd4-8eb3-f06170e51fc4, additionalProperties={})], resourceVersion=null, selfLink=null, uid=null, additionalProperties={}), roleRef=RoleRef(apiGroup=rbac.authorization.k8s.io, kind=Role, name=hivemq-platform-role-test-hivemq-platform, additionalProperties={}), subjects=[Subject(apiGroup=null, kind=ServiceAccount, name=hivemq-platform-pod-test-hivemq-platform, namespace=helmmqttit, additionalProperties={})], additionalProperties={})
2025-01-30 04:05:44,403 INFO c.h.h.t.HelmChartContainer - [hivemq-test-hivemq-platform] [hivemq-platform-operator] [642736cb] 04:05:44.402 [ReconcilerExecutor-hivemq-controller-52] INFO  c.h.p.o.HiveMQPlatformReconciler - [helmmqtt] Reconciling HiveMQ Platform 'test-hivemq-platform' in namespace 'helmmqttit'
2025-01-30 04:05:44,404 INFO c.h.h.t.HelmChartContainer - [hivemq-test-hivemq-platform] [hivemq-platform-operator] [642736cb] 04:05:44.403 [ReconcilerExecutor-hivemq-controller-52] DEBUG c.h.p.o.HiveMQPlatformReconciler - [helmmqtt] Custom Resource Status CREATED - HiveMQ Platform was created (READY)
2025-01-30 04:05:44,404 INFO c.h.h.t.HelmChartContainer - [hivemq-test-hivemq-platform] [hivemq-platform-operator] [642736cb] 04:05:44.403 [ReconcilerExecutor-hivemq-controller-52] DEBUG c.h.p.o.HiveMQPlatformReconciler - [helmmqtt] Custom Resource Spec (replicas: 1) (extensions: 1)
2025-01-30 04:05:44,406 INFO c.h.h.t.HelmChartContainer - [hivemq-test-hivemq-platform] [hivemq-platform-operator] [642736cb] 04:05:44.406 [ReconcilerExecutor-hivemq-controller-52] INFO  c.h.p.o.h.HiveMQPlatformReconcilerBaseHandler - [helmmqtt] HiveMQ Platform is starting
2025-01-30 04:05:44,501 INFO c.h.h.t.HelmChartContainer - [hivemq-test-hivemq-platform] [hivemq-platform-operator] [642736cb] 04:05:44.500 [ReconcilerExecutor-hivemq-controller-52] DEBUG c.h.p.operator.event.EventSender - [helmmqtt] Creating K8s event hivemq-platform-starting: [Start] HiveMQ Platform is starting
2025-01-30 04:05:44,534 INFO c.h.h.t.HelmChartContainer - [EVENT] Normal [Start] HiveMQ Platform is starting [helmmqttit:test-hivemq-platform]
2025-01-30 04:05:44,588 INFO c.h.h.t.HelmChartContainer - [hivemq-test-hivemq-platform] [hivemq-platform-operator] [642736cb] 04:05:44.587 [ReconcilerExecutor-hivemq-controller-52] INFO  c.h.p.o.h.AbstractHiveMQReconcilerStateHandler - [helmmqtt] Update HiveMQ Platform Status (CREATED [READY] -> STARTING [READY]): HiveMQ Platform is starting
2025-01-30 04:05:44,602 DEBUG com.hivemq.helmcharts.util.K8sUtil - Comparing actual state 'STARTING' and waiting for 'RUNNING'
2025-01-30 04:05:54,640 INFO c.h.h.t.HelmChartContainer - [hivemq-test-hivemq-platform] [hivemq-platform-operator] [642736cb] 04:05:54.638 [pool-6-thread-12] DEBUG c.h.p.o.d.PlatformServiceResource - [helmmqtt] Desired Platform services (2 services)
2025-01-30 04:05:54,641 INFO c.h.h.t.HelmChartContainer - [hivemq-test-hivemq-platform] [hivemq-platform-operator] [642736cb] 04:05:54.641 [pool-6-thread-13] DEBUG c.h.p.o.dependants.PodInfoConfigMap - [helmmqtt] Desired PodInfo ConfigMap (1 extensions) (1 enabled)
2025-01-30 04:05:54,641 INFO c.h.h.t.HelmChartContainer - [hivemq-test-hivemq-platform] [hivemq-platform-operator] [642736cb] 04:05:54.641 [pool-6-thread-13] DEBUG c.h.p.o.dependants.PodInfoConfigMap - [helmmqtt] Desired PodInfo ConfigMap (metrics port: 9399) (metrics path: /)
2025-01-30 04:05:54,641 INFO c.h.h.t.HelmChartContainer - [hivemq-test-hivemq-platform] [hivemq-platform-operator] [642736cb] 04:05:54.641 [pool-6-thread-13] DEBUG c.h.p.o.dependants.PodInfoConfigMap - [helmmqtt] Desired PodInfo ConfigMap (extension state hash: -1817474005)
2025-01-30 04:05:54,647 INFO c.h.h.t.HelmChartContainer - [hivemq-test-hivemq-platform] [hivemq-platform-operator] [642736cb] 04:05:54.646 [pool-6-thread-13] DEBUG c.h.p.o.dependants.PodInfoConfigMap - [helmmqtt] Update PodInfo ConfigMap
2025-01-30 04:05:54,647 INFO c.h.h.t.HelmChartContainer - [hivemq-test-hivemq-platform] [hivemq-platform-operator] [642736cb] 04:05:54.647 [pool-6-thread-17] DEBUG c.h.p.o.d.PodServiceAccountResource - [helmmqtt] Desired PodServiceAccountResource (serviceAccountName: hivemq-platform-pod-test-hivemq-platform)
2025-01-30 04:05:54,654 INFO c.h.h.t.HelmChartContainer - [K3S] [alloc.go:330] "allocated clusterIPs" service="helmmqttit/hivemq-test-hivemq-platform-metrics-9399" clusterIPs={"IPv4":"10.43.179.149"}
2025-01-30 04:05:54,746 INFO c.h.h.t.HelmChartContainer - [K3S] [alloc.go:330] "allocated clusterIPs" service="helmmqttit/hivemq-test-hivemq-platform-mqtt-1884" clusterIPs={"IPv4":"10.43.103.222"}
2025-01-30 04:05:54,832 INFO c.h.h.t.HelmChartContainer - [hivemq-test-hivemq-platform] [hivemq-platform-operator] [642736cb] 04:05:54.831 [pool-6-thread-20] DEBUG c.h.p.o.d.StatefulSetResource - [helmmqtt] Desired StatefulSet (1 replicas) for status STARTING (READY)
2025-01-30 04:05:54,842 INFO c.h.h.t.HelmChartContainer - [hivemq-test-hivemq-platform] [hivemq-platform-operator] [642736cb] 04:05:54.841 [pool-6-thread-20] DEBUG c.h.p.o.d.StatefulSetResource - [helmmqtt] Create StatefulSet
2025-01-30 04:05:54,946 INFO c.h.h.t.HelmChartContainer - [hivemq-test-hivemq-platform] [hivemq-platform-operator] [642736cb] 04:05:54.945 [ReconcilerExecutor-hivemq-controller-63] INFO  c.h.p.o.HiveMQPlatformReconciler - [helmmqtt] Reconciling HiveMQ Platform 'test-hivemq-platform' in namespace 'helmmqttit'
2025-01-30 04:05:54,947 INFO c.h.h.t.HelmChartContainer - [hivemq-test-hivemq-platform] [hivemq-platform-operator] [642736cb] 04:05:54.945 [ReconcilerExecutor-hivemq-controller-63] DEBUG c.h.p.o.HiveMQPlatformReconciler - [helmmqtt] Custom Resource Status STARTING - HiveMQ Platform is starting (READY)
2025-01-30 04:05:54,947 INFO c.h.h.t.HelmChartContainer - [hivemq-test-hivemq-platform] [hivemq-platform-operator] [642736cb] 04:05:54.946 [ReconcilerExecutor-hivemq-controller-63] DEBUG c.h.p.o.HiveMQPlatformReconciler - [helmmqtt] Custom Resource Spec (replicas: 1) (extensions: 1)
2025-01-30 04:05:54,949 INFO c.h.h.t.HelmChartContainer - [hivemq-test-hivemq-platform] [hivemq-platform-operator] [642736cb] 04:05:54.949 [ReconcilerExecutor-hivemq-controller-63] DEBUG c.h.p.o.HiveMQPlatformReconciler - [helmmqtt] StatefulSet Status (revision: null, replicas: 0, available: 0, ready: 0, current: 0, updated: 0)
2025-01-30 04:05:54,949 INFO c.h.h.t.HelmChartContainer - [hivemq-test-hivemq-platform] [hivemq-platform-operator] [642736cb] 04:05:54.949 [ReconcilerExecutor-hivemq-controller-63] DEBUG c.h.p.o.HiveMQPlatformReconciler - [helmmqtt] StatefulSet Spec (replicas: 1, init containers: 1, containers: 1, volumes: 3)
2025-01-30 04:05:54,953 INFO c.h.h.t.HelmChartContainer - [hivemq-test-hivemq-platform] [hivemq-platform-operator] [642736cb] 04:05:54.952 [ReconcilerExecutor-hivemq-controller-63] INFO  c.h.p.o.h.HiveMQPlatformReconcilerBaseHandler - [helmmqtt] HiveMQ Platform is starting, 0 of 1 replicas are ready
2025-01-30 04:05:54,959 INFO c.h.h.t.HelmChartContainer - [POD] test-hivemq-platform-0 [0f3c40f6-9802-413f-9dd4-338d265de327] in helmmqttit was ADDED
2025-01-30 04:05:54,960 INFO c.h.h.t.HelmChartContainer - [EVENT] Normal [SuccessfulCreate] create Pod test-hivemq-platform-0 in StatefulSet test-hivemq-platform successful [helmmqttit:test-hivemq-platform]
2025-01-30 04:05:54,962 INFO c.h.h.t.HelmChartContainer - [POD] test-hivemq-platform-0 [0f3c40f6-9802-413f-9dd4-338d265de327] in helmmqttit was MODIFIED
2025-01-30 04:05:54,963 INFO c.h.h.t.HelmChartContainer - [EVENT] Normal [Scheduled] Successfully assigned helmmqttit/test-hivemq-platform-0 to 969b9ea92551 [helmmqttit:test-hivemq-platform-0]
2025-01-30 04:05:54,972 INFO c.h.h.t.HelmChartContainer - [POD] test-hivemq-platform-0 [0f3c40f6-9802-413f-9dd4-338d265de327] in helmmqttit was MODIFIED
2025-01-30 04:05:55,019 INFO c.h.h.t.HelmChartContainer - [K3S] [reconciler_common.go:251] "operationExecutor.VerifyControllerAttachedVolume started for volume \"broker-configuration\" (UniqueName: \"kubernetes.io/configmap/0f3c40f6-9802-413f-9dd4-338d265de327-broker-configuration\") pod \"test-hivemq-platform-0\" (UID: \"0f3c40f6-9802-413f-9dd4-338d265de327\") " pod="helmmqttit/test-hivemq-platform-0"
2025-01-30 04:05:55,019 INFO c.h.h.t.HelmChartContainer - [K3S] [reconciler_common.go:251] "operationExecutor.VerifyControllerAttachedVolume started for volume \"operator-init\" (UniqueName: \"kubernetes.io/empty-dir/0f3c40f6-9802-413f-9dd4-338d265de327-operator-init\") pod \"test-hivemq-platform-0\" (UID: \"0f3c40f6-9802-413f-9dd4-338d265de327\") " pod="helmmqttit/test-hivemq-platform-0"
2025-01-30 04:05:55,019 INFO c.h.h.t.HelmChartContainer - [K3S] [reconciler_common.go:251] "operationExecutor.VerifyControllerAttachedVolume started for volume \"pod-info\" (UniqueName: \"kubernetes.io/configmap/0f3c40f6-9802-413f-9dd4-338d265de327-pod-info\") pod \"test-hivemq-platform-0\" (UID: \"0f3c40f6-9802-413f-9dd4-338d265de327\") " pod="helmmqttit/test-hivemq-platform-0"
2025-01-30 04:05:55,019 INFO c.h.h.t.HelmChartContainer - [K3S] [reconciler_common.go:251] "operationExecutor.VerifyControllerAttachedVolume started for volume \"kube-api-access-tgxjh\" (UniqueName: \"kubernetes.io/projected/0f3c40f6-9802-413f-9dd4-338d265de327-kube-api-access-tgxjh\") pod \"test-hivemq-platform-0\" (UID: \"0f3c40f6-9802-413f-9dd4-338d265de327\") " pod="helmmqttit/test-hivemq-platform-0"
2025-01-30 04:05:55,034 INFO c.h.h.t.HelmChartContainer - [hivemq-test-hivemq-platform] [hivemq-platform-operator] [642736cb] 04:05:55.031 [pool-6-thread-22] DEBUG c.h.p.o.d.PlatformServiceResource - [helmmqtt] Desired Platform services (2 services)
2025-01-30 04:05:55,039 INFO c.h.h.t.HelmChartContainer - [hivemq-test-hivemq-platform] [hivemq-platform-operator] [642736cb] 04:05:55.035 [pool-6-thread-27] DEBUG c.h.p.o.d.PodServiceAccountResource - [helmmqtt] Desired PodServiceAccountResource (serviceAccountName: hivemq-platform-pod-test-hivemq-platform)
2025-01-30 04:05:55,039 INFO c.h.h.t.HelmChartContainer - [hivemq-test-hivemq-platform] [hivemq-platform-operator] [642736cb] 04:05:55.038 [pool-6-thread-23] DEBUG c.h.p.o.dependants.PodInfoConfigMap - [helmmqtt] Desired PodInfo ConfigMap (1 extensions) (1 enabled)
2025-01-30 04:05:55,039 INFO c.h.h.t.HelmChartContainer - [hivemq-test-hivemq-platform] [hivemq-platform-operator] [642736cb] 04:05:55.038 [pool-6-thread-23] DEBUG c.h.p.o.dependants.PodInfoConfigMap - [helmmqtt] Desired PodInfo ConfigMap (metrics port: 9399) (metrics path: /)
2025-01-30 04:05:55,039 INFO c.h.h.t.HelmChartContainer - [hivemq-test-hivemq-platform] [hivemq-platform-operator] [642736cb] 04:05:55.038 [pool-6-thread-23] DEBUG c.h.p.o.dependants.PodInfoConfigMap - [helmmqtt] Desired PodInfo ConfigMap (extension state hash: -1817474005)
2025-01-30 04:05:55,050 INFO c.h.h.t.HelmChartContainer - [hivemq-test-hivemq-platform] [hivemq-platform-operator] [642736cb] 04:05:55.049 [pool-6-thread-30] DEBUG c.h.p.o.d.StatefulSetResource - [helmmqtt] Desired StatefulSet (1 replicas) for status STARTING (READY)
2025-01-30 04:05:55,130 INFO c.h.h.t.HelmChartContainer - [hivemq-test-hivemq-platform] [hivemq-platform-operator] [642736cb] 04:05:55.128 [ReconcilerExecutor-hivemq-controller-75] INFO  c.h.p.o.HiveMQPlatformReconciler - [helmmqtt] Reconciling HiveMQ Platform 'test-hivemq-platform' in namespace 'helmmqttit'
2025-01-30 04:05:55,130 INFO c.h.h.t.HelmChartContainer - [hivemq-test-hivemq-platform] [hivemq-platform-operator] [642736cb] 04:05:55.129 [ReconcilerExecutor-hivemq-controller-75] DEBUG c.h.p.o.HiveMQPlatformReconciler - [helmmqtt] Custom Resource Status STARTING - HiveMQ Platform is starting (READY)
2025-01-30 04:05:55,130 INFO c.h.h.t.HelmChartContainer - [hivemq-test-hivemq-platform] [hivemq-platform-operator] [642736cb] 04:05:55.129 [ReconcilerExecutor-hivemq-controller-75] DEBUG c.h.p.o.HiveMQPlatformReconciler - [helmmqtt] Custom Resource Spec (replicas: 1) (extensions: 1)
2025-01-30 04:05:55,131 INFO c.h.h.t.HelmChartContainer - [hivemq-test-hivemq-platform] [hivemq-platform-operator] [642736cb] 04:05:55.131 [ReconcilerExecutor-hivemq-controller-75] DEBUG c.h.p.o.HiveMQPlatformReconciler - [helmmqtt] StatefulSet Status (revision: test-hivemq-platform-7bbc5894fb, replicas: 1, available: 0, ready: 0, current: 1, updated: 1)
2025-01-30 04:05:55,132 INFO c.h.h.t.HelmChartContainer - [hivemq-test-hivemq-platform] [hivemq-platform-operator] [642736cb] 04:05:55.131 [ReconcilerExecutor-hivemq-controller-75] DEBUG c.h.p.o.HiveMQPlatformReconciler - [helmmqtt] StatefulSet Spec (replicas: 1, init containers: 1, containers: 1, volumes: 3)
2025-01-30 04:05:55,141 INFO c.h.h.t.HelmChartContainer - [hivemq-test-hivemq-platform] [hivemq-platform-operator] [642736cb] 04:05:55.140 [ReconcilerExecutor-hivemq-controller-75] DEBUG c.h.p.o.h.HiveMQPlatformReconcilerErrorHandler - [helmmqtt] Pod 'test-hivemq-platform-0' phase Pending
2025-01-30 04:05:55,142 INFO c.h.h.t.HelmChartContainer - [hivemq-test-hivemq-platform] [hivemq-platform-operator] [642736cb] 04:05:55.141 [ReconcilerExecutor-hivemq-controller-75] DEBUG c.h.p.o.h.HiveMQPlatformReconcilerErrorHandler - [helmmqtt] Pod 'test-hivemq-platform-0' condition 'PodReadyToStartContainers': False
2025-01-30 04:05:55,143 INFO c.h.h.t.HelmChartContainer - [hivemq-test-hivemq-platform] [hivemq-platform-operator] [642736cb] 04:05:55.141 [ReconcilerExecutor-hivemq-controller-75] DEBUG c.h.p.o.h.HiveMQPlatformReconcilerErrorHandler - [helmmqtt] Pod 'test-hivemq-platform-0' condition 'Initialized': False
2025-01-30 04:05:55,143 INFO c.h.h.t.HelmChartContainer - [hivemq-test-hivemq-platform] [hivemq-platform-operator] [642736cb] 04:05:55.141 [ReconcilerExecutor-hivemq-controller-75] DEBUG c.h.p.o.h.HiveMQPlatformReconcilerErrorHandler - [helmmqtt] Pod 'test-hivemq-platform-0' condition 'Ready': False
2025-01-30 04:05:55,143 INFO c.h.h.t.HelmChartContainer - [hivemq-test-hivemq-platform] [hivemq-platform-operator] [642736cb] 04:05:55.141 [ReconcilerExecutor-hivemq-controller-75] DEBUG c.h.p.o.h.HiveMQPlatformReconcilerErrorHandler - [helmmqtt] Pod 'test-hivemq-platform-0' condition 'ContainersReady': False
2025-01-30 04:05:55,143 INFO c.h.h.t.HelmChartContainer - [hivemq-test-hivemq-platform] [hivemq-platform-operator] [642736cb] 04:05:55.141 [ReconcilerExecutor-hivemq-controller-75] DEBUG c.h.p.o.h.HiveMQPlatformReconcilerErrorHandler - [helmmqtt] Pod 'test-hivemq-platform-0' condition 'PodScheduled': True
2025-01-30 04:05:55,143 INFO c.h.h.t.HelmChartContainer - [hivemq-test-hivemq-platform] [hivemq-platform-operator] [642736cb] 04:05:55.142 [ReconcilerExecutor-hivemq-controller-75] DEBUG c.h.p.o.h.HiveMQPlatformReconcilerErrorHandler - [helmmqtt] Pod 'test-hivemq-platform-0' containerStatus 'hivemq' (started: false) (ready: false) (waiting: [PodInitializing] null)
2025-01-30 04:05:55,144 INFO c.h.h.t.HelmChartContainer - [hivemq-test-hivemq-platform] [hivemq-platform-operator] [642736cb] 04:05:55.144 [ReconcilerExecutor-hivemq-controller-75] INFO  c.h.p.o.h.HiveMQPlatformReconcilerBaseHandler - [helmmqtt] HiveMQ Platform is starting, 0 of 1 replicas are ready
2025-01-30 04:05:55,231 INFO c.h.h.t.HelmChartContainer - [hivemq-test-hivemq-platform] [hivemq-platform-operator] [642736cb] 04:05:55.230 [pool-6-thread-32] DEBUG c.h.p.o.d.PlatformServiceResource - [helmmqtt] Desired Platform services (2 services)
2025-01-30 04:05:55,234 INFO c.h.h.t.HelmChartContainer - [hivemq-test-hivemq-platform] [hivemq-platform-operator] [642736cb] 04:05:55.233 [pool-6-thread-37] DEBUG c.h.p.o.d.PodServiceAccountResource - [helmmqtt] Desired PodServiceAccountResource (serviceAccountName: hivemq-platform-pod-test-hivemq-platform)
2025-01-30 04:05:55,236 INFO c.h.h.t.HelmChartContainer - [hivemq-test-hivemq-platform] [hivemq-platform-operator] [642736cb] 04:05:55.235 [pool-6-thread-33] DEBUG c.h.p.o.dependants.PodInfoConfigMap - [helmmqtt] Desired PodInfo ConfigMap (1 extensions) (1 enabled)
2025-01-30 04:05:55,237 INFO c.h.h.t.HelmChartContainer - [hivemq-test-hivemq-platform] [hivemq-platform-operator] [642736cb] 04:05:55.236 [pool-6-thread-33] DEBUG c.h.p.o.dependants.PodInfoConfigMap - [helmmqtt] Desired PodInfo ConfigMap (metrics port: 9399) (metrics path: /)
2025-01-30 04:05:55,238 INFO c.h.h.t.HelmChartContainer - [hivemq-test-hivemq-platform] [hivemq-platform-operator] [642736cb] 04:05:55.237 [pool-6-thread-33] DEBUG c.h.p.o.dependants.PodInfoConfigMap - [helmmqtt] Desired PodInfo ConfigMap (extension state hash: -1817474005)
2025-01-30 04:05:55,242 INFO c.h.h.t.HelmChartContainer - [hivemq-test-hivemq-platform] [hivemq-platform-operator] [642736cb] 04:05:55.241 [pool-6-thread-40] DEBUG c.h.p.o.d.StatefulSetResource - [helmmqtt] Desired StatefulSet (1 replicas) for status STARTING (READY)
2025-01-30 04:05:55,330 INFO c.h.h.t.HelmChartContainer - [hivemq-test-hivemq-platform] [hivemq-platform-operator] [642736cb] 04:05:55.328 [ReconcilerExecutor-hivemq-controller-86] INFO  c.h.p.o.HiveMQPlatformReconciler - [helmmqtt] Reconciling HiveMQ Platform 'test-hivemq-platform' in namespace 'helmmqttit'
2025-01-30 04:05:55,330 INFO c.h.h.t.HelmChartContainer - [hivemq-test-hivemq-platform] [hivemq-platform-operator] [642736cb] 04:05:55.328 [ReconcilerExecutor-hivemq-controller-86] DEBUG c.h.p.o.HiveMQPlatformReconciler - [helmmqtt] Custom Resource Status STARTING - HiveMQ Platform is starting (READY)
2025-01-30 04:05:55,330 INFO c.h.h.t.HelmChartContainer - [hivemq-test-hivemq-platform] [hivemq-platform-operator] [642736cb] 04:05:55.328 [ReconcilerExecutor-hivemq-controller-86] DEBUG c.h.p.o.HiveMQPlatformReconciler - [helmmqtt] Custom Resource Spec (replicas: 1) (extensions: 1)
2025-01-30 04:05:55,334 INFO c.h.h.t.HelmChartContainer - [hivemq-test-hivemq-platform] [hivemq-platform-operator] [642736cb] 04:05:55.333 [ReconcilerExecutor-hivemq-controller-86] DEBUG c.h.p.o.HiveMQPlatformReconciler - [helmmqtt] StatefulSet Status (revision: test-hivemq-platform-7bbc5894fb, replicas: 1, available: 0, ready: 0, current: 1, updated: 1)
2025-01-30 04:05:55,335 INFO c.h.h.t.HelmChartContainer - [hivemq-test-hivemq-platform] [hivemq-platform-operator] [642736cb] 04:05:55.334 [ReconcilerExecutor-hivemq-controller-86] DEBUG c.h.p.o.HiveMQPlatformReconciler - [helmmqtt] StatefulSet Spec (replicas: 1, init containers: 1, containers: 1, volumes: 3)
2025-01-30 04:05:55,338 INFO c.h.h.t.HelmChartContainer - [hivemq-test-hivemq-platform] [hivemq-platform-operator] [642736cb] 04:05:55.337 [ReconcilerExecutor-hivemq-controller-86] DEBUG c.h.p.o.h.HiveMQPlatformReconcilerErrorHandler - [helmmqtt] Pod 'test-hivemq-platform-0' phase Pending
2025-01-30 04:05:55,340 INFO c.h.h.t.HelmChartContainer - [hivemq-test-hivemq-platform] [hivemq-platform-operator] [642736cb] 04:05:55.339 [ReconcilerExecutor-hivemq-controller-86] DEBUG c.h.p.o.h.HiveMQPlatformReconcilerErrorHandler - [helmmqtt] Pod 'test-hivemq-platform-0' condition 'PodReadyToStartContainers': False
2025-01-30 04:05:55,340 INFO c.h.h.t.HelmChartContainer - [hivemq-test-hivemq-platform] [hivemq-platform-operator] [642736cb] 04:05:55.339 [ReconcilerExecutor-hivemq-controller-86] DEBUG c.h.p.o.h.HiveMQPlatformReconcilerErrorHandler - [helmmqtt] Pod 'test-hivemq-platform-0' condition 'Initialized': False
2025-01-30 04:05:55,340 INFO c.h.h.t.HelmChartContainer - [hivemq-test-hivemq-platform] [hivemq-platform-operator] [642736cb] 04:05:55.339 [ReconcilerExecutor-hivemq-controller-86] DEBUG c.h.p.o.h.HiveMQPlatformReconcilerErrorHandler - [helmmqtt] Pod 'test-hivemq-platform-0' condition 'Ready': False
2025-01-30 04:05:55,340 INFO c.h.h.t.HelmChartContainer - [hivemq-test-hivemq-platform] [hivemq-platform-operator] [642736cb] 04:05:55.339 [ReconcilerExecutor-hivemq-controller-86] DEBUG c.h.p.o.h.HiveMQPlatformReconcilerErrorHandler - [helmmqtt] Pod 'test-hivemq-platform-0' condition 'ContainersReady': False
2025-01-30 04:05:55,340 INFO c.h.h.t.HelmChartContainer - [hivemq-test-hivemq-platform] [hivemq-platform-operator] [642736cb] 04:05:55.339 [ReconcilerExecutor-hivemq-controller-86] DEBUG c.h.p.o.h.HiveMQPlatformReconcilerErrorHandler - [helmmqtt] Pod 'test-hivemq-platform-0' condition 'PodScheduled': True
2025-01-30 04:05:55,342 INFO c.h.h.t.HelmChartContainer - [hivemq-test-hivemq-platform] [hivemq-platform-operator] [642736cb] 04:05:55.339 [ReconcilerExecutor-hivemq-controller-86] DEBUG c.h.p.o.h.HiveMQPlatformReconcilerErrorHandler - [helmmqtt] Pod 'test-hivemq-platform-0' containerStatus 'hivemq' (started: false) (ready: false) (waiting: [PodInitializing] null)
2025-01-30 04:05:55,343 INFO c.h.h.t.HelmChartContainer - [hivemq-test-hivemq-platform] [hivemq-platform-operator] [642736cb] 04:05:55.341 [ReconcilerExecutor-hivemq-controller-86] INFO  c.h.p.o.h.HiveMQPlatformReconcilerBaseHandler - [helmmqtt] HiveMQ Platform is starting, 0 of 1 replicas are ready
2025-01-30 04:05:55,353 INFO c.h.h.t.HelmChartContainer - [EVENT] Normal [Pulled] Container image "docker.io/hivemq/hivemq-platform-operator-init-test:snapshot" already present on machine [helmmqttit:test-hivemq-platform-0]
2025-01-30 04:05:55,460 INFO c.h.h.t.HelmChartContainer - [EVENT] Normal [Created] Created container: hivemq-platform-operator-init [helmmqttit:test-hivemq-platform-0]
2025-01-30 04:05:55,502 INFO c.h.h.t.HelmChartContainer - [EVENT] Normal [Started] Started container hivemq-platform-operator-init [helmmqttit:test-hivemq-platform-0]
2025-01-30 04:05:55,657 INFO c.h.h.t.HelmChartContainer - [POD] test-hivemq-platform-0 [0f3c40f6-9802-413f-9dd4-338d265de327] in helmmqttit was MODIFIED
2025-01-30 04:05:55,674 INFO c.h.h.t.HelmChartContainer - [hivemq-test-hivemq-platform] [hivemq-platform-operator] [642736cb] 04:05:55.671 [pool-6-thread-42] DEBUG c.h.p.o.d.PlatformServiceResource - [helmmqtt] Desired Platform services (2 services)
2025-01-30 04:05:55,681 INFO c.h.h.t.HelmChartContainer - [hivemq-test-hivemq-platform] [hivemq-platform-operator] [642736cb] 04:05:55.678 [pool-6-thread-43] DEBUG c.h.p.o.dependants.PodInfoConfigMap - [helmmqtt] Desired PodInfo ConfigMap (1 extensions) (1 enabled)
2025-01-30 04:05:55,681 INFO c.h.h.t.HelmChartContainer - [hivemq-test-hivemq-platform] [hivemq-platform-operator] [642736cb] 04:05:55.680 [pool-6-thread-43] DEBUG c.h.p.o.dependants.PodInfoConfigMap - [helmmqtt] Desired PodInfo ConfigMap (metrics port: 9399) (metrics path: /)
2025-01-30 04:05:55,681 INFO c.h.h.t.HelmChartContainer - [hivemq-test-hivemq-platform] [hivemq-platform-operator] [642736cb] 04:05:55.679 [pool-6-thread-47] DEBUG c.h.p.o.d.PodServiceAccountResource - [helmmqtt] Desired PodServiceAccountResource (serviceAccountName: hivemq-platform-pod-test-hivemq-platform)
2025-01-30 04:05:55,681 INFO c.h.h.t.HelmChartContainer - [hivemq-test-hivemq-platform] [hivemq-platform-operator] [642736cb] 04:05:55.680 [pool-6-thread-43] DEBUG c.h.p.o.dependants.PodInfoConfigMap - [helmmqtt] Desired PodInfo ConfigMap (extension state hash: -1817474005)
2025-01-30 04:05:55,737 INFO c.h.h.t.HelmChartContainer - [hivemq-test-hivemq-platform] [hivemq-platform-operator] [642736cb] 04:05:55.734 [pool-6-thread-50] DEBUG c.h.p.o.d.StatefulSetResource - [helmmqtt] Desired StatefulSet (1 replicas) for status STARTING (READY)
2025-01-30 04:05:55,740 INFO c.h.h.t.HelmChartContainer - [hivemq-test-hivemq-platform] [hivemq-platform-operator] [642736cb] 04:05:55.738 [ReconcilerExecutor-hivemq-controller-97] INFO  c.h.p.o.HiveMQPlatformReconciler - [helmmqtt] Reconciling HiveMQ Platform 'test-hivemq-platform' in namespace 'helmmqttit'
2025-01-30 04:05:55,740 INFO c.h.h.t.HelmChartContainer - [hivemq-test-hivemq-platform] [hivemq-platform-operator] [642736cb] 04:05:55.739 [ReconcilerExecutor-hivemq-controller-97] DEBUG c.h.p.o.HiveMQPlatformReconciler - [helmmqtt] Custom Resource Status STARTING - HiveMQ Platform is starting (READY)
2025-01-30 04:05:55,740 INFO c.h.h.t.HelmChartContainer - [hivemq-test-hivemq-platform] [hivemq-platform-operator] [642736cb] 04:05:55.739 [ReconcilerExecutor-hivemq-controller-97] DEBUG c.h.p.o.HiveMQPlatformReconciler - [helmmqtt] Custom Resource Spec (replicas: 1) (extensions: 1)
2025-01-30 04:05:55,743 INFO c.h.h.t.HelmChartContainer - [hivemq-test-hivemq-platform] [hivemq-platform-operator] [642736cb] 04:05:55.741 [ReconcilerExecutor-hivemq-controller-97] DEBUG c.h.p.o.HiveMQPlatformReconciler - [helmmqtt] StatefulSet Status (revision: test-hivemq-platform-7bbc5894fb, replicas: 1, available: 0, ready: 0, current: 1, updated: 1)
2025-01-30 04:05:55,744 INFO c.h.h.t.HelmChartContainer - [hivemq-test-hivemq-platform] [hivemq-platform-operator] [642736cb] 04:05:55.741 [ReconcilerExecutor-hivemq-controller-97] DEBUG c.h.p.o.HiveMQPlatformReconciler - [helmmqtt] StatefulSet Spec (replicas: 1, init containers: 1, containers: 1, volumes: 3)
2025-01-30 04:05:55,745 INFO c.h.h.t.HelmChartContainer - [hivemq-test-hivemq-platform] [hivemq-platform-operator] [642736cb] 04:05:55.743 [ReconcilerExecutor-hivemq-controller-97] DEBUG c.h.p.o.h.HiveMQPlatformReconcilerErrorHandler - [helmmqtt] Pod 'test-hivemq-platform-0' phase Pending
2025-01-30 04:05:55,746 INFO c.h.h.t.HelmChartContainer - [hivemq-test-hivemq-platform] [hivemq-platform-operator] [642736cb] 04:05:55.744 [ReconcilerExecutor-hivemq-controller-97] DEBUG c.h.p.o.h.HiveMQPlatformReconcilerErrorHandler - [helmmqtt] Pod 'test-hivemq-platform-0' condition 'PodReadyToStartContainers': True
2025-01-30 04:05:55,746 INFO c.h.h.t.HelmChartContainer - [hivemq-test-hivemq-platform] [hivemq-platform-operator] [642736cb] 04:05:55.744 [ReconcilerExecutor-hivemq-controller-97] DEBUG c.h.p.o.h.HiveMQPlatformReconcilerErrorHandler - [helmmqtt] Pod 'test-hivemq-platform-0' condition 'Initialized': False
2025-01-30 04:05:55,746 INFO c.h.h.t.HelmChartContainer - [hivemq-test-hivemq-platform] [hivemq-platform-operator] [642736cb] 04:05:55.744 [ReconcilerExecutor-hivemq-controller-97] DEBUG c.h.p.o.h.HiveMQPlatformReconcilerErrorHandler - [helmmqtt] Pod 'test-hivemq-platform-0' condition 'Ready': False
2025-01-30 04:05:55,746 INFO c.h.h.t.HelmChartContainer - [hivemq-test-hivemq-platform] [hivemq-platform-operator] [642736cb] 04:05:55.744 [ReconcilerExecutor-hivemq-controller-97] DEBUG c.h.p.o.h.HiveMQPlatformReconcilerErrorHandler - [helmmqtt] Pod 'test-hivemq-platform-0' condition 'ContainersReady': False
2025-01-30 04:05:55,746 INFO c.h.h.t.HelmChartContainer - [hivemq-test-hivemq-platform] [hivemq-platform-operator] [642736cb] 04:05:55.744 [ReconcilerExecutor-hivemq-controller-97] DEBUG c.h.p.o.h.HiveMQPlatformReconcilerErrorHandler - [helmmqtt] Pod 'test-hivemq-platform-0' condition 'PodScheduled': True
2025-01-30 04:05:55,746 INFO c.h.h.t.HelmChartContainer - [hivemq-test-hivemq-platform] [hivemq-platform-operator] [642736cb] 04:05:55.744 [ReconcilerExecutor-hivemq-controller-97] DEBUG c.h.p.o.h.HiveMQPlatformReconcilerErrorHandler - [helmmqtt] Pod 'test-hivemq-platform-0' containerStatus 'hivemq' (started: false) (ready: false) (waiting: [PodInitializing] null)
2025-01-30 04:05:55,747 INFO c.h.h.t.HelmChartContainer - [hivemq-test-hivemq-platform] [hivemq-platform-operator] [642736cb] 04:05:55.745 [ReconcilerExecutor-hivemq-controller-97] INFO  c.h.p.o.h.HiveMQPlatformReconcilerBaseHandler - [helmmqtt] HiveMQ Platform is starting, 0 of 1 replicas are ready
2025-01-30 04:05:56,646 INFO c.h.h.t.HelmChartContainer - [EVENT] Normal [Pulled] Container image "docker.io/hivemq/hivemq4:4.36.0" already present on machine [helmmqttit:test-hivemq-platform-0]
2025-01-30 04:05:56,646 INFO c.h.h.t.HelmChartContainer - Received Pulled event for container hivemq in pod test-hivemq-platform-0 [0f3c40f6-9802-413f-9dd4-338d265de327]
2025-01-30 04:05:56,652 INFO c.h.h.t.HelmChartContainer - [POD] test-hivemq-platform-0 [0f3c40f6-9802-413f-9dd4-338d265de327] in helmmqttit was MODIFIED
2025-01-30 04:05:56,662 INFO c.h.h.t.HelmChartContainer - [hivemq-test-hivemq-platform] [hivemq-platform-operator] [642736cb] 04:05:56.659 [pool-6-thread-9] DEBUG c.h.p.o.d.PlatformServiceResource - [helmmqtt] Desired Platform services (2 services)
2025-01-30 04:05:56,663 INFO c.h.h.t.HelmChartContainer - [hivemq-test-hivemq-platform] [hivemq-platform-operator] [642736cb] 04:05:56.662 [pool-6-thread-8] DEBUG c.h.p.o.dependants.PodInfoConfigMap - [helmmqtt] Desired PodInfo ConfigMap (1 extensions) (1 enabled)
2025-01-30 04:05:56,664 INFO c.h.h.t.HelmChartContainer - [hivemq-test-hivemq-platform] [hivemq-platform-operator] [642736cb] 04:05:56.662 [pool-6-thread-8] DEBUG c.h.p.o.dependants.PodInfoConfigMap - [helmmqtt] Desired PodInfo ConfigMap (metrics port: 9399) (metrics path: /)
2025-01-30 04:05:56,664 INFO c.h.h.t.HelmChartContainer - [hivemq-test-hivemq-platform] [hivemq-platform-operator] [642736cb] 04:05:56.662 [pool-6-thread-8] DEBUG c.h.p.o.dependants.PodInfoConfigMap - [helmmqtt] Desired PodInfo ConfigMap (extension state hash: -1817474005)
2025-01-30 04:05:56,664 INFO c.h.h.t.HelmChartContainer - [hivemq-test-hivemq-platform] [hivemq-platform-operator] [642736cb] 04:05:56.662 [pool-6-thread-5] DEBUG c.h.p.o.d.PodServiceAccountResource - [helmmqtt] Desired PodServiceAccountResource (serviceAccountName: hivemq-platform-pod-test-hivemq-platform)
2025-01-30 04:05:56,670 INFO c.h.h.t.HelmChartContainer - [hivemq-test-hivemq-platform] [hivemq-platform-operator] [642736cb] 04:05:56.669 [pool-6-thread-3] DEBUG c.h.p.o.d.StatefulSetResource - [helmmqtt] Desired StatefulSet (1 replicas) for status STARTING (READY)
2025-01-30 04:05:56,732 INFO c.h.h.t.HelmChartContainer - [hivemq-test-hivemq-platform] [hivemq-platform-operator] [642736cb] 04:05:56.729 [ReconcilerExecutor-hivemq-controller-108] INFO  c.h.p.o.HiveMQPlatformReconciler - [helmmqtt] Reconciling HiveMQ Platform 'test-hivemq-platform' in namespace 'helmmqttit'
2025-01-30 04:05:56,733 INFO c.h.h.t.HelmChartContainer - [hivemq-test-hivemq-platform] [hivemq-platform-operator] [642736cb] 04:05:56.729 [ReconcilerExecutor-hivemq-controller-108] DEBUG c.h.p.o.HiveMQPlatformReconciler - [helmmqtt] Custom Resource Status STARTING - HiveMQ Platform is starting (READY)
2025-01-30 04:05:56,733 INFO c.h.h.t.HelmChartContainer - [hivemq-test-hivemq-platform] [hivemq-platform-operator] [642736cb] 04:05:56.729 [ReconcilerExecutor-hivemq-controller-108] DEBUG c.h.p.o.HiveMQPlatformReconciler - [helmmqtt] Custom Resource Spec (replicas: 1) (extensions: 1)
2025-01-30 04:05:56,734 INFO c.h.h.t.HelmChartContainer - [hivemq-test-hivemq-platform] [hivemq-platform-operator] [642736cb] 04:05:56.731 [ReconcilerExecutor-hivemq-controller-108] DEBUG c.h.p.o.HiveMQPlatformReconciler - [helmmqtt] StatefulSet Status (revision: test-hivemq-platform-7bbc5894fb, replicas: 1, available: 0, ready: 0, current: 1, updated: 1)
2025-01-30 04:05:56,734 INFO c.h.h.t.HelmChartContainer - [hivemq-test-hivemq-platform] [hivemq-platform-operator] [642736cb] 04:05:56.731 [ReconcilerExecutor-hivemq-controller-108] DEBUG c.h.p.o.HiveMQPlatformReconciler - [helmmqtt] StatefulSet Spec (replicas: 1, init containers: 1, containers: 1, volumes: 3)
2025-01-30 04:05:56,739 INFO c.h.h.t.HelmChartContainer - [hivemq-test-hivemq-platform] [hivemq-platform-operator] [642736cb] 04:05:56.737 [ReconcilerExecutor-hivemq-controller-108] DEBUG c.h.p.o.h.HiveMQPlatformReconcilerErrorHandler - [helmmqtt] Pod 'test-hivemq-platform-0' phase Pending
2025-01-30 04:05:56,740 INFO c.h.h.t.HelmChartContainer - [hivemq-test-hivemq-platform] [hivemq-platform-operator] [642736cb] 04:05:56.737 [ReconcilerExecutor-hivemq-controller-108] DEBUG c.h.p.o.h.HiveMQPlatformReconcilerErrorHandler - [helmmqtt] Pod 'test-hivemq-platform-0' condition 'PodReadyToStartContainers': True
2025-01-30 04:05:56,740 INFO c.h.h.t.HelmChartContainer - [hivemq-test-hivemq-platform] [hivemq-platform-operator] [642736cb] 04:05:56.737 [ReconcilerExecutor-hivemq-controller-108] DEBUG c.h.p.o.h.HiveMQPlatformReconcilerErrorHandler - [helmmqtt] Pod 'test-hivemq-platform-0' condition 'Initialized': True
2025-01-30 04:05:56,740 INFO c.h.h.t.HelmChartContainer - [hivemq-test-hivemq-platform] [hivemq-platform-operator] [642736cb] 04:05:56.737 [ReconcilerExecutor-hivemq-controller-108] DEBUG c.h.p.o.h.HiveMQPlatformReconcilerErrorHandler - [helmmqtt] Pod 'test-hivemq-platform-0' condition 'Ready': False
2025-01-30 04:05:56,740 INFO c.h.h.t.HelmChartContainer - [hivemq-test-hivemq-platform] [hivemq-platform-operator] [642736cb] 04:05:56.737 [ReconcilerExecutor-hivemq-controller-108] DEBUG c.h.p.o.h.HiveMQPlatformReconcilerErrorHandler - [helmmqtt] Pod 'test-hivemq-platform-0' condition 'ContainersReady': False
2025-01-30 04:05:56,740 INFO c.h.h.t.HelmChartContainer - [hivemq-test-hivemq-platform] [hivemq-platform-operator] [642736cb] 04:05:56.737 [ReconcilerExecutor-hivemq-controller-108] DEBUG c.h.p.o.h.HiveMQPlatformReconcilerErrorHandler - [helmmqtt] Pod 'test-hivemq-platform-0' condition 'PodScheduled': True
2025-01-30 04:05:56,740 INFO c.h.h.t.HelmChartContainer - [hivemq-test-hivemq-platform] [hivemq-platform-operator] [642736cb] 04:05:56.737 [ReconcilerExecutor-hivemq-controller-108] DEBUG c.h.p.o.h.HiveMQPlatformReconcilerErrorHandler - [helmmqtt] Pod 'test-hivemq-platform-0' containerStatus 'hivemq' (started: false) (ready: false) (waiting: [PodInitializing] null)
2025-01-30 04:05:56,740 INFO c.h.h.t.HelmChartContainer - [hivemq-test-hivemq-platform] [hivemq-platform-operator] [642736cb] 04:05:56.738 [ReconcilerExecutor-hivemq-controller-108] INFO  c.h.p.o.h.HiveMQPlatformReconcilerBaseHandler - [helmmqtt] HiveMQ Platform is starting, 0 of 1 replicas are ready
2025-01-30 04:05:57,672 INFO c.h.h.t.HelmChartContainer - [EVENT] Normal [Created] Created container: hivemq [helmmqttit:test-hivemq-platform-0]
2025-01-30 04:05:57,672 INFO c.h.h.t.HelmChartContainer - Received Created event for container hivemq in pod test-hivemq-platform-0 [0f3c40f6-9802-413f-9dd4-338d265de327]
2025-01-30 04:05:58,656 INFO c.h.h.t.HelmChartContainer - [POD] test-hivemq-platform-0 [0f3c40f6-9802-413f-9dd4-338d265de327] in helmmqttit was MODIFIED
2025-01-30 04:05:58,665 INFO c.h.h.t.HelmChartContainer - Started log watcher for hivemq in pod test-hivemq-platform-0 [0f3c40f6-9802-413f-9dd4-338d265de327]
2025-01-30 04:05:58,665 INFO c.h.h.t.HelmChartContainer - [EVENT] Normal [Started] Started container hivemq [helmmqttit:test-hivemq-platform-0]
2025-01-30 04:05:58,665 INFO c.h.h.t.HelmChartContainer - Received Started event for container hivemq in pod test-hivemq-platform-0 [0f3c40f6-9802-413f-9dd4-338d265de327]
2025-01-30 04:05:58,667 INFO c.h.h.t.HelmChartContainer - [test-hivemq-platform] [hivemq] [0f3c40f6] Adding pre-installed HiveMQ Platform Operator extensions
2025-01-30 04:05:58,667 INFO c.h.h.t.HelmChartContainer - [test-hivemq-platform] [hivemq] [0f3c40f6] Running as user 10000
2025-01-30 04:05:58,667 INFO c.h.h.t.HelmChartContainer - [test-hivemq-platform] [hivemq] [0f3c40f6] Starting HiveMQ Platform Operator Init
2025-01-30 04:05:58,667 INFO c.h.h.t.HelmChartContainer - [hivemq-test-hivemq-platform] [hivemq-platform-operator] [642736cb] 04:05:58.665 [pool-6-thread-11] DEBUG c.h.p.o.d.PlatformServiceResource - [helmmqtt] Desired Platform services (2 services)
2025-01-30 04:05:58,669 INFO c.h.h.t.HelmChartContainer - [hivemq-test-hivemq-platform] [hivemq-platform-operator] [642736cb] 04:05:58.666 [pool-6-thread-16] DEBUG c.h.p.o.dependants.PodInfoConfigMap - [helmmqtt] Desired PodInfo ConfigMap (1 extensions) (1 enabled)
2025-01-30 04:05:58,669 INFO c.h.h.t.HelmChartContainer - [hivemq-test-hivemq-platform] [hivemq-platform-operator] [642736cb] 04:05:58.667 [pool-6-thread-16] DEBUG c.h.p.o.dependants.PodInfoConfigMap - [helmmqtt] Desired PodInfo ConfigMap (metrics port: 9399) (metrics path: /)
2025-01-30 04:05:58,669 INFO c.h.h.t.HelmChartContainer - [hivemq-test-hivemq-platform] [hivemq-platform-operator] [642736cb] 04:05:58.667 [pool-6-thread-16] DEBUG c.h.p.o.dependants.PodInfoConfigMap - [helmmqtt] Desired PodInfo ConfigMap (extension state hash: -1817474005)
2025-01-30 04:05:58,671 INFO c.h.h.t.HelmChartContainer - [hivemq-test-hivemq-platform] [hivemq-platform-operator] [642736cb] 04:05:58.670 [pool-6-thread-15] DEBUG c.h.p.o.d.PodServiceAccountResource - [helmmqtt] Desired PodServiceAccountResource (serviceAccountName: hivemq-platform-pod-test-hivemq-platform)
2025-01-30 04:05:58,731 INFO c.h.h.t.HelmChartContainer - [hivemq-test-hivemq-platform] [hivemq-platform-operator] [642736cb] 04:05:58.729 [pool-6-thread-14] DEBUG c.h.p.o.d.StatefulSetResource - [helmmqtt] Desired StatefulSet (1 replicas) for status STARTING (READY)
2025-01-30 04:05:58,735 INFO c.h.h.t.HelmChartContainer - [hivemq-test-hivemq-platform] [hivemq-platform-operator] [642736cb] 04:05:58.734 [ReconcilerExecutor-hivemq-controller-109] INFO  c.h.p.o.HiveMQPlatformReconciler - [helmmqtt] Reconciling HiveMQ Platform 'test-hivemq-platform' in namespace 'helmmqttit'
2025-01-30 04:05:58,736 INFO c.h.h.t.HelmChartContainer - [hivemq-test-hivemq-platform] [hivemq-platform-operator] [642736cb] 04:05:58.734 [ReconcilerExecutor-hivemq-controller-109] DEBUG c.h.p.o.HiveMQPlatformReconciler - [helmmqtt] Custom Resource Status STARTING - HiveMQ Platform is starting (READY)
2025-01-30 04:05:58,736 INFO c.h.h.t.HelmChartContainer - [hivemq-test-hivemq-platform] [hivemq-platform-operator] [642736cb] 04:05:58.734 [ReconcilerExecutor-hivemq-controller-109] DEBUG c.h.p.o.HiveMQPlatformReconciler - [helmmqtt] Custom Resource Spec (replicas: 1) (extensions: 1)
2025-01-30 04:05:58,738 INFO c.h.h.t.HelmChartContainer - [hivemq-test-hivemq-platform] [hivemq-platform-operator] [642736cb] 04:05:58.737 [ReconcilerExecutor-hivemq-controller-109] DEBUG c.h.p.o.HiveMQPlatformReconciler - [helmmqtt] StatefulSet Status (revision: test-hivemq-platform-7bbc5894fb, replicas: 1, available: 0, ready: 0, current: 1, updated: 1)
2025-01-30 04:05:58,738 INFO c.h.h.t.HelmChartContainer - [hivemq-test-hivemq-platform] [hivemq-platform-operator] [642736cb] 04:05:58.737 [ReconcilerExecutor-hivemq-controller-109] DEBUG c.h.p.o.HiveMQPlatformReconciler - [helmmqtt] StatefulSet Spec (replicas: 1, init containers: 1, containers: 1, volumes: 3)
2025-01-30 04:05:58,739 INFO c.h.h.t.HelmChartContainer - [hivemq-test-hivemq-platform] [hivemq-platform-operator] [642736cb] 04:05:58.739 [ReconcilerExecutor-hivemq-controller-109] DEBUG c.h.p.o.h.HiveMQPlatformReconcilerErrorHandler - [helmmqtt] Pod 'test-hivemq-platform-0' phase Running
2025-01-30 04:05:58,740 INFO c.h.h.t.HelmChartContainer - [hivemq-test-hivemq-platform] [hivemq-platform-operator] [642736cb] 04:05:58.740 [ReconcilerExecutor-hivemq-controller-109] INFO  c.h.p.o.h.HiveMQPlatformReconcilerBaseHandler - [helmmqtt] HiveMQ Platform is starting, 0 of 1 replicas are ready
2025-01-30 04:05:58,810 INFO c.h.h.t.HelmChartContainer - [test-hivemq-platform] [hivemq] [0f3c40f6] INFO  - [HiveMQ Platform Operator Init 1.7.0-SNAPSHOT] HiveMQ Platform Operator Init 1.7.0-SNAPSHOT (commit: 47e3375 on branch: HEAD) built on Thu Jan 30 03:55:50 UTC 2025
2025-01-30 04:05:59,976 INFO c.h.h.t.HelmChartContainer - [test-hivemq-platform] [hivemq] [0f3c40f6] INFO  - [HiveMQ Platform Operator Init App 1.7.0-SNAPSHOT] Using bind address 10.42.0.13 from environment variable
2025-01-30 04:06:00,914 INFO c.h.h.t.HelmChartContainer - [test-hivemq-platform] [hivemq] [0f3c40f6] INFO  - [HiveMQ Platform Operator Init App 1.7.0-SNAPSHOT] HiveMQ Platform Operator Init App 1.7.0-SNAPSHOT (commit: 47e3375 on branch: HEAD) built on Thu Jan 30 03:55:50 UTC 2025
2025-01-30 04:06:00,914 INFO c.h.h.t.HelmChartContainer - [test-hivemq-platform] [hivemq] [0f3c40f6] INFO  - [HiveMQ Platform Operator Init App 1.7.0-SNAPSHOT] PodInfo ConfigMap directory: /etc/podinfo
2025-01-30 04:06:00,914 INFO c.h.h.t.HelmChartContainer - [test-hivemq-platform] [hivemq] [0f3c40f6] INFO  - [HiveMQ Platform Operator Init App 1.7.0-SNAPSHOT] HiveMQ home directory: /opt/hivemq
2025-01-30 04:06:00,914 INFO c.h.h.t.HelmChartContainer - [test-hivemq-platform] [hivemq] [0f3c40f6] INFO  - [HiveMQ Platform Operator Init App 1.7.0-SNAPSHOT] HiveMQ Logback folder: /opt/hivemq/conf
2025-01-30 04:06:00,914 INFO c.h.h.t.HelmChartContainer - [test-hivemq-platform] [hivemq] [0f3c40f6] INFO  - [HiveMQ Platform Operator Init App 1.7.0-SNAPSHOT] HiveMQ Config folder: /opt/hivemq/conf-k8s
2025-01-30 04:06:00,914 INFO c.h.h.t.HelmChartContainer - [test-hivemq-platform] [hivemq] [0f3c40f6] INFO  - [HiveMQ Platform Operator Init App 1.7.0-SNAPSHOT] Starting HiveMQ Platform Operator Init App
2025-01-30 04:06:00,915 INFO c.h.h.t.HelmChartContainer - [test-hivemq-platform] [hivemq] [0f3c40f6] INFO  - [HiveMQ Platform Operator Init App 1.7.0-SNAPSHOT] Starting Pod reconciler
2025-01-30 04:06:02,112 INFO c.h.h.t.HelmChartContainer - [test-hivemq-platform] [hivemq] [0f3c40f6] INFO  - [HiveMQ Platform Operator Init App 1.7.0-SNAPSHOT] Pod reconciler is scheduled (interval: 5000 ms)
2025-01-30 04:06:02,112 INFO c.h.h.t.HelmChartContainer - [test-hivemq-platform] [hivemq] [0f3c40f6] INFO  - [HiveMQ Platform Operator Init App 1.7.0-SNAPSHOT] Starting the REST API on 10.42.0.13:7979
2025-01-30 04:06:02,115 INFO c.h.h.t.HelmChartContainer - [test-hivemq-platform] [hivemq] [0f3c40f6] INFO  - [HiveMQ Platform Operator Init App 1.7.0-SNAPSHOT] Waiting up to 600s for at most 1 HiveMQ nodes in cluster service hivemq-test-hivemq-platform-cluster.helmmqttit.svc
2025-01-30 04:06:02,421 INFO c.h.h.t.HelmChartContainer - [test-hivemq-platform] [hivemq] [0f3c40f6] INFO  - [HiveMQ Platform Operator Init App 1.7.0-SNAPSHOT] Resolved 1 IP addresses: [10.42.0.13]
2025-01-30 04:06:02,421 INFO c.h.h.t.HelmChartContainer - [test-hivemq-platform] [hivemq] [0f3c40f6] INFO  - [HiveMQ Platform Operator Init App 1.7.0-SNAPSHOT] HiveMQ node count of 1 is within threshold of 1
2025-01-30 04:06:02,421 INFO c.h.h.t.HelmChartContainer - [test-hivemq-platform] [hivemq] [0f3c40f6] INFO  - [HiveMQ Platform Operator Init App 1.7.0-SNAPSHOT] Proceeding with container start
2025-01-30 04:06:02,514 INFO c.h.h.t.HelmChartContainer - [test-hivemq-platform] [hivemq] [0f3c40f6] INFO  - [HiveMQ Platform Operator Init App 1.7.0-SNAPSHOT] Initializing HiveMQ Platform extensions with initial configuration: {hivemq-allow-all-extension={start-priority=-1, skip-https-hostname-verification=false, restart=true, config-version=0, header-version=0, c-uri=, priority=-1, uri=preinstalled, skip-https-certificate-validation=false, enabled=true}, hivemq-prometheus-extension={restart=true, enabled=true, request-header-path=no-request-headers, uri=preinstalled, skip-https-certificate-validation=false, skip-https-hostname-verification=false, c-uri=, start-priority=-1, priority=-1}}
2025-01-30 04:06:02,977 INFO c.h.h.t.HelmChartContainer - [test-hivemq-platform] [hivemq] [0f3c40f6] INFO  - [HiveMQ Platform Operator Init App 1.7.0-SNAPSHOT] Extension hivemq-allow-all-extension was already enabled
2025-01-30 04:06:03,009 INFO c.h.h.t.HelmChartContainer - [test-hivemq-platform] [hivemq] [0f3c40f6] INFO  - [HiveMQ Platform Operator Init App 1.7.0-SNAPSHOT] Successfully enabled extension hivemq-prometheus-extension
2025-01-30 04:06:03,011 INFO c.h.h.t.HelmChartContainer - [test-hivemq-platform] [hivemq] [0f3c40f6] INFO  - [HiveMQ Platform Operator Init App 1.7.0-SNAPSHOT] Starting HiveMQ Platform version 4.36.0 (4.36.0)
2025-01-30 04:06:03,011 INFO c.h.h.t.HelmChartContainer - [test-hivemq-platform] [hivemq] [0f3c40f6] INFO  - [HiveMQ Platform Operator Init App 1.7.0-SNAPSHOT] Configuring the HiveMQ Platform
2025-01-30 04:06:03,075 INFO c.h.h.t.HelmChartContainer - [test-hivemq-platform] [hivemq] [0f3c40f6] INFO  - [HiveMQ Platform Operator Init App 1.7.0-SNAPSHOT] Changed logback.xml file scan period to 20 seconds
2025-01-30 04:06:03,110 INFO c.h.h.t.HelmChartContainer - [test-hivemq-platform] [hivemq] [0f3c40f6] INFO  - [HiveMQ Platform Operator Init App 1.7.0-SNAPSHOT] Starting the HiveMQ Platform
2025-01-30 04:06:03,113 INFO c.h.h.t.HelmChartContainer - [test-hivemq-platform] [hivemq] [0f3c40f6] -------------------------------------------------------------------------
2025-01-30 04:06:03,113 INFO c.h.h.t.HelmChartContainer - [test-hivemq-platform] [hivemq] [0f3c40f6] 
2025-01-30 04:06:03,113 INFO c.h.h.t.HelmChartContainer - [test-hivemq-platform] [hivemq] [0f3c40f6]                   _    _  _              __  __   ____
2025-01-30 04:06:03,113 INFO c.h.h.t.HelmChartContainer - [test-hivemq-platform] [hivemq] [0f3c40f6]                  | |  | |(_)            |  \/  | / __ \
2025-01-30 04:06:03,113 INFO c.h.h.t.HelmChartContainer - [test-hivemq-platform] [hivemq] [0f3c40f6]                  | |__| | _ __   __ ___ | \  / || |  | |
2025-01-30 04:06:03,113 INFO c.h.h.t.HelmChartContainer - [test-hivemq-platform] [hivemq] [0f3c40f6]                  |  __  || |\ \ / // _ \| |\/| || |  | |
2025-01-30 04:06:03,113 INFO c.h.h.t.HelmChartContainer - [test-hivemq-platform] [hivemq] [0f3c40f6]                  | |  | || | \ V /|  __/| |  | || |__| |
2025-01-30 04:06:03,113 INFO c.h.h.t.HelmChartContainer - [test-hivemq-platform] [hivemq] [0f3c40f6]                  |_|  |_||_|  \_/  \___||_|  |_| \___\_\
2025-01-30 04:06:03,114 INFO c.h.h.t.HelmChartContainer - [test-hivemq-platform] [hivemq] [0f3c40f6] 
2025-01-30 04:06:03,114 INFO c.h.h.t.HelmChartContainer - [test-hivemq-platform] [hivemq] [0f3c40f6] -------------------------------------------------------------------------
2025-01-30 04:06:03,114 INFO c.h.h.t.HelmChartContainer - [test-hivemq-platform] [hivemq] [0f3c40f6] 
2025-01-30 04:06:03,114 INFO c.h.h.t.HelmChartContainer - [test-hivemq-platform] [hivemq] [0f3c40f6]   HiveMQ Start Script for Linux/Unix v1.14
2025-01-30 04:06:03,114 INFO c.h.h.t.HelmChartContainer - [test-hivemq-platform] [hivemq] [0f3c40f6] 
2025-01-30 04:06:03,212 INFO c.h.h.t.HelmChartContainer - [test-hivemq-platform] [hivemq] [0f3c40f6] -------------------------------------------------------------------------
2025-01-30 04:06:03,212 INFO c.h.h.t.HelmChartContainer - [test-hivemq-platform] [hivemq] [0f3c40f6] 
2025-01-30 04:06:03,212 INFO c.h.h.t.HelmChartContainer - [test-hivemq-platform] [hivemq] [0f3c40f6]   HIVEMQ_HOME: /opt/hivemq
2025-01-30 04:06:03,212 INFO c.h.h.t.HelmChartContainer - [test-hivemq-platform] [hivemq] [0f3c40f6] 
2025-01-30 04:06:03,212 INFO c.h.h.t.HelmChartContainer - [test-hivemq-platform] [hivemq] [0f3c40f6]   JAVA_OPTS: -XX:+UnlockExperimentalVMOptions -XX:InitialRAMPercentage=50 -XX:MaxRAMPercentage=50 -Djava.net.preferIPv4Stack=true --add-opens java.base/java.lang=ALL-UNNAMED --add-opens java.base/java.nio=ALL-UNNAMED --add-opens java.base/sun.nio.ch=ALL-UNNAMED --add-opens jdk.management/com.sun.management.internal=ALL-UNNAMED --add-exports java.base/jdk.internal.misc=ALL-UNNAMED -Djava.security.egd=file:/dev/./urandom -Dcom.sun.management.jmxremote -Dcom.sun.management.jmxremote.port=9010 -Dcom.sun.management.jmxremote.local.only=false -Dcom.sun.management.jmxremote.authenticate=false -Dcom.sun.management.jmxremote.ssl=false -Duser.language=en -Duser.region=US -XX:+CrashOnOutOfMemoryError -XX:+HeapDumpOnOutOfMemoryError
2025-01-30 04:06:03,212 INFO c.h.h.t.HelmChartContainer - [test-hivemq-platform] [hivemq] [0f3c40f6] 
2025-01-30 04:06:03,212 INFO c.h.h.t.HelmChartContainer - [test-hivemq-platform] [hivemq] [0f3c40f6]   JAVA_VERSION: 21
2025-01-30 04:06:03,212 INFO c.h.h.t.HelmChartContainer - [test-hivemq-platform] [hivemq] [0f3c40f6] 
2025-01-30 04:06:03,212 INFO c.h.h.t.HelmChartContainer - [test-hivemq-platform] [hivemq] [0f3c40f6] -------------------------------------------------------------------------
2025-01-30 04:06:03,212 INFO c.h.h.t.HelmChartContainer - [test-hivemq-platform] [hivemq] [0f3c40f6] 
2025-01-30 04:06:04,712 INFO c.h.h.t.HelmChartContainer - [test-hivemq-platform] [hivemq] [0f3c40f6] INFO  - [HiveMQ Platform Operator Init App 1.7.0-SNAPSHOT] Returning default Health API response 503 for readiness
2025-01-30 04:06:05,011 INFO c.h.h.t.HelmChartContainer - [EVENT] Warning [Unhealthy] Readiness probe failed: HTTP probe failed with statuscode: 503 [helmmqttit:test-hivemq-platform-0]
2025-01-30 04:06:05,011 INFO c.h.h.t.HelmChartContainer - Received Unhealthy event for container hivemq in pod test-hivemq-platform-0 [0f3c40f6-9802-413f-9dd4-338d265de327]
2025-01-30 04:06:05,719 INFO c.h.h.t.HelmChartContainer - [test-hivemq-platform] [hivemq] [0f3c40f6] INFO  - Starting HiveMQ Enterprise Server
2025-01-30 04:06:05,777 INFO c.h.h.t.HelmChartContainer - [test-hivemq-platform] [hivemq] [0f3c40f6] INFO  - HiveMQ version: 4.36.0
2025-01-30 04:06:05,777 INFO c.h.h.t.HelmChartContainer - [test-hivemq-platform] [hivemq] [0f3c40f6] INFO  - HiveMQ home directory: /opt/hivemq
2025-01-30 04:06:05,805 INFO c.h.h.t.HelmChartContainer - [test-hivemq-platform] [hivemq] [0f3c40f6] INFO  - Log Configuration was overridden by /opt/hivemq/conf/logback.xml
2025-01-30 04:06:06,923 INFO c.h.h.t.HelmChartContainer - [test-hivemq-platform] [hivemq] [0f3c40f6] INFO  - Successfully loaded configuration from '/opt/hivemq/conf-k8s/config.xml'.
2025-01-30 04:06:07,607 INFO c.h.h.t.HelmChartContainer - [test-hivemq-platform] [hivemq] [0f3c40f6] INFO  - This node's ID is iXn5C
2025-01-30 04:06:07,608 INFO c.h.h.t.HelmChartContainer - [test-hivemq-platform] [hivemq] [0f3c40f6] INFO  - Clustering is enabled
2025-01-30 04:06:08,745 INFO c.h.h.t.HelmChartContainer - [hivemq-test-hivemq-platform] [hivemq-platform-operator] [642736cb] 04:06:08.744 [pool-6-thread-26] DEBUG c.h.p.o.d.PlatformServiceResource - [helmmqtt] Desired Platform services (2 services)
2025-01-30 04:06:08,747 INFO c.h.h.t.HelmChartContainer - [hivemq-test-hivemq-platform] [hivemq-platform-operator] [642736cb] 04:06:08.745 [pool-6-thread-27] DEBUG c.h.p.o.dependants.PodInfoConfigMap - [helmmqtt] Desired PodInfo ConfigMap (1 extensions) (1 enabled)
2025-01-30 04:06:08,748 INFO c.h.h.t.HelmChartContainer - [hivemq-test-hivemq-platform] [hivemq-platform-operator] [642736cb] 04:06:08.746 [pool-6-thread-27] DEBUG c.h.p.o.dependants.PodInfoConfigMap - [helmmqtt] Desired PodInfo ConfigMap (metrics port: 9399) (metrics path: /)
2025-01-30 04:06:08,748 INFO c.h.h.t.HelmChartContainer - [hivemq-test-hivemq-platform] [hivemq-platform-operator] [642736cb] 04:06:08.746 [pool-6-thread-27] DEBUG c.h.p.o.dependants.PodInfoConfigMap - [helmmqtt] Desired PodInfo ConfigMap (extension state hash: -1817474005)
2025-01-30 04:06:08,749 INFO c.h.h.t.HelmChartContainer - [hivemq-test-hivemq-platform] [hivemq-platform-operator] [642736cb] 04:06:08.747 [pool-6-thread-24] DEBUG c.h.p.o.d.PodServiceAccountResource - [helmmqtt] Desired PodServiceAccountResource (serviceAccountName: hivemq-platform-pod-test-hivemq-platform)
2025-01-30 04:06:08,753 INFO c.h.h.t.HelmChartContainer - [hivemq-test-hivemq-platform] [hivemq-platform-operator] [642736cb] 04:06:08.752 [pool-6-thread-26] DEBUG c.h.p.o.d.StatefulSetResource - [helmmqtt] Desired StatefulSet (1 replicas) for status STARTING (READY)
2025-01-30 04:06:08,829 INFO c.h.h.t.HelmChartContainer - [hivemq-test-hivemq-platform] [hivemq-platform-operator] [642736cb] 04:06:08.828 [ReconcilerExecutor-hivemq-controller-110] INFO  c.h.p.o.HiveMQPlatformReconciler - [helmmqtt] Reconciling HiveMQ Platform 'test-hivemq-platform' in namespace 'helmmqttit'
2025-01-30 04:06:08,829 INFO c.h.h.t.HelmChartContainer - [hivemq-test-hivemq-platform] [hivemq-platform-operator] [642736cb] 04:06:08.828 [ReconcilerExecutor-hivemq-controller-110] DEBUG c.h.p.o.HiveMQPlatformReconciler - [helmmqtt] Custom Resource Status STARTING - HiveMQ Platform is starting (READY)
2025-01-30 04:06:08,829 INFO c.h.h.t.HelmChartContainer - [hivemq-test-hivemq-platform] [hivemq-platform-operator] [642736cb] 04:06:08.828 [ReconcilerExecutor-hivemq-controller-110] DEBUG c.h.p.o.HiveMQPlatformReconciler - [helmmqtt] Custom Resource Spec (replicas: 1) (extensions: 1)
2025-01-30 04:06:08,831 INFO c.h.h.t.HelmChartContainer - [hivemq-test-hivemq-platform] [hivemq-platform-operator] [642736cb] 04:06:08.830 [ReconcilerExecutor-hivemq-controller-110] DEBUG c.h.p.o.HiveMQPlatformReconciler - [helmmqtt] StatefulSet Status (revision: test-hivemq-platform-7bbc5894fb, replicas: 1, available: 0, ready: 0, current: 1, updated: 1)
2025-01-30 04:06:08,831 INFO c.h.h.t.HelmChartContainer - [hivemq-test-hivemq-platform] [hivemq-platform-operator] [642736cb] 04:06:08.830 [ReconcilerExecutor-hivemq-controller-110] DEBUG c.h.p.o.HiveMQPlatformReconciler - [helmmqtt] StatefulSet Spec (replicas: 1, init containers: 1, containers: 1, volumes: 3)
2025-01-30 04:06:08,832 INFO c.h.h.t.HelmChartContainer - [hivemq-test-hivemq-platform] [hivemq-platform-operator] [642736cb] 04:06:08.831 [ReconcilerExecutor-hivemq-controller-110] DEBUG c.h.p.o.h.HiveMQPlatformReconcilerErrorHandler - [helmmqtt] Pod 'test-hivemq-platform-0' phase Running
2025-01-30 04:06:08,833 INFO c.h.h.t.HelmChartContainer - [hivemq-test-hivemq-platform] [hivemq-platform-operator] [642736cb] 04:06:08.832 [ReconcilerExecutor-hivemq-controller-110] INFO  c.h.p.o.h.HiveMQPlatformReconcilerBaseHandler - [helmmqtt] HiveMQ Platform is starting, 0 of 1 replicas are ready
2025-01-30 04:06:10,212 INFO c.h.h.t.HelmChartContainer - [test-hivemq-platform] [hivemq] [0f3c40f6] WARN  - [HiveMQ Platform Operator Init App 1.7.0-SNAPSHOT] Cannot connect to Health API for readiness: null
2025-01-30 04:06:10,216 INFO c.h.h.t.HelmChartContainer - [EVENT] Warning [Unhealthy] Readiness probe failed: HTTP probe failed with statuscode: 503 [helmmqttit:test-hivemq-platform-0]
2025-01-30 04:06:10,216 INFO c.h.h.t.HelmChartContainer - Received Unhealthy event for container hivemq in pod test-hivemq-platform-0 [0f3c40f6-9802-413f-9dd4-338d265de327]
2025-01-30 04:06:12,411 INFO c.h.h.t.HelmChartContainer - [test-hivemq-platform] [hivemq] [0f3c40f6] Jan 30, 2025 4:06:12 AM io.vertx.core.impl.BlockedThreadChecker
2025-01-30 04:06:12,411 INFO c.h.h.t.HelmChartContainer - [test-hivemq-platform] [hivemq] [0f3c40f6] WARNING: Thread Thread[vert.x-eventloop-thread-1,5,main] has been blocked for 2598 ms, time limit is 2000 ms
2025-01-30 04:06:12,710 INFO c.h.h.t.HelmChartContainer - [test-hivemq-platform] [hivemq] [0f3c40f6] INFO  - [HiveMQ Platform Operator Init App 1.7.0-SNAPSHOT] Updating Pod HiveMQ Platform Operator Init App version annotation (version: 1.7.0-SNAPSHOT)
2025-01-30 04:06:13,417 INFO c.h.h.t.HelmChartContainer - [POD] test-hivemq-platform-0 [0f3c40f6-9802-413f-9dd4-338d265de327] in helmmqttit was MODIFIED
2025-01-30 04:06:13,424 INFO c.h.h.t.HelmChartContainer - [hivemq-test-hivemq-platform] [hivemq-platform-operator] [642736cb] 04:06:13.423 [pool-6-thread-37] DEBUG c.h.p.o.d.PlatformServiceResource - [helmmqtt] Desired Platform services (2 services)
2025-01-30 04:06:13,426 INFO c.h.h.t.HelmChartContainer - [hivemq-test-hivemq-platform] [hivemq-platform-operator] [642736cb] 04:06:13.425 [pool-6-thread-36] DEBUG c.h.p.o.dependants.PodInfoConfigMap - [helmmqtt] Desired PodInfo ConfigMap (1 extensions) (1 enabled)
2025-01-30 04:06:13,426 INFO c.h.h.t.HelmChartContainer - [hivemq-test-hivemq-platform] [hivemq-platform-operator] [642736cb] 04:06:13.425 [pool-6-thread-36] DEBUG c.h.p.o.dependants.PodInfoConfigMap - [helmmqtt] Desired PodInfo ConfigMap (metrics port: 9399) (metrics path: /)
2025-01-30 04:06:13,426 INFO c.h.h.t.HelmChartContainer - [hivemq-test-hivemq-platform] [hivemq-platform-operator] [642736cb] 04:06:13.425 [pool-6-thread-36] DEBUG c.h.p.o.dependants.PodInfoConfigMap - [helmmqtt] Desired PodInfo ConfigMap (extension state hash: -1817474005)
2025-01-30 04:06:13,433 INFO c.h.h.t.HelmChartContainer - [hivemq-test-hivemq-platform] [hivemq-platform-operator] [642736cb] 04:06:13.427 [pool-6-thread-36] DEBUG c.h.p.o.d.PodServiceAccountResource - [helmmqtt] Desired PodServiceAccountResource (serviceAccountName: hivemq-platform-pod-test-hivemq-platform)
2025-01-30 04:06:13,436 INFO c.h.h.t.HelmChartContainer - [test-hivemq-platform] [hivemq] [0f3c40f6] WARN  - [HiveMQ Platform Operator Init App 1.7.0-SNAPSHOT] Cannot connect to Health API for readiness: null
2025-01-30 04:06:13,437 INFO c.h.h.t.HelmChartContainer - [hivemq-test-hivemq-platform] [hivemq-platform-operator] [642736cb] 04:06:13.436 [pool-6-thread-37] DEBUG c.h.p.o.d.StatefulSetResource - [helmmqtt] Desired StatefulSet (1 replicas) for status STARTING (READY)
2025-01-30 04:06:13,440 INFO c.h.h.t.HelmChartContainer - [EVENT] Warning [Unhealthy] Readiness probe failed: HTTP probe failed with statuscode: 503 [helmmqttit:test-hivemq-platform-0]
2025-01-30 04:06:13,440 INFO c.h.h.t.HelmChartContainer - Received Unhealthy event for container hivemq in pod test-hivemq-platform-0 [0f3c40f6-9802-413f-9dd4-338d265de327]
2025-01-30 04:06:13,445 INFO c.h.h.t.HelmChartContainer - [hivemq-test-hivemq-platform] [hivemq-platform-operator] [642736cb] 04:06:13.442 [ReconcilerExecutor-hivemq-controller-111] INFO  c.h.p.o.HiveMQPlatformReconciler - [helmmqtt] Reconciling HiveMQ Platform 'test-hivemq-platform' in namespace 'helmmqttit'
2025-01-30 04:06:13,445 INFO c.h.h.t.HelmChartContainer - [hivemq-test-hivemq-platform] [hivemq-platform-operator] [642736cb] 04:06:13.442 [ReconcilerExecutor-hivemq-controller-111] DEBUG c.h.p.o.HiveMQPlatformReconciler - [helmmqtt] Custom Resource Status STARTING - HiveMQ Platform is starting (READY)
2025-01-30 04:06:13,445 INFO c.h.h.t.HelmChartContainer - [hivemq-test-hivemq-platform] [hivemq-platform-operator] [642736cb] 04:06:13.443 [ReconcilerExecutor-hivemq-controller-111] DEBUG c.h.p.o.HiveMQPlatformReconciler - [helmmqtt] Custom Resource Spec (replicas: 1) (extensions: 1)
2025-01-30 04:06:13,445 INFO c.h.h.t.HelmChartContainer - [hivemq-test-hivemq-platform] [hivemq-platform-operator] [642736cb] 04:06:13.444 [ReconcilerExecutor-hivemq-controller-111] DEBUG c.h.p.o.HiveMQPlatformReconciler - [helmmqtt] StatefulSet Status (revision: test-hivemq-platform-7bbc5894fb, replicas: 1, available: 0, ready: 0, current: 1, updated: 1)
2025-01-30 04:06:13,445 INFO c.h.h.t.HelmChartContainer - [hivemq-test-hivemq-platform] [hivemq-platform-operator] [642736cb] 04:06:13.444 [ReconcilerExecutor-hivemq-controller-111] DEBUG c.h.p.o.HiveMQPlatformReconciler - [helmmqtt] StatefulSet Spec (replicas: 1, init containers: 1, containers: 1, volumes: 3)
2025-01-30 04:06:13,489 INFO c.h.h.t.HelmChartContainer - [hivemq-test-hivemq-platform] [hivemq-platform-operator] [642736cb] 04:06:13.488 [ReconcilerExecutor-hivemq-controller-111] DEBUG c.h.p.o.h.HiveMQPlatformReconcilerErrorHandler - [helmmqtt] Pod 'test-hivemq-platform-0' phase Running
2025-01-30 04:06:13,489 INFO c.h.h.t.HelmChartContainer - [hivemq-test-hivemq-platform] [hivemq-platform-operator] [642736cb] 04:06:13.489 [ReconcilerExecutor-hivemq-controller-111] INFO  c.h.p.o.h.HiveMQPlatformReconcilerBaseHandler - [helmmqtt] HiveMQ Platform is starting, 0 of 1 replicas are ready
2025-01-30 04:06:13,506 INFO c.h.h.t.HelmChartContainer - [test-hivemq-platform] [hivemq] [0f3c40f6] INFO  - [HiveMQ Platform Operator Init App 1.7.0-SNAPSHOT] Successfully updated Pod HiveMQ Platform Operator Init App version annotation (version: 1.7.0-SNAPSHOT)
2025-01-30 04:06:18,422 INFO c.h.h.t.HelmChartContainer - [test-hivemq-platform] [hivemq] [0f3c40f6] WARN  - [HiveMQ Platform Operator Init App 1.7.0-SNAPSHOT] Cannot connect to Health API for readiness: null
2025-01-30 04:06:18,426 INFO c.h.h.t.HelmChartContainer - [EVENT] Warning [Unhealthy] Readiness probe failed: HTTP probe failed with statuscode: 503 [helmmqttit:test-hivemq-platform-0]
2025-01-30 04:06:18,426 INFO c.h.h.t.HelmChartContainer - Received Unhealthy event for container hivemq in pod test-hivemq-platform-0 [0f3c40f6-9802-413f-9dd4-338d265de327]
2025-01-30 04:06:23,421 INFO c.h.h.t.HelmChartContainer - [test-hivemq-platform] [hivemq] [0f3c40f6] WARN  - [HiveMQ Platform Operator Init App 1.7.0-SNAPSHOT] Cannot connect to Health API for readiness: null
2025-01-30 04:06:23,425 INFO c.h.h.t.HelmChartContainer - [EVENT] Warning [Unhealthy] Readiness probe failed: HTTP probe failed with statuscode: 503 [helmmqttit:test-hivemq-platform-0]
2025-01-30 04:06:23,425 INFO c.h.h.t.HelmChartContainer - Received Unhealthy event for container hivemq in pod test-hivemq-platform-0 [0f3c40f6-9802-413f-9dd4-338d265de327]
2025-01-30 04:06:23,494 INFO c.h.h.t.HelmChartContainer - [hivemq-test-hivemq-platform] [hivemq-platform-operator] [642736cb] 04:06:23.492 [pool-6-thread-45] DEBUG c.h.p.o.d.PlatformServiceResource - [helmmqtt] Desired Platform services (2 services)
2025-01-30 04:06:23,494 INFO c.h.h.t.HelmChartContainer - [hivemq-test-hivemq-platform] [hivemq-platform-operator] [642736cb] 04:06:23.492 [pool-6-thread-41] DEBUG c.h.p.o.dependants.PodInfoConfigMap - [helmmqtt] Desired PodInfo ConfigMap (1 extensions) (1 enabled)
2025-01-30 04:06:23,494 INFO c.h.h.t.HelmChartContainer - [hivemq-test-hivemq-platform] [hivemq-platform-operator] [642736cb] 04:06:23.493 [pool-6-thread-41] DEBUG c.h.p.o.dependants.PodInfoConfigMap - [helmmqtt] Desired PodInfo ConfigMap (metrics port: 9399) (metrics path: /)
2025-01-30 04:06:23,495 INFO c.h.h.t.HelmChartContainer - [hivemq-test-hivemq-platform] [hivemq-platform-operator] [642736cb] 04:06:23.493 [pool-6-thread-41] DEBUG c.h.p.o.dependants.PodInfoConfigMap - [helmmqtt] Desired PodInfo ConfigMap (extension state hash: -1817474005)
2025-01-30 04:06:23,495 INFO c.h.h.t.HelmChartContainer - [hivemq-test-hivemq-platform] [hivemq-platform-operator] [642736cb] 04:06:23.494 [pool-6-thread-44] DEBUG c.h.p.o.d.PodServiceAccountResource - [helmmqtt] Desired PodServiceAccountResource (serviceAccountName: hivemq-platform-pod-test-hivemq-platform)
2025-01-30 04:06:23,499 INFO c.h.h.t.HelmChartContainer - [hivemq-test-hivemq-platform] [hivemq-platform-operator] [642736cb] 04:06:23.498 [pool-6-thread-45] DEBUG c.h.p.o.d.StatefulSetResource - [helmmqtt] Desired StatefulSet (1 replicas) for status STARTING (READY)
2025-01-30 04:06:23,529 INFO c.h.h.t.HelmChartContainer - [hivemq-test-hivemq-platform] [hivemq-platform-operator] [642736cb] 04:06:23.528 [ReconcilerExecutor-hivemq-controller-112] INFO  c.h.p.o.HiveMQPlatformReconciler - [helmmqtt] Reconciling HiveMQ Platform 'test-hivemq-platform' in namespace 'helmmqttit'
2025-01-30 04:06:23,529 INFO c.h.h.t.HelmChartContainer - [hivemq-test-hivemq-platform] [hivemq-platform-operator] [642736cb] 04:06:23.528 [ReconcilerExecutor-hivemq-controller-112] DEBUG c.h.p.o.HiveMQPlatformReconciler - [helmmqtt] Custom Resource Status STARTING - HiveMQ Platform is starting (READY)
2025-01-30 04:06:23,529 INFO c.h.h.t.HelmChartContainer - [hivemq-test-hivemq-platform] [hivemq-platform-operator] [642736cb] 04:06:23.528 [ReconcilerExecutor-hivemq-controller-112] DEBUG c.h.p.o.HiveMQPlatformReconciler - [helmmqtt] Custom Resource Spec (replicas: 1) (extensions: 1)
2025-01-30 04:06:23,589 INFO c.h.h.t.HelmChartContainer - [hivemq-test-hivemq-platform] [hivemq-platform-operator] [642736cb] 04:06:23.588 [ReconcilerExecutor-hivemq-controller-112] DEBUG c.h.p.o.HiveMQPlatformReconciler - [helmmqtt] StatefulSet Status (revision: test-hivemq-platform-7bbc5894fb, replicas: 1, available: 0, ready: 0, current: 1, updated: 1)
2025-01-30 04:06:23,590 INFO c.h.h.t.HelmChartContainer - [hivemq-test-hivemq-platform] [hivemq-platform-operator] [642736cb] 04:06:23.588 [ReconcilerExecutor-hivemq-controller-112] DEBUG c.h.p.o.HiveMQPlatformReconciler - [helmmqtt] StatefulSet Spec (replicas: 1, init containers: 1, containers: 1, volumes: 3)
2025-01-30 04:06:23,593 INFO c.h.h.t.HelmChartContainer - [hivemq-test-hivemq-platform] [hivemq-platform-operator] [642736cb] 04:06:23.591 [ReconcilerExecutor-hivemq-controller-112] DEBUG c.h.p.o.h.HiveMQPlatformReconcilerErrorHandler - [helmmqtt] Pod 'test-hivemq-platform-0' phase Running
2025-01-30 04:06:23,593 INFO c.h.h.t.HelmChartContainer - [hivemq-test-hivemq-platform] [hivemq-platform-operator] [642736cb] 04:06:23.592 [ReconcilerExecutor-hivemq-controller-112] INFO  c.h.p.o.h.HiveMQPlatformReconcilerBaseHandler - [helmmqtt] HiveMQ Platform is starting, 0 of 1 replicas are ready
2025-01-30 04:06:24,816 INFO c.h.h.t.HelmChartContainer - [test-hivemq-platform] [hivemq] [0f3c40f6] INFO  - No valid license file found. Using trial license, restricted to 25 connections.
2025-01-30 04:06:25,308 INFO c.h.h.t.HelmChartContainer - [test-hivemq-platform] [hivemq] [0f3c40f6] WARN  - [HiveMQ Platform Operator Init App 1.7.0-SNAPSHOT] Cannot connect to Health API for liveness: null
2025-01-30 04:06:25,308 INFO c.h.h.t.HelmChartContainer - [test-hivemq-platform] [hivemq] [0f3c40f6] INFO  - [HiveMQ Platform Operator Init App 1.7.0-SNAPSHOT] Returning default Health API response 200 for liveness
2025-01-30 04:06:27,923 INFO c.h.h.t.HelmChartContainer - [test-hivemq-platform] [hivemq] [0f3c40f6] INFO  - No valid license file for Data Hub found. Using free license, restricted to 1 policy.
2025-01-30 04:06:28,419 INFO c.h.h.t.HelmChartContainer - [test-hivemq-platform] [hivemq] [0f3c40f6] WARN  - [HiveMQ Platform Operator Init App 1.7.0-SNAPSHOT] Cannot connect to Health API for readiness: null
2025-01-30 04:06:28,424 INFO c.h.h.t.HelmChartContainer - [EVENT] Warning [Unhealthy] Readiness probe failed: HTTP probe failed with statuscode: 503 [helmmqttit:test-hivemq-platform-0]
2025-01-30 04:06:28,424 INFO c.h.h.t.HelmChartContainer - Received Unhealthy event for container hivemq in pod test-hivemq-platform-0 [0f3c40f6-9802-413f-9dd4-338d265de327]
2025-01-30 04:06:29,116 INFO c.h.h.t.HelmChartContainer - [test-hivemq-platform] [hivemq] [0f3c40f6] INFO  - Audit Logger started.
2025-01-30 04:06:29,334 INFO c.h.h.t.HelmChartContainer - [test-hivemq-platform] [hivemq] [0f3c40f6] INFO  - This node uses '1' CPU cores.
2025-01-30 04:06:29,338 INFO c.h.h.t.HelmChartContainer - [test-hivemq-platform] [hivemq] [0f3c40f6] INFO  - Starting HiveMQ Health API on address 0.0.0.0 and port 8889
2025-01-30 04:06:30,127 INFO c.h.h.t.HelmChartContainer - [test-hivemq-platform] [hivemq] [0f3c40f6] INFO  - Started HiveMQ Health API in 788ms
2025-01-30 04:06:30,711 INFO c.h.h.t.HelmChartContainer - [test-hivemq-platform] [hivemq] [0f3c40f6] INFO  - Starting HiveMQ extension system.
2025-01-30 04:06:30,913 INFO c.h.h.t.HelmChartContainer - [test-hivemq-platform] [hivemq] [0f3c40f6] INFO  - Starting extension with id "hivemq-dns-cluster-discovery" at /opt/hivemq/extensions/hivemq-dns-cluster-discovery
2025-01-30 04:06:31,410 INFO c.h.h.t.HelmChartContainer - [test-hivemq-platform] [hivemq] [0f3c40f6] INFO  - Extension "DNS Cluster Discovery Extension" version 4.3.2 started successfully.
2025-01-30 04:06:31,411 INFO c.h.h.t.HelmChartContainer - [test-hivemq-platform] [hivemq] [0f3c40f6] INFO  - Starting extension with id "hivemq-prometheus-extension" at /opt/hivemq/extensions/hivemq-prometheus-extension
2025-01-30 04:06:31,512 INFO c.h.h.t.HelmChartContainer - [test-hivemq-platform] [hivemq] [0f3c40f6] INFO  - Using TCP cluster transport on address 10.42.0.13 and port 7000
2025-01-30 04:06:31,517 INFO c.h.h.t.HelmChartContainer - [test-hivemq-platform] [hivemq] [0f3c40f6] INFO  - Using extension cluster discovery
2025-01-30 04:06:32,408 INFO c.h.h.t.HelmChartContainer - [test-hivemq-platform] [hivemq] [0f3c40f6] INFO  - Started Jetty Server exposing Prometheus Servlet on URI http://0.0.0.0:9399/
2025-01-30 04:06:32,408 INFO c.h.h.t.HelmChartContainer - [test-hivemq-platform] [hivemq] [0f3c40f6] INFO  - Extension "Prometheus Monitoring Extension" version 4.0.12 started successfully.
2025-01-30 04:06:32,410 INFO c.h.h.t.HelmChartContainer - [test-hivemq-platform] [hivemq] [0f3c40f6] INFO  - Starting extension with id "hivemq-allow-all-extension" at /opt/hivemq/extensions/hivemq-allow-all-extension
2025-01-30 04:06:32,410 INFO c.h.h.t.HelmChartContainer - [test-hivemq-platform] [hivemq] [0f3c40f6] WARN  - 
2025-01-30 04:06:32,410 INFO c.h.h.t.HelmChartContainer - [test-hivemq-platform] [hivemq] [0f3c40f6] ################################################################################################################
2025-01-30 04:06:32,410 INFO c.h.h.t.HelmChartContainer - [test-hivemq-platform] [hivemq] [0f3c40f6] # This HiveMQ deployment is not secure! You are lacking Authentication and Authorization.                      #
2025-01-30 04:06:32,410 INFO c.h.h.t.HelmChartContainer - [test-hivemq-platform] [hivemq] [0f3c40f6] # Right now any MQTT client can connect to the broker with a full set of permissions.                          #
2025-01-30 04:06:32,410 INFO c.h.h.t.HelmChartContainer - [test-hivemq-platform] [hivemq] [0f3c40f6] # For production usage, add an appropriate security extension and remove the hivemq-allow-all extension.       #
2025-01-30 04:06:32,411 INFO c.h.h.t.HelmChartContainer - [test-hivemq-platform] [hivemq] [0f3c40f6] # You can download security extensions from the HiveMQ Marketplace (https://www.hivemq.com/extensions/).       #
2025-01-30 04:06:32,411 INFO c.h.h.t.HelmChartContainer - [test-hivemq-platform] [hivemq] [0f3c40f6] ################################################################################################################
2025-01-30 04:06:32,411 INFO c.h.h.t.HelmChartContainer - [test-hivemq-platform] [hivemq] [0f3c40f6] INFO  - Extension "Allow All Extension" version 1.1.1 started successfully.
2025-01-30 04:06:33,599 INFO c.h.h.t.HelmChartContainer - [hivemq-test-hivemq-platform] [hivemq-platform-operator] [642736cb] 04:06:33.595 [pool-6-thread-5] DEBUG c.h.p.o.d.PlatformServiceResource - [helmmqtt] Desired Platform services (2 services)
2025-01-30 04:06:33,599 INFO c.h.h.t.HelmChartContainer - [hivemq-test-hivemq-platform] [hivemq-platform-operator] [642736cb] 04:06:33.596 [pool-6-thread-8] DEBUG c.h.p.o.dependants.PodInfoConfigMap - [helmmqtt] Desired PodInfo ConfigMap (1 extensions) (1 enabled)
2025-01-30 04:06:33,599 INFO c.h.h.t.HelmChartContainer - [hivemq-test-hivemq-platform] [hivemq-platform-operator] [642736cb] 04:06:33.596 [pool-6-thread-8] DEBUG c.h.p.o.dependants.PodInfoConfigMap - [helmmqtt] Desired PodInfo ConfigMap (metrics port: 9399) (metrics path: /)
2025-01-30 04:06:33,599 INFO c.h.h.t.HelmChartContainer - [hivemq-test-hivemq-platform] [hivemq-platform-operator] [642736cb] 04:06:33.596 [pool-6-thread-8] DEBUG c.h.p.o.dependants.PodInfoConfigMap - [helmmqtt] Desired PodInfo ConfigMap (extension state hash: -1817474005)
2025-01-30 04:06:33,599 INFO c.h.h.t.HelmChartContainer - [hivemq-test-hivemq-platform] [hivemq-platform-operator] [642736cb] 04:06:33.596 [pool-6-thread-6] DEBUG c.h.p.o.d.PodServiceAccountResource - [helmmqtt] Desired PodServiceAccountResource (serviceAccountName: hivemq-platform-pod-test-hivemq-platform)
2025-01-30 04:06:33,601 INFO c.h.h.t.HelmChartContainer - [hivemq-test-hivemq-platform] [hivemq-platform-operator] [642736cb] 04:06:33.600 [pool-6-thread-6] DEBUG c.h.p.o.d.StatefulSetResource - [helmmqtt] Desired StatefulSet (1 replicas) for status STARTING (READY)
2025-01-30 04:06:33,604 INFO c.h.h.t.HelmChartContainer - [hivemq-test-hivemq-platform] [hivemq-platform-operator] [642736cb] 04:06:33.603 [ReconcilerExecutor-hivemq-controller-113] INFO  c.h.p.o.HiveMQPlatformReconciler - [helmmqtt] Reconciling HiveMQ Platform 'test-hivemq-platform' in namespace 'helmmqttit'
2025-01-30 04:06:33,604 INFO c.h.h.t.HelmChartContainer - [hivemq-test-hivemq-platform] [hivemq-platform-operator] [642736cb] 04:06:33.603 [ReconcilerExecutor-hivemq-controller-113] DEBUG c.h.p.o.HiveMQPlatformReconciler - [helmmqtt] Custom Resource Status STARTING - HiveMQ Platform is starting (READY)
2025-01-30 04:06:33,606 INFO c.h.h.t.HelmChartContainer - [hivemq-test-hivemq-platform] [hivemq-platform-operator] [642736cb] 04:06:33.603 [ReconcilerExecutor-hivemq-controller-113] DEBUG c.h.p.o.HiveMQPlatformReconciler - [helmmqtt] Custom Resource Spec (replicas: 1) (extensions: 1)
2025-01-30 04:06:33,608 INFO c.h.h.t.HelmChartContainer - [hivemq-test-hivemq-platform] [hivemq-platform-operator] [642736cb] 04:06:33.607 [ReconcilerExecutor-hivemq-controller-113] DEBUG c.h.p.o.HiveMQPlatformReconciler - [helmmqtt] StatefulSet Status (revision: test-hivemq-platform-7bbc5894fb, replicas: 1, available: 0, ready: 0, current: 1, updated: 1)
2025-01-30 04:06:33,611 INFO c.h.h.t.HelmChartContainer - [hivemq-test-hivemq-platform] [hivemq-platform-operator] [642736cb] 04:06:33.608 [ReconcilerExecutor-hivemq-controller-113] DEBUG c.h.p.o.HiveMQPlatformReconciler - [helmmqtt] StatefulSet Spec (replicas: 1, init containers: 1, containers: 1, volumes: 3)
2025-01-30 04:06:33,612 INFO c.h.h.t.HelmChartContainer - [hivemq-test-hivemq-platform] [hivemq-platform-operator] [642736cb] 04:06:33.609 [ReconcilerExecutor-hivemq-controller-113] DEBUG c.h.p.o.h.HiveMQPlatformReconcilerErrorHandler - [helmmqtt] Pod 'test-hivemq-platform-0' phase Running
2025-01-30 04:06:33,612 INFO c.h.h.t.HelmChartContainer - [hivemq-test-hivemq-platform] [hivemq-platform-operator] [642736cb] 04:06:33.610 [ReconcilerExecutor-hivemq-controller-113] INFO  c.h.p.o.h.HiveMQPlatformReconcilerBaseHandler - [helmmqtt] HiveMQ Platform is starting, 0 of 1 replicas are ready
2025-01-30 04:06:34,008 INFO c.h.h.t.HelmChartContainer - [test-hivemq-platform] [hivemq] [0f3c40f6] INFO  - [HiveMQ Platform Operator Init App 1.7.0-SNAPSHOT] Returning Health API response 503 for readiness
2025-01-30 04:06:34,012 INFO c.h.h.t.HelmChartContainer - [EVENT] Warning [Unhealthy] Readiness probe failed: HTTP probe failed with statuscode: 503 [helmmqttit:test-hivemq-platform-0]
2025-01-30 04:06:34,012 INFO c.h.h.t.HelmChartContainer - Received Unhealthy event for container hivemq in pod test-hivemq-platform-0 [0f3c40f6-9802-413f-9dd4-338d265de327]
2025-01-30 04:06:34,506 INFO c.h.h.t.HelmChartContainer - [test-hivemq-platform] [hivemq] [0f3c40f6] INFO  - iXn5C: no members discovered after 2292 ms: creating cluster as first member
2025-01-30 04:06:34,512 INFO c.h.h.t.HelmChartContainer - [test-hivemq-platform] [hivemq] [0f3c40f6] INFO  - Cluster nodes found by discovery: [iXn5C|0] (1) [iXn5C].
2025-01-30 04:06:34,533 INFO c.h.h.t.HelmChartContainer - [test-hivemq-platform] [hivemq] [0f3c40f6] WARN  - No user for HiveMQ Control Center configured. Starting with default user
2025-01-30 04:06:34,534 INFO c.h.h.t.HelmChartContainer - [test-hivemq-platform] [hivemq] [0f3c40f6] INFO  - Starting HiveMQ Control Center on address 127.0.0.1 and port 8080
2025-01-30 04:06:34,534 INFO c.h.h.t.HelmChartContainer - [test-hivemq-platform] [hivemq] [0f3c40f6] INFO  - Mounting HiveMQ Control Center V2 Preview
2025-01-30 04:06:35,223 INFO c.h.h.t.HelmChartContainer - [test-hivemq-platform] [hivemq] [0f3c40f6] INFO  - Started HiveMQ Control Center in 690ms
2025-01-30 04:06:35,316 INFO c.h.h.t.HelmChartContainer - [test-hivemq-platform] [hivemq] [0f3c40f6] INFO  - Starting TCP listener on address 0.0.0.0 and port 1884
2025-01-30 04:06:35,330 INFO c.h.h.t.HelmChartContainer - [test-hivemq-platform] [hivemq] [0f3c40f6] INFO  - Started TCP Listener on address 0.0.0.0 and on port 1884.
2025-01-30 04:06:35,330 INFO c.h.h.t.HelmChartContainer - [test-hivemq-platform] [hivemq] [0f3c40f6] INFO  - Started HiveMQ in 29923ms
2025-01-30 04:06:38,421 INFO c.h.h.t.HelmChartContainer - [test-hivemq-platform] [hivemq] [0f3c40f6] INFO  - [HiveMQ Platform Operator Init App 1.7.0-SNAPSHOT] Returning Health API response 200 for readiness
2025-01-30 04:06:38,434 INFO c.h.h.t.HelmChartContainer - [POD] test-hivemq-platform-0 [0f3c40f6-9802-413f-9dd4-338d265de327] in helmmqttit was MODIFIED
2025-01-30 04:06:38,445 INFO c.h.h.t.HelmChartContainer - [hivemq-test-hivemq-platform] [hivemq-platform-operator] [642736cb] 04:06:38.444 [pool-6-thread-19] DEBUG c.h.p.o.d.PlatformServiceResource - [helmmqtt] Desired Platform services (2 services)
2025-01-30 04:06:38,446 INFO c.h.h.t.HelmChartContainer - [hivemq-test-hivemq-platform] [hivemq-platform-operator] [642736cb] 04:06:38.445 [pool-6-thread-13] DEBUG c.h.p.o.dependants.PodInfoConfigMap - [helmmqtt] Desired PodInfo ConfigMap (1 extensions) (1 enabled)
2025-01-30 04:06:38,449 INFO c.h.h.t.HelmChartContainer - [hivemq-test-hivemq-platform] [hivemq-platform-operator] [642736cb] 04:06:38.446 [pool-6-thread-13] DEBUG c.h.p.o.dependants.PodInfoConfigMap - [helmmqtt] Desired PodInfo ConfigMap (metrics port: 9399) (metrics path: /)
2025-01-30 04:06:38,449 INFO c.h.h.t.HelmChartContainer - [hivemq-test-hivemq-platform] [hivemq-platform-operator] [642736cb] 04:06:38.446 [pool-6-thread-13] DEBUG c.h.p.o.dependants.PodInfoConfigMap - [helmmqtt] Desired PodInfo ConfigMap (extension state hash: -1817474005)
2025-01-30 04:06:38,450 INFO c.h.h.t.HelmChartContainer - [hivemq-test-hivemq-platform] [hivemq-platform-operator] [642736cb] 04:06:38.447 [pool-6-thread-13] DEBUG c.h.p.o.d.PodServiceAccountResource - [helmmqtt] Desired PodServiceAccountResource (serviceAccountName: hivemq-platform-pod-test-hivemq-platform)
2025-01-30 04:06:38,453 INFO c.h.h.t.HelmChartContainer - [hivemq-test-hivemq-platform] [hivemq-platform-operator] [642736cb] 04:06:38.452 [pool-6-thread-19] DEBUG c.h.p.o.d.StatefulSetResource - [helmmqtt] Desired StatefulSet (1 replicas) for status STARTING (READY)
2025-01-30 04:06:38,487 INFO c.h.h.t.HelmChartContainer - [hivemq-test-hivemq-platform] [hivemq-platform-operator] [642736cb] 04:06:38.487 [ReconcilerExecutor-hivemq-controller-114] INFO  c.h.p.o.HiveMQPlatformReconciler - [helmmqtt] Reconciling HiveMQ Platform 'test-hivemq-platform' in namespace 'helmmqttit'
2025-01-30 04:06:38,487 INFO c.h.h.t.HelmChartContainer - [hivemq-test-hivemq-platform] [hivemq-platform-operator] [642736cb] 04:06:38.487 [ReconcilerExecutor-hivemq-controller-114] DEBUG c.h.p.o.HiveMQPlatformReconciler - [helmmqtt] Custom Resource Status STARTING - HiveMQ Platform is starting (READY)
2025-01-30 04:06:38,487 INFO c.h.h.t.HelmChartContainer - [hivemq-test-hivemq-platform] [hivemq-platform-operator] [642736cb] 04:06:38.487 [ReconcilerExecutor-hivemq-controller-114] DEBUG c.h.p.o.HiveMQPlatformReconciler - [helmmqtt] Custom Resource Spec (replicas: 1) (extensions: 1)
2025-01-30 04:06:38,530 INFO c.h.h.t.HelmChartContainer - [hivemq-test-hivemq-platform] [hivemq-platform-operator] [642736cb] 04:06:38.529 [ReconcilerExecutor-hivemq-controller-114] DEBUG c.h.p.o.HiveMQPlatformReconciler - [helmmqtt] StatefulSet Status (revision: test-hivemq-platform-7bbc5894fb, replicas: 1, available: 1, ready: 1, current: 1, updated: 1)
2025-01-30 04:06:38,530 INFO c.h.h.t.HelmChartContainer - [hivemq-test-hivemq-platform] [hivemq-platform-operator] [642736cb] 04:06:38.529 [ReconcilerExecutor-hivemq-controller-114] DEBUG c.h.p.o.HiveMQPlatformReconciler - [helmmqtt] StatefulSet Spec (replicas: 1, init containers: 1, containers: 1, volumes: 3)
2025-01-30 04:06:38,531 INFO c.h.h.t.HelmChartContainer - [hivemq-test-hivemq-platform] [hivemq-platform-operator] [642736cb] 04:06:38.530 [ReconcilerExecutor-hivemq-controller-114] DEBUG c.h.p.o.h.HiveMQPlatformReconcilerErrorHandler - [helmmqtt] Pod 'test-hivemq-platform-0' phase Running
2025-01-30 04:06:38,532 INFO c.h.h.t.HelmChartContainer - [hivemq-test-hivemq-platform] [hivemq-platform-operator] [642736cb] 04:06:38.531 [ReconcilerExecutor-hivemq-controller-114] INFO  c.h.p.o.h.HiveMQPlatformReconcilerBaseHandler - [helmmqtt] HiveMQ Platform started successfully
2025-01-30 04:06:38,547 INFO c.h.h.t.HelmChartContainer - [hivemq-test-hivemq-platform] [hivemq-platform-operator] [642736cb] 04:06:38.546 [ReconcilerExecutor-hivemq-controller-114] DEBUG c.h.p.operator.event.EventSender - [helmmqtt] Creating K8s event hivemq-platform-ready: [Ready] HiveMQ Platform is ready
2025-01-30 04:06:38,550 INFO c.h.h.t.HelmChartContainer - [EVENT] Normal [Ready] HiveMQ Platform is ready [helmmqttit:test-hivemq-platform]
2025-01-30 04:06:38,551 INFO c.h.h.t.HelmChartContainer - [hivemq-test-hivemq-platform] [hivemq-platform-operator] [642736cb] 04:06:38.550 [ReconcilerExecutor-hivemq-controller-114] INFO  c.h.p.o.h.AbstractHiveMQReconcilerStateHandler - [helmmqtt] Update HiveMQ Platform Status (STARTING [READY] -> RUNNING [READY]): HiveMQ Platform is ready
2025-01-30 04:06:38,635 DEBUG com.hivemq.helmcharts.util.K8sUtil - Comparing actual state 'RUNNING' and waiting for 'RUNNING'
2025-01-30 04:06:38,643 INFO c.h.h.t.HelmChartContainer - [hivemq-test-hivemq-platform] [hivemq-platform-operator] [642736cb] 04:06:38.639 [pool-6-thread-21] DEBUG c.h.p.o.d.PlatformServiceResource - [helmmqtt] Desired Platform services (2 services)
2025-01-30 04:06:38,643 INFO c.h.h.t.HelmChartContainer - [hivemq-test-hivemq-platform] [hivemq-platform-operator] [642736cb] 04:06:38.640 [pool-6-thread-24] DEBUG c.h.p.o.dependants.PodInfoConfigMap - [helmmqtt] Desired PodInfo ConfigMap (1 extensions) (1 enabled)
2025-01-30 04:06:38,643 INFO c.h.h.t.HelmChartContainer - [hivemq-test-hivemq-platform] [hivemq-platform-operator] [642736cb] 04:06:38.640 [pool-6-thread-24] DEBUG c.h.p.o.dependants.PodInfoConfigMap - [helmmqtt] Desired PodInfo ConfigMap (metrics port: 9399) (metrics path: /)
2025-01-30 04:06:38,643 INFO c.h.h.t.HelmChartContainer - [hivemq-test-hivemq-platform] [hivemq-platform-operator] [642736cb] 04:06:38.640 [pool-6-thread-24] DEBUG c.h.p.o.dependants.PodInfoConfigMap - [helmmqtt] Desired PodInfo ConfigMap (extension state hash: -1817474005)
2025-01-30 04:06:38,643 INFO c.h.h.t.HelmChartContainer - [hivemq-test-hivemq-platform] [hivemq-platform-operator] [642736cb] 04:06:38.641 [pool-6-thread-24] DEBUG c.h.p.o.dependants.PodInfoConfigMap - [helmmqtt] Update PodInfo ConfigMap
2025-01-30 04:06:38,645 INFO c.h.h.t.HelmChartContainer - [hivemq-test-hivemq-platform] [hivemq-platform-operator] [642736cb] 04:06:38.641 [pool-6-thread-25] DEBUG c.h.p.o.d.PodServiceAccountResource - [helmmqtt] Desired PodServiceAccountResource (serviceAccountName: hivemq-platform-pod-test-hivemq-platform)
2025-01-30 04:06:38,730 INFO c.h.h.t.HelmChartContainer - [hivemq-test-hivemq-platform] [hivemq-platform-operator] [642736cb] 04:06:38.730 [pool-6-thread-24] DEBUG c.h.p.o.d.StatefulSetResource - [helmmqtt] Desired StatefulSet (1 replicas) for status RUNNING (READY)
2025-01-30 04:06:38,734 INFO c.h.h.t.HelmChartContainer - [hivemq-test-hivemq-platform] [hivemq-platform-operator] [642736cb] 04:06:38.733 [ReconcilerExecutor-hivemq-controller-115] INFO  c.h.p.o.HiveMQPlatformReconciler - [helmmqtt] Reconciling HiveMQ Platform 'test-hivemq-platform' in namespace 'helmmqttit'
2025-01-30 04:06:38,734 INFO c.h.h.t.HelmChartContainer - [hivemq-test-hivemq-platform] [hivemq-platform-operator] [642736cb] 04:06:38.733 [ReconcilerExecutor-hivemq-controller-115] DEBUG c.h.p.o.HiveMQPlatformReconciler - [helmmqtt] Custom Resource Status RUNNING - HiveMQ Platform is ready (READY)
2025-01-30 04:06:38,734 INFO c.h.h.t.HelmChartContainer - [hivemq-test-hivemq-platform] [hivemq-platform-operator] [642736cb] 04:06:38.733 [ReconcilerExecutor-hivemq-controller-115] DEBUG c.h.p.o.HiveMQPlatformReconciler - [helmmqtt] Custom Resource Spec (replicas: 1) (extensions: 1)
2025-01-30 04:06:38,736 INFO c.h.h.t.HelmChartContainer - [hivemq-test-hivemq-platform] [hivemq-platform-operator] [642736cb] 04:06:38.735 [ReconcilerExecutor-hivemq-controller-115] DEBUG c.h.p.o.HiveMQPlatformReconciler - [helmmqtt] StatefulSet Status (revision: test-hivemq-platform-7bbc5894fb, replicas: 1, available: 1, ready: 1, current: 1, updated: 1)
2025-01-30 04:06:38,736 INFO c.h.h.t.HelmChartContainer - [hivemq-test-hivemq-platform] [hivemq-platform-operator] [642736cb] 04:06:38.735 [ReconcilerExecutor-hivemq-controller-115] DEBUG c.h.p.o.HiveMQPlatformReconciler - [helmmqtt] StatefulSet Spec (replicas: 1, init containers: 1, containers: 1, volumes: 3)
2025-01-30 04:06:38,738 INFO c.h.h.t.HelmChartContainer - [hivemq-test-hivemq-platform] [hivemq-platform-operator] [642736cb] 04:06:38.737 [ReconcilerExecutor-hivemq-controller-115] DEBUG c.h.p.o.h.HiveMQPlatformReconcilerErrorHandler - [helmmqtt] Pod 'test-hivemq-platform-0' phase Running
2025-01-30 04:06:43,500 INFO c.h.h.t.HelmChartContainer - Uninstalling release 'test-hivemq-platform' in namespace 'helmmqttit'...
2025-01-30 04:06:43,501 DEBUG c.h.h.t.HelmChartContainer - Executing helm command: /bin/helm --kubeconfig /etc/rancher/k3s/k3s.yaml uninstall test-hivemq-platform  --wait --timeout 5m0s --cascade foreground --namespace helmmqttit
2025-01-30 04:06:43,680 INFO c.h.h.t.HelmChartContainer - [hivemq-test-hivemq-platform] [hivemq-platform-operator] [642736cb] 04:06:43.676 [pool-6-thread-34] DEBUG c.h.p.o.d.PlatformServiceResource - [helmmqtt] Desired Platform services (2 services)
2025-01-30 04:06:43,681 INFO c.h.h.t.HelmChartContainer - [hivemq-test-hivemq-platform] [hivemq-platform-operator] [642736cb] 04:06:43.679 [pool-6-thread-39] DEBUG c.h.p.o.d.PodServiceAccountResource - [helmmqtt] Desired PodServiceAccountResource (serviceAccountName: hivemq-platform-pod-test-hivemq-platform)
2025-01-30 04:06:43,681 INFO c.h.h.t.HelmChartContainer - [hivemq-test-hivemq-platform] [hivemq-platform-operator] [642736cb] 04:06:43.680 [pool-6-thread-36] DEBUG c.h.p.o.dependants.PodInfoConfigMap - [helmmqtt] Desired PodInfo ConfigMap (1 extensions) (1 enabled)
2025-01-30 04:06:43,684 INFO c.h.h.t.HelmChartContainer - [hivemq-test-hivemq-platform] [hivemq-platform-operator] [642736cb] 04:06:43.680 [pool-6-thread-36] DEBUG c.h.p.o.dependants.PodInfoConfigMap - [helmmqtt] Desired PodInfo ConfigMap (metrics port: 9399) (metrics path: /)
2025-01-30 04:06:43,684 INFO c.h.h.t.HelmChartContainer - [hivemq-test-hivemq-platform] [hivemq-platform-operator] [642736cb] 04:06:43.681 [pool-6-thread-36] DEBUG c.h.p.o.dependants.PodInfoConfigMap - [helmmqtt] Desired PodInfo ConfigMap (extension state hash: -1817474005)
2025-01-30 04:06:43,684 INFO c.h.h.t.HelmChartContainer - [hivemq-test-hivemq-platform] [hivemq-platform-operator] [642736cb] 04:06:43.683 [pool-6-thread-36] DEBUG c.h.p.o.d.StatefulSetResource - [helmmqtt] Desired StatefulSet (1 replicas) for status RUNNING (READY)
2025-01-30 04:06:43,738 INFO c.h.h.t.HelmChartContainer - [hivemq-test-hivemq-platform] [hivemq-platform-operator] [642736cb] 04:06:43.734 [ReconcilerExecutor-hivemq-controller-116] INFO  c.h.p.o.HiveMQPlatformReconciler - [helmmqtt] Reconciling HiveMQ Platform 'test-hivemq-platform' in namespace 'helmmqttit'
2025-01-30 04:06:43,738 INFO c.h.h.t.HelmChartContainer - [hivemq-test-hivemq-platform] [hivemq-platform-operator] [642736cb] 04:06:43.734 [ReconcilerExecutor-hivemq-controller-116] DEBUG c.h.p.o.HiveMQPlatformReconciler - [helmmqtt] Custom Resource Status RUNNING - HiveMQ Platform is ready (READY)
2025-01-30 04:06:43,738 INFO c.h.h.t.HelmChartContainer - [hivemq-test-hivemq-platform] [hivemq-platform-operator] [642736cb] 04:06:43.734 [ReconcilerExecutor-hivemq-controller-116] DEBUG c.h.p.o.HiveMQPlatformReconciler - [helmmqtt] Custom Resource Spec (replicas: 1) (extensions: 1)
2025-01-30 04:06:43,738 INFO c.h.h.t.HelmChartContainer - [hivemq-test-hivemq-platform] [hivemq-platform-operator] [642736cb] 04:06:43.734 [ReconcilerExecutor-hivemq-controller-116] WARN  c.h.p.o.h.HiveMQPlatformReconcilerErrorHandler - [helmmqtt] Could not find ConfigMap 'hivemq-configuration-test-hivemq-platform' for HiveMQ Platform configuration
2025-01-30 04:06:43,819 INFO c.h.h.t.HelmChartContainer - [K3S] [authentication.go:74] "Unable to authenticate the request" err="[invalid bearer token, serviceaccounts \"hivemq-platform-pod-test-hivemq-platform\" not found]"
2025-01-30 04:06:43,841 INFO c.h.h.t.HelmChartContainer - [K3S] [authentication.go:74] "Unable to authenticate the request" err="[invalid bearer token, serviceaccounts \"hivemq-platform-pod-test-hivemq-platform\" not found]"
2025-01-30 04:06:43,913 INFO c.h.h.t.HelmChartContainer - [test-hivemq-platform] [hivemq] [0f3c40f6] WARN  - [HiveMQ Platform Operator Init App 1.7.0-SNAPSHOT] Could not update Pod annotations: Failure executing: GET at: https://10.43.0.1:443/api/v1/namespaces/helmmqttit/pods/test-hivemq-platform-0. Message: Unauthorized. Received status: Status(apiVersion=v1, code=401, details=null, kind=Status, message=Unauthorized, metadata=ListMeta(_continue=null, remainingItemCount=null, resourceVersion=null, selfLink=null, additionalProperties={}), reason=Unauthorized, status=Failure, additionalProperties={}).
2025-01-30 04:06:43,929 INFO c.h.h.t.HelmChartContainer - [hivemq-test-hivemq-platform] [hivemq-platform-operator] [642736cb] 04:06:43.928 [ReconcilerExecutor-hivemq-controller-116] DEBUG c.h.p.operator.event.EventSender - [helmmqtt] Creating K8s event hivemq-platform-invalid-configuration: [Start] Could not find ConfigMap 'hivemq-configuration-test-hivemq-platform' for HiveMQ Platform configuration
2025-01-30 04:06:43,934 INFO c.h.h.t.HelmChartContainer - [EVENT] Warning [Start] Could not find ConfigMap 'hivemq-configuration-test-hivemq-platform' for HiveMQ Platform configuration [helmmqttit:test-hivemq-platform]
2025-01-30 04:06:43,936 INFO c.h.h.t.HelmChartContainer - [hivemq-test-hivemq-platform] [hivemq-platform-operator] [642736cb] 04:06:43.935 [ReconcilerExecutor-hivemq-controller-116] INFO  c.h.p.o.h.AbstractHiveMQReconcilerStateHandler - [helmmqtt] Update HiveMQ Platform Status (RUNNING [READY] -> ERROR [INVALID_CONFIG_MAP]): Could not find ConfigMap 'hivemq-configuration-test-hivemq-platform' for HiveMQ Platform configuration
2025-01-30 04:06:43,952 INFO c.h.h.t.HelmChartContainer - [hivemq-test-hivemq-platform] [hivemq-platform-operator] [642736cb] 04:06:43.945 [ReconcilerExecutor-hivemq-controller-116] ERROR i.j.o.p.event.EventProcessor - Error during event processing ExecutionScope{ resource id: ResourceID{name='test-hivemq-platform', namespace='helmmqttit'}, version: 1388}
2025-01-30 04:06:43,952 INFO c.h.h.t.HelmChartContainer - [hivemq-test-hivemq-platform] [hivemq-platform-operator] [642736cb] io.fabric8.kubernetes.client.KubernetesClientException: Failure executing: PUT at: https://10.43.0.1:443/apis/hivemq.com/v1/namespaces/helmmqttit/hivemq-platforms/test-hivemq-platform/status. Message: Operation cannot be fulfilled on hivemq-platforms.hivemq.com "test-hivemq-platform": the object has been modified; please apply your changes to the latest version and try again. Received status: Status(apiVersion=v1, code=409, details=StatusDetails(causes=[], group=hivemq.com, kind=hivemq-platforms, name=test-hivemq-platform, retryAfterSeconds=null, uid=null, additionalProperties={}), kind=Status, message=Operation cannot be fulfilled on hivemq-platforms.hivemq.com "test-hivemq-platform": the object has been modified; please apply your changes to the latest version and try again, metadata=ListMeta(_continue=null, remainingItemCount=null, resourceVersion=null, selfLink=null, additionalProperties={}), reason=Conflict, status=Failure, additionalProperties={}).
2025-01-30 04:06:43,952 INFO c.h.h.t.HelmChartContainer - [hivemq-test-hivemq-platform] [hivemq-platform-operator] [642736cb] 	at io.fabric8.kubernetes.client.KubernetesClientException.copyAsCause(KubernetesClientException.java:238)
2025-01-30 04:06:43,952 INFO c.h.h.t.HelmChartContainer - [hivemq-test-hivemq-platform] [hivemq-platform-operator] [642736cb] 	at io.fabric8.kubernetes.client.dsl.internal.OperationSupport.waitForResult(OperationSupport.java:507)
2025-01-30 04:06:43,952 INFO c.h.h.t.HelmChartContainer - [hivemq-test-hivemq-platform] [hivemq-platform-operator] [642736cb] 	at io.fabric8.kubernetes.client.dsl.internal.OperationSupport.handleResponse(OperationSupport.java:524)
2025-01-30 04:06:43,952 INFO c.h.h.t.HelmChartContainer - [hivemq-test-hivemq-platform] [hivemq-platform-operator] [642736cb] 	at io.fabric8.kubernetes.client.dsl.internal.OperationSupport.handleUpdate(OperationSupport.java:358)
2025-01-30 04:06:43,952 INFO c.h.h.t.HelmChartContainer - [hivemq-test-hivemq-platform] [hivemq-platform-operator] [642736cb] 	at io.fabric8.kubernetes.client.dsl.internal.BaseOperation.handleUpdate(BaseOperation.java:759)
2025-01-30 04:06:43,952 INFO c.h.h.t.HelmChartContainer - [hivemq-test-hivemq-platform] [hivemq-platform-operator] [642736cb] 	at io.fabric8.kubernetes.client.dsl.internal.HasMetadataOperation.update(HasMetadataOperation.java:138)
2025-01-30 04:06:43,952 INFO c.h.h.t.HelmChartContainer - [hivemq-test-hivemq-platform] [hivemq-platform-operator] [642736cb] 	at io.fabric8.kubernetes.client.dsl.internal.HasMetadataOperation.update(HasMetadataOperation.java:121)
2025-01-30 04:06:43,952 INFO c.h.h.t.HelmChartContainer - [hivemq-test-hivemq-platform] [hivemq-platform-operator] [642736cb] 	at io.fabric8.kubernetes.client.dsl.internal.HasMetadataOperation.updateStatus(HasMetadataOperation.java:126)
2025-01-30 04:06:43,952 INFO c.h.h.t.HelmChartContainer - [hivemq-test-hivemq-platform] [hivemq-platform-operator] [642736cb] 	at io.fabric8.kubernetes.client.dsl.internal.HasMetadataOperation.updateStatus(HasMetadataOperation.java:44)
2025-01-30 04:06:43,952 INFO c.h.h.t.HelmChartContainer - [hivemq-test-hivemq-platform] [hivemq-platform-operator] [642736cb] 	at io.javaoperatorsdk.operator.processing.event.ReconciliationDispatcher$CustomResourceFacade.updateStatus(ReconciliationDispatcher.java:408)
2025-01-30 04:06:43,952 INFO c.h.h.t.HelmChartContainer - [hivemq-test-hivemq-platform] [hivemq-platform-operator] [642736cb] 	at io.javaoperatorsdk.operator.processing.event.ReconciliationDispatcher.updateStatusGenerationAware(ReconciliationDispatcher.java:228)
2025-01-30 04:06:43,952 INFO c.h.h.t.HelmChartContainer - [hivemq-test-hivemq-platform] [hivemq-platform-operator] [642736cb] 	at io.javaoperatorsdk.operator.processing.event.ReconciliationDispatcher.reconcileExecution(ReconciliationDispatcher.java:150)
2025-01-30 04:06:43,952 INFO c.h.h.t.HelmChartContainer - [hivemq-test-hivemq-platform] [hivemq-platform-operator] [642736cb] 	at io.javaoperatorsdk.operator.processing.event.ReconciliationDispatcher.handleReconcile(ReconciliationDispatcher.java:117)
2025-01-30 04:06:43,952 INFO c.h.h.t.HelmChartContainer - [hivemq-test-hivemq-platform] [hivemq-platform-operator] [642736cb] 	at io.javaoperatorsdk.operator.processing.event.ReconciliationDispatcher.handleDispatch(ReconciliationDispatcher.java:91)
2025-01-30 04:06:43,952 INFO c.h.h.t.HelmChartContainer - [hivemq-test-hivemq-platform] [hivemq-platform-operator] [642736cb] 	at io.javaoperatorsdk.operator.processing.event.ReconciliationDispatcher.handleExecution(ReconciliationDispatcher.java:64)
2025-01-30 04:06:43,952 INFO c.h.h.t.HelmChartContainer - [hivemq-test-hivemq-platform] [hivemq-platform-operator] [642736cb] 	at io.javaoperatorsdk.operator.processing.event.EventProcessor$ReconcilerExecutor.run(EventProcessor.java:452)
2025-01-30 04:06:43,952 INFO c.h.h.t.HelmChartContainer - [hivemq-test-hivemq-platform] [hivemq-platform-operator] [642736cb] 	at java.base/java.util.concurrent.ThreadPoolExecutor.runWorker(Unknown Source)
2025-01-30 04:06:43,952 INFO c.h.h.t.HelmChartContainer - [hivemq-test-hivemq-platform] [hivemq-platform-operator] [642736cb] 	at java.base/java.util.concurrent.ThreadPoolExecutor$Worker.run(Unknown Source)
2025-01-30 04:06:43,952 INFO c.h.h.t.HelmChartContainer - [hivemq-test-hivemq-platform] [hivemq-platform-operator] [642736cb] 	at java.base/java.lang.Thread.run(Unknown Source)
2025-01-30 04:06:43,952 INFO c.h.h.t.HelmChartContainer - [hivemq-test-hivemq-platform] [hivemq-platform-operator] [642736cb] Caused by: io.fabric8.kubernetes.client.KubernetesClientException: Failure executing: PUT at: https://10.43.0.1:443/apis/hivemq.com/v1/namespaces/helmmqttit/hivemq-platforms/test-hivemq-platform/status. Message: Operation cannot be fulfilled on hivemq-platforms.hivemq.com "test-hivemq-platform": the object has been modified; please apply your changes to the latest version and try again. Received status: Status(apiVersion=v1, code=409, details=StatusDetails(causes=[], group=hivemq.com, kind=hivemq-platforms, name=test-hivemq-platform, retryAfterSeconds=null, uid=null, additionalProperties={}), kind=Status, message=Operation cannot be fulfilled on hivemq-platforms.hivemq.com "test-hivemq-platform": the object has been modified; please apply your changes to the latest version and try again, metadata=ListMeta(_continue=null, remainingItemCount=null, resourceVersion=null, selfLink=null, additionalProperties={}), reason=Conflict, status=Failure, additionalProperties={}).
2025-01-30 04:06:43,952 INFO c.h.h.t.HelmChartContainer - [hivemq-test-hivemq-platform] [hivemq-platform-operator] [642736cb] 	at io.fabric8.kubernetes.client.dsl.internal.OperationSupport.requestFailure(OperationSupport.java:660)
2025-01-30 04:06:43,952 INFO c.h.h.t.HelmChartContainer - [hivemq-test-hivemq-platform] [hivemq-platform-operator] [642736cb] 	at io.fabric8.kubernetes.client.dsl.internal.OperationSupport.requestFailure(OperationSupport.java:640)
2025-01-30 04:06:43,953 INFO c.h.h.t.HelmChartContainer - [hivemq-test-hivemq-platform] [hivemq-platform-operator] [642736cb] 	at io.fabric8.kubernetes.client.dsl.internal.OperationSupport.assertResponseCode(OperationSupport.java:589)
2025-01-30 04:06:43,953 INFO c.h.h.t.HelmChartContainer - [hivemq-test-hivemq-platform] [hivemq-platform-operator] [642736cb] 	at io.fabric8.kubernetes.client.dsl.internal.OperationSupport.lambda$handleResponse$0(OperationSupport.java:549)
2025-01-30 04:06:43,953 INFO c.h.h.t.HelmChartContainer - [hivemq-test-hivemq-platform] [hivemq-platform-operator] [642736cb] 	at java.base/java.util.concurrent.CompletableFuture$UniApply.tryFire(Unknown Source)
2025-01-30 04:06:43,953 INFO c.h.h.t.HelmChartContainer - [hivemq-test-hivemq-platform] [hivemq-platform-operator] [642736cb] 	at java.base/java.util.concurrent.CompletableFuture.postComplete(Unknown Source)
2025-01-30 04:06:43,956 INFO c.h.h.t.HelmChartContainer - [hivemq-test-hivemq-platform] [hivemq-platform-operator] [642736cb] 	at java.base/java.util.concurrent.CompletableFuture.complete(Unknown Source)
2025-01-30 04:06:43,956 INFO c.h.h.t.HelmChartContainer - [hivemq-test-hivemq-platform] [hivemq-platform-operator] [642736cb] 	at io.fabric8.kubernetes.client.http.StandardHttpClient.lambda$completeOrCancel$10(StandardHttpClient.java:141)
2025-01-30 04:06:43,956 INFO c.h.h.t.HelmChartContainer - [hivemq-test-hivemq-platform] [hivemq-platform-operator] [642736cb] 	at java.base/java.util.concurrent.CompletableFuture.uniWhenComplete(Unknown Source)
2025-01-30 04:06:43,956 INFO c.h.h.t.HelmChartContainer - [hivemq-test-hivemq-platform] [hivemq-platform-operator] [642736cb] 	at java.base/java.util.concurrent.CompletableFuture$UniWhenComplete.tryFire(Unknown Source)
2025-01-30 04:06:43,956 INFO c.h.h.t.HelmChartContainer - [hivemq-test-hivemq-platform] [hivemq-platform-operator] [642736cb] 	at java.base/java.util.concurrent.CompletableFuture.postComplete(Unknown Source)
2025-01-30 04:06:43,956 INFO c.h.h.t.HelmChartContainer - [hivemq-test-hivemq-platform] [hivemq-platform-operator] [642736cb] 	at java.base/java.util.concurrent.CompletableFuture.complete(Unknown Source)
2025-01-30 04:06:43,956 INFO c.h.h.t.HelmChartContainer - [hivemq-test-hivemq-platform] [hivemq-platform-operator] [642736cb] 	at io.fabric8.kubernetes.client.http.ByteArrayBodyHandler.onBodyDone(ByteArrayBodyHandler.java:51)
2025-01-30 04:06:43,956 INFO c.h.h.t.HelmChartContainer - [hivemq-test-hivemq-platform] [hivemq-platform-operator] [642736cb] 	at java.base/java.util.concurrent.CompletableFuture.uniWhenComplete(Unknown Source)
2025-01-30 04:06:43,956 INFO c.h.h.t.HelmChartContainer - [hivemq-test-hivemq-platform] [hivemq-platform-operator] [642736cb] 	at java.base/java.util.concurrent.CompletableFuture$UniWhenComplete.tryFire(Unknown Source)
2025-01-30 04:06:43,956 INFO c.h.h.t.HelmChartContainer - [hivemq-test-hivemq-platform] [hivemq-platform-operator] [642736cb] 	at java.base/java.util.concurrent.CompletableFuture.postComplete(Unknown Source)
2025-01-30 04:06:43,956 INFO c.h.h.t.HelmChartContainer - [hivemq-test-hivemq-platform] [hivemq-platform-operator] [642736cb] 	at java.base/java.util.concurrent.CompletableFuture.complete(Unknown Source)
2025-01-30 04:06:43,956 INFO c.h.h.t.HelmChartContainer - [hivemq-test-hivemq-platform] [hivemq-platform-operator] [642736cb] 	at io.fabric8.kubernetes.client.vertx.VertxHttpRequest.lambda$null$1(VertxHttpRequest.java:121)
2025-01-30 04:06:43,956 INFO c.h.h.t.HelmChartContainer - [hivemq-test-hivemq-platform] [hivemq-platform-operator] [642736cb] 	at io.vertx.core.impl.ContextInternal.dispatch(ContextInternal.java:279)
2025-01-30 04:06:43,956 INFO c.h.h.t.HelmChartContainer - [hivemq-test-hivemq-platform] [hivemq-platform-operator] [642736cb] 	at io.vertx.core.impl.ContextInternal.dispatch(ContextInternal.java:261)
2025-01-30 04:06:43,956 INFO c.h.h.t.HelmChartContainer - [hivemq-test-hivemq-platform] [hivemq-platform-operator] [642736cb] 	at io.vertx.core.http.impl.HttpEventHandler.handleEnd(HttpEventHandler.java:76)
2025-01-30 04:06:43,956 INFO c.h.h.t.HelmChartContainer - [hivemq-test-hivemq-platform] [hivemq-platform-operator] [642736cb] 	at io.vertx.core.http.impl.HttpClientResponseImpl.handleEnd(HttpClientResponseImpl.java:250)
2025-01-30 04:06:43,956 INFO c.h.h.t.HelmChartContainer - [hivemq-test-hivemq-platform] [hivemq-platform-operator] [642736cb] 	at io.vertx.core.http.impl.Http1xClientConnection$StreamImpl.lambda$new$0(Http1xClientConnection.java:421)
2025-01-30 04:06:43,956 INFO c.h.h.t.HelmChartContainer - [hivemq-test-hivemq-platform] [hivemq-platform-operator] [642736cb] 	at io.vertx.core.streams.impl.InboundBuffer.handleEvent(InboundBuffer.java:279)
2025-01-30 04:06:43,956 INFO c.h.h.t.HelmChartContainer - [hivemq-test-hivemq-platform] [hivemq-platform-operator] [642736cb] 	at io.vertx.core.streams.impl.InboundBuffer.write(InboundBuffer.java:157)
2025-01-30 04:06:43,956 INFO c.h.h.t.HelmChartContainer - [hivemq-test-hivemq-platform] [hivemq-platform-operator] [642736cb] 	at io.vertx.core.http.impl.Http1xClientConnection$StreamImpl.handleEnd(Http1xClientConnection.java:709)
2025-01-30 04:06:43,956 INFO c.h.h.t.HelmChartContainer - [hivemq-test-hivemq-platform] [hivemq-platform-operator] [642736cb] 	at io.vertx.core.impl.ContextImpl.lambda$execute$4(ContextImpl.java:315)
2025-01-30 04:06:43,956 INFO c.h.h.t.HelmChartContainer - [hivemq-test-hivemq-platform] [hivemq-platform-operator] [642736cb] 	at io.netty.util.concurrent.AbstractEventExecutor.runTask(AbstractEventExecutor.java:173)
2025-01-30 04:06:43,956 INFO c.h.h.t.HelmChartContainer - [hivemq-test-hivemq-platform] [hivemq-platform-operator] [642736cb] 	at io.netty.util.concurrent.AbstractEventExecutor.safeExecute(AbstractEventExecutor.java:166)
2025-01-30 04:06:43,956 INFO c.h.h.t.HelmChartContainer - [hivemq-test-hivemq-platform] [hivemq-platform-operator] [642736cb] 	at io.netty.util.concurrent.SingleThreadEventExecutor.runAllTasks(SingleThreadEventExecutor.java:472)
2025-01-30 04:06:43,956 INFO c.h.h.t.HelmChartContainer - [hivemq-test-hivemq-platform] [hivemq-platform-operator] [642736cb] 	at io.netty.channel.nio.NioEventLoop.run(NioEventLoop.java:569)
2025-01-30 04:06:43,956 INFO c.h.h.t.HelmChartContainer - [hivemq-test-hivemq-platform] [hivemq-platform-operator] [642736cb] 	at io.netty.util.concurrent.SingleThreadEventExecutor$4.run(SingleThreadEventExecutor.java:997)
2025-01-30 04:06:43,956 INFO c.h.h.t.HelmChartContainer - [hivemq-test-hivemq-platform] [hivemq-platform-operator] [642736cb] 	at io.netty.util.internal.ThreadExecutorMap$2.run(ThreadExecutorMap.java:74)
2025-01-30 04:06:43,956 INFO c.h.h.t.HelmChartContainer - [hivemq-test-hivemq-platform] [hivemq-platform-operator] [642736cb] 	at io.netty.util.concurrent.FastThreadLocalRunnable.run(FastThreadLocalRunnable.java:30)
2025-01-30 04:06:43,956 INFO c.h.h.t.HelmChartContainer - [hivemq-test-hivemq-platform] [hivemq-platform-operator] [642736cb] 	... 1 common frames omitted
2025-01-30 04:06:43,957 INFO c.h.h.t.HelmChartContainer - [hivemq-test-hivemq-platform] [hivemq-platform-operator] [642736cb] 04:06:43.955 [ReconcilerExecutor-hivemq-controller-122] INFO  c.h.p.o.HiveMQPlatformReconciler - [helmmqtt] Cleanup test-hivemq-platform - helmmqttit HiveMQ Platform is shut down
2025-01-30 04:06:44,367 INFO c.h.h.t.HelmChartContainer - [EVENT] Normal [Killing] Stopping container hivemq [helmmqttit:test-hivemq-platform-0]
2025-01-30 04:06:44,367 INFO c.h.h.t.HelmChartContainer - Received Killing event for container hivemq in pod test-hivemq-platform-0 [0f3c40f6-9802-413f-9dd4-338d265de327]
2025-01-30 04:06:44,367 INFO c.h.h.t.HelmChartContainer - Container [test-hivemq-platform-0] [hivemq] [0f3c40f6-9802-413f-9dd4-338d265de327] was terminated
2025-01-30 04:06:44,368 INFO c.h.h.t.HelmChartContainer - Stopped log watcher for hivemq in pod test-hivemq-platform-0 [0f3c40f6-9802-413f-9dd4-338d265de327]
2025-01-30 04:06:44,370 INFO c.h.h.t.HelmChartContainer - [POD] test-hivemq-platform-0 [0f3c40f6-9802-413f-9dd4-338d265de327] in helmmqttit was MODIFIED
2025-01-30 04:06:44,374 INFO c.h.h.t.HelmChartContainer - [test-hivemq-platform] [hivemq] [0f3c40f6] INFO  - [HiveMQ Platform Operator Init App 1.7.0-SNAPSHOT] Shutting down
2025-01-30 04:06:44,374 INFO c.h.h.t.HelmChartContainer - [test-hivemq-platform] [hivemq] [0f3c40f6] INFO  - [HiveMQ Platform Operator Init App 1.7.0-SNAPSHOT] Stopping the HiveMQ Platform
2025-01-30 04:06:44,487 INFO c.h.h.t.HelmChartContainer - [test-hivemq-platform] [hivemq] [0f3c40f6] INFO  - Shutting down HiveMQ. Please wait, this could take a while...
2025-01-30 04:06:44,574 INFO c.h.h.t.HelmChartContainer - [test-hivemq-platform] [hivemq] [0f3c40f6] INFO  - Shutting down listeners and clients
2025-01-30 04:06:44,575 INFO c.h.h.t.HelmChartContainer - [test-hivemq-platform] [hivemq] [0f3c40f6] INFO  - Shutdown of listeners is done
2025-01-30 04:06:44,575 INFO c.h.h.t.HelmChartContainer - [test-hivemq-platform] [hivemq] [0f3c40f6] INFO  - No clients are connected, proceeding with shutdown
2025-01-30 04:06:45,726 INFO c.h.h.t.HelmChartContainer - Deleting namespace 'helmmqttit'...
2025-01-30 04:06:47,718 INFO c.h.h.t.HelmChartContainer - [test-hivemq-platform] [hivemq] [0f3c40f6] INFO  - Shutting down extension system
2025-01-30 04:06:47,721 INFO c.h.h.t.HelmChartContainer - [test-hivemq-platform] [hivemq] [0f3c40f6] INFO  - Stopping extension with id hivemq-dns-cluster-discovery
2025-01-30 04:06:47,721 INFO c.h.h.t.HelmChartContainer - [test-hivemq-platform] [hivemq] [0f3c40f6] INFO  - Extension "DNS Cluster Discovery Extension" version 4.3.2 stopped successfully.
2025-01-30 04:06:47,722 INFO c.h.h.t.HelmChartContainer - [test-hivemq-platform] [hivemq] [0f3c40f6] INFO  - Stopping extension with id hivemq-prometheus-extension
2025-01-30 04:06:47,725 INFO c.h.h.t.HelmChartContainer - [test-hivemq-platform] [hivemq] [0f3c40f6] INFO  - Extension "Prometheus Monitoring Extension" version 4.0.12 stopped successfully.
2025-01-30 04:06:47,725 INFO c.h.h.t.HelmChartContainer - [test-hivemq-platform] [hivemq] [0f3c40f6] INFO  - Stopping extension with id hivemq-allow-all-extension
2025-01-30 04:06:47,726 INFO c.h.h.t.HelmChartContainer - [test-hivemq-platform] [hivemq] [0f3c40f6] INFO  - Extension "Allow All Extension" version 1.1.1 stopped successfully.
2025-01-30 04:06:48,417 INFO c.h.h.t.HelmChartContainer - [test-hivemq-platform] [hivemq] [0f3c40f6] INFO  - [HiveMQ Platform Operator Init App 1.7.0-SNAPSHOT] Returning shutdown Health API response 503 for readiness
2025-01-30 04:06:48,422 INFO c.h.h.t.HelmChartContainer - [EVENT] Warning [Unhealthy] Readiness probe failed: HTTP probe failed with statuscode: 503 [helmmqttit:test-hivemq-platform-0]
2025-01-30 04:06:48,423 INFO c.h.h.t.HelmChartContainer - Received Unhealthy event for container hivemq in pod test-hivemq-platform-0 [0f3c40f6-9802-413f-9dd4-338d265de327]
2025-01-30 04:06:48,916 INFO c.h.h.t.HelmChartContainer - [K3S] [authentication.go:74] "Unable to authenticate the request" err="[invalid bearer token, serviceaccounts \"hivemq-platform-pod-test-hivemq-platform\" not found]"
2025-01-30 04:06:48,929 INFO c.h.h.t.HelmChartContainer - [K3S] [authentication.go:74] "Unable to authenticate the request" err="[invalid bearer token, serviceaccounts \"hivemq-platform-pod-test-hivemq-platform\" not found]"
2025-01-30 04:06:48,931 INFO c.h.h.t.HelmChartContainer - [test-hivemq-platform] [hivemq] [0f3c40f6] WARN  - [HiveMQ Platform Operator Init App 1.7.0-SNAPSHOT] Could not update Pod annotations: Failure executing: GET at: https://10.43.0.1:443/api/v1/namespaces/helmmqttit/pods/test-hivemq-platform-0. Message: Unauthorized. Received status: Status(apiVersion=v1, code=401, details=null, kind=Status, message=Unauthorized, metadata=ListMeta(_continue=null, remainingItemCount=null, resourceVersion=null, selfLink=null, additionalProperties={}), reason=Unauthorized, status=Failure, additionalProperties={}).
2025-01-30 04:06:50,009 INFO c.h.h.t.HelmChartContainer - [test-hivemq-platform] [hivemq] [0f3c40f6] INFO  - Shutdown completed.
2025-01-30 04:06:50,357 INFO c.h.h.t.HelmChartContainer - [test-hivemq-platform] [hivemq] [0f3c40f6] INFO  - [HiveMQ Platform Operator Init App 1.7.0-SNAPSHOT] The HiveMQ Platform exited with code 143
2025-01-30 04:06:50,357 INFO c.h.h.t.HelmChartContainer - [test-hivemq-platform] [hivemq] [0f3c40f6] INFO  - [HiveMQ Platform Operator Init App 1.7.0-SNAPSHOT] Stopping the REST API
2025-01-30 04:06:50,364 INFO c.h.h.t.HelmChartContainer - [test-hivemq-platform] [hivemq] [0f3c40f6] INFO  - [HiveMQ Platform Operator Init App 1.7.0-SNAPSHOT] Shutdown complete
2025-01-30 04:06:50,795 INFO c.h.h.t.HelmChartContainer - [K3S] [stateful_set.go:466] "StatefulSet has been deleted" key="helmmqttit/test-hivemq-platform"
2025-01-30 04:06:50,821 INFO c.h.h.t.HelmChartContainer - [POD] test-hivemq-platform-0 [0f3c40f6-9802-413f-9dd4-338d265de327] in helmmqttit was MODIFIED
2025-01-30 04:06:50,965 INFO c.h.h.t.HelmChartContainer - [K3S] [reconciler_common.go:162] "operationExecutor.UnmountVolume started for volume \"pod-info\" (UniqueName: \"kubernetes.io/configmap/0f3c40f6-9802-413f-9dd4-338d265de327-pod-info\") pod \"0f3c40f6-9802-413f-9dd4-338d265de327\" (UID: \"0f3c40f6-9802-413f-9dd4-338d265de327\") "
2025-01-30 04:06:50,965 INFO c.h.h.t.HelmChartContainer - [K3S] [reconciler_common.go:162] "operationExecutor.UnmountVolume started for volume \"broker-configuration\" (UniqueName: \"kubernetes.io/configmap/0f3c40f6-9802-413f-9dd4-338d265de327-broker-configuration\") pod \"0f3c40f6-9802-413f-9dd4-338d265de327\" (UID: \"0f3c40f6-9802-413f-9dd4-338d265de327\") "
2025-01-30 04:06:50,965 INFO c.h.h.t.HelmChartContainer - [K3S] [reconciler_common.go:162] "operationExecutor.UnmountVolume started for volume \"operator-init\" (UniqueName: \"kubernetes.io/empty-dir/0f3c40f6-9802-413f-9dd4-338d265de327-operator-init\") pod \"0f3c40f6-9802-413f-9dd4-338d265de327\" (UID: \"0f3c40f6-9802-413f-9dd4-338d265de327\") "
2025-01-30 04:06:50,965 INFO c.h.h.t.HelmChartContainer - [K3S] [reconciler_common.go:162] "operationExecutor.UnmountVolume started for volume \"kube-api-access-tgxjh\" (UniqueName: \"kubernetes.io/projected/0f3c40f6-9802-413f-9dd4-338d265de327-kube-api-access-tgxjh\") pod \"0f3c40f6-9802-413f-9dd4-338d265de327\" (UID: \"0f3c40f6-9802-413f-9dd4-338d265de327\") "
2025-01-30 04:06:50,986 INFO c.h.h.t.HelmChartContainer - [K3S] [namespace_controller.go:164] "Unhandled Error" err="deletion of namespace helmmqttit failed: unexpected items still remain in namespace: helmmqttit for gvr: /v1, Resource=pods"
2025-01-30 04:06:51,066 INFO c.h.h.t.HelmChartContainer - [K3S] [reconciler_common.go:299] "Volume detached for volume \"broker-configuration\" (UniqueName: \"kubernetes.io/configmap/0f3c40f6-9802-413f-9dd4-338d265de327-broker-configuration\") on node \"969b9ea92551\" DevicePath \"\""
2025-01-30 04:06:51,066 INFO c.h.h.t.HelmChartContainer - [K3S] [reconciler_common.go:299] "Volume detached for volume \"pod-info\" (UniqueName: \"kubernetes.io/configmap/0f3c40f6-9802-413f-9dd4-338d265de327-pod-info\") on node \"969b9ea92551\" DevicePath \"\""
2025-01-30 04:06:51,066 INFO c.h.h.t.HelmChartContainer - [K3S] [reconciler_common.go:299] "Volume detached for volume \"operator-init\" (UniqueName: \"kubernetes.io/empty-dir/0f3c40f6-9802-413f-9dd4-338d265de327-operator-init\") on node \"969b9ea92551\" DevicePath \"\""
2025-01-30 04:06:51,066 INFO c.h.h.t.HelmChartContainer - [K3S] [reconciler_common.go:299] "Volume detached for volume \"kube-api-access-tgxjh\" (UniqueName: \"kubernetes.io/projected/0f3c40f6-9802-413f-9dd4-338d265de327-kube-api-access-tgxjh\") on node \"969b9ea92551\" DevicePath \"\""
2025-01-30 04:06:51,161 INFO c.h.h.t.HelmChartContainer - [K3S] [namespace_controller.go:164] "Unhandled Error" err="deletion of namespace helmmqttit failed: unexpected items still remain in namespace: helmmqttit for gvr: /v1, Resource=pods"
2025-01-30 04:06:51,259 INFO c.h.h.t.HelmChartContainer - [K3S] [namespace_controller.go:164] "Unhandled Error" err="deletion of namespace helmmqttit failed: unexpected items still remain in namespace: helmmqttit for gvr: /v1, Resource=pods"
2025-01-30 04:06:51,362 INFO c.h.h.t.HelmChartContainer - [K3S] [namespace_controller.go:164] "Unhandled Error" err="deletion of namespace helmmqttit failed: unexpected items still remain in namespace: helmmqttit for gvr: /v1, Resource=pods"
2025-01-30 04:06:51,489 INFO c.h.h.t.HelmChartContainer - [K3S] [namespace_controller.go:164] "Unhandled Error" err="deletion of namespace helmmqttit failed: unexpected items still remain in namespace: helmmqttit for gvr: /v1, Resource=pods"
2025-01-30 04:06:51,657 INFO c.h.h.t.HelmChartContainer - [K3S] [namespace_controller.go:164] "Unhandled Error" err="deletion of namespace helmmqttit failed: unexpected items still remain in namespace: helmmqttit for gvr: /v1, Resource=pods"
2025-01-30 04:06:51,726 INFO c.h.h.t.HelmChartContainer - [K3S] [scope.go:117] "RemoveContainer" containerID="5855941fa3b657b33f102ee867fb42d8ae1df56d07fe8e2a3de5a6b5e6176b14"
2025-01-30 04:06:51,740 INFO c.h.h.t.HelmChartContainer - [POD] test-hivemq-platform-0 [0f3c40f6-9802-413f-9dd4-338d265de327] in helmmqttit was MODIFIED
2025-01-30 04:06:51,742 INFO c.h.h.t.HelmChartContainer - [POD] test-hivemq-platform-0 [0f3c40f6-9802-413f-9dd4-338d265de327] in helmmqttit was DELETED
2025-01-30 04:06:51,822 INFO c.h.h.t.HelmChartContainer - [K3S] [scope.go:117] "RemoveContainer" containerID="529c3ed5bcef29c3547d16444b0010050342e2558415742ed2639e374facee55"
2025-01-30 04:06:51,825 INFO c.h.h.t.HelmChartContainer - [K3S] [scope.go:117] "RemoveContainer" containerID="5855941fa3b657b33f102ee867fb42d8ae1df56d07fe8e2a3de5a6b5e6176b14"
2025-01-30 04:06:51,826 INFO c.h.h.t.HelmChartContainer - [K3S] [scope.go:117] "RemoveContainer" containerID="529c3ed5bcef29c3547d16444b0010050342e2558415742ed2639e374facee55"
2025-01-30 04:06:51,947 INFO c.h.h.t.HelmChartContainer - Namespace 'helmmqttit' deleted
2025-01-30 04:06:51,947 INFO c.h.h.t.HelmChartContainer - Release 'test-hivemq-platform' in namespace 'helmmqttit' is uninstalled
2025-01-30 04:06:51,947 INFO c.h.h.t.HelmChartContainer - Uninstalling release 'test-hivemq-platform-operator' in namespace 'helmmqttit-operator'...
2025-01-30 04:06:51,947 DEBUG c.h.h.t.HelmChartContainer - Executing helm command: /bin/helm --kubeconfig /etc/rancher/k3s/k3s.yaml uninstall test-hivemq-platform-operator  --wait --timeout 5m0s --cascade foreground --namespace helmmqttit-operator
2025-01-30 04:06:52,048 INFO c.h.h.t.HelmChartContainer - [K3S] [kubelet_volumes.go:163] "Cleaned up orphaned pod volumes dir" podUID="0f3c40f6-9802-413f-9dd4-338d265de327" path="/var/lib/kubelet/pods/0f3c40f6-9802-413f-9dd4-338d265de327/volumes"
2025-01-30 04:06:52,103 INFO c.h.h.t.HelmChartContainer - [K3S] [replica_set.go:679] "Finished syncing" kind="ReplicaSet" key="helmmqttit-operator/hivemq-test-hivemq-platform-operator-6966f96d65" duration="7.712423ms"
2025-01-30 04:06:52,105 INFO c.h.h.t.HelmChartContainer - [K3S] [replica_set.go:679] "Finished syncing" kind="ReplicaSet" key="helmmqttit-operator/hivemq-test-hivemq-platform-operator-6966f96d65" duration="55.163µs"
2025-01-30 04:06:52,123 INFO c.h.h.t.HelmChartContainer - [POD] hivemq-test-hivemq-platform-operator-6966f96d65-v96sf [642736cb-49ce-4dce-80aa-e211b4846a64] in helmmqttit-operator was MODIFIED
2025-01-30 04:06:52,133 INFO c.h.h.t.HelmChartContainer - [EVENT] Normal [Killing] Stopping container hivemq-platform-operator [helmmqttit-operator:hivemq-test-hivemq-platform-operator-6966f96d65-v96sf]
2025-01-30 04:06:52,133 INFO c.h.h.t.HelmChartContainer - Received Killing event for container hivemq-platform-operator in pod hivemq-test-hivemq-platform-operator-6966f96d65-v96sf [642736cb-49ce-4dce-80aa-e211b4846a64]
2025-01-30 04:06:52,133 INFO c.h.h.t.HelmChartContainer - Container [hivemq-test-hivemq-platform-operator-6966f96d65-v96sf] [hivemq-platform-operator] [642736cb-49ce-4dce-80aa-e211b4846a64] was terminated
2025-01-30 04:06:52,133 INFO c.h.h.t.HelmChartContainer - Stopped log watcher for hivemq-platform-operator in pod hivemq-test-hivemq-platform-operator-6966f96d65-v96sf [642736cb-49ce-4dce-80aa-e211b4846a64]
2025-01-30 04:06:52,134 INFO c.h.h.t.HelmChartContainer - [K3S] [replica_set.go:679] "Finished syncing" kind="ReplicaSet" key="helmmqttit-operator/hivemq-test-hivemq-platform-operator-6966f96d65" duration="8.319312ms"
2025-01-30 04:06:52,134 INFO c.h.h.t.HelmChartContainer - [K3S] [replica_set.go:679] "Finished syncing" kind="ReplicaSet" key="helmmqttit-operator/hivemq-test-hivemq-platform-operator-6966f96d65" duration="30.226µs"
2025-01-30 04:06:52,141 INFO c.h.h.t.HelmChartContainer - [hivemq-test-hivemq-platform] [hivemq-platform-operator] [642736cb] 04:06:52.137 [application-shutdown-thread] INFO  c.h.p.o.HiveMQPlatformOperatorApplication - HiveMQ Platform Operator is stopping...
2025-01-30 04:06:52,142 INFO c.h.h.t.HelmChartContainer - [hivemq-test-hivemq-platform] [hivemq-platform-operator] [642736cb] 04:06:52.137 [application-shutdown-thread] INFO  i.javaoperatorsdk.operator.Operator - Operator SDK 4.9.7 is shutting down...
2025-01-30 04:06:52,612 INFO c.h.h.t.HelmChartContainer - [EVENT] Warning [Unhealthy] Readiness probe failed: Get "http://10.42.0.12:8080/health/readiness": dial tcp 10.42.0.12:8080: connect: connection refused [helmmqttit-operator:hivemq-test-hivemq-platform-operator-6966f96d65-v96sf]
2025-01-30 04:06:52,612 INFO c.h.h.t.HelmChartContainer - Received Unhealthy event for container hivemq-platform-operator in pod hivemq-test-hivemq-platform-operator-6966f96d65-v96sf [642736cb-49ce-4dce-80aa-e211b4846a64]
2025-01-30 04:06:52,768 INFO c.h.h.t.HelmChartContainer - [K3S] [replica_set.go:679] "Finished syncing" kind="ReplicaSet" key="helmmqttit-operator/hivemq-test-hivemq-platform-operator-6966f96d65" duration="39.033µs"
2025-01-30 04:06:52,769 INFO c.h.h.t.HelmChartContainer - [POD] hivemq-test-hivemq-platform-operator-6966f96d65-v96sf [642736cb-49ce-4dce-80aa-e211b4846a64] in helmmqttit-operator was MODIFIED
2025-01-30 04:06:52,873 INFO c.h.h.t.HelmChartContainer - [K3S] [reconciler_common.go:162] "operationExecutor.UnmountVolume started for volume \"kube-api-access-k8k29\" (UniqueName: \"kubernetes.io/projected/642736cb-49ce-4dce-80aa-e211b4846a64-kube-api-access-k8k29\") pod \"642736cb-49ce-4dce-80aa-e211b4846a64\" (UID: \"642736cb-49ce-4dce-80aa-e211b4846a64\") "
2025-01-30 04:06:52,974 INFO c.h.h.t.HelmChartContainer - [K3S] [reconciler_common.go:299] "Volume detached for volume \"kube-api-access-k8k29\" (UniqueName: \"kubernetes.io/projected/642736cb-49ce-4dce-80aa-e211b4846a64-kube-api-access-k8k29\") on node \"969b9ea92551\" DevicePath \"\""
2025-01-30 04:06:53,731 INFO c.h.h.t.HelmChartContainer - [K3S] [scope.go:117] "RemoveContainer" containerID="336bb2f349f18c15d8a49117bb3bef02ffb80f72ced6ceee11581d89a76bff24"
2025-01-30 04:06:53,742 INFO c.h.h.t.HelmChartContainer - [K3S] [replica_set.go:679] "Finished syncing" kind="ReplicaSet" key="helmmqttit-operator/hivemq-test-hivemq-platform-operator-6966f96d65" duration="42.348µs"
2025-01-30 04:06:53,742 INFO c.h.h.t.HelmChartContainer - [POD] hivemq-test-hivemq-platform-operator-6966f96d65-v96sf [642736cb-49ce-4dce-80aa-e211b4846a64] in helmmqttit-operator was MODIFIED
2025-01-30 04:06:53,744 INFO c.h.h.t.HelmChartContainer - [POD] hivemq-test-hivemq-platform-operator-6966f96d65-v96sf [642736cb-49ce-4dce-80aa-e211b4846a64] in helmmqttit-operator was DELETED
2025-01-30 04:06:53,744 INFO c.h.h.t.HelmChartContainer - [K3S] [replica_set.go:679] "Finished syncing" kind="ReplicaSet" key="helmmqttit-operator/hivemq-test-hivemq-platform-operator-6966f96d65" duration="28.704µs"
2025-01-30 04:06:53,755 INFO c.h.h.t.HelmChartContainer - [K3S] [replica_set.go:679] "Finished syncing" kind="ReplicaSet" key="helmmqttit-operator/hivemq-test-hivemq-platform-operator-6966f96d65" duration="5.791µs"
2025-01-30 04:06:54,047 INFO c.h.h.t.HelmChartContainer - [K3S] [kubelet_volumes.go:163] "Cleaned up orphaned pod volumes dir" podUID="642736cb-49ce-4dce-80aa-e211b4846a64" path="/var/lib/kubelet/pods/642736cb-49ce-4dce-80aa-e211b4846a64/volumes"
2025-01-30 04:06:54,148 INFO c.h.h.t.HelmChartContainer - Deleting namespace 'helmmqttit-operator'...
2025-01-30 04:06:56,914 INFO c.h.h.t.HelmChartContainer - [K3S] [namespace_controller.go:187] "Namespace has been deleted" namespace="helmmqttit"
2025-01-30 04:06:59,363 INFO c.h.h.t.HelmChartContainer - Namespace 'helmmqttit-operator' deleted
2025-01-30 04:06:59,363 INFO c.h.h.t.HelmChartContainer - Release 'test-hivemq-platform-operator' in namespace 'helmmqttit-operator' is uninstalled
2025-01-30 04:07:00,064 INFO c.h.helmcharts.AbstractHelmChartIT - Removed unused containers:

2025-01-30 04:07:04,270 INFO c.h.h.t.HelmChartContainer - [K3S] [namespace_controller.go:187] "Namespace has been deleted" namespace="helmmqttit-operator"
2025-01-30 04:07:07,615 INFO c.h.helmcharts.AbstractHelmChartIT - Removed unused snapshots:
Removing snapshot sha256:03af251906410714c5aef9fa705b63f6bbc39c4a5e787de7361eeb18886c2ed2
Removing snapshot sha256:0c46b3b43cce082ce5ec34ffc6c294e0417d17b9d1e6f366d114b6aadc4f96dc
Removing snapshot sha256:0ce761beee59082d6ed5bcebd3a805b8ddd9b3426b617e4809e7fb7c6587ffec
Removing snapshot sha256:0df91287303208332c8ff6ba40ae4710105201739addbfbddfb955f1ad593664
Removing snapshot sha256:1021ef88c7974bfff89c5a0ec4fd3160daac6c48a075f74cff721f85dd104e68
Removing snapshot sha256:10aba4953ddc18145dd38e3704709bc464aa20af60b56fe52caaff4b68411e62
Removing snapshot sha256:1ef7f8e98416b809d2bb6f5770983576abfd6a3490ce1e168a21bf57f55c4900
Removing snapshot sha256:2573e0d8158209ed54ab25c87bcdcb00bd3d2539246960a3d592a1c599d70465
Removing snapshot sha256:362a8a37f8bbc31925a8146adcf7cf51f9882f5c1dcbef67c5baa03a297543c0
Removing snapshot sha256:3fa4ad33f0ddc8fd45b39b6b4640f82a3a83619606cd975bfe89d8710ad2d4cd
Removing snapshot sha256:43a7c979bbaba6838bc3102d6b10a1459f3ab050b87ccdfef84ef90cf43d3058
Removing snapshot sha256:4ab04491cdf0d3267f08206fe30bd48f49f94b9cab2f016d6739220f722a64af
Removing snapshot sha256:4b6068250e89c96f263060261819c7d912855bfbd64b3eb4c4a8483299b8c295
Removing snapshot sha256:4de96acac9a3a64de61473656a36d864130681bc4087dd1eb8432322abfca7c8
Removing snapshot sha256:580e69a0a8034ede1921139bbd2bfb72a69ebf276d008281896c32dd8bf74775
Removing snapshot sha256:5d30ba46b27fe37484567ccc5242cadc78217b8da605f3f195ef25cbf7487904
Removing snapshot sha256:63ca1fbb43ae5034640e5e6cb3e083e05c290072c5366fcaa9d62435a4cced85
Removing snapshot sha256:67f702c6baae873bceb19487c8b1f27bd2b86077e4f2f0e480e6d60ab508b8f5
Removing snapshot sha256:6864348dd42806d552efdec384f1274be15e2d0c10ce44c1f04347af004c10a9
Removing snapshot sha256:6c7dee8f2c39b84b7dc2711c01d33de93514d9055499173e9290176fbe484b6c
Removing snapshot sha256:82753493a6d61ded36556292f02f31841a14c20d2f279f19eaad65afb661d5cd
Removing snapshot sha256:8a10d3db42c505ee0fcfa98417bdd7e39b304f6bcc0a06bb1b220797ff2cc63c
Removing snapshot sha256:a21e5b12dbac529ad45d976eb9ce45c881f3bedcc500fb30aba1e52aa1813418
Removing snapshot sha256:b921e6c28969094157f9b8e7244677780319637afd14450b7cb6b2fdea558a0c
Removing snapshot sha256:bc27ecb5769a00e309cf99ebc763c4a4b958b618d1decc96ffac5bc05f02f5b7
Removing snapshot sha256:be3ccb6627a5332e309d45ef461d09b4879dd870c7394d89323d0ebc6ca6aa8a
Removing snapshot sha256:c261f7cbbc64211ee175ee47273acdb7b1a36a4450b397a064a8f2c026490095
Removing snapshot sha256:c34d9393647eea0c9e3557ab988efaf59f61d10a2a5613b439ef0958cca5ec10
Removing snapshot sha256:ccf3c4a0fa967a41c1c83497a2ce6fa5787965859df0adb32c4ca2cf7490bc2b
Removing snapshot sha256:cf92d33f869417309692088c341cd0f223c178ea78a125f757317b22aa8f90e9
Removing snapshot sha256:d0037344cf2fb078884f1849f6a1f8cf9a33a3b6139b6a85833e5ee528e1f9a8
Removing snapshot sha256:d3b36d5b79273b1e98e7700470eaeff05a882e777124d84cebcc1505b85ecb36
Removing snapshot sha256:d65a44a37914602d12c611e5e22a50f11451d847e63015cc1c2aef92dee777a4
Removing snapshot sha256:e2dc0bae2455930f23ae570e019b7f32edc75c0f2d71cab084db837ff9051796
Removing snapshot sha256:eccbd24a99c60cd9e86ee5305dbfc4a4dc89f5ab4fb1f06c8d64797cecedef34
Removing snapshot sha256:f144bb4c7c7f0d2aa7eeffd36d934ec40db1ee167be727e326aad9fdc616f475

]]></system-out>
  </testcase>
  <testcase name="platformChart_whenMqttEnabled_thenSendsReceivesMessage()" classname="com.hivemq.helmcharts.services.HelmMqttIT" time="97.109">
    <system-out><![CDATA[2025-01-30 04:07:07,617 INFO c.h.h.t.HelmChartContainer - Creating namespace 'helmmqttit-operator'...
2025-01-30 04:07:07,633 INFO c.h.h.t.HelmChartContainer - Namespace 'helmmqttit-operator' created
2025-01-30 04:07:07,633 INFO c.h.h.t.HelmChartContainer - Creating namespace 'helmmqttit'...
2025-01-30 04:07:07,640 INFO c.h.h.t.HelmChartContainer - Namespace 'helmmqttit' created
2025-01-30 04:07:07,713 DEBUG c.h.h.t.HelmChartContainer - Executing helm command: /bin/helm --kubeconfig /etc/rancher/k3s/k3s.yaml install test-hivemq-platform-operator /charts/hivemq-platform-operator --wait --timeout 5m0s --set image.repository=docker.io/hivemq --set image.name=hivemq-platform-operator-test --set image.initImageName=hivemq-platform-operator-init-test --set image.tag=snapshot --set image.pullPolicy=Never --set logLevel=DEBUG --set resources.cpu=512m --namespace helmmqttit-operator
2025-01-30 04:07:08,013 INFO c.h.h.t.HelmChartContainer - [K3S] [alloc.go:330] "allocated clusterIPs" service="helmmqttit-operator/hivemq-platform-operator-test-hivemq-platform-operator" clusterIPs={"IPv4":"10.43.124.223"}
2025-01-30 04:07:08,030 INFO c.h.h.t.HelmChartContainer - [EVENT] Normal [ScalingReplicaSet] Scaled up replica set hivemq-test-hivemq-platform-operator-6966f96d65 from 0 to 1 [helmmqttit-operator:hivemq-test-hivemq-platform-operator]
2025-01-30 04:07:08,041 INFO c.h.h.t.HelmChartContainer - [POD] hivemq-test-hivemq-platform-operator-6966f96d65-c94g6 [fe9acb5f-78be-4bab-b0a5-b88b518bd993] in helmmqttit-operator was ADDED
2025-01-30 04:07:08,046 INFO c.h.h.t.HelmChartContainer - [K3S] [replica_set.go:679] "Finished syncing" kind="ReplicaSet" key="helmmqttit-operator/hivemq-test-hivemq-platform-operator-6966f96d65" duration="19.886467ms"
2025-01-30 04:07:08,049 INFO c.h.h.t.HelmChartContainer - [EVENT] Normal [SuccessfulCreate] Created pod: hivemq-test-hivemq-platform-operator-6966f96d65-c94g6 [helmmqttit-operator:hivemq-test-hivemq-platform-operator-6966f96d65]
2025-01-30 04:07:08,055 INFO c.h.h.t.HelmChartContainer - [POD] hivemq-test-hivemq-platform-operator-6966f96d65-c94g6 [fe9acb5f-78be-4bab-b0a5-b88b518bd993] in helmmqttit-operator was MODIFIED
2025-01-30 04:07:08,056 INFO c.h.h.t.HelmChartContainer - [K3S] [memory_manager.go:355] "RemoveStaleState removing state" podUID="0f3c40f6-9802-413f-9dd4-338d265de327" containerName="hivemq"
2025-01-30 04:07:08,057 INFO c.h.h.t.HelmChartContainer - [K3S] [memory_manager.go:355] "RemoveStaleState removing state" podUID="642736cb-49ce-4dce-80aa-e211b4846a64" containerName="hivemq-platform-operator"
2025-01-30 04:07:08,059 INFO c.h.h.t.HelmChartContainer - [EVENT] Normal [Scheduled] Successfully assigned helmmqttit-operator/hivemq-test-hivemq-platform-operator-6966f96d65-c94g6 to 969b9ea92551 [helmmqttit-operator:hivemq-test-hivemq-platform-operator-6966f96d65-c94g6]
2025-01-30 04:07:08,070 INFO c.h.h.t.HelmChartContainer - [POD] hivemq-test-hivemq-platform-operator-6966f96d65-c94g6 [fe9acb5f-78be-4bab-b0a5-b88b518bd993] in helmmqttit-operator was MODIFIED
2025-01-30 04:07:08,070 INFO c.h.h.t.HelmChartContainer - [K3S] [replica_set.go:679] "Finished syncing" kind="ReplicaSet" key="helmmqttit-operator/hivemq-test-hivemq-platform-operator-6966f96d65" duration="24.82487ms"
2025-01-30 04:07:08,086 INFO c.h.h.t.HelmChartContainer - [K3S] [replica_set.go:679] "Finished syncing" kind="ReplicaSet" key="helmmqttit-operator/hivemq-test-hivemq-platform-operator-6966f96d65" duration="16.073503ms"
2025-01-30 04:07:08,086 INFO c.h.h.t.HelmChartContainer - [K3S] [replica_set.go:679] "Finished syncing" kind="ReplicaSet" key="helmmqttit-operator/hivemq-test-hivemq-platform-operator-6966f96d65" duration="39.273µs"
2025-01-30 04:07:08,159 INFO c.h.h.t.HelmChartContainer - [K3S] [reconciler_common.go:251] "operationExecutor.VerifyControllerAttachedVolume started for volume \"kube-api-access-29kmr\" (UniqueName: \"kubernetes.io/projected/fe9acb5f-78be-4bab-b0a5-b88b518bd993-kube-api-access-29kmr\") pod \"hivemq-test-hivemq-platform-operator-6966f96d65-c94g6\" (UID: \"fe9acb5f-78be-4bab-b0a5-b88b518bd993\") " pod="helmmqttit-operator/hivemq-test-hivemq-platform-operator-6966f96d65-c94g6"
2025-01-30 04:07:08,454 INFO c.h.h.t.HelmChartContainer - [EVENT] Normal [Pulled] Container image "docker.io/hivemq/hivemq-platform-operator-test:snapshot" already present on machine [helmmqttit-operator:hivemq-test-hivemq-platform-operator-6966f96d65-c94g6]
2025-01-30 04:07:08,454 INFO c.h.h.t.HelmChartContainer - Received Pulled event for container hivemq-platform-operator in pod hivemq-test-hivemq-platform-operator-6966f96d65-c94g6 [fe9acb5f-78be-4bab-b0a5-b88b518bd993]
2025-01-30 04:07:09,688 INFO c.h.h.t.HelmChartContainer - [EVENT] Normal [Created] Created container: hivemq-platform-operator [helmmqttit-operator:hivemq-test-hivemq-platform-operator-6966f96d65-c94g6]
2025-01-30 04:07:09,688 INFO c.h.h.t.HelmChartContainer - Received Created event for container hivemq-platform-operator in pod hivemq-test-hivemq-platform-operator-6966f96d65-c94g6 [fe9acb5f-78be-4bab-b0a5-b88b518bd993]
2025-01-30 04:07:09,772 INFO c.h.h.t.HelmChartContainer - [K3S] [replica_set.go:679] "Finished syncing" kind="ReplicaSet" key="helmmqttit-operator/hivemq-test-hivemq-platform-operator-6966f96d65" duration="35.757µs"
2025-01-30 04:07:09,773 INFO c.h.h.t.HelmChartContainer - [POD] hivemq-test-hivemq-platform-operator-6966f96d65-c94g6 [fe9acb5f-78be-4bab-b0a5-b88b518bd993] in helmmqttit-operator was MODIFIED
2025-01-30 04:07:09,782 INFO c.h.h.t.HelmChartContainer - Started log watcher for hivemq-platform-operator in pod hivemq-test-hivemq-platform-operator-6966f96d65-c94g6 [fe9acb5f-78be-4bab-b0a5-b88b518bd993]
2025-01-30 04:07:09,782 INFO c.h.h.t.HelmChartContainer - [EVENT] Normal [Started] Started container hivemq-platform-operator [helmmqttit-operator:hivemq-test-hivemq-platform-operator-6966f96d65-c94g6]
2025-01-30 04:07:09,782 INFO c.h.h.t.HelmChartContainer - Received Started event for container hivemq-platform-operator in pod hivemq-test-hivemq-platform-operator-6966f96d65-c94g6 [fe9acb5f-78be-4bab-b0a5-b88b518bd993]
2025-01-30 04:07:09,782 INFO c.h.h.t.HelmChartContainer - [hivemq-test-hivemq-platform] [hivemq-platform-operator] [fe9acb5f] -------------------------------------------------------------------------
2025-01-30 04:07:09,782 INFO c.h.h.t.HelmChartContainer - [hivemq-test-hivemq-platform] [hivemq-platform-operator] [fe9acb5f] 
2025-01-30 04:07:09,782 INFO c.h.h.t.HelmChartContainer - [hivemq-test-hivemq-platform] [hivemq-platform-operator] [fe9acb5f]                   _    _  _              __  __   ____
2025-01-30 04:07:09,782 INFO c.h.h.t.HelmChartContainer - [hivemq-test-hivemq-platform] [hivemq-platform-operator] [fe9acb5f]                  | |  | |(_)            |  \/  | / __ \
2025-01-30 04:07:09,782 INFO c.h.h.t.HelmChartContainer - [hivemq-test-hivemq-platform] [hivemq-platform-operator] [fe9acb5f]                  | |__| | _ __   __ ___ | \  / || |  | |
2025-01-30 04:07:09,782 INFO c.h.h.t.HelmChartContainer - [hivemq-test-hivemq-platform] [hivemq-platform-operator] [fe9acb5f]                  |  __  || |\ \ / // _ \| |\/| || |  | |
2025-01-30 04:07:09,782 INFO c.h.h.t.HelmChartContainer - [hivemq-test-hivemq-platform] [hivemq-platform-operator] [fe9acb5f]                  | |  | || | \ V /|  __/| |  | || |__| |
2025-01-30 04:07:09,782 INFO c.h.h.t.HelmChartContainer - [hivemq-test-hivemq-platform] [hivemq-platform-operator] [fe9acb5f]                  |_|  |_||_|  \_/  \___||_|  |_| \___\_\
2025-01-30 04:07:09,782 INFO c.h.h.t.HelmChartContainer - [hivemq-test-hivemq-platform] [hivemq-platform-operator] [fe9acb5f] 
2025-01-30 04:07:09,782 INFO c.h.h.t.HelmChartContainer - [hivemq-test-hivemq-platform] [hivemq-platform-operator] [fe9acb5f] -------------------------------------------------------------------------
2025-01-30 04:07:09,782 INFO c.h.h.t.HelmChartContainer - [hivemq-test-hivemq-platform] [hivemq-platform-operator] [fe9acb5f] 
2025-01-30 04:07:09,782 INFO c.h.h.t.HelmChartContainer - [hivemq-test-hivemq-platform] [hivemq-platform-operator] [fe9acb5f]   HiveMQ Platform Operator Start Script v1.0
2025-01-30 04:07:09,782 INFO c.h.h.t.HelmChartContainer - [hivemq-test-hivemq-platform] [hivemq-platform-operator] [fe9acb5f] 
2025-01-30 04:07:09,782 INFO c.h.h.t.HelmChartContainer - [hivemq-test-hivemq-platform] [hivemq-platform-operator] [fe9acb5f] -------------------------------------------------------------------------
2025-01-30 04:07:09,782 INFO c.h.h.t.HelmChartContainer - [hivemq-test-hivemq-platform] [hivemq-platform-operator] [fe9acb5f] 
2025-01-30 04:07:09,782 INFO c.h.h.t.HelmChartContainer - [hivemq-test-hivemq-platform] [hivemq-platform-operator] [fe9acb5f]   JAVA_OPTS: -XX:+UnlockExperimentalVMOptions -XX:InitialRAMPercentage=75 -XX:MaxRAMPercentage=75 -Duser.language=en -Duser.region=US
2025-01-30 04:07:09,782 INFO c.h.h.t.HelmChartContainer - [hivemq-test-hivemq-platform] [hivemq-platform-operator] [fe9acb5f] 
2025-01-30 04:07:09,782 INFO c.h.h.t.HelmChartContainer - [hivemq-test-hivemq-platform] [hivemq-platform-operator] [fe9acb5f]   JAVA_VERSION: 21
2025-01-30 04:07:09,782 INFO c.h.h.t.HelmChartContainer - [hivemq-test-hivemq-platform] [hivemq-platform-operator] [fe9acb5f] 
2025-01-30 04:07:09,782 INFO c.h.h.t.HelmChartContainer - [hivemq-test-hivemq-platform] [hivemq-platform-operator] [fe9acb5f] -------------------------------------------------------------------------
2025-01-30 04:07:09,782 INFO c.h.h.t.HelmChartContainer - [hivemq-test-hivemq-platform] [hivemq-platform-operator] [fe9acb5f] 
2025-01-30 04:07:13,033 INFO c.h.h.t.HelmChartContainer - [hivemq-test-hivemq-platform] [hivemq-platform-operator] [fe9acb5f] 04:07:13.030 [main] DEBUG org.jboss.logging - Logging Provider: org.jboss.logging.Slf4jLoggerProvider
2025-01-30 04:07:13,134 INFO c.h.h.t.HelmChartContainer - [hivemq-test-hivemq-platform] [hivemq-platform-operator] [fe9acb5f] 04:07:13.133 [main] DEBUG io.smallrye.config - SRCFG01006: Loaded ConfigSource SysPropConfigSource with ordinal 400
2025-01-30 04:07:13,135 INFO c.h.h.t.HelmChartContainer - [hivemq-test-hivemq-platform] [hivemq-platform-operator] [fe9acb5f] 04:07:13.133 [main] DEBUG io.smallrye.config - SRCFG01006: Loaded ConfigSource EnvConfigSource with ordinal 300
2025-01-30 04:07:13,135 INFO c.h.h.t.HelmChartContainer - [hivemq-test-hivemq-platform] [hivemq-platform-operator] [fe9acb5f] 04:07:13.133 [main] DEBUG io.smallrye.config - SRCFG01006: Loaded ConfigSource PropertiesConfigSource[source=jar:file:///opt/hivemq-platform-operator/bin/hivemq-platform-operator.jar!/hivemq-platform-operator.properties] with ordinal 100
2025-01-30 04:07:13,135 INFO c.h.h.t.HelmChartContainer - [hivemq-test-hivemq-platform] [hivemq-platform-operator] [fe9acb5f] 04:07:13.134 [main] DEBUG io.smallrye.config - SRCFG01006: Loaded ConfigSource DefaultValuesConfigSource with ordinal -2147483648
2025-01-30 04:07:13,238 INFO c.h.h.t.HelmChartContainer - [hivemq-test-hivemq-platform] [hivemq-platform-operator] [fe9acb5f] 04:07:13.237 [main] DEBUG i.m.c.u.i.l.InternalLoggerFactory - Using SLF4J as the default logging framework
2025-01-30 04:07:13,340 INFO c.h.h.t.HelmChartContainer - [hivemq-test-hivemq-platform] [hivemq-platform-operator] [fe9acb5f] 04:07:13.334 [main] INFO  c.h.p.o.HiveMQPlatformOperatorApplication - HiveMQ Platform Operator 1.7.0-SNAPSHOT (commit: 47e3375 on branch: HEAD) built on Thu Jan 30 03:55:50 UTC 2025
2025-01-30 04:07:13,342 INFO c.h.h.t.HelmChartContainer - [hivemq-test-hivemq-platform] [hivemq-platform-operator] [fe9acb5f] 04:07:13.340 [main] INFO  c.h.p.o.HiveMQPlatformOperatorApplication - HiveMQ Platform Operator is running in namespace: helmmqttit-operator
2025-01-30 04:07:13,342 INFO c.h.h.t.HelmChartContainer - [hivemq-test-hivemq-platform] [hivemq-platform-operator] [fe9acb5f] 04:07:13.340 [main] INFO  c.h.p.o.HiveMQPlatformOperatorApplication - Watching all namespaces
2025-01-30 04:07:13,342 INFO c.h.h.t.HelmChartContainer - [hivemq-test-hivemq-platform] [hivemq-platform-operator] [fe9acb5f] 04:07:13.340 [main] INFO  c.h.p.o.HiveMQPlatformOperatorApplication - Log level: DEBUG
2025-01-30 04:07:13,342 INFO c.h.h.t.HelmChartContainer - [hivemq-test-hivemq-platform] [hivemq-platform-operator] [fe9acb5f] 04:07:13.340 [main] INFO  c.h.p.o.HiveMQPlatformOperatorApplication - Release name: test-hivemq-platform-operator
2025-01-30 04:07:13,342 INFO c.h.h.t.HelmChartContainer - [hivemq-test-hivemq-platform] [hivemq-platform-operator] [fe9acb5f] 04:07:13.340 [main] INFO  c.h.p.o.HiveMQPlatformOperatorApplication - HiveMQ Platform Operator Init image: docker.io/hivemq/hivemq-platform-operator-init-test:snapshot
2025-01-30 04:07:13,342 INFO c.h.h.t.HelmChartContainer - [hivemq-test-hivemq-platform] [hivemq-platform-operator] [fe9acb5f] 04:07:13.340 [main] INFO  c.h.p.o.HiveMQPlatformOperatorApplication - HiveMQ Platform Operator Init App update URL: http://hivemq-platform-operator-test-hivemq-platform-operator.helmmqttit-operator.svc:8080/initAppUpdate/hivemq-platform-operator-init-app-1.7.0-SNAPSHOT.jar
2025-01-30 04:07:13,342 INFO c.h.h.t.HelmChartContainer - [hivemq-test-hivemq-platform] [hivemq-platform-operator] [fe9acb5f] 04:07:13.340 [main] INFO  c.h.p.o.HiveMQPlatformOperatorApplication - Additional imagePullSecret for all Platform deployments: none
2025-01-30 04:07:13,342 INFO c.h.h.t.HelmChartContainer - [hivemq-test-hivemq-platform] [hivemq-platform-operator] [fe9acb5f] 04:07:13.340 [main] INFO  c.h.p.o.HiveMQPlatformOperatorApplication - Apply HiveMQ Platform CRD: true
2025-01-30 04:07:13,342 INFO c.h.h.t.HelmChartContainer - [hivemq-test-hivemq-platform] [hivemq-platform-operator] [fe9acb5f] 04:07:13.340 [main] INFO  c.h.p.o.HiveMQPlatformOperatorApplication - Create Platform ServiceAccount: true
2025-01-30 04:07:13,342 INFO c.h.h.t.HelmChartContainer - [hivemq-test-hivemq-platform] [hivemq-platform-operator] [fe9acb5f] 04:07:13.340 [main] INFO  c.h.p.o.HiveMQPlatformOperatorApplication - Create Platform ServiceAccount permissions: true
2025-01-30 04:07:13,342 INFO c.h.h.t.HelmChartContainer - [hivemq-test-hivemq-platform] [hivemq-platform-operator] [fe9acb5f] 04:07:13.340 [main] INFO  c.h.p.o.HiveMQPlatformOperatorApplication - Validate Platform ServiceAccount: true
2025-01-30 04:07:13,342 INFO c.h.h.t.HelmChartContainer - [hivemq-test-hivemq-platform] [hivemq-platform-operator] [fe9acb5f] 04:07:13.340 [main] INFO  c.h.p.o.HiveMQPlatformOperatorApplication - Validate Platform ServiceAccount permissions: true
2025-01-30 04:07:13,540 INFO c.h.h.t.HelmChartContainer - [hivemq-test-hivemq-platform] [hivemq-platform-operator] [fe9acb5f] 04:07:13.538 [main] INFO  c.h.platform.operator.util.CRDUtil - Verifying deployed HiveMQ Platform CRD...
2025-01-30 04:07:15,894 INFO c.h.h.t.HelmChartContainer - [hivemq-test-hivemq-platform] [hivemq-platform-operator] [fe9acb5f] 04:07:15.893 [main] DEBUG c.h.platform.operator.util.CRDUtil - HiveMQ Platform CRD version v1 is up to date
2025-01-30 04:07:15,894 INFO c.h.h.t.HelmChartContainer - [hivemq-test-hivemq-platform] [hivemq-platform-operator] [fe9acb5f] 04:07:15.893 [main] INFO  c.h.platform.operator.util.CRDUtil - HiveMQ Platform CRD is up to date (version: V1_6_0)
2025-01-30 04:07:15,894 INFO c.h.h.t.HelmChartContainer - [hivemq-test-hivemq-platform] [hivemq-platform-operator] [fe9acb5f] 04:07:15.893 [main] INFO  c.h.platform.operator.util.CRDUtil - Waiting 10000 ms for HiveMQ Platform CRD 'hivemq-platforms.hivemq.com' to become ready...
2025-01-30 04:07:16,139 INFO c.h.h.t.HelmChartContainer - [hivemq-test-hivemq-platform] [hivemq-platform-operator] [fe9acb5f] 04:07:16.138 [vert.x-eventloop-thread-1] DEBUG c.h.platform.operator.util.CRDUtil - Checking CRD condition 'NamesAccepted' (status: 'True')
2025-01-30 04:07:16,141 INFO c.h.h.t.HelmChartContainer - [hivemq-test-hivemq-platform] [hivemq-platform-operator] [fe9acb5f] 04:07:16.138 [vert.x-eventloop-thread-1] DEBUG c.h.platform.operator.util.CRDUtil - Checking CRD condition 'Established' (status: 'True')
2025-01-30 04:07:16,141 INFO c.h.h.t.HelmChartContainer - [hivemq-test-hivemq-platform] [hivemq-platform-operator] [fe9acb5f] 04:07:16.139 [main] INFO  c.h.platform.operator.util.CRDUtil - HiveMQ Platform CRD 'hivemq-platforms.hivemq.com' is ready
2025-01-30 04:07:16,326 INFO c.h.h.t.HelmChartContainer - [hivemq-test-hivemq-platform] [hivemq-platform-operator] [fe9acb5f] 04:07:16.325 [main] INFO  c.h.p.o.HiveMQPlatformReconciler - HiveMQ Platform Operator is starting...
2025-01-30 04:07:16,425 INFO c.h.h.t.HelmChartContainer - [hivemq-test-hivemq-platform] [hivemq-platform-operator] [fe9acb5f] 04:07:16.424 [main] WARN  Default ConfigurationService implementation - Configuration for reconciler 'hivemq-controller' was not found. Known reconcilers: None.
2025-01-30 04:07:16,432 INFO c.h.h.t.HelmChartContainer - [hivemq-test-hivemq-platform] [hivemq-platform-operator] [fe9acb5f] 04:07:16.432 [main] INFO  Default ConfigurationService implementation - Created configuration for reconciler com.hivemq.platform.operator.HiveMQPlatformReconciler with name hivemq-controller
2025-01-30 04:07:16,532 INFO c.h.h.t.HelmChartContainer - [hivemq-test-hivemq-platform] [hivemq-platform-operator] [fe9acb5f] 04:07:16.531 [main] DEBUG c.h.p.o.HiveMQPlatformReconciler - HiveMQ Platform Operator is preparing EventSources
2025-01-30 04:07:16,544 INFO c.h.h.t.HelmChartContainer - [hivemq-test-hivemq-platform] [hivemq-platform-operator] [fe9acb5f] 04:07:16.543 [main] INFO  i.javaoperatorsdk.operator.Operator - Registered reconciler: 'hivemq-controller' for resource: 'class com.hivemq.platform.operator.v1.HiveMQPlatform' for namespace(s): [all namespaces]
2025-01-30 04:07:17,129 INFO c.h.h.t.HelmChartContainer - [hivemq-test-hivemq-platform] [hivemq-platform-operator] [fe9acb5f] 04:07:17.128 [main] INFO  c.h.p.operator.webserver.JettyServer - Starting Jetty server on port 8080
2025-01-30 04:07:17,225 INFO c.h.h.t.HelmChartContainer - [hivemq-test-hivemq-platform] [hivemq-platform-operator] [fe9acb5f] 04:07:17.224 [main] INFO  i.javaoperatorsdk.operator.Operator - Operator SDK 4.9.7 (commit: 2133d28) built on Wed Nov 20 12:56:20 UTC 2024 starting...
2025-01-30 04:07:17,226 INFO c.h.h.t.HelmChartContainer - [hivemq-test-hivemq-platform] [hivemq-platform-operator] [fe9acb5f] 04:07:17.224 [main] INFO  i.javaoperatorsdk.operator.Operator - Client version: 6.13.5
2025-01-30 04:07:17,226 INFO c.h.h.t.HelmChartContainer - [hivemq-test-hivemq-platform] [hivemq-platform-operator] [fe9acb5f] 04:07:17.226 [Controller Starter for: hivemq-controller] INFO  i.j.operator.processing.Controller - Starting 'hivemq-controller' controller for reconciler: com.hivemq.platform.operator.HiveMQPlatformReconciler, resource: com.hivemq.platform.operator.v1.HiveMQPlatform
2025-01-30 04:07:19,631 INFO c.h.h.t.HelmChartContainer - [hivemq-test-hivemq-platform] [hivemq-platform-operator] [fe9acb5f] 04:07:19.630 [Controller Starter for: hivemq-controller] INFO  i.j.operator.processing.Controller - 'hivemq-controller' controller started
2025-01-30 04:07:19,631 INFO c.h.h.t.HelmChartContainer - [hivemq-test-hivemq-platform] [hivemq-platform-operator] [fe9acb5f] 04:07:19.630 [main] INFO  c.h.p.o.HiveMQPlatformOperatorApplication - HiveMQ Platform Operator 1.7.0-SNAPSHOT started in 6296 ms
2025-01-30 04:07:20,778 INFO c.h.h.t.HelmChartContainer - [POD] hivemq-test-hivemq-platform-operator-6966f96d65-c94g6 [fe9acb5f-78be-4bab-b0a5-b88b518bd993] in helmmqttit-operator was MODIFIED
2025-01-30 04:07:20,784 INFO c.h.h.t.HelmChartContainer - [K3S] [replica_set.go:679] "Finished syncing" kind="ReplicaSet" key="helmmqttit-operator/hivemq-test-hivemq-platform-operator-6966f96d65" duration="10.854781ms"
2025-01-30 04:07:20,785 INFO c.h.h.t.HelmChartContainer - [K3S] [replica_set.go:679] "Finished syncing" kind="ReplicaSet" key="helmmqttit-operator/hivemq-test-hivemq-platform-operator-6966f96d65" duration="40.015µs"
2025-01-30 04:07:22,145 DEBUG c.h.h.t.HelmChartContainer - Executing helm command: /bin/helm --kubeconfig /etc/rancher/k3s/k3s.yaml install test-hivemq-platform /charts/hivemq-platform --wait --timeout 5m0s --set image.repository=docker.io/hivemq --set image.tag=4.36.0 --set image.pullPolicy=Never --set nodes.resources.cpu=512m -f /files/mqtt-values.yaml --namespace helmmqttit
2025-01-30 04:07:22,388 INFO c.h.h.t.HelmChartContainer - [hivemq-test-hivemq-platform] [hivemq-platform-operator] [fe9acb5f] 04:07:22.387 [-2082509879-pool-1-thread-2] WARN  i.m.p.PrometheusMeterRegistry - The meter (MeterId{name='operator.sdk.events.received', tags=[tag(action=ADDED),tag(event=ResourceEvent),tag(group=hivemq.com),tag(kind=HiveMQPlatform),tag(name=test-hivemq-platform),tag(namespace=helmmqttit),tag(scope=namespace),tag(version=v1)]}) registration has failed: Prometheus requires that all meters with the same name have the same set of tag keys. There is already an existing meter named 'operator.sdk.events.received' containing tag keys [event, group, kind, name, namespace, scope, version]. The meter you are attempting to register has keys [action, event, group, kind, name, namespace, scope, version]. Note that subsequent logs will be logged at debug level.
2025-01-30 04:07:22,743 INFO c.h.h.t.HelmChartContainer - [hivemq-test-hivemq-platform] [hivemq-platform-operator] [fe9acb5f] 04:07:22.742 [pool-6-thread-3] DEBUG c.h.p.o.dependants.PodInfoConfigMap - [helmmqtt] Desired PodInfo ConfigMap (1 extensions) (1 enabled)
2025-01-30 04:07:22,827 INFO c.h.h.t.HelmChartContainer - [hivemq-test-hivemq-platform] [hivemq-platform-operator] [fe9acb5f] 04:07:22.824 [pool-6-thread-3] DEBUG c.h.p.o.dependants.PodInfoConfigMap - [helmmqtt] Desired PodInfo ConfigMap (metrics port: 9399) (metrics path: /)
2025-01-30 04:07:22,827 INFO c.h.h.t.HelmChartContainer - [hivemq-test-hivemq-platform] [hivemq-platform-operator] [fe9acb5f] 04:07:22.824 [pool-6-thread-3] DEBUG c.h.p.o.dependants.PodInfoConfigMap - [helmmqtt] Desired PodInfo ConfigMap (extension state hash: -1817474005)
2025-01-30 04:07:22,827 INFO c.h.h.t.HelmChartContainer - [hivemq-test-hivemq-platform] [hivemq-platform-operator] [fe9acb5f] 04:07:22.826 [pool-6-thread-3] DEBUG c.h.p.o.dependants.PodInfoConfigMap - [helmmqtt] Create PodInfo ConfigMap
2025-01-30 04:07:22,929 INFO c.h.h.t.HelmChartContainer - [hivemq-test-hivemq-platform] [hivemq-platform-operator] [fe9acb5f] 04:07:22.926 [pool-6-thread-5] DEBUG c.h.p.o.dependants.PodRoleResource - [helmmqtt] Create Role: Role(apiVersion=rbac.authorization.k8s.io/v1, kind=Role, metadata=ObjectMeta(annotations={meta.helm.sh/release-name=test-hivemq-platform, meta.helm.sh/release-namespace=helmmqttit}, creationTimestamp=null, deletionGracePeriodSeconds=null, deletionTimestamp=null, finalizers=[], generateName=null, generation=null, labels={helm.sh/chart=hivemq-platform-0.2.32, app.kubernetes.io/managed-by=Helm, app.kubernetes.io/name=hivemq-platform, hivemq-platform=test-hivemq-platform, app.kubernetes.io/instance=test-hivemq-platform, app.kubernetes.io/version=4.36.0}, managedFields=[], name=hivemq-platform-role-test-hivemq-platform, namespace=helmmqttit, ownerReferences=[OwnerReference(apiVersion=hivemq.com/v1, blockOwnerDeletion=null, controller=null, kind=HiveMQPlatform, name=test-hivemq-platform, uid=ad4f2003-ea81-43b7-9d33-0a6e8c844a71, additionalProperties={})], resourceVersion=null, selfLink=null, uid=null, additionalProperties={}), rules=[PolicyRule(apiGroups=[], nonResourceURLs=[], resourceNames=[], resources=[pods], verbs=[get, patch, update], additionalProperties={})], additionalProperties={})
2025-01-30 04:07:23,037 INFO c.h.h.t.HelmChartContainer - [hivemq-test-hivemq-platform] [hivemq-platform-operator] [fe9acb5f] 04:07:23.031 [pool-6-thread-7] DEBUG c.h.p.o.d.PodServiceAccountResource - [helmmqtt] Desired PodServiceAccountResource (serviceAccountName: hivemq-platform-pod-test-hivemq-platform)
2025-01-30 04:07:23,038 INFO c.h.h.t.HelmChartContainer - [hivemq-test-hivemq-platform] [hivemq-platform-operator] [fe9acb5f] 04:07:23.032 [pool-6-thread-7] DEBUG c.h.p.o.d.PodServiceAccountResource - [helmmqtt] Create ServiceAccount 'hivemq-platform-pod-test-hivemq-platform'
2025-01-30 04:07:23,134 INFO c.h.h.t.HelmChartContainer - [hivemq-test-hivemq-platform] [hivemq-platform-operator] [fe9acb5f] 04:07:23.132 [pool-6-thread-10] DEBUG c.h.p.o.d.PodRoleBindingResource - [helmmqtt] Create RoleBinding: RoleBinding(apiVersion=rbac.authorization.k8s.io/v1, kind=RoleBinding, metadata=ObjectMeta(annotations={meta.helm.sh/release-name=test-hivemq-platform, meta.helm.sh/release-namespace=helmmqttit}, creationTimestamp=null, deletionGracePeriodSeconds=null, deletionTimestamp=null, finalizers=[], generateName=null, generation=null, labels={helm.sh/chart=hivemq-platform-0.2.32, app.kubernetes.io/managed-by=Helm, app.kubernetes.io/name=hivemq-platform, hivemq-platform=test-hivemq-platform, app.kubernetes.io/instance=test-hivemq-platform, app.kubernetes.io/version=4.36.0}, managedFields=[], name=hivemq-platform-role-binding-test-hivemq-platform, namespace=helmmqttit, ownerReferences=[OwnerReference(apiVersion=hivemq.com/v1, blockOwnerDeletion=null, controller=null, kind=HiveMQPlatform, name=test-hivemq-platform, uid=ad4f2003-ea81-43b7-9d33-0a6e8c844a71, additionalProperties={})], resourceVersion=null, selfLink=null, uid=null, additionalProperties={}), roleRef=RoleRef(apiGroup=rbac.authorization.k8s.io, kind=Role, name=hivemq-platform-role-test-hivemq-platform, additionalProperties={}), subjects=[Subject(apiGroup=null, kind=ServiceAccount, name=hivemq-platform-pod-test-hivemq-platform, namespace=helmmqttit, additionalProperties={})], additionalProperties={})
2025-01-30 04:07:23,150 INFO c.h.h.t.HelmChartContainer - [hivemq-test-hivemq-platform] [hivemq-platform-operator] [fe9acb5f] 04:07:23.150 [ReconcilerExecutor-hivemq-controller-54] INFO  c.h.p.o.HiveMQPlatformReconciler - [helmmqtt] Reconciling HiveMQ Platform 'test-hivemq-platform' in namespace 'helmmqttit'
2025-01-30 04:07:23,151 INFO c.h.h.t.HelmChartContainer - [hivemq-test-hivemq-platform] [hivemq-platform-operator] [fe9acb5f] 04:07:23.150 [ReconcilerExecutor-hivemq-controller-54] DEBUG c.h.p.o.HiveMQPlatformReconciler - [helmmqtt] Custom Resource Status CREATED - HiveMQ Platform was created (READY)
2025-01-30 04:07:23,151 INFO c.h.h.t.HelmChartContainer - [hivemq-test-hivemq-platform] [hivemq-platform-operator] [fe9acb5f] 04:07:23.150 [ReconcilerExecutor-hivemq-controller-54] DEBUG c.h.p.o.HiveMQPlatformReconciler - [helmmqtt] Custom Resource Spec (replicas: 1) (extensions: 1)
2025-01-30 04:07:23,226 INFO c.h.h.t.HelmChartContainer - [hivemq-test-hivemq-platform] [hivemq-platform-operator] [fe9acb5f] 04:07:23.225 [ReconcilerExecutor-hivemq-controller-54] INFO  c.h.p.o.h.HiveMQPlatformReconcilerBaseHandler - [helmmqtt] HiveMQ Platform is starting
2025-01-30 04:07:23,250 INFO c.h.h.t.HelmChartContainer - [hivemq-test-hivemq-platform] [hivemq-platform-operator] [fe9acb5f] 04:07:23.249 [ReconcilerExecutor-hivemq-controller-54] DEBUG c.h.p.operator.event.EventSender - [helmmqtt] Creating K8s event hivemq-platform-starting: [Start] HiveMQ Platform is starting
2025-01-30 04:07:23,332 INFO c.h.h.t.HelmChartContainer - [EVENT] Normal [Start] HiveMQ Platform is starting [helmmqttit:test-hivemq-platform]
2025-01-30 04:07:23,336 INFO c.h.h.t.HelmChartContainer - [hivemq-test-hivemq-platform] [hivemq-platform-operator] [fe9acb5f] 04:07:23.335 [ReconcilerExecutor-hivemq-controller-54] INFO  c.h.p.o.h.AbstractHiveMQReconcilerStateHandler - [helmmqtt] Update HiveMQ Platform Status (CREATED [READY] -> STARTING [READY]): HiveMQ Platform is starting
2025-01-30 04:07:23,350 DEBUG com.hivemq.helmcharts.util.K8sUtil - Comparing actual state 'STARTING' and waiting for 'RUNNING'
2025-01-30 04:07:33,436 INFO c.h.h.t.HelmChartContainer - [hivemq-test-hivemq-platform] [hivemq-platform-operator] [fe9acb5f] 04:07:33.432 [pool-6-thread-12] DEBUG c.h.p.o.d.PlatformServiceResource - [helmmqtt] Desired Platform services (2 services)
2025-01-30 04:07:33,436 INFO c.h.h.t.HelmChartContainer - [hivemq-test-hivemq-platform] [hivemq-platform-operator] [fe9acb5f] 04:07:33.433 [pool-6-thread-13] DEBUG c.h.p.o.dependants.PodInfoConfigMap - [helmmqtt] Desired PodInfo ConfigMap (1 extensions) (1 enabled)
2025-01-30 04:07:33,436 INFO c.h.h.t.HelmChartContainer - [hivemq-test-hivemq-platform] [hivemq-platform-operator] [fe9acb5f] 04:07:33.433 [pool-6-thread-13] DEBUG c.h.p.o.dependants.PodInfoConfigMap - [helmmqtt] Desired PodInfo ConfigMap (metrics port: 9399) (metrics path: /)
2025-01-30 04:07:33,436 INFO c.h.h.t.HelmChartContainer - [hivemq-test-hivemq-platform] [hivemq-platform-operator] [fe9acb5f] 04:07:33.433 [pool-6-thread-13] DEBUG c.h.p.o.dependants.PodInfoConfigMap - [helmmqtt] Desired PodInfo ConfigMap (extension state hash: -1817474005)
2025-01-30 04:07:33,438 INFO c.h.h.t.HelmChartContainer - [hivemq-test-hivemq-platform] [hivemq-platform-operator] [fe9acb5f] 04:07:33.437 [pool-6-thread-17] DEBUG c.h.p.o.d.PodServiceAccountResource - [helmmqtt] Desired PodServiceAccountResource (serviceAccountName: hivemq-platform-pod-test-hivemq-platform)
2025-01-30 04:07:33,440 INFO c.h.h.t.HelmChartContainer - [hivemq-test-hivemq-platform] [hivemq-platform-operator] [fe9acb5f] 04:07:33.439 [pool-6-thread-13] DEBUG c.h.p.o.dependants.PodInfoConfigMap - [helmmqtt] Update PodInfo ConfigMap
2025-01-30 04:07:33,448 INFO c.h.h.t.HelmChartContainer - [K3S] [alloc.go:330] "allocated clusterIPs" service="helmmqttit/hivemq-test-hivemq-platform-metrics-9399" clusterIPs={"IPv4":"10.43.96.128"}
2025-01-30 04:07:33,541 INFO c.h.h.t.HelmChartContainer - [K3S] [alloc.go:330] "allocated clusterIPs" service="helmmqttit/hivemq-test-hivemq-platform-mqtt-1884" clusterIPs={"IPv4":"10.43.142.156"}
2025-01-30 04:07:33,630 INFO c.h.h.t.HelmChartContainer - [hivemq-test-hivemq-platform] [hivemq-platform-operator] [fe9acb5f] 04:07:33.628 [pool-6-thread-20] DEBUG c.h.p.o.d.StatefulSetResource - [helmmqtt] Desired StatefulSet (1 replicas) for status STARTING (READY)
2025-01-30 04:07:33,641 INFO c.h.h.t.HelmChartContainer - [hivemq-test-hivemq-platform] [hivemq-platform-operator] [fe9acb5f] 04:07:33.640 [pool-6-thread-20] DEBUG c.h.p.o.d.StatefulSetResource - [helmmqtt] Create StatefulSet
2025-01-30 04:07:33,750 INFO c.h.h.t.HelmChartContainer - [hivemq-test-hivemq-platform] [hivemq-platform-operator] [fe9acb5f] 04:07:33.748 [ReconcilerExecutor-hivemq-controller-65] INFO  c.h.p.o.HiveMQPlatformReconciler - [helmmqtt] Reconciling HiveMQ Platform 'test-hivemq-platform' in namespace 'helmmqttit'
2025-01-30 04:07:33,750 INFO c.h.h.t.HelmChartContainer - [hivemq-test-hivemq-platform] [hivemq-platform-operator] [fe9acb5f] 04:07:33.749 [ReconcilerExecutor-hivemq-controller-65] DEBUG c.h.p.o.HiveMQPlatformReconciler - [helmmqtt] Custom Resource Status STARTING - HiveMQ Platform is starting (READY)
2025-01-30 04:07:33,751 INFO c.h.h.t.HelmChartContainer - [hivemq-test-hivemq-platform] [hivemq-platform-operator] [fe9acb5f] 04:07:33.749 [ReconcilerExecutor-hivemq-controller-65] DEBUG c.h.p.o.HiveMQPlatformReconciler - [helmmqtt] Custom Resource Spec (replicas: 1) (extensions: 1)
2025-01-30 04:07:33,757 INFO c.h.h.t.HelmChartContainer - [EVENT] Normal [SuccessfulCreate] create Pod test-hivemq-platform-0 in StatefulSet test-hivemq-platform successful [helmmqttit:test-hivemq-platform]
2025-01-30 04:07:33,758 INFO c.h.h.t.HelmChartContainer - [POD] test-hivemq-platform-0 [5f8aba1f-9fcc-4306-8b6e-9130813bc424] in helmmqttit was ADDED
2025-01-30 04:07:33,762 INFO c.h.h.t.HelmChartContainer - [EVENT] Normal [Scheduled] Successfully assigned helmmqttit/test-hivemq-platform-0 to 969b9ea92551 [helmmqttit:test-hivemq-platform-0]
2025-01-30 04:07:33,762 INFO c.h.h.t.HelmChartContainer - [POD] test-hivemq-platform-0 [5f8aba1f-9fcc-4306-8b6e-9130813bc424] in helmmqttit was MODIFIED
2025-01-30 04:07:33,770 INFO c.h.h.t.HelmChartContainer - [POD] test-hivemq-platform-0 [5f8aba1f-9fcc-4306-8b6e-9130813bc424] in helmmqttit was MODIFIED
2025-01-30 04:07:33,830 INFO c.h.h.t.HelmChartContainer - [hivemq-test-hivemq-platform] [hivemq-platform-operator] [fe9acb5f] 04:07:33.828 [ReconcilerExecutor-hivemq-controller-65] DEBUG c.h.p.o.HiveMQPlatformReconciler - [helmmqtt] StatefulSet Status (revision: null, replicas: 0, available: 0, ready: 0, current: 0, updated: 0)
2025-01-30 04:07:33,833 INFO c.h.h.t.HelmChartContainer - [hivemq-test-hivemq-platform] [hivemq-platform-operator] [fe9acb5f] 04:07:33.828 [ReconcilerExecutor-hivemq-controller-65] DEBUG c.h.p.o.HiveMQPlatformReconciler - [helmmqtt] StatefulSet Spec (replicas: 1, init containers: 1, containers: 1, volumes: 3)
2025-01-30 04:07:33,902 INFO c.h.h.t.HelmChartContainer - [K3S] [reconciler_common.go:251] "operationExecutor.VerifyControllerAttachedVolume started for volume \"broker-configuration\" (UniqueName: \"kubernetes.io/configmap/5f8aba1f-9fcc-4306-8b6e-9130813bc424-broker-configuration\") pod \"test-hivemq-platform-0\" (UID: \"5f8aba1f-9fcc-4306-8b6e-9130813bc424\") " pod="helmmqttit/test-hivemq-platform-0"
2025-01-30 04:07:33,902 INFO c.h.h.t.HelmChartContainer - [K3S] [reconciler_common.go:251] "operationExecutor.VerifyControllerAttachedVolume started for volume \"kube-api-access-m9sd2\" (UniqueName: \"kubernetes.io/projected/5f8aba1f-9fcc-4306-8b6e-9130813bc424-kube-api-access-m9sd2\") pod \"test-hivemq-platform-0\" (UID: \"5f8aba1f-9fcc-4306-8b6e-9130813bc424\") " pod="helmmqttit/test-hivemq-platform-0"
2025-01-30 04:07:33,902 INFO c.h.h.t.HelmChartContainer - [K3S] [reconciler_common.go:251] "operationExecutor.VerifyControllerAttachedVolume started for volume \"pod-info\" (UniqueName: \"kubernetes.io/configmap/5f8aba1f-9fcc-4306-8b6e-9130813bc424-pod-info\") pod \"test-hivemq-platform-0\" (UID: \"5f8aba1f-9fcc-4306-8b6e-9130813bc424\") " pod="helmmqttit/test-hivemq-platform-0"
2025-01-30 04:07:33,902 INFO c.h.h.t.HelmChartContainer - [K3S] [reconciler_common.go:251] "operationExecutor.VerifyControllerAttachedVolume started for volume \"operator-init\" (UniqueName: \"kubernetes.io/empty-dir/5f8aba1f-9fcc-4306-8b6e-9130813bc424-operator-init\") pod \"test-hivemq-platform-0\" (UID: \"5f8aba1f-9fcc-4306-8b6e-9130813bc424\") " pod="helmmqttit/test-hivemq-platform-0"
2025-01-30 04:07:33,938 INFO c.h.h.t.HelmChartContainer - [hivemq-test-hivemq-platform] [hivemq-platform-operator] [fe9acb5f] 04:07:33.936 [ReconcilerExecutor-hivemq-controller-65] DEBUG c.h.p.o.h.HiveMQPlatformReconcilerErrorHandler - [helmmqtt] Pod 'test-hivemq-platform-0' phase Pending
2025-01-30 04:07:33,939 INFO c.h.h.t.HelmChartContainer - [hivemq-test-hivemq-platform] [hivemq-platform-operator] [fe9acb5f] 04:07:33.937 [ReconcilerExecutor-hivemq-controller-65] DEBUG c.h.p.o.h.HiveMQPlatformReconcilerErrorHandler - [helmmqtt] Pod 'test-hivemq-platform-0' condition 'PodReadyToStartContainers': False
2025-01-30 04:07:33,939 INFO c.h.h.t.HelmChartContainer - [hivemq-test-hivemq-platform] [hivemq-platform-operator] [fe9acb5f] 04:07:33.937 [ReconcilerExecutor-hivemq-controller-65] DEBUG c.h.p.o.h.HiveMQPlatformReconcilerErrorHandler - [helmmqtt] Pod 'test-hivemq-platform-0' condition 'Initialized': False
2025-01-30 04:07:33,939 INFO c.h.h.t.HelmChartContainer - [hivemq-test-hivemq-platform] [hivemq-platform-operator] [fe9acb5f] 04:07:33.937 [ReconcilerExecutor-hivemq-controller-65] DEBUG c.h.p.o.h.HiveMQPlatformReconcilerErrorHandler - [helmmqtt] Pod 'test-hivemq-platform-0' condition 'Ready': False
2025-01-30 04:07:33,940 INFO c.h.h.t.HelmChartContainer - [hivemq-test-hivemq-platform] [hivemq-platform-operator] [fe9acb5f] 04:07:33.937 [ReconcilerExecutor-hivemq-controller-65] DEBUG c.h.p.o.h.HiveMQPlatformReconcilerErrorHandler - [helmmqtt] Pod 'test-hivemq-platform-0' condition 'ContainersReady': False
2025-01-30 04:07:33,940 INFO c.h.h.t.HelmChartContainer - [hivemq-test-hivemq-platform] [hivemq-platform-operator] [fe9acb5f] 04:07:33.937 [ReconcilerExecutor-hivemq-controller-65] DEBUG c.h.p.o.h.HiveMQPlatformReconcilerErrorHandler - [helmmqtt] Pod 'test-hivemq-platform-0' condition 'PodScheduled': True
2025-01-30 04:07:33,940 INFO c.h.h.t.HelmChartContainer - [hivemq-test-hivemq-platform] [hivemq-platform-operator] [fe9acb5f] 04:07:33.938 [ReconcilerExecutor-hivemq-controller-65] DEBUG c.h.p.o.h.HiveMQPlatformReconcilerErrorHandler - [helmmqtt] Pod 'test-hivemq-platform-0' containerStatus 'hivemq' (started: false) (ready: false) (waiting: [PodInitializing] null)
2025-01-30 04:07:33,941 INFO c.h.h.t.HelmChartContainer - [hivemq-test-hivemq-platform] [hivemq-platform-operator] [fe9acb5f] 04:07:33.941 [ReconcilerExecutor-hivemq-controller-65] INFO  c.h.p.o.h.HiveMQPlatformReconcilerBaseHandler - [helmmqtt] HiveMQ Platform is starting, 0 of 1 replicas are ready
2025-01-30 04:07:34,028 INFO c.h.h.t.HelmChartContainer - [hivemq-test-hivemq-platform] [hivemq-platform-operator] [fe9acb5f] 04:07:34.027 [pool-6-thread-22] DEBUG c.h.p.o.d.PlatformServiceResource - [helmmqtt] Desired Platform services (2 services)
2025-01-30 04:07:34,030 INFO c.h.h.t.HelmChartContainer - [hivemq-test-hivemq-platform] [hivemq-platform-operator] [fe9acb5f] 04:07:34.029 [pool-6-thread-23] DEBUG c.h.p.o.dependants.PodInfoConfigMap - [helmmqtt] Desired PodInfo ConfigMap (1 extensions) (1 enabled)
2025-01-30 04:07:34,030 INFO c.h.h.t.HelmChartContainer - [hivemq-test-hivemq-platform] [hivemq-platform-operator] [fe9acb5f] 04:07:34.029 [pool-6-thread-23] DEBUG c.h.p.o.dependants.PodInfoConfigMap - [helmmqtt] Desired PodInfo ConfigMap (metrics port: 9399) (metrics path: /)
2025-01-30 04:07:34,030 INFO c.h.h.t.HelmChartContainer - [hivemq-test-hivemq-platform] [hivemq-platform-operator] [fe9acb5f] 04:07:34.029 [pool-6-thread-23] DEBUG c.h.p.o.dependants.PodInfoConfigMap - [helmmqtt] Desired PodInfo ConfigMap (extension state hash: -1817474005)
2025-01-30 04:07:34,030 INFO c.h.h.t.HelmChartContainer - [hivemq-test-hivemq-platform] [hivemq-platform-operator] [fe9acb5f] 04:07:34.029 [pool-6-thread-27] DEBUG c.h.p.o.d.PodServiceAccountResource - [helmmqtt] Desired PodServiceAccountResource (serviceAccountName: hivemq-platform-pod-test-hivemq-platform)
2025-01-30 04:07:34,039 INFO c.h.h.t.HelmChartContainer - [hivemq-test-hivemq-platform] [hivemq-platform-operator] [fe9acb5f] 04:07:34.038 [pool-6-thread-30] DEBUG c.h.p.o.d.StatefulSetResource - [helmmqtt] Desired StatefulSet (1 replicas) for status STARTING (READY)
2025-01-30 04:07:34,133 INFO c.h.h.t.HelmChartContainer - [hivemq-test-hivemq-platform] [hivemq-platform-operator] [fe9acb5f] 04:07:34.131 [ReconcilerExecutor-hivemq-controller-76] INFO  c.h.p.o.HiveMQPlatformReconciler - [helmmqtt] Reconciling HiveMQ Platform 'test-hivemq-platform' in namespace 'helmmqttit'
2025-01-30 04:07:34,135 INFO c.h.h.t.HelmChartContainer - [hivemq-test-hivemq-platform] [hivemq-platform-operator] [fe9acb5f] 04:07:34.131 [ReconcilerExecutor-hivemq-controller-76] DEBUG c.h.p.o.HiveMQPlatformReconciler - [helmmqtt] Custom Resource Status STARTING - HiveMQ Platform is starting (READY)
2025-01-30 04:07:34,135 INFO c.h.h.t.HelmChartContainer - [hivemq-test-hivemq-platform] [hivemq-platform-operator] [fe9acb5f] 04:07:34.131 [ReconcilerExecutor-hivemq-controller-76] DEBUG c.h.p.o.HiveMQPlatformReconciler - [helmmqtt] Custom Resource Spec (replicas: 1) (extensions: 1)
2025-01-30 04:07:34,137 INFO c.h.h.t.HelmChartContainer - [hivemq-test-hivemq-platform] [hivemq-platform-operator] [fe9acb5f] 04:07:34.136 [ReconcilerExecutor-hivemq-controller-76] DEBUG c.h.p.o.HiveMQPlatformReconciler - [helmmqtt] StatefulSet Status (revision: test-hivemq-platform-7bbc5894fb, replicas: 1, available: 0, ready: 0, current: 1, updated: 1)
2025-01-30 04:07:34,137 INFO c.h.h.t.HelmChartContainer - [hivemq-test-hivemq-platform] [hivemq-platform-operator] [fe9acb5f] 04:07:34.136 [ReconcilerExecutor-hivemq-controller-76] DEBUG c.h.p.o.HiveMQPlatformReconciler - [helmmqtt] StatefulSet Spec (replicas: 1, init containers: 1, containers: 1, volumes: 3)
2025-01-30 04:07:34,139 INFO c.h.h.t.HelmChartContainer - [hivemq-test-hivemq-platform] [hivemq-platform-operator] [fe9acb5f] 04:07:34.138 [ReconcilerExecutor-hivemq-controller-76] DEBUG c.h.p.o.h.HiveMQPlatformReconcilerErrorHandler - [helmmqtt] Pod 'test-hivemq-platform-0' phase Pending
2025-01-30 04:07:34,142 INFO c.h.h.t.HelmChartContainer - [hivemq-test-hivemq-platform] [hivemq-platform-operator] [fe9acb5f] 04:07:34.140 [ReconcilerExecutor-hivemq-controller-76] DEBUG c.h.p.o.h.HiveMQPlatformReconcilerErrorHandler - [helmmqtt] Pod 'test-hivemq-platform-0' condition 'PodReadyToStartContainers': False
2025-01-30 04:07:34,144 INFO c.h.h.t.HelmChartContainer - [hivemq-test-hivemq-platform] [hivemq-platform-operator] [fe9acb5f] 04:07:34.140 [ReconcilerExecutor-hivemq-controller-76] DEBUG c.h.p.o.h.HiveMQPlatformReconcilerErrorHandler - [helmmqtt] Pod 'test-hivemq-platform-0' condition 'Initialized': False
2025-01-30 04:07:34,144 INFO c.h.h.t.HelmChartContainer - [hivemq-test-hivemq-platform] [hivemq-platform-operator] [fe9acb5f] 04:07:34.140 [ReconcilerExecutor-hivemq-controller-76] DEBUG c.h.p.o.h.HiveMQPlatformReconcilerErrorHandler - [helmmqtt] Pod 'test-hivemq-platform-0' condition 'Ready': False
2025-01-30 04:07:34,144 INFO c.h.h.t.HelmChartContainer - [hivemq-test-hivemq-platform] [hivemq-platform-operator] [fe9acb5f] 04:07:34.140 [ReconcilerExecutor-hivemq-controller-76] DEBUG c.h.p.o.h.HiveMQPlatformReconcilerErrorHandler - [helmmqtt] Pod 'test-hivemq-platform-0' condition 'ContainersReady': False
2025-01-30 04:07:34,144 INFO c.h.h.t.HelmChartContainer - [hivemq-test-hivemq-platform] [hivemq-platform-operator] [fe9acb5f] 04:07:34.140 [ReconcilerExecutor-hivemq-controller-76] DEBUG c.h.p.o.h.HiveMQPlatformReconcilerErrorHandler - [helmmqtt] Pod 'test-hivemq-platform-0' condition 'PodScheduled': True
2025-01-30 04:07:34,144 INFO c.h.h.t.HelmChartContainer - [hivemq-test-hivemq-platform] [hivemq-platform-operator] [fe9acb5f] 04:07:34.141 [ReconcilerExecutor-hivemq-controller-76] DEBUG c.h.p.o.h.HiveMQPlatformReconcilerErrorHandler - [helmmqtt] Pod 'test-hivemq-platform-0' containerStatus 'hivemq' (started: false) (ready: false) (waiting: [PodInitializing] null)
2025-01-30 04:07:34,144 INFO c.h.h.t.HelmChartContainer - [hivemq-test-hivemq-platform] [hivemq-platform-operator] [fe9acb5f] 04:07:34.142 [ReconcilerExecutor-hivemq-controller-76] INFO  c.h.p.o.h.HiveMQPlatformReconcilerBaseHandler - [helmmqtt] HiveMQ Platform is starting, 0 of 1 replicas are ready
2025-01-30 04:07:34,154 INFO c.h.h.t.HelmChartContainer - [EVENT] Normal [Pulled] Container image "docker.io/hivemq/hivemq-platform-operator-init-test:snapshot" already present on machine [helmmqttit:test-hivemq-platform-0]
2025-01-30 04:07:34,267 INFO c.h.h.t.HelmChartContainer - [EVENT] Normal [Created] Created container: hivemq-platform-operator-init [helmmqttit:test-hivemq-platform-0]
2025-01-30 04:07:34,307 INFO c.h.h.t.HelmChartContainer - [EVENT] Normal [Started] Started container hivemq-platform-operator-init [helmmqttit:test-hivemq-platform-0]
2025-01-30 04:07:34,795 INFO c.h.h.t.HelmChartContainer - [EVENT] Normal [Pulled] Container image "docker.io/hivemq/hivemq4:4.36.0" already present on machine [helmmqttit:test-hivemq-platform-0]
2025-01-30 04:07:34,795 INFO c.h.h.t.HelmChartContainer - Received Pulled event for container hivemq in pod test-hivemq-platform-0 [5f8aba1f-9fcc-4306-8b6e-9130813bc424]
2025-01-30 04:07:34,804 INFO c.h.h.t.HelmChartContainer - [POD] test-hivemq-platform-0 [5f8aba1f-9fcc-4306-8b6e-9130813bc424] in helmmqttit was MODIFIED
2025-01-30 04:07:34,838 INFO c.h.h.t.HelmChartContainer - [hivemq-test-hivemq-platform] [hivemq-platform-operator] [fe9acb5f] 04:07:34.835 [pool-6-thread-32] DEBUG c.h.p.o.d.PlatformServiceResource - [helmmqtt] Desired Platform services (2 services)
2025-01-30 04:07:34,839 INFO c.h.h.t.HelmChartContainer - [hivemq-test-hivemq-platform] [hivemq-platform-operator] [fe9acb5f] 04:07:34.838 [pool-6-thread-33] DEBUG c.h.p.o.dependants.PodInfoConfigMap - [helmmqtt] Desired PodInfo ConfigMap (1 extensions) (1 enabled)
2025-01-30 04:07:34,839 INFO c.h.h.t.HelmChartContainer - [hivemq-test-hivemq-platform] [hivemq-platform-operator] [fe9acb5f] 04:07:34.838 [pool-6-thread-33] DEBUG c.h.p.o.dependants.PodInfoConfigMap - [helmmqtt] Desired PodInfo ConfigMap (metrics port: 9399) (metrics path: /)
2025-01-30 04:07:34,840 INFO c.h.h.t.HelmChartContainer - [hivemq-test-hivemq-platform] [hivemq-platform-operator] [fe9acb5f] 04:07:34.838 [pool-6-thread-33] DEBUG c.h.p.o.dependants.PodInfoConfigMap - [helmmqtt] Desired PodInfo ConfigMap (extension state hash: -1817474005)
2025-01-30 04:07:34,843 INFO c.h.h.t.HelmChartContainer - [hivemq-test-hivemq-platform] [hivemq-platform-operator] [fe9acb5f] 04:07:34.840 [pool-6-thread-37] DEBUG c.h.p.o.d.PodServiceAccountResource - [helmmqtt] Desired PodServiceAccountResource (serviceAccountName: hivemq-platform-pod-test-hivemq-platform)
2025-01-30 04:07:34,927 INFO c.h.h.t.HelmChartContainer - [hivemq-test-hivemq-platform] [hivemq-platform-operator] [fe9acb5f] 04:07:34.924 [pool-6-thread-40] DEBUG c.h.p.o.d.StatefulSetResource - [helmmqtt] Desired StatefulSet (1 replicas) for status STARTING (READY)
2025-01-30 04:07:34,931 INFO c.h.h.t.HelmChartContainer - [hivemq-test-hivemq-platform] [hivemq-platform-operator] [fe9acb5f] 04:07:34.930 [ReconcilerExecutor-hivemq-controller-87] INFO  c.h.p.o.HiveMQPlatformReconciler - [helmmqtt] Reconciling HiveMQ Platform 'test-hivemq-platform' in namespace 'helmmqttit'
2025-01-30 04:07:34,931 INFO c.h.h.t.HelmChartContainer - [hivemq-test-hivemq-platform] [hivemq-platform-operator] [fe9acb5f] 04:07:34.930 [ReconcilerExecutor-hivemq-controller-87] DEBUG c.h.p.o.HiveMQPlatformReconciler - [helmmqtt] Custom Resource Status STARTING - HiveMQ Platform is starting (READY)
2025-01-30 04:07:34,931 INFO c.h.h.t.HelmChartContainer - [hivemq-test-hivemq-platform] [hivemq-platform-operator] [fe9acb5f] 04:07:34.930 [ReconcilerExecutor-hivemq-controller-87] DEBUG c.h.p.o.HiveMQPlatformReconciler - [helmmqtt] Custom Resource Spec (replicas: 1) (extensions: 1)
2025-01-30 04:07:34,936 INFO c.h.h.t.HelmChartContainer - [hivemq-test-hivemq-platform] [hivemq-platform-operator] [fe9acb5f] 04:07:34.934 [ReconcilerExecutor-hivemq-controller-87] DEBUG c.h.p.o.HiveMQPlatformReconciler - [helmmqtt] StatefulSet Status (revision: test-hivemq-platform-7bbc5894fb, replicas: 1, available: 0, ready: 0, current: 1, updated: 1)
2025-01-30 04:07:34,937 INFO c.h.h.t.HelmChartContainer - [hivemq-test-hivemq-platform] [hivemq-platform-operator] [fe9acb5f] 04:07:34.934 [ReconcilerExecutor-hivemq-controller-87] DEBUG c.h.p.o.HiveMQPlatformReconciler - [helmmqtt] StatefulSet Spec (replicas: 1, init containers: 1, containers: 1, volumes: 3)
2025-01-30 04:07:34,939 INFO c.h.h.t.HelmChartContainer - [hivemq-test-hivemq-platform] [hivemq-platform-operator] [fe9acb5f] 04:07:34.938 [ReconcilerExecutor-hivemq-controller-87] DEBUG c.h.p.o.h.HiveMQPlatformReconcilerErrorHandler - [helmmqtt] Pod 'test-hivemq-platform-0' phase Pending
2025-01-30 04:07:34,939 INFO c.h.h.t.HelmChartContainer - [hivemq-test-hivemq-platform] [hivemq-platform-operator] [fe9acb5f] 04:07:34.938 [ReconcilerExecutor-hivemq-controller-87] DEBUG c.h.p.o.h.HiveMQPlatformReconcilerErrorHandler - [helmmqtt] Pod 'test-hivemq-platform-0' condition 'PodReadyToStartContainers': True
2025-01-30 04:07:34,939 INFO c.h.h.t.HelmChartContainer - [hivemq-test-hivemq-platform] [hivemq-platform-operator] [fe9acb5f] 04:07:34.938 [ReconcilerExecutor-hivemq-controller-87] DEBUG c.h.p.o.h.HiveMQPlatformReconcilerErrorHandler - [helmmqtt] Pod 'test-hivemq-platform-0' condition 'Initialized': True
2025-01-30 04:07:34,941 INFO c.h.h.t.HelmChartContainer - [hivemq-test-hivemq-platform] [hivemq-platform-operator] [fe9acb5f] 04:07:34.939 [ReconcilerExecutor-hivemq-controller-87] DEBUG c.h.p.o.h.HiveMQPlatformReconcilerErrorHandler - [helmmqtt] Pod 'test-hivemq-platform-0' condition 'Ready': False
2025-01-30 04:07:34,941 INFO c.h.h.t.HelmChartContainer - [hivemq-test-hivemq-platform] [hivemq-platform-operator] [fe9acb5f] 04:07:34.939 [ReconcilerExecutor-hivemq-controller-87] DEBUG c.h.p.o.h.HiveMQPlatformReconcilerErrorHandler - [helmmqtt] Pod 'test-hivemq-platform-0' condition 'ContainersReady': False
2025-01-30 04:07:34,941 INFO c.h.h.t.HelmChartContainer - [hivemq-test-hivemq-platform] [hivemq-platform-operator] [fe9acb5f] 04:07:34.939 [ReconcilerExecutor-hivemq-controller-87] DEBUG c.h.p.o.h.HiveMQPlatformReconcilerErrorHandler - [helmmqtt] Pod 'test-hivemq-platform-0' condition 'PodScheduled': True
2025-01-30 04:07:34,941 INFO c.h.h.t.HelmChartContainer - [hivemq-test-hivemq-platform] [hivemq-platform-operator] [fe9acb5f] 04:07:34.939 [ReconcilerExecutor-hivemq-controller-87] DEBUG c.h.p.o.h.HiveMQPlatformReconcilerErrorHandler - [helmmqtt] Pod 'test-hivemq-platform-0' containerStatus 'hivemq' (started: false) (ready: false) (waiting: [PodInitializing] null)
2025-01-30 04:07:34,942 INFO c.h.h.t.HelmChartContainer - [hivemq-test-hivemq-platform] [hivemq-platform-operator] [fe9acb5f] 04:07:34.940 [ReconcilerExecutor-hivemq-controller-87] INFO  c.h.p.o.h.HiveMQPlatformReconcilerBaseHandler - [helmmqtt] HiveMQ Platform is starting, 0 of 1 replicas are ready
2025-01-30 04:07:35,845 INFO c.h.h.t.HelmChartContainer - [EVENT] Normal [Created] Created container: hivemq [helmmqttit:test-hivemq-platform-0]
2025-01-30 04:07:35,845 INFO c.h.h.t.HelmChartContainer - Received Created event for container hivemq in pod test-hivemq-platform-0 [5f8aba1f-9fcc-4306-8b6e-9130813bc424]
2025-01-30 04:07:36,804 INFO c.h.h.t.HelmChartContainer - [POD] test-hivemq-platform-0 [5f8aba1f-9fcc-4306-8b6e-9130813bc424] in helmmqttit was MODIFIED
2025-01-30 04:07:36,821 INFO c.h.h.t.HelmChartContainer - [hivemq-test-hivemq-platform] [hivemq-platform-operator] [fe9acb5f] 04:07:36.813 [pool-6-thread-42] DEBUG c.h.p.o.d.PlatformServiceResource - [helmmqtt] Desired Platform services (2 services)
2025-01-30 04:07:36,821 INFO c.h.h.t.HelmChartContainer - [hivemq-test-hivemq-platform] [hivemq-platform-operator] [fe9acb5f] 04:07:36.819 [pool-6-thread-43] DEBUG c.h.p.o.dependants.PodInfoConfigMap - [helmmqtt] Desired PodInfo ConfigMap (1 extensions) (1 enabled)
2025-01-30 04:07:36,822 INFO c.h.h.t.HelmChartContainer - Started log watcher for hivemq in pod test-hivemq-platform-0 [5f8aba1f-9fcc-4306-8b6e-9130813bc424]
2025-01-30 04:07:36,822 INFO c.h.h.t.HelmChartContainer - [hivemq-test-hivemq-platform] [hivemq-platform-operator] [fe9acb5f] 04:07:36.819 [pool-6-thread-43] DEBUG c.h.p.o.dependants.PodInfoConfigMap - [helmmqtt] Desired PodInfo ConfigMap (metrics port: 9399) (metrics path: /)
2025-01-30 04:07:36,822 INFO c.h.h.t.HelmChartContainer - [test-hivemq-platform] [hivemq] [5f8aba1f] Adding pre-installed HiveMQ Platform Operator extensions
2025-01-30 04:07:36,822 INFO c.h.h.t.HelmChartContainer - [EVENT] Normal [Started] Started container hivemq [helmmqttit:test-hivemq-platform-0]
2025-01-30 04:07:36,822 INFO c.h.h.t.HelmChartContainer - Received Started event for container hivemq in pod test-hivemq-platform-0 [5f8aba1f-9fcc-4306-8b6e-9130813bc424]
2025-01-30 04:07:36,822 INFO c.h.h.t.HelmChartContainer - [test-hivemq-platform] [hivemq] [5f8aba1f] Running as user 10000
2025-01-30 04:07:36,822 INFO c.h.h.t.HelmChartContainer - [test-hivemq-platform] [hivemq] [5f8aba1f] Starting HiveMQ Platform Operator Init
2025-01-30 04:07:36,825 INFO c.h.h.t.HelmChartContainer - [hivemq-test-hivemq-platform] [hivemq-platform-operator] [fe9acb5f] 04:07:36.824 [pool-6-thread-47] DEBUG c.h.p.o.d.PodServiceAccountResource - [helmmqtt] Desired PodServiceAccountResource (serviceAccountName: hivemq-platform-pod-test-hivemq-platform)
2025-01-30 04:07:36,826 INFO c.h.h.t.HelmChartContainer - [hivemq-test-hivemq-platform] [hivemq-platform-operator] [fe9acb5f] 04:07:36.822 [pool-6-thread-43] DEBUG c.h.p.o.dependants.PodInfoConfigMap - [helmmqtt] Desired PodInfo ConfigMap (extension state hash: -1817474005)
2025-01-30 04:07:36,834 INFO c.h.h.t.HelmChartContainer - [hivemq-test-hivemq-platform] [hivemq-platform-operator] [fe9acb5f] 04:07:36.833 [pool-6-thread-50] DEBUG c.h.p.o.d.StatefulSetResource - [helmmqtt] Desired StatefulSet (1 replicas) for status STARTING (READY)
2025-01-30 04:07:36,900 INFO c.h.h.t.HelmChartContainer - [hivemq-test-hivemq-platform] [hivemq-platform-operator] [fe9acb5f] 04:07:36.897 [ReconcilerExecutor-hivemq-controller-98] INFO  c.h.p.o.HiveMQPlatformReconciler - [helmmqtt] Reconciling HiveMQ Platform 'test-hivemq-platform' in namespace 'helmmqttit'
2025-01-30 04:07:36,900 INFO c.h.h.t.HelmChartContainer - [hivemq-test-hivemq-platform] [hivemq-platform-operator] [fe9acb5f] 04:07:36.897 [ReconcilerExecutor-hivemq-controller-98] DEBUG c.h.p.o.HiveMQPlatformReconciler - [helmmqtt] Custom Resource Status STARTING - HiveMQ Platform is starting (READY)
2025-01-30 04:07:36,900 INFO c.h.h.t.HelmChartContainer - [hivemq-test-hivemq-platform] [hivemq-platform-operator] [fe9acb5f] 04:07:36.897 [ReconcilerExecutor-hivemq-controller-98] DEBUG c.h.p.o.HiveMQPlatformReconciler - [helmmqtt] Custom Resource Spec (replicas: 1) (extensions: 1)
2025-01-30 04:07:36,900 INFO c.h.h.t.HelmChartContainer - [hivemq-test-hivemq-platform] [hivemq-platform-operator] [fe9acb5f] 04:07:36.899 [ReconcilerExecutor-hivemq-controller-98] DEBUG c.h.p.o.HiveMQPlatformReconciler - [helmmqtt] StatefulSet Status (revision: test-hivemq-platform-7bbc5894fb, replicas: 1, available: 0, ready: 0, current: 1, updated: 1)
2025-01-30 04:07:36,901 INFO c.h.h.t.HelmChartContainer - [hivemq-test-hivemq-platform] [hivemq-platform-operator] [fe9acb5f] 04:07:36.899 [ReconcilerExecutor-hivemq-controller-98] DEBUG c.h.p.o.HiveMQPlatformReconciler - [helmmqtt] StatefulSet Spec (replicas: 1, init containers: 1, containers: 1, volumes: 3)
2025-01-30 04:07:36,904 INFO c.h.h.t.HelmChartContainer - [hivemq-test-hivemq-platform] [hivemq-platform-operator] [fe9acb5f] 04:07:36.903 [ReconcilerExecutor-hivemq-controller-98] DEBUG c.h.p.o.h.HiveMQPlatformReconcilerErrorHandler - [helmmqtt] Pod 'test-hivemq-platform-0' phase Running
2025-01-30 04:07:36,906 INFO c.h.h.t.HelmChartContainer - [hivemq-test-hivemq-platform] [hivemq-platform-operator] [fe9acb5f] 04:07:36.905 [ReconcilerExecutor-hivemq-controller-98] INFO  c.h.p.o.h.HiveMQPlatformReconcilerBaseHandler - [helmmqtt] HiveMQ Platform is starting, 0 of 1 replicas are ready
2025-01-30 04:07:37,072 INFO c.h.h.t.HelmChartContainer - [test-hivemq-platform] [hivemq] [5f8aba1f] INFO  - [HiveMQ Platform Operator Init 1.7.0-SNAPSHOT] HiveMQ Platform Operator Init 1.7.0-SNAPSHOT (commit: 47e3375 on branch: HEAD) built on Thu Jan 30 03:55:50 UTC 2025
2025-01-30 04:07:38,105 INFO c.h.h.t.HelmChartContainer - [test-hivemq-platform] [hivemq] [5f8aba1f] INFO  - [HiveMQ Platform Operator Init App 1.7.0-SNAPSHOT] Using bind address 10.42.0.15 from environment variable
2025-01-30 04:07:39,076 INFO c.h.h.t.HelmChartContainer - [test-hivemq-platform] [hivemq] [5f8aba1f] INFO  - [HiveMQ Platform Operator Init App 1.7.0-SNAPSHOT] HiveMQ Platform Operator Init App 1.7.0-SNAPSHOT (commit: 47e3375 on branch: HEAD) built on Thu Jan 30 03:55:50 UTC 2025
2025-01-30 04:07:39,076 INFO c.h.h.t.HelmChartContainer - [test-hivemq-platform] [hivemq] [5f8aba1f] INFO  - [HiveMQ Platform Operator Init App 1.7.0-SNAPSHOT] PodInfo ConfigMap directory: /etc/podinfo
2025-01-30 04:07:39,077 INFO c.h.h.t.HelmChartContainer - [test-hivemq-platform] [hivemq] [5f8aba1f] INFO  - [HiveMQ Platform Operator Init App 1.7.0-SNAPSHOT] HiveMQ home directory: /opt/hivemq
2025-01-30 04:07:39,077 INFO c.h.h.t.HelmChartContainer - [test-hivemq-platform] [hivemq] [5f8aba1f] INFO  - [HiveMQ Platform Operator Init App 1.7.0-SNAPSHOT] HiveMQ Logback folder: /opt/hivemq/conf
2025-01-30 04:07:39,077 INFO c.h.h.t.HelmChartContainer - [test-hivemq-platform] [hivemq] [5f8aba1f] INFO  - [HiveMQ Platform Operator Init App 1.7.0-SNAPSHOT] HiveMQ Config folder: /opt/hivemq/conf-k8s
2025-01-30 04:07:39,077 INFO c.h.h.t.HelmChartContainer - [test-hivemq-platform] [hivemq] [5f8aba1f] INFO  - [HiveMQ Platform Operator Init App 1.7.0-SNAPSHOT] Starting HiveMQ Platform Operator Init App
2025-01-30 04:07:39,077 INFO c.h.h.t.HelmChartContainer - [test-hivemq-platform] [hivemq] [5f8aba1f] INFO  - [HiveMQ Platform Operator Init App 1.7.0-SNAPSHOT] Starting Pod reconciler
2025-01-30 04:07:40,276 INFO c.h.h.t.HelmChartContainer - [test-hivemq-platform] [hivemq] [5f8aba1f] INFO  - [HiveMQ Platform Operator Init App 1.7.0-SNAPSHOT] Pod reconciler is scheduled (interval: 5000 ms)
2025-01-30 04:07:40,277 INFO c.h.h.t.HelmChartContainer - [test-hivemq-platform] [hivemq] [5f8aba1f] INFO  - [HiveMQ Platform Operator Init App 1.7.0-SNAPSHOT] Starting the REST API on 10.42.0.15:7979
2025-01-30 04:07:40,279 INFO c.h.h.t.HelmChartContainer - [test-hivemq-platform] [hivemq] [5f8aba1f] INFO  - [HiveMQ Platform Operator Init App 1.7.0-SNAPSHOT] Waiting up to 600s for at most 1 HiveMQ nodes in cluster service hivemq-test-hivemq-platform-cluster.helmmqttit.svc
2025-01-30 04:07:40,589 INFO c.h.h.t.HelmChartContainer - [test-hivemq-platform] [hivemq] [5f8aba1f] INFO  - [HiveMQ Platform Operator Init App 1.7.0-SNAPSHOT] Resolved 1 IP addresses: [10.42.0.15]
2025-01-30 04:07:40,589 INFO c.h.h.t.HelmChartContainer - [test-hivemq-platform] [hivemq] [5f8aba1f] INFO  - [HiveMQ Platform Operator Init App 1.7.0-SNAPSHOT] HiveMQ node count of 1 is within threshold of 1
2025-01-30 04:07:40,590 INFO c.h.h.t.HelmChartContainer - [test-hivemq-platform] [hivemq] [5f8aba1f] INFO  - [HiveMQ Platform Operator Init App 1.7.0-SNAPSHOT] Proceeding with container start
2025-01-30 04:07:40,684 INFO c.h.h.t.HelmChartContainer - [test-hivemq-platform] [hivemq] [5f8aba1f] INFO  - [HiveMQ Platform Operator Init App 1.7.0-SNAPSHOT] Initializing HiveMQ Platform extensions with initial configuration: {hivemq-allow-all-extension={start-priority=-1, skip-https-hostname-verification=false, restart=true, config-version=0, header-version=0, c-uri=, priority=-1, uri=preinstalled, skip-https-certificate-validation=false, enabled=true}, hivemq-prometheus-extension={start-priority=-1, priority=-1, restart=true, enabled=true, request-header-path=no-request-headers, uri=preinstalled, skip-https-certificate-validation=false, skip-https-hostname-verification=false, c-uri=}}
2025-01-30 04:07:41,088 INFO c.h.h.t.HelmChartContainer - [test-hivemq-platform] [hivemq] [5f8aba1f] INFO  - [HiveMQ Platform Operator Init App 1.7.0-SNAPSHOT] Extension hivemq-allow-all-extension was already enabled
2025-01-30 04:07:41,176 INFO c.h.h.t.HelmChartContainer - [test-hivemq-platform] [hivemq] [5f8aba1f] INFO  - [HiveMQ Platform Operator Init App 1.7.0-SNAPSHOT] Successfully enabled extension hivemq-prometheus-extension
2025-01-30 04:07:41,178 INFO c.h.h.t.HelmChartContainer - [test-hivemq-platform] [hivemq] [5f8aba1f] INFO  - [HiveMQ Platform Operator Init App 1.7.0-SNAPSHOT] Starting HiveMQ Platform version 4.36.0 (4.36.0)
2025-01-30 04:07:41,178 INFO c.h.h.t.HelmChartContainer - [test-hivemq-platform] [hivemq] [5f8aba1f] INFO  - [HiveMQ Platform Operator Init App 1.7.0-SNAPSHOT] Configuring the HiveMQ Platform
2025-01-30 04:07:41,262 INFO c.h.h.t.HelmChartContainer - [test-hivemq-platform] [hivemq] [5f8aba1f] INFO  - [HiveMQ Platform Operator Init App 1.7.0-SNAPSHOT] Changed logback.xml file scan period to 20 seconds
2025-01-30 04:07:41,281 INFO c.h.h.t.HelmChartContainer - [test-hivemq-platform] [hivemq] [5f8aba1f] INFO  - [HiveMQ Platform Operator Init App 1.7.0-SNAPSHOT] Starting the HiveMQ Platform
2025-01-30 04:07:41,284 INFO c.h.h.t.HelmChartContainer - [test-hivemq-platform] [hivemq] [5f8aba1f] -------------------------------------------------------------------------
2025-01-30 04:07:41,284 INFO c.h.h.t.HelmChartContainer - [test-hivemq-platform] [hivemq] [5f8aba1f] 
2025-01-30 04:07:41,284 INFO c.h.h.t.HelmChartContainer - [test-hivemq-platform] [hivemq] [5f8aba1f]                   _    _  _              __  __   ____
2025-01-30 04:07:41,284 INFO c.h.h.t.HelmChartContainer - [test-hivemq-platform] [hivemq] [5f8aba1f]                  | |  | |(_)            |  \/  | / __ \
2025-01-30 04:07:41,285 INFO c.h.h.t.HelmChartContainer - [test-hivemq-platform] [hivemq] [5f8aba1f]                  | |__| | _ __   __ ___ | \  / || |  | |
2025-01-30 04:07:41,285 INFO c.h.h.t.HelmChartContainer - [test-hivemq-platform] [hivemq] [5f8aba1f]                  |  __  || |\ \ / // _ \| |\/| || |  | |
2025-01-30 04:07:41,285 INFO c.h.h.t.HelmChartContainer - [test-hivemq-platform] [hivemq] [5f8aba1f]                  | |  | || | \ V /|  __/| |  | || |__| |
2025-01-30 04:07:41,285 INFO c.h.h.t.HelmChartContainer - [test-hivemq-platform] [hivemq] [5f8aba1f]                  |_|  |_||_|  \_/  \___||_|  |_| \___\_\
2025-01-30 04:07:41,285 INFO c.h.h.t.HelmChartContainer - [test-hivemq-platform] [hivemq] [5f8aba1f] 
2025-01-30 04:07:41,285 INFO c.h.h.t.HelmChartContainer - [test-hivemq-platform] [hivemq] [5f8aba1f] -------------------------------------------------------------------------
2025-01-30 04:07:41,285 INFO c.h.h.t.HelmChartContainer - [test-hivemq-platform] [hivemq] [5f8aba1f] 
2025-01-30 04:07:41,285 INFO c.h.h.t.HelmChartContainer - [test-hivemq-platform] [hivemq] [5f8aba1f]   HiveMQ Start Script for Linux/Unix v1.14
2025-01-30 04:07:41,285 INFO c.h.h.t.HelmChartContainer - [test-hivemq-platform] [hivemq] [5f8aba1f] 
2025-01-30 04:07:41,390 INFO c.h.h.t.HelmChartContainer - [test-hivemq-platform] [hivemq] [5f8aba1f] -------------------------------------------------------------------------
2025-01-30 04:07:41,390 INFO c.h.h.t.HelmChartContainer - [test-hivemq-platform] [hivemq] [5f8aba1f] 
2025-01-30 04:07:41,390 INFO c.h.h.t.HelmChartContainer - [test-hivemq-platform] [hivemq] [5f8aba1f]   HIVEMQ_HOME: /opt/hivemq
2025-01-30 04:07:41,390 INFO c.h.h.t.HelmChartContainer - [test-hivemq-platform] [hivemq] [5f8aba1f] 
2025-01-30 04:07:41,390 INFO c.h.h.t.HelmChartContainer - [test-hivemq-platform] [hivemq] [5f8aba1f]   JAVA_OPTS: -XX:+UnlockExperimentalVMOptions -XX:InitialRAMPercentage=50 -XX:MaxRAMPercentage=50 -Djava.net.preferIPv4Stack=true --add-opens java.base/java.lang=ALL-UNNAMED --add-opens java.base/java.nio=ALL-UNNAMED --add-opens java.base/sun.nio.ch=ALL-UNNAMED --add-opens jdk.management/com.sun.management.internal=ALL-UNNAMED --add-exports java.base/jdk.internal.misc=ALL-UNNAMED -Djava.security.egd=file:/dev/./urandom -Dcom.sun.management.jmxremote -Dcom.sun.management.jmxremote.port=9010 -Dcom.sun.management.jmxremote.local.only=false -Dcom.sun.management.jmxremote.authenticate=false -Dcom.sun.management.jmxremote.ssl=false -Duser.language=en -Duser.region=US -XX:+CrashOnOutOfMemoryError -XX:+HeapDumpOnOutOfMemoryError
2025-01-30 04:07:41,390 INFO c.h.h.t.HelmChartContainer - [test-hivemq-platform] [hivemq] [5f8aba1f] 
2025-01-30 04:07:41,390 INFO c.h.h.t.HelmChartContainer - [test-hivemq-platform] [hivemq] [5f8aba1f]   JAVA_VERSION: 21
2025-01-30 04:07:41,390 INFO c.h.h.t.HelmChartContainer - [test-hivemq-platform] [hivemq] [5f8aba1f] 
2025-01-30 04:07:41,390 INFO c.h.h.t.HelmChartContainer - [test-hivemq-platform] [hivemq] [5f8aba1f] -------------------------------------------------------------------------
2025-01-30 04:07:41,390 INFO c.h.h.t.HelmChartContainer - [test-hivemq-platform] [hivemq] [5f8aba1f] 
2025-01-30 04:07:42,882 INFO c.h.h.t.HelmChartContainer - [test-hivemq-platform] [hivemq] [5f8aba1f] INFO  - [HiveMQ Platform Operator Init App 1.7.0-SNAPSHOT] Returning default Health API response 503 for readiness
2025-01-30 04:07:43,281 INFO c.h.h.t.HelmChartContainer - [EVENT] Warning [Unhealthy] Readiness probe failed: HTTP probe failed with statuscode: 503 [helmmqttit:test-hivemq-platform-0]
2025-01-30 04:07:43,281 INFO c.h.h.t.HelmChartContainer - Received Unhealthy event for container hivemq in pod test-hivemq-platform-0 [5f8aba1f-9fcc-4306-8b6e-9130813bc424]
2025-01-30 04:07:43,976 INFO c.h.h.t.HelmChartContainer - [test-hivemq-platform] [hivemq] [5f8aba1f] INFO  - Starting HiveMQ Enterprise Server
2025-01-30 04:07:43,983 INFO c.h.h.t.HelmChartContainer - [test-hivemq-platform] [hivemq] [5f8aba1f] INFO  - HiveMQ version: 4.36.0
2025-01-30 04:07:43,983 INFO c.h.h.t.HelmChartContainer - [test-hivemq-platform] [hivemq] [5f8aba1f] INFO  - HiveMQ home directory: /opt/hivemq
2025-01-30 04:07:43,983 INFO c.h.h.t.HelmChartContainer - [test-hivemq-platform] [hivemq] [5f8aba1f] INFO  - Log Configuration was overridden by /opt/hivemq/conf/logback.xml
2025-01-30 04:07:45,088 INFO c.h.h.t.HelmChartContainer - [test-hivemq-platform] [hivemq] [5f8aba1f] INFO  - Successfully loaded configuration from '/opt/hivemq/conf-k8s/config.xml'.
2025-01-30 04:07:45,575 INFO c.h.h.t.HelmChartContainer - [test-hivemq-platform] [hivemq] [5f8aba1f] INFO  - This node's ID is fc85W
2025-01-30 04:07:45,576 INFO c.h.h.t.HelmChartContainer - [test-hivemq-platform] [hivemq] [5f8aba1f] INFO  - Clustering is enabled
2025-01-30 04:07:46,913 INFO c.h.h.t.HelmChartContainer - [hivemq-test-hivemq-platform] [hivemq-platform-operator] [fe9acb5f] 04:07:46.909 [pool-6-thread-8] DEBUG c.h.p.o.d.PlatformServiceResource - [helmmqtt] Desired Platform services (2 services)
2025-01-30 04:07:46,913 INFO c.h.h.t.HelmChartContainer - [hivemq-test-hivemq-platform] [hivemq-platform-operator] [fe9acb5f] 04:07:46.910 [pool-6-thread-5] DEBUG c.h.p.o.dependants.PodInfoConfigMap - [helmmqtt] Desired PodInfo ConfigMap (1 extensions) (1 enabled)
2025-01-30 04:07:46,914 INFO c.h.h.t.HelmChartContainer - [hivemq-test-hivemq-platform] [hivemq-platform-operator] [fe9acb5f] 04:07:46.914 [pool-6-thread-5] DEBUG c.h.p.o.dependants.PodInfoConfigMap - [helmmqtt] Desired PodInfo ConfigMap (metrics port: 9399) (metrics path: /)
2025-01-30 04:07:46,915 INFO c.h.h.t.HelmChartContainer - [hivemq-test-hivemq-platform] [hivemq-platform-operator] [fe9acb5f] 04:07:46.914 [pool-6-thread-5] DEBUG c.h.p.o.dependants.PodInfoConfigMap - [helmmqtt] Desired PodInfo ConfigMap (extension state hash: -1817474005)
2025-01-30 04:07:46,918 INFO c.h.h.t.HelmChartContainer - [hivemq-test-hivemq-platform] [hivemq-platform-operator] [fe9acb5f] 04:07:46.911 [pool-6-thread-6] DEBUG c.h.p.o.d.PodServiceAccountResource - [helmmqtt] Desired PodServiceAccountResource (serviceAccountName: hivemq-platform-pod-test-hivemq-platform)
2025-01-30 04:07:46,920 INFO c.h.h.t.HelmChartContainer - [hivemq-test-hivemq-platform] [hivemq-platform-operator] [fe9acb5f] 04:07:46.919 [pool-6-thread-8] DEBUG c.h.p.o.d.StatefulSetResource - [helmmqtt] Desired StatefulSet (1 replicas) for status STARTING (READY)
2025-01-30 04:07:46,925 INFO c.h.h.t.HelmChartContainer - [hivemq-test-hivemq-platform] [hivemq-platform-operator] [fe9acb5f] 04:07:46.925 [ReconcilerExecutor-hivemq-controller-109] INFO  c.h.p.o.HiveMQPlatformReconciler - [helmmqtt] Reconciling HiveMQ Platform 'test-hivemq-platform' in namespace 'helmmqttit'
2025-01-30 04:07:46,926 INFO c.h.h.t.HelmChartContainer - [hivemq-test-hivemq-platform] [hivemq-platform-operator] [fe9acb5f] 04:07:46.925 [ReconcilerExecutor-hivemq-controller-109] DEBUG c.h.p.o.HiveMQPlatformReconciler - [helmmqtt] Custom Resource Status STARTING - HiveMQ Platform is starting (READY)
2025-01-30 04:07:46,926 INFO c.h.h.t.HelmChartContainer - [hivemq-test-hivemq-platform] [hivemq-platform-operator] [fe9acb5f] 04:07:46.925 [ReconcilerExecutor-hivemq-controller-109] DEBUG c.h.p.o.HiveMQPlatformReconciler - [helmmqtt] Custom Resource Spec (replicas: 1) (extensions: 1)
2025-01-30 04:07:46,928 INFO c.h.h.t.HelmChartContainer - [hivemq-test-hivemq-platform] [hivemq-platform-operator] [fe9acb5f] 04:07:46.927 [ReconcilerExecutor-hivemq-controller-109] DEBUG c.h.p.o.HiveMQPlatformReconciler - [helmmqtt] StatefulSet Status (revision: test-hivemq-platform-7bbc5894fb, replicas: 1, available: 0, ready: 0, current: 1, updated: 1)
2025-01-30 04:07:46,928 INFO c.h.h.t.HelmChartContainer - [hivemq-test-hivemq-platform] [hivemq-platform-operator] [fe9acb5f] 04:07:46.927 [ReconcilerExecutor-hivemq-controller-109] DEBUG c.h.p.o.HiveMQPlatformReconciler - [helmmqtt] StatefulSet Spec (replicas: 1, init containers: 1, containers: 1, volumes: 3)
2025-01-30 04:07:46,997 INFO c.h.h.t.HelmChartContainer - [hivemq-test-hivemq-platform] [hivemq-platform-operator] [fe9acb5f] 04:07:46.994 [ReconcilerExecutor-hivemq-controller-109] DEBUG c.h.p.o.h.HiveMQPlatformReconcilerErrorHandler - [helmmqtt] Pod 'test-hivemq-platform-0' phase Running
2025-01-30 04:07:46,997 INFO c.h.h.t.HelmChartContainer - [hivemq-test-hivemq-platform] [hivemq-platform-operator] [fe9acb5f] 04:07:46.995 [ReconcilerExecutor-hivemq-controller-109] INFO  c.h.p.o.h.HiveMQPlatformReconcilerBaseHandler - [helmmqtt] HiveMQ Platform is starting, 0 of 1 replicas are ready
2025-01-30 04:07:48,578 INFO c.h.h.t.HelmChartContainer - [test-hivemq-platform] [hivemq] [5f8aba1f] WARN  - [HiveMQ Platform Operator Init App 1.7.0-SNAPSHOT] Cannot connect to Health API for readiness: null
2025-01-30 04:07:48,666 INFO c.h.h.t.HelmChartContainer - [EVENT] Warning [Unhealthy] Readiness probe failed: HTTP probe failed with statuscode: 503 [helmmqttit:test-hivemq-platform-0]
2025-01-30 04:07:48,667 INFO c.h.h.t.HelmChartContainer - Received Unhealthy event for container hivemq in pod test-hivemq-platform-0 [5f8aba1f-9fcc-4306-8b6e-9130813bc424]
2025-01-30 04:07:49,580 INFO c.h.h.t.HelmChartContainer - [test-hivemq-platform] [hivemq] [5f8aba1f] Jan 30, 2025 4:07:49 AM io.vertx.core.impl.BlockedThreadChecker
2025-01-30 04:07:49,580 INFO c.h.h.t.HelmChartContainer - [test-hivemq-platform] [hivemq] [5f8aba1f] WARNING: Thread Thread[vert.x-eventloop-thread-1,5,main] has been blocked for 2190 ms, time limit is 2000 ms
2025-01-30 04:07:50,487 INFO c.h.h.t.HelmChartContainer - [test-hivemq-platform] [hivemq] [5f8aba1f] INFO  - [HiveMQ Platform Operator Init App 1.7.0-SNAPSHOT] Updating Pod HiveMQ Platform Operator Init App version annotation (version: 1.7.0-SNAPSHOT)
2025-01-30 04:07:51,090 INFO c.h.h.t.HelmChartContainer - [POD] test-hivemq-platform-0 [5f8aba1f-9fcc-4306-8b6e-9130813bc424] in helmmqttit was MODIFIED
2025-01-30 04:07:51,097 INFO c.h.h.t.HelmChartContainer - [hivemq-test-hivemq-platform] [hivemq-platform-operator] [fe9acb5f] 04:07:51.092 [pool-6-thread-17] DEBUG c.h.p.o.d.PlatformServiceResource - [helmmqtt] Desired Platform services (2 services)
2025-01-30 04:07:51,097 INFO c.h.h.t.HelmChartContainer - [hivemq-test-hivemq-platform] [hivemq-platform-operator] [fe9acb5f] 04:07:51.093 [pool-6-thread-14] DEBUG c.h.p.o.d.PodServiceAccountResource - [helmmqtt] Desired PodServiceAccountResource (serviceAccountName: hivemq-platform-pod-test-hivemq-platform)
2025-01-30 04:07:51,097 INFO c.h.h.t.HelmChartContainer - [hivemq-test-hivemq-platform] [hivemq-platform-operator] [fe9acb5f] 04:07:51.096 [pool-6-thread-15] DEBUG c.h.p.o.dependants.PodInfoConfigMap - [helmmqtt] Desired PodInfo ConfigMap (1 extensions) (1 enabled)
2025-01-30 04:07:51,097 INFO c.h.h.t.HelmChartContainer - [hivemq-test-hivemq-platform] [hivemq-platform-operator] [fe9acb5f] 04:07:51.096 [pool-6-thread-15] DEBUG c.h.p.o.dependants.PodInfoConfigMap - [helmmqtt] Desired PodInfo ConfigMap (metrics port: 9399) (metrics path: /)
2025-01-30 04:07:51,097 INFO c.h.h.t.HelmChartContainer - [hivemq-test-hivemq-platform] [hivemq-platform-operator] [fe9acb5f] 04:07:51.096 [pool-6-thread-15] DEBUG c.h.p.o.dependants.PodInfoConfigMap - [helmmqtt] Desired PodInfo ConfigMap (extension state hash: -1817474005)
2025-01-30 04:07:51,103 INFO c.h.h.t.HelmChartContainer - [hivemq-test-hivemq-platform] [hivemq-platform-operator] [fe9acb5f] 04:07:51.102 [pool-6-thread-17] DEBUG c.h.p.o.d.StatefulSetResource - [helmmqtt] Desired StatefulSet (1 replicas) for status STARTING (READY)
2025-01-30 04:07:51,125 INFO c.h.h.t.HelmChartContainer - [hivemq-test-hivemq-platform] [hivemq-platform-operator] [fe9acb5f] 04:07:51.124 [ReconcilerExecutor-hivemq-controller-110] INFO  c.h.p.o.HiveMQPlatformReconciler - [helmmqtt] Reconciling HiveMQ Platform 'test-hivemq-platform' in namespace 'helmmqttit'
2025-01-30 04:07:51,125 INFO c.h.h.t.HelmChartContainer - [hivemq-test-hivemq-platform] [hivemq-platform-operator] [fe9acb5f] 04:07:51.124 [ReconcilerExecutor-hivemq-controller-110] DEBUG c.h.p.o.HiveMQPlatformReconciler - [helmmqtt] Custom Resource Status STARTING - HiveMQ Platform is starting (READY)
2025-01-30 04:07:51,125 INFO c.h.h.t.HelmChartContainer - [hivemq-test-hivemq-platform] [hivemq-platform-operator] [fe9acb5f] 04:07:51.124 [ReconcilerExecutor-hivemq-controller-110] DEBUG c.h.p.o.HiveMQPlatformReconciler - [helmmqtt] Custom Resource Spec (replicas: 1) (extensions: 1)
2025-01-30 04:07:51,127 INFO c.h.h.t.HelmChartContainer - [hivemq-test-hivemq-platform] [hivemq-platform-operator] [fe9acb5f] 04:07:51.126 [ReconcilerExecutor-hivemq-controller-110] DEBUG c.h.p.o.HiveMQPlatformReconciler - [helmmqtt] StatefulSet Status (revision: test-hivemq-platform-7bbc5894fb, replicas: 1, available: 0, ready: 0, current: 1, updated: 1)
2025-01-30 04:07:51,127 INFO c.h.h.t.HelmChartContainer - [hivemq-test-hivemq-platform] [hivemq-platform-operator] [fe9acb5f] 04:07:51.126 [ReconcilerExecutor-hivemq-controller-110] DEBUG c.h.p.o.HiveMQPlatformReconciler - [helmmqtt] StatefulSet Spec (replicas: 1, init containers: 1, containers: 1, volumes: 3)
2025-01-30 04:07:51,129 INFO c.h.h.t.HelmChartContainer - [hivemq-test-hivemq-platform] [hivemq-platform-operator] [fe9acb5f] 04:07:51.128 [ReconcilerExecutor-hivemq-controller-110] DEBUG c.h.p.o.h.HiveMQPlatformReconcilerErrorHandler - [helmmqtt] Pod 'test-hivemq-platform-0' phase Running
2025-01-30 04:07:51,130 INFO c.h.h.t.HelmChartContainer - [hivemq-test-hivemq-platform] [hivemq-platform-operator] [fe9acb5f] 04:07:51.129 [ReconcilerExecutor-hivemq-controller-110] INFO  c.h.p.o.h.HiveMQPlatformReconcilerBaseHandler - [helmmqtt] HiveMQ Platform is starting, 0 of 1 replicas are ready
2025-01-30 04:07:51,173 INFO c.h.h.t.HelmChartContainer - [test-hivemq-platform] [hivemq] [5f8aba1f] WARN  - [HiveMQ Platform Operator Init App 1.7.0-SNAPSHOT] Cannot connect to Health API for readiness: null
2025-01-30 04:07:51,173 INFO c.h.h.t.HelmChartContainer - [test-hivemq-platform] [hivemq] [5f8aba1f] INFO  - [HiveMQ Platform Operator Init App 1.7.0-SNAPSHOT] Successfully updated Pod HiveMQ Platform Operator Init App version annotation (version: 1.7.0-SNAPSHOT)
2025-01-30 04:07:51,179 INFO c.h.h.t.HelmChartContainer - [EVENT] Warning [Unhealthy] Readiness probe failed: HTTP probe failed with statuscode: 503 [helmmqttit:test-hivemq-platform-0]
2025-01-30 04:07:51,179 INFO c.h.h.t.HelmChartContainer - Received Unhealthy event for container hivemq in pod test-hivemq-platform-0 [5f8aba1f-9fcc-4306-8b6e-9130813bc424]
2025-01-30 04:07:56,164 INFO c.h.h.t.HelmChartContainer - [test-hivemq-platform] [hivemq] [5f8aba1f] WARN  - [HiveMQ Platform Operator Init App 1.7.0-SNAPSHOT] Cannot connect to Health API for readiness: null
2025-01-30 04:07:56,169 INFO c.h.h.t.HelmChartContainer - [EVENT] Warning [Unhealthy] Readiness probe failed: HTTP probe failed with statuscode: 503 [helmmqttit:test-hivemq-platform-0]
2025-01-30 04:07:56,169 INFO c.h.h.t.HelmChartContainer - Received Unhealthy event for container hivemq in pod test-hivemq-platform-0 [5f8aba1f-9fcc-4306-8b6e-9130813bc424]
2025-01-30 04:08:01,135 INFO c.h.h.t.HelmChartContainer - [hivemq-test-hivemq-platform] [hivemq-platform-operator] [fe9acb5f] 04:08:01.133 [pool-6-thread-23] DEBUG c.h.p.o.d.PlatformServiceResource - [helmmqtt] Desired Platform services (2 services)
2025-01-30 04:08:01,138 INFO c.h.h.t.HelmChartContainer - [hivemq-test-hivemq-platform] [hivemq-platform-operator] [fe9acb5f] 04:08:01.134 [pool-6-thread-26] DEBUG c.h.p.o.dependants.PodInfoConfigMap - [helmmqtt] Desired PodInfo ConfigMap (1 extensions) (1 enabled)
2025-01-30 04:08:01,138 INFO c.h.h.t.HelmChartContainer - [hivemq-test-hivemq-platform] [hivemq-platform-operator] [fe9acb5f] 04:08:01.136 [pool-6-thread-26] DEBUG c.h.p.o.dependants.PodInfoConfigMap - [helmmqtt] Desired PodInfo ConfigMap (metrics port: 9399) (metrics path: /)
2025-01-30 04:08:01,138 INFO c.h.h.t.HelmChartContainer - [hivemq-test-hivemq-platform] [hivemq-platform-operator] [fe9acb5f] 04:08:01.136 [pool-6-thread-26] DEBUG c.h.p.o.dependants.PodInfoConfigMap - [helmmqtt] Desired PodInfo ConfigMap (extension state hash: -1817474005)
2025-01-30 04:08:01,140 INFO c.h.h.t.HelmChartContainer - [hivemq-test-hivemq-platform] [hivemq-platform-operator] [fe9acb5f] 04:08:01.136 [pool-6-thread-25] DEBUG c.h.p.o.d.PodServiceAccountResource - [helmmqtt] Desired PodServiceAccountResource (serviceAccountName: hivemq-platform-pod-test-hivemq-platform)
2025-01-30 04:08:01,143 INFO c.h.h.t.HelmChartContainer - [hivemq-test-hivemq-platform] [hivemq-platform-operator] [fe9acb5f] 04:08:01.142 [pool-6-thread-23] DEBUG c.h.p.o.d.StatefulSetResource - [helmmqtt] Desired StatefulSet (1 replicas) for status STARTING (READY)
2025-01-30 04:08:01,147 INFO c.h.h.t.HelmChartContainer - [hivemq-test-hivemq-platform] [hivemq-platform-operator] [fe9acb5f] 04:08:01.146 [ReconcilerExecutor-hivemq-controller-111] INFO  c.h.p.o.HiveMQPlatformReconciler - [helmmqtt] Reconciling HiveMQ Platform 'test-hivemq-platform' in namespace 'helmmqttit'
2025-01-30 04:08:01,147 INFO c.h.h.t.HelmChartContainer - [hivemq-test-hivemq-platform] [hivemq-platform-operator] [fe9acb5f] 04:08:01.146 [ReconcilerExecutor-hivemq-controller-111] DEBUG c.h.p.o.HiveMQPlatformReconciler - [helmmqtt] Custom Resource Status STARTING - HiveMQ Platform is starting (READY)
2025-01-30 04:08:01,147 INFO c.h.h.t.HelmChartContainer - [hivemq-test-hivemq-platform] [hivemq-platform-operator] [fe9acb5f] 04:08:01.146 [ReconcilerExecutor-hivemq-controller-111] DEBUG c.h.p.o.HiveMQPlatformReconciler - [helmmqtt] Custom Resource Spec (replicas: 1) (extensions: 1)
2025-01-30 04:08:01,149 INFO c.h.h.t.HelmChartContainer - [hivemq-test-hivemq-platform] [hivemq-platform-operator] [fe9acb5f] 04:08:01.148 [ReconcilerExecutor-hivemq-controller-111] DEBUG c.h.p.o.HiveMQPlatformReconciler - [helmmqtt] StatefulSet Status (revision: test-hivemq-platform-7bbc5894fb, replicas: 1, available: 0, ready: 0, current: 1, updated: 1)
2025-01-30 04:08:01,149 INFO c.h.h.t.HelmChartContainer - [hivemq-test-hivemq-platform] [hivemq-platform-operator] [fe9acb5f] 04:08:01.148 [ReconcilerExecutor-hivemq-controller-111] DEBUG c.h.p.o.HiveMQPlatformReconciler - [helmmqtt] StatefulSet Spec (replicas: 1, init containers: 1, containers: 1, volumes: 3)
2025-01-30 04:08:01,150 INFO c.h.h.t.HelmChartContainer - [hivemq-test-hivemq-platform] [hivemq-platform-operator] [fe9acb5f] 04:08:01.149 [ReconcilerExecutor-hivemq-controller-111] DEBUG c.h.p.o.h.HiveMQPlatformReconcilerErrorHandler - [helmmqtt] Pod 'test-hivemq-platform-0' phase Running
2025-01-30 04:08:01,150 INFO c.h.h.t.HelmChartContainer - [hivemq-test-hivemq-platform] [hivemq-platform-operator] [fe9acb5f] 04:08:01.150 [ReconcilerExecutor-hivemq-controller-111] INFO  c.h.p.o.h.HiveMQPlatformReconcilerBaseHandler - [helmmqtt] HiveMQ Platform is starting, 0 of 1 replicas are ready
2025-01-30 04:08:01,174 INFO c.h.h.t.HelmChartContainer - [test-hivemq-platform] [hivemq] [5f8aba1f] WARN  - [HiveMQ Platform Operator Init App 1.7.0-SNAPSHOT] Cannot connect to Health API for readiness: null
2025-01-30 04:08:01,176 INFO c.h.h.t.HelmChartContainer - [EVENT] Warning [Unhealthy] Readiness probe failed: HTTP probe failed with statuscode: 503 [helmmqttit:test-hivemq-platform-0]
2025-01-30 04:08:01,176 INFO c.h.h.t.HelmChartContainer - Received Unhealthy event for container hivemq in pod test-hivemq-platform-0 [5f8aba1f-9fcc-4306-8b6e-9130813bc424]
2025-01-30 04:08:03,079 INFO c.h.h.t.HelmChartContainer - [test-hivemq-platform] [hivemq] [5f8aba1f] INFO  - No valid license file found. Using trial license, restricted to 25 connections.
2025-01-30 04:08:04,076 INFO c.h.h.t.HelmChartContainer - [test-hivemq-platform] [hivemq] [5f8aba1f] WARN  - [HiveMQ Platform Operator Init App 1.7.0-SNAPSHOT] Cannot connect to Health API for liveness: null
2025-01-30 04:08:04,077 INFO c.h.h.t.HelmChartContainer - [test-hivemq-platform] [hivemq] [5f8aba1f] INFO  - [HiveMQ Platform Operator Init App 1.7.0-SNAPSHOT] Returning default Health API response 200 for liveness
2025-01-30 04:08:06,071 INFO c.h.h.t.HelmChartContainer - [test-hivemq-platform] [hivemq] [5f8aba1f] INFO  - No valid license file for Data Hub found. Using free license, restricted to 1 policy.
2025-01-30 04:08:06,176 INFO c.h.h.t.HelmChartContainer - [test-hivemq-platform] [hivemq] [5f8aba1f] WARN  - [HiveMQ Platform Operator Init App 1.7.0-SNAPSHOT] Cannot connect to Health API for readiness: null
2025-01-30 04:08:06,178 INFO c.h.h.t.HelmChartContainer - [EVENT] Warning [Unhealthy] Readiness probe failed: HTTP probe failed with statuscode: 503 [helmmqttit:test-hivemq-platform-0]
2025-01-30 04:08:06,178 INFO c.h.h.t.HelmChartContainer - Received Unhealthy event for container hivemq in pod test-hivemq-platform-0 [5f8aba1f-9fcc-4306-8b6e-9130813bc424]
2025-01-30 04:08:07,180 INFO c.h.h.t.HelmChartContainer - [test-hivemq-platform] [hivemq] [5f8aba1f] INFO  - Audit Logger started.
2025-01-30 04:08:07,463 INFO c.h.h.t.HelmChartContainer - [test-hivemq-platform] [hivemq] [5f8aba1f] INFO  - This node uses '1' CPU cores.
2025-01-30 04:08:07,471 INFO c.h.h.t.HelmChartContainer - [test-hivemq-platform] [hivemq] [5f8aba1f] INFO  - Starting HiveMQ Health API on address 0.0.0.0 and port 8889
2025-01-30 04:08:08,288 INFO c.h.h.t.HelmChartContainer - [test-hivemq-platform] [hivemq] [5f8aba1f] INFO  - Started HiveMQ Health API in 816ms
2025-01-30 04:08:08,984 INFO c.h.h.t.HelmChartContainer - [test-hivemq-platform] [hivemq] [5f8aba1f] INFO  - Starting HiveMQ extension system.
2025-01-30 04:08:09,263 INFO c.h.h.t.HelmChartContainer - [test-hivemq-platform] [hivemq] [5f8aba1f] INFO  - Starting extension with id "hivemq-dns-cluster-discovery" at /opt/hivemq/extensions/hivemq-dns-cluster-discovery
2025-01-30 04:08:09,678 INFO c.h.h.t.HelmChartContainer - [test-hivemq-platform] [hivemq] [5f8aba1f] INFO  - Extension "DNS Cluster Discovery Extension" version 4.3.2 started successfully.
2025-01-30 04:08:09,678 INFO c.h.h.t.HelmChartContainer - [test-hivemq-platform] [hivemq] [5f8aba1f] INFO  - Starting extension with id "hivemq-prometheus-extension" at /opt/hivemq/extensions/hivemq-prometheus-extension
2025-01-30 04:08:09,764 INFO c.h.h.t.HelmChartContainer - [test-hivemq-platform] [hivemq] [5f8aba1f] INFO  - Using TCP cluster transport on address 10.42.0.15 and port 7000
2025-01-30 04:08:09,778 INFO c.h.h.t.HelmChartContainer - [test-hivemq-platform] [hivemq] [5f8aba1f] INFO  - Using extension cluster discovery
2025-01-30 04:08:10,579 INFO c.h.h.t.HelmChartContainer - [test-hivemq-platform] [hivemq] [5f8aba1f] INFO  - Started Jetty Server exposing Prometheus Servlet on URI http://0.0.0.0:9399/
2025-01-30 04:08:10,579 INFO c.h.h.t.HelmChartContainer - [test-hivemq-platform] [hivemq] [5f8aba1f] INFO  - Extension "Prometheus Monitoring Extension" version 4.0.12 started successfully.
2025-01-30 04:08:10,579 INFO c.h.h.t.HelmChartContainer - [test-hivemq-platform] [hivemq] [5f8aba1f] INFO  - Starting extension with id "hivemq-allow-all-extension" at /opt/hivemq/extensions/hivemq-allow-all-extension
2025-01-30 04:08:10,579 INFO c.h.h.t.HelmChartContainer - [test-hivemq-platform] [hivemq] [5f8aba1f] WARN  - 
2025-01-30 04:08:10,579 INFO c.h.h.t.HelmChartContainer - [test-hivemq-platform] [hivemq] [5f8aba1f] ################################################################################################################
2025-01-30 04:08:10,579 INFO c.h.h.t.HelmChartContainer - [test-hivemq-platform] [hivemq] [5f8aba1f] # This HiveMQ deployment is not secure! You are lacking Authentication and Authorization.                      #
2025-01-30 04:08:10,579 INFO c.h.h.t.HelmChartContainer - [test-hivemq-platform] [hivemq] [5f8aba1f] # Right now any MQTT client can connect to the broker with a full set of permissions.                          #
2025-01-30 04:08:10,579 INFO c.h.h.t.HelmChartContainer - [test-hivemq-platform] [hivemq] [5f8aba1f] # For production usage, add an appropriate security extension and remove the hivemq-allow-all extension.       #
2025-01-30 04:08:10,579 INFO c.h.h.t.HelmChartContainer - [test-hivemq-platform] [hivemq] [5f8aba1f] # You can download security extensions from the HiveMQ Marketplace (https://www.hivemq.com/extensions/).       #
2025-01-30 04:08:10,579 INFO c.h.h.t.HelmChartContainer - [test-hivemq-platform] [hivemq] [5f8aba1f] ################################################################################################################
2025-01-30 04:08:10,580 INFO c.h.h.t.HelmChartContainer - [test-hivemq-platform] [hivemq] [5f8aba1f] INFO  - Extension "Allow All Extension" version 1.1.1 started successfully.
2025-01-30 04:08:11,158 INFO c.h.h.t.HelmChartContainer - [hivemq-test-hivemq-platform] [hivemq-platform-operator] [fe9acb5f] 04:08:11.153 [pool-6-thread-33] DEBUG c.h.p.o.d.PlatformServiceResource - [helmmqtt] Desired Platform services (2 services)
2025-01-30 04:08:11,158 INFO c.h.h.t.HelmChartContainer - [hivemq-test-hivemq-platform] [hivemq-platform-operator] [fe9acb5f] 04:08:11.154 [pool-6-thread-36] DEBUG c.h.p.o.dependants.PodInfoConfigMap - [helmmqtt] Desired PodInfo ConfigMap (1 extensions) (1 enabled)
2025-01-30 04:08:11,158 INFO c.h.h.t.HelmChartContainer - [hivemq-test-hivemq-platform] [hivemq-platform-operator] [fe9acb5f] 04:08:11.154 [pool-6-thread-36] DEBUG c.h.p.o.dependants.PodInfoConfigMap - [helmmqtt] Desired PodInfo ConfigMap (metrics port: 9399) (metrics path: /)
2025-01-30 04:08:11,158 INFO c.h.h.t.HelmChartContainer - [hivemq-test-hivemq-platform] [hivemq-platform-operator] [fe9acb5f] 04:08:11.154 [pool-6-thread-36] DEBUG c.h.p.o.dependants.PodInfoConfigMap - [helmmqtt] Desired PodInfo ConfigMap (extension state hash: -1817474005)
2025-01-30 04:08:11,158 INFO c.h.h.t.HelmChartContainer - [hivemq-test-hivemq-platform] [hivemq-platform-operator] [fe9acb5f] 04:08:11.155 [pool-6-thread-36] DEBUG c.h.p.o.d.PodServiceAccountResource - [helmmqtt] Desired PodServiceAccountResource (serviceAccountName: hivemq-platform-pod-test-hivemq-platform)
2025-01-30 04:08:11,158 INFO c.h.h.t.HelmChartContainer - [hivemq-test-hivemq-platform] [hivemq-platform-operator] [fe9acb5f] 04:08:11.158 [pool-6-thread-35] DEBUG c.h.p.o.d.StatefulSetResource - [helmmqtt] Desired StatefulSet (1 replicas) for status STARTING (READY)
2025-01-30 04:08:11,161 INFO c.h.h.t.HelmChartContainer - [hivemq-test-hivemq-platform] [hivemq-platform-operator] [fe9acb5f] 04:08:11.161 [ReconcilerExecutor-hivemq-controller-112] INFO  c.h.p.o.HiveMQPlatformReconciler - [helmmqtt] Reconciling HiveMQ Platform 'test-hivemq-platform' in namespace 'helmmqttit'
2025-01-30 04:08:11,163 INFO c.h.h.t.HelmChartContainer - [hivemq-test-hivemq-platform] [hivemq-platform-operator] [fe9acb5f] 04:08:11.161 [ReconcilerExecutor-hivemq-controller-112] DEBUG c.h.p.o.HiveMQPlatformReconciler - [helmmqtt] Custom Resource Status STARTING - HiveMQ Platform is starting (READY)
2025-01-30 04:08:11,163 INFO c.h.h.t.HelmChartContainer - [hivemq-test-hivemq-platform] [hivemq-platform-operator] [fe9acb5f] 04:08:11.161 [ReconcilerExecutor-hivemq-controller-112] DEBUG c.h.p.o.HiveMQPlatformReconciler - [helmmqtt] Custom Resource Spec (replicas: 1) (extensions: 1)
2025-01-30 04:08:11,165 INFO c.h.h.t.HelmChartContainer - [hivemq-test-hivemq-platform] [hivemq-platform-operator] [fe9acb5f] 04:08:11.162 [ReconcilerExecutor-hivemq-controller-112] DEBUG c.h.p.o.HiveMQPlatformReconciler - [helmmqtt] StatefulSet Status (revision: test-hivemq-platform-7bbc5894fb, replicas: 1, available: 0, ready: 0, current: 1, updated: 1)
2025-01-30 04:08:11,166 INFO c.h.h.t.HelmChartContainer - [hivemq-test-hivemq-platform] [hivemq-platform-operator] [fe9acb5f] 04:08:11.163 [ReconcilerExecutor-hivemq-controller-112] DEBUG c.h.p.o.HiveMQPlatformReconciler - [helmmqtt] StatefulSet Spec (replicas: 1, init containers: 1, containers: 1, volumes: 3)
2025-01-30 04:08:11,166 INFO c.h.h.t.HelmChartContainer - [hivemq-test-hivemq-platform] [hivemq-platform-operator] [fe9acb5f] 04:08:11.164 [ReconcilerExecutor-hivemq-controller-112] DEBUG c.h.p.o.h.HiveMQPlatformReconcilerErrorHandler - [helmmqtt] Pod 'test-hivemq-platform-0' phase Running
2025-01-30 04:08:11,166 INFO c.h.h.t.HelmChartContainer - [hivemq-test-hivemq-platform] [hivemq-platform-operator] [fe9acb5f] 04:08:11.165 [ReconcilerExecutor-hivemq-controller-112] INFO  c.h.p.o.h.HiveMQPlatformReconcilerBaseHandler - [helmmqtt] HiveMQ Platform is starting, 0 of 1 replicas are ready
2025-01-30 04:08:11,572 INFO c.h.h.t.HelmChartContainer - [test-hivemq-platform] [hivemq] [5f8aba1f] INFO  - [HiveMQ Platform Operator Init App 1.7.0-SNAPSHOT] Returning Health API response 503 for readiness
2025-01-30 04:08:11,577 INFO c.h.h.t.HelmChartContainer - [EVENT] Warning [Unhealthy] Readiness probe failed: HTTP probe failed with statuscode: 503 [helmmqttit:test-hivemq-platform-0]
2025-01-30 04:08:11,577 INFO c.h.h.t.HelmChartContainer - Received Unhealthy event for container hivemq in pod test-hivemq-platform-0 [5f8aba1f-9fcc-4306-8b6e-9130813bc424]
2025-01-30 04:08:11,588 INFO c.h.h.t.HelmChartContainer - [K3S] [range_allocator.go:247] "Successfully synced" key="969b9ea92551"
2025-01-30 04:08:12,678 INFO c.h.h.t.HelmChartContainer - [test-hivemq-platform] [hivemq] [5f8aba1f] INFO  - fc85W: no members discovered after 2301 ms: creating cluster as first member
2025-01-30 04:08:12,683 INFO c.h.h.t.HelmChartContainer - [test-hivemq-platform] [hivemq] [5f8aba1f] INFO  - Cluster nodes found by discovery: [fc85W|0] (1) [fc85W].
2025-01-30 04:08:12,770 INFO c.h.h.t.HelmChartContainer - [test-hivemq-platform] [hivemq] [5f8aba1f] WARN  - No user for HiveMQ Control Center configured. Starting with default user
2025-01-30 04:08:12,770 INFO c.h.h.t.HelmChartContainer - [test-hivemq-platform] [hivemq] [5f8aba1f] INFO  - Starting HiveMQ Control Center on address 127.0.0.1 and port 8080
2025-01-30 04:08:12,772 INFO c.h.h.t.HelmChartContainer - [test-hivemq-platform] [hivemq] [5f8aba1f] INFO  - Mounting HiveMQ Control Center V2 Preview
2025-01-30 04:08:13,383 INFO c.h.h.t.HelmChartContainer - [test-hivemq-platform] [hivemq] [5f8aba1f] INFO  - Started HiveMQ Control Center in 613ms
2025-01-30 04:08:13,479 INFO c.h.h.t.HelmChartContainer - [test-hivemq-platform] [hivemq] [5f8aba1f] INFO  - Starting TCP listener on address 0.0.0.0 and port 1884
2025-01-30 04:08:13,573 INFO c.h.h.t.HelmChartContainer - [test-hivemq-platform] [hivemq] [5f8aba1f] INFO  - Started TCP Listener on address 0.0.0.0 and on port 1884.
2025-01-30 04:08:13,573 INFO c.h.h.t.HelmChartContainer - [test-hivemq-platform] [hivemq] [5f8aba1f] INFO  - Started HiveMQ in 29901ms
2025-01-30 04:08:16,091 INFO c.h.h.t.HelmChartContainer - [test-hivemq-platform] [hivemq] [5f8aba1f] INFO  - [HiveMQ Platform Operator Init App 1.7.0-SNAPSHOT] Returning Health API response 200 for readiness
2025-01-30 04:08:16,107 INFO c.h.h.t.HelmChartContainer - [POD] test-hivemq-platform-0 [5f8aba1f-9fcc-4306-8b6e-9130813bc424] in helmmqttit was MODIFIED
2025-01-30 04:08:16,116 INFO c.h.h.t.HelmChartContainer - [hivemq-test-hivemq-platform] [hivemq-platform-operator] [fe9acb5f] 04:08:16.110 [pool-6-thread-41] DEBUG c.h.p.o.d.PlatformServiceResource - [helmmqtt] Desired Platform services (2 services)
2025-01-30 04:08:16,121 INFO c.h.h.t.HelmChartContainer - [hivemq-test-hivemq-platform] [hivemq-platform-operator] [fe9acb5f] 04:08:16.111 [pool-6-thread-45] DEBUG c.h.p.o.dependants.PodInfoConfigMap - [helmmqtt] Desired PodInfo ConfigMap (1 extensions) (1 enabled)
2025-01-30 04:08:16,124 INFO c.h.h.t.HelmChartContainer - [hivemq-test-hivemq-platform] [hivemq-platform-operator] [fe9acb5f] 04:08:16.117 [pool-6-thread-45] DEBUG c.h.p.o.dependants.PodInfoConfigMap - [helmmqtt] Desired PodInfo ConfigMap (metrics port: 9399) (metrics path: /)
2025-01-30 04:08:16,124 INFO c.h.h.t.HelmChartContainer - [hivemq-test-hivemq-platform] [hivemq-platform-operator] [fe9acb5f] 04:08:16.117 [pool-6-thread-45] DEBUG c.h.p.o.dependants.PodInfoConfigMap - [helmmqtt] Desired PodInfo ConfigMap (extension state hash: -1817474005)
2025-01-30 04:08:16,124 INFO c.h.h.t.HelmChartContainer - [hivemq-test-hivemq-platform] [hivemq-platform-operator] [fe9acb5f] 04:08:16.111 [pool-6-thread-44] DEBUG c.h.p.o.d.PodServiceAccountResource - [helmmqtt] Desired PodServiceAccountResource (serviceAccountName: hivemq-platform-pod-test-hivemq-platform)
2025-01-30 04:08:16,124 INFO c.h.h.t.HelmChartContainer - [hivemq-test-hivemq-platform] [hivemq-platform-operator] [fe9acb5f] 04:08:16.119 [pool-6-thread-45] DEBUG c.h.p.o.d.StatefulSetResource - [helmmqtt] Desired StatefulSet (1 replicas) for status STARTING (READY)
2025-01-30 04:08:16,195 INFO c.h.h.t.HelmChartContainer - [hivemq-test-hivemq-platform] [hivemq-platform-operator] [fe9acb5f] 04:08:16.194 [ReconcilerExecutor-hivemq-controller-113] INFO  c.h.p.o.HiveMQPlatformReconciler - [helmmqtt] Reconciling HiveMQ Platform 'test-hivemq-platform' in namespace 'helmmqttit'
2025-01-30 04:08:16,195 INFO c.h.h.t.HelmChartContainer - [hivemq-test-hivemq-platform] [hivemq-platform-operator] [fe9acb5f] 04:08:16.194 [ReconcilerExecutor-hivemq-controller-113] DEBUG c.h.p.o.HiveMQPlatformReconciler - [helmmqtt] Custom Resource Status STARTING - HiveMQ Platform is starting (READY)
2025-01-30 04:08:16,195 INFO c.h.h.t.HelmChartContainer - [hivemq-test-hivemq-platform] [hivemq-platform-operator] [fe9acb5f] 04:08:16.194 [ReconcilerExecutor-hivemq-controller-113] DEBUG c.h.p.o.HiveMQPlatformReconciler - [helmmqtt] Custom Resource Spec (replicas: 1) (extensions: 1)
2025-01-30 04:08:16,202 INFO c.h.h.t.HelmChartContainer - [hivemq-test-hivemq-platform] [hivemq-platform-operator] [fe9acb5f] 04:08:16.200 [ReconcilerExecutor-hivemq-controller-113] DEBUG c.h.p.o.HiveMQPlatformReconciler - [helmmqtt] StatefulSet Status (revision: test-hivemq-platform-7bbc5894fb, replicas: 1, available: 1, ready: 1, current: 1, updated: 1)
2025-01-30 04:08:16,202 INFO c.h.h.t.HelmChartContainer - [hivemq-test-hivemq-platform] [hivemq-platform-operator] [fe9acb5f] 04:08:16.200 [ReconcilerExecutor-hivemq-controller-113] DEBUG c.h.p.o.HiveMQPlatformReconciler - [helmmqtt] StatefulSet Spec (replicas: 1, init containers: 1, containers: 1, volumes: 3)
2025-01-30 04:08:16,204 INFO c.h.h.t.HelmChartContainer - [hivemq-test-hivemq-platform] [hivemq-platform-operator] [fe9acb5f] 04:08:16.203 [ReconcilerExecutor-hivemq-controller-113] DEBUG c.h.p.o.h.HiveMQPlatformReconcilerErrorHandler - [helmmqtt] Pod 'test-hivemq-platform-0' phase Running
2025-01-30 04:08:16,205 INFO c.h.h.t.HelmChartContainer - [hivemq-test-hivemq-platform] [hivemq-platform-operator] [fe9acb5f] 04:08:16.205 [ReconcilerExecutor-hivemq-controller-113] INFO  c.h.p.o.h.HiveMQPlatformReconcilerBaseHandler - [helmmqtt] HiveMQ Platform started successfully
2025-01-30 04:08:16,304 INFO c.h.h.t.HelmChartContainer - [hivemq-test-hivemq-platform] [hivemq-platform-operator] [fe9acb5f] 04:08:16.304 [ReconcilerExecutor-hivemq-controller-113] DEBUG c.h.p.operator.event.EventSender - [helmmqtt] Creating K8s event hivemq-platform-ready: [Ready] HiveMQ Platform is ready
2025-01-30 04:08:16,308 INFO c.h.h.t.HelmChartContainer - [EVENT] Normal [Ready] HiveMQ Platform is ready [helmmqttit:test-hivemq-platform]
2025-01-30 04:08:16,309 INFO c.h.h.t.HelmChartContainer - [hivemq-test-hivemq-platform] [hivemq-platform-operator] [fe9acb5f] 04:08:16.308 [ReconcilerExecutor-hivemq-controller-113] INFO  c.h.p.o.h.AbstractHiveMQReconcilerStateHandler - [helmmqtt] Update HiveMQ Platform Status (STARTING [READY] -> RUNNING [READY]): HiveMQ Platform is ready
2025-01-30 04:08:16,315 DEBUG com.hivemq.helmcharts.util.K8sUtil - Comparing actual state 'RUNNING' and waiting for 'RUNNING'
2025-01-30 04:08:16,396 INFO c.h.h.t.HelmChartContainer - [hivemq-test-hivemq-platform] [hivemq-platform-operator] [fe9acb5f] 04:08:16.394 [pool-6-thread-4] DEBUG c.h.p.o.dependants.PodInfoConfigMap - [helmmqtt] Desired PodInfo ConfigMap (1 extensions) (1 enabled)
2025-01-30 04:08:16,396 INFO c.h.h.t.HelmChartContainer - [hivemq-test-hivemq-platform] [hivemq-platform-operator] [fe9acb5f] 04:08:16.394 [pool-6-thread-4] DEBUG c.h.p.o.dependants.PodInfoConfigMap - [helmmqtt] Desired PodInfo ConfigMap (metrics port: 9399) (metrics path: /)
2025-01-30 04:08:16,396 INFO c.h.h.t.HelmChartContainer - [hivemq-test-hivemq-platform] [hivemq-platform-operator] [fe9acb5f] 04:08:16.394 [pool-6-thread-4] DEBUG c.h.p.o.dependants.PodInfoConfigMap - [helmmqtt] Desired PodInfo ConfigMap (extension state hash: -1817474005)
2025-01-30 04:08:16,397 INFO c.h.h.t.HelmChartContainer - [hivemq-test-hivemq-platform] [hivemq-platform-operator] [fe9acb5f] 04:08:16.395 [pool-6-thread-4] DEBUG c.h.p.o.dependants.PodInfoConfigMap - [helmmqtt] Update PodInfo ConfigMap
2025-01-30 04:08:16,398 INFO c.h.h.t.HelmChartContainer - [hivemq-test-hivemq-platform] [hivemq-platform-operator] [fe9acb5f] 04:08:16.395 [pool-6-thread-7] DEBUG c.h.p.o.d.PodServiceAccountResource - [helmmqtt] Desired PodServiceAccountResource (serviceAccountName: hivemq-platform-pod-test-hivemq-platform)
2025-01-30 04:08:16,399 INFO c.h.h.t.HelmChartContainer - [hivemq-test-hivemq-platform] [hivemq-platform-operator] [fe9acb5f] 04:08:16.396 [pool-6-thread-2] DEBUG c.h.p.o.d.PlatformServiceResource - [helmmqtt] Desired Platform services (2 services)
2025-01-30 04:08:16,406 INFO c.h.h.t.HelmChartContainer - [hivemq-test-hivemq-platform] [hivemq-platform-operator] [fe9acb5f] 04:08:16.405 [pool-6-thread-4] DEBUG c.h.p.o.d.StatefulSetResource - [helmmqtt] Desired StatefulSet (1 replicas) for status RUNNING (READY)
2025-01-30 04:08:16,410 INFO c.h.h.t.HelmChartContainer - [hivemq-test-hivemq-platform] [hivemq-platform-operator] [fe9acb5f] 04:08:16.409 [ReconcilerExecutor-hivemq-controller-114] INFO  c.h.p.o.HiveMQPlatformReconciler - [helmmqtt] Reconciling HiveMQ Platform 'test-hivemq-platform' in namespace 'helmmqttit'
2025-01-30 04:08:16,410 INFO c.h.h.t.HelmChartContainer - [hivemq-test-hivemq-platform] [hivemq-platform-operator] [fe9acb5f] 04:08:16.409 [ReconcilerExecutor-hivemq-controller-114] DEBUG c.h.p.o.HiveMQPlatformReconciler - [helmmqtt] Custom Resource Status RUNNING - HiveMQ Platform is ready (READY)
2025-01-30 04:08:16,410 INFO c.h.h.t.HelmChartContainer - [hivemq-test-hivemq-platform] [hivemq-platform-operator] [fe9acb5f] 04:08:16.409 [ReconcilerExecutor-hivemq-controller-114] DEBUG c.h.p.o.HiveMQPlatformReconciler - [helmmqtt] Custom Resource Spec (replicas: 1) (extensions: 1)
2025-01-30 04:08:16,426 INFO c.h.h.t.HelmChartContainer - [hivemq-test-hivemq-platform] [hivemq-platform-operator] [fe9acb5f] 04:08:16.425 [ReconcilerExecutor-hivemq-controller-114] DEBUG c.h.p.o.HiveMQPlatformReconciler - [helmmqtt] StatefulSet Status (revision: test-hivemq-platform-7bbc5894fb, replicas: 1, available: 1, ready: 1, current: 1, updated: 1)
2025-01-30 04:08:16,426 INFO c.h.h.t.HelmChartContainer - [hivemq-test-hivemq-platform] [hivemq-platform-operator] [fe9acb5f] 04:08:16.425 [ReconcilerExecutor-hivemq-controller-114] DEBUG c.h.p.o.HiveMQPlatformReconciler - [helmmqtt] StatefulSet Spec (replicas: 1, init containers: 1, containers: 1, volumes: 3)
2025-01-30 04:08:16,427 INFO c.h.h.t.HelmChartContainer - [hivemq-test-hivemq-platform] [hivemq-platform-operator] [fe9acb5f] 04:08:16.426 [ReconcilerExecutor-hivemq-controller-114] DEBUG c.h.p.o.h.HiveMQPlatformReconcilerErrorHandler - [helmmqtt] Pod 'test-hivemq-platform-0' phase Running
2025-01-30 04:08:21,267 INFO c.h.h.t.HelmChartContainer - Uninstalling release 'test-hivemq-platform' in namespace 'helmmqttit'...
2025-01-30 04:08:21,267 DEBUG c.h.h.t.HelmChartContainer - Executing helm command: /bin/helm --kubeconfig /etc/rancher/k3s/k3s.yaml uninstall test-hivemq-platform  --wait --timeout 5m0s --cascade foreground --namespace helmmqttit
2025-01-30 04:08:21,446 INFO c.h.h.t.HelmChartContainer - [hivemq-test-hivemq-platform] [hivemq-platform-operator] [fe9acb5f] 04:08:21.439 [pool-6-thread-16] DEBUG c.h.p.o.d.PlatformServiceResource - [helmmqtt] Desired Platform services (2 services)
2025-01-30 04:08:21,446 INFO c.h.h.t.HelmChartContainer - [hivemq-test-hivemq-platform] [hivemq-platform-operator] [fe9acb5f] 04:08:21.439 [pool-6-thread-14] DEBUG c.h.p.o.dependants.PodInfoConfigMap - [helmmqtt] Desired PodInfo ConfigMap (1 extensions) (1 enabled)
2025-01-30 04:08:21,446 INFO c.h.h.t.HelmChartContainer - [hivemq-test-hivemq-platform] [hivemq-platform-operator] [fe9acb5f] 04:08:21.440 [pool-6-thread-14] DEBUG c.h.p.o.dependants.PodInfoConfigMap - [helmmqtt] Desired PodInfo ConfigMap (metrics port: 9399) (metrics path: /)
2025-01-30 04:08:21,446 INFO c.h.h.t.HelmChartContainer - [hivemq-test-hivemq-platform] [hivemq-platform-operator] [fe9acb5f] 04:08:21.440 [pool-6-thread-14] DEBUG c.h.p.o.dependants.PodInfoConfigMap - [helmmqtt] Desired PodInfo ConfigMap (extension state hash: -1817474005)
2025-01-30 04:08:21,446 INFO c.h.h.t.HelmChartContainer - [hivemq-test-hivemq-platform] [hivemq-platform-operator] [fe9acb5f] 04:08:21.441 [pool-6-thread-12] DEBUG c.h.p.o.d.PodServiceAccountResource - [helmmqtt] Desired PodServiceAccountResource (serviceAccountName: hivemq-platform-pod-test-hivemq-platform)
2025-01-30 04:08:21,452 INFO c.h.h.t.HelmChartContainer - [hivemq-test-hivemq-platform] [hivemq-platform-operator] [fe9acb5f] 04:08:21.447 [pool-6-thread-14] DEBUG c.h.p.o.d.StatefulSetResource - [helmmqtt] Desired StatefulSet (1 replicas) for status RUNNING (READY)
2025-01-30 04:08:21,482 INFO c.h.h.t.HelmChartContainer - [K3S] [authentication.go:74] "Unable to authenticate the request" err="[invalid bearer token, serviceaccounts \"hivemq-platform-pod-test-hivemq-platform\" not found]"
2025-01-30 04:08:21,497 INFO c.h.h.t.HelmChartContainer - [hivemq-test-hivemq-platform] [hivemq-platform-operator] [fe9acb5f] 04:08:21.495 [ReconcilerExecutor-hivemq-controller-115] INFO  c.h.p.o.HiveMQPlatformReconciler - [helmmqtt] Reconciling HiveMQ Platform 'test-hivemq-platform' in namespace 'helmmqttit'
2025-01-30 04:08:21,497 INFO c.h.h.t.HelmChartContainer - [hivemq-test-hivemq-platform] [hivemq-platform-operator] [fe9acb5f] 04:08:21.495 [ReconcilerExecutor-hivemq-controller-115] DEBUG c.h.p.o.HiveMQPlatformReconciler - [helmmqtt] Custom Resource Status RUNNING - HiveMQ Platform is ready (READY)
2025-01-30 04:08:21,497 INFO c.h.h.t.HelmChartContainer - [hivemq-test-hivemq-platform] [hivemq-platform-operator] [fe9acb5f] 04:08:21.495 [ReconcilerExecutor-hivemq-controller-115] DEBUG c.h.p.o.HiveMQPlatformReconciler - [helmmqtt] Custom Resource Spec (replicas: 1) (extensions: 1)
2025-01-30 04:08:21,497 INFO c.h.h.t.HelmChartContainer - [hivemq-test-hivemq-platform] [hivemq-platform-operator] [fe9acb5f] 04:08:21.495 [ReconcilerExecutor-hivemq-controller-115] WARN  c.h.p.o.h.HiveMQPlatformReconcilerErrorHandler - [helmmqtt] Could not find ConfigMap 'hivemq-configuration-test-hivemq-platform' for HiveMQ Platform configuration
2025-01-30 04:08:21,502 INFO c.h.h.t.HelmChartContainer - [K3S] [authentication.go:74] "Unable to authenticate the request" err="[invalid bearer token, serviceaccounts \"hivemq-platform-pod-test-hivemq-platform\" not found]"
2025-01-30 04:08:21,569 INFO c.h.h.t.HelmChartContainer - [test-hivemq-platform] [hivemq] [5f8aba1f] WARN  - [HiveMQ Platform Operator Init App 1.7.0-SNAPSHOT] Could not update Pod annotations: Failure executing: GET at: https://10.43.0.1:443/api/v1/namespaces/helmmqttit/pods/test-hivemq-platform-0. Message: Unauthorized. Received status: Status(apiVersion=v1, code=401, details=null, kind=Status, message=Unauthorized, metadata=ListMeta(_continue=null, remainingItemCount=null, resourceVersion=null, selfLink=null, additionalProperties={}), reason=Unauthorized, status=Failure, additionalProperties={}).
2025-01-30 04:08:21,633 INFO c.h.h.t.HelmChartContainer - [hivemq-test-hivemq-platform] [hivemq-platform-operator] [fe9acb5f] 04:08:21.631 [ReconcilerExecutor-hivemq-controller-115] DEBUG c.h.p.operator.event.EventSender - [helmmqtt] Creating K8s event hivemq-platform-invalid-configuration: [Start] Could not find ConfigMap 'hivemq-configuration-test-hivemq-platform' for HiveMQ Platform configuration
2025-01-30 04:08:21,637 INFO c.h.h.t.HelmChartContainer - [EVENT] Warning [Start] Could not find ConfigMap 'hivemq-configuration-test-hivemq-platform' for HiveMQ Platform configuration [helmmqttit:test-hivemq-platform]
2025-01-30 04:08:21,638 INFO c.h.h.t.HelmChartContainer - [hivemq-test-hivemq-platform] [hivemq-platform-operator] [fe9acb5f] 04:08:21.637 [ReconcilerExecutor-hivemq-controller-115] INFO  c.h.p.o.h.AbstractHiveMQReconcilerStateHandler - [helmmqtt] Update HiveMQ Platform Status (RUNNING [READY] -> ERROR [INVALID_CONFIG_MAP]): Could not find ConfigMap 'hivemq-configuration-test-hivemq-platform' for HiveMQ Platform configuration
2025-01-30 04:08:21,695 INFO c.h.h.t.HelmChartContainer - [hivemq-test-hivemq-platform] [hivemq-platform-operator] [fe9acb5f] 04:08:21.692 [ReconcilerExecutor-hivemq-controller-115] ERROR i.j.o.p.event.EventProcessor - Error during event processing ExecutionScope{ resource id: ResourceID{name='test-hivemq-platform', namespace='helmmqttit'}, version: 1624}
2025-01-30 04:08:21,695 INFO c.h.h.t.HelmChartContainer - [hivemq-test-hivemq-platform] [hivemq-platform-operator] [fe9acb5f] io.fabric8.kubernetes.client.KubernetesClientException: Failure executing: PUT at: https://10.43.0.1:443/apis/hivemq.com/v1/namespaces/helmmqttit/hivemq-platforms/test-hivemq-platform/status. Message: Operation cannot be fulfilled on hivemq-platforms.hivemq.com "test-hivemq-platform": the object has been modified; please apply your changes to the latest version and try again. Received status: Status(apiVersion=v1, code=409, details=StatusDetails(causes=[], group=hivemq.com, kind=hivemq-platforms, name=test-hivemq-platform, retryAfterSeconds=null, uid=null, additionalProperties={}), kind=Status, message=Operation cannot be fulfilled on hivemq-platforms.hivemq.com "test-hivemq-platform": the object has been modified; please apply your changes to the latest version and try again, metadata=ListMeta(_continue=null, remainingItemCount=null, resourceVersion=null, selfLink=null, additionalProperties={}), reason=Conflict, status=Failure, additionalProperties={}).
2025-01-30 04:08:21,695 INFO c.h.h.t.HelmChartContainer - [hivemq-test-hivemq-platform] [hivemq-platform-operator] [fe9acb5f] 	at io.fabric8.kubernetes.client.KubernetesClientException.copyAsCause(KubernetesClientException.java:238)
2025-01-30 04:08:21,695 INFO c.h.h.t.HelmChartContainer - [hivemq-test-hivemq-platform] [hivemq-platform-operator] [fe9acb5f] 	at io.fabric8.kubernetes.client.dsl.internal.OperationSupport.waitForResult(OperationSupport.java:507)
2025-01-30 04:08:21,695 INFO c.h.h.t.HelmChartContainer - [hivemq-test-hivemq-platform] [hivemq-platform-operator] [fe9acb5f] 	at io.fabric8.kubernetes.client.dsl.internal.OperationSupport.handleResponse(OperationSupport.java:524)
2025-01-30 04:08:21,695 INFO c.h.h.t.HelmChartContainer - [hivemq-test-hivemq-platform] [hivemq-platform-operator] [fe9acb5f] 	at io.fabric8.kubernetes.client.dsl.internal.OperationSupport.handleUpdate(OperationSupport.java:358)
2025-01-30 04:08:21,695 INFO c.h.h.t.HelmChartContainer - [hivemq-test-hivemq-platform] [hivemq-platform-operator] [fe9acb5f] 	at io.fabric8.kubernetes.client.dsl.internal.BaseOperation.handleUpdate(BaseOperation.java:759)
2025-01-30 04:08:21,695 INFO c.h.h.t.HelmChartContainer - [hivemq-test-hivemq-platform] [hivemq-platform-operator] [fe9acb5f] 	at io.fabric8.kubernetes.client.dsl.internal.HasMetadataOperation.update(HasMetadataOperation.java:138)
2025-01-30 04:08:21,695 INFO c.h.h.t.HelmChartContainer - [hivemq-test-hivemq-platform] [hivemq-platform-operator] [fe9acb5f] 	at io.fabric8.kubernetes.client.dsl.internal.HasMetadataOperation.update(HasMetadataOperation.java:121)
2025-01-30 04:08:21,695 INFO c.h.h.t.HelmChartContainer - [hivemq-test-hivemq-platform] [hivemq-platform-operator] [fe9acb5f] 	at io.fabric8.kubernetes.client.dsl.internal.HasMetadataOperation.updateStatus(HasMetadataOperation.java:126)
2025-01-30 04:08:21,695 INFO c.h.h.t.HelmChartContainer - [hivemq-test-hivemq-platform] [hivemq-platform-operator] [fe9acb5f] 	at io.fabric8.kubernetes.client.dsl.internal.HasMetadataOperation.updateStatus(HasMetadataOperation.java:44)
2025-01-30 04:08:21,695 INFO c.h.h.t.HelmChartContainer - [hivemq-test-hivemq-platform] [hivemq-platform-operator] [fe9acb5f] 	at io.javaoperatorsdk.operator.processing.event.ReconciliationDispatcher$CustomResourceFacade.updateStatus(ReconciliationDispatcher.java:408)
2025-01-30 04:08:21,695 INFO c.h.h.t.HelmChartContainer - [hivemq-test-hivemq-platform] [hivemq-platform-operator] [fe9acb5f] 	at io.javaoperatorsdk.operator.processing.event.ReconciliationDispatcher.updateStatusGenerationAware(ReconciliationDispatcher.java:228)
2025-01-30 04:08:21,695 INFO c.h.h.t.HelmChartContainer - [hivemq-test-hivemq-platform] [hivemq-platform-operator] [fe9acb5f] 	at io.javaoperatorsdk.operator.processing.event.ReconciliationDispatcher.reconcileExecution(ReconciliationDispatcher.java:150)
2025-01-30 04:08:21,695 INFO c.h.h.t.HelmChartContainer - [hivemq-test-hivemq-platform] [hivemq-platform-operator] [fe9acb5f] 	at io.javaoperatorsdk.operator.processing.event.ReconciliationDispatcher.handleReconcile(ReconciliationDispatcher.java:117)
2025-01-30 04:08:21,695 INFO c.h.h.t.HelmChartContainer - [hivemq-test-hivemq-platform] [hivemq-platform-operator] [fe9acb5f] 	at io.javaoperatorsdk.operator.processing.event.ReconciliationDispatcher.handleDispatch(ReconciliationDispatcher.java:91)
2025-01-30 04:08:21,695 INFO c.h.h.t.HelmChartContainer - [hivemq-test-hivemq-platform] [hivemq-platform-operator] [fe9acb5f] 	at io.javaoperatorsdk.operator.processing.event.ReconciliationDispatcher.handleExecution(ReconciliationDispatcher.java:64)
2025-01-30 04:08:21,695 INFO c.h.h.t.HelmChartContainer - [hivemq-test-hivemq-platform] [hivemq-platform-operator] [fe9acb5f] 	at io.javaoperatorsdk.operator.processing.event.EventProcessor$ReconcilerExecutor.run(EventProcessor.java:452)
2025-01-30 04:08:21,696 INFO c.h.h.t.HelmChartContainer - [hivemq-test-hivemq-platform] [hivemq-platform-operator] [fe9acb5f] 	at java.base/java.util.concurrent.ThreadPoolExecutor.runWorker(Unknown Source)
2025-01-30 04:08:21,696 INFO c.h.h.t.HelmChartContainer - [hivemq-test-hivemq-platform] [hivemq-platform-operator] [fe9acb5f] 	at java.base/java.util.concurrent.ThreadPoolExecutor$Worker.run(Unknown Source)
2025-01-30 04:08:21,696 INFO c.h.h.t.HelmChartContainer - [hivemq-test-hivemq-platform] [hivemq-platform-operator] [fe9acb5f] 	at java.base/java.lang.Thread.run(Unknown Source)
2025-01-30 04:08:21,696 INFO c.h.h.t.HelmChartContainer - [hivemq-test-hivemq-platform] [hivemq-platform-operator] [fe9acb5f] Caused by: io.fabric8.kubernetes.client.KubernetesClientException: Failure executing: PUT at: https://10.43.0.1:443/apis/hivemq.com/v1/namespaces/helmmqttit/hivemq-platforms/test-hivemq-platform/status. Message: Operation cannot be fulfilled on hivemq-platforms.hivemq.com "test-hivemq-platform": the object has been modified; please apply your changes to the latest version and try again. Received status: Status(apiVersion=v1, code=409, details=StatusDetails(causes=[], group=hivemq.com, kind=hivemq-platforms, name=test-hivemq-platform, retryAfterSeconds=null, uid=null, additionalProperties={}), kind=Status, message=Operation cannot be fulfilled on hivemq-platforms.hivemq.com "test-hivemq-platform": the object has been modified; please apply your changes to the latest version and try again, metadata=ListMeta(_continue=null, remainingItemCount=null, resourceVersion=null, selfLink=null, additionalProperties={}), reason=Conflict, status=Failure, additionalProperties={}).
2025-01-30 04:08:21,696 INFO c.h.h.t.HelmChartContainer - [hivemq-test-hivemq-platform] [hivemq-platform-operator] [fe9acb5f] 	at io.fabric8.kubernetes.client.dsl.internal.OperationSupport.requestFailure(OperationSupport.java:660)
2025-01-30 04:08:21,696 INFO c.h.h.t.HelmChartContainer - [hivemq-test-hivemq-platform] [hivemq-platform-operator] [fe9acb5f] 	at io.fabric8.kubernetes.client.dsl.internal.OperationSupport.requestFailure(OperationSupport.java:640)
2025-01-30 04:08:21,696 INFO c.h.h.t.HelmChartContainer - [hivemq-test-hivemq-platform] [hivemq-platform-operator] [fe9acb5f] 	at io.fabric8.kubernetes.client.dsl.internal.OperationSupport.assertResponseCode(OperationSupport.java:589)
2025-01-30 04:08:21,696 INFO c.h.h.t.HelmChartContainer - [hivemq-test-hivemq-platform] [hivemq-platform-operator] [fe9acb5f] 	at io.fabric8.kubernetes.client.dsl.internal.OperationSupport.lambda$handleResponse$0(OperationSupport.java:549)
2025-01-30 04:08:21,696 INFO c.h.h.t.HelmChartContainer - [hivemq-test-hivemq-platform] [hivemq-platform-operator] [fe9acb5f] 	at java.base/java.util.concurrent.CompletableFuture$UniApply.tryFire(Unknown Source)
2025-01-30 04:08:21,696 INFO c.h.h.t.HelmChartContainer - [hivemq-test-hivemq-platform] [hivemq-platform-operator] [fe9acb5f] 	at java.base/java.util.concurrent.CompletableFuture.postComplete(Unknown Source)
2025-01-30 04:08:21,696 INFO c.h.h.t.HelmChartContainer - [hivemq-test-hivemq-platform] [hivemq-platform-operator] [fe9acb5f] 	at java.base/java.util.concurrent.CompletableFuture.complete(Unknown Source)
2025-01-30 04:08:21,696 INFO c.h.h.t.HelmChartContainer - [hivemq-test-hivemq-platform] [hivemq-platform-operator] [fe9acb5f] 	at io.fabric8.kubernetes.client.http.StandardHttpClient.lambda$completeOrCancel$10(StandardHttpClient.java:141)
2025-01-30 04:08:21,696 INFO c.h.h.t.HelmChartContainer - [hivemq-test-hivemq-platform] [hivemq-platform-operator] [fe9acb5f] 	at java.base/java.util.concurrent.CompletableFuture.uniWhenComplete(Unknown Source)
2025-01-30 04:08:21,696 INFO c.h.h.t.HelmChartContainer - [hivemq-test-hivemq-platform] [hivemq-platform-operator] [fe9acb5f] 	at java.base/java.util.concurrent.CompletableFuture$UniWhenComplete.tryFire(Unknown Source)
2025-01-30 04:08:21,696 INFO c.h.h.t.HelmChartContainer - [hivemq-test-hivemq-platform] [hivemq-platform-operator] [fe9acb5f] 	at java.base/java.util.concurrent.CompletableFuture.postComplete(Unknown Source)
2025-01-30 04:08:21,696 INFO c.h.h.t.HelmChartContainer - [hivemq-test-hivemq-platform] [hivemq-platform-operator] [fe9acb5f] 	at java.base/java.util.concurrent.CompletableFuture.complete(Unknown Source)
2025-01-30 04:08:21,696 INFO c.h.h.t.HelmChartContainer - [hivemq-test-hivemq-platform] [hivemq-platform-operator] [fe9acb5f] 	at io.fabric8.kubernetes.client.http.ByteArrayBodyHandler.onBodyDone(ByteArrayBodyHandler.java:51)
2025-01-30 04:08:21,696 INFO c.h.h.t.HelmChartContainer - [hivemq-test-hivemq-platform] [hivemq-platform-operator] [fe9acb5f] 	at java.base/java.util.concurrent.CompletableFuture.uniWhenComplete(Unknown Source)
2025-01-30 04:08:21,696 INFO c.h.h.t.HelmChartContainer - [hivemq-test-hivemq-platform] [hivemq-platform-operator] [fe9acb5f] 	at java.base/java.util.concurrent.CompletableFuture$UniWhenComplete.tryFire(Unknown Source)
2025-01-30 04:08:21,696 INFO c.h.h.t.HelmChartContainer - [hivemq-test-hivemq-platform] [hivemq-platform-operator] [fe9acb5f] 	at java.base/java.util.concurrent.CompletableFuture.postComplete(Unknown Source)
2025-01-30 04:08:21,696 INFO c.h.h.t.HelmChartContainer - [hivemq-test-hivemq-platform] [hivemq-platform-operator] [fe9acb5f] 	at java.base/java.util.concurrent.CompletableFuture.complete(Unknown Source)
2025-01-30 04:08:21,696 INFO c.h.h.t.HelmChartContainer - [hivemq-test-hivemq-platform] [hivemq-platform-operator] [fe9acb5f] 	at io.fabric8.kubernetes.client.vertx.VertxHttpRequest.lambda$null$1(VertxHttpRequest.java:121)
2025-01-30 04:08:21,696 INFO c.h.h.t.HelmChartContainer - [hivemq-test-hivemq-platform] [hivemq-platform-operator] [fe9acb5f] 	at io.vertx.core.impl.ContextInternal.dispatch(ContextInternal.java:279)
2025-01-30 04:08:21,696 INFO c.h.h.t.HelmChartContainer - [hivemq-test-hivemq-platform] [hivemq-platform-operator] [fe9acb5f] 	at io.vertx.core.impl.ContextInternal.dispatch(ContextInternal.java:261)
2025-01-30 04:08:21,696 INFO c.h.h.t.HelmChartContainer - [hivemq-test-hivemq-platform] [hivemq-platform-operator] [fe9acb5f] 	at io.vertx.core.http.impl.HttpEventHandler.handleEnd(HttpEventHandler.java:76)
2025-01-30 04:08:21,696 INFO c.h.h.t.HelmChartContainer - [hivemq-test-hivemq-platform] [hivemq-platform-operator] [fe9acb5f] 	at io.vertx.core.http.impl.HttpClientResponseImpl.handleEnd(HttpClientResponseImpl.java:250)
2025-01-30 04:08:21,696 INFO c.h.h.t.HelmChartContainer - [hivemq-test-hivemq-platform] [hivemq-platform-operator] [fe9acb5f] 	at io.vertx.core.http.impl.Http1xClientConnection$StreamImpl.lambda$new$0(Http1xClientConnection.java:421)
2025-01-30 04:08:21,696 INFO c.h.h.t.HelmChartContainer - [hivemq-test-hivemq-platform] [hivemq-platform-operator] [fe9acb5f] 	at io.vertx.core.streams.impl.InboundBuffer.handleEvent(InboundBuffer.java:279)
2025-01-30 04:08:21,696 INFO c.h.h.t.HelmChartContainer - [hivemq-test-hivemq-platform] [hivemq-platform-operator] [fe9acb5f] 	at io.vertx.core.streams.impl.InboundBuffer.write(InboundBuffer.java:157)
2025-01-30 04:08:21,696 INFO c.h.h.t.HelmChartContainer - [hivemq-test-hivemq-platform] [hivemq-platform-operator] [fe9acb5f] 	at io.vertx.core.http.impl.Http1xClientConnection$StreamImpl.handleEnd(Http1xClientConnection.java:709)
2025-01-30 04:08:21,696 INFO c.h.h.t.HelmChartContainer - [hivemq-test-hivemq-platform] [hivemq-platform-operator] [fe9acb5f] 	at io.vertx.core.impl.ContextImpl.lambda$execute$4(ContextImpl.java:315)
2025-01-30 04:08:21,696 INFO c.h.h.t.HelmChartContainer - [hivemq-test-hivemq-platform] [hivemq-platform-operator] [fe9acb5f] 	at io.netty.util.concurrent.AbstractEventExecutor.runTask(AbstractEventExecutor.java:173)
2025-01-30 04:08:21,696 INFO c.h.h.t.HelmChartContainer - [hivemq-test-hivemq-platform] [hivemq-platform-operator] [fe9acb5f] 	at io.netty.util.concurrent.AbstractEventExecutor.safeExecute(AbstractEventExecutor.java:166)
2025-01-30 04:08:21,696 INFO c.h.h.t.HelmChartContainer - [hivemq-test-hivemq-platform] [hivemq-platform-operator] [fe9acb5f] 	at io.netty.util.concurrent.SingleThreadEventExecutor.runAllTasks(SingleThreadEventExecutor.java:472)
2025-01-30 04:08:21,696 INFO c.h.h.t.HelmChartContainer - [hivemq-test-hivemq-platform] [hivemq-platform-operator] [fe9acb5f] 	at io.netty.channel.nio.NioEventLoop.run(NioEventLoop.java:569)
2025-01-30 04:08:21,696 INFO c.h.h.t.HelmChartContainer - [hivemq-test-hivemq-platform] [hivemq-platform-operator] [fe9acb5f] 	at io.netty.util.concurrent.SingleThreadEventExecutor$4.run(SingleThreadEventExecutor.java:997)
2025-01-30 04:08:21,696 INFO c.h.h.t.HelmChartContainer - [hivemq-test-hivemq-platform] [hivemq-platform-operator] [fe9acb5f] 	at io.netty.util.internal.ThreadExecutorMap$2.run(ThreadExecutorMap.java:74)
2025-01-30 04:08:21,696 INFO c.h.h.t.HelmChartContainer - [hivemq-test-hivemq-platform] [hivemq-platform-operator] [fe9acb5f] 	at io.netty.util.concurrent.FastThreadLocalRunnable.run(FastThreadLocalRunnable.java:30)
2025-01-30 04:08:21,696 INFO c.h.h.t.HelmChartContainer - [hivemq-test-hivemq-platform] [hivemq-platform-operator] [fe9acb5f] 	... 1 common frames omitted
2025-01-30 04:08:21,727 INFO c.h.h.t.HelmChartContainer - [hivemq-test-hivemq-platform] [hivemq-platform-operator] [fe9acb5f] 04:08:21.727 [ReconcilerExecutor-hivemq-controller-118] INFO  c.h.p.o.HiveMQPlatformReconciler - [helmmqtt] Cleanup test-hivemq-platform - helmmqttit HiveMQ Platform is shut down
2025-01-30 04:08:21,999 INFO c.h.h.t.HelmChartContainer - [POD] test-hivemq-platform-0 [5f8aba1f-9fcc-4306-8b6e-9130813bc424] in helmmqttit was MODIFIED
2025-01-30 04:08:22,010 INFO c.h.h.t.HelmChartContainer - [test-hivemq-platform] [hivemq] [5f8aba1f] INFO  - [HiveMQ Platform Operator Init App 1.7.0-SNAPSHOT] Shutting down
2025-01-30 04:08:22,013 INFO c.h.h.t.HelmChartContainer - [EVENT] Normal [Killing] Stopping container hivemq [helmmqttit:test-hivemq-platform-0]
2025-01-30 04:08:22,013 INFO c.h.h.t.HelmChartContainer - Received Killing event for container hivemq in pod test-hivemq-platform-0 [5f8aba1f-9fcc-4306-8b6e-9130813bc424]
2025-01-30 04:08:22,013 INFO c.h.h.t.HelmChartContainer - Container [test-hivemq-platform-0] [hivemq] [5f8aba1f-9fcc-4306-8b6e-9130813bc424] was terminated
2025-01-30 04:08:22,013 INFO c.h.h.t.HelmChartContainer - Stopped log watcher for hivemq in pod test-hivemq-platform-0 [5f8aba1f-9fcc-4306-8b6e-9130813bc424]
2025-01-30 04:08:22,014 INFO c.h.h.t.HelmChartContainer - [test-hivemq-platform] [hivemq] [5f8aba1f] INFO  - [HiveMQ Platform Operator Init App 1.7.0-SNAPSHOT] Stopping the HiveMQ Platform
2025-01-30 04:08:22,091 INFO c.h.h.t.HelmChartContainer - [test-hivemq-platform] [hivemq] [5f8aba1f] INFO  - Shutting down HiveMQ. Please wait, this could take a while...
2025-01-30 04:08:22,162 INFO c.h.h.t.HelmChartContainer - [test-hivemq-platform] [hivemq] [5f8aba1f] INFO  - Shutting down listeners and clients
2025-01-30 04:08:22,170 INFO c.h.h.t.HelmChartContainer - [test-hivemq-platform] [hivemq] [5f8aba1f] INFO  - Shutdown of listeners is done
2025-01-30 04:08:22,171 INFO c.h.h.t.HelmChartContainer - [test-hivemq-platform] [hivemq] [5f8aba1f] INFO  - No clients are connected, proceeding with shutdown
2025-01-30 04:08:23,507 INFO c.h.h.t.HelmChartContainer - Deleting namespace 'helmmqttit'...
2025-01-30 04:08:25,076 INFO c.h.h.t.HelmChartContainer - [test-hivemq-platform] [hivemq] [5f8aba1f] INFO  - Shutting down extension system
2025-01-30 04:08:25,082 INFO c.h.h.t.HelmChartContainer - [test-hivemq-platform] [hivemq] [5f8aba1f] INFO  - Stopping extension with id hivemq-dns-cluster-discovery
2025-01-30 04:08:25,082 INFO c.h.h.t.HelmChartContainer - [test-hivemq-platform] [hivemq] [5f8aba1f] INFO  - Extension "DNS Cluster Discovery Extension" version 4.3.2 stopped successfully.
2025-01-30 04:08:25,083 INFO c.h.h.t.HelmChartContainer - [test-hivemq-platform] [hivemq] [5f8aba1f] INFO  - Stopping extension with id hivemq-prometheus-extension
2025-01-30 04:08:25,086 INFO c.h.h.t.HelmChartContainer - [test-hivemq-platform] [hivemq] [5f8aba1f] INFO  - Extension "Prometheus Monitoring Extension" version 4.0.12 stopped successfully.
2025-01-30 04:08:25,086 INFO c.h.h.t.HelmChartContainer - [test-hivemq-platform] [hivemq] [5f8aba1f] INFO  - Stopping extension with id hivemq-allow-all-extension
2025-01-30 04:08:25,087 INFO c.h.h.t.HelmChartContainer - [test-hivemq-platform] [hivemq] [5f8aba1f] INFO  - Extension "Allow All Extension" version 1.1.1 stopped successfully.
2025-01-30 04:08:26,086 INFO c.h.h.t.HelmChartContainer - [test-hivemq-platform] [hivemq] [5f8aba1f] INFO  - [HiveMQ Platform Operator Init App 1.7.0-SNAPSHOT] Returning shutdown Health API response 503 for readiness
2025-01-30 04:08:26,090 INFO c.h.h.t.HelmChartContainer - [EVENT] Warning [Unhealthy] Readiness probe failed: HTTP probe failed with statuscode: 503 [helmmqttit:test-hivemq-platform-0]
2025-01-30 04:08:26,090 INFO c.h.h.t.HelmChartContainer - Received Unhealthy event for container hivemq in pod test-hivemq-platform-0 [5f8aba1f-9fcc-4306-8b6e-9130813bc424]
2025-01-30 04:08:26,573 INFO c.h.h.t.HelmChartContainer - [K3S] [authentication.go:74] "Unable to authenticate the request" err="[invalid bearer token, serviceaccounts \"hivemq-platform-pod-test-hivemq-platform\" not found]"
2025-01-30 04:08:26,583 INFO c.h.h.t.HelmChartContainer - [K3S] [authentication.go:74] "Unable to authenticate the request" err="[invalid bearer token, serviceaccounts \"hivemq-platform-pod-test-hivemq-platform\" not found]"
2025-01-30 04:08:26,585 INFO c.h.h.t.HelmChartContainer - [test-hivemq-platform] [hivemq] [5f8aba1f] WARN  - [HiveMQ Platform Operator Init App 1.7.0-SNAPSHOT] Could not update Pod annotations: Failure executing: GET at: https://10.43.0.1:443/api/v1/namespaces/helmmqttit/pods/test-hivemq-platform-0. Message: Unauthorized. Received status: Status(apiVersion=v1, code=401, details=null, kind=Status, message=Unauthorized, metadata=ListMeta(_continue=null, remainingItemCount=null, resourceVersion=null, selfLink=null, additionalProperties={}), reason=Unauthorized, status=Failure, additionalProperties={}).
2025-01-30 04:08:27,372 INFO c.h.h.t.HelmChartContainer - [test-hivemq-platform] [hivemq] [5f8aba1f] INFO  - Shutdown completed.
2025-01-30 04:08:27,719 INFO c.h.h.t.HelmChartContainer - [test-hivemq-platform] [hivemq] [5f8aba1f] INFO  - [HiveMQ Platform Operator Init App 1.7.0-SNAPSHOT] The HiveMQ Platform exited with code 143
2025-01-30 04:08:27,719 INFO c.h.h.t.HelmChartContainer - [test-hivemq-platform] [hivemq] [5f8aba1f] INFO  - [HiveMQ Platform Operator Init App 1.7.0-SNAPSHOT] Stopping the REST API
2025-01-30 04:08:27,724 INFO c.h.h.t.HelmChartContainer - [test-hivemq-platform] [hivemq] [5f8aba1f] INFO  - [HiveMQ Platform Operator Init App 1.7.0-SNAPSHOT] Shutdown complete
2025-01-30 04:08:28,164 INFO c.h.h.t.HelmChartContainer - [POD] test-hivemq-platform-0 [5f8aba1f-9fcc-4306-8b6e-9130813bc424] in helmmqttit was MODIFIED
2025-01-30 04:08:28,165 INFO c.h.h.t.HelmChartContainer - [K3S] [stateful_set.go:438] "Unhandled Error" err="error syncing StatefulSet helmmqttit/test-hivemq-platform, requeuing: controllerrevisions.apps \"test-hivemq-platform-7bbc5894fb\" is forbidden: unable to create new content in namespace helmmqttit because it is being terminated"
2025-01-30 04:08:28,173 INFO c.h.h.t.HelmChartContainer - [K3S] [stateful_set.go:438] "Unhandled Error" err="error syncing StatefulSet helmmqttit/test-hivemq-platform, requeuing: controllerrevisions.apps \"test-hivemq-platform-7bbc5894fb\" is forbidden: unable to create new content in namespace helmmqttit because it is being terminated"
2025-01-30 04:08:28,186 INFO c.h.h.t.HelmChartContainer - [K3S] [stateful_set.go:438] "Unhandled Error" err="error syncing StatefulSet helmmqttit/test-hivemq-platform, requeuing: controllerrevisions.apps \"test-hivemq-platform-7bbc5894fb\" is forbidden: unable to create new content in namespace helmmqttit because it is being terminated"
2025-01-30 04:08:28,209 INFO c.h.h.t.HelmChartContainer - [K3S] [stateful_set.go:438] "Unhandled Error" err="error syncing StatefulSet helmmqttit/test-hivemq-platform, requeuing: controllerrevisions.apps \"test-hivemq-platform-7bbc5894fb\" is forbidden: unable to create new content in namespace helmmqttit because it is being terminated"
2025-01-30 04:08:28,252 INFO c.h.h.t.HelmChartContainer - [K3S] [stateful_set.go:438] "Unhandled Error" err="error syncing StatefulSet helmmqttit/test-hivemq-platform, requeuing: controllerrevisions.apps \"test-hivemq-platform-7bbc5894fb\" is forbidden: unable to create new content in namespace helmmqttit because it is being terminated"
2025-01-30 04:08:28,317 INFO c.h.h.t.HelmChartContainer - [K3S] [reconciler_common.go:162] "operationExecutor.UnmountVolume started for volume \"operator-init\" (UniqueName: \"kubernetes.io/empty-dir/5f8aba1f-9fcc-4306-8b6e-9130813bc424-operator-init\") pod \"5f8aba1f-9fcc-4306-8b6e-9130813bc424\" (UID: \"5f8aba1f-9fcc-4306-8b6e-9130813bc424\") "
2025-01-30 04:08:28,317 INFO c.h.h.t.HelmChartContainer - [K3S] [reconciler_common.go:162] "operationExecutor.UnmountVolume started for volume \"broker-configuration\" (UniqueName: \"kubernetes.io/configmap/5f8aba1f-9fcc-4306-8b6e-9130813bc424-broker-configuration\") pod \"5f8aba1f-9fcc-4306-8b6e-9130813bc424\" (UID: \"5f8aba1f-9fcc-4306-8b6e-9130813bc424\") "
2025-01-30 04:08:28,317 INFO c.h.h.t.HelmChartContainer - [K3S] [reconciler_common.go:162] "operationExecutor.UnmountVolume started for volume \"pod-info\" (UniqueName: \"kubernetes.io/configmap/5f8aba1f-9fcc-4306-8b6e-9130813bc424-pod-info\") pod \"5f8aba1f-9fcc-4306-8b6e-9130813bc424\" (UID: \"5f8aba1f-9fcc-4306-8b6e-9130813bc424\") "
2025-01-30 04:08:28,317 INFO c.h.h.t.HelmChartContainer - [K3S] [reconciler_common.go:162] "operationExecutor.UnmountVolume started for volume \"kube-api-access-m9sd2\" (UniqueName: \"kubernetes.io/projected/5f8aba1f-9fcc-4306-8b6e-9130813bc424-kube-api-access-m9sd2\") pod \"5f8aba1f-9fcc-4306-8b6e-9130813bc424\" (UID: \"5f8aba1f-9fcc-4306-8b6e-9130813bc424\") "
2025-01-30 04:08:28,334 INFO c.h.h.t.HelmChartContainer - [K3S] [stateful_set.go:438] "Unhandled Error" err="error syncing StatefulSet helmmqttit/test-hivemq-platform, requeuing: controllerrevisions.apps \"test-hivemq-platform-7bbc5894fb\" is forbidden: unable to create new content in namespace helmmqttit because it is being terminated"
2025-01-30 04:08:28,417 INFO c.h.h.t.HelmChartContainer - [K3S] [reconciler_common.go:299] "Volume detached for volume \"kube-api-access-m9sd2\" (UniqueName: \"kubernetes.io/projected/5f8aba1f-9fcc-4306-8b6e-9130813bc424-kube-api-access-m9sd2\") on node \"969b9ea92551\" DevicePath \"\""
2025-01-30 04:08:28,417 INFO c.h.h.t.HelmChartContainer - [K3S] [reconciler_common.go:299] "Volume detached for volume \"broker-configuration\" (UniqueName: \"kubernetes.io/configmap/5f8aba1f-9fcc-4306-8b6e-9130813bc424-broker-configuration\") on node \"969b9ea92551\" DevicePath \"\""
2025-01-30 04:08:28,417 INFO c.h.h.t.HelmChartContainer - [K3S] [reconciler_common.go:299] "Volume detached for volume \"pod-info\" (UniqueName: \"kubernetes.io/configmap/5f8aba1f-9fcc-4306-8b6e-9130813bc424-pod-info\") on node \"969b9ea92551\" DevicePath \"\""
2025-01-30 04:08:28,417 INFO c.h.h.t.HelmChartContainer - [K3S] [reconciler_common.go:299] "Volume detached for volume \"operator-init\" (UniqueName: \"kubernetes.io/empty-dir/5f8aba1f-9fcc-4306-8b6e-9130813bc424-operator-init\") on node \"969b9ea92551\" DevicePath \"\""
2025-01-30 04:08:28,498 INFO c.h.h.t.HelmChartContainer - [K3S] [stateful_set.go:438] "Unhandled Error" err="error syncing StatefulSet helmmqttit/test-hivemq-platform, requeuing: controllerrevisions.apps \"test-hivemq-platform-7bbc5894fb\" is forbidden: unable to create new content in namespace helmmqttit because it is being terminated"
2025-01-30 04:08:28,610 INFO c.h.h.t.HelmChartContainer - [K3S] [stateful_set.go:466] "StatefulSet has been deleted" key="helmmqttit/test-hivemq-platform"
2025-01-30 04:08:28,666 INFO c.h.h.t.HelmChartContainer - [K3S] [namespace_controller.go:164] "Unhandled Error" err="deletion of namespace helmmqttit failed: unexpected items still remain in namespace: helmmqttit for gvr: /v1, Resource=pods"
2025-01-30 04:08:28,819 INFO c.h.h.t.HelmChartContainer - [K3S] [stateful_set.go:466] "StatefulSet has been deleted" key="helmmqttit/test-hivemq-platform"
2025-01-30 04:08:28,841 INFO c.h.h.t.HelmChartContainer - [K3S] [namespace_controller.go:164] "Unhandled Error" err="deletion of namespace helmmqttit failed: unexpected items still remain in namespace: helmmqttit for gvr: /v1, Resource=pods"
2025-01-30 04:08:28,867 INFO c.h.h.t.HelmChartContainer - [K3S] [scope.go:117] "RemoveContainer" containerID="12bb3181d09f23a3ff89063cd7bef5a7af2b09dd7296c79b3456fdcbc6e35e32"
2025-01-30 04:08:28,885 INFO c.h.h.t.HelmChartContainer - [POD] test-hivemq-platform-0 [5f8aba1f-9fcc-4306-8b6e-9130813bc424] in helmmqttit was MODIFIED
2025-01-30 04:08:28,888 INFO c.h.h.t.HelmChartContainer - [POD] test-hivemq-platform-0 [5f8aba1f-9fcc-4306-8b6e-9130813bc424] in helmmqttit was DELETED
2025-01-30 04:08:28,972 INFO c.h.h.t.HelmChartContainer - [K3S] [scope.go:117] "RemoveContainer" containerID="dcc65e508b9b84d52cb8fc0335826fec937a09c4ca306222dcda8fdc8e6c829e"
2025-01-30 04:08:28,975 INFO c.h.h.t.HelmChartContainer - [K3S] [scope.go:117] "RemoveContainer" containerID="12bb3181d09f23a3ff89063cd7bef5a7af2b09dd7296c79b3456fdcbc6e35e32"
2025-01-30 04:08:28,975 INFO c.h.h.t.HelmChartContainer - [K3S] [scope.go:117] "RemoveContainer" containerID="dcc65e508b9b84d52cb8fc0335826fec937a09c4ca306222dcda8fdc8e6c829e"
2025-01-30 04:08:29,138 INFO c.h.h.t.HelmChartContainer - Namespace 'helmmqttit' deleted
2025-01-30 04:08:29,138 INFO c.h.h.t.HelmChartContainer - Release 'test-hivemq-platform' in namespace 'helmmqttit' is uninstalled
2025-01-30 04:08:29,138 INFO c.h.h.t.HelmChartContainer - Uninstalling release 'test-hivemq-platform-operator' in namespace 'helmmqttit-operator'...
2025-01-30 04:08:29,138 DEBUG c.h.h.t.HelmChartContainer - Executing helm command: /bin/helm --kubeconfig /etc/rancher/k3s/k3s.yaml uninstall test-hivemq-platform-operator  --wait --timeout 5m0s --cascade foreground --namespace helmmqttit-operator
2025-01-30 04:08:29,296 INFO c.h.h.t.HelmChartContainer - [K3S] [replica_set.go:679] "Finished syncing" kind="ReplicaSet" key="helmmqttit-operator/hivemq-test-hivemq-platform-operator-6966f96d65" duration="7.649174ms"
2025-01-30 04:08:29,297 INFO c.h.h.t.HelmChartContainer - [K3S] [replica_set.go:679] "Finished syncing" kind="ReplicaSet" key="helmmqttit-operator/hivemq-test-hivemq-platform-operator-6966f96d65" duration="38.622µs"
2025-01-30 04:08:29,325 INFO c.h.h.t.HelmChartContainer - [POD] hivemq-test-hivemq-platform-operator-6966f96d65-c94g6 [fe9acb5f-78be-4bab-b0a5-b88b518bd993] in helmmqttit-operator was MODIFIED
2025-01-30 04:08:29,329 INFO c.h.h.t.HelmChartContainer - [hivemq-test-hivemq-platform] [hivemq-platform-operator] [fe9acb5f] 04:08:29.321 [application-shutdown-thread] INFO  c.h.p.o.HiveMQPlatformOperatorApplication - HiveMQ Platform Operator is stopping...
2025-01-30 04:08:29,329 INFO c.h.h.t.HelmChartContainer - [hivemq-test-hivemq-platform] [hivemq-platform-operator] [fe9acb5f] 04:08:29.321 [application-shutdown-thread] INFO  i.javaoperatorsdk.operator.Operator - Operator SDK 4.9.7 is shutting down...
2025-01-30 04:08:29,330 INFO c.h.h.t.HelmChartContainer - [K3S] [replica_set.go:679] "Finished syncing" kind="ReplicaSet" key="helmmqttit-operator/hivemq-test-hivemq-platform-operator-6966f96d65" duration="19.609379ms"
2025-01-30 04:08:29,335 INFO c.h.h.t.HelmChartContainer - [EVENT] Normal [Killing] Stopping container hivemq-platform-operator [helmmqttit-operator:hivemq-test-hivemq-platform-operator-6966f96d65-c94g6]
2025-01-30 04:08:29,336 INFO c.h.h.t.HelmChartContainer - Received Killing event for container hivemq-platform-operator in pod hivemq-test-hivemq-platform-operator-6966f96d65-c94g6 [fe9acb5f-78be-4bab-b0a5-b88b518bd993]
2025-01-30 04:08:29,336 INFO c.h.h.t.HelmChartContainer - Container [hivemq-test-hivemq-platform-operator-6966f96d65-c94g6] [hivemq-platform-operator] [fe9acb5f-78be-4bab-b0a5-b88b518bd993] was terminated
2025-01-30 04:08:29,336 INFO c.h.h.t.HelmChartContainer - Stopped log watcher for hivemq-platform-operator in pod hivemq-test-hivemq-platform-operator-6966f96d65-c94g6 [fe9acb5f-78be-4bab-b0a5-b88b518bd993]
2025-01-30 04:08:29,340 INFO c.h.h.t.HelmChartContainer - [K3S] [replica_set.go:679] "Finished syncing" kind="ReplicaSet" key="helmmqttit-operator/hivemq-test-hivemq-platform-operator-6966f96d65" duration="36.508µs"
2025-01-30 04:08:29,349 INFO c.h.h.t.HelmChartContainer - [EVENT] Warning [FailedToUpdateEndpoint] Failed to update endpoint helmmqttit-operator/hivemq-platform-operator-test-hivemq-platform-operator: Operation cannot be fulfilled on endpoints "hivemq-platform-operator-test-hivemq-platform-operator": StorageError: invalid object, Code: 4, Key: /registry/services/endpoints/helmmqttit-operator/hivemq-platform-operator-test-hivemq-platform-operator, ResourceVersion: 0, AdditionalErrorMsg: Precondition failed: UID in precondition: 413baaae-813e-428d-8634-82d9de15fc07, UID in object meta:  [helmmqttit-operator:hivemq-platform-operator-test-hivemq-platform-operator]
2025-01-30 04:08:29,924 INFO c.h.h.t.HelmChartContainer - [K3S] [replica_set.go:679] "Finished syncing" kind="ReplicaSet" key="helmmqttit-operator/hivemq-test-hivemq-platform-operator-6966f96d65" duration="43.822µs"
2025-01-30 04:08:29,926 INFO c.h.h.t.HelmChartContainer - [POD] hivemq-test-hivemq-platform-operator-6966f96d65-c94g6 [fe9acb5f-78be-4bab-b0a5-b88b518bd993] in helmmqttit-operator was MODIFIED
2025-01-30 04:08:30,023 INFO c.h.h.t.HelmChartContainer - [K3S] [reconciler_common.go:162] "operationExecutor.UnmountVolume started for volume \"kube-api-access-29kmr\" (UniqueName: \"kubernetes.io/projected/fe9acb5f-78be-4bab-b0a5-b88b518bd993-kube-api-access-29kmr\") pod \"fe9acb5f-78be-4bab-b0a5-b88b518bd993\" (UID: \"fe9acb5f-78be-4bab-b0a5-b88b518bd993\") "
2025-01-30 04:08:30,047 INFO c.h.h.t.HelmChartContainer - [K3S] [kubelet_volumes.go:163] "Cleaned up orphaned pod volumes dir" podUID="5f8aba1f-9fcc-4306-8b6e-9130813bc424" path="/var/lib/kubelet/pods/5f8aba1f-9fcc-4306-8b6e-9130813bc424/volumes"
2025-01-30 04:08:30,124 INFO c.h.h.t.HelmChartContainer - [K3S] [reconciler_common.go:299] "Volume detached for volume \"kube-api-access-29kmr\" (UniqueName: \"kubernetes.io/projected/fe9acb5f-78be-4bab-b0a5-b88b518bd993-kube-api-access-29kmr\") on node \"969b9ea92551\" DevicePath \"\""
2025-01-30 04:08:30,874 INFO c.h.h.t.HelmChartContainer - [K3S] [scope.go:117] "RemoveContainer" containerID="1ee6f13f7076cf7028e8998ac4baaaa85576584723d074fb59fbab32307868db"
2025-01-30 04:08:30,882 INFO c.h.h.t.HelmChartContainer - [K3S] [replica_set.go:679] "Finished syncing" kind="ReplicaSet" key="helmmqttit-operator/hivemq-test-hivemq-platform-operator-6966f96d65" duration="43.341µs"
2025-01-30 04:08:30,882 INFO c.h.h.t.HelmChartContainer - [POD] hivemq-test-hivemq-platform-operator-6966f96d65-c94g6 [fe9acb5f-78be-4bab-b0a5-b88b518bd993] in helmmqttit-operator was MODIFIED
2025-01-30 04:08:30,884 INFO c.h.h.t.HelmChartContainer - [K3S] [replica_set.go:679] "Finished syncing" kind="ReplicaSet" key="helmmqttit-operator/hivemq-test-hivemq-platform-operator-6966f96d65" duration="29.085µs"
2025-01-30 04:08:30,887 INFO c.h.h.t.HelmChartContainer - [POD] hivemq-test-hivemq-platform-operator-6966f96d65-c94g6 [fe9acb5f-78be-4bab-b0a5-b88b518bd993] in helmmqttit-operator was DELETED
2025-01-30 04:08:30,895 INFO c.h.h.t.HelmChartContainer - [K3S] [replica_set.go:679] "Finished syncing" kind="ReplicaSet" key="helmmqttit-operator/hivemq-test-hivemq-platform-operator-6966f96d65" duration="5.6µs"
2025-01-30 04:08:31,344 INFO c.h.h.t.HelmChartContainer - Deleting namespace 'helmmqttit-operator'...
2025-01-30 04:08:32,047 INFO c.h.h.t.HelmChartContainer - [K3S] [kubelet_volumes.go:163] "Cleaned up orphaned pod volumes dir" podUID="fe9acb5f-78be-4bab-b0a5-b88b518bd993" path="/var/lib/kubelet/pods/fe9acb5f-78be-4bab-b0a5-b88b518bd993/volumes"
2025-01-30 04:08:34,049 INFO c.h.h.t.HelmChartContainer - [K3S] [namespace_controller.go:187] "Namespace has been deleted" namespace="helmmqttit"
2025-01-30 04:08:36,557 INFO c.h.h.t.HelmChartContainer - Namespace 'helmmqttit-operator' deleted
2025-01-30 04:08:36,557 INFO c.h.h.t.HelmChartContainer - Release 'test-hivemq-platform-operator' in namespace 'helmmqttit-operator' is uninstalled
2025-01-30 04:08:37,262 INFO c.h.helmcharts.AbstractHelmChartIT - Removed unused containers:

2025-01-30 04:08:41,480 INFO c.h.h.t.HelmChartContainer - [K3S] [namespace_controller.go:187] "Namespace has been deleted" namespace="helmmqttit-operator"
2025-01-30 04:08:44,723 INFO c.h.helmcharts.AbstractHelmChartIT - Removed unused snapshots:
Removing snapshot sha256:03af251906410714c5aef9fa705b63f6bbc39c4a5e787de7361eeb18886c2ed2
Removing snapshot sha256:0c46b3b43cce082ce5ec34ffc6c294e0417d17b9d1e6f366d114b6aadc4f96dc
Removing snapshot sha256:0ce761beee59082d6ed5bcebd3a805b8ddd9b3426b617e4809e7fb7c6587ffec
Removing snapshot sha256:0df91287303208332c8ff6ba40ae4710105201739addbfbddfb955f1ad593664
Removing snapshot sha256:1021ef88c7974bfff89c5a0ec4fd3160daac6c48a075f74cff721f85dd104e68
Removing snapshot sha256:10aba4953ddc18145dd38e3704709bc464aa20af60b56fe52caaff4b68411e62
Removing snapshot sha256:1ef7f8e98416b809d2bb6f5770983576abfd6a3490ce1e168a21bf57f55c4900
Removing snapshot sha256:2573e0d8158209ed54ab25c87bcdcb00bd3d2539246960a3d592a1c599d70465
Removing snapshot sha256:362a8a37f8bbc31925a8146adcf7cf51f9882f5c1dcbef67c5baa03a297543c0
Removing snapshot sha256:3fa4ad33f0ddc8fd45b39b6b4640f82a3a83619606cd975bfe89d8710ad2d4cd
Removing snapshot sha256:43a7c979bbaba6838bc3102d6b10a1459f3ab050b87ccdfef84ef90cf43d3058
Removing snapshot sha256:4ab04491cdf0d3267f08206fe30bd48f49f94b9cab2f016d6739220f722a64af
Removing snapshot sha256:4b6068250e89c96f263060261819c7d912855bfbd64b3eb4c4a8483299b8c295
Removing snapshot sha256:4de96acac9a3a64de61473656a36d864130681bc4087dd1eb8432322abfca7c8
Removing snapshot sha256:580e69a0a8034ede1921139bbd2bfb72a69ebf276d008281896c32dd8bf74775
Removing snapshot sha256:5d30ba46b27fe37484567ccc5242cadc78217b8da605f3f195ef25cbf7487904
Removing snapshot sha256:63ca1fbb43ae5034640e5e6cb3e083e05c290072c5366fcaa9d62435a4cced85
Removing snapshot sha256:67f702c6baae873bceb19487c8b1f27bd2b86077e4f2f0e480e6d60ab508b8f5
Removing snapshot sha256:6864348dd42806d552efdec384f1274be15e2d0c10ce44c1f04347af004c10a9
Removing snapshot sha256:6c7dee8f2c39b84b7dc2711c01d33de93514d9055499173e9290176fbe484b6c
Removing snapshot sha256:82753493a6d61ded36556292f02f31841a14c20d2f279f19eaad65afb661d5cd
Removing snapshot sha256:8a10d3db42c505ee0fcfa98417bdd7e39b304f6bcc0a06bb1b220797ff2cc63c
Removing snapshot sha256:a21e5b12dbac529ad45d976eb9ce45c881f3bedcc500fb30aba1e52aa1813418
Removing snapshot sha256:b921e6c28969094157f9b8e7244677780319637afd14450b7cb6b2fdea558a0c
Removing snapshot sha256:bc27ecb5769a00e309cf99ebc763c4a4b958b618d1decc96ffac5bc05f02f5b7
Removing snapshot sha256:be3ccb6627a5332e309d45ef461d09b4879dd870c7394d89323d0ebc6ca6aa8a
Removing snapshot sha256:c261f7cbbc64211ee175ee47273acdb7b1a36a4450b397a064a8f2c026490095
Removing snapshot sha256:c34d9393647eea0c9e3557ab988efaf59f61d10a2a5613b439ef0958cca5ec10
Removing snapshot sha256:ccf3c4a0fa967a41c1c83497a2ce6fa5787965859df0adb32c4ca2cf7490bc2b
Removing snapshot sha256:cf92d33f869417309692088c341cd0f223c178ea78a125f757317b22aa8f90e9
Removing snapshot sha256:d0037344cf2fb078884f1849f6a1f8cf9a33a3b6139b6a85833e5ee528e1f9a8
Removing snapshot sha256:d3b36d5b79273b1e98e7700470eaeff05a882e777124d84cebcc1505b85ecb36
Removing snapshot sha256:d65a44a37914602d12c611e5e22a50f11451d847e63015cc1c2aef92dee777a4
Removing snapshot sha256:e2dc0bae2455930f23ae570e019b7f32edc75c0f2d71cab084db837ff9051796
Removing snapshot sha256:eccbd24a99c60cd9e86ee5305dbfc4a4dc89f5ab4fb1f06c8d64797cecedef34
Removing snapshot sha256:f144bb4c7c7f0d2aa7eeffd36d934ec40db1ee167be727e326aad9fdc616f475

]]></system-out>
  </testcase>
  <system-out><![CDATA[2025-01-30 03:59:41,728 INFO c.h.h.t.HelmChartContainerExtension - Using cached HelmChartContainer instance
2025-01-30 03:59:41,734 INFO c.h.h.t.HelmChartContainerExtension - Creating cached HelmChartContainer instance
2025-01-30 03:59:41,750 INFO o.testcontainers.DockerClientFactory - Testcontainers version: 1.20.4
2025-01-30 03:59:42,151 INFO o.t.d.DockerClientProviderStrategy - Found Docker environment with local Unix socket (unix:///var/run/docker.sock)
2025-01-30 03:59:42,160 INFO o.testcontainers.DockerClientFactory - Docker host IP address is localhost
2025-01-30 03:59:42,176 INFO o.testcontainers.DockerClientFactory - Connected to docker: 
  Server Version: 26.1.3
  API Version: 1.45
  Operating System: Ubuntu 24.04.1 LTS
  Total Memory: 15990 MB
2025-01-30 03:59:42,182 INFO o.testcontainers.images.PullPolicy - Image pull policy will be performed by: DefaultPullPolicy()
2025-01-30 03:59:42,184 INFO o.t.utility.ImageNameSubstitutor - Image name substitution will be performed by: DefaultImageNameSubstitutor (composite of 'ConfigurationFileImageNameSubstitutor' and 'PrefixingImageNameSubstitutor')
2025-01-30 03:59:42,212 INFO tc.testcontainers/ryuk:0.11.0 - Pulling docker image: testcontainers/ryuk:0.11.0. Please be patient; this may take some time but only needs to be done once.
2025-01-30 03:59:43,119 INFO tc.testcontainers/ryuk:0.11.0 - Starting to pull image
2025-01-30 03:59:43,139 INFO tc.testcontainers/ryuk:0.11.0 - Pulling image layers:  0 pending,  0 downloaded,  0 extracted, (0 bytes/0 bytes)
2025-01-30 03:59:43,675 INFO tc.testcontainers/ryuk:0.11.0 - Pulling image layers:  2 pending,  1 downloaded,  0 extracted, (115 KB/? MB)
2025-01-30 03:59:43,722 INFO tc.testcontainers/ryuk:0.11.0 - Pulling image layers:  1 pending,  2 downloaded,  0 extracted, (6 MB/? MB)
2025-01-30 03:59:43,739 INFO tc.testcontainers/ryuk:0.11.0 - Pulling image layers:  0 pending,  3 downloaded,  0 extracted, (6 MB/10 MB)
2025-01-30 03:59:43,822 INFO tc.testcontainers/ryuk:0.11.0 - Pulling image layers:  0 pending,  3 downloaded,  1 extracted, (7 MB/10 MB)
2025-01-30 03:59:43,957 INFO tc.testcontainers/ryuk:0.11.0 - Pulling image layers:  0 pending,  3 downloaded,  2 extracted, (8 MB/10 MB)
2025-01-30 03:59:43,993 INFO tc.testcontainers/ryuk:0.11.0 - Pulling image layers:  0 pending,  3 downloaded,  3 extracted, (10 MB/10 MB)
2025-01-30 03:59:43,999 INFO tc.testcontainers/ryuk:0.11.0 - Image testcontainers/ryuk:0.11.0 pull took PT1.786965791S
2025-01-30 03:59:44,019 INFO tc.testcontainers/ryuk:0.11.0 - Creating container for image: testcontainers/ryuk:0.11.0
2025-01-30 03:59:44,079 INFO tc.testcontainers/ryuk:0.11.0 - Container testcontainers/ryuk:0.11.0 is starting: c34bfade9da619a98416e3abda1a15c88d92997034f411498a5500d8abbc2ecf
2025-01-30 03:59:44,311 INFO tc.testcontainers/ryuk:0.11.0 - Container testcontainers/ryuk:0.11.0 started in PT0.291301134S
2025-01-30 03:59:44,315 INFO o.t.utility.RyukResourceReaper - Ryuk started - will monitor and terminate Testcontainers containers on JVM exit
2025-01-30 03:59:44,315 INFO o.testcontainers.DockerClientFactory - Checking the system...
2025-01-30 03:59:44,315 INFO o.testcontainers.DockerClientFactory - ✔︎ Docker server version should be at least 1.6.0
2025-01-30 03:59:44,393 INFO o.t.i.builder.ImageFromDockerfile - Pre-emptively checking local images for 'ubuntu:noble-20241118.1@sha256:80dd3c3b9c6cecb9f1667e9290b3bc61b78c2678c02cbdae5f0fea92cc6734ab', referenced via a Dockerfile. If not available, it will be pulled.
2025-01-30 03:59:44,396 INFO t.u.1@sha256:80dd3c... - Pulling docker image: ubuntu:noble-20241118.1@sha256:80dd3c3b9c6cecb9f1667e9290b3bc61b78c2678c02cbdae5f0fea92cc6734ab. Please be patient; this may take some time but only needs to be done once.
2025-01-30 03:59:44,996 INFO t.u.1@sha256:80dd3c... - Starting to pull image
2025-01-30 03:59:44,997 INFO t.u.1@sha256:80dd3c... - Pulling image layers:  0 pending,  0 downloaded,  0 extracted, (0 bytes/0 bytes)
2025-01-30 03:59:45,793 INFO t.u.1@sha256:80dd3c... - Pulling image layers:  0 pending,  1 downloaded,  0 extracted, (22 MB/28 MB)
2025-01-30 03:59:46,706 INFO t.u.1@sha256:80dd3c... - Pulling image layers:  0 pending,  1 downloaded,  1 extracted, (28 MB/28 MB)
2025-01-30 03:59:46,710 INFO t.u.1@sha256:80dd3c... - Pull complete. 1 layers, pulled in 1s (downloaded 28 MB at 28 MB/s)
2025-01-30 03:59:46,710 INFO t.u.1@sha256:80dd3c... - Image ubuntu:noble-20241118.1@sha256:80dd3c3b9c6cecb9f1667e9290b3bc61b78c2678c02cbdae5f0fea92cc6734ab pull took PT2.314438391S
2025-01-30 03:59:46,713 INFO o.t.i.builder.ImageFromDockerfile - Pre-emptively checking local images for 'rancher/k3s:v1.32.1-k3s1', referenced via a Dockerfile. If not available, it will be pulled.
2025-01-30 03:59:46,714 INFO tc.rancher/k3s:v1.32.1-k3s1 - Pulling docker image: rancher/k3s:v1.32.1-k3s1. Please be patient; this may take some time but only needs to be done once.
2025-01-30 03:59:47,535 INFO tc.rancher/k3s:v1.32.1-k3s1 - Starting to pull image
2025-01-30 03:59:47,536 INFO tc.rancher/k3s:v1.32.1-k3s1 - Pulling image layers:  0 pending,  0 downloaded,  0 extracted, (0 bytes/0 bytes)
2025-01-30 03:59:48,624 INFO tc.rancher/k3s:v1.32.1-k3s1 - Pulling image layers:  0 pending,  1 downloaded,  0 extracted, (67 MB/71 MB)
2025-01-30 03:59:49,664 INFO tc.rancher/k3s:v1.32.1-k3s1 - Pulling image layers:  0 pending,  1 downloaded,  1 extracted, (71 MB/71 MB)
2025-01-30 03:59:49,669 INFO tc.rancher/k3s:v1.32.1-k3s1 - Pull complete. 1 layers, pulled in 2s (downloaded 71 MB at 35 MB/s)
2025-01-30 03:59:49,669 INFO tc.rancher/k3s:v1.32.1-k3s1 - Image rancher/k3s:v1.32.1-k3s1 pull took PT2.954828291S
2025-01-30 03:59:49,675 INFO o.t.i.builder.ImageFromDockerfile - Transferred 0 bytes to Docker daemon
2025-01-30 04:00:04,017 INFO c.h.h.t.HelmChartContainer - Starting HelmChartContainer...
2025-01-30 04:00:04,019 INFO t.localhost/testcontainers/ve1tnqyfugydajga:latest - Creating container for image: localhost/testcontainers/ve1tnqyfugydajga:latest
2025-01-30 04:00:04,085 INFO tc.alpine:3.17 - Pulling docker image: alpine:3.17. Please be patient; this may take some time but only needs to be done once.
2025-01-30 04:00:07,924 INFO tc.alpine:3.17 - Starting to pull image
2025-01-30 04:00:07,925 INFO tc.alpine:3.17 - Pulling image layers:  0 pending,  0 downloaded,  0 extracted, (0 bytes/0 bytes)
2025-01-30 04:00:08,559 INFO tc.alpine:3.17 - Pulling image layers:  0 pending,  1 downloaded,  0 extracted, (2 MB/3 MB)
2025-01-30 04:00:08,650 INFO tc.alpine:3.17 - Pulling image layers:  0 pending,  1 downloaded,  1 extracted, (3 MB/3 MB)
2025-01-30 04:00:08,655 INFO tc.alpine:3.17 - Image alpine:3.17 pull took PT4.569810643S
2025-01-30 04:00:09,178 INFO t.localhost/testcontainers/ve1tnqyfugydajga:latest - Container localhost/testcontainers/ve1tnqyfugydajga:latest is starting: 969b9ea9255199ae0b1454efcea68fa98b2a218960b6e0f8b77affb32dfe815e
2025-01-30 04:00:09,532 INFO c.h.h.t.HelmChartContainer - [K3S] [INFO] Starting k3s v1.32.1+k3s1 (6a322f12)
2025-01-30 04:00:09,534 INFO c.h.h.t.HelmChartContainer - [K3S] [INFO] Configuring sqlite3 database connection pooling: maxIdleConns=2, maxOpenConns=0, connMaxLifetime=0s
2025-01-30 04:00:09,534 INFO c.h.h.t.HelmChartContainer - [K3S] [INFO] Configuring database table schema and indexes, this may take a moment...
2025-01-30 04:00:09,537 INFO c.h.h.t.HelmChartContainer - [K3S] [INFO] Database tables and indexes are up to date
2025-01-30 04:00:09,540 INFO c.h.h.t.HelmChartContainer - [K3S] [INFO] Kine available at unix://kine.sock
2025-01-30 04:00:09,629 INFO c.h.h.t.HelmChartContainer - [K3S] [INFO] Saving cluster bootstrap data to datastore
2025-01-30 04:00:09,630 INFO c.h.h.t.HelmChartContainer - [K3S] [WARNING] dynamiclistener [::]:6443: no cached certificate available for preload - deferring certificate load until storage initialization or first client request
2025-01-30 04:00:09,631 INFO c.h.h.t.HelmChartContainer - [K3S] [INFO] Active TLS secret / (ver=) (count 10): map[listener.cattle.io/cn-10.43.0.1:10.43.0.1 listener.cattle.io/cn-127.0.0.1:127.0.0.1 listener.cattle.io/cn-172.18.0.2:172.18.0.2 listener.cattle.io/cn-969b9ea92551:969b9ea92551 listener.cattle.io/cn-__1-f16284:::1 listener.cattle.io/cn-kubernetes:kubernetes listener.cattle.io/cn-kubernetes.default:kubernetes.default listener.cattle.io/cn-kubernetes.default.svc:kubernetes.default.svc listener.cattle.io/cn-kubernetes.default.svc.cluster.local:kubernetes.default.svc.cluster.local listener.cattle.io/cn-localhost:localhost listener.cattle.io/fingerprint:SHA1=AA7817EDB1F857F7ACBE8C83C4C62BC10B5EF20F]
2025-01-30 04:00:09,790 INFO c.h.h.t.HelmChartContainer - [K3S] [INFO] Running kube-apiserver --advertise-port=6443 --allow-privileged=true --anonymous-auth=false --api-audiences=https://kubernetes.default.svc.cluster.local,k3s --authorization-mode=Node,RBAC --bind-address=127.0.0.1 --cert-dir=/var/lib/rancher/k3s/server/tls/temporary-certs --client-ca-file=/var/lib/rancher/k3s/server/tls/client-ca.crt --egress-selector-config-file=/var/lib/rancher/k3s/server/etc/egress-selector-config.yaml --enable-admission-plugins=NodeRestriction --enable-aggregator-routing=true --enable-bootstrap-token-auth=true --etcd-compaction-interval=0s --etcd-servers=unix://kine.sock --kubelet-certificate-authority=/var/lib/rancher/k3s/server/tls/server-ca.crt --kubelet-client-certificate=/var/lib/rancher/k3s/server/tls/client-kube-apiserver.crt --kubelet-client-key=/var/lib/rancher/k3s/server/tls/client-kube-apiserver.key --kubelet-preferred-address-types=InternalIP,ExternalIP,Hostname --profiling=false --proxy-client-cert-file=/var/lib/rancher/k3s/server/tls/client-auth-proxy.crt --proxy-client-key-file=/var/lib/rancher/k3s/server/tls/client-auth-proxy.key --requestheader-allowed-names=system:auth-proxy --requestheader-client-ca-file=/var/lib/rancher/k3s/server/tls/request-header-ca.crt --requestheader-extra-headers-prefix=X-Remote-Extra- --requestheader-group-headers=X-Remote-Group --requestheader-username-headers=X-Remote-User --secure-port=6444 --service-account-issuer=https://kubernetes.default.svc.cluster.local --service-account-key-file=/var/lib/rancher/k3s/server/tls/service.key --service-account-signing-key-file=/var/lib/rancher/k3s/server/tls/service.current.key --service-cluster-ip-range=10.43.0.0/16 --service-node-port-range=30000-32767 --storage-backend=etcd3 --tls-cert-file=/var/lib/rancher/k3s/server/tls/serving-kube-apiserver.crt --tls-cipher-suites=TLS_ECDHE_ECDSA_WITH_AES_256_GCM_SHA384,TLS_ECDHE_RSA_WITH_AES_256_GCM_SHA384,TLS_ECDHE_ECDSA_WITH_AES_128_GCM_SHA256,TLS_ECDHE_RSA_WITH_AES_128_GCM_SHA256,TLS_ECDHE_ECDSA_WITH_CHACHA20_POLY1305,TLS_ECDHE_RSA_WITH_CHACHA20_POLY1305 --tls-private-key-file=/var/lib/rancher/k3s/server/tls/serving-kube-apiserver.key
2025-01-30 04:00:09,791 INFO c.h.h.t.HelmChartContainer - [K3S] [INFO] Running kube-scheduler --authentication-kubeconfig=/var/lib/rancher/k3s/server/cred/scheduler.kubeconfig --authorization-kubeconfig=/var/lib/rancher/k3s/server/cred/scheduler.kubeconfig --bind-address=127.0.0.1 --kubeconfig=/var/lib/rancher/k3s/server/cred/scheduler.kubeconfig --leader-elect=false --profiling=false --secure-port=10259
2025-01-30 04:00:09,793 INFO c.h.h.t.HelmChartContainer - [K3S] [registry.go:256] calling componentGlobalsRegistry.AddFlags more than once, the registry will be set by the latest flags
2025-01-30 04:00:09,795 INFO c.h.h.t.HelmChartContainer - [K3S] [INFO] Running kube-controller-manager --allocate-node-cidrs=true --authentication-kubeconfig=/var/lib/rancher/k3s/server/cred/controller.kubeconfig --authorization-kubeconfig=/var/lib/rancher/k3s/server/cred/controller.kubeconfig --bind-address=127.0.0.1 --cluster-cidr=10.42.0.0/16 --cluster-signing-kube-apiserver-client-cert-file=/var/lib/rancher/k3s/server/tls/client-ca.nochain.crt --cluster-signing-kube-apiserver-client-key-file=/var/lib/rancher/k3s/server/tls/client-ca.key --cluster-signing-kubelet-client-cert-file=/var/lib/rancher/k3s/server/tls/client-ca.nochain.crt --cluster-signing-kubelet-client-key-file=/var/lib/rancher/k3s/server/tls/client-ca.key --cluster-signing-kubelet-serving-cert-file=/var/lib/rancher/k3s/server/tls/server-ca.nochain.crt --cluster-signing-kubelet-serving-key-file=/var/lib/rancher/k3s/server/tls/server-ca.key --cluster-signing-legacy-unknown-cert-file=/var/lib/rancher/k3s/server/tls/server-ca.nochain.crt --cluster-signing-legacy-unknown-key-file=/var/lib/rancher/k3s/server/tls/server-ca.key --configure-cloud-routes=false --controllers=*,tokencleaner,-service,-route,-cloud-node-lifecycle --kubeconfig=/var/lib/rancher/k3s/server/cred/controller.kubeconfig --leader-elect=false --profiling=false --root-ca-file=/var/lib/rancher/k3s/server/tls/server-ca.crt --secure-port=10257 --service-account-private-key-file=/var/lib/rancher/k3s/server/tls/service.current.key --service-cluster-ip-range=10.43.0.0/16 --use-service-account-credentials=true
2025-01-30 04:00:09,795 INFO c.h.h.t.HelmChartContainer - [K3S] [registry.go:256] calling componentGlobalsRegistry.AddFlags more than once, the registry will be set by the latest flags
2025-01-30 04:00:09,796 INFO c.h.h.t.HelmChartContainer - [K3S] [options.go:299] unable to set WatchListClient feature gate, err: cannot override default for feature "WatchListClient": gates already added to a flag set
2025-01-30 04:00:09,796 INFO c.h.h.t.HelmChartContainer - [K3S] [registry.go:256] calling componentGlobalsRegistry.AddFlags more than once, the registry will be set by the latest flags
2025-01-30 04:00:09,797 INFO c.h.h.t.HelmChartContainer - [K3S] [INFO] Waiting for API server to become available
2025-01-30 04:00:09,797 INFO c.h.h.t.HelmChartContainer - [K3S] [INFO] Running cloud-controller-manager --allocate-node-cidrs=true --authentication-kubeconfig=/var/lib/rancher/k3s/server/cred/cloud-controller.kubeconfig --authorization-kubeconfig=/var/lib/rancher/k3s/server/cred/cloud-controller.kubeconfig --bind-address=127.0.0.1 --cloud-config=/var/lib/rancher/k3s/server/etc/cloud-config.yaml --cloud-provider=k3s --cluster-cidr=10.42.0.0/16 --configure-cloud-routes=false --controllers=*,-route --kubeconfig=/var/lib/rancher/k3s/server/cred/cloud-controller.kubeconfig --leader-elect=false --leader-elect-resource-name=k3s-cloud-controller-manager --node-status-update-frequency=1m0s --profiling=false
2025-01-30 04:00:09,797 INFO c.h.h.t.HelmChartContainer - [K3S] [INFO] Server node token is available at /var/lib/rancher/k3s/server/token
2025-01-30 04:00:09,797 INFO c.h.h.t.HelmChartContainer - [K3S] [INFO] To join server node to cluster: k3s server -s https://172.18.0.2:6443 -t ${SERVER_NODE_TOKEN}
2025-01-30 04:00:09,798 INFO c.h.h.t.HelmChartContainer - [K3S] [INFO] Agent node token is available at /var/lib/rancher/k3s/server/agent-token
2025-01-30 04:00:09,798 INFO c.h.h.t.HelmChartContainer - [K3S] [options.go:238] external host was not specified, using 172.18.0.2
2025-01-30 04:00:09,798 INFO c.h.h.t.HelmChartContainer - [K3S] [INFO] To join agent node to cluster: k3s agent -s https://172.18.0.2:6443 -t ${AGENT_NODE_TOKEN}
2025-01-30 04:00:09,798 INFO c.h.h.t.HelmChartContainer - [K3S] [INFO] Wrote kubeconfig /etc/rancher/k3s/k3s.yaml
2025-01-30 04:00:09,800 INFO c.h.h.t.HelmChartContainer - [K3S] [INFO] Run: k3s kubectl
2025-01-30 04:00:09,800 INFO c.h.h.t.HelmChartContainer - [K3S] [server.go:151] Version: v1.32.1+k3s1
2025-01-30 04:00:09,800 INFO c.h.h.t.HelmChartContainer - [K3S] [server.go:153] "Golang settings" GOGC="" GOMAXPROCS="" GOTRACEBACK=""
2025-01-30 04:00:10,162 INFO c.h.h.t.HelmChartContainer - [K3S] [plugins.go:157] Loaded 13 mutating admission controller(s) successfully in the following order: NamespaceLifecycle,LimitRanger,ServiceAccount,NodeRestriction,TaintNodesByCondition,Priority,DefaultTolerationSeconds,DefaultStorageClass,StorageObjectInUseProtection,RuntimeClass,DefaultIngressClass,MutatingAdmissionPolicy,MutatingAdmissionWebhook.
2025-01-30 04:00:10,163 INFO c.h.h.t.HelmChartContainer - [K3S] [plugins.go:160] Loaded 13 validating admission controller(s) successfully in the following order: LimitRanger,ServiceAccount,PodSecurity,Priority,PersistentVolumeClaimResize,RuntimeClass,CertificateApproval,CertificateSigning,ClusterTrustBundleAttest,CertificateSubjectRestriction,ValidatingAdmissionPolicy,ValidatingAdmissionWebhook,ResourceQuota.
2025-01-30 04:00:10,163 INFO c.h.h.t.HelmChartContainer - [K3S] [instance.go:233] Using reconciler: lease
2025-01-30 04:00:10,218 INFO c.h.h.t.HelmChartContainer - [K3S] [apis.go:106] API group "internal.apiserver.k8s.io" is not enabled, skipping.
2025-01-30 04:00:10,257 INFO c.h.h.t.HelmChartContainer - [K3S] [apis.go:106] API group "storagemigration.k8s.io" is not enabled, skipping.
2025-01-30 04:00:10,299 INFO c.h.h.t.HelmChartContainer - [K3S] [apis.go:106] API group "resource.k8s.io" is not enabled, skipping.
2025-01-30 04:00:10,365 INFO c.h.h.t.HelmChartContainer - [K3S] [INFO] Password verified locally for node 969b9ea92551
2025-01-30 04:00:10,597 INFO c.h.h.t.HelmChartContainer - [K3S] [dynamic_cafile_content.go:161] "Starting controller" name="request-header::/var/lib/rancher/k3s/server/tls/request-header-ca.crt"
2025-01-30 04:00:10,597 INFO c.h.h.t.HelmChartContainer - [K3S] [dynamic_cafile_content.go:161] "Starting controller" name="client-ca-bundle::/var/lib/rancher/k3s/server/tls/client-ca.crt"
2025-01-30 04:00:10,597 INFO c.h.h.t.HelmChartContainer - [K3S] [dynamic_serving_content.go:135] "Starting controller" name="serving-cert::/var/lib/rancher/k3s/server/tls/serving-kube-apiserver.crt::/var/lib/rancher/k3s/server/tls/serving-kube-apiserver.key"
2025-01-30 04:00:10,599 INFO c.h.h.t.HelmChartContainer - [K3S] [secure_serving.go:213] Serving securely on 127.0.0.1:6444
2025-01-30 04:00:10,603 INFO c.h.h.t.HelmChartContainer - [K3S] [tlsconfig.go:243] "Starting DynamicServingCertificateController"
2025-01-30 04:00:10,603 INFO c.h.h.t.HelmChartContainer - [K3S] [local_available_controller.go:156] Starting LocalAvailability controller
2025-01-30 04:00:10,604 INFO c.h.h.t.HelmChartContainer - [K3S] [dynamic_serving_content.go:135] "Starting controller" name="aggregator-proxy-cert::/var/lib/rancher/k3s/server/tls/client-auth-proxy.crt::/var/lib/rancher/k3s/server/tls/client-auth-proxy.key"
2025-01-30 04:00:10,604 INFO c.h.h.t.HelmChartContainer - [K3S] [gc_controller.go:78] Starting apiserver lease garbage collector
2025-01-30 04:00:10,606 INFO c.h.h.t.HelmChartContainer - [K3S] [controller.go:119] Starting legacy_token_tracking_controller
2025-01-30 04:00:10,607 INFO c.h.h.t.HelmChartContainer - [K3S] [aggregator.go:169] waiting for initial CRD sync...
2025-01-30 04:00:10,607 INFO c.h.h.t.HelmChartContainer - [K3S] [apf_controller.go:377] Starting API Priority and Fairness config controller
2025-01-30 04:00:10,607 INFO c.h.h.t.HelmChartContainer - [K3S] [controller.go:80] Starting OpenAPI V3 AggregationController
2025-01-30 04:00:10,607 INFO c.h.h.t.HelmChartContainer - [K3S] [system_namespaces_controller.go:66] Starting system namespaces controller
2025-01-30 04:00:10,607 INFO c.h.h.t.HelmChartContainer - [K3S] [apiservice_controller.go:100] Starting APIServiceRegistrationController
2025-01-30 04:00:10,607 INFO c.h.h.t.HelmChartContainer - [K3S] [cluster_authentication_trust_controller.go:462] Starting cluster_authentication_trust_controller controller
2025-01-30 04:00:10,607 INFO c.h.h.t.HelmChartContainer - [K3S] [remote_available_controller.go:411] Starting RemoteAvailability controller
2025-01-30 04:00:10,607 INFO c.h.h.t.HelmChartContainer - [K3S] [controller.go:78] Starting OpenAPI AggregationController
2025-01-30 04:00:10,607 INFO c.h.h.t.HelmChartContainer - [K3S] [customresource_discovery_controller.go:292] Starting DiscoveryController
2025-01-30 04:00:10,608 INFO c.h.h.t.HelmChartContainer - [K3S] [crdregistration_controller.go:114] Starting crd-autoregister controller
2025-01-30 04:00:10,608 INFO c.h.h.t.HelmChartContainer - [K3S] [dynamic_cafile_content.go:161] "Starting controller" name="client-ca-bundle::/var/lib/rancher/k3s/server/tls/client-ca.crt"
2025-01-30 04:00:10,608 INFO c.h.h.t.HelmChartContainer - [K3S] [dynamic_cafile_content.go:161] "Starting controller" name="request-header::/var/lib/rancher/k3s/server/tls/request-header-ca.crt"
2025-01-30 04:00:10,608 INFO c.h.h.t.HelmChartContainer - [K3S] [controller.go:142] Starting OpenAPI controller
2025-01-30 04:00:10,608 INFO c.h.h.t.HelmChartContainer - [K3S] [controller.go:90] Starting OpenAPI V3 controller
2025-01-30 04:00:10,608 INFO c.h.h.t.HelmChartContainer - [K3S] [naming_controller.go:294] Starting NamingConditionController
2025-01-30 04:00:10,608 INFO c.h.h.t.HelmChartContainer - [K3S] [establishing_controller.go:81] Starting EstablishingController
2025-01-30 04:00:10,608 INFO c.h.h.t.HelmChartContainer - [K3S] [nonstructuralschema_controller.go:195] Starting NonStructuralSchemaConditionController
2025-01-30 04:00:10,608 INFO c.h.h.t.HelmChartContainer - [K3S] [apiapproval_controller.go:189] Starting KubernetesAPIApprovalPolicyConformantConditionController
2025-01-30 04:00:10,608 INFO c.h.h.t.HelmChartContainer - [K3S] [crd_finalizer.go:269] Starting CRDFinalizer
2025-01-30 04:00:10,699 INFO c.h.h.t.HelmChartContainer - [K3S] [aggregator.go:171] initial CRD sync complete...
2025-01-30 04:00:10,699 INFO c.h.h.t.HelmChartContainer - [K3S] [autoregister_controller.go:144] Starting autoregister controller
2025-01-30 04:00:10,699 INFO c.h.h.t.HelmChartContainer - [K3S] [handler_discovery.go:451] Starting ResourceDiscoveryManager
2025-01-30 04:00:10,700 INFO c.h.h.t.HelmChartContainer - [K3S] [apf_controller.go:382] Running API Priority and Fairness config worker
2025-01-30 04:00:10,700 INFO c.h.h.t.HelmChartContainer - [K3S] [apf_controller.go:385] Running API Priority and Fairness periodic rebalancing process
2025-01-30 04:00:10,727 INFO c.h.h.t.HelmChartContainer - [K3S] [controller.go:145] "Failed to ensure lease exists, will retry" err="namespaces \"kube-system\" not found" interval="200ms"
2025-01-30 04:00:10,747 INFO c.h.h.t.HelmChartContainer - [K3S] [policy_source.go:240] refreshing policies
2025-01-30 04:00:10,753 INFO c.h.h.t.HelmChartContainer - [K3S] [controller.go:95] Unable to perform initial Kubernetes service initialization: namespaces "default" not found
2025-01-30 04:00:10,753 INFO c.h.h.t.HelmChartContainer - [K3S] [controller.go:148] "Unhandled Error" err="while syncing ConfigMap \"kube-system/kube-apiserver-legacy-service-account-token-tracking\", err: namespaces \"kube-system\" not found" logger="UnhandledError"
2025-01-30 04:00:10,922 INFO c.h.h.t.HelmChartContainer - [K3S] [WARNING] Host resolv.conf includes loopback or multicast nameservers - kubelet will use autogenerated resolv.conf with nameserver 8.8.8.8
2025-01-30 04:00:10,930 INFO c.h.h.t.HelmChartContainer - [K3S] [INFO] Module overlay was already loaded
2025-01-30 04:00:10,931 INFO c.h.h.t.HelmChartContainer - [K3S] [INFO] Module nf_conntrack was already loaded
2025-01-30 04:00:10,931 INFO c.h.h.t.HelmChartContainer - [K3S] [INFO] Module br_netfilter was already loaded
2025-01-30 04:00:10,935 INFO c.h.h.t.HelmChartContainer - [K3S] [INFO] Set sysctl 'net/netfilter/nf_conntrack_tcp_timeout_close_wait' to 3600
2025-01-30 04:00:10,936 INFO c.h.h.t.HelmChartContainer - [K3S] [INFO] Set sysctl 'net/netfilter/nf_conntrack_max' to 131072
2025-01-30 04:00:10,936 INFO c.h.h.t.HelmChartContainer - [K3S] [INFO] Set sysctl 'net/netfilter/nf_conntrack_tcp_timeout_established' to 86400
2025-01-30 04:00:10,937 INFO c.h.h.t.HelmChartContainer - [K3S] [INFO] Logging containerd to /var/lib/rancher/k3s/agent/containerd/containerd.log
2025-01-30 04:00:10,938 INFO c.h.h.t.HelmChartContainer - [K3S] [INFO] Running containerd -c /var/lib/rancher/k3s/agent/etc/containerd/config.toml -a /run/k3s/containerd/containerd.sock --state /run/k3s/containerd --root /var/lib/rancher/k3s/agent/containerd
2025-01-30 04:00:11,600 INFO c.h.h.t.HelmChartContainer - [K3S] [storage_scheduling.go:95] created PriorityClass system-node-critical with value 2000001000
2025-01-30 04:00:11,603 INFO c.h.h.t.HelmChartContainer - [K3S] [storage_scheduling.go:95] created PriorityClass system-cluster-critical with value 2000000000
2025-01-30 04:00:11,603 INFO c.h.h.t.HelmChartContainer - [K3S] [storage_scheduling.go:111] all system priority classes are created successfully or already exist.
2025-01-30 04:00:11,946 INFO c.h.h.t.HelmChartContainer - [K3S] [INFO] containerd is now running
2025-01-30 04:00:11,952 INFO c.h.h.t.HelmChartContainer - [K3S] [INFO] Creating k3s-cert-monitor event broadcaster
2025-01-30 04:00:11,953 INFO c.h.h.t.HelmChartContainer - [K3S] [INFO] Connecting to proxy" url="wss://127.0.0.1:6443/v1-k3s/connect
2025-01-30 04:00:11,956 INFO c.h.h.t.HelmChartContainer - [K3S] [INFO] Running kubelet --cloud-provider=external --config-dir=/var/lib/rancher/k3s/agent/etc/kubelet.conf.d --containerd=/run/k3s/containerd/containerd.sock --hostname-override=969b9ea92551 --kubeconfig=/var/lib/rancher/k3s/agent/kubelet.kubeconfig --node-ip=172.18.0.2 --node-labels=
2025-01-30 04:00:11,957 INFO c.h.h.t.HelmChartContainer - [K3S] [INFO] Handling backend connection request [969b9ea92551]
2025-01-30 04:00:11,957 INFO c.h.h.t.HelmChartContainer - [K3S] [INFO] Remotedialer connected to proxy" url="wss://127.0.0.1:6443/v1-k3s/connect
2025-01-30 04:00:11,971 INFO c.h.h.t.HelmChartContainer - [K3S] Flag --containerd has been deprecated, This is a cadvisor flag that was mistakenly registered with the Kubelet. Due to legacy concerns, it will follow the standard CLI deprecation timeline before being removed.
2025-01-30 04:00:11,973 INFO c.h.h.t.HelmChartContainer - [K3S] [alloc.go:330] "allocated clusterIPs" service="default/kubernetes" clusterIPs={"IPv4":"10.43.0.1"}
2025-01-30 04:00:11,978 INFO c.h.h.t.HelmChartContainer - [K3S] [server.go:515] "Kubelet version" kubeletVersion="v1.32.1+k3s1"
2025-01-30 04:00:11,978 INFO c.h.h.t.HelmChartContainer - [K3S] [server.go:517] "Golang settings" GOGC="" GOMAXPROCS="" GOTRACEBACK=""
2025-01-30 04:00:11,981 INFO c.h.h.t.HelmChartContainer - [K3S] [dynamic_cafile_content.go:161] "Starting controller" name="client-ca-bundle::/var/lib/rancher/k3s/agent/client-ca.crt"
2025-01-30 04:00:11,985 INFO c.h.h.t.HelmChartContainer - [K3S] [log.go:32] "RuntimeConfig from runtime service failed" err="rpc error: code = Unimplemented desc = method RuntimeConfig not implemented"
2025-01-30 04:00:11,985 INFO c.h.h.t.HelmChartContainer - [K3S] [server.go:1416] "CRI implementation should be updated to support RuntimeConfig when KubeletCgroupDriverFromCRI feature gate has been enabled. Falling back to using cgroupDriver from kubelet config."
2025-01-30 04:00:11,989 INFO c.h.h.t.HelmChartContainer - [K3S] [lease.go:265] Resetting endpoints for master service "kubernetes" to [172.18.0.2]
2025-01-30 04:00:11,992 INFO c.h.h.t.HelmChartContainer - [K3S] [info.go:53] Couldn't collect info from any of the files in "/etc/machine-id,/var/lib/dbus/machine-id"
2025-01-30 04:00:11,992 INFO c.h.h.t.HelmChartContainer - [K3S] [server.go:767] "--cgroups-per-qos enabled, but --cgroup-root was not specified.  defaulting to /"
2025-01-30 04:00:11,992 INFO c.h.h.t.HelmChartContainer - [K3S] [server.go:836] "NoSwap is set due to memorySwapBehavior not specified" memorySwapBehavior="" FailSwapOn=false
2025-01-30 04:00:11,992 INFO c.h.h.t.HelmChartContainer - [K3S] [swap_util.go:115] "Swap is on" /proc/swaps contents=<
2025-01-30 04:00:11,993 INFO c.h.h.t.HelmChartContainer - [K3S] 	Filename				Type		Size		Used		Priority
2025-01-30 04:00:11,993 INFO c.h.h.t.HelmChartContainer - [K3S] 	/mnt/swapfile                           file		4194300		0		-2
2025-01-30 04:00:11,993 INFO c.h.h.t.HelmChartContainer - [K3S]  >
2025-01-30 04:00:11,993 INFO c.h.h.t.HelmChartContainer - [K3S] [container_manager_linux.go:268] "Container manager verified user specified cgroup-root exists" cgroupRoot=[]
2025-01-30 04:00:11,993 INFO c.h.h.t.HelmChartContainer - [K3S] [container_manager_linux.go:273] "Creating Container Manager object based on Node Config" nodeConfig={"NodeName":"969b9ea92551","RuntimeCgroupsName":"","SystemCgroupsName":"","KubeletCgroupsName":"/k3s","KubeletOOMScoreAdj":-999,"ContainerRuntime":"","CgroupsPerQOS":true,"CgroupRoot":"/","CgroupDriver":"cgroupfs","KubeletRootDir":"/var/lib/kubelet","ProtectKernelDefaults":false,"KubeReservedCgroupName":"","SystemReservedCgroupName":"","ReservedSystemCPUs":{},"EnforceNodeAllocatable":{"pods":{}},"KubeReserved":null,"SystemReserved":null,"HardEvictionThresholds":[{"Signal":"imagefs.available","Operator":"LessThan","Value":{"Quantity":null,"Percentage":0.05},"GracePeriod":0,"MinReclaim":null},{"Signal":"nodefs.available","Operator":"LessThan","Value":{"Quantity":null,"Percentage":0.05},"GracePeriod":0,"MinReclaim":null}],"QOSReserved":{},"CPUManagerPolicy":"none","CPUManagerPolicyOptions":null,"TopologyManagerScope":"container","CPUManagerReconcilePeriod":10000000000,"ExperimentalMemoryManagerPolicy":"None","ExperimentalMemoryManagerReservedMemory":null,"PodPidsLimit":-1,"EnforceCPULimits":true,"CPUCFSQuotaPeriod":100000000,"TopologyManagerPolicy":"none","TopologyManagerPolicyOptions":null,"CgroupVersion":2}
2025-01-30 04:00:11,993 INFO c.h.h.t.HelmChartContainer - [K3S] [topology_manager.go:138] "Creating topology manager with none policy"
2025-01-30 04:00:11,993 INFO c.h.h.t.HelmChartContainer - [K3S] [container_manager_linux.go:304] "Creating device plugin manager"
2025-01-30 04:00:11,994 INFO c.h.h.t.HelmChartContainer - [K3S] [state_mem.go:36] "Initialized new in-memory state store"
2025-01-30 04:00:11,994 INFO c.h.h.t.HelmChartContainer - [K3S] [kubelet.go:446] "Attempting to sync node with API server"
2025-01-30 04:00:11,994 INFO c.h.h.t.HelmChartContainer - [K3S] [kubelet.go:341] "Adding static pod path" path="/var/lib/rancher/k3s/agent/pod-manifests"
2025-01-30 04:00:11,994 INFO c.h.h.t.HelmChartContainer - [K3S] [kubelet.go:352] "Adding apiserver pod source"
2025-01-30 04:00:11,994 INFO c.h.h.t.HelmChartContainer - [K3S] [apiserver.go:42] "Waiting for node sync before watching apiserver pods"
2025-01-30 04:00:11,997 INFO c.h.h.t.HelmChartContainer - [K3S] [kuberuntime_manager.go:269] "Container runtime initialized" containerRuntime="containerd" version="v1.7.23-k3s2" apiVersion="v1"
2025-01-30 04:00:11,998 INFO c.h.h.t.HelmChartContainer - [K3S] [kubelet.go:890] "Not starting ClusterTrustBundle informer because we are in static kubelet mode"
2025-01-30 04:00:11,999 INFO c.h.h.t.HelmChartContainer - [K3S] [probe.go:272] Flexvolume plugin directory at /usr/libexec/kubernetes/kubelet-plugins/volume/exec/ does not exist. Recreating.
2025-01-30 04:00:12,001 INFO c.h.h.t.HelmChartContainer - [K3S] [watchdog_linux.go:99] "Systemd watchdog is not enabled"
2025-01-30 04:00:12,001 INFO c.h.h.t.HelmChartContainer - [K3S] [server.go:1282] "Started kubelet"
2025-01-30 04:00:12,001 INFO c.h.h.t.HelmChartContainer - [K3S] [fs_resource_analyzer.go:67] "Starting FS ResourceAnalyzer"
2025-01-30 04:00:12,010 INFO c.h.h.t.HelmChartContainer - [K3S] [server.go:169] "Starting to listen" address="0.0.0.0" port=10250
2025-01-30 04:00:12,011 INFO c.h.h.t.HelmChartContainer - [K3S] [volume_manager.go:297] "Starting Kubelet Volume Manager"
2025-01-30 04:00:12,012 INFO c.h.h.t.HelmChartContainer - [K3S] [kubelet_node_status.go:467] "Error getting the current node from lister" err="node \"969b9ea92551\" not found"
2025-01-30 04:00:12,013 INFO c.h.h.t.HelmChartContainer - [K3S] [server.go:490] "Adding debug handlers to kubelet server"
2025-01-30 04:00:12,014 INFO c.h.h.t.HelmChartContainer - [K3S] [server.go:208] "Starting to listen read-only" address="0.0.0.0" port=10255
2025-01-30 04:00:12,015 INFO c.h.h.t.HelmChartContainer - [K3S] [ratelimit.go:55] "Setting rate limiting for endpoint" service="podresources" qps=100 burstTokens=10
2025-01-30 04:00:12,016 INFO c.h.h.t.HelmChartContainer - [K3S] [server.go:243] "Starting to serve the podresources API" endpoint="unix:/var/lib/kubelet/pod-resources/kubelet.sock"
2025-01-30 04:00:12,016 INFO c.h.h.t.HelmChartContainer - [K3S] [dynamic_serving_content.go:135] "Starting controller" name="kubelet-server-cert-files::/var/lib/rancher/k3s/agent/serving-kubelet.crt::/var/lib/rancher/k3s/agent/serving-kubelet.key"
2025-01-30 04:00:12,017 INFO c.h.h.t.HelmChartContainer - [K3S] [factory.go:221] Registration of the systemd container factory successfully
2025-01-30 04:00:12,018 INFO c.h.h.t.HelmChartContainer - [K3S] [factory.go:219] Registration of the crio container factory failed: Get "http://%2Fvar%2Frun%2Fcrio%2Fcrio.sock/info": dial unix /var/run/crio/crio.sock: connect: no such file or directory
2025-01-30 04:00:12,018 INFO c.h.h.t.HelmChartContainer - [K3S] [kubelet.go:1561] "Image garbage collection failed once. Stats initialization may not have completed yet" err="invalid capacity 0 on image filesystem"
2025-01-30 04:00:12,021 INFO c.h.h.t.HelmChartContainer - [K3S] [desired_state_of_world_populator.go:149] "Desired state populator starts to run"
2025-01-30 04:00:12,021 INFO c.h.h.t.HelmChartContainer - [K3S] [reconciler.go:26] "Reconciler: start to sync state"
2025-01-30 04:00:12,021 INFO c.h.h.t.HelmChartContainer - [K3S] [factory.go:221] Registration of the containerd container factory successfully
2025-01-30 04:00:12,033 INFO c.h.h.t.HelmChartContainer - [K3S] [nodelease.go:49] "Failed to get node when trying to set owner ref to the node lease" err="nodes \"969b9ea92551\" not found" node="969b9ea92551"
2025-01-30 04:00:12,041 INFO c.h.h.t.HelmChartContainer - [K3S] [cpu_manager.go:221] "Starting CPU manager" policy="none"
2025-01-30 04:00:12,041 INFO c.h.h.t.HelmChartContainer - [K3S] [cpu_manager.go:222] "Reconciling" reconcilePeriod="10s"
2025-01-30 04:00:12,041 INFO c.h.h.t.HelmChartContainer - [K3S] [state_mem.go:36] "Initialized new in-memory state store"
2025-01-30 04:00:12,044 INFO c.h.h.t.HelmChartContainer - [K3S] [kubelet_network_linux.go:50] "Initialized iptables rules." protocol="IPv4"
2025-01-30 04:00:12,044 INFO c.h.h.t.HelmChartContainer - [K3S] [policy_none.go:49] "None policy: Start"
2025-01-30 04:00:12,044 INFO c.h.h.t.HelmChartContainer - [K3S] [memory_manager.go:186] "Starting memorymanager" policy="None"
2025-01-30 04:00:12,044 INFO c.h.h.t.HelmChartContainer - [K3S] [state_mem.go:35] "Initializing new in-memory state store"
2025-01-30 04:00:12,044 INFO c.h.h.t.HelmChartContainer - [K3S] [kubelet_network_linux.go:50] "Initialized iptables rules." protocol="IPv6"
2025-01-30 04:00:12,044 INFO c.h.h.t.HelmChartContainer - [K3S] [status_manager.go:227] "Starting to sync pod status with apiserver"
2025-01-30 04:00:12,046 INFO c.h.h.t.HelmChartContainer - [K3S] [watchdog_linux.go:127] "Systemd watchdog is not enabled or the interval is invalid, so health checking will not be started."
2025-01-30 04:00:12,046 INFO c.h.h.t.HelmChartContainer - [K3S] [kubelet.go:2388] "Starting kubelet main sync loop"
2025-01-30 04:00:12,046 INFO c.h.h.t.HelmChartContainer - [K3S] [kubelet.go:2412] "Skipping pod synchronization" err="[container runtime status check may not have completed yet, PLEG is not healthy: pleg has yet to be successful]"
2025-01-30 04:00:12,050 INFO c.h.h.t.HelmChartContainer - [K3S] [manager.go:519] "Failed to read data from checkpoint" checkpoint="kubelet_internal_checkpoint" err="checkpoint is not found"
2025-01-30 04:00:12,050 INFO c.h.h.t.HelmChartContainer - [K3S] [eviction_manager.go:189] "Eviction manager: starting control loop"
2025-01-30 04:00:12,050 INFO c.h.h.t.HelmChartContainer - [K3S] [container_log_manager.go:189] "Initializing container log rotate workers" workers=1 monitorPeriod="10s"
2025-01-30 04:00:12,050 INFO c.h.h.t.HelmChartContainer - [K3S] [plugin_manager.go:118] "Starting Kubelet Plugin Manager"
2025-01-30 04:00:12,063 INFO c.h.h.t.HelmChartContainer - [K3S] [eviction_manager.go:267] "eviction manager: failed to check if we have separate container filesystem. Ignoring." err="no imagefs label for configured runtime"
2025-01-30 04:00:12,064 INFO c.h.h.t.HelmChartContainer - [K3S] [eviction_manager.go:292] "Eviction manager: failed to get summary stats" err="failed to get node info: node \"969b9ea92551\" not found"
2025-01-30 04:00:12,117 INFO c.h.h.t.HelmChartContainer - [K3S] [ERROR] Sending HTTP/1.1 503 response to 127.0.0.1:47054: runtime core not ready
2025-01-30 04:00:12,150 INFO c.h.h.t.HelmChartContainer - [K3S] [kubelet_node_status.go:76] "Attempting to register node" node="969b9ea92551"
2025-01-30 04:00:12,156 INFO c.h.h.t.HelmChartContainer - [K3S] [kubelet_node_status.go:79] "Successfully registered node" node="969b9ea92551"
2025-01-30 04:00:12,157 INFO c.h.h.t.HelmChartContainer - [K3S] [kubelet_node_status.go:549] "Error updating node status, will retry" err="error getting node \"969b9ea92551\": node \"969b9ea92551\" not found"
2025-01-30 04:00:12,160 INFO c.h.h.t.HelmChartContainer - [K3S] [INFO] Annotations and labels have been set successfully on node: 969b9ea92551
2025-01-30 04:00:12,161 INFO c.h.h.t.HelmChartContainer - [K3S] [INFO] Starting flannel with backend vxlan
2025-01-30 04:00:12,199 INFO c.h.h.t.HelmChartContainer - [K3S] [INFO] Running kube-proxy --cluster-cidr=10.42.0.0/16 --conntrack-max-per-core=0 --conntrack-tcp-timeout-close-wait=0s --conntrack-tcp-timeout-established=0s --healthz-bind-address=127.0.0.1 --hostname-override=969b9ea92551 --kubeconfig=/var/lib/rancher/k3s/agent/kubeproxy.kubeconfig --proxy-mode=iptables
2025-01-30 04:00:12,242 INFO c.h.h.t.HelmChartContainer - [K3S] [server.go:698] "Successfully retrieved node IP(s)" IPs=["172.18.0.2"]
2025-01-30 04:00:12,242 INFO c.h.h.t.HelmChartContainer - [K3S] [server.go:234] "Kube-proxy configuration may be incomplete or incorrect" err="nodePortAddresses is unset; NodePort connections will be accepted on all local IPs. Consider using `--nodeport-addresses primary`"
2025-01-30 04:00:12,245 INFO c.h.h.t.HelmChartContainer - [K3S] [server.go:243] "kube-proxy running in dual-stack mode" primary ipFamily="IPv4"
2025-01-30 04:00:12,245 INFO c.h.h.t.HelmChartContainer - [K3S] [server_linux.go:170] "Using iptables Proxier"
2025-01-30 04:00:12,246 INFO c.h.h.t.HelmChartContainer - [K3S] [proxier.go:255] "Setting route_localnet=1 to allow node-ports on localhost; to change this either disable iptables.localhostNodePorts (--iptables-localhost-nodeports) or set nodePortAddresses (--nodeport-addresses) to filter loopback addresses"
2025-01-30 04:00:12,250 INFO c.h.h.t.HelmChartContainer - [K3S] [server.go:497] "Version info" version="v1.32.1+k3s1"
2025-01-30 04:00:12,250 INFO c.h.h.t.HelmChartContainer - [K3S] [server.go:499] "Golang settings" GOGC="" GOMAXPROCS="" GOTRACEBACK=""
2025-01-30 04:00:12,251 INFO c.h.h.t.HelmChartContainer - [K3S] [config.go:199] "Starting service config controller"
2025-01-30 04:00:12,251 INFO c.h.h.t.HelmChartContainer - [K3S] [config.go:329] "Starting node config controller"
2025-01-30 04:00:12,252 INFO c.h.h.t.HelmChartContainer - [K3S] [config.go:105] "Starting endpoint slice config controller"
2025-01-30 04:00:12,466 INFO c.h.h.t.HelmChartContainer - [K3S] [kubelet_node_status.go:502] "Fast updating node status as it just became ready"
2025-01-30 04:00:12,796 INFO c.h.h.t.HelmChartContainer - [K3S] [INFO] Waiting for cloud-controller-manager privileges to become available
2025-01-30 04:00:12,797 INFO c.h.h.t.HelmChartContainer - [K3S] [INFO] Waiting for untainted node
2025-01-30 04:00:12,797 INFO c.h.h.t.HelmChartContainer - [K3S] [INFO] Creating k3s-supervisor event broadcaster
2025-01-30 04:00:12,797 INFO c.h.h.t.HelmChartContainer - [K3S] [INFO] Kube API server is now running
2025-01-30 04:00:12,797 INFO c.h.h.t.HelmChartContainer - [K3S] [INFO] ETCD server is now running
2025-01-30 04:00:12,798 INFO c.h.h.t.HelmChartContainer - [K3S] [INFO] k3s is up and running
2025-01-30 04:00:12,803 INFO c.h.h.t.HelmChartContainer - [K3S] [INFO] Applying CRD addons.k3s.cattle.io
2025-01-30 04:00:12,812 INFO c.h.h.t.HelmChartContainer - [K3S] [INFO] Applying CRD etcdsnapshotfiles.k3s.cattle.io
2025-01-30 04:00:12,834 INFO c.h.h.t.HelmChartContainer - [K3S] [INFO] Applying CRD helmcharts.helm.cattle.io
2025-01-30 04:00:12,872 INFO c.h.h.t.HelmChartContainer - [K3S] [INFO] Applying CRD helmchartconfigs.helm.cattle.io
2025-01-30 04:00:12,883 INFO c.h.h.t.HelmChartContainer - [K3S] [INFO] Waiting for CRD helmchartconfigs.helm.cattle.io to become available
2025-01-30 04:00:12,927 INFO c.h.h.t.HelmChartContainer - [K3S] [serving.go:392] Generated self-signed cert in-memory
2025-01-30 04:00:12,994 INFO c.h.h.t.HelmChartContainer - [K3S] [apiserver.go:52] "Watching apiserver"
2025-01-30 04:00:13,020 INFO c.h.h.t.HelmChartContainer - [K3S] [desired_state_of_world_populator.go:157] "Finished populating initial desired state of world"
2025-01-30 04:00:13,202 INFO c.h.h.t.HelmChartContainer - [K3S] [controllermanager.go:185] "Starting" version="v1.32.1+k3s1"
2025-01-30 04:00:13,203 INFO c.h.h.t.HelmChartContainer - [K3S] [controllermanager.go:187] "Golang settings" GOGC="" GOMAXPROCS="" GOTRACEBACK=""
2025-01-30 04:00:13,206 INFO c.h.h.t.HelmChartContainer - [K3S] [secure_serving.go:213] Serving securely on 127.0.0.1:10257
2025-01-30 04:00:13,206 INFO c.h.h.t.HelmChartContainer - [K3S] [tlsconfig.go:243] "Starting DynamicServingCertificateController"
2025-01-30 04:00:13,206 INFO c.h.h.t.HelmChartContainer - [K3S] [requestheader_controller.go:180] Starting RequestHeaderAuthRequestController
2025-01-30 04:00:13,207 INFO c.h.h.t.HelmChartContainer - [K3S] [configmap_cafile_content.go:205] "Starting controller" name="client-ca::kube-system::extension-apiserver-authentication::client-ca-file"
2025-01-30 04:00:13,207 INFO c.h.h.t.HelmChartContainer - [K3S] [configmap_cafile_content.go:205] "Starting controller" name="client-ca::kube-system::extension-apiserver-authentication::requestheader-client-ca-file"
2025-01-30 04:00:13,215 INFO c.h.h.t.HelmChartContainer - [K3S] [controllermanager.go:765] "Started controller" controller="serviceaccount-token-controller"
2025-01-30 04:00:13,219 INFO c.h.h.t.HelmChartContainer - [K3S] [controllermanager.go:765] "Started controller" controller="endpointslice-mirroring-controller"
2025-01-30 04:00:13,219 INFO c.h.h.t.HelmChartContainer - [K3S] [endpointslicemirroring_controller.go:227] "Starting EndpointSliceMirroring controller"
2025-01-30 04:00:13,224 INFO c.h.h.t.HelmChartContainer - [K3S] [controllermanager.go:765] "Started controller" controller="clusterrole-aggregation-controller"
2025-01-30 04:00:13,224 INFO c.h.h.t.HelmChartContainer - [K3S] [clusterroleaggregation_controller.go:194] "Starting ClusterRoleAggregator controller"
2025-01-30 04:00:13,230 INFO c.h.h.t.HelmChartContainer - [K3S] [controllermanager.go:765] "Started controller" controller="ttl-after-finished-controller"
2025-01-30 04:00:13,230 INFO c.h.h.t.HelmChartContainer - [K3S] [controllermanager.go:717] "Controller is disabled by a feature gate" controller="service-cidr-controller" requiredFeatureGates=["MultiCIDRServiceAllocator"]
2025-01-30 04:00:13,230 INFO c.h.h.t.HelmChartContainer - [K3S] [controllermanager.go:717] "Controller is disabled by a feature gate" controller="resourceclaim-controller" requiredFeatureGates=["DynamicResourceAllocation"]
2025-01-30 04:00:13,230 INFO c.h.h.t.HelmChartContainer - [K3S] [ttlafterfinished_controller.go:112] "Starting TTL after finished controller"
2025-01-30 04:00:13,236 INFO c.h.h.t.HelmChartContainer - [K3S] [controllermanager.go:765] "Started controller" controller="pod-garbage-collector-controller"
2025-01-30 04:00:13,236 INFO c.h.h.t.HelmChartContainer - [K3S] [gc_controller.go:99] "Starting GC controller"
2025-01-30 04:00:13,248 INFO c.h.h.t.HelmChartContainer - [K3S] [controllermanager.go:765] "Started controller" controller="horizontal-pod-autoscaler-controller"
2025-01-30 04:00:13,248 INFO c.h.h.t.HelmChartContainer - [K3S] [horizontal.go:201] "Starting HPA controller"
2025-01-30 04:00:13,257 INFO c.h.h.t.HelmChartContainer - [K3S] [controllermanager.go:765] "Started controller" controller="certificatesigningrequest-signing-controller"
2025-01-30 04:00:13,257 INFO c.h.h.t.HelmChartContainer - [K3S] [certificate_controller.go:120] "Starting certificate controller" name="csrsigning-kubelet-serving"
2025-01-30 04:00:13,258 INFO c.h.h.t.HelmChartContainer - [K3S] [certificate_controller.go:120] "Starting certificate controller" name="csrsigning-kubelet-client"
2025-01-30 04:00:13,258 INFO c.h.h.t.HelmChartContainer - [K3S] [certificate_controller.go:120] "Starting certificate controller" name="csrsigning-kube-apiserver-client"
2025-01-30 04:00:13,258 INFO c.h.h.t.HelmChartContainer - [K3S] [certificate_controller.go:120] "Starting certificate controller" name="csrsigning-legacy-unknown"
2025-01-30 04:00:13,258 INFO c.h.h.t.HelmChartContainer - [K3S] [dynamic_serving_content.go:135] "Starting controller" name="csr-controller::/var/lib/rancher/k3s/server/tls/server-ca.nochain.crt::/var/lib/rancher/k3s/server/tls/server-ca.key"
2025-01-30 04:00:13,258 INFO c.h.h.t.HelmChartContainer - [K3S] [dynamic_serving_content.go:135] "Starting controller" name="csr-controller::/var/lib/rancher/k3s/server/tls/client-ca.nochain.crt::/var/lib/rancher/k3s/server/tls/client-ca.key"
2025-01-30 04:00:13,258 INFO c.h.h.t.HelmChartContainer - [K3S] [dynamic_serving_content.go:135] "Starting controller" name="csr-controller::/var/lib/rancher/k3s/server/tls/client-ca.nochain.crt::/var/lib/rancher/k3s/server/tls/client-ca.key"
2025-01-30 04:00:13,258 INFO c.h.h.t.HelmChartContainer - [K3S] [dynamic_serving_content.go:135] "Starting controller" name="csr-controller::/var/lib/rancher/k3s/server/tls/server-ca.nochain.crt::/var/lib/rancher/k3s/server/tls/server-ca.key"
2025-01-30 04:00:13,260 INFO c.h.h.t.HelmChartContainer - [K3S] [controllermanager.go:765] "Started controller" controller="certificatesigningrequest-approving-controller"
2025-01-30 04:00:13,261 INFO c.h.h.t.HelmChartContainer - [K3S] [controllermanager.go:728] "Warning: controller is disabled" controller="bootstrap-signer-controller"
2025-01-30 04:00:13,261 INFO c.h.h.t.HelmChartContainer - [K3S] [certificate_controller.go:120] "Starting certificate controller" name="csrapproving"
2025-01-30 04:00:13,277 INFO c.h.h.t.HelmChartContainer - [K3S] [range_allocator.go:112] "No Secondary Service CIDR provided. Skipping filtering out secondary service addresses"
2025-01-30 04:00:13,278 INFO c.h.h.t.HelmChartContainer - [K3S] [controllermanager.go:765] "Started controller" controller="node-ipam-controller"
2025-01-30 04:00:13,278 INFO c.h.h.t.HelmChartContainer - [K3S] [node_ipam_controller.go:141] "Starting ipam controller"
2025-01-30 04:00:13,283 INFO c.h.h.t.HelmChartContainer - [K3S] [controllermanager.go:765] "Started controller" controller="persistentvolume-attach-detach-controller"
2025-01-30 04:00:13,283 INFO c.h.h.t.HelmChartContainer - [K3S] [controllermanager.go:717] "Controller is disabled by a feature gate" controller="selinux-warning-controller" requiredFeatureGates=["SELinuxChangePolicy"]
2025-01-30 04:00:13,283 INFO c.h.h.t.HelmChartContainer - [K3S] [controllermanager.go:723] "Skipping a cloud provider controller" controller="node-route-controller"
2025-01-30 04:00:13,283 INFO c.h.h.t.HelmChartContainer - [K3S] [controllermanager.go:723] "Skipping a cloud provider controller" controller="cloud-node-lifecycle-controller"
2025-01-30 04:00:13,283 INFO c.h.h.t.HelmChartContainer - [K3S] [attach_detach_controller.go:338] "Starting attach detach controller"
2025-01-30 04:00:13,365 INFO c.h.h.t.HelmChartContainer - [K3S] [controllermanager.go:765] "Started controller" controller="persistentvolume-protection-controller"
2025-01-30 04:00:13,365 INFO c.h.h.t.HelmChartContainer - [K3S] [pv_protection_controller.go:81] "Starting PV protection controller"
2025-01-30 04:00:13,385 INFO c.h.h.t.HelmChartContainer - [K3S] [INFO] Done waiting for CRD helmchartconfigs.helm.cattle.io to become available
2025-01-30 04:00:13,386 INFO c.h.h.t.HelmChartContainer - [K3S] [INFO] Writing static file: /var/lib/rancher/k3s/server/static/charts/traefik-crd-27.0.201+up27.0.2.tgz
2025-01-30 04:00:13,387 INFO c.h.h.t.HelmChartContainer - [K3S] [INFO] Writing static file: /var/lib/rancher/k3s/server/static/charts/traefik-27.0.201+up27.0.2.tgz
2025-01-30 04:00:13,387 INFO c.h.h.t.HelmChartContainer - [K3S] [INFO] Writing manifest: /var/lib/rancher/k3s/server/manifests/metrics-server/metrics-server-deployment.yaml
2025-01-30 04:00:13,387 INFO c.h.h.t.HelmChartContainer - [K3S] [INFO] Writing manifest: /var/lib/rancher/k3s/server/manifests/metrics-server/metrics-server-service.yaml
2025-01-30 04:00:13,388 INFO c.h.h.t.HelmChartContainer - [K3S] [INFO] Writing manifest: /var/lib/rancher/k3s/server/manifests/rolebindings.yaml
2025-01-30 04:00:13,388 INFO c.h.h.t.HelmChartContainer - [K3S] [INFO] Writing manifest: /var/lib/rancher/k3s/server/manifests/runtimes.yaml
2025-01-30 04:00:13,388 INFO c.h.h.t.HelmChartContainer - [K3S] [INFO] Writing manifest: /var/lib/rancher/k3s/server/manifests/ccm.yaml
2025-01-30 04:00:13,388 INFO c.h.h.t.HelmChartContainer - [K3S] [INFO] Writing manifest: /var/lib/rancher/k3s/server/manifests/metrics-server/aggregated-metrics-reader.yaml
2025-01-30 04:00:13,390 INFO c.h.h.t.HelmChartContainer - [K3S] [INFO] Writing manifest: /var/lib/rancher/k3s/server/manifests/metrics-server/metrics-apiservice.yaml
2025-01-30 04:00:13,390 INFO c.h.h.t.HelmChartContainer - [K3S] [INFO] Writing manifest: /var/lib/rancher/k3s/server/manifests/metrics-server/auth-reader.yaml
2025-01-30 04:00:13,390 INFO c.h.h.t.HelmChartContainer - [K3S] [INFO] Writing manifest: /var/lib/rancher/k3s/server/manifests/metrics-server/resource-reader.yaml
2025-01-30 04:00:13,390 INFO c.h.h.t.HelmChartContainer - [K3S] [INFO] Writing manifest: /var/lib/rancher/k3s/server/manifests/coredns.yaml
2025-01-30 04:00:13,390 INFO c.h.h.t.HelmChartContainer - [K3S] [INFO] Writing manifest: /var/lib/rancher/k3s/server/manifests/local-storage.yaml
2025-01-30 04:00:13,390 INFO c.h.h.t.HelmChartContainer - [K3S] [INFO] Writing manifest: /var/lib/rancher/k3s/server/manifests/metrics-server/auth-delegator.yaml
2025-01-30 04:00:13,391 INFO c.h.h.t.HelmChartContainer - [K3S] [INFO] Starting dynamiclistener CN filter node controller with SANs: [localhost 127.0.0.1 ::1 localhost 969b9ea92551 172.18.0.2 10.43.0.1 kubernetes kubernetes.default kubernetes.default.svc kubernetes.default.svc.cluster.local]
2025-01-30 04:00:13,391 INFO c.h.h.t.HelmChartContainer - [K3S] [INFO] Tunnel server egress proxy mode: agent
2025-01-30 04:00:13,494 INFO c.h.h.t.HelmChartContainer - [K3S] [INFO] Starting k3s.cattle.io/v1, Kind=Addon controller
2025-01-30 04:00:13,494 INFO c.h.h.t.HelmChartContainer - [K3S] [INFO] Creating deploy event broadcaster
2025-01-30 04:00:13,515 INFO c.h.h.t.HelmChartContainer - [K3S] [controllermanager.go:765] "Started controller" controller="root-ca-certificate-publisher-controller"
2025-01-30 04:00:13,515 INFO c.h.h.t.HelmChartContainer - [K3S] [controllermanager.go:717] "Controller is disabled by a feature gate" controller="kube-apiserver-serving-clustertrustbundle-publisher-controller" requiredFeatureGates=["ClusterTrustBundle"]
2025-01-30 04:00:13,516 INFO c.h.h.t.HelmChartContainer - [K3S] [publisher.go:107] "Starting root CA cert publisher controller"
2025-01-30 04:00:13,566 INFO c.h.h.t.HelmChartContainer - [K3S] [controllermanager.go:765] "Started controller" controller="taint-eviction-controller"
2025-01-30 04:00:13,566 INFO c.h.h.t.HelmChartContainer - [K3S] [taint_eviction.go:281] "Starting" controller="taint-eviction-controller"
2025-01-30 04:00:13,566 INFO c.h.h.t.HelmChartContainer - [K3S] [taint_eviction.go:287] "Sending events to api server"
2025-01-30 04:00:13,599 INFO c.h.h.t.HelmChartContainer - [K3S] [INFO] Starting /v1, Kind=Node controller
2025-01-30 04:00:13,600 INFO c.h.h.t.HelmChartContainer - [K3S] [INFO] Creating helm-controller event broadcaster
2025-01-30 04:00:13,611 INFO c.h.h.t.HelmChartContainer - [K3S] [INFO] Cluster dns configmap has been set successfully
2025-01-30 04:00:13,629 INFO c.h.h.t.HelmChartContainer - [K3S] [INFO] Starting /v1, Kind=Secret controller
2025-01-30 04:00:13,629 INFO c.h.h.t.HelmChartContainer - [K3S] [INFO] Starting /v1, Kind=ConfigMap controller
2025-01-30 04:00:13,629 INFO c.h.h.t.HelmChartContainer - [K3S] [INFO] Starting /v1, Kind=ServiceAccount controller
2025-01-30 04:00:13,634 INFO c.h.h.t.HelmChartContainer - [K3S] [INFO] Updating TLS secret for kube-system/k3s-serving (count: 10): map[listener.cattle.io/cn-10.43.0.1:10.43.0.1 listener.cattle.io/cn-127.0.0.1:127.0.0.1 listener.cattle.io/cn-172.18.0.2:172.18.0.2 listener.cattle.io/cn-969b9ea92551:969b9ea92551 listener.cattle.io/cn-__1-f16284:::1 listener.cattle.io/cn-kubernetes:kubernetes listener.cattle.io/cn-kubernetes.default:kubernetes.default listener.cattle.io/cn-kubernetes.default.svc:kubernetes.default.svc listener.cattle.io/cn-kubernetes.default.svc.cluster.local:kubernetes.default.svc.cluster.local listener.cattle.io/cn-localhost:localhost listener.cattle.io/fingerprint:SHA1=AA7817EDB1F857F7ACBE8C83C4C62BC10B5EF20F]
2025-01-30 04:00:13,637 INFO c.h.h.t.HelmChartContainer - [K3S] [INFO] Active TLS secret kube-system/k3s-serving (ver=239) (count 10): map[listener.cattle.io/cn-10.43.0.1:10.43.0.1 listener.cattle.io/cn-127.0.0.1:127.0.0.1 listener.cattle.io/cn-172.18.0.2:172.18.0.2 listener.cattle.io/cn-969b9ea92551:969b9ea92551 listener.cattle.io/cn-__1-f16284:::1 listener.cattle.io/cn-kubernetes:kubernetes listener.cattle.io/cn-kubernetes.default:kubernetes.default listener.cattle.io/cn-kubernetes.default.svc:kubernetes.default.svc listener.cattle.io/cn-kubernetes.default.svc.cluster.local:kubernetes.default.svc.cluster.local listener.cattle.io/cn-localhost:localhost listener.cattle.io/fingerprint:SHA1=AA7817EDB1F857F7ACBE8C83C4C62BC10B5EF20F]
2025-01-30 04:00:13,708 INFO c.h.h.t.HelmChartContainer - [K3S] [INFO] Starting helm.cattle.io/v1, Kind=HelmChart controller
2025-01-30 04:00:13,709 INFO c.h.h.t.HelmChartContainer - [K3S] [INFO] Starting helm.cattle.io/v1, Kind=HelmChartConfig controller
2025-01-30 04:00:13,712 INFO c.h.h.t.HelmChartContainer - [K3S] [INFO] Starting rbac.authorization.k8s.io/v1, Kind=ClusterRoleBinding controller
2025-01-30 04:00:13,715 INFO c.h.h.t.HelmChartContainer - [K3S] [INFO] Starting batch/v1, Kind=Job controller
2025-01-30 04:00:13,721 INFO c.h.h.t.HelmChartContainer - [K3S] [controllermanager.go:765] "Started controller" controller="replicationcontroller-controller"
2025-01-30 04:00:13,721 INFO c.h.h.t.HelmChartContainer - [K3S] [replica_set.go:217] "Starting controller" name="replicationcontroller"
2025-01-30 04:00:13,732 INFO c.h.h.t.HelmChartContainer - [K3S] [INFO] Updating TLS secret for kube-system/k3s-serving (count: 10): map[listener.cattle.io/cn-10.43.0.1:10.43.0.1 listener.cattle.io/cn-127.0.0.1:127.0.0.1 listener.cattle.io/cn-172.18.0.2:172.18.0.2 listener.cattle.io/cn-969b9ea92551:969b9ea92551 listener.cattle.io/cn-__1-f16284:::1 listener.cattle.io/cn-kubernetes:kubernetes listener.cattle.io/cn-kubernetes.default:kubernetes.default listener.cattle.io/cn-kubernetes.default.svc:kubernetes.default.svc listener.cattle.io/cn-kubernetes.default.svc.cluster.local:kubernetes.default.svc.cluster.local listener.cattle.io/cn-localhost:localhost listener.cattle.io/fingerprint:SHA1=AA7817EDB1F857F7ACBE8C83C4C62BC10B5EF20F]
2025-01-30 04:00:13,865 INFO c.h.h.t.HelmChartContainer - [K3S] [controllermanager.go:765] "Started controller" controller="deployment-controller"
2025-01-30 04:00:13,865 INFO c.h.h.t.HelmChartContainer - [K3S] [deployment_controller.go:173] "Starting controller" controller="deployment"
2025-01-30 04:00:14,015 INFO c.h.h.t.HelmChartContainer - [K3S] [controllermanager.go:765] "Started controller" controller="ttl-controller"
2025-01-30 04:00:14,016 INFO c.h.h.t.HelmChartContainer - [K3S] [ttl_controller.go:127] "Starting TTL controller"
2025-01-30 04:00:14,165 INFO c.h.h.t.HelmChartContainer - [K3S] [controllermanager.go:765] "Started controller" controller="persistentvolume-expander-controller"
2025-01-30 04:00:14,165 INFO c.h.h.t.HelmChartContainer - [K3S] [expand_controller.go:329] "Starting expand controller"
2025-01-30 04:00:14,315 INFO c.h.h.t.HelmChartContainer - [K3S] [controllermanager.go:765] "Started controller" controller="endpoints-controller"
2025-01-30 04:00:14,316 INFO c.h.h.t.HelmChartContainer - [K3S] [endpoints_controller.go:182] "Starting endpoint controller"
2025-01-30 04:00:14,569 INFO c.h.h.t.HelmChartContainer - [K3S] [controllermanager.go:765] "Started controller" controller="namespace-controller"
2025-01-30 04:00:14,569 INFO c.h.h.t.HelmChartContainer - [K3S] [namespace_controller.go:202] "Starting namespace controller"
2025-01-30 04:00:14,624 INFO c.h.h.t.HelmChartContainer - [K3S] [INFO] Labels and annotations have been set successfully on node: 969b9ea92551
2025-01-30 04:00:14,816 INFO c.h.h.t.HelmChartContainer - [K3S] [controllermanager.go:765] "Started controller" controller="garbage-collector-controller"
2025-01-30 04:00:14,816 INFO c.h.h.t.HelmChartContainer - [K3S] [graph_builder.go:351] "Running" component="GraphBuilder"
2025-01-30 04:00:15,068 INFO c.h.h.t.HelmChartContainer - [K3S] [controllermanager.go:765] "Started controller" controller="job-controller"
2025-01-30 04:00:15,069 INFO c.h.h.t.HelmChartContainer - [K3S] [job_controller.go:243] "Starting job controller"
2025-01-30 04:00:15,115 INFO c.h.h.t.HelmChartContainer - [K3S] [controllermanager.go:765] "Started controller" controller="certificatesigningrequest-cleaner-controller"
2025-01-30 04:00:15,116 INFO c.h.h.t.HelmChartContainer - [K3S] [controllermanager.go:723] "Skipping a cloud provider controller" controller="service-lb-controller"
2025-01-30 04:00:15,116 INFO c.h.h.t.HelmChartContainer - [K3S] [cleaner.go:83] "Starting CSR cleaner controller"
2025-01-30 04:00:15,266 INFO c.h.h.t.HelmChartContainer - [K3S] [controllermanager.go:765] "Started controller" controller="persistentvolume-binder-controller"
2025-01-30 04:00:15,266 INFO c.h.h.t.HelmChartContainer - [K3S] [controllermanager.go:717] "Controller is disabled by a feature gate" controller="volumeattributesclass-protection-controller" requiredFeatureGates=["VolumeAttributesClass"]
2025-01-30 04:00:15,266 INFO c.h.h.t.HelmChartContainer - [K3S] [pv_controller_base.go:308] "Starting persistent volume controller"
2025-01-30 04:00:15,416 INFO c.h.h.t.HelmChartContainer - [K3S] [controllermanager.go:765] "Started controller" controller="persistentvolumeclaim-protection-controller"
2025-01-30 04:00:15,416 INFO c.h.h.t.HelmChartContainer - [K3S] [controllermanager.go:743] "Warning: skipping controller" controller="storage-version-migrator-controller"
2025-01-30 04:00:15,416 INFO c.h.h.t.HelmChartContainer - [K3S] [pvc_protection_controller.go:168] "Starting PVC protection controller"
2025-01-30 04:00:15,487 INFO c.h.h.t.HelmChartContainer - [K3S] [event.go:389] "Event occurred" object="969b9ea92551" fieldPath="" kind="Node" apiVersion="" type="Normal" reason="NodePasswordValidationComplete" message="Deferred node password secret validation complete"
2025-01-30 04:00:15,501 INFO c.h.h.t.HelmChartContainer - [K3S] [event.go:389] "Event occurred" object="kube-system/ccm" fieldPath="" kind="Addon" apiVersion="k3s.cattle.io/v1" type="Normal" reason="ApplyingManifest" message="Applying manifest at \"/var/lib/rancher/k3s/server/manifests/ccm.yaml\""
2025-01-30 04:00:15,523 INFO c.h.h.t.HelmChartContainer - [K3S] [event.go:389] "Event occurred" object="kube-system/ccm" fieldPath="" kind="Addon" apiVersion="k3s.cattle.io/v1" type="Normal" reason="AppliedManifest" message="Applied manifest at \"/var/lib/rancher/k3s/server/manifests/ccm.yaml\""
2025-01-30 04:00:15,532 INFO c.h.h.t.HelmChartContainer - [K3S] [event.go:389] "Event occurred" object="kube-system/coredns" fieldPath="" kind="Addon" apiVersion="k3s.cattle.io/v1" type="Normal" reason="ApplyingManifest" message="Applying manifest at \"/var/lib/rancher/k3s/server/manifests/coredns.yaml\""
2025-01-30 04:00:15,566 INFO c.h.h.t.HelmChartContainer - [K3S] [controllermanager.go:765] "Started controller" controller="legacy-serviceaccount-token-cleaner-controller"
2025-01-30 04:00:15,566 INFO c.h.h.t.HelmChartContainer - [K3S] [legacy_serviceaccount_token_cleaner.go:103] "Starting legacy service account token cleaner controller"
2025-01-30 04:00:15,631 INFO c.h.h.t.HelmChartContainer - [K3S] [alloc.go:330] "allocated clusterIPs" service="kube-system/kube-dns" clusterIPs={"IPv4":"10.43.0.10"}
2025-01-30 04:00:15,633 INFO c.h.h.t.HelmChartContainer - [K3S] [event.go:389] "Event occurred" object="kube-system/coredns" fieldPath="" kind="Addon" apiVersion="k3s.cattle.io/v1" type="Normal" reason="AppliedManifest" message="Applied manifest at \"/var/lib/rancher/k3s/server/manifests/coredns.yaml\""
2025-01-30 04:00:15,639 INFO c.h.h.t.HelmChartContainer - [K3S] [event.go:389] "Event occurred" object="kube-system/local-storage" fieldPath="" kind="Addon" apiVersion="k3s.cattle.io/v1" type="Normal" reason="ApplyingManifest" message="Applying manifest at \"/var/lib/rancher/k3s/server/manifests/local-storage.yaml\""
2025-01-30 04:00:15,715 INFO c.h.h.t.HelmChartContainer - [K3S] [controllermanager.go:765] "Started controller" controller="endpointslice-controller"
2025-01-30 04:00:15,715 INFO c.h.h.t.HelmChartContainer - [K3S] [endpointslice_controller.go:281] "Starting endpoint slice controller"
2025-01-30 04:00:15,732 INFO c.h.h.t.HelmChartContainer - [K3S] [event.go:389] "Event occurred" object="kube-system/local-storage" fieldPath="" kind="Addon" apiVersion="k3s.cattle.io/v1" type="Normal" reason="AppliedManifest" message="Applied manifest at \"/var/lib/rancher/k3s/server/manifests/local-storage.yaml\""
2025-01-30 04:00:15,737 INFO c.h.h.t.HelmChartContainer - [K3S] [event.go:389] "Event occurred" object="kube-system/aggregated-metrics-reader" fieldPath="" kind="Addon" apiVersion="k3s.cattle.io/v1" type="Normal" reason="ApplyingManifest" message="Applying manifest at \"/var/lib/rancher/k3s/server/manifests/metrics-server/aggregated-metrics-reader.yaml\""
2025-01-30 04:00:15,808 INFO c.h.h.t.HelmChartContainer - [K3S] [event.go:389] "Event occurred" object="kube-system/aggregated-metrics-reader" fieldPath="" kind="Addon" apiVersion="k3s.cattle.io/v1" type="Normal" reason="AppliedManifest" message="Applied manifest at \"/var/lib/rancher/k3s/server/manifests/metrics-server/aggregated-metrics-reader.yaml\""
2025-01-30 04:00:15,813 INFO c.h.h.t.HelmChartContainer - [K3S] [event.go:389] "Event occurred" object="kube-system/auth-delegator" fieldPath="" kind="Addon" apiVersion="k3s.cattle.io/v1" type="Normal" reason="ApplyingManifest" message="Applying manifest at \"/var/lib/rancher/k3s/server/manifests/metrics-server/auth-delegator.yaml\""
2025-01-30 04:00:15,818 INFO c.h.h.t.HelmChartContainer - [K3S] [event.go:389] "Event occurred" object="kube-system/auth-delegator" fieldPath="" kind="Addon" apiVersion="k3s.cattle.io/v1" type="Normal" reason="AppliedManifest" message="Applied manifest at \"/var/lib/rancher/k3s/server/manifests/metrics-server/auth-delegator.yaml\""
2025-01-30 04:00:15,824 INFO c.h.h.t.HelmChartContainer - [K3S] [event.go:389] "Event occurred" object="kube-system/auth-reader" fieldPath="" kind="Addon" apiVersion="k3s.cattle.io/v1" type="Normal" reason="ApplyingManifest" message="Applying manifest at \"/var/lib/rancher/k3s/server/manifests/metrics-server/auth-reader.yaml\""
2025-01-30 04:00:15,830 INFO c.h.h.t.HelmChartContainer - [K3S] [event.go:389] "Event occurred" object="kube-system/auth-reader" fieldPath="" kind="Addon" apiVersion="k3s.cattle.io/v1" type="Normal" reason="AppliedManifest" message="Applied manifest at \"/var/lib/rancher/k3s/server/manifests/metrics-server/auth-reader.yaml\""
2025-01-30 04:00:15,836 INFO c.h.h.t.HelmChartContainer - [K3S] [event.go:389] "Event occurred" object="kube-system/metrics-apiservice" fieldPath="" kind="Addon" apiVersion="k3s.cattle.io/v1" type="Normal" reason="ApplyingManifest" message="Applying manifest at \"/var/lib/rancher/k3s/server/manifests/metrics-server/metrics-apiservice.yaml\""
2025-01-30 04:00:15,842 INFO c.h.h.t.HelmChartContainer - [K3S] [event.go:389] "Event occurred" object="kube-system/metrics-apiservice" fieldPath="" kind="Addon" apiVersion="k3s.cattle.io/v1" type="Normal" reason="AppliedManifest" message="Applied manifest at \"/var/lib/rancher/k3s/server/manifests/metrics-server/metrics-apiservice.yaml\""
2025-01-30 04:00:15,848 INFO c.h.h.t.HelmChartContainer - [K3S] [handler_proxy.go:99] no RequestInfo found in the context
2025-01-30 04:00:15,848 INFO c.h.h.t.HelmChartContainer - [K3S] [controller.go:146] "Unhandled Error" err=<
2025-01-30 04:00:15,848 INFO c.h.h.t.HelmChartContainer - [K3S] 	, Header: map[Content-Type:[text/plain; charset=utf-8] X-Content-Type-Options:[nosniff]]
2025-01-30 04:00:15,849 INFO c.h.h.t.HelmChartContainer - [K3S]  >
2025-01-30 04:00:15,849 INFO c.h.h.t.HelmChartContainer - [K3S] [handler_proxy.go:143] error resolving kube-system/metrics-server: service "metrics-server" not found
2025-01-30 04:00:15,852 INFO c.h.h.t.HelmChartContainer - [K3S] [event.go:389] "Event occurred" object="kube-system/metrics-server-deployment" fieldPath="" kind="Addon" apiVersion="k3s.cattle.io/v1" type="Normal" reason="ApplyingManifest" message="Applying manifest at \"/var/lib/rancher/k3s/server/manifests/metrics-server/metrics-server-deployment.yaml\""
2025-01-30 04:00:15,866 INFO c.h.h.t.HelmChartContainer - [K3S] [controllermanager.go:765] "Started controller" controller="daemonset-controller"
2025-01-30 04:00:15,867 INFO c.h.h.t.HelmChartContainer - [K3S] [daemon_controller.go:294] "Starting daemon sets controller"
2025-01-30 04:00:15,870 INFO c.h.h.t.HelmChartContainer - [K3S] [event.go:389] "Event occurred" object="kube-system/metrics-server-deployment" fieldPath="" kind="Addon" apiVersion="k3s.cattle.io/v1" type="Normal" reason="AppliedManifest" message="Applied manifest at \"/var/lib/rancher/k3s/server/manifests/metrics-server/metrics-server-deployment.yaml\""
2025-01-30 04:00:15,879 INFO c.h.h.t.HelmChartContainer - [K3S] [event.go:389] "Event occurred" object="kube-system/metrics-server-service" fieldPath="" kind="Addon" apiVersion="k3s.cattle.io/v1" type="Normal" reason="ApplyingManifest" message="Applying manifest at \"/var/lib/rancher/k3s/server/manifests/metrics-server/metrics-server-service.yaml\""
2025-01-30 04:00:15,884 INFO c.h.h.t.HelmChartContainer - [K3S] [alloc.go:330] "allocated clusterIPs" service="kube-system/metrics-server" clusterIPs={"IPv4":"10.43.7.122"}
2025-01-30 04:00:15,886 INFO c.h.h.t.HelmChartContainer - [K3S] [event.go:389] "Event occurred" object="kube-system/metrics-server-service" fieldPath="" kind="Addon" apiVersion="k3s.cattle.io/v1" type="Normal" reason="AppliedManifest" message="Applied manifest at \"/var/lib/rancher/k3s/server/manifests/metrics-server/metrics-server-service.yaml\""
2025-01-30 04:00:15,891 INFO c.h.h.t.HelmChartContainer - [K3S] [handler_proxy.go:99] no RequestInfo found in the context
2025-01-30 04:00:15,891 INFO c.h.h.t.HelmChartContainer - [K3S] [controller.go:146] "Unhandled Error" err=<
2025-01-30 04:00:15,891 INFO c.h.h.t.HelmChartContainer - [K3S] 	, Header: map[Content-Type:[text/plain; charset=utf-8] X-Content-Type-Options:[nosniff]]
2025-01-30 04:00:15,891 INFO c.h.h.t.HelmChartContainer - [K3S]  >
2025-01-30 04:00:15,892 INFO c.h.h.t.HelmChartContainer - [K3S] [handler_proxy.go:143] error resolving kube-system/metrics-server: endpoints "metrics-server" not found
2025-01-30 04:00:15,898 INFO c.h.h.t.HelmChartContainer - [K3S] [event.go:389] "Event occurred" object="kube-system/resource-reader" fieldPath="" kind="Addon" apiVersion="k3s.cattle.io/v1" type="Normal" reason="ApplyingManifest" message="Applying manifest at \"/var/lib/rancher/k3s/server/manifests/metrics-server/resource-reader.yaml\""
2025-01-30 04:00:15,919 INFO c.h.h.t.HelmChartContainer - [K3S] [event.go:389] "Event occurred" object="kube-system/resource-reader" fieldPath="" kind="Addon" apiVersion="k3s.cattle.io/v1" type="Normal" reason="AppliedManifest" message="Applied manifest at \"/var/lib/rancher/k3s/server/manifests/metrics-server/resource-reader.yaml\""
2025-01-30 04:00:15,926 INFO c.h.h.t.HelmChartContainer - [K3S] [event.go:389] "Event occurred" object="kube-system/rolebindings" fieldPath="" kind="Addon" apiVersion="k3s.cattle.io/v1" type="Normal" reason="ApplyingManifest" message="Applying manifest at \"/var/lib/rancher/k3s/server/manifests/rolebindings.yaml\""
2025-01-30 04:00:16,015 INFO c.h.h.t.HelmChartContainer - [K3S] [controllermanager.go:765] "Started controller" controller="replicaset-controller"
2025-01-30 04:00:16,015 INFO c.h.h.t.HelmChartContainer - [K3S] [replica_set.go:217] "Starting controller" name="replicaset"
2025-01-30 04:00:16,036 INFO c.h.h.t.HelmChartContainer - [K3S] [event.go:389] "Event occurred" object="kube-system/rolebindings" fieldPath="" kind="Addon" apiVersion="k3s.cattle.io/v1" type="Normal" reason="AppliedManifest" message="Applied manifest at \"/var/lib/rancher/k3s/server/manifests/rolebindings.yaml\""
2025-01-30 04:00:16,045 INFO c.h.h.t.HelmChartContainer - [K3S] [event.go:389] "Event occurred" object="kube-system/runtimes" fieldPath="" kind="Addon" apiVersion="k3s.cattle.io/v1" type="Normal" reason="ApplyingManifest" message="Applying manifest at \"/var/lib/rancher/k3s/server/manifests/runtimes.yaml\""
2025-01-30 04:00:16,052 INFO c.h.h.t.HelmChartContainer - [K3S] [serving.go:392] Generated self-signed cert in-memory
2025-01-30 04:00:16,079 INFO c.h.h.t.HelmChartContainer - [K3S] [event.go:389] "Event occurred" object="kube-system/runtimes" fieldPath="" kind="Addon" apiVersion="k3s.cattle.io/v1" type="Normal" reason="AppliedManifest" message="Applied manifest at \"/var/lib/rancher/k3s/server/manifests/runtimes.yaml\""
2025-01-30 04:00:16,173 INFO c.h.h.t.HelmChartContainer - [K3S] [controllermanager.go:765] "Started controller" controller="statefulset-controller"
2025-01-30 04:00:16,173 INFO c.h.h.t.HelmChartContainer - [K3S] [stateful_set.go:166] "Starting stateful set controller"
2025-01-30 04:00:16,316 INFO c.h.h.t.HelmChartContainer - [K3S] [controllermanager.go:765] "Started controller" controller="token-cleaner-controller"
2025-01-30 04:00:16,316 INFO c.h.h.t.HelmChartContainer - [K3S] [tokencleaner.go:117] "Starting token cleaner controller"
2025-01-30 04:00:16,321 INFO c.h.h.t.HelmChartContainer - [K3S] [serving.go:392] Generated self-signed cert in-memory
2025-01-30 04:00:16,366 INFO c.h.h.t.HelmChartContainer - [K3S] [node_lifecycle_controller.go:432] "Controller will reconcile labels"
2025-01-30 04:00:16,367 INFO c.h.h.t.HelmChartContainer - [K3S] [controllermanager.go:765] "Started controller" controller="node-lifecycle-controller"
2025-01-30 04:00:16,368 INFO c.h.h.t.HelmChartContainer - [K3S] [controllermanager.go:717] "Controller is disabled by a feature gate" controller="storageversion-garbage-collector-controller" requiredFeatureGates=["APIServerIdentity","StorageVersionAPI"]
2025-01-30 04:00:16,368 INFO c.h.h.t.HelmChartContainer - [K3S] [node_lifecycle_controller.go:466] "Sending events to api server"
2025-01-30 04:00:16,368 INFO c.h.h.t.HelmChartContainer - [K3S] [node_lifecycle_controller.go:477] "Starting node controller"
2025-01-30 04:00:16,565 INFO c.h.h.t.HelmChartContainer - [K3S] [controllermanager.go:765] "Started controller" controller="validatingadmissionpolicy-status-controller"
2025-01-30 04:00:16,753 INFO c.h.h.t.HelmChartContainer - [K3S] [controllermanager.go:160] Version: v1.32.1+k3s1
2025-01-30 04:00:16,756 INFO c.h.h.t.HelmChartContainer - [K3S] [requestheader_controller.go:180] Starting RequestHeaderAuthRequestController
2025-01-30 04:00:16,756 INFO c.h.h.t.HelmChartContainer - [K3S] [configmap_cafile_content.go:205] "Starting controller" name="client-ca::kube-system::extension-apiserver-authentication::client-ca-file"
2025-01-30 04:00:16,758 INFO c.h.h.t.HelmChartContainer - [K3S] [configmap_cafile_content.go:205] "Starting controller" name="client-ca::kube-system::extension-apiserver-authentication::requestheader-client-ca-file"
2025-01-30 04:00:16,758 INFO c.h.h.t.HelmChartContainer - [K3S] [secure_serving.go:213] Serving securely on 127.0.0.1:10258
2025-01-30 04:00:16,758 INFO c.h.h.t.HelmChartContainer - [K3S] [tlsconfig.go:243] "Starting DynamicServingCertificateController"
2025-01-30 04:00:16,761 INFO c.h.h.t.HelmChartContainer - [K3S] [INFO] Creating service-lb-controller event broadcaster
2025-01-30 04:00:16,842 INFO c.h.h.t.HelmChartContainer - [K3S] [handler_proxy.go:99] no RequestInfo found in the context
2025-01-30 04:00:16,842 INFO c.h.h.t.HelmChartContainer - [K3S] [handler_proxy.go:99] no RequestInfo found in the context
2025-01-30 04:00:16,842 INFO c.h.h.t.HelmChartContainer - [K3S] [controller.go:102] "Unhandled Error" err=<
2025-01-30 04:00:16,843 INFO c.h.h.t.HelmChartContainer - [K3S] 	, Header: map[Content-Type:[text/plain; charset=utf-8] X-Content-Type-Options:[nosniff]]
2025-01-30 04:00:16,843 INFO c.h.h.t.HelmChartContainer - [K3S]  >
2025-01-30 04:00:16,871 INFO c.h.h.t.HelmChartContainer - [K3S] [resource_quota_controller.go:300] "Starting resource quota controller"
2025-01-30 04:00:16,871 INFO c.h.h.t.HelmChartContainer - [K3S] [controllermanager.go:765] "Started controller" controller="resourcequota-controller"
2025-01-30 04:00:16,875 INFO c.h.h.t.HelmChartContainer - [K3S] [INFO] Starting /v1, Kind=Node controller
2025-01-30 04:00:16,878 INFO c.h.h.t.HelmChartContainer - [K3S] [INFO] Starting /v1, Kind=Pod controller
2025-01-30 04:00:16,882 INFO c.h.h.t.HelmChartContainer - [K3S] [INFO] Starting apps/v1, Kind=DaemonSet controller
2025-01-30 04:00:16,884 INFO c.h.h.t.HelmChartContainer - [K3S] [controllermanager.go:306] "node-route-controller" is disabled
2025-01-30 04:00:16,884 INFO c.h.h.t.HelmChartContainer - [K3S] [INFO] Starting discovery.k8s.io/v1, Kind=EndpointSlice controller
2025-01-30 04:00:16,884 INFO c.h.h.t.HelmChartContainer - [K3S] [controllermanager.go:329] Started "cloud-node-controller"
2025-01-30 04:00:16,885 INFO c.h.h.t.HelmChartContainer - [K3S] [node_controller.go:176] Sending events to api server.
2025-01-30 04:00:16,885 INFO c.h.h.t.HelmChartContainer - [K3S] [controllermanager.go:329] Started "cloud-node-lifecycle-controller"
2025-01-30 04:00:16,885 INFO c.h.h.t.HelmChartContainer - [K3S] [node_controller.go:185] Waiting for informer caches to sync
2025-01-30 04:00:16,885 INFO c.h.h.t.HelmChartContainer - [K3S] [node_lifecycle_controller.go:112] Sending events to api server
2025-01-30 04:00:16,885 INFO c.h.h.t.HelmChartContainer - [K3S] [controllermanager.go:329] Started "service-lb-controller"
2025-01-30 04:00:16,886 INFO c.h.h.t.HelmChartContainer - [K3S] [controller.go:234] Starting service controller
2025-01-30 04:00:16,967 INFO c.h.h.t.HelmChartContainer - [K3S] [INFO] Tunnel authorizer set Kubelet Port 0.0.0.0:10250
2025-01-30 04:00:16,994 INFO c.h.h.t.HelmChartContainer - [K3S] [node_controller.go:429] Initializing node 969b9ea92551 with cloud provider
2025-01-30 04:00:16,998 INFO c.h.h.t.HelmChartContainer - [K3S] [node_controller.go:474] Successfully initialized node 969b9ea92551 with cloud provider
2025-01-30 04:00:17,000 INFO c.h.h.t.HelmChartContainer - [K3S] [event.go:389] "Event occurred" object="969b9ea92551" fieldPath="" kind="Node" apiVersion="v1" type="Normal" reason="Synced" message="Node synced successfully"
2025-01-30 04:00:17,008 INFO c.h.h.t.HelmChartContainer - [K3S] [INFO] Updated coredns NodeHosts entry for 969b9ea92551
2025-01-30 04:00:17,073 INFO c.h.h.t.HelmChartContainer - [K3S] [controllermanager.go:765] "Started controller" controller="serviceaccount-controller"
2025-01-30 04:00:17,075 INFO c.h.h.t.HelmChartContainer - [K3S] [serviceaccounts_controller.go:114] "Starting service account controller"
2025-01-30 04:00:17,215 INFO c.h.h.t.HelmChartContainer - [K3S] [controllermanager.go:765] "Started controller" controller="disruption-controller"
2025-01-30 04:00:17,215 INFO c.h.h.t.HelmChartContainer - [K3S] [disruption.go:452] "Sending events to api server."
2025-01-30 04:00:17,215 INFO c.h.h.t.HelmChartContainer - [K3S] [disruption.go:463] "Starting disruption controller"
2025-01-30 04:00:17,366 INFO c.h.h.t.HelmChartContainer - [K3S] [controllermanager.go:765] "Started controller" controller="cronjob-controller"
2025-01-30 04:00:17,366 INFO c.h.h.t.HelmChartContainer - [K3S] [cronjob_controllerv2.go:145] "Starting cronjob controller v2"
2025-01-30 04:00:17,484 INFO c.h.h.t.HelmChartContainer - [K3S] [serving.go:392] Generated self-signed cert in-memory
2025-01-30 04:00:17,516 INFO c.h.h.t.HelmChartContainer - [K3S] [controllermanager.go:765] "Started controller" controller="ephemeral-volume-controller"
2025-01-30 04:00:17,516 INFO c.h.h.t.HelmChartContainer - [K3S] [controller.go:173] "Starting ephemeral volume controller"
2025-01-30 04:00:17,539 INFO c.h.h.t.HelmChartContainer - [K3S] [actual_state_of_world.go:541] "Failed to update statusUpdateNeeded field in actual state of world" err="Failed to set statusUpdateNeeded to needed true, because nodeName=\"969b9ea92551\" does not exist"
2025-01-30 04:00:17,577 INFO c.h.h.t.HelmChartContainer - [K3S] [range_allocator.go:177] "Sending events to api server"
2025-01-30 04:00:17,577 INFO c.h.h.t.HelmChartContainer - [K3S] [range_allocator.go:183] "Starting range CIDR allocator"
2025-01-30 04:00:17,585 INFO c.h.h.t.HelmChartContainer - [K3S] [range_allocator.go:428] "Set node PodCIDR" node="969b9ea92551" podCIDRs=["10.42.0.0/24"]
2025-01-30 04:00:17,586 INFO c.h.h.t.HelmChartContainer - [K3S] [range_allocator.go:247] "Successfully synced" key="969b9ea92551"
2025-01-30 04:00:17,586 INFO c.h.h.t.HelmChartContainer - [K3S] [range_allocator.go:247] "Successfully synced" key="969b9ea92551"
2025-01-30 04:00:17,586 INFO c.h.h.t.HelmChartContainer - [K3S] [INFO] Flannel found PodCIDR assigned for node 969b9ea92551
2025-01-30 04:00:17,587 INFO c.h.h.t.HelmChartContainer - [K3S] [INFO] The interface eth0 with ipv4 address 172.18.0.2 will be used by flannel
2025-01-30 04:00:17,587 INFO c.h.h.t.HelmChartContainer - [K3S] [kube.go:139] Waiting 10m0s for node controller to sync
2025-01-30 04:00:17,587 INFO c.h.h.t.HelmChartContainer - [K3S] [kube.go:469] Starting kube subnet manager
2025-01-30 04:00:17,666 INFO c.h.h.t.HelmChartContainer - [K3S] [node_lifecycle_controller.go:1234] "Initializing eviction metric for zone" zone=""
2025-01-30 04:00:17,666 INFO c.h.h.t.HelmChartContainer - [K3S] [node_lifecycle_controller.go:886] "Missing timestamp for Node. Assuming now as a timestamp" node="969b9ea92551"
2025-01-30 04:00:17,666 INFO c.h.h.t.HelmChartContainer - [K3S] [node_lifecycle_controller.go:1080] "Controller detected that zone is now in new state" zone="" newState="Normal"
2025-01-30 04:00:17,674 INFO c.h.h.t.HelmChartContainer - [K3S] [range_allocator.go:247] "Successfully synced" key="969b9ea92551"
2025-01-30 04:00:17,699 INFO c.h.h.t.HelmChartContainer - [K3S] [INFO] Starting network policy controller version v2.2.1, built on 2025-01-28T18:27:08Z, go1.23.4
2025-01-30 04:00:17,699 INFO c.h.h.t.HelmChartContainer - [K3S] [network_policy_controller.go:164] Starting network policy controller
2025-01-30 04:00:17,733 INFO c.h.h.t.HelmChartContainer - [K3S] [network_policy_controller.go:176] Starting network policy controller full sync goroutine
2025-01-30 04:00:17,773 INFO c.h.h.t.HelmChartContainer - [K3S] [server.go:164] "Starting Kubernetes Scheduler" version="v1.32.1+k3s1"
2025-01-30 04:00:17,773 INFO c.h.h.t.HelmChartContainer - [K3S] [server.go:166] "Golang settings" GOGC="" GOMAXPROCS="" GOTRACEBACK=""
2025-01-30 04:00:17,777 INFO c.h.h.t.HelmChartContainer - [K3S] [configmap_cafile_content.go:205] "Starting controller" name="client-ca::kube-system::extension-apiserver-authentication::client-ca-file"
2025-01-30 04:00:17,777 INFO c.h.h.t.HelmChartContainer - [K3S] [configmap_cafile_content.go:205] "Starting controller" name="client-ca::kube-system::extension-apiserver-authentication::requestheader-client-ca-file"
2025-01-30 04:00:17,777 INFO c.h.h.t.HelmChartContainer - [K3S] [requestheader_controller.go:180] Starting RequestHeaderAuthRequestController
2025-01-30 04:00:17,777 INFO c.h.h.t.HelmChartContainer - [K3S] [secure_serving.go:213] Serving securely on 127.0.0.1:10259
2025-01-30 04:00:17,777 INFO c.h.h.t.HelmChartContainer - [K3S] [tlsconfig.go:243] "Starting DynamicServingCertificateController"
2025-01-30 04:00:17,966 INFO c.h.h.t.HelmChartContainer - [K3S] [INFO] Started tunnel to 172.18.0.2:6443
2025-01-30 04:00:17,966 INFO c.h.h.t.HelmChartContainer - [K3S] [INFO] Stopped tunnel to 127.0.0.1:6443
2025-01-30 04:00:17,967 INFO c.h.h.t.HelmChartContainer - [K3S] [INFO] Connecting to proxy" url="wss://172.18.0.2:6443/v1-k3s/connect
2025-01-30 04:00:17,967 INFO c.h.h.t.HelmChartContainer - [K3S] [INFO] Proxy done" err="context canceled" url="wss://127.0.0.1:6443/v1-k3s/connect
2025-01-30 04:00:17,967 INFO c.h.h.t.HelmChartContainer - [K3S] [INFO] error in remotedialer server [400]: websocket: close 1006 (abnormal closure): unexpected EOF
2025-01-30 04:00:17,968 INFO c.h.h.t.HelmChartContainer - [K3S] [INFO] Handling backend connection request [969b9ea92551]
2025-01-30 04:00:17,968 INFO c.h.h.t.HelmChartContainer - [K3S] [INFO] Remotedialer connected to proxy" url="wss://172.18.0.2:6443/v1-k3s/connect
2025-01-30 04:00:18,021 INFO c.h.h.t.HelmChartContainer - [K3S] [handler_proxy.go:99] no RequestInfo found in the context
2025-01-30 04:00:18,021 INFO c.h.h.t.HelmChartContainer - [K3S] [controller.go:146] "Unhandled Error" err=<
2025-01-30 04:00:18,021 INFO c.h.h.t.HelmChartContainer - [K3S] 	, Header: map[Content-Type:[text/plain; charset=utf-8] X-Content-Type-Options:[nosniff]]
2025-01-30 04:00:18,021 INFO c.h.h.t.HelmChartContainer - [K3S]  >
2025-01-30 04:00:18,022 INFO c.h.h.t.HelmChartContainer - [K3S] [handler_proxy.go:143] error resolving kube-system/metrics-server: no endpoints available for service "metrics-server"
2025-01-30 04:00:18,069 INFO c.h.h.t.HelmChartContainer - [K3S] [range_allocator.go:247] "Successfully synced" key="969b9ea92551"
2025-01-30 04:00:18,428 INFO c.h.h.t.HelmChartContainer - [K3S] [replica_set.go:679] "Finished syncing" kind="ReplicaSet" key="kube-system/metrics-server-8584b5786c" duration="206.340415ms"
2025-01-30 04:00:18,428 INFO c.h.h.t.HelmChartContainer - [K3S] [replica_set.go:679] "Finished syncing" kind="ReplicaSet" key="kube-system/local-path-provisioner-698b58967b" duration="208.190188ms"
2025-01-30 04:00:18,438 INFO c.h.h.t.HelmChartContainer - [K3S] [replica_set.go:679] "Finished syncing" kind="ReplicaSet" key="kube-system/coredns-ff8999cc5" duration="216.315885ms"
2025-01-30 04:00:18,442 INFO c.h.h.t.HelmChartContainer - [K3S] [replica_set.go:679] "Finished syncing" kind="ReplicaSet" key="kube-system/local-path-provisioner-698b58967b" duration="12.858969ms"
2025-01-30 04:00:18,442 INFO c.h.h.t.HelmChartContainer - [K3S] [replica_set.go:679] "Finished syncing" kind="ReplicaSet" key="kube-system/local-path-provisioner-698b58967b" duration="24.085µs"
2025-01-30 04:00:18,447 INFO c.h.h.t.HelmChartContainer - [K3S] [replica_set.go:679] "Finished syncing" kind="ReplicaSet" key="kube-system/coredns-ff8999cc5" duration="8.796584ms"
2025-01-30 04:00:18,447 INFO c.h.h.t.HelmChartContainer - [K3S] [replica_set.go:679] "Finished syncing" kind="ReplicaSet" key="kube-system/coredns-ff8999cc5" duration="28.494µs"
2025-01-30 04:00:18,447 INFO c.h.h.t.HelmChartContainer - [K3S] [replica_set.go:679] "Finished syncing" kind="ReplicaSet" key="kube-system/coredns-ff8999cc5" duration="22.281µs"
2025-01-30 04:00:18,452 INFO c.h.h.t.HelmChartContainer - [K3S] [replica_set.go:679] "Finished syncing" kind="ReplicaSet" key="kube-system/metrics-server-8584b5786c" duration="25.067309ms"
2025-01-30 04:00:18,452 INFO c.h.h.t.HelmChartContainer - [K3S] [replica_set.go:679] "Finished syncing" kind="ReplicaSet" key="kube-system/metrics-server-8584b5786c" duration="22.242µs"
2025-01-30 04:00:18,461 INFO c.h.h.t.HelmChartContainer - [K3S] [replica_set.go:679] "Finished syncing" kind="ReplicaSet" key="kube-system/local-path-provisioner-698b58967b" duration="48.1µs"
2025-01-30 04:00:18,469 INFO c.h.h.t.HelmChartContainer - [K3S] [replica_set.go:679] "Finished syncing" kind="ReplicaSet" key="kube-system/metrics-server-8584b5786c" duration="27.291µs"
2025-01-30 04:00:18,476 INFO c.h.h.t.HelmChartContainer - [K3S] [replica_set.go:679] "Finished syncing" kind="ReplicaSet" key="kube-system/coredns-ff8999cc5" duration="27.05µs"
2025-01-30 04:00:18,567 INFO c.h.h.t.HelmChartContainer - [K3S] [reconciler_common.go:251] "operationExecutor.VerifyControllerAttachedVolume started for volume \"config-volume\" (UniqueName: \"kubernetes.io/configmap/432f4583-a9ef-4c43-8ded-b4200afeb163-config-volume\") pod \"coredns-ff8999cc5-vl5j8\" (UID: \"432f4583-a9ef-4c43-8ded-b4200afeb163\") " pod="kube-system/coredns-ff8999cc5-vl5j8"
2025-01-30 04:00:18,567 INFO c.h.h.t.HelmChartContainer - [K3S] [reconciler_common.go:251] "operationExecutor.VerifyControllerAttachedVolume started for volume \"custom-config-volume\" (UniqueName: \"kubernetes.io/configmap/432f4583-a9ef-4c43-8ded-b4200afeb163-custom-config-volume\") pod \"coredns-ff8999cc5-vl5j8\" (UID: \"432f4583-a9ef-4c43-8ded-b4200afeb163\") " pod="kube-system/coredns-ff8999cc5-vl5j8"
2025-01-30 04:00:18,567 INFO c.h.h.t.HelmChartContainer - [K3S] [reconciler_common.go:251] "operationExecutor.VerifyControllerAttachedVolume started for volume \"kube-api-access-sbnbq\" (UniqueName: \"kubernetes.io/projected/432f4583-a9ef-4c43-8ded-b4200afeb163-kube-api-access-sbnbq\") pod \"coredns-ff8999cc5-vl5j8\" (UID: \"432f4583-a9ef-4c43-8ded-b4200afeb163\") " pod="kube-system/coredns-ff8999cc5-vl5j8"
2025-01-30 04:00:18,567 INFO c.h.h.t.HelmChartContainer - [K3S] [reconciler_common.go:251] "operationExecutor.VerifyControllerAttachedVolume started for volume \"config-volume\" (UniqueName: \"kubernetes.io/configmap/908ecf55-6072-4ca9-96d9-d40a48f5b4c2-config-volume\") pod \"local-path-provisioner-698b58967b-4ll6w\" (UID: \"908ecf55-6072-4ca9-96d9-d40a48f5b4c2\") " pod="kube-system/local-path-provisioner-698b58967b-4ll6w"
2025-01-30 04:00:18,567 INFO c.h.h.t.HelmChartContainer - [K3S] [reconciler_common.go:251] "operationExecutor.VerifyControllerAttachedVolume started for volume \"kube-api-access-xm4t2\" (UniqueName: \"kubernetes.io/projected/908ecf55-6072-4ca9-96d9-d40a48f5b4c2-kube-api-access-xm4t2\") pod \"local-path-provisioner-698b58967b-4ll6w\" (UID: \"908ecf55-6072-4ca9-96d9-d40a48f5b4c2\") " pod="kube-system/local-path-provisioner-698b58967b-4ll6w"
2025-01-30 04:00:18,568 INFO c.h.h.t.HelmChartContainer - [K3S] [reconciler_common.go:251] "operationExecutor.VerifyControllerAttachedVolume started for volume \"tmp-dir\" (UniqueName: \"kubernetes.io/empty-dir/84f7a821-e60a-4dd4-821c-a7dd09578b56-tmp-dir\") pod \"metrics-server-8584b5786c-ggf6p\" (UID: \"84f7a821-e60a-4dd4-821c-a7dd09578b56\") " pod="kube-system/metrics-server-8584b5786c-ggf6p"
2025-01-30 04:00:18,568 INFO c.h.h.t.HelmChartContainer - [K3S] [reconciler_common.go:251] "operationExecutor.VerifyControllerAttachedVolume started for volume \"kube-api-access-5xjp6\" (UniqueName: \"kubernetes.io/projected/84f7a821-e60a-4dd4-821c-a7dd09578b56-kube-api-access-5xjp6\") pod \"metrics-server-8584b5786c-ggf6p\" (UID: \"84f7a821-e60a-4dd4-821c-a7dd09578b56\") " pod="kube-system/metrics-server-8584b5786c-ggf6p"
2025-01-30 04:00:18,584 INFO c.h.h.t.HelmChartContainer - [K3S] [kube.go:146] Node controller sync successful
2025-01-30 04:00:18,584 INFO c.h.h.t.HelmChartContainer - [K3S] [vxlan.go:141] VXLAN config: VNI=1 Port=0 GBP=false Learning=false DirectRouting=false
2025-01-30 04:00:18,587 INFO c.h.h.t.HelmChartContainer - [K3S] [kube.go:636] List of node(969b9ea92551) annotations: map[string]string{"alpha.kubernetes.io/provided-node-ip":"172.18.0.2", "k3s.io/hostname":"969b9ea92551", "k3s.io/internal-ip":"172.18.0.2", "k3s.io/node-args":"[\"server\",\"--etcd-arg\",\"unsafe-no-fsync\",\"--etcd-arg\",\"snapshot-count=10000\",\"--etcd-arg\",\"auto-compaction-mode=revision\",\"--etcd-arg\",\"auto-compaction-retention=1000000\",\"--kube-apiserver-arg\",\"etcd-compaction-interval=0s\",\"--disable\",\"traefik\",\"--tls-san\",\"localhost\"]", "k3s.io/node-config-hash":"2QNNT5M5XUBFOLO5XPGEVGOM5UDLHHTIVMSRUPAUHE5DU3HUYQUQ====", "k3s.io/node-env":"{}", "node.alpha.kubernetes.io/ttl":"0", "volumes.kubernetes.io/controller-managed-attach-detach":"true"}
2025-01-30 04:00:18,593 INFO c.h.h.t.HelmChartContainer - [K3S] [iptables.go:51] Starting flannel in iptables mode...
2025-01-30 04:00:18,593 INFO c.h.h.t.HelmChartContainer - [K3S] [WARNING] no subnet found for key: FLANNEL_NETWORK in file: /run/flannel/subnet.env
2025-01-30 04:00:18,593 INFO c.h.h.t.HelmChartContainer - [K3S] [WARNING] no subnet found for key: FLANNEL_SUBNET in file: /run/flannel/subnet.env
2025-01-30 04:00:18,593 INFO c.h.h.t.HelmChartContainer - [K3S] [WARNING] no subnet found for key: FLANNEL_IPV6_NETWORK in file: /run/flannel/subnet.env
2025-01-30 04:00:18,593 INFO c.h.h.t.HelmChartContainer - [K3S] [WARNING] no subnet found for key: FLANNEL_IPV6_SUBNET in file: /run/flannel/subnet.env
2025-01-30 04:00:18,593 INFO c.h.h.t.HelmChartContainer - [K3S] [iptables.go:115] Current network or subnet (10.42.0.0/16, 10.42.0.0/24) is not equal to previous one (0.0.0.0/0, 0.0.0.0/0), trying to recycle old iptables rules
2025-01-30 04:00:18,593 INFO c.h.h.t.HelmChartContainer - [K3S] [kube.go:490] Creating the node lease for IPv4. This is the n.Spec.PodCIDRs: [10.42.0.0/24]
2025-01-30 04:00:18,593 INFO c.h.h.t.HelmChartContainer - [K3S] [range_allocator.go:247] "Successfully synced" key="969b9ea92551"
2025-01-30 04:00:18,600 INFO c.h.h.t.HelmChartContainer - [K3S] [iptables.go:125] Setting up masking rules
2025-01-30 04:00:18,603 INFO c.h.h.t.HelmChartContainer - [K3S] [iptables.go:226] Changing default FORWARD chain policy to ACCEPT
2025-01-30 04:00:18,605 INFO c.h.h.t.HelmChartContainer - [K3S] [INFO] Wrote flannel subnet file to /run/flannel/subnet.env
2025-01-30 04:00:18,605 INFO c.h.h.t.HelmChartContainer - [K3S] [INFO] Running flannel backend.
2025-01-30 04:00:18,605 INFO c.h.h.t.HelmChartContainer - [K3S] [vxlan_network.go:65] watching for new subnet leases
2025-01-30 04:00:18,616 INFO c.h.h.t.HelmChartContainer - [K3S] [iptables.go:372] bootstrap done
2025-01-30 04:00:18,620 INFO c.h.h.t.HelmChartContainer - [K3S] [iptables.go:372] bootstrap done
2025-01-30 04:00:19,023 INFO c.h.h.t.HelmChartContainer - [K3S] [handler_proxy.go:99] no RequestInfo found in the context
2025-01-30 04:00:19,023 INFO c.h.h.t.HelmChartContainer - [K3S] [handler_proxy.go:99] no RequestInfo found in the context
2025-01-30 04:00:19,023 INFO c.h.h.t.HelmChartContainer - [K3S] [controller.go:102] "Unhandled Error" err=<
2025-01-30 04:00:19,023 INFO c.h.h.t.HelmChartContainer - [K3S] 	, Header: map[Content-Type:[text/plain; charset=utf-8] X-Content-Type-Options:[nosniff]]
2025-01-30 04:00:19,023 INFO c.h.h.t.HelmChartContainer - [K3S]  >
2025-01-30 04:00:21,650 DEBUG c.h.h.t.HelmChartContainer - Image file loaded 'hivemq-platform-operator.tar'
2025-01-30 04:00:22,195 DEBUG c.h.h.t.HelmChartContainer - Image file loaded 'hivemq-platform-operator-init.tar'
2025-01-30 04:00:22,331 INFO c.h.h.t.HelmChartContainer - [K3S] [kuberuntime_manager.go:1702] "Updating runtime config through cri with podcidr" CIDR="10.42.0.0/24"
2025-01-30 04:00:22,332 INFO c.h.h.t.HelmChartContainer - [K3S] [kubelet_network.go:61] "Updating Pod CIDR" originalPodCIDR="" newPodCIDR="10.42.0.0/24"
2025-01-30 04:00:22,338 INFO c.h.h.t.HelmChartContainer - [K3S] [range_allocator.go:247] "Successfully synced" key="969b9ea92551"
2025-01-30 04:00:23,126 INFO c.h.h.t.HelmChartContainer - [K3S] [replica_set.go:679] "Finished syncing" kind="ReplicaSet" key="kube-system/local-path-provisioner-698b58967b" duration="6.52689ms"
2025-01-30 04:00:23,127 INFO c.h.h.t.HelmChartContainer - [K3S] [replica_set.go:679] "Finished syncing" kind="ReplicaSet" key="kube-system/local-path-provisioner-698b58967b" duration="38.342µs"
2025-01-30 04:00:24,127 INFO c.h.h.t.HelmChartContainer - [K3S] [replica_set.go:679] "Finished syncing" kind="ReplicaSet" key="kube-system/metrics-server-8584b5786c" duration="34.985µs"
2025-01-30 04:00:24,144 INFO c.h.h.t.HelmChartContainer - [K3S] [replica_set.go:679] "Finished syncing" kind="ReplicaSet" key="kube-system/coredns-ff8999cc5" duration="28.383µs"
2025-01-30 04:00:25,140 INFO c.h.h.t.HelmChartContainer - [K3S] [replica_set.go:679] "Finished syncing" kind="ReplicaSet" key="kube-system/coredns-ff8999cc5" duration="7.738345ms"
2025-01-30 04:00:25,140 INFO c.h.h.t.HelmChartContainer - [K3S] [replica_set.go:679] "Finished syncing" kind="ReplicaSet" key="kube-system/coredns-ff8999cc5" duration="27.22µs"
2025-01-30 04:00:28,008 DEBUG c.h.h.t.HelmChartContainer - Image file loaded 'hivemq-platform.tar'
2025-01-30 04:00:28,008 DEBUG c.h.h.t.HelmChartContainer - Successful Helm chart Container startup
2025-01-30 04:00:28,032 INFO t.localhost/testcontainers/ve1tnqyfugydajga:latest - Container localhost/testcontainers/ve1tnqyfugydajga:latest started in PT24.012238561S
2025-01-30 04:00:28,199 DEBUG c.h.h.t.HelmChartContainer - Executing helm command: /bin/helm --kubeconfig /etc/rancher/k3s/k3s.yaml repo add hivemq https://hivemq.github.io/helm-charts
2025-01-30 04:00:29,551 INFO c.h.h.t.HelmChartContainer - [EVENT] Normal [Starting] Starting kubelet. [null:969b9ea92551]
2025-01-30 04:00:29,553 INFO c.h.h.t.HelmChartContainer - [EVENT] Warning [InvalidDiskCapacity] invalid capacity 0 on image filesystem [null:969b9ea92551]
2025-01-30 04:00:29,554 INFO c.h.h.t.HelmChartContainer - Saved kubeconfig file on /tmp/kubeconfig-15059458748587191302.yaml
2025-01-30 04:00:29,554 INFO c.h.h.t.HelmChartContainer - [EVENT] Normal [NodeHasSufficientMemory] Node 969b9ea92551 status is now: NodeHasSufficientMemory [null:969b9ea92551]
2025-01-30 04:00:29,554 INFO c.h.h.t.HelmChartContainer - HelmChartContainer is started
2025-01-30 04:00:29,556 INFO c.h.h.t.HelmChartContainer - [EVENT] Normal [NodeHasNoDiskPressure] Node 969b9ea92551 status is now: NodeHasNoDiskPressure [null:969b9ea92551]
2025-01-30 04:00:29,556 INFO c.h.h.t.HelmChartContainer - [EVENT] Normal [NodeHasSufficientPID] Node 969b9ea92551 status is now: NodeHasSufficientPID [null:969b9ea92551]
2025-01-30 04:00:29,556 INFO c.h.h.t.HelmChartContainer - [EVENT] Normal [NodeAllocatableEnforced] Updated Node Allocatable limit across pods [null:969b9ea92551]
2025-01-30 04:00:29,559 INFO c.h.h.t.HelmChartContainer - [EVENT] Normal [NodeReady] Node 969b9ea92551 status is now: NodeReady [null:969b9ea92551]
2025-01-30 04:00:29,560 INFO c.h.h.t.HelmChartContainer - [EVENT] Normal [NodePasswordValidationComplete] Deferred node password secret validation complete [null:969b9ea92551]
2025-01-30 04:00:29,561 INFO c.h.h.t.HelmChartContainer - [EVENT] Normal [Synced] Node synced successfully [null:969b9ea92551]
2025-01-30 04:00:29,562 INFO c.h.h.t.HelmChartContainer - [EVENT] Normal [RegisteredNode] Node 969b9ea92551 event: Registered Node 969b9ea92551 in Controller [null:969b9ea92551]
]]></system-out>
  <system-err><![CDATA[]]></system-err>
</testsuite>
