<?xml version="1.0" encoding="UTF-8"?>
<testsuite name="com.hivemq.helmcharts.extensions.HelmUpgradeExtensionIT" tests="2" skipped="0" failures="0" errors="0" timestamp="2025-03-07T15:32:19" hostname="fv-az1951-922" time="517.791">
  <properties/>
  <testcase name="withBridgeConfiguration_enableDisableBridge()" classname="com.hivemq.helmcharts.extensions.HelmUpgradeExtensionIT" time="214.777"/>
  <testcase name="withBridgeConfiguration_updateExtensionWithNewConfig()" classname="com.hivemq.helmcharts.extensions.HelmUpgradeExtensionIT" time="303.012"/>
</testsuite>
