<?xml version="1.0" encoding="UTF-8"?>
<testsuite name="com.hivemq.helmcharts.extensions.HelmCustomExtensionWithHttpsIT" tests="1" skipped="0" failures="0" errors="0" timestamp="2025-08-06T13:59:25" hostname="pkrvmjbmru5nbw0" time="104.098">
  <properties/>
  <testcase name="platformChart_whenCustomExtensionIsConfigured_withHttps_thenStartsUpSuccessfully()" classname="com.hivemq.helmcharts.extensions.HelmCustomExtensionWithHttpsIT" time="104.098"/>
</testsuite>
