<?xml version="1.0" encoding="UTF-8"?>
<testsuite name="com.hivemq.helmcharts.securitycontext.HelmPodSecurityContextUpgradeExtensionIT" tests="2" skipped="0" failures="0" errors="0" timestamp="2025-01-29T22:13:40" hostname="fv-az1055-30" time="370.414">
  <properties/>
  <testcase name="Operator values: (UID=0, GID=0, valuesFile='/files/operator-pod-security-context-root-user-values.yaml') and Platform values: (UID=0, GID=0, valuesFile='/files/platform-pod-security-context-root-user-with-tracing-extension-values.yaml')" classname="com.hivemq.helmcharts.securitycontext.HelmPodSecurityContextUpgradeExtensionIT" time="189.762">
    <system-out><![CDATA[2025-01-29 22:13:40,915 INFO c.h.h.t.HelmChartContainer - Creating namespace 'helmpodsecuritycontextupgradeextensionit-operator'...
2025-01-29 22:13:40,923 INFO c.h.h.t.HelmChartContainer - Namespace 'helmpodsecuritycontextupgradeextensionit-operator' created
2025-01-29 22:13:40,923 INFO c.h.h.t.HelmChartContainer - Creating namespace 'helmpodsecuritycontextupgradeextensionit'...
2025-01-29 22:13:40,932 INFO c.h.h.t.HelmChartContainer - Namespace 'helmpodsecuritycontextupgradeextensionit' created
2025-01-29 22:13:41,028 DEBUG c.h.h.t.HelmChartContainer - Executing helm command: /bin/helm --kubeconfig /etc/rancher/k3s/k3s.yaml install test-hivemq-platform-operator /charts/hivemq-platform-operator --wait --timeout 5m0s --set image.repository=docker.io/hivemq --set image.name=hivemq-platform-operator-test --set image.initImageName=hivemq-platform-operator-init-test --set image.tag=snapshot --set image.pullPolicy=Never --set logLevel=DEBUG --set resources.cpu=512m -f /files/operator-pod-security-context-root-user-values.yaml --namespace helmpodsecuritycontextupgradeextensionit-operator
2025-01-29 22:13:41,326 INFO c.h.h.t.HelmChartContainer - [K3S] [alloc.go:330] "allocated clusterIPs" service="helmpodsecuritycontextupgradeextensionit-operator/hivemq-platform-operator-test-hivemq-platform-operator" clusterIPs={"IPv4":"10.43.166.253"}
2025-01-29 22:13:41,336 INFO c.h.h.t.HelmChartContainer - [EVENT] Normal [ScalingReplicaSet] Scaled up replica set hivemq-test-hivemq-platform-operator-5dbf989d8c from 0 to 1 [helmpodsecuritycontextupgradeextensionit-operator:hivemq-test-hivemq-platform-operator]
2025-01-29 22:13:41,345 INFO c.h.h.t.HelmChartContainer - [POD] hivemq-test-hivemq-platform-operator-5dbf989d8c-rht4k [dfbee245-9b51-4969-9c7e-2b1dc2e86b39] in helmpodsecuritycontextupgradeextensionit-operator was ADDED
2025-01-29 22:13:41,347 INFO c.h.h.t.HelmChartContainer - [EVENT] Normal [SuccessfulCreate] Created pod: hivemq-test-hivemq-platform-operator-5dbf989d8c-rht4k [helmpodsecuritycontextupgradeextensionit-operator:hivemq-test-hivemq-platform-operator-5dbf989d8c]
2025-01-29 22:13:41,349 INFO c.h.h.t.HelmChartContainer - [K3S] [replica_set.go:679] "Finished syncing" kind="ReplicaSet" key="helmpodsecuritycontextupgradeextensionit-operator/hivemq-test-hivemq-platform-operator-5dbf989d8c" duration="15.210273ms"
2025-01-29 22:13:41,353 INFO c.h.h.t.HelmChartContainer - [POD] hivemq-test-hivemq-platform-operator-5dbf989d8c-rht4k [dfbee245-9b51-4969-9c7e-2b1dc2e86b39] in helmpodsecuritycontextupgradeextensionit-operator was MODIFIED
2025-01-29 22:13:41,354 INFO c.h.h.t.HelmChartContainer - [K3S] [memory_manager.go:355] "RemoveStaleState removing state" podUID="9b2e6545-f918-4f6c-a1f1-b79b4eebc7f5" containerName="hivemq-platform-operator"
2025-01-29 22:13:41,354 INFO c.h.h.t.HelmChartContainer - [K3S] [memory_manager.go:355] "RemoveStaleState removing state" podUID="231f2e98-103b-4d00-866a-f5ab9f85f75e" containerName="hivemq"
2025-01-29 22:13:41,362 INFO c.h.h.t.HelmChartContainer - [EVENT] Normal [Scheduled] Successfully assigned helmpodsecuritycontextupgradeextensionit-operator/hivemq-test-hivemq-platform-operator-5dbf989d8c-rht4k to 58615b7c8ea7 [helmpodsecuritycontextupgradeextensionit-operator:hivemq-test-hivemq-platform-operator-5dbf989d8c-rht4k]
2025-01-29 22:13:41,368 INFO c.h.h.t.HelmChartContainer - [K3S] [replica_set.go:679] "Finished syncing" kind="ReplicaSet" key="helmpodsecuritycontextupgradeextensionit-operator/hivemq-test-hivemq-platform-operator-5dbf989d8c" duration="18.504872ms"
2025-01-29 22:13:41,369 INFO c.h.h.t.HelmChartContainer - [K3S] [replica_set.go:679] "Finished syncing" kind="ReplicaSet" key="helmpodsecuritycontextupgradeextensionit-operator/hivemq-test-hivemq-platform-operator-5dbf989d8c" duration="38.812µs"
2025-01-29 22:13:41,369 INFO c.h.h.t.HelmChartContainer - [K3S] [replica_set.go:679] "Finished syncing" kind="ReplicaSet" key="helmpodsecuritycontextupgradeextensionit-operator/hivemq-test-hivemq-platform-operator-5dbf989d8c" duration="32.941µs"
2025-01-29 22:13:41,370 INFO c.h.h.t.HelmChartContainer - [POD] hivemq-test-hivemq-platform-operator-5dbf989d8c-rht4k [dfbee245-9b51-4969-9c7e-2b1dc2e86b39] in helmpodsecuritycontextupgradeextensionit-operator was MODIFIED
2025-01-29 22:13:41,433 INFO c.h.h.t.HelmChartContainer - [K3S] [reconciler_common.go:251] "operationExecutor.VerifyControllerAttachedVolume started for volume \"kube-api-access-bbzdn\" (UniqueName: \"kubernetes.io/projected/dfbee245-9b51-4969-9c7e-2b1dc2e86b39-kube-api-access-bbzdn\") pod \"hivemq-test-hivemq-platform-operator-5dbf989d8c-rht4k\" (UID: \"dfbee245-9b51-4969-9c7e-2b1dc2e86b39\") " pod="helmpodsecuritycontextupgradeextensionit-operator/hivemq-test-hivemq-platform-operator-5dbf989d8c-rht4k"
2025-01-29 22:13:41,751 INFO c.h.h.t.HelmChartContainer - [EVENT] Normal [Pulled] Container image "docker.io/hivemq/hivemq-platform-operator-test:snapshot" already present on machine [helmpodsecuritycontextupgradeextensionit-operator:hivemq-test-hivemq-platform-operator-5dbf989d8c-rht4k]
2025-01-29 22:13:41,752 INFO c.h.h.t.HelmChartContainer - Received Pulled event for container hivemq-platform-operator in pod hivemq-test-hivemq-platform-operator-5dbf989d8c-rht4k [dfbee245-9b51-4969-9c7e-2b1dc2e86b39]
2025-01-29 22:13:43,005 INFO c.h.h.t.HelmChartContainer - [EVENT] Normal [Created] Created container: hivemq-platform-operator [helmpodsecuritycontextupgradeextensionit-operator:hivemq-test-hivemq-platform-operator-5dbf989d8c-rht4k]
2025-01-29 22:13:43,005 INFO c.h.h.t.HelmChartContainer - Received Created event for container hivemq-platform-operator in pod hivemq-test-hivemq-platform-operator-5dbf989d8c-rht4k [dfbee245-9b51-4969-9c7e-2b1dc2e86b39]
2025-01-29 22:13:43,526 INFO c.h.h.t.HelmChartContainer - [K3S] [replica_set.go:679] "Finished syncing" kind="ReplicaSet" key="helmpodsecuritycontextupgradeextensionit-operator/hivemq-test-hivemq-platform-operator-5dbf989d8c" duration="44.352µs"
2025-01-29 22:13:43,529 INFO c.h.h.t.HelmChartContainer - [POD] hivemq-test-hivemq-platform-operator-5dbf989d8c-rht4k [dfbee245-9b51-4969-9c7e-2b1dc2e86b39] in helmpodsecuritycontextupgradeextensionit-operator was MODIFIED
2025-01-29 22:13:43,538 INFO c.h.h.t.HelmChartContainer - Started log watcher for hivemq-platform-operator in pod hivemq-test-hivemq-platform-operator-5dbf989d8c-rht4k [dfbee245-9b51-4969-9c7e-2b1dc2e86b39]
2025-01-29 22:13:43,538 INFO c.h.h.t.HelmChartContainer - [hivemq-test-hivemq-platform] [hivemq-platform-operator] [dfbee245] -------------------------------------------------------------------------
2025-01-29 22:13:43,538 INFO c.h.h.t.HelmChartContainer - [EVENT] Normal [Started] Started container hivemq-platform-operator [helmpodsecuritycontextupgradeextensionit-operator:hivemq-test-hivemq-platform-operator-5dbf989d8c-rht4k]
2025-01-29 22:13:43,539 INFO c.h.h.t.HelmChartContainer - Received Started event for container hivemq-platform-operator in pod hivemq-test-hivemq-platform-operator-5dbf989d8c-rht4k [dfbee245-9b51-4969-9c7e-2b1dc2e86b39]
2025-01-29 22:13:43,539 INFO c.h.h.t.HelmChartContainer - [hivemq-test-hivemq-platform] [hivemq-platform-operator] [dfbee245] 
2025-01-29 22:13:43,539 INFO c.h.h.t.HelmChartContainer - [hivemq-test-hivemq-platform] [hivemq-platform-operator] [dfbee245]                   _    _  _              __  __   ____
2025-01-29 22:13:43,539 INFO c.h.h.t.HelmChartContainer - [hivemq-test-hivemq-platform] [hivemq-platform-operator] [dfbee245]                  | |  | |(_)            |  \/  | / __ \
2025-01-29 22:13:43,539 INFO c.h.h.t.HelmChartContainer - [hivemq-test-hivemq-platform] [hivemq-platform-operator] [dfbee245]                  | |__| | _ __   __ ___ | \  / || |  | |
2025-01-29 22:13:43,539 INFO c.h.h.t.HelmChartContainer - [hivemq-test-hivemq-platform] [hivemq-platform-operator] [dfbee245]                  |  __  || |\ \ / // _ \| |\/| || |  | |
2025-01-29 22:13:43,539 INFO c.h.h.t.HelmChartContainer - [hivemq-test-hivemq-platform] [hivemq-platform-operator] [dfbee245]                  | |  | || | \ V /|  __/| |  | || |__| |
2025-01-29 22:13:43,539 INFO c.h.h.t.HelmChartContainer - [hivemq-test-hivemq-platform] [hivemq-platform-operator] [dfbee245]                  |_|  |_||_|  \_/  \___||_|  |_| \___\_\
2025-01-29 22:13:43,539 INFO c.h.h.t.HelmChartContainer - [hivemq-test-hivemq-platform] [hivemq-platform-operator] [dfbee245] 
2025-01-29 22:13:43,541 INFO c.h.h.t.HelmChartContainer - [hivemq-test-hivemq-platform] [hivemq-platform-operator] [dfbee245] -------------------------------------------------------------------------
2025-01-29 22:13:43,541 INFO c.h.h.t.HelmChartContainer - [hivemq-test-hivemq-platform] [hivemq-platform-operator] [dfbee245] 
2025-01-29 22:13:43,541 INFO c.h.h.t.HelmChartContainer - [hivemq-test-hivemq-platform] [hivemq-platform-operator] [dfbee245]   HiveMQ Platform Operator Start Script v1.0
2025-01-29 22:13:43,541 INFO c.h.h.t.HelmChartContainer - [hivemq-test-hivemq-platform] [hivemq-platform-operator] [dfbee245] 
2025-01-29 22:13:43,541 INFO c.h.h.t.HelmChartContainer - [hivemq-test-hivemq-platform] [hivemq-platform-operator] [dfbee245] -------------------------------------------------------------------------
2025-01-29 22:13:43,541 INFO c.h.h.t.HelmChartContainer - [hivemq-test-hivemq-platform] [hivemq-platform-operator] [dfbee245] 
2025-01-29 22:13:43,541 INFO c.h.h.t.HelmChartContainer - [hivemq-test-hivemq-platform] [hivemq-platform-operator] [dfbee245]   JAVA_OPTS: -XX:+UnlockExperimentalVMOptions -XX:InitialRAMPercentage=75 -XX:MaxRAMPercentage=75 -Duser.language=en -Duser.region=US
2025-01-29 22:13:43,541 INFO c.h.h.t.HelmChartContainer - [hivemq-test-hivemq-platform] [hivemq-platform-operator] [dfbee245] 
2025-01-29 22:13:43,541 INFO c.h.h.t.HelmChartContainer - [hivemq-test-hivemq-platform] [hivemq-platform-operator] [dfbee245]   JAVA_VERSION: 21
2025-01-29 22:13:43,541 INFO c.h.h.t.HelmChartContainer - [hivemq-test-hivemq-platform] [hivemq-platform-operator] [dfbee245] 
2025-01-29 22:13:43,542 INFO c.h.h.t.HelmChartContainer - [hivemq-test-hivemq-platform] [hivemq-platform-operator] [dfbee245] -------------------------------------------------------------------------
2025-01-29 22:13:43,542 INFO c.h.h.t.HelmChartContainer - [hivemq-test-hivemq-platform] [hivemq-platform-operator] [dfbee245] 
2025-01-29 22:13:46,425 INFO c.h.h.t.HelmChartContainer - [hivemq-test-hivemq-platform] [hivemq-platform-operator] [dfbee245] 22:13:46.422 [main] DEBUG org.jboss.logging - Logging Provider: org.jboss.logging.Slf4jLoggerProvider
2025-01-29 22:13:46,526 INFO c.h.h.t.HelmChartContainer - [hivemq-test-hivemq-platform] [hivemq-platform-operator] [dfbee245] 22:13:46.525 [main] DEBUG io.smallrye.config - SRCFG01006: Loaded ConfigSource SysPropConfigSource with ordinal 400
2025-01-29 22:13:46,527 INFO c.h.h.t.HelmChartContainer - [hivemq-test-hivemq-platform] [hivemq-platform-operator] [dfbee245] 22:13:46.525 [main] DEBUG io.smallrye.config - SRCFG01006: Loaded ConfigSource EnvConfigSource with ordinal 300
2025-01-29 22:13:46,527 INFO c.h.h.t.HelmChartContainer - [hivemq-test-hivemq-platform] [hivemq-platform-operator] [dfbee245] 22:13:46.525 [main] DEBUG io.smallrye.config - SRCFG01006: Loaded ConfigSource PropertiesConfigSource[source=jar:file:///opt/hivemq-platform-operator/bin/hivemq-platform-operator.jar!/hivemq-platform-operator.properties] with ordinal 100
2025-01-29 22:13:46,527 INFO c.h.h.t.HelmChartContainer - [hivemq-test-hivemq-platform] [hivemq-platform-operator] [dfbee245] 22:13:46.525 [main] DEBUG io.smallrye.config - SRCFG01006: Loaded ConfigSource DefaultValuesConfigSource with ordinal -2147483648
2025-01-29 22:13:46,646 INFO c.h.h.t.HelmChartContainer - [hivemq-test-hivemq-platform] [hivemq-platform-operator] [dfbee245] 22:13:46.645 [main] DEBUG i.m.c.u.i.l.InternalLoggerFactory - Using SLF4J as the default logging framework
2025-01-29 22:13:46,824 INFO c.h.h.t.HelmChartContainer - [hivemq-test-hivemq-platform] [hivemq-platform-operator] [dfbee245] 22:13:46.753 [main] INFO  c.h.p.o.HiveMQPlatformOperatorApplication - HiveMQ Platform Operator 1.7.0-SNAPSHOT (commit: 3bc9484 on branch: HEAD) built on Wed Jan 29 22:06:36 UTC 2025
2025-01-29 22:13:46,825 INFO c.h.h.t.HelmChartContainer - [hivemq-test-hivemq-platform] [hivemq-platform-operator] [dfbee245] 22:13:46.823 [main] INFO  c.h.p.o.HiveMQPlatformOperatorApplication - HiveMQ Platform Operator is running in namespace: helmpodsecuritycontextupgradeextensionit-operator
2025-01-29 22:13:46,825 INFO c.h.h.t.HelmChartContainer - [hivemq-test-hivemq-platform] [hivemq-platform-operator] [dfbee245] 22:13:46.823 [main] INFO  c.h.p.o.HiveMQPlatformOperatorApplication - Watching all namespaces
2025-01-29 22:13:46,826 INFO c.h.h.t.HelmChartContainer - [hivemq-test-hivemq-platform] [hivemq-platform-operator] [dfbee245] 22:13:46.823 [main] INFO  c.h.p.o.HiveMQPlatformOperatorApplication - Log level: DEBUG
2025-01-29 22:13:46,826 INFO c.h.h.t.HelmChartContainer - [hivemq-test-hivemq-platform] [hivemq-platform-operator] [dfbee245] 22:13:46.823 [main] INFO  c.h.p.o.HiveMQPlatformOperatorApplication - Release name: test-hivemq-platform-operator
2025-01-29 22:13:46,826 INFO c.h.h.t.HelmChartContainer - [hivemq-test-hivemq-platform] [hivemq-platform-operator] [dfbee245] 22:13:46.823 [main] INFO  c.h.p.o.HiveMQPlatformOperatorApplication - HiveMQ Platform Operator Init image: docker.io/hivemq/hivemq-platform-operator-init-test:snapshot
2025-01-29 22:13:46,826 INFO c.h.h.t.HelmChartContainer - [hivemq-test-hivemq-platform] [hivemq-platform-operator] [dfbee245] 22:13:46.823 [main] INFO  c.h.p.o.HiveMQPlatformOperatorApplication - HiveMQ Platform Operator Init App update URL: http://hivemq-platform-operator-test-hivemq-platform-operator.helmpodsecuritycontextupgradeextensionit-operator.svc:8080/initAppUpdate/hivemq-platform-operator-init-app-1.7.0-SNAPSHOT.jar
2025-01-29 22:13:46,826 INFO c.h.h.t.HelmChartContainer - [hivemq-test-hivemq-platform] [hivemq-platform-operator] [dfbee245] 22:13:46.823 [main] INFO  c.h.p.o.HiveMQPlatformOperatorApplication - Additional imagePullSecret for all Platform deployments: none
2025-01-29 22:13:46,826 INFO c.h.h.t.HelmChartContainer - [hivemq-test-hivemq-platform] [hivemq-platform-operator] [dfbee245] 22:13:46.823 [main] INFO  c.h.p.o.HiveMQPlatformOperatorApplication - Apply HiveMQ Platform CRD: true
2025-01-29 22:13:46,826 INFO c.h.h.t.HelmChartContainer - [hivemq-test-hivemq-platform] [hivemq-platform-operator] [dfbee245] 22:13:46.823 [main] INFO  c.h.p.o.HiveMQPlatformOperatorApplication - Create Platform ServiceAccount: true
2025-01-29 22:13:46,826 INFO c.h.h.t.HelmChartContainer - [hivemq-test-hivemq-platform] [hivemq-platform-operator] [dfbee245] 22:13:46.823 [main] INFO  c.h.p.o.HiveMQPlatformOperatorApplication - Create Platform ServiceAccount permissions: true
2025-01-29 22:13:46,826 INFO c.h.h.t.HelmChartContainer - [hivemq-test-hivemq-platform] [hivemq-platform-operator] [dfbee245] 22:13:46.823 [main] INFO  c.h.p.o.HiveMQPlatformOperatorApplication - Validate Platform ServiceAccount: true
2025-01-29 22:13:46,826 INFO c.h.h.t.HelmChartContainer - [hivemq-test-hivemq-platform] [hivemq-platform-operator] [dfbee245] 22:13:46.823 [main] INFO  c.h.p.o.HiveMQPlatformOperatorApplication - Validate Platform ServiceAccount permissions: true
2025-01-29 22:13:46,960 INFO c.h.h.t.HelmChartContainer - [hivemq-test-hivemq-platform] [hivemq-platform-operator] [dfbee245] 22:13:46.959 [main] INFO  c.h.platform.operator.util.CRDUtil - Verifying deployed HiveMQ Platform CRD...
2025-01-29 22:13:49,526 INFO c.h.h.t.HelmChartContainer - [hivemq-test-hivemq-platform] [hivemq-platform-operator] [dfbee245] 22:13:49.525 [main] DEBUG c.h.platform.operator.util.CRDUtil - HiveMQ Platform CRD version v1 is up to date
2025-01-29 22:13:49,526 INFO c.h.h.t.HelmChartContainer - [hivemq-test-hivemq-platform] [hivemq-platform-operator] [dfbee245] 22:13:49.525 [main] INFO  c.h.platform.operator.util.CRDUtil - HiveMQ Platform CRD is up to date (version: V1_6_0)
2025-01-29 22:13:49,526 INFO c.h.h.t.HelmChartContainer - [hivemq-test-hivemq-platform] [hivemq-platform-operator] [dfbee245] 22:13:49.525 [main] INFO  c.h.platform.operator.util.CRDUtil - Waiting 10000 ms for HiveMQ Platform CRD 'hivemq-platforms.hivemq.com' to become ready...
2025-01-29 22:13:49,825 INFO c.h.h.t.HelmChartContainer - [hivemq-test-hivemq-platform] [hivemq-platform-operator] [dfbee245] 22:13:49.822 [vert.x-eventloop-thread-1] DEBUG c.h.platform.operator.util.CRDUtil - Checking CRD condition 'NamesAccepted' (status: 'True')
2025-01-29 22:13:49,826 INFO c.h.h.t.HelmChartContainer - [hivemq-test-hivemq-platform] [hivemq-platform-operator] [dfbee245] 22:13:49.823 [vert.x-eventloop-thread-1] DEBUG c.h.platform.operator.util.CRDUtil - Checking CRD condition 'Established' (status: 'True')
2025-01-29 22:13:49,827 INFO c.h.h.t.HelmChartContainer - [hivemq-test-hivemq-platform] [hivemq-platform-operator] [dfbee245] 22:13:49.823 [main] INFO  c.h.platform.operator.util.CRDUtil - HiveMQ Platform CRD 'hivemq-platforms.hivemq.com' is ready
2025-01-29 22:13:49,957 INFO c.h.h.t.HelmChartContainer - [hivemq-test-hivemq-platform] [hivemq-platform-operator] [dfbee245] 22:13:49.956 [main] INFO  c.h.p.o.HiveMQPlatformReconciler - HiveMQ Platform Operator is starting...
2025-01-29 22:13:50,051 INFO c.h.h.t.HelmChartContainer - [hivemq-test-hivemq-platform] [hivemq-platform-operator] [dfbee245] 22:13:50.050 [main] WARN  Default ConfigurationService implementation - Configuration for reconciler 'hivemq-controller' was not found. Known reconcilers: None.
2025-01-29 22:13:50,127 INFO c.h.h.t.HelmChartContainer - [hivemq-test-hivemq-platform] [hivemq-platform-operator] [dfbee245] 22:13:50.126 [main] INFO  Default ConfigurationService implementation - Created configuration for reconciler com.hivemq.platform.operator.HiveMQPlatformReconciler with name hivemq-controller
2025-01-29 22:13:50,229 INFO c.h.h.t.HelmChartContainer - [hivemq-test-hivemq-platform] [hivemq-platform-operator] [dfbee245] 22:13:50.228 [main] DEBUG c.h.p.o.HiveMQPlatformReconciler - HiveMQ Platform Operator is preparing EventSources
2025-01-29 22:13:50,249 INFO c.h.h.t.HelmChartContainer - [hivemq-test-hivemq-platform] [hivemq-platform-operator] [dfbee245] 22:13:50.248 [main] INFO  i.javaoperatorsdk.operator.Operator - Registered reconciler: 'hivemq-controller' for resource: 'class com.hivemq.platform.operator.v1.HiveMQPlatform' for namespace(s): [all namespaces]
2025-01-29 22:13:50,829 INFO c.h.h.t.HelmChartContainer - [hivemq-test-hivemq-platform] [hivemq-platform-operator] [dfbee245] 22:13:50.828 [main] INFO  c.h.p.operator.webserver.JettyServer - Starting Jetty server on port 8080
2025-01-29 22:13:50,943 INFO c.h.h.t.HelmChartContainer - [hivemq-test-hivemq-platform] [hivemq-platform-operator] [dfbee245] 22:13:50.942 [main] INFO  i.javaoperatorsdk.operator.Operator - Operator SDK 4.9.7 (commit: 2133d28) built on Wed Nov 20 12:56:20 UTC 2024 starting...
2025-01-29 22:13:50,944 INFO c.h.h.t.HelmChartContainer - [hivemq-test-hivemq-platform] [hivemq-platform-operator] [dfbee245] 22:13:50.942 [main] INFO  i.javaoperatorsdk.operator.Operator - Client version: 6.13.5
2025-01-29 22:13:50,945 INFO c.h.h.t.HelmChartContainer - [hivemq-test-hivemq-platform] [hivemq-platform-operator] [dfbee245] 22:13:50.944 [Controller Starter for: hivemq-controller] INFO  i.j.operator.processing.Controller - Starting 'hivemq-controller' controller for reconciler: com.hivemq.platform.operator.HiveMQPlatformReconciler, resource: com.hivemq.platform.operator.v1.HiveMQPlatform
2025-01-29 22:13:53,348 INFO c.h.h.t.HelmChartContainer - [hivemq-test-hivemq-platform] [hivemq-platform-operator] [dfbee245] 22:13:53.347 [Controller Starter for: hivemq-controller] INFO  i.j.operator.processing.Controller - 'hivemq-controller' controller started
2025-01-29 22:13:53,349 INFO c.h.h.t.HelmChartContainer - [hivemq-test-hivemq-platform] [hivemq-platform-operator] [dfbee245] 22:13:53.347 [main] INFO  c.h.p.o.HiveMQPlatformOperatorApplication - HiveMQ Platform Operator 1.7.0-SNAPSHOT started in 6594 ms
2025-01-29 22:13:54,530 INFO c.h.h.t.HelmChartContainer - [POD] hivemq-test-hivemq-platform-operator-5dbf989d8c-rht4k [dfbee245-9b51-4969-9c7e-2b1dc2e86b39] in helmpodsecuritycontextupgradeextensionit-operator was MODIFIED
2025-01-29 22:13:54,550 INFO c.h.h.t.HelmChartContainer - [K3S] [replica_set.go:679] "Finished syncing" kind="ReplicaSet" key="helmpodsecuritycontextupgradeextensionit-operator/hivemq-test-hivemq-platform-operator-5dbf989d8c" duration="15.91621ms"
2025-01-29 22:13:54,570 INFO c.h.h.t.HelmChartContainer - [K3S] [replica_set.go:679] "Finished syncing" kind="ReplicaSet" key="helmpodsecuritycontextupgradeextensionit-operator/hivemq-test-hivemq-platform-operator-5dbf989d8c" duration="84.367µs"
2025-01-29 22:13:55,399 INFO com.hivemq.helmcharts.util.K8sUtil - Pod 'hivemq-test-hivemq-platform-operator-5dbf989d8c-rht4k' is ready
2025-01-29 22:13:55,499 DEBUG com.hivemq.helmcharts.util.PodUtil - Received status for command '[sh, -c, stat -c "%u:%g" /proc/1]' on pod 'hivemq-test-hivemq-platform-operator-5dbf989d8c-rht4k' (exit code: 0)
2025-01-29 22:13:55,513 INFO c.h.h.testcontainer.LogWaiterUtil - TEST Waiting for log pattern on 'test-hivemq-platform-0': .*Extension "HiveMQ Enterprise Distributed Tracing Extension" version .* started successfully.
2025-01-29 22:13:55,577 DEBUG c.h.h.t.HelmChartContainer - Executing helm command: /bin/helm --kubeconfig /etc/rancher/k3s/k3s.yaml install test-hivemq-platform /charts/hivemq-platform --wait --timeout 5m0s --set image.repository=docker.io/hivemq --set image.tag=4.36.0 --set image.pullPolicy=Never --set nodes.resources.cpu=512m -f /files/platform-pod-security-context-root-user-with-tracing-extension-values.yaml --namespace helmpodsecuritycontextupgradeextensionit
2025-01-29 22:13:55,849 INFO c.h.h.t.HelmChartContainer - [hivemq-test-hivemq-platform] [hivemq-platform-operator] [dfbee245] 22:13:55.847 [-2082509879-pool-1-thread-1] WARN  i.m.p.PrometheusMeterRegistry - The meter (MeterId{name='operator.sdk.events.received', tags=[tag(action=ADDED),tag(event=ResourceEvent),tag(group=hivemq.com),tag(kind=HiveMQPlatform),tag(name=test-hivemq-platform),tag(namespace=helmpodsecuritycontextupgradeextensionit),tag(scope=namespace),tag(version=v1)]}) registration has failed: Prometheus requires that all meters with the same name have the same set of tag keys. There is already an existing meter named 'operator.sdk.events.received' containing tag keys [event, group, kind, name, namespace, scope, version]. The meter you are attempting to register has keys [action, event, group, kind, name, namespace, scope, version]. Note that subsequent logs will be logged at debug level.
2025-01-29 22:13:56,259 INFO c.h.h.t.HelmChartContainer - [hivemq-test-hivemq-platform] [hivemq-platform-operator] [dfbee245] 22:13:56.258 [pool-6-thread-3] DEBUG c.h.p.o.dependants.PodInfoConfigMap - [helmpods] Desired PodInfo ConfigMap (1 extensions) (1 enabled)
2025-01-29 22:13:56,259 INFO c.h.h.t.HelmChartContainer - [hivemq-test-hivemq-platform] [hivemq-platform-operator] [dfbee245] 22:13:56.258 [pool-6-thread-3] DEBUG c.h.p.o.dependants.PodInfoConfigMap - [helmpods] Desired PodInfo ConfigMap (metrics port: 9399) (metrics path: /)
2025-01-29 22:13:56,260 INFO c.h.h.t.HelmChartContainer - [hivemq-test-hivemq-platform] [hivemq-platform-operator] [dfbee245] 22:13:56.259 [pool-6-thread-3] DEBUG c.h.p.o.dependants.PodInfoConfigMap - [helmpods] Desired PodInfo ConfigMap (extension state hash: -1669998472)
2025-01-29 22:13:56,261 INFO c.h.h.t.HelmChartContainer - [hivemq-test-hivemq-platform] [hivemq-platform-operator] [dfbee245] 22:13:56.261 [pool-6-thread-3] DEBUG c.h.p.o.dependants.PodInfoConfigMap - [helmpods] Create PodInfo ConfigMap
2025-01-29 22:13:56,454 INFO c.h.h.t.HelmChartContainer - [hivemq-test-hivemq-platform] [hivemq-platform-operator] [dfbee245] 22:13:56.449 [pool-6-thread-5] DEBUG c.h.p.o.dependants.PodRoleResource - [helmpods] Create Role: Role(apiVersion=rbac.authorization.k8s.io/v1, kind=Role, metadata=ObjectMeta(annotations={meta.helm.sh/release-name=test-hivemq-platform, meta.helm.sh/release-namespace=helmpodsecuritycontextupgradeextensionit}, creationTimestamp=null, deletionGracePeriodSeconds=null, deletionTimestamp=null, finalizers=[], generateName=null, generation=null, labels={helm.sh/chart=hivemq-platform-0.2.32, app.kubernetes.io/managed-by=Helm, app.kubernetes.io/name=hivemq-platform, hivemq-platform=test-hivemq-platform, app.kubernetes.io/instance=test-hivemq-platform, app.kubernetes.io/version=4.36.0}, managedFields=[], name=hivemq-platform-role-test-hivemq-platform, namespace=helmpodsecuritycontextupgradeextensionit, ownerReferences=[OwnerReference(apiVersion=hivemq.com/v1, blockOwnerDeletion=null, controller=null, kind=HiveMQPlatform, name=test-hivemq-platform, uid=737d47e5-a2c5-48e9-8f10-c58276a418e3, additionalProperties={})], resourceVersion=null, selfLink=null, uid=null, additionalProperties={}), rules=[PolicyRule(apiGroups=[], nonResourceURLs=[], resourceNames=[], resources=[pods], verbs=[get, patch, update], additionalProperties={})], additionalProperties={})
2025-01-29 22:13:56,559 INFO c.h.h.t.HelmChartContainer - [hivemq-test-hivemq-platform] [hivemq-platform-operator] [dfbee245] 22:13:56.553 [pool-6-thread-7] DEBUG c.h.p.o.d.PodServiceAccountResource - [helmpods] Desired PodServiceAccountResource (serviceAccountName: hivemq-platform-pod-test-hivemq-platform)
2025-01-29 22:13:56,559 INFO c.h.h.t.HelmChartContainer - [hivemq-test-hivemq-platform] [hivemq-platform-operator] [dfbee245] 22:13:56.554 [pool-6-thread-7] DEBUG c.h.p.o.d.PodServiceAccountResource - [helmpods] Create ServiceAccount 'hivemq-platform-pod-test-hivemq-platform'
2025-01-29 22:13:56,659 INFO c.h.h.t.HelmChartContainer - [hivemq-test-hivemq-platform] [hivemq-platform-operator] [dfbee245] 22:13:56.657 [pool-6-thread-10] DEBUG c.h.p.o.d.PodRoleBindingResource - [helmpods] Create RoleBinding: RoleBinding(apiVersion=rbac.authorization.k8s.io/v1, kind=RoleBinding, metadata=ObjectMeta(annotations={meta.helm.sh/release-name=test-hivemq-platform, meta.helm.sh/release-namespace=helmpodsecuritycontextupgradeextensionit}, creationTimestamp=null, deletionGracePeriodSeconds=null, deletionTimestamp=null, finalizers=[], generateName=null, generation=null, labels={helm.sh/chart=hivemq-platform-0.2.32, app.kubernetes.io/managed-by=Helm, app.kubernetes.io/name=hivemq-platform, hivemq-platform=test-hivemq-platform, app.kubernetes.io/instance=test-hivemq-platform, app.kubernetes.io/version=4.36.0}, managedFields=[], name=hivemq-platform-role-binding-test-hivemq-platform, namespace=helmpodsecuritycontextupgradeextensionit, ownerReferences=[OwnerReference(apiVersion=hivemq.com/v1, blockOwnerDeletion=null, controller=null, kind=HiveMQPlatform, name=test-hivemq-platform, uid=737d47e5-a2c5-48e9-8f10-c58276a418e3, additionalProperties={})], resourceVersion=null, selfLink=null, uid=null, additionalProperties={}), roleRef=RoleRef(apiGroup=rbac.authorization.k8s.io, kind=Role, name=hivemq-platform-role-test-hivemq-platform, additionalProperties={}), subjects=[Subject(apiGroup=null, kind=ServiceAccount, name=hivemq-platform-pod-test-hivemq-platform, namespace=helmpodsecuritycontextupgradeextensionit, additionalProperties={})], additionalProperties={})
2025-01-29 22:13:56,758 INFO c.h.h.t.HelmChartContainer - [hivemq-test-hivemq-platform] [hivemq-platform-operator] [dfbee245] 22:13:56.757 [ReconcilerExecutor-hivemq-controller-53] INFO  c.h.p.o.HiveMQPlatformReconciler - [helmpods] Reconciling HiveMQ Platform 'test-hivemq-platform' in namespace 'helmpodsecuritycontextupgradeextensionit'
2025-01-29 22:13:56,758 INFO c.h.h.t.HelmChartContainer - [hivemq-test-hivemq-platform] [hivemq-platform-operator] [dfbee245] 22:13:56.757 [ReconcilerExecutor-hivemq-controller-53] DEBUG c.h.p.o.HiveMQPlatformReconciler - [helmpods] Custom Resource Status CREATED - HiveMQ Platform was created (READY)
2025-01-29 22:13:56,758 INFO c.h.h.t.HelmChartContainer - [hivemq-test-hivemq-platform] [hivemq-platform-operator] [dfbee245] 22:13:56.757 [ReconcilerExecutor-hivemq-controller-53] DEBUG c.h.p.o.HiveMQPlatformReconciler - [helmpods] Custom Resource Spec (replicas: 1) (extensions: 1)
2025-01-29 22:13:56,763 INFO c.h.h.t.HelmChartContainer - [hivemq-test-hivemq-platform] [hivemq-platform-operator] [dfbee245] 22:13:56.762 [ReconcilerExecutor-hivemq-controller-53] INFO  c.h.p.o.h.HiveMQPlatformReconcilerBaseHandler - [helmpods] HiveMQ Platform is starting
2025-01-29 22:13:56,861 INFO c.h.h.t.HelmChartContainer - [hivemq-test-hivemq-platform] [hivemq-platform-operator] [dfbee245] 22:13:56.860 [ReconcilerExecutor-hivemq-controller-53] DEBUG c.h.p.operator.event.EventSender - [helmpods] Creating K8s event hivemq-platform-starting: [Start] HiveMQ Platform is starting
2025-01-29 22:13:56,946 INFO c.h.h.t.HelmChartContainer - [EVENT] Normal [Start] HiveMQ Platform is starting [helmpodsecuritycontextupgradeextensionit:test-hivemq-platform]
2025-01-29 22:13:56,950 INFO c.h.h.t.HelmChartContainer - [hivemq-test-hivemq-platform] [hivemq-platform-operator] [dfbee245] 22:13:56.949 [ReconcilerExecutor-hivemq-controller-53] INFO  c.h.p.o.h.AbstractHiveMQReconcilerStateHandler - [helmpods] Update HiveMQ Platform Status (CREATED [READY] -> STARTING [READY]): HiveMQ Platform is starting
2025-01-29 22:13:56,963 DEBUG com.hivemq.helmcharts.util.K8sUtil - Comparing actual state 'STARTING' and waiting for 'RUNNING'
2025-01-29 22:14:07,049 INFO c.h.h.t.HelmChartContainer - [hivemq-test-hivemq-platform] [hivemq-platform-operator] [dfbee245] 22:14:07.047 [pool-6-thread-12] DEBUG c.h.p.o.d.PlatformServiceResource - [helmpods] Desired Platform services (3 services)
2025-01-29 22:14:07,053 INFO c.h.h.t.HelmChartContainer - [hivemq-test-hivemq-platform] [hivemq-platform-operator] [dfbee245] 22:14:07.050 [pool-6-thread-13] DEBUG c.h.p.o.dependants.PodInfoConfigMap - [helmpods] Desired PodInfo ConfigMap (1 extensions) (1 enabled)
2025-01-29 22:14:07,055 INFO c.h.h.t.HelmChartContainer - [hivemq-test-hivemq-platform] [hivemq-platform-operator] [dfbee245] 22:14:07.050 [pool-6-thread-13] DEBUG c.h.p.o.dependants.PodInfoConfigMap - [helmpods] Desired PodInfo ConfigMap (metrics port: 9399) (metrics path: /)
2025-01-29 22:14:07,055 INFO c.h.h.t.HelmChartContainer - [hivemq-test-hivemq-platform] [hivemq-platform-operator] [dfbee245] 22:14:07.050 [pool-6-thread-13] DEBUG c.h.p.o.dependants.PodInfoConfigMap - [helmpods] Desired PodInfo ConfigMap (extension state hash: -1669998472)
2025-01-29 22:14:07,058 INFO c.h.h.t.HelmChartContainer - [hivemq-test-hivemq-platform] [hivemq-platform-operator] [dfbee245] 22:14:07.057 [pool-6-thread-17] DEBUG c.h.p.o.d.PodServiceAccountResource - [helmpods] Desired PodServiceAccountResource (serviceAccountName: hivemq-platform-pod-test-hivemq-platform)
2025-01-29 22:14:07,059 INFO c.h.h.t.HelmChartContainer - [hivemq-test-hivemq-platform] [hivemq-platform-operator] [dfbee245] 22:14:07.058 [pool-6-thread-13] DEBUG c.h.p.o.dependants.PodInfoConfigMap - [helmpods] Update PodInfo ConfigMap
2025-01-29 22:14:07,062 INFO c.h.h.t.HelmChartContainer - [K3S] [alloc.go:330] "allocated clusterIPs" service="helmpodsecuritycontextupgradeextensionit/hivemq-test-hivemq-platform-mqtt-1883" clusterIPs={"IPv4":"10.43.109.91"}
2025-01-29 22:14:07,157 INFO c.h.h.t.HelmChartContainer - [K3S] [alloc.go:330] "allocated clusterIPs" service="helmpodsecuritycontextupgradeextensionit/hivemq-test-hivemq-platform-cc-8080" clusterIPs={"IPv4":"10.43.11.37"}
2025-01-29 22:14:07,250 INFO c.h.h.t.HelmChartContainer - [K3S] [alloc.go:330] "allocated clusterIPs" service="helmpodsecuritycontextupgradeextensionit/hivemq-test-hivemq-platform-metrics-9399" clusterIPs={"IPv4":"10.43.122.188"}
2025-01-29 22:14:07,259 INFO c.h.h.t.HelmChartContainer - [hivemq-test-hivemq-platform] [hivemq-platform-operator] [dfbee245] 22:14:07.255 [pool-6-thread-20] DEBUG c.h.p.o.d.StatefulSetResource - [helmpods] Desired StatefulSet (1 replicas) for status STARTING (READY)
2025-01-29 22:14:07,353 INFO c.h.h.t.HelmChartContainer - [hivemq-test-hivemq-platform] [hivemq-platform-operator] [dfbee245] 22:14:07.352 [pool-6-thread-20] DEBUG c.h.p.o.d.StatefulSetResource - [helmpods] Create StatefulSet
2025-01-29 22:14:07,452 INFO c.h.h.t.HelmChartContainer - [hivemq-test-hivemq-platform] [hivemq-platform-operator] [dfbee245] 22:14:07.451 [ReconcilerExecutor-hivemq-controller-64] INFO  c.h.p.o.HiveMQPlatformReconciler - [helmpods] Reconciling HiveMQ Platform 'test-hivemq-platform' in namespace 'helmpodsecuritycontextupgradeextensionit'
2025-01-29 22:14:07,454 INFO c.h.h.t.HelmChartContainer - [hivemq-test-hivemq-platform] [hivemq-platform-operator] [dfbee245] 22:14:07.452 [ReconcilerExecutor-hivemq-controller-64] DEBUG c.h.p.o.HiveMQPlatformReconciler - [helmpods] Custom Resource Status STARTING - HiveMQ Platform is starting (READY)
2025-01-29 22:14:07,455 INFO c.h.h.t.HelmChartContainer - [hivemq-test-hivemq-platform] [hivemq-platform-operator] [dfbee245] 22:14:07.452 [ReconcilerExecutor-hivemq-controller-64] DEBUG c.h.p.o.HiveMQPlatformReconciler - [helmpods] Custom Resource Spec (replicas: 1) (extensions: 1)
2025-01-29 22:14:07,459 INFO c.h.h.t.HelmChartContainer - [hivemq-test-hivemq-platform] [hivemq-platform-operator] [dfbee245] 22:14:07.456 [ReconcilerExecutor-hivemq-controller-64] DEBUG c.h.p.o.HiveMQPlatformReconciler - [helmpods] StatefulSet Status (revision: null, replicas: 0, available: 0, ready: 0, current: 0, updated: 0)
2025-01-29 22:14:07,459 INFO c.h.h.t.HelmChartContainer - [hivemq-test-hivemq-platform] [hivemq-platform-operator] [dfbee245] 22:14:07.456 [ReconcilerExecutor-hivemq-controller-64] DEBUG c.h.p.o.HiveMQPlatformReconciler - [helmpods] StatefulSet Spec (replicas: 1, init containers: 1, containers: 1, volumes: 4)
2025-01-29 22:14:07,466 INFO c.h.h.t.HelmChartContainer - [POD] test-hivemq-platform-0 [f969c912-24a4-49b4-9367-e34a27032a6b] in helmpodsecuritycontextupgradeextensionit was ADDED
2025-01-29 22:14:07,467 INFO c.h.h.t.HelmChartContainer - [hivemq-test-hivemq-platform] [hivemq-platform-operator] [dfbee245] 22:14:07.461 [ReconcilerExecutor-hivemq-controller-64] INFO  c.h.p.o.h.HiveMQPlatformReconcilerBaseHandler - [helmpods] HiveMQ Platform is starting, 0 of 1 replicas are ready
2025-01-29 22:14:07,473 INFO c.h.h.t.HelmChartContainer - [POD] test-hivemq-platform-0 [f969c912-24a4-49b4-9367-e34a27032a6b] in helmpodsecuritycontextupgradeextensionit was MODIFIED
2025-01-29 22:14:07,474 INFO c.h.h.t.HelmChartContainer - [EVENT] Normal [SuccessfulCreate] create Pod test-hivemq-platform-0 in StatefulSet test-hivemq-platform successful [helmpodsecuritycontextupgradeextensionit:test-hivemq-platform]
2025-01-29 22:14:07,480 INFO c.h.h.t.HelmChartContainer - [EVENT] Normal [Scheduled] Successfully assigned helmpodsecuritycontextupgradeextensionit/test-hivemq-platform-0 to 58615b7c8ea7 [helmpodsecuritycontextupgradeextensionit:test-hivemq-platform-0]
2025-01-29 22:14:07,490 INFO c.h.h.t.HelmChartContainer - [POD] test-hivemq-platform-0 [f969c912-24a4-49b4-9367-e34a27032a6b] in helmpodsecuritycontextupgradeextensionit was MODIFIED
2025-01-29 22:14:07,549 INFO c.h.h.t.HelmChartContainer - [hivemq-test-hivemq-platform] [hivemq-platform-operator] [dfbee245] 22:14:07.547 [pool-6-thread-22] DEBUG c.h.p.o.d.PlatformServiceResource - [helmpods] Desired Platform services (3 services)
2025-01-29 22:14:07,556 INFO c.h.h.t.HelmChartContainer - [hivemq-test-hivemq-platform] [hivemq-platform-operator] [dfbee245] 22:14:07.553 [pool-6-thread-23] DEBUG c.h.p.o.dependants.PodInfoConfigMap - [helmpods] Desired PodInfo ConfigMap (1 extensions) (1 enabled)
2025-01-29 22:14:07,556 INFO c.h.h.t.HelmChartContainer - [hivemq-test-hivemq-platform] [hivemq-platform-operator] [dfbee245] 22:14:07.553 [pool-6-thread-23] DEBUG c.h.p.o.dependants.PodInfoConfigMap - [helmpods] Desired PodInfo ConfigMap (metrics port: 9399) (metrics path: /)
2025-01-29 22:14:07,556 INFO c.h.h.t.HelmChartContainer - [hivemq-test-hivemq-platform] [hivemq-platform-operator] [dfbee245] 22:14:07.554 [pool-6-thread-23] DEBUG c.h.p.o.dependants.PodInfoConfigMap - [helmpods] Desired PodInfo ConfigMap (extension state hash: -1669998472)
2025-01-29 22:14:07,581 INFO c.h.h.t.HelmChartContainer - [K3S] [reconciler_common.go:251] "operationExecutor.VerifyControllerAttachedVolume started for volume \"broker-configuration\" (UniqueName: \"kubernetes.io/configmap/f969c912-24a4-49b4-9367-e34a27032a6b-broker-configuration\") pod \"test-hivemq-platform-0\" (UID: \"f969c912-24a4-49b4-9367-e34a27032a6b\") " pod="helmpodsecuritycontextupgradeextensionit/test-hivemq-platform-0"
2025-01-29 22:14:07,581 INFO c.h.h.t.HelmChartContainer - [K3S] [reconciler_common.go:251] "operationExecutor.VerifyControllerAttachedVolume started for volume \"pod-info\" (UniqueName: \"kubernetes.io/configmap/f969c912-24a4-49b4-9367-e34a27032a6b-pod-info\") pod \"test-hivemq-platform-0\" (UID: \"f969c912-24a4-49b4-9367-e34a27032a6b\") " pod="helmpodsecuritycontextupgradeextensionit/test-hivemq-platform-0"
2025-01-29 22:14:07,581 INFO c.h.h.t.HelmChartContainer - [K3S] [reconciler_common.go:251] "operationExecutor.VerifyControllerAttachedVolume started for volume \"extension-configuration-hivemq-distributed-tracing-extension\" (UniqueName: \"kubernetes.io/configmap/f969c912-24a4-49b4-9367-e34a27032a6b-extension-configuration-hivemq-distributed-tracing-extension\") pod \"test-hivemq-platform-0\" (UID: \"f969c912-24a4-49b4-9367-e34a27032a6b\") " pod="helmpodsecuritycontextupgradeextensionit/test-hivemq-platform-0"
2025-01-29 22:14:07,581 INFO c.h.h.t.HelmChartContainer - [K3S] [reconciler_common.go:251] "operationExecutor.VerifyControllerAttachedVolume started for volume \"operator-init\" (UniqueName: \"kubernetes.io/empty-dir/f969c912-24a4-49b4-9367-e34a27032a6b-operator-init\") pod \"test-hivemq-platform-0\" (UID: \"f969c912-24a4-49b4-9367-e34a27032a6b\") " pod="helmpodsecuritycontextupgradeextensionit/test-hivemq-platform-0"
2025-01-29 22:14:07,581 INFO c.h.h.t.HelmChartContainer - [K3S] [reconciler_common.go:251] "operationExecutor.VerifyControllerAttachedVolume started for volume \"kube-api-access-q5vmg\" (UniqueName: \"kubernetes.io/projected/f969c912-24a4-49b4-9367-e34a27032a6b-kube-api-access-q5vmg\") pod \"test-hivemq-platform-0\" (UID: \"f969c912-24a4-49b4-9367-e34a27032a6b\") " pod="helmpodsecuritycontextupgradeextensionit/test-hivemq-platform-0"
2025-01-29 22:14:07,646 INFO c.h.h.t.HelmChartContainer - [hivemq-test-hivemq-platform] [hivemq-platform-operator] [dfbee245] 22:14:07.642 [pool-6-thread-27] DEBUG c.h.p.o.d.PodServiceAccountResource - [helmpods] Desired PodServiceAccountResource (serviceAccountName: hivemq-platform-pod-test-hivemq-platform)
2025-01-29 22:14:07,651 INFO c.h.h.t.HelmChartContainer - [hivemq-test-hivemq-platform] [hivemq-platform-operator] [dfbee245] 22:14:07.650 [pool-6-thread-30] DEBUG c.h.p.o.d.StatefulSetResource - [helmpods] Desired StatefulSet (1 replicas) for status STARTING (READY)
2025-01-29 22:14:07,658 INFO c.h.h.t.HelmChartContainer - [hivemq-test-hivemq-platform] [hivemq-platform-operator] [dfbee245] 22:14:07.657 [ReconcilerExecutor-hivemq-controller-75] INFO  c.h.p.o.HiveMQPlatformReconciler - [helmpods] Reconciling HiveMQ Platform 'test-hivemq-platform' in namespace 'helmpodsecuritycontextupgradeextensionit'
2025-01-29 22:14:07,659 INFO c.h.h.t.HelmChartContainer - [hivemq-test-hivemq-platform] [hivemq-platform-operator] [dfbee245] 22:14:07.658 [ReconcilerExecutor-hivemq-controller-75] DEBUG c.h.p.o.HiveMQPlatformReconciler - [helmpods] Custom Resource Status STARTING - HiveMQ Platform is starting (READY)
2025-01-29 22:14:07,659 INFO c.h.h.t.HelmChartContainer - [hivemq-test-hivemq-platform] [hivemq-platform-operator] [dfbee245] 22:14:07.658 [ReconcilerExecutor-hivemq-controller-75] DEBUG c.h.p.o.HiveMQPlatformReconciler - [helmpods] Custom Resource Spec (replicas: 1) (extensions: 1)
2025-01-29 22:14:07,746 INFO c.h.h.t.HelmChartContainer - [hivemq-test-hivemq-platform] [hivemq-platform-operator] [dfbee245] 22:14:07.744 [ReconcilerExecutor-hivemq-controller-75] DEBUG c.h.p.o.HiveMQPlatformReconciler - [helmpods] StatefulSet Status (revision: test-hivemq-platform-6778d7488d, replicas: 1, available: 0, ready: 0, current: 1, updated: 1)
2025-01-29 22:14:07,746 INFO c.h.h.t.HelmChartContainer - [hivemq-test-hivemq-platform] [hivemq-platform-operator] [dfbee245] 22:14:07.744 [ReconcilerExecutor-hivemq-controller-75] DEBUG c.h.p.o.HiveMQPlatformReconciler - [helmpods] StatefulSet Spec (replicas: 1, init containers: 1, containers: 1, volumes: 4)
2025-01-29 22:14:07,755 INFO c.h.h.t.HelmChartContainer - [hivemq-test-hivemq-platform] [hivemq-platform-operator] [dfbee245] 22:14:07.754 [ReconcilerExecutor-hivemq-controller-75] DEBUG c.h.p.o.h.HiveMQPlatformReconcilerErrorHandler - [helmpods] Pod 'test-hivemq-platform-0' phase Pending
2025-01-29 22:14:07,756 INFO c.h.h.t.HelmChartContainer - [hivemq-test-hivemq-platform] [hivemq-platform-operator] [dfbee245] 22:14:07.754 [ReconcilerExecutor-hivemq-controller-75] DEBUG c.h.p.o.h.HiveMQPlatformReconcilerErrorHandler - [helmpods] Pod 'test-hivemq-platform-0' condition 'PodReadyToStartContainers': False
2025-01-29 22:14:07,757 INFO c.h.h.t.HelmChartContainer - [hivemq-test-hivemq-platform] [hivemq-platform-operator] [dfbee245] 22:14:07.755 [ReconcilerExecutor-hivemq-controller-75] DEBUG c.h.p.o.h.HiveMQPlatformReconcilerErrorHandler - [helmpods] Pod 'test-hivemq-platform-0' condition 'Initialized': False
2025-01-29 22:14:07,757 INFO c.h.h.t.HelmChartContainer - [hivemq-test-hivemq-platform] [hivemq-platform-operator] [dfbee245] 22:14:07.755 [ReconcilerExecutor-hivemq-controller-75] DEBUG c.h.p.o.h.HiveMQPlatformReconcilerErrorHandler - [helmpods] Pod 'test-hivemq-platform-0' condition 'Ready': False
2025-01-29 22:14:07,757 INFO c.h.h.t.HelmChartContainer - [hivemq-test-hivemq-platform] [hivemq-platform-operator] [dfbee245] 22:14:07.755 [ReconcilerExecutor-hivemq-controller-75] DEBUG c.h.p.o.h.HiveMQPlatformReconcilerErrorHandler - [helmpods] Pod 'test-hivemq-platform-0' condition 'ContainersReady': False
2025-01-29 22:14:07,757 INFO c.h.h.t.HelmChartContainer - [hivemq-test-hivemq-platform] [hivemq-platform-operator] [dfbee245] 22:14:07.755 [ReconcilerExecutor-hivemq-controller-75] DEBUG c.h.p.o.h.HiveMQPlatformReconcilerErrorHandler - [helmpods] Pod 'test-hivemq-platform-0' condition 'PodScheduled': True
2025-01-29 22:14:07,757 INFO c.h.h.t.HelmChartContainer - [hivemq-test-hivemq-platform] [hivemq-platform-operator] [dfbee245] 22:14:07.755 [ReconcilerExecutor-hivemq-controller-75] DEBUG c.h.p.o.h.HiveMQPlatformReconcilerErrorHandler - [helmpods] Pod 'test-hivemq-platform-0' containerStatus 'hivemq' (started: false) (ready: false) (waiting: [PodInitializing] null)
2025-01-29 22:14:07,845 INFO c.h.h.t.HelmChartContainer - [hivemq-test-hivemq-platform] [hivemq-platform-operator] [dfbee245] 22:14:07.843 [ReconcilerExecutor-hivemq-controller-75] INFO  c.h.p.o.h.HiveMQPlatformReconcilerBaseHandler - [helmpods] HiveMQ Platform is starting, 0 of 1 replicas are ready
2025-01-29 22:14:07,849 INFO c.h.h.t.HelmChartContainer - [hivemq-test-hivemq-platform] [hivemq-platform-operator] [dfbee245] 22:14:07.848 [pool-6-thread-32] DEBUG c.h.p.o.d.PlatformServiceResource - [helmpods] Desired Platform services (3 services)
2025-01-29 22:14:07,855 INFO c.h.h.t.HelmChartContainer - [hivemq-test-hivemq-platform] [hivemq-platform-operator] [dfbee245] 22:14:07.852 [pool-6-thread-33] DEBUG c.h.p.o.dependants.PodInfoConfigMap - [helmpods] Desired PodInfo ConfigMap (1 extensions) (1 enabled)
2025-01-29 22:14:07,856 INFO c.h.h.t.HelmChartContainer - [hivemq-test-hivemq-platform] [hivemq-platform-operator] [dfbee245] 22:14:07.852 [pool-6-thread-33] DEBUG c.h.p.o.dependants.PodInfoConfigMap - [helmpods] Desired PodInfo ConfigMap (metrics port: 9399) (metrics path: /)
2025-01-29 22:14:07,856 INFO c.h.h.t.HelmChartContainer - [hivemq-test-hivemq-platform] [hivemq-platform-operator] [dfbee245] 22:14:07.852 [pool-6-thread-33] DEBUG c.h.p.o.dependants.PodInfoConfigMap - [helmpods] Desired PodInfo ConfigMap (extension state hash: -1669998472)
2025-01-29 22:14:07,860 INFO c.h.h.t.HelmChartContainer - [hivemq-test-hivemq-platform] [hivemq-platform-operator] [dfbee245] 22:14:07.859 [pool-6-thread-37] DEBUG c.h.p.o.d.PodServiceAccountResource - [helmpods] Desired PodServiceAccountResource (serviceAccountName: hivemq-platform-pod-test-hivemq-platform)
2025-01-29 22:14:07,871 INFO c.h.h.t.HelmChartContainer - [EVENT] Normal [Pulled] Container image "docker.io/hivemq/hivemq-platform-operator-init-test:snapshot" already present on machine [helmpodsecuritycontextupgradeextensionit:test-hivemq-platform-0]
2025-01-29 22:14:07,950 INFO c.h.h.t.HelmChartContainer - [hivemq-test-hivemq-platform] [hivemq-platform-operator] [dfbee245] 22:14:07.948 [pool-6-thread-40] DEBUG c.h.p.o.d.StatefulSetResource - [helmpods] Desired StatefulSet (1 replicas) for status STARTING (READY)
2025-01-29 22:14:07,954 INFO c.h.h.t.HelmChartContainer - [hivemq-test-hivemq-platform] [hivemq-platform-operator] [dfbee245] 22:14:07.953 [ReconcilerExecutor-hivemq-controller-86] INFO  c.h.p.o.HiveMQPlatformReconciler - [helmpods] Reconciling HiveMQ Platform 'test-hivemq-platform' in namespace 'helmpodsecuritycontextupgradeextensionit'
2025-01-29 22:14:07,955 INFO c.h.h.t.HelmChartContainer - [hivemq-test-hivemq-platform] [hivemq-platform-operator] [dfbee245] 22:14:07.953 [ReconcilerExecutor-hivemq-controller-86] DEBUG c.h.p.o.HiveMQPlatformReconciler - [helmpods] Custom Resource Status STARTING - HiveMQ Platform is starting (READY)
2025-01-29 22:14:07,955 INFO c.h.h.t.HelmChartContainer - [hivemq-test-hivemq-platform] [hivemq-platform-operator] [dfbee245] 22:14:07.953 [ReconcilerExecutor-hivemq-controller-86] DEBUG c.h.p.o.HiveMQPlatformReconciler - [helmpods] Custom Resource Spec (replicas: 1) (extensions: 1)
2025-01-29 22:14:07,958 INFO c.h.h.t.HelmChartContainer - [hivemq-test-hivemq-platform] [hivemq-platform-operator] [dfbee245] 22:14:07.957 [ReconcilerExecutor-hivemq-controller-86] DEBUG c.h.p.o.HiveMQPlatformReconciler - [helmpods] StatefulSet Status (revision: test-hivemq-platform-6778d7488d, replicas: 1, available: 0, ready: 0, current: 1, updated: 1)
2025-01-29 22:14:07,959 INFO c.h.h.t.HelmChartContainer - [hivemq-test-hivemq-platform] [hivemq-platform-operator] [dfbee245] 22:14:07.957 [ReconcilerExecutor-hivemq-controller-86] DEBUG c.h.p.o.HiveMQPlatformReconciler - [helmpods] StatefulSet Spec (replicas: 1, init containers: 1, containers: 1, volumes: 4)
2025-01-29 22:14:07,965 INFO c.h.h.t.HelmChartContainer - [hivemq-test-hivemq-platform] [hivemq-platform-operator] [dfbee245] 22:14:07.961 [ReconcilerExecutor-hivemq-controller-86] DEBUG c.h.p.o.h.HiveMQPlatformReconcilerErrorHandler - [helmpods] Pod 'test-hivemq-platform-0' phase Pending
2025-01-29 22:14:07,965 INFO c.h.h.t.HelmChartContainer - [hivemq-test-hivemq-platform] [hivemq-platform-operator] [dfbee245] 22:14:07.961 [ReconcilerExecutor-hivemq-controller-86] DEBUG c.h.p.o.h.HiveMQPlatformReconcilerErrorHandler - [helmpods] Pod 'test-hivemq-platform-0' condition 'PodReadyToStartContainers': False
2025-01-29 22:14:07,966 INFO c.h.h.t.HelmChartContainer - [hivemq-test-hivemq-platform] [hivemq-platform-operator] [dfbee245] 22:14:07.961 [ReconcilerExecutor-hivemq-controller-86] DEBUG c.h.p.o.h.HiveMQPlatformReconcilerErrorHandler - [helmpods] Pod 'test-hivemq-platform-0' condition 'Initialized': False
2025-01-29 22:14:07,966 INFO c.h.h.t.HelmChartContainer - [hivemq-test-hivemq-platform] [hivemq-platform-operator] [dfbee245] 22:14:07.961 [ReconcilerExecutor-hivemq-controller-86] DEBUG c.h.p.o.h.HiveMQPlatformReconcilerErrorHandler - [helmpods] Pod 'test-hivemq-platform-0' condition 'Ready': False
2025-01-29 22:14:07,966 INFO c.h.h.t.HelmChartContainer - [hivemq-test-hivemq-platform] [hivemq-platform-operator] [dfbee245] 22:14:07.961 [ReconcilerExecutor-hivemq-controller-86] DEBUG c.h.p.o.h.HiveMQPlatformReconcilerErrorHandler - [helmpods] Pod 'test-hivemq-platform-0' condition 'ContainersReady': False
2025-01-29 22:14:07,966 INFO c.h.h.t.HelmChartContainer - [hivemq-test-hivemq-platform] [hivemq-platform-operator] [dfbee245] 22:14:07.961 [ReconcilerExecutor-hivemq-controller-86] DEBUG c.h.p.o.h.HiveMQPlatformReconcilerErrorHandler - [helmpods] Pod 'test-hivemq-platform-0' condition 'PodScheduled': True
2025-01-29 22:14:07,966 INFO c.h.h.t.HelmChartContainer - [hivemq-test-hivemq-platform] [hivemq-platform-operator] [dfbee245] 22:14:07.961 [ReconcilerExecutor-hivemq-controller-86] DEBUG c.h.p.o.h.HiveMQPlatformReconcilerErrorHandler - [helmpods] Pod 'test-hivemq-platform-0' containerStatus 'hivemq' (started: false) (ready: false) (waiting: [PodInitializing] null)
2025-01-29 22:14:07,966 INFO c.h.h.t.HelmChartContainer - [hivemq-test-hivemq-platform] [hivemq-platform-operator] [dfbee245] 22:14:07.963 [ReconcilerExecutor-hivemq-controller-86] INFO  c.h.p.o.h.HiveMQPlatformReconcilerBaseHandler - [helmpods] HiveMQ Platform is starting, 0 of 1 replicas are ready
2025-01-29 22:14:08,011 INFO c.h.h.t.HelmChartContainer - [EVENT] Normal [Created] Created container: hivemq-platform-operator-init [helmpodsecuritycontextupgradeextensionit:test-hivemq-platform-0]
2025-01-29 22:14:08,048 INFO c.h.h.t.HelmChartContainer - [EVENT] Normal [Started] Started container hivemq-platform-operator-init [helmpodsecuritycontextupgradeextensionit:test-hivemq-platform-0]
2025-01-29 22:14:08,568 INFO c.h.h.t.HelmChartContainer - [EVENT] Normal [Pulled] Container image "docker.io/hivemq/hivemq4:4.36.0" already present on machine [helmpodsecuritycontextupgradeextensionit:test-hivemq-platform-0]
2025-01-29 22:14:08,569 INFO c.h.h.t.HelmChartContainer - Received Pulled event for container hivemq in pod test-hivemq-platform-0 [f969c912-24a4-49b4-9367-e34a27032a6b]
2025-01-29 22:14:08,583 INFO c.h.h.t.HelmChartContainer - [POD] test-hivemq-platform-0 [f969c912-24a4-49b4-9367-e34a27032a6b] in helmpodsecuritycontextupgradeextensionit was MODIFIED
2025-01-29 22:14:08,604 INFO c.h.h.t.HelmChartContainer - [hivemq-test-hivemq-platform] [hivemq-platform-operator] [dfbee245] 22:14:08.593 [pool-6-thread-42] DEBUG c.h.p.o.d.PlatformServiceResource - [helmpods] Desired Platform services (3 services)
2025-01-29 22:14:08,605 INFO c.h.h.t.HelmChartContainer - [hivemq-test-hivemq-platform] [hivemq-platform-operator] [dfbee245] 22:14:08.596 [pool-6-thread-43] DEBUG c.h.p.o.dependants.PodInfoConfigMap - [helmpods] Desired PodInfo ConfigMap (1 extensions) (1 enabled)
2025-01-29 22:14:08,605 INFO c.h.h.t.HelmChartContainer - [hivemq-test-hivemq-platform] [hivemq-platform-operator] [dfbee245] 22:14:08.596 [pool-6-thread-43] DEBUG c.h.p.o.dependants.PodInfoConfigMap - [helmpods] Desired PodInfo ConfigMap (metrics port: 9399) (metrics path: /)
2025-01-29 22:14:08,605 INFO c.h.h.t.HelmChartContainer - [hivemq-test-hivemq-platform] [hivemq-platform-operator] [dfbee245] 22:14:08.596 [pool-6-thread-43] DEBUG c.h.p.o.dependants.PodInfoConfigMap - [helmpods] Desired PodInfo ConfigMap (extension state hash: -1669998472)
2025-01-29 22:14:08,605 INFO c.h.h.t.HelmChartContainer - [hivemq-test-hivemq-platform] [hivemq-platform-operator] [dfbee245] 22:14:08.596 [pool-6-thread-47] DEBUG c.h.p.o.d.PodServiceAccountResource - [helmpods] Desired PodServiceAccountResource (serviceAccountName: hivemq-platform-pod-test-hivemq-platform)
2025-01-29 22:14:08,646 INFO c.h.h.t.HelmChartContainer - [hivemq-test-hivemq-platform] [hivemq-platform-operator] [dfbee245] 22:14:08.644 [pool-6-thread-50] DEBUG c.h.p.o.d.StatefulSetResource - [helmpods] Desired StatefulSet (1 replicas) for status STARTING (READY)
2025-01-29 22:14:08,651 INFO c.h.h.t.HelmChartContainer - [hivemq-test-hivemq-platform] [hivemq-platform-operator] [dfbee245] 22:14:08.650 [ReconcilerExecutor-hivemq-controller-97] INFO  c.h.p.o.HiveMQPlatformReconciler - [helmpods] Reconciling HiveMQ Platform 'test-hivemq-platform' in namespace 'helmpodsecuritycontextupgradeextensionit'
2025-01-29 22:14:08,651 INFO c.h.h.t.HelmChartContainer - [hivemq-test-hivemq-platform] [hivemq-platform-operator] [dfbee245] 22:14:08.650 [ReconcilerExecutor-hivemq-controller-97] DEBUG c.h.p.o.HiveMQPlatformReconciler - [helmpods] Custom Resource Status STARTING - HiveMQ Platform is starting (READY)
2025-01-29 22:14:08,651 INFO c.h.h.t.HelmChartContainer - [hivemq-test-hivemq-platform] [hivemq-platform-operator] [dfbee245] 22:14:08.650 [ReconcilerExecutor-hivemq-controller-97] DEBUG c.h.p.o.HiveMQPlatformReconciler - [helmpods] Custom Resource Spec (replicas: 1) (extensions: 1)
2025-01-29 22:14:08,654 INFO c.h.h.t.HelmChartContainer - [hivemq-test-hivemq-platform] [hivemq-platform-operator] [dfbee245] 22:14:08.653 [ReconcilerExecutor-hivemq-controller-97] DEBUG c.h.p.o.HiveMQPlatformReconciler - [helmpods] StatefulSet Status (revision: test-hivemq-platform-6778d7488d, replicas: 1, available: 0, ready: 0, current: 1, updated: 1)
2025-01-29 22:14:08,654 INFO c.h.h.t.HelmChartContainer - [hivemq-test-hivemq-platform] [hivemq-platform-operator] [dfbee245] 22:14:08.653 [ReconcilerExecutor-hivemq-controller-97] DEBUG c.h.p.o.HiveMQPlatformReconciler - [helmpods] StatefulSet Spec (replicas: 1, init containers: 1, containers: 1, volumes: 4)
2025-01-29 22:14:08,657 INFO c.h.h.t.HelmChartContainer - [hivemq-test-hivemq-platform] [hivemq-platform-operator] [dfbee245] 22:14:08.656 [ReconcilerExecutor-hivemq-controller-97] DEBUG c.h.p.o.h.HiveMQPlatformReconcilerErrorHandler - [helmpods] Pod 'test-hivemq-platform-0' phase Pending
2025-01-29 22:14:08,657 INFO c.h.h.t.HelmChartContainer - [hivemq-test-hivemq-platform] [hivemq-platform-operator] [dfbee245] 22:14:08.656 [ReconcilerExecutor-hivemq-controller-97] DEBUG c.h.p.o.h.HiveMQPlatformReconcilerErrorHandler - [helmpods] Pod 'test-hivemq-platform-0' condition 'PodReadyToStartContainers': True
2025-01-29 22:14:08,658 INFO c.h.h.t.HelmChartContainer - [hivemq-test-hivemq-platform] [hivemq-platform-operator] [dfbee245] 22:14:08.656 [ReconcilerExecutor-hivemq-controller-97] DEBUG c.h.p.o.h.HiveMQPlatformReconcilerErrorHandler - [helmpods] Pod 'test-hivemq-platform-0' condition 'Initialized': True
2025-01-29 22:14:08,659 INFO c.h.h.t.HelmChartContainer - [hivemq-test-hivemq-platform] [hivemq-platform-operator] [dfbee245] 22:14:08.656 [ReconcilerExecutor-hivemq-controller-97] DEBUG c.h.p.o.h.HiveMQPlatformReconcilerErrorHandler - [helmpods] Pod 'test-hivemq-platform-0' condition 'Ready': False
2025-01-29 22:14:08,659 INFO c.h.h.t.HelmChartContainer - [hivemq-test-hivemq-platform] [hivemq-platform-operator] [dfbee245] 22:14:08.656 [ReconcilerExecutor-hivemq-controller-97] DEBUG c.h.p.o.h.HiveMQPlatformReconcilerErrorHandler - [helmpods] Pod 'test-hivemq-platform-0' condition 'ContainersReady': False
2025-01-29 22:14:08,659 INFO c.h.h.t.HelmChartContainer - [hivemq-test-hivemq-platform] [hivemq-platform-operator] [dfbee245] 22:14:08.656 [ReconcilerExecutor-hivemq-controller-97] DEBUG c.h.p.o.h.HiveMQPlatformReconcilerErrorHandler - [helmpods] Pod 'test-hivemq-platform-0' condition 'PodScheduled': True
2025-01-29 22:14:08,659 INFO c.h.h.t.HelmChartContainer - [hivemq-test-hivemq-platform] [hivemq-platform-operator] [dfbee245] 22:14:08.656 [ReconcilerExecutor-hivemq-controller-97] DEBUG c.h.p.o.h.HiveMQPlatformReconcilerErrorHandler - [helmpods] Pod 'test-hivemq-platform-0' containerStatus 'hivemq' (started: false) (ready: false) (waiting: [PodInitializing] null)
2025-01-29 22:14:08,659 INFO c.h.h.t.HelmChartContainer - [hivemq-test-hivemq-platform] [hivemq-platform-operator] [dfbee245] 22:14:08.658 [ReconcilerExecutor-hivemq-controller-97] INFO  c.h.p.o.h.HiveMQPlatformReconcilerBaseHandler - [helmpods] HiveMQ Platform is starting, 0 of 1 replicas are ready
2025-01-29 22:14:09,859 INFO c.h.h.t.HelmChartContainer - [EVENT] Normal [Created] Created container: hivemq [helmpodsecuritycontextupgradeextensionit:test-hivemq-platform-0]
2025-01-29 22:14:09,860 INFO c.h.h.t.HelmChartContainer - Received Created event for container hivemq in pod test-hivemq-platform-0 [f969c912-24a4-49b4-9367-e34a27032a6b]
2025-01-29 22:14:10,583 INFO c.h.h.t.HelmChartContainer - [POD] test-hivemq-platform-0 [f969c912-24a4-49b4-9367-e34a27032a6b] in helmpodsecuritycontextupgradeextensionit was MODIFIED
2025-01-29 22:14:10,589 INFO c.h.h.t.HelmChartContainer - [hivemq-test-hivemq-platform] [hivemq-platform-operator] [dfbee245] 22:14:10.587 [pool-6-thread-6] DEBUG c.h.p.o.d.PlatformServiceResource - [helmpods] Desired Platform services (3 services)
2025-01-29 22:14:10,594 INFO c.h.h.t.HelmChartContainer - [hivemq-test-hivemq-platform] [hivemq-platform-operator] [dfbee245] 22:14:10.589 [pool-6-thread-3] DEBUG c.h.p.o.dependants.PodInfoConfigMap - [helmpods] Desired PodInfo ConfigMap (1 extensions) (1 enabled)
2025-01-29 22:14:10,594 INFO c.h.h.t.HelmChartContainer - [hivemq-test-hivemq-platform] [hivemq-platform-operator] [dfbee245] 22:14:10.592 [pool-6-thread-3] DEBUG c.h.p.o.dependants.PodInfoConfigMap - [helmpods] Desired PodInfo ConfigMap (metrics port: 9399) (metrics path: /)
2025-01-29 22:14:10,596 INFO c.h.h.t.HelmChartContainer - [hivemq-test-hivemq-platform] [hivemq-platform-operator] [dfbee245] 22:14:10.595 [pool-6-thread-3] DEBUG c.h.p.o.dependants.PodInfoConfigMap - [helmpods] Desired PodInfo ConfigMap (extension state hash: -1669998472)
2025-01-29 22:14:10,599 INFO c.h.h.t.HelmChartContainer - Started log watcher for hivemq in pod test-hivemq-platform-0 [f969c912-24a4-49b4-9367-e34a27032a6b]
2025-01-29 22:14:10,599 INFO c.h.h.t.HelmChartContainer - [EVENT] Normal [Started] Started container hivemq [helmpodsecuritycontextupgradeextensionit:test-hivemq-platform-0]
2025-01-29 22:14:10,599 INFO c.h.h.t.HelmChartContainer - [test-hivemq-platform] [hivemq] [f969c912] Adding pre-installed HiveMQ Platform Operator extensions
2025-01-29 22:14:10,599 INFO c.h.h.t.HelmChartContainer - Received Started event for container hivemq in pod test-hivemq-platform-0 [f969c912-24a4-49b4-9367-e34a27032a6b]
2025-01-29 22:14:10,599 INFO c.h.h.t.HelmChartContainer - [test-hivemq-platform] [hivemq] [f969c912] Running as user 0
2025-01-29 22:14:10,599 INFO c.h.h.t.HelmChartContainer - [test-hivemq-platform] [hivemq] [f969c912] Starting HiveMQ Platform Operator Init
2025-01-29 22:14:10,602 INFO c.h.h.t.HelmChartContainer - [hivemq-test-hivemq-platform] [hivemq-platform-operator] [dfbee245] 22:14:10.600 [pool-6-thread-2] DEBUG c.h.p.o.d.PodServiceAccountResource - [helmpods] Desired PodServiceAccountResource (serviceAccountName: hivemq-platform-pod-test-hivemq-platform)
2025-01-29 22:14:10,604 INFO c.h.h.t.HelmChartContainer - [hivemq-test-hivemq-platform] [hivemq-platform-operator] [dfbee245] 22:14:10.603 [pool-6-thread-8] DEBUG c.h.p.o.d.StatefulSetResource - [helmpods] Desired StatefulSet (1 replicas) for status STARTING (READY)
2025-01-29 22:14:10,643 INFO c.h.h.t.HelmChartContainer - [hivemq-test-hivemq-platform] [hivemq-platform-operator] [dfbee245] 22:14:10.641 [ReconcilerExecutor-hivemq-controller-108] INFO  c.h.p.o.HiveMQPlatformReconciler - [helmpods] Reconciling HiveMQ Platform 'test-hivemq-platform' in namespace 'helmpodsecuritycontextupgradeextensionit'
2025-01-29 22:14:10,645 INFO c.h.h.t.HelmChartContainer - [hivemq-test-hivemq-platform] [hivemq-platform-operator] [dfbee245] 22:14:10.641 [ReconcilerExecutor-hivemq-controller-108] DEBUG c.h.p.o.HiveMQPlatformReconciler - [helmpods] Custom Resource Status STARTING - HiveMQ Platform is starting (READY)
2025-01-29 22:14:10,645 INFO c.h.h.t.HelmChartContainer - [hivemq-test-hivemq-platform] [hivemq-platform-operator] [dfbee245] 22:14:10.642 [ReconcilerExecutor-hivemq-controller-108] DEBUG c.h.p.o.HiveMQPlatformReconciler - [helmpods] Custom Resource Spec (replicas: 1) (extensions: 1)
2025-01-29 22:14:10,653 INFO c.h.h.t.HelmChartContainer - [hivemq-test-hivemq-platform] [hivemq-platform-operator] [dfbee245] 22:14:10.645 [ReconcilerExecutor-hivemq-controller-108] DEBUG c.h.p.o.HiveMQPlatformReconciler - [helmpods] StatefulSet Status (revision: test-hivemq-platform-6778d7488d, replicas: 1, available: 0, ready: 0, current: 1, updated: 1)
2025-01-29 22:14:10,653 INFO c.h.h.t.HelmChartContainer - [hivemq-test-hivemq-platform] [hivemq-platform-operator] [dfbee245] 22:14:10.646 [ReconcilerExecutor-hivemq-controller-108] DEBUG c.h.p.o.HiveMQPlatformReconciler - [helmpods] StatefulSet Spec (replicas: 1, init containers: 1, containers: 1, volumes: 4)
2025-01-29 22:14:10,653 INFO c.h.h.t.HelmChartContainer - [hivemq-test-hivemq-platform] [hivemq-platform-operator] [dfbee245] 22:14:10.649 [ReconcilerExecutor-hivemq-controller-108] DEBUG c.h.p.o.h.HiveMQPlatformReconcilerErrorHandler - [helmpods] Pod 'test-hivemq-platform-0' phase Running
2025-01-29 22:14:10,653 INFO c.h.h.t.HelmChartContainer - [hivemq-test-hivemq-platform] [hivemq-platform-operator] [dfbee245] 22:14:10.651 [ReconcilerExecutor-hivemq-controller-108] INFO  c.h.p.o.h.HiveMQPlatformReconcilerBaseHandler - [helmpods] HiveMQ Platform is starting, 0 of 1 replicas are ready
2025-01-29 22:14:11,057 INFO c.h.h.t.HelmChartContainer - [test-hivemq-platform] [hivemq] [f969c912] INFO  - [HiveMQ Platform Operator Init 1.7.0-SNAPSHOT] HiveMQ Platform Operator Init 1.7.0-SNAPSHOT (commit: 3bc9484 on branch: HEAD) built on Wed Jan 29 22:06:36 UTC 2025
2025-01-29 22:14:12,349 INFO c.h.h.t.HelmChartContainer - [test-hivemq-platform] [hivemq] [f969c912] INFO  - [HiveMQ Platform Operator Init App 1.7.0-SNAPSHOT] Using bind address 10.42.0.8 from environment variable
2025-01-29 22:14:13,345 INFO c.h.h.t.HelmChartContainer - [test-hivemq-platform] [hivemq] [f969c912] INFO  - [HiveMQ Platform Operator Init App 1.7.0-SNAPSHOT] HiveMQ Platform Operator Init App 1.7.0-SNAPSHOT (commit: 3bc9484 on branch: HEAD) built on Wed Jan 29 22:06:36 UTC 2025
2025-01-29 22:14:13,345 INFO c.h.h.t.HelmChartContainer - [test-hivemq-platform] [hivemq] [f969c912] INFO  - [HiveMQ Platform Operator Init App 1.7.0-SNAPSHOT] PodInfo ConfigMap directory: /etc/podinfo
2025-01-29 22:14:13,346 INFO c.h.h.t.HelmChartContainer - [test-hivemq-platform] [hivemq] [f969c912] INFO  - [HiveMQ Platform Operator Init App 1.7.0-SNAPSHOT] HiveMQ home directory: /opt/hivemq
2025-01-29 22:14:13,346 INFO c.h.h.t.HelmChartContainer - [test-hivemq-platform] [hivemq] [f969c912] INFO  - [HiveMQ Platform Operator Init App 1.7.0-SNAPSHOT] HiveMQ Logback folder: /opt/hivemq/conf
2025-01-29 22:14:13,346 INFO c.h.h.t.HelmChartContainer - [test-hivemq-platform] [hivemq] [f969c912] INFO  - [HiveMQ Platform Operator Init App 1.7.0-SNAPSHOT] HiveMQ Config folder: /opt/hivemq/conf-k8s
2025-01-29 22:14:13,346 INFO c.h.h.t.HelmChartContainer - [test-hivemq-platform] [hivemq] [f969c912] INFO  - [HiveMQ Platform Operator Init App 1.7.0-SNAPSHOT] Starting HiveMQ Platform Operator Init App
2025-01-29 22:14:13,346 INFO c.h.h.t.HelmChartContainer - [test-hivemq-platform] [hivemq] [f969c912] INFO  - [HiveMQ Platform Operator Init App 1.7.0-SNAPSHOT] Starting Pod reconciler
2025-01-29 22:14:14,564 INFO c.h.h.t.HelmChartContainer - [test-hivemq-platform] [hivemq] [f969c912] INFO  - [HiveMQ Platform Operator Init App 1.7.0-SNAPSHOT] Pod reconciler is scheduled (interval: 5000 ms)
2025-01-29 22:14:14,564 INFO c.h.h.t.HelmChartContainer - [test-hivemq-platform] [hivemq] [f969c912] INFO  - [HiveMQ Platform Operator Init App 1.7.0-SNAPSHOT] Starting the REST API on 10.42.0.8:7979
2025-01-29 22:14:14,567 INFO c.h.h.t.HelmChartContainer - [test-hivemq-platform] [hivemq] [f969c912] INFO  - [HiveMQ Platform Operator Init App 1.7.0-SNAPSHOT] Waiting up to 600s for at most 1 HiveMQ nodes in cluster service hivemq-test-hivemq-platform-cluster.helmpodsecuritycontextupgradeextensionit.svc
2025-01-29 22:14:14,963 INFO c.h.h.t.HelmChartContainer - [test-hivemq-platform] [hivemq] [f969c912] INFO  - [HiveMQ Platform Operator Init App 1.7.0-SNAPSHOT] Resolved 1 IP addresses: [10.42.0.8]
2025-01-29 22:14:14,963 INFO c.h.h.t.HelmChartContainer - [test-hivemq-platform] [hivemq] [f969c912] INFO  - [HiveMQ Platform Operator Init App 1.7.0-SNAPSHOT] HiveMQ node count of 1 is within threshold of 1
2025-01-29 22:14:14,963 INFO c.h.h.t.HelmChartContainer - [test-hivemq-platform] [hivemq] [f969c912] INFO  - [HiveMQ Platform Operator Init App 1.7.0-SNAPSHOT] Proceeding with container start
2025-01-29 22:14:15,056 INFO c.h.h.t.HelmChartContainer - [test-hivemq-platform] [hivemq] [f969c912] INFO  - [HiveMQ Platform Operator Init App 1.7.0-SNAPSHOT] Initializing HiveMQ Platform extensions with initial configuration: {hivemq-distributed-tracing-extension={start-priority=-1, skip-https-hostname-verification=false, restart=false, config-version=765, header-version=0, c-uri=, priority=-1, uri=preinstalled, skip-https-certificate-validation=false, enabled=true}, hivemq-prometheus-extension={enabled=true, request-header-path=no-request-headers, uri=preinstalled, skip-https-certificate-validation=false, skip-https-hostname-verification=false, c-uri=, start-priority=-1, priority=-1, restart=true}}
2025-01-29 22:14:15,533 INFO c.h.h.t.HelmChartContainer - [test-hivemq-platform] [hivemq] [f969c912] INFO  - [HiveMQ Platform Operator Init App 1.7.0-SNAPSHOT] Successfully enabled extension hivemq-distributed-tracing-extension
2025-01-29 22:14:15,550 INFO c.h.h.t.HelmChartContainer - [test-hivemq-platform] [hivemq] [f969c912] INFO  - [HiveMQ Platform Operator Init App 1.7.0-SNAPSHOT] Successfully enabled extension hivemq-prometheus-extension
2025-01-29 22:14:15,552 INFO c.h.h.t.HelmChartContainer - [test-hivemq-platform] [hivemq] [f969c912] INFO  - [HiveMQ Platform Operator Init App 1.7.0-SNAPSHOT] Starting HiveMQ Platform version 4.36.0 (4.36.0)
2025-01-29 22:14:15,554 INFO c.h.h.t.HelmChartContainer - [test-hivemq-platform] [hivemq] [f969c912] INFO  - [HiveMQ Platform Operator Init App 1.7.0-SNAPSHOT] Configuring the HiveMQ Platform
2025-01-29 22:14:15,639 INFO c.h.h.t.HelmChartContainer - [test-hivemq-platform] [hivemq] [f969c912] INFO  - [HiveMQ Platform Operator Init App 1.7.0-SNAPSHOT] Changed logback.xml file scan period to 20 seconds
2025-01-29 22:14:15,731 INFO c.h.h.t.HelmChartContainer - [test-hivemq-platform] [hivemq] [f969c912] INFO  - [HiveMQ Platform Operator Init App 1.7.0-SNAPSHOT] Starting the HiveMQ Platform
2025-01-29 22:14:15,734 INFO c.h.h.t.HelmChartContainer - [test-hivemq-platform] [hivemq] [f969c912] -------------------------------------------------------------------------
2025-01-29 22:14:15,734 INFO c.h.h.t.HelmChartContainer - [test-hivemq-platform] [hivemq] [f969c912] 
2025-01-29 22:14:15,734 INFO c.h.h.t.HelmChartContainer - [test-hivemq-platform] [hivemq] [f969c912]                   _    _  _              __  __   ____
2025-01-29 22:14:15,735 INFO c.h.h.t.HelmChartContainer - [test-hivemq-platform] [hivemq] [f969c912]                  | |  | |(_)            |  \/  | / __ \
2025-01-29 22:14:15,735 INFO c.h.h.t.HelmChartContainer - [test-hivemq-platform] [hivemq] [f969c912]                  | |__| | _ __   __ ___ | \  / || |  | |
2025-01-29 22:14:15,735 INFO c.h.h.t.HelmChartContainer - [test-hivemq-platform] [hivemq] [f969c912]                  |  __  || |\ \ / // _ \| |\/| || |  | |
2025-01-29 22:14:15,735 INFO c.h.h.t.HelmChartContainer - [test-hivemq-platform] [hivemq] [f969c912]                  | |  | || | \ V /|  __/| |  | || |__| |
2025-01-29 22:14:15,735 INFO c.h.h.t.HelmChartContainer - [test-hivemq-platform] [hivemq] [f969c912]                  |_|  |_||_|  \_/  \___||_|  |_| \___\_\
2025-01-29 22:14:15,735 INFO c.h.h.t.HelmChartContainer - [test-hivemq-platform] [hivemq] [f969c912] 
2025-01-29 22:14:15,735 INFO c.h.h.t.HelmChartContainer - [test-hivemq-platform] [hivemq] [f969c912] -------------------------------------------------------------------------
2025-01-29 22:14:15,736 INFO c.h.h.t.HelmChartContainer - [test-hivemq-platform] [hivemq] [f969c912] 
2025-01-29 22:14:15,736 INFO c.h.h.t.HelmChartContainer - [test-hivemq-platform] [hivemq] [f969c912]   HiveMQ Start Script for Linux/Unix v1.14
2025-01-29 22:14:15,736 INFO c.h.h.t.HelmChartContainer - [test-hivemq-platform] [hivemq] [f969c912] 
2025-01-29 22:14:15,764 INFO c.h.h.t.HelmChartContainer - [test-hivemq-platform] [hivemq] [f969c912] -------------------------------------------------------------------------
2025-01-29 22:14:15,765 INFO c.h.h.t.HelmChartContainer - [test-hivemq-platform] [hivemq] [f969c912] 
2025-01-29 22:14:15,765 INFO c.h.h.t.HelmChartContainer - [test-hivemq-platform] [hivemq] [f969c912]   HIVEMQ_HOME: /opt/hivemq
2025-01-29 22:14:15,765 INFO c.h.h.t.HelmChartContainer - [test-hivemq-platform] [hivemq] [f969c912] 
2025-01-29 22:14:15,765 INFO c.h.h.t.HelmChartContainer - [test-hivemq-platform] [hivemq] [f969c912]   JAVA_OPTS: -XX:+UnlockExperimentalVMOptions -XX:InitialRAMPercentage=50 -XX:MaxRAMPercentage=50 -Djava.net.preferIPv4Stack=true --add-opens java.base/java.lang=ALL-UNNAMED --add-opens java.base/java.nio=ALL-UNNAMED --add-opens java.base/sun.nio.ch=ALL-UNNAMED --add-opens jdk.management/com.sun.management.internal=ALL-UNNAMED --add-exports java.base/jdk.internal.misc=ALL-UNNAMED -Djava.security.egd=file:/dev/./urandom -Dcom.sun.management.jmxremote -Dcom.sun.management.jmxremote.port=9010 -Dcom.sun.management.jmxremote.local.only=false -Dcom.sun.management.jmxremote.authenticate=false -Dcom.sun.management.jmxremote.ssl=false -Duser.language=en -Duser.region=US -XX:+CrashOnOutOfMemoryError -XX:+HeapDumpOnOutOfMemoryError
2025-01-29 22:14:15,765 INFO c.h.h.t.HelmChartContainer - [test-hivemq-platform] [hivemq] [f969c912] 
2025-01-29 22:14:15,765 INFO c.h.h.t.HelmChartContainer - [test-hivemq-platform] [hivemq] [f969c912]   JAVA_VERSION: 21
2025-01-29 22:14:15,765 INFO c.h.h.t.HelmChartContainer - [test-hivemq-platform] [hivemq] [f969c912] 
2025-01-29 22:14:15,765 INFO c.h.h.t.HelmChartContainer - [test-hivemq-platform] [hivemq] [f969c912] -------------------------------------------------------------------------
2025-01-29 22:14:15,765 INFO c.h.h.t.HelmChartContainer - [test-hivemq-platform] [hivemq] [f969c912] 
2025-01-29 22:14:16,650 INFO c.h.h.t.HelmChartContainer - [test-hivemq-platform] [hivemq] [f969c912] INFO  - [HiveMQ Platform Operator Init App 1.7.0-SNAPSHOT] Returning default Health API response 503 for readiness
2025-01-29 22:14:17,135 INFO c.h.h.t.HelmChartContainer - [EVENT] Warning [Unhealthy] Readiness probe failed: HTTP probe failed with statuscode: 503 [helmpodsecuritycontextupgradeextensionit:test-hivemq-platform-0]
2025-01-29 22:14:17,135 INFO c.h.h.t.HelmChartContainer - Received Unhealthy event for container hivemq in pod test-hivemq-platform-0 [f969c912-24a4-49b4-9367-e34a27032a6b]
2025-01-29 22:14:18,531 INFO c.h.h.t.HelmChartContainer - [test-hivemq-platform] [hivemq] [f969c912] INFO  - Starting HiveMQ Enterprise Server
2025-01-29 22:14:18,538 INFO c.h.h.t.HelmChartContainer - [test-hivemq-platform] [hivemq] [f969c912] INFO  - HiveMQ version: 4.36.0
2025-01-29 22:14:18,538 INFO c.h.h.t.HelmChartContainer - [test-hivemq-platform] [hivemq] [f969c912] INFO  - HiveMQ home directory: /opt/hivemq
2025-01-29 22:14:18,538 INFO c.h.h.t.HelmChartContainer - [test-hivemq-platform] [hivemq] [f969c912] INFO  - Log Configuration was overridden by /opt/hivemq/conf/logback.xml
2025-01-29 22:14:19,936 INFO c.h.h.t.HelmChartContainer - [test-hivemq-platform] [hivemq] [f969c912] INFO  - Successfully loaded configuration from '/opt/hivemq/conf-k8s/config.xml'.
2025-01-29 22:14:20,657 INFO c.h.h.t.HelmChartContainer - [hivemq-test-hivemq-platform] [hivemq-platform-operator] [dfbee245] 22:14:20.656 [pool-6-thread-19] DEBUG c.h.p.o.d.PlatformServiceResource - [helmpods] Desired Platform services (3 services)
2025-01-29 22:14:20,658 INFO c.h.h.t.HelmChartContainer - [hivemq-test-hivemq-platform] [hivemq-platform-operator] [dfbee245] 22:14:20.657 [pool-6-thread-14] DEBUG c.h.p.o.d.PodServiceAccountResource - [helmpods] Desired PodServiceAccountResource (serviceAccountName: hivemq-platform-pod-test-hivemq-platform)
2025-01-29 22:14:20,660 INFO c.h.h.t.HelmChartContainer - [hivemq-test-hivemq-platform] [hivemq-platform-operator] [dfbee245] 22:14:20.659 [pool-6-thread-15] DEBUG c.h.p.o.dependants.PodInfoConfigMap - [helmpods] Desired PodInfo ConfigMap (1 extensions) (1 enabled)
2025-01-29 22:14:20,661 INFO c.h.h.t.HelmChartContainer - [hivemq-test-hivemq-platform] [hivemq-platform-operator] [dfbee245] 22:14:20.660 [pool-6-thread-15] DEBUG c.h.p.o.dependants.PodInfoConfigMap - [helmpods] Desired PodInfo ConfigMap (metrics port: 9399) (metrics path: /)
2025-01-29 22:14:20,661 INFO c.h.h.t.HelmChartContainer - [hivemq-test-hivemq-platform] [hivemq-platform-operator] [dfbee245] 22:14:20.660 [pool-6-thread-15] DEBUG c.h.p.o.dependants.PodInfoConfigMap - [helmpods] Desired PodInfo ConfigMap (extension state hash: -1669998472)
2025-01-29 22:14:20,665 INFO c.h.h.t.HelmChartContainer - [hivemq-test-hivemq-platform] [hivemq-platform-operator] [dfbee245] 22:14:20.663 [pool-6-thread-11] DEBUG c.h.p.o.d.StatefulSetResource - [helmpods] Desired StatefulSet (1 replicas) for status STARTING (READY)
2025-01-29 22:14:20,669 INFO c.h.h.t.HelmChartContainer - [hivemq-test-hivemq-platform] [hivemq-platform-operator] [dfbee245] 22:14:20.668 [ReconcilerExecutor-hivemq-controller-109] INFO  c.h.p.o.HiveMQPlatformReconciler - [helmpods] Reconciling HiveMQ Platform 'test-hivemq-platform' in namespace 'helmpodsecuritycontextupgradeextensionit'
2025-01-29 22:14:20,670 INFO c.h.h.t.HelmChartContainer - [hivemq-test-hivemq-platform] [hivemq-platform-operator] [dfbee245] 22:14:20.668 [ReconcilerExecutor-hivemq-controller-109] DEBUG c.h.p.o.HiveMQPlatformReconciler - [helmpods] Custom Resource Status STARTING - HiveMQ Platform is starting (READY)
2025-01-29 22:14:20,670 INFO c.h.h.t.HelmChartContainer - [hivemq-test-hivemq-platform] [hivemq-platform-operator] [dfbee245] 22:14:20.668 [ReconcilerExecutor-hivemq-controller-109] DEBUG c.h.p.o.HiveMQPlatformReconciler - [helmpods] Custom Resource Spec (replicas: 1) (extensions: 1)
2025-01-29 22:14:20,672 INFO c.h.h.t.HelmChartContainer - [hivemq-test-hivemq-platform] [hivemq-platform-operator] [dfbee245] 22:14:20.671 [ReconcilerExecutor-hivemq-controller-109] DEBUG c.h.p.o.HiveMQPlatformReconciler - [helmpods] StatefulSet Status (revision: test-hivemq-platform-6778d7488d, replicas: 1, available: 0, ready: 0, current: 1, updated: 1)
2025-01-29 22:14:20,672 INFO c.h.h.t.HelmChartContainer - [hivemq-test-hivemq-platform] [hivemq-platform-operator] [dfbee245] 22:14:20.671 [ReconcilerExecutor-hivemq-controller-109] DEBUG c.h.p.o.HiveMQPlatformReconciler - [helmpods] StatefulSet Spec (replicas: 1, init containers: 1, containers: 1, volumes: 4)
2025-01-29 22:14:20,674 INFO c.h.h.t.HelmChartContainer - [hivemq-test-hivemq-platform] [hivemq-platform-operator] [dfbee245] 22:14:20.672 [ReconcilerExecutor-hivemq-controller-109] DEBUG c.h.p.o.h.HiveMQPlatformReconcilerErrorHandler - [helmpods] Pod 'test-hivemq-platform-0' phase Running
2025-01-29 22:14:20,674 INFO c.h.h.t.HelmChartContainer - [hivemq-test-hivemq-platform] [hivemq-platform-operator] [dfbee245] 22:14:20.673 [ReconcilerExecutor-hivemq-controller-109] INFO  c.h.p.o.h.HiveMQPlatformReconcilerBaseHandler - [helmpods] HiveMQ Platform is starting, 0 of 1 replicas are ready
2025-01-29 22:14:20,751 INFO c.h.h.t.HelmChartContainer - [test-hivemq-platform] [hivemq] [f969c912] INFO  - This node's ID is hWtJL
2025-01-29 22:14:20,751 INFO c.h.h.t.HelmChartContainer - [test-hivemq-platform] [hivemq] [f969c912] INFO  - Clustering is enabled
2025-01-29 22:14:22,153 INFO c.h.h.t.HelmChartContainer - [test-hivemq-platform] [hivemq] [f969c912] WARN  - [HiveMQ Platform Operator Init App 1.7.0-SNAPSHOT] Cannot connect to Health API for readiness: null
2025-01-29 22:14:22,157 INFO c.h.h.t.HelmChartContainer - [EVENT] Warning [Unhealthy] Readiness probe failed: HTTP probe failed with statuscode: 503 [helmpodsecuritycontextupgradeextensionit:test-hivemq-platform-0]
2025-01-29 22:14:22,157 INFO c.h.h.t.HelmChartContainer - Received Unhealthy event for container hivemq in pod test-hivemq-platform-0 [f969c912-24a4-49b4-9367-e34a27032a6b]
2025-01-29 22:14:24,853 INFO c.h.h.t.HelmChartContainer - [test-hivemq-platform] [hivemq] [f969c912] Jan 29, 2025 10:14:24 PM io.vertx.core.impl.BlockedThreadChecker
2025-01-29 22:14:24,853 INFO c.h.h.t.HelmChartContainer - [test-hivemq-platform] [hivemq] [f969c912] WARNING: Thread Thread[vert.x-eventloop-thread-1,5,main] has been blocked for 2196 ms, time limit is 2000 ms
2025-01-29 22:14:25,446 INFO c.h.h.t.HelmChartContainer - [test-hivemq-platform] [hivemq] [f969c912] INFO  - [HiveMQ Platform Operator Init App 1.7.0-SNAPSHOT] Updating Pod HiveMQ Platform Operator Init App version annotation (version: 1.7.0-SNAPSHOT)
2025-01-29 22:14:26,058 INFO c.h.h.t.HelmChartContainer - [POD] test-hivemq-platform-0 [f969c912-24a4-49b4-9367-e34a27032a6b] in helmpodsecuritycontextupgradeextensionit was MODIFIED
2025-01-29 22:14:26,065 INFO c.h.h.t.HelmChartContainer - [hivemq-test-hivemq-platform] [hivemq-platform-operator] [dfbee245] 22:14:26.062 [pool-6-thread-22] DEBUG c.h.p.o.d.PlatformServiceResource - [helmpods] Desired Platform services (3 services)
2025-01-29 22:14:26,067 INFO c.h.h.t.HelmChartContainer - [hivemq-test-hivemq-platform] [hivemq-platform-operator] [dfbee245] 22:14:26.067 [pool-6-thread-24] DEBUG c.h.p.o.dependants.PodInfoConfigMap - [helmpods] Desired PodInfo ConfigMap (1 extensions) (1 enabled)
2025-01-29 22:14:26,068 INFO c.h.h.t.HelmChartContainer - [hivemq-test-hivemq-platform] [hivemq-platform-operator] [dfbee245] 22:14:26.067 [pool-6-thread-24] DEBUG c.h.p.o.dependants.PodInfoConfigMap - [helmpods] Desired PodInfo ConfigMap (metrics port: 9399) (metrics path: /)
2025-01-29 22:14:26,068 INFO c.h.h.t.HelmChartContainer - [hivemq-test-hivemq-platform] [hivemq-platform-operator] [dfbee245] 22:14:26.067 [pool-6-thread-24] DEBUG c.h.p.o.dependants.PodInfoConfigMap - [helmpods] Desired PodInfo ConfigMap (extension state hash: -1669998472)
2025-01-29 22:14:26,069 INFO c.h.h.t.HelmChartContainer - [hivemq-test-hivemq-platform] [hivemq-platform-operator] [dfbee245] 22:14:26.066 [pool-6-thread-21] DEBUG c.h.p.o.d.PodServiceAccountResource - [helmpods] Desired PodServiceAccountResource (serviceAccountName: hivemq-platform-pod-test-hivemq-platform)
2025-01-29 22:14:26,073 INFO c.h.h.t.HelmChartContainer - [hivemq-test-hivemq-platform] [hivemq-platform-operator] [dfbee245] 22:14:26.072 [pool-6-thread-25] DEBUG c.h.p.o.d.StatefulSetResource - [helmpods] Desired StatefulSet (1 replicas) for status STARTING (READY)
2025-01-29 22:14:26,144 INFO c.h.h.t.HelmChartContainer - [hivemq-test-hivemq-platform] [hivemq-platform-operator] [dfbee245] 22:14:26.142 [ReconcilerExecutor-hivemq-controller-110] INFO  c.h.p.o.HiveMQPlatformReconciler - [helmpods] Reconciling HiveMQ Platform 'test-hivemq-platform' in namespace 'helmpodsecuritycontextupgradeextensionit'
2025-01-29 22:14:26,145 INFO c.h.h.t.HelmChartContainer - [hivemq-test-hivemq-platform] [hivemq-platform-operator] [dfbee245] 22:14:26.142 [ReconcilerExecutor-hivemq-controller-110] DEBUG c.h.p.o.HiveMQPlatformReconciler - [helmpods] Custom Resource Status STARTING - HiveMQ Platform is starting (READY)
2025-01-29 22:14:26,145 INFO c.h.h.t.HelmChartContainer - [hivemq-test-hivemq-platform] [hivemq-platform-operator] [dfbee245] 22:14:26.142 [ReconcilerExecutor-hivemq-controller-110] DEBUG c.h.p.o.HiveMQPlatformReconciler - [helmpods] Custom Resource Spec (replicas: 1) (extensions: 1)
2025-01-29 22:14:26,146 INFO c.h.h.t.HelmChartContainer - [hivemq-test-hivemq-platform] [hivemq-platform-operator] [dfbee245] 22:14:26.146 [ReconcilerExecutor-hivemq-controller-110] DEBUG c.h.p.o.HiveMQPlatformReconciler - [helmpods] StatefulSet Status (revision: test-hivemq-platform-6778d7488d, replicas: 1, available: 0, ready: 0, current: 1, updated: 1)
2025-01-29 22:14:26,147 INFO c.h.h.t.HelmChartContainer - [hivemq-test-hivemq-platform] [hivemq-platform-operator] [dfbee245] 22:14:26.146 [ReconcilerExecutor-hivemq-controller-110] DEBUG c.h.p.o.HiveMQPlatformReconciler - [helmpods] StatefulSet Spec (replicas: 1, init containers: 1, containers: 1, volumes: 4)
2025-01-29 22:14:26,158 INFO c.h.h.t.HelmChartContainer - [hivemq-test-hivemq-platform] [hivemq-platform-operator] [dfbee245] 22:14:26.156 [ReconcilerExecutor-hivemq-controller-110] DEBUG c.h.p.o.h.HiveMQPlatformReconcilerErrorHandler - [helmpods] Pod 'test-hivemq-platform-0' phase Running
2025-01-29 22:14:26,160 INFO c.h.h.t.HelmChartContainer - [hivemq-test-hivemq-platform] [hivemq-platform-operator] [dfbee245] 22:14:26.159 [ReconcilerExecutor-hivemq-controller-110] INFO  c.h.p.o.h.HiveMQPlatformReconcilerBaseHandler - [helmpods] HiveMQ Platform is starting, 0 of 1 replicas are ready
2025-01-29 22:14:26,234 INFO c.h.h.t.HelmChartContainer - [test-hivemq-platform] [hivemq] [f969c912] WARN  - [HiveMQ Platform Operator Init App 1.7.0-SNAPSHOT] Cannot connect to Health API for readiness: null
2025-01-29 22:14:26,238 INFO c.h.h.t.HelmChartContainer - [EVENT] Warning [Unhealthy] Readiness probe failed: HTTP probe failed with statuscode: 503 [helmpodsecuritycontextupgradeextensionit:test-hivemq-platform-0]
2025-01-29 22:14:26,238 INFO c.h.h.t.HelmChartContainer - Received Unhealthy event for container hivemq in pod test-hivemq-platform-0 [f969c912-24a4-49b4-9367-e34a27032a6b]
2025-01-29 22:14:26,252 INFO c.h.h.t.HelmChartContainer - [test-hivemq-platform] [hivemq] [f969c912] INFO  - [HiveMQ Platform Operator Init App 1.7.0-SNAPSHOT] Successfully updated Pod HiveMQ Platform Operator Init App version annotation (version: 1.7.0-SNAPSHOT)
2025-01-29 22:14:31,061 INFO c.h.h.t.HelmChartContainer - [test-hivemq-platform] [hivemq] [f969c912] WARN  - [HiveMQ Platform Operator Init App 1.7.0-SNAPSHOT] Cannot connect to Health API for readiness: null
2025-01-29 22:14:31,065 INFO c.h.h.t.HelmChartContainer - [EVENT] Warning [Unhealthy] Readiness probe failed: HTTP probe failed with statuscode: 503 [helmpodsecuritycontextupgradeextensionit:test-hivemq-platform-0]
2025-01-29 22:14:31,065 INFO c.h.h.t.HelmChartContainer - Received Unhealthy event for container hivemq in pod test-hivemq-platform-0 [f969c912-24a4-49b4-9367-e34a27032a6b]
2025-01-29 22:14:36,061 INFO c.h.h.t.HelmChartContainer - [test-hivemq-platform] [hivemq] [f969c912] WARN  - [HiveMQ Platform Operator Init App 1.7.0-SNAPSHOT] Cannot connect to Health API for readiness: null
2025-01-29 22:14:36,152 INFO c.h.h.t.HelmChartContainer - [EVENT] Warning [Unhealthy] Readiness probe failed: HTTP probe failed with statuscode: 503 [helmpodsecuritycontextupgradeextensionit:test-hivemq-platform-0]
2025-01-29 22:14:36,152 INFO c.h.h.t.HelmChartContainer - Received Unhealthy event for container hivemq in pod test-hivemq-platform-0 [f969c912-24a4-49b4-9367-e34a27032a6b]
2025-01-29 22:14:36,164 INFO c.h.h.t.HelmChartContainer - [hivemq-test-hivemq-platform] [hivemq-platform-operator] [dfbee245] 22:14:36.163 [pool-6-thread-36] DEBUG c.h.p.o.d.PlatformServiceResource - [helmpods] Desired Platform services (3 services)
2025-01-29 22:14:36,166 INFO c.h.h.t.HelmChartContainer - [hivemq-test-hivemq-platform] [hivemq-platform-operator] [dfbee245] 22:14:36.164 [pool-6-thread-35] DEBUG c.h.p.o.dependants.PodInfoConfigMap - [helmpods] Desired PodInfo ConfigMap (1 extensions) (1 enabled)
2025-01-29 22:14:36,167 INFO c.h.h.t.HelmChartContainer - [hivemq-test-hivemq-platform] [hivemq-platform-operator] [dfbee245] 22:14:36.164 [pool-6-thread-35] DEBUG c.h.p.o.dependants.PodInfoConfigMap - [helmpods] Desired PodInfo ConfigMap (metrics port: 9399) (metrics path: /)
2025-01-29 22:14:36,167 INFO c.h.h.t.HelmChartContainer - [hivemq-test-hivemq-platform] [hivemq-platform-operator] [dfbee245] 22:14:36.164 [pool-6-thread-35] DEBUG c.h.p.o.dependants.PodInfoConfigMap - [helmpods] Desired PodInfo ConfigMap (extension state hash: -1669998472)
2025-01-29 22:14:36,168 INFO c.h.h.t.HelmChartContainer - [hivemq-test-hivemq-platform] [hivemq-platform-operator] [dfbee245] 22:14:36.167 [pool-6-thread-37] DEBUG c.h.p.o.d.PodServiceAccountResource - [helmpods] Desired PodServiceAccountResource (serviceAccountName: hivemq-platform-pod-test-hivemq-platform)
2025-01-29 22:14:36,171 INFO c.h.h.t.HelmChartContainer - [hivemq-test-hivemq-platform] [hivemq-platform-operator] [dfbee245] 22:14:36.170 [pool-6-thread-31] DEBUG c.h.p.o.d.StatefulSetResource - [helmpods] Desired StatefulSet (1 replicas) for status STARTING (READY)
2025-01-29 22:14:36,176 INFO c.h.h.t.HelmChartContainer - [hivemq-test-hivemq-platform] [hivemq-platform-operator] [dfbee245] 22:14:36.175 [ReconcilerExecutor-hivemq-controller-111] INFO  c.h.p.o.HiveMQPlatformReconciler - [helmpods] Reconciling HiveMQ Platform 'test-hivemq-platform' in namespace 'helmpodsecuritycontextupgradeextensionit'
2025-01-29 22:14:36,176 INFO c.h.h.t.HelmChartContainer - [hivemq-test-hivemq-platform] [hivemq-platform-operator] [dfbee245] 22:14:36.175 [ReconcilerExecutor-hivemq-controller-111] DEBUG c.h.p.o.HiveMQPlatformReconciler - [helmpods] Custom Resource Status STARTING - HiveMQ Platform is starting (READY)
2025-01-29 22:14:36,177 INFO c.h.h.t.HelmChartContainer - [hivemq-test-hivemq-platform] [hivemq-platform-operator] [dfbee245] 22:14:36.175 [ReconcilerExecutor-hivemq-controller-111] DEBUG c.h.p.o.HiveMQPlatformReconciler - [helmpods] Custom Resource Spec (replicas: 1) (extensions: 1)
2025-01-29 22:14:36,179 INFO c.h.h.t.HelmChartContainer - [hivemq-test-hivemq-platform] [hivemq-platform-operator] [dfbee245] 22:14:36.176 [ReconcilerExecutor-hivemq-controller-111] DEBUG c.h.p.o.HiveMQPlatformReconciler - [helmpods] StatefulSet Status (revision: test-hivemq-platform-6778d7488d, replicas: 1, available: 0, ready: 0, current: 1, updated: 1)
2025-01-29 22:14:36,179 INFO c.h.h.t.HelmChartContainer - [hivemq-test-hivemq-platform] [hivemq-platform-operator] [dfbee245] 22:14:36.176 [ReconcilerExecutor-hivemq-controller-111] DEBUG c.h.p.o.HiveMQPlatformReconciler - [helmpods] StatefulSet Spec (replicas: 1, init containers: 1, containers: 1, volumes: 4)
2025-01-29 22:14:36,180 INFO c.h.h.t.HelmChartContainer - [hivemq-test-hivemq-platform] [hivemq-platform-operator] [dfbee245] 22:14:36.178 [ReconcilerExecutor-hivemq-controller-111] DEBUG c.h.p.o.h.HiveMQPlatformReconcilerErrorHandler - [helmpods] Pod 'test-hivemq-platform-0' phase Running
2025-01-29 22:14:36,181 INFO c.h.h.t.HelmChartContainer - [hivemq-test-hivemq-platform] [hivemq-platform-operator] [dfbee245] 22:14:36.179 [ReconcilerExecutor-hivemq-controller-111] INFO  c.h.p.o.h.HiveMQPlatformReconcilerBaseHandler - [helmpods] HiveMQ Platform is starting, 0 of 1 replicas are ready
2025-01-29 22:14:37,348 INFO c.h.h.t.HelmChartContainer - [test-hivemq-platform] [hivemq] [f969c912] INFO  - No valid license file found. Using trial license, restricted to 25 connections.
2025-01-29 22:14:37,851 INFO c.h.h.t.HelmChartContainer - [test-hivemq-platform] [hivemq] [f969c912] WARN  - [HiveMQ Platform Operator Init App 1.7.0-SNAPSHOT] Cannot connect to Health API for liveness: null
2025-01-29 22:14:37,852 INFO c.h.h.t.HelmChartContainer - [test-hivemq-platform] [hivemq] [f969c912] INFO  - [HiveMQ Platform Operator Init App 1.7.0-SNAPSHOT] Returning default Health API response 200 for liveness
2025-01-29 22:14:40,646 INFO c.h.h.t.HelmChartContainer - [test-hivemq-platform] [hivemq] [f969c912] INFO  - No valid license file for Data Hub found. Using free license, restricted to 1 policy.
2025-01-29 22:14:41,145 INFO c.h.h.t.HelmChartContainer - [test-hivemq-platform] [hivemq] [f969c912] WARN  - [HiveMQ Platform Operator Init App 1.7.0-SNAPSHOT] Cannot connect to Health API for readiness: null
2025-01-29 22:14:41,151 INFO c.h.h.t.HelmChartContainer - [EVENT] Warning [Unhealthy] Readiness probe failed: HTTP probe failed with statuscode: 503 [helmpodsecuritycontextupgradeextensionit:test-hivemq-platform-0]
2025-01-29 22:14:41,151 INFO c.h.h.t.HelmChartContainer - Received Unhealthy event for container hivemq in pod test-hivemq-platform-0 [f969c912-24a4-49b4-9367-e34a27032a6b]
2025-01-29 22:14:41,854 INFO c.h.h.t.HelmChartContainer - [test-hivemq-platform] [hivemq] [f969c912] INFO  - Audit Logger started.
2025-01-29 22:14:42,256 INFO c.h.h.t.HelmChartContainer - [test-hivemq-platform] [hivemq] [f969c912] INFO  - This node uses '1' CPU cores.
2025-01-29 22:14:42,260 INFO c.h.h.t.HelmChartContainer - [test-hivemq-platform] [hivemq] [f969c912] INFO  - Starting HiveMQ Health API on address 0.0.0.0 and port 8889
2025-01-29 22:14:43,063 INFO c.h.h.t.HelmChartContainer - [test-hivemq-platform] [hivemq] [f969c912] INFO  - Started HiveMQ Health API in 802ms
2025-01-29 22:14:43,577 INFO c.h.h.t.HelmChartContainer - [test-hivemq-platform] [hivemq] [f969c912] INFO  - Starting HiveMQ extension system.
2025-01-29 22:14:45,453 INFO c.h.h.t.HelmChartContainer - [test-hivemq-platform] [hivemq] [f969c912] INFO  - No license found for enterprise extension with name "HiveMQ Enterprise Distributed Tracing Extension". Entering extension trial mode. "HiveMQ Enterprise Distributed Tracing Extension" will be disabled in 5 hours.
2025-01-29 22:14:45,647 INFO c.h.h.t.HelmChartContainer - [test-hivemq-platform] [hivemq] [f969c912] INFO  - Starting extension with id "hivemq-dns-cluster-discovery" at /opt/hivemq/extensions/hivemq-dns-cluster-discovery
2025-01-29 22:14:46,145 INFO c.h.h.t.HelmChartContainer - [test-hivemq-platform] [hivemq] [f969c912] INFO  - Using TCP cluster transport on address 10.42.0.8 and port 7000
2025-01-29 22:14:46,152 INFO c.h.h.t.HelmChartContainer - [test-hivemq-platform] [hivemq] [f969c912] INFO  - Using extension cluster discovery
2025-01-29 22:14:46,185 INFO c.h.h.t.HelmChartContainer - [hivemq-test-hivemq-platform] [hivemq-platform-operator] [dfbee245] 22:14:46.183 [pool-6-thread-48] DEBUG c.h.p.o.d.PlatformServiceResource - [helmpods] Desired Platform services (3 services)
2025-01-29 22:14:46,189 INFO c.h.h.t.HelmChartContainer - [hivemq-test-hivemq-platform] [hivemq-platform-operator] [dfbee245] 22:14:46.184 [pool-6-thread-46] DEBUG c.h.p.o.d.PodServiceAccountResource - [helmpods] Desired PodServiceAccountResource (serviceAccountName: hivemq-platform-pod-test-hivemq-platform)
2025-01-29 22:14:46,189 INFO c.h.h.t.HelmChartContainer - [hivemq-test-hivemq-platform] [hivemq-platform-operator] [dfbee245] 22:14:46.184 [pool-6-thread-47] DEBUG c.h.p.o.dependants.PodInfoConfigMap - [helmpods] Desired PodInfo ConfigMap (1 extensions) (1 enabled)
2025-01-29 22:14:46,189 INFO c.h.h.t.HelmChartContainer - [hivemq-test-hivemq-platform] [hivemq-platform-operator] [dfbee245] 22:14:46.187 [pool-6-thread-47] DEBUG c.h.p.o.dependants.PodInfoConfigMap - [helmpods] Desired PodInfo ConfigMap (metrics port: 9399) (metrics path: /)
2025-01-29 22:14:46,189 INFO c.h.h.t.HelmChartContainer - [hivemq-test-hivemq-platform] [hivemq-platform-operator] [dfbee245] 22:14:46.187 [pool-6-thread-47] DEBUG c.h.p.o.dependants.PodInfoConfigMap - [helmpods] Desired PodInfo ConfigMap (extension state hash: -1669998472)
2025-01-29 22:14:46,190 INFO c.h.h.t.HelmChartContainer - [hivemq-test-hivemq-platform] [hivemq-platform-operator] [dfbee245] 22:14:46.190 [pool-6-thread-48] DEBUG c.h.p.o.d.StatefulSetResource - [helmpods] Desired StatefulSet (1 replicas) for status STARTING (READY)
2025-01-29 22:14:46,197 INFO c.h.h.t.HelmChartContainer - [hivemq-test-hivemq-platform] [hivemq-platform-operator] [dfbee245] 22:14:46.193 [ReconcilerExecutor-hivemq-controller-112] INFO  c.h.p.o.HiveMQPlatformReconciler - [helmpods] Reconciling HiveMQ Platform 'test-hivemq-platform' in namespace 'helmpodsecuritycontextupgradeextensionit'
2025-01-29 22:14:46,197 INFO c.h.h.t.HelmChartContainer - [hivemq-test-hivemq-platform] [hivemq-platform-operator] [dfbee245] 22:14:46.193 [ReconcilerExecutor-hivemq-controller-112] DEBUG c.h.p.o.HiveMQPlatformReconciler - [helmpods] Custom Resource Status STARTING - HiveMQ Platform is starting (READY)
2025-01-29 22:14:46,197 INFO c.h.h.t.HelmChartContainer - [hivemq-test-hivemq-platform] [hivemq-platform-operator] [dfbee245] 22:14:46.193 [ReconcilerExecutor-hivemq-controller-112] DEBUG c.h.p.o.HiveMQPlatformReconciler - [helmpods] Custom Resource Spec (replicas: 1) (extensions: 1)
2025-01-29 22:14:46,197 INFO c.h.h.t.HelmChartContainer - [hivemq-test-hivemq-platform] [hivemq-platform-operator] [dfbee245] 22:14:46.194 [ReconcilerExecutor-hivemq-controller-112] DEBUG c.h.p.o.HiveMQPlatformReconciler - [helmpods] StatefulSet Status (revision: test-hivemq-platform-6778d7488d, replicas: 1, available: 0, ready: 0, current: 1, updated: 1)
2025-01-29 22:14:46,197 INFO c.h.h.t.HelmChartContainer - [hivemq-test-hivemq-platform] [hivemq-platform-operator] [dfbee245] 22:14:46.194 [ReconcilerExecutor-hivemq-controller-112] DEBUG c.h.p.o.HiveMQPlatformReconciler - [helmpods] StatefulSet Spec (replicas: 1, init containers: 1, containers: 1, volumes: 4)
2025-01-29 22:14:46,199 INFO c.h.h.t.HelmChartContainer - [hivemq-test-hivemq-platform] [hivemq-platform-operator] [dfbee245] 22:14:46.198 [ReconcilerExecutor-hivemq-controller-112] DEBUG c.h.p.o.h.HiveMQPlatformReconcilerErrorHandler - [helmpods] Pod 'test-hivemq-platform-0' phase Running
2025-01-29 22:14:46,200 INFO c.h.h.t.HelmChartContainer - [hivemq-test-hivemq-platform] [hivemq-platform-operator] [dfbee245] 22:14:46.199 [ReconcilerExecutor-hivemq-controller-112] INFO  c.h.p.o.h.HiveMQPlatformReconcilerBaseHandler - [helmpods] HiveMQ Platform is starting, 0 of 1 replicas are ready
2025-01-29 22:14:46,353 INFO c.h.h.t.HelmChartContainer - [test-hivemq-platform] [hivemq] [f969c912] INFO  - Extension "DNS Cluster Discovery Extension" version 4.3.2 started successfully.
2025-01-29 22:14:46,356 INFO c.h.h.t.HelmChartContainer - [test-hivemq-platform] [hivemq] [f969c912] INFO  - Starting extension with id "hivemq-distributed-tracing-extension" at /opt/hivemq/extensions/hivemq-distributed-tracing-extension
2025-01-29 22:14:47,100 INFO c.h.h.t.HelmChartContainer - [EVENT] Warning [Unhealthy] Readiness probe failed: Get "http://10.42.0.8:7979/readiness": context deadline exceeded (Client.Timeout exceeded while awaiting headers) [helmpodsecuritycontextupgradeextensionit:test-hivemq-platform-0]
2025-01-29 22:14:47,100 INFO c.h.h.t.HelmChartContainer - Received Unhealthy event for container hivemq in pod test-hivemq-platform-0 [f969c912-24a4-49b4-9367-e34a27032a6b]
2025-01-29 22:14:47,548 INFO c.h.h.t.HelmChartContainer - [test-hivemq-platform] [hivemq] [f969c912] INFO  - [HiveMQ Platform Operator Init App 1.7.0-SNAPSHOT] Returning Health API response 503 for readiness
2025-01-29 22:14:49,147 INFO c.h.h.t.HelmChartContainer - [test-hivemq-platform] [hivemq] [f969c912] INFO  - HiveMQ Enterprise Distributed Tracing Extension: Successfully loaded configuration from '/opt/hivemq/extensions/hivemq-distributed-tracing-extension/conf/config.xml'.
2025-01-29 22:14:49,151 INFO c.h.h.t.HelmChartContainer - [test-hivemq-platform] [hivemq] [f969c912] INFO  - HiveMQ Enterprise Distributed Tracing Extension: Configured OTLP gRPC exporter 'my-otlp-grpc-exporter'.
2025-01-29 22:14:49,232 INFO c.h.h.t.HelmChartContainer - [test-hivemq-platform] [hivemq] [f969c912] INFO  - HiveMQ Enterprise Distributed Tracing Extension: Configured W3C trace propagation.
2025-01-29 22:14:49,244 INFO c.h.h.t.HelmChartContainer - [test-hivemq-platform] [hivemq] [f969c912] INFO  - Extension "HiveMQ Enterprise Distributed Tracing Extension" version 4.36.0 started successfully.
2025-01-29 22:14:49,244 INFO c.h.h.testcontainer.LogWaiterUtil - TEST Found log pattern on 'test-hivemq-platform-0': .*Extension "HiveMQ Enterprise Distributed Tracing Extension" version .* started successfully.
2025-01-29 22:14:49,246 INFO c.h.h.t.HelmChartContainer - [test-hivemq-platform] [hivemq] [f969c912] INFO  - Starting extension with id "hivemq-prometheus-extension" at /opt/hivemq/extensions/hivemq-prometheus-extension
2025-01-29 22:14:49,649 INFO c.h.h.t.HelmChartContainer - [test-hivemq-platform] [hivemq] [f969c912] INFO  - Started Jetty Server exposing Prometheus Servlet on URI http://0.0.0.0:9399/
2025-01-29 22:14:49,649 INFO c.h.h.t.HelmChartContainer - [test-hivemq-platform] [hivemq] [f969c912] INFO  - Extension "Prometheus Monitoring Extension" version 4.0.12 started successfully.
2025-01-29 22:14:49,649 INFO c.h.h.t.HelmChartContainer - [test-hivemq-platform] [hivemq] [f969c912] INFO  - Starting extension with id "hivemq-allow-all-extension" at /opt/hivemq/extensions/hivemq-allow-all-extension
2025-01-29 22:14:49,650 INFO c.h.h.t.HelmChartContainer - [test-hivemq-platform] [hivemq] [f969c912] WARN  - 
2025-01-29 22:14:49,650 INFO c.h.h.t.HelmChartContainer - [test-hivemq-platform] [hivemq] [f969c912] ################################################################################################################
2025-01-29 22:14:49,650 INFO c.h.h.t.HelmChartContainer - [test-hivemq-platform] [hivemq] [f969c912] # This HiveMQ deployment is not secure! You are lacking Authentication and Authorization.                      #
2025-01-29 22:14:49,650 INFO c.h.h.t.HelmChartContainer - [test-hivemq-platform] [hivemq] [f969c912] # Right now any MQTT client can connect to the broker with a full set of permissions.                          #
2025-01-29 22:14:49,650 INFO c.h.h.t.HelmChartContainer - [test-hivemq-platform] [hivemq] [f969c912] # For production usage, add an appropriate security extension and remove the hivemq-allow-all extension.       #
2025-01-29 22:14:49,650 INFO c.h.h.t.HelmChartContainer - [test-hivemq-platform] [hivemq] [f969c912] # You can download security extensions from the HiveMQ Marketplace (https://www.hivemq.com/extensions/).       #
2025-01-29 22:14:49,650 INFO c.h.h.t.HelmChartContainer - [test-hivemq-platform] [hivemq] [f969c912] ################################################################################################################
2025-01-29 22:14:49,650 INFO c.h.h.t.HelmChartContainer - [test-hivemq-platform] [hivemq] [f969c912] INFO  - Extension "Allow All Extension" version 1.1.1 started successfully.
2025-01-29 22:14:50,050 INFO c.h.h.t.HelmChartContainer - [test-hivemq-platform] [hivemq] [f969c912] INFO  - hWtJL: no members discovered after 3101 ms: creating cluster as first member
2025-01-29 22:14:50,057 INFO c.h.h.t.HelmChartContainer - [test-hivemq-platform] [hivemq] [f969c912] INFO  - Cluster nodes found by discovery: [hWtJL|0] (1) [hWtJL].
2025-01-29 22:14:50,153 INFO c.h.h.t.HelmChartContainer - [test-hivemq-platform] [hivemq] [f969c912] INFO  - Updated rules for sampling and tracing propagation.
2025-01-29 22:14:50,154 INFO c.h.h.t.HelmChartContainer - [test-hivemq-platform] [hivemq] [f969c912] INFO  - HiveMQ: Successfully loaded configuration from '/opt/hivemq/conf-k8s/tracing.xml'.
2025-01-29 22:14:50,154 INFO c.h.h.t.HelmChartContainer - [test-hivemq-platform] [hivemq] [f969c912] WARN  - No user for HiveMQ Control Center configured. Starting with default user
2025-01-29 22:14:50,154 INFO c.h.h.t.HelmChartContainer - [test-hivemq-platform] [hivemq] [f969c912] INFO  - Starting HiveMQ Control Center on address 0.0.0.0 and port 8080
2025-01-29 22:14:50,245 INFO c.h.h.t.HelmChartContainer - [test-hivemq-platform] [hivemq] [f969c912] INFO  - Mounting HiveMQ Control Center V2 Preview
2025-01-29 22:14:50,852 INFO c.h.h.t.HelmChartContainer - [test-hivemq-platform] [hivemq] [f969c912] INFO  - Started HiveMQ Control Center in 698ms
2025-01-29 22:14:50,866 INFO c.h.h.t.HelmChartContainer - [test-hivemq-platform] [hivemq] [f969c912] INFO  - Starting TCP listener on address 0.0.0.0 and port 1883
2025-01-29 22:14:50,957 INFO c.h.h.t.HelmChartContainer - [test-hivemq-platform] [hivemq] [f969c912] INFO  - Started TCP Listener on address 0.0.0.0 and on port 1883.
2025-01-29 22:14:50,958 INFO c.h.h.t.HelmChartContainer - [test-hivemq-platform] [hivemq] [f969c912] INFO  - Started HiveMQ in 32818ms
2025-01-29 22:14:51,063 INFO c.h.h.t.HelmChartContainer - [test-hivemq-platform] [hivemq] [f969c912] INFO  - [HiveMQ Platform Operator Init App 1.7.0-SNAPSHOT] Returning Health API response 200 for readiness
2025-01-29 22:14:51,076 INFO c.h.h.t.HelmChartContainer - [POD] test-hivemq-platform-0 [f969c912-24a4-49b4-9367-e34a27032a6b] in helmpodsecuritycontextupgradeextensionit was MODIFIED
2025-01-29 22:14:51,087 INFO c.h.h.t.HelmChartContainer - [hivemq-test-hivemq-platform] [hivemq-platform-operator] [dfbee245] 22:14:51.080 [pool-6-thread-6] DEBUG c.h.p.o.d.PlatformServiceResource - [helmpods] Desired Platform services (3 services)
2025-01-29 22:14:51,088 INFO c.h.h.t.HelmChartContainer - [hivemq-test-hivemq-platform] [hivemq-platform-operator] [dfbee245] 22:14:51.085 [pool-6-thread-9] DEBUG c.h.p.o.dependants.PodInfoConfigMap - [helmpods] Desired PodInfo ConfigMap (1 extensions) (1 enabled)
2025-01-29 22:14:51,088 INFO c.h.h.t.HelmChartContainer - [hivemq-test-hivemq-platform] [hivemq-platform-operator] [dfbee245] 22:14:51.085 [pool-6-thread-9] DEBUG c.h.p.o.dependants.PodInfoConfigMap - [helmpods] Desired PodInfo ConfigMap (metrics port: 9399) (metrics path: /)
2025-01-29 22:14:51,088 INFO c.h.h.t.HelmChartContainer - [hivemq-test-hivemq-platform] [hivemq-platform-operator] [dfbee245] 22:14:51.085 [pool-6-thread-9] DEBUG c.h.p.o.dependants.PodInfoConfigMap - [helmpods] Desired PodInfo ConfigMap (extension state hash: -1669998472)
2025-01-29 22:14:51,094 INFO c.h.h.t.HelmChartContainer - [hivemq-test-hivemq-platform] [hivemq-platform-operator] [dfbee245] 22:14:51.090 [pool-6-thread-4] DEBUG c.h.p.o.d.PodServiceAccountResource - [helmpods] Desired PodServiceAccountResource (serviceAccountName: hivemq-platform-pod-test-hivemq-platform)
2025-01-29 22:14:51,144 INFO c.h.h.t.HelmChartContainer - [hivemq-test-hivemq-platform] [hivemq-platform-operator] [dfbee245] 22:14:51.141 [pool-6-thread-2] DEBUG c.h.p.o.d.StatefulSetResource - [helmpods] Desired StatefulSet (1 replicas) for status STARTING (READY)
2025-01-29 22:14:51,149 INFO c.h.h.t.HelmChartContainer - [hivemq-test-hivemq-platform] [hivemq-platform-operator] [dfbee245] 22:14:51.147 [ReconcilerExecutor-hivemq-controller-113] INFO  c.h.p.o.HiveMQPlatformReconciler - [helmpods] Reconciling HiveMQ Platform 'test-hivemq-platform' in namespace 'helmpodsecuritycontextupgradeextensionit'
2025-01-29 22:14:51,149 INFO c.h.h.t.HelmChartContainer - [hivemq-test-hivemq-platform] [hivemq-platform-operator] [dfbee245] 22:14:51.147 [ReconcilerExecutor-hivemq-controller-113] DEBUG c.h.p.o.HiveMQPlatformReconciler - [helmpods] Custom Resource Status STARTING - HiveMQ Platform is starting (READY)
2025-01-29 22:14:51,149 INFO c.h.h.t.HelmChartContainer - [hivemq-test-hivemq-platform] [hivemq-platform-operator] [dfbee245] 22:14:51.147 [ReconcilerExecutor-hivemq-controller-113] DEBUG c.h.p.o.HiveMQPlatformReconciler - [helmpods] Custom Resource Spec (replicas: 1) (extensions: 1)
2025-01-29 22:14:51,151 INFO c.h.h.t.HelmChartContainer - [hivemq-test-hivemq-platform] [hivemq-platform-operator] [dfbee245] 22:14:51.149 [ReconcilerExecutor-hivemq-controller-113] DEBUG c.h.p.o.HiveMQPlatformReconciler - [helmpods] StatefulSet Status (revision: test-hivemq-platform-6778d7488d, replicas: 1, available: 1, ready: 1, current: 1, updated: 1)
2025-01-29 22:14:51,152 INFO c.h.h.t.HelmChartContainer - [hivemq-test-hivemq-platform] [hivemq-platform-operator] [dfbee245] 22:14:51.149 [ReconcilerExecutor-hivemq-controller-113] DEBUG c.h.p.o.HiveMQPlatformReconciler - [helmpods] StatefulSet Spec (replicas: 1, init containers: 1, containers: 1, volumes: 4)
2025-01-29 22:14:51,152 INFO c.h.h.t.HelmChartContainer - [hivemq-test-hivemq-platform] [hivemq-platform-operator] [dfbee245] 22:14:51.150 [ReconcilerExecutor-hivemq-controller-113] DEBUG c.h.p.o.h.HiveMQPlatformReconcilerErrorHandler - [helmpods] Pod 'test-hivemq-platform-0' phase Running
2025-01-29 22:14:51,153 INFO c.h.h.t.HelmChartContainer - [hivemq-test-hivemq-platform] [hivemq-platform-operator] [dfbee245] 22:14:51.151 [ReconcilerExecutor-hivemq-controller-113] INFO  c.h.p.o.h.HiveMQPlatformReconcilerBaseHandler - [helmpods] HiveMQ Platform started successfully
2025-01-29 22:14:51,251 INFO c.h.h.t.HelmChartContainer - [hivemq-test-hivemq-platform] [hivemq-platform-operator] [dfbee245] 22:14:51.250 [ReconcilerExecutor-hivemq-controller-113] DEBUG c.h.p.operator.event.EventSender - [helmpods] Creating K8s event hivemq-platform-ready: [Ready] HiveMQ Platform is ready
2025-01-29 22:14:51,263 INFO c.h.h.t.HelmChartContainer - [EVENT] Normal [Ready] HiveMQ Platform is ready [helmpodsecuritycontextupgradeextensionit:test-hivemq-platform]
2025-01-29 22:14:51,264 INFO c.h.h.t.HelmChartContainer - [hivemq-test-hivemq-platform] [hivemq-platform-operator] [dfbee245] 22:14:51.263 [ReconcilerExecutor-hivemq-controller-113] INFO  c.h.p.o.h.AbstractHiveMQReconcilerStateHandler - [helmpods] Update HiveMQ Platform Status (STARTING [READY] -> RUNNING [READY]): HiveMQ Platform is ready
2025-01-29 22:14:51,272 DEBUG com.hivemq.helmcharts.util.K8sUtil - Comparing actual state 'RUNNING' and waiting for 'RUNNING'
2025-01-29 22:14:51,276 INFO c.h.h.t.HelmChartContainer - [hivemq-test-hivemq-platform] [hivemq-platform-operator] [dfbee245] 22:14:51.274 [pool-6-thread-16] DEBUG c.h.p.o.d.PlatformServiceResource - [helmpods] Desired Platform services (3 services)
2025-01-29 22:14:51,276 INFO c.h.h.t.HelmChartContainer - [hivemq-test-hivemq-platform] [hivemq-platform-operator] [dfbee245] 22:14:51.275 [pool-6-thread-19] DEBUG c.h.p.o.dependants.PodInfoConfigMap - [helmpods] Desired PodInfo ConfigMap (1 extensions) (1 enabled)
2025-01-29 22:14:51,276 INFO c.h.h.t.HelmChartContainer - [hivemq-test-hivemq-platform] [hivemq-platform-operator] [dfbee245] 22:14:51.275 [pool-6-thread-19] DEBUG c.h.p.o.dependants.PodInfoConfigMap - [helmpods] Desired PodInfo ConfigMap (metrics port: 9399) (metrics path: /)
2025-01-29 22:14:51,279 INFO c.h.h.t.HelmChartContainer - [hivemq-test-hivemq-platform] [hivemq-platform-operator] [dfbee245] 22:14:51.278 [pool-6-thread-18] DEBUG c.h.p.o.d.PodServiceAccountResource - [helmpods] Desired PodServiceAccountResource (serviceAccountName: hivemq-platform-pod-test-hivemq-platform)
2025-01-29 22:14:51,346 INFO c.h.h.t.HelmChartContainer - [hivemq-test-hivemq-platform] [hivemq-platform-operator] [dfbee245] 22:14:51.275 [pool-6-thread-19] DEBUG c.h.p.o.dependants.PodInfoConfigMap - [helmpods] Desired PodInfo ConfigMap (extension state hash: -1669998472)
2025-01-29 22:14:51,346 INFO c.h.h.t.HelmChartContainer - [hivemq-test-hivemq-platform] [hivemq-platform-operator] [dfbee245] 22:14:51.345 [pool-6-thread-19] DEBUG c.h.p.o.dependants.PodInfoConfigMap - [helmpods] Update PodInfo ConfigMap
2025-01-29 22:14:51,358 INFO c.h.h.t.HelmChartContainer - [hivemq-test-hivemq-platform] [hivemq-platform-operator] [dfbee245] 22:14:51.356 [pool-6-thread-19] DEBUG c.h.p.o.d.StatefulSetResource - [helmpods] Desired StatefulSet (1 replicas) for status RUNNING (READY)
2025-01-29 22:14:51,363 INFO c.h.h.t.HelmChartContainer - [hivemq-test-hivemq-platform] [hivemq-platform-operator] [dfbee245] 22:14:51.361 [ReconcilerExecutor-hivemq-controller-114] INFO  c.h.p.o.HiveMQPlatformReconciler - [helmpods] Reconciling HiveMQ Platform 'test-hivemq-platform' in namespace 'helmpodsecuritycontextupgradeextensionit'
2025-01-29 22:14:51,364 INFO c.h.h.t.HelmChartContainer - [hivemq-test-hivemq-platform] [hivemq-platform-operator] [dfbee245] 22:14:51.362 [ReconcilerExecutor-hivemq-controller-114] DEBUG c.h.p.o.HiveMQPlatformReconciler - [helmpods] Custom Resource Status RUNNING - HiveMQ Platform is ready (READY)
2025-01-29 22:14:51,364 INFO c.h.h.t.HelmChartContainer - [hivemq-test-hivemq-platform] [hivemq-platform-operator] [dfbee245] 22:14:51.362 [ReconcilerExecutor-hivemq-controller-114] DEBUG c.h.p.o.HiveMQPlatformReconciler - [helmpods] Custom Resource Spec (replicas: 1) (extensions: 1)
2025-01-29 22:14:51,366 INFO c.h.h.t.HelmChartContainer - [hivemq-test-hivemq-platform] [hivemq-platform-operator] [dfbee245] 22:14:51.365 [ReconcilerExecutor-hivemq-controller-114] DEBUG c.h.p.o.HiveMQPlatformReconciler - [helmpods] StatefulSet Status (revision: test-hivemq-platform-6778d7488d, replicas: 1, available: 1, ready: 1, current: 1, updated: 1)
2025-01-29 22:14:51,380 DEBUG com.hivemq.helmcharts.util.PodUtil - Received status for command '[sh, -c, stat -c "%u:%g" /proc/1]' on pod 'test-hivemq-platform-0' (exit code: 0)
2025-01-29 22:14:51,442 INFO c.h.h.t.HelmChartContainer - [hivemq-test-hivemq-platform] [hivemq-platform-operator] [dfbee245] 22:14:51.365 [ReconcilerExecutor-hivemq-controller-114] DEBUG c.h.p.o.HiveMQPlatformReconciler - [helmpods] StatefulSet Spec (replicas: 1, init containers: 1, containers: 1, volumes: 4)
2025-01-29 22:14:51,444 INFO c.h.h.t.HelmChartContainer - [hivemq-test-hivemq-platform] [hivemq-platform-operator] [dfbee245] 22:14:51.443 [ReconcilerExecutor-hivemq-controller-114] DEBUG c.h.p.o.h.HiveMQPlatformReconcilerErrorHandler - [helmpods] Pod 'test-hivemq-platform-0' phase Running
2025-01-29 22:14:53,393 INFO c.h.h.testcontainer.LogWaiterUtil - TEST Waiting for log pattern on 'test-hivemq-platform-0': .*HiveMQ Enterprise Distributed Tracing Extension: Successfully updated configuration from '/opt/hivemq/extensions/hivemq-distributed-tracing-extension/conf/config.xml'.
2025-01-29 22:14:53,398 INFO c.h.h.t.HelmChartContainer - [hivemq-test-hivemq-platform] [hivemq-platform-operator] [dfbee245] 22:14:53.396 [pool-6-thread-24] DEBUG c.h.p.o.d.PlatformServiceResource - [helmpods] Desired Platform services (3 services)
2025-01-29 22:14:53,398 DEBUG com.hivemq.helmcharts.util.K8sUtil - Comparing actual state 'RUNNING' and waiting for 'RESTART_EXTENSIONS'
2025-01-29 22:14:53,401 INFO c.h.h.t.HelmChartContainer - [hivemq-test-hivemq-platform] [hivemq-platform-operator] [dfbee245] 22:14:53.398 [pool-6-thread-26] DEBUG c.h.p.o.dependants.PodInfoConfigMap - [helmpods] Desired PodInfo ConfigMap (1 extensions) (1 enabled)
2025-01-29 22:14:53,407 INFO c.h.h.t.HelmChartContainer - [hivemq-test-hivemq-platform] [hivemq-platform-operator] [dfbee245] 22:14:53.398 [pool-6-thread-26] DEBUG c.h.p.o.dependants.PodInfoConfigMap - [helmpods] Desired PodInfo ConfigMap (metrics port: 9399) (metrics path: /)
2025-01-29 22:14:53,407 INFO c.h.h.t.HelmChartContainer - [hivemq-test-hivemq-platform] [hivemq-platform-operator] [dfbee245] 22:14:53.398 [pool-6-thread-26] DEBUG c.h.p.o.dependants.PodInfoConfigMap - [helmpods] Desired PodInfo ConfigMap (extension state hash: -543790518)
2025-01-29 22:14:53,407 INFO c.h.h.t.HelmChartContainer - [hivemq-test-hivemq-platform] [hivemq-platform-operator] [dfbee245] 22:14:53.398 [pool-6-thread-26] DEBUG c.h.p.o.dependants.PodInfoConfigMap - [helmpods] Update PodInfo ConfigMap
2025-01-29 22:14:53,407 INFO c.h.h.t.HelmChartContainer - [hivemq-test-hivemq-platform] [hivemq-platform-operator] [dfbee245] 22:14:53.399 [pool-6-thread-28] DEBUG c.h.p.o.d.PodServiceAccountResource - [helmpods] Desired PodServiceAccountResource (serviceAccountName: hivemq-platform-pod-test-hivemq-platform)
2025-01-29 22:14:53,407 INFO c.h.h.t.HelmChartContainer - [hivemq-test-hivemq-platform] [hivemq-platform-operator] [dfbee245] 22:14:53.399 [pool-6-thread-26] DEBUG c.h.p.o.dependants.PodInfoConfigMap - [helmpods] Detected change in configuration of extension 'hivemq-distributed-tracing-extension' ({skip-https-hostname-verification=false, restart=false, config-version=765, header-version=0, c-uri=, uri=preinstalled, skip-https-certificate-validation=false, enabled=true} -> {skip-https-hostname-verification=false, restart=false, config-version=856, header-version=0, c-uri=, uri=preinstalled, skip-https-certificate-validation=false, enabled=true})
2025-01-29 22:14:53,407 INFO c.h.h.t.HelmChartContainer - [hivemq-test-hivemq-platform] [hivemq-platform-operator] [dfbee245] 22:14:53.400 [pool-6-thread-26] INFO  c.h.p.o.dependants.PodInfoConfigMap - [helmpods] Extension configuration was updated, restarting extensions: [hivemq-distributed-tracing-extension]
2025-01-29 22:14:53,412 INFO c.h.h.t.HelmChartContainer - [hivemq-test-hivemq-platform] [hivemq-platform-operator] [dfbee245] 22:14:53.412 [pool-6-thread-25] DEBUG c.h.p.o.d.StatefulSetResource - [helmpods] Desired StatefulSet (1 replicas) for status RUNNING (READY)
2025-01-29 22:14:53,421 INFO c.h.h.t.HelmChartContainer - [hivemq-test-hivemq-platform] [hivemq-platform-operator] [dfbee245] 22:14:53.420 [ReconcilerExecutor-hivemq-controller-115] INFO  c.h.p.o.HiveMQPlatformReconciler - [helmpods] Reconciling HiveMQ Platform 'test-hivemq-platform' in namespace 'helmpodsecuritycontextupgradeextensionit'
2025-01-29 22:14:53,422 INFO c.h.h.t.HelmChartContainer - [hivemq-test-hivemq-platform] [hivemq-platform-operator] [dfbee245] 22:14:53.421 [ReconcilerExecutor-hivemq-controller-115] DEBUG c.h.p.o.HiveMQPlatformReconciler - [helmpods] Custom Resource Status RUNNING - HiveMQ Platform is ready (READY) (reconciliation requests: REQUESTS_UPDATED, RESTART_EXTENSIONS)
2025-01-29 22:14:53,422 INFO c.h.h.t.HelmChartContainer - [hivemq-test-hivemq-platform] [hivemq-platform-operator] [dfbee245] 22:14:53.421 [ReconcilerExecutor-hivemq-controller-115] DEBUG c.h.p.o.HiveMQPlatformReconciler - [helmpods] Custom Resource Spec (replicas: 1) (extensions: 1)
2025-01-29 22:14:53,423 INFO c.h.h.t.HelmChartContainer - [hivemq-test-hivemq-platform] [hivemq-platform-operator] [dfbee245] 22:14:53.423 [ReconcilerExecutor-hivemq-controller-115] DEBUG c.h.p.o.HiveMQPlatformReconciler - [helmpods] StatefulSet Status (revision: test-hivemq-platform-6778d7488d, replicas: 1, available: 1, ready: 1, current: 1, updated: 1)
2025-01-29 22:14:53,423 INFO c.h.h.t.HelmChartContainer - [hivemq-test-hivemq-platform] [hivemq-platform-operator] [dfbee245] 22:14:53.423 [ReconcilerExecutor-hivemq-controller-115] DEBUG c.h.p.o.HiveMQPlatformReconciler - [helmpods] StatefulSet Spec (replicas: 1, init containers: 1, containers: 1, volumes: 4)
2025-01-29 22:14:53,442 INFO c.h.h.t.HelmChartContainer - [hivemq-test-hivemq-platform] [hivemq-platform-operator] [dfbee245] 22:14:53.441 [ReconcilerExecutor-hivemq-controller-115] DEBUG c.h.p.o.h.HiveMQPlatformReconcilerErrorHandler - [helmpods] Pod 'test-hivemq-platform-0' phase Running
2025-01-29 22:14:53,521 INFO c.h.h.t.HelmChartContainer - [hivemq-test-hivemq-platform] [hivemq-platform-operator] [dfbee245] 22:14:53.520 [ReconcilerExecutor-hivemq-controller-115] DEBUG c.h.p.operator.event.EventSender - [helmpods] Creating K8s event restart-extension-started: [RestartExtension] HiveMQ Platform is restarting extensions (hivemq-distributed-tracing-extension)
2025-01-29 22:14:53,545 INFO c.h.h.t.HelmChartContainer - [EVENT] Normal [RestartExtension] HiveMQ Platform is restarting extensions (hivemq-distributed-tracing-extension) [helmpodsecuritycontextupgradeextensionit:test-hivemq-platform]
2025-01-29 22:14:53,547 INFO c.h.h.t.HelmChartContainer - [hivemq-test-hivemq-platform] [hivemq-platform-operator] [dfbee245] 22:14:53.545 [ReconcilerExecutor-hivemq-controller-115] INFO  c.h.p.o.h.AbstractHiveMQReconcilerStateHandler - [helmpods] Update HiveMQ Platform Status (RUNNING [READY] -> RESTART_EXTENSIONS [RESTART_EXTENSIONS]): HiveMQ Platform is restarting extensions (hivemq-distributed-tracing-extension)
2025-01-29 22:14:53,554 DEBUG com.hivemq.helmcharts.util.K8sUtil - Comparing actual state 'RESTART_EXTENSIONS' and waiting for 'RESTART_EXTENSIONS'
2025-01-29 22:14:53,560 DEBUG com.hivemq.helmcharts.util.K8sUtil - Comparing actual state 'RESTART_EXTENSIONS' and waiting for 'RUNNING'
2025-01-29 22:15:03,562 INFO c.h.h.t.HelmChartContainer - [hivemq-test-hivemq-platform] [hivemq-platform-operator] [dfbee245] 22:15:03.559 [pool-6-thread-35] DEBUG c.h.p.o.d.PlatformServiceResource - [helmpods] Desired Platform services (3 services)
2025-01-29 22:15:03,562 INFO c.h.h.t.HelmChartContainer - [hivemq-test-hivemq-platform] [hivemq-platform-operator] [dfbee245] 22:15:03.560 [pool-6-thread-37] DEBUG c.h.p.o.dependants.PodInfoConfigMap - [helmpods] Desired PodInfo ConfigMap (1 extensions) (1 enabled)
2025-01-29 22:15:03,563 INFO c.h.h.t.HelmChartContainer - [hivemq-test-hivemq-platform] [hivemq-platform-operator] [dfbee245] 22:15:03.562 [pool-6-thread-37] DEBUG c.h.p.o.dependants.PodInfoConfigMap - [helmpods] Desired PodInfo ConfigMap (metrics port: 9399) (metrics path: /)
2025-01-29 22:15:03,565 INFO c.h.h.t.HelmChartContainer - [hivemq-test-hivemq-platform] [hivemq-platform-operator] [dfbee245] 22:15:03.563 [pool-6-thread-37] DEBUG c.h.p.o.dependants.PodInfoConfigMap - [helmpods] Desired PodInfo ConfigMap (extension state hash: -543790518)
2025-01-29 22:15:03,565 INFO c.h.h.t.HelmChartContainer - [hivemq-test-hivemq-platform] [hivemq-platform-operator] [dfbee245] 22:15:03.560 [pool-6-thread-32] DEBUG c.h.p.o.d.PodServiceAccountResource - [helmpods] Desired PodServiceAccountResource (serviceAccountName: hivemq-platform-pod-test-hivemq-platform)
2025-01-29 22:15:03,565 INFO c.h.h.t.HelmChartContainer - [hivemq-test-hivemq-platform] [hivemq-platform-operator] [dfbee245] 22:15:03.564 [pool-6-thread-37] DEBUG c.h.p.o.dependants.PodInfoConfigMap - [helmpods] Update PodInfo ConfigMap
2025-01-29 22:15:03,574 INFO c.h.h.t.HelmChartContainer - [hivemq-test-hivemq-platform] [hivemq-platform-operator] [dfbee245] 22:15:03.573 [pool-6-thread-37] DEBUG c.h.p.o.d.StatefulSetResource - [helmpods] Desired StatefulSet (1 replicas) for status RESTART_EXTENSIONS (RESTART_EXTENSIONS)
2025-01-29 22:15:03,644 INFO c.h.h.t.HelmChartContainer - [hivemq-test-hivemq-platform] [hivemq-platform-operator] [dfbee245] 22:15:03.643 [ReconcilerExecutor-hivemq-controller-116] INFO  c.h.p.o.HiveMQPlatformReconciler - [helmpods] Reconciling HiveMQ Platform 'test-hivemq-platform' in namespace 'helmpodsecuritycontextupgradeextensionit'
2025-01-29 22:15:03,644 INFO c.h.h.t.HelmChartContainer - [hivemq-test-hivemq-platform] [hivemq-platform-operator] [dfbee245] 22:15:03.643 [ReconcilerExecutor-hivemq-controller-116] DEBUG c.h.p.o.HiveMQPlatformReconciler - [helmpods] Custom Resource Status RESTART_EXTENSIONS - HiveMQ Platform is restarting extensions (hivemq-distributed-tracing-extension) (RESTART_EXTENSIONS)
2025-01-29 22:15:03,644 INFO c.h.h.t.HelmChartContainer - [hivemq-test-hivemq-platform] [hivemq-platform-operator] [dfbee245] 22:15:03.643 [ReconcilerExecutor-hivemq-controller-116] DEBUG c.h.p.o.HiveMQPlatformReconciler - [helmpods] Custom Resource Spec (replicas: 1) (extensions: 1)
2025-01-29 22:15:03,646 INFO c.h.h.t.HelmChartContainer - [hivemq-test-hivemq-platform] [hivemq-platform-operator] [dfbee245] 22:15:03.645 [ReconcilerExecutor-hivemq-controller-116] DEBUG c.h.p.o.HiveMQPlatformReconciler - [helmpods] StatefulSet Status (revision: test-hivemq-platform-6778d7488d, replicas: 1, available: 1, ready: 1, current: 1, updated: 1)
2025-01-29 22:15:03,646 INFO c.h.h.t.HelmChartContainer - [hivemq-test-hivemq-platform] [hivemq-platform-operator] [dfbee245] 22:15:03.645 [ReconcilerExecutor-hivemq-controller-116] DEBUG c.h.p.o.HiveMQPlatformReconciler - [helmpods] StatefulSet Spec (replicas: 1, init containers: 1, containers: 1, volumes: 4)
2025-01-29 22:15:03,649 INFO c.h.h.t.HelmChartContainer - [hivemq-test-hivemq-platform] [hivemq-platform-operator] [dfbee245] 22:15:03.647 [ReconcilerExecutor-hivemq-controller-116] DEBUG c.h.p.o.h.HiveMQPlatformReconcilerErrorHandler - [helmpods] Pod 'test-hivemq-platform-0' phase Running
2025-01-29 22:15:03,658 INFO c.h.h.t.HelmChartContainer - [hivemq-test-hivemq-platform] [hivemq-platform-operator] [dfbee245] 22:15:03.658 [ReconcilerExecutor-hivemq-controller-116] DEBUG c.h.p.o.h.HiveMQPlatformReconcilerRestartExtensionsHandler - [helmpods] Update extensions on Pod 'test-hivemq-platform-0'
2025-01-29 22:15:03,796 INFO c.h.h.t.HelmChartContainer - [test-hivemq-platform] [hivemq] [f969c912] INFO  - [HiveMQ Platform Operator Init App 1.7.0-SNAPSHOT] Updating HiveMQ Platform extensions: [hivemq-distributed-tracing-extension]
2025-01-29 22:15:03,844 INFO c.h.h.t.HelmChartContainer - [hivemq-test-hivemq-platform] [hivemq-platform-operator] [dfbee245] 22:15:03.843 [vert.x-eventloop-thread-1] DEBUG c.h.platform.operator.util.PodUtil - Received status for command '[curl, -s, http://10.42.0.8:7979/updateExtension?hash=-543790518&extensions=hivemq-distributed-tracing-extension]' on Pod 'test-hivemq-platform-0' (exit code: 0)
2025-01-29 22:15:04,798 INFO c.h.h.t.HelmChartContainer - [test-hivemq-platform] [hivemq] [f969c912] INFO  - [HiveMQ Platform Operator Init App 1.7.0-SNAPSHOT] Waiting for extension ConfigMap sync (expected hash: -543790518) (current hash: -1669998472)
2025-01-29 22:15:04,846 INFO c.h.h.t.HelmChartContainer - [hivemq-test-hivemq-platform] [hivemq-platform-operator] [dfbee245] 22:15:04.844 [pool-6-thread-44] DEBUG c.h.p.o.d.PlatformServiceResource - [helmpods] Desired Platform services (3 services)
2025-01-29 22:15:04,856 INFO c.h.h.t.HelmChartContainer - [hivemq-test-hivemq-platform] [hivemq-platform-operator] [dfbee245] 22:15:04.845 [pool-6-thread-45] DEBUG c.h.p.o.dependants.PodInfoConfigMap - [helmpods] Desired PodInfo ConfigMap (1 extensions) (1 enabled)
2025-01-29 22:15:04,856 INFO c.h.h.t.HelmChartContainer - [hivemq-test-hivemq-platform] [hivemq-platform-operator] [dfbee245] 22:15:04.845 [pool-6-thread-45] DEBUG c.h.p.o.dependants.PodInfoConfigMap - [helmpods] Desired PodInfo ConfigMap (metrics port: 9399) (metrics path: /)
2025-01-29 22:15:04,856 INFO c.h.h.t.HelmChartContainer - [hivemq-test-hivemq-platform] [hivemq-platform-operator] [dfbee245] 22:15:04.845 [pool-6-thread-45] DEBUG c.h.p.o.dependants.PodInfoConfigMap - [helmpods] Desired PodInfo ConfigMap (extension state hash: -543790518)
2025-01-29 22:15:04,856 INFO c.h.h.t.HelmChartContainer - [hivemq-test-hivemq-platform] [hivemq-platform-operator] [dfbee245] 22:15:04.846 [pool-6-thread-43] DEBUG c.h.p.o.d.PodServiceAccountResource - [helmpods] Desired PodServiceAccountResource (serviceAccountName: hivemq-platform-pod-test-hivemq-platform)
2025-01-29 22:15:04,856 INFO c.h.h.t.HelmChartContainer - [hivemq-test-hivemq-platform] [hivemq-platform-operator] [dfbee245] 22:15:04.853 [pool-6-thread-44] DEBUG c.h.p.o.d.StatefulSetResource - [helmpods] Desired StatefulSet (1 replicas) for status RESTART_EXTENSIONS (RESTART_EXTENSIONS)
2025-01-29 22:15:04,864 INFO c.h.h.t.HelmChartContainer - [hivemq-test-hivemq-platform] [hivemq-platform-operator] [dfbee245] 22:15:04.863 [ReconcilerExecutor-hivemq-controller-117] INFO  c.h.p.o.HiveMQPlatformReconciler - [helmpods] Reconciling HiveMQ Platform 'test-hivemq-platform' in namespace 'helmpodsecuritycontextupgradeextensionit'
2025-01-29 22:15:04,865 INFO c.h.h.t.HelmChartContainer - [hivemq-test-hivemq-platform] [hivemq-platform-operator] [dfbee245] 22:15:04.863 [ReconcilerExecutor-hivemq-controller-117] DEBUG c.h.p.o.HiveMQPlatformReconciler - [helmpods] Custom Resource Status RESTART_EXTENSIONS - HiveMQ Platform is restarting extensions (hivemq-distributed-tracing-extension) (RESTART_EXTENSIONS)
2025-01-29 22:15:04,866 INFO c.h.h.t.HelmChartContainer - [hivemq-test-hivemq-platform] [hivemq-platform-operator] [dfbee245] 22:15:04.863 [ReconcilerExecutor-hivemq-controller-117] DEBUG c.h.p.o.HiveMQPlatformReconciler - [helmpods] Custom Resource Spec (replicas: 1) (extensions: 1)
2025-01-29 22:15:04,943 INFO c.h.h.t.HelmChartContainer - [hivemq-test-hivemq-platform] [hivemq-platform-operator] [dfbee245] 22:15:04.941 [ReconcilerExecutor-hivemq-controller-117] DEBUG c.h.p.o.HiveMQPlatformReconciler - [helmpods] StatefulSet Status (revision: test-hivemq-platform-6778d7488d, replicas: 1, available: 1, ready: 1, current: 1, updated: 1)
2025-01-29 22:15:04,943 INFO c.h.h.t.HelmChartContainer - [hivemq-test-hivemq-platform] [hivemq-platform-operator] [dfbee245] 22:15:04.941 [ReconcilerExecutor-hivemq-controller-117] DEBUG c.h.p.o.HiveMQPlatformReconciler - [helmpods] StatefulSet Spec (replicas: 1, init containers: 1, containers: 1, volumes: 4)
2025-01-29 22:15:04,945 INFO c.h.h.t.HelmChartContainer - [hivemq-test-hivemq-platform] [hivemq-platform-operator] [dfbee245] 22:15:04.944 [ReconcilerExecutor-hivemq-controller-117] DEBUG c.h.p.o.h.HiveMQPlatformReconcilerErrorHandler - [helmpods] Pod 'test-hivemq-platform-0' phase Running
2025-01-29 22:15:04,968 INFO c.h.h.t.HelmChartContainer - [hivemq-test-hivemq-platform] [hivemq-platform-operator] [dfbee245] 22:15:04.967 [ReconcilerExecutor-hivemq-controller-117] DEBUG c.h.p.operator.event.EventSender - [helmpods] Creating K8s event restart-extension-in-progress: [RestartExtension] HiveMQ Platform is waiting for extension restart (hivemq-distributed-tracing-extension)
2025-01-29 22:15:04,971 INFO c.h.h.t.HelmChartContainer - [EVENT] Normal [RestartExtension] HiveMQ Platform is waiting for extension restart (hivemq-distributed-tracing-extension) [helmpodsecuritycontextupgradeextensionit:test-hivemq-platform]
2025-01-29 22:15:04,972 INFO c.h.h.t.HelmChartContainer - [hivemq-test-hivemq-platform] [hivemq-platform-operator] [dfbee245] 22:15:04.971 [ReconcilerExecutor-hivemq-controller-117] INFO  c.h.p.o.h.AbstractHiveMQReconcilerStateHandler - [helmpods] Update HiveMQ Platform Status (RESTART_EXTENSIONS [RESTART_EXTENSIONS] -> RESTART_EXTENSIONS [WAIT_FOR_EXTENSION_RESTART]): HiveMQ Platform is waiting for extension restart (hivemq-distributed-tracing-extension)
2025-01-29 22:15:05,049 DEBUG com.hivemq.helmcharts.util.K8sUtil - Comparing actual state 'RESTART_EXTENSIONS' and waiting for 'RUNNING'
2025-01-29 22:15:05,799 INFO c.h.h.t.HelmChartContainer - [test-hivemq-platform] [hivemq] [f969c912] INFO  - [HiveMQ Platform Operator Init App 1.7.0-SNAPSHOT] Waiting for extension ConfigMap sync (expected hash: -543790518) (current hash: -1669998472)
2025-01-29 22:15:06,799 INFO c.h.h.t.HelmChartContainer - [test-hivemq-platform] [hivemq] [f969c912] INFO  - [HiveMQ Platform Operator Init App 1.7.0-SNAPSHOT] Waiting for extension ConfigMap sync (expected hash: -543790518) (current hash: -1669998472)
2025-01-29 22:15:07,786 INFO c.h.h.t.HelmChartContainer - [test-hivemq-platform] [hivemq] [f969c912] INFO  - [HiveMQ Platform Operator Init App 1.7.0-SNAPSHOT] Returning Health API response 200 for liveness
2025-01-29 22:15:07,799 INFO c.h.h.t.HelmChartContainer - [test-hivemq-platform] [hivemq] [f969c912] INFO  - [HiveMQ Platform Operator Init App 1.7.0-SNAPSHOT] Waiting for extension ConfigMap sync (expected hash: -543790518) (current hash: -1669998472)
2025-01-29 22:15:08,800 INFO c.h.h.t.HelmChartContainer - [test-hivemq-platform] [hivemq] [f969c912] INFO  - [HiveMQ Platform Operator Init App 1.7.0-SNAPSHOT] Waiting for extension ConfigMap sync (expected hash: -543790518) (current hash: -1669998472)
2025-01-29 22:15:09,800 INFO c.h.h.t.HelmChartContainer - [test-hivemq-platform] [hivemq] [f969c912] INFO  - [HiveMQ Platform Operator Init App 1.7.0-SNAPSHOT] Waiting for extension ConfigMap sync (expected hash: -543790518) (current hash: -1669998472)
2025-01-29 22:15:10,801 INFO c.h.h.t.HelmChartContainer - [test-hivemq-platform] [hivemq] [f969c912] INFO  - [HiveMQ Platform Operator Init App 1.7.0-SNAPSHOT] Waiting for extension ConfigMap sync (expected hash: -543790518) (current hash: -1669998472)
2025-01-29 22:15:11,801 INFO c.h.h.t.HelmChartContainer - [test-hivemq-platform] [hivemq] [f969c912] INFO  - [HiveMQ Platform Operator Init App 1.7.0-SNAPSHOT] Waiting for extension ConfigMap sync (expected hash: -543790518) (current hash: -1669998472)
2025-01-29 22:15:12,802 INFO c.h.h.t.HelmChartContainer - [test-hivemq-platform] [hivemq] [f969c912] INFO  - [HiveMQ Platform Operator Init App 1.7.0-SNAPSHOT] Waiting for extension ConfigMap sync (expected hash: -543790518) (current hash: -1669998472)
2025-01-29 22:15:13,802 INFO c.h.h.t.HelmChartContainer - [test-hivemq-platform] [hivemq] [f969c912] INFO  - [HiveMQ Platform Operator Init App 1.7.0-SNAPSHOT] Waiting for extension ConfigMap sync (expected hash: -543790518) (current hash: -1669998472)
2025-01-29 22:15:14,802 INFO c.h.h.t.HelmChartContainer - [test-hivemq-platform] [hivemq] [f969c912] INFO  - [HiveMQ Platform Operator Init App 1.7.0-SNAPSHOT] Waiting for extension ConfigMap sync (expected hash: -543790518) (current hash: -1669998472)
2025-01-29 22:15:15,055 INFO c.h.h.t.HelmChartContainer - [hivemq-test-hivemq-platform] [hivemq-platform-operator] [dfbee245] 22:15:15.054 [pool-6-thread-5] DEBUG c.h.p.o.d.PodServiceAccountResource - [helmpods] Desired PodServiceAccountResource (serviceAccountName: hivemq-platform-pod-test-hivemq-platform)
2025-01-29 22:15:15,058 INFO c.h.h.t.HelmChartContainer - [hivemq-test-hivemq-platform] [hivemq-platform-operator] [dfbee245] 22:15:15.055 [pool-6-thread-7] DEBUG c.h.p.o.dependants.PodInfoConfigMap - [helmpods] Desired PodInfo ConfigMap (1 extensions) (1 enabled)
2025-01-29 22:15:15,058 INFO c.h.h.t.HelmChartContainer - [hivemq-test-hivemq-platform] [hivemq-platform-operator] [dfbee245] 22:15:15.055 [pool-6-thread-9] DEBUG c.h.p.o.d.PlatformServiceResource - [helmpods] Desired Platform services (3 services)
2025-01-29 22:15:15,059 INFO c.h.h.t.HelmChartContainer - [hivemq-test-hivemq-platform] [hivemq-platform-operator] [dfbee245] 22:15:15.056 [pool-6-thread-7] DEBUG c.h.p.o.dependants.PodInfoConfigMap - [helmpods] Desired PodInfo ConfigMap (metrics port: 9399) (metrics path: /)
2025-01-29 22:15:15,059 INFO c.h.h.t.HelmChartContainer - [hivemq-test-hivemq-platform] [hivemq-platform-operator] [dfbee245] 22:15:15.057 [pool-6-thread-7] DEBUG c.h.p.o.dependants.PodInfoConfigMap - [helmpods] Desired PodInfo ConfigMap (extension state hash: -543790518)
2025-01-29 22:15:15,062 INFO c.h.h.t.HelmChartContainer - [hivemq-test-hivemq-platform] [hivemq-platform-operator] [dfbee245] 22:15:15.061 [pool-6-thread-9] DEBUG c.h.p.o.d.StatefulSetResource - [helmpods] Desired StatefulSet (1 replicas) for status RESTART_EXTENSIONS (WAIT_FOR_EXTENSION_RESTART)
2025-01-29 22:15:15,065 INFO c.h.h.t.HelmChartContainer - [hivemq-test-hivemq-platform] [hivemq-platform-operator] [dfbee245] 22:15:15.064 [ReconcilerExecutor-hivemq-controller-118] INFO  c.h.p.o.HiveMQPlatformReconciler - [helmpods] Reconciling HiveMQ Platform 'test-hivemq-platform' in namespace 'helmpodsecuritycontextupgradeextensionit'
2025-01-29 22:15:15,066 INFO c.h.h.t.HelmChartContainer - [hivemq-test-hivemq-platform] [hivemq-platform-operator] [dfbee245] 22:15:15.065 [ReconcilerExecutor-hivemq-controller-118] DEBUG c.h.p.o.HiveMQPlatformReconciler - [helmpods] Custom Resource Status RESTART_EXTENSIONS - HiveMQ Platform is waiting for extension restart (hivemq-distributed-tracing-extension) (WAIT_FOR_EXTENSION_RESTART)
2025-01-29 22:15:15,066 INFO c.h.h.t.HelmChartContainer - [hivemq-test-hivemq-platform] [hivemq-platform-operator] [dfbee245] 22:15:15.065 [ReconcilerExecutor-hivemq-controller-118] DEBUG c.h.p.o.HiveMQPlatformReconciler - [helmpods] Custom Resource Spec (replicas: 1) (extensions: 1)
2025-01-29 22:15:15,068 INFO c.h.h.t.HelmChartContainer - [hivemq-test-hivemq-platform] [hivemq-platform-operator] [dfbee245] 22:15:15.066 [ReconcilerExecutor-hivemq-controller-118] DEBUG c.h.p.o.HiveMQPlatformReconciler - [helmpods] StatefulSet Status (revision: test-hivemq-platform-6778d7488d, replicas: 1, available: 1, ready: 1, current: 1, updated: 1)
2025-01-29 22:15:15,068 INFO c.h.h.t.HelmChartContainer - [hivemq-test-hivemq-platform] [hivemq-platform-operator] [dfbee245] 22:15:15.067 [ReconcilerExecutor-hivemq-controller-118] DEBUG c.h.p.o.HiveMQPlatformReconciler - [helmpods] StatefulSet Spec (replicas: 1, init containers: 1, containers: 1, volumes: 4)
2025-01-29 22:15:15,071 INFO c.h.h.t.HelmChartContainer - [hivemq-test-hivemq-platform] [hivemq-platform-operator] [dfbee245] 22:15:15.068 [ReconcilerExecutor-hivemq-controller-118] DEBUG c.h.p.o.h.HiveMQPlatformReconcilerErrorHandler - [helmpods] Pod 'test-hivemq-platform-0' phase Running
2025-01-29 22:15:15,143 INFO c.h.h.t.HelmChartContainer - [hivemq-test-hivemq-platform] [hivemq-platform-operator] [dfbee245] 22:15:15.142 [ReconcilerExecutor-hivemq-controller-118] DEBUG c.h.p.o.h.HiveMQPlatformReconcilerRestartExtensionsHandler - [helmpods] Checking update extension status on Pod 'test-hivemq-platform-0'
2025-01-29 22:15:15,192 INFO c.h.h.t.HelmChartContainer - [test-hivemq-platform] [hivemq] [f969c912] INFO  - [HiveMQ Platform Operator Init App 1.7.0-SNAPSHOT] Extension update is pending (0 errors)
2025-01-29 22:15:15,243 INFO c.h.h.t.HelmChartContainer - [hivemq-test-hivemq-platform] [hivemq-platform-operator] [dfbee245] 22:15:15.242 [vert.x-eventloop-thread-1] DEBUG c.h.platform.operator.util.PodUtil - Received status for command '[curl, -s, http://10.42.0.8:7979/updateExtensionStatus]' on Pod 'test-hivemq-platform-0' (exit code: 0)
2025-01-29 22:15:15,803 INFO c.h.h.t.HelmChartContainer - [test-hivemq-platform] [hivemq] [f969c912] INFO  - [HiveMQ Platform Operator Init App 1.7.0-SNAPSHOT] Waiting for extension ConfigMap sync (expected hash: -543790518) (current hash: -1669998472)
2025-01-29 22:15:16,175 INFO c.h.h.t.HelmChartContainer - [hivemq-test-hivemq-platform] [hivemq-platform-operator] [dfbee245] 22:15:16.172 [pool-6-thread-14] DEBUG c.h.p.o.d.PlatformServiceResource - [helmpods] Desired Platform services (3 services)
2025-01-29 22:15:16,175 INFO c.h.h.t.HelmChartContainer - [hivemq-test-hivemq-platform] [hivemq-platform-operator] [dfbee245] 22:15:16.173 [pool-6-thread-12] DEBUG c.h.p.o.dependants.PodInfoConfigMap - [helmpods] Desired PodInfo ConfigMap (1 extensions) (1 enabled)
2025-01-29 22:15:16,175 INFO c.h.h.t.HelmChartContainer - [hivemq-test-hivemq-platform] [hivemq-platform-operator] [dfbee245] 22:15:16.173 [pool-6-thread-12] DEBUG c.h.p.o.dependants.PodInfoConfigMap - [helmpods] Desired PodInfo ConfigMap (metrics port: 9399) (metrics path: /)
2025-01-29 22:15:16,175 INFO c.h.h.t.HelmChartContainer - [hivemq-test-hivemq-platform] [hivemq-platform-operator] [dfbee245] 22:15:16.173 [pool-6-thread-12] DEBUG c.h.p.o.dependants.PodInfoConfigMap - [helmpods] Desired PodInfo ConfigMap (extension state hash: -543790518)
2025-01-29 22:15:16,175 INFO c.h.h.t.HelmChartContainer - [hivemq-test-hivemq-platform] [hivemq-platform-operator] [dfbee245] 22:15:16.174 [pool-6-thread-17] DEBUG c.h.p.o.d.PodServiceAccountResource - [helmpods] Desired PodServiceAccountResource (serviceAccountName: hivemq-platform-pod-test-hivemq-platform)
2025-01-29 22:15:16,179 INFO c.h.h.t.HelmChartContainer - [hivemq-test-hivemq-platform] [hivemq-platform-operator] [dfbee245] 22:15:16.178 [pool-6-thread-14] DEBUG c.h.p.o.d.StatefulSetResource - [helmpods] Desired StatefulSet (1 replicas) for status RESTART_EXTENSIONS (WAIT_FOR_EXTENSION_RESTART)
2025-01-29 22:15:16,186 INFO c.h.h.t.HelmChartContainer - [hivemq-test-hivemq-platform] [hivemq-platform-operator] [dfbee245] 22:15:16.182 [ReconcilerExecutor-hivemq-controller-119] INFO  c.h.p.o.HiveMQPlatformReconciler - [helmpods] Reconciling HiveMQ Platform 'test-hivemq-platform' in namespace 'helmpodsecuritycontextupgradeextensionit'
2025-01-29 22:15:16,186 INFO c.h.h.t.HelmChartContainer - [hivemq-test-hivemq-platform] [hivemq-platform-operator] [dfbee245] 22:15:16.182 [ReconcilerExecutor-hivemq-controller-119] DEBUG c.h.p.o.HiveMQPlatformReconciler - [helmpods] Custom Resource Status RESTART_EXTENSIONS - HiveMQ Platform is waiting for extension restart (hivemq-distributed-tracing-extension) (WAIT_FOR_EXTENSION_RESTART)
2025-01-29 22:15:16,186 INFO c.h.h.t.HelmChartContainer - [hivemq-test-hivemq-platform] [hivemq-platform-operator] [dfbee245] 22:15:16.182 [ReconcilerExecutor-hivemq-controller-119] DEBUG c.h.p.o.HiveMQPlatformReconciler - [helmpods] Custom Resource Spec (replicas: 1) (extensions: 1)
2025-01-29 22:15:16,187 INFO c.h.h.t.HelmChartContainer - [hivemq-test-hivemq-platform] [hivemq-platform-operator] [dfbee245] 22:15:16.184 [ReconcilerExecutor-hivemq-controller-119] DEBUG c.h.p.o.HiveMQPlatformReconciler - [helmpods] StatefulSet Status (revision: test-hivemq-platform-6778d7488d, replicas: 1, available: 1, ready: 1, current: 1, updated: 1)
2025-01-29 22:15:16,187 INFO c.h.h.t.HelmChartContainer - [hivemq-test-hivemq-platform] [hivemq-platform-operator] [dfbee245] 22:15:16.184 [ReconcilerExecutor-hivemq-controller-119] DEBUG c.h.p.o.HiveMQPlatformReconciler - [helmpods] StatefulSet Spec (replicas: 1, init containers: 1, containers: 1, volumes: 4)
2025-01-29 22:15:16,187 INFO c.h.h.t.HelmChartContainer - [hivemq-test-hivemq-platform] [hivemq-platform-operator] [dfbee245] 22:15:16.185 [ReconcilerExecutor-hivemq-controller-119] DEBUG c.h.p.o.h.HiveMQPlatformReconcilerErrorHandler - [helmpods] Pod 'test-hivemq-platform-0' phase Running
2025-01-29 22:15:16,188 INFO c.h.h.t.HelmChartContainer - [hivemq-test-hivemq-platform] [hivemq-platform-operator] [dfbee245] 22:15:16.187 [ReconcilerExecutor-hivemq-controller-119] INFO  c.h.p.o.h.HiveMQPlatformReconcilerRestartExtensionsHandler - [helmpods] Extension update on Pod 'test-hivemq-platform-0' is still pending
2025-01-29 22:15:16,803 INFO c.h.h.t.HelmChartContainer - [test-hivemq-platform] [hivemq] [f969c912] INFO  - [HiveMQ Platform Operator Init App 1.7.0-SNAPSHOT] Waiting for extension ConfigMap sync (expected hash: -543790518) (current hash: -1669998472)
2025-01-29 22:15:17,804 INFO c.h.h.t.HelmChartContainer - [test-hivemq-platform] [hivemq] [f969c912] INFO  - [HiveMQ Platform Operator Init App 1.7.0-SNAPSHOT] Waiting for extension ConfigMap sync (expected hash: -543790518) (current hash: -1669998472)
2025-01-29 22:15:18,804 INFO c.h.h.t.HelmChartContainer - [test-hivemq-platform] [hivemq] [f969c912] INFO  - [HiveMQ Platform Operator Init App 1.7.0-SNAPSHOT] Waiting for extension ConfigMap sync (expected hash: -543790518) (current hash: -1669998472)
2025-01-29 22:15:19,805 INFO c.h.h.t.HelmChartContainer - [test-hivemq-platform] [hivemq] [f969c912] INFO  - [HiveMQ Platform Operator Init App 1.7.0-SNAPSHOT] Waiting for extension ConfigMap sync (expected hash: -543790518) (current hash: -1669998472)
2025-01-29 22:15:20,806 INFO c.h.h.t.HelmChartContainer - [test-hivemq-platform] [hivemq] [f969c912] INFO  - [HiveMQ Platform Operator Init App 1.7.0-SNAPSHOT] Waiting for extension ConfigMap sync (expected hash: -543790518) (current hash: -1669998472)
2025-01-29 22:15:21,806 INFO c.h.h.t.HelmChartContainer - [test-hivemq-platform] [hivemq] [f969c912] INFO  - [HiveMQ Platform Operator Init App 1.7.0-SNAPSHOT] Waiting for extension ConfigMap sync (expected hash: -543790518) (current hash: -1669998472)
2025-01-29 22:15:22,806 INFO c.h.h.t.HelmChartContainer - [test-hivemq-platform] [hivemq] [f969c912] INFO  - [HiveMQ Platform Operator Init App 1.7.0-SNAPSHOT] Waiting for extension ConfigMap sync (expected hash: -543790518) (current hash: -1669998472)
2025-01-29 22:15:23,807 INFO c.h.h.t.HelmChartContainer - [test-hivemq-platform] [hivemq] [f969c912] INFO  - [HiveMQ Platform Operator Init App 1.7.0-SNAPSHOT] Waiting for extension ConfigMap sync (expected hash: -543790518) (current hash: -1669998472)
2025-01-29 22:15:24,807 INFO c.h.h.t.HelmChartContainer - [test-hivemq-platform] [hivemq] [f969c912] INFO  - [HiveMQ Platform Operator Init App 1.7.0-SNAPSHOT] Waiting for extension ConfigMap sync (expected hash: -543790518) (current hash: -1669998472)
2025-01-29 22:15:25,808 INFO c.h.h.t.HelmChartContainer - [test-hivemq-platform] [hivemq] [f969c912] INFO  - [HiveMQ Platform Operator Init App 1.7.0-SNAPSHOT] Waiting for extension ConfigMap sync (expected hash: -543790518) (current hash: -1669998472)
2025-01-29 22:15:26,191 INFO c.h.h.t.HelmChartContainer - [hivemq-test-hivemq-platform] [hivemq-platform-operator] [dfbee245] 22:15:26.190 [pool-6-thread-28] DEBUG c.h.p.o.d.PlatformServiceResource - [helmpods] Desired Platform services (3 services)
2025-01-29 22:15:26,193 INFO c.h.h.t.HelmChartContainer - [hivemq-test-hivemq-platform] [hivemq-platform-operator] [dfbee245] 22:15:26.191 [pool-6-thread-29] DEBUG c.h.p.o.dependants.PodInfoConfigMap - [helmpods] Desired PodInfo ConfigMap (1 extensions) (1 enabled)
2025-01-29 22:15:26,193 INFO c.h.h.t.HelmChartContainer - [hivemq-test-hivemq-platform] [hivemq-platform-operator] [dfbee245] 22:15:26.191 [pool-6-thread-29] DEBUG c.h.p.o.dependants.PodInfoConfigMap - [helmpods] Desired PodInfo ConfigMap (metrics port: 9399) (metrics path: /)
2025-01-29 22:15:26,193 INFO c.h.h.t.HelmChartContainer - [hivemq-test-hivemq-platform] [hivemq-platform-operator] [dfbee245] 22:15:26.191 [pool-6-thread-29] DEBUG c.h.p.o.dependants.PodInfoConfigMap - [helmpods] Desired PodInfo ConfigMap (extension state hash: -543790518)
2025-01-29 22:15:26,194 INFO c.h.h.t.HelmChartContainer - [hivemq-test-hivemq-platform] [hivemq-platform-operator] [dfbee245] 22:15:26.193 [pool-6-thread-29] DEBUG c.h.p.o.d.PodServiceAccountResource - [helmpods] Desired PodServiceAccountResource (serviceAccountName: hivemq-platform-pod-test-hivemq-platform)
2025-01-29 22:15:26,196 INFO c.h.h.t.HelmChartContainer - [hivemq-test-hivemq-platform] [hivemq-platform-operator] [dfbee245] 22:15:26.196 [pool-6-thread-21] DEBUG c.h.p.o.d.StatefulSetResource - [helmpods] Desired StatefulSet (1 replicas) for status RESTART_EXTENSIONS (WAIT_FOR_EXTENSION_RESTART)
2025-01-29 22:15:26,199 INFO c.h.h.t.HelmChartContainer - [hivemq-test-hivemq-platform] [hivemq-platform-operator] [dfbee245] 22:15:26.198 [ReconcilerExecutor-hivemq-controller-120] INFO  c.h.p.o.HiveMQPlatformReconciler - [helmpods] Reconciling HiveMQ Platform 'test-hivemq-platform' in namespace 'helmpodsecuritycontextupgradeextensionit'
2025-01-29 22:15:26,199 INFO c.h.h.t.HelmChartContainer - [hivemq-test-hivemq-platform] [hivemq-platform-operator] [dfbee245] 22:15:26.198 [ReconcilerExecutor-hivemq-controller-120] DEBUG c.h.p.o.HiveMQPlatformReconciler - [helmpods] Custom Resource Status RESTART_EXTENSIONS - HiveMQ Platform is waiting for extension restart (hivemq-distributed-tracing-extension) (WAIT_FOR_EXTENSION_RESTART)
2025-01-29 22:15:26,199 INFO c.h.h.t.HelmChartContainer - [hivemq-test-hivemq-platform] [hivemq-platform-operator] [dfbee245] 22:15:26.198 [ReconcilerExecutor-hivemq-controller-120] DEBUG c.h.p.o.HiveMQPlatformReconciler - [helmpods] Custom Resource Spec (replicas: 1) (extensions: 1)
2025-01-29 22:15:26,201 INFO c.h.h.t.HelmChartContainer - [hivemq-test-hivemq-platform] [hivemq-platform-operator] [dfbee245] 22:15:26.200 [ReconcilerExecutor-hivemq-controller-120] DEBUG c.h.p.o.HiveMQPlatformReconciler - [helmpods] StatefulSet Status (revision: test-hivemq-platform-6778d7488d, replicas: 1, available: 1, ready: 1, current: 1, updated: 1)
2025-01-29 22:15:26,201 INFO c.h.h.t.HelmChartContainer - [hivemq-test-hivemq-platform] [hivemq-platform-operator] [dfbee245] 22:15:26.200 [ReconcilerExecutor-hivemq-controller-120] DEBUG c.h.p.o.HiveMQPlatformReconciler - [helmpods] StatefulSet Spec (replicas: 1, init containers: 1, containers: 1, volumes: 4)
2025-01-29 22:15:26,202 INFO c.h.h.t.HelmChartContainer - [hivemq-test-hivemq-platform] [hivemq-platform-operator] [dfbee245] 22:15:26.201 [ReconcilerExecutor-hivemq-controller-120] DEBUG c.h.p.o.h.HiveMQPlatformReconcilerErrorHandler - [helmpods] Pod 'test-hivemq-platform-0' phase Running
2025-01-29 22:15:26,207 INFO c.h.h.t.HelmChartContainer - [hivemq-test-hivemq-platform] [hivemq-platform-operator] [dfbee245] 22:15:26.206 [ReconcilerExecutor-hivemq-controller-120] DEBUG c.h.p.o.h.HiveMQPlatformReconcilerRestartExtensionsHandler - [helmpods] Checking update extension status on Pod 'test-hivemq-platform-0'
2025-01-29 22:15:26,282 INFO c.h.h.t.HelmChartContainer - [test-hivemq-platform] [hivemq] [f969c912] INFO  - [HiveMQ Platform Operator Init App 1.7.0-SNAPSHOT] Extension update is pending (0 errors)
2025-01-29 22:15:26,286 INFO c.h.h.t.HelmChartContainer - [hivemq-test-hivemq-platform] [hivemq-platform-operator] [dfbee245] 22:15:26.285 [vert.x-eventloop-thread-0] DEBUG c.h.platform.operator.util.PodUtil - Received status for command '[curl, -s, http://10.42.0.8:7979/updateExtensionStatus]' on Pod 'test-hivemq-platform-0' (exit code: 0)
2025-01-29 22:15:26,808 INFO c.h.h.t.HelmChartContainer - [test-hivemq-platform] [hivemq] [f969c912] INFO  - [HiveMQ Platform Operator Init App 1.7.0-SNAPSHOT] Waiting for extension ConfigMap sync (expected hash: -543790518) (current hash: -1669998472)
2025-01-29 22:15:27,262 INFO c.h.h.t.HelmChartContainer - [hivemq-test-hivemq-platform] [hivemq-platform-operator] [dfbee245] 22:15:27.258 [pool-6-thread-39] DEBUG c.h.p.o.d.PlatformServiceResource - [helmpods] Desired Platform services (3 services)
2025-01-29 22:15:27,262 INFO c.h.h.t.HelmChartContainer - [hivemq-test-hivemq-platform] [hivemq-platform-operator] [dfbee245] 22:15:27.259 [pool-6-thread-34] DEBUG c.h.p.o.dependants.PodInfoConfigMap - [helmpods] Desired PodInfo ConfigMap (1 extensions) (1 enabled)
2025-01-29 22:15:27,262 INFO c.h.h.t.HelmChartContainer - [hivemq-test-hivemq-platform] [hivemq-platform-operator] [dfbee245] 22:15:27.259 [pool-6-thread-34] DEBUG c.h.p.o.dependants.PodInfoConfigMap - [helmpods] Desired PodInfo ConfigMap (metrics port: 9399) (metrics path: /)
2025-01-29 22:15:27,262 INFO c.h.h.t.HelmChartContainer - [hivemq-test-hivemq-platform] [hivemq-platform-operator] [dfbee245] 22:15:27.259 [pool-6-thread-34] DEBUG c.h.p.o.dependants.PodInfoConfigMap - [helmpods] Desired PodInfo ConfigMap (extension state hash: -543790518)
2025-01-29 22:15:27,262 INFO c.h.h.t.HelmChartContainer - [hivemq-test-hivemq-platform] [hivemq-platform-operator] [dfbee245] 22:15:27.259 [pool-6-thread-36] DEBUG c.h.p.o.d.PodServiceAccountResource - [helmpods] Desired PodServiceAccountResource (serviceAccountName: hivemq-platform-pod-test-hivemq-platform)
2025-01-29 22:15:27,263 INFO c.h.h.t.HelmChartContainer - [hivemq-test-hivemq-platform] [hivemq-platform-operator] [dfbee245] 22:15:27.262 [pool-6-thread-39] DEBUG c.h.p.o.d.StatefulSetResource - [helmpods] Desired StatefulSet (1 replicas) for status RESTART_EXTENSIONS (WAIT_FOR_EXTENSION_RESTART)
2025-01-29 22:15:27,266 INFO c.h.h.t.HelmChartContainer - [hivemq-test-hivemq-platform] [hivemq-platform-operator] [dfbee245] 22:15:27.266 [ReconcilerExecutor-hivemq-controller-121] INFO  c.h.p.o.HiveMQPlatformReconciler - [helmpods] Reconciling HiveMQ Platform 'test-hivemq-platform' in namespace 'helmpodsecuritycontextupgradeextensionit'
2025-01-29 22:15:27,267 INFO c.h.h.t.HelmChartContainer - [hivemq-test-hivemq-platform] [hivemq-platform-operator] [dfbee245] 22:15:27.266 [ReconcilerExecutor-hivemq-controller-121] DEBUG c.h.p.o.HiveMQPlatformReconciler - [helmpods] Custom Resource Status RESTART_EXTENSIONS - HiveMQ Platform is waiting for extension restart (hivemq-distributed-tracing-extension) (WAIT_FOR_EXTENSION_RESTART)
2025-01-29 22:15:27,267 INFO c.h.h.t.HelmChartContainer - [hivemq-test-hivemq-platform] [hivemq-platform-operator] [dfbee245] 22:15:27.266 [ReconcilerExecutor-hivemq-controller-121] DEBUG c.h.p.o.HiveMQPlatformReconciler - [helmpods] Custom Resource Spec (replicas: 1) (extensions: 1)
2025-01-29 22:15:27,268 INFO c.h.h.t.HelmChartContainer - [hivemq-test-hivemq-platform] [hivemq-platform-operator] [dfbee245] 22:15:27.267 [ReconcilerExecutor-hivemq-controller-121] DEBUG c.h.p.o.HiveMQPlatformReconciler - [helmpods] StatefulSet Status (revision: test-hivemq-platform-6778d7488d, replicas: 1, available: 1, ready: 1, current: 1, updated: 1)
2025-01-29 22:15:27,268 INFO c.h.h.t.HelmChartContainer - [hivemq-test-hivemq-platform] [hivemq-platform-operator] [dfbee245] 22:15:27.267 [ReconcilerExecutor-hivemq-controller-121] DEBUG c.h.p.o.HiveMQPlatformReconciler - [helmpods] StatefulSet Spec (replicas: 1, init containers: 1, containers: 1, volumes: 4)
2025-01-29 22:15:27,269 INFO c.h.h.t.HelmChartContainer - [hivemq-test-hivemq-platform] [hivemq-platform-operator] [dfbee245] 22:15:27.268 [ReconcilerExecutor-hivemq-controller-121] DEBUG c.h.p.o.h.HiveMQPlatformReconcilerErrorHandler - [helmpods] Pod 'test-hivemq-platform-0' phase Running
2025-01-29 22:15:27,270 INFO c.h.h.t.HelmChartContainer - [hivemq-test-hivemq-platform] [hivemq-platform-operator] [dfbee245] 22:15:27.269 [ReconcilerExecutor-hivemq-controller-121] INFO  c.h.p.o.h.HiveMQPlatformReconcilerRestartExtensionsHandler - [helmpods] Extension update on Pod 'test-hivemq-platform-0' is still pending
2025-01-29 22:15:27,808 INFO c.h.h.t.HelmChartContainer - [test-hivemq-platform] [hivemq] [f969c912] INFO  - [HiveMQ Platform Operator Init App 1.7.0-SNAPSHOT] Waiting for extension ConfigMap sync (expected hash: -543790518) (current hash: -1669998472)
2025-01-29 22:15:28,809 INFO c.h.h.t.HelmChartContainer - [test-hivemq-platform] [hivemq] [f969c912] INFO  - [HiveMQ Platform Operator Init App 1.7.0-SNAPSHOT] Waiting for extension ConfigMap sync (expected hash: -543790518) (current hash: -1669998472)
2025-01-29 22:15:29,809 INFO c.h.h.t.HelmChartContainer - [test-hivemq-platform] [hivemq] [f969c912] INFO  - [HiveMQ Platform Operator Init App 1.7.0-SNAPSHOT] Waiting for extension ConfigMap sync (expected hash: -543790518) (current hash: -1669998472)
2025-01-29 22:15:30,810 INFO c.h.h.t.HelmChartContainer - [test-hivemq-platform] [hivemq] [f969c912] INFO  - [HiveMQ Platform Operator Init App 1.7.0-SNAPSHOT] Waiting for extension ConfigMap sync (expected hash: -543790518) (current hash: -1669998472)
2025-01-29 22:15:31,810 INFO c.h.h.t.HelmChartContainer - [test-hivemq-platform] [hivemq] [f969c912] INFO  - [HiveMQ Platform Operator Init App 1.7.0-SNAPSHOT] Waiting for extension ConfigMap sync (expected hash: -543790518) (current hash: -1669998472)
2025-01-29 22:15:32,811 INFO c.h.h.t.HelmChartContainer - [test-hivemq-platform] [hivemq] [f969c912] INFO  - [HiveMQ Platform Operator Init App 1.7.0-SNAPSHOT] Waiting for extension ConfigMap sync (expected hash: -543790518) (current hash: -1669998472)
2025-01-29 22:15:33,812 INFO c.h.h.t.HelmChartContainer - [test-hivemq-platform] [hivemq] [f969c912] INFO  - [HiveMQ Platform Operator Init App 1.7.0-SNAPSHOT] Waiting for extension ConfigMap sync (expected hash: -543790518) (current hash: -1669998472)
2025-01-29 22:15:34,812 INFO c.h.h.t.HelmChartContainer - [test-hivemq-platform] [hivemq] [f969c912] INFO  - [HiveMQ Platform Operator Init App 1.7.0-SNAPSHOT] Waiting for extension ConfigMap sync (expected hash: -543790518) (current hash: -1669998472)
2025-01-29 22:15:35,812 INFO c.h.h.t.HelmChartContainer - [test-hivemq-platform] [hivemq] [f969c912] INFO  - [HiveMQ Platform Operator Init App 1.7.0-SNAPSHOT] Waiting for extension ConfigMap sync (expected hash: -543790518) (current hash: -1669998472)
2025-01-29 22:15:36,813 INFO c.h.h.t.HelmChartContainer - [test-hivemq-platform] [hivemq] [f969c912] INFO  - [HiveMQ Platform Operator Init App 1.7.0-SNAPSHOT] Waiting for extension ConfigMap sync (expected hash: -543790518) (current hash: -1669998472)
2025-01-29 22:15:37,275 INFO c.h.h.t.HelmChartContainer - [hivemq-test-hivemq-platform] [hivemq-platform-operator] [dfbee245] 22:15:37.272 [pool-6-thread-49] DEBUG c.h.p.o.d.PlatformServiceResource - [helmpods] Desired Platform services (3 services)
2025-01-29 22:15:37,275 INFO c.h.h.t.HelmChartContainer - [hivemq-test-hivemq-platform] [hivemq-platform-operator] [dfbee245] 22:15:37.273 [pool-6-thread-43] DEBUG c.h.p.o.dependants.PodInfoConfigMap - [helmpods] Desired PodInfo ConfigMap (1 extensions) (1 enabled)
2025-01-29 22:15:37,276 INFO c.h.h.t.HelmChartContainer - [hivemq-test-hivemq-platform] [hivemq-platform-operator] [dfbee245] 22:15:37.273 [pool-6-thread-43] DEBUG c.h.p.o.dependants.PodInfoConfigMap - [helmpods] Desired PodInfo ConfigMap (metrics port: 9399) (metrics path: /)
2025-01-29 22:15:37,276 INFO c.h.h.t.HelmChartContainer - [hivemq-test-hivemq-platform] [hivemq-platform-operator] [dfbee245] 22:15:37.273 [pool-6-thread-43] DEBUG c.h.p.o.dependants.PodInfoConfigMap - [helmpods] Desired PodInfo ConfigMap (extension state hash: -543790518)
2025-01-29 22:15:37,276 INFO c.h.h.t.HelmChartContainer - [hivemq-test-hivemq-platform] [hivemq-platform-operator] [dfbee245] 22:15:37.274 [pool-6-thread-43] DEBUG c.h.p.o.d.PodServiceAccountResource - [helmpods] Desired PodServiceAccountResource (serviceAccountName: hivemq-platform-pod-test-hivemq-platform)
2025-01-29 22:15:37,278 INFO c.h.h.t.HelmChartContainer - [hivemq-test-hivemq-platform] [hivemq-platform-operator] [dfbee245] 22:15:37.277 [pool-6-thread-49] DEBUG c.h.p.o.d.StatefulSetResource - [helmpods] Desired StatefulSet (1 replicas) for status RESTART_EXTENSIONS (WAIT_FOR_EXTENSION_RESTART)
2025-01-29 22:15:37,281 INFO c.h.h.t.HelmChartContainer - [hivemq-test-hivemq-platform] [hivemq-platform-operator] [dfbee245] 22:15:37.280 [ReconcilerExecutor-hivemq-controller-122] INFO  c.h.p.o.HiveMQPlatformReconciler - [helmpods] Reconciling HiveMQ Platform 'test-hivemq-platform' in namespace 'helmpodsecuritycontextupgradeextensionit'
2025-01-29 22:15:37,282 INFO c.h.h.t.HelmChartContainer - [hivemq-test-hivemq-platform] [hivemq-platform-operator] [dfbee245] 22:15:37.280 [ReconcilerExecutor-hivemq-controller-122] DEBUG c.h.p.o.HiveMQPlatformReconciler - [helmpods] Custom Resource Status RESTART_EXTENSIONS - HiveMQ Platform is waiting for extension restart (hivemq-distributed-tracing-extension) (WAIT_FOR_EXTENSION_RESTART)
2025-01-29 22:15:37,282 INFO c.h.h.t.HelmChartContainer - [hivemq-test-hivemq-platform] [hivemq-platform-operator] [dfbee245] 22:15:37.280 [ReconcilerExecutor-hivemq-controller-122] DEBUG c.h.p.o.HiveMQPlatformReconciler - [helmpods] Custom Resource Spec (replicas: 1) (extensions: 1)
2025-01-29 22:15:37,283 INFO c.h.h.t.HelmChartContainer - [hivemq-test-hivemq-platform] [hivemq-platform-operator] [dfbee245] 22:15:37.282 [ReconcilerExecutor-hivemq-controller-122] DEBUG c.h.p.o.HiveMQPlatformReconciler - [helmpods] StatefulSet Status (revision: test-hivemq-platform-6778d7488d, replicas: 1, available: 1, ready: 1, current: 1, updated: 1)
2025-01-29 22:15:37,284 INFO c.h.h.t.HelmChartContainer - [hivemq-test-hivemq-platform] [hivemq-platform-operator] [dfbee245] 22:15:37.282 [ReconcilerExecutor-hivemq-controller-122] DEBUG c.h.p.o.HiveMQPlatformReconciler - [helmpods] StatefulSet Spec (replicas: 1, init containers: 1, containers: 1, volumes: 4)
2025-01-29 22:15:37,285 INFO c.h.h.t.HelmChartContainer - [hivemq-test-hivemq-platform] [hivemq-platform-operator] [dfbee245] 22:15:37.283 [ReconcilerExecutor-hivemq-controller-122] DEBUG c.h.p.o.h.HiveMQPlatformReconcilerErrorHandler - [helmpods] Pod 'test-hivemq-platform-0' phase Running
2025-01-29 22:15:37,290 INFO c.h.h.t.HelmChartContainer - [hivemq-test-hivemq-platform] [hivemq-platform-operator] [dfbee245] 22:15:37.289 [ReconcilerExecutor-hivemq-controller-122] DEBUG c.h.p.o.h.HiveMQPlatformReconcilerRestartExtensionsHandler - [helmpods] Checking update extension status on Pod 'test-hivemq-platform-0'
2025-01-29 22:15:37,385 INFO c.h.h.t.HelmChartContainer - [test-hivemq-platform] [hivemq] [f969c912] INFO  - [HiveMQ Platform Operator Init App 1.7.0-SNAPSHOT] Extension update is pending (0 errors)
2025-01-29 22:15:37,443 INFO c.h.h.t.HelmChartContainer - [hivemq-test-hivemq-platform] [hivemq-platform-operator] [dfbee245] 22:15:37.442 [vert.x-eventloop-thread-1] DEBUG c.h.platform.operator.util.PodUtil - Received status for command '[curl, -s, http://10.42.0.8:7979/updateExtensionStatus]' on Pod 'test-hivemq-platform-0' (exit code: 0)
2025-01-29 22:15:37,813 INFO c.h.h.t.HelmChartContainer - [test-hivemq-platform] [hivemq] [f969c912] INFO  - [HiveMQ Platform Operator Init App 1.7.0-SNAPSHOT] Waiting for extension ConfigMap sync (expected hash: -543790518) (current hash: -1669998472)
2025-01-29 22:15:38,367 INFO c.h.h.t.HelmChartContainer - [hivemq-test-hivemq-platform] [hivemq-platform-operator] [dfbee245] 22:15:38.364 [pool-6-thread-10] DEBUG c.h.p.o.d.PlatformServiceResource - [helmpods] Desired Platform services (3 services)
2025-01-29 22:15:38,367 INFO c.h.h.t.HelmChartContainer - [hivemq-test-hivemq-platform] [hivemq-platform-operator] [dfbee245] 22:15:38.365 [pool-6-thread-5] DEBUG c.h.p.o.d.PodServiceAccountResource - [helmpods] Desired PodServiceAccountResource (serviceAccountName: hivemq-platform-pod-test-hivemq-platform)
2025-01-29 22:15:38,368 INFO c.h.h.t.HelmChartContainer - [hivemq-test-hivemq-platform] [hivemq-platform-operator] [dfbee245] 22:15:38.366 [pool-6-thread-8] DEBUG c.h.p.o.dependants.PodInfoConfigMap - [helmpods] Desired PodInfo ConfigMap (1 extensions) (1 enabled)
2025-01-29 22:15:38,368 INFO c.h.h.t.HelmChartContainer - [hivemq-test-hivemq-platform] [hivemq-platform-operator] [dfbee245] 22:15:38.366 [pool-6-thread-8] DEBUG c.h.p.o.dependants.PodInfoConfigMap - [helmpods] Desired PodInfo ConfigMap (metrics port: 9399) (metrics path: /)
2025-01-29 22:15:38,368 INFO c.h.h.t.HelmChartContainer - [hivemq-test-hivemq-platform] [hivemq-platform-operator] [dfbee245] 22:15:38.366 [pool-6-thread-8] DEBUG c.h.p.o.dependants.PodInfoConfigMap - [helmpods] Desired PodInfo ConfigMap (extension state hash: -543790518)
2025-01-29 22:15:38,370 INFO c.h.h.t.HelmChartContainer - [hivemq-test-hivemq-platform] [hivemq-platform-operator] [dfbee245] 22:15:38.370 [pool-6-thread-10] DEBUG c.h.p.o.d.StatefulSetResource - [helmpods] Desired StatefulSet (1 replicas) for status RESTART_EXTENSIONS (WAIT_FOR_EXTENSION_RESTART)
2025-01-29 22:15:38,374 INFO c.h.h.t.HelmChartContainer - [hivemq-test-hivemq-platform] [hivemq-platform-operator] [dfbee245] 22:15:38.373 [ReconcilerExecutor-hivemq-controller-123] INFO  c.h.p.o.HiveMQPlatformReconciler - [helmpods] Reconciling HiveMQ Platform 'test-hivemq-platform' in namespace 'helmpodsecuritycontextupgradeextensionit'
2025-01-29 22:15:38,376 INFO c.h.h.t.HelmChartContainer - [hivemq-test-hivemq-platform] [hivemq-platform-operator] [dfbee245] 22:15:38.373 [ReconcilerExecutor-hivemq-controller-123] DEBUG c.h.p.o.HiveMQPlatformReconciler - [helmpods] Custom Resource Status RESTART_EXTENSIONS - HiveMQ Platform is waiting for extension restart (hivemq-distributed-tracing-extension) (WAIT_FOR_EXTENSION_RESTART)
2025-01-29 22:15:38,376 INFO c.h.h.t.HelmChartContainer - [hivemq-test-hivemq-platform] [hivemq-platform-operator] [dfbee245] 22:15:38.373 [ReconcilerExecutor-hivemq-controller-123] DEBUG c.h.p.o.HiveMQPlatformReconciler - [helmpods] Custom Resource Spec (replicas: 1) (extensions: 1)
2025-01-29 22:15:38,377 INFO c.h.h.t.HelmChartContainer - [hivemq-test-hivemq-platform] [hivemq-platform-operator] [dfbee245] 22:15:38.375 [ReconcilerExecutor-hivemq-controller-123] DEBUG c.h.p.o.HiveMQPlatformReconciler - [helmpods] StatefulSet Status (revision: test-hivemq-platform-6778d7488d, replicas: 1, available: 1, ready: 1, current: 1, updated: 1)
2025-01-29 22:15:38,377 INFO c.h.h.t.HelmChartContainer - [hivemq-test-hivemq-platform] [hivemq-platform-operator] [dfbee245] 22:15:38.375 [ReconcilerExecutor-hivemq-controller-123] DEBUG c.h.p.o.HiveMQPlatformReconciler - [helmpods] StatefulSet Spec (replicas: 1, init containers: 1, containers: 1, volumes: 4)
2025-01-29 22:15:38,379 INFO c.h.h.t.HelmChartContainer - [hivemq-test-hivemq-platform] [hivemq-platform-operator] [dfbee245] 22:15:38.378 [ReconcilerExecutor-hivemq-controller-123] DEBUG c.h.p.o.h.HiveMQPlatformReconcilerErrorHandler - [helmpods] Pod 'test-hivemq-platform-0' phase Running
2025-01-29 22:15:38,380 INFO c.h.h.t.HelmChartContainer - [hivemq-test-hivemq-platform] [hivemq-platform-operator] [dfbee245] 22:15:38.379 [ReconcilerExecutor-hivemq-controller-123] INFO  c.h.p.o.h.HiveMQPlatformReconcilerRestartExtensionsHandler - [helmpods] Extension update on Pod 'test-hivemq-platform-0' is still pending
2025-01-29 22:15:38,814 INFO c.h.h.t.HelmChartContainer - [test-hivemq-platform] [hivemq] [f969c912] INFO  - [HiveMQ Platform Operator Init App 1.7.0-SNAPSHOT] Waiting for extension ConfigMap sync (expected hash: -543790518) (current hash: -1669998472)
2025-01-29 22:15:39,814 INFO c.h.h.t.HelmChartContainer - [test-hivemq-platform] [hivemq] [f969c912] INFO  - [HiveMQ Platform Operator Init App 1.7.0-SNAPSHOT] Waiting for extension ConfigMap sync (expected hash: -543790518) (current hash: -1669998472)
2025-01-29 22:15:40,814 INFO c.h.h.t.HelmChartContainer - [test-hivemq-platform] [hivemq] [f969c912] INFO  - [HiveMQ Platform Operator Init App 1.7.0-SNAPSHOT] Waiting for extension ConfigMap sync (expected hash: -543790518) (current hash: -1669998472)
2025-01-29 22:15:41,815 INFO c.h.h.t.HelmChartContainer - [test-hivemq-platform] [hivemq] [f969c912] INFO  - [HiveMQ Platform Operator Init App 1.7.0-SNAPSHOT] Waiting for extension ConfigMap sync (expected hash: -543790518) (current hash: -1669998472)
2025-01-29 22:15:42,815 INFO c.h.h.t.HelmChartContainer - [test-hivemq-platform] [hivemq] [f969c912] INFO  - [HiveMQ Platform Operator Init App 1.7.0-SNAPSHOT] Waiting for extension ConfigMap sync (expected hash: -543790518) (current hash: -1669998472)
2025-01-29 22:15:43,816 INFO c.h.h.t.HelmChartContainer - [test-hivemq-platform] [hivemq] [f969c912] INFO  - [HiveMQ Platform Operator Init App 1.7.0-SNAPSHOT] Waiting for extension ConfigMap sync (expected hash: -543790518) (current hash: -1669998472)
2025-01-29 22:15:44,817 INFO c.h.h.t.HelmChartContainer - [test-hivemq-platform] [hivemq] [f969c912] INFO  - [HiveMQ Platform Operator Init App 1.7.0-SNAPSHOT] Waiting for extension ConfigMap sync (expected hash: -543790518) (current hash: -1669998472)
2025-01-29 22:15:45,817 INFO c.h.h.t.HelmChartContainer - [test-hivemq-platform] [hivemq] [f969c912] INFO  - [HiveMQ Platform Operator Init App 1.7.0-SNAPSHOT] Waiting for extension ConfigMap sync (expected hash: -543790518) (current hash: -1669998472)
2025-01-29 22:15:46,817 INFO c.h.h.t.HelmChartContainer - [test-hivemq-platform] [hivemq] [f969c912] INFO  - [HiveMQ Platform Operator Init App 1.7.0-SNAPSHOT] Waiting for extension ConfigMap sync (expected hash: -543790518) (current hash: -1669998472)
2025-01-29 22:15:47,818 INFO c.h.h.t.HelmChartContainer - [test-hivemq-platform] [hivemq] [f969c912] INFO  - [HiveMQ Platform Operator Init App 1.7.0-SNAPSHOT] Waiting for extension ConfigMap sync (expected hash: -543790518) (current hash: -1669998472)
2025-01-29 22:15:48,385 INFO c.h.h.t.HelmChartContainer - [hivemq-test-hivemq-platform] [hivemq-platform-operator] [dfbee245] 22:15:48.382 [pool-6-thread-12] DEBUG c.h.p.o.d.PlatformServiceResource - [helmpods] Desired Platform services (3 services)
2025-01-29 22:15:48,385 INFO c.h.h.t.HelmChartContainer - [hivemq-test-hivemq-platform] [hivemq-platform-operator] [dfbee245] 22:15:48.383 [pool-6-thread-17] DEBUG c.h.p.o.dependants.PodInfoConfigMap - [helmpods] Desired PodInfo ConfigMap (1 extensions) (1 enabled)
2025-01-29 22:15:48,386 INFO c.h.h.t.HelmChartContainer - [hivemq-test-hivemq-platform] [hivemq-platform-operator] [dfbee245] 22:15:48.383 [pool-6-thread-17] DEBUG c.h.p.o.dependants.PodInfoConfigMap - [helmpods] Desired PodInfo ConfigMap (metrics port: 9399) (metrics path: /)
2025-01-29 22:15:48,386 INFO c.h.h.t.HelmChartContainer - [hivemq-test-hivemq-platform] [hivemq-platform-operator] [dfbee245] 22:15:48.383 [pool-6-thread-17] DEBUG c.h.p.o.dependants.PodInfoConfigMap - [helmpods] Desired PodInfo ConfigMap (extension state hash: -543790518)
2025-01-29 22:15:48,386 INFO c.h.h.t.HelmChartContainer - [hivemq-test-hivemq-platform] [hivemq-platform-operator] [dfbee245] 22:15:48.383 [pool-6-thread-20] DEBUG c.h.p.o.d.PodServiceAccountResource - [helmpods] Desired PodServiceAccountResource (serviceAccountName: hivemq-platform-pod-test-hivemq-platform)
2025-01-29 22:15:48,390 INFO c.h.h.t.HelmChartContainer - [hivemq-test-hivemq-platform] [hivemq-platform-operator] [dfbee245] 22:15:48.390 [pool-6-thread-12] DEBUG c.h.p.o.d.StatefulSetResource - [helmpods] Desired StatefulSet (1 replicas) for status RESTART_EXTENSIONS (WAIT_FOR_EXTENSION_RESTART)
2025-01-29 22:15:48,395 INFO c.h.h.t.HelmChartContainer - [hivemq-test-hivemq-platform] [hivemq-platform-operator] [dfbee245] 22:15:48.394 [ReconcilerExecutor-hivemq-controller-124] INFO  c.h.p.o.HiveMQPlatformReconciler - [helmpods] Reconciling HiveMQ Platform 'test-hivemq-platform' in namespace 'helmpodsecuritycontextupgradeextensionit'
2025-01-29 22:15:48,395 INFO c.h.h.t.HelmChartContainer - [hivemq-test-hivemq-platform] [hivemq-platform-operator] [dfbee245] 22:15:48.394 [ReconcilerExecutor-hivemq-controller-124] DEBUG c.h.p.o.HiveMQPlatformReconciler - [helmpods] Custom Resource Status RESTART_EXTENSIONS - HiveMQ Platform is waiting for extension restart (hivemq-distributed-tracing-extension) (WAIT_FOR_EXTENSION_RESTART)
2025-01-29 22:15:48,395 INFO c.h.h.t.HelmChartContainer - [hivemq-test-hivemq-platform] [hivemq-platform-operator] [dfbee245] 22:15:48.394 [ReconcilerExecutor-hivemq-controller-124] DEBUG c.h.p.o.HiveMQPlatformReconciler - [helmpods] Custom Resource Spec (replicas: 1) (extensions: 1)
2025-01-29 22:15:48,396 INFO c.h.h.t.HelmChartContainer - [hivemq-test-hivemq-platform] [hivemq-platform-operator] [dfbee245] 22:15:48.395 [ReconcilerExecutor-hivemq-controller-124] DEBUG c.h.p.o.HiveMQPlatformReconciler - [helmpods] StatefulSet Status (revision: test-hivemq-platform-6778d7488d, replicas: 1, available: 1, ready: 1, current: 1, updated: 1)
2025-01-29 22:15:48,396 INFO c.h.h.t.HelmChartContainer - [hivemq-test-hivemq-platform] [hivemq-platform-operator] [dfbee245] 22:15:48.395 [ReconcilerExecutor-hivemq-controller-124] DEBUG c.h.p.o.HiveMQPlatformReconciler - [helmpods] StatefulSet Spec (replicas: 1, init containers: 1, containers: 1, volumes: 4)
2025-01-29 22:15:48,397 INFO c.h.h.t.HelmChartContainer - [hivemq-test-hivemq-platform] [hivemq-platform-operator] [dfbee245] 22:15:48.396 [ReconcilerExecutor-hivemq-controller-124] DEBUG c.h.p.o.h.HiveMQPlatformReconcilerErrorHandler - [helmpods] Pod 'test-hivemq-platform-0' phase Running
2025-01-29 22:15:48,403 INFO c.h.h.t.HelmChartContainer - [hivemq-test-hivemq-platform] [hivemq-platform-operator] [dfbee245] 22:15:48.402 [ReconcilerExecutor-hivemq-controller-124] DEBUG c.h.p.o.h.HiveMQPlatformReconcilerRestartExtensionsHandler - [helmpods] Checking update extension status on Pod 'test-hivemq-platform-0'
2025-01-29 22:15:48,586 INFO c.h.h.t.HelmChartContainer - [test-hivemq-platform] [hivemq] [f969c912] INFO  - [HiveMQ Platform Operator Init App 1.7.0-SNAPSHOT] Extension update is pending (0 errors)
2025-01-29 22:15:48,643 INFO c.h.h.t.HelmChartContainer - [hivemq-test-hivemq-platform] [hivemq-platform-operator] [dfbee245] 22:15:48.642 [vert.x-eventloop-thread-0] DEBUG c.h.platform.operator.util.PodUtil - Received status for command '[curl, -s, http://10.42.0.8:7979/updateExtensionStatus]' on Pod 'test-hivemq-platform-0' (exit code: 0)
2025-01-29 22:15:48,818 INFO c.h.h.t.HelmChartContainer - [test-hivemq-platform] [hivemq] [f969c912] INFO  - [HiveMQ Platform Operator Init App 1.7.0-SNAPSHOT] Waiting for extension ConfigMap sync (expected hash: -543790518) (current hash: -1669998472)
2025-01-29 22:15:49,567 INFO c.h.h.t.HelmChartContainer - [hivemq-test-hivemq-platform] [hivemq-platform-operator] [dfbee245] 22:15:49.565 [pool-6-thread-29] DEBUG c.h.p.o.d.PlatformServiceResource - [helmpods] Desired Platform services (3 services)
2025-01-29 22:15:49,567 INFO c.h.h.t.HelmChartContainer - [hivemq-test-hivemq-platform] [hivemq-platform-operator] [dfbee245] 22:15:49.566 [pool-6-thread-28] DEBUG c.h.p.o.d.PodServiceAccountResource - [helmpods] Desired PodServiceAccountResource (serviceAccountName: hivemq-platform-pod-test-hivemq-platform)
2025-01-29 22:15:49,569 INFO c.h.h.t.HelmChartContainer - [hivemq-test-hivemq-platform] [hivemq-platform-operator] [dfbee245] 22:15:49.566 [pool-6-thread-23] DEBUG c.h.p.o.dependants.PodInfoConfigMap - [helmpods] Desired PodInfo ConfigMap (1 extensions) (1 enabled)
2025-01-29 22:15:49,569 INFO c.h.h.t.HelmChartContainer - [hivemq-test-hivemq-platform] [hivemq-platform-operator] [dfbee245] 22:15:49.568 [pool-6-thread-23] DEBUG c.h.p.o.dependants.PodInfoConfigMap - [helmpods] Desired PodInfo ConfigMap (metrics port: 9399) (metrics path: /)
2025-01-29 22:15:49,569 INFO c.h.h.t.HelmChartContainer - [hivemq-test-hivemq-platform] [hivemq-platform-operator] [dfbee245] 22:15:49.568 [pool-6-thread-23] DEBUG c.h.p.o.dependants.PodInfoConfigMap - [helmpods] Desired PodInfo ConfigMap (extension state hash: -543790518)
2025-01-29 22:15:49,570 INFO c.h.h.t.HelmChartContainer - [hivemq-test-hivemq-platform] [hivemq-platform-operator] [dfbee245] 22:15:49.570 [pool-6-thread-23] DEBUG c.h.p.o.d.StatefulSetResource - [helmpods] Desired StatefulSet (1 replicas) for status RESTART_EXTENSIONS (WAIT_FOR_EXTENSION_RESTART)
2025-01-29 22:15:49,573 INFO c.h.h.t.HelmChartContainer - [hivemq-test-hivemq-platform] [hivemq-platform-operator] [dfbee245] 22:15:49.572 [ReconcilerExecutor-hivemq-controller-125] INFO  c.h.p.o.HiveMQPlatformReconciler - [helmpods] Reconciling HiveMQ Platform 'test-hivemq-platform' in namespace 'helmpodsecuritycontextupgradeextensionit'
2025-01-29 22:15:49,575 INFO c.h.h.t.HelmChartContainer - [hivemq-test-hivemq-platform] [hivemq-platform-operator] [dfbee245] 22:15:49.572 [ReconcilerExecutor-hivemq-controller-125] DEBUG c.h.p.o.HiveMQPlatformReconciler - [helmpods] Custom Resource Status RESTART_EXTENSIONS - HiveMQ Platform is waiting for extension restart (hivemq-distributed-tracing-extension) (WAIT_FOR_EXTENSION_RESTART)
2025-01-29 22:15:49,575 INFO c.h.h.t.HelmChartContainer - [hivemq-test-hivemq-platform] [hivemq-platform-operator] [dfbee245] 22:15:49.572 [ReconcilerExecutor-hivemq-controller-125] DEBUG c.h.p.o.HiveMQPlatformReconciler - [helmpods] Custom Resource Spec (replicas: 1) (extensions: 1)
2025-01-29 22:15:49,575 INFO c.h.h.t.HelmChartContainer - [hivemq-test-hivemq-platform] [hivemq-platform-operator] [dfbee245] 22:15:49.574 [ReconcilerExecutor-hivemq-controller-125] DEBUG c.h.p.o.HiveMQPlatformReconciler - [helmpods] StatefulSet Status (revision: test-hivemq-platform-6778d7488d, replicas: 1, available: 1, ready: 1, current: 1, updated: 1)
2025-01-29 22:15:49,575 INFO c.h.h.t.HelmChartContainer - [hivemq-test-hivemq-platform] [hivemq-platform-operator] [dfbee245] 22:15:49.574 [ReconcilerExecutor-hivemq-controller-125] DEBUG c.h.p.o.HiveMQPlatformReconciler - [helmpods] StatefulSet Spec (replicas: 1, init containers: 1, containers: 1, volumes: 4)
2025-01-29 22:15:49,575 INFO c.h.h.t.HelmChartContainer - [hivemq-test-hivemq-platform] [hivemq-platform-operator] [dfbee245] 22:15:49.575 [ReconcilerExecutor-hivemq-controller-125] DEBUG c.h.p.o.h.HiveMQPlatformReconcilerErrorHandler - [helmpods] Pod 'test-hivemq-platform-0' phase Running
2025-01-29 22:15:49,576 INFO c.h.h.t.HelmChartContainer - [hivemq-test-hivemq-platform] [hivemq-platform-operator] [dfbee245] 22:15:49.576 [ReconcilerExecutor-hivemq-controller-125] INFO  c.h.p.o.h.HiveMQPlatformReconcilerRestartExtensionsHandler - [helmpods] Extension update on Pod 'test-hivemq-platform-0' is still pending
2025-01-29 22:15:49,819 INFO c.h.h.t.HelmChartContainer - [test-hivemq-platform] [hivemq] [f969c912] INFO  - [HiveMQ Platform Operator Init App 1.7.0-SNAPSHOT] Waiting for extension ConfigMap sync (expected hash: -543790518) (current hash: -1669998472)
2025-01-29 22:15:50,819 INFO c.h.h.t.HelmChartContainer - [test-hivemq-platform] [hivemq] [f969c912] INFO  - [HiveMQ Platform Operator Init App 1.7.0-SNAPSHOT] Waiting for extension ConfigMap sync (expected hash: -543790518) (current hash: -1669998472)
2025-01-29 22:15:51,820 INFO c.h.h.t.HelmChartContainer - [test-hivemq-platform] [hivemq] [f969c912] INFO  - [HiveMQ Platform Operator Init App 1.7.0-SNAPSHOT] Waiting for extension ConfigMap sync (expected hash: -543790518) (current hash: -1669998472)
2025-01-29 22:15:52,820 INFO c.h.h.t.HelmChartContainer - [test-hivemq-platform] [hivemq] [f969c912] INFO  - [HiveMQ Platform Operator Init App 1.7.0-SNAPSHOT] Waiting for extension ConfigMap sync (expected hash: -543790518) (current hash: -1669998472)
2025-01-29 22:15:53,821 INFO c.h.h.t.HelmChartContainer - [test-hivemq-platform] [hivemq] [f969c912] INFO  - [HiveMQ Platform Operator Init App 1.7.0-SNAPSHOT] Waiting for extension ConfigMap sync (expected hash: -543790518) (current hash: -1669998472)
2025-01-29 22:15:54,821 INFO c.h.h.t.HelmChartContainer - [test-hivemq-platform] [hivemq] [f969c912] INFO  - [HiveMQ Platform Operator Init App 1.7.0-SNAPSHOT] Waiting for extension ConfigMap sync (expected hash: -543790518) (current hash: -1669998472)
2025-01-29 22:15:55,822 INFO c.h.h.t.HelmChartContainer - [test-hivemq-platform] [hivemq] [f969c912] INFO  - [HiveMQ Platform Operator Init App 1.7.0-SNAPSHOT] Waiting for extension ConfigMap sync (expected hash: -543790518) (current hash: -1669998472)
2025-01-29 22:15:56,822 INFO c.h.h.t.HelmChartContainer - [test-hivemq-platform] [hivemq] [f969c912] INFO  - [HiveMQ Platform Operator Init App 1.7.0-SNAPSHOT] Waiting for extension ConfigMap sync (expected hash: -543790518) (current hash: -1669998472)
2025-01-29 22:15:57,822 INFO c.h.h.t.HelmChartContainer - [test-hivemq-platform] [hivemq] [f969c912] INFO  - [HiveMQ Platform Operator Init App 1.7.0-SNAPSHOT] Waiting for extension ConfigMap sync (expected hash: -543790518) (current hash: -1669998472)
2025-01-29 22:15:58,823 INFO c.h.h.t.HelmChartContainer - [test-hivemq-platform] [hivemq] [f969c912] INFO  - [HiveMQ Platform Operator Init App 1.7.0-SNAPSHOT] Waiting for extension ConfigMap sync (expected hash: -543790518) (current hash: -1669998472)
2025-01-29 22:15:59,580 INFO c.h.h.t.HelmChartContainer - [hivemq-test-hivemq-platform] [hivemq-platform-operator] [dfbee245] 22:15:59.579 [pool-6-thread-35] DEBUG c.h.p.o.d.PlatformServiceResource - [helmpods] Desired Platform services (3 services)
2025-01-29 22:15:59,581 INFO c.h.h.t.HelmChartContainer - [hivemq-test-hivemq-platform] [hivemq-platform-operator] [dfbee245] 22:15:59.579 [pool-6-thread-34] DEBUG c.h.p.o.dependants.PodInfoConfigMap - [helmpods] Desired PodInfo ConfigMap (1 extensions) (1 enabled)
2025-01-29 22:15:59,582 INFO c.h.h.t.HelmChartContainer - [hivemq-test-hivemq-platform] [hivemq-platform-operator] [dfbee245] 22:15:59.580 [pool-6-thread-34] DEBUG c.h.p.o.dependants.PodInfoConfigMap - [helmpods] Desired PodInfo ConfigMap (metrics port: 9399) (metrics path: /)
2025-01-29 22:15:59,582 INFO c.h.h.t.HelmChartContainer - [hivemq-test-hivemq-platform] [hivemq-platform-operator] [dfbee245] 22:15:59.580 [pool-6-thread-34] DEBUG c.h.p.o.dependants.PodInfoConfigMap - [helmpods] Desired PodInfo ConfigMap (extension state hash: -543790518)
2025-01-29 22:15:59,584 INFO c.h.h.t.HelmChartContainer - [hivemq-test-hivemq-platform] [hivemq-platform-operator] [dfbee245] 22:15:59.583 [pool-6-thread-33] DEBUG c.h.p.o.d.PodServiceAccountResource - [helmpods] Desired PodServiceAccountResource (serviceAccountName: hivemq-platform-pod-test-hivemq-platform)
2025-01-29 22:15:59,584 INFO c.h.h.t.HelmChartContainer - [hivemq-test-hivemq-platform] [hivemq-platform-operator] [dfbee245] 22:15:59.583 [pool-6-thread-35] DEBUG c.h.p.o.d.StatefulSetResource - [helmpods] Desired StatefulSet (1 replicas) for status RESTART_EXTENSIONS (WAIT_FOR_EXTENSION_RESTART)
2025-01-29 22:15:59,587 INFO c.h.h.t.HelmChartContainer - [hivemq-test-hivemq-platform] [hivemq-platform-operator] [dfbee245] 22:15:59.586 [ReconcilerExecutor-hivemq-controller-126] INFO  c.h.p.o.HiveMQPlatformReconciler - [helmpods] Reconciling HiveMQ Platform 'test-hivemq-platform' in namespace 'helmpodsecuritycontextupgradeextensionit'
2025-01-29 22:15:59,587 INFO c.h.h.t.HelmChartContainer - [hivemq-test-hivemq-platform] [hivemq-platform-operator] [dfbee245] 22:15:59.586 [ReconcilerExecutor-hivemq-controller-126] DEBUG c.h.p.o.HiveMQPlatformReconciler - [helmpods] Custom Resource Status RESTART_EXTENSIONS - HiveMQ Platform is waiting for extension restart (hivemq-distributed-tracing-extension) (WAIT_FOR_EXTENSION_RESTART)
2025-01-29 22:15:59,589 INFO c.h.h.t.HelmChartContainer - [hivemq-test-hivemq-platform] [hivemq-platform-operator] [dfbee245] 22:15:59.586 [ReconcilerExecutor-hivemq-controller-126] DEBUG c.h.p.o.HiveMQPlatformReconciler - [helmpods] Custom Resource Spec (replicas: 1) (extensions: 1)
2025-01-29 22:15:59,589 INFO c.h.h.t.HelmChartContainer - [hivemq-test-hivemq-platform] [hivemq-platform-operator] [dfbee245] 22:15:59.587 [ReconcilerExecutor-hivemq-controller-126] DEBUG c.h.p.o.HiveMQPlatformReconciler - [helmpods] StatefulSet Status (revision: test-hivemq-platform-6778d7488d, replicas: 1, available: 1, ready: 1, current: 1, updated: 1)
2025-01-29 22:15:59,589 INFO c.h.h.t.HelmChartContainer - [hivemq-test-hivemq-platform] [hivemq-platform-operator] [dfbee245] 22:15:59.587 [ReconcilerExecutor-hivemq-controller-126] DEBUG c.h.p.o.HiveMQPlatformReconciler - [helmpods] StatefulSet Spec (replicas: 1, init containers: 1, containers: 1, volumes: 4)
2025-01-29 22:15:59,591 INFO c.h.h.t.HelmChartContainer - [hivemq-test-hivemq-platform] [hivemq-platform-operator] [dfbee245] 22:15:59.589 [ReconcilerExecutor-hivemq-controller-126] DEBUG c.h.p.o.h.HiveMQPlatformReconcilerErrorHandler - [helmpods] Pod 'test-hivemq-platform-0' phase Running
2025-01-29 22:15:59,596 INFO c.h.h.t.HelmChartContainer - [hivemq-test-hivemq-platform] [hivemq-platform-operator] [dfbee245] 22:15:59.595 [ReconcilerExecutor-hivemq-controller-126] DEBUG c.h.p.o.h.HiveMQPlatformReconcilerRestartExtensionsHandler - [helmpods] Checking update extension status on Pod 'test-hivemq-platform-0'
2025-01-29 22:15:59,689 INFO c.h.h.t.HelmChartContainer - [test-hivemq-platform] [hivemq] [f969c912] INFO  - [HiveMQ Platform Operator Init App 1.7.0-SNAPSHOT] Extension update is pending (0 errors)
2025-01-29 22:15:59,692 INFO c.h.h.t.HelmChartContainer - [hivemq-test-hivemq-platform] [hivemq-platform-operator] [dfbee245] 22:15:59.691 [vert.x-eventloop-thread-1] DEBUG c.h.platform.operator.util.PodUtil - Received status for command '[curl, -s, http://10.42.0.8:7979/updateExtensionStatus]' on Pod 'test-hivemq-platform-0' (exit code: 0)
2025-01-29 22:15:59,823 INFO c.h.h.t.HelmChartContainer - [test-hivemq-platform] [hivemq] [f969c912] INFO  - [HiveMQ Platform Operator Init App 1.7.0-SNAPSHOT] Waiting for extension ConfigMap sync (expected hash: -543790518) (current hash: -1669998472)
2025-01-29 22:16:00,666 INFO c.h.h.t.HelmChartContainer - [hivemq-test-hivemq-platform] [hivemq-platform-operator] [dfbee245] 22:16:00.663 [pool-6-thread-43] DEBUG c.h.p.o.d.PodServiceAccountResource - [helmpods] Desired PodServiceAccountResource (serviceAccountName: hivemq-platform-pod-test-hivemq-platform)
2025-01-29 22:16:00,666 INFO c.h.h.t.HelmChartContainer - [hivemq-test-hivemq-platform] [hivemq-platform-operator] [dfbee245] 22:16:00.664 [pool-6-thread-47] DEBUG c.h.p.o.dependants.PodInfoConfigMap - [helmpods] Desired PodInfo ConfigMap (1 extensions) (1 enabled)
2025-01-29 22:16:00,666 INFO c.h.h.t.HelmChartContainer - [hivemq-test-hivemq-platform] [hivemq-platform-operator] [dfbee245] 22:16:00.664 [pool-6-thread-47] DEBUG c.h.p.o.dependants.PodInfoConfigMap - [helmpods] Desired PodInfo ConfigMap (metrics port: 9399) (metrics path: /)
2025-01-29 22:16:00,666 INFO c.h.h.t.HelmChartContainer - [hivemq-test-hivemq-platform] [hivemq-platform-operator] [dfbee245] 22:16:00.664 [pool-6-thread-47] DEBUG c.h.p.o.dependants.PodInfoConfigMap - [helmpods] Desired PodInfo ConfigMap (extension state hash: -543790518)
2025-01-29 22:16:00,666 INFO c.h.h.t.HelmChartContainer - [hivemq-test-hivemq-platform] [hivemq-platform-operator] [dfbee245] 22:16:00.664 [pool-6-thread-42] DEBUG c.h.p.o.d.PlatformServiceResource - [helmpods] Desired Platform services (3 services)
2025-01-29 22:16:00,669 INFO c.h.h.t.HelmChartContainer - [hivemq-test-hivemq-platform] [hivemq-platform-operator] [dfbee245] 22:16:00.668 [pool-6-thread-42] DEBUG c.h.p.o.d.StatefulSetResource - [helmpods] Desired StatefulSet (1 replicas) for status RESTART_EXTENSIONS (WAIT_FOR_EXTENSION_RESTART)
2025-01-29 22:16:00,671 INFO c.h.h.t.HelmChartContainer - [hivemq-test-hivemq-platform] [hivemq-platform-operator] [dfbee245] 22:16:00.671 [ReconcilerExecutor-hivemq-controller-127] INFO  c.h.p.o.HiveMQPlatformReconciler - [helmpods] Reconciling HiveMQ Platform 'test-hivemq-platform' in namespace 'helmpodsecuritycontextupgradeextensionit'
2025-01-29 22:16:00,672 INFO c.h.h.t.HelmChartContainer - [hivemq-test-hivemq-platform] [hivemq-platform-operator] [dfbee245] 22:16:00.671 [ReconcilerExecutor-hivemq-controller-127] DEBUG c.h.p.o.HiveMQPlatformReconciler - [helmpods] Custom Resource Status RESTART_EXTENSIONS - HiveMQ Platform is waiting for extension restart (hivemq-distributed-tracing-extension) (WAIT_FOR_EXTENSION_RESTART)
2025-01-29 22:16:00,673 INFO c.h.h.t.HelmChartContainer - [hivemq-test-hivemq-platform] [hivemq-platform-operator] [dfbee245] 22:16:00.671 [ReconcilerExecutor-hivemq-controller-127] DEBUG c.h.p.o.HiveMQPlatformReconciler - [helmpods] Custom Resource Spec (replicas: 1) (extensions: 1)
2025-01-29 22:16:00,673 INFO c.h.h.t.HelmChartContainer - [hivemq-test-hivemq-platform] [hivemq-platform-operator] [dfbee245] 22:16:00.672 [ReconcilerExecutor-hivemq-controller-127] DEBUG c.h.p.o.HiveMQPlatformReconciler - [helmpods] StatefulSet Status (revision: test-hivemq-platform-6778d7488d, replicas: 1, available: 1, ready: 1, current: 1, updated: 1)
2025-01-29 22:16:00,673 INFO c.h.h.t.HelmChartContainer - [hivemq-test-hivemq-platform] [hivemq-platform-operator] [dfbee245] 22:16:00.672 [ReconcilerExecutor-hivemq-controller-127] DEBUG c.h.p.o.HiveMQPlatformReconciler - [helmpods] StatefulSet Spec (replicas: 1, init containers: 1, containers: 1, volumes: 4)
2025-01-29 22:16:00,674 INFO c.h.h.t.HelmChartContainer - [hivemq-test-hivemq-platform] [hivemq-platform-operator] [dfbee245] 22:16:00.673 [ReconcilerExecutor-hivemq-controller-127] DEBUG c.h.p.o.h.HiveMQPlatformReconcilerErrorHandler - [helmpods] Pod 'test-hivemq-platform-0' phase Running
2025-01-29 22:16:00,675 INFO c.h.h.t.HelmChartContainer - [hivemq-test-hivemq-platform] [hivemq-platform-operator] [dfbee245] 22:16:00.674 [ReconcilerExecutor-hivemq-controller-127] INFO  c.h.p.o.h.HiveMQPlatformReconcilerRestartExtensionsHandler - [helmpods] Extension update on Pod 'test-hivemq-platform-0' is still pending
2025-01-29 22:16:00,824 INFO c.h.h.t.HelmChartContainer - [test-hivemq-platform] [hivemq] [f969c912] INFO  - [HiveMQ Platform Operator Init App 1.7.0-SNAPSHOT] Waiting for extension ConfigMap sync (expected hash: -543790518) (current hash: -1669998472)
2025-01-29 22:16:01,824 INFO c.h.h.t.HelmChartContainer - [test-hivemq-platform] [hivemq] [f969c912] INFO  - [HiveMQ Platform Operator Init App 1.7.0-SNAPSHOT] Waiting for extension ConfigMap sync (expected hash: -543790518) (current hash: -1669998472)
2025-01-29 22:16:02,824 INFO c.h.h.t.HelmChartContainer - [test-hivemq-platform] [hivemq] [f969c912] INFO  - [HiveMQ Platform Operator Init App 1.7.0-SNAPSHOT] Waiting for extension ConfigMap sync (expected hash: -543790518) (current hash: -1669998472)
2025-01-29 22:16:03,825 INFO c.h.h.t.HelmChartContainer - [test-hivemq-platform] [hivemq] [f969c912] INFO  - [HiveMQ Platform Operator Init App 1.7.0-SNAPSHOT] Waiting for extension ConfigMap sync (expected hash: -543790518) (current hash: -1669998472)
2025-01-29 22:16:04,825 INFO c.h.h.t.HelmChartContainer - [test-hivemq-platform] [hivemq] [f969c912] INFO  - [HiveMQ Platform Operator Init App 1.7.0-SNAPSHOT] Waiting for extension ConfigMap sync (expected hash: -543790518) (current hash: -1669998472)
2025-01-29 22:16:05,826 INFO c.h.h.t.HelmChartContainer - [test-hivemq-platform] [hivemq] [f969c912] INFO  - [HiveMQ Platform Operator Init App 1.7.0-SNAPSHOT] Waiting for extension ConfigMap sync (expected hash: -543790518) (current hash: -1669998472)
2025-01-29 22:16:06,826 INFO c.h.h.t.HelmChartContainer - [test-hivemq-platform] [hivemq] [f969c912] INFO  - [HiveMQ Platform Operator Init App 1.7.0-SNAPSHOT] Waiting for extension ConfigMap sync (expected hash: -543790518) (current hash: -1669998472)
2025-01-29 22:16:07,827 INFO c.h.h.t.HelmChartContainer - [test-hivemq-platform] [hivemq] [f969c912] INFO  - [HiveMQ Platform Operator Init App 1.7.0-SNAPSHOT] Waiting for extension ConfigMap sync (expected hash: -543790518) (current hash: -1669998472)
2025-01-29 22:16:08,827 INFO c.h.h.t.HelmChartContainer - [test-hivemq-platform] [hivemq] [f969c912] INFO  - [HiveMQ Platform Operator Init App 1.7.0-SNAPSHOT] Waiting for extension ConfigMap sync (expected hash: -543790518) (current hash: -1669998472)
2025-01-29 22:16:09,828 INFO c.h.h.t.HelmChartContainer - [test-hivemq-platform] [hivemq] [f969c912] INFO  - [HiveMQ Platform Operator Init App 1.7.0-SNAPSHOT] Waiting for extension ConfigMap sync (expected hash: -543790518) (current hash: -1669998472)
2025-01-29 22:16:10,680 INFO c.h.h.t.HelmChartContainer - [hivemq-test-hivemq-platform] [hivemq-platform-operator] [dfbee245] 22:16:10.677 [pool-6-thread-1] DEBUG c.h.p.o.d.PlatformServiceResource - [helmpods] Desired Platform services (3 services)
2025-01-29 22:16:10,680 INFO c.h.h.t.HelmChartContainer - [hivemq-test-hivemq-platform] [hivemq-platform-operator] [dfbee245] 22:16:10.678 [pool-6-thread-5] DEBUG c.h.p.o.d.PodServiceAccountResource - [helmpods] Desired PodServiceAccountResource (serviceAccountName: hivemq-platform-pod-test-hivemq-platform)
2025-01-29 22:16:10,681 INFO c.h.h.t.HelmChartContainer - [hivemq-test-hivemq-platform] [hivemq-platform-operator] [dfbee245] 22:16:10.679 [pool-6-thread-8] DEBUG c.h.p.o.dependants.PodInfoConfigMap - [helmpods] Desired PodInfo ConfigMap (1 extensions) (1 enabled)
2025-01-29 22:16:10,681 INFO c.h.h.t.HelmChartContainer - [hivemq-test-hivemq-platform] [hivemq-platform-operator] [dfbee245] 22:16:10.679 [pool-6-thread-8] DEBUG c.h.p.o.dependants.PodInfoConfigMap - [helmpods] Desired PodInfo ConfigMap (metrics port: 9399) (metrics path: /)
2025-01-29 22:16:10,681 INFO c.h.h.t.HelmChartContainer - [hivemq-test-hivemq-platform] [hivemq-platform-operator] [dfbee245] 22:16:10.679 [pool-6-thread-8] DEBUG c.h.p.o.dependants.PodInfoConfigMap - [helmpods] Desired PodInfo ConfigMap (extension state hash: -543790518)
2025-01-29 22:16:10,683 INFO c.h.h.t.HelmChartContainer - [hivemq-test-hivemq-platform] [hivemq-platform-operator] [dfbee245] 22:16:10.682 [pool-6-thread-1] DEBUG c.h.p.o.d.StatefulSetResource - [helmpods] Desired StatefulSet (1 replicas) for status RESTART_EXTENSIONS (WAIT_FOR_EXTENSION_RESTART)
2025-01-29 22:16:10,686 INFO c.h.h.t.HelmChartContainer - [hivemq-test-hivemq-platform] [hivemq-platform-operator] [dfbee245] 22:16:10.685 [ReconcilerExecutor-hivemq-controller-128] INFO  c.h.p.o.HiveMQPlatformReconciler - [helmpods] Reconciling HiveMQ Platform 'test-hivemq-platform' in namespace 'helmpodsecuritycontextupgradeextensionit'
2025-01-29 22:16:10,687 INFO c.h.h.t.HelmChartContainer - [hivemq-test-hivemq-platform] [hivemq-platform-operator] [dfbee245] 22:16:10.685 [ReconcilerExecutor-hivemq-controller-128] DEBUG c.h.p.o.HiveMQPlatformReconciler - [helmpods] Custom Resource Status RESTART_EXTENSIONS - HiveMQ Platform is waiting for extension restart (hivemq-distributed-tracing-extension) (WAIT_FOR_EXTENSION_RESTART)
2025-01-29 22:16:10,687 INFO c.h.h.t.HelmChartContainer - [hivemq-test-hivemq-platform] [hivemq-platform-operator] [dfbee245] 22:16:10.685 [ReconcilerExecutor-hivemq-controller-128] DEBUG c.h.p.o.HiveMQPlatformReconciler - [helmpods] Custom Resource Spec (replicas: 1) (extensions: 1)
2025-01-29 22:16:10,688 INFO c.h.h.t.HelmChartContainer - [hivemq-test-hivemq-platform] [hivemq-platform-operator] [dfbee245] 22:16:10.687 [ReconcilerExecutor-hivemq-controller-128] DEBUG c.h.p.o.HiveMQPlatformReconciler - [helmpods] StatefulSet Status (revision: test-hivemq-platform-6778d7488d, replicas: 1, available: 1, ready: 1, current: 1, updated: 1)
2025-01-29 22:16:10,689 INFO c.h.h.t.HelmChartContainer - [hivemq-test-hivemq-platform] [hivemq-platform-operator] [dfbee245] 22:16:10.687 [ReconcilerExecutor-hivemq-controller-128] DEBUG c.h.p.o.HiveMQPlatformReconciler - [helmpods] StatefulSet Spec (replicas: 1, init containers: 1, containers: 1, volumes: 4)
2025-01-29 22:16:10,690 INFO c.h.h.t.HelmChartContainer - [hivemq-test-hivemq-platform] [hivemq-platform-operator] [dfbee245] 22:16:10.688 [ReconcilerExecutor-hivemq-controller-128] DEBUG c.h.p.o.h.HiveMQPlatformReconcilerErrorHandler - [helmpods] Pod 'test-hivemq-platform-0' phase Running
2025-01-29 22:16:10,695 INFO c.h.h.t.HelmChartContainer - [hivemq-test-hivemq-platform] [hivemq-platform-operator] [dfbee245] 22:16:10.694 [ReconcilerExecutor-hivemq-controller-128] DEBUG c.h.p.o.h.HiveMQPlatformReconcilerRestartExtensionsHandler - [helmpods] Checking update extension status on Pod 'test-hivemq-platform-0'
2025-01-29 22:16:10,789 INFO c.h.h.t.HelmChartContainer - [test-hivemq-platform] [hivemq] [f969c912] INFO  - [HiveMQ Platform Operator Init App 1.7.0-SNAPSHOT] Extension update is pending (0 errors)
2025-01-29 22:16:10,793 INFO c.h.h.t.HelmChartContainer - [hivemq-test-hivemq-platform] [hivemq-platform-operator] [dfbee245] 22:16:10.791 [vert.x-eventloop-thread-0] DEBUG c.h.platform.operator.util.PodUtil - Received status for command '[curl, -s, http://10.42.0.8:7979/updateExtensionStatus]' on Pod 'test-hivemq-platform-0' (exit code: 0)
2025-01-29 22:16:10,828 INFO c.h.h.t.HelmChartContainer - [test-hivemq-platform] [hivemq] [f969c912] INFO  - [HiveMQ Platform Operator Init App 1.7.0-SNAPSHOT] Waiting for extension ConfigMap sync (expected hash: -543790518) (current hash: -1669998472)
2025-01-29 22:16:11,766 INFO c.h.h.t.HelmChartContainer - [hivemq-test-hivemq-platform] [hivemq-platform-operator] [dfbee245] 22:16:11.764 [pool-6-thread-13] DEBUG c.h.p.o.d.PlatformServiceResource - [helmpods] Desired Platform services (3 services)
2025-01-29 22:16:11,769 INFO c.h.h.t.HelmChartContainer - [hivemq-test-hivemq-platform] [hivemq-platform-operator] [dfbee245] 22:16:11.765 [pool-6-thread-18] DEBUG c.h.p.o.d.PodServiceAccountResource - [helmpods] Desired PodServiceAccountResource (serviceAccountName: hivemq-platform-pod-test-hivemq-platform)
2025-01-29 22:16:11,769 INFO c.h.h.t.HelmChartContainer - [hivemq-test-hivemq-platform] [hivemq-platform-operator] [dfbee245] 22:16:11.765 [pool-6-thread-20] DEBUG c.h.p.o.dependants.PodInfoConfigMap - [helmpods] Desired PodInfo ConfigMap (1 extensions) (1 enabled)
2025-01-29 22:16:11,769 INFO c.h.h.t.HelmChartContainer - [hivemq-test-hivemq-platform] [hivemq-platform-operator] [dfbee245] 22:16:11.766 [pool-6-thread-20] DEBUG c.h.p.o.dependants.PodInfoConfigMap - [helmpods] Desired PodInfo ConfigMap (metrics port: 9399) (metrics path: /)
2025-01-29 22:16:11,769 INFO c.h.h.t.HelmChartContainer - [hivemq-test-hivemq-platform] [hivemq-platform-operator] [dfbee245] 22:16:11.766 [pool-6-thread-20] DEBUG c.h.p.o.dependants.PodInfoConfigMap - [helmpods] Desired PodInfo ConfigMap (extension state hash: -543790518)
2025-01-29 22:16:11,774 INFO c.h.h.t.HelmChartContainer - [hivemq-test-hivemq-platform] [hivemq-platform-operator] [dfbee245] 22:16:11.771 [pool-6-thread-13] DEBUG c.h.p.o.d.StatefulSetResource - [helmpods] Desired StatefulSet (1 replicas) for status RESTART_EXTENSIONS (WAIT_FOR_EXTENSION_RESTART)
2025-01-29 22:16:11,775 INFO c.h.h.t.HelmChartContainer - [hivemq-test-hivemq-platform] [hivemq-platform-operator] [dfbee245] 22:16:11.775 [ReconcilerExecutor-hivemq-controller-129] INFO  c.h.p.o.HiveMQPlatformReconciler - [helmpods] Reconciling HiveMQ Platform 'test-hivemq-platform' in namespace 'helmpodsecuritycontextupgradeextensionit'
2025-01-29 22:16:11,776 INFO c.h.h.t.HelmChartContainer - [hivemq-test-hivemq-platform] [hivemq-platform-operator] [dfbee245] 22:16:11.775 [ReconcilerExecutor-hivemq-controller-129] DEBUG c.h.p.o.HiveMQPlatformReconciler - [helmpods] Custom Resource Status RESTART_EXTENSIONS - HiveMQ Platform is waiting for extension restart (hivemq-distributed-tracing-extension) (WAIT_FOR_EXTENSION_RESTART)
2025-01-29 22:16:11,776 INFO c.h.h.t.HelmChartContainer - [hivemq-test-hivemq-platform] [hivemq-platform-operator] [dfbee245] 22:16:11.775 [ReconcilerExecutor-hivemq-controller-129] DEBUG c.h.p.o.HiveMQPlatformReconciler - [helmpods] Custom Resource Spec (replicas: 1) (extensions: 1)
2025-01-29 22:16:11,777 INFO c.h.h.t.HelmChartContainer - [hivemq-test-hivemq-platform] [hivemq-platform-operator] [dfbee245] 22:16:11.776 [ReconcilerExecutor-hivemq-controller-129] DEBUG c.h.p.o.HiveMQPlatformReconciler - [helmpods] StatefulSet Status (revision: test-hivemq-platform-6778d7488d, replicas: 1, available: 1, ready: 1, current: 1, updated: 1)
2025-01-29 22:16:11,777 INFO c.h.h.t.HelmChartContainer - [hivemq-test-hivemq-platform] [hivemq-platform-operator] [dfbee245] 22:16:11.776 [ReconcilerExecutor-hivemq-controller-129] DEBUG c.h.p.o.HiveMQPlatformReconciler - [helmpods] StatefulSet Spec (replicas: 1, init containers: 1, containers: 1, volumes: 4)
2025-01-29 22:16:11,778 INFO c.h.h.t.HelmChartContainer - [hivemq-test-hivemq-platform] [hivemq-platform-operator] [dfbee245] 22:16:11.777 [ReconcilerExecutor-hivemq-controller-129] DEBUG c.h.p.o.h.HiveMQPlatformReconcilerErrorHandler - [helmpods] Pod 'test-hivemq-platform-0' phase Running
2025-01-29 22:16:11,779 INFO c.h.h.t.HelmChartContainer - [hivemq-test-hivemq-platform] [hivemq-platform-operator] [dfbee245] 22:16:11.778 [ReconcilerExecutor-hivemq-controller-129] INFO  c.h.p.o.h.HiveMQPlatformReconcilerRestartExtensionsHandler - [helmpods] Extension update on Pod 'test-hivemq-platform-0' is still pending
2025-01-29 22:16:11,828 INFO c.h.h.t.HelmChartContainer - [test-hivemq-platform] [hivemq] [f969c912] INFO  - [HiveMQ Platform Operator Init App 1.7.0-SNAPSHOT] Waiting for extension ConfigMap sync (expected hash: -543790518) (current hash: -1669998472)
2025-01-29 22:16:12,829 INFO c.h.h.t.HelmChartContainer - [test-hivemq-platform] [hivemq] [f969c912] INFO  - [HiveMQ Platform Operator Init App 1.7.0-SNAPSHOT] Waiting for extension ConfigMap sync (expected hash: -543790518) (current hash: -543790518)
2025-01-29 22:16:12,830 INFO c.h.h.t.HelmChartContainer - [test-hivemq-platform] [hivemq] [f969c912] INFO  - [HiveMQ Platform Operator Init App 1.7.0-SNAPSHOT] Updating HiveMQ Platform extension: hivemq-distributed-tracing-extension
2025-01-29 22:16:12,830 INFO c.h.h.t.HelmChartContainer - [test-hivemq-platform] [hivemq] [f969c912] INFO  - [HiveMQ Platform Operator Init App 1.7.0-SNAPSHOT] Updating preinstalled extension hivemq-distributed-tracing-extension
2025-01-29 22:16:13,133 INFO c.h.h.t.HelmChartContainer - [test-hivemq-platform] [hivemq] [f969c912] INFO  - [HiveMQ Platform Operator Init App 1.7.0-SNAPSHOT] Successfully updated extension hivemq-distributed-tracing-extension
2025-01-29 22:16:14,156 INFO c.h.h.t.HelmChartContainer - [test-hivemq-platform] [hivemq] [f969c912] INFO  - HiveMQ Enterprise Distributed Tracing Extension: Configured OTLP HTTP/protobuf exporter 'my-otlp-grpc-exporter'.
2025-01-29 22:16:14,161 INFO c.h.h.t.HelmChartContainer - [test-hivemq-platform] [hivemq] [f969c912] INFO  - HiveMQ Enterprise Distributed Tracing Extension: Configured W3C trace propagation.
2025-01-29 22:16:14,162 INFO c.h.h.t.HelmChartContainer - [test-hivemq-platform] [hivemq] [f969c912] INFO  - HiveMQ Enterprise Distributed Tracing Extension: Successfully updated configuration from '/opt/hivemq/extensions/hivemq-distributed-tracing-extension/conf/config.xml'.
2025-01-29 22:16:14,162 INFO c.h.h.testcontainer.LogWaiterUtil - TEST Found log pattern on 'test-hivemq-platform-0': .*HiveMQ Enterprise Distributed Tracing Extension: Successfully updated configuration from '/opt/hivemq/extensions/hivemq-distributed-tracing-extension/conf/config.xml'.
2025-01-29 22:16:21,783 INFO c.h.h.t.HelmChartContainer - [hivemq-test-hivemq-platform] [hivemq-platform-operator] [dfbee245] 22:16:21.781 [pool-6-thread-24] DEBUG c.h.p.o.d.PlatformServiceResource - [helmpods] Desired Platform services (3 services)
2025-01-29 22:16:21,784 INFO c.h.h.t.HelmChartContainer - [hivemq-test-hivemq-platform] [hivemq-platform-operator] [dfbee245] 22:16:21.782 [pool-6-thread-30] DEBUG c.h.p.o.dependants.PodInfoConfigMap - [helmpods] Desired PodInfo ConfigMap (1 extensions) (1 enabled)
2025-01-29 22:16:21,785 INFO c.h.h.t.HelmChartContainer - [hivemq-test-hivemq-platform] [hivemq-platform-operator] [dfbee245] 22:16:21.782 [pool-6-thread-30] DEBUG c.h.p.o.dependants.PodInfoConfigMap - [helmpods] Desired PodInfo ConfigMap (metrics port: 9399) (metrics path: /)
2025-01-29 22:16:21,785 INFO c.h.h.t.HelmChartContainer - [hivemq-test-hivemq-platform] [hivemq-platform-operator] [dfbee245] 22:16:21.782 [pool-6-thread-30] DEBUG c.h.p.o.dependants.PodInfoConfigMap - [helmpods] Desired PodInfo ConfigMap (extension state hash: -543790518)
2025-01-29 22:16:21,785 INFO c.h.h.t.HelmChartContainer - [hivemq-test-hivemq-platform] [hivemq-platform-operator] [dfbee245] 22:16:21.782 [pool-6-thread-26] DEBUG c.h.p.o.d.PodServiceAccountResource - [helmpods] Desired PodServiceAccountResource (serviceAccountName: hivemq-platform-pod-test-hivemq-platform)
2025-01-29 22:16:21,788 INFO c.h.h.t.HelmChartContainer - [hivemq-test-hivemq-platform] [hivemq-platform-operator] [dfbee245] 22:16:21.787 [pool-6-thread-24] DEBUG c.h.p.o.d.StatefulSetResource - [helmpods] Desired StatefulSet (1 replicas) for status RESTART_EXTENSIONS (WAIT_FOR_EXTENSION_RESTART)
2025-01-29 22:16:21,792 INFO c.h.h.t.HelmChartContainer - [hivemq-test-hivemq-platform] [hivemq-platform-operator] [dfbee245] 22:16:21.791 [ReconcilerExecutor-hivemq-controller-130] INFO  c.h.p.o.HiveMQPlatformReconciler - [helmpods] Reconciling HiveMQ Platform 'test-hivemq-platform' in namespace 'helmpodsecuritycontextupgradeextensionit'
2025-01-29 22:16:21,792 INFO c.h.h.t.HelmChartContainer - [hivemq-test-hivemq-platform] [hivemq-platform-operator] [dfbee245] 22:16:21.791 [ReconcilerExecutor-hivemq-controller-130] DEBUG c.h.p.o.HiveMQPlatformReconciler - [helmpods] Custom Resource Status RESTART_EXTENSIONS - HiveMQ Platform is waiting for extension restart (hivemq-distributed-tracing-extension) (WAIT_FOR_EXTENSION_RESTART)
2025-01-29 22:16:21,792 INFO c.h.h.t.HelmChartContainer - [hivemq-test-hivemq-platform] [hivemq-platform-operator] [dfbee245] 22:16:21.791 [ReconcilerExecutor-hivemq-controller-130] DEBUG c.h.p.o.HiveMQPlatformReconciler - [helmpods] Custom Resource Spec (replicas: 1) (extensions: 1)
2025-01-29 22:16:21,793 INFO c.h.h.t.HelmChartContainer - [hivemq-test-hivemq-platform] [hivemq-platform-operator] [dfbee245] 22:16:21.792 [ReconcilerExecutor-hivemq-controller-130] DEBUG c.h.p.o.HiveMQPlatformReconciler - [helmpods] StatefulSet Status (revision: test-hivemq-platform-6778d7488d, replicas: 1, available: 1, ready: 1, current: 1, updated: 1)
2025-01-29 22:16:21,793 INFO c.h.h.t.HelmChartContainer - [hivemq-test-hivemq-platform] [hivemq-platform-operator] [dfbee245] 22:16:21.792 [ReconcilerExecutor-hivemq-controller-130] DEBUG c.h.p.o.HiveMQPlatformReconciler - [helmpods] StatefulSet Spec (replicas: 1, init containers: 1, containers: 1, volumes: 4)
2025-01-29 22:16:21,796 INFO c.h.h.t.HelmChartContainer - [hivemq-test-hivemq-platform] [hivemq-platform-operator] [dfbee245] 22:16:21.795 [ReconcilerExecutor-hivemq-controller-130] DEBUG c.h.p.o.h.HiveMQPlatformReconcilerErrorHandler - [helmpods] Pod 'test-hivemq-platform-0' phase Running
2025-01-29 22:16:21,843 INFO c.h.h.t.HelmChartContainer - [hivemq-test-hivemq-platform] [hivemq-platform-operator] [dfbee245] 22:16:21.842 [ReconcilerExecutor-hivemq-controller-130] DEBUG c.h.p.o.h.HiveMQPlatformReconcilerRestartExtensionsHandler - [helmpods] Checking update extension status on Pod 'test-hivemq-platform-0'
2025-01-29 22:16:21,891 INFO c.h.h.t.HelmChartContainer - [test-hivemq-platform] [hivemq] [f969c912] INFO  - [HiveMQ Platform Operator Init App 1.7.0-SNAPSHOT] Extension update is done (0 errors)
2025-01-29 22:16:21,894 INFO c.h.h.t.HelmChartContainer - [hivemq-test-hivemq-platform] [hivemq-platform-operator] [dfbee245] 22:16:21.893 [vert.x-eventloop-thread-1] DEBUG c.h.platform.operator.util.PodUtil - Received status for command '[curl, -s, http://10.42.0.8:7979/updateExtensionStatus]' on Pod 'test-hivemq-platform-0' (exit code: 0)
2025-01-29 22:16:22,871 INFO c.h.h.t.HelmChartContainer - [hivemq-test-hivemq-platform] [hivemq-platform-operator] [dfbee245] 22:16:22.867 [pool-6-thread-38] DEBUG c.h.p.o.d.PlatformServiceResource - [helmpods] Desired Platform services (3 services)
2025-01-29 22:16:22,871 INFO c.h.h.t.HelmChartContainer - [hivemq-test-hivemq-platform] [hivemq-platform-operator] [dfbee245] 22:16:22.868 [pool-6-thread-40] DEBUG c.h.p.o.dependants.PodInfoConfigMap - [helmpods] Desired PodInfo ConfigMap (1 extensions) (1 enabled)
2025-01-29 22:16:22,871 INFO c.h.h.t.HelmChartContainer - [hivemq-test-hivemq-platform] [hivemq-platform-operator] [dfbee245] 22:16:22.868 [pool-6-thread-40] DEBUG c.h.p.o.dependants.PodInfoConfigMap - [helmpods] Desired PodInfo ConfigMap (metrics port: 9399) (metrics path: /)
2025-01-29 22:16:22,871 INFO c.h.h.t.HelmChartContainer - [hivemq-test-hivemq-platform] [hivemq-platform-operator] [dfbee245] 22:16:22.869 [pool-6-thread-40] DEBUG c.h.p.o.dependants.PodInfoConfigMap - [helmpods] Desired PodInfo ConfigMap (extension state hash: -543790518)
2025-01-29 22:16:22,871 INFO c.h.h.t.HelmChartContainer - [hivemq-test-hivemq-platform] [hivemq-platform-operator] [dfbee245] 22:16:22.868 [pool-6-thread-32] DEBUG c.h.p.o.d.PodServiceAccountResource - [helmpods] Desired PodServiceAccountResource (serviceAccountName: hivemq-platform-pod-test-hivemq-platform)
2025-01-29 22:16:22,874 INFO c.h.h.t.HelmChartContainer - [hivemq-test-hivemq-platform] [hivemq-platform-operator] [dfbee245] 22:16:22.873 [pool-6-thread-38] DEBUG c.h.p.o.d.StatefulSetResource - [helmpods] Desired StatefulSet (1 replicas) for status RESTART_EXTENSIONS (WAIT_FOR_EXTENSION_RESTART)
2025-01-29 22:16:22,880 INFO c.h.h.t.HelmChartContainer - [hivemq-test-hivemq-platform] [hivemq-platform-operator] [dfbee245] 22:16:22.877 [ReconcilerExecutor-hivemq-controller-131] INFO  c.h.p.o.HiveMQPlatformReconciler - [helmpods] Reconciling HiveMQ Platform 'test-hivemq-platform' in namespace 'helmpodsecuritycontextupgradeextensionit'
2025-01-29 22:16:22,880 INFO c.h.h.t.HelmChartContainer - [hivemq-test-hivemq-platform] [hivemq-platform-operator] [dfbee245] 22:16:22.877 [ReconcilerExecutor-hivemq-controller-131] DEBUG c.h.p.o.HiveMQPlatformReconciler - [helmpods] Custom Resource Status RESTART_EXTENSIONS - HiveMQ Platform is waiting for extension restart (hivemq-distributed-tracing-extension) (WAIT_FOR_EXTENSION_RESTART)
2025-01-29 22:16:22,880 INFO c.h.h.t.HelmChartContainer - [hivemq-test-hivemq-platform] [hivemq-platform-operator] [dfbee245] 22:16:22.877 [ReconcilerExecutor-hivemq-controller-131] DEBUG c.h.p.o.HiveMQPlatformReconciler - [helmpods] Custom Resource Spec (replicas: 1) (extensions: 1)
2025-01-29 22:16:22,882 INFO c.h.h.t.HelmChartContainer - [hivemq-test-hivemq-platform] [hivemq-platform-operator] [dfbee245] 22:16:22.879 [ReconcilerExecutor-hivemq-controller-131] DEBUG c.h.p.o.HiveMQPlatformReconciler - [helmpods] StatefulSet Status (revision: test-hivemq-platform-6778d7488d, replicas: 1, available: 1, ready: 1, current: 1, updated: 1)
2025-01-29 22:16:22,883 INFO c.h.h.t.HelmChartContainer - [hivemq-test-hivemq-platform] [hivemq-platform-operator] [dfbee245] 22:16:22.879 [ReconcilerExecutor-hivemq-controller-131] DEBUG c.h.p.o.HiveMQPlatformReconciler - [helmpods] StatefulSet Spec (replicas: 1, init containers: 1, containers: 1, volumes: 4)
2025-01-29 22:16:22,884 INFO c.h.h.t.HelmChartContainer - [hivemq-test-hivemq-platform] [hivemq-platform-operator] [dfbee245] 22:16:22.880 [ReconcilerExecutor-hivemq-controller-131] DEBUG c.h.p.o.h.HiveMQPlatformReconcilerErrorHandler - [helmpods] Pod 'test-hivemq-platform-0' phase Running
2025-01-29 22:16:22,884 INFO c.h.h.t.HelmChartContainer - [hivemq-test-hivemq-platform] [hivemq-platform-operator] [dfbee245] 22:16:22.880 [ReconcilerExecutor-hivemq-controller-131] INFO  c.h.p.o.h.HiveMQPlatformReconcilerRestartExtensionsHandler - [helmpods] Successfully updated extensions on all Pods
2025-01-29 22:16:22,950 INFO c.h.h.t.HelmChartContainer - [EVENT] Normal [Ready] HiveMQ Platform is ready [helmpodsecuritycontextupgradeextensionit:test-hivemq-platform]
2025-01-29 22:16:22,950 INFO c.h.h.t.HelmChartContainer - [hivemq-test-hivemq-platform] [hivemq-platform-operator] [dfbee245] 22:16:22.948 [ReconcilerExecutor-hivemq-controller-131] DEBUG c.h.p.operator.event.EventSender - [helmpods] Updating K8s event hivemq-platform-ready: [Ready] HiveMQ Platform is ready
2025-01-29 22:16:22,950 INFO c.h.h.t.HelmChartContainer - [hivemq-test-hivemq-platform] [hivemq-platform-operator] [dfbee245] 22:16:22.949 [ReconcilerExecutor-hivemq-controller-131] INFO  c.h.p.o.h.AbstractHiveMQReconcilerStateHandler - [helmpods] Update HiveMQ Platform Status (RESTART_EXTENSIONS [WAIT_FOR_EXTENSION_RESTART] -> RUNNING [READY]): HiveMQ Platform is ready
2025-01-29 22:16:22,958 DEBUG com.hivemq.helmcharts.util.K8sUtil - Comparing actual state 'RUNNING' and waiting for 'RUNNING'
2025-01-29 22:16:24,961 INFO c.h.h.t.HelmChartContainer - Uninstalling release 'test-hivemq-platform' in namespace 'helmpodsecuritycontextupgradeextensionit'...
2025-01-29 22:16:24,961 DEBUG c.h.h.t.HelmChartContainer - Executing helm command: /bin/helm --kubeconfig /etc/rancher/k3s/k3s.yaml uninstall test-hivemq-platform  --wait --timeout 5m0s --cascade foreground --namespace helmpodsecuritycontextupgradeextensionit
2025-01-29 22:16:25,146 INFO c.h.h.t.HelmChartContainer - [hivemq-test-hivemq-platform] [hivemq-platform-operator] [dfbee245] 22:16:25.137 [pool-6-thread-41] DEBUG c.h.p.o.d.PlatformServiceResource - [helmpods] Desired Platform services (3 services)
2025-01-29 22:16:25,146 INFO c.h.h.t.HelmChartContainer - [hivemq-test-hivemq-platform] [hivemq-platform-operator] [dfbee245] 22:16:25.139 [pool-6-thread-48] DEBUG c.h.p.o.dependants.PodInfoConfigMap - [helmpods] Desired PodInfo ConfigMap (1 extensions) (1 enabled)
2025-01-29 22:16:25,146 INFO c.h.h.t.HelmChartContainer - [hivemq-test-hivemq-platform] [hivemq-platform-operator] [dfbee245] 22:16:25.139 [pool-6-thread-48] DEBUG c.h.p.o.dependants.PodInfoConfigMap - [helmpods] Desired PodInfo ConfigMap (metrics port: 9399) (metrics path: /)
2025-01-29 22:16:25,146 INFO c.h.h.t.HelmChartContainer - [hivemq-test-hivemq-platform] [hivemq-platform-operator] [dfbee245] 22:16:25.139 [pool-6-thread-48] DEBUG c.h.p.o.dependants.PodInfoConfigMap - [helmpods] Desired PodInfo ConfigMap (extension state hash: -543790518)
2025-01-29 22:16:25,146 INFO c.h.h.t.HelmChartContainer - [hivemq-test-hivemq-platform] [hivemq-platform-operator] [dfbee245] 22:16:25.139 [pool-6-thread-43] DEBUG c.h.p.o.d.PodServiceAccountResource - [helmpods] Desired PodServiceAccountResource (serviceAccountName: hivemq-platform-pod-test-hivemq-platform)
2025-01-29 22:16:25,146 INFO c.h.h.t.HelmChartContainer - [hivemq-test-hivemq-platform] [hivemq-platform-operator] [dfbee245] 22:16:25.139 [pool-6-thread-48] DEBUG c.h.p.o.dependants.PodInfoConfigMap - [helmpods] Update PodInfo ConfigMap
2025-01-29 22:16:25,160 INFO c.h.h.t.HelmChartContainer - [hivemq-test-hivemq-platform] [hivemq-platform-operator] [dfbee245] 22:16:25.156 [pool-6-thread-48] DEBUG c.h.p.o.d.StatefulSetResource - [helmpods] Desired StatefulSet (1 replicas) for status RUNNING (READY)
2025-01-29 22:16:25,162 INFO c.h.h.t.HelmChartContainer - [hivemq-test-hivemq-platform] [hivemq-platform-operator] [dfbee245] 22:16:25.159 [ReconcilerExecutor-hivemq-controller-133] INFO  c.h.p.o.HiveMQPlatformReconciler - [helmpods] Reconciling HiveMQ Platform 'test-hivemq-platform' in namespace 'helmpodsecuritycontextupgradeextensionit'
2025-01-29 22:16:25,162 INFO c.h.h.t.HelmChartContainer - [hivemq-test-hivemq-platform] [hivemq-platform-operator] [dfbee245] 22:16:25.159 [ReconcilerExecutor-hivemq-controller-133] DEBUG c.h.p.o.HiveMQPlatformReconciler - [helmpods] Custom Resource Status RUNNING - HiveMQ Platform is ready (READY)
2025-01-29 22:16:25,163 INFO c.h.h.t.HelmChartContainer - [hivemq-test-hivemq-platform] [hivemq-platform-operator] [dfbee245] 22:16:25.160 [ReconcilerExecutor-hivemq-controller-133] DEBUG c.h.p.o.HiveMQPlatformReconciler - [helmpods] Custom Resource Spec (replicas: 1) (extensions: 1)
2025-01-29 22:16:25,163 INFO c.h.h.t.HelmChartContainer - [hivemq-test-hivemq-platform] [hivemq-platform-operator] [dfbee245] 22:16:25.161 [ReconcilerExecutor-hivemq-controller-133] DEBUG c.h.p.o.HiveMQPlatformReconciler - [helmpods] StatefulSet Status (revision: test-hivemq-platform-6778d7488d, replicas: 1, available: 1, ready: 1, current: 1, updated: 1)
2025-01-29 22:16:25,163 INFO c.h.h.t.HelmChartContainer - [hivemq-test-hivemq-platform] [hivemq-platform-operator] [dfbee245] 22:16:25.161 [ReconcilerExecutor-hivemq-controller-133] DEBUG c.h.p.o.HiveMQPlatformReconciler - [helmpods] StatefulSet Spec (replicas: 1, init containers: 1, containers: 1, volumes: 4)
2025-01-29 22:16:25,222 INFO c.h.h.t.HelmChartContainer - [hivemq-test-hivemq-platform] [hivemq-platform-operator] [dfbee245] 22:16:25.219 [ReconcilerExecutor-hivemq-controller-133] DEBUG c.h.p.o.h.HiveMQPlatformReconcilerErrorHandler - [helmpods] Pod 'test-hivemq-platform-0' phase Running
2025-01-29 22:16:25,226 INFO c.h.h.t.HelmChartContainer - [hivemq-test-hivemq-platform] [hivemq-platform-operator] [dfbee245] 22:16:25.225 [ReconcilerExecutor-hivemq-controller-135] INFO  c.h.p.o.HiveMQPlatformReconciler - [helmpods] Cleanup test-hivemq-platform - helmpodsecuritycontextupgradeextensionit HiveMQ Platform is shut down
2025-01-29 22:16:25,769 INFO c.h.h.t.HelmChartContainer - [POD] test-hivemq-platform-0 [f969c912-24a4-49b4-9367-e34a27032a6b] in helmpodsecuritycontextupgradeextensionit was MODIFIED
2025-01-29 22:16:25,781 INFO c.h.h.t.HelmChartContainer - [EVENT] Normal [Killing] Stopping container hivemq [helmpodsecuritycontextupgradeextensionit:test-hivemq-platform-0]
2025-01-29 22:16:25,781 INFO c.h.h.t.HelmChartContainer - Received Killing event for container hivemq in pod test-hivemq-platform-0 [f969c912-24a4-49b4-9367-e34a27032a6b]
2025-01-29 22:16:25,781 INFO c.h.h.t.HelmChartContainer - Container [test-hivemq-platform-0] [hivemq] [f969c912-24a4-49b4-9367-e34a27032a6b] was terminated
2025-01-29 22:16:25,781 INFO c.h.h.t.HelmChartContainer - Stopped log watcher for hivemq in pod test-hivemq-platform-0 [f969c912-24a4-49b4-9367-e34a27032a6b]
2025-01-29 22:16:25,797 INFO c.h.h.t.HelmChartContainer - [test-hivemq-platform] [hivemq] [f969c912] INFO  - [HiveMQ Platform Operator Init App 1.7.0-SNAPSHOT] Shutting down
2025-01-29 22:16:25,797 INFO c.h.h.t.HelmChartContainer - [test-hivemq-platform] [hivemq] [f969c912] INFO  - [HiveMQ Platform Operator Init App 1.7.0-SNAPSHOT] Stopping the HiveMQ Platform
2025-01-29 22:16:25,867 INFO c.h.h.t.HelmChartContainer - [test-hivemq-platform] [hivemq] [f969c912] INFO  - Shutting down HiveMQ. Please wait, this could take a while...
2025-01-29 22:16:25,945 INFO c.h.h.t.HelmChartContainer - [test-hivemq-platform] [hivemq] [f969c912] INFO  - Shutting down listeners and clients
2025-01-29 22:16:25,946 INFO c.h.h.t.HelmChartContainer - [test-hivemq-platform] [hivemq] [f969c912] INFO  - Shutdown of listeners is done
2025-01-29 22:16:25,946 INFO c.h.h.t.HelmChartContainer - [test-hivemq-platform] [hivemq] [f969c912] INFO  - No clients are connected, proceeding with shutdown
2025-01-29 22:16:26,058 INFO c.h.h.t.HelmChartContainer - [test-hivemq-platform] [hivemq] [f969c912] INFO  - [HiveMQ Platform Operator Init App 1.7.0-SNAPSHOT] Returning shutdown Health API response 503 for readiness
2025-01-29 22:16:26,062 INFO c.h.h.t.HelmChartContainer - [EVENT] Warning [Unhealthy] Readiness probe failed: HTTP probe failed with statuscode: 503 [helmpodsecuritycontextupgradeextensionit:test-hivemq-platform-0]
2025-01-29 22:16:26,062 INFO c.h.h.t.HelmChartContainer - Received Unhealthy event for container hivemq in pod test-hivemq-platform-0 [f969c912-24a4-49b4-9367-e34a27032a6b]
2025-01-29 22:16:26,776 INFO c.h.h.t.HelmChartContainer - [K3S] [authentication.go:74] "Unable to authenticate the request" err="[invalid bearer token, serviceaccounts \"hivemq-platform-pod-test-hivemq-platform\" not found]"
2025-01-29 22:16:26,794 INFO c.h.h.t.HelmChartContainer - [K3S] [authentication.go:74] "Unable to authenticate the request" err="[invalid bearer token, serviceaccounts \"hivemq-platform-pod-test-hivemq-platform\" not found]"
2025-01-29 22:16:26,805 INFO c.h.h.t.HelmChartContainer - [test-hivemq-platform] [hivemq] [f969c912] WARN  - [HiveMQ Platform Operator Init App 1.7.0-SNAPSHOT] Could not update Pod annotations: Failure executing: GET at: https://10.43.0.1:443/api/v1/namespaces/helmpodsecuritycontextupgradeextensionit/pods/test-hivemq-platform-0. Message: Unauthorized. Received status: Status(apiVersion=v1, code=401, details=null, kind=Status, message=Unauthorized, metadata=ListMeta(_continue=null, remainingItemCount=null, resourceVersion=null, selfLink=null, additionalProperties={}), reason=Unauthorized, status=Failure, additionalProperties={}).
2025-01-29 22:16:27,198 INFO c.h.h.t.HelmChartContainer - Deleting namespace 'helmpodsecuritycontextupgradeextensionit'...
2025-01-29 22:16:28,660 INFO c.h.h.t.HelmChartContainer - [test-hivemq-platform] [hivemq] [f969c912] INFO  - Shutting down extension system
2025-01-29 22:16:28,661 INFO c.h.h.t.HelmChartContainer - [test-hivemq-platform] [hivemq] [f969c912] INFO  - Stopping extension with id hivemq-dns-cluster-discovery
2025-01-29 22:16:28,662 INFO c.h.h.t.HelmChartContainer - [test-hivemq-platform] [hivemq] [f969c912] INFO  - Extension "DNS Cluster Discovery Extension" version 4.3.2 stopped successfully.
2025-01-29 22:16:28,662 INFO c.h.h.t.HelmChartContainer - [test-hivemq-platform] [hivemq] [f969c912] INFO  - Stopping extension with id hivemq-distributed-tracing-extension
2025-01-29 22:16:28,664 INFO c.h.h.t.HelmChartContainer - [test-hivemq-platform] [hivemq] [f969c912] INFO  - Extension "HiveMQ Enterprise Distributed Tracing Extension" version 4.36.0 stopped successfully.
2025-01-29 22:16:28,664 INFO c.h.h.t.HelmChartContainer - [test-hivemq-platform] [hivemq] [f969c912] INFO  - Stopping extension with id hivemq-prometheus-extension
2025-01-29 22:16:28,670 INFO c.h.h.t.HelmChartContainer - [test-hivemq-platform] [hivemq] [f969c912] INFO  - Extension "Prometheus Monitoring Extension" version 4.0.12 stopped successfully.
2025-01-29 22:16:28,671 INFO c.h.h.t.HelmChartContainer - [test-hivemq-platform] [hivemq] [f969c912] INFO  - Stopping extension with id hivemq-allow-all-extension
2025-01-29 22:16:28,671 INFO c.h.h.t.HelmChartContainer - [test-hivemq-platform] [hivemq] [f969c912] INFO  - Extension "Allow All Extension" version 1.1.1 stopped successfully.
2025-01-29 22:16:30,972 INFO c.h.h.t.HelmChartContainer - [test-hivemq-platform] [hivemq] [f969c912] INFO  - Shutdown completed.
2025-01-29 22:16:31,062 INFO c.h.h.t.HelmChartContainer - [EVENT] Warning [Unhealthy] Readiness probe failed: HTTP probe failed with statuscode: 503 [helmpodsecuritycontextupgradeextensionit:test-hivemq-platform-0]
2025-01-29 22:16:31,062 INFO c.h.h.t.HelmChartContainer - Received Unhealthy event for container hivemq in pod test-hivemq-platform-0 [f969c912-24a4-49b4-9367-e34a27032a6b]
2025-01-29 22:16:31,332 INFO c.h.h.t.HelmChartContainer - [test-hivemq-platform] [hivemq] [f969c912] INFO  - [HiveMQ Platform Operator Init App 1.7.0-SNAPSHOT] The HiveMQ Platform exited with code 143
2025-01-29 22:16:31,332 INFO c.h.h.t.HelmChartContainer - [test-hivemq-platform] [hivemq] [f969c912] INFO  - [HiveMQ Platform Operator Init App 1.7.0-SNAPSHOT] Stopping the REST API
2025-01-29 22:16:31,347 INFO c.h.h.t.HelmChartContainer - [test-hivemq-platform] [hivemq] [f969c912] INFO  - [HiveMQ Platform Operator Init App 1.7.0-SNAPSHOT] Shutdown complete
2025-01-29 22:16:31,767 INFO c.h.h.t.HelmChartContainer - [K3S] [pod_container_deletor.go:80] "Container not found in pod's containers" containerID="61372a93ffb416c5a37754980babdf25af33790d336964c8d52224f7f99e0092"
2025-01-29 22:16:31,797 INFO c.h.h.t.HelmChartContainer - [K3S] [stateful_set.go:438] "Unhandled Error" err="error syncing StatefulSet helmpodsecuritycontextupgradeextensionit/test-hivemq-platform, requeuing: controllerrevisions.apps \"test-hivemq-platform-6778d7488d\" is forbidden: unable to create new content in namespace helmpodsecuritycontextupgradeextensionit because it is being terminated"
2025-01-29 22:16:31,797 INFO c.h.h.t.HelmChartContainer - [POD] test-hivemq-platform-0 [f969c912-24a4-49b4-9367-e34a27032a6b] in helmpodsecuritycontextupgradeextensionit was MODIFIED
2025-01-29 22:16:31,804 INFO c.h.h.t.HelmChartContainer - [K3S] [stateful_set.go:438] "Unhandled Error" err="error syncing StatefulSet helmpodsecuritycontextupgradeextensionit/test-hivemq-platform, requeuing: controllerrevisions.apps \"test-hivemq-platform-6778d7488d\" is forbidden: unable to create new content in namespace helmpodsecuritycontextupgradeextensionit because it is being terminated"
2025-01-29 22:16:31,818 INFO c.h.h.t.HelmChartContainer - [K3S] [stateful_set.go:438] "Unhandled Error" err="error syncing StatefulSet helmpodsecuritycontextupgradeextensionit/test-hivemq-platform, requeuing: controllerrevisions.apps \"test-hivemq-platform-6778d7488d\" is forbidden: unable to create new content in namespace helmpodsecuritycontextupgradeextensionit because it is being terminated"
2025-01-29 22:16:31,841 INFO c.h.h.t.HelmChartContainer - [K3S] [stateful_set.go:438] "Unhandled Error" err="error syncing StatefulSet helmpodsecuritycontextupgradeextensionit/test-hivemq-platform, requeuing: controllerrevisions.apps \"test-hivemq-platform-6778d7488d\" is forbidden: unable to create new content in namespace helmpodsecuritycontextupgradeextensionit because it is being terminated"
2025-01-29 22:16:31,885 INFO c.h.h.t.HelmChartContainer - [K3S] [stateful_set.go:438] "Unhandled Error" err="error syncing StatefulSet helmpodsecuritycontextupgradeextensionit/test-hivemq-platform, requeuing: controllerrevisions.apps \"test-hivemq-platform-6778d7488d\" is forbidden: unable to create new content in namespace helmpodsecuritycontextupgradeextensionit because it is being terminated"
2025-01-29 22:16:31,932 INFO c.h.h.t.HelmChartContainer - [K3S] [reconciler_common.go:162] "operationExecutor.UnmountVolume started for volume \"pod-info\" (UniqueName: \"kubernetes.io/configmap/f969c912-24a4-49b4-9367-e34a27032a6b-pod-info\") pod \"f969c912-24a4-49b4-9367-e34a27032a6b\" (UID: \"f969c912-24a4-49b4-9367-e34a27032a6b\") "
2025-01-29 22:16:31,932 INFO c.h.h.t.HelmChartContainer - [K3S] [reconciler_common.go:162] "operationExecutor.UnmountVolume started for volume \"kube-api-access-q5vmg\" (UniqueName: \"kubernetes.io/projected/f969c912-24a4-49b4-9367-e34a27032a6b-kube-api-access-q5vmg\") pod \"f969c912-24a4-49b4-9367-e34a27032a6b\" (UID: \"f969c912-24a4-49b4-9367-e34a27032a6b\") "
2025-01-29 22:16:31,932 INFO c.h.h.t.HelmChartContainer - [K3S] [reconciler_common.go:162] "operationExecutor.UnmountVolume started for volume \"extension-configuration-hivemq-distributed-tracing-extension\" (UniqueName: \"kubernetes.io/configmap/f969c912-24a4-49b4-9367-e34a27032a6b-extension-configuration-hivemq-distributed-tracing-extension\") pod \"f969c912-24a4-49b4-9367-e34a27032a6b\" (UID: \"f969c912-24a4-49b4-9367-e34a27032a6b\") "
2025-01-29 22:16:31,932 INFO c.h.h.t.HelmChartContainer - [K3S] [reconciler_common.go:162] "operationExecutor.UnmountVolume started for volume \"operator-init\" (UniqueName: \"kubernetes.io/empty-dir/f969c912-24a4-49b4-9367-e34a27032a6b-operator-init\") pod \"f969c912-24a4-49b4-9367-e34a27032a6b\" (UID: \"f969c912-24a4-49b4-9367-e34a27032a6b\") "
2025-01-29 22:16:31,932 INFO c.h.h.t.HelmChartContainer - [K3S] [reconciler_common.go:162] "operationExecutor.UnmountVolume started for volume \"broker-configuration\" (UniqueName: \"kubernetes.io/configmap/f969c912-24a4-49b4-9367-e34a27032a6b-broker-configuration\") pod \"f969c912-24a4-49b4-9367-e34a27032a6b\" (UID: \"f969c912-24a4-49b4-9367-e34a27032a6b\") "
2025-01-29 22:16:31,968 INFO c.h.h.t.HelmChartContainer - [K3S] [stateful_set.go:438] "Unhandled Error" err="error syncing StatefulSet helmpodsecuritycontextupgradeextensionit/test-hivemq-platform, requeuing: controllerrevisions.apps \"test-hivemq-platform-6778d7488d\" is forbidden: unable to create new content in namespace helmpodsecuritycontextupgradeextensionit because it is being terminated"
2025-01-29 22:16:32,033 INFO c.h.h.t.HelmChartContainer - [K3S] [reconciler_common.go:299] "Volume detached for volume \"broker-configuration\" (UniqueName: \"kubernetes.io/configmap/f969c912-24a4-49b4-9367-e34a27032a6b-broker-configuration\") on node \"58615b7c8ea7\" DevicePath \"\""
2025-01-29 22:16:32,033 INFO c.h.h.t.HelmChartContainer - [K3S] [reconciler_common.go:299] "Volume detached for volume \"operator-init\" (UniqueName: \"kubernetes.io/empty-dir/f969c912-24a4-49b4-9367-e34a27032a6b-operator-init\") on node \"58615b7c8ea7\" DevicePath \"\""
2025-01-29 22:16:32,033 INFO c.h.h.t.HelmChartContainer - [K3S] [reconciler_common.go:299] "Volume detached for volume \"pod-info\" (UniqueName: \"kubernetes.io/configmap/f969c912-24a4-49b4-9367-e34a27032a6b-pod-info\") on node \"58615b7c8ea7\" DevicePath \"\""
2025-01-29 22:16:32,033 INFO c.h.h.t.HelmChartContainer - [K3S] [reconciler_common.go:299] "Volume detached for volume \"kube-api-access-q5vmg\" (UniqueName: \"kubernetes.io/projected/f969c912-24a4-49b4-9367-e34a27032a6b-kube-api-access-q5vmg\") on node \"58615b7c8ea7\" DevicePath \"\""
2025-01-29 22:16:32,033 INFO c.h.h.t.HelmChartContainer - [K3S] [reconciler_common.go:299] "Volume detached for volume \"extension-configuration-hivemq-distributed-tracing-extension\" (UniqueName: \"kubernetes.io/configmap/f969c912-24a4-49b4-9367-e34a27032a6b-extension-configuration-hivemq-distributed-tracing-extension\") on node \"58615b7c8ea7\" DevicePath \"\""
2025-01-29 22:16:32,132 INFO c.h.h.t.HelmChartContainer - [K3S] [stateful_set.go:438] "Unhandled Error" err="error syncing StatefulSet helmpodsecuritycontextupgradeextensionit/test-hivemq-platform, requeuing: controllerrevisions.apps \"test-hivemq-platform-6778d7488d\" is forbidden: unable to create new content in namespace helmpodsecuritycontextupgradeextensionit because it is being terminated"
2025-01-29 22:16:32,219 INFO c.h.h.t.HelmChartContainer - [K3S] [stateful_set.go:466] "StatefulSet has been deleted" key="helmpodsecuritycontextupgradeextensionit/test-hivemq-platform"
2025-01-29 22:16:32,354 INFO c.h.h.t.HelmChartContainer - [K3S] [namespace_controller.go:164] "Unhandled Error" err="deletion of namespace helmpodsecuritycontextupgradeextensionit failed: unexpected items still remain in namespace: helmpodsecuritycontextupgradeextensionit for gvr: /v1, Resource=pods"
2025-01-29 22:16:32,453 INFO c.h.h.t.HelmChartContainer - [K3S] [stateful_set.go:466] "StatefulSet has been deleted" key="helmpodsecuritycontextupgradeextensionit/test-hivemq-platform"
2025-01-29 22:16:32,528 INFO c.h.h.t.HelmChartContainer - [K3S] [namespace_controller.go:164] "Unhandled Error" err="deletion of namespace helmpodsecuritycontextupgradeextensionit failed: unexpected items still remain in namespace: helmpodsecuritycontextupgradeextensionit for gvr: /v1, Resource=pods"
2025-01-29 22:16:32,627 INFO c.h.h.t.HelmChartContainer - [K3S] [namespace_controller.go:164] "Unhandled Error" err="deletion of namespace helmpodsecuritycontextupgradeextensionit failed: unexpected items still remain in namespace: helmpodsecuritycontextupgradeextensionit for gvr: /v1, Resource=pods"
2025-01-29 22:16:32,737 INFO c.h.h.t.HelmChartContainer - [K3S] [namespace_controller.go:164] "Unhandled Error" err="deletion of namespace helmpodsecuritycontextupgradeextensionit failed: unexpected items still remain in namespace: helmpodsecuritycontextupgradeextensionit for gvr: /v1, Resource=pods"
2025-01-29 22:16:32,778 INFO c.h.h.t.HelmChartContainer - [POD] test-hivemq-platform-0 [f969c912-24a4-49b4-9367-e34a27032a6b] in helmpodsecuritycontextupgradeextensionit was MODIFIED
2025-01-29 22:16:32,784 INFO c.h.h.t.HelmChartContainer - [POD] test-hivemq-platform-0 [f969c912-24a4-49b4-9367-e34a27032a6b] in helmpodsecuritycontextupgradeextensionit was DELETED
2025-01-29 22:16:32,923 INFO c.h.h.t.HelmChartContainer - Namespace 'helmpodsecuritycontextupgradeextensionit' deleted
2025-01-29 22:16:32,923 INFO c.h.h.t.HelmChartContainer - Release 'test-hivemq-platform' in namespace 'helmpodsecuritycontextupgradeextensionit' is uninstalled
2025-01-29 22:16:32,923 INFO c.h.h.t.HelmChartContainer - Uninstalling release 'test-hivemq-platform-operator' in namespace 'helmpodsecuritycontextupgradeextensionit-operator'...
2025-01-29 22:16:32,923 DEBUG c.h.h.t.HelmChartContainer - Executing helm command: /bin/helm --kubeconfig /etc/rancher/k3s/k3s.yaml uninstall test-hivemq-platform-operator  --wait --timeout 5m0s --cascade foreground --namespace helmpodsecuritycontextupgradeextensionit-operator
2025-01-29 22:16:33,079 INFO c.h.h.t.HelmChartContainer - [K3S] [replica_set.go:679] "Finished syncing" kind="ReplicaSet" key="helmpodsecuritycontextupgradeextensionit-operator/hivemq-test-hivemq-platform-operator-5dbf989d8c" duration="7.518463ms"
2025-01-29 22:16:33,080 INFO c.h.h.t.HelmChartContainer - [K3S] [replica_set.go:679] "Finished syncing" kind="ReplicaSet" key="helmpodsecuritycontextupgradeextensionit-operator/hivemq-test-hivemq-platform-operator-5dbf989d8c" duration="49.592µs"
2025-01-29 22:16:33,109 INFO c.h.h.t.HelmChartContainer - [POD] hivemq-test-hivemq-platform-operator-5dbf989d8c-rht4k [dfbee245-9b51-4969-9c7e-2b1dc2e86b39] in helmpodsecuritycontextupgradeextensionit-operator was MODIFIED
2025-01-29 22:16:33,127 INFO c.h.h.t.HelmChartContainer - [EVENT] Normal [Killing] Stopping container hivemq-platform-operator [helmpodsecuritycontextupgradeextensionit-operator:hivemq-test-hivemq-platform-operator-5dbf989d8c-rht4k]
2025-01-29 22:16:33,127 INFO c.h.h.t.HelmChartContainer - Received Killing event for container hivemq-platform-operator in pod hivemq-test-hivemq-platform-operator-5dbf989d8c-rht4k [dfbee245-9b51-4969-9c7e-2b1dc2e86b39]
2025-01-29 22:16:33,127 INFO c.h.h.t.HelmChartContainer - Container [hivemq-test-hivemq-platform-operator-5dbf989d8c-rht4k] [hivemq-platform-operator] [dfbee245-9b51-4969-9c7e-2b1dc2e86b39] was terminated
2025-01-29 22:16:33,127 INFO c.h.h.t.HelmChartContainer - Stopped log watcher for hivemq-platform-operator in pod hivemq-test-hivemq-platform-operator-5dbf989d8c-rht4k [dfbee245-9b51-4969-9c7e-2b1dc2e86b39]
2025-01-29 22:16:33,137 INFO c.h.h.t.HelmChartContainer - [hivemq-test-hivemq-platform] [hivemq-platform-operator] [dfbee245] 22:16:33.131 [application-shutdown-thread] INFO  c.h.p.o.HiveMQPlatformOperatorApplication - HiveMQ Platform Operator is stopping...
2025-01-29 22:16:33,137 INFO c.h.h.t.HelmChartContainer - [hivemq-test-hivemq-platform] [hivemq-platform-operator] [dfbee245] 22:16:33.132 [application-shutdown-thread] INFO  i.javaoperatorsdk.operator.Operator - Operator SDK 4.9.7 is shutting down...
2025-01-29 22:16:33,155 INFO c.h.h.t.HelmChartContainer - [K3S] [replica_set.go:679] "Finished syncing" kind="ReplicaSet" key="helmpodsecuritycontextupgradeextensionit-operator/hivemq-test-hivemq-platform-operator-5dbf989d8c" duration="38.870348ms"
2025-01-29 22:16:33,155 INFO c.h.h.t.HelmChartContainer - [K3S] [replica_set.go:679] "Finished syncing" kind="ReplicaSet" key="helmpodsecuritycontextupgradeextensionit-operator/hivemq-test-hivemq-platform-operator-5dbf989d8c" duration="49.943µs"
2025-01-29 22:16:33,679 INFO c.h.h.t.HelmChartContainer - [K3S] [replica_set.go:679] "Finished syncing" kind="ReplicaSet" key="helmpodsecuritycontextupgradeextensionit-operator/hivemq-test-hivemq-platform-operator-5dbf989d8c" duration="41.337µs"
2025-01-29 22:16:33,681 INFO c.h.h.t.HelmChartContainer - [POD] hivemq-test-hivemq-platform-operator-5dbf989d8c-rht4k [dfbee245-9b51-4969-9c7e-2b1dc2e86b39] in helmpodsecuritycontextupgradeextensionit-operator was MODIFIED
2025-01-29 22:16:33,771 INFO c.h.h.t.HelmChartContainer - [K3S] [scope.go:117] "RemoveContainer" containerID="de5879be4757c8b79244ea4d635a107a85b008a7e6bbb62c76fb80fb6281fdf5"
2025-01-29 22:16:33,774 INFO c.h.h.t.HelmChartContainer - [K3S] [scope.go:117] "RemoveContainer" containerID="de5879be4757c8b79244ea4d635a107a85b008a7e6bbb62c76fb80fb6281fdf5"
2025-01-29 22:16:33,849 INFO c.h.h.t.HelmChartContainer - [K3S] [reconciler_common.go:162] "operationExecutor.UnmountVolume started for volume \"kube-api-access-bbzdn\" (UniqueName: \"kubernetes.io/projected/dfbee245-9b51-4969-9c7e-2b1dc2e86b39-kube-api-access-bbzdn\") pod \"dfbee245-9b51-4969-9c7e-2b1dc2e86b39\" (UID: \"dfbee245-9b51-4969-9c7e-2b1dc2e86b39\") "
2025-01-29 22:16:33,950 INFO c.h.h.t.HelmChartContainer - [K3S] [reconciler_common.go:299] "Volume detached for volume \"kube-api-access-bbzdn\" (UniqueName: \"kubernetes.io/projected/dfbee245-9b51-4969-9c7e-2b1dc2e86b39-kube-api-access-bbzdn\") on node \"58615b7c8ea7\" DevicePath \"\""
2025-01-29 22:16:34,083 INFO c.h.h.t.HelmChartContainer - [K3S] [replica_set.go:679] "Finished syncing" kind="ReplicaSet" key="helmpodsecuritycontextupgradeextensionit-operator/hivemq-test-hivemq-platform-operator-5dbf989d8c" duration="51.706µs"
2025-01-29 22:16:34,085 INFO c.h.h.t.HelmChartContainer - [POD] hivemq-test-hivemq-platform-operator-5dbf989d8c-rht4k [dfbee245-9b51-4969-9c7e-2b1dc2e86b39] in helmpodsecuritycontextupgradeextensionit-operator was MODIFIED
2025-01-29 22:16:34,086 INFO c.h.h.t.HelmChartContainer - [K3S] [replica_set.go:679] "Finished syncing" kind="ReplicaSet" key="helmpodsecuritycontextupgradeextensionit-operator/hivemq-test-hivemq-platform-operator-5dbf989d8c" duration="39.333µs"
2025-01-29 22:16:34,088 INFO c.h.h.t.HelmChartContainer - [POD] hivemq-test-hivemq-platform-operator-5dbf989d8c-rht4k [dfbee245-9b51-4969-9c7e-2b1dc2e86b39] in helmpodsecuritycontextupgradeextensionit-operator was DELETED
2025-01-29 22:16:34,097 INFO c.h.h.t.HelmChartContainer - [K3S] [replica_set.go:679] "Finished syncing" kind="ReplicaSet" key="helmpodsecuritycontextupgradeextensionit-operator/hivemq-test-hivemq-platform-operator-5dbf989d8c" duration="6.322µs"
2025-01-29 22:16:34,294 INFO c.h.h.t.HelmChartContainer - [K3S] [kubelet_volumes.go:163] "Cleaned up orphaned pod volumes dir" podUID="dfbee245-9b51-4969-9c7e-2b1dc2e86b39" path="/var/lib/kubelet/pods/dfbee245-9b51-4969-9c7e-2b1dc2e86b39/volumes"
2025-01-29 22:16:34,295 INFO c.h.h.t.HelmChartContainer - [K3S] [kubelet_volumes.go:163] "Cleaned up orphaned pod volumes dir" podUID="f969c912-24a4-49b4-9367-e34a27032a6b" path="/var/lib/kubelet/pods/f969c912-24a4-49b4-9367-e34a27032a6b/volumes"
2025-01-29 22:16:35,134 INFO c.h.h.t.HelmChartContainer - Deleting namespace 'helmpodsecuritycontextupgradeextensionit-operator'...
2025-01-29 22:16:37,882 INFO c.h.h.t.HelmChartContainer - [K3S] [namespace_controller.go:187] "Namespace has been deleted" namespace="helmpodsecuritycontextupgradeextensionit"
2025-01-29 22:16:40,355 INFO c.h.h.t.HelmChartContainer - Namespace 'helmpodsecuritycontextupgradeextensionit-operator' deleted
2025-01-29 22:16:40,355 INFO c.h.h.t.HelmChartContainer - Release 'test-hivemq-platform-operator' in namespace 'helmpodsecuritycontextupgradeextensionit-operator' is uninstalled
2025-01-29 22:16:41,271 INFO c.h.helmcharts.AbstractHelmChartIT - Removed unused containers:

2025-01-29 22:16:43,722 INFO c.h.h.t.HelmChartContainer - [K3S] [INFO] COMPACT compactRev=0 targetCompactRev=2 currentRev=1011
2025-01-29 22:16:43,722 INFO c.h.h.t.HelmChartContainer - [K3S] [INFO] COMPACT deleted 0 rows from 2 revisions in 646.843µs - compacted to 2/1011
2025-01-29 22:16:43,722 INFO c.h.h.t.HelmChartContainer - [K3S] [INFO] COMPACT compacted from 0 to 2 in 1 transactions over 1ms
2025-01-29 22:16:45,259 INFO c.h.h.t.HelmChartContainer - [K3S] [namespace_controller.go:187] "Namespace has been deleted" namespace="helmpodsecuritycontextupgradeextensionit-operator"
2025-01-29 22:16:46,313 INFO c.h.h.t.HelmChartContainer - [K3S] [info.go:53] Couldn't collect info from any of the files in "/etc/machine-id,/var/lib/dbus/machine-id"
2025-01-29 22:16:46,317 INFO c.h.h.t.HelmChartContainer - [K3S] [scope.go:117] "RemoveContainer" containerID="34897a680ec74a49138c04700dcadc7b6c2d9237222e96b960794bd8b7c53b3b"
2025-01-29 22:16:46,321 INFO c.h.h.t.HelmChartContainer - [K3S] [scope.go:117] "RemoveContainer" containerID="fce1bc1f37c86871ce29b7267294f589b65d11c67aa6b383abf5782ec81bd9f0"
2025-01-29 22:16:50,675 INFO c.h.helmcharts.AbstractHelmChartIT - Removed unused snapshots:
Removing snapshot sha256:03af251906410714c5aef9fa705b63f6bbc39c4a5e787de7361eeb18886c2ed2
Removing snapshot sha256:0c46b3b43cce082ce5ec34ffc6c294e0417d17b9d1e6f366d114b6aadc4f96dc
Removing snapshot sha256:0ce761beee59082d6ed5bcebd3a805b8ddd9b3426b617e4809e7fb7c6587ffec
Removing snapshot sha256:0df91287303208332c8ff6ba40ae4710105201739addbfbddfb955f1ad593664
Removing snapshot sha256:1021ef88c7974bfff89c5a0ec4fd3160daac6c48a075f74cff721f85dd104e68
Removing snapshot sha256:10aba4953ddc18145dd38e3704709bc464aa20af60b56fe52caaff4b68411e62
Removing snapshot sha256:1d5cf3e3eb812061f06c49abff02b68d81953942566ded85fcc9c1f47b13186a
Removing snapshot sha256:2573e0d8158209ed54ab25c87bcdcb00bd3d2539246960a3d592a1c599d70465
Removing snapshot sha256:2944c0692f0b3f4c958b09e4bf315ac3616ed274898af04494fcd963a879bca5
Removing snapshot sha256:362a8a37f8bbc31925a8146adcf7cf51f9882f5c1dcbef67c5baa03a297543c0
Removing snapshot sha256:3fa4ad33f0ddc8fd45b39b6b4640f82a3a83619606cd975bfe89d8710ad2d4cd
Removing snapshot sha256:43a7c979bbaba6838bc3102d6b10a1459f3ab050b87ccdfef84ef90cf43d3058
Removing snapshot sha256:4ab04491cdf0d3267f08206fe30bd48f49f94b9cab2f016d6739220f722a64af
Removing snapshot sha256:4b6068250e89c96f263060261819c7d912855bfbd64b3eb4c4a8483299b8c295
Removing snapshot sha256:580e69a0a8034ede1921139bbd2bfb72a69ebf276d008281896c32dd8bf74775
Removing snapshot sha256:5a3228bf75a16fc5ec5b3d4ca301ab7ef2ca3bc2a3e8bf0a02733adfe43e5980
Removing snapshot sha256:5d30ba46b27fe37484567ccc5242cadc78217b8da605f3f195ef25cbf7487904
Removing snapshot sha256:63ca1fbb43ae5034640e5e6cb3e083e05c290072c5366fcaa9d62435a4cced85
Removing snapshot sha256:67f702c6baae873bceb19487c8b1f27bd2b86077e4f2f0e480e6d60ab508b8f5
Removing snapshot sha256:6864348dd42806d552efdec384f1274be15e2d0c10ce44c1f04347af004c10a9
Removing snapshot sha256:6c7dee8f2c39b84b7dc2711c01d33de93514d9055499173e9290176fbe484b6c
Removing snapshot sha256:82753493a6d61ded36556292f02f31841a14c20d2f279f19eaad65afb661d5cd
Removing snapshot sha256:8a10d3db42c505ee0fcfa98417bdd7e39b304f6bcc0a06bb1b220797ff2cc63c
Removing snapshot sha256:8bd9d778dd3aef4d3b4c77ee426be03092ca88acfd9bcf279d0631dd96d6df44
Removing snapshot sha256:8eed3c0b435850e9a00be0139a9a847ca108037e5fa832424a4e194c78ba59c4
Removing snapshot sha256:9b6f048201798a9c57b6316cb427a1e0aeb399d74aa15ca9e1519e77e2a2269e
Removing snapshot sha256:a0904247e36a7726c03c71ee48f3e64462021c88dafeb13f37fdaf613b27f11c
Removing snapshot sha256:a21e5b12dbac529ad45d976eb9ce45c881f3bedcc500fb30aba1e52aa1813418
Removing snapshot sha256:ab252baf4e5de5aaea9ee70236e159dbf16fd0a2394f5e27a579881aadfd4f49
Removing snapshot sha256:b921e6c28969094157f9b8e7244677780319637afd14450b7cb6b2fdea558a0c
Removing snapshot sha256:bc27ecb5769a00e309cf99ebc763c4a4b958b618d1decc96ffac5bc05f02f5b7
Removing snapshot sha256:be3ccb6627a5332e309d45ef461d09b4879dd870c7394d89323d0ebc6ca6aa8a
Removing snapshot sha256:c0c5b7491e705290b7ad3cce5c420f88ca1c74090e2726894a1baef025c52f43
Removing snapshot sha256:c261f7cbbc64211ee175ee47273acdb7b1a36a4450b397a064a8f2c026490095
Removing snapshot sha256:c34d9393647eea0c9e3557ab988efaf59f61d10a2a5613b439ef0958cca5ec10
Removing snapshot sha256:c4d5383ee8eaca294a64b01d37df59eac0a3e2a9779e67c450767218d0c4b36a
Removing snapshot sha256:ccf3c4a0fa967a41c1c83497a2ce6fa5787965859df0adb32c4ca2cf7490bc2b
Removing snapshot sha256:cf92d33f869417309692088c341cd0f223c178ea78a125f757317b22aa8f90e9
Removing snapshot sha256:d0037344cf2fb078884f1849f6a1f8cf9a33a3b6139b6a85833e5ee528e1f9a8
Removing snapshot sha256:d11e497bdb2ff42b7c885f2e1e1d16db6bef686024505e43f301a289240def7c
Removing snapshot sha256:d3b36d5b79273b1e98e7700470eaeff05a882e777124d84cebcc1505b85ecb36
Removing snapshot sha256:d65a44a37914602d12c611e5e22a50f11451d847e63015cc1c2aef92dee777a4
Removing snapshot sha256:d933c5f7d93a7a4196b76b559685f889b7b388041ac839bb7e19f6495750c4ef
Removing snapshot sha256:e2dc0bae2455930f23ae570e019b7f32edc75c0f2d71cab084db837ff9051796
Removing snapshot sha256:e31519795c7e3df686c447a21ec8d2eb301388a5e39ccf7f20a25c6f6ce3a522
Removing snapshot sha256:e4f954326774f256e539cb77d7b760593e89bbc63ca7a5ee0814ba1906135a09
Removing snapshot sha256:e9e86ed11d9bebc0707dd6f1166c51237ebb44f98657241f943261b2675a5449
Removing snapshot sha256:eabc2b3c5c963907b3f557933a60ab243515007cd7c28ba909692f5627b3bd32
Removing snapshot sha256:ebe5a0d1bd52392dd1db080be2ab42e15e36cea71e4bb998ef874dd3a6f350cb
Removing snapshot sha256:ecbf3b59a2be12efa647dc6cafe74dc73897de364be1037d9f880482d1ce011f
Removing snapshot sha256:eccbd24a99c60cd9e86ee5305dbfc4a4dc89f5ab4fb1f06c8d64797cecedef34
Removing snapshot sha256:edd1404c718ab99ca3456bdf222065033800bb67d4334a9642746685a24394cd
Removing snapshot sha256:f144bb4c7c7f0d2aa7eeffd36d934ec40db1ee167be727e326aad9fdc616f475
Removing snapshot sha256:ff3d1afd12e9b5642bc649cf82e7302d95c47a7a41fdfb3f34b284058e6b2790

2025-01-29 22:16:50,675 WARN c.h.helmcharts.AbstractHelmChartIT - Error during removal of snapshots:
ctr: failed to remove "sha256:03af251906410714c5aef9fa705b63f6bbc39c4a5e787de7361eeb18886c2ed2": cannot remove snapshot with child: failed precondition
ctr: failed to remove "sha256:0c46b3b43cce082ce5ec34ffc6c294e0417d17b9d1e6f366d114b6aadc4f96dc": cannot remove snapshot with child: failed precondition
ctr: failed to remove "sha256:0ce761beee59082d6ed5bcebd3a805b8ddd9b3426b617e4809e7fb7c6587ffec": cannot remove snapshot with child: failed precondition
ctr: failed to remove "sha256:0df91287303208332c8ff6ba40ae4710105201739addbfbddfb955f1ad593664": cannot remove snapshot with child: failed precondition
ctr: failed to remove "sha256:1021ef88c7974bfff89c5a0ec4fd3160daac6c48a075f74cff721f85dd104e68": cannot remove snapshot with child: failed precondition
ctr: failed to remove "sha256:10aba4953ddc18145dd38e3704709bc464aa20af60b56fe52caaff4b68411e62": cannot remove snapshot with child: failed precondition
ctr: failed to remove "sha256:1d5cf3e3eb812061f06c49abff02b68d81953942566ded85fcc9c1f47b13186a": cannot remove snapshot with child: failed precondition
ctr: failed to remove "sha256:2573e0d8158209ed54ab25c87bcdcb00bd3d2539246960a3d592a1c599d70465": cannot remove snapshot with child: failed precondition
ctr: failed to remove "sha256:2944c0692f0b3f4c958b09e4bf315ac3616ed274898af04494fcd963a879bca5": cannot remove snapshot with child: failed precondition
ctr: failed to remove "sha256:362a8a37f8bbc31925a8146adcf7cf51f9882f5c1dcbef67c5baa03a297543c0": cannot remove snapshot with child: failed precondition
ctr: failed to remove "sha256:3fa4ad33f0ddc8fd45b39b6b4640f82a3a83619606cd975bfe89d8710ad2d4cd": cannot remove snapshot with child: failed precondition
ctr: failed to remove "sha256:43a7c979bbaba6838bc3102d6b10a1459f3ab050b87ccdfef84ef90cf43d3058": cannot remove snapshot with child: failed precondition
ctr: failed to remove "sha256:4ab04491cdf0d3267f08206fe30bd48f49f94b9cab2f016d6739220f722a64af": cannot remove snapshot with child: failed precondition
ctr: failed to remove "sha256:4b6068250e89c96f263060261819c7d912855bfbd64b3eb4c4a8483299b8c295": cannot remove snapshot with child: failed precondition
ctr: failed to remove "sha256:580e69a0a8034ede1921139bbd2bfb72a69ebf276d008281896c32dd8bf74775": cannot remove snapshot with child: failed precondition
ctr: failed to remove "sha256:5a3228bf75a16fc5ec5b3d4ca301ab7ef2ca3bc2a3e8bf0a02733adfe43e5980": cannot remove snapshot with child: failed precondition
ctr: failed to remove "sha256:5d30ba46b27fe37484567ccc5242cadc78217b8da605f3f195ef25cbf7487904": cannot remove snapshot with child: failed precondition
ctr: failed to remove "sha256:63ca1fbb43ae5034640e5e6cb3e083e05c290072c5366fcaa9d62435a4cced85": cannot remove snapshot with child: failed precondition
ctr: failed to remove "sha256:67f702c6baae873bceb19487c8b1f27bd2b86077e4f2f0e480e6d60ab508b8f5": cannot remove snapshot with child: failed precondition
ctr: failed to remove "sha256:6864348dd42806d552efdec384f1274be15e2d0c10ce44c1f04347af004c10a9": cannot remove snapshot with child: failed precondition
ctr: failed to remove "sha256:6c7dee8f2c39b84b7dc2711c01d33de93514d9055499173e9290176fbe484b6c": cannot remove snapshot with child: failed precondition
ctr: failed to remove "sha256:82753493a6d61ded36556292f02f31841a14c20d2f279f19eaad65afb661d5cd": cannot remove snapshot with child: failed precondition
ctr: failed to remove "sha256:8a10d3db42c505ee0fcfa98417bdd7e39b304f6bcc0a06bb1b220797ff2cc63c": cannot remove snapshot with child: failed precondition
ctr: failed to remove "sha256:8bd9d778dd3aef4d3b4c77ee426be03092ca88acfd9bcf279d0631dd96d6df44": cannot remove snapshot with child: failed precondition
ctr: failed to remove "sha256:8eed3c0b435850e9a00be0139a9a847ca108037e5fa832424a4e194c78ba59c4": cannot remove snapshot with child: failed precondition
ctr: failed to remove "sha256:9b6f048201798a9c57b6316cb427a1e0aeb399d74aa15ca9e1519e77e2a2269e": cannot remove snapshot with child: failed precondition
ctr: failed to remove "sha256:a0904247e36a7726c03c71ee48f3e64462021c88dafeb13f37fdaf613b27f11c": cannot remove snapshot with child: failed precondition
ctr: failed to remove "sha256:a21e5b12dbac529ad45d976eb9ce45c881f3bedcc500fb30aba1e52aa1813418": cannot remove snapshot with child: failed precondition
ctr: failed to remove "sha256:ab252baf4e5de5aaea9ee70236e159dbf16fd0a2394f5e27a579881aadfd4f49": cannot remove snapshot with child: failed precondition
ctr: failed to remove "sha256:b921e6c28969094157f9b8e7244677780319637afd14450b7cb6b2fdea558a0c": cannot remove snapshot with child: failed precondition
ctr: failed to remove "sha256:bc27ecb5769a00e309cf99ebc763c4a4b958b618d1decc96ffac5bc05f02f5b7": cannot remove snapshot with child: failed precondition
ctr: failed to remove "sha256:be3ccb6627a5332e309d45ef461d09b4879dd870c7394d89323d0ebc6ca6aa8a": cannot remove snapshot with child: failed precondition
ctr: failed to remove "sha256:c0c5b7491e705290b7ad3cce5c420f88ca1c74090e2726894a1baef025c52f43": cannot remove snapshot with child: failed precondition
ctr: failed to remove "sha256:c261f7cbbc64211ee175ee47273acdb7b1a36a4450b397a064a8f2c026490095": cannot remove snapshot with child: failed precondition
ctr: failed to remove "sha256:c34d9393647eea0c9e3557ab988efaf59f61d10a2a5613b439ef0958cca5ec10": cannot remove snapshot with child: failed precondition
ctr: failed to remove "sha256:c4d5383ee8eaca294a64b01d37df59eac0a3e2a9779e67c450767218d0c4b36a": cannot remove snapshot with child: failed precondition
ctr: failed to remove "sha256:ccf3c4a0fa967a41c1c83497a2ce6fa5787965859df0adb32c4ca2cf7490bc2b": cannot remove snapshot with child: failed precondition
ctr: failed to remove "sha256:cf92d33f869417309692088c341cd0f223c178ea78a125f757317b22aa8f90e9": cannot remove snapshot with child: failed precondition
ctr: failed to remove "sha256:d0037344cf2fb078884f1849f6a1f8cf9a33a3b6139b6a85833e5ee528e1f9a8": cannot remove snapshot with child: failed precondition
ctr: failed to remove "sha256:d3b36d5b79273b1e98e7700470eaeff05a882e777124d84cebcc1505b85ecb36": cannot remove snapshot with child: failed precondition
ctr: failed to remove "sha256:d65a44a37914602d12c611e5e22a50f11451d847e63015cc1c2aef92dee777a4": cannot remove snapshot with child: failed precondition
ctr: failed to remove "sha256:d933c5f7d93a7a4196b76b559685f889b7b388041ac839bb7e19f6495750c4ef": cannot remove snapshot with child: failed precondition
ctr: failed to remove "sha256:e2dc0bae2455930f23ae570e019b7f32edc75c0f2d71cab084db837ff9051796": cannot remove snapshot with child: failed precondition
ctr: failed to remove "sha256:e31519795c7e3df686c447a21ec8d2eb301388a5e39ccf7f20a25c6f6ce3a522": cannot remove snapshot with child: failed precondition
ctr: failed to remove "sha256:e4f954326774f256e539cb77d7b760593e89bbc63ca7a5ee0814ba1906135a09": cannot remove snapshot with child: failed precondition
ctr: failed to remove "sha256:e9e86ed11d9bebc0707dd6f1166c51237ebb44f98657241f943261b2675a5449": cannot remove snapshot with child: failed precondition
ctr: failed to remove "sha256:eabc2b3c5c963907b3f557933a60ab243515007cd7c28ba909692f5627b3bd32": cannot remove snapshot with child: failed precondition
ctr: failed to remove "sha256:ecbf3b59a2be12efa647dc6cafe74dc73897de364be1037d9f880482d1ce011f": cannot remove snapshot with child: failed precondition
ctr: failed to remove "sha256:eccbd24a99c60cd9e86ee5305dbfc4a4dc89f5ab4fb1f06c8d64797cecedef34": cannot remove snapshot with child: failed precondition
ctr: failed to remove "sha256:edd1404c718ab99ca3456bdf222065033800bb67d4334a9642746685a24394cd": cannot remove snapshot with child: failed precondition
ctr: failed to remove "sha256:f144bb4c7c7f0d2aa7eeffd36d934ec40db1ee167be727e326aad9fdc616f475": cannot remove snapshot with child: failed precondition
ctr: failed to remove "sha256:ff3d1afd12e9b5642bc649cf82e7302d95c47a7a41fdfb3f34b284058e6b2790": cannot remove snapshot with child: failed precondition

]]></system-out>
  </testcase>
  <testcase name="Operator values: (UID=185, GID=0, valuesFile='/files/operator-pod-security-context-non-root-user-values.yaml') and Platform values: (UID=10000, GID=0, valuesFile='/files/platform-pod-security-context-non-root-user-with-tracing-extension-values.yaml')" classname="com.hivemq.helmcharts.securitycontext.HelmPodSecurityContextUpgradeExtensionIT" time="180.651">
    <system-out><![CDATA[2025-01-29 22:16:50,677 INFO c.h.h.t.HelmChartContainer - Creating namespace 'helmpodsecuritycontextupgradeextensionit-operator'...
2025-01-29 22:16:50,682 INFO c.h.h.t.HelmChartContainer - Namespace 'helmpodsecuritycontextupgradeextensionit-operator' created
2025-01-29 22:16:50,683 INFO c.h.h.t.HelmChartContainer - Creating namespace 'helmpodsecuritycontextupgradeextensionit'...
2025-01-29 22:16:50,691 INFO c.h.h.t.HelmChartContainer - Namespace 'helmpodsecuritycontextupgradeextensionit' created
2025-01-29 22:16:50,759 DEBUG c.h.h.t.HelmChartContainer - Executing helm command: /bin/helm --kubeconfig /etc/rancher/k3s/k3s.yaml install test-hivemq-platform-operator /charts/hivemq-platform-operator --wait --timeout 5m0s --set image.repository=docker.io/hivemq --set image.name=hivemq-platform-operator-test --set image.initImageName=hivemq-platform-operator-init-test --set image.tag=snapshot --set image.pullPolicy=Never --set logLevel=DEBUG --set resources.cpu=512m -f /files/operator-pod-security-context-non-root-user-values.yaml --namespace helmpodsecuritycontextupgradeextensionit-operator
2025-01-29 22:16:51,060 INFO c.h.h.t.HelmChartContainer - [K3S] [alloc.go:330] "allocated clusterIPs" service="helmpodsecuritycontextupgradeextensionit-operator/hivemq-platform-operator-test-hivemq-platform-operator" clusterIPs={"IPv4":"10.43.150.101"}
2025-01-29 22:16:51,091 INFO c.h.h.t.HelmChartContainer - [POD] hivemq-test-hivemq-platform-operator-7ccc997bc4-5nxqk [a69d244e-597b-43ad-9b0b-ef04ea872796] in helmpodsecuritycontextupgradeextensionit-operator was ADDED
2025-01-29 22:16:51,091 INFO c.h.h.t.HelmChartContainer - [EVENT] Normal [ScalingReplicaSet] Scaled up replica set hivemq-test-hivemq-platform-operator-7ccc997bc4 from 0 to 1 [helmpodsecuritycontextupgradeextensionit-operator:hivemq-test-hivemq-platform-operator]
2025-01-29 22:16:51,100 INFO c.h.h.t.HelmChartContainer - [EVENT] Normal [SuccessfulCreate] Created pod: hivemq-test-hivemq-platform-operator-7ccc997bc4-5nxqk [helmpodsecuritycontextupgradeextensionit-operator:hivemq-test-hivemq-platform-operator-7ccc997bc4]
2025-01-29 22:16:51,102 INFO c.h.h.t.HelmChartContainer - [POD] hivemq-test-hivemq-platform-operator-7ccc997bc4-5nxqk [a69d244e-597b-43ad-9b0b-ef04ea872796] in helmpodsecuritycontextupgradeextensionit-operator was MODIFIED
2025-01-29 22:16:51,104 INFO c.h.h.t.HelmChartContainer - [K3S] [memory_manager.go:355] "RemoveStaleState removing state" podUID="dfbee245-9b51-4969-9c7e-2b1dc2e86b39" containerName="hivemq-platform-operator"
2025-01-29 22:16:51,104 INFO c.h.h.t.HelmChartContainer - [K3S] [memory_manager.go:355] "RemoveStaleState removing state" podUID="f969c912-24a4-49b4-9367-e34a27032a6b" containerName="hivemq"
2025-01-29 22:16:51,105 INFO c.h.h.t.HelmChartContainer - [K3S] [replica_set.go:679] "Finished syncing" kind="ReplicaSet" key="helmpodsecuritycontextupgradeextensionit-operator/hivemq-test-hivemq-platform-operator-7ccc997bc4" duration="30.16591ms"
2025-01-29 22:16:51,117 INFO c.h.h.t.HelmChartContainer - [K3S] [replica_set.go:679] "Finished syncing" kind="ReplicaSet" key="helmpodsecuritycontextupgradeextensionit-operator/hivemq-test-hivemq-platform-operator-7ccc997bc4" duration="11.896301ms"
2025-01-29 22:16:51,117 INFO c.h.h.t.HelmChartContainer - [K3S] [replica_set.go:679] "Finished syncing" kind="ReplicaSet" key="helmpodsecuritycontextupgradeextensionit-operator/hivemq-test-hivemq-platform-operator-7ccc997bc4" duration="36.618µs"
2025-01-29 22:16:51,117 INFO c.h.h.t.HelmChartContainer - [EVENT] Normal [Scheduled] Successfully assigned helmpodsecuritycontextupgradeextensionit-operator/hivemq-test-hivemq-platform-operator-7ccc997bc4-5nxqk to 58615b7c8ea7 [helmpodsecuritycontextupgradeextensionit-operator:hivemq-test-hivemq-platform-operator-7ccc997bc4-5nxqk]
2025-01-29 22:16:51,121 INFO c.h.h.t.HelmChartContainer - [K3S] [replica_set.go:679] "Finished syncing" kind="ReplicaSet" key="helmpodsecuritycontextupgradeextensionit-operator/hivemq-test-hivemq-platform-operator-7ccc997bc4" duration="33.643µs"
2025-01-29 22:16:51,122 INFO c.h.h.t.HelmChartContainer - [POD] hivemq-test-hivemq-platform-operator-7ccc997bc4-5nxqk [a69d244e-597b-43ad-9b0b-ef04ea872796] in helmpodsecuritycontextupgradeextensionit-operator was MODIFIED
2025-01-29 22:16:51,250 INFO c.h.h.t.HelmChartContainer - [K3S] [reconciler_common.go:251] "operationExecutor.VerifyControllerAttachedVolume started for volume \"kube-api-access-z7mfp\" (UniqueName: \"kubernetes.io/projected/a69d244e-597b-43ad-9b0b-ef04ea872796-kube-api-access-z7mfp\") pod \"hivemq-test-hivemq-platform-operator-7ccc997bc4-5nxqk\" (UID: \"a69d244e-597b-43ad-9b0b-ef04ea872796\") " pod="helmpodsecuritycontextupgradeextensionit-operator/hivemq-test-hivemq-platform-operator-7ccc997bc4-5nxqk"
2025-01-29 22:16:51,507 INFO c.h.h.t.HelmChartContainer - [EVENT] Normal [Pulled] Container image "docker.io/hivemq/hivemq-platform-operator-test:snapshot" already present on machine [helmpodsecuritycontextupgradeextensionit-operator:hivemq-test-hivemq-platform-operator-7ccc997bc4-5nxqk]
2025-01-29 22:16:51,508 INFO c.h.h.t.HelmChartContainer - Received Pulled event for container hivemq-platform-operator in pod hivemq-test-hivemq-platform-operator-7ccc997bc4-5nxqk [a69d244e-597b-43ad-9b0b-ef04ea872796]
2025-01-29 22:16:51,612 INFO c.h.h.t.HelmChartContainer - [EVENT] Normal [Created] Created container: hivemq-platform-operator [helmpodsecuritycontextupgradeextensionit-operator:hivemq-test-hivemq-platform-operator-7ccc997bc4-5nxqk]
2025-01-29 22:16:51,612 INFO c.h.h.t.HelmChartContainer - Received Created event for container hivemq-platform-operator in pod hivemq-test-hivemq-platform-operator-7ccc997bc4-5nxqk [a69d244e-597b-43ad-9b0b-ef04ea872796]
2025-01-29 22:16:51,807 INFO c.h.h.t.HelmChartContainer - [K3S] [replica_set.go:679] "Finished syncing" kind="ReplicaSet" key="helmpodsecuritycontextupgradeextensionit-operator/hivemq-test-hivemq-platform-operator-7ccc997bc4" duration="45.635µs"
2025-01-29 22:16:51,814 INFO c.h.h.t.HelmChartContainer - [POD] hivemq-test-hivemq-platform-operator-7ccc997bc4-5nxqk [a69d244e-597b-43ad-9b0b-ef04ea872796] in helmpodsecuritycontextupgradeextensionit-operator was MODIFIED
2025-01-29 22:16:51,818 INFO c.h.h.t.HelmChartContainer - Started log watcher for hivemq-platform-operator in pod hivemq-test-hivemq-platform-operator-7ccc997bc4-5nxqk [a69d244e-597b-43ad-9b0b-ef04ea872796]
2025-01-29 22:16:51,819 INFO c.h.h.t.HelmChartContainer - [EVENT] Normal [Started] Started container hivemq-platform-operator [helmpodsecuritycontextupgradeextensionit-operator:hivemq-test-hivemq-platform-operator-7ccc997bc4-5nxqk]
2025-01-29 22:16:51,819 INFO c.h.h.t.HelmChartContainer - Received Started event for container hivemq-platform-operator in pod hivemq-test-hivemq-platform-operator-7ccc997bc4-5nxqk [a69d244e-597b-43ad-9b0b-ef04ea872796]
2025-01-29 22:16:51,819 INFO c.h.h.t.HelmChartContainer - [hivemq-test-hivemq-platform] [hivemq-platform-operator] [a69d244e] -------------------------------------------------------------------------
2025-01-29 22:16:51,819 INFO c.h.h.t.HelmChartContainer - [hivemq-test-hivemq-platform] [hivemq-platform-operator] [a69d244e] 
2025-01-29 22:16:51,819 INFO c.h.h.t.HelmChartContainer - [hivemq-test-hivemq-platform] [hivemq-platform-operator] [a69d244e]                   _    _  _              __  __   ____
2025-01-29 22:16:51,819 INFO c.h.h.t.HelmChartContainer - [hivemq-test-hivemq-platform] [hivemq-platform-operator] [a69d244e]                  | |  | |(_)            |  \/  | / __ \
2025-01-29 22:16:51,819 INFO c.h.h.t.HelmChartContainer - [hivemq-test-hivemq-platform] [hivemq-platform-operator] [a69d244e]                  | |__| | _ __   __ ___ | \  / || |  | |
2025-01-29 22:16:51,819 INFO c.h.h.t.HelmChartContainer - [hivemq-test-hivemq-platform] [hivemq-platform-operator] [a69d244e]                  |  __  || |\ \ / // _ \| |\/| || |  | |
2025-01-29 22:16:51,819 INFO c.h.h.t.HelmChartContainer - [hivemq-test-hivemq-platform] [hivemq-platform-operator] [a69d244e]                  | |  | || | \ V /|  __/| |  | || |__| |
2025-01-29 22:16:51,819 INFO c.h.h.t.HelmChartContainer - [hivemq-test-hivemq-platform] [hivemq-platform-operator] [a69d244e]                  |_|  |_||_|  \_/  \___||_|  |_| \___\_\
2025-01-29 22:16:51,819 INFO c.h.h.t.HelmChartContainer - [hivemq-test-hivemq-platform] [hivemq-platform-operator] [a69d244e] 
2025-01-29 22:16:51,820 INFO c.h.h.t.HelmChartContainer - [hivemq-test-hivemq-platform] [hivemq-platform-operator] [a69d244e] -------------------------------------------------------------------------
2025-01-29 22:16:51,820 INFO c.h.h.t.HelmChartContainer - [hivemq-test-hivemq-platform] [hivemq-platform-operator] [a69d244e] 
2025-01-29 22:16:51,820 INFO c.h.h.t.HelmChartContainer - [hivemq-test-hivemq-platform] [hivemq-platform-operator] [a69d244e]   HiveMQ Platform Operator Start Script v1.0
2025-01-29 22:16:51,820 INFO c.h.h.t.HelmChartContainer - [hivemq-test-hivemq-platform] [hivemq-platform-operator] [a69d244e] 
2025-01-29 22:16:51,820 INFO c.h.h.t.HelmChartContainer - [hivemq-test-hivemq-platform] [hivemq-platform-operator] [a69d244e] -------------------------------------------------------------------------
2025-01-29 22:16:51,820 INFO c.h.h.t.HelmChartContainer - [hivemq-test-hivemq-platform] [hivemq-platform-operator] [a69d244e] 
2025-01-29 22:16:51,820 INFO c.h.h.t.HelmChartContainer - [hivemq-test-hivemq-platform] [hivemq-platform-operator] [a69d244e]   JAVA_OPTS: -XX:+UnlockExperimentalVMOptions -XX:InitialRAMPercentage=75 -XX:MaxRAMPercentage=75 -Duser.language=en -Duser.region=US
2025-01-29 22:16:51,820 INFO c.h.h.t.HelmChartContainer - [hivemq-test-hivemq-platform] [hivemq-platform-operator] [a69d244e] 
2025-01-29 22:16:51,820 INFO c.h.h.t.HelmChartContainer - [hivemq-test-hivemq-platform] [hivemq-platform-operator] [a69d244e]   JAVA_VERSION: 21
2025-01-29 22:16:51,820 INFO c.h.h.t.HelmChartContainer - [hivemq-test-hivemq-platform] [hivemq-platform-operator] [a69d244e] 
2025-01-29 22:16:51,820 INFO c.h.h.t.HelmChartContainer - [hivemq-test-hivemq-platform] [hivemq-platform-operator] [a69d244e] -------------------------------------------------------------------------
2025-01-29 22:16:51,820 INFO c.h.h.t.HelmChartContainer - [hivemq-test-hivemq-platform] [hivemq-platform-operator] [a69d244e] 
2025-01-29 22:16:55,064 INFO c.h.h.t.HelmChartContainer - [hivemq-test-hivemq-platform] [hivemq-platform-operator] [a69d244e] 22:16:55.062 [main] DEBUG org.jboss.logging - Logging Provider: org.jboss.logging.Slf4jLoggerProvider
2025-01-29 22:16:55,168 INFO c.h.h.t.HelmChartContainer - [hivemq-test-hivemq-platform] [hivemq-platform-operator] [a69d244e] 22:16:55.167 [main] DEBUG io.smallrye.config - SRCFG01006: Loaded ConfigSource SysPropConfigSource with ordinal 400
2025-01-29 22:16:55,168 INFO c.h.h.t.HelmChartContainer - [hivemq-test-hivemq-platform] [hivemq-platform-operator] [a69d244e] 22:16:55.167 [main] DEBUG io.smallrye.config - SRCFG01006: Loaded ConfigSource EnvConfigSource with ordinal 300
2025-01-29 22:16:55,168 INFO c.h.h.t.HelmChartContainer - [hivemq-test-hivemq-platform] [hivemq-platform-operator] [a69d244e] 22:16:55.167 [main] DEBUG io.smallrye.config - SRCFG01006: Loaded ConfigSource PropertiesConfigSource[source=jar:file:///opt/hivemq-platform-operator/bin/hivemq-platform-operator.jar!/hivemq-platform-operator.properties] with ordinal 100
2025-01-29 22:16:55,168 INFO c.h.h.t.HelmChartContainer - [hivemq-test-hivemq-platform] [hivemq-platform-operator] [a69d244e] 22:16:55.167 [main] DEBUG io.smallrye.config - SRCFG01006: Loaded ConfigSource DefaultValuesConfigSource with ordinal -2147483648
2025-01-29 22:16:55,269 INFO c.h.h.t.HelmChartContainer - [hivemq-test-hivemq-platform] [hivemq-platform-operator] [a69d244e] 22:16:55.268 [main] DEBUG i.m.c.u.i.l.InternalLoggerFactory - Using SLF4J as the default logging framework
2025-01-29 22:16:55,386 INFO c.h.h.t.HelmChartContainer - [hivemq-test-hivemq-platform] [hivemq-platform-operator] [a69d244e] 22:16:55.377 [main] INFO  c.h.p.o.HiveMQPlatformOperatorApplication - HiveMQ Platform Operator 1.7.0-SNAPSHOT (commit: 3bc9484 on branch: HEAD) built on Wed Jan 29 22:06:36 UTC 2025
2025-01-29 22:16:55,386 INFO c.h.h.t.HelmChartContainer - [hivemq-test-hivemq-platform] [hivemq-platform-operator] [a69d244e] 22:16:55.385 [main] INFO  c.h.p.o.HiveMQPlatformOperatorApplication - HiveMQ Platform Operator is running in namespace: helmpodsecuritycontextupgradeextensionit-operator
2025-01-29 22:16:55,387 INFO c.h.h.t.HelmChartContainer - [hivemq-test-hivemq-platform] [hivemq-platform-operator] [a69d244e] 22:16:55.385 [main] INFO  c.h.p.o.HiveMQPlatformOperatorApplication - Watching all namespaces
2025-01-29 22:16:55,387 INFO c.h.h.t.HelmChartContainer - [hivemq-test-hivemq-platform] [hivemq-platform-operator] [a69d244e] 22:16:55.385 [main] INFO  c.h.p.o.HiveMQPlatformOperatorApplication - Log level: DEBUG
2025-01-29 22:16:55,387 INFO c.h.h.t.HelmChartContainer - [hivemq-test-hivemq-platform] [hivemq-platform-operator] [a69d244e] 22:16:55.385 [main] INFO  c.h.p.o.HiveMQPlatformOperatorApplication - Release name: test-hivemq-platform-operator
2025-01-29 22:16:55,387 INFO c.h.h.t.HelmChartContainer - [hivemq-test-hivemq-platform] [hivemq-platform-operator] [a69d244e] 22:16:55.385 [main] INFO  c.h.p.o.HiveMQPlatformOperatorApplication - HiveMQ Platform Operator Init image: docker.io/hivemq/hivemq-platform-operator-init-test:snapshot
2025-01-29 22:16:55,387 INFO c.h.h.t.HelmChartContainer - [hivemq-test-hivemq-platform] [hivemq-platform-operator] [a69d244e] 22:16:55.385 [main] INFO  c.h.p.o.HiveMQPlatformOperatorApplication - HiveMQ Platform Operator Init App update URL: http://hivemq-platform-operator-test-hivemq-platform-operator.helmpodsecuritycontextupgradeextensionit-operator.svc:8080/initAppUpdate/hivemq-platform-operator-init-app-1.7.0-SNAPSHOT.jar
2025-01-29 22:16:55,387 INFO c.h.h.t.HelmChartContainer - [hivemq-test-hivemq-platform] [hivemq-platform-operator] [a69d244e] 22:16:55.385 [main] INFO  c.h.p.o.HiveMQPlatformOperatorApplication - Additional imagePullSecret for all Platform deployments: none
2025-01-29 22:16:55,387 INFO c.h.h.t.HelmChartContainer - [hivemq-test-hivemq-platform] [hivemq-platform-operator] [a69d244e] 22:16:55.385 [main] INFO  c.h.p.o.HiveMQPlatformOperatorApplication - Apply HiveMQ Platform CRD: true
2025-01-29 22:16:55,387 INFO c.h.h.t.HelmChartContainer - [hivemq-test-hivemq-platform] [hivemq-platform-operator] [a69d244e] 22:16:55.385 [main] INFO  c.h.p.o.HiveMQPlatformOperatorApplication - Create Platform ServiceAccount: true
2025-01-29 22:16:55,387 INFO c.h.h.t.HelmChartContainer - [hivemq-test-hivemq-platform] [hivemq-platform-operator] [a69d244e] 22:16:55.385 [main] INFO  c.h.p.o.HiveMQPlatformOperatorApplication - Create Platform ServiceAccount permissions: true
2025-01-29 22:16:55,387 INFO c.h.h.t.HelmChartContainer - [hivemq-test-hivemq-platform] [hivemq-platform-operator] [a69d244e] 22:16:55.386 [main] INFO  c.h.p.o.HiveMQPlatformOperatorApplication - Validate Platform ServiceAccount: true
2025-01-29 22:16:55,387 INFO c.h.h.t.HelmChartContainer - [hivemq-test-hivemq-platform] [hivemq-platform-operator] [a69d244e] 22:16:55.386 [main] INFO  c.h.p.o.HiveMQPlatformOperatorApplication - Validate Platform ServiceAccount permissions: true
2025-01-29 22:16:55,577 INFO c.h.h.t.HelmChartContainer - [hivemq-test-hivemq-platform] [hivemq-platform-operator] [a69d244e] 22:16:55.576 [main] INFO  c.h.platform.operator.util.CRDUtil - Verifying deployed HiveMQ Platform CRD...
2025-01-29 22:16:57,969 INFO c.h.h.t.HelmChartContainer - [hivemq-test-hivemq-platform] [hivemq-platform-operator] [a69d244e] 22:16:57.967 [main] DEBUG c.h.platform.operator.util.CRDUtil - HiveMQ Platform CRD version v1 is up to date
2025-01-29 22:16:57,970 INFO c.h.h.t.HelmChartContainer - [hivemq-test-hivemq-platform] [hivemq-platform-operator] [a69d244e] 22:16:57.967 [main] INFO  c.h.platform.operator.util.CRDUtil - HiveMQ Platform CRD is up to date (version: V1_6_0)
2025-01-29 22:16:57,970 INFO c.h.h.t.HelmChartContainer - [hivemq-test-hivemq-platform] [hivemq-platform-operator] [a69d244e] 22:16:57.968 [main] INFO  c.h.platform.operator.util.CRDUtil - Waiting 10000 ms for HiveMQ Platform CRD 'hivemq-platforms.hivemq.com' to become ready...
2025-01-29 22:16:58,370 INFO c.h.h.t.HelmChartContainer - [hivemq-test-hivemq-platform] [hivemq-platform-operator] [a69d244e] 22:16:58.368 [vert.x-eventloop-thread-1] DEBUG c.h.platform.operator.util.CRDUtil - Checking CRD condition 'NamesAccepted' (status: 'True')
2025-01-29 22:16:58,371 INFO c.h.h.t.HelmChartContainer - [hivemq-test-hivemq-platform] [hivemq-platform-operator] [a69d244e] 22:16:58.368 [vert.x-eventloop-thread-1] DEBUG c.h.platform.operator.util.CRDUtil - Checking CRD condition 'Established' (status: 'True')
2025-01-29 22:16:58,373 INFO c.h.h.t.HelmChartContainer - [hivemq-test-hivemq-platform] [hivemq-platform-operator] [a69d244e] 22:16:58.371 [main] INFO  c.h.platform.operator.util.CRDUtil - HiveMQ Platform CRD 'hivemq-platforms.hivemq.com' is ready
2025-01-29 22:16:58,568 INFO c.h.h.t.HelmChartContainer - [hivemq-test-hivemq-platform] [hivemq-platform-operator] [a69d244e] 22:16:58.567 [main] INFO  c.h.p.o.HiveMQPlatformReconciler - HiveMQ Platform Operator is starting...
2025-01-29 22:16:58,663 INFO c.h.h.t.HelmChartContainer - [hivemq-test-hivemq-platform] [hivemq-platform-operator] [a69d244e] 22:16:58.661 [main] WARN  Default ConfigurationService implementation - Configuration for reconciler 'hivemq-controller' was not found. Known reconcilers: None.
2025-01-29 22:16:58,673 INFO c.h.h.t.HelmChartContainer - [hivemq-test-hivemq-platform] [hivemq-platform-operator] [a69d244e] 22:16:58.672 [main] INFO  Default ConfigurationService implementation - Created configuration for reconciler com.hivemq.platform.operator.HiveMQPlatformReconciler with name hivemq-controller
2025-01-29 22:16:58,772 INFO c.h.h.t.HelmChartContainer - [hivemq-test-hivemq-platform] [hivemq-platform-operator] [a69d244e] 22:16:58.771 [main] DEBUG c.h.p.o.HiveMQPlatformReconciler - HiveMQ Platform Operator is preparing EventSources
2025-01-29 22:16:58,784 INFO c.h.h.t.HelmChartContainer - [hivemq-test-hivemq-platform] [hivemq-platform-operator] [a69d244e] 22:16:58.783 [main] INFO  i.javaoperatorsdk.operator.Operator - Registered reconciler: 'hivemq-controller' for resource: 'class com.hivemq.platform.operator.v1.HiveMQPlatform' for namespace(s): [all namespaces]
2025-01-29 22:16:59,363 INFO c.h.h.t.HelmChartContainer - [hivemq-test-hivemq-platform] [hivemq-platform-operator] [a69d244e] 22:16:59.362 [main] INFO  c.h.p.operator.webserver.JettyServer - Starting Jetty server on port 8080
2025-01-29 22:16:59,462 INFO c.h.h.t.HelmChartContainer - [hivemq-test-hivemq-platform] [hivemq-platform-operator] [a69d244e] 22:16:59.461 [main] INFO  i.javaoperatorsdk.operator.Operator - Operator SDK 4.9.7 (commit: 2133d28) built on Wed Nov 20 12:56:20 UTC 2024 starting...
2025-01-29 22:16:59,462 INFO c.h.h.t.HelmChartContainer - [hivemq-test-hivemq-platform] [hivemq-platform-operator] [a69d244e] 22:16:59.461 [main] INFO  i.javaoperatorsdk.operator.Operator - Client version: 6.13.5
2025-01-29 22:16:59,464 INFO c.h.h.t.HelmChartContainer - [hivemq-test-hivemq-platform] [hivemq-platform-operator] [a69d244e] 22:16:59.463 [Controller Starter for: hivemq-controller] INFO  i.j.operator.processing.Controller - Starting 'hivemq-controller' controller for reconciler: com.hivemq.platform.operator.HiveMQPlatformReconciler, resource: com.hivemq.platform.operator.v1.HiveMQPlatform
2025-01-29 22:17:02,073 INFO c.h.h.t.HelmChartContainer - [hivemq-test-hivemq-platform] [hivemq-platform-operator] [a69d244e] 22:17:02.072 [Controller Starter for: hivemq-controller] INFO  i.j.operator.processing.Controller - 'hivemq-controller' controller started
2025-01-29 22:17:02,074 INFO c.h.h.t.HelmChartContainer - [hivemq-test-hivemq-platform] [hivemq-platform-operator] [a69d244e] 22:17:02.073 [main] INFO  c.h.p.o.HiveMQPlatformOperatorApplication - HiveMQ Platform Operator 1.7.0-SNAPSHOT started in 6696 ms
2025-01-29 22:17:02,817 INFO c.h.h.t.HelmChartContainer - [POD] hivemq-test-hivemq-platform-operator-7ccc997bc4-5nxqk [a69d244e-597b-43ad-9b0b-ef04ea872796] in helmpodsecuritycontextupgradeextensionit-operator was MODIFIED
2025-01-29 22:17:02,838 INFO c.h.h.t.HelmChartContainer - [K3S] [replica_set.go:679] "Finished syncing" kind="ReplicaSet" key="helmpodsecuritycontextupgradeextensionit-operator/hivemq-test-hivemq-platform-operator-7ccc997bc4" duration="18.944514ms"
2025-01-29 22:17:02,844 INFO c.h.h.t.HelmChartContainer - [K3S] [replica_set.go:679] "Finished syncing" kind="ReplicaSet" key="helmpodsecuritycontextupgradeextensionit-operator/hivemq-test-hivemq-platform-operator-7ccc997bc4" duration="70.782µs"
2025-01-29 22:17:03,143 INFO com.hivemq.helmcharts.util.K8sUtil - Pod 'hivemq-test-hivemq-platform-operator-7ccc997bc4-5nxqk' is ready
2025-01-29 22:17:03,278 DEBUG com.hivemq.helmcharts.util.PodUtil - Received status for command '[sh, -c, stat -c "%u:%g" /proc/1]' on pod 'hivemq-test-hivemq-platform-operator-7ccc997bc4-5nxqk' (exit code: 0)
2025-01-29 22:17:03,287 INFO c.h.h.testcontainer.LogWaiterUtil - TEST Waiting for log pattern on 'test-hivemq-platform-0': .*Extension "HiveMQ Enterprise Distributed Tracing Extension" version .* started successfully.
2025-01-29 22:17:03,348 DEBUG c.h.h.t.HelmChartContainer - Executing helm command: /bin/helm --kubeconfig /etc/rancher/k3s/k3s.yaml install test-hivemq-platform /charts/hivemq-platform --wait --timeout 5m0s --set image.repository=docker.io/hivemq --set image.tag=4.36.0 --set image.pullPolicy=Never --set nodes.resources.cpu=512m -f /files/platform-pod-security-context-non-root-user-with-tracing-extension-values.yaml --namespace helmpodsecuritycontextupgradeextensionit
2025-01-29 22:17:03,775 INFO c.h.h.t.HelmChartContainer - [hivemq-test-hivemq-platform] [hivemq-platform-operator] [a69d244e] 22:17:03.773 [-2082509879-pool-1-thread-4] WARN  i.m.p.PrometheusMeterRegistry - The meter (MeterId{name='operator.sdk.events.received', tags=[tag(action=ADDED),tag(event=ResourceEvent),tag(group=hivemq.com),tag(kind=HiveMQPlatform),tag(name=test-hivemq-platform),tag(namespace=helmpodsecuritycontextupgradeextensionit),tag(scope=namespace),tag(version=v1)]}) registration has failed: Prometheus requires that all meters with the same name have the same set of tag keys. There is already an existing meter named 'operator.sdk.events.received' containing tag keys [event, group, kind, name, namespace, scope, version]. The meter you are attempting to register has keys [action, event, group, kind, name, namespace, scope, version]. Note that subsequent logs will be logged at debug level.
2025-01-29 22:17:04,274 INFO c.h.h.t.HelmChartContainer - [hivemq-test-hivemq-platform] [hivemq-platform-operator] [a69d244e] 22:17:04.271 [pool-6-thread-3] DEBUG c.h.p.o.dependants.PodInfoConfigMap - [helmpods] Desired PodInfo ConfigMap (1 extensions) (1 enabled)
2025-01-29 22:17:04,275 INFO c.h.h.t.HelmChartContainer - [hivemq-test-hivemq-platform] [hivemq-platform-operator] [a69d244e] 22:17:04.272 [pool-6-thread-3] DEBUG c.h.p.o.dependants.PodInfoConfigMap - [helmpods] Desired PodInfo ConfigMap (metrics port: 9399) (metrics path: /)
2025-01-29 22:17:04,275 INFO c.h.h.t.HelmChartContainer - [hivemq-test-hivemq-platform] [hivemq-platform-operator] [a69d244e] 22:17:04.272 [pool-6-thread-3] DEBUG c.h.p.o.dependants.PodInfoConfigMap - [helmpods] Desired PodInfo ConfigMap (extension state hash: -493919079)
2025-01-29 22:17:04,277 INFO c.h.h.t.HelmChartContainer - [hivemq-test-hivemq-platform] [hivemq-platform-operator] [a69d244e] 22:17:04.276 [pool-6-thread-3] DEBUG c.h.p.o.dependants.PodInfoConfigMap - [helmpods] Create PodInfo ConfigMap
2025-01-29 22:17:04,380 INFO c.h.h.t.HelmChartContainer - [hivemq-test-hivemq-platform] [hivemq-platform-operator] [a69d244e] 22:17:04.376 [pool-6-thread-5] DEBUG c.h.p.o.dependants.PodRoleResource - [helmpods] Create Role: Role(apiVersion=rbac.authorization.k8s.io/v1, kind=Role, metadata=ObjectMeta(annotations={meta.helm.sh/release-name=test-hivemq-platform, meta.helm.sh/release-namespace=helmpodsecuritycontextupgradeextensionit}, creationTimestamp=null, deletionGracePeriodSeconds=null, deletionTimestamp=null, finalizers=[], generateName=null, generation=null, labels={helm.sh/chart=hivemq-platform-0.2.32, app.kubernetes.io/managed-by=Helm, app.kubernetes.io/name=hivemq-platform, hivemq-platform=test-hivemq-platform, app.kubernetes.io/instance=test-hivemq-platform, app.kubernetes.io/version=4.36.0}, managedFields=[], name=hivemq-platform-role-test-hivemq-platform, namespace=helmpodsecuritycontextupgradeextensionit, ownerReferences=[OwnerReference(apiVersion=hivemq.com/v1, blockOwnerDeletion=null, controller=null, kind=HiveMQPlatform, name=test-hivemq-platform, uid=57ccd6a3-0a60-4a8d-a9c0-6eefbe387442, additionalProperties={})], resourceVersion=null, selfLink=null, uid=null, additionalProperties={}), rules=[PolicyRule(apiGroups=[], nonResourceURLs=[], resourceNames=[], resources=[pods], verbs=[get, patch, update], additionalProperties={})], additionalProperties={})
2025-01-29 22:17:04,576 INFO c.h.h.t.HelmChartContainer - [hivemq-test-hivemq-platform] [hivemq-platform-operator] [a69d244e] 22:17:04.574 [pool-6-thread-7] DEBUG c.h.p.o.d.PodServiceAccountResource - [helmpods] Desired PodServiceAccountResource (serviceAccountName: hivemq-platform-pod-test-hivemq-platform)
2025-01-29 22:17:04,577 INFO c.h.h.t.HelmChartContainer - [hivemq-test-hivemq-platform] [hivemq-platform-operator] [a69d244e] 22:17:04.575 [pool-6-thread-7] DEBUG c.h.p.o.d.PodServiceAccountResource - [helmpods] Create ServiceAccount 'hivemq-platform-pod-test-hivemq-platform'
2025-01-29 22:17:04,681 INFO c.h.h.t.HelmChartContainer - [hivemq-test-hivemq-platform] [hivemq-platform-operator] [a69d244e] 22:17:04.680 [pool-6-thread-10] DEBUG c.h.p.o.d.PodRoleBindingResource - [helmpods] Create RoleBinding: RoleBinding(apiVersion=rbac.authorization.k8s.io/v1, kind=RoleBinding, metadata=ObjectMeta(annotations={meta.helm.sh/release-name=test-hivemq-platform, meta.helm.sh/release-namespace=helmpodsecuritycontextupgradeextensionit}, creationTimestamp=null, deletionGracePeriodSeconds=null, deletionTimestamp=null, finalizers=[], generateName=null, generation=null, labels={helm.sh/chart=hivemq-platform-0.2.32, app.kubernetes.io/managed-by=Helm, app.kubernetes.io/name=hivemq-platform, hivemq-platform=test-hivemq-platform, app.kubernetes.io/instance=test-hivemq-platform, app.kubernetes.io/version=4.36.0}, managedFields=[], name=hivemq-platform-role-binding-test-hivemq-platform, namespace=helmpodsecuritycontextupgradeextensionit, ownerReferences=[OwnerReference(apiVersion=hivemq.com/v1, blockOwnerDeletion=null, controller=null, kind=HiveMQPlatform, name=test-hivemq-platform, uid=57ccd6a3-0a60-4a8d-a9c0-6eefbe387442, additionalProperties={})], resourceVersion=null, selfLink=null, uid=null, additionalProperties={}), roleRef=RoleRef(apiGroup=rbac.authorization.k8s.io, kind=Role, name=hivemq-platform-role-test-hivemq-platform, additionalProperties={}), subjects=[Subject(apiGroup=null, kind=ServiceAccount, name=hivemq-platform-pod-test-hivemq-platform, namespace=helmpodsecuritycontextupgradeextensionit, additionalProperties={})], additionalProperties={})
2025-01-29 22:17:04,785 INFO c.h.h.t.HelmChartContainer - [hivemq-test-hivemq-platform] [hivemq-platform-operator] [a69d244e] 22:17:04.784 [ReconcilerExecutor-hivemq-controller-53] INFO  c.h.p.o.HiveMQPlatformReconciler - [helmpods] Reconciling HiveMQ Platform 'test-hivemq-platform' in namespace 'helmpodsecuritycontextupgradeextensionit'
2025-01-29 22:17:04,786 INFO c.h.h.t.HelmChartContainer - [hivemq-test-hivemq-platform] [hivemq-platform-operator] [a69d244e] 22:17:04.784 [ReconcilerExecutor-hivemq-controller-53] DEBUG c.h.p.o.HiveMQPlatformReconciler - [helmpods] Custom Resource Status CREATED - HiveMQ Platform was created (READY)
2025-01-29 22:17:04,786 INFO c.h.h.t.HelmChartContainer - [hivemq-test-hivemq-platform] [hivemq-platform-operator] [a69d244e] 22:17:04.784 [ReconcilerExecutor-hivemq-controller-53] DEBUG c.h.p.o.HiveMQPlatformReconciler - [helmpods] Custom Resource Spec (replicas: 1) (extensions: 1)
2025-01-29 22:17:04,790 INFO c.h.h.t.HelmChartContainer - [hivemq-test-hivemq-platform] [hivemq-platform-operator] [a69d244e] 22:17:04.790 [ReconcilerExecutor-hivemq-controller-53] INFO  c.h.p.o.h.HiveMQPlatformReconcilerBaseHandler - [helmpods] HiveMQ Platform is starting
2025-01-29 22:17:04,975 INFO c.h.h.t.HelmChartContainer - [hivemq-test-hivemq-platform] [hivemq-platform-operator] [a69d244e] 22:17:04.974 [ReconcilerExecutor-hivemq-controller-53] DEBUG c.h.p.operator.event.EventSender - [helmpods] Creating K8s event hivemq-platform-starting: [Start] HiveMQ Platform is starting
2025-01-29 22:17:04,985 INFO c.h.h.t.HelmChartContainer - [EVENT] Normal [Start] HiveMQ Platform is starting [helmpodsecuritycontextupgradeextensionit:test-hivemq-platform]
2025-01-29 22:17:05,062 INFO c.h.h.t.HelmChartContainer - [hivemq-test-hivemq-platform] [hivemq-platform-operator] [a69d244e] 22:17:05.061 [ReconcilerExecutor-hivemq-controller-53] INFO  c.h.p.o.h.AbstractHiveMQReconcilerStateHandler - [helmpods] Update HiveMQ Platform Status (CREATED [READY] -> STARTING [READY]): HiveMQ Platform is starting
2025-01-29 22:17:05,081 DEBUG com.hivemq.helmcharts.util.K8sUtil - Comparing actual state 'STARTING' and waiting for 'RUNNING'
2025-01-29 22:17:15,094 INFO c.h.h.t.HelmChartContainer - [hivemq-test-hivemq-platform] [hivemq-platform-operator] [a69d244e] 22:17:15.091 [pool-6-thread-12] DEBUG c.h.p.o.d.PlatformServiceResource - [helmpods] Desired Platform services (3 services)
2025-01-29 22:17:15,098 INFO c.h.h.t.HelmChartContainer - [hivemq-test-hivemq-platform] [hivemq-platform-operator] [a69d244e] 22:17:15.094 [pool-6-thread-13] DEBUG c.h.p.o.dependants.PodInfoConfigMap - [helmpods] Desired PodInfo ConfigMap (1 extensions) (1 enabled)
2025-01-29 22:17:15,100 INFO c.h.h.t.HelmChartContainer - [hivemq-test-hivemq-platform] [hivemq-platform-operator] [a69d244e] 22:17:15.094 [pool-6-thread-13] DEBUG c.h.p.o.dependants.PodInfoConfigMap - [helmpods] Desired PodInfo ConfigMap (metrics port: 9399) (metrics path: /)
2025-01-29 22:17:15,100 INFO c.h.h.t.HelmChartContainer - [hivemq-test-hivemq-platform] [hivemq-platform-operator] [a69d244e] 22:17:15.094 [pool-6-thread-13] DEBUG c.h.p.o.dependants.PodInfoConfigMap - [helmpods] Desired PodInfo ConfigMap (extension state hash: -493919079)
2025-01-29 22:17:15,100 INFO c.h.h.t.HelmChartContainer - [hivemq-test-hivemq-platform] [hivemq-platform-operator] [a69d244e] 22:17:15.098 [pool-6-thread-17] DEBUG c.h.p.o.d.PodServiceAccountResource - [helmpods] Desired PodServiceAccountResource (serviceAccountName: hivemq-platform-pod-test-hivemq-platform)
2025-01-29 22:17:15,102 INFO c.h.h.t.HelmChartContainer - [hivemq-test-hivemq-platform] [hivemq-platform-operator] [a69d244e] 22:17:15.101 [pool-6-thread-13] DEBUG c.h.p.o.dependants.PodInfoConfigMap - [helmpods] Update PodInfo ConfigMap
2025-01-29 22:17:15,115 INFO c.h.h.t.HelmChartContainer - [K3S] [alloc.go:330] "allocated clusterIPs" service="helmpodsecuritycontextupgradeextensionit/hivemq-test-hivemq-platform-mqtt-1883" clusterIPs={"IPv4":"10.43.91.69"}
2025-01-29 22:17:15,185 INFO c.h.h.t.HelmChartContainer - [K3S] [alloc.go:330] "allocated clusterIPs" service="helmpodsecuritycontextupgradeextensionit/hivemq-test-hivemq-platform-cc-8080" clusterIPs={"IPv4":"10.43.230.173"}
2025-01-29 22:17:15,278 INFO c.h.h.t.HelmChartContainer - [K3S] [alloc.go:330] "allocated clusterIPs" service="helmpodsecuritycontextupgradeextensionit/hivemq-test-hivemq-platform-metrics-9399" clusterIPs={"IPv4":"10.43.174.60"}
2025-01-29 22:17:15,362 INFO c.h.h.t.HelmChartContainer - [hivemq-test-hivemq-platform] [hivemq-platform-operator] [a69d244e] 22:17:15.361 [pool-6-thread-20] DEBUG c.h.p.o.d.StatefulSetResource - [helmpods] Desired StatefulSet (1 replicas) for status STARTING (READY)
2025-01-29 22:17:15,385 INFO c.h.h.t.HelmChartContainer - [hivemq-test-hivemq-platform] [hivemq-platform-operator] [a69d244e] 22:17:15.384 [pool-6-thread-20] DEBUG c.h.p.o.d.StatefulSetResource - [helmpods] Create StatefulSet
2025-01-29 22:17:15,490 INFO c.h.h.t.HelmChartContainer - [hivemq-test-hivemq-platform] [hivemq-platform-operator] [a69d244e] 22:17:15.487 [ReconcilerExecutor-hivemq-controller-64] INFO  c.h.p.o.HiveMQPlatformReconciler - [helmpods] Reconciling HiveMQ Platform 'test-hivemq-platform' in namespace 'helmpodsecuritycontextupgradeextensionit'
2025-01-29 22:17:15,490 INFO c.h.h.t.HelmChartContainer - [hivemq-test-hivemq-platform] [hivemq-platform-operator] [a69d244e] 22:17:15.488 [ReconcilerExecutor-hivemq-controller-64] DEBUG c.h.p.o.HiveMQPlatformReconciler - [helmpods] Custom Resource Status STARTING - HiveMQ Platform is starting (READY)
2025-01-29 22:17:15,491 INFO c.h.h.t.HelmChartContainer - [hivemq-test-hivemq-platform] [hivemq-platform-operator] [a69d244e] 22:17:15.488 [ReconcilerExecutor-hivemq-controller-64] DEBUG c.h.p.o.HiveMQPlatformReconciler - [helmpods] Custom Resource Spec (replicas: 1) (extensions: 1)
2025-01-29 22:17:15,494 INFO c.h.h.t.HelmChartContainer - [POD] test-hivemq-platform-0 [63c23f0d-d434-4a32-9a92-6b633b4060f3] in helmpodsecuritycontextupgradeextensionit was ADDED
2025-01-29 22:17:15,499 INFO c.h.h.t.HelmChartContainer - [EVENT] Normal [SuccessfulCreate] create Pod test-hivemq-platform-0 in StatefulSet test-hivemq-platform successful [helmpodsecuritycontextupgradeextensionit:test-hivemq-platform]
2025-01-29 22:17:15,503 INFO c.h.h.t.HelmChartContainer - [POD] test-hivemq-platform-0 [63c23f0d-d434-4a32-9a92-6b633b4060f3] in helmpodsecuritycontextupgradeextensionit was MODIFIED
2025-01-29 22:17:15,503 INFO c.h.h.t.HelmChartContainer - [EVENT] Normal [Scheduled] Successfully assigned helmpodsecuritycontextupgradeextensionit/test-hivemq-platform-0 to 58615b7c8ea7 [helmpodsecuritycontextupgradeextensionit:test-hivemq-platform-0]
2025-01-29 22:17:15,512 INFO c.h.h.t.HelmChartContainer - [POD] test-hivemq-platform-0 [63c23f0d-d434-4a32-9a92-6b633b4060f3] in helmpodsecuritycontextupgradeextensionit was MODIFIED
2025-01-29 22:17:15,581 INFO c.h.h.t.HelmChartContainer - [hivemq-test-hivemq-platform] [hivemq-platform-operator] [a69d244e] 22:17:15.575 [ReconcilerExecutor-hivemq-controller-64] DEBUG c.h.p.o.HiveMQPlatformReconciler - [helmpods] StatefulSet Status (revision: null, replicas: 0, available: 0, ready: 0, current: 0, updated: 0)
2025-01-29 22:17:15,581 INFO c.h.h.t.HelmChartContainer - [hivemq-test-hivemq-platform] [hivemq-platform-operator] [a69d244e] 22:17:15.575 [ReconcilerExecutor-hivemq-controller-64] DEBUG c.h.p.o.HiveMQPlatformReconciler - [helmpods] StatefulSet Spec (replicas: 1, init containers: 1, containers: 1, volumes: 4)
2025-01-29 22:17:15,673 INFO c.h.h.t.HelmChartContainer - [hivemq-test-hivemq-platform] [hivemq-platform-operator] [a69d244e] 22:17:15.671 [ReconcilerExecutor-hivemq-controller-64] DEBUG c.h.p.o.h.HiveMQPlatformReconcilerErrorHandler - [helmpods] Pod 'test-hivemq-platform-0' phase Pending
2025-01-29 22:17:15,673 INFO c.h.h.t.HelmChartContainer - [hivemq-test-hivemq-platform] [hivemq-platform-operator] [a69d244e] 22:17:15.672 [ReconcilerExecutor-hivemq-controller-64] DEBUG c.h.p.o.h.HiveMQPlatformReconcilerErrorHandler - [helmpods] Pod 'test-hivemq-platform-0' condition 'PodReadyToStartContainers': False
2025-01-29 22:17:15,674 INFO c.h.h.t.HelmChartContainer - [hivemq-test-hivemq-platform] [hivemq-platform-operator] [a69d244e] 22:17:15.672 [ReconcilerExecutor-hivemq-controller-64] DEBUG c.h.p.o.h.HiveMQPlatformReconcilerErrorHandler - [helmpods] Pod 'test-hivemq-platform-0' condition 'Initialized': False
2025-01-29 22:17:15,674 INFO c.h.h.t.HelmChartContainer - [hivemq-test-hivemq-platform] [hivemq-platform-operator] [a69d244e] 22:17:15.672 [ReconcilerExecutor-hivemq-controller-64] DEBUG c.h.p.o.h.HiveMQPlatformReconcilerErrorHandler - [helmpods] Pod 'test-hivemq-platform-0' condition 'Ready': False
2025-01-29 22:17:15,674 INFO c.h.h.t.HelmChartContainer - [hivemq-test-hivemq-platform] [hivemq-platform-operator] [a69d244e] 22:17:15.672 [ReconcilerExecutor-hivemq-controller-64] DEBUG c.h.p.o.h.HiveMQPlatformReconcilerErrorHandler - [helmpods] Pod 'test-hivemq-platform-0' condition 'ContainersReady': False
2025-01-29 22:17:15,674 INFO c.h.h.t.HelmChartContainer - [hivemq-test-hivemq-platform] [hivemq-platform-operator] [a69d244e] 22:17:15.672 [ReconcilerExecutor-hivemq-controller-64] DEBUG c.h.p.o.h.HiveMQPlatformReconcilerErrorHandler - [helmpods] Pod 'test-hivemq-platform-0' condition 'PodScheduled': True
2025-01-29 22:17:15,674 INFO c.h.h.t.HelmChartContainer - [hivemq-test-hivemq-platform] [hivemq-platform-operator] [a69d244e] 22:17:15.672 [ReconcilerExecutor-hivemq-controller-64] DEBUG c.h.p.o.h.HiveMQPlatformReconcilerErrorHandler - [helmpods] Pod 'test-hivemq-platform-0' containerStatus 'hivemq' (started: false) (ready: false) (waiting: [PodInitializing] null)
2025-01-29 22:17:15,676 INFO c.h.h.t.HelmChartContainer - [hivemq-test-hivemq-platform] [hivemq-platform-operator] [a69d244e] 22:17:15.675 [ReconcilerExecutor-hivemq-controller-64] INFO  c.h.p.o.h.HiveMQPlatformReconcilerBaseHandler - [helmpods] HiveMQ Platform is starting, 0 of 1 replicas are ready
2025-01-29 22:17:15,681 INFO c.h.h.t.HelmChartContainer - [hivemq-test-hivemq-platform] [hivemq-platform-operator] [a69d244e] 22:17:15.680 [pool-6-thread-22] DEBUG c.h.p.o.d.PlatformServiceResource - [helmpods] Desired Platform services (3 services)
2025-01-29 22:17:15,684 INFO c.h.h.t.HelmChartContainer - [hivemq-test-hivemq-platform] [hivemq-platform-operator] [a69d244e] 22:17:15.684 [pool-6-thread-23] DEBUG c.h.p.o.dependants.PodInfoConfigMap - [helmpods] Desired PodInfo ConfigMap (1 extensions) (1 enabled)
2025-01-29 22:17:15,685 INFO c.h.h.t.HelmChartContainer - [hivemq-test-hivemq-platform] [hivemq-platform-operator] [a69d244e] 22:17:15.684 [pool-6-thread-23] DEBUG c.h.p.o.dependants.PodInfoConfigMap - [helmpods] Desired PodInfo ConfigMap (metrics port: 9399) (metrics path: /)
2025-01-29 22:17:15,686 INFO c.h.h.t.HelmChartContainer - [hivemq-test-hivemq-platform] [hivemq-platform-operator] [a69d244e] 22:17:15.684 [pool-6-thread-23] DEBUG c.h.p.o.dependants.PodInfoConfigMap - [helmpods] Desired PodInfo ConfigMap (extension state hash: -493919079)
2025-01-29 22:17:15,689 INFO c.h.h.t.HelmChartContainer - [K3S] [reconciler_common.go:251] "operationExecutor.VerifyControllerAttachedVolume started for volume \"extension-configuration-hivemq-distributed-tracing-extension\" (UniqueName: \"kubernetes.io/configmap/63c23f0d-d434-4a32-9a92-6b633b4060f3-extension-configuration-hivemq-distributed-tracing-extension\") pod \"test-hivemq-platform-0\" (UID: \"63c23f0d-d434-4a32-9a92-6b633b4060f3\") " pod="helmpodsecuritycontextupgradeextensionit/test-hivemq-platform-0"
2025-01-29 22:17:15,689 INFO c.h.h.t.HelmChartContainer - [K3S] [reconciler_common.go:251] "operationExecutor.VerifyControllerAttachedVolume started for volume \"pod-info\" (UniqueName: \"kubernetes.io/configmap/63c23f0d-d434-4a32-9a92-6b633b4060f3-pod-info\") pod \"test-hivemq-platform-0\" (UID: \"63c23f0d-d434-4a32-9a92-6b633b4060f3\") " pod="helmpodsecuritycontextupgradeextensionit/test-hivemq-platform-0"
2025-01-29 22:17:15,689 INFO c.h.h.t.HelmChartContainer - [K3S] [reconciler_common.go:251] "operationExecutor.VerifyControllerAttachedVolume started for volume \"broker-configuration\" (UniqueName: \"kubernetes.io/configmap/63c23f0d-d434-4a32-9a92-6b633b4060f3-broker-configuration\") pod \"test-hivemq-platform-0\" (UID: \"63c23f0d-d434-4a32-9a92-6b633b4060f3\") " pod="helmpodsecuritycontextupgradeextensionit/test-hivemq-platform-0"
2025-01-29 22:17:15,689 INFO c.h.h.t.HelmChartContainer - [K3S] [reconciler_common.go:251] "operationExecutor.VerifyControllerAttachedVolume started for volume \"operator-init\" (UniqueName: \"kubernetes.io/empty-dir/63c23f0d-d434-4a32-9a92-6b633b4060f3-operator-init\") pod \"test-hivemq-platform-0\" (UID: \"63c23f0d-d434-4a32-9a92-6b633b4060f3\") " pod="helmpodsecuritycontextupgradeextensionit/test-hivemq-platform-0"
2025-01-29 22:17:15,689 INFO c.h.h.t.HelmChartContainer - [K3S] [reconciler_common.go:251] "operationExecutor.VerifyControllerAttachedVolume started for volume \"kube-api-access-c5d57\" (UniqueName: \"kubernetes.io/projected/63c23f0d-d434-4a32-9a92-6b633b4060f3-kube-api-access-c5d57\") pod \"test-hivemq-platform-0\" (UID: \"63c23f0d-d434-4a32-9a92-6b633b4060f3\") " pod="helmpodsecuritycontextupgradeextensionit/test-hivemq-platform-0"
2025-01-29 22:17:15,771 INFO c.h.h.t.HelmChartContainer - [hivemq-test-hivemq-platform] [hivemq-platform-operator] [a69d244e] 22:17:15.769 [pool-6-thread-27] DEBUG c.h.p.o.d.PodServiceAccountResource - [helmpods] Desired PodServiceAccountResource (serviceAccountName: hivemq-platform-pod-test-hivemq-platform)
2025-01-29 22:17:15,778 INFO c.h.h.t.HelmChartContainer - [hivemq-test-hivemq-platform] [hivemq-platform-operator] [a69d244e] 22:17:15.776 [pool-6-thread-30] DEBUG c.h.p.o.d.StatefulSetResource - [helmpods] Desired StatefulSet (1 replicas) for status STARTING (READY)
2025-01-29 22:17:15,784 INFO c.h.h.t.HelmChartContainer - [hivemq-test-hivemq-platform] [hivemq-platform-operator] [a69d244e] 22:17:15.783 [ReconcilerExecutor-hivemq-controller-77] INFO  c.h.p.o.HiveMQPlatformReconciler - [helmpods] Reconciling HiveMQ Platform 'test-hivemq-platform' in namespace 'helmpodsecuritycontextupgradeextensionit'
2025-01-29 22:17:15,784 INFO c.h.h.t.HelmChartContainer - [hivemq-test-hivemq-platform] [hivemq-platform-operator] [a69d244e] 22:17:15.783 [ReconcilerExecutor-hivemq-controller-77] DEBUG c.h.p.o.HiveMQPlatformReconciler - [helmpods] Custom Resource Status STARTING - HiveMQ Platform is starting (READY)
2025-01-29 22:17:15,784 INFO c.h.h.t.HelmChartContainer - [hivemq-test-hivemq-platform] [hivemq-platform-operator] [a69d244e] 22:17:15.783 [ReconcilerExecutor-hivemq-controller-77] DEBUG c.h.p.o.HiveMQPlatformReconciler - [helmpods] Custom Resource Spec (replicas: 1) (extensions: 1)
2025-01-29 22:17:15,872 INFO c.h.h.t.HelmChartContainer - [hivemq-test-hivemq-platform] [hivemq-platform-operator] [a69d244e] 22:17:15.870 [ReconcilerExecutor-hivemq-controller-77] DEBUG c.h.p.o.HiveMQPlatformReconciler - [helmpods] StatefulSet Status (revision: test-hivemq-platform-f6cdc458c, replicas: 1, available: 0, ready: 0, current: 1, updated: 1)
2025-01-29 22:17:15,872 INFO c.h.h.t.HelmChartContainer - [hivemq-test-hivemq-platform] [hivemq-platform-operator] [a69d244e] 22:17:15.871 [ReconcilerExecutor-hivemq-controller-77] DEBUG c.h.p.o.HiveMQPlatformReconciler - [helmpods] StatefulSet Spec (replicas: 1, init containers: 1, containers: 1, volumes: 4)
2025-01-29 22:17:15,876 INFO c.h.h.t.HelmChartContainer - [hivemq-test-hivemq-platform] [hivemq-platform-operator] [a69d244e] 22:17:15.874 [ReconcilerExecutor-hivemq-controller-77] DEBUG c.h.p.o.h.HiveMQPlatformReconcilerErrorHandler - [helmpods] Pod 'test-hivemq-platform-0' phase Pending
2025-01-29 22:17:15,877 INFO c.h.h.t.HelmChartContainer - [hivemq-test-hivemq-platform] [hivemq-platform-operator] [a69d244e] 22:17:15.874 [ReconcilerExecutor-hivemq-controller-77] DEBUG c.h.p.o.h.HiveMQPlatformReconcilerErrorHandler - [helmpods] Pod 'test-hivemq-platform-0' condition 'PodReadyToStartContainers': False
2025-01-29 22:17:15,878 INFO c.h.h.t.HelmChartContainer - [hivemq-test-hivemq-platform] [hivemq-platform-operator] [a69d244e] 22:17:15.874 [ReconcilerExecutor-hivemq-controller-77] DEBUG c.h.p.o.h.HiveMQPlatformReconcilerErrorHandler - [helmpods] Pod 'test-hivemq-platform-0' condition 'Initialized': False
2025-01-29 22:17:15,878 INFO c.h.h.t.HelmChartContainer - [hivemq-test-hivemq-platform] [hivemq-platform-operator] [a69d244e] 22:17:15.874 [ReconcilerExecutor-hivemq-controller-77] DEBUG c.h.p.o.h.HiveMQPlatformReconcilerErrorHandler - [helmpods] Pod 'test-hivemq-platform-0' condition 'Ready': False
2025-01-29 22:17:15,878 INFO c.h.h.t.HelmChartContainer - [hivemq-test-hivemq-platform] [hivemq-platform-operator] [a69d244e] 22:17:15.874 [ReconcilerExecutor-hivemq-controller-77] DEBUG c.h.p.o.h.HiveMQPlatformReconcilerErrorHandler - [helmpods] Pod 'test-hivemq-platform-0' condition 'ContainersReady': False
2025-01-29 22:17:15,878 INFO c.h.h.t.HelmChartContainer - [hivemq-test-hivemq-platform] [hivemq-platform-operator] [a69d244e] 22:17:15.874 [ReconcilerExecutor-hivemq-controller-77] DEBUG c.h.p.o.h.HiveMQPlatformReconcilerErrorHandler - [helmpods] Pod 'test-hivemq-platform-0' condition 'PodScheduled': True
2025-01-29 22:17:15,878 INFO c.h.h.t.HelmChartContainer - [hivemq-test-hivemq-platform] [hivemq-platform-operator] [a69d244e] 22:17:15.874 [ReconcilerExecutor-hivemq-controller-77] DEBUG c.h.p.o.h.HiveMQPlatformReconcilerErrorHandler - [helmpods] Pod 'test-hivemq-platform-0' containerStatus 'hivemq' (started: false) (ready: false) (waiting: [PodInitializing] null)
2025-01-29 22:17:15,878 INFO c.h.h.t.HelmChartContainer - [hivemq-test-hivemq-platform] [hivemq-platform-operator] [a69d244e] 22:17:15.876 [ReconcilerExecutor-hivemq-controller-77] INFO  c.h.p.o.h.HiveMQPlatformReconcilerBaseHandler - [helmpods] HiveMQ Platform is starting, 0 of 1 replicas are ready
2025-01-29 22:17:15,897 INFO c.h.h.t.HelmChartContainer - [EVENT] Normal [Pulled] Container image "docker.io/hivemq/hivemq-platform-operator-init-test:snapshot" already present on machine [helmpodsecuritycontextupgradeextensionit:test-hivemq-platform-0]
2025-01-29 22:17:16,009 INFO c.h.h.t.HelmChartContainer - [EVENT] Normal [Created] Created container: hivemq-platform-operator-init [helmpodsecuritycontextupgradeextensionit:test-hivemq-platform-0]
2025-01-29 22:17:16,048 INFO c.h.h.t.HelmChartContainer - [EVENT] Normal [Started] Started container hivemq-platform-operator-init [helmpodsecuritycontextupgradeextensionit:test-hivemq-platform-0]
2025-01-29 22:17:16,835 INFO c.h.h.t.HelmChartContainer - [EVENT] Normal [Pulled] Container image "docker.io/hivemq/hivemq4:4.36.0" already present on machine [helmpodsecuritycontextupgradeextensionit:test-hivemq-platform-0]
2025-01-29 22:17:16,835 INFO c.h.h.t.HelmChartContainer - Received Pulled event for container hivemq in pod test-hivemq-platform-0 [63c23f0d-d434-4a32-9a92-6b633b4060f3]
2025-01-29 22:17:16,843 INFO c.h.h.t.HelmChartContainer - [POD] test-hivemq-platform-0 [63c23f0d-d434-4a32-9a92-6b633b4060f3] in helmpodsecuritycontextupgradeextensionit was MODIFIED
2025-01-29 22:17:16,866 INFO c.h.h.t.HelmChartContainer - [hivemq-test-hivemq-platform] [hivemq-platform-operator] [a69d244e] 22:17:16.856 [pool-6-thread-32] DEBUG c.h.p.o.d.PlatformServiceResource - [helmpods] Desired Platform services (3 services)
2025-01-29 22:17:16,866 INFO c.h.h.t.HelmChartContainer - [hivemq-test-hivemq-platform] [hivemq-platform-operator] [a69d244e] 22:17:16.857 [pool-6-thread-33] DEBUG c.h.p.o.dependants.PodInfoConfigMap - [helmpods] Desired PodInfo ConfigMap (1 extensions) (1 enabled)
2025-01-29 22:17:16,866 INFO c.h.h.t.HelmChartContainer - [hivemq-test-hivemq-platform] [hivemq-platform-operator] [a69d244e] 22:17:16.858 [pool-6-thread-33] DEBUG c.h.p.o.dependants.PodInfoConfigMap - [helmpods] Desired PodInfo ConfigMap (metrics port: 9399) (metrics path: /)
2025-01-29 22:17:16,866 INFO c.h.h.t.HelmChartContainer - [hivemq-test-hivemq-platform] [hivemq-platform-operator] [a69d244e] 22:17:16.858 [pool-6-thread-33] DEBUG c.h.p.o.dependants.PodInfoConfigMap - [helmpods] Desired PodInfo ConfigMap (extension state hash: -493919079)
2025-01-29 22:17:16,876 INFO c.h.h.t.HelmChartContainer - [hivemq-test-hivemq-platform] [hivemq-platform-operator] [a69d244e] 22:17:16.863 [pool-6-thread-37] DEBUG c.h.p.o.d.PodServiceAccountResource - [helmpods] Desired PodServiceAccountResource (serviceAccountName: hivemq-platform-pod-test-hivemq-platform)
2025-01-29 22:17:16,879 INFO c.h.h.t.HelmChartContainer - [EVENT] Normal [Created] Created container: hivemq [helmpodsecuritycontextupgradeextensionit:test-hivemq-platform-0]
2025-01-29 22:17:16,879 INFO c.h.h.t.HelmChartContainer - Received Created event for container hivemq in pod test-hivemq-platform-0 [63c23f0d-d434-4a32-9a92-6b633b4060f3]
2025-01-29 22:17:16,887 INFO c.h.h.t.HelmChartContainer - [hivemq-test-hivemq-platform] [hivemq-platform-operator] [a69d244e] 22:17:16.884 [pool-6-thread-40] DEBUG c.h.p.o.d.StatefulSetResource - [helmpods] Desired StatefulSet (1 replicas) for status STARTING (READY)
2025-01-29 22:17:16,902 INFO c.h.h.t.HelmChartContainer - [hivemq-test-hivemq-platform] [hivemq-platform-operator] [a69d244e] 22:17:16.895 [ReconcilerExecutor-hivemq-controller-88] INFO  c.h.p.o.HiveMQPlatformReconciler - [helmpods] Reconciling HiveMQ Platform 'test-hivemq-platform' in namespace 'helmpodsecuritycontextupgradeextensionit'
2025-01-29 22:17:16,902 INFO c.h.h.t.HelmChartContainer - [hivemq-test-hivemq-platform] [hivemq-platform-operator] [a69d244e] 22:17:16.896 [ReconcilerExecutor-hivemq-controller-88] DEBUG c.h.p.o.HiveMQPlatformReconciler - [helmpods] Custom Resource Status STARTING - HiveMQ Platform is starting (READY)
2025-01-29 22:17:16,902 INFO c.h.h.t.HelmChartContainer - [hivemq-test-hivemq-platform] [hivemq-platform-operator] [a69d244e] 22:17:16.896 [ReconcilerExecutor-hivemq-controller-88] DEBUG c.h.p.o.HiveMQPlatformReconciler - [helmpods] Custom Resource Spec (replicas: 1) (extensions: 1)
2025-01-29 22:17:16,913 INFO c.h.h.t.HelmChartContainer - [hivemq-test-hivemq-platform] [hivemq-platform-operator] [a69d244e] 22:17:16.911 [ReconcilerExecutor-hivemq-controller-88] DEBUG c.h.p.o.HiveMQPlatformReconciler - [helmpods] StatefulSet Status (revision: test-hivemq-platform-f6cdc458c, replicas: 1, available: 0, ready: 0, current: 1, updated: 1)
2025-01-29 22:17:16,963 INFO c.h.h.t.HelmChartContainer - [hivemq-test-hivemq-platform] [hivemq-platform-operator] [a69d244e] 22:17:16.962 [ReconcilerExecutor-hivemq-controller-88] DEBUG c.h.p.o.HiveMQPlatformReconciler - [helmpods] StatefulSet Spec (replicas: 1, init containers: 1, containers: 1, volumes: 4)
2025-01-29 22:17:16,970 INFO c.h.h.t.HelmChartContainer - [hivemq-test-hivemq-platform] [hivemq-platform-operator] [a69d244e] 22:17:16.968 [ReconcilerExecutor-hivemq-controller-88] DEBUG c.h.p.o.h.HiveMQPlatformReconcilerErrorHandler - [helmpods] Pod 'test-hivemq-platform-0' phase Pending
2025-01-29 22:17:16,973 INFO c.h.h.t.HelmChartContainer - [hivemq-test-hivemq-platform] [hivemq-platform-operator] [a69d244e] 22:17:16.970 [ReconcilerExecutor-hivemq-controller-88] DEBUG c.h.p.o.h.HiveMQPlatformReconcilerErrorHandler - [helmpods] Pod 'test-hivemq-platform-0' condition 'PodReadyToStartContainers': True
2025-01-29 22:17:16,973 INFO c.h.h.t.HelmChartContainer - [hivemq-test-hivemq-platform] [hivemq-platform-operator] [a69d244e] 22:17:16.971 [ReconcilerExecutor-hivemq-controller-88] DEBUG c.h.p.o.h.HiveMQPlatformReconcilerErrorHandler - [helmpods] Pod 'test-hivemq-platform-0' condition 'Initialized': True
2025-01-29 22:17:16,974 INFO c.h.h.t.HelmChartContainer - [hivemq-test-hivemq-platform] [hivemq-platform-operator] [a69d244e] 22:17:16.972 [ReconcilerExecutor-hivemq-controller-88] DEBUG c.h.p.o.h.HiveMQPlatformReconcilerErrorHandler - [helmpods] Pod 'test-hivemq-platform-0' condition 'Ready': False
2025-01-29 22:17:16,974 INFO c.h.h.t.HelmChartContainer - [hivemq-test-hivemq-platform] [hivemq-platform-operator] [a69d244e] 22:17:16.972 [ReconcilerExecutor-hivemq-controller-88] DEBUG c.h.p.o.h.HiveMQPlatformReconcilerErrorHandler - [helmpods] Pod 'test-hivemq-platform-0' condition 'ContainersReady': False
2025-01-29 22:17:16,974 INFO c.h.h.t.HelmChartContainer - [hivemq-test-hivemq-platform] [hivemq-platform-operator] [a69d244e] 22:17:16.973 [ReconcilerExecutor-hivemq-controller-88] DEBUG c.h.p.o.h.HiveMQPlatformReconcilerErrorHandler - [helmpods] Pod 'test-hivemq-platform-0' condition 'PodScheduled': True
2025-01-29 22:17:16,976 INFO c.h.h.t.HelmChartContainer - [hivemq-test-hivemq-platform] [hivemq-platform-operator] [a69d244e] 22:17:16.974 [ReconcilerExecutor-hivemq-controller-88] DEBUG c.h.p.o.h.HiveMQPlatformReconcilerErrorHandler - [helmpods] Pod 'test-hivemq-platform-0' containerStatus 'hivemq' (started: false) (ready: false) (waiting: [PodInitializing] null)
2025-01-29 22:17:16,978 INFO c.h.h.t.HelmChartContainer - [hivemq-test-hivemq-platform] [hivemq-platform-operator] [a69d244e] 22:17:16.977 [ReconcilerExecutor-hivemq-controller-88] INFO  c.h.p.o.h.HiveMQPlatformReconcilerBaseHandler - [helmpods] HiveMQ Platform is starting, 0 of 1 replicas are ready
2025-01-29 22:17:17,852 INFO c.h.h.t.HelmChartContainer - [POD] test-hivemq-platform-0 [63c23f0d-d434-4a32-9a92-6b633b4060f3] in helmpodsecuritycontextupgradeextensionit was MODIFIED
2025-01-29 22:17:17,866 INFO c.h.h.t.HelmChartContainer - Started log watcher for hivemq in pod test-hivemq-platform-0 [63c23f0d-d434-4a32-9a92-6b633b4060f3]
2025-01-29 22:17:17,866 INFO c.h.h.t.HelmChartContainer - [EVENT] Normal [Started] Started container hivemq [helmpodsecuritycontextupgradeextensionit:test-hivemq-platform-0]
2025-01-29 22:17:17,866 INFO c.h.h.t.HelmChartContainer - Received Started event for container hivemq in pod test-hivemq-platform-0 [63c23f0d-d434-4a32-9a92-6b633b4060f3]
2025-01-29 22:17:17,867 INFO c.h.h.t.HelmChartContainer - [test-hivemq-platform] [hivemq] [63c23f0d] Adding pre-installed HiveMQ Platform Operator extensions
2025-01-29 22:17:17,867 INFO c.h.h.t.HelmChartContainer - [test-hivemq-platform] [hivemq] [63c23f0d] Running as user 10000
2025-01-29 22:17:17,867 INFO c.h.h.t.HelmChartContainer - [test-hivemq-platform] [hivemq] [63c23f0d] Starting HiveMQ Platform Operator Init
2025-01-29 22:17:17,871 INFO c.h.h.t.HelmChartContainer - [hivemq-test-hivemq-platform] [hivemq-platform-operator] [a69d244e] 22:17:17.869 [pool-6-thread-42] DEBUG c.h.p.o.d.PlatformServiceResource - [helmpods] Desired Platform services (3 services)
2025-01-29 22:17:17,874 INFO c.h.h.t.HelmChartContainer - [hivemq-test-hivemq-platform] [hivemq-platform-operator] [a69d244e] 22:17:17.873 [pool-6-thread-43] DEBUG c.h.p.o.dependants.PodInfoConfigMap - [helmpods] Desired PodInfo ConfigMap (1 extensions) (1 enabled)
2025-01-29 22:17:17,875 INFO c.h.h.t.HelmChartContainer - [hivemq-test-hivemq-platform] [hivemq-platform-operator] [a69d244e] 22:17:17.874 [pool-6-thread-43] DEBUG c.h.p.o.dependants.PodInfoConfigMap - [helmpods] Desired PodInfo ConfigMap (metrics port: 9399) (metrics path: /)
2025-01-29 22:17:17,878 INFO c.h.h.t.HelmChartContainer - [hivemq-test-hivemq-platform] [hivemq-platform-operator] [a69d244e] 22:17:17.877 [pool-6-thread-43] DEBUG c.h.p.o.dependants.PodInfoConfigMap - [helmpods] Desired PodInfo ConfigMap (extension state hash: -493919079)
2025-01-29 22:17:17,880 INFO c.h.h.t.HelmChartContainer - [hivemq-test-hivemq-platform] [hivemq-platform-operator] [a69d244e] 22:17:17.876 [pool-6-thread-47] DEBUG c.h.p.o.d.PodServiceAccountResource - [helmpods] Desired PodServiceAccountResource (serviceAccountName: hivemq-platform-pod-test-hivemq-platform)
2025-01-29 22:17:17,964 INFO c.h.h.t.HelmChartContainer - [hivemq-test-hivemq-platform] [hivemq-platform-operator] [a69d244e] 22:17:17.962 [pool-6-thread-50] DEBUG c.h.p.o.d.StatefulSetResource - [helmpods] Desired StatefulSet (1 replicas) for status STARTING (READY)
2025-01-29 22:17:17,969 INFO c.h.h.t.HelmChartContainer - [hivemq-test-hivemq-platform] [hivemq-platform-operator] [a69d244e] 22:17:17.968 [ReconcilerExecutor-hivemq-controller-99] INFO  c.h.p.o.HiveMQPlatformReconciler - [helmpods] Reconciling HiveMQ Platform 'test-hivemq-platform' in namespace 'helmpodsecuritycontextupgradeextensionit'
2025-01-29 22:17:17,972 INFO c.h.h.t.HelmChartContainer - [hivemq-test-hivemq-platform] [hivemq-platform-operator] [a69d244e] 22:17:17.968 [ReconcilerExecutor-hivemq-controller-99] DEBUG c.h.p.o.HiveMQPlatformReconciler - [helmpods] Custom Resource Status STARTING - HiveMQ Platform is starting (READY)
2025-01-29 22:17:17,972 INFO c.h.h.t.HelmChartContainer - [hivemq-test-hivemq-platform] [hivemq-platform-operator] [a69d244e] 22:17:17.968 [ReconcilerExecutor-hivemq-controller-99] DEBUG c.h.p.o.HiveMQPlatformReconciler - [helmpods] Custom Resource Spec (replicas: 1) (extensions: 1)
2025-01-29 22:17:17,973 INFO c.h.h.t.HelmChartContainer - [hivemq-test-hivemq-platform] [hivemq-platform-operator] [a69d244e] 22:17:17.972 [ReconcilerExecutor-hivemq-controller-99] DEBUG c.h.p.o.HiveMQPlatformReconciler - [helmpods] StatefulSet Status (revision: test-hivemq-platform-f6cdc458c, replicas: 1, available: 0, ready: 0, current: 1, updated: 1)
2025-01-29 22:17:17,974 INFO c.h.h.t.HelmChartContainer - [hivemq-test-hivemq-platform] [hivemq-platform-operator] [a69d244e] 22:17:17.972 [ReconcilerExecutor-hivemq-controller-99] DEBUG c.h.p.o.HiveMQPlatformReconciler - [helmpods] StatefulSet Spec (replicas: 1, init containers: 1, containers: 1, volumes: 4)
2025-01-29 22:17:17,976 INFO c.h.h.t.HelmChartContainer - [hivemq-test-hivemq-platform] [hivemq-platform-operator] [a69d244e] 22:17:17.975 [ReconcilerExecutor-hivemq-controller-99] DEBUG c.h.p.o.h.HiveMQPlatformReconcilerErrorHandler - [helmpods] Pod 'test-hivemq-platform-0' phase Running
2025-01-29 22:17:17,977 INFO c.h.h.t.HelmChartContainer - [hivemq-test-hivemq-platform] [hivemq-platform-operator] [a69d244e] 22:17:17.976 [ReconcilerExecutor-hivemq-controller-99] INFO  c.h.p.o.h.HiveMQPlatformReconcilerBaseHandler - [helmpods] HiveMQ Platform is starting, 0 of 1 replicas are ready
2025-01-29 22:17:18,241 INFO c.h.h.t.HelmChartContainer - [test-hivemq-platform] [hivemq] [63c23f0d] INFO  - [HiveMQ Platform Operator Init 1.7.0-SNAPSHOT] HiveMQ Platform Operator Init 1.7.0-SNAPSHOT (commit: 3bc9484 on branch: HEAD) built on Wed Jan 29 22:06:36 UTC 2025
2025-01-29 22:17:19,370 INFO c.h.h.t.HelmChartContainer - [test-hivemq-platform] [hivemq] [63c23f0d] INFO  - [HiveMQ Platform Operator Init App 1.7.0-SNAPSHOT] Using bind address 10.42.0.10 from environment variable
2025-01-29 22:17:20,342 INFO c.h.h.t.HelmChartContainer - [test-hivemq-platform] [hivemq] [63c23f0d] INFO  - [HiveMQ Platform Operator Init App 1.7.0-SNAPSHOT] HiveMQ Platform Operator Init App 1.7.0-SNAPSHOT (commit: 3bc9484 on branch: HEAD) built on Wed Jan 29 22:06:36 UTC 2025
2025-01-29 22:17:20,342 INFO c.h.h.t.HelmChartContainer - [test-hivemq-platform] [hivemq] [63c23f0d] INFO  - [HiveMQ Platform Operator Init App 1.7.0-SNAPSHOT] PodInfo ConfigMap directory: /etc/podinfo
2025-01-29 22:17:20,342 INFO c.h.h.t.HelmChartContainer - [test-hivemq-platform] [hivemq] [63c23f0d] INFO  - [HiveMQ Platform Operator Init App 1.7.0-SNAPSHOT] HiveMQ home directory: /opt/hivemq
2025-01-29 22:17:20,343 INFO c.h.h.t.HelmChartContainer - [test-hivemq-platform] [hivemq] [63c23f0d] INFO  - [HiveMQ Platform Operator Init App 1.7.0-SNAPSHOT] HiveMQ Logback folder: /opt/hivemq/conf
2025-01-29 22:17:20,343 INFO c.h.h.t.HelmChartContainer - [test-hivemq-platform] [hivemq] [63c23f0d] INFO  - [HiveMQ Platform Operator Init App 1.7.0-SNAPSHOT] HiveMQ Config folder: /opt/hivemq/conf-k8s
2025-01-29 22:17:20,345 INFO c.h.h.t.HelmChartContainer - [test-hivemq-platform] [hivemq] [63c23f0d] INFO  - [HiveMQ Platform Operator Init App 1.7.0-SNAPSHOT] Starting HiveMQ Platform Operator Init App
2025-01-29 22:17:20,345 INFO c.h.h.t.HelmChartContainer - [test-hivemq-platform] [hivemq] [63c23f0d] INFO  - [HiveMQ Platform Operator Init App 1.7.0-SNAPSHOT] Starting Pod reconciler
2025-01-29 22:17:21,552 INFO c.h.h.t.HelmChartContainer - [test-hivemq-platform] [hivemq] [63c23f0d] INFO  - [HiveMQ Platform Operator Init App 1.7.0-SNAPSHOT] Pod reconciler is scheduled (interval: 5000 ms)
2025-01-29 22:17:21,553 INFO c.h.h.t.HelmChartContainer - [test-hivemq-platform] [hivemq] [63c23f0d] INFO  - [HiveMQ Platform Operator Init App 1.7.0-SNAPSHOT] Starting the REST API on 10.42.0.10:7979
2025-01-29 22:17:21,556 INFO c.h.h.t.HelmChartContainer - [test-hivemq-platform] [hivemq] [63c23f0d] INFO  - [HiveMQ Platform Operator Init App 1.7.0-SNAPSHOT] Waiting up to 600s for at most 1 HiveMQ nodes in cluster service hivemq-test-hivemq-platform-cluster.helmpodsecuritycontextupgradeextensionit.svc
2025-01-29 22:17:21,941 INFO c.h.h.t.HelmChartContainer - [test-hivemq-platform] [hivemq] [63c23f0d] INFO  - [HiveMQ Platform Operator Init App 1.7.0-SNAPSHOT] Resolved 1 IP addresses: [10.42.0.10]
2025-01-29 22:17:21,941 INFO c.h.h.t.HelmChartContainer - [test-hivemq-platform] [hivemq] [63c23f0d] INFO  - [HiveMQ Platform Operator Init App 1.7.0-SNAPSHOT] HiveMQ node count of 1 is within threshold of 1
2025-01-29 22:17:21,941 INFO c.h.h.t.HelmChartContainer - [test-hivemq-platform] [hivemq] [63c23f0d] INFO  - [HiveMQ Platform Operator Init App 1.7.0-SNAPSHOT] Proceeding with container start
2025-01-29 22:17:22,039 INFO c.h.h.t.HelmChartContainer - [test-hivemq-platform] [hivemq] [63c23f0d] INFO  - [HiveMQ Platform Operator Init App 1.7.0-SNAPSHOT] Initializing HiveMQ Platform extensions with initial configuration: {hivemq-distributed-tracing-extension={start-priority=-1, skip-https-hostname-verification=false, restart=false, config-version=1058, header-version=0, c-uri=, priority=-1, uri=preinstalled, skip-https-certificate-validation=false, enabled=true}, hivemq-prometheus-extension={c-uri=, start-priority=-1, priority=-1, restart=true, enabled=true, request-header-path=no-request-headers, uri=preinstalled, skip-https-certificate-validation=false, skip-https-hostname-verification=false}}
2025-01-29 22:17:22,460 INFO c.h.h.t.HelmChartContainer - [test-hivemq-platform] [hivemq] [63c23f0d] INFO  - [HiveMQ Platform Operator Init App 1.7.0-SNAPSHOT] Successfully enabled extension hivemq-distributed-tracing-extension
2025-01-29 22:17:22,549 INFO c.h.h.t.HelmChartContainer - [test-hivemq-platform] [hivemq] [63c23f0d] INFO  - [HiveMQ Platform Operator Init App 1.7.0-SNAPSHOT] Successfully enabled extension hivemq-prometheus-extension
2025-01-29 22:17:22,550 INFO c.h.h.t.HelmChartContainer - [test-hivemq-platform] [hivemq] [63c23f0d] INFO  - [HiveMQ Platform Operator Init App 1.7.0-SNAPSHOT] Starting HiveMQ Platform version 4.36.0 (4.36.0)
2025-01-29 22:17:22,551 INFO c.h.h.t.HelmChartContainer - [test-hivemq-platform] [hivemq] [63c23f0d] INFO  - [HiveMQ Platform Operator Init App 1.7.0-SNAPSHOT] Configuring the HiveMQ Platform
2025-01-29 22:17:22,644 INFO c.h.h.t.HelmChartContainer - [test-hivemq-platform] [hivemq] [63c23f0d] INFO  - [HiveMQ Platform Operator Init App 1.7.0-SNAPSHOT] Changed logback.xml file scan period to 20 seconds
2025-01-29 22:17:22,741 INFO c.h.h.t.HelmChartContainer - [test-hivemq-platform] [hivemq] [63c23f0d] INFO  - [HiveMQ Platform Operator Init App 1.7.0-SNAPSHOT] Starting the HiveMQ Platform
2025-01-29 22:17:22,744 INFO c.h.h.t.HelmChartContainer - [test-hivemq-platform] [hivemq] [63c23f0d] -------------------------------------------------------------------------
2025-01-29 22:17:22,744 INFO c.h.h.t.HelmChartContainer - [test-hivemq-platform] [hivemq] [63c23f0d] 
2025-01-29 22:17:22,744 INFO c.h.h.t.HelmChartContainer - [test-hivemq-platform] [hivemq] [63c23f0d]                   _    _  _              __  __   ____
2025-01-29 22:17:22,745 INFO c.h.h.t.HelmChartContainer - [test-hivemq-platform] [hivemq] [63c23f0d]                  | |  | |(_)            |  \/  | / __ \
2025-01-29 22:17:22,745 INFO c.h.h.t.HelmChartContainer - [test-hivemq-platform] [hivemq] [63c23f0d]                  | |__| | _ __   __ ___ | \  / || |  | |
2025-01-29 22:17:22,745 INFO c.h.h.t.HelmChartContainer - [test-hivemq-platform] [hivemq] [63c23f0d]                  |  __  || |\ \ / // _ \| |\/| || |  | |
2025-01-29 22:17:22,745 INFO c.h.h.t.HelmChartContainer - [test-hivemq-platform] [hivemq] [63c23f0d]                  | |  | || | \ V /|  __/| |  | || |__| |
2025-01-29 22:17:22,745 INFO c.h.h.t.HelmChartContainer - [test-hivemq-platform] [hivemq] [63c23f0d]                  |_|  |_||_|  \_/  \___||_|  |_| \___\_\
2025-01-29 22:17:22,745 INFO c.h.h.t.HelmChartContainer - [test-hivemq-platform] [hivemq] [63c23f0d] 
2025-01-29 22:17:22,745 INFO c.h.h.t.HelmChartContainer - [test-hivemq-platform] [hivemq] [63c23f0d] -------------------------------------------------------------------------
2025-01-29 22:17:22,745 INFO c.h.h.t.HelmChartContainer - [test-hivemq-platform] [hivemq] [63c23f0d] 
2025-01-29 22:17:22,745 INFO c.h.h.t.HelmChartContainer - [test-hivemq-platform] [hivemq] [63c23f0d]   HiveMQ Start Script for Linux/Unix v1.14
2025-01-29 22:17:22,745 INFO c.h.h.t.HelmChartContainer - [test-hivemq-platform] [hivemq] [63c23f0d] 
2025-01-29 22:17:22,807 INFO c.h.h.t.HelmChartContainer - [test-hivemq-platform] [hivemq] [63c23f0d] -------------------------------------------------------------------------
2025-01-29 22:17:22,807 INFO c.h.h.t.HelmChartContainer - [test-hivemq-platform] [hivemq] [63c23f0d] 
2025-01-29 22:17:22,807 INFO c.h.h.t.HelmChartContainer - [test-hivemq-platform] [hivemq] [63c23f0d]   HIVEMQ_HOME: /opt/hivemq
2025-01-29 22:17:22,808 INFO c.h.h.t.HelmChartContainer - [test-hivemq-platform] [hivemq] [63c23f0d] 
2025-01-29 22:17:22,808 INFO c.h.h.t.HelmChartContainer - [test-hivemq-platform] [hivemq] [63c23f0d]   JAVA_OPTS: -XX:+UnlockExperimentalVMOptions -XX:InitialRAMPercentage=50 -XX:MaxRAMPercentage=50 -Djava.net.preferIPv4Stack=true --add-opens java.base/java.lang=ALL-UNNAMED --add-opens java.base/java.nio=ALL-UNNAMED --add-opens java.base/sun.nio.ch=ALL-UNNAMED --add-opens jdk.management/com.sun.management.internal=ALL-UNNAMED --add-exports java.base/jdk.internal.misc=ALL-UNNAMED -Djava.security.egd=file:/dev/./urandom -Dcom.sun.management.jmxremote -Dcom.sun.management.jmxremote.port=9010 -Dcom.sun.management.jmxremote.local.only=false -Dcom.sun.management.jmxremote.authenticate=false -Dcom.sun.management.jmxremote.ssl=false -Duser.language=en -Duser.region=US -XX:+CrashOnOutOfMemoryError -XX:+HeapDumpOnOutOfMemoryError
2025-01-29 22:17:22,808 INFO c.h.h.t.HelmChartContainer - [test-hivemq-platform] [hivemq] [63c23f0d] 
2025-01-29 22:17:22,808 INFO c.h.h.t.HelmChartContainer - [test-hivemq-platform] [hivemq] [63c23f0d]   JAVA_VERSION: 21
2025-01-29 22:17:22,808 INFO c.h.h.t.HelmChartContainer - [test-hivemq-platform] [hivemq] [63c23f0d] 
2025-01-29 22:17:22,808 INFO c.h.h.t.HelmChartContainer - [test-hivemq-platform] [hivemq] [63c23f0d] -------------------------------------------------------------------------
2025-01-29 22:17:22,808 INFO c.h.h.t.HelmChartContainer - [test-hivemq-platform] [hivemq] [63c23f0d] 
2025-01-29 22:17:23,847 INFO c.h.h.t.HelmChartContainer - [test-hivemq-platform] [hivemq] [63c23f0d] INFO  - [HiveMQ Platform Operator Init App 1.7.0-SNAPSHOT] Returning default Health API response 503 for readiness
2025-01-29 22:17:24,244 INFO c.h.h.t.HelmChartContainer - [EVENT] Warning [Unhealthy] Readiness probe failed: HTTP probe failed with statuscode: 503 [helmpodsecuritycontextupgradeextensionit:test-hivemq-platform-0]
2025-01-29 22:17:24,244 INFO c.h.h.t.HelmChartContainer - Received Unhealthy event for container hivemq in pod test-hivemq-platform-0 [63c23f0d-d434-4a32-9a92-6b633b4060f3]
2025-01-29 22:17:25,608 INFO c.h.h.t.HelmChartContainer - [test-hivemq-platform] [hivemq] [63c23f0d] INFO  - Starting HiveMQ Enterprise Server
2025-01-29 22:17:25,642 INFO c.h.h.t.HelmChartContainer - [test-hivemq-platform] [hivemq] [63c23f0d] INFO  - HiveMQ version: 4.36.0
2025-01-29 22:17:25,642 INFO c.h.h.t.HelmChartContainer - [test-hivemq-platform] [hivemq] [63c23f0d] INFO  - HiveMQ home directory: /opt/hivemq
2025-01-29 22:17:25,643 INFO c.h.h.t.HelmChartContainer - [test-hivemq-platform] [hivemq] [63c23f0d] INFO  - Log Configuration was overridden by /opt/hivemq/conf/logback.xml
2025-01-29 22:17:27,145 INFO c.h.h.t.HelmChartContainer - [test-hivemq-platform] [hivemq] [63c23f0d] INFO  - Successfully loaded configuration from '/opt/hivemq/conf-k8s/config.xml'.
2025-01-29 22:17:27,984 INFO c.h.h.t.HelmChartContainer - [hivemq-test-hivemq-platform] [hivemq-platform-operator] [a69d244e] 22:17:27.979 [pool-6-thread-3] DEBUG c.h.p.o.d.PlatformServiceResource - [helmpods] Desired Platform services (3 services)
2025-01-29 22:17:27,984 INFO c.h.h.t.HelmChartContainer - [hivemq-test-hivemq-platform] [hivemq-platform-operator] [a69d244e] 22:17:27.980 [pool-6-thread-6] DEBUG c.h.p.o.dependants.PodInfoConfigMap - [helmpods] Desired PodInfo ConfigMap (1 extensions) (1 enabled)
2025-01-29 22:17:27,984 INFO c.h.h.t.HelmChartContainer - [hivemq-test-hivemq-platform] [hivemq-platform-operator] [a69d244e] 22:17:27.981 [pool-6-thread-6] DEBUG c.h.p.o.dependants.PodInfoConfigMap - [helmpods] Desired PodInfo ConfigMap (metrics port: 9399) (metrics path: /)
2025-01-29 22:17:27,985 INFO c.h.h.t.HelmChartContainer - [hivemq-test-hivemq-platform] [hivemq-platform-operator] [a69d244e] 22:17:27.981 [pool-6-thread-6] DEBUG c.h.p.o.dependants.PodInfoConfigMap - [helmpods] Desired PodInfo ConfigMap (extension state hash: -493919079)
2025-01-29 22:17:27,985 INFO c.h.h.t.HelmChartContainer - [hivemq-test-hivemq-platform] [hivemq-platform-operator] [a69d244e] 22:17:27.983 [pool-6-thread-4] DEBUG c.h.p.o.d.PodServiceAccountResource - [helmpods] Desired PodServiceAccountResource (serviceAccountName: hivemq-platform-pod-test-hivemq-platform)
2025-01-29 22:17:27,989 INFO c.h.h.t.HelmChartContainer - [hivemq-test-hivemq-platform] [hivemq-platform-operator] [a69d244e] 22:17:27.988 [pool-6-thread-3] DEBUG c.h.p.o.d.StatefulSetResource - [helmpods] Desired StatefulSet (1 replicas) for status STARTING (READY)
2025-01-29 22:17:27,994 INFO c.h.h.t.HelmChartContainer - [hivemq-test-hivemq-platform] [hivemq-platform-operator] [a69d244e] 22:17:27.992 [ReconcilerExecutor-hivemq-controller-110] INFO  c.h.p.o.HiveMQPlatformReconciler - [helmpods] Reconciling HiveMQ Platform 'test-hivemq-platform' in namespace 'helmpodsecuritycontextupgradeextensionit'
2025-01-29 22:17:27,994 INFO c.h.h.t.HelmChartContainer - [hivemq-test-hivemq-platform] [hivemq-platform-operator] [a69d244e] 22:17:27.993 [ReconcilerExecutor-hivemq-controller-110] DEBUG c.h.p.o.HiveMQPlatformReconciler - [helmpods] Custom Resource Status STARTING - HiveMQ Platform is starting (READY)
2025-01-29 22:17:27,994 INFO c.h.h.t.HelmChartContainer - [hivemq-test-hivemq-platform] [hivemq-platform-operator] [a69d244e] 22:17:27.993 [ReconcilerExecutor-hivemq-controller-110] DEBUG c.h.p.o.HiveMQPlatformReconciler - [helmpods] Custom Resource Spec (replicas: 1) (extensions: 1)
2025-01-29 22:17:28,044 INFO c.h.h.t.HelmChartContainer - [test-hivemq-platform] [hivemq] [63c23f0d] INFO  - This node's ID is 0b1h3
2025-01-29 22:17:28,044 INFO c.h.h.t.HelmChartContainer - [test-hivemq-platform] [hivemq] [63c23f0d] INFO  - Clustering is enabled
2025-01-29 22:17:28,071 INFO c.h.h.t.HelmChartContainer - [hivemq-test-hivemq-platform] [hivemq-platform-operator] [a69d244e] 22:17:28.069 [ReconcilerExecutor-hivemq-controller-110] DEBUG c.h.p.o.HiveMQPlatformReconciler - [helmpods] StatefulSet Status (revision: test-hivemq-platform-f6cdc458c, replicas: 1, available: 0, ready: 0, current: 1, updated: 1)
2025-01-29 22:17:28,071 INFO c.h.h.t.HelmChartContainer - [hivemq-test-hivemq-platform] [hivemq-platform-operator] [a69d244e] 22:17:28.069 [ReconcilerExecutor-hivemq-controller-110] DEBUG c.h.p.o.HiveMQPlatformReconciler - [helmpods] StatefulSet Spec (replicas: 1, init containers: 1, containers: 1, volumes: 4)
2025-01-29 22:17:28,073 INFO c.h.h.t.HelmChartContainer - [hivemq-test-hivemq-platform] [hivemq-platform-operator] [a69d244e] 22:17:28.073 [ReconcilerExecutor-hivemq-controller-110] DEBUG c.h.p.o.h.HiveMQPlatformReconcilerErrorHandler - [helmpods] Pod 'test-hivemq-platform-0' phase Running
2025-01-29 22:17:28,074 INFO c.h.h.t.HelmChartContainer - [hivemq-test-hivemq-platform] [hivemq-platform-operator] [a69d244e] 22:17:28.074 [ReconcilerExecutor-hivemq-controller-110] INFO  c.h.p.o.h.HiveMQPlatformReconcilerBaseHandler - [helmpods] HiveMQ Platform is starting, 0 of 1 replicas are ready
2025-01-29 22:17:29,440 INFO c.h.h.t.HelmChartContainer - [test-hivemq-platform] [hivemq] [63c23f0d] WARN  - [HiveMQ Platform Operator Init App 1.7.0-SNAPSHOT] Cannot connect to Health API for readiness: null
2025-01-29 22:17:29,447 INFO c.h.h.t.HelmChartContainer - [EVENT] Warning [Unhealthy] Readiness probe failed: HTTP probe failed with statuscode: 503 [helmpodsecuritycontextupgradeextensionit:test-hivemq-platform-0]
2025-01-29 22:17:29,447 INFO c.h.h.t.HelmChartContainer - Received Unhealthy event for container hivemq in pod test-hivemq-platform-0 [63c23f0d-d434-4a32-9a92-6b633b4060f3]
2025-01-29 22:17:31,846 INFO c.h.h.t.HelmChartContainer - [test-hivemq-platform] [hivemq] [63c23f0d] Jan 29, 2025 10:17:31 PM io.vertx.core.impl.BlockedThreadChecker
2025-01-29 22:17:31,846 INFO c.h.h.t.HelmChartContainer - [test-hivemq-platform] [hivemq] [63c23f0d] WARNING: Thread Thread[vert.x-eventloop-thread-1,5,main] has been blocked for 2093 ms, time limit is 2000 ms
2025-01-29 22:17:32,740 INFO c.h.h.t.HelmChartContainer - [test-hivemq-platform] [hivemq] [63c23f0d] INFO  - [HiveMQ Platform Operator Init App 1.7.0-SNAPSHOT] Updating Pod HiveMQ Platform Operator Init App version annotation (version: 1.7.0-SNAPSHOT)
2025-01-29 22:17:33,656 INFO c.h.h.t.HelmChartContainer - [POD] test-hivemq-platform-0 [63c23f0d-d434-4a32-9a92-6b633b4060f3] in helmpodsecuritycontextupgradeextensionit was MODIFIED
2025-01-29 22:17:33,660 INFO c.h.h.t.HelmChartContainer - [hivemq-test-hivemq-platform] [hivemq-platform-operator] [a69d244e] 22:17:33.659 [pool-6-thread-15] DEBUG c.h.p.o.d.PlatformServiceResource - [helmpods] Desired Platform services (3 services)
2025-01-29 22:17:33,662 INFO c.h.h.t.HelmChartContainer - [hivemq-test-hivemq-platform] [hivemq-platform-operator] [a69d244e] 22:17:33.661 [pool-6-thread-19] DEBUG c.h.p.o.dependants.PodInfoConfigMap - [helmpods] Desired PodInfo ConfigMap (1 extensions) (1 enabled)
2025-01-29 22:17:33,663 INFO c.h.h.t.HelmChartContainer - [hivemq-test-hivemq-platform] [hivemq-platform-operator] [a69d244e] 22:17:33.661 [pool-6-thread-19] DEBUG c.h.p.o.dependants.PodInfoConfigMap - [helmpods] Desired PodInfo ConfigMap (metrics port: 9399) (metrics path: /)
2025-01-29 22:17:33,663 INFO c.h.h.t.HelmChartContainer - [hivemq-test-hivemq-platform] [hivemq-platform-operator] [a69d244e] 22:17:33.661 [pool-6-thread-19] DEBUG c.h.p.o.dependants.PodInfoConfigMap - [helmpods] Desired PodInfo ConfigMap (extension state hash: -493919079)
2025-01-29 22:17:33,664 INFO c.h.h.t.HelmChartContainer - [hivemq-test-hivemq-platform] [hivemq-platform-operator] [a69d244e] 22:17:33.662 [pool-6-thread-16] DEBUG c.h.p.o.d.PodServiceAccountResource - [helmpods] Desired PodServiceAccountResource (serviceAccountName: hivemq-platform-pod-test-hivemq-platform)
2025-01-29 22:17:33,668 INFO c.h.h.t.HelmChartContainer - [hivemq-test-hivemq-platform] [hivemq-platform-operator] [a69d244e] 22:17:33.666 [pool-6-thread-15] DEBUG c.h.p.o.d.StatefulSetResource - [helmpods] Desired StatefulSet (1 replicas) for status STARTING (READY)
2025-01-29 22:17:33,672 INFO c.h.h.t.HelmChartContainer - [hivemq-test-hivemq-platform] [hivemq-platform-operator] [a69d244e] 22:17:33.671 [ReconcilerExecutor-hivemq-controller-111] INFO  c.h.p.o.HiveMQPlatformReconciler - [helmpods] Reconciling HiveMQ Platform 'test-hivemq-platform' in namespace 'helmpodsecuritycontextupgradeextensionit'
2025-01-29 22:17:33,673 INFO c.h.h.t.HelmChartContainer - [hivemq-test-hivemq-platform] [hivemq-platform-operator] [a69d244e] 22:17:33.671 [ReconcilerExecutor-hivemq-controller-111] DEBUG c.h.p.o.HiveMQPlatformReconciler - [helmpods] Custom Resource Status STARTING - HiveMQ Platform is starting (READY)
2025-01-29 22:17:33,674 INFO c.h.h.t.HelmChartContainer - [hivemq-test-hivemq-platform] [hivemq-platform-operator] [a69d244e] 22:17:33.671 [ReconcilerExecutor-hivemq-controller-111] DEBUG c.h.p.o.HiveMQPlatformReconciler - [helmpods] Custom Resource Spec (replicas: 1) (extensions: 1)
2025-01-29 22:17:33,676 INFO c.h.h.t.HelmChartContainer - [hivemq-test-hivemq-platform] [hivemq-platform-operator] [a69d244e] 22:17:33.675 [ReconcilerExecutor-hivemq-controller-111] DEBUG c.h.p.o.HiveMQPlatformReconciler - [helmpods] StatefulSet Status (revision: test-hivemq-platform-f6cdc458c, replicas: 1, available: 0, ready: 0, current: 1, updated: 1)
2025-01-29 22:17:33,678 INFO c.h.h.t.HelmChartContainer - [hivemq-test-hivemq-platform] [hivemq-platform-operator] [a69d244e] 22:17:33.675 [ReconcilerExecutor-hivemq-controller-111] DEBUG c.h.p.o.HiveMQPlatformReconciler - [helmpods] StatefulSet Spec (replicas: 1, init containers: 1, containers: 1, volumes: 4)
2025-01-29 22:17:33,679 INFO c.h.h.t.HelmChartContainer - [hivemq-test-hivemq-platform] [hivemq-platform-operator] [a69d244e] 22:17:33.676 [ReconcilerExecutor-hivemq-controller-111] DEBUG c.h.p.o.h.HiveMQPlatformReconcilerErrorHandler - [helmpods] Pod 'test-hivemq-platform-0' phase Running
2025-01-29 22:17:33,680 INFO c.h.h.t.HelmChartContainer - [hivemq-test-hivemq-platform] [hivemq-platform-operator] [a69d244e] 22:17:33.678 [ReconcilerExecutor-hivemq-controller-111] INFO  c.h.p.o.h.HiveMQPlatformReconcilerBaseHandler - [helmpods] HiveMQ Platform is starting, 0 of 1 replicas are ready
2025-01-29 22:17:33,750 INFO c.h.h.t.HelmChartContainer - [test-hivemq-platform] [hivemq] [63c23f0d] WARN  - [HiveMQ Platform Operator Init App 1.7.0-SNAPSHOT] Cannot connect to Health API for readiness: null
2025-01-29 22:17:33,756 INFO c.h.h.t.HelmChartContainer - [EVENT] Warning [Unhealthy] Readiness probe failed: HTTP probe failed with statuscode: 503 [helmpodsecuritycontextupgradeextensionit:test-hivemq-platform-0]
2025-01-29 22:17:33,756 INFO c.h.h.t.HelmChartContainer - Received Unhealthy event for container hivemq in pod test-hivemq-platform-0 [63c23f0d-d434-4a32-9a92-6b633b4060f3]
2025-01-29 22:17:33,808 INFO c.h.h.t.HelmChartContainer - [test-hivemq-platform] [hivemq] [63c23f0d] INFO  - [HiveMQ Platform Operator Init App 1.7.0-SNAPSHOT] Successfully updated Pod HiveMQ Platform Operator Init App version annotation (version: 1.7.0-SNAPSHOT)
2025-01-29 22:17:38,708 INFO c.h.h.t.HelmChartContainer - [test-hivemq-platform] [hivemq] [63c23f0d] WARN  - [HiveMQ Platform Operator Init App 1.7.0-SNAPSHOT] Cannot connect to Health API for readiness: null
2025-01-29 22:17:38,743 INFO c.h.h.t.HelmChartContainer - [EVENT] Warning [Unhealthy] Readiness probe failed: HTTP probe failed with statuscode: 503 [helmpodsecuritycontextupgradeextensionit:test-hivemq-platform-0]
2025-01-29 22:17:38,743 INFO c.h.h.t.HelmChartContainer - Received Unhealthy event for container hivemq in pod test-hivemq-platform-0 [63c23f0d-d434-4a32-9a92-6b633b4060f3]
2025-01-29 22:17:43,686 INFO c.h.h.t.HelmChartContainer - [hivemq-test-hivemq-platform] [hivemq-platform-operator] [a69d244e] 22:17:43.683 [pool-6-thread-23] DEBUG c.h.p.o.d.PlatformServiceResource - [helmpods] Desired Platform services (3 services)
2025-01-29 22:17:43,686 INFO c.h.h.t.HelmChartContainer - [hivemq-test-hivemq-platform] [hivemq-platform-operator] [a69d244e] 22:17:43.684 [pool-6-thread-29] DEBUG c.h.p.o.d.PodServiceAccountResource - [helmpods] Desired PodServiceAccountResource (serviceAccountName: hivemq-platform-pod-test-hivemq-platform)
2025-01-29 22:17:43,687 INFO c.h.h.t.HelmChartContainer - [hivemq-test-hivemq-platform] [hivemq-platform-operator] [a69d244e] 22:17:43.686 [pool-6-thread-25] DEBUG c.h.p.o.dependants.PodInfoConfigMap - [helmpods] Desired PodInfo ConfigMap (1 extensions) (1 enabled)
2025-01-29 22:17:43,687 INFO c.h.h.t.HelmChartContainer - [hivemq-test-hivemq-platform] [hivemq-platform-operator] [a69d244e] 22:17:43.686 [pool-6-thread-25] DEBUG c.h.p.o.dependants.PodInfoConfigMap - [helmpods] Desired PodInfo ConfigMap (metrics port: 9399) (metrics path: /)
2025-01-29 22:17:43,687 INFO c.h.h.t.HelmChartContainer - [hivemq-test-hivemq-platform] [hivemq-platform-operator] [a69d244e] 22:17:43.686 [pool-6-thread-25] DEBUG c.h.p.o.dependants.PodInfoConfigMap - [helmpods] Desired PodInfo ConfigMap (extension state hash: -493919079)
2025-01-29 22:17:43,692 INFO c.h.h.t.HelmChartContainer - [hivemq-test-hivemq-platform] [hivemq-platform-operator] [a69d244e] 22:17:43.691 [pool-6-thread-23] DEBUG c.h.p.o.d.StatefulSetResource - [helmpods] Desired StatefulSet (1 replicas) for status STARTING (READY)
2025-01-29 22:17:43,741 INFO c.h.h.t.HelmChartContainer - [test-hivemq-platform] [hivemq] [63c23f0d] WARN  - [HiveMQ Platform Operator Init App 1.7.0-SNAPSHOT] Cannot connect to Health API for readiness: null
2025-01-29 22:17:43,747 INFO c.h.h.t.HelmChartContainer - [EVENT] Warning [Unhealthy] Readiness probe failed: HTTP probe failed with statuscode: 503 [helmpodsecuritycontextupgradeextensionit:test-hivemq-platform-0]
2025-01-29 22:17:43,748 INFO c.h.h.t.HelmChartContainer - Received Unhealthy event for container hivemq in pod test-hivemq-platform-0 [63c23f0d-d434-4a32-9a92-6b633b4060f3]
2025-01-29 22:17:43,775 INFO c.h.h.t.HelmChartContainer - [hivemq-test-hivemq-platform] [hivemq-platform-operator] [a69d244e] 22:17:43.773 [ReconcilerExecutor-hivemq-controller-112] INFO  c.h.p.o.HiveMQPlatformReconciler - [helmpods] Reconciling HiveMQ Platform 'test-hivemq-platform' in namespace 'helmpodsecuritycontextupgradeextensionit'
2025-01-29 22:17:43,775 INFO c.h.h.t.HelmChartContainer - [hivemq-test-hivemq-platform] [hivemq-platform-operator] [a69d244e] 22:17:43.773 [ReconcilerExecutor-hivemq-controller-112] DEBUG c.h.p.o.HiveMQPlatformReconciler - [helmpods] Custom Resource Status STARTING - HiveMQ Platform is starting (READY)
2025-01-29 22:17:43,775 INFO c.h.h.t.HelmChartContainer - [hivemq-test-hivemq-platform] [hivemq-platform-operator] [a69d244e] 22:17:43.773 [ReconcilerExecutor-hivemq-controller-112] DEBUG c.h.p.o.HiveMQPlatformReconciler - [helmpods] Custom Resource Spec (replicas: 1) (extensions: 1)
2025-01-29 22:17:43,777 INFO c.h.h.t.HelmChartContainer - [hivemq-test-hivemq-platform] [hivemq-platform-operator] [a69d244e] 22:17:43.776 [ReconcilerExecutor-hivemq-controller-112] DEBUG c.h.p.o.HiveMQPlatformReconciler - [helmpods] StatefulSet Status (revision: test-hivemq-platform-f6cdc458c, replicas: 1, available: 0, ready: 0, current: 1, updated: 1)
2025-01-29 22:17:43,777 INFO c.h.h.t.HelmChartContainer - [hivemq-test-hivemq-platform] [hivemq-platform-operator] [a69d244e] 22:17:43.776 [ReconcilerExecutor-hivemq-controller-112] DEBUG c.h.p.o.HiveMQPlatformReconciler - [helmpods] StatefulSet Spec (replicas: 1, init containers: 1, containers: 1, volumes: 4)
2025-01-29 22:17:43,779 INFO c.h.h.t.HelmChartContainer - [hivemq-test-hivemq-platform] [hivemq-platform-operator] [a69d244e] 22:17:43.777 [ReconcilerExecutor-hivemq-controller-112] DEBUG c.h.p.o.h.HiveMQPlatformReconcilerErrorHandler - [helmpods] Pod 'test-hivemq-platform-0' phase Running
2025-01-29 22:17:43,779 INFO c.h.h.t.HelmChartContainer - [hivemq-test-hivemq-platform] [hivemq-platform-operator] [a69d244e] 22:17:43.778 [ReconcilerExecutor-hivemq-controller-112] INFO  c.h.p.o.h.HiveMQPlatformReconcilerBaseHandler - [helmpods] HiveMQ Platform is starting, 0 of 1 replicas are ready
2025-01-29 22:17:45,839 INFO c.h.h.t.HelmChartContainer - [test-hivemq-platform] [hivemq] [63c23f0d] WARN  - [HiveMQ Platform Operator Init App 1.7.0-SNAPSHOT] Cannot connect to Health API for liveness: null
2025-01-29 22:17:45,839 INFO c.h.h.t.HelmChartContainer - [test-hivemq-platform] [hivemq] [63c23f0d] INFO  - [HiveMQ Platform Operator Init App 1.7.0-SNAPSHOT] Returning default Health API response 200 for liveness
2025-01-29 22:17:47,157 INFO c.h.h.t.HelmChartContainer - [test-hivemq-platform] [hivemq] [63c23f0d] INFO  - No valid license file found. Using trial license, restricted to 25 connections.
2025-01-29 22:17:48,741 INFO c.h.h.t.HelmChartContainer - [test-hivemq-platform] [hivemq] [63c23f0d] WARN  - [HiveMQ Platform Operator Init App 1.7.0-SNAPSHOT] Cannot connect to Health API for readiness: null
2025-01-29 22:17:48,746 INFO c.h.h.t.HelmChartContainer - [EVENT] Warning [Unhealthy] Readiness probe failed: HTTP probe failed with statuscode: 503 [helmpodsecuritycontextupgradeextensionit:test-hivemq-platform-0]
2025-01-29 22:17:48,746 INFO c.h.h.t.HelmChartContainer - Received Unhealthy event for container hivemq in pod test-hivemq-platform-0 [63c23f0d-d434-4a32-9a92-6b633b4060f3]
2025-01-29 22:17:51,041 INFO c.h.h.t.HelmChartContainer - [test-hivemq-platform] [hivemq] [63c23f0d] INFO  - No valid license file for Data Hub found. Using free license, restricted to 1 policy.
2025-01-29 22:17:52,159 INFO c.h.h.t.HelmChartContainer - [test-hivemq-platform] [hivemq] [63c23f0d] INFO  - Audit Logger started.
2025-01-29 22:17:52,452 INFO c.h.h.t.HelmChartContainer - [test-hivemq-platform] [hivemq] [63c23f0d] INFO  - This node uses '1' CPU cores.
2025-01-29 22:17:52,456 INFO c.h.h.t.HelmChartContainer - [test-hivemq-platform] [hivemq] [63c23f0d] INFO  - Starting HiveMQ Health API on address 0.0.0.0 and port 8889
2025-01-29 22:17:53,241 INFO c.h.h.t.HelmChartContainer - [test-hivemq-platform] [hivemq] [63c23f0d] INFO  - Started HiveMQ Health API in 785ms
2025-01-29 22:17:53,784 INFO c.h.h.t.HelmChartContainer - [hivemq-test-hivemq-platform] [hivemq-platform-operator] [a69d244e] 22:17:53.782 [pool-6-thread-33] DEBUG c.h.p.o.d.PlatformServiceResource - [helmpods] Desired Platform services (3 services)
2025-01-29 22:17:53,788 INFO c.h.h.t.HelmChartContainer - [hivemq-test-hivemq-platform] [hivemq-platform-operator] [a69d244e] 22:17:53.783 [pool-6-thread-35] DEBUG c.h.p.o.d.PodServiceAccountResource - [helmpods] Desired PodServiceAccountResource (serviceAccountName: hivemq-platform-pod-test-hivemq-platform)
2025-01-29 22:17:53,788 INFO c.h.h.t.HelmChartContainer - [hivemq-test-hivemq-platform] [hivemq-platform-operator] [a69d244e] 22:17:53.786 [pool-6-thread-36] DEBUG c.h.p.o.dependants.PodInfoConfigMap - [helmpods] Desired PodInfo ConfigMap (1 extensions) (1 enabled)
2025-01-29 22:17:53,788 INFO c.h.h.t.HelmChartContainer - [hivemq-test-hivemq-platform] [hivemq-platform-operator] [a69d244e] 22:17:53.786 [pool-6-thread-36] DEBUG c.h.p.o.dependants.PodInfoConfigMap - [helmpods] Desired PodInfo ConfigMap (metrics port: 9399) (metrics path: /)
2025-01-29 22:17:53,788 INFO c.h.h.t.HelmChartContainer - [hivemq-test-hivemq-platform] [hivemq-platform-operator] [a69d244e] 22:17:53.787 [pool-6-thread-36] DEBUG c.h.p.o.dependants.PodInfoConfigMap - [helmpods] Desired PodInfo ConfigMap (extension state hash: -493919079)
2025-01-29 22:17:53,790 INFO c.h.h.t.HelmChartContainer - [hivemq-test-hivemq-platform] [hivemq-platform-operator] [a69d244e] 22:17:53.790 [pool-6-thread-33] DEBUG c.h.p.o.d.StatefulSetResource - [helmpods] Desired StatefulSet (1 replicas) for status STARTING (READY)
2025-01-29 22:17:53,798 INFO c.h.h.t.HelmChartContainer - [hivemq-test-hivemq-platform] [hivemq-platform-operator] [a69d244e] 22:17:53.795 [ReconcilerExecutor-hivemq-controller-113] INFO  c.h.p.o.HiveMQPlatformReconciler - [helmpods] Reconciling HiveMQ Platform 'test-hivemq-platform' in namespace 'helmpodsecuritycontextupgradeextensionit'
2025-01-29 22:17:53,798 INFO c.h.h.t.HelmChartContainer - [hivemq-test-hivemq-platform] [hivemq-platform-operator] [a69d244e] 22:17:53.795 [ReconcilerExecutor-hivemq-controller-113] DEBUG c.h.p.o.HiveMQPlatformReconciler - [helmpods] Custom Resource Status STARTING - HiveMQ Platform is starting (READY)
2025-01-29 22:17:53,798 INFO c.h.h.t.HelmChartContainer - [hivemq-test-hivemq-platform] [hivemq-platform-operator] [a69d244e] 22:17:53.795 [ReconcilerExecutor-hivemq-controller-113] DEBUG c.h.p.o.HiveMQPlatformReconciler - [helmpods] Custom Resource Spec (replicas: 1) (extensions: 1)
2025-01-29 22:17:53,798 INFO c.h.h.t.HelmChartContainer - [hivemq-test-hivemq-platform] [hivemq-platform-operator] [a69d244e] 22:17:53.796 [ReconcilerExecutor-hivemq-controller-113] DEBUG c.h.p.o.HiveMQPlatformReconciler - [helmpods] StatefulSet Status (revision: test-hivemq-platform-f6cdc458c, replicas: 1, available: 0, ready: 0, current: 1, updated: 1)
2025-01-29 22:17:53,798 INFO c.h.h.t.HelmChartContainer - [hivemq-test-hivemq-platform] [hivemq-platform-operator] [a69d244e] 22:17:53.797 [ReconcilerExecutor-hivemq-controller-113] DEBUG c.h.p.o.HiveMQPlatformReconciler - [helmpods] StatefulSet Spec (replicas: 1, init containers: 1, containers: 1, volumes: 4)
2025-01-29 22:17:53,800 INFO c.h.h.t.HelmChartContainer - [hivemq-test-hivemq-platform] [hivemq-platform-operator] [a69d244e] 22:17:53.799 [ReconcilerExecutor-hivemq-controller-113] DEBUG c.h.p.o.h.HiveMQPlatformReconcilerErrorHandler - [helmpods] Pod 'test-hivemq-platform-0' phase Running
2025-01-29 22:17:53,852 INFO c.h.h.t.HelmChartContainer - [test-hivemq-platform] [hivemq] [63c23f0d] INFO  - Starting HiveMQ extension system.
2025-01-29 22:17:53,868 INFO c.h.h.t.HelmChartContainer - [hivemq-test-hivemq-platform] [hivemq-platform-operator] [a69d244e] 22:17:53.867 [ReconcilerExecutor-hivemq-controller-113] INFO  c.h.p.o.h.HiveMQPlatformReconcilerBaseHandler - [helmpods] HiveMQ Platform is starting, 0 of 1 replicas are ready
2025-01-29 22:17:54,699 INFO c.h.h.t.HelmChartContainer - [EVENT] Warning [Unhealthy] Readiness probe failed: Get "http://10.42.0.10:7979/readiness": context deadline exceeded (Client.Timeout exceeded while awaiting headers) [helmpodsecuritycontextupgradeextensionit:test-hivemq-platform-0]
2025-01-29 22:17:54,699 INFO c.h.h.t.HelmChartContainer - Received Unhealthy event for container hivemq in pod test-hivemq-platform-0 [63c23f0d-d434-4a32-9a92-6b633b4060f3]
2025-01-29 22:17:54,706 INFO c.h.h.t.HelmChartContainer - [test-hivemq-platform] [hivemq] [63c23f0d] INFO  - [HiveMQ Platform Operator Init App 1.7.0-SNAPSHOT] Returning Health API response 503 for readiness
2025-01-29 22:17:56,054 INFO c.h.h.t.HelmChartContainer - [test-hivemq-platform] [hivemq] [63c23f0d] INFO  - No license found for enterprise extension with name "HiveMQ Enterprise Distributed Tracing Extension". Entering extension trial mode. "HiveMQ Enterprise Distributed Tracing Extension" will be disabled in 5 hours.
2025-01-29 22:17:56,341 INFO c.h.h.t.HelmChartContainer - [test-hivemq-platform] [hivemq] [63c23f0d] INFO  - Starting extension with id "hivemq-dns-cluster-discovery" at /opt/hivemq/extensions/hivemq-dns-cluster-discovery
2025-01-29 22:17:56,844 INFO c.h.h.t.HelmChartContainer - [test-hivemq-platform] [hivemq] [63c23f0d] INFO  - Extension "DNS Cluster Discovery Extension" version 4.3.2 started successfully.
2025-01-29 22:17:56,846 INFO c.h.h.t.HelmChartContainer - [test-hivemq-platform] [hivemq] [63c23f0d] INFO  - Starting extension with id "hivemq-distributed-tracing-extension" at /opt/hivemq/extensions/hivemq-distributed-tracing-extension
2025-01-29 22:17:56,851 INFO c.h.h.t.HelmChartContainer - [test-hivemq-platform] [hivemq] [63c23f0d] INFO  - Using TCP cluster transport on address 10.42.0.10 and port 7000
2025-01-29 22:17:56,944 INFO c.h.h.t.HelmChartContainer - [test-hivemq-platform] [hivemq] [63c23f0d] INFO  - Using extension cluster discovery
2025-01-29 22:17:58,749 INFO c.h.h.t.HelmChartContainer - [EVENT] Warning [Unhealthy] Readiness probe failed: HTTP probe failed with statuscode: 503 [helmpodsecuritycontextupgradeextensionit:test-hivemq-platform-0]
2025-01-29 22:17:58,749 INFO c.h.h.t.HelmChartContainer - Received Unhealthy event for container hivemq in pod test-hivemq-platform-0 [63c23f0d-d434-4a32-9a92-6b633b4060f3]
2025-01-29 22:17:59,148 INFO c.h.h.t.HelmChartContainer - [test-hivemq-platform] [hivemq] [63c23f0d] INFO  - HiveMQ Enterprise Distributed Tracing Extension: Successfully loaded configuration from '/opt/hivemq/extensions/hivemq-distributed-tracing-extension/conf/config.xml'.
2025-01-29 22:17:59,206 INFO c.h.h.t.HelmChartContainer - [test-hivemq-platform] [hivemq] [63c23f0d] INFO  - HiveMQ Enterprise Distributed Tracing Extension: Configured OTLP gRPC exporter 'my-otlp-grpc-exporter'.
2025-01-29 22:17:59,255 INFO c.h.h.t.HelmChartContainer - [test-hivemq-platform] [hivemq] [63c23f0d] INFO  - HiveMQ Enterprise Distributed Tracing Extension: Configured W3C trace propagation.
2025-01-29 22:17:59,256 INFO c.h.h.t.HelmChartContainer - [test-hivemq-platform] [hivemq] [63c23f0d] INFO  - Extension "HiveMQ Enterprise Distributed Tracing Extension" version 4.36.0 started successfully.
2025-01-29 22:17:59,256 INFO c.h.h.testcontainer.LogWaiterUtil - TEST Found log pattern on 'test-hivemq-platform-0': .*Extension "HiveMQ Enterprise Distributed Tracing Extension" version .* started successfully.
2025-01-29 22:17:59,257 INFO c.h.h.t.HelmChartContainer - [test-hivemq-platform] [hivemq] [63c23f0d] INFO  - Starting extension with id "hivemq-prometheus-extension" at /opt/hivemq/extensions/hivemq-prometheus-extension
2025-01-29 22:17:59,709 INFO c.h.h.t.HelmChartContainer - [test-hivemq-platform] [hivemq] [63c23f0d] INFO  - Started Jetty Server exposing Prometheus Servlet on URI http://0.0.0.0:9399/
2025-01-29 22:17:59,709 INFO c.h.h.t.HelmChartContainer - [test-hivemq-platform] [hivemq] [63c23f0d] INFO  - Extension "Prometheus Monitoring Extension" version 4.0.12 started successfully.
2025-01-29 22:17:59,709 INFO c.h.h.t.HelmChartContainer - [test-hivemq-platform] [hivemq] [63c23f0d] INFO  - Starting extension with id "hivemq-allow-all-extension" at /opt/hivemq/extensions/hivemq-allow-all-extension
2025-01-29 22:17:59,709 INFO c.h.h.t.HelmChartContainer - [test-hivemq-platform] [hivemq] [63c23f0d] WARN  - 
2025-01-29 22:17:59,710 INFO c.h.h.t.HelmChartContainer - [test-hivemq-platform] [hivemq] [63c23f0d] ################################################################################################################
2025-01-29 22:17:59,710 INFO c.h.h.t.HelmChartContainer - [test-hivemq-platform] [hivemq] [63c23f0d] # This HiveMQ deployment is not secure! You are lacking Authentication and Authorization.                      #
2025-01-29 22:17:59,710 INFO c.h.h.t.HelmChartContainer - [test-hivemq-platform] [hivemq] [63c23f0d] # Right now any MQTT client can connect to the broker with a full set of permissions.                          #
2025-01-29 22:17:59,710 INFO c.h.h.t.HelmChartContainer - [test-hivemq-platform] [hivemq] [63c23f0d] # For production usage, add an appropriate security extension and remove the hivemq-allow-all extension.       #
2025-01-29 22:17:59,710 INFO c.h.h.t.HelmChartContainer - [test-hivemq-platform] [hivemq] [63c23f0d] # You can download security extensions from the HiveMQ Marketplace (https://www.hivemq.com/extensions/).       #
2025-01-29 22:17:59,710 INFO c.h.h.t.HelmChartContainer - [test-hivemq-platform] [hivemq] [63c23f0d] ################################################################################################################
2025-01-29 22:17:59,710 INFO c.h.h.t.HelmChartContainer - [test-hivemq-platform] [hivemq] [63c23f0d] INFO  - Extension "Allow All Extension" version 1.1.1 started successfully.
2025-01-29 22:17:59,943 INFO c.h.h.t.HelmChartContainer - [test-hivemq-platform] [hivemq] [63c23f0d] INFO  - 0b1h3: no members discovered after 2301 ms: creating cluster as first member
2025-01-29 22:17:59,949 INFO c.h.h.t.HelmChartContainer - [test-hivemq-platform] [hivemq] [63c23f0d] INFO  - Cluster nodes found by discovery: [0b1h3|0] (1) [0b1h3].
2025-01-29 22:18:00,047 INFO c.h.h.t.HelmChartContainer - [test-hivemq-platform] [hivemq] [63c23f0d] INFO  - Updated rules for sampling and tracing propagation.
2025-01-29 22:18:00,047 INFO c.h.h.t.HelmChartContainer - [test-hivemq-platform] [hivemq] [63c23f0d] INFO  - HiveMQ: Successfully loaded configuration from '/opt/hivemq/conf-k8s/tracing.xml'.
2025-01-29 22:18:00,047 INFO c.h.h.t.HelmChartContainer - [test-hivemq-platform] [hivemq] [63c23f0d] WARN  - No user for HiveMQ Control Center configured. Starting with default user
2025-01-29 22:18:00,047 INFO c.h.h.t.HelmChartContainer - [test-hivemq-platform] [hivemq] [63c23f0d] INFO  - Starting HiveMQ Control Center on address 0.0.0.0 and port 8080
2025-01-29 22:18:00,060 INFO c.h.h.t.HelmChartContainer - [test-hivemq-platform] [hivemq] [63c23f0d] INFO  - Mounting HiveMQ Control Center V2 Preview
2025-01-29 22:18:00,744 INFO c.h.h.t.HelmChartContainer - [test-hivemq-platform] [hivemq] [63c23f0d] INFO  - Started HiveMQ Control Center in 697ms
2025-01-29 22:18:00,837 INFO c.h.h.t.HelmChartContainer - [test-hivemq-platform] [hivemq] [63c23f0d] INFO  - Starting TCP listener on address 0.0.0.0 and port 1883
2025-01-29 22:18:00,853 INFO c.h.h.t.HelmChartContainer - [test-hivemq-platform] [hivemq] [63c23f0d] INFO  - Started TCP Listener on address 0.0.0.0 and on port 1883.
2025-01-29 22:18:00,853 INFO c.h.h.t.HelmChartContainer - [test-hivemq-platform] [hivemq] [63c23f0d] INFO  - Started HiveMQ in 35614ms
2025-01-29 22:18:03,661 INFO c.h.h.t.HelmChartContainer - [test-hivemq-platform] [hivemq] [63c23f0d] INFO  - [HiveMQ Platform Operator Init App 1.7.0-SNAPSHOT] Returning Health API response 200 for readiness
2025-01-29 22:18:03,672 INFO c.h.h.t.HelmChartContainer - [POD] test-hivemq-platform-0 [63c23f0d-d434-4a32-9a92-6b633b4060f3] in helmpodsecuritycontextupgradeextensionit was MODIFIED
2025-01-29 22:18:03,688 INFO c.h.h.t.HelmChartContainer - [hivemq-test-hivemq-platform] [hivemq-platform-operator] [a69d244e] 22:18:03.676 [pool-6-thread-42] DEBUG c.h.p.o.d.PlatformServiceResource - [helmpods] Desired Platform services (3 services)
2025-01-29 22:18:03,690 INFO c.h.h.t.HelmChartContainer - [hivemq-test-hivemq-platform] [hivemq-platform-operator] [a69d244e] 22:18:03.678 [pool-6-thread-44] DEBUG c.h.p.o.dependants.PodInfoConfigMap - [helmpods] Desired PodInfo ConfigMap (1 extensions) (1 enabled)
2025-01-29 22:18:03,692 INFO c.h.h.t.HelmChartContainer - [hivemq-test-hivemq-platform] [hivemq-platform-operator] [a69d244e] 22:18:03.679 [pool-6-thread-44] DEBUG c.h.p.o.dependants.PodInfoConfigMap - [helmpods] Desired PodInfo ConfigMap (metrics port: 9399) (metrics path: /)
2025-01-29 22:18:03,692 INFO c.h.h.t.HelmChartContainer - [hivemq-test-hivemq-platform] [hivemq-platform-operator] [a69d244e] 22:18:03.679 [pool-6-thread-44] DEBUG c.h.p.o.dependants.PodInfoConfigMap - [helmpods] Desired PodInfo ConfigMap (extension state hash: -493919079)
2025-01-29 22:18:03,692 INFO c.h.h.t.HelmChartContainer - [hivemq-test-hivemq-platform] [hivemq-platform-operator] [a69d244e] 22:18:03.681 [pool-6-thread-42] DEBUG c.h.p.o.d.PodServiceAccountResource - [helmpods] Desired PodServiceAccountResource (serviceAccountName: hivemq-platform-pod-test-hivemq-platform)
2025-01-29 22:18:03,692 INFO c.h.h.t.HelmChartContainer - [hivemq-test-hivemq-platform] [hivemq-platform-operator] [a69d244e] 22:18:03.685 [pool-6-thread-42] DEBUG c.h.p.o.d.StatefulSetResource - [helmpods] Desired StatefulSet (1 replicas) for status STARTING (READY)
2025-01-29 22:18:03,698 INFO c.h.h.t.HelmChartContainer - [hivemq-test-hivemq-platform] [hivemq-platform-operator] [a69d244e] 22:18:03.697 [ReconcilerExecutor-hivemq-controller-114] INFO  c.h.p.o.HiveMQPlatformReconciler - [helmpods] Reconciling HiveMQ Platform 'test-hivemq-platform' in namespace 'helmpodsecuritycontextupgradeextensionit'
2025-01-29 22:18:03,699 INFO c.h.h.t.HelmChartContainer - [hivemq-test-hivemq-platform] [hivemq-platform-operator] [a69d244e] 22:18:03.697 [ReconcilerExecutor-hivemq-controller-114] DEBUG c.h.p.o.HiveMQPlatformReconciler - [helmpods] Custom Resource Status STARTING - HiveMQ Platform is starting (READY)
2025-01-29 22:18:03,699 INFO c.h.h.t.HelmChartContainer - [hivemq-test-hivemq-platform] [hivemq-platform-operator] [a69d244e] 22:18:03.697 [ReconcilerExecutor-hivemq-controller-114] DEBUG c.h.p.o.HiveMQPlatformReconciler - [helmpods] Custom Resource Spec (replicas: 1) (extensions: 1)
2025-01-29 22:18:03,773 INFO c.h.h.t.HelmChartContainer - [hivemq-test-hivemq-platform] [hivemq-platform-operator] [a69d244e] 22:18:03.769 [ReconcilerExecutor-hivemq-controller-114] DEBUG c.h.p.o.HiveMQPlatformReconciler - [helmpods] StatefulSet Status (revision: test-hivemq-platform-f6cdc458c, replicas: 1, available: 0, ready: 0, current: 1, updated: 1)
2025-01-29 22:18:03,773 INFO c.h.h.t.HelmChartContainer - [hivemq-test-hivemq-platform] [hivemq-platform-operator] [a69d244e] 22:18:03.770 [ReconcilerExecutor-hivemq-controller-114] DEBUG c.h.p.o.HiveMQPlatformReconciler - [helmpods] StatefulSet Spec (replicas: 1, init containers: 1, containers: 1, volumes: 4)
2025-01-29 22:18:03,773 INFO c.h.h.t.HelmChartContainer - [hivemq-test-hivemq-platform] [hivemq-platform-operator] [a69d244e] 22:18:03.771 [ReconcilerExecutor-hivemq-controller-114] DEBUG c.h.p.o.h.HiveMQPlatformReconcilerErrorHandler - [helmpods] Pod 'test-hivemq-platform-0' phase Running
2025-01-29 22:18:03,774 INFO c.h.h.t.HelmChartContainer - [hivemq-test-hivemq-platform] [hivemq-platform-operator] [a69d244e] 22:18:03.772 [ReconcilerExecutor-hivemq-controller-114] INFO  c.h.p.o.h.HiveMQPlatformReconcilerBaseHandler - [helmpods] HiveMQ Platform is starting, 0 of 1 replicas are ready
2025-01-29 22:18:03,778 INFO c.h.h.t.HelmChartContainer - [hivemq-test-hivemq-platform] [hivemq-platform-operator] [a69d244e] 22:18:03.776 [pool-6-thread-5] DEBUG c.h.p.o.d.PlatformServiceResource - [helmpods] Desired Platform services (3 services)
2025-01-29 22:18:03,779 INFO c.h.h.t.HelmChartContainer - [hivemq-test-hivemq-platform] [hivemq-platform-operator] [a69d244e] 22:18:03.777 [pool-6-thread-2] DEBUG c.h.p.o.d.PodServiceAccountResource - [helmpods] Desired PodServiceAccountResource (serviceAccountName: hivemq-platform-pod-test-hivemq-platform)
2025-01-29 22:18:03,858 INFO c.h.h.t.HelmChartContainer - [K3S] [range_allocator.go:247] "Successfully synced" key="58615b7c8ea7"
2025-01-29 22:18:03,869 INFO c.h.h.t.HelmChartContainer - [hivemq-test-hivemq-platform] [hivemq-platform-operator] [a69d244e] 22:18:03.777 [pool-6-thread-4] DEBUG c.h.p.o.dependants.PodInfoConfigMap - [helmpods] Desired PodInfo ConfigMap (1 extensions) (1 enabled)
2025-01-29 22:18:03,869 INFO c.h.h.t.HelmChartContainer - [hivemq-test-hivemq-platform] [hivemq-platform-operator] [a69d244e] 22:18:03.867 [pool-6-thread-4] DEBUG c.h.p.o.dependants.PodInfoConfigMap - [helmpods] Desired PodInfo ConfigMap (metrics port: 9399) (metrics path: /)
2025-01-29 22:18:03,869 INFO c.h.h.t.HelmChartContainer - [hivemq-test-hivemq-platform] [hivemq-platform-operator] [a69d244e] 22:18:03.867 [pool-6-thread-4] DEBUG c.h.p.o.dependants.PodInfoConfigMap - [helmpods] Desired PodInfo ConfigMap (extension state hash: -493919079)
2025-01-29 22:18:03,872 INFO c.h.h.t.HelmChartContainer - [hivemq-test-hivemq-platform] [hivemq-platform-operator] [a69d244e] 22:18:03.871 [pool-6-thread-4] DEBUG c.h.p.o.d.StatefulSetResource - [helmpods] Desired StatefulSet (1 replicas) for status STARTING (READY)
2025-01-29 22:18:03,876 INFO c.h.h.t.HelmChartContainer - [hivemq-test-hivemq-platform] [hivemq-platform-operator] [a69d244e] 22:18:03.875 [ReconcilerExecutor-hivemq-controller-115] INFO  c.h.p.o.HiveMQPlatformReconciler - [helmpods] Reconciling HiveMQ Platform 'test-hivemq-platform' in namespace 'helmpodsecuritycontextupgradeextensionit'
2025-01-29 22:18:03,876 INFO c.h.h.t.HelmChartContainer - [hivemq-test-hivemq-platform] [hivemq-platform-operator] [a69d244e] 22:18:03.875 [ReconcilerExecutor-hivemq-controller-115] DEBUG c.h.p.o.HiveMQPlatformReconciler - [helmpods] Custom Resource Status STARTING - HiveMQ Platform is starting (READY)
2025-01-29 22:18:03,876 INFO c.h.h.t.HelmChartContainer - [hivemq-test-hivemq-platform] [hivemq-platform-operator] [a69d244e] 22:18:03.875 [ReconcilerExecutor-hivemq-controller-115] DEBUG c.h.p.o.HiveMQPlatformReconciler - [helmpods] Custom Resource Spec (replicas: 1) (extensions: 1)
2025-01-29 22:18:03,879 INFO c.h.h.t.HelmChartContainer - [hivemq-test-hivemq-platform] [hivemq-platform-operator] [a69d244e] 22:18:03.877 [ReconcilerExecutor-hivemq-controller-115] DEBUG c.h.p.o.HiveMQPlatformReconciler - [helmpods] StatefulSet Status (revision: test-hivemq-platform-f6cdc458c, replicas: 1, available: 1, ready: 1, current: 1, updated: 1)
2025-01-29 22:18:03,879 INFO c.h.h.t.HelmChartContainer - [hivemq-test-hivemq-platform] [hivemq-platform-operator] [a69d244e] 22:18:03.877 [ReconcilerExecutor-hivemq-controller-115] DEBUG c.h.p.o.HiveMQPlatformReconciler - [helmpods] StatefulSet Spec (replicas: 1, init containers: 1, containers: 1, volumes: 4)
2025-01-29 22:18:03,880 INFO c.h.h.t.HelmChartContainer - [hivemq-test-hivemq-platform] [hivemq-platform-operator] [a69d244e] 22:18:03.880 [ReconcilerExecutor-hivemq-controller-115] DEBUG c.h.p.o.h.HiveMQPlatformReconcilerErrorHandler - [helmpods] Pod 'test-hivemq-platform-0' phase Running
2025-01-29 22:18:03,882 INFO c.h.h.t.HelmChartContainer - [hivemq-test-hivemq-platform] [hivemq-platform-operator] [a69d244e] 22:18:03.881 [ReconcilerExecutor-hivemq-controller-115] INFO  c.h.p.o.h.HiveMQPlatformReconcilerBaseHandler - [helmpods] HiveMQ Platform started successfully
2025-01-29 22:18:03,977 INFO c.h.h.t.HelmChartContainer - [hivemq-test-hivemq-platform] [hivemq-platform-operator] [a69d244e] 22:18:03.976 [ReconcilerExecutor-hivemq-controller-115] DEBUG c.h.p.operator.event.EventSender - [helmpods] Creating K8s event hivemq-platform-ready: [Ready] HiveMQ Platform is ready
2025-01-29 22:18:03,980 INFO c.h.h.t.HelmChartContainer - [EVENT] Normal [Ready] HiveMQ Platform is ready [helmpodsecuritycontextupgradeextensionit:test-hivemq-platform]
2025-01-29 22:18:03,982 INFO c.h.h.t.HelmChartContainer - [hivemq-test-hivemq-platform] [hivemq-platform-operator] [a69d244e] 22:18:03.981 [ReconcilerExecutor-hivemq-controller-115] INFO  c.h.p.o.h.AbstractHiveMQReconcilerStateHandler - [helmpods] Update HiveMQ Platform Status (STARTING [READY] -> RUNNING [READY]): HiveMQ Platform is ready
2025-01-29 22:18:03,994 DEBUG com.hivemq.helmcharts.util.K8sUtil - Comparing actual state 'RUNNING' and waiting for 'RUNNING'
2025-01-29 22:18:04,113 DEBUG com.hivemq.helmcharts.util.PodUtil - Received status for command '[sh, -c, stat -c "%u:%g" /proc/1]' on pod 'test-hivemq-platform-0' (exit code: 0)
2025-01-29 22:18:06,123 INFO c.h.h.testcontainer.LogWaiterUtil - TEST Waiting for log pattern on 'test-hivemq-platform-0': .*HiveMQ Enterprise Distributed Tracing Extension: Successfully updated configuration from '/opt/hivemq/extensions/hivemq-distributed-tracing-extension/conf/config.xml'.
2025-01-29 22:18:06,127 DEBUG com.hivemq.helmcharts.util.K8sUtil - Comparing actual state 'RUNNING' and waiting for 'RESTART_EXTENSIONS'
2025-01-29 22:18:06,133 INFO c.h.h.t.HelmChartContainer - [hivemq-test-hivemq-platform] [hivemq-platform-operator] [a69d244e] 22:18:06.127 [pool-6-thread-11] DEBUG c.h.p.o.d.PlatformServiceResource - [helmpods] Desired Platform services (3 services)
2025-01-29 22:18:06,134 INFO c.h.h.t.HelmChartContainer - [hivemq-test-hivemq-platform] [hivemq-platform-operator] [a69d244e] 22:18:06.131 [pool-6-thread-16] DEBUG c.h.p.o.d.PodServiceAccountResource - [helmpods] Desired PodServiceAccountResource (serviceAccountName: hivemq-platform-pod-test-hivemq-platform)
2025-01-29 22:18:06,144 INFO c.h.h.t.HelmChartContainer - [hivemq-test-hivemq-platform] [hivemq-platform-operator] [a69d244e] 22:18:06.132 [pool-6-thread-14] DEBUG c.h.p.o.dependants.PodInfoConfigMap - [helmpods] Desired PodInfo ConfigMap (1 extensions) (1 enabled)
2025-01-29 22:18:06,144 INFO c.h.h.t.HelmChartContainer - [hivemq-test-hivemq-platform] [hivemq-platform-operator] [a69d244e] 22:18:06.139 [pool-6-thread-14] DEBUG c.h.p.o.dependants.PodInfoConfigMap - [helmpods] Desired PodInfo ConfigMap (metrics port: 9399) (metrics path: /)
2025-01-29 22:18:06,144 INFO c.h.h.t.HelmChartContainer - [hivemq-test-hivemq-platform] [hivemq-platform-operator] [a69d244e] 22:18:06.139 [pool-6-thread-14] DEBUG c.h.p.o.dependants.PodInfoConfigMap - [helmpods] Desired PodInfo ConfigMap (extension state hash: 256925282)
2025-01-29 22:18:06,145 INFO c.h.h.t.HelmChartContainer - [hivemq-test-hivemq-platform] [hivemq-platform-operator] [a69d244e] 22:18:06.140 [pool-6-thread-14] DEBUG c.h.p.o.dependants.PodInfoConfigMap - [helmpods] Update PodInfo ConfigMap
2025-01-29 22:18:06,145 INFO c.h.h.t.HelmChartContainer - [hivemq-test-hivemq-platform] [hivemq-platform-operator] [a69d244e] 22:18:06.140 [pool-6-thread-14] DEBUG c.h.p.o.dependants.PodInfoConfigMap - [helmpods] Detected change in configuration of extension 'hivemq-distributed-tracing-extension' ({skip-https-hostname-verification=false, restart=false, config-version=1058, header-version=0, c-uri=, uri=preinstalled, skip-https-certificate-validation=false, enabled=true} -> {skip-https-hostname-verification=false, restart=false, config-version=1150, header-version=0, c-uri=, uri=preinstalled, skip-https-certificate-validation=false, enabled=true})
2025-01-29 22:18:06,145 INFO c.h.h.t.HelmChartContainer - [hivemq-test-hivemq-platform] [hivemq-platform-operator] [a69d244e] 22:18:06.140 [pool-6-thread-14] INFO  c.h.p.o.dependants.PodInfoConfigMap - [helmpods] Extension configuration was updated, restarting extensions: [hivemq-distributed-tracing-extension]
2025-01-29 22:18:06,172 INFO c.h.h.t.HelmChartContainer - [hivemq-test-hivemq-platform] [hivemq-platform-operator] [a69d244e] 22:18:06.170 [pool-6-thread-14] DEBUG c.h.p.o.d.StatefulSetResource - [helmpods] Desired StatefulSet (1 replicas) for status RUNNING (READY)
2025-01-29 22:18:06,176 INFO c.h.h.t.HelmChartContainer - [hivemq-test-hivemq-platform] [hivemq-platform-operator] [a69d244e] 22:18:06.175 [ReconcilerExecutor-hivemq-controller-116] INFO  c.h.p.o.HiveMQPlatformReconciler - [helmpods] Reconciling HiveMQ Platform 'test-hivemq-platform' in namespace 'helmpodsecuritycontextupgradeextensionit'
2025-01-29 22:18:06,177 INFO c.h.h.t.HelmChartContainer - [hivemq-test-hivemq-platform] [hivemq-platform-operator] [a69d244e] 22:18:06.175 [ReconcilerExecutor-hivemq-controller-116] DEBUG c.h.p.o.HiveMQPlatformReconciler - [helmpods] Custom Resource Status RUNNING - HiveMQ Platform is ready (READY) (reconciliation requests: REQUESTS_UPDATED, RESTART_EXTENSIONS)
2025-01-29 22:18:06,177 INFO c.h.h.t.HelmChartContainer - [hivemq-test-hivemq-platform] [hivemq-platform-operator] [a69d244e] 22:18:06.175 [ReconcilerExecutor-hivemq-controller-116] DEBUG c.h.p.o.HiveMQPlatformReconciler - [helmpods] Custom Resource Spec (replicas: 1) (extensions: 1)
2025-01-29 22:18:06,179 INFO c.h.h.t.HelmChartContainer - [hivemq-test-hivemq-platform] [hivemq-platform-operator] [a69d244e] 22:18:06.178 [ReconcilerExecutor-hivemq-controller-116] DEBUG c.h.p.o.HiveMQPlatformReconciler - [helmpods] StatefulSet Status (revision: test-hivemq-platform-f6cdc458c, replicas: 1, available: 1, ready: 1, current: 1, updated: 1)
2025-01-29 22:18:06,181 INFO c.h.h.t.HelmChartContainer - [hivemq-test-hivemq-platform] [hivemq-platform-operator] [a69d244e] 22:18:06.178 [ReconcilerExecutor-hivemq-controller-116] DEBUG c.h.p.o.HiveMQPlatformReconciler - [helmpods] StatefulSet Spec (replicas: 1, init containers: 1, containers: 1, volumes: 4)
2025-01-29 22:18:06,182 INFO c.h.h.t.HelmChartContainer - [hivemq-test-hivemq-platform] [hivemq-platform-operator] [a69d244e] 22:18:06.179 [ReconcilerExecutor-hivemq-controller-116] DEBUG c.h.p.o.h.HiveMQPlatformReconcilerErrorHandler - [helmpods] Pod 'test-hivemq-platform-0' phase Running
2025-01-29 22:18:06,282 INFO c.h.h.t.HelmChartContainer - [hivemq-test-hivemq-platform] [hivemq-platform-operator] [a69d244e] 22:18:06.280 [ReconcilerExecutor-hivemq-controller-116] DEBUG c.h.p.operator.event.EventSender - [helmpods] Creating K8s event restart-extension-started: [RestartExtension] HiveMQ Platform is restarting extensions (hivemq-distributed-tracing-extension)
2025-01-29 22:18:06,284 INFO c.h.h.t.HelmChartContainer - [EVENT] Normal [RestartExtension] HiveMQ Platform is restarting extensions (hivemq-distributed-tracing-extension) [helmpodsecuritycontextupgradeextensionit:test-hivemq-platform]
2025-01-29 22:18:06,286 INFO c.h.h.t.HelmChartContainer - [hivemq-test-hivemq-platform] [hivemq-platform-operator] [a69d244e] 22:18:06.285 [ReconcilerExecutor-hivemq-controller-116] INFO  c.h.p.o.h.AbstractHiveMQReconcilerStateHandler - [helmpods] Update HiveMQ Platform Status (RUNNING [READY] -> RESTART_EXTENSIONS [RESTART_EXTENSIONS]): HiveMQ Platform is restarting extensions (hivemq-distributed-tracing-extension)
2025-01-29 22:18:06,293 DEBUG com.hivemq.helmcharts.util.K8sUtil - Comparing actual state 'RESTART_EXTENSIONS' and waiting for 'RESTART_EXTENSIONS'
2025-01-29 22:18:06,297 DEBUG com.hivemq.helmcharts.util.K8sUtil - Comparing actual state 'RESTART_EXTENSIONS' and waiting for 'RUNNING'
2025-01-29 22:18:15,809 INFO c.h.h.t.HelmChartContainer - [test-hivemq-platform] [hivemq] [63c23f0d] INFO  - [HiveMQ Platform Operator Init App 1.7.0-SNAPSHOT] Returning Health API response 200 for liveness
2025-01-29 22:18:16,377 INFO c.h.h.t.HelmChartContainer - [hivemq-test-hivemq-platform] [hivemq-platform-operator] [a69d244e] 22:18:16.373 [pool-6-thread-21] DEBUG c.h.p.o.d.PlatformServiceResource - [helmpods] Desired Platform services (3 services)
2025-01-29 22:18:16,378 INFO c.h.h.t.HelmChartContainer - [hivemq-test-hivemq-platform] [hivemq-platform-operator] [a69d244e] 22:18:16.374 [pool-6-thread-28] DEBUG c.h.p.o.dependants.PodInfoConfigMap - [helmpods] Desired PodInfo ConfigMap (1 extensions) (1 enabled)
2025-01-29 22:18:16,378 INFO c.h.h.t.HelmChartContainer - [hivemq-test-hivemq-platform] [hivemq-platform-operator] [a69d244e] 22:18:16.374 [pool-6-thread-28] DEBUG c.h.p.o.dependants.PodInfoConfigMap - [helmpods] Desired PodInfo ConfigMap (metrics port: 9399) (metrics path: /)
2025-01-29 22:18:16,378 INFO c.h.h.t.HelmChartContainer - [hivemq-test-hivemq-platform] [hivemq-platform-operator] [a69d244e] 22:18:16.374 [pool-6-thread-24] DEBUG c.h.p.o.d.PodServiceAccountResource - [helmpods] Desired PodServiceAccountResource (serviceAccountName: hivemq-platform-pod-test-hivemq-platform)
2025-01-29 22:18:16,378 INFO c.h.h.t.HelmChartContainer - [hivemq-test-hivemq-platform] [hivemq-platform-operator] [a69d244e] 22:18:16.374 [pool-6-thread-28] DEBUG c.h.p.o.dependants.PodInfoConfigMap - [helmpods] Desired PodInfo ConfigMap (extension state hash: 256925282)
2025-01-29 22:18:16,378 INFO c.h.h.t.HelmChartContainer - [hivemq-test-hivemq-platform] [hivemq-platform-operator] [a69d244e] 22:18:16.375 [pool-6-thread-28] DEBUG c.h.p.o.dependants.PodInfoConfigMap - [helmpods] Update PodInfo ConfigMap
2025-01-29 22:18:16,385 INFO c.h.h.t.HelmChartContainer - [hivemq-test-hivemq-platform] [hivemq-platform-operator] [a69d244e] 22:18:16.384 [pool-6-thread-28] DEBUG c.h.p.o.d.StatefulSetResource - [helmpods] Desired StatefulSet (1 replicas) for status RESTART_EXTENSIONS (RESTART_EXTENSIONS)
2025-01-29 22:18:16,388 INFO c.h.h.t.HelmChartContainer - [hivemq-test-hivemq-platform] [hivemq-platform-operator] [a69d244e] 22:18:16.387 [ReconcilerExecutor-hivemq-controller-117] INFO  c.h.p.o.HiveMQPlatformReconciler - [helmpods] Reconciling HiveMQ Platform 'test-hivemq-platform' in namespace 'helmpodsecuritycontextupgradeextensionit'
2025-01-29 22:18:16,388 INFO c.h.h.t.HelmChartContainer - [hivemq-test-hivemq-platform] [hivemq-platform-operator] [a69d244e] 22:18:16.387 [ReconcilerExecutor-hivemq-controller-117] DEBUG c.h.p.o.HiveMQPlatformReconciler - [helmpods] Custom Resource Status RESTART_EXTENSIONS - HiveMQ Platform is restarting extensions (hivemq-distributed-tracing-extension) (RESTART_EXTENSIONS)
2025-01-29 22:18:16,389 INFO c.h.h.t.HelmChartContainer - [hivemq-test-hivemq-platform] [hivemq-platform-operator] [a69d244e] 22:18:16.387 [ReconcilerExecutor-hivemq-controller-117] DEBUG c.h.p.o.HiveMQPlatformReconciler - [helmpods] Custom Resource Spec (replicas: 1) (extensions: 1)
2025-01-29 22:18:16,390 INFO c.h.h.t.HelmChartContainer - [hivemq-test-hivemq-platform] [hivemq-platform-operator] [a69d244e] 22:18:16.389 [ReconcilerExecutor-hivemq-controller-117] DEBUG c.h.p.o.HiveMQPlatformReconciler - [helmpods] StatefulSet Status (revision: test-hivemq-platform-f6cdc458c, replicas: 1, available: 1, ready: 1, current: 1, updated: 1)
2025-01-29 22:18:16,390 INFO c.h.h.t.HelmChartContainer - [hivemq-test-hivemq-platform] [hivemq-platform-operator] [a69d244e] 22:18:16.389 [ReconcilerExecutor-hivemq-controller-117] DEBUG c.h.p.o.HiveMQPlatformReconciler - [helmpods] StatefulSet Spec (replicas: 1, init containers: 1, containers: 1, volumes: 4)
2025-01-29 22:18:16,469 INFO c.h.h.t.HelmChartContainer - [hivemq-test-hivemq-platform] [hivemq-platform-operator] [a69d244e] 22:18:16.468 [ReconcilerExecutor-hivemq-controller-117] DEBUG c.h.p.o.h.HiveMQPlatformReconcilerErrorHandler - [helmpods] Pod 'test-hivemq-platform-0' phase Running
2025-01-29 22:18:16,477 INFO c.h.h.t.HelmChartContainer - [hivemq-test-hivemq-platform] [hivemq-platform-operator] [a69d244e] 22:18:16.477 [ReconcilerExecutor-hivemq-controller-117] DEBUG c.h.p.o.h.HiveMQPlatformReconcilerRestartExtensionsHandler - [helmpods] Update extensions on Pod 'test-hivemq-platform-0'
2025-01-29 22:18:16,612 INFO c.h.h.t.HelmChartContainer - [test-hivemq-platform] [hivemq] [63c23f0d] INFO  - [HiveMQ Platform Operator Init App 1.7.0-SNAPSHOT] Updating HiveMQ Platform extensions: [hivemq-distributed-tracing-extension]
2025-01-29 22:18:16,624 INFO c.h.h.t.HelmChartContainer - [hivemq-test-hivemq-platform] [hivemq-platform-operator] [a69d244e] 22:18:16.623 [vert.x-eventloop-thread-0] DEBUG c.h.platform.operator.util.PodUtil - Received status for command '[curl, -s, http://10.42.0.10:7979/updateExtension?hash=256925282&extensions=hivemq-distributed-tracing-extension]' on Pod 'test-hivemq-platform-0' (exit code: 0)
2025-01-29 22:18:17,594 INFO c.h.h.t.HelmChartContainer - [hivemq-test-hivemq-platform] [hivemq-platform-operator] [a69d244e] 22:18:17.591 [pool-6-thread-37] DEBUG c.h.p.o.d.PlatformServiceResource - [helmpods] Desired Platform services (3 services)
2025-01-29 22:18:17,595 INFO c.h.h.t.HelmChartContainer - [hivemq-test-hivemq-platform] [hivemq-platform-operator] [a69d244e] 22:18:17.594 [pool-6-thread-34] DEBUG c.h.p.o.d.PodServiceAccountResource - [helmpods] Desired PodServiceAccountResource (serviceAccountName: hivemq-platform-pod-test-hivemq-platform)
2025-01-29 22:18:17,596 INFO c.h.h.t.HelmChartContainer - [hivemq-test-hivemq-platform] [hivemq-platform-operator] [a69d244e] 22:18:17.595 [pool-6-thread-38] DEBUG c.h.p.o.dependants.PodInfoConfigMap - [helmpods] Desired PodInfo ConfigMap (1 extensions) (1 enabled)
2025-01-29 22:18:17,597 INFO c.h.h.t.HelmChartContainer - [hivemq-test-hivemq-platform] [hivemq-platform-operator] [a69d244e] 22:18:17.595 [pool-6-thread-38] DEBUG c.h.p.o.dependants.PodInfoConfigMap - [helmpods] Desired PodInfo ConfigMap (metrics port: 9399) (metrics path: /)
2025-01-29 22:18:17,597 INFO c.h.h.t.HelmChartContainer - [hivemq-test-hivemq-platform] [hivemq-platform-operator] [a69d244e] 22:18:17.595 [pool-6-thread-38] DEBUG c.h.p.o.dependants.PodInfoConfigMap - [helmpods] Desired PodInfo ConfigMap (extension state hash: 256925282)
2025-01-29 22:18:17,599 INFO c.h.h.t.HelmChartContainer - [hivemq-test-hivemq-platform] [hivemq-platform-operator] [a69d244e] 22:18:17.597 [pool-6-thread-38] DEBUG c.h.p.o.d.StatefulSetResource - [helmpods] Desired StatefulSet (1 replicas) for status RESTART_EXTENSIONS (RESTART_EXTENSIONS)
2025-01-29 22:18:17,602 INFO c.h.h.t.HelmChartContainer - [hivemq-test-hivemq-platform] [hivemq-platform-operator] [a69d244e] 22:18:17.600 [ReconcilerExecutor-hivemq-controller-118] INFO  c.h.p.o.HiveMQPlatformReconciler - [helmpods] Reconciling HiveMQ Platform 'test-hivemq-platform' in namespace 'helmpodsecuritycontextupgradeextensionit'
2025-01-29 22:18:17,602 INFO c.h.h.t.HelmChartContainer - [hivemq-test-hivemq-platform] [hivemq-platform-operator] [a69d244e] 22:18:17.600 [ReconcilerExecutor-hivemq-controller-118] DEBUG c.h.p.o.HiveMQPlatformReconciler - [helmpods] Custom Resource Status RESTART_EXTENSIONS - HiveMQ Platform is restarting extensions (hivemq-distributed-tracing-extension) (RESTART_EXTENSIONS)
2025-01-29 22:18:17,602 INFO c.h.h.t.HelmChartContainer - [hivemq-test-hivemq-platform] [hivemq-platform-operator] [a69d244e] 22:18:17.600 [ReconcilerExecutor-hivemq-controller-118] DEBUG c.h.p.o.HiveMQPlatformReconciler - [helmpods] Custom Resource Spec (replicas: 1) (extensions: 1)
2025-01-29 22:18:17,603 INFO c.h.h.t.HelmChartContainer - [hivemq-test-hivemq-platform] [hivemq-platform-operator] [a69d244e] 22:18:17.602 [ReconcilerExecutor-hivemq-controller-118] DEBUG c.h.p.o.HiveMQPlatformReconciler - [helmpods] StatefulSet Status (revision: test-hivemq-platform-f6cdc458c, replicas: 1, available: 1, ready: 1, current: 1, updated: 1)
2025-01-29 22:18:17,604 INFO c.h.h.t.HelmChartContainer - [hivemq-test-hivemq-platform] [hivemq-platform-operator] [a69d244e] 22:18:17.603 [ReconcilerExecutor-hivemq-controller-118] DEBUG c.h.p.o.HiveMQPlatformReconciler - [helmpods] StatefulSet Spec (replicas: 1, init containers: 1, containers: 1, volumes: 4)
2025-01-29 22:18:17,613 INFO c.h.h.t.HelmChartContainer - [test-hivemq-platform] [hivemq] [63c23f0d] INFO  - [HiveMQ Platform Operator Init App 1.7.0-SNAPSHOT] Waiting for extension ConfigMap sync (expected hash: 256925282) (current hash: -493919079)
2025-01-29 22:18:17,670 INFO c.h.h.t.HelmChartContainer - [hivemq-test-hivemq-platform] [hivemq-platform-operator] [a69d244e] 22:18:17.668 [ReconcilerExecutor-hivemq-controller-118] DEBUG c.h.p.o.h.HiveMQPlatformReconcilerErrorHandler - [helmpods] Pod 'test-hivemq-platform-0' phase Running
2025-01-29 22:18:17,692 INFO c.h.h.t.HelmChartContainer - [hivemq-test-hivemq-platform] [hivemq-platform-operator] [a69d244e] 22:18:17.691 [ReconcilerExecutor-hivemq-controller-118] DEBUG c.h.p.operator.event.EventSender - [helmpods] Creating K8s event restart-extension-in-progress: [RestartExtension] HiveMQ Platform is waiting for extension restart (hivemq-distributed-tracing-extension)
2025-01-29 22:18:17,771 INFO c.h.h.t.HelmChartContainer - [EVENT] Normal [RestartExtension] HiveMQ Platform is waiting for extension restart (hivemq-distributed-tracing-extension) [helmpodsecuritycontextupgradeextensionit:test-hivemq-platform]
2025-01-29 22:18:17,773 INFO c.h.h.t.HelmChartContainer - [hivemq-test-hivemq-platform] [hivemq-platform-operator] [a69d244e] 22:18:17.772 [ReconcilerExecutor-hivemq-controller-118] INFO  c.h.p.o.h.AbstractHiveMQReconcilerStateHandler - [helmpods] Update HiveMQ Platform Status (RESTART_EXTENSIONS [RESTART_EXTENSIONS] -> RESTART_EXTENSIONS [WAIT_FOR_EXTENSION_RESTART]): HiveMQ Platform is waiting for extension restart (hivemq-distributed-tracing-extension)
2025-01-29 22:18:17,785 DEBUG com.hivemq.helmcharts.util.K8sUtil - Comparing actual state 'RESTART_EXTENSIONS' and waiting for 'RUNNING'
2025-01-29 22:18:18,613 INFO c.h.h.t.HelmChartContainer - [test-hivemq-platform] [hivemq] [63c23f0d] INFO  - [HiveMQ Platform Operator Init App 1.7.0-SNAPSHOT] Waiting for extension ConfigMap sync (expected hash: 256925282) (current hash: -493919079)
2025-01-29 22:18:19,614 INFO c.h.h.t.HelmChartContainer - [test-hivemq-platform] [hivemq] [63c23f0d] INFO  - [HiveMQ Platform Operator Init App 1.7.0-SNAPSHOT] Waiting for extension ConfigMap sync (expected hash: 256925282) (current hash: -493919079)
2025-01-29 22:18:20,614 INFO c.h.h.t.HelmChartContainer - [test-hivemq-platform] [hivemq] [63c23f0d] INFO  - [HiveMQ Platform Operator Init App 1.7.0-SNAPSHOT] Waiting for extension ConfigMap sync (expected hash: 256925282) (current hash: -493919079)
2025-01-29 22:18:21,615 INFO c.h.h.t.HelmChartContainer - [test-hivemq-platform] [hivemq] [63c23f0d] INFO  - [HiveMQ Platform Operator Init App 1.7.0-SNAPSHOT] Waiting for extension ConfigMap sync (expected hash: 256925282) (current hash: -493919079)
2025-01-29 22:18:22,615 INFO c.h.h.t.HelmChartContainer - [test-hivemq-platform] [hivemq] [63c23f0d] INFO  - [HiveMQ Platform Operator Init App 1.7.0-SNAPSHOT] Waiting for extension ConfigMap sync (expected hash: 256925282) (current hash: -493919079)
2025-01-29 22:18:23,616 INFO c.h.h.t.HelmChartContainer - [test-hivemq-platform] [hivemq] [63c23f0d] INFO  - [HiveMQ Platform Operator Init App 1.7.0-SNAPSHOT] Waiting for extension ConfigMap sync (expected hash: 256925282) (current hash: -493919079)
2025-01-29 22:18:24,617 INFO c.h.h.t.HelmChartContainer - [test-hivemq-platform] [hivemq] [63c23f0d] INFO  - [HiveMQ Platform Operator Init App 1.7.0-SNAPSHOT] Waiting for extension ConfigMap sync (expected hash: 256925282) (current hash: -493919079)
2025-01-29 22:18:25,617 INFO c.h.h.t.HelmChartContainer - [test-hivemq-platform] [hivemq] [63c23f0d] INFO  - [HiveMQ Platform Operator Init App 1.7.0-SNAPSHOT] Waiting for extension ConfigMap sync (expected hash: 256925282) (current hash: -493919079)
2025-01-29 22:18:26,618 INFO c.h.h.t.HelmChartContainer - [test-hivemq-platform] [hivemq] [63c23f0d] INFO  - [HiveMQ Platform Operator Init App 1.7.0-SNAPSHOT] Waiting for extension ConfigMap sync (expected hash: 256925282) (current hash: -493919079)
2025-01-29 22:18:27,618 INFO c.h.h.t.HelmChartContainer - [test-hivemq-platform] [hivemq] [63c23f0d] INFO  - [HiveMQ Platform Operator Init App 1.7.0-SNAPSHOT] Waiting for extension ConfigMap sync (expected hash: 256925282) (current hash: -493919079)
2025-01-29 22:18:27,791 INFO c.h.h.t.HelmChartContainer - [hivemq-test-hivemq-platform] [hivemq-platform-operator] [a69d244e] 22:18:27.789 [pool-6-thread-45] DEBUG c.h.p.o.d.PlatformServiceResource - [helmpods] Desired Platform services (3 services)
2025-01-29 22:18:27,791 INFO c.h.h.t.HelmChartContainer - [hivemq-test-hivemq-platform] [hivemq-platform-operator] [a69d244e] 22:18:27.789 [pool-6-thread-46] DEBUG c.h.p.o.d.PodServiceAccountResource - [helmpods] Desired PodServiceAccountResource (serviceAccountName: hivemq-platform-pod-test-hivemq-platform)
2025-01-29 22:18:27,793 INFO c.h.h.t.HelmChartContainer - [hivemq-test-hivemq-platform] [hivemq-platform-operator] [a69d244e] 22:18:27.792 [pool-6-thread-47] DEBUG c.h.p.o.dependants.PodInfoConfigMap - [helmpods] Desired PodInfo ConfigMap (1 extensions) (1 enabled)
2025-01-29 22:18:27,793 INFO c.h.h.t.HelmChartContainer - [hivemq-test-hivemq-platform] [hivemq-platform-operator] [a69d244e] 22:18:27.792 [pool-6-thread-47] DEBUG c.h.p.o.dependants.PodInfoConfigMap - [helmpods] Desired PodInfo ConfigMap (metrics port: 9399) (metrics path: /)
2025-01-29 22:18:27,793 INFO c.h.h.t.HelmChartContainer - [hivemq-test-hivemq-platform] [hivemq-platform-operator] [a69d244e] 22:18:27.792 [pool-6-thread-47] DEBUG c.h.p.o.dependants.PodInfoConfigMap - [helmpods] Desired PodInfo ConfigMap (extension state hash: 256925282)
2025-01-29 22:18:27,796 INFO c.h.h.t.HelmChartContainer - [hivemq-test-hivemq-platform] [hivemq-platform-operator] [a69d244e] 22:18:27.795 [pool-6-thread-45] DEBUG c.h.p.o.d.StatefulSetResource - [helmpods] Desired StatefulSet (1 replicas) for status RESTART_EXTENSIONS (WAIT_FOR_EXTENSION_RESTART)
2025-01-29 22:18:27,800 INFO c.h.h.t.HelmChartContainer - [hivemq-test-hivemq-platform] [hivemq-platform-operator] [a69d244e] 22:18:27.799 [ReconcilerExecutor-hivemq-controller-119] INFO  c.h.p.o.HiveMQPlatformReconciler - [helmpods] Reconciling HiveMQ Platform 'test-hivemq-platform' in namespace 'helmpodsecuritycontextupgradeextensionit'
2025-01-29 22:18:27,800 INFO c.h.h.t.HelmChartContainer - [hivemq-test-hivemq-platform] [hivemq-platform-operator] [a69d244e] 22:18:27.799 [ReconcilerExecutor-hivemq-controller-119] DEBUG c.h.p.o.HiveMQPlatformReconciler - [helmpods] Custom Resource Status RESTART_EXTENSIONS - HiveMQ Platform is waiting for extension restart (hivemq-distributed-tracing-extension) (WAIT_FOR_EXTENSION_RESTART)
2025-01-29 22:18:27,801 INFO c.h.h.t.HelmChartContainer - [hivemq-test-hivemq-platform] [hivemq-platform-operator] [a69d244e] 22:18:27.799 [ReconcilerExecutor-hivemq-controller-119] DEBUG c.h.p.o.HiveMQPlatformReconciler - [helmpods] Custom Resource Spec (replicas: 1) (extensions: 1)
2025-01-29 22:18:27,802 INFO c.h.h.t.HelmChartContainer - [hivemq-test-hivemq-platform] [hivemq-platform-operator] [a69d244e] 22:18:27.801 [ReconcilerExecutor-hivemq-controller-119] DEBUG c.h.p.o.HiveMQPlatformReconciler - [helmpods] StatefulSet Status (revision: test-hivemq-platform-f6cdc458c, replicas: 1, available: 1, ready: 1, current: 1, updated: 1)
2025-01-29 22:18:27,802 INFO c.h.h.t.HelmChartContainer - [hivemq-test-hivemq-platform] [hivemq-platform-operator] [a69d244e] 22:18:27.801 [ReconcilerExecutor-hivemq-controller-119] DEBUG c.h.p.o.HiveMQPlatformReconciler - [helmpods] StatefulSet Spec (replicas: 1, init containers: 1, containers: 1, volumes: 4)
2025-01-29 22:18:27,802 INFO c.h.h.t.HelmChartContainer - [hivemq-test-hivemq-platform] [hivemq-platform-operator] [a69d244e] 22:18:27.802 [ReconcilerExecutor-hivemq-controller-119] DEBUG c.h.p.o.h.HiveMQPlatformReconcilerErrorHandler - [helmpods] Pod 'test-hivemq-platform-0' phase Running
2025-01-29 22:18:27,870 INFO c.h.h.t.HelmChartContainer - [hivemq-test-hivemq-platform] [hivemq-platform-operator] [a69d244e] 22:18:27.869 [ReconcilerExecutor-hivemq-controller-119] DEBUG c.h.p.o.h.HiveMQPlatformReconcilerRestartExtensionsHandler - [helmpods] Checking update extension status on Pod 'test-hivemq-platform-0'
2025-01-29 22:18:28,007 INFO c.h.h.t.HelmChartContainer - [test-hivemq-platform] [hivemq] [63c23f0d] INFO  - [HiveMQ Platform Operator Init App 1.7.0-SNAPSHOT] Extension update is pending (0 errors)
2025-01-29 22:18:28,013 INFO c.h.h.t.HelmChartContainer - [hivemq-test-hivemq-platform] [hivemq-platform-operator] [a69d244e] 22:18:28.012 [vert.x-eventloop-thread-0] DEBUG c.h.platform.operator.util.PodUtil - Received status for command '[curl, -s, http://10.42.0.10:7979/updateExtensionStatus]' on Pod 'test-hivemq-platform-0' (exit code: 0)
2025-01-29 22:18:28,619 INFO c.h.h.t.HelmChartContainer - [test-hivemq-platform] [hivemq] [63c23f0d] INFO  - [HiveMQ Platform Operator Init App 1.7.0-SNAPSHOT] Waiting for extension ConfigMap sync (expected hash: 256925282) (current hash: -493919079)
2025-01-29 22:18:28,989 INFO c.h.h.t.HelmChartContainer - [hivemq-test-hivemq-platform] [hivemq-platform-operator] [a69d244e] 22:18:28.986 [pool-6-thread-5] DEBUG c.h.p.o.d.PlatformServiceResource - [helmpods] Desired Platform services (3 services)
2025-01-29 22:18:28,989 INFO c.h.h.t.HelmChartContainer - [hivemq-test-hivemq-platform] [hivemq-platform-operator] [a69d244e] 22:18:28.987 [pool-6-thread-8] DEBUG c.h.p.o.dependants.PodInfoConfigMap - [helmpods] Desired PodInfo ConfigMap (1 extensions) (1 enabled)
2025-01-29 22:18:28,991 INFO c.h.h.t.HelmChartContainer - [hivemq-test-hivemq-platform] [hivemq-platform-operator] [a69d244e] 22:18:28.989 [pool-6-thread-8] DEBUG c.h.p.o.dependants.PodInfoConfigMap - [helmpods] Desired PodInfo ConfigMap (metrics port: 9399) (metrics path: /)
2025-01-29 22:18:28,991 INFO c.h.h.t.HelmChartContainer - [hivemq-test-hivemq-platform] [hivemq-platform-operator] [a69d244e] 22:18:28.989 [pool-6-thread-8] DEBUG c.h.p.o.dependants.PodInfoConfigMap - [helmpods] Desired PodInfo ConfigMap (extension state hash: 256925282)
2025-01-29 22:18:28,992 INFO c.h.h.t.HelmChartContainer - [hivemq-test-hivemq-platform] [hivemq-platform-operator] [a69d244e] 22:18:28.988 [pool-6-thread-9] DEBUG c.h.p.o.d.PodServiceAccountResource - [helmpods] Desired PodServiceAccountResource (serviceAccountName: hivemq-platform-pod-test-hivemq-platform)
2025-01-29 22:18:28,995 INFO c.h.h.t.HelmChartContainer - [hivemq-test-hivemq-platform] [hivemq-platform-operator] [a69d244e] 22:18:28.994 [pool-6-thread-1] DEBUG c.h.p.o.d.StatefulSetResource - [helmpods] Desired StatefulSet (1 replicas) for status RESTART_EXTENSIONS (WAIT_FOR_EXTENSION_RESTART)
2025-01-29 22:18:29,000 INFO c.h.h.t.HelmChartContainer - [hivemq-test-hivemq-platform] [hivemq-platform-operator] [a69d244e] 22:18:28.998 [ReconcilerExecutor-hivemq-controller-120] INFO  c.h.p.o.HiveMQPlatformReconciler - [helmpods] Reconciling HiveMQ Platform 'test-hivemq-platform' in namespace 'helmpodsecuritycontextupgradeextensionit'
2025-01-29 22:18:29,000 INFO c.h.h.t.HelmChartContainer - [hivemq-test-hivemq-platform] [hivemq-platform-operator] [a69d244e] 22:18:28.999 [ReconcilerExecutor-hivemq-controller-120] DEBUG c.h.p.o.HiveMQPlatformReconciler - [helmpods] Custom Resource Status RESTART_EXTENSIONS - HiveMQ Platform is waiting for extension restart (hivemq-distributed-tracing-extension) (WAIT_FOR_EXTENSION_RESTART)
2025-01-29 22:18:29,000 INFO c.h.h.t.HelmChartContainer - [hivemq-test-hivemq-platform] [hivemq-platform-operator] [a69d244e] 22:18:28.999 [ReconcilerExecutor-hivemq-controller-120] DEBUG c.h.p.o.HiveMQPlatformReconciler - [helmpods] Custom Resource Spec (replicas: 1) (extensions: 1)
2025-01-29 22:18:29,002 INFO c.h.h.t.HelmChartContainer - [hivemq-test-hivemq-platform] [hivemq-platform-operator] [a69d244e] 22:18:29.001 [ReconcilerExecutor-hivemq-controller-120] DEBUG c.h.p.o.HiveMQPlatformReconciler - [helmpods] StatefulSet Status (revision: test-hivemq-platform-f6cdc458c, replicas: 1, available: 1, ready: 1, current: 1, updated: 1)
2025-01-29 22:18:29,002 INFO c.h.h.t.HelmChartContainer - [hivemq-test-hivemq-platform] [hivemq-platform-operator] [a69d244e] 22:18:29.001 [ReconcilerExecutor-hivemq-controller-120] DEBUG c.h.p.o.HiveMQPlatformReconciler - [helmpods] StatefulSet Spec (replicas: 1, init containers: 1, containers: 1, volumes: 4)
2025-01-29 22:18:29,003 INFO c.h.h.t.HelmChartContainer - [hivemq-test-hivemq-platform] [hivemq-platform-operator] [a69d244e] 22:18:29.002 [ReconcilerExecutor-hivemq-controller-120] DEBUG c.h.p.o.h.HiveMQPlatformReconcilerErrorHandler - [helmpods] Pod 'test-hivemq-platform-0' phase Running
2025-01-29 22:18:29,004 INFO c.h.h.t.HelmChartContainer - [hivemq-test-hivemq-platform] [hivemq-platform-operator] [a69d244e] 22:18:29.003 [ReconcilerExecutor-hivemq-controller-120] INFO  c.h.p.o.h.HiveMQPlatformReconcilerRestartExtensionsHandler - [helmpods] Extension update on Pod 'test-hivemq-platform-0' is still pending
2025-01-29 22:18:29,619 INFO c.h.h.t.HelmChartContainer - [test-hivemq-platform] [hivemq] [63c23f0d] INFO  - [HiveMQ Platform Operator Init App 1.7.0-SNAPSHOT] Waiting for extension ConfigMap sync (expected hash: 256925282) (current hash: -493919079)
2025-01-29 22:18:30,620 INFO c.h.h.t.HelmChartContainer - [test-hivemq-platform] [hivemq] [63c23f0d] INFO  - [HiveMQ Platform Operator Init App 1.7.0-SNAPSHOT] Waiting for extension ConfigMap sync (expected hash: 256925282) (current hash: -493919079)
2025-01-29 22:18:31,620 INFO c.h.h.t.HelmChartContainer - [test-hivemq-platform] [hivemq] [63c23f0d] INFO  - [HiveMQ Platform Operator Init App 1.7.0-SNAPSHOT] Waiting for extension ConfigMap sync (expected hash: 256925282) (current hash: -493919079)
2025-01-29 22:18:32,621 INFO c.h.h.t.HelmChartContainer - [test-hivemq-platform] [hivemq] [63c23f0d] INFO  - [HiveMQ Platform Operator Init App 1.7.0-SNAPSHOT] Waiting for extension ConfigMap sync (expected hash: 256925282) (current hash: -493919079)
2025-01-29 22:18:33,621 INFO c.h.h.t.HelmChartContainer - [test-hivemq-platform] [hivemq] [63c23f0d] INFO  - [HiveMQ Platform Operator Init App 1.7.0-SNAPSHOT] Waiting for extension ConfigMap sync (expected hash: 256925282) (current hash: -493919079)
2025-01-29 22:18:34,622 INFO c.h.h.t.HelmChartContainer - [test-hivemq-platform] [hivemq] [63c23f0d] INFO  - [HiveMQ Platform Operator Init App 1.7.0-SNAPSHOT] Waiting for extension ConfigMap sync (expected hash: 256925282) (current hash: -493919079)
2025-01-29 22:18:35,622 INFO c.h.h.t.HelmChartContainer - [test-hivemq-platform] [hivemq] [63c23f0d] INFO  - [HiveMQ Platform Operator Init App 1.7.0-SNAPSHOT] Waiting for extension ConfigMap sync (expected hash: 256925282) (current hash: -493919079)
2025-01-29 22:18:36,623 INFO c.h.h.t.HelmChartContainer - [test-hivemq-platform] [hivemq] [63c23f0d] INFO  - [HiveMQ Platform Operator Init App 1.7.0-SNAPSHOT] Waiting for extension ConfigMap sync (expected hash: 256925282) (current hash: -493919079)
2025-01-29 22:18:37,623 INFO c.h.h.t.HelmChartContainer - [test-hivemq-platform] [hivemq] [63c23f0d] INFO  - [HiveMQ Platform Operator Init App 1.7.0-SNAPSHOT] Waiting for extension ConfigMap sync (expected hash: 256925282) (current hash: -493919079)
2025-01-29 22:18:38,624 INFO c.h.h.t.HelmChartContainer - [test-hivemq-platform] [hivemq] [63c23f0d] INFO  - [HiveMQ Platform Operator Init App 1.7.0-SNAPSHOT] Waiting for extension ConfigMap sync (expected hash: 256925282) (current hash: -493919079)
2025-01-29 22:18:39,008 INFO c.h.h.t.HelmChartContainer - [hivemq-test-hivemq-platform] [hivemq-platform-operator] [a69d244e] 22:18:39.006 [pool-6-thread-20] DEBUG c.h.p.o.d.PodServiceAccountResource - [helmpods] Desired PodServiceAccountResource (serviceAccountName: hivemq-platform-pod-test-hivemq-platform)
2025-01-29 22:18:39,009 INFO c.h.h.t.HelmChartContainer - [hivemq-test-hivemq-platform] [hivemq-platform-operator] [a69d244e] 22:18:39.008 [pool-6-thread-12] DEBUG c.h.p.o.d.PlatformServiceResource - [helmpods] Desired Platform services (3 services)
2025-01-29 22:18:39,011 INFO c.h.h.t.HelmChartContainer - [hivemq-test-hivemq-platform] [hivemq-platform-operator] [a69d244e] 22:18:39.009 [pool-6-thread-19] DEBUG c.h.p.o.dependants.PodInfoConfigMap - [helmpods] Desired PodInfo ConfigMap (1 extensions) (1 enabled)
2025-01-29 22:18:39,011 INFO c.h.h.t.HelmChartContainer - [hivemq-test-hivemq-platform] [hivemq-platform-operator] [a69d244e] 22:18:39.009 [pool-6-thread-19] DEBUG c.h.p.o.dependants.PodInfoConfigMap - [helmpods] Desired PodInfo ConfigMap (metrics port: 9399) (metrics path: /)
2025-01-29 22:18:39,011 INFO c.h.h.t.HelmChartContainer - [hivemq-test-hivemq-platform] [hivemq-platform-operator] [a69d244e] 22:18:39.009 [pool-6-thread-19] DEBUG c.h.p.o.dependants.PodInfoConfigMap - [helmpods] Desired PodInfo ConfigMap (extension state hash: 256925282)
2025-01-29 22:18:39,014 INFO c.h.h.t.HelmChartContainer - [hivemq-test-hivemq-platform] [hivemq-platform-operator] [a69d244e] 22:18:39.013 [pool-6-thread-12] DEBUG c.h.p.o.d.StatefulSetResource - [helmpods] Desired StatefulSet (1 replicas) for status RESTART_EXTENSIONS (WAIT_FOR_EXTENSION_RESTART)
2025-01-29 22:18:39,019 INFO c.h.h.t.HelmChartContainer - [hivemq-test-hivemq-platform] [hivemq-platform-operator] [a69d244e] 22:18:39.017 [ReconcilerExecutor-hivemq-controller-121] INFO  c.h.p.o.HiveMQPlatformReconciler - [helmpods] Reconciling HiveMQ Platform 'test-hivemq-platform' in namespace 'helmpodsecuritycontextupgradeextensionit'
2025-01-29 22:18:39,019 INFO c.h.h.t.HelmChartContainer - [hivemq-test-hivemq-platform] [hivemq-platform-operator] [a69d244e] 22:18:39.017 [ReconcilerExecutor-hivemq-controller-121] DEBUG c.h.p.o.HiveMQPlatformReconciler - [helmpods] Custom Resource Status RESTART_EXTENSIONS - HiveMQ Platform is waiting for extension restart (hivemq-distributed-tracing-extension) (WAIT_FOR_EXTENSION_RESTART)
2025-01-29 22:18:39,019 INFO c.h.h.t.HelmChartContainer - [hivemq-test-hivemq-platform] [hivemq-platform-operator] [a69d244e] 22:18:39.017 [ReconcilerExecutor-hivemq-controller-121] DEBUG c.h.p.o.HiveMQPlatformReconciler - [helmpods] Custom Resource Spec (replicas: 1) (extensions: 1)
2025-01-29 22:18:39,021 INFO c.h.h.t.HelmChartContainer - [hivemq-test-hivemq-platform] [hivemq-platform-operator] [a69d244e] 22:18:39.020 [ReconcilerExecutor-hivemq-controller-121] DEBUG c.h.p.o.HiveMQPlatformReconciler - [helmpods] StatefulSet Status (revision: test-hivemq-platform-f6cdc458c, replicas: 1, available: 1, ready: 1, current: 1, updated: 1)
2025-01-29 22:18:39,022 INFO c.h.h.t.HelmChartContainer - [hivemq-test-hivemq-platform] [hivemq-platform-operator] [a69d244e] 22:18:39.020 [ReconcilerExecutor-hivemq-controller-121] DEBUG c.h.p.o.HiveMQPlatformReconciler - [helmpods] StatefulSet Spec (replicas: 1, init containers: 1, containers: 1, volumes: 4)
2025-01-29 22:18:39,023 INFO c.h.h.t.HelmChartContainer - [hivemq-test-hivemq-platform] [hivemq-platform-operator] [a69d244e] 22:18:39.022 [ReconcilerExecutor-hivemq-controller-121] DEBUG c.h.p.o.h.HiveMQPlatformReconcilerErrorHandler - [helmpods] Pod 'test-hivemq-platform-0' phase Running
2025-01-29 22:18:39,073 INFO c.h.h.t.HelmChartContainer - [hivemq-test-hivemq-platform] [hivemq-platform-operator] [a69d244e] 22:18:39.072 [ReconcilerExecutor-hivemq-controller-121] DEBUG c.h.p.o.h.HiveMQPlatformReconcilerRestartExtensionsHandler - [helmpods] Checking update extension status on Pod 'test-hivemq-platform-0'
2025-01-29 22:18:39,127 INFO c.h.h.t.HelmChartContainer - [test-hivemq-platform] [hivemq] [63c23f0d] INFO  - [HiveMQ Platform Operator Init App 1.7.0-SNAPSHOT] Extension update is pending (0 errors)
2025-01-29 22:18:39,170 INFO c.h.h.t.HelmChartContainer - [hivemq-test-hivemq-platform] [hivemq-platform-operator] [a69d244e] 22:18:39.168 [vert.x-eventloop-thread-1] DEBUG c.h.platform.operator.util.PodUtil - Received status for command '[curl, -s, http://10.42.0.10:7979/updateExtensionStatus]' on Pod 'test-hivemq-platform-0' (exit code: 0)
2025-01-29 22:18:39,624 INFO c.h.h.t.HelmChartContainer - [test-hivemq-platform] [hivemq] [63c23f0d] INFO  - [HiveMQ Platform Operator Init App 1.7.0-SNAPSHOT] Waiting for extension ConfigMap sync (expected hash: 256925282) (current hash: -493919079)
2025-01-29 22:18:40,173 INFO c.h.h.t.HelmChartContainer - [hivemq-test-hivemq-platform] [hivemq-platform-operator] [a69d244e] 22:18:40.172 [pool-6-thread-29] DEBUG c.h.p.o.d.PodServiceAccountResource - [helmpods] Desired PodServiceAccountResource (serviceAccountName: hivemq-platform-pod-test-hivemq-platform)
2025-01-29 22:18:40,175 INFO c.h.h.t.HelmChartContainer - [hivemq-test-hivemq-platform] [hivemq-platform-operator] [a69d244e] 22:18:40.171 [pool-6-thread-26] DEBUG c.h.p.o.d.PlatformServiceResource - [helmpods] Desired Platform services (3 services)
2025-01-29 22:18:40,175 INFO c.h.h.t.HelmChartContainer - [hivemq-test-hivemq-platform] [hivemq-platform-operator] [a69d244e] 22:18:40.172 [pool-6-thread-25] DEBUG c.h.p.o.dependants.PodInfoConfigMap - [helmpods] Desired PodInfo ConfigMap (1 extensions) (1 enabled)
2025-01-29 22:18:40,176 INFO c.h.h.t.HelmChartContainer - [hivemq-test-hivemq-platform] [hivemq-platform-operator] [a69d244e] 22:18:40.172 [pool-6-thread-25] DEBUG c.h.p.o.dependants.PodInfoConfigMap - [helmpods] Desired PodInfo ConfigMap (metrics port: 9399) (metrics path: /)
2025-01-29 22:18:40,176 INFO c.h.h.t.HelmChartContainer - [hivemq-test-hivemq-platform] [hivemq-platform-operator] [a69d244e] 22:18:40.172 [pool-6-thread-25] DEBUG c.h.p.o.dependants.PodInfoConfigMap - [helmpods] Desired PodInfo ConfigMap (extension state hash: 256925282)
2025-01-29 22:18:40,179 INFO c.h.h.t.HelmChartContainer - [hivemq-test-hivemq-platform] [hivemq-platform-operator] [a69d244e] 22:18:40.178 [pool-6-thread-26] DEBUG c.h.p.o.d.StatefulSetResource - [helmpods] Desired StatefulSet (1 replicas) for status RESTART_EXTENSIONS (WAIT_FOR_EXTENSION_RESTART)
2025-01-29 22:18:40,182 INFO c.h.h.t.HelmChartContainer - [hivemq-test-hivemq-platform] [hivemq-platform-operator] [a69d244e] 22:18:40.181 [ReconcilerExecutor-hivemq-controller-122] INFO  c.h.p.o.HiveMQPlatformReconciler - [helmpods] Reconciling HiveMQ Platform 'test-hivemq-platform' in namespace 'helmpodsecuritycontextupgradeextensionit'
2025-01-29 22:18:40,183 INFO c.h.h.t.HelmChartContainer - [hivemq-test-hivemq-platform] [hivemq-platform-operator] [a69d244e] 22:18:40.181 [ReconcilerExecutor-hivemq-controller-122] DEBUG c.h.p.o.HiveMQPlatformReconciler - [helmpods] Custom Resource Status RESTART_EXTENSIONS - HiveMQ Platform is waiting for extension restart (hivemq-distributed-tracing-extension) (WAIT_FOR_EXTENSION_RESTART)
2025-01-29 22:18:40,183 INFO c.h.h.t.HelmChartContainer - [hivemq-test-hivemq-platform] [hivemq-platform-operator] [a69d244e] 22:18:40.181 [ReconcilerExecutor-hivemq-controller-122] DEBUG c.h.p.o.HiveMQPlatformReconciler - [helmpods] Custom Resource Spec (replicas: 1) (extensions: 1)
2025-01-29 22:18:40,184 INFO c.h.h.t.HelmChartContainer - [hivemq-test-hivemq-platform] [hivemq-platform-operator] [a69d244e] 22:18:40.183 [ReconcilerExecutor-hivemq-controller-122] DEBUG c.h.p.o.HiveMQPlatformReconciler - [helmpods] StatefulSet Status (revision: test-hivemq-platform-f6cdc458c, replicas: 1, available: 1, ready: 1, current: 1, updated: 1)
2025-01-29 22:18:40,184 INFO c.h.h.t.HelmChartContainer - [hivemq-test-hivemq-platform] [hivemq-platform-operator] [a69d244e] 22:18:40.183 [ReconcilerExecutor-hivemq-controller-122] DEBUG c.h.p.o.HiveMQPlatformReconciler - [helmpods] StatefulSet Spec (replicas: 1, init containers: 1, containers: 1, volumes: 4)
2025-01-29 22:18:40,185 INFO c.h.h.t.HelmChartContainer - [hivemq-test-hivemq-platform] [hivemq-platform-operator] [a69d244e] 22:18:40.184 [ReconcilerExecutor-hivemq-controller-122] DEBUG c.h.p.o.h.HiveMQPlatformReconcilerErrorHandler - [helmpods] Pod 'test-hivemq-platform-0' phase Running
2025-01-29 22:18:40,186 INFO c.h.h.t.HelmChartContainer - [hivemq-test-hivemq-platform] [hivemq-platform-operator] [a69d244e] 22:18:40.185 [ReconcilerExecutor-hivemq-controller-122] INFO  c.h.p.o.h.HiveMQPlatformReconcilerRestartExtensionsHandler - [helmpods] Extension update on Pod 'test-hivemq-platform-0' is still pending
2025-01-29 22:18:40,625 INFO c.h.h.t.HelmChartContainer - [test-hivemq-platform] [hivemq] [63c23f0d] INFO  - [HiveMQ Platform Operator Init App 1.7.0-SNAPSHOT] Waiting for extension ConfigMap sync (expected hash: 256925282) (current hash: -493919079)
2025-01-29 22:18:41,625 INFO c.h.h.t.HelmChartContainer - [test-hivemq-platform] [hivemq] [63c23f0d] INFO  - [HiveMQ Platform Operator Init App 1.7.0-SNAPSHOT] Waiting for extension ConfigMap sync (expected hash: 256925282) (current hash: -493919079)
2025-01-29 22:18:42,626 INFO c.h.h.t.HelmChartContainer - [test-hivemq-platform] [hivemq] [63c23f0d] INFO  - [HiveMQ Platform Operator Init App 1.7.0-SNAPSHOT] Waiting for extension ConfigMap sync (expected hash: 256925282) (current hash: -493919079)
2025-01-29 22:18:43,626 INFO c.h.h.t.HelmChartContainer - [test-hivemq-platform] [hivemq] [63c23f0d] INFO  - [HiveMQ Platform Operator Init App 1.7.0-SNAPSHOT] Waiting for extension ConfigMap sync (expected hash: 256925282) (current hash: -493919079)
2025-01-29 22:18:44,627 INFO c.h.h.t.HelmChartContainer - [test-hivemq-platform] [hivemq] [63c23f0d] INFO  - [HiveMQ Platform Operator Init App 1.7.0-SNAPSHOT] Waiting for extension ConfigMap sync (expected hash: 256925282) (current hash: -493919079)
2025-01-29 22:18:45,627 INFO c.h.h.t.HelmChartContainer - [test-hivemq-platform] [hivemq] [63c23f0d] INFO  - [HiveMQ Platform Operator Init App 1.7.0-SNAPSHOT] Waiting for extension ConfigMap sync (expected hash: 256925282) (current hash: -493919079)
2025-01-29 22:18:46,628 INFO c.h.h.t.HelmChartContainer - [test-hivemq-platform] [hivemq] [63c23f0d] INFO  - [HiveMQ Platform Operator Init App 1.7.0-SNAPSHOT] Waiting for extension ConfigMap sync (expected hash: 256925282) (current hash: -493919079)
2025-01-29 22:18:47,628 INFO c.h.h.t.HelmChartContainer - [test-hivemq-platform] [hivemq] [63c23f0d] INFO  - [HiveMQ Platform Operator Init App 1.7.0-SNAPSHOT] Waiting for extension ConfigMap sync (expected hash: 256925282) (current hash: -493919079)
2025-01-29 22:18:48,629 INFO c.h.h.t.HelmChartContainer - [test-hivemq-platform] [hivemq] [63c23f0d] INFO  - [HiveMQ Platform Operator Init App 1.7.0-SNAPSHOT] Waiting for extension ConfigMap sync (expected hash: 256925282) (current hash: -493919079)
2025-01-29 22:18:49,629 INFO c.h.h.t.HelmChartContainer - [test-hivemq-platform] [hivemq] [63c23f0d] INFO  - [HiveMQ Platform Operator Init App 1.7.0-SNAPSHOT] Waiting for extension ConfigMap sync (expected hash: 256925282) (current hash: -493919079)
2025-01-29 22:18:50,191 INFO c.h.h.t.HelmChartContainer - [hivemq-test-hivemq-platform] [hivemq-platform-operator] [a69d244e] 22:18:50.188 [pool-6-thread-31] DEBUG c.h.p.o.d.PlatformServiceResource - [helmpods] Desired Platform services (3 services)
2025-01-29 22:18:50,191 INFO c.h.h.t.HelmChartContainer - [hivemq-test-hivemq-platform] [hivemq-platform-operator] [a69d244e] 22:18:50.189 [pool-6-thread-35] DEBUG c.h.p.o.dependants.PodInfoConfigMap - [helmpods] Desired PodInfo ConfigMap (1 extensions) (1 enabled)
2025-01-29 22:18:50,191 INFO c.h.h.t.HelmChartContainer - [hivemq-test-hivemq-platform] [hivemq-platform-operator] [a69d244e] 22:18:50.189 [pool-6-thread-35] DEBUG c.h.p.o.dependants.PodInfoConfigMap - [helmpods] Desired PodInfo ConfigMap (metrics port: 9399) (metrics path: /)
2025-01-29 22:18:50,191 INFO c.h.h.t.HelmChartContainer - [hivemq-test-hivemq-platform] [hivemq-platform-operator] [a69d244e] 22:18:50.189 [pool-6-thread-35] DEBUG c.h.p.o.dependants.PodInfoConfigMap - [helmpods] Desired PodInfo ConfigMap (extension state hash: 256925282)
2025-01-29 22:18:50,191 INFO c.h.h.t.HelmChartContainer - [hivemq-test-hivemq-platform] [hivemq-platform-operator] [a69d244e] 22:18:50.189 [pool-6-thread-35] DEBUG c.h.p.o.d.PodServiceAccountResource - [helmpods] Desired PodServiceAccountResource (serviceAccountName: hivemq-platform-pod-test-hivemq-platform)
2025-01-29 22:18:50,194 INFO c.h.h.t.HelmChartContainer - [hivemq-test-hivemq-platform] [hivemq-platform-operator] [a69d244e] 22:18:50.193 [pool-6-thread-39] DEBUG c.h.p.o.d.StatefulSetResource - [helmpods] Desired StatefulSet (1 replicas) for status RESTART_EXTENSIONS (WAIT_FOR_EXTENSION_RESTART)
2025-01-29 22:18:50,199 INFO c.h.h.t.HelmChartContainer - [hivemq-test-hivemq-platform] [hivemq-platform-operator] [a69d244e] 22:18:50.197 [ReconcilerExecutor-hivemq-controller-123] INFO  c.h.p.o.HiveMQPlatformReconciler - [helmpods] Reconciling HiveMQ Platform 'test-hivemq-platform' in namespace 'helmpodsecuritycontextupgradeextensionit'
2025-01-29 22:18:50,199 INFO c.h.h.t.HelmChartContainer - [hivemq-test-hivemq-platform] [hivemq-platform-operator] [a69d244e] 22:18:50.198 [ReconcilerExecutor-hivemq-controller-123] DEBUG c.h.p.o.HiveMQPlatformReconciler - [helmpods] Custom Resource Status RESTART_EXTENSIONS - HiveMQ Platform is waiting for extension restart (hivemq-distributed-tracing-extension) (WAIT_FOR_EXTENSION_RESTART)
2025-01-29 22:18:50,199 INFO c.h.h.t.HelmChartContainer - [hivemq-test-hivemq-platform] [hivemq-platform-operator] [a69d244e] 22:18:50.198 [ReconcilerExecutor-hivemq-controller-123] DEBUG c.h.p.o.HiveMQPlatformReconciler - [helmpods] Custom Resource Spec (replicas: 1) (extensions: 1)
2025-01-29 22:18:50,201 INFO c.h.h.t.HelmChartContainer - [hivemq-test-hivemq-platform] [hivemq-platform-operator] [a69d244e] 22:18:50.200 [ReconcilerExecutor-hivemq-controller-123] DEBUG c.h.p.o.HiveMQPlatformReconciler - [helmpods] StatefulSet Status (revision: test-hivemq-platform-f6cdc458c, replicas: 1, available: 1, ready: 1, current: 1, updated: 1)
2025-01-29 22:18:50,202 INFO c.h.h.t.HelmChartContainer - [hivemq-test-hivemq-platform] [hivemq-platform-operator] [a69d244e] 22:18:50.200 [ReconcilerExecutor-hivemq-controller-123] DEBUG c.h.p.o.HiveMQPlatformReconciler - [helmpods] StatefulSet Spec (replicas: 1, init containers: 1, containers: 1, volumes: 4)
2025-01-29 22:18:50,204 INFO c.h.h.t.HelmChartContainer - [hivemq-test-hivemq-platform] [hivemq-platform-operator] [a69d244e] 22:18:50.201 [ReconcilerExecutor-hivemq-controller-123] DEBUG c.h.p.o.h.HiveMQPlatformReconcilerErrorHandler - [helmpods] Pod 'test-hivemq-platform-0' phase Running
2025-01-29 22:18:50,269 INFO c.h.h.t.HelmChartContainer - [hivemq-test-hivemq-platform] [hivemq-platform-operator] [a69d244e] 22:18:50.268 [ReconcilerExecutor-hivemq-controller-123] DEBUG c.h.p.o.h.HiveMQPlatformReconcilerRestartExtensionsHandler - [helmpods] Checking update extension status on Pod 'test-hivemq-platform-0'
2025-01-29 22:18:50,316 INFO c.h.h.t.HelmChartContainer - [test-hivemq-platform] [hivemq] [63c23f0d] INFO  - [HiveMQ Platform Operator Init App 1.7.0-SNAPSHOT] Extension update is pending (0 errors)
2025-01-29 22:18:50,319 INFO c.h.h.t.HelmChartContainer - [hivemq-test-hivemq-platform] [hivemq-platform-operator] [a69d244e] 22:18:50.318 [vert.x-eventloop-thread-0] DEBUG c.h.platform.operator.util.PodUtil - Received status for command '[curl, -s, http://10.42.0.10:7979/updateExtensionStatus]' on Pod 'test-hivemq-platform-0' (exit code: 0)
2025-01-29 22:18:50,630 INFO c.h.h.t.HelmChartContainer - [test-hivemq-platform] [hivemq] [63c23f0d] INFO  - [HiveMQ Platform Operator Init App 1.7.0-SNAPSHOT] Waiting for extension ConfigMap sync (expected hash: 256925282) (current hash: -493919079)
2025-01-29 22:18:51,297 INFO c.h.h.t.HelmChartContainer - [hivemq-test-hivemq-platform] [hivemq-platform-operator] [a69d244e] 22:18:51.295 [pool-6-thread-44] DEBUG c.h.p.o.d.PlatformServiceResource - [helmpods] Desired Platform services (3 services)
2025-01-29 22:18:51,297 INFO c.h.h.t.HelmChartContainer - [hivemq-test-hivemq-platform] [hivemq-platform-operator] [a69d244e] 22:18:51.295 [pool-6-thread-41] DEBUG c.h.p.o.dependants.PodInfoConfigMap - [helmpods] Desired PodInfo ConfigMap (1 extensions) (1 enabled)
2025-01-29 22:18:51,298 INFO c.h.h.t.HelmChartContainer - [hivemq-test-hivemq-platform] [hivemq-platform-operator] [a69d244e] 22:18:51.295 [pool-6-thread-50] DEBUG c.h.p.o.d.PodServiceAccountResource - [helmpods] Desired PodServiceAccountResource (serviceAccountName: hivemq-platform-pod-test-hivemq-platform)
2025-01-29 22:18:51,300 INFO c.h.h.t.HelmChartContainer - [hivemq-test-hivemq-platform] [hivemq-platform-operator] [a69d244e] 22:18:51.297 [pool-6-thread-41] DEBUG c.h.p.o.dependants.PodInfoConfigMap - [helmpods] Desired PodInfo ConfigMap (metrics port: 9399) (metrics path: /)
2025-01-29 22:18:51,300 INFO c.h.h.t.HelmChartContainer - [hivemq-test-hivemq-platform] [hivemq-platform-operator] [a69d244e] 22:18:51.297 [pool-6-thread-41] DEBUG c.h.p.o.dependants.PodInfoConfigMap - [helmpods] Desired PodInfo ConfigMap (extension state hash: 256925282)
2025-01-29 22:18:51,302 INFO c.h.h.t.HelmChartContainer - [hivemq-test-hivemq-platform] [hivemq-platform-operator] [a69d244e] 22:18:51.302 [pool-6-thread-44] DEBUG c.h.p.o.d.StatefulSetResource - [helmpods] Desired StatefulSet (1 replicas) for status RESTART_EXTENSIONS (WAIT_FOR_EXTENSION_RESTART)
2025-01-29 22:18:51,307 INFO c.h.h.t.HelmChartContainer - [hivemq-test-hivemq-platform] [hivemq-platform-operator] [a69d244e] 22:18:51.305 [ReconcilerExecutor-hivemq-controller-124] INFO  c.h.p.o.HiveMQPlatformReconciler - [helmpods] Reconciling HiveMQ Platform 'test-hivemq-platform' in namespace 'helmpodsecuritycontextupgradeextensionit'
2025-01-29 22:18:51,307 INFO c.h.h.t.HelmChartContainer - [hivemq-test-hivemq-platform] [hivemq-platform-operator] [a69d244e] 22:18:51.305 [ReconcilerExecutor-hivemq-controller-124] DEBUG c.h.p.o.HiveMQPlatformReconciler - [helmpods] Custom Resource Status RESTART_EXTENSIONS - HiveMQ Platform is waiting for extension restart (hivemq-distributed-tracing-extension) (WAIT_FOR_EXTENSION_RESTART)
2025-01-29 22:18:51,307 INFO c.h.h.t.HelmChartContainer - [hivemq-test-hivemq-platform] [hivemq-platform-operator] [a69d244e] 22:18:51.305 [ReconcilerExecutor-hivemq-controller-124] DEBUG c.h.p.o.HiveMQPlatformReconciler - [helmpods] Custom Resource Spec (replicas: 1) (extensions: 1)
2025-01-29 22:18:51,308 INFO c.h.h.t.HelmChartContainer - [hivemq-test-hivemq-platform] [hivemq-platform-operator] [a69d244e] 22:18:51.306 [ReconcilerExecutor-hivemq-controller-124] DEBUG c.h.p.o.HiveMQPlatformReconciler - [helmpods] StatefulSet Status (revision: test-hivemq-platform-f6cdc458c, replicas: 1, available: 1, ready: 1, current: 1, updated: 1)
2025-01-29 22:18:51,309 INFO c.h.h.t.HelmChartContainer - [hivemq-test-hivemq-platform] [hivemq-platform-operator] [a69d244e] 22:18:51.306 [ReconcilerExecutor-hivemq-controller-124] DEBUG c.h.p.o.HiveMQPlatformReconciler - [helmpods] StatefulSet Spec (replicas: 1, init containers: 1, containers: 1, volumes: 4)
2025-01-29 22:18:51,310 INFO c.h.h.t.HelmChartContainer - [hivemq-test-hivemq-platform] [hivemq-platform-operator] [a69d244e] 22:18:51.309 [ReconcilerExecutor-hivemq-controller-124] DEBUG c.h.p.o.h.HiveMQPlatformReconcilerErrorHandler - [helmpods] Pod 'test-hivemq-platform-0' phase Running
2025-01-29 22:18:51,311 INFO c.h.h.t.HelmChartContainer - [hivemq-test-hivemq-platform] [hivemq-platform-operator] [a69d244e] 22:18:51.310 [ReconcilerExecutor-hivemq-controller-124] INFO  c.h.p.o.h.HiveMQPlatformReconcilerRestartExtensionsHandler - [helmpods] Extension update on Pod 'test-hivemq-platform-0' is still pending
2025-01-29 22:18:51,630 INFO c.h.h.t.HelmChartContainer - [test-hivemq-platform] [hivemq] [63c23f0d] INFO  - [HiveMQ Platform Operator Init App 1.7.0-SNAPSHOT] Waiting for extension ConfigMap sync (expected hash: 256925282) (current hash: -493919079)
2025-01-29 22:18:52,631 INFO c.h.h.t.HelmChartContainer - [test-hivemq-platform] [hivemq] [63c23f0d] INFO  - [HiveMQ Platform Operator Init App 1.7.0-SNAPSHOT] Waiting for extension ConfigMap sync (expected hash: 256925282) (current hash: -493919079)
2025-01-29 22:18:53,631 INFO c.h.h.t.HelmChartContainer - [test-hivemq-platform] [hivemq] [63c23f0d] INFO  - [HiveMQ Platform Operator Init App 1.7.0-SNAPSHOT] Waiting for extension ConfigMap sync (expected hash: 256925282) (current hash: -493919079)
2025-01-29 22:18:54,632 INFO c.h.h.t.HelmChartContainer - [test-hivemq-platform] [hivemq] [63c23f0d] INFO  - [HiveMQ Platform Operator Init App 1.7.0-SNAPSHOT] Waiting for extension ConfigMap sync (expected hash: 256925282) (current hash: -493919079)
2025-01-29 22:18:55,632 INFO c.h.h.t.HelmChartContainer - [test-hivemq-platform] [hivemq] [63c23f0d] INFO  - [HiveMQ Platform Operator Init App 1.7.0-SNAPSHOT] Waiting for extension ConfigMap sync (expected hash: 256925282) (current hash: -493919079)
2025-01-29 22:18:56,633 INFO c.h.h.t.HelmChartContainer - [test-hivemq-platform] [hivemq] [63c23f0d] INFO  - [HiveMQ Platform Operator Init App 1.7.0-SNAPSHOT] Waiting for extension ConfigMap sync (expected hash: 256925282) (current hash: -493919079)
2025-01-29 22:18:57,633 INFO c.h.h.t.HelmChartContainer - [test-hivemq-platform] [hivemq] [63c23f0d] INFO  - [HiveMQ Platform Operator Init App 1.7.0-SNAPSHOT] Waiting for extension ConfigMap sync (expected hash: 256925282) (current hash: -493919079)
2025-01-29 22:18:58,634 INFO c.h.h.t.HelmChartContainer - [test-hivemq-platform] [hivemq] [63c23f0d] INFO  - [HiveMQ Platform Operator Init App 1.7.0-SNAPSHOT] Waiting for extension ConfigMap sync (expected hash: 256925282) (current hash: -493919079)
2025-01-29 22:18:59,634 INFO c.h.h.t.HelmChartContainer - [test-hivemq-platform] [hivemq] [63c23f0d] INFO  - [HiveMQ Platform Operator Init App 1.7.0-SNAPSHOT] Waiting for extension ConfigMap sync (expected hash: 256925282) (current hash: -493919079)
2025-01-29 22:19:00,635 INFO c.h.h.t.HelmChartContainer - [test-hivemq-platform] [hivemq] [63c23f0d] INFO  - [HiveMQ Platform Operator Init App 1.7.0-SNAPSHOT] Waiting for extension ConfigMap sync (expected hash: 256925282) (current hash: -493919079)
2025-01-29 22:19:01,317 INFO c.h.h.t.HelmChartContainer - [hivemq-test-hivemq-platform] [hivemq-platform-operator] [a69d244e] 22:19:01.315 [pool-6-thread-8] DEBUG c.h.p.o.dependants.PodInfoConfigMap - [helmpods] Desired PodInfo ConfigMap (1 extensions) (1 enabled)
2025-01-29 22:19:01,317 INFO c.h.h.t.HelmChartContainer - [hivemq-test-hivemq-platform] [hivemq-platform-operator] [a69d244e] 22:19:01.315 [pool-6-thread-8] DEBUG c.h.p.o.dependants.PodInfoConfigMap - [helmpods] Desired PodInfo ConfigMap (metrics port: 9399) (metrics path: /)
2025-01-29 22:19:01,317 INFO c.h.h.t.HelmChartContainer - [hivemq-test-hivemq-platform] [hivemq-platform-operator] [a69d244e] 22:19:01.315 [pool-6-thread-8] DEBUG c.h.p.o.dependants.PodInfoConfigMap - [helmpods] Desired PodInfo ConfigMap (extension state hash: 256925282)
2025-01-29 22:19:01,317 INFO c.h.h.t.HelmChartContainer - [hivemq-test-hivemq-platform] [hivemq-platform-operator] [a69d244e] 22:19:01.314 [pool-6-thread-2] DEBUG c.h.p.o.d.PodServiceAccountResource - [helmpods] Desired PodServiceAccountResource (serviceAccountName: hivemq-platform-pod-test-hivemq-platform)
2025-01-29 22:19:01,318 INFO c.h.h.t.HelmChartContainer - [hivemq-test-hivemq-platform] [hivemq-platform-operator] [a69d244e] 22:19:01.314 [pool-6-thread-7] DEBUG c.h.p.o.d.PlatformServiceResource - [helmpods] Desired Platform services (3 services)
2025-01-29 22:19:01,321 INFO c.h.h.t.HelmChartContainer - [hivemq-test-hivemq-platform] [hivemq-platform-operator] [a69d244e] 22:19:01.321 [pool-6-thread-7] DEBUG c.h.p.o.d.StatefulSetResource - [helmpods] Desired StatefulSet (1 replicas) for status RESTART_EXTENSIONS (WAIT_FOR_EXTENSION_RESTART)
2025-01-29 22:19:01,326 INFO c.h.h.t.HelmChartContainer - [hivemq-test-hivemq-platform] [hivemq-platform-operator] [a69d244e] 22:19:01.324 [ReconcilerExecutor-hivemq-controller-125] INFO  c.h.p.o.HiveMQPlatformReconciler - [helmpods] Reconciling HiveMQ Platform 'test-hivemq-platform' in namespace 'helmpodsecuritycontextupgradeextensionit'
2025-01-29 22:19:01,327 INFO c.h.h.t.HelmChartContainer - [hivemq-test-hivemq-platform] [hivemq-platform-operator] [a69d244e] 22:19:01.324 [ReconcilerExecutor-hivemq-controller-125] DEBUG c.h.p.o.HiveMQPlatformReconciler - [helmpods] Custom Resource Status RESTART_EXTENSIONS - HiveMQ Platform is waiting for extension restart (hivemq-distributed-tracing-extension) (WAIT_FOR_EXTENSION_RESTART)
2025-01-29 22:19:01,327 INFO c.h.h.t.HelmChartContainer - [hivemq-test-hivemq-platform] [hivemq-platform-operator] [a69d244e] 22:19:01.325 [ReconcilerExecutor-hivemq-controller-125] DEBUG c.h.p.o.HiveMQPlatformReconciler - [helmpods] Custom Resource Spec (replicas: 1) (extensions: 1)
2025-01-29 22:19:01,328 INFO c.h.h.t.HelmChartContainer - [hivemq-test-hivemq-platform] [hivemq-platform-operator] [a69d244e] 22:19:01.326 [ReconcilerExecutor-hivemq-controller-125] DEBUG c.h.p.o.HiveMQPlatformReconciler - [helmpods] StatefulSet Status (revision: test-hivemq-platform-f6cdc458c, replicas: 1, available: 1, ready: 1, current: 1, updated: 1)
2025-01-29 22:19:01,328 INFO c.h.h.t.HelmChartContainer - [hivemq-test-hivemq-platform] [hivemq-platform-operator] [a69d244e] 22:19:01.326 [ReconcilerExecutor-hivemq-controller-125] DEBUG c.h.p.o.HiveMQPlatformReconciler - [helmpods] StatefulSet Spec (replicas: 1, init containers: 1, containers: 1, volumes: 4)
2025-01-29 22:19:01,329 INFO c.h.h.t.HelmChartContainer - [hivemq-test-hivemq-platform] [hivemq-platform-operator] [a69d244e] 22:19:01.327 [ReconcilerExecutor-hivemq-controller-125] DEBUG c.h.p.o.h.HiveMQPlatformReconcilerErrorHandler - [helmpods] Pod 'test-hivemq-platform-0' phase Running
2025-01-29 22:19:01,368 INFO c.h.h.t.HelmChartContainer - [hivemq-test-hivemq-platform] [hivemq-platform-operator] [a69d244e] 22:19:01.367 [ReconcilerExecutor-hivemq-controller-125] DEBUG c.h.p.o.h.HiveMQPlatformReconcilerRestartExtensionsHandler - [helmpods] Checking update extension status on Pod 'test-hivemq-platform-0'
2025-01-29 22:19:01,420 INFO c.h.h.t.HelmChartContainer - [test-hivemq-platform] [hivemq] [63c23f0d] INFO  - [HiveMQ Platform Operator Init App 1.7.0-SNAPSHOT] Extension update is pending (0 errors)
2025-01-29 22:19:01,469 INFO c.h.h.t.HelmChartContainer - [hivemq-test-hivemq-platform] [hivemq-platform-operator] [a69d244e] 22:19:01.468 [vert.x-eventloop-thread-1] DEBUG c.h.platform.operator.util.PodUtil - Received status for command '[curl, -s, http://10.42.0.10:7979/updateExtensionStatus]' on Pod 'test-hivemq-platform-0' (exit code: 0)
2025-01-29 22:19:01,635 INFO c.h.h.t.HelmChartContainer - [test-hivemq-platform] [hivemq] [63c23f0d] INFO  - [HiveMQ Platform Operator Init App 1.7.0-SNAPSHOT] Waiting for extension ConfigMap sync (expected hash: 256925282) (current hash: -493919079)
2025-01-29 22:19:02,475 INFO c.h.h.t.HelmChartContainer - [hivemq-test-hivemq-platform] [hivemq-platform-operator] [a69d244e] 22:19:02.471 [pool-6-thread-18] DEBUG c.h.p.o.d.PodServiceAccountResource - [helmpods] Desired PodServiceAccountResource (serviceAccountName: hivemq-platform-pod-test-hivemq-platform)
2025-01-29 22:19:02,475 INFO c.h.h.t.HelmChartContainer - [hivemq-test-hivemq-platform] [hivemq-platform-operator] [a69d244e] 22:19:02.472 [pool-6-thread-17] DEBUG c.h.p.o.d.PlatformServiceResource - [helmpods] Desired Platform services (3 services)
2025-01-29 22:19:02,475 INFO c.h.h.t.HelmChartContainer - [hivemq-test-hivemq-platform] [hivemq-platform-operator] [a69d244e] 22:19:02.471 [pool-6-thread-13] DEBUG c.h.p.o.dependants.PodInfoConfigMap - [helmpods] Desired PodInfo ConfigMap (1 extensions) (1 enabled)
2025-01-29 22:19:02,475 INFO c.h.h.t.HelmChartContainer - [hivemq-test-hivemq-platform] [hivemq-platform-operator] [a69d244e] 22:19:02.473 [pool-6-thread-13] DEBUG c.h.p.o.dependants.PodInfoConfigMap - [helmpods] Desired PodInfo ConfigMap (metrics port: 9399) (metrics path: /)
2025-01-29 22:19:02,475 INFO c.h.h.t.HelmChartContainer - [hivemq-test-hivemq-platform] [hivemq-platform-operator] [a69d244e] 22:19:02.473 [pool-6-thread-13] DEBUG c.h.p.o.dependants.PodInfoConfigMap - [helmpods] Desired PodInfo ConfigMap (extension state hash: 256925282)
2025-01-29 22:19:02,478 INFO c.h.h.t.HelmChartContainer - [hivemq-test-hivemq-platform] [hivemq-platform-operator] [a69d244e] 22:19:02.477 [pool-6-thread-17] DEBUG c.h.p.o.d.StatefulSetResource - [helmpods] Desired StatefulSet (1 replicas) for status RESTART_EXTENSIONS (WAIT_FOR_EXTENSION_RESTART)
2025-01-29 22:19:02,481 INFO c.h.h.t.HelmChartContainer - [hivemq-test-hivemq-platform] [hivemq-platform-operator] [a69d244e] 22:19:02.480 [ReconcilerExecutor-hivemq-controller-126] INFO  c.h.p.o.HiveMQPlatformReconciler - [helmpods] Reconciling HiveMQ Platform 'test-hivemq-platform' in namespace 'helmpodsecuritycontextupgradeextensionit'
2025-01-29 22:19:02,481 INFO c.h.h.t.HelmChartContainer - [hivemq-test-hivemq-platform] [hivemq-platform-operator] [a69d244e] 22:19:02.480 [ReconcilerExecutor-hivemq-controller-126] DEBUG c.h.p.o.HiveMQPlatformReconciler - [helmpods] Custom Resource Status RESTART_EXTENSIONS - HiveMQ Platform is waiting for extension restart (hivemq-distributed-tracing-extension) (WAIT_FOR_EXTENSION_RESTART)
2025-01-29 22:19:02,481 INFO c.h.h.t.HelmChartContainer - [hivemq-test-hivemq-platform] [hivemq-platform-operator] [a69d244e] 22:19:02.480 [ReconcilerExecutor-hivemq-controller-126] DEBUG c.h.p.o.HiveMQPlatformReconciler - [helmpods] Custom Resource Spec (replicas: 1) (extensions: 1)
2025-01-29 22:19:02,484 INFO c.h.h.t.HelmChartContainer - [hivemq-test-hivemq-platform] [hivemq-platform-operator] [a69d244e] 22:19:02.482 [ReconcilerExecutor-hivemq-controller-126] DEBUG c.h.p.o.HiveMQPlatformReconciler - [helmpods] StatefulSet Status (revision: test-hivemq-platform-f6cdc458c, replicas: 1, available: 1, ready: 1, current: 1, updated: 1)
2025-01-29 22:19:02,484 INFO c.h.h.t.HelmChartContainer - [hivemq-test-hivemq-platform] [hivemq-platform-operator] [a69d244e] 22:19:02.482 [ReconcilerExecutor-hivemq-controller-126] DEBUG c.h.p.o.HiveMQPlatformReconciler - [helmpods] StatefulSet Spec (replicas: 1, init containers: 1, containers: 1, volumes: 4)
2025-01-29 22:19:02,485 INFO c.h.h.t.HelmChartContainer - [hivemq-test-hivemq-platform] [hivemq-platform-operator] [a69d244e] 22:19:02.483 [ReconcilerExecutor-hivemq-controller-126] DEBUG c.h.p.o.h.HiveMQPlatformReconcilerErrorHandler - [helmpods] Pod 'test-hivemq-platform-0' phase Running
2025-01-29 22:19:02,485 INFO c.h.h.t.HelmChartContainer - [hivemq-test-hivemq-platform] [hivemq-platform-operator] [a69d244e] 22:19:02.484 [ReconcilerExecutor-hivemq-controller-126] INFO  c.h.p.o.h.HiveMQPlatformReconcilerRestartExtensionsHandler - [helmpods] Extension update on Pod 'test-hivemq-platform-0' is still pending
2025-01-29 22:19:02,635 INFO c.h.h.t.HelmChartContainer - [test-hivemq-platform] [hivemq] [63c23f0d] INFO  - [HiveMQ Platform Operator Init App 1.7.0-SNAPSHOT] Waiting for extension ConfigMap sync (expected hash: 256925282) (current hash: -493919079)
2025-01-29 22:19:03,636 INFO c.h.h.t.HelmChartContainer - [test-hivemq-platform] [hivemq] [63c23f0d] INFO  - [HiveMQ Platform Operator Init App 1.7.0-SNAPSHOT] Waiting for extension ConfigMap sync (expected hash: 256925282) (current hash: -493919079)
2025-01-29 22:19:04,637 INFO c.h.h.t.HelmChartContainer - [test-hivemq-platform] [hivemq] [63c23f0d] INFO  - [HiveMQ Platform Operator Init App 1.7.0-SNAPSHOT] Waiting for extension ConfigMap sync (expected hash: 256925282) (current hash: -493919079)
2025-01-29 22:19:05,637 INFO c.h.h.t.HelmChartContainer - [test-hivemq-platform] [hivemq] [63c23f0d] INFO  - [HiveMQ Platform Operator Init App 1.7.0-SNAPSHOT] Waiting for extension ConfigMap sync (expected hash: 256925282) (current hash: -493919079)
2025-01-29 22:19:06,637 INFO c.h.h.t.HelmChartContainer - [test-hivemq-platform] [hivemq] [63c23f0d] INFO  - [HiveMQ Platform Operator Init App 1.7.0-SNAPSHOT] Waiting for extension ConfigMap sync (expected hash: 256925282) (current hash: -493919079)
2025-01-29 22:19:07,638 INFO c.h.h.t.HelmChartContainer - [test-hivemq-platform] [hivemq] [63c23f0d] INFO  - [HiveMQ Platform Operator Init App 1.7.0-SNAPSHOT] Waiting for extension ConfigMap sync (expected hash: 256925282) (current hash: -493919079)
2025-01-29 22:19:08,638 INFO c.h.h.t.HelmChartContainer - [test-hivemq-platform] [hivemq] [63c23f0d] INFO  - [HiveMQ Platform Operator Init App 1.7.0-SNAPSHOT] Waiting for extension ConfigMap sync (expected hash: 256925282) (current hash: -493919079)
2025-01-29 22:19:09,639 INFO c.h.h.t.HelmChartContainer - [test-hivemq-platform] [hivemq] [63c23f0d] INFO  - [HiveMQ Platform Operator Init App 1.7.0-SNAPSHOT] Waiting for extension ConfigMap sync (expected hash: 256925282) (current hash: -493919079)
2025-01-29 22:19:10,639 INFO c.h.h.t.HelmChartContainer - [test-hivemq-platform] [hivemq] [63c23f0d] INFO  - [HiveMQ Platform Operator Init App 1.7.0-SNAPSHOT] Waiting for extension ConfigMap sync (expected hash: 256925282) (current hash: -493919079)
2025-01-29 22:19:11,640 INFO c.h.h.t.HelmChartContainer - [test-hivemq-platform] [hivemq] [63c23f0d] INFO  - [HiveMQ Platform Operator Init App 1.7.0-SNAPSHOT] Waiting for extension ConfigMap sync (expected hash: 256925282) (current hash: -493919079)
2025-01-29 22:19:12,516 INFO c.h.h.t.HelmChartContainer - [hivemq-test-hivemq-platform] [hivemq-platform-operator] [a69d244e] 22:19:12.512 [pool-6-thread-29] DEBUG c.h.p.o.d.PlatformServiceResource - [helmpods] Desired Platform services (3 services)
2025-01-29 22:19:12,516 INFO c.h.h.t.HelmChartContainer - [hivemq-test-hivemq-platform] [hivemq-platform-operator] [a69d244e] 22:19:12.514 [pool-6-thread-30] DEBUG c.h.p.o.dependants.PodInfoConfigMap - [helmpods] Desired PodInfo ConfigMap (1 extensions) (1 enabled)
2025-01-29 22:19:12,516 INFO c.h.h.t.HelmChartContainer - [hivemq-test-hivemq-platform] [hivemq-platform-operator] [a69d244e] 22:19:12.515 [pool-6-thread-24] DEBUG c.h.p.o.d.PodServiceAccountResource - [helmpods] Desired PodServiceAccountResource (serviceAccountName: hivemq-platform-pod-test-hivemq-platform)
2025-01-29 22:19:12,517 INFO c.h.h.t.HelmChartContainer - [hivemq-test-hivemq-platform] [hivemq-platform-operator] [a69d244e] 22:19:12.515 [pool-6-thread-30] DEBUG c.h.p.o.dependants.PodInfoConfigMap - [helmpods] Desired PodInfo ConfigMap (metrics port: 9399) (metrics path: /)
2025-01-29 22:19:12,518 INFO c.h.h.t.HelmChartContainer - [hivemq-test-hivemq-platform] [hivemq-platform-operator] [a69d244e] 22:19:12.516 [pool-6-thread-30] DEBUG c.h.p.o.dependants.PodInfoConfigMap - [helmpods] Desired PodInfo ConfigMap (extension state hash: 256925282)
2025-01-29 22:19:12,568 INFO c.h.h.t.HelmChartContainer - [hivemq-test-hivemq-platform] [hivemq-platform-operator] [a69d244e] 22:19:12.567 [pool-6-thread-30] DEBUG c.h.p.o.d.StatefulSetResource - [helmpods] Desired StatefulSet (1 replicas) for status RESTART_EXTENSIONS (WAIT_FOR_EXTENSION_RESTART)
2025-01-29 22:19:12,573 INFO c.h.h.t.HelmChartContainer - [hivemq-test-hivemq-platform] [hivemq-platform-operator] [a69d244e] 22:19:12.572 [ReconcilerExecutor-hivemq-controller-127] INFO  c.h.p.o.HiveMQPlatformReconciler - [helmpods] Reconciling HiveMQ Platform 'test-hivemq-platform' in namespace 'helmpodsecuritycontextupgradeextensionit'
2025-01-29 22:19:12,573 INFO c.h.h.t.HelmChartContainer - [hivemq-test-hivemq-platform] [hivemq-platform-operator] [a69d244e] 22:19:12.572 [ReconcilerExecutor-hivemq-controller-127] DEBUG c.h.p.o.HiveMQPlatformReconciler - [helmpods] Custom Resource Status RESTART_EXTENSIONS - HiveMQ Platform is waiting for extension restart (hivemq-distributed-tracing-extension) (WAIT_FOR_EXTENSION_RESTART)
2025-01-29 22:19:12,573 INFO c.h.h.t.HelmChartContainer - [hivemq-test-hivemq-platform] [hivemq-platform-operator] [a69d244e] 22:19:12.572 [ReconcilerExecutor-hivemq-controller-127] DEBUG c.h.p.o.HiveMQPlatformReconciler - [helmpods] Custom Resource Spec (replicas: 1) (extensions: 1)
2025-01-29 22:19:12,575 INFO c.h.h.t.HelmChartContainer - [hivemq-test-hivemq-platform] [hivemq-platform-operator] [a69d244e] 22:19:12.574 [ReconcilerExecutor-hivemq-controller-127] DEBUG c.h.p.o.HiveMQPlatformReconciler - [helmpods] StatefulSet Status (revision: test-hivemq-platform-f6cdc458c, replicas: 1, available: 1, ready: 1, current: 1, updated: 1)
2025-01-29 22:19:12,576 INFO c.h.h.t.HelmChartContainer - [hivemq-test-hivemq-platform] [hivemq-platform-operator] [a69d244e] 22:19:12.574 [ReconcilerExecutor-hivemq-controller-127] DEBUG c.h.p.o.HiveMQPlatformReconciler - [helmpods] StatefulSet Spec (replicas: 1, init containers: 1, containers: 1, volumes: 4)
2025-01-29 22:19:12,578 INFO c.h.h.t.HelmChartContainer - [hivemq-test-hivemq-platform] [hivemq-platform-operator] [a69d244e] 22:19:12.575 [ReconcilerExecutor-hivemq-controller-127] DEBUG c.h.p.o.h.HiveMQPlatformReconcilerErrorHandler - [helmpods] Pod 'test-hivemq-platform-0' phase Running
2025-01-29 22:19:12,585 INFO c.h.h.t.HelmChartContainer - [hivemq-test-hivemq-platform] [hivemq-platform-operator] [a69d244e] 22:19:12.584 [ReconcilerExecutor-hivemq-controller-127] DEBUG c.h.p.o.h.HiveMQPlatformReconcilerRestartExtensionsHandler - [helmpods] Checking update extension status on Pod 'test-hivemq-platform-0'
2025-01-29 22:19:12,640 INFO c.h.h.t.HelmChartContainer - [test-hivemq-platform] [hivemq] [63c23f0d] INFO  - [HiveMQ Platform Operator Init App 1.7.0-SNAPSHOT] Waiting for extension ConfigMap sync (expected hash: 256925282) (current hash: -493919079)
2025-01-29 22:19:12,716 INFO c.h.h.t.HelmChartContainer - [test-hivemq-platform] [hivemq] [63c23f0d] INFO  - [HiveMQ Platform Operator Init App 1.7.0-SNAPSHOT] Extension update is pending (0 errors)
2025-01-29 22:19:12,770 INFO c.h.h.t.HelmChartContainer - [hivemq-test-hivemq-platform] [hivemq-platform-operator] [a69d244e] 22:19:12.768 [vert.x-eventloop-thread-0] DEBUG c.h.platform.operator.util.PodUtil - Received status for command '[curl, -s, http://10.42.0.10:7979/updateExtensionStatus]' on Pod 'test-hivemq-platform-0' (exit code: 0)
2025-01-29 22:19:13,641 INFO c.h.h.t.HelmChartContainer - [test-hivemq-platform] [hivemq] [63c23f0d] INFO  - [HiveMQ Platform Operator Init App 1.7.0-SNAPSHOT] Waiting for extension ConfigMap sync (expected hash: 256925282) (current hash: -493919079)
2025-01-29 22:19:13,696 INFO c.h.h.t.HelmChartContainer - [hivemq-test-hivemq-platform] [hivemq-platform-operator] [a69d244e] 22:19:13.692 [pool-6-thread-32] DEBUG c.h.p.o.d.PlatformServiceResource - [helmpods] Desired Platform services (3 services)
2025-01-29 22:19:13,696 INFO c.h.h.t.HelmChartContainer - [hivemq-test-hivemq-platform] [hivemq-platform-operator] [a69d244e] 22:19:13.692 [pool-6-thread-34] DEBUG c.h.p.o.d.PodServiceAccountResource - [helmpods] Desired PodServiceAccountResource (serviceAccountName: hivemq-platform-pod-test-hivemq-platform)
2025-01-29 22:19:13,696 INFO c.h.h.t.HelmChartContainer - [hivemq-test-hivemq-platform] [hivemq-platform-operator] [a69d244e] 22:19:13.694 [pool-6-thread-36] DEBUG c.h.p.o.dependants.PodInfoConfigMap - [helmpods] Desired PodInfo ConfigMap (1 extensions) (1 enabled)
2025-01-29 22:19:13,696 INFO c.h.h.t.HelmChartContainer - [hivemq-test-hivemq-platform] [hivemq-platform-operator] [a69d244e] 22:19:13.694 [pool-6-thread-36] DEBUG c.h.p.o.dependants.PodInfoConfigMap - [helmpods] Desired PodInfo ConfigMap (metrics port: 9399) (metrics path: /)
2025-01-29 22:19:13,696 INFO c.h.h.t.HelmChartContainer - [hivemq-test-hivemq-platform] [hivemq-platform-operator] [a69d244e] 22:19:13.694 [pool-6-thread-36] DEBUG c.h.p.o.dependants.PodInfoConfigMap - [helmpods] Desired PodInfo ConfigMap (extension state hash: 256925282)
2025-01-29 22:19:13,697 INFO c.h.h.t.HelmChartContainer - [hivemq-test-hivemq-platform] [hivemq-platform-operator] [a69d244e] 22:19:13.696 [pool-6-thread-36] DEBUG c.h.p.o.d.StatefulSetResource - [helmpods] Desired StatefulSet (1 replicas) for status RESTART_EXTENSIONS (WAIT_FOR_EXTENSION_RESTART)
2025-01-29 22:19:13,699 INFO c.h.h.t.HelmChartContainer - [hivemq-test-hivemq-platform] [hivemq-platform-operator] [a69d244e] 22:19:13.698 [ReconcilerExecutor-hivemq-controller-128] INFO  c.h.p.o.HiveMQPlatformReconciler - [helmpods] Reconciling HiveMQ Platform 'test-hivemq-platform' in namespace 'helmpodsecuritycontextupgradeextensionit'
2025-01-29 22:19:13,700 INFO c.h.h.t.HelmChartContainer - [hivemq-test-hivemq-platform] [hivemq-platform-operator] [a69d244e] 22:19:13.698 [ReconcilerExecutor-hivemq-controller-128] DEBUG c.h.p.o.HiveMQPlatformReconciler - [helmpods] Custom Resource Status RESTART_EXTENSIONS - HiveMQ Platform is waiting for extension restart (hivemq-distributed-tracing-extension) (WAIT_FOR_EXTENSION_RESTART)
2025-01-29 22:19:13,700 INFO c.h.h.t.HelmChartContainer - [hivemq-test-hivemq-platform] [hivemq-platform-operator] [a69d244e] 22:19:13.698 [ReconcilerExecutor-hivemq-controller-128] DEBUG c.h.p.o.HiveMQPlatformReconciler - [helmpods] Custom Resource Spec (replicas: 1) (extensions: 1)
2025-01-29 22:19:13,701 INFO c.h.h.t.HelmChartContainer - [hivemq-test-hivemq-platform] [hivemq-platform-operator] [a69d244e] 22:19:13.700 [ReconcilerExecutor-hivemq-controller-128] DEBUG c.h.p.o.HiveMQPlatformReconciler - [helmpods] StatefulSet Status (revision: test-hivemq-platform-f6cdc458c, replicas: 1, available: 1, ready: 1, current: 1, updated: 1)
2025-01-29 22:19:13,701 INFO c.h.h.t.HelmChartContainer - [hivemq-test-hivemq-platform] [hivemq-platform-operator] [a69d244e] 22:19:13.700 [ReconcilerExecutor-hivemq-controller-128] DEBUG c.h.p.o.HiveMQPlatformReconciler - [helmpods] StatefulSet Spec (replicas: 1, init containers: 1, containers: 1, volumes: 4)
2025-01-29 22:19:13,702 INFO c.h.h.t.HelmChartContainer - [hivemq-test-hivemq-platform] [hivemq-platform-operator] [a69d244e] 22:19:13.701 [ReconcilerExecutor-hivemq-controller-128] DEBUG c.h.p.o.h.HiveMQPlatformReconcilerErrorHandler - [helmpods] Pod 'test-hivemq-platform-0' phase Running
2025-01-29 22:19:13,703 INFO c.h.h.t.HelmChartContainer - [hivemq-test-hivemq-platform] [hivemq-platform-operator] [a69d244e] 22:19:13.702 [ReconcilerExecutor-hivemq-controller-128] INFO  c.h.p.o.h.HiveMQPlatformReconcilerRestartExtensionsHandler - [helmpods] Extension update on Pod 'test-hivemq-platform-0' is still pending
2025-01-29 22:19:14,641 INFO c.h.h.t.HelmChartContainer - [test-hivemq-platform] [hivemq] [63c23f0d] INFO  - [HiveMQ Platform Operator Init App 1.7.0-SNAPSHOT] Waiting for extension ConfigMap sync (expected hash: 256925282) (current hash: -493919079)
2025-01-29 22:19:15,642 INFO c.h.h.t.HelmChartContainer - [test-hivemq-platform] [hivemq] [63c23f0d] INFO  - [HiveMQ Platform Operator Init App 1.7.0-SNAPSHOT] Waiting for extension ConfigMap sync (expected hash: 256925282) (current hash: -493919079)
2025-01-29 22:19:16,642 INFO c.h.h.t.HelmChartContainer - [test-hivemq-platform] [hivemq] [63c23f0d] INFO  - [HiveMQ Platform Operator Init App 1.7.0-SNAPSHOT] Waiting for extension ConfigMap sync (expected hash: 256925282) (current hash: -493919079)
2025-01-29 22:19:17,642 INFO c.h.h.t.HelmChartContainer - [test-hivemq-platform] [hivemq] [63c23f0d] INFO  - [HiveMQ Platform Operator Init App 1.7.0-SNAPSHOT] Waiting for extension ConfigMap sync (expected hash: 256925282) (current hash: -493919079)
2025-01-29 22:19:18,643 INFO c.h.h.t.HelmChartContainer - [test-hivemq-platform] [hivemq] [63c23f0d] INFO  - [HiveMQ Platform Operator Init App 1.7.0-SNAPSHOT] Waiting for extension ConfigMap sync (expected hash: 256925282) (current hash: -493919079)
2025-01-29 22:19:19,643 INFO c.h.h.t.HelmChartContainer - [test-hivemq-platform] [hivemq] [63c23f0d] INFO  - [HiveMQ Platform Operator Init App 1.7.0-SNAPSHOT] Waiting for extension ConfigMap sync (expected hash: 256925282) (current hash: -493919079)
2025-01-29 22:19:20,644 INFO c.h.h.t.HelmChartContainer - [test-hivemq-platform] [hivemq] [63c23f0d] INFO  - [HiveMQ Platform Operator Init App 1.7.0-SNAPSHOT] Waiting for extension ConfigMap sync (expected hash: 256925282) (current hash: -493919079)
2025-01-29 22:19:21,644 INFO c.h.h.t.HelmChartContainer - [test-hivemq-platform] [hivemq] [63c23f0d] INFO  - [HiveMQ Platform Operator Init App 1.7.0-SNAPSHOT] Waiting for extension ConfigMap sync (expected hash: 256925282) (current hash: 256925282)
2025-01-29 22:19:21,645 INFO c.h.h.t.HelmChartContainer - [test-hivemq-platform] [hivemq] [63c23f0d] INFO  - [HiveMQ Platform Operator Init App 1.7.0-SNAPSHOT] Updating HiveMQ Platform extension: hivemq-distributed-tracing-extension
2025-01-29 22:19:21,646 INFO c.h.h.t.HelmChartContainer - [test-hivemq-platform] [hivemq] [63c23f0d] INFO  - [HiveMQ Platform Operator Init App 1.7.0-SNAPSHOT] Updating preinstalled extension hivemq-distributed-tracing-extension
2025-01-29 22:19:21,849 INFO c.h.h.t.HelmChartContainer - [test-hivemq-platform] [hivemq] [63c23f0d] INFO  - [HiveMQ Platform Operator Init App 1.7.0-SNAPSHOT] Successfully updated extension hivemq-distributed-tracing-extension
2025-01-29 22:19:23,709 INFO c.h.h.t.HelmChartContainer - [hivemq-test-hivemq-platform] [hivemq-platform-operator] [a69d244e] 22:19:23.707 [pool-6-thread-43] DEBUG c.h.p.o.d.PodServiceAccountResource - [helmpods] Desired PodServiceAccountResource (serviceAccountName: hivemq-platform-pod-test-hivemq-platform)
2025-01-29 22:19:23,709 INFO c.h.h.t.HelmChartContainer - [hivemq-test-hivemq-platform] [hivemq-platform-operator] [a69d244e] 22:19:23.707 [pool-6-thread-46] DEBUG c.h.p.o.dependants.PodInfoConfigMap - [helmpods] Desired PodInfo ConfigMap (1 extensions) (1 enabled)
2025-01-29 22:19:23,710 INFO c.h.h.t.HelmChartContainer - [hivemq-test-hivemq-platform] [hivemq-platform-operator] [a69d244e] 22:19:23.707 [pool-6-thread-46] DEBUG c.h.p.o.dependants.PodInfoConfigMap - [helmpods] Desired PodInfo ConfigMap (metrics port: 9399) (metrics path: /)
2025-01-29 22:19:23,710 INFO c.h.h.t.HelmChartContainer - [hivemq-test-hivemq-platform] [hivemq-platform-operator] [a69d244e] 22:19:23.707 [pool-6-thread-46] DEBUG c.h.p.o.dependants.PodInfoConfigMap - [helmpods] Desired PodInfo ConfigMap (extension state hash: 256925282)
2025-01-29 22:19:23,710 INFO c.h.h.t.HelmChartContainer - [hivemq-test-hivemq-platform] [hivemq-platform-operator] [a69d244e] 22:19:23.707 [pool-6-thread-48] DEBUG c.h.p.o.d.PlatformServiceResource - [helmpods] Desired Platform services (3 services)
2025-01-29 22:19:23,712 INFO c.h.h.t.HelmChartContainer - [hivemq-test-hivemq-platform] [hivemq-platform-operator] [a69d244e] 22:19:23.711 [pool-6-thread-44] DEBUG c.h.p.o.d.StatefulSetResource - [helmpods] Desired StatefulSet (1 replicas) for status RESTART_EXTENSIONS (WAIT_FOR_EXTENSION_RESTART)
2025-01-29 22:19:23,714 INFO c.h.h.t.HelmChartContainer - [hivemq-test-hivemq-platform] [hivemq-platform-operator] [a69d244e] 22:19:23.714 [ReconcilerExecutor-hivemq-controller-129] INFO  c.h.p.o.HiveMQPlatformReconciler - [helmpods] Reconciling HiveMQ Platform 'test-hivemq-platform' in namespace 'helmpodsecuritycontextupgradeextensionit'
2025-01-29 22:19:23,715 INFO c.h.h.t.HelmChartContainer - [hivemq-test-hivemq-platform] [hivemq-platform-operator] [a69d244e] 22:19:23.714 [ReconcilerExecutor-hivemq-controller-129] DEBUG c.h.p.o.HiveMQPlatformReconciler - [helmpods] Custom Resource Status RESTART_EXTENSIONS - HiveMQ Platform is waiting for extension restart (hivemq-distributed-tracing-extension) (WAIT_FOR_EXTENSION_RESTART)
2025-01-29 22:19:23,716 INFO c.h.h.t.HelmChartContainer - [hivemq-test-hivemq-platform] [hivemq-platform-operator] [a69d244e] 22:19:23.714 [ReconcilerExecutor-hivemq-controller-129] DEBUG c.h.p.o.HiveMQPlatformReconciler - [helmpods] Custom Resource Spec (replicas: 1) (extensions: 1)
2025-01-29 22:19:23,717 INFO c.h.h.t.HelmChartContainer - [hivemq-test-hivemq-platform] [hivemq-platform-operator] [a69d244e] 22:19:23.715 [ReconcilerExecutor-hivemq-controller-129] DEBUG c.h.p.o.HiveMQPlatformReconciler - [helmpods] StatefulSet Status (revision: test-hivemq-platform-f6cdc458c, replicas: 1, available: 1, ready: 1, current: 1, updated: 1)
2025-01-29 22:19:23,717 INFO c.h.h.t.HelmChartContainer - [hivemq-test-hivemq-platform] [hivemq-platform-operator] [a69d244e] 22:19:23.716 [ReconcilerExecutor-hivemq-controller-129] DEBUG c.h.p.o.HiveMQPlatformReconciler - [helmpods] StatefulSet Spec (replicas: 1, init containers: 1, containers: 1, volumes: 4)
2025-01-29 22:19:23,718 INFO c.h.h.t.HelmChartContainer - [hivemq-test-hivemq-platform] [hivemq-platform-operator] [a69d244e] 22:19:23.717 [ReconcilerExecutor-hivemq-controller-129] DEBUG c.h.p.o.h.HiveMQPlatformReconcilerErrorHandler - [helmpods] Pod 'test-hivemq-platform-0' phase Running
2025-01-29 22:19:23,769 INFO c.h.h.t.HelmChartContainer - [hivemq-test-hivemq-platform] [hivemq-platform-operator] [a69d244e] 22:19:23.768 [ReconcilerExecutor-hivemq-controller-129] DEBUG c.h.p.o.h.HiveMQPlatformReconcilerRestartExtensionsHandler - [helmpods] Checking update extension status on Pod 'test-hivemq-platform-0'
2025-01-29 22:19:23,818 INFO c.h.h.t.HelmChartContainer - [test-hivemq-platform] [hivemq] [63c23f0d] INFO  - [HiveMQ Platform Operator Init App 1.7.0-SNAPSHOT] Extension update is done (0 errors)
2025-01-29 22:19:23,822 INFO c.h.h.t.HelmChartContainer - [hivemq-test-hivemq-platform] [hivemq-platform-operator] [a69d244e] 22:19:23.821 [vert.x-eventloop-thread-1] DEBUG c.h.platform.operator.util.PodUtil - Received status for command '[curl, -s, http://10.42.0.10:7979/updateExtensionStatus]' on Pod 'test-hivemq-platform-0' (exit code: 0)
2025-01-29 22:19:24,157 INFO c.h.h.t.HelmChartContainer - [test-hivemq-platform] [hivemq] [63c23f0d] INFO  - HiveMQ Enterprise Distributed Tracing Extension: Configured OTLP HTTP/protobuf exporter 'my-otlp-grpc-exporter'.
2025-01-29 22:19:24,162 INFO c.h.h.t.HelmChartContainer - [test-hivemq-platform] [hivemq] [63c23f0d] INFO  - HiveMQ Enterprise Distributed Tracing Extension: Configured W3C trace propagation.
2025-01-29 22:19:24,164 INFO c.h.h.t.HelmChartContainer - [test-hivemq-platform] [hivemq] [63c23f0d] INFO  - HiveMQ Enterprise Distributed Tracing Extension: Successfully updated configuration from '/opt/hivemq/extensions/hivemq-distributed-tracing-extension/conf/config.xml'.
2025-01-29 22:19:24,164 INFO c.h.h.testcontainer.LogWaiterUtil - TEST Found log pattern on 'test-hivemq-platform-0': .*HiveMQ Enterprise Distributed Tracing Extension: Successfully updated configuration from '/opt/hivemq/extensions/hivemq-distributed-tracing-extension/conf/config.xml'.
2025-01-29 22:19:24,797 INFO c.h.h.t.HelmChartContainer - [hivemq-test-hivemq-platform] [hivemq-platform-operator] [a69d244e] 22:19:24.794 [pool-6-thread-9] DEBUG c.h.p.o.d.PlatformServiceResource - [helmpods] Desired Platform services (3 services)
2025-01-29 22:19:24,797 INFO c.h.h.t.HelmChartContainer - [hivemq-test-hivemq-platform] [hivemq-platform-operator] [a69d244e] 22:19:24.794 [pool-6-thread-2] DEBUG c.h.p.o.d.PodServiceAccountResource - [helmpods] Desired PodServiceAccountResource (serviceAccountName: hivemq-platform-pod-test-hivemq-platform)
2025-01-29 22:19:24,797 INFO c.h.h.t.HelmChartContainer - [hivemq-test-hivemq-platform] [hivemq-platform-operator] [a69d244e] 22:19:24.795 [pool-6-thread-8] DEBUG c.h.p.o.dependants.PodInfoConfigMap - [helmpods] Desired PodInfo ConfigMap (1 extensions) (1 enabled)
2025-01-29 22:19:24,797 INFO c.h.h.t.HelmChartContainer - [hivemq-test-hivemq-platform] [hivemq-platform-operator] [a69d244e] 22:19:24.795 [pool-6-thread-8] DEBUG c.h.p.o.dependants.PodInfoConfigMap - [helmpods] Desired PodInfo ConfigMap (metrics port: 9399) (metrics path: /)
2025-01-29 22:19:24,797 INFO c.h.h.t.HelmChartContainer - [hivemq-test-hivemq-platform] [hivemq-platform-operator] [a69d244e] 22:19:24.796 [pool-6-thread-8] DEBUG c.h.p.o.dependants.PodInfoConfigMap - [helmpods] Desired PodInfo ConfigMap (extension state hash: 256925282)
2025-01-29 22:19:24,800 INFO c.h.h.t.HelmChartContainer - [hivemq-test-hivemq-platform] [hivemq-platform-operator] [a69d244e] 22:19:24.799 [pool-6-thread-9] DEBUG c.h.p.o.d.StatefulSetResource - [helmpods] Desired StatefulSet (1 replicas) for status RESTART_EXTENSIONS (WAIT_FOR_EXTENSION_RESTART)
2025-01-29 22:19:24,805 INFO c.h.h.t.HelmChartContainer - [hivemq-test-hivemq-platform] [hivemq-platform-operator] [a69d244e] 22:19:24.802 [ReconcilerExecutor-hivemq-controller-130] INFO  c.h.p.o.HiveMQPlatformReconciler - [helmpods] Reconciling HiveMQ Platform 'test-hivemq-platform' in namespace 'helmpodsecuritycontextupgradeextensionit'
2025-01-29 22:19:24,805 INFO c.h.h.t.HelmChartContainer - [hivemq-test-hivemq-platform] [hivemq-platform-operator] [a69d244e] 22:19:24.802 [ReconcilerExecutor-hivemq-controller-130] DEBUG c.h.p.o.HiveMQPlatformReconciler - [helmpods] Custom Resource Status RESTART_EXTENSIONS - HiveMQ Platform is waiting for extension restart (hivemq-distributed-tracing-extension) (WAIT_FOR_EXTENSION_RESTART)
2025-01-29 22:19:24,805 INFO c.h.h.t.HelmChartContainer - [hivemq-test-hivemq-platform] [hivemq-platform-operator] [a69d244e] 22:19:24.802 [ReconcilerExecutor-hivemq-controller-130] DEBUG c.h.p.o.HiveMQPlatformReconciler - [helmpods] Custom Resource Spec (replicas: 1) (extensions: 1)
2025-01-29 22:19:24,805 INFO c.h.h.t.HelmChartContainer - [hivemq-test-hivemq-platform] [hivemq-platform-operator] [a69d244e] 22:19:24.803 [ReconcilerExecutor-hivemq-controller-130] DEBUG c.h.p.o.HiveMQPlatformReconciler - [helmpods] StatefulSet Status (revision: test-hivemq-platform-f6cdc458c, replicas: 1, available: 1, ready: 1, current: 1, updated: 1)
2025-01-29 22:19:24,805 INFO c.h.h.t.HelmChartContainer - [hivemq-test-hivemq-platform] [hivemq-platform-operator] [a69d244e] 22:19:24.803 [ReconcilerExecutor-hivemq-controller-130] DEBUG c.h.p.o.HiveMQPlatformReconciler - [helmpods] StatefulSet Spec (replicas: 1, init containers: 1, containers: 1, volumes: 4)
2025-01-29 22:19:24,805 INFO c.h.h.t.HelmChartContainer - [hivemq-test-hivemq-platform] [hivemq-platform-operator] [a69d244e] 22:19:24.804 [ReconcilerExecutor-hivemq-controller-130] DEBUG c.h.p.o.h.HiveMQPlatformReconcilerErrorHandler - [helmpods] Pod 'test-hivemq-platform-0' phase Running
2025-01-29 22:19:24,806 INFO c.h.h.t.HelmChartContainer - [hivemq-test-hivemq-platform] [hivemq-platform-operator] [a69d244e] 22:19:24.806 [ReconcilerExecutor-hivemq-controller-130] INFO  c.h.p.o.h.HiveMQPlatformReconcilerRestartExtensionsHandler - [helmpods] Successfully updated extensions on all Pods
2025-01-29 22:19:24,815 INFO c.h.h.t.HelmChartContainer - [EVENT] Normal [Ready] HiveMQ Platform is ready [helmpodsecuritycontextupgradeextensionit:test-hivemq-platform]
2025-01-29 22:19:24,816 INFO c.h.h.t.HelmChartContainer - [hivemq-test-hivemq-platform] [hivemq-platform-operator] [a69d244e] 22:19:24.815 [ReconcilerExecutor-hivemq-controller-130] DEBUG c.h.p.operator.event.EventSender - [helmpods] Updating K8s event hivemq-platform-ready: [Ready] HiveMQ Platform is ready
2025-01-29 22:19:24,816 INFO c.h.h.t.HelmChartContainer - [hivemq-test-hivemq-platform] [hivemq-platform-operator] [a69d244e] 22:19:24.815 [ReconcilerExecutor-hivemq-controller-130] INFO  c.h.p.o.h.AbstractHiveMQReconcilerStateHandler - [helmpods] Update HiveMQ Platform Status (RESTART_EXTENSIONS [WAIT_FOR_EXTENSION_RESTART] -> RUNNING [READY]): HiveMQ Platform is ready
2025-01-29 22:19:24,823 DEBUG com.hivemq.helmcharts.util.K8sUtil - Comparing actual state 'RUNNING' and waiting for 'RUNNING'
2025-01-29 22:19:26,824 INFO c.h.h.t.HelmChartContainer - Uninstalling release 'test-hivemq-platform' in namespace 'helmpodsecuritycontextupgradeextensionit'...
2025-01-29 22:19:26,825 DEBUG c.h.h.t.HelmChartContainer - Executing helm command: /bin/helm --kubeconfig /etc/rancher/k3s/k3s.yaml uninstall test-hivemq-platform  --wait --timeout 5m0s --cascade foreground --namespace helmpodsecuritycontextupgradeextensionit
2025-01-29 22:19:27,010 INFO c.h.h.t.HelmChartContainer - [hivemq-test-hivemq-platform] [hivemq-platform-operator] [a69d244e] 22:19:26.997 [pool-6-thread-11] DEBUG c.h.p.o.d.PlatformServiceResource - [helmpods] Desired Platform services (3 services)
2025-01-29 22:19:27,010 INFO c.h.h.t.HelmChartContainer - [hivemq-test-hivemq-platform] [hivemq-platform-operator] [a69d244e] 22:19:26.998 [pool-6-thread-18] DEBUG c.h.p.o.dependants.PodInfoConfigMap - [helmpods] Desired PodInfo ConfigMap (1 extensions) (1 enabled)
2025-01-29 22:19:27,010 INFO c.h.h.t.HelmChartContainer - [hivemq-test-hivemq-platform] [hivemq-platform-operator] [a69d244e] 22:19:26.998 [pool-6-thread-18] DEBUG c.h.p.o.dependants.PodInfoConfigMap - [helmpods] Desired PodInfo ConfigMap (metrics port: 9399) (metrics path: /)
2025-01-29 22:19:27,010 INFO c.h.h.t.HelmChartContainer - [hivemq-test-hivemq-platform] [hivemq-platform-operator] [a69d244e] 22:19:26.998 [pool-6-thread-18] DEBUG c.h.p.o.dependants.PodInfoConfigMap - [helmpods] Desired PodInfo ConfigMap (extension state hash: 256925282)
2025-01-29 22:19:27,010 INFO c.h.h.t.HelmChartContainer - [hivemq-test-hivemq-platform] [hivemq-platform-operator] [a69d244e] 22:19:26.999 [pool-6-thread-18] DEBUG c.h.p.o.dependants.PodInfoConfigMap - [helmpods] Update PodInfo ConfigMap
2025-01-29 22:19:27,010 INFO c.h.h.t.HelmChartContainer - [hivemq-test-hivemq-platform] [hivemq-platform-operator] [a69d244e] 22:19:27.000 [pool-6-thread-15] DEBUG c.h.p.o.d.PodServiceAccountResource - [helmpods] Desired PodServiceAccountResource (serviceAccountName: hivemq-platform-pod-test-hivemq-platform)
2025-01-29 22:19:27,018 INFO c.h.h.t.HelmChartContainer - [hivemq-test-hivemq-platform] [hivemq-platform-operator] [a69d244e] 22:19:27.014 [pool-6-thread-18] DEBUG c.h.p.o.d.StatefulSetResource - [helmpods] Desired StatefulSet (1 replicas) for status RUNNING (READY)
2025-01-29 22:19:27,072 INFO c.h.h.t.HelmChartContainer - [hivemq-test-hivemq-platform] [hivemq-platform-operator] [a69d244e] 22:19:27.067 [ReconcilerExecutor-hivemq-controller-132] INFO  c.h.p.o.HiveMQPlatformReconciler - [helmpods] Reconciling HiveMQ Platform 'test-hivemq-platform' in namespace 'helmpodsecuritycontextupgradeextensionit'
2025-01-29 22:19:27,072 INFO c.h.h.t.HelmChartContainer - [hivemq-test-hivemq-platform] [hivemq-platform-operator] [a69d244e] 22:19:27.068 [ReconcilerExecutor-hivemq-controller-132] DEBUG c.h.p.o.HiveMQPlatformReconciler - [helmpods] Custom Resource Status RUNNING - HiveMQ Platform is ready (READY)
2025-01-29 22:19:27,072 INFO c.h.h.t.HelmChartContainer - [hivemq-test-hivemq-platform] [hivemq-platform-operator] [a69d244e] 22:19:27.068 [ReconcilerExecutor-hivemq-controller-132] DEBUG c.h.p.o.HiveMQPlatformReconciler - [helmpods] Custom Resource Spec (replicas: 1) (extensions: 1)
2025-01-29 22:19:27,072 INFO c.h.h.t.HelmChartContainer - [hivemq-test-hivemq-platform] [hivemq-platform-operator] [a69d244e] 22:19:27.071 [ReconcilerExecutor-hivemq-controller-132] DEBUG c.h.p.o.HiveMQPlatformReconciler - [helmpods] StatefulSet Status (revision: test-hivemq-platform-f6cdc458c, replicas: 1, available: 1, ready: 1, current: 1, updated: 1)
2025-01-29 22:19:27,072 INFO c.h.h.t.HelmChartContainer - [hivemq-test-hivemq-platform] [hivemq-platform-operator] [a69d244e] 22:19:27.071 [ReconcilerExecutor-hivemq-controller-132] DEBUG c.h.p.o.HiveMQPlatformReconciler - [helmpods] StatefulSet Spec (replicas: 1, init containers: 1, containers: 1, volumes: 4)
2025-01-29 22:19:27,075 INFO c.h.h.t.HelmChartContainer - [hivemq-test-hivemq-platform] [hivemq-platform-operator] [a69d244e] 22:19:27.075 [ReconcilerExecutor-hivemq-controller-132] DEBUG c.h.p.o.h.HiveMQPlatformReconcilerErrorHandler - [helmpods] Pod 'test-hivemq-platform-0' phase Running
2025-01-29 22:19:27,076 INFO c.h.h.t.HelmChartContainer - [hivemq-test-hivemq-platform] [hivemq-platform-operator] [a69d244e] 22:19:27.075 [ReconcilerExecutor-hivemq-controller-132] DEBUG c.h.p.o.HiveMQPlatformReconciler - [helmpods] PodInfoConfigMap is not ready yet
2025-01-29 22:19:27,173 INFO c.h.h.t.HelmChartContainer - [hivemq-test-hivemq-platform] [hivemq-platform-operator] [a69d244e] 22:19:27.172 [ReconcilerExecutor-hivemq-controller-137] INFO  c.h.p.o.HiveMQPlatformReconciler - [helmpods] Cleanup test-hivemq-platform - helmpodsecuritycontextupgradeextensionit HiveMQ Platform is shut down
2025-01-29 22:19:27,608 INFO c.h.h.t.HelmChartContainer - [POD] test-hivemq-platform-0 [63c23f0d-d434-4a32-9a92-6b633b4060f3] in helmpodsecuritycontextupgradeextensionit was MODIFIED
2025-01-29 22:19:27,629 INFO c.h.h.t.HelmChartContainer - [test-hivemq-platform] [hivemq] [63c23f0d] INFO  - [HiveMQ Platform Operator Init App 1.7.0-SNAPSHOT] Shutting down
2025-01-29 22:19:27,630 INFO c.h.h.t.HelmChartContainer - [EVENT] Normal [Killing] Stopping container hivemq [helmpodsecuritycontextupgradeextensionit:test-hivemq-platform-0]
2025-01-29 22:19:27,632 INFO c.h.h.t.HelmChartContainer - [test-hivemq-platform] [hivemq] [63c23f0d] INFO  - [HiveMQ Platform Operator Init App 1.7.0-SNAPSHOT] Stopping the HiveMQ Platform
2025-01-29 22:19:27,635 INFO c.h.h.t.HelmChartContainer - Received Killing event for container hivemq in pod test-hivemq-platform-0 [63c23f0d-d434-4a32-9a92-6b633b4060f3]
2025-01-29 22:19:27,636 INFO c.h.h.t.HelmChartContainer - Container [test-hivemq-platform-0] [hivemq] [63c23f0d-d434-4a32-9a92-6b633b4060f3] was terminated
2025-01-29 22:19:27,636 INFO c.h.h.t.HelmChartContainer - Stopped log watcher for hivemq in pod test-hivemq-platform-0 [63c23f0d-d434-4a32-9a92-6b633b4060f3]
2025-01-29 22:19:27,808 INFO c.h.h.t.HelmChartContainer - [test-hivemq-platform] [hivemq] [63c23f0d] INFO  - Shutting down HiveMQ. Please wait, this could take a while...
2025-01-29 22:19:27,838 INFO c.h.h.t.HelmChartContainer - [test-hivemq-platform] [hivemq] [63c23f0d] INFO  - Shutting down listeners and clients
2025-01-29 22:19:27,839 INFO c.h.h.t.HelmChartContainer - [test-hivemq-platform] [hivemq] [63c23f0d] INFO  - Shutdown of listeners is done
2025-01-29 22:19:27,839 INFO c.h.h.t.HelmChartContainer - [test-hivemq-platform] [hivemq] [63c23f0d] INFO  - No clients are connected, proceeding with shutdown
2025-01-29 22:19:28,656 INFO c.h.h.t.HelmChartContainer - [test-hivemq-platform] [hivemq] [63c23f0d] INFO  - [HiveMQ Platform Operator Init App 1.7.0-SNAPSHOT] Returning shutdown Health API response 503 for readiness
2025-01-29 22:19:28,661 INFO c.h.h.t.HelmChartContainer - [EVENT] Warning [Unhealthy] Readiness probe failed: HTTP probe failed with statuscode: 503 [helmpodsecuritycontextupgradeextensionit:test-hivemq-platform-0]
2025-01-29 22:19:28,661 INFO c.h.h.t.HelmChartContainer - Received Unhealthy event for container hivemq in pod test-hivemq-platform-0 [63c23f0d-d434-4a32-9a92-6b633b4060f3]
2025-01-29 22:19:29,050 INFO c.h.h.t.HelmChartContainer - Deleting namespace 'helmpodsecuritycontextupgradeextensionit'...
2025-01-29 22:19:29,276 INFO c.h.h.t.HelmChartContainer - [test-hivemq-platform] [hivemq] [63c23f0d] WARN  - [HiveMQ Platform Operator Init App 1.7.0-SNAPSHOT] Could not update Pod annotations: Failure executing: GET at: https://10.43.0.1:443/api/v1/namespaces/helmpodsecuritycontextupgradeextensionit/pods/test-hivemq-platform-0. Message: pods "test-hivemq-platform-0" is forbidden: User "system:serviceaccount:helmpodsecuritycontextupgradeextensionit:hivemq-platform-pod-test-hivemq-platform" cannot get resource "pods" in API group "" in the namespace "helmpodsecuritycontextupgradeextensionit". Received status: Status(apiVersion=v1, code=403, details=StatusDetails(causes=[], group=null, kind=pods, name=test-hivemq-platform-0, retryAfterSeconds=null, uid=null, additionalProperties={}), kind=Status, message=pods "test-hivemq-platform-0" is forbidden: User "system:serviceaccount:helmpodsecuritycontextupgradeextensionit:hivemq-platform-pod-test-hivemq-platform" cannot get resource "pods" in API group "" in the namespace "helmpodsecuritycontextupgradeextensionit", metadata=ListMeta(_continue=null, remainingItemCount=null, resourceVersion=null, selfLink=null, additionalProperties={}), reason=Forbidden, status=Failure, additionalProperties={}).
2025-01-29 22:19:30,951 INFO c.h.h.t.HelmChartContainer - [test-hivemq-platform] [hivemq] [63c23f0d] INFO  - Shutting down extension system
2025-01-29 22:19:30,954 INFO c.h.h.t.HelmChartContainer - [test-hivemq-platform] [hivemq] [63c23f0d] INFO  - Stopping extension with id hivemq-dns-cluster-discovery
2025-01-29 22:19:30,954 INFO c.h.h.t.HelmChartContainer - [test-hivemq-platform] [hivemq] [63c23f0d] INFO  - Extension "DNS Cluster Discovery Extension" version 4.3.2 stopped successfully.
2025-01-29 22:19:30,957 INFO c.h.h.t.HelmChartContainer - [test-hivemq-platform] [hivemq] [63c23f0d] INFO  - Stopping extension with id hivemq-distributed-tracing-extension
2025-01-29 22:19:30,957 INFO c.h.h.t.HelmChartContainer - [test-hivemq-platform] [hivemq] [63c23f0d] INFO  - Extension "HiveMQ Enterprise Distributed Tracing Extension" version 4.36.0 stopped successfully.
2025-01-29 22:19:30,957 INFO c.h.h.t.HelmChartContainer - [test-hivemq-platform] [hivemq] [63c23f0d] INFO  - Stopping extension with id hivemq-prometheus-extension
2025-01-29 22:19:30,961 INFO c.h.h.t.HelmChartContainer - [test-hivemq-platform] [hivemq] [63c23f0d] INFO  - Extension "Prometheus Monitoring Extension" version 4.0.12 stopped successfully.
2025-01-29 22:19:30,961 INFO c.h.h.t.HelmChartContainer - [test-hivemq-platform] [hivemq] [63c23f0d] INFO  - Stopping extension with id hivemq-allow-all-extension
2025-01-29 22:19:30,961 INFO c.h.h.t.HelmChartContainer - [test-hivemq-platform] [hivemq] [63c23f0d] INFO  - Extension "Allow All Extension" version 1.1.1 stopped successfully.
2025-01-29 22:19:33,315 INFO c.h.h.t.HelmChartContainer - [test-hivemq-platform] [hivemq] [63c23f0d] INFO  - Shutdown completed.
2025-01-29 22:19:33,661 INFO c.h.h.t.HelmChartContainer - [EVENT] Warning [Unhealthy] Readiness probe failed: HTTP probe failed with statuscode: 503 [helmpodsecuritycontextupgradeextensionit:test-hivemq-platform-0]
2025-01-29 22:19:33,661 INFO c.h.h.t.HelmChartContainer - Received Unhealthy event for container hivemq in pod test-hivemq-platform-0 [63c23f0d-d434-4a32-9a92-6b633b4060f3]
2025-01-29 22:19:33,671 INFO c.h.h.t.HelmChartContainer - [test-hivemq-platform] [hivemq] [63c23f0d] INFO  - [HiveMQ Platform Operator Init App 1.7.0-SNAPSHOT] The HiveMQ Platform exited with code 143
2025-01-29 22:19:33,671 INFO c.h.h.t.HelmChartContainer - [test-hivemq-platform] [hivemq] [63c23f0d] INFO  - [HiveMQ Platform Operator Init App 1.7.0-SNAPSHOT] Stopping the REST API
2025-01-29 22:19:33,737 INFO c.h.h.t.HelmChartContainer - [test-hivemq-platform] [hivemq] [63c23f0d] INFO  - [HiveMQ Platform Operator Init App 1.7.0-SNAPSHOT] Shutdown complete
2025-01-29 22:19:34,171 INFO c.h.h.t.HelmChartContainer - [K3S] [stateful_set.go:466] "StatefulSet has been deleted" key="helmpodsecuritycontextupgradeextensionit/test-hivemq-platform"
2025-01-29 22:19:34,219 INFO c.h.h.t.HelmChartContainer - [POD] test-hivemq-platform-0 [63c23f0d-d434-4a32-9a92-6b633b4060f3] in helmpodsecuritycontextupgradeextensionit was MODIFIED
2025-01-29 22:19:34,317 INFO c.h.h.t.HelmChartContainer - [K3S] [reconciler_common.go:162] "operationExecutor.UnmountVolume started for volume \"operator-init\" (UniqueName: \"kubernetes.io/empty-dir/63c23f0d-d434-4a32-9a92-6b633b4060f3-operator-init\") pod \"63c23f0d-d434-4a32-9a92-6b633b4060f3\" (UID: \"63c23f0d-d434-4a32-9a92-6b633b4060f3\") "
2025-01-29 22:19:34,317 INFO c.h.h.t.HelmChartContainer - [K3S] [reconciler_common.go:162] "operationExecutor.UnmountVolume started for volume \"extension-configuration-hivemq-distributed-tracing-extension\" (UniqueName: \"kubernetes.io/configmap/63c23f0d-d434-4a32-9a92-6b633b4060f3-extension-configuration-hivemq-distributed-tracing-extension\") pod \"63c23f0d-d434-4a32-9a92-6b633b4060f3\" (UID: \"63c23f0d-d434-4a32-9a92-6b633b4060f3\") "
2025-01-29 22:19:34,317 INFO c.h.h.t.HelmChartContainer - [K3S] [reconciler_common.go:162] "operationExecutor.UnmountVolume started for volume \"broker-configuration\" (UniqueName: \"kubernetes.io/configmap/63c23f0d-d434-4a32-9a92-6b633b4060f3-broker-configuration\") pod \"63c23f0d-d434-4a32-9a92-6b633b4060f3\" (UID: \"63c23f0d-d434-4a32-9a92-6b633b4060f3\") "
2025-01-29 22:19:34,318 INFO c.h.h.t.HelmChartContainer - [K3S] [reconciler_common.go:162] "operationExecutor.UnmountVolume started for volume \"kube-api-access-c5d57\" (UniqueName: \"kubernetes.io/projected/63c23f0d-d434-4a32-9a92-6b633b4060f3-kube-api-access-c5d57\") pod \"63c23f0d-d434-4a32-9a92-6b633b4060f3\" (UID: \"63c23f0d-d434-4a32-9a92-6b633b4060f3\") "
2025-01-29 22:19:34,318 INFO c.h.h.t.HelmChartContainer - [K3S] [reconciler_common.go:162] "operationExecutor.UnmountVolume started for volume \"pod-info\" (UniqueName: \"kubernetes.io/configmap/63c23f0d-d434-4a32-9a92-6b633b4060f3-pod-info\") pod \"63c23f0d-d434-4a32-9a92-6b633b4060f3\" (UID: \"63c23f0d-d434-4a32-9a92-6b633b4060f3\") "
2025-01-29 22:19:34,352 INFO c.h.h.t.HelmChartContainer - [K3S] [namespace_controller.go:164] "Unhandled Error" err="deletion of namespace helmpodsecuritycontextupgradeextensionit failed: unexpected items still remain in namespace: helmpodsecuritycontextupgradeextensionit for gvr: /v1, Resource=pods"
2025-01-29 22:19:34,417 INFO c.h.h.t.HelmChartContainer - [K3S] [reconciler_common.go:299] "Volume detached for volume \"broker-configuration\" (UniqueName: \"kubernetes.io/configmap/63c23f0d-d434-4a32-9a92-6b633b4060f3-broker-configuration\") on node \"58615b7c8ea7\" DevicePath \"\""
2025-01-29 22:19:34,417 INFO c.h.h.t.HelmChartContainer - [K3S] [reconciler_common.go:299] "Volume detached for volume \"kube-api-access-c5d57\" (UniqueName: \"kubernetes.io/projected/63c23f0d-d434-4a32-9a92-6b633b4060f3-kube-api-access-c5d57\") on node \"58615b7c8ea7\" DevicePath \"\""
2025-01-29 22:19:34,417 INFO c.h.h.t.HelmChartContainer - [K3S] [reconciler_common.go:299] "Volume detached for volume \"operator-init\" (UniqueName: \"kubernetes.io/empty-dir/63c23f0d-d434-4a32-9a92-6b633b4060f3-operator-init\") on node \"58615b7c8ea7\" DevicePath \"\""
2025-01-29 22:19:34,417 INFO c.h.h.t.HelmChartContainer - [K3S] [reconciler_common.go:299] "Volume detached for volume \"extension-configuration-hivemq-distributed-tracing-extension\" (UniqueName: \"kubernetes.io/configmap/63c23f0d-d434-4a32-9a92-6b633b4060f3-extension-configuration-hivemq-distributed-tracing-extension\") on node \"58615b7c8ea7\" DevicePath \"\""
2025-01-29 22:19:34,417 INFO c.h.h.t.HelmChartContainer - [K3S] [reconciler_common.go:299] "Volume detached for volume \"pod-info\" (UniqueName: \"kubernetes.io/configmap/63c23f0d-d434-4a32-9a92-6b633b4060f3-pod-info\") on node \"58615b7c8ea7\" DevicePath \"\""
2025-01-29 22:19:34,511 INFO c.h.h.t.HelmChartContainer - [K3S] [namespace_controller.go:164] "Unhandled Error" err="deletion of namespace helmpodsecuritycontextupgradeextensionit failed: unexpected items still remain in namespace: helmpodsecuritycontextupgradeextensionit for gvr: /v1, Resource=pods"
2025-01-29 22:19:34,659 INFO c.h.h.t.HelmChartContainer - [K3S] [namespace_controller.go:164] "Unhandled Error" err="deletion of namespace helmpodsecuritycontextupgradeextensionit failed: unexpected items still remain in namespace: helmpodsecuritycontextupgradeextensionit for gvr: /v1, Resource=pods"
2025-01-29 22:19:34,767 INFO c.h.h.t.HelmChartContainer - [K3S] [namespace_controller.go:164] "Unhandled Error" err="deletion of namespace helmpodsecuritycontextupgradeextensionit failed: unexpected items still remain in namespace: helmpodsecuritycontextupgradeextensionit for gvr: /v1, Resource=pods"
2025-01-29 22:19:34,895 INFO c.h.h.t.HelmChartContainer - [K3S] [namespace_controller.go:164] "Unhandled Error" err="deletion of namespace helmpodsecuritycontextupgradeextensionit failed: unexpected items still remain in namespace: helmpodsecuritycontextupgradeextensionit for gvr: /v1, Resource=pods"
2025-01-29 22:19:35,039 INFO c.h.h.t.HelmChartContainer - [K3S] [scope.go:117] "RemoveContainer" containerID="7376fedb4844e8f5af14dac34096c627986250a175bce29f60d3dc8ffbccb77d"
2025-01-29 22:19:35,060 INFO c.h.h.t.HelmChartContainer - [POD] test-hivemq-platform-0 [63c23f0d-d434-4a32-9a92-6b633b4060f3] in helmpodsecuritycontextupgradeextensionit was MODIFIED
2025-01-29 22:19:35,061 INFO c.h.h.t.HelmChartContainer - [POD] test-hivemq-platform-0 [63c23f0d-d434-4a32-9a92-6b633b4060f3] in helmpodsecuritycontextupgradeextensionit was DELETED
2025-01-29 22:19:35,081 INFO c.h.h.t.HelmChartContainer - [K3S] [namespace_controller.go:164] "Unhandled Error" err="deletion of namespace helmpodsecuritycontextupgradeextensionit failed: unexpected items still remain in namespace: helmpodsecuritycontextupgradeextensionit for gvr: /v1, Resource=pods"
2025-01-29 22:19:35,139 INFO c.h.h.t.HelmChartContainer - [K3S] [scope.go:117] "RemoveContainer" containerID="424e676d2c59aa2e285bd5359eee3a1cd33a7328d9366a1f3d779f3b54ed910d"
2025-01-29 22:19:35,142 INFO c.h.h.t.HelmChartContainer - [K3S] [scope.go:117] "RemoveContainer" containerID="7376fedb4844e8f5af14dac34096c627986250a175bce29f60d3dc8ffbccb77d"
2025-01-29 22:19:35,142 INFO c.h.h.t.HelmChartContainer - [K3S] [scope.go:117] "RemoveContainer" containerID="424e676d2c59aa2e285bd5359eee3a1cd33a7328d9366a1f3d779f3b54ed910d"
2025-01-29 22:19:35,370 INFO c.h.h.t.HelmChartContainer - Namespace 'helmpodsecuritycontextupgradeextensionit' deleted
2025-01-29 22:19:35,370 INFO c.h.h.t.HelmChartContainer - Release 'test-hivemq-platform' in namespace 'helmpodsecuritycontextupgradeextensionit' is uninstalled
2025-01-29 22:19:35,370 INFO c.h.h.t.HelmChartContainer - Uninstalling release 'test-hivemq-platform-operator' in namespace 'helmpodsecuritycontextupgradeextensionit-operator'...
2025-01-29 22:19:35,370 DEBUG c.h.h.t.HelmChartContainer - Executing helm command: /bin/helm --kubeconfig /etc/rancher/k3s/k3s.yaml uninstall test-hivemq-platform-operator  --wait --timeout 5m0s --cascade foreground --namespace helmpodsecuritycontextupgradeextensionit-operator
2025-01-29 22:19:35,532 INFO c.h.h.t.HelmChartContainer - [K3S] [replica_set.go:679] "Finished syncing" kind="ReplicaSet" key="helmpodsecuritycontextupgradeextensionit-operator/hivemq-test-hivemq-platform-operator-7ccc997bc4" duration="8.679595ms"
2025-01-29 22:19:35,532 INFO c.h.h.t.HelmChartContainer - [K3S] [replica_set.go:679] "Finished syncing" kind="ReplicaSet" key="helmpodsecuritycontextupgradeextensionit-operator/hivemq-test-hivemq-platform-operator-7ccc997bc4" duration="31.829µs"
2025-01-29 22:19:35,554 INFO c.h.h.t.HelmChartContainer - [POD] hivemq-test-hivemq-platform-operator-7ccc997bc4-5nxqk [a69d244e-597b-43ad-9b0b-ef04ea872796] in helmpodsecuritycontextupgradeextensionit-operator was MODIFIED
2025-01-29 22:19:35,563 INFO c.h.h.t.HelmChartContainer - [EVENT] Normal [Killing] Stopping container hivemq-platform-operator [helmpodsecuritycontextupgradeextensionit-operator:hivemq-test-hivemq-platform-operator-7ccc997bc4-5nxqk]
2025-01-29 22:19:35,563 INFO c.h.h.t.HelmChartContainer - Received Killing event for container hivemq-platform-operator in pod hivemq-test-hivemq-platform-operator-7ccc997bc4-5nxqk [a69d244e-597b-43ad-9b0b-ef04ea872796]
2025-01-29 22:19:35,563 INFO c.h.h.t.HelmChartContainer - Container [hivemq-test-hivemq-platform-operator-7ccc997bc4-5nxqk] [hivemq-platform-operator] [a69d244e-597b-43ad-9b0b-ef04ea872796] was terminated
2025-01-29 22:19:35,563 INFO c.h.h.t.HelmChartContainer - Stopped log watcher for hivemq-platform-operator in pod hivemq-test-hivemq-platform-operator-7ccc997bc4-5nxqk [a69d244e-597b-43ad-9b0b-ef04ea872796]
2025-01-29 22:19:35,563 INFO c.h.h.t.HelmChartContainer - [hivemq-test-hivemq-platform] [hivemq-platform-operator] [a69d244e] 22:19:35.562 [application-shutdown-thread] INFO  c.h.p.o.HiveMQPlatformOperatorApplication - HiveMQ Platform Operator is stopping...
2025-01-29 22:19:35,564 INFO c.h.h.t.HelmChartContainer - [hivemq-test-hivemq-platform] [hivemq-platform-operator] [a69d244e] 22:19:35.562 [application-shutdown-thread] INFO  i.javaoperatorsdk.operator.Operator - Operator SDK 4.9.7 is shutting down...
2025-01-29 22:19:35,567 INFO c.h.h.t.HelmChartContainer - [K3S] [replica_set.go:679] "Finished syncing" kind="ReplicaSet" key="helmpodsecuritycontextupgradeextensionit-operator/hivemq-test-hivemq-platform-operator-7ccc997bc4" duration="14.788731ms"
2025-01-29 22:19:35,567 INFO c.h.h.t.HelmChartContainer - [K3S] [replica_set.go:679] "Finished syncing" kind="ReplicaSet" key="helmpodsecuritycontextupgradeextensionit-operator/hivemq-test-hivemq-platform-operator-7ccc997bc4" duration="213.247µs"
2025-01-29 22:19:35,809 INFO c.h.h.t.HelmChartContainer - [K3S] [replica_set.go:679] "Finished syncing" kind="ReplicaSet" key="helmpodsecuritycontextupgradeextensionit-operator/hivemq-test-hivemq-platform-operator-7ccc997bc4" duration="58.689µs"
2025-01-29 22:19:35,809 INFO c.h.h.t.HelmChartContainer - [POD] hivemq-test-hivemq-platform-operator-7ccc997bc4-5nxqk [a69d244e-597b-43ad-9b0b-ef04ea872796] in helmpodsecuritycontextupgradeextensionit-operator was MODIFIED
2025-01-29 22:19:35,923 INFO c.h.h.t.HelmChartContainer - [K3S] [reconciler_common.go:162] "operationExecutor.UnmountVolume started for volume \"kube-api-access-z7mfp\" (UniqueName: \"kubernetes.io/projected/a69d244e-597b-43ad-9b0b-ef04ea872796-kube-api-access-z7mfp\") pod \"a69d244e-597b-43ad-9b0b-ef04ea872796\" (UID: \"a69d244e-597b-43ad-9b0b-ef04ea872796\") "
2025-01-29 22:19:36,023 INFO c.h.h.t.HelmChartContainer - [K3S] [reconciler_common.go:299] "Volume detached for volume \"kube-api-access-z7mfp\" (UniqueName: \"kubernetes.io/projected/a69d244e-597b-43ad-9b0b-ef04ea872796-kube-api-access-z7mfp\") on node \"58615b7c8ea7\" DevicePath \"\""
2025-01-29 22:19:36,041 INFO c.h.h.t.HelmChartContainer - [K3S] [scope.go:117] "RemoveContainer" containerID="e3b62c5131cc814a07ba590b5c0555a3c31823d4d40685105655427448e53cca"
2025-01-29 22:19:36,044 INFO c.h.h.t.HelmChartContainer - [K3S] [scope.go:117] "RemoveContainer" containerID="e3b62c5131cc814a07ba590b5c0555a3c31823d4d40685105655427448e53cca"
2025-01-29 22:19:36,052 INFO c.h.h.t.HelmChartContainer - [K3S] [replica_set.go:679] "Finished syncing" kind="ReplicaSet" key="helmpodsecuritycontextupgradeextensionit-operator/hivemq-test-hivemq-platform-operator-7ccc997bc4" duration="31.99µs"
2025-01-29 22:19:36,060 INFO c.h.h.t.HelmChartContainer - [K3S] [replica_set.go:679] "Finished syncing" kind="ReplicaSet" key="helmpodsecuritycontextupgradeextensionit-operator/hivemq-test-hivemq-platform-operator-7ccc997bc4" duration="29.264µs"
2025-01-29 22:19:36,060 INFO c.h.h.t.HelmChartContainer - [POD] hivemq-test-hivemq-platform-operator-7ccc997bc4-5nxqk [a69d244e-597b-43ad-9b0b-ef04ea872796] in helmpodsecuritycontextupgradeextensionit-operator was MODIFIED
2025-01-29 22:19:36,061 INFO c.h.h.t.HelmChartContainer - [POD] hivemq-test-hivemq-platform-operator-7ccc997bc4-5nxqk [a69d244e-597b-43ad-9b0b-ef04ea872796] in helmpodsecuritycontextupgradeextensionit-operator was DELETED
2025-01-29 22:19:36,067 INFO c.h.h.t.HelmChartContainer - [K3S] [replica_set.go:679] "Finished syncing" kind="ReplicaSet" key="helmpodsecuritycontextupgradeextensionit-operator/hivemq-test-hivemq-platform-operator-7ccc997bc4" duration="5.931µs"
2025-01-29 22:19:36,294 INFO c.h.h.t.HelmChartContainer - [K3S] [kubelet_volumes.go:163] "Cleaned up orphaned pod volumes dir" podUID="63c23f0d-d434-4a32-9a92-6b633b4060f3" path="/var/lib/kubelet/pods/63c23f0d-d434-4a32-9a92-6b633b4060f3/volumes"
2025-01-29 22:19:36,295 INFO c.h.h.t.HelmChartContainer - [K3S] [kubelet_volumes.go:163] "Cleaned up orphaned pod volumes dir" podUID="a69d244e-597b-43ad-9b0b-ef04ea872796" path="/var/lib/kubelet/pods/a69d244e-597b-43ad-9b0b-ef04ea872796/volumes"
2025-01-29 22:19:37,573 INFO c.h.h.t.HelmChartContainer - Deleting namespace 'helmpodsecuritycontextupgradeextensionit-operator'...
2025-01-29 22:19:40,337 INFO c.h.h.t.HelmChartContainer - [K3S] [namespace_controller.go:187] "Namespace has been deleted" namespace="helmpodsecuritycontextupgradeextensionit"
2025-01-29 22:19:42,789 INFO c.h.h.t.HelmChartContainer - Namespace 'helmpodsecuritycontextupgradeextensionit-operator' deleted
2025-01-29 22:19:42,790 INFO c.h.h.t.HelmChartContainer - Release 'test-hivemq-platform-operator' in namespace 'helmpodsecuritycontextupgradeextensionit-operator' is uninstalled
2025-01-29 22:19:43,500 INFO c.h.helmcharts.AbstractHelmChartIT - Removed unused containers:

2025-01-29 22:19:47,695 INFO c.h.h.t.HelmChartContainer - [K3S] [namespace_controller.go:187] "Namespace has been deleted" namespace="helmpodsecuritycontextupgradeextensionit-operator"
2025-01-29 22:19:51,327 INFO c.h.helmcharts.AbstractHelmChartIT - Removed unused snapshots:
Removing snapshot sha256:03af251906410714c5aef9fa705b63f6bbc39c4a5e787de7361eeb18886c2ed2
Removing snapshot sha256:0c46b3b43cce082ce5ec34ffc6c294e0417d17b9d1e6f366d114b6aadc4f96dc
Removing snapshot sha256:0ce761beee59082d6ed5bcebd3a805b8ddd9b3426b617e4809e7fb7c6587ffec
Removing snapshot sha256:0df91287303208332c8ff6ba40ae4710105201739addbfbddfb955f1ad593664
Removing snapshot sha256:1021ef88c7974bfff89c5a0ec4fd3160daac6c48a075f74cff721f85dd104e68
Removing snapshot sha256:10aba4953ddc18145dd38e3704709bc464aa20af60b56fe52caaff4b68411e62
Removing snapshot sha256:2573e0d8158209ed54ab25c87bcdcb00bd3d2539246960a3d592a1c599d70465
Removing snapshot sha256:362a8a37f8bbc31925a8146adcf7cf51f9882f5c1dcbef67c5baa03a297543c0
Removing snapshot sha256:3fa4ad33f0ddc8fd45b39b6b4640f82a3a83619606cd975bfe89d8710ad2d4cd
Removing snapshot sha256:43a7c979bbaba6838bc3102d6b10a1459f3ab050b87ccdfef84ef90cf43d3058
Removing snapshot sha256:4ab04491cdf0d3267f08206fe30bd48f49f94b9cab2f016d6739220f722a64af
Removing snapshot sha256:4b6068250e89c96f263060261819c7d912855bfbd64b3eb4c4a8483299b8c295
Removing snapshot sha256:580e69a0a8034ede1921139bbd2bfb72a69ebf276d008281896c32dd8bf74775
Removing snapshot sha256:5d30ba46b27fe37484567ccc5242cadc78217b8da605f3f195ef25cbf7487904
Removing snapshot sha256:63ca1fbb43ae5034640e5e6cb3e083e05c290072c5366fcaa9d62435a4cced85
Removing snapshot sha256:67f702c6baae873bceb19487c8b1f27bd2b86077e4f2f0e480e6d60ab508b8f5
Removing snapshot sha256:6864348dd42806d552efdec384f1274be15e2d0c10ce44c1f04347af004c10a9
Removing snapshot sha256:6c7dee8f2c39b84b7dc2711c01d33de93514d9055499173e9290176fbe484b6c
Removing snapshot sha256:82753493a6d61ded36556292f02f31841a14c20d2f279f19eaad65afb661d5cd
Removing snapshot sha256:8a10d3db42c505ee0fcfa98417bdd7e39b304f6bcc0a06bb1b220797ff2cc63c
Removing snapshot sha256:a0904247e36a7726c03c71ee48f3e64462021c88dafeb13f37fdaf613b27f11c
Removing snapshot sha256:a21e5b12dbac529ad45d976eb9ce45c881f3bedcc500fb30aba1e52aa1813418
Removing snapshot sha256:b921e6c28969094157f9b8e7244677780319637afd14450b7cb6b2fdea558a0c
Removing snapshot sha256:bc27ecb5769a00e309cf99ebc763c4a4b958b618d1decc96ffac5bc05f02f5b7
Removing snapshot sha256:be3ccb6627a5332e309d45ef461d09b4879dd870c7394d89323d0ebc6ca6aa8a
Removing snapshot sha256:c261f7cbbc64211ee175ee47273acdb7b1a36a4450b397a064a8f2c026490095
Removing snapshot sha256:c34d9393647eea0c9e3557ab988efaf59f61d10a2a5613b439ef0958cca5ec10
Removing snapshot sha256:ccf3c4a0fa967a41c1c83497a2ce6fa5787965859df0adb32c4ca2cf7490bc2b
Removing snapshot sha256:cf92d33f869417309692088c341cd0f223c178ea78a125f757317b22aa8f90e9
Removing snapshot sha256:d0037344cf2fb078884f1849f6a1f8cf9a33a3b6139b6a85833e5ee528e1f9a8
Removing snapshot sha256:d11e497bdb2ff42b7c885f2e1e1d16db6bef686024505e43f301a289240def7c
Removing snapshot sha256:d3b36d5b79273b1e98e7700470eaeff05a882e777124d84cebcc1505b85ecb36
Removing snapshot sha256:d65a44a37914602d12c611e5e22a50f11451d847e63015cc1c2aef92dee777a4
Removing snapshot sha256:e2dc0bae2455930f23ae570e019b7f32edc75c0f2d71cab084db837ff9051796
Removing snapshot sha256:e31519795c7e3df686c447a21ec8d2eb301388a5e39ccf7f20a25c6f6ce3a522
Removing snapshot sha256:e9e86ed11d9bebc0707dd6f1166c51237ebb44f98657241f943261b2675a5449
Removing snapshot sha256:ebe5a0d1bd52392dd1db080be2ab42e15e36cea71e4bb998ef874dd3a6f350cb
Removing snapshot sha256:eccbd24a99c60cd9e86ee5305dbfc4a4dc89f5ab4fb1f06c8d64797cecedef34
Removing snapshot sha256:f144bb4c7c7f0d2aa7eeffd36d934ec40db1ee167be727e326aad9fdc616f475

]]></system-out>
  </testcase>
  <system-out><![CDATA[2025-01-29 22:13:40,897 INFO c.h.h.t.HelmChartContainerExtension - Using cached HelmChartContainer instance
]]></system-out>
  <system-err><![CDATA[]]></system-err>
</testsuite>
