<?xml version="1.0" encoding="UTF-8"?>
<testsuite name="com.hivemq.helmcharts.services.HelmMetricsServiceIT" tests="2" skipped="0" failures="0" errors="0" timestamp="2025-01-29T13:41:38" hostname="fv-az1336-213" time="204.984">
  <properties/>
  <testcase name="platformChart_withCustomServiceName_thenMetricsAvailable()" classname="com.hivemq.helmcharts.services.HelmMetricsServiceIT" time="106.094">
    <system-out><![CDATA[2025-01-29 13:41:38,502 INFO c.h.h.t.HelmChartContainer - Creating namespace 'helmmetricsserviceit-operator'...
2025-01-29 13:41:38,509 INFO c.h.h.t.HelmChartContainer - Namespace 'helmmetricsserviceit-operator' created
2025-01-29 13:41:38,509 INFO c.h.h.t.HelmChartContainer - Creating namespace 'helmmetricsserviceit'...
2025-01-29 13:41:38,610 INFO c.h.h.t.HelmChartContainer - Namespace 'helmmetricsserviceit' created
2025-01-29 13:41:38,677 DEBUG c.h.h.t.HelmChartContainer - Executing helm command: /bin/helm --kubeconfig /etc/rancher/k3s/k3s.yaml install test-hivemq-platform-operator /charts/hivemq-platform-operator --wait --timeout 5m0s --set image.repository=docker.io/hivemq --set image.name=hivemq-platform-operator-test --set image.initImageName=hivemq-platform-operator-init-test --set image.tag=snapshot --set image.pullPolicy=Never --set logLevel=DEBUG --set resources.cpu=512m --namespace helmmetricsserviceit-operator
2025-01-29 13:41:39,000 INFO c.h.h.t.HelmChartContainer - [K3S] [alloc.go:330] "allocated clusterIPs" service="helmmetricsserviceit-operator/hivemq-platform-operator-test-hivemq-platform-operator" clusterIPs={"IPv4":"10.43.188.222"}
2025-01-29 13:41:39,016 INFO c.h.h.t.HelmChartContainer - [EVENT] Normal [ScalingReplicaSet] Scaled up replica set hivemq-test-hivemq-platform-operator-6966f96d65 from 0 to 1 [helmmetricsserviceit-operator:hivemq-test-hivemq-platform-operator]
2025-01-29 13:41:39,020 INFO c.h.h.t.HelmChartContainer - [POD] hivemq-test-hivemq-platform-operator-6966f96d65-2r25g [81f17163-5fcd-4133-aff3-65836aec406c] in helmmetricsserviceit-operator was ADDED
2025-01-29 13:41:39,025 INFO c.h.h.t.HelmChartContainer - [EVENT] Normal [SuccessfulCreate] Created pod: hivemq-test-hivemq-platform-operator-6966f96d65-2r25g [helmmetricsserviceit-operator:hivemq-test-hivemq-platform-operator-6966f96d65]
2025-01-29 13:41:39,028 INFO c.h.h.t.HelmChartContainer - [K3S] [replica_set.go:679] "Finished syncing" kind="ReplicaSet" key="helmmetricsserviceit-operator/hivemq-test-hivemq-platform-operator-6966f96d65" duration="15.495463ms"
2025-01-29 13:41:39,031 INFO c.h.h.t.HelmChartContainer - [K3S] [memory_manager.go:355] "RemoveStaleState removing state" podUID="4534c5de-5ea2-4415-a6d1-5108d1296093" containerName="hivemq-platform-operator"
2025-01-29 13:41:39,033 INFO c.h.h.t.HelmChartContainer - [K3S] [memory_manager.go:355] "RemoveStaleState removing state" podUID="2a786d5d-3645-4103-835d-c30a51c500db" containerName="hivemq"
2025-01-29 13:41:39,033 INFO c.h.h.t.HelmChartContainer - [POD] hivemq-test-hivemq-platform-operator-6966f96d65-2r25g [81f17163-5fcd-4133-aff3-65836aec406c] in helmmetricsserviceit-operator was MODIFIED
2025-01-29 13:41:39,042 INFO c.h.h.t.HelmChartContainer - [EVENT] Normal [Scheduled] Successfully assigned helmmetricsserviceit-operator/hivemq-test-hivemq-platform-operator-6966f96d65-2r25g to 2553df930ab9 [helmmetricsserviceit-operator:hivemq-test-hivemq-platform-operator-6966f96d65-2r25g]
2025-01-29 13:41:39,049 INFO c.h.h.t.HelmChartContainer - [K3S] [replica_set.go:679] "Finished syncing" kind="ReplicaSet" key="helmmetricsserviceit-operator/hivemq-test-hivemq-platform-operator-6966f96d65" duration="18.738136ms"
2025-01-29 13:41:39,051 INFO c.h.h.t.HelmChartContainer - [POD] hivemq-test-hivemq-platform-operator-6966f96d65-2r25g [81f17163-5fcd-4133-aff3-65836aec406c] in helmmetricsserviceit-operator was MODIFIED
2025-01-29 13:41:39,060 INFO c.h.h.t.HelmChartContainer - [K3S] [replica_set.go:679] "Finished syncing" kind="ReplicaSet" key="helmmetricsserviceit-operator/hivemq-test-hivemq-platform-operator-6966f96d65" duration="12.33571ms"
2025-01-29 13:41:39,060 INFO c.h.h.t.HelmChartContainer - [K3S] [replica_set.go:679] "Finished syncing" kind="ReplicaSet" key="helmmetricsserviceit-operator/hivemq-test-hivemq-platform-operator-6966f96d65" duration="75.621µs"
2025-01-29 13:41:39,105 INFO c.h.h.t.HelmChartContainer - [K3S] [reconciler_common.go:251] "operationExecutor.VerifyControllerAttachedVolume started for volume \"kube-api-access-zb72q\" (UniqueName: \"kubernetes.io/projected/81f17163-5fcd-4133-aff3-65836aec406c-kube-api-access-zb72q\") pod \"hivemq-test-hivemq-platform-operator-6966f96d65-2r25g\" (UID: \"81f17163-5fcd-4133-aff3-65836aec406c\") " pod="helmmetricsserviceit-operator/hivemq-test-hivemq-platform-operator-6966f96d65-2r25g"
2025-01-29 13:41:39,421 INFO c.h.h.t.HelmChartContainer - [EVENT] Normal [Pulled] Container image "docker.io/hivemq/hivemq-platform-operator-test:snapshot" already present on machine [helmmetricsserviceit-operator:hivemq-test-hivemq-platform-operator-6966f96d65-2r25g]
2025-01-29 13:41:39,421 INFO c.h.h.t.HelmChartContainer - Received Pulled event for container hivemq-platform-operator in pod hivemq-test-hivemq-platform-operator-6966f96d65-2r25g [81f17163-5fcd-4133-aff3-65836aec406c]
2025-01-29 13:41:40,684 INFO c.h.h.t.HelmChartContainer - [EVENT] Normal [Created] Created container: hivemq-platform-operator [helmmetricsserviceit-operator:hivemq-test-hivemq-platform-operator-6966f96d65-2r25g]
2025-01-29 13:41:40,684 INFO c.h.h.t.HelmChartContainer - Received Created event for container hivemq-platform-operator in pod hivemq-test-hivemq-platform-operator-6966f96d65-2r25g [81f17163-5fcd-4133-aff3-65836aec406c]
2025-01-29 13:41:41,646 INFO c.h.h.t.HelmChartContainer - [K3S] [replica_set.go:679] "Finished syncing" kind="ReplicaSet" key="helmmetricsserviceit-operator/hivemq-test-hivemq-platform-operator-6966f96d65" duration="47.95µs"
2025-01-29 13:41:41,648 INFO c.h.h.t.HelmChartContainer - [POD] hivemq-test-hivemq-platform-operator-6966f96d65-2r25g [81f17163-5fcd-4133-aff3-65836aec406c] in helmmetricsserviceit-operator was MODIFIED
2025-01-29 13:41:41,657 INFO c.h.h.t.HelmChartContainer - Started log watcher for hivemq-platform-operator in pod hivemq-test-hivemq-platform-operator-6966f96d65-2r25g [81f17163-5fcd-4133-aff3-65836aec406c]
2025-01-29 13:41:41,657 INFO c.h.h.t.HelmChartContainer - [hivemq-test-hivemq-platform] [hivemq-platform-operator] [81f17163] -------------------------------------------------------------------------
2025-01-29 13:41:41,657 INFO c.h.h.t.HelmChartContainer - [hivemq-test-hivemq-platform] [hivemq-platform-operator] [81f17163] 
2025-01-29 13:41:41,657 INFO c.h.h.t.HelmChartContainer - [hivemq-test-hivemq-platform] [hivemq-platform-operator] [81f17163]                   _    _  _              __  __   ____
2025-01-29 13:41:41,657 INFO c.h.h.t.HelmChartContainer - [EVENT] Normal [Started] Started container hivemq-platform-operator [helmmetricsserviceit-operator:hivemq-test-hivemq-platform-operator-6966f96d65-2r25g]
2025-01-29 13:41:41,657 INFO c.h.h.t.HelmChartContainer - [hivemq-test-hivemq-platform] [hivemq-platform-operator] [81f17163]                  | |  | |(_)            |  \/  | / __ \
2025-01-29 13:41:41,657 INFO c.h.h.t.HelmChartContainer - [hivemq-test-hivemq-platform] [hivemq-platform-operator] [81f17163]                  | |__| | _ __   __ ___ | \  / || |  | |
2025-01-29 13:41:41,657 INFO c.h.h.t.HelmChartContainer - [hivemq-test-hivemq-platform] [hivemq-platform-operator] [81f17163]                  |  __  || |\ \ / // _ \| |\/| || |  | |
2025-01-29 13:41:41,657 INFO c.h.h.t.HelmChartContainer - [hivemq-test-hivemq-platform] [hivemq-platform-operator] [81f17163]                  | |  | || | \ V /|  __/| |  | || |__| |
2025-01-29 13:41:41,657 INFO c.h.h.t.HelmChartContainer - [hivemq-test-hivemq-platform] [hivemq-platform-operator] [81f17163]                  |_|  |_||_|  \_/  \___||_|  |_| \___\_\
2025-01-29 13:41:41,657 INFO c.h.h.t.HelmChartContainer - Received Started event for container hivemq-platform-operator in pod hivemq-test-hivemq-platform-operator-6966f96d65-2r25g [81f17163-5fcd-4133-aff3-65836aec406c]
2025-01-29 13:41:41,657 INFO c.h.h.t.HelmChartContainer - [hivemq-test-hivemq-platform] [hivemq-platform-operator] [81f17163] 
2025-01-29 13:41:41,657 INFO c.h.h.t.HelmChartContainer - [hivemq-test-hivemq-platform] [hivemq-platform-operator] [81f17163] -------------------------------------------------------------------------
2025-01-29 13:41:41,657 INFO c.h.h.t.HelmChartContainer - [hivemq-test-hivemq-platform] [hivemq-platform-operator] [81f17163] 
2025-01-29 13:41:41,658 INFO c.h.h.t.HelmChartContainer - [hivemq-test-hivemq-platform] [hivemq-platform-operator] [81f17163]   HiveMQ Platform Operator Start Script v1.0
2025-01-29 13:41:41,658 INFO c.h.h.t.HelmChartContainer - [hivemq-test-hivemq-platform] [hivemq-platform-operator] [81f17163] 
2025-01-29 13:41:41,658 INFO c.h.h.t.HelmChartContainer - [hivemq-test-hivemq-platform] [hivemq-platform-operator] [81f17163] -------------------------------------------------------------------------
2025-01-29 13:41:41,658 INFO c.h.h.t.HelmChartContainer - [hivemq-test-hivemq-platform] [hivemq-platform-operator] [81f17163] 
2025-01-29 13:41:41,658 INFO c.h.h.t.HelmChartContainer - [hivemq-test-hivemq-platform] [hivemq-platform-operator] [81f17163]   JAVA_OPTS: -XX:+UnlockExperimentalVMOptions -XX:InitialRAMPercentage=75 -XX:MaxRAMPercentage=75 -Duser.language=en -Duser.region=US
2025-01-29 13:41:41,658 INFO c.h.h.t.HelmChartContainer - [hivemq-test-hivemq-platform] [hivemq-platform-operator] [81f17163] 
2025-01-29 13:41:41,658 INFO c.h.h.t.HelmChartContainer - [hivemq-test-hivemq-platform] [hivemq-platform-operator] [81f17163]   JAVA_VERSION: 21
2025-01-29 13:41:41,658 INFO c.h.h.t.HelmChartContainer - [hivemq-test-hivemq-platform] [hivemq-platform-operator] [81f17163] 
2025-01-29 13:41:41,658 INFO c.h.h.t.HelmChartContainer - [hivemq-test-hivemq-platform] [hivemq-platform-operator] [81f17163] -------------------------------------------------------------------------
2025-01-29 13:41:41,658 INFO c.h.h.t.HelmChartContainer - [hivemq-test-hivemq-platform] [hivemq-platform-operator] [81f17163] 
2025-01-29 13:41:44,136 INFO c.h.h.t.HelmChartContainer - [hivemq-test-hivemq-platform] [hivemq-platform-operator] [81f17163] 13:41:44.134 [main] DEBUG org.jboss.logging - Logging Provider: org.jboss.logging.Slf4jLoggerProvider
2025-01-29 13:41:44,237 INFO c.h.h.t.HelmChartContainer - [hivemq-test-hivemq-platform] [hivemq-platform-operator] [81f17163] 13:41:44.235 [main] DEBUG io.smallrye.config - SRCFG01006: Loaded ConfigSource SysPropConfigSource with ordinal 400
2025-01-29 13:41:44,237 INFO c.h.h.t.HelmChartContainer - [hivemq-test-hivemq-platform] [hivemq-platform-operator] [81f17163] 13:41:44.235 [main] DEBUG io.smallrye.config - SRCFG01006: Loaded ConfigSource EnvConfigSource with ordinal 300
2025-01-29 13:41:44,237 INFO c.h.h.t.HelmChartContainer - [hivemq-test-hivemq-platform] [hivemq-platform-operator] [81f17163] 13:41:44.235 [main] DEBUG io.smallrye.config - SRCFG01006: Loaded ConfigSource PropertiesConfigSource[source=jar:file:///opt/hivemq-platform-operator/bin/hivemq-platform-operator.jar!/hivemq-platform-operator.properties] with ordinal 100
2025-01-29 13:41:44,237 INFO c.h.h.t.HelmChartContainer - [hivemq-test-hivemq-platform] [hivemq-platform-operator] [81f17163] 13:41:44.236 [main] DEBUG io.smallrye.config - SRCFG01006: Loaded ConfigSource DefaultValuesConfigSource with ordinal -2147483648
2025-01-29 13:41:44,341 INFO c.h.h.t.HelmChartContainer - [hivemq-test-hivemq-platform] [hivemq-platform-operator] [81f17163] 13:41:44.339 [main] DEBUG i.m.c.u.i.l.InternalLoggerFactory - Using SLF4J as the default logging framework
2025-01-29 13:41:44,448 INFO c.h.h.t.HelmChartContainer - [hivemq-test-hivemq-platform] [hivemq-platform-operator] [81f17163] 13:41:44.440 [main] INFO  c.h.p.o.HiveMQPlatformOperatorApplication - HiveMQ Platform Operator 1.7.0-SNAPSHOT (commit: bebf408 on branch: HEAD) built on Sun Jan 26 20:47:47 UTC 2025
2025-01-29 13:41:44,449 INFO c.h.h.t.HelmChartContainer - [hivemq-test-hivemq-platform] [hivemq-platform-operator] [81f17163] 13:41:44.448 [main] INFO  c.h.p.o.HiveMQPlatformOperatorApplication - HiveMQ Platform Operator is running in namespace: helmmetricsserviceit-operator
2025-01-29 13:41:44,449 INFO c.h.h.t.HelmChartContainer - [hivemq-test-hivemq-platform] [hivemq-platform-operator] [81f17163] 13:41:44.448 [main] INFO  c.h.p.o.HiveMQPlatformOperatorApplication - Watching all namespaces
2025-01-29 13:41:44,449 INFO c.h.h.t.HelmChartContainer - [hivemq-test-hivemq-platform] [hivemq-platform-operator] [81f17163] 13:41:44.448 [main] INFO  c.h.p.o.HiveMQPlatformOperatorApplication - Log level: DEBUG
2025-01-29 13:41:44,449 INFO c.h.h.t.HelmChartContainer - [hivemq-test-hivemq-platform] [hivemq-platform-operator] [81f17163] 13:41:44.448 [main] INFO  c.h.p.o.HiveMQPlatformOperatorApplication - Release name: test-hivemq-platform-operator
2025-01-29 13:41:44,449 INFO c.h.h.t.HelmChartContainer - [hivemq-test-hivemq-platform] [hivemq-platform-operator] [81f17163] 13:41:44.448 [main] INFO  c.h.p.o.HiveMQPlatformOperatorApplication - HiveMQ Platform Operator Init image: docker.io/hivemq/hivemq-platform-operator-init-test:snapshot
2025-01-29 13:41:44,449 INFO c.h.h.t.HelmChartContainer - [hivemq-test-hivemq-platform] [hivemq-platform-operator] [81f17163] 13:41:44.448 [main] INFO  c.h.p.o.HiveMQPlatformOperatorApplication - HiveMQ Platform Operator Init App update URL: http://hivemq-platform-operator-test-hivemq-platform-operator.helmmetricsserviceit-operator.svc:8080/initAppUpdate/hivemq-platform-operator-init-app-1.7.0-SNAPSHOT.jar
2025-01-29 13:41:44,449 INFO c.h.h.t.HelmChartContainer - [hivemq-test-hivemq-platform] [hivemq-platform-operator] [81f17163] 13:41:44.448 [main] INFO  c.h.p.o.HiveMQPlatformOperatorApplication - Additional imagePullSecret for all Platform deployments: none
2025-01-29 13:41:44,449 INFO c.h.h.t.HelmChartContainer - [hivemq-test-hivemq-platform] [hivemq-platform-operator] [81f17163] 13:41:44.448 [main] INFO  c.h.p.o.HiveMQPlatformOperatorApplication - Apply HiveMQ Platform CRD: true
2025-01-29 13:41:44,449 INFO c.h.h.t.HelmChartContainer - [hivemq-test-hivemq-platform] [hivemq-platform-operator] [81f17163] 13:41:44.448 [main] INFO  c.h.p.o.HiveMQPlatformOperatorApplication - Create Platform ServiceAccount: true
2025-01-29 13:41:44,450 INFO c.h.h.t.HelmChartContainer - [hivemq-test-hivemq-platform] [hivemq-platform-operator] [81f17163] 13:41:44.448 [main] INFO  c.h.p.o.HiveMQPlatformOperatorApplication - Create Platform ServiceAccount permissions: true
2025-01-29 13:41:44,450 INFO c.h.h.t.HelmChartContainer - [hivemq-test-hivemq-platform] [hivemq-platform-operator] [81f17163] 13:41:44.448 [main] INFO  c.h.p.o.HiveMQPlatformOperatorApplication - Validate Platform ServiceAccount: true
2025-01-29 13:41:44,450 INFO c.h.h.t.HelmChartContainer - [hivemq-test-hivemq-platform] [hivemq-platform-operator] [81f17163] 13:41:44.448 [main] INFO  c.h.p.o.HiveMQPlatformOperatorApplication - Validate Platform ServiceAccount permissions: true
2025-01-29 13:41:44,545 INFO c.h.h.t.HelmChartContainer - [hivemq-test-hivemq-platform] [hivemq-platform-operator] [81f17163] 13:41:44.544 [main] INFO  c.h.platform.operator.util.CRDUtil - Verifying deployed HiveMQ Platform CRD...
2025-01-29 13:41:47,034 INFO c.h.h.t.HelmChartContainer - [hivemq-test-hivemq-platform] [hivemq-platform-operator] [81f17163] 13:41:47.033 [main] DEBUG c.h.platform.operator.util.CRDUtil - HiveMQ Platform CRD version v1 is up to date
2025-01-29 13:41:47,035 INFO c.h.h.t.HelmChartContainer - [hivemq-test-hivemq-platform] [hivemq-platform-operator] [81f17163] 13:41:47.033 [main] INFO  c.h.platform.operator.util.CRDUtil - HiveMQ Platform CRD is up to date (version: V1_6_0)
2025-01-29 13:41:47,035 INFO c.h.h.t.HelmChartContainer - [hivemq-test-hivemq-platform] [hivemq-platform-operator] [81f17163] 13:41:47.033 [main] INFO  c.h.platform.operator.util.CRDUtil - Waiting 10000 ms for HiveMQ Platform CRD 'hivemq-platforms.hivemq.com' to become ready...
2025-01-29 13:41:47,435 INFO c.h.h.t.HelmChartContainer - [hivemq-test-hivemq-platform] [hivemq-platform-operator] [81f17163] 13:41:47.433 [vert.x-eventloop-thread-1] DEBUG c.h.platform.operator.util.CRDUtil - Checking CRD condition 'NamesAccepted' (status: 'True')
2025-01-29 13:41:47,435 INFO c.h.h.t.HelmChartContainer - [hivemq-test-hivemq-platform] [hivemq-platform-operator] [81f17163] 13:41:47.433 [vert.x-eventloop-thread-1] DEBUG c.h.platform.operator.util.CRDUtil - Checking CRD condition 'Established' (status: 'True')
2025-01-29 13:41:47,436 INFO c.h.h.t.HelmChartContainer - [hivemq-test-hivemq-platform] [hivemq-platform-operator] [81f17163] 13:41:47.434 [main] INFO  c.h.platform.operator.util.CRDUtil - HiveMQ Platform CRD 'hivemq-platforms.hivemq.com' is ready
2025-01-29 13:41:47,548 INFO c.h.h.t.HelmChartContainer - [hivemq-test-hivemq-platform] [hivemq-platform-operator] [81f17163] 13:41:47.547 [main] INFO  c.h.p.o.HiveMQPlatformReconciler - HiveMQ Platform Operator is starting...
2025-01-29 13:41:47,646 INFO c.h.h.t.HelmChartContainer - [hivemq-test-hivemq-platform] [hivemq-platform-operator] [81f17163] 13:41:47.645 [main] WARN  Default ConfigurationService implementation - Configuration for reconciler 'hivemq-controller' was not found. Known reconcilers: None.
2025-01-29 13:41:47,722 INFO c.h.h.t.HelmChartContainer - [hivemq-test-hivemq-platform] [hivemq-platform-operator] [81f17163] 13:41:47.720 [main] INFO  Default ConfigurationService implementation - Created configuration for reconciler com.hivemq.platform.operator.HiveMQPlatformReconciler with name hivemq-controller
2025-01-29 13:41:47,754 INFO c.h.h.t.HelmChartContainer - [hivemq-test-hivemq-platform] [hivemq-platform-operator] [81f17163] 13:41:47.753 [main] DEBUG c.h.p.o.HiveMQPlatformReconciler - HiveMQ Platform Operator is preparing EventSources
2025-01-29 13:41:47,841 INFO c.h.h.t.HelmChartContainer - [hivemq-test-hivemq-platform] [hivemq-platform-operator] [81f17163] 13:41:47.839 [main] INFO  i.javaoperatorsdk.operator.Operator - Registered reconciler: 'hivemq-controller' for resource: 'class com.hivemq.platform.operator.v1.HiveMQPlatform' for namespace(s): [all namespaces]
2025-01-29 13:41:48,438 INFO c.h.h.t.HelmChartContainer - [hivemq-test-hivemq-platform] [hivemq-platform-operator] [81f17163] 13:41:48.436 [main] INFO  c.h.p.operator.webserver.JettyServer - Starting Jetty server on port 8080
2025-01-29 13:41:48,533 INFO c.h.h.t.HelmChartContainer - [hivemq-test-hivemq-platform] [hivemq-platform-operator] [81f17163] 13:41:48.532 [main] INFO  i.javaoperatorsdk.operator.Operator - Operator SDK 4.9.7 (commit: 2133d28) built on Wed Nov 20 12:56:20 UTC 2024 starting...
2025-01-29 13:41:48,533 INFO c.h.h.t.HelmChartContainer - [hivemq-test-hivemq-platform] [hivemq-platform-operator] [81f17163] 13:41:48.532 [main] INFO  i.javaoperatorsdk.operator.Operator - Client version: 6.13.4
2025-01-29 13:41:48,534 INFO c.h.h.t.HelmChartContainer - [hivemq-test-hivemq-platform] [hivemq-platform-operator] [81f17163] 13:41:48.534 [Controller Starter for: hivemq-controller] INFO  i.j.operator.processing.Controller - Starting 'hivemq-controller' controller for reconciler: com.hivemq.platform.operator.HiveMQPlatformReconciler, resource: com.hivemq.platform.operator.v1.HiveMQPlatform
2025-01-29 13:41:51,033 INFO c.h.h.t.HelmChartContainer - [hivemq-test-hivemq-platform] [hivemq-platform-operator] [81f17163] 13:41:51.032 [Controller Starter for: hivemq-controller] INFO  i.j.operator.processing.Controller - 'hivemq-controller' controller started
2025-01-29 13:41:51,034 INFO c.h.h.t.HelmChartContainer - [hivemq-test-hivemq-platform] [hivemq-platform-operator] [81f17163] 13:41:51.032 [main] INFO  c.h.p.o.HiveMQPlatformOperatorApplication - HiveMQ Platform Operator 1.7.0-SNAPSHOT started in 6591 ms
2025-01-29 13:41:52,652 INFO c.h.h.t.HelmChartContainer - [POD] hivemq-test-hivemq-platform-operator-6966f96d65-2r25g [81f17163-5fcd-4133-aff3-65836aec406c] in helmmetricsserviceit-operator was MODIFIED
2025-01-29 13:41:52,656 INFO c.h.h.t.HelmChartContainer - [K3S] [replica_set.go:679] "Finished syncing" kind="ReplicaSet" key="helmmetricsserviceit-operator/hivemq-test-hivemq-platform-operator-6966f96d65" duration="7.130432ms"
2025-01-29 13:41:52,656 INFO c.h.h.t.HelmChartContainer - [K3S] [replica_set.go:679] "Finished syncing" kind="ReplicaSet" key="helmmetricsserviceit-operator/hivemq-test-hivemq-platform-operator-6966f96d65" duration="69.781µs"
2025-01-29 13:41:53,178 DEBUG c.h.h.t.HelmChartContainer - Executing helm command: /bin/helm --kubeconfig /etc/rancher/k3s/k3s.yaml install test-hivemq-platform /charts/hivemq-platform --wait --timeout 5m0s --set image.repository=docker.io/hivemq --set image.tag=4.36.0 --set image.pullPolicy=Never --set nodes.resources.cpu=512m -f /files/custom-service-names-values.yaml --namespace helmmetricsserviceit
2025-01-29 13:41:53,541 INFO c.h.h.t.HelmChartContainer - [hivemq-test-hivemq-platform] [hivemq-platform-operator] [81f17163] 13:41:53.539 [-373097727-pool-1-thread-5] WARN  i.m.p.PrometheusMeterRegistry - The meter (MeterId{name='operator.sdk.events.received', tags=[tag(action=ADDED),tag(event=ResourceEvent),tag(group=hivemq.com),tag(kind=HiveMQPlatform),tag(name=test-hivemq-platform),tag(namespace=helmmetricsserviceit),tag(scope=namespace),tag(version=v1)]}) registration has failed: Prometheus requires that all meters with the same name have the same set of tag keys. There is already an existing meter named 'operator.sdk.events.received' containing tag keys [event, group, kind, name, namespace, scope, version]. The meter you are attempting to register has keys [action, event, group, kind, name, namespace, scope, version]. Note that subsequent logs will be logged at debug level.
2025-01-29 13:41:54,042 INFO c.h.h.t.HelmChartContainer - [hivemq-test-hivemq-platform] [hivemq-platform-operator] [81f17163] 13:41:54.038 [pool-6-thread-3] DEBUG c.h.p.o.dependants.PodInfoConfigMap - [helmmetr] Desired PodInfo ConfigMap (1 extensions) (1 enabled)
2025-01-29 13:41:54,043 INFO c.h.h.t.HelmChartContainer - [hivemq-test-hivemq-platform] [hivemq-platform-operator] [81f17163] 13:41:54.038 [pool-6-thread-3] DEBUG c.h.p.o.dependants.PodInfoConfigMap - [helmmetr] Desired PodInfo ConfigMap (metrics port: 9399) (metrics path: /)
2025-01-29 13:41:54,043 INFO c.h.h.t.HelmChartContainer - [hivemq-test-hivemq-platform] [hivemq-platform-operator] [81f17163] 13:41:54.038 [pool-6-thread-3] DEBUG c.h.p.o.dependants.PodInfoConfigMap - [helmmetr] Desired PodInfo ConfigMap (extension state hash: -1817474005)
2025-01-29 13:41:54,043 INFO c.h.h.t.HelmChartContainer - [hivemq-test-hivemq-platform] [hivemq-platform-operator] [81f17163] 13:41:54.041 [pool-6-thread-3] DEBUG c.h.p.o.dependants.PodInfoConfigMap - [helmmetr] Create PodInfo ConfigMap
2025-01-29 13:41:54,143 INFO c.h.h.t.HelmChartContainer - [hivemq-test-hivemq-platform] [hivemq-platform-operator] [81f17163] 13:41:54.142 [pool-6-thread-5] DEBUG c.h.p.o.dependants.PodRoleResource - [helmmetr] Create Role: Role(apiVersion=rbac.authorization.k8s.io/v1, kind=Role, metadata=ObjectMeta(annotations={meta.helm.sh/release-name=test-hivemq-platform, meta.helm.sh/release-namespace=helmmetricsserviceit}, creationTimestamp=null, deletionGracePeriodSeconds=null, deletionTimestamp=null, finalizers=[], generateName=null, generation=null, labels={helm.sh/chart=hivemq-platform-0.2.32, app.kubernetes.io/managed-by=Helm, app.kubernetes.io/name=hivemq-platform, hivemq-platform=test-hivemq-platform, app.kubernetes.io/instance=test-hivemq-platform, app.kubernetes.io/version=4.36.0}, managedFields=[], name=hivemq-platform-role-test-hivemq-platform, namespace=helmmetricsserviceit, ownerReferences=[OwnerReference(apiVersion=hivemq.com/v1, blockOwnerDeletion=null, controller=null, kind=HiveMQPlatform, name=test-hivemq-platform, uid=f7e85683-1060-4f8b-b8d6-6ab2795ff7d8, additionalProperties={})], resourceVersion=null, selfLink=null, uid=null, additionalProperties={}), rules=[PolicyRule(apiGroups=[], nonResourceURLs=[], resourceNames=[], resources=[pods], verbs=[get, patch, update], additionalProperties={})], additionalProperties={})
2025-01-29 13:41:54,344 INFO c.h.h.t.HelmChartContainer - [hivemq-test-hivemq-platform] [hivemq-platform-operator] [81f17163] 13:41:54.340 [pool-6-thread-7] DEBUG c.h.p.o.d.PodServiceAccountResource - [helmmetr] Desired PodServiceAccountResource (serviceAccountName: hivemq-platform-pod-test-hivemq-platform)
2025-01-29 13:41:54,344 INFO c.h.h.t.HelmChartContainer - [hivemq-test-hivemq-platform] [hivemq-platform-operator] [81f17163] 13:41:54.341 [pool-6-thread-7] DEBUG c.h.p.o.d.PodServiceAccountResource - [helmmetr] Create ServiceAccount 'hivemq-platform-pod-test-hivemq-platform'
2025-01-29 13:41:54,533 INFO c.h.h.t.HelmChartContainer - [hivemq-test-hivemq-platform] [hivemq-platform-operator] [81f17163] 13:41:54.532 [pool-6-thread-10] DEBUG c.h.p.o.d.PodRoleBindingResource - [helmmetr] Create RoleBinding: RoleBinding(apiVersion=rbac.authorization.k8s.io/v1, kind=RoleBinding, metadata=ObjectMeta(annotations={meta.helm.sh/release-name=test-hivemq-platform, meta.helm.sh/release-namespace=helmmetricsserviceit}, creationTimestamp=null, deletionGracePeriodSeconds=null, deletionTimestamp=null, finalizers=[], generateName=null, generation=null, labels={helm.sh/chart=hivemq-platform-0.2.32, app.kubernetes.io/managed-by=Helm, app.kubernetes.io/name=hivemq-platform, hivemq-platform=test-hivemq-platform, app.kubernetes.io/instance=test-hivemq-platform, app.kubernetes.io/version=4.36.0}, managedFields=[], name=hivemq-platform-role-binding-test-hivemq-platform, namespace=helmmetricsserviceit, ownerReferences=[OwnerReference(apiVersion=hivemq.com/v1, blockOwnerDeletion=null, controller=null, kind=HiveMQPlatform, name=test-hivemq-platform, uid=f7e85683-1060-4f8b-b8d6-6ab2795ff7d8, additionalProperties={})], resourceVersion=null, selfLink=null, uid=null, additionalProperties={}), roleRef=RoleRef(apiGroup=rbac.authorization.k8s.io, kind=Role, name=hivemq-platform-role-test-hivemq-platform, additionalProperties={}), subjects=[Subject(apiGroup=null, kind=ServiceAccount, name=hivemq-platform-pod-test-hivemq-platform, namespace=helmmetricsserviceit, additionalProperties={})], additionalProperties={})
2025-01-29 13:41:54,632 INFO c.h.h.t.HelmChartContainer - [hivemq-test-hivemq-platform] [hivemq-platform-operator] [81f17163] 13:41:54.631 [ReconcilerExecutor-hivemq-controller-54] INFO  c.h.p.o.HiveMQPlatformReconciler - [helmmetr] Reconciling HiveMQ Platform 'test-hivemq-platform' in namespace 'helmmetricsserviceit'
2025-01-29 13:41:54,633 INFO c.h.h.t.HelmChartContainer - [hivemq-test-hivemq-platform] [hivemq-platform-operator] [81f17163] 13:41:54.631 [ReconcilerExecutor-hivemq-controller-54] DEBUG c.h.p.o.HiveMQPlatformReconciler - [helmmetr] Custom Resource Status CREATED - HiveMQ Platform was created (READY)
2025-01-29 13:41:54,633 INFO c.h.h.t.HelmChartContainer - [hivemq-test-hivemq-platform] [hivemq-platform-operator] [81f17163] 13:41:54.631 [ReconcilerExecutor-hivemq-controller-54] DEBUG c.h.p.o.HiveMQPlatformReconciler - [helmmetr] Custom Resource Spec (replicas: 1) (extensions: 1)
2025-01-29 13:41:54,637 INFO c.h.h.t.HelmChartContainer - [hivemq-test-hivemq-platform] [hivemq-platform-operator] [81f17163] 13:41:54.636 [ReconcilerExecutor-hivemq-controller-54] INFO  c.h.p.o.h.HiveMQPlatformReconcilerBaseHandler - [helmmetr] HiveMQ Platform is starting
2025-01-29 13:41:54,746 INFO c.h.h.t.HelmChartContainer - [hivemq-test-hivemq-platform] [hivemq-platform-operator] [81f17163] 13:41:54.745 [ReconcilerExecutor-hivemq-controller-54] DEBUG c.h.p.operator.event.EventSender - [helmmetr] Creating K8s event hivemq-platform-starting: [Start] HiveMQ Platform is starting
2025-01-29 13:41:54,755 INFO c.h.h.t.HelmChartContainer - [EVENT] Normal [Start] HiveMQ Platform is starting [helmmetricsserviceit:test-hivemq-platform]
2025-01-29 13:41:54,835 INFO c.h.h.t.HelmChartContainer - [hivemq-test-hivemq-platform] [hivemq-platform-operator] [81f17163] 13:41:54.834 [ReconcilerExecutor-hivemq-controller-54] INFO  c.h.p.o.h.AbstractHiveMQReconcilerStateHandler - [helmmetr] Update HiveMQ Platform Status (CREATED [READY] -> STARTING [READY]): HiveMQ Platform is starting
2025-01-29 13:41:54,850 DEBUG com.hivemq.helmcharts.util.K8sUtil - Comparing actual state 'STARTING' and waiting for 'RUNNING'
2025-01-29 13:42:04,941 INFO c.h.h.t.HelmChartContainer - [hivemq-test-hivemq-platform] [hivemq-platform-operator] [81f17163] 13:42:04.937 [pool-6-thread-12] DEBUG c.h.p.o.d.PlatformServiceResource - [helmmetr] Desired Platform services (4 services)
2025-01-29 13:42:04,941 INFO c.h.h.t.HelmChartContainer - [hivemq-test-hivemq-platform] [hivemq-platform-operator] [81f17163] 13:42:04.940 [pool-6-thread-13] DEBUG c.h.p.o.dependants.PodInfoConfigMap - [helmmetr] Desired PodInfo ConfigMap (1 extensions) (1 enabled)
2025-01-29 13:42:04,941 INFO c.h.h.t.HelmChartContainer - [hivemq-test-hivemq-platform] [hivemq-platform-operator] [81f17163] 13:42:04.940 [pool-6-thread-13] DEBUG c.h.p.o.dependants.PodInfoConfigMap - [helmmetr] Desired PodInfo ConfigMap (metrics port: 9399) (metrics path: /)
2025-01-29 13:42:04,941 INFO c.h.h.t.HelmChartContainer - [hivemq-test-hivemq-platform] [hivemq-platform-operator] [81f17163] 13:42:04.940 [pool-6-thread-13] DEBUG c.h.p.o.dependants.PodInfoConfigMap - [helmmetr] Desired PodInfo ConfigMap (extension state hash: -1817474005)
2025-01-29 13:42:04,944 INFO c.h.h.t.HelmChartContainer - [hivemq-test-hivemq-platform] [hivemq-platform-operator] [81f17163] 13:42:04.943 [pool-6-thread-17] DEBUG c.h.p.o.d.PodServiceAccountResource - [helmmetr] Desired PodServiceAccountResource (serviceAccountName: hivemq-platform-pod-test-hivemq-platform)
2025-01-29 13:42:05,034 INFO c.h.h.t.HelmChartContainer - [hivemq-test-hivemq-platform] [hivemq-platform-operator] [81f17163] 13:42:05.032 [pool-6-thread-13] DEBUG c.h.p.o.dependants.PodInfoConfigMap - [helmmetr] Update PodInfo ConfigMap
2025-01-29 13:42:05,047 INFO c.h.h.t.HelmChartContainer - [K3S] [alloc.go:330] "allocated clusterIPs" service="helmmetricsserviceit/mqtt-service" clusterIPs={"IPv4":"10.43.56.83"}
2025-01-29 13:42:05,143 INFO c.h.h.t.HelmChartContainer - [K3S] [alloc.go:330] "allocated clusterIPs" service="helmmetricsserviceit/control-center-service" clusterIPs={"IPv4":"10.43.91.146"}
2025-01-29 13:42:05,239 INFO c.h.h.t.HelmChartContainer - [K3S] [alloc.go:330] "allocated clusterIPs" service="helmmetricsserviceit/rest-api-service" clusterIPs={"IPv4":"10.43.28.241"}
2025-01-29 13:42:05,251 INFO c.h.h.t.HelmChartContainer - [K3S] [alloc.go:330] "allocated clusterIPs" service="helmmetricsserviceit/metrics-service" clusterIPs={"IPv4":"10.43.57.126"}
2025-01-29 13:42:05,334 INFO c.h.h.t.HelmChartContainer - [hivemq-test-hivemq-platform] [hivemq-platform-operator] [81f17163] 13:42:05.331 [pool-6-thread-20] DEBUG c.h.p.o.d.StatefulSetResource - [helmmetr] Desired StatefulSet (1 replicas) for status STARTING (READY)
2025-01-29 13:42:05,344 INFO c.h.h.t.HelmChartContainer - [hivemq-test-hivemq-platform] [hivemq-platform-operator] [81f17163] 13:42:05.343 [pool-6-thread-20] DEBUG c.h.p.o.d.StatefulSetResource - [helmmetr] Create StatefulSet
2025-01-29 13:42:05,449 INFO c.h.h.t.HelmChartContainer - [hivemq-test-hivemq-platform] [hivemq-platform-operator] [81f17163] 13:42:05.445 [ReconcilerExecutor-hivemq-controller-65] INFO  c.h.p.o.HiveMQPlatformReconciler - [helmmetr] Reconciling HiveMQ Platform 'test-hivemq-platform' in namespace 'helmmetricsserviceit'
2025-01-29 13:42:05,449 INFO c.h.h.t.HelmChartContainer - [hivemq-test-hivemq-platform] [hivemq-platform-operator] [81f17163] 13:42:05.446 [ReconcilerExecutor-hivemq-controller-65] DEBUG c.h.p.o.HiveMQPlatformReconciler - [helmmetr] Custom Resource Status STARTING - HiveMQ Platform is starting (READY)
2025-01-29 13:42:05,449 INFO c.h.h.t.HelmChartContainer - [hivemq-test-hivemq-platform] [hivemq-platform-operator] [81f17163] 13:42:05.446 [ReconcilerExecutor-hivemq-controller-65] DEBUG c.h.p.o.HiveMQPlatformReconciler - [helmmetr] Custom Resource Spec (replicas: 1) (extensions: 1)
2025-01-29 13:42:05,456 INFO c.h.h.t.HelmChartContainer - [hivemq-test-hivemq-platform] [hivemq-platform-operator] [81f17163] 13:42:05.455 [ReconcilerExecutor-hivemq-controller-65] DEBUG c.h.p.o.HiveMQPlatformReconciler - [helmmetr] StatefulSet Status (revision: null, replicas: 0, available: 0, ready: 0, current: 0, updated: 0)
2025-01-29 13:42:05,456 INFO c.h.h.t.HelmChartContainer - [hivemq-test-hivemq-platform] [hivemq-platform-operator] [81f17163] 13:42:05.455 [ReconcilerExecutor-hivemq-controller-65] DEBUG c.h.p.o.HiveMQPlatformReconciler - [helmmetr] StatefulSet Spec (replicas: 1, init containers: 1, containers: 1, volumes: 3)
2025-01-29 13:42:05,467 INFO c.h.h.t.HelmChartContainer - [POD] test-hivemq-platform-0 [53c343ef-9ca4-41b3-8c84-e8cd812fc944] in helmmetricsserviceit was ADDED
2025-01-29 13:42:05,471 INFO c.h.h.t.HelmChartContainer - [EVENT] Normal [SuccessfulCreate] create Pod test-hivemq-platform-0 in StatefulSet test-hivemq-platform successful [helmmetricsserviceit:test-hivemq-platform]
2025-01-29 13:42:05,473 INFO c.h.h.t.HelmChartContainer - [POD] test-hivemq-platform-0 [53c343ef-9ca4-41b3-8c84-e8cd812fc944] in helmmetricsserviceit was MODIFIED
2025-01-29 13:42:05,476 INFO c.h.h.t.HelmChartContainer - [EVENT] Normal [Scheduled] Successfully assigned helmmetricsserviceit/test-hivemq-platform-0 to 2553df930ab9 [helmmetricsserviceit:test-hivemq-platform-0]
2025-01-29 13:42:05,482 INFO c.h.h.t.HelmChartContainer - [K3S] [cadvisor_stats_provider.go:522] "Partial failure issuing cadvisor.ContainerInfoV2" err="partial failures: [\"/kubepods/pod53c343ef-9ca4-41b3-8c84-e8cd812fc944\": RecentStats: unable to find data in memory cache]"
2025-01-29 13:42:05,487 INFO c.h.h.t.HelmChartContainer - [POD] test-hivemq-platform-0 [53c343ef-9ca4-41b3-8c84-e8cd812fc944] in helmmetricsserviceit was MODIFIED
2025-01-29 13:42:05,534 INFO c.h.h.t.HelmChartContainer - [hivemq-test-hivemq-platform] [hivemq-platform-operator] [81f17163] 13:42:05.533 [ReconcilerExecutor-hivemq-controller-65] INFO  c.h.p.o.h.HiveMQPlatformReconcilerBaseHandler - [helmmetr] HiveMQ Platform is starting, 0 of 1 replicas are ready
2025-01-29 13:42:05,540 INFO c.h.h.t.HelmChartContainer - [hivemq-test-hivemq-platform] [hivemq-platform-operator] [81f17163] 13:42:05.539 [pool-6-thread-22] DEBUG c.h.p.o.d.PlatformServiceResource - [helmmetr] Desired Platform services (4 services)
2025-01-29 13:42:05,545 INFO c.h.h.t.HelmChartContainer - [hivemq-test-hivemq-platform] [hivemq-platform-operator] [81f17163] 13:42:05.543 [pool-6-thread-23] DEBUG c.h.p.o.dependants.PodInfoConfigMap - [helmmetr] Desired PodInfo ConfigMap (1 extensions) (1 enabled)
2025-01-29 13:42:05,545 INFO c.h.h.t.HelmChartContainer - [hivemq-test-hivemq-platform] [hivemq-platform-operator] [81f17163] 13:42:05.543 [pool-6-thread-23] DEBUG c.h.p.o.dependants.PodInfoConfigMap - [helmmetr] Desired PodInfo ConfigMap (metrics port: 9399) (metrics path: /)
2025-01-29 13:42:05,545 INFO c.h.h.t.HelmChartContainer - [hivemq-test-hivemq-platform] [hivemq-platform-operator] [81f17163] 13:42:05.543 [pool-6-thread-23] DEBUG c.h.p.o.dependants.PodInfoConfigMap - [helmmetr] Desired PodInfo ConfigMap (extension state hash: -1817474005)
2025-01-29 13:42:05,560 INFO c.h.h.t.HelmChartContainer - [K3S] [reconciler_common.go:251] "operationExecutor.VerifyControllerAttachedVolume started for volume \"pod-info\" (UniqueName: \"kubernetes.io/configmap/53c343ef-9ca4-41b3-8c84-e8cd812fc944-pod-info\") pod \"test-hivemq-platform-0\" (UID: \"53c343ef-9ca4-41b3-8c84-e8cd812fc944\") " pod="helmmetricsserviceit/test-hivemq-platform-0"
2025-01-29 13:42:05,560 INFO c.h.h.t.HelmChartContainer - [K3S] [reconciler_common.go:251] "operationExecutor.VerifyControllerAttachedVolume started for volume \"broker-configuration\" (UniqueName: \"kubernetes.io/configmap/53c343ef-9ca4-41b3-8c84-e8cd812fc944-broker-configuration\") pod \"test-hivemq-platform-0\" (UID: \"53c343ef-9ca4-41b3-8c84-e8cd812fc944\") " pod="helmmetricsserviceit/test-hivemq-platform-0"
2025-01-29 13:42:05,560 INFO c.h.h.t.HelmChartContainer - [K3S] [reconciler_common.go:251] "operationExecutor.VerifyControllerAttachedVolume started for volume \"operator-init\" (UniqueName: \"kubernetes.io/empty-dir/53c343ef-9ca4-41b3-8c84-e8cd812fc944-operator-init\") pod \"test-hivemq-platform-0\" (UID: \"53c343ef-9ca4-41b3-8c84-e8cd812fc944\") " pod="helmmetricsserviceit/test-hivemq-platform-0"
2025-01-29 13:42:05,560 INFO c.h.h.t.HelmChartContainer - [K3S] [reconciler_common.go:251] "operationExecutor.VerifyControllerAttachedVolume started for volume \"kube-api-access-pxwzb\" (UniqueName: \"kubernetes.io/projected/53c343ef-9ca4-41b3-8c84-e8cd812fc944-kube-api-access-pxwzb\") pod \"test-hivemq-platform-0\" (UID: \"53c343ef-9ca4-41b3-8c84-e8cd812fc944\") " pod="helmmetricsserviceit/test-hivemq-platform-0"
2025-01-29 13:42:05,634 INFO c.h.h.t.HelmChartContainer - [hivemq-test-hivemq-platform] [hivemq-platform-operator] [81f17163] 13:42:05.633 [pool-6-thread-27] DEBUG c.h.p.o.d.PodServiceAccountResource - [helmmetr] Desired PodServiceAccountResource (serviceAccountName: hivemq-platform-pod-test-hivemq-platform)
2025-01-29 13:42:05,732 INFO c.h.h.t.HelmChartContainer - [hivemq-test-hivemq-platform] [hivemq-platform-operator] [81f17163] 13:42:05.731 [pool-6-thread-30] DEBUG c.h.p.o.d.StatefulSetResource - [helmmetr] Desired StatefulSet (1 replicas) for status STARTING (READY)
2025-01-29 13:42:05,741 INFO c.h.h.t.HelmChartContainer - [hivemq-test-hivemq-platform] [hivemq-platform-operator] [81f17163] 13:42:05.740 [ReconcilerExecutor-hivemq-controller-76] INFO  c.h.p.o.HiveMQPlatformReconciler - [helmmetr] Reconciling HiveMQ Platform 'test-hivemq-platform' in namespace 'helmmetricsserviceit'
2025-01-29 13:42:05,741 INFO c.h.h.t.HelmChartContainer - [hivemq-test-hivemq-platform] [hivemq-platform-operator] [81f17163] 13:42:05.740 [ReconcilerExecutor-hivemq-controller-76] DEBUG c.h.p.o.HiveMQPlatformReconciler - [helmmetr] Custom Resource Status STARTING - HiveMQ Platform is starting (READY)
2025-01-29 13:42:05,743 INFO c.h.h.t.HelmChartContainer - [hivemq-test-hivemq-platform] [hivemq-platform-operator] [81f17163] 13:42:05.740 [ReconcilerExecutor-hivemq-controller-76] DEBUG c.h.p.o.HiveMQPlatformReconciler - [helmmetr] Custom Resource Spec (replicas: 1) (extensions: 1)
2025-01-29 13:42:05,745 INFO c.h.h.t.HelmChartContainer - [hivemq-test-hivemq-platform] [hivemq-platform-operator] [81f17163] 13:42:05.745 [ReconcilerExecutor-hivemq-controller-76] DEBUG c.h.p.o.HiveMQPlatformReconciler - [helmmetr] StatefulSet Status (revision: test-hivemq-platform-69f859d85d, replicas: 1, available: 0, ready: 0, current: 1, updated: 1)
2025-01-29 13:42:05,746 INFO c.h.h.t.HelmChartContainer - [hivemq-test-hivemq-platform] [hivemq-platform-operator] [81f17163] 13:42:05.745 [ReconcilerExecutor-hivemq-controller-76] DEBUG c.h.p.o.HiveMQPlatformReconciler - [helmmetr] StatefulSet Spec (replicas: 1, init containers: 1, containers: 1, volumes: 3)
2025-01-29 13:42:05,844 INFO c.h.h.t.HelmChartContainer - [hivemq-test-hivemq-platform] [hivemq-platform-operator] [81f17163] 13:42:05.843 [ReconcilerExecutor-hivemq-controller-76] DEBUG c.h.p.o.h.HiveMQPlatformReconcilerErrorHandler - [helmmetr] Pod 'test-hivemq-platform-0' phase Pending
2025-01-29 13:42:05,848 INFO c.h.h.t.HelmChartContainer - [hivemq-test-hivemq-platform] [hivemq-platform-operator] [81f17163] 13:42:05.845 [ReconcilerExecutor-hivemq-controller-76] DEBUG c.h.p.o.h.HiveMQPlatformReconcilerErrorHandler - [helmmetr] Pod 'test-hivemq-platform-0' condition 'PodReadyToStartContainers': False
2025-01-29 13:42:05,848 INFO c.h.h.t.HelmChartContainer - [hivemq-test-hivemq-platform] [hivemq-platform-operator] [81f17163] 13:42:05.845 [ReconcilerExecutor-hivemq-controller-76] DEBUG c.h.p.o.h.HiveMQPlatformReconcilerErrorHandler - [helmmetr] Pod 'test-hivemq-platform-0' condition 'Initialized': False
2025-01-29 13:42:05,848 INFO c.h.h.t.HelmChartContainer - [hivemq-test-hivemq-platform] [hivemq-platform-operator] [81f17163] 13:42:05.846 [ReconcilerExecutor-hivemq-controller-76] DEBUG c.h.p.o.h.HiveMQPlatformReconcilerErrorHandler - [helmmetr] Pod 'test-hivemq-platform-0' condition 'Ready': False
2025-01-29 13:42:05,848 INFO c.h.h.t.HelmChartContainer - [hivemq-test-hivemq-platform] [hivemq-platform-operator] [81f17163] 13:42:05.846 [ReconcilerExecutor-hivemq-controller-76] DEBUG c.h.p.o.h.HiveMQPlatformReconcilerErrorHandler - [helmmetr] Pod 'test-hivemq-platform-0' condition 'ContainersReady': False
2025-01-29 13:42:05,848 INFO c.h.h.t.HelmChartContainer - [hivemq-test-hivemq-platform] [hivemq-platform-operator] [81f17163] 13:42:05.846 [ReconcilerExecutor-hivemq-controller-76] DEBUG c.h.p.o.h.HiveMQPlatformReconcilerErrorHandler - [helmmetr] Pod 'test-hivemq-platform-0' condition 'PodScheduled': True
2025-01-29 13:42:05,848 INFO c.h.h.t.HelmChartContainer - [hivemq-test-hivemq-platform] [hivemq-platform-operator] [81f17163] 13:42:05.846 [ReconcilerExecutor-hivemq-controller-76] DEBUG c.h.p.o.h.HiveMQPlatformReconcilerErrorHandler - [helmmetr] Pod 'test-hivemq-platform-0' containerStatus 'hivemq' (started: false) (ready: false) (waiting: [PodInitializing] null)
2025-01-29 13:42:05,851 INFO c.h.h.t.HelmChartContainer - [hivemq-test-hivemq-platform] [hivemq-platform-operator] [81f17163] 13:42:05.848 [ReconcilerExecutor-hivemq-controller-76] INFO  c.h.p.o.h.HiveMQPlatformReconcilerBaseHandler - [helmmetr] HiveMQ Platform is starting, 0 of 1 replicas are ready
2025-01-29 13:42:05,871 INFO c.h.h.t.HelmChartContainer - [EVENT] Normal [Pulled] Container image "docker.io/hivemq/hivemq-platform-operator-init-test:snapshot" already present on machine [helmmetricsserviceit:test-hivemq-platform-0]
2025-01-29 13:42:05,951 INFO c.h.h.t.HelmChartContainer - [hivemq-test-hivemq-platform] [hivemq-platform-operator] [81f17163] 13:42:05.942 [pool-6-thread-32] DEBUG c.h.p.o.d.PlatformServiceResource - [helmmetr] Desired Platform services (4 services)
2025-01-29 13:42:05,953 INFO c.h.h.t.HelmChartContainer - [hivemq-test-hivemq-platform] [hivemq-platform-operator] [81f17163] 13:42:05.945 [pool-6-thread-33] DEBUG c.h.p.o.dependants.PodInfoConfigMap - [helmmetr] Desired PodInfo ConfigMap (1 extensions) (1 enabled)
2025-01-29 13:42:05,953 INFO c.h.h.t.HelmChartContainer - [hivemq-test-hivemq-platform] [hivemq-platform-operator] [81f17163] 13:42:05.946 [pool-6-thread-33] DEBUG c.h.p.o.dependants.PodInfoConfigMap - [helmmetr] Desired PodInfo ConfigMap (metrics port: 9399) (metrics path: /)
2025-01-29 13:42:05,953 INFO c.h.h.t.HelmChartContainer - [hivemq-test-hivemq-platform] [hivemq-platform-operator] [81f17163] 13:42:05.948 [pool-6-thread-33] DEBUG c.h.p.o.dependants.PodInfoConfigMap - [helmmetr] Desired PodInfo ConfigMap (extension state hash: -1817474005)
2025-01-29 13:42:05,953 INFO c.h.h.t.HelmChartContainer - [hivemq-test-hivemq-platform] [hivemq-platform-operator] [81f17163] 13:42:05.947 [pool-6-thread-37] DEBUG c.h.p.o.d.PodServiceAccountResource - [helmmetr] Desired PodServiceAccountResource (serviceAccountName: hivemq-platform-pod-test-hivemq-platform)
2025-01-29 13:42:06,010 INFO c.h.h.t.HelmChartContainer - [EVENT] Normal [Created] Created container: hivemq-platform-operator-init [helmmetricsserviceit:test-hivemq-platform-0]
2025-01-29 13:42:06,035 INFO c.h.h.t.HelmChartContainer - [hivemq-test-hivemq-platform] [hivemq-platform-operator] [81f17163] 13:42:06.034 [pool-6-thread-40] DEBUG c.h.p.o.d.StatefulSetResource - [helmmetr] Desired StatefulSet (1 replicas) for status STARTING (READY)
2025-01-29 13:42:06,047 INFO c.h.h.t.HelmChartContainer - [hivemq-test-hivemq-platform] [hivemq-platform-operator] [81f17163] 13:42:06.045 [ReconcilerExecutor-hivemq-controller-87] INFO  c.h.p.o.HiveMQPlatformReconciler - [helmmetr] Reconciling HiveMQ Platform 'test-hivemq-platform' in namespace 'helmmetricsserviceit'
2025-01-29 13:42:06,049 INFO c.h.h.t.HelmChartContainer - [hivemq-test-hivemq-platform] [hivemq-platform-operator] [81f17163] 13:42:06.046 [ReconcilerExecutor-hivemq-controller-87] DEBUG c.h.p.o.HiveMQPlatformReconciler - [helmmetr] Custom Resource Status STARTING - HiveMQ Platform is starting (READY)
2025-01-29 13:42:06,049 INFO c.h.h.t.HelmChartContainer - [hivemq-test-hivemq-platform] [hivemq-platform-operator] [81f17163] 13:42:06.046 [ReconcilerExecutor-hivemq-controller-87] DEBUG c.h.p.o.HiveMQPlatformReconciler - [helmmetr] Custom Resource Spec (replicas: 1) (extensions: 1)
2025-01-29 13:42:06,056 INFO c.h.h.t.HelmChartContainer - [EVENT] Normal [Started] Started container hivemq-platform-operator-init [helmmetricsserviceit:test-hivemq-platform-0]
2025-01-29 13:42:06,058 INFO c.h.h.t.HelmChartContainer - [hivemq-test-hivemq-platform] [hivemq-platform-operator] [81f17163] 13:42:06.056 [ReconcilerExecutor-hivemq-controller-87] DEBUG c.h.p.o.HiveMQPlatformReconciler - [helmmetr] StatefulSet Status (revision: test-hivemq-platform-69f859d85d, replicas: 1, available: 0, ready: 0, current: 1, updated: 1)
2025-01-29 13:42:06,058 INFO c.h.h.t.HelmChartContainer - [hivemq-test-hivemq-platform] [hivemq-platform-operator] [81f17163] 13:42:06.056 [ReconcilerExecutor-hivemq-controller-87] DEBUG c.h.p.o.HiveMQPlatformReconciler - [helmmetr] StatefulSet Spec (replicas: 1, init containers: 1, containers: 1, volumes: 3)
2025-01-29 13:42:06,133 INFO c.h.h.t.HelmChartContainer - [hivemq-test-hivemq-platform] [hivemq-platform-operator] [81f17163] 13:42:06.131 [ReconcilerExecutor-hivemq-controller-87] DEBUG c.h.p.o.h.HiveMQPlatformReconcilerErrorHandler - [helmmetr] Pod 'test-hivemq-platform-0' phase Pending
2025-01-29 13:42:06,134 INFO c.h.h.t.HelmChartContainer - [hivemq-test-hivemq-platform] [hivemq-platform-operator] [81f17163] 13:42:06.131 [ReconcilerExecutor-hivemq-controller-87] DEBUG c.h.p.o.h.HiveMQPlatformReconcilerErrorHandler - [helmmetr] Pod 'test-hivemq-platform-0' condition 'PodReadyToStartContainers': False
2025-01-29 13:42:06,134 INFO c.h.h.t.HelmChartContainer - [hivemq-test-hivemq-platform] [hivemq-platform-operator] [81f17163] 13:42:06.132 [ReconcilerExecutor-hivemq-controller-87] DEBUG c.h.p.o.h.HiveMQPlatformReconcilerErrorHandler - [helmmetr] Pod 'test-hivemq-platform-0' condition 'Initialized': False
2025-01-29 13:42:06,134 INFO c.h.h.t.HelmChartContainer - [hivemq-test-hivemq-platform] [hivemq-platform-operator] [81f17163] 13:42:06.132 [ReconcilerExecutor-hivemq-controller-87] DEBUG c.h.p.o.h.HiveMQPlatformReconcilerErrorHandler - [helmmetr] Pod 'test-hivemq-platform-0' condition 'Ready': False
2025-01-29 13:42:06,134 INFO c.h.h.t.HelmChartContainer - [hivemq-test-hivemq-platform] [hivemq-platform-operator] [81f17163] 13:42:06.132 [ReconcilerExecutor-hivemq-controller-87] DEBUG c.h.p.o.h.HiveMQPlatformReconcilerErrorHandler - [helmmetr] Pod 'test-hivemq-platform-0' condition 'ContainersReady': False
2025-01-29 13:42:06,134 INFO c.h.h.t.HelmChartContainer - [hivemq-test-hivemq-platform] [hivemq-platform-operator] [81f17163] 13:42:06.132 [ReconcilerExecutor-hivemq-controller-87] DEBUG c.h.p.o.h.HiveMQPlatformReconcilerErrorHandler - [helmmetr] Pod 'test-hivemq-platform-0' condition 'PodScheduled': True
2025-01-29 13:42:06,134 INFO c.h.h.t.HelmChartContainer - [hivemq-test-hivemq-platform] [hivemq-platform-operator] [81f17163] 13:42:06.132 [ReconcilerExecutor-hivemq-controller-87] DEBUG c.h.p.o.h.HiveMQPlatformReconcilerErrorHandler - [helmmetr] Pod 'test-hivemq-platform-0' containerStatus 'hivemq' (started: false) (ready: false) (waiting: [PodInitializing] null)
2025-01-29 13:42:06,136 INFO c.h.h.t.HelmChartContainer - [hivemq-test-hivemq-platform] [hivemq-platform-operator] [81f17163] 13:42:06.135 [ReconcilerExecutor-hivemq-controller-87] INFO  c.h.p.o.h.HiveMQPlatformReconcilerBaseHandler - [helmmetr] HiveMQ Platform is starting, 0 of 1 replicas are ready
2025-01-29 13:42:06,880 INFO c.h.h.t.HelmChartContainer - [POD] test-hivemq-platform-0 [53c343ef-9ca4-41b3-8c84-e8cd812fc944] in helmmetricsserviceit was MODIFIED
2025-01-29 13:42:06,908 INFO c.h.h.t.HelmChartContainer - [hivemq-test-hivemq-platform] [hivemq-platform-operator] [81f17163] 13:42:06.903 [pool-6-thread-42] DEBUG c.h.p.o.d.PlatformServiceResource - [helmmetr] Desired Platform services (4 services)
2025-01-29 13:42:06,912 INFO c.h.h.t.HelmChartContainer - [hivemq-test-hivemq-platform] [hivemq-platform-operator] [81f17163] 13:42:06.907 [pool-6-thread-43] DEBUG c.h.p.o.dependants.PodInfoConfigMap - [helmmetr] Desired PodInfo ConfigMap (1 extensions) (1 enabled)
2025-01-29 13:42:06,912 INFO c.h.h.t.HelmChartContainer - [hivemq-test-hivemq-platform] [hivemq-platform-operator] [81f17163] 13:42:06.910 [pool-6-thread-43] DEBUG c.h.p.o.dependants.PodInfoConfigMap - [helmmetr] Desired PodInfo ConfigMap (metrics port: 9399) (metrics path: /)
2025-01-29 13:42:06,912 INFO c.h.h.t.HelmChartContainer - [hivemq-test-hivemq-platform] [hivemq-platform-operator] [81f17163] 13:42:06.910 [pool-6-thread-43] DEBUG c.h.p.o.dependants.PodInfoConfigMap - [helmmetr] Desired PodInfo ConfigMap (extension state hash: -1817474005)
2025-01-29 13:42:06,935 INFO c.h.h.t.HelmChartContainer - [hivemq-test-hivemq-platform] [hivemq-platform-operator] [81f17163] 13:42:06.933 [pool-6-thread-47] DEBUG c.h.p.o.d.PodServiceAccountResource - [helmmetr] Desired PodServiceAccountResource (serviceAccountName: hivemq-platform-pod-test-hivemq-platform)
2025-01-29 13:42:06,939 INFO c.h.h.t.HelmChartContainer - [hivemq-test-hivemq-platform] [hivemq-platform-operator] [81f17163] 13:42:06.938 [pool-6-thread-50] DEBUG c.h.p.o.d.StatefulSetResource - [helmmetr] Desired StatefulSet (1 replicas) for status STARTING (READY)
2025-01-29 13:42:06,943 INFO c.h.h.t.HelmChartContainer - [hivemq-test-hivemq-platform] [hivemq-platform-operator] [81f17163] 13:42:06.942 [ReconcilerExecutor-hivemq-controller-98] INFO  c.h.p.o.HiveMQPlatformReconciler - [helmmetr] Reconciling HiveMQ Platform 'test-hivemq-platform' in namespace 'helmmetricsserviceit'
2025-01-29 13:42:06,944 INFO c.h.h.t.HelmChartContainer - [hivemq-test-hivemq-platform] [hivemq-platform-operator] [81f17163] 13:42:06.943 [ReconcilerExecutor-hivemq-controller-98] DEBUG c.h.p.o.HiveMQPlatformReconciler - [helmmetr] Custom Resource Status STARTING - HiveMQ Platform is starting (READY)
2025-01-29 13:42:06,944 INFO c.h.h.t.HelmChartContainer - [hivemq-test-hivemq-platform] [hivemq-platform-operator] [81f17163] 13:42:06.943 [ReconcilerExecutor-hivemq-controller-98] DEBUG c.h.p.o.HiveMQPlatformReconciler - [helmmetr] Custom Resource Spec (replicas: 1) (extensions: 1)
2025-01-29 13:42:06,946 INFO c.h.h.t.HelmChartContainer - [hivemq-test-hivemq-platform] [hivemq-platform-operator] [81f17163] 13:42:06.945 [ReconcilerExecutor-hivemq-controller-98] DEBUG c.h.p.o.HiveMQPlatformReconciler - [helmmetr] StatefulSet Status (revision: test-hivemq-platform-69f859d85d, replicas: 1, available: 0, ready: 0, current: 1, updated: 1)
2025-01-29 13:42:06,946 INFO c.h.h.t.HelmChartContainer - [hivemq-test-hivemq-platform] [hivemq-platform-operator] [81f17163] 13:42:06.945 [ReconcilerExecutor-hivemq-controller-98] DEBUG c.h.p.o.HiveMQPlatformReconciler - [helmmetr] StatefulSet Spec (replicas: 1, init containers: 1, containers: 1, volumes: 3)
2025-01-29 13:42:06,953 INFO c.h.h.t.HelmChartContainer - [hivemq-test-hivemq-platform] [hivemq-platform-operator] [81f17163] 13:42:06.952 [ReconcilerExecutor-hivemq-controller-98] DEBUG c.h.p.o.h.HiveMQPlatformReconcilerErrorHandler - [helmmetr] Pod 'test-hivemq-platform-0' phase Pending
2025-01-29 13:42:07,032 INFO c.h.h.t.HelmChartContainer - [hivemq-test-hivemq-platform] [hivemq-platform-operator] [81f17163] 13:42:07.030 [ReconcilerExecutor-hivemq-controller-98] DEBUG c.h.p.o.h.HiveMQPlatformReconcilerErrorHandler - [helmmetr] Pod 'test-hivemq-platform-0' condition 'PodReadyToStartContainers': True
2025-01-29 13:42:07,032 INFO c.h.h.t.HelmChartContainer - [hivemq-test-hivemq-platform] [hivemq-platform-operator] [81f17163] 13:42:07.030 [ReconcilerExecutor-hivemq-controller-98] DEBUG c.h.p.o.h.HiveMQPlatformReconcilerErrorHandler - [helmmetr] Pod 'test-hivemq-platform-0' condition 'Initialized': False
2025-01-29 13:42:07,032 INFO c.h.h.t.HelmChartContainer - [hivemq-test-hivemq-platform] [hivemq-platform-operator] [81f17163] 13:42:07.030 [ReconcilerExecutor-hivemq-controller-98] DEBUG c.h.p.o.h.HiveMQPlatformReconcilerErrorHandler - [helmmetr] Pod 'test-hivemq-platform-0' condition 'Ready': False
2025-01-29 13:42:07,032 INFO c.h.h.t.HelmChartContainer - [hivemq-test-hivemq-platform] [hivemq-platform-operator] [81f17163] 13:42:07.030 [ReconcilerExecutor-hivemq-controller-98] DEBUG c.h.p.o.h.HiveMQPlatformReconcilerErrorHandler - [helmmetr] Pod 'test-hivemq-platform-0' condition 'ContainersReady': False
2025-01-29 13:42:07,032 INFO c.h.h.t.HelmChartContainer - [hivemq-test-hivemq-platform] [hivemq-platform-operator] [81f17163] 13:42:07.030 [ReconcilerExecutor-hivemq-controller-98] DEBUG c.h.p.o.h.HiveMQPlatformReconcilerErrorHandler - [helmmetr] Pod 'test-hivemq-platform-0' condition 'PodScheduled': True
2025-01-29 13:42:07,032 INFO c.h.h.t.HelmChartContainer - [hivemq-test-hivemq-platform] [hivemq-platform-operator] [81f17163] 13:42:07.030 [ReconcilerExecutor-hivemq-controller-98] DEBUG c.h.p.o.h.HiveMQPlatformReconcilerErrorHandler - [helmmetr] Pod 'test-hivemq-platform-0' containerStatus 'hivemq' (started: false) (ready: false) (waiting: [PodInitializing] null)
2025-01-29 13:42:07,033 INFO c.h.h.t.HelmChartContainer - [hivemq-test-hivemq-platform] [hivemq-platform-operator] [81f17163] 13:42:07.032 [ReconcilerExecutor-hivemq-controller-98] INFO  c.h.p.o.h.HiveMQPlatformReconcilerBaseHandler - [helmmetr] HiveMQ Platform is starting, 0 of 1 replicas are ready
2025-01-29 13:42:07,683 INFO c.h.h.t.HelmChartContainer - [EVENT] Normal [Pulled] Container image "docker.io/hivemq/hivemq4:4.36.0" already present on machine [helmmetricsserviceit:test-hivemq-platform-0]
2025-01-29 13:42:07,683 INFO c.h.h.t.HelmChartContainer - Received Pulled event for container hivemq in pod test-hivemq-platform-0 [53c343ef-9ca4-41b3-8c84-e8cd812fc944]
2025-01-29 13:42:07,694 INFO c.h.h.t.HelmChartContainer - [POD] test-hivemq-platform-0 [53c343ef-9ca4-41b3-8c84-e8cd812fc944] in helmmetricsserviceit was MODIFIED
2025-01-29 13:42:07,698 INFO c.h.h.t.HelmChartContainer - [hivemq-test-hivemq-platform] [hivemq-platform-operator] [81f17163] 13:42:07.697 [pool-6-thread-3] DEBUG c.h.p.o.d.PlatformServiceResource - [helmmetr] Desired Platform services (4 services)
2025-01-29 13:42:07,701 INFO c.h.h.t.HelmChartContainer - [hivemq-test-hivemq-platform] [hivemq-platform-operator] [81f17163] 13:42:07.700 [pool-6-thread-8] DEBUG c.h.p.o.dependants.PodInfoConfigMap - [helmmetr] Desired PodInfo ConfigMap (1 extensions) (1 enabled)
2025-01-29 13:42:07,701 INFO c.h.h.t.HelmChartContainer - [hivemq-test-hivemq-platform] [hivemq-platform-operator] [81f17163] 13:42:07.701 [pool-6-thread-6] DEBUG c.h.p.o.d.PodServiceAccountResource - [helmmetr] Desired PodServiceAccountResource (serviceAccountName: hivemq-platform-pod-test-hivemq-platform)
2025-01-29 13:42:07,705 INFO c.h.h.t.HelmChartContainer - [hivemq-test-hivemq-platform] [hivemq-platform-operator] [81f17163] 13:42:07.700 [pool-6-thread-8] DEBUG c.h.p.o.dependants.PodInfoConfigMap - [helmmetr] Desired PodInfo ConfigMap (metrics port: 9399) (metrics path: /)
2025-01-29 13:42:07,705 INFO c.h.h.t.HelmChartContainer - [hivemq-test-hivemq-platform] [hivemq-platform-operator] [81f17163] 13:42:07.702 [pool-6-thread-8] DEBUG c.h.p.o.dependants.PodInfoConfigMap - [helmmetr] Desired PodInfo ConfigMap (extension state hash: -1817474005)
2025-01-29 13:42:07,710 INFO c.h.h.t.HelmChartContainer - [hivemq-test-hivemq-platform] [hivemq-platform-operator] [81f17163] 13:42:07.709 [pool-6-thread-3] DEBUG c.h.p.o.d.StatefulSetResource - [helmmetr] Desired StatefulSet (1 replicas) for status STARTING (READY)
2025-01-29 13:42:07,735 INFO c.h.h.t.HelmChartContainer - [hivemq-test-hivemq-platform] [hivemq-platform-operator] [81f17163] 13:42:07.733 [ReconcilerExecutor-hivemq-controller-109] INFO  c.h.p.o.HiveMQPlatformReconciler - [helmmetr] Reconciling HiveMQ Platform 'test-hivemq-platform' in namespace 'helmmetricsserviceit'
2025-01-29 13:42:07,736 INFO c.h.h.t.HelmChartContainer - [hivemq-test-hivemq-platform] [hivemq-platform-operator] [81f17163] 13:42:07.733 [ReconcilerExecutor-hivemq-controller-109] DEBUG c.h.p.o.HiveMQPlatformReconciler - [helmmetr] Custom Resource Status STARTING - HiveMQ Platform is starting (READY)
2025-01-29 13:42:07,736 INFO c.h.h.t.HelmChartContainer - [hivemq-test-hivemq-platform] [hivemq-platform-operator] [81f17163] 13:42:07.733 [ReconcilerExecutor-hivemq-controller-109] DEBUG c.h.p.o.HiveMQPlatformReconciler - [helmmetr] Custom Resource Spec (replicas: 1) (extensions: 1)
2025-01-29 13:42:07,737 INFO c.h.h.t.HelmChartContainer - [hivemq-test-hivemq-platform] [hivemq-platform-operator] [81f17163] 13:42:07.735 [ReconcilerExecutor-hivemq-controller-109] DEBUG c.h.p.o.HiveMQPlatformReconciler - [helmmetr] StatefulSet Status (revision: test-hivemq-platform-69f859d85d, replicas: 1, available: 0, ready: 0, current: 1, updated: 1)
2025-01-29 13:42:07,738 INFO c.h.h.t.HelmChartContainer - [hivemq-test-hivemq-platform] [hivemq-platform-operator] [81f17163] 13:42:07.736 [ReconcilerExecutor-hivemq-controller-109] DEBUG c.h.p.o.HiveMQPlatformReconciler - [helmmetr] StatefulSet Spec (replicas: 1, init containers: 1, containers: 1, volumes: 3)
2025-01-29 13:42:07,741 INFO c.h.h.t.HelmChartContainer - [hivemq-test-hivemq-platform] [hivemq-platform-operator] [81f17163] 13:42:07.740 [ReconcilerExecutor-hivemq-controller-109] DEBUG c.h.p.o.h.HiveMQPlatformReconcilerErrorHandler - [helmmetr] Pod 'test-hivemq-platform-0' phase Pending
2025-01-29 13:42:07,743 INFO c.h.h.t.HelmChartContainer - [hivemq-test-hivemq-platform] [hivemq-platform-operator] [81f17163] 13:42:07.740 [ReconcilerExecutor-hivemq-controller-109] DEBUG c.h.p.o.h.HiveMQPlatformReconcilerErrorHandler - [helmmetr] Pod 'test-hivemq-platform-0' condition 'PodReadyToStartContainers': True
2025-01-29 13:42:07,743 INFO c.h.h.t.HelmChartContainer - [hivemq-test-hivemq-platform] [hivemq-platform-operator] [81f17163] 13:42:07.740 [ReconcilerExecutor-hivemq-controller-109] DEBUG c.h.p.o.h.HiveMQPlatformReconcilerErrorHandler - [helmmetr] Pod 'test-hivemq-platform-0' condition 'Initialized': True
2025-01-29 13:42:07,743 INFO c.h.h.t.HelmChartContainer - [hivemq-test-hivemq-platform] [hivemq-platform-operator] [81f17163] 13:42:07.740 [ReconcilerExecutor-hivemq-controller-109] DEBUG c.h.p.o.h.HiveMQPlatformReconcilerErrorHandler - [helmmetr] Pod 'test-hivemq-platform-0' condition 'Ready': False
2025-01-29 13:42:07,743 INFO c.h.h.t.HelmChartContainer - [hivemq-test-hivemq-platform] [hivemq-platform-operator] [81f17163] 13:42:07.740 [ReconcilerExecutor-hivemq-controller-109] DEBUG c.h.p.o.h.HiveMQPlatformReconcilerErrorHandler - [helmmetr] Pod 'test-hivemq-platform-0' condition 'ContainersReady': False
2025-01-29 13:42:07,743 INFO c.h.h.t.HelmChartContainer - [hivemq-test-hivemq-platform] [hivemq-platform-operator] [81f17163] 13:42:07.740 [ReconcilerExecutor-hivemq-controller-109] DEBUG c.h.p.o.h.HiveMQPlatformReconcilerErrorHandler - [helmmetr] Pod 'test-hivemq-platform-0' condition 'PodScheduled': True
2025-01-29 13:42:07,744 INFO c.h.h.t.HelmChartContainer - [hivemq-test-hivemq-platform] [hivemq-platform-operator] [81f17163] 13:42:07.740 [ReconcilerExecutor-hivemq-controller-109] DEBUG c.h.p.o.h.HiveMQPlatformReconcilerErrorHandler - [helmmetr] Pod 'test-hivemq-platform-0' containerStatus 'hivemq' (started: false) (ready: false) (waiting: [PodInitializing] null)
2025-01-29 13:42:07,744 INFO c.h.h.t.HelmChartContainer - [hivemq-test-hivemq-platform] [hivemq-platform-operator] [81f17163] 13:42:07.742 [ReconcilerExecutor-hivemq-controller-109] INFO  c.h.p.o.h.HiveMQPlatformReconcilerBaseHandler - [helmmetr] HiveMQ Platform is starting, 0 of 1 replicas are ready
2025-01-29 13:42:09,010 INFO c.h.h.t.HelmChartContainer - [EVENT] Normal [Created] Created container: hivemq [helmmetricsserviceit:test-hivemq-platform-0]
2025-01-29 13:42:09,010 INFO c.h.h.t.HelmChartContainer - Received Created event for container hivemq in pod test-hivemq-platform-0 [53c343ef-9ca4-41b3-8c84-e8cd812fc944]
2025-01-29 13:42:09,697 INFO c.h.h.t.HelmChartContainer - [POD] test-hivemq-platform-0 [53c343ef-9ca4-41b3-8c84-e8cd812fc944] in helmmetricsserviceit was MODIFIED
2025-01-29 13:42:09,707 INFO c.h.h.t.HelmChartContainer - Started log watcher for hivemq in pod test-hivemq-platform-0 [53c343ef-9ca4-41b3-8c84-e8cd812fc944]
2025-01-29 13:42:09,709 INFO c.h.h.t.HelmChartContainer - [EVENT] Normal [Started] Started container hivemq [helmmetricsserviceit:test-hivemq-platform-0]
2025-01-29 13:42:09,709 INFO c.h.h.t.HelmChartContainer - Received Started event for container hivemq in pod test-hivemq-platform-0 [53c343ef-9ca4-41b3-8c84-e8cd812fc944]
2025-01-29 13:42:09,709 INFO c.h.h.t.HelmChartContainer - [test-hivemq-platform] [hivemq] [53c343ef] Adding pre-installed HiveMQ Platform Operator extensions
2025-01-29 13:42:09,709 INFO c.h.h.t.HelmChartContainer - [test-hivemq-platform] [hivemq] [53c343ef] Running as user 10000
2025-01-29 13:42:09,709 INFO c.h.h.t.HelmChartContainer - [test-hivemq-platform] [hivemq] [53c343ef] Starting HiveMQ Platform Operator Init
2025-01-29 13:42:09,714 INFO c.h.h.t.HelmChartContainer - [hivemq-test-hivemq-platform] [hivemq-platform-operator] [81f17163] 13:42:09.713 [pool-6-thread-15] DEBUG c.h.p.o.d.PlatformServiceResource - [helmmetr] Desired Platform services (4 services)
2025-01-29 13:42:09,717 INFO c.h.h.t.HelmChartContainer - [hivemq-test-hivemq-platform] [hivemq-platform-operator] [81f17163] 13:42:09.714 [pool-6-thread-11] DEBUG c.h.p.o.dependants.PodInfoConfigMap - [helmmetr] Desired PodInfo ConfigMap (1 extensions) (1 enabled)
2025-01-29 13:42:09,717 INFO c.h.h.t.HelmChartContainer - [hivemq-test-hivemq-platform] [hivemq-platform-operator] [81f17163] 13:42:09.715 [pool-6-thread-11] DEBUG c.h.p.o.dependants.PodInfoConfigMap - [helmmetr] Desired PodInfo ConfigMap (metrics port: 9399) (metrics path: /)
2025-01-29 13:42:09,717 INFO c.h.h.t.HelmChartContainer - [hivemq-test-hivemq-platform] [hivemq-platform-operator] [81f17163] 13:42:09.716 [pool-6-thread-16] DEBUG c.h.p.o.d.PodServiceAccountResource - [helmmetr] Desired PodServiceAccountResource (serviceAccountName: hivemq-platform-pod-test-hivemq-platform)
2025-01-29 13:42:09,719 INFO c.h.h.t.HelmChartContainer - [hivemq-test-hivemq-platform] [hivemq-platform-operator] [81f17163] 13:42:09.715 [pool-6-thread-11] DEBUG c.h.p.o.dependants.PodInfoConfigMap - [helmmetr] Desired PodInfo ConfigMap (extension state hash: -1817474005)
2025-01-29 13:42:09,728 INFO c.h.h.t.HelmChartContainer - [hivemq-test-hivemq-platform] [hivemq-platform-operator] [81f17163] 13:42:09.725 [pool-6-thread-15] DEBUG c.h.p.o.d.StatefulSetResource - [helmmetr] Desired StatefulSet (1 replicas) for status STARTING (READY)
2025-01-29 13:42:09,735 INFO c.h.h.t.HelmChartContainer - [hivemq-test-hivemq-platform] [hivemq-platform-operator] [81f17163] 13:42:09.733 [ReconcilerExecutor-hivemq-controller-110] INFO  c.h.p.o.HiveMQPlatformReconciler - [helmmetr] Reconciling HiveMQ Platform 'test-hivemq-platform' in namespace 'helmmetricsserviceit'
2025-01-29 13:42:09,735 INFO c.h.h.t.HelmChartContainer - [hivemq-test-hivemq-platform] [hivemq-platform-operator] [81f17163] 13:42:09.733 [ReconcilerExecutor-hivemq-controller-110] DEBUG c.h.p.o.HiveMQPlatformReconciler - [helmmetr] Custom Resource Status STARTING - HiveMQ Platform is starting (READY)
2025-01-29 13:42:09,735 INFO c.h.h.t.HelmChartContainer - [hivemq-test-hivemq-platform] [hivemq-platform-operator] [81f17163] 13:42:09.733 [ReconcilerExecutor-hivemq-controller-110] DEBUG c.h.p.o.HiveMQPlatformReconciler - [helmmetr] Custom Resource Spec (replicas: 1) (extensions: 1)
2025-01-29 13:42:09,741 INFO c.h.h.t.HelmChartContainer - [hivemq-test-hivemq-platform] [hivemq-platform-operator] [81f17163] 13:42:09.738 [ReconcilerExecutor-hivemq-controller-110] DEBUG c.h.p.o.HiveMQPlatformReconciler - [helmmetr] StatefulSet Status (revision: test-hivemq-platform-69f859d85d, replicas: 1, available: 0, ready: 0, current: 1, updated: 1)
2025-01-29 13:42:09,742 INFO c.h.h.t.HelmChartContainer - [hivemq-test-hivemq-platform] [hivemq-platform-operator] [81f17163] 13:42:09.738 [ReconcilerExecutor-hivemq-controller-110] DEBUG c.h.p.o.HiveMQPlatformReconciler - [helmmetr] StatefulSet Spec (replicas: 1, init containers: 1, containers: 1, volumes: 3)
2025-01-29 13:42:09,742 INFO c.h.h.t.HelmChartContainer - [hivemq-test-hivemq-platform] [hivemq-platform-operator] [81f17163] 13:42:09.740 [ReconcilerExecutor-hivemq-controller-110] DEBUG c.h.p.o.h.HiveMQPlatformReconcilerErrorHandler - [helmmetr] Pod 'test-hivemq-platform-0' phase Running
2025-01-29 13:42:09,742 INFO c.h.h.t.HelmChartContainer - [hivemq-test-hivemq-platform] [hivemq-platform-operator] [81f17163] 13:42:09.741 [ReconcilerExecutor-hivemq-controller-110] INFO  c.h.p.o.h.HiveMQPlatformReconcilerBaseHandler - [helmmetr] HiveMQ Platform is starting, 0 of 1 replicas are ready
2025-01-29 13:42:10,300 INFO c.h.h.t.HelmChartContainer - [test-hivemq-platform] [hivemq] [53c343ef] INFO  - [HiveMQ Platform Operator Init 1.7.0-SNAPSHOT] HiveMQ Platform Operator Init 1.7.0-SNAPSHOT (commit: bebf408 on branch: HEAD) built on Sun Jan 26 20:47:47 UTC 2025
2025-01-29 13:42:11,500 INFO c.h.h.t.HelmChartContainer - [test-hivemq-platform] [hivemq] [53c343ef] INFO  - [HiveMQ Platform Operator Init App 1.7.0-SNAPSHOT] Using bind address 10.42.0.10 from environment variable
2025-01-29 13:42:12,480 INFO c.h.h.t.HelmChartContainer - [test-hivemq-platform] [hivemq] [53c343ef] INFO  - [HiveMQ Platform Operator Init App 1.7.0-SNAPSHOT] HiveMQ Platform Operator Init App 1.7.0-SNAPSHOT (commit: bebf408 on branch: HEAD) built on Sun Jan 26 20:47:47 UTC 2025
2025-01-29 13:42:12,480 INFO c.h.h.t.HelmChartContainer - [test-hivemq-platform] [hivemq] [53c343ef] INFO  - [HiveMQ Platform Operator Init App 1.7.0-SNAPSHOT] PodInfo ConfigMap directory: /etc/podinfo
2025-01-29 13:42:12,480 INFO c.h.h.t.HelmChartContainer - [test-hivemq-platform] [hivemq] [53c343ef] INFO  - [HiveMQ Platform Operator Init App 1.7.0-SNAPSHOT] HiveMQ home directory: /opt/hivemq
2025-01-29 13:42:12,480 INFO c.h.h.t.HelmChartContainer - [test-hivemq-platform] [hivemq] [53c343ef] INFO  - [HiveMQ Platform Operator Init App 1.7.0-SNAPSHOT] HiveMQ Logback folder: /opt/hivemq/conf
2025-01-29 13:42:12,480 INFO c.h.h.t.HelmChartContainer - [test-hivemq-platform] [hivemq] [53c343ef] INFO  - [HiveMQ Platform Operator Init App 1.7.0-SNAPSHOT] HiveMQ Config folder: /opt/hivemq/conf-k8s
2025-01-29 13:42:12,481 INFO c.h.h.t.HelmChartContainer - [test-hivemq-platform] [hivemq] [53c343ef] INFO  - [HiveMQ Platform Operator Init App 1.7.0-SNAPSHOT] Starting HiveMQ Platform Operator Init App
2025-01-29 13:42:12,482 INFO c.h.h.t.HelmChartContainer - [test-hivemq-platform] [hivemq] [53c343ef] INFO  - [HiveMQ Platform Operator Init App 1.7.0-SNAPSHOT] Starting Pod reconciler
2025-01-29 13:42:13,713 INFO c.h.h.t.HelmChartContainer - [test-hivemq-platform] [hivemq] [53c343ef] INFO  - [HiveMQ Platform Operator Init App 1.7.0-SNAPSHOT] Pod reconciler is scheduled (interval: 5000 ms)
2025-01-29 13:42:13,714 INFO c.h.h.t.HelmChartContainer - [test-hivemq-platform] [hivemq] [53c343ef] INFO  - [HiveMQ Platform Operator Init App 1.7.0-SNAPSHOT] Starting the REST API on 10.42.0.10:7979
2025-01-29 13:42:13,716 INFO c.h.h.t.HelmChartContainer - [test-hivemq-platform] [hivemq] [53c343ef] INFO  - [HiveMQ Platform Operator Init App 1.7.0-SNAPSHOT] Waiting up to 600s for at most 1 HiveMQ nodes in cluster service hivemq-test-hivemq-platform-cluster.helmmetricsserviceit.svc
2025-01-29 13:42:14,100 INFO c.h.h.t.HelmChartContainer - [test-hivemq-platform] [hivemq] [53c343ef] INFO  - [HiveMQ Platform Operator Init App 1.7.0-SNAPSHOT] Resolved 1 IP addresses: [10.42.0.10]
2025-01-29 13:42:14,100 INFO c.h.h.t.HelmChartContainer - [test-hivemq-platform] [hivemq] [53c343ef] INFO  - [HiveMQ Platform Operator Init App 1.7.0-SNAPSHOT] HiveMQ node count of 1 is within threshold of 1
2025-01-29 13:42:14,100 INFO c.h.h.t.HelmChartContainer - [test-hivemq-platform] [hivemq] [53c343ef] INFO  - [HiveMQ Platform Operator Init App 1.7.0-SNAPSHOT] Proceeding with container start
2025-01-29 13:42:14,194 INFO c.h.h.t.HelmChartContainer - [test-hivemq-platform] [hivemq] [53c343ef] INFO  - [HiveMQ Platform Operator Init App 1.7.0-SNAPSHOT] Initializing HiveMQ Platform extensions with initial configuration: {hivemq-allow-all-extension={start-priority=-1, skip-https-hostname-verification=false, restart=true, config-version=0, header-version=0, c-uri=, priority=-1, uri=preinstalled, skip-https-certificate-validation=false, enabled=true}, hivemq-prometheus-extension={enabled=true, restart=true, priority=-1, start-priority=-1, c-uri=, skip-https-hostname-verification=false, skip-https-certificate-validation=false, uri=preinstalled, request-header-path=no-request-headers}}
2025-01-29 13:42:14,695 INFO c.h.h.t.HelmChartContainer - [test-hivemq-platform] [hivemq] [53c343ef] INFO  - [HiveMQ Platform Operator Init App 1.7.0-SNAPSHOT] Extension hivemq-allow-all-extension was already enabled
2025-01-29 13:42:14,779 INFO c.h.h.t.HelmChartContainer - [test-hivemq-platform] [hivemq] [53c343ef] INFO  - [HiveMQ Platform Operator Init App 1.7.0-SNAPSHOT] Successfully enabled extension hivemq-prometheus-extension
2025-01-29 13:42:14,792 INFO c.h.h.t.HelmChartContainer - [test-hivemq-platform] [hivemq] [53c343ef] INFO  - [HiveMQ Platform Operator Init App 1.7.0-SNAPSHOT] Starting HiveMQ Platform version 4.36.0 (4.36.0)
2025-01-29 13:42:14,792 INFO c.h.h.t.HelmChartContainer - [test-hivemq-platform] [hivemq] [53c343ef] INFO  - [HiveMQ Platform Operator Init App 1.7.0-SNAPSHOT] Configuring the HiveMQ Platform
2025-01-29 13:42:14,804 INFO c.h.h.t.HelmChartContainer - [test-hivemq-platform] [hivemq] [53c343ef] INFO  - [HiveMQ Platform Operator Init App 1.7.0-SNAPSHOT] Changed logback.xml file scan period to 20 seconds
2025-01-29 13:42:14,897 INFO c.h.h.t.HelmChartContainer - [test-hivemq-platform] [hivemq] [53c343ef] INFO  - [HiveMQ Platform Operator Init App 1.7.0-SNAPSHOT] Starting the HiveMQ Platform
2025-01-29 13:42:14,900 INFO c.h.h.t.HelmChartContainer - [test-hivemq-platform] [hivemq] [53c343ef] -------------------------------------------------------------------------
2025-01-29 13:42:14,900 INFO c.h.h.t.HelmChartContainer - [test-hivemq-platform] [hivemq] [53c343ef] 
2025-01-29 13:42:14,901 INFO c.h.h.t.HelmChartContainer - [test-hivemq-platform] [hivemq] [53c343ef]                   _    _  _              __  __   ____
2025-01-29 13:42:14,902 INFO c.h.h.t.HelmChartContainer - [test-hivemq-platform] [hivemq] [53c343ef]                  | |  | |(_)            |  \/  | / __ \
2025-01-29 13:42:14,902 INFO c.h.h.t.HelmChartContainer - [test-hivemq-platform] [hivemq] [53c343ef]                  | |__| | _ __   __ ___ | \  / || |  | |
2025-01-29 13:42:14,902 INFO c.h.h.t.HelmChartContainer - [test-hivemq-platform] [hivemq] [53c343ef]                  |  __  || |\ \ / // _ \| |\/| || |  | |
2025-01-29 13:42:14,902 INFO c.h.h.t.HelmChartContainer - [test-hivemq-platform] [hivemq] [53c343ef]                  | |  | || | \ V /|  __/| |  | || |__| |
2025-01-29 13:42:14,902 INFO c.h.h.t.HelmChartContainer - [test-hivemq-platform] [hivemq] [53c343ef]                  |_|  |_||_|  \_/  \___||_|  |_| \___\_\
2025-01-29 13:42:14,902 INFO c.h.h.t.HelmChartContainer - [test-hivemq-platform] [hivemq] [53c343ef] 
2025-01-29 13:42:14,902 INFO c.h.h.t.HelmChartContainer - [test-hivemq-platform] [hivemq] [53c343ef] -------------------------------------------------------------------------
2025-01-29 13:42:14,902 INFO c.h.h.t.HelmChartContainer - [test-hivemq-platform] [hivemq] [53c343ef] 
2025-01-29 13:42:14,902 INFO c.h.h.t.HelmChartContainer - [test-hivemq-platform] [hivemq] [53c343ef]   HiveMQ Start Script for Linux/Unix v1.14
2025-01-29 13:42:14,902 INFO c.h.h.t.HelmChartContainer - [test-hivemq-platform] [hivemq] [53c343ef] 
2025-01-29 13:42:14,999 INFO c.h.h.t.HelmChartContainer - [test-hivemq-platform] [hivemq] [53c343ef] -------------------------------------------------------------------------
2025-01-29 13:42:14,999 INFO c.h.h.t.HelmChartContainer - [test-hivemq-platform] [hivemq] [53c343ef] 
2025-01-29 13:42:14,999 INFO c.h.h.t.HelmChartContainer - [test-hivemq-platform] [hivemq] [53c343ef]   HIVEMQ_HOME: /opt/hivemq
2025-01-29 13:42:14,999 INFO c.h.h.t.HelmChartContainer - [test-hivemq-platform] [hivemq] [53c343ef] 
2025-01-29 13:42:14,999 INFO c.h.h.t.HelmChartContainer - [test-hivemq-platform] [hivemq] [53c343ef]   JAVA_OPTS: -XX:+UnlockExperimentalVMOptions -XX:InitialRAMPercentage=50 -XX:MaxRAMPercentage=50 -Djava.net.preferIPv4Stack=true --add-opens java.base/java.lang=ALL-UNNAMED --add-opens java.base/java.nio=ALL-UNNAMED --add-opens java.base/sun.nio.ch=ALL-UNNAMED --add-opens jdk.management/com.sun.management.internal=ALL-UNNAMED --add-exports java.base/jdk.internal.misc=ALL-UNNAMED -Djava.security.egd=file:/dev/./urandom -Dcom.sun.management.jmxremote -Dcom.sun.management.jmxremote.port=9010 -Dcom.sun.management.jmxremote.local.only=false -Dcom.sun.management.jmxremote.authenticate=false -Dcom.sun.management.jmxremote.ssl=false -Duser.language=en -Duser.region=US -XX:+CrashOnOutOfMemoryError -XX:+HeapDumpOnOutOfMemoryError
2025-01-29 13:42:14,999 INFO c.h.h.t.HelmChartContainer - [test-hivemq-platform] [hivemq] [53c343ef] 
2025-01-29 13:42:14,999 INFO c.h.h.t.HelmChartContainer - [test-hivemq-platform] [hivemq] [53c343ef]   JAVA_VERSION: 21
2025-01-29 13:42:14,999 INFO c.h.h.t.HelmChartContainer - [test-hivemq-platform] [hivemq] [53c343ef] 
2025-01-29 13:42:14,999 INFO c.h.h.t.HelmChartContainer - [test-hivemq-platform] [hivemq] [53c343ef] -------------------------------------------------------------------------
2025-01-29 13:42:14,999 INFO c.h.h.t.HelmChartContainer - [test-hivemq-platform] [hivemq] [53c343ef] 
2025-01-29 13:42:15,701 INFO c.h.h.t.HelmChartContainer - [test-hivemq-platform] [hivemq] [53c343ef] INFO  - [HiveMQ Platform Operator Init App 1.7.0-SNAPSHOT] Returning default Health API response 503 for readiness
2025-01-29 13:42:16,204 INFO c.h.h.t.HelmChartContainer - [EVENT] Warning [Unhealthy] Readiness probe failed: HTTP probe failed with statuscode: 503 [helmmetricsserviceit:test-hivemq-platform-0]
2025-01-29 13:42:16,204 INFO c.h.h.t.HelmChartContainer - Received Unhealthy event for container hivemq in pod test-hivemq-platform-0 [53c343ef-9ca4-41b3-8c84-e8cd812fc944]
2025-01-29 13:42:17,704 INFO c.h.h.t.HelmChartContainer - [test-hivemq-platform] [hivemq] [53c343ef] INFO  - Starting HiveMQ Enterprise Server
2025-01-29 13:42:17,780 INFO c.h.h.t.HelmChartContainer - [test-hivemq-platform] [hivemq] [53c343ef] INFO  - HiveMQ version: 4.36.0
2025-01-29 13:42:17,780 INFO c.h.h.t.HelmChartContainer - [test-hivemq-platform] [hivemq] [53c343ef] INFO  - HiveMQ home directory: /opt/hivemq
2025-01-29 13:42:17,780 INFO c.h.h.t.HelmChartContainer - [test-hivemq-platform] [hivemq] [53c343ef] INFO  - Log Configuration was overridden by /opt/hivemq/conf/logback.xml
2025-01-29 13:42:19,179 INFO c.h.h.t.HelmChartContainer - [test-hivemq-platform] [hivemq] [53c343ef] INFO  - Successfully loaded configuration from '/opt/hivemq/conf-k8s/config.xml'.
2025-01-29 13:42:19,748 INFO c.h.h.t.HelmChartContainer - [hivemq-test-hivemq-platform] [hivemq-platform-operator] [81f17163] 13:42:19.744 [pool-6-thread-25] DEBUG c.h.p.o.d.PlatformServiceResource - [helmmetr] Desired Platform services (4 services)
2025-01-29 13:42:19,748 INFO c.h.h.t.HelmChartContainer - [hivemq-test-hivemq-platform] [hivemq-platform-operator] [81f17163] 13:42:19.745 [pool-6-thread-24] DEBUG c.h.p.o.dependants.PodInfoConfigMap - [helmmetr] Desired PodInfo ConfigMap (1 extensions) (1 enabled)
2025-01-29 13:42:19,748 INFO c.h.h.t.HelmChartContainer - [hivemq-test-hivemq-platform] [hivemq-platform-operator] [81f17163] 13:42:19.745 [pool-6-thread-24] DEBUG c.h.p.o.dependants.PodInfoConfigMap - [helmmetr] Desired PodInfo ConfigMap (metrics port: 9399) (metrics path: /)
2025-01-29 13:42:19,748 INFO c.h.h.t.HelmChartContainer - [hivemq-test-hivemq-platform] [hivemq-platform-operator] [81f17163] 13:42:19.745 [pool-6-thread-24] DEBUG c.h.p.o.dependants.PodInfoConfigMap - [helmmetr] Desired PodInfo ConfigMap (extension state hash: -1817474005)
2025-01-29 13:42:19,748 INFO c.h.h.t.HelmChartContainer - [hivemq-test-hivemq-platform] [hivemq-platform-operator] [81f17163] 13:42:19.747 [pool-6-thread-23] DEBUG c.h.p.o.d.PodServiceAccountResource - [helmmetr] Desired PodServiceAccountResource (serviceAccountName: hivemq-platform-pod-test-hivemq-platform)
2025-01-29 13:42:19,753 INFO c.h.h.t.HelmChartContainer - [hivemq-test-hivemq-platform] [hivemq-platform-operator] [81f17163] 13:42:19.752 [pool-6-thread-25] DEBUG c.h.p.o.d.StatefulSetResource - [helmmetr] Desired StatefulSet (1 replicas) for status STARTING (READY)
2025-01-29 13:42:19,757 INFO c.h.h.t.HelmChartContainer - [hivemq-test-hivemq-platform] [hivemq-platform-operator] [81f17163] 13:42:19.756 [ReconcilerExecutor-hivemq-controller-111] INFO  c.h.p.o.HiveMQPlatformReconciler - [helmmetr] Reconciling HiveMQ Platform 'test-hivemq-platform' in namespace 'helmmetricsserviceit'
2025-01-29 13:42:19,757 INFO c.h.h.t.HelmChartContainer - [hivemq-test-hivemq-platform] [hivemq-platform-operator] [81f17163] 13:42:19.756 [ReconcilerExecutor-hivemq-controller-111] DEBUG c.h.p.o.HiveMQPlatformReconciler - [helmmetr] Custom Resource Status STARTING - HiveMQ Platform is starting (READY)
2025-01-29 13:42:19,757 INFO c.h.h.t.HelmChartContainer - [hivemq-test-hivemq-platform] [hivemq-platform-operator] [81f17163] 13:42:19.756 [ReconcilerExecutor-hivemq-controller-111] DEBUG c.h.p.o.HiveMQPlatformReconciler - [helmmetr] Custom Resource Spec (replicas: 1) (extensions: 1)
2025-01-29 13:42:19,832 INFO c.h.h.t.HelmChartContainer - [hivemq-test-hivemq-platform] [hivemq-platform-operator] [81f17163] 13:42:19.830 [ReconcilerExecutor-hivemq-controller-111] DEBUG c.h.p.o.HiveMQPlatformReconciler - [helmmetr] StatefulSet Status (revision: test-hivemq-platform-69f859d85d, replicas: 1, available: 0, ready: 0, current: 1, updated: 1)
2025-01-29 13:42:19,832 INFO c.h.h.t.HelmChartContainer - [hivemq-test-hivemq-platform] [hivemq-platform-operator] [81f17163] 13:42:19.831 [ReconcilerExecutor-hivemq-controller-111] DEBUG c.h.p.o.HiveMQPlatformReconciler - [helmmetr] StatefulSet Spec (replicas: 1, init containers: 1, containers: 1, volumes: 3)
2025-01-29 13:42:19,833 INFO c.h.h.t.HelmChartContainer - [hivemq-test-hivemq-platform] [hivemq-platform-operator] [81f17163] 13:42:19.832 [ReconcilerExecutor-hivemq-controller-111] DEBUG c.h.p.o.h.HiveMQPlatformReconcilerErrorHandler - [helmmetr] Pod 'test-hivemq-platform-0' phase Running
2025-01-29 13:42:19,834 INFO c.h.h.t.HelmChartContainer - [hivemq-test-hivemq-platform] [hivemq-platform-operator] [81f17163] 13:42:19.833 [ReconcilerExecutor-hivemq-controller-111] INFO  c.h.p.o.h.HiveMQPlatformReconcilerBaseHandler - [helmmetr] HiveMQ Platform is starting, 0 of 1 replicas are ready
2025-01-29 13:42:19,882 INFO c.h.h.t.HelmChartContainer - [test-hivemq-platform] [hivemq] [53c343ef] INFO  - This node's ID is uSWiN
2025-01-29 13:42:19,895 INFO c.h.h.t.HelmChartContainer - [test-hivemq-platform] [hivemq] [53c343ef] INFO  - Clustering is enabled
2025-01-29 13:42:21,078 INFO c.h.h.t.HelmChartContainer - [test-hivemq-platform] [hivemq] [53c343ef] WARN  - [HiveMQ Platform Operator Init App 1.7.0-SNAPSHOT] Cannot connect to Health API for readiness: null
2025-01-29 13:42:21,102 INFO c.h.h.t.HelmChartContainer - [EVENT] Warning [Unhealthy] Readiness probe failed: HTTP probe failed with statuscode: 503 [helmmetricsserviceit:test-hivemq-platform-0]
2025-01-29 13:42:21,102 INFO c.h.h.t.HelmChartContainer - Received Unhealthy event for container hivemq in pod test-hivemq-platform-0 [53c343ef-9ca4-41b3-8c84-e8cd812fc944]
2025-01-29 13:42:23,998 INFO c.h.h.t.HelmChartContainer - [test-hivemq-platform] [hivemq] [53c343ef] Jan 29, 2025 1:42:23 PM io.vertx.core.impl.BlockedThreadChecker
2025-01-29 13:42:23,998 INFO c.h.h.t.HelmChartContainer - [test-hivemq-platform] [hivemq] [53c343ef] WARNING: Thread Thread[vert.x-eventloop-thread-1,5,main] has been blocked for 2090 ms, time limit is 2000 ms
2025-01-29 13:42:24,998 INFO c.h.h.t.HelmChartContainer - [test-hivemq-platform] [hivemq] [53c343ef] Jan 29, 2025 1:42:24 PM io.vertx.core.impl.BlockedThreadChecker
2025-01-29 13:42:24,998 INFO c.h.h.t.HelmChartContainer - [test-hivemq-platform] [hivemq] [53c343ef] WARNING: Thread Thread[vert.x-eventloop-thread-1,5,main] has been blocked for 3093 ms, time limit is 2000 ms
2025-01-29 13:42:25,200 INFO c.h.h.t.HelmChartContainer - [test-hivemq-platform] [hivemq] [53c343ef] INFO  - [HiveMQ Platform Operator Init App 1.7.0-SNAPSHOT] Updating Pod HiveMQ Platform Operator Init App version annotation (version: 1.7.0-SNAPSHOT)
2025-01-29 13:42:25,696 INFO c.h.h.t.HelmChartContainer - [test-hivemq-platform] [hivemq] [53c343ef] WARN  - [HiveMQ Platform Operator Init App 1.7.0-SNAPSHOT] Cannot connect to Health API for readiness: null
2025-01-29 13:42:25,702 INFO c.h.h.t.HelmChartContainer - [EVENT] Warning [Unhealthy] Readiness probe failed: HTTP probe failed with statuscode: 503 [helmmetricsserviceit:test-hivemq-platform-0]
2025-01-29 13:42:25,703 INFO c.h.h.t.HelmChartContainer - Received Unhealthy event for container hivemq in pod test-hivemq-platform-0 [53c343ef-9ca4-41b3-8c84-e8cd812fc944]
2025-01-29 13:42:26,010 INFO c.h.h.t.HelmChartContainer - [POD] test-hivemq-platform-0 [53c343ef-9ca4-41b3-8c84-e8cd812fc944] in helmmetricsserviceit was MODIFIED
2025-01-29 13:42:26,018 INFO c.h.h.t.HelmChartContainer - [hivemq-test-hivemq-platform] [hivemq-platform-operator] [81f17163] 13:42:26.016 [pool-6-thread-36] DEBUG c.h.p.o.d.PlatformServiceResource - [helmmetr] Desired Platform services (4 services)
2025-01-29 13:42:26,020 INFO c.h.h.t.HelmChartContainer - [hivemq-test-hivemq-platform] [hivemq-platform-operator] [81f17163] 13:42:26.018 [pool-6-thread-37] DEBUG c.h.p.o.dependants.PodInfoConfigMap - [helmmetr] Desired PodInfo ConfigMap (1 extensions) (1 enabled)
2025-01-29 13:42:26,022 INFO c.h.h.t.HelmChartContainer - [hivemq-test-hivemq-platform] [hivemq-platform-operator] [81f17163] 13:42:26.018 [pool-6-thread-37] DEBUG c.h.p.o.dependants.PodInfoConfigMap - [helmmetr] Desired PodInfo ConfigMap (metrics port: 9399) (metrics path: /)
2025-01-29 13:42:26,023 INFO c.h.h.t.HelmChartContainer - [hivemq-test-hivemq-platform] [hivemq-platform-operator] [81f17163] 13:42:26.018 [pool-6-thread-37] DEBUG c.h.p.o.dependants.PodInfoConfigMap - [helmmetr] Desired PodInfo ConfigMap (extension state hash: -1817474005)
2025-01-29 13:42:26,023 INFO c.h.h.t.HelmChartContainer - [hivemq-test-hivemq-platform] [hivemq-platform-operator] [81f17163] 13:42:26.019 [pool-6-thread-37] DEBUG c.h.p.o.d.PodServiceAccountResource - [helmmetr] Desired PodServiceAccountResource (serviceAccountName: hivemq-platform-pod-test-hivemq-platform)
2025-01-29 13:42:26,027 INFO c.h.h.t.HelmChartContainer - [hivemq-test-hivemq-platform] [hivemq-platform-operator] [81f17163] 13:42:26.026 [pool-6-thread-36] DEBUG c.h.p.o.d.StatefulSetResource - [helmmetr] Desired StatefulSet (1 replicas) for status STARTING (READY)
2025-01-29 13:42:26,034 INFO c.h.h.t.HelmChartContainer - [hivemq-test-hivemq-platform] [hivemq-platform-operator] [81f17163] 13:42:26.033 [ReconcilerExecutor-hivemq-controller-112] INFO  c.h.p.o.HiveMQPlatformReconciler - [helmmetr] Reconciling HiveMQ Platform 'test-hivemq-platform' in namespace 'helmmetricsserviceit'
2025-01-29 13:42:26,034 INFO c.h.h.t.HelmChartContainer - [hivemq-test-hivemq-platform] [hivemq-platform-operator] [81f17163] 13:42:26.033 [ReconcilerExecutor-hivemq-controller-112] DEBUG c.h.p.o.HiveMQPlatformReconciler - [helmmetr] Custom Resource Status STARTING - HiveMQ Platform is starting (READY)
2025-01-29 13:42:26,034 INFO c.h.h.t.HelmChartContainer - [hivemq-test-hivemq-platform] [hivemq-platform-operator] [81f17163] 13:42:26.033 [ReconcilerExecutor-hivemq-controller-112] DEBUG c.h.p.o.HiveMQPlatformReconciler - [helmmetr] Custom Resource Spec (replicas: 1) (extensions: 1)
2025-01-29 13:42:26,036 INFO c.h.h.t.HelmChartContainer - [hivemq-test-hivemq-platform] [hivemq-platform-operator] [81f17163] 13:42:26.035 [ReconcilerExecutor-hivemq-controller-112] DEBUG c.h.p.o.HiveMQPlatformReconciler - [helmmetr] StatefulSet Status (revision: test-hivemq-platform-69f859d85d, replicas: 1, available: 0, ready: 0, current: 1, updated: 1)
2025-01-29 13:42:26,038 INFO c.h.h.t.HelmChartContainer - [hivemq-test-hivemq-platform] [hivemq-platform-operator] [81f17163] 13:42:26.035 [ReconcilerExecutor-hivemq-controller-112] DEBUG c.h.p.o.HiveMQPlatformReconciler - [helmmetr] StatefulSet Spec (replicas: 1, init containers: 1, containers: 1, volumes: 3)
2025-01-29 13:42:26,038 INFO c.h.h.t.HelmChartContainer - [hivemq-test-hivemq-platform] [hivemq-platform-operator] [81f17163] 13:42:26.037 [ReconcilerExecutor-hivemq-controller-112] DEBUG c.h.p.o.h.HiveMQPlatformReconcilerErrorHandler - [helmmetr] Pod 'test-hivemq-platform-0' phase Running
2025-01-29 13:42:26,039 INFO c.h.h.t.HelmChartContainer - [hivemq-test-hivemq-platform] [hivemq-platform-operator] [81f17163] 13:42:26.038 [ReconcilerExecutor-hivemq-controller-112] INFO  c.h.p.o.h.HiveMQPlatformReconcilerBaseHandler - [helmmetr] HiveMQ Platform is starting, 0 of 1 replicas are ready
2025-01-29 13:42:26,093 INFO c.h.h.t.HelmChartContainer - [test-hivemq-platform] [hivemq] [53c343ef] WARN  - [HiveMQ Platform Operator Init App 1.7.0-SNAPSHOT] Cannot connect to Health API for readiness: null
2025-01-29 13:42:26,097 INFO c.h.h.t.HelmChartContainer - [test-hivemq-platform] [hivemq] [53c343ef] INFO  - [HiveMQ Platform Operator Init App 1.7.0-SNAPSHOT] Successfully updated Pod HiveMQ Platform Operator Init App version annotation (version: 1.7.0-SNAPSHOT)
2025-01-29 13:42:26,101 INFO c.h.h.t.HelmChartContainer - [EVENT] Warning [Unhealthy] Readiness probe failed: HTTP probe failed with statuscode: 503 [helmmetricsserviceit:test-hivemq-platform-0]
2025-01-29 13:42:26,101 INFO c.h.h.t.HelmChartContainer - Received Unhealthy event for container hivemq in pod test-hivemq-platform-0 [53c343ef-9ca4-41b3-8c84-e8cd812fc944]
2025-01-29 13:42:31,097 INFO c.h.h.t.HelmChartContainer - [test-hivemq-platform] [hivemq] [53c343ef] WARN  - [HiveMQ Platform Operator Init App 1.7.0-SNAPSHOT] Cannot connect to Health API for readiness: null
2025-01-29 13:42:31,105 INFO c.h.h.t.HelmChartContainer - [EVENT] Warning [Unhealthy] Readiness probe failed: HTTP probe failed with statuscode: 503 [helmmetricsserviceit:test-hivemq-platform-0]
2025-01-29 13:42:31,105 INFO c.h.h.t.HelmChartContainer - Received Unhealthy event for container hivemq in pod test-hivemq-platform-0 [53c343ef-9ca4-41b3-8c84-e8cd812fc944]
2025-01-29 13:42:31,544 INFO c.h.h.t.HelmChartContainer - [K3S] [INFO] COMPACT compactRev=0 targetCompactRev=2 currentRev=1114
2025-01-29 13:42:31,544 INFO c.h.h.t.HelmChartContainer - [K3S] [INFO] COMPACT deleted 0 rows from 2 revisions in 426.688µs - compacted to 2/1114
2025-01-29 13:42:31,544 INFO c.h.h.t.HelmChartContainer - [K3S] [INFO] COMPACT compacted from 0 to 2 in 1 transactions over 1ms
2025-01-29 13:42:35,208 INFO c.h.h.t.HelmChartContainer - [K3S] [info.go:53] Couldn't collect info from any of the files in "/etc/machine-id,/var/lib/dbus/machine-id"
2025-01-29 13:42:35,796 INFO c.h.h.t.HelmChartContainer - [test-hivemq-platform] [hivemq] [53c343ef] WARN  - [HiveMQ Platform Operator Init App 1.7.0-SNAPSHOT] Cannot connect to Health API for liveness: null
2025-01-29 13:42:35,796 INFO c.h.h.t.HelmChartContainer - [test-hivemq-platform] [hivemq] [53c343ef] INFO  - [HiveMQ Platform Operator Init App 1.7.0-SNAPSHOT] Returning default Health API response 200 for liveness
2025-01-29 13:42:36,045 INFO c.h.h.t.HelmChartContainer - [hivemq-test-hivemq-platform] [hivemq-platform-operator] [81f17163] 13:42:36.042 [pool-6-thread-45] DEBUG c.h.p.o.d.PlatformServiceResource - [helmmetr] Desired Platform services (4 services)
2025-01-29 13:42:36,046 INFO c.h.h.t.HelmChartContainer - [hivemq-test-hivemq-platform] [hivemq-platform-operator] [81f17163] 13:42:36.043 [pool-6-thread-46] DEBUG c.h.p.o.dependants.PodInfoConfigMap - [helmmetr] Desired PodInfo ConfigMap (1 extensions) (1 enabled)
2025-01-29 13:42:36,047 INFO c.h.h.t.HelmChartContainer - [hivemq-test-hivemq-platform] [hivemq-platform-operator] [81f17163] 13:42:36.043 [pool-6-thread-46] DEBUG c.h.p.o.dependants.PodInfoConfigMap - [helmmetr] Desired PodInfo ConfigMap (metrics port: 9399) (metrics path: /)
2025-01-29 13:42:36,047 INFO c.h.h.t.HelmChartContainer - [hivemq-test-hivemq-platform] [hivemq-platform-operator] [81f17163] 13:42:36.043 [pool-6-thread-46] DEBUG c.h.p.o.dependants.PodInfoConfigMap - [helmmetr] Desired PodInfo ConfigMap (extension state hash: -1817474005)
2025-01-29 13:42:36,047 INFO c.h.h.t.HelmChartContainer - [hivemq-test-hivemq-platform] [hivemq-platform-operator] [81f17163] 13:42:36.043 [pool-6-thread-42] DEBUG c.h.p.o.d.PodServiceAccountResource - [helmmetr] Desired PodServiceAccountResource (serviceAccountName: hivemq-platform-pod-test-hivemq-platform)
2025-01-29 13:42:36,052 INFO c.h.h.t.HelmChartContainer - [hivemq-test-hivemq-platform] [hivemq-platform-operator] [81f17163] 13:42:36.051 [pool-6-thread-45] DEBUG c.h.p.o.d.StatefulSetResource - [helmmetr] Desired StatefulSet (1 replicas) for status STARTING (READY)
2025-01-29 13:42:36,056 INFO c.h.h.t.HelmChartContainer - [hivemq-test-hivemq-platform] [hivemq-platform-operator] [81f17163] 13:42:36.055 [ReconcilerExecutor-hivemq-controller-113] INFO  c.h.p.o.HiveMQPlatformReconciler - [helmmetr] Reconciling HiveMQ Platform 'test-hivemq-platform' in namespace 'helmmetricsserviceit'
2025-01-29 13:42:36,056 INFO c.h.h.t.HelmChartContainer - [hivemq-test-hivemq-platform] [hivemq-platform-operator] [81f17163] 13:42:36.055 [ReconcilerExecutor-hivemq-controller-113] DEBUG c.h.p.o.HiveMQPlatformReconciler - [helmmetr] Custom Resource Status STARTING - HiveMQ Platform is starting (READY)
2025-01-29 13:42:36,056 INFO c.h.h.t.HelmChartContainer - [hivemq-test-hivemq-platform] [hivemq-platform-operator] [81f17163] 13:42:36.055 [ReconcilerExecutor-hivemq-controller-113] DEBUG c.h.p.o.HiveMQPlatformReconciler - [helmmetr] Custom Resource Spec (replicas: 1) (extensions: 1)
2025-01-29 13:42:36,095 INFO c.h.h.t.HelmChartContainer - [test-hivemq-platform] [hivemq] [53c343ef] WARN  - [HiveMQ Platform Operator Init App 1.7.0-SNAPSHOT] Cannot connect to Health API for readiness: null
2025-01-29 13:42:36,099 INFO c.h.h.t.HelmChartContainer - [EVENT] Warning [Unhealthy] Readiness probe failed: HTTP probe failed with statuscode: 503 [helmmetricsserviceit:test-hivemq-platform-0]
2025-01-29 13:42:36,099 INFO c.h.h.t.HelmChartContainer - Received Unhealthy event for container hivemq in pod test-hivemq-platform-0 [53c343ef-9ca4-41b3-8c84-e8cd812fc944]
2025-01-29 13:42:36,136 INFO c.h.h.t.HelmChartContainer - [hivemq-test-hivemq-platform] [hivemq-platform-operator] [81f17163] 13:42:36.134 [ReconcilerExecutor-hivemq-controller-113] DEBUG c.h.p.o.HiveMQPlatformReconciler - [helmmetr] StatefulSet Status (revision: test-hivemq-platform-69f859d85d, replicas: 1, available: 0, ready: 0, current: 1, updated: 1)
2025-01-29 13:42:36,136 INFO c.h.h.t.HelmChartContainer - [hivemq-test-hivemq-platform] [hivemq-platform-operator] [81f17163] 13:42:36.134 [ReconcilerExecutor-hivemq-controller-113] DEBUG c.h.p.o.HiveMQPlatformReconciler - [helmmetr] StatefulSet Spec (replicas: 1, init containers: 1, containers: 1, volumes: 3)
2025-01-29 13:42:36,138 INFO c.h.h.t.HelmChartContainer - [hivemq-test-hivemq-platform] [hivemq-platform-operator] [81f17163] 13:42:36.136 [ReconcilerExecutor-hivemq-controller-113] DEBUG c.h.p.o.h.HiveMQPlatformReconcilerErrorHandler - [helmmetr] Pod 'test-hivemq-platform-0' phase Running
2025-01-29 13:42:36,139 INFO c.h.h.t.HelmChartContainer - [hivemq-test-hivemq-platform] [hivemq-platform-operator] [81f17163] 13:42:36.137 [ReconcilerExecutor-hivemq-controller-113] INFO  c.h.p.o.h.HiveMQPlatformReconcilerBaseHandler - [helmmetr] HiveMQ Platform is starting, 0 of 1 replicas are ready
2025-01-29 13:42:37,396 INFO c.h.h.t.HelmChartContainer - [test-hivemq-platform] [hivemq] [53c343ef] INFO  - No valid license file found. Using trial license, restricted to 25 connections.
2025-01-29 13:42:41,095 INFO c.h.h.t.HelmChartContainer - [test-hivemq-platform] [hivemq] [53c343ef] WARN  - [HiveMQ Platform Operator Init App 1.7.0-SNAPSHOT] Cannot connect to Health API for readiness: null
2025-01-29 13:42:41,102 INFO c.h.h.t.HelmChartContainer - [EVENT] Warning [Unhealthy] Readiness probe failed: HTTP probe failed with statuscode: 503 [helmmetricsserviceit:test-hivemq-platform-0]
2025-01-29 13:42:41,102 INFO c.h.h.t.HelmChartContainer - Received Unhealthy event for container hivemq in pod test-hivemq-platform-0 [53c343ef-9ca4-41b3-8c84-e8cd812fc944]
2025-01-29 13:42:41,105 INFO c.h.h.t.HelmChartContainer - [test-hivemq-platform] [hivemq] [53c343ef] INFO  - No valid license file for Data Hub found. Using free license, restricted to 1 policy.
2025-01-29 13:42:42,410 INFO c.h.h.t.HelmChartContainer - [test-hivemq-platform] [hivemq] [53c343ef] INFO  - Audit Logger started.
2025-01-29 13:42:42,702 INFO c.h.h.t.HelmChartContainer - [test-hivemq-platform] [hivemq] [53c343ef] INFO  - This node uses '1' CPU cores.
2025-01-29 13:42:42,706 INFO c.h.h.t.HelmChartContainer - [test-hivemq-platform] [hivemq] [53c343ef] INFO  - Starting HiveMQ Health API on address 0.0.0.0 and port 8889
2025-01-29 13:42:43,513 INFO c.h.h.t.HelmChartContainer - [test-hivemq-platform] [hivemq] [53c343ef] INFO  - Started HiveMQ Health API in 807ms
2025-01-29 13:42:44,205 INFO c.h.h.t.HelmChartContainer - [test-hivemq-platform] [hivemq] [53c343ef] INFO  - Starting HiveMQ extension system.
2025-01-29 13:42:44,506 INFO c.h.h.t.HelmChartContainer - [test-hivemq-platform] [hivemq] [53c343ef] INFO  - Starting extension with id "hivemq-dns-cluster-discovery" at /opt/hivemq/extensions/hivemq-dns-cluster-discovery
2025-01-29 13:42:45,005 INFO c.h.h.t.HelmChartContainer - [test-hivemq-platform] [hivemq] [53c343ef] INFO  - Extension "DNS Cluster Discovery Extension" version 4.3.2 started successfully.
2025-01-29 13:42:45,005 INFO c.h.h.t.HelmChartContainer - [test-hivemq-platform] [hivemq] [53c343ef] INFO  - Starting extension with id "hivemq-prometheus-extension" at /opt/hivemq/extensions/hivemq-prometheus-extension
2025-01-29 13:42:45,100 INFO c.h.h.t.HelmChartContainer - [test-hivemq-platform] [hivemq] [53c343ef] INFO  - Using TCP cluster transport on address 10.42.0.10 and port 7000
2025-01-29 13:42:45,196 INFO c.h.h.t.HelmChartContainer - [test-hivemq-platform] [hivemq] [53c343ef] INFO  - Using extension cluster discovery
2025-01-29 13:42:46,099 INFO c.h.h.t.HelmChartContainer - [test-hivemq-platform] [hivemq] [53c343ef] INFO  - Started Jetty Server exposing Prometheus Servlet on URI http://0.0.0.0:9399/
2025-01-29 13:42:46,100 INFO c.h.h.t.HelmChartContainer - [test-hivemq-platform] [hivemq] [53c343ef] INFO  - Extension "Prometheus Monitoring Extension" version 4.0.12 started successfully.
2025-01-29 13:42:46,100 INFO c.h.h.t.HelmChartContainer - [test-hivemq-platform] [hivemq] [53c343ef] INFO  - Starting extension with id "hivemq-allow-all-extension" at /opt/hivemq/extensions/hivemq-allow-all-extension
2025-01-29 13:42:46,100 INFO c.h.h.t.HelmChartContainer - [test-hivemq-platform] [hivemq] [53c343ef] WARN  - 
2025-01-29 13:42:46,100 INFO c.h.h.t.HelmChartContainer - [test-hivemq-platform] [hivemq] [53c343ef] ################################################################################################################
2025-01-29 13:42:46,100 INFO c.h.h.t.HelmChartContainer - [test-hivemq-platform] [hivemq] [53c343ef] # This HiveMQ deployment is not secure! You are lacking Authentication and Authorization.                      #
2025-01-29 13:42:46,100 INFO c.h.h.t.HelmChartContainer - [test-hivemq-platform] [hivemq] [53c343ef] # Right now any MQTT client can connect to the broker with a full set of permissions.                          #
2025-01-29 13:42:46,100 INFO c.h.h.t.HelmChartContainer - [test-hivemq-platform] [hivemq] [53c343ef] # For production usage, add an appropriate security extension and remove the hivemq-allow-all extension.       #
2025-01-29 13:42:46,100 INFO c.h.h.t.HelmChartContainer - [test-hivemq-platform] [hivemq] [53c343ef] # You can download security extensions from the HiveMQ Marketplace (https://www.hivemq.com/extensions/).       #
2025-01-29 13:42:46,100 INFO c.h.h.t.HelmChartContainer - [test-hivemq-platform] [hivemq] [53c343ef] ################################################################################################################
2025-01-29 13:42:46,103 INFO c.h.h.t.HelmChartContainer - [test-hivemq-platform] [hivemq] [53c343ef] INFO  - Extension "Allow All Extension" version 1.1.1 started successfully.
2025-01-29 13:42:46,146 INFO c.h.h.t.HelmChartContainer - [hivemq-test-hivemq-platform] [hivemq-platform-operator] [81f17163] 13:42:46.143 [pool-6-thread-9] DEBUG c.h.p.o.d.PlatformServiceResource - [helmmetr] Desired Platform services (4 services)
2025-01-29 13:42:46,147 INFO c.h.h.t.HelmChartContainer - [hivemq-test-hivemq-platform] [hivemq-platform-operator] [81f17163] 13:42:46.144 [pool-6-thread-5] DEBUG c.h.p.o.dependants.PodInfoConfigMap - [helmmetr] Desired PodInfo ConfigMap (1 extensions) (1 enabled)
2025-01-29 13:42:46,147 INFO c.h.h.t.HelmChartContainer - [hivemq-test-hivemq-platform] [hivemq-platform-operator] [81f17163] 13:42:46.144 [pool-6-thread-5] DEBUG c.h.p.o.dependants.PodInfoConfigMap - [helmmetr] Desired PodInfo ConfigMap (metrics port: 9399) (metrics path: /)
2025-01-29 13:42:46,147 INFO c.h.h.t.HelmChartContainer - [hivemq-test-hivemq-platform] [hivemq-platform-operator] [81f17163] 13:42:46.144 [pool-6-thread-5] DEBUG c.h.p.o.dependants.PodInfoConfigMap - [helmmetr] Desired PodInfo ConfigMap (extension state hash: -1817474005)
2025-01-29 13:42:46,147 INFO c.h.h.t.HelmChartContainer - [hivemq-test-hivemq-platform] [hivemq-platform-operator] [81f17163] 13:42:46.145 [pool-6-thread-7] DEBUG c.h.p.o.d.PodServiceAccountResource - [helmmetr] Desired PodServiceAccountResource (serviceAccountName: hivemq-platform-pod-test-hivemq-platform)
2025-01-29 13:42:46,154 INFO c.h.h.t.HelmChartContainer - [hivemq-test-hivemq-platform] [hivemq-platform-operator] [81f17163] 13:42:46.152 [pool-6-thread-9] DEBUG c.h.p.o.d.StatefulSetResource - [helmmetr] Desired StatefulSet (1 replicas) for status STARTING (READY)
2025-01-29 13:42:46,157 INFO c.h.h.t.HelmChartContainer - [hivemq-test-hivemq-platform] [hivemq-platform-operator] [81f17163] 13:42:46.156 [ReconcilerExecutor-hivemq-controller-114] INFO  c.h.p.o.HiveMQPlatformReconciler - [helmmetr] Reconciling HiveMQ Platform 'test-hivemq-platform' in namespace 'helmmetricsserviceit'
2025-01-29 13:42:46,158 INFO c.h.h.t.HelmChartContainer - [hivemq-test-hivemq-platform] [hivemq-platform-operator] [81f17163] 13:42:46.156 [ReconcilerExecutor-hivemq-controller-114] DEBUG c.h.p.o.HiveMQPlatformReconciler - [helmmetr] Custom Resource Status STARTING - HiveMQ Platform is starting (READY)
2025-01-29 13:42:46,159 INFO c.h.h.t.HelmChartContainer - [hivemq-test-hivemq-platform] [hivemq-platform-operator] [81f17163] 13:42:46.156 [ReconcilerExecutor-hivemq-controller-114] DEBUG c.h.p.o.HiveMQPlatformReconciler - [helmmetr] Custom Resource Spec (replicas: 1) (extensions: 1)
2025-01-29 13:42:46,159 INFO c.h.h.t.HelmChartContainer - [hivemq-test-hivemq-platform] [hivemq-platform-operator] [81f17163] 13:42:46.157 [ReconcilerExecutor-hivemq-controller-114] DEBUG c.h.p.o.HiveMQPlatformReconciler - [helmmetr] StatefulSet Status (revision: test-hivemq-platform-69f859d85d, replicas: 1, available: 0, ready: 0, current: 1, updated: 1)
2025-01-29 13:42:46,159 INFO c.h.h.t.HelmChartContainer - [hivemq-test-hivemq-platform] [hivemq-platform-operator] [81f17163] 13:42:46.158 [ReconcilerExecutor-hivemq-controller-114] DEBUG c.h.p.o.HiveMQPlatformReconciler - [helmmetr] StatefulSet Spec (replicas: 1, init containers: 1, containers: 1, volumes: 3)
2025-01-29 13:42:46,160 INFO c.h.h.t.HelmChartContainer - [hivemq-test-hivemq-platform] [hivemq-platform-operator] [81f17163] 13:42:46.159 [ReconcilerExecutor-hivemq-controller-114] DEBUG c.h.p.o.h.HiveMQPlatformReconcilerErrorHandler - [helmmetr] Pod 'test-hivemq-platform-0' phase Running
2025-01-29 13:42:46,161 INFO c.h.h.t.HelmChartContainer - [hivemq-test-hivemq-platform] [hivemq-platform-operator] [81f17163] 13:42:46.160 [ReconcilerExecutor-hivemq-controller-114] INFO  c.h.p.o.h.HiveMQPlatformReconcilerBaseHandler - [helmmetr] HiveMQ Platform is starting, 0 of 1 replicas are ready
2025-01-29 13:42:46,695 INFO c.h.h.t.HelmChartContainer - [test-hivemq-platform] [hivemq] [53c343ef] INFO  - [HiveMQ Platform Operator Init App 1.7.0-SNAPSHOT] Returning Health API response 503 for readiness
2025-01-29 13:42:46,701 INFO c.h.h.t.HelmChartContainer - [EVENT] Warning [Unhealthy] Readiness probe failed: HTTP probe failed with statuscode: 503 [helmmetricsserviceit:test-hivemq-platform-0]
2025-01-29 13:42:46,701 INFO c.h.h.t.HelmChartContainer - Received Unhealthy event for container hivemq in pod test-hivemq-platform-0 [53c343ef-9ca4-41b3-8c84-e8cd812fc944]
2025-01-29 13:42:48,200 INFO c.h.h.t.HelmChartContainer - [test-hivemq-platform] [hivemq] [53c343ef] INFO  - uSWiN: no members discovered after 2299 ms: creating cluster as first member
2025-01-29 13:42:48,206 INFO c.h.h.t.HelmChartContainer - [test-hivemq-platform] [hivemq] [53c343ef] INFO  - Cluster nodes found by discovery: [uSWiN|0] (1) [uSWiN].
2025-01-29 13:42:48,298 INFO c.h.h.t.HelmChartContainer - [test-hivemq-platform] [hivemq] [53c343ef] INFO  - Starting HiveMQ REST API on address 0.0.0.0 and port 8890
2025-01-29 13:42:48,697 INFO c.h.h.t.HelmChartContainer - [test-hivemq-platform] [hivemq] [53c343ef] INFO  - Started HiveMQ REST API in 398ms
2025-01-29 13:42:48,698 INFO c.h.h.t.HelmChartContainer - [test-hivemq-platform] [hivemq] [53c343ef] WARN  - No user for HiveMQ Control Center configured. Starting with default user
2025-01-29 13:42:48,698 INFO c.h.h.t.HelmChartContainer - [test-hivemq-platform] [hivemq] [53c343ef] INFO  - Starting HiveMQ Control Center on address 0.0.0.0 and port 8081
2025-01-29 13:42:48,702 INFO c.h.h.t.HelmChartContainer - [test-hivemq-platform] [hivemq] [53c343ef] INFO  - Mounting HiveMQ Control Center V2 Preview
2025-01-29 13:42:49,213 INFO c.h.h.t.HelmChartContainer - [test-hivemq-platform] [hivemq] [53c343ef] INFO  - Started HiveMQ Control Center in 515ms
2025-01-29 13:42:49,306 INFO c.h.h.t.HelmChartContainer - [test-hivemq-platform] [hivemq] [53c343ef] INFO  - Starting TCP listener on address 0.0.0.0 and port 1883
2025-01-29 13:42:49,398 INFO c.h.h.t.HelmChartContainer - [test-hivemq-platform] [hivemq] [53c343ef] INFO  - Started TCP Listener on address 0.0.0.0 and on port 1883.
2025-01-29 13:42:49,399 INFO c.h.h.t.HelmChartContainer - [test-hivemq-platform] [hivemq] [53c343ef] INFO  - Started HiveMQ in 32091ms
2025-01-29 13:42:51,017 INFO c.h.h.t.HelmChartContainer - [test-hivemq-platform] [hivemq] [53c343ef] INFO  - [HiveMQ Platform Operator Init App 1.7.0-SNAPSHOT] Returning Health API response 200 for readiness
2025-01-29 13:42:51,031 INFO c.h.h.t.HelmChartContainer - [POD] test-hivemq-platform-0 [53c343ef-9ca4-41b3-8c84-e8cd812fc944] in helmmetricsserviceit was MODIFIED
2025-01-29 13:42:51,047 INFO c.h.h.t.HelmChartContainer - [hivemq-test-hivemq-platform] [hivemq-platform-operator] [81f17163] 13:42:51.036 [pool-6-thread-19] DEBUG c.h.p.o.d.PlatformServiceResource - [helmmetr] Desired Platform services (4 services)
2025-01-29 13:42:51,047 INFO c.h.h.t.HelmChartContainer - [hivemq-test-hivemq-platform] [hivemq-platform-operator] [81f17163] 13:42:51.039 [pool-6-thread-17] DEBUG c.h.p.o.d.PodServiceAccountResource - [helmmetr] Desired PodServiceAccountResource (serviceAccountName: hivemq-platform-pod-test-hivemq-platform)
2025-01-29 13:42:51,047 INFO c.h.h.t.HelmChartContainer - [hivemq-test-hivemq-platform] [hivemq-platform-operator] [81f17163] 13:42:51.040 [pool-6-thread-16] DEBUG c.h.p.o.dependants.PodInfoConfigMap - [helmmetr] Desired PodInfo ConfigMap (1 extensions) (1 enabled)
2025-01-29 13:42:51,047 INFO c.h.h.t.HelmChartContainer - [hivemq-test-hivemq-platform] [hivemq-platform-operator] [81f17163] 13:42:51.042 [pool-6-thread-16] DEBUG c.h.p.o.dependants.PodInfoConfigMap - [helmmetr] Desired PodInfo ConfigMap (metrics port: 9399) (metrics path: /)
2025-01-29 13:42:51,047 INFO c.h.h.t.HelmChartContainer - [hivemq-test-hivemq-platform] [hivemq-platform-operator] [81f17163] 13:42:51.042 [pool-6-thread-16] DEBUG c.h.p.o.dependants.PodInfoConfigMap - [helmmetr] Desired PodInfo ConfigMap (extension state hash: -1817474005)
2025-01-29 13:42:51,056 INFO c.h.h.t.HelmChartContainer - [hivemq-test-hivemq-platform] [hivemq-platform-operator] [81f17163] 13:42:51.049 [pool-6-thread-19] DEBUG c.h.p.o.d.StatefulSetResource - [helmmetr] Desired StatefulSet (1 replicas) for status STARTING (READY)
2025-01-29 13:42:51,133 INFO c.h.h.t.HelmChartContainer - [hivemq-test-hivemq-platform] [hivemq-platform-operator] [81f17163] 13:42:51.132 [ReconcilerExecutor-hivemq-controller-115] INFO  c.h.p.o.HiveMQPlatformReconciler - [helmmetr] Reconciling HiveMQ Platform 'test-hivemq-platform' in namespace 'helmmetricsserviceit'
2025-01-29 13:42:51,136 INFO c.h.h.t.HelmChartContainer - [hivemq-test-hivemq-platform] [hivemq-platform-operator] [81f17163] 13:42:51.132 [ReconcilerExecutor-hivemq-controller-115] DEBUG c.h.p.o.HiveMQPlatformReconciler - [helmmetr] Custom Resource Status STARTING - HiveMQ Platform is starting (READY)
2025-01-29 13:42:51,136 INFO c.h.h.t.HelmChartContainer - [hivemq-test-hivemq-platform] [hivemq-platform-operator] [81f17163] 13:42:51.132 [ReconcilerExecutor-hivemq-controller-115] DEBUG c.h.p.o.HiveMQPlatformReconciler - [helmmetr] Custom Resource Spec (replicas: 1) (extensions: 1)
2025-01-29 13:42:51,136 INFO c.h.h.t.HelmChartContainer - [hivemq-test-hivemq-platform] [hivemq-platform-operator] [81f17163] 13:42:51.134 [ReconcilerExecutor-hivemq-controller-115] DEBUG c.h.p.o.HiveMQPlatformReconciler - [helmmetr] StatefulSet Status (revision: test-hivemq-platform-69f859d85d, replicas: 1, available: 1, ready: 1, current: 1, updated: 1)
2025-01-29 13:42:51,137 INFO c.h.h.t.HelmChartContainer - [hivemq-test-hivemq-platform] [hivemq-platform-operator] [81f17163] 13:42:51.134 [ReconcilerExecutor-hivemq-controller-115] DEBUG c.h.p.o.HiveMQPlatformReconciler - [helmmetr] StatefulSet Spec (replicas: 1, init containers: 1, containers: 1, volumes: 3)
2025-01-29 13:42:51,138 INFO c.h.h.t.HelmChartContainer - [hivemq-test-hivemq-platform] [hivemq-platform-operator] [81f17163] 13:42:51.135 [ReconcilerExecutor-hivemq-controller-115] DEBUG c.h.p.o.h.HiveMQPlatformReconcilerErrorHandler - [helmmetr] Pod 'test-hivemq-platform-0' phase Running
2025-01-29 13:42:51,138 INFO c.h.h.t.HelmChartContainer - [hivemq-test-hivemq-platform] [hivemq-platform-operator] [81f17163] 13:42:51.136 [ReconcilerExecutor-hivemq-controller-115] INFO  c.h.p.o.h.HiveMQPlatformReconcilerBaseHandler - [helmmetr] HiveMQ Platform started successfully
2025-01-29 13:42:51,232 INFO c.h.h.t.HelmChartContainer - [hivemq-test-hivemq-platform] [hivemq-platform-operator] [81f17163] 13:42:51.230 [ReconcilerExecutor-hivemq-controller-115] DEBUG c.h.p.operator.event.EventSender - [helmmetr] Creating K8s event hivemq-platform-ready: [Ready] HiveMQ Platform is ready
2025-01-29 13:42:51,236 INFO c.h.h.t.HelmChartContainer - [EVENT] Normal [Ready] HiveMQ Platform is ready [helmmetricsserviceit:test-hivemq-platform]
2025-01-29 13:42:51,237 INFO c.h.h.t.HelmChartContainer - [hivemq-test-hivemq-platform] [hivemq-platform-operator] [81f17163] 13:42:51.236 [ReconcilerExecutor-hivemq-controller-115] INFO  c.h.p.o.h.AbstractHiveMQReconcilerStateHandler - [helmmetr] Update HiveMQ Platform Status (STARTING [READY] -> RUNNING [READY]): HiveMQ Platform is ready
2025-01-29 13:42:51,248 DEBUG com.hivemq.helmcharts.util.K8sUtil - Comparing actual state 'RUNNING' and waiting for 'RUNNING'
2025-01-29 13:42:51,323 INFO c.h.h.t.HelmChartContainer - [hivemq-test-hivemq-platform] [hivemq-platform-operator] [81f17163] 13:42:51.321 [pool-6-thread-21] DEBUG c.h.p.o.d.PlatformServiceResource - [helmmetr] Desired Platform services (4 services)
2025-01-29 13:42:51,326 INFO c.h.h.t.HelmChartContainer - [hivemq-test-hivemq-platform] [hivemq-platform-operator] [81f17163] 13:42:51.324 [pool-6-thread-27] DEBUG c.h.p.o.dependants.PodInfoConfigMap - [helmmetr] Desired PodInfo ConfigMap (1 extensions) (1 enabled)
2025-01-29 13:42:51,326 INFO c.h.h.t.HelmChartContainer - [hivemq-test-hivemq-platform] [hivemq-platform-operator] [81f17163] 13:42:51.324 [pool-6-thread-27] DEBUG c.h.p.o.dependants.PodInfoConfigMap - [helmmetr] Desired PodInfo ConfigMap (metrics port: 9399) (metrics path: /)
2025-01-29 13:42:51,326 INFO c.h.h.t.HelmChartContainer - [hivemq-test-hivemq-platform] [hivemq-platform-operator] [81f17163] 13:42:51.324 [pool-6-thread-27] DEBUG c.h.p.o.dependants.PodInfoConfigMap - [helmmetr] Desired PodInfo ConfigMap (extension state hash: -1817474005)
2025-01-29 13:42:51,326 INFO c.h.h.t.HelmChartContainer - [hivemq-test-hivemq-platform] [hivemq-platform-operator] [81f17163] 13:42:51.324 [pool-6-thread-27] DEBUG c.h.p.o.dependants.PodInfoConfigMap - [helmmetr] Update PodInfo ConfigMap
2025-01-29 13:42:51,338 INFO c.h.h.t.HelmChartContainer - [hivemq-test-hivemq-platform] [hivemq-platform-operator] [81f17163] 13:42:51.332 [pool-6-thread-26] DEBUG c.h.p.o.d.PodServiceAccountResource - [helmmetr] Desired PodServiceAccountResource (serviceAccountName: hivemq-platform-pod-test-hivemq-platform)
2025-01-29 13:42:51,354 INFO c.h.h.t.HelmChartContainer - [hivemq-test-hivemq-platform] [hivemq-platform-operator] [81f17163] 13:42:51.352 [pool-6-thread-27] DEBUG c.h.p.o.d.StatefulSetResource - [helmmetr] Desired StatefulSet (1 replicas) for status RUNNING (READY)
2025-01-29 13:42:51,422 INFO c.h.h.t.HelmChartContainer - [hivemq-test-hivemq-platform] [hivemq-platform-operator] [81f17163] 13:42:51.420 [ReconcilerExecutor-hivemq-controller-116] INFO  c.h.p.o.HiveMQPlatformReconciler - [helmmetr] Reconciling HiveMQ Platform 'test-hivemq-platform' in namespace 'helmmetricsserviceit'
2025-01-29 13:42:51,422 INFO c.h.h.t.HelmChartContainer - [hivemq-test-hivemq-platform] [hivemq-platform-operator] [81f17163] 13:42:51.420 [ReconcilerExecutor-hivemq-controller-116] DEBUG c.h.p.o.HiveMQPlatformReconciler - [helmmetr] Custom Resource Status RUNNING - HiveMQ Platform is ready (READY)
2025-01-29 13:42:51,422 INFO c.h.h.t.HelmChartContainer - [hivemq-test-hivemq-platform] [hivemq-platform-operator] [81f17163] 13:42:51.420 [ReconcilerExecutor-hivemq-controller-116] DEBUG c.h.p.o.HiveMQPlatformReconciler - [helmmetr] Custom Resource Spec (replicas: 1) (extensions: 1)
2025-01-29 13:42:51,432 INFO c.h.h.t.HelmChartContainer - [hivemq-test-hivemq-platform] [hivemq-platform-operator] [81f17163] 13:42:51.431 [ReconcilerExecutor-hivemq-controller-116] DEBUG c.h.p.o.HiveMQPlatformReconciler - [helmmetr] StatefulSet Status (revision: test-hivemq-platform-69f859d85d, replicas: 1, available: 1, ready: 1, current: 1, updated: 1)
2025-01-29 13:42:51,432 INFO c.h.h.t.HelmChartContainer - [hivemq-test-hivemq-platform] [hivemq-platform-operator] [81f17163] 13:42:51.431 [ReconcilerExecutor-hivemq-controller-116] DEBUG c.h.p.o.HiveMQPlatformReconciler - [helmmetr] StatefulSet Spec (replicas: 1, init containers: 1, containers: 1, volumes: 3)
2025-01-29 13:42:51,435 INFO c.h.h.t.HelmChartContainer - [hivemq-test-hivemq-platform] [hivemq-platform-operator] [81f17163] 13:42:51.433 [ReconcilerExecutor-hivemq-controller-116] DEBUG c.h.p.o.h.HiveMQPlatformReconcilerErrorHandler - [helmmetr] Pod 'test-hivemq-platform-0' phase Running
2025-01-29 13:42:54,393 INFO c.h.helmcharts.util.MonitoringUtil - Asserting Prometheus subscribes metrics...
2025-01-29 13:42:55,342 INFO c.h.helmcharts.util.MonitoringUtil - Asserted subscribes metrics (948 ms)
2025-01-29 13:42:55,342 INFO c.h.helmcharts.util.MonitoringUtil - Asserting Prometheus publishes metrics...
2025-01-29 13:42:55,708 INFO c.h.helmcharts.util.MonitoringUtil - Asserted publishes metrics (366 ms)
2025-01-29 13:42:55,709 INFO c.h.h.t.HelmChartContainer - Uninstalling release 'test-hivemq-platform' in namespace 'helmmetricsserviceit'...
2025-01-29 13:42:55,709 DEBUG c.h.h.t.HelmChartContainer - Executing helm command: /bin/helm --kubeconfig /etc/rancher/k3s/k3s.yaml uninstall test-hivemq-platform  --wait --timeout 5m0s --cascade foreground --namespace helmmetricsserviceit
2025-01-29 13:42:55,935 INFO c.h.h.t.HelmChartContainer - [hivemq-test-hivemq-platform] [hivemq-platform-operator] [81f17163] 13:42:55.929 [pool-6-thread-33] DEBUG c.h.p.o.d.PlatformServiceResource - [helmmetr] Desired Platform services (4 services)
2025-01-29 13:42:55,935 INFO c.h.h.t.HelmChartContainer - [hivemq-test-hivemq-platform] [hivemq-platform-operator] [81f17163] 13:42:55.931 [pool-6-thread-39] DEBUG c.h.p.o.d.PodServiceAccountResource - [helmmetr] Desired PodServiceAccountResource (serviceAccountName: hivemq-platform-pod-test-hivemq-platform)
2025-01-29 13:42:55,939 INFO c.h.h.t.HelmChartContainer - [hivemq-test-hivemq-platform] [hivemq-platform-operator] [81f17163] 13:42:55.932 [pool-6-thread-37] DEBUG c.h.p.o.dependants.PodInfoConfigMap - [helmmetr] Desired PodInfo ConfigMap (1 extensions) (1 enabled)
2025-01-29 13:42:55,939 INFO c.h.h.t.HelmChartContainer - [hivemq-test-hivemq-platform] [hivemq-platform-operator] [81f17163] 13:42:55.932 [pool-6-thread-37] DEBUG c.h.p.o.dependants.PodInfoConfigMap - [helmmetr] Desired PodInfo ConfigMap (metrics port: 9399) (metrics path: /)
2025-01-29 13:42:55,939 INFO c.h.h.t.HelmChartContainer - [hivemq-test-hivemq-platform] [hivemq-platform-operator] [81f17163] 13:42:55.932 [pool-6-thread-37] DEBUG c.h.p.o.dependants.PodInfoConfigMap - [helmmetr] Desired PodInfo ConfigMap (extension state hash: -1817474005)
2025-01-29 13:42:55,944 INFO c.h.h.t.HelmChartContainer - [hivemq-test-hivemq-platform] [hivemq-platform-operator] [81f17163] 13:42:55.939 [pool-6-thread-33] DEBUG c.h.p.o.d.StatefulSetResource - [helmmetr] Desired StatefulSet (1 replicas) for status RUNNING (READY)
2025-01-29 13:42:55,953 INFO c.h.h.t.HelmChartContainer - [hivemq-test-hivemq-platform] [hivemq-platform-operator] [81f17163] 13:42:55.945 [ReconcilerExecutor-hivemq-controller-117] INFO  c.h.p.o.HiveMQPlatformReconciler - [helmmetr] Reconciling HiveMQ Platform 'test-hivemq-platform' in namespace 'helmmetricsserviceit'
2025-01-29 13:42:55,953 INFO c.h.h.t.HelmChartContainer - [hivemq-test-hivemq-platform] [hivemq-platform-operator] [81f17163] 13:42:55.945 [ReconcilerExecutor-hivemq-controller-117] DEBUG c.h.p.o.HiveMQPlatformReconciler - [helmmetr] Custom Resource Status RUNNING - HiveMQ Platform is ready (READY)
2025-01-29 13:42:55,953 INFO c.h.h.t.HelmChartContainer - [hivemq-test-hivemq-platform] [hivemq-platform-operator] [81f17163] 13:42:55.945 [ReconcilerExecutor-hivemq-controller-117] DEBUG c.h.p.o.HiveMQPlatformReconciler - [helmmetr] Custom Resource Spec (replicas: 1) (extensions: 1)
2025-01-29 13:42:56,023 INFO c.h.h.t.HelmChartContainer - [hivemq-test-hivemq-platform] [hivemq-platform-operator] [81f17163] 13:42:56.020 [ReconcilerExecutor-hivemq-controller-117] DEBUG c.h.p.o.HiveMQPlatformReconciler - [helmmetr] StatefulSet Status (revision: test-hivemq-platform-69f859d85d, replicas: 1, available: 1, ready: 1, current: 1, updated: 1)
2025-01-29 13:42:56,024 INFO c.h.h.t.HelmChartContainer - [hivemq-test-hivemq-platform] [hivemq-platform-operator] [81f17163] 13:42:56.020 [ReconcilerExecutor-hivemq-controller-117] DEBUG c.h.p.o.HiveMQPlatformReconciler - [helmmetr] StatefulSet Spec (replicas: 1, init containers: 1, containers: 1, volumes: 3)
2025-01-29 13:42:56,024 INFO c.h.h.t.HelmChartContainer - [hivemq-test-hivemq-platform] [hivemq-platform-operator] [81f17163] 13:42:56.022 [ReconcilerExecutor-hivemq-controller-117] DEBUG c.h.p.o.h.HiveMQPlatformReconcilerErrorHandler - [helmmetr] Pod 'test-hivemq-platform-0' phase Running
2025-01-29 13:42:56,131 INFO c.h.h.t.HelmChartContainer - [hivemq-test-hivemq-platform] [hivemq-platform-operator] [81f17163] 13:42:56.123 [ReconcilerExecutor-hivemq-controller-121] INFO  c.h.p.o.HiveMQPlatformReconciler - [helmmetr] Cleanup test-hivemq-platform - helmmetricsserviceit HiveMQ Platform is shut down
2025-01-29 13:42:56,502 INFO c.h.h.t.HelmChartContainer - [K3S] [authentication.go:74] "Unable to authenticate the request" err="[invalid bearer token, serviceaccounts \"hivemq-platform-pod-test-hivemq-platform\" not found]"
2025-01-29 13:42:56,522 INFO c.h.h.t.HelmChartContainer - [K3S] [authentication.go:74] "Unable to authenticate the request" err="[invalid bearer token, serviceaccounts \"hivemq-platform-pod-test-hivemq-platform\" not found]"
2025-01-29 13:42:56,599 INFO c.h.h.t.HelmChartContainer - [test-hivemq-platform] [hivemq] [53c343ef] WARN  - [HiveMQ Platform Operator Init App 1.7.0-SNAPSHOT] Could not update Pod annotations: Failure executing: GET at: https://10.43.0.1:443/api/v1/namespaces/helmmetricsserviceit/pods/test-hivemq-platform-0. Message: Unauthorized. Received status: Status(apiVersion=v1, code=401, details=null, kind=Status, message=Unauthorized, metadata=ListMeta(_continue=null, remainingItemCount=null, resourceVersion=null, selfLink=null, additionalProperties={}), reason=Unauthorized, status=Failure, additionalProperties={}).
2025-01-29 13:42:56,859 INFO c.h.h.t.HelmChartContainer - [POD] test-hivemq-platform-0 [53c343ef-9ca4-41b3-8c84-e8cd812fc944] in helmmetricsserviceit was MODIFIED
2025-01-29 13:42:56,863 INFO c.h.h.t.HelmChartContainer - [EVENT] Normal [Killing] Stopping container hivemq [helmmetricsserviceit:test-hivemq-platform-0]
2025-01-29 13:42:56,863 INFO c.h.h.t.HelmChartContainer - Received Killing event for container hivemq in pod test-hivemq-platform-0 [53c343ef-9ca4-41b3-8c84-e8cd812fc944]
2025-01-29 13:42:56,863 INFO c.h.h.t.HelmChartContainer - Container [test-hivemq-platform-0] [hivemq] [53c343ef-9ca4-41b3-8c84-e8cd812fc944] was terminated
2025-01-29 13:42:56,863 INFO c.h.h.t.HelmChartContainer - Stopped log watcher for hivemq in pod test-hivemq-platform-0 [53c343ef-9ca4-41b3-8c84-e8cd812fc944]
2025-01-29 13:42:56,869 INFO c.h.h.t.HelmChartContainer - [test-hivemq-platform] [hivemq] [53c343ef] INFO  - [HiveMQ Platform Operator Init App 1.7.0-SNAPSHOT] Shutting down
2025-01-29 13:42:56,869 INFO c.h.h.t.HelmChartContainer - [test-hivemq-platform] [hivemq] [53c343ef] INFO  - [HiveMQ Platform Operator Init App 1.7.0-SNAPSHOT] Stopping the HiveMQ Platform
2025-01-29 13:42:56,995 INFO c.h.h.t.HelmChartContainer - [test-hivemq-platform] [hivemq] [53c343ef] INFO  - Shutting down HiveMQ. Please wait, this could take a while...
2025-01-29 13:42:57,081 INFO c.h.h.t.HelmChartContainer - [test-hivemq-platform] [hivemq] [53c343ef] INFO  - Shutting down listeners and clients
2025-01-29 13:42:57,081 INFO c.h.h.t.HelmChartContainer - [test-hivemq-platform] [hivemq] [53c343ef] INFO  - Shutdown of listeners is done
2025-01-29 13:42:57,082 INFO c.h.h.t.HelmChartContainer - [test-hivemq-platform] [hivemq] [53c343ef] INFO  - No clients are connected, proceeding with shutdown
2025-01-29 13:42:57,992 INFO c.h.h.t.HelmChartContainer - Deleting namespace 'helmmetricsserviceit'...
2025-01-29 13:43:00,302 INFO c.h.h.t.HelmChartContainer - [test-hivemq-platform] [hivemq] [53c343ef] INFO  - Shutting down extension system
2025-01-29 13:43:00,304 INFO c.h.h.t.HelmChartContainer - [test-hivemq-platform] [hivemq] [53c343ef] INFO  - Stopping extension with id hivemq-dns-cluster-discovery
2025-01-29 13:43:00,305 INFO c.h.h.t.HelmChartContainer - [test-hivemq-platform] [hivemq] [53c343ef] INFO  - Extension "DNS Cluster Discovery Extension" version 4.3.2 stopped successfully.
2025-01-29 13:43:00,306 INFO c.h.h.t.HelmChartContainer - [test-hivemq-platform] [hivemq] [53c343ef] INFO  - Stopping extension with id hivemq-prometheus-extension
2025-01-29 13:43:00,308 INFO c.h.h.t.HelmChartContainer - [test-hivemq-platform] [hivemq] [53c343ef] INFO  - Extension "Prometheus Monitoring Extension" version 4.0.12 stopped successfully.
2025-01-29 13:43:00,309 INFO c.h.h.t.HelmChartContainer - [test-hivemq-platform] [hivemq] [53c343ef] INFO  - Stopping extension with id hivemq-allow-all-extension
2025-01-29 13:43:00,310 INFO c.h.h.t.HelmChartContainer - [test-hivemq-platform] [hivemq] [53c343ef] INFO  - Extension "Allow All Extension" version 1.1.1 stopped successfully.
2025-01-29 13:43:01,011 INFO c.h.h.t.HelmChartContainer - [test-hivemq-platform] [hivemq] [53c343ef] INFO  - [HiveMQ Platform Operator Init App 1.7.0-SNAPSHOT] Returning shutdown Health API response 503 for readiness
2025-01-29 13:43:01,016 INFO c.h.h.t.HelmChartContainer - [EVENT] Warning [Unhealthy] Readiness probe failed: HTTP probe failed with statuscode: 503 [helmmetricsserviceit:test-hivemq-platform-0]
2025-01-29 13:43:01,016 INFO c.h.h.t.HelmChartContainer - Received Unhealthy event for container hivemq in pod test-hivemq-platform-0 [53c343ef-9ca4-41b3-8c84-e8cd812fc944]
2025-01-29 13:43:01,602 INFO c.h.h.t.HelmChartContainer - [K3S] [authentication.go:74] "Unable to authenticate the request" err="[invalid bearer token, serviceaccounts \"hivemq-platform-pod-test-hivemq-platform\" not found]"
2025-01-29 13:43:01,615 INFO c.h.h.t.HelmChartContainer - [K3S] [authentication.go:74] "Unable to authenticate the request" err="[invalid bearer token, serviceaccounts \"hivemq-platform-pod-test-hivemq-platform\" not found]"
2025-01-29 13:43:01,618 INFO c.h.h.t.HelmChartContainer - [test-hivemq-platform] [hivemq] [53c343ef] WARN  - [HiveMQ Platform Operator Init App 1.7.0-SNAPSHOT] Could not update Pod annotations: Failure executing: GET at: https://10.43.0.1:443/api/v1/namespaces/helmmetricsserviceit/pods/test-hivemq-platform-0. Message: Unauthorized. Received status: Status(apiVersion=v1, code=401, details=null, kind=Status, message=Unauthorized, metadata=ListMeta(_continue=null, remainingItemCount=null, resourceVersion=null, selfLink=null, additionalProperties={}), reason=Unauthorized, status=Failure, additionalProperties={}).
2025-01-29 13:43:02,578 INFO c.h.h.t.HelmChartContainer - [test-hivemq-platform] [hivemq] [53c343ef] INFO  - Shutdown completed.
2025-01-29 13:43:02,930 INFO c.h.h.t.HelmChartContainer - [test-hivemq-platform] [hivemq] [53c343ef] INFO  - [HiveMQ Platform Operator Init App 1.7.0-SNAPSHOT] The HiveMQ Platform exited with code 143
2025-01-29 13:43:02,930 INFO c.h.h.t.HelmChartContainer - [test-hivemq-platform] [hivemq] [53c343ef] INFO  - [HiveMQ Platform Operator Init App 1.7.0-SNAPSHOT] Stopping the REST API
2025-01-29 13:43:02,935 INFO c.h.h.t.HelmChartContainer - [test-hivemq-platform] [hivemq] [53c343ef] INFO  - [HiveMQ Platform Operator Init App 1.7.0-SNAPSHOT] Shutdown complete
2025-01-29 13:43:03,134 INFO c.h.h.t.HelmChartContainer - [K3S] [stateful_set.go:466] "StatefulSet has been deleted" key="helmmetricsserviceit/test-hivemq-platform"
2025-01-29 13:43:03,446 INFO c.h.h.t.HelmChartContainer - [POD] test-hivemq-platform-0 [53c343ef-9ca4-41b3-8c84-e8cd812fc944] in helmmetricsserviceit was MODIFIED
2025-01-29 13:43:03,512 INFO c.h.h.t.HelmChartContainer - [K3S] [reconciler_common.go:162] "operationExecutor.UnmountVolume started for volume \"pod-info\" (UniqueName: \"kubernetes.io/configmap/53c343ef-9ca4-41b3-8c84-e8cd812fc944-pod-info\") pod \"53c343ef-9ca4-41b3-8c84-e8cd812fc944\" (UID: \"53c343ef-9ca4-41b3-8c84-e8cd812fc944\") "
2025-01-29 13:43:03,512 INFO c.h.h.t.HelmChartContainer - [K3S] [reconciler_common.go:162] "operationExecutor.UnmountVolume started for volume \"broker-configuration\" (UniqueName: \"kubernetes.io/configmap/53c343ef-9ca4-41b3-8c84-e8cd812fc944-broker-configuration\") pod \"53c343ef-9ca4-41b3-8c84-e8cd812fc944\" (UID: \"53c343ef-9ca4-41b3-8c84-e8cd812fc944\") "
2025-01-29 13:43:03,512 INFO c.h.h.t.HelmChartContainer - [K3S] [reconciler_common.go:162] "operationExecutor.UnmountVolume started for volume \"operator-init\" (UniqueName: \"kubernetes.io/empty-dir/53c343ef-9ca4-41b3-8c84-e8cd812fc944-operator-init\") pod \"53c343ef-9ca4-41b3-8c84-e8cd812fc944\" (UID: \"53c343ef-9ca4-41b3-8c84-e8cd812fc944\") "
2025-01-29 13:43:03,513 INFO c.h.h.t.HelmChartContainer - [K3S] [reconciler_common.go:162] "operationExecutor.UnmountVolume started for volume \"kube-api-access-pxwzb\" (UniqueName: \"kubernetes.io/projected/53c343ef-9ca4-41b3-8c84-e8cd812fc944-kube-api-access-pxwzb\") pod \"53c343ef-9ca4-41b3-8c84-e8cd812fc944\" (UID: \"53c343ef-9ca4-41b3-8c84-e8cd812fc944\") "
2025-01-29 13:43:03,613 INFO c.h.h.t.HelmChartContainer - [K3S] [reconciler_common.go:299] "Volume detached for volume \"broker-configuration\" (UniqueName: \"kubernetes.io/configmap/53c343ef-9ca4-41b3-8c84-e8cd812fc944-broker-configuration\") on node \"2553df930ab9\" DevicePath \"\""
2025-01-29 13:43:03,613 INFO c.h.h.t.HelmChartContainer - [K3S] [reconciler_common.go:299] "Volume detached for volume \"pod-info\" (UniqueName: \"kubernetes.io/configmap/53c343ef-9ca4-41b3-8c84-e8cd812fc944-pod-info\") on node \"2553df930ab9\" DevicePath \"\""
2025-01-29 13:43:03,613 INFO c.h.h.t.HelmChartContainer - [K3S] [reconciler_common.go:299] "Volume detached for volume \"kube-api-access-pxwzb\" (UniqueName: \"kubernetes.io/projected/53c343ef-9ca4-41b3-8c84-e8cd812fc944-kube-api-access-pxwzb\") on node \"2553df930ab9\" DevicePath \"\""
2025-01-29 13:43:03,613 INFO c.h.h.t.HelmChartContainer - [K3S] [reconciler_common.go:299] "Volume detached for volume \"operator-init\" (UniqueName: \"kubernetes.io/empty-dir/53c343ef-9ca4-41b3-8c84-e8cd812fc944-operator-init\") on node \"2553df930ab9\" DevicePath \"\""
2025-01-29 13:43:03,764 INFO c.h.h.t.HelmChartContainer - [K3S] [scope.go:117] "RemoveContainer" containerID="2fb75a8f0e5bb079506af714d150e68c0b06d4822ef6ff2f1d1f37806beb6a86"
2025-01-29 13:43:03,778 INFO c.h.h.t.HelmChartContainer - [POD] test-hivemq-platform-0 [53c343ef-9ca4-41b3-8c84-e8cd812fc944] in helmmetricsserviceit was MODIFIED
2025-01-29 13:43:03,781 INFO c.h.h.t.HelmChartContainer - [POD] test-hivemq-platform-0 [53c343ef-9ca4-41b3-8c84-e8cd812fc944] in helmmetricsserviceit was DELETED
2025-01-29 13:43:03,875 INFO c.h.h.t.HelmChartContainer - [K3S] [scope.go:117] "RemoveContainer" containerID="c0535260eaa4b3a394d2ab29348ea0b1eb34f511ea1e0fd55d04be3d0173a534"
2025-01-29 13:43:03,878 INFO c.h.h.t.HelmChartContainer - [K3S] [scope.go:117] "RemoveContainer" containerID="2fb75a8f0e5bb079506af714d150e68c0b06d4822ef6ff2f1d1f37806beb6a86"
2025-01-29 13:43:03,879 INFO c.h.h.t.HelmChartContainer - [K3S] [scope.go:117] "RemoveContainer" containerID="c0535260eaa4b3a394d2ab29348ea0b1eb34f511ea1e0fd55d04be3d0173a534"
2025-01-29 13:43:05,189 INFO c.h.h.t.HelmChartContainer - [K3S] [kubelet_volumes.go:163] "Cleaned up orphaned pod volumes dir" podUID="53c343ef-9ca4-41b3-8c84-e8cd812fc944" path="/var/lib/kubelet/pods/53c343ef-9ca4-41b3-8c84-e8cd812fc944/volumes"
2025-01-29 13:43:08,328 INFO c.h.h.t.HelmChartContainer - Namespace 'helmmetricsserviceit' deleted
2025-01-29 13:43:08,328 INFO c.h.h.t.HelmChartContainer - Release 'test-hivemq-platform' in namespace 'helmmetricsserviceit' is uninstalled
2025-01-29 13:43:08,328 INFO c.h.h.t.HelmChartContainer - Uninstalling release 'test-hivemq-platform-operator' in namespace 'helmmetricsserviceit-operator'...
2025-01-29 13:43:08,328 DEBUG c.h.h.t.HelmChartContainer - Executing helm command: /bin/helm --kubeconfig /etc/rancher/k3s/k3s.yaml uninstall test-hivemq-platform-operator  --wait --timeout 5m0s --cascade foreground --namespace helmmetricsserviceit-operator
2025-01-29 13:43:08,490 INFO c.h.h.t.HelmChartContainer - [K3S] [replica_set.go:679] "Finished syncing" kind="ReplicaSet" key="helmmetricsserviceit-operator/hivemq-test-hivemq-platform-operator-6966f96d65" duration="9.342376ms"
2025-01-29 13:43:08,492 INFO c.h.h.t.HelmChartContainer - [K3S] [replica_set.go:679] "Finished syncing" kind="ReplicaSet" key="helmmetricsserviceit-operator/hivemq-test-hivemq-platform-operator-6966f96d65" duration="34.304µs"
2025-01-29 13:43:08,501 INFO c.h.h.t.HelmChartContainer - [POD] hivemq-test-hivemq-platform-operator-6966f96d65-2r25g [81f17163-5fcd-4133-aff3-65836aec406c] in helmmetricsserviceit-operator was MODIFIED
2025-01-29 13:43:08,515 INFO c.h.h.t.HelmChartContainer - [K3S] [replica_set.go:679] "Finished syncing" kind="ReplicaSet" key="helmmetricsserviceit-operator/hivemq-test-hivemq-platform-operator-6966f96d65" duration="14.441631ms"
2025-01-29 13:43:08,516 INFO c.h.h.t.HelmChartContainer - [K3S] [replica_set.go:679] "Finished syncing" kind="ReplicaSet" key="helmmetricsserviceit-operator/hivemq-test-hivemq-platform-operator-6966f96d65" duration="38.993µs"
2025-01-29 13:43:08,516 INFO c.h.h.t.HelmChartContainer - [EVENT] Normal [Killing] Stopping container hivemq-platform-operator [helmmetricsserviceit-operator:hivemq-test-hivemq-platform-operator-6966f96d65-2r25g]
2025-01-29 13:43:08,516 INFO c.h.h.t.HelmChartContainer - Received Killing event for container hivemq-platform-operator in pod hivemq-test-hivemq-platform-operator-6966f96d65-2r25g [81f17163-5fcd-4133-aff3-65836aec406c]
2025-01-29 13:43:08,516 INFO c.h.h.t.HelmChartContainer - Container [hivemq-test-hivemq-platform-operator-6966f96d65-2r25g] [hivemq-platform-operator] [81f17163-5fcd-4133-aff3-65836aec406c] was terminated
2025-01-29 13:43:08,516 INFO c.h.h.t.HelmChartContainer - Stopped log watcher for hivemq-platform-operator in pod hivemq-test-hivemq-platform-operator-6966f96d65-2r25g [81f17163-5fcd-4133-aff3-65836aec406c]
2025-01-29 13:43:08,521 INFO c.h.h.t.HelmChartContainer - [hivemq-test-hivemq-platform] [hivemq-platform-operator] [81f17163] 13:43:08.519 [application-shutdown-thread] INFO  c.h.p.o.HiveMQPlatformOperatorApplication - HiveMQ Platform Operator is stopping...
2025-01-29 13:43:08,522 INFO c.h.h.t.HelmChartContainer - [hivemq-test-hivemq-platform] [hivemq-platform-operator] [81f17163] 13:43:08.519 [application-shutdown-thread] INFO  i.javaoperatorsdk.operator.Operator - Operator SDK 4.9.7 is shutting down...
2025-01-29 13:43:09,202 INFO c.h.h.t.HelmChartContainer - [POD] hivemq-test-hivemq-platform-operator-6966f96d65-2r25g [81f17163-5fcd-4133-aff3-65836aec406c] in helmmetricsserviceit-operator was MODIFIED
2025-01-29 13:43:09,205 INFO c.h.h.t.HelmChartContainer - [K3S] [replica_set.go:679] "Finished syncing" kind="ReplicaSet" key="helmmetricsserviceit-operator/hivemq-test-hivemq-platform-operator-6966f96d65" duration="164.778µs"
2025-01-29 13:43:09,345 INFO c.h.h.t.HelmChartContainer - [K3S] [reconciler_common.go:162] "operationExecutor.UnmountVolume started for volume \"kube-api-access-zb72q\" (UniqueName: \"kubernetes.io/projected/81f17163-5fcd-4133-aff3-65836aec406c-kube-api-access-zb72q\") pod \"81f17163-5fcd-4133-aff3-65836aec406c\" (UID: \"81f17163-5fcd-4133-aff3-65836aec406c\") "
2025-01-29 13:43:09,446 INFO c.h.h.t.HelmChartContainer - [K3S] [reconciler_common.go:299] "Volume detached for volume \"kube-api-access-zb72q\" (UniqueName: \"kubernetes.io/projected/81f17163-5fcd-4133-aff3-65836aec406c-kube-api-access-zb72q\") on node \"2553df930ab9\" DevicePath \"\""
2025-01-29 13:43:09,775 INFO c.h.h.t.HelmChartContainer - [K3S] [scope.go:117] "RemoveContainer" containerID="56f06b62d12874ec6f74c893745abbd445d78a002339ebb287879c5933f7b845"
2025-01-29 13:43:09,778 INFO c.h.h.t.HelmChartContainer - [K3S] [scope.go:117] "RemoveContainer" containerID="56f06b62d12874ec6f74c893745abbd445d78a002339ebb287879c5933f7b845"
2025-01-29 13:43:09,788 INFO c.h.h.t.HelmChartContainer - [K3S] [replica_set.go:679] "Finished syncing" kind="ReplicaSet" key="helmmetricsserviceit-operator/hivemq-test-hivemq-platform-operator-6966f96d65" duration="48.691µs"
2025-01-29 13:43:09,789 INFO c.h.h.t.HelmChartContainer - [POD] hivemq-test-hivemq-platform-operator-6966f96d65-2r25g [81f17163-5fcd-4133-aff3-65836aec406c] in helmmetricsserviceit-operator was MODIFIED
2025-01-29 13:43:09,791 INFO c.h.h.t.HelmChartContainer - [POD] hivemq-test-hivemq-platform-operator-6966f96d65-2r25g [81f17163-5fcd-4133-aff3-65836aec406c] in helmmetricsserviceit-operator was DELETED
2025-01-29 13:43:09,791 INFO c.h.h.t.HelmChartContainer - [K3S] [replica_set.go:679] "Finished syncing" kind="ReplicaSet" key="helmmetricsserviceit-operator/hivemq-test-hivemq-platform-operator-6966f96d65" duration="39.895µs"
2025-01-29 13:43:09,802 INFO c.h.h.t.HelmChartContainer - [K3S] [replica_set.go:679] "Finished syncing" kind="ReplicaSet" key="helmmetricsserviceit-operator/hivemq-test-hivemq-platform-operator-6966f96d65" duration="8.345µs"
2025-01-29 13:43:10,553 INFO c.h.h.t.HelmChartContainer - Deleting namespace 'helmmetricsserviceit-operator'...
2025-01-29 13:43:11,190 INFO c.h.h.t.HelmChartContainer - [K3S] [kubelet_volumes.go:163] "Cleaned up orphaned pod volumes dir" podUID="81f17163-5fcd-4133-aff3-65836aec406c" path="/var/lib/kubelet/pods/81f17163-5fcd-4133-aff3-65836aec406c/volumes"
2025-01-29 13:43:13,235 INFO c.h.h.t.HelmChartContainer - [K3S] [namespace_controller.go:187] "Namespace has been deleted" namespace="helmmetricsserviceit"
2025-01-29 13:43:15,771 INFO c.h.h.t.HelmChartContainer - Namespace 'helmmetricsserviceit-operator' deleted
2025-01-29 13:43:15,771 INFO c.h.h.t.HelmChartContainer - Release 'test-hivemq-platform-operator' in namespace 'helmmetricsserviceit-operator' is uninstalled
2025-01-29 13:43:16,535 INFO c.h.helmcharts.AbstractHelmChartIT - Removed unused containers:

2025-01-29 13:43:20,678 INFO c.h.h.t.HelmChartContainer - [K3S] [namespace_controller.go:187] "Namespace has been deleted" namespace="helmmetricsserviceit-operator"
2025-01-29 13:43:24,596 INFO c.h.helmcharts.AbstractHelmChartIT - Removed unused snapshots:
Removing snapshot sha256:03af251906410714c5aef9fa705b63f6bbc39c4a5e787de7361eeb18886c2ed2
Removing snapshot sha256:0c46b3b43cce082ce5ec34ffc6c294e0417d17b9d1e6f366d114b6aadc4f96dc
Removing snapshot sha256:0ce761beee59082d6ed5bcebd3a805b8ddd9b3426b617e4809e7fb7c6587ffec
Removing snapshot sha256:0df91287303208332c8ff6ba40ae4710105201739addbfbddfb955f1ad593664
Removing snapshot sha256:1021ef88c7974bfff89c5a0ec4fd3160daac6c48a075f74cff721f85dd104e68
Removing snapshot sha256:10aba4953ddc18145dd38e3704709bc464aa20af60b56fe52caaff4b68411e62
Removing snapshot sha256:2573e0d8158209ed54ab25c87bcdcb00bd3d2539246960a3d592a1c599d70465
Removing snapshot sha256:362a8a37f8bbc31925a8146adcf7cf51f9882f5c1dcbef67c5baa03a297543c0
Removing snapshot sha256:3fa4ad33f0ddc8fd45b39b6b4640f82a3a83619606cd975bfe89d8710ad2d4cd
Removing snapshot sha256:43a7c979bbaba6838bc3102d6b10a1459f3ab050b87ccdfef84ef90cf43d3058
Removing snapshot sha256:4ab04491cdf0d3267f08206fe30bd48f49f94b9cab2f016d6739220f722a64af
Removing snapshot sha256:4b6068250e89c96f263060261819c7d912855bfbd64b3eb4c4a8483299b8c295
Removing snapshot sha256:580e69a0a8034ede1921139bbd2bfb72a69ebf276d008281896c32dd8bf74775
Removing snapshot sha256:5d30ba46b27fe37484567ccc5242cadc78217b8da605f3f195ef25cbf7487904
Removing snapshot sha256:5fea5bf92a1324b5df2512d14ca3f33c100ba52dc3a036872d3c1e1b4281afe5
Removing snapshot sha256:63ca1fbb43ae5034640e5e6cb3e083e05c290072c5366fcaa9d62435a4cced85
Removing snapshot sha256:67f702c6baae873bceb19487c8b1f27bd2b86077e4f2f0e480e6d60ab508b8f5
Removing snapshot sha256:6864348dd42806d552efdec384f1274be15e2d0c10ce44c1f04347af004c10a9
Removing snapshot sha256:6c7dee8f2c39b84b7dc2711c01d33de93514d9055499173e9290176fbe484b6c
Removing snapshot sha256:82753493a6d61ded36556292f02f31841a14c20d2f279f19eaad65afb661d5cd
Removing snapshot sha256:8a10d3db42c505ee0fcfa98417bdd7e39b304f6bcc0a06bb1b220797ff2cc63c
Removing snapshot sha256:a21e5b12dbac529ad45d976eb9ce45c881f3bedcc500fb30aba1e52aa1813418
Removing snapshot sha256:b921e6c28969094157f9b8e7244677780319637afd14450b7cb6b2fdea558a0c
Removing snapshot sha256:bc27ecb5769a00e309cf99ebc763c4a4b958b618d1decc96ffac5bc05f02f5b7
Removing snapshot sha256:be3ccb6627a5332e309d45ef461d09b4879dd870c7394d89323d0ebc6ca6aa8a
Removing snapshot sha256:c261f7cbbc64211ee175ee47273acdb7b1a36a4450b397a064a8f2c026490095
Removing snapshot sha256:c291c6e1fbd3d2868501c2d33b57d6ffde01f2b773f4d8629556233b618db3f6
Removing snapshot sha256:c34d9393647eea0c9e3557ab988efaf59f61d10a2a5613b439ef0958cca5ec10
Removing snapshot sha256:ccf3c4a0fa967a41c1c83497a2ce6fa5787965859df0adb32c4ca2cf7490bc2b
Removing snapshot sha256:cf92d33f869417309692088c341cd0f223c178ea78a125f757317b22aa8f90e9
Removing snapshot sha256:d0037344cf2fb078884f1849f6a1f8cf9a33a3b6139b6a85833e5ee528e1f9a8
Removing snapshot sha256:d3b36d5b79273b1e98e7700470eaeff05a882e777124d84cebcc1505b85ecb36
Removing snapshot sha256:d65a44a37914602d12c611e5e22a50f11451d847e63015cc1c2aef92dee777a4
Removing snapshot sha256:e2dc0bae2455930f23ae570e019b7f32edc75c0f2d71cab084db837ff9051796
Removing snapshot sha256:eccbd24a99c60cd9e86ee5305dbfc4a4dc89f5ab4fb1f06c8d64797cecedef34
Removing snapshot sha256:f144bb4c7c7f0d2aa7eeffd36d934ec40db1ee167be727e326aad9fdc616f475

]]></system-out>
  </testcase>
  <testcase name="platformChart_withCustomMetrics_thenMetricsAvailable()" classname="com.hivemq.helmcharts.services.HelmMetricsServiceIT" time="98.89">
    <system-out><![CDATA[2025-01-29 13:43:24,597 INFO c.h.h.t.HelmChartContainer - Creating namespace 'helmmetricsserviceit-operator'...
2025-01-29 13:43:24,603 INFO c.h.h.t.HelmChartContainer - Namespace 'helmmetricsserviceit-operator' created
2025-01-29 13:43:24,603 INFO c.h.h.t.HelmChartContainer - Creating namespace 'helmmetricsserviceit'...
2025-01-29 13:43:24,611 INFO c.h.h.t.HelmChartContainer - Namespace 'helmmetricsserviceit' created
2025-01-29 13:43:24,698 DEBUG c.h.h.t.HelmChartContainer - Executing helm command: /bin/helm --kubeconfig /etc/rancher/k3s/k3s.yaml install test-hivemq-platform-operator /charts/hivemq-platform-operator --wait --timeout 5m0s --set image.repository=docker.io/hivemq --set image.name=hivemq-platform-operator-test --set image.initImageName=hivemq-platform-operator-init-test --set image.tag=snapshot --set image.pullPolicy=Never --set logLevel=DEBUG --set resources.cpu=512m --namespace helmmetricsserviceit-operator
2025-01-29 13:43:25,057 INFO c.h.h.t.HelmChartContainer - [K3S] [alloc.go:330] "allocated clusterIPs" service="helmmetricsserviceit-operator/hivemq-platform-operator-test-hivemq-platform-operator" clusterIPs={"IPv4":"10.43.153.104"}
2025-01-29 13:43:25,085 INFO c.h.h.t.HelmChartContainer - [EVENT] Normal [ScalingReplicaSet] Scaled up replica set hivemq-test-hivemq-platform-operator-6966f96d65 from 0 to 1 [helmmetricsserviceit-operator:hivemq-test-hivemq-platform-operator]
2025-01-29 13:43:25,093 INFO c.h.h.t.HelmChartContainer - [POD] hivemq-test-hivemq-platform-operator-6966f96d65-2ndpp [a229c8e4-7ab3-4654-9dba-c4c02ef4f397] in helmmetricsserviceit-operator was ADDED
2025-01-29 13:43:25,096 INFO c.h.h.t.HelmChartContainer - [EVENT] Normal [SuccessfulCreate] Created pod: hivemq-test-hivemq-platform-operator-6966f96d65-2ndpp [helmmetricsserviceit-operator:hivemq-test-hivemq-platform-operator-6966f96d65]
2025-01-29 13:43:25,097 INFO c.h.h.t.HelmChartContainer - [K3S] [memory_manager.go:355] "RemoveStaleState removing state" podUID="81f17163-5fcd-4133-aff3-65836aec406c" containerName="hivemq-platform-operator"
2025-01-29 13:43:25,098 INFO c.h.h.t.HelmChartContainer - [K3S] [memory_manager.go:355] "RemoveStaleState removing state" podUID="53c343ef-9ca4-41b3-8c84-e8cd812fc944" containerName="hivemq"
2025-01-29 13:43:25,098 INFO c.h.h.t.HelmChartContainer - [POD] hivemq-test-hivemq-platform-operator-6966f96d65-2ndpp [a229c8e4-7ab3-4654-9dba-c4c02ef4f397] in helmmetricsserviceit-operator was MODIFIED
2025-01-29 13:43:25,106 INFO c.h.h.t.HelmChartContainer - [EVENT] Normal [Scheduled] Successfully assigned helmmetricsserviceit-operator/hivemq-test-hivemq-platform-operator-6966f96d65-2ndpp to 2553df930ab9 [helmmetricsserviceit-operator:hivemq-test-hivemq-platform-operator-6966f96d65-2ndpp]
2025-01-29 13:43:25,108 INFO c.h.h.t.HelmChartContainer - [K3S] [replica_set.go:679] "Finished syncing" kind="ReplicaSet" key="helmmetricsserviceit-operator/hivemq-test-hivemq-platform-operator-6966f96d65" duration="30.804417ms"
2025-01-29 13:43:25,114 INFO c.h.h.t.HelmChartContainer - [POD] hivemq-test-hivemq-platform-operator-6966f96d65-2ndpp [a229c8e4-7ab3-4654-9dba-c4c02ef4f397] in helmmetricsserviceit-operator was MODIFIED
2025-01-29 13:43:25,118 INFO c.h.h.t.HelmChartContainer - [K3S] [replica_set.go:679] "Finished syncing" kind="ReplicaSet" key="helmmetricsserviceit-operator/hivemq-test-hivemq-platform-operator-6966f96d65" duration="9.627117ms"
2025-01-29 13:43:25,118 INFO c.h.h.t.HelmChartContainer - [K3S] [replica_set.go:679] "Finished syncing" kind="ReplicaSet" key="helmmetricsserviceit-operator/hivemq-test-hivemq-platform-operator-6966f96d65" duration="40.856µs"
2025-01-29 13:43:25,242 INFO c.h.h.t.HelmChartContainer - [K3S] [reconciler_common.go:251] "operationExecutor.VerifyControllerAttachedVolume started for volume \"kube-api-access-h29g8\" (UniqueName: \"kubernetes.io/projected/a229c8e4-7ab3-4654-9dba-c4c02ef4f397-kube-api-access-h29g8\") pod \"hivemq-test-hivemq-platform-operator-6966f96d65-2ndpp\" (UID: \"a229c8e4-7ab3-4654-9dba-c4c02ef4f397\") " pod="helmmetricsserviceit-operator/hivemq-test-hivemq-platform-operator-6966f96d65-2ndpp"
2025-01-29 13:43:25,492 INFO c.h.h.t.HelmChartContainer - [EVENT] Normal [Pulled] Container image "docker.io/hivemq/hivemq-platform-operator-test:snapshot" already present on machine [helmmetricsserviceit-operator:hivemq-test-hivemq-platform-operator-6966f96d65-2ndpp]
2025-01-29 13:43:25,492 INFO c.h.h.t.HelmChartContainer - Received Pulled event for container hivemq-platform-operator in pod hivemq-test-hivemq-platform-operator-6966f96d65-2ndpp [a229c8e4-7ab3-4654-9dba-c4c02ef4f397]
2025-01-29 13:43:26,743 INFO c.h.h.t.HelmChartContainer - [EVENT] Normal [Created] Created container: hivemq-platform-operator [helmmetricsserviceit-operator:hivemq-test-hivemq-platform-operator-6966f96d65-2ndpp]
2025-01-29 13:43:26,743 INFO c.h.h.t.HelmChartContainer - Received Created event for container hivemq-platform-operator in pod hivemq-test-hivemq-platform-operator-6966f96d65-2ndpp [a229c8e4-7ab3-4654-9dba-c4c02ef4f397]
2025-01-29 13:43:26,816 INFO c.h.h.t.HelmChartContainer - [K3S] [replica_set.go:679] "Finished syncing" kind="ReplicaSet" key="helmmetricsserviceit-operator/hivemq-test-hivemq-platform-operator-6966f96d65" duration="40.877µs"
2025-01-29 13:43:26,821 INFO c.h.h.t.HelmChartContainer - [POD] hivemq-test-hivemq-platform-operator-6966f96d65-2ndpp [a229c8e4-7ab3-4654-9dba-c4c02ef4f397] in helmmetricsserviceit-operator was MODIFIED
2025-01-29 13:43:26,838 INFO c.h.h.t.HelmChartContainer - Started log watcher for hivemq-platform-operator in pod hivemq-test-hivemq-platform-operator-6966f96d65-2ndpp [a229c8e4-7ab3-4654-9dba-c4c02ef4f397]
2025-01-29 13:43:26,838 INFO c.h.h.t.HelmChartContainer - [hivemq-test-hivemq-platform] [hivemq-platform-operator] [a229c8e4] -------------------------------------------------------------------------
2025-01-29 13:43:26,838 INFO c.h.h.t.HelmChartContainer - [hivemq-test-hivemq-platform] [hivemq-platform-operator] [a229c8e4] 
2025-01-29 13:43:26,838 INFO c.h.h.t.HelmChartContainer - [hivemq-test-hivemq-platform] [hivemq-platform-operator] [a229c8e4]                   _    _  _              __  __   ____
2025-01-29 13:43:26,838 INFO c.h.h.t.HelmChartContainer - [EVENT] Normal [Started] Started container hivemq-platform-operator [helmmetricsserviceit-operator:hivemq-test-hivemq-platform-operator-6966f96d65-2ndpp]
2025-01-29 13:43:26,838 INFO c.h.h.t.HelmChartContainer - Received Started event for container hivemq-platform-operator in pod hivemq-test-hivemq-platform-operator-6966f96d65-2ndpp [a229c8e4-7ab3-4654-9dba-c4c02ef4f397]
2025-01-29 13:43:26,838 INFO c.h.h.t.HelmChartContainer - [hivemq-test-hivemq-platform] [hivemq-platform-operator] [a229c8e4]                  | |  | |(_)            |  \/  | / __ \
2025-01-29 13:43:26,839 INFO c.h.h.t.HelmChartContainer - [hivemq-test-hivemq-platform] [hivemq-platform-operator] [a229c8e4]                  | |__| | _ __   __ ___ | \  / || |  | |
2025-01-29 13:43:26,839 INFO c.h.h.t.HelmChartContainer - [hivemq-test-hivemq-platform] [hivemq-platform-operator] [a229c8e4]                  |  __  || |\ \ / // _ \| |\/| || |  | |
2025-01-29 13:43:26,839 INFO c.h.h.t.HelmChartContainer - [hivemq-test-hivemq-platform] [hivemq-platform-operator] [a229c8e4]                  | |  | || | \ V /|  __/| |  | || |__| |
2025-01-29 13:43:26,839 INFO c.h.h.t.HelmChartContainer - [hivemq-test-hivemq-platform] [hivemq-platform-operator] [a229c8e4]                  |_|  |_||_|  \_/  \___||_|  |_| \___\_\
2025-01-29 13:43:26,839 INFO c.h.h.t.HelmChartContainer - [hivemq-test-hivemq-platform] [hivemq-platform-operator] [a229c8e4] 
2025-01-29 13:43:26,839 INFO c.h.h.t.HelmChartContainer - [hivemq-test-hivemq-platform] [hivemq-platform-operator] [a229c8e4] -------------------------------------------------------------------------
2025-01-29 13:43:26,839 INFO c.h.h.t.HelmChartContainer - [hivemq-test-hivemq-platform] [hivemq-platform-operator] [a229c8e4] 
2025-01-29 13:43:26,839 INFO c.h.h.t.HelmChartContainer - [hivemq-test-hivemq-platform] [hivemq-platform-operator] [a229c8e4]   HiveMQ Platform Operator Start Script v1.0
2025-01-29 13:43:26,839 INFO c.h.h.t.HelmChartContainer - [hivemq-test-hivemq-platform] [hivemq-platform-operator] [a229c8e4] 
2025-01-29 13:43:26,876 INFO c.h.h.t.HelmChartContainer - [hivemq-test-hivemq-platform] [hivemq-platform-operator] [a229c8e4] -------------------------------------------------------------------------
2025-01-29 13:43:26,876 INFO c.h.h.t.HelmChartContainer - [hivemq-test-hivemq-platform] [hivemq-platform-operator] [a229c8e4] 
2025-01-29 13:43:26,881 INFO c.h.h.t.HelmChartContainer - [hivemq-test-hivemq-platform] [hivemq-platform-operator] [a229c8e4]   JAVA_OPTS: -XX:+UnlockExperimentalVMOptions -XX:InitialRAMPercentage=75 -XX:MaxRAMPercentage=75 -Duser.language=en -Duser.region=US
2025-01-29 13:43:26,881 INFO c.h.h.t.HelmChartContainer - [hivemq-test-hivemq-platform] [hivemq-platform-operator] [a229c8e4] 
2025-01-29 13:43:26,881 INFO c.h.h.t.HelmChartContainer - [hivemq-test-hivemq-platform] [hivemq-platform-operator] [a229c8e4]   JAVA_VERSION: 21
2025-01-29 13:43:26,881 INFO c.h.h.t.HelmChartContainer - [hivemq-test-hivemq-platform] [hivemq-platform-operator] [a229c8e4] 
2025-01-29 13:43:26,881 INFO c.h.h.t.HelmChartContainer - [hivemq-test-hivemq-platform] [hivemq-platform-operator] [a229c8e4] -------------------------------------------------------------------------
2025-01-29 13:43:26,881 INFO c.h.h.t.HelmChartContainer - [hivemq-test-hivemq-platform] [hivemq-platform-operator] [a229c8e4] 
2025-01-29 13:43:30,265 INFO c.h.h.t.HelmChartContainer - [hivemq-test-hivemq-platform] [hivemq-platform-operator] [a229c8e4] 13:43:30.262 [main] DEBUG org.jboss.logging - Logging Provider: org.jboss.logging.Slf4jLoggerProvider
2025-01-29 13:43:30,371 INFO c.h.h.t.HelmChartContainer - [hivemq-test-hivemq-platform] [hivemq-platform-operator] [a229c8e4] 13:43:30.370 [main] DEBUG io.smallrye.config - SRCFG01006: Loaded ConfigSource SysPropConfigSource with ordinal 400
2025-01-29 13:43:30,372 INFO c.h.h.t.HelmChartContainer - [hivemq-test-hivemq-platform] [hivemq-platform-operator] [a229c8e4] 13:43:30.370 [main] DEBUG io.smallrye.config - SRCFG01006: Loaded ConfigSource EnvConfigSource with ordinal 300
2025-01-29 13:43:30,372 INFO c.h.h.t.HelmChartContainer - [hivemq-test-hivemq-platform] [hivemq-platform-operator] [a229c8e4] 13:43:30.370 [main] DEBUG io.smallrye.config - SRCFG01006: Loaded ConfigSource PropertiesConfigSource[source=jar:file:///opt/hivemq-platform-operator/bin/hivemq-platform-operator.jar!/hivemq-platform-operator.properties] with ordinal 100
2025-01-29 13:43:30,372 INFO c.h.h.t.HelmChartContainer - [hivemq-test-hivemq-platform] [hivemq-platform-operator] [a229c8e4] 13:43:30.370 [main] DEBUG io.smallrye.config - SRCFG01006: Loaded ConfigSource DefaultValuesConfigSource with ordinal -2147483648
2025-01-29 13:43:30,477 INFO c.h.h.t.HelmChartContainer - [hivemq-test-hivemq-platform] [hivemq-platform-operator] [a229c8e4] 13:43:30.475 [main] DEBUG i.m.c.u.i.l.InternalLoggerFactory - Using SLF4J as the default logging framework
2025-01-29 13:43:30,609 INFO c.h.h.t.HelmChartContainer - [hivemq-test-hivemq-platform] [hivemq-platform-operator] [a229c8e4] 13:43:30.578 [main] INFO  c.h.p.o.HiveMQPlatformOperatorApplication - HiveMQ Platform Operator 1.7.0-SNAPSHOT (commit: bebf408 on branch: HEAD) built on Sun Jan 26 20:47:47 UTC 2025
2025-01-29 13:43:30,609 INFO c.h.h.t.HelmChartContainer - [hivemq-test-hivemq-platform] [hivemq-platform-operator] [a229c8e4] 13:43:30.608 [main] INFO  c.h.p.o.HiveMQPlatformOperatorApplication - HiveMQ Platform Operator is running in namespace: helmmetricsserviceit-operator
2025-01-29 13:43:30,609 INFO c.h.h.t.HelmChartContainer - [hivemq-test-hivemq-platform] [hivemq-platform-operator] [a229c8e4] 13:43:30.608 [main] INFO  c.h.p.o.HiveMQPlatformOperatorApplication - Watching all namespaces
2025-01-29 13:43:30,610 INFO c.h.h.t.HelmChartContainer - [hivemq-test-hivemq-platform] [hivemq-platform-operator] [a229c8e4] 13:43:30.608 [main] INFO  c.h.p.o.HiveMQPlatformOperatorApplication - Log level: DEBUG
2025-01-29 13:43:30,610 INFO c.h.h.t.HelmChartContainer - [hivemq-test-hivemq-platform] [hivemq-platform-operator] [a229c8e4] 13:43:30.609 [main] INFO  c.h.p.o.HiveMQPlatformOperatorApplication - Release name: test-hivemq-platform-operator
2025-01-29 13:43:30,610 INFO c.h.h.t.HelmChartContainer - [hivemq-test-hivemq-platform] [hivemq-platform-operator] [a229c8e4] 13:43:30.609 [main] INFO  c.h.p.o.HiveMQPlatformOperatorApplication - HiveMQ Platform Operator Init image: docker.io/hivemq/hivemq-platform-operator-init-test:snapshot
2025-01-29 13:43:30,610 INFO c.h.h.t.HelmChartContainer - [hivemq-test-hivemq-platform] [hivemq-platform-operator] [a229c8e4] 13:43:30.609 [main] INFO  c.h.p.o.HiveMQPlatformOperatorApplication - HiveMQ Platform Operator Init App update URL: http://hivemq-platform-operator-test-hivemq-platform-operator.helmmetricsserviceit-operator.svc:8080/initAppUpdate/hivemq-platform-operator-init-app-1.7.0-SNAPSHOT.jar
2025-01-29 13:43:30,610 INFO c.h.h.t.HelmChartContainer - [hivemq-test-hivemq-platform] [hivemq-platform-operator] [a229c8e4] 13:43:30.609 [main] INFO  c.h.p.o.HiveMQPlatformOperatorApplication - Additional imagePullSecret for all Platform deployments: none
2025-01-29 13:43:30,610 INFO c.h.h.t.HelmChartContainer - [hivemq-test-hivemq-platform] [hivemq-platform-operator] [a229c8e4] 13:43:30.609 [main] INFO  c.h.p.o.HiveMQPlatformOperatorApplication - Apply HiveMQ Platform CRD: true
2025-01-29 13:43:30,610 INFO c.h.h.t.HelmChartContainer - [hivemq-test-hivemq-platform] [hivemq-platform-operator] [a229c8e4] 13:43:30.609 [main] INFO  c.h.p.o.HiveMQPlatformOperatorApplication - Create Platform ServiceAccount: true
2025-01-29 13:43:30,610 INFO c.h.h.t.HelmChartContainer - [hivemq-test-hivemq-platform] [hivemq-platform-operator] [a229c8e4] 13:43:30.609 [main] INFO  c.h.p.o.HiveMQPlatformOperatorApplication - Create Platform ServiceAccount permissions: true
2025-01-29 13:43:30,610 INFO c.h.h.t.HelmChartContainer - [hivemq-test-hivemq-platform] [hivemq-platform-operator] [a229c8e4] 13:43:30.609 [main] INFO  c.h.p.o.HiveMQPlatformOperatorApplication - Validate Platform ServiceAccount: true
2025-01-29 13:43:30,610 INFO c.h.h.t.HelmChartContainer - [hivemq-test-hivemq-platform] [hivemq-platform-operator] [a229c8e4] 13:43:30.609 [main] INFO  c.h.p.o.HiveMQPlatformOperatorApplication - Validate Platform ServiceAccount permissions: true
2025-01-29 13:43:30,782 INFO c.h.h.t.HelmChartContainer - [hivemq-test-hivemq-platform] [hivemq-platform-operator] [a229c8e4] 13:43:30.781 [main] INFO  c.h.platform.operator.util.CRDUtil - Verifying deployed HiveMQ Platform CRD...
2025-01-29 13:43:33,209 INFO c.h.h.t.HelmChartContainer - [hivemq-test-hivemq-platform] [hivemq-platform-operator] [a229c8e4] 13:43:33.208 [main] DEBUG c.h.platform.operator.util.CRDUtil - HiveMQ Platform CRD version v1 is up to date
2025-01-29 13:43:33,209 INFO c.h.h.t.HelmChartContainer - [hivemq-test-hivemq-platform] [hivemq-platform-operator] [a229c8e4] 13:43:33.208 [main] INFO  c.h.platform.operator.util.CRDUtil - HiveMQ Platform CRD is up to date (version: V1_6_0)
2025-01-29 13:43:33,210 INFO c.h.h.t.HelmChartContainer - [hivemq-test-hivemq-platform] [hivemq-platform-operator] [a229c8e4] 13:43:33.208 [main] INFO  c.h.platform.operator.util.CRDUtil - Waiting 10000 ms for HiveMQ Platform CRD 'hivemq-platforms.hivemq.com' to become ready...
2025-01-29 13:43:33,567 INFO c.h.h.t.HelmChartContainer - [hivemq-test-hivemq-platform] [hivemq-platform-operator] [a229c8e4] 13:43:33.565 [vert.x-eventloop-thread-1] DEBUG c.h.platform.operator.util.CRDUtil - Checking CRD condition 'NamesAccepted' (status: 'True')
2025-01-29 13:43:33,567 INFO c.h.h.t.HelmChartContainer - [hivemq-test-hivemq-platform] [hivemq-platform-operator] [a229c8e4] 13:43:33.565 [vert.x-eventloop-thread-1] DEBUG c.h.platform.operator.util.CRDUtil - Checking CRD condition 'Established' (status: 'True')
2025-01-29 13:43:33,568 INFO c.h.h.t.HelmChartContainer - [hivemq-test-hivemq-platform] [hivemq-platform-operator] [a229c8e4] 13:43:33.566 [main] INFO  c.h.platform.operator.util.CRDUtil - HiveMQ Platform CRD 'hivemq-platforms.hivemq.com' is ready
2025-01-29 13:43:33,766 INFO c.h.h.t.HelmChartContainer - [hivemq-test-hivemq-platform] [hivemq-platform-operator] [a229c8e4] 13:43:33.765 [main] INFO  c.h.p.o.HiveMQPlatformReconciler - HiveMQ Platform Operator is starting...
2025-01-29 13:43:33,866 INFO c.h.h.t.HelmChartContainer - [hivemq-test-hivemq-platform] [hivemq-platform-operator] [a229c8e4] 13:43:33.865 [main] WARN  Default ConfigurationService implementation - Configuration for reconciler 'hivemq-controller' was not found. Known reconcilers: None.
2025-01-29 13:43:33,873 INFO c.h.h.t.HelmChartContainer - [hivemq-test-hivemq-platform] [hivemq-platform-operator] [a229c8e4] 13:43:33.872 [main] INFO  Default ConfigurationService implementation - Created configuration for reconciler com.hivemq.platform.operator.HiveMQPlatformReconciler with name hivemq-controller
2025-01-29 13:43:34,006 INFO c.h.h.t.HelmChartContainer - [hivemq-test-hivemq-platform] [hivemq-platform-operator] [a229c8e4] 13:43:34.005 [main] DEBUG c.h.p.o.HiveMQPlatformReconciler - HiveMQ Platform Operator is preparing EventSources
2025-01-29 13:43:34,071 INFO c.h.h.t.HelmChartContainer - [hivemq-test-hivemq-platform] [hivemq-platform-operator] [a229c8e4] 13:43:34.070 [main] INFO  i.javaoperatorsdk.operator.Operator - Registered reconciler: 'hivemq-controller' for resource: 'class com.hivemq.platform.operator.v1.HiveMQPlatform' for namespace(s): [all namespaces]
2025-01-29 13:43:34,666 INFO c.h.h.t.HelmChartContainer - [hivemq-test-hivemq-platform] [hivemq-platform-operator] [a229c8e4] 13:43:34.665 [main] INFO  c.h.p.operator.webserver.JettyServer - Starting Jetty server on port 8080
2025-01-29 13:43:34,713 INFO c.h.h.t.HelmChartContainer - [hivemq-test-hivemq-platform] [hivemq-platform-operator] [a229c8e4] 13:43:34.712 [main] INFO  i.javaoperatorsdk.operator.Operator - Operator SDK 4.9.7 (commit: 2133d28) built on Wed Nov 20 12:56:20 UTC 2024 starting...
2025-01-29 13:43:34,713 INFO c.h.h.t.HelmChartContainer - [hivemq-test-hivemq-platform] [hivemq-platform-operator] [a229c8e4] 13:43:34.712 [main] INFO  i.javaoperatorsdk.operator.Operator - Client version: 6.13.4
2025-01-29 13:43:34,762 INFO c.h.h.t.HelmChartContainer - [hivemq-test-hivemq-platform] [hivemq-platform-operator] [a229c8e4] 13:43:34.761 [Controller Starter for: hivemq-controller] INFO  i.j.operator.processing.Controller - Starting 'hivemq-controller' controller for reconciler: com.hivemq.platform.operator.HiveMQPlatformReconciler, resource: com.hivemq.platform.operator.v1.HiveMQPlatform
2025-01-29 13:43:37,306 INFO c.h.h.t.HelmChartContainer - [hivemq-test-hivemq-platform] [hivemq-platform-operator] [a229c8e4] 13:43:37.305 [Controller Starter for: hivemq-controller] INFO  i.j.operator.processing.Controller - 'hivemq-controller' controller started
2025-01-29 13:43:37,306 INFO c.h.h.t.HelmChartContainer - [hivemq-test-hivemq-platform] [hivemq-platform-operator] [a229c8e4] 13:43:37.305 [main] INFO  c.h.p.o.HiveMQPlatformOperatorApplication - HiveMQ Platform Operator 1.7.0-SNAPSHOT started in 6727 ms
2025-01-29 13:43:37,823 INFO c.h.h.t.HelmChartContainer - [POD] hivemq-test-hivemq-platform-operator-6966f96d65-2ndpp [a229c8e4-7ab3-4654-9dba-c4c02ef4f397] in helmmetricsserviceit-operator was MODIFIED
2025-01-29 13:43:37,834 INFO c.h.h.t.HelmChartContainer - [K3S] [replica_set.go:679] "Finished syncing" kind="ReplicaSet" key="helmmetricsserviceit-operator/hivemq-test-hivemq-platform-operator-6966f96d65" duration="15.151768ms"
2025-01-29 13:43:37,835 INFO c.h.h.t.HelmChartContainer - [K3S] [replica_set.go:679] "Finished syncing" kind="ReplicaSet" key="helmmetricsserviceit-operator/hivemq-test-hivemq-platform-operator-6966f96d65" duration="75.511µs"
2025-01-29 13:43:39,218 DEBUG c.h.h.t.HelmChartContainer - Executing helm command: /bin/helm --kubeconfig /etc/rancher/k3s/k3s.yaml install test-hivemq-platform /charts/hivemq-platform --wait --timeout 5m0s --set image.repository=docker.io/hivemq --set image.tag=4.36.0 --set image.pullPolicy=Never --set nodes.resources.cpu=512m -f /files/metrics-values.yaml --namespace helmmetricsserviceit
2025-01-29 13:43:39,458 INFO c.h.h.t.HelmChartContainer - [hivemq-test-hivemq-platform] [hivemq-platform-operator] [a229c8e4] 13:43:39.456 [-373097727-pool-1-thread-3] WARN  i.m.p.PrometheusMeterRegistry - The meter (MeterId{name='operator.sdk.events.received', tags=[tag(action=ADDED),tag(event=ResourceEvent),tag(group=hivemq.com),tag(kind=HiveMQPlatform),tag(name=test-hivemq-platform),tag(namespace=helmmetricsserviceit),tag(scope=namespace),tag(version=v1)]}) registration has failed: Prometheus requires that all meters with the same name have the same set of tag keys. There is already an existing meter named 'operator.sdk.events.received' containing tag keys [event, group, kind, name, namespace, scope, version]. The meter you are attempting to register has keys [action, event, group, kind, name, namespace, scope, version]. Note that subsequent logs will be logged at debug level.
2025-01-29 13:43:39,918 INFO c.h.h.t.HelmChartContainer - [hivemq-test-hivemq-platform] [hivemq-platform-operator] [a229c8e4] 13:43:39.916 [pool-6-thread-3] DEBUG c.h.p.o.dependants.PodInfoConfigMap - [helmmetr] Desired PodInfo ConfigMap (1 extensions) (1 enabled)
2025-01-29 13:43:39,918 INFO c.h.h.t.HelmChartContainer - [hivemq-test-hivemq-platform] [hivemq-platform-operator] [a229c8e4] 13:43:39.917 [pool-6-thread-3] DEBUG c.h.p.o.dependants.PodInfoConfigMap - [helmmetr] Desired PodInfo ConfigMap (metrics port: 9499) (metrics path: /metrics)
2025-01-29 13:43:39,918 INFO c.h.h.t.HelmChartContainer - [hivemq-test-hivemq-platform] [hivemq-platform-operator] [a229c8e4] 13:43:39.917 [pool-6-thread-3] DEBUG c.h.p.o.dependants.PodInfoConfigMap - [helmmetr] Desired PodInfo ConfigMap (extension state hash: 1243513115)
2025-01-29 13:43:39,920 INFO c.h.h.t.HelmChartContainer - [hivemq-test-hivemq-platform] [hivemq-platform-operator] [a229c8e4] 13:43:39.918 [pool-6-thread-3] DEBUG c.h.p.o.dependants.PodInfoConfigMap - [helmmetr] Create PodInfo ConfigMap
2025-01-29 13:43:40,017 INFO c.h.h.t.HelmChartContainer - [hivemq-test-hivemq-platform] [hivemq-platform-operator] [a229c8e4] 13:43:40.016 [pool-6-thread-5] DEBUG c.h.p.o.dependants.PodRoleResource - [helmmetr] Create Role: Role(apiVersion=rbac.authorization.k8s.io/v1, kind=Role, metadata=ObjectMeta(annotations={meta.helm.sh/release-name=test-hivemq-platform, meta.helm.sh/release-namespace=helmmetricsserviceit}, creationTimestamp=null, deletionGracePeriodSeconds=null, deletionTimestamp=null, finalizers=[], generateName=null, generation=null, labels={helm.sh/chart=hivemq-platform-0.2.32, app.kubernetes.io/managed-by=Helm, app.kubernetes.io/name=hivemq-platform, hivemq-platform=test-hivemq-platform, app.kubernetes.io/instance=test-hivemq-platform, app.kubernetes.io/version=4.36.0}, managedFields=[], name=hivemq-platform-role-test-hivemq-platform, namespace=helmmetricsserviceit, ownerReferences=[OwnerReference(apiVersion=hivemq.com/v1, blockOwnerDeletion=null, controller=null, kind=HiveMQPlatform, name=test-hivemq-platform, uid=18b9e485-f5db-473e-bbfc-bfec87b39f57, additionalProperties={})], resourceVersion=null, selfLink=null, uid=null, additionalProperties={}), rules=[PolicyRule(apiGroups=[], nonResourceURLs=[], resourceNames=[], resources=[pods], verbs=[get, patch, update], additionalProperties={})], additionalProperties={})
2025-01-29 13:43:40,117 INFO c.h.h.t.HelmChartContainer - [hivemq-test-hivemq-platform] [hivemq-platform-operator] [a229c8e4] 13:43:40.115 [pool-6-thread-7] DEBUG c.h.p.o.d.PodServiceAccountResource - [helmmetr] Desired PodServiceAccountResource (serviceAccountName: hivemq-platform-pod-test-hivemq-platform)
2025-01-29 13:43:40,119 INFO c.h.h.t.HelmChartContainer - [hivemq-test-hivemq-platform] [hivemq-platform-operator] [a229c8e4] 13:43:40.116 [pool-6-thread-7] DEBUG c.h.p.o.d.PodServiceAccountResource - [helmmetr] Create ServiceAccount 'hivemq-platform-pod-test-hivemq-platform'
2025-01-29 13:43:40,315 INFO c.h.h.t.HelmChartContainer - [hivemq-test-hivemq-platform] [hivemq-platform-operator] [a229c8e4] 13:43:40.314 [pool-6-thread-10] DEBUG c.h.p.o.d.PodRoleBindingResource - [helmmetr] Create RoleBinding: RoleBinding(apiVersion=rbac.authorization.k8s.io/v1, kind=RoleBinding, metadata=ObjectMeta(annotations={meta.helm.sh/release-name=test-hivemq-platform, meta.helm.sh/release-namespace=helmmetricsserviceit}, creationTimestamp=null, deletionGracePeriodSeconds=null, deletionTimestamp=null, finalizers=[], generateName=null, generation=null, labels={helm.sh/chart=hivemq-platform-0.2.32, app.kubernetes.io/managed-by=Helm, app.kubernetes.io/name=hivemq-platform, hivemq-platform=test-hivemq-platform, app.kubernetes.io/instance=test-hivemq-platform, app.kubernetes.io/version=4.36.0}, managedFields=[], name=hivemq-platform-role-binding-test-hivemq-platform, namespace=helmmetricsserviceit, ownerReferences=[OwnerReference(apiVersion=hivemq.com/v1, blockOwnerDeletion=null, controller=null, kind=HiveMQPlatform, name=test-hivemq-platform, uid=18b9e485-f5db-473e-bbfc-bfec87b39f57, additionalProperties={})], resourceVersion=null, selfLink=null, uid=null, additionalProperties={}), roleRef=RoleRef(apiGroup=rbac.authorization.k8s.io, kind=Role, name=hivemq-platform-role-test-hivemq-platform, additionalProperties={}), subjects=[Subject(apiGroup=null, kind=ServiceAccount, name=hivemq-platform-pod-test-hivemq-platform, namespace=helmmetricsserviceit, additionalProperties={})], additionalProperties={})
2025-01-29 13:43:40,406 INFO c.h.h.t.HelmChartContainer - [hivemq-test-hivemq-platform] [hivemq-platform-operator] [a229c8e4] 13:43:40.405 [ReconcilerExecutor-hivemq-controller-52] INFO  c.h.p.o.HiveMQPlatformReconciler - [helmmetr] Reconciling HiveMQ Platform 'test-hivemq-platform' in namespace 'helmmetricsserviceit'
2025-01-29 13:43:40,407 INFO c.h.h.t.HelmChartContainer - [hivemq-test-hivemq-platform] [hivemq-platform-operator] [a229c8e4] 13:43:40.405 [ReconcilerExecutor-hivemq-controller-52] DEBUG c.h.p.o.HiveMQPlatformReconciler - [helmmetr] Custom Resource Status CREATED - HiveMQ Platform was created (READY)
2025-01-29 13:43:40,407 INFO c.h.h.t.HelmChartContainer - [hivemq-test-hivemq-platform] [hivemq-platform-operator] [a229c8e4] 13:43:40.405 [ReconcilerExecutor-hivemq-controller-52] DEBUG c.h.p.o.HiveMQPlatformReconciler - [helmmetr] Custom Resource Spec (replicas: 1) (extensions: 1)
2025-01-29 13:43:40,410 INFO c.h.h.t.HelmChartContainer - [hivemq-test-hivemq-platform] [hivemq-platform-operator] [a229c8e4] 13:43:40.409 [ReconcilerExecutor-hivemq-controller-52] INFO  c.h.p.o.h.HiveMQPlatformReconcilerBaseHandler - [helmmetr] HiveMQ Platform is starting
2025-01-29 13:43:40,514 INFO c.h.h.t.HelmChartContainer - [hivemq-test-hivemq-platform] [hivemq-platform-operator] [a229c8e4] 13:43:40.513 [ReconcilerExecutor-hivemq-controller-52] DEBUG c.h.p.operator.event.EventSender - [helmmetr] Creating K8s event hivemq-platform-starting: [Start] HiveMQ Platform is starting
2025-01-29 13:43:40,523 INFO c.h.h.t.HelmChartContainer - [EVENT] Normal [Start] HiveMQ Platform is starting [helmmetricsserviceit:test-hivemq-platform]
2025-01-29 13:43:40,605 INFO c.h.h.t.HelmChartContainer - [hivemq-test-hivemq-platform] [hivemq-platform-operator] [a229c8e4] 13:43:40.604 [ReconcilerExecutor-hivemq-controller-52] INFO  c.h.p.o.h.AbstractHiveMQReconcilerStateHandler - [helmmetr] Update HiveMQ Platform Status (CREATED [READY] -> STARTING [READY]): HiveMQ Platform is starting
2025-01-29 13:43:40,621 DEBUG com.hivemq.helmcharts.util.K8sUtil - Comparing actual state 'STARTING' and waiting for 'RUNNING'
2025-01-29 13:43:42,909 INFO c.h.h.t.HelmChartContainer - [K3S] [range_allocator.go:247] "Successfully synced" key="2553df930ab9"
2025-01-29 13:43:50,716 INFO c.h.h.t.HelmChartContainer - [hivemq-test-hivemq-platform] [hivemq-platform-operator] [a229c8e4] 13:43:50.712 [pool-6-thread-12] DEBUG c.h.p.o.d.PlatformServiceResource - [helmmetr] Desired Platform services (2 services)
2025-01-29 13:43:50,716 INFO c.h.h.t.HelmChartContainer - [hivemq-test-hivemq-platform] [hivemq-platform-operator] [a229c8e4] 13:43:50.714 [pool-6-thread-13] DEBUG c.h.p.o.dependants.PodInfoConfigMap - [helmmetr] Desired PodInfo ConfigMap (1 extensions) (1 enabled)
2025-01-29 13:43:50,719 INFO c.h.h.t.HelmChartContainer - [hivemq-test-hivemq-platform] [hivemq-platform-operator] [a229c8e4] 13:43:50.717 [pool-6-thread-13] DEBUG c.h.p.o.dependants.PodInfoConfigMap - [helmmetr] Desired PodInfo ConfigMap (metrics port: 9499) (metrics path: /metrics)
2025-01-29 13:43:50,719 INFO c.h.h.t.HelmChartContainer - [hivemq-test-hivemq-platform] [hivemq-platform-operator] [a229c8e4] 13:43:50.717 [pool-6-thread-13] DEBUG c.h.p.o.dependants.PodInfoConfigMap - [helmmetr] Desired PodInfo ConfigMap (extension state hash: 1243513115)
2025-01-29 13:43:50,722 INFO c.h.h.t.HelmChartContainer - [hivemq-test-hivemq-platform] [hivemq-platform-operator] [a229c8e4] 13:43:50.721 [pool-6-thread-13] DEBUG c.h.p.o.dependants.PodInfoConfigMap - [helmmetr] Update PodInfo ConfigMap
2025-01-29 13:43:50,723 INFO c.h.h.t.HelmChartContainer - [hivemq-test-hivemq-platform] [hivemq-platform-operator] [a229c8e4] 13:43:50.722 [pool-6-thread-17] DEBUG c.h.p.o.d.PodServiceAccountResource - [helmmetr] Desired PodServiceAccountResource (serviceAccountName: hivemq-platform-pod-test-hivemq-platform)
2025-01-29 13:43:50,729 INFO c.h.h.t.HelmChartContainer - [K3S] [alloc.go:330] "allocated clusterIPs" service="helmmetricsserviceit/hivemq-test-hivemq-platform-mqtt-1883" clusterIPs={"IPv4":"10.43.253.103"}
2025-01-29 13:43:50,822 INFO c.h.h.t.HelmChartContainer - [K3S] [alloc.go:330] "allocated clusterIPs" service="helmmetricsserviceit/hivemq-test-hivemq-platform-metrics-9499" clusterIPs={"IPv4":"10.43.244.163"}
2025-01-29 13:43:50,907 INFO c.h.h.t.HelmChartContainer - [hivemq-test-hivemq-platform] [hivemq-platform-operator] [a229c8e4] 13:43:50.906 [pool-6-thread-20] DEBUG c.h.p.o.d.StatefulSetResource - [helmmetr] Desired StatefulSet (1 replicas) for status STARTING (READY)
2025-01-29 13:43:50,919 INFO c.h.h.t.HelmChartContainer - [hivemq-test-hivemq-platform] [hivemq-platform-operator] [a229c8e4] 13:43:50.918 [pool-6-thread-20] DEBUG c.h.p.o.d.StatefulSetResource - [helmmetr] Create StatefulSet
2025-01-29 13:43:51,025 INFO c.h.h.t.HelmChartContainer - [hivemq-test-hivemq-platform] [hivemq-platform-operator] [a229c8e4] 13:43:51.024 [ReconcilerExecutor-hivemq-controller-63] INFO  c.h.p.o.HiveMQPlatformReconciler - [helmmetr] Reconciling HiveMQ Platform 'test-hivemq-platform' in namespace 'helmmetricsserviceit'
2025-01-29 13:43:51,025 INFO c.h.h.t.HelmChartContainer - [hivemq-test-hivemq-platform] [hivemq-platform-operator] [a229c8e4] 13:43:51.024 [ReconcilerExecutor-hivemq-controller-63] DEBUG c.h.p.o.HiveMQPlatformReconciler - [helmmetr] Custom Resource Status STARTING - HiveMQ Platform is starting (READY)
2025-01-29 13:43:51,025 INFO c.h.h.t.HelmChartContainer - [hivemq-test-hivemq-platform] [hivemq-platform-operator] [a229c8e4] 13:43:51.024 [ReconcilerExecutor-hivemq-controller-63] DEBUG c.h.p.o.HiveMQPlatformReconciler - [helmmetr] Custom Resource Spec (replicas: 1) (extensions: 1)
2025-01-29 13:43:51,034 INFO c.h.h.t.HelmChartContainer - [hivemq-test-hivemq-platform] [hivemq-platform-operator] [a229c8e4] 13:43:51.031 [ReconcilerExecutor-hivemq-controller-63] DEBUG c.h.p.o.HiveMQPlatformReconciler - [helmmetr] StatefulSet Status (revision: null, replicas: 0, available: 0, ready: 0, current: 0, updated: 0)
2025-01-29 13:43:51,034 INFO c.h.h.t.HelmChartContainer - [hivemq-test-hivemq-platform] [hivemq-platform-operator] [a229c8e4] 13:43:51.031 [ReconcilerExecutor-hivemq-controller-63] DEBUG c.h.p.o.HiveMQPlatformReconciler - [helmmetr] StatefulSet Spec (replicas: 1, init containers: 1, containers: 1, volumes: 3)
2025-01-29 13:43:51,035 INFO c.h.h.t.HelmChartContainer - [POD] test-hivemq-platform-0 [b8b28e4d-97a7-4f7c-9333-feb4193cbbf0] in helmmetricsserviceit was ADDED
2025-01-29 13:43:51,038 INFO c.h.h.t.HelmChartContainer - [EVENT] Normal [SuccessfulCreate] create Pod test-hivemq-platform-0 in StatefulSet test-hivemq-platform successful [helmmetricsserviceit:test-hivemq-platform]
2025-01-29 13:43:51,040 INFO c.h.h.t.HelmChartContainer - [POD] test-hivemq-platform-0 [b8b28e4d-97a7-4f7c-9333-feb4193cbbf0] in helmmetricsserviceit was MODIFIED
2025-01-29 13:43:51,045 INFO c.h.h.t.HelmChartContainer - [EVENT] Normal [Scheduled] Successfully assigned helmmetricsserviceit/test-hivemq-platform-0 to 2553df930ab9 [helmmetricsserviceit:test-hivemq-platform-0]
2025-01-29 13:43:51,051 INFO c.h.h.t.HelmChartContainer - [POD] test-hivemq-platform-0 [b8b28e4d-97a7-4f7c-9333-feb4193cbbf0] in helmmetricsserviceit was MODIFIED
2025-01-29 13:43:51,108 INFO c.h.h.t.HelmChartContainer - [hivemq-test-hivemq-platform] [hivemq-platform-operator] [a229c8e4] 13:43:51.105 [ReconcilerExecutor-hivemq-controller-63] INFO  c.h.p.o.h.HiveMQPlatformReconcilerBaseHandler - [helmmetr] HiveMQ Platform is starting, 0 of 1 replicas are ready
2025-01-29 13:43:51,113 INFO c.h.h.t.HelmChartContainer - [hivemq-test-hivemq-platform] [hivemq-platform-operator] [a229c8e4] 13:43:51.112 [pool-6-thread-22] DEBUG c.h.p.o.d.PlatformServiceResource - [helmmetr] Desired Platform services (2 services)
2025-01-29 13:43:51,198 INFO c.h.h.t.HelmChartContainer - [K3S] [reconciler_common.go:251] "operationExecutor.VerifyControllerAttachedVolume started for volume \"pod-info\" (UniqueName: \"kubernetes.io/configmap/b8b28e4d-97a7-4f7c-9333-feb4193cbbf0-pod-info\") pod \"test-hivemq-platform-0\" (UID: \"b8b28e4d-97a7-4f7c-9333-feb4193cbbf0\") " pod="helmmetricsserviceit/test-hivemq-platform-0"
2025-01-29 13:43:51,198 INFO c.h.h.t.HelmChartContainer - [K3S] [reconciler_common.go:251] "operationExecutor.VerifyControllerAttachedVolume started for volume \"broker-configuration\" (UniqueName: \"kubernetes.io/configmap/b8b28e4d-97a7-4f7c-9333-feb4193cbbf0-broker-configuration\") pod \"test-hivemq-platform-0\" (UID: \"b8b28e4d-97a7-4f7c-9333-feb4193cbbf0\") " pod="helmmetricsserviceit/test-hivemq-platform-0"
2025-01-29 13:43:51,198 INFO c.h.h.t.HelmChartContainer - [K3S] [reconciler_common.go:251] "operationExecutor.VerifyControllerAttachedVolume started for volume \"operator-init\" (UniqueName: \"kubernetes.io/empty-dir/b8b28e4d-97a7-4f7c-9333-feb4193cbbf0-operator-init\") pod \"test-hivemq-platform-0\" (UID: \"b8b28e4d-97a7-4f7c-9333-feb4193cbbf0\") " pod="helmmetricsserviceit/test-hivemq-platform-0"
2025-01-29 13:43:51,198 INFO c.h.h.t.HelmChartContainer - [K3S] [reconciler_common.go:251] "operationExecutor.VerifyControllerAttachedVolume started for volume \"kube-api-access-x85tp\" (UniqueName: \"kubernetes.io/projected/b8b28e4d-97a7-4f7c-9333-feb4193cbbf0-kube-api-access-x85tp\") pod \"test-hivemq-platform-0\" (UID: \"b8b28e4d-97a7-4f7c-9333-feb4193cbbf0\") " pod="helmmetricsserviceit/test-hivemq-platform-0"
2025-01-29 13:43:51,208 INFO c.h.h.t.HelmChartContainer - [hivemq-test-hivemq-platform] [hivemq-platform-operator] [a229c8e4] 13:43:51.206 [pool-6-thread-27] DEBUG c.h.p.o.d.PodServiceAccountResource - [helmmetr] Desired PodServiceAccountResource (serviceAccountName: hivemq-platform-pod-test-hivemq-platform)
2025-01-29 13:43:51,209 INFO c.h.h.t.HelmChartContainer - [hivemq-test-hivemq-platform] [hivemq-platform-operator] [a229c8e4] 13:43:51.208 [pool-6-thread-23] DEBUG c.h.p.o.dependants.PodInfoConfigMap - [helmmetr] Desired PodInfo ConfigMap (1 extensions) (1 enabled)
2025-01-29 13:43:51,211 INFO c.h.h.t.HelmChartContainer - [hivemq-test-hivemq-platform] [hivemq-platform-operator] [a229c8e4] 13:43:51.209 [pool-6-thread-23] DEBUG c.h.p.o.dependants.PodInfoConfigMap - [helmmetr] Desired PodInfo ConfigMap (metrics port: 9499) (metrics path: /metrics)
2025-01-29 13:43:51,212 INFO c.h.h.t.HelmChartContainer - [hivemq-test-hivemq-platform] [hivemq-platform-operator] [a229c8e4] 13:43:51.209 [pool-6-thread-23] DEBUG c.h.p.o.dependants.PodInfoConfigMap - [helmmetr] Desired PodInfo ConfigMap (extension state hash: 1243513115)
2025-01-29 13:43:51,217 INFO c.h.h.t.HelmChartContainer - [hivemq-test-hivemq-platform] [hivemq-platform-operator] [a229c8e4] 13:43:51.216 [pool-6-thread-30] DEBUG c.h.p.o.d.StatefulSetResource - [helmmetr] Desired StatefulSet (1 replicas) for status STARTING (READY)
2025-01-29 13:43:51,305 INFO c.h.h.t.HelmChartContainer - [hivemq-test-hivemq-platform] [hivemq-platform-operator] [a229c8e4] 13:43:51.303 [ReconcilerExecutor-hivemq-controller-74] INFO  c.h.p.o.HiveMQPlatformReconciler - [helmmetr] Reconciling HiveMQ Platform 'test-hivemq-platform' in namespace 'helmmetricsserviceit'
2025-01-29 13:43:51,305 INFO c.h.h.t.HelmChartContainer - [hivemq-test-hivemq-platform] [hivemq-platform-operator] [a229c8e4] 13:43:51.303 [ReconcilerExecutor-hivemq-controller-74] DEBUG c.h.p.o.HiveMQPlatformReconciler - [helmmetr] Custom Resource Status STARTING - HiveMQ Platform is starting (READY)
2025-01-29 13:43:51,305 INFO c.h.h.t.HelmChartContainer - [hivemq-test-hivemq-platform] [hivemq-platform-operator] [a229c8e4] 13:43:51.303 [ReconcilerExecutor-hivemq-controller-74] DEBUG c.h.p.o.HiveMQPlatformReconciler - [helmmetr] Custom Resource Spec (replicas: 1) (extensions: 1)
2025-01-29 13:43:51,309 INFO c.h.h.t.HelmChartContainer - [hivemq-test-hivemq-platform] [hivemq-platform-operator] [a229c8e4] 13:43:51.308 [ReconcilerExecutor-hivemq-controller-74] DEBUG c.h.p.o.HiveMQPlatformReconciler - [helmmetr] StatefulSet Status (revision: test-hivemq-platform-84f6684d79, replicas: 1, available: 0, ready: 0, current: 1, updated: 1)
2025-01-29 13:43:51,309 INFO c.h.h.t.HelmChartContainer - [hivemq-test-hivemq-platform] [hivemq-platform-operator] [a229c8e4] 13:43:51.308 [ReconcilerExecutor-hivemq-controller-74] DEBUG c.h.p.o.HiveMQPlatformReconciler - [helmmetr] StatefulSet Spec (replicas: 1, init containers: 1, containers: 1, volumes: 3)
2025-01-29 13:43:51,322 INFO c.h.h.t.HelmChartContainer - [hivemq-test-hivemq-platform] [hivemq-platform-operator] [a229c8e4] 13:43:51.321 [ReconcilerExecutor-hivemq-controller-74] DEBUG c.h.p.o.h.HiveMQPlatformReconcilerErrorHandler - [helmmetr] Pod 'test-hivemq-platform-0' phase Pending
2025-01-29 13:43:51,406 INFO c.h.h.t.HelmChartContainer - [hivemq-test-hivemq-platform] [hivemq-platform-operator] [a229c8e4] 13:43:51.403 [ReconcilerExecutor-hivemq-controller-74] DEBUG c.h.p.o.h.HiveMQPlatformReconcilerErrorHandler - [helmmetr] Pod 'test-hivemq-platform-0' condition 'PodReadyToStartContainers': False
2025-01-29 13:43:51,406 INFO c.h.h.t.HelmChartContainer - [hivemq-test-hivemq-platform] [hivemq-platform-operator] [a229c8e4] 13:43:51.404 [ReconcilerExecutor-hivemq-controller-74] DEBUG c.h.p.o.h.HiveMQPlatformReconcilerErrorHandler - [helmmetr] Pod 'test-hivemq-platform-0' condition 'Initialized': False
2025-01-29 13:43:51,406 INFO c.h.h.t.HelmChartContainer - [hivemq-test-hivemq-platform] [hivemq-platform-operator] [a229c8e4] 13:43:51.404 [ReconcilerExecutor-hivemq-controller-74] DEBUG c.h.p.o.h.HiveMQPlatformReconcilerErrorHandler - [helmmetr] Pod 'test-hivemq-platform-0' condition 'Ready': False
2025-01-29 13:43:51,406 INFO c.h.h.t.HelmChartContainer - [hivemq-test-hivemq-platform] [hivemq-platform-operator] [a229c8e4] 13:43:51.404 [ReconcilerExecutor-hivemq-controller-74] DEBUG c.h.p.o.h.HiveMQPlatformReconcilerErrorHandler - [helmmetr] Pod 'test-hivemq-platform-0' condition 'ContainersReady': False
2025-01-29 13:43:51,406 INFO c.h.h.t.HelmChartContainer - [hivemq-test-hivemq-platform] [hivemq-platform-operator] [a229c8e4] 13:43:51.404 [ReconcilerExecutor-hivemq-controller-74] DEBUG c.h.p.o.h.HiveMQPlatformReconcilerErrorHandler - [helmmetr] Pod 'test-hivemq-platform-0' condition 'PodScheduled': True
2025-01-29 13:43:51,406 INFO c.h.h.t.HelmChartContainer - [hivemq-test-hivemq-platform] [hivemq-platform-operator] [a229c8e4] 13:43:51.404 [ReconcilerExecutor-hivemq-controller-74] DEBUG c.h.p.o.h.HiveMQPlatformReconcilerErrorHandler - [helmmetr] Pod 'test-hivemq-platform-0' containerStatus 'hivemq' (started: false) (ready: false) (waiting: [PodInitializing] null)
2025-01-29 13:43:51,409 INFO c.h.h.t.HelmChartContainer - [hivemq-test-hivemq-platform] [hivemq-platform-operator] [a229c8e4] 13:43:51.406 [ReconcilerExecutor-hivemq-controller-74] INFO  c.h.p.o.h.HiveMQPlatformReconcilerBaseHandler - [helmmetr] HiveMQ Platform is starting, 0 of 1 replicas are ready
2025-01-29 13:43:51,414 INFO c.h.h.t.HelmChartContainer - [hivemq-test-hivemq-platform] [hivemq-platform-operator] [a229c8e4] 13:43:51.413 [pool-6-thread-32] DEBUG c.h.p.o.d.PlatformServiceResource - [helmmetr] Desired Platform services (2 services)
2025-01-29 13:43:51,417 INFO c.h.h.t.HelmChartContainer - [hivemq-test-hivemq-platform] [hivemq-platform-operator] [a229c8e4] 13:43:51.416 [pool-6-thread-33] DEBUG c.h.p.o.dependants.PodInfoConfigMap - [helmmetr] Desired PodInfo ConfigMap (1 extensions) (1 enabled)
2025-01-29 13:43:51,418 INFO c.h.h.t.HelmChartContainer - [hivemq-test-hivemq-platform] [hivemq-platform-operator] [a229c8e4] 13:43:51.416 [pool-6-thread-33] DEBUG c.h.p.o.dependants.PodInfoConfigMap - [helmmetr] Desired PodInfo ConfigMap (metrics port: 9499) (metrics path: /metrics)
2025-01-29 13:43:51,420 INFO c.h.h.t.HelmChartContainer - [hivemq-test-hivemq-platform] [hivemq-platform-operator] [a229c8e4] 13:43:51.419 [pool-6-thread-33] DEBUG c.h.p.o.dependants.PodInfoConfigMap - [helmmetr] Desired PodInfo ConfigMap (extension state hash: 1243513115)
2025-01-29 13:43:51,421 INFO c.h.h.t.HelmChartContainer - [hivemq-test-hivemq-platform] [hivemq-platform-operator] [a229c8e4] 13:43:51.419 [pool-6-thread-37] DEBUG c.h.p.o.d.PodServiceAccountResource - [helmmetr] Desired PodServiceAccountResource (serviceAccountName: hivemq-platform-pod-test-hivemq-platform)
2025-01-29 13:43:51,440 INFO c.h.h.t.HelmChartContainer - [EVENT] Normal [Pulled] Container image "docker.io/hivemq/hivemq-platform-operator-init-test:snapshot" already present on machine [helmmetricsserviceit:test-hivemq-platform-0]
2025-01-29 13:43:51,510 INFO c.h.h.t.HelmChartContainer - [hivemq-test-hivemq-platform] [hivemq-platform-operator] [a229c8e4] 13:43:51.506 [pool-6-thread-39] DEBUG c.h.p.o.d.StatefulSetResource - [helmmetr] Desired StatefulSet (1 replicas) for status STARTING (READY)
2025-01-29 13:43:51,512 INFO c.h.h.t.HelmChartContainer - [hivemq-test-hivemq-platform] [hivemq-platform-operator] [a229c8e4] 13:43:51.511 [ReconcilerExecutor-hivemq-controller-85] INFO  c.h.p.o.HiveMQPlatformReconciler - [helmmetr] Reconciling HiveMQ Platform 'test-hivemq-platform' in namespace 'helmmetricsserviceit'
2025-01-29 13:43:51,515 INFO c.h.h.t.HelmChartContainer - [hivemq-test-hivemq-platform] [hivemq-platform-operator] [a229c8e4] 13:43:51.512 [ReconcilerExecutor-hivemq-controller-85] DEBUG c.h.p.o.HiveMQPlatformReconciler - [helmmetr] Custom Resource Status STARTING - HiveMQ Platform is starting (READY)
2025-01-29 13:43:51,515 INFO c.h.h.t.HelmChartContainer - [hivemq-test-hivemq-platform] [hivemq-platform-operator] [a229c8e4] 13:43:51.512 [ReconcilerExecutor-hivemq-controller-85] DEBUG c.h.p.o.HiveMQPlatformReconciler - [helmmetr] Custom Resource Spec (replicas: 1) (extensions: 1)
2025-01-29 13:43:51,516 INFO c.h.h.t.HelmChartContainer - [hivemq-test-hivemq-platform] [hivemq-platform-operator] [a229c8e4] 13:43:51.516 [ReconcilerExecutor-hivemq-controller-85] DEBUG c.h.p.o.HiveMQPlatformReconciler - [helmmetr] StatefulSet Status (revision: test-hivemq-platform-84f6684d79, replicas: 1, available: 0, ready: 0, current: 1, updated: 1)
2025-01-29 13:43:51,517 INFO c.h.h.t.HelmChartContainer - [hivemq-test-hivemq-platform] [hivemq-platform-operator] [a229c8e4] 13:43:51.516 [ReconcilerExecutor-hivemq-controller-85] DEBUG c.h.p.o.HiveMQPlatformReconciler - [helmmetr] StatefulSet Spec (replicas: 1, init containers: 1, containers: 1, volumes: 3)
2025-01-29 13:43:51,520 INFO c.h.h.t.HelmChartContainer - [hivemq-test-hivemq-platform] [hivemq-platform-operator] [a229c8e4] 13:43:51.519 [ReconcilerExecutor-hivemq-controller-85] DEBUG c.h.p.o.h.HiveMQPlatformReconcilerErrorHandler - [helmmetr] Pod 'test-hivemq-platform-0' phase Pending
2025-01-29 13:43:51,522 INFO c.h.h.t.HelmChartContainer - [hivemq-test-hivemq-platform] [hivemq-platform-operator] [a229c8e4] 13:43:51.520 [ReconcilerExecutor-hivemq-controller-85] DEBUG c.h.p.o.h.HiveMQPlatformReconcilerErrorHandler - [helmmetr] Pod 'test-hivemq-platform-0' condition 'PodReadyToStartContainers': False
2025-01-29 13:43:51,522 INFO c.h.h.t.HelmChartContainer - [hivemq-test-hivemq-platform] [hivemq-platform-operator] [a229c8e4] 13:43:51.521 [ReconcilerExecutor-hivemq-controller-85] DEBUG c.h.p.o.h.HiveMQPlatformReconcilerErrorHandler - [helmmetr] Pod 'test-hivemq-platform-0' condition 'Initialized': False
2025-01-29 13:43:51,524 INFO c.h.h.t.HelmChartContainer - [hivemq-test-hivemq-platform] [hivemq-platform-operator] [a229c8e4] 13:43:51.522 [ReconcilerExecutor-hivemq-controller-85] DEBUG c.h.p.o.h.HiveMQPlatformReconcilerErrorHandler - [helmmetr] Pod 'test-hivemq-platform-0' condition 'Ready': False
2025-01-29 13:43:51,524 INFO c.h.h.t.HelmChartContainer - [hivemq-test-hivemq-platform] [hivemq-platform-operator] [a229c8e4] 13:43:51.523 [ReconcilerExecutor-hivemq-controller-85] DEBUG c.h.p.o.h.HiveMQPlatformReconcilerErrorHandler - [helmmetr] Pod 'test-hivemq-platform-0' condition 'ContainersReady': False
2025-01-29 13:43:51,524 INFO c.h.h.t.HelmChartContainer - [hivemq-test-hivemq-platform] [hivemq-platform-operator] [a229c8e4] 13:43:51.523 [ReconcilerExecutor-hivemq-controller-85] DEBUG c.h.p.o.h.HiveMQPlatformReconcilerErrorHandler - [helmmetr] Pod 'test-hivemq-platform-0' condition 'PodScheduled': True
2025-01-29 13:43:51,524 INFO c.h.h.t.HelmChartContainer - [hivemq-test-hivemq-platform] [hivemq-platform-operator] [a229c8e4] 13:43:51.523 [ReconcilerExecutor-hivemq-controller-85] DEBUG c.h.p.o.h.HiveMQPlatformReconcilerErrorHandler - [helmmetr] Pod 'test-hivemq-platform-0' containerStatus 'hivemq' (started: false) (ready: false) (waiting: [PodInitializing] null)
2025-01-29 13:43:51,558 INFO c.h.h.t.HelmChartContainer - [EVENT] Normal [Created] Created container: hivemq-platform-operator-init [helmmetricsserviceit:test-hivemq-platform-0]
2025-01-29 13:43:51,598 INFO c.h.h.t.HelmChartContainer - [EVENT] Normal [Started] Started container hivemq-platform-operator-init [helmmetricsserviceit:test-hivemq-platform-0]
2025-01-29 13:43:51,605 INFO c.h.h.t.HelmChartContainer - [hivemq-test-hivemq-platform] [hivemq-platform-operator] [a229c8e4] 13:43:51.604 [ReconcilerExecutor-hivemq-controller-85] INFO  c.h.p.o.h.HiveMQPlatformReconcilerBaseHandler - [helmmetr] HiveMQ Platform is starting, 0 of 1 replicas are ready
2025-01-29 13:43:51,851 INFO c.h.h.t.HelmChartContainer - [POD] test-hivemq-platform-0 [b8b28e4d-97a7-4f7c-9333-feb4193cbbf0] in helmmetricsserviceit was MODIFIED
2025-01-29 13:43:51,876 INFO c.h.h.t.HelmChartContainer - [hivemq-test-hivemq-platform] [hivemq-platform-operator] [a229c8e4] 13:43:51.867 [pool-6-thread-42] DEBUG c.h.p.o.d.PlatformServiceResource - [helmmetr] Desired Platform services (2 services)
2025-01-29 13:43:51,883 INFO c.h.h.t.HelmChartContainer - [hivemq-test-hivemq-platform] [hivemq-platform-operator] [a229c8e4] 13:43:51.869 [pool-6-thread-43] DEBUG c.h.p.o.dependants.PodInfoConfigMap - [helmmetr] Desired PodInfo ConfigMap (1 extensions) (1 enabled)
2025-01-29 13:43:51,883 INFO c.h.h.t.HelmChartContainer - [hivemq-test-hivemq-platform] [hivemq-platform-operator] [a229c8e4] 13:43:51.870 [pool-6-thread-43] DEBUG c.h.p.o.dependants.PodInfoConfigMap - [helmmetr] Desired PodInfo ConfigMap (metrics port: 9499) (metrics path: /metrics)
2025-01-29 13:43:51,883 INFO c.h.h.t.HelmChartContainer - [hivemq-test-hivemq-platform] [hivemq-platform-operator] [a229c8e4] 13:43:51.870 [pool-6-thread-43] DEBUG c.h.p.o.dependants.PodInfoConfigMap - [helmmetr] Desired PodInfo ConfigMap (extension state hash: 1243513115)
2025-01-29 13:43:51,883 INFO c.h.h.t.HelmChartContainer - [hivemq-test-hivemq-platform] [hivemq-platform-operator] [a229c8e4] 13:43:51.875 [pool-6-thread-47] DEBUG c.h.p.o.d.PodServiceAccountResource - [helmmetr] Desired PodServiceAccountResource (serviceAccountName: hivemq-platform-pod-test-hivemq-platform)
2025-01-29 13:43:51,886 INFO c.h.h.t.HelmChartContainer - [hivemq-test-hivemq-platform] [hivemq-platform-operator] [a229c8e4] 13:43:51.884 [pool-6-thread-49] DEBUG c.h.p.o.d.StatefulSetResource - [helmmetr] Desired StatefulSet (1 replicas) for status STARTING (READY)
2025-01-29 13:43:51,909 INFO c.h.h.t.HelmChartContainer - [hivemq-test-hivemq-platform] [hivemq-platform-operator] [a229c8e4] 13:43:51.907 [ReconcilerExecutor-hivemq-controller-96] INFO  c.h.p.o.HiveMQPlatformReconciler - [helmmetr] Reconciling HiveMQ Platform 'test-hivemq-platform' in namespace 'helmmetricsserviceit'
2025-01-29 13:43:51,910 INFO c.h.h.t.HelmChartContainer - [hivemq-test-hivemq-platform] [hivemq-platform-operator] [a229c8e4] 13:43:51.908 [ReconcilerExecutor-hivemq-controller-96] DEBUG c.h.p.o.HiveMQPlatformReconciler - [helmmetr] Custom Resource Status STARTING - HiveMQ Platform is starting (READY)
2025-01-29 13:43:51,910 INFO c.h.h.t.HelmChartContainer - [hivemq-test-hivemq-platform] [hivemq-platform-operator] [a229c8e4] 13:43:51.908 [ReconcilerExecutor-hivemq-controller-96] DEBUG c.h.p.o.HiveMQPlatformReconciler - [helmmetr] Custom Resource Spec (replicas: 1) (extensions: 1)
2025-01-29 13:43:51,962 INFO c.h.h.t.HelmChartContainer - [hivemq-test-hivemq-platform] [hivemq-platform-operator] [a229c8e4] 13:43:51.961 [ReconcilerExecutor-hivemq-controller-96] DEBUG c.h.p.o.HiveMQPlatformReconciler - [helmmetr] StatefulSet Status (revision: test-hivemq-platform-84f6684d79, replicas: 1, available: 0, ready: 0, current: 1, updated: 1)
2025-01-29 13:43:51,962 INFO c.h.h.t.HelmChartContainer - [hivemq-test-hivemq-platform] [hivemq-platform-operator] [a229c8e4] 13:43:51.961 [ReconcilerExecutor-hivemq-controller-96] DEBUG c.h.p.o.HiveMQPlatformReconciler - [helmmetr] StatefulSet Spec (replicas: 1, init containers: 1, containers: 1, volumes: 3)
2025-01-29 13:43:51,965 INFO c.h.h.t.HelmChartContainer - [hivemq-test-hivemq-platform] [hivemq-platform-operator] [a229c8e4] 13:43:51.964 [ReconcilerExecutor-hivemq-controller-96] DEBUG c.h.p.o.h.HiveMQPlatformReconcilerErrorHandler - [helmmetr] Pod 'test-hivemq-platform-0' phase Pending
2025-01-29 13:43:51,966 INFO c.h.h.t.HelmChartContainer - [hivemq-test-hivemq-platform] [hivemq-platform-operator] [a229c8e4] 13:43:51.964 [ReconcilerExecutor-hivemq-controller-96] DEBUG c.h.p.o.h.HiveMQPlatformReconcilerErrorHandler - [helmmetr] Pod 'test-hivemq-platform-0' condition 'PodReadyToStartContainers': True
2025-01-29 13:43:51,966 INFO c.h.h.t.HelmChartContainer - [hivemq-test-hivemq-platform] [hivemq-platform-operator] [a229c8e4] 13:43:51.965 [ReconcilerExecutor-hivemq-controller-96] DEBUG c.h.p.o.h.HiveMQPlatformReconcilerErrorHandler - [helmmetr] Pod 'test-hivemq-platform-0' condition 'Initialized': False
2025-01-29 13:43:51,967 INFO c.h.h.t.HelmChartContainer - [hivemq-test-hivemq-platform] [hivemq-platform-operator] [a229c8e4] 13:43:51.965 [ReconcilerExecutor-hivemq-controller-96] DEBUG c.h.p.o.h.HiveMQPlatformReconcilerErrorHandler - [helmmetr] Pod 'test-hivemq-platform-0' condition 'Ready': False
2025-01-29 13:43:51,967 INFO c.h.h.t.HelmChartContainer - [hivemq-test-hivemq-platform] [hivemq-platform-operator] [a229c8e4] 13:43:51.966 [ReconcilerExecutor-hivemq-controller-96] DEBUG c.h.p.o.h.HiveMQPlatformReconcilerErrorHandler - [helmmetr] Pod 'test-hivemq-platform-0' condition 'ContainersReady': False
2025-01-29 13:43:51,967 INFO c.h.h.t.HelmChartContainer - [hivemq-test-hivemq-platform] [hivemq-platform-operator] [a229c8e4] 13:43:51.966 [ReconcilerExecutor-hivemq-controller-96] DEBUG c.h.p.o.h.HiveMQPlatformReconcilerErrorHandler - [helmmetr] Pod 'test-hivemq-platform-0' condition 'PodScheduled': True
2025-01-29 13:43:51,967 INFO c.h.h.t.HelmChartContainer - [hivemq-test-hivemq-platform] [hivemq-platform-operator] [a229c8e4] 13:43:51.966 [ReconcilerExecutor-hivemq-controller-96] DEBUG c.h.p.o.h.HiveMQPlatformReconcilerErrorHandler - [helmmetr] Pod 'test-hivemq-platform-0' containerStatus 'hivemq' (started: false) (ready: false) (waiting: [PodInitializing] null)
2025-01-29 13:43:51,968 INFO c.h.h.t.HelmChartContainer - [hivemq-test-hivemq-platform] [hivemq-platform-operator] [a229c8e4] 13:43:51.968 [ReconcilerExecutor-hivemq-controller-96] INFO  c.h.p.o.h.HiveMQPlatformReconcilerBaseHandler - [helmmetr] HiveMQ Platform is starting, 0 of 1 replicas are ready
2025-01-29 13:43:52,843 INFO c.h.h.t.HelmChartContainer - [EVENT] Normal [Pulled] Container image "docker.io/hivemq/hivemq4:4.36.0" already present on machine [helmmetricsserviceit:test-hivemq-platform-0]
2025-01-29 13:43:52,843 INFO c.h.h.t.HelmChartContainer - Received Pulled event for container hivemq in pod test-hivemq-platform-0 [b8b28e4d-97a7-4f7c-9333-feb4193cbbf0]
2025-01-29 13:43:52,850 INFO c.h.h.t.HelmChartContainer - [POD] test-hivemq-platform-0 [b8b28e4d-97a7-4f7c-9333-feb4193cbbf0] in helmmetricsserviceit was MODIFIED
2025-01-29 13:43:52,860 INFO c.h.h.t.HelmChartContainer - [hivemq-test-hivemq-platform] [hivemq-platform-operator] [a229c8e4] 13:43:52.855 [pool-6-thread-9] DEBUG c.h.p.o.d.PlatformServiceResource - [helmmetr] Desired Platform services (2 services)
2025-01-29 13:43:52,861 INFO c.h.h.t.HelmChartContainer - [hivemq-test-hivemq-platform] [hivemq-platform-operator] [a229c8e4] 13:43:52.856 [pool-6-thread-8] DEBUG c.h.p.o.dependants.PodInfoConfigMap - [helmmetr] Desired PodInfo ConfigMap (1 extensions) (1 enabled)
2025-01-29 13:43:52,861 INFO c.h.h.t.HelmChartContainer - [hivemq-test-hivemq-platform] [hivemq-platform-operator] [a229c8e4] 13:43:52.856 [pool-6-thread-8] DEBUG c.h.p.o.dependants.PodInfoConfigMap - [helmmetr] Desired PodInfo ConfigMap (metrics port: 9499) (metrics path: /metrics)
2025-01-29 13:43:52,861 INFO c.h.h.t.HelmChartContainer - [hivemq-test-hivemq-platform] [hivemq-platform-operator] [a229c8e4] 13:43:52.856 [pool-6-thread-8] DEBUG c.h.p.o.dependants.PodInfoConfigMap - [helmmetr] Desired PodInfo ConfigMap (extension state hash: 1243513115)
2025-01-29 13:43:52,861 INFO c.h.h.t.HelmChartContainer - [hivemq-test-hivemq-platform] [hivemq-platform-operator] [a229c8e4] 13:43:52.858 [pool-6-thread-1] DEBUG c.h.p.o.d.PodServiceAccountResource - [helmmetr] Desired PodServiceAccountResource (serviceAccountName: hivemq-platform-pod-test-hivemq-platform)
2025-01-29 13:43:52,868 INFO c.h.h.t.HelmChartContainer - [hivemq-test-hivemq-platform] [hivemq-platform-operator] [a229c8e4] 13:43:52.866 [pool-6-thread-9] DEBUG c.h.p.o.d.StatefulSetResource - [helmmetr] Desired StatefulSet (1 replicas) for status STARTING (READY)
2025-01-29 13:43:52,907 INFO c.h.h.t.HelmChartContainer - [hivemq-test-hivemq-platform] [hivemq-platform-operator] [a229c8e4] 13:43:52.903 [ReconcilerExecutor-hivemq-controller-107] INFO  c.h.p.o.HiveMQPlatformReconciler - [helmmetr] Reconciling HiveMQ Platform 'test-hivemq-platform' in namespace 'helmmetricsserviceit'
2025-01-29 13:43:52,910 INFO c.h.h.t.HelmChartContainer - [hivemq-test-hivemq-platform] [hivemq-platform-operator] [a229c8e4] 13:43:52.903 [ReconcilerExecutor-hivemq-controller-107] DEBUG c.h.p.o.HiveMQPlatformReconciler - [helmmetr] Custom Resource Status STARTING - HiveMQ Platform is starting (READY)
2025-01-29 13:43:52,910 INFO c.h.h.t.HelmChartContainer - [hivemq-test-hivemq-platform] [hivemq-platform-operator] [a229c8e4] 13:43:52.903 [ReconcilerExecutor-hivemq-controller-107] DEBUG c.h.p.o.HiveMQPlatformReconciler - [helmmetr] Custom Resource Spec (replicas: 1) (extensions: 1)
2025-01-29 13:43:52,911 INFO c.h.h.t.HelmChartContainer - [hivemq-test-hivemq-platform] [hivemq-platform-operator] [a229c8e4] 13:43:52.906 [ReconcilerExecutor-hivemq-controller-107] DEBUG c.h.p.o.HiveMQPlatformReconciler - [helmmetr] StatefulSet Status (revision: test-hivemq-platform-84f6684d79, replicas: 1, available: 0, ready: 0, current: 1, updated: 1)
2025-01-29 13:43:52,911 INFO c.h.h.t.HelmChartContainer - [hivemq-test-hivemq-platform] [hivemq-platform-operator] [a229c8e4] 13:43:52.906 [ReconcilerExecutor-hivemq-controller-107] DEBUG c.h.p.o.HiveMQPlatformReconciler - [helmmetr] StatefulSet Spec (replicas: 1, init containers: 1, containers: 1, volumes: 3)
2025-01-29 13:43:52,911 INFO c.h.h.t.HelmChartContainer - [hivemq-test-hivemq-platform] [hivemq-platform-operator] [a229c8e4] 13:43:52.909 [ReconcilerExecutor-hivemq-controller-107] DEBUG c.h.p.o.h.HiveMQPlatformReconcilerErrorHandler - [helmmetr] Pod 'test-hivemq-platform-0' phase Pending
2025-01-29 13:43:52,911 INFO c.h.h.t.HelmChartContainer - [hivemq-test-hivemq-platform] [hivemq-platform-operator] [a229c8e4] 13:43:52.909 [ReconcilerExecutor-hivemq-controller-107] DEBUG c.h.p.o.h.HiveMQPlatformReconcilerErrorHandler - [helmmetr] Pod 'test-hivemq-platform-0' condition 'PodReadyToStartContainers': True
2025-01-29 13:43:52,911 INFO c.h.h.t.HelmChartContainer - [hivemq-test-hivemq-platform] [hivemq-platform-operator] [a229c8e4] 13:43:52.910 [ReconcilerExecutor-hivemq-controller-107] DEBUG c.h.p.o.h.HiveMQPlatformReconcilerErrorHandler - [helmmetr] Pod 'test-hivemq-platform-0' condition 'Initialized': True
2025-01-29 13:43:52,912 INFO c.h.h.t.HelmChartContainer - [hivemq-test-hivemq-platform] [hivemq-platform-operator] [a229c8e4] 13:43:52.910 [ReconcilerExecutor-hivemq-controller-107] DEBUG c.h.p.o.h.HiveMQPlatformReconcilerErrorHandler - [helmmetr] Pod 'test-hivemq-platform-0' condition 'Ready': False
2025-01-29 13:43:52,912 INFO c.h.h.t.HelmChartContainer - [hivemq-test-hivemq-platform] [hivemq-platform-operator] [a229c8e4] 13:43:52.910 [ReconcilerExecutor-hivemq-controller-107] DEBUG c.h.p.o.h.HiveMQPlatformReconcilerErrorHandler - [helmmetr] Pod 'test-hivemq-platform-0' condition 'ContainersReady': False
2025-01-29 13:43:52,912 INFO c.h.h.t.HelmChartContainer - [hivemq-test-hivemq-platform] [hivemq-platform-operator] [a229c8e4] 13:43:52.910 [ReconcilerExecutor-hivemq-controller-107] DEBUG c.h.p.o.h.HiveMQPlatformReconcilerErrorHandler - [helmmetr] Pod 'test-hivemq-platform-0' condition 'PodScheduled': True
2025-01-29 13:43:52,912 INFO c.h.h.t.HelmChartContainer - [hivemq-test-hivemq-platform] [hivemq-platform-operator] [a229c8e4] 13:43:52.910 [ReconcilerExecutor-hivemq-controller-107] DEBUG c.h.p.o.h.HiveMQPlatformReconcilerErrorHandler - [helmmetr] Pod 'test-hivemq-platform-0' containerStatus 'hivemq' (started: false) (ready: false) (waiting: [PodInitializing] null)
2025-01-29 13:43:52,912 INFO c.h.h.t.HelmChartContainer - [hivemq-test-hivemq-platform] [hivemq-platform-operator] [a229c8e4] 13:43:52.911 [ReconcilerExecutor-hivemq-controller-107] INFO  c.h.p.o.h.HiveMQPlatformReconcilerBaseHandler - [helmmetr] HiveMQ Platform is starting, 0 of 1 replicas are ready
2025-01-29 13:43:53,899 INFO c.h.h.t.HelmChartContainer - [EVENT] Normal [Created] Created container: hivemq [helmmetricsserviceit:test-hivemq-platform-0]
2025-01-29 13:43:53,899 INFO c.h.h.t.HelmChartContainer - Received Created event for container hivemq in pod test-hivemq-platform-0 [b8b28e4d-97a7-4f7c-9333-feb4193cbbf0]
2025-01-29 13:43:54,860 INFO c.h.h.t.HelmChartContainer - [POD] test-hivemq-platform-0 [b8b28e4d-97a7-4f7c-9333-feb4193cbbf0] in helmmetricsserviceit was MODIFIED
2025-01-29 13:43:54,866 INFO c.h.h.t.HelmChartContainer - [hivemq-test-hivemq-platform] [hivemq-platform-operator] [a229c8e4] 13:43:54.865 [pool-6-thread-11] DEBUG c.h.p.o.d.PlatformServiceResource - [helmmetr] Desired Platform services (2 services)
2025-01-29 13:43:54,868 INFO c.h.h.t.HelmChartContainer - [hivemq-test-hivemq-platform] [hivemq-platform-operator] [a229c8e4] 13:43:54.866 [pool-6-thread-14] DEBUG c.h.p.o.dependants.PodInfoConfigMap - [helmmetr] Desired PodInfo ConfigMap (1 extensions) (1 enabled)
2025-01-29 13:43:54,869 INFO c.h.h.t.HelmChartContainer - [hivemq-test-hivemq-platform] [hivemq-platform-operator] [a229c8e4] 13:43:54.867 [pool-6-thread-14] DEBUG c.h.p.o.dependants.PodInfoConfigMap - [helmmetr] Desired PodInfo ConfigMap (metrics port: 9499) (metrics path: /metrics)
2025-01-29 13:43:54,869 INFO c.h.h.t.HelmChartContainer - [hivemq-test-hivemq-platform] [hivemq-platform-operator] [a229c8e4] 13:43:54.867 [pool-6-thread-14] DEBUG c.h.p.o.dependants.PodInfoConfigMap - [helmmetr] Desired PodInfo ConfigMap (extension state hash: 1243513115)
2025-01-29 13:43:54,873 INFO c.h.h.t.HelmChartContainer - Started log watcher for hivemq in pod test-hivemq-platform-0 [b8b28e4d-97a7-4f7c-9333-feb4193cbbf0]
2025-01-29 13:43:54,873 INFO c.h.h.t.HelmChartContainer - [EVENT] Normal [Started] Started container hivemq [helmmetricsserviceit:test-hivemq-platform-0]
2025-01-29 13:43:54,873 INFO c.h.h.t.HelmChartContainer - [test-hivemq-platform] [hivemq] [b8b28e4d] Adding pre-installed HiveMQ Platform Operator extensions
2025-01-29 13:43:54,873 INFO c.h.h.t.HelmChartContainer - [test-hivemq-platform] [hivemq] [b8b28e4d] Running as user 10000
2025-01-29 13:43:54,873 INFO c.h.h.t.HelmChartContainer - [test-hivemq-platform] [hivemq] [b8b28e4d] Starting HiveMQ Platform Operator Init
2025-01-29 13:43:54,873 INFO c.h.h.t.HelmChartContainer - Received Started event for container hivemq in pod test-hivemq-platform-0 [b8b28e4d-97a7-4f7c-9333-feb4193cbbf0]
2025-01-29 13:43:54,874 INFO c.h.h.t.HelmChartContainer - [hivemq-test-hivemq-platform] [hivemq-platform-operator] [a229c8e4] 13:43:54.870 [pool-6-thread-15] DEBUG c.h.p.o.d.PodServiceAccountResource - [helmmetr] Desired PodServiceAccountResource (serviceAccountName: hivemq-platform-pod-test-hivemq-platform)
2025-01-29 13:43:54,879 INFO c.h.h.t.HelmChartContainer - [hivemq-test-hivemq-platform] [hivemq-platform-operator] [a229c8e4] 13:43:54.878 [pool-6-thread-11] DEBUG c.h.p.o.d.StatefulSetResource - [helmmetr] Desired StatefulSet (1 replicas) for status STARTING (READY)
2025-01-29 13:43:54,905 INFO c.h.h.t.HelmChartContainer - [hivemq-test-hivemq-platform] [hivemq-platform-operator] [a229c8e4] 13:43:54.904 [ReconcilerExecutor-hivemq-controller-108] INFO  c.h.p.o.HiveMQPlatformReconciler - [helmmetr] Reconciling HiveMQ Platform 'test-hivemq-platform' in namespace 'helmmetricsserviceit'
2025-01-29 13:43:54,905 INFO c.h.h.t.HelmChartContainer - [hivemq-test-hivemq-platform] [hivemq-platform-operator] [a229c8e4] 13:43:54.904 [ReconcilerExecutor-hivemq-controller-108] DEBUG c.h.p.o.HiveMQPlatformReconciler - [helmmetr] Custom Resource Status STARTING - HiveMQ Platform is starting (READY)
2025-01-29 13:43:54,908 INFO c.h.h.t.HelmChartContainer - [hivemq-test-hivemq-platform] [hivemq-platform-operator] [a229c8e4] 13:43:54.904 [ReconcilerExecutor-hivemq-controller-108] DEBUG c.h.p.o.HiveMQPlatformReconciler - [helmmetr] Custom Resource Spec (replicas: 1) (extensions: 1)
2025-01-29 13:43:54,909 INFO c.h.h.t.HelmChartContainer - [hivemq-test-hivemq-platform] [hivemq-platform-operator] [a229c8e4] 13:43:54.908 [ReconcilerExecutor-hivemq-controller-108] DEBUG c.h.p.o.HiveMQPlatformReconciler - [helmmetr] StatefulSet Status (revision: test-hivemq-platform-84f6684d79, replicas: 1, available: 0, ready: 0, current: 1, updated: 1)
2025-01-29 13:43:54,911 INFO c.h.h.t.HelmChartContainer - [hivemq-test-hivemq-platform] [hivemq-platform-operator] [a229c8e4] 13:43:54.908 [ReconcilerExecutor-hivemq-controller-108] DEBUG c.h.p.o.HiveMQPlatformReconciler - [helmmetr] StatefulSet Spec (replicas: 1, init containers: 1, containers: 1, volumes: 3)
2025-01-29 13:43:54,913 INFO c.h.h.t.HelmChartContainer - [hivemq-test-hivemq-platform] [hivemq-platform-operator] [a229c8e4] 13:43:54.912 [ReconcilerExecutor-hivemq-controller-108] DEBUG c.h.p.o.h.HiveMQPlatformReconcilerErrorHandler - [helmmetr] Pod 'test-hivemq-platform-0' phase Running
2025-01-29 13:43:54,962 INFO c.h.h.t.HelmChartContainer - [hivemq-test-hivemq-platform] [hivemq-platform-operator] [a229c8e4] 13:43:54.961 [ReconcilerExecutor-hivemq-controller-108] INFO  c.h.p.o.h.HiveMQPlatformReconcilerBaseHandler - [helmmetr] HiveMQ Platform is starting, 0 of 1 replicas are ready
2025-01-29 13:43:55,238 INFO c.h.h.t.HelmChartContainer - [test-hivemq-platform] [hivemq] [b8b28e4d] INFO  - [HiveMQ Platform Operator Init 1.7.0-SNAPSHOT] HiveMQ Platform Operator Init 1.7.0-SNAPSHOT (commit: bebf408 on branch: HEAD) built on Sun Jan 26 20:47:47 UTC 2025
2025-01-29 13:43:56,360 INFO c.h.h.t.HelmChartContainer - [test-hivemq-platform] [hivemq] [b8b28e4d] INFO  - [HiveMQ Platform Operator Init App 1.7.0-SNAPSHOT] Using bind address 10.42.0.12 from environment variable
2025-01-29 13:43:57,346 INFO c.h.h.t.HelmChartContainer - [test-hivemq-platform] [hivemq] [b8b28e4d] INFO  - [HiveMQ Platform Operator Init App 1.7.0-SNAPSHOT] HiveMQ Platform Operator Init App 1.7.0-SNAPSHOT (commit: bebf408 on branch: HEAD) built on Sun Jan 26 20:47:47 UTC 2025
2025-01-29 13:43:57,346 INFO c.h.h.t.HelmChartContainer - [test-hivemq-platform] [hivemq] [b8b28e4d] INFO  - [HiveMQ Platform Operator Init App 1.7.0-SNAPSHOT] PodInfo ConfigMap directory: /etc/podinfo
2025-01-29 13:43:57,346 INFO c.h.h.t.HelmChartContainer - [test-hivemq-platform] [hivemq] [b8b28e4d] INFO  - [HiveMQ Platform Operator Init App 1.7.0-SNAPSHOT] HiveMQ home directory: /opt/hivemq
2025-01-29 13:43:57,346 INFO c.h.h.t.HelmChartContainer - [test-hivemq-platform] [hivemq] [b8b28e4d] INFO  - [HiveMQ Platform Operator Init App 1.7.0-SNAPSHOT] HiveMQ Logback folder: /opt/hivemq/conf
2025-01-29 13:43:57,346 INFO c.h.h.t.HelmChartContainer - [test-hivemq-platform] [hivemq] [b8b28e4d] INFO  - [HiveMQ Platform Operator Init App 1.7.0-SNAPSHOT] HiveMQ Config folder: /opt/hivemq/conf-k8s
2025-01-29 13:43:57,347 INFO c.h.h.t.HelmChartContainer - [test-hivemq-platform] [hivemq] [b8b28e4d] INFO  - [HiveMQ Platform Operator Init App 1.7.0-SNAPSHOT] Starting HiveMQ Platform Operator Init App
2025-01-29 13:43:57,347 INFO c.h.h.t.HelmChartContainer - [test-hivemq-platform] [hivemq] [b8b28e4d] INFO  - [HiveMQ Platform Operator Init App 1.7.0-SNAPSHOT] Starting Pod reconciler
2025-01-29 13:43:58,612 INFO c.h.h.t.HelmChartContainer - [test-hivemq-platform] [hivemq] [b8b28e4d] INFO  - [HiveMQ Platform Operator Init App 1.7.0-SNAPSHOT] Pod reconciler is scheduled (interval: 5000 ms)
2025-01-29 13:43:58,613 INFO c.h.h.t.HelmChartContainer - [test-hivemq-platform] [hivemq] [b8b28e4d] INFO  - [HiveMQ Platform Operator Init App 1.7.0-SNAPSHOT] Starting the REST API on 10.42.0.12:7979
2025-01-29 13:43:58,637 INFO c.h.h.t.HelmChartContainer - [test-hivemq-platform] [hivemq] [b8b28e4d] INFO  - [HiveMQ Platform Operator Init App 1.7.0-SNAPSHOT] Waiting up to 600s for at most 1 HiveMQ nodes in cluster service hivemq-test-hivemq-platform-cluster.helmmetricsserviceit.svc
2025-01-29 13:43:59,043 INFO c.h.h.t.HelmChartContainer - [test-hivemq-platform] [hivemq] [b8b28e4d] INFO  - [HiveMQ Platform Operator Init App 1.7.0-SNAPSHOT] Resolved 1 IP addresses: [10.42.0.12]
2025-01-29 13:43:59,043 INFO c.h.h.t.HelmChartContainer - [test-hivemq-platform] [hivemq] [b8b28e4d] INFO  - [HiveMQ Platform Operator Init App 1.7.0-SNAPSHOT] HiveMQ node count of 1 is within threshold of 1
2025-01-29 13:43:59,043 INFO c.h.h.t.HelmChartContainer - [test-hivemq-platform] [hivemq] [b8b28e4d] INFO  - [HiveMQ Platform Operator Init App 1.7.0-SNAPSHOT] Proceeding with container start
2025-01-29 13:43:59,144 INFO c.h.h.t.HelmChartContainer - [test-hivemq-platform] [hivemq] [b8b28e4d] INFO  - [HiveMQ Platform Operator Init App 1.7.0-SNAPSHOT] Initializing HiveMQ Platform extensions with initial configuration: {hivemq-allow-all-extension={start-priority=-1, skip-https-hostname-verification=false, restart=true, config-version=0, header-version=0, c-uri=, priority=-1, uri=preinstalled, skip-https-certificate-validation=false, enabled=true}, hivemq-prometheus-extension={request-header-path=no-request-headers, uri=preinstalled, skip-https-certificate-validation=false, skip-https-hostname-verification=false, c-uri=, start-priority=-1, priority=-1, restart=true, enabled=true}}
2025-01-29 13:43:59,711 INFO c.h.h.t.HelmChartContainer - [test-hivemq-platform] [hivemq] [b8b28e4d] INFO  - [HiveMQ Platform Operator Init App 1.7.0-SNAPSHOT] Extension hivemq-allow-all-extension was already enabled
2025-01-29 13:43:59,747 INFO c.h.h.t.HelmChartContainer - [test-hivemq-platform] [hivemq] [b8b28e4d] INFO  - [HiveMQ Platform Operator Init App 1.7.0-SNAPSHOT] Successfully enabled extension hivemq-prometheus-extension
2025-01-29 13:43:59,748 INFO c.h.h.t.HelmChartContainer - [test-hivemq-platform] [hivemq] [b8b28e4d] INFO  - [HiveMQ Platform Operator Init App 1.7.0-SNAPSHOT] Starting HiveMQ Platform version 4.36.0 (4.36.0)
2025-01-29 13:43:59,749 INFO c.h.h.t.HelmChartContainer - [test-hivemq-platform] [hivemq] [b8b28e4d] INFO  - [HiveMQ Platform Operator Init App 1.7.0-SNAPSHOT] Configuring the HiveMQ Platform
2025-01-29 13:43:59,843 INFO c.h.h.t.HelmChartContainer - [test-hivemq-platform] [hivemq] [b8b28e4d] INFO  - [HiveMQ Platform Operator Init App 1.7.0-SNAPSHOT] Changed logback.xml file scan period to 20 seconds
2025-01-29 13:43:59,908 INFO c.h.h.t.HelmChartContainer - [test-hivemq-platform] [hivemq] [b8b28e4d] INFO  - [HiveMQ Platform Operator Init App 1.7.0-SNAPSHOT] Starting the HiveMQ Platform
2025-01-29 13:43:59,911 INFO c.h.h.t.HelmChartContainer - [test-hivemq-platform] [hivemq] [b8b28e4d] -------------------------------------------------------------------------
2025-01-29 13:43:59,911 INFO c.h.h.t.HelmChartContainer - [test-hivemq-platform] [hivemq] [b8b28e4d] 
2025-01-29 13:43:59,911 INFO c.h.h.t.HelmChartContainer - [test-hivemq-platform] [hivemq] [b8b28e4d]                   _    _  _              __  __   ____
2025-01-29 13:43:59,911 INFO c.h.h.t.HelmChartContainer - [test-hivemq-platform] [hivemq] [b8b28e4d]                  | |  | |(_)            |  \/  | / __ \
2025-01-29 13:43:59,911 INFO c.h.h.t.HelmChartContainer - [test-hivemq-platform] [hivemq] [b8b28e4d]                  | |__| | _ __   __ ___ | \  / || |  | |
2025-01-29 13:43:59,911 INFO c.h.h.t.HelmChartContainer - [test-hivemq-platform] [hivemq] [b8b28e4d]                  |  __  || |\ \ / // _ \| |\/| || |  | |
2025-01-29 13:43:59,911 INFO c.h.h.t.HelmChartContainer - [test-hivemq-platform] [hivemq] [b8b28e4d]                  | |  | || | \ V /|  __/| |  | || |__| |
2025-01-29 13:43:59,911 INFO c.h.h.t.HelmChartContainer - [test-hivemq-platform] [hivemq] [b8b28e4d]                  |_|  |_||_|  \_/  \___||_|  |_| \___\_\
2025-01-29 13:43:59,911 INFO c.h.h.t.HelmChartContainer - [test-hivemq-platform] [hivemq] [b8b28e4d] 
2025-01-29 13:43:59,911 INFO c.h.h.t.HelmChartContainer - [test-hivemq-platform] [hivemq] [b8b28e4d] -------------------------------------------------------------------------
2025-01-29 13:43:59,911 INFO c.h.h.t.HelmChartContainer - [test-hivemq-platform] [hivemq] [b8b28e4d] 
2025-01-29 13:43:59,911 INFO c.h.h.t.HelmChartContainer - [test-hivemq-platform] [hivemq] [b8b28e4d]   HiveMQ Start Script for Linux/Unix v1.14
2025-01-29 13:43:59,911 INFO c.h.h.t.HelmChartContainer - [test-hivemq-platform] [hivemq] [b8b28e4d] 
2025-01-29 13:44:00,007 INFO c.h.h.t.HelmChartContainer - [test-hivemq-platform] [hivemq] [b8b28e4d] -------------------------------------------------------------------------
2025-01-29 13:44:00,008 INFO c.h.h.t.HelmChartContainer - [test-hivemq-platform] [hivemq] [b8b28e4d] 
2025-01-29 13:44:00,008 INFO c.h.h.t.HelmChartContainer - [test-hivemq-platform] [hivemq] [b8b28e4d]   HIVEMQ_HOME: /opt/hivemq
2025-01-29 13:44:00,008 INFO c.h.h.t.HelmChartContainer - [test-hivemq-platform] [hivemq] [b8b28e4d] 
2025-01-29 13:44:00,008 INFO c.h.h.t.HelmChartContainer - [test-hivemq-platform] [hivemq] [b8b28e4d]   JAVA_OPTS: -XX:+UnlockExperimentalVMOptions -XX:InitialRAMPercentage=50 -XX:MaxRAMPercentage=50 -Djava.net.preferIPv4Stack=true --add-opens java.base/java.lang=ALL-UNNAMED --add-opens java.base/java.nio=ALL-UNNAMED --add-opens java.base/sun.nio.ch=ALL-UNNAMED --add-opens jdk.management/com.sun.management.internal=ALL-UNNAMED --add-exports java.base/jdk.internal.misc=ALL-UNNAMED -Djava.security.egd=file:/dev/./urandom -Dcom.sun.management.jmxremote -Dcom.sun.management.jmxremote.port=9010 -Dcom.sun.management.jmxremote.local.only=false -Dcom.sun.management.jmxremote.authenticate=false -Dcom.sun.management.jmxremote.ssl=false -Duser.language=en -Duser.region=US -XX:+CrashOnOutOfMemoryError -XX:+HeapDumpOnOutOfMemoryError
2025-01-29 13:44:00,009 INFO c.h.h.t.HelmChartContainer - [test-hivemq-platform] [hivemq] [b8b28e4d] 
2025-01-29 13:44:00,009 INFO c.h.h.t.HelmChartContainer - [test-hivemq-platform] [hivemq] [b8b28e4d]   JAVA_VERSION: 21
2025-01-29 13:44:00,009 INFO c.h.h.t.HelmChartContainer - [test-hivemq-platform] [hivemq] [b8b28e4d] 
2025-01-29 13:44:00,009 INFO c.h.h.t.HelmChartContainer - [test-hivemq-platform] [hivemq] [b8b28e4d] -------------------------------------------------------------------------
2025-01-29 13:44:00,009 INFO c.h.h.t.HelmChartContainer - [test-hivemq-platform] [hivemq] [b8b28e4d] 
2025-01-29 13:44:01,010 INFO c.h.h.t.HelmChartContainer - [test-hivemq-platform] [hivemq] [b8b28e4d] INFO  - [HiveMQ Platform Operator Init App 1.7.0-SNAPSHOT] Returning default Health API response 503 for readiness
2025-01-29 13:44:01,342 INFO c.h.h.t.HelmChartContainer - [EVENT] Warning [Unhealthy] Readiness probe failed: HTTP probe failed with statuscode: 503 [helmmetricsserviceit:test-hivemq-platform-0]
2025-01-29 13:44:01,342 INFO c.h.h.t.HelmChartContainer - Received Unhealthy event for container hivemq in pod test-hivemq-platform-0 [b8b28e4d-97a7-4f7c-9333-feb4193cbbf0]
2025-01-29 13:44:02,712 INFO c.h.h.t.HelmChartContainer - [test-hivemq-platform] [hivemq] [b8b28e4d] INFO  - Starting HiveMQ Enterprise Server
2025-01-29 13:44:02,741 INFO c.h.h.t.HelmChartContainer - [test-hivemq-platform] [hivemq] [b8b28e4d] INFO  - HiveMQ version: 4.36.0
2025-01-29 13:44:02,741 INFO c.h.h.t.HelmChartContainer - [test-hivemq-platform] [hivemq] [b8b28e4d] INFO  - HiveMQ home directory: /opt/hivemq
2025-01-29 13:44:02,742 INFO c.h.h.t.HelmChartContainer - [test-hivemq-platform] [hivemq] [b8b28e4d] INFO  - Log Configuration was overridden by /opt/hivemq/conf/logback.xml
2025-01-29 13:44:04,443 INFO c.h.h.t.HelmChartContainer - [test-hivemq-platform] [hivemq] [b8b28e4d] INFO  - Successfully loaded configuration from '/opt/hivemq/conf-k8s/config.xml'.
2025-01-29 13:44:04,968 INFO c.h.h.t.HelmChartContainer - [hivemq-test-hivemq-platform] [hivemq-platform-operator] [a229c8e4] 13:44:04.966 [pool-6-thread-27] DEBUG c.h.p.o.d.PlatformServiceResource - [helmmetr] Desired Platform services (2 services)
2025-01-29 13:44:04,969 INFO c.h.h.t.HelmChartContainer - [hivemq-test-hivemq-platform] [hivemq-platform-operator] [a229c8e4] 13:44:04.968 [pool-6-thread-26] DEBUG c.h.p.o.dependants.PodInfoConfigMap - [helmmetr] Desired PodInfo ConfigMap (1 extensions) (1 enabled)
2025-01-29 13:44:04,969 INFO c.h.h.t.HelmChartContainer - [hivemq-test-hivemq-platform] [hivemq-platform-operator] [a229c8e4] 13:44:04.968 [pool-6-thread-26] DEBUG c.h.p.o.dependants.PodInfoConfigMap - [helmmetr] Desired PodInfo ConfigMap (metrics port: 9499) (metrics path: /metrics)
2025-01-29 13:44:04,970 INFO c.h.h.t.HelmChartContainer - [hivemq-test-hivemq-platform] [hivemq-platform-operator] [a229c8e4] 13:44:04.968 [pool-6-thread-26] DEBUG c.h.p.o.dependants.PodInfoConfigMap - [helmmetr] Desired PodInfo ConfigMap (extension state hash: 1243513115)
2025-01-29 13:44:04,970 INFO c.h.h.t.HelmChartContainer - [hivemq-test-hivemq-platform] [hivemq-platform-operator] [a229c8e4] 13:44:04.969 [pool-6-thread-26] DEBUG c.h.p.o.d.PodServiceAccountResource - [helmmetr] Desired PodServiceAccountResource (serviceAccountName: hivemq-platform-pod-test-hivemq-platform)
2025-01-29 13:44:04,974 INFO c.h.h.t.HelmChartContainer - [hivemq-test-hivemq-platform] [hivemq-platform-operator] [a229c8e4] 13:44:04.973 [pool-6-thread-27] DEBUG c.h.p.o.d.StatefulSetResource - [helmmetr] Desired StatefulSet (1 replicas) for status STARTING (READY)
2025-01-29 13:44:04,978 INFO c.h.h.t.HelmChartContainer - [hivemq-test-hivemq-platform] [hivemq-platform-operator] [a229c8e4] 13:44:04.978 [ReconcilerExecutor-hivemq-controller-109] INFO  c.h.p.o.HiveMQPlatformReconciler - [helmmetr] Reconciling HiveMQ Platform 'test-hivemq-platform' in namespace 'helmmetricsserviceit'
2025-01-29 13:44:04,980 INFO c.h.h.t.HelmChartContainer - [hivemq-test-hivemq-platform] [hivemq-platform-operator] [a229c8e4] 13:44:04.978 [ReconcilerExecutor-hivemq-controller-109] DEBUG c.h.p.o.HiveMQPlatformReconciler - [helmmetr] Custom Resource Status STARTING - HiveMQ Platform is starting (READY)
2025-01-29 13:44:04,980 INFO c.h.h.t.HelmChartContainer - [hivemq-test-hivemq-platform] [hivemq-platform-operator] [a229c8e4] 13:44:04.978 [ReconcilerExecutor-hivemq-controller-109] DEBUG c.h.p.o.HiveMQPlatformReconciler - [helmmetr] Custom Resource Spec (replicas: 1) (extensions: 1)
2025-01-29 13:44:04,981 INFO c.h.h.t.HelmChartContainer - [hivemq-test-hivemq-platform] [hivemq-platform-operator] [a229c8e4] 13:44:04.980 [ReconcilerExecutor-hivemq-controller-109] DEBUG c.h.p.o.HiveMQPlatformReconciler - [helmmetr] StatefulSet Status (revision: test-hivemq-platform-84f6684d79, replicas: 1, available: 0, ready: 0, current: 1, updated: 1)
2025-01-29 13:44:04,981 INFO c.h.h.t.HelmChartContainer - [hivemq-test-hivemq-platform] [hivemq-platform-operator] [a229c8e4] 13:44:04.980 [ReconcilerExecutor-hivemq-controller-109] DEBUG c.h.p.o.HiveMQPlatformReconciler - [helmmetr] StatefulSet Spec (replicas: 1, init containers: 1, containers: 1, volumes: 3)
2025-01-29 13:44:04,982 INFO c.h.h.t.HelmChartContainer - [hivemq-test-hivemq-platform] [hivemq-platform-operator] [a229c8e4] 13:44:04.982 [ReconcilerExecutor-hivemq-controller-109] DEBUG c.h.p.o.h.HiveMQPlatformReconcilerErrorHandler - [helmmetr] Pod 'test-hivemq-platform-0' phase Running
2025-01-29 13:44:05,004 INFO c.h.h.t.HelmChartContainer - [hivemq-test-hivemq-platform] [hivemq-platform-operator] [a229c8e4] 13:44:04.982 [ReconcilerExecutor-hivemq-controller-109] INFO  c.h.p.o.h.HiveMQPlatformReconcilerBaseHandler - [helmmetr] HiveMQ Platform is starting, 0 of 1 replicas are ready
2025-01-29 13:44:05,347 INFO c.h.h.t.HelmChartContainer - [test-hivemq-platform] [hivemq] [b8b28e4d] INFO  - This node's ID is lUa8U
2025-01-29 13:44:05,347 INFO c.h.h.t.HelmChartContainer - [test-hivemq-platform] [hivemq] [b8b28e4d] INFO  - Clustering is enabled
2025-01-29 13:44:06,344 INFO c.h.h.t.HelmChartContainer - [test-hivemq-platform] [hivemq] [b8b28e4d] WARN  - [HiveMQ Platform Operator Init App 1.7.0-SNAPSHOT] Cannot connect to Health API for readiness: null
2025-01-29 13:44:06,351 INFO c.h.h.t.HelmChartContainer - [EVENT] Warning [Unhealthy] Readiness probe failed: HTTP probe failed with statuscode: 503 [helmmetricsserviceit:test-hivemq-platform-0]
2025-01-29 13:44:06,351 INFO c.h.h.t.HelmChartContainer - Received Unhealthy event for container hivemq in pod test-hivemq-platform-0 [b8b28e4d-97a7-4f7c-9333-feb4193cbbf0]
2025-01-29 13:44:08,847 INFO c.h.h.t.HelmChartContainer - [test-hivemq-platform] [hivemq] [b8b28e4d] Jan 29, 2025 1:44:08 PM io.vertx.core.impl.BlockedThreadChecker
2025-01-29 13:44:08,847 INFO c.h.h.t.HelmChartContainer - [test-hivemq-platform] [hivemq] [b8b28e4d] WARNING: Thread Thread[vert.x-eventloop-thread-1,5,main] has been blocked for 2098 ms, time limit is 2000 ms
2025-01-29 13:44:09,543 INFO c.h.h.t.HelmChartContainer - [test-hivemq-platform] [hivemq] [b8b28e4d] INFO  - [HiveMQ Platform Operator Init App 1.7.0-SNAPSHOT] Updating Pod HiveMQ Platform Operator Init App version annotation (version: 1.7.0-SNAPSHOT)
2025-01-29 13:44:10,456 INFO c.h.h.t.HelmChartContainer - [POD] test-hivemq-platform-0 [b8b28e4d-97a7-4f7c-9333-feb4193cbbf0] in helmmetricsserviceit was MODIFIED
2025-01-29 13:44:10,470 INFO c.h.h.t.HelmChartContainer - [hivemq-test-hivemq-platform] [hivemq-platform-operator] [a229c8e4] 13:44:10.464 [pool-6-thread-35] DEBUG c.h.p.o.d.PlatformServiceResource - [helmmetr] Desired Platform services (2 services)
2025-01-29 13:44:10,470 INFO c.h.h.t.HelmChartContainer - [hivemq-test-hivemq-platform] [hivemq-platform-operator] [a229c8e4] 13:44:10.466 [pool-6-thread-40] DEBUG c.h.p.o.dependants.PodInfoConfigMap - [helmmetr] Desired PodInfo ConfigMap (1 extensions) (1 enabled)
2025-01-29 13:44:10,470 INFO c.h.h.t.HelmChartContainer - [hivemq-test-hivemq-platform] [hivemq-platform-operator] [a229c8e4] 13:44:10.467 [pool-6-thread-40] DEBUG c.h.p.o.dependants.PodInfoConfigMap - [helmmetr] Desired PodInfo ConfigMap (metrics port: 9499) (metrics path: /metrics)
2025-01-29 13:44:10,470 INFO c.h.h.t.HelmChartContainer - [hivemq-test-hivemq-platform] [hivemq-platform-operator] [a229c8e4] 13:44:10.467 [pool-6-thread-40] DEBUG c.h.p.o.dependants.PodInfoConfigMap - [helmmetr] Desired PodInfo ConfigMap (extension state hash: 1243513115)
2025-01-29 13:44:10,472 INFO c.h.h.t.HelmChartContainer - [hivemq-test-hivemq-platform] [hivemq-platform-operator] [a229c8e4] 13:44:10.466 [pool-6-thread-33] DEBUG c.h.p.o.d.PodServiceAccountResource - [helmmetr] Desired PodServiceAccountResource (serviceAccountName: hivemq-platform-pod-test-hivemq-platform)
2025-01-29 13:44:10,472 INFO c.h.h.t.HelmChartContainer - [hivemq-test-hivemq-platform] [hivemq-platform-operator] [a229c8e4] 13:44:10.470 [pool-6-thread-31] DEBUG c.h.p.o.d.StatefulSetResource - [helmmetr] Desired StatefulSet (1 replicas) for status STARTING (READY)
2025-01-29 13:44:10,476 INFO c.h.h.t.HelmChartContainer - [hivemq-test-hivemq-platform] [hivemq-platform-operator] [a229c8e4] 13:44:10.474 [ReconcilerExecutor-hivemq-controller-110] INFO  c.h.p.o.HiveMQPlatformReconciler - [helmmetr] Reconciling HiveMQ Platform 'test-hivemq-platform' in namespace 'helmmetricsserviceit'
2025-01-29 13:44:10,476 INFO c.h.h.t.HelmChartContainer - [hivemq-test-hivemq-platform] [hivemq-platform-operator] [a229c8e4] 13:44:10.474 [ReconcilerExecutor-hivemq-controller-110] DEBUG c.h.p.o.HiveMQPlatformReconciler - [helmmetr] Custom Resource Status STARTING - HiveMQ Platform is starting (READY)
2025-01-29 13:44:10,476 INFO c.h.h.t.HelmChartContainer - [hivemq-test-hivemq-platform] [hivemq-platform-operator] [a229c8e4] 13:44:10.474 [ReconcilerExecutor-hivemq-controller-110] DEBUG c.h.p.o.HiveMQPlatformReconciler - [helmmetr] Custom Resource Spec (replicas: 1) (extensions: 1)
2025-01-29 13:44:10,476 INFO c.h.h.t.HelmChartContainer - [hivemq-test-hivemq-platform] [hivemq-platform-operator] [a229c8e4] 13:44:10.475 [ReconcilerExecutor-hivemq-controller-110] DEBUG c.h.p.o.HiveMQPlatformReconciler - [helmmetr] StatefulSet Status (revision: test-hivemq-platform-84f6684d79, replicas: 1, available: 0, ready: 0, current: 1, updated: 1)
2025-01-29 13:44:10,476 INFO c.h.h.t.HelmChartContainer - [hivemq-test-hivemq-platform] [hivemq-platform-operator] [a229c8e4] 13:44:10.475 [ReconcilerExecutor-hivemq-controller-110] DEBUG c.h.p.o.HiveMQPlatformReconciler - [helmmetr] StatefulSet Spec (replicas: 1, init containers: 1, containers: 1, volumes: 3)
2025-01-29 13:44:10,507 INFO c.h.h.t.HelmChartContainer - [hivemq-test-hivemq-platform] [hivemq-platform-operator] [a229c8e4] 13:44:10.504 [ReconcilerExecutor-hivemq-controller-110] DEBUG c.h.p.o.h.HiveMQPlatformReconcilerErrorHandler - [helmmetr] Pod 'test-hivemq-platform-0' phase Running
2025-01-29 13:44:10,507 INFO c.h.h.t.HelmChartContainer - [hivemq-test-hivemq-platform] [hivemq-platform-operator] [a229c8e4] 13:44:10.505 [ReconcilerExecutor-hivemq-controller-110] INFO  c.h.p.o.h.HiveMQPlatformReconcilerBaseHandler - [helmmetr] HiveMQ Platform is starting, 0 of 1 replicas are ready
2025-01-29 13:44:10,543 INFO c.h.h.t.HelmChartContainer - [test-hivemq-platform] [hivemq] [b8b28e4d] WARN  - [HiveMQ Platform Operator Init App 1.7.0-SNAPSHOT] Cannot connect to Health API for readiness: null
2025-01-29 13:44:10,546 INFO c.h.h.t.HelmChartContainer - [test-hivemq-platform] [hivemq] [b8b28e4d] INFO  - [HiveMQ Platform Operator Init App 1.7.0-SNAPSHOT] Successfully updated Pod HiveMQ Platform Operator Init App version annotation (version: 1.7.0-SNAPSHOT)
2025-01-29 13:44:10,553 INFO c.h.h.t.HelmChartContainer - [EVENT] Warning [Unhealthy] Readiness probe failed: HTTP probe failed with statuscode: 503 [helmmetricsserviceit:test-hivemq-platform-0]
2025-01-29 13:44:10,553 INFO c.h.h.t.HelmChartContainer - Received Unhealthy event for container hivemq in pod test-hivemq-platform-0 [b8b28e4d-97a7-4f7c-9333-feb4193cbbf0]
2025-01-29 13:44:15,457 INFO c.h.h.t.HelmChartContainer - [test-hivemq-platform] [hivemq] [b8b28e4d] WARN  - [HiveMQ Platform Operator Init App 1.7.0-SNAPSHOT] Cannot connect to Health API for readiness: null
2025-01-29 13:44:15,462 INFO c.h.h.t.HelmChartContainer - [EVENT] Warning [Unhealthy] Readiness probe failed: HTTP probe failed with statuscode: 503 [helmmetricsserviceit:test-hivemq-platform-0]
2025-01-29 13:44:15,462 INFO c.h.h.t.HelmChartContainer - Received Unhealthy event for container hivemq in pod test-hivemq-platform-0 [b8b28e4d-97a7-4f7c-9333-feb4193cbbf0]
2025-01-29 13:44:20,458 INFO c.h.h.t.HelmChartContainer - [test-hivemq-platform] [hivemq] [b8b28e4d] WARN  - [HiveMQ Platform Operator Init App 1.7.0-SNAPSHOT] Cannot connect to Health API for readiness: null
2025-01-29 13:44:20,462 INFO c.h.h.t.HelmChartContainer - [EVENT] Warning [Unhealthy] Readiness probe failed: HTTP probe failed with statuscode: 503 [helmmetricsserviceit:test-hivemq-platform-0]
2025-01-29 13:44:20,462 INFO c.h.h.t.HelmChartContainer - Received Unhealthy event for container hivemq in pod test-hivemq-platform-0 [b8b28e4d-97a7-4f7c-9333-feb4193cbbf0]
2025-01-29 13:44:20,511 INFO c.h.h.t.HelmChartContainer - [hivemq-test-hivemq-platform] [hivemq-platform-operator] [a229c8e4] 13:44:20.508 [pool-6-thread-45] DEBUG c.h.p.o.d.PlatformServiceResource - [helmmetr] Desired Platform services (2 services)
2025-01-29 13:44:20,511 INFO c.h.h.t.HelmChartContainer - [hivemq-test-hivemq-platform] [hivemq-platform-operator] [a229c8e4] 13:44:20.509 [pool-6-thread-44] DEBUG c.h.p.o.dependants.PodInfoConfigMap - [helmmetr] Desired PodInfo ConfigMap (1 extensions) (1 enabled)
2025-01-29 13:44:20,512 INFO c.h.h.t.HelmChartContainer - [hivemq-test-hivemq-platform] [hivemq-platform-operator] [a229c8e4] 13:44:20.511 [pool-6-thread-42] DEBUG c.h.p.o.d.PodServiceAccountResource - [helmmetr] Desired PodServiceAccountResource (serviceAccountName: hivemq-platform-pod-test-hivemq-platform)
2025-01-29 13:44:20,514 INFO c.h.h.t.HelmChartContainer - [hivemq-test-hivemq-platform] [hivemq-platform-operator] [a229c8e4] 13:44:20.510 [pool-6-thread-44] DEBUG c.h.p.o.dependants.PodInfoConfigMap - [helmmetr] Desired PodInfo ConfigMap (metrics port: 9499) (metrics path: /metrics)
2025-01-29 13:44:20,514 INFO c.h.h.t.HelmChartContainer - [hivemq-test-hivemq-platform] [hivemq-platform-operator] [a229c8e4] 13:44:20.512 [pool-6-thread-44] DEBUG c.h.p.o.dependants.PodInfoConfigMap - [helmmetr] Desired PodInfo ConfigMap (extension state hash: 1243513115)
2025-01-29 13:44:20,515 INFO c.h.h.t.HelmChartContainer - [hivemq-test-hivemq-platform] [hivemq-platform-operator] [a229c8e4] 13:44:20.515 [pool-6-thread-44] DEBUG c.h.p.o.d.StatefulSetResource - [helmmetr] Desired StatefulSet (1 replicas) for status STARTING (READY)
2025-01-29 13:44:20,519 INFO c.h.h.t.HelmChartContainer - [hivemq-test-hivemq-platform] [hivemq-platform-operator] [a229c8e4] 13:44:20.518 [ReconcilerExecutor-hivemq-controller-111] INFO  c.h.p.o.HiveMQPlatformReconciler - [helmmetr] Reconciling HiveMQ Platform 'test-hivemq-platform' in namespace 'helmmetricsserviceit'
2025-01-29 13:44:20,520 INFO c.h.h.t.HelmChartContainer - [hivemq-test-hivemq-platform] [hivemq-platform-operator] [a229c8e4] 13:44:20.518 [ReconcilerExecutor-hivemq-controller-111] DEBUG c.h.p.o.HiveMQPlatformReconciler - [helmmetr] Custom Resource Status STARTING - HiveMQ Platform is starting (READY)
2025-01-29 13:44:20,520 INFO c.h.h.t.HelmChartContainer - [hivemq-test-hivemq-platform] [hivemq-platform-operator] [a229c8e4] 13:44:20.518 [ReconcilerExecutor-hivemq-controller-111] DEBUG c.h.p.o.HiveMQPlatformReconciler - [helmmetr] Custom Resource Spec (replicas: 1) (extensions: 1)
2025-01-29 13:44:20,526 INFO c.h.h.t.HelmChartContainer - [hivemq-test-hivemq-platform] [hivemq-platform-operator] [a229c8e4] 13:44:20.524 [ReconcilerExecutor-hivemq-controller-111] DEBUG c.h.p.o.HiveMQPlatformReconciler - [helmmetr] StatefulSet Status (revision: test-hivemq-platform-84f6684d79, replicas: 1, available: 0, ready: 0, current: 1, updated: 1)
2025-01-29 13:44:20,526 INFO c.h.h.t.HelmChartContainer - [hivemq-test-hivemq-platform] [hivemq-platform-operator] [a229c8e4] 13:44:20.524 [ReconcilerExecutor-hivemq-controller-111] DEBUG c.h.p.o.HiveMQPlatformReconciler - [helmmetr] StatefulSet Spec (replicas: 1, init containers: 1, containers: 1, volumes: 3)
2025-01-29 13:44:20,610 INFO c.h.h.t.HelmChartContainer - [hivemq-test-hivemq-platform] [hivemq-platform-operator] [a229c8e4] 13:44:20.608 [ReconcilerExecutor-hivemq-controller-111] DEBUG c.h.p.o.h.HiveMQPlatformReconcilerErrorHandler - [helmmetr] Pod 'test-hivemq-platform-0' phase Running
2025-01-29 13:44:20,611 INFO c.h.h.t.HelmChartContainer - [hivemq-test-hivemq-platform] [hivemq-platform-operator] [a229c8e4] 13:44:20.609 [ReconcilerExecutor-hivemq-controller-111] INFO  c.h.p.o.h.HiveMQPlatformReconcilerBaseHandler - [helmmetr] HiveMQ Platform is starting, 0 of 1 replicas are ready
2025-01-29 13:44:21,350 INFO c.h.h.t.HelmChartContainer - [test-hivemq-platform] [hivemq] [b8b28e4d] WARN  - [HiveMQ Platform Operator Init App 1.7.0-SNAPSHOT] Cannot connect to Health API for liveness: null
2025-01-29 13:44:21,350 INFO c.h.h.t.HelmChartContainer - [test-hivemq-platform] [hivemq] [b8b28e4d] INFO  - [HiveMQ Platform Operator Init App 1.7.0-SNAPSHOT] Returning default Health API response 200 for liveness
2025-01-29 13:44:22,742 INFO c.h.h.t.HelmChartContainer - [test-hivemq-platform] [hivemq] [b8b28e4d] INFO  - No valid license file found. Using trial license, restricted to 25 connections.
2025-01-29 13:44:25,541 INFO c.h.h.t.HelmChartContainer - [test-hivemq-platform] [hivemq] [b8b28e4d] WARN  - [HiveMQ Platform Operator Init App 1.7.0-SNAPSHOT] Cannot connect to Health API for readiness: null
2025-01-29 13:44:25,546 INFO c.h.h.t.HelmChartContainer - [EVENT] Warning [Unhealthy] Readiness probe failed: HTTP probe failed with statuscode: 503 [helmmetricsserviceit:test-hivemq-platform-0]
2025-01-29 13:44:25,546 INFO c.h.h.t.HelmChartContainer - Received Unhealthy event for container hivemq in pod test-hivemq-platform-0 [b8b28e4d-97a7-4f7c-9333-feb4193cbbf0]
2025-01-29 13:44:26,353 INFO c.h.h.t.HelmChartContainer - [test-hivemq-platform] [hivemq] [b8b28e4d] INFO  - No valid license file for Data Hub found. Using free license, restricted to 1 policy.
2025-01-29 13:44:27,552 INFO c.h.h.t.HelmChartContainer - [test-hivemq-platform] [hivemq] [b8b28e4d] INFO  - Audit Logger started.
2025-01-29 13:44:27,960 INFO c.h.h.t.HelmChartContainer - [test-hivemq-platform] [hivemq] [b8b28e4d] INFO  - This node uses '1' CPU cores.
2025-01-29 13:44:27,963 INFO c.h.h.t.HelmChartContainer - [test-hivemq-platform] [hivemq] [b8b28e4d] INFO  - Starting HiveMQ Health API on address 0.0.0.0 and port 8889
2025-01-29 13:44:28,751 INFO c.h.h.t.HelmChartContainer - [test-hivemq-platform] [hivemq] [b8b28e4d] INFO  - Started HiveMQ Health API in 787ms
2025-01-29 13:44:29,346 INFO c.h.h.t.HelmChartContainer - [test-hivemq-platform] [hivemq] [b8b28e4d] INFO  - Starting HiveMQ extension system.
2025-01-29 13:44:29,651 INFO c.h.h.t.HelmChartContainer - [test-hivemq-platform] [hivemq] [b8b28e4d] INFO  - Starting extension with id "hivemq-dns-cluster-discovery" at /opt/hivemq/extensions/hivemq-dns-cluster-discovery
2025-01-29 13:44:30,148 INFO c.h.h.t.HelmChartContainer - [test-hivemq-platform] [hivemq] [b8b28e4d] INFO  - Extension "DNS Cluster Discovery Extension" version 4.3.2 started successfully.
2025-01-29 13:44:30,148 INFO c.h.h.t.HelmChartContainer - [test-hivemq-platform] [hivemq] [b8b28e4d] INFO  - Starting extension with id "hivemq-prometheus-extension" at /opt/hivemq/extensions/hivemq-prometheus-extension
2025-01-29 13:44:30,152 INFO c.h.h.t.HelmChartContainer - [test-hivemq-platform] [hivemq] [b8b28e4d] INFO  - Using TCP cluster transport on address 10.42.0.12 and port 7000
2025-01-29 13:44:30,244 INFO c.h.h.t.HelmChartContainer - [test-hivemq-platform] [hivemq] [b8b28e4d] INFO  - Using extension cluster discovery
2025-01-29 13:44:30,618 INFO c.h.h.t.HelmChartContainer - [hivemq-test-hivemq-platform] [hivemq-platform-operator] [a229c8e4] 13:44:30.614 [pool-6-thread-5] DEBUG c.h.p.o.d.PlatformServiceResource - [helmmetr] Desired Platform services (2 services)
2025-01-29 13:44:30,619 INFO c.h.h.t.HelmChartContainer - [hivemq-test-hivemq-platform] [hivemq-platform-operator] [a229c8e4] 13:44:30.616 [pool-6-thread-8] DEBUG c.h.p.o.dependants.PodInfoConfigMap - [helmmetr] Desired PodInfo ConfigMap (1 extensions) (1 enabled)
2025-01-29 13:44:30,619 INFO c.h.h.t.HelmChartContainer - [hivemq-test-hivemq-platform] [hivemq-platform-operator] [a229c8e4] 13:44:30.616 [pool-6-thread-8] DEBUG c.h.p.o.dependants.PodInfoConfigMap - [helmmetr] Desired PodInfo ConfigMap (metrics port: 9499) (metrics path: /metrics)
2025-01-29 13:44:30,619 INFO c.h.h.t.HelmChartContainer - [hivemq-test-hivemq-platform] [hivemq-platform-operator] [a229c8e4] 13:44:30.616 [pool-6-thread-8] DEBUG c.h.p.o.dependants.PodInfoConfigMap - [helmmetr] Desired PodInfo ConfigMap (extension state hash: 1243513115)
2025-01-29 13:44:30,620 INFO c.h.h.t.HelmChartContainer - [hivemq-test-hivemq-platform] [hivemq-platform-operator] [a229c8e4] 13:44:30.617 [pool-6-thread-3] DEBUG c.h.p.o.d.PodServiceAccountResource - [helmmetr] Desired PodServiceAccountResource (serviceAccountName: hivemq-platform-pod-test-hivemq-platform)
2025-01-29 13:44:30,624 INFO c.h.h.t.HelmChartContainer - [hivemq-test-hivemq-platform] [hivemq-platform-operator] [a229c8e4] 13:44:30.623 [pool-6-thread-5] DEBUG c.h.p.o.d.StatefulSetResource - [helmmetr] Desired StatefulSet (1 replicas) for status STARTING (READY)
2025-01-29 13:44:30,627 INFO c.h.h.t.HelmChartContainer - [hivemq-test-hivemq-platform] [hivemq-platform-operator] [a229c8e4] 13:44:30.626 [ReconcilerExecutor-hivemq-controller-112] INFO  c.h.p.o.HiveMQPlatformReconciler - [helmmetr] Reconciling HiveMQ Platform 'test-hivemq-platform' in namespace 'helmmetricsserviceit'
2025-01-29 13:44:30,627 INFO c.h.h.t.HelmChartContainer - [hivemq-test-hivemq-platform] [hivemq-platform-operator] [a229c8e4] 13:44:30.626 [ReconcilerExecutor-hivemq-controller-112] DEBUG c.h.p.o.HiveMQPlatformReconciler - [helmmetr] Custom Resource Status STARTING - HiveMQ Platform is starting (READY)
2025-01-29 13:44:30,627 INFO c.h.h.t.HelmChartContainer - [hivemq-test-hivemq-platform] [hivemq-platform-operator] [a229c8e4] 13:44:30.626 [ReconcilerExecutor-hivemq-controller-112] DEBUG c.h.p.o.HiveMQPlatformReconciler - [helmmetr] Custom Resource Spec (replicas: 1) (extensions: 1)
2025-01-29 13:44:30,628 INFO c.h.h.t.HelmChartContainer - [hivemq-test-hivemq-platform] [hivemq-platform-operator] [a229c8e4] 13:44:30.628 [ReconcilerExecutor-hivemq-controller-112] DEBUG c.h.p.o.HiveMQPlatformReconciler - [helmmetr] StatefulSet Status (revision: test-hivemq-platform-84f6684d79, replicas: 1, available: 0, ready: 0, current: 1, updated: 1)
2025-01-29 13:44:30,629 INFO c.h.h.t.HelmChartContainer - [hivemq-test-hivemq-platform] [hivemq-platform-operator] [a229c8e4] 13:44:30.628 [ReconcilerExecutor-hivemq-controller-112] DEBUG c.h.p.o.HiveMQPlatformReconciler - [helmmetr] StatefulSet Spec (replicas: 1, init containers: 1, containers: 1, volumes: 3)
2025-01-29 13:44:30,630 INFO c.h.h.t.HelmChartContainer - [hivemq-test-hivemq-platform] [hivemq-platform-operator] [a229c8e4] 13:44:30.629 [ReconcilerExecutor-hivemq-controller-112] DEBUG c.h.p.o.h.HiveMQPlatformReconcilerErrorHandler - [helmmetr] Pod 'test-hivemq-platform-0' phase Running
2025-01-29 13:44:30,631 INFO c.h.h.t.HelmChartContainer - [hivemq-test-hivemq-platform] [hivemq-platform-operator] [a229c8e4] 13:44:30.629 [ReconcilerExecutor-hivemq-controller-112] INFO  c.h.p.o.h.HiveMQPlatformReconcilerBaseHandler - [helmmetr] HiveMQ Platform is starting, 0 of 1 replicas are ready
2025-01-29 13:44:31,447 INFO c.h.h.t.HelmChartContainer - [test-hivemq-platform] [hivemq] [b8b28e4d] INFO  - Started Jetty Server exposing Prometheus Servlet on URI http://0.0.0.0:9499/metrics
2025-01-29 13:44:31,448 INFO c.h.h.t.HelmChartContainer - [test-hivemq-platform] [hivemq] [b8b28e4d] INFO  - Extension "Prometheus Monitoring Extension" version 4.0.12 started successfully.
2025-01-29 13:44:31,448 INFO c.h.h.t.HelmChartContainer - [test-hivemq-platform] [hivemq] [b8b28e4d] INFO  - Starting extension with id "hivemq-allow-all-extension" at /opt/hivemq/extensions/hivemq-allow-all-extension
2025-01-29 13:44:31,449 INFO c.h.h.t.HelmChartContainer - [test-hivemq-platform] [hivemq] [b8b28e4d] WARN  - 
2025-01-29 13:44:31,449 INFO c.h.h.t.HelmChartContainer - [test-hivemq-platform] [hivemq] [b8b28e4d] ################################################################################################################
2025-01-29 13:44:31,449 INFO c.h.h.t.HelmChartContainer - [test-hivemq-platform] [hivemq] [b8b28e4d] # This HiveMQ deployment is not secure! You are lacking Authentication and Authorization.                      #
2025-01-29 13:44:31,449 INFO c.h.h.t.HelmChartContainer - [test-hivemq-platform] [hivemq] [b8b28e4d] # Right now any MQTT client can connect to the broker with a full set of permissions.                          #
2025-01-29 13:44:31,449 INFO c.h.h.t.HelmChartContainer - [test-hivemq-platform] [hivemq] [b8b28e4d] # For production usage, add an appropriate security extension and remove the hivemq-allow-all extension.       #
2025-01-29 13:44:31,449 INFO c.h.h.t.HelmChartContainer - [test-hivemq-platform] [hivemq] [b8b28e4d] # You can download security extensions from the HiveMQ Marketplace (https://www.hivemq.com/extensions/).       #
2025-01-29 13:44:31,449 INFO c.h.h.t.HelmChartContainer - [test-hivemq-platform] [hivemq] [b8b28e4d] ################################################################################################################
2025-01-29 13:44:31,449 INFO c.h.h.t.HelmChartContainer - [test-hivemq-platform] [hivemq] [b8b28e4d] INFO  - Extension "Allow All Extension" version 1.1.1 started successfully.
2025-01-29 13:44:31,498 INFO c.h.h.t.HelmChartContainer - [EVENT] Warning [Unhealthy] Readiness probe failed: Get "http://10.42.0.12:7979/readiness": context deadline exceeded (Client.Timeout exceeded while awaiting headers) [helmmetricsserviceit:test-hivemq-platform-0]
2025-01-29 13:44:31,498 INFO c.h.h.t.HelmChartContainer - Received Unhealthy event for container hivemq in pod test-hivemq-platform-0 [b8b28e4d-97a7-4f7c-9333-feb4193cbbf0]
2025-01-29 13:44:31,844 INFO c.h.h.t.HelmChartContainer - [test-hivemq-platform] [hivemq] [b8b28e4d] INFO  - [HiveMQ Platform Operator Init App 1.7.0-SNAPSHOT] Returning Health API response 503 for readiness
2025-01-29 13:44:33,543 INFO c.h.h.t.HelmChartContainer - [test-hivemq-platform] [hivemq] [b8b28e4d] INFO  - lUa8U: no members discovered after 2501 ms: creating cluster as first member
2025-01-29 13:44:33,550 INFO c.h.h.t.HelmChartContainer - [test-hivemq-platform] [hivemq] [b8b28e4d] INFO  - Cluster nodes found by discovery: [lUa8U|0] (1) [lUa8U].
2025-01-29 13:44:33,570 INFO c.h.h.t.HelmChartContainer - [test-hivemq-platform] [hivemq] [b8b28e4d] WARN  - No user for HiveMQ Control Center configured. Starting with default user
2025-01-29 13:44:33,570 INFO c.h.h.t.HelmChartContainer - [test-hivemq-platform] [hivemq] [b8b28e4d] INFO  - Starting HiveMQ Control Center on address 127.0.0.1 and port 8080
2025-01-29 13:44:33,639 INFO c.h.h.t.HelmChartContainer - [test-hivemq-platform] [hivemq] [b8b28e4d] INFO  - Mounting HiveMQ Control Center V2 Preview
2025-01-29 13:44:34,346 INFO c.h.h.t.HelmChartContainer - [test-hivemq-platform] [hivemq] [b8b28e4d] INFO  - Started HiveMQ Control Center in 775ms
2025-01-29 13:44:34,360 INFO c.h.h.t.HelmChartContainer - [test-hivemq-platform] [hivemq] [b8b28e4d] INFO  - Starting TCP listener on address 0.0.0.0 and port 1883
2025-01-29 13:44:34,448 INFO c.h.h.t.HelmChartContainer - [test-hivemq-platform] [hivemq] [b8b28e4d] INFO  - Started TCP Listener on address 0.0.0.0 and on port 1883.
2025-01-29 13:44:34,449 INFO c.h.h.t.HelmChartContainer - [test-hivemq-platform] [hivemq] [b8b28e4d] INFO  - Started HiveMQ in 32107ms
2025-01-29 13:44:35,459 INFO c.h.h.t.HelmChartContainer - [test-hivemq-platform] [hivemq] [b8b28e4d] INFO  - [HiveMQ Platform Operator Init App 1.7.0-SNAPSHOT] Returning Health API response 200 for readiness
2025-01-29 13:44:35,473 INFO c.h.h.t.HelmChartContainer - [POD] test-hivemq-platform-0 [b8b28e4d-97a7-4f7c-9333-feb4193cbbf0] in helmmetricsserviceit was MODIFIED
2025-01-29 13:44:35,485 INFO c.h.h.t.HelmChartContainer - [hivemq-test-hivemq-platform] [hivemq-platform-operator] [a229c8e4] 13:44:35.481 [pool-6-thread-14] DEBUG c.h.p.o.d.PlatformServiceResource - [helmmetr] Desired Platform services (2 services)
2025-01-29 13:44:35,489 INFO c.h.h.t.HelmChartContainer - [hivemq-test-hivemq-platform] [hivemq-platform-operator] [a229c8e4] 13:44:35.482 [pool-6-thread-16] DEBUG c.h.p.o.dependants.PodInfoConfigMap - [helmmetr] Desired PodInfo ConfigMap (1 extensions) (1 enabled)
2025-01-29 13:44:35,489 INFO c.h.h.t.HelmChartContainer - [hivemq-test-hivemq-platform] [hivemq-platform-operator] [a229c8e4] 13:44:35.487 [pool-6-thread-16] DEBUG c.h.p.o.dependants.PodInfoConfigMap - [helmmetr] Desired PodInfo ConfigMap (metrics port: 9499) (metrics path: /metrics)
2025-01-29 13:44:35,489 INFO c.h.h.t.HelmChartContainer - [hivemq-test-hivemq-platform] [hivemq-platform-operator] [a229c8e4] 13:44:35.487 [pool-6-thread-16] DEBUG c.h.p.o.dependants.PodInfoConfigMap - [helmmetr] Desired PodInfo ConfigMap (extension state hash: 1243513115)
2025-01-29 13:44:35,491 INFO c.h.h.t.HelmChartContainer - [hivemq-test-hivemq-platform] [hivemq-platform-operator] [a229c8e4] 13:44:35.484 [pool-6-thread-19] DEBUG c.h.p.o.d.PodServiceAccountResource - [helmmetr] Desired PodServiceAccountResource (serviceAccountName: hivemq-platform-pod-test-hivemq-platform)
2025-01-29 13:44:35,494 INFO c.h.h.t.HelmChartContainer - [hivemq-test-hivemq-platform] [hivemq-platform-operator] [a229c8e4] 13:44:35.492 [pool-6-thread-16] DEBUG c.h.p.o.d.StatefulSetResource - [helmmetr] Desired StatefulSet (1 replicas) for status STARTING (READY)
2025-01-29 13:44:35,563 INFO c.h.h.t.HelmChartContainer - [hivemq-test-hivemq-platform] [hivemq-platform-operator] [a229c8e4] 13:44:35.561 [ReconcilerExecutor-hivemq-controller-113] INFO  c.h.p.o.HiveMQPlatformReconciler - [helmmetr] Reconciling HiveMQ Platform 'test-hivemq-platform' in namespace 'helmmetricsserviceit'
2025-01-29 13:44:35,563 INFO c.h.h.t.HelmChartContainer - [hivemq-test-hivemq-platform] [hivemq-platform-operator] [a229c8e4] 13:44:35.561 [ReconcilerExecutor-hivemq-controller-113] DEBUG c.h.p.o.HiveMQPlatformReconciler - [helmmetr] Custom Resource Status STARTING - HiveMQ Platform is starting (READY)
2025-01-29 13:44:35,563 INFO c.h.h.t.HelmChartContainer - [hivemq-test-hivemq-platform] [hivemq-platform-operator] [a229c8e4] 13:44:35.561 [ReconcilerExecutor-hivemq-controller-113] DEBUG c.h.p.o.HiveMQPlatformReconciler - [helmmetr] Custom Resource Spec (replicas: 1) (extensions: 1)
2025-01-29 13:44:35,565 INFO c.h.h.t.HelmChartContainer - [hivemq-test-hivemq-platform] [hivemq-platform-operator] [a229c8e4] 13:44:35.563 [ReconcilerExecutor-hivemq-controller-113] DEBUG c.h.p.o.HiveMQPlatformReconciler - [helmmetr] StatefulSet Status (revision: test-hivemq-platform-84f6684d79, replicas: 1, available: 1, ready: 1, current: 1, updated: 1)
2025-01-29 13:44:35,566 INFO c.h.h.t.HelmChartContainer - [hivemq-test-hivemq-platform] [hivemq-platform-operator] [a229c8e4] 13:44:35.563 [ReconcilerExecutor-hivemq-controller-113] DEBUG c.h.p.o.HiveMQPlatformReconciler - [helmmetr] StatefulSet Spec (replicas: 1, init containers: 1, containers: 1, volumes: 3)
2025-01-29 13:44:35,566 INFO c.h.h.t.HelmChartContainer - [hivemq-test-hivemq-platform] [hivemq-platform-operator] [a229c8e4] 13:44:35.564 [ReconcilerExecutor-hivemq-controller-113] DEBUG c.h.p.o.h.HiveMQPlatformReconcilerErrorHandler - [helmmetr] Pod 'test-hivemq-platform-0' phase Running
2025-01-29 13:44:35,566 INFO c.h.h.t.HelmChartContainer - [hivemq-test-hivemq-platform] [hivemq-platform-operator] [a229c8e4] 13:44:35.565 [ReconcilerExecutor-hivemq-controller-113] INFO  c.h.p.o.h.HiveMQPlatformReconcilerBaseHandler - [helmmetr] HiveMQ Platform started successfully
2025-01-29 13:44:35,582 INFO c.h.h.t.HelmChartContainer - [hivemq-test-hivemq-platform] [hivemq-platform-operator] [a229c8e4] 13:44:35.581 [ReconcilerExecutor-hivemq-controller-113] DEBUG c.h.p.operator.event.EventSender - [helmmetr] Creating K8s event hivemq-platform-ready: [Ready] HiveMQ Platform is ready
2025-01-29 13:44:35,585 INFO c.h.h.t.HelmChartContainer - [EVENT] Normal [Ready] HiveMQ Platform is ready [helmmetricsserviceit:test-hivemq-platform]
2025-01-29 13:44:35,662 INFO c.h.h.t.HelmChartContainer - [hivemq-test-hivemq-platform] [hivemq-platform-operator] [a229c8e4] 13:44:35.661 [ReconcilerExecutor-hivemq-controller-113] INFO  c.h.p.o.h.AbstractHiveMQReconcilerStateHandler - [helmmetr] Update HiveMQ Platform Status (STARTING [READY] -> RUNNING [READY]): HiveMQ Platform is ready
2025-01-29 13:44:35,669 DEBUG com.hivemq.helmcharts.util.K8sUtil - Comparing actual state 'RUNNING' and waiting for 'RUNNING'
2025-01-29 13:44:35,679 INFO c.h.h.t.HelmChartContainer - [hivemq-test-hivemq-platform] [hivemq-platform-operator] [a229c8e4] 13:44:35.674 [pool-6-thread-23] DEBUG c.h.p.o.d.PlatformServiceResource - [helmmetr] Desired Platform services (2 services)
2025-01-29 13:44:35,680 INFO c.h.h.t.HelmChartContainer - [hivemq-test-hivemq-platform] [hivemq-platform-operator] [a229c8e4] 13:44:35.675 [pool-6-thread-25] DEBUG c.h.p.o.dependants.PodInfoConfigMap - [helmmetr] Desired PodInfo ConfigMap (1 extensions) (1 enabled)
2025-01-29 13:44:35,680 INFO c.h.h.t.HelmChartContainer - [hivemq-test-hivemq-platform] [hivemq-platform-operator] [a229c8e4] 13:44:35.675 [pool-6-thread-25] DEBUG c.h.p.o.dependants.PodInfoConfigMap - [helmmetr] Desired PodInfo ConfigMap (metrics port: 9499) (metrics path: /metrics)
2025-01-29 13:44:35,680 INFO c.h.h.t.HelmChartContainer - [hivemq-test-hivemq-platform] [hivemq-platform-operator] [a229c8e4] 13:44:35.675 [pool-6-thread-25] DEBUG c.h.p.o.dependants.PodInfoConfigMap - [helmmetr] Desired PodInfo ConfigMap (extension state hash: 1243513115)
2025-01-29 13:44:35,680 INFO c.h.h.t.HelmChartContainer - [hivemq-test-hivemq-platform] [hivemq-platform-operator] [a229c8e4] 13:44:35.676 [pool-6-thread-25] DEBUG c.h.p.o.dependants.PodInfoConfigMap - [helmmetr] Update PodInfo ConfigMap
2025-01-29 13:44:35,680 INFO c.h.h.t.HelmChartContainer - [hivemq-test-hivemq-platform] [hivemq-platform-operator] [a229c8e4] 13:44:35.678 [pool-6-thread-21] DEBUG c.h.p.o.d.PodServiceAccountResource - [helmmetr] Desired PodServiceAccountResource (serviceAccountName: hivemq-platform-pod-test-hivemq-platform)
2025-01-29 13:44:35,784 INFO c.h.h.t.HelmChartContainer - [hivemq-test-hivemq-platform] [hivemq-platform-operator] [a229c8e4] 13:44:35.782 [pool-6-thread-25] DEBUG c.h.p.o.d.StatefulSetResource - [helmmetr] Desired StatefulSet (1 replicas) for status RUNNING (READY)
2025-01-29 13:44:35,791 INFO c.h.h.t.HelmChartContainer - [hivemq-test-hivemq-platform] [hivemq-platform-operator] [a229c8e4] 13:44:35.789 [ReconcilerExecutor-hivemq-controller-114] INFO  c.h.p.o.HiveMQPlatformReconciler - [helmmetr] Reconciling HiveMQ Platform 'test-hivemq-platform' in namespace 'helmmetricsserviceit'
2025-01-29 13:44:35,791 INFO c.h.h.t.HelmChartContainer - [hivemq-test-hivemq-platform] [hivemq-platform-operator] [a229c8e4] 13:44:35.789 [ReconcilerExecutor-hivemq-controller-114] DEBUG c.h.p.o.HiveMQPlatformReconciler - [helmmetr] Custom Resource Status RUNNING - HiveMQ Platform is ready (READY)
2025-01-29 13:44:35,791 INFO c.h.h.t.HelmChartContainer - [hivemq-test-hivemq-platform] [hivemq-platform-operator] [a229c8e4] 13:44:35.789 [ReconcilerExecutor-hivemq-controller-114] DEBUG c.h.p.o.HiveMQPlatformReconciler - [helmmetr] Custom Resource Spec (replicas: 1) (extensions: 1)
2025-01-29 13:44:35,864 INFO c.h.h.t.HelmChartContainer - [hivemq-test-hivemq-platform] [hivemq-platform-operator] [a229c8e4] 13:44:35.861 [ReconcilerExecutor-hivemq-controller-114] DEBUG c.h.p.o.HiveMQPlatformReconciler - [helmmetr] StatefulSet Status (revision: test-hivemq-platform-84f6684d79, replicas: 1, available: 1, ready: 1, current: 1, updated: 1)
2025-01-29 13:44:35,864 INFO c.h.h.t.HelmChartContainer - [hivemq-test-hivemq-platform] [hivemq-platform-operator] [a229c8e4] 13:44:35.862 [ReconcilerExecutor-hivemq-controller-114] DEBUG c.h.p.o.HiveMQPlatformReconciler - [helmmetr] StatefulSet Spec (replicas: 1, init containers: 1, containers: 1, volumes: 3)
2025-01-29 13:44:35,865 INFO c.h.h.t.HelmChartContainer - [hivemq-test-hivemq-platform] [hivemq-platform-operator] [a229c8e4] 13:44:35.863 [ReconcilerExecutor-hivemq-controller-114] DEBUG c.h.p.o.h.HiveMQPlatformReconcilerErrorHandler - [helmmetr] Pod 'test-hivemq-platform-0' phase Running
2025-01-29 13:44:38,732 INFO c.h.helmcharts.util.MonitoringUtil - Asserting Prometheus subscribes metrics...
2025-01-29 13:44:39,419 INFO c.h.helmcharts.util.MonitoringUtil - Asserted subscribes metrics (687 ms)
2025-01-29 13:44:39,420 INFO c.h.helmcharts.util.MonitoringUtil - Asserting Prometheus publishes metrics...
2025-01-29 13:44:39,662 INFO c.h.helmcharts.util.MonitoringUtil - Asserted publishes metrics (242 ms)
2025-01-29 13:44:39,663 INFO c.h.h.t.HelmChartContainer - Uninstalling release 'test-hivemq-platform' in namespace 'helmmetricsserviceit'...
2025-01-29 13:44:39,663 DEBUG c.h.h.t.HelmChartContainer - Executing helm command: /bin/helm --kubeconfig /etc/rancher/k3s/k3s.yaml uninstall test-hivemq-platform  --wait --timeout 5m0s --cascade foreground --namespace helmmetricsserviceit
2025-01-29 13:44:39,857 INFO c.h.h.t.HelmChartContainer - [hivemq-test-hivemq-platform] [hivemq-platform-operator] [a229c8e4] 13:44:39.846 [pool-6-thread-36] DEBUG c.h.p.o.d.PlatformServiceResource - [helmmetr] Desired Platform services (2 services)
2025-01-29 13:44:39,858 INFO c.h.h.t.HelmChartContainer - [hivemq-test-hivemq-platform] [hivemq-platform-operator] [a229c8e4] 13:44:39.848 [pool-6-thread-35] DEBUG c.h.p.o.dependants.PodInfoConfigMap - [helmmetr] Desired PodInfo ConfigMap (1 extensions) (1 enabled)
2025-01-29 13:44:39,858 INFO c.h.h.t.HelmChartContainer - [hivemq-test-hivemq-platform] [hivemq-platform-operator] [a229c8e4] 13:44:39.848 [pool-6-thread-35] DEBUG c.h.p.o.dependants.PodInfoConfigMap - [helmmetr] Desired PodInfo ConfigMap (metrics port: 9499) (metrics path: /metrics)
2025-01-29 13:44:39,858 INFO c.h.h.t.HelmChartContainer - [hivemq-test-hivemq-platform] [hivemq-platform-operator] [a229c8e4] 13:44:39.848 [pool-6-thread-35] DEBUG c.h.p.o.dependants.PodInfoConfigMap - [helmmetr] Desired PodInfo ConfigMap (extension state hash: 1243513115)
2025-01-29 13:44:39,858 INFO c.h.h.t.HelmChartContainer - [hivemq-test-hivemq-platform] [hivemq-platform-operator] [a229c8e4] 13:44:39.854 [pool-6-thread-35] DEBUG c.h.p.o.d.PodServiceAccountResource - [helmmetr] Desired PodServiceAccountResource (serviceAccountName: hivemq-platform-pod-test-hivemq-platform)
2025-01-29 13:44:39,907 INFO c.h.h.t.HelmChartContainer - [hivemq-test-hivemq-platform] [hivemq-platform-operator] [a229c8e4] 13:44:39.905 [pool-6-thread-35] DEBUG c.h.p.o.d.StatefulSetResource - [helmmetr] Desired StatefulSet (1 replicas) for status RUNNING (READY)
2025-01-29 13:44:39,914 INFO c.h.h.t.HelmChartContainer - [hivemq-test-hivemq-platform] [hivemq-platform-operator] [a229c8e4] 13:44:39.913 [pool-6-thread-35] DEBUG c.h.p.o.d.StatefulSetResource - [helmmetr] Update StatefulSet (replicas: 1 -> 1)
2025-01-29 13:44:39,916 INFO c.h.h.t.HelmChartContainer - [hivemq-test-hivemq-platform] [hivemq-platform-operator] [a229c8e4] 13:44:39.915 [pool-6-thread-35] DEBUG c.h.p.o.d.StatefulSetResource - [helmmetr] Detected change in StatefulSet specification (path: /template/metadata/annotations/kubernetes-resource-versions) (actual value: {broker-configuration-v2=-689490569}) (target value: {broker-configuration-v2=0})
2025-01-29 13:44:39,917 INFO c.h.h.t.HelmChartContainer - [hivemq-test-hivemq-platform] [hivemq-platform-operator] [a229c8e4] 13:44:39.915 [pool-6-thread-35] INFO  c.h.p.o.d.StatefulSetResource - [helmmetr] StatefulSet spec was updated, triggering rolling restart
2025-01-29 13:44:40,020 INFO c.h.h.t.HelmChartContainer - [hivemq-test-hivemq-platform] [hivemq-platform-operator] [a229c8e4] 13:44:40.018 [ReconcilerExecutor-hivemq-controller-115] INFO  c.h.p.o.HiveMQPlatformReconciler - [helmmetr] Reconciling HiveMQ Platform 'test-hivemq-platform' in namespace 'helmmetricsserviceit'
2025-01-29 13:44:40,022 INFO c.h.h.t.HelmChartContainer - [hivemq-test-hivemq-platform] [hivemq-platform-operator] [a229c8e4] 13:44:40.021 [ReconcilerExecutor-hivemq-controller-115] DEBUG c.h.p.o.HiveMQPlatformReconciler - [helmmetr] Custom Resource Status RUNNING - HiveMQ Platform is ready (READY) (reconciliation requests: ROLLING_RESTART, REQUESTS_UPDATED)
2025-01-29 13:44:40,022 INFO c.h.h.t.HelmChartContainer - [hivemq-test-hivemq-platform] [hivemq-platform-operator] [a229c8e4] 13:44:40.021 [ReconcilerExecutor-hivemq-controller-115] DEBUG c.h.p.o.HiveMQPlatformReconciler - [helmmetr] Custom Resource Spec (replicas: 1) (extensions: 1)
2025-01-29 13:44:40,023 INFO c.h.h.t.HelmChartContainer - [hivemq-test-hivemq-platform] [hivemq-platform-operator] [a229c8e4] 13:44:40.022 [ReconcilerExecutor-hivemq-controller-115] WARN  c.h.p.o.h.HiveMQPlatformReconcilerErrorHandler - [helmmetr] Could not find ConfigMap 'hivemq-configuration-test-hivemq-platform' for HiveMQ Platform configuration
2025-01-29 13:44:40,123 INFO c.h.h.t.HelmChartContainer - [hivemq-test-hivemq-platform] [hivemq-platform-operator] [a229c8e4] 13:44:40.122 [ReconcilerExecutor-hivemq-controller-115] DEBUG c.h.p.operator.event.EventSender - [helmmetr] Creating K8s event hivemq-platform-invalid-configuration: [Start] Could not find ConfigMap 'hivemq-configuration-test-hivemq-platform' for HiveMQ Platform configuration
2025-01-29 13:44:40,212 INFO c.h.h.t.HelmChartContainer - [EVENT] Warning [Start] Could not find ConfigMap 'hivemq-configuration-test-hivemq-platform' for HiveMQ Platform configuration [helmmetricsserviceit:test-hivemq-platform]
2025-01-29 13:44:40,213 INFO c.h.h.t.HelmChartContainer - [hivemq-test-hivemq-platform] [hivemq-platform-operator] [a229c8e4] 13:44:40.210 [ReconcilerExecutor-hivemq-controller-115] INFO  c.h.p.o.h.AbstractHiveMQReconcilerStateHandler - [helmmetr] Update HiveMQ Platform Status (RUNNING [READY] -> ERROR [INVALID_CONFIG_MAP]): Could not find ConfigMap 'hivemq-configuration-test-hivemq-platform' for HiveMQ Platform configuration (reconciliation requests: ROLLING_RESTART)
2025-01-29 13:44:40,230 INFO c.h.h.t.HelmChartContainer - [hivemq-test-hivemq-platform] [hivemq-platform-operator] [a229c8e4] 13:44:40.226 [ReconcilerExecutor-hivemq-controller-115] ERROR i.j.o.p.event.EventProcessor - Error during event processing ExecutionScope{ resource id: ResourceID{name='test-hivemq-platform', namespace='helmmetricsserviceit'}, version: 1391}
2025-01-29 13:44:40,230 INFO c.h.h.t.HelmChartContainer - [hivemq-test-hivemq-platform] [hivemq-platform-operator] [a229c8e4] io.fabric8.kubernetes.client.KubernetesClientException: Failure executing: PUT at: https://10.43.0.1:443/apis/hivemq.com/v1/namespaces/helmmetricsserviceit/hivemq-platforms/test-hivemq-platform/status. Message: Operation cannot be fulfilled on hivemq-platforms.hivemq.com "test-hivemq-platform": the object has been modified; please apply your changes to the latest version and try again. Received status: Status(apiVersion=v1, code=409, details=StatusDetails(causes=[], group=hivemq.com, kind=hivemq-platforms, name=test-hivemq-platform, retryAfterSeconds=null, uid=null, additionalProperties={}), kind=Status, message=Operation cannot be fulfilled on hivemq-platforms.hivemq.com "test-hivemq-platform": the object has been modified; please apply your changes to the latest version and try again, metadata=ListMeta(_continue=null, remainingItemCount=null, resourceVersion=null, selfLink=null, additionalProperties={}), reason=Conflict, status=Failure, additionalProperties={}).
2025-01-29 13:44:40,230 INFO c.h.h.t.HelmChartContainer - [hivemq-test-hivemq-platform] [hivemq-platform-operator] [a229c8e4] 	at io.fabric8.kubernetes.client.KubernetesClientException.copyAsCause(KubernetesClientException.java:238)
2025-01-29 13:44:40,230 INFO c.h.h.t.HelmChartContainer - [hivemq-test-hivemq-platform] [hivemq-platform-operator] [a229c8e4] 	at io.fabric8.kubernetes.client.dsl.internal.OperationSupport.waitForResult(OperationSupport.java:507)
2025-01-29 13:44:40,230 INFO c.h.h.t.HelmChartContainer - [hivemq-test-hivemq-platform] [hivemq-platform-operator] [a229c8e4] 	at io.fabric8.kubernetes.client.dsl.internal.OperationSupport.handleResponse(OperationSupport.java:524)
2025-01-29 13:44:40,230 INFO c.h.h.t.HelmChartContainer - [hivemq-test-hivemq-platform] [hivemq-platform-operator] [a229c8e4] 	at io.fabric8.kubernetes.client.dsl.internal.OperationSupport.handleUpdate(OperationSupport.java:358)
2025-01-29 13:44:40,230 INFO c.h.h.t.HelmChartContainer - [hivemq-test-hivemq-platform] [hivemq-platform-operator] [a229c8e4] 	at io.fabric8.kubernetes.client.dsl.internal.BaseOperation.handleUpdate(BaseOperation.java:759)
2025-01-29 13:44:40,230 INFO c.h.h.t.HelmChartContainer - [hivemq-test-hivemq-platform] [hivemq-platform-operator] [a229c8e4] 	at io.fabric8.kubernetes.client.dsl.internal.HasMetadataOperation.update(HasMetadataOperation.java:138)
2025-01-29 13:44:40,231 INFO c.h.h.t.HelmChartContainer - [hivemq-test-hivemq-platform] [hivemq-platform-operator] [a229c8e4] 	at io.fabric8.kubernetes.client.dsl.internal.HasMetadataOperation.update(HasMetadataOperation.java:121)
2025-01-29 13:44:40,231 INFO c.h.h.t.HelmChartContainer - [hivemq-test-hivemq-platform] [hivemq-platform-operator] [a229c8e4] 	at io.fabric8.kubernetes.client.dsl.internal.HasMetadataOperation.updateStatus(HasMetadataOperation.java:126)
2025-01-29 13:44:40,231 INFO c.h.h.t.HelmChartContainer - [hivemq-test-hivemq-platform] [hivemq-platform-operator] [a229c8e4] 	at io.fabric8.kubernetes.client.dsl.internal.HasMetadataOperation.updateStatus(HasMetadataOperation.java:44)
2025-01-29 13:44:40,231 INFO c.h.h.t.HelmChartContainer - [hivemq-test-hivemq-platform] [hivemq-platform-operator] [a229c8e4] 	at io.javaoperatorsdk.operator.processing.event.ReconciliationDispatcher$CustomResourceFacade.updateStatus(ReconciliationDispatcher.java:408)
2025-01-29 13:44:40,231 INFO c.h.h.t.HelmChartContainer - [hivemq-test-hivemq-platform] [hivemq-platform-operator] [a229c8e4] 	at io.javaoperatorsdk.operator.processing.event.ReconciliationDispatcher.updateStatusGenerationAware(ReconciliationDispatcher.java:228)
2025-01-29 13:44:40,231 INFO c.h.h.t.HelmChartContainer - [hivemq-test-hivemq-platform] [hivemq-platform-operator] [a229c8e4] 	at io.javaoperatorsdk.operator.processing.event.ReconciliationDispatcher.reconcileExecution(ReconciliationDispatcher.java:150)
2025-01-29 13:44:40,231 INFO c.h.h.t.HelmChartContainer - [hivemq-test-hivemq-platform] [hivemq-platform-operator] [a229c8e4] 	at io.javaoperatorsdk.operator.processing.event.ReconciliationDispatcher.handleReconcile(ReconciliationDispatcher.java:117)
2025-01-29 13:44:40,231 INFO c.h.h.t.HelmChartContainer - [hivemq-test-hivemq-platform] [hivemq-platform-operator] [a229c8e4] 	at io.javaoperatorsdk.operator.processing.event.ReconciliationDispatcher.handleDispatch(ReconciliationDispatcher.java:91)
2025-01-29 13:44:40,231 INFO c.h.h.t.HelmChartContainer - [hivemq-test-hivemq-platform] [hivemq-platform-operator] [a229c8e4] 	at io.javaoperatorsdk.operator.processing.event.ReconciliationDispatcher.handleExecution(ReconciliationDispatcher.java:64)
2025-01-29 13:44:40,231 INFO c.h.h.t.HelmChartContainer - [hivemq-test-hivemq-platform] [hivemq-platform-operator] [a229c8e4] 	at io.javaoperatorsdk.operator.processing.event.EventProcessor$ReconcilerExecutor.run(EventProcessor.java:452)
2025-01-29 13:44:40,231 INFO c.h.h.t.HelmChartContainer - [hivemq-test-hivemq-platform] [hivemq-platform-operator] [a229c8e4] 	at java.base/java.util.concurrent.ThreadPoolExecutor.runWorker(Unknown Source)
2025-01-29 13:44:40,232 INFO c.h.h.t.HelmChartContainer - [hivemq-test-hivemq-platform] [hivemq-platform-operator] [a229c8e4] 	at java.base/java.util.concurrent.ThreadPoolExecutor$Worker.run(Unknown Source)
2025-01-29 13:44:40,232 INFO c.h.h.t.HelmChartContainer - [hivemq-test-hivemq-platform] [hivemq-platform-operator] [a229c8e4] 	at java.base/java.lang.Thread.run(Unknown Source)
2025-01-29 13:44:40,233 INFO c.h.h.t.HelmChartContainer - [hivemq-test-hivemq-platform] [hivemq-platform-operator] [a229c8e4] Caused by: io.fabric8.kubernetes.client.KubernetesClientException: Failure executing: PUT at: https://10.43.0.1:443/apis/hivemq.com/v1/namespaces/helmmetricsserviceit/hivemq-platforms/test-hivemq-platform/status. Message: Operation cannot be fulfilled on hivemq-platforms.hivemq.com "test-hivemq-platform": the object has been modified; please apply your changes to the latest version and try again. Received status: Status(apiVersion=v1, code=409, details=StatusDetails(causes=[], group=hivemq.com, kind=hivemq-platforms, name=test-hivemq-platform, retryAfterSeconds=null, uid=null, additionalProperties={}), kind=Status, message=Operation cannot be fulfilled on hivemq-platforms.hivemq.com "test-hivemq-platform": the object has been modified; please apply your changes to the latest version and try again, metadata=ListMeta(_continue=null, remainingItemCount=null, resourceVersion=null, selfLink=null, additionalProperties={}), reason=Conflict, status=Failure, additionalProperties={}).
2025-01-29 13:44:40,233 INFO c.h.h.t.HelmChartContainer - [hivemq-test-hivemq-platform] [hivemq-platform-operator] [a229c8e4] 	at io.fabric8.kubernetes.client.dsl.internal.OperationSupport.requestFailure(OperationSupport.java:660)
2025-01-29 13:44:40,233 INFO c.h.h.t.HelmChartContainer - [hivemq-test-hivemq-platform] [hivemq-platform-operator] [a229c8e4] 	at io.fabric8.kubernetes.client.dsl.internal.OperationSupport.requestFailure(OperationSupport.java:640)
2025-01-29 13:44:40,233 INFO c.h.h.t.HelmChartContainer - [hivemq-test-hivemq-platform] [hivemq-platform-operator] [a229c8e4] 	at io.fabric8.kubernetes.client.dsl.internal.OperationSupport.assertResponseCode(OperationSupport.java:589)
2025-01-29 13:44:40,233 INFO c.h.h.t.HelmChartContainer - [hivemq-test-hivemq-platform] [hivemq-platform-operator] [a229c8e4] 	at io.fabric8.kubernetes.client.dsl.internal.OperationSupport.lambda$handleResponse$0(OperationSupport.java:549)
2025-01-29 13:44:40,233 INFO c.h.h.t.HelmChartContainer - [hivemq-test-hivemq-platform] [hivemq-platform-operator] [a229c8e4] 	at java.base/java.util.concurrent.CompletableFuture$UniApply.tryFire(Unknown Source)
2025-01-29 13:44:40,233 INFO c.h.h.t.HelmChartContainer - [hivemq-test-hivemq-platform] [hivemq-platform-operator] [a229c8e4] 	at java.base/java.util.concurrent.CompletableFuture.postComplete(Unknown Source)
2025-01-29 13:44:40,233 INFO c.h.h.t.HelmChartContainer - [hivemq-test-hivemq-platform] [hivemq-platform-operator] [a229c8e4] 	at java.base/java.util.concurrent.CompletableFuture.complete(Unknown Source)
2025-01-29 13:44:40,233 INFO c.h.h.t.HelmChartContainer - [hivemq-test-hivemq-platform] [hivemq-platform-operator] [a229c8e4] 	at io.fabric8.kubernetes.client.http.StandardHttpClient.lambda$completeOrCancel$10(StandardHttpClient.java:141)
2025-01-29 13:44:40,233 INFO c.h.h.t.HelmChartContainer - [hivemq-test-hivemq-platform] [hivemq-platform-operator] [a229c8e4] 	at java.base/java.util.concurrent.CompletableFuture.uniWhenComplete(Unknown Source)
2025-01-29 13:44:40,233 INFO c.h.h.t.HelmChartContainer - [hivemq-test-hivemq-platform] [hivemq-platform-operator] [a229c8e4] 	at java.base/java.util.concurrent.CompletableFuture$UniWhenComplete.tryFire(Unknown Source)
2025-01-29 13:44:40,233 INFO c.h.h.t.HelmChartContainer - [hivemq-test-hivemq-platform] [hivemq-platform-operator] [a229c8e4] 	at java.base/java.util.concurrent.CompletableFuture.postComplete(Unknown Source)
2025-01-29 13:44:40,233 INFO c.h.h.t.HelmChartContainer - [hivemq-test-hivemq-platform] [hivemq-platform-operator] [a229c8e4] 	at java.base/java.util.concurrent.CompletableFuture.complete(Unknown Source)
2025-01-29 13:44:40,233 INFO c.h.h.t.HelmChartContainer - [hivemq-test-hivemq-platform] [hivemq-platform-operator] [a229c8e4] 	at io.fabric8.kubernetes.client.http.ByteArrayBodyHandler.onBodyDone(ByteArrayBodyHandler.java:51)
2025-01-29 13:44:40,233 INFO c.h.h.t.HelmChartContainer - [hivemq-test-hivemq-platform] [hivemq-platform-operator] [a229c8e4] 	at java.base/java.util.concurrent.CompletableFuture.uniWhenComplete(Unknown Source)
2025-01-29 13:44:40,233 INFO c.h.h.t.HelmChartContainer - [hivemq-test-hivemq-platform] [hivemq-platform-operator] [a229c8e4] 	at java.base/java.util.concurrent.CompletableFuture$UniWhenComplete.tryFire(Unknown Source)
2025-01-29 13:44:40,233 INFO c.h.h.t.HelmChartContainer - [hivemq-test-hivemq-platform] [hivemq-platform-operator] [a229c8e4] 	at java.base/java.util.concurrent.CompletableFuture.postComplete(Unknown Source)
2025-01-29 13:44:40,233 INFO c.h.h.t.HelmChartContainer - [hivemq-test-hivemq-platform] [hivemq-platform-operator] [a229c8e4] 	at java.base/java.util.concurrent.CompletableFuture.complete(Unknown Source)
2025-01-29 13:44:40,233 INFO c.h.h.t.HelmChartContainer - [hivemq-test-hivemq-platform] [hivemq-platform-operator] [a229c8e4] 	at io.fabric8.kubernetes.client.vertx.VertxHttpRequest.lambda$null$1(VertxHttpRequest.java:121)
2025-01-29 13:44:40,233 INFO c.h.h.t.HelmChartContainer - [hivemq-test-hivemq-platform] [hivemq-platform-operator] [a229c8e4] 	at io.vertx.core.impl.ContextInternal.dispatch(ContextInternal.java:279)
2025-01-29 13:44:40,233 INFO c.h.h.t.HelmChartContainer - [hivemq-test-hivemq-platform] [hivemq-platform-operator] [a229c8e4] 	at io.vertx.core.impl.ContextInternal.dispatch(ContextInternal.java:261)
2025-01-29 13:44:40,233 INFO c.h.h.t.HelmChartContainer - [hivemq-test-hivemq-platform] [hivemq-platform-operator] [a229c8e4] 	at io.vertx.core.http.impl.HttpEventHandler.handleEnd(HttpEventHandler.java:76)
2025-01-29 13:44:40,233 INFO c.h.h.t.HelmChartContainer - [hivemq-test-hivemq-platform] [hivemq-platform-operator] [a229c8e4] 	at io.vertx.core.http.impl.HttpClientResponseImpl.handleEnd(HttpClientResponseImpl.java:250)
2025-01-29 13:44:40,233 INFO c.h.h.t.HelmChartContainer - [hivemq-test-hivemq-platform] [hivemq-platform-operator] [a229c8e4] 	at io.vertx.core.http.impl.Http1xClientConnection$StreamImpl.lambda$new$0(Http1xClientConnection.java:421)
2025-01-29 13:44:40,233 INFO c.h.h.t.HelmChartContainer - [hivemq-test-hivemq-platform] [hivemq-platform-operator] [a229c8e4] 	at io.vertx.core.streams.impl.InboundBuffer.handleEvent(InboundBuffer.java:279)
2025-01-29 13:44:40,233 INFO c.h.h.t.HelmChartContainer - [hivemq-test-hivemq-platform] [hivemq-platform-operator] [a229c8e4] 	at io.vertx.core.streams.impl.InboundBuffer.write(InboundBuffer.java:157)
2025-01-29 13:44:40,233 INFO c.h.h.t.HelmChartContainer - [hivemq-test-hivemq-platform] [hivemq-platform-operator] [a229c8e4] 	at io.vertx.core.http.impl.Http1xClientConnection$StreamImpl.handleEnd(Http1xClientConnection.java:709)
2025-01-29 13:44:40,233 INFO c.h.h.t.HelmChartContainer - [hivemq-test-hivemq-platform] [hivemq-platform-operator] [a229c8e4] 	at io.vertx.core.impl.ContextImpl.lambda$execute$4(ContextImpl.java:315)
2025-01-29 13:44:40,233 INFO c.h.h.t.HelmChartContainer - [hivemq-test-hivemq-platform] [hivemq-platform-operator] [a229c8e4] 	at io.netty.util.concurrent.AbstractEventExecutor.runTask(AbstractEventExecutor.java:173)
2025-01-29 13:44:40,233 INFO c.h.h.t.HelmChartContainer - [hivemq-test-hivemq-platform] [hivemq-platform-operator] [a229c8e4] 	at io.netty.util.concurrent.AbstractEventExecutor.safeExecute(AbstractEventExecutor.java:166)
2025-01-29 13:44:40,233 INFO c.h.h.t.HelmChartContainer - [hivemq-test-hivemq-platform] [hivemq-platform-operator] [a229c8e4] 	at io.netty.util.concurrent.SingleThreadEventExecutor.runAllTasks(SingleThreadEventExecutor.java:472)
2025-01-29 13:44:40,233 INFO c.h.h.t.HelmChartContainer - [hivemq-test-hivemq-platform] [hivemq-platform-operator] [a229c8e4] 	at io.netty.channel.nio.NioEventLoop.run(NioEventLoop.java:569)
2025-01-29 13:44:40,233 INFO c.h.h.t.HelmChartContainer - [hivemq-test-hivemq-platform] [hivemq-platform-operator] [a229c8e4] 	at io.netty.util.concurrent.SingleThreadEventExecutor$4.run(SingleThreadEventExecutor.java:997)
2025-01-29 13:44:40,233 INFO c.h.h.t.HelmChartContainer - [hivemq-test-hivemq-platform] [hivemq-platform-operator] [a229c8e4] 	at io.netty.util.internal.ThreadExecutorMap$2.run(ThreadExecutorMap.java:74)
2025-01-29 13:44:40,233 INFO c.h.h.t.HelmChartContainer - [hivemq-test-hivemq-platform] [hivemq-platform-operator] [a229c8e4] 	at io.netty.util.concurrent.FastThreadLocalRunnable.run(FastThreadLocalRunnable.java:30)
2025-01-29 13:44:40,233 INFO c.h.h.t.HelmChartContainer - [hivemq-test-hivemq-platform] [hivemq-platform-operator] [a229c8e4] 	... 1 common frames omitted
2025-01-29 13:44:40,253 INFO c.h.h.t.HelmChartContainer - [POD] test-hivemq-platform-0 [b8b28e4d-97a7-4f7c-9333-feb4193cbbf0] in helmmetricsserviceit was MODIFIED
2025-01-29 13:44:40,260 INFO c.h.h.t.HelmChartContainer - [EVENT] Normal [Killing] Stopping container hivemq [helmmetricsserviceit:test-hivemq-platform-0]
2025-01-29 13:44:40,260 INFO c.h.h.t.HelmChartContainer - Received Killing event for container hivemq in pod test-hivemq-platform-0 [b8b28e4d-97a7-4f7c-9333-feb4193cbbf0]
2025-01-29 13:44:40,260 INFO c.h.h.t.HelmChartContainer - Container [test-hivemq-platform-0] [hivemq] [b8b28e4d-97a7-4f7c-9333-feb4193cbbf0] was terminated
2025-01-29 13:44:40,260 INFO c.h.h.t.HelmChartContainer - Stopped log watcher for hivemq in pod test-hivemq-platform-0 [b8b28e4d-97a7-4f7c-9333-feb4193cbbf0]
2025-01-29 13:44:40,268 INFO c.h.h.t.HelmChartContainer - [test-hivemq-platform] [hivemq] [b8b28e4d] INFO  - [HiveMQ Platform Operator Init App 1.7.0-SNAPSHOT] Shutting down
2025-01-29 13:44:40,268 INFO c.h.h.t.HelmChartContainer - [test-hivemq-platform] [hivemq] [b8b28e4d] INFO  - [HiveMQ Platform Operator Init App 1.7.0-SNAPSHOT] Stopping the HiveMQ Platform
2025-01-29 13:44:40,309 INFO c.h.h.t.HelmChartContainer - [hivemq-test-hivemq-platform] [hivemq-platform-operator] [a229c8e4] 13:44:40.307 [ReconcilerExecutor-hivemq-controller-122] INFO  c.h.p.o.HiveMQPlatformReconciler - [helmmetr] Cleanup test-hivemq-platform - helmmetricsserviceit HiveMQ Platform is shut down
2025-01-29 13:44:40,351 INFO c.h.h.t.HelmChartContainer - [test-hivemq-platform] [hivemq] [b8b28e4d] INFO  - Shutting down HiveMQ. Please wait, this could take a while...
2025-01-29 13:44:40,439 INFO c.h.h.t.HelmChartContainer - [test-hivemq-platform] [hivemq] [b8b28e4d] INFO  - Shutting down listeners and clients
2025-01-29 13:44:40,440 INFO c.h.h.t.HelmChartContainer - [test-hivemq-platform] [hivemq] [b8b28e4d] INFO  - Shutdown of listeners is done
2025-01-29 13:44:40,441 INFO c.h.h.t.HelmChartContainer - [test-hivemq-platform] [hivemq] [b8b28e4d] INFO  - No clients are connected, proceeding with shutdown
2025-01-29 13:44:40,455 INFO c.h.h.t.HelmChartContainer - [test-hivemq-platform] [hivemq] [b8b28e4d] INFO  - [HiveMQ Platform Operator Init App 1.7.0-SNAPSHOT] Returning shutdown Health API response 503 for readiness
2025-01-29 13:44:40,459 INFO c.h.h.t.HelmChartContainer - [EVENT] Warning [Unhealthy] Readiness probe failed: HTTP probe failed with statuscode: 503 [helmmetricsserviceit:test-hivemq-platform-0]
2025-01-29 13:44:40,459 INFO c.h.h.t.HelmChartContainer - Received Unhealthy event for container hivemq in pod test-hivemq-platform-0 [b8b28e4d-97a7-4f7c-9333-feb4193cbbf0]
2025-01-29 13:44:40,860 INFO c.h.h.t.HelmChartContainer - [K3S] [authentication.go:74] "Unable to authenticate the request" err="[invalid bearer token, serviceaccounts \"hivemq-platform-pod-test-hivemq-platform\" not found]"
2025-01-29 13:44:40,880 INFO c.h.h.t.HelmChartContainer - [K3S] [authentication.go:74] "Unable to authenticate the request" err="[invalid bearer token, serviceaccounts \"hivemq-platform-pod-test-hivemq-platform\" not found]"
2025-01-29 13:44:40,947 INFO c.h.h.t.HelmChartContainer - [test-hivemq-platform] [hivemq] [b8b28e4d] WARN  - [HiveMQ Platform Operator Init App 1.7.0-SNAPSHOT] Could not update Pod annotations: Failure executing: GET at: https://10.43.0.1:443/api/v1/namespaces/helmmetricsserviceit/pods/test-hivemq-platform-0. Message: Unauthorized. Received status: Status(apiVersion=v1, code=401, details=null, kind=Status, message=Unauthorized, metadata=ListMeta(_continue=null, remainingItemCount=null, resourceVersion=null, selfLink=null, additionalProperties={}), reason=Unauthorized, status=Failure, additionalProperties={}).
2025-01-29 13:44:41,895 INFO c.h.h.t.HelmChartContainer - Deleting namespace 'helmmetricsserviceit'...
2025-01-29 13:44:43,444 INFO c.h.h.t.HelmChartContainer - [test-hivemq-platform] [hivemq] [b8b28e4d] INFO  - Shutting down extension system
2025-01-29 13:44:43,447 INFO c.h.h.t.HelmChartContainer - [test-hivemq-platform] [hivemq] [b8b28e4d] INFO  - Stopping extension with id hivemq-dns-cluster-discovery
2025-01-29 13:44:43,447 INFO c.h.h.t.HelmChartContainer - [test-hivemq-platform] [hivemq] [b8b28e4d] INFO  - Extension "DNS Cluster Discovery Extension" version 4.3.2 stopped successfully.
2025-01-29 13:44:43,448 INFO c.h.h.t.HelmChartContainer - [test-hivemq-platform] [hivemq] [b8b28e4d] INFO  - Stopping extension with id hivemq-prometheus-extension
2025-01-29 13:44:43,451 INFO c.h.h.t.HelmChartContainer - [test-hivemq-platform] [hivemq] [b8b28e4d] INFO  - Extension "Prometheus Monitoring Extension" version 4.0.12 stopped successfully.
2025-01-29 13:44:43,451 INFO c.h.h.t.HelmChartContainer - [test-hivemq-platform] [hivemq] [b8b28e4d] INFO  - Stopping extension with id hivemq-allow-all-extension
2025-01-29 13:44:43,452 INFO c.h.h.t.HelmChartContainer - [test-hivemq-platform] [hivemq] [b8b28e4d] INFO  - Extension "Allow All Extension" version 1.1.1 stopped successfully.
2025-01-29 13:44:45,458 INFO c.h.h.t.HelmChartContainer - [EVENT] Warning [Unhealthy] Readiness probe failed: HTTP probe failed with statuscode: 503 [helmmetricsserviceit:test-hivemq-platform-0]
2025-01-29 13:44:45,458 INFO c.h.h.t.HelmChartContainer - Received Unhealthy event for container hivemq in pod test-hivemq-platform-0 [b8b28e4d-97a7-4f7c-9333-feb4193cbbf0]
2025-01-29 13:44:45,732 INFO c.h.h.t.HelmChartContainer - [test-hivemq-platform] [hivemq] [b8b28e4d] INFO  - Shutdown completed.
2025-01-29 13:44:45,951 INFO c.h.h.t.HelmChartContainer - [K3S] [authentication.go:74] "Unable to authenticate the request" err="[invalid bearer token, serviceaccounts \"hivemq-platform-pod-test-hivemq-platform\" not found]"
2025-01-29 13:44:45,962 INFO c.h.h.t.HelmChartContainer - [K3S] [authentication.go:74] "Unable to authenticate the request" err="[invalid bearer token, serviceaccounts \"hivemq-platform-pod-test-hivemq-platform\" not found]"
2025-01-29 13:44:45,964 INFO c.h.h.t.HelmChartContainer - [test-hivemq-platform] [hivemq] [b8b28e4d] WARN  - [HiveMQ Platform Operator Init App 1.7.0-SNAPSHOT] Could not update Pod annotations: Failure executing: GET at: https://10.43.0.1:443/api/v1/namespaces/helmmetricsserviceit/pods/test-hivemq-platform-0. Message: Unauthorized. Received status: Status(apiVersion=v1, code=401, details=null, kind=Status, message=Unauthorized, metadata=ListMeta(_continue=null, remainingItemCount=null, resourceVersion=null, selfLink=null, additionalProperties={}), reason=Unauthorized, status=Failure, additionalProperties={}).
2025-01-29 13:44:46,085 INFO c.h.h.t.HelmChartContainer - [test-hivemq-platform] [hivemq] [b8b28e4d] INFO  - [HiveMQ Platform Operator Init App 1.7.0-SNAPSHOT] The HiveMQ Platform exited with code 143
2025-01-29 13:44:46,085 INFO c.h.h.t.HelmChartContainer - [test-hivemq-platform] [hivemq] [b8b28e4d] INFO  - [HiveMQ Platform Operator Init App 1.7.0-SNAPSHOT] Stopping the REST API
2025-01-29 13:44:46,092 INFO c.h.h.t.HelmChartContainer - [test-hivemq-platform] [hivemq] [b8b28e4d] INFO  - [HiveMQ Platform Operator Init App 1.7.0-SNAPSHOT] Shutdown complete
2025-01-29 13:44:46,562 INFO c.h.h.t.HelmChartContainer - [K3S] [stateful_set.go:438] "Unhandled Error" err="error syncing StatefulSet helmmetricsserviceit/test-hivemq-platform, requeuing: controllerrevisions.apps \"test-hivemq-platform-664bd4fc46\" is forbidden: unable to create new content in namespace helmmetricsserviceit because it is being terminated"
2025-01-29 13:44:46,564 INFO c.h.h.t.HelmChartContainer - [POD] test-hivemq-platform-0 [b8b28e4d-97a7-4f7c-9333-feb4193cbbf0] in helmmetricsserviceit was MODIFIED
2025-01-29 13:44:46,572 INFO c.h.h.t.HelmChartContainer - [K3S] [stateful_set.go:438] "Unhandled Error" err="error syncing StatefulSet helmmetricsserviceit/test-hivemq-platform, requeuing: controllerrevisions.apps \"test-hivemq-platform-664bd4fc46\" is forbidden: unable to create new content in namespace helmmetricsserviceit because it is being terminated"
2025-01-29 13:44:46,586 INFO c.h.h.t.HelmChartContainer - [K3S] [stateful_set.go:438] "Unhandled Error" err="error syncing StatefulSet helmmetricsserviceit/test-hivemq-platform, requeuing: controllerrevisions.apps \"test-hivemq-platform-664bd4fc46\" is forbidden: unable to create new content in namespace helmmetricsserviceit because it is being terminated"
2025-01-29 13:44:46,609 INFO c.h.h.t.HelmChartContainer - [K3S] [stateful_set.go:438] "Unhandled Error" err="error syncing StatefulSet helmmetricsserviceit/test-hivemq-platform, requeuing: controllerrevisions.apps \"test-hivemq-platform-664bd4fc46\" is forbidden: unable to create new content in namespace helmmetricsserviceit because it is being terminated"
2025-01-29 13:44:46,652 INFO c.h.h.t.HelmChartContainer - [K3S] [stateful_set.go:438] "Unhandled Error" err="error syncing StatefulSet helmmetricsserviceit/test-hivemq-platform, requeuing: controllerrevisions.apps \"test-hivemq-platform-664bd4fc46\" is forbidden: unable to create new content in namespace helmmetricsserviceit because it is being terminated"
2025-01-29 13:44:46,732 INFO c.h.h.t.HelmChartContainer - [K3S] [reconciler_common.go:162] "operationExecutor.UnmountVolume started for volume \"pod-info\" (UniqueName: \"kubernetes.io/configmap/b8b28e4d-97a7-4f7c-9333-feb4193cbbf0-pod-info\") pod \"b8b28e4d-97a7-4f7c-9333-feb4193cbbf0\" (UID: \"b8b28e4d-97a7-4f7c-9333-feb4193cbbf0\") "
2025-01-29 13:44:46,732 INFO c.h.h.t.HelmChartContainer - [K3S] [reconciler_common.go:162] "operationExecutor.UnmountVolume started for volume \"broker-configuration\" (UniqueName: \"kubernetes.io/configmap/b8b28e4d-97a7-4f7c-9333-feb4193cbbf0-broker-configuration\") pod \"b8b28e4d-97a7-4f7c-9333-feb4193cbbf0\" (UID: \"b8b28e4d-97a7-4f7c-9333-feb4193cbbf0\") "
2025-01-29 13:44:46,732 INFO c.h.h.t.HelmChartContainer - [K3S] [reconciler_common.go:162] "operationExecutor.UnmountVolume started for volume \"operator-init\" (UniqueName: \"kubernetes.io/empty-dir/b8b28e4d-97a7-4f7c-9333-feb4193cbbf0-operator-init\") pod \"b8b28e4d-97a7-4f7c-9333-feb4193cbbf0\" (UID: \"b8b28e4d-97a7-4f7c-9333-feb4193cbbf0\") "
2025-01-29 13:44:46,732 INFO c.h.h.t.HelmChartContainer - [K3S] [reconciler_common.go:162] "operationExecutor.UnmountVolume started for volume \"kube-api-access-x85tp\" (UniqueName: \"kubernetes.io/projected/b8b28e4d-97a7-4f7c-9333-feb4193cbbf0-kube-api-access-x85tp\") pod \"b8b28e4d-97a7-4f7c-9333-feb4193cbbf0\" (UID: \"b8b28e4d-97a7-4f7c-9333-feb4193cbbf0\") "
2025-01-29 13:44:46,735 INFO c.h.h.t.HelmChartContainer - [K3S] [stateful_set.go:438] "Unhandled Error" err="error syncing StatefulSet helmmetricsserviceit/test-hivemq-platform, requeuing: controllerrevisions.apps \"test-hivemq-platform-664bd4fc46\" is forbidden: unable to create new content in namespace helmmetricsserviceit because it is being terminated"
2025-01-29 13:44:46,832 INFO c.h.h.t.HelmChartContainer - [K3S] [reconciler_common.go:299] "Volume detached for volume \"broker-configuration\" (UniqueName: \"kubernetes.io/configmap/b8b28e4d-97a7-4f7c-9333-feb4193cbbf0-broker-configuration\") on node \"2553df930ab9\" DevicePath \"\""
2025-01-29 13:44:46,832 INFO c.h.h.t.HelmChartContainer - [K3S] [reconciler_common.go:299] "Volume detached for volume \"pod-info\" (UniqueName: \"kubernetes.io/configmap/b8b28e4d-97a7-4f7c-9333-feb4193cbbf0-pod-info\") on node \"2553df930ab9\" DevicePath \"\""
2025-01-29 13:44:46,832 INFO c.h.h.t.HelmChartContainer - [K3S] [reconciler_common.go:299] "Volume detached for volume \"operator-init\" (UniqueName: \"kubernetes.io/empty-dir/b8b28e4d-97a7-4f7c-9333-feb4193cbbf0-operator-init\") on node \"2553df930ab9\" DevicePath \"\""
2025-01-29 13:44:46,832 INFO c.h.h.t.HelmChartContainer - [K3S] [reconciler_common.go:299] "Volume detached for volume \"kube-api-access-x85tp\" (UniqueName: \"kubernetes.io/projected/b8b28e4d-97a7-4f7c-9333-feb4193cbbf0-kube-api-access-x85tp\") on node \"2553df930ab9\" DevicePath \"\""
2025-01-29 13:44:46,899 INFO c.h.h.t.HelmChartContainer - [K3S] [stateful_set.go:438] "Unhandled Error" err="error syncing StatefulSet helmmetricsserviceit/test-hivemq-platform, requeuing: controllerrevisions.apps \"test-hivemq-platform-664bd4fc46\" is forbidden: unable to create new content in namespace helmmetricsserviceit because it is being terminated"
2025-01-29 13:44:46,921 INFO c.h.h.t.HelmChartContainer - [K3S] [scope.go:117] "RemoveContainer" containerID="e4b67d6ec86420cf574468522a7f359b594344e187f5c96d9812e8b8842babf8"
2025-01-29 13:44:46,936 INFO c.h.h.t.HelmChartContainer - [POD] test-hivemq-platform-0 [b8b28e4d-97a7-4f7c-9333-feb4193cbbf0] in helmmetricsserviceit was MODIFIED
2025-01-29 13:44:46,941 INFO c.h.h.t.HelmChartContainer - [K3S] [stateful_set.go:438] "Unhandled Error" err="error syncing StatefulSet helmmetricsserviceit/test-hivemq-platform, requeuing: controllerrevisions.apps \"test-hivemq-platform-664bd4fc46\" is forbidden: unable to create new content in namespace helmmetricsserviceit because it is being terminated"
2025-01-29 13:44:46,944 INFO c.h.h.t.HelmChartContainer - [POD] test-hivemq-platform-0 [b8b28e4d-97a7-4f7c-9333-feb4193cbbf0] in helmmetricsserviceit was DELETED
2025-01-29 13:44:46,947 INFO c.h.h.t.HelmChartContainer - [K3S] [stateful_set.go:438] "Unhandled Error" err="error syncing StatefulSet helmmetricsserviceit/test-hivemq-platform, requeuing: controllerrevisions.apps \"test-hivemq-platform-664bd4fc46\" is forbidden: unable to create new content in namespace helmmetricsserviceit because it is being terminated"
2025-01-29 13:44:46,962 INFO c.h.h.t.HelmChartContainer - [K3S] [stateful_set.go:466] "StatefulSet has been deleted" key="helmmetricsserviceit/test-hivemq-platform"
2025-01-29 13:44:47,048 INFO c.h.h.t.HelmChartContainer - [K3S] [scope.go:117] "RemoveContainer" containerID="e7d7a12667a3aeb1c9dd79992638240e61aa0afd6c9172052d3b1c6fa0e58c49"
2025-01-29 13:44:47,051 INFO c.h.h.t.HelmChartContainer - [K3S] [scope.go:117] "RemoveContainer" containerID="e4b67d6ec86420cf574468522a7f359b594344e187f5c96d9812e8b8842babf8"
2025-01-29 13:44:47,052 INFO c.h.h.t.HelmChartContainer - [K3S] [scope.go:117] "RemoveContainer" containerID="e7d7a12667a3aeb1c9dd79992638240e61aa0afd6c9172052d3b1c6fa0e58c49"
2025-01-29 13:44:47,116 INFO c.h.h.t.HelmChartContainer - Namespace 'helmmetricsserviceit' deleted
2025-01-29 13:44:47,116 INFO c.h.h.t.HelmChartContainer - Release 'test-hivemq-platform' in namespace 'helmmetricsserviceit' is uninstalled
2025-01-29 13:44:47,116 INFO c.h.h.t.HelmChartContainer - Uninstalling release 'test-hivemq-platform-operator' in namespace 'helmmetricsserviceit-operator'...
2025-01-29 13:44:47,116 DEBUG c.h.h.t.HelmChartContainer - Executing helm command: /bin/helm --kubeconfig /etc/rancher/k3s/k3s.yaml uninstall test-hivemq-platform-operator  --wait --timeout 5m0s --cascade foreground --namespace helmmetricsserviceit-operator
2025-01-29 13:44:47,189 INFO c.h.h.t.HelmChartContainer - [K3S] [kubelet_volumes.go:163] "Cleaned up orphaned pod volumes dir" podUID="b8b28e4d-97a7-4f7c-9333-feb4193cbbf0" path="/var/lib/kubelet/pods/b8b28e4d-97a7-4f7c-9333-feb4193cbbf0/volumes"
2025-01-29 13:44:47,220 INFO c.h.h.t.HelmChartContainer - [K3S] [stateful_set.go:466] "StatefulSet has been deleted" key="helmmetricsserviceit/test-hivemq-platform"
2025-01-29 13:44:47,278 INFO c.h.h.t.HelmChartContainer - [K3S] [replica_set.go:679] "Finished syncing" kind="ReplicaSet" key="helmmetricsserviceit-operator/hivemq-test-hivemq-platform-operator-6966f96d65" duration="9.321291ms"
2025-01-29 13:44:47,278 INFO c.h.h.t.HelmChartContainer - [K3S] [replica_set.go:679] "Finished syncing" kind="ReplicaSet" key="helmmetricsserviceit-operator/hivemq-test-hivemq-platform-operator-6966f96d65" duration="35.707µs"
2025-01-29 13:44:47,292 INFO c.h.h.t.HelmChartContainer - [POD] hivemq-test-hivemq-platform-operator-6966f96d65-2ndpp [a229c8e4-7ab3-4654-9dba-c4c02ef4f397] in helmmetricsserviceit-operator was MODIFIED
2025-01-29 13:44:47,311 INFO c.h.h.t.HelmChartContainer - [hivemq-test-hivemq-platform] [hivemq-platform-operator] [a229c8e4] 13:44:47.306 [application-shutdown-thread] INFO  c.h.p.o.HiveMQPlatformOperatorApplication - HiveMQ Platform Operator is stopping...
2025-01-29 13:44:47,311 INFO c.h.h.t.HelmChartContainer - [hivemq-test-hivemq-platform] [hivemq-platform-operator] [a229c8e4] 13:44:47.307 [application-shutdown-thread] INFO  i.javaoperatorsdk.operator.Operator - Operator SDK 4.9.7 is shutting down...
2025-01-29 13:44:47,313 INFO c.h.h.t.HelmChartContainer - [EVENT] Normal [Killing] Stopping container hivemq-platform-operator [helmmetricsserviceit-operator:hivemq-test-hivemq-platform-operator-6966f96d65-2ndpp]
2025-01-29 13:44:47,314 INFO c.h.h.t.HelmChartContainer - Received Killing event for container hivemq-platform-operator in pod hivemq-test-hivemq-platform-operator-6966f96d65-2ndpp [a229c8e4-7ab3-4654-9dba-c4c02ef4f397]
2025-01-29 13:44:47,314 INFO c.h.h.t.HelmChartContainer - Container [hivemq-test-hivemq-platform-operator-6966f96d65-2ndpp] [hivemq-platform-operator] [a229c8e4-7ab3-4654-9dba-c4c02ef4f397] was terminated
2025-01-29 13:44:47,314 INFO c.h.h.t.HelmChartContainer - Stopped log watcher for hivemq-platform-operator in pod hivemq-test-hivemq-platform-operator-6966f96d65-2ndpp [a229c8e4-7ab3-4654-9dba-c4c02ef4f397]
2025-01-29 13:44:47,314 INFO c.h.h.t.HelmChartContainer - [K3S] [replica_set.go:679] "Finished syncing" kind="ReplicaSet" key="helmmetricsserviceit-operator/hivemq-test-hivemq-platform-operator-6966f96d65" duration="17.968138ms"
2025-01-29 13:44:47,318 INFO c.h.h.t.HelmChartContainer - [K3S] [replica_set.go:679] "Finished syncing" kind="ReplicaSet" key="helmmetricsserviceit-operator/hivemq-test-hivemq-platform-operator-6966f96d65" duration="47.94µs"
2025-01-29 13:44:47,808 INFO c.h.h.t.HelmChartContainer - [EVENT] Warning [Unhealthy] Readiness probe failed: Get "http://10.42.0.11:8080/health/readiness": dial tcp 10.42.0.11:8080: connect: connection refused [helmmetricsserviceit-operator:hivemq-test-hivemq-platform-operator-6966f96d65-2ndpp]
2025-01-29 13:44:47,808 INFO c.h.h.t.HelmChartContainer - Received Unhealthy event for container hivemq-platform-operator in pod hivemq-test-hivemq-platform-operator-6966f96d65-2ndpp [a229c8e4-7ab3-4654-9dba-c4c02ef4f397]
2025-01-29 13:44:47,924 INFO c.h.h.t.HelmChartContainer - [K3S] [pod_container_deletor.go:80] "Container not found in pod's containers" containerID="a973b3b8b0f0e204d8e2391694bce14dd6e65c731ede8dc96f48fa04cf008086"
2025-01-29 13:44:47,937 INFO c.h.h.t.HelmChartContainer - [K3S] [replica_set.go:679] "Finished syncing" kind="ReplicaSet" key="helmmetricsserviceit-operator/hivemq-test-hivemq-platform-operator-6966f96d65" duration="62.006µs"
2025-01-29 13:44:47,939 INFO c.h.h.t.HelmChartContainer - [POD] hivemq-test-hivemq-platform-operator-6966f96d65-2ndpp [a229c8e4-7ab3-4654-9dba-c4c02ef4f397] in helmmetricsserviceit-operator was MODIFIED
2025-01-29 13:44:48,039 INFO c.h.h.t.HelmChartContainer - [K3S] [reconciler_common.go:162] "operationExecutor.UnmountVolume started for volume \"kube-api-access-h29g8\" (UniqueName: \"kubernetes.io/projected/a229c8e4-7ab3-4654-9dba-c4c02ef4f397-kube-api-access-h29g8\") pod \"a229c8e4-7ab3-4654-9dba-c4c02ef4f397\" (UID: \"a229c8e4-7ab3-4654-9dba-c4c02ef4f397\") "
2025-01-29 13:44:48,140 INFO c.h.h.t.HelmChartContainer - [K3S] [reconciler_common.go:299] "Volume detached for volume \"kube-api-access-h29g8\" (UniqueName: \"kubernetes.io/projected/a229c8e4-7ab3-4654-9dba-c4c02ef4f397-kube-api-access-h29g8\") on node \"2553df930ab9\" DevicePath \"\""
2025-01-29 13:44:48,937 INFO c.h.h.t.HelmChartContainer - [POD] hivemq-test-hivemq-platform-operator-6966f96d65-2ndpp [a229c8e4-7ab3-4654-9dba-c4c02ef4f397] in helmmetricsserviceit-operator was MODIFIED
2025-01-29 13:44:48,937 INFO c.h.h.t.HelmChartContainer - [K3S] [replica_set.go:679] "Finished syncing" kind="ReplicaSet" key="helmmetricsserviceit-operator/hivemq-test-hivemq-platform-operator-6966f96d65" duration="46.597µs"
2025-01-29 13:44:48,939 INFO c.h.h.t.HelmChartContainer - [K3S] [replica_set.go:679] "Finished syncing" kind="ReplicaSet" key="helmmetricsserviceit-operator/hivemq-test-hivemq-platform-operator-6966f96d65" duration="34.805µs"
2025-01-29 13:44:48,939 INFO c.h.h.t.HelmChartContainer - [POD] hivemq-test-hivemq-platform-operator-6966f96d65-2ndpp [a229c8e4-7ab3-4654-9dba-c4c02ef4f397] in helmmetricsserviceit-operator was DELETED
2025-01-29 13:44:48,948 INFO c.h.h.t.HelmChartContainer - [K3S] [replica_set.go:679] "Finished syncing" kind="ReplicaSet" key="helmmetricsserviceit-operator/hivemq-test-hivemq-platform-operator-6966f96d65" duration="22.221µs"
2025-01-29 13:44:49,189 INFO c.h.h.t.HelmChartContainer - [K3S] [kubelet_volumes.go:163] "Cleaned up orphaned pod volumes dir" podUID="a229c8e4-7ab3-4654-9dba-c4c02ef4f397" path="/var/lib/kubelet/pods/a229c8e4-7ab3-4654-9dba-c4c02ef4f397/volumes"
2025-01-29 13:44:49,329 INFO c.h.h.t.HelmChartContainer - Deleting namespace 'helmmetricsserviceit-operator'...
2025-01-29 13:44:52,094 INFO c.h.h.t.HelmChartContainer - [K3S] [namespace_controller.go:187] "Namespace has been deleted" namespace="helmmetricsserviceit"
2025-01-29 13:44:54,546 INFO c.h.h.t.HelmChartContainer - Namespace 'helmmetricsserviceit-operator' deleted
2025-01-29 13:44:54,546 INFO c.h.h.t.HelmChartContainer - Release 'test-hivemq-platform-operator' in namespace 'helmmetricsserviceit-operator' is uninstalled
2025-01-29 13:44:55,364 INFO c.h.helmcharts.AbstractHelmChartIT - Removed unused containers:

2025-01-29 13:44:59,457 INFO c.h.h.t.HelmChartContainer - [K3S] [namespace_controller.go:187] "Namespace has been deleted" namespace="helmmetricsserviceit-operator"
2025-01-29 13:45:03,486 INFO c.h.helmcharts.AbstractHelmChartIT - Removed unused snapshots:
Removing snapshot sha256:03af251906410714c5aef9fa705b63f6bbc39c4a5e787de7361eeb18886c2ed2
Removing snapshot sha256:0c46b3b43cce082ce5ec34ffc6c294e0417d17b9d1e6f366d114b6aadc4f96dc
Removing snapshot sha256:0ce761beee59082d6ed5bcebd3a805b8ddd9b3426b617e4809e7fb7c6587ffec
Removing snapshot sha256:0df91287303208332c8ff6ba40ae4710105201739addbfbddfb955f1ad593664
Removing snapshot sha256:1021ef88c7974bfff89c5a0ec4fd3160daac6c48a075f74cff721f85dd104e68
Removing snapshot sha256:10aba4953ddc18145dd38e3704709bc464aa20af60b56fe52caaff4b68411e62
Removing snapshot sha256:2573e0d8158209ed54ab25c87bcdcb00bd3d2539246960a3d592a1c599d70465
Removing snapshot sha256:362a8a37f8bbc31925a8146adcf7cf51f9882f5c1dcbef67c5baa03a297543c0
Removing snapshot sha256:3fa4ad33f0ddc8fd45b39b6b4640f82a3a83619606cd975bfe89d8710ad2d4cd
Removing snapshot sha256:43a7c979bbaba6838bc3102d6b10a1459f3ab050b87ccdfef84ef90cf43d3058
Removing snapshot sha256:4ab04491cdf0d3267f08206fe30bd48f49f94b9cab2f016d6739220f722a64af
Removing snapshot sha256:4b6068250e89c96f263060261819c7d912855bfbd64b3eb4c4a8483299b8c295
Removing snapshot sha256:580e69a0a8034ede1921139bbd2bfb72a69ebf276d008281896c32dd8bf74775
Removing snapshot sha256:5d30ba46b27fe37484567ccc5242cadc78217b8da605f3f195ef25cbf7487904
Removing snapshot sha256:5fea5bf92a1324b5df2512d14ca3f33c100ba52dc3a036872d3c1e1b4281afe5
Removing snapshot sha256:63ca1fbb43ae5034640e5e6cb3e083e05c290072c5366fcaa9d62435a4cced85
Removing snapshot sha256:67f702c6baae873bceb19487c8b1f27bd2b86077e4f2f0e480e6d60ab508b8f5
Removing snapshot sha256:6864348dd42806d552efdec384f1274be15e2d0c10ce44c1f04347af004c10a9
Removing snapshot sha256:6c7dee8f2c39b84b7dc2711c01d33de93514d9055499173e9290176fbe484b6c
Removing snapshot sha256:82753493a6d61ded36556292f02f31841a14c20d2f279f19eaad65afb661d5cd
Removing snapshot sha256:8a10d3db42c505ee0fcfa98417bdd7e39b304f6bcc0a06bb1b220797ff2cc63c
Removing snapshot sha256:a21e5b12dbac529ad45d976eb9ce45c881f3bedcc500fb30aba1e52aa1813418
Removing snapshot sha256:b921e6c28969094157f9b8e7244677780319637afd14450b7cb6b2fdea558a0c
Removing snapshot sha256:bc27ecb5769a00e309cf99ebc763c4a4b958b618d1decc96ffac5bc05f02f5b7
Removing snapshot sha256:be3ccb6627a5332e309d45ef461d09b4879dd870c7394d89323d0ebc6ca6aa8a
Removing snapshot sha256:c261f7cbbc64211ee175ee47273acdb7b1a36a4450b397a064a8f2c026490095
Removing snapshot sha256:c291c6e1fbd3d2868501c2d33b57d6ffde01f2b773f4d8629556233b618db3f6
Removing snapshot sha256:c34d9393647eea0c9e3557ab988efaf59f61d10a2a5613b439ef0958cca5ec10
Removing snapshot sha256:ccf3c4a0fa967a41c1c83497a2ce6fa5787965859df0adb32c4ca2cf7490bc2b
Removing snapshot sha256:cf92d33f869417309692088c341cd0f223c178ea78a125f757317b22aa8f90e9
Removing snapshot sha256:d0037344cf2fb078884f1849f6a1f8cf9a33a3b6139b6a85833e5ee528e1f9a8
Removing snapshot sha256:d3b36d5b79273b1e98e7700470eaeff05a882e777124d84cebcc1505b85ecb36
Removing snapshot sha256:d65a44a37914602d12c611e5e22a50f11451d847e63015cc1c2aef92dee777a4
Removing snapshot sha256:e2dc0bae2455930f23ae570e019b7f32edc75c0f2d71cab084db837ff9051796
Removing snapshot sha256:e31519795c7e3df686c447a21ec8d2eb301388a5e39ccf7f20a25c6f6ce3a522
Removing snapshot sha256:e9e86ed11d9bebc0707dd6f1166c51237ebb44f98657241f943261b2675a5449
Removing snapshot sha256:eccbd24a99c60cd9e86ee5305dbfc4a4dc89f5ab4fb1f06c8d64797cecedef34
Removing snapshot sha256:edd1404c718ab99ca3456bdf222065033800bb67d4334a9642746685a24394cd
Removing snapshot sha256:f144bb4c7c7f0d2aa7eeffd36d934ec40db1ee167be727e326aad9fdc616f475

]]></system-out>
  </testcase>
  <system-out><![CDATA[2025-01-29 13:41:38,501 INFO c.h.h.t.HelmChartContainerExtension - Using cached HelmChartContainer instance
]]></system-out>
  <system-err><![CDATA[]]></system-err>
</testsuite>
