<?xml version="1.0" encoding="UTF-8"?>
<testsuite name="com.hivemq.helmcharts.StatefulSetRollingUpgradeIT" tests="1" skipped="0" failures="0" errors="0" timestamp="2025-01-29T13:23:21" hostname="fv-az1283-519" time="140.93">
  <properties/>
  <testcase name="withStatefulSet_RollingUpgrade()" classname="com.hivemq.helmcharts.StatefulSetRollingUpgradeIT" time="140.93">
    <system-out><![CDATA[2025-01-29 13:23:21,683 INFO t.localhost/testcontainers/f8jjhla2gptevphi:latest - Creating container for image: localhost/testcontainers/f8jjhla2gptevphi:latest
2025-01-29 13:23:21,764 INFO t.localhost/testcontainers/f8jjhla2gptevphi:latest - Container localhost/testcontainers/f8jjhla2gptevphi:latest is starting: 5ff634019715e5beab201ecd3fe7ec79661d0e2500ea9887942779ba634c95ca
2025-01-29 13:23:22,117 INFO c.h.h.t.OperatorHelmChartContainer - [K3S] [INFO] Starting k3s v1.32.1+k3s1 (6a322f12)
2025-01-29 13:23:22,119 INFO c.h.h.t.OperatorHelmChartContainer - [K3S] [INFO] Configuring sqlite3 database connection pooling: maxIdleConns=2, maxOpenConns=0, connMaxLifetime=0s
2025-01-29 13:23:22,120 INFO c.h.h.t.OperatorHelmChartContainer - [K3S] [INFO] Configuring database table schema and indexes, this may take a moment...
2025-01-29 13:23:22,122 INFO c.h.h.t.OperatorHelmChartContainer - [K3S] [INFO] Database tables and indexes are up to date
2025-01-29 13:23:22,125 INFO c.h.h.t.OperatorHelmChartContainer - [K3S] [INFO] Kine available at unix://kine.sock
2025-01-29 13:23:22,176 INFO c.h.h.t.OperatorHelmChartContainer - [K3S] [INFO] Saving cluster bootstrap data to datastore
2025-01-29 13:23:22,177 INFO c.h.h.t.OperatorHelmChartContainer - [K3S] [WARNING] dynamiclistener [::]:6443: no cached certificate available for preload - deferring certificate load until storage initialization or first client request
2025-01-29 13:23:22,177 INFO c.h.h.t.OperatorHelmChartContainer - [K3S] [INFO] Active TLS secret / (ver=) (count 10): map[listener.cattle.io/cn-10.43.0.1:10.43.0.1 listener.cattle.io/cn-127.0.0.1:127.0.0.1 listener.cattle.io/cn-172.17.0.3:172.17.0.3 listener.cattle.io/cn-5ff634019715:5ff634019715 listener.cattle.io/cn-__1-f16284:::1 listener.cattle.io/cn-kubernetes:kubernetes listener.cattle.io/cn-kubernetes.default:kubernetes.default listener.cattle.io/cn-kubernetes.default.svc:kubernetes.default.svc listener.cattle.io/cn-kubernetes.default.svc.cluster.local:kubernetes.default.svc.cluster.local listener.cattle.io/cn-localhost:localhost listener.cattle.io/fingerprint:SHA1=99BEC2D41EDBFB0C57C6C646AD8044B1665CE8A9]
2025-01-29 13:23:22,339 INFO c.h.h.t.OperatorHelmChartContainer - [K3S] [INFO] Running kube-apiserver --advertise-port=6443 --allow-privileged=true --anonymous-auth=false --api-audiences=https://kubernetes.default.svc.cluster.local,k3s --authorization-mode=Node,RBAC --bind-address=127.0.0.1 --cert-dir=/var/lib/rancher/k3s/server/tls/temporary-certs --client-ca-file=/var/lib/rancher/k3s/server/tls/client-ca.crt --egress-selector-config-file=/var/lib/rancher/k3s/server/etc/egress-selector-config.yaml --enable-admission-plugins=NodeRestriction --enable-aggregator-routing=true --enable-bootstrap-token-auth=true --etcd-servers=unix://kine.sock --kubelet-certificate-authority=/var/lib/rancher/k3s/server/tls/server-ca.crt --kubelet-client-certificate=/var/lib/rancher/k3s/server/tls/client-kube-apiserver.crt --kubelet-client-key=/var/lib/rancher/k3s/server/tls/client-kube-apiserver.key --kubelet-preferred-address-types=InternalIP,ExternalIP,Hostname --profiling=false --proxy-client-cert-file=/var/lib/rancher/k3s/server/tls/client-auth-proxy.crt --proxy-client-key-file=/var/lib/rancher/k3s/server/tls/client-auth-proxy.key --requestheader-allowed-names=system:auth-proxy --requestheader-client-ca-file=/var/lib/rancher/k3s/server/tls/request-header-ca.crt --requestheader-extra-headers-prefix=X-Remote-Extra- --requestheader-group-headers=X-Remote-Group --requestheader-username-headers=X-Remote-User --secure-port=6444 --service-account-issuer=https://kubernetes.default.svc.cluster.local --service-account-key-file=/var/lib/rancher/k3s/server/tls/service.key --service-account-signing-key-file=/var/lib/rancher/k3s/server/tls/service.current.key --service-cluster-ip-range=10.43.0.0/16 --service-node-port-range=30000-32767 --storage-backend=etcd3 --tls-cert-file=/var/lib/rancher/k3s/server/tls/serving-kube-apiserver.crt --tls-cipher-suites=TLS_ECDHE_ECDSA_WITH_AES_256_GCM_SHA384,TLS_ECDHE_RSA_WITH_AES_256_GCM_SHA384,TLS_ECDHE_ECDSA_WITH_AES_128_GCM_SHA256,TLS_ECDHE_RSA_WITH_AES_128_GCM_SHA256,TLS_ECDHE_ECDSA_WITH_CHACHA20_POLY1305,TLS_ECDHE_RSA_WITH_CHACHA20_POLY1305 --tls-private-key-file=/var/lib/rancher/k3s/server/tls/serving-kube-apiserver.key
2025-01-29 13:23:22,340 INFO c.h.h.t.OperatorHelmChartContainer - [K3S] [INFO] Running kube-scheduler --authentication-kubeconfig=/var/lib/rancher/k3s/server/cred/scheduler.kubeconfig --authorization-kubeconfig=/var/lib/rancher/k3s/server/cred/scheduler.kubeconfig --bind-address=127.0.0.1 --kubeconfig=/var/lib/rancher/k3s/server/cred/scheduler.kubeconfig --leader-elect=false --profiling=false --secure-port=10259
2025-01-29 13:23:22,341 INFO c.h.h.t.OperatorHelmChartContainer - [K3S] [registry.go:256] calling componentGlobalsRegistry.AddFlags more than once, the registry will be set by the latest flags
2025-01-29 13:23:22,341 INFO c.h.h.t.OperatorHelmChartContainer - [K3S] [INFO] Waiting for API server to become available
2025-01-29 13:23:22,341 INFO c.h.h.t.OperatorHelmChartContainer - [K3S] [INFO] Running kube-controller-manager --allocate-node-cidrs=true --authentication-kubeconfig=/var/lib/rancher/k3s/server/cred/controller.kubeconfig --authorization-kubeconfig=/var/lib/rancher/k3s/server/cred/controller.kubeconfig --bind-address=127.0.0.1 --cluster-cidr=10.42.0.0/16 --cluster-signing-kube-apiserver-client-cert-file=/var/lib/rancher/k3s/server/tls/client-ca.nochain.crt --cluster-signing-kube-apiserver-client-key-file=/var/lib/rancher/k3s/server/tls/client-ca.key --cluster-signing-kubelet-client-cert-file=/var/lib/rancher/k3s/server/tls/client-ca.nochain.crt --cluster-signing-kubelet-client-key-file=/var/lib/rancher/k3s/server/tls/client-ca.key --cluster-signing-kubelet-serving-cert-file=/var/lib/rancher/k3s/server/tls/server-ca.nochain.crt --cluster-signing-kubelet-serving-key-file=/var/lib/rancher/k3s/server/tls/server-ca.key --cluster-signing-legacy-unknown-cert-file=/var/lib/rancher/k3s/server/tls/server-ca.nochain.crt --cluster-signing-legacy-unknown-key-file=/var/lib/rancher/k3s/server/tls/server-ca.key --configure-cloud-routes=false --controllers=*,tokencleaner,-service,-route,-cloud-node-lifecycle --kubeconfig=/var/lib/rancher/k3s/server/cred/controller.kubeconfig --leader-elect=false --profiling=false --root-ca-file=/var/lib/rancher/k3s/server/tls/server-ca.crt --secure-port=10257 --service-account-private-key-file=/var/lib/rancher/k3s/server/tls/service.current.key --service-cluster-ip-range=10.43.0.0/16 --use-service-account-credentials=true
2025-01-29 13:23:22,342 INFO c.h.h.t.OperatorHelmChartContainer - [K3S] [options.go:299] unable to set WatchListClient feature gate, err: cannot override default for feature "WatchListClient": gates already added to a flag set
2025-01-29 13:23:22,342 INFO c.h.h.t.OperatorHelmChartContainer - [K3S] [registry.go:256] calling componentGlobalsRegistry.AddFlags more than once, the registry will be set by the latest flags
2025-01-29 13:23:22,343 INFO c.h.h.t.OperatorHelmChartContainer - [K3S] [registry.go:256] calling componentGlobalsRegistry.AddFlags more than once, the registry will be set by the latest flags
2025-01-29 13:23:22,343 INFO c.h.h.t.OperatorHelmChartContainer - [K3S] [INFO] Running cloud-controller-manager --allocate-node-cidrs=true --authentication-kubeconfig=/var/lib/rancher/k3s/server/cred/cloud-controller.kubeconfig --authorization-kubeconfig=/var/lib/rancher/k3s/server/cred/cloud-controller.kubeconfig --bind-address=127.0.0.1 --cloud-config=/var/lib/rancher/k3s/server/etc/cloud-config.yaml --cloud-provider=k3s --cluster-cidr=10.42.0.0/16 --configure-cloud-routes=false --controllers=*,-route --kubeconfig=/var/lib/rancher/k3s/server/cred/cloud-controller.kubeconfig --leader-elect=false --leader-elect-resource-name=k3s-cloud-controller-manager --node-status-update-frequency=1m0s --profiling=false
2025-01-29 13:23:22,343 INFO c.h.h.t.OperatorHelmChartContainer - [K3S] [INFO] Server node token is available at /var/lib/rancher/k3s/server/token
2025-01-29 13:23:22,343 INFO c.h.h.t.OperatorHelmChartContainer - [K3S] [options.go:238] external host was not specified, using 172.17.0.3
2025-01-29 13:23:22,343 INFO c.h.h.t.OperatorHelmChartContainer - [K3S] [INFO] To join server node to cluster: k3s server -s https://172.17.0.3:6443 -t ${SERVER_NODE_TOKEN}
2025-01-29 13:23:22,344 INFO c.h.h.t.OperatorHelmChartContainer - [K3S] [INFO] Agent node token is available at /var/lib/rancher/k3s/server/agent-token
2025-01-29 13:23:22,344 INFO c.h.h.t.OperatorHelmChartContainer - [K3S] [INFO] To join agent node to cluster: k3s agent -s https://172.17.0.3:6443 -t ${AGENT_NODE_TOKEN}
2025-01-29 13:23:22,344 INFO c.h.h.t.OperatorHelmChartContainer - [K3S] [INFO] Wrote kubeconfig /etc/rancher/k3s/k3s.yaml
2025-01-29 13:23:22,344 INFO c.h.h.t.OperatorHelmChartContainer - [K3S] [INFO] Run: k3s kubectl
2025-01-29 13:23:22,345 INFO c.h.h.t.OperatorHelmChartContainer - [K3S] [server.go:151] Version: v1.32.1+k3s1
2025-01-29 13:23:22,345 INFO c.h.h.t.OperatorHelmChartContainer - [K3S] [server.go:153] "Golang settings" GOGC="" GOMAXPROCS="" GOTRACEBACK=""
2025-01-29 13:23:22,759 INFO c.h.h.t.OperatorHelmChartContainer - [K3S] [plugins.go:157] Loaded 13 mutating admission controller(s) successfully in the following order: NamespaceLifecycle,LimitRanger,ServiceAccount,NodeRestriction,TaintNodesByCondition,Priority,DefaultTolerationSeconds,DefaultStorageClass,StorageObjectInUseProtection,RuntimeClass,DefaultIngressClass,MutatingAdmissionPolicy,MutatingAdmissionWebhook.
2025-01-29 13:23:22,759 INFO c.h.h.t.OperatorHelmChartContainer - [K3S] [plugins.go:160] Loaded 13 validating admission controller(s) successfully in the following order: LimitRanger,ServiceAccount,PodSecurity,Priority,PersistentVolumeClaimResize,RuntimeClass,CertificateApproval,CertificateSigning,ClusterTrustBundleAttest,CertificateSubjectRestriction,ValidatingAdmissionPolicy,ValidatingAdmissionWebhook,ResourceQuota.
2025-01-29 13:23:22,759 INFO c.h.h.t.OperatorHelmChartContainer - [K3S] [instance.go:233] Using reconciler: lease
2025-01-29 13:23:22,820 INFO c.h.h.t.OperatorHelmChartContainer - [K3S] [apis.go:106] API group "internal.apiserver.k8s.io" is not enabled, skipping.
2025-01-29 13:23:22,868 INFO c.h.h.t.OperatorHelmChartContainer - [K3S] [apis.go:106] API group "storagemigration.k8s.io" is not enabled, skipping.
2025-01-29 13:23:22,891 INFO c.h.h.t.OperatorHelmChartContainer - [K3S] [apis.go:106] API group "resource.k8s.io" is not enabled, skipping.
2025-01-29 13:23:22,902 INFO c.h.h.t.OperatorHelmChartContainer - [K3S] [INFO] Password verified locally for node 5ff634019715
2025-01-29 13:23:23,228 INFO c.h.h.t.OperatorHelmChartContainer - [K3S] [dynamic_cafile_content.go:161] "Starting controller" name="client-ca-bundle::/var/lib/rancher/k3s/server/tls/client-ca.crt"
2025-01-29 13:23:23,228 INFO c.h.h.t.OperatorHelmChartContainer - [K3S] [dynamic_cafile_content.go:161] "Starting controller" name="request-header::/var/lib/rancher/k3s/server/tls/request-header-ca.crt"
2025-01-29 13:23:23,229 INFO c.h.h.t.OperatorHelmChartContainer - [K3S] [dynamic_serving_content.go:135] "Starting controller" name="serving-cert::/var/lib/rancher/k3s/server/tls/serving-kube-apiserver.crt::/var/lib/rancher/k3s/server/tls/serving-kube-apiserver.key"
2025-01-29 13:23:23,229 INFO c.h.h.t.OperatorHelmChartContainer - [K3S] [secure_serving.go:213] Serving securely on 127.0.0.1:6444
2025-01-29 13:23:23,229 INFO c.h.h.t.OperatorHelmChartContainer - [K3S] [tlsconfig.go:243] "Starting DynamicServingCertificateController"
2025-01-29 13:23:23,229 INFO c.h.h.t.OperatorHelmChartContainer - [K3S] [remote_available_controller.go:411] Starting RemoteAvailability controller
2025-01-29 13:23:23,230 INFO c.h.h.t.OperatorHelmChartContainer - [K3S] [controller.go:80] Starting OpenAPI V3 AggregationController
2025-01-29 13:23:23,230 INFO c.h.h.t.OperatorHelmChartContainer - [K3S] [local_available_controller.go:156] Starting LocalAvailability controller
2025-01-29 13:23:23,230 INFO c.h.h.t.OperatorHelmChartContainer - [K3S] [gc_controller.go:78] Starting apiserver lease garbage collector
2025-01-29 13:23:23,230 INFO c.h.h.t.OperatorHelmChartContainer - [K3S] [customresource_discovery_controller.go:292] Starting DiscoveryController
2025-01-29 13:23:23,230 INFO c.h.h.t.OperatorHelmChartContainer - [K3S] [aggregator.go:169] waiting for initial CRD sync...
2025-01-29 13:23:23,230 INFO c.h.h.t.OperatorHelmChartContainer - [K3S] [apf_controller.go:377] Starting API Priority and Fairness config controller
2025-01-29 13:23:23,230 INFO c.h.h.t.OperatorHelmChartContainer - [K3S] [controller.go:78] Starting OpenAPI AggregationController
2025-01-29 13:23:23,230 INFO c.h.h.t.OperatorHelmChartContainer - [K3S] [controller.go:119] Starting legacy_token_tracking_controller
2025-01-29 13:23:23,230 INFO c.h.h.t.OperatorHelmChartContainer - [K3S] [system_namespaces_controller.go:66] Starting system namespaces controller
2025-01-29 13:23:23,230 INFO c.h.h.t.OperatorHelmChartContainer - [K3S] [dynamic_serving_content.go:135] "Starting controller" name="aggregator-proxy-cert::/var/lib/rancher/k3s/server/tls/client-auth-proxy.crt::/var/lib/rancher/k3s/server/tls/client-auth-proxy.key"
2025-01-29 13:23:23,230 INFO c.h.h.t.OperatorHelmChartContainer - [K3S] [apiservice_controller.go:100] Starting APIServiceRegistrationController
2025-01-29 13:23:23,230 INFO c.h.h.t.OperatorHelmChartContainer - [K3S] [cluster_authentication_trust_controller.go:462] Starting cluster_authentication_trust_controller controller
2025-01-29 13:23:23,234 INFO c.h.h.t.OperatorHelmChartContainer - [K3S] [controller.go:142] Starting OpenAPI controller
2025-01-29 13:23:23,234 INFO c.h.h.t.OperatorHelmChartContainer - [K3S] [controller.go:90] Starting OpenAPI V3 controller
2025-01-29 13:23:23,235 INFO c.h.h.t.OperatorHelmChartContainer - [K3S] [naming_controller.go:294] Starting NamingConditionController
2025-01-29 13:23:23,235 INFO c.h.h.t.OperatorHelmChartContainer - [K3S] [establishing_controller.go:81] Starting EstablishingController
2025-01-29 13:23:23,235 INFO c.h.h.t.OperatorHelmChartContainer - [K3S] [nonstructuralschema_controller.go:195] Starting NonStructuralSchemaConditionController
2025-01-29 13:23:23,235 INFO c.h.h.t.OperatorHelmChartContainer - [K3S] [apiapproval_controller.go:189] Starting KubernetesAPIApprovalPolicyConformantConditionController
2025-01-29 13:23:23,235 INFO c.h.h.t.OperatorHelmChartContainer - [K3S] [crd_finalizer.go:269] Starting CRDFinalizer
2025-01-29 13:23:23,236 INFO c.h.h.t.OperatorHelmChartContainer - [K3S] [crdregistration_controller.go:114] Starting crd-autoregister controller
2025-01-29 13:23:23,237 INFO c.h.h.t.OperatorHelmChartContainer - [K3S] [dynamic_cafile_content.go:161] "Starting controller" name="client-ca-bundle::/var/lib/rancher/k3s/server/tls/client-ca.crt"
2025-01-29 13:23:23,237 INFO c.h.h.t.OperatorHelmChartContainer - [K3S] [dynamic_cafile_content.go:161] "Starting controller" name="request-header::/var/lib/rancher/k3s/server/tls/request-header-ca.crt"
2025-01-29 13:23:23,329 INFO c.h.h.t.OperatorHelmChartContainer - [K3S] [apf_controller.go:382] Running API Priority and Fairness config worker
2025-01-29 13:23:23,329 INFO c.h.h.t.OperatorHelmChartContainer - [K3S] [apf_controller.go:385] Running API Priority and Fairness periodic rebalancing process
2025-01-29 13:23:23,329 INFO c.h.h.t.OperatorHelmChartContainer - [K3S] [handler_discovery.go:451] Starting ResourceDiscoveryManager
2025-01-29 13:23:23,331 INFO c.h.h.t.OperatorHelmChartContainer - [K3S] [controller.go:145] "Failed to ensure lease exists, will retry" err="namespaces \"kube-system\" not found" interval="200ms"
2025-01-29 13:23:23,337 INFO c.h.h.t.OperatorHelmChartContainer - [K3S] [aggregator.go:171] initial CRD sync complete...
2025-01-29 13:23:23,338 INFO c.h.h.t.OperatorHelmChartContainer - [K3S] [autoregister_controller.go:144] Starting autoregister controller
2025-01-29 13:23:23,356 INFO c.h.h.t.OperatorHelmChartContainer - [K3S] [policy_source.go:240] refreshing policies
2025-01-29 13:23:23,383 INFO c.h.h.t.OperatorHelmChartContainer - [K3S] [controller.go:148] "Unhandled Error" err="while syncing ConfigMap \"kube-system/kube-apiserver-legacy-service-account-token-tracking\", err: namespaces \"kube-system\" not found" logger="UnhandledError"
2025-01-29 13:23:23,384 INFO c.h.h.t.OperatorHelmChartContainer - [K3S] [controller.go:95] Unable to perform initial Kubernetes service initialization: namespaces "default" not found
2025-01-29 13:23:23,468 INFO c.h.h.t.OperatorHelmChartContainer - [K3S] [INFO] Module overlay was already loaded
2025-01-29 13:23:23,468 INFO c.h.h.t.OperatorHelmChartContainer - [K3S] [INFO] Module nf_conntrack was already loaded
2025-01-29 13:23:23,468 INFO c.h.h.t.OperatorHelmChartContainer - [K3S] [INFO] Module br_netfilter was already loaded
2025-01-29 13:23:23,473 INFO c.h.h.t.OperatorHelmChartContainer - [K3S] [INFO] Set sysctl 'net/netfilter/nf_conntrack_tcp_timeout_established' to 86400
2025-01-29 13:23:23,474 INFO c.h.h.t.OperatorHelmChartContainer - [K3S] [INFO] Set sysctl 'net/netfilter/nf_conntrack_tcp_timeout_close_wait' to 3600
2025-01-29 13:23:23,474 INFO c.h.h.t.OperatorHelmChartContainer - [K3S] [INFO] Set sysctl 'net/netfilter/nf_conntrack_max' to 131072
2025-01-29 13:23:23,475 INFO c.h.h.t.OperatorHelmChartContainer - [K3S] [INFO] Logging containerd to /var/lib/rancher/k3s/agent/containerd/containerd.log
2025-01-29 13:23:23,476 INFO c.h.h.t.OperatorHelmChartContainer - [K3S] [INFO] Running containerd -c /var/lib/rancher/k3s/agent/etc/containerd/config.toml -a /run/k3s/containerd/containerd.sock --state /run/k3s/containerd --root /var/lib/rancher/k3s/agent/containerd
2025-01-29 13:23:24,232 INFO c.h.h.t.OperatorHelmChartContainer - [K3S] [storage_scheduling.go:95] created PriorityClass system-node-critical with value 2000001000
2025-01-29 13:23:24,235 INFO c.h.h.t.OperatorHelmChartContainer - [K3S] [storage_scheduling.go:95] created PriorityClass system-cluster-critical with value 2000000000
2025-01-29 13:23:24,235 INFO c.h.h.t.OperatorHelmChartContainer - [K3S] [storage_scheduling.go:111] all system priority classes are created successfully or already exist.
2025-01-29 13:23:24,479 INFO c.h.h.t.OperatorHelmChartContainer - [K3S] [INFO] containerd is now running
2025-01-29 13:23:24,486 INFO c.h.h.t.OperatorHelmChartContainer - [K3S] [INFO] Connecting to proxy" url="wss://127.0.0.1:6443/v1-k3s/connect
2025-01-29 13:23:24,486 INFO c.h.h.t.OperatorHelmChartContainer - [K3S] [INFO] Creating k3s-cert-monitor event broadcaster
2025-01-29 13:23:24,487 INFO c.h.h.t.OperatorHelmChartContainer - [K3S] [INFO] Running kubelet --cloud-provider=external --config-dir=/var/lib/rancher/k3s/agent/etc/kubelet.conf.d --containerd=/run/k3s/containerd/containerd.sock --hostname-override=5ff634019715 --kubeconfig=/var/lib/rancher/k3s/agent/kubelet.kubeconfig --node-ip=172.17.0.3 --node-labels=
2025-01-29 13:23:24,487 INFO c.h.h.t.OperatorHelmChartContainer - [K3S] [INFO] Handling backend connection request [5ff634019715]
2025-01-29 13:23:24,487 INFO c.h.h.t.OperatorHelmChartContainer - [K3S] [INFO] Remotedialer connected to proxy" url="wss://127.0.0.1:6443/v1-k3s/connect
2025-01-29 13:23:24,590 INFO c.h.h.t.OperatorHelmChartContainer - [K3S] [alloc.go:330] "allocated clusterIPs" service="default/kubernetes" clusterIPs={"IPv4":"10.43.0.1"}
2025-01-29 13:23:24,594 INFO c.h.h.t.OperatorHelmChartContainer - [K3S] [lease.go:265] Resetting endpoints for master service "kubernetes" to [172.17.0.3]
2025-01-29 13:23:24,597 INFO c.h.h.t.OperatorHelmChartContainer - [K3S] [ERROR] Sending HTTP/1.1 503 response to 127.0.0.1:32780: runtime core not ready
2025-01-29 13:23:24,689 INFO c.h.h.t.OperatorHelmChartContainer - [K3S] [INFO] Running kube-proxy --cluster-cidr=10.42.0.0/16 --conntrack-max-per-core=0 --conntrack-tcp-timeout-close-wait=0s --conntrack-tcp-timeout-established=0s --healthz-bind-address=127.0.0.1 --hostname-override=5ff634019715 --kubeconfig=/var/lib/rancher/k3s/agent/kubeproxy.kubeconfig --proxy-mode=iptables
2025-01-29 13:23:24,724 INFO c.h.h.t.OperatorHelmChartContainer - [K3S] [server.go:687] "Failed to retrieve node info" err="nodes \"5ff634019715\" not found"
2025-01-29 13:23:25,344 INFO c.h.h.t.OperatorHelmChartContainer - [K3S] [INFO] Waiting for untainted node
2025-01-29 13:23:25,345 INFO c.h.h.t.OperatorHelmChartContainer - [K3S] [INFO] Waiting for cloud-controller-manager privileges to become available
2025-01-29 13:23:25,345 INFO c.h.h.t.OperatorHelmChartContainer - [K3S] [INFO] Creating k3s-supervisor event broadcaster
2025-01-29 13:23:25,345 INFO c.h.h.t.OperatorHelmChartContainer - [K3S] [INFO] Kube API server is now running
2025-01-29 13:23:25,345 INFO c.h.h.t.OperatorHelmChartContainer - [K3S] [INFO] ETCD server is now running
2025-01-29 13:23:25,345 INFO c.h.h.t.OperatorHelmChartContainer - [K3S] [INFO] k3s is up and running
2025-01-29 13:23:25,352 INFO c.h.h.t.OperatorHelmChartContainer - [K3S] [INFO] Applying CRD addons.k3s.cattle.io
2025-01-29 13:23:25,360 INFO c.h.h.t.OperatorHelmChartContainer - [K3S] [INFO] Applying CRD etcdsnapshotfiles.k3s.cattle.io
2025-01-29 13:23:25,369 INFO c.h.h.t.OperatorHelmChartContainer - [K3S] [INFO] Applying CRD helmcharts.helm.cattle.io
2025-01-29 13:23:25,381 INFO c.h.h.t.OperatorHelmChartContainer - [K3S] [INFO] Applying CRD helmchartconfigs.helm.cattle.io
2025-01-29 13:23:25,393 INFO c.h.h.t.OperatorHelmChartContainer - [K3S] [INFO] Waiting for CRD helmchartconfigs.helm.cattle.io to become available
2025-01-29 13:23:25,490 INFO c.h.h.t.OperatorHelmChartContainer - [K3S] Flag --containerd has been deprecated, This is a cadvisor flag that was mistakenly registered with the Kubelet. Due to legacy concerns, it will follow the standard CLI deprecation timeline before being removed.
2025-01-29 13:23:25,493 INFO c.h.h.t.OperatorHelmChartContainer - [K3S] [server.go:515] "Kubelet version" kubeletVersion="v1.32.1+k3s1"
2025-01-29 13:23:25,493 INFO c.h.h.t.OperatorHelmChartContainer - [K3S] [server.go:517] "Golang settings" GOGC="" GOMAXPROCS="" GOTRACEBACK=""
2025-01-29 13:23:25,495 INFO c.h.h.t.OperatorHelmChartContainer - [K3S] [dynamic_cafile_content.go:161] "Starting controller" name="client-ca-bundle::/var/lib/rancher/k3s/agent/client-ca.crt"
2025-01-29 13:23:25,497 INFO c.h.h.t.OperatorHelmChartContainer - [K3S] [log.go:32] "RuntimeConfig from runtime service failed" err="rpc error: code = Unimplemented desc = method RuntimeConfig not implemented"
2025-01-29 13:23:25,497 INFO c.h.h.t.OperatorHelmChartContainer - [K3S] [server.go:1416] "CRI implementation should be updated to support RuntimeConfig when KubeletCgroupDriverFromCRI feature gate has been enabled. Falling back to using cgroupDriver from kubelet config."
2025-01-29 13:23:25,500 INFO c.h.h.t.OperatorHelmChartContainer - [K3S] [info.go:53] Couldn't collect info from any of the files in "/etc/machine-id,/var/lib/dbus/machine-id"
2025-01-29 13:23:25,500 INFO c.h.h.t.OperatorHelmChartContainer - [K3S] [server.go:767] "--cgroups-per-qos enabled, but --cgroup-root was not specified.  defaulting to /"
2025-01-29 13:23:25,500 INFO c.h.h.t.OperatorHelmChartContainer - [K3S] [server.go:836] "NoSwap is set due to memorySwapBehavior not specified" memorySwapBehavior="" FailSwapOn=false
2025-01-29 13:23:25,501 INFO c.h.h.t.OperatorHelmChartContainer - [K3S] [swap_util.go:115] "Swap is on" /proc/swaps contents=<
2025-01-29 13:23:25,501 INFO c.h.h.t.OperatorHelmChartContainer - [K3S] 	Filename				Type		Size		Used		Priority
2025-01-29 13:23:25,501 INFO c.h.h.t.OperatorHelmChartContainer - [K3S] 	/mnt/swapfile                           file		4194300		12		-2
2025-01-29 13:23:25,501 INFO c.h.h.t.OperatorHelmChartContainer - [K3S]  >
2025-01-29 13:23:25,501 INFO c.h.h.t.OperatorHelmChartContainer - [K3S] [container_manager_linux.go:268] "Container manager verified user specified cgroup-root exists" cgroupRoot=[]
2025-01-29 13:23:25,501 INFO c.h.h.t.OperatorHelmChartContainer - [K3S] [container_manager_linux.go:273] "Creating Container Manager object based on Node Config" nodeConfig={"NodeName":"5ff634019715","RuntimeCgroupsName":"","SystemCgroupsName":"","KubeletCgroupsName":"/k3s","KubeletOOMScoreAdj":-999,"ContainerRuntime":"","CgroupsPerQOS":true,"CgroupRoot":"/","CgroupDriver":"cgroupfs","KubeletRootDir":"/var/lib/kubelet","ProtectKernelDefaults":false,"KubeReservedCgroupName":"","SystemReservedCgroupName":"","ReservedSystemCPUs":{},"EnforceNodeAllocatable":{"pods":{}},"KubeReserved":null,"SystemReserved":null,"HardEvictionThresholds":[{"Signal":"imagefs.available","Operator":"LessThan","Value":{"Quantity":null,"Percentage":0.05},"GracePeriod":0,"MinReclaim":null},{"Signal":"nodefs.available","Operator":"LessThan","Value":{"Quantity":null,"Percentage":0.05},"GracePeriod":0,"MinReclaim":null}],"QOSReserved":{},"CPUManagerPolicy":"none","CPUManagerPolicyOptions":null,"TopologyManagerScope":"container","CPUManagerReconcilePeriod":10000000000,"ExperimentalMemoryManagerPolicy":"None","ExperimentalMemoryManagerReservedMemory":null,"PodPidsLimit":-1,"EnforceCPULimits":true,"CPUCFSQuotaPeriod":100000000,"TopologyManagerPolicy":"none","TopologyManagerPolicyOptions":null,"CgroupVersion":2}
2025-01-29 13:23:25,501 INFO c.h.h.t.OperatorHelmChartContainer - [K3S] [topology_manager.go:138] "Creating topology manager with none policy"
2025-01-29 13:23:25,501 INFO c.h.h.t.OperatorHelmChartContainer - [K3S] [container_manager_linux.go:304] "Creating device plugin manager"
2025-01-29 13:23:25,501 INFO c.h.h.t.OperatorHelmChartContainer - [K3S] [state_mem.go:36] "Initialized new in-memory state store"
2025-01-29 13:23:25,501 INFO c.h.h.t.OperatorHelmChartContainer - [K3S] [kubelet.go:446] "Attempting to sync node with API server"
2025-01-29 13:23:25,501 INFO c.h.h.t.OperatorHelmChartContainer - [K3S] [kubelet.go:341] "Adding static pod path" path="/var/lib/rancher/k3s/agent/pod-manifests"
2025-01-29 13:23:25,501 INFO c.h.h.t.OperatorHelmChartContainer - [K3S] [kubelet.go:352] "Adding apiserver pod source"
2025-01-29 13:23:25,501 INFO c.h.h.t.OperatorHelmChartContainer - [K3S] [apiserver.go:42] "Waiting for node sync before watching apiserver pods"
2025-01-29 13:23:25,503 INFO c.h.h.t.OperatorHelmChartContainer - [K3S] [kuberuntime_manager.go:269] "Container runtime initialized" containerRuntime="containerd" version="v1.7.23-k3s2" apiVersion="v1"
2025-01-29 13:23:25,505 INFO c.h.h.t.OperatorHelmChartContainer - [K3S] [kubelet.go:890] "Not starting ClusterTrustBundle informer because we are in static kubelet mode"
2025-01-29 13:23:25,505 INFO c.h.h.t.OperatorHelmChartContainer - [K3S] [probe.go:272] Flexvolume plugin directory at /usr/libexec/kubernetes/kubelet-plugins/volume/exec/ does not exist. Recreating.
2025-01-29 13:23:25,506 INFO c.h.h.t.OperatorHelmChartContainer - [K3S] [watchdog_linux.go:99] "Systemd watchdog is not enabled"
2025-01-29 13:23:25,506 INFO c.h.h.t.OperatorHelmChartContainer - [K3S] [server.go:1282] "Started kubelet"
2025-01-29 13:23:25,506 INFO c.h.h.t.OperatorHelmChartContainer - [K3S] [server.go:169] "Starting to listen" address="0.0.0.0" port=10250
2025-01-29 13:23:25,506 INFO c.h.h.t.OperatorHelmChartContainer - [K3S] [server.go:490] "Adding debug handlers to kubelet server"
2025-01-29 13:23:25,506 INFO c.h.h.t.OperatorHelmChartContainer - [K3S] [fs_resource_analyzer.go:67] "Starting FS ResourceAnalyzer"
2025-01-29 13:23:25,507 INFO c.h.h.t.OperatorHelmChartContainer - [K3S] [server.go:208] "Starting to listen read-only" address="0.0.0.0" port=10255
2025-01-29 13:23:25,507 INFO c.h.h.t.OperatorHelmChartContainer - [K3S] [ratelimit.go:55] "Setting rate limiting for endpoint" service="podresources" qps=100 burstTokens=10
2025-01-29 13:23:25,507 INFO c.h.h.t.OperatorHelmChartContainer - [K3S] [server.go:243] "Starting to serve the podresources API" endpoint="unix:/var/lib/kubelet/pod-resources/kubelet.sock"
2025-01-29 13:23:25,507 INFO c.h.h.t.OperatorHelmChartContainer - [K3S] [dynamic_serving_content.go:135] "Starting controller" name="kubelet-server-cert-files::/var/lib/rancher/k3s/agent/serving-kubelet.crt::/var/lib/rancher/k3s/agent/serving-kubelet.key"
2025-01-29 13:23:25,510 INFO c.h.h.t.OperatorHelmChartContainer - [K3S] [volume_manager.go:297] "Starting Kubelet Volume Manager"
2025-01-29 13:23:25,510 INFO c.h.h.t.OperatorHelmChartContainer - [K3S] [kubelet_node_status.go:467] "Error getting the current node from lister" err="node \"5ff634019715\" not found"
2025-01-29 13:23:25,513 INFO c.h.h.t.OperatorHelmChartContainer - [K3S] [desired_state_of_world_populator.go:149] "Desired state populator starts to run"
2025-01-29 13:23:25,514 INFO c.h.h.t.OperatorHelmChartContainer - [K3S] [reconciler.go:26] "Reconciler: start to sync state"
2025-01-29 13:23:25,514 INFO c.h.h.t.OperatorHelmChartContainer - [K3S] [factory.go:219] Registration of the crio container factory failed: Get "http://%2Fvar%2Frun%2Fcrio%2Fcrio.sock/info": dial unix /var/run/crio/crio.sock: connect: no such file or directory
2025-01-29 13:23:25,515 INFO c.h.h.t.OperatorHelmChartContainer - [K3S] [kubelet.go:1561] "Image garbage collection failed once. Stats initialization may not have completed yet" err="invalid capacity 0 on image filesystem"
2025-01-29 13:23:25,517 INFO c.h.h.t.OperatorHelmChartContainer - [K3S] [nodelease.go:49] "Failed to get node when trying to set owner ref to the node lease" err="nodes \"5ff634019715\" not found" node="5ff634019715"
2025-01-29 13:23:25,518 INFO c.h.h.t.OperatorHelmChartContainer - [K3S] [factory.go:221] Registration of the containerd container factory successfully
2025-01-29 13:23:25,518 INFO c.h.h.t.OperatorHelmChartContainer - [K3S] [factory.go:221] Registration of the systemd container factory successfully
2025-01-29 13:23:25,519 INFO c.h.h.t.OperatorHelmChartContainer - [K3S] [kubelet_network_linux.go:50] "Initialized iptables rules." protocol="IPv4"
2025-01-29 13:23:25,520 INFO c.h.h.t.OperatorHelmChartContainer - [K3S] [kubelet_network_linux.go:50] "Initialized iptables rules." protocol="IPv6"
2025-01-29 13:23:25,520 INFO c.h.h.t.OperatorHelmChartContainer - [K3S] [status_manager.go:227] "Starting to sync pod status with apiserver"
2025-01-29 13:23:25,520 INFO c.h.h.t.OperatorHelmChartContainer - [K3S] [watchdog_linux.go:127] "Systemd watchdog is not enabled or the interval is invalid, so health checking will not be started."
2025-01-29 13:23:25,520 INFO c.h.h.t.OperatorHelmChartContainer - [K3S] [kubelet.go:2388] "Starting kubelet main sync loop"
2025-01-29 13:23:25,522 INFO c.h.h.t.OperatorHelmChartContainer - [K3S] [kubelet.go:2412] "Skipping pod synchronization" err="[container runtime status check may not have completed yet, PLEG is not healthy: pleg has yet to be successful]"
2025-01-29 13:23:25,536 INFO c.h.h.t.OperatorHelmChartContainer - [K3S] [serving.go:392] Generated self-signed cert in-memory
2025-01-29 13:23:25,558 INFO c.h.h.t.OperatorHelmChartContainer - [K3S] [cpu_manager.go:221] "Starting CPU manager" policy="none"
2025-01-29 13:23:25,558 INFO c.h.h.t.OperatorHelmChartContainer - [K3S] [cpu_manager.go:222] "Reconciling" reconcilePeriod="10s"
2025-01-29 13:23:25,558 INFO c.h.h.t.OperatorHelmChartContainer - [K3S] [state_mem.go:36] "Initialized new in-memory state store"
2025-01-29 13:23:25,559 INFO c.h.h.t.OperatorHelmChartContainer - [K3S] [policy_none.go:49] "None policy: Start"
2025-01-29 13:23:25,559 INFO c.h.h.t.OperatorHelmChartContainer - [K3S] [memory_manager.go:186] "Starting memorymanager" policy="None"
2025-01-29 13:23:25,559 INFO c.h.h.t.OperatorHelmChartContainer - [K3S] [state_mem.go:35] "Initializing new in-memory state store"
2025-01-29 13:23:25,561 INFO c.h.h.t.OperatorHelmChartContainer - [K3S] [manager.go:519] "Failed to read data from checkpoint" checkpoint="kubelet_internal_checkpoint" err="checkpoint is not found"
2025-01-29 13:23:25,561 INFO c.h.h.t.OperatorHelmChartContainer - [K3S] [eviction_manager.go:189] "Eviction manager: starting control loop"
2025-01-29 13:23:25,561 INFO c.h.h.t.OperatorHelmChartContainer - [K3S] [container_log_manager.go:189] "Initializing container log rotate workers" workers=1 monitorPeriod="10s"
2025-01-29 13:23:25,561 INFO c.h.h.t.OperatorHelmChartContainer - [K3S] [plugin_manager.go:118] "Starting Kubelet Plugin Manager"
2025-01-29 13:23:25,562 INFO c.h.h.t.OperatorHelmChartContainer - [K3S] [eviction_manager.go:267] "eviction manager: failed to check if we have separate container filesystem. Ignoring." err="no imagefs label for configured runtime"
2025-01-29 13:23:25,562 INFO c.h.h.t.OperatorHelmChartContainer - [K3S] [eviction_manager.go:292] "Eviction manager: failed to get summary stats" err="failed to get node info: node \"5ff634019715\" not found"
2025-01-29 13:23:25,662 INFO c.h.h.t.OperatorHelmChartContainer - [K3S] [kubelet_node_status.go:76] "Attempting to register node" node="5ff634019715"
2025-01-29 13:23:25,665 INFO c.h.h.t.OperatorHelmChartContainer - [K3S] [kubelet_node_status.go:79] "Successfully registered node" node="5ff634019715"
2025-01-29 13:23:25,667 INFO c.h.h.t.OperatorHelmChartContainer - [K3S] [kubelet_node_status.go:549] "Error updating node status, will retry" err="error getting node \"5ff634019715\": node \"5ff634019715\" not found"
2025-01-29 13:23:25,669 INFO c.h.h.t.OperatorHelmChartContainer - [K3S] [INFO] Annotations and labels have been set successfully on node: 5ff634019715
2025-01-29 13:23:25,670 INFO c.h.h.t.OperatorHelmChartContainer - [K3S] [INFO] Starting flannel with backend vxlan
2025-01-29 13:23:25,740 INFO c.h.h.t.OperatorHelmChartContainer - [K3S] [server.go:698] "Successfully retrieved node IP(s)" IPs=["172.17.0.3"]
2025-01-29 13:23:25,740 INFO c.h.h.t.OperatorHelmChartContainer - [K3S] [server.go:234] "Kube-proxy configuration may be incomplete or incorrect" err="nodePortAddresses is unset; NodePort connections will be accepted on all local IPs. Consider using `--nodeport-addresses primary`"
2025-01-29 13:23:25,743 INFO c.h.h.t.OperatorHelmChartContainer - [K3S] [server.go:243] "kube-proxy running in dual-stack mode" primary ipFamily="IPv4"
2025-01-29 13:23:25,743 INFO c.h.h.t.OperatorHelmChartContainer - [K3S] [server_linux.go:170] "Using iptables Proxier"
2025-01-29 13:23:25,744 INFO c.h.h.t.OperatorHelmChartContainer - [K3S] [proxier.go:255] "Setting route_localnet=1 to allow node-ports on localhost; to change this either disable iptables.localhostNodePorts (--iptables-localhost-nodeports) or set nodePortAddresses (--nodeport-addresses) to filter loopback addresses"
2025-01-29 13:23:25,747 INFO c.h.h.t.OperatorHelmChartContainer - [K3S] [server.go:497] "Version info" version="v1.32.1+k3s1"
2025-01-29 13:23:25,747 INFO c.h.h.t.OperatorHelmChartContainer - [K3S] [server.go:499] "Golang settings" GOGC="" GOMAXPROCS="" GOTRACEBACK=""
2025-01-29 13:23:25,748 INFO c.h.h.t.OperatorHelmChartContainer - [K3S] [config.go:199] "Starting service config controller"
2025-01-29 13:23:25,748 INFO c.h.h.t.OperatorHelmChartContainer - [K3S] [config.go:105] "Starting endpoint slice config controller"
2025-01-29 13:23:25,748 INFO c.h.h.t.OperatorHelmChartContainer - [K3S] [config.go:329] "Starting node config controller"
2025-01-29 13:23:25,874 INFO c.h.h.t.OperatorHelmChartContainer - [K3S] [kubelet_node_status.go:502] "Fast updating node status as it just became ready"
2025-01-29 13:23:25,886 INFO c.h.h.t.OperatorHelmChartContainer - [K3S] [controllermanager.go:185] "Starting" version="v1.32.1+k3s1"
2025-01-29 13:23:25,886 INFO c.h.h.t.OperatorHelmChartContainer - [K3S] [controllermanager.go:187] "Golang settings" GOGC="" GOMAXPROCS="" GOTRACEBACK=""
2025-01-29 13:23:25,888 INFO c.h.h.t.OperatorHelmChartContainer - [K3S] [configmap_cafile_content.go:205] "Starting controller" name="client-ca::kube-system::extension-apiserver-authentication::client-ca-file"
2025-01-29 13:23:25,888 INFO c.h.h.t.OperatorHelmChartContainer - [K3S] [requestheader_controller.go:180] Starting RequestHeaderAuthRequestController
2025-01-29 13:23:25,889 INFO c.h.h.t.OperatorHelmChartContainer - [K3S] [configmap_cafile_content.go:205] "Starting controller" name="client-ca::kube-system::extension-apiserver-authentication::requestheader-client-ca-file"
2025-01-29 13:23:25,889 INFO c.h.h.t.OperatorHelmChartContainer - [K3S] [secure_serving.go:213] Serving securely on 127.0.0.1:10257
2025-01-29 13:23:25,889 INFO c.h.h.t.OperatorHelmChartContainer - [K3S] [tlsconfig.go:243] "Starting DynamicServingCertificateController"
2025-01-29 13:23:25,893 INFO c.h.h.t.OperatorHelmChartContainer - [K3S] [controllermanager.go:765] "Started controller" controller="serviceaccount-token-controller"
2025-01-29 13:23:25,895 INFO c.h.h.t.OperatorHelmChartContainer - [K3S] [INFO] Done waiting for CRD helmchartconfigs.helm.cattle.io to become available
2025-01-29 13:23:25,896 INFO c.h.h.t.OperatorHelmChartContainer - [K3S] [INFO] Writing static file: /var/lib/rancher/k3s/server/static/charts/traefik-27.0.201+up27.0.2.tgz
2025-01-29 13:23:25,897 INFO c.h.h.t.OperatorHelmChartContainer - [K3S] [INFO] Writing static file: /var/lib/rancher/k3s/server/static/charts/traefik-crd-27.0.201+up27.0.2.tgz
2025-01-29 13:23:25,897 INFO c.h.h.t.OperatorHelmChartContainer - [K3S] [INFO] Writing manifest: /var/lib/rancher/k3s/server/manifests/metrics-server/metrics-server-deployment.yaml
2025-01-29 13:23:25,898 INFO c.h.h.t.OperatorHelmChartContainer - [K3S] [INFO] Writing manifest: /var/lib/rancher/k3s/server/manifests/runtimes.yaml
2025-01-29 13:23:25,898 INFO c.h.h.t.OperatorHelmChartContainer - [K3S] [INFO] Writing manifest: /var/lib/rancher/k3s/server/manifests/ccm.yaml
2025-01-29 13:23:25,898 INFO c.h.h.t.OperatorHelmChartContainer - [K3S] [INFO] Writing manifest: /var/lib/rancher/k3s/server/manifests/coredns.yaml
2025-01-29 13:23:25,898 INFO c.h.h.t.OperatorHelmChartContainer - [K3S] [INFO] Writing manifest: /var/lib/rancher/k3s/server/manifests/metrics-server/auth-delegator.yaml
2025-01-29 13:23:25,898 INFO c.h.h.t.OperatorHelmChartContainer - [K3S] [INFO] Writing manifest: /var/lib/rancher/k3s/server/manifests/metrics-server/metrics-apiservice.yaml
2025-01-29 13:23:25,898 INFO c.h.h.t.OperatorHelmChartContainer - [K3S] [INFO] Writing manifest: /var/lib/rancher/k3s/server/manifests/metrics-server/resource-reader.yaml
2025-01-29 13:23:25,900 INFO c.h.h.t.OperatorHelmChartContainer - [K3S] [INFO] Writing manifest: /var/lib/rancher/k3s/server/manifests/rolebindings.yaml
2025-01-29 13:23:25,900 INFO c.h.h.t.OperatorHelmChartContainer - [K3S] [INFO] Writing manifest: /var/lib/rancher/k3s/server/manifests/local-storage.yaml
2025-01-29 13:23:25,901 INFO c.h.h.t.OperatorHelmChartContainer - [K3S] [INFO] Writing manifest: /var/lib/rancher/k3s/server/manifests/metrics-server/aggregated-metrics-reader.yaml
2025-01-29 13:23:25,901 INFO c.h.h.t.OperatorHelmChartContainer - [K3S] [INFO] Writing manifest: /var/lib/rancher/k3s/server/manifests/metrics-server/auth-reader.yaml
2025-01-29 13:23:25,901 INFO c.h.h.t.OperatorHelmChartContainer - [K3S] [INFO] Writing manifest: /var/lib/rancher/k3s/server/manifests/metrics-server/metrics-server-service.yaml
2025-01-29 13:23:25,906 INFO c.h.h.t.OperatorHelmChartContainer - [K3S] [INFO] Tunnel server egress proxy mode: agent
2025-01-29 13:23:25,906 INFO c.h.h.t.OperatorHelmChartContainer - [K3S] [INFO] Starting dynamiclistener CN filter node controller with SANs: [localhost 127.0.0.1 ::1 localhost 5ff634019715 172.17.0.3 10.43.0.1 kubernetes kubernetes.default kubernetes.default.svc kubernetes.default.svc.cluster.local]
2025-01-29 13:23:25,906 INFO c.h.h.t.OperatorHelmChartContainer - [K3S] [controllermanager.go:765] "Started controller" controller="persistentvolume-binder-controller"
2025-01-29 13:23:25,906 INFO c.h.h.t.OperatorHelmChartContainer - [K3S] [pv_controller_base.go:308] "Starting persistent volume controller"
2025-01-29 13:23:25,909 INFO c.h.h.t.OperatorHelmChartContainer - [K3S] [controllermanager.go:765] "Started controller" controller="endpointslice-controller"
2025-01-29 13:23:25,910 INFO c.h.h.t.OperatorHelmChartContainer - [K3S] [endpointslice_controller.go:281] "Starting endpoint slice controller"
2025-01-29 13:23:25,917 INFO c.h.h.t.OperatorHelmChartContainer - [K3S] [controllermanager.go:765] "Started controller" controller="replicationcontroller-controller"
2025-01-29 13:23:25,917 INFO c.h.h.t.OperatorHelmChartContainer - [K3S] [replica_set.go:217] "Starting controller" name="replicationcontroller"
2025-01-29 13:23:25,934 INFO c.h.h.t.OperatorHelmChartContainer - [K3S] [controllermanager.go:765] "Started controller" controller="namespace-controller"
2025-01-29 13:23:25,934 INFO c.h.h.t.OperatorHelmChartContainer - [K3S] [namespace_controller.go:202] "Starting namespace controller"
2025-01-29 13:23:25,945 INFO c.h.h.t.OperatorHelmChartContainer - [K3S] [graph_builder.go:351] "Running" component="GraphBuilder"
2025-01-29 13:23:25,945 INFO c.h.h.t.OperatorHelmChartContainer - [K3S] [controllermanager.go:765] "Started controller" controller="garbage-collector-controller"
2025-01-29 13:23:25,951 INFO c.h.h.t.OperatorHelmChartContainer - [K3S] [controllermanager.go:765] "Started controller" controller="job-controller"
2025-01-29 13:23:25,951 INFO c.h.h.t.OperatorHelmChartContainer - [K3S] [job_controller.go:243] "Starting job controller"
2025-01-29 13:23:25,956 INFO c.h.h.t.OperatorHelmChartContainer - [K3S] [controllermanager.go:765] "Started controller" controller="statefulset-controller"
2025-01-29 13:23:25,956 INFO c.h.h.t.OperatorHelmChartContainer - [K3S] [controllermanager.go:723] "Skipping a cloud provider controller" controller="service-lb-controller"
2025-01-29 13:23:25,956 INFO c.h.h.t.OperatorHelmChartContainer - [K3S] [stateful_set.go:166] "Starting stateful set controller"
2025-01-29 13:23:26,008 INFO c.h.h.t.OperatorHelmChartContainer - [K3S] [INFO] Starting k3s.cattle.io/v1, Kind=Addon controller
2025-01-29 13:23:26,008 INFO c.h.h.t.OperatorHelmChartContainer - [K3S] [INFO] Creating deploy event broadcaster
2025-01-29 13:23:26,045 INFO c.h.h.t.OperatorHelmChartContainer - [K3S] [controllermanager.go:765] "Started controller" controller="horizontal-pod-autoscaler-controller"
2025-01-29 13:23:26,045 INFO c.h.h.t.OperatorHelmChartContainer - [K3S] [horizontal.go:201] "Starting HPA controller"
2025-01-29 13:23:26,110 INFO c.h.h.t.OperatorHelmChartContainer - [K3S] [INFO] Starting /v1, Kind=Node controller
2025-01-29 13:23:26,112 INFO c.h.h.t.OperatorHelmChartContainer - [K3S] [INFO] Creating helm-controller event broadcaster
2025-01-29 13:23:26,124 INFO c.h.h.t.OperatorHelmChartContainer - [K3S] [INFO] Labels and annotations have been set successfully on node: 5ff634019715
2025-01-29 13:23:26,127 INFO c.h.h.t.OperatorHelmChartContainer - [K3S] [INFO] Cluster dns configmap has been set successfully
2025-01-29 13:23:26,177 INFO c.h.h.t.OperatorHelmChartContainer - [K3S] [INFO] Starting /v1, Kind=ConfigMap controller
2025-01-29 13:23:26,177 INFO c.h.h.t.OperatorHelmChartContainer - [K3S] [INFO] Starting /v1, Kind=ServiceAccount controller
2025-01-29 13:23:26,177 INFO c.h.h.t.OperatorHelmChartContainer - [K3S] [INFO] Starting /v1, Kind=Secret controller
2025-01-29 13:23:26,182 INFO c.h.h.t.OperatorHelmChartContainer - [K3S] [INFO] Updating TLS secret for kube-system/k3s-serving (count: 10): map[listener.cattle.io/cn-10.43.0.1:10.43.0.1 listener.cattle.io/cn-127.0.0.1:127.0.0.1 listener.cattle.io/cn-172.17.0.3:172.17.0.3 listener.cattle.io/cn-5ff634019715:5ff634019715 listener.cattle.io/cn-__1-f16284:::1 listener.cattle.io/cn-kubernetes:kubernetes listener.cattle.io/cn-kubernetes.default:kubernetes.default listener.cattle.io/cn-kubernetes.default.svc:kubernetes.default.svc listener.cattle.io/cn-kubernetes.default.svc.cluster.local:kubernetes.default.svc.cluster.local listener.cattle.io/cn-localhost:localhost listener.cattle.io/fingerprint:SHA1=99BEC2D41EDBFB0C57C6C646AD8044B1665CE8A9]
2025-01-29 13:23:26,185 INFO c.h.h.t.OperatorHelmChartContainer - [K3S] [INFO] Active TLS secret kube-system/k3s-serving (ver=238) (count 10): map[listener.cattle.io/cn-10.43.0.1:10.43.0.1 listener.cattle.io/cn-127.0.0.1:127.0.0.1 listener.cattle.io/cn-172.17.0.3:172.17.0.3 listener.cattle.io/cn-5ff634019715:5ff634019715 listener.cattle.io/cn-__1-f16284:::1 listener.cattle.io/cn-kubernetes:kubernetes listener.cattle.io/cn-kubernetes.default:kubernetes.default listener.cattle.io/cn-kubernetes.default.svc:kubernetes.default.svc listener.cattle.io/cn-kubernetes.default.svc.cluster.local:kubernetes.default.svc.cluster.local listener.cattle.io/cn-localhost:localhost listener.cattle.io/fingerprint:SHA1=99BEC2D41EDBFB0C57C6C646AD8044B1665CE8A9]
2025-01-29 13:23:26,196 INFO c.h.h.t.OperatorHelmChartContainer - [K3S] [certificate_controller.go:120] "Starting certificate controller" name="csrsigning-kubelet-serving"
2025-01-29 13:23:26,196 INFO c.h.h.t.OperatorHelmChartContainer - [K3S] [dynamic_serving_content.go:135] "Starting controller" name="csr-controller::/var/lib/rancher/k3s/server/tls/server-ca.nochain.crt::/var/lib/rancher/k3s/server/tls/server-ca.key"
2025-01-29 13:23:26,196 INFO c.h.h.t.OperatorHelmChartContainer - [K3S] [certificate_controller.go:120] "Starting certificate controller" name="csrsigning-kubelet-client"
2025-01-29 13:23:26,196 INFO c.h.h.t.OperatorHelmChartContainer - [K3S] [dynamic_serving_content.go:135] "Starting controller" name="csr-controller::/var/lib/rancher/k3s/server/tls/client-ca.nochain.crt::/var/lib/rancher/k3s/server/tls/client-ca.key"
2025-01-29 13:23:26,196 INFO c.h.h.t.OperatorHelmChartContainer - [K3S] [certificate_controller.go:120] "Starting certificate controller" name="csrsigning-kube-apiserver-client"
2025-01-29 13:23:26,196 INFO c.h.h.t.OperatorHelmChartContainer - [K3S] [dynamic_serving_content.go:135] "Starting controller" name="csr-controller::/var/lib/rancher/k3s/server/tls/client-ca.nochain.crt::/var/lib/rancher/k3s/server/tls/client-ca.key"
2025-01-29 13:23:26,196 INFO c.h.h.t.OperatorHelmChartContainer - [K3S] [controllermanager.go:765] "Started controller" controller="certificatesigningrequest-signing-controller"
2025-01-29 13:23:26,196 INFO c.h.h.t.OperatorHelmChartContainer - [K3S] [controllermanager.go:723] "Skipping a cloud provider controller" controller="cloud-node-lifecycle-controller"
2025-01-29 13:23:26,196 INFO c.h.h.t.OperatorHelmChartContainer - [K3S] [certificate_controller.go:120] "Starting certificate controller" name="csrsigning-legacy-unknown"
2025-01-29 13:23:26,196 INFO c.h.h.t.OperatorHelmChartContainer - [K3S] [dynamic_serving_content.go:135] "Starting controller" name="csr-controller::/var/lib/rancher/k3s/server/tls/server-ca.nochain.crt::/var/lib/rancher/k3s/server/tls/server-ca.key"
2025-01-29 13:23:26,220 INFO c.h.h.t.OperatorHelmChartContainer - [K3S] [INFO] Starting helm.cattle.io/v1, Kind=HelmChart controller
2025-01-29 13:23:26,220 INFO c.h.h.t.OperatorHelmChartContainer - [K3S] [INFO] Starting helm.cattle.io/v1, Kind=HelmChartConfig controller
2025-01-29 13:23:26,223 INFO c.h.h.t.OperatorHelmChartContainer - [K3S] [INFO] Starting rbac.authorization.k8s.io/v1, Kind=ClusterRoleBinding controller
2025-01-29 13:23:26,225 INFO c.h.h.t.OperatorHelmChartContainer - [K3S] [INFO] Starting batch/v1, Kind=Job controller
2025-01-29 13:23:26,279 INFO c.h.h.t.OperatorHelmChartContainer - [K3S] [INFO] Updating TLS secret for kube-system/k3s-serving (count: 10): map[listener.cattle.io/cn-10.43.0.1:10.43.0.1 listener.cattle.io/cn-127.0.0.1:127.0.0.1 listener.cattle.io/cn-172.17.0.3:172.17.0.3 listener.cattle.io/cn-5ff634019715:5ff634019715 listener.cattle.io/cn-__1-f16284:::1 listener.cattle.io/cn-kubernetes:kubernetes listener.cattle.io/cn-kubernetes.default:kubernetes.default listener.cattle.io/cn-kubernetes.default.svc:kubernetes.default.svc listener.cattle.io/cn-kubernetes.default.svc.cluster.local:kubernetes.default.svc.cluster.local listener.cattle.io/cn-localhost:localhost listener.cattle.io/fingerprint:SHA1=99BEC2D41EDBFB0C57C6C646AD8044B1665CE8A9]
2025-01-29 13:23:26,347 INFO c.h.h.t.OperatorHelmChartContainer - [K3S] [controllermanager.go:765] "Started controller" controller="ttl-after-finished-controller"
2025-01-29 13:23:26,347 INFO c.h.h.t.OperatorHelmChartContainer - [K3S] [ttlafterfinished_controller.go:112] "Starting TTL after finished controller"
2025-01-29 13:23:26,496 INFO c.h.h.t.OperatorHelmChartContainer - [K3S] [controllermanager.go:765] "Started controller" controller="legacy-serviceaccount-token-cleaner-controller"
2025-01-29 13:23:26,496 INFO c.h.h.t.OperatorHelmChartContainer - [K3S] [legacy_serviceaccount_token_cleaner.go:103] "Starting legacy service account token cleaner controller"
2025-01-29 13:23:26,502 INFO c.h.h.t.OperatorHelmChartContainer - [K3S] [apiserver.go:52] "Watching apiserver"
2025-01-29 13:23:26,513 INFO c.h.h.t.OperatorHelmChartContainer - [K3S] [desired_state_of_world_populator.go:157] "Finished populating initial desired state of world"
2025-01-29 13:23:26,651 INFO c.h.h.t.OperatorHelmChartContainer - [K3S] [controllermanager.go:765] "Started controller" controller="daemonset-controller"
2025-01-29 13:23:26,651 INFO c.h.h.t.OperatorHelmChartContainer - [K3S] [daemon_controller.go:294] "Starting daemon sets controller"
2025-01-29 13:23:26,846 INFO c.h.h.t.OperatorHelmChartContainer - [K3S] [controllermanager.go:765] "Started controller" controller="disruption-controller"
2025-01-29 13:23:26,846 INFO c.h.h.t.OperatorHelmChartContainer - [K3S] [disruption.go:452] "Sending events to api server."
2025-01-29 13:23:26,846 INFO c.h.h.t.OperatorHelmChartContainer - [K3S] [disruption.go:463] "Starting disruption controller"
2025-01-29 13:23:26,895 INFO c.h.h.t.OperatorHelmChartContainer - [K3S] [controllermanager.go:765] "Started controller" controller="certificatesigningrequest-approving-controller"
2025-01-29 13:23:26,896 INFO c.h.h.t.OperatorHelmChartContainer - [K3S] [controllermanager.go:717] "Controller is disabled by a feature gate" controller="volumeattributesclass-protection-controller" requiredFeatureGates=["VolumeAttributesClass"]
2025-01-29 13:23:26,896 INFO c.h.h.t.OperatorHelmChartContainer - [K3S] [controllermanager.go:743] "Warning: skipping controller" controller="storage-version-migrator-controller"
2025-01-29 13:23:26,896 INFO c.h.h.t.OperatorHelmChartContainer - [K3S] [certificate_controller.go:120] "Starting certificate controller" name="csrapproving"
2025-01-29 13:23:27,046 INFO c.h.h.t.OperatorHelmChartContainer - [K3S] [controllermanager.go:765] "Started controller" controller="cronjob-controller"
2025-01-29 13:23:27,046 INFO c.h.h.t.OperatorHelmChartContainer - [K3S] [cronjob_controllerv2.go:145] "Starting cronjob controller v2"
2025-01-29 13:23:27,300 INFO c.h.h.t.OperatorHelmChartContainer - [K3S] [range_allocator.go:112] "No Secondary Service CIDR provided. Skipping filtering out secondary service addresses"
2025-01-29 13:23:27,300 INFO c.h.h.t.OperatorHelmChartContainer - [K3S] [controllermanager.go:765] "Started controller" controller="node-ipam-controller"
2025-01-29 13:23:27,300 INFO c.h.h.t.OperatorHelmChartContainer - [K3S] [node_ipam_controller.go:141] "Starting ipam controller"
2025-01-29 13:23:27,447 INFO c.h.h.t.OperatorHelmChartContainer - [K3S] [controllermanager.go:765] "Started controller" controller="persistentvolumeclaim-protection-controller"
2025-01-29 13:23:27,447 INFO c.h.h.t.OperatorHelmChartContainer - [K3S] [pvc_protection_controller.go:168] "Starting PVC protection controller"
2025-01-29 13:23:27,596 INFO c.h.h.t.OperatorHelmChartContainer - [K3S] [controllermanager.go:765] "Started controller" controller="root-ca-certificate-publisher-controller"
2025-01-29 13:23:27,596 INFO c.h.h.t.OperatorHelmChartContainer - [K3S] [publisher.go:107] "Starting root CA cert publisher controller"
2025-01-29 13:23:27,746 INFO c.h.h.t.OperatorHelmChartContainer - [K3S] [controllermanager.go:765] "Started controller" controller="ephemeral-volume-controller"
2025-01-29 13:23:27,746 INFO c.h.h.t.OperatorHelmChartContainer - [K3S] [controller.go:173] "Starting ephemeral volume controller"
2025-01-29 13:23:27,896 INFO c.h.h.t.OperatorHelmChartContainer - [K3S] [controllermanager.go:765] "Started controller" controller="pod-garbage-collector-controller"
2025-01-29 13:23:27,896 INFO c.h.h.t.OperatorHelmChartContainer - [K3S] [gc_controller.go:99] "Starting GC controller"
2025-01-29 13:23:27,996 INFO c.h.h.t.OperatorHelmChartContainer - [K3S] [event.go:389] "Event occurred" object="5ff634019715" fieldPath="" kind="Node" apiVersion="" type="Normal" reason="NodePasswordValidationComplete" message="Deferred node password secret validation complete"
2025-01-29 13:23:28,012 INFO c.h.h.t.OperatorHelmChartContainer - [K3S] [event.go:389] "Event occurred" object="kube-system/ccm" fieldPath="" kind="Addon" apiVersion="k3s.cattle.io/v1" type="Normal" reason="ApplyingManifest" message="Applying manifest at \"/var/lib/rancher/k3s/server/manifests/ccm.yaml\""
2025-01-29 13:23:28,030 INFO c.h.h.t.OperatorHelmChartContainer - [K3S] [event.go:389] "Event occurred" object="kube-system/ccm" fieldPath="" kind="Addon" apiVersion="k3s.cattle.io/v1" type="Normal" reason="AppliedManifest" message="Applied manifest at \"/var/lib/rancher/k3s/server/manifests/ccm.yaml\""
2025-01-29 13:23:28,038 INFO c.h.h.t.OperatorHelmChartContainer - [K3S] [event.go:389] "Event occurred" object="kube-system/coredns" fieldPath="" kind="Addon" apiVersion="k3s.cattle.io/v1" type="Normal" reason="ApplyingManifest" message="Applying manifest at \"/var/lib/rancher/k3s/server/manifests/coredns.yaml\""
2025-01-29 13:23:28,045 INFO c.h.h.t.OperatorHelmChartContainer - [K3S] [controllermanager.go:765] "Started controller" controller="deployment-controller"
2025-01-29 13:23:28,045 INFO c.h.h.t.OperatorHelmChartContainer - [K3S] [deployment_controller.go:173] "Starting controller" controller="deployment"
2025-01-29 13:23:28,143 INFO c.h.h.t.OperatorHelmChartContainer - [K3S] [alloc.go:330] "allocated clusterIPs" service="kube-system/kube-dns" clusterIPs={"IPv4":"10.43.0.10"}
2025-01-29 13:23:28,144 INFO c.h.h.t.OperatorHelmChartContainer - [K3S] [event.go:389] "Event occurred" object="kube-system/coredns" fieldPath="" kind="Addon" apiVersion="k3s.cattle.io/v1" type="Normal" reason="AppliedManifest" message="Applied manifest at \"/var/lib/rancher/k3s/server/manifests/coredns.yaml\""
2025-01-29 13:23:28,150 INFO c.h.h.t.OperatorHelmChartContainer - [K3S] [event.go:389] "Event occurred" object="kube-system/local-storage" fieldPath="" kind="Addon" apiVersion="k3s.cattle.io/v1" type="Normal" reason="ApplyingManifest" message="Applying manifest at \"/var/lib/rancher/k3s/server/manifests/local-storage.yaml\""
2025-01-29 13:23:28,196 INFO c.h.h.t.OperatorHelmChartContainer - [K3S] [controllermanager.go:765] "Started controller" controller="replicaset-controller"
2025-01-29 13:23:28,196 INFO c.h.h.t.OperatorHelmChartContainer - [K3S] [replica_set.go:217] "Starting controller" name="replicaset"
2025-01-29 13:23:28,245 INFO c.h.h.t.OperatorHelmChartContainer - [K3S] [node_lifecycle_controller.go:432] "Controller will reconcile labels"
2025-01-29 13:23:28,245 INFO c.h.h.t.OperatorHelmChartContainer - [K3S] [controllermanager.go:765] "Started controller" controller="node-lifecycle-controller"
2025-01-29 13:23:28,245 INFO c.h.h.t.OperatorHelmChartContainer - [K3S] [controllermanager.go:723] "Skipping a cloud provider controller" controller="node-route-controller"
2025-01-29 13:23:28,245 INFO c.h.h.t.OperatorHelmChartContainer - [K3S] [node_lifecycle_controller.go:466] "Sending events to api server"
2025-01-29 13:23:28,246 INFO c.h.h.t.OperatorHelmChartContainer - [K3S] [node_lifecycle_controller.go:477] "Starting node controller"
2025-01-29 13:23:28,246 INFO c.h.h.t.OperatorHelmChartContainer - [K3S] [event.go:389] "Event occurred" object="kube-system/local-storage" fieldPath="" kind="Addon" apiVersion="k3s.cattle.io/v1" type="Normal" reason="AppliedManifest" message="Applied manifest at \"/var/lib/rancher/k3s/server/manifests/local-storage.yaml\""
2025-01-29 13:23:28,251 INFO c.h.h.t.OperatorHelmChartContainer - [K3S] [event.go:389] "Event occurred" object="kube-system/aggregated-metrics-reader" fieldPath="" kind="Addon" apiVersion="k3s.cattle.io/v1" type="Normal" reason="ApplyingManifest" message="Applying manifest at \"/var/lib/rancher/k3s/server/manifests/metrics-server/aggregated-metrics-reader.yaml\""
2025-01-29 13:23:28,256 INFO c.h.h.t.OperatorHelmChartContainer - [K3S] [event.go:389] "Event occurred" object="kube-system/aggregated-metrics-reader" fieldPath="" kind="Addon" apiVersion="k3s.cattle.io/v1" type="Normal" reason="AppliedManifest" message="Applied manifest at \"/var/lib/rancher/k3s/server/manifests/metrics-server/aggregated-metrics-reader.yaml\""
2025-01-29 13:23:28,261 INFO c.h.h.t.OperatorHelmChartContainer - [K3S] [event.go:389] "Event occurred" object="kube-system/auth-delegator" fieldPath="" kind="Addon" apiVersion="k3s.cattle.io/v1" type="Normal" reason="ApplyingManifest" message="Applying manifest at \"/var/lib/rancher/k3s/server/manifests/metrics-server/auth-delegator.yaml\""
2025-01-29 13:23:28,327 INFO c.h.h.t.OperatorHelmChartContainer - [K3S] [event.go:389] "Event occurred" object="kube-system/auth-delegator" fieldPath="" kind="Addon" apiVersion="k3s.cattle.io/v1" type="Normal" reason="AppliedManifest" message="Applied manifest at \"/var/lib/rancher/k3s/server/manifests/metrics-server/auth-delegator.yaml\""
2025-01-29 13:23:28,333 INFO c.h.h.t.OperatorHelmChartContainer - [K3S] [event.go:389] "Event occurred" object="kube-system/auth-reader" fieldPath="" kind="Addon" apiVersion="k3s.cattle.io/v1" type="Normal" reason="ApplyingManifest" message="Applying manifest at \"/var/lib/rancher/k3s/server/manifests/metrics-server/auth-reader.yaml\""
2025-01-29 13:23:28,336 INFO c.h.h.t.OperatorHelmChartContainer - [K3S] [event.go:389] "Event occurred" object="kube-system/auth-reader" fieldPath="" kind="Addon" apiVersion="k3s.cattle.io/v1" type="Normal" reason="AppliedManifest" message="Applied manifest at \"/var/lib/rancher/k3s/server/manifests/metrics-server/auth-reader.yaml\""
2025-01-29 13:23:28,342 INFO c.h.h.t.OperatorHelmChartContainer - [K3S] [event.go:389] "Event occurred" object="kube-system/metrics-apiservice" fieldPath="" kind="Addon" apiVersion="k3s.cattle.io/v1" type="Normal" reason="ApplyingManifest" message="Applying manifest at \"/var/lib/rancher/k3s/server/manifests/metrics-server/metrics-apiservice.yaml\""
2025-01-29 13:23:28,351 INFO c.h.h.t.OperatorHelmChartContainer - [K3S] [event.go:389] "Event occurred" object="kube-system/metrics-apiservice" fieldPath="" kind="Addon" apiVersion="k3s.cattle.io/v1" type="Normal" reason="AppliedManifest" message="Applied manifest at \"/var/lib/rancher/k3s/server/manifests/metrics-server/metrics-apiservice.yaml\""
2025-01-29 13:23:28,354 INFO c.h.h.t.OperatorHelmChartContainer - [K3S] [handler_proxy.go:99] no RequestInfo found in the context
2025-01-29 13:23:28,354 INFO c.h.h.t.OperatorHelmChartContainer - [K3S] [controller.go:146] "Unhandled Error" err=<
2025-01-29 13:23:28,354 INFO c.h.h.t.OperatorHelmChartContainer - [K3S] 	, Header: map[Content-Type:[text/plain; charset=utf-8] X-Content-Type-Options:[nosniff]]
2025-01-29 13:23:28,354 INFO c.h.h.t.OperatorHelmChartContainer - [K3S]  >
2025-01-29 13:23:28,355 INFO c.h.h.t.OperatorHelmChartContainer - [K3S] [handler_proxy.go:143] error resolving kube-system/metrics-server: service "metrics-server" not found
2025-01-29 13:23:28,358 INFO c.h.h.t.OperatorHelmChartContainer - [K3S] [event.go:389] "Event occurred" object="kube-system/metrics-server-deployment" fieldPath="" kind="Addon" apiVersion="k3s.cattle.io/v1" type="Normal" reason="ApplyingManifest" message="Applying manifest at \"/var/lib/rancher/k3s/server/manifests/metrics-server/metrics-server-deployment.yaml\""
2025-01-29 13:23:28,369 INFO c.h.h.t.OperatorHelmChartContainer - [K3S] [event.go:389] "Event occurred" object="kube-system/metrics-server-deployment" fieldPath="" kind="Addon" apiVersion="k3s.cattle.io/v1" type="Normal" reason="AppliedManifest" message="Applied manifest at \"/var/lib/rancher/k3s/server/manifests/metrics-server/metrics-server-deployment.yaml\""
2025-01-29 13:23:28,374 INFO c.h.h.t.OperatorHelmChartContainer - [K3S] [event.go:389] "Event occurred" object="kube-system/metrics-server-service" fieldPath="" kind="Addon" apiVersion="k3s.cattle.io/v1" type="Normal" reason="ApplyingManifest" message="Applying manifest at \"/var/lib/rancher/k3s/server/manifests/metrics-server/metrics-server-service.yaml\""
2025-01-29 13:23:28,380 INFO c.h.h.t.OperatorHelmChartContainer - [K3S] [alloc.go:330] "allocated clusterIPs" service="kube-system/metrics-server" clusterIPs={"IPv4":"10.43.40.133"}
2025-01-29 13:23:28,380 INFO c.h.h.t.OperatorHelmChartContainer - [K3S] [event.go:389] "Event occurred" object="kube-system/metrics-server-service" fieldPath="" kind="Addon" apiVersion="k3s.cattle.io/v1" type="Normal" reason="AppliedManifest" message="Applied manifest at \"/var/lib/rancher/k3s/server/manifests/metrics-server/metrics-server-service.yaml\""
2025-01-29 13:23:28,385 INFO c.h.h.t.OperatorHelmChartContainer - [K3S] [handler_proxy.go:99] no RequestInfo found in the context
2025-01-29 13:23:28,385 INFO c.h.h.t.OperatorHelmChartContainer - [K3S] [controller.go:146] "Unhandled Error" err=<
2025-01-29 13:23:28,385 INFO c.h.h.t.OperatorHelmChartContainer - [K3S] 	, Header: map[Content-Type:[text/plain; charset=utf-8] X-Content-Type-Options:[nosniff]]
2025-01-29 13:23:28,385 INFO c.h.h.t.OperatorHelmChartContainer - [K3S]  >
2025-01-29 13:23:28,387 INFO c.h.h.t.OperatorHelmChartContainer - [K3S] [handler_proxy.go:143] error resolving kube-system/metrics-server: endpoints "metrics-server" not found
2025-01-29 13:23:28,388 INFO c.h.h.t.OperatorHelmChartContainer - [K3S] [event.go:389] "Event occurred" object="kube-system/resource-reader" fieldPath="" kind="Addon" apiVersion="k3s.cattle.io/v1" type="Normal" reason="ApplyingManifest" message="Applying manifest at \"/var/lib/rancher/k3s/server/manifests/metrics-server/resource-reader.yaml\""
2025-01-29 13:23:28,395 INFO c.h.h.t.OperatorHelmChartContainer - [K3S] [controllermanager.go:765] "Started controller" controller="persistentvolume-expander-controller"
2025-01-29 13:23:28,395 INFO c.h.h.t.OperatorHelmChartContainer - [K3S] [expand_controller.go:329] "Starting expand controller"
2025-01-29 13:23:28,427 INFO c.h.h.t.OperatorHelmChartContainer - [K3S] [event.go:389] "Event occurred" object="kube-system/resource-reader" fieldPath="" kind="Addon" apiVersion="k3s.cattle.io/v1" type="Normal" reason="AppliedManifest" message="Applied manifest at \"/var/lib/rancher/k3s/server/manifests/metrics-server/resource-reader.yaml\""
2025-01-29 13:23:28,433 INFO c.h.h.t.OperatorHelmChartContainer - [K3S] [event.go:389] "Event occurred" object="kube-system/rolebindings" fieldPath="" kind="Addon" apiVersion="k3s.cattle.io/v1" type="Normal" reason="ApplyingManifest" message="Applying manifest at \"/var/lib/rancher/k3s/server/manifests/rolebindings.yaml\""
2025-01-29 13:23:28,539 INFO c.h.h.t.OperatorHelmChartContainer - [K3S] [event.go:389] "Event occurred" object="kube-system/rolebindings" fieldPath="" kind="Addon" apiVersion="k3s.cattle.io/v1" type="Normal" reason="AppliedManifest" message="Applied manifest at \"/var/lib/rancher/k3s/server/manifests/rolebindings.yaml\""
2025-01-29 13:23:28,545 INFO c.h.h.t.OperatorHelmChartContainer - [K3S] [controllermanager.go:765] "Started controller" controller="serviceaccount-controller"
2025-01-29 13:23:28,546 INFO c.h.h.t.OperatorHelmChartContainer - [K3S] [controllermanager.go:728] "Warning: controller is disabled" controller="bootstrap-signer-controller"
2025-01-29 13:23:28,546 INFO c.h.h.t.OperatorHelmChartContainer - [K3S] [controllermanager.go:717] "Controller is disabled by a feature gate" controller="kube-apiserver-serving-clustertrustbundle-publisher-controller" requiredFeatureGates=["ClusterTrustBundle"]
2025-01-29 13:23:28,546 INFO c.h.h.t.OperatorHelmChartContainer - [K3S] [controllermanager.go:717] "Controller is disabled by a feature gate" controller="storageversion-garbage-collector-controller" requiredFeatureGates=["APIServerIdentity","StorageVersionAPI"]
2025-01-29 13:23:28,546 INFO c.h.h.t.OperatorHelmChartContainer - [K3S] [serviceaccounts_controller.go:114] "Starting service account controller"
2025-01-29 13:23:28,548 INFO c.h.h.t.OperatorHelmChartContainer - [K3S] [event.go:389] "Event occurred" object="kube-system/runtimes" fieldPath="" kind="Addon" apiVersion="k3s.cattle.io/v1" type="Normal" reason="ApplyingManifest" message="Applying manifest at \"/var/lib/rancher/k3s/server/manifests/runtimes.yaml\""
2025-01-29 13:23:28,571 INFO c.h.h.t.OperatorHelmChartContainer - [K3S] [event.go:389] "Event occurred" object="kube-system/runtimes" fieldPath="" kind="Addon" apiVersion="k3s.cattle.io/v1" type="Normal" reason="AppliedManifest" message="Applied manifest at \"/var/lib/rancher/k3s/server/manifests/runtimes.yaml\""
2025-01-29 13:23:28,596 INFO c.h.h.t.OperatorHelmChartContainer - [K3S] [controllermanager.go:765] "Started controller" controller="taint-eviction-controller"
2025-01-29 13:23:28,596 INFO c.h.h.t.OperatorHelmChartContainer - [K3S] [controllermanager.go:717] "Controller is disabled by a feature gate" controller="selinux-warning-controller" requiredFeatureGates=["SELinuxChangePolicy"]
2025-01-29 13:23:28,596 INFO c.h.h.t.OperatorHelmChartContainer - [K3S] [taint_eviction.go:281] "Starting" controller="taint-eviction-controller"
2025-01-29 13:23:28,596 INFO c.h.h.t.OperatorHelmChartContainer - [K3S] [taint_eviction.go:287] "Sending events to api server"
2025-01-29 13:23:28,661 INFO c.h.h.t.OperatorHelmChartContainer - [K3S] [serving.go:392] Generated self-signed cert in-memory
2025-01-29 13:23:28,746 INFO c.h.h.t.OperatorHelmChartContainer - [K3S] [controllermanager.go:765] "Started controller" controller="endpointslice-mirroring-controller"
2025-01-29 13:23:28,746 INFO c.h.h.t.OperatorHelmChartContainer - [K3S] [endpointslicemirroring_controller.go:227] "Starting EndpointSliceMirroring controller"
2025-01-29 13:23:28,895 INFO c.h.h.t.OperatorHelmChartContainer - [K3S] [controllermanager.go:765] "Started controller" controller="ttl-controller"
2025-01-29 13:23:28,896 INFO c.h.h.t.OperatorHelmChartContainer - [K3S] [ttl_controller.go:127] "Starting TTL controller"
2025-01-29 13:23:29,011 INFO c.h.h.t.OperatorHelmChartContainer - [K3S] [serving.go:392] Generated self-signed cert in-memory
2025-01-29 13:23:29,047 INFO c.h.h.t.OperatorHelmChartContainer - [K3S] [controllermanager.go:765] "Started controller" controller="persistentvolume-attach-detach-controller"
2025-01-29 13:23:29,047 INFO c.h.h.t.OperatorHelmChartContainer - [K3S] [attach_detach_controller.go:338] "Starting attach detach controller"
2025-01-29 13:23:29,246 INFO c.h.h.t.OperatorHelmChartContainer - [K3S] [controllermanager.go:765] "Started controller" controller="validatingadmissionpolicy-status-controller"
2025-01-29 13:23:29,246 INFO c.h.h.t.OperatorHelmChartContainer - [K3S] [controllermanager.go:717] "Controller is disabled by a feature gate" controller="service-cidr-controller" requiredFeatureGates=["MultiCIDRServiceAllocator"]
2025-01-29 13:23:29,321 INFO c.h.h.t.OperatorHelmChartContainer - [K3S] [controllermanager.go:160] Version: v1.32.1+k3s1
2025-01-29 13:23:29,324 INFO c.h.h.t.OperatorHelmChartContainer - [K3S] [requestheader_controller.go:180] Starting RequestHeaderAuthRequestController
2025-01-29 13:23:29,324 INFO c.h.h.t.OperatorHelmChartContainer - [K3S] [configmap_cafile_content.go:205] "Starting controller" name="client-ca::kube-system::extension-apiserver-authentication::client-ca-file"
2025-01-29 13:23:29,324 INFO c.h.h.t.OperatorHelmChartContainer - [K3S] [configmap_cafile_content.go:205] "Starting controller" name="client-ca::kube-system::extension-apiserver-authentication::requestheader-client-ca-file"
2025-01-29 13:23:29,324 INFO c.h.h.t.OperatorHelmChartContainer - [K3S] [secure_serving.go:213] Serving securely on 127.0.0.1:10258
2025-01-29 13:23:29,324 INFO c.h.h.t.OperatorHelmChartContainer - [K3S] [tlsconfig.go:243] "Starting DynamicServingCertificateController"
2025-01-29 13:23:29,328 INFO c.h.h.t.OperatorHelmChartContainer - [K3S] [INFO] Creating service-lb-controller event broadcaster
2025-01-29 13:23:29,351 INFO c.h.h.t.OperatorHelmChartContainer - [K3S] [handler_proxy.go:99] no RequestInfo found in the context
2025-01-29 13:23:29,351 INFO c.h.h.t.OperatorHelmChartContainer - [K3S] [handler_proxy.go:99] no RequestInfo found in the context
2025-01-29 13:23:29,351 INFO c.h.h.t.OperatorHelmChartContainer - [K3S] [controller.go:102] "Unhandled Error" err=<
2025-01-29 13:23:29,351 INFO c.h.h.t.OperatorHelmChartContainer - [K3S] 	, Header: map[Content-Type:[text/plain; charset=utf-8] X-Content-Type-Options:[nosniff]]
2025-01-29 13:23:29,351 INFO c.h.h.t.OperatorHelmChartContainer - [K3S]  >
2025-01-29 13:23:29,404 INFO c.h.h.t.OperatorHelmChartContainer - [K3S] [controllermanager.go:765] "Started controller" controller="endpoints-controller"
2025-01-29 13:23:29,404 INFO c.h.h.t.OperatorHelmChartContainer - [K3S] [endpoints_controller.go:182] "Starting endpoint controller"
2025-01-29 13:23:29,439 INFO c.h.h.t.OperatorHelmChartContainer - [K3S] [INFO] Starting /v1, Kind=Node controller
2025-01-29 13:23:29,442 INFO c.h.h.t.OperatorHelmChartContainer - [K3S] [INFO] Starting /v1, Kind=Pod controller
2025-01-29 13:23:29,444 INFO c.h.h.t.OperatorHelmChartContainer - [K3S] [INFO] Starting apps/v1, Kind=DaemonSet controller
2025-01-29 13:23:29,447 INFO c.h.h.t.OperatorHelmChartContainer - [K3S] [INFO] Starting discovery.k8s.io/v1, Kind=EndpointSlice controller
2025-01-29 13:23:29,447 INFO c.h.h.t.OperatorHelmChartContainer - [K3S] [controllermanager.go:329] Started "cloud-node-controller"
2025-01-29 13:23:29,447 INFO c.h.h.t.OperatorHelmChartContainer - [K3S] [node_controller.go:176] Sending events to api server.
2025-01-29 13:23:29,447 INFO c.h.h.t.OperatorHelmChartContainer - [K3S] [node_controller.go:185] Waiting for informer caches to sync
2025-01-29 13:23:29,448 INFO c.h.h.t.OperatorHelmChartContainer - [K3S] [controllermanager.go:329] Started "cloud-node-lifecycle-controller"
2025-01-29 13:23:29,448 INFO c.h.h.t.OperatorHelmChartContainer - [K3S] [node_lifecycle_controller.go:112] Sending events to api server
2025-01-29 13:23:29,448 INFO c.h.h.t.OperatorHelmChartContainer - [K3S] [controllermanager.go:329] Started "service-lb-controller"
2025-01-29 13:23:29,448 INFO c.h.h.t.OperatorHelmChartContainer - [K3S] [controllermanager.go:306] "node-route-controller" is disabled
2025-01-29 13:23:29,448 INFO c.h.h.t.OperatorHelmChartContainer - [K3S] [controller.go:234] Starting service controller
2025-01-29 13:23:29,490 INFO c.h.h.t.OperatorHelmChartContainer - [K3S] [INFO] Tunnel authorizer set Kubelet Port 0.0.0.0:10250
2025-01-29 13:23:29,548 INFO c.h.h.t.OperatorHelmChartContainer - [K3S] [node_controller.go:429] Initializing node 5ff634019715 with cloud provider
2025-01-29 13:23:29,552 INFO c.h.h.t.OperatorHelmChartContainer - [K3S] [node_controller.go:474] Successfully initialized node 5ff634019715 with cloud provider
2025-01-29 13:23:29,555 INFO c.h.h.t.OperatorHelmChartContainer - [K3S] [event.go:389] "Event occurred" object="5ff634019715" fieldPath="" kind="Node" apiVersion="v1" type="Normal" reason="Synced" message="Node synced successfully"
2025-01-29 13:23:29,561 INFO c.h.h.t.OperatorHelmChartContainer - [K3S] [INFO] Updated coredns NodeHosts entry for 5ff634019715
2025-01-29 13:23:29,704 INFO c.h.h.t.OperatorHelmChartContainer - [K3S] [controllermanager.go:765] "Started controller" controller="resourcequota-controller"
2025-01-29 13:23:29,704 INFO c.h.h.t.OperatorHelmChartContainer - [K3S] [resource_quota_controller.go:300] "Starting resource quota controller"
2025-01-29 13:23:29,745 INFO c.h.h.t.OperatorHelmChartContainer - [K3S] [controllermanager.go:765] "Started controller" controller="certificatesigningrequest-cleaner-controller"
2025-01-29 13:23:29,745 INFO c.h.h.t.OperatorHelmChartContainer - [K3S] [cleaner.go:83] "Starting CSR cleaner controller"
2025-01-29 13:23:29,896 INFO c.h.h.t.OperatorHelmChartContainer - [K3S] [controllermanager.go:765] "Started controller" controller="token-cleaner-controller"
2025-01-29 13:23:29,896 INFO c.h.h.t.OperatorHelmChartContainer - [K3S] [tokencleaner.go:117] "Starting token cleaner controller"
2025-01-29 13:23:29,918 INFO c.h.h.t.OperatorHelmChartContainer - [K3S] [serving.go:392] Generated self-signed cert in-memory
2025-01-29 13:23:30,047 INFO c.h.h.t.OperatorHelmChartContainer - [K3S] [controllermanager.go:765] "Started controller" controller="clusterrole-aggregation-controller"
2025-01-29 13:23:30,047 INFO c.h.h.t.OperatorHelmChartContainer - [K3S] [clusterroleaggregation_controller.go:194] "Starting ClusterRoleAggregator controller"
2025-01-29 13:23:30,197 INFO c.h.h.t.OperatorHelmChartContainer - [K3S] [controllermanager.go:765] "Started controller" controller="persistentvolume-protection-controller"
2025-01-29 13:23:30,197 INFO c.h.h.t.OperatorHelmChartContainer - [K3S] [controllermanager.go:717] "Controller is disabled by a feature gate" controller="resourceclaim-controller" requiredFeatureGates=["DynamicResourceAllocation"]
2025-01-29 13:23:30,197 INFO c.h.h.t.OperatorHelmChartContainer - [K3S] [pv_protection_controller.go:81] "Starting PV protection controller"
2025-01-29 13:23:30,245 INFO c.h.h.t.OperatorHelmChartContainer - [K3S] [server.go:164] "Starting Kubernetes Scheduler" version="v1.32.1+k3s1"
2025-01-29 13:23:30,245 INFO c.h.h.t.OperatorHelmChartContainer - [K3S] [server.go:166] "Golang settings" GOGC="" GOMAXPROCS="" GOTRACEBACK=""
2025-01-29 13:23:30,248 INFO c.h.h.t.OperatorHelmChartContainer - [K3S] [requestheader_controller.go:180] Starting RequestHeaderAuthRequestController
2025-01-29 13:23:30,248 INFO c.h.h.t.OperatorHelmChartContainer - [K3S] [configmap_cafile_content.go:205] "Starting controller" name="client-ca::kube-system::extension-apiserver-authentication::client-ca-file"
2025-01-29 13:23:30,248 INFO c.h.h.t.OperatorHelmChartContainer - [K3S] [configmap_cafile_content.go:205] "Starting controller" name="client-ca::kube-system::extension-apiserver-authentication::requestheader-client-ca-file"
2025-01-29 13:23:30,248 INFO c.h.h.t.OperatorHelmChartContainer - [K3S] [secure_serving.go:213] Serving securely on 127.0.0.1:10259
2025-01-29 13:23:30,248 INFO c.h.h.t.OperatorHelmChartContainer - [K3S] [tlsconfig.go:243] "Starting DynamicServingCertificateController"
2025-01-29 13:23:30,403 INFO c.h.h.t.OperatorHelmChartContainer - [K3S] [actual_state_of_world.go:541] "Failed to update statusUpdateNeeded field in actual state of world" err="Failed to set statusUpdateNeeded to needed true, because nodeName=\"5ff634019715\" does not exist"
2025-01-29 13:23:30,446 INFO c.h.h.t.OperatorHelmChartContainer - [K3S] [node_lifecycle_controller.go:1234] "Initializing eviction metric for zone" zone=""
2025-01-29 13:23:30,446 INFO c.h.h.t.OperatorHelmChartContainer - [K3S] [node_lifecycle_controller.go:886] "Missing timestamp for Node. Assuming now as a timestamp" node="5ff634019715"
2025-01-29 13:23:30,446 INFO c.h.h.t.OperatorHelmChartContainer - [K3S] [node_lifecycle_controller.go:1080] "Controller detected that zone is now in new state" zone="" newState="Normal"
2025-01-29 13:23:30,490 INFO c.h.h.t.OperatorHelmChartContainer - [K3S] [INFO] Started tunnel to 172.17.0.3:6443
2025-01-29 13:23:30,491 INFO c.h.h.t.OperatorHelmChartContainer - [K3S] [INFO] Stopped tunnel to 127.0.0.1:6443
2025-01-29 13:23:30,491 INFO c.h.h.t.OperatorHelmChartContainer - [K3S] [INFO] Proxy done" err="context canceled" url="wss://127.0.0.1:6443/v1-k3s/connect
2025-01-29 13:23:30,491 INFO c.h.h.t.OperatorHelmChartContainer - [K3S] [INFO] Connecting to proxy" url="wss://172.17.0.3:6443/v1-k3s/connect
2025-01-29 13:23:30,491 INFO c.h.h.t.OperatorHelmChartContainer - [K3S] [INFO] error in remotedialer server [400]: websocket: close 1006 (abnormal closure): unexpected EOF
2025-01-29 13:23:30,493 INFO c.h.h.t.OperatorHelmChartContainer - [K3S] [INFO] Handling backend connection request [5ff634019715]
2025-01-29 13:23:30,493 INFO c.h.h.t.OperatorHelmChartContainer - [K3S] [INFO] Remotedialer connected to proxy" url="wss://172.17.0.3:6443/v1-k3s/connect
2025-01-29 13:23:30,500 INFO c.h.h.t.OperatorHelmChartContainer - [K3S] [range_allocator.go:177] "Sending events to api server"
2025-01-29 13:23:30,500 INFO c.h.h.t.OperatorHelmChartContainer - [K3S] [range_allocator.go:183] "Starting range CIDR allocator"
2025-01-29 13:23:30,504 INFO c.h.h.t.OperatorHelmChartContainer - [K3S] [range_allocator.go:428] "Set node PodCIDR" node="5ff634019715" podCIDRs=["10.42.0.0/24"]
2025-01-29 13:23:30,504 INFO c.h.h.t.OperatorHelmChartContainer - [K3S] [range_allocator.go:247] "Successfully synced" key="5ff634019715"
2025-01-29 13:23:30,505 INFO c.h.h.t.OperatorHelmChartContainer - [K3S] [range_allocator.go:247] "Successfully synced" key="5ff634019715"
2025-01-29 13:23:30,505 INFO c.h.h.t.OperatorHelmChartContainer - [K3S] [INFO] Flannel found PodCIDR assigned for node 5ff634019715
2025-01-29 13:23:30,506 INFO c.h.h.t.OperatorHelmChartContainer - [K3S] [INFO] The interface eth0 with ipv4 address 172.17.0.3 will be used by flannel
2025-01-29 13:23:30,508 INFO c.h.h.t.OperatorHelmChartContainer - [K3S] [kube.go:139] Waiting 10m0s for node controller to sync
2025-01-29 13:23:30,509 INFO c.h.h.t.OperatorHelmChartContainer - [K3S] [kube.go:469] Starting kube subnet manager
2025-01-29 13:23:30,613 INFO c.h.h.t.OperatorHelmChartContainer - [K3S] [INFO] Starting network policy controller version v2.2.1, built on 2025-01-28T18:27:08Z, go1.23.4
2025-01-29 13:23:30,613 INFO c.h.h.t.OperatorHelmChartContainer - [K3S] [network_policy_controller.go:164] Starting network policy controller
2025-01-29 13:23:30,637 INFO c.h.h.t.OperatorHelmChartContainer - [K3S] [network_policy_controller.go:176] Starting network policy controller full sync goroutine
2025-01-29 13:23:30,802 INFO c.h.h.t.OperatorHelmChartContainer - [K3S] [handler_proxy.go:99] no RequestInfo found in the context
2025-01-29 13:23:30,803 INFO c.h.h.t.OperatorHelmChartContainer - [K3S] [controller.go:146] "Unhandled Error" err=<
2025-01-29 13:23:30,803 INFO c.h.h.t.OperatorHelmChartContainer - [K3S] 	, Header: map[Content-Type:[text/plain; charset=utf-8] X-Content-Type-Options:[nosniff]]
2025-01-29 13:23:30,803 INFO c.h.h.t.OperatorHelmChartContainer - [K3S]  >
2025-01-29 13:23:30,804 INFO c.h.h.t.OperatorHelmChartContainer - [K3S] [handler_proxy.go:143] error resolving kube-system/metrics-server: no endpoints available for service "metrics-server"
2025-01-29 13:23:30,951 INFO c.h.h.t.OperatorHelmChartContainer - [K3S] [range_allocator.go:247] "Successfully synced" key="5ff634019715"
2025-01-29 13:23:31,109 INFO c.h.h.t.OperatorHelmChartContainer - [K3S] [replica_set.go:679] "Finished syncing" kind="ReplicaSet" key="kube-system/local-path-provisioner-698b58967b" duration="107.35101ms"
2025-01-29 13:23:31,117 INFO c.h.h.t.OperatorHelmChartContainer - [K3S] [replica_set.go:679] "Finished syncing" kind="ReplicaSet" key="kube-system/coredns-ff8999cc5" duration="110.939275ms"
2025-01-29 13:23:31,117 INFO c.h.h.t.OperatorHelmChartContainer - [K3S] [replica_set.go:679] "Finished syncing" kind="ReplicaSet" key="kube-system/metrics-server-8584b5786c" duration="114.073992ms"
2025-01-29 13:23:31,122 INFO c.h.h.t.OperatorHelmChartContainer - [K3S] [replica_set.go:679] "Finished syncing" kind="ReplicaSet" key="kube-system/local-path-provisioner-698b58967b" duration="12.901981ms"
2025-01-29 13:23:31,122 INFO c.h.h.t.OperatorHelmChartContainer - [K3S] [replica_set.go:679] "Finished syncing" kind="ReplicaSet" key="kube-system/local-path-provisioner-698b58967b" duration="27.772µs"
2025-01-29 13:23:31,130 INFO c.h.h.t.OperatorHelmChartContainer - [K3S] [replica_set.go:679] "Finished syncing" kind="ReplicaSet" key="kube-system/coredns-ff8999cc5" duration="17.036121ms"
2025-01-29 13:23:31,131 INFO c.h.h.t.OperatorHelmChartContainer - [K3S] [replica_set.go:679] "Finished syncing" kind="ReplicaSet" key="kube-system/metrics-server-8584b5786c" duration="13.894852ms"
2025-01-29 13:23:31,142 INFO c.h.h.t.OperatorHelmChartContainer - [K3S] [replica_set.go:679] "Finished syncing" kind="ReplicaSet" key="kube-system/coredns-ff8999cc5" duration="12.416263ms"
2025-01-29 13:23:31,143 INFO c.h.h.t.OperatorHelmChartContainer - [K3S] [replica_set.go:679] "Finished syncing" kind="ReplicaSet" key="kube-system/coredns-ff8999cc5" duration="31.159µs"
2025-01-29 13:23:31,143 INFO c.h.h.t.OperatorHelmChartContainer - [K3S] [replica_set.go:679] "Finished syncing" kind="ReplicaSet" key="kube-system/metrics-server-8584b5786c" duration="12.096727ms"
2025-01-29 13:23:31,143 INFO c.h.h.t.OperatorHelmChartContainer - [K3S] [replica_set.go:679] "Finished syncing" kind="ReplicaSet" key="kube-system/metrics-server-8584b5786c" duration="27.672µs"
2025-01-29 13:23:31,145 INFO c.h.h.t.OperatorHelmChartContainer - [K3S] [replica_set.go:679] "Finished syncing" kind="ReplicaSet" key="kube-system/local-path-provisioner-698b58967b" duration="24.836µs"
2025-01-29 13:23:31,151 INFO c.h.h.t.OperatorHelmChartContainer - [K3S] [reconciler_common.go:251] "operationExecutor.VerifyControllerAttachedVolume started for volume \"custom-config-volume\" (UniqueName: \"kubernetes.io/configmap/3c0d37c2-10b8-4a72-8168-a1e338351a63-custom-config-volume\") pod \"coredns-ff8999cc5-jfthf\" (UID: \"3c0d37c2-10b8-4a72-8168-a1e338351a63\") " pod="kube-system/coredns-ff8999cc5-jfthf"
2025-01-29 13:23:31,151 INFO c.h.h.t.OperatorHelmChartContainer - [K3S] [reconciler_common.go:251] "operationExecutor.VerifyControllerAttachedVolume started for volume \"kube-api-access-kf6d2\" (UniqueName: \"kubernetes.io/projected/3c0d37c2-10b8-4a72-8168-a1e338351a63-kube-api-access-kf6d2\") pod \"coredns-ff8999cc5-jfthf\" (UID: \"3c0d37c2-10b8-4a72-8168-a1e338351a63\") " pod="kube-system/coredns-ff8999cc5-jfthf"
2025-01-29 13:23:31,151 INFO c.h.h.t.OperatorHelmChartContainer - [K3S] [reconciler_common.go:251] "operationExecutor.VerifyControllerAttachedVolume started for volume \"tmp-dir\" (UniqueName: \"kubernetes.io/empty-dir/fe8e6c80-8399-4f22-9c41-c211d83df944-tmp-dir\") pod \"metrics-server-8584b5786c-fpv48\" (UID: \"fe8e6c80-8399-4f22-9c41-c211d83df944\") " pod="kube-system/metrics-server-8584b5786c-fpv48"
2025-01-29 13:23:31,151 INFO c.h.h.t.OperatorHelmChartContainer - [K3S] [reconciler_common.go:251] "operationExecutor.VerifyControllerAttachedVolume started for volume \"kube-api-access-995pq\" (UniqueName: \"kubernetes.io/projected/fe8e6c80-8399-4f22-9c41-c211d83df944-kube-api-access-995pq\") pod \"metrics-server-8584b5786c-fpv48\" (UID: \"fe8e6c80-8399-4f22-9c41-c211d83df944\") " pod="kube-system/metrics-server-8584b5786c-fpv48"
2025-01-29 13:23:31,152 INFO c.h.h.t.OperatorHelmChartContainer - [K3S] [reconciler_common.go:251] "operationExecutor.VerifyControllerAttachedVolume started for volume \"config-volume\" (UniqueName: \"kubernetes.io/configmap/e06861b3-d02f-481d-8dee-0ac83430d681-config-volume\") pod \"local-path-provisioner-698b58967b-8jrrk\" (UID: \"e06861b3-d02f-481d-8dee-0ac83430d681\") " pod="kube-system/local-path-provisioner-698b58967b-8jrrk"
2025-01-29 13:23:31,152 INFO c.h.h.t.OperatorHelmChartContainer - [K3S] [reconciler_common.go:251] "operationExecutor.VerifyControllerAttachedVolume started for volume \"kube-api-access-cnw6h\" (UniqueName: \"kubernetes.io/projected/e06861b3-d02f-481d-8dee-0ac83430d681-kube-api-access-cnw6h\") pod \"local-path-provisioner-698b58967b-8jrrk\" (UID: \"e06861b3-d02f-481d-8dee-0ac83430d681\") " pod="kube-system/local-path-provisioner-698b58967b-8jrrk"
2025-01-29 13:23:31,152 INFO c.h.h.t.OperatorHelmChartContainer - [K3S] [reconciler_common.go:251] "operationExecutor.VerifyControllerAttachedVolume started for volume \"config-volume\" (UniqueName: \"kubernetes.io/configmap/3c0d37c2-10b8-4a72-8168-a1e338351a63-config-volume\") pod \"coredns-ff8999cc5-jfthf\" (UID: \"3c0d37c2-10b8-4a72-8168-a1e338351a63\") " pod="kube-system/coredns-ff8999cc5-jfthf"
2025-01-29 13:23:31,154 INFO c.h.h.t.OperatorHelmChartContainer - [K3S] [replica_set.go:679] "Finished syncing" kind="ReplicaSet" key="kube-system/coredns-ff8999cc5" duration="49.332µs"
2025-01-29 13:23:31,161 INFO c.h.h.t.OperatorHelmChartContainer - [K3S] [replica_set.go:679] "Finished syncing" kind="ReplicaSet" key="kube-system/metrics-server-8584b5786c" duration="31.829µs"
2025-01-29 13:23:31,507 INFO c.h.h.t.OperatorHelmChartContainer - [K3S] [kube.go:146] Node controller sync successful
2025-01-29 13:23:31,507 INFO c.h.h.t.OperatorHelmChartContainer - [K3S] [vxlan.go:141] VXLAN config: VNI=1 Port=0 GBP=false Learning=false DirectRouting=false
2025-01-29 13:23:31,510 INFO c.h.h.t.OperatorHelmChartContainer - [K3S] [kube.go:636] List of node(5ff634019715) annotations: map[string]string{"alpha.kubernetes.io/provided-node-ip":"172.17.0.3", "k3s.io/hostname":"5ff634019715", "k3s.io/internal-ip":"172.17.0.3", "k3s.io/node-args":"[\"server\",\"--disable\",\"traefik\",\"--tls-san\",\"localhost\"]", "k3s.io/node-config-hash":"JO7YSLDHXFTIIPZLLVI7GVGPULZK5EY6PYXUBKR6RNNG4QMX5FBQ====", "k3s.io/node-env":"{}", "node.alpha.kubernetes.io/ttl":"0", "volumes.kubernetes.io/controller-managed-attach-detach":"true"}
2025-01-29 13:23:31,515 INFO c.h.h.t.OperatorHelmChartContainer - [K3S] [kube.go:490] Creating the node lease for IPv4. This is the n.Spec.PodCIDRs: [10.42.0.0/24]
2025-01-29 13:23:31,515 INFO c.h.h.t.OperatorHelmChartContainer - [K3S] [iptables.go:51] Starting flannel in iptables mode...
2025-01-29 13:23:31,515 INFO c.h.h.t.OperatorHelmChartContainer - [K3S] [WARNING] no subnet found for key: FLANNEL_NETWORK in file: /run/flannel/subnet.env
2025-01-29 13:23:31,515 INFO c.h.h.t.OperatorHelmChartContainer - [K3S] [WARNING] no subnet found for key: FLANNEL_SUBNET in file: /run/flannel/subnet.env
2025-01-29 13:23:31,515 INFO c.h.h.t.OperatorHelmChartContainer - [K3S] [range_allocator.go:247] "Successfully synced" key="5ff634019715"
2025-01-29 13:23:31,515 INFO c.h.h.t.OperatorHelmChartContainer - [K3S] [WARNING] no subnet found for key: FLANNEL_IPV6_NETWORK in file: /run/flannel/subnet.env
2025-01-29 13:23:31,515 INFO c.h.h.t.OperatorHelmChartContainer - [K3S] [WARNING] no subnet found for key: FLANNEL_IPV6_SUBNET in file: /run/flannel/subnet.env
2025-01-29 13:23:31,515 INFO c.h.h.t.OperatorHelmChartContainer - [K3S] [iptables.go:115] Current network or subnet (10.42.0.0/16, 10.42.0.0/24) is not equal to previous one (0.0.0.0/0, 0.0.0.0/0), trying to recycle old iptables rules
2025-01-29 13:23:31,522 INFO c.h.h.t.OperatorHelmChartContainer - [K3S] [iptables.go:125] Setting up masking rules
2025-01-29 13:23:31,524 INFO c.h.h.t.OperatorHelmChartContainer - [K3S] [iptables.go:226] Changing default FORWARD chain policy to ACCEPT
2025-01-29 13:23:31,526 INFO c.h.h.t.OperatorHelmChartContainer - [K3S] [INFO] Wrote flannel subnet file to /run/flannel/subnet.env
2025-01-29 13:23:31,526 INFO c.h.h.t.OperatorHelmChartContainer - [K3S] [INFO] Running flannel backend.
2025-01-29 13:23:31,526 INFO c.h.h.t.OperatorHelmChartContainer - [K3S] [vxlan_network.go:65] watching for new subnet leases
2025-01-29 13:23:31,538 INFO c.h.h.t.OperatorHelmChartContainer - [K3S] [iptables.go:372] bootstrap done
2025-01-29 13:23:31,549 INFO c.h.h.t.OperatorHelmChartContainer - [K3S] [iptables.go:372] bootstrap done
2025-01-29 13:23:31,804 INFO c.h.h.t.OperatorHelmChartContainer - [K3S] [handler_proxy.go:99] no RequestInfo found in the context
2025-01-29 13:23:31,804 INFO c.h.h.t.OperatorHelmChartContainer - [K3S] [handler_proxy.go:99] no RequestInfo found in the context
2025-01-29 13:23:31,804 INFO c.h.h.t.OperatorHelmChartContainer - [K3S] [controller.go:102] "Unhandled Error" err=<
2025-01-29 13:23:31,804 INFO c.h.h.t.OperatorHelmChartContainer - [K3S] 	, Header: map[Content-Type:[text/plain; charset=utf-8] X-Content-Type-Options:[nosniff]]
2025-01-29 13:23:31,804 INFO c.h.h.t.OperatorHelmChartContainer - [K3S]  >
2025-01-29 13:23:35,570 INFO c.h.h.t.OperatorHelmChartContainer - [K3S] [replica_set.go:679] "Finished syncing" kind="ReplicaSet" key="kube-system/local-path-provisioner-698b58967b" duration="3.84366ms"
2025-01-29 13:23:35,571 INFO c.h.h.t.OperatorHelmChartContainer - [K3S] [replica_set.go:679] "Finished syncing" kind="ReplicaSet" key="kube-system/local-path-provisioner-698b58967b" duration="27.652µs"
2025-01-29 13:23:35,746 INFO c.h.h.t.OperatorHelmChartContainer - [K3S] [kuberuntime_manager.go:1702] "Updating runtime config through cri with podcidr" CIDR="10.42.0.0/24"
2025-01-29 13:23:35,747 INFO c.h.h.t.OperatorHelmChartContainer - [K3S] [kubelet_network.go:61] "Updating Pod CIDR" originalPodCIDR="" newPodCIDR="10.42.0.0/24"
2025-01-29 13:23:35,756 INFO c.h.h.t.OperatorHelmChartContainer - [K3S] [range_allocator.go:247] "Successfully synced" key="5ff634019715"
2025-01-29 13:23:36,565 INFO c.h.h.t.OperatorHelmChartContainer - [K3S] [replica_set.go:679] "Finished syncing" kind="ReplicaSet" key="kube-system/metrics-server-8584b5786c" duration="37.7µs"
2025-01-29 13:23:36,576 INFO c.h.h.t.OperatorHelmChartContainer - [K3S] [replica_set.go:679] "Finished syncing" kind="ReplicaSet" key="kube-system/coredns-ff8999cc5" duration="34.475µs"
2025-01-29 13:23:37,577 INFO c.h.h.t.OperatorHelmChartContainer - [K3S] [replica_set.go:679] "Finished syncing" kind="ReplicaSet" key="kube-system/coredns-ff8999cc5" duration="5.460804ms"
2025-01-29 13:23:37,577 INFO c.h.h.t.OperatorHelmChartContainer - [K3S] [replica_set.go:679] "Finished syncing" kind="ReplicaSet" key="kube-system/coredns-ff8999cc5" duration="30.857µs"
2025-01-29 13:23:48,695 INFO c.h.h.t.OperatorHelmChartContainer - [K3S] [alloc.go:330] "allocated clusterIPs" service="default/local-hivemq-hivemq-operator-operator" clusterIPs={"IPv4":"10.43.59.237"}
2025-01-29 13:23:48,735 INFO c.h.h.t.OperatorHelmChartContainer - [K3S] [replica_set.go:679] "Finished syncing" kind="ReplicaSet" key="default/local-hivemq-hivemq-operator-operator-6b564f6db4" duration="25.415704ms"
2025-01-29 13:23:48,752 INFO c.h.h.t.OperatorHelmChartContainer - [K3S] [replica_set.go:679] "Finished syncing" kind="ReplicaSet" key="default/local-hivemq-hivemq-operator-operator-6b564f6db4" duration="19.226303ms"
2025-01-29 13:23:48,752 INFO c.h.h.t.OperatorHelmChartContainer - [K3S] [replica_set.go:679] "Finished syncing" kind="ReplicaSet" key="default/local-hivemq-hivemq-operator-operator-6b564f6db4" duration="54.913µs"
2025-01-29 13:23:48,752 INFO c.h.h.t.OperatorHelmChartContainer - [K3S] [replica_set.go:679] "Finished syncing" kind="ReplicaSet" key="default/local-hivemq-hivemq-operator-operator-6b564f6db4" duration="36.337µs"
2025-01-29 13:23:48,753 INFO c.h.h.t.OperatorHelmChartContainer - [K3S] [replica_set.go:679] "Finished syncing" kind="ReplicaSet" key="default/local-hivemq-hivemq-operator-operator-6b564f6db4" duration="40.936µs"
2025-01-29 13:23:48,761 INFO c.h.h.t.OperatorHelmChartContainer - [K3S] [reconciler_common.go:251] "operationExecutor.VerifyControllerAttachedVolume started for volume \"templates\" (UniqueName: \"kubernetes.io/configmap/bf70eccb-22c7-4546-85c8-a11e9219055e-templates\") pod \"local-hivemq-hivemq-operator-operator-6b564f6db4-c7lnz\" (UID: \"bf70eccb-22c7-4546-85c8-a11e9219055e\") " pod="default/local-hivemq-hivemq-operator-operator-6b564f6db4-c7lnz"
2025-01-29 13:23:48,763 INFO c.h.h.t.OperatorHelmChartContainer - [K3S] [reconciler_common.go:251] "operationExecutor.VerifyControllerAttachedVolume started for volume \"kube-api-access-xl7pb\" (UniqueName: \"kubernetes.io/projected/bf70eccb-22c7-4546-85c8-a11e9219055e-kube-api-access-xl7pb\") pod \"local-hivemq-hivemq-operator-operator-6b564f6db4-c7lnz\" (UID: \"bf70eccb-22c7-4546-85c8-a11e9219055e\") " pod="default/local-hivemq-hivemq-operator-operator-6b564f6db4-c7lnz"
2025-01-29 13:23:48,808 DEBUG c.h.h.t.OperatorHelmChartContainer - Chart 'local-hivemq' installed or upgraded
2025-01-29 13:23:49,595 INFO c.h.h.t.OperatorHelmChartContainer - [K3S] [replica_set.go:679] "Finished syncing" kind="ReplicaSet" key="default/local-hivemq-hivemq-operator-operator-6b564f6db4" duration="6.217396ms"
2025-01-29 13:23:49,596 INFO c.h.h.t.OperatorHelmChartContainer - [K3S] [replica_set.go:679] "Finished syncing" kind="ReplicaSet" key="default/local-hivemq-hivemq-operator-operator-6b564f6db4" duration="28.333µs"
2025-01-29 13:23:53,582 INFO c.h.h.t.OperatorHelmChartContainer - [K3S] [replica_set.go:679] "Finished syncing" kind="ReplicaSet" key="kube-system/metrics-server-8584b5786c" duration="6.100439ms"
2025-01-29 13:23:53,583 INFO c.h.h.t.OperatorHelmChartContainer - [K3S] [replica_set.go:679] "Finished syncing" kind="ReplicaSet" key="kube-system/metrics-server-8584b5786c" duration="34.043µs"
2025-01-29 13:23:56,371 INFO c.h.h.t.OperatorHelmChartContainer - [K3S] [alloc.go:330] "allocated clusterIPs" service="default/hivemq-local-hivemq-cc" clusterIPs={"IPv4":"10.43.168.164"}
2025-01-29 13:23:56,383 INFO c.h.h.t.OperatorHelmChartContainer - [K3S] [alloc.go:330] "allocated clusterIPs" service="default/hivemq-local-hivemq-mqtt" clusterIPs={"IPv4":"10.43.100.237"}
2025-01-29 13:23:56,419 INFO c.h.h.t.OperatorHelmChartContainer - [K3S] [range_allocator.go:247] "Successfully synced" key="5ff634019715"
2025-01-29 13:23:56,639 DEBUG com.hivemq.helmcharts.util.K8sUtil - State to compare Pending and waiting for Running
2025-01-29 13:23:57,592 DEBUG com.hivemq.helmcharts.util.K8sUtil - State to compare Pending and waiting for Running
2025-01-29 13:23:58,016 INFO c.h.h.t.OperatorHelmChartContainer - [K3S] [reconciler_common.go:251] "operationExecutor.VerifyControllerAttachedVolume started for volume \"data\" (UniqueName: \"kubernetes.io/host-path/9ff96094-cddf-4da0-9f54-3bffe3e6b730-data\") pod \"helper-pod-create-pvc-97f4395c-107a-4670-8325-eb19a1cd6474\" (UID: \"9ff96094-cddf-4da0-9f54-3bffe3e6b730\") " pod="kube-system/helper-pod-create-pvc-97f4395c-107a-4670-8325-eb19a1cd6474"
2025-01-29 13:23:58,017 INFO c.h.h.t.OperatorHelmChartContainer - [K3S] [reconciler_common.go:251] "operationExecutor.VerifyControllerAttachedVolume started for volume \"script\" (UniqueName: \"kubernetes.io/configmap/9ff96094-cddf-4da0-9f54-3bffe3e6b730-script\") pod \"helper-pod-create-pvc-97f4395c-107a-4670-8325-eb19a1cd6474\" (UID: \"9ff96094-cddf-4da0-9f54-3bffe3e6b730\") " pod="kube-system/helper-pod-create-pvc-97f4395c-107a-4670-8325-eb19a1cd6474"
2025-01-29 13:23:58,017 INFO c.h.h.t.OperatorHelmChartContainer - [K3S] [reconciler_common.go:251] "operationExecutor.VerifyControllerAttachedVolume started for volume \"kube-api-access-klhlb\" (UniqueName: \"kubernetes.io/projected/9ff96094-cddf-4da0-9f54-3bffe3e6b730-kube-api-access-klhlb\") pod \"helper-pod-create-pvc-97f4395c-107a-4670-8325-eb19a1cd6474\" (UID: \"9ff96094-cddf-4da0-9f54-3bffe3e6b730\") " pod="kube-system/helper-pod-create-pvc-97f4395c-107a-4670-8325-eb19a1cd6474"
2025-01-29 13:23:58,485 DEBUG com.hivemq.helmcharts.util.K8sUtil - State to compare Pending and waiting for Running
2025-01-29 13:23:59,034 DEBUG com.hivemq.helmcharts.util.K8sUtil - State to compare Updating and waiting for Running
2025-01-29 13:24:02,747 INFO c.h.h.t.OperatorHelmChartContainer - [K3S] [reconciler_common.go:162] "operationExecutor.UnmountVolume started for volume \"kube-api-access-klhlb\" (UniqueName: \"kubernetes.io/projected/9ff96094-cddf-4da0-9f54-3bffe3e6b730-kube-api-access-klhlb\") pod \"9ff96094-cddf-4da0-9f54-3bffe3e6b730\" (UID: \"9ff96094-cddf-4da0-9f54-3bffe3e6b730\") "
2025-01-29 13:24:02,747 INFO c.h.h.t.OperatorHelmChartContainer - [K3S] [reconciler_common.go:162] "operationExecutor.UnmountVolume started for volume \"data\" (UniqueName: \"kubernetes.io/host-path/9ff96094-cddf-4da0-9f54-3bffe3e6b730-data\") pod \"9ff96094-cddf-4da0-9f54-3bffe3e6b730\" (UID: \"9ff96094-cddf-4da0-9f54-3bffe3e6b730\") "
2025-01-29 13:24:02,747 INFO c.h.h.t.OperatorHelmChartContainer - [K3S] [reconciler_common.go:162] "operationExecutor.UnmountVolume started for volume \"script\" (UniqueName: \"kubernetes.io/configmap/9ff96094-cddf-4da0-9f54-3bffe3e6b730-script\") pod \"9ff96094-cddf-4da0-9f54-3bffe3e6b730\" (UID: \"9ff96094-cddf-4da0-9f54-3bffe3e6b730\") "
2025-01-29 13:24:02,848 INFO c.h.h.t.OperatorHelmChartContainer - [K3S] [reconciler_common.go:299] "Volume detached for volume \"kube-api-access-klhlb\" (UniqueName: \"kubernetes.io/projected/9ff96094-cddf-4da0-9f54-3bffe3e6b730-kube-api-access-klhlb\") on node \"5ff634019715\" DevicePath \"\""
2025-01-29 13:24:02,848 INFO c.h.h.t.OperatorHelmChartContainer - [K3S] [reconciler_common.go:299] "Volume detached for volume \"data\" (UniqueName: \"kubernetes.io/host-path/9ff96094-cddf-4da0-9f54-3bffe3e6b730-data\") on node \"5ff634019715\" DevicePath \"\""
2025-01-29 13:24:02,848 INFO c.h.h.t.OperatorHelmChartContainer - [K3S] [reconciler_common.go:299] "Volume detached for volume \"script\" (UniqueName: \"kubernetes.io/configmap/9ff96094-cddf-4da0-9f54-3bffe3e6b730-script\") on node \"5ff634019715\" DevicePath \"\""
2025-01-29 13:24:03,522 INFO c.h.h.t.OperatorHelmChartContainer - [K3S] [kubelet_volumes.go:163] "Cleaned up orphaned pod volumes dir" podUID="9ff96094-cddf-4da0-9f54-3bffe3e6b730" path="/var/lib/kubelet/pods/9ff96094-cddf-4da0-9f54-3bffe3e6b730/volumes"
2025-01-29 13:24:03,614 INFO c.h.h.t.OperatorHelmChartContainer - [K3S] [scope.go:117] "RemoveContainer" containerID="d1e9bb6ace14a3113691fd72431189ad4af6d92ce2a5886fd5647f4bc7e4c1b6"
2025-01-29 13:24:03,973 INFO c.h.h.t.OperatorHelmChartContainer - [K3S] [memory_manager.go:355] "RemoveStaleState removing state" podUID="9ff96094-cddf-4da0-9f54-3bffe3e6b730" containerName="helper-pod"
2025-01-29 13:24:04,056 INFO c.h.h.t.OperatorHelmChartContainer - [K3S] [reconciler_common.go:251] "operationExecutor.VerifyControllerAttachedVolume started for volume \"pvc-97f4395c-107a-4670-8325-eb19a1cd6474\" (UniqueName: \"kubernetes.io/local-volume/pvc-97f4395c-107a-4670-8325-eb19a1cd6474\") pod \"local-hivemq-0\" (UID: \"d5a3027a-efb5-4e9f-a542-a81528b97343\") " pod="default/local-hivemq-0"
2025-01-29 13:24:04,056 INFO c.h.h.t.OperatorHelmChartContainer - [K3S] [reconciler_common.go:251] "operationExecutor.VerifyControllerAttachedVolume started for volume \"shared-data\" (UniqueName: \"kubernetes.io/empty-dir/d5a3027a-efb5-4e9f-a542-a81528b97343-shared-data\") pod \"local-hivemq-0\" (UID: \"d5a3027a-efb5-4e9f-a542-a81528b97343\") " pod="default/local-hivemq-0"
2025-01-29 13:24:04,056 INFO c.h.h.t.OperatorHelmChartContainer - [K3S] [reconciler_common.go:251] "operationExecutor.VerifyControllerAttachedVolume started for volume \"backup\" (UniqueName: \"kubernetes.io/empty-dir/d5a3027a-efb5-4e9f-a542-a81528b97343-backup\") pod \"local-hivemq-0\" (UID: \"d5a3027a-efb5-4e9f-a542-a81528b97343\") " pod="default/local-hivemq-0"
2025-01-29 13:24:04,056 INFO c.h.h.t.OperatorHelmChartContainer - [K3S] [reconciler_common.go:251] "operationExecutor.VerifyControllerAttachedVolume started for volume \"live-info\" (UniqueName: \"kubernetes.io/configmap/d5a3027a-efb5-4e9f-a542-a81528b97343-live-info\") pod \"local-hivemq-0\" (UID: \"d5a3027a-efb5-4e9f-a542-a81528b97343\") " pod="default/local-hivemq-0"
2025-01-29 13:24:04,056 INFO c.h.h.t.OperatorHelmChartContainer - [K3S] [reconciler_common.go:251] "operationExecutor.VerifyControllerAttachedVolume started for volume \"dns-wait-config\" (UniqueName: \"kubernetes.io/configmap/d5a3027a-efb5-4e9f-a542-a81528b97343-dns-wait-config\") pod \"local-hivemq-0\" (UID: \"d5a3027a-efb5-4e9f-a542-a81528b97343\") " pod="default/local-hivemq-0"
2025-01-29 13:24:04,056 INFO c.h.h.t.OperatorHelmChartContainer - [K3S] [reconciler_common.go:251] "operationExecutor.VerifyControllerAttachedVolume started for volume \"kube-api-access-46f2q\" (UniqueName: \"kubernetes.io/projected/d5a3027a-efb5-4e9f-a542-a81528b97343-kube-api-access-46f2q\") pod \"local-hivemq-0\" (UID: \"d5a3027a-efb5-4e9f-a542-a81528b97343\") " pod="default/local-hivemq-0"
2025-01-29 13:24:04,056 INFO c.h.h.t.OperatorHelmChartContainer - [K3S] [reconciler_common.go:251] "operationExecutor.VerifyControllerAttachedVolume started for volume \"audit\" (UniqueName: \"kubernetes.io/empty-dir/d5a3027a-efb5-4e9f-a542-a81528b97343-audit\") pod \"local-hivemq-0\" (UID: \"d5a3027a-efb5-4e9f-a542-a81528b97343\") " pod="default/local-hivemq-0"
2025-01-29 13:24:04,056 INFO c.h.h.t.OperatorHelmChartContainer - [K3S] [reconciler_common.go:251] "operationExecutor.VerifyControllerAttachedVolume started for volume \"heap-dumps\" (UniqueName: \"kubernetes.io/empty-dir/d5a3027a-efb5-4e9f-a542-a81528b97343-heap-dumps\") pod \"local-hivemq-0\" (UID: \"d5a3027a-efb5-4e9f-a542-a81528b97343\") " pod="default/local-hivemq-0"
2025-01-29 13:24:04,056 INFO c.h.h.t.OperatorHelmChartContainer - [K3S] [reconciler_common.go:251] "operationExecutor.VerifyControllerAttachedVolume started for volume \"conf-override\" (UniqueName: \"kubernetes.io/empty-dir/d5a3027a-efb5-4e9f-a542-a81528b97343-conf-override\") pod \"local-hivemq-0\" (UID: \"d5a3027a-efb5-4e9f-a542-a81528b97343\") " pod="default/local-hivemq-0"
2025-01-29 13:24:04,056 INFO c.h.h.t.OperatorHelmChartContainer - [K3S] [reconciler_common.go:251] "operationExecutor.VerifyControllerAttachedVolume started for volume \"log\" (UniqueName: \"kubernetes.io/empty-dir/d5a3027a-efb5-4e9f-a542-a81528b97343-log\") pod \"local-hivemq-0\" (UID: \"d5a3027a-efb5-4e9f-a542-a81528b97343\") " pod="default/local-hivemq-0"
2025-01-29 13:24:27,015 INFO c.h.h.t.OperatorHelmChartContainer - [K3S] [range_allocator.go:247] "Successfully synced" key="5ff634019715"
2025-01-29 13:24:49,938 DEBUG com.hivemq.helmcharts.util.K8sUtil - State to compare Updating and waiting for Running
2025-01-29 13:24:49,974 DEBUG com.hivemq.helmcharts.util.K8sUtil - State to compare Running and waiting for Running
2025-01-29 13:24:50,079 INFO t.localhost/testcontainers/f8jjhla2gptevphi:latest - Container localhost/testcontainers/f8jjhla2gptevphi:latest started in PT1M28.39588459S
2025-01-29 13:24:50,143 INFO c.h.h.t.OperatorHelmChartContainer - [EVENT] Normal [Starting] Starting kubelet. [null:5ff634019715]
2025-01-29 13:24:50,143 INFO c.h.h.t.OperatorHelmChartContainer - [EVENT] Warning [InvalidDiskCapacity] invalid capacity 0 on image filesystem [null:5ff634019715]
2025-01-29 13:24:50,145 INFO c.h.h.t.OperatorHelmChartContainer - [EVENT] Normal [NodeHasSufficientMemory] Node 5ff634019715 status is now: NodeHasSufficientMemory [null:5ff634019715]
2025-01-29 13:24:50,145 INFO c.h.h.t.OperatorHelmChartContainer - [EVENT] Normal [NodeHasNoDiskPressure] Node 5ff634019715 status is now: NodeHasNoDiskPressure [null:5ff634019715]
2025-01-29 13:24:50,147 INFO c.h.h.t.OperatorHelmChartContainer - [EVENT] Normal [NodeHasSufficientPID] Node 5ff634019715 status is now: NodeHasSufficientPID [null:5ff634019715]
2025-01-29 13:24:50,148 INFO c.h.h.t.OperatorHelmChartContainer - [EVENT] Normal [NodeAllocatableEnforced] Updated Node Allocatable limit across pods [null:5ff634019715]
2025-01-29 13:24:50,149 INFO c.h.h.t.OperatorHelmChartContainer - [EVENT] Normal [NodeReady] Node 5ff634019715 status is now: NodeReady [null:5ff634019715]
2025-01-29 13:24:50,149 INFO c.h.h.t.OperatorHelmChartContainer - [EVENT] Normal [NodePasswordValidationComplete] Deferred node password secret validation complete [null:5ff634019715]
2025-01-29 13:24:50,149 INFO c.h.h.t.OperatorHelmChartContainer - [EVENT] Normal [Synced] Node synced successfully [null:5ff634019715]
2025-01-29 13:24:50,149 INFO c.h.h.t.OperatorHelmChartContainer - [EVENT] Normal [RegisteredNode] Node 5ff634019715 event: Registered Node 5ff634019715 in Controller [null:5ff634019715]
2025-01-29 13:24:50,150 INFO c.h.h.t.OperatorHelmChartContainer - [EVENT] Normal [WaitForFirstConsumer] waiting for first consumer to be created before binding [default:data-local-hivemq-0]
2025-01-29 13:24:50,150 INFO c.h.h.t.OperatorHelmChartContainer - [EVENT] Normal [ExternalProvisioning] Waiting for a volume to be created either by the external provisioner 'rancher.io/local-path' or manually by the system administrator. If volume creation is delayed, please verify that the provisioner is running and correctly registered. [default:data-local-hivemq-0]
2025-01-29 13:24:50,150 INFO c.h.h.t.OperatorHelmChartContainer - [EVENT] Normal [Provisioning] External provisioner is provisioning volume for claim "default/data-local-hivemq-0" [default:data-local-hivemq-0]
2025-01-29 13:24:50,150 INFO c.h.h.t.OperatorHelmChartContainer - [EVENT] Normal [ProvisioningSucceeded] Successfully provisioned volume pvc-97f4395c-107a-4670-8325-eb19a1cd6474 [default:data-local-hivemq-0]
2025-01-29 13:24:50,151 INFO c.h.h.t.OperatorHelmChartContainer - [EVENT] Normal [Scheduled] Successfully assigned default/local-hivemq-0 to 5ff634019715 [default:local-hivemq-0]
2025-01-29 13:24:50,151 INFO c.h.h.t.OperatorHelmChartContainer - [EVENT] Normal [Pulling] Pulling image "busybox:latest" [default:local-hivemq-0]
2025-01-29 13:24:50,151 INFO c.h.h.t.OperatorHelmChartContainer - [EVENT] Normal [Pulled] Successfully pulled image "busybox:latest" in 1.607s (1.607s including waiting). Image size: 2167089 bytes. [default:local-hivemq-0]
2025-01-29 13:24:50,151 INFO c.h.h.t.OperatorHelmChartContainer - [EVENT] Normal [Created] Created container: init-shared [default:local-hivemq-0]
2025-01-29 13:24:50,151 INFO c.h.h.t.OperatorHelmChartContainer - [EVENT] Normal [Started] Started container init-shared [default:local-hivemq-0]
2025-01-29 13:24:50,152 INFO c.h.h.t.OperatorHelmChartContainer - [EVENT] Normal [Pulled] Container image "hivemq/init-dns-wait:snapshot" already present on machine [default:local-hivemq-0]
2025-01-29 13:24:50,152 INFO c.h.h.t.OperatorHelmChartContainer - [EVENT] Normal [Created] Created container: dns-wait [default:local-hivemq-0]
2025-01-29 13:24:50,152 INFO c.h.h.t.OperatorHelmChartContainer - [EVENT] Normal [Started] Started container dns-wait [default:local-hivemq-0]
2025-01-29 13:24:50,152 INFO c.h.h.t.OperatorHelmChartContainer - [EVENT] Normal [Pulled] Container image "hivemq/hivemq4:k8s-4.36.0" already present on machine [default:local-hivemq-0]
2025-01-29 13:24:50,152 INFO c.h.h.t.OperatorHelmChartContainer - Received Pulled event for container hivemq in pod local-hivemq-0 [d5a3027a-efb5-4e9f-a542-a81528b97343]
2025-01-29 13:24:50,153 INFO c.h.h.t.OperatorHelmChartContainer - [EVENT] Normal [Created] Created container: hivemq [default:local-hivemq-0]
2025-01-29 13:24:50,153 INFO c.h.h.t.OperatorHelmChartContainer - Received Created event for container hivemq in pod local-hivemq-0 [d5a3027a-efb5-4e9f-a542-a81528b97343]
2025-01-29 13:24:50,169 INFO c.h.h.t.OperatorHelmChartContainer - Started log watcher for hivemq in pod local-hivemq-0 [d5a3027a-efb5-4e9f-a542-a81528b97343]
2025-01-29 13:24:50,169 INFO c.h.h.t.OperatorHelmChartContainer - [EVENT] Normal [Started] Started container hivemq [default:local-hivemq-0]
2025-01-29 13:24:50,170 INFO c.h.h.t.OperatorHelmChartContainer - Received Started event for container hivemq in pod local-hivemq-0 [d5a3027a-efb5-4e9f-a542-a81528b97343]
2025-01-29 13:24:50,171 INFO c.h.h.t.OperatorHelmChartContainer - [EVENT] Warning [Unhealthy] Readiness probe failed: Log statement not present (yet)
 [default:local-hivemq-0]
2025-01-29 13:24:50,171 INFO c.h.h.t.OperatorHelmChartContainer - Received Unhealthy event for container hivemq in pod local-hivemq-0 [d5a3027a-efb5-4e9f-a542-a81528b97343]
2025-01-29 13:24:50,172 INFO c.h.h.t.OperatorHelmChartContainer - [EVENT] Warning [Unhealthy] Liveness probe failed: dial tcp 10.42.0.7:1883: connect: connection refused [default:local-hivemq-0]
2025-01-29 13:24:50,172 INFO c.h.h.t.OperatorHelmChartContainer - Received Unhealthy event for container hivemq in pod local-hivemq-0 [d5a3027a-efb5-4e9f-a542-a81528b97343]
2025-01-29 13:24:50,175 INFO c.h.h.t.OperatorHelmChartContainer - [EVENT] Normal [Scheduled] Successfully assigned default/local-hivemq-hivemq-operator-operator-6b564f6db4-c7lnz to 5ff634019715 [default:local-hivemq-hivemq-operator-operator-6b564f6db4-c7lnz]
2025-01-29 13:24:50,175 INFO c.h.h.t.OperatorHelmChartContainer - [local-hivemq-0] [hivemq] [d5a3027a] Copying external files
2025-01-29 13:24:50,175 INFO c.h.h.t.OperatorHelmChartContainer - [local-hivemq-0] [hivemq] [d5a3027a] Rewriting config.xml...
2025-01-29 13:24:50,176 INFO c.h.h.t.OperatorHelmChartContainer - [EVENT] Normal [Pulled] Container image "hivemq/hivemq-operator:snapshot" already present on machine [default:local-hivemq-hivemq-operator-operator-6b564f6db4-c7lnz]
2025-01-29 13:24:50,176 INFO c.h.h.t.OperatorHelmChartContainer - Received Pulled event for container operator in pod local-hivemq-hivemq-operator-operator-6b564f6db4-c7lnz [bf70eccb-22c7-4546-85c8-a11e9219055e]
2025-01-29 13:24:50,176 INFO c.h.h.t.OperatorHelmChartContainer - [EVENT] Normal [Created] Created container: operator [default:local-hivemq-hivemq-operator-operator-6b564f6db4-c7lnz]
2025-01-29 13:24:50,176 INFO c.h.h.t.OperatorHelmChartContainer - Received Created event for container operator in pod local-hivemq-hivemq-operator-operator-6b564f6db4-c7lnz [bf70eccb-22c7-4546-85c8-a11e9219055e]
2025-01-29 13:24:50,176 INFO c.h.h.t.OperatorHelmChartContainer - [local-hivemq-0] [hivemq] [d5a3027a] Creating initial lastUpdate files...
2025-01-29 13:24:50,177 INFO c.h.h.t.OperatorHelmChartContainer - [local-hivemq-0] [hivemq] [d5a3027a] Disabling Prometheus
2025-01-29 13:24:50,177 INFO c.h.h.t.OperatorHelmChartContainer - [local-hivemq-0] [hivemq] [d5a3027a] Pod info:
2025-01-29 13:24:50,177 INFO c.h.h.t.OperatorHelmChartContainer - [local-hivemq-0] [hivemq] [d5a3027a] extension-names=hivemq-kafka-extension hivemq-google-cloud-pubsub-extension hivemq-bridge-extension hivemq-enterprise-security-extension hivemq-distributed-tracing-extension hivemq-amazon-kinesis-extension
2025-01-29 13:24:50,177 INFO c.h.h.t.OperatorHelmChartContainer - [local-hivemq-0] [hivemq] [d5a3027a] extension-uris=preinstalled preinstalled preinstalled preinstalled preinstalled preinstalled
2025-01-29 13:24:50,177 INFO c.h.h.t.OperatorHelmChartContainer - [local-hivemq-0] [hivemq] [d5a3027a] extension-states=false false false false false false
2025-01-29 13:24:50,177 INFO c.h.h.t.OperatorHelmChartContainer - [local-hivemq-0] [hivemq] [d5a3027a] extensions-static=false false false false false false
2025-01-29 13:24:50,177 INFO c.h.h.t.OperatorHelmChartContainer - [local-hivemq-0] [hivemq] [d5a3027a] Installing extension #0 with name: hivemq-kafka-extension, URI: preinstalled, enabled state: false
2025-01-29 13:24:50,177 INFO c.h.h.t.OperatorHelmChartContainer - [local-hivemq-0] [hivemq] [d5a3027a] + [[ 3 != 3 ]]
2025-01-29 13:24:50,178 INFO c.h.h.t.OperatorHelmChartContainer - [local-hivemq-0] [hivemq] [d5a3027a] + EXTENSION_URI=preinstalled
2025-01-29 13:24:50,178 INFO c.h.h.t.OperatorHelmChartContainer - [local-hivemq-0] [hivemq] [d5a3027a] + EXTENSION_NAME=hivemq-kafka-extension
2025-01-29 13:24:50,178 INFO c.h.h.t.OperatorHelmChartContainer - [local-hivemq-0] [hivemq] [d5a3027a] + TARGET_STATE=false
2025-01-29 13:24:50,178 INFO c.h.h.t.OperatorHelmChartContainer - [local-hivemq-0] [hivemq] [d5a3027a] + TARGET_DIR=/opt/hivemq/extensions/hivemq-kafka-extension
2025-01-29 13:24:50,179 INFO c.h.h.t.OperatorHelmChartContainer - [local-hivemq-0] [hivemq] [d5a3027a] ++ mktemp -d
2025-01-29 13:24:50,179 INFO c.h.h.t.OperatorHelmChartContainer - [local-hivemq-0] [hivemq] [d5a3027a] + install_dir=/tmp/tmp.SczmolEwKX
2025-01-29 13:24:50,179 INFO c.h.h.t.OperatorHelmChartContainer - [local-hivemq-0] [hivemq] [d5a3027a] + set +e
2025-01-29 13:24:50,180 INFO c.h.h.t.OperatorHelmChartContainer - [local-hivemq-0] [hivemq] [d5a3027a] + [[ -f /opt/hivemq/extensions/hivemq-kafka-extension/DISABLED ]]
2025-01-29 13:24:50,180 INFO c.h.h.t.OperatorHelmChartContainer - [local-hivemq-0] [hivemq] [d5a3027a] + was_enabled=0
2025-01-29 13:24:50,180 INFO c.h.h.t.OperatorHelmChartContainer - [local-hivemq-0] [hivemq] [d5a3027a] + set -e
2025-01-29 13:24:50,180 INFO c.h.h.t.OperatorHelmChartContainer - [local-hivemq-0] [hivemq] [d5a3027a] + [[ preinstalled != \p\r\e\i\n\s\t\a\l\l\e\d ]]
2025-01-29 13:24:50,180 INFO c.h.h.t.OperatorHelmChartContainer - [local-hivemq-0] [hivemq] [d5a3027a] + [[ false == \f\a\l\s\e ]]
2025-01-29 13:24:50,180 INFO c.h.h.t.OperatorHelmChartContainer - [local-hivemq-0] [hivemq] [d5a3027a] + touch /opt/hivemq/extensions/hivemq-kafka-extension/DISABLED
2025-01-29 13:24:50,180 INFO c.h.h.t.OperatorHelmChartContainer - [local-hivemq-0] [hivemq] [d5a3027a] + was_enabled=0
2025-01-29 13:24:50,180 INFO c.h.h.t.OperatorHelmChartContainer - [local-hivemq-0] [hivemq] [d5a3027a] + [[ preinstalled != \p\r\e\i\n\s\t\a\l\l\e\d ]]
2025-01-29 13:24:50,180 INFO c.h.h.t.OperatorHelmChartContainer - [local-hivemq-0] [hivemq] [d5a3027a] + /opt/hivemq/bin/run_initialization.sh hivemq-kafka-extension
2025-01-29 13:24:50,180 INFO c.h.h.t.OperatorHelmChartContainer - [local-hivemq-0] [hivemq] [d5a3027a] + EXTENSION_NAME=hivemq-kafka-extension
2025-01-29 13:24:50,182 INFO c.h.h.t.OperatorHelmChartContainer - [local-hivemq-0] [hivemq] [d5a3027a] + TARGET_DIR=/opt/hivemq/extensions/hivemq-kafka-extension
2025-01-29 13:24:50,182 INFO c.h.h.t.OperatorHelmChartContainer - [local-hivemq-0] [hivemq] [d5a3027a] + cd /opt/hivemq/extensions/hivemq-kafka-extension
2025-01-29 13:24:50,182 INFO c.h.h.t.OperatorHelmChartContainer - [local-hivemq-0] [hivemq] [d5a3027a] + [[ -f init_tmp ]]
2025-01-29 13:24:50,182 INFO c.h.h.t.OperatorHelmChartContainer - [local-hivemq-0] [hivemq] [d5a3027a] + [[ -f /etc/podinfo/init-extension-hivemq-kafka-extension ]]
2025-01-29 13:24:50,182 INFO c.h.h.t.OperatorHelmChartContainer - [local-hivemq-0] [hivemq] [d5a3027a] Installing extension #1 with name: hivemq-google-cloud-pubsub-extension, URI: preinstalled, enabled state: false
2025-01-29 13:24:50,182 INFO c.h.h.t.OperatorHelmChartContainer - [local-hivemq-0] [hivemq] [d5a3027a] + [[ 3 != 3 ]]
2025-01-29 13:24:50,182 INFO c.h.h.t.OperatorHelmChartContainer - [local-hivemq-0] [hivemq] [d5a3027a] + EXTENSION_URI=preinstalled
2025-01-29 13:24:50,182 INFO c.h.h.t.OperatorHelmChartContainer - [local-hivemq-0] [hivemq] [d5a3027a] + EXTENSION_NAME=hivemq-google-cloud-pubsub-extension
2025-01-29 13:24:50,182 INFO c.h.h.t.OperatorHelmChartContainer - [local-hivemq-0] [hivemq] [d5a3027a] + TARGET_STATE=false
2025-01-29 13:24:50,182 INFO c.h.h.t.OperatorHelmChartContainer - [local-hivemq-0] [hivemq] [d5a3027a] + TARGET_DIR=/opt/hivemq/extensions/hivemq-google-cloud-pubsub-extension
2025-01-29 13:24:50,182 INFO c.h.h.t.OperatorHelmChartContainer - [local-hivemq-0] [hivemq] [d5a3027a] ++ mktemp -d
2025-01-29 13:24:50,182 INFO c.h.h.t.OperatorHelmChartContainer - [local-hivemq-0] [hivemq] [d5a3027a] + install_dir=/tmp/tmp.0Ax46Owpjh
2025-01-29 13:24:50,182 INFO c.h.h.t.OperatorHelmChartContainer - [local-hivemq-0] [hivemq] [d5a3027a] + set +e
2025-01-29 13:24:50,182 INFO c.h.h.t.OperatorHelmChartContainer - [local-hivemq-0] [hivemq] [d5a3027a] + [[ -f /opt/hivemq/extensions/hivemq-google-cloud-pubsub-extension/DISABLED ]]
2025-01-29 13:24:50,182 INFO c.h.h.t.OperatorHelmChartContainer - [local-hivemq-0] [hivemq] [d5a3027a] + was_enabled=0
2025-01-29 13:24:50,182 INFO c.h.h.t.OperatorHelmChartContainer - [local-hivemq-0] [hivemq] [d5a3027a] + set -e
2025-01-29 13:24:50,182 INFO c.h.h.t.OperatorHelmChartContainer - [local-hivemq-0] [hivemq] [d5a3027a] + [[ preinstalled != \p\r\e\i\n\s\t\a\l\l\e\d ]]
2025-01-29 13:24:50,182 INFO c.h.h.t.OperatorHelmChartContainer - [local-hivemq-0] [hivemq] [d5a3027a] + [[ false == \f\a\l\s\e ]]
2025-01-29 13:24:50,182 INFO c.h.h.t.OperatorHelmChartContainer - [local-hivemq-0] [hivemq] [d5a3027a] + touch /opt/hivemq/extensions/hivemq-google-cloud-pubsub-extension/DISABLED
2025-01-29 13:24:50,182 INFO c.h.h.t.OperatorHelmChartContainer - [local-hivemq-0] [hivemq] [d5a3027a] + was_enabled=0
2025-01-29 13:24:50,182 INFO c.h.h.t.OperatorHelmChartContainer - [local-hivemq-0] [hivemq] [d5a3027a] + [[ preinstalled != \p\r\e\i\n\s\t\a\l\l\e\d ]]
2025-01-29 13:24:50,182 INFO c.h.h.t.OperatorHelmChartContainer - [local-hivemq-0] [hivemq] [d5a3027a] + /opt/hivemq/bin/run_initialization.sh hivemq-google-cloud-pubsub-extension
2025-01-29 13:24:50,182 INFO c.h.h.t.OperatorHelmChartContainer - [local-hivemq-0] [hivemq] [d5a3027a] + EXTENSION_NAME=hivemq-google-cloud-pubsub-extension
2025-01-29 13:24:50,182 INFO c.h.h.t.OperatorHelmChartContainer - [local-hivemq-0] [hivemq] [d5a3027a] + TARGET_DIR=/opt/hivemq/extensions/hivemq-google-cloud-pubsub-extension
2025-01-29 13:24:50,182 INFO c.h.h.t.OperatorHelmChartContainer - [local-hivemq-0] [hivemq] [d5a3027a] + cd /opt/hivemq/extensions/hivemq-google-cloud-pubsub-extension
2025-01-29 13:24:50,183 INFO c.h.h.t.OperatorHelmChartContainer - [local-hivemq-0] [hivemq] [d5a3027a] + [[ -f init_tmp ]]
2025-01-29 13:24:50,183 INFO c.h.h.t.OperatorHelmChartContainer - [local-hivemq-0] [hivemq] [d5a3027a] + [[ -f /etc/podinfo/init-extension-hivemq-google-cloud-pubsub-extension ]]
2025-01-29 13:24:50,183 INFO c.h.h.t.OperatorHelmChartContainer - [local-hivemq-0] [hivemq] [d5a3027a] Installing extension #2 with name: hivemq-bridge-extension, URI: preinstalled, enabled state: false
2025-01-29 13:24:50,183 INFO c.h.h.t.OperatorHelmChartContainer - [local-hivemq-0] [hivemq] [d5a3027a] + [[ 3 != 3 ]]
2025-01-29 13:24:50,183 INFO c.h.h.t.OperatorHelmChartContainer - [local-hivemq-0] [hivemq] [d5a3027a] + EXTENSION_URI=preinstalled
2025-01-29 13:24:50,183 INFO c.h.h.t.OperatorHelmChartContainer - [local-hivemq-0] [hivemq] [d5a3027a] + EXTENSION_NAME=hivemq-bridge-extension
2025-01-29 13:24:50,183 INFO c.h.h.t.OperatorHelmChartContainer - [local-hivemq-0] [hivemq] [d5a3027a] + TARGET_STATE=false
2025-01-29 13:24:50,183 INFO c.h.h.t.OperatorHelmChartContainer - [local-hivemq-0] [hivemq] [d5a3027a] + TARGET_DIR=/opt/hivemq/extensions/hivemq-bridge-extension
2025-01-29 13:24:50,183 INFO c.h.h.t.OperatorHelmChartContainer - [local-hivemq-0] [hivemq] [d5a3027a] ++ mktemp -d
2025-01-29 13:24:50,183 INFO c.h.h.t.OperatorHelmChartContainer - [local-hivemq-0] [hivemq] [d5a3027a] + install_dir=/tmp/tmp.GOd14ihwyP
2025-01-29 13:24:50,183 INFO c.h.h.t.OperatorHelmChartContainer - [local-hivemq-0] [hivemq] [d5a3027a] + set +e
2025-01-29 13:24:50,183 INFO c.h.h.t.OperatorHelmChartContainer - [local-hivemq-0] [hivemq] [d5a3027a] + [[ -f /opt/hivemq/extensions/hivemq-bridge-extension/DISABLED ]]
2025-01-29 13:24:50,183 INFO c.h.h.t.OperatorHelmChartContainer - [local-hivemq-0] [hivemq] [d5a3027a] + was_enabled=0
2025-01-29 13:24:50,183 INFO c.h.h.t.OperatorHelmChartContainer - [local-hivemq-0] [hivemq] [d5a3027a] + set -e
2025-01-29 13:24:50,183 INFO c.h.h.t.OperatorHelmChartContainer - [local-hivemq-0] [hivemq] [d5a3027a] + [[ preinstalled != \p\r\e\i\n\s\t\a\l\l\e\d ]]
2025-01-29 13:24:50,183 INFO c.h.h.t.OperatorHelmChartContainer - [local-hivemq-0] [hivemq] [d5a3027a] + [[ false == \f\a\l\s\e ]]
2025-01-29 13:24:50,183 INFO c.h.h.t.OperatorHelmChartContainer - [local-hivemq-0] [hivemq] [d5a3027a] + touch /opt/hivemq/extensions/hivemq-bridge-extension/DISABLED
2025-01-29 13:24:50,183 INFO c.h.h.t.OperatorHelmChartContainer - [local-hivemq-0] [hivemq] [d5a3027a] + was_enabled=0
2025-01-29 13:24:50,183 INFO c.h.h.t.OperatorHelmChartContainer - [local-hivemq-0] [hivemq] [d5a3027a] + [[ preinstalled != \p\r\e\i\n\s\t\a\l\l\e\d ]]
2025-01-29 13:24:50,183 INFO c.h.h.t.OperatorHelmChartContainer - [local-hivemq-0] [hivemq] [d5a3027a] + /opt/hivemq/bin/run_initialization.sh hivemq-bridge-extension
2025-01-29 13:24:50,183 INFO c.h.h.t.OperatorHelmChartContainer - [local-hivemq-0] [hivemq] [d5a3027a] + EXTENSION_NAME=hivemq-bridge-extension
2025-01-29 13:24:50,183 INFO c.h.h.t.OperatorHelmChartContainer - [local-hivemq-0] [hivemq] [d5a3027a] + TARGET_DIR=/opt/hivemq/extensions/hivemq-bridge-extension
2025-01-29 13:24:50,183 INFO c.h.h.t.OperatorHelmChartContainer - [local-hivemq-0] [hivemq] [d5a3027a] + cd /opt/hivemq/extensions/hivemq-bridge-extension
2025-01-29 13:24:50,183 INFO c.h.h.t.OperatorHelmChartContainer - [local-hivemq-0] [hivemq] [d5a3027a] + [[ -f init_tmp ]]
2025-01-29 13:24:50,183 INFO c.h.h.t.OperatorHelmChartContainer - [local-hivemq-0] [hivemq] [d5a3027a] + [[ -f /etc/podinfo/init-extension-hivemq-bridge-extension ]]
2025-01-29 13:24:50,183 INFO c.h.h.t.OperatorHelmChartContainer - [local-hivemq-0] [hivemq] [d5a3027a] Installing extension #3 with name: hivemq-enterprise-security-extension, URI: preinstalled, enabled state: false
2025-01-29 13:24:50,183 INFO c.h.h.t.OperatorHelmChartContainer - [local-hivemq-0] [hivemq] [d5a3027a] + [[ 3 != 3 ]]
2025-01-29 13:24:50,183 INFO c.h.h.t.OperatorHelmChartContainer - [local-hivemq-0] [hivemq] [d5a3027a] + EXTENSION_URI=preinstalled
2025-01-29 13:24:50,183 INFO c.h.h.t.OperatorHelmChartContainer - [local-hivemq-0] [hivemq] [d5a3027a] + EXTENSION_NAME=hivemq-enterprise-security-extension
2025-01-29 13:24:50,183 INFO c.h.h.t.OperatorHelmChartContainer - [local-hivemq-0] [hivemq] [d5a3027a] + TARGET_STATE=false
2025-01-29 13:24:50,183 INFO c.h.h.t.OperatorHelmChartContainer - [local-hivemq-0] [hivemq] [d5a3027a] + TARGET_DIR=/opt/hivemq/extensions/hivemq-enterprise-security-extension
2025-01-29 13:24:50,183 INFO c.h.h.t.OperatorHelmChartContainer - [local-hivemq-0] [hivemq] [d5a3027a] ++ mktemp -d
2025-01-29 13:24:50,183 INFO c.h.h.t.OperatorHelmChartContainer - [local-hivemq-0] [hivemq] [d5a3027a] + install_dir=/tmp/tmp.EEgPzJJhJb
2025-01-29 13:24:50,183 INFO c.h.h.t.OperatorHelmChartContainer - [local-hivemq-0] [hivemq] [d5a3027a] + set +e
2025-01-29 13:24:50,183 INFO c.h.h.t.OperatorHelmChartContainer - [local-hivemq-0] [hivemq] [d5a3027a] + [[ -f /opt/hivemq/extensions/hivemq-enterprise-security-extension/DISABLED ]]
2025-01-29 13:24:50,183 INFO c.h.h.t.OperatorHelmChartContainer - [local-hivemq-0] [hivemq] [d5a3027a] + was_enabled=0
2025-01-29 13:24:50,183 INFO c.h.h.t.OperatorHelmChartContainer - [local-hivemq-0] [hivemq] [d5a3027a] + set -e
2025-01-29 13:24:50,183 INFO c.h.h.t.OperatorHelmChartContainer - [local-hivemq-0] [hivemq] [d5a3027a] + [[ preinstalled != \p\r\e\i\n\s\t\a\l\l\e\d ]]
2025-01-29 13:24:50,183 INFO c.h.h.t.OperatorHelmChartContainer - [local-hivemq-0] [hivemq] [d5a3027a] + [[ false == \f\a\l\s\e ]]
2025-01-29 13:24:50,183 INFO c.h.h.t.OperatorHelmChartContainer - [local-hivemq-0] [hivemq] [d5a3027a] + touch /opt/hivemq/extensions/hivemq-enterprise-security-extension/DISABLED
2025-01-29 13:24:50,183 INFO c.h.h.t.OperatorHelmChartContainer - [local-hivemq-0] [hivemq] [d5a3027a] + was_enabled=0
2025-01-29 13:24:50,183 INFO c.h.h.t.OperatorHelmChartContainer - [local-hivemq-0] [hivemq] [d5a3027a] + [[ preinstalled != \p\r\e\i\n\s\t\a\l\l\e\d ]]
2025-01-29 13:24:50,183 INFO c.h.h.t.OperatorHelmChartContainer - [local-hivemq-0] [hivemq] [d5a3027a] + /opt/hivemq/bin/run_initialization.sh hivemq-enterprise-security-extension
2025-01-29 13:24:50,183 INFO c.h.h.t.OperatorHelmChartContainer - [local-hivemq-0] [hivemq] [d5a3027a] + EXTENSION_NAME=hivemq-enterprise-security-extension
2025-01-29 13:24:50,183 INFO c.h.h.t.OperatorHelmChartContainer - [local-hivemq-0] [hivemq] [d5a3027a] + TARGET_DIR=/opt/hivemq/extensions/hivemq-enterprise-security-extension
2025-01-29 13:24:50,183 INFO c.h.h.t.OperatorHelmChartContainer - [local-hivemq-0] [hivemq] [d5a3027a] + cd /opt/hivemq/extensions/hivemq-enterprise-security-extension
2025-01-29 13:24:50,183 INFO c.h.h.t.OperatorHelmChartContainer - [local-hivemq-0] [hivemq] [d5a3027a] + [[ -f init_tmp ]]
2025-01-29 13:24:50,183 INFO c.h.h.t.OperatorHelmChartContainer - [local-hivemq-0] [hivemq] [d5a3027a] + [[ -f /etc/podinfo/init-extension-hivemq-enterprise-security-extension ]]
2025-01-29 13:24:50,183 INFO c.h.h.t.OperatorHelmChartContainer - [local-hivemq-0] [hivemq] [d5a3027a] + echo 'Using init script from config map'
2025-01-29 13:24:50,183 INFO c.h.h.t.OperatorHelmChartContainer - [local-hivemq-0] [hivemq] [d5a3027a] + cat /etc/podinfo/init-extension-hivemq-enterprise-security-extension
2025-01-29 13:24:50,183 INFO c.h.h.t.OperatorHelmChartContainer - [local-hivemq-0] [hivemq] [d5a3027a] Using init script from config map
2025-01-29 13:24:50,183 INFO c.h.h.t.OperatorHelmChartContainer - [local-hivemq-0] [hivemq] [d5a3027a] Executing initialization script
2025-01-29 13:24:50,183 INFO c.h.h.t.OperatorHelmChartContainer - [local-hivemq-0] [hivemq] [d5a3027a] + echo 'Executing initialization script'
2025-01-29 13:24:50,183 INFO c.h.h.t.OperatorHelmChartContainer - [local-hivemq-0] [hivemq] [d5a3027a] + chmod +x init
2025-01-29 13:24:50,183 INFO c.h.h.t.OperatorHelmChartContainer - [local-hivemq-0] [hivemq] [d5a3027a] + ./init
2025-01-29 13:24:50,183 INFO c.h.h.t.OperatorHelmChartContainer - [local-hivemq-0] [hivemq] [d5a3027a]   % Total    % Received % Xferd  Average Speed   Time    Time     Time  Current
2025-01-29 13:24:50,183 INFO c.h.h.t.OperatorHelmChartContainer - [local-hivemq-0] [hivemq] [d5a3027a]                                  Dload  Upload   Total   Spent    Left  Speed
2025-01-29 13:24:50,183 INFO c.h.h.t.OperatorHelmChartContainer - [local-hivemq-0] [hivemq] [d5a3027a] 
2025-01-29 13:24:50,183 INFO c.h.h.t.OperatorHelmChartContainer - [local-hivemq-0] [hivemq] [d5a3027a]   0     0    0     0    0     0      0      0 --:--:-- --:--:-- --:--:--     0
2025-01-29 13:24:50,183 INFO c.h.h.t.OperatorHelmChartContainer - [local-hivemq-0] [hivemq] [d5a3027a]   0     0    0     0    0     0      0      0 --:--:-- --:--:-- --:--:--     0
2025-01-29 13:24:50,183 INFO c.h.h.t.OperatorHelmChartContainer - [local-hivemq-0] [hivemq] [d5a3027a] 100  910k  100  910k    0     0  2132k      0 --:--:-- --:--:-- --:--:-- 2128k
2025-01-29 13:24:50,183 INFO c.h.h.t.OperatorHelmChartContainer - [local-hivemq-0] [hivemq] [d5a3027a] Installing extension #4 with name: hivemq-distributed-tracing-extension, URI: preinstalled, enabled state: false
2025-01-29 13:24:50,183 INFO c.h.h.t.OperatorHelmChartContainer - [local-hivemq-0] [hivemq] [d5a3027a] + [[ 3 != 3 ]]
2025-01-29 13:24:50,183 INFO c.h.h.t.OperatorHelmChartContainer - [local-hivemq-0] [hivemq] [d5a3027a] + EXTENSION_URI=preinstalled
2025-01-29 13:24:50,183 INFO c.h.h.t.OperatorHelmChartContainer - [local-hivemq-0] [hivemq] [d5a3027a] + EXTENSION_NAME=hivemq-distributed-tracing-extension
2025-01-29 13:24:50,183 INFO c.h.h.t.OperatorHelmChartContainer - [local-hivemq-0] [hivemq] [d5a3027a] + TARGET_STATE=false
2025-01-29 13:24:50,183 INFO c.h.h.t.OperatorHelmChartContainer - [local-hivemq-0] [hivemq] [d5a3027a] + TARGET_DIR=/opt/hivemq/extensions/hivemq-distributed-tracing-extension
2025-01-29 13:24:50,183 INFO c.h.h.t.OperatorHelmChartContainer - [local-hivemq-0] [hivemq] [d5a3027a] ++ mktemp -d
2025-01-29 13:24:50,183 INFO c.h.h.t.OperatorHelmChartContainer - [local-hivemq-0] [hivemq] [d5a3027a] + install_dir=/tmp/tmp.XLAkcYzkmO
2025-01-29 13:24:50,183 INFO c.h.h.t.OperatorHelmChartContainer - [local-hivemq-0] [hivemq] [d5a3027a] + set +e
2025-01-29 13:24:50,183 INFO c.h.h.t.OperatorHelmChartContainer - [local-hivemq-0] [hivemq] [d5a3027a] + [[ -f /opt/hivemq/extensions/hivemq-distributed-tracing-extension/DISABLED ]]
2025-01-29 13:24:50,183 INFO c.h.h.t.OperatorHelmChartContainer - [local-hivemq-0] [hivemq] [d5a3027a] + was_enabled=0
2025-01-29 13:24:50,183 INFO c.h.h.t.OperatorHelmChartContainer - [local-hivemq-0] [hivemq] [d5a3027a] + set -e
2025-01-29 13:24:50,183 INFO c.h.h.t.OperatorHelmChartContainer - [local-hivemq-0] [hivemq] [d5a3027a] + [[ preinstalled != \p\r\e\i\n\s\t\a\l\l\e\d ]]
2025-01-29 13:24:50,183 INFO c.h.h.t.OperatorHelmChartContainer - [local-hivemq-0] [hivemq] [d5a3027a] + [[ false == \f\a\l\s\e ]]
2025-01-29 13:24:50,183 INFO c.h.h.t.OperatorHelmChartContainer - [local-hivemq-0] [hivemq] [d5a3027a] + touch /opt/hivemq/extensions/hivemq-distributed-tracing-extension/DISABLED
2025-01-29 13:24:50,183 INFO c.h.h.t.OperatorHelmChartContainer - [local-hivemq-0] [hivemq] [d5a3027a] + was_enabled=0
2025-01-29 13:24:50,183 INFO c.h.h.t.OperatorHelmChartContainer - [local-hivemq-0] [hivemq] [d5a3027a] + [[ preinstalled != \p\r\e\i\n\s\t\a\l\l\e\d ]]
2025-01-29 13:24:50,183 INFO c.h.h.t.OperatorHelmChartContainer - [local-hivemq-0] [hivemq] [d5a3027a] + /opt/hivemq/bin/run_initialization.sh hivemq-distributed-tracing-extension
2025-01-29 13:24:50,183 INFO c.h.h.t.OperatorHelmChartContainer - [local-hivemq-0] [hivemq] [d5a3027a] + EXTENSION_NAME=hivemq-distributed-tracing-extension
2025-01-29 13:24:50,183 INFO c.h.h.t.OperatorHelmChartContainer - [local-hivemq-0] [hivemq] [d5a3027a] + TARGET_DIR=/opt/hivemq/extensions/hivemq-distributed-tracing-extension
2025-01-29 13:24:50,183 INFO c.h.h.t.OperatorHelmChartContainer - [local-hivemq-0] [hivemq] [d5a3027a] + cd /opt/hivemq/extensions/hivemq-distributed-tracing-extension
2025-01-29 13:24:50,183 INFO c.h.h.t.OperatorHelmChartContainer - [local-hivemq-0] [hivemq] [d5a3027a] + [[ -f init_tmp ]]
2025-01-29 13:24:50,183 INFO c.h.h.t.OperatorHelmChartContainer - [local-hivemq-0] [hivemq] [d5a3027a] + [[ -f /etc/podinfo/init-extension-hivemq-distributed-tracing-extension ]]
2025-01-29 13:24:50,183 INFO c.h.h.t.OperatorHelmChartContainer - [local-hivemq-0] [hivemq] [d5a3027a] Installing extension #5 with name: hivemq-amazon-kinesis-extension, URI: preinstalled, enabled state: false
2025-01-29 13:24:50,183 INFO c.h.h.t.OperatorHelmChartContainer - [local-hivemq-0] [hivemq] [d5a3027a] + [[ 3 != 3 ]]
2025-01-29 13:24:50,183 INFO c.h.h.t.OperatorHelmChartContainer - [local-hivemq-0] [hivemq] [d5a3027a] + EXTENSION_URI=preinstalled
2025-01-29 13:24:50,183 INFO c.h.h.t.OperatorHelmChartContainer - [local-hivemq-0] [hivemq] [d5a3027a] + EXTENSION_NAME=hivemq-amazon-kinesis-extension
2025-01-29 13:24:50,183 INFO c.h.h.t.OperatorHelmChartContainer - [local-hivemq-0] [hivemq] [d5a3027a] + TARGET_STATE=false
2025-01-29 13:24:50,183 INFO c.h.h.t.OperatorHelmChartContainer - [local-hivemq-0] [hivemq] [d5a3027a] + TARGET_DIR=/opt/hivemq/extensions/hivemq-amazon-kinesis-extension
2025-01-29 13:24:50,183 INFO c.h.h.t.OperatorHelmChartContainer - [local-hivemq-0] [hivemq] [d5a3027a] ++ mktemp -d
2025-01-29 13:24:50,183 INFO c.h.h.t.OperatorHelmChartContainer - [local-hivemq-0] [hivemq] [d5a3027a] + install_dir=/tmp/tmp.8wi6pqVmte
2025-01-29 13:24:50,183 INFO c.h.h.t.OperatorHelmChartContainer - [local-hivemq-0] [hivemq] [d5a3027a] + set +e
2025-01-29 13:24:50,183 INFO c.h.h.t.OperatorHelmChartContainer - [local-hivemq-0] [hivemq] [d5a3027a] + [[ -f /opt/hivemq/extensions/hivemq-amazon-kinesis-extension/DISABLED ]]
2025-01-29 13:24:50,183 INFO c.h.h.t.OperatorHelmChartContainer - [local-hivemq-0] [hivemq] [d5a3027a] + was_enabled=0
2025-01-29 13:24:50,183 INFO c.h.h.t.OperatorHelmChartContainer - [local-hivemq-0] [hivemq] [d5a3027a] + set -e
2025-01-29 13:24:50,183 INFO c.h.h.t.OperatorHelmChartContainer - [local-hivemq-0] [hivemq] [d5a3027a] + [[ preinstalled != \p\r\e\i\n\s\t\a\l\l\e\d ]]
2025-01-29 13:24:50,183 INFO c.h.h.t.OperatorHelmChartContainer - [local-hivemq-0] [hivemq] [d5a3027a] + [[ false == \f\a\l\s\e ]]
2025-01-29 13:24:50,183 INFO c.h.h.t.OperatorHelmChartContainer - [local-hivemq-0] [hivemq] [d5a3027a] + touch /opt/hivemq/extensions/hivemq-amazon-kinesis-extension/DISABLED
2025-01-29 13:24:50,183 INFO c.h.h.t.OperatorHelmChartContainer - [local-hivemq-0] [hivemq] [d5a3027a] + was_enabled=0
2025-01-29 13:24:50,183 INFO c.h.h.t.OperatorHelmChartContainer - [local-hivemq-0] [hivemq] [d5a3027a] + [[ preinstalled != \p\r\e\i\n\s\t\a\l\l\e\d ]]
2025-01-29 13:24:50,183 INFO c.h.h.t.OperatorHelmChartContainer - [local-hivemq-0] [hivemq] [d5a3027a] + /opt/hivemq/bin/run_initialization.sh hivemq-amazon-kinesis-extension
2025-01-29 13:24:50,183 INFO c.h.h.t.OperatorHelmChartContainer - [local-hivemq-0] [hivemq] [d5a3027a] + EXTENSION_NAME=hivemq-amazon-kinesis-extension
2025-01-29 13:24:50,183 INFO c.h.h.t.OperatorHelmChartContainer - [local-hivemq-0] [hivemq] [d5a3027a] + TARGET_DIR=/opt/hivemq/extensions/hivemq-amazon-kinesis-extension
2025-01-29 13:24:50,184 INFO c.h.h.t.OperatorHelmChartContainer - [local-hivemq-0] [hivemq] [d5a3027a] + cd /opt/hivemq/extensions/hivemq-amazon-kinesis-extension
2025-01-29 13:24:50,184 INFO c.h.h.t.OperatorHelmChartContainer - [local-hivemq-0] [hivemq] [d5a3027a] + [[ -f init_tmp ]]
2025-01-29 13:24:50,184 INFO c.h.h.t.OperatorHelmChartContainer - [local-hivemq-0] [hivemq] [d5a3027a] + [[ -f /etc/podinfo/init-extension-hivemq-amazon-kinesis-extension ]]
2025-01-29 13:24:50,184 INFO c.h.h.t.OperatorHelmChartContainer - [local-hivemq-0] [hivemq] [d5a3027a] -------------------------------------------------------------------------
2025-01-29 13:24:50,184 INFO c.h.h.t.OperatorHelmChartContainer - [local-hivemq-0] [hivemq] [d5a3027a] 
2025-01-29 13:24:50,184 INFO c.h.h.t.OperatorHelmChartContainer - [local-hivemq-0] [hivemq] [d5a3027a]                   _    _  _              __  __   ____
2025-01-29 13:24:50,184 INFO c.h.h.t.OperatorHelmChartContainer - [local-hivemq-0] [hivemq] [d5a3027a]                  | |  | |(_)            |  \/  | / __ \
2025-01-29 13:24:50,184 INFO c.h.h.t.OperatorHelmChartContainer - [local-hivemq-0] [hivemq] [d5a3027a]                  | |__| | _ __   __ ___ | \  / || |  | |
2025-01-29 13:24:50,184 INFO c.h.h.t.OperatorHelmChartContainer - [local-hivemq-0] [hivemq] [d5a3027a]                  |  __  || |\ \ / // _ \| |\/| || |  | |
2025-01-29 13:24:50,184 INFO c.h.h.t.OperatorHelmChartContainer - [local-hivemq-0] [hivemq] [d5a3027a]                  | |  | || | \ V /|  __/| |  | || |__| |
2025-01-29 13:24:50,184 INFO c.h.h.t.OperatorHelmChartContainer - [local-hivemq-0] [hivemq] [d5a3027a]                  |_|  |_||_|  \_/  \___||_|  |_| \___\_\
2025-01-29 13:24:50,184 INFO c.h.h.t.OperatorHelmChartContainer - [local-hivemq-0] [hivemq] [d5a3027a] 
2025-01-29 13:24:50,184 INFO c.h.h.t.OperatorHelmChartContainer - [local-hivemq-0] [hivemq] [d5a3027a] -------------------------------------------------------------------------
2025-01-29 13:24:50,184 INFO c.h.h.t.OperatorHelmChartContainer - [local-hivemq-0] [hivemq] [d5a3027a] 
2025-01-29 13:24:50,184 INFO c.h.h.t.OperatorHelmChartContainer - [local-hivemq-0] [hivemq] [d5a3027a]   HiveMQ Start Script for Linux/Unix v1.14
2025-01-29 13:24:50,184 INFO c.h.h.t.OperatorHelmChartContainer - [local-hivemq-0] [hivemq] [d5a3027a] 
2025-01-29 13:24:50,184 INFO c.h.h.t.OperatorHelmChartContainer - [local-hivemq-0] [hivemq] [d5a3027a] -------------------------------------------------------------------------
2025-01-29 13:24:50,184 INFO c.h.h.t.OperatorHelmChartContainer - [local-hivemq-0] [hivemq] [d5a3027a] 
2025-01-29 13:24:50,184 INFO c.h.h.t.OperatorHelmChartContainer - [local-hivemq-0] [hivemq] [d5a3027a]   HIVEMQ_HOME: /opt/hivemq
2025-01-29 13:24:50,184 INFO c.h.h.t.OperatorHelmChartContainer - [local-hivemq-0] [hivemq] [d5a3027a] 
2025-01-29 13:24:50,184 INFO c.h.h.t.OperatorHelmChartContainer - [local-hivemq-0] [hivemq] [d5a3027a]   JAVA_OPTS: -XX:+UnlockExperimentalVMOptions -XX:InitialRAMPercentage=40 -XX:MaxRAMPercentage=50 -XX:MinRAMPercentage=30 -Djava.net.preferIPv4Stack=true --add-opens java.base/java.lang=ALL-UNNAMED --add-opens java.base/java.nio=ALL-UNNAMED --add-opens java.base/sun.nio.ch=ALL-UNNAMED --add-opens jdk.management/com.sun.management.internal=ALL-UNNAMED --add-exports java.base/jdk.internal.misc=ALL-UNNAMED -Djava.security.egd=file:/dev/./urandom -Dcom.sun.management.jmxremote -Dcom.sun.management.jmxremote.port=9010 -Dcom.sun.management.jmxremote.local.only=false -Dcom.sun.management.jmxremote.authenticate=false -Dcom.sun.management.jmxremote.ssl=false -Duser.language=en -Duser.region=US -XX:+CrashOnOutOfMemoryError -XX:+HeapDumpOnOutOfMemoryError
2025-01-29 13:24:50,184 INFO c.h.h.t.OperatorHelmChartContainer - [local-hivemq-0] [hivemq] [d5a3027a] 
2025-01-29 13:24:50,184 INFO c.h.h.t.OperatorHelmChartContainer - [local-hivemq-0] [hivemq] [d5a3027a]   JAVA_VERSION: 21
2025-01-29 13:24:50,184 INFO c.h.h.t.OperatorHelmChartContainer - [local-hivemq-0] [hivemq] [d5a3027a] 
2025-01-29 13:24:50,184 INFO c.h.h.t.OperatorHelmChartContainer - [local-hivemq-0] [hivemq] [d5a3027a] -------------------------------------------------------------------------
2025-01-29 13:24:50,184 INFO c.h.h.t.OperatorHelmChartContainer - [local-hivemq-0] [hivemq] [d5a3027a] 
2025-01-29 13:24:50,184 INFO c.h.h.t.OperatorHelmChartContainer - [local-hivemq-0] [hivemq] [d5a3027a] INFO  - Starting HiveMQ Enterprise Server
2025-01-29 13:24:50,184 INFO c.h.h.t.OperatorHelmChartContainer - [local-hivemq-0] [hivemq] [d5a3027a] INFO  - HiveMQ version: 4.36.0
2025-01-29 13:24:50,184 INFO c.h.h.t.OperatorHelmChartContainer - [local-hivemq-0] [hivemq] [d5a3027a] INFO  - HiveMQ home directory: /opt/hivemq
2025-01-29 13:24:50,184 INFO c.h.h.t.OperatorHelmChartContainer - [local-hivemq-0] [hivemq] [d5a3027a] INFO  - Log Configuration was overridden by /opt/hivemq/conf/logback.xml
2025-01-29 13:24:50,184 INFO c.h.h.t.OperatorHelmChartContainer - [local-hivemq-0] [hivemq] [d5a3027a] DEBUG - Adding TCP Listener on bind address 0.0.0.0 and port 1883. Name: tcp-listener-1883. Proxy Protocol supported: false
2025-01-29 13:24:50,184 INFO c.h.h.t.OperatorHelmChartContainer - [local-hivemq-0] [hivemq] [d5a3027a] DEBUG - Setting retained messages enabled to true
2025-01-29 13:24:50,184 INFO c.h.h.t.OperatorHelmChartContainer - [local-hivemq-0] [hivemq] [d5a3027a] DEBUG - Setting wildcard subscriptions enabled to true
2025-01-29 13:24:50,184 INFO c.h.h.t.OperatorHelmChartContainer - [local-hivemq-0] [hivemq] [d5a3027a] DEBUG - Setting subscription identifier enabled to true
2025-01-29 13:24:50,184 INFO c.h.h.t.OperatorHelmChartContainer - [local-hivemq-0] [hivemq] [d5a3027a] DEBUG - Setting shared subscriptions enabled to true
2025-01-29 13:24:50,192 INFO c.h.h.t.OperatorHelmChartContainer - [local-hivemq-0] [hivemq] [d5a3027a] DEBUG - Setting maximum qos to EXACTLY_ONCE 
2025-01-29 13:24:50,192 INFO c.h.h.t.OperatorHelmChartContainer - [local-hivemq-0] [hivemq] [d5a3027a] DEBUG - Setting topic alias enabled to true
2025-01-29 13:24:50,192 INFO c.h.h.t.OperatorHelmChartContainer - [local-hivemq-0] [hivemq] [d5a3027a] DEBUG - Setting topic alias maximum per client to 5
2025-01-29 13:24:50,192 INFO c.h.h.t.OperatorHelmChartContainer - [local-hivemq-0] [hivemq] [d5a3027a] DEBUG - Setting the number of max queued messages  per client to 1000 entries
2025-01-29 13:24:50,192 INFO c.h.h.t.OperatorHelmChartContainer - [local-hivemq-0] [hivemq] [d5a3027a] DEBUG - Setting queued messages strategy for each client to DISCARD
2025-01-29 13:24:50,192 INFO c.h.h.t.OperatorHelmChartContainer - [local-hivemq-0] [hivemq] [d5a3027a] DEBUG - Setting the expiry interval for client sessions to 4294967295 seconds
2025-01-29 13:24:50,192 INFO c.h.h.t.OperatorHelmChartContainer - [local-hivemq-0] [hivemq] [d5a3027a] DEBUG - Setting the expiry interval for publish messages to 4294967296 seconds
2025-01-29 13:24:50,192 INFO c.h.h.t.OperatorHelmChartContainer - [local-hivemq-0] [hivemq] [d5a3027a] DEBUG - Setting the server receive maximum to 10
2025-01-29 13:24:50,192 INFO c.h.h.t.OperatorHelmChartContainer - [local-hivemq-0] [hivemq] [d5a3027a] DEBUG - Setting keep alive maximum to 65535 seconds
2025-01-29 13:24:50,192 INFO c.h.h.t.OperatorHelmChartContainer - [local-hivemq-0] [hivemq] [d5a3027a] DEBUG - Setting keep alive allow zero to true
2025-01-29 13:24:50,192 INFO c.h.h.t.OperatorHelmChartContainer - [local-hivemq-0] [hivemq] [d5a3027a] DEBUG - Setting the maximum packet size for mqtt messages 268435460 bytes
2025-01-29 13:24:50,192 INFO c.h.h.t.OperatorHelmChartContainer - [local-hivemq-0] [hivemq] [d5a3027a] DEBUG - Setting global maximum allowed connections to -1
2025-01-29 13:24:50,192 INFO c.h.h.t.OperatorHelmChartContainer - [local-hivemq-0] [hivemq] [d5a3027a] DEBUG - Setting the maximum client id length to 65535
2025-01-29 13:24:50,193 INFO c.h.h.t.OperatorHelmChartContainer - [local-hivemq-0] [hivemq] [d5a3027a] DEBUG - Setting the timeout for disconnecting idle tcp connections before a connect message was received to 10000 milliseconds
2025-01-29 13:24:50,193 INFO c.h.h.t.OperatorHelmChartContainer - [local-hivemq-0] [hivemq] [d5a3027a] DEBUG - Throttling the global incoming traffic limit 0 bytes/second
2025-01-29 13:24:50,193 INFO c.h.h.t.OperatorHelmChartContainer - [local-hivemq-0] [hivemq] [d5a3027a] DEBUG - Setting the maximum topic length to 65535
2025-01-29 13:24:50,193 INFO c.h.h.t.OperatorHelmChartContainer - [local-hivemq-0] [hivemq] [d5a3027a] DEBUG - Setting allow server assigned client identifier to true
2025-01-29 13:24:50,193 INFO c.h.h.t.OperatorHelmChartContainer - [local-hivemq-0] [hivemq] [d5a3027a] DEBUG - Setting validate UTF-8 to true
2025-01-29 13:24:50,193 INFO c.h.h.t.OperatorHelmChartContainer - [local-hivemq-0] [hivemq] [d5a3027a] DEBUG - Setting payload format validation to false
2025-01-29 13:24:50,193 INFO c.h.h.t.OperatorHelmChartContainer - [local-hivemq-0] [hivemq] [d5a3027a] DEBUG - Setting allow-problem-information to true
2025-01-29 13:24:50,193 INFO c.h.h.t.OperatorHelmChartContainer - [local-hivemq-0] [hivemq] [d5a3027a] DEBUG - Setting control-center audit log enabled to true
2025-01-29 13:24:50,193 INFO c.h.h.t.OperatorHelmChartContainer - [local-hivemq-0] [hivemq] [d5a3027a] DEBUG - Setting rest-api audit log enabled to true
2025-01-29 13:24:50,193 INFO c.h.h.t.OperatorHelmChartContainer - [local-hivemq-0] [hivemq] [d5a3027a] DEBUG - Setting HiveMQ Control Center enabled to true 
2025-01-29 13:24:50,193 INFO c.h.h.t.OperatorHelmChartContainer - [local-hivemq-0] [hivemq] [d5a3027a] DEBUG - Setting HiveMQ Control Center default login enabled to true 
2025-01-29 13:24:50,193 INFO c.h.h.t.OperatorHelmChartContainer - [local-hivemq-0] [hivemq] [d5a3027a] DEBUG - Setting HiveMQ Control Center session idle time to 14400 seconds
2025-01-29 13:24:50,193 INFO c.h.h.t.OperatorHelmChartContainer - [local-hivemq-0] [hivemq] [d5a3027a] DEBUG - Adding Http-Listener to HiveMQ Control Center Config
2025-01-29 13:24:50,193 INFO c.h.h.t.OperatorHelmChartContainer - [local-hivemq-0] [hivemq] [d5a3027a] DEBUG - Set TLS to disabled for cluster TCP transport
2025-01-29 13:24:50,193 INFO c.h.h.t.OperatorHelmChartContainer - [local-hivemq-0] [hivemq] [d5a3027a] DEBUG - Setting replica count to 2 
2025-01-29 13:24:50,193 INFO c.h.h.t.OperatorHelmChartContainer - [local-hivemq-0] [hivemq] [d5a3027a] DEBUG - Setting cluster TCP health-check enabled
2025-01-29 13:24:50,193 INFO c.h.h.t.OperatorHelmChartContainer - [local-hivemq-0] [hivemq] [d5a3027a] DEBUG - Setting cluster TCP health-check bind-address to 10.42.0.7
2025-01-29 13:24:50,193 INFO c.h.h.t.OperatorHelmChartContainer - [local-hivemq-0] [hivemq] [d5a3027a] DEBUG - Setting cluster TCP health-check bind-address to 9000
2025-01-29 13:24:50,193 INFO c.h.h.t.OperatorHelmChartContainer - [local-hivemq-0] [hivemq] [d5a3027a] DEBUG - Setting cluster TCP health-check bind-port to 9000
2025-01-29 13:24:50,193 INFO c.h.h.t.OperatorHelmChartContainer - [local-hivemq-0] [hivemq] [d5a3027a] DEBUG - Setting cluster TCP health-check external-address to default
2025-01-29 13:24:50,194 INFO c.h.h.t.OperatorHelmChartContainer - [local-hivemq-0] [hivemq] [d5a3027a] DEBUG - Setting cluster TCP health-check external-port to 0
2025-01-29 13:24:50,194 INFO c.h.h.t.OperatorHelmChartContainer - [local-hivemq-0] [hivemq] [d5a3027a] DEBUG - Setting cluster heartbeat enabled
2025-01-29 13:24:50,194 INFO c.h.h.t.OperatorHelmChartContainer - [local-hivemq-0] [hivemq] [d5a3027a] DEBUG - Setting cluster heartbeat interval to 4000 ms
2025-01-29 13:24:50,194 INFO c.h.h.t.OperatorHelmChartContainer - [local-hivemq-0] [hivemq] [d5a3027a] DEBUG - Setting the cluster heartbeat timeout to 30000 ms
2025-01-29 13:24:50,194 INFO c.h.h.t.OperatorHelmChartContainer - [local-hivemq-0] [hivemq] [d5a3027a] DEBUG - Setting HiveMQ REST API enabled to false 
2025-01-29 13:24:50,194 INFO c.h.h.t.OperatorHelmChartContainer - [local-hivemq-0] [hivemq] [d5a3027a] DEBUG - Setting HiveMQ REST API authentication enabled to false 
2025-01-29 13:24:50,194 INFO c.h.h.t.OperatorHelmChartContainer - [local-hivemq-0] [hivemq] [d5a3027a] DEBUG - Setting HiveMQ Health API enabled to false 
2025-01-29 13:24:50,194 INFO c.h.h.t.OperatorHelmChartContainer - [local-hivemq-0] [hivemq] [d5a3027a] DEBUG - Setting client event history enabled to false
2025-01-29 13:24:50,194 INFO c.h.h.t.OperatorHelmChartContainer - [local-hivemq-0] [hivemq] [d5a3027a] DEBUG - Setting client event history lifetime to 604800000 ms
2025-01-29 13:24:50,194 INFO c.h.h.t.OperatorHelmChartContainer - [local-hivemq-0] [hivemq] [d5a3027a] DEBUG - Setting overload protection enabled to true 
2025-01-29 13:24:50,194 INFO c.h.h.t.OperatorHelmChartContainer - [local-hivemq-0] [hivemq] [d5a3027a] DEBUG - Setting anonymous usage statistics enabled to false 
2025-01-29 13:24:50,194 INFO c.h.h.t.OperatorHelmChartContainer - [local-hivemq-0] [hivemq] [d5a3027a] DEBUG - Setting expired messages topic enabled to false
2025-01-29 13:24:50,194 INFO c.h.h.t.OperatorHelmChartContainer - [local-hivemq-0] [hivemq] [d5a3027a] DEBUG - Setting dropped messages topic enabled to false
2025-01-29 13:24:50,194 INFO c.h.h.t.OperatorHelmChartContainer - [local-hivemq-0] [hivemq] [d5a3027a] DEBUG - Setting dead messages topic enabled to false
2025-01-29 13:24:50,194 INFO c.h.h.t.OperatorHelmChartContainer - [local-hivemq-0] [hivemq] [d5a3027a] INFO  - Successfully loaded configuration from '/opt/hivemq/conf/config.xml'.
2025-01-29 13:24:50,194 INFO c.h.h.t.OperatorHelmChartContainer - [local-hivemq-0] [hivemq] [d5a3027a] DEBUG - Performing sanity checks.
2025-01-29 13:24:50,194 INFO c.h.h.t.OperatorHelmChartContainer - [local-hivemq-0] [hivemq] [d5a3027a] DEBUG - Soft limit for open files (1048576) satisfies the recommended limit (1000000).
2025-01-29 13:24:50,194 INFO c.h.h.t.OperatorHelmChartContainer - [local-hivemq-0] [hivemq] [d5a3027a] DEBUG - Hard limit for open files (1048576) satisfies the recommended limit (1000000).
2025-01-29 13:24:50,194 INFO c.h.h.t.OperatorHelmChartContainer - [local-hivemq-0] [hivemq] [d5a3027a] DEBUG - HiveMQ license directory (/opt/hivemq/license) satisfies all required file-system permissions.
2025-01-29 13:24:50,194 INFO c.h.h.t.OperatorHelmChartContainer - [local-hivemq-0] [hivemq] [d5a3027a] DEBUG - HiveMQ data directory (/opt/hivemq/data) satisfies all required file-system permissions.
2025-01-29 13:24:50,194 INFO c.h.h.t.OperatorHelmChartContainer - [local-hivemq-0] [hivemq] [d5a3027a] DEBUG - HiveMQ log directory (/opt/hivemq/log) satisfies all required file-system permissions.
2025-01-29 13:24:50,194 INFO c.h.h.t.OperatorHelmChartContainer - [local-hivemq-0] [hivemq] [d5a3027a] DEBUG - HiveMQ backup directory (/opt/hivemq/backup) satisfies all required file-system permissions.
2025-01-29 13:24:50,194 INFO c.h.h.t.OperatorHelmChartContainer - [local-hivemq-0] [hivemq] [d5a3027a] DEBUG - HiveMQ audit directory (/opt/hivemq/audit) satisfies all required file-system permissions.
2025-01-29 13:24:50,194 INFO c.h.h.t.OperatorHelmChartContainer - [local-hivemq-0] [hivemq] [d5a3027a] DEBUG - HiveMQ extensions directory (/opt/hivemq/extensions) satisfies all required file-system permissions.
2025-01-29 13:24:50,194 INFO c.h.h.t.OperatorHelmChartContainer - [local-hivemq-0] [hivemq] [d5a3027a] DEBUG - Extension directory hivemq-allow-all-extension (/opt/hivemq/extensions/hivemq-allow-all-extension) satisfies all required file-system permissions.
2025-01-29 13:24:50,194 INFO c.h.h.t.OperatorHelmChartContainer - [local-hivemq-0] [hivemq] [d5a3027a] DEBUG - Extension directory hivemq-google-cloud-pubsub-extension (/opt/hivemq/extensions/hivemq-google-cloud-pubsub-extension) satisfies all required file-system permissions.
2025-01-29 13:24:50,194 INFO c.h.h.t.OperatorHelmChartContainer - [local-hivemq-0] [hivemq] [d5a3027a] DEBUG - Extension directory hivemq-enterprise-security-extension (/opt/hivemq/extensions/hivemq-enterprise-security-extension) satisfies all required file-system permissions.
2025-01-29 13:24:50,194 INFO c.h.h.t.OperatorHelmChartContainer - [local-hivemq-0] [hivemq] [d5a3027a] DEBUG - Extension directory hivemq-bridge-extension (/opt/hivemq/extensions/hivemq-bridge-extension) satisfies all required file-system permissions.
2025-01-29 13:24:50,194 INFO c.h.h.t.OperatorHelmChartContainer - [local-hivemq-0] [hivemq] [d5a3027a] DEBUG - Extension directory hivemq-kafka-extension (/opt/hivemq/extensions/hivemq-kafka-extension) satisfies all required file-system permissions.
2025-01-29 13:24:50,194 INFO c.h.h.t.OperatorHelmChartContainer - [local-hivemq-0] [hivemq] [d5a3027a] DEBUG - Extension directory hivemq-distributed-tracing-extension (/opt/hivemq/extensions/hivemq-distributed-tracing-extension) satisfies all required file-system permissions.
2025-01-29 13:24:50,194 INFO c.h.h.t.OperatorHelmChartContainer - [local-hivemq-0] [hivemq] [d5a3027a] DEBUG - Extension directory hivemq-prometheus-extension (/opt/hivemq/extensions/hivemq-prometheus-extension) satisfies all required file-system permissions.
2025-01-29 13:24:50,194 INFO c.h.h.t.OperatorHelmChartContainer - [local-hivemq-0] [hivemq] [d5a3027a] DEBUG - Extension directory hivemq-amazon-kinesis-extension (/opt/hivemq/extensions/hivemq-amazon-kinesis-extension) satisfies all required file-system permissions.
2025-01-29 13:24:50,194 INFO c.h.h.t.OperatorHelmChartContainer - [local-hivemq-0] [hivemq] [d5a3027a] DEBUG - Extension directory hivemq-k8s-sync-extension (/opt/hivemq/extensions/hivemq-k8s-sync-extension) satisfies all required file-system permissions.
2025-01-29 13:24:50,194 INFO c.h.h.t.OperatorHelmChartContainer - [local-hivemq-0] [hivemq] [d5a3027a] DEBUG - Extension directory hivemq-dns-cluster-discovery (/opt/hivemq/extensions/hivemq-dns-cluster-discovery) satisfies all required file-system permissions.
2025-01-29 13:24:50,194 INFO c.h.h.t.OperatorHelmChartContainer - [local-hivemq-0] [hivemq] [d5a3027a] DEBUG - Extension directory hivemq-snowflake-extension (/opt/hivemq/extensions/hivemq-snowflake-extension) satisfies all required file-system permissions.
2025-01-29 13:24:50,194 INFO c.h.h.t.OperatorHelmChartContainer - [local-hivemq-0] [hivemq] [d5a3027a] DEBUG - Extension directory hivemq-postgresql-extension (/opt/hivemq/extensions/hivemq-postgresql-extension) satisfies all required file-system permissions.
2025-01-29 13:24:50,194 INFO c.h.h.t.OperatorHelmChartContainer - [local-hivemq-0] [hivemq] [d5a3027a] DEBUG - Extension directory hivemq-mysql-extension (/opt/hivemq/extensions/hivemq-mysql-extension) satisfies all required file-system permissions.
2025-01-29 13:24:50,194 INFO c.h.h.t.OperatorHelmChartContainer - [local-hivemq-0] [hivemq] [d5a3027a] DEBUG - Extension directory hivemq-mongodb-extension (/opt/hivemq/extensions/hivemq-mongodb-extension) satisfies all required file-system permissions.
2025-01-29 13:24:50,194 INFO c.h.h.t.OperatorHelmChartContainer - [local-hivemq-0] [hivemq] [d5a3027a] DEBUG - Extension directory hivemq-data-lake-extension (/opt/hivemq/extensions/hivemq-data-lake-extension) satisfies all required file-system permissions.
2025-01-29 13:24:50,194 INFO c.h.h.t.OperatorHelmChartContainer - [local-hivemq-0] [hivemq] [d5a3027a] DEBUG - Extension directory hivemq-microsoft-sql-server-extension (/opt/hivemq/extensions/hivemq-microsoft-sql-server-extension) satisfies all required file-system permissions.
2025-01-29 13:24:50,194 INFO c.h.h.t.OperatorHelmChartContainer - [local-hivemq-0] [hivemq] [d5a3027a] DEBUG - Temporary directory (/tmp) satisfies all required file-system permissions.
2025-01-29 13:24:50,194 INFO c.h.h.t.OperatorHelmChartContainer - [local-hivemq-0] [hivemq] [d5a3027a] DEBUG - Heap dump directory (/opt/hivemq/dumps) satisfies all required file-system permissions.
2025-01-29 13:24:50,195 INFO c.h.h.t.OperatorHelmChartContainer - [EVENT] Normal [Started] Started container operator [default:local-hivemq-hivemq-operator-operator-6b564f6db4-c7lnz]
2025-01-29 13:24:50,195 INFO c.h.h.t.OperatorHelmChartContainer - Received Started event for container operator in pod local-hivemq-hivemq-operator-operator-6b564f6db4-c7lnz [bf70eccb-22c7-4546-85c8-a11e9219055e]
2025-01-29 13:24:50,195 INFO c.h.h.t.OperatorHelmChartContainer - [EVENT] Normal [SuccessfulCreate] Created pod: local-hivemq-hivemq-operator-operator-6b564f6db4-c7lnz [default:local-hivemq-hivemq-operator-operator-6b564f6db4]
2025-01-29 13:24:50,196 INFO c.h.h.t.OperatorHelmChartContainer - [EVENT] Normal [ScalingReplicaSet] Scaled up replica set local-hivemq-hivemq-operator-operator-6b564f6db4 from 0 to 1 [default:local-hivemq-hivemq-operator-operator]
2025-01-29 13:24:50,197 INFO c.h.h.t.OperatorHelmChartContainer - [EVENT] Normal [SuccessfulCreate] create Claim data-local-hivemq-0 Pod local-hivemq-0 in StatefulSet local-hivemq success [default:local-hivemq]
2025-01-29 13:24:50,197 INFO c.h.h.t.OperatorHelmChartContainer - Started log watcher for operator in pod local-hivemq-hivemq-operator-operator-6b564f6db4-c7lnz [bf70eccb-22c7-4546-85c8-a11e9219055e]
2025-01-29 13:24:50,198 INFO c.h.h.t.OperatorHelmChartContainer - [local-hivemq-hivemq-operator] [operator] [bf70eccb] Picked up JAVA_TOOL_OPTIONS: -XX:+UnlockExperimentalVMOptions -XX:InitialRAMPercentage=75 -XX:MaxRAMPercentage=75
2025-01-29 13:24:50,198 INFO c.h.h.t.OperatorHelmChartContainer - [local-hivemq-hivemq-operator] [operator] [bf70eccb]  __  __ _                                  _   
2025-01-29 13:24:50,198 INFO c.h.h.t.OperatorHelmChartContainer - [local-hivemq-hivemq-operator] [operator] [bf70eccb] |  \/  (_) ___ _ __ ___  _ __   __ _ _   _| |_ 
2025-01-29 13:24:50,198 INFO c.h.h.t.OperatorHelmChartContainer - [local-hivemq-hivemq-operator] [operator] [bf70eccb] | |\/| | |/ __| '__/ _ \| '_ \ / _` | | | | __|
2025-01-29 13:24:50,198 INFO c.h.h.t.OperatorHelmChartContainer - [local-hivemq-hivemq-operator] [operator] [bf70eccb] | |  | | | (__| | | (_) | | | | (_| | |_| | |_ 
2025-01-29 13:24:50,198 INFO c.h.h.t.OperatorHelmChartContainer - [local-hivemq-hivemq-operator] [operator] [bf70eccb] |_|  |_|_|\___|_|  \___/|_| |_|\__,_|\__,_|\__|
2025-01-29 13:24:50,198 INFO c.h.h.t.OperatorHelmChartContainer - [local-hivemq-hivemq-operator] [operator] [bf70eccb]   Micronaut (v3.5.2)
2025-01-29 13:24:50,198 INFO c.h.h.t.OperatorHelmChartContainer - [local-hivemq-hivemq-operator] [operator] [bf70eccb] 
2025-01-29 13:24:50,198 INFO c.h.h.t.OperatorHelmChartContainer - [local-hivemq-hivemq-operator] [operator] [bf70eccb] ?[36m13:23:52.773?[0;39m ?[1;30m[main]?[0;39m ?[34mINFO ?[0;39m ?[35mio.micronaut.runtime.Micronaut?[0;39m - Startup completed in 2210ms. Server Running: http://local-hivemq-hivemq-operator-operator-6b564f6db4-c7lnz:8443
2025-01-29 13:24:50,198 INFO c.h.h.t.OperatorHelmChartContainer - [local-hivemq-hivemq-operator] [operator] [bf70eccb] ?[36m13:23:53.777?[0;39m ?[1;30m[main]?[0;39m ?[34mINFO ?[0;39m ?[35mcom.hivemq.Operator?[0;39m - Initializing HiveMQ operator
2025-01-29 13:24:50,198 INFO c.h.h.t.OperatorHelmChartContainer - [local-hivemq-hivemq-operator] [operator] [bf70eccb] ?[36m13:23:54.870?[0;39m ?[1;30m[main]?[0;39m ?[34mINFO ?[0;39m ?[35mcom.hivemq.Operator?[0;39m - Operating from namespace 'default'
2025-01-29 13:24:50,198 INFO c.h.h.t.OperatorHelmChartContainer - [local-hivemq-hivemq-operator] [operator] [bf70eccb] ?[36m13:23:55.027?[0;39m ?[1;30m[pool-3-thread-1]?[0;39m ?[34mINFO ?[0;39m ?[35mcom.hivemq.AbstractWatcher?[0;39m - CustomResource watcher running for kinds HiveMQCluster
2025-01-29 13:24:50,198 INFO c.h.h.t.OperatorHelmChartContainer - [local-hivemq-hivemq-operator] [operator] [bf70eccb] ?[36m13:23:55.672?[0;39m ?[1;30m[main]?[0;39m ?[34mINFO ?[0;39m ?[35mcom.hivemq.Operator?[0;39m - Operator started in 1895ms
2025-01-29 13:24:50,198 INFO c.h.h.t.OperatorHelmChartContainer - [local-hivemq-hivemq-operator] [operator] [bf70eccb] ?[36m13:23:56.059?[0;39m ?[1;30m[pool-3-thread-2]?[0;39m ?[34mINFO ?[0;39m ?[35mcom.hivemq.Operator?[0;39m - Syncing state for cluster 'local-hivemq' in namespace 'default'
2025-01-29 13:24:50,198 INFO c.h.h.t.OperatorHelmChartContainer - [local-hivemq-hivemq-operator] [operator] [bf70eccb] ?[36m13:23:57.859?[0;39m ?[1;30m[pool-3-thread-7]?[0;39m ?[34mINFO ?[0;39m ?[35mcom.hivemq.Operator?[0;39m - Syncing state for cluster 'local-hivemq' in namespace 'default'
2025-01-29 13:24:50,198 INFO c.h.h.t.OperatorHelmChartContainer - [local-hivemq-hivemq-operator] [operator] [bf70eccb] ?[36m13:24:50.025?[0;39m ?[1;30m[pool-3-thread-7]?[0;39m ?[34mINFO ?[0;39m ?[35mcom.hivemq.Operator?[0;39m - State synchronization complete for cluster 'local-hivemq' in namespace 'default' in 52166ms
2025-01-29 13:24:50,198 INFO c.h.h.t.OperatorHelmChartContainer - [local-hivemq-hivemq-operator] [operator] [bf70eccb] ?[36m13:24:50.167?[0;39m ?[1;30m[pool-3-thread-2]?[0;39m ?[34mINFO ?[0;39m ?[35mcom.hivemq.Operator?[0;39m - State synchronization complete for cluster 'local-hivemq' in namespace 'default' in 54108ms
2025-01-29 13:24:50,198 INFO c.h.h.t.OperatorHelmChartContainer - [EVENT] Normal [SuccessfulCreate] create Pod local-hivemq-0 in StatefulSet local-hivemq successful [default:local-hivemq]
2025-01-29 13:24:50,197 INFO c.h.h.t.OperatorHelmChartContainer - [local-hivemq-0] [hivemq] [d5a3027a] DEBUG - Performed all sanity checks in 61ms. All sanity checks passed successfully.
2025-01-29 13:24:50,198 INFO c.h.h.t.OperatorHelmChartContainer - [local-hivemq-0] [hivemq] [d5a3027a] INFO  - This node's ID is qLnqd
2025-01-29 13:24:50,198 INFO c.h.h.t.OperatorHelmChartContainer - [local-hivemq-0] [hivemq] [d5a3027a] INFO  - Clustering is enabled
2025-01-29 13:24:50,198 INFO c.h.h.t.OperatorHelmChartContainer - [local-hivemq-0] [hivemq] [d5a3027a] DEBUG - Configured WriteBufferManager with size for memtables 311023370 and for the block cache 466535055
2025-01-29 13:24:50,198 INFO c.h.h.t.OperatorHelmChartContainer - [local-hivemq-0] [hivemq] [d5a3027a] DEBUG - Starting RocksDBMemoryUsageWatchdog.
2025-01-29 13:24:50,198 INFO c.h.h.t.OperatorHelmChartContainer - [local-hivemq-0] [hivemq] [d5a3027a] DEBUG - RocksDBMemoryUsageWatchdog is running.
2025-01-29 13:24:50,198 INFO c.h.h.t.OperatorHelmChartContainer - [local-hivemq-0] [hivemq] [d5a3027a] DEBUG - Folder /opt/hivemq/data/persistence does not exist, trying to create it
2025-01-29 13:24:50,198 INFO c.h.h.t.OperatorHelmChartContainer - [local-hivemq-0] [hivemq] [d5a3027a] DEBUG - Created folder /opt/hivemq/data
2025-01-29 13:24:50,198 INFO c.h.h.t.OperatorHelmChartContainer - [local-hivemq-0] [hivemq] [d5a3027a] DEBUG - Folder /opt/hivemq/data/persistence/publish_payload_store/040500_R does not exist, trying to create it
2025-01-29 13:24:50,198 INFO c.h.h.t.OperatorHelmChartContainer - [local-hivemq-0] [hivemq] [d5a3027a] DEBUG - Folder /opt/hivemq/data/persistence/client_queue/042800_R does not exist, trying to create it
2025-01-29 13:24:50,198 INFO c.h.h.t.OperatorHelmChartContainer - [local-hivemq-0] [hivemq] [d5a3027a] DEBUG - Folder /opt/hivemq/data/persistence/client_session_store/040100_R does not exist, trying to create it
2025-01-29 13:24:50,198 INFO c.h.h.t.OperatorHelmChartContainer - [local-hivemq-0] [hivemq] [d5a3027a] DEBUG - Folder /opt/hivemq/data/persistence/client_session_subscriptions/043200_R does not exist, trying to create it
2025-01-29 13:24:50,198 INFO c.h.h.t.OperatorHelmChartContainer - [local-hivemq-0] [hivemq] [d5a3027a] DEBUG - Folder /opt/hivemq/data/persistence/retained_messages/040800_R does not exist, trying to create it
2025-01-29 13:24:50,198 INFO c.h.h.t.OperatorHelmChartContainer - [local-hivemq-0] [hivemq] [d5a3027a] DEBUG - Folder /opt/hivemq/data/persistence/attribute/043100_R does not exist, trying to create it
2025-01-29 13:24:50,198 INFO c.h.h.t.OperatorHelmChartContainer - [local-hivemq-0] [hivemq] [d5a3027a] DEBUG - Folder /opt/hivemq/data/persistence/incoming_message_flow/043000_R does not exist, trying to create it
2025-01-29 13:24:50,198 INFO c.h.h.t.OperatorHelmChartContainer - [local-hivemq-0] [hivemq] [d5a3027a] DEBUG - Folder /opt/hivemq/data/persistence/data_hub_modules/043000_R does not exist, trying to create it
2025-01-29 13:24:50,198 INFO c.h.h.t.OperatorHelmChartContainer - [local-hivemq-0] [hivemq] [d5a3027a] DEBUG - Folder /opt/hivemq/data/persistence/data_hub_schemas/042000_R does not exist, trying to create it
2025-01-29 13:24:50,198 INFO c.h.h.t.OperatorHelmChartContainer - [local-hivemq-0] [hivemq] [d5a3027a] DEBUG - Folder /opt/hivemq/data/persistence/data_hub_scripts/042300_R does not exist, trying to create it
2025-01-29 13:24:50,198 INFO c.h.h.t.OperatorHelmChartContainer - [local-hivemq-0] [hivemq] [d5a3027a] DEBUG - Folder /opt/hivemq/data/persistence/data_hub_policies/042000_R does not exist, trying to create it
2025-01-29 13:24:50,198 INFO c.h.h.t.OperatorHelmChartContainer - [local-hivemq-0] [hivemq] [d5a3027a] DEBUG - Diagnostic mode is disabled
2025-01-29 13:24:50,198 INFO c.h.h.t.OperatorHelmChartContainer - [local-hivemq-0] [hivemq] [d5a3027a] INFO  - No valid license file found. Using trial license, restricted to 25 connections.
2025-01-29 13:24:50,198 INFO c.h.h.t.OperatorHelmChartContainer - [local-hivemq-0] [hivemq] [d5a3027a] DEBUG - Native Epoll is available on this platform
2025-01-29 13:24:50,198 INFO c.h.h.t.OperatorHelmChartContainer - [local-hivemq-0] [hivemq] [d5a3027a] DEBUG - Set extension executor thread pool size to 1
2025-01-29 13:24:50,198 INFO c.h.h.t.OperatorHelmChartContainer - [local-hivemq-0] [hivemq] [d5a3027a] DEBUG - Set extension executor thread pool keep-alive to 30 seconds
2025-01-29 13:24:50,198 INFO c.h.h.t.OperatorHelmChartContainer - [local-hivemq-0] [hivemq] [d5a3027a] DEBUG - initializing RSA key
2025-01-29 13:24:50,198 INFO c.h.h.t.OperatorHelmChartContainer - [local-hivemq-0] [hivemq] [d5a3027a] DEBUG - finished initializing RSA key in 1518ms
2025-01-29 13:24:50,198 INFO c.h.h.t.OperatorHelmChartContainer - [local-hivemq-0] [hivemq] [d5a3027a] DEBUG - Unable to provide size and free metrics for disk /dev/sda: Could not find the corresponding FileStore (OSHI/Java).
2025-01-29 13:24:50,198 INFO c.h.h.t.OperatorHelmChartContainer - [local-hivemq-0] [hivemq] [d5a3027a] DEBUG - Unable to provide size and free metrics for disk /dev/sdb: Could not find the corresponding FileStore (OSHI/Java).
2025-01-29 13:24:50,198 INFO c.h.h.t.OperatorHelmChartContainer - [local-hivemq-0] [hivemq] [d5a3027a] DEBUG - Throttling incoming traffic to 0 B/s
2025-01-29 13:24:50,198 INFO c.h.h.t.OperatorHelmChartContainer - [local-hivemq-0] [hivemq] [d5a3027a] DEBUG - Throttling outgoing traffic to 0 B/s
2025-01-29 13:24:50,198 INFO c.h.h.t.OperatorHelmChartContainer - [local-hivemq-0] [hivemq] [d5a3027a] INFO  - No valid license file for Data Hub found. Using free license, restricted to 1 policy.
2025-01-29 13:24:50,198 INFO c.h.h.t.OperatorHelmChartContainer - [local-hivemq-0] [hivemq] [d5a3027a] DEBUG - Building initial topic tree
2025-01-29 13:24:50,198 INFO c.h.h.t.OperatorHelmChartContainer - [local-hivemq-0] [hivemq] [d5a3027a] DEBUG - Started JMX Metrics Reporting.
2025-01-29 13:24:50,198 INFO c.h.h.t.OperatorHelmChartContainer - [local-hivemq-0] [hivemq] [d5a3027a] DEBUG - Registered JVM metrics with prefix com.hivemq.jvm.
2025-01-29 13:24:50,198 INFO c.h.h.t.OperatorHelmChartContainer - [local-hivemq-0] [hivemq] [d5a3027a] DEBUG - Registered HiveMQ Health API metrics.
2025-01-29 13:24:50,198 INFO c.h.h.t.OperatorHelmChartContainer - [local-hivemq-0] [hivemq] [d5a3027a] INFO  - Audit Logger started.
2025-01-29 13:24:50,198 INFO c.h.h.t.OperatorHelmChartContainer - [local-hivemq-0] [hivemq] [d5a3027a] INFO  - This node uses '1' CPU cores.
2025-01-29 13:24:50,198 INFO c.h.h.t.OperatorHelmChartContainer - [local-hivemq-0] [hivemq] [d5a3027a] INFO  - Starting HiveMQ extension system.
2025-01-29 13:24:50,198 INFO c.h.h.t.OperatorHelmChartContainer - [local-hivemq-0] [hivemq] [d5a3027a] INFO  - Starting extension with id "hivemq-dns-cluster-discovery" at /opt/hivemq/extensions/hivemq-dns-cluster-discovery
2025-01-29 13:24:50,198 INFO c.h.h.t.OperatorHelmChartContainer - [local-hivemq-0] [hivemq] [d5a3027a] DEBUG - HiveMQ DNS Cluster Discovery Extension: No DNS server address was set in the configuration file or environment variable.
2025-01-29 13:24:50,198 INFO c.h.h.t.OperatorHelmChartContainer - [local-hivemq-0] [hivemq] [d5a3027a] DEBUG - HiveMQ DNS Cluster Discovery Extension: No reload interval was set in the configuration file or environment variable. Defaulting to 30.
2025-01-29 13:24:50,198 INFO c.h.h.t.OperatorHelmChartContainer - [local-hivemq-0] [hivemq] [d5a3027a] INFO  - Extension "DNS Cluster Discovery Extension" version 4.3.3 started successfully.
2025-01-29 13:24:50,198 INFO c.h.h.t.OperatorHelmChartContainer - [local-hivemq-0] [hivemq] [d5a3027a] INFO  - Starting extension with id "hivemq-k8s-sync-extension" at /opt/hivemq/extensions/hivemq-k8s-sync-extension
2025-01-29 13:24:50,198 INFO c.h.h.t.OperatorHelmChartContainer - [local-hivemq-0] [hivemq] [d5a3027a] INFO  - Using TCP cluster transport on address 10.42.0.7 and port 7000
2025-01-29 13:24:50,199 INFO c.h.h.t.OperatorHelmChartContainer - [local-hivemq-0] [hivemq] [d5a3027a] INFO  - Using extension cluster discovery
2025-01-29 13:24:50,199 INFO c.h.h.t.OperatorHelmChartContainer - [local-hivemq-0] [hivemq] [d5a3027a] DEBUG - Could not get configMap modification timestamp for source /hivemq-data/conf/..data, likely no ConfigMap mounted
2025-01-29 13:24:50,199 INFO c.h.h.t.OperatorHelmChartContainer - [local-hivemq-0] [hivemq] [d5a3027a] DEBUG - Could not get configMap modification timestamp for source /hivemq-data/extensions/..data, likely no ConfigMap mounted
2025-01-29 13:24:50,199 INFO c.h.h.t.OperatorHelmChartContainer - [local-hivemq-0] [hivemq] [d5a3027a] DEBUG - Could not get configMap modification timestamp for source /hivemq-data/bin/..data, likely no ConfigMap mounted
2025-01-29 13:24:50,199 INFO c.h.h.t.OperatorHelmChartContainer - [local-hivemq-0] [hivemq] [d5a3027a] INFO  - Started HiveMQ Kubernetes State Synchronization Extension:1.0.3
2025-01-29 13:24:50,199 INFO c.h.h.t.OperatorHelmChartContainer - [local-hivemq-0] [hivemq] [d5a3027a] INFO  - Extension "HiveMQ Kubernetes State Synchronization Extension" version 1.0.3 started successfully.
2025-01-29 13:24:50,199 INFO c.h.h.t.OperatorHelmChartContainer - [local-hivemq-0] [hivemq] [d5a3027a] INFO  - Starting extension with id "hivemq-allow-all-extension" at /opt/hivemq/extensions/hivemq-allow-all-extension
2025-01-29 13:24:50,199 INFO c.h.h.t.OperatorHelmChartContainer - [local-hivemq-0] [hivemq] [d5a3027a] WARN  - 
2025-01-29 13:24:50,199 INFO c.h.h.t.OperatorHelmChartContainer - [local-hivemq-0] [hivemq] [d5a3027a] ################################################################################################################
2025-01-29 13:24:50,199 INFO c.h.h.t.OperatorHelmChartContainer - [local-hivemq-0] [hivemq] [d5a3027a] # This HiveMQ deployment is not secure! You are lacking Authentication and Authorization.                      #
2025-01-29 13:24:50,199 INFO c.h.h.t.OperatorHelmChartContainer - [local-hivemq-0] [hivemq] [d5a3027a] # Right now any MQTT client can connect to the broker with a full set of permissions.                          #
2025-01-29 13:24:50,199 INFO c.h.h.t.OperatorHelmChartContainer - [local-hivemq-0] [hivemq] [d5a3027a] # For production usage, add an appropriate security extension and remove the hivemq-allow-all extension.       #
2025-01-29 13:24:50,199 INFO c.h.h.t.OperatorHelmChartContainer - [local-hivemq-0] [hivemq] [d5a3027a] # You can download security extensions from the HiveMQ Marketplace (https://www.hivemq.com/extensions/).       #
2025-01-29 13:24:50,199 INFO c.h.h.t.OperatorHelmChartContainer - [local-hivemq-0] [hivemq] [d5a3027a] ################################################################################################################
2025-01-29 13:24:50,199 INFO c.h.h.t.OperatorHelmChartContainer - [local-hivemq-0] [hivemq] [d5a3027a] DEBUG - Simple authenticator added by extension 'hivemq-allow-all-extension'.
2025-01-29 13:24:50,199 INFO c.h.h.t.OperatorHelmChartContainer - [local-hivemq-0] [hivemq] [d5a3027a] INFO  - Extension "Allow All Extension" version 1.1.1 started successfully.
2025-01-29 13:24:50,199 INFO c.h.h.t.OperatorHelmChartContainer - [local-hivemq-0] [hivemq] [d5a3027a] DEBUG - HiveMQ DNS Cluster Discovery Extension: Discovered new address '10.42.0.7'.
2025-01-29 13:24:50,199 INFO c.h.h.t.OperatorHelmChartContainer - [local-hivemq-0] [hivemq] [d5a3027a] INFO  - qLnqd: no members discovered after 2196 ms: creating cluster as first member
2025-01-29 13:24:50,199 INFO c.h.h.t.OperatorHelmChartContainer - [local-hivemq-0] [hivemq] [d5a3027a] INFO  - Cluster nodes found by discovery: [qLnqd|0] (1) [qLnqd].
2025-01-29 13:24:50,199 INFO c.h.h.t.OperatorHelmChartContainer - [local-hivemq-0] [hivemq] [d5a3027a] DEBUG - State of node qLnqd changed to UNKNOWN was null. Current cluster node states: {qLnqd=UNKNOWN}
2025-01-29 13:24:50,199 INFO c.h.h.t.OperatorHelmChartContainer - [local-hivemq-0] [hivemq] [d5a3027a] DEBUG - State of node qLnqd set to RUNNING. Current cluster node states: {qLnqd=RUNNING}
2025-01-29 13:24:50,199 INFO c.h.h.t.OperatorHelmChartContainer - [local-hivemq-0] [hivemq] [d5a3027a] WARN  - No user for HiveMQ Control Center configured. Starting with default user
2025-01-29 13:24:50,199 INFO c.h.h.t.OperatorHelmChartContainer - [local-hivemq-0] [hivemq] [d5a3027a] INFO  - Starting HiveMQ Control Center on address 0.0.0.0 and port 8080
2025-01-29 13:24:50,199 INFO c.h.h.t.OperatorHelmChartContainer - [local-hivemq-0] [hivemq] [d5a3027a] INFO  - Mounting HiveMQ Control Center V2 Preview
2025-01-29 13:24:50,199 INFO c.h.h.t.OperatorHelmChartContainer - [local-hivemq-0] [hivemq] [d5a3027a] INFO  - Started HiveMQ Control Center in 1501ms
2025-01-29 13:24:50,199 INFO c.h.h.t.OperatorHelmChartContainer - [local-hivemq-0] [hivemq] [d5a3027a] INFO  - Starting TCP listener on address 0.0.0.0 and port 1883
2025-01-29 13:24:50,199 INFO c.h.h.t.OperatorHelmChartContainer - [local-hivemq-0] [hivemq] [d5a3027a] INFO  - Started TCP Listener on address 0.0.0.0 and on port 1883.
2025-01-29 13:24:50,199 INFO c.h.h.t.OperatorHelmChartContainer - [local-hivemq-0] [hivemq] [d5a3027a] INFO  - Started HiveMQ in 25295ms
2025-01-29 13:24:50,205 INFO c.h.h.t.OperatorHelmChartContainer - [POD] local-hivemq-0 [d5a3027a-efb5-4e9f-a542-a81528b97343] in default was ADDED
2025-01-29 13:24:50,208 INFO c.h.h.t.OperatorHelmChartContainer - [POD] local-hivemq-hivemq-operator-operator-6b564f6db4-c7lnz [bf70eccb-22c7-4546-85c8-a11e9219055e] in default was ADDED
2025-01-29 13:24:50,212 INFO c.h.h.t.OperatorHelmChartContainer - [POD] coredns-ff8999cc5-jfthf [3c0d37c2-10b8-4a72-8168-a1e338351a63] in kube-system was ADDED
2025-01-29 13:24:50,216 INFO c.h.h.t.OperatorHelmChartContainer - [POD] local-path-provisioner-698b58967b-8jrrk [e06861b3-d02f-481d-8dee-0ac83430d681] in kube-system was ADDED
2025-01-29 13:24:50,216 INFO c.h.h.t.OperatorHelmChartContainer - [POD] metrics-server-8584b5786c-fpv48 [fe8e6c80-8399-4f22-9c41-c211d83df944] in kube-system was ADDED
2025-01-29 13:24:53,180 INFO c.h.h.t.OperatorHelmChartContainer - [local-hivemq-hivemq-operator] [operator] [bf70eccb] ?[36m13:24:53.178?[0;39m ?[1;30m[pool-3-thread-12]?[0;39m ?[34mINFO ?[0;39m ?[35mcom.hivemq.Operator?[0;39m - Syncing state for cluster 'local-hivemq' in namespace 'default'
2025-01-29 13:24:53,286 DEBUG c.h.h.t.OperatorHelmChartContainer - Chart 'local-hivemq' installed or upgraded
2025-01-29 13:24:53,296 DEBUG com.hivemq.helmcharts.util.K8sUtil - State to compare Running and waiting for Updating
2025-01-29 13:24:53,688 INFO c.h.h.t.OperatorHelmChartContainer - [EVENT] Normal [WaitForFirstConsumer] waiting for first consumer to be created before binding [default:data-local-hivemq-1]
2025-01-29 13:24:53,690 INFO c.h.h.t.OperatorHelmChartContainer - [EVENT] Normal [SuccessfulCreate] create Claim data-local-hivemq-1 Pod local-hivemq-1 in StatefulSet local-hivemq success [default:local-hivemq]
2025-01-29 13:24:53,696 INFO c.h.h.t.OperatorHelmChartContainer - [POD] local-hivemq-1 [4c1b9b32-2971-47bd-b6bc-5db0abbc6815] in default was ADDED
2025-01-29 13:24:53,697 INFO c.h.h.t.OperatorHelmChartContainer - [EVENT] Normal [SuccessfulCreate] create Pod local-hivemq-1 in StatefulSet local-hivemq successful [default:local-hivemq]
2025-01-29 13:24:53,704 INFO c.h.h.t.OperatorHelmChartContainer - [EVENT] Normal [ExternalProvisioning] Waiting for a volume to be created either by the external provisioner 'rancher.io/local-path' or manually by the system administrator. If volume creation is delayed, please verify that the provisioner is running and correctly registered. [default:data-local-hivemq-1]
2025-01-29 13:24:53,708 INFO c.h.h.t.OperatorHelmChartContainer - [EVENT] Normal [Provisioning] External provisioner is provisioning volume for claim "default/data-local-hivemq-1" [default:data-local-hivemq-1]
2025-01-29 13:24:53,709 INFO c.h.h.t.OperatorHelmChartContainer - [EVENT] Normal [ExternalProvisioning] Waiting for a volume to be created either by the external provisioner 'rancher.io/local-path' or manually by the system administrator. If volume creation is delayed, please verify that the provisioner is running and correctly registered. [default:data-local-hivemq-1]
2025-01-29 13:24:53,787 INFO c.h.h.t.OperatorHelmChartContainer - [POD] helper-pod-create-pvc-9d925c8b-901c-4723-bd9d-928e73760a3b [ddbb5040-81e3-4292-8f4c-ce54b52fd62d] in kube-system was ADDED
2025-01-29 13:24:53,794 INFO c.h.h.t.OperatorHelmChartContainer - [POD] helper-pod-create-pvc-9d925c8b-901c-4723-bd9d-928e73760a3b [ddbb5040-81e3-4292-8f4c-ce54b52fd62d] in kube-system was MODIFIED
2025-01-29 13:24:53,968 INFO c.h.h.t.OperatorHelmChartContainer - [K3S] [reconciler_common.go:251] "operationExecutor.VerifyControllerAttachedVolume started for volume \"data\" (UniqueName: \"kubernetes.io/host-path/ddbb5040-81e3-4292-8f4c-ce54b52fd62d-data\") pod \"helper-pod-create-pvc-9d925c8b-901c-4723-bd9d-928e73760a3b\" (UID: \"ddbb5040-81e3-4292-8f4c-ce54b52fd62d\") " pod="kube-system/helper-pod-create-pvc-9d925c8b-901c-4723-bd9d-928e73760a3b"
2025-01-29 13:24:53,968 INFO c.h.h.t.OperatorHelmChartContainer - [K3S] [reconciler_common.go:251] "operationExecutor.VerifyControllerAttachedVolume started for volume \"script\" (UniqueName: \"kubernetes.io/configmap/ddbb5040-81e3-4292-8f4c-ce54b52fd62d-script\") pod \"helper-pod-create-pvc-9d925c8b-901c-4723-bd9d-928e73760a3b\" (UID: \"ddbb5040-81e3-4292-8f4c-ce54b52fd62d\") " pod="kube-system/helper-pod-create-pvc-9d925c8b-901c-4723-bd9d-928e73760a3b"
2025-01-29 13:24:53,968 INFO c.h.h.t.OperatorHelmChartContainer - [K3S] [reconciler_common.go:251] "operationExecutor.VerifyControllerAttachedVolume started for volume \"kube-api-access-59zpp\" (UniqueName: \"kubernetes.io/projected/ddbb5040-81e3-4292-8f4c-ce54b52fd62d-kube-api-access-59zpp\") pod \"helper-pod-create-pvc-9d925c8b-901c-4723-bd9d-928e73760a3b\" (UID: \"ddbb5040-81e3-4292-8f4c-ce54b52fd62d\") " pod="kube-system/helper-pod-create-pvc-9d925c8b-901c-4723-bd9d-928e73760a3b"
2025-01-29 13:24:54,706 INFO c.h.h.t.OperatorHelmChartContainer - [POD] helper-pod-create-pvc-9d925c8b-901c-4723-bd9d-928e73760a3b [ddbb5040-81e3-4292-8f4c-ce54b52fd62d] in kube-system was MODIFIED
2025-01-29 13:24:55,773 INFO c.h.h.t.OperatorHelmChartContainer - [POD] helper-pod-create-pvc-9d925c8b-901c-4723-bd9d-928e73760a3b [ddbb5040-81e3-4292-8f4c-ce54b52fd62d] in kube-system was MODIFIED
2025-01-29 13:24:55,813 INFO c.h.h.t.OperatorHelmChartContainer - [POD] helper-pod-create-pvc-9d925c8b-901c-4723-bd9d-928e73760a3b [ddbb5040-81e3-4292-8f4c-ce54b52fd62d] in kube-system was MODIFIED
2025-01-29 13:24:55,817 INFO c.h.h.t.OperatorHelmChartContainer - [POD] helper-pod-create-pvc-9d925c8b-901c-4723-bd9d-928e73760a3b [ddbb5040-81e3-4292-8f4c-ce54b52fd62d] in kube-system was DELETED
2025-01-29 13:24:55,826 INFO c.h.h.t.OperatorHelmChartContainer - [EVENT] Normal [ProvisioningSucceeded] Successfully provisioned volume pvc-9d925c8b-901c-4723-bd9d-928e73760a3b [default:data-local-hivemq-1]
2025-01-29 13:24:55,878 INFO c.h.h.t.OperatorHelmChartContainer - [K3S] [reconciler_common.go:162] "operationExecutor.UnmountVolume started for volume \"script\" (UniqueName: \"kubernetes.io/configmap/ddbb5040-81e3-4292-8f4c-ce54b52fd62d-script\") pod \"ddbb5040-81e3-4292-8f4c-ce54b52fd62d\" (UID: \"ddbb5040-81e3-4292-8f4c-ce54b52fd62d\") "
2025-01-29 13:24:55,878 INFO c.h.h.t.OperatorHelmChartContainer - [K3S] [reconciler_common.go:162] "operationExecutor.UnmountVolume started for volume \"data\" (UniqueName: \"kubernetes.io/host-path/ddbb5040-81e3-4292-8f4c-ce54b52fd62d-data\") pod \"ddbb5040-81e3-4292-8f4c-ce54b52fd62d\" (UID: \"ddbb5040-81e3-4292-8f4c-ce54b52fd62d\") "
2025-01-29 13:24:55,879 INFO c.h.h.t.OperatorHelmChartContainer - [K3S] [reconciler_common.go:162] "operationExecutor.UnmountVolume started for volume \"kube-api-access-59zpp\" (UniqueName: \"kubernetes.io/projected/ddbb5040-81e3-4292-8f4c-ce54b52fd62d-kube-api-access-59zpp\") pod \"ddbb5040-81e3-4292-8f4c-ce54b52fd62d\" (UID: \"ddbb5040-81e3-4292-8f4c-ce54b52fd62d\") "
2025-01-29 13:24:55,979 INFO c.h.h.t.OperatorHelmChartContainer - [K3S] [reconciler_common.go:299] "Volume detached for volume \"kube-api-access-59zpp\" (UniqueName: \"kubernetes.io/projected/ddbb5040-81e3-4292-8f4c-ce54b52fd62d-kube-api-access-59zpp\") on node \"5ff634019715\" DevicePath \"\""
2025-01-29 13:24:55,979 INFO c.h.h.t.OperatorHelmChartContainer - [K3S] [reconciler_common.go:299] "Volume detached for volume \"data\" (UniqueName: \"kubernetes.io/host-path/ddbb5040-81e3-4292-8f4c-ce54b52fd62d-data\") on node \"5ff634019715\" DevicePath \"\""
2025-01-29 13:24:55,979 INFO c.h.h.t.OperatorHelmChartContainer - [K3S] [reconciler_common.go:299] "Volume detached for volume \"script\" (UniqueName: \"kubernetes.io/configmap/ddbb5040-81e3-4292-8f4c-ce54b52fd62d-script\") on node \"5ff634019715\" DevicePath \"\""
2025-01-29 13:24:56,704 INFO c.h.h.t.OperatorHelmChartContainer - [K3S] [memory_manager.go:355] "RemoveStaleState removing state" podUID="ddbb5040-81e3-4292-8f4c-ce54b52fd62d" containerName="helper-pod"
2025-01-29 13:24:56,707 INFO c.h.h.t.OperatorHelmChartContainer - [K3S] [pod_container_deletor.go:80] "Container not found in pod's containers" containerID="b3f8439546ebbed7fdf214f4d57d203e794fe60ce802d36e0dd926cdf501ef4d"
2025-01-29 13:24:56,709 INFO c.h.h.t.OperatorHelmChartContainer - [POD] local-hivemq-1 [4c1b9b32-2971-47bd-b6bc-5db0abbc6815] in default was MODIFIED
2025-01-29 13:24:56,709 INFO c.h.h.t.OperatorHelmChartContainer - [EVENT] Normal [Scheduled] Successfully assigned default/local-hivemq-1 to 5ff634019715 [default:local-hivemq-1]
2025-01-29 13:24:56,718 INFO c.h.h.t.OperatorHelmChartContainer - [K3S] [status_manager.go:890] "Failed to get status for pod" podUID="ddbb5040-81e3-4292-8f4c-ce54b52fd62d" pod="kube-system/helper-pod-create-pvc-9d925c8b-901c-4723-bd9d-928e73760a3b" err="pods \"helper-pod-create-pvc-9d925c8b-901c-4723-bd9d-928e73760a3b\" is forbidden: User \"system:node:5ff634019715\" cannot get resource \"pods\" in API group \"\" in the namespace \"kube-system\": no relationship found between node '5ff634019715' and this object"
2025-01-29 13:24:56,720 INFO c.h.h.t.OperatorHelmChartContainer - [POD] local-hivemq-1 [4c1b9b32-2971-47bd-b6bc-5db0abbc6815] in default was MODIFIED
2025-01-29 13:24:56,882 INFO c.h.h.t.OperatorHelmChartContainer - [K3S] [reconciler_common.go:251] "operationExecutor.VerifyControllerAttachedVolume started for volume \"shared-data\" (UniqueName: \"kubernetes.io/empty-dir/4c1b9b32-2971-47bd-b6bc-5db0abbc6815-shared-data\") pod \"local-hivemq-1\" (UID: \"4c1b9b32-2971-47bd-b6bc-5db0abbc6815\") " pod="default/local-hivemq-1"
2025-01-29 13:24:56,882 INFO c.h.h.t.OperatorHelmChartContainer - [K3S] [reconciler_common.go:251] "operationExecutor.VerifyControllerAttachedVolume started for volume \"live-info\" (UniqueName: \"kubernetes.io/configmap/4c1b9b32-2971-47bd-b6bc-5db0abbc6815-live-info\") pod \"local-hivemq-1\" (UID: \"4c1b9b32-2971-47bd-b6bc-5db0abbc6815\") " pod="default/local-hivemq-1"
2025-01-29 13:24:56,882 INFO c.h.h.t.OperatorHelmChartContainer - [K3S] [reconciler_common.go:251] "operationExecutor.VerifyControllerAttachedVolume started for volume \"dns-wait-config\" (UniqueName: \"kubernetes.io/configmap/4c1b9b32-2971-47bd-b6bc-5db0abbc6815-dns-wait-config\") pod \"local-hivemq-1\" (UID: \"4c1b9b32-2971-47bd-b6bc-5db0abbc6815\") " pod="default/local-hivemq-1"
2025-01-29 13:24:56,882 INFO c.h.h.t.OperatorHelmChartContainer - [K3S] [reconciler_common.go:251] "operationExecutor.VerifyControllerAttachedVolume started for volume \"pvc-9d925c8b-901c-4723-bd9d-928e73760a3b\" (UniqueName: \"kubernetes.io/local-volume/pvc-9d925c8b-901c-4723-bd9d-928e73760a3b\") pod \"local-hivemq-1\" (UID: \"4c1b9b32-2971-47bd-b6bc-5db0abbc6815\") " pod="default/local-hivemq-1"
2025-01-29 13:24:56,882 INFO c.h.h.t.OperatorHelmChartContainer - [K3S] [reconciler_common.go:251] "operationExecutor.VerifyControllerAttachedVolume started for volume \"heap-dumps\" (UniqueName: \"kubernetes.io/empty-dir/4c1b9b32-2971-47bd-b6bc-5db0abbc6815-heap-dumps\") pod \"local-hivemq-1\" (UID: \"4c1b9b32-2971-47bd-b6bc-5db0abbc6815\") " pod="default/local-hivemq-1"
2025-01-29 13:24:56,883 INFO c.h.h.t.OperatorHelmChartContainer - [K3S] [reconciler_common.go:251] "operationExecutor.VerifyControllerAttachedVolume started for volume \"conf-override\" (UniqueName: \"kubernetes.io/empty-dir/4c1b9b32-2971-47bd-b6bc-5db0abbc6815-conf-override\") pod \"local-hivemq-1\" (UID: \"4c1b9b32-2971-47bd-b6bc-5db0abbc6815\") " pod="default/local-hivemq-1"
2025-01-29 13:24:56,883 INFO c.h.h.t.OperatorHelmChartContainer - [K3S] [reconciler_common.go:251] "operationExecutor.VerifyControllerAttachedVolume started for volume \"audit\" (UniqueName: \"kubernetes.io/empty-dir/4c1b9b32-2971-47bd-b6bc-5db0abbc6815-audit\") pod \"local-hivemq-1\" (UID: \"4c1b9b32-2971-47bd-b6bc-5db0abbc6815\") " pod="default/local-hivemq-1"
2025-01-29 13:24:56,883 INFO c.h.h.t.OperatorHelmChartContainer - [K3S] [reconciler_common.go:251] "operationExecutor.VerifyControllerAttachedVolume started for volume \"log\" (UniqueName: \"kubernetes.io/empty-dir/4c1b9b32-2971-47bd-b6bc-5db0abbc6815-log\") pod \"local-hivemq-1\" (UID: \"4c1b9b32-2971-47bd-b6bc-5db0abbc6815\") " pod="default/local-hivemq-1"
2025-01-29 13:24:56,883 INFO c.h.h.t.OperatorHelmChartContainer - [K3S] [reconciler_common.go:251] "operationExecutor.VerifyControllerAttachedVolume started for volume \"kube-api-access-rghcz\" (UniqueName: \"kubernetes.io/projected/4c1b9b32-2971-47bd-b6bc-5db0abbc6815-kube-api-access-rghcz\") pod \"local-hivemq-1\" (UID: \"4c1b9b32-2971-47bd-b6bc-5db0abbc6815\") " pod="default/local-hivemq-1"
2025-01-29 13:24:56,883 INFO c.h.h.t.OperatorHelmChartContainer - [K3S] [reconciler_common.go:251] "operationExecutor.VerifyControllerAttachedVolume started for volume \"backup\" (UniqueName: \"kubernetes.io/empty-dir/4c1b9b32-2971-47bd-b6bc-5db0abbc6815-backup\") pod \"local-hivemq-1\" (UID: \"4c1b9b32-2971-47bd-b6bc-5db0abbc6815\") " pod="default/local-hivemq-1"
2025-01-29 13:24:57,093 INFO c.h.h.t.OperatorHelmChartContainer - [EVENT] Normal [Pulling] Pulling image "busybox:latest" [default:local-hivemq-1]
2025-01-29 13:24:57,523 INFO c.h.h.t.OperatorHelmChartContainer - [K3S] [kubelet_volumes.go:163] "Cleaned up orphaned pod volumes dir" podUID="ddbb5040-81e3-4292-8f4c-ce54b52fd62d" path="/var/lib/kubelet/pods/ddbb5040-81e3-4292-8f4c-ce54b52fd62d/volumes"
2025-01-29 13:24:57,565 INFO c.h.h.t.OperatorHelmChartContainer - [EVENT] Normal [Pulled] Successfully pulled image "busybox:latest" in 470ms (470ms including waiting). Image size: 2167089 bytes. [default:local-hivemq-1]
2025-01-29 13:24:57,573 INFO c.h.h.t.OperatorHelmChartContainer - [EVENT] Normal [Created] Created container: init-shared [default:local-hivemq-1]
2025-01-29 13:24:57,614 INFO c.h.h.t.OperatorHelmChartContainer - [EVENT] Normal [Started] Started container init-shared [default:local-hivemq-1]
2025-01-29 13:24:57,712 INFO c.h.h.t.OperatorHelmChartContainer - [EVENT] Normal [Pulled] Container image "hivemq/init-dns-wait:snapshot" already present on machine [default:local-hivemq-1]
2025-01-29 13:24:57,724 INFO c.h.h.t.OperatorHelmChartContainer - [EVENT] Normal [Created] Created container: dns-wait [default:local-hivemq-1]
2025-01-29 13:24:57,728 INFO c.h.h.t.OperatorHelmChartContainer - [POD] local-hivemq-1 [4c1b9b32-2971-47bd-b6bc-5db0abbc6815] in default was MODIFIED
2025-01-29 13:24:57,774 INFO c.h.h.t.OperatorHelmChartContainer - [EVENT] Normal [Started] Started container dns-wait [default:local-hivemq-1]
2025-01-29 13:24:58,724 INFO c.h.h.t.OperatorHelmChartContainer - [POD] local-hivemq-1 [4c1b9b32-2971-47bd-b6bc-5db0abbc6815] in default was MODIFIED
2025-01-29 13:25:08,729 INFO c.h.h.t.OperatorHelmChartContainer - [EVENT] Normal [Pulled] Container image "hivemq/hivemq4:k8s-4.36.0" already present on machine [default:local-hivemq-1]
2025-01-29 13:25:08,729 INFO c.h.h.t.OperatorHelmChartContainer - Received Pulled event for container hivemq in pod local-hivemq-1 [4c1b9b32-2971-47bd-b6bc-5db0abbc6815]
2025-01-29 13:25:08,740 INFO c.h.h.t.OperatorHelmChartContainer - [EVENT] Normal [Created] Created container: hivemq [default:local-hivemq-1]
2025-01-29 13:25:08,740 INFO c.h.h.t.OperatorHelmChartContainer - Received Created event for container hivemq in pod local-hivemq-1 [4c1b9b32-2971-47bd-b6bc-5db0abbc6815]
2025-01-29 13:25:08,742 INFO c.h.h.t.OperatorHelmChartContainer - [POD] local-hivemq-1 [4c1b9b32-2971-47bd-b6bc-5db0abbc6815] in default was MODIFIED
2025-01-29 13:25:09,745 INFO c.h.h.t.OperatorHelmChartContainer - [POD] local-hivemq-1 [4c1b9b32-2971-47bd-b6bc-5db0abbc6815] in default was MODIFIED
2025-01-29 13:25:09,751 INFO c.h.h.t.OperatorHelmChartContainer - [EVENT] Normal [Started] Started container hivemq [default:local-hivemq-1]
2025-01-29 13:25:09,751 INFO c.h.h.t.OperatorHelmChartContainer - Started log watcher for hivemq in pod local-hivemq-1 [4c1b9b32-2971-47bd-b6bc-5db0abbc6815]
2025-01-29 13:25:09,751 INFO c.h.h.t.OperatorHelmChartContainer - Received Started event for container hivemq in pod local-hivemq-1 [4c1b9b32-2971-47bd-b6bc-5db0abbc6815]
2025-01-29 13:25:09,753 INFO c.h.h.t.OperatorHelmChartContainer - [local-hivemq-1] [hivemq] [4c1b9b32] Copying external files
2025-01-29 13:25:09,753 INFO c.h.h.t.OperatorHelmChartContainer - [local-hivemq-1] [hivemq] [4c1b9b32] Rewriting config.xml...
2025-01-29 13:25:09,753 INFO c.h.h.t.OperatorHelmChartContainer - [local-hivemq-1] [hivemq] [4c1b9b32] Creating initial lastUpdate files...
2025-01-29 13:25:09,753 INFO c.h.h.t.OperatorHelmChartContainer - [local-hivemq-1] [hivemq] [4c1b9b32] Disabling Prometheus
2025-01-29 13:25:09,753 INFO c.h.h.t.OperatorHelmChartContainer - [local-hivemq-1] [hivemq] [4c1b9b32] Pod info:
2025-01-29 13:25:09,753 INFO c.h.h.t.OperatorHelmChartContainer - [local-hivemq-1] [hivemq] [4c1b9b32] extension-names=hivemq-kafka-extension hivemq-google-cloud-pubsub-extension hivemq-bridge-extension hivemq-enterprise-security-extension hivemq-distributed-tracing-extension hivemq-amazon-kinesis-extension
2025-01-29 13:25:09,753 INFO c.h.h.t.OperatorHelmChartContainer - [local-hivemq-1] [hivemq] [4c1b9b32] extension-uris=preinstalled preinstalled preinstalled preinstalled preinstalled preinstalled
2025-01-29 13:25:09,753 INFO c.h.h.t.OperatorHelmChartContainer - [local-hivemq-1] [hivemq] [4c1b9b32] extension-states=false false false false false false
2025-01-29 13:25:09,753 INFO c.h.h.t.OperatorHelmChartContainer - [local-hivemq-1] [hivemq] [4c1b9b32] extensions-static=false false false false false false
2025-01-29 13:25:09,753 INFO c.h.h.t.OperatorHelmChartContainer - [local-hivemq-1] [hivemq] [4c1b9b32] Installing extension #0 with name: hivemq-kafka-extension, URI: preinstalled, enabled state: false
2025-01-29 13:25:09,753 INFO c.h.h.t.OperatorHelmChartContainer - [local-hivemq-1] [hivemq] [4c1b9b32] + [[ 3 != 3 ]]
2025-01-29 13:25:09,753 INFO c.h.h.t.OperatorHelmChartContainer - [local-hivemq-1] [hivemq] [4c1b9b32] + EXTENSION_URI=preinstalled
2025-01-29 13:25:09,753 INFO c.h.h.t.OperatorHelmChartContainer - [local-hivemq-1] [hivemq] [4c1b9b32] + EXTENSION_NAME=hivemq-kafka-extension
2025-01-29 13:25:09,753 INFO c.h.h.t.OperatorHelmChartContainer - [local-hivemq-1] [hivemq] [4c1b9b32] + TARGET_STATE=false
2025-01-29 13:25:09,753 INFO c.h.h.t.OperatorHelmChartContainer - [local-hivemq-1] [hivemq] [4c1b9b32] + TARGET_DIR=/opt/hivemq/extensions/hivemq-kafka-extension
2025-01-29 13:25:09,753 INFO c.h.h.t.OperatorHelmChartContainer - [local-hivemq-1] [hivemq] [4c1b9b32] ++ mktemp -d
2025-01-29 13:25:09,753 INFO c.h.h.t.OperatorHelmChartContainer - [local-hivemq-1] [hivemq] [4c1b9b32] + install_dir=/tmp/tmp.Hfqg38FGBe
2025-01-29 13:25:09,753 INFO c.h.h.t.OperatorHelmChartContainer - [local-hivemq-1] [hivemq] [4c1b9b32] + set +e
2025-01-29 13:25:09,753 INFO c.h.h.t.OperatorHelmChartContainer - [local-hivemq-1] [hivemq] [4c1b9b32] + [[ -f /opt/hivemq/extensions/hivemq-kafka-extension/DISABLED ]]
2025-01-29 13:25:09,753 INFO c.h.h.t.OperatorHelmChartContainer - [local-hivemq-1] [hivemq] [4c1b9b32] + was_enabled=0
2025-01-29 13:25:09,753 INFO c.h.h.t.OperatorHelmChartContainer - [local-hivemq-1] [hivemq] [4c1b9b32] + set -e
2025-01-29 13:25:09,753 INFO c.h.h.t.OperatorHelmChartContainer - [local-hivemq-1] [hivemq] [4c1b9b32] + [[ preinstalled != \p\r\e\i\n\s\t\a\l\l\e\d ]]
2025-01-29 13:25:09,753 INFO c.h.h.t.OperatorHelmChartContainer - [local-hivemq-1] [hivemq] [4c1b9b32] + [[ false == \f\a\l\s\e ]]
2025-01-29 13:25:09,753 INFO c.h.h.t.OperatorHelmChartContainer - [local-hivemq-1] [hivemq] [4c1b9b32] + touch /opt/hivemq/extensions/hivemq-kafka-extension/DISABLED
2025-01-29 13:25:09,753 INFO c.h.h.t.OperatorHelmChartContainer - [local-hivemq-1] [hivemq] [4c1b9b32] + was_enabled=0
2025-01-29 13:25:09,753 INFO c.h.h.t.OperatorHelmChartContainer - [local-hivemq-1] [hivemq] [4c1b9b32] + [[ preinstalled != \p\r\e\i\n\s\t\a\l\l\e\d ]]
2025-01-29 13:25:09,753 INFO c.h.h.t.OperatorHelmChartContainer - [local-hivemq-1] [hivemq] [4c1b9b32] + /opt/hivemq/bin/run_initialization.sh hivemq-kafka-extension
2025-01-29 13:25:09,753 INFO c.h.h.t.OperatorHelmChartContainer - [local-hivemq-1] [hivemq] [4c1b9b32] + EXTENSION_NAME=hivemq-kafka-extension
2025-01-29 13:25:09,753 INFO c.h.h.t.OperatorHelmChartContainer - [local-hivemq-1] [hivemq] [4c1b9b32] + TARGET_DIR=/opt/hivemq/extensions/hivemq-kafka-extension
2025-01-29 13:25:09,753 INFO c.h.h.t.OperatorHelmChartContainer - [local-hivemq-1] [hivemq] [4c1b9b32] + cd /opt/hivemq/extensions/hivemq-kafka-extension
2025-01-29 13:25:09,753 INFO c.h.h.t.OperatorHelmChartContainer - [local-hivemq-1] [hivemq] [4c1b9b32] + [[ -f init_tmp ]]
2025-01-29 13:25:09,753 INFO c.h.h.t.OperatorHelmChartContainer - [local-hivemq-1] [hivemq] [4c1b9b32] + [[ -f /etc/podinfo/init-extension-hivemq-kafka-extension ]]
2025-01-29 13:25:09,753 INFO c.h.h.t.OperatorHelmChartContainer - [local-hivemq-1] [hivemq] [4c1b9b32] Installing extension #1 with name: hivemq-google-cloud-pubsub-extension, URI: preinstalled, enabled state: false
2025-01-29 13:25:09,753 INFO c.h.h.t.OperatorHelmChartContainer - [local-hivemq-1] [hivemq] [4c1b9b32] + [[ 3 != 3 ]]
2025-01-29 13:25:09,753 INFO c.h.h.t.OperatorHelmChartContainer - [local-hivemq-1] [hivemq] [4c1b9b32] + EXTENSION_URI=preinstalled
2025-01-29 13:25:09,753 INFO c.h.h.t.OperatorHelmChartContainer - [local-hivemq-1] [hivemq] [4c1b9b32] + EXTENSION_NAME=hivemq-google-cloud-pubsub-extension
2025-01-29 13:25:09,753 INFO c.h.h.t.OperatorHelmChartContainer - [local-hivemq-1] [hivemq] [4c1b9b32] + TARGET_STATE=false
2025-01-29 13:25:09,753 INFO c.h.h.t.OperatorHelmChartContainer - [local-hivemq-1] [hivemq] [4c1b9b32] + TARGET_DIR=/opt/hivemq/extensions/hivemq-google-cloud-pubsub-extension
2025-01-29 13:25:09,753 INFO c.h.h.t.OperatorHelmChartContainer - [local-hivemq-1] [hivemq] [4c1b9b32] ++ mktemp -d
2025-01-29 13:25:09,753 INFO c.h.h.t.OperatorHelmChartContainer - [local-hivemq-1] [hivemq] [4c1b9b32] + install_dir=/tmp/tmp.eUg0Hap4dt
2025-01-29 13:25:09,753 INFO c.h.h.t.OperatorHelmChartContainer - [local-hivemq-1] [hivemq] [4c1b9b32] + set +e
2025-01-29 13:25:09,753 INFO c.h.h.t.OperatorHelmChartContainer - [local-hivemq-1] [hivemq] [4c1b9b32] + [[ -f /opt/hivemq/extensions/hivemq-google-cloud-pubsub-extension/DISABLED ]]
2025-01-29 13:25:09,753 INFO c.h.h.t.OperatorHelmChartContainer - [local-hivemq-1] [hivemq] [4c1b9b32] + was_enabled=0
2025-01-29 13:25:09,753 INFO c.h.h.t.OperatorHelmChartContainer - [local-hivemq-1] [hivemq] [4c1b9b32] + set -e
2025-01-29 13:25:09,753 INFO c.h.h.t.OperatorHelmChartContainer - [local-hivemq-1] [hivemq] [4c1b9b32] + [[ preinstalled != \p\r\e\i\n\s\t\a\l\l\e\d ]]
2025-01-29 13:25:09,753 INFO c.h.h.t.OperatorHelmChartContainer - [local-hivemq-1] [hivemq] [4c1b9b32] + [[ false == \f\a\l\s\e ]]
2025-01-29 13:25:09,753 INFO c.h.h.t.OperatorHelmChartContainer - [local-hivemq-1] [hivemq] [4c1b9b32] + touch /opt/hivemq/extensions/hivemq-google-cloud-pubsub-extension/DISABLED
2025-01-29 13:25:09,753 INFO c.h.h.t.OperatorHelmChartContainer - [local-hivemq-1] [hivemq] [4c1b9b32] + was_enabled=0
2025-01-29 13:25:09,753 INFO c.h.h.t.OperatorHelmChartContainer - [local-hivemq-1] [hivemq] [4c1b9b32] + [[ preinstalled != \p\r\e\i\n\s\t\a\l\l\e\d ]]
2025-01-29 13:25:09,753 INFO c.h.h.t.OperatorHelmChartContainer - [local-hivemq-1] [hivemq] [4c1b9b32] + /opt/hivemq/bin/run_initialization.sh hivemq-google-cloud-pubsub-extension
2025-01-29 13:25:09,753 INFO c.h.h.t.OperatorHelmChartContainer - [local-hivemq-1] [hivemq] [4c1b9b32] + EXTENSION_NAME=hivemq-google-cloud-pubsub-extension
2025-01-29 13:25:09,753 INFO c.h.h.t.OperatorHelmChartContainer - [local-hivemq-1] [hivemq] [4c1b9b32] + TARGET_DIR=/opt/hivemq/extensions/hivemq-google-cloud-pubsub-extension
2025-01-29 13:25:09,753 INFO c.h.h.t.OperatorHelmChartContainer - [local-hivemq-1] [hivemq] [4c1b9b32] + cd /opt/hivemq/extensions/hivemq-google-cloud-pubsub-extension
2025-01-29 13:25:09,753 INFO c.h.h.t.OperatorHelmChartContainer - [local-hivemq-1] [hivemq] [4c1b9b32] + [[ -f init_tmp ]]
2025-01-29 13:25:09,753 INFO c.h.h.t.OperatorHelmChartContainer - [local-hivemq-1] [hivemq] [4c1b9b32] + [[ -f /etc/podinfo/init-extension-hivemq-google-cloud-pubsub-extension ]]
2025-01-29 13:25:09,753 INFO c.h.h.t.OperatorHelmChartContainer - [local-hivemq-1] [hivemq] [4c1b9b32] Installing extension #2 with name: hivemq-bridge-extension, URI: preinstalled, enabled state: false
2025-01-29 13:25:09,753 INFO c.h.h.t.OperatorHelmChartContainer - [local-hivemq-1] [hivemq] [4c1b9b32] + [[ 3 != 3 ]]
2025-01-29 13:25:09,753 INFO c.h.h.t.OperatorHelmChartContainer - [local-hivemq-1] [hivemq] [4c1b9b32] + EXTENSION_URI=preinstalled
2025-01-29 13:25:09,753 INFO c.h.h.t.OperatorHelmChartContainer - [local-hivemq-1] [hivemq] [4c1b9b32] + EXTENSION_NAME=hivemq-bridge-extension
2025-01-29 13:25:09,753 INFO c.h.h.t.OperatorHelmChartContainer - [local-hivemq-1] [hivemq] [4c1b9b32] + TARGET_STATE=false
2025-01-29 13:25:09,753 INFO c.h.h.t.OperatorHelmChartContainer - [local-hivemq-1] [hivemq] [4c1b9b32] + TARGET_DIR=/opt/hivemq/extensions/hivemq-bridge-extension
2025-01-29 13:25:09,753 INFO c.h.h.t.OperatorHelmChartContainer - [local-hivemq-1] [hivemq] [4c1b9b32] ++ mktemp -d
2025-01-29 13:25:09,753 INFO c.h.h.t.OperatorHelmChartContainer - [local-hivemq-1] [hivemq] [4c1b9b32] + install_dir=/tmp/tmp.GQeuc7iv20
2025-01-29 13:25:09,753 INFO c.h.h.t.OperatorHelmChartContainer - [local-hivemq-1] [hivemq] [4c1b9b32] + set +e
2025-01-29 13:25:09,753 INFO c.h.h.t.OperatorHelmChartContainer - [local-hivemq-1] [hivemq] [4c1b9b32] + [[ -f /opt/hivemq/extensions/hivemq-bridge-extension/DISABLED ]]
2025-01-29 13:25:09,753 INFO c.h.h.t.OperatorHelmChartContainer - [local-hivemq-1] [hivemq] [4c1b9b32] + was_enabled=0
2025-01-29 13:25:09,753 INFO c.h.h.t.OperatorHelmChartContainer - [local-hivemq-1] [hivemq] [4c1b9b32] + set -e
2025-01-29 13:25:09,753 INFO c.h.h.t.OperatorHelmChartContainer - [local-hivemq-1] [hivemq] [4c1b9b32] + [[ preinstalled != \p\r\e\i\n\s\t\a\l\l\e\d ]]
2025-01-29 13:25:09,753 INFO c.h.h.t.OperatorHelmChartContainer - [local-hivemq-1] [hivemq] [4c1b9b32] + [[ false == \f\a\l\s\e ]]
2025-01-29 13:25:09,753 INFO c.h.h.t.OperatorHelmChartContainer - [local-hivemq-1] [hivemq] [4c1b9b32] + touch /opt/hivemq/extensions/hivemq-bridge-extension/DISABLED
2025-01-29 13:25:09,753 INFO c.h.h.t.OperatorHelmChartContainer - [local-hivemq-1] [hivemq] [4c1b9b32] + was_enabled=0
2025-01-29 13:25:09,753 INFO c.h.h.t.OperatorHelmChartContainer - [local-hivemq-1] [hivemq] [4c1b9b32] + [[ preinstalled != \p\r\e\i\n\s\t\a\l\l\e\d ]]
2025-01-29 13:25:09,753 INFO c.h.h.t.OperatorHelmChartContainer - [local-hivemq-1] [hivemq] [4c1b9b32] + /opt/hivemq/bin/run_initialization.sh hivemq-bridge-extension
2025-01-29 13:25:09,753 INFO c.h.h.t.OperatorHelmChartContainer - [local-hivemq-1] [hivemq] [4c1b9b32] + EXTENSION_NAME=hivemq-bridge-extension
2025-01-29 13:25:09,753 INFO c.h.h.t.OperatorHelmChartContainer - [local-hivemq-1] [hivemq] [4c1b9b32] + TARGET_DIR=/opt/hivemq/extensions/hivemq-bridge-extension
2025-01-29 13:25:09,753 INFO c.h.h.t.OperatorHelmChartContainer - [local-hivemq-1] [hivemq] [4c1b9b32] + cd /opt/hivemq/extensions/hivemq-bridge-extension
2025-01-29 13:25:09,753 INFO c.h.h.t.OperatorHelmChartContainer - [local-hivemq-1] [hivemq] [4c1b9b32] + [[ -f init_tmp ]]
2025-01-29 13:25:09,753 INFO c.h.h.t.OperatorHelmChartContainer - [local-hivemq-1] [hivemq] [4c1b9b32] + [[ -f /etc/podinfo/init-extension-hivemq-bridge-extension ]]
2025-01-29 13:25:09,753 INFO c.h.h.t.OperatorHelmChartContainer - [local-hivemq-1] [hivemq] [4c1b9b32] Installing extension #3 with name: hivemq-enterprise-security-extension, URI: preinstalled, enabled state: false
2025-01-29 13:25:09,753 INFO c.h.h.t.OperatorHelmChartContainer - [local-hivemq-1] [hivemq] [4c1b9b32] + [[ 3 != 3 ]]
2025-01-29 13:25:09,753 INFO c.h.h.t.OperatorHelmChartContainer - [local-hivemq-1] [hivemq] [4c1b9b32] + EXTENSION_URI=preinstalled
2025-01-29 13:25:09,753 INFO c.h.h.t.OperatorHelmChartContainer - [local-hivemq-1] [hivemq] [4c1b9b32] + EXTENSION_NAME=hivemq-enterprise-security-extension
2025-01-29 13:25:09,753 INFO c.h.h.t.OperatorHelmChartContainer - [local-hivemq-1] [hivemq] [4c1b9b32] + TARGET_STATE=false
2025-01-29 13:25:09,753 INFO c.h.h.t.OperatorHelmChartContainer - [local-hivemq-1] [hivemq] [4c1b9b32] + TARGET_DIR=/opt/hivemq/extensions/hivemq-enterprise-security-extension
2025-01-29 13:25:09,753 INFO c.h.h.t.OperatorHelmChartContainer - [local-hivemq-1] [hivemq] [4c1b9b32] ++ mktemp -d
2025-01-29 13:25:09,753 INFO c.h.h.t.OperatorHelmChartContainer - [local-hivemq-1] [hivemq] [4c1b9b32] + install_dir=/tmp/tmp.gp02jsHhzg
2025-01-29 13:25:09,753 INFO c.h.h.t.OperatorHelmChartContainer - [local-hivemq-1] [hivemq] [4c1b9b32] + set +e
2025-01-29 13:25:09,753 INFO c.h.h.t.OperatorHelmChartContainer - [local-hivemq-1] [hivemq] [4c1b9b32] + [[ -f /opt/hivemq/extensions/hivemq-enterprise-security-extension/DISABLED ]]
2025-01-29 13:25:09,753 INFO c.h.h.t.OperatorHelmChartContainer - [local-hivemq-1] [hivemq] [4c1b9b32] + was_enabled=0
2025-01-29 13:25:09,753 INFO c.h.h.t.OperatorHelmChartContainer - [local-hivemq-1] [hivemq] [4c1b9b32] + set -e
2025-01-29 13:25:09,753 INFO c.h.h.t.OperatorHelmChartContainer - [local-hivemq-1] [hivemq] [4c1b9b32] + [[ preinstalled != \p\r\e\i\n\s\t\a\l\l\e\d ]]
2025-01-29 13:25:09,753 INFO c.h.h.t.OperatorHelmChartContainer - [local-hivemq-1] [hivemq] [4c1b9b32] + [[ false == \f\a\l\s\e ]]
2025-01-29 13:25:09,753 INFO c.h.h.t.OperatorHelmChartContainer - [local-hivemq-1] [hivemq] [4c1b9b32] + touch /opt/hivemq/extensions/hivemq-enterprise-security-extension/DISABLED
2025-01-29 13:25:09,753 INFO c.h.h.t.OperatorHelmChartContainer - [local-hivemq-1] [hivemq] [4c1b9b32] + was_enabled=0
2025-01-29 13:25:09,753 INFO c.h.h.t.OperatorHelmChartContainer - [local-hivemq-1] [hivemq] [4c1b9b32] + [[ preinstalled != \p\r\e\i\n\s\t\a\l\l\e\d ]]
2025-01-29 13:25:09,753 INFO c.h.h.t.OperatorHelmChartContainer - [local-hivemq-1] [hivemq] [4c1b9b32] + /opt/hivemq/bin/run_initialization.sh hivemq-enterprise-security-extension
2025-01-29 13:25:09,753 INFO c.h.h.t.OperatorHelmChartContainer - [local-hivemq-1] [hivemq] [4c1b9b32] + EXTENSION_NAME=hivemq-enterprise-security-extension
2025-01-29 13:25:09,753 INFO c.h.h.t.OperatorHelmChartContainer - [local-hivemq-1] [hivemq] [4c1b9b32] + TARGET_DIR=/opt/hivemq/extensions/hivemq-enterprise-security-extension
2025-01-29 13:25:09,753 INFO c.h.h.t.OperatorHelmChartContainer - [local-hivemq-1] [hivemq] [4c1b9b32] + cd /opt/hivemq/extensions/hivemq-enterprise-security-extension
2025-01-29 13:25:09,753 INFO c.h.h.t.OperatorHelmChartContainer - [local-hivemq-1] [hivemq] [4c1b9b32] + [[ -f init_tmp ]]
2025-01-29 13:25:09,753 INFO c.h.h.t.OperatorHelmChartContainer - [local-hivemq-1] [hivemq] [4c1b9b32] + [[ -f /etc/podinfo/init-extension-hivemq-enterprise-security-extension ]]
2025-01-29 13:25:09,753 INFO c.h.h.t.OperatorHelmChartContainer - [local-hivemq-1] [hivemq] [4c1b9b32] + echo 'Using init script from config map'
2025-01-29 13:25:09,754 INFO c.h.h.t.OperatorHelmChartContainer - [local-hivemq-1] [hivemq] [4c1b9b32] + cat /etc/podinfo/init-extension-hivemq-enterprise-security-extension
2025-01-29 13:25:09,754 INFO c.h.h.t.OperatorHelmChartContainer - [local-hivemq-1] [hivemq] [4c1b9b32] Using init script from config map
2025-01-29 13:25:09,754 INFO c.h.h.t.OperatorHelmChartContainer - [local-hivemq-1] [hivemq] [4c1b9b32] + echo 'Executing initialization script'
2025-01-29 13:25:09,754 INFO c.h.h.t.OperatorHelmChartContainer - [local-hivemq-1] [hivemq] [4c1b9b32] + chmod +x init
2025-01-29 13:25:09,754 INFO c.h.h.t.OperatorHelmChartContainer - [local-hivemq-1] [hivemq] [4c1b9b32] Executing initialization script
2025-01-29 13:25:09,754 INFO c.h.h.t.OperatorHelmChartContainer - [local-hivemq-1] [hivemq] [4c1b9b32] + ./init
2025-01-29 13:25:09,754 INFO c.h.h.t.OperatorHelmChartContainer - [local-hivemq-1] [hivemq] [4c1b9b32]   % Total    % Received % Xferd  Average Speed   Time    Time     Time  Current
2025-01-29 13:25:09,754 INFO c.h.h.t.OperatorHelmChartContainer - [local-hivemq-1] [hivemq] [4c1b9b32]                                  Dload  Upload   Total   Spent    Left  Speed
2025-01-29 13:25:09,754 INFO c.h.h.t.OperatorHelmChartContainer - [local-hivemq-1] [hivemq] [4c1b9b32] 
2025-01-29 13:25:09,754 INFO c.h.h.t.OperatorHelmChartContainer - [local-hivemq-1] [hivemq] [4c1b9b32]   0     0    0     0    0     0      0      0 --:--:-- --:--:-- --:--:--     0
2025-01-29 13:25:09,754 INFO c.h.h.t.OperatorHelmChartContainer - [local-hivemq-1] [hivemq] [4c1b9b32] 100  910k  100  910k    0     0  2178k      0 --:--:-- --:--:-- --:--:-- 2179k
2025-01-29 13:25:09,754 INFO c.h.h.t.OperatorHelmChartContainer - [local-hivemq-1] [hivemq] [4c1b9b32] Installing extension #4 with name: hivemq-distributed-tracing-extension, URI: preinstalled, enabled state: false
2025-01-29 13:25:09,754 INFO c.h.h.t.OperatorHelmChartContainer - [local-hivemq-1] [hivemq] [4c1b9b32] + [[ 3 != 3 ]]
2025-01-29 13:25:09,754 INFO c.h.h.t.OperatorHelmChartContainer - [local-hivemq-1] [hivemq] [4c1b9b32] + EXTENSION_URI=preinstalled
2025-01-29 13:25:09,754 INFO c.h.h.t.OperatorHelmChartContainer - [local-hivemq-1] [hivemq] [4c1b9b32] + EXTENSION_NAME=hivemq-distributed-tracing-extension
2025-01-29 13:25:09,754 INFO c.h.h.t.OperatorHelmChartContainer - [local-hivemq-1] [hivemq] [4c1b9b32] + TARGET_STATE=false
2025-01-29 13:25:09,754 INFO c.h.h.t.OperatorHelmChartContainer - [local-hivemq-1] [hivemq] [4c1b9b32] + TARGET_DIR=/opt/hivemq/extensions/hivemq-distributed-tracing-extension
2025-01-29 13:25:09,754 INFO c.h.h.t.OperatorHelmChartContainer - [local-hivemq-1] [hivemq] [4c1b9b32] ++ mktemp -d
2025-01-29 13:25:09,754 INFO c.h.h.t.OperatorHelmChartContainer - [local-hivemq-1] [hivemq] [4c1b9b32] + install_dir=/tmp/tmp.ypt39IqQBs
2025-01-29 13:25:09,754 INFO c.h.h.t.OperatorHelmChartContainer - [local-hivemq-1] [hivemq] [4c1b9b32] + set +e
2025-01-29 13:25:09,754 INFO c.h.h.t.OperatorHelmChartContainer - [local-hivemq-1] [hivemq] [4c1b9b32] + [[ -f /opt/hivemq/extensions/hivemq-distributed-tracing-extension/DISABLED ]]
2025-01-29 13:25:09,754 INFO c.h.h.t.OperatorHelmChartContainer - [local-hivemq-1] [hivemq] [4c1b9b32] + was_enabled=0
2025-01-29 13:25:09,754 INFO c.h.h.t.OperatorHelmChartContainer - [local-hivemq-1] [hivemq] [4c1b9b32] + set -e
2025-01-29 13:25:09,754 INFO c.h.h.t.OperatorHelmChartContainer - [local-hivemq-1] [hivemq] [4c1b9b32] + [[ preinstalled != \p\r\e\i\n\s\t\a\l\l\e\d ]]
2025-01-29 13:25:09,754 INFO c.h.h.t.OperatorHelmChartContainer - [local-hivemq-1] [hivemq] [4c1b9b32] + [[ false == \f\a\l\s\e ]]
2025-01-29 13:25:09,754 INFO c.h.h.t.OperatorHelmChartContainer - [local-hivemq-1] [hivemq] [4c1b9b32] + touch /opt/hivemq/extensions/hivemq-distributed-tracing-extension/DISABLED
2025-01-29 13:25:09,754 INFO c.h.h.t.OperatorHelmChartContainer - [local-hivemq-1] [hivemq] [4c1b9b32] + was_enabled=0
2025-01-29 13:25:09,754 INFO c.h.h.t.OperatorHelmChartContainer - [local-hivemq-1] [hivemq] [4c1b9b32] + [[ preinstalled != \p\r\e\i\n\s\t\a\l\l\e\d ]]
2025-01-29 13:25:09,754 INFO c.h.h.t.OperatorHelmChartContainer - [local-hivemq-1] [hivemq] [4c1b9b32] + /opt/hivemq/bin/run_initialization.sh hivemq-distributed-tracing-extension
2025-01-29 13:25:09,754 INFO c.h.h.t.OperatorHelmChartContainer - [local-hivemq-1] [hivemq] [4c1b9b32] + EXTENSION_NAME=hivemq-distributed-tracing-extension
2025-01-29 13:25:09,754 INFO c.h.h.t.OperatorHelmChartContainer - [local-hivemq-1] [hivemq] [4c1b9b32] + TARGET_DIR=/opt/hivemq/extensions/hivemq-distributed-tracing-extension
2025-01-29 13:25:09,754 INFO c.h.h.t.OperatorHelmChartContainer - [local-hivemq-1] [hivemq] [4c1b9b32] + cd /opt/hivemq/extensions/hivemq-distributed-tracing-extension
2025-01-29 13:25:09,754 INFO c.h.h.t.OperatorHelmChartContainer - [local-hivemq-1] [hivemq] [4c1b9b32] + [[ -f init_tmp ]]
2025-01-29 13:25:09,754 INFO c.h.h.t.OperatorHelmChartContainer - [local-hivemq-1] [hivemq] [4c1b9b32] + [[ -f /etc/podinfo/init-extension-hivemq-distributed-tracing-extension ]]
2025-01-29 13:25:09,754 INFO c.h.h.t.OperatorHelmChartContainer - [local-hivemq-1] [hivemq] [4c1b9b32] Installing extension #5 with name: hivemq-amazon-kinesis-extension, URI: preinstalled, enabled state: false
2025-01-29 13:25:09,754 INFO c.h.h.t.OperatorHelmChartContainer - [local-hivemq-1] [hivemq] [4c1b9b32] + [[ 3 != 3 ]]
2025-01-29 13:25:09,754 INFO c.h.h.t.OperatorHelmChartContainer - [local-hivemq-1] [hivemq] [4c1b9b32] + EXTENSION_URI=preinstalled
2025-01-29 13:25:09,754 INFO c.h.h.t.OperatorHelmChartContainer - [local-hivemq-1] [hivemq] [4c1b9b32] + EXTENSION_NAME=hivemq-amazon-kinesis-extension
2025-01-29 13:25:09,754 INFO c.h.h.t.OperatorHelmChartContainer - [local-hivemq-1] [hivemq] [4c1b9b32] + TARGET_STATE=false
2025-01-29 13:25:09,754 INFO c.h.h.t.OperatorHelmChartContainer - [local-hivemq-1] [hivemq] [4c1b9b32] + TARGET_DIR=/opt/hivemq/extensions/hivemq-amazon-kinesis-extension
2025-01-29 13:25:09,754 INFO c.h.h.t.OperatorHelmChartContainer - [local-hivemq-1] [hivemq] [4c1b9b32] ++ mktemp -d
2025-01-29 13:25:09,754 INFO c.h.h.t.OperatorHelmChartContainer - [local-hivemq-1] [hivemq] [4c1b9b32] + install_dir=/tmp/tmp.VamsXsiesD
2025-01-29 13:25:09,754 INFO c.h.h.t.OperatorHelmChartContainer - [local-hivemq-1] [hivemq] [4c1b9b32] + set +e
2025-01-29 13:25:09,754 INFO c.h.h.t.OperatorHelmChartContainer - [local-hivemq-1] [hivemq] [4c1b9b32] + [[ -f /opt/hivemq/extensions/hivemq-amazon-kinesis-extension/DISABLED ]]
2025-01-29 13:25:09,754 INFO c.h.h.t.OperatorHelmChartContainer - [local-hivemq-1] [hivemq] [4c1b9b32] + was_enabled=0
2025-01-29 13:25:09,754 INFO c.h.h.t.OperatorHelmChartContainer - [local-hivemq-1] [hivemq] [4c1b9b32] + set -e
2025-01-29 13:25:09,754 INFO c.h.h.t.OperatorHelmChartContainer - [local-hivemq-1] [hivemq] [4c1b9b32] + [[ preinstalled != \p\r\e\i\n\s\t\a\l\l\e\d ]]
2025-01-29 13:25:09,754 INFO c.h.h.t.OperatorHelmChartContainer - [local-hivemq-1] [hivemq] [4c1b9b32] + [[ false == \f\a\l\s\e ]]
2025-01-29 13:25:09,754 INFO c.h.h.t.OperatorHelmChartContainer - [local-hivemq-1] [hivemq] [4c1b9b32] + touch /opt/hivemq/extensions/hivemq-amazon-kinesis-extension/DISABLED
2025-01-29 13:25:09,754 INFO c.h.h.t.OperatorHelmChartContainer - [local-hivemq-1] [hivemq] [4c1b9b32] + was_enabled=0
2025-01-29 13:25:09,754 INFO c.h.h.t.OperatorHelmChartContainer - [local-hivemq-1] [hivemq] [4c1b9b32] + [[ preinstalled != \p\r\e\i\n\s\t\a\l\l\e\d ]]
2025-01-29 13:25:09,754 INFO c.h.h.t.OperatorHelmChartContainer - [local-hivemq-1] [hivemq] [4c1b9b32] + /opt/hivemq/bin/run_initialization.sh hivemq-amazon-kinesis-extension
2025-01-29 13:25:09,754 INFO c.h.h.t.OperatorHelmChartContainer - [local-hivemq-1] [hivemq] [4c1b9b32] + EXTENSION_NAME=hivemq-amazon-kinesis-extension
2025-01-29 13:25:09,754 INFO c.h.h.t.OperatorHelmChartContainer - [local-hivemq-1] [hivemq] [4c1b9b32] + TARGET_DIR=/opt/hivemq/extensions/hivemq-amazon-kinesis-extension
2025-01-29 13:25:09,754 INFO c.h.h.t.OperatorHelmChartContainer - [local-hivemq-1] [hivemq] [4c1b9b32] + cd /opt/hivemq/extensions/hivemq-amazon-kinesis-extension
2025-01-29 13:25:09,754 INFO c.h.h.t.OperatorHelmChartContainer - [local-hivemq-1] [hivemq] [4c1b9b32] + [[ -f init_tmp ]]
2025-01-29 13:25:09,754 INFO c.h.h.t.OperatorHelmChartContainer - [local-hivemq-1] [hivemq] [4c1b9b32] + [[ -f /etc/podinfo/init-extension-hivemq-amazon-kinesis-extension ]]
2025-01-29 13:25:09,755 INFO c.h.h.t.OperatorHelmChartContainer - [local-hivemq-1] [hivemq] [4c1b9b32] -------------------------------------------------------------------------
2025-01-29 13:25:09,755 INFO c.h.h.t.OperatorHelmChartContainer - [local-hivemq-1] [hivemq] [4c1b9b32] 
2025-01-29 13:25:09,755 INFO c.h.h.t.OperatorHelmChartContainer - [local-hivemq-1] [hivemq] [4c1b9b32]                   _    _  _              __  __   ____
2025-01-29 13:25:09,755 INFO c.h.h.t.OperatorHelmChartContainer - [local-hivemq-1] [hivemq] [4c1b9b32]                  | |  | |(_)            |  \/  | / __ \
2025-01-29 13:25:09,755 INFO c.h.h.t.OperatorHelmChartContainer - [local-hivemq-1] [hivemq] [4c1b9b32]                  | |__| | _ __   __ ___ | \  / || |  | |
2025-01-29 13:25:09,755 INFO c.h.h.t.OperatorHelmChartContainer - [local-hivemq-1] [hivemq] [4c1b9b32]                  |  __  || |\ \ / // _ \| |\/| || |  | |
2025-01-29 13:25:09,755 INFO c.h.h.t.OperatorHelmChartContainer - [local-hivemq-1] [hivemq] [4c1b9b32]                  | |  | || | \ V /|  __/| |  | || |__| |
2025-01-29 13:25:09,755 INFO c.h.h.t.OperatorHelmChartContainer - [local-hivemq-1] [hivemq] [4c1b9b32]                  |_|  |_||_|  \_/  \___||_|  |_| \___\_\
2025-01-29 13:25:09,755 INFO c.h.h.t.OperatorHelmChartContainer - [local-hivemq-1] [hivemq] [4c1b9b32] 
2025-01-29 13:25:09,755 INFO c.h.h.t.OperatorHelmChartContainer - [local-hivemq-1] [hivemq] [4c1b9b32] -------------------------------------------------------------------------
2025-01-29 13:25:09,755 INFO c.h.h.t.OperatorHelmChartContainer - [local-hivemq-1] [hivemq] [4c1b9b32] 
2025-01-29 13:25:09,755 INFO c.h.h.t.OperatorHelmChartContainer - [local-hivemq-1] [hivemq] [4c1b9b32]   HiveMQ Start Script for Linux/Unix v1.14
2025-01-29 13:25:09,755 INFO c.h.h.t.OperatorHelmChartContainer - [local-hivemq-1] [hivemq] [4c1b9b32] 
2025-01-29 13:25:09,755 INFO c.h.h.t.OperatorHelmChartContainer - [local-hivemq-1] [hivemq] [4c1b9b32] -------------------------------------------------------------------------
2025-01-29 13:25:09,755 INFO c.h.h.t.OperatorHelmChartContainer - [local-hivemq-1] [hivemq] [4c1b9b32] 
2025-01-29 13:25:09,755 INFO c.h.h.t.OperatorHelmChartContainer - [local-hivemq-1] [hivemq] [4c1b9b32]   HIVEMQ_HOME: /opt/hivemq
2025-01-29 13:25:09,755 INFO c.h.h.t.OperatorHelmChartContainer - [local-hivemq-1] [hivemq] [4c1b9b32] 
2025-01-29 13:25:09,755 INFO c.h.h.t.OperatorHelmChartContainer - [local-hivemq-1] [hivemq] [4c1b9b32]   JAVA_OPTS: -XX:+UnlockExperimentalVMOptions -XX:InitialRAMPercentage=40 -XX:MaxRAMPercentage=50 -XX:MinRAMPercentage=30 -Djava.net.preferIPv4Stack=true --add-opens java.base/java.lang=ALL-UNNAMED --add-opens java.base/java.nio=ALL-UNNAMED --add-opens java.base/sun.nio.ch=ALL-UNNAMED --add-opens jdk.management/com.sun.management.internal=ALL-UNNAMED --add-exports java.base/jdk.internal.misc=ALL-UNNAMED -Djava.security.egd=file:/dev/./urandom -Dcom.sun.management.jmxremote -Dcom.sun.management.jmxremote.port=9010 -Dcom.sun.management.jmxremote.local.only=false -Dcom.sun.management.jmxremote.authenticate=false -Dcom.sun.management.jmxremote.ssl=false -Duser.language=en -Duser.region=US -XX:+CrashOnOutOfMemoryError -XX:+HeapDumpOnOutOfMemoryError
2025-01-29 13:25:09,755 INFO c.h.h.t.OperatorHelmChartContainer - [local-hivemq-1] [hivemq] [4c1b9b32] 
2025-01-29 13:25:09,755 INFO c.h.h.t.OperatorHelmChartContainer - [local-hivemq-1] [hivemq] [4c1b9b32]   JAVA_VERSION: 21
2025-01-29 13:25:09,755 INFO c.h.h.t.OperatorHelmChartContainer - [local-hivemq-1] [hivemq] [4c1b9b32] 
2025-01-29 13:25:09,755 INFO c.h.h.t.OperatorHelmChartContainer - [local-hivemq-1] [hivemq] [4c1b9b32] -------------------------------------------------------------------------
2025-01-29 13:25:09,755 INFO c.h.h.t.OperatorHelmChartContainer - [local-hivemq-1] [hivemq] [4c1b9b32] 
2025-01-29 13:25:11,854 INFO c.h.h.t.OperatorHelmChartContainer - [local-hivemq-0] [hivemq] [d5a3027a] DEBUG - HiveMQ DNS Cluster Discovery Extension: Discovered new address '10.42.0.9'.
2025-01-29 13:25:11,906 INFO c.h.h.t.OperatorHelmChartContainer - [local-hivemq-1] [hivemq] [4c1b9b32] INFO  - Starting HiveMQ Enterprise Server
2025-01-29 13:25:11,911 INFO c.h.h.t.OperatorHelmChartContainer - [local-hivemq-1] [hivemq] [4c1b9b32] INFO  - HiveMQ version: 4.36.0
2025-01-29 13:25:11,913 INFO c.h.h.t.OperatorHelmChartContainer - [local-hivemq-1] [hivemq] [4c1b9b32] INFO  - HiveMQ home directory: /opt/hivemq
2025-01-29 13:25:11,913 INFO c.h.h.t.OperatorHelmChartContainer - [local-hivemq-1] [hivemq] [4c1b9b32] INFO  - Log Configuration was overridden by /opt/hivemq/conf/logback.xml
2025-01-29 13:25:13,113 INFO c.h.h.t.OperatorHelmChartContainer - [local-hivemq-1] [hivemq] [4c1b9b32] DEBUG - Adding TCP Listener on bind address 0.0.0.0 and port 1883. Name: tcp-listener-1883. Proxy Protocol supported: false
2025-01-29 13:25:13,114 INFO c.h.h.t.OperatorHelmChartContainer - [local-hivemq-1] [hivemq] [4c1b9b32] DEBUG - Setting retained messages enabled to true
2025-01-29 13:25:13,114 INFO c.h.h.t.OperatorHelmChartContainer - [local-hivemq-1] [hivemq] [4c1b9b32] DEBUG - Setting wildcard subscriptions enabled to true
2025-01-29 13:25:13,114 INFO c.h.h.t.OperatorHelmChartContainer - [local-hivemq-1] [hivemq] [4c1b9b32] DEBUG - Setting subscription identifier enabled to true
2025-01-29 13:25:13,114 INFO c.h.h.t.OperatorHelmChartContainer - [local-hivemq-1] [hivemq] [4c1b9b32] DEBUG - Setting shared subscriptions enabled to true
2025-01-29 13:25:13,114 INFO c.h.h.t.OperatorHelmChartContainer - [local-hivemq-1] [hivemq] [4c1b9b32] DEBUG - Setting maximum qos to EXACTLY_ONCE 
2025-01-29 13:25:13,114 INFO c.h.h.t.OperatorHelmChartContainer - [local-hivemq-1] [hivemq] [4c1b9b32] DEBUG - Setting topic alias enabled to true
2025-01-29 13:25:13,114 INFO c.h.h.t.OperatorHelmChartContainer - [local-hivemq-1] [hivemq] [4c1b9b32] DEBUG - Setting topic alias maximum per client to 5
2025-01-29 13:25:13,114 INFO c.h.h.t.OperatorHelmChartContainer - [local-hivemq-1] [hivemq] [4c1b9b32] DEBUG - Setting the number of max queued messages  per client to 1000 entries
2025-01-29 13:25:13,114 INFO c.h.h.t.OperatorHelmChartContainer - [local-hivemq-1] [hivemq] [4c1b9b32] DEBUG - Setting queued messages strategy for each client to DISCARD
2025-01-29 13:25:13,114 INFO c.h.h.t.OperatorHelmChartContainer - [local-hivemq-1] [hivemq] [4c1b9b32] DEBUG - Setting the expiry interval for client sessions to 4294967295 seconds
2025-01-29 13:25:13,114 INFO c.h.h.t.OperatorHelmChartContainer - [local-hivemq-1] [hivemq] [4c1b9b32] DEBUG - Setting the expiry interval for publish messages to 4294967296 seconds
2025-01-29 13:25:13,115 INFO c.h.h.t.OperatorHelmChartContainer - [local-hivemq-1] [hivemq] [4c1b9b32] DEBUG - Setting the server receive maximum to 10
2025-01-29 13:25:13,115 INFO c.h.h.t.OperatorHelmChartContainer - [local-hivemq-1] [hivemq] [4c1b9b32] DEBUG - Setting keep alive maximum to 65535 seconds
2025-01-29 13:25:13,115 INFO c.h.h.t.OperatorHelmChartContainer - [local-hivemq-1] [hivemq] [4c1b9b32] DEBUG - Setting keep alive allow zero to true
2025-01-29 13:25:13,115 INFO c.h.h.t.OperatorHelmChartContainer - [local-hivemq-1] [hivemq] [4c1b9b32] DEBUG - Setting the maximum packet size for mqtt messages 268435460 bytes
2025-01-29 13:25:13,116 INFO c.h.h.t.OperatorHelmChartContainer - [local-hivemq-1] [hivemq] [4c1b9b32] DEBUG - Setting global maximum allowed connections to -1
2025-01-29 13:25:13,116 INFO c.h.h.t.OperatorHelmChartContainer - [local-hivemq-1] [hivemq] [4c1b9b32] DEBUG - Setting the maximum client id length to 65535
2025-01-29 13:25:13,116 INFO c.h.h.t.OperatorHelmChartContainer - [local-hivemq-1] [hivemq] [4c1b9b32] DEBUG - Setting the timeout for disconnecting idle tcp connections before a connect message was received to 10000 milliseconds
2025-01-29 13:25:13,116 INFO c.h.h.t.OperatorHelmChartContainer - [local-hivemq-1] [hivemq] [4c1b9b32] DEBUG - Throttling the global incoming traffic limit 0 bytes/second
2025-01-29 13:25:13,116 INFO c.h.h.t.OperatorHelmChartContainer - [local-hivemq-1] [hivemq] [4c1b9b32] DEBUG - Setting the maximum topic length to 65535
2025-01-29 13:25:13,116 INFO c.h.h.t.OperatorHelmChartContainer - [local-hivemq-1] [hivemq] [4c1b9b32] DEBUG - Setting allow server assigned client identifier to true
2025-01-29 13:25:13,116 INFO c.h.h.t.OperatorHelmChartContainer - [local-hivemq-1] [hivemq] [4c1b9b32] DEBUG - Setting validate UTF-8 to true
2025-01-29 13:25:13,118 INFO c.h.h.t.OperatorHelmChartContainer - [local-hivemq-1] [hivemq] [4c1b9b32] DEBUG - Setting payload format validation to false
2025-01-29 13:25:13,118 INFO c.h.h.t.OperatorHelmChartContainer - [local-hivemq-1] [hivemq] [4c1b9b32] DEBUG - Setting allow-problem-information to true
2025-01-29 13:25:13,118 INFO c.h.h.t.OperatorHelmChartContainer - [local-hivemq-1] [hivemq] [4c1b9b32] DEBUG - Setting control-center audit log enabled to true
2025-01-29 13:25:13,118 INFO c.h.h.t.OperatorHelmChartContainer - [local-hivemq-1] [hivemq] [4c1b9b32] DEBUG - Setting rest-api audit log enabled to true
2025-01-29 13:25:13,118 INFO c.h.h.t.OperatorHelmChartContainer - [local-hivemq-1] [hivemq] [4c1b9b32] DEBUG - Setting HiveMQ Control Center enabled to true 
2025-01-29 13:25:13,118 INFO c.h.h.t.OperatorHelmChartContainer - [local-hivemq-1] [hivemq] [4c1b9b32] DEBUG - Setting HiveMQ Control Center default login enabled to true 
2025-01-29 13:25:13,118 INFO c.h.h.t.OperatorHelmChartContainer - [local-hivemq-1] [hivemq] [4c1b9b32] DEBUG - Setting HiveMQ Control Center session idle time to 14400 seconds
2025-01-29 13:25:13,119 INFO c.h.h.t.OperatorHelmChartContainer - [local-hivemq-1] [hivemq] [4c1b9b32] DEBUG - Adding Http-Listener to HiveMQ Control Center Config
2025-01-29 13:25:13,119 INFO c.h.h.t.OperatorHelmChartContainer - [local-hivemq-1] [hivemq] [4c1b9b32] DEBUG - Set TLS to disabled for cluster TCP transport
2025-01-29 13:25:13,120 INFO c.h.h.t.OperatorHelmChartContainer - [local-hivemq-1] [hivemq] [4c1b9b32] DEBUG - Setting replica count to 2 
2025-01-29 13:25:13,120 INFO c.h.h.t.OperatorHelmChartContainer - [local-hivemq-1] [hivemq] [4c1b9b32] DEBUG - Setting cluster TCP health-check enabled
2025-01-29 13:25:13,120 INFO c.h.h.t.OperatorHelmChartContainer - [local-hivemq-1] [hivemq] [4c1b9b32] DEBUG - Setting cluster TCP health-check bind-address to 10.42.0.9
2025-01-29 13:25:13,120 INFO c.h.h.t.OperatorHelmChartContainer - [local-hivemq-1] [hivemq] [4c1b9b32] DEBUG - Setting cluster TCP health-check bind-address to 9000
2025-01-29 13:25:13,120 INFO c.h.h.t.OperatorHelmChartContainer - [local-hivemq-1] [hivemq] [4c1b9b32] DEBUG - Setting cluster TCP health-check bind-port to 9000
2025-01-29 13:25:13,120 INFO c.h.h.t.OperatorHelmChartContainer - [local-hivemq-1] [hivemq] [4c1b9b32] DEBUG - Setting cluster TCP health-check external-address to default
2025-01-29 13:25:13,120 INFO c.h.h.t.OperatorHelmChartContainer - [local-hivemq-1] [hivemq] [4c1b9b32] DEBUG - Setting cluster TCP health-check external-port to 0
2025-01-29 13:25:13,120 INFO c.h.h.t.OperatorHelmChartContainer - [local-hivemq-1] [hivemq] [4c1b9b32] DEBUG - Setting cluster heartbeat enabled
2025-01-29 13:25:13,120 INFO c.h.h.t.OperatorHelmChartContainer - [local-hivemq-1] [hivemq] [4c1b9b32] DEBUG - Setting cluster heartbeat interval to 4000 ms
2025-01-29 13:25:13,120 INFO c.h.h.t.OperatorHelmChartContainer - [local-hivemq-1] [hivemq] [4c1b9b32] DEBUG - Setting the cluster heartbeat timeout to 30000 ms
2025-01-29 13:25:13,120 INFO c.h.h.t.OperatorHelmChartContainer - [local-hivemq-1] [hivemq] [4c1b9b32] DEBUG - Setting HiveMQ REST API enabled to false 
2025-01-29 13:25:13,120 INFO c.h.h.t.OperatorHelmChartContainer - [local-hivemq-1] [hivemq] [4c1b9b32] DEBUG - Setting HiveMQ REST API authentication enabled to false 
2025-01-29 13:25:13,120 INFO c.h.h.t.OperatorHelmChartContainer - [local-hivemq-1] [hivemq] [4c1b9b32] DEBUG - Setting HiveMQ Health API enabled to false 
2025-01-29 13:25:13,124 INFO c.h.h.t.OperatorHelmChartContainer - [local-hivemq-1] [hivemq] [4c1b9b32] DEBUG - Setting client event history enabled to false
2025-01-29 13:25:13,124 INFO c.h.h.t.OperatorHelmChartContainer - [local-hivemq-1] [hivemq] [4c1b9b32] DEBUG - Setting client event history lifetime to 604800000 ms
2025-01-29 13:25:13,168 INFO c.h.h.t.OperatorHelmChartContainer - [local-hivemq-1] [hivemq] [4c1b9b32] DEBUG - Setting overload protection enabled to true 
2025-01-29 13:25:13,168 INFO c.h.h.t.OperatorHelmChartContainer - [local-hivemq-1] [hivemq] [4c1b9b32] DEBUG - Setting anonymous usage statistics enabled to false 
2025-01-29 13:25:13,168 INFO c.h.h.t.OperatorHelmChartContainer - [local-hivemq-1] [hivemq] [4c1b9b32] DEBUG - Setting expired messages topic enabled to false
2025-01-29 13:25:13,168 INFO c.h.h.t.OperatorHelmChartContainer - [local-hivemq-1] [hivemq] [4c1b9b32] DEBUG - Setting dropped messages topic enabled to false
2025-01-29 13:25:13,168 INFO c.h.h.t.OperatorHelmChartContainer - [local-hivemq-1] [hivemq] [4c1b9b32] DEBUG - Setting dead messages topic enabled to false
2025-01-29 13:25:13,169 INFO c.h.h.t.OperatorHelmChartContainer - [local-hivemq-1] [hivemq] [4c1b9b32] INFO  - Successfully loaded configuration from '/opt/hivemq/conf/config.xml'.
2025-01-29 13:25:13,514 INFO c.h.h.t.OperatorHelmChartContainer - [local-hivemq-1] [hivemq] [4c1b9b32] DEBUG - Performing sanity checks.
2025-01-29 13:25:13,605 INFO c.h.h.t.OperatorHelmChartContainer - [local-hivemq-1] [hivemq] [4c1b9b32] DEBUG - Soft limit for open files (1048576) satisfies the recommended limit (1000000).
2025-01-29 13:25:13,606 INFO c.h.h.t.OperatorHelmChartContainer - [local-hivemq-1] [hivemq] [4c1b9b32] DEBUG - Hard limit for open files (1048576) satisfies the recommended limit (1000000).
2025-01-29 13:25:13,606 INFO c.h.h.t.OperatorHelmChartContainer - [local-hivemq-1] [hivemq] [4c1b9b32] DEBUG - HiveMQ license directory (/opt/hivemq/license) satisfies all required file-system permissions.
2025-01-29 13:25:13,607 INFO c.h.h.t.OperatorHelmChartContainer - [local-hivemq-1] [hivemq] [4c1b9b32] DEBUG - HiveMQ data directory (/opt/hivemq/data) satisfies all required file-system permissions.
2025-01-29 13:25:13,607 INFO c.h.h.t.OperatorHelmChartContainer - [local-hivemq-1] [hivemq] [4c1b9b32] DEBUG - HiveMQ log directory (/opt/hivemq/log) satisfies all required file-system permissions.
2025-01-29 13:25:13,607 INFO c.h.h.t.OperatorHelmChartContainer - [local-hivemq-1] [hivemq] [4c1b9b32] DEBUG - HiveMQ backup directory (/opt/hivemq/backup) satisfies all required file-system permissions.
2025-01-29 13:25:13,607 INFO c.h.h.t.OperatorHelmChartContainer - [local-hivemq-1] [hivemq] [4c1b9b32] DEBUG - HiveMQ audit directory (/opt/hivemq/audit) satisfies all required file-system permissions.
2025-01-29 13:25:13,607 INFO c.h.h.t.OperatorHelmChartContainer - [local-hivemq-1] [hivemq] [4c1b9b32] DEBUG - HiveMQ extensions directory (/opt/hivemq/extensions) satisfies all required file-system permissions.
2025-01-29 13:25:13,611 INFO c.h.h.t.OperatorHelmChartContainer - [local-hivemq-1] [hivemq] [4c1b9b32] DEBUG - Extension directory hivemq-allow-all-extension (/opt/hivemq/extensions/hivemq-allow-all-extension) satisfies all required file-system permissions.
2025-01-29 13:25:13,612 INFO c.h.h.t.OperatorHelmChartContainer - [local-hivemq-1] [hivemq] [4c1b9b32] DEBUG - Extension directory hivemq-google-cloud-pubsub-extension (/opt/hivemq/extensions/hivemq-google-cloud-pubsub-extension) satisfies all required file-system permissions.
2025-01-29 13:25:13,612 INFO c.h.h.t.OperatorHelmChartContainer - [local-hivemq-1] [hivemq] [4c1b9b32] DEBUG - Extension directory hivemq-enterprise-security-extension (/opt/hivemq/extensions/hivemq-enterprise-security-extension) satisfies all required file-system permissions.
2025-01-29 13:25:13,612 INFO c.h.h.t.OperatorHelmChartContainer - [local-hivemq-1] [hivemq] [4c1b9b32] DEBUG - Extension directory hivemq-bridge-extension (/opt/hivemq/extensions/hivemq-bridge-extension) satisfies all required file-system permissions.
2025-01-29 13:25:13,612 INFO c.h.h.t.OperatorHelmChartContainer - [local-hivemq-1] [hivemq] [4c1b9b32] DEBUG - Extension directory hivemq-kafka-extension (/opt/hivemq/extensions/hivemq-kafka-extension) satisfies all required file-system permissions.
2025-01-29 13:25:13,612 INFO c.h.h.t.OperatorHelmChartContainer - [local-hivemq-1] [hivemq] [4c1b9b32] DEBUG - Extension directory hivemq-distributed-tracing-extension (/opt/hivemq/extensions/hivemq-distributed-tracing-extension) satisfies all required file-system permissions.
2025-01-29 13:25:13,612 INFO c.h.h.t.OperatorHelmChartContainer - [local-hivemq-1] [hivemq] [4c1b9b32] DEBUG - Extension directory hivemq-prometheus-extension (/opt/hivemq/extensions/hivemq-prometheus-extension) satisfies all required file-system permissions.
2025-01-29 13:25:13,612 INFO c.h.h.t.OperatorHelmChartContainer - [local-hivemq-1] [hivemq] [4c1b9b32] DEBUG - Extension directory hivemq-amazon-kinesis-extension (/opt/hivemq/extensions/hivemq-amazon-kinesis-extension) satisfies all required file-system permissions.
2025-01-29 13:25:13,612 INFO c.h.h.t.OperatorHelmChartContainer - [local-hivemq-1] [hivemq] [4c1b9b32] DEBUG - Extension directory hivemq-k8s-sync-extension (/opt/hivemq/extensions/hivemq-k8s-sync-extension) satisfies all required file-system permissions.
2025-01-29 13:25:13,612 INFO c.h.h.t.OperatorHelmChartContainer - [local-hivemq-1] [hivemq] [4c1b9b32] DEBUG - Extension directory hivemq-dns-cluster-discovery (/opt/hivemq/extensions/hivemq-dns-cluster-discovery) satisfies all required file-system permissions.
2025-01-29 13:25:13,612 INFO c.h.h.t.OperatorHelmChartContainer - [local-hivemq-1] [hivemq] [4c1b9b32] DEBUG - Extension directory hivemq-snowflake-extension (/opt/hivemq/extensions/hivemq-snowflake-extension) satisfies all required file-system permissions.
2025-01-29 13:25:13,612 INFO c.h.h.t.OperatorHelmChartContainer - [local-hivemq-1] [hivemq] [4c1b9b32] DEBUG - Extension directory hivemq-postgresql-extension (/opt/hivemq/extensions/hivemq-postgresql-extension) satisfies all required file-system permissions.
2025-01-29 13:25:13,612 INFO c.h.h.t.OperatorHelmChartContainer - [local-hivemq-1] [hivemq] [4c1b9b32] DEBUG - Extension directory hivemq-mysql-extension (/opt/hivemq/extensions/hivemq-mysql-extension) satisfies all required file-system permissions.
2025-01-29 13:25:13,612 INFO c.h.h.t.OperatorHelmChartContainer - [local-hivemq-1] [hivemq] [4c1b9b32] DEBUG - Extension directory hivemq-mongodb-extension (/opt/hivemq/extensions/hivemq-mongodb-extension) satisfies all required file-system permissions.
2025-01-29 13:25:13,614 INFO c.h.h.t.OperatorHelmChartContainer - [local-hivemq-1] [hivemq] [4c1b9b32] DEBUG - Extension directory hivemq-data-lake-extension (/opt/hivemq/extensions/hivemq-data-lake-extension) satisfies all required file-system permissions.
2025-01-29 13:25:13,614 INFO c.h.h.t.OperatorHelmChartContainer - [local-hivemq-1] [hivemq] [4c1b9b32] DEBUG - Extension directory hivemq-microsoft-sql-server-extension (/opt/hivemq/extensions/hivemq-microsoft-sql-server-extension) satisfies all required file-system permissions.
2025-01-29 13:25:13,614 INFO c.h.h.t.OperatorHelmChartContainer - [local-hivemq-1] [hivemq] [4c1b9b32] DEBUG - Temporary directory (/tmp) satisfies all required file-system permissions.
2025-01-29 13:25:13,614 INFO c.h.h.t.OperatorHelmChartContainer - [local-hivemq-1] [hivemq] [4c1b9b32] DEBUG - Heap dump directory (/opt/hivemq/dumps) satisfies all required file-system permissions.
2025-01-29 13:25:13,614 INFO c.h.h.t.OperatorHelmChartContainer - [local-hivemq-1] [hivemq] [4c1b9b32] DEBUG - Performed all sanity checks in 98ms. All sanity checks passed successfully.
2025-01-29 13:25:13,615 INFO c.h.h.t.OperatorHelmChartContainer - [local-hivemq-1] [hivemq] [4c1b9b32] INFO  - This node's ID is blJ0z
2025-01-29 13:25:13,615 INFO c.h.h.t.OperatorHelmChartContainer - [local-hivemq-1] [hivemq] [4c1b9b32] INFO  - Clustering is enabled
2025-01-29 13:25:15,132 INFO c.h.h.t.OperatorHelmChartContainer - [local-hivemq-1] [hivemq] [4c1b9b32] DEBUG - Configured WriteBufferManager with size for memtables 311023370 and for the block cache 466535055
2025-01-29 13:25:15,133 INFO c.h.h.t.OperatorHelmChartContainer - [local-hivemq-1] [hivemq] [4c1b9b32] DEBUG - Starting RocksDBMemoryUsageWatchdog.
2025-01-29 13:25:15,134 INFO c.h.h.t.OperatorHelmChartContainer - [local-hivemq-1] [hivemq] [4c1b9b32] DEBUG - RocksDBMemoryUsageWatchdog is running.
2025-01-29 13:25:15,304 INFO c.h.h.t.OperatorHelmChartContainer - [local-hivemq-1] [hivemq] [4c1b9b32] DEBUG - Folder /opt/hivemq/data/persistence does not exist, trying to create it
2025-01-29 13:25:15,305 INFO c.h.h.t.OperatorHelmChartContainer - [local-hivemq-1] [hivemq] [4c1b9b32] DEBUG - Created folder /opt/hivemq/data
2025-01-29 13:25:15,306 INFO c.h.h.t.OperatorHelmChartContainer - [local-hivemq-1] [hivemq] [4c1b9b32] DEBUG - Folder /opt/hivemq/data/persistence/publish_payload_store/040500_R does not exist, trying to create it
2025-01-29 13:25:15,316 INFO c.h.h.t.OperatorHelmChartContainer - [local-hivemq-1] [hivemq] [4c1b9b32] DEBUG - Folder /opt/hivemq/data/persistence/client_queue/042800_R does not exist, trying to create it
2025-01-29 13:25:15,316 INFO c.h.h.t.OperatorHelmChartContainer - [local-hivemq-1] [hivemq] [4c1b9b32] DEBUG - Folder /opt/hivemq/data/persistence/client_session_store/040100_R does not exist, trying to create it
2025-01-29 13:25:15,317 INFO c.h.h.t.OperatorHelmChartContainer - [local-hivemq-1] [hivemq] [4c1b9b32] DEBUG - Folder /opt/hivemq/data/persistence/client_session_subscriptions/043200_R does not exist, trying to create it
2025-01-29 13:25:15,319 INFO c.h.h.t.OperatorHelmChartContainer - [local-hivemq-1] [hivemq] [4c1b9b32] DEBUG - Folder /opt/hivemq/data/persistence/retained_messages/040800_R does not exist, trying to create it
2025-01-29 13:25:15,408 INFO c.h.h.t.OperatorHelmChartContainer - [local-hivemq-1] [hivemq] [4c1b9b32] DEBUG - Folder /opt/hivemq/data/persistence/attribute/043100_R does not exist, trying to create it
2025-01-29 13:25:15,412 INFO c.h.h.t.OperatorHelmChartContainer - [local-hivemq-1] [hivemq] [4c1b9b32] DEBUG - Folder /opt/hivemq/data/persistence/incoming_message_flow/043000_R does not exist, trying to create it
2025-01-29 13:25:15,717 INFO c.h.h.t.OperatorHelmChartContainer - [local-hivemq-1] [hivemq] [4c1b9b32] DEBUG - Folder /opt/hivemq/data/persistence/data_hub_modules/043000_R does not exist, trying to create it
2025-01-29 13:25:15,718 INFO c.h.h.t.OperatorHelmChartContainer - [local-hivemq-1] [hivemq] [4c1b9b32] DEBUG - Folder /opt/hivemq/data/persistence/data_hub_schemas/042000_R does not exist, trying to create it
2025-01-29 13:25:15,718 INFO c.h.h.t.OperatorHelmChartContainer - [local-hivemq-1] [hivemq] [4c1b9b32] DEBUG - Folder /opt/hivemq/data/persistence/data_hub_scripts/042300_R does not exist, trying to create it
2025-01-29 13:25:15,719 INFO c.h.h.t.OperatorHelmChartContainer - [local-hivemq-1] [hivemq] [4c1b9b32] DEBUG - Folder /opt/hivemq/data/persistence/data_hub_policies/042000_R does not exist, trying to create it
2025-01-29 13:25:15,824 INFO c.h.h.t.OperatorHelmChartContainer - [EVENT] Warning [Unhealthy] Readiness probe failed: Log statement not present (yet)
 [default:local-hivemq-1]
2025-01-29 13:25:15,824 INFO c.h.h.t.OperatorHelmChartContainer - Received Unhealthy event for container hivemq in pod local-hivemq-1 [4c1b9b32-2971-47bd-b6bc-5db0abbc6815]
2025-01-29 13:25:20,615 INFO c.h.h.t.OperatorHelmChartContainer - [local-hivemq-1] [hivemq] [4c1b9b32] DEBUG - Diagnostic mode is disabled
2025-01-29 13:25:20,913 INFO c.h.h.t.OperatorHelmChartContainer - [EVENT] Warning [Unhealthy] Readiness probe failed: Log statement not present (yet)
 [default:local-hivemq-1]
2025-01-29 13:25:20,914 INFO c.h.h.t.OperatorHelmChartContainer - Received Unhealthy event for container hivemq in pod local-hivemq-1 [4c1b9b32-2971-47bd-b6bc-5db0abbc6815]
2025-01-29 13:25:25,543 INFO c.h.h.t.OperatorHelmChartContainer - [K3S] [scope.go:117] "RemoveContainer" containerID="4f6755bff59ec1bea261de1da7e537cb53853a6454d837eb6332e5c7e6ff52fc"
2025-01-29 13:25:25,915 INFO c.h.h.t.OperatorHelmChartContainer - [EVENT] Warning [Unhealthy] Readiness probe failed: Log statement not present (yet)
 [default:local-hivemq-1]
2025-01-29 13:25:25,915 INFO c.h.h.t.OperatorHelmChartContainer - Received Unhealthy event for container hivemq in pod local-hivemq-1 [4c1b9b32-2971-47bd-b6bc-5db0abbc6815]
2025-01-29 13:25:26,607 INFO c.h.h.t.OperatorHelmChartContainer - [local-hivemq-1] [hivemq] [4c1b9b32] INFO  - No valid license file found. Using trial license, restricted to 25 connections.
2025-01-29 13:25:26,923 INFO c.h.h.t.OperatorHelmChartContainer - [local-hivemq-1] [hivemq] [4c1b9b32] DEBUG - Native Epoll is available on this platform
2025-01-29 13:25:27,005 INFO c.h.h.t.OperatorHelmChartContainer - [local-hivemq-1] [hivemq] [4c1b9b32] DEBUG - Set extension executor thread pool size to 1
2025-01-29 13:25:27,008 INFO c.h.h.t.OperatorHelmChartContainer - [local-hivemq-1] [hivemq] [4c1b9b32] DEBUG - Set extension executor thread pool keep-alive to 30 seconds
2025-01-29 13:25:27,010 INFO c.h.h.t.OperatorHelmChartContainer - [local-hivemq-1] [hivemq] [4c1b9b32] DEBUG - initializing RSA key
2025-01-29 13:25:27,013 INFO c.h.h.t.OperatorHelmChartContainer - [EVENT] Warning [Unhealthy] Liveness probe failed: dial tcp 10.42.0.9:1883: connect: connection refused [default:local-hivemq-1]
2025-01-29 13:25:27,013 INFO c.h.h.t.OperatorHelmChartContainer - Received Unhealthy event for container hivemq in pod local-hivemq-1 [4c1b9b32-2971-47bd-b6bc-5db0abbc6815]
2025-01-29 13:25:27,815 INFO c.h.h.t.OperatorHelmChartContainer - [local-hivemq-1] [hivemq] [4c1b9b32] DEBUG - finished initializing RSA key in 804ms
2025-01-29 13:25:28,969 INFO c.h.h.t.OperatorHelmChartContainer - [local-hivemq-1] [hivemq] [4c1b9b32] DEBUG - Unable to provide size and free metrics for disk /dev/sda: Could not find the corresponding FileStore (OSHI/Java).
2025-01-29 13:25:28,969 INFO c.h.h.t.OperatorHelmChartContainer - [local-hivemq-1] [hivemq] [4c1b9b32] DEBUG - Unable to provide size and free metrics for disk /dev/sdb: Could not find the corresponding FileStore (OSHI/Java).
2025-01-29 13:25:29,005 INFO c.h.h.t.OperatorHelmChartContainer - [local-hivemq-1] [hivemq] [4c1b9b32] DEBUG - Throttling incoming traffic to 0 B/s
2025-01-29 13:25:29,005 INFO c.h.h.t.OperatorHelmChartContainer - [local-hivemq-1] [hivemq] [4c1b9b32] DEBUG - Throttling outgoing traffic to 0 B/s
2025-01-29 13:25:29,173 INFO c.h.h.t.OperatorHelmChartContainer - [local-hivemq-1] [hivemq] [4c1b9b32] INFO  - No valid license file for Data Hub found. Using free license, restricted to 1 policy.
2025-01-29 13:25:29,207 INFO c.h.h.t.OperatorHelmChartContainer - [local-hivemq-1] [hivemq] [4c1b9b32] DEBUG - Building initial topic tree
2025-01-29 13:25:29,415 INFO c.h.h.t.OperatorHelmChartContainer - [local-hivemq-1] [hivemq] [4c1b9b32] DEBUG - Started JMX Metrics Reporting.
2025-01-29 13:25:29,516 INFO c.h.h.t.OperatorHelmChartContainer - [local-hivemq-1] [hivemq] [4c1b9b32] DEBUG - Registered JVM metrics with prefix com.hivemq.jvm.
2025-01-29 13:25:29,571 INFO c.h.h.t.OperatorHelmChartContainer - [local-hivemq-1] [hivemq] [4c1b9b32] DEBUG - Registered HiveMQ Health API metrics.
2025-01-29 13:25:30,324 INFO c.h.h.t.OperatorHelmChartContainer - [local-hivemq-1] [hivemq] [4c1b9b32] INFO  - Audit Logger started.
2025-01-29 13:25:30,642 INFO c.h.h.t.OperatorHelmChartContainer - [local-hivemq-1] [hivemq] [4c1b9b32] INFO  - This node uses '1' CPU cores.
2025-01-29 13:25:30,818 INFO c.h.h.t.OperatorHelmChartContainer - [EVENT] Warning [Unhealthy] Readiness probe failed: Log statement not present (yet)
 [default:local-hivemq-1]
2025-01-29 13:25:30,818 INFO c.h.h.t.OperatorHelmChartContainer - Received Unhealthy event for container hivemq in pod local-hivemq-1 [4c1b9b32-2971-47bd-b6bc-5db0abbc6815]
2025-01-29 13:25:31,309 INFO c.h.h.t.OperatorHelmChartContainer - [local-hivemq-1] [hivemq] [4c1b9b32] INFO  - Starting HiveMQ extension system.
2025-01-29 13:25:31,607 INFO c.h.h.t.OperatorHelmChartContainer - [local-hivemq-1] [hivemq] [4c1b9b32] INFO  - Starting extension with id "hivemq-dns-cluster-discovery" at /opt/hivemq/extensions/hivemq-dns-cluster-discovery
2025-01-29 13:25:31,678 INFO c.h.h.t.OperatorHelmChartContainer - [local-hivemq-1] [hivemq] [4c1b9b32] DEBUG - HiveMQ DNS Cluster Discovery Extension: No DNS server address was set in the configuration file or environment variable.
2025-01-29 13:25:31,709 INFO c.h.h.t.OperatorHelmChartContainer - [local-hivemq-1] [hivemq] [4c1b9b32] DEBUG - HiveMQ DNS Cluster Discovery Extension: No reload interval was set in the configuration file or environment variable. Defaulting to 30.
2025-01-29 13:25:32,108 INFO c.h.h.t.OperatorHelmChartContainer - [local-hivemq-1] [hivemq] [4c1b9b32] INFO  - Extension "DNS Cluster Discovery Extension" version 4.3.3 started successfully.
2025-01-29 13:25:32,109 INFO c.h.h.t.OperatorHelmChartContainer - [local-hivemq-1] [hivemq] [4c1b9b32] INFO  - Starting extension with id "hivemq-k8s-sync-extension" at /opt/hivemq/extensions/hivemq-k8s-sync-extension
2025-01-29 13:25:32,308 INFO c.h.h.t.OperatorHelmChartContainer - [local-hivemq-1] [hivemq] [4c1b9b32] INFO  - Using TCP cluster transport on address 10.42.0.9 and port 7000
2025-01-29 13:25:32,405 INFO c.h.h.t.OperatorHelmChartContainer - [local-hivemq-1] [hivemq] [4c1b9b32] INFO  - Using extension cluster discovery
2025-01-29 13:25:32,868 INFO c.h.h.t.OperatorHelmChartContainer - [local-hivemq-1] [hivemq] [4c1b9b32] DEBUG - Could not get configMap modification timestamp for source /hivemq-data/conf/..data, likely no ConfigMap mounted
2025-01-29 13:25:32,869 INFO c.h.h.t.OperatorHelmChartContainer - [local-hivemq-1] [hivemq] [4c1b9b32] DEBUG - Could not get configMap modification timestamp for source /hivemq-data/extensions/..data, likely no ConfigMap mounted
2025-01-29 13:25:32,869 INFO c.h.h.t.OperatorHelmChartContainer - [local-hivemq-1] [hivemq] [4c1b9b32] DEBUG - Could not get configMap modification timestamp for source /hivemq-data/bin/..data, likely no ConfigMap mounted
2025-01-29 13:25:32,905 INFO c.h.h.t.OperatorHelmChartContainer - [local-hivemq-1] [hivemq] [4c1b9b32] INFO  - Started HiveMQ Kubernetes State Synchronization Extension:1.0.3
2025-01-29 13:25:32,906 INFO c.h.h.t.OperatorHelmChartContainer - [local-hivemq-1] [hivemq] [4c1b9b32] INFO  - Extension "HiveMQ Kubernetes State Synchronization Extension" version 1.0.3 started successfully.
2025-01-29 13:25:32,906 INFO c.h.h.t.OperatorHelmChartContainer - [local-hivemq-1] [hivemq] [4c1b9b32] INFO  - Starting extension with id "hivemq-allow-all-extension" at /opt/hivemq/extensions/hivemq-allow-all-extension
2025-01-29 13:25:32,906 INFO c.h.h.t.OperatorHelmChartContainer - [local-hivemq-1] [hivemq] [4c1b9b32] WARN  - 
2025-01-29 13:25:32,906 INFO c.h.h.t.OperatorHelmChartContainer - [local-hivemq-1] [hivemq] [4c1b9b32] ################################################################################################################
2025-01-29 13:25:32,908 INFO c.h.h.t.OperatorHelmChartContainer - [local-hivemq-1] [hivemq] [4c1b9b32] # This HiveMQ deployment is not secure! You are lacking Authentication and Authorization.                      #
2025-01-29 13:25:32,908 INFO c.h.h.t.OperatorHelmChartContainer - [local-hivemq-1] [hivemq] [4c1b9b32] # Right now any MQTT client can connect to the broker with a full set of permissions.                          #
2025-01-29 13:25:32,908 INFO c.h.h.t.OperatorHelmChartContainer - [local-hivemq-1] [hivemq] [4c1b9b32] # For production usage, add an appropriate security extension and remove the hivemq-allow-all extension.       #
2025-01-29 13:25:32,908 INFO c.h.h.t.OperatorHelmChartContainer - [local-hivemq-1] [hivemq] [4c1b9b32] # You can download security extensions from the HiveMQ Marketplace (https://www.hivemq.com/extensions/).       #
2025-01-29 13:25:32,908 INFO c.h.h.t.OperatorHelmChartContainer - [local-hivemq-1] [hivemq] [4c1b9b32] ################################################################################################################
2025-01-29 13:25:32,908 INFO c.h.h.t.OperatorHelmChartContainer - [local-hivemq-1] [hivemq] [4c1b9b32] DEBUG - Simple authenticator added by extension 'hivemq-allow-all-extension'.
2025-01-29 13:25:32,908 INFO c.h.h.t.OperatorHelmChartContainer - [local-hivemq-1] [hivemq] [4c1b9b32] INFO  - Extension "Allow All Extension" version 1.1.1 started successfully.
2025-01-29 13:25:33,111 INFO c.h.h.t.OperatorHelmChartContainer - [local-hivemq-1] [hivemq] [4c1b9b32] DEBUG - HiveMQ DNS Cluster Discovery Extension: Discovered new address '10.42.0.9'.
2025-01-29 13:25:33,111 INFO c.h.h.t.OperatorHelmChartContainer - [local-hivemq-1] [hivemq] [4c1b9b32] DEBUG - HiveMQ DNS Cluster Discovery Extension: Discovered new address '10.42.0.7'.
2025-01-29 13:25:33,176 INFO c.h.h.t.OperatorHelmChartContainer - [local-hivemq-0] [hivemq] [d5a3027a] INFO  - Cluster nodes found by discovery: [qLnqd|1] (2) [qLnqd, blJ0z].
2025-01-29 13:25:33,177 INFO c.h.h.t.OperatorHelmChartContainer - [local-hivemq-0] [hivemq] [d5a3027a] DEBUG - New node discovered: 'blJ0z'
2025-01-29 13:25:33,177 INFO c.h.h.t.OperatorHelmChartContainer - [local-hivemq-0] [hivemq] [d5a3027a] DEBUG - State of node blJ0z changed to UNKNOWN was null. Current cluster node states: {blJ0z=UNKNOWN, qLnqd=RUNNING}
2025-01-29 13:25:33,269 INFO c.h.h.t.OperatorHelmChartContainer - [local-hivemq-1] [hivemq] [4c1b9b32] INFO  - Cluster nodes found by discovery: [qLnqd|1] (2) [qLnqd, blJ0z].
2025-01-29 13:25:33,306 INFO c.h.h.t.OperatorHelmChartContainer - [local-hivemq-1] [hivemq] [4c1b9b32] DEBUG - New node discovered: 'qLnqd'
2025-01-29 13:25:33,308 INFO c.h.h.t.OperatorHelmChartContainer - [local-hivemq-1] [hivemq] [4c1b9b32] DEBUG - State of node qLnqd changed to UNKNOWN was null. Current cluster node states: {qLnqd=UNKNOWN}
2025-01-29 13:25:33,311 INFO c.h.h.t.OperatorHelmChartContainer - [local-hivemq-1] [hivemq] [4c1b9b32] DEBUG - State of node blJ0z changed to UNKNOWN was null. Current cluster node states: {blJ0z=UNKNOWN, qLnqd=UNKNOWN}
2025-01-29 13:25:33,614 INFO c.h.h.t.OperatorHelmChartContainer - [local-hivemq-1] [hivemq] [4c1b9b32] DEBUG - State of node qLnqd changed to RUNNING was UNKNOWN. Current cluster node states: {blJ0z=UNKNOWN, qLnqd=RUNNING}
2025-01-29 13:25:33,614 INFO c.h.h.t.OperatorHelmChartContainer - [local-hivemq-1] [hivemq] [4c1b9b32] INFO  - Cluster size = 1, members : [qLnqd].
2025-01-29 13:25:33,768 INFO c.h.h.t.OperatorHelmChartContainer - [local-hivemq-1] [hivemq] [4c1b9b32] DEBUG - Sending NOT_JOINED state request to qLnqd.
2025-01-29 13:25:33,817 INFO c.h.h.t.OperatorHelmChartContainer - [local-hivemq-1] [hivemq] [4c1b9b32] DEBUG - Using global cluster id '7DCJ0' (1738157060338). Previous was 'W5H4q' (1738157111518).
2025-01-29 13:25:33,820 INFO c.h.h.t.OperatorHelmChartContainer - [local-hivemq-0] [hivemq] [d5a3027a] DEBUG - State of node blJ0z changed to NOT_JOINED was UNKNOWN. Current cluster node states: {blJ0z=NOT_JOINED, qLnqd=RUNNING}
2025-01-29 13:25:33,821 INFO c.h.h.t.OperatorHelmChartContainer - [local-hivemq-0] [hivemq] [d5a3027a] DEBUG - Sending NOT_JOINED state notification for blJ0z to all nodes.
2025-01-29 13:25:33,829 INFO c.h.h.t.OperatorHelmChartContainer - [local-hivemq-1] [hivemq] [4c1b9b32] DEBUG - State of node blJ0z changed to NOT_JOINED was UNKNOWN. Current cluster node states: {blJ0z=NOT_JOINED, qLnqd=RUNNING}
2025-01-29 13:25:33,910 INFO c.h.h.t.OperatorHelmChartContainer - [local-hivemq-1] [hivemq] [4c1b9b32] DEBUG - Sending JOINING state request to qLnqd.
2025-01-29 13:25:33,914 INFO c.h.h.t.OperatorHelmChartContainer - [local-hivemq-0] [hivemq] [d5a3027a] DEBUG - Allowing JOIN request for node blJ0z.
2025-01-29 13:25:33,916 INFO c.h.h.t.OperatorHelmChartContainer - [local-hivemq-0] [hivemq] [d5a3027a] DEBUG - State of node blJ0z changed to JOINING was NOT_JOINED. Current cluster node states: {blJ0z=JOINING, qLnqd=RUNNING}
2025-01-29 13:25:34,002 INFO c.h.h.t.OperatorHelmChartContainer - [local-hivemq-0] [hivemq] [d5a3027a] DEBUG - Sending JOINING state notification for blJ0z to all nodes.
2025-01-29 13:25:34,033 INFO c.h.h.t.OperatorHelmChartContainer - [local-hivemq-1] [hivemq] [4c1b9b32] DEBUG - State of node blJ0z changed to JOINING was NOT_JOINED. Current cluster node states: {blJ0z=JOINING, qLnqd=RUNNING}
2025-01-29 13:25:34,108 INFO c.h.h.t.OperatorHelmChartContainer - [local-hivemq-1] [hivemq] [4c1b9b32] INFO  - Starting cluster join process. This may take a while. Please do not shut down HiveMQ.
2025-01-29 13:25:34,108 INFO c.h.h.t.OperatorHelmChartContainer - [local-hivemq-1] [hivemq] [4c1b9b32] DEBUG - Join started. Disabling WAL: true
2025-01-29 13:25:34,109 INFO c.h.h.t.OperatorHelmChartContainer - [local-hivemq-1] [hivemq] [4c1b9b32] DEBUG - Replicating data from nodes [qLnqd].
2025-01-29 13:25:34,109 INFO c.h.h.t.OperatorHelmChartContainer - [local-hivemq-1] [hivemq] [4c1b9b32] INFO  - Cluster join process is still ongoing. Please do not shut down HiveMQ.
2025-01-29 13:25:34,111 INFO c.h.h.t.OperatorHelmChartContainer - [local-hivemq-0] [hivemq] [d5a3027a] DEBUG - Received replication finished request from blJ0z. Response is false.
2025-01-29 13:25:34,305 INFO c.h.h.t.OperatorHelmChartContainer - [local-hivemq-0] [hivemq] [d5a3027a] DEBUG - Replication of data to nodes [blJ0z] finished.
2025-01-29 13:25:35,110 INFO c.h.h.t.OperatorHelmChartContainer - [local-hivemq-0] [hivemq] [d5a3027a] DEBUG - Received replication finished request from blJ0z. Response is true.
2025-01-29 13:25:35,111 INFO c.h.h.t.OperatorHelmChartContainer - [local-hivemq-1] [hivemq] [4c1b9b32] DEBUG - Replication of data from node qLnqd finished.
2025-01-29 13:25:35,763 INFO c.h.h.t.OperatorHelmChartContainer - [EVENT] Warning [Unhealthy] Readiness probe failed: Cluster size not matched. Current: 1, expected: 2
 [default:local-hivemq-1]
2025-01-29 13:25:35,763 INFO c.h.h.t.OperatorHelmChartContainer - Received Unhealthy event for container hivemq in pod local-hivemq-1 [4c1b9b32-2971-47bd-b6bc-5db0abbc6815]
2025-01-29 13:25:36,110 INFO c.h.h.t.OperatorHelmChartContainer - [local-hivemq-1] [hivemq] [4c1b9b32] DEBUG - Join finished. Flushing RocksDBs.
2025-01-29 13:25:36,110 INFO c.h.h.t.OperatorHelmChartContainer - [local-hivemq-1] [hivemq] [4c1b9b32] DEBUG - Flushing: /opt/hivemq/data/persistence/publish_payload_store/040500_R/publish_payload_store_3
2025-01-29 13:25:36,110 INFO c.h.h.t.OperatorHelmChartContainer - [local-hivemq-1] [hivemq] [4c1b9b32] DEBUG - Flushing: /opt/hivemq/data/persistence/publish_payload_store/040500_R/publish_payload_store_2
2025-01-29 13:25:36,110 INFO c.h.h.t.OperatorHelmChartContainer - [local-hivemq-1] [hivemq] [4c1b9b32] DEBUG - Flushing: /opt/hivemq/data/persistence/publish_payload_store/040500_R/publish_payload_store_1
2025-01-29 13:25:36,110 INFO c.h.h.t.OperatorHelmChartContainer - [local-hivemq-1] [hivemq] [4c1b9b32] DEBUG - Flushing: /opt/hivemq/data/persistence/publish_payload_store/040500_R/publish_payload_store_0
2025-01-29 13:25:36,111 INFO c.h.h.t.OperatorHelmChartContainer - [local-hivemq-1] [hivemq] [4c1b9b32] DEBUG - Flushing: /opt/hivemq/data/persistence/publish_payload_store/040500_R/publish_payload_store_5
2025-01-29 13:25:36,111 INFO c.h.h.t.OperatorHelmChartContainer - [local-hivemq-1] [hivemq] [4c1b9b32] DEBUG - Flushing: /opt/hivemq/data/persistence/publish_payload_store/040500_R/publish_payload_store_4
2025-01-29 13:25:36,111 INFO c.h.h.t.OperatorHelmChartContainer - [local-hivemq-1] [hivemq] [4c1b9b32] DEBUG - Flushing: /opt/hivemq/data/persistence/publish_payload_store/040500_R/publish_payload_store_6
2025-01-29 13:25:36,111 INFO c.h.h.t.OperatorHelmChartContainer - [local-hivemq-1] [hivemq] [4c1b9b32] DEBUG - Flushing: /opt/hivemq/data/persistence/publish_payload_store/040500_R/publish_payload_store_7
2025-01-29 13:25:36,111 INFO c.h.h.t.OperatorHelmChartContainer - [local-hivemq-1] [hivemq] [4c1b9b32] DEBUG - Flushing: /opt/hivemq/data/persistence/publish_payload_store/040500_R/publish_payload_store_10
2025-01-29 13:25:36,111 INFO c.h.h.t.OperatorHelmChartContainer - [local-hivemq-1] [hivemq] [4c1b9b32] DEBUG - Flushing: /opt/hivemq/data/persistence/publish_payload_store/040500_R/publish_payload_store_8
2025-01-29 13:25:36,111 INFO c.h.h.t.OperatorHelmChartContainer - [local-hivemq-1] [hivemq] [4c1b9b32] DEBUG - Flushing: /opt/hivemq/data/persistence/publish_payload_store/040500_R/publish_payload_store_9
2025-01-29 13:25:36,111 INFO c.h.h.t.OperatorHelmChartContainer - [local-hivemq-1] [hivemq] [4c1b9b32] DEBUG - Flushing: /opt/hivemq/data/persistence/publish_payload_store/040500_R/publish_payload_store_11
2025-01-29 13:25:36,112 INFO c.h.h.t.OperatorHelmChartContainer - [local-hivemq-1] [hivemq] [4c1b9b32] DEBUG - Flushing: /opt/hivemq/data/persistence/publish_payload_store/040500_R/publish_payload_store_14
2025-01-29 13:25:36,112 INFO c.h.h.t.OperatorHelmChartContainer - [local-hivemq-1] [hivemq] [4c1b9b32] DEBUG - Flushing: /opt/hivemq/data/persistence/publish_payload_store/040500_R/publish_payload_store_12
2025-01-29 13:25:36,115 INFO c.h.h.t.OperatorHelmChartContainer - [local-hivemq-1] [hivemq] [4c1b9b32] DEBUG - Flushing: /opt/hivemq/data/persistence/publish_payload_store/040500_R/publish_payload_store_13
2025-01-29 13:25:36,115 INFO c.h.h.t.OperatorHelmChartContainer - [local-hivemq-1] [hivemq] [4c1b9b32] DEBUG - Flushing: /opt/hivemq/data/persistence/publish_payload_store/040500_R/publish_payload_store_15
2025-01-29 13:25:36,115 INFO c.h.h.t.OperatorHelmChartContainer - [local-hivemq-1] [hivemq] [4c1b9b32] DEBUG - Flushing: /opt/hivemq/data/persistence/publish_payload_store/040500_R/publish_payload_store_16
2025-01-29 13:25:36,115 INFO c.h.h.t.OperatorHelmChartContainer - [local-hivemq-1] [hivemq] [4c1b9b32] DEBUG - Flushing: /opt/hivemq/data/persistence/publish_payload_store/040500_R/publish_payload_store_17
2025-01-29 13:25:36,115 INFO c.h.h.t.OperatorHelmChartContainer - [local-hivemq-1] [hivemq] [4c1b9b32] DEBUG - Flushing: /opt/hivemq/data/persistence/publish_payload_store/040500_R/publish_payload_store_18
2025-01-29 13:25:36,115 INFO c.h.h.t.OperatorHelmChartContainer - [local-hivemq-1] [hivemq] [4c1b9b32] DEBUG - Flushing: /opt/hivemq/data/persistence/publish_payload_store/040500_R/publish_payload_store_20
2025-01-29 13:25:36,115 INFO c.h.h.t.OperatorHelmChartContainer - [local-hivemq-1] [hivemq] [4c1b9b32] DEBUG - Flushing: /opt/hivemq/data/persistence/publish_payload_store/040500_R/publish_payload_store_19
2025-01-29 13:25:36,116 INFO c.h.h.t.OperatorHelmChartContainer - [local-hivemq-1] [hivemq] [4c1b9b32] DEBUG - Flushing: /opt/hivemq/data/persistence/publish_payload_store/040500_R/publish_payload_store_21
2025-01-29 13:25:36,116 INFO c.h.h.t.OperatorHelmChartContainer - [local-hivemq-1] [hivemq] [4c1b9b32] DEBUG - Flushing: /opt/hivemq/data/persistence/publish_payload_store/040500_R/publish_payload_store_23
2025-01-29 13:25:36,116 INFO c.h.h.t.OperatorHelmChartContainer - [local-hivemq-1] [hivemq] [4c1b9b32] DEBUG - Flushing: /opt/hivemq/data/persistence/publish_payload_store/040500_R/publish_payload_store_22
2025-01-29 13:25:36,116 INFO c.h.h.t.OperatorHelmChartContainer - [local-hivemq-1] [hivemq] [4c1b9b32] DEBUG - Flushing: /opt/hivemq/data/persistence/publish_payload_store/040500_R/publish_payload_store_24
2025-01-29 13:25:36,116 INFO c.h.h.t.OperatorHelmChartContainer - [local-hivemq-1] [hivemq] [4c1b9b32] DEBUG - Flushing: /opt/hivemq/data/persistence/publish_payload_store/040500_R/publish_payload_store_25
2025-01-29 13:25:36,116 INFO c.h.h.t.OperatorHelmChartContainer - [local-hivemq-1] [hivemq] [4c1b9b32] DEBUG - Flushing: /opt/hivemq/data/persistence/publish_payload_store/040500_R/publish_payload_store_27
2025-01-29 13:25:36,116 INFO c.h.h.t.OperatorHelmChartContainer - [local-hivemq-1] [hivemq] [4c1b9b32] DEBUG - Flushing: /opt/hivemq/data/persistence/publish_payload_store/040500_R/publish_payload_store_26
2025-01-29 13:25:36,116 INFO c.h.h.t.OperatorHelmChartContainer - [local-hivemq-1] [hivemq] [4c1b9b32] DEBUG - Flushing: /opt/hivemq/data/persistence/publish_payload_store/040500_R/publish_payload_store_28
2025-01-29 13:25:36,117 INFO c.h.h.t.OperatorHelmChartContainer - [local-hivemq-1] [hivemq] [4c1b9b32] DEBUG - Flushing: /opt/hivemq/data/persistence/publish_payload_store/040500_R/publish_payload_store_29
2025-01-29 13:25:36,117 INFO c.h.h.t.OperatorHelmChartContainer - [local-hivemq-1] [hivemq] [4c1b9b32] DEBUG - Flushing: /opt/hivemq/data/persistence/publish_payload_store/040500_R/publish_payload_store_30
2025-01-29 13:25:36,117 INFO c.h.h.t.OperatorHelmChartContainer - [local-hivemq-1] [hivemq] [4c1b9b32] DEBUG - Flushing: /opt/hivemq/data/persistence/publish_payload_store/040500_R/publish_payload_store_31
2025-01-29 13:25:36,118 INFO c.h.h.t.OperatorHelmChartContainer - [local-hivemq-1] [hivemq] [4c1b9b32] DEBUG - Flushing: /opt/hivemq/data/persistence/publish_payload_store/040500_R/publish_payload_store_32
2025-01-29 13:25:36,118 INFO c.h.h.t.OperatorHelmChartContainer - [local-hivemq-1] [hivemq] [4c1b9b32] DEBUG - Flushing: /opt/hivemq/data/persistence/publish_payload_store/040500_R/publish_payload_store_33
2025-01-29 13:25:36,118 INFO c.h.h.t.OperatorHelmChartContainer - [local-hivemq-1] [hivemq] [4c1b9b32] DEBUG - Flushing: /opt/hivemq/data/persistence/publish_payload_store/040500_R/publish_payload_store_34
2025-01-29 13:25:36,118 INFO c.h.h.t.OperatorHelmChartContainer - [local-hivemq-1] [hivemq] [4c1b9b32] DEBUG - Flushing: /opt/hivemq/data/persistence/publish_payload_store/040500_R/publish_payload_store_35
2025-01-29 13:25:36,118 INFO c.h.h.t.OperatorHelmChartContainer - [local-hivemq-1] [hivemq] [4c1b9b32] DEBUG - Flushing: /opt/hivemq/data/persistence/publish_payload_store/040500_R/publish_payload_store_36
2025-01-29 13:25:36,118 INFO c.h.h.t.OperatorHelmChartContainer - [local-hivemq-1] [hivemq] [4c1b9b32] DEBUG - Flushing: /opt/hivemq/data/persistence/publish_payload_store/040500_R/publish_payload_store_37
2025-01-29 13:25:36,118 INFO c.h.h.t.OperatorHelmChartContainer - [local-hivemq-1] [hivemq] [4c1b9b32] DEBUG - Flushing: /opt/hivemq/data/persistence/publish_payload_store/040500_R/publish_payload_store_39
2025-01-29 13:25:36,118 INFO c.h.h.t.OperatorHelmChartContainer - [local-hivemq-1] [hivemq] [4c1b9b32] DEBUG - Flushing: /opt/hivemq/data/persistence/publish_payload_store/040500_R/publish_payload_store_38
2025-01-29 13:25:36,118 INFO c.h.h.t.OperatorHelmChartContainer - [local-hivemq-1] [hivemq] [4c1b9b32] DEBUG - Flushing: /opt/hivemq/data/persistence/publish_payload_store/040500_R/publish_payload_store_40
2025-01-29 13:25:36,118 INFO c.h.h.t.OperatorHelmChartContainer - [local-hivemq-1] [hivemq] [4c1b9b32] DEBUG - Flushing: /opt/hivemq/data/persistence/publish_payload_store/040500_R/publish_payload_store_41
2025-01-29 13:25:36,118 INFO c.h.h.t.OperatorHelmChartContainer - [local-hivemq-1] [hivemq] [4c1b9b32] DEBUG - Flushing: /opt/hivemq/data/persistence/publish_payload_store/040500_R/publish_payload_store_42
2025-01-29 13:25:36,118 INFO c.h.h.t.OperatorHelmChartContainer - [local-hivemq-1] [hivemq] [4c1b9b32] DEBUG - Flushing: /opt/hivemq/data/persistence/publish_payload_store/040500_R/publish_payload_store_43
2025-01-29 13:25:36,118 INFO c.h.h.t.OperatorHelmChartContainer - [local-hivemq-1] [hivemq] [4c1b9b32] DEBUG - Flushing: /opt/hivemq/data/persistence/publish_payload_store/040500_R/publish_payload_store_44
2025-01-29 13:25:36,118 INFO c.h.h.t.OperatorHelmChartContainer - [local-hivemq-1] [hivemq] [4c1b9b32] DEBUG - Flushing: /opt/hivemq/data/persistence/publish_payload_store/040500_R/publish_payload_store_45
2025-01-29 13:25:36,118 INFO c.h.h.t.OperatorHelmChartContainer - [local-hivemq-1] [hivemq] [4c1b9b32] DEBUG - Flushing: /opt/hivemq/data/persistence/publish_payload_store/040500_R/publish_payload_store_46
2025-01-29 13:25:36,118 INFO c.h.h.t.OperatorHelmChartContainer - [local-hivemq-1] [hivemq] [4c1b9b32] DEBUG - Flushing: /opt/hivemq/data/persistence/publish_payload_store/040500_R/publish_payload_store_48
2025-01-29 13:25:36,118 INFO c.h.h.t.OperatorHelmChartContainer - [local-hivemq-1] [hivemq] [4c1b9b32] DEBUG - Flushing: /opt/hivemq/data/persistence/publish_payload_store/040500_R/publish_payload_store_47
2025-01-29 13:25:36,118 INFO c.h.h.t.OperatorHelmChartContainer - [local-hivemq-1] [hivemq] [4c1b9b32] DEBUG - Flushing: /opt/hivemq/data/persistence/publish_payload_store/040500_R/publish_payload_store_49
2025-01-29 13:25:36,118 INFO c.h.h.t.OperatorHelmChartContainer - [local-hivemq-1] [hivemq] [4c1b9b32] DEBUG - Flushing: /opt/hivemq/data/persistence/publish_payload_store/040500_R/publish_payload_store_50
2025-01-29 13:25:36,118 INFO c.h.h.t.OperatorHelmChartContainer - [local-hivemq-1] [hivemq] [4c1b9b32] DEBUG - Flushing: /opt/hivemq/data/persistence/publish_payload_store/040500_R/publish_payload_store_51
2025-01-29 13:25:36,118 INFO c.h.h.t.OperatorHelmChartContainer - [local-hivemq-1] [hivemq] [4c1b9b32] DEBUG - Flushing: /opt/hivemq/data/persistence/publish_payload_store/040500_R/publish_payload_store_52
2025-01-29 13:25:36,118 INFO c.h.h.t.OperatorHelmChartContainer - [local-hivemq-1] [hivemq] [4c1b9b32] DEBUG - Flushing: /opt/hivemq/data/persistence/publish_payload_store/040500_R/publish_payload_store_53
2025-01-29 13:25:36,118 INFO c.h.h.t.OperatorHelmChartContainer - [local-hivemq-1] [hivemq] [4c1b9b32] DEBUG - Flushing: /opt/hivemq/data/persistence/publish_payload_store/040500_R/publish_payload_store_56
2025-01-29 13:25:36,118 INFO c.h.h.t.OperatorHelmChartContainer - [local-hivemq-1] [hivemq] [4c1b9b32] DEBUG - Flushing: /opt/hivemq/data/persistence/publish_payload_store/040500_R/publish_payload_store_54
2025-01-29 13:25:36,118 INFO c.h.h.t.OperatorHelmChartContainer - [local-hivemq-1] [hivemq] [4c1b9b32] DEBUG - Flushing: /opt/hivemq/data/persistence/publish_payload_store/040500_R/publish_payload_store_55
2025-01-29 13:25:36,118 INFO c.h.h.t.OperatorHelmChartContainer - [local-hivemq-1] [hivemq] [4c1b9b32] DEBUG - Flushing: /opt/hivemq/data/persistence/publish_payload_store/040500_R/publish_payload_store_57
2025-01-29 13:25:36,118 INFO c.h.h.t.OperatorHelmChartContainer - [local-hivemq-1] [hivemq] [4c1b9b32] DEBUG - Flushing: /opt/hivemq/data/persistence/publish_payload_store/040500_R/publish_payload_store_58
2025-01-29 13:25:36,118 INFO c.h.h.t.OperatorHelmChartContainer - [local-hivemq-1] [hivemq] [4c1b9b32] DEBUG - Flushing: /opt/hivemq/data/persistence/publish_payload_store/040500_R/publish_payload_store_59
2025-01-29 13:25:36,118 INFO c.h.h.t.OperatorHelmChartContainer - [local-hivemq-1] [hivemq] [4c1b9b32] DEBUG - Flushing: /opt/hivemq/data/persistence/publish_payload_store/040500_R/publish_payload_store_60
2025-01-29 13:25:36,118 INFO c.h.h.t.OperatorHelmChartContainer - [local-hivemq-1] [hivemq] [4c1b9b32] DEBUG - Flushing: /opt/hivemq/data/persistence/publish_payload_store/040500_R/publish_payload_store_61
2025-01-29 13:25:36,118 INFO c.h.h.t.OperatorHelmChartContainer - [local-hivemq-1] [hivemq] [4c1b9b32] DEBUG - Flushing: /opt/hivemq/data/persistence/publish_payload_store/040500_R/publish_payload_store_62
2025-01-29 13:25:36,118 INFO c.h.h.t.OperatorHelmChartContainer - [local-hivemq-1] [hivemq] [4c1b9b32] DEBUG - Flushing: /opt/hivemq/data/persistence/publish_payload_store/040500_R/publish_payload_store_63
2025-01-29 13:25:36,118 INFO c.h.h.t.OperatorHelmChartContainer - [local-hivemq-1] [hivemq] [4c1b9b32] DEBUG - Flushing: /opt/hivemq/data/persistence/client_queue/042800_R/client_queue_0
2025-01-29 13:25:36,118 INFO c.h.h.t.OperatorHelmChartContainer - [local-hivemq-1] [hivemq] [4c1b9b32] DEBUG - Flushing: /opt/hivemq/data/persistence/client_queue/042800_R/client_queue_1
2025-01-29 13:25:36,118 INFO c.h.h.t.OperatorHelmChartContainer - [local-hivemq-1] [hivemq] [4c1b9b32] DEBUG - Flushing: /opt/hivemq/data/persistence/client_queue/042800_R/client_queue_2
2025-01-29 13:25:36,118 INFO c.h.h.t.OperatorHelmChartContainer - [local-hivemq-1] [hivemq] [4c1b9b32] DEBUG - Flushing: /opt/hivemq/data/persistence/client_queue/042800_R/client_queue_3
2025-01-29 13:25:36,118 INFO c.h.h.t.OperatorHelmChartContainer - [local-hivemq-1] [hivemq] [4c1b9b32] DEBUG - Flushing: /opt/hivemq/data/persistence/client_queue/042800_R/client_queue_4
2025-01-29 13:25:36,118 INFO c.h.h.t.OperatorHelmChartContainer - [local-hivemq-1] [hivemq] [4c1b9b32] DEBUG - Flushing: /opt/hivemq/data/persistence/client_queue/042800_R/client_queue_5
2025-01-29 13:25:36,118 INFO c.h.h.t.OperatorHelmChartContainer - [local-hivemq-1] [hivemq] [4c1b9b32] DEBUG - Flushing: /opt/hivemq/data/persistence/client_queue/042800_R/client_queue_6
2025-01-29 13:25:36,118 INFO c.h.h.t.OperatorHelmChartContainer - [local-hivemq-1] [hivemq] [4c1b9b32] DEBUG - Flushing: /opt/hivemq/data/persistence/client_queue/042800_R/client_queue_7
2025-01-29 13:25:36,118 INFO c.h.h.t.OperatorHelmChartContainer - [local-hivemq-1] [hivemq] [4c1b9b32] DEBUG - Flushing: /opt/hivemq/data/persistence/client_queue/042800_R/client_queue_8
2025-01-29 13:25:36,118 INFO c.h.h.t.OperatorHelmChartContainer - [local-hivemq-1] [hivemq] [4c1b9b32] DEBUG - Flushing: /opt/hivemq/data/persistence/client_queue/042800_R/client_queue_9
2025-01-29 13:25:36,118 INFO c.h.h.t.OperatorHelmChartContainer - [local-hivemq-1] [hivemq] [4c1b9b32] DEBUG - Flushing: /opt/hivemq/data/persistence/client_queue/042800_R/client_queue_10
2025-01-29 13:25:36,118 INFO c.h.h.t.OperatorHelmChartContainer - [local-hivemq-1] [hivemq] [4c1b9b32] DEBUG - Flushing: /opt/hivemq/data/persistence/client_queue/042800_R/client_queue_11
2025-01-29 13:25:36,118 INFO c.h.h.t.OperatorHelmChartContainer - [local-hivemq-1] [hivemq] [4c1b9b32] DEBUG - Flushing: /opt/hivemq/data/persistence/client_queue/042800_R/client_queue_14
2025-01-29 13:25:36,118 INFO c.h.h.t.OperatorHelmChartContainer - [local-hivemq-1] [hivemq] [4c1b9b32] DEBUG - Flushing: /opt/hivemq/data/persistence/client_queue/042800_R/client_queue_13
2025-01-29 13:25:36,118 INFO c.h.h.t.OperatorHelmChartContainer - [local-hivemq-1] [hivemq] [4c1b9b32] DEBUG - Flushing: /opt/hivemq/data/persistence/client_queue/042800_R/client_queue_12
2025-01-29 13:25:36,118 INFO c.h.h.t.OperatorHelmChartContainer - [local-hivemq-1] [hivemq] [4c1b9b32] DEBUG - Flushing: /opt/hivemq/data/persistence/client_queue/042800_R/client_queue_15
2025-01-29 13:25:36,118 INFO c.h.h.t.OperatorHelmChartContainer - [local-hivemq-1] [hivemq] [4c1b9b32] DEBUG - Flushing: /opt/hivemq/data/persistence/client_queue/042800_R/client_queue_16
2025-01-29 13:25:36,118 INFO c.h.h.t.OperatorHelmChartContainer - [local-hivemq-1] [hivemq] [4c1b9b32] DEBUG - Flushing: /opt/hivemq/data/persistence/client_queue/042800_R/client_queue_18
2025-01-29 13:25:36,118 INFO c.h.h.t.OperatorHelmChartContainer - [local-hivemq-1] [hivemq] [4c1b9b32] DEBUG - Flushing: /opt/hivemq/data/persistence/client_queue/042800_R/client_queue_19
2025-01-29 13:25:36,118 INFO c.h.h.t.OperatorHelmChartContainer - [local-hivemq-1] [hivemq] [4c1b9b32] DEBUG - Flushing: /opt/hivemq/data/persistence/client_queue/042800_R/client_queue_17
2025-01-29 13:25:36,118 INFO c.h.h.t.OperatorHelmChartContainer - [local-hivemq-1] [hivemq] [4c1b9b32] DEBUG - Flushing: /opt/hivemq/data/persistence/client_queue/042800_R/client_queue_20
2025-01-29 13:25:36,118 INFO c.h.h.t.OperatorHelmChartContainer - [local-hivemq-1] [hivemq] [4c1b9b32] DEBUG - Flushing: /opt/hivemq/data/persistence/client_queue/042800_R/client_queue_23
2025-01-29 13:25:36,118 INFO c.h.h.t.OperatorHelmChartContainer - [local-hivemq-1] [hivemq] [4c1b9b32] DEBUG - Flushing: /opt/hivemq/data/persistence/client_queue/042800_R/client_queue_22
2025-01-29 13:25:36,118 INFO c.h.h.t.OperatorHelmChartContainer - [local-hivemq-1] [hivemq] [4c1b9b32] DEBUG - Flushing: /opt/hivemq/data/persistence/client_queue/042800_R/client_queue_21
2025-01-29 13:25:36,118 INFO c.h.h.t.OperatorHelmChartContainer - [local-hivemq-1] [hivemq] [4c1b9b32] DEBUG - Flushing: /opt/hivemq/data/persistence/client_queue/042800_R/client_queue_24
2025-01-29 13:25:36,118 INFO c.h.h.t.OperatorHelmChartContainer - [local-hivemq-1] [hivemq] [4c1b9b32] DEBUG - Flushing: /opt/hivemq/data/persistence/client_queue/042800_R/client_queue_25
2025-01-29 13:25:36,118 INFO c.h.h.t.OperatorHelmChartContainer - [local-hivemq-1] [hivemq] [4c1b9b32] DEBUG - Flushing: /opt/hivemq/data/persistence/client_queue/042800_R/client_queue_27
2025-01-29 13:25:36,118 INFO c.h.h.t.OperatorHelmChartContainer - [local-hivemq-1] [hivemq] [4c1b9b32] DEBUG - Flushing: /opt/hivemq/data/persistence/client_queue/042800_R/client_queue_26
2025-01-29 13:25:36,118 INFO c.h.h.t.OperatorHelmChartContainer - [local-hivemq-1] [hivemq] [4c1b9b32] DEBUG - Flushing: /opt/hivemq/data/persistence/client_queue/042800_R/client_queue_28
2025-01-29 13:25:36,120 INFO c.h.h.t.OperatorHelmChartContainer - [local-hivemq-1] [hivemq] [4c1b9b32] DEBUG - Flushing: /opt/hivemq/data/persistence/client_queue/042800_R/client_queue_29
2025-01-29 13:25:36,120 INFO c.h.h.t.OperatorHelmChartContainer - [local-hivemq-1] [hivemq] [4c1b9b32] DEBUG - Flushing: /opt/hivemq/data/persistence/client_queue/042800_R/client_queue_31
2025-01-29 13:25:36,120 INFO c.h.h.t.OperatorHelmChartContainer - [local-hivemq-1] [hivemq] [4c1b9b32] DEBUG - Flushing: /opt/hivemq/data/persistence/client_queue/042800_R/client_queue_30
2025-01-29 13:25:36,120 INFO c.h.h.t.OperatorHelmChartContainer - [local-hivemq-1] [hivemq] [4c1b9b32] DEBUG - Flushing: /opt/hivemq/data/persistence/client_queue/042800_R/client_queue_32
2025-01-29 13:25:36,120 INFO c.h.h.t.OperatorHelmChartContainer - [local-hivemq-1] [hivemq] [4c1b9b32] DEBUG - Flushing: /opt/hivemq/data/persistence/client_queue/042800_R/client_queue_33
2025-01-29 13:25:36,120 INFO c.h.h.t.OperatorHelmChartContainer - [local-hivemq-1] [hivemq] [4c1b9b32] DEBUG - Flushing: /opt/hivemq/data/persistence/client_queue/042800_R/client_queue_34
2025-01-29 13:25:36,120 INFO c.h.h.t.OperatorHelmChartContainer - [local-hivemq-1] [hivemq] [4c1b9b32] DEBUG - Flushing: /opt/hivemq/data/persistence/client_queue/042800_R/client_queue_35
2025-01-29 13:25:36,120 INFO c.h.h.t.OperatorHelmChartContainer - [local-hivemq-1] [hivemq] [4c1b9b32] DEBUG - Flushing: /opt/hivemq/data/persistence/client_queue/042800_R/client_queue_36
2025-01-29 13:25:36,120 INFO c.h.h.t.OperatorHelmChartContainer - [local-hivemq-1] [hivemq] [4c1b9b32] DEBUG - Flushing: /opt/hivemq/data/persistence/client_queue/042800_R/client_queue_37
2025-01-29 13:25:36,120 INFO c.h.h.t.OperatorHelmChartContainer - [local-hivemq-1] [hivemq] [4c1b9b32] DEBUG - Flushing: /opt/hivemq/data/persistence/client_queue/042800_R/client_queue_38
2025-01-29 13:25:36,120 INFO c.h.h.t.OperatorHelmChartContainer - [local-hivemq-1] [hivemq] [4c1b9b32] DEBUG - Flushing: /opt/hivemq/data/persistence/client_queue/042800_R/client_queue_39
2025-01-29 13:25:36,120 INFO c.h.h.t.OperatorHelmChartContainer - [local-hivemq-1] [hivemq] [4c1b9b32] DEBUG - Flushing: /opt/hivemq/data/persistence/client_queue/042800_R/client_queue_40
2025-01-29 13:25:36,120 INFO c.h.h.t.OperatorHelmChartContainer - [local-hivemq-1] [hivemq] [4c1b9b32] DEBUG - Flushing: /opt/hivemq/data/persistence/client_queue/042800_R/client_queue_41
2025-01-29 13:25:36,120 INFO c.h.h.t.OperatorHelmChartContainer - [local-hivemq-1] [hivemq] [4c1b9b32] DEBUG - Flushing: /opt/hivemq/data/persistence/client_queue/042800_R/client_queue_42
2025-01-29 13:25:36,120 INFO c.h.h.t.OperatorHelmChartContainer - [local-hivemq-1] [hivemq] [4c1b9b32] DEBUG - Flushing: /opt/hivemq/data/persistence/client_queue/042800_R/client_queue_43
2025-01-29 13:25:36,120 INFO c.h.h.t.OperatorHelmChartContainer - [local-hivemq-1] [hivemq] [4c1b9b32] DEBUG - Flushing: /opt/hivemq/data/persistence/client_queue/042800_R/client_queue_44
2025-01-29 13:25:36,120 INFO c.h.h.t.OperatorHelmChartContainer - [local-hivemq-1] [hivemq] [4c1b9b32] DEBUG - Flushing: /opt/hivemq/data/persistence/client_queue/042800_R/client_queue_45
2025-01-29 13:25:36,120 INFO c.h.h.t.OperatorHelmChartContainer - [local-hivemq-1] [hivemq] [4c1b9b32] DEBUG - Flushing: /opt/hivemq/data/persistence/client_queue/042800_R/client_queue_46
2025-01-29 13:25:36,120 INFO c.h.h.t.OperatorHelmChartContainer - [local-hivemq-1] [hivemq] [4c1b9b32] DEBUG - Flushing: /opt/hivemq/data/persistence/client_queue/042800_R/client_queue_48
2025-01-29 13:25:36,120 INFO c.h.h.t.OperatorHelmChartContainer - [local-hivemq-1] [hivemq] [4c1b9b32] DEBUG - Flushing: /opt/hivemq/data/persistence/client_queue/042800_R/client_queue_47
2025-01-29 13:25:36,120 INFO c.h.h.t.OperatorHelmChartContainer - [local-hivemq-1] [hivemq] [4c1b9b32] DEBUG - Flushing: /opt/hivemq/data/persistence/client_queue/042800_R/client_queue_49
2025-01-29 13:25:36,120 INFO c.h.h.t.OperatorHelmChartContainer - [local-hivemq-1] [hivemq] [4c1b9b32] DEBUG - Flushing: /opt/hivemq/data/persistence/client_queue/042800_R/client_queue_50
2025-01-29 13:25:36,120 INFO c.h.h.t.OperatorHelmChartContainer - [local-hivemq-1] [hivemq] [4c1b9b32] DEBUG - Flushing: /opt/hivemq/data/persistence/client_queue/042800_R/client_queue_51
2025-01-29 13:25:36,120 INFO c.h.h.t.OperatorHelmChartContainer - [local-hivemq-1] [hivemq] [4c1b9b32] DEBUG - Flushing: /opt/hivemq/data/persistence/client_queue/042800_R/client_queue_52
2025-01-29 13:25:36,120 INFO c.h.h.t.OperatorHelmChartContainer - [local-hivemq-1] [hivemq] [4c1b9b32] DEBUG - Flushing: /opt/hivemq/data/persistence/client_queue/042800_R/client_queue_53
2025-01-29 13:25:36,120 INFO c.h.h.t.OperatorHelmChartContainer - [local-hivemq-1] [hivemq] [4c1b9b32] DEBUG - Flushing: /opt/hivemq/data/persistence/client_queue/042800_R/client_queue_54
2025-01-29 13:25:36,120 INFO c.h.h.t.OperatorHelmChartContainer - [local-hivemq-1] [hivemq] [4c1b9b32] DEBUG - Flushing: /opt/hivemq/data/persistence/client_queue/042800_R/client_queue_55
2025-01-29 13:25:36,120 INFO c.h.h.t.OperatorHelmChartContainer - [local-hivemq-1] [hivemq] [4c1b9b32] DEBUG - Flushing: /opt/hivemq/data/persistence/client_queue/042800_R/client_queue_56
2025-01-29 13:25:36,120 INFO c.h.h.t.OperatorHelmChartContainer - [local-hivemq-1] [hivemq] [4c1b9b32] DEBUG - Flushing: /opt/hivemq/data/persistence/client_queue/042800_R/client_queue_57
2025-01-29 13:25:36,120 INFO c.h.h.t.OperatorHelmChartContainer - [local-hivemq-1] [hivemq] [4c1b9b32] DEBUG - Flushing: /opt/hivemq/data/persistence/client_queue/042800_R/client_queue_58
2025-01-29 13:25:36,120 INFO c.h.h.t.OperatorHelmChartContainer - [local-hivemq-1] [hivemq] [4c1b9b32] DEBUG - Flushing: /opt/hivemq/data/persistence/client_queue/042800_R/client_queue_59
2025-01-29 13:25:36,127 INFO c.h.h.t.OperatorHelmChartContainer - [local-hivemq-1] [hivemq] [4c1b9b32] DEBUG - Flushing: /opt/hivemq/data/persistence/client_queue/042800_R/client_queue_60
2025-01-29 13:25:36,127 INFO c.h.h.t.OperatorHelmChartContainer - [local-hivemq-1] [hivemq] [4c1b9b32] DEBUG - Flushing: /opt/hivemq/data/persistence/client_queue/042800_R/client_queue_61
2025-01-29 13:25:36,127 INFO c.h.h.t.OperatorHelmChartContainer - [local-hivemq-1] [hivemq] [4c1b9b32] DEBUG - Flushing: /opt/hivemq/data/persistence/client_queue/042800_R/client_queue_62
2025-01-29 13:25:36,127 INFO c.h.h.t.OperatorHelmChartContainer - [local-hivemq-1] [hivemq] [4c1b9b32] DEBUG - Flushing: /opt/hivemq/data/persistence/client_queue/042800_R/client_queue_63
2025-01-29 13:25:36,127 INFO c.h.h.t.OperatorHelmChartContainer - [local-hivemq-1] [hivemq] [4c1b9b32] DEBUG - Flushing: /opt/hivemq/data/persistence/client_session_store/040100_R/client_session_store_0
2025-01-29 13:25:36,128 INFO c.h.h.t.OperatorHelmChartContainer - [local-hivemq-1] [hivemq] [4c1b9b32] DEBUG - Flushing: /opt/hivemq/data/persistence/client_session_store/040100_R/client_session_store_1
2025-01-29 13:25:36,128 INFO c.h.h.t.OperatorHelmChartContainer - [local-hivemq-1] [hivemq] [4c1b9b32] DEBUG - Flushing: /opt/hivemq/data/persistence/client_session_store/040100_R/client_session_store_2
2025-01-29 13:25:36,128 INFO c.h.h.t.OperatorHelmChartContainer - [local-hivemq-1] [hivemq] [4c1b9b32] DEBUG - Flushing: /opt/hivemq/data/persistence/client_session_store/040100_R/client_session_store_3
2025-01-29 13:25:36,128 INFO c.h.h.t.OperatorHelmChartContainer - [local-hivemq-1] [hivemq] [4c1b9b32] DEBUG - Flushing: /opt/hivemq/data/persistence/client_session_store/040100_R/client_session_store_4
2025-01-29 13:25:36,128 INFO c.h.h.t.OperatorHelmChartContainer - [local-hivemq-1] [hivemq] [4c1b9b32] DEBUG - Flushing: /opt/hivemq/data/persistence/client_session_store/040100_R/client_session_store_5
2025-01-29 13:25:36,128 INFO c.h.h.t.OperatorHelmChartContainer - [local-hivemq-1] [hivemq] [4c1b9b32] DEBUG - Flushing: /opt/hivemq/data/persistence/client_session_store/040100_R/client_session_store_7
2025-01-29 13:25:36,128 INFO c.h.h.t.OperatorHelmChartContainer - [local-hivemq-1] [hivemq] [4c1b9b32] DEBUG - Flushing: /opt/hivemq/data/persistence/client_session_store/040100_R/client_session_store_6
2025-01-29 13:25:36,128 INFO c.h.h.t.OperatorHelmChartContainer - [local-hivemq-1] [hivemq] [4c1b9b32] DEBUG - Flushing: /opt/hivemq/data/persistence/client_session_store/040100_R/client_session_store_8
2025-01-29 13:25:36,128 INFO c.h.h.t.OperatorHelmChartContainer - [local-hivemq-1] [hivemq] [4c1b9b32] DEBUG - Flushing: /opt/hivemq/data/persistence/client_session_store/040100_R/client_session_store_9
2025-01-29 13:25:36,128 INFO c.h.h.t.OperatorHelmChartContainer - [local-hivemq-1] [hivemq] [4c1b9b32] DEBUG - Flushing: /opt/hivemq/data/persistence/client_session_store/040100_R/client_session_store_11
2025-01-29 13:25:36,128 INFO c.h.h.t.OperatorHelmChartContainer - [local-hivemq-1] [hivemq] [4c1b9b32] DEBUG - Flushing: /opt/hivemq/data/persistence/client_session_store/040100_R/client_session_store_12
2025-01-29 13:25:36,128 INFO c.h.h.t.OperatorHelmChartContainer - [local-hivemq-1] [hivemq] [4c1b9b32] DEBUG - Flushing: /opt/hivemq/data/persistence/client_session_store/040100_R/client_session_store_10
2025-01-29 13:25:36,128 INFO c.h.h.t.OperatorHelmChartContainer - [local-hivemq-1] [hivemq] [4c1b9b32] DEBUG - Flushing: /opt/hivemq/data/persistence/client_session_store/040100_R/client_session_store_13
2025-01-29 13:25:36,128 INFO c.h.h.t.OperatorHelmChartContainer - [local-hivemq-1] [hivemq] [4c1b9b32] DEBUG - Flushing: /opt/hivemq/data/persistence/client_session_store/040100_R/client_session_store_14
2025-01-29 13:25:36,128 INFO c.h.h.t.OperatorHelmChartContainer - [local-hivemq-1] [hivemq] [4c1b9b32] DEBUG - Flushing: /opt/hivemq/data/persistence/client_session_store/040100_R/client_session_store_15
2025-01-29 13:25:36,128 INFO c.h.h.t.OperatorHelmChartContainer - [local-hivemq-1] [hivemq] [4c1b9b32] DEBUG - Flushing: /opt/hivemq/data/persistence/client_session_store/040100_R/client_session_store_16
2025-01-29 13:25:36,128 INFO c.h.h.t.OperatorHelmChartContainer - [local-hivemq-1] [hivemq] [4c1b9b32] DEBUG - Flushing: /opt/hivemq/data/persistence/client_session_store/040100_R/client_session_store_17
2025-01-29 13:25:36,128 INFO c.h.h.t.OperatorHelmChartContainer - [local-hivemq-1] [hivemq] [4c1b9b32] DEBUG - Flushing: /opt/hivemq/data/persistence/client_session_store/040100_R/client_session_store_18
2025-01-29 13:25:36,128 INFO c.h.h.t.OperatorHelmChartContainer - [local-hivemq-1] [hivemq] [4c1b9b32] DEBUG - Flushing: /opt/hivemq/data/persistence/client_session_store/040100_R/client_session_store_19
2025-01-29 13:25:36,128 INFO c.h.h.t.OperatorHelmChartContainer - [local-hivemq-1] [hivemq] [4c1b9b32] DEBUG - Flushing: /opt/hivemq/data/persistence/client_session_store/040100_R/client_session_store_20
2025-01-29 13:25:36,128 INFO c.h.h.t.OperatorHelmChartContainer - [local-hivemq-1] [hivemq] [4c1b9b32] DEBUG - Flushing: /opt/hivemq/data/persistence/client_session_store/040100_R/client_session_store_21
2025-01-29 13:25:36,128 INFO c.h.h.t.OperatorHelmChartContainer - [local-hivemq-1] [hivemq] [4c1b9b32] DEBUG - Flushing: /opt/hivemq/data/persistence/client_session_store/040100_R/client_session_store_22
2025-01-29 13:25:36,128 INFO c.h.h.t.OperatorHelmChartContainer - [local-hivemq-1] [hivemq] [4c1b9b32] DEBUG - Flushing: /opt/hivemq/data/persistence/client_session_store/040100_R/client_session_store_23
2025-01-29 13:25:36,128 INFO c.h.h.t.OperatorHelmChartContainer - [local-hivemq-1] [hivemq] [4c1b9b32] DEBUG - Flushing: /opt/hivemq/data/persistence/client_session_store/040100_R/client_session_store_25
2025-01-29 13:25:36,128 INFO c.h.h.t.OperatorHelmChartContainer - [local-hivemq-1] [hivemq] [4c1b9b32] DEBUG - Flushing: /opt/hivemq/data/persistence/client_session_store/040100_R/client_session_store_24
2025-01-29 13:25:36,128 INFO c.h.h.t.OperatorHelmChartContainer - [local-hivemq-1] [hivemq] [4c1b9b32] DEBUG - Flushing: /opt/hivemq/data/persistence/client_session_store/040100_R/client_session_store_26
2025-01-29 13:25:36,128 INFO c.h.h.t.OperatorHelmChartContainer - [local-hivemq-1] [hivemq] [4c1b9b32] DEBUG - Flushing: /opt/hivemq/data/persistence/client_session_store/040100_R/client_session_store_28
2025-01-29 13:25:36,128 INFO c.h.h.t.OperatorHelmChartContainer - [local-hivemq-1] [hivemq] [4c1b9b32] DEBUG - Flushing: /opt/hivemq/data/persistence/client_session_store/040100_R/client_session_store_27
2025-01-29 13:25:36,128 INFO c.h.h.t.OperatorHelmChartContainer - [local-hivemq-1] [hivemq] [4c1b9b32] DEBUG - Flushing: /opt/hivemq/data/persistence/client_session_store/040100_R/client_session_store_29
2025-01-29 13:25:36,130 INFO c.h.h.t.OperatorHelmChartContainer - [local-hivemq-1] [hivemq] [4c1b9b32] DEBUG - Flushing: /opt/hivemq/data/persistence/client_session_store/040100_R/client_session_store_30
2025-01-29 13:25:36,130 INFO c.h.h.t.OperatorHelmChartContainer - [local-hivemq-1] [hivemq] [4c1b9b32] DEBUG - Flushing: /opt/hivemq/data/persistence/client_session_store/040100_R/client_session_store_32
2025-01-29 13:25:36,134 INFO c.h.h.t.OperatorHelmChartContainer - [local-hivemq-1] [hivemq] [4c1b9b32] DEBUG - Flushing: /opt/hivemq/data/persistence/client_session_store/040100_R/client_session_store_31
2025-01-29 13:25:36,134 INFO c.h.h.t.OperatorHelmChartContainer - [local-hivemq-1] [hivemq] [4c1b9b32] DEBUG - Flushing: /opt/hivemq/data/persistence/client_session_store/040100_R/client_session_store_33
2025-01-29 13:25:36,134 INFO c.h.h.t.OperatorHelmChartContainer - [local-hivemq-1] [hivemq] [4c1b9b32] DEBUG - Flushing: /opt/hivemq/data/persistence/client_session_store/040100_R/client_session_store_34
2025-01-29 13:25:36,134 INFO c.h.h.t.OperatorHelmChartContainer - [local-hivemq-1] [hivemq] [4c1b9b32] DEBUG - Flushing: /opt/hivemq/data/persistence/client_session_store/040100_R/client_session_store_35
2025-01-29 13:25:36,134 INFO c.h.h.t.OperatorHelmChartContainer - [local-hivemq-1] [hivemq] [4c1b9b32] DEBUG - Flushing: /opt/hivemq/data/persistence/client_session_store/040100_R/client_session_store_36
2025-01-29 13:25:36,135 INFO c.h.h.t.OperatorHelmChartContainer - [local-hivemq-1] [hivemq] [4c1b9b32] DEBUG - Flushing: /opt/hivemq/data/persistence/client_session_store/040100_R/client_session_store_38
2025-01-29 13:25:36,135 INFO c.h.h.t.OperatorHelmChartContainer - [local-hivemq-1] [hivemq] [4c1b9b32] DEBUG - Flushing: /opt/hivemq/data/persistence/client_session_store/040100_R/client_session_store_37
2025-01-29 13:25:36,135 INFO c.h.h.t.OperatorHelmChartContainer - [local-hivemq-1] [hivemq] [4c1b9b32] DEBUG - Flushing: /opt/hivemq/data/persistence/client_session_store/040100_R/client_session_store_39
2025-01-29 13:25:36,135 INFO c.h.h.t.OperatorHelmChartContainer - [local-hivemq-1] [hivemq] [4c1b9b32] DEBUG - Flushing: /opt/hivemq/data/persistence/client_session_store/040100_R/client_session_store_40
2025-01-29 13:25:36,135 INFO c.h.h.t.OperatorHelmChartContainer - [local-hivemq-1] [hivemq] [4c1b9b32] DEBUG - Flushing: /opt/hivemq/data/persistence/client_session_store/040100_R/client_session_store_41
2025-01-29 13:25:36,135 INFO c.h.h.t.OperatorHelmChartContainer - [local-hivemq-1] [hivemq] [4c1b9b32] DEBUG - Flushing: /opt/hivemq/data/persistence/client_session_store/040100_R/client_session_store_42
2025-01-29 13:25:36,135 INFO c.h.h.t.OperatorHelmChartContainer - [local-hivemq-1] [hivemq] [4c1b9b32] DEBUG - Flushing: /opt/hivemq/data/persistence/client_session_store/040100_R/client_session_store_43
2025-01-29 13:25:36,135 INFO c.h.h.t.OperatorHelmChartContainer - [local-hivemq-1] [hivemq] [4c1b9b32] DEBUG - Flushing: /opt/hivemq/data/persistence/client_session_store/040100_R/client_session_store_45
2025-01-29 13:25:36,135 INFO c.h.h.t.OperatorHelmChartContainer - [local-hivemq-1] [hivemq] [4c1b9b32] DEBUG - Flushing: /opt/hivemq/data/persistence/client_session_store/040100_R/client_session_store_44
2025-01-29 13:25:36,135 INFO c.h.h.t.OperatorHelmChartContainer - [local-hivemq-1] [hivemq] [4c1b9b32] DEBUG - Flushing: /opt/hivemq/data/persistence/client_session_store/040100_R/client_session_store_46
2025-01-29 13:25:36,135 INFO c.h.h.t.OperatorHelmChartContainer - [local-hivemq-1] [hivemq] [4c1b9b32] DEBUG - Flushing: /opt/hivemq/data/persistence/client_session_store/040100_R/client_session_store_48
2025-01-29 13:25:36,135 INFO c.h.h.t.OperatorHelmChartContainer - [local-hivemq-1] [hivemq] [4c1b9b32] DEBUG - Flushing: /opt/hivemq/data/persistence/client_session_store/040100_R/client_session_store_47
2025-01-29 13:25:36,135 INFO c.h.h.t.OperatorHelmChartContainer - [local-hivemq-1] [hivemq] [4c1b9b32] DEBUG - Flushing: /opt/hivemq/data/persistence/client_session_store/040100_R/client_session_store_50
2025-01-29 13:25:36,135 INFO c.h.h.t.OperatorHelmChartContainer - [local-hivemq-1] [hivemq] [4c1b9b32] DEBUG - Flushing: /opt/hivemq/data/persistence/client_session_store/040100_R/client_session_store_49
2025-01-29 13:25:36,135 INFO c.h.h.t.OperatorHelmChartContainer - [local-hivemq-1] [hivemq] [4c1b9b32] DEBUG - Flushing: /opt/hivemq/data/persistence/client_session_store/040100_R/client_session_store_53
2025-01-29 13:25:36,135 INFO c.h.h.t.OperatorHelmChartContainer - [local-hivemq-1] [hivemq] [4c1b9b32] DEBUG - Flushing: /opt/hivemq/data/persistence/client_session_store/040100_R/client_session_store_54
2025-01-29 13:25:36,135 INFO c.h.h.t.OperatorHelmChartContainer - [local-hivemq-1] [hivemq] [4c1b9b32] DEBUG - Flushing: /opt/hivemq/data/persistence/client_session_store/040100_R/client_session_store_51
2025-01-29 13:25:36,135 INFO c.h.h.t.OperatorHelmChartContainer - [local-hivemq-1] [hivemq] [4c1b9b32] DEBUG - Flushing: /opt/hivemq/data/persistence/client_session_store/040100_R/client_session_store_52
2025-01-29 13:25:36,135 INFO c.h.h.t.OperatorHelmChartContainer - [local-hivemq-1] [hivemq] [4c1b9b32] DEBUG - Flushing: /opt/hivemq/data/persistence/client_session_store/040100_R/client_session_store_56
2025-01-29 13:25:36,135 INFO c.h.h.t.OperatorHelmChartContainer - [local-hivemq-1] [hivemq] [4c1b9b32] DEBUG - Flushing: /opt/hivemq/data/persistence/client_session_store/040100_R/client_session_store_55
2025-01-29 13:25:36,135 INFO c.h.h.t.OperatorHelmChartContainer - [local-hivemq-1] [hivemq] [4c1b9b32] DEBUG - Flushing: /opt/hivemq/data/persistence/client_session_store/040100_R/client_session_store_58
2025-01-29 13:25:36,135 INFO c.h.h.t.OperatorHelmChartContainer - [local-hivemq-1] [hivemq] [4c1b9b32] DEBUG - Flushing: /opt/hivemq/data/persistence/client_session_store/040100_R/client_session_store_57
2025-01-29 13:25:36,135 INFO c.h.h.t.OperatorHelmChartContainer - [local-hivemq-1] [hivemq] [4c1b9b32] DEBUG - Flushing: /opt/hivemq/data/persistence/client_session_store/040100_R/client_session_store_59
2025-01-29 13:25:36,135 INFO c.h.h.t.OperatorHelmChartContainer - [local-hivemq-1] [hivemq] [4c1b9b32] DEBUG - Flushing: /opt/hivemq/data/persistence/client_session_store/040100_R/client_session_store_60
2025-01-29 13:25:36,135 INFO c.h.h.t.OperatorHelmChartContainer - [local-hivemq-1] [hivemq] [4c1b9b32] DEBUG - Flushing: /opt/hivemq/data/persistence/client_session_store/040100_R/client_session_store_61
2025-01-29 13:25:36,135 INFO c.h.h.t.OperatorHelmChartContainer - [local-hivemq-1] [hivemq] [4c1b9b32] DEBUG - Flushing: /opt/hivemq/data/persistence/client_session_store/040100_R/client_session_store_62
2025-01-29 13:25:36,135 INFO c.h.h.t.OperatorHelmChartContainer - [local-hivemq-1] [hivemq] [4c1b9b32] DEBUG - Flushing: /opt/hivemq/data/persistence/client_session_store/040100_R/client_session_store_63
2025-01-29 13:25:36,135 INFO c.h.h.t.OperatorHelmChartContainer - [local-hivemq-1] [hivemq] [4c1b9b32] DEBUG - Flushing: /opt/hivemq/data/persistence/client_session_subscriptions/043200_R/client_session_subscriptions_0
2025-01-29 13:25:36,135 INFO c.h.h.t.OperatorHelmChartContainer - [local-hivemq-1] [hivemq] [4c1b9b32] DEBUG - Flushing: /opt/hivemq/data/persistence/client_session_subscriptions/043200_R/client_session_subscriptions_1
2025-01-29 13:25:36,135 INFO c.h.h.t.OperatorHelmChartContainer - [local-hivemq-1] [hivemq] [4c1b9b32] DEBUG - Flushing: /opt/hivemq/data/persistence/client_session_subscriptions/043200_R/client_session_subscriptions_2
2025-01-29 13:25:36,135 INFO c.h.h.t.OperatorHelmChartContainer - [local-hivemq-1] [hivemq] [4c1b9b32] DEBUG - Flushing: /opt/hivemq/data/persistence/client_session_subscriptions/043200_R/client_session_subscriptions_3
2025-01-29 13:25:36,135 INFO c.h.h.t.OperatorHelmChartContainer - [local-hivemq-1] [hivemq] [4c1b9b32] DEBUG - Flushing: /opt/hivemq/data/persistence/client_session_subscriptions/043200_R/client_session_subscriptions_4
2025-01-29 13:25:36,135 INFO c.h.h.t.OperatorHelmChartContainer - [local-hivemq-1] [hivemq] [4c1b9b32] DEBUG - Flushing: /opt/hivemq/data/persistence/client_session_subscriptions/043200_R/client_session_subscriptions_5
2025-01-29 13:25:36,135 INFO c.h.h.t.OperatorHelmChartContainer - [local-hivemq-1] [hivemq] [4c1b9b32] DEBUG - Flushing: /opt/hivemq/data/persistence/client_session_subscriptions/043200_R/client_session_subscriptions_6
2025-01-29 13:25:36,135 INFO c.h.h.t.OperatorHelmChartContainer - [local-hivemq-1] [hivemq] [4c1b9b32] DEBUG - Flushing: /opt/hivemq/data/persistence/client_session_subscriptions/043200_R/client_session_subscriptions_7
2025-01-29 13:25:36,135 INFO c.h.h.t.OperatorHelmChartContainer - [local-hivemq-1] [hivemq] [4c1b9b32] DEBUG - Flushing: /opt/hivemq/data/persistence/client_session_subscriptions/043200_R/client_session_subscriptions_8
2025-01-29 13:25:36,135 INFO c.h.h.t.OperatorHelmChartContainer - [local-hivemq-1] [hivemq] [4c1b9b32] DEBUG - Flushing: /opt/hivemq/data/persistence/client_session_subscriptions/043200_R/client_session_subscriptions_10
2025-01-29 13:25:36,135 INFO c.h.h.t.OperatorHelmChartContainer - [local-hivemq-1] [hivemq] [4c1b9b32] DEBUG - Flushing: /opt/hivemq/data/persistence/client_session_subscriptions/043200_R/client_session_subscriptions_9
2025-01-29 13:25:36,135 INFO c.h.h.t.OperatorHelmChartContainer - [local-hivemq-1] [hivemq] [4c1b9b32] DEBUG - Flushing: /opt/hivemq/data/persistence/client_session_subscriptions/043200_R/client_session_subscriptions_11
2025-01-29 13:25:36,135 INFO c.h.h.t.OperatorHelmChartContainer - [local-hivemq-1] [hivemq] [4c1b9b32] DEBUG - Flushing: /opt/hivemq/data/persistence/client_session_subscriptions/043200_R/client_session_subscriptions_12
2025-01-29 13:25:36,135 INFO c.h.h.t.OperatorHelmChartContainer - [local-hivemq-1] [hivemq] [4c1b9b32] DEBUG - Flushing: /opt/hivemq/data/persistence/client_session_subscriptions/043200_R/client_session_subscriptions_13
2025-01-29 13:25:36,135 INFO c.h.h.t.OperatorHelmChartContainer - [local-hivemq-1] [hivemq] [4c1b9b32] DEBUG - Flushing: /opt/hivemq/data/persistence/client_session_subscriptions/043200_R/client_session_subscriptions_14
2025-01-29 13:25:36,135 INFO c.h.h.t.OperatorHelmChartContainer - [local-hivemq-1] [hivemq] [4c1b9b32] DEBUG - Flushing: /opt/hivemq/data/persistence/client_session_subscriptions/043200_R/client_session_subscriptions_15
2025-01-29 13:25:36,135 INFO c.h.h.t.OperatorHelmChartContainer - [local-hivemq-1] [hivemq] [4c1b9b32] DEBUG - Flushing: /opt/hivemq/data/persistence/client_session_subscriptions/043200_R/client_session_subscriptions_16
2025-01-29 13:25:36,135 INFO c.h.h.t.OperatorHelmChartContainer - [local-hivemq-1] [hivemq] [4c1b9b32] DEBUG - Flushing: /opt/hivemq/data/persistence/client_session_subscriptions/043200_R/client_session_subscriptions_17
2025-01-29 13:25:36,135 INFO c.h.h.t.OperatorHelmChartContainer - [local-hivemq-1] [hivemq] [4c1b9b32] DEBUG - Flushing: /opt/hivemq/data/persistence/client_session_subscriptions/043200_R/client_session_subscriptions_18
2025-01-29 13:25:36,135 INFO c.h.h.t.OperatorHelmChartContainer - [local-hivemq-1] [hivemq] [4c1b9b32] DEBUG - Flushing: /opt/hivemq/data/persistence/client_session_subscriptions/043200_R/client_session_subscriptions_19
2025-01-29 13:25:36,135 INFO c.h.h.t.OperatorHelmChartContainer - [local-hivemq-1] [hivemq] [4c1b9b32] DEBUG - Flushing: /opt/hivemq/data/persistence/client_session_subscriptions/043200_R/client_session_subscriptions_21
2025-01-29 13:25:36,135 INFO c.h.h.t.OperatorHelmChartContainer - [local-hivemq-1] [hivemq] [4c1b9b32] DEBUG - Flushing: /opt/hivemq/data/persistence/client_session_subscriptions/043200_R/client_session_subscriptions_20
2025-01-29 13:25:36,135 INFO c.h.h.t.OperatorHelmChartContainer - [local-hivemq-1] [hivemq] [4c1b9b32] DEBUG - Flushing: /opt/hivemq/data/persistence/client_session_subscriptions/043200_R/client_session_subscriptions_24
2025-01-29 13:25:36,135 INFO c.h.h.t.OperatorHelmChartContainer - [local-hivemq-1] [hivemq] [4c1b9b32] DEBUG - Flushing: /opt/hivemq/data/persistence/client_session_subscriptions/043200_R/client_session_subscriptions_22
2025-01-29 13:25:36,135 INFO c.h.h.t.OperatorHelmChartContainer - [local-hivemq-1] [hivemq] [4c1b9b32] DEBUG - Flushing: /opt/hivemq/data/persistence/client_session_subscriptions/043200_R/client_session_subscriptions_23
2025-01-29 13:25:36,135 INFO c.h.h.t.OperatorHelmChartContainer - [local-hivemq-1] [hivemq] [4c1b9b32] DEBUG - Flushing: /opt/hivemq/data/persistence/client_session_subscriptions/043200_R/client_session_subscriptions_25
2025-01-29 13:25:36,135 INFO c.h.h.t.OperatorHelmChartContainer - [local-hivemq-1] [hivemq] [4c1b9b32] DEBUG - Flushing: /opt/hivemq/data/persistence/client_session_subscriptions/043200_R/client_session_subscriptions_26
2025-01-29 13:25:36,135 INFO c.h.h.t.OperatorHelmChartContainer - [local-hivemq-1] [hivemq] [4c1b9b32] DEBUG - Flushing: /opt/hivemq/data/persistence/client_session_subscriptions/043200_R/client_session_subscriptions_27
2025-01-29 13:25:36,135 INFO c.h.h.t.OperatorHelmChartContainer - [local-hivemq-1] [hivemq] [4c1b9b32] DEBUG - Flushing: /opt/hivemq/data/persistence/client_session_subscriptions/043200_R/client_session_subscriptions_28
2025-01-29 13:25:36,136 INFO c.h.h.t.OperatorHelmChartContainer - [local-hivemq-1] [hivemq] [4c1b9b32] DEBUG - Flushing: /opt/hivemq/data/persistence/client_session_subscriptions/043200_R/client_session_subscriptions_29
2025-01-29 13:25:36,136 INFO c.h.h.t.OperatorHelmChartContainer - [local-hivemq-1] [hivemq] [4c1b9b32] DEBUG - Flushing: /opt/hivemq/data/persistence/client_session_subscriptions/043200_R/client_session_subscriptions_30
2025-01-29 13:25:36,136 INFO c.h.h.t.OperatorHelmChartContainer - [local-hivemq-1] [hivemq] [4c1b9b32] DEBUG - Flushing: /opt/hivemq/data/persistence/client_session_subscriptions/043200_R/client_session_subscriptions_31
2025-01-29 13:25:36,136 INFO c.h.h.t.OperatorHelmChartContainer - [local-hivemq-1] [hivemq] [4c1b9b32] DEBUG - Flushing: /opt/hivemq/data/persistence/client_session_subscriptions/043200_R/client_session_subscriptions_32
2025-01-29 13:25:36,136 INFO c.h.h.t.OperatorHelmChartContainer - [local-hivemq-1] [hivemq] [4c1b9b32] DEBUG - Flushing: /opt/hivemq/data/persistence/client_session_subscriptions/043200_R/client_session_subscriptions_33
2025-01-29 13:25:36,136 INFO c.h.h.t.OperatorHelmChartContainer - [local-hivemq-1] [hivemq] [4c1b9b32] DEBUG - Flushing: /opt/hivemq/data/persistence/client_session_subscriptions/043200_R/client_session_subscriptions_34
2025-01-29 13:25:36,136 INFO c.h.h.t.OperatorHelmChartContainer - [local-hivemq-1] [hivemq] [4c1b9b32] DEBUG - Flushing: /opt/hivemq/data/persistence/client_session_subscriptions/043200_R/client_session_subscriptions_35
2025-01-29 13:25:36,136 INFO c.h.h.t.OperatorHelmChartContainer - [local-hivemq-1] [hivemq] [4c1b9b32] DEBUG - Flushing: /opt/hivemq/data/persistence/client_session_subscriptions/043200_R/client_session_subscriptions_36
2025-01-29 13:25:36,136 INFO c.h.h.t.OperatorHelmChartContainer - [local-hivemq-1] [hivemq] [4c1b9b32] DEBUG - Flushing: /opt/hivemq/data/persistence/client_session_subscriptions/043200_R/client_session_subscriptions_37
2025-01-29 13:25:36,136 INFO c.h.h.t.OperatorHelmChartContainer - [local-hivemq-1] [hivemq] [4c1b9b32] DEBUG - Flushing: /opt/hivemq/data/persistence/client_session_subscriptions/043200_R/client_session_subscriptions_38
2025-01-29 13:25:36,136 INFO c.h.h.t.OperatorHelmChartContainer - [local-hivemq-1] [hivemq] [4c1b9b32] DEBUG - Flushing: /opt/hivemq/data/persistence/client_session_subscriptions/043200_R/client_session_subscriptions_39
2025-01-29 13:25:36,136 INFO c.h.h.t.OperatorHelmChartContainer - [local-hivemq-1] [hivemq] [4c1b9b32] DEBUG - Flushing: /opt/hivemq/data/persistence/client_session_subscriptions/043200_R/client_session_subscriptions_40
2025-01-29 13:25:36,136 INFO c.h.h.t.OperatorHelmChartContainer - [local-hivemq-1] [hivemq] [4c1b9b32] DEBUG - Flushing: /opt/hivemq/data/persistence/client_session_subscriptions/043200_R/client_session_subscriptions_41
2025-01-29 13:25:36,136 INFO c.h.h.t.OperatorHelmChartContainer - [local-hivemq-1] [hivemq] [4c1b9b32] DEBUG - Flushing: /opt/hivemq/data/persistence/client_session_subscriptions/043200_R/client_session_subscriptions_42
2025-01-29 13:25:36,136 INFO c.h.h.t.OperatorHelmChartContainer - [local-hivemq-1] [hivemq] [4c1b9b32] DEBUG - Flushing: /opt/hivemq/data/persistence/client_session_subscriptions/043200_R/client_session_subscriptions_44
2025-01-29 13:25:36,136 INFO c.h.h.t.OperatorHelmChartContainer - [local-hivemq-1] [hivemq] [4c1b9b32] DEBUG - Flushing: /opt/hivemq/data/persistence/client_session_subscriptions/043200_R/client_session_subscriptions_43
2025-01-29 13:25:36,136 INFO c.h.h.t.OperatorHelmChartContainer - [local-hivemq-1] [hivemq] [4c1b9b32] DEBUG - Flushing: /opt/hivemq/data/persistence/client_session_subscriptions/043200_R/client_session_subscriptions_45
2025-01-29 13:25:36,136 INFO c.h.h.t.OperatorHelmChartContainer - [local-hivemq-1] [hivemq] [4c1b9b32] DEBUG - Flushing: /opt/hivemq/data/persistence/client_session_subscriptions/043200_R/client_session_subscriptions_46
2025-01-29 13:25:36,136 INFO c.h.h.t.OperatorHelmChartContainer - [local-hivemq-1] [hivemq] [4c1b9b32] DEBUG - Flushing: /opt/hivemq/data/persistence/client_session_subscriptions/043200_R/client_session_subscriptions_48
2025-01-29 13:25:36,136 INFO c.h.h.t.OperatorHelmChartContainer - [local-hivemq-1] [hivemq] [4c1b9b32] DEBUG - Flushing: /opt/hivemq/data/persistence/client_session_subscriptions/043200_R/client_session_subscriptions_49
2025-01-29 13:25:36,136 INFO c.h.h.t.OperatorHelmChartContainer - [local-hivemq-1] [hivemq] [4c1b9b32] DEBUG - Flushing: /opt/hivemq/data/persistence/client_session_subscriptions/043200_R/client_session_subscriptions_47
2025-01-29 13:25:36,136 INFO c.h.h.t.OperatorHelmChartContainer - [local-hivemq-1] [hivemq] [4c1b9b32] DEBUG - Flushing: /opt/hivemq/data/persistence/client_session_subscriptions/043200_R/client_session_subscriptions_50
2025-01-29 13:25:36,136 INFO c.h.h.t.OperatorHelmChartContainer - [local-hivemq-1] [hivemq] [4c1b9b32] DEBUG - Flushing: /opt/hivemq/data/persistence/client_session_subscriptions/043200_R/client_session_subscriptions_51
2025-01-29 13:25:36,136 INFO c.h.h.t.OperatorHelmChartContainer - [local-hivemq-1] [hivemq] [4c1b9b32] DEBUG - Flushing: /opt/hivemq/data/persistence/client_session_subscriptions/043200_R/client_session_subscriptions_53
2025-01-29 13:25:36,136 INFO c.h.h.t.OperatorHelmChartContainer - [local-hivemq-1] [hivemq] [4c1b9b32] DEBUG - Flushing: /opt/hivemq/data/persistence/client_session_subscriptions/043200_R/client_session_subscriptions_52
2025-01-29 13:25:36,136 INFO c.h.h.t.OperatorHelmChartContainer - [local-hivemq-1] [hivemq] [4c1b9b32] DEBUG - Flushing: /opt/hivemq/data/persistence/client_session_subscriptions/043200_R/client_session_subscriptions_54
2025-01-29 13:25:36,136 INFO c.h.h.t.OperatorHelmChartContainer - [local-hivemq-1] [hivemq] [4c1b9b32] DEBUG - Flushing: /opt/hivemq/data/persistence/client_session_subscriptions/043200_R/client_session_subscriptions_55
2025-01-29 13:25:36,136 INFO c.h.h.t.OperatorHelmChartContainer - [local-hivemq-1] [hivemq] [4c1b9b32] DEBUG - Flushing: /opt/hivemq/data/persistence/client_session_subscriptions/043200_R/client_session_subscriptions_56
2025-01-29 13:25:36,136 INFO c.h.h.t.OperatorHelmChartContainer - [local-hivemq-1] [hivemq] [4c1b9b32] DEBUG - Flushing: /opt/hivemq/data/persistence/client_session_subscriptions/043200_R/client_session_subscriptions_57
2025-01-29 13:25:36,136 INFO c.h.h.t.OperatorHelmChartContainer - [local-hivemq-1] [hivemq] [4c1b9b32] DEBUG - Flushing: /opt/hivemq/data/persistence/client_session_subscriptions/043200_R/client_session_subscriptions_58
2025-01-29 13:25:36,136 INFO c.h.h.t.OperatorHelmChartContainer - [local-hivemq-1] [hivemq] [4c1b9b32] DEBUG - Flushing: /opt/hivemq/data/persistence/client_session_subscriptions/043200_R/client_session_subscriptions_59
2025-01-29 13:25:36,136 INFO c.h.h.t.OperatorHelmChartContainer - [local-hivemq-1] [hivemq] [4c1b9b32] DEBUG - Flushing: /opt/hivemq/data/persistence/client_session_subscriptions/043200_R/client_session_subscriptions_60
2025-01-29 13:25:36,136 INFO c.h.h.t.OperatorHelmChartContainer - [local-hivemq-1] [hivemq] [4c1b9b32] DEBUG - Flushing: /opt/hivemq/data/persistence/client_session_subscriptions/043200_R/client_session_subscriptions_61
2025-01-29 13:25:36,136 INFO c.h.h.t.OperatorHelmChartContainer - [local-hivemq-1] [hivemq] [4c1b9b32] DEBUG - Flushing: /opt/hivemq/data/persistence/client_session_subscriptions/043200_R/client_session_subscriptions_62
2025-01-29 13:25:36,136 INFO c.h.h.t.OperatorHelmChartContainer - [local-hivemq-1] [hivemq] [4c1b9b32] DEBUG - Flushing: /opt/hivemq/data/persistence/client_session_subscriptions/043200_R/client_session_subscriptions_63
2025-01-29 13:25:36,136 INFO c.h.h.t.OperatorHelmChartContainer - [local-hivemq-1] [hivemq] [4c1b9b32] DEBUG - Flushing: /opt/hivemq/data/persistence/retained_messages/040800_R/retained_messages_0
2025-01-29 13:25:36,136 INFO c.h.h.t.OperatorHelmChartContainer - [local-hivemq-1] [hivemq] [4c1b9b32] DEBUG - Flushing: /opt/hivemq/data/persistence/retained_messages/040800_R/retained_messages_1
2025-01-29 13:25:36,136 INFO c.h.h.t.OperatorHelmChartContainer - [local-hivemq-1] [hivemq] [4c1b9b32] DEBUG - Flushing: /opt/hivemq/data/persistence/retained_messages/040800_R/retained_messages_2
2025-01-29 13:25:36,136 INFO c.h.h.t.OperatorHelmChartContainer - [local-hivemq-1] [hivemq] [4c1b9b32] DEBUG - Flushing: /opt/hivemq/data/persistence/retained_messages/040800_R/retained_messages_3
2025-01-29 13:25:36,136 INFO c.h.h.t.OperatorHelmChartContainer - [local-hivemq-1] [hivemq] [4c1b9b32] DEBUG - Flushing: /opt/hivemq/data/persistence/retained_messages/040800_R/retained_messages_4
2025-01-29 13:25:36,136 INFO c.h.h.t.OperatorHelmChartContainer - [local-hivemq-1] [hivemq] [4c1b9b32] DEBUG - Flushing: /opt/hivemq/data/persistence/retained_messages/040800_R/retained_messages_5
2025-01-29 13:25:36,136 INFO c.h.h.t.OperatorHelmChartContainer - [local-hivemq-1] [hivemq] [4c1b9b32] DEBUG - Flushing: /opt/hivemq/data/persistence/retained_messages/040800_R/retained_messages_6
2025-01-29 13:25:36,136 INFO c.h.h.t.OperatorHelmChartContainer - [local-hivemq-1] [hivemq] [4c1b9b32] DEBUG - Flushing: /opt/hivemq/data/persistence/retained_messages/040800_R/retained_messages_7
2025-01-29 13:25:36,136 INFO c.h.h.t.OperatorHelmChartContainer - [local-hivemq-1] [hivemq] [4c1b9b32] DEBUG - Flushing: /opt/hivemq/data/persistence/retained_messages/040800_R/retained_messages_8
2025-01-29 13:25:36,141 INFO c.h.h.t.OperatorHelmChartContainer - [local-hivemq-1] [hivemq] [4c1b9b32] DEBUG - Flushing: /opt/hivemq/data/persistence/retained_messages/040800_R/retained_messages_9
2025-01-29 13:25:36,141 INFO c.h.h.t.OperatorHelmChartContainer - [local-hivemq-1] [hivemq] [4c1b9b32] DEBUG - Flushing: /opt/hivemq/data/persistence/retained_messages/040800_R/retained_messages_10
2025-01-29 13:25:36,141 INFO c.h.h.t.OperatorHelmChartContainer - [local-hivemq-1] [hivemq] [4c1b9b32] DEBUG - Flushing: /opt/hivemq/data/persistence/retained_messages/040800_R/retained_messages_11
2025-01-29 13:25:36,141 INFO c.h.h.t.OperatorHelmChartContainer - [local-hivemq-1] [hivemq] [4c1b9b32] DEBUG - Flushing: /opt/hivemq/data/persistence/retained_messages/040800_R/retained_messages_12
2025-01-29 13:25:36,141 INFO c.h.h.t.OperatorHelmChartContainer - [local-hivemq-1] [hivemq] [4c1b9b32] DEBUG - Flushing: /opt/hivemq/data/persistence/retained_messages/040800_R/retained_messages_13
2025-01-29 13:25:36,141 INFO c.h.h.t.OperatorHelmChartContainer - [local-hivemq-1] [hivemq] [4c1b9b32] DEBUG - Flushing: /opt/hivemq/data/persistence/retained_messages/040800_R/retained_messages_14
2025-01-29 13:25:36,141 INFO c.h.h.t.OperatorHelmChartContainer - [local-hivemq-1] [hivemq] [4c1b9b32] DEBUG - Flushing: /opt/hivemq/data/persistence/retained_messages/040800_R/retained_messages_15
2025-01-29 13:25:36,141 INFO c.h.h.t.OperatorHelmChartContainer - [local-hivemq-1] [hivemq] [4c1b9b32] DEBUG - Flushing: /opt/hivemq/data/persistence/retained_messages/040800_R/retained_messages_16
2025-01-29 13:25:36,141 INFO c.h.h.t.OperatorHelmChartContainer - [local-hivemq-1] [hivemq] [4c1b9b32] DEBUG - Flushing: /opt/hivemq/data/persistence/retained_messages/040800_R/retained_messages_18
2025-01-29 13:25:36,141 INFO c.h.h.t.OperatorHelmChartContainer - [local-hivemq-1] [hivemq] [4c1b9b32] DEBUG - Flushing: /opt/hivemq/data/persistence/retained_messages/040800_R/retained_messages_17
2025-01-29 13:25:36,141 INFO c.h.h.t.OperatorHelmChartContainer - [local-hivemq-1] [hivemq] [4c1b9b32] DEBUG - Flushing: /opt/hivemq/data/persistence/retained_messages/040800_R/retained_messages_19
2025-01-29 13:25:36,141 INFO c.h.h.t.OperatorHelmChartContainer - [local-hivemq-1] [hivemq] [4c1b9b32] DEBUG - Flushing: /opt/hivemq/data/persistence/retained_messages/040800_R/retained_messages_20
2025-01-29 13:25:36,141 INFO c.h.h.t.OperatorHelmChartContainer - [local-hivemq-1] [hivemq] [4c1b9b32] DEBUG - Flushing: /opt/hivemq/data/persistence/retained_messages/040800_R/retained_messages_21
2025-01-29 13:25:36,141 INFO c.h.h.t.OperatorHelmChartContainer - [local-hivemq-1] [hivemq] [4c1b9b32] DEBUG - Flushing: /opt/hivemq/data/persistence/retained_messages/040800_R/retained_messages_22
2025-01-29 13:25:36,141 INFO c.h.h.t.OperatorHelmChartContainer - [local-hivemq-1] [hivemq] [4c1b9b32] DEBUG - Flushing: /opt/hivemq/data/persistence/retained_messages/040800_R/retained_messages_23
2025-01-29 13:25:36,142 INFO c.h.h.t.OperatorHelmChartContainer - [local-hivemq-1] [hivemq] [4c1b9b32] DEBUG - Flushing: /opt/hivemq/data/persistence/retained_messages/040800_R/retained_messages_24
2025-01-29 13:25:36,142 INFO c.h.h.t.OperatorHelmChartContainer - [local-hivemq-1] [hivemq] [4c1b9b32] DEBUG - Flushing: /opt/hivemq/data/persistence/retained_messages/040800_R/retained_messages_25
2025-01-29 13:25:36,142 INFO c.h.h.t.OperatorHelmChartContainer - [local-hivemq-1] [hivemq] [4c1b9b32] DEBUG - Flushing: /opt/hivemq/data/persistence/retained_messages/040800_R/retained_messages_26
2025-01-29 13:25:36,142 INFO c.h.h.t.OperatorHelmChartContainer - [local-hivemq-1] [hivemq] [4c1b9b32] DEBUG - Flushing: /opt/hivemq/data/persistence/retained_messages/040800_R/retained_messages_27
2025-01-29 13:25:36,142 INFO c.h.h.t.OperatorHelmChartContainer - [local-hivemq-1] [hivemq] [4c1b9b32] DEBUG - Flushing: /opt/hivemq/data/persistence/retained_messages/040800_R/retained_messages_28
2025-01-29 13:25:36,142 INFO c.h.h.t.OperatorHelmChartContainer - [local-hivemq-1] [hivemq] [4c1b9b32] DEBUG - Flushing: /opt/hivemq/data/persistence/retained_messages/040800_R/retained_messages_29
2025-01-29 13:25:36,142 INFO c.h.h.t.OperatorHelmChartContainer - [local-hivemq-1] [hivemq] [4c1b9b32] DEBUG - Flushing: /opt/hivemq/data/persistence/retained_messages/040800_R/retained_messages_30
2025-01-29 13:25:36,142 INFO c.h.h.t.OperatorHelmChartContainer - [local-hivemq-1] [hivemq] [4c1b9b32] DEBUG - Flushing: /opt/hivemq/data/persistence/retained_messages/040800_R/retained_messages_31
2025-01-29 13:25:36,142 INFO c.h.h.t.OperatorHelmChartContainer - [local-hivemq-1] [hivemq] [4c1b9b32] DEBUG - Flushing: /opt/hivemq/data/persistence/retained_messages/040800_R/retained_messages_32
2025-01-29 13:25:36,142 INFO c.h.h.t.OperatorHelmChartContainer - [local-hivemq-1] [hivemq] [4c1b9b32] DEBUG - Flushing: /opt/hivemq/data/persistence/retained_messages/040800_R/retained_messages_33
2025-01-29 13:25:36,142 INFO c.h.h.t.OperatorHelmChartContainer - [local-hivemq-1] [hivemq] [4c1b9b32] DEBUG - Flushing: /opt/hivemq/data/persistence/retained_messages/040800_R/retained_messages_35
2025-01-29 13:25:36,142 INFO c.h.h.t.OperatorHelmChartContainer - [local-hivemq-1] [hivemq] [4c1b9b32] DEBUG - Flushing: /opt/hivemq/data/persistence/retained_messages/040800_R/retained_messages_34
2025-01-29 13:25:36,142 INFO c.h.h.t.OperatorHelmChartContainer - [local-hivemq-1] [hivemq] [4c1b9b32] DEBUG - Flushing: /opt/hivemq/data/persistence/retained_messages/040800_R/retained_messages_36
2025-01-29 13:25:36,142 INFO c.h.h.t.OperatorHelmChartContainer - [local-hivemq-1] [hivemq] [4c1b9b32] DEBUG - Flushing: /opt/hivemq/data/persistence/retained_messages/040800_R/retained_messages_37
2025-01-29 13:25:36,142 INFO c.h.h.t.OperatorHelmChartContainer - [local-hivemq-1] [hivemq] [4c1b9b32] DEBUG - Flushing: /opt/hivemq/data/persistence/retained_messages/040800_R/retained_messages_39
2025-01-29 13:25:36,142 INFO c.h.h.t.OperatorHelmChartContainer - [local-hivemq-1] [hivemq] [4c1b9b32] DEBUG - Flushing: /opt/hivemq/data/persistence/retained_messages/040800_R/retained_messages_38
2025-01-29 13:25:36,142 INFO c.h.h.t.OperatorHelmChartContainer - [local-hivemq-1] [hivemq] [4c1b9b32] DEBUG - Flushing: /opt/hivemq/data/persistence/retained_messages/040800_R/retained_messages_40
2025-01-29 13:25:36,142 INFO c.h.h.t.OperatorHelmChartContainer - [local-hivemq-1] [hivemq] [4c1b9b32] DEBUG - Flushing: /opt/hivemq/data/persistence/retained_messages/040800_R/retained_messages_41
2025-01-29 13:25:36,142 INFO c.h.h.t.OperatorHelmChartContainer - [local-hivemq-1] [hivemq] [4c1b9b32] DEBUG - Flushing: /opt/hivemq/data/persistence/retained_messages/040800_R/retained_messages_42
2025-01-29 13:25:36,142 INFO c.h.h.t.OperatorHelmChartContainer - [local-hivemq-1] [hivemq] [4c1b9b32] DEBUG - Flushing: /opt/hivemq/data/persistence/retained_messages/040800_R/retained_messages_43
2025-01-29 13:25:36,142 INFO c.h.h.t.OperatorHelmChartContainer - [local-hivemq-1] [hivemq] [4c1b9b32] DEBUG - Flushing: /opt/hivemq/data/persistence/retained_messages/040800_R/retained_messages_44
2025-01-29 13:25:36,142 INFO c.h.h.t.OperatorHelmChartContainer - [local-hivemq-1] [hivemq] [4c1b9b32] DEBUG - Flushing: /opt/hivemq/data/persistence/retained_messages/040800_R/retained_messages_45
2025-01-29 13:25:36,142 INFO c.h.h.t.OperatorHelmChartContainer - [local-hivemq-1] [hivemq] [4c1b9b32] DEBUG - Flushing: /opt/hivemq/data/persistence/retained_messages/040800_R/retained_messages_46
2025-01-29 13:25:36,142 INFO c.h.h.t.OperatorHelmChartContainer - [local-hivemq-1] [hivemq] [4c1b9b32] DEBUG - Flushing: /opt/hivemq/data/persistence/retained_messages/040800_R/retained_messages_47
2025-01-29 13:25:36,142 INFO c.h.h.t.OperatorHelmChartContainer - [local-hivemq-1] [hivemq] [4c1b9b32] DEBUG - Flushing: /opt/hivemq/data/persistence/retained_messages/040800_R/retained_messages_48
2025-01-29 13:25:36,142 INFO c.h.h.t.OperatorHelmChartContainer - [local-hivemq-1] [hivemq] [4c1b9b32] DEBUG - Flushing: /opt/hivemq/data/persistence/retained_messages/040800_R/retained_messages_49
2025-01-29 13:25:36,142 INFO c.h.h.t.OperatorHelmChartContainer - [local-hivemq-1] [hivemq] [4c1b9b32] DEBUG - Flushing: /opt/hivemq/data/persistence/retained_messages/040800_R/retained_messages_51
2025-01-29 13:25:36,142 INFO c.h.h.t.OperatorHelmChartContainer - [local-hivemq-1] [hivemq] [4c1b9b32] DEBUG - Flushing: /opt/hivemq/data/persistence/retained_messages/040800_R/retained_messages_50
2025-01-29 13:25:36,142 INFO c.h.h.t.OperatorHelmChartContainer - [local-hivemq-1] [hivemq] [4c1b9b32] DEBUG - Flushing: /opt/hivemq/data/persistence/retained_messages/040800_R/retained_messages_52
2025-01-29 13:25:36,142 INFO c.h.h.t.OperatorHelmChartContainer - [local-hivemq-1] [hivemq] [4c1b9b32] DEBUG - Flushing: /opt/hivemq/data/persistence/retained_messages/040800_R/retained_messages_53
2025-01-29 13:25:36,142 INFO c.h.h.t.OperatorHelmChartContainer - [local-hivemq-1] [hivemq] [4c1b9b32] DEBUG - Flushing: /opt/hivemq/data/persistence/retained_messages/040800_R/retained_messages_54
2025-01-29 13:25:36,142 INFO c.h.h.t.OperatorHelmChartContainer - [local-hivemq-1] [hivemq] [4c1b9b32] DEBUG - Flushing: /opt/hivemq/data/persistence/retained_messages/040800_R/retained_messages_55
2025-01-29 13:25:36,142 INFO c.h.h.t.OperatorHelmChartContainer - [local-hivemq-1] [hivemq] [4c1b9b32] DEBUG - Flushing: /opt/hivemq/data/persistence/retained_messages/040800_R/retained_messages_56
2025-01-29 13:25:36,142 INFO c.h.h.t.OperatorHelmChartContainer - [local-hivemq-1] [hivemq] [4c1b9b32] DEBUG - Flushing: /opt/hivemq/data/persistence/retained_messages/040800_R/retained_messages_57
2025-01-29 13:25:36,142 INFO c.h.h.t.OperatorHelmChartContainer - [local-hivemq-1] [hivemq] [4c1b9b32] DEBUG - Flushing: /opt/hivemq/data/persistence/retained_messages/040800_R/retained_messages_59
2025-01-29 13:25:36,142 INFO c.h.h.t.OperatorHelmChartContainer - [local-hivemq-1] [hivemq] [4c1b9b32] DEBUG - Flushing: /opt/hivemq/data/persistence/retained_messages/040800_R/retained_messages_58
2025-01-29 13:25:36,142 INFO c.h.h.t.OperatorHelmChartContainer - [local-hivemq-1] [hivemq] [4c1b9b32] DEBUG - Flushing: /opt/hivemq/data/persistence/retained_messages/040800_R/retained_messages_60
2025-01-29 13:25:36,142 INFO c.h.h.t.OperatorHelmChartContainer - [local-hivemq-1] [hivemq] [4c1b9b32] DEBUG - Flushing: /opt/hivemq/data/persistence/retained_messages/040800_R/retained_messages_61
2025-01-29 13:25:36,142 INFO c.h.h.t.OperatorHelmChartContainer - [local-hivemq-1] [hivemq] [4c1b9b32] DEBUG - Flushing: /opt/hivemq/data/persistence/retained_messages/040800_R/retained_messages_63
2025-01-29 13:25:36,142 INFO c.h.h.t.OperatorHelmChartContainer - [local-hivemq-1] [hivemq] [4c1b9b32] DEBUG - Flushing: /opt/hivemq/data/persistence/retained_messages/040800_R/retained_messages_62
2025-01-29 13:25:36,142 INFO c.h.h.t.OperatorHelmChartContainer - [local-hivemq-1] [hivemq] [4c1b9b32] DEBUG - Flushing: /opt/hivemq/data/persistence/attribute/043100_R/attribute_0
2025-01-29 13:25:36,142 INFO c.h.h.t.OperatorHelmChartContainer - [local-hivemq-1] [hivemq] [4c1b9b32] DEBUG - Flushing: /opt/hivemq/data/persistence/attribute/043100_R/attribute_1
2025-01-29 13:25:36,142 INFO c.h.h.t.OperatorHelmChartContainer - [local-hivemq-1] [hivemq] [4c1b9b32] DEBUG - Flushing: /opt/hivemq/data/persistence/attribute/043100_R/attribute_2
2025-01-29 13:25:36,142 INFO c.h.h.t.OperatorHelmChartContainer - [local-hivemq-1] [hivemq] [4c1b9b32] DEBUG - Flushing: /opt/hivemq/data/persistence/attribute/043100_R/attribute_3
2025-01-29 13:25:36,142 INFO c.h.h.t.OperatorHelmChartContainer - [local-hivemq-1] [hivemq] [4c1b9b32] DEBUG - Flushing: /opt/hivemq/data/persistence/attribute/043100_R/attribute_4
2025-01-29 13:25:36,142 INFO c.h.h.t.OperatorHelmChartContainer - [local-hivemq-1] [hivemq] [4c1b9b32] DEBUG - Flushing: /opt/hivemq/data/persistence/attribute/043100_R/attribute_5
2025-01-29 13:25:36,142 INFO c.h.h.t.OperatorHelmChartContainer - [local-hivemq-1] [hivemq] [4c1b9b32] DEBUG - Flushing: /opt/hivemq/data/persistence/attribute/043100_R/attribute_7
2025-01-29 13:25:36,142 INFO c.h.h.t.OperatorHelmChartContainer - [local-hivemq-1] [hivemq] [4c1b9b32] DEBUG - Flushing: /opt/hivemq/data/persistence/attribute/043100_R/attribute_6
2025-01-29 13:25:36,142 INFO c.h.h.t.OperatorHelmChartContainer - [local-hivemq-1] [hivemq] [4c1b9b32] DEBUG - Flushing: /opt/hivemq/data/persistence/attribute/043100_R/attribute_8
2025-01-29 13:25:36,142 INFO c.h.h.t.OperatorHelmChartContainer - [local-hivemq-1] [hivemq] [4c1b9b32] DEBUG - Flushing: /opt/hivemq/data/persistence/attribute/043100_R/attribute_9
2025-01-29 13:25:36,142 INFO c.h.h.t.OperatorHelmChartContainer - [local-hivemq-1] [hivemq] [4c1b9b32] DEBUG - Flushing: /opt/hivemq/data/persistence/attribute/043100_R/attribute_10
2025-01-29 13:25:36,142 INFO c.h.h.t.OperatorHelmChartContainer - [local-hivemq-1] [hivemq] [4c1b9b32] DEBUG - Flushing: /opt/hivemq/data/persistence/attribute/043100_R/attribute_11
2025-01-29 13:25:36,142 INFO c.h.h.t.OperatorHelmChartContainer - [local-hivemq-1] [hivemq] [4c1b9b32] DEBUG - Flushing: /opt/hivemq/data/persistence/attribute/043100_R/attribute_12
2025-01-29 13:25:36,142 INFO c.h.h.t.OperatorHelmChartContainer - [local-hivemq-1] [hivemq] [4c1b9b32] DEBUG - Flushing: /opt/hivemq/data/persistence/attribute/043100_R/attribute_14
2025-01-29 13:25:36,142 INFO c.h.h.t.OperatorHelmChartContainer - [local-hivemq-1] [hivemq] [4c1b9b32] DEBUG - Flushing: /opt/hivemq/data/persistence/attribute/043100_R/attribute_13
2025-01-29 13:25:36,142 INFO c.h.h.t.OperatorHelmChartContainer - [local-hivemq-1] [hivemq] [4c1b9b32] DEBUG - Flushing: /opt/hivemq/data/persistence/attribute/043100_R/attribute_16
2025-01-29 13:25:36,142 INFO c.h.h.t.OperatorHelmChartContainer - [local-hivemq-1] [hivemq] [4c1b9b32] DEBUG - Flushing: /opt/hivemq/data/persistence/attribute/043100_R/attribute_15
2025-01-29 13:25:36,142 INFO c.h.h.t.OperatorHelmChartContainer - [local-hivemq-1] [hivemq] [4c1b9b32] DEBUG - Flushing: /opt/hivemq/data/persistence/attribute/043100_R/attribute_17
2025-01-29 13:25:36,142 INFO c.h.h.t.OperatorHelmChartContainer - [local-hivemq-1] [hivemq] [4c1b9b32] DEBUG - Flushing: /opt/hivemq/data/persistence/attribute/043100_R/attribute_19
2025-01-29 13:25:36,142 INFO c.h.h.t.OperatorHelmChartContainer - [local-hivemq-1] [hivemq] [4c1b9b32] DEBUG - Flushing: /opt/hivemq/data/persistence/attribute/043100_R/attribute_18
2025-01-29 13:25:36,142 INFO c.h.h.t.OperatorHelmChartContainer - [local-hivemq-1] [hivemq] [4c1b9b32] DEBUG - Flushing: /opt/hivemq/data/persistence/attribute/043100_R/attribute_20
2025-01-29 13:25:36,142 INFO c.h.h.t.OperatorHelmChartContainer - [local-hivemq-1] [hivemq] [4c1b9b32] DEBUG - Flushing: /opt/hivemq/data/persistence/attribute/043100_R/attribute_23
2025-01-29 13:25:36,142 INFO c.h.h.t.OperatorHelmChartContainer - [local-hivemq-1] [hivemq] [4c1b9b32] DEBUG - Flushing: /opt/hivemq/data/persistence/attribute/043100_R/attribute_21
2025-01-29 13:25:36,142 INFO c.h.h.t.OperatorHelmChartContainer - [local-hivemq-1] [hivemq] [4c1b9b32] DEBUG - Flushing: /opt/hivemq/data/persistence/attribute/043100_R/attribute_22
2025-01-29 13:25:36,142 INFO c.h.h.t.OperatorHelmChartContainer - [local-hivemq-1] [hivemq] [4c1b9b32] DEBUG - Flushing: /opt/hivemq/data/persistence/attribute/043100_R/attribute_24
2025-01-29 13:25:36,142 INFO c.h.h.t.OperatorHelmChartContainer - [local-hivemq-1] [hivemq] [4c1b9b32] DEBUG - Flushing: /opt/hivemq/data/persistence/attribute/043100_R/attribute_25
2025-01-29 13:25:36,142 INFO c.h.h.t.OperatorHelmChartContainer - [local-hivemq-1] [hivemq] [4c1b9b32] DEBUG - Flushing: /opt/hivemq/data/persistence/attribute/043100_R/attribute_26
2025-01-29 13:25:36,142 INFO c.h.h.t.OperatorHelmChartContainer - [local-hivemq-1] [hivemq] [4c1b9b32] DEBUG - Flushing: /opt/hivemq/data/persistence/attribute/043100_R/attribute_27
2025-01-29 13:25:36,142 INFO c.h.h.t.OperatorHelmChartContainer - [local-hivemq-1] [hivemq] [4c1b9b32] DEBUG - Flushing: /opt/hivemq/data/persistence/attribute/043100_R/attribute_29
2025-01-29 13:25:36,142 INFO c.h.h.t.OperatorHelmChartContainer - [local-hivemq-1] [hivemq] [4c1b9b32] DEBUG - Flushing: /opt/hivemq/data/persistence/attribute/043100_R/attribute_28
2025-01-29 13:25:36,142 INFO c.h.h.t.OperatorHelmChartContainer - [local-hivemq-1] [hivemq] [4c1b9b32] DEBUG - Flushing: /opt/hivemq/data/persistence/attribute/043100_R/attribute_30
2025-01-29 13:25:36,142 INFO c.h.h.t.OperatorHelmChartContainer - [local-hivemq-1] [hivemq] [4c1b9b32] DEBUG - Flushing: /opt/hivemq/data/persistence/attribute/043100_R/attribute_31
2025-01-29 13:25:36,142 INFO c.h.h.t.OperatorHelmChartContainer - [local-hivemq-1] [hivemq] [4c1b9b32] DEBUG - Flushing: /opt/hivemq/data/persistence/attribute/043100_R/attribute_32
2025-01-29 13:25:36,144 INFO c.h.h.t.OperatorHelmChartContainer - [local-hivemq-1] [hivemq] [4c1b9b32] DEBUG - Flushing: /opt/hivemq/data/persistence/attribute/043100_R/attribute_33
2025-01-29 13:25:36,144 INFO c.h.h.t.OperatorHelmChartContainer - [local-hivemq-1] [hivemq] [4c1b9b32] DEBUG - Flushing: /opt/hivemq/data/persistence/attribute/043100_R/attribute_34
2025-01-29 13:25:36,144 INFO c.h.h.t.OperatorHelmChartContainer - [local-hivemq-1] [hivemq] [4c1b9b32] DEBUG - Flushing: /opt/hivemq/data/persistence/attribute/043100_R/attribute_36
2025-01-29 13:25:36,144 INFO c.h.h.t.OperatorHelmChartContainer - [local-hivemq-1] [hivemq] [4c1b9b32] DEBUG - Flushing: /opt/hivemq/data/persistence/attribute/043100_R/attribute_35
2025-01-29 13:25:36,144 INFO c.h.h.t.OperatorHelmChartContainer - [local-hivemq-1] [hivemq] [4c1b9b32] DEBUG - Flushing: /opt/hivemq/data/persistence/attribute/043100_R/attribute_37
2025-01-29 13:25:36,144 INFO c.h.h.t.OperatorHelmChartContainer - [local-hivemq-1] [hivemq] [4c1b9b32] DEBUG - Flushing: /opt/hivemq/data/persistence/attribute/043100_R/attribute_38
2025-01-29 13:25:36,144 INFO c.h.h.t.OperatorHelmChartContainer - [local-hivemq-1] [hivemq] [4c1b9b32] DEBUG - Flushing: /opt/hivemq/data/persistence/attribute/043100_R/attribute_39
2025-01-29 13:25:36,144 INFO c.h.h.t.OperatorHelmChartContainer - [local-hivemq-1] [hivemq] [4c1b9b32] DEBUG - Flushing: /opt/hivemq/data/persistence/attribute/043100_R/attribute_40
2025-01-29 13:25:36,144 INFO c.h.h.t.OperatorHelmChartContainer - [local-hivemq-1] [hivemq] [4c1b9b32] DEBUG - Flushing: /opt/hivemq/data/persistence/attribute/043100_R/attribute_41
2025-01-29 13:25:36,144 INFO c.h.h.t.OperatorHelmChartContainer - [local-hivemq-1] [hivemq] [4c1b9b32] DEBUG - Flushing: /opt/hivemq/data/persistence/attribute/043100_R/attribute_43
2025-01-29 13:25:36,144 INFO c.h.h.t.OperatorHelmChartContainer - [local-hivemq-1] [hivemq] [4c1b9b32] DEBUG - Flushing: /opt/hivemq/data/persistence/attribute/043100_R/attribute_42
2025-01-29 13:25:36,144 INFO c.h.h.t.OperatorHelmChartContainer - [local-hivemq-1] [hivemq] [4c1b9b32] DEBUG - Flushing: /opt/hivemq/data/persistence/attribute/043100_R/attribute_44
2025-01-29 13:25:36,144 INFO c.h.h.t.OperatorHelmChartContainer - [local-hivemq-1] [hivemq] [4c1b9b32] DEBUG - Flushing: /opt/hivemq/data/persistence/attribute/043100_R/attribute_45
2025-01-29 13:25:36,144 INFO c.h.h.t.OperatorHelmChartContainer - [local-hivemq-1] [hivemq] [4c1b9b32] DEBUG - Flushing: /opt/hivemq/data/persistence/attribute/043100_R/attribute_46
2025-01-29 13:25:36,144 INFO c.h.h.t.OperatorHelmChartContainer - [local-hivemq-1] [hivemq] [4c1b9b32] DEBUG - Flushing: /opt/hivemq/data/persistence/attribute/043100_R/attribute_47
2025-01-29 13:25:36,144 INFO c.h.h.t.OperatorHelmChartContainer - [local-hivemq-1] [hivemq] [4c1b9b32] DEBUG - Flushing: /opt/hivemq/data/persistence/attribute/043100_R/attribute_48
2025-01-29 13:25:36,144 INFO c.h.h.t.OperatorHelmChartContainer - [local-hivemq-1] [hivemq] [4c1b9b32] DEBUG - Flushing: /opt/hivemq/data/persistence/attribute/043100_R/attribute_49
2025-01-29 13:25:36,144 INFO c.h.h.t.OperatorHelmChartContainer - [local-hivemq-1] [hivemq] [4c1b9b32] DEBUG - Flushing: /opt/hivemq/data/persistence/attribute/043100_R/attribute_50
2025-01-29 13:25:36,167 INFO c.h.h.t.OperatorHelmChartContainer - [local-hivemq-1] [hivemq] [4c1b9b32] DEBUG - Flushing: /opt/hivemq/data/persistence/attribute/043100_R/attribute_51
2025-01-29 13:25:36,168 INFO c.h.h.t.OperatorHelmChartContainer - [local-hivemq-1] [hivemq] [4c1b9b32] DEBUG - Flushing: /opt/hivemq/data/persistence/attribute/043100_R/attribute_52
2025-01-29 13:25:36,168 INFO c.h.h.t.OperatorHelmChartContainer - [local-hivemq-1] [hivemq] [4c1b9b32] DEBUG - Flushing: /opt/hivemq/data/persistence/attribute/043100_R/attribute_53
2025-01-29 13:25:36,168 INFO c.h.h.t.OperatorHelmChartContainer - [local-hivemq-1] [hivemq] [4c1b9b32] DEBUG - Flushing: /opt/hivemq/data/persistence/attribute/043100_R/attribute_54
2025-01-29 13:25:36,168 INFO c.h.h.t.OperatorHelmChartContainer - [local-hivemq-1] [hivemq] [4c1b9b32] DEBUG - Flushing: /opt/hivemq/data/persistence/attribute/043100_R/attribute_55
2025-01-29 13:25:36,168 INFO c.h.h.t.OperatorHelmChartContainer - [local-hivemq-1] [hivemq] [4c1b9b32] DEBUG - Flushing: /opt/hivemq/data/persistence/attribute/043100_R/attribute_57
2025-01-29 13:25:36,168 INFO c.h.h.t.OperatorHelmChartContainer - [local-hivemq-1] [hivemq] [4c1b9b32] DEBUG - Flushing: /opt/hivemq/data/persistence/attribute/043100_R/attribute_56
2025-01-29 13:25:36,168 INFO c.h.h.t.OperatorHelmChartContainer - [local-hivemq-1] [hivemq] [4c1b9b32] DEBUG - Flushing: /opt/hivemq/data/persistence/attribute/043100_R/attribute_58
2025-01-29 13:25:36,168 INFO c.h.h.t.OperatorHelmChartContainer - [local-hivemq-1] [hivemq] [4c1b9b32] DEBUG - Flushing: /opt/hivemq/data/persistence/attribute/043100_R/attribute_59
2025-01-29 13:25:36,168 INFO c.h.h.t.OperatorHelmChartContainer - [local-hivemq-1] [hivemq] [4c1b9b32] DEBUG - Flushing: /opt/hivemq/data/persistence/attribute/043100_R/attribute_60
2025-01-29 13:25:36,169 INFO c.h.h.t.OperatorHelmChartContainer - [local-hivemq-1] [hivemq] [4c1b9b32] DEBUG - Flushing: /opt/hivemq/data/persistence/attribute/043100_R/attribute_61
2025-01-29 13:25:36,169 INFO c.h.h.t.OperatorHelmChartContainer - [local-hivemq-1] [hivemq] [4c1b9b32] DEBUG - Flushing: /opt/hivemq/data/persistence/incoming_message_flow/043000_R/incoming_message_flow_1
2025-01-29 13:25:36,169 INFO c.h.h.t.OperatorHelmChartContainer - [local-hivemq-1] [hivemq] [4c1b9b32] DEBUG - Flushing: /opt/hivemq/data/persistence/attribute/043100_R/attribute_62
2025-01-29 13:25:36,169 INFO c.h.h.t.OperatorHelmChartContainer - [local-hivemq-1] [hivemq] [4c1b9b32] DEBUG - Flushing: /opt/hivemq/data/persistence/attribute/043100_R/attribute_63
2025-01-29 13:25:36,169 INFO c.h.h.t.OperatorHelmChartContainer - [local-hivemq-1] [hivemq] [4c1b9b32] DEBUG - Flushing: /opt/hivemq/data/persistence/incoming_message_flow/043000_R/incoming_message_flow_0
2025-01-29 13:25:36,169 INFO c.h.h.t.OperatorHelmChartContainer - [local-hivemq-1] [hivemq] [4c1b9b32] DEBUG - Flushing: /opt/hivemq/data/persistence/incoming_message_flow/043000_R/incoming_message_flow_2
2025-01-29 13:25:36,169 INFO c.h.h.t.OperatorHelmChartContainer - [local-hivemq-1] [hivemq] [4c1b9b32] DEBUG - Flushing: /opt/hivemq/data/persistence/incoming_message_flow/043000_R/incoming_message_flow_4
2025-01-29 13:25:36,169 INFO c.h.h.t.OperatorHelmChartContainer - [local-hivemq-1] [hivemq] [4c1b9b32] DEBUG - Flushing: /opt/hivemq/data/persistence/incoming_message_flow/043000_R/incoming_message_flow_3
2025-01-29 13:25:36,169 INFO c.h.h.t.OperatorHelmChartContainer - [local-hivemq-1] [hivemq] [4c1b9b32] DEBUG - Flushing: /opt/hivemq/data/persistence/incoming_message_flow/043000_R/incoming_message_flow_5
2025-01-29 13:25:36,169 INFO c.h.h.t.OperatorHelmChartContainer - [local-hivemq-1] [hivemq] [4c1b9b32] DEBUG - Flushing: /opt/hivemq/data/persistence/incoming_message_flow/043000_R/incoming_message_flow_6
2025-01-29 13:25:36,169 INFO c.h.h.t.OperatorHelmChartContainer - [local-hivemq-1] [hivemq] [4c1b9b32] DEBUG - Flushing: /opt/hivemq/data/persistence/incoming_message_flow/043000_R/incoming_message_flow_7
2025-01-29 13:25:36,172 INFO c.h.h.t.OperatorHelmChartContainer - [local-hivemq-1] [hivemq] [4c1b9b32] DEBUG - Flushing: /opt/hivemq/data/persistence/incoming_message_flow/043000_R/incoming_message_flow_8
2025-01-29 13:25:36,172 INFO c.h.h.t.OperatorHelmChartContainer - [local-hivemq-1] [hivemq] [4c1b9b32] DEBUG - Flushing: /opt/hivemq/data/persistence/incoming_message_flow/043000_R/incoming_message_flow_9
2025-01-29 13:25:36,172 INFO c.h.h.t.OperatorHelmChartContainer - [local-hivemq-1] [hivemq] [4c1b9b32] DEBUG - Flushing: /opt/hivemq/data/persistence/incoming_message_flow/043000_R/incoming_message_flow_10
2025-01-29 13:25:36,172 INFO c.h.h.t.OperatorHelmChartContainer - [local-hivemq-1] [hivemq] [4c1b9b32] DEBUG - Flushing: /opt/hivemq/data/persistence/incoming_message_flow/043000_R/incoming_message_flow_11
2025-01-29 13:25:36,172 INFO c.h.h.t.OperatorHelmChartContainer - [local-hivemq-1] [hivemq] [4c1b9b32] DEBUG - Flushing: /opt/hivemq/data/persistence/incoming_message_flow/043000_R/incoming_message_flow_12
2025-01-29 13:25:36,172 INFO c.h.h.t.OperatorHelmChartContainer - [local-hivemq-1] [hivemq] [4c1b9b32] DEBUG - Flushing: /opt/hivemq/data/persistence/incoming_message_flow/043000_R/incoming_message_flow_13
2025-01-29 13:25:36,172 INFO c.h.h.t.OperatorHelmChartContainer - [local-hivemq-1] [hivemq] [4c1b9b32] DEBUG - Flushing: /opt/hivemq/data/persistence/incoming_message_flow/043000_R/incoming_message_flow_14
2025-01-29 13:25:36,172 INFO c.h.h.t.OperatorHelmChartContainer - [local-hivemq-1] [hivemq] [4c1b9b32] DEBUG - Flushing: /opt/hivemq/data/persistence/incoming_message_flow/043000_R/incoming_message_flow_15
2025-01-29 13:25:36,172 INFO c.h.h.t.OperatorHelmChartContainer - [local-hivemq-1] [hivemq] [4c1b9b32] DEBUG - Flushing: /opt/hivemq/data/persistence/incoming_message_flow/043000_R/incoming_message_flow_16
2025-01-29 13:25:36,172 INFO c.h.h.t.OperatorHelmChartContainer - [local-hivemq-1] [hivemq] [4c1b9b32] DEBUG - Flushing: /opt/hivemq/data/persistence/incoming_message_flow/043000_R/incoming_message_flow_17
2025-01-29 13:25:36,172 INFO c.h.h.t.OperatorHelmChartContainer - [local-hivemq-1] [hivemq] [4c1b9b32] DEBUG - Flushing: /opt/hivemq/data/persistence/incoming_message_flow/043000_R/incoming_message_flow_18
2025-01-29 13:25:36,172 INFO c.h.h.t.OperatorHelmChartContainer - [local-hivemq-1] [hivemq] [4c1b9b32] DEBUG - Flushing: /opt/hivemq/data/persistence/incoming_message_flow/043000_R/incoming_message_flow_19
2025-01-29 13:25:36,172 INFO c.h.h.t.OperatorHelmChartContainer - [local-hivemq-1] [hivemq] [4c1b9b32] DEBUG - Flushing: /opt/hivemq/data/persistence/incoming_message_flow/043000_R/incoming_message_flow_20
2025-01-29 13:25:36,172 INFO c.h.h.t.OperatorHelmChartContainer - [local-hivemq-1] [hivemq] [4c1b9b32] DEBUG - Flushing: /opt/hivemq/data/persistence/incoming_message_flow/043000_R/incoming_message_flow_23
2025-01-29 13:25:36,172 INFO c.h.h.t.OperatorHelmChartContainer - [local-hivemq-1] [hivemq] [4c1b9b32] DEBUG - Flushing: /opt/hivemq/data/persistence/incoming_message_flow/043000_R/incoming_message_flow_21
2025-01-29 13:25:36,172 INFO c.h.h.t.OperatorHelmChartContainer - [local-hivemq-1] [hivemq] [4c1b9b32] DEBUG - Flushing: /opt/hivemq/data/persistence/incoming_message_flow/043000_R/incoming_message_flow_22
2025-01-29 13:25:36,172 INFO c.h.h.t.OperatorHelmChartContainer - [local-hivemq-1] [hivemq] [4c1b9b32] DEBUG - Flushing: /opt/hivemq/data/persistence/incoming_message_flow/043000_R/incoming_message_flow_24
2025-01-29 13:25:36,172 INFO c.h.h.t.OperatorHelmChartContainer - [local-hivemq-1] [hivemq] [4c1b9b32] DEBUG - Flushing: /opt/hivemq/data/persistence/incoming_message_flow/043000_R/incoming_message_flow_25
2025-01-29 13:25:36,172 INFO c.h.h.t.OperatorHelmChartContainer - [local-hivemq-1] [hivemq] [4c1b9b32] DEBUG - Flushing: /opt/hivemq/data/persistence/incoming_message_flow/043000_R/incoming_message_flow_26
2025-01-29 13:25:36,172 INFO c.h.h.t.OperatorHelmChartContainer - [local-hivemq-1] [hivemq] [4c1b9b32] DEBUG - Flushing: /opt/hivemq/data/persistence/incoming_message_flow/043000_R/incoming_message_flow_27
2025-01-29 13:25:36,172 INFO c.h.h.t.OperatorHelmChartContainer - [local-hivemq-1] [hivemq] [4c1b9b32] DEBUG - Flushing: /opt/hivemq/data/persistence/incoming_message_flow/043000_R/incoming_message_flow_28
2025-01-29 13:25:36,172 INFO c.h.h.t.OperatorHelmChartContainer - [local-hivemq-1] [hivemq] [4c1b9b32] DEBUG - Flushing: /opt/hivemq/data/persistence/incoming_message_flow/043000_R/incoming_message_flow_30
2025-01-29 13:25:36,172 INFO c.h.h.t.OperatorHelmChartContainer - [local-hivemq-1] [hivemq] [4c1b9b32] DEBUG - Flushing: /opt/hivemq/data/persistence/incoming_message_flow/043000_R/incoming_message_flow_29
2025-01-29 13:25:36,172 INFO c.h.h.t.OperatorHelmChartContainer - [local-hivemq-1] [hivemq] [4c1b9b32] DEBUG - Flushing: /opt/hivemq/data/persistence/incoming_message_flow/043000_R/incoming_message_flow_31
2025-01-29 13:25:36,172 INFO c.h.h.t.OperatorHelmChartContainer - [local-hivemq-1] [hivemq] [4c1b9b32] DEBUG - Flushing: /opt/hivemq/data/persistence/incoming_message_flow/043000_R/incoming_message_flow_32
2025-01-29 13:25:36,172 INFO c.h.h.t.OperatorHelmChartContainer - [local-hivemq-1] [hivemq] [4c1b9b32] DEBUG - Flushing: /opt/hivemq/data/persistence/incoming_message_flow/043000_R/incoming_message_flow_34
2025-01-29 13:25:36,172 INFO c.h.h.t.OperatorHelmChartContainer - [local-hivemq-1] [hivemq] [4c1b9b32] DEBUG - Flushing: /opt/hivemq/data/persistence/incoming_message_flow/043000_R/incoming_message_flow_33
2025-01-29 13:25:36,172 INFO c.h.h.t.OperatorHelmChartContainer - [local-hivemq-1] [hivemq] [4c1b9b32] DEBUG - Flushing: /opt/hivemq/data/persistence/incoming_message_flow/043000_R/incoming_message_flow_35
2025-01-29 13:25:36,172 INFO c.h.h.t.OperatorHelmChartContainer - [local-hivemq-1] [hivemq] [4c1b9b32] DEBUG - Flushing: /opt/hivemq/data/persistence/incoming_message_flow/043000_R/incoming_message_flow_36
2025-01-29 13:25:36,172 INFO c.h.h.t.OperatorHelmChartContainer - [local-hivemq-1] [hivemq] [4c1b9b32] DEBUG - Flushing: /opt/hivemq/data/persistence/incoming_message_flow/043000_R/incoming_message_flow_37
2025-01-29 13:25:36,172 INFO c.h.h.t.OperatorHelmChartContainer - [local-hivemq-1] [hivemq] [4c1b9b32] DEBUG - Flushing: /opt/hivemq/data/persistence/incoming_message_flow/043000_R/incoming_message_flow_38
2025-01-29 13:25:36,172 INFO c.h.h.t.OperatorHelmChartContainer - [local-hivemq-1] [hivemq] [4c1b9b32] DEBUG - Flushing: /opt/hivemq/data/persistence/incoming_message_flow/043000_R/incoming_message_flow_39
2025-01-29 13:25:36,172 INFO c.h.h.t.OperatorHelmChartContainer - [local-hivemq-1] [hivemq] [4c1b9b32] DEBUG - Flushing: /opt/hivemq/data/persistence/incoming_message_flow/043000_R/incoming_message_flow_41
2025-01-29 13:25:36,172 INFO c.h.h.t.OperatorHelmChartContainer - [local-hivemq-1] [hivemq] [4c1b9b32] DEBUG - Flushing: /opt/hivemq/data/persistence/incoming_message_flow/043000_R/incoming_message_flow_40
2025-01-29 13:25:36,172 INFO c.h.h.t.OperatorHelmChartContainer - [local-hivemq-1] [hivemq] [4c1b9b32] DEBUG - Flushing: /opt/hivemq/data/persistence/incoming_message_flow/043000_R/incoming_message_flow_42
2025-01-29 13:25:36,172 INFO c.h.h.t.OperatorHelmChartContainer - [local-hivemq-1] [hivemq] [4c1b9b32] DEBUG - Flushing: /opt/hivemq/data/persistence/incoming_message_flow/043000_R/incoming_message_flow_43
2025-01-29 13:25:36,172 INFO c.h.h.t.OperatorHelmChartContainer - [local-hivemq-1] [hivemq] [4c1b9b32] DEBUG - Flushing: /opt/hivemq/data/persistence/incoming_message_flow/043000_R/incoming_message_flow_45
2025-01-29 13:25:36,172 INFO c.h.h.t.OperatorHelmChartContainer - [local-hivemq-1] [hivemq] [4c1b9b32] DEBUG - Flushing: /opt/hivemq/data/persistence/incoming_message_flow/043000_R/incoming_message_flow_44
2025-01-29 13:25:36,172 INFO c.h.h.t.OperatorHelmChartContainer - [local-hivemq-1] [hivemq] [4c1b9b32] DEBUG - Flushing: /opt/hivemq/data/persistence/incoming_message_flow/043000_R/incoming_message_flow_46
2025-01-29 13:25:36,172 INFO c.h.h.t.OperatorHelmChartContainer - [local-hivemq-1] [hivemq] [4c1b9b32] DEBUG - Flushing: /opt/hivemq/data/persistence/incoming_message_flow/043000_R/incoming_message_flow_47
2025-01-29 13:25:36,172 INFO c.h.h.t.OperatorHelmChartContainer - [local-hivemq-1] [hivemq] [4c1b9b32] DEBUG - Flushing: /opt/hivemq/data/persistence/incoming_message_flow/043000_R/incoming_message_flow_48
2025-01-29 13:25:36,172 INFO c.h.h.t.OperatorHelmChartContainer - [local-hivemq-1] [hivemq] [4c1b9b32] DEBUG - Flushing: /opt/hivemq/data/persistence/incoming_message_flow/043000_R/incoming_message_flow_49
2025-01-29 13:25:36,172 INFO c.h.h.t.OperatorHelmChartContainer - [local-hivemq-1] [hivemq] [4c1b9b32] DEBUG - Flushing: /opt/hivemq/data/persistence/incoming_message_flow/043000_R/incoming_message_flow_50
2025-01-29 13:25:36,172 INFO c.h.h.t.OperatorHelmChartContainer - [local-hivemq-1] [hivemq] [4c1b9b32] DEBUG - Flushing: /opt/hivemq/data/persistence/incoming_message_flow/043000_R/incoming_message_flow_51
2025-01-29 13:25:36,172 INFO c.h.h.t.OperatorHelmChartContainer - [local-hivemq-1] [hivemq] [4c1b9b32] DEBUG - Flushing: /opt/hivemq/data/persistence/incoming_message_flow/043000_R/incoming_message_flow_52
2025-01-29 13:25:36,173 INFO c.h.h.t.OperatorHelmChartContainer - [local-hivemq-1] [hivemq] [4c1b9b32] DEBUG - Flushing: /opt/hivemq/data/persistence/incoming_message_flow/043000_R/incoming_message_flow_53
2025-01-29 13:25:36,173 INFO c.h.h.t.OperatorHelmChartContainer - [local-hivemq-1] [hivemq] [4c1b9b32] DEBUG - Flushing: /opt/hivemq/data/persistence/incoming_message_flow/043000_R/incoming_message_flow_54
2025-01-29 13:25:36,173 INFO c.h.h.t.OperatorHelmChartContainer - [local-hivemq-1] [hivemq] [4c1b9b32] DEBUG - Flushing: /opt/hivemq/data/persistence/incoming_message_flow/043000_R/incoming_message_flow_55
2025-01-29 13:25:36,173 INFO c.h.h.t.OperatorHelmChartContainer - [local-hivemq-1] [hivemq] [4c1b9b32] DEBUG - Flushing: /opt/hivemq/data/persistence/incoming_message_flow/043000_R/incoming_message_flow_56
2025-01-29 13:25:36,173 INFO c.h.h.t.OperatorHelmChartContainer - [local-hivemq-1] [hivemq] [4c1b9b32] DEBUG - Flushing: /opt/hivemq/data/persistence/incoming_message_flow/043000_R/incoming_message_flow_57
2025-01-29 13:25:36,173 INFO c.h.h.t.OperatorHelmChartContainer - [local-hivemq-1] [hivemq] [4c1b9b32] DEBUG - Flushing: /opt/hivemq/data/persistence/incoming_message_flow/043000_R/incoming_message_flow_58
2025-01-29 13:25:36,173 INFO c.h.h.t.OperatorHelmChartContainer - [local-hivemq-1] [hivemq] [4c1b9b32] DEBUG - Flushing: /opt/hivemq/data/persistence/incoming_message_flow/043000_R/incoming_message_flow_59
2025-01-29 13:25:36,173 INFO c.h.h.t.OperatorHelmChartContainer - [local-hivemq-1] [hivemq] [4c1b9b32] DEBUG - Flushing: /opt/hivemq/data/persistence/incoming_message_flow/043000_R/incoming_message_flow_61
2025-01-29 13:25:36,173 INFO c.h.h.t.OperatorHelmChartContainer - [local-hivemq-1] [hivemq] [4c1b9b32] DEBUG - Flushing: /opt/hivemq/data/persistence/incoming_message_flow/043000_R/incoming_message_flow_60
2025-01-29 13:25:36,173 INFO c.h.h.t.OperatorHelmChartContainer - [local-hivemq-1] [hivemq] [4c1b9b32] DEBUG - Flushing: /opt/hivemq/data/persistence/incoming_message_flow/043000_R/incoming_message_flow_62
2025-01-29 13:25:36,173 INFO c.h.h.t.OperatorHelmChartContainer - [local-hivemq-1] [hivemq] [4c1b9b32] DEBUG - Flushing: /opt/hivemq/data/persistence/incoming_message_flow/043000_R/incoming_message_flow_63
2025-01-29 13:25:36,173 INFO c.h.h.t.OperatorHelmChartContainer - [local-hivemq-1] [hivemq] [4c1b9b32] DEBUG - Flushing: /opt/hivemq/data/persistence/data_hub_scripts/042300_R/data_hub_scripts_0
2025-01-29 13:25:36,173 INFO c.h.h.t.OperatorHelmChartContainer - [local-hivemq-1] [hivemq] [4c1b9b32] DEBUG - Flushing: /opt/hivemq/data/persistence/data_hub_modules/043000_R/data_hub_modules_0
2025-01-29 13:25:36,173 INFO c.h.h.t.OperatorHelmChartContainer - [local-hivemq-1] [hivemq] [4c1b9b32] DEBUG - Flushing: /opt/hivemq/data/persistence/data_hub_schemas/042000_R/data_hub_schemas_0
2025-01-29 13:25:36,173 INFO c.h.h.t.OperatorHelmChartContainer - [local-hivemq-1] [hivemq] [4c1b9b32] DEBUG - Flushing: /opt/hivemq/data/persistence/data_hub_policies/042000_R/data_hub_policies_0
2025-01-29 13:25:36,173 INFO c.h.h.t.OperatorHelmChartContainer - [local-hivemq-1] [hivemq] [4c1b9b32] DEBUG - Enabling WAL.
2025-01-29 13:25:36,173 INFO c.h.h.t.OperatorHelmChartContainer - [local-hivemq-1] [hivemq] [4c1b9b32] DEBUG - Sending RUNNING state request to qLnqd.
2025-01-29 13:25:36,207 INFO c.h.h.t.OperatorHelmChartContainer - [local-hivemq-0] [hivemq] [d5a3027a] DEBUG - Starting After-Join-Cleanup for node blJ0z.
2025-01-29 13:25:36,211 INFO c.h.h.t.OperatorHelmChartContainer - [local-hivemq-0] [hivemq] [d5a3027a] DEBUG - State of node blJ0z changed to RUNNING was JOINING. Current cluster node states: {blJ0z=RUNNING, qLnqd=RUNNING}
2025-01-29 13:25:36,211 INFO c.h.h.t.OperatorHelmChartContainer - [local-hivemq-0] [hivemq] [d5a3027a] INFO  - Cluster size = 2, members : [qLnqd, blJ0z].
2025-01-29 13:25:36,211 INFO c.h.h.t.OperatorHelmChartContainer - [local-hivemq-0] [hivemq] [d5a3027a] DEBUG - Sending RUNNING state notification for blJ0z to all nodes.
2025-01-29 13:25:36,216 INFO c.h.h.t.OperatorHelmChartContainer - [local-hivemq-1] [hivemq] [4c1b9b32] DEBUG - Starting After-Join-Cleanup for node blJ0z.
2025-01-29 13:25:36,225 INFO c.h.h.t.OperatorHelmChartContainer - [local-hivemq-1] [hivemq] [4c1b9b32] DEBUG - State of node blJ0z changed to RUNNING was JOINING. Current cluster node states: {blJ0z=RUNNING, qLnqd=RUNNING}
2025-01-29 13:25:36,225 INFO c.h.h.t.OperatorHelmChartContainer - [local-hivemq-1] [hivemq] [4c1b9b32] INFO  - Cluster size = 2, members : [qLnqd, blJ0z].
2025-01-29 13:25:36,232 INFO c.h.h.t.OperatorHelmChartContainer - [local-hivemq-0] [hivemq] [d5a3027a] DEBUG - Finished After-Join-Cleanup for node blJ0z in 24ms.
2025-01-29 13:25:36,234 INFO c.h.h.t.OperatorHelmChartContainer - [local-hivemq-1] [hivemq] [4c1b9b32] INFO  - Finished cluster join process successfully.
2025-01-29 13:25:36,237 INFO c.h.h.t.OperatorHelmChartContainer - [local-hivemq-1] [hivemq] [4c1b9b32] WARN  - No user for HiveMQ Control Center configured. Starting with default user
2025-01-29 13:25:36,238 INFO c.h.h.t.OperatorHelmChartContainer - [local-hivemq-1] [hivemq] [4c1b9b32] INFO  - Starting HiveMQ Control Center on address 0.0.0.0 and port 8080
2025-01-29 13:25:36,305 INFO c.h.h.t.OperatorHelmChartContainer - [local-hivemq-1] [hivemq] [4c1b9b32] DEBUG - Finished After-Join-Cleanup for node blJ0z in 90ms.
2025-01-29 13:25:36,415 INFO c.h.h.t.OperatorHelmChartContainer - [local-hivemq-1] [hivemq] [4c1b9b32] INFO  - Mounting HiveMQ Control Center V2 Preview
2025-01-29 13:25:37,516 INFO c.h.h.t.OperatorHelmChartContainer - [local-hivemq-1] [hivemq] [4c1b9b32] INFO  - Started HiveMQ Control Center in 1279ms
2025-01-29 13:25:37,612 INFO c.h.h.t.OperatorHelmChartContainer - [local-hivemq-1] [hivemq] [4c1b9b32] INFO  - Starting TCP listener on address 0.0.0.0 and port 1883
2025-01-29 13:25:37,705 INFO c.h.h.t.OperatorHelmChartContainer - [local-hivemq-1] [hivemq] [4c1b9b32] INFO  - Started TCP Listener on address 0.0.0.0 and on port 1883.
2025-01-29 13:25:37,705 INFO c.h.h.t.OperatorHelmChartContainer - [local-hivemq-1] [hivemq] [4c1b9b32] INFO  - Started HiveMQ in 26185ms
2025-01-29 13:25:38,805 INFO c.h.h.t.OperatorHelmChartContainer - [local-hivemq-hivemq-operator] [operator] [bf70eccb] ?[36m13:25:38.803?[0;39m ?[1;30m[pool-3-thread-12]?[0;39m ?[31mWARN ?[0;39m ?[35mc.h.operations.DeploymentOperable?[0;39m - Exception while waiting class io.fabric8.kubernetes.client.KubernetesClientTimeoutException:Timed out waiting for [45000] milliseconds for [StatefulSet] with name:[local-hivemq] in namespace [default].
2025-01-29 13:25:38,981 DEBUG com.hivemq.helmcharts.util.K8sUtil - State to compare Updating and waiting for Updating
2025-01-29 13:25:38,993 DEBUG com.hivemq.helmcharts.util.K8sUtil - State to compare Updating and waiting for Running
2025-01-29 13:25:40,775 INFO c.h.h.t.OperatorHelmChartContainer - [POD] local-hivemq-1 [4c1b9b32-2971-47bd-b6bc-5db0abbc6815] in default was MODIFIED
2025-01-29 13:25:40,983 DEBUG com.hivemq.helmcharts.util.K8sUtil - State to compare Running and waiting for Running
2025-01-29 13:25:41,026 INFO c.h.h.t.OperatorHelmChartContainer - [local-hivemq-hivemq-operator] [operator] [bf70eccb] ?[36m13:25:41.025?[0;39m ?[1;30m[pool-3-thread-12]?[0;39m ?[34mINFO ?[0;39m ?[35mcom.hivemq.Operator?[0;39m - State synchronization complete for cluster 'local-hivemq' in namespace 'default' in 47847ms
2025-01-29 13:25:41,117 INFO c.h.h.t.OperatorHelmChartContainer - Stopped log watcher for hivemq in pod local-hivemq-1 [4c1b9b32-2971-47bd-b6bc-5db0abbc6815]
2025-01-29 13:25:41,117 INFO c.h.h.t.OperatorHelmChartContainer - Stopped log watcher for operator in pod local-hivemq-hivemq-operator-operator-6b564f6db4-c7lnz [bf70eccb-22c7-4546-85c8-a11e9219055e]
2025-01-29 13:25:41,118 INFO c.h.h.t.OperatorHelmChartContainer - Stopped log watcher for hivemq in pod local-hivemq-0 [d5a3027a-efb5-4e9f-a542-a81528b97343]
2025-01-29 13:25:41,284 INFO c.h.h.t.OperatorHelmChartContainer - [K3S] 
2025-01-29 13:25:41,284 INFO c.h.h.t.OperatorHelmChartContainer - [K3S] 
]]></system-out>
  </testcase>
  <system-out><![CDATA[2025-01-29 13:23:21,635 INFO o.t.i.builder.ImageFromDockerfile - Pre-emptively checking local images for 'ubuntu:noble-20241118.1@sha256:80dd3c3b9c6cecb9f1667e9290b3bc61b78c2678c02cbdae5f0fea92cc6734ab', referenced via a Dockerfile. If not available, it will be pulled.
2025-01-29 13:23:21,635 INFO o.t.i.builder.ImageFromDockerfile - Pre-emptively checking local images for 'rancher/k3s:v1.32.1-k3s1', referenced via a Dockerfile. If not available, it will be pulled.
2025-01-29 13:23:21,637 INFO o.t.i.builder.ImageFromDockerfile - Transferred 0 bytes to Docker daemon
]]></system-out>
  <system-err><![CDATA[]]></system-err>
</testsuite>
