<?xml version="1.0" encoding="UTF-8"?>
<testsuite name="com.hivemq.helmcharts.operator.CustomOperatorNamespacesIT" tests="1" skipped="0" failures="0" errors="0" timestamp="2025-03-07T17:02:27" hostname="fv-az1693-573" time="118.383">
  <properties/>
  <testcase name="whenOperatorNamespacesIsConfigured_thenOnlyCustomResourcesInWatchedNamespacesReconciled()" classname="com.hivemq.helmcharts.operator.CustomOperatorNamespacesIT" time="118.383"/>
</testsuite>
