<?xml version="1.0" encoding="UTF-8"?>
<testsuite name="com.hivemq.helmcharts.extensions.HelmUpgradeExtensionIT" tests="2" skipped="0" failures="0" errors="0" timestamp="2025-02-06T01:50:15" hostname="fv-az789-761" time="537.33">
  <properties/>
  <testcase name="withBridgeConfiguration_enableDisableBridge()" classname="com.hivemq.helmcharts.extensions.HelmUpgradeExtensionIT" time="227.247"/>
  <testcase name="withBridgeConfiguration_updateExtensionWithNewConfig()" classname="com.hivemq.helmcharts.extensions.HelmUpgradeExtensionIT" time="310.081"/>
</testsuite>
