<?xml version="1.0" encoding="UTF-8"?>
<testsuite name="com.hivemq.helmcharts.license.HelmDataHubLicensesIT" tests="2" skipped="0" failures="0" errors="0" timestamp="2025-10-06T09:53:22" hostname="runnervmwhb2z" time="172.063">
  <properties/>
  <testcase name="withDataHubLicenseFileContent_statefulSetWithLicenseSecretMounted()" classname="com.hivemq.helmcharts.license.HelmDataHubLicensesIT" time="86.647"/>
  <testcase name="withExistingDataHubLicenseFileContent_statefulSetWithLicenseSecretMounted()" classname="com.hivemq.helmcharts.license.HelmDataHubLicensesIT" time="85.416"/>
</testsuite>
