<?xml version="1.0" encoding="UTF-8"?>
<testsuite name="com.hivemq.helmcharts.extensions.HelmDataHubIT" tests="1" skipped="0" failures="0" errors="0" timestamp="2025-03-21T11:41:45" hostname="fv-az1336-901" time="96.545">
  <properties/>
  <testcase name="withDataHubEnabled_messagesValidated()" classname="com.hivemq.helmcharts.extensions.HelmDataHubIT" time="96.545"/>
</testsuite>
