<?xml version="1.0" encoding="UTF-8"?>
<testsuite name="com.hivemq.helmcharts.monitoring.HelmMonitoringOperatorIT" tests="1" skipped="0" failures="0" errors="0" timestamp="2025-01-30T18:12:49" hostname="fv-az1440-86" time="154.745">
  <properties/>
  <testcase name="withOperatorMonitoringEnabled_metricsAndDashboardAvailable()" classname="com.hivemq.helmcharts.monitoring.HelmMonitoringOperatorIT" time="154.745">
    <system-out><![CDATA[2025-01-30 18:12:49,680 INFO c.h.h.t.HelmChartContainer - Creating namespace 'helmmonitoringoperatorit-operator'...
2025-01-30 18:12:49,875 INFO c.h.h.t.HelmChartContainer - Namespace 'helmmonitoringoperatorit-operator' created
2025-01-30 18:12:49,876 INFO c.h.h.t.HelmChartContainer - [POD] coredns-ff8999cc5-xxz67 [ec420ad7-82ec-4fed-b3aa-99a855bfab01] in kube-system was ADDED
2025-01-30 18:12:49,882 INFO c.h.h.t.HelmChartContainer - [POD] local-path-provisioner-698b58967b-fbdw7 [9c118327-d49c-4487-9bf0-153457a0e267] in kube-system was ADDED
2025-01-30 18:12:49,883 INFO c.h.h.t.HelmChartContainer - [POD] metrics-server-8584b5786c-sv8zx [ff204c1d-fec8-4ec8-a501-4c72368886e3] in kube-system was ADDED
2025-01-30 18:12:50,093 DEBUG c.h.h.t.HelmChartContainer - Executing helm command: /bin/helm --kubeconfig /etc/rancher/k3s/k3s.yaml repo add prometheus-community https://prometheus-community.github.io/helm-charts
2025-01-30 18:12:50,572 DEBUG c.h.h.t.HelmChartContainer - Executing helm command: /bin/helm --kubeconfig /etc/rancher/k3s/k3s.yaml install monitoring-stack prometheus-community/kube-prometheus-stack --wait --timeout 5m0s --set prometheus-node-exporter.hostRootFsMount.enabled=false -n monitoring --create-namespace
2025-01-30 18:12:57,592 INFO c.h.h.t.HelmChartContainer - [K3S] [job_controller.go:598] "enqueueing job" key="monitoring/monitoring-stack-kube-prom-admission-create" delay="0s"
2025-01-30 18:12:57,604 INFO c.h.h.t.HelmChartContainer - [K3S] [job_controller.go:598] "enqueueing job" key="monitoring/monitoring-stack-kube-prom-admission-create" delay="1s"
2025-01-30 18:12:57,608 INFO c.h.h.t.HelmChartContainer - [EVENT] Normal [SuccessfulCreate] Created pod: monitoring-stack-kube-prom-admission-create-7866t [monitoring:monitoring-stack-kube-prom-admission-create]
2025-01-30 18:12:57,609 INFO c.h.h.t.HelmChartContainer - [POD] monitoring-stack-kube-prom-admission-create-7866t [baf8b739-67f7-4887-8ed6-712755c25451] in monitoring was ADDED
2025-01-30 18:12:57,610 INFO c.h.h.t.HelmChartContainer - [POD] monitoring-stack-kube-prom-admission-create-7866t [baf8b739-67f7-4887-8ed6-712755c25451] in monitoring was MODIFIED
2025-01-30 18:12:57,612 INFO c.h.h.t.HelmChartContainer - [K3S] [job_controller.go:598] "enqueueing job" key="monitoring/monitoring-stack-kube-prom-admission-create" delay="1s"
2025-01-30 18:12:57,623 INFO c.h.h.t.HelmChartContainer - [EVENT] Normal [Scheduled] Successfully assigned monitoring/monitoring-stack-kube-prom-admission-create-7866t to 000a7c4bbeea [monitoring:monitoring-stack-kube-prom-admission-create-7866t]
2025-01-30 18:12:57,627 INFO c.h.h.t.HelmChartContainer - [K3S] [job_controller.go:598] "enqueueing job" key="monitoring/monitoring-stack-kube-prom-admission-create" delay="1s"
2025-01-30 18:12:57,636 INFO c.h.h.t.HelmChartContainer - [K3S] [job_controller.go:598] "enqueueing job" key="monitoring/monitoring-stack-kube-prom-admission-create" delay="1s"
2025-01-30 18:12:57,642 INFO c.h.h.t.HelmChartContainer - [POD] monitoring-stack-kube-prom-admission-create-7866t [baf8b739-67f7-4887-8ed6-712755c25451] in monitoring was MODIFIED
2025-01-30 18:12:57,709 INFO c.h.h.t.HelmChartContainer - [K3S] [reconciler_common.go:251] "operationExecutor.VerifyControllerAttachedVolume started for volume \"kube-api-access-f8k7m\" (UniqueName: \"kubernetes.io/projected/baf8b739-67f7-4887-8ed6-712755c25451-kube-api-access-f8k7m\") pod \"monitoring-stack-kube-prom-admission-create-7866t\" (UID: \"baf8b739-67f7-4887-8ed6-712755c25451\") " pod="monitoring/monitoring-stack-kube-prom-admission-create-7866t"
2025-01-30 18:12:58,002 INFO c.h.h.t.HelmChartContainer - [EVENT] Normal [Pulling] Pulling image "registry.k8s.io/ingress-nginx/kube-webhook-certgen:v1.5.1" [monitoring:monitoring-stack-kube-prom-admission-create-7866t]
2025-01-30 18:12:58,136 INFO c.h.h.t.HelmChartContainer - [POD] metrics-server-8584b5786c-sv8zx [ff204c1d-fec8-4ec8-a501-4c72368886e3] in kube-system was MODIFIED
2025-01-30 18:12:58,143 INFO c.h.h.t.HelmChartContainer - [K3S] [replica_set.go:679] "Finished syncing" kind="ReplicaSet" key="kube-system/metrics-server-8584b5786c" duration="9.663362ms"
2025-01-30 18:12:58,144 INFO c.h.h.t.HelmChartContainer - [K3S] [replica_set.go:679] "Finished syncing" kind="ReplicaSet" key="kube-system/metrics-server-8584b5786c" duration="38.552Âµs"
2025-01-30 18:12:58,856 INFO c.h.h.t.HelmChartContainer - [EVENT] Normal [Pulled] Successfully pulled image "registry.k8s.io/ingress-nginx/kube-webhook-certgen:v1.5.1" in 854ms (854ms including waiting). Image size: 27079554 bytes. [monitoring:monitoring-stack-kube-prom-admission-create-7866t]
2025-01-30 18:12:58,861 INFO c.h.h.t.HelmChartContainer - [EVENT] Normal [Created] Created container: create [monitoring:monitoring-stack-kube-prom-admission-create-7866t]
2025-01-30 18:12:58,922 INFO c.h.h.t.HelmChartContainer - [EVENT] Normal [Started] Started container create [monitoring:monitoring-stack-kube-prom-admission-create-7866t]
2025-01-30 18:12:59,182 INFO c.h.h.t.HelmChartContainer - [K3S] [job_controller.go:598] "enqueueing job" key="monitoring/monitoring-stack-kube-prom-admission-create" delay="1s"
2025-01-30 18:12:59,183 INFO c.h.h.t.HelmChartContainer - [POD] monitoring-stack-kube-prom-admission-create-7866t [baf8b739-67f7-4887-8ed6-712755c25451] in monitoring was MODIFIED
2025-01-30 18:13:00,248 INFO c.h.h.t.HelmChartContainer - [K3S] [job_controller.go:598] "enqueueing job" key="monitoring/monitoring-stack-kube-prom-admission-create" delay="1s"
2025-01-30 18:13:00,250 INFO c.h.h.t.HelmChartContainer - [POD] monitoring-stack-kube-prom-admission-create-7866t [baf8b739-67f7-4887-8ed6-712755c25451] in monitoring was MODIFIED
2025-01-30 18:13:00,426 INFO c.h.h.t.HelmChartContainer - [K3S] [reconciler_common.go:162] "operationExecutor.UnmountVolume started for volume \"kube-api-access-f8k7m\" (UniqueName: \"kubernetes.io/projected/baf8b739-67f7-4887-8ed6-712755c25451-kube-api-access-f8k7m\") pod \"baf8b739-67f7-4887-8ed6-712755c25451\" (UID: \"baf8b739-67f7-4887-8ed6-712755c25451\") "
2025-01-30 18:13:00,527 INFO c.h.h.t.HelmChartContainer - [K3S] [reconciler_common.go:299] "Volume detached for volume \"kube-api-access-f8k7m\" (UniqueName: \"kubernetes.io/projected/baf8b739-67f7-4887-8ed6-712755c25451-kube-api-access-f8k7m\") on node \"000a7c4bbeea\" DevicePath \"\""
2025-01-30 18:13:01,178 INFO c.h.h.t.HelmChartContainer - [K3S] [pod_container_deletor.go:80] "Container not found in pod's containers" containerID="0800a34c9192faa0f38a79c714ecda5a1f4c1495f3dde108115573505d821656"
2025-01-30 18:13:01,253 INFO c.h.h.t.HelmChartContainer - [K3S] [job_controller.go:598] "enqueueing job" key="monitoring/monitoring-stack-kube-prom-admission-create" delay="1s"
2025-01-30 18:13:01,257 INFO c.h.h.t.HelmChartContainer - [K3S] [job_controller.go:598] "enqueueing job" key="monitoring/monitoring-stack-kube-prom-admission-create" delay="1s"
2025-01-30 18:13:01,259 INFO c.h.h.t.HelmChartContainer - [POD] monitoring-stack-kube-prom-admission-create-7866t [baf8b739-67f7-4887-8ed6-712755c25451] in monitoring was MODIFIED
2025-01-30 18:13:01,262 INFO c.h.h.t.HelmChartContainer - [EVENT] Normal [Completed] Job completed [monitoring:monitoring-stack-kube-prom-admission-create]
2025-01-30 18:13:01,268 INFO c.h.h.t.HelmChartContainer - [K3S] [job_controller.go:598] "enqueueing job" key="monitoring/monitoring-stack-kube-prom-admission-create" delay="0s"
2025-01-30 18:13:01,277 INFO c.h.h.t.HelmChartContainer - [POD] monitoring-stack-kube-prom-admission-create-7866t [baf8b739-67f7-4887-8ed6-712755c25451] in monitoring was MODIFIED
2025-01-30 18:13:01,279 INFO c.h.h.t.HelmChartContainer - [POD] monitoring-stack-kube-prom-admission-create-7866t [baf8b739-67f7-4887-8ed6-712755c25451] in monitoring was DELETED
2025-01-30 18:13:01,402 INFO c.h.h.t.HelmChartContainer - [K3S] [alloc.go:330] "allocated clusterIPs" service="monitoring/monitoring-stack-kube-prom-operator" clusterIPs={"IPv4":"10.43.122.17"}
2025-01-30 18:13:01,409 INFO c.h.h.t.HelmChartContainer - [K3S] [alloc.go:330] "allocated clusterIPs" service="monitoring/monitoring-stack-kube-state-metrics" clusterIPs={"IPv4":"10.43.125.66"}
2025-01-30 18:13:01,415 INFO c.h.h.t.HelmChartContainer - [K3S] [alloc.go:330] "allocated clusterIPs" service="monitoring/monitoring-stack-grafana" clusterIPs={"IPv4":"10.43.140.40"}
2025-01-30 18:13:01,426 INFO c.h.h.t.HelmChartContainer - [K3S] [alloc.go:330] "allocated clusterIPs" service="monitoring/monitoring-stack-prometheus-node-exporter" clusterIPs={"IPv4":"10.43.44.204"}
2025-01-30 18:13:01,433 INFO c.h.h.t.HelmChartContainer - [K3S] [alloc.go:330] "allocated clusterIPs" service="monitoring/monitoring-stack-kube-prom-alertmanager" clusterIPs={"IPv4":"10.43.66.56"}
2025-01-30 18:13:01,444 INFO c.h.h.t.HelmChartContainer - [K3S] [alloc.go:330] "allocated clusterIPs" service="monitoring/monitoring-stack-kube-prom-prometheus" clusterIPs={"IPv4":"10.43.160.108"}
2025-01-30 18:13:01,476 INFO c.h.h.t.HelmChartContainer - [EVENT] Normal [ScalingReplicaSet] Scaled up replica set monitoring-stack-kube-state-metrics-5bf5c7b54d from 0 to 1 [monitoring:monitoring-stack-kube-state-metrics]
2025-01-30 18:13:01,492 INFO c.h.h.t.HelmChartContainer - [POD] monitoring-stack-kube-state-metrics-5bf5c7b54d-rxwgg [805eac5a-85a6-44a4-9940-c519ecfb91eb] in monitoring was ADDED
2025-01-30 18:13:01,492 INFO c.h.h.t.HelmChartContainer - [EVENT] Normal [ScalingReplicaSet] Scaled up replica set monitoring-stack-kube-prom-operator-6998896c from 0 to 1 [monitoring:monitoring-stack-kube-prom-operator]
2025-01-30 18:13:01,506 INFO c.h.h.t.HelmChartContainer - [K3S] [memory_manager.go:355] "RemoveStaleState removing state" podUID="baf8b739-67f7-4887-8ed6-712755c25451" containerName="create"
2025-01-30 18:13:01,509 INFO c.h.h.t.HelmChartContainer - [EVENT] Normal [ScalingReplicaSet] Scaled up replica set monitoring-stack-grafana-64c55fb967 from 0 to 1 [monitoring:monitoring-stack-grafana]
2025-01-30 18:13:01,509 INFO c.h.h.t.HelmChartContainer - [EVENT] Normal [SuccessfulCreate] Created pod: monitoring-stack-kube-state-metrics-5bf5c7b54d-rxwgg [monitoring:monitoring-stack-kube-state-metrics-5bf5c7b54d]
2025-01-30 18:13:01,511 INFO c.h.h.t.HelmChartContainer - [POD] monitoring-stack-grafana-64c55fb967-d48sz [b6fca835-8fe0-42b4-be7c-a887b788dfef] in monitoring was ADDED
2025-01-30 18:13:01,517 INFO c.h.h.t.HelmChartContainer - [POD] monitoring-stack-prometheus-node-exporter-l5mll [709ebcd9-101a-4c10-83be-16411bf0984f] in monitoring was ADDED
2025-01-30 18:13:01,519 INFO c.h.h.t.HelmChartContainer - [POD] monitoring-stack-kube-prom-operator-6998896c-m65xb [b1ff6601-c622-4e3d-884d-f8bf9439ce77] in monitoring was ADDED
2025-01-30 18:13:01,521 INFO c.h.h.t.HelmChartContainer - [POD] monitoring-stack-kube-state-metrics-5bf5c7b54d-rxwgg [805eac5a-85a6-44a4-9940-c519ecfb91eb] in monitoring was MODIFIED
2025-01-30 18:13:01,531 INFO c.h.h.t.HelmChartContainer - [K3S] [replica_set.go:679] "Finished syncing" kind="ReplicaSet" key="monitoring/monitoring-stack-grafana-64c55fb967" duration="52.150553ms"
2025-01-30 18:13:01,532 INFO c.h.h.t.HelmChartContainer - [K3S] [replica_set.go:679] "Finished syncing" kind="ReplicaSet" key="monitoring/monitoring-stack-kube-state-metrics-5bf5c7b54d" duration="67.291486ms"
2025-01-30 18:13:01,536 INFO c.h.h.t.HelmChartContainer - [K3S] [dispatcher.go:210] Failed calling webhook, failing open prometheusrulemutate.monitoring.coreos.com: failed calling webhook "prometheusrulemutate.monitoring.coreos.com": failed to call webhook: Post "https://monitoring-stack-kube-prom-operator.monitoring.svc:443/admission-prometheusrules/mutate?timeout=10s": no endpoints available for service "monitoring-stack-kube-prom-operator"
2025-01-30 18:13:01,536 INFO c.h.h.t.HelmChartContainer - [K3S] [dispatcher.go:214] "Unhandled Error" err="failed calling webhook \"prometheusrulemutate.monitoring.coreos.com\": failed to call webhook: Post \"https://monitoring-stack-kube-prom-operator.monitoring.svc:443/admission-prometheusrules/mutate?timeout=10s\": no endpoints available for service \"monitoring-stack-kube-prom-operator\""
2025-01-30 18:13:01,537 INFO c.h.h.t.HelmChartContainer - [K3S] [dispatcher.go:210] Failed calling webhook, failing open prometheusrulemutate.monitoring.coreos.com: failed calling webhook "prometheusrulemutate.monitoring.coreos.com": failed to call webhook: Post "https://monitoring-stack-kube-prom-operator.monitoring.svc:443/admission-prometheusrules/mutate?timeout=10s": no endpoints available for service "monitoring-stack-kube-prom-operator"
2025-01-30 18:13:01,537 INFO c.h.h.t.HelmChartContainer - [K3S] [dispatcher.go:214] "Unhandled Error" err="failed calling webhook \"prometheusrulemutate.monitoring.coreos.com\": failed to call webhook: Post \"https://monitoring-stack-kube-prom-operator.monitoring.svc:443/admission-prometheusrules/mutate?timeout=10s\": no endpoints available for service \"monitoring-stack-kube-prom-operator\""
2025-01-30 18:13:01,538 INFO c.h.h.t.HelmChartContainer - [EVENT] Normal [SuccessfulCreate] Created pod: monitoring-stack-prometheus-node-exporter-l5mll [monitoring:monitoring-stack-prometheus-node-exporter]
2025-01-30 18:13:01,541 INFO c.h.h.t.HelmChartContainer - [EVENT] Normal [Scheduled] Successfully assigned monitoring/monitoring-stack-kube-state-metrics-5bf5c7b54d-rxwgg to 000a7c4bbeea [monitoring:monitoring-stack-kube-state-metrics-5bf5c7b54d-rxwgg]
2025-01-30 18:13:01,546 INFO c.h.h.t.HelmChartContainer - [POD] monitoring-stack-prometheus-node-exporter-l5mll [709ebcd9-101a-4c10-83be-16411bf0984f] in monitoring was MODIFIED
2025-01-30 18:13:01,548 INFO c.h.h.t.HelmChartContainer - [POD] monitoring-stack-grafana-64c55fb967-d48sz [b6fca835-8fe0-42b4-be7c-a887b788dfef] in monitoring was MODIFIED
2025-01-30 18:13:01,552 INFO c.h.h.t.HelmChartContainer - [K3S] [dispatcher.go:210] Failed calling webhook, failing open prometheusrulemutate.monitoring.coreos.com: failed calling webhook "prometheusrulemutate.monitoring.coreos.com": failed to call webhook: Post "https://monitoring-stack-kube-prom-operator.monitoring.svc:443/admission-prometheusrules/mutate?timeout=10s": no endpoints available for service "monitoring-stack-kube-prom-operator"
2025-01-30 18:13:01,553 INFO c.h.h.t.HelmChartContainer - [K3S] [dispatcher.go:214] "Unhandled Error" err="failed calling webhook \"prometheusrulemutate.monitoring.coreos.com\": failed to call webhook: Post \"https://monitoring-stack-kube-prom-operator.monitoring.svc:443/admission-prometheusrules/mutate?timeout=10s\": no endpoints available for service \"monitoring-stack-kube-prom-operator\""
2025-01-30 18:13:01,555 INFO c.h.h.t.HelmChartContainer - [POD] monitoring-stack-kube-prom-operator-6998896c-m65xb [b1ff6601-c622-4e3d-884d-f8bf9439ce77] in monitoring was MODIFIED
2025-01-30 18:13:01,558 INFO c.h.h.t.HelmChartContainer - [EVENT] Normal [SuccessfulCreate] Created pod: monitoring-stack-grafana-64c55fb967-d48sz [monitoring:monitoring-stack-grafana-64c55fb967]
2025-01-30 18:13:01,562 INFO c.h.h.t.HelmChartContainer - [K3S] [dispatcher.go:210] Failed calling webhook, failing open prometheusrulemutate.monitoring.coreos.com: failed calling webhook "prometheusrulemutate.monitoring.coreos.com": failed to call webhook: Post "https://monitoring-stack-kube-prom-operator.monitoring.svc:443/admission-prometheusrules/mutate?timeout=10s": no endpoints available for service "monitoring-stack-kube-prom-operator"
2025-01-30 18:13:01,562 INFO c.h.h.t.HelmChartContainer - [K3S] [dispatcher.go:214] "Unhandled Error" err="failed calling webhook \"prometheusrulemutate.monitoring.coreos.com\": failed to call webhook: Post \"https://monitoring-stack-kube-prom-operator.monitoring.svc:443/admission-prometheusrules/mutate?timeout=10s\": no endpoints available for service \"monitoring-stack-kube-prom-operator\""
2025-01-30 18:13:01,566 INFO c.h.h.t.HelmChartContainer - [K3S] [dispatcher.go:210] Failed calling webhook, failing open prometheusrulemutate.monitoring.coreos.com: failed calling webhook "prometheusrulemutate.monitoring.coreos.com": failed to call webhook: Post "https://monitoring-stack-kube-prom-operator.monitoring.svc:443/admission-prometheusrules/mutate?timeout=10s": no endpoints available for service "monitoring-stack-kube-prom-operator"
2025-01-30 18:13:01,566 INFO c.h.h.t.HelmChartContainer - [K3S] [dispatcher.go:214] "Unhandled Error" err="failed calling webhook \"prometheusrulemutate.monitoring.coreos.com\": failed to call webhook: Post \"https://monitoring-stack-kube-prom-operator.monitoring.svc:443/admission-prometheusrules/mutate?timeout=10s\": no endpoints available for service \"monitoring-stack-kube-prom-operator\""
2025-01-30 18:13:01,568 INFO c.h.h.t.HelmChartContainer - [K3S] [dispatcher.go:210] Failed calling webhook, failing open prometheusrulemutate.monitoring.coreos.com: failed calling webhook "prometheusrulemutate.monitoring.coreos.com": failed to call webhook: Post "https://monitoring-stack-kube-prom-operator.monitoring.svc:443/admission-prometheusrules/mutate?timeout=10s": no endpoints available for service "monitoring-stack-kube-prom-operator"
2025-01-30 18:13:01,568 INFO c.h.h.t.HelmChartContainer - [K3S] [dispatcher.go:214] "Unhandled Error" err="failed calling webhook \"prometheusrulemutate.monitoring.coreos.com\": failed to call webhook: Post \"https://monitoring-stack-kube-prom-operator.monitoring.svc:443/admission-prometheusrules/mutate?timeout=10s\": no endpoints available for service \"monitoring-stack-kube-prom-operator\""
2025-01-30 18:13:01,572 INFO c.h.h.t.HelmChartContainer - [K3S] [dispatcher.go:210] Failed calling webhook, failing open prometheusrulemutate.monitoring.coreos.com: failed calling webhook "prometheusrulemutate.monitoring.coreos.com": failed to call webhook: Post "https://monitoring-stack-kube-prom-operator.monitoring.svc:443/admission-prometheusrules/mutate?timeout=10s": no endpoints available for service "monitoring-stack-kube-prom-operator"
2025-01-30 18:13:01,575 INFO c.h.h.t.HelmChartContainer - [K3S] [dispatcher.go:214] "Unhandled Error" err="failed calling webhook \"prometheusrulemutate.monitoring.coreos.com\": failed to call webhook: Post \"https://monitoring-stack-kube-prom-operator.monitoring.svc:443/admission-prometheusrules/mutate?timeout=10s\": no endpoints available for service \"monitoring-stack-kube-prom-operator\""
2025-01-30 18:13:01,577 INFO c.h.h.t.HelmChartContainer - [K3S] [replica_set.go:679] "Finished syncing" kind="ReplicaSet" key="monitoring/monitoring-stack-kube-prom-operator-6998896c" duration="96.28256ms"
2025-01-30 18:13:01,578 INFO c.h.h.t.HelmChartContainer - [K3S] [dispatcher.go:210] Failed calling webhook, failing open prometheusrulemutate.monitoring.coreos.com: failed calling webhook "prometheusrulemutate.monitoring.coreos.com": failed to call webhook: Post "https://monitoring-stack-kube-prom-operator.monitoring.svc:443/admission-prometheusrules/mutate?timeout=10s": no endpoints available for service "monitoring-stack-kube-prom-operator"
2025-01-30 18:13:01,579 INFO c.h.h.t.HelmChartContainer - [K3S] [dispatcher.go:214] "Unhandled Error" err="failed calling webhook \"prometheusrulemutate.monitoring.coreos.com\": failed to call webhook: Post \"https://monitoring-stack-kube-prom-operator.monitoring.svc:443/admission-prometheusrules/mutate?timeout=10s\": no endpoints available for service \"monitoring-stack-kube-prom-operator\""
2025-01-30 18:13:01,583 INFO c.h.h.t.HelmChartContainer - [K3S] [dispatcher.go:210] Failed calling webhook, failing open prometheusrulemutate.monitoring.coreos.com: failed calling webhook "prometheusrulemutate.monitoring.coreos.com": failed to call webhook: Post "https://monitoring-stack-kube-prom-operator.monitoring.svc:443/admission-prometheusrules/mutate?timeout=10s": no endpoints available for service "monitoring-stack-kube-prom-operator"
2025-01-30 18:13:01,584 INFO c.h.h.t.HelmChartContainer - [K3S] [dispatcher.go:214] "Unhandled Error" err="failed calling webhook \"prometheusrulemutate.monitoring.coreos.com\": failed to call webhook: Post \"https://monitoring-stack-kube-prom-operator.monitoring.svc:443/admission-prometheusrules/mutate?timeout=10s\": no endpoints available for service \"monitoring-stack-kube-prom-operator\""
2025-01-30 18:13:01,587 INFO c.h.h.t.HelmChartContainer - [POD] monitoring-stack-kube-state-metrics-5bf5c7b54d-rxwgg [805eac5a-85a6-44a4-9940-c519ecfb91eb] in monitoring was MODIFIED
2025-01-30 18:13:01,589 INFO c.h.h.t.HelmChartContainer - [K3S] [dispatcher.go:210] Failed calling webhook, failing open prometheusrulemutate.monitoring.coreos.com: failed calling webhook "prometheusrulemutate.monitoring.coreos.com": failed to call webhook: Post "https://monitoring-stack-kube-prom-operator.monitoring.svc:443/admission-prometheusrules/mutate?timeout=10s": no endpoints available for service "monitoring-stack-kube-prom-operator"
2025-01-30 18:13:01,589 INFO c.h.h.t.HelmChartContainer - [K3S] [dispatcher.go:214] "Unhandled Error" err="failed calling webhook \"prometheusrulemutate.monitoring.coreos.com\": failed to call webhook: Post \"https://monitoring-stack-kube-prom-operator.monitoring.svc:443/admission-prometheusrules/mutate?timeout=10s\": no endpoints available for service \"monitoring-stack-kube-prom-operator\""
2025-01-30 18:13:01,593 INFO c.h.h.t.HelmChartContainer - [K3S] [dispatcher.go:210] Failed calling webhook, failing open prometheusrulemutate.monitoring.coreos.com: failed calling webhook "prometheusrulemutate.monitoring.coreos.com": failed to call webhook: Post "https://monitoring-stack-kube-prom-operator.monitoring.svc:443/admission-prometheusrules/mutate?timeout=10s": no endpoints available for service "monitoring-stack-kube-prom-operator"
2025-01-30 18:13:01,593 INFO c.h.h.t.HelmChartContainer - [K3S] [dispatcher.go:214] "Unhandled Error" err="failed calling webhook \"prometheusrulemutate.monitoring.coreos.com\": failed to call webhook: Post \"https://monitoring-stack-kube-prom-operator.monitoring.svc:443/admission-prometheusrules/mutate?timeout=10s\": no endpoints available for service \"monitoring-stack-kube-prom-operator\""
2025-01-30 18:13:01,594 INFO c.h.h.t.HelmChartContainer - [K3S] [dispatcher.go:210] Failed calling webhook, failing open prometheusrulemutate.monitoring.coreos.com: failed calling webhook "prometheusrulemutate.monitoring.coreos.com": failed to call webhook: Post "https://monitoring-stack-kube-prom-operator.monitoring.svc:443/admission-prometheusrules/mutate?timeout=10s": no endpoints available for service "monitoring-stack-kube-prom-operator"
2025-01-30 18:13:01,598 INFO c.h.h.t.HelmChartContainer - [K3S] [dispatcher.go:214] "Unhandled Error" err="failed calling webhook \"prometheusrulemutate.monitoring.coreos.com\": failed to call webhook: Post \"https://monitoring-stack-kube-prom-operator.monitoring.svc:443/admission-prometheusrules/mutate?timeout=10s\": no endpoints available for service \"monitoring-stack-kube-prom-operator\""
2025-01-30 18:13:01,598 INFO c.h.h.t.HelmChartContainer - [K3S] [dispatcher.go:210] Failed calling webhook, failing open prometheusrulemutate.monitoring.coreos.com: failed calling webhook "prometheusrulemutate.monitoring.coreos.com": failed to call webhook: Post "https://monitoring-stack-kube-prom-operator.monitoring.svc:443/admission-prometheusrules/mutate?timeout=10s": no endpoints available for service "monitoring-stack-kube-prom-operator"
2025-01-30 18:13:01,598 INFO c.h.h.t.HelmChartContainer - [K3S] [dispatcher.go:214] "Unhandled Error" err="failed calling webhook \"prometheusrulemutate.monitoring.coreos.com\": failed to call webhook: Post \"https://monitoring-stack-kube-prom-operator.monitoring.svc:443/admission-prometheusrules/mutate?timeout=10s\": no endpoints available for service \"monitoring-stack-kube-prom-operator\""
2025-01-30 18:13:01,599 INFO c.h.h.t.HelmChartContainer - [EVENT] Normal [Scheduled] Successfully assigned monitoring/monitoring-stack-prometheus-node-exporter-l5mll to 000a7c4bbeea [monitoring:monitoring-stack-prometheus-node-exporter-l5mll]
2025-01-30 18:13:01,599 INFO c.h.h.t.HelmChartContainer - [EVENT] Normal [Scheduled] Successfully assigned monitoring/monitoring-stack-grafana-64c55fb967-d48sz to 000a7c4bbeea [monitoring:monitoring-stack-grafana-64c55fb967-d48sz]
2025-01-30 18:13:01,600 INFO c.h.h.t.HelmChartContainer - [EVENT] Normal [Scheduled] Successfully assigned monitoring/monitoring-stack-kube-prom-operator-6998896c-m65xb to 000a7c4bbeea [monitoring:monitoring-stack-kube-prom-operator-6998896c-m65xb]
2025-01-30 18:13:01,602 INFO c.h.h.t.HelmChartContainer - [K3S] [dispatcher.go:210] Failed calling webhook, failing open prometheusrulemutate.monitoring.coreos.com: failed calling webhook "prometheusrulemutate.monitoring.coreos.com": failed to call webhook: Post "https://monitoring-stack-kube-prom-operator.monitoring.svc:443/admission-prometheusrules/mutate?timeout=10s": no endpoints available for service "monitoring-stack-kube-prom-operator"
2025-01-30 18:13:01,602 INFO c.h.h.t.HelmChartContainer - [K3S] [dispatcher.go:214] "Unhandled Error" err="failed calling webhook \"prometheusrulemutate.monitoring.coreos.com\": failed to call webhook: Post \"https://monitoring-stack-kube-prom-operator.monitoring.svc:443/admission-prometheusrules/mutate?timeout=10s\": no endpoints available for service \"monitoring-stack-kube-prom-operator\""
2025-01-30 18:13:01,603 INFO c.h.h.t.HelmChartContainer - [K3S] [dispatcher.go:210] Failed calling webhook, failing open prometheusrulemutate.monitoring.coreos.com: failed calling webhook "prometheusrulemutate.monitoring.coreos.com": failed to call webhook: Post "https://monitoring-stack-kube-prom-operator.monitoring.svc:443/admission-prometheusrules/mutate?timeout=10s": no endpoints available for service "monitoring-stack-kube-prom-operator"
2025-01-30 18:13:01,609 INFO c.h.h.t.HelmChartContainer - [K3S] [dispatcher.go:214] "Unhandled Error" err="failed calling webhook \"prometheusrulemutate.monitoring.coreos.com\": failed to call webhook: Post \"https://monitoring-stack-kube-prom-operator.monitoring.svc:443/admission-prometheusrules/mutate?timeout=10s\": no endpoints available for service \"monitoring-stack-kube-prom-operator\""
2025-01-30 18:13:01,609 INFO c.h.h.t.HelmChartContainer - [K3S] [replica_set.go:679] "Finished syncing" kind="ReplicaSet" key="monitoring/monitoring-stack-grafana-64c55fb967" duration="74.207554ms"
2025-01-30 18:13:01,609 INFO c.h.h.t.HelmChartContainer - [K3S] [replica_set.go:679] "Finished syncing" kind="ReplicaSet" key="monitoring/monitoring-stack-grafana-64c55fb967" duration="61.595Âµs"
2025-01-30 18:13:01,609 INFO c.h.h.t.HelmChartContainer - [K3S] [replica_set.go:679] "Finished syncing" kind="ReplicaSet" key="monitoring/monitoring-stack-kube-state-metrics-5bf5c7b54d" duration="73.764156ms"
2025-01-30 18:13:01,609 INFO c.h.h.t.HelmChartContainer - [K3S] [replica_set.go:679] "Finished syncing" kind="ReplicaSet" key="monitoring/monitoring-stack-kube-state-metrics-5bf5c7b54d" duration="38.061Âµs"
2025-01-30 18:13:01,611 INFO c.h.h.t.HelmChartContainer - [K3S] [dispatcher.go:210] Failed calling webhook, failing open prometheusrulemutate.monitoring.coreos.com: failed calling webhook "prometheusrulemutate.monitoring.coreos.com": failed to call webhook: Post "https://monitoring-stack-kube-prom-operator.monitoring.svc:443/admission-prometheusrules/mutate?timeout=10s": no endpoints available for service "monitoring-stack-kube-prom-operator"
2025-01-30 18:13:01,611 INFO c.h.h.t.HelmChartContainer - [K3S] [dispatcher.go:214] "Unhandled Error" err="failed calling webhook \"prometheusrulemutate.monitoring.coreos.com\": failed to call webhook: Post \"https://monitoring-stack-kube-prom-operator.monitoring.svc:443/admission-prometheusrules/mutate?timeout=10s\": no endpoints available for service \"monitoring-stack-kube-prom-operator\""
2025-01-30 18:13:01,611 INFO c.h.h.t.HelmChartContainer - [K3S] [dispatcher.go:210] Failed calling webhook, failing open prometheusrulemutate.monitoring.coreos.com: failed calling webhook "prometheusrulemutate.monitoring.coreos.com": failed to call webhook: Post "https://monitoring-stack-kube-prom-operator.monitoring.svc:443/admission-prometheusrules/mutate?timeout=10s": no endpoints available for service "monitoring-stack-kube-prom-operator"
2025-01-30 18:13:01,611 INFO c.h.h.t.HelmChartContainer - [K3S] [dispatcher.go:214] "Unhandled Error" err="failed calling webhook \"prometheusrulemutate.monitoring.coreos.com\": failed to call webhook: Post \"https://monitoring-stack-kube-prom-operator.monitoring.svc:443/admission-prometheusrules/mutate?timeout=10s\": no endpoints available for service \"monitoring-stack-kube-prom-operator\""
2025-01-30 18:13:01,611 INFO c.h.h.t.HelmChartContainer - [K3S] [dispatcher.go:210] Failed calling webhook, failing open prometheusrulemutate.monitoring.coreos.com: failed calling webhook "prometheusrulemutate.monitoring.coreos.com": failed to call webhook: Post "https://monitoring-stack-kube-prom-operator.monitoring.svc:443/admission-prometheusrules/mutate?timeout=10s": no endpoints available for service "monitoring-stack-kube-prom-operator"
2025-01-30 18:13:01,612 INFO c.h.h.t.HelmChartContainer - [K3S] [dispatcher.go:214] "Unhandled Error" err="failed calling webhook \"prometheusrulemutate.monitoring.coreos.com\": failed to call webhook: Post \"https://monitoring-stack-kube-prom-operator.monitoring.svc:443/admission-prometheusrules/mutate?timeout=10s\": no endpoints available for service \"monitoring-stack-kube-prom-operator\""
2025-01-30 18:13:01,613 INFO c.h.h.t.HelmChartContainer - [K3S] [dispatcher.go:210] Failed calling webhook, failing open prometheusrulemutate.monitoring.coreos.com: failed calling webhook "prometheusrulemutate.monitoring.coreos.com": failed to call webhook: Post "https://monitoring-stack-kube-prom-operator.monitoring.svc:443/admission-prometheusrules/mutate?timeout=10s": no endpoints available for service "monitoring-stack-kube-prom-operator"
2025-01-30 18:13:01,613 INFO c.h.h.t.HelmChartContainer - [K3S] [dispatcher.go:214] "Unhandled Error" err="failed calling webhook \"prometheusrulemutate.monitoring.coreos.com\": failed to call webhook: Post \"https://monitoring-stack-kube-prom-operator.monitoring.svc:443/admission-prometheusrules/mutate?timeout=10s\": no endpoints available for service \"monitoring-stack-kube-prom-operator\""
2025-01-30 18:13:01,619 INFO c.h.h.t.HelmChartContainer - [K3S] [dispatcher.go:210] Failed calling webhook, failing open prometheusrulemutate.monitoring.coreos.com: failed calling webhook "prometheusrulemutate.monitoring.coreos.com": failed to call webhook: Post "https://monitoring-stack-kube-prom-operator.monitoring.svc:443/admission-prometheusrules/mutate?timeout=10s": no endpoints available for service "monitoring-stack-kube-prom-operator"
2025-01-30 18:13:01,619 INFO c.h.h.t.HelmChartContainer - [K3S] [dispatcher.go:214] "Unhandled Error" err="failed calling webhook \"prometheusrulemutate.monitoring.coreos.com\": failed to call webhook: Post \"https://monitoring-stack-kube-prom-operator.monitoring.svc:443/admission-prometheusrules/mutate?timeout=10s\": no endpoints available for service \"monitoring-stack-kube-prom-operator\""
2025-01-30 18:13:01,619 INFO c.h.h.t.HelmChartContainer - [K3S] [dispatcher.go:210] Failed calling webhook, failing open prometheusrulemutate.monitoring.coreos.com: failed calling webhook "prometheusrulemutate.monitoring.coreos.com": failed to call webhook: Post "https://monitoring-stack-kube-prom-operator.monitoring.svc:443/admission-prometheusrules/mutate?timeout=10s": no endpoints available for service "monitoring-stack-kube-prom-operator"
2025-01-30 18:13:01,619 INFO c.h.h.t.HelmChartContainer - [K3S] [dispatcher.go:214] "Unhandled Error" err="failed calling webhook \"prometheusrulemutate.monitoring.coreos.com\": failed to call webhook: Post \"https://monitoring-stack-kube-prom-operator.monitoring.svc:443/admission-prometheusrules/mutate?timeout=10s\": no endpoints available for service \"monitoring-stack-kube-prom-operator\""
2025-01-30 18:13:01,619 INFO c.h.h.t.HelmChartContainer - [K3S] [dispatcher.go:210] Failed calling webhook, failing open prometheusrulemutate.monitoring.coreos.com: failed calling webhook "prometheusrulemutate.monitoring.coreos.com": failed to call webhook: Post "https://monitoring-stack-kube-prom-operator.monitoring.svc:443/admission-prometheusrules/mutate?timeout=10s": no endpoints available for service "monitoring-stack-kube-prom-operator"
2025-01-30 18:13:01,619 INFO c.h.h.t.HelmChartContainer - [K3S] [dispatcher.go:214] "Unhandled Error" err="failed calling webhook \"prometheusrulemutate.monitoring.coreos.com\": failed to call webhook: Post \"https://monitoring-stack-kube-prom-operator.monitoring.svc:443/admission-prometheusrules/mutate?timeout=10s\": no endpoints available for service \"monitoring-stack-kube-prom-operator\""
2025-01-30 18:13:01,619 INFO c.h.h.t.HelmChartContainer - [K3S] [dispatcher.go:210] Failed calling webhook, failing open prometheusrulemutate.monitoring.coreos.com: failed calling webhook "prometheusrulemutate.monitoring.coreos.com": failed to call webhook: Post "https://monitoring-stack-kube-prom-operator.monitoring.svc:443/admission-prometheusrules/mutate?timeout=10s": no endpoints available for service "monitoring-stack-kube-prom-operator"
2025-01-30 18:13:01,619 INFO c.h.h.t.HelmChartContainer - [K3S] [dispatcher.go:214] "Unhandled Error" err="failed calling webhook \"prometheusrulemutate.monitoring.coreos.com\": failed to call webhook: Post \"https://monitoring-stack-kube-prom-operator.monitoring.svc:443/admission-prometheusrules/mutate?timeout=10s\": no endpoints available for service \"monitoring-stack-kube-prom-operator\""
2025-01-30 18:13:01,620 INFO c.h.h.t.HelmChartContainer - [K3S] [dispatcher.go:210] Failed calling webhook, failing open prometheusrulemutate.monitoring.coreos.com: failed calling webhook "prometheusrulemutate.monitoring.coreos.com": failed to call webhook: Post "https://monitoring-stack-kube-prom-operator.monitoring.svc:443/admission-prometheusrules/mutate?timeout=10s": no endpoints available for service "monitoring-stack-kube-prom-operator"
2025-01-30 18:13:01,621 INFO c.h.h.t.HelmChartContainer - [K3S] [dispatcher.go:214] "Unhandled Error" err="failed calling webhook \"prometheusrulemutate.monitoring.coreos.com\": failed to call webhook: Post \"https://monitoring-stack-kube-prom-operator.monitoring.svc:443/admission-prometheusrules/mutate?timeout=10s\": no endpoints available for service \"monitoring-stack-kube-prom-operator\""
2025-01-30 18:13:01,621 INFO c.h.h.t.HelmChartContainer - [K3S] [dispatcher.go:210] Failed calling webhook, failing open prometheusrulemutate.monitoring.coreos.com: failed calling webhook "prometheusrulemutate.monitoring.coreos.com": failed to call webhook: Post "https://monitoring-stack-kube-prom-operator.monitoring.svc:443/admission-prometheusrules/mutate?timeout=10s": no endpoints available for service "monitoring-stack-kube-prom-operator"
2025-01-30 18:13:01,622 INFO c.h.h.t.HelmChartContainer - [K3S] [dispatcher.go:214] "Unhandled Error" err="failed calling webhook \"prometheusrulemutate.monitoring.coreos.com\": failed to call webhook: Post \"https://monitoring-stack-kube-prom-operator.monitoring.svc:443/admission-prometheusrules/mutate?timeout=10s\": no endpoints available for service \"monitoring-stack-kube-prom-operator\""
2025-01-30 18:13:01,625 INFO c.h.h.t.HelmChartContainer - [K3S] [dispatcher.go:210] Failed calling webhook, failing open prometheusrulemutate.monitoring.coreos.com: failed calling webhook "prometheusrulemutate.monitoring.coreos.com": failed to call webhook: Post "https://monitoring-stack-kube-prom-operator.monitoring.svc:443/admission-prometheusrules/mutate?timeout=10s": no endpoints available for service "monitoring-stack-kube-prom-operator"
2025-01-30 18:13:01,626 INFO c.h.h.t.HelmChartContainer - [EVENT] Normal [SuccessfulCreate] Created pod: monitoring-stack-kube-prom-operator-6998896c-m65xb [monitoring:monitoring-stack-kube-prom-operator-6998896c]
2025-01-30 18:13:01,628 INFO c.h.h.t.HelmChartContainer - [K3S] [dispatcher.go:214] "Unhandled Error" err="failed calling webhook \"prometheusrulemutate.monitoring.coreos.com\": failed to call webhook: Post \"https://monitoring-stack-kube-prom-operator.monitoring.svc:443/admission-prometheusrules/mutate?timeout=10s\": no endpoints available for service \"monitoring-stack-kube-prom-operator\""
2025-01-30 18:13:01,628 INFO c.h.h.t.HelmChartContainer - [K3S] [dispatcher.go:210] Failed calling webhook, failing open prometheusrulemutate.monitoring.coreos.com: failed calling webhook "prometheusrulemutate.monitoring.coreos.com": failed to call webhook: Post "https://monitoring-stack-kube-prom-operator.monitoring.svc:443/admission-prometheusrules/mutate?timeout=10s": no endpoints available for service "monitoring-stack-kube-prom-operator"
2025-01-30 18:13:01,628 INFO c.h.h.t.HelmChartContainer - [K3S] [dispatcher.go:214] "Unhandled Error" err="failed calling webhook \"prometheusrulemutate.monitoring.coreos.com\": failed to call webhook: Post \"https://monitoring-stack-kube-prom-operator.monitoring.svc:443/admission-prometheusrules/mutate?timeout=10s\": no endpoints available for service \"monitoring-stack-kube-prom-operator\""
2025-01-30 18:13:01,628 INFO c.h.h.t.HelmChartContainer - [K3S] [dispatcher.go:210] Failed calling webhook, failing open prometheusrulemutate.monitoring.coreos.com: failed calling webhook "prometheusrulemutate.monitoring.coreos.com": failed to call webhook: Post "https://monitoring-stack-kube-prom-operator.monitoring.svc:443/admission-prometheusrules/mutate?timeout=10s": no endpoints available for service "monitoring-stack-kube-prom-operator"
2025-01-30 18:13:01,629 INFO c.h.h.t.HelmChartContainer - [K3S] [dispatcher.go:214] "Unhandled Error" err="failed calling webhook \"prometheusrulemutate.monitoring.coreos.com\": failed to call webhook: Post \"https://monitoring-stack-kube-prom-operator.monitoring.svc:443/admission-prometheusrules/mutate?timeout=10s\": no endpoints available for service \"monitoring-stack-kube-prom-operator\""
2025-01-30 18:13:01,631 INFO c.h.h.t.HelmChartContainer - [K3S] [dispatcher.go:210] Failed calling webhook, failing open prometheusrulemutate.monitoring.coreos.com: failed calling webhook "prometheusrulemutate.monitoring.coreos.com": failed to call webhook: Post "https://monitoring-stack-kube-prom-operator.monitoring.svc:443/admission-prometheusrules/mutate?timeout=10s": no endpoints available for service "monitoring-stack-kube-prom-operator"
2025-01-30 18:13:01,631 INFO c.h.h.t.HelmChartContainer - [K3S] [dispatcher.go:214] "Unhandled Error" err="failed calling webhook \"prometheusrulemutate.monitoring.coreos.com\": failed to call webhook: Post \"https://monitoring-stack-kube-prom-operator.monitoring.svc:443/admission-prometheusrules/mutate?timeout=10s\": no endpoints available for service \"monitoring-stack-kube-prom-operator\""
2025-01-30 18:13:01,634 INFO c.h.h.t.HelmChartContainer - [K3S] [reconciler_common.go:251] "operationExecutor.VerifyControllerAttachedVolume started for volume \"kube-api-access-tt2tb\" (UniqueName: \"kubernetes.io/projected/805eac5a-85a6-44a4-9940-c519ecfb91eb-kube-api-access-tt2tb\") pod \"monitoring-stack-kube-state-metrics-5bf5c7b54d-rxwgg\" (UID: \"805eac5a-85a6-44a4-9940-c519ecfb91eb\") " pod="monitoring/monitoring-stack-kube-state-metrics-5bf5c7b54d-rxwgg"
2025-01-30 18:13:01,635 INFO c.h.h.t.HelmChartContainer - [K3S] [dispatcher.go:210] Failed calling webhook, failing open prometheusrulemutate.monitoring.coreos.com: failed calling webhook "prometheusrulemutate.monitoring.coreos.com": failed to call webhook: Post "https://monitoring-stack-kube-prom-operator.monitoring.svc:443/admission-prometheusrules/mutate?timeout=10s": no endpoints available for service "monitoring-stack-kube-prom-operator"
2025-01-30 18:13:01,635 INFO c.h.h.t.HelmChartContainer - [K3S] [dispatcher.go:214] "Unhandled Error" err="failed calling webhook \"prometheusrulemutate.monitoring.coreos.com\": failed to call webhook: Post \"https://monitoring-stack-kube-prom-operator.monitoring.svc:443/admission-prometheusrules/mutate?timeout=10s\": no endpoints available for service \"monitoring-stack-kube-prom-operator\""
2025-01-30 18:13:01,640 INFO c.h.h.t.HelmChartContainer - [K3S] [dispatcher.go:210] Failed calling webhook, failing open prometheusrulemutate.monitoring.coreos.com: failed calling webhook "prometheusrulemutate.monitoring.coreos.com": failed to call webhook: Post "https://monitoring-stack-kube-prom-operator.monitoring.svc:443/admission-prometheusrules/mutate?timeout=10s": no endpoints available for service "monitoring-stack-kube-prom-operator"
2025-01-30 18:13:01,641 INFO c.h.h.t.HelmChartContainer - [K3S] [dispatcher.go:214] "Unhandled Error" err="failed calling webhook \"prometheusrulemutate.monitoring.coreos.com\": failed to call webhook: Post \"https://monitoring-stack-kube-prom-operator.monitoring.svc:443/admission-prometheusrules/mutate?timeout=10s\": no endpoints available for service \"monitoring-stack-kube-prom-operator\""
2025-01-30 18:13:01,641 INFO c.h.h.t.HelmChartContainer - [K3S] [dispatcher.go:210] Failed calling webhook, failing open prometheusrulemutate.monitoring.coreos.com: failed calling webhook "prometheusrulemutate.monitoring.coreos.com": failed to call webhook: Post "https://monitoring-stack-kube-prom-operator.monitoring.svc:443/admission-prometheusrules/mutate?timeout=10s": no endpoints available for service "monitoring-stack-kube-prom-operator"
2025-01-30 18:13:01,641 INFO c.h.h.t.HelmChartContainer - [K3S] [dispatcher.go:214] "Unhandled Error" err="failed calling webhook \"prometheusrulemutate.monitoring.coreos.com\": failed to call webhook: Post \"https://monitoring-stack-kube-prom-operator.monitoring.svc:443/admission-prometheusrules/mutate?timeout=10s\": no endpoints available for service \"monitoring-stack-kube-prom-operator\""
2025-01-30 18:13:01,645 INFO c.h.h.t.HelmChartContainer - [K3S] [dispatcher.go:210] Failed calling webhook, failing open prometheusrulemutate.monitoring.coreos.com: failed calling webhook "prometheusrulemutate.monitoring.coreos.com": failed to call webhook: Post "https://monitoring-stack-kube-prom-operator.monitoring.svc:443/admission-prometheusrules/mutate?timeout=10s": no endpoints available for service "monitoring-stack-kube-prom-operator"
2025-01-30 18:13:01,645 INFO c.h.h.t.HelmChartContainer - [K3S] [dispatcher.go:214] "Unhandled Error" err="failed calling webhook \"prometheusrulemutate.monitoring.coreos.com\": failed to call webhook: Post \"https://monitoring-stack-kube-prom-operator.monitoring.svc:443/admission-prometheusrules/mutate?timeout=10s\": no endpoints available for service \"monitoring-stack-kube-prom-operator\""
2025-01-30 18:13:01,647 INFO c.h.h.t.HelmChartContainer - [K3S] [dispatcher.go:210] Failed calling webhook, failing open prometheusrulemutate.monitoring.coreos.com: failed calling webhook "prometheusrulemutate.monitoring.coreos.com": failed to call webhook: Post "https://monitoring-stack-kube-prom-operator.monitoring.svc:443/admission-prometheusrules/mutate?timeout=10s": no endpoints available for service "monitoring-stack-kube-prom-operator"
2025-01-30 18:13:01,647 INFO c.h.h.t.HelmChartContainer - [K3S] [dispatcher.go:214] "Unhandled Error" err="failed calling webhook \"prometheusrulemutate.monitoring.coreos.com\": failed to call webhook: Post \"https://monitoring-stack-kube-prom-operator.monitoring.svc:443/admission-prometheusrules/mutate?timeout=10s\": no endpoints available for service \"monitoring-stack-kube-prom-operator\""
2025-01-30 18:13:01,650 INFO c.h.h.t.HelmChartContainer - [K3S] [dispatcher.go:210] Failed calling webhook, failing open prometheusrulemutate.monitoring.coreos.com: failed calling webhook "prometheusrulemutate.monitoring.coreos.com": failed to call webhook: Post "https://monitoring-stack-kube-prom-operator.monitoring.svc:443/admission-prometheusrules/mutate?timeout=10s": no endpoints available for service "monitoring-stack-kube-prom-operator"
2025-01-30 18:13:01,656 INFO c.h.h.t.HelmChartContainer - [K3S] [dispatcher.go:214] "Unhandled Error" err="failed calling webhook \"prometheusrulemutate.monitoring.coreos.com\": failed to call webhook: Post \"https://monitoring-stack-kube-prom-operator.monitoring.svc:443/admission-prometheusrules/mutate?timeout=10s\": no endpoints available for service \"monitoring-stack-kube-prom-operator\""
2025-01-30 18:13:01,658 INFO c.h.h.t.HelmChartContainer - [K3S] [replica_set.go:679] "Finished syncing" kind="ReplicaSet" key="monitoring/monitoring-stack-grafana-64c55fb967" duration="57.257Âµs"
2025-01-30 18:13:01,659 INFO c.h.h.t.HelmChartContainer - [POD] monitoring-stack-grafana-64c55fb967-d48sz [b6fca835-8fe0-42b4-be7c-a887b788dfef] in monitoring was MODIFIED
2025-01-30 18:13:01,687 INFO c.h.h.t.HelmChartContainer - [POD] monitoring-stack-prometheus-node-exporter-l5mll [709ebcd9-101a-4c10-83be-16411bf0984f] in monitoring was MODIFIED
2025-01-30 18:13:01,706 INFO c.h.h.t.HelmChartContainer - [K3S] [replica_set.go:679] "Finished syncing" kind="ReplicaSet" key="monitoring/monitoring-stack-kube-prom-operator-6998896c" duration="129.514945ms"
2025-01-30 18:13:01,706 INFO c.h.h.t.HelmChartContainer - [K3S] [replica_set.go:679] "Finished syncing" kind="ReplicaSet" key="monitoring/monitoring-stack-kube-prom-operator-6998896c" duration="39.304Âµs"
2025-01-30 18:13:01,720 INFO c.h.h.t.HelmChartContainer - [K3S] [replica_set.go:679] "Finished syncing" kind="ReplicaSet" key="monitoring/monitoring-stack-kube-prom-operator-6998896c" duration="42.529Âµs"
2025-01-30 18:13:01,724 INFO c.h.h.t.HelmChartContainer - [POD] monitoring-stack-kube-prom-operator-6998896c-m65xb [b1ff6601-c622-4e3d-884d-f8bf9439ce77] in monitoring was MODIFIED
2025-01-30 18:13:01,735 INFO c.h.h.t.HelmChartContainer - [K3S] [reconciler_common.go:251] "operationExecutor.VerifyControllerAttachedVolume started for volume \"sc-dashboard-provider\" (UniqueName: \"kubernetes.io/configmap/b6fca835-8fe0-42b4-be7c-a887b788dfef-sc-dashboard-provider\") pod \"monitoring-stack-grafana-64c55fb967-d48sz\" (UID: \"b6fca835-8fe0-42b4-be7c-a887b788dfef\") " pod="monitoring/monitoring-stack-grafana-64c55fb967-d48sz"
2025-01-30 18:13:01,737 INFO c.h.h.t.HelmChartContainer - [K3S] [reconciler_common.go:251] "operationExecutor.VerifyControllerAttachedVolume started for volume \"kube-api-access-7xlsv\" (UniqueName: \"kubernetes.io/projected/b1ff6601-c622-4e3d-884d-f8bf9439ce77-kube-api-access-7xlsv\") pod \"monitoring-stack-kube-prom-operator-6998896c-m65xb\" (UID: \"b1ff6601-c622-4e3d-884d-f8bf9439ce77\") " pod="monitoring/monitoring-stack-kube-prom-operator-6998896c-m65xb"
2025-01-30 18:13:01,737 INFO c.h.h.t.HelmChartContainer - [K3S] [reconciler_common.go:251] "operationExecutor.VerifyControllerAttachedVolume started for volume \"storage\" (UniqueName: \"kubernetes.io/empty-dir/b6fca835-8fe0-42b4-be7c-a887b788dfef-storage\") pod \"monitoring-stack-grafana-64c55fb967-d48sz\" (UID: \"b6fca835-8fe0-42b4-be7c-a887b788dfef\") " pod="monitoring/monitoring-stack-grafana-64c55fb967-d48sz"
2025-01-30 18:13:01,737 INFO c.h.h.t.HelmChartContainer - [K3S] [reconciler_common.go:251] "operationExecutor.VerifyControllerAttachedVolume started for volume \"sc-dashboard-volume\" (UniqueName: \"kubernetes.io/empty-dir/b6fca835-8fe0-42b4-be7c-a887b788dfef-sc-dashboard-volume\") pod \"monitoring-stack-grafana-64c55fb967-d48sz\" (UID: \"b6fca835-8fe0-42b4-be7c-a887b788dfef\") " pod="monitoring/monitoring-stack-grafana-64c55fb967-d48sz"
2025-01-30 18:13:01,737 INFO c.h.h.t.HelmChartContainer - [K3S] [reconciler_common.go:251] "operationExecutor.VerifyControllerAttachedVolume started for volume \"tls-secret\" (UniqueName: \"kubernetes.io/secret/b1ff6601-c622-4e3d-884d-f8bf9439ce77-tls-secret\") pod \"monitoring-stack-kube-prom-operator-6998896c-m65xb\" (UID: \"b1ff6601-c622-4e3d-884d-f8bf9439ce77\") " pod="monitoring/monitoring-stack-kube-prom-operator-6998896c-m65xb"
2025-01-30 18:13:01,737 INFO c.h.h.t.HelmChartContainer - [K3S] [reconciler_common.go:251] "operationExecutor.VerifyControllerAttachedVolume started for volume \"proc\" (UniqueName: \"kubernetes.io/host-path/709ebcd9-101a-4c10-83be-16411bf0984f-proc\") pod \"monitoring-stack-prometheus-node-exporter-l5mll\" (UID: \"709ebcd9-101a-4c10-83be-16411bf0984f\") " pod="monitoring/monitoring-stack-prometheus-node-exporter-l5mll"
2025-01-30 18:13:01,737 INFO c.h.h.t.HelmChartContainer - [K3S] [reconciler_common.go:251] "operationExecutor.VerifyControllerAttachedVolume started for volume \"sys\" (UniqueName: \"kubernetes.io/host-path/709ebcd9-101a-4c10-83be-16411bf0984f-sys\") pod \"monitoring-stack-prometheus-node-exporter-l5mll\" (UID: \"709ebcd9-101a-4c10-83be-16411bf0984f\") " pod="monitoring/monitoring-stack-prometheus-node-exporter-l5mll"
2025-01-30 18:13:01,737 INFO c.h.h.t.HelmChartContainer - [K3S] [reconciler_common.go:251] "operationExecutor.VerifyControllerAttachedVolume started for volume \"sc-datasources-volume\" (UniqueName: \"kubernetes.io/empty-dir/b6fca835-8fe0-42b4-be7c-a887b788dfef-sc-datasources-volume\") pod \"monitoring-stack-grafana-64c55fb967-d48sz\" (UID: \"b6fca835-8fe0-42b4-be7c-a887b788dfef\") " pod="monitoring/monitoring-stack-grafana-64c55fb967-d48sz"
2025-01-30 18:13:01,737 INFO c.h.h.t.HelmChartContainer - [K3S] [reconciler_common.go:251] "operationExecutor.VerifyControllerAttachedVolume started for volume \"kube-api-access-4pz89\" (UniqueName: \"kubernetes.io/projected/b6fca835-8fe0-42b4-be7c-a887b788dfef-kube-api-access-4pz89\") pod \"monitoring-stack-grafana-64c55fb967-d48sz\" (UID: \"b6fca835-8fe0-42b4-be7c-a887b788dfef\") " pod="monitoring/monitoring-stack-grafana-64c55fb967-d48sz"
2025-01-30 18:13:01,737 INFO c.h.h.t.HelmChartContainer - [K3S] [reconciler_common.go:251] "operationExecutor.VerifyControllerAttachedVolume started for volume \"config\" (UniqueName: \"kubernetes.io/configmap/b6fca835-8fe0-42b4-be7c-a887b788dfef-config\") pod \"monitoring-stack-grafana-64c55fb967-d48sz\" (UID: \"b6fca835-8fe0-42b4-be7c-a887b788dfef\") " pod="monitoring/monitoring-stack-grafana-64c55fb967-d48sz"
2025-01-30 18:13:01,923 INFO c.h.h.t.HelmChartContainer - [EVENT] Normal [Pulling] Pulling image "registry.k8s.io/kube-state-metrics/kube-state-metrics:v2.14.0" [monitoring:monitoring-stack-kube-state-metrics-5bf5c7b54d-rxwgg]
2025-01-30 18:13:01,965 INFO c.h.h.t.HelmChartContainer - [EVENT] Normal [Pulling] Pulling image "quay.io/prometheus/node-exporter:v1.8.2" [monitoring:monitoring-stack-prometheus-node-exporter-l5mll]
2025-01-30 18:13:01,995 INFO c.h.h.t.HelmChartContainer - [EVENT] Normal [Pulling] Pulling image "quay.io/prometheus-operator/prometheus-operator:v0.79.2" [monitoring:monitoring-stack-kube-prom-operator-6998896c-m65xb]
2025-01-30 18:13:02,003 INFO c.h.h.t.HelmChartContainer - [EVENT] Normal [Pulling] Pulling image "quay.io/kiwigrid/k8s-sidecar:1.28.0" [monitoring:monitoring-stack-grafana-64c55fb967-d48sz]
2025-01-30 18:13:02,054 INFO c.h.h.t.HelmChartContainer - [K3S] [kubelet_volumes.go:163] "Cleaned up orphaned pod volumes dir" podUID="baf8b739-67f7-4887-8ed6-712755c25451" path="/var/lib/kubelet/pods/baf8b739-67f7-4887-8ed6-712755c25451/volumes"
2025-01-30 18:13:02,758 INFO c.h.h.t.HelmChartContainer - [EVENT] Normal [Pulled] Successfully pulled image "registry.k8s.io/kube-state-metrics/kube-state-metrics:v2.14.0" in 835ms (835ms including waiting). Image size: 15427061 bytes. [monitoring:monitoring-stack-kube-state-metrics-5bf5c7b54d-rxwgg]
2025-01-30 18:13:02,772 INFO c.h.h.t.HelmChartContainer - [EVENT] Normal [Created] Created container: kube-state-metrics [monitoring:monitoring-stack-kube-state-metrics-5bf5c7b54d-rxwgg]
2025-01-30 18:13:02,899 INFO c.h.h.t.HelmChartContainer - [EVENT] Normal [Started] Started container kube-state-metrics [monitoring:monitoring-stack-kube-state-metrics-5bf5c7b54d-rxwgg]
2025-01-30 18:13:03,200 INFO c.h.h.t.HelmChartContainer - [K3S] [replica_set.go:679] "Finished syncing" kind="ReplicaSet" key="monitoring/monitoring-stack-kube-state-metrics-5bf5c7b54d" duration="43.972Âµs"
2025-01-30 18:13:03,208 INFO c.h.h.t.HelmChartContainer - [POD] monitoring-stack-kube-state-metrics-5bf5c7b54d-rxwgg [805eac5a-85a6-44a4-9940-c519ecfb91eb] in monitoring was MODIFIED
2025-01-30 18:13:03,250 INFO c.h.h.t.HelmChartContainer - [EVENT] Normal [Pulled] Successfully pulled image "quay.io/prometheus/node-exporter:v1.8.2" in 1.272s (1.272s including waiting). Image size: 12041464 bytes. [monitoring:monitoring-stack-prometheus-node-exporter-l5mll]
2025-01-30 18:13:03,251 INFO c.h.h.t.HelmChartContainer - [K3S] [range_allocator.go:247] "Successfully synced" key="000a7c4bbeea"
2025-01-30 18:13:03,259 INFO c.h.h.t.HelmChartContainer - [EVENT] Normal [Created] Created container: node-exporter [monitoring:monitoring-stack-prometheus-node-exporter-l5mll]
2025-01-30 18:13:03,340 INFO c.h.h.t.HelmChartContainer - [EVENT] Normal [Started] Started container node-exporter [monitoring:monitoring-stack-prometheus-node-exporter-l5mll]
2025-01-30 18:13:03,488 INFO c.h.h.t.HelmChartContainer - [EVENT] Normal [Pulled] Successfully pulled image "quay.io/prometheus-operator/prometheus-operator:v0.79.2" in 1.494s (1.494s including waiting). Image size: 19140913 bytes. [monitoring:monitoring-stack-kube-prom-operator-6998896c-m65xb]
2025-01-30 18:13:03,502 INFO c.h.h.t.HelmChartContainer - [EVENT] Normal [Created] Created container: kube-prometheus-stack [monitoring:monitoring-stack-kube-prom-operator-6998896c-m65xb]
2025-01-30 18:13:03,582 INFO c.h.h.t.HelmChartContainer - [EVENT] Normal [Started] Started container kube-prometheus-stack [monitoring:monitoring-stack-kube-prom-operator-6998896c-m65xb]
2025-01-30 18:13:03,965 INFO c.h.h.t.HelmChartContainer - [POD] alertmanager-monitoring-stack-kube-prom-alertmanager-0 [7218c8f0-2edc-4347-b7d0-50ba464c20a4] in monitoring was ADDED
2025-01-30 18:13:03,988 INFO c.h.h.t.HelmChartContainer - [EVENT] Normal [SuccessfulCreate] create Pod alertmanager-monitoring-stack-kube-prom-alertmanager-0 in StatefulSet alertmanager-monitoring-stack-kube-prom-alertmanager successful [monitoring:alertmanager-monitoring-stack-kube-prom-alertmanager]
2025-01-30 18:13:03,990 INFO c.h.h.t.HelmChartContainer - [EVENT] Normal [Scheduled] Successfully assigned monitoring/alertmanager-monitoring-stack-kube-prom-alertmanager-0 to 000a7c4bbeea [monitoring:alertmanager-monitoring-stack-kube-prom-alertmanager-0]
2025-01-30 18:13:03,993 INFO c.h.h.t.HelmChartContainer - [POD] alertmanager-monitoring-stack-kube-prom-alertmanager-0 [7218c8f0-2edc-4347-b7d0-50ba464c20a4] in monitoring was MODIFIED
2025-01-30 18:13:04,042 INFO c.h.h.t.HelmChartContainer - [POD] alertmanager-monitoring-stack-kube-prom-alertmanager-0 [7218c8f0-2edc-4347-b7d0-50ba464c20a4] in monitoring was MODIFIED
2025-01-30 18:13:04,080 INFO c.h.h.t.HelmChartContainer - [K3S] [reconciler_common.go:251] "operationExecutor.VerifyControllerAttachedVolume started for volume \"config-volume\" (UniqueName: \"kubernetes.io/secret/7218c8f0-2edc-4347-b7d0-50ba464c20a4-config-volume\") pod \"alertmanager-monitoring-stack-kube-prom-alertmanager-0\" (UID: \"7218c8f0-2edc-4347-b7d0-50ba464c20a4\") " pod="monitoring/alertmanager-monitoring-stack-kube-prom-alertmanager-0"
2025-01-30 18:13:04,081 INFO c.h.h.t.HelmChartContainer - [K3S] [reconciler_common.go:251] "operationExecutor.VerifyControllerAttachedVolume started for volume \"config-out\" (UniqueName: \"kubernetes.io/empty-dir/7218c8f0-2edc-4347-b7d0-50ba464c20a4-config-out\") pod \"alertmanager-monitoring-stack-kube-prom-alertmanager-0\" (UID: \"7218c8f0-2edc-4347-b7d0-50ba464c20a4\") " pod="monitoring/alertmanager-monitoring-stack-kube-prom-alertmanager-0"
2025-01-30 18:13:04,082 INFO c.h.h.t.HelmChartContainer - [K3S] [reconciler_common.go:251] "operationExecutor.VerifyControllerAttachedVolume started for volume \"alertmanager-monitoring-stack-kube-prom-alertmanager-db\" (UniqueName: \"kubernetes.io/empty-dir/7218c8f0-2edc-4347-b7d0-50ba464c20a4-alertmanager-monitoring-stack-kube-prom-alertmanager-db\") pod \"alertmanager-monitoring-stack-kube-prom-alertmanager-0\" (UID: \"7218c8f0-2edc-4347-b7d0-50ba464c20a4\") " pod="monitoring/alertmanager-monitoring-stack-kube-prom-alertmanager-0"
2025-01-30 18:13:04,082 INFO c.h.h.t.HelmChartContainer - [K3S] [reconciler_common.go:251] "operationExecutor.VerifyControllerAttachedVolume started for volume \"kube-api-access-whx97\" (UniqueName: \"kubernetes.io/projected/7218c8f0-2edc-4347-b7d0-50ba464c20a4-kube-api-access-whx97\") pod \"alertmanager-monitoring-stack-kube-prom-alertmanager-0\" (UID: \"7218c8f0-2edc-4347-b7d0-50ba464c20a4\") " pod="monitoring/alertmanager-monitoring-stack-kube-prom-alertmanager-0"
2025-01-30 18:13:04,082 INFO c.h.h.t.HelmChartContainer - [K3S] [reconciler_common.go:251] "operationExecutor.VerifyControllerAttachedVolume started for volume \"web-config\" (UniqueName: \"kubernetes.io/secret/7218c8f0-2edc-4347-b7d0-50ba464c20a4-web-config\") pod \"alertmanager-monitoring-stack-kube-prom-alertmanager-0\" (UID: \"7218c8f0-2edc-4347-b7d0-50ba464c20a4\") " pod="monitoring/alertmanager-monitoring-stack-kube-prom-alertmanager-0"
2025-01-30 18:13:04,083 INFO c.h.h.t.HelmChartContainer - [K3S] [reconciler_common.go:251] "operationExecutor.VerifyControllerAttachedVolume started for volume \"tls-assets\" (UniqueName: \"kubernetes.io/projected/7218c8f0-2edc-4347-b7d0-50ba464c20a4-tls-assets\") pod \"alertmanager-monitoring-stack-kube-prom-alertmanager-0\" (UID: \"7218c8f0-2edc-4347-b7d0-50ba464c20a4\") " pod="monitoring/alertmanager-monitoring-stack-kube-prom-alertmanager-0"
2025-01-30 18:13:04,249 INFO c.h.h.t.HelmChartContainer - [POD] monitoring-stack-kube-prom-operator-6998896c-m65xb [b1ff6601-c622-4e3d-884d-f8bf9439ce77] in monitoring was MODIFIED
2025-01-30 18:13:04,255 INFO c.h.h.t.HelmChartContainer - [K3S] [replica_set.go:679] "Finished syncing" kind="ReplicaSet" key="monitoring/monitoring-stack-kube-prom-operator-6998896c" duration="78.396Âµs"
2025-01-30 18:13:04,311 INFO c.h.h.t.HelmChartContainer - [POD] monitoring-stack-prometheus-node-exporter-l5mll [709ebcd9-101a-4c10-83be-16411bf0984f] in monitoring was MODIFIED
2025-01-30 18:13:04,364 INFO c.h.h.t.HelmChartContainer - [POD] monitoring-stack-kube-prom-operator-6998896c-m65xb [b1ff6601-c622-4e3d-884d-f8bf9439ce77] in monitoring was MODIFIED
2025-01-30 18:13:04,370 INFO c.h.h.t.HelmChartContainer - [K3S] [replica_set.go:679] "Finished syncing" kind="ReplicaSet" key="monitoring/monitoring-stack-kube-prom-operator-6998896c" duration="16.761742ms"
2025-01-30 18:13:04,375 INFO c.h.h.t.HelmChartContainer - [K3S] [replica_set.go:679] "Finished syncing" kind="ReplicaSet" key="monitoring/monitoring-stack-kube-prom-operator-6998896c" duration="55.123Âµs"
2025-01-30 18:13:04,444 INFO c.h.h.t.HelmChartContainer - [POD] prometheus-monitoring-stack-kube-prom-prometheus-0 [b1d36cf8-d1a1-42c1-bf7c-f0bab67576f6] in monitoring was ADDED
2025-01-30 18:13:04,460 INFO c.h.h.t.HelmChartContainer - [EVENT] Normal [SuccessfulCreate] create Pod prometheus-monitoring-stack-kube-prom-prometheus-0 in StatefulSet prometheus-monitoring-stack-kube-prom-prometheus successful [monitoring:prometheus-monitoring-stack-kube-prom-prometheus]
2025-01-30 18:13:04,470 INFO c.h.h.t.HelmChartContainer - [POD] prometheus-monitoring-stack-kube-prom-prometheus-0 [b1d36cf8-d1a1-42c1-bf7c-f0bab67576f6] in monitoring was MODIFIED
2025-01-30 18:13:04,501 INFO c.h.h.t.HelmChartContainer - [EVENT] Normal [Scheduled] Successfully assigned monitoring/prometheus-monitoring-stack-kube-prom-prometheus-0 to 000a7c4bbeea [monitoring:prometheus-monitoring-stack-kube-prom-prometheus-0]
2025-01-30 18:13:04,564 INFO c.h.h.t.HelmChartContainer - [POD] prometheus-monitoring-stack-kube-prom-prometheus-0 [b1d36cf8-d1a1-42c1-bf7c-f0bab67576f6] in monitoring was MODIFIED
2025-01-30 18:13:04,577 INFO c.h.h.t.HelmChartContainer - [EVENT] Normal [Pulling] Pulling image "quay.io/prometheus-operator/prometheus-config-reloader:v0.79.2" [monitoring:alertmanager-monitoring-stack-kube-prom-alertmanager-0]
2025-01-30 18:13:04,587 INFO c.h.h.t.HelmChartContainer - [K3S] [reconciler_common.go:251] "operationExecutor.VerifyControllerAttachedVolume started for volume \"prometheus-monitoring-stack-kube-prom-prometheus-db\" (UniqueName: \"kubernetes.io/empty-dir/b1d36cf8-d1a1-42c1-bf7c-f0bab67576f6-prometheus-monitoring-stack-kube-prom-prometheus-db\") pod \"prometheus-monitoring-stack-kube-prom-prometheus-0\" (UID: \"b1d36cf8-d1a1-42c1-bf7c-f0bab67576f6\") " pod="monitoring/prometheus-monitoring-stack-kube-prom-prometheus-0"
2025-01-30 18:13:04,588 INFO c.h.h.t.HelmChartContainer - [K3S] [reconciler_common.go:251] "operationExecutor.VerifyControllerAttachedVolume started for volume \"config-out\" (UniqueName: \"kubernetes.io/empty-dir/b1d36cf8-d1a1-42c1-bf7c-f0bab67576f6-config-out\") pod \"prometheus-monitoring-stack-kube-prom-prometheus-0\" (UID: \"b1d36cf8-d1a1-42c1-bf7c-f0bab67576f6\") " pod="monitoring/prometheus-monitoring-stack-kube-prom-prometheus-0"
2025-01-30 18:13:04,590 INFO c.h.h.t.HelmChartContainer - [K3S] [reconciler_common.go:251] "operationExecutor.VerifyControllerAttachedVolume started for volume \"kube-api-access-9hp9d\" (UniqueName: \"kubernetes.io/projected/b1d36cf8-d1a1-42c1-bf7c-f0bab67576f6-kube-api-access-9hp9d\") pod \"prometheus-monitoring-stack-kube-prom-prometheus-0\" (UID: \"b1d36cf8-d1a1-42c1-bf7c-f0bab67576f6\") " pod="monitoring/prometheus-monitoring-stack-kube-prom-prometheus-0"
2025-01-30 18:13:04,590 INFO c.h.h.t.HelmChartContainer - [K3S] [reconciler_common.go:251] "operationExecutor.VerifyControllerAttachedVolume started for volume \"web-config\" (UniqueName: \"kubernetes.io/secret/b1d36cf8-d1a1-42c1-bf7c-f0bab67576f6-web-config\") pod \"prometheus-monitoring-stack-kube-prom-prometheus-0\" (UID: \"b1d36cf8-d1a1-42c1-bf7c-f0bab67576f6\") " pod="monitoring/prometheus-monitoring-stack-kube-prom-prometheus-0"
2025-01-30 18:13:04,590 INFO c.h.h.t.HelmChartContainer - [K3S] [reconciler_common.go:251] "operationExecutor.VerifyControllerAttachedVolume started for volume \"config\" (UniqueName: \"kubernetes.io/secret/b1d36cf8-d1a1-42c1-bf7c-f0bab67576f6-config\") pod \"prometheus-monitoring-stack-kube-prom-prometheus-0\" (UID: \"b1d36cf8-d1a1-42c1-bf7c-f0bab67576f6\") " pod="monitoring/prometheus-monitoring-stack-kube-prom-prometheus-0"
2025-01-30 18:13:04,590 INFO c.h.h.t.HelmChartContainer - [K3S] [reconciler_common.go:251] "operationExecutor.VerifyControllerAttachedVolume started for volume \"prometheus-monitoring-stack-kube-prom-prometheus-rulefiles-0\" (UniqueName: \"kubernetes.io/configmap/b1d36cf8-d1a1-42c1-bf7c-f0bab67576f6-prometheus-monitoring-stack-kube-prom-prometheus-rulefiles-0\") pod \"prometheus-monitoring-stack-kube-prom-prometheus-0\" (UID: \"b1d36cf8-d1a1-42c1-bf7c-f0bab67576f6\") " pod="monitoring/prometheus-monitoring-stack-kube-prom-prometheus-0"
2025-01-30 18:13:04,590 INFO c.h.h.t.HelmChartContainer - [K3S] [reconciler_common.go:251] "operationExecutor.VerifyControllerAttachedVolume started for volume \"tls-assets\" (UniqueName: \"kubernetes.io/projected/b1d36cf8-d1a1-42c1-bf7c-f0bab67576f6-tls-assets\") pod \"prometheus-monitoring-stack-kube-prom-prometheus-0\" (UID: \"b1d36cf8-d1a1-42c1-bf7c-f0bab67576f6\") " pod="monitoring/prometheus-monitoring-stack-kube-prom-prometheus-0"
2025-01-30 18:13:04,887 INFO c.h.h.t.HelmChartContainer - [EVENT] Normal [Pulled] Successfully pulled image "quay.io/kiwigrid/k8s-sidecar:1.28.0" in 2.884s (2.884s including waiting). Image size: 23059632 bytes. [monitoring:monitoring-stack-grafana-64c55fb967-d48sz]
2025-01-30 18:13:04,906 INFO c.h.h.t.HelmChartContainer - [EVENT] Normal [Created] Created container: grafana-sc-dashboard [monitoring:monitoring-stack-grafana-64c55fb967-d48sz]
2025-01-30 18:13:04,925 INFO c.h.h.t.HelmChartContainer - [EVENT] Normal [Pulling] Pulling image "quay.io/prometheus-operator/prometheus-config-reloader:v0.79.2" [monitoring:prometheus-monitoring-stack-kube-prom-prometheus-0]
2025-01-30 18:13:04,972 INFO c.h.h.t.HelmChartContainer - [EVENT] Normal [Started] Started container grafana-sc-dashboard [monitoring:monitoring-stack-grafana-64c55fb967-d48sz]
2025-01-30 18:13:04,975 INFO c.h.h.t.HelmChartContainer - [EVENT] Normal [Pulled] Container image "quay.io/kiwigrid/k8s-sidecar:1.28.0" already present on machine [monitoring:monitoring-stack-grafana-64c55fb967-d48sz]
2025-01-30 18:13:04,985 INFO c.h.h.t.HelmChartContainer - [EVENT] Normal [Created] Created container: grafana-sc-datasources [monitoring:monitoring-stack-grafana-64c55fb967-d48sz]
2025-01-30 18:13:05,063 INFO c.h.h.t.HelmChartContainer - [EVENT] Normal [Started] Started container grafana-sc-datasources [monitoring:monitoring-stack-grafana-64c55fb967-d48sz]
2025-01-30 18:13:05,066 INFO c.h.h.t.HelmChartContainer - [EVENT] Normal [Pulling] Pulling image "docker.io/grafana/grafana:11.4.0" [monitoring:monitoring-stack-grafana-64c55fb967-d48sz]
2025-01-30 18:13:07,124 INFO c.h.h.t.HelmChartContainer - [EVENT] Normal [Pulled] Successfully pulled image "quay.io/prometheus-operator/prometheus-config-reloader:v0.79.2" in 2.555s (2.555s including waiting). Image size: 14945849 bytes. [monitoring:alertmanager-monitoring-stack-kube-prom-alertmanager-0]
2025-01-30 18:13:07,130 INFO c.h.h.t.HelmChartContainer - [EVENT] Normal [Pulled] Successfully pulled image "quay.io/prometheus-operator/prometheus-config-reloader:v0.79.2" in 2.197s (2.197s including waiting). Image size: 14945849 bytes. [monitoring:prometheus-monitoring-stack-kube-prom-prometheus-0]
2025-01-30 18:13:07,145 INFO c.h.h.t.HelmChartContainer - [EVENT] Normal [Created] Created container: init-config-reloader [monitoring:prometheus-monitoring-stack-kube-prom-prometheus-0]
2025-01-30 18:13:07,151 INFO c.h.h.t.HelmChartContainer - [EVENT] Normal [Created] Created container: init-config-reloader [monitoring:alertmanager-monitoring-stack-kube-prom-alertmanager-0]
2025-01-30 18:13:07,241 INFO c.h.h.t.HelmChartContainer - [EVENT] Normal [Started] Started container init-config-reloader [monitoring:alertmanager-monitoring-stack-kube-prom-alertmanager-0]
2025-01-30 18:13:07,265 INFO c.h.h.t.HelmChartContainer - [EVENT] Normal [Started] Started container init-config-reloader [monitoring:prometheus-monitoring-stack-kube-prom-prometheus-0]
2025-01-30 18:13:08,243 INFO c.h.h.t.HelmChartContainer - [EVENT] Normal [Pulling] Pulling image "quay.io/prometheus/alertmanager:v0.28.0" [monitoring:alertmanager-monitoring-stack-kube-prom-alertmanager-0]
2025-01-30 18:13:08,245 INFO c.h.h.t.HelmChartContainer - [EVENT] Normal [Pulling] Pulling image "quay.io/prometheus/prometheus:v3.1.0" [monitoring:prometheus-monitoring-stack-kube-prom-prometheus-0]
2025-01-30 18:13:08,263 INFO c.h.h.t.HelmChartContainer - [POD] alertmanager-monitoring-stack-kube-prom-alertmanager-0 [7218c8f0-2edc-4347-b7d0-50ba464c20a4] in monitoring was MODIFIED
2025-01-30 18:13:08,299 INFO c.h.h.t.HelmChartContainer - [POD] prometheus-monitoring-stack-kube-prom-prometheus-0 [b1d36cf8-d1a1-42c1-bf7c-f0bab67576f6] in monitoring was MODIFIED
2025-01-30 18:13:10,661 INFO c.h.h.t.HelmChartContainer - [EVENT] Normal [Pulled] Successfully pulled image "quay.io/prometheus/alertmanager:v0.28.0" in 2.426s (2.426s including waiting). Image size: 35012199 bytes. [monitoring:alertmanager-monitoring-stack-kube-prom-alertmanager-0]
2025-01-30 18:13:10,675 INFO c.h.h.t.HelmChartContainer - [EVENT] Normal [Created] Created container: alertmanager [monitoring:alertmanager-monitoring-stack-kube-prom-alertmanager-0]
2025-01-30 18:13:10,761 INFO c.h.h.t.HelmChartContainer - [EVENT] Normal [Started] Started container alertmanager [monitoring:alertmanager-monitoring-stack-kube-prom-alertmanager-0]
2025-01-30 18:13:10,763 INFO c.h.h.t.HelmChartContainer - [EVENT] Normal [Pulled] Container image "quay.io/prometheus-operator/prometheus-config-reloader:v0.79.2" already present on machine [monitoring:alertmanager-monitoring-stack-kube-prom-alertmanager-0]
2025-01-30 18:13:10,790 INFO c.h.h.t.HelmChartContainer - [EVENT] Normal [Created] Created container: config-reloader [monitoring:alertmanager-monitoring-stack-kube-prom-alertmanager-0]
2025-01-30 18:13:10,879 INFO c.h.h.t.HelmChartContainer - [EVENT] Normal [Started] Started container config-reloader [monitoring:alertmanager-monitoring-stack-kube-prom-alertmanager-0]
2025-01-30 18:13:11,279 INFO c.h.h.t.HelmChartContainer - [POD] alertmanager-monitoring-stack-kube-prom-alertmanager-0 [7218c8f0-2edc-4347-b7d0-50ba464c20a4] in monitoring was MODIFIED
2025-01-30 18:13:11,752 INFO c.h.h.t.HelmChartContainer - [EVENT] Normal [Pulled] Successfully pulled image "docker.io/grafana/grafana:11.4.0" in 6.69s (6.69s including waiting). Image size: 132825227 bytes. [monitoring:monitoring-stack-grafana-64c55fb967-d48sz]
2025-01-30 18:13:11,769 INFO c.h.h.t.HelmChartContainer - [EVENT] Normal [Created] Created container: grafana [monitoring:monitoring-stack-grafana-64c55fb967-d48sz]
2025-01-30 18:13:11,861 INFO c.h.h.t.HelmChartContainer - [EVENT] Normal [Started] Started container grafana [monitoring:monitoring-stack-grafana-64c55fb967-d48sz]
2025-01-30 18:13:12,258 INFO c.h.h.t.HelmChartContainer - [EVENT] Warning [Unhealthy] Readiness probe failed: Get "http://10.42.0.7:3000/api/health": dial tcp 10.42.0.7:3000: connect: connection refused [monitoring:monitoring-stack-grafana-64c55fb967-d48sz]
2025-01-30 18:13:12,273 INFO c.h.h.t.HelmChartContainer - [K3S] [replica_set.go:679] "Finished syncing" kind="ReplicaSet" key="monitoring/monitoring-stack-grafana-64c55fb967" duration="63.509Âµs"
2025-01-30 18:13:12,275 INFO c.h.h.t.HelmChartContainer - [POD] monitoring-stack-grafana-64c55fb967-d48sz [b6fca835-8fe0-42b4-be7c-a887b788dfef] in monitoring was MODIFIED
2025-01-30 18:13:12,694 INFO c.h.h.t.HelmChartContainer - [EVENT] Normal [Pulled] Successfully pulled image "quay.io/prometheus/prometheus:v3.1.0" in 4.451s (4.451s including waiting). Image size: 116764168 bytes. [monitoring:prometheus-monitoring-stack-kube-prom-prometheus-0]
2025-01-30 18:13:12,708 INFO c.h.h.t.HelmChartContainer - [EVENT] Normal [Created] Created container: prometheus [monitoring:prometheus-monitoring-stack-kube-prom-prometheus-0]
2025-01-30 18:13:12,783 INFO c.h.h.t.HelmChartContainer - [EVENT] Normal [Started] Started container prometheus [monitoring:prometheus-monitoring-stack-kube-prom-prometheus-0]
2025-01-30 18:13:12,792 INFO c.h.h.t.HelmChartContainer - [EVENT] Normal [Pulled] Container image "quay.io/prometheus-operator/prometheus-config-reloader:v0.79.2" already present on machine [monitoring:prometheus-monitoring-stack-kube-prom-prometheus-0]
2025-01-30 18:13:12,801 INFO c.h.h.t.HelmChartContainer - [EVENT] Normal [Created] Created container: config-reloader [monitoring:prometheus-monitoring-stack-kube-prom-prometheus-0]
2025-01-30 18:13:12,896 INFO c.h.h.t.HelmChartContainer - [EVENT] Normal [Started] Started container config-reloader [monitoring:prometheus-monitoring-stack-kube-prom-prometheus-0]
2025-01-30 18:13:13,262 INFO c.h.h.t.HelmChartContainer - [EVENT] Warning [Unhealthy] Readiness probe failed: Get "http://10.42.0.7:3000/api/health": dial tcp 10.42.0.7:3000: connect: connection refused [monitoring:monitoring-stack-grafana-64c55fb967-d48sz]
2025-01-30 18:13:13,274 INFO c.h.h.t.HelmChartContainer - [POD] prometheus-monitoring-stack-kube-prom-prometheus-0 [b1d36cf8-d1a1-42c1-bf7c-f0bab67576f6] in monitoring was MODIFIED
2025-01-30 18:13:14,226 INFO c.h.h.t.HelmChartContainer - [POD] monitoring-stack-kube-state-metrics-5bf5c7b54d-rxwgg [805eac5a-85a6-44a4-9940-c519ecfb91eb] in monitoring was MODIFIED
2025-01-30 18:13:14,238 INFO c.h.h.t.HelmChartContainer - [K3S] [replica_set.go:679] "Finished syncing" kind="ReplicaSet" key="monitoring/monitoring-stack-kube-state-metrics-5bf5c7b54d" duration="13.685976ms"
2025-01-30 18:13:14,238 INFO c.h.h.t.HelmChartContainer - [K3S] [replica_set.go:679] "Finished syncing" kind="ReplicaSet" key="monitoring/monitoring-stack-kube-state-metrics-5bf5c7b54d" duration="61.344Âµs"
2025-01-30 18:13:14,263 INFO c.h.h.t.HelmChartContainer - [EVENT] Warning [Unhealthy] Readiness probe failed: Get "http://10.42.0.7:3000/api/health": dial tcp 10.42.0.7:3000: connect: connection refused [monitoring:monitoring-stack-grafana-64c55fb967-d48sz]
2025-01-30 18:13:17,271 INFO c.h.h.t.HelmChartContainer - [POD] alertmanager-monitoring-stack-kube-prom-alertmanager-0 [7218c8f0-2edc-4347-b7d0-50ba464c20a4] in monitoring was MODIFIED
2025-01-30 18:13:19,788 INFO c.h.h.t.HelmChartContainer - [POD] prometheus-monitoring-stack-kube-prom-prometheus-0 [b1d36cf8-d1a1-42c1-bf7c-f0bab67576f6] in monitoring was MODIFIED
2025-01-30 18:13:20,285 INFO c.h.h.t.HelmChartContainer - [POD] prometheus-monitoring-stack-kube-prom-prometheus-0 [b1d36cf8-d1a1-42c1-bf7c-f0bab67576f6] in monitoring was MODIFIED
2025-01-30 18:13:24,276 INFO c.h.h.t.HelmChartContainer - [POD] monitoring-stack-grafana-64c55fb967-d48sz [b6fca835-8fe0-42b4-be7c-a887b788dfef] in monitoring was MODIFIED
2025-01-30 18:13:24,278 INFO c.h.h.t.HelmChartContainer - [K3S] [replica_set.go:679] "Finished syncing" kind="ReplicaSet" key="monitoring/monitoring-stack-grafana-64c55fb967" duration="8.515605ms"
2025-01-30 18:13:24,279 INFO c.h.h.t.HelmChartContainer - [K3S] [replica_set.go:679] "Finished syncing" kind="ReplicaSet" key="monitoring/monitoring-stack-grafana-64c55fb967" duration="75.681Âµs"
2025-01-30 18:13:26,517 INFO c.h.h.t.HelmChartContainer - [K3S] [job_controller.go:598] "enqueueing job" key="monitoring/monitoring-stack-kube-prom-admission-patch" delay="0s"
2025-01-30 18:13:26,522 INFO c.h.h.t.HelmChartContainer - [POD] monitoring-stack-kube-prom-admission-patch-swwqg [7980d72a-96e6-4948-800a-1e1de7daed3c] in monitoring was ADDED
2025-01-30 18:13:26,523 INFO c.h.h.t.HelmChartContainer - [K3S] [job_controller.go:598] "enqueueing job" key="monitoring/monitoring-stack-kube-prom-admission-patch" delay="1s"
2025-01-30 18:13:26,528 INFO c.h.h.t.HelmChartContainer - [EVENT] Normal [SuccessfulCreate] Created pod: monitoring-stack-kube-prom-admission-patch-swwqg [monitoring:monitoring-stack-kube-prom-admission-patch]
2025-01-30 18:13:26,530 INFO c.h.h.t.HelmChartContainer - [EVENT] Normal [Scheduled] Successfully assigned monitoring/monitoring-stack-kube-prom-admission-patch-swwqg to 000a7c4bbeea [monitoring:monitoring-stack-kube-prom-admission-patch-swwqg]
2025-01-30 18:13:26,531 INFO c.h.h.t.HelmChartContainer - [K3S] [job_controller.go:598] "enqueueing job" key="monitoring/monitoring-stack-kube-prom-admission-patch" delay="1s"
2025-01-30 18:13:26,531 INFO c.h.h.t.HelmChartContainer - [K3S] [job_controller.go:598] "enqueueing job" key="monitoring/monitoring-stack-kube-prom-admission-patch" delay="1s"
2025-01-30 18:13:26,531 INFO c.h.h.t.HelmChartContainer - [POD] monitoring-stack-kube-prom-admission-patch-swwqg [7980d72a-96e6-4948-800a-1e1de7daed3c] in monitoring was MODIFIED
2025-01-30 18:13:26,537 INFO c.h.h.t.HelmChartContainer - [K3S] [job_controller.go:598] "enqueueing job" key="monitoring/monitoring-stack-kube-prom-admission-patch" delay="1s"
2025-01-30 18:13:26,537 INFO c.h.h.t.HelmChartContainer - [POD] monitoring-stack-kube-prom-admission-patch-swwqg [7980d72a-96e6-4948-800a-1e1de7daed3c] in monitoring was MODIFIED
2025-01-30 18:13:26,645 INFO c.h.h.t.HelmChartContainer - [K3S] [reconciler_common.go:251] "operationExecutor.VerifyControllerAttachedVolume started for volume \"kube-api-access-zdphl\" (UniqueName: \"kubernetes.io/projected/7980d72a-96e6-4948-800a-1e1de7daed3c-kube-api-access-zdphl\") pod \"monitoring-stack-kube-prom-admission-patch-swwqg\" (UID: \"7980d72a-96e6-4948-800a-1e1de7daed3c\") " pod="monitoring/monitoring-stack-kube-prom-admission-patch-swwqg"
2025-01-30 18:13:26,919 INFO c.h.h.t.HelmChartContainer - [EVENT] Normal [Pulled] Container image "registry.k8s.io/ingress-nginx/kube-webhook-certgen:v1.5.1" already present on machine [monitoring:monitoring-stack-kube-prom-admission-patch-swwqg]
2025-01-30 18:13:26,931 INFO c.h.h.t.HelmChartContainer - [EVENT] Normal [Created] Created container: patch [monitoring:monitoring-stack-kube-prom-admission-patch-swwqg]
2025-01-30 18:13:26,993 INFO c.h.h.t.HelmChartContainer - [EVENT] Normal [Started] Started container patch [monitoring:monitoring-stack-kube-prom-admission-patch-swwqg]
2025-01-30 18:13:27,318 INFO c.h.h.t.HelmChartContainer - [POD] monitoring-stack-kube-prom-admission-patch-swwqg [7980d72a-96e6-4948-800a-1e1de7daed3c] in monitoring was MODIFIED
2025-01-30 18:13:27,319 INFO c.h.h.t.HelmChartContainer - [K3S] [job_controller.go:598] "enqueueing job" key="monitoring/monitoring-stack-kube-prom-admission-patch" delay="1s"
2025-01-30 18:13:27,528 INFO c.h.h.t.HelmChartContainer - [K3S] [job_controller.go:598] "enqueueing job" key="monitoring/monitoring-stack-kube-prom-admission-patch" delay="1s"
2025-01-30 18:13:29,294 INFO c.h.h.t.HelmChartContainer - [K3S] [job_controller.go:598] "enqueueing job" key="monitoring/monitoring-stack-kube-prom-admission-patch" delay="1s"
2025-01-30 18:13:29,295 INFO c.h.h.t.HelmChartContainer - [POD] monitoring-stack-kube-prom-admission-patch-swwqg [7980d72a-96e6-4948-800a-1e1de7daed3c] in monitoring was MODIFIED
2025-01-30 18:13:30,299 INFO c.h.h.t.HelmChartContainer - [K3S] [job_controller.go:598] "enqueueing job" key="monitoring/monitoring-stack-kube-prom-admission-patch" delay="1s"
2025-01-30 18:13:30,369 INFO c.h.h.t.HelmChartContainer - [K3S] [job_controller.go:598] "enqueueing job" key="monitoring/monitoring-stack-kube-prom-admission-patch" delay="1s"
2025-01-30 18:13:30,369 INFO c.h.h.t.HelmChartContainer - [POD] monitoring-stack-kube-prom-admission-patch-swwqg [7980d72a-96e6-4948-800a-1e1de7daed3c] in monitoring was MODIFIED
2025-01-30 18:13:30,466 INFO c.h.h.t.HelmChartContainer - [K3S] [reconciler_common.go:162] "operationExecutor.UnmountVolume started for volume \"kube-api-access-zdphl\" (UniqueName: \"kubernetes.io/projected/7980d72a-96e6-4948-800a-1e1de7daed3c-kube-api-access-zdphl\") pod \"7980d72a-96e6-4948-800a-1e1de7daed3c\" (UID: \"7980d72a-96e6-4948-800a-1e1de7daed3c\") "
2025-01-30 18:13:30,567 INFO c.h.h.t.HelmChartContainer - [K3S] [reconciler_common.go:299] "Volume detached for volume \"kube-api-access-zdphl\" (UniqueName: \"kubernetes.io/projected/7980d72a-96e6-4948-800a-1e1de7daed3c-kube-api-access-zdphl\") on node \"000a7c4bbeea\" DevicePath \"\""
2025-01-30 18:13:31,291 INFO c.h.h.t.HelmChartContainer - [K3S] [pod_container_deletor.go:80] "Container not found in pod's containers" containerID="9b6393237ac3a0d9f0602a066bd4fdafc62cd9b9a4e9e251d4cb25b6c2000a1c"
2025-01-30 18:13:31,303 INFO c.h.h.t.HelmChartContainer - [K3S] [job_controller.go:598] "enqueueing job" key="monitoring/monitoring-stack-kube-prom-admission-patch" delay="1s"
2025-01-30 18:13:31,307 INFO c.h.h.t.HelmChartContainer - [K3S] [job_controller.go:598] "enqueueing job" key="monitoring/monitoring-stack-kube-prom-admission-patch" delay="1s"
2025-01-30 18:13:31,308 INFO c.h.h.t.HelmChartContainer - [POD] monitoring-stack-kube-prom-admission-patch-swwqg [7980d72a-96e6-4948-800a-1e1de7daed3c] in monitoring was MODIFIED
2025-01-30 18:13:31,313 INFO c.h.h.t.HelmChartContainer - [EVENT] Normal [Completed] Job completed [monitoring:monitoring-stack-kube-prom-admission-patch]
2025-01-30 18:13:31,318 INFO c.h.h.t.HelmChartContainer - [K3S] [job_controller.go:598] "enqueueing job" key="monitoring/monitoring-stack-kube-prom-admission-patch" delay="0s"
2025-01-30 18:13:31,325 INFO c.h.h.t.HelmChartContainer - [POD] monitoring-stack-kube-prom-admission-patch-swwqg [7980d72a-96e6-4948-800a-1e1de7daed3c] in monitoring was MODIFIED
2025-01-30 18:13:31,328 INFO c.h.h.t.HelmChartContainer - [POD] monitoring-stack-kube-prom-admission-patch-swwqg [7980d72a-96e6-4948-800a-1e1de7daed3c] in monitoring was DELETED
2025-01-30 18:13:31,484 INFO com.hivemq.helmcharts.util.K8sUtil - Pod 'monitoring-stack-prometheus-node-exporter-l5mll' is ready
2025-01-30 18:13:31,484 INFO com.hivemq.helmcharts.util.K8sUtil - Pod 'monitoring-stack-kube-prom-operator-6998896c-m65xb' is ready
2025-01-30 18:13:31,485 INFO com.hivemq.helmcharts.util.K8sUtil - Pod 'monitoring-stack-grafana-64c55fb967-d48sz' is ready
2025-01-30 18:13:31,485 INFO com.hivemq.helmcharts.util.K8sUtil - Pod 'monitoring-stack-grafana-64c55fb967-d48sz' is ready
2025-01-30 18:13:31,485 INFO com.hivemq.helmcharts.util.K8sUtil - Pod 'monitoring-stack-grafana-64c55fb967-d48sz' is ready
2025-01-30 18:13:31,485 INFO com.hivemq.helmcharts.util.K8sUtil - Pod 'monitoring-stack-kube-state-metrics-5bf5c7b54d-rxwgg' is ready
2025-01-30 18:13:31,564 DEBUG c.h.h.t.HelmChartContainer - Executing helm command: /bin/helm --kubeconfig /etc/rancher/k3s/k3s.yaml install test-hivemq-platform-operator /charts/hivemq-platform-operator --wait --timeout 5m0s --set image.repository=docker.io/hivemq --set image.name=hivemq-platform-operator-test --set image.initImageName=hivemq-platform-operator-init-test --set image.tag=snapshot --set image.pullPolicy=Never --set logLevel=DEBUG --set resources.cpu=512m -f /files/operator-monitoring-enabled-values.yaml --namespace helmmonitoringoperatorit-operator
2025-01-30 18:13:32,053 INFO c.h.h.t.HelmChartContainer - [K3S] [kubelet_volumes.go:163] "Cleaned up orphaned pod volumes dir" podUID="7980d72a-96e6-4948-800a-1e1de7daed3c" path="/var/lib/kubelet/pods/7980d72a-96e6-4948-800a-1e1de7daed3c/volumes"
2025-01-30 18:13:32,084 INFO c.h.h.t.HelmChartContainer - [K3S] [scope.go:117] "RemoveContainer" containerID="13c12da8ab37fd73b0748a1a0a8de6b64523e496188f47331dc630fe006f0e18"
2025-01-30 18:13:32,089 INFO c.h.h.t.HelmChartContainer - [K3S] [scope.go:117] "RemoveContainer" containerID="174dd8a901e7f823300cbf9fe23d5db6461cb4be133af15511a45a95c2cae29a"
2025-01-30 18:13:34,083 INFO c.h.h.t.HelmChartContainer - [K3S] [alloc.go:330] "allocated clusterIPs" service="helmmonitoringoperatorit-operator/hivemq-platform-operator-test-hivemq-platform-operator" clusterIPs={"IPv4":"10.43.124.145"}
2025-01-30 18:13:34,108 INFO c.h.h.t.HelmChartContainer - [EVENT] Normal [ScalingReplicaSet] Scaled up replica set hivemq-test-hivemq-platform-operator-6966f96d65 from 0 to 1 [helmmonitoringoperatorit-operator:hivemq-test-hivemq-platform-operator]
2025-01-30 18:13:34,111 INFO c.h.h.t.HelmChartContainer - [K3S] [range_allocator.go:247] "Successfully synced" key="000a7c4bbeea"
2025-01-30 18:13:34,132 INFO c.h.h.t.HelmChartContainer - [POD] hivemq-test-hivemq-platform-operator-6966f96d65-d4smg [23aa5906-131e-4cef-b4b8-0e85e35cafbd] in helmmonitoringoperatorit-operator was ADDED
2025-01-30 18:13:34,156 INFO c.h.h.t.HelmChartContainer - [EVENT] Normal [SuccessfulCreate] Created pod: hivemq-test-hivemq-platform-operator-6966f96d65-d4smg [helmmonitoringoperatorit-operator:hivemq-test-hivemq-platform-operator-6966f96d65]
2025-01-30 18:13:34,162 INFO c.h.h.t.HelmChartContainer - [POD] hivemq-test-hivemq-platform-operator-6966f96d65-d4smg [23aa5906-131e-4cef-b4b8-0e85e35cafbd] in helmmonitoringoperatorit-operator was MODIFIED
2025-01-30 18:13:34,162 INFO c.h.h.t.HelmChartContainer - [K3S] [memory_manager.go:355] "RemoveStaleState removing state" podUID="7980d72a-96e6-4948-800a-1e1de7daed3c" containerName="patch"
2025-01-30 18:13:34,170 INFO c.h.h.t.HelmChartContainer - [K3S] [replica_set.go:679] "Finished syncing" kind="ReplicaSet" key="helmmonitoringoperatorit-operator/hivemq-test-hivemq-platform-operator-6966f96d65" duration="71.838378ms"
2025-01-30 18:13:34,172 INFO c.h.h.t.HelmChartContainer - [EVENT] Normal [Scheduled] Successfully assigned helmmonitoringoperatorit-operator/hivemq-test-hivemq-platform-operator-6966f96d65-d4smg to 000a7c4bbeea [helmmonitoringoperatorit-operator:hivemq-test-hivemq-platform-operator-6966f96d65-d4smg]
2025-01-30 18:13:34,173 INFO c.h.h.t.HelmChartContainer - [K3S] [reflector.go:569] object-"helmmonitoringoperatorit-operator"/"kube-root-ca.crt": failed to list *v1.ConfigMap: configmaps "kube-root-ca.crt" is forbidden: User "system:node:000a7c4bbeea" cannot list resource "configmaps" in API group "" in the namespace "helmmonitoringoperatorit-operator": no relationship found between node '000a7c4bbeea' and this object
2025-01-30 18:13:34,173 INFO c.h.h.t.HelmChartContainer - [K3S] [reflector.go:166] "Unhandled Error" err="object-\"helmmonitoringoperatorit-operator\"/\"kube-root-ca.crt\": Failed to watch *v1.ConfigMap: failed to list *v1.ConfigMap: configmaps \"kube-root-ca.crt\" is forbidden: User \"system:node:000a7c4bbeea\" cannot list resource \"configmaps\" in API group \"\" in the namespace \"helmmonitoringoperatorit-operator\": no relationship found between node '000a7c4bbeea' and this object"
2025-01-30 18:13:34,190 INFO c.h.h.t.HelmChartContainer - [POD] hivemq-test-hivemq-platform-operator-6966f96d65-d4smg [23aa5906-131e-4cef-b4b8-0e85e35cafbd] in helmmonitoringoperatorit-operator was MODIFIED
2025-01-30 18:13:34,194 INFO c.h.h.t.HelmChartContainer - [K3S] [replica_set.go:679] "Finished syncing" kind="ReplicaSet" key="helmmonitoringoperatorit-operator/hivemq-test-hivemq-platform-operator-6966f96d65" duration="24.085943ms"
2025-01-30 18:13:34,202 INFO c.h.h.t.HelmChartContainer - [K3S] [reconciler_common.go:251] "operationExecutor.VerifyControllerAttachedVolume started for volume \"kube-api-access-zqw8q\" (UniqueName: \"kubernetes.io/projected/23aa5906-131e-4cef-b4b8-0e85e35cafbd-kube-api-access-zqw8q\") pod \"hivemq-test-hivemq-platform-operator-6966f96d65-d4smg\" (UID: \"23aa5906-131e-4cef-b4b8-0e85e35cafbd\") " pod="helmmonitoringoperatorit-operator/hivemq-test-hivemq-platform-operator-6966f96d65-d4smg"
2025-01-30 18:13:34,229 INFO c.h.h.t.HelmChartContainer - [K3S] [replica_set.go:679] "Finished syncing" kind="ReplicaSet" key="helmmonitoringoperatorit-operator/hivemq-test-hivemq-platform-operator-6966f96d65" duration="33.303198ms"
2025-01-30 18:13:34,230 INFO c.h.h.t.HelmChartContainer - [K3S] [replica_set.go:679] "Finished syncing" kind="ReplicaSet" key="helmmonitoringoperatorit-operator/hivemq-test-hivemq-platform-operator-6966f96d65" duration="78.457Âµs"
2025-01-30 18:13:35,308 INFO c.h.h.t.HelmChartContainer - [K3S] [projected.go:288] Couldn't get configMap helmmonitoringoperatorit-operator/kube-root-ca.crt: failed to sync configmap cache: timed out waiting for the condition
2025-01-30 18:13:35,308 INFO c.h.h.t.HelmChartContainer - [K3S] [projected.go:194] Error preparing data for projected volume kube-api-access-zqw8q for pod helmmonitoringoperatorit-operator/hivemq-test-hivemq-platform-operator-6966f96d65-d4smg: failed to sync configmap cache: timed out waiting for the condition
2025-01-30 18:13:35,308 INFO c.h.h.t.HelmChartContainer - [K3S] [nestedpendingoperations.go:348] Operation for "{volumeName:kubernetes.io/projected/23aa5906-131e-4cef-b4b8-0e85e35cafbd-kube-api-access-zqw8q podName:23aa5906-131e-4cef-b4b8-0e85e35cafbd nodeName:}" failed. No retries permitted until 2025-01-30 18:13:35.808003474 +0000 UTC m=+66.395471690 (durationBeforeRetry 500ms). Error: MountVolume.SetUp failed for volume "kube-api-access-zqw8q" (UniqueName: "kubernetes.io/projected/23aa5906-131e-4cef-b4b8-0e85e35cafbd-kube-api-access-zqw8q") pod "hivemq-test-hivemq-platform-operator-6966f96d65-d4smg" (UID: "23aa5906-131e-4cef-b4b8-0e85e35cafbd") : failed to sync configmap cache: timed out waiting for the condition
2025-01-30 18:13:35,312 INFO c.h.h.t.HelmChartContainer - [EVENT] Warning [FailedMount] MountVolume.SetUp failed for volume "kube-api-access-zqw8q" : failed to sync configmap cache: timed out waiting for the condition [helmmonitoringoperatorit-operator:hivemq-test-hivemq-platform-operator-6966f96d65-d4smg]
2025-01-30 18:13:36,051 INFO c.h.h.t.HelmChartContainer - [EVENT] Normal [Pulled] Container image "docker.io/hivemq/hivemq-platform-operator-test:snapshot" already present on machine [helmmonitoringoperatorit-operator:hivemq-test-hivemq-platform-operator-6966f96d65-d4smg]
2025-01-30 18:13:36,051 INFO c.h.h.t.HelmChartContainer - Received Pulled event for container hivemq-platform-operator in pod hivemq-test-hivemq-platform-operator-6966f96d65-d4smg [23aa5906-131e-4cef-b4b8-0e85e35cafbd]
2025-01-30 18:13:36,058 INFO c.h.h.t.HelmChartContainer - [EVENT] Normal [Created] Created container: hivemq-platform-operator [helmmonitoringoperatorit-operator:hivemq-test-hivemq-platform-operator-6966f96d65-d4smg]
2025-01-30 18:13:36,059 INFO c.h.h.t.HelmChartContainer - Received Created event for container hivemq-platform-operator in pod hivemq-test-hivemq-platform-operator-6966f96d65-d4smg [23aa5906-131e-4cef-b4b8-0e85e35cafbd]
2025-01-30 18:13:36,312 INFO c.h.h.t.HelmChartContainer - [K3S] [replica_set.go:679] "Finished syncing" kind="ReplicaSet" key="helmmonitoringoperatorit-operator/hivemq-test-hivemq-platform-operator-6966f96d65" duration="42.249Âµs"
2025-01-30 18:13:36,313 INFO c.h.h.t.HelmChartContainer - [POD] hivemq-test-hivemq-platform-operator-6966f96d65-d4smg [23aa5906-131e-4cef-b4b8-0e85e35cafbd] in helmmonitoringoperatorit-operator was MODIFIED
2025-01-30 18:13:36,337 INFO c.h.h.t.HelmChartContainer - [EVENT] Normal [Started] Started container hivemq-platform-operator [helmmonitoringoperatorit-operator:hivemq-test-hivemq-platform-operator-6966f96d65-d4smg]
2025-01-30 18:13:36,337 INFO c.h.h.t.HelmChartContainer - Started log watcher for hivemq-platform-operator in pod hivemq-test-hivemq-platform-operator-6966f96d65-d4smg [23aa5906-131e-4cef-b4b8-0e85e35cafbd]
2025-01-30 18:13:36,337 INFO c.h.h.t.HelmChartContainer - Received Started event for container hivemq-platform-operator in pod hivemq-test-hivemq-platform-operator-6966f96d65-d4smg [23aa5906-131e-4cef-b4b8-0e85e35cafbd]
2025-01-30 18:13:36,338 INFO c.h.h.t.HelmChartContainer - [hivemq-test-hivemq-platform] [hivemq-platform-operator] [23aa5906] -------------------------------------------------------------------------
2025-01-30 18:13:36,338 INFO c.h.h.t.HelmChartContainer - [hivemq-test-hivemq-platform] [hivemq-platform-operator] [23aa5906] 
2025-01-30 18:13:36,338 INFO c.h.h.t.HelmChartContainer - [hivemq-test-hivemq-platform] [hivemq-platform-operator] [23aa5906]                   _    _  _              __  __   ____
2025-01-30 18:13:36,338 INFO c.h.h.t.HelmChartContainer - [hivemq-test-hivemq-platform] [hivemq-platform-operator] [23aa5906]                  | |  | |(_)            |  \/  | / __ \
2025-01-30 18:13:36,338 INFO c.h.h.t.HelmChartContainer - [hivemq-test-hivemq-platform] [hivemq-platform-operator] [23aa5906]                  | |__| | _ __   __ ___ | \  / || |  | |
2025-01-30 18:13:36,338 INFO c.h.h.t.HelmChartContainer - [hivemq-test-hivemq-platform] [hivemq-platform-operator] [23aa5906]                  |  __  || |\ \ / // _ \| |\/| || |  | |
2025-01-30 18:13:36,338 INFO c.h.h.t.HelmChartContainer - [hivemq-test-hivemq-platform] [hivemq-platform-operator] [23aa5906]                  | |  | || | \ V /|  __/| |  | || |__| |
2025-01-30 18:13:36,338 INFO c.h.h.t.HelmChartContainer - [hivemq-test-hivemq-platform] [hivemq-platform-operator] [23aa5906]                  |_|  |_||_|  \_/  \___||_|  |_| \___\_\
2025-01-30 18:13:36,338 INFO c.h.h.t.HelmChartContainer - [hivemq-test-hivemq-platform] [hivemq-platform-operator] [23aa5906] 
2025-01-30 18:13:36,338 INFO c.h.h.t.HelmChartContainer - [hivemq-test-hivemq-platform] [hivemq-platform-operator] [23aa5906] -------------------------------------------------------------------------
2025-01-30 18:13:36,338 INFO c.h.h.t.HelmChartContainer - [hivemq-test-hivemq-platform] [hivemq-platform-operator] [23aa5906] 
2025-01-30 18:13:36,338 INFO c.h.h.t.HelmChartContainer - [hivemq-test-hivemq-platform] [hivemq-platform-operator] [23aa5906]   HiveMQ Platform Operator Start Script v1.0
2025-01-30 18:13:36,338 INFO c.h.h.t.HelmChartContainer - [hivemq-test-hivemq-platform] [hivemq-platform-operator] [23aa5906] 
2025-01-30 18:13:36,338 INFO c.h.h.t.HelmChartContainer - [hivemq-test-hivemq-platform] [hivemq-platform-operator] [23aa5906] -------------------------------------------------------------------------
2025-01-30 18:13:36,338 INFO c.h.h.t.HelmChartContainer - [hivemq-test-hivemq-platform] [hivemq-platform-operator] [23aa5906] 
2025-01-30 18:13:36,338 INFO c.h.h.t.HelmChartContainer - [hivemq-test-hivemq-platform] [hivemq-platform-operator] [23aa5906]   JAVA_OPTS: -XX:+UnlockExperimentalVMOptions -XX:InitialRAMPercentage=75 -XX:MaxRAMPercentage=75 -Duser.language=en -Duser.region=US
2025-01-30 18:13:36,338 INFO c.h.h.t.HelmChartContainer - [hivemq-test-hivemq-platform] [hivemq-platform-operator] [23aa5906] 
2025-01-30 18:13:36,338 INFO c.h.h.t.HelmChartContainer - [hivemq-test-hivemq-platform] [hivemq-platform-operator] [23aa5906]   JAVA_VERSION: 21
2025-01-30 18:13:36,338 INFO c.h.h.t.HelmChartContainer - [hivemq-test-hivemq-platform] [hivemq-platform-operator] [23aa5906] 
2025-01-30 18:13:36,338 INFO c.h.h.t.HelmChartContainer - [hivemq-test-hivemq-platform] [hivemq-platform-operator] [23aa5906] -------------------------------------------------------------------------
2025-01-30 18:13:36,338 INFO c.h.h.t.HelmChartContainer - [hivemq-test-hivemq-platform] [hivemq-platform-operator] [23aa5906] 
2025-01-30 18:13:39,395 INFO c.h.h.t.HelmChartContainer - [hivemq-test-hivemq-platform] [hivemq-platform-operator] [23aa5906] 18:13:39.392 [main] DEBUG org.jboss.logging - Logging Provider: org.jboss.logging.Slf4jLoggerProvider
2025-01-30 18:13:39,494 INFO c.h.h.t.HelmChartContainer - [hivemq-test-hivemq-platform] [hivemq-platform-operator] [23aa5906] 18:13:39.492 [main] DEBUG io.smallrye.config - SRCFG01006: Loaded ConfigSource SysPropConfigSource with ordinal 400
2025-01-30 18:13:39,494 INFO c.h.h.t.HelmChartContainer - [hivemq-test-hivemq-platform] [hivemq-platform-operator] [23aa5906] 18:13:39.492 [main] DEBUG io.smallrye.config - SRCFG01006: Loaded ConfigSource EnvConfigSource with ordinal 300
2025-01-30 18:13:39,494 INFO c.h.h.t.HelmChartContainer - [hivemq-test-hivemq-platform] [hivemq-platform-operator] [23aa5906] 18:13:39.492 [main] DEBUG io.smallrye.config - SRCFG01006: Loaded ConfigSource PropertiesConfigSource[source=jar:file:///opt/hivemq-platform-operator/bin/hivemq-platform-operator.jar!/hivemq-platform-operator.properties] with ordinal 100
2025-01-30 18:13:39,494 INFO c.h.h.t.HelmChartContainer - [hivemq-test-hivemq-platform] [hivemq-platform-operator] [23aa5906] 18:13:39.492 [main] DEBUG io.smallrye.config - SRCFG01006: Loaded ConfigSource DefaultValuesConfigSource with ordinal -2147483648
2025-01-30 18:13:39,631 INFO c.h.h.t.HelmChartContainer - [hivemq-test-hivemq-platform] [hivemq-platform-operator] [23aa5906] 18:13:39.630 [main] DEBUG i.m.c.u.i.l.InternalLoggerFactory - Using SLF4J as the default logging framework
2025-01-30 18:13:39,740 INFO c.h.h.t.HelmChartContainer - [hivemq-test-hivemq-platform] [hivemq-platform-operator] [23aa5906] 18:13:39.731 [main] INFO  c.h.p.o.HiveMQPlatformOperatorApplication - HiveMQ Platform Operator 1.7.0-SNAPSHOT (commit: 47e3375 on branch: HEAD) built on Thu Jan 30 03:55:50 UTC 2025
2025-01-30 18:13:39,741 INFO c.h.h.t.HelmChartContainer - [hivemq-test-hivemq-platform] [hivemq-platform-operator] [23aa5906] 18:13:39.739 [main] INFO  c.h.p.o.HiveMQPlatformOperatorApplication - HiveMQ Platform Operator is running in namespace: helmmonitoringoperatorit-operator
2025-01-30 18:13:39,741 INFO c.h.h.t.HelmChartContainer - [hivemq-test-hivemq-platform] [hivemq-platform-operator] [23aa5906] 18:13:39.739 [main] INFO  c.h.p.o.HiveMQPlatformOperatorApplication - Watching all namespaces
2025-01-30 18:13:39,741 INFO c.h.h.t.HelmChartContainer - [hivemq-test-hivemq-platform] [hivemq-platform-operator] [23aa5906] 18:13:39.739 [main] INFO  c.h.p.o.HiveMQPlatformOperatorApplication - Log level: DEBUG
2025-01-30 18:13:39,741 INFO c.h.h.t.HelmChartContainer - [hivemq-test-hivemq-platform] [hivemq-platform-operator] [23aa5906] 18:13:39.739 [main] INFO  c.h.p.o.HiveMQPlatformOperatorApplication - Release name: test-hivemq-platform-operator
2025-01-30 18:13:39,741 INFO c.h.h.t.HelmChartContainer - [hivemq-test-hivemq-platform] [hivemq-platform-operator] [23aa5906] 18:13:39.739 [main] INFO  c.h.p.o.HiveMQPlatformOperatorApplication - HiveMQ Platform Operator Init image: docker.io/hivemq/hivemq-platform-operator-init-test:snapshot
2025-01-30 18:13:39,741 INFO c.h.h.t.HelmChartContainer - [hivemq-test-hivemq-platform] [hivemq-platform-operator] [23aa5906] 18:13:39.739 [main] INFO  c.h.p.o.HiveMQPlatformOperatorApplication - HiveMQ Platform Operator Init App update URL: http://hivemq-platform-operator-test-hivemq-platform-operator.helmmonitoringoperatorit-operator.svc:8080/initAppUpdate/hivemq-platform-operator-init-app-1.7.0-SNAPSHOT.jar
2025-01-30 18:13:39,741 INFO c.h.h.t.HelmChartContainer - [hivemq-test-hivemq-platform] [hivemq-platform-operator] [23aa5906] 18:13:39.740 [main] INFO  c.h.p.o.HiveMQPlatformOperatorApplication - Additional imagePullSecret for all Platform deployments: none
2025-01-30 18:13:39,741 INFO c.h.h.t.HelmChartContainer - [hivemq-test-hivemq-platform] [hivemq-platform-operator] [23aa5906] 18:13:39.740 [main] INFO  c.h.p.o.HiveMQPlatformOperatorApplication - Apply HiveMQ Platform CRD: true
2025-01-30 18:13:39,741 INFO c.h.h.t.HelmChartContainer - [hivemq-test-hivemq-platform] [hivemq-platform-operator] [23aa5906] 18:13:39.740 [main] INFO  c.h.p.o.HiveMQPlatformOperatorApplication - Create Platform ServiceAccount: true
2025-01-30 18:13:39,741 INFO c.h.h.t.HelmChartContainer - [hivemq-test-hivemq-platform] [hivemq-platform-operator] [23aa5906] 18:13:39.740 [main] INFO  c.h.p.o.HiveMQPlatformOperatorApplication - Create Platform ServiceAccount permissions: true
2025-01-30 18:13:39,741 INFO c.h.h.t.HelmChartContainer - [hivemq-test-hivemq-platform] [hivemq-platform-operator] [23aa5906] 18:13:39.740 [main] INFO  c.h.p.o.HiveMQPlatformOperatorApplication - Validate Platform ServiceAccount: true
2025-01-30 18:13:39,741 INFO c.h.h.t.HelmChartContainer - [hivemq-test-hivemq-platform] [hivemq-platform-operator] [23aa5906] 18:13:39.740 [main] INFO  c.h.p.o.HiveMQPlatformOperatorApplication - Validate Platform ServiceAccount permissions: true
2025-01-30 18:13:39,830 INFO c.h.h.t.HelmChartContainer - [hivemq-test-hivemq-platform] [hivemq-platform-operator] [23aa5906] 18:13:39.829 [main] INFO  c.h.platform.operator.util.CRDUtil - Verifying deployed HiveMQ Platform CRD...
2025-01-30 18:13:42,395 INFO c.h.h.t.HelmChartContainer - [hivemq-test-hivemq-platform] [hivemq-platform-operator] [23aa5906] 18:13:42.394 [main] DEBUG c.h.platform.operator.util.CRDUtil - HiveMQ Platform CRD version v1 is up to date
2025-01-30 18:13:42,396 INFO c.h.h.t.HelmChartContainer - [hivemq-test-hivemq-platform] [hivemq-platform-operator] [23aa5906] 18:13:42.394 [main] INFO  c.h.platform.operator.util.CRDUtil - HiveMQ Platform CRD is up to date (version: V1_6_0)
2025-01-30 18:13:42,396 INFO c.h.h.t.HelmChartContainer - [hivemq-test-hivemq-platform] [hivemq-platform-operator] [23aa5906] 18:13:42.394 [main] INFO  c.h.platform.operator.util.CRDUtil - Waiting 10000 ms for HiveMQ Platform CRD 'hivemq-platforms.hivemq.com' to become ready...
2025-01-30 18:13:42,693 INFO c.h.h.t.HelmChartContainer - [hivemq-test-hivemq-platform] [hivemq-platform-operator] [23aa5906] 18:13:42.690 [vert.x-eventloop-thread-1] DEBUG c.h.platform.operator.util.CRDUtil - Checking CRD condition 'NamesAccepted' (status: 'True')
2025-01-30 18:13:42,693 INFO c.h.h.t.HelmChartContainer - [hivemq-test-hivemq-platform] [hivemq-platform-operator] [23aa5906] 18:13:42.690 [vert.x-eventloop-thread-1] DEBUG c.h.platform.operator.util.CRDUtil - Checking CRD condition 'Established' (status: 'True')
2025-01-30 18:13:42,693 INFO c.h.h.t.HelmChartContainer - [hivemq-test-hivemq-platform] [hivemq-platform-operator] [23aa5906] 18:13:42.691 [main] INFO  c.h.platform.operator.util.CRDUtil - HiveMQ Platform CRD 'hivemq-platforms.hivemq.com' is ready
2025-01-30 18:13:42,803 INFO c.h.h.t.HelmChartContainer - [hivemq-test-hivemq-platform] [hivemq-platform-operator] [23aa5906] 18:13:42.802 [main] INFO  c.h.p.o.HiveMQPlatformReconciler - HiveMQ Platform Operator is starting...
2025-01-30 18:13:42,897 INFO c.h.h.t.HelmChartContainer - [hivemq-test-hivemq-platform] [hivemq-platform-operator] [23aa5906] 18:13:42.896 [main] WARN  Default ConfigurationService implementation - Configuration for reconciler 'hivemq-controller' was not found. Known reconcilers: None.
2025-01-30 18:13:42,929 INFO c.h.h.t.HelmChartContainer - [hivemq-test-hivemq-platform] [hivemq-platform-operator] [23aa5906] 18:13:42.928 [main] INFO  Default ConfigurationService implementation - Created configuration for reconciler com.hivemq.platform.operator.HiveMQPlatformReconciler with name hivemq-controller
2025-01-30 18:13:43,033 INFO c.h.h.t.HelmChartContainer - [hivemq-test-hivemq-platform] [hivemq-platform-operator] [23aa5906] 18:13:43.032 [main] DEBUG c.h.p.o.HiveMQPlatformReconciler - HiveMQ Platform Operator is preparing EventSources
2025-01-30 18:13:43,097 INFO c.h.h.t.HelmChartContainer - [hivemq-test-hivemq-platform] [hivemq-platform-operator] [23aa5906] 18:13:43.096 [main] INFO  i.javaoperatorsdk.operator.Operator - Registered reconciler: 'hivemq-controller' for resource: 'class com.hivemq.platform.operator.v1.HiveMQPlatform' for namespace(s): [all namespaces]
2025-01-30 18:13:43,700 INFO c.h.h.t.HelmChartContainer - [hivemq-test-hivemq-platform] [hivemq-platform-operator] [23aa5906] 18:13:43.699 [main] INFO  c.h.p.operator.webserver.JettyServer - Starting Jetty server on port 8080
2025-01-30 18:13:43,824 INFO c.h.h.t.HelmChartContainer - [hivemq-test-hivemq-platform] [hivemq-platform-operator] [23aa5906] 18:13:43.823 [main] INFO  i.javaoperatorsdk.operator.Operator - Operator SDK 4.9.7 (commit: 2133d28) built on Wed Nov 20 12:56:20 UTC 2024 starting...
2025-01-30 18:13:43,825 INFO c.h.h.t.HelmChartContainer - [hivemq-test-hivemq-platform] [hivemq-platform-operator] [23aa5906] 18:13:43.823 [main] INFO  i.javaoperatorsdk.operator.Operator - Client version: 6.13.5
2025-01-30 18:13:43,826 INFO c.h.h.t.HelmChartContainer - [hivemq-test-hivemq-platform] [hivemq-platform-operator] [23aa5906] 18:13:43.825 [Controller Starter for: hivemq-controller] INFO  i.j.operator.processing.Controller - Starting 'hivemq-controller' controller for reconciler: com.hivemq.platform.operator.HiveMQPlatformReconciler, resource: com.hivemq.platform.operator.v1.HiveMQPlatform
2025-01-30 18:13:46,426 INFO c.h.h.t.HelmChartContainer - [hivemq-test-hivemq-platform] [hivemq-platform-operator] [23aa5906] 18:13:46.423 [Controller Starter for: hivemq-controller] INFO  i.j.operator.processing.Controller - 'hivemq-controller' controller started
2025-01-30 18:13:46,428 INFO c.h.h.t.HelmChartContainer - [hivemq-test-hivemq-platform] [hivemq-platform-operator] [23aa5906] 18:13:46.425 [main] INFO  c.h.p.o.HiveMQPlatformOperatorApplication - HiveMQ Platform Operator 1.7.0-SNAPSHOT started in 6694 ms
2025-01-30 18:13:47,319 INFO c.h.h.t.HelmChartContainer - [POD] hivemq-test-hivemq-platform-operator-6966f96d65-d4smg [23aa5906-131e-4cef-b4b8-0e85e35cafbd] in helmmonitoringoperatorit-operator was MODIFIED
2025-01-30 18:13:47,326 INFO c.h.h.t.HelmChartContainer - [K3S] [replica_set.go:679] "Finished syncing" kind="ReplicaSet" key="helmmonitoringoperatorit-operator/hivemq-test-hivemq-platform-operator-6966f96d65" duration="9.476387ms"
2025-01-30 18:13:47,327 INFO c.h.h.t.HelmChartContainer - [K3S] [replica_set.go:679] "Finished syncing" kind="ReplicaSet" key="helmmonitoringoperatorit-operator/hivemq-test-hivemq-platform-operator-6966f96d65" duration="45.024Âµs"
2025-01-30 18:13:48,187 INFO com.hivemq.helmcharts.util.K8sUtil - Pod 'hivemq-test-hivemq-platform-operator-6966f96d65-d4smg' is ready
Request method:	GET
Request URI:	http://localhost:33265/api/v1/query?query=hivemq_platform_operator_custom_resource_count
Proxy:			<none>
Request params:	query=hivemq_platform_operator_custom_resource_count
Query params:	<none>
Form params:	<none>
Path params:	<none>
Headers:		Accept=*/*
Cookies:		<none>
Multiparts:		<none>
Body:			<none>
HTTP/1.1 200 OK
Content-Encoding: gzip
Content-Type: application/json
Date: Thu, 30 Jan 2025 18:13:53 GMT
Content-Length: 93

{
    "status": "success",
    "data": {
        "resultType": "vector",
        "result": [
            
        ]
    }
}
Request method:	GET
Request URI:	http://localhost:40513/api/v1/query?query=hivemq_platform_operator_custom_resource_count
Proxy:			<none>
Request params:	query=hivemq_platform_operator_custom_resource_count
Query params:	<none>
Form params:	<none>
Path params:	<none>
Headers:		Accept=*/*
Cookies:		<none>
Multiparts:		<none>
Body:			<none>
HTTP/1.1 200 OK
Content-Encoding: gzip
Content-Type: application/json
Date: Thu, 30 Jan 2025 18:13:58 GMT
Content-Length: 93

{
    "status": "success",
    "data": {
        "resultType": "vector",
        "result": [
            
        ]
    }
}
Request method:	GET
Request URI:	http://localhost:34023/api/v1/query?query=hivemq_platform_operator_custom_resource_count
Proxy:			<none>
Request params:	query=hivemq_platform_operator_custom_resource_count
Query params:	<none>
Form params:	<none>
Path params:	<none>
Headers:		Accept=*/*
Cookies:		<none>
Multiparts:		<none>
Body:			<none>
HTTP/1.1 200 OK
Content-Encoding: gzip
Content-Type: application/json
Date: Thu, 30 Jan 2025 18:14:04 GMT
Content-Length: 93

{
    "status": "success",
    "data": {
        "resultType": "vector",
        "result": [
            
        ]
    }
}
Request method:	GET
Request URI:	http://localhost:42553/api/v1/query?query=hivemq_platform_operator_custom_resource_count
Proxy:			<none>
Request params:	query=hivemq_platform_operator_custom_resource_count
Query params:	<none>
Form params:	<none>
Path params:	<none>
Headers:		Accept=*/*
Cookies:		<none>
Multiparts:		<none>
Body:			<none>
HTTP/1.1 200 OK
Content-Encoding: gzip
Content-Type: application/json
Date: Thu, 30 Jan 2025 18:14:09 GMT
Content-Length: 93

{
    "status": "success",
    "data": {
        "resultType": "vector",
        "result": [
            
        ]
    }
}
Request method:	GET
Request URI:	http://localhost:38765/api/v1/query?query=hivemq_platform_operator_custom_resource_count
Proxy:			<none>
Request params:	query=hivemq_platform_operator_custom_resource_count
Query params:	<none>
Form params:	<none>
Path params:	<none>
Headers:		Accept=*/*
Cookies:		<none>
Multiparts:		<none>
Body:			<none>
HTTP/1.1 200 OK
Content-Encoding: gzip
Content-Type: application/json
Date: Thu, 30 Jan 2025 18:14:14 GMT
Content-Length: 93

{
    "status": "success",
    "data": {
        "resultType": "vector",
        "result": [
            
        ]
    }
}
Request method:	GET
Request URI:	http://localhost:37461/api/v1/query?query=hivemq_platform_operator_custom_resource_count
Proxy:			<none>
Request params:	query=hivemq_platform_operator_custom_resource_count
Query params:	<none>
Form params:	<none>
Path params:	<none>
Headers:		Accept=*/*
Cookies:		<none>
Multiparts:		<none>
Body:			<none>
HTTP/1.1 200 OK
Content-Encoding: gzip
Content-Type: application/json
Date: Thu, 30 Jan 2025 18:14:19 GMT
Content-Length: 93

{
    "status": "success",
    "data": {
        "resultType": "vector",
        "result": [
            
        ]
    }
}
Request method:	GET
Request URI:	http://localhost:33777/api/v1/query?query=hivemq_platform_operator_custom_resource_count
Proxy:			<none>
Request params:	query=hivemq_platform_operator_custom_resource_count
Query params:	<none>
Form params:	<none>
Path params:	<none>
Headers:		Accept=*/*
Cookies:		<none>
Multiparts:		<none>
Body:			<none>
HTTP/1.1 200 OK
Content-Encoding: gzip
Content-Type: application/json
Date: Thu, 30 Jan 2025 18:14:24 GMT
Content-Length: 93

{
    "status": "success",
    "data": {
        "resultType": "vector",
        "result": [
            
        ]
    }
}
Request method:	GET
Request URI:	http://localhost:38125/api/v1/query?query=hivemq_platform_operator_custom_resource_count
Proxy:			<none>
Request params:	query=hivemq_platform_operator_custom_resource_count
Query params:	<none>
Form params:	<none>
Path params:	<none>
Headers:		Accept=*/*
Cookies:		<none>
Multiparts:		<none>
Body:			<none>
HTTP/1.1 200 OK
Content-Encoding: gzip
Content-Type: application/json
Date: Thu, 30 Jan 2025 18:14:29 GMT
Content-Length: 93

{
    "status": "success",
    "data": {
        "resultType": "vector",
        "result": [
            
        ]
    }
}
Request method:	GET
Request URI:	http://localhost:37029/api/v1/query?query=hivemq_platform_operator_custom_resource_count
Proxy:			<none>
Request params:	query=hivemq_platform_operator_custom_resource_count
Query params:	<none>
Form params:	<none>
Path params:	<none>
Headers:		Accept=*/*
Cookies:		<none>
Multiparts:		<none>
Body:			<none>
HTTP/1.1 200 OK
Content-Encoding: gzip
Content-Type: application/json
Date: Thu, 30 Jan 2025 18:14:34 GMT
Content-Length: 282

{
    "status": "success",
    "data": {
        "resultType": "vector",
        "result": [
            {
                "metric": {
                    "__name__": "hivemq_platform_operator_custom_resource_count",
                    "container": "hivemq-platform-operator",
                    "controller": "hivemq-controller",
                    "endpoint": "http-test-hivemq-platform-operator",
                    "instance": "10.42.0.12:8080",
                    "job": "hivemq-platform-operator-test-hivemq-platform-operator",
                    "namespace": "helmmonitoringoperatorit-operator",
                    "pod": "hivemq-test-hivemq-platform-operator-6966f96d65-d4smg",
                    "service": "hivemq-platform-operator-test-hivemq-platform-operator"
                },
                "value": [
                    1738260874.543,
                    "0"
                ]
            }
        ]
    }
}
Request method:	GET
Request URI:	http://localhost:37761/api/search
Proxy:			<none>
Request params:	<none>
Query params:	<none>
Form params:	<none>
Path params:	<none>
Headers:		Authorization=Basic YWRtaW46cHJvbS1vcGVyYXRvcg==
				Accept=*/*
Cookies:		<none>
Multiparts:		<none>
Body:			<none>
HTTP/1.1 200 OK
Cache-Control: no-store
Content-Type: application/json
X-Content-Type-Options: nosniff
X-Frame-Options: deny
X-Xss-Protection: 1; mode=block
Date: Thu, 30 Jan 2025 18:14:39 GMT
Transfer-Encoding: chunked

[
    {
        "id": 1,
        "uid": "alertmanager-overview",
        "title": "Alertmanager / Overview",
        "uri": "db/alertmanager-overview",
        "url": "/d/alertmanager-overview/alertmanager-overview",
        "slug": "",
        "type": "dash-db",
        "tags": [
            "alertmanager-mixin"
        ],
        "isStarred": false,
        "sortMeta": 0,
        "isDeleted": false
    },
    {
        "id": 7,
        "uid": "vkQ0UHxik",
        "title": "CoreDNS",
        "uri": "db/coredns",
        "url": "/d/vkQ0UHxik/coredns",
        "slug": "",
        "type": "dash-db",
        "tags": [
            "coredns",
            "dns"
        ],
        "isStarred": false,
        "sortMeta": 0,
        "isDeleted": false
    },
    {
        "id": 5,
        "uid": "c2f4e12cdf69feb95caa41a5a1b423d9",
        "title": "etcd",
        "uri": "db/etcd",
        "url": "/d/c2f4e12cdf69feb95caa41a5a1b423d9/etcd",
        "slug": "",
        "type": "dash-db",
        "tags": [
            "etcd-mixin"
        ],
        "isStarred": false,
        "sortMeta": 0,
        "isDeleted": false
    },
    {
        "id": 6,
        "uid": "6be0s85Mk",
        "title": "Grafana Overview",
        "uri": "db/grafana-overview",
        "url": "/d/6be0s85Mk/grafana-overview",
        "slug": "",
        "type": "dash-db",
        "tags": [
            
        ],
        "isStarred": false,
        "sortMeta": 0,
        "isDeleted": false
    },
    {
        "id": 29,
        "uid": "bebkqva6gi4n4c",
        "title": "HiveMQ Platform Operator (Prometheus)",
        "uri": "db/hivemq-platform-operator-prometheus",
        "url": "/d/bebkqva6gi4n4c/hivemq-platform-operator-prometheus",
        "slug": "",
        "type": "dash-db",
        "tags": [
            
        ],
        "isStarred": false,
        "sortMeta": 0,
        "isDeleted": false
    },
    {
        "id": 2,
        "uid": "09ec8aa1e996d6ffcd6817bbaff4db1b",
        "title": "Kubernetes / API server",
        "uri": "db/kubernetes-api-server",
        "url": "/d/09ec8aa1e996d6ffcd6817bbaff4db1b/kubernetes-api-server",
        "slug": "",
        "type": "dash-db",
        "tags": [
            "kubernetes-mixin"
        ],
        "isStarred": false,
        "sortMeta": 0,
        "isDeleted": false
    },
    {
        "id": 9,
        "uid": "b59e6c9f2fcbe2e16d77fc492374cc4f",
        "title": "Kubernetes / Compute Resources /  Multi-Cluster",
        "uri": "db/kubernetes-compute-resources-multi-cluster",
        "url": "/d/b59e6c9f2fcbe2e16d77fc492374cc4f/kubernetes-compute-resources-multi-cluster",
        "slug": "",
        "type": "dash-db",
        "tags": [
            "kubernetes-mixin"
        ],
        "isStarred": false,
        "sortMeta": 0,
        "isDeleted": false
    },
    {
        "id": 8,
        "uid": "efa86fd1d0c121a26444b636a3f509a8",
        "title": "Kubernetes / Compute Resources / Cluster",
        "uri": "db/kubernetes-compute-resources-cluster",
        "url": "/d/efa86fd1d0c121a26444b636a3f509a8/kubernetes-compute-resources-cluster",
        "slug": "",
        "type": "dash-db",
        "tags": [
            "kubernetes-mixin"
        ],
        "isStarred": false,
        "sortMeta": 0,
        "isDeleted": false
    },
    {
        "id": 10,
        "uid": "85a562078cdf77779eaa1add43ccec1e",
        "title": "Kubernetes / Compute Resources / Namespace (Pods)",
        "uri": "db/kubernetes-compute-resources-namespace-pods",
        "url": "/d/85a562078cdf77779eaa1add43ccec1e/kubernetes-compute-resources-namespace-pods",
        "slug": "",
        "type": "dash-db",
        "tags": [
            "kubernetes-mixin"
        ],
        "isStarred": false,
        "sortMeta": 0,
        "isDeleted": false
    },
    {
        "id": 14,
        "uid": "a87fb0d919ec0ea5f6543124e16c42a5",
        "title": "Kubernetes / Compute Resources / Namespace (Workloads)",
        "uri": "db/kubernetes-compute-resources-namespace-workloads",
        "url": "/d/a87fb0d919ec0ea5f6543124e16c42a5/kubernetes-compute-resources-namespace-workloads",
        "slug": "",
        "type": "dash-db",
        "tags": [
            "kubernetes-mixin"
        ],
        "isStarred": false,
        "sortMeta": 0,
        "isDeleted": false
    },
    {
        "id": 11,
        "uid": "200ac8fdbfbb74b39aff88118e4d1c2c",
        "title": "Kubernetes / Compute Resources / Node (Pods)",
        "uri": "db/kubernetes-compute-resources-node-pods",
        "url": "/d/200ac8fdbfbb74b39aff88118e4d1c2c/kubernetes-compute-resources-node-pods",
        "slug": "",
        "type": "dash-db",
        "tags": [
            "kubernetes-mixin"
        ],
        "isStarred": false,
        "sortMeta": 0,
        "isDeleted": false
    },
    {
        "id": 12,
        "uid": "6581e46e4e5c7ba40a07646395ef7b23",
        "title": "Kubernetes / Compute Resources / Pod",
        "uri": "db/kubernetes-compute-resources-pod",
        "url": "/d/6581e46e4e5c7ba40a07646395ef7b23/kubernetes-compute-resources-pod",
        "slug": "",
        "type": "dash-db",
        "tags": [
            "kubernetes-mixin"
        ],
        "isStarred": false,
        "sortMeta": 0,
        "isDeleted": false
    },
    {
        "id": 13,
        "uid": "a164a7f0339f99e89cea5cb47e9be617",
        "title": "Kubernetes / Compute Resources / Workload",
        "uri": "db/kubernetes-compute-resources-workload",
        "url": "/d/a164a7f0339f99e89cea5cb47e9be617/kubernetes-compute-resources-workload",
        "slug": "",
        "type": "dash-db",
        "tags": [
            "kubernetes-mixin"
        ],
        "isStarred": false,
        "sortMeta": 0,
        "isDeleted": false
    },
    {
        "id": 4,
        "uid": "72e0e05bef5099e5f049b05fdc429ed4",
        "title": "Kubernetes / Controller Manager",
        "uri": "db/kubernetes-controller-manager",
        "url": "/d/72e0e05bef5099e5f049b05fdc429ed4/kubernetes-controller-manager",
        "slug": "",
        "type": "dash-db",
        "tags": [
            "kubernetes-mixin"
        ],
        "isStarred": false,
        "sortMeta": 0,
        "isDeleted": false
    },
    {
        "id": 15,
        "uid": "3138fa155d5915769fbded898ac09fd9",
        "title": "Kubernetes / Kubelet",
        "uri": "db/kubernetes-kubelet",
        "url": "/d/3138fa155d5915769fbded898ac09fd9/kubernetes-kubelet",
        "slug": "",
        "type": "dash-db",
        "tags": [
            "kubernetes-mixin"
        ],
        "isStarred": false,
        "sortMeta": 0,
        "isDeleted": false
    },
    {
        "id": 3,
        "uid": "ff635a025bcfea7bc3dd4f508990a3e9",
        "title": "Kubernetes / Networking / Cluster",
        "uri": "db/kubernetes-networking-cluster",
        "url": "/d/ff635a025bcfea7bc3dd4f508990a3e9/kubernetes-networking-cluster",
        "slug": "",
        "type": "dash-db",
        "tags": [
            "kubernetes-mixin"
        ],
        "isStarred": false,
        "sortMeta": 0,
        "isDeleted": false
    },
    {
        "id": 16,
        "uid": "8b7a8b326d7a6f1f04244066368c67af",
        "title": "Kubernetes / Networking / Namespace (Pods)",
        "uri": "db/kubernetes-networking-namespace-pods",
        "url": "/d/8b7a8b326d7a6f1f04244066368c67af/kubernetes-networking-namespace-pods",
        "slug": "",
        "type": "dash-db",
        "tags": [
            "kubernetes-mixin"
        ],
        "isStarred": false,
        "sortMeta": 0,
        "isDeleted": false
    },
    {
        "id": 17,
        "uid": "bbb2a765a623ae38130206c7d94a160f",
        "title": "Kubernetes / Networking / Namespace (Workload)",
        "uri": "db/kubernetes-networking-namespace-workload",
        "url": "/d/bbb2a765a623ae38130206c7d94a160f/kubernetes-networking-namespace-workload",
        "slug": "",
        "type": "dash-db",
        "tags": [
            "kubernetes-mixin"
        ],
        "isStarred": false,
        "sortMeta": 0,
        "isDeleted": false
    },
    {
        "id": 24,
        "uid": "7a18067ce943a40ae25454675c19ff5c",
        "title": "Kubernetes / Networking / Pod",
        "uri": "db/kubernetes-networking-pod",
        "url": "/d/7a18067ce943a40ae25454675c19ff5c/kubernetes-networking-pod",
        "slug": "",
        "type": "dash-db",
        "tags": [
            "kubernetes-mixin"
        ],
        "isStarred": false,
        "sortMeta": 0,
        "isDeleted": false
    },
    {
        "id": 28,
        "uid": "728bf77cc1166d2f3133bf25846876cc",
        "title": "Kubernetes / Networking / Workload",
        "uri": "db/kubernetes-networking-workload",
        "url": "/d/728bf77cc1166d2f3133bf25846876cc/kubernetes-networking-workload",
        "slug": "",
        "type": "dash-db",
        "tags": [
            "kubernetes-mixin"
        ],
        "isStarred": false,
        "sortMeta": 0,
        "isDeleted": false
    },
    {
        "id": 23,
        "uid": "919b92a8e8041bd567af9edab12c840c",
        "title": "Kubernetes / Persistent Volumes",
        "uri": "db/kubernetes-persistent-volumes",
        "url": "/d/919b92a8e8041bd567af9edab12c840c/kubernetes-persistent-volumes",
        "slug": "",
        "type": "dash-db",
        "tags": [
            "kubernetes-mixin"
        ],
        "isStarred": false,
        "sortMeta": 0,
        "isDeleted": false
    },
    {
        "id": 26,
        "uid": "632e265de029684c40b21cb76bca4f94",
        "title": "Kubernetes / Proxy",
        "uri": "db/kubernetes-proxy",
        "url": "/d/632e265de029684c40b21cb76bca4f94/kubernetes-proxy",
        "slug": "",
        "type": "dash-db",
        "tags": [
            "kubernetes-mixin"
        ],
        "isStarred": false,
        "sortMeta": 0,
        "isDeleted": false
    },
    {
        "id": 27,
        "uid": "2e6b6a3b4bddf1427b3a55aa1311c656",
        "title": "Kubernetes / Scheduler",
        "uri": "db/kubernetes-scheduler",
        "url": "/d/2e6b6a3b4bddf1427b3a55aa1311c656/kubernetes-scheduler",
        "slug": "",
        "type": "dash-db",
        "tags": [
            "kubernetes-mixin"
        ],
        "isStarred": false,
        "sortMeta": 0,
        "isDeleted": false
    },
    {
        "id": 21,
        "uid": "7e0a61e486f727d763fb1d86fdd629c2",
        "title": "Node Exporter / AIX",
        "uri": "db/node-exporter-aix",
        "url": "/d/7e0a61e486f727d763fb1d86fdd629c2/node-exporter-aix",
        "slug": "",
        "type": "dash-db",
        "tags": [
            "node-exporter-mixin"
        ],
        "isStarred": false,
        "sortMeta": 0,
        "isDeleted": false
    },
    {
        "id": 22,
        "uid": "629701ea43bf69291922ea45f4a87d37",
        "title": "Node Exporter / MacOS",
        "uri": "db/node-exporter-macos",
        "url": "/d/629701ea43bf69291922ea45f4a87d37/node-exporter-macos",
        "slug": "",
        "type": "dash-db",
        "tags": [
            "node-exporter-mixin"
        ],
        "isStarred": false,
        "sortMeta": 0,
        "isDeleted": false
    },
    {
        "id": 20,
        "uid": "7d57716318ee0dddbac5a7f451fb7753",
        "title": "Node Exporter / Nodes",
        "uri": "db/node-exporter-nodes",
        "url": "/d/7d57716318ee0dddbac5a7f451fb7753/node-exporter-nodes",
        "slug": "",
        "type": "dash-db",
        "tags": [
            "node-exporter-mixin"
        ],
        "isStarred": false,
        "sortMeta": 0,
        "isDeleted": false
    },
    {
        "id": 18,
        "uid": "3e97d1d02672cdd0861f4c97c64f89b2",
        "title": "Node Exporter / USE Method / Cluster",
        "uri": "db/node-exporter-use-method-cluster",
        "url": "/d/3e97d1d02672cdd0861f4c97c64f89b2/node-exporter-use-method-cluster",
        "slug": "",
        "type": "dash-db",
        "tags": [
            "node-exporter-mixin"
        ],
        "isStarred": false,
        "sortMeta": 0,
        "isDeleted": false
    },
    {
        "id": 19,
        "uid": "fac67cfbe174d3ef53eb473d73d9212f",
        "title": "Node Exporter / USE Method / Node",
        "uri": "db/node-exporter-use-method-node",
        "url": "/d/fac67cfbe174d3ef53eb473d73d9212f/node-exporter-use-method-node",
        "slug": "",
        "type": "dash-db",
        "tags": [
            "node-exporter-mixin"
        ],
        "isStarred": false,
        "sortMeta": 0,
        "isDeleted": false
    },
    {
        "id": 25,
        "uid": "febkquamdjdhcb",
        "title": "Prometheus / Overview",
        "uri": "db/prometheus-overview",
        "url": "/d/febkquamdjdhcb/prometheus-overview",
        "slug": "",
        "type": "dash-db",
        "tags": [
            "prometheus-mixin"
        ],
        "isStarred": false,
        "sortMeta": 0,
        "isDeleted": false
    }
]
2025-01-30 18:14:39,665 INFO c.h.h.t.HelmChartContainer - Uninstalling release 'monitoring-stack' in namespace 'monitoring'...
2025-01-30 18:14:39,666 DEBUG c.h.h.t.HelmChartContainer - Executing helm command: /bin/helm --kubeconfig /etc/rancher/k3s/k3s.yaml uninstall monitoring-stack  --wait --timeout 5m0s --cascade foreground --namespace monitoring
2025-01-30 18:14:40,875 INFO c.h.h.t.HelmChartContainer - [K3S] [replica_set.go:679] "Finished syncing" kind="ReplicaSet" key="monitoring/monitoring-stack-kube-prom-operator-6998896c" duration="6.604552ms"
2025-01-30 18:14:40,876 INFO c.h.h.t.HelmChartContainer - [K3S] [replica_set.go:679] "Finished syncing" kind="ReplicaSet" key="monitoring/monitoring-stack-kube-prom-operator-6998896c" duration="73.848Âµs"
2025-01-30 18:14:41,480 INFO c.h.h.t.HelmChartContainer - [K3S] [replica_set.go:679] "Finished syncing" kind="ReplicaSet" key="monitoring/monitoring-stack-grafana-64c55fb967" duration="4.730951ms"
2025-01-30 18:14:41,480 INFO c.h.h.t.HelmChartContainer - [K3S] [replica_set.go:679] "Finished syncing" kind="ReplicaSet" key="monitoring/monitoring-stack-grafana-64c55fb967" duration="41.969Âµs"
2025-01-30 18:14:41,553 INFO c.h.h.t.HelmChartContainer - [K3S] [replica_set.go:679] "Finished syncing" kind="ReplicaSet" key="monitoring/monitoring-stack-kube-state-metrics-5bf5c7b54d" duration="3.198044ms"
2025-01-30 18:14:41,553 INFO c.h.h.t.HelmChartContainer - [K3S] [replica_set.go:679] "Finished syncing" kind="ReplicaSet" key="monitoring/monitoring-stack-kube-state-metrics-5bf5c7b54d" duration="39.184Âµs"
2025-01-30 18:14:41,679 INFO c.h.h.t.HelmChartContainer - [POD] monitoring-stack-prometheus-node-exporter-l5mll [709ebcd9-101a-4c10-83be-16411bf0984f] in monitoring was MODIFIED
2025-01-30 18:14:41,681 INFO c.h.h.t.HelmChartContainer - [EVENT] Normal [Killing] Stopping container node-exporter [monitoring:monitoring-stack-prometheus-node-exporter-l5mll]
2025-01-30 18:14:41,772 INFO c.h.h.t.HelmChartContainer - [POD] monitoring-stack-prometheus-node-exporter-l5mll [709ebcd9-101a-4c10-83be-16411bf0984f] in monitoring was MODIFIED
2025-01-30 18:14:41,824 INFO c.h.h.t.HelmChartContainer - [K3S] [reconciler_common.go:162] "operationExecutor.UnmountVolume started for volume \"proc\" (UniqueName: \"kubernetes.io/host-path/709ebcd9-101a-4c10-83be-16411bf0984f-proc\") pod \"709ebcd9-101a-4c10-83be-16411bf0984f\" (UID: \"709ebcd9-101a-4c10-83be-16411bf0984f\") "
2025-01-30 18:14:41,824 INFO c.h.h.t.HelmChartContainer - [K3S] [reconciler_common.go:162] "operationExecutor.UnmountVolume started for volume \"sys\" (UniqueName: \"kubernetes.io/host-path/709ebcd9-101a-4c10-83be-16411bf0984f-sys\") pod \"709ebcd9-101a-4c10-83be-16411bf0984f\" (UID: \"709ebcd9-101a-4c10-83be-16411bf0984f\") "
2025-01-30 18:14:41,924 INFO c.h.h.t.HelmChartContainer - [K3S] [reconciler_common.go:299] "Volume detached for volume \"sys\" (UniqueName: \"kubernetes.io/host-path/709ebcd9-101a-4c10-83be-16411bf0984f-sys\") on node \"000a7c4bbeea\" DevicePath \"\""
2025-01-30 18:14:41,924 INFO c.h.h.t.HelmChartContainer - [K3S] [reconciler_common.go:299] "Volume detached for volume \"proc\" (UniqueName: \"kubernetes.io/host-path/709ebcd9-101a-4c10-83be-16411bf0984f-proc\") on node \"000a7c4bbeea\" DevicePath \"\""
2025-01-30 18:14:42,412 INFO c.h.h.t.HelmChartContainer - [K3S] [scope.go:117] "RemoveContainer" containerID="5841538263d9cd23405f3b15424f8ccd9ac63ebd7187b16ab3a8f96f0d1a95a5"
2025-01-30 18:14:42,416 INFO c.h.h.t.HelmChartContainer - [K3S] [scope.go:117] "RemoveContainer" containerID="5841538263d9cd23405f3b15424f8ccd9ac63ebd7187b16ab3a8f96f0d1a95a5"
2025-01-30 18:14:42,425 INFO c.h.h.t.HelmChartContainer - [POD] monitoring-stack-prometheus-node-exporter-l5mll [709ebcd9-101a-4c10-83be-16411bf0984f] in monitoring was MODIFIED
2025-01-30 18:14:42,435 INFO c.h.h.t.HelmChartContainer - [POD] monitoring-stack-prometheus-node-exporter-l5mll [709ebcd9-101a-4c10-83be-16411bf0984f] in monitoring was DELETED
2025-01-30 18:14:44,053 INFO c.h.h.t.HelmChartContainer - [K3S] [kubelet_volumes.go:163] "Cleaned up orphaned pod volumes dir" podUID="709ebcd9-101a-4c10-83be-16411bf0984f" path="/var/lib/kubelet/pods/709ebcd9-101a-4c10-83be-16411bf0984f/volumes"
2025-01-30 18:14:45,142 INFO c.h.h.t.HelmChartContainer - [K3S] [configmap.go:193] Couldn't get configMap monitoring/monitoring-stack-grafana-config-dashboards: configmap "monitoring-stack-grafana-config-dashboards" not found
2025-01-30 18:14:45,142 INFO c.h.h.t.HelmChartContainer - [K3S] [configmap.go:193] Couldn't get configMap monitoring/monitoring-stack-grafana: configmap "monitoring-stack-grafana" not found
2025-01-30 18:14:45,142 INFO c.h.h.t.HelmChartContainer - [K3S] [nestedpendingoperations.go:348] Operation for "{volumeName:kubernetes.io/configmap/b6fca835-8fe0-42b4-be7c-a887b788dfef-sc-dashboard-provider podName:b6fca835-8fe0-42b4-be7c-a887b788dfef nodeName:}" failed. No retries permitted until 2025-01-30 18:14:45.64197906 +0000 UTC m=+136.229447275 (durationBeforeRetry 500ms). Error: MountVolume.SetUp failed for volume "sc-dashboard-provider" (UniqueName: "kubernetes.io/configmap/b6fca835-8fe0-42b4-be7c-a887b788dfef-sc-dashboard-provider") pod "monitoring-stack-grafana-64c55fb967-d48sz" (UID: "b6fca835-8fe0-42b4-be7c-a887b788dfef") : configmap "monitoring-stack-grafana-config-dashboards" not found
2025-01-30 18:14:45,142 INFO c.h.h.t.HelmChartContainer - [K3S] [nestedpendingoperations.go:348] Operation for "{volumeName:kubernetes.io/configmap/b6fca835-8fe0-42b4-be7c-a887b788dfef-config podName:b6fca835-8fe0-42b4-be7c-a887b788dfef nodeName:}" failed. No retries permitted until 2025-01-30 18:14:45.642008777 +0000 UTC m=+136.229477002 (durationBeforeRetry 500ms). Error: MountVolume.SetUp failed for volume "config" (UniqueName: "kubernetes.io/configmap/b6fca835-8fe0-42b4-be7c-a887b788dfef-config") pod "monitoring-stack-grafana-64c55fb967-d48sz" (UID: "b6fca835-8fe0-42b4-be7c-a887b788dfef") : configmap "monitoring-stack-grafana" not found
2025-01-30 18:14:45,145 INFO c.h.h.t.HelmChartContainer - [EVENT] Warning [FailedMount] MountVolume.SetUp failed for volume "sc-dashboard-provider" : configmap "monitoring-stack-grafana-config-dashboards" not found [monitoring:monitoring-stack-grafana-64c55fb967-d48sz]
2025-01-30 18:14:45,148 INFO c.h.h.t.HelmChartContainer - [EVENT] Warning [FailedMount] MountVolume.SetUp failed for volume "config" : configmap "monitoring-stack-grafana" not found [monitoring:monitoring-stack-grafana-64c55fb967-d48sz]
2025-01-30 18:14:45,644 INFO c.h.h.t.HelmChartContainer - [K3S] [configmap.go:193] Couldn't get configMap monitoring/monitoring-stack-grafana: configmap "monitoring-stack-grafana" not found
2025-01-30 18:14:45,644 INFO c.h.h.t.HelmChartContainer - [K3S] [nestedpendingoperations.go:348] Operation for "{volumeName:kubernetes.io/configmap/b6fca835-8fe0-42b4-be7c-a887b788dfef-config podName:b6fca835-8fe0-42b4-be7c-a887b788dfef nodeName:}" failed. No retries permitted until 2025-01-30 18:14:46.643699451 +0000 UTC m=+137.231167656 (durationBeforeRetry 1s). Error: MountVolume.SetUp failed for volume "config" (UniqueName: "kubernetes.io/configmap/b6fca835-8fe0-42b4-be7c-a887b788dfef-config") pod "monitoring-stack-grafana-64c55fb967-d48sz" (UID: "b6fca835-8fe0-42b4-be7c-a887b788dfef") : configmap "monitoring-stack-grafana" not found
2025-01-30 18:14:45,644 INFO c.h.h.t.HelmChartContainer - [K3S] [configmap.go:193] Couldn't get configMap monitoring/monitoring-stack-grafana-config-dashboards: configmap "monitoring-stack-grafana-config-dashboards" not found
2025-01-30 18:14:45,644 INFO c.h.h.t.HelmChartContainer - [K3S] [nestedpendingoperations.go:348] Operation for "{volumeName:kubernetes.io/configmap/b6fca835-8fe0-42b4-be7c-a887b788dfef-sc-dashboard-provider podName:b6fca835-8fe0-42b4-be7c-a887b788dfef nodeName:}" failed. No retries permitted until 2025-01-30 18:14:46.64381255 +0000 UTC m=+137.231280775 (durationBeforeRetry 1s). Error: MountVolume.SetUp failed for volume "sc-dashboard-provider" (UniqueName: "kubernetes.io/configmap/b6fca835-8fe0-42b4-be7c-a887b788dfef-sc-dashboard-provider") pod "monitoring-stack-grafana-64c55fb967-d48sz" (UID: "b6fca835-8fe0-42b4-be7c-a887b788dfef") : configmap "monitoring-stack-grafana-config-dashboards" not found
2025-01-30 18:14:45,649 INFO c.h.h.t.HelmChartContainer - [EVENT] Warning [FailedMount] MountVolume.SetUp failed for volume "config" : configmap "monitoring-stack-grafana" not found [monitoring:monitoring-stack-grafana-64c55fb967-d48sz]
2025-01-30 18:14:45,651 INFO c.h.h.t.HelmChartContainer - [EVENT] Warning [FailedMount] MountVolume.SetUp failed for volume "sc-dashboard-provider" : configmap "monitoring-stack-grafana-config-dashboards" not found [monitoring:monitoring-stack-grafana-64c55fb967-d48sz]
2025-01-30 18:14:46,648 INFO c.h.h.t.HelmChartContainer - [K3S] [configmap.go:193] Couldn't get configMap monitoring/monitoring-stack-grafana-config-dashboards: configmap "monitoring-stack-grafana-config-dashboards" not found
2025-01-30 18:14:46,649 INFO c.h.h.t.HelmChartContainer - [K3S] [nestedpendingoperations.go:348] Operation for "{volumeName:kubernetes.io/configmap/b6fca835-8fe0-42b4-be7c-a887b788dfef-sc-dashboard-provider podName:b6fca835-8fe0-42b4-be7c-a887b788dfef nodeName:}" failed. No retries permitted until 2025-01-30 18:14:48.648238828 +0000 UTC m=+139.235707033 (durationBeforeRetry 2s). Error: MountVolume.SetUp failed for volume "sc-dashboard-provider" (UniqueName: "kubernetes.io/configmap/b6fca835-8fe0-42b4-be7c-a887b788dfef-sc-dashboard-provider") pod "monitoring-stack-grafana-64c55fb967-d48sz" (UID: "b6fca835-8fe0-42b4-be7c-a887b788dfef") : configmap "monitoring-stack-grafana-config-dashboards" not found
2025-01-30 18:14:46,650 INFO c.h.h.t.HelmChartContainer - [K3S] [configmap.go:193] Couldn't get configMap monitoring/monitoring-stack-grafana: configmap "monitoring-stack-grafana" not found
2025-01-30 18:14:46,650 INFO c.h.h.t.HelmChartContainer - [K3S] [nestedpendingoperations.go:348] Operation for "{volumeName:kubernetes.io/configmap/b6fca835-8fe0-42b4-be7c-a887b788dfef-config podName:b6fca835-8fe0-42b4-be7c-a887b788dfef nodeName:}" failed. No retries permitted until 2025-01-30 18:14:48.648560399 +0000 UTC m=+139.236028614 (durationBeforeRetry 2s). Error: MountVolume.SetUp failed for volume "config" (UniqueName: "kubernetes.io/configmap/b6fca835-8fe0-42b4-be7c-a887b788dfef-config") pod "monitoring-stack-grafana-64c55fb967-d48sz" (UID: "b6fca835-8fe0-42b4-be7c-a887b788dfef") : configmap "monitoring-stack-grafana" not found
2025-01-30 18:14:46,653 INFO c.h.h.t.HelmChartContainer - [EVENT] Warning [FailedMount] MountVolume.SetUp failed for volume "sc-dashboard-provider" : configmap "monitoring-stack-grafana-config-dashboards" not found [monitoring:monitoring-stack-grafana-64c55fb967-d48sz]
2025-01-30 18:14:46,656 INFO c.h.h.t.HelmChartContainer - [EVENT] Warning [FailedMount] MountVolume.SetUp failed for volume "config" : configmap "monitoring-stack-grafana" not found [monitoring:monitoring-stack-grafana-64c55fb967-d48sz]
2025-01-30 18:14:46,775 INFO c.h.h.t.HelmChartContainer - [K3S] [dispatcher.go:205] Failed calling webhook, failing open prometheusrulemutate.monitoring.coreos.com: failed calling webhook "prometheusrulemutate.monitoring.coreos.com": failed to call webhook: Post "https://monitoring-stack-kube-prom-operator.monitoring.svc:443/admission-prometheusrules/validate?timeout=10s": service "monitoring-stack-kube-prom-operator" not found
2025-01-30 18:14:46,775 INFO c.h.h.t.HelmChartContainer - [K3S] [dispatcher.go:213] "Unhandled Error" err="failed calling webhook \"prometheusrulemutate.monitoring.coreos.com\": failed to call webhook: Post \"https://monitoring-stack-kube-prom-operator.monitoring.svc:443/admission-prometheusrules/validate?timeout=10s\": service \"monitoring-stack-kube-prom-operator\" not found"
2025-01-30 18:14:46,800 INFO c.h.h.t.HelmChartContainer - [K3S] [dispatcher.go:205] Failed calling webhook, failing open prometheusrulemutate.monitoring.coreos.com: failed calling webhook "prometheusrulemutate.monitoring.coreos.com": failed to call webhook: Post "https://monitoring-stack-kube-prom-operator.monitoring.svc:443/admission-prometheusrules/validate?timeout=10s": service "monitoring-stack-kube-prom-operator" not found
2025-01-30 18:14:46,800 INFO c.h.h.t.HelmChartContainer - [K3S] [dispatcher.go:213] "Unhandled Error" err="failed calling webhook \"prometheusrulemutate.monitoring.coreos.com\": failed to call webhook: Post \"https://monitoring-stack-kube-prom-operator.monitoring.svc:443/admission-prometheusrules/validate?timeout=10s\": service \"monitoring-stack-kube-prom-operator\" not found"
2025-01-30 18:14:46,824 INFO c.h.h.t.HelmChartContainer - [K3S] [dispatcher.go:205] Failed calling webhook, failing open prometheusrulemutate.monitoring.coreos.com: failed calling webhook "prometheusrulemutate.monitoring.coreos.com": failed to call webhook: Post "https://monitoring-stack-kube-prom-operator.monitoring.svc:443/admission-prometheusrules/validate?timeout=10s": service "monitoring-stack-kube-prom-operator" not found
2025-01-30 18:14:46,824 INFO c.h.h.t.HelmChartContainer - [K3S] [dispatcher.go:213] "Unhandled Error" err="failed calling webhook \"prometheusrulemutate.monitoring.coreos.com\": failed to call webhook: Post \"https://monitoring-stack-kube-prom-operator.monitoring.svc:443/admission-prometheusrules/validate?timeout=10s\": service \"monitoring-stack-kube-prom-operator\" not found"
2025-01-30 18:14:46,849 INFO c.h.h.t.HelmChartContainer - [K3S] [dispatcher.go:205] Failed calling webhook, failing open prometheusrulemutate.monitoring.coreos.com: failed calling webhook "prometheusrulemutate.monitoring.coreos.com": failed to call webhook: Post "https://monitoring-stack-kube-prom-operator.monitoring.svc:443/admission-prometheusrules/validate?timeout=10s": service "monitoring-stack-kube-prom-operator" not found
2025-01-30 18:14:46,849 INFO c.h.h.t.HelmChartContainer - [K3S] [dispatcher.go:213] "Unhandled Error" err="failed calling webhook \"prometheusrulemutate.monitoring.coreos.com\": failed to call webhook: Post \"https://monitoring-stack-kube-prom-operator.monitoring.svc:443/admission-prometheusrules/validate?timeout=10s\": service \"monitoring-stack-kube-prom-operator\" not found"
2025-01-30 18:14:46,874 INFO c.h.h.t.HelmChartContainer - [K3S] [dispatcher.go:205] Failed calling webhook, failing open prometheusrulemutate.monitoring.coreos.com: failed calling webhook "prometheusrulemutate.monitoring.coreos.com": failed to call webhook: Post "https://monitoring-stack-kube-prom-operator.monitoring.svc:443/admission-prometheusrules/validate?timeout=10s": service "monitoring-stack-kube-prom-operator" not found
2025-01-30 18:14:46,874 INFO c.h.h.t.HelmChartContainer - [K3S] [dispatcher.go:213] "Unhandled Error" err="failed calling webhook \"prometheusrulemutate.monitoring.coreos.com\": failed to call webhook: Post \"https://monitoring-stack-kube-prom-operator.monitoring.svc:443/admission-prometheusrules/validate?timeout=10s\": service \"monitoring-stack-kube-prom-operator\" not found"
2025-01-30 18:14:46,899 INFO c.h.h.t.HelmChartContainer - [K3S] [dispatcher.go:205] Failed calling webhook, failing open prometheusrulemutate.monitoring.coreos.com: failed calling webhook "prometheusrulemutate.monitoring.coreos.com": failed to call webhook: Post "https://monitoring-stack-kube-prom-operator.monitoring.svc:443/admission-prometheusrules/validate?timeout=10s": service "monitoring-stack-kube-prom-operator" not found
2025-01-30 18:14:46,899 INFO c.h.h.t.HelmChartContainer - [K3S] [dispatcher.go:213] "Unhandled Error" err="failed calling webhook \"prometheusrulemutate.monitoring.coreos.com\": failed to call webhook: Post \"https://monitoring-stack-kube-prom-operator.monitoring.svc:443/admission-prometheusrules/validate?timeout=10s\": service \"monitoring-stack-kube-prom-operator\" not found"
2025-01-30 18:14:46,948 INFO c.h.h.t.HelmChartContainer - [K3S] [dispatcher.go:205] Failed calling webhook, failing open prometheusrulemutate.monitoring.coreos.com: failed calling webhook "prometheusrulemutate.monitoring.coreos.com": failed to call webhook: Post "https://monitoring-stack-kube-prom-operator.monitoring.svc:443/admission-prometheusrules/validate?timeout=10s": service "monitoring-stack-kube-prom-operator" not found
2025-01-30 18:14:46,948 INFO c.h.h.t.HelmChartContainer - [K3S] [dispatcher.go:213] "Unhandled Error" err="failed calling webhook \"prometheusrulemutate.monitoring.coreos.com\": failed to call webhook: Post \"https://monitoring-stack-kube-prom-operator.monitoring.svc:443/admission-prometheusrules/validate?timeout=10s\": service \"monitoring-stack-kube-prom-operator\" not found"
2025-01-30 18:14:47,001 INFO c.h.h.t.HelmChartContainer - [K3S] [dispatcher.go:205] Failed calling webhook, failing open prometheusrulemutate.monitoring.coreos.com: failed calling webhook "prometheusrulemutate.monitoring.coreos.com": failed to call webhook: Post "https://monitoring-stack-kube-prom-operator.monitoring.svc:443/admission-prometheusrules/validate?timeout=10s": service "monitoring-stack-kube-prom-operator" not found
2025-01-30 18:14:47,001 INFO c.h.h.t.HelmChartContainer - [K3S] [dispatcher.go:213] "Unhandled Error" err="failed calling webhook \"prometheusrulemutate.monitoring.coreos.com\": failed to call webhook: Post \"https://monitoring-stack-kube-prom-operator.monitoring.svc:443/admission-prometheusrules/validate?timeout=10s\": service \"monitoring-stack-kube-prom-operator\" not found"
2025-01-30 18:14:47,199 INFO c.h.h.t.HelmChartContainer - [K3S] [dispatcher.go:205] Failed calling webhook, failing open prometheusrulemutate.monitoring.coreos.com: failed calling webhook "prometheusrulemutate.monitoring.coreos.com": failed to call webhook: Post "https://monitoring-stack-kube-prom-operator.monitoring.svc:443/admission-prometheusrules/validate?timeout=10s": service "monitoring-stack-kube-prom-operator" not found
2025-01-30 18:14:47,199 INFO c.h.h.t.HelmChartContainer - [K3S] [dispatcher.go:213] "Unhandled Error" err="failed calling webhook \"prometheusrulemutate.monitoring.coreos.com\": failed to call webhook: Post \"https://monitoring-stack-kube-prom-operator.monitoring.svc:443/admission-prometheusrules/validate?timeout=10s\": service \"monitoring-stack-kube-prom-operator\" not found"
2025-01-30 18:14:47,249 INFO c.h.h.t.HelmChartContainer - [K3S] [dispatcher.go:205] Failed calling webhook, failing open prometheusrulemutate.monitoring.coreos.com: failed calling webhook "prometheusrulemutate.monitoring.coreos.com": failed to call webhook: Post "https://monitoring-stack-kube-prom-operator.monitoring.svc:443/admission-prometheusrules/validate?timeout=10s": service "monitoring-stack-kube-prom-operator" not found
2025-01-30 18:14:47,249 INFO c.h.h.t.HelmChartContainer - [K3S] [dispatcher.go:213] "Unhandled Error" err="failed calling webhook \"prometheusrulemutate.monitoring.coreos.com\": failed to call webhook: Post \"https://monitoring-stack-kube-prom-operator.monitoring.svc:443/admission-prometheusrules/validate?timeout=10s\": service \"monitoring-stack-kube-prom-operator\" not found"
2025-01-30 18:14:47,476 INFO c.h.h.t.HelmChartContainer - [K3S] [dispatcher.go:205] Failed calling webhook, failing open prometheusrulemutate.monitoring.coreos.com: failed calling webhook "prometheusrulemutate.monitoring.coreos.com": failed to call webhook: Post "https://monitoring-stack-kube-prom-operator.monitoring.svc:443/admission-prometheusrules/validate?timeout=10s": service "monitoring-stack-kube-prom-operator" not found
2025-01-30 18:14:47,476 INFO c.h.h.t.HelmChartContainer - [K3S] [dispatcher.go:213] "Unhandled Error" err="failed calling webhook \"prometheusrulemutate.monitoring.coreos.com\": failed to call webhook: Post \"https://monitoring-stack-kube-prom-operator.monitoring.svc:443/admission-prometheusrules/validate?timeout=10s\": service \"monitoring-stack-kube-prom-operator\" not found"
2025-01-30 18:14:47,599 INFO c.h.h.t.HelmChartContainer - [K3S] [dispatcher.go:205] Failed calling webhook, failing open prometheusrulemutate.monitoring.coreos.com: failed calling webhook "prometheusrulemutate.monitoring.coreos.com": failed to call webhook: Post "https://monitoring-stack-kube-prom-operator.monitoring.svc:443/admission-prometheusrules/validate?timeout=10s": service "monitoring-stack-kube-prom-operator" not found
2025-01-30 18:14:47,599 INFO c.h.h.t.HelmChartContainer - [K3S] [dispatcher.go:213] "Unhandled Error" err="failed calling webhook \"prometheusrulemutate.monitoring.coreos.com\": failed to call webhook: Post \"https://monitoring-stack-kube-prom-operator.monitoring.svc:443/admission-prometheusrules/validate?timeout=10s\": service \"monitoring-stack-kube-prom-operator\" not found"
2025-01-30 18:14:47,649 INFO c.h.h.t.HelmChartContainer - [K3S] [dispatcher.go:205] Failed calling webhook, failing open prometheusrulemutate.monitoring.coreos.com: failed calling webhook "prometheusrulemutate.monitoring.coreos.com": failed to call webhook: Post "https://monitoring-stack-kube-prom-operator.monitoring.svc:443/admission-prometheusrules/validate?timeout=10s": service "monitoring-stack-kube-prom-operator" not found
2025-01-30 18:14:47,649 INFO c.h.h.t.HelmChartContainer - [K3S] [dispatcher.go:213] "Unhandled Error" err="failed calling webhook \"prometheusrulemutate.monitoring.coreos.com\": failed to call webhook: Post \"https://monitoring-stack-kube-prom-operator.monitoring.svc:443/admission-prometheusrules/validate?timeout=10s\": service \"monitoring-stack-kube-prom-operator\" not found"
2025-01-30 18:14:47,674 INFO c.h.h.t.HelmChartContainer - [K3S] [dispatcher.go:205] Failed calling webhook, failing open prometheusrulemutate.monitoring.coreos.com: failed calling webhook "prometheusrulemutate.monitoring.coreos.com": failed to call webhook: Post "https://monitoring-stack-kube-prom-operator.monitoring.svc:443/admission-prometheusrules/validate?timeout=10s": service "monitoring-stack-kube-prom-operator" not found
2025-01-30 18:14:47,674 INFO c.h.h.t.HelmChartContainer - [K3S] [dispatcher.go:213] "Unhandled Error" err="failed calling webhook \"prometheusrulemutate.monitoring.coreos.com\": failed to call webhook: Post \"https://monitoring-stack-kube-prom-operator.monitoring.svc:443/admission-prometheusrules/validate?timeout=10s\": service \"monitoring-stack-kube-prom-operator\" not found"
2025-01-30 18:14:47,924 INFO c.h.h.t.HelmChartContainer - [K3S] [dispatcher.go:205] Failed calling webhook, failing open prometheusrulemutate.monitoring.coreos.com: failed calling webhook "prometheusrulemutate.monitoring.coreos.com": failed to call webhook: Post "https://monitoring-stack-kube-prom-operator.monitoring.svc:443/admission-prometheusrules/validate?timeout=10s": service "monitoring-stack-kube-prom-operator" not found
2025-01-30 18:14:47,924 INFO c.h.h.t.HelmChartContainer - [K3S] [dispatcher.go:213] "Unhandled Error" err="failed calling webhook \"prometheusrulemutate.monitoring.coreos.com\": failed to call webhook: Post \"https://monitoring-stack-kube-prom-operator.monitoring.svc:443/admission-prometheusrules/validate?timeout=10s\": service \"monitoring-stack-kube-prom-operator\" not found"
2025-01-30 18:14:48,026 INFO c.h.h.t.HelmChartContainer - [K3S] [dispatcher.go:205] Failed calling webhook, failing open prometheusrulemutate.monitoring.coreos.com: failed calling webhook "prometheusrulemutate.monitoring.coreos.com": failed to call webhook: Post "https://monitoring-stack-kube-prom-operator.monitoring.svc:443/admission-prometheusrules/validate?timeout=10s": service "monitoring-stack-kube-prom-operator" not found
2025-01-30 18:14:48,026 INFO c.h.h.t.HelmChartContainer - [K3S] [dispatcher.go:213] "Unhandled Error" err="failed calling webhook \"prometheusrulemutate.monitoring.coreos.com\": failed to call webhook: Post \"https://monitoring-stack-kube-prom-operator.monitoring.svc:443/admission-prometheusrules/validate?timeout=10s\": service \"monitoring-stack-kube-prom-operator\" not found"
2025-01-30 18:14:48,050 INFO c.h.h.t.HelmChartContainer - [K3S] [dispatcher.go:205] Failed calling webhook, failing open prometheusrulemutate.monitoring.coreos.com: failed calling webhook "prometheusrulemutate.monitoring.coreos.com": failed to call webhook: Post "https://monitoring-stack-kube-prom-operator.monitoring.svc:443/admission-prometheusrules/validate?timeout=10s": service "monitoring-stack-kube-prom-operator" not found
2025-01-30 18:14:48,050 INFO c.h.h.t.HelmChartContainer - [K3S] [dispatcher.go:213] "Unhandled Error" err="failed calling webhook \"prometheusrulemutate.monitoring.coreos.com\": failed to call webhook: Post \"https://monitoring-stack-kube-prom-operator.monitoring.svc:443/admission-prometheusrules/validate?timeout=10s\": service \"monitoring-stack-kube-prom-operator\" not found"
2025-01-30 18:14:48,074 INFO c.h.h.t.HelmChartContainer - [K3S] [dispatcher.go:205] Failed calling webhook, failing open prometheusrulemutate.monitoring.coreos.com: failed calling webhook "prometheusrulemutate.monitoring.coreos.com": failed to call webhook: Post "https://monitoring-stack-kube-prom-operator.monitoring.svc:443/admission-prometheusrules/validate?timeout=10s": service "monitoring-stack-kube-prom-operator" not found
2025-01-30 18:14:48,074 INFO c.h.h.t.HelmChartContainer - [K3S] [dispatcher.go:213] "Unhandled Error" err="failed calling webhook \"prometheusrulemutate.monitoring.coreos.com\": failed to call webhook: Post \"https://monitoring-stack-kube-prom-operator.monitoring.svc:443/admission-prometheusrules/validate?timeout=10s\": service \"monitoring-stack-kube-prom-operator\" not found"
2025-01-30 18:14:48,125 INFO c.h.h.t.HelmChartContainer - [K3S] [dispatcher.go:205] Failed calling webhook, failing open prometheusrulemutate.monitoring.coreos.com: failed calling webhook "prometheusrulemutate.monitoring.coreos.com": failed to call webhook: Post "https://monitoring-stack-kube-prom-operator.monitoring.svc:443/admission-prometheusrules/validate?timeout=10s": service "monitoring-stack-kube-prom-operator" not found
2025-01-30 18:14:48,125 INFO c.h.h.t.HelmChartContainer - [K3S] [dispatcher.go:213] "Unhandled Error" err="failed calling webhook \"prometheusrulemutate.monitoring.coreos.com\": failed to call webhook: Post \"https://monitoring-stack-kube-prom-operator.monitoring.svc:443/admission-prometheusrules/validate?timeout=10s\": service \"monitoring-stack-kube-prom-operator\" not found"
2025-01-30 18:14:48,227 INFO c.h.h.t.HelmChartContainer - [K3S] [dispatcher.go:205] Failed calling webhook, failing open prometheusrulemutate.monitoring.coreos.com: failed calling webhook "prometheusrulemutate.monitoring.coreos.com": failed to call webhook: Post "https://monitoring-stack-kube-prom-operator.monitoring.svc:443/admission-prometheusrules/validate?timeout=10s": service "monitoring-stack-kube-prom-operator" not found
2025-01-30 18:14:48,227 INFO c.h.h.t.HelmChartContainer - [K3S] [dispatcher.go:213] "Unhandled Error" err="failed calling webhook \"prometheusrulemutate.monitoring.coreos.com\": failed to call webhook: Post \"https://monitoring-stack-kube-prom-operator.monitoring.svc:443/admission-prometheusrules/validate?timeout=10s\": service \"monitoring-stack-kube-prom-operator\" not found"
2025-01-30 18:14:48,274 INFO c.h.h.t.HelmChartContainer - [K3S] [dispatcher.go:205] Failed calling webhook, failing open prometheusrulemutate.monitoring.coreos.com: failed calling webhook "prometheusrulemutate.monitoring.coreos.com": failed to call webhook: Post "https://monitoring-stack-kube-prom-operator.monitoring.svc:443/admission-prometheusrules/validate?timeout=10s": service "monitoring-stack-kube-prom-operator" not found
2025-01-30 18:14:48,274 INFO c.h.h.t.HelmChartContainer - [K3S] [dispatcher.go:213] "Unhandled Error" err="failed calling webhook \"prometheusrulemutate.monitoring.coreos.com\": failed to call webhook: Post \"https://monitoring-stack-kube-prom-operator.monitoring.svc:443/admission-prometheusrules/validate?timeout=10s\": service \"monitoring-stack-kube-prom-operator\" not found"
2025-01-30 18:14:48,299 INFO c.h.h.t.HelmChartContainer - [K3S] [dispatcher.go:205] Failed calling webhook, failing open prometheusrulemutate.monitoring.coreos.com: failed calling webhook "prometheusrulemutate.monitoring.coreos.com": failed to call webhook: Post "https://monitoring-stack-kube-prom-operator.monitoring.svc:443/admission-prometheusrules/validate?timeout=10s": service "monitoring-stack-kube-prom-operator" not found
2025-01-30 18:14:48,299 INFO c.h.h.t.HelmChartContainer - [K3S] [dispatcher.go:213] "Unhandled Error" err="failed calling webhook \"prometheusrulemutate.monitoring.coreos.com\": failed to call webhook: Post \"https://monitoring-stack-kube-prom-operator.monitoring.svc:443/admission-prometheusrules/validate?timeout=10s\": service \"monitoring-stack-kube-prom-operator\" not found"
2025-01-30 18:14:48,324 INFO c.h.h.t.HelmChartContainer - [K3S] [dispatcher.go:205] Failed calling webhook, failing open prometheusrulemutate.monitoring.coreos.com: failed calling webhook "prometheusrulemutate.monitoring.coreos.com": failed to call webhook: Post "https://monitoring-stack-kube-prom-operator.monitoring.svc:443/admission-prometheusrules/validate?timeout=10s": service "monitoring-stack-kube-prom-operator" not found
2025-01-30 18:14:48,324 INFO c.h.h.t.HelmChartContainer - [K3S] [dispatcher.go:213] "Unhandled Error" err="failed calling webhook \"prometheusrulemutate.monitoring.coreos.com\": failed to call webhook: Post \"https://monitoring-stack-kube-prom-operator.monitoring.svc:443/admission-prometheusrules/validate?timeout=10s\": service \"monitoring-stack-kube-prom-operator\" not found"
2025-01-30 18:14:48,349 INFO c.h.h.t.HelmChartContainer - [K3S] [dispatcher.go:205] Failed calling webhook, failing open prometheusrulemutate.monitoring.coreos.com: failed calling webhook "prometheusrulemutate.monitoring.coreos.com": failed to call webhook: Post "https://monitoring-stack-kube-prom-operator.monitoring.svc:443/admission-prometheusrules/validate?timeout=10s": service "monitoring-stack-kube-prom-operator" not found
2025-01-30 18:14:48,349 INFO c.h.h.t.HelmChartContainer - [K3S] [dispatcher.go:213] "Unhandled Error" err="failed calling webhook \"prometheusrulemutate.monitoring.coreos.com\": failed to call webhook: Post \"https://monitoring-stack-kube-prom-operator.monitoring.svc:443/admission-prometheusrules/validate?timeout=10s\": service \"monitoring-stack-kube-prom-operator\" not found"
2025-01-30 18:14:48,375 INFO c.h.h.t.HelmChartContainer - [K3S] [dispatcher.go:205] Failed calling webhook, failing open prometheusrulemutate.monitoring.coreos.com: failed calling webhook "prometheusrulemutate.monitoring.coreos.com": failed to call webhook: Post "https://monitoring-stack-kube-prom-operator.monitoring.svc:443/admission-prometheusrules/validate?timeout=10s": service "monitoring-stack-kube-prom-operator" not found
2025-01-30 18:14:48,375 INFO c.h.h.t.HelmChartContainer - [K3S] [dispatcher.go:213] "Unhandled Error" err="failed calling webhook \"prometheusrulemutate.monitoring.coreos.com\": failed to call webhook: Post \"https://monitoring-stack-kube-prom-operator.monitoring.svc:443/admission-prometheusrules/validate?timeout=10s\": service \"monitoring-stack-kube-prom-operator\" not found"
2025-01-30 18:14:48,399 INFO c.h.h.t.HelmChartContainer - [K3S] [dispatcher.go:205] Failed calling webhook, failing open prometheusrulemutate.monitoring.coreos.com: failed calling webhook "prometheusrulemutate.monitoring.coreos.com": failed to call webhook: Post "https://monitoring-stack-kube-prom-operator.monitoring.svc:443/admission-prometheusrules/validate?timeout=10s": service "monitoring-stack-kube-prom-operator" not found
2025-01-30 18:14:48,399 INFO c.h.h.t.HelmChartContainer - [K3S] [dispatcher.go:213] "Unhandled Error" err="failed calling webhook \"prometheusrulemutate.monitoring.coreos.com\": failed to call webhook: Post \"https://monitoring-stack-kube-prom-operator.monitoring.svc:443/admission-prometheusrules/validate?timeout=10s\": service \"monitoring-stack-kube-prom-operator\" not found"
2025-01-30 18:14:48,448 INFO c.h.h.t.HelmChartContainer - [K3S] [dispatcher.go:205] Failed calling webhook, failing open prometheusrulemutate.monitoring.coreos.com: failed calling webhook "prometheusrulemutate.monitoring.coreos.com": failed to call webhook: Post "https://monitoring-stack-kube-prom-operator.monitoring.svc:443/admission-prometheusrules/validate?timeout=10s": service "monitoring-stack-kube-prom-operator" not found
2025-01-30 18:14:48,448 INFO c.h.h.t.HelmChartContainer - [K3S] [dispatcher.go:213] "Unhandled Error" err="failed calling webhook \"prometheusrulemutate.monitoring.coreos.com\": failed to call webhook: Post \"https://monitoring-stack-kube-prom-operator.monitoring.svc:443/admission-prometheusrules/validate?timeout=10s\": service \"monitoring-stack-kube-prom-operator\" not found"
2025-01-30 18:14:48,499 INFO c.h.h.t.HelmChartContainer - [K3S] [dispatcher.go:205] Failed calling webhook, failing open prometheusrulemutate.monitoring.coreos.com: failed calling webhook "prometheusrulemutate.monitoring.coreos.com": failed to call webhook: Post "https://monitoring-stack-kube-prom-operator.monitoring.svc:443/admission-prometheusrules/validate?timeout=10s": service "monitoring-stack-kube-prom-operator" not found
2025-01-30 18:14:48,499 INFO c.h.h.t.HelmChartContainer - [K3S] [dispatcher.go:213] "Unhandled Error" err="failed calling webhook \"prometheusrulemutate.monitoring.coreos.com\": failed to call webhook: Post \"https://monitoring-stack-kube-prom-operator.monitoring.svc:443/admission-prometheusrules/validate?timeout=10s\": service \"monitoring-stack-kube-prom-operator\" not found"
2025-01-30 18:14:48,658 INFO c.h.h.t.HelmChartContainer - [K3S] [configmap.go:193] Couldn't get configMap monitoring/monitoring-stack-grafana-config-dashboards: configmap "monitoring-stack-grafana-config-dashboards" not found
2025-01-30 18:14:48,658 INFO c.h.h.t.HelmChartContainer - [K3S] [configmap.go:193] Couldn't get configMap monitoring/monitoring-stack-grafana: configmap "monitoring-stack-grafana" not found
2025-01-30 18:14:48,658 INFO c.h.h.t.HelmChartContainer - [K3S] [nestedpendingoperations.go:348] Operation for "{volumeName:kubernetes.io/configmap/b6fca835-8fe0-42b4-be7c-a887b788dfef-sc-dashboard-provider podName:b6fca835-8fe0-42b4-be7c-a887b788dfef nodeName:}" failed. No retries permitted until 2025-01-30 18:14:52.657938443 +0000 UTC m=+143.245406679 (durationBeforeRetry 4s). Error: MountVolume.SetUp failed for volume "sc-dashboard-provider" (UniqueName: "kubernetes.io/configmap/b6fca835-8fe0-42b4-be7c-a887b788dfef-sc-dashboard-provider") pod "monitoring-stack-grafana-64c55fb967-d48sz" (UID: "b6fca835-8fe0-42b4-be7c-a887b788dfef") : configmap "monitoring-stack-grafana-config-dashboards" not found
2025-01-30 18:14:48,658 INFO c.h.h.t.HelmChartContainer - [K3S] [nestedpendingoperations.go:348] Operation for "{volumeName:kubernetes.io/configmap/b6fca835-8fe0-42b4-be7c-a887b788dfef-config podName:b6fca835-8fe0-42b4-be7c-a887b788dfef nodeName:}" failed. No retries permitted until 2025-01-30 18:14:52.657959272 +0000 UTC m=+143.245427477 (durationBeforeRetry 4s). Error: MountVolume.SetUp failed for volume "config" (UniqueName: "kubernetes.io/configmap/b6fca835-8fe0-42b4-be7c-a887b788dfef-config") pod "monitoring-stack-grafana-64c55fb967-d48sz" (UID: "b6fca835-8fe0-42b4-be7c-a887b788dfef") : configmap "monitoring-stack-grafana" not found
2025-01-30 18:14:48,662 INFO c.h.h.t.HelmChartContainer - [EVENT] Warning [FailedMount] MountVolume.SetUp failed for volume "sc-dashboard-provider" : configmap "monitoring-stack-grafana-config-dashboards" not found [monitoring:monitoring-stack-grafana-64c55fb967-d48sz]
2025-01-30 18:14:48,664 INFO c.h.h.t.HelmChartContainer - [EVENT] Warning [FailedMount] MountVolume.SetUp failed for volume "config" : configmap "monitoring-stack-grafana" not found [monitoring:monitoring-stack-grafana-64c55fb967-d48sz]
2025-01-30 18:14:48,699 INFO c.h.h.t.HelmChartContainer - [K3S] [dispatcher.go:205] Failed calling webhook, failing open prometheusrulemutate.monitoring.coreos.com: failed calling webhook "prometheusrulemutate.monitoring.coreos.com": failed to call webhook: Post "https://monitoring-stack-kube-prom-operator.monitoring.svc:443/admission-prometheusrules/validate?timeout=10s": service "monitoring-stack-kube-prom-operator" not found
2025-01-30 18:14:48,699 INFO c.h.h.t.HelmChartContainer - [K3S] [dispatcher.go:213] "Unhandled Error" err="failed calling webhook \"prometheusrulemutate.monitoring.coreos.com\": failed to call webhook: Post \"https://monitoring-stack-kube-prom-operator.monitoring.svc:443/admission-prometheusrules/validate?timeout=10s\": service \"monitoring-stack-kube-prom-operator\" not found"
2025-01-30 18:14:48,749 INFO c.h.h.t.HelmChartContainer - [K3S] [dispatcher.go:205] Failed calling webhook, failing open prometheusrulemutate.monitoring.coreos.com: failed calling webhook "prometheusrulemutate.monitoring.coreos.com": failed to call webhook: Post "https://monitoring-stack-kube-prom-operator.monitoring.svc:443/admission-prometheusrules/validate?timeout=10s": service "monitoring-stack-kube-prom-operator" not found
2025-01-30 18:14:48,750 INFO c.h.h.t.HelmChartContainer - [K3S] [dispatcher.go:213] "Unhandled Error" err="failed calling webhook \"prometheusrulemutate.monitoring.coreos.com\": failed to call webhook: Post \"https://monitoring-stack-kube-prom-operator.monitoring.svc:443/admission-prometheusrules/validate?timeout=10s\": service \"monitoring-stack-kube-prom-operator\" not found"
2025-01-30 18:14:48,974 INFO c.h.h.t.HelmChartContainer - [K3S] [dispatcher.go:205] Failed calling webhook, failing open prometheusrulemutate.monitoring.coreos.com: failed calling webhook "prometheusrulemutate.monitoring.coreos.com": failed to call webhook: Post "https://monitoring-stack-kube-prom-operator.monitoring.svc:443/admission-prometheusrules/validate?timeout=10s": service "monitoring-stack-kube-prom-operator" not found
2025-01-30 18:14:48,974 INFO c.h.h.t.HelmChartContainer - [K3S] [dispatcher.go:213] "Unhandled Error" err="failed calling webhook \"prometheusrulemutate.monitoring.coreos.com\": failed to call webhook: Post \"https://monitoring-stack-kube-prom-operator.monitoring.svc:443/admission-prometheusrules/validate?timeout=10s\": service \"monitoring-stack-kube-prom-operator\" not found"
2025-01-30 18:14:49,098 INFO c.h.h.t.HelmChartContainer - [K3S] [dispatcher.go:205] Failed calling webhook, failing open prometheusrulemutate.monitoring.coreos.com: failed calling webhook "prometheusrulemutate.monitoring.coreos.com": failed to call webhook: Post "https://monitoring-stack-kube-prom-operator.monitoring.svc:443/admission-prometheusrules/validate?timeout=10s": service "monitoring-stack-kube-prom-operator" not found
2025-01-30 18:14:49,098 INFO c.h.h.t.HelmChartContainer - [K3S] [dispatcher.go:213] "Unhandled Error" err="failed calling webhook \"prometheusrulemutate.monitoring.coreos.com\": failed to call webhook: Post \"https://monitoring-stack-kube-prom-operator.monitoring.svc:443/admission-prometheusrules/validate?timeout=10s\": service \"monitoring-stack-kube-prom-operator\" not found"
2025-01-30 18:14:49,167 INFO c.h.h.t.HelmChartContainer - [K3S] [dispatcher.go:205] Failed calling webhook, failing open prometheusrulemutate.monitoring.coreos.com: failed calling webhook "prometheusrulemutate.monitoring.coreos.com": failed to call webhook: Post "https://monitoring-stack-kube-prom-operator.monitoring.svc:443/admission-prometheusrules/validate?timeout=10s": service "monitoring-stack-kube-prom-operator" not found
2025-01-30 18:14:49,168 INFO c.h.h.t.HelmChartContainer - [K3S] [dispatcher.go:213] "Unhandled Error" err="failed calling webhook \"prometheusrulemutate.monitoring.coreos.com\": failed to call webhook: Post \"https://monitoring-stack-kube-prom-operator.monitoring.svc:443/admission-prometheusrules/validate?timeout=10s\": service \"monitoring-stack-kube-prom-operator\" not found"
2025-01-30 18:14:49,185 INFO c.h.h.t.HelmChartContainer - [K3S] [dispatcher.go:205] Failed calling webhook, failing open prometheusrulemutate.monitoring.coreos.com: failed calling webhook "prometheusrulemutate.monitoring.coreos.com": failed to call webhook: Post "https://monitoring-stack-kube-prom-operator.monitoring.svc:443/admission-prometheusrules/validate?timeout=10s": service "monitoring-stack-kube-prom-operator" not found
2025-01-30 18:14:49,185 INFO c.h.h.t.HelmChartContainer - [K3S] [dispatcher.go:213] "Unhandled Error" err="failed calling webhook \"prometheusrulemutate.monitoring.coreos.com\": failed to call webhook: Post \"https://monitoring-stack-kube-prom-operator.monitoring.svc:443/admission-prometheusrules/validate?timeout=10s\": service \"monitoring-stack-kube-prom-operator\" not found"
2025-01-30 18:14:49,423 INFO c.h.h.t.HelmChartContainer - [K3S] [dispatcher.go:205] Failed calling webhook, failing open prometheusrulemutate.monitoring.coreos.com: failed calling webhook "prometheusrulemutate.monitoring.coreos.com": failed to call webhook: Post "https://monitoring-stack-kube-prom-operator.monitoring.svc:443/admission-prometheusrules/validate?timeout=10s": service "monitoring-stack-kube-prom-operator" not found
2025-01-30 18:14:49,423 INFO c.h.h.t.HelmChartContainer - [K3S] [dispatcher.go:213] "Unhandled Error" err="failed calling webhook \"prometheusrulemutate.monitoring.coreos.com\": failed to call webhook: Post \"https://monitoring-stack-kube-prom-operator.monitoring.svc:443/admission-prometheusrules/validate?timeout=10s\": service \"monitoring-stack-kube-prom-operator\" not found"
2025-01-30 18:14:50,721 INFO c.h.h.t.HelmChartContainer - [K3S] [authentication.go:74] "Unable to authenticate the request" err="[invalid bearer token, serviceaccounts \"monitoring-stack-kube-prom-operator\" not found]"
2025-01-30 18:14:50,725 INFO c.h.h.t.HelmChartContainer - [K3S] [authentication.go:74] "Unable to authenticate the request" err="[invalid bearer token, serviceaccounts \"monitoring-stack-kube-prom-operator\" not found]"
2025-01-30 18:14:51,080 INFO c.h.h.t.HelmChartContainer - [POD] monitoring-stack-kube-prom-operator-6998896c-m65xb [b1ff6601-c622-4e3d-884d-f8bf9439ce77] in monitoring was MODIFIED
2025-01-30 18:14:51,082 INFO c.h.h.t.HelmChartContainer - [EVENT] Normal [Killing] Stopping container kube-prometheus-stack [monitoring:monitoring-stack-kube-prom-operator-6998896c-m65xb]
2025-01-30 18:14:51,084 INFO c.h.h.t.HelmChartContainer - [K3S] [replica_set.go:679] "Finished syncing" kind="ReplicaSet" key="monitoring/monitoring-stack-kube-prom-operator-6998896c" duration="8.058109ms"
2025-01-30 18:14:51,084 INFO c.h.h.t.HelmChartContainer - [K3S] [replica_set.go:679] "Finished syncing" kind="ReplicaSet" key="monitoring/monitoring-stack-kube-prom-operator-6998896c" duration="42.94Âµs"
2025-01-30 18:14:51,232 INFO c.h.h.t.HelmChartContainer - [K3S] [replica_set.go:679] "Finished syncing" kind="ReplicaSet" key="monitoring/monitoring-stack-kube-prom-operator-6998896c" duration="71.564Âµs"
2025-01-30 18:14:51,234 INFO c.h.h.t.HelmChartContainer - [POD] monitoring-stack-kube-prom-operator-6998896c-m65xb [b1ff6601-c622-4e3d-884d-f8bf9439ce77] in monitoring was MODIFIED
2025-01-30 18:14:51,359 INFO c.h.h.t.HelmChartContainer - [EVENT] Normal [Killing] Stopping container grafana-sc-dashboard [monitoring:monitoring-stack-grafana-64c55fb967-d48sz]
2025-01-30 18:14:51,361 INFO c.h.h.t.HelmChartContainer - [POD] monitoring-stack-grafana-64c55fb967-d48sz [b6fca835-8fe0-42b4-be7c-a887b788dfef] in monitoring was MODIFIED
2025-01-30 18:14:51,365 INFO c.h.h.t.HelmChartContainer - [EVENT] Normal [Killing] Stopping container grafana [monitoring:monitoring-stack-grafana-64c55fb967-d48sz]
2025-01-30 18:14:51,366 INFO c.h.h.t.HelmChartContainer - [K3S] [replica_set.go:679] "Finished syncing" kind="ReplicaSet" key="monitoring/monitoring-stack-grafana-64c55fb967" duration="12.569809ms"
2025-01-30 18:14:51,367 INFO c.h.h.t.HelmChartContainer - [K3S] [replica_set.go:679] "Finished syncing" kind="ReplicaSet" key="monitoring/monitoring-stack-grafana-64c55fb967" duration="59.201Âµs"
2025-01-30 18:14:51,367 INFO c.h.h.t.HelmChartContainer - [EVENT] Normal [Killing] Stopping container grafana-sc-datasources [monitoring:monitoring-stack-grafana-64c55fb967-d48sz]
2025-01-30 18:14:51,374 INFO c.h.h.t.HelmChartContainer - [K3S] [reconciler_common.go:162] "operationExecutor.UnmountVolume started for volume \"kube-api-access-7xlsv\" (UniqueName: \"kubernetes.io/projected/b1ff6601-c622-4e3d-884d-f8bf9439ce77-kube-api-access-7xlsv\") pod \"b1ff6601-c622-4e3d-884d-f8bf9439ce77\" (UID: \"b1ff6601-c622-4e3d-884d-f8bf9439ce77\") "
2025-01-30 18:14:51,374 INFO c.h.h.t.HelmChartContainer - [K3S] [reconciler_common.go:162] "operationExecutor.UnmountVolume started for volume \"tls-secret\" (UniqueName: \"kubernetes.io/secret/b1ff6601-c622-4e3d-884d-f8bf9439ce77-tls-secret\") pod \"b1ff6601-c622-4e3d-884d-f8bf9439ce77\" (UID: \"b1ff6601-c622-4e3d-884d-f8bf9439ce77\") "
2025-01-30 18:14:51,415 INFO c.h.h.t.HelmChartContainer - [EVENT] Normal [Killing] Stopping container kube-state-metrics [monitoring:monitoring-stack-kube-state-metrics-5bf5c7b54d-rxwgg]
2025-01-30 18:14:51,417 INFO c.h.h.t.HelmChartContainer - [POD] monitoring-stack-kube-state-metrics-5bf5c7b54d-rxwgg [805eac5a-85a6-44a4-9940-c519ecfb91eb] in monitoring was MODIFIED
2025-01-30 18:14:51,426 INFO c.h.h.t.HelmChartContainer - [K3S] [replica_set.go:679] "Finished syncing" kind="ReplicaSet" key="monitoring/monitoring-stack-kube-state-metrics-5bf5c7b54d" duration="21.717533ms"
2025-01-30 18:14:51,428 INFO c.h.h.t.HelmChartContainer - [K3S] [replica_set.go:679] "Finished syncing" kind="ReplicaSet" key="monitoring/monitoring-stack-kube-state-metrics-5bf5c7b54d" duration="50.484Âµs"
2025-01-30 18:14:51,438 INFO c.h.h.t.HelmChartContainer - [K3S] [scope.go:117] "RemoveContainer" containerID="379b744b61b428198c9bc53057061e60a4498c0f9655e7290fa7a9e5a21fd5d8"
2025-01-30 18:14:51,451 INFO c.h.h.t.HelmChartContainer - [K3S] [scope.go:117] "RemoveContainer" containerID="379b744b61b428198c9bc53057061e60a4498c0f9655e7290fa7a9e5a21fd5d8"
2025-01-30 18:14:51,468 INFO c.h.h.t.HelmChartContainer - [K3S] [replica_set.go:679] "Finished syncing" kind="ReplicaSet" key="monitoring/monitoring-stack-kube-prom-operator-6998896c" duration="53.339Âµs"
2025-01-30 18:14:51,476 INFO c.h.h.t.HelmChartContainer - [K3S] [replica_set.go:679] "Finished syncing" kind="ReplicaSet" key="monitoring/monitoring-stack-kube-prom-operator-6998896c" duration="48.109Âµs"
2025-01-30 18:14:51,476 INFO c.h.h.t.HelmChartContainer - [POD] monitoring-stack-kube-prom-operator-6998896c-m65xb [b1ff6601-c622-4e3d-884d-f8bf9439ce77] in monitoring was MODIFIED
2025-01-30 18:14:51,479 INFO c.h.h.t.HelmChartContainer - [K3S] [reconciler_common.go:299] "Volume detached for volume \"kube-api-access-7xlsv\" (UniqueName: \"kubernetes.io/projected/b1ff6601-c622-4e3d-884d-f8bf9439ce77-kube-api-access-7xlsv\") on node \"000a7c4bbeea\" DevicePath \"\""
2025-01-30 18:14:51,480 INFO c.h.h.t.HelmChartContainer - [K3S] [reconciler_common.go:299] "Volume detached for volume \"tls-secret\" (UniqueName: \"kubernetes.io/secret/b1ff6601-c622-4e3d-884d-f8bf9439ce77-tls-secret\") on node \"000a7c4bbeea\" DevicePath \"\""
2025-01-30 18:14:51,481 INFO c.h.h.t.HelmChartContainer - [POD] monitoring-stack-kube-prom-operator-6998896c-m65xb [b1ff6601-c622-4e3d-884d-f8bf9439ce77] in monitoring was DELETED
2025-01-30 18:14:51,648 INFO c.h.h.t.HelmChartContainer - [K3S] [replica_set.go:679] "Finished syncing" kind="ReplicaSet" key="monitoring/monitoring-stack-kube-state-metrics-5bf5c7b54d" duration="46.767Âµs"
2025-01-30 18:14:51,650 INFO c.h.h.t.HelmChartContainer - [POD] monitoring-stack-kube-state-metrics-5bf5c7b54d-rxwgg [805eac5a-85a6-44a4-9940-c519ecfb91eb] in monitoring was MODIFIED
2025-01-30 18:14:51,731 INFO c.h.h.t.HelmChartContainer - [POD] alertmanager-monitoring-stack-kube-prom-alertmanager-0 [7218c8f0-2edc-4347-b7d0-50ba464c20a4] in monitoring was MODIFIED
2025-01-30 18:14:51,741 INFO c.h.h.t.HelmChartContainer - [EVENT] Normal [Killing] Stopping container alertmanager [monitoring:alertmanager-monitoring-stack-kube-prom-alertmanager-0]
2025-01-30 18:14:51,742 INFO c.h.h.t.HelmChartContainer - [EVENT] Normal [Killing] Stopping container config-reloader [monitoring:alertmanager-monitoring-stack-kube-prom-alertmanager-0]
2025-01-30 18:14:51,779 INFO c.h.h.t.HelmChartContainer - [K3S] [reconciler_common.go:162] "operationExecutor.UnmountVolume started for volume \"kube-api-access-tt2tb\" (UniqueName: \"kubernetes.io/projected/805eac5a-85a6-44a4-9940-c519ecfb91eb-kube-api-access-tt2tb\") pod \"805eac5a-85a6-44a4-9940-c519ecfb91eb\" (UID: \"805eac5a-85a6-44a4-9940-c519ecfb91eb\") "
2025-01-30 18:14:51,785 INFO c.h.h.t.HelmChartContainer - [K3S] [replica_set.go:679] "Finished syncing" kind="ReplicaSet" key="monitoring/monitoring-stack-grafana-64c55fb967" duration="53.64Âµs"
2025-01-30 18:14:51,788 INFO c.h.h.t.HelmChartContainer - [POD] monitoring-stack-grafana-64c55fb967-d48sz [b6fca835-8fe0-42b4-be7c-a887b788dfef] in monitoring was MODIFIED
2025-01-30 18:14:51,881 INFO c.h.h.t.HelmChartContainer - [POD] prometheus-monitoring-stack-kube-prom-prometheus-0 [b1d36cf8-d1a1-42c1-bf7c-f0bab67576f6] in monitoring was MODIFIED
2025-01-30 18:14:51,883 INFO c.h.h.t.HelmChartContainer - [K3S] [reconciler_common.go:162] "operationExecutor.UnmountVolume started for volume \"config\" (UniqueName: \"kubernetes.io/configmap/b6fca835-8fe0-42b4-be7c-a887b788dfef-config\") pod \"b6fca835-8fe0-42b4-be7c-a887b788dfef\" (UID: \"b6fca835-8fe0-42b4-be7c-a887b788dfef\") "
2025-01-30 18:14:51,883 INFO c.h.h.t.HelmChartContainer - [K3S] [reconciler_common.go:162] "operationExecutor.UnmountVolume started for volume \"sc-dashboard-provider\" (UniqueName: \"kubernetes.io/configmap/b6fca835-8fe0-42b4-be7c-a887b788dfef-sc-dashboard-provider\") pod \"b6fca835-8fe0-42b4-be7c-a887b788dfef\" (UID: \"b6fca835-8fe0-42b4-be7c-a887b788dfef\") "
2025-01-30 18:14:51,883 INFO c.h.h.t.HelmChartContainer - [K3S] [reconciler_common.go:162] "operationExecutor.UnmountVolume started for volume \"sc-dashboard-volume\" (UniqueName: \"kubernetes.io/empty-dir/b6fca835-8fe0-42b4-be7c-a887b788dfef-sc-dashboard-volume\") pod \"b6fca835-8fe0-42b4-be7c-a887b788dfef\" (UID: \"b6fca835-8fe0-42b4-be7c-a887b788dfef\") "
2025-01-30 18:14:51,883 INFO c.h.h.t.HelmChartContainer - [K3S] [reconciler_common.go:162] "operationExecutor.UnmountVolume started for volume \"kube-api-access-4pz89\" (UniqueName: \"kubernetes.io/projected/b6fca835-8fe0-42b4-be7c-a887b788dfef-kube-api-access-4pz89\") pod \"b6fca835-8fe0-42b4-be7c-a887b788dfef\" (UID: \"b6fca835-8fe0-42b4-be7c-a887b788dfef\") "
2025-01-30 18:14:51,883 INFO c.h.h.t.HelmChartContainer - [K3S] [reconciler_common.go:162] "operationExecutor.UnmountVolume started for volume \"sc-datasources-volume\" (UniqueName: \"kubernetes.io/empty-dir/b6fca835-8fe0-42b4-be7c-a887b788dfef-sc-datasources-volume\") pod \"b6fca835-8fe0-42b4-be7c-a887b788dfef\" (UID: \"b6fca835-8fe0-42b4-be7c-a887b788dfef\") "
2025-01-30 18:14:51,883 INFO c.h.h.t.HelmChartContainer - [K3S] [reconciler_common.go:162] "operationExecutor.UnmountVolume started for volume \"storage\" (UniqueName: \"kubernetes.io/empty-dir/b6fca835-8fe0-42b4-be7c-a887b788dfef-storage\") pod \"b6fca835-8fe0-42b4-be7c-a887b788dfef\" (UID: \"b6fca835-8fe0-42b4-be7c-a887b788dfef\") "
2025-01-30 18:14:51,883 INFO c.h.h.t.HelmChartContainer - [K3S] [reconciler_common.go:299] "Volume detached for volume \"kube-api-access-tt2tb\" (UniqueName: \"kubernetes.io/projected/805eac5a-85a6-44a4-9940-c519ecfb91eb-kube-api-access-tt2tb\") on node \"000a7c4bbeea\" DevicePath \"\""
2025-01-30 18:14:51,900 INFO c.h.h.t.HelmChartContainer - [EVENT] Normal [Killing] Stopping container prometheus [monitoring:prometheus-monitoring-stack-kube-prom-prometheus-0]
2025-01-30 18:14:51,907 INFO c.h.h.t.HelmChartContainer - [POD] alertmanager-monitoring-stack-kube-prom-alertmanager-0 [7218c8f0-2edc-4347-b7d0-50ba464c20a4] in monitoring was MODIFIED
2025-01-30 18:14:51,918 INFO c.h.h.t.HelmChartContainer - [EVENT] Normal [Killing] Stopping container config-reloader [monitoring:prometheus-monitoring-stack-kube-prom-prometheus-0]
2025-01-30 18:14:51,981 INFO c.h.h.t.HelmChartContainer - [K3S] [reconciler_common.go:162] "operationExecutor.UnmountVolume started for volume \"web-config\" (UniqueName: \"kubernetes.io/secret/7218c8f0-2edc-4347-b7d0-50ba464c20a4-web-config\") pod \"7218c8f0-2edc-4347-b7d0-50ba464c20a4\" (UID: \"7218c8f0-2edc-4347-b7d0-50ba464c20a4\") "
2025-01-30 18:14:51,981 INFO c.h.h.t.HelmChartContainer - [K3S] [reconciler_common.go:162] "operationExecutor.UnmountVolume started for volume \"kube-api-access-whx97\" (UniqueName: \"kubernetes.io/projected/7218c8f0-2edc-4347-b7d0-50ba464c20a4-kube-api-access-whx97\") pod \"7218c8f0-2edc-4347-b7d0-50ba464c20a4\" (UID: \"7218c8f0-2edc-4347-b7d0-50ba464c20a4\") "
2025-01-30 18:14:51,981 INFO c.h.h.t.HelmChartContainer - [K3S] [reconciler_common.go:162] "operationExecutor.UnmountVolume started for volume \"config-out\" (UniqueName: \"kubernetes.io/empty-dir/7218c8f0-2edc-4347-b7d0-50ba464c20a4-config-out\") pod \"7218c8f0-2edc-4347-b7d0-50ba464c20a4\" (UID: \"7218c8f0-2edc-4347-b7d0-50ba464c20a4\") "
2025-01-30 18:14:51,981 INFO c.h.h.t.HelmChartContainer - [K3S] [reconciler_common.go:162] "operationExecutor.UnmountVolume started for volume \"tls-assets\" (UniqueName: \"kubernetes.io/projected/7218c8f0-2edc-4347-b7d0-50ba464c20a4-tls-assets\") pod \"7218c8f0-2edc-4347-b7d0-50ba464c20a4\" (UID: \"7218c8f0-2edc-4347-b7d0-50ba464c20a4\") "
2025-01-30 18:14:51,981 INFO c.h.h.t.HelmChartContainer - [K3S] [reconciler_common.go:162] "operationExecutor.UnmountVolume started for volume \"alertmanager-monitoring-stack-kube-prom-alertmanager-db\" (UniqueName: \"kubernetes.io/empty-dir/7218c8f0-2edc-4347-b7d0-50ba464c20a4-alertmanager-monitoring-stack-kube-prom-alertmanager-db\") pod \"7218c8f0-2edc-4347-b7d0-50ba464c20a4\" (UID: \"7218c8f0-2edc-4347-b7d0-50ba464c20a4\") "
2025-01-30 18:14:51,981 INFO c.h.h.t.HelmChartContainer - [K3S] [reconciler_common.go:162] "operationExecutor.UnmountVolume started for volume \"config-volume\" (UniqueName: \"kubernetes.io/secret/7218c8f0-2edc-4347-b7d0-50ba464c20a4-config-volume\") pod \"7218c8f0-2edc-4347-b7d0-50ba464c20a4\" (UID: \"7218c8f0-2edc-4347-b7d0-50ba464c20a4\") "
2025-01-30 18:14:51,981 INFO c.h.h.t.HelmChartContainer - [K3S] [reconciler_common.go:299] "Volume detached for volume \"config\" (UniqueName: \"kubernetes.io/configmap/b6fca835-8fe0-42b4-be7c-a887b788dfef-config\") on node \"000a7c4bbeea\" DevicePath \"\""
2025-01-30 18:14:51,981 INFO c.h.h.t.HelmChartContainer - [K3S] [reconciler_common.go:299] "Volume detached for volume \"sc-dashboard-provider\" (UniqueName: \"kubernetes.io/configmap/b6fca835-8fe0-42b4-be7c-a887b788dfef-sc-dashboard-provider\") on node \"000a7c4bbeea\" DevicePath \"\""
2025-01-30 18:14:51,981 INFO c.h.h.t.HelmChartContainer - [K3S] [reconciler_common.go:299] "Volume detached for volume \"sc-dashboard-volume\" (UniqueName: \"kubernetes.io/empty-dir/b6fca835-8fe0-42b4-be7c-a887b788dfef-sc-dashboard-volume\") on node \"000a7c4bbeea\" DevicePath \"\""
2025-01-30 18:14:51,981 INFO c.h.h.t.HelmChartContainer - [K3S] [reconciler_common.go:299] "Volume detached for volume \"kube-api-access-4pz89\" (UniqueName: \"kubernetes.io/projected/b6fca835-8fe0-42b4-be7c-a887b788dfef-kube-api-access-4pz89\") on node \"000a7c4bbeea\" DevicePath \"\""
2025-01-30 18:14:51,981 INFO c.h.h.t.HelmChartContainer - [K3S] [reconciler_common.go:299] "Volume detached for volume \"sc-datasources-volume\" (UniqueName: \"kubernetes.io/empty-dir/b6fca835-8fe0-42b4-be7c-a887b788dfef-sc-datasources-volume\") on node \"000a7c4bbeea\" DevicePath \"\""
2025-01-30 18:14:51,981 INFO c.h.h.t.HelmChartContainer - [K3S] [reconciler_common.go:299] "Volume detached for volume \"storage\" (UniqueName: \"kubernetes.io/empty-dir/b6fca835-8fe0-42b4-be7c-a887b788dfef-storage\") on node \"000a7c4bbeea\" DevicePath \"\""
2025-01-30 18:14:52,053 INFO c.h.h.t.HelmChartContainer - [K3S] [kubelet_volumes.go:163] "Cleaned up orphaned pod volumes dir" podUID="b1ff6601-c622-4e3d-884d-f8bf9439ce77" path="/var/lib/kubelet/pods/b1ff6601-c622-4e3d-884d-f8bf9439ce77/volumes"
2025-01-30 18:14:52,075 INFO c.h.h.t.HelmChartContainer - [POD] prometheus-monitoring-stack-kube-prom-prometheus-0 [b1d36cf8-d1a1-42c1-bf7c-f0bab67576f6] in monitoring was MODIFIED
2025-01-30 18:14:52,081 INFO c.h.h.t.HelmChartContainer - [K3S] [reconciler_common.go:299] "Volume detached for volume \"config-volume\" (UniqueName: \"kubernetes.io/secret/7218c8f0-2edc-4347-b7d0-50ba464c20a4-config-volume\") on node \"000a7c4bbeea\" DevicePath \"\""
2025-01-30 18:14:52,081 INFO c.h.h.t.HelmChartContainer - [K3S] [reconciler_common.go:299] "Volume detached for volume \"alertmanager-monitoring-stack-kube-prom-alertmanager-db\" (UniqueName: \"kubernetes.io/empty-dir/7218c8f0-2edc-4347-b7d0-50ba464c20a4-alertmanager-monitoring-stack-kube-prom-alertmanager-db\") on node \"000a7c4bbeea\" DevicePath \"\""
2025-01-30 18:14:52,081 INFO c.h.h.t.HelmChartContainer - [K3S] [reconciler_common.go:299] "Volume detached for volume \"kube-api-access-whx97\" (UniqueName: \"kubernetes.io/projected/7218c8f0-2edc-4347-b7d0-50ba464c20a4-kube-api-access-whx97\") on node \"000a7c4bbeea\" DevicePath \"\""
2025-01-30 18:14:52,081 INFO c.h.h.t.HelmChartContainer - [K3S] [reconciler_common.go:299] "Volume detached for volume \"web-config\" (UniqueName: \"kubernetes.io/secret/7218c8f0-2edc-4347-b7d0-50ba464c20a4-web-config\") on node \"000a7c4bbeea\" DevicePath \"\""
2025-01-30 18:14:52,081 INFO c.h.h.t.HelmChartContainer - [K3S] [reconciler_common.go:299] "Volume detached for volume \"tls-assets\" (UniqueName: \"kubernetes.io/projected/7218c8f0-2edc-4347-b7d0-50ba464c20a4-tls-assets\") on node \"000a7c4bbeea\" DevicePath \"\""
2025-01-30 18:14:52,081 INFO c.h.h.t.HelmChartContainer - [K3S] [reconciler_common.go:299] "Volume detached for volume \"config-out\" (UniqueName: \"kubernetes.io/empty-dir/7218c8f0-2edc-4347-b7d0-50ba464c20a4-config-out\") on node \"000a7c4bbeea\" DevicePath \"\""
2025-01-30 18:14:52,182 INFO c.h.h.t.HelmChartContainer - [K3S] [reconciler_common.go:162] "operationExecutor.UnmountVolume started for volume \"web-config\" (UniqueName: \"kubernetes.io/secret/b1d36cf8-d1a1-42c1-bf7c-f0bab67576f6-web-config\") pod \"b1d36cf8-d1a1-42c1-bf7c-f0bab67576f6\" (UID: \"b1d36cf8-d1a1-42c1-bf7c-f0bab67576f6\") "
2025-01-30 18:14:52,182 INFO c.h.h.t.HelmChartContainer - [K3S] [reconciler_common.go:162] "operationExecutor.UnmountVolume started for volume \"kube-api-access-9hp9d\" (UniqueName: \"kubernetes.io/projected/b1d36cf8-d1a1-42c1-bf7c-f0bab67576f6-kube-api-access-9hp9d\") pod \"b1d36cf8-d1a1-42c1-bf7c-f0bab67576f6\" (UID: \"b1d36cf8-d1a1-42c1-bf7c-f0bab67576f6\") "
2025-01-30 18:14:52,182 INFO c.h.h.t.HelmChartContainer - [K3S] [reconciler_common.go:162] "operationExecutor.UnmountVolume started for volume \"config\" (UniqueName: \"kubernetes.io/secret/b1d36cf8-d1a1-42c1-bf7c-f0bab67576f6-config\") pod \"b1d36cf8-d1a1-42c1-bf7c-f0bab67576f6\" (UID: \"b1d36cf8-d1a1-42c1-bf7c-f0bab67576f6\") "
2025-01-30 18:14:52,182 INFO c.h.h.t.HelmChartContainer - [K3S] [reconciler_common.go:162] "operationExecutor.UnmountVolume started for volume \"prometheus-monitoring-stack-kube-prom-prometheus-db\" (UniqueName: \"kubernetes.io/empty-dir/b1d36cf8-d1a1-42c1-bf7c-f0bab67576f6-prometheus-monitoring-stack-kube-prom-prometheus-db\") pod \"b1d36cf8-d1a1-42c1-bf7c-f0bab67576f6\" (UID: \"b1d36cf8-d1a1-42c1-bf7c-f0bab67576f6\") "
2025-01-30 18:14:52,182 INFO c.h.h.t.HelmChartContainer - [K3S] [reconciler_common.go:162] "operationExecutor.UnmountVolume started for volume \"tls-assets\" (UniqueName: \"kubernetes.io/projected/b1d36cf8-d1a1-42c1-bf7c-f0bab67576f6-tls-assets\") pod \"b1d36cf8-d1a1-42c1-bf7c-f0bab67576f6\" (UID: \"b1d36cf8-d1a1-42c1-bf7c-f0bab67576f6\") "
2025-01-30 18:14:52,182 INFO c.h.h.t.HelmChartContainer - [K3S] [reconciler_common.go:162] "operationExecutor.UnmountVolume started for volume \"prometheus-monitoring-stack-kube-prom-prometheus-rulefiles-0\" (UniqueName: \"kubernetes.io/configmap/b1d36cf8-d1a1-42c1-bf7c-f0bab67576f6-prometheus-monitoring-stack-kube-prom-prometheus-rulefiles-0\") pod \"b1d36cf8-d1a1-42c1-bf7c-f0bab67576f6\" (UID: \"b1d36cf8-d1a1-42c1-bf7c-f0bab67576f6\") "
2025-01-30 18:14:52,182 INFO c.h.h.t.HelmChartContainer - [K3S] [reconciler_common.go:162] "operationExecutor.UnmountVolume started for volume \"config-out\" (UniqueName: \"kubernetes.io/empty-dir/b1d36cf8-d1a1-42c1-bf7c-f0bab67576f6-config-out\") pod \"b1d36cf8-d1a1-42c1-bf7c-f0bab67576f6\" (UID: \"b1d36cf8-d1a1-42c1-bf7c-f0bab67576f6\") "
2025-01-30 18:14:52,283 INFO c.h.h.t.HelmChartContainer - [K3S] [reconciler_common.go:299] "Volume detached for volume \"prometheus-monitoring-stack-kube-prom-prometheus-rulefiles-0\" (UniqueName: \"kubernetes.io/configmap/b1d36cf8-d1a1-42c1-bf7c-f0bab67576f6-prometheus-monitoring-stack-kube-prom-prometheus-rulefiles-0\") on node \"000a7c4bbeea\" DevicePath \"\""
2025-01-30 18:14:52,283 INFO c.h.h.t.HelmChartContainer - [K3S] [reconciler_common.go:299] "Volume detached for volume \"config-out\" (UniqueName: \"kubernetes.io/empty-dir/b1d36cf8-d1a1-42c1-bf7c-f0bab67576f6-config-out\") on node \"000a7c4bbeea\" DevicePath \"\""
2025-01-30 18:14:52,283 INFO c.h.h.t.HelmChartContainer - [K3S] [reconciler_common.go:299] "Volume detached for volume \"web-config\" (UniqueName: \"kubernetes.io/secret/b1d36cf8-d1a1-42c1-bf7c-f0bab67576f6-web-config\") on node \"000a7c4bbeea\" DevicePath \"\""
2025-01-30 18:14:52,283 INFO c.h.h.t.HelmChartContainer - [K3S] [reconciler_common.go:299] "Volume detached for volume \"kube-api-access-9hp9d\" (UniqueName: \"kubernetes.io/projected/b1d36cf8-d1a1-42c1-bf7c-f0bab67576f6-kube-api-access-9hp9d\") on node \"000a7c4bbeea\" DevicePath \"\""
2025-01-30 18:14:52,283 INFO c.h.h.t.HelmChartContainer - [K3S] [reconciler_common.go:299] "Volume detached for volume \"config\" (UniqueName: \"kubernetes.io/secret/b1d36cf8-d1a1-42c1-bf7c-f0bab67576f6-config\") on node \"000a7c4bbeea\" DevicePath \"\""
2025-01-30 18:14:52,283 INFO c.h.h.t.HelmChartContainer - [K3S] [reconciler_common.go:299] "Volume detached for volume \"prometheus-monitoring-stack-kube-prom-prometheus-db\" (UniqueName: \"kubernetes.io/empty-dir/b1d36cf8-d1a1-42c1-bf7c-f0bab67576f6-prometheus-monitoring-stack-kube-prom-prometheus-db\") on node \"000a7c4bbeea\" DevicePath \"\""
2025-01-30 18:14:52,283 INFO c.h.h.t.HelmChartContainer - [K3S] [reconciler_common.go:299] "Volume detached for volume \"tls-assets\" (UniqueName: \"kubernetes.io/projected/b1d36cf8-d1a1-42c1-bf7c-f0bab67576f6-tls-assets\") on node \"000a7c4bbeea\" DevicePath \"\""
2025-01-30 18:14:52,302 INFO c.h.h.t.HelmChartContainer - [K3S] [replica_set.go:679] "Finished syncing" kind="ReplicaSet" key="monitoring/monitoring-stack-kube-prom-operator-6998896c" duration="21.69Âµs"
2025-01-30 18:14:52,441 INFO c.h.h.t.HelmChartContainer - [K3S] [scope.go:117] "RemoveContainer" containerID="bcea0e2fb4afdd622eb9bddaeaf2000a3434216378b846f0a6b4d04d57d0d8f7"
2025-01-30 18:14:52,445 INFO c.h.h.t.HelmChartContainer - [K3S] [scope.go:117] "RemoveContainer" containerID="1f15a9be860a14b9c29b3bc43d201da3a7e653ec637bea199ccc6004ae1b4bc5"
2025-01-30 18:14:52,449 INFO c.h.h.t.HelmChartContainer - [K3S] [scope.go:117] "RemoveContainer" containerID="c19c78a463f557c4ca0d68174b9df80d5040e70d6c904d66de84e82945035eda"
2025-01-30 18:14:52,451 INFO c.h.h.t.HelmChartContainer - [K3S] [replica_set.go:679] "Finished syncing" kind="ReplicaSet" key="monitoring/monitoring-stack-grafana-64c55fb967" duration="58.809Âµs"
2025-01-30 18:14:52,453 INFO c.h.h.t.HelmChartContainer - [K3S] [scope.go:117] "RemoveContainer" containerID="bcea0e2fb4afdd622eb9bddaeaf2000a3434216378b846f0a6b4d04d57d0d8f7"
2025-01-30 18:14:52,454 INFO c.h.h.t.HelmChartContainer - [POD] monitoring-stack-grafana-64c55fb967-d48sz [b6fca835-8fe0-42b4-be7c-a887b788dfef] in monitoring was MODIFIED
2025-01-30 18:14:52,458 INFO c.h.h.t.HelmChartContainer - [K3S] [scope.go:117] "RemoveContainer" containerID="1f15a9be860a14b9c29b3bc43d201da3a7e653ec637bea199ccc6004ae1b4bc5"
2025-01-30 18:14:52,459 INFO c.h.h.t.HelmChartContainer - [K3S] [scope.go:117] "RemoveContainer" containerID="c19c78a463f557c4ca0d68174b9df80d5040e70d6c904d66de84e82945035eda"
2025-01-30 18:14:52,459 INFO c.h.h.t.HelmChartContainer - [K3S] [scope.go:117] "RemoveContainer" containerID="bcea0e2fb4afdd622eb9bddaeaf2000a3434216378b846f0a6b4d04d57d0d8f7"
2025-01-30 18:14:52,459 INFO c.h.h.t.HelmChartContainer - [K3S] [scope.go:117] "RemoveContainer" containerID="1f15a9be860a14b9c29b3bc43d201da3a7e653ec637bea199ccc6004ae1b4bc5"
2025-01-30 18:14:52,459 INFO c.h.h.t.HelmChartContainer - [K3S] [scope.go:117] "RemoveContainer" containerID="c19c78a463f557c4ca0d68174b9df80d5040e70d6c904d66de84e82945035eda"
2025-01-30 18:14:52,459 INFO c.h.h.t.HelmChartContainer - [K3S] [scope.go:117] "RemoveContainer" containerID="3b339f0895be97efe13b308f3eae043cb75866d0cf92e033ff402d72b1f0e9ca"
2025-01-30 18:14:52,462 INFO c.h.h.t.HelmChartContainer - [K3S] [replica_set.go:679] "Finished syncing" kind="ReplicaSet" key="monitoring/monitoring-stack-grafana-64c55fb967" duration="56.997Âµs"
2025-01-30 18:14:52,462 INFO c.h.h.t.HelmChartContainer - [POD] monitoring-stack-grafana-64c55fb967-d48sz [b6fca835-8fe0-42b4-be7c-a887b788dfef] in monitoring was DELETED
2025-01-30 18:14:52,469 INFO c.h.h.t.HelmChartContainer - [K3S] [scope.go:117] "RemoveContainer" containerID="f13eec4ecda9690ccdff51187f0e5d385618ad62f1d27306e64aa11d13645ce0"
2025-01-30 18:14:52,480 INFO c.h.h.t.HelmChartContainer - [POD] monitoring-stack-kube-state-metrics-5bf5c7b54d-rxwgg [805eac5a-85a6-44a4-9940-c519ecfb91eb] in monitoring was MODIFIED
2025-01-30 18:14:52,485 INFO c.h.h.t.HelmChartContainer - [K3S] [replica_set.go:679] "Finished syncing" kind="ReplicaSet" key="monitoring/monitoring-stack-kube-state-metrics-5bf5c7b54d" duration="47.509Âµs"
2025-01-30 18:14:52,485 INFO c.h.h.t.HelmChartContainer - [K3S] [replica_set.go:679] "Finished syncing" kind="ReplicaSet" key="monitoring/monitoring-stack-kube-state-metrics-5bf5c7b54d" duration="28.333Âµs"
2025-01-30 18:14:52,485 INFO c.h.h.t.HelmChartContainer - [K3S] [scope.go:117] "RemoveContainer" containerID="fe455da06c2a5426349c9b553336586675b616b64ab84d8a26ecefccb683950e"
2025-01-30 18:14:52,490 INFO c.h.h.t.HelmChartContainer - [POD] monitoring-stack-kube-state-metrics-5bf5c7b54d-rxwgg [805eac5a-85a6-44a4-9940-c519ecfb91eb] in monitoring was DELETED
2025-01-30 18:14:52,492 INFO c.h.h.t.HelmChartContainer - [K3S] [scope.go:117] "RemoveContainer" containerID="3b339f0895be97efe13b308f3eae043cb75866d0cf92e033ff402d72b1f0e9ca"
2025-01-30 18:14:52,492 INFO c.h.h.t.HelmChartContainer - [K3S] [scope.go:117] "RemoveContainer" containerID="f13eec4ecda9690ccdff51187f0e5d385618ad62f1d27306e64aa11d13645ce0"
2025-01-30 18:14:52,495 INFO c.h.h.t.HelmChartContainer - [POD] prometheus-monitoring-stack-kube-prom-prometheus-0 [b1d36cf8-d1a1-42c1-bf7c-f0bab67576f6] in monitoring was MODIFIED
2025-01-30 18:14:52,496 INFO c.h.h.t.HelmChartContainer - [K3S] [scope.go:117] "RemoveContainer" containerID="fe455da06c2a5426349c9b553336586675b616b64ab84d8a26ecefccb683950e"
2025-01-30 18:14:52,499 INFO c.h.h.t.HelmChartContainer - [K3S] [scope.go:117] "RemoveContainer" containerID="3b339f0895be97efe13b308f3eae043cb75866d0cf92e033ff402d72b1f0e9ca"
2025-01-30 18:14:52,503 INFO c.h.h.t.HelmChartContainer - [K3S] [scope.go:117] "RemoveContainer" containerID="f13eec4ecda9690ccdff51187f0e5d385618ad62f1d27306e64aa11d13645ce0"
2025-01-30 18:14:52,504 INFO c.h.h.t.HelmChartContainer - [K3S] [scope.go:117] "RemoveContainer" containerID="fe455da06c2a5426349c9b553336586675b616b64ab84d8a26ecefccb683950e"
2025-01-30 18:14:52,507 INFO c.h.h.t.HelmChartContainer - [POD] prometheus-monitoring-stack-kube-prom-prometheus-0 [b1d36cf8-d1a1-42c1-bf7c-f0bab67576f6] in monitoring was DELETED
2025-01-30 18:14:52,510 INFO c.h.h.t.HelmChartContainer - [K3S] [scope.go:117] "RemoveContainer" containerID="3b339f0895be97efe13b308f3eae043cb75866d0cf92e033ff402d72b1f0e9ca"
2025-01-30 18:14:52,510 INFO c.h.h.t.HelmChartContainer - [K3S] [scope.go:117] "RemoveContainer" containerID="f13eec4ecda9690ccdff51187f0e5d385618ad62f1d27306e64aa11d13645ce0"
2025-01-30 18:14:52,510 INFO c.h.h.t.HelmChartContainer - [K3S] [scope.go:117] "RemoveContainer" containerID="fe455da06c2a5426349c9b553336586675b616b64ab84d8a26ecefccb683950e"
2025-01-30 18:14:52,513 INFO c.h.h.t.HelmChartContainer - [K3S] [scope.go:117] "RemoveContainer" containerID="cdd8711c8e95e23802fec603b3a5cc951627e714558a9d0256377113b397590c"
2025-01-30 18:14:52,525 INFO c.h.h.t.HelmChartContainer - [K3S] [scope.go:117] "RemoveContainer" containerID="cdd8711c8e95e23802fec603b3a5cc951627e714558a9d0256377113b397590c"
2025-01-30 18:14:52,530 INFO c.h.h.t.HelmChartContainer - [K3S] [scope.go:117] "RemoveContainer" containerID="01ca246de293ca88861cb84f504515f928d729ac0e65bedd4fbad629f14c67f0"
2025-01-30 18:14:52,536 INFO c.h.h.t.HelmChartContainer - [POD] alertmanager-monitoring-stack-kube-prom-alertmanager-0 [7218c8f0-2edc-4347-b7d0-50ba464c20a4] in monitoring was MODIFIED
2025-01-30 18:14:52,542 INFO c.h.h.t.HelmChartContainer - [K3S] [scope.go:117] "RemoveContainer" containerID="36f41cd3d038a5f19cd0176a9d9c8682287f588353094184688701fac81fc3f5"
2025-01-30 18:14:52,548 INFO c.h.h.t.HelmChartContainer - [K3S] [scope.go:117] "RemoveContainer" containerID="cb3c1ada6eca58aef9c3dd1d717ac6b0c517d035bac0c465074c6fad01a63c9c"
2025-01-30 18:14:52,554 INFO c.h.h.t.HelmChartContainer - [K3S] [scope.go:117] "RemoveContainer" containerID="01ca246de293ca88861cb84f504515f928d729ac0e65bedd4fbad629f14c67f0"
2025-01-30 18:14:52,554 INFO c.h.h.t.HelmChartContainer - [POD] alertmanager-monitoring-stack-kube-prom-alertmanager-0 [7218c8f0-2edc-4347-b7d0-50ba464c20a4] in monitoring was DELETED
2025-01-30 18:14:52,556 INFO c.h.h.t.HelmChartContainer - [K3S] [scope.go:117] "RemoveContainer" containerID="36f41cd3d038a5f19cd0176a9d9c8682287f588353094184688701fac81fc3f5"
2025-01-30 18:14:52,557 INFO c.h.h.t.HelmChartContainer - [K3S] [scope.go:117] "RemoveContainer" containerID="cb3c1ada6eca58aef9c3dd1d717ac6b0c517d035bac0c465074c6fad01a63c9c"
2025-01-30 18:14:52,557 INFO c.h.h.t.HelmChartContainer - [K3S] [scope.go:117] "RemoveContainer" containerID="01ca246de293ca88861cb84f504515f928d729ac0e65bedd4fbad629f14c67f0"
2025-01-30 18:14:52,557 INFO c.h.h.t.HelmChartContainer - [K3S] [scope.go:117] "RemoveContainer" containerID="36f41cd3d038a5f19cd0176a9d9c8682287f588353094184688701fac81fc3f5"
2025-01-30 18:14:52,561 INFO c.h.h.t.HelmChartContainer - [K3S] [scope.go:117] "RemoveContainer" containerID="cb3c1ada6eca58aef9c3dd1d717ac6b0c517d035bac0c465074c6fad01a63c9c"
2025-01-30 18:14:52,953 INFO c.h.h.t.HelmChartContainer - [K3S] [replica_set.go:679] "Finished syncing" kind="ReplicaSet" key="monitoring/monitoring-stack-grafana-64c55fb967" duration="8.366Âµs"
2025-01-30 18:14:52,985 INFO c.h.h.t.HelmChartContainer - [K3S] [replica_set.go:679] "Finished syncing" kind="ReplicaSet" key="monitoring/monitoring-stack-kube-state-metrics-5bf5c7b54d" duration="7.133Âµs"
2025-01-30 18:14:53,003 INFO c.h.h.t.HelmChartContainer - [K3S] [stateful_set.go:466] "StatefulSet has been deleted" key="monitoring/alertmanager-monitoring-stack-kube-prom-alertmanager"
2025-01-30 18:14:53,154 INFO c.h.h.t.HelmChartContainer - [K3S] [stateful_set.go:466] "StatefulSet has been deleted" key="monitoring/prometheus-monitoring-stack-kube-prom-prometheus"
2025-01-30 18:14:54,053 INFO c.h.h.t.HelmChartContainer - [K3S] [kubelet_volumes.go:163] "Cleaned up orphaned pod volumes dir" podUID="7218c8f0-2edc-4347-b7d0-50ba464c20a4" path="/var/lib/kubelet/pods/7218c8f0-2edc-4347-b7d0-50ba464c20a4/volumes"
2025-01-30 18:14:54,054 INFO c.h.h.t.HelmChartContainer - [K3S] [kubelet_volumes.go:163] "Cleaned up orphaned pod volumes dir" podUID="805eac5a-85a6-44a4-9940-c519ecfb91eb" path="/var/lib/kubelet/pods/805eac5a-85a6-44a4-9940-c519ecfb91eb/volumes"
2025-01-30 18:14:54,054 INFO c.h.h.t.HelmChartContainer - [K3S] [kubelet_volumes.go:163] "Cleaned up orphaned pod volumes dir" podUID="b1d36cf8-d1a1-42c1-bf7c-f0bab67576f6" path="/var/lib/kubelet/pods/b1d36cf8-d1a1-42c1-bf7c-f0bab67576f6/volumes"
2025-01-30 18:14:54,055 INFO c.h.h.t.HelmChartContainer - [K3S] [kubelet_volumes.go:163] "Cleaned up orphaned pod volumes dir" podUID="b6fca835-8fe0-42b4-be7c-a887b788dfef" path="/var/lib/kubelet/pods/b6fca835-8fe0-42b4-be7c-a887b788dfef/volumes"
2025-01-30 18:14:55,002 INFO c.h.h.t.HelmChartContainer - Deleting namespace 'monitoring'...
2025-01-30 18:15:00,458 INFO c.h.h.t.HelmChartContainer - Namespace 'monitoring' deleted
2025-01-30 18:15:00,458 INFO c.h.h.t.HelmChartContainer - Release 'monitoring-stack' in namespace 'monitoring' is uninstalled
2025-01-30 18:15:00,459 INFO c.h.h.t.HelmChartContainer - Uninstalling release 'test-hivemq-platform-operator' in namespace 'helmmonitoringoperatorit-operator'...
2025-01-30 18:15:00,459 DEBUG c.h.h.t.HelmChartContainer - Executing helm command: /bin/helm --kubeconfig /etc/rancher/k3s/k3s.yaml uninstall test-hivemq-platform-operator  --wait --timeout 5m0s --cascade foreground --namespace helmmonitoringoperatorit-operator
2025-01-30 18:15:00,642 INFO c.h.h.t.HelmChartContainer - [K3S] [replica_set.go:679] "Finished syncing" kind="ReplicaSet" key="helmmonitoringoperatorit-operator/hivemq-test-hivemq-platform-operator-6966f96d65" duration="11.20088ms"
2025-01-30 18:15:00,643 INFO c.h.h.t.HelmChartContainer - [K3S] [replica_set.go:679] "Finished syncing" kind="ReplicaSet" key="helmmonitoringoperatorit-operator/hivemq-test-hivemq-platform-operator-6966f96d65" duration="34.665Âµs"
2025-01-30 18:15:00,650 INFO c.h.h.t.HelmChartContainer - [POD] hivemq-test-hivemq-platform-operator-6966f96d65-d4smg [23aa5906-131e-4cef-b4b8-0e85e35cafbd] in helmmonitoringoperatorit-operator was MODIFIED
2025-01-30 18:15:00,665 INFO c.h.h.t.HelmChartContainer - [EVENT] Normal [Killing] Stopping container hivemq-platform-operator [helmmonitoringoperatorit-operator:hivemq-test-hivemq-platform-operator-6966f96d65-d4smg]
2025-01-30 18:15:00,665 INFO c.h.h.t.HelmChartContainer - Received Killing event for container hivemq-platform-operator in pod hivemq-test-hivemq-platform-operator-6966f96d65-d4smg [23aa5906-131e-4cef-b4b8-0e85e35cafbd]
2025-01-30 18:15:00,665 INFO c.h.h.t.HelmChartContainer - Container [hivemq-test-hivemq-platform-operator-6966f96d65-d4smg] [hivemq-platform-operator] [23aa5906-131e-4cef-b4b8-0e85e35cafbd] was terminated
2025-01-30 18:15:00,666 INFO c.h.h.t.HelmChartContainer - Stopped log watcher for hivemq-platform-operator in pod hivemq-test-hivemq-platform-operator-6966f96d65-d4smg [23aa5906-131e-4cef-b4b8-0e85e35cafbd]
2025-01-30 18:15:00,667 INFO c.h.h.t.HelmChartContainer - [hivemq-test-hivemq-platform] [hivemq-platform-operator] [23aa5906] 18:15:00.663 [application-shutdown-thread] INFO  c.h.p.o.HiveMQPlatformOperatorApplication - HiveMQ Platform Operator is stopping...
2025-01-30 18:15:00,667 INFO c.h.h.t.HelmChartContainer - [hivemq-test-hivemq-platform] [hivemq-platform-operator] [23aa5906] 18:15:00.663 [application-shutdown-thread] INFO  i.javaoperatorsdk.operator.Operator - Operator SDK 4.9.7 is shutting down...
2025-01-30 18:15:00,675 INFO c.h.h.t.HelmChartContainer - [K3S] [replica_set.go:679] "Finished syncing" kind="ReplicaSet" key="helmmonitoringoperatorit-operator/hivemq-test-hivemq-platform-operator-6966f96d65" duration="23.605412ms"
2025-01-30 18:15:00,675 INFO c.h.h.t.HelmChartContainer - [K3S] [replica_set.go:679] "Finished syncing" kind="ReplicaSet" key="helmmonitoringoperatorit-operator/hivemq-test-hivemq-platform-operator-6966f96d65" duration="48.38Âµs"
2025-01-30 18:15:01,164 INFO c.h.h.t.HelmChartContainer - [K3S] [replica_set.go:679] "Finished syncing" kind="ReplicaSet" key="helmmonitoringoperatorit-operator/hivemq-test-hivemq-platform-operator-6966f96d65" duration="41.578Âµs"
2025-01-30 18:15:01,165 INFO c.h.h.t.HelmChartContainer - [POD] hivemq-test-hivemq-platform-operator-6966f96d65-d4smg [23aa5906-131e-4cef-b4b8-0e85e35cafbd] in helmmonitoringoperatorit-operator was MODIFIED
2025-01-30 18:15:01,239 INFO c.h.h.t.HelmChartContainer - [K3S] [reconciler_common.go:162] "operationExecutor.UnmountVolume started for volume \"kube-api-access-zqw8q\" (UniqueName: \"kubernetes.io/projected/23aa5906-131e-4cef-b4b8-0e85e35cafbd-kube-api-access-zqw8q\") pod \"23aa5906-131e-4cef-b4b8-0e85e35cafbd\" (UID: \"23aa5906-131e-4cef-b4b8-0e85e35cafbd\") "
2025-01-30 18:15:01,340 INFO c.h.h.t.HelmChartContainer - [K3S] [reconciler_common.go:299] "Volume detached for volume \"kube-api-access-zqw8q\" (UniqueName: \"kubernetes.io/projected/23aa5906-131e-4cef-b4b8-0e85e35cafbd-kube-api-access-zqw8q\") on node \"000a7c4bbeea\" DevicePath \"\""
2025-01-30 18:15:01,467 INFO c.h.h.t.HelmChartContainer - [K3S] [scope.go:117] "RemoveContainer" containerID="665d74453495e5935dc4441f4fcebb3c1ccb84fce93b023ad8ad0451617ea231"
2025-01-30 18:15:01,471 INFO c.h.h.t.HelmChartContainer - [K3S] [scope.go:117] "RemoveContainer" containerID="665d74453495e5935dc4441f4fcebb3c1ccb84fce93b023ad8ad0451617ea231"
2025-01-30 18:15:01,479 INFO c.h.h.t.HelmChartContainer - [K3S] [replica_set.go:679] "Finished syncing" kind="ReplicaSet" key="helmmonitoringoperatorit-operator/hivemq-test-hivemq-platform-operator-6966f96d65" duration="44.453Âµs"
2025-01-30 18:15:01,480 INFO c.h.h.t.HelmChartContainer - [POD] hivemq-test-hivemq-platform-operator-6966f96d65-d4smg [23aa5906-131e-4cef-b4b8-0e85e35cafbd] in helmmonitoringoperatorit-operator was MODIFIED
2025-01-30 18:15:01,482 INFO c.h.h.t.HelmChartContainer - [K3S] [replica_set.go:679] "Finished syncing" kind="ReplicaSet" key="helmmonitoringoperatorit-operator/hivemq-test-hivemq-platform-operator-6966f96d65" duration="36.017Âµs"
2025-01-30 18:15:01,483 INFO c.h.h.t.HelmChartContainer - [POD] hivemq-test-hivemq-platform-operator-6966f96d65-d4smg [23aa5906-131e-4cef-b4b8-0e85e35cafbd] in helmmonitoringoperatorit-operator was DELETED
2025-01-30 18:15:01,493 INFO c.h.h.t.HelmChartContainer - [K3S] [replica_set.go:679] "Finished syncing" kind="ReplicaSet" key="helmmonitoringoperatorit-operator/hivemq-test-hivemq-platform-operator-6966f96d65" duration="7.124Âµs"
2025-01-30 18:15:02,053 INFO c.h.h.t.HelmChartContainer - [K3S] [kubelet_volumes.go:163] "Cleaned up orphaned pod volumes dir" podUID="23aa5906-131e-4cef-b4b8-0e85e35cafbd" path="/var/lib/kubelet/pods/23aa5906-131e-4cef-b4b8-0e85e35cafbd/volumes"
2025-01-30 18:15:02,749 INFO c.h.h.t.HelmChartContainer - Deleting namespace 'helmmonitoringoperatorit-operator'...
2025-01-30 18:15:05,395 INFO c.h.h.t.HelmChartContainer - [K3S] [namespace_controller.go:187] "Namespace has been deleted" namespace="monitoring"
2025-01-30 18:15:07,969 INFO c.h.h.t.HelmChartContainer - Namespace 'helmmonitoringoperatorit-operator' deleted
2025-01-30 18:15:07,969 INFO c.h.h.t.HelmChartContainer - Release 'test-hivemq-platform-operator' in namespace 'helmmonitoringoperatorit-operator' is uninstalled
2025-01-30 18:15:09,095 INFO c.h.helmcharts.AbstractHelmChartIT - Removed unused containers:

2025-01-30 18:15:12,902 INFO c.h.h.t.HelmChartContainer - [K3S] [namespace_controller.go:187] "Namespace has been deleted" namespace="helmmonitoringoperatorit-operator"
2025-01-30 18:15:24,410 INFO c.h.helmcharts.AbstractHelmChartIT - Removed unused snapshots:
Removing snapshot sha256:03af251906410714c5aef9fa705b63f6bbc39c4a5e787de7361eeb18886c2ed2
Removing snapshot sha256:0c46b3b43cce082ce5ec34ffc6c294e0417d17b9d1e6f366d114b6aadc4f96dc
Removing snapshot sha256:0ce761beee59082d6ed5bcebd3a805b8ddd9b3426b617e4809e7fb7c6587ffec
Removing snapshot sha256:0df91287303208332c8ff6ba40ae4710105201739addbfbddfb955f1ad593664
Removing snapshot sha256:0f30b4526626599ad6853b13d715ed5f11e4dac30bdf22795ee36d8b73285c01
Removing snapshot sha256:1021ef88c7974bfff89c5a0ec4fd3160daac6c48a075f74cff721f85dd104e68
Removing snapshot sha256:10aba4953ddc18145dd38e3704709bc464aa20af60b56fe52caaff4b68411e62
Removing snapshot sha256:17b3230dbaa15b80ea4c59d385a510a1c6c669d654d4445b25f4122988ddf932
Removing snapshot sha256:1ab0a79eb9ae3bab99382d18e27cb1c587196d2929db9c8d1c79088bd5a8fa18
Removing snapshot sha256:1e604deea57dbda554a168861cff1238f93b8c6c69c863c43aed37d9d99c5fed
Removing snapshot sha256:2330d1b95992fe4dfdab1ed70e86e349f3f37a80a92140a1ec441a9c3169bcb7
Removing snapshot sha256:2573e0d8158209ed54ab25c87bcdcb00bd3d2539246960a3d592a1c599d70465
Removing snapshot sha256:3102b3958924e454ee4c19fe49136c5727bea4a438945b9d85ed7525ae7ad17a
Removing snapshot sha256:362a8a37f8bbc31925a8146adcf7cf51f9882f5c1dcbef67c5baa03a297543c0
Removing snapshot sha256:38300cd41e4e7621f1880dc17df1510a0b41c3700bba086c7d13695c2852c906
Removing snapshot sha256:3aea2e5ee60f1f0173fafb64e361c34847c160a755964b223b571f112b206391
Removing snapshot sha256:3d737060823899829eb7827e20ddb4021f5c31c4e7e348a380b528903c9051ae
Removing snapshot sha256:3fa4ad33f0ddc8fd45b39b6b4640f82a3a83619606cd975bfe89d8710ad2d4cd
Removing snapshot sha256:42508696bab4cddb098661270605482768f11b222c3b338a84e17c388a573539
Removing snapshot sha256:42b3566bfb67a7e1e92c7fb9a9d9fd9d5d1c68fb9234b2e7e8d57e3894c584c6
Removing snapshot sha256:43a7c979bbaba6838bc3102d6b10a1459f3ab050b87ccdfef84ef90cf43d3058
Removing snapshot sha256:43e32e0401181ce446773595aa5b45dd3de52a62bd17ce6321e472661bef46fc
Removing snapshot sha256:4ab04491cdf0d3267f08206fe30bd48f49f94b9cab2f016d6739220f722a64af
Removing snapshot sha256:4b6068250e89c96f263060261819c7d912855bfbd64b3eb4c4a8483299b8c295
Removing snapshot sha256:4e4a4c2a9fcafd941707917d9cb4c348229dcda7e6a77d20a5c9e977659e2acb
Removing snapshot sha256:580e69a0a8034ede1921139bbd2bfb72a69ebf276d008281896c32dd8bf74775
Removing snapshot sha256:597fcac6b802be96dede6dae530b1fd3d80ee2191e3c39bd5c3dfb528309801e
Removing snapshot sha256:59860db8e524598ca0913cb5a7821a1a1c1e56f61dec4fe619ad8a278bfd44c2
Removing snapshot sha256:5a9ba96b94a7acc2c16f45d7113265f2705262d850ff8d73abf339acec4e4283
Removing snapshot sha256:5d30ba46b27fe37484567ccc5242cadc78217b8da605f3f195ef25cbf7487904
Removing snapshot sha256:63ca1fbb43ae5034640e5e6cb3e083e05c290072c5366fcaa9d62435a4cced85
Removing snapshot sha256:67f702c6baae873bceb19487c8b1f27bd2b86077e4f2f0e480e6d60ab508b8f5
Removing snapshot sha256:6864348dd42806d552efdec384f1274be15e2d0c10ce44c1f04347af004c10a9
Removing snapshot sha256:6c7dee8f2c39b84b7dc2711c01d33de93514d9055499173e9290176fbe484b6c
Removing snapshot sha256:6d2198b9bba47eb108a6f8e064d85edb59b204d24ceb4d866ad96079b9ec1498
Removing snapshot sha256:711f0795be2fadadbf9fe1151ea3506c44bc3c41083e049b25f8bac1bd91851c
Removing snapshot sha256:72c3c6de0d0264b5178eaf62d9b81be13e7d7bd3cbfaad7e7b0158b6e15a8f09
Removing snapshot sha256:74acea72c72664d31caa1810182a8d9f76600a5e41ed9d1eb2814c0bc090bfea
Removing snapshot sha256:75654b8eeebd3beae97271a102f57cdeb794cc91e442648544963a7e951e9558
Removing snapshot sha256:783ad6a93b23221db9f18c15f79aeb134655b6dd29a9a9bc7472ee50852d14a7
Removing snapshot sha256:81ed7e1a344eefb04664b5d772157e32be190d566bd3083af46ec0b8796ae9ae
Removing snapshot sha256:82753493a6d61ded36556292f02f31841a14c20d2f279f19eaad65afb661d5cd
Removing snapshot sha256:84a897f1c589cde259313d1efcd537ab957267a6526caa797d9703c4ee903204
Removing snapshot sha256:8a10d3db42c505ee0fcfa98417bdd7e39b304f6bcc0a06bb1b220797ff2cc63c
Removing snapshot sha256:8d297423f53775a6b77d49e57a5e9f47799fcfddca869a1164226d56c8299763
Removing snapshot sha256:8ec1e08a6c109c9698b32f46974375ee19470c62a5de0618346b3b4442919582
Removing snapshot sha256:94b728d964f60c89faa32d3296c8e524b6a15c163f95728001c8be4091968231
Removing snapshot sha256:9852f74557303324154e94d69646a117800c24f830d6dd3150a61f1cb1877bfb
Removing snapshot sha256:a21e5b12dbac529ad45d976eb9ce45c881f3bedcc500fb30aba1e52aa1813418
Removing snapshot sha256:afb9d24a81528af822cc0a49b79c922afd1b6fb3355f0fe3683749f5ad2e2e5e
Removing snapshot sha256:b403bf5671b66322a4fb4fcf772687a9e487ab58804584befcae862807d8eb88
Removing snapshot sha256:b8c8d85687c0d5b64887dfaf35dedad43ecac3954a798ffa91d79a5aeb500496
Removing snapshot sha256:b921e6c28969094157f9b8e7244677780319637afd14450b7cb6b2fdea558a0c
Removing snapshot sha256:bc27ecb5769a00e309cf99ebc763c4a4b958b618d1decc96ffac5bc05f02f5b7
Removing snapshot sha256:be3ccb6627a5332e309d45ef461d09b4879dd870c7394d89323d0ebc6ca6aa8a
Removing snapshot sha256:c261f7cbbc64211ee175ee47273acdb7b1a36a4450b397a064a8f2c026490095
Removing snapshot sha256:c34d9393647eea0c9e3557ab988efaf59f61d10a2a5613b439ef0958cca5ec10
Removing snapshot sha256:ccf3c4a0fa967a41c1c83497a2ce6fa5787965859df0adb32c4ca2cf7490bc2b
Removing snapshot sha256:cda334c60720b02c295deeee0739beb29d9283df72a19f0e73b54e50c89e8c00
Removing snapshot sha256:cf92d33f869417309692088c341cd0f223c178ea78a125f757317b22aa8f90e9
Removing snapshot sha256:d0037344cf2fb078884f1849f6a1f8cf9a33a3b6139b6a85833e5ee528e1f9a8
Removing snapshot sha256:d3b36d5b79273b1e98e7700470eaeff05a882e777124d84cebcc1505b85ecb36
Removing snapshot sha256:d65a44a37914602d12c611e5e22a50f11451d847e63015cc1c2aef92dee777a4
Removing snapshot sha256:d7698055289ea72fad6a712ae4a30a02f6f294e476718fac7d5eea9098793d8e
Removing snapshot sha256:deb8fe0e16fb632523b566bfa4819d4c8b7689407d4211b88d26b6988d84ef75
Removing snapshot sha256:e2dc0bae2455930f23ae570e019b7f32edc75c0f2d71cab084db837ff9051796
Removing snapshot sha256:e31519795c7e3df686c447a21ec8d2eb301388a5e39ccf7f20a25c6f6ce3a522
Removing snapshot sha256:e32244417a947175424eb32d2f3a45b7440b9c51ed63f8bc8fa8681d4708b815
Removing snapshot sha256:e58151b46376c08fb48e2a2fbe134b6de223be0749d20b7b60bf475e526a2884
Removing snapshot sha256:eccbd24a99c60cd9e86ee5305dbfc4a4dc89f5ab4fb1f06c8d64797cecedef34
Removing snapshot sha256:f144bb4c7c7f0d2aa7eeffd36d934ec40db1ee167be727e326aad9fdc616f475

]]></system-out>
  </testcase>
  <system-out><![CDATA[2025-01-30 18:12:01,950 INFO c.h.h.t.HelmChartContainerExtension - Using cached HelmChartContainer instance
2025-01-30 18:12:01,956 INFO c.h.h.t.HelmChartContainerExtension - Creating cached HelmChartContainer instance
2025-01-30 18:12:01,976 INFO o.testcontainers.DockerClientFactory - Testcontainers version: 1.20.4
2025-01-30 18:12:02,396 INFO o.t.d.DockerClientProviderStrategy - Found Docker environment with local Unix socket (unix:///var/run/docker.sock)
2025-01-30 18:12:02,405 INFO o.testcontainers.DockerClientFactory - Docker host IP address is localhost
2025-01-30 18:12:02,421 INFO o.testcontainers.DockerClientFactory - Connected to docker: 
  Server Version: 26.1.3
  API Version: 1.45
  Operating System: Ubuntu 24.04.1 LTS
  Total Memory: 15990 MB
2025-01-30 18:12:02,427 INFO o.testcontainers.images.PullPolicy - Image pull policy will be performed by: DefaultPullPolicy()
2025-01-30 18:12:02,429 INFO o.t.utility.ImageNameSubstitutor - Image name substitution will be performed by: DefaultImageNameSubstitutor (composite of 'ConfigurationFileImageNameSubstitutor' and 'PrefixingImageNameSubstitutor')
2025-01-30 18:12:02,456 INFO tc.testcontainers/ryuk:0.11.0 - Pulling docker image: testcontainers/ryuk:0.11.0. Please be patient; this may take some time but only needs to be done once.
2025-01-30 18:12:02,684 INFO tc.testcontainers/ryuk:0.11.0 - Starting to pull image
2025-01-30 18:12:02,699 INFO tc.testcontainers/ryuk:0.11.0 - Pulling image layers:  0 pending,  0 downloaded,  0 extracted, (0 bytes/0 bytes)
2025-01-30 18:12:02,855 INFO tc.testcontainers/ryuk:0.11.0 - Pulling image layers:  2 pending,  1 downloaded,  0 extracted, (116 KB/? MB)
2025-01-30 18:12:02,862 INFO tc.testcontainers/ryuk:0.11.0 - Pulling image layers:  1 pending,  2 downloaded,  0 extracted, (3 MB/? MB)
2025-01-30 18:12:02,890 INFO tc.testcontainers/ryuk:0.11.0 - Pulling image layers:  0 pending,  3 downloaded,  0 extracted, (3 MB/10 MB)
2025-01-30 18:12:02,964 INFO tc.testcontainers/ryuk:0.11.0 - Pulling image layers:  0 pending,  3 downloaded,  1 extracted, (3 MB/10 MB)
2025-01-30 18:12:03,680 INFO tc.testcontainers/ryuk:0.11.0 - Pulling image layers:  0 pending,  3 downloaded,  2 extracted, (4 MB/10 MB)
2025-01-30 18:12:03,721 INFO tc.testcontainers/ryuk:0.11.0 - Pulling image layers:  0 pending,  3 downloaded,  3 extracted, (10 MB/10 MB)
2025-01-30 18:12:03,727 INFO tc.testcontainers/ryuk:0.11.0 - Pull complete. 3 layers, pulled in 1s (downloaded 10 MB at 10 MB/s)
2025-01-30 18:12:03,727 INFO tc.testcontainers/ryuk:0.11.0 - Image testcontainers/ryuk:0.11.0 pull took PT1.270396886S
2025-01-30 18:12:03,747 INFO tc.testcontainers/ryuk:0.11.0 - Creating container for image: testcontainers/ryuk:0.11.0
2025-01-30 18:12:03,814 INFO tc.testcontainers/ryuk:0.11.0 - Container testcontainers/ryuk:0.11.0 is starting: b69ddb1cbd2f7c421e74c4b8a8bc1c1b868688fd2f135112ab92f8bb8196e89e
2025-01-30 18:12:04,066 INFO tc.testcontainers/ryuk:0.11.0 - Container testcontainers/ryuk:0.11.0 started in PT0.318935864S
2025-01-30 18:12:04,070 INFO o.t.utility.RyukResourceReaper - Ryuk started - will monitor and terminate Testcontainers containers on JVM exit
2025-01-30 18:12:04,070 INFO o.testcontainers.DockerClientFactory - Checking the system...
2025-01-30 18:12:04,071 INFO o.testcontainers.DockerClientFactory - âï¸ Docker server version should be at least 1.6.0
2025-01-30 18:12:04,152 INFO o.t.i.builder.ImageFromDockerfile - Pre-emptively checking local images for 'ubuntu:noble-20241118.1@sha256:80dd3c3b9c6cecb9f1667e9290b3bc61b78c2678c02cbdae5f0fea92cc6734ab', referenced via a Dockerfile. If not available, it will be pulled.
2025-01-30 18:12:04,154 INFO t.u.1@sha256:80dd3c... - Pulling docker image: ubuntu:noble-20241118.1@sha256:80dd3c3b9c6cecb9f1667e9290b3bc61b78c2678c02cbdae5f0fea92cc6734ab. Please be patient; this may take some time but only needs to be done once.
2025-01-30 18:12:04,265 INFO t.u.1@sha256:80dd3c... - Starting to pull image
2025-01-30 18:12:04,266 INFO t.u.1@sha256:80dd3c... - Pulling image layers:  0 pending,  0 downloaded,  0 extracted, (0 bytes/0 bytes)
2025-01-30 18:12:04,748 INFO t.u.1@sha256:80dd3c... - Pulling image layers:  0 pending,  1 downloaded,  0 extracted, (25 MB/28 MB)
2025-01-30 18:12:05,680 INFO t.u.1@sha256:80dd3c... - Pulling image layers:  0 pending,  1 downloaded,  1 extracted, (28 MB/28 MB)
2025-01-30 18:12:05,686 INFO t.u.1@sha256:80dd3c... - Pull complete. 1 layers, pulled in 1s (downloaded 28 MB at 28 MB/s)
2025-01-30 18:12:05,686 INFO t.u.1@sha256:80dd3c... - Image ubuntu:noble-20241118.1@sha256:80dd3c3b9c6cecb9f1667e9290b3bc61b78c2678c02cbdae5f0fea92cc6734ab pull took PT1.5314192S
2025-01-30 18:12:05,689 INFO o.t.i.builder.ImageFromDockerfile - Pre-emptively checking local images for 'rancher/k3s:v1.32.1-k3s1', referenced via a Dockerfile. If not available, it will be pulled.
2025-01-30 18:12:05,690 INFO tc.rancher/k3s:v1.32.1-k3s1 - Pulling docker image: rancher/k3s:v1.32.1-k3s1. Please be patient; this may take some time but only needs to be done once.
2025-01-30 18:12:09,965 INFO tc.rancher/k3s:v1.32.1-k3s1 - Starting to pull image
2025-01-30 18:12:09,966 INFO tc.rancher/k3s:v1.32.1-k3s1 - Pulling image layers:  0 pending,  0 downloaded,  0 extracted, (0 bytes/0 bytes)
2025-01-30 18:12:11,532 INFO tc.rancher/k3s:v1.32.1-k3s1 - Pulling image layers:  0 pending,  1 downloaded,  0 extracted, (71 MB/71 MB)
2025-01-30 18:12:12,585 INFO tc.rancher/k3s:v1.32.1-k3s1 - Pulling image layers:  0 pending,  1 downloaded,  1 extracted, (71 MB/71 MB)
2025-01-30 18:12:12,591 INFO tc.rancher/k3s:v1.32.1-k3s1 - Pull complete. 1 layers, pulled in 2s (downloaded 71 MB at 35 MB/s)
2025-01-30 18:12:12,591 INFO tc.rancher/k3s:v1.32.1-k3s1 - Image rancher/k3s:v1.32.1-k3s1 pull took PT6.901327462S
2025-01-30 18:12:12,597 INFO o.t.i.builder.ImageFromDockerfile - Transferred 0 bytes to Docker daemon
2025-01-30 18:12:28,018 INFO c.h.h.t.HelmChartContainer - Starting HelmChartContainer...
2025-01-30 18:12:28,021 INFO t.localhost/testcontainers/s7agnnibwtzkz3zg:latest - Creating container for image: localhost/testcontainers/s7agnnibwtzkz3zg:latest
2025-01-30 18:12:28,092 INFO tc.alpine:3.17 - Pulling docker image: alpine:3.17. Please be patient; this may take some time but only needs to be done once.
2025-01-30 18:12:28,273 INFO tc.alpine:3.17 - Starting to pull image
2025-01-30 18:12:28,274 INFO tc.alpine:3.17 - Pulling image layers:  0 pending,  0 downloaded,  0 extracted, (0 bytes/0 bytes)
2025-01-30 18:12:28,451 INFO tc.alpine:3.17 - Pulling image layers:  0 pending,  1 downloaded,  0 extracted, (33 KB/3 MB)
2025-01-30 18:12:28,549 INFO tc.alpine:3.17 - Pulling image layers:  0 pending,  1 downloaded,  1 extracted, (3 MB/3 MB)
2025-01-30 18:12:28,554 INFO tc.alpine:3.17 - Image alpine:3.17 pull took PT0.46214357S
2025-01-30 18:12:29,121 INFO t.localhost/testcontainers/s7agnnibwtzkz3zg:latest - Container localhost/testcontainers/s7agnnibwtzkz3zg:latest is starting: 000a7c4bbeea369eb2afcbc513d4ce6026b22184ca22232ed257d1518cd0609f
2025-01-30 18:12:29,480 INFO c.h.h.t.HelmChartContainer - [K3S] [INFO] Starting k3s v1.32.1+k3s1 (6a322f12)
2025-01-30 18:12:29,482 INFO c.h.h.t.HelmChartContainer - [K3S] [INFO] Configuring sqlite3 database connection pooling: maxIdleConns=2, maxOpenConns=0, connMaxLifetime=0s
2025-01-30 18:12:29,483 INFO c.h.h.t.HelmChartContainer - [K3S] [INFO] Configuring database table schema and indexes, this may take a moment...
2025-01-30 18:12:29,486 INFO c.h.h.t.HelmChartContainer - [K3S] [INFO] Database tables and indexes are up to date
2025-01-30 18:12:29,489 INFO c.h.h.t.HelmChartContainer - [K3S] [INFO] Kine available at unix://kine.sock
2025-01-30 18:12:29,612 INFO c.h.h.t.HelmChartContainer - [K3S] [INFO] Saving cluster bootstrap data to datastore
2025-01-30 18:12:29,613 INFO c.h.h.t.HelmChartContainer - [K3S] [WARNING] dynamiclistener [::]:6443: no cached certificate available for preload - deferring certificate load until storage initialization or first client request
2025-01-30 18:12:29,614 INFO c.h.h.t.HelmChartContainer - [K3S] [INFO] Active TLS secret / (ver=) (count 10): map[listener.cattle.io/cn-000a7c4bbeea:000a7c4bbeea listener.cattle.io/cn-10.43.0.1:10.43.0.1 listener.cattle.io/cn-127.0.0.1:127.0.0.1 listener.cattle.io/cn-172.18.0.2:172.18.0.2 listener.cattle.io/cn-__1-f16284:::1 listener.cattle.io/cn-kubernetes:kubernetes listener.cattle.io/cn-kubernetes.default:kubernetes.default listener.cattle.io/cn-kubernetes.default.svc:kubernetes.default.svc listener.cattle.io/cn-kubernetes.default.svc.cluster.local:kubernetes.default.svc.cluster.local listener.cattle.io/cn-localhost:localhost listener.cattle.io/fingerprint:SHA1=E5C80EE41DAFAED8C0708A4E12724EA5166A2912]
2025-01-30 18:12:29,785 INFO c.h.h.t.HelmChartContainer - [K3S] [INFO] Running kube-apiserver --advertise-port=6443 --allow-privileged=true --anonymous-auth=false --api-audiences=https://kubernetes.default.svc.cluster.local,k3s --authorization-mode=Node,RBAC --bind-address=127.0.0.1 --cert-dir=/var/lib/rancher/k3s/server/tls/temporary-certs --client-ca-file=/var/lib/rancher/k3s/server/tls/client-ca.crt --egress-selector-config-file=/var/lib/rancher/k3s/server/etc/egress-selector-config.yaml --enable-admission-plugins=NodeRestriction --enable-aggregator-routing=true --enable-bootstrap-token-auth=true --etcd-compaction-interval=0s --etcd-servers=unix://kine.sock --kubelet-certificate-authority=/var/lib/rancher/k3s/server/tls/server-ca.crt --kubelet-client-certificate=/var/lib/rancher/k3s/server/tls/client-kube-apiserver.crt --kubelet-client-key=/var/lib/rancher/k3s/server/tls/client-kube-apiserver.key --kubelet-preferred-address-types=InternalIP,ExternalIP,Hostname --profiling=false --proxy-client-cert-file=/var/lib/rancher/k3s/server/tls/client-auth-proxy.crt --proxy-client-key-file=/var/lib/rancher/k3s/server/tls/client-auth-proxy.key --requestheader-allowed-names=system:auth-proxy --requestheader-client-ca-file=/var/lib/rancher/k3s/server/tls/request-header-ca.crt --requestheader-extra-headers-prefix=X-Remote-Extra- --requestheader-group-headers=X-Remote-Group --requestheader-username-headers=X-Remote-User --secure-port=6444 --service-account-issuer=https://kubernetes.default.svc.cluster.local --service-account-key-file=/var/lib/rancher/k3s/server/tls/service.key --service-account-signing-key-file=/var/lib/rancher/k3s/server/tls/service.current.key --service-cluster-ip-range=10.43.0.0/16 --service-node-port-range=30000-32767 --storage-backend=etcd3 --tls-cert-file=/var/lib/rancher/k3s/server/tls/serving-kube-apiserver.crt --tls-cipher-suites=TLS_ECDHE_ECDSA_WITH_AES_256_GCM_SHA384,TLS_ECDHE_RSA_WITH_AES_256_GCM_SHA384,TLS_ECDHE_ECDSA_WITH_AES_128_GCM_SHA256,TLS_ECDHE_RSA_WITH_AES_128_GCM_SHA256,TLS_ECDHE_ECDSA_WITH_CHACHA20_POLY1305,TLS_ECDHE_RSA_WITH_CHACHA20_POLY1305 --tls-private-key-file=/var/lib/rancher/k3s/server/tls/serving-kube-apiserver.key
2025-01-30 18:12:29,786 INFO c.h.h.t.HelmChartContainer - [K3S] [INFO] Running kube-scheduler --authentication-kubeconfig=/var/lib/rancher/k3s/server/cred/scheduler.kubeconfig --authorization-kubeconfig=/var/lib/rancher/k3s/server/cred/scheduler.kubeconfig --bind-address=127.0.0.1 --kubeconfig=/var/lib/rancher/k3s/server/cred/scheduler.kubeconfig --leader-elect=false --profiling=false --secure-port=10259
2025-01-30 18:12:29,787 INFO c.h.h.t.HelmChartContainer - [K3S] [registry.go:256] calling componentGlobalsRegistry.AddFlags more than once, the registry will be set by the latest flags
2025-01-30 18:12:29,789 INFO c.h.h.t.HelmChartContainer - [K3S] [INFO] Running kube-controller-manager --allocate-node-cidrs=true --authentication-kubeconfig=/var/lib/rancher/k3s/server/cred/controller.kubeconfig --authorization-kubeconfig=/var/lib/rancher/k3s/server/cred/controller.kubeconfig --bind-address=127.0.0.1 --cluster-cidr=10.42.0.0/16 --cluster-signing-kube-apiserver-client-cert-file=/var/lib/rancher/k3s/server/tls/client-ca.nochain.crt --cluster-signing-kube-apiserver-client-key-file=/var/lib/rancher/k3s/server/tls/client-ca.key --cluster-signing-kubelet-client-cert-file=/var/lib/rancher/k3s/server/tls/client-ca.nochain.crt --cluster-signing-kubelet-client-key-file=/var/lib/rancher/k3s/server/tls/client-ca.key --cluster-signing-kubelet-serving-cert-file=/var/lib/rancher/k3s/server/tls/server-ca.nochain.crt --cluster-signing-kubelet-serving-key-file=/var/lib/rancher/k3s/server/tls/server-ca.key --cluster-signing-legacy-unknown-cert-file=/var/lib/rancher/k3s/server/tls/server-ca.nochain.crt --cluster-signing-legacy-unknown-key-file=/var/lib/rancher/k3s/server/tls/server-ca.key --configure-cloud-routes=false --controllers=*,tokencleaner,-service,-route,-cloud-node-lifecycle --kubeconfig=/var/lib/rancher/k3s/server/cred/controller.kubeconfig --leader-elect=false --profiling=false --root-ca-file=/var/lib/rancher/k3s/server/tls/server-ca.crt --secure-port=10257 --service-account-private-key-file=/var/lib/rancher/k3s/server/tls/service.current.key --service-cluster-ip-range=10.43.0.0/16 --use-service-account-credentials=true
2025-01-30 18:12:29,790 INFO c.h.h.t.HelmChartContainer - [K3S] [registry.go:256] calling componentGlobalsRegistry.AddFlags more than once, the registry will be set by the latest flags
2025-01-30 18:12:29,790 INFO c.h.h.t.HelmChartContainer - [K3S] [options.go:299] unable to set WatchListClient feature gate, err: cannot override default for feature "WatchListClient": gates already added to a flag set
2025-01-30 18:12:29,791 INFO c.h.h.t.HelmChartContainer - [K3S] [INFO] Waiting for API server to become available
2025-01-30 18:12:29,791 INFO c.h.h.t.HelmChartContainer - [K3S] [options.go:238] external host was not specified, using 172.18.0.2
2025-01-30 18:12:29,791 INFO c.h.h.t.HelmChartContainer - [K3S] [registry.go:256] calling componentGlobalsRegistry.AddFlags more than once, the registry will be set by the latest flags
2025-01-30 18:12:29,792 INFO c.h.h.t.HelmChartContainer - [K3S] [INFO] Running cloud-controller-manager --allocate-node-cidrs=true --authentication-kubeconfig=/var/lib/rancher/k3s/server/cred/cloud-controller.kubeconfig --authorization-kubeconfig=/var/lib/rancher/k3s/server/cred/cloud-controller.kubeconfig --bind-address=127.0.0.1 --cloud-config=/var/lib/rancher/k3s/server/etc/cloud-config.yaml --cloud-provider=k3s --cluster-cidr=10.42.0.0/16 --configure-cloud-routes=false --controllers=*,-route --kubeconfig=/var/lib/rancher/k3s/server/cred/cloud-controller.kubeconfig --leader-elect=false --leader-elect-resource-name=k3s-cloud-controller-manager --node-status-update-frequency=1m0s --profiling=false
2025-01-30 18:12:29,792 INFO c.h.h.t.HelmChartContainer - [K3S] [server.go:151] Version: v1.32.1+k3s1
2025-01-30 18:12:29,792 INFO c.h.h.t.HelmChartContainer - [K3S] [server.go:153] "Golang settings" GOGC="" GOMAXPROCS="" GOTRACEBACK=""
2025-01-30 18:12:29,792 INFO c.h.h.t.HelmChartContainer - [K3S] [INFO] Server node token is available at /var/lib/rancher/k3s/server/token
2025-01-30 18:12:29,792 INFO c.h.h.t.HelmChartContainer - [K3S] [INFO] To join server node to cluster: k3s server -s https://172.18.0.2:6443 -t ${SERVER_NODE_TOKEN}
2025-01-30 18:12:29,793 INFO c.h.h.t.HelmChartContainer - [K3S] [INFO] Agent node token is available at /var/lib/rancher/k3s/server/agent-token
2025-01-30 18:12:29,793 INFO c.h.h.t.HelmChartContainer - [K3S] [INFO] To join agent node to cluster: k3s agent -s https://172.18.0.2:6443 -t ${AGENT_NODE_TOKEN}
2025-01-30 18:12:29,793 INFO c.h.h.t.HelmChartContainer - [K3S] [INFO] Wrote kubeconfig /etc/rancher/k3s/k3s.yaml
2025-01-30 18:12:29,793 INFO c.h.h.t.HelmChartContainer - [K3S] [INFO] Run: k3s kubectl
2025-01-30 18:12:29,969 INFO c.h.h.t.HelmChartContainer - [K3S] [plugins.go:157] Loaded 13 mutating admission controller(s) successfully in the following order: NamespaceLifecycle,LimitRanger,ServiceAccount,NodeRestriction,TaintNodesByCondition,Priority,DefaultTolerationSeconds,DefaultStorageClass,StorageObjectInUseProtection,RuntimeClass,DefaultIngressClass,MutatingAdmissionPolicy,MutatingAdmissionWebhook.
2025-01-30 18:12:29,970 INFO c.h.h.t.HelmChartContainer - [K3S] [plugins.go:160] Loaded 13 validating admission controller(s) successfully in the following order: LimitRanger,ServiceAccount,PodSecurity,Priority,PersistentVolumeClaimResize,RuntimeClass,CertificateApproval,CertificateSigning,ClusterTrustBundleAttest,CertificateSubjectRestriction,ValidatingAdmissionPolicy,ValidatingAdmissionWebhook,ResourceQuota.
2025-01-30 18:12:29,970 INFO c.h.h.t.HelmChartContainer - [K3S] [instance.go:233] Using reconciler: lease
2025-01-30 18:12:30,053 INFO c.h.h.t.HelmChartContainer - [K3S] [apis.go:106] API group "internal.apiserver.k8s.io" is not enabled, skipping.
2025-01-30 18:12:30,094 INFO c.h.h.t.HelmChartContainer - [K3S] [apis.go:106] API group "storagemigration.k8s.io" is not enabled, skipping.
2025-01-30 18:12:30,129 INFO c.h.h.t.HelmChartContainer - [K3S] [apis.go:106] API group "resource.k8s.io" is not enabled, skipping.
2025-01-30 18:12:30,443 INFO c.h.h.t.HelmChartContainer - [K3S] [dynamic_cafile_content.go:161] "Starting controller" name="client-ca-bundle::/var/lib/rancher/k3s/server/tls/client-ca.crt"
2025-01-30 18:12:30,443 INFO c.h.h.t.HelmChartContainer - [K3S] [dynamic_serving_content.go:135] "Starting controller" name="serving-cert::/var/lib/rancher/k3s/server/tls/serving-kube-apiserver.crt::/var/lib/rancher/k3s/server/tls/serving-kube-apiserver.key"
2025-01-30 18:12:30,443 INFO c.h.h.t.HelmChartContainer - [K3S] [dynamic_cafile_content.go:161] "Starting controller" name="request-header::/var/lib/rancher/k3s/server/tls/request-header-ca.crt"
2025-01-30 18:12:30,443 INFO c.h.h.t.HelmChartContainer - [K3S] [secure_serving.go:213] Serving securely on 127.0.0.1:6444
2025-01-30 18:12:30,444 INFO c.h.h.t.HelmChartContainer - [K3S] [tlsconfig.go:243] "Starting DynamicServingCertificateController"
2025-01-30 18:12:30,446 INFO c.h.h.t.HelmChartContainer - [K3S] [dynamic_serving_content.go:135] "Starting controller" name="aggregator-proxy-cert::/var/lib/rancher/k3s/server/tls/client-auth-proxy.crt::/var/lib/rancher/k3s/server/tls/client-auth-proxy.key"
2025-01-30 18:12:30,446 INFO c.h.h.t.HelmChartContainer - [K3S] [controller.go:119] Starting legacy_token_tracking_controller
2025-01-30 18:12:30,446 INFO c.h.h.t.HelmChartContainer - [K3S] [remote_available_controller.go:411] Starting RemoteAvailability controller
2025-01-30 18:12:30,447 INFO c.h.h.t.HelmChartContainer - [K3S] [apiservice_controller.go:100] Starting APIServiceRegistrationController
2025-01-30 18:12:30,447 INFO c.h.h.t.HelmChartContainer - [K3S] [system_namespaces_controller.go:66] Starting system namespaces controller
2025-01-30 18:12:30,447 INFO c.h.h.t.HelmChartContainer - [K3S] [gc_controller.go:78] Starting apiserver lease garbage collector
2025-01-30 18:12:30,447 INFO c.h.h.t.HelmChartContainer - [K3S] [local_available_controller.go:156] Starting LocalAvailability controller
2025-01-30 18:12:30,447 INFO c.h.h.t.HelmChartContainer - [K3S] [controller.go:78] Starting OpenAPI AggregationController
2025-01-30 18:12:30,447 INFO c.h.h.t.HelmChartContainer - [K3S] [cluster_authentication_trust_controller.go:462] Starting cluster_authentication_trust_controller controller
2025-01-30 18:12:30,447 INFO c.h.h.t.HelmChartContainer - [K3S] [aggregator.go:169] waiting for initial CRD sync...
2025-01-30 18:12:30,447 INFO c.h.h.t.HelmChartContainer - [K3S] [controller.go:80] Starting OpenAPI V3 AggregationController
2025-01-30 18:12:30,448 INFO c.h.h.t.HelmChartContainer - [K3S] [customresource_discovery_controller.go:292] Starting DiscoveryController
2025-01-30 18:12:30,448 INFO c.h.h.t.HelmChartContainer - [K3S] [apf_controller.go:377] Starting API Priority and Fairness config controller
2025-01-30 18:12:30,448 INFO c.h.h.t.HelmChartContainer - [K3S] [crdregistration_controller.go:114] Starting crd-autoregister controller
2025-01-30 18:12:30,448 INFO c.h.h.t.HelmChartContainer - [K3S] [dynamic_cafile_content.go:161] "Starting controller" name="client-ca-bundle::/var/lib/rancher/k3s/server/tls/client-ca.crt"
2025-01-30 18:12:30,448 INFO c.h.h.t.HelmChartContainer - [K3S] [dynamic_cafile_content.go:161] "Starting controller" name="request-header::/var/lib/rancher/k3s/server/tls/request-header-ca.crt"
2025-01-30 18:12:30,448 INFO c.h.h.t.HelmChartContainer - [K3S] [controller.go:142] Starting OpenAPI controller
2025-01-30 18:12:30,448 INFO c.h.h.t.HelmChartContainer - [K3S] [controller.go:90] Starting OpenAPI V3 controller
2025-01-30 18:12:30,448 INFO c.h.h.t.HelmChartContainer - [K3S] [naming_controller.go:294] Starting NamingConditionController
2025-01-30 18:12:30,448 INFO c.h.h.t.HelmChartContainer - [K3S] [establishing_controller.go:81] Starting EstablishingController
2025-01-30 18:12:30,449 INFO c.h.h.t.HelmChartContainer - [K3S] [nonstructuralschema_controller.go:195] Starting NonStructuralSchemaConditionController
2025-01-30 18:12:30,449 INFO c.h.h.t.HelmChartContainer - [K3S] [apiapproval_controller.go:189] Starting KubernetesAPIApprovalPolicyConformantConditionController
2025-01-30 18:12:30,449 INFO c.h.h.t.HelmChartContainer - [K3S] [crd_finalizer.go:269] Starting CRDFinalizer
2025-01-30 18:12:30,474 INFO c.h.h.t.HelmChartContainer - [K3S] [INFO] Password verified locally for node 000a7c4bbeea
2025-01-30 18:12:30,546 INFO c.h.h.t.HelmChartContainer - [K3S] [handler_discovery.go:451] Starting ResourceDiscoveryManager
2025-01-30 18:12:30,547 INFO c.h.h.t.HelmChartContainer - [K3S] [apf_controller.go:382] Running API Priority and Fairness config worker
2025-01-30 18:12:30,547 INFO c.h.h.t.HelmChartContainer - [K3S] [apf_controller.go:385] Running API Priority and Fairness periodic rebalancing process
2025-01-30 18:12:30,547 INFO c.h.h.t.HelmChartContainer - [K3S] [aggregator.go:171] initial CRD sync complete...
2025-01-30 18:12:30,548 INFO c.h.h.t.HelmChartContainer - [K3S] [autoregister_controller.go:144] Starting autoregister controller
2025-01-30 18:12:30,565 INFO c.h.h.t.HelmChartContainer - [K3S] [policy_source.go:240] refreshing policies
2025-01-30 18:12:30,573 INFO c.h.h.t.HelmChartContainer - [K3S] [controller.go:145] "Failed to ensure lease exists, will retry" err="namespaces \"kube-system\" not found" interval="200ms"
2025-01-30 18:12:30,597 INFO c.h.h.t.HelmChartContainer - [K3S] [controller.go:148] "Unhandled Error" err="while syncing ConfigMap \"kube-system/kube-apiserver-legacy-service-account-token-tracking\", err: namespaces \"kube-system\" not found" logger="UnhandledError"
2025-01-30 18:12:30,598 INFO c.h.h.t.HelmChartContainer - [K3S] [controller.go:95] Unable to perform initial Kubernetes service initialization: namespaces "default" not found
2025-01-30 18:12:30,956 INFO c.h.h.t.HelmChartContainer - [K3S] [WARNING] Host resolv.conf includes loopback or multicast nameservers - kubelet will use autogenerated resolv.conf with nameserver 8.8.8.8
2025-01-30 18:12:30,964 INFO c.h.h.t.HelmChartContainer - [K3S] [INFO] Module overlay was already loaded
2025-01-30 18:12:30,964 INFO c.h.h.t.HelmChartContainer - [K3S] [INFO] Module nf_conntrack was already loaded
2025-01-30 18:12:30,965 INFO c.h.h.t.HelmChartContainer - [K3S] [INFO] Module br_netfilter was already loaded
2025-01-30 18:12:30,969 INFO c.h.h.t.HelmChartContainer - [K3S] [INFO] Set sysctl 'net/netfilter/nf_conntrack_max' to 131072
2025-01-30 18:12:30,969 INFO c.h.h.t.HelmChartContainer - [K3S] [INFO] Set sysctl 'net/netfilter/nf_conntrack_tcp_timeout_established' to 86400
2025-01-30 18:12:30,970 INFO c.h.h.t.HelmChartContainer - [K3S] [INFO] Set sysctl 'net/netfilter/nf_conntrack_tcp_timeout_close_wait' to 3600
2025-01-30 18:12:30,971 INFO c.h.h.t.HelmChartContainer - [K3S] [INFO] Logging containerd to /var/lib/rancher/k3s/agent/containerd/containerd.log
2025-01-30 18:12:30,972 INFO c.h.h.t.HelmChartContainer - [K3S] [INFO] Running containerd -c /var/lib/rancher/k3s/agent/etc/containerd/config.toml -a /run/k3s/containerd/containerd.sock --state /run/k3s/containerd --root /var/lib/rancher/k3s/agent/containerd
2025-01-30 18:12:31,448 INFO c.h.h.t.HelmChartContainer - [K3S] [storage_scheduling.go:95] created PriorityClass system-node-critical with value 2000001000
2025-01-30 18:12:31,451 INFO c.h.h.t.HelmChartContainer - [K3S] [storage_scheduling.go:95] created PriorityClass system-cluster-critical with value 2000000000
2025-01-30 18:12:31,451 INFO c.h.h.t.HelmChartContainer - [K3S] [storage_scheduling.go:111] all system priority classes are created successfully or already exist.
2025-01-30 18:12:31,789 INFO c.h.h.t.HelmChartContainer - [K3S] [INFO] Waiting for untainted node
2025-01-30 18:12:31,790 INFO c.h.h.t.HelmChartContainer - [K3S] [INFO] Waiting for cloud-controller-manager privileges to become available
2025-01-30 18:12:31,790 INFO c.h.h.t.HelmChartContainer - [K3S] [INFO] Creating k3s-supervisor event broadcaster
2025-01-30 18:12:31,792 INFO c.h.h.t.HelmChartContainer - [K3S] [INFO] Kube API server is now running
2025-01-30 18:12:31,792 INFO c.h.h.t.HelmChartContainer - [K3S] [INFO] ETCD server is now running
2025-01-30 18:12:31,792 INFO c.h.h.t.HelmChartContainer - [K3S] [INFO] k3s is up and running
2025-01-30 18:12:31,797 INFO c.h.h.t.HelmChartContainer - [K3S] [INFO] Applying CRD addons.k3s.cattle.io
2025-01-30 18:12:31,803 INFO c.h.h.t.HelmChartContainer - [K3S] [alloc.go:330] "allocated clusterIPs" service="default/kubernetes" clusterIPs={"IPv4":"10.43.0.1"}
2025-01-30 18:12:31,810 INFO c.h.h.t.HelmChartContainer - [K3S] [lease.go:265] Resetting endpoints for master service "kubernetes" to [172.18.0.2]
2025-01-30 18:12:31,810 INFO c.h.h.t.HelmChartContainer - [K3S] [INFO] Applying CRD etcdsnapshotfiles.k3s.cattle.io
2025-01-30 18:12:31,821 INFO c.h.h.t.HelmChartContainer - [K3S] [INFO] Applying CRD helmcharts.helm.cattle.io
2025-01-30 18:12:31,836 INFO c.h.h.t.HelmChartContainer - [K3S] [INFO] Applying CRD helmchartconfigs.helm.cattle.io
2025-01-30 18:12:31,849 INFO c.h.h.t.HelmChartContainer - [K3S] [INFO] Waiting for CRD helmchartconfigs.helm.cattle.io to become available
2025-01-30 18:12:31,975 INFO c.h.h.t.HelmChartContainer - [K3S] [INFO] containerd is now running
2025-01-30 18:12:31,979 INFO c.h.h.t.HelmChartContainer - [K3S] [INFO] Connecting to proxy" url="wss://127.0.0.1:6443/v1-k3s/connect
2025-01-30 18:12:31,979 INFO c.h.h.t.HelmChartContainer - [K3S] [INFO] Creating k3s-cert-monitor event broadcaster
2025-01-30 18:12:31,982 INFO c.h.h.t.HelmChartContainer - [K3S] [INFO] Running kubelet --cloud-provider=external --config-dir=/var/lib/rancher/k3s/agent/etc/kubelet.conf.d --containerd=/run/k3s/containerd/containerd.sock --hostname-override=000a7c4bbeea --kubeconfig=/var/lib/rancher/k3s/agent/kubelet.kubeconfig --node-ip=172.18.0.2 --node-labels=
2025-01-30 18:12:31,982 INFO c.h.h.t.HelmChartContainer - [K3S] [INFO] Handling backend connection request [000a7c4bbeea]
2025-01-30 18:12:31,984 INFO c.h.h.t.HelmChartContainer - [K3S] [INFO] Remotedialer connected to proxy" url="wss://127.0.0.1:6443/v1-k3s/connect
2025-01-30 18:12:31,990 INFO c.h.h.t.HelmChartContainer - [K3S] Flag --containerd has been deprecated, This is a cadvisor flag that was mistakenly registered with the Kubelet. Due to legacy concerns, it will follow the standard CLI deprecation timeline before being removed.
2025-01-30 18:12:31,995 INFO c.h.h.t.HelmChartContainer - [K3S] [server.go:515] "Kubelet version" kubeletVersion="v1.32.1+k3s1"
2025-01-30 18:12:31,995 INFO c.h.h.t.HelmChartContainer - [K3S] [server.go:517] "Golang settings" GOGC="" GOMAXPROCS="" GOTRACEBACK=""
2025-01-30 18:12:31,999 INFO c.h.h.t.HelmChartContainer - [K3S] [dynamic_cafile_content.go:161] "Starting controller" name="client-ca-bundle::/var/lib/rancher/k3s/agent/client-ca.crt"
2025-01-30 18:12:32,004 INFO c.h.h.t.HelmChartContainer - [K3S] [log.go:32] "RuntimeConfig from runtime service failed" err="rpc error: code = Unimplemented desc = method RuntimeConfig not implemented"
2025-01-30 18:12:32,004 INFO c.h.h.t.HelmChartContainer - [K3S] [server.go:1416] "CRI implementation should be updated to support RuntimeConfig when KubeletCgroupDriverFromCRI feature gate has been enabled. Falling back to using cgroupDriver from kubelet config."
2025-01-30 18:12:32,008 INFO c.h.h.t.HelmChartContainer - [K3S] [info.go:53] Couldn't collect info from any of the files in "/etc/machine-id,/var/lib/dbus/machine-id"
2025-01-30 18:12:32,008 INFO c.h.h.t.HelmChartContainer - [K3S] [server.go:767] "--cgroups-per-qos enabled, but --cgroup-root was not specified.  defaulting to /"
2025-01-30 18:12:32,008 INFO c.h.h.t.HelmChartContainer - [K3S] [server.go:836] "NoSwap is set due to memorySwapBehavior not specified" memorySwapBehavior="" FailSwapOn=false
2025-01-30 18:12:32,009 INFO c.h.h.t.HelmChartContainer - [K3S] [swap_util.go:115] "Swap is on" /proc/swaps contents=<
2025-01-30 18:12:32,009 INFO c.h.h.t.HelmChartContainer - [K3S] 	Filename				Type		Size		Used		Priority
2025-01-30 18:12:32,009 INFO c.h.h.t.HelmChartContainer - [K3S] 	/mnt/swapfile                           file		4194300		0		-2
2025-01-30 18:12:32,009 INFO c.h.h.t.HelmChartContainer - [K3S]  >
2025-01-30 18:12:32,009 INFO c.h.h.t.HelmChartContainer - [K3S] [container_manager_linux.go:268] "Container manager verified user specified cgroup-root exists" cgroupRoot=[]
2025-01-30 18:12:32,010 INFO c.h.h.t.HelmChartContainer - [K3S] [container_manager_linux.go:273] "Creating Container Manager object based on Node Config" nodeConfig={"NodeName":"000a7c4bbeea","RuntimeCgroupsName":"","SystemCgroupsName":"","KubeletCgroupsName":"/k3s","KubeletOOMScoreAdj":-999,"ContainerRuntime":"","CgroupsPerQOS":true,"CgroupRoot":"/","CgroupDriver":"cgroupfs","KubeletRootDir":"/var/lib/kubelet","ProtectKernelDefaults":false,"KubeReservedCgroupName":"","SystemReservedCgroupName":"","ReservedSystemCPUs":{},"EnforceNodeAllocatable":{"pods":{}},"KubeReserved":null,"SystemReserved":null,"HardEvictionThresholds":[{"Signal":"imagefs.available","Operator":"LessThan","Value":{"Quantity":null,"Percentage":0.05},"GracePeriod":0,"MinReclaim":null},{"Signal":"nodefs.available","Operator":"LessThan","Value":{"Quantity":null,"Percentage":0.05},"GracePeriod":0,"MinReclaim":null}],"QOSReserved":{},"CPUManagerPolicy":"none","CPUManagerPolicyOptions":null,"TopologyManagerScope":"container","CPUManagerReconcilePeriod":10000000000,"ExperimentalMemoryManagerPolicy":"None","ExperimentalMemoryManagerReservedMemory":null,"PodPidsLimit":-1,"EnforceCPULimits":true,"CPUCFSQuotaPeriod":100000000,"TopologyManagerPolicy":"none","TopologyManagerPolicyOptions":null,"CgroupVersion":2}
2025-01-30 18:12:32,010 INFO c.h.h.t.HelmChartContainer - [K3S] [topology_manager.go:138] "Creating topology manager with none policy"
2025-01-30 18:12:32,011 INFO c.h.h.t.HelmChartContainer - [K3S] [container_manager_linux.go:304] "Creating device plugin manager"
2025-01-30 18:12:32,011 INFO c.h.h.t.HelmChartContainer - [K3S] [state_mem.go:36] "Initialized new in-memory state store"
2025-01-30 18:12:32,011 INFO c.h.h.t.HelmChartContainer - [K3S] [kubelet.go:446] "Attempting to sync node with API server"
2025-01-30 18:12:32,011 INFO c.h.h.t.HelmChartContainer - [K3S] [kubelet.go:341] "Adding static pod path" path="/var/lib/rancher/k3s/agent/pod-manifests"
2025-01-30 18:12:32,012 INFO c.h.h.t.HelmChartContainer - [K3S] [kubelet.go:352] "Adding apiserver pod source"
2025-01-30 18:12:32,012 INFO c.h.h.t.HelmChartContainer - [K3S] [apiserver.go:42] "Waiting for node sync before watching apiserver pods"
2025-01-30 18:12:32,012 INFO c.h.h.t.HelmChartContainer - [K3S] [kuberuntime_manager.go:269] "Container runtime initialized" containerRuntime="containerd" version="v1.7.23-k3s2" apiVersion="v1"
2025-01-30 18:12:32,012 INFO c.h.h.t.HelmChartContainer - [K3S] [kubelet.go:890] "Not starting ClusterTrustBundle informer because we are in static kubelet mode"
2025-01-30 18:12:32,012 INFO c.h.h.t.HelmChartContainer - [K3S] [probe.go:272] Flexvolume plugin directory at /usr/libexec/kubernetes/kubelet-plugins/volume/exec/ does not exist. Recreating.
2025-01-30 18:12:32,013 INFO c.h.h.t.HelmChartContainer - [K3S] [watchdog_linux.go:99] "Systemd watchdog is not enabled"
2025-01-30 18:12:32,013 INFO c.h.h.t.HelmChartContainer - [K3S] [server.go:1282] "Started kubelet"
2025-01-30 18:12:32,014 INFO c.h.h.t.HelmChartContainer - [K3S] [fs_resource_analyzer.go:67] "Starting FS ResourceAnalyzer"
2025-01-30 18:12:32,018 INFO c.h.h.t.HelmChartContainer - [K3S] [server.go:169] "Starting to listen" address="0.0.0.0" port=10250
2025-01-30 18:12:32,019 INFO c.h.h.t.HelmChartContainer - [K3S] [server.go:208] "Starting to listen read-only" address="0.0.0.0" port=10255
2025-01-30 18:12:32,019 INFO c.h.h.t.HelmChartContainer - [K3S] [ratelimit.go:55] "Setting rate limiting for endpoint" service="podresources" qps=100 burstTokens=10
2025-01-30 18:12:32,019 INFO c.h.h.t.HelmChartContainer - [K3S] [server.go:243] "Starting to serve the podresources API" endpoint="unix:/var/lib/kubelet/pod-resources/kubelet.sock"
2025-01-30 18:12:32,024 INFO c.h.h.t.HelmChartContainer - [K3S] [dynamic_serving_content.go:135] "Starting controller" name="kubelet-server-cert-files::/var/lib/rancher/k3s/agent/serving-kubelet.crt::/var/lib/rancher/k3s/agent/serving-kubelet.key"
2025-01-30 18:12:32,025 INFO c.h.h.t.HelmChartContainer - [K3S] [volume_manager.go:297] "Starting Kubelet Volume Manager"
2025-01-30 18:12:32,025 INFO c.h.h.t.HelmChartContainer - [K3S] [kubelet_node_status.go:467] "Error getting the current node from lister" err="node \"000a7c4bbeea\" not found"
2025-01-30 18:12:32,028 INFO c.h.h.t.HelmChartContainer - [K3S] [server.go:490] "Adding debug handlers to kubelet server"
2025-01-30 18:12:32,030 INFO c.h.h.t.HelmChartContainer - [K3S] [desired_state_of_world_populator.go:149] "Desired state populator starts to run"
2025-01-30 18:12:32,030 INFO c.h.h.t.HelmChartContainer - [K3S] [reconciler.go:26] "Reconciler: start to sync state"
2025-01-30 18:12:32,051 INFO c.h.h.t.HelmChartContainer - [K3S] [kubelet_network_linux.go:50] "Initialized iptables rules." protocol="IPv4"
2025-01-30 18:12:32,052 INFO c.h.h.t.HelmChartContainer - [K3S] [factory.go:221] Registration of the systemd container factory successfully
2025-01-30 18:12:32,052 INFO c.h.h.t.HelmChartContainer - [K3S] [factory.go:219] Registration of the crio container factory failed: Get "http://%2Fvar%2Frun%2Fcrio%2Fcrio.sock/info": dial unix /var/run/crio/crio.sock: connect: no such file or directory
2025-01-30 18:12:32,052 INFO c.h.h.t.HelmChartContainer - [K3S] [kubelet_network_linux.go:50] "Initialized iptables rules." protocol="IPv6"
2025-01-30 18:12:32,052 INFO c.h.h.t.HelmChartContainer - [K3S] [status_manager.go:227] "Starting to sync pod status with apiserver"
2025-01-30 18:12:32,052 INFO c.h.h.t.HelmChartContainer - [K3S] [watchdog_linux.go:127] "Systemd watchdog is not enabled or the interval is invalid, so health checking will not be started."
2025-01-30 18:12:32,052 INFO c.h.h.t.HelmChartContainer - [K3S] [kubelet.go:2388] "Starting kubelet main sync loop"
2025-01-30 18:12:32,052 INFO c.h.h.t.HelmChartContainer - [K3S] [kubelet.go:2412] "Skipping pod synchronization" err="[container runtime status check may not have completed yet, PLEG is not healthy: pleg has yet to be successful]"
2025-01-30 18:12:32,070 INFO c.h.h.t.HelmChartContainer - [K3S] [factory.go:221] Registration of the containerd container factory successfully
2025-01-30 18:12:32,095 INFO c.h.h.t.HelmChartContainer - [K3S] [nodelease.go:49] "Failed to get node when trying to set owner ref to the node lease" err="nodes \"000a7c4bbeea\" not found" node="000a7c4bbeea"
2025-01-30 18:12:32,104 INFO c.h.h.t.HelmChartContainer - [K3S] [cpu_manager.go:221] "Starting CPU manager" policy="none"
2025-01-30 18:12:32,105 INFO c.h.h.t.HelmChartContainer - [K3S] [cpu_manager.go:222] "Reconciling" reconcilePeriod="10s"
2025-01-30 18:12:32,105 INFO c.h.h.t.HelmChartContainer - [K3S] [state_mem.go:36] "Initialized new in-memory state store"
2025-01-30 18:12:32,106 INFO c.h.h.t.HelmChartContainer - [K3S] [policy_none.go:49] "None policy: Start"
2025-01-30 18:12:32,107 INFO c.h.h.t.HelmChartContainer - [K3S] [memory_manager.go:186] "Starting memorymanager" policy="None"
2025-01-30 18:12:32,107 INFO c.h.h.t.HelmChartContainer - [K3S] [state_mem.go:35] "Initializing new in-memory state store"
2025-01-30 18:12:32,111 INFO c.h.h.t.HelmChartContainer - [K3S] [manager.go:519] "Failed to read data from checkpoint" checkpoint="kubelet_internal_checkpoint" err="checkpoint is not found"
2025-01-30 18:12:32,111 INFO c.h.h.t.HelmChartContainer - [K3S] [eviction_manager.go:189] "Eviction manager: starting control loop"
2025-01-30 18:12:32,111 INFO c.h.h.t.HelmChartContainer - [K3S] [container_log_manager.go:189] "Initializing container log rotate workers" workers=1 monitorPeriod="10s"
2025-01-30 18:12:32,126 INFO c.h.h.t.HelmChartContainer - [K3S] [plugin_manager.go:118] "Starting Kubelet Plugin Manager"
2025-01-30 18:12:32,130 INFO c.h.h.t.HelmChartContainer - [K3S] [eviction_manager.go:267] "eviction manager: failed to check if we have separate container filesystem. Ignoring." err="no imagefs label for configured runtime"
2025-01-30 18:12:32,130 INFO c.h.h.t.HelmChartContainer - [K3S] [eviction_manager.go:292] "Eviction manager: failed to get summary stats" err="failed to get node info: node \"000a7c4bbeea\" not found"
2025-01-30 18:12:32,166 INFO c.h.h.t.HelmChartContainer - [K3S] [ERROR] Sending HTTP/1.1 503 response to 127.0.0.1:43436: runtime core not ready
2025-01-30 18:12:32,213 INFO c.h.h.t.HelmChartContainer - [K3S] [kubelet_node_status.go:76] "Attempting to register node" node="000a7c4bbeea"
2025-01-30 18:12:32,218 INFO c.h.h.t.HelmChartContainer - [K3S] [kubelet_node_status.go:79] "Successfully registered node" node="000a7c4bbeea"
2025-01-30 18:12:32,218 INFO c.h.h.t.HelmChartContainer - [K3S] [kubelet_node_status.go:549] "Error updating node status, will retry" err="error getting node \"000a7c4bbeea\": node \"000a7c4bbeea\" not found"
2025-01-30 18:12:32,224 INFO c.h.h.t.HelmChartContainer - [K3S] [INFO] Annotations and labels have been set successfully on node: 000a7c4bbeea
2025-01-30 18:12:32,225 INFO c.h.h.t.HelmChartContainer - [K3S] [INFO] Starting flannel with backend vxlan
2025-01-30 18:12:32,259 INFO c.h.h.t.HelmChartContainer - [K3S] [INFO] Running kube-proxy --cluster-cidr=10.42.0.0/16 --conntrack-max-per-core=0 --conntrack-tcp-timeout-close-wait=0s --conntrack-tcp-timeout-established=0s --healthz-bind-address=127.0.0.1 --hostname-override=000a7c4bbeea --kubeconfig=/var/lib/rancher/k3s/agent/kubeproxy.kubeconfig --proxy-mode=iptables
2025-01-30 18:12:32,296 INFO c.h.h.t.HelmChartContainer - [K3S] [server.go:698] "Successfully retrieved node IP(s)" IPs=["172.18.0.2"]
2025-01-30 18:12:32,296 INFO c.h.h.t.HelmChartContainer - [K3S] [server.go:234] "Kube-proxy configuration may be incomplete or incorrect" err="nodePortAddresses is unset; NodePort connections will be accepted on all local IPs. Consider using `--nodeport-addresses primary`"
2025-01-30 18:12:32,300 INFO c.h.h.t.HelmChartContainer - [K3S] [server.go:243] "kube-proxy running in dual-stack mode" primary ipFamily="IPv4"
2025-01-30 18:12:32,300 INFO c.h.h.t.HelmChartContainer - [K3S] [server_linux.go:170] "Using iptables Proxier"
2025-01-30 18:12:32,301 INFO c.h.h.t.HelmChartContainer - [K3S] [proxier.go:255] "Setting route_localnet=1 to allow node-ports on localhost; to change this either disable iptables.localhostNodePorts (--iptables-localhost-nodeports) or set nodePortAddresses (--nodeport-addresses) to filter loopback addresses"
2025-01-30 18:12:32,305 INFO c.h.h.t.HelmChartContainer - [K3S] [server.go:497] "Version info" version="v1.32.1+k3s1"
2025-01-30 18:12:32,305 INFO c.h.h.t.HelmChartContainer - [K3S] [server.go:499] "Golang settings" GOGC="" GOMAXPROCS="" GOTRACEBACK=""
2025-01-30 18:12:32,307 INFO c.h.h.t.HelmChartContainer - [K3S] [config.go:199] "Starting service config controller"
2025-01-30 18:12:32,308 INFO c.h.h.t.HelmChartContainer - [K3S] [config.go:105] "Starting endpoint slice config controller"
2025-01-30 18:12:32,308 INFO c.h.h.t.HelmChartContainer - [K3S] [config.go:329] "Starting node config controller"
2025-01-30 18:12:32,329 INFO c.h.h.t.HelmChartContainer - [K3S] [serving.go:392] Generated self-signed cert in-memory
2025-01-30 18:12:32,352 INFO c.h.h.t.HelmChartContainer - [K3S] [INFO] Done waiting for CRD helmchartconfigs.helm.cattle.io to become available
2025-01-30 18:12:32,352 INFO c.h.h.t.HelmChartContainer - [K3S] [INFO] Writing static file: /var/lib/rancher/k3s/server/static/charts/traefik-27.0.201+up27.0.2.tgz
2025-01-30 18:12:32,353 INFO c.h.h.t.HelmChartContainer - [K3S] [INFO] Writing static file: /var/lib/rancher/k3s/server/static/charts/traefik-crd-27.0.201+up27.0.2.tgz
2025-01-30 18:12:32,353 INFO c.h.h.t.HelmChartContainer - [K3S] [INFO] Writing manifest: /var/lib/rancher/k3s/server/manifests/local-storage.yaml
2025-01-30 18:12:32,353 INFO c.h.h.t.HelmChartContainer - [K3S] [INFO] Writing manifest: /var/lib/rancher/k3s/server/manifests/metrics-server/auth-delegator.yaml
2025-01-30 18:12:32,353 INFO c.h.h.t.HelmChartContainer - [K3S] [INFO] Writing manifest: /var/lib/rancher/k3s/server/manifests/metrics-server/auth-reader.yaml
2025-01-30 18:12:32,353 INFO c.h.h.t.HelmChartContainer - [K3S] [INFO] Writing manifest: /var/lib/rancher/k3s/server/manifests/metrics-server/metrics-apiservice.yaml
2025-01-30 18:12:32,354 INFO c.h.h.t.HelmChartContainer - [K3S] [INFO] Writing manifest: /var/lib/rancher/k3s/server/manifests/metrics-server/metrics-server-deployment.yaml
2025-01-30 18:12:32,354 INFO c.h.h.t.HelmChartContainer - [K3S] [INFO] Writing manifest: /var/lib/rancher/k3s/server/manifests/metrics-server/metrics-server-service.yaml
2025-01-30 18:12:32,354 INFO c.h.h.t.HelmChartContainer - [K3S] [INFO] Writing manifest: /var/lib/rancher/k3s/server/manifests/ccm.yaml
2025-01-30 18:12:32,354 INFO c.h.h.t.HelmChartContainer - [K3S] [INFO] Writing manifest: /var/lib/rancher/k3s/server/manifests/coredns.yaml
2025-01-30 18:12:32,355 INFO c.h.h.t.HelmChartContainer - [K3S] [INFO] Writing manifest: /var/lib/rancher/k3s/server/manifests/rolebindings.yaml
2025-01-30 18:12:32,356 INFO c.h.h.t.HelmChartContainer - [K3S] [INFO] Writing manifest: /var/lib/rancher/k3s/server/manifests/runtimes.yaml
2025-01-30 18:12:32,356 INFO c.h.h.t.HelmChartContainer - [K3S] [INFO] Writing manifest: /var/lib/rancher/k3s/server/manifests/metrics-server/aggregated-metrics-reader.yaml
2025-01-30 18:12:32,356 INFO c.h.h.t.HelmChartContainer - [K3S] [INFO] Writing manifest: /var/lib/rancher/k3s/server/manifests/metrics-server/resource-reader.yaml
2025-01-30 18:12:32,358 INFO c.h.h.t.HelmChartContainer - [K3S] [INFO] Starting dynamiclistener CN filter node controller with SANs: [localhost 127.0.0.1 ::1 localhost 000a7c4bbeea 172.18.0.2 10.43.0.1 kubernetes kubernetes.default kubernetes.default.svc kubernetes.default.svc.cluster.local]
2025-01-30 18:12:32,359 INFO c.h.h.t.HelmChartContainer - [K3S] [INFO] Tunnel server egress proxy mode: agent
2025-01-30 18:12:32,463 INFO c.h.h.t.HelmChartContainer - [K3S] [INFO] Starting k3s.cattle.io/v1, Kind=Addon controller
2025-01-30 18:12:32,464 INFO c.h.h.t.HelmChartContainer - [K3S] [INFO] Creating deploy event broadcaster
2025-01-30 18:12:32,526 INFO c.h.h.t.HelmChartContainer - [K3S] [kubelet_node_status.go:502] "Fast updating node status as it just became ready"
2025-01-30 18:12:32,567 INFO c.h.h.t.HelmChartContainer - [K3S] [INFO] Starting /v1, Kind=Node controller
2025-01-30 18:12:32,568 INFO c.h.h.t.HelmChartContainer - [K3S] [INFO] Creating helm-controller event broadcaster
2025-01-30 18:12:32,585 INFO c.h.h.t.HelmChartContainer - [K3S] [INFO] Cluster dns configmap has been set successfully
2025-01-30 18:12:32,590 INFO c.h.h.t.HelmChartContainer - [K3S] [INFO] Labels and annotations have been set successfully on node: 000a7c4bbeea
2025-01-30 18:12:32,613 INFO c.h.h.t.HelmChartContainer - [K3S] [INFO] Starting /v1, Kind=Secret controller
2025-01-30 18:12:32,613 INFO c.h.h.t.HelmChartContainer - [K3S] [INFO] Starting /v1, Kind=ConfigMap controller
2025-01-30 18:12:32,614 INFO c.h.h.t.HelmChartContainer - [K3S] [INFO] Starting /v1, Kind=ServiceAccount controller
2025-01-30 18:12:32,621 INFO c.h.h.t.HelmChartContainer - [K3S] [INFO] Updating TLS secret for kube-system/k3s-serving (count: 10): map[listener.cattle.io/cn-000a7c4bbeea:000a7c4bbeea listener.cattle.io/cn-10.43.0.1:10.43.0.1 listener.cattle.io/cn-127.0.0.1:127.0.0.1 listener.cattle.io/cn-172.18.0.2:172.18.0.2 listener.cattle.io/cn-__1-f16284:::1 listener.cattle.io/cn-kubernetes:kubernetes listener.cattle.io/cn-kubernetes.default:kubernetes.default listener.cattle.io/cn-kubernetes.default.svc:kubernetes.default.svc listener.cattle.io/cn-kubernetes.default.svc.cluster.local:kubernetes.default.svc.cluster.local listener.cattle.io/cn-localhost:localhost listener.cattle.io/fingerprint:SHA1=E5C80EE41DAFAED8C0708A4E12724EA5166A2912]
2025-01-30 18:12:32,626 INFO c.h.h.t.HelmChartContainer - [K3S] [INFO] Active TLS secret kube-system/k3s-serving (ver=229) (count 10): map[listener.cattle.io/cn-000a7c4bbeea:000a7c4bbeea listener.cattle.io/cn-10.43.0.1:10.43.0.1 listener.cattle.io/cn-127.0.0.1:127.0.0.1 listener.cattle.io/cn-172.18.0.2:172.18.0.2 listener.cattle.io/cn-__1-f16284:::1 listener.cattle.io/cn-kubernetes:kubernetes listener.cattle.io/cn-kubernetes.default:kubernetes.default listener.cattle.io/cn-kubernetes.default.svc:kubernetes.default.svc listener.cattle.io/cn-kubernetes.default.svc.cluster.local:kubernetes.default.svc.cluster.local listener.cattle.io/cn-localhost:localhost listener.cattle.io/fingerprint:SHA1=E5C80EE41DAFAED8C0708A4E12724EA5166A2912]
2025-01-30 18:12:32,642 INFO c.h.h.t.HelmChartContainer - [K3S] [controllermanager.go:185] "Starting" version="v1.32.1+k3s1"
2025-01-30 18:12:32,643 INFO c.h.h.t.HelmChartContainer - [K3S] [controllermanager.go:187] "Golang settings" GOGC="" GOMAXPROCS="" GOTRACEBACK=""
2025-01-30 18:12:32,646 INFO c.h.h.t.HelmChartContainer - [K3S] [requestheader_controller.go:180] Starting RequestHeaderAuthRequestController
2025-01-30 18:12:32,646 INFO c.h.h.t.HelmChartContainer - [K3S] [configmap_cafile_content.go:205] "Starting controller" name="client-ca::kube-system::extension-apiserver-authentication::client-ca-file"
2025-01-30 18:12:32,647 INFO c.h.h.t.HelmChartContainer - [K3S] [configmap_cafile_content.go:205] "Starting controller" name="client-ca::kube-system::extension-apiserver-authentication::requestheader-client-ca-file"
2025-01-30 18:12:32,647 INFO c.h.h.t.HelmChartContainer - [K3S] [secure_serving.go:213] Serving securely on 127.0.0.1:10257
2025-01-30 18:12:32,647 INFO c.h.h.t.HelmChartContainer - [K3S] [tlsconfig.go:243] "Starting DynamicServingCertificateController"
2025-01-30 18:12:32,652 INFO c.h.h.t.HelmChartContainer - [K3S] [controllermanager.go:765] "Started controller" controller="serviceaccount-token-controller"
2025-01-30 18:12:32,658 INFO c.h.h.t.HelmChartContainer - [K3S] [controllermanager.go:765] "Started controller" controller="persistentvolume-binder-controller"
2025-01-30 18:12:32,658 INFO c.h.h.t.HelmChartContainer - [K3S] [pv_controller_base.go:308] "Starting persistent volume controller"
2025-01-30 18:12:32,665 INFO c.h.h.t.HelmChartContainer - [K3S] [controllermanager.go:765] "Started controller" controller="persistentvolume-expander-controller"
2025-01-30 18:12:32,665 INFO c.h.h.t.HelmChartContainer - [K3S] [expand_controller.go:329] "Starting expand controller"
2025-01-30 18:12:32,671 INFO c.h.h.t.HelmChartContainer - [K3S] [controllermanager.go:765] "Started controller" controller="persistentvolumeclaim-protection-controller"
2025-01-30 18:12:32,671 INFO c.h.h.t.HelmChartContainer - [K3S] [pvc_protection_controller.go:168] "Starting PVC protection controller"
2025-01-30 18:12:32,676 INFO c.h.h.t.HelmChartContainer - [K3S] [controllermanager.go:765] "Started controller" controller="ephemeral-volume-controller"
2025-01-30 18:12:32,677 INFO c.h.h.t.HelmChartContainer - [K3S] [INFO] Starting helm.cattle.io/v1, Kind=HelmChartConfig controller
2025-01-30 18:12:32,677 INFO c.h.h.t.HelmChartContainer - [K3S] [controller.go:173] "Starting ephemeral volume controller"
2025-01-30 18:12:32,677 INFO c.h.h.t.HelmChartContainer - [K3S] [INFO] Starting helm.cattle.io/v1, Kind=HelmChart controller
2025-01-30 18:12:32,681 INFO c.h.h.t.HelmChartContainer - [K3S] [INFO] Starting rbac.authorization.k8s.io/v1, Kind=ClusterRoleBinding controller
2025-01-30 18:12:32,684 INFO c.h.h.t.HelmChartContainer - [K3S] [controllermanager.go:765] "Started controller" controller="pod-garbage-collector-controller"
2025-01-30 18:12:32,684 INFO c.h.h.t.HelmChartContainer - [K3S] [gc_controller.go:99] "Starting GC controller"
2025-01-30 18:12:32,686 INFO c.h.h.t.HelmChartContainer - [K3S] [INFO] Starting batch/v1, Kind=Job controller
2025-01-30 18:12:32,690 INFO c.h.h.t.HelmChartContainer - [K3S] [controllermanager.go:765] "Started controller" controller="job-controller"
2025-01-30 18:12:32,690 INFO c.h.h.t.HelmChartContainer - [K3S] [job_controller.go:243] "Starting job controller"
2025-01-30 18:12:32,701 INFO c.h.h.t.HelmChartContainer - [K3S] [controllermanager.go:765] "Started controller" controller="horizontal-pod-autoscaler-controller"
2025-01-30 18:12:32,701 INFO c.h.h.t.HelmChartContainer - [K3S] [horizontal.go:201] "Starting HPA controller"
2025-01-30 18:12:32,701 INFO c.h.h.t.HelmChartContainer - [K3S] [controllermanager.go:717] "Controller is disabled by a feature gate" controller="resourceclaim-controller" requiredFeatureGates=["DynamicResourceAllocation"]
2025-01-30 18:12:32,706 INFO c.h.h.t.HelmChartContainer - [K3S] [node_lifecycle_controller.go:432] "Controller will reconcile labels"
2025-01-30 18:12:32,707 INFO c.h.h.t.HelmChartContainer - [K3S] [controllermanager.go:765] "Started controller" controller="node-lifecycle-controller"
2025-01-30 18:12:32,707 INFO c.h.h.t.HelmChartContainer - [K3S] [controllermanager.go:723] "Skipping a cloud provider controller" controller="cloud-node-lifecycle-controller"
2025-01-30 18:12:32,707 INFO c.h.h.t.HelmChartContainer - [K3S] [controllermanager.go:717] "Controller is disabled by a feature gate" controller="storageversion-garbage-collector-controller" requiredFeatureGates=["APIServerIdentity","StorageVersionAPI"]
2025-01-30 18:12:32,707 INFO c.h.h.t.HelmChartContainer - [K3S] [node_lifecycle_controller.go:466] "Sending events to api server"
2025-01-30 18:12:32,707 INFO c.h.h.t.HelmChartContainer - [K3S] [node_lifecycle_controller.go:477] "Starting node controller"
2025-01-30 18:12:32,712 INFO c.h.h.t.HelmChartContainer - [K3S] [controllermanager.go:765] "Started controller" controller="clusterrole-aggregation-controller"
2025-01-30 18:12:32,712 INFO c.h.h.t.HelmChartContainer - [K3S] [controllermanager.go:717] "Controller is disabled by a feature gate" controller="service-cidr-controller" requiredFeatureGates=["MultiCIDRServiceAllocator"]
2025-01-30 18:12:32,712 INFO c.h.h.t.HelmChartContainer - [K3S] [clusterroleaggregation_controller.go:194] "Starting ClusterRoleAggregator controller"
2025-01-30 18:12:32,716 INFO c.h.h.t.HelmChartContainer - [K3S] [INFO] Updating TLS secret for kube-system/k3s-serving (count: 10): map[listener.cattle.io/cn-000a7c4bbeea:000a7c4bbeea listener.cattle.io/cn-10.43.0.1:10.43.0.1 listener.cattle.io/cn-127.0.0.1:127.0.0.1 listener.cattle.io/cn-172.18.0.2:172.18.0.2 listener.cattle.io/cn-__1-f16284:::1 listener.cattle.io/cn-kubernetes:kubernetes listener.cattle.io/cn-kubernetes.default:kubernetes.default listener.cattle.io/cn-kubernetes.default.svc:kubernetes.default.svc listener.cattle.io/cn-kubernetes.default.svc.cluster.local:kubernetes.default.svc.cluster.local listener.cattle.io/cn-localhost:localhost listener.cattle.io/fingerprint:SHA1=E5C80EE41DAFAED8C0708A4E12724EA5166A2912]
2025-01-30 18:12:32,805 INFO c.h.h.t.HelmChartContainer - [K3S] [controllermanager.go:765] "Started controller" controller="endpointslice-controller"
2025-01-30 18:12:32,805 INFO c.h.h.t.HelmChartContainer - [K3S] [endpointslice_controller.go:281] "Starting endpoint slice controller"
2025-01-30 18:12:32,955 INFO c.h.h.t.HelmChartContainer - [K3S] [controllermanager.go:765] "Started controller" controller="replicaset-controller"
2025-01-30 18:12:32,955 INFO c.h.h.t.HelmChartContainer - [K3S] [replica_set.go:217] "Starting controller" name="replicaset"
2025-01-30 18:12:33,010 INFO c.h.h.t.HelmChartContainer - [K3S] [apiserver.go:52] "Watching apiserver"
2025-01-30 18:12:33,030 INFO c.h.h.t.HelmChartContainer - [K3S] [desired_state_of_world_populator.go:157] "Finished populating initial desired state of world"
2025-01-30 18:12:33,155 INFO c.h.h.t.HelmChartContainer - [K3S] [controllermanager.go:765] "Started controller" controller="disruption-controller"
2025-01-30 18:12:33,155 INFO c.h.h.t.HelmChartContainer - [K3S] [disruption.go:452] "Sending events to api server."
2025-01-30 18:12:33,155 INFO c.h.h.t.HelmChartContainer - [K3S] [disruption.go:463] "Starting disruption controller"
2025-01-30 18:12:33,311 INFO c.h.h.t.HelmChartContainer - [K3S] [controllermanager.go:765] "Started controller" controller="ttl-controller"
2025-01-30 18:12:33,311 INFO c.h.h.t.HelmChartContainer - [K3S] [ttl_controller.go:127] "Starting TTL controller"
2025-01-30 18:12:33,455 INFO c.h.h.t.HelmChartContainer - [K3S] [controllermanager.go:765] "Started controller" controller="persistentvolume-protection-controller"
2025-01-30 18:12:33,455 INFO c.h.h.t.HelmChartContainer - [K3S] [pv_protection_controller.go:81] "Starting PV protection controller"
2025-01-30 18:12:33,605 INFO c.h.h.t.HelmChartContainer - [K3S] [controllermanager.go:765] "Started controller" controller="root-ca-certificate-publisher-controller"
2025-01-30 18:12:33,606 INFO c.h.h.t.HelmChartContainer - [K3S] [controllermanager.go:717] "Controller is disabled by a feature gate" controller="kube-apiserver-serving-clustertrustbundle-publisher-controller" requiredFeatureGates=["ClusterTrustBundle"]
2025-01-30 18:12:33,606 INFO c.h.h.t.HelmChartContainer - [K3S] [publisher.go:107] "Starting root CA cert publisher controller"
2025-01-30 18:12:33,654 INFO c.h.h.t.HelmChartContainer - [K3S] [controllermanager.go:765] "Started controller" controller="taint-eviction-controller"
2025-01-30 18:12:33,654 INFO c.h.h.t.HelmChartContainer - [K3S] [taint_eviction.go:281] "Starting" controller="taint-eviction-controller"
2025-01-30 18:12:33,655 INFO c.h.h.t.HelmChartContainer - [K3S] [taint_eviction.go:287] "Sending events to api server"
2025-01-30 18:12:33,805 INFO c.h.h.t.HelmChartContainer - [K3S] [controllermanager.go:765] "Started controller" controller="replicationcontroller-controller"
2025-01-30 18:12:33,805 INFO c.h.h.t.HelmChartContainer - [K3S] [replica_set.go:217] "Starting controller" name="replicationcontroller"
2025-01-30 18:12:33,960 INFO c.h.h.t.HelmChartContainer - [K3S] [range_allocator.go:112] "No Secondary Service CIDR provided. Skipping filtering out secondary service addresses"
2025-01-30 18:12:33,960 INFO c.h.h.t.HelmChartContainer - [K3S] [controllermanager.go:765] "Started controller" controller="node-ipam-controller"
2025-01-30 18:12:33,960 INFO c.h.h.t.HelmChartContainer - [K3S] [node_ipam_controller.go:141] "Starting ipam controller"
2025-01-30 18:12:34,104 INFO c.h.h.t.HelmChartContainer - [K3S] [controllermanager.go:765] "Started controller" controller="ttl-after-finished-controller"
2025-01-30 18:12:34,105 INFO c.h.h.t.HelmChartContainer - [K3S] [controllermanager.go:723] "Skipping a cloud provider controller" controller="service-lb-controller"
2025-01-30 18:12:34,105 INFO c.h.h.t.HelmChartContainer - [K3S] [controllermanager.go:717] "Controller is disabled by a feature gate" controller="volumeattributesclass-protection-controller" requiredFeatureGates=["VolumeAttributesClass"]
2025-01-30 18:12:34,105 INFO c.h.h.t.HelmChartContainer - [K3S] [ttlafterfinished_controller.go:112] "Starting TTL after finished controller"
2025-01-30 18:12:34,304 INFO c.h.h.t.HelmChartContainer - [K3S] [controllermanager.go:765] "Started controller" controller="validatingadmissionpolicy-status-controller"
2025-01-30 18:12:34,304 INFO c.h.h.t.HelmChartContainer - [K3S] [controllermanager.go:743] "Warning: skipping controller" controller="storage-version-migrator-controller"
2025-01-30 18:12:34,468 INFO c.h.h.t.HelmChartContainer - [K3S] [event.go:389] "Event occurred" object="kube-system/ccm" fieldPath="" kind="Addon" apiVersion="k3s.cattle.io/v1" type="Normal" reason="ApplyingManifest" message="Applying manifest at \"/var/lib/rancher/k3s/server/manifests/ccm.yaml\""
2025-01-30 18:12:34,485 INFO c.h.h.t.HelmChartContainer - [K3S] [event.go:389] "Event occurred" object="kube-system/ccm" fieldPath="" kind="Addon" apiVersion="k3s.cattle.io/v1" type="Normal" reason="AppliedManifest" message="Applied manifest at \"/var/lib/rancher/k3s/server/manifests/ccm.yaml\""
2025-01-30 18:12:34,492 INFO c.h.h.t.HelmChartContainer - [K3S] [event.go:389] "Event occurred" object="kube-system/coredns" fieldPath="" kind="Addon" apiVersion="k3s.cattle.io/v1" type="Normal" reason="ApplyingManifest" message="Applying manifest at \"/var/lib/rancher/k3s/server/manifests/coredns.yaml\""
2025-01-30 18:12:34,557 INFO c.h.h.t.HelmChartContainer - [K3S] [controllermanager.go:765] "Started controller" controller="namespace-controller"
2025-01-30 18:12:34,558 INFO c.h.h.t.HelmChartContainer - [K3S] [namespace_controller.go:202] "Starting namespace controller"
2025-01-30 18:12:34,597 INFO c.h.h.t.HelmChartContainer - [K3S] [alloc.go:330] "allocated clusterIPs" service="kube-system/kube-dns" clusterIPs={"IPv4":"10.43.0.10"}
2025-01-30 18:12:34,598 INFO c.h.h.t.HelmChartContainer - [K3S] [event.go:389] "Event occurred" object="kube-system/coredns" fieldPath="" kind="Addon" apiVersion="k3s.cattle.io/v1" type="Normal" reason="AppliedManifest" message="Applied manifest at \"/var/lib/rancher/k3s/server/manifests/coredns.yaml\""
2025-01-30 18:12:34,606 INFO c.h.h.t.HelmChartContainer - [K3S] [event.go:389] "Event occurred" object="kube-system/local-storage" fieldPath="" kind="Addon" apiVersion="k3s.cattle.io/v1" type="Normal" reason="ApplyingManifest" message="Applying manifest at \"/var/lib/rancher/k3s/server/manifests/local-storage.yaml\""
2025-01-30 18:12:34,699 INFO c.h.h.t.HelmChartContainer - [K3S] [event.go:389] "Event occurred" object="kube-system/local-storage" fieldPath="" kind="Addon" apiVersion="k3s.cattle.io/v1" type="Normal" reason="AppliedManifest" message="Applied manifest at \"/var/lib/rancher/k3s/server/manifests/local-storage.yaml\""
2025-01-30 18:12:34,705 INFO c.h.h.t.HelmChartContainer - [K3S] [event.go:389] "Event occurred" object="kube-system/aggregated-metrics-reader" fieldPath="" kind="Addon" apiVersion="k3s.cattle.io/v1" type="Normal" reason="ApplyingManifest" message="Applying manifest at \"/var/lib/rancher/k3s/server/manifests/metrics-server/aggregated-metrics-reader.yaml\""
2025-01-30 18:12:34,775 INFO c.h.h.t.HelmChartContainer - [K3S] [event.go:389] "Event occurred" object="kube-system/aggregated-metrics-reader" fieldPath="" kind="Addon" apiVersion="k3s.cattle.io/v1" type="Normal" reason="AppliedManifest" message="Applied manifest at \"/var/lib/rancher/k3s/server/manifests/metrics-server/aggregated-metrics-reader.yaml\""
2025-01-30 18:12:34,781 INFO c.h.h.t.HelmChartContainer - [K3S] [event.go:389] "Event occurred" object="kube-system/auth-delegator" fieldPath="" kind="Addon" apiVersion="k3s.cattle.io/v1" type="Normal" reason="ApplyingManifest" message="Applying manifest at \"/var/lib/rancher/k3s/server/manifests/metrics-server/auth-delegator.yaml\""
2025-01-30 18:12:34,786 INFO c.h.h.t.HelmChartContainer - [K3S] [event.go:389] "Event occurred" object="kube-system/auth-delegator" fieldPath="" kind="Addon" apiVersion="k3s.cattle.io/v1" type="Normal" reason="AppliedManifest" message="Applied manifest at \"/var/lib/rancher/k3s/server/manifests/metrics-server/auth-delegator.yaml\""
2025-01-30 18:12:34,794 INFO c.h.h.t.HelmChartContainer - [K3S] [event.go:389] "Event occurred" object="kube-system/auth-reader" fieldPath="" kind="Addon" apiVersion="k3s.cattle.io/v1" type="Normal" reason="ApplyingManifest" message="Applying manifest at \"/var/lib/rancher/k3s/server/manifests/metrics-server/auth-reader.yaml\""
2025-01-30 18:12:34,799 INFO c.h.h.t.HelmChartContainer - [K3S] [event.go:389] "Event occurred" object="kube-system/auth-reader" fieldPath="" kind="Addon" apiVersion="k3s.cattle.io/v1" type="Normal" reason="AppliedManifest" message="Applied manifest at \"/var/lib/rancher/k3s/server/manifests/metrics-server/auth-reader.yaml\""
2025-01-30 18:12:34,805 INFO c.h.h.t.HelmChartContainer - [K3S] [controllermanager.go:765] "Started controller" controller="garbage-collector-controller"
2025-01-30 18:12:34,805 INFO c.h.h.t.HelmChartContainer - [K3S] [graph_builder.go:351] "Running" component="GraphBuilder"
2025-01-30 18:12:34,806 INFO c.h.h.t.HelmChartContainer - [K3S] [event.go:389] "Event occurred" object="kube-system/metrics-apiservice" fieldPath="" kind="Addon" apiVersion="k3s.cattle.io/v1" type="Normal" reason="ApplyingManifest" message="Applying manifest at \"/var/lib/rancher/k3s/server/manifests/metrics-server/metrics-apiservice.yaml\""
2025-01-30 18:12:34,815 INFO c.h.h.t.HelmChartContainer - [K3S] [event.go:389] "Event occurred" object="kube-system/metrics-apiservice" fieldPath="" kind="Addon" apiVersion="k3s.cattle.io/v1" type="Normal" reason="AppliedManifest" message="Applied manifest at \"/var/lib/rancher/k3s/server/manifests/metrics-server/metrics-apiservice.yaml\""
2025-01-30 18:12:34,818 INFO c.h.h.t.HelmChartContainer - [K3S] [handler_proxy.go:99] no RequestInfo found in the context
2025-01-30 18:12:34,818 INFO c.h.h.t.HelmChartContainer - [K3S] [controller.go:146] "Unhandled Error" err=<
2025-01-30 18:12:34,818 INFO c.h.h.t.HelmChartContainer - [K3S] 	, Header: map[Content-Type:[text/plain; charset=utf-8] X-Content-Type-Options:[nosniff]]
2025-01-30 18:12:34,819 INFO c.h.h.t.HelmChartContainer - [K3S]  >
2025-01-30 18:12:34,820 INFO c.h.h.t.HelmChartContainer - [K3S] [handler_proxy.go:143] error resolving kube-system/metrics-server: service "metrics-server" not found
2025-01-30 18:12:34,821 INFO c.h.h.t.HelmChartContainer - [K3S] [event.go:389] "Event occurred" object="kube-system/metrics-server-deployment" fieldPath="" kind="Addon" apiVersion="k3s.cattle.io/v1" type="Normal" reason="ApplyingManifest" message="Applying manifest at \"/var/lib/rancher/k3s/server/manifests/metrics-server/metrics-server-deployment.yaml\""
2025-01-30 18:12:34,833 INFO c.h.h.t.HelmChartContainer - [K3S] [event.go:389] "Event occurred" object="kube-system/metrics-server-deployment" fieldPath="" kind="Addon" apiVersion="k3s.cattle.io/v1" type="Normal" reason="AppliedManifest" message="Applied manifest at \"/var/lib/rancher/k3s/server/manifests/metrics-server/metrics-server-deployment.yaml\""
2025-01-30 18:12:34,840 INFO c.h.h.t.HelmChartContainer - [K3S] [event.go:389] "Event occurred" object="kube-system/metrics-server-service" fieldPath="" kind="Addon" apiVersion="k3s.cattle.io/v1" type="Normal" reason="ApplyingManifest" message="Applying manifest at \"/var/lib/rancher/k3s/server/manifests/metrics-server/metrics-server-service.yaml\""
2025-01-30 18:12:34,848 INFO c.h.h.t.HelmChartContainer - [K3S] [alloc.go:330] "allocated clusterIPs" service="kube-system/metrics-server" clusterIPs={"IPv4":"10.43.44.230"}
2025-01-30 18:12:34,852 INFO c.h.h.t.HelmChartContainer - [K3S] [event.go:389] "Event occurred" object="kube-system/metrics-server-service" fieldPath="" kind="Addon" apiVersion="k3s.cattle.io/v1" type="Normal" reason="AppliedManifest" message="Applied manifest at \"/var/lib/rancher/k3s/server/manifests/metrics-server/metrics-server-service.yaml\""
2025-01-30 18:12:34,859 INFO c.h.h.t.HelmChartContainer - [K3S] [handler_proxy.go:99] no RequestInfo found in the context
2025-01-30 18:12:34,859 INFO c.h.h.t.HelmChartContainer - [K3S] [controller.go:146] "Unhandled Error" err=<
2025-01-30 18:12:34,859 INFO c.h.h.t.HelmChartContainer - [K3S] 	, Header: map[Content-Type:[text/plain; charset=utf-8] X-Content-Type-Options:[nosniff]]
2025-01-30 18:12:34,859 INFO c.h.h.t.HelmChartContainer - [K3S]  >
2025-01-30 18:12:34,860 INFO c.h.h.t.HelmChartContainer - [K3S] [handler_proxy.go:143] error resolving kube-system/metrics-server: endpoints "metrics-server" not found
2025-01-30 18:12:34,863 INFO c.h.h.t.HelmChartContainer - [K3S] [event.go:389] "Event occurred" object="kube-system/resource-reader" fieldPath="" kind="Addon" apiVersion="k3s.cattle.io/v1" type="Normal" reason="ApplyingManifest" message="Applying manifest at \"/var/lib/rancher/k3s/server/manifests/metrics-server/resource-reader.yaml\""
2025-01-30 18:12:34,886 INFO c.h.h.t.HelmChartContainer - [K3S] [event.go:389] "Event occurred" object="kube-system/resource-reader" fieldPath="" kind="Addon" apiVersion="k3s.cattle.io/v1" type="Normal" reason="AppliedManifest" message="Applied manifest at \"/var/lib/rancher/k3s/server/manifests/metrics-server/resource-reader.yaml\""
2025-01-30 18:12:34,892 INFO c.h.h.t.HelmChartContainer - [K3S] [event.go:389] "Event occurred" object="kube-system/rolebindings" fieldPath="" kind="Addon" apiVersion="k3s.cattle.io/v1" type="Normal" reason="ApplyingManifest" message="Applying manifest at \"/var/lib/rancher/k3s/server/manifests/rolebindings.yaml\""
2025-01-30 18:12:35,004 INFO c.h.h.t.HelmChartContainer - [K3S] [event.go:389] "Event occurred" object="kube-system/rolebindings" fieldPath="" kind="Addon" apiVersion="k3s.cattle.io/v1" type="Normal" reason="AppliedManifest" message="Applied manifest at \"/var/lib/rancher/k3s/server/manifests/rolebindings.yaml\""
2025-01-30 18:12:35,015 INFO c.h.h.t.HelmChartContainer - [K3S] [event.go:389] "Event occurred" object="kube-system/runtimes" fieldPath="" kind="Addon" apiVersion="k3s.cattle.io/v1" type="Normal" reason="ApplyingManifest" message="Applying manifest at \"/var/lib/rancher/k3s/server/manifests/runtimes.yaml\""
2025-01-30 18:12:35,046 INFO c.h.h.t.HelmChartContainer - [K3S] [event.go:389] "Event occurred" object="kube-system/runtimes" fieldPath="" kind="Addon" apiVersion="k3s.cattle.io/v1" type="Normal" reason="AppliedManifest" message="Applied manifest at \"/var/lib/rancher/k3s/server/manifests/runtimes.yaml\""
2025-01-30 18:12:35,055 INFO c.h.h.t.HelmChartContainer - [K3S] [certificate_controller.go:120] "Starting certificate controller" name="csrsigning-kubelet-serving"
2025-01-30 18:12:35,056 INFO c.h.h.t.HelmChartContainer - [K3S] [dynamic_serving_content.go:135] "Starting controller" name="csr-controller::/var/lib/rancher/k3s/server/tls/server-ca.nochain.crt::/var/lib/rancher/k3s/server/tls/server-ca.key"
2025-01-30 18:12:35,056 INFO c.h.h.t.HelmChartContainer - [K3S] [certificate_controller.go:120] "Starting certificate controller" name="csrsigning-kubelet-client"
2025-01-30 18:12:35,056 INFO c.h.h.t.HelmChartContainer - [K3S] [dynamic_serving_content.go:135] "Starting controller" name="csr-controller::/var/lib/rancher/k3s/server/tls/client-ca.nochain.crt::/var/lib/rancher/k3s/server/tls/client-ca.key"
2025-01-30 18:12:35,056 INFO c.h.h.t.HelmChartContainer - [K3S] [controllermanager.go:765] "Started controller" controller="certificatesigningrequest-signing-controller"
2025-01-30 18:12:35,056 INFO c.h.h.t.HelmChartContainer - [K3S] [controllermanager.go:728] "Warning: controller is disabled" controller="bootstrap-signer-controller"
2025-01-30 18:12:35,056 INFO c.h.h.t.HelmChartContainer - [K3S] [certificate_controller.go:120] "Starting certificate controller" name="csrsigning-kube-apiserver-client"
2025-01-30 18:12:35,056 INFO c.h.h.t.HelmChartContainer - [K3S] [dynamic_serving_content.go:135] "Starting controller" name="csr-controller::/var/lib/rancher/k3s/server/tls/client-ca.nochain.crt::/var/lib/rancher/k3s/server/tls/client-ca.key"
2025-01-30 18:12:35,056 INFO c.h.h.t.HelmChartContainer - [K3S] [certificate_controller.go:120] "Starting certificate controller" name="csrsigning-legacy-unknown"
2025-01-30 18:12:35,057 INFO c.h.h.t.HelmChartContainer - [K3S] [dynamic_serving_content.go:135] "Starting controller" name="csr-controller::/var/lib/rancher/k3s/server/tls/server-ca.nochain.crt::/var/lib/rancher/k3s/server/tls/server-ca.key"
2025-01-30 18:12:35,205 INFO c.h.h.t.HelmChartContainer - [K3S] [controllermanager.go:765] "Started controller" controller="persistentvolume-attach-detach-controller"
2025-01-30 18:12:35,205 INFO c.h.h.t.HelmChartContainer - [K3S] [attach_detach_controller.go:338] "Starting attach detach controller"
2025-01-30 18:12:35,355 INFO c.h.h.t.HelmChartContainer - [K3S] [controllermanager.go:765] "Started controller" controller="legacy-serviceaccount-token-cleaner-controller"
2025-01-30 18:12:35,356 INFO c.h.h.t.HelmChartContainer - [K3S] [legacy_serviceaccount_token_cleaner.go:103] "Starting legacy service account token cleaner controller"
2025-01-30 18:12:35,514 INFO c.h.h.t.HelmChartContainer - [K3S] [controllermanager.go:765] "Started controller" controller="statefulset-controller"
2025-01-30 18:12:35,515 INFO c.h.h.t.HelmChartContainer - [K3S] [stateful_set.go:166] "Starting stateful set controller"
2025-01-30 18:12:35,515 INFO c.h.h.t.HelmChartContainer - [K3S] [serving.go:392] Generated self-signed cert in-memory
2025-01-30 18:12:35,597 INFO c.h.h.t.HelmChartContainer - [K3S] [event.go:389] "Event occurred" object="000a7c4bbeea" fieldPath="" kind="Node" apiVersion="" type="Normal" reason="NodePasswordValidationComplete" message="Deferred node password secret validation complete"
2025-01-30 18:12:35,656 INFO c.h.h.t.HelmChartContainer - [K3S] [controllermanager.go:765] "Started controller" controller="cronjob-controller"
2025-01-30 18:12:35,656 INFO c.h.h.t.HelmChartContainer - [K3S] [cronjob_controllerv2.go:145] "Starting cronjob controller v2"
2025-01-30 18:12:35,705 INFO c.h.h.t.HelmChartContainer - [K3S] [controllermanager.go:765] "Started controller" controller="certificatesigningrequest-cleaner-controller"
2025-01-30 18:12:35,705 INFO c.h.h.t.HelmChartContainer - [K3S] [cleaner.go:83] "Starting CSR cleaner controller"
2025-01-30 18:12:35,814 INFO c.h.h.t.HelmChartContainer - [K3S] [handler_proxy.go:99] no RequestInfo found in the context
2025-01-30 18:12:35,814 INFO c.h.h.t.HelmChartContainer - [K3S] [handler_proxy.go:99] no RequestInfo found in the context
2025-01-30 18:12:35,814 INFO c.h.h.t.HelmChartContainer - [K3S] [controller.go:102] "Unhandled Error" err=<
2025-01-30 18:12:35,814 INFO c.h.h.t.HelmChartContainer - [K3S] 	, Header: map[Content-Type:[text/plain; charset=utf-8] X-Content-Type-Options:[nosniff]]
2025-01-30 18:12:35,814 INFO c.h.h.t.HelmChartContainer - [K3S]  >
2025-01-30 18:12:35,855 INFO c.h.h.t.HelmChartContainer - [K3S] [controllermanager.go:765] "Started controller" controller="serviceaccount-controller"
2025-01-30 18:12:35,856 INFO c.h.h.t.HelmChartContainer - [K3S] [serviceaccounts_controller.go:114] "Starting service account controller"
2025-01-30 18:12:35,991 INFO c.h.h.t.HelmChartContainer - [K3S] [INFO] Tunnel authorizer set Kubelet Port 0.0.0.0:10250
2025-01-30 18:12:36,006 INFO c.h.h.t.HelmChartContainer - [K3S] [controllermanager.go:765] "Started controller" controller="daemonset-controller"
2025-01-30 18:12:36,006 INFO c.h.h.t.HelmChartContainer - [K3S] [daemon_controller.go:294] "Starting daemon sets controller"
2025-01-30 18:12:36,013 INFO c.h.h.t.HelmChartContainer - [K3S] [serving.go:392] Generated self-signed cert in-memory
2025-01-30 18:12:36,155 INFO c.h.h.t.HelmChartContainer - [K3S] [controllermanager.go:765] "Started controller" controller="deployment-controller"
2025-01-30 18:12:36,155 INFO c.h.h.t.HelmChartContainer - [K3S] [deployment_controller.go:173] "Starting controller" controller="deployment"
2025-01-30 18:12:36,205 INFO c.h.h.t.HelmChartContainer - [K3S] [controllermanager.go:765] "Started controller" controller="certificatesigningrequest-approving-controller"
2025-01-30 18:12:36,205 INFO c.h.h.t.HelmChartContainer - [K3S] [certificate_controller.go:120] "Starting certificate controller" name="csrapproving"
2025-01-30 18:12:36,301 INFO c.h.h.t.HelmChartContainer - [K3S] [controllermanager.go:160] Version: v1.32.1+k3s1
2025-01-30 18:12:36,304 INFO c.h.h.t.HelmChartContainer - [K3S] [requestheader_controller.go:180] Starting RequestHeaderAuthRequestController
2025-01-30 18:12:36,304 INFO c.h.h.t.HelmChartContainer - [K3S] [configmap_cafile_content.go:205] "Starting controller" name="client-ca::kube-system::extension-apiserver-authentication::client-ca-file"
2025-01-30 18:12:36,304 INFO c.h.h.t.HelmChartContainer - [K3S] [configmap_cafile_content.go:205] "Starting controller" name="client-ca::kube-system::extension-apiserver-authentication::requestheader-client-ca-file"
2025-01-30 18:12:36,305 INFO c.h.h.t.HelmChartContainer - [K3S] [secure_serving.go:213] Serving securely on 127.0.0.1:10258
2025-01-30 18:12:36,305 INFO c.h.h.t.HelmChartContainer - [K3S] [tlsconfig.go:243] "Starting DynamicServingCertificateController"
2025-01-30 18:12:36,308 INFO c.h.h.t.HelmChartContainer - [K3S] [INFO] Creating service-lb-controller event broadcaster
2025-01-30 18:12:36,354 INFO c.h.h.t.HelmChartContainer - [K3S] [controllermanager.go:765] "Started controller" controller="token-cleaner-controller"
2025-01-30 18:12:36,355 INFO c.h.h.t.HelmChartContainer - [K3S] [tokencleaner.go:117] "Starting token cleaner controller"
2025-01-30 18:12:36,422 INFO c.h.h.t.HelmChartContainer - [K3S] [INFO] Starting /v1, Kind=Node controller
2025-01-30 18:12:36,425 INFO c.h.h.t.HelmChartContainer - [K3S] [INFO] Starting /v1, Kind=Pod controller
2025-01-30 18:12:36,428 INFO c.h.h.t.HelmChartContainer - [K3S] [INFO] Starting apps/v1, Kind=DaemonSet controller
2025-01-30 18:12:36,430 INFO c.h.h.t.HelmChartContainer - [K3S] [INFO] Starting discovery.k8s.io/v1, Kind=EndpointSlice controller
2025-01-30 18:12:36,431 INFO c.h.h.t.HelmChartContainer - [K3S] [controllermanager.go:329] Started "service-lb-controller"
2025-01-30 18:12:36,431 INFO c.h.h.t.HelmChartContainer - [K3S] [controllermanager.go:306] "node-route-controller" is disabled
2025-01-30 18:12:36,432 INFO c.h.h.t.HelmChartContainer - [K3S] [controllermanager.go:329] Started "cloud-node-controller"
2025-01-30 18:12:36,432 INFO c.h.h.t.HelmChartContainer - [K3S] [controller.go:234] Starting service controller
2025-01-30 18:12:36,432 INFO c.h.h.t.HelmChartContainer - [K3S] [node_controller.go:176] Sending events to api server.
2025-01-30 18:12:36,432 INFO c.h.h.t.HelmChartContainer - [K3S] [node_controller.go:185] Waiting for informer caches to sync
2025-01-30 18:12:36,432 INFO c.h.h.t.HelmChartContainer - [K3S] [controllermanager.go:329] Started "cloud-node-lifecycle-controller"
2025-01-30 18:12:36,432 INFO c.h.h.t.HelmChartContainer - [K3S] [node_lifecycle_controller.go:112] Sending events to api server
2025-01-30 18:12:36,506 INFO c.h.h.t.HelmChartContainer - [K3S] [controllermanager.go:765] "Started controller" controller="endpoints-controller"
2025-01-30 18:12:36,506 INFO c.h.h.t.HelmChartContainer - [K3S] [endpoints_controller.go:182] "Starting endpoint controller"
2025-01-30 18:12:36,532 INFO c.h.h.t.HelmChartContainer - [K3S] [node_controller.go:429] Initializing node 000a7c4bbeea with cloud provider
2025-01-30 18:12:36,542 INFO c.h.h.t.HelmChartContainer - [K3S] [node_controller.go:474] Successfully initialized node 000a7c4bbeea with cloud provider
2025-01-30 18:12:36,542 INFO c.h.h.t.HelmChartContainer - [K3S] [event.go:389] "Event occurred" object="000a7c4bbeea" fieldPath="" kind="Node" apiVersion="v1" type="Normal" reason="Synced" message="Node synced successfully"
2025-01-30 18:12:36,554 INFO c.h.h.t.HelmChartContainer - [K3S] [INFO] Updated coredns NodeHosts entry for 000a7c4bbeea
2025-01-30 18:12:36,656 INFO c.h.h.t.HelmChartContainer - [K3S] [controllermanager.go:765] "Started controller" controller="endpointslice-mirroring-controller"
2025-01-30 18:12:36,656 INFO c.h.h.t.HelmChartContainer - [K3S] [endpointslicemirroring_controller.go:227] "Starting EndpointSliceMirroring controller"
2025-01-30 18:12:36,914 INFO c.h.h.t.HelmChartContainer - [K3S] [serving.go:392] Generated self-signed cert in-memory
2025-01-30 18:12:36,964 INFO c.h.h.t.HelmChartContainer - [K3S] [controllermanager.go:765] "Started controller" controller="resourcequota-controller"
2025-01-30 18:12:36,965 INFO c.h.h.t.HelmChartContainer - [K3S] [controllermanager.go:723] "Skipping a cloud provider controller" controller="node-route-controller"
2025-01-30 18:12:36,965 INFO c.h.h.t.HelmChartContainer - [K3S] [resource_quota_controller.go:300] "Starting resource quota controller"
2025-01-30 18:12:36,965 INFO c.h.h.t.HelmChartContainer - [K3S] [controllermanager.go:717] "Controller is disabled by a feature gate" controller="selinux-warning-controller" requiredFeatureGates=["SELinuxChangePolicy"]
2025-01-30 18:12:36,991 INFO c.h.h.t.HelmChartContainer - [K3S] [actual_state_of_world.go:541] "Failed to update statusUpdateNeeded field in actual state of world" err="Failed to set statusUpdateNeeded to needed true, because nodeName=\"000a7c4bbeea\" does not exist"
2025-01-30 18:12:37,005 INFO c.h.h.t.HelmChartContainer - [K3S] [INFO] Started tunnel to 172.18.0.2:6443
2025-01-30 18:12:37,006 INFO c.h.h.t.HelmChartContainer - [K3S] [INFO] Stopped tunnel to 127.0.0.1:6443
2025-01-30 18:12:37,006 INFO c.h.h.t.HelmChartContainer - [K3S] [INFO] Connecting to proxy" url="wss://172.18.0.2:6443/v1-k3s/connect
2025-01-30 18:12:37,008 INFO c.h.h.t.HelmChartContainer - [K3S] [INFO] Proxy done" err="context canceled" url="wss://127.0.0.1:6443/v1-k3s/connect
2025-01-30 18:12:37,009 INFO c.h.h.t.HelmChartContainer - [K3S] [INFO] error in remotedialer server [400]: websocket: close 1006 (abnormal closure): unexpected EOF
2025-01-30 18:12:37,014 INFO c.h.h.t.HelmChartContainer - [K3S] [INFO] Handling backend connection request [000a7c4bbeea]
2025-01-30 18:12:37,014 INFO c.h.h.t.HelmChartContainer - [K3S] [INFO] Remotedialer connected to proxy" url="wss://172.18.0.2:6443/v1-k3s/connect
2025-01-30 18:12:37,060 INFO c.h.h.t.HelmChartContainer - [K3S] [range_allocator.go:177] "Sending events to api server"
2025-01-30 18:12:37,060 INFO c.h.h.t.HelmChartContainer - [K3S] [range_allocator.go:183] "Starting range CIDR allocator"
2025-01-30 18:12:37,067 INFO c.h.h.t.HelmChartContainer - [K3S] [INFO] Flannel found PodCIDR assigned for node 000a7c4bbeea
2025-01-30 18:12:37,068 INFO c.h.h.t.HelmChartContainer - [K3S] [range_allocator.go:428] "Set node PodCIDR" node="000a7c4bbeea" podCIDRs=["10.42.0.0/24"]
2025-01-30 18:12:37,069 INFO c.h.h.t.HelmChartContainer - [K3S] [range_allocator.go:247] "Successfully synced" key="000a7c4bbeea"
2025-01-30 18:12:37,069 INFO c.h.h.t.HelmChartContainer - [K3S] [range_allocator.go:247] "Successfully synced" key="000a7c4bbeea"
2025-01-30 18:12:37,070 INFO c.h.h.t.HelmChartContainer - [K3S] [INFO] The interface eth0 with ipv4 address 172.18.0.2 will be used by flannel
2025-01-30 18:12:37,072 INFO c.h.h.t.HelmChartContainer - [K3S] [kube.go:139] Waiting 10m0s for node controller to sync
2025-01-30 18:12:37,072 INFO c.h.h.t.HelmChartContainer - [K3S] [kube.go:469] Starting kube subnet manager
2025-01-30 18:12:37,185 INFO c.h.h.t.HelmChartContainer - [K3S] [INFO] Starting network policy controller version v2.2.1, built on 2025-01-28T18:27:08Z, go1.23.4
2025-01-30 18:12:37,185 INFO c.h.h.t.HelmChartContainer - [K3S] [network_policy_controller.go:164] Starting network policy controller
2025-01-30 18:12:37,218 INFO c.h.h.t.HelmChartContainer - [K3S] [network_policy_controller.go:176] Starting network policy controller full sync goroutine
2025-01-30 18:12:37,307 INFO c.h.h.t.HelmChartContainer - [K3S] [server.go:164] "Starting Kubernetes Scheduler" version="v1.32.1+k3s1"
2025-01-30 18:12:37,307 INFO c.h.h.t.HelmChartContainer - [K3S] [server.go:166] "Golang settings" GOGC="" GOMAXPROCS="" GOTRACEBACK=""
2025-01-30 18:12:37,313 INFO c.h.h.t.HelmChartContainer - [K3S] [node_lifecycle_controller.go:1234] "Initializing eviction metric for zone" zone=""
2025-01-30 18:12:37,313 INFO c.h.h.t.HelmChartContainer - [K3S] [node_lifecycle_controller.go:886] "Missing timestamp for Node. Assuming now as a timestamp" node="000a7c4bbeea"
2025-01-30 18:12:37,313 INFO c.h.h.t.HelmChartContainer - [K3S] [node_lifecycle_controller.go:1080] "Controller detected that zone is now in new state" zone="" newState="Normal"
2025-01-30 18:12:37,314 INFO c.h.h.t.HelmChartContainer - [K3S] [secure_serving.go:213] Serving securely on 127.0.0.1:10259
2025-01-30 18:12:37,314 INFO c.h.h.t.HelmChartContainer - [K3S] [requestheader_controller.go:180] Starting RequestHeaderAuthRequestController
2025-01-30 18:12:37,314 INFO c.h.h.t.HelmChartContainer - [K3S] [tlsconfig.go:243] "Starting DynamicServingCertificateController"
2025-01-30 18:12:37,314 INFO c.h.h.t.HelmChartContainer - [K3S] [configmap_cafile_content.go:205] "Starting controller" name="client-ca::kube-system::extension-apiserver-authentication::client-ca-file"
2025-01-30 18:12:37,314 INFO c.h.h.t.HelmChartContainer - [K3S] [configmap_cafile_content.go:205] "Starting controller" name="client-ca::kube-system::extension-apiserver-authentication::requestheader-client-ca-file"
2025-01-30 18:12:37,320 INFO c.h.h.t.HelmChartContainer - [K3S] [range_allocator.go:247] "Successfully synced" key="000a7c4bbeea"
2025-01-30 18:12:37,362 INFO c.h.h.t.HelmChartContainer - [K3S] [handler_proxy.go:99] no RequestInfo found in the context
2025-01-30 18:12:37,362 INFO c.h.h.t.HelmChartContainer - [K3S] [controller.go:146] "Unhandled Error" err=<
2025-01-30 18:12:37,362 INFO c.h.h.t.HelmChartContainer - [K3S] 	, Header: map[Content-Type:[text/plain; charset=utf-8] X-Content-Type-Options:[nosniff]]
2025-01-30 18:12:37,362 INFO c.h.h.t.HelmChartContainer - [K3S]  >
2025-01-30 18:12:37,363 INFO c.h.h.t.HelmChartContainer - [K3S] [handler_proxy.go:143] error resolving kube-system/metrics-server: no endpoints available for service "metrics-server"
2025-01-30 18:12:37,621 INFO c.h.h.t.HelmChartContainer - [K3S] [range_allocator.go:247] "Successfully synced" key="000a7c4bbeea"
2025-01-30 18:12:37,878 INFO c.h.h.t.HelmChartContainer - [K3S] [replica_set.go:679] "Finished syncing" kind="ReplicaSet" key="kube-system/metrics-server-8584b5786c" duration="217.016828ms"
2025-01-30 18:12:37,885 INFO c.h.h.t.HelmChartContainer - [K3S] [replica_set.go:679] "Finished syncing" kind="ReplicaSet" key="kube-system/local-path-provisioner-698b58967b" duration="223.395192ms"
2025-01-30 18:12:37,885 INFO c.h.h.t.HelmChartContainer - [K3S] [replica_set.go:679] "Finished syncing" kind="ReplicaSet" key="kube-system/coredns-ff8999cc5" duration="219.270712ms"
2025-01-30 18:12:37,895 INFO c.h.h.t.HelmChartContainer - [K3S] [replica_set.go:679] "Finished syncing" kind="ReplicaSet" key="kube-system/metrics-server-8584b5786c" duration="16.456223ms"
2025-01-30 18:12:37,896 INFO c.h.h.t.HelmChartContainer - [K3S] [replica_set.go:679] "Finished syncing" kind="ReplicaSet" key="kube-system/metrics-server-8584b5786c" duration="25.958Âµs"
2025-01-30 18:12:37,898 INFO c.h.h.t.HelmChartContainer - [K3S] [replica_set.go:679] "Finished syncing" kind="ReplicaSet" key="kube-system/local-path-provisioner-698b58967b" duration="12.872494ms"
2025-01-30 18:12:37,899 INFO c.h.h.t.HelmChartContainer - [K3S] [replica_set.go:679] "Finished syncing" kind="ReplicaSet" key="kube-system/local-path-provisioner-698b58967b" duration="22.843Âµs"
2025-01-30 18:12:37,902 INFO c.h.h.t.HelmChartContainer - [K3S] [replica_set.go:679] "Finished syncing" kind="ReplicaSet" key="kube-system/coredns-ff8999cc5" duration="15.876431ms"
2025-01-30 18:12:37,904 INFO c.h.h.t.HelmChartContainer - [K3S] [replica_set.go:679] "Finished syncing" kind="ReplicaSet" key="kube-system/coredns-ff8999cc5" duration="30.186Âµs"
2025-01-30 18:12:37,907 INFO c.h.h.t.HelmChartContainer - [K3S] [replica_set.go:679] "Finished syncing" kind="ReplicaSet" key="kube-system/metrics-server-8584b5786c" duration="24.836Âµs"
2025-01-30 18:12:37,914 INFO c.h.h.t.HelmChartContainer - [K3S] [replica_set.go:679] "Finished syncing" kind="ReplicaSet" key="kube-system/coredns-ff8999cc5" duration="29.304Âµs"
2025-01-30 18:12:37,920 INFO c.h.h.t.HelmChartContainer - [K3S] [replica_set.go:679] "Finished syncing" kind="ReplicaSet" key="kube-system/local-path-provisioner-698b58967b" duration="49.252Âµs"
2025-01-30 18:12:38,058 INFO c.h.h.t.HelmChartContainer - [K3S] [reconciler_common.go:251] "operationExecutor.VerifyControllerAttachedVolume started for volume \"custom-config-volume\" (UniqueName: \"kubernetes.io/configmap/ec420ad7-82ec-4fed-b3aa-99a855bfab01-custom-config-volume\") pod \"coredns-ff8999cc5-xxz67\" (UID: \"ec420ad7-82ec-4fed-b3aa-99a855bfab01\") " pod="kube-system/coredns-ff8999cc5-xxz67"
2025-01-30 18:12:38,059 INFO c.h.h.t.HelmChartContainer - [K3S] [reconciler_common.go:251] "operationExecutor.VerifyControllerAttachedVolume started for volume \"kube-api-access-j2q92\" (UniqueName: \"kubernetes.io/projected/ec420ad7-82ec-4fed-b3aa-99a855bfab01-kube-api-access-j2q92\") pod \"coredns-ff8999cc5-xxz67\" (UID: \"ec420ad7-82ec-4fed-b3aa-99a855bfab01\") " pod="kube-system/coredns-ff8999cc5-xxz67"
2025-01-30 18:12:38,059 INFO c.h.h.t.HelmChartContainer - [K3S] [reconciler_common.go:251] "operationExecutor.VerifyControllerAttachedVolume started for volume \"tmp-dir\" (UniqueName: \"kubernetes.io/empty-dir/ff204c1d-fec8-4ec8-a501-4c72368886e3-tmp-dir\") pod \"metrics-server-8584b5786c-sv8zx\" (UID: \"ff204c1d-fec8-4ec8-a501-4c72368886e3\") " pod="kube-system/metrics-server-8584b5786c-sv8zx"
2025-01-30 18:12:38,059 INFO c.h.h.t.HelmChartContainer - [K3S] [reconciler_common.go:251] "operationExecutor.VerifyControllerAttachedVolume started for volume \"kube-api-access-w6zrn\" (UniqueName: \"kubernetes.io/projected/ff204c1d-fec8-4ec8-a501-4c72368886e3-kube-api-access-w6zrn\") pod \"metrics-server-8584b5786c-sv8zx\" (UID: \"ff204c1d-fec8-4ec8-a501-4c72368886e3\") " pod="kube-system/metrics-server-8584b5786c-sv8zx"
2025-01-30 18:12:38,059 INFO c.h.h.t.HelmChartContainer - [K3S] [reconciler_common.go:251] "operationExecutor.VerifyControllerAttachedVolume started for volume \"config-volume\" (UniqueName: \"kubernetes.io/configmap/9c118327-d49c-4487-9bf0-153457a0e267-config-volume\") pod \"local-path-provisioner-698b58967b-fbdw7\" (UID: \"9c118327-d49c-4487-9bf0-153457a0e267\") " pod="kube-system/local-path-provisioner-698b58967b-fbdw7"
2025-01-30 18:12:38,059 INFO c.h.h.t.HelmChartContainer - [K3S] [reconciler_common.go:251] "operationExecutor.VerifyControllerAttachedVolume started for volume \"kube-api-access-b78c5\" (UniqueName: \"kubernetes.io/projected/9c118327-d49c-4487-9bf0-153457a0e267-kube-api-access-b78c5\") pod \"local-path-provisioner-698b58967b-fbdw7\" (UID: \"9c118327-d49c-4487-9bf0-153457a0e267\") " pod="kube-system/local-path-provisioner-698b58967b-fbdw7"
2025-01-30 18:12:38,059 INFO c.h.h.t.HelmChartContainer - [K3S] [reconciler_common.go:251] "operationExecutor.VerifyControllerAttachedVolume started for volume \"config-volume\" (UniqueName: \"kubernetes.io/configmap/ec420ad7-82ec-4fed-b3aa-99a855bfab01-config-volume\") pod \"coredns-ff8999cc5-xxz67\" (UID: \"ec420ad7-82ec-4fed-b3aa-99a855bfab01\") " pod="kube-system/coredns-ff8999cc5-xxz67"
2025-01-30 18:12:38,070 INFO c.h.h.t.HelmChartContainer - [K3S] [kube.go:146] Node controller sync successful
2025-01-30 18:12:38,070 INFO c.h.h.t.HelmChartContainer - [K3S] [vxlan.go:141] VXLAN config: VNI=1 Port=0 GBP=false Learning=false DirectRouting=false
2025-01-30 18:12:38,073 INFO c.h.h.t.HelmChartContainer - [K3S] [kube.go:636] List of node(000a7c4bbeea) annotations: map[string]string{"alpha.kubernetes.io/provided-node-ip":"172.18.0.2", "k3s.io/hostname":"000a7c4bbeea", "k3s.io/internal-ip":"172.18.0.2", "k3s.io/node-args":"[\"server\",\"--etcd-arg\",\"unsafe-no-fsync\",\"--etcd-arg\",\"snapshot-count=10000\",\"--etcd-arg\",\"auto-compaction-mode=revision\",\"--etcd-arg\",\"auto-compaction-retention=1000000\",\"--kube-apiserver-arg\",\"etcd-compaction-interval=0s\",\"--disable\",\"traefik\",\"--tls-san\",\"localhost\"]", "k3s.io/node-config-hash":"2QNNT5M5XUBFOLO5XPGEVGOM5UDLHHTIVMSRUPAUHE5DU3HUYQUQ====", "k3s.io/node-env":"{}", "node.alpha.kubernetes.io/ttl":"0", "volumes.kubernetes.io/controller-managed-attach-detach":"true"}
2025-01-30 18:12:38,080 INFO c.h.h.t.HelmChartContainer - [K3S] [iptables.go:51] Starting flannel in iptables mode...
2025-01-30 18:12:38,080 INFO c.h.h.t.HelmChartContainer - [K3S] [WARNING] no subnet found for key: FLANNEL_NETWORK in file: /run/flannel/subnet.env
2025-01-30 18:12:38,081 INFO c.h.h.t.HelmChartContainer - [K3S] [WARNING] no subnet found for key: FLANNEL_SUBNET in file: /run/flannel/subnet.env
2025-01-30 18:12:38,081 INFO c.h.h.t.HelmChartContainer - [K3S] [WARNING] no subnet found for key: FLANNEL_IPV6_NETWORK in file: /run/flannel/subnet.env
2025-01-30 18:12:38,081 INFO c.h.h.t.HelmChartContainer - [K3S] [WARNING] no subnet found for key: FLANNEL_IPV6_SUBNET in file: /run/flannel/subnet.env
2025-01-30 18:12:38,081 INFO c.h.h.t.HelmChartContainer - [K3S] [iptables.go:115] Current network or subnet (10.42.0.0/16, 10.42.0.0/24) is not equal to previous one (0.0.0.0/0, 0.0.0.0/0), trying to recycle old iptables rules
2025-01-30 18:12:38,081 INFO c.h.h.t.HelmChartContainer - [K3S] [kube.go:490] Creating the node lease for IPv4. This is the n.Spec.PodCIDRs: [10.42.0.0/24]
2025-01-30 18:12:38,081 INFO c.h.h.t.HelmChartContainer - [K3S] [range_allocator.go:247] "Successfully synced" key="000a7c4bbeea"
2025-01-30 18:12:38,089 INFO c.h.h.t.HelmChartContainer - [K3S] [iptables.go:125] Setting up masking rules
2025-01-30 18:12:38,092 INFO c.h.h.t.HelmChartContainer - [K3S] [iptables.go:226] Changing default FORWARD chain policy to ACCEPT
2025-01-30 18:12:38,094 INFO c.h.h.t.HelmChartContainer - [K3S] [INFO] Wrote flannel subnet file to /run/flannel/subnet.env
2025-01-30 18:12:38,095 INFO c.h.h.t.HelmChartContainer - [K3S] [INFO] Running flannel backend.
2025-01-30 18:12:38,095 INFO c.h.h.t.HelmChartContainer - [K3S] [vxlan_network.go:65] watching for new subnet leases
2025-01-30 18:12:38,110 INFO c.h.h.t.HelmChartContainer - [K3S] [iptables.go:372] bootstrap done
2025-01-30 18:12:38,118 INFO c.h.h.t.HelmChartContainer - [K3S] [iptables.go:372] bootstrap done
2025-01-30 18:12:38,363 INFO c.h.h.t.HelmChartContainer - [K3S] [handler_proxy.go:99] no RequestInfo found in the context
2025-01-30 18:12:38,364 INFO c.h.h.t.HelmChartContainer - [K3S] [handler_proxy.go:99] no RequestInfo found in the context
2025-01-30 18:12:38,364 INFO c.h.h.t.HelmChartContainer - [K3S] [controller.go:102] "Unhandled Error" err=<
2025-01-30 18:12:38,364 INFO c.h.h.t.HelmChartContainer - [K3S] 	, Header: map[Content-Type:[text/plain; charset=utf-8] X-Content-Type-Options:[nosniff]]
2025-01-30 18:12:38,364 INFO c.h.h.t.HelmChartContainer - [K3S]  >
2025-01-30 18:12:41,128 INFO c.h.h.t.HelmChartContainer - [K3S] [replica_set.go:679] "Finished syncing" kind="ReplicaSet" key="kube-system/coredns-ff8999cc5" duration="40.335Âµs"
2025-01-30 18:12:41,159 INFO c.h.h.t.HelmChartContainer - [K3S] [replica_set.go:679] "Finished syncing" kind="ReplicaSet" key="kube-system/local-path-provisioner-698b58967b" duration="7.487266ms"
2025-01-30 18:12:41,166 INFO c.h.h.t.HelmChartContainer - [K3S] [replica_set.go:679] "Finished syncing" kind="ReplicaSet" key="kube-system/local-path-provisioner-698b58967b" duration="35.767Âµs"
2025-01-30 18:12:41,200 INFO c.h.h.t.HelmChartContainer - [K3S] [replica_set.go:679] "Finished syncing" kind="ReplicaSet" key="kube-system/coredns-ff8999cc5" duration="14.295152ms"
2025-01-30 18:12:41,207 INFO c.h.h.t.HelmChartContainer - [K3S] [replica_set.go:679] "Finished syncing" kind="ReplicaSet" key="kube-system/coredns-ff8999cc5" duration="44.824Âµs"
2025-01-30 18:12:41,219 INFO c.h.h.t.HelmChartContainer - [K3S] [replica_set.go:679] "Finished syncing" kind="ReplicaSet" key="kube-system/metrics-server-8584b5786c" duration="32.791Âµs"
2025-01-30 18:12:42,299 DEBUG c.h.h.t.HelmChartContainer - Image file loaded 'hivemq-platform-operator.tar'
2025-01-30 18:12:42,617 INFO c.h.h.t.HelmChartContainer - [K3S] [kuberuntime_manager.go:1702] "Updating runtime config through cri with podcidr" CIDR="10.42.0.0/24"
2025-01-30 18:12:42,617 INFO c.h.h.t.HelmChartContainer - [K3S] [kubelet_network.go:61] "Updating Pod CIDR" originalPodCIDR="" newPodCIDR="10.42.0.0/24"
2025-01-30 18:12:42,624 INFO c.h.h.t.HelmChartContainer - [K3S] [range_allocator.go:247] "Successfully synced" key="000a7c4bbeea"
2025-01-30 18:12:42,776 DEBUG c.h.h.t.HelmChartContainer - Image file loaded 'hivemq-platform-operator-init.tar'
2025-01-30 18:12:48,305 DEBUG c.h.h.t.HelmChartContainer - Image file loaded 'hivemq-platform.tar'
2025-01-30 18:12:48,305 DEBUG c.h.h.t.HelmChartContainer - Successful Helm chart Container startup
2025-01-30 18:12:48,312 INFO t.localhost/testcontainers/s7agnnibwtzkz3zg:latest - Container localhost/testcontainers/s7agnnibwtzkz3zg:latest started in PT20.291504675S
2025-01-30 18:12:48,323 DEBUG c.h.h.t.HelmChartContainer - Executing helm command: /bin/helm --kubeconfig /etc/rancher/k3s/k3s.yaml repo add hivemq https://hivemq.github.io/helm-charts
2025-01-30 18:12:49,639 INFO c.h.h.t.HelmChartContainer - [EVENT] Normal [Starting] Starting kubelet. [null:000a7c4bbeea]
2025-01-30 18:12:49,640 INFO c.h.h.t.HelmChartContainer - [EVENT] Normal [NodeHasSufficientMemory] Node 000a7c4bbeea status is now: NodeHasSufficientMemory [null:000a7c4bbeea]
2025-01-30 18:12:49,641 INFO c.h.h.t.HelmChartContainer - [EVENT] Normal [NodeHasNoDiskPressure] Node 000a7c4bbeea status is now: NodeHasNoDiskPressure [null:000a7c4bbeea]
2025-01-30 18:12:49,642 INFO c.h.h.t.HelmChartContainer - [EVENT] Normal [NodeHasSufficientPID] Node 000a7c4bbeea status is now: NodeHasSufficientPID [null:000a7c4bbeea]
2025-01-30 18:12:49,643 INFO c.h.h.t.HelmChartContainer - [EVENT] Normal [NodeAllocatableEnforced] Updated Node Allocatable limit across pods [null:000a7c4bbeea]
2025-01-30 18:12:49,644 INFO c.h.h.t.HelmChartContainer - [EVENT] Normal [NodeReady] Node 000a7c4bbeea status is now: NodeReady [null:000a7c4bbeea]
2025-01-30 18:12:49,646 INFO c.h.h.t.HelmChartContainer - [EVENT] Normal [NodePasswordValidationComplete] Deferred node password secret validation complete [null:000a7c4bbeea]
2025-01-30 18:12:49,646 INFO c.h.h.t.HelmChartContainer - [EVENT] Normal [Synced] Node synced successfully [null:000a7c4bbeea]
2025-01-30 18:12:49,647 INFO c.h.h.t.HelmChartContainer - [EVENT] Normal [RegisteredNode] Node 000a7c4bbeea event: Registered Node 000a7c4bbeea in Controller [null:000a7c4bbeea]
2025-01-30 18:12:49,652 INFO c.h.h.t.HelmChartContainer - Saved kubeconfig file on /tmp/kubeconfig-7576189201220435383.yaml
2025-01-30 18:12:49,652 INFO c.h.h.t.HelmChartContainer - HelmChartContainer is started
]]></system-out>
  <system-err><![CDATA[]]></system-err>
</testsuite>
