<?xml version="1.0" encoding="UTF-8"?>
<testsuite name="com.hivemq.helmcharts.extensions.HelmCustomExtensionIT" tests="1" skipped="0" failures="0" errors="0" timestamp="2025-09-30T15:37:18" hostname="runnervm3ublj" time="111.861">
  <properties/>
  <testcase name="platformChart_whenCustomExtensionIsConfigured_withHttp_thenStartsUpSuccessfully()" classname="com.hivemq.helmcharts.extensions.HelmCustomExtensionIT" time="111.861"/>
</testsuite>
