<?xml version="1.0" encoding="UTF-8"?>
<testsuite name="com.hivemq.helmcharts.monitoring.HelmMonitoringOperatorIT" tests="1" skipped="0" failures="0" errors="0" timestamp="2025-01-28T20:44:18" hostname="fv-az790-943" time="170.462">
  <properties/>
  <testcase name="withOperatorMonitoringEnabled_metricsAndDashboardAvailable()" classname="com.hivemq.helmcharts.monitoring.HelmMonitoringOperatorIT" time="170.462">
    <system-out><![CDATA[2025-01-28 20:44:18,919 INFO c.h.h.t.HelmChartContainer - Creating namespace 'helmmonitoringoperatorit-operator'...
2025-01-28 20:44:18,937 INFO c.h.h.t.HelmChartContainer - Namespace 'helmmonitoringoperatorit-operator' created
2025-01-28 20:44:19,201 DEBUG c.h.h.t.HelmChartContainer - Executing helm command: /bin/helm --kubeconfig /etc/rancher/k3s/k3s.yaml repo add prometheus-community https://prometheus-community.github.io/helm-charts
2025-01-28 20:44:19,689 DEBUG c.h.h.t.HelmChartContainer - Executing helm command: /bin/helm --kubeconfig /etc/rancher/k3s/k3s.yaml install monitoring-stack prometheus-community/kube-prometheus-stack --wait --timeout 5m0s --set prometheus-node-exporter.hostRootFsMount.enabled=false -n monitoring --create-namespace
2025-01-28 20:44:26,889 INFO c.h.h.t.HelmChartContainer - [K3S] [job_controller.go:598] "enqueueing job" key="monitoring/monitoring-stack-kube-prom-admission-create" delay="0s"
2025-01-28 20:44:26,899 INFO c.h.h.t.HelmChartContainer - [K3S] [job_controller.go:598] "enqueueing job" key="monitoring/monitoring-stack-kube-prom-admission-create" delay="1s"
2025-01-28 20:44:26,901 INFO c.h.h.t.HelmChartContainer - [POD] monitoring-stack-kube-prom-admission-create-lcb7f [a84c0e40-5732-4854-b4f7-5aa5ebf6b7a2] in monitoring was ADDED
2025-01-28 20:44:26,910 INFO c.h.h.t.HelmChartContainer - [K3S] [job_controller.go:598] "enqueueing job" key="monitoring/monitoring-stack-kube-prom-admission-create" delay="1s"
2025-01-28 20:44:26,910 INFO c.h.h.t.HelmChartContainer - [K3S] [memory_manager.go:355] "RemoveStaleState removing state" podUID="9ea7c533-3139-4385-8ebc-c052a104e3b1" containerName="hivemq-platform-operator"
2025-01-28 20:44:26,910 INFO c.h.h.t.HelmChartContainer - [EVENT] Normal [SuccessfulCreate] Created pod: monitoring-stack-kube-prom-admission-create-lcb7f [monitoring:monitoring-stack-kube-prom-admission-create]
2025-01-28 20:44:26,910 INFO c.h.h.t.HelmChartContainer - [K3S] [memory_manager.go:355] "RemoveStaleState removing state" podUID="5977e263-4638-443a-989e-d4bf1ffba567" containerName="hivemq"
2025-01-28 20:44:26,910 INFO c.h.h.t.HelmChartContainer - [K3S] [job_controller.go:598] "enqueueing job" key="monitoring/monitoring-stack-kube-prom-admission-create" delay="1s"
2025-01-28 20:44:26,912 INFO c.h.h.t.HelmChartContainer - [POD] monitoring-stack-kube-prom-admission-create-lcb7f [a84c0e40-5732-4854-b4f7-5aa5ebf6b7a2] in monitoring was MODIFIED
2025-01-28 20:44:26,913 INFO c.h.h.t.HelmChartContainer - [EVENT] Normal [Scheduled] Successfully assigned monitoring/monitoring-stack-kube-prom-admission-create-lcb7f to 8e458440c762 [monitoring:monitoring-stack-kube-prom-admission-create-lcb7f]
2025-01-28 20:44:26,919 INFO c.h.h.t.HelmChartContainer - [POD] monitoring-stack-kube-prom-admission-create-lcb7f [a84c0e40-5732-4854-b4f7-5aa5ebf6b7a2] in monitoring was MODIFIED
2025-01-28 20:44:26,919 INFO c.h.h.t.HelmChartContainer - [K3S] [job_controller.go:598] "enqueueing job" key="monitoring/monitoring-stack-kube-prom-admission-create" delay="1s"
2025-01-28 20:44:27,103 INFO c.h.h.t.HelmChartContainer - [K3S] [reconciler_common.go:251] "operationExecutor.VerifyControllerAttachedVolume started for volume \"kube-api-access-v2jqw\" (UniqueName: \"kubernetes.io/projected/a84c0e40-5732-4854-b4f7-5aa5ebf6b7a2-kube-api-access-v2jqw\") pod \"monitoring-stack-kube-prom-admission-create-lcb7f\" (UID: \"a84c0e40-5732-4854-b4f7-5aa5ebf6b7a2\") " pod="monitoring/monitoring-stack-kube-prom-admission-create-lcb7f"
2025-01-28 20:44:27,297 INFO c.h.h.t.HelmChartContainer - [EVENT] Normal [Pulling] Pulling image "registry.k8s.io/ingress-nginx/kube-webhook-certgen:v1.5.1" [monitoring:monitoring-stack-kube-prom-admission-create-lcb7f]
2025-01-28 20:44:28,844 INFO c.h.h.t.HelmChartContainer - [EVENT] Normal [Pulled] Successfully pulled image "registry.k8s.io/ingress-nginx/kube-webhook-certgen:v1.5.1" in 1.547s (1.547s including waiting). Image size: 27079554 bytes. [monitoring:monitoring-stack-kube-prom-admission-create-lcb7f]
2025-01-28 20:44:28,850 INFO c.h.h.t.HelmChartContainer - [EVENT] Normal [Created] Created container: create [monitoring:monitoring-stack-kube-prom-admission-create-lcb7f]
2025-01-28 20:44:28,908 INFO c.h.h.t.HelmChartContainer - [EVENT] Normal [Started] Started container create [monitoring:monitoring-stack-kube-prom-admission-create-lcb7f]
2025-01-28 20:44:29,714 INFO c.h.h.t.HelmChartContainer - [K3S] [job_controller.go:598] "enqueueing job" key="monitoring/monitoring-stack-kube-prom-admission-create" delay="1s"
2025-01-28 20:44:29,715 INFO c.h.h.t.HelmChartContainer - [POD] monitoring-stack-kube-prom-admission-create-lcb7f [a84c0e40-5732-4854-b4f7-5aa5ebf6b7a2] in monitoring was MODIFIED
2025-01-28 20:44:30,776 INFO c.h.h.t.HelmChartContainer - [K3S] [job_controller.go:598] "enqueueing job" key="monitoring/monitoring-stack-kube-prom-admission-create" delay="1s"
2025-01-28 20:44:30,777 INFO c.h.h.t.HelmChartContainer - [POD] monitoring-stack-kube-prom-admission-create-lcb7f [a84c0e40-5732-4854-b4f7-5aa5ebf6b7a2] in monitoring was MODIFIED
2025-01-28 20:44:30,924 INFO c.h.h.t.HelmChartContainer - [K3S] [reconciler_common.go:162] "operationExecutor.UnmountVolume started for volume \"kube-api-access-v2jqw\" (UniqueName: \"kubernetes.io/projected/a84c0e40-5732-4854-b4f7-5aa5ebf6b7a2-kube-api-access-v2jqw\") pod \"a84c0e40-5732-4854-b4f7-5aa5ebf6b7a2\" (UID: \"a84c0e40-5732-4854-b4f7-5aa5ebf6b7a2\") "
2025-01-28 20:44:31,024 INFO c.h.h.t.HelmChartContainer - [K3S] [reconciler_common.go:299] "Volume detached for volume \"kube-api-access-v2jqw\" (UniqueName: \"kubernetes.io/projected/a84c0e40-5732-4854-b4f7-5aa5ebf6b7a2-kube-api-access-v2jqw\") on node \"8e458440c762\" DevicePath \"\""
2025-01-28 20:44:31,711 INFO c.h.h.t.HelmChartContainer - [K3S] [pod_container_deletor.go:80] "Container not found in pod's containers" containerID="c1a7f05f1543ef3dfeb7615ddfde0c786d5186c323fc7db0268abd0af4eacf62"
2025-01-28 20:44:31,781 INFO c.h.h.t.HelmChartContainer - [K3S] [job_controller.go:598] "enqueueing job" key="monitoring/monitoring-stack-kube-prom-admission-create" delay="1s"
2025-01-28 20:44:31,785 INFO c.h.h.t.HelmChartContainer - [K3S] [job_controller.go:598] "enqueueing job" key="monitoring/monitoring-stack-kube-prom-admission-create" delay="1s"
2025-01-28 20:44:31,788 INFO c.h.h.t.HelmChartContainer - [POD] monitoring-stack-kube-prom-admission-create-lcb7f [a84c0e40-5732-4854-b4f7-5aa5ebf6b7a2] in monitoring was MODIFIED
2025-01-28 20:44:31,792 INFO c.h.h.t.HelmChartContainer - [EVENT] Normal [Completed] Job completed [monitoring:monitoring-stack-kube-prom-admission-create]
2025-01-28 20:44:31,798 INFO c.h.h.t.HelmChartContainer - [K3S] [job_controller.go:598] "enqueueing job" key="monitoring/monitoring-stack-kube-prom-admission-create" delay="0s"
2025-01-28 20:44:31,808 INFO c.h.h.t.HelmChartContainer - [POD] monitoring-stack-kube-prom-admission-create-lcb7f [a84c0e40-5732-4854-b4f7-5aa5ebf6b7a2] in monitoring was MODIFIED
2025-01-28 20:44:31,812 INFO c.h.h.t.HelmChartContainer - [POD] monitoring-stack-kube-prom-admission-create-lcb7f [a84c0e40-5732-4854-b4f7-5aa5ebf6b7a2] in monitoring was DELETED
2025-01-28 20:44:31,941 INFO c.h.h.t.HelmChartContainer - [K3S] [alloc.go:330] "allocated clusterIPs" service="monitoring/monitoring-stack-kube-state-metrics" clusterIPs={"IPv4":"10.43.80.100"}
2025-01-28 20:44:31,942 INFO c.h.h.t.HelmChartContainer - [K3S] [alloc.go:330] "allocated clusterIPs" service="monitoring/monitoring-stack-kube-prom-prometheus" clusterIPs={"IPv4":"10.43.225.166"}
2025-01-28 20:44:31,963 INFO c.h.h.t.HelmChartContainer - [K3S] [alloc.go:330] "allocated clusterIPs" service="monitoring/monitoring-stack-kube-prom-operator" clusterIPs={"IPv4":"10.43.142.114"}
2025-01-28 20:44:31,968 INFO c.h.h.t.HelmChartContainer - [K3S] [alloc.go:330] "allocated clusterIPs" service="monitoring/monitoring-stack-prometheus-node-exporter" clusterIPs={"IPv4":"10.43.112.208"}
2025-01-28 20:44:31,969 INFO c.h.h.t.HelmChartContainer - [K3S] [alloc.go:330] "allocated clusterIPs" service="monitoring/monitoring-stack-grafana" clusterIPs={"IPv4":"10.43.214.6"}
2025-01-28 20:44:31,983 INFO c.h.h.t.HelmChartContainer - [K3S] [alloc.go:330] "allocated clusterIPs" service="monitoring/monitoring-stack-kube-prom-alertmanager" clusterIPs={"IPv4":"10.43.218.35"}
2025-01-28 20:44:32,017 INFO c.h.h.t.HelmChartContainer - [POD] monitoring-stack-kube-prom-operator-6f4fc4bc65-4gglm [3bff6f05-5c4d-4e9b-9dc6-44328c251cc1] in monitoring was ADDED
2025-01-28 20:44:32,018 INFO c.h.h.t.HelmChartContainer - [POD] monitoring-stack-kube-state-metrics-5bf5c7b54d-t5ckx [ec9ee3a1-99ef-4442-8567-7c8272688999] in monitoring was ADDED
2025-01-28 20:44:32,019 INFO c.h.h.t.HelmChartContainer - [EVENT] Normal [ScalingReplicaSet] Scaled up replica set monitoring-stack-kube-state-metrics-5bf5c7b54d from 0 to 1 [monitoring:monitoring-stack-kube-state-metrics]
2025-01-28 20:44:32,025 INFO c.h.h.t.HelmChartContainer - [EVENT] Normal [SuccessfulCreate] Created pod: monitoring-stack-kube-state-metrics-5bf5c7b54d-t5ckx [monitoring:monitoring-stack-kube-state-metrics-5bf5c7b54d]
2025-01-28 20:44:32,030 INFO c.h.h.t.HelmChartContainer - [K3S] [replica_set.go:679] "Finished syncing" kind="ReplicaSet" key="monitoring/monitoring-stack-kube-prom-operator-6f4fc4bc65" duration="23.933771ms"
2025-01-28 20:44:32,034 INFO c.h.h.t.HelmChartContainer - [K3S] [memory_manager.go:355] "RemoveStaleState removing state" podUID="a84c0e40-5732-4854-b4f7-5aa5ebf6b7a2" containerName="create"
2025-01-28 20:44:32,038 INFO c.h.h.t.HelmChartContainer - [POD] monitoring-stack-kube-state-metrics-5bf5c7b54d-t5ckx [ec9ee3a1-99ef-4442-8567-7c8272688999] in monitoring was MODIFIED
2025-01-28 20:44:32,038 INFO c.h.h.t.HelmChartContainer - [EVENT] Normal [ScalingReplicaSet] Scaled up replica set monitoring-stack-kube-prom-operator-6f4fc4bc65 from 0 to 1 [monitoring:monitoring-stack-kube-prom-operator]
2025-01-28 20:44:32,040 INFO c.h.h.t.HelmChartContainer - [POD] monitoring-stack-kube-prom-operator-6f4fc4bc65-4gglm [3bff6f05-5c4d-4e9b-9dc6-44328c251cc1] in monitoring was MODIFIED
2025-01-28 20:44:32,040 INFO c.h.h.t.HelmChartContainer - [K3S] [status_manager.go:890] "Failed to get status for pod" podUID="ec9ee3a1-99ef-4442-8567-7c8272688999" pod="monitoring/monitoring-stack-kube-state-metrics-5bf5c7b54d-t5ckx" err="pods \"monitoring-stack-kube-state-metrics-5bf5c7b54d-t5ckx\" is forbidden: User \"system:node:8e458440c762\" cannot get resource \"pods\" in API group \"\" in the namespace \"monitoring\": no relationship found between node '8e458440c762' and this object"
2025-01-28 20:44:32,040 INFO c.h.h.t.HelmChartContainer - [EVENT] Normal [SuccessfulCreate] Created pod: monitoring-stack-kube-prom-operator-6f4fc4bc65-4gglm [monitoring:monitoring-stack-kube-prom-operator-6f4fc4bc65]
2025-01-28 20:44:32,040 INFO c.h.h.t.HelmChartContainer - [POD] monitoring-stack-prometheus-node-exporter-qj6qt [035d2d7e-170a-4ebd-bd18-936c2ba2e578] in monitoring was ADDED
2025-01-28 20:44:32,043 INFO c.h.h.t.HelmChartContainer - [EVENT] Normal [Scheduled] Successfully assigned monitoring/monitoring-stack-kube-state-metrics-5bf5c7b54d-t5ckx to 8e458440c762 [monitoring:monitoring-stack-kube-state-metrics-5bf5c7b54d-t5ckx]
2025-01-28 20:44:32,044 INFO c.h.h.t.HelmChartContainer - [K3S] [reflector.go:569] object-"monitoring"/"kube-root-ca.crt": failed to list *v1.ConfigMap: configmaps "kube-root-ca.crt" is forbidden: User "system:node:8e458440c762" cannot list resource "configmaps" in API group "" in the namespace "monitoring": no relationship found between node '8e458440c762' and this object
2025-01-28 20:44:32,044 INFO c.h.h.t.HelmChartContainer - [K3S] [reflector.go:166] "Unhandled Error" err="object-\"monitoring\"/\"kube-root-ca.crt\": Failed to watch *v1.ConfigMap: failed to list *v1.ConfigMap: configmaps \"kube-root-ca.crt\" is forbidden: User \"system:node:8e458440c762\" cannot list resource \"configmaps\" in API group \"\" in the namespace \"monitoring\": no relationship found between node '8e458440c762' and this object"
2025-01-28 20:44:32,047 INFO c.h.h.t.HelmChartContainer - [EVENT] Normal [Scheduled] Successfully assigned monitoring/monitoring-stack-kube-prom-operator-6f4fc4bc65-4gglm to 8e458440c762 [monitoring:monitoring-stack-kube-prom-operator-6f4fc4bc65-4gglm]
2025-01-28 20:44:32,048 INFO c.h.h.t.HelmChartContainer - [EVENT] Normal [ScalingReplicaSet] Scaled up replica set monitoring-stack-grafana-64c55fb967 from 0 to 1 [monitoring:monitoring-stack-grafana]
2025-01-28 20:44:32,049 INFO c.h.h.t.HelmChartContainer - [POD] monitoring-stack-prometheus-node-exporter-qj6qt [035d2d7e-170a-4ebd-bd18-936c2ba2e578] in monitoring was MODIFIED
2025-01-28 20:44:32,053 INFO c.h.h.t.HelmChartContainer - [K3S] [dispatcher.go:210] Failed calling webhook, failing open prometheusrulemutate.monitoring.coreos.com: failed calling webhook "prometheusrulemutate.monitoring.coreos.com": failed to call webhook: Post "https://monitoring-stack-kube-prom-operator.monitoring.svc:443/admission-prometheusrules/mutate?timeout=10s": no endpoints available for service "monitoring-stack-kube-prom-operator"
2025-01-28 20:44:32,053 INFO c.h.h.t.HelmChartContainer - [K3S] [dispatcher.go:214] "Unhandled Error" err="failed calling webhook \"prometheusrulemutate.monitoring.coreos.com\": failed to call webhook: Post \"https://monitoring-stack-kube-prom-operator.monitoring.svc:443/admission-prometheusrules/mutate?timeout=10s\": no endpoints available for service \"monitoring-stack-kube-prom-operator\""
2025-01-28 20:44:32,053 INFO c.h.h.t.HelmChartContainer - [POD] monitoring-stack-grafana-64c55fb967-9bhgv [ce20d58f-8299-471c-b11d-e4d98102d049] in monitoring was ADDED
2025-01-28 20:44:32,056 INFO c.h.h.t.HelmChartContainer - [EVENT] Normal [Scheduled] Successfully assigned monitoring/monitoring-stack-prometheus-node-exporter-qj6qt to 8e458440c762 [monitoring:monitoring-stack-prometheus-node-exporter-qj6qt]
2025-01-28 20:44:32,060 INFO c.h.h.t.HelmChartContainer - [K3S] [dispatcher.go:210] Failed calling webhook, failing open prometheusrulemutate.monitoring.coreos.com: failed calling webhook "prometheusrulemutate.monitoring.coreos.com": failed to call webhook: Post "https://monitoring-stack-kube-prom-operator.monitoring.svc:443/admission-prometheusrules/mutate?timeout=10s": no endpoints available for service "monitoring-stack-kube-prom-operator"
2025-01-28 20:44:32,060 INFO c.h.h.t.HelmChartContainer - [K3S] [dispatcher.go:214] "Unhandled Error" err="failed calling webhook \"prometheusrulemutate.monitoring.coreos.com\": failed to call webhook: Post \"https://monitoring-stack-kube-prom-operator.monitoring.svc:443/admission-prometheusrules/mutate?timeout=10s\": no endpoints available for service \"monitoring-stack-kube-prom-operator\""
2025-01-28 20:44:32,060 INFO c.h.h.t.HelmChartContainer - [K3S] [dispatcher.go:210] Failed calling webhook, failing open prometheusrulemutate.monitoring.coreos.com: failed calling webhook "prometheusrulemutate.monitoring.coreos.com": failed to call webhook: Post "https://monitoring-stack-kube-prom-operator.monitoring.svc:443/admission-prometheusrules/mutate?timeout=10s": no endpoints available for service "monitoring-stack-kube-prom-operator"
2025-01-28 20:44:32,060 INFO c.h.h.t.HelmChartContainer - [K3S] [dispatcher.go:214] "Unhandled Error" err="failed calling webhook \"prometheusrulemutate.monitoring.coreos.com\": failed to call webhook: Post \"https://monitoring-stack-kube-prom-operator.monitoring.svc:443/admission-prometheusrules/mutate?timeout=10s\": no endpoints available for service \"monitoring-stack-kube-prom-operator\""
2025-01-28 20:44:32,063 INFO c.h.h.t.HelmChartContainer - [K3S] [replica_set.go:679] "Finished syncing" kind="ReplicaSet" key="monitoring/monitoring-stack-kube-state-metrics-5bf5c7b54d" duration="60.137826ms"
2025-01-28 20:44:32,075 INFO c.h.h.t.HelmChartContainer - [K3S] [dispatcher.go:210] Failed calling webhook, failing open prometheusrulemutate.monitoring.coreos.com: failed calling webhook "prometheusrulemutate.monitoring.coreos.com": failed to call webhook: Post "https://monitoring-stack-kube-prom-operator.monitoring.svc:443/admission-prometheusrules/mutate?timeout=10s": no endpoints available for service "monitoring-stack-kube-prom-operator"
2025-01-28 20:44:32,075 INFO c.h.h.t.HelmChartContainer - [K3S] [dispatcher.go:214] "Unhandled Error" err="failed calling webhook \"prometheusrulemutate.monitoring.coreos.com\": failed to call webhook: Post \"https://monitoring-stack-kube-prom-operator.monitoring.svc:443/admission-prometheusrules/mutate?timeout=10s\": no endpoints available for service \"monitoring-stack-kube-prom-operator\""
2025-01-28 20:44:32,075 INFO c.h.h.t.HelmChartContainer - [K3S] [dispatcher.go:210] Failed calling webhook, failing open prometheusrulemutate.monitoring.coreos.com: failed calling webhook "prometheusrulemutate.monitoring.coreos.com": failed to call webhook: Post "https://monitoring-stack-kube-prom-operator.monitoring.svc:443/admission-prometheusrules/mutate?timeout=10s": no endpoints available for service "monitoring-stack-kube-prom-operator"
2025-01-28 20:44:32,078 INFO c.h.h.t.HelmChartContainer - [K3S] [dispatcher.go:214] "Unhandled Error" err="failed calling webhook \"prometheusrulemutate.monitoring.coreos.com\": failed to call webhook: Post \"https://monitoring-stack-kube-prom-operator.monitoring.svc:443/admission-prometheusrules/mutate?timeout=10s\": no endpoints available for service \"monitoring-stack-kube-prom-operator\""
2025-01-28 20:44:32,078 INFO c.h.h.t.HelmChartContainer - [POD] monitoring-stack-grafana-64c55fb967-9bhgv [ce20d58f-8299-471c-b11d-e4d98102d049] in monitoring was MODIFIED
2025-01-28 20:44:32,081 INFO c.h.h.t.HelmChartContainer - [K3S] [dispatcher.go:210] Failed calling webhook, failing open prometheusrulemutate.monitoring.coreos.com: failed calling webhook "prometheusrulemutate.monitoring.coreos.com": failed to call webhook: Post "https://monitoring-stack-kube-prom-operator.monitoring.svc:443/admission-prometheusrules/mutate?timeout=10s": no endpoints available for service "monitoring-stack-kube-prom-operator"
2025-01-28 20:44:32,082 INFO c.h.h.t.HelmChartContainer - [K3S] [dispatcher.go:214] "Unhandled Error" err="failed calling webhook \"prometheusrulemutate.monitoring.coreos.com\": failed to call webhook: Post \"https://monitoring-stack-kube-prom-operator.monitoring.svc:443/admission-prometheusrules/mutate?timeout=10s\": no endpoints available for service \"monitoring-stack-kube-prom-operator\""
2025-01-28 20:44:32,082 INFO c.h.h.t.HelmChartContainer - [K3S] [dispatcher.go:210] Failed calling webhook, failing open prometheusrulemutate.monitoring.coreos.com: failed calling webhook "prometheusrulemutate.monitoring.coreos.com": failed to call webhook: Post "https://monitoring-stack-kube-prom-operator.monitoring.svc:443/admission-prometheusrules/mutate?timeout=10s": no endpoints available for service "monitoring-stack-kube-prom-operator"
2025-01-28 20:44:32,082 INFO c.h.h.t.HelmChartContainer - [K3S] [dispatcher.go:214] "Unhandled Error" err="failed calling webhook \"prometheusrulemutate.monitoring.coreos.com\": failed to call webhook: Post \"https://monitoring-stack-kube-prom-operator.monitoring.svc:443/admission-prometheusrules/mutate?timeout=10s\": no endpoints available for service \"monitoring-stack-kube-prom-operator\""
2025-01-28 20:44:32,085 INFO c.h.h.t.HelmChartContainer - [K3S] [dispatcher.go:210] Failed calling webhook, failing open prometheusrulemutate.monitoring.coreos.com: failed calling webhook "prometheusrulemutate.monitoring.coreos.com": failed to call webhook: Post "https://monitoring-stack-kube-prom-operator.monitoring.svc:443/admission-prometheusrules/mutate?timeout=10s": no endpoints available for service "monitoring-stack-kube-prom-operator"
2025-01-28 20:44:32,085 INFO c.h.h.t.HelmChartContainer - [K3S] [dispatcher.go:214] "Unhandled Error" err="failed calling webhook \"prometheusrulemutate.monitoring.coreos.com\": failed to call webhook: Post \"https://monitoring-stack-kube-prom-operator.monitoring.svc:443/admission-prometheusrules/mutate?timeout=10s\": no endpoints available for service \"monitoring-stack-kube-prom-operator\""
2025-01-28 20:44:32,087 INFO c.h.h.t.HelmChartContainer - [K3S] [dispatcher.go:210] Failed calling webhook, failing open prometheusrulemutate.monitoring.coreos.com: failed calling webhook "prometheusrulemutate.monitoring.coreos.com": failed to call webhook: Post "https://monitoring-stack-kube-prom-operator.monitoring.svc:443/admission-prometheusrules/mutate?timeout=10s": no endpoints available for service "monitoring-stack-kube-prom-operator"
2025-01-28 20:44:32,088 INFO c.h.h.t.HelmChartContainer - [K3S] [dispatcher.go:214] "Unhandled Error" err="failed calling webhook \"prometheusrulemutate.monitoring.coreos.com\": failed to call webhook: Post \"https://monitoring-stack-kube-prom-operator.monitoring.svc:443/admission-prometheusrules/mutate?timeout=10s\": no endpoints available for service \"monitoring-stack-kube-prom-operator\""
2025-01-28 20:44:32,088 INFO c.h.h.t.HelmChartContainer - [K3S] [dispatcher.go:210] Failed calling webhook, failing open prometheusrulemutate.monitoring.coreos.com: failed calling webhook "prometheusrulemutate.monitoring.coreos.com": failed to call webhook: Post "https://monitoring-stack-kube-prom-operator.monitoring.svc:443/admission-prometheusrules/mutate?timeout=10s": no endpoints available for service "monitoring-stack-kube-prom-operator"
2025-01-28 20:44:32,088 INFO c.h.h.t.HelmChartContainer - [K3S] [dispatcher.go:214] "Unhandled Error" err="failed calling webhook \"prometheusrulemutate.monitoring.coreos.com\": failed to call webhook: Post \"https://monitoring-stack-kube-prom-operator.monitoring.svc:443/admission-prometheusrules/mutate?timeout=10s\": no endpoints available for service \"monitoring-stack-kube-prom-operator\""
2025-01-28 20:44:32,089 INFO c.h.h.t.HelmChartContainer - [EVENT] Normal [Scheduled] Successfully assigned monitoring/monitoring-stack-grafana-64c55fb967-9bhgv to 8e458440c762 [monitoring:monitoring-stack-grafana-64c55fb967-9bhgv]
2025-01-28 20:44:32,091 INFO c.h.h.t.HelmChartContainer - [K3S] [dispatcher.go:210] Failed calling webhook, failing open prometheusrulemutate.monitoring.coreos.com: failed calling webhook "prometheusrulemutate.monitoring.coreos.com": failed to call webhook: Post "https://monitoring-stack-kube-prom-operator.monitoring.svc:443/admission-prometheusrules/mutate?timeout=10s": no endpoints available for service "monitoring-stack-kube-prom-operator"
2025-01-28 20:44:32,091 INFO c.h.h.t.HelmChartContainer - [K3S] [dispatcher.go:214] "Unhandled Error" err="failed calling webhook \"prometheusrulemutate.monitoring.coreos.com\": failed to call webhook: Post \"https://monitoring-stack-kube-prom-operator.monitoring.svc:443/admission-prometheusrules/mutate?timeout=10s\": no endpoints available for service \"monitoring-stack-kube-prom-operator\""
2025-01-28 20:44:32,095 INFO c.h.h.t.HelmChartContainer - [K3S] [dispatcher.go:210] Failed calling webhook, failing open prometheusrulemutate.monitoring.coreos.com: failed calling webhook "prometheusrulemutate.monitoring.coreos.com": failed to call webhook: Post "https://monitoring-stack-kube-prom-operator.monitoring.svc:443/admission-prometheusrules/mutate?timeout=10s": no endpoints available for service "monitoring-stack-kube-prom-operator"
2025-01-28 20:44:32,095 INFO c.h.h.t.HelmChartContainer - [K3S] [dispatcher.go:214] "Unhandled Error" err="failed calling webhook \"prometheusrulemutate.monitoring.coreos.com\": failed to call webhook: Post \"https://monitoring-stack-kube-prom-operator.monitoring.svc:443/admission-prometheusrules/mutate?timeout=10s\": no endpoints available for service \"monitoring-stack-kube-prom-operator\""
2025-01-28 20:44:32,096 INFO c.h.h.t.HelmChartContainer - [EVENT] Normal [SuccessfulCreate] Created pod: monitoring-stack-prometheus-node-exporter-qj6qt [monitoring:monitoring-stack-prometheus-node-exporter]
2025-01-28 20:44:32,096 INFO c.h.h.t.HelmChartContainer - [POD] monitoring-stack-kube-state-metrics-5bf5c7b54d-t5ckx [ec9ee3a1-99ef-4442-8567-7c8272688999] in monitoring was MODIFIED
2025-01-28 20:44:32,096 INFO c.h.h.t.HelmChartContainer - [EVENT] Normal [SuccessfulCreate] Created pod: monitoring-stack-grafana-64c55fb967-9bhgv [monitoring:monitoring-stack-grafana-64c55fb967]
2025-01-28 20:44:32,097 INFO c.h.h.t.HelmChartContainer - [K3S] [dispatcher.go:210] Failed calling webhook, failing open prometheusrulemutate.monitoring.coreos.com: failed calling webhook "prometheusrulemutate.monitoring.coreos.com": failed to call webhook: Post "https://monitoring-stack-kube-prom-operator.monitoring.svc:443/admission-prometheusrules/mutate?timeout=10s": no endpoints available for service "monitoring-stack-kube-prom-operator"
2025-01-28 20:44:32,099 INFO c.h.h.t.HelmChartContainer - [K3S] [dispatcher.go:214] "Unhandled Error" err="failed calling webhook \"prometheusrulemutate.monitoring.coreos.com\": failed to call webhook: Post \"https://monitoring-stack-kube-prom-operator.monitoring.svc:443/admission-prometheusrules/mutate?timeout=10s\": no endpoints available for service \"monitoring-stack-kube-prom-operator\""
2025-01-28 20:44:32,099 INFO c.h.h.t.HelmChartContainer - [K3S] [dispatcher.go:210] Failed calling webhook, failing open prometheusrulemutate.monitoring.coreos.com: failed calling webhook "prometheusrulemutate.monitoring.coreos.com": failed to call webhook: Post "https://monitoring-stack-kube-prom-operator.monitoring.svc:443/admission-prometheusrules/mutate?timeout=10s": no endpoints available for service "monitoring-stack-kube-prom-operator"
2025-01-28 20:44:32,099 INFO c.h.h.t.HelmChartContainer - [K3S] [dispatcher.go:214] "Unhandled Error" err="failed calling webhook \"prometheusrulemutate.monitoring.coreos.com\": failed to call webhook: Post \"https://monitoring-stack-kube-prom-operator.monitoring.svc:443/admission-prometheusrules/mutate?timeout=10s\": no endpoints available for service \"monitoring-stack-kube-prom-operator\""
2025-01-28 20:44:32,104 INFO c.h.h.t.HelmChartContainer - [K3S] [dispatcher.go:210] Failed calling webhook, failing open prometheusrulemutate.monitoring.coreos.com: failed calling webhook "prometheusrulemutate.monitoring.coreos.com": failed to call webhook: Post "https://monitoring-stack-kube-prom-operator.monitoring.svc:443/admission-prometheusrules/mutate?timeout=10s": no endpoints available for service "monitoring-stack-kube-prom-operator"
2025-01-28 20:44:32,104 INFO c.h.h.t.HelmChartContainer - [K3S] [dispatcher.go:214] "Unhandled Error" err="failed calling webhook \"prometheusrulemutate.monitoring.coreos.com\": failed to call webhook: Post \"https://monitoring-stack-kube-prom-operator.monitoring.svc:443/admission-prometheusrules/mutate?timeout=10s\": no endpoints available for service \"monitoring-stack-kube-prom-operator\""
2025-01-28 20:44:32,107 INFO c.h.h.t.HelmChartContainer - [K3S] [dispatcher.go:210] Failed calling webhook, failing open prometheusrulemutate.monitoring.coreos.com: failed calling webhook "prometheusrulemutate.monitoring.coreos.com": failed to call webhook: Post "https://monitoring-stack-kube-prom-operator.monitoring.svc:443/admission-prometheusrules/mutate?timeout=10s": no endpoints available for service "monitoring-stack-kube-prom-operator"
2025-01-28 20:44:32,107 INFO c.h.h.t.HelmChartContainer - [K3S] [dispatcher.go:214] "Unhandled Error" err="failed calling webhook \"prometheusrulemutate.monitoring.coreos.com\": failed to call webhook: Post \"https://monitoring-stack-kube-prom-operator.monitoring.svc:443/admission-prometheusrules/mutate?timeout=10s\": no endpoints available for service \"monitoring-stack-kube-prom-operator\""
2025-01-28 20:44:32,110 INFO c.h.h.t.HelmChartContainer - [K3S] [dispatcher.go:210] Failed calling webhook, failing open prometheusrulemutate.monitoring.coreos.com: failed calling webhook "prometheusrulemutate.monitoring.coreos.com": failed to call webhook: Post "https://monitoring-stack-kube-prom-operator.monitoring.svc:443/admission-prometheusrules/mutate?timeout=10s": no endpoints available for service "monitoring-stack-kube-prom-operator"
2025-01-28 20:44:32,111 INFO c.h.h.t.HelmChartContainer - [K3S] [dispatcher.go:214] "Unhandled Error" err="failed calling webhook \"prometheusrulemutate.monitoring.coreos.com\": failed to call webhook: Post \"https://monitoring-stack-kube-prom-operator.monitoring.svc:443/admission-prometheusrules/mutate?timeout=10s\": no endpoints available for service \"monitoring-stack-kube-prom-operator\""
2025-01-28 20:44:32,111 INFO c.h.h.t.HelmChartContainer - [K3S] [dispatcher.go:210] Failed calling webhook, failing open prometheusrulemutate.monitoring.coreos.com: failed calling webhook "prometheusrulemutate.monitoring.coreos.com": failed to call webhook: Post "https://monitoring-stack-kube-prom-operator.monitoring.svc:443/admission-prometheusrules/mutate?timeout=10s": no endpoints available for service "monitoring-stack-kube-prom-operator"
2025-01-28 20:44:32,111 INFO c.h.h.t.HelmChartContainer - [K3S] [dispatcher.go:214] "Unhandled Error" err="failed calling webhook \"prometheusrulemutate.monitoring.coreos.com\": failed to call webhook: Post \"https://monitoring-stack-kube-prom-operator.monitoring.svc:443/admission-prometheusrules/mutate?timeout=10s\": no endpoints available for service \"monitoring-stack-kube-prom-operator\""
2025-01-28 20:44:32,114 INFO c.h.h.t.HelmChartContainer - [K3S] [dispatcher.go:210] Failed calling webhook, failing open prometheusrulemutate.monitoring.coreos.com: failed calling webhook "prometheusrulemutate.monitoring.coreos.com": failed to call webhook: Post "https://monitoring-stack-kube-prom-operator.monitoring.svc:443/admission-prometheusrules/mutate?timeout=10s": no endpoints available for service "monitoring-stack-kube-prom-operator"
2025-01-28 20:44:32,114 INFO c.h.h.t.HelmChartContainer - [K3S] [dispatcher.go:214] "Unhandled Error" err="failed calling webhook \"prometheusrulemutate.monitoring.coreos.com\": failed to call webhook: Post \"https://monitoring-stack-kube-prom-operator.monitoring.svc:443/admission-prometheusrules/mutate?timeout=10s\": no endpoints available for service \"monitoring-stack-kube-prom-operator\""
2025-01-28 20:44:32,115 INFO c.h.h.t.HelmChartContainer - [K3S] [dispatcher.go:210] Failed calling webhook, failing open prometheusrulemutate.monitoring.coreos.com: failed calling webhook "prometheusrulemutate.monitoring.coreos.com": failed to call webhook: Post "https://monitoring-stack-kube-prom-operator.monitoring.svc:443/admission-prometheusrules/mutate?timeout=10s": no endpoints available for service "monitoring-stack-kube-prom-operator"
2025-01-28 20:44:32,115 INFO c.h.h.t.HelmChartContainer - [K3S] [dispatcher.go:214] "Unhandled Error" err="failed calling webhook \"prometheusrulemutate.monitoring.coreos.com\": failed to call webhook: Post \"https://monitoring-stack-kube-prom-operator.monitoring.svc:443/admission-prometheusrules/mutate?timeout=10s\": no endpoints available for service \"monitoring-stack-kube-prom-operator\""
2025-01-28 20:44:32,115 INFO c.h.h.t.HelmChartContainer - [K3S] [dispatcher.go:210] Failed calling webhook, failing open prometheusrulemutate.monitoring.coreos.com: failed calling webhook "prometheusrulemutate.monitoring.coreos.com": failed to call webhook: Post "https://monitoring-stack-kube-prom-operator.monitoring.svc:443/admission-prometheusrules/mutate?timeout=10s": no endpoints available for service "monitoring-stack-kube-prom-operator"
2025-01-28 20:44:32,115 INFO c.h.h.t.HelmChartContainer - [K3S] [dispatcher.go:214] "Unhandled Error" err="failed calling webhook \"prometheusrulemutate.monitoring.coreos.com\": failed to call webhook: Post \"https://monitoring-stack-kube-prom-operator.monitoring.svc:443/admission-prometheusrules/mutate?timeout=10s\": no endpoints available for service \"monitoring-stack-kube-prom-operator\""
2025-01-28 20:44:32,115 INFO c.h.h.t.HelmChartContainer - [K3S] [dispatcher.go:210] Failed calling webhook, failing open prometheusrulemutate.monitoring.coreos.com: failed calling webhook "prometheusrulemutate.monitoring.coreos.com": failed to call webhook: Post "https://monitoring-stack-kube-prom-operator.monitoring.svc:443/admission-prometheusrules/mutate?timeout=10s": no endpoints available for service "monitoring-stack-kube-prom-operator"
2025-01-28 20:44:32,115 INFO c.h.h.t.HelmChartContainer - [K3S] [dispatcher.go:214] "Unhandled Error" err="failed calling webhook \"prometheusrulemutate.monitoring.coreos.com\": failed to call webhook: Post \"https://monitoring-stack-kube-prom-operator.monitoring.svc:443/admission-prometheusrules/mutate?timeout=10s\": no endpoints available for service \"monitoring-stack-kube-prom-operator\""
2025-01-28 20:44:32,120 INFO c.h.h.t.HelmChartContainer - [K3S] [dispatcher.go:210] Failed calling webhook, failing open prometheusrulemutate.monitoring.coreos.com: failed calling webhook "prometheusrulemutate.monitoring.coreos.com": failed to call webhook: Post "https://monitoring-stack-kube-prom-operator.monitoring.svc:443/admission-prometheusrules/mutate?timeout=10s": no endpoints available for service "monitoring-stack-kube-prom-operator"
2025-01-28 20:44:32,121 INFO c.h.h.t.HelmChartContainer - [K3S] [dispatcher.go:214] "Unhandled Error" err="failed calling webhook \"prometheusrulemutate.monitoring.coreos.com\": failed to call webhook: Post \"https://monitoring-stack-kube-prom-operator.monitoring.svc:443/admission-prometheusrules/mutate?timeout=10s\": no endpoints available for service \"monitoring-stack-kube-prom-operator\""
2025-01-28 20:44:32,124 INFO c.h.h.t.HelmChartContainer - [K3S] [dispatcher.go:210] Failed calling webhook, failing open prometheusrulemutate.monitoring.coreos.com: failed calling webhook "prometheusrulemutate.monitoring.coreos.com": failed to call webhook: Post "https://monitoring-stack-kube-prom-operator.monitoring.svc:443/admission-prometheusrules/mutate?timeout=10s": no endpoints available for service "monitoring-stack-kube-prom-operator"
2025-01-28 20:44:32,124 INFO c.h.h.t.HelmChartContainer - [K3S] [dispatcher.go:214] "Unhandled Error" err="failed calling webhook \"prometheusrulemutate.monitoring.coreos.com\": failed to call webhook: Post \"https://monitoring-stack-kube-prom-operator.monitoring.svc:443/admission-prometheusrules/mutate?timeout=10s\": no endpoints available for service \"monitoring-stack-kube-prom-operator\""
2025-01-28 20:44:32,127 INFO c.h.h.t.HelmChartContainer - [K3S] [replica_set.go:679] "Finished syncing" kind="ReplicaSet" key="monitoring/monitoring-stack-grafana-64c55fb967" duration="117.688573ms"
2025-01-28 20:44:32,132 INFO c.h.h.t.HelmChartContainer - [K3S] [dispatcher.go:210] Failed calling webhook, failing open prometheusrulemutate.monitoring.coreos.com: failed calling webhook "prometheusrulemutate.monitoring.coreos.com": failed to call webhook: Post "https://monitoring-stack-kube-prom-operator.monitoring.svc:443/admission-prometheusrules/mutate?timeout=10s": no endpoints available for service "monitoring-stack-kube-prom-operator"
2025-01-28 20:44:32,132 INFO c.h.h.t.HelmChartContainer - [K3S] [dispatcher.go:214] "Unhandled Error" err="failed calling webhook \"prometheusrulemutate.monitoring.coreos.com\": failed to call webhook: Post \"https://monitoring-stack-kube-prom-operator.monitoring.svc:443/admission-prometheusrules/mutate?timeout=10s\": no endpoints available for service \"monitoring-stack-kube-prom-operator\""
2025-01-28 20:44:32,137 INFO c.h.h.t.HelmChartContainer - [K3S] [dispatcher.go:210] Failed calling webhook, failing open prometheusrulemutate.monitoring.coreos.com: failed calling webhook "prometheusrulemutate.monitoring.coreos.com": failed to call webhook: Post "https://monitoring-stack-kube-prom-operator.monitoring.svc:443/admission-prometheusrules/mutate?timeout=10s": no endpoints available for service "monitoring-stack-kube-prom-operator"
2025-01-28 20:44:32,137 INFO c.h.h.t.HelmChartContainer - [K3S] [dispatcher.go:214] "Unhandled Error" err="failed calling webhook \"prometheusrulemutate.monitoring.coreos.com\": failed to call webhook: Post \"https://monitoring-stack-kube-prom-operator.monitoring.svc:443/admission-prometheusrules/mutate?timeout=10s\": no endpoints available for service \"monitoring-stack-kube-prom-operator\""
2025-01-28 20:44:32,141 INFO c.h.h.t.HelmChartContainer - [K3S] [dispatcher.go:210] Failed calling webhook, failing open prometheusrulemutate.monitoring.coreos.com: failed calling webhook "prometheusrulemutate.monitoring.coreos.com": failed to call webhook: Post "https://monitoring-stack-kube-prom-operator.monitoring.svc:443/admission-prometheusrules/mutate?timeout=10s": no endpoints available for service "monitoring-stack-kube-prom-operator"
2025-01-28 20:44:32,141 INFO c.h.h.t.HelmChartContainer - [K3S] [dispatcher.go:214] "Unhandled Error" err="failed calling webhook \"prometheusrulemutate.monitoring.coreos.com\": failed to call webhook: Post \"https://monitoring-stack-kube-prom-operator.monitoring.svc:443/admission-prometheusrules/mutate?timeout=10s\": no endpoints available for service \"monitoring-stack-kube-prom-operator\""
2025-01-28 20:44:32,146 INFO c.h.h.t.HelmChartContainer - [K3S] [dispatcher.go:210] Failed calling webhook, failing open prometheusrulemutate.monitoring.coreos.com: failed calling webhook "prometheusrulemutate.monitoring.coreos.com": failed to call webhook: Post "https://monitoring-stack-kube-prom-operator.monitoring.svc:443/admission-prometheusrules/mutate?timeout=10s": no endpoints available for service "monitoring-stack-kube-prom-operator"
2025-01-28 20:44:32,147 INFO c.h.h.t.HelmChartContainer - [K3S] [dispatcher.go:214] "Unhandled Error" err="failed calling webhook \"prometheusrulemutate.monitoring.coreos.com\": failed to call webhook: Post \"https://monitoring-stack-kube-prom-operator.monitoring.svc:443/admission-prometheusrules/mutate?timeout=10s\": no endpoints available for service \"monitoring-stack-kube-prom-operator\""
2025-01-28 20:44:32,147 INFO c.h.h.t.HelmChartContainer - [K3S] [dispatcher.go:210] Failed calling webhook, failing open prometheusrulemutate.monitoring.coreos.com: failed calling webhook "prometheusrulemutate.monitoring.coreos.com": failed to call webhook: Post "https://monitoring-stack-kube-prom-operator.monitoring.svc:443/admission-prometheusrules/mutate?timeout=10s": no endpoints available for service "monitoring-stack-kube-prom-operator"
2025-01-28 20:44:32,147 INFO c.h.h.t.HelmChartContainer - [K3S] [dispatcher.go:214] "Unhandled Error" err="failed calling webhook \"prometheusrulemutate.monitoring.coreos.com\": failed to call webhook: Post \"https://monitoring-stack-kube-prom-operator.monitoring.svc:443/admission-prometheusrules/mutate?timeout=10s\": no endpoints available for service \"monitoring-stack-kube-prom-operator\""
2025-01-28 20:44:32,153 INFO c.h.h.t.HelmChartContainer - [K3S] [dispatcher.go:210] Failed calling webhook, failing open prometheusrulemutate.monitoring.coreos.com: failed calling webhook "prometheusrulemutate.monitoring.coreos.com": failed to call webhook: Post "https://monitoring-stack-kube-prom-operator.monitoring.svc:443/admission-prometheusrules/mutate?timeout=10s": no endpoints available for service "monitoring-stack-kube-prom-operator"
2025-01-28 20:44:32,153 INFO c.h.h.t.HelmChartContainer - [K3S] [dispatcher.go:214] "Unhandled Error" err="failed calling webhook \"prometheusrulemutate.monitoring.coreos.com\": failed to call webhook: Post \"https://monitoring-stack-kube-prom-operator.monitoring.svc:443/admission-prometheusrules/mutate?timeout=10s\": no endpoints available for service \"monitoring-stack-kube-prom-operator\""
2025-01-28 20:44:32,157 INFO c.h.h.t.HelmChartContainer - [K3S] [dispatcher.go:210] Failed calling webhook, failing open prometheusrulemutate.monitoring.coreos.com: failed calling webhook "prometheusrulemutate.monitoring.coreos.com": failed to call webhook: Post "https://monitoring-stack-kube-prom-operator.monitoring.svc:443/admission-prometheusrules/mutate?timeout=10s": no endpoints available for service "monitoring-stack-kube-prom-operator"
2025-01-28 20:44:32,158 INFO c.h.h.t.HelmChartContainer - [K3S] [dispatcher.go:214] "Unhandled Error" err="failed calling webhook \"prometheusrulemutate.monitoring.coreos.com\": failed to call webhook: Post \"https://monitoring-stack-kube-prom-operator.monitoring.svc:443/admission-prometheusrules/mutate?timeout=10s\": no endpoints available for service \"monitoring-stack-kube-prom-operator\""
2025-01-28 20:44:32,160 INFO c.h.h.t.HelmChartContainer - [K3S] [dispatcher.go:210] Failed calling webhook, failing open prometheusrulemutate.monitoring.coreos.com: failed calling webhook "prometheusrulemutate.monitoring.coreos.com": failed to call webhook: Post "https://monitoring-stack-kube-prom-operator.monitoring.svc:443/admission-prometheusrules/mutate?timeout=10s": no endpoints available for service "monitoring-stack-kube-prom-operator"
2025-01-28 20:44:32,160 INFO c.h.h.t.HelmChartContainer - [K3S] [dispatcher.go:214] "Unhandled Error" err="failed calling webhook \"prometheusrulemutate.monitoring.coreos.com\": failed to call webhook: Post \"https://monitoring-stack-kube-prom-operator.monitoring.svc:443/admission-prometheusrules/mutate?timeout=10s\": no endpoints available for service \"monitoring-stack-kube-prom-operator\""
2025-01-28 20:44:32,161 INFO c.h.h.t.HelmChartContainer - [K3S] [dispatcher.go:210] Failed calling webhook, failing open prometheusrulemutate.monitoring.coreos.com: failed calling webhook "prometheusrulemutate.monitoring.coreos.com": failed to call webhook: Post "https://monitoring-stack-kube-prom-operator.monitoring.svc:443/admission-prometheusrules/mutate?timeout=10s": no endpoints available for service "monitoring-stack-kube-prom-operator"
2025-01-28 20:44:32,161 INFO c.h.h.t.HelmChartContainer - [K3S] [dispatcher.go:214] "Unhandled Error" err="failed calling webhook \"prometheusrulemutate.monitoring.coreos.com\": failed to call webhook: Post \"https://monitoring-stack-kube-prom-operator.monitoring.svc:443/admission-prometheusrules/mutate?timeout=10s\": no endpoints available for service \"monitoring-stack-kube-prom-operator\""
2025-01-28 20:44:32,175 INFO c.h.h.t.HelmChartContainer - [K3S] [dispatcher.go:210] Failed calling webhook, failing open prometheusrulemutate.monitoring.coreos.com: failed calling webhook "prometheusrulemutate.monitoring.coreos.com": failed to call webhook: Post "https://monitoring-stack-kube-prom-operator.monitoring.svc:443/admission-prometheusrules/mutate?timeout=10s": no endpoints available for service "monitoring-stack-kube-prom-operator"
2025-01-28 20:44:32,175 INFO c.h.h.t.HelmChartContainer - [K3S] [dispatcher.go:214] "Unhandled Error" err="failed calling webhook \"prometheusrulemutate.monitoring.coreos.com\": failed to call webhook: Post \"https://monitoring-stack-kube-prom-operator.monitoring.svc:443/admission-prometheusrules/mutate?timeout=10s\": no endpoints available for service \"monitoring-stack-kube-prom-operator\""
2025-01-28 20:44:32,182 INFO c.h.h.t.HelmChartContainer - [K3S] [dispatcher.go:210] Failed calling webhook, failing open prometheusrulemutate.monitoring.coreos.com: failed calling webhook "prometheusrulemutate.monitoring.coreos.com": failed to call webhook: Post "https://monitoring-stack-kube-prom-operator.monitoring.svc:443/admission-prometheusrules/mutate?timeout=10s": no endpoints available for service "monitoring-stack-kube-prom-operator"
2025-01-28 20:44:32,182 INFO c.h.h.t.HelmChartContainer - [K3S] [dispatcher.go:214] "Unhandled Error" err="failed calling webhook \"prometheusrulemutate.monitoring.coreos.com\": failed to call webhook: Post \"https://monitoring-stack-kube-prom-operator.monitoring.svc:443/admission-prometheusrules/mutate?timeout=10s\": no endpoints available for service \"monitoring-stack-kube-prom-operator\""
2025-01-28 20:44:32,207 INFO c.h.h.t.HelmChartContainer - [K3S] [replica_set.go:679] "Finished syncing" kind="ReplicaSet" key="monitoring/monitoring-stack-kube-prom-operator-6f4fc4bc65" duration="177.512239ms"
2025-01-28 20:44:32,207 INFO c.h.h.t.HelmChartContainer - [K3S] [replica_set.go:679] "Finished syncing" kind="ReplicaSet" key="monitoring/monitoring-stack-kube-prom-operator-6f4fc4bc65" duration="98.816µs"
2025-01-28 20:44:32,235 INFO c.h.h.t.HelmChartContainer - [K3S] [replica_set.go:679] "Finished syncing" kind="ReplicaSet" key="monitoring/monitoring-stack-kube-state-metrics-5bf5c7b54d" duration="172.261791ms"
2025-01-28 20:44:32,238 INFO c.h.h.t.HelmChartContainer - [POD] monitoring-stack-prometheus-node-exporter-qj6qt [035d2d7e-170a-4ebd-bd18-936c2ba2e578] in monitoring was MODIFIED
2025-01-28 20:44:32,297 INFO c.h.h.t.HelmChartContainer - [K3S] [replica_set.go:679] "Finished syncing" kind="ReplicaSet" key="monitoring/monitoring-stack-grafana-64c55fb967" duration="170.550011ms"
2025-01-28 20:44:32,301 INFO c.h.h.t.HelmChartContainer - [K3S] [kubelet_volumes.go:163] "Cleaned up orphaned pod volumes dir" podUID="a84c0e40-5732-4854-b4f7-5aa5ebf6b7a2" path="/var/lib/kubelet/pods/a84c0e40-5732-4854-b4f7-5aa5ebf6b7a2/volumes"
2025-01-28 20:44:32,319 INFO c.h.h.t.HelmChartContainer - [POD] monitoring-stack-kube-prom-operator-6f4fc4bc65-4gglm [3bff6f05-5c4d-4e9b-9dc6-44328c251cc1] in monitoring was MODIFIED
2025-01-28 20:44:32,329 INFO c.h.h.t.HelmChartContainer - [K3S] [replica_set.go:679] "Finished syncing" kind="ReplicaSet" key="monitoring/monitoring-stack-kube-prom-operator-6f4fc4bc65" duration="141.105µs"
2025-01-28 20:44:32,334 INFO c.h.h.t.HelmChartContainer - [K3S] [replica_set.go:679] "Finished syncing" kind="ReplicaSet" key="monitoring/monitoring-stack-kube-state-metrics-5bf5c7b54d" duration="99.228457ms"
2025-01-28 20:44:32,335 INFO c.h.h.t.HelmChartContainer - [K3S] [replica_set.go:679] "Finished syncing" kind="ReplicaSet" key="monitoring/monitoring-stack-kube-state-metrics-5bf5c7b54d" duration="91.932µs"
2025-01-28 20:44:32,337 INFO c.h.h.t.HelmChartContainer - [K3S] [reconciler_common.go:251] "operationExecutor.VerifyControllerAttachedVolume started for volume \"config\" (UniqueName: \"kubernetes.io/configmap/ce20d58f-8299-471c-b11d-e4d98102d049-config\") pod \"monitoring-stack-grafana-64c55fb967-9bhgv\" (UID: \"ce20d58f-8299-471c-b11d-e4d98102d049\") " pod="monitoring/monitoring-stack-grafana-64c55fb967-9bhgv"
2025-01-28 20:44:32,337 INFO c.h.h.t.HelmChartContainer - [K3S] [reconciler_common.go:251] "operationExecutor.VerifyControllerAttachedVolume started for volume \"tls-secret\" (UniqueName: \"kubernetes.io/secret/3bff6f05-5c4d-4e9b-9dc6-44328c251cc1-tls-secret\") pod \"monitoring-stack-kube-prom-operator-6f4fc4bc65-4gglm\" (UID: \"3bff6f05-5c4d-4e9b-9dc6-44328c251cc1\") " pod="monitoring/monitoring-stack-kube-prom-operator-6f4fc4bc65-4gglm"
2025-01-28 20:44:32,337 INFO c.h.h.t.HelmChartContainer - [K3S] [reconciler_common.go:251] "operationExecutor.VerifyControllerAttachedVolume started for volume \"sys\" (UniqueName: \"kubernetes.io/host-path/035d2d7e-170a-4ebd-bd18-936c2ba2e578-sys\") pod \"monitoring-stack-prometheus-node-exporter-qj6qt\" (UID: \"035d2d7e-170a-4ebd-bd18-936c2ba2e578\") " pod="monitoring/monitoring-stack-prometheus-node-exporter-qj6qt"
2025-01-28 20:44:32,339 INFO c.h.h.t.HelmChartContainer - [K3S] [reconciler_common.go:251] "operationExecutor.VerifyControllerAttachedVolume started for volume \"kube-api-access-mppb8\" (UniqueName: \"kubernetes.io/projected/ce20d58f-8299-471c-b11d-e4d98102d049-kube-api-access-mppb8\") pod \"monitoring-stack-grafana-64c55fb967-9bhgv\" (UID: \"ce20d58f-8299-471c-b11d-e4d98102d049\") " pod="monitoring/monitoring-stack-grafana-64c55fb967-9bhgv"
2025-01-28 20:44:32,339 INFO c.h.h.t.HelmChartContainer - [K3S] [reconciler_common.go:251] "operationExecutor.VerifyControllerAttachedVolume started for volume \"kube-api-access-46k7d\" (UniqueName: \"kubernetes.io/projected/ec9ee3a1-99ef-4442-8567-7c8272688999-kube-api-access-46k7d\") pod \"monitoring-stack-kube-state-metrics-5bf5c7b54d-t5ckx\" (UID: \"ec9ee3a1-99ef-4442-8567-7c8272688999\") " pod="monitoring/monitoring-stack-kube-state-metrics-5bf5c7b54d-t5ckx"
2025-01-28 20:44:32,339 INFO c.h.h.t.HelmChartContainer - [K3S] [reconciler_common.go:251] "operationExecutor.VerifyControllerAttachedVolume started for volume \"proc\" (UniqueName: \"kubernetes.io/host-path/035d2d7e-170a-4ebd-bd18-936c2ba2e578-proc\") pod \"monitoring-stack-prometheus-node-exporter-qj6qt\" (UID: \"035d2d7e-170a-4ebd-bd18-936c2ba2e578\") " pod="monitoring/monitoring-stack-prometheus-node-exporter-qj6qt"
2025-01-28 20:44:32,339 INFO c.h.h.t.HelmChartContainer - [K3S] [reconciler_common.go:251] "operationExecutor.VerifyControllerAttachedVolume started for volume \"storage\" (UniqueName: \"kubernetes.io/empty-dir/ce20d58f-8299-471c-b11d-e4d98102d049-storage\") pod \"monitoring-stack-grafana-64c55fb967-9bhgv\" (UID: \"ce20d58f-8299-471c-b11d-e4d98102d049\") " pod="monitoring/monitoring-stack-grafana-64c55fb967-9bhgv"
2025-01-28 20:44:32,339 INFO c.h.h.t.HelmChartContainer - [K3S] [reconciler_common.go:251] "operationExecutor.VerifyControllerAttachedVolume started for volume \"sc-dashboard-volume\" (UniqueName: \"kubernetes.io/empty-dir/ce20d58f-8299-471c-b11d-e4d98102d049-sc-dashboard-volume\") pod \"monitoring-stack-grafana-64c55fb967-9bhgv\" (UID: \"ce20d58f-8299-471c-b11d-e4d98102d049\") " pod="monitoring/monitoring-stack-grafana-64c55fb967-9bhgv"
2025-01-28 20:44:32,339 INFO c.h.h.t.HelmChartContainer - [K3S] [reconciler_common.go:251] "operationExecutor.VerifyControllerAttachedVolume started for volume \"sc-dashboard-provider\" (UniqueName: \"kubernetes.io/configmap/ce20d58f-8299-471c-b11d-e4d98102d049-sc-dashboard-provider\") pod \"monitoring-stack-grafana-64c55fb967-9bhgv\" (UID: \"ce20d58f-8299-471c-b11d-e4d98102d049\") " pod="monitoring/monitoring-stack-grafana-64c55fb967-9bhgv"
2025-01-28 20:44:32,339 INFO c.h.h.t.HelmChartContainer - [K3S] [reconciler_common.go:251] "operationExecutor.VerifyControllerAttachedVolume started for volume \"sc-datasources-volume\" (UniqueName: \"kubernetes.io/empty-dir/ce20d58f-8299-471c-b11d-e4d98102d049-sc-datasources-volume\") pod \"monitoring-stack-grafana-64c55fb967-9bhgv\" (UID: \"ce20d58f-8299-471c-b11d-e4d98102d049\") " pod="monitoring/monitoring-stack-grafana-64c55fb967-9bhgv"
2025-01-28 20:44:32,339 INFO c.h.h.t.HelmChartContainer - [K3S] [reconciler_common.go:251] "operationExecutor.VerifyControllerAttachedVolume started for volume \"kube-api-access-bgpd5\" (UniqueName: \"kubernetes.io/projected/3bff6f05-5c4d-4e9b-9dc6-44328c251cc1-kube-api-access-bgpd5\") pod \"monitoring-stack-kube-prom-operator-6f4fc4bc65-4gglm\" (UID: \"3bff6f05-5c4d-4e9b-9dc6-44328c251cc1\") " pod="monitoring/monitoring-stack-kube-prom-operator-6f4fc4bc65-4gglm"
2025-01-28 20:44:32,342 INFO c.h.h.t.HelmChartContainer - [K3S] [replica_set.go:679] "Finished syncing" kind="ReplicaSet" key="monitoring/monitoring-stack-grafana-64c55fb967" duration="44.335457ms"
2025-01-28 20:44:32,342 INFO c.h.h.t.HelmChartContainer - [K3S] [replica_set.go:679] "Finished syncing" kind="ReplicaSet" key="monitoring/monitoring-stack-grafana-64c55fb967" duration="49.783µs"
2025-01-28 20:44:32,342 INFO c.h.h.t.HelmChartContainer - [POD] monitoring-stack-grafana-64c55fb967-9bhgv [ce20d58f-8299-471c-b11d-e4d98102d049] in monitoring was MODIFIED
2025-01-28 20:44:32,718 INFO c.h.h.t.HelmChartContainer - [EVENT] Normal [Pulling] Pulling image "quay.io/prometheus/node-exporter:v1.8.2" [monitoring:monitoring-stack-prometheus-node-exporter-qj6qt]
2025-01-28 20:44:33,046 INFO c.h.h.t.HelmChartContainer - [EVENT] Normal [Pulling] Pulling image "registry.k8s.io/kube-state-metrics/kube-state-metrics:v2.14.0" [monitoring:monitoring-stack-kube-state-metrics-5bf5c7b54d-t5ckx]
2025-01-28 20:44:33,077 INFO c.h.h.t.HelmChartContainer - [EVENT] Normal [Pulling] Pulling image "quay.io/prometheus-operator/prometheus-operator:v0.79.2" [monitoring:monitoring-stack-kube-prom-operator-6f4fc4bc65-4gglm]
2025-01-28 20:44:33,095 INFO c.h.h.t.HelmChartContainer - [EVENT] Normal [Pulling] Pulling image "quay.io/kiwigrid/k8s-sidecar:1.28.0" [monitoring:monitoring-stack-grafana-64c55fb967-9bhgv]
2025-01-28 20:44:33,725 INFO c.h.h.t.HelmChartContainer - [EVENT] Normal [Pulled] Successfully pulled image "quay.io/prometheus/node-exporter:v1.8.2" in 1.007s (1.007s including waiting). Image size: 12041464 bytes. [monitoring:monitoring-stack-prometheus-node-exporter-qj6qt]
2025-01-28 20:44:33,733 INFO c.h.h.t.HelmChartContainer - [EVENT] Normal [Created] Created container: node-exporter [monitoring:monitoring-stack-prometheus-node-exporter-qj6qt]
2025-01-28 20:44:33,772 INFO c.h.h.t.HelmChartContainer - [EVENT] Normal [Started] Started container node-exporter [monitoring:monitoring-stack-prometheus-node-exporter-qj6qt]
2025-01-28 20:44:34,487 INFO c.h.h.t.HelmChartContainer - [EVENT] Normal [Pulled] Successfully pulled image "registry.k8s.io/kube-state-metrics/kube-state-metrics:v2.14.0" in 1.44s (1.44s including waiting). Image size: 15427061 bytes. [monitoring:monitoring-stack-kube-state-metrics-5bf5c7b54d-t5ckx]
2025-01-28 20:44:34,499 INFO c.h.h.t.HelmChartContainer - [EVENT] Normal [Created] Created container: kube-state-metrics [monitoring:monitoring-stack-kube-state-metrics-5bf5c7b54d-t5ckx]
2025-01-28 20:44:34,528 INFO c.h.h.t.HelmChartContainer - [EVENT] Normal [Pulled] Successfully pulled image "quay.io/prometheus-operator/prometheus-operator:v0.79.2" in 1.45s (1.45s including waiting). Image size: 19140913 bytes. [monitoring:monitoring-stack-kube-prom-operator-6f4fc4bc65-4gglm]
2025-01-28 20:44:34,536 INFO c.h.h.t.HelmChartContainer - [EVENT] Normal [Created] Created container: kube-prometheus-stack [monitoring:monitoring-stack-kube-prom-operator-6f4fc4bc65-4gglm]
2025-01-28 20:44:34,570 INFO c.h.h.t.HelmChartContainer - [EVENT] Normal [Started] Started container kube-state-metrics [monitoring:monitoring-stack-kube-state-metrics-5bf5c7b54d-t5ckx]
2025-01-28 20:44:34,625 INFO c.h.h.t.HelmChartContainer - [EVENT] Normal [Started] Started container kube-prometheus-stack [monitoring:monitoring-stack-kube-prom-operator-6f4fc4bc65-4gglm]
2025-01-28 20:44:34,764 INFO c.h.h.t.HelmChartContainer - [K3S] [replica_set.go:679] "Finished syncing" kind="ReplicaSet" key="monitoring/monitoring-stack-kube-state-metrics-5bf5c7b54d" duration="43.081µs"
2025-01-28 20:44:34,762 INFO c.h.h.t.HelmChartContainer - [POD] monitoring-stack-kube-state-metrics-5bf5c7b54d-t5ckx [ec9ee3a1-99ef-4442-8567-7c8272688999] in monitoring was MODIFIED
2025-01-28 20:44:34,799 INFO c.h.h.t.HelmChartContainer - [POD] monitoring-stack-prometheus-node-exporter-qj6qt [035d2d7e-170a-4ebd-bd18-936c2ba2e578] in monitoring was MODIFIED
2025-01-28 20:44:34,819 INFO c.h.h.t.HelmChartContainer - [POD] monitoring-stack-prometheus-node-exporter-qj6qt [035d2d7e-170a-4ebd-bd18-936c2ba2e578] in monitoring was MODIFIED
2025-01-28 20:44:34,838 INFO c.h.h.t.HelmChartContainer - [POD] monitoring-stack-kube-prom-operator-6f4fc4bc65-4gglm [3bff6f05-5c4d-4e9b-9dc6-44328c251cc1] in monitoring was MODIFIED
2025-01-28 20:44:34,849 INFO c.h.h.t.HelmChartContainer - [K3S] [replica_set.go:679] "Finished syncing" kind="ReplicaSet" key="monitoring/monitoring-stack-kube-prom-operator-6f4fc4bc65" duration="9.874683ms"
2025-01-28 20:44:34,852 INFO c.h.h.t.HelmChartContainer - [K3S] [replica_set.go:679] "Finished syncing" kind="ReplicaSet" key="monitoring/monitoring-stack-kube-prom-operator-6f4fc4bc65" duration="68.608µs"
2025-01-28 20:44:34,991 INFO c.h.h.t.HelmChartContainer - [POD] alertmanager-monitoring-stack-kube-prom-alertmanager-0 [99ae83db-9ef2-48f6-a891-5ec02a208c53] in monitoring was ADDED
2025-01-28 20:44:34,997 INFO c.h.h.t.HelmChartContainer - [EVENT] Normal [SuccessfulCreate] create Pod alertmanager-monitoring-stack-kube-prom-alertmanager-0 in StatefulSet alertmanager-monitoring-stack-kube-prom-alertmanager successful [monitoring:alertmanager-monitoring-stack-kube-prom-alertmanager]
2025-01-28 20:44:35,005 INFO c.h.h.t.HelmChartContainer - [POD] alertmanager-monitoring-stack-kube-prom-alertmanager-0 [99ae83db-9ef2-48f6-a891-5ec02a208c53] in monitoring was MODIFIED
2025-01-28 20:44:35,010 INFO c.h.h.t.HelmChartContainer - [EVENT] Normal [Scheduled] Successfully assigned monitoring/alertmanager-monitoring-stack-kube-prom-alertmanager-0 to 8e458440c762 [monitoring:alertmanager-monitoring-stack-kube-prom-alertmanager-0]
2025-01-28 20:44:35,046 INFO c.h.h.t.HelmChartContainer - [POD] alertmanager-monitoring-stack-kube-prom-alertmanager-0 [99ae83db-9ef2-48f6-a891-5ec02a208c53] in monitoring was MODIFIED
2025-01-28 20:44:35,056 INFO c.h.h.t.HelmChartContainer - [K3S] [reconciler_common.go:251] "operationExecutor.VerifyControllerAttachedVolume started for volume \"web-config\" (UniqueName: \"kubernetes.io/secret/99ae83db-9ef2-48f6-a891-5ec02a208c53-web-config\") pod \"alertmanager-monitoring-stack-kube-prom-alertmanager-0\" (UID: \"99ae83db-9ef2-48f6-a891-5ec02a208c53\") " pod="monitoring/alertmanager-monitoring-stack-kube-prom-alertmanager-0"
2025-01-28 20:44:35,056 INFO c.h.h.t.HelmChartContainer - [K3S] [reconciler_common.go:251] "operationExecutor.VerifyControllerAttachedVolume started for volume \"alertmanager-monitoring-stack-kube-prom-alertmanager-db\" (UniqueName: \"kubernetes.io/empty-dir/99ae83db-9ef2-48f6-a891-5ec02a208c53-alertmanager-monitoring-stack-kube-prom-alertmanager-db\") pod \"alertmanager-monitoring-stack-kube-prom-alertmanager-0\" (UID: \"99ae83db-9ef2-48f6-a891-5ec02a208c53\") " pod="monitoring/alertmanager-monitoring-stack-kube-prom-alertmanager-0"
2025-01-28 20:44:35,061 INFO c.h.h.t.HelmChartContainer - [K3S] [reconciler_common.go:251] "operationExecutor.VerifyControllerAttachedVolume started for volume \"config-volume\" (UniqueName: \"kubernetes.io/secret/99ae83db-9ef2-48f6-a891-5ec02a208c53-config-volume\") pod \"alertmanager-monitoring-stack-kube-prom-alertmanager-0\" (UID: \"99ae83db-9ef2-48f6-a891-5ec02a208c53\") " pod="monitoring/alertmanager-monitoring-stack-kube-prom-alertmanager-0"
2025-01-28 20:44:35,061 INFO c.h.h.t.HelmChartContainer - [K3S] [reconciler_common.go:251] "operationExecutor.VerifyControllerAttachedVolume started for volume \"config-out\" (UniqueName: \"kubernetes.io/empty-dir/99ae83db-9ef2-48f6-a891-5ec02a208c53-config-out\") pod \"alertmanager-monitoring-stack-kube-prom-alertmanager-0\" (UID: \"99ae83db-9ef2-48f6-a891-5ec02a208c53\") " pod="monitoring/alertmanager-monitoring-stack-kube-prom-alertmanager-0"
2025-01-28 20:44:35,061 INFO c.h.h.t.HelmChartContainer - [K3S] [reconciler_common.go:251] "operationExecutor.VerifyControllerAttachedVolume started for volume \"tls-assets\" (UniqueName: \"kubernetes.io/projected/99ae83db-9ef2-48f6-a891-5ec02a208c53-tls-assets\") pod \"alertmanager-monitoring-stack-kube-prom-alertmanager-0\" (UID: \"99ae83db-9ef2-48f6-a891-5ec02a208c53\") " pod="monitoring/alertmanager-monitoring-stack-kube-prom-alertmanager-0"
2025-01-28 20:44:35,061 INFO c.h.h.t.HelmChartContainer - [K3S] [reconciler_common.go:251] "operationExecutor.VerifyControllerAttachedVolume started for volume \"kube-api-access-zfplm\" (UniqueName: \"kubernetes.io/projected/99ae83db-9ef2-48f6-a891-5ec02a208c53-kube-api-access-zfplm\") pod \"alertmanager-monitoring-stack-kube-prom-alertmanager-0\" (UID: \"99ae83db-9ef2-48f6-a891-5ec02a208c53\") " pod="monitoring/alertmanager-monitoring-stack-kube-prom-alertmanager-0"
2025-01-28 20:44:35,239 INFO c.h.h.t.HelmChartContainer - [POD] prometheus-monitoring-stack-kube-prom-prometheus-0 [d5e4ba9c-0659-430e-a360-7804afd5547f] in monitoring was ADDED
2025-01-28 20:44:35,246 INFO c.h.h.t.HelmChartContainer - [EVENT] Normal [SuccessfulCreate] create Pod prometheus-monitoring-stack-kube-prom-prometheus-0 in StatefulSet prometheus-monitoring-stack-kube-prom-prometheus successful [monitoring:prometheus-monitoring-stack-kube-prom-prometheus]
2025-01-28 20:44:35,251 INFO c.h.h.t.HelmChartContainer - [POD] prometheus-monitoring-stack-kube-prom-prometheus-0 [d5e4ba9c-0659-430e-a360-7804afd5547f] in monitoring was MODIFIED
2025-01-28 20:44:35,268 INFO c.h.h.t.HelmChartContainer - [EVENT] Normal [Scheduled] Successfully assigned monitoring/prometheus-monitoring-stack-kube-prom-prometheus-0 to 8e458440c762 [monitoring:prometheus-monitoring-stack-kube-prom-prometheus-0]
2025-01-28 20:44:35,268 INFO c.h.h.t.HelmChartContainer - [K3S] [reflector.go:569] object-"monitoring"/"prometheus-monitoring-stack-kube-prom-prometheus-rulefiles-0": failed to list *v1.ConfigMap: configmaps "prometheus-monitoring-stack-kube-prom-prometheus-rulefiles-0" is forbidden: User "system:node:8e458440c762" cannot list resource "configmaps" in API group "" in the namespace "monitoring": no relationship found between node '8e458440c762' and this object
2025-01-28 20:44:35,269 INFO c.h.h.t.HelmChartContainer - [K3S] [reflector.go:166] "Unhandled Error" err="object-\"monitoring\"/\"prometheus-monitoring-stack-kube-prom-prometheus-rulefiles-0\": Failed to watch *v1.ConfigMap: failed to list *v1.ConfigMap: configmaps \"prometheus-monitoring-stack-kube-prom-prometheus-rulefiles-0\" is forbidden: User \"system:node:8e458440c762\" cannot list resource \"configmaps\" in API group \"\" in the namespace \"monitoring\": no relationship found between node '8e458440c762' and this object"
2025-01-28 20:44:35,269 INFO c.h.h.t.HelmChartContainer - [K3S] [status_manager.go:890] "Failed to get status for pod" podUID="d5e4ba9c-0659-430e-a360-7804afd5547f" pod="monitoring/prometheus-monitoring-stack-kube-prom-prometheus-0" err="pods \"prometheus-monitoring-stack-kube-prom-prometheus-0\" is forbidden: User \"system:node:8e458440c762\" cannot get resource \"pods\" in API group \"\" in the namespace \"monitoring\": no relationship found between node '8e458440c762' and this object"
2025-01-28 20:44:35,278 INFO c.h.h.t.HelmChartContainer - [K3S] [reconciler_common.go:251] "operationExecutor.VerifyControllerAttachedVolume started for volume \"web-config\" (UniqueName: \"kubernetes.io/secret/d5e4ba9c-0659-430e-a360-7804afd5547f-web-config\") pod \"prometheus-monitoring-stack-kube-prom-prometheus-0\" (UID: \"d5e4ba9c-0659-430e-a360-7804afd5547f\") " pod="monitoring/prometheus-monitoring-stack-kube-prom-prometheus-0"
2025-01-28 20:44:35,278 INFO c.h.h.t.HelmChartContainer - [K3S] [reconciler_common.go:251] "operationExecutor.VerifyControllerAttachedVolume started for volume \"config\" (UniqueName: \"kubernetes.io/secret/d5e4ba9c-0659-430e-a360-7804afd5547f-config\") pod \"prometheus-monitoring-stack-kube-prom-prometheus-0\" (UID: \"d5e4ba9c-0659-430e-a360-7804afd5547f\") " pod="monitoring/prometheus-monitoring-stack-kube-prom-prometheus-0"
2025-01-28 20:44:35,278 INFO c.h.h.t.HelmChartContainer - [K3S] [reconciler_common.go:251] "operationExecutor.VerifyControllerAttachedVolume started for volume \"tls-assets\" (UniqueName: \"kubernetes.io/projected/d5e4ba9c-0659-430e-a360-7804afd5547f-tls-assets\") pod \"prometheus-monitoring-stack-kube-prom-prometheus-0\" (UID: \"d5e4ba9c-0659-430e-a360-7804afd5547f\") " pod="monitoring/prometheus-monitoring-stack-kube-prom-prometheus-0"
2025-01-28 20:44:35,278 INFO c.h.h.t.HelmChartContainer - [K3S] [reconciler_common.go:251] "operationExecutor.VerifyControllerAttachedVolume started for volume \"config-out\" (UniqueName: \"kubernetes.io/empty-dir/d5e4ba9c-0659-430e-a360-7804afd5547f-config-out\") pod \"prometheus-monitoring-stack-kube-prom-prometheus-0\" (UID: \"d5e4ba9c-0659-430e-a360-7804afd5547f\") " pod="monitoring/prometheus-monitoring-stack-kube-prom-prometheus-0"
2025-01-28 20:44:35,278 INFO c.h.h.t.HelmChartContainer - [K3S] [reconciler_common.go:251] "operationExecutor.VerifyControllerAttachedVolume started for volume \"prometheus-monitoring-stack-kube-prom-prometheus-rulefiles-0\" (UniqueName: \"kubernetes.io/configmap/d5e4ba9c-0659-430e-a360-7804afd5547f-prometheus-monitoring-stack-kube-prom-prometheus-rulefiles-0\") pod \"prometheus-monitoring-stack-kube-prom-prometheus-0\" (UID: \"d5e4ba9c-0659-430e-a360-7804afd5547f\") " pod="monitoring/prometheus-monitoring-stack-kube-prom-prometheus-0"
2025-01-28 20:44:35,278 INFO c.h.h.t.HelmChartContainer - [K3S] [reconciler_common.go:251] "operationExecutor.VerifyControllerAttachedVolume started for volume \"prometheus-monitoring-stack-kube-prom-prometheus-db\" (UniqueName: \"kubernetes.io/empty-dir/d5e4ba9c-0659-430e-a360-7804afd5547f-prometheus-monitoring-stack-kube-prom-prometheus-db\") pod \"prometheus-monitoring-stack-kube-prom-prometheus-0\" (UID: \"d5e4ba9c-0659-430e-a360-7804afd5547f\") " pod="monitoring/prometheus-monitoring-stack-kube-prom-prometheus-0"
2025-01-28 20:44:35,278 INFO c.h.h.t.HelmChartContainer - [K3S] [reconciler_common.go:251] "operationExecutor.VerifyControllerAttachedVolume started for volume \"kube-api-access-csjqr\" (UniqueName: \"kubernetes.io/projected/d5e4ba9c-0659-430e-a360-7804afd5547f-kube-api-access-csjqr\") pod \"prometheus-monitoring-stack-kube-prom-prometheus-0\" (UID: \"d5e4ba9c-0659-430e-a360-7804afd5547f\") " pod="monitoring/prometheus-monitoring-stack-kube-prom-prometheus-0"
2025-01-28 20:44:35,372 INFO c.h.h.t.HelmChartContainer - [K3S] [range_allocator.go:247] "Successfully synced" key="8e458440c762"
2025-01-28 20:44:35,553 INFO c.h.h.t.HelmChartContainer - [EVENT] Normal [Pulling] Pulling image "quay.io/prometheus-operator/prometheus-config-reloader:v0.79.2" [monitoring:alertmanager-monitoring-stack-kube-prom-alertmanager-0]
2025-01-28 20:44:35,563 INFO c.h.h.t.HelmChartContainer - [EVENT] Normal [Pulled] Successfully pulled image "quay.io/kiwigrid/k8s-sidecar:1.28.0" in 2.466s (2.466s including waiting). Image size: 23059632 bytes. [monitoring:monitoring-stack-grafana-64c55fb967-9bhgv]
2025-01-28 20:44:35,574 INFO c.h.h.t.HelmChartContainer - [EVENT] Normal [Created] Created container: grafana-sc-dashboard [monitoring:monitoring-stack-grafana-64c55fb967-9bhgv]
2025-01-28 20:44:35,654 INFO c.h.h.t.HelmChartContainer - [EVENT] Normal [Started] Started container grafana-sc-dashboard [monitoring:monitoring-stack-grafana-64c55fb967-9bhgv]
2025-01-28 20:44:35,659 INFO c.h.h.t.HelmChartContainer - [EVENT] Normal [Pulled] Container image "quay.io/kiwigrid/k8s-sidecar:1.28.0" already present on machine [monitoring:monitoring-stack-grafana-64c55fb967-9bhgv]
2025-01-28 20:44:35,676 INFO c.h.h.t.HelmChartContainer - [EVENT] Normal [Created] Created container: grafana-sc-datasources [monitoring:monitoring-stack-grafana-64c55fb967-9bhgv]
2025-01-28 20:44:35,760 INFO c.h.h.t.HelmChartContainer - [EVENT] Normal [Started] Started container grafana-sc-datasources [monitoring:monitoring-stack-grafana-64c55fb967-9bhgv]
2025-01-28 20:44:35,762 INFO c.h.h.t.HelmChartContainer - [EVENT] Normal [Pulling] Pulling image "docker.io/grafana/grafana:11.4.0" [monitoring:monitoring-stack-grafana-64c55fb967-9bhgv]
2025-01-28 20:44:36,789 INFO c.h.h.t.HelmChartContainer - [EVENT] Normal [Pulling] Pulling image "quay.io/prometheus-operator/prometheus-config-reloader:v0.79.2" [monitoring:prometheus-monitoring-stack-kube-prom-prometheus-0]
2025-01-28 20:44:37,981 INFO c.h.h.t.HelmChartContainer - [EVENT] Normal [Pulled] Successfully pulled image "quay.io/prometheus-operator/prometheus-config-reloader:v0.79.2" in 2.417s (2.417s including waiting). Image size: 14945849 bytes. [monitoring:alertmanager-monitoring-stack-kube-prom-alertmanager-0]
2025-01-28 20:44:37,982 INFO c.h.h.t.HelmChartContainer - [EVENT] Normal [Pulled] Successfully pulled image "quay.io/prometheus-operator/prometheus-config-reloader:v0.79.2" in 1.187s (1.188s including waiting). Image size: 14945849 bytes. [monitoring:prometheus-monitoring-stack-kube-prom-prometheus-0]
2025-01-28 20:44:38,003 INFO c.h.h.t.HelmChartContainer - [EVENT] Normal [Created] Created container: init-config-reloader [monitoring:prometheus-monitoring-stack-kube-prom-prometheus-0]
2025-01-28 20:44:38,015 INFO c.h.h.t.HelmChartContainer - [EVENT] Normal [Created] Created container: init-config-reloader [monitoring:alertmanager-monitoring-stack-kube-prom-alertmanager-0]
2025-01-28 20:44:38,177 INFO c.h.h.t.HelmChartContainer - [EVENT] Normal [Started] Started container init-config-reloader [monitoring:alertmanager-monitoring-stack-kube-prom-alertmanager-0]
2025-01-28 20:44:38,220 INFO c.h.h.t.HelmChartContainer - [EVENT] Normal [Started] Started container init-config-reloader [monitoring:prometheus-monitoring-stack-kube-prom-prometheus-0]
2025-01-28 20:44:38,832 INFO c.h.h.t.HelmChartContainer - [POD] prometheus-monitoring-stack-kube-prom-prometheus-0 [d5e4ba9c-0659-430e-a360-7804afd5547f] in monitoring was MODIFIED
2025-01-28 20:44:38,866 INFO c.h.h.t.HelmChartContainer - [POD] alertmanager-monitoring-stack-kube-prom-alertmanager-0 [99ae83db-9ef2-48f6-a891-5ec02a208c53] in monitoring was MODIFIED
2025-01-28 20:44:38,949 INFO c.h.h.t.HelmChartContainer - [POD] prometheus-monitoring-stack-kube-prom-prometheus-0 [d5e4ba9c-0659-430e-a360-7804afd5547f] in monitoring was MODIFIED
2025-01-28 20:44:39,802 INFO c.h.h.t.HelmChartContainer - [EVENT] Normal [Pulling] Pulling image "quay.io/prometheus/alertmanager:v0.28.0" [monitoring:alertmanager-monitoring-stack-kube-prom-alertmanager-0]
2025-01-28 20:44:39,806 INFO c.h.h.t.HelmChartContainer - [EVENT] Normal [Pulling] Pulling image "quay.io/prometheus/prometheus:v3.1.0" [monitoring:prometheus-monitoring-stack-kube-prom-prometheus-0]
2025-01-28 20:44:39,815 INFO c.h.h.t.HelmChartContainer - [POD] alertmanager-monitoring-stack-kube-prom-alertmanager-0 [99ae83db-9ef2-48f6-a891-5ec02a208c53] in monitoring was MODIFIED
2025-01-28 20:44:39,832 INFO c.h.h.t.HelmChartContainer - [POD] prometheus-monitoring-stack-kube-prom-prometheus-0 [d5e4ba9c-0659-430e-a360-7804afd5547f] in monitoring was MODIFIED
2025-01-28 20:44:41,307 INFO c.h.h.t.HelmChartContainer - [EVENT] Normal [Pulled] Successfully pulled image "quay.io/prometheus/alertmanager:v0.28.0" in 1.503s (1.503s including waiting). Image size: 35012199 bytes. [monitoring:alertmanager-monitoring-stack-kube-prom-alertmanager-0]
2025-01-28 20:44:41,319 INFO c.h.h.t.HelmChartContainer - [EVENT] Normal [Created] Created container: alertmanager [monitoring:alertmanager-monitoring-stack-kube-prom-alertmanager-0]
2025-01-28 20:44:41,400 INFO c.h.h.t.HelmChartContainer - [EVENT] Normal [Started] Started container alertmanager [monitoring:alertmanager-monitoring-stack-kube-prom-alertmanager-0]
2025-01-28 20:44:41,403 INFO c.h.h.t.HelmChartContainer - [EVENT] Normal [Pulled] Container image "quay.io/prometheus-operator/prometheus-config-reloader:v0.79.2" already present on machine [monitoring:alertmanager-monitoring-stack-kube-prom-alertmanager-0]
2025-01-28 20:44:41,429 INFO c.h.h.t.HelmChartContainer - [EVENT] Normal [Created] Created container: config-reloader [monitoring:alertmanager-monitoring-stack-kube-prom-alertmanager-0]
2025-01-28 20:44:41,523 INFO c.h.h.t.HelmChartContainer - [EVENT] Normal [Started] Started container config-reloader [monitoring:alertmanager-monitoring-stack-kube-prom-alertmanager-0]
2025-01-28 20:44:41,823 INFO c.h.h.t.HelmChartContainer - [POD] alertmanager-monitoring-stack-kube-prom-alertmanager-0 [99ae83db-9ef2-48f6-a891-5ec02a208c53] in monitoring was MODIFIED
2025-01-28 20:44:42,625 INFO c.h.h.t.HelmChartContainer - [EVENT] Normal [Pulled] Successfully pulled image "docker.io/grafana/grafana:11.4.0" in 6.868s (6.868s including waiting). Image size: 132825227 bytes. [monitoring:monitoring-stack-grafana-64c55fb967-9bhgv]
2025-01-28 20:44:42,636 INFO c.h.h.t.HelmChartContainer - [EVENT] Normal [Created] Created container: grafana [monitoring:monitoring-stack-grafana-64c55fb967-9bhgv]
2025-01-28 20:44:42,649 INFO c.h.h.t.HelmChartContainer - [EVENT] Normal [Pulled] Successfully pulled image "quay.io/prometheus/prometheus:v3.1.0" in 2.845s (2.845s including waiting). Image size: 116764168 bytes. [monitoring:prometheus-monitoring-stack-kube-prom-prometheus-0]
2025-01-28 20:44:42,661 INFO c.h.h.t.HelmChartContainer - [EVENT] Normal [Created] Created container: prometheus [monitoring:prometheus-monitoring-stack-kube-prom-prometheus-0]
2025-01-28 20:44:42,706 INFO c.h.h.t.HelmChartContainer - [EVENT] Normal [Started] Started container grafana [monitoring:monitoring-stack-grafana-64c55fb967-9bhgv]
2025-01-28 20:44:42,723 INFO c.h.h.t.HelmChartContainer - [EVENT] Normal [Started] Started container prometheus [monitoring:prometheus-monitoring-stack-kube-prom-prometheus-0]
2025-01-28 20:44:42,727 INFO c.h.h.t.HelmChartContainer - [EVENT] Normal [Pulled] Container image "quay.io/prometheus-operator/prometheus-config-reloader:v0.79.2" already present on machine [monitoring:prometheus-monitoring-stack-kube-prom-prometheus-0]
2025-01-28 20:44:42,736 INFO c.h.h.t.HelmChartContainer - [EVENT] Normal [Created] Created container: config-reloader [monitoring:prometheus-monitoring-stack-kube-prom-prometheus-0]
2025-01-28 20:44:42,822 INFO c.h.h.t.HelmChartContainer - [EVENT] Normal [Started] Started container config-reloader [monitoring:prometheus-monitoring-stack-kube-prom-prometheus-0]
2025-01-28 20:44:42,825 INFO c.h.h.t.HelmChartContainer - [EVENT] Warning [Unhealthy] Readiness probe failed: Get "http://10.42.0.12:3000/api/health": dial tcp 10.42.0.12:3000: connect: connection refused [monitoring:monitoring-stack-grafana-64c55fb967-9bhgv]
2025-01-28 20:44:42,839 INFO c.h.h.t.HelmChartContainer - [K3S] [replica_set.go:679] "Finished syncing" kind="ReplicaSet" key="monitoring/monitoring-stack-grafana-64c55fb967" duration="58.95µs"
2025-01-28 20:44:42,843 INFO c.h.h.t.HelmChartContainer - [POD] monitoring-stack-grafana-64c55fb967-9bhgv [ce20d58f-8299-471c-b11d-e4d98102d049] in monitoring was MODIFIED
2025-01-28 20:44:43,831 INFO c.h.h.t.HelmChartContainer - [EVENT] Warning [Unhealthy] Readiness probe failed: Get "http://10.42.0.12:3000/api/health": dial tcp 10.42.0.12:3000: connect: connection refused [monitoring:monitoring-stack-grafana-64c55fb967-9bhgv]
2025-01-28 20:44:43,841 INFO c.h.h.t.HelmChartContainer - [POD] prometheus-monitoring-stack-kube-prom-prometheus-0 [d5e4ba9c-0659-430e-a360-7804afd5547f] in monitoring was MODIFIED
2025-01-28 20:44:46,801 INFO c.h.h.t.HelmChartContainer - [POD] monitoring-stack-kube-state-metrics-5bf5c7b54d-t5ckx [ec9ee3a1-99ef-4442-8567-7c8272688999] in monitoring was MODIFIED
2025-01-28 20:44:46,806 INFO c.h.h.t.HelmChartContainer - [K3S] [replica_set.go:679] "Finished syncing" kind="ReplicaSet" key="monitoring/monitoring-stack-kube-state-metrics-5bf5c7b54d" duration="9.267238ms"
2025-01-28 20:44:46,807 INFO c.h.h.t.HelmChartContainer - [K3S] [replica_set.go:679] "Finished syncing" kind="ReplicaSet" key="monitoring/monitoring-stack-kube-state-metrics-5bf5c7b54d" duration="49.723µs"
2025-01-28 20:44:47,836 INFO c.h.h.t.HelmChartContainer - [POD] alertmanager-monitoring-stack-kube-prom-alertmanager-0 [99ae83db-9ef2-48f6-a891-5ec02a208c53] in monitoring was MODIFIED
2025-01-28 20:44:51,469 INFO c.h.h.t.HelmChartContainer - [POD] prometheus-monitoring-stack-kube-prom-prometheus-0 [d5e4ba9c-0659-430e-a360-7804afd5547f] in monitoring was MODIFIED
2025-01-28 20:44:51,849 INFO c.h.h.t.HelmChartContainer - [POD] prometheus-monitoring-stack-kube-prom-prometheus-0 [d5e4ba9c-0659-430e-a360-7804afd5547f] in monitoring was MODIFIED
2025-01-28 20:44:53,838 INFO c.h.h.t.HelmChartContainer - [POD] monitoring-stack-grafana-64c55fb967-9bhgv [ce20d58f-8299-471c-b11d-e4d98102d049] in monitoring was MODIFIED
2025-01-28 20:44:53,844 INFO c.h.h.t.HelmChartContainer - [K3S] [replica_set.go:679] "Finished syncing" kind="ReplicaSet" key="monitoring/monitoring-stack-grafana-64c55fb967" duration="7.34776ms"
2025-01-28 20:44:53,845 INFO c.h.h.t.HelmChartContainer - [K3S] [replica_set.go:679] "Finished syncing" kind="ReplicaSet" key="monitoring/monitoring-stack-grafana-64c55fb967" duration="51.045µs"
2025-01-28 20:44:55,111 INFO c.h.h.t.HelmChartContainer - [K3S] [job_controller.go:598] "enqueueing job" key="monitoring/monitoring-stack-kube-prom-admission-patch" delay="0s"
2025-01-28 20:44:55,116 INFO c.h.h.t.HelmChartContainer - [K3S] [job_controller.go:598] "enqueueing job" key="monitoring/monitoring-stack-kube-prom-admission-patch" delay="1s"
2025-01-28 20:44:55,116 INFO c.h.h.t.HelmChartContainer - [POD] monitoring-stack-kube-prom-admission-patch-4hhqn [84b60e35-bbda-4d95-b6cf-7d31233971a3] in monitoring was ADDED
2025-01-28 20:44:55,119 INFO c.h.h.t.HelmChartContainer - [POD] monitoring-stack-kube-prom-admission-patch-4hhqn [84b60e35-bbda-4d95-b6cf-7d31233971a3] in monitoring was MODIFIED
2025-01-28 20:44:55,122 INFO c.h.h.t.HelmChartContainer - [EVENT] Normal [SuccessfulCreate] Created pod: monitoring-stack-kube-prom-admission-patch-4hhqn [monitoring:monitoring-stack-kube-prom-admission-patch]
2025-01-28 20:44:55,123 INFO c.h.h.t.HelmChartContainer - [K3S] [job_controller.go:598] "enqueueing job" key="monitoring/monitoring-stack-kube-prom-admission-patch" delay="1s"
2025-01-28 20:44:55,123 INFO c.h.h.t.HelmChartContainer - [K3S] [job_controller.go:598] "enqueueing job" key="monitoring/monitoring-stack-kube-prom-admission-patch" delay="1s"
2025-01-28 20:44:55,127 INFO c.h.h.t.HelmChartContainer - [EVENT] Normal [Scheduled] Successfully assigned monitoring/monitoring-stack-kube-prom-admission-patch-4hhqn to 8e458440c762 [monitoring:monitoring-stack-kube-prom-admission-patch-4hhqn]
2025-01-28 20:44:55,134 INFO c.h.h.t.HelmChartContainer - [K3S] [job_controller.go:598] "enqueueing job" key="monitoring/monitoring-stack-kube-prom-admission-patch" delay="1s"
2025-01-28 20:44:55,134 INFO c.h.h.t.HelmChartContainer - [POD] monitoring-stack-kube-prom-admission-patch-4hhqn [84b60e35-bbda-4d95-b6cf-7d31233971a3] in monitoring was MODIFIED
2025-01-28 20:44:55,212 INFO c.h.h.t.HelmChartContainer - [K3S] [reconciler_common.go:251] "operationExecutor.VerifyControllerAttachedVolume started for volume \"kube-api-access-nm2d7\" (UniqueName: \"kubernetes.io/projected/84b60e35-bbda-4d95-b6cf-7d31233971a3-kube-api-access-nm2d7\") pod \"monitoring-stack-kube-prom-admission-patch-4hhqn\" (UID: \"84b60e35-bbda-4d95-b6cf-7d31233971a3\") " pod="monitoring/monitoring-stack-kube-prom-admission-patch-4hhqn"
2025-01-28 20:44:55,542 INFO c.h.h.t.HelmChartContainer - [EVENT] Normal [Pulled] Container image "registry.k8s.io/ingress-nginx/kube-webhook-certgen:v1.5.1" already present on machine [monitoring:monitoring-stack-kube-prom-admission-patch-4hhqn]
2025-01-28 20:44:55,550 INFO c.h.h.t.HelmChartContainer - [EVENT] Normal [Created] Created container: patch [monitoring:monitoring-stack-kube-prom-admission-patch-4hhqn]
2025-01-28 20:44:55,610 INFO c.h.h.t.HelmChartContainer - [EVENT] Normal [Started] Started container patch [monitoring:monitoring-stack-kube-prom-admission-patch-4hhqn]
2025-01-28 20:44:55,885 INFO c.h.h.t.HelmChartContainer - [POD] monitoring-stack-kube-prom-admission-patch-4hhqn [84b60e35-bbda-4d95-b6cf-7d31233971a3] in monitoring was MODIFIED
2025-01-28 20:44:55,885 INFO c.h.h.t.HelmChartContainer - [K3S] [job_controller.go:598] "enqueueing job" key="monitoring/monitoring-stack-kube-prom-admission-patch" delay="1s"
2025-01-28 20:44:56,121 INFO c.h.h.t.HelmChartContainer - [K3S] [job_controller.go:598] "enqueueing job" key="monitoring/monitoring-stack-kube-prom-admission-patch" delay="1s"
2025-01-28 20:44:57,855 INFO c.h.h.t.HelmChartContainer - [K3S] [job_controller.go:598] "enqueueing job" key="monitoring/monitoring-stack-kube-prom-admission-patch" delay="1s"
2025-01-28 20:44:57,855 INFO c.h.h.t.HelmChartContainer - [POD] monitoring-stack-kube-prom-admission-patch-4hhqn [84b60e35-bbda-4d95-b6cf-7d31233971a3] in monitoring was MODIFIED
2025-01-28 20:44:58,860 INFO c.h.h.t.HelmChartContainer - [K3S] [job_controller.go:598] "enqueueing job" key="monitoring/monitoring-stack-kube-prom-admission-patch" delay="1s"
2025-01-28 20:44:58,922 INFO c.h.h.t.HelmChartContainer - [K3S] [job_controller.go:598] "enqueueing job" key="monitoring/monitoring-stack-kube-prom-admission-patch" delay="1s"
2025-01-28 20:44:58,923 INFO c.h.h.t.HelmChartContainer - [POD] monitoring-stack-kube-prom-admission-patch-4hhqn [84b60e35-bbda-4d95-b6cf-7d31233971a3] in monitoring was MODIFIED
2025-01-28 20:44:59,035 INFO c.h.h.t.HelmChartContainer - [K3S] [reconciler_common.go:162] "operationExecutor.UnmountVolume started for volume \"kube-api-access-nm2d7\" (UniqueName: \"kubernetes.io/projected/84b60e35-bbda-4d95-b6cf-7d31233971a3-kube-api-access-nm2d7\") pod \"84b60e35-bbda-4d95-b6cf-7d31233971a3\" (UID: \"84b60e35-bbda-4d95-b6cf-7d31233971a3\") "
2025-01-28 20:44:59,135 INFO c.h.h.t.HelmChartContainer - [K3S] [reconciler_common.go:299] "Volume detached for volume \"kube-api-access-nm2d7\" (UniqueName: \"kubernetes.io/projected/84b60e35-bbda-4d95-b6cf-7d31233971a3-kube-api-access-nm2d7\") on node \"8e458440c762\" DevicePath \"\""
2025-01-28 20:44:59,851 INFO c.h.h.t.HelmChartContainer - [K3S] [pod_container_deletor.go:80] "Container not found in pod's containers" containerID="2ac6c75d67ded3e386e6ec7b448be87a436d2b7a69ee9334b3f49a02abf4750f"
2025-01-28 20:44:59,865 INFO c.h.h.t.HelmChartContainer - [K3S] [job_controller.go:598] "enqueueing job" key="monitoring/monitoring-stack-kube-prom-admission-patch" delay="1s"
2025-01-28 20:44:59,869 INFO c.h.h.t.HelmChartContainer - [K3S] [job_controller.go:598] "enqueueing job" key="monitoring/monitoring-stack-kube-prom-admission-patch" delay="1s"
2025-01-28 20:44:59,869 INFO c.h.h.t.HelmChartContainer - [POD] monitoring-stack-kube-prom-admission-patch-4hhqn [84b60e35-bbda-4d95-b6cf-7d31233971a3] in monitoring was MODIFIED
2025-01-28 20:44:59,874 INFO c.h.h.t.HelmChartContainer - [EVENT] Normal [Completed] Job completed [monitoring:monitoring-stack-kube-prom-admission-patch]
2025-01-28 20:44:59,879 INFO c.h.h.t.HelmChartContainer - [K3S] [job_controller.go:598] "enqueueing job" key="monitoring/monitoring-stack-kube-prom-admission-patch" delay="0s"
2025-01-28 20:44:59,886 INFO c.h.h.t.HelmChartContainer - [POD] monitoring-stack-kube-prom-admission-patch-4hhqn [84b60e35-bbda-4d95-b6cf-7d31233971a3] in monitoring was MODIFIED
2025-01-28 20:44:59,891 INFO c.h.h.t.HelmChartContainer - [POD] monitoring-stack-kube-prom-admission-patch-4hhqn [84b60e35-bbda-4d95-b6cf-7d31233971a3] in monitoring was DELETED
2025-01-28 20:45:00,024 INFO com.hivemq.helmcharts.util.K8sUtil - Pod 'monitoring-stack-kube-prom-operator-6f4fc4bc65-4gglm' is ready
2025-01-28 20:45:00,024 INFO com.hivemq.helmcharts.util.K8sUtil - Pod 'monitoring-stack-kube-state-metrics-5bf5c7b54d-t5ckx' is ready
2025-01-28 20:45:00,024 INFO com.hivemq.helmcharts.util.K8sUtil - Pod 'monitoring-stack-prometheus-node-exporter-qj6qt' is ready
2025-01-28 20:45:00,024 INFO com.hivemq.helmcharts.util.K8sUtil - Pod 'monitoring-stack-grafana-64c55fb967-9bhgv' is ready
2025-01-28 20:45:00,024 INFO com.hivemq.helmcharts.util.K8sUtil - Pod 'monitoring-stack-grafana-64c55fb967-9bhgv' is ready
2025-01-28 20:45:00,024 INFO com.hivemq.helmcharts.util.K8sUtil - Pod 'monitoring-stack-grafana-64c55fb967-9bhgv' is ready
2025-01-28 20:45:00,081 DEBUG c.h.h.t.HelmChartContainer - Executing helm command: /bin/helm --kubeconfig /etc/rancher/k3s/k3s.yaml install test-hivemq-platform-operator /charts/hivemq-platform-operator --wait --timeout 5m0s --set image.repository=docker.io/hivemq --set image.name=hivemq-platform-operator-test --set image.initImageName=hivemq-platform-operator-init-test --set image.tag=snapshot --set image.pullPolicy=Never --set logLevel=DEBUG --set resources.cpu=512m -f /files/operator-monitoring-enabled-values.yaml --namespace helmmonitoringoperatorit-operator
2025-01-28 20:45:00,282 INFO c.h.h.t.HelmChartContainer - [K3S] [kubelet_volumes.go:163] "Cleaned up orphaned pod volumes dir" podUID="84b60e35-bbda-4d95-b6cf-7d31233971a3" path="/var/lib/kubelet/pods/84b60e35-bbda-4d95-b6cf-7d31233971a3/volumes"
2025-01-28 20:45:00,489 INFO c.h.h.t.HelmChartContainer - [K3S] [alloc.go:330] "allocated clusterIPs" service="helmmonitoringoperatorit-operator/hivemq-platform-operator-test-hivemq-platform-operator" clusterIPs={"IPv4":"10.43.126.14"}
2025-01-28 20:45:00,512 INFO c.h.h.t.HelmChartContainer - [EVENT] Normal [ScalingReplicaSet] Scaled up replica set hivemq-test-hivemq-platform-operator-6966f96d65 from 0 to 1 [helmmonitoringoperatorit-operator:hivemq-test-hivemq-platform-operator]
2025-01-28 20:45:00,522 INFO c.h.h.t.HelmChartContainer - [POD] hivemq-test-hivemq-platform-operator-6966f96d65-ssk4h [c41adfa7-4074-4273-9222-eb8d30a0a73d] in helmmonitoringoperatorit-operator was ADDED
2025-01-28 20:45:00,530 INFO c.h.h.t.HelmChartContainer - [EVENT] Normal [SuccessfulCreate] Created pod: hivemq-test-hivemq-platform-operator-6966f96d65-ssk4h [helmmonitoringoperatorit-operator:hivemq-test-hivemq-platform-operator-6966f96d65]
2025-01-28 20:45:00,532 INFO c.h.h.t.HelmChartContainer - [K3S] [replica_set.go:679] "Finished syncing" kind="ReplicaSet" key="helmmonitoringoperatorit-operator/hivemq-test-hivemq-platform-operator-6966f96d65" duration="29.35501ms"
2025-01-28 20:45:00,546 INFO c.h.h.t.HelmChartContainer - [POD] hivemq-test-hivemq-platform-operator-6966f96d65-ssk4h [c41adfa7-4074-4273-9222-eb8d30a0a73d] in helmmonitoringoperatorit-operator was MODIFIED
2025-01-28 20:45:00,548 INFO c.h.h.t.HelmChartContainer - [K3S] [memory_manager.go:355] "RemoveStaleState removing state" podUID="84b60e35-bbda-4d95-b6cf-7d31233971a3" containerName="patch"
2025-01-28 20:45:00,549 INFO c.h.h.t.HelmChartContainer - [EVENT] Normal [Scheduled] Successfully assigned helmmonitoringoperatorit-operator/hivemq-test-hivemq-platform-operator-6966f96d65-ssk4h to 8e458440c762 [helmmonitoringoperatorit-operator:hivemq-test-hivemq-platform-operator-6966f96d65-ssk4h]
2025-01-28 20:45:00,560 INFO c.h.h.t.HelmChartContainer - [K3S] [replica_set.go:679] "Finished syncing" kind="ReplicaSet" key="helmmonitoringoperatorit-operator/hivemq-test-hivemq-platform-operator-6966f96d65" duration="27.995422ms"
2025-01-28 20:45:00,573 INFO c.h.h.t.HelmChartContainer - [POD] hivemq-test-hivemq-platform-operator-6966f96d65-ssk4h [c41adfa7-4074-4273-9222-eb8d30a0a73d] in helmmonitoringoperatorit-operator was MODIFIED
2025-01-28 20:45:00,582 INFO c.h.h.t.HelmChartContainer - [K3S] [replica_set.go:679] "Finished syncing" kind="ReplicaSet" key="helmmonitoringoperatorit-operator/hivemq-test-hivemq-platform-operator-6966f96d65" duration="21.894433ms"
2025-01-28 20:45:00,582 INFO c.h.h.t.HelmChartContainer - [K3S] [replica_set.go:679] "Finished syncing" kind="ReplicaSet" key="helmmonitoringoperatorit-operator/hivemq-test-hivemq-platform-operator-6966f96d65" duration="30.918µs"
2025-01-28 20:45:00,645 INFO c.h.h.t.HelmChartContainer - [K3S] [reconciler_common.go:251] "operationExecutor.VerifyControllerAttachedVolume started for volume \"kube-api-access-m9468\" (UniqueName: \"kubernetes.io/projected/c41adfa7-4074-4273-9222-eb8d30a0a73d-kube-api-access-m9468\") pod \"hivemq-test-hivemq-platform-operator-6966f96d65-ssk4h\" (UID: \"c41adfa7-4074-4273-9222-eb8d30a0a73d\") " pod="helmmonitoringoperatorit-operator/hivemq-test-hivemq-platform-operator-6966f96d65-ssk4h"
2025-01-28 20:45:00,940 INFO c.h.h.t.HelmChartContainer - [EVENT] Normal [Pulled] Container image "docker.io/hivemq/hivemq-platform-operator-test:snapshot" already present on machine [helmmonitoringoperatorit-operator:hivemq-test-hivemq-platform-operator-6966f96d65-ssk4h]
2025-01-28 20:45:00,940 INFO c.h.h.t.HelmChartContainer - Received Pulled event for container hivemq-platform-operator in pod hivemq-test-hivemq-platform-operator-6966f96d65-ssk4h [c41adfa7-4074-4273-9222-eb8d30a0a73d]
2025-01-28 20:45:02,219 INFO c.h.h.t.HelmChartContainer - [EVENT] Normal [Created] Created container: hivemq-platform-operator [helmmonitoringoperatorit-operator:hivemq-test-hivemq-platform-operator-6966f96d65-ssk4h]
2025-01-28 20:45:02,219 INFO c.h.h.t.HelmChartContainer - Received Created event for container hivemq-platform-operator in pod hivemq-test-hivemq-platform-operator-6966f96d65-ssk4h [c41adfa7-4074-4273-9222-eb8d30a0a73d]
2025-01-28 20:45:02,869 INFO c.h.h.t.HelmChartContainer - [POD] hivemq-test-hivemq-platform-operator-6966f96d65-ssk4h [c41adfa7-4074-4273-9222-eb8d30a0a73d] in helmmonitoringoperatorit-operator was MODIFIED
2025-01-28 20:45:02,870 INFO c.h.h.t.HelmChartContainer - [K3S] [replica_set.go:679] "Finished syncing" kind="ReplicaSet" key="helmmonitoringoperatorit-operator/hivemq-test-hivemq-platform-operator-6966f96d65" duration="48.32µs"
2025-01-28 20:45:02,879 INFO c.h.h.t.HelmChartContainer - Started log watcher for hivemq-platform-operator in pod hivemq-test-hivemq-platform-operator-6966f96d65-ssk4h [c41adfa7-4074-4273-9222-eb8d30a0a73d]
2025-01-28 20:45:02,879 INFO c.h.h.t.HelmChartContainer - [EVENT] Normal [Started] Started container hivemq-platform-operator [helmmonitoringoperatorit-operator:hivemq-test-hivemq-platform-operator-6966f96d65-ssk4h]
2025-01-28 20:45:02,879 INFO c.h.h.t.HelmChartContainer - Received Started event for container hivemq-platform-operator in pod hivemq-test-hivemq-platform-operator-6966f96d65-ssk4h [c41adfa7-4074-4273-9222-eb8d30a0a73d]
2025-01-28 20:45:02,879 INFO c.h.h.t.HelmChartContainer - [hivemq-test-hivemq-platform] [hivemq-platform-operator] [c41adfa7] -------------------------------------------------------------------------
2025-01-28 20:45:02,879 INFO c.h.h.t.HelmChartContainer - [hivemq-test-hivemq-platform] [hivemq-platform-operator] [c41adfa7] 
2025-01-28 20:45:02,879 INFO c.h.h.t.HelmChartContainer - [hivemq-test-hivemq-platform] [hivemq-platform-operator] [c41adfa7]                   _    _  _              __  __   ____
2025-01-28 20:45:02,879 INFO c.h.h.t.HelmChartContainer - [hivemq-test-hivemq-platform] [hivemq-platform-operator] [c41adfa7]                  | |  | |(_)            |  \/  | / __ \
2025-01-28 20:45:02,879 INFO c.h.h.t.HelmChartContainer - [hivemq-test-hivemq-platform] [hivemq-platform-operator] [c41adfa7]                  | |__| | _ __   __ ___ | \  / || |  | |
2025-01-28 20:45:02,879 INFO c.h.h.t.HelmChartContainer - [hivemq-test-hivemq-platform] [hivemq-platform-operator] [c41adfa7]                  |  __  || |\ \ / // _ \| |\/| || |  | |
2025-01-28 20:45:02,879 INFO c.h.h.t.HelmChartContainer - [hivemq-test-hivemq-platform] [hivemq-platform-operator] [c41adfa7]                  | |  | || | \ V /|  __/| |  | || |__| |
2025-01-28 20:45:02,879 INFO c.h.h.t.HelmChartContainer - [hivemq-test-hivemq-platform] [hivemq-platform-operator] [c41adfa7]                  |_|  |_||_|  \_/  \___||_|  |_| \___\_\
2025-01-28 20:45:02,879 INFO c.h.h.t.HelmChartContainer - [hivemq-test-hivemq-platform] [hivemq-platform-operator] [c41adfa7] 
2025-01-28 20:45:02,879 INFO c.h.h.t.HelmChartContainer - [hivemq-test-hivemq-platform] [hivemq-platform-operator] [c41adfa7] -------------------------------------------------------------------------
2025-01-28 20:45:02,879 INFO c.h.h.t.HelmChartContainer - [hivemq-test-hivemq-platform] [hivemq-platform-operator] [c41adfa7] 
2025-01-28 20:45:02,879 INFO c.h.h.t.HelmChartContainer - [hivemq-test-hivemq-platform] [hivemq-platform-operator] [c41adfa7]   HiveMQ Platform Operator Start Script v1.0
2025-01-28 20:45:02,879 INFO c.h.h.t.HelmChartContainer - [hivemq-test-hivemq-platform] [hivemq-platform-operator] [c41adfa7] 
2025-01-28 20:45:02,879 INFO c.h.h.t.HelmChartContainer - [hivemq-test-hivemq-platform] [hivemq-platform-operator] [c41adfa7] -------------------------------------------------------------------------
2025-01-28 20:45:02,879 INFO c.h.h.t.HelmChartContainer - [hivemq-test-hivemq-platform] [hivemq-platform-operator] [c41adfa7] 
2025-01-28 20:45:02,879 INFO c.h.h.t.HelmChartContainer - [hivemq-test-hivemq-platform] [hivemq-platform-operator] [c41adfa7]   JAVA_OPTS: -XX:+UnlockExperimentalVMOptions -XX:InitialRAMPercentage=75 -XX:MaxRAMPercentage=75 -Duser.language=en -Duser.region=US
2025-01-28 20:45:02,879 INFO c.h.h.t.HelmChartContainer - [hivemq-test-hivemq-platform] [hivemq-platform-operator] [c41adfa7] 
2025-01-28 20:45:02,879 INFO c.h.h.t.HelmChartContainer - [hivemq-test-hivemq-platform] [hivemq-platform-operator] [c41adfa7]   JAVA_VERSION: 21
2025-01-28 20:45:02,879 INFO c.h.h.t.HelmChartContainer - [hivemq-test-hivemq-platform] [hivemq-platform-operator] [c41adfa7] 
2025-01-28 20:45:02,879 INFO c.h.h.t.HelmChartContainer - [hivemq-test-hivemq-platform] [hivemq-platform-operator] [c41adfa7] -------------------------------------------------------------------------
2025-01-28 20:45:02,879 INFO c.h.h.t.HelmChartContainer - [hivemq-test-hivemq-platform] [hivemq-platform-operator] [c41adfa7] 
2025-01-28 20:45:05,565 INFO c.h.h.t.HelmChartContainer - [hivemq-test-hivemq-platform] [hivemq-platform-operator] [c41adfa7] 20:45:05.562 [main] DEBUG org.jboss.logging - Logging Provider: org.jboss.logging.Slf4jLoggerProvider
2025-01-28 20:45:05,752 INFO c.h.h.t.HelmChartContainer - [hivemq-test-hivemq-platform] [hivemq-platform-operator] [c41adfa7] 20:45:05.750 [main] DEBUG io.smallrye.config - SRCFG01006: Loaded ConfigSource SysPropConfigSource with ordinal 400
2025-01-28 20:45:05,752 INFO c.h.h.t.HelmChartContainer - [hivemq-test-hivemq-platform] [hivemq-platform-operator] [c41adfa7] 20:45:05.750 [main] DEBUG io.smallrye.config - SRCFG01006: Loaded ConfigSource EnvConfigSource with ordinal 300
2025-01-28 20:45:05,752 INFO c.h.h.t.HelmChartContainer - [hivemq-test-hivemq-platform] [hivemq-platform-operator] [c41adfa7] 20:45:05.750 [main] DEBUG io.smallrye.config - SRCFG01006: Loaded ConfigSource PropertiesConfigSource[source=jar:file:///opt/hivemq-platform-operator/bin/hivemq-platform-operator.jar!/hivemq-platform-operator.properties] with ordinal 100
2025-01-28 20:45:05,752 INFO c.h.h.t.HelmChartContainer - [hivemq-test-hivemq-platform] [hivemq-platform-operator] [c41adfa7] 20:45:05.750 [main] DEBUG io.smallrye.config - SRCFG01006: Loaded ConfigSource DefaultValuesConfigSource with ordinal -2147483648
2025-01-28 20:45:05,852 INFO c.h.h.t.HelmChartContainer - [hivemq-test-hivemq-platform] [hivemq-platform-operator] [c41adfa7] 20:45:05.851 [main] DEBUG i.m.c.u.i.l.InternalLoggerFactory - Using SLF4J as the default logging framework
2025-01-28 20:45:05,882 INFO c.h.h.t.HelmChartContainer - [K3S] [range_allocator.go:247] "Successfully synced" key="8e458440c762"
2025-01-28 20:45:05,962 INFO c.h.h.t.HelmChartContainer - [hivemq-test-hivemq-platform] [hivemq-platform-operator] [c41adfa7] 20:45:05.955 [main] INFO  c.h.p.o.HiveMQPlatformOperatorApplication - HiveMQ Platform Operator 1.7.0-SNAPSHOT (commit: bebf408 on branch: HEAD) built on Sun Jan 26 20:47:47 UTC 2025
2025-01-28 20:45:05,963 INFO c.h.h.t.HelmChartContainer - [hivemq-test-hivemq-platform] [hivemq-platform-operator] [c41adfa7] 20:45:05.961 [main] INFO  c.h.p.o.HiveMQPlatformOperatorApplication - HiveMQ Platform Operator is running in namespace: helmmonitoringoperatorit-operator
2025-01-28 20:45:05,963 INFO c.h.h.t.HelmChartContainer - [hivemq-test-hivemq-platform] [hivemq-platform-operator] [c41adfa7] 20:45:05.961 [main] INFO  c.h.p.o.HiveMQPlatformOperatorApplication - Watching all namespaces
2025-01-28 20:45:05,963 INFO c.h.h.t.HelmChartContainer - [hivemq-test-hivemq-platform] [hivemq-platform-operator] [c41adfa7] 20:45:05.961 [main] INFO  c.h.p.o.HiveMQPlatformOperatorApplication - Log level: DEBUG
2025-01-28 20:45:05,963 INFO c.h.h.t.HelmChartContainer - [hivemq-test-hivemq-platform] [hivemq-platform-operator] [c41adfa7] 20:45:05.961 [main] INFO  c.h.p.o.HiveMQPlatformOperatorApplication - Release name: test-hivemq-platform-operator
2025-01-28 20:45:05,964 INFO c.h.h.t.HelmChartContainer - [hivemq-test-hivemq-platform] [hivemq-platform-operator] [c41adfa7] 20:45:05.961 [main] INFO  c.h.p.o.HiveMQPlatformOperatorApplication - HiveMQ Platform Operator Init image: docker.io/hivemq/hivemq-platform-operator-init-test:snapshot
2025-01-28 20:45:05,964 INFO c.h.h.t.HelmChartContainer - [hivemq-test-hivemq-platform] [hivemq-platform-operator] [c41adfa7] 20:45:05.962 [main] INFO  c.h.p.o.HiveMQPlatformOperatorApplication - HiveMQ Platform Operator Init App update URL: http://hivemq-platform-operator-test-hivemq-platform-operator.helmmonitoringoperatorit-operator.svc:8080/initAppUpdate/hivemq-platform-operator-init-app-1.7.0-SNAPSHOT.jar
2025-01-28 20:45:05,964 INFO c.h.h.t.HelmChartContainer - [hivemq-test-hivemq-platform] [hivemq-platform-operator] [c41adfa7] 20:45:05.962 [main] INFO  c.h.p.o.HiveMQPlatformOperatorApplication - Additional imagePullSecret for all Platform deployments: none
2025-01-28 20:45:05,964 INFO c.h.h.t.HelmChartContainer - [hivemq-test-hivemq-platform] [hivemq-platform-operator] [c41adfa7] 20:45:05.962 [main] INFO  c.h.p.o.HiveMQPlatformOperatorApplication - Apply HiveMQ Platform CRD: true
2025-01-28 20:45:05,964 INFO c.h.h.t.HelmChartContainer - [hivemq-test-hivemq-platform] [hivemq-platform-operator] [c41adfa7] 20:45:05.962 [main] INFO  c.h.p.o.HiveMQPlatformOperatorApplication - Create Platform ServiceAccount: true
2025-01-28 20:45:05,964 INFO c.h.h.t.HelmChartContainer - [hivemq-test-hivemq-platform] [hivemq-platform-operator] [c41adfa7] 20:45:05.962 [main] INFO  c.h.p.o.HiveMQPlatformOperatorApplication - Create Platform ServiceAccount permissions: true
2025-01-28 20:45:05,964 INFO c.h.h.t.HelmChartContainer - [hivemq-test-hivemq-platform] [hivemq-platform-operator] [c41adfa7] 20:45:05.962 [main] INFO  c.h.p.o.HiveMQPlatformOperatorApplication - Validate Platform ServiceAccount: true
2025-01-28 20:45:05,964 INFO c.h.h.t.HelmChartContainer - [hivemq-test-hivemq-platform] [hivemq-platform-operator] [c41adfa7] 20:45:05.962 [main] INFO  c.h.p.o.HiveMQPlatformOperatorApplication - Validate Platform ServiceAccount permissions: true
2025-01-28 20:45:06,055 INFO c.h.h.t.HelmChartContainer - [hivemq-test-hivemq-platform] [hivemq-platform-operator] [c41adfa7] 20:45:06.054 [main] INFO  c.h.platform.operator.util.CRDUtil - Verifying deployed HiveMQ Platform CRD...
2025-01-28 20:45:08,555 INFO c.h.h.t.HelmChartContainer - [hivemq-test-hivemq-platform] [hivemq-platform-operator] [c41adfa7] 20:45:08.553 [main] DEBUG c.h.platform.operator.util.CRDUtil - HiveMQ Platform CRD version v1 is up to date
2025-01-28 20:45:08,555 INFO c.h.h.t.HelmChartContainer - [hivemq-test-hivemq-platform] [hivemq-platform-operator] [c41adfa7] 20:45:08.554 [main] INFO  c.h.platform.operator.util.CRDUtil - HiveMQ Platform CRD is up to date (version: V1_6_0)
2025-01-28 20:45:08,555 INFO c.h.h.t.HelmChartContainer - [hivemq-test-hivemq-platform] [hivemq-platform-operator] [c41adfa7] 20:45:08.554 [main] INFO  c.h.platform.operator.util.CRDUtil - Waiting 10000 ms for HiveMQ Platform CRD 'hivemq-platforms.hivemq.com' to become ready...
2025-01-28 20:45:08,856 INFO c.h.h.t.HelmChartContainer - [hivemq-test-hivemq-platform] [hivemq-platform-operator] [c41adfa7] 20:45:08.854 [vert.x-eventloop-thread-1] DEBUG c.h.platform.operator.util.CRDUtil - Checking CRD condition 'NamesAccepted' (status: 'True')
2025-01-28 20:45:08,856 INFO c.h.h.t.HelmChartContainer - [hivemq-test-hivemq-platform] [hivemq-platform-operator] [c41adfa7] 20:45:08.854 [vert.x-eventloop-thread-1] DEBUG c.h.platform.operator.util.CRDUtil - Checking CRD condition 'Established' (status: 'True')
2025-01-28 20:45:08,857 INFO c.h.h.t.HelmChartContainer - [hivemq-test-hivemq-platform] [hivemq-platform-operator] [c41adfa7] 20:45:08.855 [main] INFO  c.h.platform.operator.util.CRDUtil - HiveMQ Platform CRD 'hivemq-platforms.hivemq.com' is ready
2025-01-28 20:45:09,049 INFO c.h.h.t.HelmChartContainer - [hivemq-test-hivemq-platform] [hivemq-platform-operator] [c41adfa7] 20:45:09.048 [main] INFO  c.h.p.o.HiveMQPlatformReconciler - HiveMQ Platform Operator is starting...
2025-01-28 20:45:09,152 INFO c.h.h.t.HelmChartContainer - [hivemq-test-hivemq-platform] [hivemq-platform-operator] [c41adfa7] 20:45:09.151 [main] WARN  Default ConfigurationService implementation - Configuration for reconciler 'hivemq-controller' was not found. Known reconcilers: None.
2025-01-28 20:45:09,160 INFO c.h.h.t.HelmChartContainer - [hivemq-test-hivemq-platform] [hivemq-platform-operator] [c41adfa7] 20:45:09.159 [main] INFO  Default ConfigurationService implementation - Created configuration for reconciler com.hivemq.platform.operator.HiveMQPlatformReconciler with name hivemq-controller
2025-01-28 20:45:09,264 INFO c.h.h.t.HelmChartContainer - [hivemq-test-hivemq-platform] [hivemq-platform-operator] [c41adfa7] 20:45:09.263 [main] DEBUG c.h.p.o.HiveMQPlatformReconciler - HiveMQ Platform Operator is preparing EventSources
2025-01-28 20:45:09,354 INFO c.h.h.t.HelmChartContainer - [hivemq-test-hivemq-platform] [hivemq-platform-operator] [c41adfa7] 20:45:09.354 [main] INFO  i.javaoperatorsdk.operator.Operator - Registered reconciler: 'hivemq-controller' for resource: 'class com.hivemq.platform.operator.v1.HiveMQPlatform' for namespace(s): [all namespaces]
2025-01-28 20:45:10,060 INFO c.h.h.t.HelmChartContainer - [hivemq-test-hivemq-platform] [hivemq-platform-operator] [c41adfa7] 20:45:10.058 [main] INFO  c.h.p.operator.webserver.JettyServer - Starting Jetty server on port 8080
2025-01-28 20:45:10,156 INFO c.h.h.t.HelmChartContainer - [hivemq-test-hivemq-platform] [hivemq-platform-operator] [c41adfa7] 20:45:10.155 [main] INFO  i.javaoperatorsdk.operator.Operator - Operator SDK 4.9.7 (commit: 2133d28) built on Wed Nov 20 12:56:20 UTC 2024 starting...
2025-01-28 20:45:10,156 INFO c.h.h.t.HelmChartContainer - [hivemq-test-hivemq-platform] [hivemq-platform-operator] [c41adfa7] 20:45:10.155 [main] INFO  i.javaoperatorsdk.operator.Operator - Client version: 6.13.4
2025-01-28 20:45:10,157 INFO c.h.h.t.HelmChartContainer - [hivemq-test-hivemq-platform] [hivemq-platform-operator] [c41adfa7] 20:45:10.156 [Controller Starter for: hivemq-controller] INFO  i.j.operator.processing.Controller - Starting 'hivemq-controller' controller for reconciler: com.hivemq.platform.operator.HiveMQPlatformReconciler, resource: com.hivemq.platform.operator.v1.HiveMQPlatform
2025-01-28 20:45:12,852 INFO c.h.h.t.HelmChartContainer - [hivemq-test-hivemq-platform] [hivemq-platform-operator] [c41adfa7] 20:45:12.851 [Controller Starter for: hivemq-controller] INFO  i.j.operator.processing.Controller - 'hivemq-controller' controller started
2025-01-28 20:45:12,853 INFO c.h.h.t.HelmChartContainer - [hivemq-test-hivemq-platform] [hivemq-platform-operator] [c41adfa7] 20:45:12.852 [main] INFO  c.h.p.o.HiveMQPlatformOperatorApplication - HiveMQ Platform Operator 1.7.0-SNAPSHOT started in 6896 ms
2025-01-28 20:45:13,905 INFO c.h.h.t.HelmChartContainer - [POD] hivemq-test-hivemq-platform-operator-6966f96d65-ssk4h [c41adfa7-4074-4273-9222-eb8d30a0a73d] in helmmonitoringoperatorit-operator was MODIFIED
2025-01-28 20:45:13,908 INFO c.h.h.t.HelmChartContainer - [K3S] [replica_set.go:679] "Finished syncing" kind="ReplicaSet" key="helmmonitoringoperatorit-operator/hivemq-test-hivemq-platform-operator-6966f96d65" duration="6.831558ms"
2025-01-28 20:45:13,913 INFO c.h.h.t.HelmChartContainer - [K3S] [replica_set.go:679] "Finished syncing" kind="ReplicaSet" key="helmmonitoringoperatorit-operator/hivemq-test-hivemq-platform-operator-6966f96d65" duration="1.073853ms"
2025-01-28 20:45:14,573 INFO com.hivemq.helmcharts.util.K8sUtil - Pod 'hivemq-test-hivemq-platform-operator-6966f96d65-ssk4h' is ready
Request method:	GET
Request URI:	http://localhost:36115/api/v1/query?query=hivemq_platform_operator_custom_resource_count
Proxy:			<none>
Request params:	query=hivemq_platform_operator_custom_resource_count
Query params:	<none>
Form params:	<none>
Path params:	<none>
Headers:		Accept=*/*
Cookies:		<none>
Multiparts:		<none>
Body:			<none>
HTTP/1.1 200 OK
Content-Encoding: gzip
Content-Type: application/json
Date: Tue, 28 Jan 2025 20:45:20 GMT
Content-Length: 93

{
    "status": "success",
    "data": {
        "resultType": "vector",
        "result": [
            
        ]
    }
}
Request method:	GET
Request URI:	http://localhost:33193/api/v1/query?query=hivemq_platform_operator_custom_resource_count
Proxy:			<none>
Request params:	query=hivemq_platform_operator_custom_resource_count
Query params:	<none>
Form params:	<none>
Path params:	<none>
Headers:		Accept=*/*
Cookies:		<none>
Multiparts:		<none>
Body:			<none>
HTTP/1.1 200 OK
Content-Encoding: gzip
Content-Type: application/json
Date: Tue, 28 Jan 2025 20:45:25 GMT
Content-Length: 93

{
    "status": "success",
    "data": {
        "resultType": "vector",
        "result": [
            
        ]
    }
}
2025-01-28 20:45:25,447 INFO c.h.h.t.HelmChartContainer - [K3S] [upgradeaware.go:427] Error proxying data from client to backend: remote error: tls: user canceled
2025-01-28 20:45:26,746 INFO c.h.h.t.HelmChartContainer - [K3S] [INFO] COMPACT compactRev=0 targetCompactRev=2 currentRev=1520
2025-01-28 20:45:26,746 INFO c.h.h.t.HelmChartContainer - [K3S] [INFO] COMPACT deleted 0 rows from 2 revisions in 433.201µs - compacted to 2/1520
2025-01-28 20:45:26,746 INFO c.h.h.t.HelmChartContainer - [K3S] [INFO] COMPACT compacted from 0 to 2 in 1 transactions over 1ms
2025-01-28 20:45:30,308 INFO c.h.h.t.HelmChartContainer - [K3S] [info.go:53] Couldn't collect info from any of the files in "/etc/machine-id,/var/lib/dbus/machine-id"
2025-01-28 20:45:30,373 INFO c.h.h.t.HelmChartContainer - [K3S] [scope.go:117] "RemoveContainer" containerID="b2033e11a4d1fba5bcf1ccfa99237952d94929311621f181baed53d41ea94348"
2025-01-28 20:45:30,378 INFO c.h.h.t.HelmChartContainer - [K3S] [scope.go:117] "RemoveContainer" containerID="1c5c58c535f7e4e61b60af9727571baf750b822dca92d4cb416fccca09311884"
Request method:	GET
Request URI:	http://localhost:34841/api/v1/query?query=hivemq_platform_operator_custom_resource_count
Proxy:			<none>
Request params:	query=hivemq_platform_operator_custom_resource_count
Query params:	<none>
Form params:	<none>
Path params:	<none>
Headers:		Accept=*/*
Cookies:		<none>
Multiparts:		<none>
Body:			<none>
HTTP/1.1 200 OK
Content-Encoding: gzip
Content-Type: application/json
Date: Tue, 28 Jan 2025 20:45:30 GMT
Content-Length: 93

{
    "status": "success",
    "data": {
        "resultType": "vector",
        "result": [
            
        ]
    }
}
Request method:	GET
Request URI:	http://localhost:45511/api/v1/query?query=hivemq_platform_operator_custom_resource_count
Proxy:			<none>
Request params:	query=hivemq_platform_operator_custom_resource_count
Query params:	<none>
Form params:	<none>
Path params:	<none>
Headers:		Accept=*/*
Cookies:		<none>
Multiparts:		<none>
Body:			<none>
HTTP/1.1 200 OK
Content-Encoding: gzip
Content-Type: application/json
Date: Tue, 28 Jan 2025 20:45:35 GMT
Content-Length: 93

{
    "status": "success",
    "data": {
        "resultType": "vector",
        "result": [
            
        ]
    }
}
Request method:	GET
Request URI:	http://localhost:35795/api/v1/query?query=hivemq_platform_operator_custom_resource_count
Proxy:			<none>
Request params:	query=hivemq_platform_operator_custom_resource_count
Query params:	<none>
Form params:	<none>
Path params:	<none>
Headers:		Accept=*/*
Cookies:		<none>
Multiparts:		<none>
Body:			<none>
HTTP/1.1 200 OK
Content-Encoding: gzip
Content-Type: application/json
Date: Tue, 28 Jan 2025 20:45:40 GMT
Content-Length: 93

{
    "status": "success",
    "data": {
        "resultType": "vector",
        "result": [
            
        ]
    }
}
Request method:	GET
Request URI:	http://localhost:41383/api/v1/query?query=hivemq_platform_operator_custom_resource_count
Proxy:			<none>
Request params:	query=hivemq_platform_operator_custom_resource_count
Query params:	<none>
Form params:	<none>
Path params:	<none>
Headers:		Accept=*/*
Cookies:		<none>
Multiparts:		<none>
Body:			<none>
HTTP/1.1 200 OK
Content-Encoding: gzip
Content-Type: application/json
Date: Tue, 28 Jan 2025 20:45:45 GMT
Content-Length: 93

{
    "status": "success",
    "data": {
        "resultType": "vector",
        "result": [
            
        ]
    }
}
Request method:	GET
Request URI:	http://localhost:37311/api/v1/query?query=hivemq_platform_operator_custom_resource_count
Proxy:			<none>
Request params:	query=hivemq_platform_operator_custom_resource_count
Query params:	<none>
Form params:	<none>
Path params:	<none>
Headers:		Accept=*/*
Cookies:		<none>
Multiparts:		<none>
Body:			<none>
HTTP/1.1 200 OK
Content-Encoding: gzip
Content-Type: application/json
Date: Tue, 28 Jan 2025 20:45:50 GMT
Content-Length: 93

{
    "status": "success",
    "data": {
        "resultType": "vector",
        "result": [
            
        ]
    }
}
Request method:	GET
Request URI:	http://localhost:34861/api/v1/query?query=hivemq_platform_operator_custom_resource_count
Proxy:			<none>
Request params:	query=hivemq_platform_operator_custom_resource_count
Query params:	<none>
Form params:	<none>
Path params:	<none>
Headers:		Accept=*/*
Cookies:		<none>
Multiparts:		<none>
Body:			<none>
HTTP/1.1 200 OK
Content-Encoding: gzip
Content-Type: application/json
Date: Tue, 28 Jan 2025 20:45:55 GMT
Content-Length: 93

{
    "status": "success",
    "data": {
        "resultType": "vector",
        "result": [
            
        ]
    }
}
Request method:	GET
Request URI:	http://localhost:34949/api/v1/query?query=hivemq_platform_operator_custom_resource_count
Proxy:			<none>
Request params:	query=hivemq_platform_operator_custom_resource_count
Query params:	<none>
Form params:	<none>
Path params:	<none>
Headers:		Accept=*/*
Cookies:		<none>
Multiparts:		<none>
Body:			<none>
HTTP/1.1 200 OK
Content-Encoding: gzip
Content-Type: application/json
Date: Tue, 28 Jan 2025 20:46:00 GMT
Content-Length: 93

{
    "status": "success",
    "data": {
        "resultType": "vector",
        "result": [
            
        ]
    }
}
Request method:	GET
Request URI:	http://localhost:38075/api/v1/query?query=hivemq_platform_operator_custom_resource_count
Proxy:			<none>
Request params:	query=hivemq_platform_operator_custom_resource_count
Query params:	<none>
Form params:	<none>
Path params:	<none>
Headers:		Accept=*/*
Cookies:		<none>
Multiparts:		<none>
Body:			<none>
HTTP/1.1 200 OK
Content-Encoding: gzip
Content-Type: application/json
Date: Tue, 28 Jan 2025 20:46:06 GMT
Content-Length: 93

{
    "status": "success",
    "data": {
        "resultType": "vector",
        "result": [
            
        ]
    }
}
Request method:	GET
Request URI:	http://localhost:36725/api/v1/query?query=hivemq_platform_operator_custom_resource_count
Proxy:			<none>
Request params:	query=hivemq_platform_operator_custom_resource_count
Query params:	<none>
Form params:	<none>
Path params:	<none>
Headers:		Accept=*/*
Cookies:		<none>
Multiparts:		<none>
Body:			<none>
HTTP/1.1 200 OK
Content-Encoding: gzip
Content-Type: application/json
Date: Tue, 28 Jan 2025 20:46:11 GMT
Content-Length: 93

{
    "status": "success",
    "data": {
        "resultType": "vector",
        "result": [
            
        ]
    }
}
Request method:	GET
Request URI:	http://localhost:44769/api/v1/query?query=hivemq_platform_operator_custom_resource_count
Proxy:			<none>
Request params:	query=hivemq_platform_operator_custom_resource_count
Query params:	<none>
Form params:	<none>
Path params:	<none>
Headers:		Accept=*/*
Cookies:		<none>
Multiparts:		<none>
Body:			<none>
HTTP/1.1 200 OK
Content-Encoding: gzip
Content-Type: application/json
Date: Tue, 28 Jan 2025 20:46:16 GMT
Content-Length: 93

{
    "status": "success",
    "data": {
        "resultType": "vector",
        "result": [
            
        ]
    }
}
Request method:	GET
Request URI:	http://localhost:35481/api/v1/query?query=hivemq_platform_operator_custom_resource_count
Proxy:			<none>
Request params:	query=hivemq_platform_operator_custom_resource_count
Query params:	<none>
Form params:	<none>
Path params:	<none>
Headers:		Accept=*/*
Cookies:		<none>
Multiparts:		<none>
Body:			<none>
HTTP/1.1 200 OK
Content-Encoding: gzip
Content-Type: application/json
Date: Tue, 28 Jan 2025 20:46:21 GMT
Content-Length: 283

{
    "status": "success",
    "data": {
        "resultType": "vector",
        "result": [
            {
                "metric": {
                    "__name__": "hivemq_platform_operator_custom_resource_count",
                    "container": "hivemq-platform-operator",
                    "controller": "hivemq-controller",
                    "endpoint": "http-test-hivemq-platform-operator",
                    "instance": "10.42.0.16:8080",
                    "job": "hivemq-platform-operator-test-hivemq-platform-operator",
                    "namespace": "helmmonitoringoperatorit-operator",
                    "pod": "hivemq-test-hivemq-platform-operator-6966f96d65-ssk4h",
                    "service": "hivemq-platform-operator-test-hivemq-platform-operator"
                },
                "value": [
                    1738097181.279,
                    "0"
                ]
            }
        ]
    }
}
Request method:	GET
Request URI:	http://localhost:38031/api/search
Proxy:			<none>
Request params:	<none>
Query params:	<none>
Form params:	<none>
Path params:	<none>
Headers:		Authorization=Basic YWRtaW46cHJvbS1vcGVyYXRvcg==
				Accept=*/*
Cookies:		<none>
Multiparts:		<none>
Body:			<none>
HTTP/1.1 200 OK
Cache-Control: no-store
Content-Type: application/json
X-Content-Type-Options: nosniff
X-Frame-Options: deny
X-Xss-Protection: 1; mode=block
Date: Tue, 28 Jan 2025 20:46:26 GMT
Transfer-Encoding: chunked

[
    {
        "id": 1,
        "uid": "alertmanager-overview",
        "title": "Alertmanager / Overview",
        "uri": "db/alertmanager-overview",
        "url": "/d/alertmanager-overview/alertmanager-overview",
        "slug": "",
        "type": "dash-db",
        "tags": [
            "alertmanager-mixin"
        ],
        "isStarred": false,
        "sortMeta": 0,
        "isDeleted": false
    },
    {
        "id": 7,
        "uid": "vkQ0UHxik",
        "title": "CoreDNS",
        "uri": "db/coredns",
        "url": "/d/vkQ0UHxik/coredns",
        "slug": "",
        "type": "dash-db",
        "tags": [
            "coredns",
            "dns"
        ],
        "isStarred": false,
        "sortMeta": 0,
        "isDeleted": false
    },
    {
        "id": 5,
        "uid": "c2f4e12cdf69feb95caa41a5a1b423d9",
        "title": "etcd",
        "uri": "db/etcd",
        "url": "/d/c2f4e12cdf69feb95caa41a5a1b423d9/etcd",
        "slug": "",
        "type": "dash-db",
        "tags": [
            "etcd-mixin"
        ],
        "isStarred": false,
        "sortMeta": 0,
        "isDeleted": false
    },
    {
        "id": 6,
        "uid": "6be0s85Mk",
        "title": "Grafana Overview",
        "uri": "db/grafana-overview",
        "url": "/d/6be0s85Mk/grafana-overview",
        "slug": "",
        "type": "dash-db",
        "tags": [
            
        ],
        "isStarred": false,
        "sortMeta": 0,
        "isDeleted": false
    },
    {
        "id": 29,
        "uid": "debdzgstahqtca",
        "title": "HiveMQ Platform Operator (Prometheus)",
        "uri": "db/hivemq-platform-operator-prometheus",
        "url": "/d/debdzgstahqtca/hivemq-platform-operator-prometheus",
        "slug": "",
        "type": "dash-db",
        "tags": [
            
        ],
        "isStarred": false,
        "sortMeta": 0,
        "isDeleted": false
    },
    {
        "id": 2,
        "uid": "09ec8aa1e996d6ffcd6817bbaff4db1b",
        "title": "Kubernetes / API server",
        "uri": "db/kubernetes-api-server",
        "url": "/d/09ec8aa1e996d6ffcd6817bbaff4db1b/kubernetes-api-server",
        "slug": "",
        "type": "dash-db",
        "tags": [
            "kubernetes-mixin"
        ],
        "isStarred": false,
        "sortMeta": 0,
        "isDeleted": false
    },
    {
        "id": 9,
        "uid": "b59e6c9f2fcbe2e16d77fc492374cc4f",
        "title": "Kubernetes / Compute Resources /  Multi-Cluster",
        "uri": "db/kubernetes-compute-resources-multi-cluster",
        "url": "/d/b59e6c9f2fcbe2e16d77fc492374cc4f/kubernetes-compute-resources-multi-cluster",
        "slug": "",
        "type": "dash-db",
        "tags": [
            "kubernetes-mixin"
        ],
        "isStarred": false,
        "sortMeta": 0,
        "isDeleted": false
    },
    {
        "id": 8,
        "uid": "efa86fd1d0c121a26444b636a3f509a8",
        "title": "Kubernetes / Compute Resources / Cluster",
        "uri": "db/kubernetes-compute-resources-cluster",
        "url": "/d/efa86fd1d0c121a26444b636a3f509a8/kubernetes-compute-resources-cluster",
        "slug": "",
        "type": "dash-db",
        "tags": [
            "kubernetes-mixin"
        ],
        "isStarred": false,
        "sortMeta": 0,
        "isDeleted": false
    },
    {
        "id": 10,
        "uid": "85a562078cdf77779eaa1add43ccec1e",
        "title": "Kubernetes / Compute Resources / Namespace (Pods)",
        "uri": "db/kubernetes-compute-resources-namespace-pods",
        "url": "/d/85a562078cdf77779eaa1add43ccec1e/kubernetes-compute-resources-namespace-pods",
        "slug": "",
        "type": "dash-db",
        "tags": [
            "kubernetes-mixin"
        ],
        "isStarred": false,
        "sortMeta": 0,
        "isDeleted": false
    },
    {
        "id": 14,
        "uid": "a87fb0d919ec0ea5f6543124e16c42a5",
        "title": "Kubernetes / Compute Resources / Namespace (Workloads)",
        "uri": "db/kubernetes-compute-resources-namespace-workloads",
        "url": "/d/a87fb0d919ec0ea5f6543124e16c42a5/kubernetes-compute-resources-namespace-workloads",
        "slug": "",
        "type": "dash-db",
        "tags": [
            "kubernetes-mixin"
        ],
        "isStarred": false,
        "sortMeta": 0,
        "isDeleted": false
    },
    {
        "id": 11,
        "uid": "200ac8fdbfbb74b39aff88118e4d1c2c",
        "title": "Kubernetes / Compute Resources / Node (Pods)",
        "uri": "db/kubernetes-compute-resources-node-pods",
        "url": "/d/200ac8fdbfbb74b39aff88118e4d1c2c/kubernetes-compute-resources-node-pods",
        "slug": "",
        "type": "dash-db",
        "tags": [
            "kubernetes-mixin"
        ],
        "isStarred": false,
        "sortMeta": 0,
        "isDeleted": false
    },
    {
        "id": 12,
        "uid": "6581e46e4e5c7ba40a07646395ef7b23",
        "title": "Kubernetes / Compute Resources / Pod",
        "uri": "db/kubernetes-compute-resources-pod",
        "url": "/d/6581e46e4e5c7ba40a07646395ef7b23/kubernetes-compute-resources-pod",
        "slug": "",
        "type": "dash-db",
        "tags": [
            "kubernetes-mixin"
        ],
        "isStarred": false,
        "sortMeta": 0,
        "isDeleted": false
    },
    {
        "id": 13,
        "uid": "a164a7f0339f99e89cea5cb47e9be617",
        "title": "Kubernetes / Compute Resources / Workload",
        "uri": "db/kubernetes-compute-resources-workload",
        "url": "/d/a164a7f0339f99e89cea5cb47e9be617/kubernetes-compute-resources-workload",
        "slug": "",
        "type": "dash-db",
        "tags": [
            "kubernetes-mixin"
        ],
        "isStarred": false,
        "sortMeta": 0,
        "isDeleted": false
    },
    {
        "id": 4,
        "uid": "72e0e05bef5099e5f049b05fdc429ed4",
        "title": "Kubernetes / Controller Manager",
        "uri": "db/kubernetes-controller-manager",
        "url": "/d/72e0e05bef5099e5f049b05fdc429ed4/kubernetes-controller-manager",
        "slug": "",
        "type": "dash-db",
        "tags": [
            "kubernetes-mixin"
        ],
        "isStarred": false,
        "sortMeta": 0,
        "isDeleted": false
    },
    {
        "id": 15,
        "uid": "3138fa155d5915769fbded898ac09fd9",
        "title": "Kubernetes / Kubelet",
        "uri": "db/kubernetes-kubelet",
        "url": "/d/3138fa155d5915769fbded898ac09fd9/kubernetes-kubelet",
        "slug": "",
        "type": "dash-db",
        "tags": [
            "kubernetes-mixin"
        ],
        "isStarred": false,
        "sortMeta": 0,
        "isDeleted": false
    },
    {
        "id": 3,
        "uid": "ff635a025bcfea7bc3dd4f508990a3e9",
        "title": "Kubernetes / Networking / Cluster",
        "uri": "db/kubernetes-networking-cluster",
        "url": "/d/ff635a025bcfea7bc3dd4f508990a3e9/kubernetes-networking-cluster",
        "slug": "",
        "type": "dash-db",
        "tags": [
            "kubernetes-mixin"
        ],
        "isStarred": false,
        "sortMeta": 0,
        "isDeleted": false
    },
    {
        "id": 16,
        "uid": "8b7a8b326d7a6f1f04244066368c67af",
        "title": "Kubernetes / Networking / Namespace (Pods)",
        "uri": "db/kubernetes-networking-namespace-pods",
        "url": "/d/8b7a8b326d7a6f1f04244066368c67af/kubernetes-networking-namespace-pods",
        "slug": "",
        "type": "dash-db",
        "tags": [
            "kubernetes-mixin"
        ],
        "isStarred": false,
        "sortMeta": 0,
        "isDeleted": false
    },
    {
        "id": 17,
        "uid": "bbb2a765a623ae38130206c7d94a160f",
        "title": "Kubernetes / Networking / Namespace (Workload)",
        "uri": "db/kubernetes-networking-namespace-workload",
        "url": "/d/bbb2a765a623ae38130206c7d94a160f/kubernetes-networking-namespace-workload",
        "slug": "",
        "type": "dash-db",
        "tags": [
            "kubernetes-mixin"
        ],
        "isStarred": false,
        "sortMeta": 0,
        "isDeleted": false
    },
    {
        "id": 24,
        "uid": "7a18067ce943a40ae25454675c19ff5c",
        "title": "Kubernetes / Networking / Pod",
        "uri": "db/kubernetes-networking-pod",
        "url": "/d/7a18067ce943a40ae25454675c19ff5c/kubernetes-networking-pod",
        "slug": "",
        "type": "dash-db",
        "tags": [
            "kubernetes-mixin"
        ],
        "isStarred": false,
        "sortMeta": 0,
        "isDeleted": false
    },
    {
        "id": 28,
        "uid": "728bf77cc1166d2f3133bf25846876cc",
        "title": "Kubernetes / Networking / Workload",
        "uri": "db/kubernetes-networking-workload",
        "url": "/d/728bf77cc1166d2f3133bf25846876cc/kubernetes-networking-workload",
        "slug": "",
        "type": "dash-db",
        "tags": [
            "kubernetes-mixin"
        ],
        "isStarred": false,
        "sortMeta": 0,
        "isDeleted": false
    },
    {
        "id": 23,
        "uid": "919b92a8e8041bd567af9edab12c840c",
        "title": "Kubernetes / Persistent Volumes",
        "uri": "db/kubernetes-persistent-volumes",
        "url": "/d/919b92a8e8041bd567af9edab12c840c/kubernetes-persistent-volumes",
        "slug": "",
        "type": "dash-db",
        "tags": [
            "kubernetes-mixin"
        ],
        "isStarred": false,
        "sortMeta": 0,
        "isDeleted": false
    },
    {
        "id": 26,
        "uid": "632e265de029684c40b21cb76bca4f94",
        "title": "Kubernetes / Proxy",
        "uri": "db/kubernetes-proxy",
        "url": "/d/632e265de029684c40b21cb76bca4f94/kubernetes-proxy",
        "slug": "",
        "type": "dash-db",
        "tags": [
            "kubernetes-mixin"
        ],
        "isStarred": false,
        "sortMeta": 0,
        "isDeleted": false
    },
    {
        "id": 27,
        "uid": "2e6b6a3b4bddf1427b3a55aa1311c656",
        "title": "Kubernetes / Scheduler",
        "uri": "db/kubernetes-scheduler",
        "url": "/d/2e6b6a3b4bddf1427b3a55aa1311c656/kubernetes-scheduler",
        "slug": "",
        "type": "dash-db",
        "tags": [
            "kubernetes-mixin"
        ],
        "isStarred": false,
        "sortMeta": 0,
        "isDeleted": false
    },
    {
        "id": 21,
        "uid": "7e0a61e486f727d763fb1d86fdd629c2",
        "title": "Node Exporter / AIX",
        "uri": "db/node-exporter-aix",
        "url": "/d/7e0a61e486f727d763fb1d86fdd629c2/node-exporter-aix",
        "slug": "",
        "type": "dash-db",
        "tags": [
            "node-exporter-mixin"
        ],
        "isStarred": false,
        "sortMeta": 0,
        "isDeleted": false
    },
    {
        "id": 22,
        "uid": "629701ea43bf69291922ea45f4a87d37",
        "title": "Node Exporter / MacOS",
        "uri": "db/node-exporter-macos",
        "url": "/d/629701ea43bf69291922ea45f4a87d37/node-exporter-macos",
        "slug": "",
        "type": "dash-db",
        "tags": [
            "node-exporter-mixin"
        ],
        "isStarred": false,
        "sortMeta": 0,
        "isDeleted": false
    },
    {
        "id": 20,
        "uid": "7d57716318ee0dddbac5a7f451fb7753",
        "title": "Node Exporter / Nodes",
        "uri": "db/node-exporter-nodes",
        "url": "/d/7d57716318ee0dddbac5a7f451fb7753/node-exporter-nodes",
        "slug": "",
        "type": "dash-db",
        "tags": [
            "node-exporter-mixin"
        ],
        "isStarred": false,
        "sortMeta": 0,
        "isDeleted": false
    },
    {
        "id": 18,
        "uid": "3e97d1d02672cdd0861f4c97c64f89b2",
        "title": "Node Exporter / USE Method / Cluster",
        "uri": "db/node-exporter-use-method-cluster",
        "url": "/d/3e97d1d02672cdd0861f4c97c64f89b2/node-exporter-use-method-cluster",
        "slug": "",
        "type": "dash-db",
        "tags": [
            "node-exporter-mixin"
        ],
        "isStarred": false,
        "sortMeta": 0,
        "isDeleted": false
    },
    {
        "id": 19,
        "uid": "fac67cfbe174d3ef53eb473d73d9212f",
        "title": "Node Exporter / USE Method / Node",
        "uri": "db/node-exporter-use-method-node",
        "url": "/d/fac67cfbe174d3ef53eb473d73d9212f/node-exporter-use-method-node",
        "slug": "",
        "type": "dash-db",
        "tags": [
            "node-exporter-mixin"
        ],
        "isStarred": false,
        "sortMeta": 0,
        "isDeleted": false
    },
    {
        "id": 25,
        "uid": "bebdzg29kcc1se",
        "title": "Prometheus / Overview",
        "uri": "db/prometheus-overview",
        "url": "/d/bebdzg29kcc1se/prometheus-overview",
        "slug": "",
        "type": "dash-db",
        "tags": [
            "prometheus-mixin"
        ],
        "isStarred": false,
        "sortMeta": 0,
        "isDeleted": false
    }
]
2025-01-28 20:46:26,393 INFO c.h.h.t.HelmChartContainer - Uninstalling release 'monitoring-stack' in namespace 'monitoring'...
2025-01-28 20:46:26,393 DEBUG c.h.h.t.HelmChartContainer - Executing helm command: /bin/helm --kubeconfig /etc/rancher/k3s/k3s.yaml uninstall monitoring-stack  --wait --timeout 5m0s --cascade foreground --namespace monitoring
2025-01-28 20:46:27,702 INFO c.h.h.t.HelmChartContainer - [K3S] [replica_set.go:679] "Finished syncing" kind="ReplicaSet" key="monitoring/monitoring-stack-kube-prom-operator-6f4fc4bc65" duration="3.447626ms"
2025-01-28 20:46:27,702 INFO c.h.h.t.HelmChartContainer - [K3S] [replica_set.go:679] "Finished syncing" kind="ReplicaSet" key="monitoring/monitoring-stack-kube-prom-operator-6f4fc4bc65" duration="44.624µs"
2025-01-28 20:46:27,801 INFO c.h.h.t.HelmChartContainer - [K3S] [replica_set.go:679] "Finished syncing" kind="ReplicaSet" key="monitoring/monitoring-stack-kube-state-metrics-5bf5c7b54d" duration="2.989534ms"
2025-01-28 20:46:27,802 INFO c.h.h.t.HelmChartContainer - [K3S] [replica_set.go:679] "Finished syncing" kind="ReplicaSet" key="monitoring/monitoring-stack-kube-state-metrics-5bf5c7b54d" duration="35.717µs"
2025-01-28 20:46:27,828 INFO c.h.h.t.HelmChartContainer - [K3S] [replica_set.go:679] "Finished syncing" kind="ReplicaSet" key="monitoring/monitoring-stack-grafana-64c55fb967" duration="4.403043ms"
2025-01-28 20:46:27,828 INFO c.h.h.t.HelmChartContainer - [K3S] [replica_set.go:679] "Finished syncing" kind="ReplicaSet" key="monitoring/monitoring-stack-grafana-64c55fb967" duration="45.314µs"
2025-01-28 20:46:28,052 INFO c.h.h.t.HelmChartContainer - [POD] monitoring-stack-prometheus-node-exporter-qj6qt [035d2d7e-170a-4ebd-bd18-936c2ba2e578] in monitoring was MODIFIED
2025-01-28 20:46:28,064 INFO c.h.h.t.HelmChartContainer - [EVENT] Normal [Killing] Stopping container node-exporter [monitoring:monitoring-stack-prometheus-node-exporter-qj6qt]
2025-01-28 20:46:28,161 INFO c.h.h.t.HelmChartContainer - [POD] monitoring-stack-prometheus-node-exporter-qj6qt [035d2d7e-170a-4ebd-bd18-936c2ba2e578] in monitoring was MODIFIED
2025-01-28 20:46:28,290 INFO c.h.h.t.HelmChartContainer - [K3S] [reconciler_common.go:162] "operationExecutor.UnmountVolume started for volume \"proc\" (UniqueName: \"kubernetes.io/host-path/035d2d7e-170a-4ebd-bd18-936c2ba2e578-proc\") pod \"035d2d7e-170a-4ebd-bd18-936c2ba2e578\" (UID: \"035d2d7e-170a-4ebd-bd18-936c2ba2e578\") "
2025-01-28 20:46:28,291 INFO c.h.h.t.HelmChartContainer - [K3S] [reconciler_common.go:162] "operationExecutor.UnmountVolume started for volume \"sys\" (UniqueName: \"kubernetes.io/host-path/035d2d7e-170a-4ebd-bd18-936c2ba2e578-sys\") pod \"035d2d7e-170a-4ebd-bd18-936c2ba2e578\" (UID: \"035d2d7e-170a-4ebd-bd18-936c2ba2e578\") "
2025-01-28 20:46:28,391 INFO c.h.h.t.HelmChartContainer - [K3S] [reconciler_common.go:299] "Volume detached for volume \"proc\" (UniqueName: \"kubernetes.io/host-path/035d2d7e-170a-4ebd-bd18-936c2ba2e578-proc\") on node \"8e458440c762\" DevicePath \"\""
2025-01-28 20:46:28,391 INFO c.h.h.t.HelmChartContainer - [K3S] [reconciler_common.go:299] "Volume detached for volume \"sys\" (UniqueName: \"kubernetes.io/host-path/035d2d7e-170a-4ebd-bd18-936c2ba2e578-sys\") on node \"8e458440c762\" DevicePath \"\""
2025-01-28 20:46:28,993 INFO c.h.h.t.HelmChartContainer - [K3S] [scope.go:117] "RemoveContainer" containerID="3560c4911890832b83d50c95618eda98e381b1d85b2b29a14338612622ffe456"
2025-01-28 20:46:28,999 INFO c.h.h.t.HelmChartContainer - [K3S] [scope.go:117] "RemoveContainer" containerID="3560c4911890832b83d50c95618eda98e381b1d85b2b29a14338612622ffe456"
2025-01-28 20:46:29,006 INFO c.h.h.t.HelmChartContainer - [POD] monitoring-stack-prometheus-node-exporter-qj6qt [035d2d7e-170a-4ebd-bd18-936c2ba2e578] in monitoring was MODIFIED
2025-01-28 20:46:29,016 INFO c.h.h.t.HelmChartContainer - [POD] monitoring-stack-prometheus-node-exporter-qj6qt [035d2d7e-170a-4ebd-bd18-936c2ba2e578] in monitoring was DELETED
2025-01-28 20:46:30,281 INFO c.h.h.t.HelmChartContainer - [K3S] [kubelet_volumes.go:163] "Cleaned up orphaned pod volumes dir" podUID="035d2d7e-170a-4ebd-bd18-936c2ba2e578" path="/var/lib/kubelet/pods/035d2d7e-170a-4ebd-bd18-936c2ba2e578/volumes"
2025-01-28 20:46:32,942 INFO c.h.h.t.HelmChartContainer - [K3S] [authentication.go:74] "Unable to authenticate the request" err="[invalid bearer token, serviceaccounts \"monitoring-stack-kube-state-metrics\" not found]"
2025-01-28 20:46:32,945 INFO c.h.h.t.HelmChartContainer - [EVENT] Warning [Unhealthy] Liveness probe failed: HTTP probe failed with statuscode: 503 [monitoring:monitoring-stack-kube-state-metrics-5bf5c7b54d-t5ckx]
2025-01-28 20:46:35,437 INFO c.h.h.t.HelmChartContainer - [K3S] [authentication.go:74] "Unable to authenticate the request" err="[invalid bearer token, serviceaccounts \"monitoring-stack-kube-prom-prometheus\" not found]"
2025-01-28 20:46:37,756 INFO c.h.h.t.HelmChartContainer - [POD] monitoring-stack-kube-prom-operator-6f4fc4bc65-4gglm [3bff6f05-5c4d-4e9b-9dc6-44328c251cc1] in monitoring was MODIFIED
2025-01-28 20:46:37,758 INFO c.h.h.t.HelmChartContainer - [K3S] [replica_set.go:679] "Finished syncing" kind="ReplicaSet" key="monitoring/monitoring-stack-kube-prom-operator-6f4fc4bc65" duration="9.435681ms"
2025-01-28 20:46:37,758 INFO c.h.h.t.HelmChartContainer - [EVENT] Normal [Killing] Stopping container kube-prometheus-stack [monitoring:monitoring-stack-kube-prom-operator-6f4fc4bc65-4gglm]
2025-01-28 20:46:37,759 INFO c.h.h.t.HelmChartContainer - [K3S] [replica_set.go:679] "Finished syncing" kind="ReplicaSet" key="monitoring/monitoring-stack-kube-prom-operator-6f4fc4bc65" duration="33.984µs"
2025-01-28 20:46:37,908 INFO c.h.h.t.HelmChartContainer - [K3S] [replica_set.go:679] "Finished syncing" kind="ReplicaSet" key="monitoring/monitoring-stack-kube-prom-operator-6f4fc4bc65" duration="44.594µs"
2025-01-28 20:46:37,910 INFO c.h.h.t.HelmChartContainer - [POD] monitoring-stack-kube-prom-operator-6f4fc4bc65-4gglm [3bff6f05-5c4d-4e9b-9dc6-44328c251cc1] in monitoring was MODIFIED
2025-01-28 20:46:38,006 INFO c.h.h.t.HelmChartContainer - [K3S] [scope.go:117] "RemoveContainer" containerID="2e86adf19ef6f4fd35adace266ad385c9a26f609f98e7bd5b2da863808f9faa2"
2025-01-28 20:46:38,010 INFO c.h.h.t.HelmChartContainer - [K3S] [scope.go:117] "RemoveContainer" containerID="2e86adf19ef6f4fd35adace266ad385c9a26f609f98e7bd5b2da863808f9faa2"
2025-01-28 20:46:38,053 INFO c.h.h.t.HelmChartContainer - [K3S] [reconciler_common.go:162] "operationExecutor.UnmountVolume started for volume \"tls-secret\" (UniqueName: \"kubernetes.io/secret/3bff6f05-5c4d-4e9b-9dc6-44328c251cc1-tls-secret\") pod \"3bff6f05-5c4d-4e9b-9dc6-44328c251cc1\" (UID: \"3bff6f05-5c4d-4e9b-9dc6-44328c251cc1\") "
2025-01-28 20:46:38,053 INFO c.h.h.t.HelmChartContainer - [K3S] [reconciler_common.go:162] "operationExecutor.UnmountVolume started for volume \"kube-api-access-bgpd5\" (UniqueName: \"kubernetes.io/projected/3bff6f05-5c4d-4e9b-9dc6-44328c251cc1-kube-api-access-bgpd5\") pod \"3bff6f05-5c4d-4e9b-9dc6-44328c251cc1\" (UID: \"3bff6f05-5c4d-4e9b-9dc6-44328c251cc1\") "
2025-01-28 20:46:38,103 INFO c.h.h.t.HelmChartContainer - [POD] monitoring-stack-kube-state-metrics-5bf5c7b54d-t5ckx [ec9ee3a1-99ef-4442-8567-7c8272688999] in monitoring was MODIFIED
2025-01-28 20:46:38,106 INFO c.h.h.t.HelmChartContainer - [K3S] [replica_set.go:679] "Finished syncing" kind="ReplicaSet" key="monitoring/monitoring-stack-kube-state-metrics-5bf5c7b54d" duration="6.622083ms"
2025-01-28 20:46:38,115 INFO c.h.h.t.HelmChartContainer - [EVENT] Normal [Killing] Stopping container kube-state-metrics [monitoring:monitoring-stack-kube-state-metrics-5bf5c7b54d-t5ckx]
2025-01-28 20:46:38,116 INFO c.h.h.t.HelmChartContainer - [K3S] [replica_set.go:679] "Finished syncing" kind="ReplicaSet" key="monitoring/monitoring-stack-kube-state-metrics-5bf5c7b54d" duration="87.604µs"
2025-01-28 20:46:38,154 INFO c.h.h.t.HelmChartContainer - [K3S] [reconciler_common.go:299] "Volume detached for volume \"tls-secret\" (UniqueName: \"kubernetes.io/secret/3bff6f05-5c4d-4e9b-9dc6-44328c251cc1-tls-secret\") on node \"8e458440c762\" DevicePath \"\""
2025-01-28 20:46:38,154 INFO c.h.h.t.HelmChartContainer - [K3S] [reconciler_common.go:299] "Volume detached for volume \"kube-api-access-bgpd5\" (UniqueName: \"kubernetes.io/projected/3bff6f05-5c4d-4e9b-9dc6-44328c251cc1-kube-api-access-bgpd5\") on node \"8e458440c762\" DevicePath \"\""
2025-01-28 20:46:38,158 INFO c.h.h.t.HelmChartContainer - [POD] monitoring-stack-grafana-64c55fb967-9bhgv [ce20d58f-8299-471c-b11d-e4d98102d049] in monitoring was MODIFIED
2025-01-28 20:46:38,163 INFO c.h.h.t.HelmChartContainer - [EVENT] Normal [Killing] Stopping container grafana-sc-dashboard [monitoring:monitoring-stack-grafana-64c55fb967-9bhgv]
2025-01-28 20:46:38,174 INFO c.h.h.t.HelmChartContainer - [EVENT] Normal [Killing] Stopping container grafana [monitoring:monitoring-stack-grafana-64c55fb967-9bhgv]
2025-01-28 20:46:38,176 INFO c.h.h.t.HelmChartContainer - [K3S] [replica_set.go:679] "Finished syncing" kind="ReplicaSet" key="monitoring/monitoring-stack-grafana-64c55fb967" duration="20.813852ms"
2025-01-28 20:46:38,177 INFO c.h.h.t.HelmChartContainer - [K3S] [replica_set.go:679] "Finished syncing" kind="ReplicaSet" key="monitoring/monitoring-stack-grafana-64c55fb967" duration="72.175µs"
2025-01-28 20:46:38,197 INFO c.h.h.t.HelmChartContainer - [EVENT] Normal [Killing] Stopping container grafana-sc-datasources [monitoring:monitoring-stack-grafana-64c55fb967-9bhgv]
2025-01-28 20:46:38,319 INFO c.h.h.t.HelmChartContainer - [K3S] [replica_set.go:679] "Finished syncing" kind="ReplicaSet" key="monitoring/monitoring-stack-kube-prom-operator-6f4fc4bc65" duration="49.152µs"
2025-01-28 20:46:38,320 INFO c.h.h.t.HelmChartContainer - [POD] monitoring-stack-kube-prom-operator-6f4fc4bc65-4gglm [3bff6f05-5c4d-4e9b-9dc6-44328c251cc1] in monitoring was MODIFIED
2025-01-28 20:46:38,324 INFO c.h.h.t.HelmChartContainer - [POD] monitoring-stack-kube-prom-operator-6f4fc4bc65-4gglm [3bff6f05-5c4d-4e9b-9dc6-44328c251cc1] in monitoring was DELETED
2025-01-28 20:46:38,325 INFO c.h.h.t.HelmChartContainer - [K3S] [replica_set.go:679] "Finished syncing" kind="ReplicaSet" key="monitoring/monitoring-stack-kube-prom-operator-6f4fc4bc65" duration="49.432µs"
2025-01-28 20:46:38,350 INFO c.h.h.t.HelmChartContainer - [K3S] [replica_set.go:679] "Finished syncing" kind="ReplicaSet" key="monitoring/monitoring-stack-kube-state-metrics-5bf5c7b54d" duration="46.276µs"
2025-01-28 20:46:38,351 INFO c.h.h.t.HelmChartContainer - [POD] monitoring-stack-kube-state-metrics-5bf5c7b54d-t5ckx [ec9ee3a1-99ef-4442-8567-7c8272688999] in monitoring was MODIFIED
2025-01-28 20:46:38,432 INFO c.h.h.t.HelmChartContainer - [POD] alertmanager-monitoring-stack-kube-prom-alertmanager-0 [99ae83db-9ef2-48f6-a891-5ec02a208c53] in monitoring was MODIFIED
2025-01-28 20:46:38,432 INFO c.h.h.t.HelmChartContainer - [EVENT] Normal [Killing] Stopping container alertmanager [monitoring:alertmanager-monitoring-stack-kube-prom-alertmanager-0]
2025-01-28 20:46:38,439 INFO c.h.h.t.HelmChartContainer - [EVENT] Normal [Killing] Stopping container config-reloader [monitoring:alertmanager-monitoring-stack-kube-prom-alertmanager-0]
2025-01-28 20:46:38,457 INFO c.h.h.t.HelmChartContainer - [K3S] [reconciler_common.go:162] "operationExecutor.UnmountVolume started for volume \"kube-api-access-46k7d\" (UniqueName: \"kubernetes.io/projected/ec9ee3a1-99ef-4442-8567-7c8272688999-kube-api-access-46k7d\") pod \"ec9ee3a1-99ef-4442-8567-7c8272688999\" (UID: \"ec9ee3a1-99ef-4442-8567-7c8272688999\") "
2025-01-28 20:46:38,560 INFO c.h.h.t.HelmChartContainer - [K3S] [reconciler_common.go:299] "Volume detached for volume \"kube-api-access-46k7d\" (UniqueName: \"kubernetes.io/projected/ec9ee3a1-99ef-4442-8567-7c8272688999-kube-api-access-46k7d\") on node \"8e458440c762\" DevicePath \"\""
2025-01-28 20:46:38,567 INFO c.h.h.t.HelmChartContainer - [K3S] [replica_set.go:679] "Finished syncing" kind="ReplicaSet" key="monitoring/monitoring-stack-grafana-64c55fb967" duration="59.872µs"
2025-01-28 20:46:38,569 INFO c.h.h.t.HelmChartContainer - [POD] monitoring-stack-grafana-64c55fb967-9bhgv [ce20d58f-8299-471c-b11d-e4d98102d049] in monitoring was MODIFIED
2025-01-28 20:46:38,605 INFO c.h.h.t.HelmChartContainer - [POD] alertmanager-monitoring-stack-kube-prom-alertmanager-0 [99ae83db-9ef2-48f6-a891-5ec02a208c53] in monitoring was MODIFIED
2025-01-28 20:46:38,607 INFO c.h.h.t.HelmChartContainer - [POD] prometheus-monitoring-stack-kube-prom-prometheus-0 [d5e4ba9c-0659-430e-a360-7804afd5547f] in monitoring was MODIFIED
2025-01-28 20:46:38,627 INFO c.h.h.t.HelmChartContainer - [EVENT] Normal [Killing] Stopping container prometheus [monitoring:prometheus-monitoring-stack-kube-prom-prometheus-0]
2025-01-28 20:46:38,630 INFO c.h.h.t.HelmChartContainer - [EVENT] Normal [Killing] Stopping container config-reloader [monitoring:prometheus-monitoring-stack-kube-prom-prometheus-0]
2025-01-28 20:46:38,662 INFO c.h.h.t.HelmChartContainer - [K3S] [reconciler_common.go:162] "operationExecutor.UnmountVolume started for volume \"web-config\" (UniqueName: \"kubernetes.io/secret/99ae83db-9ef2-48f6-a891-5ec02a208c53-web-config\") pod \"99ae83db-9ef2-48f6-a891-5ec02a208c53\" (UID: \"99ae83db-9ef2-48f6-a891-5ec02a208c53\") "
2025-01-28 20:46:38,662 INFO c.h.h.t.HelmChartContainer - [K3S] [reconciler_common.go:162] "operationExecutor.UnmountVolume started for volume \"config-out\" (UniqueName: \"kubernetes.io/empty-dir/99ae83db-9ef2-48f6-a891-5ec02a208c53-config-out\") pod \"99ae83db-9ef2-48f6-a891-5ec02a208c53\" (UID: \"99ae83db-9ef2-48f6-a891-5ec02a208c53\") "
2025-01-28 20:46:38,662 INFO c.h.h.t.HelmChartContainer - [K3S] [reconciler_common.go:162] "operationExecutor.UnmountVolume started for volume \"storage\" (UniqueName: \"kubernetes.io/empty-dir/ce20d58f-8299-471c-b11d-e4d98102d049-storage\") pod \"ce20d58f-8299-471c-b11d-e4d98102d049\" (UID: \"ce20d58f-8299-471c-b11d-e4d98102d049\") "
2025-01-28 20:46:38,662 INFO c.h.h.t.HelmChartContainer - [K3S] [reconciler_common.go:162] "operationExecutor.UnmountVolume started for volume \"kube-api-access-zfplm\" (UniqueName: \"kubernetes.io/projected/99ae83db-9ef2-48f6-a891-5ec02a208c53-kube-api-access-zfplm\") pod \"99ae83db-9ef2-48f6-a891-5ec02a208c53\" (UID: \"99ae83db-9ef2-48f6-a891-5ec02a208c53\") "
2025-01-28 20:46:38,662 INFO c.h.h.t.HelmChartContainer - [K3S] [reconciler_common.go:162] "operationExecutor.UnmountVolume started for volume \"config\" (UniqueName: \"kubernetes.io/configmap/ce20d58f-8299-471c-b11d-e4d98102d049-config\") pod \"ce20d58f-8299-471c-b11d-e4d98102d049\" (UID: \"ce20d58f-8299-471c-b11d-e4d98102d049\") "
2025-01-28 20:46:38,662 INFO c.h.h.t.HelmChartContainer - [K3S] [reconciler_common.go:162] "operationExecutor.UnmountVolume started for volume \"sc-dashboard-volume\" (UniqueName: \"kubernetes.io/empty-dir/ce20d58f-8299-471c-b11d-e4d98102d049-sc-dashboard-volume\") pod \"ce20d58f-8299-471c-b11d-e4d98102d049\" (UID: \"ce20d58f-8299-471c-b11d-e4d98102d049\") "
2025-01-28 20:46:38,662 INFO c.h.h.t.HelmChartContainer - [K3S] [reconciler_common.go:162] "operationExecutor.UnmountVolume started for volume \"alertmanager-monitoring-stack-kube-prom-alertmanager-db\" (UniqueName: \"kubernetes.io/empty-dir/99ae83db-9ef2-48f6-a891-5ec02a208c53-alertmanager-monitoring-stack-kube-prom-alertmanager-db\") pod \"99ae83db-9ef2-48f6-a891-5ec02a208c53\" (UID: \"99ae83db-9ef2-48f6-a891-5ec02a208c53\") "
2025-01-28 20:46:38,662 INFO c.h.h.t.HelmChartContainer - [K3S] [reconciler_common.go:162] "operationExecutor.UnmountVolume started for volume \"sc-datasources-volume\" (UniqueName: \"kubernetes.io/empty-dir/ce20d58f-8299-471c-b11d-e4d98102d049-sc-datasources-volume\") pod \"ce20d58f-8299-471c-b11d-e4d98102d049\" (UID: \"ce20d58f-8299-471c-b11d-e4d98102d049\") "
2025-01-28 20:46:38,662 INFO c.h.h.t.HelmChartContainer - [K3S] [reconciler_common.go:162] "operationExecutor.UnmountVolume started for volume \"kube-api-access-mppb8\" (UniqueName: \"kubernetes.io/projected/ce20d58f-8299-471c-b11d-e4d98102d049-kube-api-access-mppb8\") pod \"ce20d58f-8299-471c-b11d-e4d98102d049\" (UID: \"ce20d58f-8299-471c-b11d-e4d98102d049\") "
2025-01-28 20:46:38,663 INFO c.h.h.t.HelmChartContainer - [K3S] [reconciler_common.go:162] "operationExecutor.UnmountVolume started for volume \"sc-dashboard-provider\" (UniqueName: \"kubernetes.io/configmap/ce20d58f-8299-471c-b11d-e4d98102d049-sc-dashboard-provider\") pod \"ce20d58f-8299-471c-b11d-e4d98102d049\" (UID: \"ce20d58f-8299-471c-b11d-e4d98102d049\") "
2025-01-28 20:46:38,663 INFO c.h.h.t.HelmChartContainer - [K3S] [reconciler_common.go:162] "operationExecutor.UnmountVolume started for volume \"config-volume\" (UniqueName: \"kubernetes.io/secret/99ae83db-9ef2-48f6-a891-5ec02a208c53-config-volume\") pod \"99ae83db-9ef2-48f6-a891-5ec02a208c53\" (UID: \"99ae83db-9ef2-48f6-a891-5ec02a208c53\") "
2025-01-28 20:46:38,663 INFO c.h.h.t.HelmChartContainer - [K3S] [reconciler_common.go:162] "operationExecutor.UnmountVolume started for volume \"tls-assets\" (UniqueName: \"kubernetes.io/projected/99ae83db-9ef2-48f6-a891-5ec02a208c53-tls-assets\") pod \"99ae83db-9ef2-48f6-a891-5ec02a208c53\" (UID: \"99ae83db-9ef2-48f6-a891-5ec02a208c53\") "
2025-01-28 20:46:38,764 INFO c.h.h.t.HelmChartContainer - [POD] prometheus-monitoring-stack-kube-prom-prometheus-0 [d5e4ba9c-0659-430e-a360-7804afd5547f] in monitoring was MODIFIED
2025-01-28 20:46:38,764 INFO c.h.h.t.HelmChartContainer - [K3S] [reconciler_common.go:299] "Volume detached for volume \"storage\" (UniqueName: \"kubernetes.io/empty-dir/ce20d58f-8299-471c-b11d-e4d98102d049-storage\") on node \"8e458440c762\" DevicePath \"\""
2025-01-28 20:46:38,764 INFO c.h.h.t.HelmChartContainer - [K3S] [reconciler_common.go:299] "Volume detached for volume \"kube-api-access-zfplm\" (UniqueName: \"kubernetes.io/projected/99ae83db-9ef2-48f6-a891-5ec02a208c53-kube-api-access-zfplm\") on node \"8e458440c762\" DevicePath \"\""
2025-01-28 20:46:38,764 INFO c.h.h.t.HelmChartContainer - [K3S] [reconciler_common.go:299] "Volume detached for volume \"web-config\" (UniqueName: \"kubernetes.io/secret/99ae83db-9ef2-48f6-a891-5ec02a208c53-web-config\") on node \"8e458440c762\" DevicePath \"\""
2025-01-28 20:46:38,764 INFO c.h.h.t.HelmChartContainer - [K3S] [reconciler_common.go:299] "Volume detached for volume \"config-out\" (UniqueName: \"kubernetes.io/empty-dir/99ae83db-9ef2-48f6-a891-5ec02a208c53-config-out\") on node \"8e458440c762\" DevicePath \"\""
2025-01-28 20:46:38,764 INFO c.h.h.t.HelmChartContainer - [K3S] [reconciler_common.go:299] "Volume detached for volume \"config\" (UniqueName: \"kubernetes.io/configmap/ce20d58f-8299-471c-b11d-e4d98102d049-config\") on node \"8e458440c762\" DevicePath \"\""
2025-01-28 20:46:38,764 INFO c.h.h.t.HelmChartContainer - [K3S] [reconciler_common.go:299] "Volume detached for volume \"sc-dashboard-volume\" (UniqueName: \"kubernetes.io/empty-dir/ce20d58f-8299-471c-b11d-e4d98102d049-sc-dashboard-volume\") on node \"8e458440c762\" DevicePath \"\""
2025-01-28 20:46:38,764 INFO c.h.h.t.HelmChartContainer - [K3S] [reconciler_common.go:299] "Volume detached for volume \"alertmanager-monitoring-stack-kube-prom-alertmanager-db\" (UniqueName: \"kubernetes.io/empty-dir/99ae83db-9ef2-48f6-a891-5ec02a208c53-alertmanager-monitoring-stack-kube-prom-alertmanager-db\") on node \"8e458440c762\" DevicePath \"\""
2025-01-28 20:46:38,764 INFO c.h.h.t.HelmChartContainer - [K3S] [reconciler_common.go:299] "Volume detached for volume \"tls-assets\" (UniqueName: \"kubernetes.io/projected/99ae83db-9ef2-48f6-a891-5ec02a208c53-tls-assets\") on node \"8e458440c762\" DevicePath \"\""
2025-01-28 20:46:38,764 INFO c.h.h.t.HelmChartContainer - [K3S] [reconciler_common.go:299] "Volume detached for volume \"sc-datasources-volume\" (UniqueName: \"kubernetes.io/empty-dir/ce20d58f-8299-471c-b11d-e4d98102d049-sc-datasources-volume\") on node \"8e458440c762\" DevicePath \"\""
2025-01-28 20:46:38,764 INFO c.h.h.t.HelmChartContainer - [K3S] [reconciler_common.go:299] "Volume detached for volume \"kube-api-access-mppb8\" (UniqueName: \"kubernetes.io/projected/ce20d58f-8299-471c-b11d-e4d98102d049-kube-api-access-mppb8\") on node \"8e458440c762\" DevicePath \"\""
2025-01-28 20:46:38,764 INFO c.h.h.t.HelmChartContainer - [K3S] [reconciler_common.go:299] "Volume detached for volume \"sc-dashboard-provider\" (UniqueName: \"kubernetes.io/configmap/ce20d58f-8299-471c-b11d-e4d98102d049-sc-dashboard-provider\") on node \"8e458440c762\" DevicePath \"\""
2025-01-28 20:46:38,765 INFO c.h.h.t.HelmChartContainer - [K3S] [reconciler_common.go:299] "Volume detached for volume \"config-volume\" (UniqueName: \"kubernetes.io/secret/99ae83db-9ef2-48f6-a891-5ec02a208c53-config-volume\") on node \"8e458440c762\" DevicePath \"\""
2025-01-28 20:46:38,862 INFO c.h.h.t.HelmChartContainer - [K3S] [reconciler_common.go:162] "operationExecutor.UnmountVolume started for volume \"tls-assets\" (UniqueName: \"kubernetes.io/projected/d5e4ba9c-0659-430e-a360-7804afd5547f-tls-assets\") pod \"d5e4ba9c-0659-430e-a360-7804afd5547f\" (UID: \"d5e4ba9c-0659-430e-a360-7804afd5547f\") "
2025-01-28 20:46:38,862 INFO c.h.h.t.HelmChartContainer - [K3S] [reconciler_common.go:162] "operationExecutor.UnmountVolume started for volume \"prometheus-monitoring-stack-kube-prom-prometheus-db\" (UniqueName: \"kubernetes.io/empty-dir/d5e4ba9c-0659-430e-a360-7804afd5547f-prometheus-monitoring-stack-kube-prom-prometheus-db\") pod \"d5e4ba9c-0659-430e-a360-7804afd5547f\" (UID: \"d5e4ba9c-0659-430e-a360-7804afd5547f\") "
2025-01-28 20:46:38,862 INFO c.h.h.t.HelmChartContainer - [K3S] [reconciler_common.go:162] "operationExecutor.UnmountVolume started for volume \"config-out\" (UniqueName: \"kubernetes.io/empty-dir/d5e4ba9c-0659-430e-a360-7804afd5547f-config-out\") pod \"d5e4ba9c-0659-430e-a360-7804afd5547f\" (UID: \"d5e4ba9c-0659-430e-a360-7804afd5547f\") "
2025-01-28 20:46:38,862 INFO c.h.h.t.HelmChartContainer - [K3S] [reconciler_common.go:162] "operationExecutor.UnmountVolume started for volume \"prometheus-monitoring-stack-kube-prom-prometheus-rulefiles-0\" (UniqueName: \"kubernetes.io/configmap/d5e4ba9c-0659-430e-a360-7804afd5547f-prometheus-monitoring-stack-kube-prom-prometheus-rulefiles-0\") pod \"d5e4ba9c-0659-430e-a360-7804afd5547f\" (UID: \"d5e4ba9c-0659-430e-a360-7804afd5547f\") "
2025-01-28 20:46:38,862 INFO c.h.h.t.HelmChartContainer - [K3S] [reconciler_common.go:162] "operationExecutor.UnmountVolume started for volume \"kube-api-access-csjqr\" (UniqueName: \"kubernetes.io/projected/d5e4ba9c-0659-430e-a360-7804afd5547f-kube-api-access-csjqr\") pod \"d5e4ba9c-0659-430e-a360-7804afd5547f\" (UID: \"d5e4ba9c-0659-430e-a360-7804afd5547f\") "
2025-01-28 20:46:38,863 INFO c.h.h.t.HelmChartContainer - [K3S] [reconciler_common.go:162] "operationExecutor.UnmountVolume started for volume \"config\" (UniqueName: \"kubernetes.io/secret/d5e4ba9c-0659-430e-a360-7804afd5547f-config\") pod \"d5e4ba9c-0659-430e-a360-7804afd5547f\" (UID: \"d5e4ba9c-0659-430e-a360-7804afd5547f\") "
2025-01-28 20:46:38,864 INFO c.h.h.t.HelmChartContainer - [K3S] [reconciler_common.go:162] "operationExecutor.UnmountVolume started for volume \"web-config\" (UniqueName: \"kubernetes.io/secret/d5e4ba9c-0659-430e-a360-7804afd5547f-web-config\") pod \"d5e4ba9c-0659-430e-a360-7804afd5547f\" (UID: \"d5e4ba9c-0659-430e-a360-7804afd5547f\") "
2025-01-28 20:46:38,962 INFO c.h.h.t.HelmChartContainer - [K3S] [reconciler_common.go:299] "Volume detached for volume \"prometheus-monitoring-stack-kube-prom-prometheus-rulefiles-0\" (UniqueName: \"kubernetes.io/configmap/d5e4ba9c-0659-430e-a360-7804afd5547f-prometheus-monitoring-stack-kube-prom-prometheus-rulefiles-0\") on node \"8e458440c762\" DevicePath \"\""
2025-01-28 20:46:38,962 INFO c.h.h.t.HelmChartContainer - [K3S] [reconciler_common.go:299] "Volume detached for volume \"kube-api-access-csjqr\" (UniqueName: \"kubernetes.io/projected/d5e4ba9c-0659-430e-a360-7804afd5547f-kube-api-access-csjqr\") on node \"8e458440c762\" DevicePath \"\""
2025-01-28 20:46:38,962 INFO c.h.h.t.HelmChartContainer - [K3S] [reconciler_common.go:299] "Volume detached for volume \"web-config\" (UniqueName: \"kubernetes.io/secret/d5e4ba9c-0659-430e-a360-7804afd5547f-web-config\") on node \"8e458440c762\" DevicePath \"\""
2025-01-28 20:46:38,962 INFO c.h.h.t.HelmChartContainer - [K3S] [reconciler_common.go:299] "Volume detached for volume \"config\" (UniqueName: \"kubernetes.io/secret/d5e4ba9c-0659-430e-a360-7804afd5547f-config\") on node \"8e458440c762\" DevicePath \"\""
2025-01-28 20:46:38,962 INFO c.h.h.t.HelmChartContainer - [K3S] [reconciler_common.go:299] "Volume detached for volume \"tls-assets\" (UniqueName: \"kubernetes.io/projected/d5e4ba9c-0659-430e-a360-7804afd5547f-tls-assets\") on node \"8e458440c762\" DevicePath \"\""
2025-01-28 20:46:38,962 INFO c.h.h.t.HelmChartContainer - [K3S] [reconciler_common.go:299] "Volume detached for volume \"prometheus-monitoring-stack-kube-prom-prometheus-db\" (UniqueName: \"kubernetes.io/empty-dir/d5e4ba9c-0659-430e-a360-7804afd5547f-prometheus-monitoring-stack-kube-prom-prometheus-db\") on node \"8e458440c762\" DevicePath \"\""
2025-01-28 20:46:38,962 INFO c.h.h.t.HelmChartContainer - [K3S] [reconciler_common.go:299] "Volume detached for volume \"config-out\" (UniqueName: \"kubernetes.io/empty-dir/d5e4ba9c-0659-430e-a360-7804afd5547f-config-out\") on node \"8e458440c762\" DevicePath \"\""
2025-01-28 20:46:39,000 INFO c.h.h.t.HelmChartContainer - [K3S] [replica_set.go:679] "Finished syncing" kind="ReplicaSet" key="monitoring/monitoring-stack-kube-prom-operator-6f4fc4bc65" duration="4.629µs"
2025-01-28 20:46:39,009 INFO c.h.h.t.HelmChartContainer - [K3S] [scope.go:117] "RemoveContainer" containerID="c1605a845c543c1e867b96f1e1a3cd70581cd52864ddaa3468c7b8a0fc1d1dcd"
2025-01-28 20:46:39,012 INFO c.h.h.t.HelmChartContainer - [K3S] [scope.go:117] "RemoveContainer" containerID="56b0fd1f28f09ce43b6efeecb5c49f8022cad54940567a161bc8021ce12f2c7d"
2025-01-28 20:46:39,018 INFO c.h.h.t.HelmChartContainer - [K3S] [scope.go:117] "RemoveContainer" containerID="e6b12735d045f46620b7d26738e84da061075fd8b571ad721dcc4b5bed40ad79"
2025-01-28 20:46:39,024 INFO c.h.h.t.HelmChartContainer - [K3S] [scope.go:117] "RemoveContainer" containerID="c1605a845c543c1e867b96f1e1a3cd70581cd52864ddaa3468c7b8a0fc1d1dcd"
2025-01-28 20:46:39,025 INFO c.h.h.t.HelmChartContainer - [K3S] [scope.go:117] "RemoveContainer" containerID="56b0fd1f28f09ce43b6efeecb5c49f8022cad54940567a161bc8021ce12f2c7d"
2025-01-28 20:46:39,027 INFO c.h.h.t.HelmChartContainer - [POD] monitoring-stack-grafana-64c55fb967-9bhgv [ce20d58f-8299-471c-b11d-e4d98102d049] in monitoring was MODIFIED
2025-01-28 20:46:39,029 INFO c.h.h.t.HelmChartContainer - [K3S] [replica_set.go:679] "Finished syncing" kind="ReplicaSet" key="monitoring/monitoring-stack-grafana-64c55fb967" duration="46.859µs"
2025-01-28 20:46:39,034 INFO c.h.h.t.HelmChartContainer - [K3S] [scope.go:117] "RemoveContainer" containerID="e6b12735d045f46620b7d26738e84da061075fd8b571ad721dcc4b5bed40ad79"
2025-01-28 20:46:39,035 INFO c.h.h.t.HelmChartContainer - [K3S] [scope.go:117] "RemoveContainer" containerID="c1605a845c543c1e867b96f1e1a3cd70581cd52864ddaa3468c7b8a0fc1d1dcd"
2025-01-28 20:46:39,035 INFO c.h.h.t.HelmChartContainer - [K3S] [scope.go:117] "RemoveContainer" containerID="56b0fd1f28f09ce43b6efeecb5c49f8022cad54940567a161bc8021ce12f2c7d"
2025-01-28 20:46:39,035 INFO c.h.h.t.HelmChartContainer - [K3S] [scope.go:117] "RemoveContainer" containerID="e6b12735d045f46620b7d26738e84da061075fd8b571ad721dcc4b5bed40ad79"
2025-01-28 20:46:39,035 INFO c.h.h.t.HelmChartContainer - [K3S] [scope.go:117] "RemoveContainer" containerID="c1605a845c543c1e867b96f1e1a3cd70581cd52864ddaa3468c7b8a0fc1d1dcd"
2025-01-28 20:46:39,035 INFO c.h.h.t.HelmChartContainer - [K3S] [scope.go:117] "RemoveContainer" containerID="56b0fd1f28f09ce43b6efeecb5c49f8022cad54940567a161bc8021ce12f2c7d"
2025-01-28 20:46:39,035 INFO c.h.h.t.HelmChartContainer - [K3S] [replica_set.go:679] "Finished syncing" kind="ReplicaSet" key="monitoring/monitoring-stack-grafana-64c55fb967" duration="80.862µs"
2025-01-28 20:46:39,035 INFO c.h.h.t.HelmChartContainer - [K3S] [scope.go:117] "RemoveContainer" containerID="e6b12735d045f46620b7d26738e84da061075fd8b571ad721dcc4b5bed40ad79"
2025-01-28 20:46:39,035 INFO c.h.h.t.HelmChartContainer - [K3S] [scope.go:117] "RemoveContainer" containerID="dc182708294012b17d79aa15a6549209abb4949f01e856ce9d390e71c5b34d5a"
2025-01-28 20:46:39,038 INFO c.h.h.t.HelmChartContainer - [K3S] [scope.go:117] "RemoveContainer" containerID="bac5a444659eb9c2cb042c7cf499f937219b698ee2d35adee619ee3fe9a4ce53"
2025-01-28 20:46:39,038 INFO c.h.h.t.HelmChartContainer - [K3S] [scope.go:117] "RemoveContainer" containerID="d201a94b7432cf7dc359b494da99098892747c3df4b039aa67b33dcd56d0d401"
2025-01-28 20:46:39,040 INFO c.h.h.t.HelmChartContainer - [POD] monitoring-stack-grafana-64c55fb967-9bhgv [ce20d58f-8299-471c-b11d-e4d98102d049] in monitoring was DELETED
2025-01-28 20:46:39,043 INFO c.h.h.t.HelmChartContainer - [K3S] [scope.go:117] "RemoveContainer" containerID="dc182708294012b17d79aa15a6549209abb4949f01e856ce9d390e71c5b34d5a"
2025-01-28 20:46:39,048 INFO c.h.h.t.HelmChartContainer - [K3S] [scope.go:117] "RemoveContainer" containerID="bac5a444659eb9c2cb042c7cf499f937219b698ee2d35adee619ee3fe9a4ce53"
2025-01-28 20:46:39,050 INFO c.h.h.t.HelmChartContainer - [K3S] [scope.go:117] "RemoveContainer" containerID="d201a94b7432cf7dc359b494da99098892747c3df4b039aa67b33dcd56d0d401"
2025-01-28 20:46:39,050 INFO c.h.h.t.HelmChartContainer - [K3S] [scope.go:117] "RemoveContainer" containerID="dc182708294012b17d79aa15a6549209abb4949f01e856ce9d390e71c5b34d5a"
2025-01-28 20:46:39,050 INFO c.h.h.t.HelmChartContainer - [K3S] [scope.go:117] "RemoveContainer" containerID="bac5a444659eb9c2cb042c7cf499f937219b698ee2d35adee619ee3fe9a4ce53"
2025-01-28 20:46:39,053 INFO c.h.h.t.HelmChartContainer - [K3S] [scope.go:117] "RemoveContainer" containerID="d201a94b7432cf7dc359b494da99098892747c3df4b039aa67b33dcd56d0d401"
2025-01-28 20:46:39,053 INFO c.h.h.t.HelmChartContainer - [K3S] [scope.go:117] "RemoveContainer" containerID="d5178170e69faa23c8601e78a57f4c2f0ab5d48bb01e2fae0132c4bcab5c49f6"
2025-01-28 20:46:39,055 INFO c.h.h.t.HelmChartContainer - [POD] alertmanager-monitoring-stack-kube-prom-alertmanager-0 [99ae83db-9ef2-48f6-a891-5ec02a208c53] in monitoring was MODIFIED
2025-01-28 20:46:39,060 INFO c.h.h.t.HelmChartContainer - [POD] alertmanager-monitoring-stack-kube-prom-alertmanager-0 [99ae83db-9ef2-48f6-a891-5ec02a208c53] in monitoring was DELETED
2025-01-28 20:46:39,061 INFO c.h.h.t.HelmChartContainer - [K3S] [scope.go:117] "RemoveContainer" containerID="76ead98ea7e233771d9d42e3b9f73f0d0aee58447b12b3c67a59bf3cf047aaf4"
2025-01-28 20:46:39,068 INFO c.h.h.t.HelmChartContainer - [K3S] [scope.go:117] "RemoveContainer" containerID="a1c625c8956f5d26d1b26e7d4d44646f0c9f4f984eb808c170b662ca0176d5b8"
2025-01-28 20:46:39,073 INFO c.h.h.t.HelmChartContainer - [K3S] [scope.go:117] "RemoveContainer" containerID="d5178170e69faa23c8601e78a57f4c2f0ab5d48bb01e2fae0132c4bcab5c49f6"
2025-01-28 20:46:39,077 INFO c.h.h.t.HelmChartContainer - [K3S] [scope.go:117] "RemoveContainer" containerID="76ead98ea7e233771d9d42e3b9f73f0d0aee58447b12b3c67a59bf3cf047aaf4"
2025-01-28 20:46:39,083 INFO c.h.h.t.HelmChartContainer - [K3S] [scope.go:117] "RemoveContainer" containerID="a1c625c8956f5d26d1b26e7d4d44646f0c9f4f984eb808c170b662ca0176d5b8"
2025-01-28 20:46:39,084 INFO c.h.h.t.HelmChartContainer - [K3S] [scope.go:117] "RemoveContainer" containerID="d5178170e69faa23c8601e78a57f4c2f0ab5d48bb01e2fae0132c4bcab5c49f6"
2025-01-28 20:46:39,084 INFO c.h.h.t.HelmChartContainer - [POD] prometheus-monitoring-stack-kube-prom-prometheus-0 [d5e4ba9c-0659-430e-a360-7804afd5547f] in monitoring was MODIFIED
2025-01-28 20:46:39,085 INFO c.h.h.t.HelmChartContainer - [K3S] [scope.go:117] "RemoveContainer" containerID="76ead98ea7e233771d9d42e3b9f73f0d0aee58447b12b3c67a59bf3cf047aaf4"
2025-01-28 20:46:39,086 INFO c.h.h.t.HelmChartContainer - [K3S] [scope.go:117] "RemoveContainer" containerID="a1c625c8956f5d26d1b26e7d4d44646f0c9f4f984eb808c170b662ca0176d5b8"
2025-01-28 20:46:39,086 INFO c.h.h.t.HelmChartContainer - [K3S] [scope.go:117] "RemoveContainer" containerID="01d1392622eddcaf12f3795fca17676f59cc99cfa35c37bee5842d22e5ebd901"
2025-01-28 20:46:39,086 INFO c.h.h.t.HelmChartContainer - [POD] prometheus-monitoring-stack-kube-prom-prometheus-0 [d5e4ba9c-0659-430e-a360-7804afd5547f] in monitoring was DELETED
2025-01-28 20:46:39,090 INFO c.h.h.t.HelmChartContainer - [K3S] [scope.go:117] "RemoveContainer" containerID="01d1392622eddcaf12f3795fca17676f59cc99cfa35c37bee5842d22e5ebd901"
2025-01-28 20:46:39,100 INFO c.h.h.t.HelmChartContainer - [K3S] [replica_set.go:679] "Finished syncing" kind="ReplicaSet" key="monitoring/monitoring-stack-kube-state-metrics-5bf5c7b54d" duration="34.705µs"
2025-01-28 20:46:39,102 INFO c.h.h.t.HelmChartContainer - [POD] monitoring-stack-kube-state-metrics-5bf5c7b54d-t5ckx [ec9ee3a1-99ef-4442-8567-7c8272688999] in monitoring was MODIFIED
2025-01-28 20:46:39,106 INFO c.h.h.t.HelmChartContainer - [K3S] [replica_set.go:679] "Finished syncing" kind="ReplicaSet" key="monitoring/monitoring-stack-kube-state-metrics-5bf5c7b54d" duration="37.33µs"
2025-01-28 20:46:39,108 INFO c.h.h.t.HelmChartContainer - [POD] monitoring-stack-kube-state-metrics-5bf5c7b54d-t5ckx [ec9ee3a1-99ef-4442-8567-7c8272688999] in monitoring was DELETED
2025-01-28 20:46:39,503 INFO c.h.h.t.HelmChartContainer - [K3S] [replica_set.go:679] "Finished syncing" kind="ReplicaSet" key="monitoring/monitoring-stack-grafana-64c55fb967" duration="5.129µs"
2025-01-28 20:46:39,527 INFO c.h.h.t.HelmChartContainer - [K3S] [stateful_set.go:466] "StatefulSet has been deleted" key="monitoring/alertmanager-monitoring-stack-kube-prom-alertmanager"
2025-01-28 20:46:39,575 INFO c.h.h.t.HelmChartContainer - [K3S] [replica_set.go:679] "Finished syncing" kind="ReplicaSet" key="monitoring/monitoring-stack-kube-state-metrics-5bf5c7b54d" duration="6.341µs"
2025-01-28 20:46:39,676 INFO c.h.h.t.HelmChartContainer - [K3S] [stateful_set.go:466] "StatefulSet has been deleted" key="monitoring/prometheus-monitoring-stack-kube-prom-prometheus"
2025-01-28 20:46:40,281 INFO c.h.h.t.HelmChartContainer - [K3S] [kubelet_volumes.go:163] "Cleaned up orphaned pod volumes dir" podUID="3bff6f05-5c4d-4e9b-9dc6-44328c251cc1" path="/var/lib/kubelet/pods/3bff6f05-5c4d-4e9b-9dc6-44328c251cc1/volumes"
2025-01-28 20:46:40,281 INFO c.h.h.t.HelmChartContainer - [K3S] [kubelet_volumes.go:163] "Cleaned up orphaned pod volumes dir" podUID="99ae83db-9ef2-48f6-a891-5ec02a208c53" path="/var/lib/kubelet/pods/99ae83db-9ef2-48f6-a891-5ec02a208c53/volumes"
2025-01-28 20:46:40,282 INFO c.h.h.t.HelmChartContainer - [K3S] [kubelet_volumes.go:163] "Cleaned up orphaned pod volumes dir" podUID="ce20d58f-8299-471c-b11d-e4d98102d049" path="/var/lib/kubelet/pods/ce20d58f-8299-471c-b11d-e4d98102d049/volumes"
2025-01-28 20:46:40,283 INFO c.h.h.t.HelmChartContainer - [K3S] [kubelet_volumes.go:163] "Cleaned up orphaned pod volumes dir" podUID="d5e4ba9c-0659-430e-a360-7804afd5547f" path="/var/lib/kubelet/pods/d5e4ba9c-0659-430e-a360-7804afd5547f/volumes"
2025-01-28 20:46:40,284 INFO c.h.h.t.HelmChartContainer - [K3S] [kubelet_volumes.go:163] "Cleaned up orphaned pod volumes dir" podUID="ec9ee3a1-99ef-4442-8567-7c8272688999" path="/var/lib/kubelet/pods/ec9ee3a1-99ef-4442-8567-7c8272688999/volumes"
2025-01-28 20:46:41,712 INFO c.h.h.t.HelmChartContainer - Deleting namespace 'monitoring'...
2025-01-28 20:46:47,133 INFO c.h.h.t.HelmChartContainer - Namespace 'monitoring' deleted
2025-01-28 20:46:47,133 INFO c.h.h.t.HelmChartContainer - Release 'monitoring-stack' in namespace 'monitoring' is uninstalled
2025-01-28 20:46:47,133 INFO c.h.h.t.HelmChartContainer - Uninstalling release 'test-hivemq-platform-operator' in namespace 'helmmonitoringoperatorit-operator'...
2025-01-28 20:46:47,133 DEBUG c.h.h.t.HelmChartContainer - Executing helm command: /bin/helm --kubeconfig /etc/rancher/k3s/k3s.yaml uninstall test-hivemq-platform-operator  --wait --timeout 5m0s --cascade foreground --namespace helmmonitoringoperatorit-operator
2025-01-28 20:46:47,328 INFO c.h.h.t.HelmChartContainer - [K3S] [replica_set.go:679] "Finished syncing" kind="ReplicaSet" key="helmmonitoringoperatorit-operator/hivemq-test-hivemq-platform-operator-6966f96d65" duration="5.999793ms"
2025-01-28 20:46:47,328 INFO c.h.h.t.HelmChartContainer - [K3S] [replica_set.go:679] "Finished syncing" kind="ReplicaSet" key="helmmonitoringoperatorit-operator/hivemq-test-hivemq-platform-operator-6966f96d65" duration="30.136µs"
2025-01-28 20:46:47,360 INFO c.h.h.t.HelmChartContainer - [POD] hivemq-test-hivemq-platform-operator-6966f96d65-ssk4h [c41adfa7-4074-4273-9222-eb8d30a0a73d] in helmmonitoringoperatorit-operator was MODIFIED
2025-01-28 20:46:47,371 INFO c.h.h.t.HelmChartContainer - [hivemq-test-hivemq-platform] [hivemq-platform-operator] [c41adfa7] 20:46:47.369 [application-shutdown-thread] INFO  c.h.p.o.HiveMQPlatformOperatorApplication - HiveMQ Platform Operator is stopping...
2025-01-28 20:46:47,371 INFO c.h.h.t.HelmChartContainer - [hivemq-test-hivemq-platform] [hivemq-platform-operator] [c41adfa7] 20:46:47.369 [application-shutdown-thread] INFO  i.javaoperatorsdk.operator.Operator - Operator SDK 4.9.7 is shutting down...
2025-01-28 20:46:47,377 INFO c.h.h.t.HelmChartContainer - [EVENT] Normal [Killing] Stopping container hivemq-platform-operator [helmmonitoringoperatorit-operator:hivemq-test-hivemq-platform-operator-6966f96d65-ssk4h]
2025-01-28 20:46:47,378 INFO c.h.h.t.HelmChartContainer - Received Killing event for container hivemq-platform-operator in pod hivemq-test-hivemq-platform-operator-6966f96d65-ssk4h [c41adfa7-4074-4273-9222-eb8d30a0a73d]
2025-01-28 20:46:47,378 INFO c.h.h.t.HelmChartContainer - Container [hivemq-test-hivemq-platform-operator-6966f96d65-ssk4h] [hivemq-platform-operator] [c41adfa7-4074-4273-9222-eb8d30a0a73d] was terminated
2025-01-28 20:46:47,378 INFO c.h.h.t.HelmChartContainer - Stopped log watcher for hivemq-platform-operator in pod hivemq-test-hivemq-platform-operator-6966f96d65-ssk4h [c41adfa7-4074-4273-9222-eb8d30a0a73d]
2025-01-28 20:46:47,377 INFO c.h.h.t.HelmChartContainer - [K3S] [replica_set.go:679] "Finished syncing" kind="ReplicaSet" key="helmmonitoringoperatorit-operator/hivemq-test-hivemq-platform-operator-6966f96d65" duration="25.897136ms"
2025-01-28 20:46:47,379 INFO c.h.h.t.HelmChartContainer - [K3S] [replica_set.go:679] "Finished syncing" kind="ReplicaSet" key="helmmonitoringoperatorit-operator/hivemq-test-hivemq-platform-operator-6966f96d65" duration="71.333µs"
2025-01-28 20:46:47,875 INFO c.h.h.t.HelmChartContainer - [K3S] [replica_set.go:679] "Finished syncing" kind="ReplicaSet" key="helmmonitoringoperatorit-operator/hivemq-test-hivemq-platform-operator-6966f96d65" duration="37.02µs"
2025-01-28 20:46:47,875 INFO c.h.h.t.HelmChartContainer - [POD] hivemq-test-hivemq-platform-operator-6966f96d65-ssk4h [c41adfa7-4074-4273-9222-eb8d30a0a73d] in helmmonitoringoperatorit-operator was MODIFIED
2025-01-28 20:46:48,010 INFO c.h.h.t.HelmChartContainer - [K3S] [reconciler_common.go:162] "operationExecutor.UnmountVolume started for volume \"kube-api-access-m9468\" (UniqueName: \"kubernetes.io/projected/c41adfa7-4074-4273-9222-eb8d30a0a73d-kube-api-access-m9468\") pod \"c41adfa7-4074-4273-9222-eb8d30a0a73d\" (UID: \"c41adfa7-4074-4273-9222-eb8d30a0a73d\") "
2025-01-28 20:46:48,035 INFO c.h.h.t.HelmChartContainer - [K3S] [scope.go:117] "RemoveContainer" containerID="70720ad05f4eef1a29ce196004ee8934995d5eaac7a8b12caa953386cdcded70"
2025-01-28 20:46:48,038 INFO c.h.h.t.HelmChartContainer - [K3S] [scope.go:117] "RemoveContainer" containerID="70720ad05f4eef1a29ce196004ee8934995d5eaac7a8b12caa953386cdcded70"
2025-01-28 20:46:48,048 INFO c.h.h.t.HelmChartContainer - [K3S] [replica_set.go:679] "Finished syncing" kind="ReplicaSet" key="helmmonitoringoperatorit-operator/hivemq-test-hivemq-platform-operator-6966f96d65" duration="42.58µs"
2025-01-28 20:46:48,048 INFO c.h.h.t.HelmChartContainer - [POD] hivemq-test-hivemq-platform-operator-6966f96d65-ssk4h [c41adfa7-4074-4273-9222-eb8d30a0a73d] in helmmonitoringoperatorit-operator was MODIFIED
2025-01-28 20:46:48,051 INFO c.h.h.t.HelmChartContainer - [K3S] [replica_set.go:679] "Finished syncing" kind="ReplicaSet" key="helmmonitoringoperatorit-operator/hivemq-test-hivemq-platform-operator-6966f96d65" duration="25.698µs"
2025-01-28 20:46:48,051 INFO c.h.h.t.HelmChartContainer - [POD] hivemq-test-hivemq-platform-operator-6966f96d65-ssk4h [c41adfa7-4074-4273-9222-eb8d30a0a73d] in helmmonitoringoperatorit-operator was DELETED
2025-01-28 20:46:48,060 INFO c.h.h.t.HelmChartContainer - [K3S] [replica_set.go:679] "Finished syncing" kind="ReplicaSet" key="helmmonitoringoperatorit-operator/hivemq-test-hivemq-platform-operator-6966f96d65" duration="6.352µs"
2025-01-28 20:46:48,110 INFO c.h.h.t.HelmChartContainer - [K3S] [reconciler_common.go:299] "Volume detached for volume \"kube-api-access-m9468\" (UniqueName: \"kubernetes.io/projected/c41adfa7-4074-4273-9222-eb8d30a0a73d-kube-api-access-m9468\") on node \"8e458440c762\" DevicePath \"\""
2025-01-28 20:46:48,281 INFO c.h.h.t.HelmChartContainer - [K3S] [kubelet_volumes.go:163] "Cleaned up orphaned pod volumes dir" podUID="c41adfa7-4074-4273-9222-eb8d30a0a73d" path="/var/lib/kubelet/pods/c41adfa7-4074-4273-9222-eb8d30a0a73d/volumes"
2025-01-28 20:46:49,420 INFO c.h.h.t.HelmChartContainer - Deleting namespace 'helmmonitoringoperatorit-operator'...
2025-01-28 20:46:52,073 INFO c.h.h.t.HelmChartContainer - [K3S] [namespace_controller.go:187] "Namespace has been deleted" namespace="monitoring"
2025-01-28 20:46:54,637 INFO c.h.h.t.HelmChartContainer - Namespace 'helmmonitoringoperatorit-operator' deleted
2025-01-28 20:46:54,637 INFO c.h.h.t.HelmChartContainer - Release 'test-hivemq-platform-operator' in namespace 'helmmonitoringoperatorit-operator' is uninstalled
2025-01-28 20:46:55,697 INFO c.h.helmcharts.AbstractHelmChartIT - Removed unused containers:

2025-01-28 20:46:59,576 INFO c.h.h.t.HelmChartContainer - [K3S] [namespace_controller.go:187] "Namespace has been deleted" namespace="helmmonitoringoperatorit-operator"
2025-01-28 20:47:09,380 INFO c.h.helmcharts.AbstractHelmChartIT - Removed unused snapshots:
Removing snapshot sha256:03af251906410714c5aef9fa705b63f6bbc39c4a5e787de7361eeb18886c2ed2
Removing snapshot sha256:0c46b3b43cce082ce5ec34ffc6c294e0417d17b9d1e6f366d114b6aadc4f96dc
Removing snapshot sha256:0ce761beee59082d6ed5bcebd3a805b8ddd9b3426b617e4809e7fb7c6587ffec
Removing snapshot sha256:0f30b4526626599ad6853b13d715ed5f11e4dac30bdf22795ee36d8b73285c01
Removing snapshot sha256:1021ef88c7974bfff89c5a0ec4fd3160daac6c48a075f74cff721f85dd104e68
Removing snapshot sha256:10aba4953ddc18145dd38e3704709bc464aa20af60b56fe52caaff4b68411e62
Removing snapshot sha256:17b3230dbaa15b80ea4c59d385a510a1c6c669d654d4445b25f4122988ddf932
Removing snapshot sha256:1ab0a79eb9ae3bab99382d18e27cb1c587196d2929db9c8d1c79088bd5a8fa18
Removing snapshot sha256:1e604deea57dbda554a168861cff1238f93b8c6c69c863c43aed37d9d99c5fed
Removing snapshot sha256:2330d1b95992fe4dfdab1ed70e86e349f3f37a80a92140a1ec441a9c3169bcb7
Removing snapshot sha256:2573e0d8158209ed54ab25c87bcdcb00bd3d2539246960a3d592a1c599d70465
Removing snapshot sha256:3102b3958924e454ee4c19fe49136c5727bea4a438945b9d85ed7525ae7ad17a
Removing snapshot sha256:362a8a37f8bbc31925a8146adcf7cf51f9882f5c1dcbef67c5baa03a297543c0
Removing snapshot sha256:38300cd41e4e7621f1880dc17df1510a0b41c3700bba086c7d13695c2852c906
Removing snapshot sha256:3aea2e5ee60f1f0173fafb64e361c34847c160a755964b223b571f112b206391
Removing snapshot sha256:3d737060823899829eb7827e20ddb4021f5c31c4e7e348a380b528903c9051ae
Removing snapshot sha256:3fa4ad33f0ddc8fd45b39b6b4640f82a3a83619606cd975bfe89d8710ad2d4cd
Removing snapshot sha256:42508696bab4cddb098661270605482768f11b222c3b338a84e17c388a573539
Removing snapshot sha256:42b3566bfb67a7e1e92c7fb9a9d9fd9d5d1c68fb9234b2e7e8d57e3894c584c6
Removing snapshot sha256:43a7c979bbaba6838bc3102d6b10a1459f3ab050b87ccdfef84ef90cf43d3058
Removing snapshot sha256:43e32e0401181ce446773595aa5b45dd3de52a62bd17ce6321e472661bef46fc
Removing snapshot sha256:4ab04491cdf0d3267f08206fe30bd48f49f94b9cab2f016d6739220f722a64af
Removing snapshot sha256:4b6068250e89c96f263060261819c7d912855bfbd64b3eb4c4a8483299b8c295
Removing snapshot sha256:4e4a4c2a9fcafd941707917d9cb4c348229dcda7e6a77d20a5c9e977659e2acb
Removing snapshot sha256:580e69a0a8034ede1921139bbd2bfb72a69ebf276d008281896c32dd8bf74775
Removing snapshot sha256:597fcac6b802be96dede6dae530b1fd3d80ee2191e3c39bd5c3dfb528309801e
Removing snapshot sha256:59860db8e524598ca0913cb5a7821a1a1c1e56f61dec4fe619ad8a278bfd44c2
Removing snapshot sha256:5a9ba96b94a7acc2c16f45d7113265f2705262d850ff8d73abf339acec4e4283
Removing snapshot sha256:5d30ba46b27fe37484567ccc5242cadc78217b8da605f3f195ef25cbf7487904
Removing snapshot sha256:63ca1fbb43ae5034640e5e6cb3e083e05c290072c5366fcaa9d62435a4cced85
Removing snapshot sha256:67f702c6baae873bceb19487c8b1f27bd2b86077e4f2f0e480e6d60ab508b8f5
Removing snapshot sha256:6864348dd42806d552efdec384f1274be15e2d0c10ce44c1f04347af004c10a9
Removing snapshot sha256:6c7dee8f2c39b84b7dc2711c01d33de93514d9055499173e9290176fbe484b6c
Removing snapshot sha256:6d2198b9bba47eb108a6f8e064d85edb59b204d24ceb4d866ad96079b9ec1498
Removing snapshot sha256:711f0795be2fadadbf9fe1151ea3506c44bc3c41083e049b25f8bac1bd91851c
Removing snapshot sha256:74acea72c72664d31caa1810182a8d9f76600a5e41ed9d1eb2814c0bc090bfea
Removing snapshot sha256:75654b8eeebd3beae97271a102f57cdeb794cc91e442648544963a7e951e9558
Removing snapshot sha256:783ad6a93b23221db9f18c15f79aeb134655b6dd29a9a9bc7472ee50852d14a7
Removing snapshot sha256:81ed7e1a344eefb04664b5d772157e32be190d566bd3083af46ec0b8796ae9ae
Removing snapshot sha256:82753493a6d61ded36556292f02f31841a14c20d2f279f19eaad65afb661d5cd
Removing snapshot sha256:84a897f1c589cde259313d1efcd537ab957267a6526caa797d9703c4ee903204
Removing snapshot sha256:8a10d3db42c505ee0fcfa98417bdd7e39b304f6bcc0a06bb1b220797ff2cc63c
Removing snapshot sha256:8d297423f53775a6b77d49e57a5e9f47799fcfddca869a1164226d56c8299763
Removing snapshot sha256:8ec1e08a6c109c9698b32f46974375ee19470c62a5de0618346b3b4442919582
Removing snapshot sha256:94b728d964f60c89faa32d3296c8e524b6a15c163f95728001c8be4091968231
Removing snapshot sha256:9852f74557303324154e94d69646a117800c24f830d6dd3150a61f1cb1877bfb
Removing snapshot sha256:9988a364be2545559e0b245b76fe75d6e99d4ecbc0c93170f1d85c2f197aafa4
Removing snapshot sha256:a21e5b12dbac529ad45d976eb9ce45c881f3bedcc500fb30aba1e52aa1813418
Removing snapshot sha256:afb9d24a81528af822cc0a49b79c922afd1b6fb3355f0fe3683749f5ad2e2e5e
Removing snapshot sha256:b403bf5671b66322a4fb4fcf772687a9e487ab58804584befcae862807d8eb88
Removing snapshot sha256:b8c8d85687c0d5b64887dfaf35dedad43ecac3954a798ffa91d79a5aeb500496
Removing snapshot sha256:b921e6c28969094157f9b8e7244677780319637afd14450b7cb6b2fdea558a0c
Removing snapshot sha256:bc27ecb5769a00e309cf99ebc763c4a4b958b618d1decc96ffac5bc05f02f5b7
Removing snapshot sha256:be3ccb6627a5332e309d45ef461d09b4879dd870c7394d89323d0ebc6ca6aa8a
Removing snapshot sha256:c261f7cbbc64211ee175ee47273acdb7b1a36a4450b397a064a8f2c026490095
Removing snapshot sha256:c34d9393647eea0c9e3557ab988efaf59f61d10a2a5613b439ef0958cca5ec10
Removing snapshot sha256:ccf3c4a0fa967a41c1c83497a2ce6fa5787965859df0adb32c4ca2cf7490bc2b
Removing snapshot sha256:cda334c60720b02c295deeee0739beb29d9283df72a19f0e73b54e50c89e8c00
Removing snapshot sha256:cf92d33f869417309692088c341cd0f223c178ea78a125f757317b22aa8f90e9
Removing snapshot sha256:d0037344cf2fb078884f1849f6a1f8cf9a33a3b6139b6a85833e5ee528e1f9a8
Removing snapshot sha256:d3b36d5b79273b1e98e7700470eaeff05a882e777124d84cebcc1505b85ecb36
Removing snapshot sha256:d65a44a37914602d12c611e5e22a50f11451d847e63015cc1c2aef92dee777a4
Removing snapshot sha256:d7698055289ea72fad6a712ae4a30a02f6f294e476718fac7d5eea9098793d8e
Removing snapshot sha256:deb8fe0e16fb632523b566bfa4819d4c8b7689407d4211b88d26b6988d84ef75
Removing snapshot sha256:e2dc0bae2455930f23ae570e019b7f32edc75c0f2d71cab084db837ff9051796
Removing snapshot sha256:e58151b46376c08fb48e2a2fbe134b6de223be0749d20b7b60bf475e526a2884
Removing snapshot sha256:eccbd24a99c60cd9e86ee5305dbfc4a4dc89f5ab4fb1f06c8d64797cecedef34
Removing snapshot sha256:f144bb4c7c7f0d2aa7eeffd36d934ec40db1ee167be727e326aad9fdc616f475

]]></system-out>
  </testcase>
  <system-out><![CDATA[2025-01-28 20:44:18,918 INFO c.h.h.t.HelmChartContainerExtension - Using cached HelmChartContainer instance
]]></system-out>
  <system-err><![CDATA[]]></system-err>
</testsuite>
