<?xml version="1.0" encoding="UTF-8"?>
<testsuite name="com.hivemq.helmcharts.UserPermissionsIT" tests="1" skipped="0" failures="0" errors="0" timestamp="2025-08-29T15:46:00" hostname="pkrvmccyg1gnepe" time="134.693">
  <properties/>
  <testcase name="withLocalImages_mqttMessagePublishedReceived()" classname="com.hivemq.helmcharts.UserPermissionsIT" time="134.693"/>
</testsuite>
