<?xml version="1.0" encoding="UTF-8"?>
<testsuite name="com.hivemq.helmcharts.StatefulSetRollingUpgradeIT" tests="1" skipped="0" failures="0" errors="0" timestamp="2025-01-29T13:58:40" hostname="fv-az792-523" time="141.017">
  <properties/>
  <testcase name="withStatefulSet_RollingUpgrade()" classname="com.hivemq.helmcharts.StatefulSetRollingUpgradeIT" time="141.017">
    <system-out><![CDATA[2025-01-29 13:58:40,575 INFO t.localhost/testcontainers/vapryd36g3xuhhxd:latest - Creating container for image: localhost/testcontainers/vapryd36g3xuhhxd:latest
2025-01-29 13:58:40,653 INFO t.localhost/testcontainers/vapryd36g3xuhhxd:latest - Container localhost/testcontainers/vapryd36g3xuhhxd:latest is starting: d7549dce563f236b01627402f985aaf0507d2efe7d36b406d143c748bbf0fb78
2025-01-29 13:58:41,018 INFO c.h.h.t.OperatorHelmChartContainer - [K3S] [INFO] Starting k3s v1.32.1+k3s1 (6a322f12)
2025-01-29 13:58:41,020 INFO c.h.h.t.OperatorHelmChartContainer - [K3S] [INFO] Configuring sqlite3 database connection pooling: maxIdleConns=2, maxOpenConns=0, connMaxLifetime=0s
2025-01-29 13:58:41,020 INFO c.h.h.t.OperatorHelmChartContainer - [K3S] [INFO] Configuring database table schema and indexes, this may take a moment...
2025-01-29 13:58:41,024 INFO c.h.h.t.OperatorHelmChartContainer - [K3S] [INFO] Database tables and indexes are up to date
2025-01-29 13:58:41,026 INFO c.h.h.t.OperatorHelmChartContainer - [K3S] [INFO] Kine available at unix://kine.sock
2025-01-29 13:58:41,105 INFO c.h.h.t.OperatorHelmChartContainer - [K3S] [INFO] Saving cluster bootstrap data to datastore
2025-01-29 13:58:41,105 INFO c.h.h.t.OperatorHelmChartContainer - [K3S] [WARNING] dynamiclistener [::]:6443: no cached certificate available for preload - deferring certificate load until storage initialization or first client request
2025-01-29 13:58:41,106 INFO c.h.h.t.OperatorHelmChartContainer - [K3S] [INFO] Active TLS secret / (ver=) (count 10): map[listener.cattle.io/cn-10.43.0.1:10.43.0.1 listener.cattle.io/cn-127.0.0.1:127.0.0.1 listener.cattle.io/cn-172.17.0.3:172.17.0.3 listener.cattle.io/cn-__1-f16284:::1 listener.cattle.io/cn-d7549dce563f:d7549dce563f listener.cattle.io/cn-kubernetes:kubernetes listener.cattle.io/cn-kubernetes.default:kubernetes.default listener.cattle.io/cn-kubernetes.default.svc:kubernetes.default.svc listener.cattle.io/cn-kubernetes.default.svc.cluster.local:kubernetes.default.svc.cluster.local listener.cattle.io/cn-localhost:localhost listener.cattle.io/fingerprint:SHA1=10CA0F8FCDB88071F56802CCF4167181B3C84074]
2025-01-29 13:58:41,265 INFO c.h.h.t.OperatorHelmChartContainer - [K3S] [INFO] Running kube-apiserver --advertise-port=6443 --allow-privileged=true --anonymous-auth=false --api-audiences=https://kubernetes.default.svc.cluster.local,k3s --authorization-mode=Node,RBAC --bind-address=127.0.0.1 --cert-dir=/var/lib/rancher/k3s/server/tls/temporary-certs --client-ca-file=/var/lib/rancher/k3s/server/tls/client-ca.crt --egress-selector-config-file=/var/lib/rancher/k3s/server/etc/egress-selector-config.yaml --enable-admission-plugins=NodeRestriction --enable-aggregator-routing=true --enable-bootstrap-token-auth=true --etcd-servers=unix://kine.sock --kubelet-certificate-authority=/var/lib/rancher/k3s/server/tls/server-ca.crt --kubelet-client-certificate=/var/lib/rancher/k3s/server/tls/client-kube-apiserver.crt --kubelet-client-key=/var/lib/rancher/k3s/server/tls/client-kube-apiserver.key --kubelet-preferred-address-types=InternalIP,ExternalIP,Hostname --profiling=false --proxy-client-cert-file=/var/lib/rancher/k3s/server/tls/client-auth-proxy.crt --proxy-client-key-file=/var/lib/rancher/k3s/server/tls/client-auth-proxy.key --requestheader-allowed-names=system:auth-proxy --requestheader-client-ca-file=/var/lib/rancher/k3s/server/tls/request-header-ca.crt --requestheader-extra-headers-prefix=X-Remote-Extra- --requestheader-group-headers=X-Remote-Group --requestheader-username-headers=X-Remote-User --secure-port=6444 --service-account-issuer=https://kubernetes.default.svc.cluster.local --service-account-key-file=/var/lib/rancher/k3s/server/tls/service.key --service-account-signing-key-file=/var/lib/rancher/k3s/server/tls/service.current.key --service-cluster-ip-range=10.43.0.0/16 --service-node-port-range=30000-32767 --storage-backend=etcd3 --tls-cert-file=/var/lib/rancher/k3s/server/tls/serving-kube-apiserver.crt --tls-cipher-suites=TLS_ECDHE_ECDSA_WITH_AES_256_GCM_SHA384,TLS_ECDHE_RSA_WITH_AES_256_GCM_SHA384,TLS_ECDHE_ECDSA_WITH_AES_128_GCM_SHA256,TLS_ECDHE_RSA_WITH_AES_128_GCM_SHA256,TLS_ECDHE_ECDSA_WITH_CHACHA20_POLY1305,TLS_ECDHE_RSA_WITH_CHACHA20_POLY1305 --tls-private-key-file=/var/lib/rancher/k3s/server/tls/serving-kube-apiserver.key
2025-01-29 13:58:41,265 INFO c.h.h.t.OperatorHelmChartContainer - [K3S] [INFO] Running kube-scheduler --authentication-kubeconfig=/var/lib/rancher/k3s/server/cred/scheduler.kubeconfig --authorization-kubeconfig=/var/lib/rancher/k3s/server/cred/scheduler.kubeconfig --bind-address=127.0.0.1 --kubeconfig=/var/lib/rancher/k3s/server/cred/scheduler.kubeconfig --leader-elect=false --profiling=false --secure-port=10259
2025-01-29 13:58:41,265 INFO c.h.h.t.OperatorHelmChartContainer - [K3S] [registry.go:256] calling componentGlobalsRegistry.AddFlags more than once, the registry will be set by the latest flags
2025-01-29 13:58:41,265 INFO c.h.h.t.OperatorHelmChartContainer - [K3S] [INFO] Waiting for API server to become available
2025-01-29 13:58:41,266 INFO c.h.h.t.OperatorHelmChartContainer - [K3S] [registry.go:256] calling componentGlobalsRegistry.AddFlags more than once, the registry will be set by the latest flags
2025-01-29 13:58:41,266 INFO c.h.h.t.OperatorHelmChartContainer - [K3S] [INFO] Running kube-controller-manager --allocate-node-cidrs=true --authentication-kubeconfig=/var/lib/rancher/k3s/server/cred/controller.kubeconfig --authorization-kubeconfig=/var/lib/rancher/k3s/server/cred/controller.kubeconfig --bind-address=127.0.0.1 --cluster-cidr=10.42.0.0/16 --cluster-signing-kube-apiserver-client-cert-file=/var/lib/rancher/k3s/server/tls/client-ca.nochain.crt --cluster-signing-kube-apiserver-client-key-file=/var/lib/rancher/k3s/server/tls/client-ca.key --cluster-signing-kubelet-client-cert-file=/var/lib/rancher/k3s/server/tls/client-ca.nochain.crt --cluster-signing-kubelet-client-key-file=/var/lib/rancher/k3s/server/tls/client-ca.key --cluster-signing-kubelet-serving-cert-file=/var/lib/rancher/k3s/server/tls/server-ca.nochain.crt --cluster-signing-kubelet-serving-key-file=/var/lib/rancher/k3s/server/tls/server-ca.key --cluster-signing-legacy-unknown-cert-file=/var/lib/rancher/k3s/server/tls/server-ca.nochain.crt --cluster-signing-legacy-unknown-key-file=/var/lib/rancher/k3s/server/tls/server-ca.key --configure-cloud-routes=false --controllers=*,tokencleaner,-service,-route,-cloud-node-lifecycle --kubeconfig=/var/lib/rancher/k3s/server/cred/controller.kubeconfig --leader-elect=false --profiling=false --root-ca-file=/var/lib/rancher/k3s/server/tls/server-ca.crt --secure-port=10257 --service-account-private-key-file=/var/lib/rancher/k3s/server/tls/service.current.key --service-cluster-ip-range=10.43.0.0/16 --use-service-account-credentials=true
2025-01-29 13:58:41,267 INFO c.h.h.t.OperatorHelmChartContainer - [K3S] [options.go:238] external host was not specified, using 172.17.0.3
2025-01-29 13:58:41,267 INFO c.h.h.t.OperatorHelmChartContainer - [K3S] [options.go:299] unable to set WatchListClient feature gate, err: cannot override default for feature "WatchListClient": gates already added to a flag set
2025-01-29 13:58:41,267 INFO c.h.h.t.OperatorHelmChartContainer - [K3S] [registry.go:256] calling componentGlobalsRegistry.AddFlags more than once, the registry will be set by the latest flags
2025-01-29 13:58:41,267 INFO c.h.h.t.OperatorHelmChartContainer - [K3S] [INFO] Running cloud-controller-manager --allocate-node-cidrs=true --authentication-kubeconfig=/var/lib/rancher/k3s/server/cred/cloud-controller.kubeconfig --authorization-kubeconfig=/var/lib/rancher/k3s/server/cred/cloud-controller.kubeconfig --bind-address=127.0.0.1 --cloud-config=/var/lib/rancher/k3s/server/etc/cloud-config.yaml --cloud-provider=k3s --cluster-cidr=10.42.0.0/16 --configure-cloud-routes=false --controllers=*,-route --kubeconfig=/var/lib/rancher/k3s/server/cred/cloud-controller.kubeconfig --leader-elect=false --leader-elect-resource-name=k3s-cloud-controller-manager --node-status-update-frequency=1m0s --profiling=false
2025-01-29 13:58:41,268 INFO c.h.h.t.OperatorHelmChartContainer - [K3S] [INFO] Server node token is available at /var/lib/rancher/k3s/server/token
2025-01-29 13:58:41,268 INFO c.h.h.t.OperatorHelmChartContainer - [K3S] [INFO] To join server node to cluster: k3s server -s https://172.17.0.3:6443 -t ${SERVER_NODE_TOKEN}
2025-01-29 13:58:41,268 INFO c.h.h.t.OperatorHelmChartContainer - [K3S] [INFO] Agent node token is available at /var/lib/rancher/k3s/server/agent-token
2025-01-29 13:58:41,268 INFO c.h.h.t.OperatorHelmChartContainer - [K3S] [INFO] To join agent node to cluster: k3s agent -s https://172.17.0.3:6443 -t ${AGENT_NODE_TOKEN}
2025-01-29 13:58:41,269 INFO c.h.h.t.OperatorHelmChartContainer - [K3S] [server.go:151] Version: v1.32.1+k3s1
2025-01-29 13:58:41,269 INFO c.h.h.t.OperatorHelmChartContainer - [K3S] [server.go:153] "Golang settings" GOGC="" GOMAXPROCS="" GOTRACEBACK=""
2025-01-29 13:58:41,269 INFO c.h.h.t.OperatorHelmChartContainer - [K3S] [INFO] Wrote kubeconfig /etc/rancher/k3s/k3s.yaml
2025-01-29 13:58:41,269 INFO c.h.h.t.OperatorHelmChartContainer - [K3S] [INFO] Run: k3s kubectl
2025-01-29 13:58:41,569 INFO c.h.h.t.OperatorHelmChartContainer - [K3S] [plugins.go:157] Loaded 13 mutating admission controller(s) successfully in the following order: NamespaceLifecycle,LimitRanger,ServiceAccount,NodeRestriction,TaintNodesByCondition,Priority,DefaultTolerationSeconds,DefaultStorageClass,StorageObjectInUseProtection,RuntimeClass,DefaultIngressClass,MutatingAdmissionPolicy,MutatingAdmissionWebhook.
2025-01-29 13:58:41,569 INFO c.h.h.t.OperatorHelmChartContainer - [K3S] [plugins.go:160] Loaded 13 validating admission controller(s) successfully in the following order: LimitRanger,ServiceAccount,PodSecurity,Priority,PersistentVolumeClaimResize,RuntimeClass,CertificateApproval,CertificateSigning,ClusterTrustBundleAttest,CertificateSubjectRestriction,ValidatingAdmissionPolicy,ValidatingAdmissionWebhook,ResourceQuota.
2025-01-29 13:58:41,569 INFO c.h.h.t.OperatorHelmChartContainer - [K3S] [instance.go:233] Using reconciler: lease
2025-01-29 13:58:41,628 INFO c.h.h.t.OperatorHelmChartContainer - [K3S] [apis.go:106] API group "internal.apiserver.k8s.io" is not enabled, skipping.
2025-01-29 13:58:41,671 INFO c.h.h.t.OperatorHelmChartContainer - [K3S] [apis.go:106] API group "storagemigration.k8s.io" is not enabled, skipping.
2025-01-29 13:58:41,695 INFO c.h.h.t.OperatorHelmChartContainer - [K3S] [apis.go:106] API group "resource.k8s.io" is not enabled, skipping.
2025-01-29 13:58:41,844 INFO c.h.h.t.OperatorHelmChartContainer - [K3S] [INFO] Password verified locally for node d7549dce563f
2025-01-29 13:58:42,017 INFO c.h.h.t.OperatorHelmChartContainer - [K3S] [dynamic_cafile_content.go:161] "Starting controller" name="request-header::/var/lib/rancher/k3s/server/tls/request-header-ca.crt"
2025-01-29 13:58:42,017 INFO c.h.h.t.OperatorHelmChartContainer - [K3S] [dynamic_cafile_content.go:161] "Starting controller" name="client-ca-bundle::/var/lib/rancher/k3s/server/tls/client-ca.crt"
2025-01-29 13:58:42,018 INFO c.h.h.t.OperatorHelmChartContainer - [K3S] [dynamic_serving_content.go:135] "Starting controller" name="serving-cert::/var/lib/rancher/k3s/server/tls/serving-kube-apiserver.crt::/var/lib/rancher/k3s/server/tls/serving-kube-apiserver.key"
2025-01-29 13:58:42,018 INFO c.h.h.t.OperatorHelmChartContainer - [K3S] [secure_serving.go:213] Serving securely on 127.0.0.1:6444
2025-01-29 13:58:42,018 INFO c.h.h.t.OperatorHelmChartContainer - [K3S] [tlsconfig.go:243] "Starting DynamicServingCertificateController"
2025-01-29 13:58:42,018 INFO c.h.h.t.OperatorHelmChartContainer - [K3S] [controller.go:80] Starting OpenAPI V3 AggregationController
2025-01-29 13:58:42,018 INFO c.h.h.t.OperatorHelmChartContainer - [K3S] [cluster_authentication_trust_controller.go:462] Starting cluster_authentication_trust_controller controller
2025-01-29 13:58:42,018 INFO c.h.h.t.OperatorHelmChartContainer - [K3S] [controller.go:78] Starting OpenAPI AggregationController
2025-01-29 13:58:42,018 INFO c.h.h.t.OperatorHelmChartContainer - [K3S] [controller.go:119] Starting legacy_token_tracking_controller
2025-01-29 13:58:42,018 INFO c.h.h.t.OperatorHelmChartContainer - [K3S] [aggregator.go:169] waiting for initial CRD sync...
2025-01-29 13:58:42,020 INFO c.h.h.t.OperatorHelmChartContainer - [K3S] [crdregistration_controller.go:114] Starting crd-autoregister controller
2025-01-29 13:58:42,020 INFO c.h.h.t.OperatorHelmChartContainer - [K3S] [gc_controller.go:78] Starting apiserver lease garbage collector
2025-01-29 13:58:42,020 INFO c.h.h.t.OperatorHelmChartContainer - [K3S] [dynamic_serving_content.go:135] "Starting controller" name="aggregator-proxy-cert::/var/lib/rancher/k3s/server/tls/client-auth-proxy.crt::/var/lib/rancher/k3s/server/tls/client-auth-proxy.key"
2025-01-29 13:58:42,020 INFO c.h.h.t.OperatorHelmChartContainer - [K3S] [remote_available_controller.go:411] Starting RemoteAvailability controller
2025-01-29 13:58:42,020 INFO c.h.h.t.OperatorHelmChartContainer - [K3S] [apiservice_controller.go:100] Starting APIServiceRegistrationController
2025-01-29 13:58:42,020 INFO c.h.h.t.OperatorHelmChartContainer - [K3S] [customresource_discovery_controller.go:292] Starting DiscoveryController
2025-01-29 13:58:42,021 INFO c.h.h.t.OperatorHelmChartContainer - [K3S] [system_namespaces_controller.go:66] Starting system namespaces controller
2025-01-29 13:58:42,021 INFO c.h.h.t.OperatorHelmChartContainer - [K3S] [apf_controller.go:377] Starting API Priority and Fairness config controller
2025-01-29 13:58:42,021 INFO c.h.h.t.OperatorHelmChartContainer - [K3S] [local_available_controller.go:156] Starting LocalAvailability controller
2025-01-29 13:58:42,021 INFO c.h.h.t.OperatorHelmChartContainer - [K3S] [dynamic_cafile_content.go:161] "Starting controller" name="client-ca-bundle::/var/lib/rancher/k3s/server/tls/client-ca.crt"
2025-01-29 13:58:42,021 INFO c.h.h.t.OperatorHelmChartContainer - [K3S] [dynamic_cafile_content.go:161] "Starting controller" name="request-header::/var/lib/rancher/k3s/server/tls/request-header-ca.crt"
2025-01-29 13:58:42,021 INFO c.h.h.t.OperatorHelmChartContainer - [K3S] [controller.go:142] Starting OpenAPI controller
2025-01-29 13:58:42,021 INFO c.h.h.t.OperatorHelmChartContainer - [K3S] [controller.go:90] Starting OpenAPI V3 controller
2025-01-29 13:58:42,021 INFO c.h.h.t.OperatorHelmChartContainer - [K3S] [naming_controller.go:294] Starting NamingConditionController
2025-01-29 13:58:42,021 INFO c.h.h.t.OperatorHelmChartContainer - [K3S] [establishing_controller.go:81] Starting EstablishingController
2025-01-29 13:58:42,021 INFO c.h.h.t.OperatorHelmChartContainer - [K3S] [nonstructuralschema_controller.go:195] Starting NonStructuralSchemaConditionController
2025-01-29 13:58:42,021 INFO c.h.h.t.OperatorHelmChartContainer - [K3S] [apiapproval_controller.go:189] Starting KubernetesAPIApprovalPolicyConformantConditionController
2025-01-29 13:58:42,021 INFO c.h.h.t.OperatorHelmChartContainer - [K3S] [crd_finalizer.go:269] Starting CRDFinalizer
2025-01-29 13:58:42,071 INFO c.h.h.t.OperatorHelmChartContainer - [K3S] [policy_source.go:240] refreshing policies
2025-01-29 13:58:42,119 INFO c.h.h.t.OperatorHelmChartContainer - [K3S] [aggregator.go:171] initial CRD sync complete...
2025-01-29 13:58:42,119 INFO c.h.h.t.OperatorHelmChartContainer - [K3S] [autoregister_controller.go:144] Starting autoregister controller
2025-01-29 13:58:42,128 INFO c.h.h.t.OperatorHelmChartContainer - [K3S] [controller.go:145] "Failed to ensure lease exists, will retry" err="namespaces \"kube-system\" not found" interval="200ms"
2025-01-29 13:58:42,130 INFO c.h.h.t.OperatorHelmChartContainer - [K3S] [apf_controller.go:382] Running API Priority and Fairness config worker
2025-01-29 13:58:42,130 INFO c.h.h.t.OperatorHelmChartContainer - [K3S] [apf_controller.go:385] Running API Priority and Fairness periodic rebalancing process
2025-01-29 13:58:42,133 INFO c.h.h.t.OperatorHelmChartContainer - [K3S] [handler_discovery.go:451] Starting ResourceDiscoveryManager
2025-01-29 13:58:42,172 INFO c.h.h.t.OperatorHelmChartContainer - [K3S] [controller.go:95] Unable to perform initial Kubernetes service initialization: namespaces "default" not found
2025-01-29 13:58:42,371 INFO c.h.h.t.OperatorHelmChartContainer - [K3S] [INFO] Module overlay was already loaded
2025-01-29 13:58:42,371 INFO c.h.h.t.OperatorHelmChartContainer - [K3S] [INFO] Module nf_conntrack was already loaded
2025-01-29 13:58:42,371 INFO c.h.h.t.OperatorHelmChartContainer - [K3S] [INFO] Module br_netfilter was already loaded
2025-01-29 13:58:42,376 INFO c.h.h.t.OperatorHelmChartContainer - [K3S] [INFO] Set sysctl 'net/netfilter/nf_conntrack_max' to 131072
2025-01-29 13:58:42,376 INFO c.h.h.t.OperatorHelmChartContainer - [K3S] [INFO] Set sysctl 'net/netfilter/nf_conntrack_tcp_timeout_established' to 86400
2025-01-29 13:58:42,376 INFO c.h.h.t.OperatorHelmChartContainer - [K3S] [INFO] Set sysctl 'net/netfilter/nf_conntrack_tcp_timeout_close_wait' to 3600
2025-01-29 13:58:42,377 INFO c.h.h.t.OperatorHelmChartContainer - [K3S] [INFO] Logging containerd to /var/lib/rancher/k3s/agent/containerd/containerd.log
2025-01-29 13:58:42,377 INFO c.h.h.t.OperatorHelmChartContainer - [K3S] [INFO] Running containerd -c /var/lib/rancher/k3s/agent/etc/containerd/config.toml -a /run/k3s/containerd/containerd.sock --state /run/k3s/containerd --root /var/lib/rancher/k3s/agent/containerd
2025-01-29 13:58:43,022 INFO c.h.h.t.OperatorHelmChartContainer - [K3S] [storage_scheduling.go:95] created PriorityClass system-node-critical with value 2000001000
2025-01-29 13:58:43,025 INFO c.h.h.t.OperatorHelmChartContainer - [K3S] [storage_scheduling.go:95] created PriorityClass system-cluster-critical with value 2000000000
2025-01-29 13:58:43,025 INFO c.h.h.t.OperatorHelmChartContainer - [K3S] [storage_scheduling.go:111] all system priority classes are created successfully or already exist.
2025-01-29 13:58:43,378 INFO c.h.h.t.OperatorHelmChartContainer - [K3S] [alloc.go:330] "allocated clusterIPs" service="default/kubernetes" clusterIPs={"IPv4":"10.43.0.1"}
2025-01-29 13:58:43,381 INFO c.h.h.t.OperatorHelmChartContainer - [K3S] [INFO] containerd is now running
2025-01-29 13:58:43,382 INFO c.h.h.t.OperatorHelmChartContainer - [K3S] [lease.go:265] Resetting endpoints for master service "kubernetes" to [172.17.0.3]
2025-01-29 13:58:43,385 INFO c.h.h.t.OperatorHelmChartContainer - [K3S] [INFO] Connecting to proxy" url="wss://127.0.0.1:6443/v1-k3s/connect
2025-01-29 13:58:43,385 INFO c.h.h.t.OperatorHelmChartContainer - [K3S] [INFO] Creating k3s-cert-monitor event broadcaster
2025-01-29 13:58:43,386 INFO c.h.h.t.OperatorHelmChartContainer - [K3S] [INFO] Running kubelet --cloud-provider=external --config-dir=/var/lib/rancher/k3s/agent/etc/kubelet.conf.d --containerd=/run/k3s/containerd/containerd.sock --hostname-override=d7549dce563f --kubeconfig=/var/lib/rancher/k3s/agent/kubelet.kubeconfig --node-ip=172.17.0.3 --node-labels=
2025-01-29 13:58:43,387 INFO c.h.h.t.OperatorHelmChartContainer - [K3S] [INFO] Handling backend connection request [d7549dce563f]
2025-01-29 13:58:43,390 INFO c.h.h.t.OperatorHelmChartContainer - [K3S] [INFO] Remotedialer connected to proxy" url="wss://127.0.0.1:6443/v1-k3s/connect
2025-01-29 13:58:43,392 INFO c.h.h.t.OperatorHelmChartContainer - [K3S] Flag --containerd has been deprecated, This is a cadvisor flag that was mistakenly registered with the Kubelet. Due to legacy concerns, it will follow the standard CLI deprecation timeline before being removed.
2025-01-29 13:58:43,396 INFO c.h.h.t.OperatorHelmChartContainer - [K3S] [server.go:515] "Kubelet version" kubeletVersion="v1.32.1+k3s1"
2025-01-29 13:58:43,396 INFO c.h.h.t.OperatorHelmChartContainer - [K3S] [server.go:517] "Golang settings" GOGC="" GOMAXPROCS="" GOTRACEBACK=""
2025-01-29 13:58:43,398 INFO c.h.h.t.OperatorHelmChartContainer - [K3S] [dynamic_cafile_content.go:161] "Starting controller" name="client-ca-bundle::/var/lib/rancher/k3s/agent/client-ca.crt"
2025-01-29 13:58:43,399 INFO c.h.h.t.OperatorHelmChartContainer - [K3S] [log.go:32] "RuntimeConfig from runtime service failed" err="rpc error: code = Unimplemented desc = method RuntimeConfig not implemented"
2025-01-29 13:58:43,400 INFO c.h.h.t.OperatorHelmChartContainer - [K3S] [server.go:1416] "CRI implementation should be updated to support RuntimeConfig when KubeletCgroupDriverFromCRI feature gate has been enabled. Falling back to using cgroupDriver from kubelet config."
2025-01-29 13:58:43,403 INFO c.h.h.t.OperatorHelmChartContainer - [K3S] [info.go:53] Couldn't collect info from any of the files in "/etc/machine-id,/var/lib/dbus/machine-id"
2025-01-29 13:58:43,403 INFO c.h.h.t.OperatorHelmChartContainer - [K3S] [server.go:767] "--cgroups-per-qos enabled, but --cgroup-root was not specified.  defaulting to /"
2025-01-29 13:58:43,404 INFO c.h.h.t.OperatorHelmChartContainer - [K3S] [server.go:836] "NoSwap is set due to memorySwapBehavior not specified" memorySwapBehavior="" FailSwapOn=false
2025-01-29 13:58:43,404 INFO c.h.h.t.OperatorHelmChartContainer - [K3S] [swap_util.go:115] "Swap is on" /proc/swaps contents=<
2025-01-29 13:58:43,404 INFO c.h.h.t.OperatorHelmChartContainer - [K3S] 	Filename				Type		Size		Used		Priority
2025-01-29 13:58:43,404 INFO c.h.h.t.OperatorHelmChartContainer - [K3S] 	/mnt/swapfile                           file		4194300		12		-2
2025-01-29 13:58:43,404 INFO c.h.h.t.OperatorHelmChartContainer - [K3S]  >
2025-01-29 13:58:43,404 INFO c.h.h.t.OperatorHelmChartContainer - [K3S] [container_manager_linux.go:268] "Container manager verified user specified cgroup-root exists" cgroupRoot=[]
2025-01-29 13:58:43,404 INFO c.h.h.t.OperatorHelmChartContainer - [K3S] [container_manager_linux.go:273] "Creating Container Manager object based on Node Config" nodeConfig={"NodeName":"d7549dce563f","RuntimeCgroupsName":"","SystemCgroupsName":"","KubeletCgroupsName":"/k3s","KubeletOOMScoreAdj":-999,"ContainerRuntime":"","CgroupsPerQOS":true,"CgroupRoot":"/","CgroupDriver":"cgroupfs","KubeletRootDir":"/var/lib/kubelet","ProtectKernelDefaults":false,"KubeReservedCgroupName":"","SystemReservedCgroupName":"","ReservedSystemCPUs":{},"EnforceNodeAllocatable":{"pods":{}},"KubeReserved":null,"SystemReserved":null,"HardEvictionThresholds":[{"Signal":"imagefs.available","Operator":"LessThan","Value":{"Quantity":null,"Percentage":0.05},"GracePeriod":0,"MinReclaim":null},{"Signal":"nodefs.available","Operator":"LessThan","Value":{"Quantity":null,"Percentage":0.05},"GracePeriod":0,"MinReclaim":null}],"QOSReserved":{},"CPUManagerPolicy":"none","CPUManagerPolicyOptions":null,"TopologyManagerScope":"container","CPUManagerReconcilePeriod":10000000000,"ExperimentalMemoryManagerPolicy":"None","ExperimentalMemoryManagerReservedMemory":null,"PodPidsLimit":-1,"EnforceCPULimits":true,"CPUCFSQuotaPeriod":100000000,"TopologyManagerPolicy":"none","TopologyManagerPolicyOptions":null,"CgroupVersion":2}
2025-01-29 13:58:43,405 INFO c.h.h.t.OperatorHelmChartContainer - [K3S] [topology_manager.go:138] "Creating topology manager with none policy"
2025-01-29 13:58:43,405 INFO c.h.h.t.OperatorHelmChartContainer - [K3S] [container_manager_linux.go:304] "Creating device plugin manager"
2025-01-29 13:58:43,405 INFO c.h.h.t.OperatorHelmChartContainer - [K3S] [state_mem.go:36] "Initialized new in-memory state store"
2025-01-29 13:58:43,405 INFO c.h.h.t.OperatorHelmChartContainer - [K3S] [kubelet.go:446] "Attempting to sync node with API server"
2025-01-29 13:58:43,405 INFO c.h.h.t.OperatorHelmChartContainer - [K3S] [kubelet.go:341] "Adding static pod path" path="/var/lib/rancher/k3s/agent/pod-manifests"
2025-01-29 13:58:43,405 INFO c.h.h.t.OperatorHelmChartContainer - [K3S] [kubelet.go:352] "Adding apiserver pod source"
2025-01-29 13:58:43,405 INFO c.h.h.t.OperatorHelmChartContainer - [K3S] [apiserver.go:42] "Waiting for node sync before watching apiserver pods"
2025-01-29 13:58:43,405 INFO c.h.h.t.OperatorHelmChartContainer - [K3S] [kuberuntime_manager.go:269] "Container runtime initialized" containerRuntime="containerd" version="v1.7.23-k3s2" apiVersion="v1"
2025-01-29 13:58:43,408 INFO c.h.h.t.OperatorHelmChartContainer - [K3S] [kubelet.go:890] "Not starting ClusterTrustBundle informer because we are in static kubelet mode"
2025-01-29 13:58:43,408 INFO c.h.h.t.OperatorHelmChartContainer - [K3S] [probe.go:272] Flexvolume plugin directory at /usr/libexec/kubernetes/kubelet-plugins/volume/exec/ does not exist. Recreating.
2025-01-29 13:58:43,408 INFO c.h.h.t.OperatorHelmChartContainer - [K3S] [watchdog_linux.go:99] "Systemd watchdog is not enabled"
2025-01-29 13:58:43,408 INFO c.h.h.t.OperatorHelmChartContainer - [K3S] [server.go:1282] "Started kubelet"
2025-01-29 13:58:43,408 INFO c.h.h.t.OperatorHelmChartContainer - [K3S] [ratelimit.go:55] "Setting rate limiting for endpoint" service="podresources" qps=100 burstTokens=10
2025-01-29 13:58:43,409 INFO c.h.h.t.OperatorHelmChartContainer - [K3S] [fs_resource_analyzer.go:67] "Starting FS ResourceAnalyzer"
2025-01-29 13:58:43,410 INFO c.h.h.t.OperatorHelmChartContainer - [K3S] [dynamic_serving_content.go:135] "Starting controller" name="kubelet-server-cert-files::/var/lib/rancher/k3s/agent/serving-kubelet.crt::/var/lib/rancher/k3s/agent/serving-kubelet.key"
2025-01-29 13:58:43,415 INFO c.h.h.t.OperatorHelmChartContainer - [K3S] [server.go:169] "Starting to listen" address="0.0.0.0" port=10250
2025-01-29 13:58:43,416 INFO c.h.h.t.OperatorHelmChartContainer - [K3S] [server.go:490] "Adding debug handlers to kubelet server"
2025-01-29 13:58:43,417 INFO c.h.h.t.OperatorHelmChartContainer - [K3S] [server.go:208] "Starting to listen read-only" address="0.0.0.0" port=10255
2025-01-29 13:58:43,417 INFO c.h.h.t.OperatorHelmChartContainer - [K3S] [server.go:243] "Starting to serve the podresources API" endpoint="unix:/var/lib/kubelet/pod-resources/kubelet.sock"
2025-01-29 13:58:43,417 INFO c.h.h.t.OperatorHelmChartContainer - [K3S] [volume_manager.go:297] "Starting Kubelet Volume Manager"
2025-01-29 13:58:43,418 INFO c.h.h.t.OperatorHelmChartContainer - [K3S] [kubelet_node_status.go:467] "Error getting the current node from lister" err="node \"d7549dce563f\" not found"
2025-01-29 13:58:43,419 INFO c.h.h.t.OperatorHelmChartContainer - [K3S] [desired_state_of_world_populator.go:149] "Desired state populator starts to run"
2025-01-29 13:58:43,420 INFO c.h.h.t.OperatorHelmChartContainer - [K3S] [reconciler.go:26] "Reconciler: start to sync state"
2025-01-29 13:58:43,423 INFO c.h.h.t.OperatorHelmChartContainer - [K3S] [kubelet_network_linux.go:50] "Initialized iptables rules." protocol="IPv4"
2025-01-29 13:58:43,423 INFO c.h.h.t.OperatorHelmChartContainer - [K3S] [factory.go:221] Registration of the systemd container factory successfully
2025-01-29 13:58:43,424 INFO c.h.h.t.OperatorHelmChartContainer - [K3S] [factory.go:219] Registration of the crio container factory failed: Get "http://%2Fvar%2Frun%2Fcrio%2Fcrio.sock/info": dial unix /var/run/crio/crio.sock: connect: no such file or directory
2025-01-29 13:58:43,424 INFO c.h.h.t.OperatorHelmChartContainer - [K3S] [kubelet_network_linux.go:50] "Initialized iptables rules." protocol="IPv6"
2025-01-29 13:58:43,424 INFO c.h.h.t.OperatorHelmChartContainer - [K3S] [status_manager.go:227] "Starting to sync pod status with apiserver"
2025-01-29 13:58:43,425 INFO c.h.h.t.OperatorHelmChartContainer - [K3S] [watchdog_linux.go:127] "Systemd watchdog is not enabled or the interval is invalid, so health checking will not be started."
2025-01-29 13:58:43,425 INFO c.h.h.t.OperatorHelmChartContainer - [K3S] [kubelet.go:2388] "Starting kubelet main sync loop"
2025-01-29 13:58:43,425 INFO c.h.h.t.OperatorHelmChartContainer - [K3S] [kubelet.go:2412] "Skipping pod synchronization" err="[container runtime status check may not have completed yet, PLEG is not healthy: pleg has yet to be successful]"
2025-01-29 13:58:43,425 INFO c.h.h.t.OperatorHelmChartContainer - [K3S] [kubelet.go:1561] "Image garbage collection failed once. Stats initialization may not have completed yet" err="invalid capacity 0 on image filesystem"
2025-01-29 13:58:43,430 INFO c.h.h.t.OperatorHelmChartContainer - [K3S] [factory.go:221] Registration of the containerd container factory successfully
2025-01-29 13:58:43,433 INFO c.h.h.t.OperatorHelmChartContainer - [K3S] [nodelease.go:49] "Failed to get node when trying to set owner ref to the node lease" err="nodes \"d7549dce563f\" not found" node="d7549dce563f"
2025-01-29 13:58:43,469 INFO c.h.h.t.OperatorHelmChartContainer - [K3S] [cpu_manager.go:221] "Starting CPU manager" policy="none"
2025-01-29 13:58:43,469 INFO c.h.h.t.OperatorHelmChartContainer - [K3S] [cpu_manager.go:222] "Reconciling" reconcilePeriod="10s"
2025-01-29 13:58:43,469 INFO c.h.h.t.OperatorHelmChartContainer - [K3S] [state_mem.go:36] "Initialized new in-memory state store"
2025-01-29 13:58:43,470 INFO c.h.h.t.OperatorHelmChartContainer - [K3S] [policy_none.go:49] "None policy: Start"
2025-01-29 13:58:43,470 INFO c.h.h.t.OperatorHelmChartContainer - [K3S] [memory_manager.go:186] "Starting memorymanager" policy="None"
2025-01-29 13:58:43,470 INFO c.h.h.t.OperatorHelmChartContainer - [K3S] [state_mem.go:35] "Initializing new in-memory state store"
2025-01-29 13:58:43,473 INFO c.h.h.t.OperatorHelmChartContainer - [K3S] [manager.go:519] "Failed to read data from checkpoint" checkpoint="kubelet_internal_checkpoint" err="checkpoint is not found"
2025-01-29 13:58:43,473 INFO c.h.h.t.OperatorHelmChartContainer - [K3S] [eviction_manager.go:189] "Eviction manager: starting control loop"
2025-01-29 13:58:43,473 INFO c.h.h.t.OperatorHelmChartContainer - [K3S] [container_log_manager.go:189] "Initializing container log rotate workers" workers=1 monitorPeriod="10s"
2025-01-29 13:58:43,474 INFO c.h.h.t.OperatorHelmChartContainer - [K3S] [plugin_manager.go:118] "Starting Kubelet Plugin Manager"
2025-01-29 13:58:43,475 INFO c.h.h.t.OperatorHelmChartContainer - [K3S] [eviction_manager.go:267] "eviction manager: failed to check if we have separate container filesystem. Ignoring." err="no imagefs label for configured runtime"
2025-01-29 13:58:43,475 INFO c.h.h.t.OperatorHelmChartContainer - [K3S] [eviction_manager.go:292] "Eviction manager: failed to get summary stats" err="failed to get node info: node \"d7549dce563f\" not found"
2025-01-29 13:58:43,499 INFO c.h.h.t.OperatorHelmChartContainer - [K3S] [ERROR] Sending HTTP/1.1 503 response to 127.0.0.1:57056: runtime core not ready
2025-01-29 13:58:43,574 INFO c.h.h.t.OperatorHelmChartContainer - [K3S] [kubelet_node_status.go:76] "Attempting to register node" node="d7549dce563f"
2025-01-29 13:58:43,579 INFO c.h.h.t.OperatorHelmChartContainer - [K3S] [kubelet_node_status.go:79] "Successfully registered node" node="d7549dce563f"
2025-01-29 13:58:43,579 INFO c.h.h.t.OperatorHelmChartContainer - [K3S] [kubelet_node_status.go:549] "Error updating node status, will retry" err="error getting node \"d7549dce563f\": node \"d7549dce563f\" not found"
2025-01-29 13:58:43,581 INFO c.h.h.t.OperatorHelmChartContainer - [K3S] [INFO] Annotations and labels have been set successfully on node: d7549dce563f
2025-01-29 13:58:43,581 INFO c.h.h.t.OperatorHelmChartContainer - [K3S] [INFO] Starting flannel with backend vxlan
2025-01-29 13:58:43,595 INFO c.h.h.t.OperatorHelmChartContainer - [K3S] [INFO] Running kube-proxy --cluster-cidr=10.42.0.0/16 --conntrack-max-per-core=0 --conntrack-tcp-timeout-close-wait=0s --conntrack-tcp-timeout-established=0s --healthz-bind-address=127.0.0.1 --hostname-override=d7549dce563f --kubeconfig=/var/lib/rancher/k3s/agent/kubeproxy.kubeconfig --proxy-mode=iptables
2025-01-29 13:58:43,636 INFO c.h.h.t.OperatorHelmChartContainer - [K3S] [server.go:698] "Successfully retrieved node IP(s)" IPs=["172.17.0.3"]
2025-01-29 13:58:43,637 INFO c.h.h.t.OperatorHelmChartContainer - [K3S] [server.go:234] "Kube-proxy configuration may be incomplete or incorrect" err="nodePortAddresses is unset; NodePort connections will be accepted on all local IPs. Consider using `--nodeport-addresses primary`"
2025-01-29 13:58:43,640 INFO c.h.h.t.OperatorHelmChartContainer - [K3S] [server.go:243] "kube-proxy running in dual-stack mode" primary ipFamily="IPv4"
2025-01-29 13:58:43,640 INFO c.h.h.t.OperatorHelmChartContainer - [K3S] [server_linux.go:170] "Using iptables Proxier"
2025-01-29 13:58:43,641 INFO c.h.h.t.OperatorHelmChartContainer - [K3S] [proxier.go:255] "Setting route_localnet=1 to allow node-ports on localhost; to change this either disable iptables.localhostNodePorts (--iptables-localhost-nodeports) or set nodePortAddresses (--nodeport-addresses) to filter loopback addresses"
2025-01-29 13:58:43,641 INFO c.h.h.t.OperatorHelmChartContainer - [K3S] [server.go:497] "Version info" version="v1.32.1+k3s1"
2025-01-29 13:58:43,641 INFO c.h.h.t.OperatorHelmChartContainer - [K3S] [server.go:499] "Golang settings" GOGC="" GOMAXPROCS="" GOTRACEBACK=""
2025-01-29 13:58:43,642 INFO c.h.h.t.OperatorHelmChartContainer - [K3S] [config.go:329] "Starting node config controller"
2025-01-29 13:58:43,642 INFO c.h.h.t.OperatorHelmChartContainer - [K3S] [config.go:199] "Starting service config controller"
2025-01-29 13:58:43,643 INFO c.h.h.t.OperatorHelmChartContainer - [K3S] [config.go:105] "Starting endpoint slice config controller"
2025-01-29 13:58:43,783 INFO c.h.h.t.OperatorHelmChartContainer - [K3S] [kubelet_node_status.go:502] "Fast updating node status as it just became ready"
2025-01-29 13:58:44,273 INFO c.h.h.t.OperatorHelmChartContainer - [K3S] [INFO] Waiting for untainted node
2025-01-29 13:58:44,274 INFO c.h.h.t.OperatorHelmChartContainer - [K3S] [INFO] Waiting for cloud-controller-manager privileges to become available
2025-01-29 13:58:44,274 INFO c.h.h.t.OperatorHelmChartContainer - [K3S] [INFO] Kube API server is now running
2025-01-29 13:58:44,274 INFO c.h.h.t.OperatorHelmChartContainer - [K3S] [INFO] ETCD server is now running
2025-01-29 13:58:44,274 INFO c.h.h.t.OperatorHelmChartContainer - [K3S] [INFO] k3s is up and running
2025-01-29 13:58:44,274 INFO c.h.h.t.OperatorHelmChartContainer - [K3S] [INFO] Creating k3s-supervisor event broadcaster
2025-01-29 13:58:44,280 INFO c.h.h.t.OperatorHelmChartContainer - [K3S] [INFO] Applying CRD addons.k3s.cattle.io
2025-01-29 13:58:44,292 INFO c.h.h.t.OperatorHelmChartContainer - [K3S] [INFO] Applying CRD etcdsnapshotfiles.k3s.cattle.io
2025-01-29 13:58:44,299 INFO c.h.h.t.OperatorHelmChartContainer - [K3S] [INFO] Applying CRD helmcharts.helm.cattle.io
2025-01-29 13:58:44,311 INFO c.h.h.t.OperatorHelmChartContainer - [K3S] [INFO] Applying CRD helmchartconfigs.helm.cattle.io
2025-01-29 13:58:44,323 INFO c.h.h.t.OperatorHelmChartContainer - [K3S] [INFO] Waiting for CRD helmchartconfigs.helm.cattle.io to become available
2025-01-29 13:58:44,405 INFO c.h.h.t.OperatorHelmChartContainer - [K3S] [apiserver.go:52] "Watching apiserver"
2025-01-29 13:58:44,420 INFO c.h.h.t.OperatorHelmChartContainer - [K3S] [desired_state_of_world_populator.go:157] "Finished populating initial desired state of world"
2025-01-29 13:58:44,660 INFO c.h.h.t.OperatorHelmChartContainer - [K3S] [serving.go:392] Generated self-signed cert in-memory
2025-01-29 13:58:44,826 INFO c.h.h.t.OperatorHelmChartContainer - [K3S] [INFO] Done waiting for CRD helmchartconfigs.helm.cattle.io to become available
2025-01-29 13:58:44,827 INFO c.h.h.t.OperatorHelmChartContainer - [K3S] [INFO] Writing static file: /var/lib/rancher/k3s/server/static/charts/traefik-27.0.201+up27.0.2.tgz
2025-01-29 13:58:44,828 INFO c.h.h.t.OperatorHelmChartContainer - [K3S] [INFO] Writing static file: /var/lib/rancher/k3s/server/static/charts/traefik-crd-27.0.201+up27.0.2.tgz
2025-01-29 13:58:44,828 INFO c.h.h.t.OperatorHelmChartContainer - [K3S] [INFO] Writing manifest: /var/lib/rancher/k3s/server/manifests/ccm.yaml
2025-01-29 13:58:44,828 INFO c.h.h.t.OperatorHelmChartContainer - [K3S] [INFO] Writing manifest: /var/lib/rancher/k3s/server/manifests/coredns.yaml
2025-01-29 13:58:44,828 INFO c.h.h.t.OperatorHelmChartContainer - [K3S] [INFO] Writing manifest: /var/lib/rancher/k3s/server/manifests/metrics-server/auth-delegator.yaml
2025-01-29 13:58:44,828 INFO c.h.h.t.OperatorHelmChartContainer - [K3S] [INFO] Writing manifest: /var/lib/rancher/k3s/server/manifests/metrics-server/auth-reader.yaml
2025-01-29 13:58:44,828 INFO c.h.h.t.OperatorHelmChartContainer - [K3S] [INFO] Writing manifest: /var/lib/rancher/k3s/server/manifests/metrics-server/metrics-server-deployment.yaml
2025-01-29 13:58:44,829 INFO c.h.h.t.OperatorHelmChartContainer - [K3S] [INFO] Writing manifest: /var/lib/rancher/k3s/server/manifests/metrics-server/metrics-server-service.yaml
2025-01-29 13:58:44,829 INFO c.h.h.t.OperatorHelmChartContainer - [K3S] [INFO] Writing manifest: /var/lib/rancher/k3s/server/manifests/metrics-server/resource-reader.yaml
2025-01-29 13:58:44,829 INFO c.h.h.t.OperatorHelmChartContainer - [K3S] [INFO] Writing manifest: /var/lib/rancher/k3s/server/manifests/rolebindings.yaml
2025-01-29 13:58:44,829 INFO c.h.h.t.OperatorHelmChartContainer - [K3S] [INFO] Writing manifest: /var/lib/rancher/k3s/server/manifests/local-storage.yaml
2025-01-29 13:58:44,829 INFO c.h.h.t.OperatorHelmChartContainer - [K3S] [INFO] Writing manifest: /var/lib/rancher/k3s/server/manifests/metrics-server/aggregated-metrics-reader.yaml
2025-01-29 13:58:44,829 INFO c.h.h.t.OperatorHelmChartContainer - [K3S] [INFO] Writing manifest: /var/lib/rancher/k3s/server/manifests/metrics-server/metrics-apiservice.yaml
2025-01-29 13:58:44,829 INFO c.h.h.t.OperatorHelmChartContainer - [K3S] [INFO] Writing manifest: /var/lib/rancher/k3s/server/manifests/runtimes.yaml
2025-01-29 13:58:44,831 INFO c.h.h.t.OperatorHelmChartContainer - [K3S] [INFO] Starting dynamiclistener CN filter node controller with SANs: [localhost 127.0.0.1 ::1 localhost d7549dce563f 172.17.0.3 10.43.0.1 kubernetes kubernetes.default kubernetes.default.svc kubernetes.default.svc.cluster.local]
2025-01-29 13:58:44,831 INFO c.h.h.t.OperatorHelmChartContainer - [K3S] [INFO] Tunnel server egress proxy mode: agent
2025-01-29 13:58:44,937 INFO c.h.h.t.OperatorHelmChartContainer - [K3S] [INFO] Starting k3s.cattle.io/v1, Kind=Addon controller
2025-01-29 13:58:44,937 INFO c.h.h.t.OperatorHelmChartContainer - [K3S] [INFO] Creating deploy event broadcaster
2025-01-29 13:58:44,966 INFO c.h.h.t.OperatorHelmChartContainer - [K3S] [controllermanager.go:185] "Starting" version="v1.32.1+k3s1"
2025-01-29 13:58:44,966 INFO c.h.h.t.OperatorHelmChartContainer - [K3S] [controllermanager.go:187] "Golang settings" GOGC="" GOMAXPROCS="" GOTRACEBACK=""
2025-01-29 13:58:44,968 INFO c.h.h.t.OperatorHelmChartContainer - [K3S] [requestheader_controller.go:180] Starting RequestHeaderAuthRequestController
2025-01-29 13:58:44,968 INFO c.h.h.t.OperatorHelmChartContainer - [K3S] [configmap_cafile_content.go:205] "Starting controller" name="client-ca::kube-system::extension-apiserver-authentication::client-ca-file"
2025-01-29 13:58:44,968 INFO c.h.h.t.OperatorHelmChartContainer - [K3S] [configmap_cafile_content.go:205] "Starting controller" name="client-ca::kube-system::extension-apiserver-authentication::requestheader-client-ca-file"
2025-01-29 13:58:44,968 INFO c.h.h.t.OperatorHelmChartContainer - [K3S] [secure_serving.go:213] Serving securely on 127.0.0.1:10257
2025-01-29 13:58:44,969 INFO c.h.h.t.OperatorHelmChartContainer - [K3S] [tlsconfig.go:243] "Starting DynamicServingCertificateController"
2025-01-29 13:58:44,972 INFO c.h.h.t.OperatorHelmChartContainer - [K3S] [controllermanager.go:765] "Started controller" controller="serviceaccount-token-controller"
2025-01-29 13:58:44,981 INFO c.h.h.t.OperatorHelmChartContainer - [K3S] [graph_builder.go:351] "Running" component="GraphBuilder"
2025-01-29 13:58:44,981 INFO c.h.h.t.OperatorHelmChartContainer - [K3S] [controllermanager.go:765] "Started controller" controller="garbage-collector-controller"
2025-01-29 13:58:44,987 INFO c.h.h.t.OperatorHelmChartContainer - [K3S] [controllermanager.go:765] "Started controller" controller="daemonset-controller"
2025-01-29 13:58:44,987 INFO c.h.h.t.OperatorHelmChartContainer - [K3S] [daemon_controller.go:294] "Starting daemon sets controller"
2025-01-29 13:58:44,993 INFO c.h.h.t.OperatorHelmChartContainer - [K3S] [controllermanager.go:765] "Started controller" controller="statefulset-controller"
2025-01-29 13:58:44,994 INFO c.h.h.t.OperatorHelmChartContainer - [K3S] [stateful_set.go:166] "Starting stateful set controller"
2025-01-29 13:58:44,999 INFO c.h.h.t.OperatorHelmChartContainer - [K3S] [controllermanager.go:765] "Started controller" controller="certificatesigningrequest-cleaner-controller"
2025-01-29 13:58:44,999 INFO c.h.h.t.OperatorHelmChartContainer - [K3S] [controllermanager.go:723] "Skipping a cloud provider controller" controller="node-route-controller"
2025-01-29 13:58:44,999 INFO c.h.h.t.OperatorHelmChartContainer - [K3S] [cleaner.go:83] "Starting CSR cleaner controller"
2025-01-29 13:58:45,005 INFO c.h.h.t.OperatorHelmChartContainer - [K3S] [controllermanager.go:765] "Started controller" controller="persistentvolume-binder-controller"
2025-01-29 13:58:45,005 INFO c.h.h.t.OperatorHelmChartContainer - [K3S] [pv_controller_base.go:308] "Starting persistent volume controller"
2025-01-29 13:58:45,007 INFO c.h.h.t.OperatorHelmChartContainer - [K3S] [certificate_controller.go:120] "Starting certificate controller" name="csrsigning-kubelet-serving"
2025-01-29 13:58:45,008 INFO c.h.h.t.OperatorHelmChartContainer - [K3S] [dynamic_serving_content.go:135] "Starting controller" name="csr-controller::/var/lib/rancher/k3s/server/tls/server-ca.nochain.crt::/var/lib/rancher/k3s/server/tls/server-ca.key"
2025-01-29 13:58:45,008 INFO c.h.h.t.OperatorHelmChartContainer - [K3S] [certificate_controller.go:120] "Starting certificate controller" name="csrsigning-kubelet-client"
2025-01-29 13:58:45,008 INFO c.h.h.t.OperatorHelmChartContainer - [K3S] [dynamic_serving_content.go:135] "Starting controller" name="csr-controller::/var/lib/rancher/k3s/server/tls/client-ca.nochain.crt::/var/lib/rancher/k3s/server/tls/client-ca.key"
2025-01-29 13:58:45,008 INFO c.h.h.t.OperatorHelmChartContainer - [K3S] [dynamic_serving_content.go:135] "Starting controller" name="csr-controller::/var/lib/rancher/k3s/server/tls/client-ca.nochain.crt::/var/lib/rancher/k3s/server/tls/client-ca.key"
2025-01-29 13:58:45,008 INFO c.h.h.t.OperatorHelmChartContainer - [K3S] [certificate_controller.go:120] "Starting certificate controller" name="csrsigning-kube-apiserver-client"
2025-01-29 13:58:45,008 INFO c.h.h.t.OperatorHelmChartContainer - [K3S] [controllermanager.go:765] "Started controller" controller="certificatesigningrequest-signing-controller"
2025-01-29 13:58:45,008 INFO c.h.h.t.OperatorHelmChartContainer - [K3S] [certificate_controller.go:120] "Starting certificate controller" name="csrsigning-legacy-unknown"
2025-01-29 13:58:45,008 INFO c.h.h.t.OperatorHelmChartContainer - [K3S] [dynamic_serving_content.go:135] "Starting controller" name="csr-controller::/var/lib/rancher/k3s/server/tls/server-ca.nochain.crt::/var/lib/rancher/k3s/server/tls/server-ca.key"
2025-01-29 13:58:45,009 INFO c.h.h.t.OperatorHelmChartContainer - [K3S] [controllermanager.go:765] "Started controller" controller="certificatesigningrequest-approving-controller"
2025-01-29 13:58:45,009 INFO c.h.h.t.OperatorHelmChartContainer - [K3S] [controllermanager.go:717] "Controller is disabled by a feature gate" controller="volumeattributesclass-protection-controller" requiredFeatureGates=["VolumeAttributesClass"]
2025-01-29 13:58:45,009 INFO c.h.h.t.OperatorHelmChartContainer - [K3S] [controllermanager.go:717] "Controller is disabled by a feature gate" controller="kube-apiserver-serving-clustertrustbundle-publisher-controller" requiredFeatureGates=["ClusterTrustBundle"]
2025-01-29 13:58:45,010 INFO c.h.h.t.OperatorHelmChartContainer - [K3S] [controllermanager.go:717] "Controller is disabled by a feature gate" controller="storageversion-garbage-collector-controller" requiredFeatureGates=["APIServerIdentity","StorageVersionAPI"]
2025-01-29 13:58:45,010 INFO c.h.h.t.OperatorHelmChartContainer - [K3S] [certificate_controller.go:120] "Starting certificate controller" name="csrapproving"
2025-01-29 13:58:45,014 INFO c.h.h.t.OperatorHelmChartContainer - [K3S] [controllermanager.go:765] "Started controller" controller="taint-eviction-controller"
2025-01-29 13:58:45,014 INFO c.h.h.t.OperatorHelmChartContainer - [K3S] [controllermanager.go:743] "Warning: skipping controller" controller="storage-version-migrator-controller"
2025-01-29 13:58:45,014 INFO c.h.h.t.OperatorHelmChartContainer - [K3S] [taint_eviction.go:281] "Starting" controller="taint-eviction-controller"
2025-01-29 13:58:45,014 INFO c.h.h.t.OperatorHelmChartContainer - [K3S] [taint_eviction.go:287] "Sending events to api server"
2025-01-29 13:58:45,019 INFO c.h.h.t.OperatorHelmChartContainer - [K3S] [controllermanager.go:765] "Started controller" controller="serviceaccount-controller"
2025-01-29 13:58:45,019 INFO c.h.h.t.OperatorHelmChartContainer - [K3S] [serviceaccounts_controller.go:114] "Starting service account controller"
2025-01-29 13:58:45,025 INFO c.h.h.t.OperatorHelmChartContainer - [K3S] [controllermanager.go:765] "Started controller" controller="ttl-controller"
2025-01-29 13:58:45,025 INFO c.h.h.t.OperatorHelmChartContainer - [K3S] [ttl_controller.go:127] "Starting TTL controller"
2025-01-29 13:58:45,040 INFO c.h.h.t.OperatorHelmChartContainer - [K3S] [INFO] Starting /v1, Kind=Node controller
2025-01-29 13:58:45,041 INFO c.h.h.t.OperatorHelmChartContainer - [K3S] [INFO] Creating helm-controller event broadcaster
2025-01-29 13:58:45,048 INFO c.h.h.t.OperatorHelmChartContainer - [K3S] [INFO] Cluster dns configmap has been set successfully
2025-01-29 13:58:45,055 INFO c.h.h.t.OperatorHelmChartContainer - [K3S] [INFO] Labels and annotations have been set successfully on node: d7549dce563f
2025-01-29 13:58:45,106 INFO c.h.h.t.OperatorHelmChartContainer - [K3S] [INFO] Starting /v1, Kind=Secret controller
2025-01-29 13:58:45,106 INFO c.h.h.t.OperatorHelmChartContainer - [K3S] [INFO] Starting /v1, Kind=ConfigMap controller
2025-01-29 13:58:45,106 INFO c.h.h.t.OperatorHelmChartContainer - [K3S] [INFO] Starting /v1, Kind=ServiceAccount controller
2025-01-29 13:58:45,111 INFO c.h.h.t.OperatorHelmChartContainer - [K3S] [INFO] Updating TLS secret for kube-system/k3s-serving (count: 10): map[listener.cattle.io/cn-10.43.0.1:10.43.0.1 listener.cattle.io/cn-127.0.0.1:127.0.0.1 listener.cattle.io/cn-172.17.0.3:172.17.0.3 listener.cattle.io/cn-__1-f16284:::1 listener.cattle.io/cn-d7549dce563f:d7549dce563f listener.cattle.io/cn-kubernetes:kubernetes listener.cattle.io/cn-kubernetes.default:kubernetes.default listener.cattle.io/cn-kubernetes.default.svc:kubernetes.default.svc listener.cattle.io/cn-kubernetes.default.svc.cluster.local:kubernetes.default.svc.cluster.local listener.cattle.io/cn-localhost:localhost listener.cattle.io/fingerprint:SHA1=10CA0F8FCDB88071F56802CCF4167181B3C84074]
2025-01-29 13:58:45,114 INFO c.h.h.t.OperatorHelmChartContainer - [K3S] [INFO] Active TLS secret kube-system/k3s-serving (ver=238) (count 10): map[listener.cattle.io/cn-10.43.0.1:10.43.0.1 listener.cattle.io/cn-127.0.0.1:127.0.0.1 listener.cattle.io/cn-172.17.0.3:172.17.0.3 listener.cattle.io/cn-__1-f16284:::1 listener.cattle.io/cn-d7549dce563f:d7549dce563f listener.cattle.io/cn-kubernetes:kubernetes listener.cattle.io/cn-kubernetes.default:kubernetes.default listener.cattle.io/cn-kubernetes.default.svc:kubernetes.default.svc listener.cattle.io/cn-kubernetes.default.svc.cluster.local:kubernetes.default.svc.cluster.local listener.cattle.io/cn-localhost:localhost listener.cattle.io/fingerprint:SHA1=10CA0F8FCDB88071F56802CCF4167181B3C84074]
2025-01-29 13:58:45,125 INFO c.h.h.t.OperatorHelmChartContainer - [K3S] [controllermanager.go:765] "Started controller" controller="persistentvolumeclaim-protection-controller"
2025-01-29 13:58:45,126 INFO c.h.h.t.OperatorHelmChartContainer - [K3S] [controllermanager.go:717] "Controller is disabled by a feature gate" controller="resourceclaim-controller" requiredFeatureGates=["DynamicResourceAllocation"]
2025-01-29 13:58:45,126 INFO c.h.h.t.OperatorHelmChartContainer - [K3S] [pvc_protection_controller.go:168] "Starting PVC protection controller"
2025-01-29 13:58:45,150 INFO c.h.h.t.OperatorHelmChartContainer - [K3S] [INFO] Starting helm.cattle.io/v1, Kind=HelmChart controller
2025-01-29 13:58:45,150 INFO c.h.h.t.OperatorHelmChartContainer - [K3S] [INFO] Starting helm.cattle.io/v1, Kind=HelmChartConfig controller
2025-01-29 13:58:45,153 INFO c.h.h.t.OperatorHelmChartContainer - [K3S] [INFO] Starting rbac.authorization.k8s.io/v1, Kind=ClusterRoleBinding controller
2025-01-29 13:58:45,156 INFO c.h.h.t.OperatorHelmChartContainer - [K3S] [INFO] Starting batch/v1, Kind=Job controller
2025-01-29 13:58:45,209 INFO c.h.h.t.OperatorHelmChartContainer - [K3S] [INFO] Updating TLS secret for kube-system/k3s-serving (count: 10): map[listener.cattle.io/cn-10.43.0.1:10.43.0.1 listener.cattle.io/cn-127.0.0.1:127.0.0.1 listener.cattle.io/cn-172.17.0.3:172.17.0.3 listener.cattle.io/cn-__1-f16284:::1 listener.cattle.io/cn-d7549dce563f:d7549dce563f listener.cattle.io/cn-kubernetes:kubernetes listener.cattle.io/cn-kubernetes.default:kubernetes.default listener.cattle.io/cn-kubernetes.default.svc:kubernetes.default.svc listener.cattle.io/cn-kubernetes.default.svc.cluster.local:kubernetes.default.svc.cluster.local listener.cattle.io/cn-localhost:localhost listener.cattle.io/fingerprint:SHA1=10CA0F8FCDB88071F56802CCF4167181B3C84074]
2025-01-29 13:58:45,282 INFO c.h.h.t.OperatorHelmChartContainer - [K3S] [controllermanager.go:765] "Started controller" controller="cronjob-controller"
2025-01-29 13:58:45,282 INFO c.h.h.t.OperatorHelmChartContainer - [K3S] [controllermanager.go:728] "Warning: controller is disabled" controller="bootstrap-signer-controller"
2025-01-29 13:58:45,282 INFO c.h.h.t.OperatorHelmChartContainer - [K3S] [controllermanager.go:717] "Controller is disabled by a feature gate" controller="service-cidr-controller" requiredFeatureGates=["MultiCIDRServiceAllocator"]
2025-01-29 13:58:45,282 INFO c.h.h.t.OperatorHelmChartContainer - [K3S] [cronjob_controllerv2.go:145] "Starting cronjob controller v2"
2025-01-29 13:58:45,426 INFO c.h.h.t.OperatorHelmChartContainer - [K3S] [controllermanager.go:765] "Started controller" controller="endpoints-controller"
2025-01-29 13:58:45,426 INFO c.h.h.t.OperatorHelmChartContainer - [K3S] [endpoints_controller.go:182] "Starting endpoint controller"
2025-01-29 13:58:45,576 INFO c.h.h.t.OperatorHelmChartContainer - [K3S] [controllermanager.go:765] "Started controller" controller="replicaset-controller"
2025-01-29 13:58:45,576 INFO c.h.h.t.OperatorHelmChartContainer - [K3S] [replica_set.go:217] "Starting controller" name="replicaset"
2025-01-29 13:58:45,624 INFO c.h.h.t.OperatorHelmChartContainer - [K3S] [node_lifecycle_controller.go:432] "Controller will reconcile labels"
2025-01-29 13:58:45,624 INFO c.h.h.t.OperatorHelmChartContainer - [K3S] [controllermanager.go:765] "Started controller" controller="node-lifecycle-controller"
2025-01-29 13:58:45,624 INFO c.h.h.t.OperatorHelmChartContainer - [K3S] [node_lifecycle_controller.go:466] "Sending events to api server"
2025-01-29 13:58:45,624 INFO c.h.h.t.OperatorHelmChartContainer - [K3S] [node_lifecycle_controller.go:477] "Starting node controller"
2025-01-29 13:58:45,776 INFO c.h.h.t.OperatorHelmChartContainer - [K3S] [controllermanager.go:765] "Started controller" controller="persistentvolume-attach-detach-controller"
2025-01-29 13:58:45,776 INFO c.h.h.t.OperatorHelmChartContainer - [K3S] [attach_detach_controller.go:338] "Starting attach detach controller"
2025-01-29 13:58:45,925 INFO c.h.h.t.OperatorHelmChartContainer - [K3S] [controllermanager.go:765] "Started controller" controller="persistentvolume-protection-controller"
2025-01-29 13:58:45,926 INFO c.h.h.t.OperatorHelmChartContainer - [K3S] [pv_protection_controller.go:81] "Starting PV protection controller"
2025-01-29 13:58:46,076 INFO c.h.h.t.OperatorHelmChartContainer - [K3S] [controllermanager.go:765] "Started controller" controller="legacy-serviceaccount-token-cleaner-controller"
2025-01-29 13:58:46,076 INFO c.h.h.t.OperatorHelmChartContainer - [K3S] [controllermanager.go:717] "Controller is disabled by a feature gate" controller="selinux-warning-controller" requiredFeatureGates=["SELinuxChangePolicy"]
2025-01-29 13:58:46,076 INFO c.h.h.t.OperatorHelmChartContainer - [K3S] [legacy_serviceaccount_token_cleaner.go:103] "Starting legacy service account token cleaner controller"
2025-01-29 13:58:46,226 INFO c.h.h.t.OperatorHelmChartContainer - [K3S] [controllermanager.go:765] "Started controller" controller="endpointslice-mirroring-controller"
2025-01-29 13:58:46,226 INFO c.h.h.t.OperatorHelmChartContainer - [K3S] [endpointslicemirroring_controller.go:227] "Starting EndpointSliceMirroring controller"
2025-01-29 13:58:46,529 INFO c.h.h.t.OperatorHelmChartContainer - [K3S] [controllermanager.go:765] "Started controller" controller="resourcequota-controller"
2025-01-29 13:58:46,529 INFO c.h.h.t.OperatorHelmChartContainer - [K3S] [resource_quota_controller.go:300] "Starting resource quota controller"
2025-01-29 13:58:46,675 INFO c.h.h.t.OperatorHelmChartContainer - [K3S] [controllermanager.go:765] "Started controller" controller="deployment-controller"
2025-01-29 13:58:46,675 INFO c.h.h.t.OperatorHelmChartContainer - [K3S] [deployment_controller.go:173] "Starting controller" controller="deployment"
2025-01-29 13:58:46,942 INFO c.h.h.t.OperatorHelmChartContainer - [K3S] [event.go:389] "Event occurred" object="d7549dce563f" fieldPath="" kind="Node" apiVersion="" type="Normal" reason="NodePasswordValidationComplete" message="Deferred node password secret validation complete"
2025-01-29 13:58:46,942 INFO c.h.h.t.OperatorHelmChartContainer - [K3S] [event.go:389] "Event occurred" object="kube-system/ccm" fieldPath="" kind="Addon" apiVersion="k3s.cattle.io/v1" type="Normal" reason="ApplyingManifest" message="Applying manifest at \"/var/lib/rancher/k3s/server/manifests/ccm.yaml\""
2025-01-29 13:58:46,959 INFO c.h.h.t.OperatorHelmChartContainer - [K3S] [event.go:389] "Event occurred" object="kube-system/ccm" fieldPath="" kind="Addon" apiVersion="k3s.cattle.io/v1" type="Normal" reason="AppliedManifest" message="Applied manifest at \"/var/lib/rancher/k3s/server/manifests/ccm.yaml\""
2025-01-29 13:58:46,967 INFO c.h.h.t.OperatorHelmChartContainer - [K3S] [event.go:389] "Event occurred" object="kube-system/coredns" fieldPath="" kind="Addon" apiVersion="k3s.cattle.io/v1" type="Normal" reason="ApplyingManifest" message="Applying manifest at \"/var/lib/rancher/k3s/server/manifests/coredns.yaml\""
2025-01-29 13:58:46,974 INFO c.h.h.t.OperatorHelmChartContainer - [K3S] [controllermanager.go:765] "Started controller" controller="horizontal-pod-autoscaler-controller"
2025-01-29 13:58:46,974 INFO c.h.h.t.OperatorHelmChartContainer - [K3S] [controllermanager.go:723] "Skipping a cloud provider controller" controller="cloud-node-lifecycle-controller"
2025-01-29 13:58:46,974 INFO c.h.h.t.OperatorHelmChartContainer - [K3S] [horizontal.go:201] "Starting HPA controller"
2025-01-29 13:58:47,074 INFO c.h.h.t.OperatorHelmChartContainer - [K3S] [alloc.go:330] "allocated clusterIPs" service="kube-system/kube-dns" clusterIPs={"IPv4":"10.43.0.10"}
2025-01-29 13:58:47,075 INFO c.h.h.t.OperatorHelmChartContainer - [K3S] [event.go:389] "Event occurred" object="kube-system/coredns" fieldPath="" kind="Addon" apiVersion="k3s.cattle.io/v1" type="Normal" reason="AppliedManifest" message="Applied manifest at \"/var/lib/rancher/k3s/server/manifests/coredns.yaml\""
2025-01-29 13:58:47,080 INFO c.h.h.t.OperatorHelmChartContainer - [K3S] [event.go:389] "Event occurred" object="kube-system/local-storage" fieldPath="" kind="Addon" apiVersion="k3s.cattle.io/v1" type="Normal" reason="ApplyingManifest" message="Applying manifest at \"/var/lib/rancher/k3s/server/manifests/local-storage.yaml\""
2025-01-29 13:58:47,125 INFO c.h.h.t.OperatorHelmChartContainer - [K3S] [controllermanager.go:765] "Started controller" controller="root-ca-certificate-publisher-controller"
2025-01-29 13:58:47,125 INFO c.h.h.t.OperatorHelmChartContainer - [K3S] [publisher.go:107] "Starting root CA cert publisher controller"
2025-01-29 13:58:47,174 INFO c.h.h.t.OperatorHelmChartContainer - [K3S] [event.go:389] "Event occurred" object="kube-system/local-storage" fieldPath="" kind="Addon" apiVersion="k3s.cattle.io/v1" type="Normal" reason="AppliedManifest" message="Applied manifest at \"/var/lib/rancher/k3s/server/manifests/local-storage.yaml\""
2025-01-29 13:58:47,179 INFO c.h.h.t.OperatorHelmChartContainer - [K3S] [event.go:389] "Event occurred" object="kube-system/aggregated-metrics-reader" fieldPath="" kind="Addon" apiVersion="k3s.cattle.io/v1" type="Normal" reason="ApplyingManifest" message="Applying manifest at \"/var/lib/rancher/k3s/server/manifests/metrics-server/aggregated-metrics-reader.yaml\""
2025-01-29 13:58:47,188 INFO c.h.h.t.OperatorHelmChartContainer - [K3S] [event.go:389] "Event occurred" object="kube-system/aggregated-metrics-reader" fieldPath="" kind="Addon" apiVersion="k3s.cattle.io/v1" type="Normal" reason="AppliedManifest" message="Applied manifest at \"/var/lib/rancher/k3s/server/manifests/metrics-server/aggregated-metrics-reader.yaml\""
2025-01-29 13:58:47,193 INFO c.h.h.t.OperatorHelmChartContainer - [K3S] [event.go:389] "Event occurred" object="kube-system/auth-delegator" fieldPath="" kind="Addon" apiVersion="k3s.cattle.io/v1" type="Normal" reason="ApplyingManifest" message="Applying manifest at \"/var/lib/rancher/k3s/server/manifests/metrics-server/auth-delegator.yaml\""
2025-01-29 13:58:47,256 INFO c.h.h.t.OperatorHelmChartContainer - [K3S] [event.go:389] "Event occurred" object="kube-system/auth-delegator" fieldPath="" kind="Addon" apiVersion="k3s.cattle.io/v1" type="Normal" reason="AppliedManifest" message="Applied manifest at \"/var/lib/rancher/k3s/server/manifests/metrics-server/auth-delegator.yaml\""
2025-01-29 13:58:47,261 INFO c.h.h.t.OperatorHelmChartContainer - [K3S] [event.go:389] "Event occurred" object="kube-system/auth-reader" fieldPath="" kind="Addon" apiVersion="k3s.cattle.io/v1" type="Normal" reason="ApplyingManifest" message="Applying manifest at \"/var/lib/rancher/k3s/server/manifests/metrics-server/auth-reader.yaml\""
2025-01-29 13:58:47,266 INFO c.h.h.t.OperatorHelmChartContainer - [K3S] [event.go:389] "Event occurred" object="kube-system/auth-reader" fieldPath="" kind="Addon" apiVersion="k3s.cattle.io/v1" type="Normal" reason="AppliedManifest" message="Applied manifest at \"/var/lib/rancher/k3s/server/manifests/metrics-server/auth-reader.yaml\""
2025-01-29 13:58:47,271 INFO c.h.h.t.OperatorHelmChartContainer - [K3S] [event.go:389] "Event occurred" object="kube-system/metrics-apiservice" fieldPath="" kind="Addon" apiVersion="k3s.cattle.io/v1" type="Normal" reason="ApplyingManifest" message="Applying manifest at \"/var/lib/rancher/k3s/server/manifests/metrics-server/metrics-apiservice.yaml\""
2025-01-29 13:58:47,279 INFO c.h.h.t.OperatorHelmChartContainer - [K3S] [event.go:389] "Event occurred" object="kube-system/metrics-apiservice" fieldPath="" kind="Addon" apiVersion="k3s.cattle.io/v1" type="Normal" reason="AppliedManifest" message="Applied manifest at \"/var/lib/rancher/k3s/server/manifests/metrics-server/metrics-apiservice.yaml\""
2025-01-29 13:58:47,282 INFO c.h.h.t.OperatorHelmChartContainer - [K3S] [handler_proxy.go:99] no RequestInfo found in the context
2025-01-29 13:58:47,282 INFO c.h.h.t.OperatorHelmChartContainer - [K3S] [controller.go:146] "Unhandled Error" err=<
2025-01-29 13:58:47,282 INFO c.h.h.t.OperatorHelmChartContainer - [K3S] 	, Header: map[Content-Type:[text/plain; charset=utf-8] X-Content-Type-Options:[nosniff]]
2025-01-29 13:58:47,282 INFO c.h.h.t.OperatorHelmChartContainer - [K3S]  >
2025-01-29 13:58:47,283 INFO c.h.h.t.OperatorHelmChartContainer - [K3S] [handler_proxy.go:143] error resolving kube-system/metrics-server: service "metrics-server" not found
2025-01-29 13:58:47,284 INFO c.h.h.t.OperatorHelmChartContainer - [K3S] [event.go:389] "Event occurred" object="kube-system/metrics-server-deployment" fieldPath="" kind="Addon" apiVersion="k3s.cattle.io/v1" type="Normal" reason="ApplyingManifest" message="Applying manifest at \"/var/lib/rancher/k3s/server/manifests/metrics-server/metrics-server-deployment.yaml\""
2025-01-29 13:58:47,295 INFO c.h.h.t.OperatorHelmChartContainer - [K3S] [event.go:389] "Event occurred" object="kube-system/metrics-server-deployment" fieldPath="" kind="Addon" apiVersion="k3s.cattle.io/v1" type="Normal" reason="AppliedManifest" message="Applied manifest at \"/var/lib/rancher/k3s/server/manifests/metrics-server/metrics-server-deployment.yaml\""
2025-01-29 13:58:47,300 INFO c.h.h.t.OperatorHelmChartContainer - [K3S] [event.go:389] "Event occurred" object="kube-system/metrics-server-service" fieldPath="" kind="Addon" apiVersion="k3s.cattle.io/v1" type="Normal" reason="ApplyingManifest" message="Applying manifest at \"/var/lib/rancher/k3s/server/manifests/metrics-server/metrics-server-service.yaml\""
2025-01-29 13:58:47,305 INFO c.h.h.t.OperatorHelmChartContainer - [K3S] [alloc.go:330] "allocated clusterIPs" service="kube-system/metrics-server" clusterIPs={"IPv4":"10.43.68.185"}
2025-01-29 13:58:47,306 INFO c.h.h.t.OperatorHelmChartContainer - [K3S] [event.go:389] "Event occurred" object="kube-system/metrics-server-service" fieldPath="" kind="Addon" apiVersion="k3s.cattle.io/v1" type="Normal" reason="AppliedManifest" message="Applied manifest at \"/var/lib/rancher/k3s/server/manifests/metrics-server/metrics-server-service.yaml\""
2025-01-29 13:58:47,310 INFO c.h.h.t.OperatorHelmChartContainer - [K3S] [handler_proxy.go:99] no RequestInfo found in the context
2025-01-29 13:58:47,311 INFO c.h.h.t.OperatorHelmChartContainer - [K3S] [controller.go:146] "Unhandled Error" err=<
2025-01-29 13:58:47,311 INFO c.h.h.t.OperatorHelmChartContainer - [K3S] 	, Header: map[Content-Type:[text/plain; charset=utf-8] X-Content-Type-Options:[nosniff]]
2025-01-29 13:58:47,311 INFO c.h.h.t.OperatorHelmChartContainer - [K3S]  >
2025-01-29 13:58:47,312 INFO c.h.h.t.OperatorHelmChartContainer - [K3S] [handler_proxy.go:143] error resolving kube-system/metrics-server: endpoints "metrics-server" not found
2025-01-29 13:58:47,315 INFO c.h.h.t.OperatorHelmChartContainer - [K3S] [event.go:389] "Event occurred" object="kube-system/resource-reader" fieldPath="" kind="Addon" apiVersion="k3s.cattle.io/v1" type="Normal" reason="ApplyingManifest" message="Applying manifest at \"/var/lib/rancher/k3s/server/manifests/metrics-server/resource-reader.yaml\""
2025-01-29 13:58:47,325 INFO c.h.h.t.OperatorHelmChartContainer - [K3S] [controllermanager.go:765] "Started controller" controller="validatingadmissionpolicy-status-controller"
2025-01-29 13:58:47,356 INFO c.h.h.t.OperatorHelmChartContainer - [K3S] [event.go:389] "Event occurred" object="kube-system/resource-reader" fieldPath="" kind="Addon" apiVersion="k3s.cattle.io/v1" type="Normal" reason="AppliedManifest" message="Applied manifest at \"/var/lib/rancher/k3s/server/manifests/metrics-server/resource-reader.yaml\""
2025-01-29 13:58:47,362 INFO c.h.h.t.OperatorHelmChartContainer - [K3S] [event.go:389] "Event occurred" object="kube-system/rolebindings" fieldPath="" kind="Addon" apiVersion="k3s.cattle.io/v1" type="Normal" reason="ApplyingManifest" message="Applying manifest at \"/var/lib/rancher/k3s/server/manifests/rolebindings.yaml\""
2025-01-29 13:58:47,466 INFO c.h.h.t.OperatorHelmChartContainer - [K3S] [event.go:389] "Event occurred" object="kube-system/rolebindings" fieldPath="" kind="Addon" apiVersion="k3s.cattle.io/v1" type="Normal" reason="AppliedManifest" message="Applied manifest at \"/var/lib/rancher/k3s/server/manifests/rolebindings.yaml\""
2025-01-29 13:58:47,474 INFO c.h.h.t.OperatorHelmChartContainer - [K3S] [event.go:389] "Event occurred" object="kube-system/runtimes" fieldPath="" kind="Addon" apiVersion="k3s.cattle.io/v1" type="Normal" reason="ApplyingManifest" message="Applying manifest at \"/var/lib/rancher/k3s/server/manifests/runtimes.yaml\""
2025-01-29 13:58:47,476 INFO c.h.h.t.OperatorHelmChartContainer - [K3S] [controllermanager.go:765] "Started controller" controller="ttl-after-finished-controller"
2025-01-29 13:58:47,476 INFO c.h.h.t.OperatorHelmChartContainer - [K3S] [ttlafterfinished_controller.go:112] "Starting TTL after finished controller"
2025-01-29 13:58:47,499 INFO c.h.h.t.OperatorHelmChartContainer - [K3S] [event.go:389] "Event occurred" object="kube-system/runtimes" fieldPath="" kind="Addon" apiVersion="k3s.cattle.io/v1" type="Normal" reason="AppliedManifest" message="Applied manifest at \"/var/lib/rancher/k3s/server/manifests/runtimes.yaml\""
2025-01-29 13:58:47,626 INFO c.h.h.t.OperatorHelmChartContainer - [K3S] [controllermanager.go:765] "Started controller" controller="endpointslice-controller"
2025-01-29 13:58:47,626 INFO c.h.h.t.OperatorHelmChartContainer - [K3S] [endpointslice_controller.go:281] "Starting endpoint slice controller"
2025-01-29 13:58:47,669 INFO c.h.h.t.OperatorHelmChartContainer - [K3S] [serving.go:392] Generated self-signed cert in-memory
2025-01-29 13:58:47,775 INFO c.h.h.t.OperatorHelmChartContainer - [K3S] [controllermanager.go:765] "Started controller" controller="pod-garbage-collector-controller"
2025-01-29 13:58:47,775 INFO c.h.h.t.OperatorHelmChartContainer - [K3S] [gc_controller.go:99] "Starting GC controller"
2025-01-29 13:58:47,926 INFO c.h.h.t.OperatorHelmChartContainer - [K3S] [controllermanager.go:765] "Started controller" controller="job-controller"
2025-01-29 13:58:47,926 INFO c.h.h.t.OperatorHelmChartContainer - [K3S] [job_controller.go:243] "Starting job controller"
2025-01-29 13:58:48,021 INFO c.h.h.t.OperatorHelmChartContainer - [K3S] [serving.go:392] Generated self-signed cert in-memory
2025-01-29 13:58:48,124 INFO c.h.h.t.OperatorHelmChartContainer - [K3S] [controllermanager.go:765] "Started controller" controller="disruption-controller"
2025-01-29 13:58:48,124 INFO c.h.h.t.OperatorHelmChartContainer - [K3S] [disruption.go:452] "Sending events to api server."
2025-01-29 13:58:48,124 INFO c.h.h.t.OperatorHelmChartContainer - [K3S] [disruption.go:463] "Starting disruption controller"
2025-01-29 13:58:48,278 INFO c.h.h.t.OperatorHelmChartContainer - [K3S] [handler_proxy.go:99] no RequestInfo found in the context
2025-01-29 13:58:48,278 INFO c.h.h.t.OperatorHelmChartContainer - [K3S] [handler_proxy.go:99] no RequestInfo found in the context
2025-01-29 13:58:48,279 INFO c.h.h.t.OperatorHelmChartContainer - [K3S] [controller.go:102] "Unhandled Error" err=<
2025-01-29 13:58:48,279 INFO c.h.h.t.OperatorHelmChartContainer - [K3S] 	, Header: map[Content-Type:[text/plain; charset=utf-8] X-Content-Type-Options:[nosniff]]
2025-01-29 13:58:48,279 INFO c.h.h.t.OperatorHelmChartContainer - [K3S]  >
2025-01-29 13:58:48,280 INFO c.h.h.t.OperatorHelmChartContainer - [K3S] [range_allocator.go:112] "No Secondary Service CIDR provided. Skipping filtering out secondary service addresses"
2025-01-29 13:58:48,280 INFO c.h.h.t.OperatorHelmChartContainer - [K3S] [controllermanager.go:765] "Started controller" controller="node-ipam-controller"
2025-01-29 13:58:48,280 INFO c.h.h.t.OperatorHelmChartContainer - [K3S] [controllermanager.go:723] "Skipping a cloud provider controller" controller="service-lb-controller"
2025-01-29 13:58:48,280 INFO c.h.h.t.OperatorHelmChartContainer - [K3S] [node_ipam_controller.go:141] "Starting ipam controller"
2025-01-29 13:58:48,400 INFO c.h.h.t.OperatorHelmChartContainer - [K3S] [INFO] Tunnel authorizer set Kubelet Port 0.0.0.0:10250
2025-01-29 13:58:48,432 INFO c.h.h.t.OperatorHelmChartContainer - [K3S] [controllermanager.go:765] "Started controller" controller="clusterrole-aggregation-controller"
2025-01-29 13:58:48,432 INFO c.h.h.t.OperatorHelmChartContainer - [K3S] [clusterroleaggregation_controller.go:194] "Starting ClusterRoleAggregator controller"
2025-01-29 13:58:48,575 INFO c.h.h.t.OperatorHelmChartContainer - [K3S] [controllermanager.go:765] "Started controller" controller="ephemeral-volume-controller"
2025-01-29 13:58:48,575 INFO c.h.h.t.OperatorHelmChartContainer - [K3S] [controller.go:173] "Starting ephemeral volume controller"
2025-01-29 13:58:48,621 INFO c.h.h.t.OperatorHelmChartContainer - [K3S] [controllermanager.go:160] Version: v1.32.1+k3s1
2025-01-29 13:58:48,624 INFO c.h.h.t.OperatorHelmChartContainer - [K3S] [secure_serving.go:213] Serving securely on 127.0.0.1:10258
2025-01-29 13:58:48,624 INFO c.h.h.t.OperatorHelmChartContainer - [K3S] [requestheader_controller.go:180] Starting RequestHeaderAuthRequestController
2025-01-29 13:58:48,625 INFO c.h.h.t.OperatorHelmChartContainer - [K3S] [tlsconfig.go:243] "Starting DynamicServingCertificateController"
2025-01-29 13:58:48,625 INFO c.h.h.t.OperatorHelmChartContainer - [K3S] [configmap_cafile_content.go:205] "Starting controller" name="client-ca::kube-system::extension-apiserver-authentication::client-ca-file"
2025-01-29 13:58:48,625 INFO c.h.h.t.OperatorHelmChartContainer - [K3S] [configmap_cafile_content.go:205] "Starting controller" name="client-ca::kube-system::extension-apiserver-authentication::requestheader-client-ca-file"
2025-01-29 13:58:48,629 INFO c.h.h.t.OperatorHelmChartContainer - [K3S] [INFO] Creating service-lb-controller event broadcaster
2025-01-29 13:58:48,731 INFO c.h.h.t.OperatorHelmChartContainer - [K3S] [controllermanager.go:765] "Started controller" controller="replicationcontroller-controller"
2025-01-29 13:58:48,731 INFO c.h.h.t.OperatorHelmChartContainer - [K3S] [replica_set.go:217] "Starting controller" name="replicationcontroller"
2025-01-29 13:58:48,741 INFO c.h.h.t.OperatorHelmChartContainer - [K3S] [INFO] Starting /v1, Kind=Node controller
2025-01-29 13:58:48,744 INFO c.h.h.t.OperatorHelmChartContainer - [K3S] [INFO] Starting /v1, Kind=Pod controller
2025-01-29 13:58:48,746 INFO c.h.h.t.OperatorHelmChartContainer - [K3S] [INFO] Starting apps/v1, Kind=DaemonSet controller
2025-01-29 13:58:48,749 INFO c.h.h.t.OperatorHelmChartContainer - [K3S] [INFO] Starting discovery.k8s.io/v1, Kind=EndpointSlice controller
2025-01-29 13:58:48,749 INFO c.h.h.t.OperatorHelmChartContainer - [K3S] [controllermanager.go:329] Started "cloud-node-lifecycle-controller"
2025-01-29 13:58:48,750 INFO c.h.h.t.OperatorHelmChartContainer - [K3S] [node_lifecycle_controller.go:112] Sending events to api server
2025-01-29 13:58:48,750 INFO c.h.h.t.OperatorHelmChartContainer - [K3S] [controllermanager.go:329] Started "service-lb-controller"
2025-01-29 13:58:48,750 INFO c.h.h.t.OperatorHelmChartContainer - [K3S] [controllermanager.go:306] "node-route-controller" is disabled
2025-01-29 13:58:48,750 INFO c.h.h.t.OperatorHelmChartContainer - [K3S] [controller.go:234] Starting service controller
2025-01-29 13:58:48,750 INFO c.h.h.t.OperatorHelmChartContainer - [K3S] [controllermanager.go:329] Started "cloud-node-controller"
2025-01-29 13:58:48,751 INFO c.h.h.t.OperatorHelmChartContainer - [K3S] [node_controller.go:176] Sending events to api server.
2025-01-29 13:58:48,751 INFO c.h.h.t.OperatorHelmChartContainer - [K3S] [node_controller.go:185] Waiting for informer caches to sync
2025-01-29 13:58:48,851 INFO c.h.h.t.OperatorHelmChartContainer - [K3S] [node_controller.go:429] Initializing node d7549dce563f with cloud provider
2025-01-29 13:58:48,855 INFO c.h.h.t.OperatorHelmChartContainer - [K3S] [node_controller.go:474] Successfully initialized node d7549dce563f with cloud provider
2025-01-29 13:58:48,857 INFO c.h.h.t.OperatorHelmChartContainer - [K3S] [event.go:389] "Event occurred" object="d7549dce563f" fieldPath="" kind="Node" apiVersion="v1" type="Normal" reason="Synced" message="Node synced successfully"
2025-01-29 13:58:48,873 INFO c.h.h.t.OperatorHelmChartContainer - [K3S] [INFO] Updated coredns NodeHosts entry for d7549dce563f
2025-01-29 13:58:48,979 INFO c.h.h.t.OperatorHelmChartContainer - [K3S] [controllermanager.go:765] "Started controller" controller="namespace-controller"
2025-01-29 13:58:48,980 INFO c.h.h.t.OperatorHelmChartContainer - [K3S] [namespace_controller.go:202] "Starting namespace controller"
2025-01-29 13:58:49,126 INFO c.h.h.t.OperatorHelmChartContainer - [K3S] [controllermanager.go:765] "Started controller" controller="token-cleaner-controller"
2025-01-29 13:58:49,127 INFO c.h.h.t.OperatorHelmChartContainer - [K3S] [tokencleaner.go:117] "Starting token cleaner controller"
2025-01-29 13:58:49,130 INFO c.h.h.t.OperatorHelmChartContainer - [K3S] [serving.go:392] Generated self-signed cert in-memory
2025-01-29 13:58:49,275 INFO c.h.h.t.OperatorHelmChartContainer - [K3S] [controllermanager.go:765] "Started controller" controller="persistentvolume-expander-controller"
2025-01-29 13:58:49,275 INFO c.h.h.t.OperatorHelmChartContainer - [K3S] [expand_controller.go:329] "Starting expand controller"
2025-01-29 13:58:49,289 INFO c.h.h.t.OperatorHelmChartContainer - [K3S] [actual_state_of_world.go:541] "Failed to update statusUpdateNeeded field in actual state of world" err="Failed to set statusUpdateNeeded to needed true, because nodeName=\"d7549dce563f\" does not exist"
2025-01-29 13:58:49,319 INFO c.h.h.t.OperatorHelmChartContainer - [K3S] [server.go:164] "Starting Kubernetes Scheduler" version="v1.32.1+k3s1"
2025-01-29 13:58:49,319 INFO c.h.h.t.OperatorHelmChartContainer - [K3S] [server.go:166] "Golang settings" GOGC="" GOMAXPROCS="" GOTRACEBACK=""
2025-01-29 13:58:49,322 INFO c.h.h.t.OperatorHelmChartContainer - [K3S] [requestheader_controller.go:180] Starting RequestHeaderAuthRequestController
2025-01-29 13:58:49,322 INFO c.h.h.t.OperatorHelmChartContainer - [K3S] [configmap_cafile_content.go:205] "Starting controller" name="client-ca::kube-system::extension-apiserver-authentication::client-ca-file"
2025-01-29 13:58:49,322 INFO c.h.h.t.OperatorHelmChartContainer - [K3S] [configmap_cafile_content.go:205] "Starting controller" name="client-ca::kube-system::extension-apiserver-authentication::requestheader-client-ca-file"
2025-01-29 13:58:49,322 INFO c.h.h.t.OperatorHelmChartContainer - [K3S] [secure_serving.go:213] Serving securely on 127.0.0.1:10259
2025-01-29 13:58:49,322 INFO c.h.h.t.OperatorHelmChartContainer - [K3S] [tlsconfig.go:243] "Starting DynamicServingCertificateController"
2025-01-29 13:58:49,380 INFO c.h.h.t.OperatorHelmChartContainer - [K3S] [range_allocator.go:177] "Sending events to api server"
2025-01-29 13:58:49,380 INFO c.h.h.t.OperatorHelmChartContainer - [K3S] [range_allocator.go:183] "Starting range CIDR allocator"
2025-01-29 13:58:49,384 INFO c.h.h.t.OperatorHelmChartContainer - [K3S] [range_allocator.go:428] "Set node PodCIDR" node="d7549dce563f" podCIDRs=["10.42.0.0/24"]
2025-01-29 13:58:49,384 INFO c.h.h.t.OperatorHelmChartContainer - [K3S] [range_allocator.go:247] "Successfully synced" key="d7549dce563f"
2025-01-29 13:58:49,384 INFO c.h.h.t.OperatorHelmChartContainer - [K3S] [range_allocator.go:247] "Successfully synced" key="d7549dce563f"
2025-01-29 13:58:49,384 INFO c.h.h.t.OperatorHelmChartContainer - [K3S] [INFO] Flannel found PodCIDR assigned for node d7549dce563f
2025-01-29 13:58:49,384 INFO c.h.h.t.OperatorHelmChartContainer - [K3S] [INFO] The interface eth0 with ipv4 address 172.17.0.3 will be used by flannel
2025-01-29 13:58:49,385 INFO c.h.h.t.OperatorHelmChartContainer - [K3S] [kube.go:139] Waiting 10m0s for node controller to sync
2025-01-29 13:58:49,385 INFO c.h.h.t.OperatorHelmChartContainer - [K3S] [kube.go:469] Starting kube subnet manager
2025-01-29 13:58:49,401 INFO c.h.h.t.OperatorHelmChartContainer - [K3S] [INFO] Started tunnel to 172.17.0.3:6443
2025-01-29 13:58:49,401 INFO c.h.h.t.OperatorHelmChartContainer - [K3S] [INFO] Stopped tunnel to 127.0.0.1:6443
2025-01-29 13:58:49,401 INFO c.h.h.t.OperatorHelmChartContainer - [K3S] [INFO] Connecting to proxy" url="wss://172.17.0.3:6443/v1-k3s/connect
2025-01-29 13:58:49,401 INFO c.h.h.t.OperatorHelmChartContainer - [K3S] [INFO] Proxy done" err="context canceled" url="wss://127.0.0.1:6443/v1-k3s/connect
2025-01-29 13:58:49,401 INFO c.h.h.t.OperatorHelmChartContainer - [K3S] [INFO] error in remotedialer server [400]: websocket: close 1006 (abnormal closure): unexpected EOF
2025-01-29 13:58:49,403 INFO c.h.h.t.OperatorHelmChartContainer - [K3S] [INFO] Handling backend connection request [d7549dce563f]
2025-01-29 13:58:49,403 INFO c.h.h.t.OperatorHelmChartContainer - [K3S] [INFO] Remotedialer connected to proxy" url="wss://172.17.0.3:6443/v1-k3s/connect
2025-01-29 13:58:49,490 INFO c.h.h.t.OperatorHelmChartContainer - [K3S] [INFO] Starting network policy controller version v2.2.1, built on 2025-01-28T18:27:08Z, go1.23.4
2025-01-29 13:58:49,490 INFO c.h.h.t.OperatorHelmChartContainer - [K3S] [network_policy_controller.go:164] Starting network policy controller
2025-01-29 13:58:49,513 INFO c.h.h.t.OperatorHelmChartContainer - [K3S] [network_policy_controller.go:176] Starting network policy controller full sync goroutine
2025-01-29 13:58:49,525 INFO c.h.h.t.OperatorHelmChartContainer - [K3S] [node_lifecycle_controller.go:1234] "Initializing eviction metric for zone" zone=""
2025-01-29 13:58:49,525 INFO c.h.h.t.OperatorHelmChartContainer - [K3S] [node_lifecycle_controller.go:886] "Missing timestamp for Node. Assuming now as a timestamp" node="d7549dce563f"
2025-01-29 13:58:49,525 INFO c.h.h.t.OperatorHelmChartContainer - [K3S] [node_lifecycle_controller.go:1080] "Controller detected that zone is now in new state" zone="" newState="Normal"
2025-01-29 13:58:49,531 INFO c.h.h.t.OperatorHelmChartContainer - [K3S] [range_allocator.go:247] "Successfully synced" key="d7549dce563f"
2025-01-29 13:58:49,581 INFO c.h.h.t.OperatorHelmChartContainer - [K3S] [range_allocator.go:247] "Successfully synced" key="d7549dce563f"
2025-01-29 13:58:50,031 INFO c.h.h.t.OperatorHelmChartContainer - [K3S] [handler_proxy.go:99] no RequestInfo found in the context
2025-01-29 13:58:50,031 INFO c.h.h.t.OperatorHelmChartContainer - [K3S] [controller.go:146] "Unhandled Error" err=<
2025-01-29 13:58:50,031 INFO c.h.h.t.OperatorHelmChartContainer - [K3S] 	, Header: map[Content-Type:[text/plain; charset=utf-8] X-Content-Type-Options:[nosniff]]
2025-01-29 13:58:50,031 INFO c.h.h.t.OperatorHelmChartContainer - [K3S]  >
2025-01-29 13:58:50,032 INFO c.h.h.t.OperatorHelmChartContainer - [K3S] [handler_proxy.go:143] error resolving kube-system/metrics-server: no endpoints available for service "metrics-server"
2025-01-29 13:58:50,186 INFO c.h.h.t.OperatorHelmChartContainer - [K3S] [replica_set.go:679] "Finished syncing" kind="ReplicaSet" key="kube-system/local-path-provisioner-698b58967b" duration="256.832929ms"
2025-01-29 13:58:50,191 INFO c.h.h.t.OperatorHelmChartContainer - [K3S] [replica_set.go:679] "Finished syncing" kind="ReplicaSet" key="kube-system/coredns-ff8999cc5" duration="260.488173ms"
2025-01-29 13:58:50,195 INFO c.h.h.t.OperatorHelmChartContainer - [K3S] [replica_set.go:679] "Finished syncing" kind="ReplicaSet" key="kube-system/local-path-provisioner-698b58967b" duration="8.48943ms"
2025-01-29 13:58:50,195 INFO c.h.h.t.OperatorHelmChartContainer - [K3S] [replica_set.go:679] "Finished syncing" kind="ReplicaSet" key="kube-system/local-path-provisioner-698b58967b" duration="25.127µs"
2025-01-29 13:58:50,199 INFO c.h.h.t.OperatorHelmChartContainer - [K3S] [replica_set.go:679] "Finished syncing" kind="ReplicaSet" key="kube-system/metrics-server-8584b5786c" duration="268.38486ms"
2025-01-29 13:58:50,207 INFO c.h.h.t.OperatorHelmChartContainer - [K3S] [replica_set.go:679] "Finished syncing" kind="ReplicaSet" key="kube-system/coredns-ff8999cc5" duration="14.680225ms"
2025-01-29 13:58:50,207 INFO c.h.h.t.OperatorHelmChartContainer - [K3S] [replica_set.go:679] "Finished syncing" kind="ReplicaSet" key="kube-system/coredns-ff8999cc5" duration="26.93µs"
2025-01-29 13:58:50,207 INFO c.h.h.t.OperatorHelmChartContainer - [K3S] [replica_set.go:679] "Finished syncing" kind="ReplicaSet" key="kube-system/metrics-server-8584b5786c" duration="6.81647ms"
2025-01-29 13:58:50,207 INFO c.h.h.t.OperatorHelmChartContainer - [K3S] [replica_set.go:679] "Finished syncing" kind="ReplicaSet" key="kube-system/metrics-server-8584b5786c" duration="40.547µs"
2025-01-29 13:58:50,216 INFO c.h.h.t.OperatorHelmChartContainer - [K3S] [replica_set.go:679] "Finished syncing" kind="ReplicaSet" key="kube-system/local-path-provisioner-698b58967b" duration="23.694µs"
2025-01-29 13:58:50,224 INFO c.h.h.t.OperatorHelmChartContainer - [K3S] [replica_set.go:679] "Finished syncing" kind="ReplicaSet" key="kube-system/metrics-server-8584b5786c" duration="33.833µs"
2025-01-29 13:58:50,231 INFO c.h.h.t.OperatorHelmChartContainer - [K3S] [replica_set.go:679] "Finished syncing" kind="ReplicaSet" key="kube-system/coredns-ff8999cc5" duration="37.37µs"
2025-01-29 13:58:50,279 INFO c.h.h.t.OperatorHelmChartContainer - [K3S] [reconciler_common.go:251] "operationExecutor.VerifyControllerAttachedVolume started for volume \"config-volume\" (UniqueName: \"kubernetes.io/configmap/034e05cb-4964-422a-9086-c436d586c5f6-config-volume\") pod \"coredns-ff8999cc5-j6xf8\" (UID: \"034e05cb-4964-422a-9086-c436d586c5f6\") " pod="kube-system/coredns-ff8999cc5-j6xf8"
2025-01-29 13:58:50,279 INFO c.h.h.t.OperatorHelmChartContainer - [K3S] [reconciler_common.go:251] "operationExecutor.VerifyControllerAttachedVolume started for volume \"custom-config-volume\" (UniqueName: \"kubernetes.io/configmap/034e05cb-4964-422a-9086-c436d586c5f6-custom-config-volume\") pod \"coredns-ff8999cc5-j6xf8\" (UID: \"034e05cb-4964-422a-9086-c436d586c5f6\") " pod="kube-system/coredns-ff8999cc5-j6xf8"
2025-01-29 13:58:50,279 INFO c.h.h.t.OperatorHelmChartContainer - [K3S] [reconciler_common.go:251] "operationExecutor.VerifyControllerAttachedVolume started for volume \"kube-api-access-rq4ld\" (UniqueName: \"kubernetes.io/projected/034e05cb-4964-422a-9086-c436d586c5f6-kube-api-access-rq4ld\") pod \"coredns-ff8999cc5-j6xf8\" (UID: \"034e05cb-4964-422a-9086-c436d586c5f6\") " pod="kube-system/coredns-ff8999cc5-j6xf8"
2025-01-29 13:58:50,279 INFO c.h.h.t.OperatorHelmChartContainer - [K3S] [reconciler_common.go:251] "operationExecutor.VerifyControllerAttachedVolume started for volume \"config-volume\" (UniqueName: \"kubernetes.io/configmap/8fdc412b-c4a2-479a-ad85-2477407c54ae-config-volume\") pod \"local-path-provisioner-698b58967b-wq6bw\" (UID: \"8fdc412b-c4a2-479a-ad85-2477407c54ae\") " pod="kube-system/local-path-provisioner-698b58967b-wq6bw"
2025-01-29 13:58:50,279 INFO c.h.h.t.OperatorHelmChartContainer - [K3S] [reconciler_common.go:251] "operationExecutor.VerifyControllerAttachedVolume started for volume \"kube-api-access-tjhbb\" (UniqueName: \"kubernetes.io/projected/8fdc412b-c4a2-479a-ad85-2477407c54ae-kube-api-access-tjhbb\") pod \"local-path-provisioner-698b58967b-wq6bw\" (UID: \"8fdc412b-c4a2-479a-ad85-2477407c54ae\") " pod="kube-system/local-path-provisioner-698b58967b-wq6bw"
2025-01-29 13:58:50,279 INFO c.h.h.t.OperatorHelmChartContainer - [K3S] [reconciler_common.go:251] "operationExecutor.VerifyControllerAttachedVolume started for volume \"tmp-dir\" (UniqueName: \"kubernetes.io/empty-dir/a17746ca-127d-4119-8ade-584f1359dcfa-tmp-dir\") pod \"metrics-server-8584b5786c-zv9kr\" (UID: \"a17746ca-127d-4119-8ade-584f1359dcfa\") " pod="kube-system/metrics-server-8584b5786c-zv9kr"
2025-01-29 13:58:50,279 INFO c.h.h.t.OperatorHelmChartContainer - [K3S] [reconciler_common.go:251] "operationExecutor.VerifyControllerAttachedVolume started for volume \"kube-api-access-4dqg9\" (UniqueName: \"kubernetes.io/projected/a17746ca-127d-4119-8ade-584f1359dcfa-kube-api-access-4dqg9\") pod \"metrics-server-8584b5786c-zv9kr\" (UID: \"a17746ca-127d-4119-8ade-584f1359dcfa\") " pod="kube-system/metrics-server-8584b5786c-zv9kr"
2025-01-29 13:58:50,386 INFO c.h.h.t.OperatorHelmChartContainer - [K3S] [kube.go:146] Node controller sync successful
2025-01-29 13:58:50,386 INFO c.h.h.t.OperatorHelmChartContainer - [K3S] [vxlan.go:141] VXLAN config: VNI=1 Port=0 GBP=false Learning=false DirectRouting=false
2025-01-29 13:58:50,388 INFO c.h.h.t.OperatorHelmChartContainer - [K3S] [kube.go:636] List of node(d7549dce563f) annotations: map[string]string{"alpha.kubernetes.io/provided-node-ip":"172.17.0.3", "k3s.io/hostname":"d7549dce563f", "k3s.io/internal-ip":"172.17.0.3", "k3s.io/node-args":"[\"server\",\"--disable\",\"traefik\",\"--tls-san\",\"localhost\"]", "k3s.io/node-config-hash":"JO7YSLDHXFTIIPZLLVI7GVGPULZK5EY6PYXUBKR6RNNG4QMX5FBQ====", "k3s.io/node-env":"{}", "node.alpha.kubernetes.io/ttl":"0", "volumes.kubernetes.io/controller-managed-attach-detach":"true"}
2025-01-29 13:58:50,393 INFO c.h.h.t.OperatorHelmChartContainer - [K3S] [iptables.go:51] Starting flannel in iptables mode...
2025-01-29 13:58:50,393 INFO c.h.h.t.OperatorHelmChartContainer - [K3S] [WARNING] no subnet found for key: FLANNEL_NETWORK in file: /run/flannel/subnet.env
2025-01-29 13:58:50,393 INFO c.h.h.t.OperatorHelmChartContainer - [K3S] [WARNING] no subnet found for key: FLANNEL_SUBNET in file: /run/flannel/subnet.env
2025-01-29 13:58:50,393 INFO c.h.h.t.OperatorHelmChartContainer - [K3S] [WARNING] no subnet found for key: FLANNEL_IPV6_NETWORK in file: /run/flannel/subnet.env
2025-01-29 13:58:50,393 INFO c.h.h.t.OperatorHelmChartContainer - [K3S] [WARNING] no subnet found for key: FLANNEL_IPV6_SUBNET in file: /run/flannel/subnet.env
2025-01-29 13:58:50,393 INFO c.h.h.t.OperatorHelmChartContainer - [K3S] [range_allocator.go:247] "Successfully synced" key="d7549dce563f"
2025-01-29 13:58:50,393 INFO c.h.h.t.OperatorHelmChartContainer - [K3S] [iptables.go:115] Current network or subnet (10.42.0.0/16, 10.42.0.0/24) is not equal to previous one (0.0.0.0/0, 0.0.0.0/0), trying to recycle old iptables rules
2025-01-29 13:58:50,393 INFO c.h.h.t.OperatorHelmChartContainer - [K3S] [kube.go:490] Creating the node lease for IPv4. This is the n.Spec.PodCIDRs: [10.42.0.0/24]
2025-01-29 13:58:50,400 INFO c.h.h.t.OperatorHelmChartContainer - [K3S] [iptables.go:125] Setting up masking rules
2025-01-29 13:58:50,402 INFO c.h.h.t.OperatorHelmChartContainer - [K3S] [iptables.go:226] Changing default FORWARD chain policy to ACCEPT
2025-01-29 13:58:50,403 INFO c.h.h.t.OperatorHelmChartContainer - [K3S] [INFO] Wrote flannel subnet file to /run/flannel/subnet.env
2025-01-29 13:58:50,404 INFO c.h.h.t.OperatorHelmChartContainer - [K3S] [INFO] Running flannel backend.
2025-01-29 13:58:50,404 INFO c.h.h.t.OperatorHelmChartContainer - [K3S] [vxlan_network.go:65] watching for new subnet leases
2025-01-29 13:58:50,413 INFO c.h.h.t.OperatorHelmChartContainer - [K3S] [iptables.go:372] bootstrap done
2025-01-29 13:58:50,418 INFO c.h.h.t.OperatorHelmChartContainer - [K3S] [iptables.go:372] bootstrap done
2025-01-29 13:58:51,033 INFO c.h.h.t.OperatorHelmChartContainer - [K3S] [handler_proxy.go:99] no RequestInfo found in the context
2025-01-29 13:58:51,033 INFO c.h.h.t.OperatorHelmChartContainer - [K3S] [handler_proxy.go:99] no RequestInfo found in the context
2025-01-29 13:58:51,033 INFO c.h.h.t.OperatorHelmChartContainer - [K3S] [controller.go:102] "Unhandled Error" err=<
2025-01-29 13:58:51,034 INFO c.h.h.t.OperatorHelmChartContainer - [K3S] 	, Header: map[Content-Type:[text/plain; charset=utf-8] X-Content-Type-Options:[nosniff]]
2025-01-29 13:58:51,034 INFO c.h.h.t.OperatorHelmChartContainer - [K3S]  >
2025-01-29 13:58:53,876 INFO c.h.h.t.OperatorHelmChartContainer - [K3S] [kuberuntime_manager.go:1702] "Updating runtime config through cri with podcidr" CIDR="10.42.0.0/24"
2025-01-29 13:58:53,877 INFO c.h.h.t.OperatorHelmChartContainer - [K3S] [kubelet_network.go:61] "Updating Pod CIDR" originalPodCIDR="" newPodCIDR="10.42.0.0/24"
2025-01-29 13:58:53,885 INFO c.h.h.t.OperatorHelmChartContainer - [K3S] [range_allocator.go:247] "Successfully synced" key="d7549dce563f"
2025-01-29 13:58:55,485 INFO c.h.h.t.OperatorHelmChartContainer - [K3S] [replica_set.go:679] "Finished syncing" kind="ReplicaSet" key="kube-system/coredns-ff8999cc5" duration="38.312µs"
2025-01-29 13:58:55,499 INFO c.h.h.t.OperatorHelmChartContainer - [K3S] [replica_set.go:679] "Finished syncing" kind="ReplicaSet" key="kube-system/metrics-server-8584b5786c" duration="32.581µs"
2025-01-29 13:58:55,510 INFO c.h.h.t.OperatorHelmChartContainer - [K3S] [replica_set.go:679] "Finished syncing" kind="ReplicaSet" key="kube-system/local-path-provisioner-698b58967b" duration="2.954649ms"
2025-01-29 13:58:55,511 INFO c.h.h.t.OperatorHelmChartContainer - [K3S] [replica_set.go:679] "Finished syncing" kind="ReplicaSet" key="kube-system/local-path-provisioner-698b58967b" duration="279.955µs"
2025-01-29 13:58:55,530 INFO c.h.h.t.OperatorHelmChartContainer - [K3S] [replica_set.go:679] "Finished syncing" kind="ReplicaSet" key="kube-system/coredns-ff8999cc5" duration="6.541566ms"
2025-01-29 13:58:55,531 INFO c.h.h.t.OperatorHelmChartContainer - [K3S] [replica_set.go:679] "Finished syncing" kind="ReplicaSet" key="kube-system/coredns-ff8999cc5" duration="43.352µs"
2025-01-29 13:59:05,786 INFO c.h.h.t.OperatorHelmChartContainer - [K3S] [alloc.go:330] "allocated clusterIPs" service="default/local-hivemq-hivemq-operator-operator" clusterIPs={"IPv4":"10.43.78.243"}
2025-01-29 13:59:05,807 INFO c.h.h.t.OperatorHelmChartContainer - [K3S] [replica_set.go:679] "Finished syncing" kind="ReplicaSet" key="default/local-hivemq-hivemq-operator-operator-6b564f6db4" duration="13.014427ms"
2025-01-29 13:59:05,816 INFO c.h.h.t.OperatorHelmChartContainer - [K3S] [replica_set.go:679] "Finished syncing" kind="ReplicaSet" key="default/local-hivemq-hivemq-operator-operator-6b564f6db4" duration="8.833171ms"
2025-01-29 13:59:05,816 INFO c.h.h.t.OperatorHelmChartContainer - [K3S] [replica_set.go:679] "Finished syncing" kind="ReplicaSet" key="default/local-hivemq-hivemq-operator-operator-6b564f6db4" duration="48.25µs"
2025-01-29 13:59:05,822 INFO c.h.h.t.OperatorHelmChartContainer - [K3S] [replica_set.go:679] "Finished syncing" kind="ReplicaSet" key="default/local-hivemq-hivemq-operator-operator-6b564f6db4" duration="24.346µs"
2025-01-29 13:59:05,868 INFO c.h.h.t.OperatorHelmChartContainer - [K3S] [reconciler_common.go:251] "operationExecutor.VerifyControllerAttachedVolume started for volume \"templates\" (UniqueName: \"kubernetes.io/configmap/b9bb643b-ff87-4ae7-9833-b641841421d0-templates\") pod \"local-hivemq-hivemq-operator-operator-6b564f6db4-v5hcd\" (UID: \"b9bb643b-ff87-4ae7-9833-b641841421d0\") " pod="default/local-hivemq-hivemq-operator-operator-6b564f6db4-v5hcd"
2025-01-29 13:59:05,868 INFO c.h.h.t.OperatorHelmChartContainer - [K3S] [reconciler_common.go:251] "operationExecutor.VerifyControllerAttachedVolume started for volume \"kube-api-access-9jzpc\" (UniqueName: \"kubernetes.io/projected/b9bb643b-ff87-4ae7-9833-b641841421d0-kube-api-access-9jzpc\") pod \"local-hivemq-hivemq-operator-operator-6b564f6db4-v5hcd\" (UID: \"b9bb643b-ff87-4ae7-9833-b641841421d0\") " pod="default/local-hivemq-hivemq-operator-operator-6b564f6db4-v5hcd"
2025-01-29 13:59:05,902 DEBUG c.h.h.t.OperatorHelmChartContainer - Chart 'local-hivemq' installed or upgraded
2025-01-29 13:59:07,520 INFO c.h.h.t.OperatorHelmChartContainer - [K3S] [replica_set.go:679] "Finished syncing" kind="ReplicaSet" key="default/local-hivemq-hivemq-operator-operator-6b564f6db4" duration="4.943573ms"
2025-01-29 13:59:07,520 INFO c.h.h.t.OperatorHelmChartContainer - [K3S] [replica_set.go:679] "Finished syncing" kind="ReplicaSet" key="default/local-hivemq-hivemq-operator-operator-6b564f6db4" duration="27.351µs"
2025-01-29 13:59:11,511 INFO c.h.h.t.OperatorHelmChartContainer - [K3S] [replica_set.go:679] "Finished syncing" kind="ReplicaSet" key="kube-system/metrics-server-8584b5786c" duration="17.969282ms"
2025-01-29 13:59:11,511 INFO c.h.h.t.OperatorHelmChartContainer - [K3S] [replica_set.go:679] "Finished syncing" kind="ReplicaSet" key="kube-system/metrics-server-8584b5786c" duration="29.555µs"
2025-01-29 13:59:14,571 INFO c.h.h.t.OperatorHelmChartContainer - [K3S] [range_allocator.go:247] "Successfully synced" key="d7549dce563f"
2025-01-29 13:59:14,735 INFO c.h.h.t.OperatorHelmChartContainer - [K3S] [alloc.go:330] "allocated clusterIPs" service="default/hivemq-local-hivemq-mqtt" clusterIPs={"IPv4":"10.43.180.144"}
2025-01-29 13:59:14,742 INFO c.h.h.t.OperatorHelmChartContainer - [K3S] [alloc.go:330] "allocated clusterIPs" service="default/hivemq-local-hivemq-cc" clusterIPs={"IPv4":"10.43.43.164"}
2025-01-29 13:59:14,989 DEBUG com.hivemq.helmcharts.util.K8sUtil - State to compare Pending and waiting for Running
2025-01-29 13:59:15,943 DEBUG com.hivemq.helmcharts.util.K8sUtil - State to compare Pending and waiting for Running
2025-01-29 13:59:16,434 INFO c.h.h.t.OperatorHelmChartContainer - [K3S] [reconciler_common.go:251] "operationExecutor.VerifyControllerAttachedVolume started for volume \"data\" (UniqueName: \"kubernetes.io/host-path/4060b0f9-df39-4052-9e26-40585fa81513-data\") pod \"helper-pod-create-pvc-ed63a468-991f-403e-a55d-0fb2d8e99e22\" (UID: \"4060b0f9-df39-4052-9e26-40585fa81513\") " pod="kube-system/helper-pod-create-pvc-ed63a468-991f-403e-a55d-0fb2d8e99e22"
2025-01-29 13:59:16,434 INFO c.h.h.t.OperatorHelmChartContainer - [K3S] [reconciler_common.go:251] "operationExecutor.VerifyControllerAttachedVolume started for volume \"script\" (UniqueName: \"kubernetes.io/configmap/4060b0f9-df39-4052-9e26-40585fa81513-script\") pod \"helper-pod-create-pvc-ed63a468-991f-403e-a55d-0fb2d8e99e22\" (UID: \"4060b0f9-df39-4052-9e26-40585fa81513\") " pod="kube-system/helper-pod-create-pvc-ed63a468-991f-403e-a55d-0fb2d8e99e22"
2025-01-29 13:59:16,434 INFO c.h.h.t.OperatorHelmChartContainer - [K3S] [reconciler_common.go:251] "operationExecutor.VerifyControllerAttachedVolume started for volume \"kube-api-access-wg52d\" (UniqueName: \"kubernetes.io/projected/4060b0f9-df39-4052-9e26-40585fa81513-kube-api-access-wg52d\") pod \"helper-pod-create-pvc-ed63a468-991f-403e-a55d-0fb2d8e99e22\" (UID: \"4060b0f9-df39-4052-9e26-40585fa81513\") " pod="kube-system/helper-pod-create-pvc-ed63a468-991f-403e-a55d-0fb2d8e99e22"
2025-01-29 13:59:16,938 DEBUG com.hivemq.helmcharts.util.K8sUtil - State to compare Pending and waiting for Running
2025-01-29 13:59:17,485 DEBUG com.hivemq.helmcharts.util.K8sUtil - State to compare Updating and waiting for Running
2025-01-29 13:59:20,656 INFO c.h.h.t.OperatorHelmChartContainer - [K3S] [reconciler_common.go:162] "operationExecutor.UnmountVolume started for volume \"kube-api-access-wg52d\" (UniqueName: \"kubernetes.io/projected/4060b0f9-df39-4052-9e26-40585fa81513-kube-api-access-wg52d\") pod \"4060b0f9-df39-4052-9e26-40585fa81513\" (UID: \"4060b0f9-df39-4052-9e26-40585fa81513\") "
2025-01-29 13:59:20,657 INFO c.h.h.t.OperatorHelmChartContainer - [K3S] [reconciler_common.go:162] "operationExecutor.UnmountVolume started for volume \"data\" (UniqueName: \"kubernetes.io/host-path/4060b0f9-df39-4052-9e26-40585fa81513-data\") pod \"4060b0f9-df39-4052-9e26-40585fa81513\" (UID: \"4060b0f9-df39-4052-9e26-40585fa81513\") "
2025-01-29 13:59:20,657 INFO c.h.h.t.OperatorHelmChartContainer - [K3S] [reconciler_common.go:162] "operationExecutor.UnmountVolume started for volume \"script\" (UniqueName: \"kubernetes.io/configmap/4060b0f9-df39-4052-9e26-40585fa81513-script\") pod \"4060b0f9-df39-4052-9e26-40585fa81513\" (UID: \"4060b0f9-df39-4052-9e26-40585fa81513\") "
2025-01-29 13:59:20,757 INFO c.h.h.t.OperatorHelmChartContainer - [K3S] [reconciler_common.go:299] "Volume detached for volume \"data\" (UniqueName: \"kubernetes.io/host-path/4060b0f9-df39-4052-9e26-40585fa81513-data\") on node \"d7549dce563f\" DevicePath \"\""
2025-01-29 13:59:20,757 INFO c.h.h.t.OperatorHelmChartContainer - [K3S] [reconciler_common.go:299] "Volume detached for volume \"script\" (UniqueName: \"kubernetes.io/configmap/4060b0f9-df39-4052-9e26-40585fa81513-script\") on node \"d7549dce563f\" DevicePath \"\""
2025-01-29 13:59:20,757 INFO c.h.h.t.OperatorHelmChartContainer - [K3S] [reconciler_common.go:299] "Volume detached for volume \"kube-api-access-wg52d\" (UniqueName: \"kubernetes.io/projected/4060b0f9-df39-4052-9e26-40585fa81513-kube-api-access-wg52d\") on node \"d7549dce563f\" DevicePath \"\""
2025-01-29 13:59:21,427 INFO c.h.h.t.OperatorHelmChartContainer - [K3S] [kubelet_volumes.go:163] "Cleaned up orphaned pod volumes dir" podUID="4060b0f9-df39-4052-9e26-40585fa81513" path="/var/lib/kubelet/pods/4060b0f9-df39-4052-9e26-40585fa81513/volumes"
2025-01-29 13:59:21,531 INFO c.h.h.t.OperatorHelmChartContainer - [K3S] [scope.go:117] "RemoveContainer" containerID="51fd74f308607d7dc44b8e6bd613de456d418847a1f04ac5685941f46d925c38"
2025-01-29 13:59:22,364 INFO c.h.h.t.OperatorHelmChartContainer - [K3S] [memory_manager.go:355] "RemoveStaleState removing state" podUID="4060b0f9-df39-4052-9e26-40585fa81513" containerName="helper-pod"
2025-01-29 13:59:22,469 INFO c.h.h.t.OperatorHelmChartContainer - [K3S] [reconciler_common.go:251] "operationExecutor.VerifyControllerAttachedVolume started for volume \"shared-data\" (UniqueName: \"kubernetes.io/empty-dir/c35f5f09-6aad-4feb-9e77-0c59dc6b1619-shared-data\") pod \"local-hivemq-0\" (UID: \"c35f5f09-6aad-4feb-9e77-0c59dc6b1619\") " pod="default/local-hivemq-0"
2025-01-29 13:59:22,470 INFO c.h.h.t.OperatorHelmChartContainer - [K3S] [reconciler_common.go:251] "operationExecutor.VerifyControllerAttachedVolume started for volume \"conf-override\" (UniqueName: \"kubernetes.io/empty-dir/c35f5f09-6aad-4feb-9e77-0c59dc6b1619-conf-override\") pod \"local-hivemq-0\" (UID: \"c35f5f09-6aad-4feb-9e77-0c59dc6b1619\") " pod="default/local-hivemq-0"
2025-01-29 13:59:22,470 INFO c.h.h.t.OperatorHelmChartContainer - [K3S] [reconciler_common.go:251] "operationExecutor.VerifyControllerAttachedVolume started for volume \"log\" (UniqueName: \"kubernetes.io/empty-dir/c35f5f09-6aad-4feb-9e77-0c59dc6b1619-log\") pod \"local-hivemq-0\" (UID: \"c35f5f09-6aad-4feb-9e77-0c59dc6b1619\") " pod="default/local-hivemq-0"
2025-01-29 13:59:22,470 INFO c.h.h.t.OperatorHelmChartContainer - [K3S] [reconciler_common.go:251] "operationExecutor.VerifyControllerAttachedVolume started for volume \"kube-api-access-r4psz\" (UniqueName: \"kubernetes.io/projected/c35f5f09-6aad-4feb-9e77-0c59dc6b1619-kube-api-access-r4psz\") pod \"local-hivemq-0\" (UID: \"c35f5f09-6aad-4feb-9e77-0c59dc6b1619\") " pod="default/local-hivemq-0"
2025-01-29 13:59:22,470 INFO c.h.h.t.OperatorHelmChartContainer - [K3S] [reconciler_common.go:251] "operationExecutor.VerifyControllerAttachedVolume started for volume \"pvc-ed63a468-991f-403e-a55d-0fb2d8e99e22\" (UniqueName: \"kubernetes.io/local-volume/pvc-ed63a468-991f-403e-a55d-0fb2d8e99e22\") pod \"local-hivemq-0\" (UID: \"c35f5f09-6aad-4feb-9e77-0c59dc6b1619\") " pod="default/local-hivemq-0"
2025-01-29 13:59:22,470 INFO c.h.h.t.OperatorHelmChartContainer - [K3S] [reconciler_common.go:251] "operationExecutor.VerifyControllerAttachedVolume started for volume \"live-info\" (UniqueName: \"kubernetes.io/configmap/c35f5f09-6aad-4feb-9e77-0c59dc6b1619-live-info\") pod \"local-hivemq-0\" (UID: \"c35f5f09-6aad-4feb-9e77-0c59dc6b1619\") " pod="default/local-hivemq-0"
2025-01-29 13:59:22,470 INFO c.h.h.t.OperatorHelmChartContainer - [K3S] [reconciler_common.go:251] "operationExecutor.VerifyControllerAttachedVolume started for volume \"backup\" (UniqueName: \"kubernetes.io/empty-dir/c35f5f09-6aad-4feb-9e77-0c59dc6b1619-backup\") pod \"local-hivemq-0\" (UID: \"c35f5f09-6aad-4feb-9e77-0c59dc6b1619\") " pod="default/local-hivemq-0"
2025-01-29 13:59:22,470 INFO c.h.h.t.OperatorHelmChartContainer - [K3S] [reconciler_common.go:251] "operationExecutor.VerifyControllerAttachedVolume started for volume \"audit\" (UniqueName: \"kubernetes.io/empty-dir/c35f5f09-6aad-4feb-9e77-0c59dc6b1619-audit\") pod \"local-hivemq-0\" (UID: \"c35f5f09-6aad-4feb-9e77-0c59dc6b1619\") " pod="default/local-hivemq-0"
2025-01-29 13:59:22,470 INFO c.h.h.t.OperatorHelmChartContainer - [K3S] [reconciler_common.go:251] "operationExecutor.VerifyControllerAttachedVolume started for volume \"heap-dumps\" (UniqueName: \"kubernetes.io/empty-dir/c35f5f09-6aad-4feb-9e77-0c59dc6b1619-heap-dumps\") pod \"local-hivemq-0\" (UID: \"c35f5f09-6aad-4feb-9e77-0c59dc6b1619\") " pod="default/local-hivemq-0"
2025-01-29 13:59:22,470 INFO c.h.h.t.OperatorHelmChartContainer - [K3S] [reconciler_common.go:251] "operationExecutor.VerifyControllerAttachedVolume started for volume \"dns-wait-config\" (UniqueName: \"kubernetes.io/configmap/c35f5f09-6aad-4feb-9e77-0c59dc6b1619-dns-wait-config\") pod \"local-hivemq-0\" (UID: \"c35f5f09-6aad-4feb-9e77-0c59dc6b1619\") " pod="default/local-hivemq-0"
2025-01-29 13:59:44,904 INFO c.h.h.t.OperatorHelmChartContainer - [K3S] [range_allocator.go:247] "Successfully synced" key="d7549dce563f"
2025-01-29 14:00:07,837 DEBUG com.hivemq.helmcharts.util.K8sUtil - State to compare Updating and waiting for Running
2025-01-29 14:00:07,929 DEBUG com.hivemq.helmcharts.util.K8sUtil - State to compare Running and waiting for Running
2025-01-29 14:00:08,047 INFO t.localhost/testcontainers/vapryd36g3xuhhxd:latest - Container localhost/testcontainers/vapryd36g3xuhhxd:latest started in PT1M27.471837006S
2025-01-29 14:00:08,112 INFO c.h.h.t.OperatorHelmChartContainer - [EVENT] Normal [Starting] Starting kubelet. [null:d7549dce563f]
2025-01-29 14:00:08,112 INFO c.h.h.t.OperatorHelmChartContainer - [EVENT] Warning [InvalidDiskCapacity] invalid capacity 0 on image filesystem [null:d7549dce563f]
2025-01-29 14:00:08,114 INFO c.h.h.t.OperatorHelmChartContainer - [EVENT] Normal [NodeHasSufficientMemory] Node d7549dce563f status is now: NodeHasSufficientMemory [null:d7549dce563f]
2025-01-29 14:00:08,114 INFO c.h.h.t.OperatorHelmChartContainer - [EVENT] Normal [NodeHasNoDiskPressure] Node d7549dce563f status is now: NodeHasNoDiskPressure [null:d7549dce563f]
2025-01-29 14:00:08,114 INFO c.h.h.t.OperatorHelmChartContainer - [EVENT] Normal [NodeHasSufficientPID] Node d7549dce563f status is now: NodeHasSufficientPID [null:d7549dce563f]
2025-01-29 14:00:08,114 INFO c.h.h.t.OperatorHelmChartContainer - [EVENT] Normal [NodeAllocatableEnforced] Updated Node Allocatable limit across pods [null:d7549dce563f]
2025-01-29 14:00:08,114 INFO c.h.h.t.OperatorHelmChartContainer - [EVENT] Normal [NodeReady] Node d7549dce563f status is now: NodeReady [null:d7549dce563f]
2025-01-29 14:00:08,114 INFO c.h.h.t.OperatorHelmChartContainer - [EVENT] Normal [NodePasswordValidationComplete] Deferred node password secret validation complete [null:d7549dce563f]
2025-01-29 14:00:08,114 INFO c.h.h.t.OperatorHelmChartContainer - [EVENT] Normal [Synced] Node synced successfully [null:d7549dce563f]
2025-01-29 14:00:08,114 INFO c.h.h.t.OperatorHelmChartContainer - [EVENT] Normal [RegisteredNode] Node d7549dce563f event: Registered Node d7549dce563f in Controller [null:d7549dce563f]
2025-01-29 14:00:08,115 INFO c.h.h.t.OperatorHelmChartContainer - [EVENT] Normal [WaitForFirstConsumer] waiting for first consumer to be created before binding [default:data-local-hivemq-0]
2025-01-29 14:00:08,115 INFO c.h.h.t.OperatorHelmChartContainer - [EVENT] Normal [ExternalProvisioning] Waiting for a volume to be created either by the external provisioner 'rancher.io/local-path' or manually by the system administrator. If volume creation is delayed, please verify that the provisioner is running and correctly registered. [default:data-local-hivemq-0]
2025-01-29 14:00:08,115 INFO c.h.h.t.OperatorHelmChartContainer - [EVENT] Normal [Provisioning] External provisioner is provisioning volume for claim "default/data-local-hivemq-0" [default:data-local-hivemq-0]
2025-01-29 14:00:08,116 INFO c.h.h.t.OperatorHelmChartContainer - [EVENT] Normal [ProvisioningSucceeded] Successfully provisioned volume pvc-ed63a468-991f-403e-a55d-0fb2d8e99e22 [default:data-local-hivemq-0]
2025-01-29 14:00:08,116 INFO c.h.h.t.OperatorHelmChartContainer - [EVENT] Normal [Scheduled] Successfully assigned default/local-hivemq-0 to d7549dce563f [default:local-hivemq-0]
2025-01-29 14:00:08,117 INFO c.h.h.t.OperatorHelmChartContainer - [EVENT] Normal [Pulling] Pulling image "busybox:latest" [default:local-hivemq-0]
2025-01-29 14:00:08,117 INFO c.h.h.t.OperatorHelmChartContainer - [EVENT] Normal [Pulled] Successfully pulled image "busybox:latest" in 1.578s (1.578s including waiting). Image size: 2167089 bytes. [default:local-hivemq-0]
2025-01-29 14:00:08,118 INFO c.h.h.t.OperatorHelmChartContainer - [EVENT] Normal [Created] Created container: init-shared [default:local-hivemq-0]
2025-01-29 14:00:08,118 INFO c.h.h.t.OperatorHelmChartContainer - [EVENT] Normal [Started] Started container init-shared [default:local-hivemq-0]
2025-01-29 14:00:08,118 INFO c.h.h.t.OperatorHelmChartContainer - [EVENT] Normal [Pulled] Container image "hivemq/init-dns-wait:snapshot" already present on machine [default:local-hivemq-0]
2025-01-29 14:00:08,118 INFO c.h.h.t.OperatorHelmChartContainer - [EVENT] Normal [Created] Created container: dns-wait [default:local-hivemq-0]
2025-01-29 14:00:08,120 INFO c.h.h.t.OperatorHelmChartContainer - [EVENT] Normal [Started] Started container dns-wait [default:local-hivemq-0]
2025-01-29 14:00:08,120 INFO c.h.h.t.OperatorHelmChartContainer - [EVENT] Normal [Pulled] Container image "hivemq/hivemq4:k8s-4.36.0" already present on machine [default:local-hivemq-0]
2025-01-29 14:00:08,120 INFO c.h.h.t.OperatorHelmChartContainer - Received Pulled event for container hivemq in pod local-hivemq-0 [c35f5f09-6aad-4feb-9e77-0c59dc6b1619]
2025-01-29 14:00:08,120 INFO c.h.h.t.OperatorHelmChartContainer - [EVENT] Normal [Created] Created container: hivemq [default:local-hivemq-0]
2025-01-29 14:00:08,120 INFO c.h.h.t.OperatorHelmChartContainer - Received Created event for container hivemq in pod local-hivemq-0 [c35f5f09-6aad-4feb-9e77-0c59dc6b1619]
2025-01-29 14:00:08,145 INFO c.h.h.t.OperatorHelmChartContainer - [EVENT] Normal [Started] Started container hivemq [default:local-hivemq-0]
2025-01-29 14:00:08,145 INFO c.h.h.t.OperatorHelmChartContainer - Received Started event for container hivemq in pod local-hivemq-0 [c35f5f09-6aad-4feb-9e77-0c59dc6b1619]
2025-01-29 14:00:08,145 INFO c.h.h.t.OperatorHelmChartContainer - [EVENT] Warning [Unhealthy] Readiness probe failed: Log statement not present (yet)
 [default:local-hivemq-0]
2025-01-29 14:00:08,145 INFO c.h.h.t.OperatorHelmChartContainer - Received Unhealthy event for container hivemq in pod local-hivemq-0 [c35f5f09-6aad-4feb-9e77-0c59dc6b1619]
2025-01-29 14:00:08,145 INFO c.h.h.t.OperatorHelmChartContainer - Started log watcher for hivemq in pod local-hivemq-0 [c35f5f09-6aad-4feb-9e77-0c59dc6b1619]
2025-01-29 14:00:08,146 INFO c.h.h.t.OperatorHelmChartContainer - [EVENT] Warning [Unhealthy] Liveness probe failed: dial tcp 10.42.0.7:1883: connect: connection refused [default:local-hivemq-0]
2025-01-29 14:00:08,146 INFO c.h.h.t.OperatorHelmChartContainer - Received Unhealthy event for container hivemq in pod local-hivemq-0 [c35f5f09-6aad-4feb-9e77-0c59dc6b1619]
2025-01-29 14:00:08,147 INFO c.h.h.t.OperatorHelmChartContainer - [EVENT] Normal [Scheduled] Successfully assigned default/local-hivemq-hivemq-operator-operator-6b564f6db4-v5hcd to d7549dce563f [default:local-hivemq-hivemq-operator-operator-6b564f6db4-v5hcd]
2025-01-29 14:00:08,147 INFO c.h.h.t.OperatorHelmChartContainer - [EVENT] Normal [Pulled] Container image "hivemq/hivemq-operator:snapshot" already present on machine [default:local-hivemq-hivemq-operator-operator-6b564f6db4-v5hcd]
2025-01-29 14:00:08,147 INFO c.h.h.t.OperatorHelmChartContainer - Received Pulled event for container operator in pod local-hivemq-hivemq-operator-operator-6b564f6db4-v5hcd [b9bb643b-ff87-4ae7-9833-b641841421d0]
2025-01-29 14:00:08,147 INFO c.h.h.t.OperatorHelmChartContainer - [EVENT] Normal [Created] Created container: operator [default:local-hivemq-hivemq-operator-operator-6b564f6db4-v5hcd]
2025-01-29 14:00:08,147 INFO c.h.h.t.OperatorHelmChartContainer - Received Created event for container operator in pod local-hivemq-hivemq-operator-operator-6b564f6db4-v5hcd [b9bb643b-ff87-4ae7-9833-b641841421d0]
2025-01-29 14:00:08,164 INFO c.h.h.t.OperatorHelmChartContainer - [local-hivemq-0] [hivemq] [c35f5f09] Copying external files
2025-01-29 14:00:08,164 INFO c.h.h.t.OperatorHelmChartContainer - [local-hivemq-0] [hivemq] [c35f5f09] Rewriting config.xml...
2025-01-29 14:00:08,164 INFO c.h.h.t.OperatorHelmChartContainer - [local-hivemq-0] [hivemq] [c35f5f09] Creating initial lastUpdate files...
2025-01-29 14:00:08,164 INFO c.h.h.t.OperatorHelmChartContainer - [local-hivemq-0] [hivemq] [c35f5f09] Disabling Prometheus
2025-01-29 14:00:08,164 INFO c.h.h.t.OperatorHelmChartContainer - [local-hivemq-0] [hivemq] [c35f5f09] Pod info:
2025-01-29 14:00:08,164 INFO c.h.h.t.OperatorHelmChartContainer - [local-hivemq-0] [hivemq] [c35f5f09] extension-names=hivemq-kafka-extension hivemq-google-cloud-pubsub-extension hivemq-bridge-extension hivemq-enterprise-security-extension hivemq-distributed-tracing-extension hivemq-amazon-kinesis-extension
2025-01-29 14:00:08,164 INFO c.h.h.t.OperatorHelmChartContainer - [local-hivemq-0] [hivemq] [c35f5f09] extension-uris=preinstalled preinstalled preinstalled preinstalled preinstalled preinstalled
2025-01-29 14:00:08,164 INFO c.h.h.t.OperatorHelmChartContainer - [local-hivemq-0] [hivemq] [c35f5f09] extension-states=false false false false false false
2025-01-29 14:00:08,164 INFO c.h.h.t.OperatorHelmChartContainer - [local-hivemq-0] [hivemq] [c35f5f09] extensions-static=false false false false false false
2025-01-29 14:00:08,164 INFO c.h.h.t.OperatorHelmChartContainer - [local-hivemq-0] [hivemq] [c35f5f09] Installing extension #0 with name: hivemq-kafka-extension, URI: preinstalled, enabled state: false
2025-01-29 14:00:08,164 INFO c.h.h.t.OperatorHelmChartContainer - [local-hivemq-0] [hivemq] [c35f5f09] + [[ 3 != 3 ]]
2025-01-29 14:00:08,164 INFO c.h.h.t.OperatorHelmChartContainer - [local-hivemq-0] [hivemq] [c35f5f09] + EXTENSION_URI=preinstalled
2025-01-29 14:00:08,164 INFO c.h.h.t.OperatorHelmChartContainer - [local-hivemq-0] [hivemq] [c35f5f09] + EXTENSION_NAME=hivemq-kafka-extension
2025-01-29 14:00:08,164 INFO c.h.h.t.OperatorHelmChartContainer - [local-hivemq-0] [hivemq] [c35f5f09] + TARGET_STATE=false
2025-01-29 14:00:08,164 INFO c.h.h.t.OperatorHelmChartContainer - [local-hivemq-0] [hivemq] [c35f5f09] + TARGET_DIR=/opt/hivemq/extensions/hivemq-kafka-extension
2025-01-29 14:00:08,164 INFO c.h.h.t.OperatorHelmChartContainer - [local-hivemq-0] [hivemq] [c35f5f09] ++ mktemp -d
2025-01-29 14:00:08,164 INFO c.h.h.t.OperatorHelmChartContainer - [local-hivemq-0] [hivemq] [c35f5f09] + install_dir=/tmp/tmp.HZmLgfSuRN
2025-01-29 14:00:08,164 INFO c.h.h.t.OperatorHelmChartContainer - [local-hivemq-0] [hivemq] [c35f5f09] + set +e
2025-01-29 14:00:08,164 INFO c.h.h.t.OperatorHelmChartContainer - [local-hivemq-0] [hivemq] [c35f5f09] + [[ -f /opt/hivemq/extensions/hivemq-kafka-extension/DISABLED ]]
2025-01-29 14:00:08,164 INFO c.h.h.t.OperatorHelmChartContainer - [local-hivemq-0] [hivemq] [c35f5f09] + was_enabled=0
2025-01-29 14:00:08,164 INFO c.h.h.t.OperatorHelmChartContainer - [local-hivemq-0] [hivemq] [c35f5f09] + set -e
2025-01-29 14:00:08,164 INFO c.h.h.t.OperatorHelmChartContainer - [local-hivemq-0] [hivemq] [c35f5f09] + [[ preinstalled != \p\r\e\i\n\s\t\a\l\l\e\d ]]
2025-01-29 14:00:08,164 INFO c.h.h.t.OperatorHelmChartContainer - [local-hivemq-0] [hivemq] [c35f5f09] + [[ false == \f\a\l\s\e ]]
2025-01-29 14:00:08,164 INFO c.h.h.t.OperatorHelmChartContainer - [local-hivemq-0] [hivemq] [c35f5f09] + touch /opt/hivemq/extensions/hivemq-kafka-extension/DISABLED
2025-01-29 14:00:08,164 INFO c.h.h.t.OperatorHelmChartContainer - [local-hivemq-0] [hivemq] [c35f5f09] + was_enabled=0
2025-01-29 14:00:08,164 INFO c.h.h.t.OperatorHelmChartContainer - [local-hivemq-0] [hivemq] [c35f5f09] + [[ preinstalled != \p\r\e\i\n\s\t\a\l\l\e\d ]]
2025-01-29 14:00:08,164 INFO c.h.h.t.OperatorHelmChartContainer - [local-hivemq-0] [hivemq] [c35f5f09] + /opt/hivemq/bin/run_initialization.sh hivemq-kafka-extension
2025-01-29 14:00:08,164 INFO c.h.h.t.OperatorHelmChartContainer - [local-hivemq-0] [hivemq] [c35f5f09] + EXTENSION_NAME=hivemq-kafka-extension
2025-01-29 14:00:08,164 INFO c.h.h.t.OperatorHelmChartContainer - [local-hivemq-0] [hivemq] [c35f5f09] + TARGET_DIR=/opt/hivemq/extensions/hivemq-kafka-extension
2025-01-29 14:00:08,164 INFO c.h.h.t.OperatorHelmChartContainer - [local-hivemq-0] [hivemq] [c35f5f09] + cd /opt/hivemq/extensions/hivemq-kafka-extension
2025-01-29 14:00:08,164 INFO c.h.h.t.OperatorHelmChartContainer - [local-hivemq-0] [hivemq] [c35f5f09] + [[ -f init_tmp ]]
2025-01-29 14:00:08,164 INFO c.h.h.t.OperatorHelmChartContainer - [local-hivemq-0] [hivemq] [c35f5f09] + [[ -f /etc/podinfo/init-extension-hivemq-kafka-extension ]]
2025-01-29 14:00:08,164 INFO c.h.h.t.OperatorHelmChartContainer - [local-hivemq-0] [hivemq] [c35f5f09] Installing extension #1 with name: hivemq-google-cloud-pubsub-extension, URI: preinstalled, enabled state: false
2025-01-29 14:00:08,164 INFO c.h.h.t.OperatorHelmChartContainer - [local-hivemq-0] [hivemq] [c35f5f09] + [[ 3 != 3 ]]
2025-01-29 14:00:08,165 INFO c.h.h.t.OperatorHelmChartContainer - [local-hivemq-0] [hivemq] [c35f5f09] + EXTENSION_URI=preinstalled
2025-01-29 14:00:08,165 INFO c.h.h.t.OperatorHelmChartContainer - [local-hivemq-0] [hivemq] [c35f5f09] + EXTENSION_NAME=hivemq-google-cloud-pubsub-extension
2025-01-29 14:00:08,165 INFO c.h.h.t.OperatorHelmChartContainer - [local-hivemq-0] [hivemq] [c35f5f09] + TARGET_STATE=false
2025-01-29 14:00:08,165 INFO c.h.h.t.OperatorHelmChartContainer - [local-hivemq-0] [hivemq] [c35f5f09] + TARGET_DIR=/opt/hivemq/extensions/hivemq-google-cloud-pubsub-extension
2025-01-29 14:00:08,165 INFO c.h.h.t.OperatorHelmChartContainer - [local-hivemq-0] [hivemq] [c35f5f09] ++ mktemp -d
2025-01-29 14:00:08,165 INFO c.h.h.t.OperatorHelmChartContainer - [local-hivemq-0] [hivemq] [c35f5f09] + install_dir=/tmp/tmp.aQiWZxW5ZD
2025-01-29 14:00:08,165 INFO c.h.h.t.OperatorHelmChartContainer - [local-hivemq-0] [hivemq] [c35f5f09] + set +e
2025-01-29 14:00:08,165 INFO c.h.h.t.OperatorHelmChartContainer - [local-hivemq-0] [hivemq] [c35f5f09] + [[ -f /opt/hivemq/extensions/hivemq-google-cloud-pubsub-extension/DISABLED ]]
2025-01-29 14:00:08,165 INFO c.h.h.t.OperatorHelmChartContainer - [local-hivemq-0] [hivemq] [c35f5f09] + was_enabled=0
2025-01-29 14:00:08,165 INFO c.h.h.t.OperatorHelmChartContainer - [local-hivemq-0] [hivemq] [c35f5f09] + set -e
2025-01-29 14:00:08,165 INFO c.h.h.t.OperatorHelmChartContainer - [local-hivemq-0] [hivemq] [c35f5f09] + [[ preinstalled != \p\r\e\i\n\s\t\a\l\l\e\d ]]
2025-01-29 14:00:08,165 INFO c.h.h.t.OperatorHelmChartContainer - [local-hivemq-0] [hivemq] [c35f5f09] + [[ false == \f\a\l\s\e ]]
2025-01-29 14:00:08,165 INFO c.h.h.t.OperatorHelmChartContainer - [local-hivemq-0] [hivemq] [c35f5f09] + touch /opt/hivemq/extensions/hivemq-google-cloud-pubsub-extension/DISABLED
2025-01-29 14:00:08,165 INFO c.h.h.t.OperatorHelmChartContainer - [local-hivemq-0] [hivemq] [c35f5f09] + was_enabled=0
2025-01-29 14:00:08,165 INFO c.h.h.t.OperatorHelmChartContainer - [local-hivemq-0] [hivemq] [c35f5f09] + [[ preinstalled != \p\r\e\i\n\s\t\a\l\l\e\d ]]
2025-01-29 14:00:08,165 INFO c.h.h.t.OperatorHelmChartContainer - [local-hivemq-0] [hivemq] [c35f5f09] + /opt/hivemq/bin/run_initialization.sh hivemq-google-cloud-pubsub-extension
2025-01-29 14:00:08,165 INFO c.h.h.t.OperatorHelmChartContainer - [local-hivemq-0] [hivemq] [c35f5f09] + EXTENSION_NAME=hivemq-google-cloud-pubsub-extension
2025-01-29 14:00:08,165 INFO c.h.h.t.OperatorHelmChartContainer - [local-hivemq-0] [hivemq] [c35f5f09] + TARGET_DIR=/opt/hivemq/extensions/hivemq-google-cloud-pubsub-extension
2025-01-29 14:00:08,165 INFO c.h.h.t.OperatorHelmChartContainer - [local-hivemq-0] [hivemq] [c35f5f09] + cd /opt/hivemq/extensions/hivemq-google-cloud-pubsub-extension
2025-01-29 14:00:08,165 INFO c.h.h.t.OperatorHelmChartContainer - [local-hivemq-0] [hivemq] [c35f5f09] + [[ -f init_tmp ]]
2025-01-29 14:00:08,165 INFO c.h.h.t.OperatorHelmChartContainer - [local-hivemq-0] [hivemq] [c35f5f09] + [[ -f /etc/podinfo/init-extension-hivemq-google-cloud-pubsub-extension ]]
2025-01-29 14:00:08,165 INFO c.h.h.t.OperatorHelmChartContainer - [local-hivemq-0] [hivemq] [c35f5f09] Installing extension #2 with name: hivemq-bridge-extension, URI: preinstalled, enabled state: false
2025-01-29 14:00:08,165 INFO c.h.h.t.OperatorHelmChartContainer - [local-hivemq-0] [hivemq] [c35f5f09] + [[ 3 != 3 ]]
2025-01-29 14:00:08,165 INFO c.h.h.t.OperatorHelmChartContainer - [local-hivemq-0] [hivemq] [c35f5f09] + EXTENSION_URI=preinstalled
2025-01-29 14:00:08,165 INFO c.h.h.t.OperatorHelmChartContainer - [local-hivemq-0] [hivemq] [c35f5f09] + EXTENSION_NAME=hivemq-bridge-extension
2025-01-29 14:00:08,165 INFO c.h.h.t.OperatorHelmChartContainer - [local-hivemq-0] [hivemq] [c35f5f09] + TARGET_STATE=false
2025-01-29 14:00:08,165 INFO c.h.h.t.OperatorHelmChartContainer - [local-hivemq-0] [hivemq] [c35f5f09] + TARGET_DIR=/opt/hivemq/extensions/hivemq-bridge-extension
2025-01-29 14:00:08,165 INFO c.h.h.t.OperatorHelmChartContainer - [local-hivemq-0] [hivemq] [c35f5f09] ++ mktemp -d
2025-01-29 14:00:08,165 INFO c.h.h.t.OperatorHelmChartContainer - [local-hivemq-0] [hivemq] [c35f5f09] + install_dir=/tmp/tmp.905lbObyDe
2025-01-29 14:00:08,165 INFO c.h.h.t.OperatorHelmChartContainer - [local-hivemq-0] [hivemq] [c35f5f09] + set +e
2025-01-29 14:00:08,165 INFO c.h.h.t.OperatorHelmChartContainer - [local-hivemq-0] [hivemq] [c35f5f09] + [[ -f /opt/hivemq/extensions/hivemq-bridge-extension/DISABLED ]]
2025-01-29 14:00:08,165 INFO c.h.h.t.OperatorHelmChartContainer - [local-hivemq-0] [hivemq] [c35f5f09] + was_enabled=0
2025-01-29 14:00:08,165 INFO c.h.h.t.OperatorHelmChartContainer - [local-hivemq-0] [hivemq] [c35f5f09] + set -e
2025-01-29 14:00:08,165 INFO c.h.h.t.OperatorHelmChartContainer - [local-hivemq-0] [hivemq] [c35f5f09] + [[ preinstalled != \p\r\e\i\n\s\t\a\l\l\e\d ]]
2025-01-29 14:00:08,165 INFO c.h.h.t.OperatorHelmChartContainer - [local-hivemq-0] [hivemq] [c35f5f09] + [[ false == \f\a\l\s\e ]]
2025-01-29 14:00:08,165 INFO c.h.h.t.OperatorHelmChartContainer - [local-hivemq-0] [hivemq] [c35f5f09] + touch /opt/hivemq/extensions/hivemq-bridge-extension/DISABLED
2025-01-29 14:00:08,165 INFO c.h.h.t.OperatorHelmChartContainer - [local-hivemq-0] [hivemq] [c35f5f09] + was_enabled=0
2025-01-29 14:00:08,165 INFO c.h.h.t.OperatorHelmChartContainer - [local-hivemq-0] [hivemq] [c35f5f09] + [[ preinstalled != \p\r\e\i\n\s\t\a\l\l\e\d ]]
2025-01-29 14:00:08,165 INFO c.h.h.t.OperatorHelmChartContainer - [local-hivemq-0] [hivemq] [c35f5f09] + /opt/hivemq/bin/run_initialization.sh hivemq-bridge-extension
2025-01-29 14:00:08,165 INFO c.h.h.t.OperatorHelmChartContainer - [local-hivemq-0] [hivemq] [c35f5f09] + EXTENSION_NAME=hivemq-bridge-extension
2025-01-29 14:00:08,165 INFO c.h.h.t.OperatorHelmChartContainer - [local-hivemq-0] [hivemq] [c35f5f09] + TARGET_DIR=/opt/hivemq/extensions/hivemq-bridge-extension
2025-01-29 14:00:08,165 INFO c.h.h.t.OperatorHelmChartContainer - [local-hivemq-0] [hivemq] [c35f5f09] + cd /opt/hivemq/extensions/hivemq-bridge-extension
2025-01-29 14:00:08,165 INFO c.h.h.t.OperatorHelmChartContainer - [local-hivemq-0] [hivemq] [c35f5f09] + [[ -f init_tmp ]]
2025-01-29 14:00:08,165 INFO c.h.h.t.OperatorHelmChartContainer - [local-hivemq-0] [hivemq] [c35f5f09] + [[ -f /etc/podinfo/init-extension-hivemq-bridge-extension ]]
2025-01-29 14:00:08,165 INFO c.h.h.t.OperatorHelmChartContainer - [local-hivemq-0] [hivemq] [c35f5f09] Installing extension #3 with name: hivemq-enterprise-security-extension, URI: preinstalled, enabled state: false
2025-01-29 14:00:08,165 INFO c.h.h.t.OperatorHelmChartContainer - [local-hivemq-0] [hivemq] [c35f5f09] + [[ 3 != 3 ]]
2025-01-29 14:00:08,165 INFO c.h.h.t.OperatorHelmChartContainer - [local-hivemq-0] [hivemq] [c35f5f09] + EXTENSION_URI=preinstalled
2025-01-29 14:00:08,165 INFO c.h.h.t.OperatorHelmChartContainer - [local-hivemq-0] [hivemq] [c35f5f09] + EXTENSION_NAME=hivemq-enterprise-security-extension
2025-01-29 14:00:08,165 INFO c.h.h.t.OperatorHelmChartContainer - [local-hivemq-0] [hivemq] [c35f5f09] + TARGET_STATE=false
2025-01-29 14:00:08,165 INFO c.h.h.t.OperatorHelmChartContainer - [local-hivemq-0] [hivemq] [c35f5f09] + TARGET_DIR=/opt/hivemq/extensions/hivemq-enterprise-security-extension
2025-01-29 14:00:08,165 INFO c.h.h.t.OperatorHelmChartContainer - [local-hivemq-0] [hivemq] [c35f5f09] ++ mktemp -d
2025-01-29 14:00:08,165 INFO c.h.h.t.OperatorHelmChartContainer - [local-hivemq-0] [hivemq] [c35f5f09] + install_dir=/tmp/tmp.Wy5QRmxu7O
2025-01-29 14:00:08,165 INFO c.h.h.t.OperatorHelmChartContainer - [local-hivemq-0] [hivemq] [c35f5f09] + set +e
2025-01-29 14:00:08,165 INFO c.h.h.t.OperatorHelmChartContainer - [local-hivemq-0] [hivemq] [c35f5f09] + [[ -f /opt/hivemq/extensions/hivemq-enterprise-security-extension/DISABLED ]]
2025-01-29 14:00:08,165 INFO c.h.h.t.OperatorHelmChartContainer - [local-hivemq-0] [hivemq] [c35f5f09] + was_enabled=0
2025-01-29 14:00:08,165 INFO c.h.h.t.OperatorHelmChartContainer - [local-hivemq-0] [hivemq] [c35f5f09] + set -e
2025-01-29 14:00:08,165 INFO c.h.h.t.OperatorHelmChartContainer - [local-hivemq-0] [hivemq] [c35f5f09] + [[ preinstalled != \p\r\e\i\n\s\t\a\l\l\e\d ]]
2025-01-29 14:00:08,165 INFO c.h.h.t.OperatorHelmChartContainer - [local-hivemq-0] [hivemq] [c35f5f09] + [[ false == \f\a\l\s\e ]]
2025-01-29 14:00:08,165 INFO c.h.h.t.OperatorHelmChartContainer - [local-hivemq-0] [hivemq] [c35f5f09] + touch /opt/hivemq/extensions/hivemq-enterprise-security-extension/DISABLED
2025-01-29 14:00:08,165 INFO c.h.h.t.OperatorHelmChartContainer - [local-hivemq-0] [hivemq] [c35f5f09] + was_enabled=0
2025-01-29 14:00:08,165 INFO c.h.h.t.OperatorHelmChartContainer - [local-hivemq-0] [hivemq] [c35f5f09] + [[ preinstalled != \p\r\e\i\n\s\t\a\l\l\e\d ]]
2025-01-29 14:00:08,165 INFO c.h.h.t.OperatorHelmChartContainer - [local-hivemq-0] [hivemq] [c35f5f09] + /opt/hivemq/bin/run_initialization.sh hivemq-enterprise-security-extension
2025-01-29 14:00:08,165 INFO c.h.h.t.OperatorHelmChartContainer - [local-hivemq-0] [hivemq] [c35f5f09] + EXTENSION_NAME=hivemq-enterprise-security-extension
2025-01-29 14:00:08,165 INFO c.h.h.t.OperatorHelmChartContainer - [local-hivemq-0] [hivemq] [c35f5f09] + TARGET_DIR=/opt/hivemq/extensions/hivemq-enterprise-security-extension
2025-01-29 14:00:08,165 INFO c.h.h.t.OperatorHelmChartContainer - [local-hivemq-0] [hivemq] [c35f5f09] + cd /opt/hivemq/extensions/hivemq-enterprise-security-extension
2025-01-29 14:00:08,165 INFO c.h.h.t.OperatorHelmChartContainer - [local-hivemq-0] [hivemq] [c35f5f09] + [[ -f init_tmp ]]
2025-01-29 14:00:08,165 INFO c.h.h.t.OperatorHelmChartContainer - [local-hivemq-0] [hivemq] [c35f5f09] + [[ -f /etc/podinfo/init-extension-hivemq-enterprise-security-extension ]]
2025-01-29 14:00:08,165 INFO c.h.h.t.OperatorHelmChartContainer - [local-hivemq-0] [hivemq] [c35f5f09] + echo 'Using init script from config map'
2025-01-29 14:00:08,165 INFO c.h.h.t.OperatorHelmChartContainer - [local-hivemq-0] [hivemq] [c35f5f09] + cat /etc/podinfo/init-extension-hivemq-enterprise-security-extension
2025-01-29 14:00:08,165 INFO c.h.h.t.OperatorHelmChartContainer - [local-hivemq-0] [hivemq] [c35f5f09] Using init script from config map
2025-01-29 14:00:08,165 INFO c.h.h.t.OperatorHelmChartContainer - [local-hivemq-0] [hivemq] [c35f5f09] + echo 'Executing initialization script'
2025-01-29 14:00:08,165 INFO c.h.h.t.OperatorHelmChartContainer - [local-hivemq-0] [hivemq] [c35f5f09] Executing initialization script
2025-01-29 14:00:08,165 INFO c.h.h.t.OperatorHelmChartContainer - [local-hivemq-0] [hivemq] [c35f5f09] + chmod +x init
2025-01-29 14:00:08,165 INFO c.h.h.t.OperatorHelmChartContainer - [local-hivemq-0] [hivemq] [c35f5f09] + ./init
2025-01-29 14:00:08,165 INFO c.h.h.t.OperatorHelmChartContainer - [local-hivemq-0] [hivemq] [c35f5f09]   % Total    % Received % Xferd  Average Speed   Time    Time     Time  Current
2025-01-29 14:00:08,165 INFO c.h.h.t.OperatorHelmChartContainer - [local-hivemq-0] [hivemq] [c35f5f09]                                  Dload  Upload   Total   Spent    Left  Speed
2025-01-29 14:00:08,165 INFO c.h.h.t.OperatorHelmChartContainer - [local-hivemq-0] [hivemq] [c35f5f09] 
2025-01-29 14:00:08,165 INFO c.h.h.t.OperatorHelmChartContainer - [local-hivemq-0] [hivemq] [c35f5f09]   0     0    0     0    0     0      0      0 --:--:-- --:--:-- --:--:--     0
2025-01-29 14:00:08,165 INFO c.h.h.t.OperatorHelmChartContainer - [local-hivemq-0] [hivemq] [c35f5f09]   0     0    0     0    0     0      0      0 --:--:-- --:--:-- --:--:--     0
2025-01-29 14:00:08,165 INFO c.h.h.t.OperatorHelmChartContainer - [local-hivemq-0] [hivemq] [c35f5f09] 100  910k  100  910k    0     0   834k      0  0:00:01  0:00:01 --:--:--  834k
2025-01-29 14:00:08,165 INFO c.h.h.t.OperatorHelmChartContainer - [local-hivemq-0] [hivemq] [c35f5f09] Installing extension #4 with name: hivemq-distributed-tracing-extension, URI: preinstalled, enabled state: false
2025-01-29 14:00:08,165 INFO c.h.h.t.OperatorHelmChartContainer - [local-hivemq-0] [hivemq] [c35f5f09] + [[ 3 != 3 ]]
2025-01-29 14:00:08,165 INFO c.h.h.t.OperatorHelmChartContainer - [local-hivemq-0] [hivemq] [c35f5f09] + EXTENSION_URI=preinstalled
2025-01-29 14:00:08,165 INFO c.h.h.t.OperatorHelmChartContainer - [local-hivemq-0] [hivemq] [c35f5f09] + EXTENSION_NAME=hivemq-distributed-tracing-extension
2025-01-29 14:00:08,165 INFO c.h.h.t.OperatorHelmChartContainer - [local-hivemq-0] [hivemq] [c35f5f09] + TARGET_STATE=false
2025-01-29 14:00:08,165 INFO c.h.h.t.OperatorHelmChartContainer - [local-hivemq-0] [hivemq] [c35f5f09] + TARGET_DIR=/opt/hivemq/extensions/hivemq-distributed-tracing-extension
2025-01-29 14:00:08,165 INFO c.h.h.t.OperatorHelmChartContainer - [local-hivemq-0] [hivemq] [c35f5f09] ++ mktemp -d
2025-01-29 14:00:08,165 INFO c.h.h.t.OperatorHelmChartContainer - [local-hivemq-0] [hivemq] [c35f5f09] + install_dir=/tmp/tmp.sA0pjG5bWi
2025-01-29 14:00:08,165 INFO c.h.h.t.OperatorHelmChartContainer - [local-hivemq-0] [hivemq] [c35f5f09] + set +e
2025-01-29 14:00:08,165 INFO c.h.h.t.OperatorHelmChartContainer - [local-hivemq-0] [hivemq] [c35f5f09] + [[ -f /opt/hivemq/extensions/hivemq-distributed-tracing-extension/DISABLED ]]
2025-01-29 14:00:08,165 INFO c.h.h.t.OperatorHelmChartContainer - [local-hivemq-0] [hivemq] [c35f5f09] + was_enabled=0
2025-01-29 14:00:08,165 INFO c.h.h.t.OperatorHelmChartContainer - [local-hivemq-0] [hivemq] [c35f5f09] + set -e
2025-01-29 14:00:08,165 INFO c.h.h.t.OperatorHelmChartContainer - [local-hivemq-0] [hivemq] [c35f5f09] + [[ preinstalled != \p\r\e\i\n\s\t\a\l\l\e\d ]]
2025-01-29 14:00:08,165 INFO c.h.h.t.OperatorHelmChartContainer - [local-hivemq-0] [hivemq] [c35f5f09] + [[ false == \f\a\l\s\e ]]
2025-01-29 14:00:08,165 INFO c.h.h.t.OperatorHelmChartContainer - [local-hivemq-0] [hivemq] [c35f5f09] + touch /opt/hivemq/extensions/hivemq-distributed-tracing-extension/DISABLED
2025-01-29 14:00:08,165 INFO c.h.h.t.OperatorHelmChartContainer - [local-hivemq-0] [hivemq] [c35f5f09] + was_enabled=0
2025-01-29 14:00:08,165 INFO c.h.h.t.OperatorHelmChartContainer - [local-hivemq-0] [hivemq] [c35f5f09] + [[ preinstalled != \p\r\e\i\n\s\t\a\l\l\e\d ]]
2025-01-29 14:00:08,165 INFO c.h.h.t.OperatorHelmChartContainer - [local-hivemq-0] [hivemq] [c35f5f09] + /opt/hivemq/bin/run_initialization.sh hivemq-distributed-tracing-extension
2025-01-29 14:00:08,165 INFO c.h.h.t.OperatorHelmChartContainer - [local-hivemq-0] [hivemq] [c35f5f09] + EXTENSION_NAME=hivemq-distributed-tracing-extension
2025-01-29 14:00:08,165 INFO c.h.h.t.OperatorHelmChartContainer - [local-hivemq-0] [hivemq] [c35f5f09] + TARGET_DIR=/opt/hivemq/extensions/hivemq-distributed-tracing-extension
2025-01-29 14:00:08,165 INFO c.h.h.t.OperatorHelmChartContainer - [local-hivemq-0] [hivemq] [c35f5f09] + cd /opt/hivemq/extensions/hivemq-distributed-tracing-extension
2025-01-29 14:00:08,165 INFO c.h.h.t.OperatorHelmChartContainer - [local-hivemq-0] [hivemq] [c35f5f09] + [[ -f init_tmp ]]
2025-01-29 14:00:08,165 INFO c.h.h.t.OperatorHelmChartContainer - [local-hivemq-0] [hivemq] [c35f5f09] + [[ -f /etc/podinfo/init-extension-hivemq-distributed-tracing-extension ]]
2025-01-29 14:00:08,165 INFO c.h.h.t.OperatorHelmChartContainer - [local-hivemq-0] [hivemq] [c35f5f09] Installing extension #5 with name: hivemq-amazon-kinesis-extension, URI: preinstalled, enabled state: false
2025-01-29 14:00:08,165 INFO c.h.h.t.OperatorHelmChartContainer - [local-hivemq-0] [hivemq] [c35f5f09] + [[ 3 != 3 ]]
2025-01-29 14:00:08,165 INFO c.h.h.t.OperatorHelmChartContainer - [local-hivemq-0] [hivemq] [c35f5f09] + EXTENSION_URI=preinstalled
2025-01-29 14:00:08,165 INFO c.h.h.t.OperatorHelmChartContainer - [local-hivemq-0] [hivemq] [c35f5f09] + EXTENSION_NAME=hivemq-amazon-kinesis-extension
2025-01-29 14:00:08,165 INFO c.h.h.t.OperatorHelmChartContainer - [local-hivemq-0] [hivemq] [c35f5f09] + TARGET_STATE=false
2025-01-29 14:00:08,165 INFO c.h.h.t.OperatorHelmChartContainer - [local-hivemq-0] [hivemq] [c35f5f09] + TARGET_DIR=/opt/hivemq/extensions/hivemq-amazon-kinesis-extension
2025-01-29 14:00:08,165 INFO c.h.h.t.OperatorHelmChartContainer - [local-hivemq-0] [hivemq] [c35f5f09] ++ mktemp -d
2025-01-29 14:00:08,165 INFO c.h.h.t.OperatorHelmChartContainer - [local-hivemq-0] [hivemq] [c35f5f09] + install_dir=/tmp/tmp.Jo8iIzsOgY
2025-01-29 14:00:08,165 INFO c.h.h.t.OperatorHelmChartContainer - [local-hivemq-0] [hivemq] [c35f5f09] + set +e
2025-01-29 14:00:08,165 INFO c.h.h.t.OperatorHelmChartContainer - [local-hivemq-0] [hivemq] [c35f5f09] + [[ -f /opt/hivemq/extensions/hivemq-amazon-kinesis-extension/DISABLED ]]
2025-01-29 14:00:08,165 INFO c.h.h.t.OperatorHelmChartContainer - [local-hivemq-0] [hivemq] [c35f5f09] + was_enabled=0
2025-01-29 14:00:08,165 INFO c.h.h.t.OperatorHelmChartContainer - [local-hivemq-0] [hivemq] [c35f5f09] + set -e
2025-01-29 14:00:08,165 INFO c.h.h.t.OperatorHelmChartContainer - [local-hivemq-0] [hivemq] [c35f5f09] + [[ preinstalled != \p\r\e\i\n\s\t\a\l\l\e\d ]]
2025-01-29 14:00:08,165 INFO c.h.h.t.OperatorHelmChartContainer - [local-hivemq-0] [hivemq] [c35f5f09] + [[ false == \f\a\l\s\e ]]
2025-01-29 14:00:08,165 INFO c.h.h.t.OperatorHelmChartContainer - [local-hivemq-0] [hivemq] [c35f5f09] + touch /opt/hivemq/extensions/hivemq-amazon-kinesis-extension/DISABLED
2025-01-29 14:00:08,165 INFO c.h.h.t.OperatorHelmChartContainer - [local-hivemq-0] [hivemq] [c35f5f09] + was_enabled=0
2025-01-29 14:00:08,165 INFO c.h.h.t.OperatorHelmChartContainer - [local-hivemq-0] [hivemq] [c35f5f09] + [[ preinstalled != \p\r\e\i\n\s\t\a\l\l\e\d ]]
2025-01-29 14:00:08,165 INFO c.h.h.t.OperatorHelmChartContainer - [local-hivemq-0] [hivemq] [c35f5f09] + /opt/hivemq/bin/run_initialization.sh hivemq-amazon-kinesis-extension
2025-01-29 14:00:08,165 INFO c.h.h.t.OperatorHelmChartContainer - [local-hivemq-0] [hivemq] [c35f5f09] + EXTENSION_NAME=hivemq-amazon-kinesis-extension
2025-01-29 14:00:08,165 INFO c.h.h.t.OperatorHelmChartContainer - [local-hivemq-0] [hivemq] [c35f5f09] + TARGET_DIR=/opt/hivemq/extensions/hivemq-amazon-kinesis-extension
2025-01-29 14:00:08,165 INFO c.h.h.t.OperatorHelmChartContainer - [local-hivemq-0] [hivemq] [c35f5f09] + cd /opt/hivemq/extensions/hivemq-amazon-kinesis-extension
2025-01-29 14:00:08,165 INFO c.h.h.t.OperatorHelmChartContainer - [local-hivemq-0] [hivemq] [c35f5f09] + [[ -f init_tmp ]]
2025-01-29 14:00:08,165 INFO c.h.h.t.OperatorHelmChartContainer - [local-hivemq-0] [hivemq] [c35f5f09] + [[ -f /etc/podinfo/init-extension-hivemq-amazon-kinesis-extension ]]
2025-01-29 14:00:08,165 INFO c.h.h.t.OperatorHelmChartContainer - [local-hivemq-0] [hivemq] [c35f5f09] -------------------------------------------------------------------------
2025-01-29 14:00:08,166 INFO c.h.h.t.OperatorHelmChartContainer - [local-hivemq-0] [hivemq] [c35f5f09] 
2025-01-29 14:00:08,166 INFO c.h.h.t.OperatorHelmChartContainer - [local-hivemq-0] [hivemq] [c35f5f09]                   _    _  _              __  __   ____
2025-01-29 14:00:08,166 INFO c.h.h.t.OperatorHelmChartContainer - [local-hivemq-0] [hivemq] [c35f5f09]                  | |  | |(_)            |  \/  | / __ \
2025-01-29 14:00:08,166 INFO c.h.h.t.OperatorHelmChartContainer - [local-hivemq-0] [hivemq] [c35f5f09]                  | |__| | _ __   __ ___ | \  / || |  | |
2025-01-29 14:00:08,166 INFO c.h.h.t.OperatorHelmChartContainer - [local-hivemq-0] [hivemq] [c35f5f09]                  |  __  || |\ \ / // _ \| |\/| || |  | |
2025-01-29 14:00:08,166 INFO c.h.h.t.OperatorHelmChartContainer - [local-hivemq-0] [hivemq] [c35f5f09]                  | |  | || | \ V /|  __/| |  | || |__| |
2025-01-29 14:00:08,166 INFO c.h.h.t.OperatorHelmChartContainer - [local-hivemq-0] [hivemq] [c35f5f09]                  |_|  |_||_|  \_/  \___||_|  |_| \___\_\
2025-01-29 14:00:08,166 INFO c.h.h.t.OperatorHelmChartContainer - [local-hivemq-0] [hivemq] [c35f5f09] 
2025-01-29 14:00:08,166 INFO c.h.h.t.OperatorHelmChartContainer - [local-hivemq-0] [hivemq] [c35f5f09] -------------------------------------------------------------------------
2025-01-29 14:00:08,167 INFO c.h.h.t.OperatorHelmChartContainer - [local-hivemq-0] [hivemq] [c35f5f09] 
2025-01-29 14:00:08,167 INFO c.h.h.t.OperatorHelmChartContainer - [local-hivemq-0] [hivemq] [c35f5f09]   HiveMQ Start Script for Linux/Unix v1.14
2025-01-29 14:00:08,167 INFO c.h.h.t.OperatorHelmChartContainer - [local-hivemq-0] [hivemq] [c35f5f09] 
2025-01-29 14:00:08,167 INFO c.h.h.t.OperatorHelmChartContainer - [local-hivemq-0] [hivemq] [c35f5f09] -------------------------------------------------------------------------
2025-01-29 14:00:08,167 INFO c.h.h.t.OperatorHelmChartContainer - [local-hivemq-0] [hivemq] [c35f5f09] 
2025-01-29 14:00:08,167 INFO c.h.h.t.OperatorHelmChartContainer - [local-hivemq-0] [hivemq] [c35f5f09]   HIVEMQ_HOME: /opt/hivemq
2025-01-29 14:00:08,167 INFO c.h.h.t.OperatorHelmChartContainer - [local-hivemq-0] [hivemq] [c35f5f09] 
2025-01-29 14:00:08,169 INFO c.h.h.t.OperatorHelmChartContainer - [local-hivemq-0] [hivemq] [c35f5f09]   JAVA_OPTS: -XX:+UnlockExperimentalVMOptions -XX:InitialRAMPercentage=40 -XX:MaxRAMPercentage=50 -XX:MinRAMPercentage=30 -Djava.net.preferIPv4Stack=true --add-opens java.base/java.lang=ALL-UNNAMED --add-opens java.base/java.nio=ALL-UNNAMED --add-opens java.base/sun.nio.ch=ALL-UNNAMED --add-opens jdk.management/com.sun.management.internal=ALL-UNNAMED --add-exports java.base/jdk.internal.misc=ALL-UNNAMED -Djava.security.egd=file:/dev/./urandom -Dcom.sun.management.jmxremote -Dcom.sun.management.jmxremote.port=9010 -Dcom.sun.management.jmxremote.local.only=false -Dcom.sun.management.jmxremote.authenticate=false -Dcom.sun.management.jmxremote.ssl=false -Duser.language=en -Duser.region=US -XX:+CrashOnOutOfMemoryError -XX:+HeapDumpOnOutOfMemoryError
2025-01-29 14:00:08,169 INFO c.h.h.t.OperatorHelmChartContainer - [local-hivemq-0] [hivemq] [c35f5f09] 
2025-01-29 14:00:08,169 INFO c.h.h.t.OperatorHelmChartContainer - [local-hivemq-0] [hivemq] [c35f5f09]   JAVA_VERSION: 21
2025-01-29 14:00:08,169 INFO c.h.h.t.OperatorHelmChartContainer - [local-hivemq-0] [hivemq] [c35f5f09] 
2025-01-29 14:00:08,169 INFO c.h.h.t.OperatorHelmChartContainer - [local-hivemq-0] [hivemq] [c35f5f09] -------------------------------------------------------------------------
2025-01-29 14:00:08,169 INFO c.h.h.t.OperatorHelmChartContainer - [local-hivemq-0] [hivemq] [c35f5f09] 
2025-01-29 14:00:08,169 INFO c.h.h.t.OperatorHelmChartContainer - [local-hivemq-0] [hivemq] [c35f5f09] INFO  - Starting HiveMQ Enterprise Server
2025-01-29 14:00:08,169 INFO c.h.h.t.OperatorHelmChartContainer - [local-hivemq-0] [hivemq] [c35f5f09] INFO  - HiveMQ version: 4.36.0
2025-01-29 14:00:08,169 INFO c.h.h.t.OperatorHelmChartContainer - [local-hivemq-0] [hivemq] [c35f5f09] INFO  - HiveMQ home directory: /opt/hivemq
2025-01-29 14:00:08,169 INFO c.h.h.t.OperatorHelmChartContainer - [local-hivemq-0] [hivemq] [c35f5f09] INFO  - Log Configuration was overridden by /opt/hivemq/conf/logback.xml
2025-01-29 14:00:08,169 INFO c.h.h.t.OperatorHelmChartContainer - [local-hivemq-0] [hivemq] [c35f5f09] DEBUG - Adding TCP Listener on bind address 0.0.0.0 and port 1883. Name: tcp-listener-1883. Proxy Protocol supported: false
2025-01-29 14:00:08,169 INFO c.h.h.t.OperatorHelmChartContainer - [local-hivemq-0] [hivemq] [c35f5f09] DEBUG - Setting retained messages enabled to true
2025-01-29 14:00:08,169 INFO c.h.h.t.OperatorHelmChartContainer - [local-hivemq-0] [hivemq] [c35f5f09] DEBUG - Setting wildcard subscriptions enabled to true
2025-01-29 14:00:08,169 INFO c.h.h.t.OperatorHelmChartContainer - [local-hivemq-0] [hivemq] [c35f5f09] DEBUG - Setting subscription identifier enabled to true
2025-01-29 14:00:08,169 INFO c.h.h.t.OperatorHelmChartContainer - [local-hivemq-0] [hivemq] [c35f5f09] DEBUG - Setting shared subscriptions enabled to true
2025-01-29 14:00:08,169 INFO c.h.h.t.OperatorHelmChartContainer - [local-hivemq-0] [hivemq] [c35f5f09] DEBUG - Setting maximum qos to EXACTLY_ONCE 
2025-01-29 14:00:08,169 INFO c.h.h.t.OperatorHelmChartContainer - [local-hivemq-0] [hivemq] [c35f5f09] DEBUG - Setting topic alias enabled to true
2025-01-29 14:00:08,169 INFO c.h.h.t.OperatorHelmChartContainer - [local-hivemq-0] [hivemq] [c35f5f09] DEBUG - Setting topic alias maximum per client to 5
2025-01-29 14:00:08,169 INFO c.h.h.t.OperatorHelmChartContainer - [local-hivemq-0] [hivemq] [c35f5f09] DEBUG - Setting the number of max queued messages  per client to 1000 entries
2025-01-29 14:00:08,169 INFO c.h.h.t.OperatorHelmChartContainer - [local-hivemq-0] [hivemq] [c35f5f09] DEBUG - Setting queued messages strategy for each client to DISCARD
2025-01-29 14:00:08,169 INFO c.h.h.t.OperatorHelmChartContainer - [local-hivemq-0] [hivemq] [c35f5f09] DEBUG - Setting the expiry interval for client sessions to 4294967295 seconds
2025-01-29 14:00:08,169 INFO c.h.h.t.OperatorHelmChartContainer - [local-hivemq-0] [hivemq] [c35f5f09] DEBUG - Setting the expiry interval for publish messages to 4294967296 seconds
2025-01-29 14:00:08,169 INFO c.h.h.t.OperatorHelmChartContainer - [local-hivemq-0] [hivemq] [c35f5f09] DEBUG - Setting the server receive maximum to 10
2025-01-29 14:00:08,169 INFO c.h.h.t.OperatorHelmChartContainer - [local-hivemq-0] [hivemq] [c35f5f09] DEBUG - Setting keep alive maximum to 65535 seconds
2025-01-29 14:00:08,169 INFO c.h.h.t.OperatorHelmChartContainer - [local-hivemq-0] [hivemq] [c35f5f09] DEBUG - Setting keep alive allow zero to true
2025-01-29 14:00:08,169 INFO c.h.h.t.OperatorHelmChartContainer - [local-hivemq-0] [hivemq] [c35f5f09] DEBUG - Setting the maximum packet size for mqtt messages 268435460 bytes
2025-01-29 14:00:08,169 INFO c.h.h.t.OperatorHelmChartContainer - [local-hivemq-0] [hivemq] [c35f5f09] DEBUG - Setting global maximum allowed connections to -1
2025-01-29 14:00:08,169 INFO c.h.h.t.OperatorHelmChartContainer - [local-hivemq-0] [hivemq] [c35f5f09] DEBUG - Setting the maximum client id length to 65535
2025-01-29 14:00:08,169 INFO c.h.h.t.OperatorHelmChartContainer - [local-hivemq-0] [hivemq] [c35f5f09] DEBUG - Setting the timeout for disconnecting idle tcp connections before a connect message was received to 10000 milliseconds
2025-01-29 14:00:08,169 INFO c.h.h.t.OperatorHelmChartContainer - [local-hivemq-0] [hivemq] [c35f5f09] DEBUG - Throttling the global incoming traffic limit 0 bytes/second
2025-01-29 14:00:08,169 INFO c.h.h.t.OperatorHelmChartContainer - [local-hivemq-0] [hivemq] [c35f5f09] DEBUG - Setting the maximum topic length to 65535
2025-01-29 14:00:08,169 INFO c.h.h.t.OperatorHelmChartContainer - [local-hivemq-0] [hivemq] [c35f5f09] DEBUG - Setting allow server assigned client identifier to true
2025-01-29 14:00:08,169 INFO c.h.h.t.OperatorHelmChartContainer - [local-hivemq-0] [hivemq] [c35f5f09] DEBUG - Setting validate UTF-8 to true
2025-01-29 14:00:08,169 INFO c.h.h.t.OperatorHelmChartContainer - [local-hivemq-0] [hivemq] [c35f5f09] DEBUG - Setting payload format validation to false
2025-01-29 14:00:08,169 INFO c.h.h.t.OperatorHelmChartContainer - [local-hivemq-0] [hivemq] [c35f5f09] DEBUG - Setting allow-problem-information to true
2025-01-29 14:00:08,169 INFO c.h.h.t.OperatorHelmChartContainer - [local-hivemq-0] [hivemq] [c35f5f09] DEBUG - Setting control-center audit log enabled to true
2025-01-29 14:00:08,169 INFO c.h.h.t.OperatorHelmChartContainer - [local-hivemq-0] [hivemq] [c35f5f09] DEBUG - Setting rest-api audit log enabled to true
2025-01-29 14:00:08,169 INFO c.h.h.t.OperatorHelmChartContainer - [local-hivemq-0] [hivemq] [c35f5f09] DEBUG - Setting HiveMQ Control Center enabled to true 
2025-01-29 14:00:08,169 INFO c.h.h.t.OperatorHelmChartContainer - [local-hivemq-0] [hivemq] [c35f5f09] DEBUG - Setting HiveMQ Control Center default login enabled to true 
2025-01-29 14:00:08,169 INFO c.h.h.t.OperatorHelmChartContainer - [local-hivemq-0] [hivemq] [c35f5f09] DEBUG - Setting HiveMQ Control Center session idle time to 14400 seconds
2025-01-29 14:00:08,169 INFO c.h.h.t.OperatorHelmChartContainer - [local-hivemq-0] [hivemq] [c35f5f09] DEBUG - Adding Http-Listener to HiveMQ Control Center Config
2025-01-29 14:00:08,169 INFO c.h.h.t.OperatorHelmChartContainer - [local-hivemq-0] [hivemq] [c35f5f09] DEBUG - Set TLS to disabled for cluster TCP transport
2025-01-29 14:00:08,169 INFO c.h.h.t.OperatorHelmChartContainer - [local-hivemq-0] [hivemq] [c35f5f09] DEBUG - Setting replica count to 2 
2025-01-29 14:00:08,169 INFO c.h.h.t.OperatorHelmChartContainer - [local-hivemq-0] [hivemq] [c35f5f09] DEBUG - Setting cluster TCP health-check enabled
2025-01-29 14:00:08,169 INFO c.h.h.t.OperatorHelmChartContainer - [local-hivemq-0] [hivemq] [c35f5f09] DEBUG - Setting cluster TCP health-check bind-address to 10.42.0.7
2025-01-29 14:00:08,169 INFO c.h.h.t.OperatorHelmChartContainer - [local-hivemq-0] [hivemq] [c35f5f09] DEBUG - Setting cluster TCP health-check bind-address to 9000
2025-01-29 14:00:08,169 INFO c.h.h.t.OperatorHelmChartContainer - [local-hivemq-0] [hivemq] [c35f5f09] DEBUG - Setting cluster TCP health-check bind-port to 9000
2025-01-29 14:00:08,169 INFO c.h.h.t.OperatorHelmChartContainer - [local-hivemq-0] [hivemq] [c35f5f09] DEBUG - Setting cluster TCP health-check external-address to default
2025-01-29 14:00:08,169 INFO c.h.h.t.OperatorHelmChartContainer - [local-hivemq-0] [hivemq] [c35f5f09] DEBUG - Setting cluster TCP health-check external-port to 0
2025-01-29 14:00:08,169 INFO c.h.h.t.OperatorHelmChartContainer - [local-hivemq-0] [hivemq] [c35f5f09] DEBUG - Setting cluster heartbeat enabled
2025-01-29 14:00:08,169 INFO c.h.h.t.OperatorHelmChartContainer - [local-hivemq-0] [hivemq] [c35f5f09] DEBUG - Setting cluster heartbeat interval to 4000 ms
2025-01-29 14:00:08,169 INFO c.h.h.t.OperatorHelmChartContainer - [local-hivemq-0] [hivemq] [c35f5f09] DEBUG - Setting the cluster heartbeat timeout to 30000 ms
2025-01-29 14:00:08,169 INFO c.h.h.t.OperatorHelmChartContainer - [local-hivemq-0] [hivemq] [c35f5f09] DEBUG - Setting HiveMQ REST API enabled to false 
2025-01-29 14:00:08,169 INFO c.h.h.t.OperatorHelmChartContainer - [local-hivemq-0] [hivemq] [c35f5f09] DEBUG - Setting HiveMQ REST API authentication enabled to false 
2025-01-29 14:00:08,169 INFO c.h.h.t.OperatorHelmChartContainer - [local-hivemq-0] [hivemq] [c35f5f09] DEBUG - Setting HiveMQ Health API enabled to false 
2025-01-29 14:00:08,169 INFO c.h.h.t.OperatorHelmChartContainer - [local-hivemq-0] [hivemq] [c35f5f09] DEBUG - Setting client event history enabled to false
2025-01-29 14:00:08,169 INFO c.h.h.t.OperatorHelmChartContainer - [local-hivemq-0] [hivemq] [c35f5f09] DEBUG - Setting client event history lifetime to 604800000 ms
2025-01-29 14:00:08,169 INFO c.h.h.t.OperatorHelmChartContainer - [local-hivemq-0] [hivemq] [c35f5f09] DEBUG - Setting overload protection enabled to true 
2025-01-29 14:00:08,169 INFO c.h.h.t.OperatorHelmChartContainer - [local-hivemq-0] [hivemq] [c35f5f09] DEBUG - Setting anonymous usage statistics enabled to false 
2025-01-29 14:00:08,169 INFO c.h.h.t.OperatorHelmChartContainer - [local-hivemq-0] [hivemq] [c35f5f09] DEBUG - Setting expired messages topic enabled to false
2025-01-29 14:00:08,169 INFO c.h.h.t.OperatorHelmChartContainer - [local-hivemq-0] [hivemq] [c35f5f09] DEBUG - Setting dropped messages topic enabled to false
2025-01-29 14:00:08,169 INFO c.h.h.t.OperatorHelmChartContainer - [local-hivemq-0] [hivemq] [c35f5f09] DEBUG - Setting dead messages topic enabled to false
2025-01-29 14:00:08,169 INFO c.h.h.t.OperatorHelmChartContainer - [local-hivemq-0] [hivemq] [c35f5f09] INFO  - Successfully loaded configuration from '/opt/hivemq/conf/config.xml'.
2025-01-29 14:00:08,169 INFO c.h.h.t.OperatorHelmChartContainer - [local-hivemq-0] [hivemq] [c35f5f09] DEBUG - Performing sanity checks.
2025-01-29 14:00:08,170 INFO c.h.h.t.OperatorHelmChartContainer - [local-hivemq-0] [hivemq] [c35f5f09] DEBUG - Soft limit for open files (1048576) satisfies the recommended limit (1000000).
2025-01-29 14:00:08,174 INFO c.h.h.t.OperatorHelmChartContainer - [local-hivemq-0] [hivemq] [c35f5f09] DEBUG - Hard limit for open files (1048576) satisfies the recommended limit (1000000).
2025-01-29 14:00:08,174 INFO c.h.h.t.OperatorHelmChartContainer - [local-hivemq-0] [hivemq] [c35f5f09] DEBUG - HiveMQ license directory (/opt/hivemq/license) satisfies all required file-system permissions.
2025-01-29 14:00:08,174 INFO c.h.h.t.OperatorHelmChartContainer - [local-hivemq-0] [hivemq] [c35f5f09] DEBUG - HiveMQ data directory (/opt/hivemq/data) satisfies all required file-system permissions.
2025-01-29 14:00:08,174 INFO c.h.h.t.OperatorHelmChartContainer - [local-hivemq-0] [hivemq] [c35f5f09] DEBUG - HiveMQ log directory (/opt/hivemq/log) satisfies all required file-system permissions.
2025-01-29 14:00:08,174 INFO c.h.h.t.OperatorHelmChartContainer - [local-hivemq-0] [hivemq] [c35f5f09] DEBUG - HiveMQ backup directory (/opt/hivemq/backup) satisfies all required file-system permissions.
2025-01-29 14:00:08,174 INFO c.h.h.t.OperatorHelmChartContainer - [local-hivemq-0] [hivemq] [c35f5f09] DEBUG - HiveMQ audit directory (/opt/hivemq/audit) satisfies all required file-system permissions.
2025-01-29 14:00:08,174 INFO c.h.h.t.OperatorHelmChartContainer - [local-hivemq-0] [hivemq] [c35f5f09] DEBUG - HiveMQ extensions directory (/opt/hivemq/extensions) satisfies all required file-system permissions.
2025-01-29 14:00:08,174 INFO c.h.h.t.OperatorHelmChartContainer - [local-hivemq-0] [hivemq] [c35f5f09] DEBUG - Extension directory hivemq-allow-all-extension (/opt/hivemq/extensions/hivemq-allow-all-extension) satisfies all required file-system permissions.
2025-01-29 14:00:08,174 INFO c.h.h.t.OperatorHelmChartContainer - [local-hivemq-0] [hivemq] [c35f5f09] DEBUG - Extension directory hivemq-google-cloud-pubsub-extension (/opt/hivemq/extensions/hivemq-google-cloud-pubsub-extension) satisfies all required file-system permissions.
2025-01-29 14:00:08,174 INFO c.h.h.t.OperatorHelmChartContainer - [local-hivemq-0] [hivemq] [c35f5f09] DEBUG - Extension directory hivemq-enterprise-security-extension (/opt/hivemq/extensions/hivemq-enterprise-security-extension) satisfies all required file-system permissions.
2025-01-29 14:00:08,174 INFO c.h.h.t.OperatorHelmChartContainer - [local-hivemq-0] [hivemq] [c35f5f09] DEBUG - Extension directory hivemq-bridge-extension (/opt/hivemq/extensions/hivemq-bridge-extension) satisfies all required file-system permissions.
2025-01-29 14:00:08,174 INFO c.h.h.t.OperatorHelmChartContainer - [local-hivemq-0] [hivemq] [c35f5f09] DEBUG - Extension directory hivemq-kafka-extension (/opt/hivemq/extensions/hivemq-kafka-extension) satisfies all required file-system permissions.
2025-01-29 14:00:08,174 INFO c.h.h.t.OperatorHelmChartContainer - [local-hivemq-0] [hivemq] [c35f5f09] DEBUG - Extension directory hivemq-distributed-tracing-extension (/opt/hivemq/extensions/hivemq-distributed-tracing-extension) satisfies all required file-system permissions.
2025-01-29 14:00:08,174 INFO c.h.h.t.OperatorHelmChartContainer - [local-hivemq-0] [hivemq] [c35f5f09] DEBUG - Extension directory hivemq-prometheus-extension (/opt/hivemq/extensions/hivemq-prometheus-extension) satisfies all required file-system permissions.
2025-01-29 14:00:08,174 INFO c.h.h.t.OperatorHelmChartContainer - [local-hivemq-0] [hivemq] [c35f5f09] DEBUG - Extension directory hivemq-amazon-kinesis-extension (/opt/hivemq/extensions/hivemq-amazon-kinesis-extension) satisfies all required file-system permissions.
2025-01-29 14:00:08,174 INFO c.h.h.t.OperatorHelmChartContainer - [local-hivemq-0] [hivemq] [c35f5f09] DEBUG - Extension directory hivemq-k8s-sync-extension (/opt/hivemq/extensions/hivemq-k8s-sync-extension) satisfies all required file-system permissions.
2025-01-29 14:00:08,174 INFO c.h.h.t.OperatorHelmChartContainer - [local-hivemq-0] [hivemq] [c35f5f09] DEBUG - Extension directory hivemq-dns-cluster-discovery (/opt/hivemq/extensions/hivemq-dns-cluster-discovery) satisfies all required file-system permissions.
2025-01-29 14:00:08,179 INFO c.h.h.t.OperatorHelmChartContainer - [POD] local-hivemq-0 [c35f5f09-6aad-4feb-9e77-0c59dc6b1619] in default was ADDED
2025-01-29 14:00:08,180 INFO c.h.h.t.OperatorHelmChartContainer - [POD] local-hivemq-hivemq-operator-operator-6b564f6db4-v5hcd [b9bb643b-ff87-4ae7-9833-b641841421d0] in default was ADDED
2025-01-29 14:00:08,183 INFO c.h.h.t.OperatorHelmChartContainer - [local-hivemq-0] [hivemq] [c35f5f09] DEBUG - Extension directory hivemq-snowflake-extension (/opt/hivemq/extensions/hivemq-snowflake-extension) satisfies all required file-system permissions.
2025-01-29 14:00:08,183 INFO c.h.h.t.OperatorHelmChartContainer - [EVENT] Normal [Started] Started container operator [default:local-hivemq-hivemq-operator-operator-6b564f6db4-v5hcd]
2025-01-29 14:00:08,183 INFO c.h.h.t.OperatorHelmChartContainer - Received Started event for container operator in pod local-hivemq-hivemq-operator-operator-6b564f6db4-v5hcd [b9bb643b-ff87-4ae7-9833-b641841421d0]
2025-01-29 14:00:08,185 INFO c.h.h.t.OperatorHelmChartContainer - [EVENT] Normal [SuccessfulCreate] Created pod: local-hivemq-hivemq-operator-operator-6b564f6db4-v5hcd [default:local-hivemq-hivemq-operator-operator-6b564f6db4]
2025-01-29 14:00:08,185 INFO c.h.h.t.OperatorHelmChartContainer - [EVENT] Normal [ScalingReplicaSet] Scaled up replica set local-hivemq-hivemq-operator-operator-6b564f6db4 from 0 to 1 [default:local-hivemq-hivemq-operator-operator]
2025-01-29 14:00:08,185 INFO c.h.h.t.OperatorHelmChartContainer - [POD] coredns-ff8999cc5-j6xf8 [034e05cb-4964-422a-9086-c436d586c5f6] in kube-system was ADDED
2025-01-29 14:00:08,185 INFO c.h.h.t.OperatorHelmChartContainer - [EVENT] Normal [SuccessfulCreate] create Claim data-local-hivemq-0 Pod local-hivemq-0 in StatefulSet local-hivemq success [default:local-hivemq]
2025-01-29 14:00:08,185 INFO c.h.h.t.OperatorHelmChartContainer - [EVENT] Normal [SuccessfulCreate] create Pod local-hivemq-0 in StatefulSet local-hivemq successful [default:local-hivemq]
2025-01-29 14:00:08,185 INFO c.h.h.t.OperatorHelmChartContainer - [local-hivemq-0] [hivemq] [c35f5f09] DEBUG - Extension directory hivemq-postgresql-extension (/opt/hivemq/extensions/hivemq-postgresql-extension) satisfies all required file-system permissions.
2025-01-29 14:00:08,185 INFO c.h.h.t.OperatorHelmChartContainer - [local-hivemq-0] [hivemq] [c35f5f09] DEBUG - Extension directory hivemq-mysql-extension (/opt/hivemq/extensions/hivemq-mysql-extension) satisfies all required file-system permissions.
2025-01-29 14:00:08,185 INFO c.h.h.t.OperatorHelmChartContainer - [local-hivemq-0] [hivemq] [c35f5f09] DEBUG - Extension directory hivemq-mongodb-extension (/opt/hivemq/extensions/hivemq-mongodb-extension) satisfies all required file-system permissions.
2025-01-29 14:00:08,185 INFO c.h.h.t.OperatorHelmChartContainer - [local-hivemq-0] [hivemq] [c35f5f09] DEBUG - Extension directory hivemq-data-lake-extension (/opt/hivemq/extensions/hivemq-data-lake-extension) satisfies all required file-system permissions.
2025-01-29 14:00:08,185 INFO c.h.h.t.OperatorHelmChartContainer - [local-hivemq-0] [hivemq] [c35f5f09] DEBUG - Extension directory hivemq-microsoft-sql-server-extension (/opt/hivemq/extensions/hivemq-microsoft-sql-server-extension) satisfies all required file-system permissions.
2025-01-29 14:00:08,185 INFO c.h.h.t.OperatorHelmChartContainer - [local-hivemq-0] [hivemq] [c35f5f09] DEBUG - Temporary directory (/tmp) satisfies all required file-system permissions.
2025-01-29 14:00:08,185 INFO c.h.h.t.OperatorHelmChartContainer - [local-hivemq-0] [hivemq] [c35f5f09] DEBUG - Heap dump directory (/opt/hivemq/dumps) satisfies all required file-system permissions.
2025-01-29 14:00:08,185 INFO c.h.h.t.OperatorHelmChartContainer - [local-hivemq-0] [hivemq] [c35f5f09] DEBUG - Performed all sanity checks in 93ms. All sanity checks passed successfully.
2025-01-29 14:00:08,185 INFO c.h.h.t.OperatorHelmChartContainer - [local-hivemq-0] [hivemq] [c35f5f09] INFO  - This node's ID is hk6jD
2025-01-29 14:00:08,185 INFO c.h.h.t.OperatorHelmChartContainer - [local-hivemq-0] [hivemq] [c35f5f09] INFO  - Clustering is enabled
2025-01-29 14:00:08,185 INFO c.h.h.t.OperatorHelmChartContainer - [local-hivemq-0] [hivemq] [c35f5f09] DEBUG - Configured WriteBufferManager with size for memtables 311023370 and for the block cache 466535055
2025-01-29 14:00:08,189 INFO c.h.h.t.OperatorHelmChartContainer - [local-hivemq-0] [hivemq] [c35f5f09] DEBUG - Starting RocksDBMemoryUsageWatchdog.
2025-01-29 14:00:08,189 INFO c.h.h.t.OperatorHelmChartContainer - [local-hivemq-0] [hivemq] [c35f5f09] DEBUG - RocksDBMemoryUsageWatchdog is running.
2025-01-29 14:00:08,189 INFO c.h.h.t.OperatorHelmChartContainer - [local-hivemq-0] [hivemq] [c35f5f09] DEBUG - Folder /opt/hivemq/data/persistence does not exist, trying to create it
2025-01-29 14:00:08,189 INFO c.h.h.t.OperatorHelmChartContainer - [local-hivemq-0] [hivemq] [c35f5f09] DEBUG - Created folder /opt/hivemq/data
2025-01-29 14:00:08,189 INFO c.h.h.t.OperatorHelmChartContainer - [local-hivemq-0] [hivemq] [c35f5f09] DEBUG - Folder /opt/hivemq/data/persistence/publish_payload_store/040500_R does not exist, trying to create it
2025-01-29 14:00:08,189 INFO c.h.h.t.OperatorHelmChartContainer - [local-hivemq-0] [hivemq] [c35f5f09] DEBUG - Folder /opt/hivemq/data/persistence/client_queue/042800_R does not exist, trying to create it
2025-01-29 14:00:08,189 INFO c.h.h.t.OperatorHelmChartContainer - [local-hivemq-0] [hivemq] [c35f5f09] DEBUG - Folder /opt/hivemq/data/persistence/client_session_store/040100_R does not exist, trying to create it
2025-01-29 14:00:08,189 INFO c.h.h.t.OperatorHelmChartContainer - [local-hivemq-0] [hivemq] [c35f5f09] DEBUG - Folder /opt/hivemq/data/persistence/client_session_subscriptions/043200_R does not exist, trying to create it
2025-01-29 14:00:08,189 INFO c.h.h.t.OperatorHelmChartContainer - [local-hivemq-0] [hivemq] [c35f5f09] DEBUG - Folder /opt/hivemq/data/persistence/retained_messages/040800_R does not exist, trying to create it
2025-01-29 14:00:08,189 INFO c.h.h.t.OperatorHelmChartContainer - [local-hivemq-0] [hivemq] [c35f5f09] DEBUG - Folder /opt/hivemq/data/persistence/attribute/043100_R does not exist, trying to create it
2025-01-29 14:00:08,189 INFO c.h.h.t.OperatorHelmChartContainer - [local-hivemq-0] [hivemq] [c35f5f09] DEBUG - Folder /opt/hivemq/data/persistence/incoming_message_flow/043000_R does not exist, trying to create it
2025-01-29 14:00:08,189 INFO c.h.h.t.OperatorHelmChartContainer - [local-hivemq-0] [hivemq] [c35f5f09] DEBUG - Folder /opt/hivemq/data/persistence/data_hub_schemas/042000_R does not exist, trying to create it
2025-01-29 14:00:08,189 INFO c.h.h.t.OperatorHelmChartContainer - [local-hivemq-0] [hivemq] [c35f5f09] DEBUG - Folder /opt/hivemq/data/persistence/data_hub_modules/043000_R does not exist, trying to create it
2025-01-29 14:00:08,189 INFO c.h.h.t.OperatorHelmChartContainer - [local-hivemq-0] [hivemq] [c35f5f09] DEBUG - Folder /opt/hivemq/data/persistence/data_hub_scripts/042300_R does not exist, trying to create it
2025-01-29 14:00:08,189 INFO c.h.h.t.OperatorHelmChartContainer - [local-hivemq-0] [hivemq] [c35f5f09] DEBUG - Folder /opt/hivemq/data/persistence/data_hub_policies/042000_R does not exist, trying to create it
2025-01-29 14:00:08,189 INFO c.h.h.t.OperatorHelmChartContainer - [local-hivemq-0] [hivemq] [c35f5f09] DEBUG - Diagnostic mode is disabled
2025-01-29 14:00:08,189 INFO c.h.h.t.OperatorHelmChartContainer - [local-hivemq-0] [hivemq] [c35f5f09] INFO  - No valid license file found. Using trial license, restricted to 25 connections.
2025-01-29 14:00:08,189 INFO c.h.h.t.OperatorHelmChartContainer - [local-hivemq-0] [hivemq] [c35f5f09] DEBUG - Native Epoll is available on this platform
2025-01-29 14:00:08,189 INFO c.h.h.t.OperatorHelmChartContainer - [local-hivemq-0] [hivemq] [c35f5f09] DEBUG - Set extension executor thread pool size to 1
2025-01-29 14:00:08,189 INFO c.h.h.t.OperatorHelmChartContainer - [local-hivemq-0] [hivemq] [c35f5f09] DEBUG - Set extension executor thread pool keep-alive to 30 seconds
2025-01-29 14:00:08,189 INFO c.h.h.t.OperatorHelmChartContainer - [local-hivemq-0] [hivemq] [c35f5f09] DEBUG - initializing RSA key
2025-01-29 14:00:08,189 INFO c.h.h.t.OperatorHelmChartContainer - [local-hivemq-0] [hivemq] [c35f5f09] DEBUG - finished initializing RSA key in 1910ms
2025-01-29 14:00:08,189 INFO c.h.h.t.OperatorHelmChartContainer - [local-hivemq-0] [hivemq] [c35f5f09] DEBUG - Unable to provide size and free metrics for disk /dev/sdb: Could not find the corresponding FileStore (OSHI/Java).
2025-01-29 14:00:08,189 INFO c.h.h.t.OperatorHelmChartContainer - [local-hivemq-0] [hivemq] [c35f5f09] DEBUG - Unable to provide size and free metrics for disk /dev/sda: Could not find the corresponding FileStore (OSHI/Java).
2025-01-29 14:00:08,189 INFO c.h.h.t.OperatorHelmChartContainer - [local-hivemq-0] [hivemq] [c35f5f09] DEBUG - Throttling incoming traffic to 0 B/s
2025-01-29 14:00:08,189 INFO c.h.h.t.OperatorHelmChartContainer - [local-hivemq-0] [hivemq] [c35f5f09] DEBUG - Throttling outgoing traffic to 0 B/s
2025-01-29 14:00:08,189 INFO c.h.h.t.OperatorHelmChartContainer - [local-hivemq-0] [hivemq] [c35f5f09] INFO  - No valid license file for Data Hub found. Using free license, restricted to 1 policy.
2025-01-29 14:00:08,189 INFO c.h.h.t.OperatorHelmChartContainer - [local-hivemq-0] [hivemq] [c35f5f09] DEBUG - Building initial topic tree
2025-01-29 14:00:08,189 INFO c.h.h.t.OperatorHelmChartContainer - [local-hivemq-0] [hivemq] [c35f5f09] DEBUG - Started JMX Metrics Reporting.
2025-01-29 14:00:08,189 INFO c.h.h.t.OperatorHelmChartContainer - [local-hivemq-0] [hivemq] [c35f5f09] DEBUG - Registered JVM metrics with prefix com.hivemq.jvm.
2025-01-29 14:00:08,189 INFO c.h.h.t.OperatorHelmChartContainer - [local-hivemq-0] [hivemq] [c35f5f09] DEBUG - Registered HiveMQ Health API metrics.
2025-01-29 14:00:08,189 INFO c.h.h.t.OperatorHelmChartContainer - [local-hivemq-0] [hivemq] [c35f5f09] INFO  - Audit Logger started.
2025-01-29 14:00:08,189 INFO c.h.h.t.OperatorHelmChartContainer - [local-hivemq-0] [hivemq] [c35f5f09] INFO  - This node uses '1' CPU cores.
2025-01-29 14:00:08,189 INFO c.h.h.t.OperatorHelmChartContainer - [local-hivemq-0] [hivemq] [c35f5f09] INFO  - Starting HiveMQ extension system.
2025-01-29 14:00:08,189 INFO c.h.h.t.OperatorHelmChartContainer - [local-hivemq-0] [hivemq] [c35f5f09] INFO  - Starting extension with id "hivemq-dns-cluster-discovery" at /opt/hivemq/extensions/hivemq-dns-cluster-discovery
2025-01-29 14:00:08,189 INFO c.h.h.t.OperatorHelmChartContainer - [local-hivemq-0] [hivemq] [c35f5f09] DEBUG - HiveMQ DNS Cluster Discovery Extension: No DNS server address was set in the configuration file or environment variable.
2025-01-29 14:00:08,189 INFO c.h.h.t.OperatorHelmChartContainer - [local-hivemq-0] [hivemq] [c35f5f09] DEBUG - HiveMQ DNS Cluster Discovery Extension: No reload interval was set in the configuration file or environment variable. Defaulting to 30.
2025-01-29 14:00:08,189 INFO c.h.h.t.OperatorHelmChartContainer - [local-hivemq-0] [hivemq] [c35f5f09] INFO  - Extension "DNS Cluster Discovery Extension" version 4.3.3 started successfully.
2025-01-29 14:00:08,189 INFO c.h.h.t.OperatorHelmChartContainer - [local-hivemq-0] [hivemq] [c35f5f09] INFO  - Starting extension with id "hivemq-k8s-sync-extension" at /opt/hivemq/extensions/hivemq-k8s-sync-extension
2025-01-29 14:00:08,189 INFO c.h.h.t.OperatorHelmChartContainer - [local-hivemq-0] [hivemq] [c35f5f09] INFO  - Using TCP cluster transport on address 10.42.0.7 and port 7000
2025-01-29 14:00:08,189 INFO c.h.h.t.OperatorHelmChartContainer - [local-hivemq-0] [hivemq] [c35f5f09] INFO  - Using extension cluster discovery
2025-01-29 14:00:08,189 INFO c.h.h.t.OperatorHelmChartContainer - [local-hivemq-0] [hivemq] [c35f5f09] DEBUG - Could not get configMap modification timestamp for source /hivemq-data/conf/..data, likely no ConfigMap mounted
2025-01-29 14:00:08,189 INFO c.h.h.t.OperatorHelmChartContainer - [local-hivemq-0] [hivemq] [c35f5f09] DEBUG - Could not get configMap modification timestamp for source /hivemq-data/extensions/..data, likely no ConfigMap mounted
2025-01-29 14:00:08,189 INFO c.h.h.t.OperatorHelmChartContainer - [local-hivemq-0] [hivemq] [c35f5f09] DEBUG - Could not get configMap modification timestamp for source /hivemq-data/bin/..data, likely no ConfigMap mounted
2025-01-29 14:00:08,189 INFO c.h.h.t.OperatorHelmChartContainer - [local-hivemq-0] [hivemq] [c35f5f09] INFO  - Started HiveMQ Kubernetes State Synchronization Extension:1.0.3
2025-01-29 14:00:08,189 INFO c.h.h.t.OperatorHelmChartContainer - [local-hivemq-0] [hivemq] [c35f5f09] INFO  - Extension "HiveMQ Kubernetes State Synchronization Extension" version 1.0.3 started successfully.
2025-01-29 14:00:08,189 INFO c.h.h.t.OperatorHelmChartContainer - [local-hivemq-0] [hivemq] [c35f5f09] INFO  - Starting extension with id "hivemq-allow-all-extension" at /opt/hivemq/extensions/hivemq-allow-all-extension
2025-01-29 14:00:08,189 INFO c.h.h.t.OperatorHelmChartContainer - [local-hivemq-0] [hivemq] [c35f5f09] WARN  - 
2025-01-29 14:00:08,189 INFO c.h.h.t.OperatorHelmChartContainer - [local-hivemq-0] [hivemq] [c35f5f09] ################################################################################################################
2025-01-29 14:00:08,189 INFO c.h.h.t.OperatorHelmChartContainer - [local-hivemq-0] [hivemq] [c35f5f09] # This HiveMQ deployment is not secure! You are lacking Authentication and Authorization.                      #
2025-01-29 14:00:08,189 INFO c.h.h.t.OperatorHelmChartContainer - [local-hivemq-0] [hivemq] [c35f5f09] # Right now any MQTT client can connect to the broker with a full set of permissions.                          #
2025-01-29 14:00:08,189 INFO c.h.h.t.OperatorHelmChartContainer - [local-hivemq-0] [hivemq] [c35f5f09] # For production usage, add an appropriate security extension and remove the hivemq-allow-all extension.       #
2025-01-29 14:00:08,189 INFO c.h.h.t.OperatorHelmChartContainer - [local-hivemq-0] [hivemq] [c35f5f09] # You can download security extensions from the HiveMQ Marketplace (https://www.hivemq.com/extensions/).       #
2025-01-29 14:00:08,189 INFO c.h.h.t.OperatorHelmChartContainer - [local-hivemq-0] [hivemq] [c35f5f09] ################################################################################################################
2025-01-29 14:00:08,189 INFO c.h.h.t.OperatorHelmChartContainer - [local-hivemq-0] [hivemq] [c35f5f09] DEBUG - Simple authenticator added by extension 'hivemq-allow-all-extension'.
2025-01-29 14:00:08,189 INFO c.h.h.t.OperatorHelmChartContainer - [local-hivemq-0] [hivemq] [c35f5f09] INFO  - Extension "Allow All Extension" version 1.1.1 started successfully.
2025-01-29 14:00:08,189 INFO c.h.h.t.OperatorHelmChartContainer - [local-hivemq-0] [hivemq] [c35f5f09] DEBUG - HiveMQ DNS Cluster Discovery Extension: Discovered new address '10.42.0.7'.
2025-01-29 14:00:08,189 INFO c.h.h.t.OperatorHelmChartContainer - [local-hivemq-0] [hivemq] [c35f5f09] INFO  - hk6jD: no members discovered after 2202 ms: creating cluster as first member
2025-01-29 14:00:08,189 INFO c.h.h.t.OperatorHelmChartContainer - [local-hivemq-0] [hivemq] [c35f5f09] INFO  - Cluster nodes found by discovery: [hk6jD|0] (1) [hk6jD].
2025-01-29 14:00:08,189 INFO c.h.h.t.OperatorHelmChartContainer - [local-hivemq-0] [hivemq] [c35f5f09] DEBUG - State of node hk6jD changed to UNKNOWN was null. Current cluster node states: {hk6jD=UNKNOWN}
2025-01-29 14:00:08,189 INFO c.h.h.t.OperatorHelmChartContainer - [local-hivemq-0] [hivemq] [c35f5f09] DEBUG - State of node hk6jD set to RUNNING. Current cluster node states: {hk6jD=RUNNING}
2025-01-29 14:00:08,189 INFO c.h.h.t.OperatorHelmChartContainer - [local-hivemq-0] [hivemq] [c35f5f09] WARN  - No user for HiveMQ Control Center configured. Starting with default user
2025-01-29 14:00:08,189 INFO c.h.h.t.OperatorHelmChartContainer - [local-hivemq-0] [hivemq] [c35f5f09] INFO  - Starting HiveMQ Control Center on address 0.0.0.0 and port 8080
2025-01-29 14:00:08,189 INFO c.h.h.t.OperatorHelmChartContainer - [local-hivemq-0] [hivemq] [c35f5f09] INFO  - Mounting HiveMQ Control Center V2 Preview
2025-01-29 14:00:08,189 INFO c.h.h.t.OperatorHelmChartContainer - [local-hivemq-0] [hivemq] [c35f5f09] INFO  - Started HiveMQ Control Center in 1314ms
2025-01-29 14:00:08,189 INFO c.h.h.t.OperatorHelmChartContainer - [local-hivemq-0] [hivemq] [c35f5f09] INFO  - Starting TCP listener on address 0.0.0.0 and port 1883
2025-01-29 14:00:08,189 INFO c.h.h.t.OperatorHelmChartContainer - [local-hivemq-0] [hivemq] [c35f5f09] INFO  - Started TCP Listener on address 0.0.0.0 and on port 1883.
2025-01-29 14:00:08,189 INFO c.h.h.t.OperatorHelmChartContainer - [local-hivemq-0] [hivemq] [c35f5f09] INFO  - Started HiveMQ in 26285ms
2025-01-29 14:00:08,186 INFO c.h.h.t.OperatorHelmChartContainer - Started log watcher for operator in pod local-hivemq-hivemq-operator-operator-6b564f6db4-v5hcd [b9bb643b-ff87-4ae7-9833-b641841421d0]
2025-01-29 14:00:08,186 INFO c.h.h.t.OperatorHelmChartContainer - [POD] local-path-provisioner-698b58967b-wq6bw [8fdc412b-c4a2-479a-ad85-2477407c54ae] in kube-system was ADDED
2025-01-29 14:00:08,189 INFO c.h.h.t.OperatorHelmChartContainer - [POD] metrics-server-8584b5786c-zv9kr [a17746ca-127d-4119-8ade-584f1359dcfa] in kube-system was ADDED
2025-01-29 14:00:08,190 INFO c.h.h.t.OperatorHelmChartContainer - [local-hivemq-hivemq-operator] [operator] [b9bb643b] Picked up JAVA_TOOL_OPTIONS: -XX:+UnlockExperimentalVMOptions -XX:InitialRAMPercentage=75 -XX:MaxRAMPercentage=75
2025-01-29 14:00:08,190 INFO c.h.h.t.OperatorHelmChartContainer - [local-hivemq-hivemq-operator] [operator] [b9bb643b]  __  __ _                                  _   
2025-01-29 14:00:08,190 INFO c.h.h.t.OperatorHelmChartContainer - [local-hivemq-hivemq-operator] [operator] [b9bb643b] |  \/  (_) ___ _ __ ___  _ __   __ _ _   _| |_ 
2025-01-29 14:00:08,190 INFO c.h.h.t.OperatorHelmChartContainer - [local-hivemq-hivemq-operator] [operator] [b9bb643b] | |\/| | |/ __| '__/ _ \| '_ \ / _` | | | | __|
2025-01-29 14:00:08,190 INFO c.h.h.t.OperatorHelmChartContainer - [local-hivemq-hivemq-operator] [operator] [b9bb643b] | |  | | | (__| | | (_) | | | | (_| | |_| | |_ 
2025-01-29 14:00:08,190 INFO c.h.h.t.OperatorHelmChartContainer - [local-hivemq-hivemq-operator] [operator] [b9bb643b] |_|  |_|_|\___|_|  \___/|_| |_|\__,_|\__,_|\__|
2025-01-29 14:00:08,190 INFO c.h.h.t.OperatorHelmChartContainer - [local-hivemq-hivemq-operator] [operator] [b9bb643b]   Micronaut (v3.5.2)
2025-01-29 14:00:08,190 INFO c.h.h.t.OperatorHelmChartContainer - [local-hivemq-hivemq-operator] [operator] [b9bb643b] 
2025-01-29 14:00:08,190 INFO c.h.h.t.OperatorHelmChartContainer - [local-hivemq-hivemq-operator] [operator] [b9bb643b] ?[36m13:59:11.123?[0;39m ?[1;30m[main]?[0;39m ?[34mINFO ?[0;39m ?[35mio.micronaut.runtime.Micronaut?[0;39m - Startup completed in 2406ms. Server Running: http://local-hivemq-hivemq-operator-operator-6b564f6db4-v5hcd:8443
2025-01-29 14:00:08,190 INFO c.h.h.t.OperatorHelmChartContainer - [local-hivemq-hivemq-operator] [operator] [b9bb643b] ?[36m13:59:12.230?[0;39m ?[1;30m[main]?[0;39m ?[34mINFO ?[0;39m ?[35mcom.hivemq.Operator?[0;39m - Initializing HiveMQ operator
2025-01-29 14:00:08,190 INFO c.h.h.t.OperatorHelmChartContainer - [local-hivemq-hivemq-operator] [operator] [b9bb643b] ?[36m13:59:13.314?[0;39m ?[1;30m[main]?[0;39m ?[34mINFO ?[0;39m ?[35mcom.hivemq.Operator?[0;39m - Operating from namespace 'default'
2025-01-29 14:00:08,190 INFO c.h.h.t.OperatorHelmChartContainer - [local-hivemq-hivemq-operator] [operator] [b9bb643b] ?[36m13:59:13.514?[0;39m ?[1;30m[pool-3-thread-1]?[0;39m ?[34mINFO ?[0;39m ?[35mcom.hivemq.AbstractWatcher?[0;39m - CustomResource watcher running for kinds HiveMQCluster
2025-01-29 14:00:08,190 INFO c.h.h.t.OperatorHelmChartContainer - [local-hivemq-hivemq-operator] [operator] [b9bb643b] ?[36m13:59:14.114?[0;39m ?[1;30m[main]?[0;39m ?[34mINFO ?[0;39m ?[35mcom.hivemq.Operator?[0;39m - Operator started in 1884ms
2025-01-29 14:00:08,190 INFO c.h.h.t.OperatorHelmChartContainer - [local-hivemq-hivemq-operator] [operator] [b9bb643b] ?[36m13:59:14.425?[0;39m ?[1;30m[pool-3-thread-2]?[0;39m ?[34mINFO ?[0;39m ?[35mcom.hivemq.Operator?[0;39m - Syncing state for cluster 'local-hivemq' in namespace 'default'
2025-01-29 14:00:08,190 INFO c.h.h.t.OperatorHelmChartContainer - [local-hivemq-hivemq-operator] [operator] [b9bb643b] ?[36m13:59:16.131?[0;39m ?[1;30m[pool-3-thread-7]?[0;39m ?[34mINFO ?[0;39m ?[35mcom.hivemq.Operator?[0;39m - Syncing state for cluster 'local-hivemq' in namespace 'default'
2025-01-29 14:00:08,190 INFO c.h.h.t.OperatorHelmChartContainer - [local-hivemq-hivemq-operator] [operator] [b9bb643b] ?[36m14:00:07.927?[0;39m ?[1;30m[pool-3-thread-7]?[0;39m ?[34mINFO ?[0;39m ?[35mcom.hivemq.Operator?[0;39m - State synchronization complete for cluster 'local-hivemq' in namespace 'default' in 51796ms
2025-01-29 14:00:08,190 INFO c.h.h.t.OperatorHelmChartContainer - [local-hivemq-hivemq-operator] [operator] [b9bb643b] ?[36m14:00:08.045?[0;39m ?[1;30m[pool-3-thread-2]?[0;39m ?[34mINFO ?[0;39m ?[35mcom.hivemq.Operator?[0;39m - State synchronization complete for cluster 'local-hivemq' in namespace 'default' in 53620ms
2025-01-29 14:00:11,219 INFO c.h.h.t.OperatorHelmChartContainer - [local-hivemq-hivemq-operator] [operator] [b9bb643b] ?[36m14:00:11.217?[0;39m ?[1;30m[pool-3-thread-12]?[0;39m ?[34mINFO ?[0;39m ?[35mcom.hivemq.Operator?[0;39m - Syncing state for cluster 'local-hivemq' in namespace 'default'
2025-01-29 14:00:11,302 DEBUG c.h.h.t.OperatorHelmChartContainer - Chart 'local-hivemq' installed or upgraded
2025-01-29 14:00:11,311 DEBUG com.hivemq.helmcharts.util.K8sUtil - State to compare Running and waiting for Updating
2025-01-29 14:00:11,651 INFO c.h.h.t.OperatorHelmChartContainer - [EVENT] Normal [SuccessfulCreate] create Claim data-local-hivemq-1 Pod local-hivemq-1 in StatefulSet local-hivemq success [default:local-hivemq]
2025-01-29 14:00:11,656 INFO c.h.h.t.OperatorHelmChartContainer - [POD] local-hivemq-1 [91640141-0cd4-4987-8f0a-490ab7f25f85] in default was ADDED
2025-01-29 14:00:11,658 INFO c.h.h.t.OperatorHelmChartContainer - [EVENT] Normal [WaitForFirstConsumer] waiting for first consumer to be created before binding [default:data-local-hivemq-1]
2025-01-29 14:00:11,658 INFO c.h.h.t.OperatorHelmChartContainer - [EVENT] Normal [SuccessfulCreate] create Pod local-hivemq-1 in StatefulSet local-hivemq successful [default:local-hivemq]
2025-01-29 14:00:11,664 INFO c.h.h.t.OperatorHelmChartContainer - [EVENT] Normal [ExternalProvisioning] Waiting for a volume to be created either by the external provisioner 'rancher.io/local-path' or manually by the system administrator. If volume creation is delayed, please verify that the provisioner is running and correctly registered. [default:data-local-hivemq-1]
2025-01-29 14:00:11,669 INFO c.h.h.t.OperatorHelmChartContainer - [EVENT] Normal [Provisioning] External provisioner is provisioning volume for claim "default/data-local-hivemq-1" [default:data-local-hivemq-1]
2025-01-29 14:00:11,750 INFO c.h.h.t.OperatorHelmChartContainer - [POD] helper-pod-create-pvc-1f122471-10b5-46d5-ae0a-b581461094c0 [bb0a6b63-1d4a-4f8c-954d-a86a84441ce3] in kube-system was ADDED
2025-01-29 14:00:11,758 INFO c.h.h.t.OperatorHelmChartContainer - [POD] helper-pod-create-pvc-1f122471-10b5-46d5-ae0a-b581461094c0 [bb0a6b63-1d4a-4f8c-954d-a86a84441ce3] in kube-system was MODIFIED
2025-01-29 14:00:11,949 INFO c.h.h.t.OperatorHelmChartContainer - [K3S] [reconciler_common.go:251] "operationExecutor.VerifyControllerAttachedVolume started for volume \"data\" (UniqueName: \"kubernetes.io/host-path/bb0a6b63-1d4a-4f8c-954d-a86a84441ce3-data\") pod \"helper-pod-create-pvc-1f122471-10b5-46d5-ae0a-b581461094c0\" (UID: \"bb0a6b63-1d4a-4f8c-954d-a86a84441ce3\") " pod="kube-system/helper-pod-create-pvc-1f122471-10b5-46d5-ae0a-b581461094c0"
2025-01-29 14:00:11,949 INFO c.h.h.t.OperatorHelmChartContainer - [K3S] [reconciler_common.go:251] "operationExecutor.VerifyControllerAttachedVolume started for volume \"script\" (UniqueName: \"kubernetes.io/configmap/bb0a6b63-1d4a-4f8c-954d-a86a84441ce3-script\") pod \"helper-pod-create-pvc-1f122471-10b5-46d5-ae0a-b581461094c0\" (UID: \"bb0a6b63-1d4a-4f8c-954d-a86a84441ce3\") " pod="kube-system/helper-pod-create-pvc-1f122471-10b5-46d5-ae0a-b581461094c0"
2025-01-29 14:00:11,949 INFO c.h.h.t.OperatorHelmChartContainer - [K3S] [reconciler_common.go:251] "operationExecutor.VerifyControllerAttachedVolume started for volume \"kube-api-access-q894w\" (UniqueName: \"kubernetes.io/projected/bb0a6b63-1d4a-4f8c-954d-a86a84441ce3-kube-api-access-q894w\") pod \"helper-pod-create-pvc-1f122471-10b5-46d5-ae0a-b581461094c0\" (UID: \"bb0a6b63-1d4a-4f8c-954d-a86a84441ce3\") " pod="kube-system/helper-pod-create-pvc-1f122471-10b5-46d5-ae0a-b581461094c0"
2025-01-29 14:00:12,622 INFO c.h.h.t.OperatorHelmChartContainer - [POD] helper-pod-create-pvc-1f122471-10b5-46d5-ae0a-b581461094c0 [bb0a6b63-1d4a-4f8c-954d-a86a84441ce3] in kube-system was MODIFIED
2025-01-29 14:00:13,694 INFO c.h.h.t.OperatorHelmChartContainer - [POD] helper-pod-create-pvc-1f122471-10b5-46d5-ae0a-b581461094c0 [bb0a6b63-1d4a-4f8c-954d-a86a84441ce3] in kube-system was MODIFIED
2025-01-29 14:00:13,765 INFO c.h.h.t.OperatorHelmChartContainer - [POD] helper-pod-create-pvc-1f122471-10b5-46d5-ae0a-b581461094c0 [bb0a6b63-1d4a-4f8c-954d-a86a84441ce3] in kube-system was MODIFIED
2025-01-29 14:00:13,768 INFO c.h.h.t.OperatorHelmChartContainer - [POD] helper-pod-create-pvc-1f122471-10b5-46d5-ae0a-b581461094c0 [bb0a6b63-1d4a-4f8c-954d-a86a84441ce3] in kube-system was DELETED
2025-01-29 14:00:13,781 INFO c.h.h.t.OperatorHelmChartContainer - [EVENT] Normal [ProvisioningSucceeded] Successfully provisioned volume pvc-1f122471-10b5-46d5-ae0a-b581461094c0 [default:data-local-hivemq-1]
2025-01-29 14:00:13,859 INFO c.h.h.t.OperatorHelmChartContainer - [K3S] [reconciler_common.go:162] "operationExecutor.UnmountVolume started for volume \"data\" (UniqueName: \"kubernetes.io/host-path/bb0a6b63-1d4a-4f8c-954d-a86a84441ce3-data\") pod \"bb0a6b63-1d4a-4f8c-954d-a86a84441ce3\" (UID: \"bb0a6b63-1d4a-4f8c-954d-a86a84441ce3\") "
2025-01-29 14:00:13,859 INFO c.h.h.t.OperatorHelmChartContainer - [K3S] [reconciler_common.go:162] "operationExecutor.UnmountVolume started for volume \"script\" (UniqueName: \"kubernetes.io/configmap/bb0a6b63-1d4a-4f8c-954d-a86a84441ce3-script\") pod \"bb0a6b63-1d4a-4f8c-954d-a86a84441ce3\" (UID: \"bb0a6b63-1d4a-4f8c-954d-a86a84441ce3\") "
2025-01-29 14:00:13,859 INFO c.h.h.t.OperatorHelmChartContainer - [K3S] [reconciler_common.go:162] "operationExecutor.UnmountVolume started for volume \"kube-api-access-q894w\" (UniqueName: \"kubernetes.io/projected/bb0a6b63-1d4a-4f8c-954d-a86a84441ce3-kube-api-access-q894w\") pod \"bb0a6b63-1d4a-4f8c-954d-a86a84441ce3\" (UID: \"bb0a6b63-1d4a-4f8c-954d-a86a84441ce3\") "
2025-01-29 14:00:13,960 INFO c.h.h.t.OperatorHelmChartContainer - [K3S] [reconciler_common.go:299] "Volume detached for volume \"kube-api-access-q894w\" (UniqueName: \"kubernetes.io/projected/bb0a6b63-1d4a-4f8c-954d-a86a84441ce3-kube-api-access-q894w\") on node \"d7549dce563f\" DevicePath \"\""
2025-01-29 14:00:13,960 INFO c.h.h.t.OperatorHelmChartContainer - [K3S] [reconciler_common.go:299] "Volume detached for volume \"data\" (UniqueName: \"kubernetes.io/host-path/bb0a6b63-1d4a-4f8c-954d-a86a84441ce3-data\") on node \"d7549dce563f\" DevicePath \"\""
2025-01-29 14:00:13,960 INFO c.h.h.t.OperatorHelmChartContainer - [K3S] [reconciler_common.go:299] "Volume detached for volume \"script\" (UniqueName: \"kubernetes.io/configmap/bb0a6b63-1d4a-4f8c-954d-a86a84441ce3-script\") on node \"d7549dce563f\" DevicePath \"\""
2025-01-29 14:00:14,619 INFO c.h.h.t.OperatorHelmChartContainer - [K3S] [pod_container_deletor.go:80] "Container not found in pod's containers" containerID="bca4f4def62e304d54458b265065519efd39edb535e1b6d701d3f7010e106a05"
2025-01-29 14:00:14,625 INFO c.h.h.t.OperatorHelmChartContainer - [K3S] [status_manager.go:890] "Failed to get status for pod" podUID="bb0a6b63-1d4a-4f8c-954d-a86a84441ce3" pod="kube-system/helper-pod-create-pvc-1f122471-10b5-46d5-ae0a-b581461094c0" err="pods \"helper-pod-create-pvc-1f122471-10b5-46d5-ae0a-b581461094c0\" is forbidden: User \"system:node:d7549dce563f\" cannot get resource \"pods\" in API group \"\" in the namespace \"kube-system\": no relationship found between node 'd7549dce563f' and this object"
2025-01-29 14:00:14,665 INFO c.h.h.t.OperatorHelmChartContainer - [K3S] [memory_manager.go:355] "RemoveStaleState removing state" podUID="bb0a6b63-1d4a-4f8c-954d-a86a84441ce3" containerName="helper-pod"
2025-01-29 14:00:14,667 INFO c.h.h.t.OperatorHelmChartContainer - [EVENT] Normal [Scheduled] Successfully assigned default/local-hivemq-1 to d7549dce563f [default:local-hivemq-1]
2025-01-29 14:00:14,668 INFO c.h.h.t.OperatorHelmChartContainer - [POD] local-hivemq-1 [91640141-0cd4-4987-8f0a-490ab7f25f85] in default was MODIFIED
2025-01-29 14:00:14,676 INFO c.h.h.t.OperatorHelmChartContainer - [K3S] [status_manager.go:890] "Failed to get status for pod" podUID="bb0a6b63-1d4a-4f8c-954d-a86a84441ce3" pod="kube-system/helper-pod-create-pvc-1f122471-10b5-46d5-ae0a-b581461094c0" err="pods \"helper-pod-create-pvc-1f122471-10b5-46d5-ae0a-b581461094c0\" is forbidden: User \"system:node:d7549dce563f\" cannot get resource \"pods\" in API group \"\" in the namespace \"kube-system\": no relationship found between node 'd7549dce563f' and this object"
2025-01-29 14:00:14,677 INFO c.h.h.t.OperatorHelmChartContainer - [POD] local-hivemq-1 [91640141-0cd4-4987-8f0a-490ab7f25f85] in default was MODIFIED
2025-01-29 14:00:14,865 INFO c.h.h.t.OperatorHelmChartContainer - [K3S] [reconciler_common.go:251] "operationExecutor.VerifyControllerAttachedVolume started for volume \"conf-override\" (UniqueName: \"kubernetes.io/empty-dir/91640141-0cd4-4987-8f0a-490ab7f25f85-conf-override\") pod \"local-hivemq-1\" (UID: \"91640141-0cd4-4987-8f0a-490ab7f25f85\") " pod="default/local-hivemq-1"
2025-01-29 14:00:14,865 INFO c.h.h.t.OperatorHelmChartContainer - [K3S] [reconciler_common.go:251] "operationExecutor.VerifyControllerAttachedVolume started for volume \"heap-dumps\" (UniqueName: \"kubernetes.io/empty-dir/91640141-0cd4-4987-8f0a-490ab7f25f85-heap-dumps\") pod \"local-hivemq-1\" (UID: \"91640141-0cd4-4987-8f0a-490ab7f25f85\") " pod="default/local-hivemq-1"
2025-01-29 14:00:14,865 INFO c.h.h.t.OperatorHelmChartContainer - [K3S] [reconciler_common.go:251] "operationExecutor.VerifyControllerAttachedVolume started for volume \"pvc-1f122471-10b5-46d5-ae0a-b581461094c0\" (UniqueName: \"kubernetes.io/local-volume/pvc-1f122471-10b5-46d5-ae0a-b581461094c0\") pod \"local-hivemq-1\" (UID: \"91640141-0cd4-4987-8f0a-490ab7f25f85\") " pod="default/local-hivemq-1"
2025-01-29 14:00:14,865 INFO c.h.h.t.OperatorHelmChartContainer - [K3S] [reconciler_common.go:251] "operationExecutor.VerifyControllerAttachedVolume started for volume \"shared-data\" (UniqueName: \"kubernetes.io/empty-dir/91640141-0cd4-4987-8f0a-490ab7f25f85-shared-data\") pod \"local-hivemq-1\" (UID: \"91640141-0cd4-4987-8f0a-490ab7f25f85\") " pod="default/local-hivemq-1"
2025-01-29 14:00:14,866 INFO c.h.h.t.OperatorHelmChartContainer - [K3S] [reconciler_common.go:251] "operationExecutor.VerifyControllerAttachedVolume started for volume \"live-info\" (UniqueName: \"kubernetes.io/configmap/91640141-0cd4-4987-8f0a-490ab7f25f85-live-info\") pod \"local-hivemq-1\" (UID: \"91640141-0cd4-4987-8f0a-490ab7f25f85\") " pod="default/local-hivemq-1"
2025-01-29 14:00:14,866 INFO c.h.h.t.OperatorHelmChartContainer - [K3S] [reconciler_common.go:251] "operationExecutor.VerifyControllerAttachedVolume started for volume \"audit\" (UniqueName: \"kubernetes.io/empty-dir/91640141-0cd4-4987-8f0a-490ab7f25f85-audit\") pod \"local-hivemq-1\" (UID: \"91640141-0cd4-4987-8f0a-490ab7f25f85\") " pod="default/local-hivemq-1"
2025-01-29 14:00:14,866 INFO c.h.h.t.OperatorHelmChartContainer - [K3S] [reconciler_common.go:251] "operationExecutor.VerifyControllerAttachedVolume started for volume \"log\" (UniqueName: \"kubernetes.io/empty-dir/91640141-0cd4-4987-8f0a-490ab7f25f85-log\") pod \"local-hivemq-1\" (UID: \"91640141-0cd4-4987-8f0a-490ab7f25f85\") " pod="default/local-hivemq-1"
2025-01-29 14:00:14,866 INFO c.h.h.t.OperatorHelmChartContainer - [K3S] [reconciler_common.go:251] "operationExecutor.VerifyControllerAttachedVolume started for volume \"backup\" (UniqueName: \"kubernetes.io/empty-dir/91640141-0cd4-4987-8f0a-490ab7f25f85-backup\") pod \"local-hivemq-1\" (UID: \"91640141-0cd4-4987-8f0a-490ab7f25f85\") " pod="default/local-hivemq-1"
2025-01-29 14:00:14,866 INFO c.h.h.t.OperatorHelmChartContainer - [K3S] [reconciler_common.go:251] "operationExecutor.VerifyControllerAttachedVolume started for volume \"dns-wait-config\" (UniqueName: \"kubernetes.io/configmap/91640141-0cd4-4987-8f0a-490ab7f25f85-dns-wait-config\") pod \"local-hivemq-1\" (UID: \"91640141-0cd4-4987-8f0a-490ab7f25f85\") " pod="default/local-hivemq-1"
2025-01-29 14:00:14,866 INFO c.h.h.t.OperatorHelmChartContainer - [K3S] [reconciler_common.go:251] "operationExecutor.VerifyControllerAttachedVolume started for volume \"kube-api-access-ph6kp\" (UniqueName: \"kubernetes.io/projected/91640141-0cd4-4987-8f0a-490ab7f25f85-kube-api-access-ph6kp\") pod \"local-hivemq-1\" (UID: \"91640141-0cd4-4987-8f0a-490ab7f25f85\") " pod="default/local-hivemq-1"
2025-01-29 14:00:15,353 INFO c.h.h.t.OperatorHelmChartContainer - [EVENT] Normal [Pulling] Pulling image "busybox:latest" [default:local-hivemq-1]
2025-01-29 14:00:15,427 INFO c.h.h.t.OperatorHelmChartContainer - [K3S] [kubelet_volumes.go:163] "Cleaned up orphaned pod volumes dir" podUID="bb0a6b63-1d4a-4f8c-954d-a86a84441ce3" path="/var/lib/kubelet/pods/bb0a6b63-1d4a-4f8c-954d-a86a84441ce3/volumes"
2025-01-29 14:00:15,804 INFO c.h.h.t.OperatorHelmChartContainer - [EVENT] Normal [Pulled] Successfully pulled image "busybox:latest" in 450ms (450ms including waiting). Image size: 2167089 bytes. [default:local-hivemq-1]
2025-01-29 14:00:15,812 INFO c.h.h.t.OperatorHelmChartContainer - [EVENT] Normal [Created] Created container: init-shared [default:local-hivemq-1]
2025-01-29 14:00:15,854 INFO c.h.h.t.OperatorHelmChartContainer - [EVENT] Normal [Started] Started container init-shared [default:local-hivemq-1]
2025-01-29 14:00:16,628 INFO c.h.h.t.OperatorHelmChartContainer - [EVENT] Normal [Pulled] Container image "hivemq/init-dns-wait:snapshot" already present on machine [default:local-hivemq-1]
2025-01-29 14:00:16,637 INFO c.h.h.t.OperatorHelmChartContainer - [EVENT] Normal [Created] Created container: dns-wait [default:local-hivemq-1]
2025-01-29 14:00:16,646 INFO c.h.h.t.OperatorHelmChartContainer - [POD] local-hivemq-1 [91640141-0cd4-4987-8f0a-490ab7f25f85] in default was MODIFIED
2025-01-29 14:00:16,693 INFO c.h.h.t.OperatorHelmChartContainer - [EVENT] Normal [Started] Started container dns-wait [default:local-hivemq-1]
2025-01-29 14:00:17,639 INFO c.h.h.t.OperatorHelmChartContainer - [POD] local-hivemq-1 [91640141-0cd4-4987-8f0a-490ab7f25f85] in default was MODIFIED
2025-01-29 14:00:27,646 INFO c.h.h.t.OperatorHelmChartContainer - [EVENT] Normal [Pulled] Container image "hivemq/hivemq4:k8s-4.36.0" already present on machine [default:local-hivemq-1]
2025-01-29 14:00:27,646 INFO c.h.h.t.OperatorHelmChartContainer - Received Pulled event for container hivemq in pod local-hivemq-1 [91640141-0cd4-4987-8f0a-490ab7f25f85]
2025-01-29 14:00:27,654 INFO c.h.h.t.OperatorHelmChartContainer - [EVENT] Normal [Created] Created container: hivemq [default:local-hivemq-1]
2025-01-29 14:00:27,654 INFO c.h.h.t.OperatorHelmChartContainer - Received Created event for container hivemq in pod local-hivemq-1 [91640141-0cd4-4987-8f0a-490ab7f25f85]
2025-01-29 14:00:27,669 INFO c.h.h.t.OperatorHelmChartContainer - [POD] local-hivemq-1 [91640141-0cd4-4987-8f0a-490ab7f25f85] in default was MODIFIED
2025-01-29 14:00:28,667 INFO c.h.h.t.OperatorHelmChartContainer - [POD] local-hivemq-1 [91640141-0cd4-4987-8f0a-490ab7f25f85] in default was MODIFIED
2025-01-29 14:00:28,677 INFO c.h.h.t.OperatorHelmChartContainer - [EVENT] Normal [Started] Started container hivemq [default:local-hivemq-1]
2025-01-29 14:00:28,677 INFO c.h.h.t.OperatorHelmChartContainer - Started log watcher for hivemq in pod local-hivemq-1 [91640141-0cd4-4987-8f0a-490ab7f25f85]
2025-01-29 14:00:28,677 INFO c.h.h.t.OperatorHelmChartContainer - Received Started event for container hivemq in pod local-hivemq-1 [91640141-0cd4-4987-8f0a-490ab7f25f85]
2025-01-29 14:00:28,677 INFO c.h.h.t.OperatorHelmChartContainer - [local-hivemq-1] [hivemq] [91640141] Copying external files
2025-01-29 14:00:28,677 INFO c.h.h.t.OperatorHelmChartContainer - [local-hivemq-1] [hivemq] [91640141] Rewriting config.xml...
2025-01-29 14:00:28,677 INFO c.h.h.t.OperatorHelmChartContainer - [local-hivemq-1] [hivemq] [91640141] Creating initial lastUpdate files...
2025-01-29 14:00:28,677 INFO c.h.h.t.OperatorHelmChartContainer - [local-hivemq-1] [hivemq] [91640141] Disabling Prometheus
2025-01-29 14:00:28,677 INFO c.h.h.t.OperatorHelmChartContainer - [local-hivemq-1] [hivemq] [91640141] Pod info:
2025-01-29 14:00:28,677 INFO c.h.h.t.OperatorHelmChartContainer - [local-hivemq-1] [hivemq] [91640141] extension-names=hivemq-kafka-extension hivemq-google-cloud-pubsub-extension hivemq-bridge-extension hivemq-enterprise-security-extension hivemq-distributed-tracing-extension hivemq-amazon-kinesis-extension
2025-01-29 14:00:28,677 INFO c.h.h.t.OperatorHelmChartContainer - [local-hivemq-1] [hivemq] [91640141] extension-uris=preinstalled preinstalled preinstalled preinstalled preinstalled preinstalled
2025-01-29 14:00:28,677 INFO c.h.h.t.OperatorHelmChartContainer - [local-hivemq-1] [hivemq] [91640141] extension-states=false false false false false false
2025-01-29 14:00:28,677 INFO c.h.h.t.OperatorHelmChartContainer - [local-hivemq-1] [hivemq] [91640141] extensions-static=false false false false false false
2025-01-29 14:00:28,677 INFO c.h.h.t.OperatorHelmChartContainer - [local-hivemq-1] [hivemq] [91640141] Installing extension #0 with name: hivemq-kafka-extension, URI: preinstalled, enabled state: false
2025-01-29 14:00:28,677 INFO c.h.h.t.OperatorHelmChartContainer - [local-hivemq-1] [hivemq] [91640141] + [[ 3 != 3 ]]
2025-01-29 14:00:28,677 INFO c.h.h.t.OperatorHelmChartContainer - [local-hivemq-1] [hivemq] [91640141] + EXTENSION_URI=preinstalled
2025-01-29 14:00:28,677 INFO c.h.h.t.OperatorHelmChartContainer - [local-hivemq-1] [hivemq] [91640141] + EXTENSION_NAME=hivemq-kafka-extension
2025-01-29 14:00:28,677 INFO c.h.h.t.OperatorHelmChartContainer - [local-hivemq-1] [hivemq] [91640141] + TARGET_STATE=false
2025-01-29 14:00:28,677 INFO c.h.h.t.OperatorHelmChartContainer - [local-hivemq-1] [hivemq] [91640141] + TARGET_DIR=/opt/hivemq/extensions/hivemq-kafka-extension
2025-01-29 14:00:28,677 INFO c.h.h.t.OperatorHelmChartContainer - [local-hivemq-1] [hivemq] [91640141] ++ mktemp -d
2025-01-29 14:00:28,679 INFO c.h.h.t.OperatorHelmChartContainer - [local-hivemq-1] [hivemq] [91640141] + install_dir=/tmp/tmp.DPrlTnlQz1
2025-01-29 14:00:28,679 INFO c.h.h.t.OperatorHelmChartContainer - [local-hivemq-1] [hivemq] [91640141] + set +e
2025-01-29 14:00:28,679 INFO c.h.h.t.OperatorHelmChartContainer - [local-hivemq-1] [hivemq] [91640141] + [[ -f /opt/hivemq/extensions/hivemq-kafka-extension/DISABLED ]]
2025-01-29 14:00:28,679 INFO c.h.h.t.OperatorHelmChartContainer - [local-hivemq-1] [hivemq] [91640141] + was_enabled=0
2025-01-29 14:00:28,679 INFO c.h.h.t.OperatorHelmChartContainer - [local-hivemq-1] [hivemq] [91640141] + set -e
2025-01-29 14:00:28,679 INFO c.h.h.t.OperatorHelmChartContainer - [local-hivemq-1] [hivemq] [91640141] + [[ preinstalled != \p\r\e\i\n\s\t\a\l\l\e\d ]]
2025-01-29 14:00:28,679 INFO c.h.h.t.OperatorHelmChartContainer - [local-hivemq-1] [hivemq] [91640141] + [[ false == \f\a\l\s\e ]]
2025-01-29 14:00:28,679 INFO c.h.h.t.OperatorHelmChartContainer - [local-hivemq-1] [hivemq] [91640141] + touch /opt/hivemq/extensions/hivemq-kafka-extension/DISABLED
2025-01-29 14:00:28,679 INFO c.h.h.t.OperatorHelmChartContainer - [local-hivemq-1] [hivemq] [91640141] + was_enabled=0
2025-01-29 14:00:28,679 INFO c.h.h.t.OperatorHelmChartContainer - [local-hivemq-1] [hivemq] [91640141] + [[ preinstalled != \p\r\e\i\n\s\t\a\l\l\e\d ]]
2025-01-29 14:00:28,679 INFO c.h.h.t.OperatorHelmChartContainer - [local-hivemq-1] [hivemq] [91640141] + /opt/hivemq/bin/run_initialization.sh hivemq-kafka-extension
2025-01-29 14:00:28,679 INFO c.h.h.t.OperatorHelmChartContainer - [local-hivemq-1] [hivemq] [91640141] + EXTENSION_NAME=hivemq-kafka-extension
2025-01-29 14:00:28,679 INFO c.h.h.t.OperatorHelmChartContainer - [local-hivemq-1] [hivemq] [91640141] + TARGET_DIR=/opt/hivemq/extensions/hivemq-kafka-extension
2025-01-29 14:00:28,679 INFO c.h.h.t.OperatorHelmChartContainer - [local-hivemq-1] [hivemq] [91640141] + cd /opt/hivemq/extensions/hivemq-kafka-extension
2025-01-29 14:00:28,679 INFO c.h.h.t.OperatorHelmChartContainer - [local-hivemq-1] [hivemq] [91640141] + [[ -f init_tmp ]]
2025-01-29 14:00:28,679 INFO c.h.h.t.OperatorHelmChartContainer - [local-hivemq-1] [hivemq] [91640141] + [[ -f /etc/podinfo/init-extension-hivemq-kafka-extension ]]
2025-01-29 14:00:28,681 INFO c.h.h.t.OperatorHelmChartContainer - [local-hivemq-1] [hivemq] [91640141] Installing extension #1 with name: hivemq-google-cloud-pubsub-extension, URI: preinstalled, enabled state: false
2025-01-29 14:00:28,681 INFO c.h.h.t.OperatorHelmChartContainer - [local-hivemq-1] [hivemq] [91640141] + [[ 3 != 3 ]]
2025-01-29 14:00:28,681 INFO c.h.h.t.OperatorHelmChartContainer - [local-hivemq-1] [hivemq] [91640141] + EXTENSION_URI=preinstalled
2025-01-29 14:00:28,681 INFO c.h.h.t.OperatorHelmChartContainer - [local-hivemq-1] [hivemq] [91640141] + EXTENSION_NAME=hivemq-google-cloud-pubsub-extension
2025-01-29 14:00:28,681 INFO c.h.h.t.OperatorHelmChartContainer - [local-hivemq-1] [hivemq] [91640141] + TARGET_STATE=false
2025-01-29 14:00:28,681 INFO c.h.h.t.OperatorHelmChartContainer - [local-hivemq-1] [hivemq] [91640141] + TARGET_DIR=/opt/hivemq/extensions/hivemq-google-cloud-pubsub-extension
2025-01-29 14:00:28,681 INFO c.h.h.t.OperatorHelmChartContainer - [local-hivemq-1] [hivemq] [91640141] ++ mktemp -d
2025-01-29 14:00:28,681 INFO c.h.h.t.OperatorHelmChartContainer - [local-hivemq-1] [hivemq] [91640141] + install_dir=/tmp/tmp.qshxsEkWzI
2025-01-29 14:00:28,681 INFO c.h.h.t.OperatorHelmChartContainer - [local-hivemq-1] [hivemq] [91640141] + set +e
2025-01-29 14:00:28,681 INFO c.h.h.t.OperatorHelmChartContainer - [local-hivemq-1] [hivemq] [91640141] + [[ -f /opt/hivemq/extensions/hivemq-google-cloud-pubsub-extension/DISABLED ]]
2025-01-29 14:00:28,681 INFO c.h.h.t.OperatorHelmChartContainer - [local-hivemq-1] [hivemq] [91640141] + was_enabled=0
2025-01-29 14:00:28,681 INFO c.h.h.t.OperatorHelmChartContainer - [local-hivemq-1] [hivemq] [91640141] + set -e
2025-01-29 14:00:28,681 INFO c.h.h.t.OperatorHelmChartContainer - [local-hivemq-1] [hivemq] [91640141] + [[ preinstalled != \p\r\e\i\n\s\t\a\l\l\e\d ]]
2025-01-29 14:00:28,681 INFO c.h.h.t.OperatorHelmChartContainer - [local-hivemq-1] [hivemq] [91640141] + [[ false == \f\a\l\s\e ]]
2025-01-29 14:00:28,681 INFO c.h.h.t.OperatorHelmChartContainer - [local-hivemq-1] [hivemq] [91640141] + touch /opt/hivemq/extensions/hivemq-google-cloud-pubsub-extension/DISABLED
2025-01-29 14:00:28,681 INFO c.h.h.t.OperatorHelmChartContainer - [local-hivemq-1] [hivemq] [91640141] + was_enabled=0
2025-01-29 14:00:28,681 INFO c.h.h.t.OperatorHelmChartContainer - [local-hivemq-1] [hivemq] [91640141] + [[ preinstalled != \p\r\e\i\n\s\t\a\l\l\e\d ]]
2025-01-29 14:00:28,681 INFO c.h.h.t.OperatorHelmChartContainer - [local-hivemq-1] [hivemq] [91640141] + /opt/hivemq/bin/run_initialization.sh hivemq-google-cloud-pubsub-extension
2025-01-29 14:00:28,681 INFO c.h.h.t.OperatorHelmChartContainer - [local-hivemq-1] [hivemq] [91640141] + EXTENSION_NAME=hivemq-google-cloud-pubsub-extension
2025-01-29 14:00:28,681 INFO c.h.h.t.OperatorHelmChartContainer - [local-hivemq-1] [hivemq] [91640141] + TARGET_DIR=/opt/hivemq/extensions/hivemq-google-cloud-pubsub-extension
2025-01-29 14:00:28,681 INFO c.h.h.t.OperatorHelmChartContainer - [local-hivemq-1] [hivemq] [91640141] + cd /opt/hivemq/extensions/hivemq-google-cloud-pubsub-extension
2025-01-29 14:00:28,681 INFO c.h.h.t.OperatorHelmChartContainer - [local-hivemq-1] [hivemq] [91640141] + [[ -f init_tmp ]]
2025-01-29 14:00:28,681 INFO c.h.h.t.OperatorHelmChartContainer - [local-hivemq-1] [hivemq] [91640141] + [[ -f /etc/podinfo/init-extension-hivemq-google-cloud-pubsub-extension ]]
2025-01-29 14:00:28,681 INFO c.h.h.t.OperatorHelmChartContainer - [local-hivemq-1] [hivemq] [91640141] Installing extension #2 with name: hivemq-bridge-extension, URI: preinstalled, enabled state: false
2025-01-29 14:00:28,681 INFO c.h.h.t.OperatorHelmChartContainer - [local-hivemq-1] [hivemq] [91640141] + [[ 3 != 3 ]]
2025-01-29 14:00:28,681 INFO c.h.h.t.OperatorHelmChartContainer - [local-hivemq-1] [hivemq] [91640141] + EXTENSION_URI=preinstalled
2025-01-29 14:00:28,681 INFO c.h.h.t.OperatorHelmChartContainer - [local-hivemq-1] [hivemq] [91640141] + EXTENSION_NAME=hivemq-bridge-extension
2025-01-29 14:00:28,681 INFO c.h.h.t.OperatorHelmChartContainer - [local-hivemq-1] [hivemq] [91640141] + TARGET_STATE=false
2025-01-29 14:00:28,681 INFO c.h.h.t.OperatorHelmChartContainer - [local-hivemq-1] [hivemq] [91640141] + TARGET_DIR=/opt/hivemq/extensions/hivemq-bridge-extension
2025-01-29 14:00:28,681 INFO c.h.h.t.OperatorHelmChartContainer - [local-hivemq-1] [hivemq] [91640141] ++ mktemp -d
2025-01-29 14:00:28,681 INFO c.h.h.t.OperatorHelmChartContainer - [local-hivemq-1] [hivemq] [91640141] + install_dir=/tmp/tmp.lQuKgUWgIg
2025-01-29 14:00:28,681 INFO c.h.h.t.OperatorHelmChartContainer - [local-hivemq-1] [hivemq] [91640141] + set +e
2025-01-29 14:00:28,681 INFO c.h.h.t.OperatorHelmChartContainer - [local-hivemq-1] [hivemq] [91640141] + [[ -f /opt/hivemq/extensions/hivemq-bridge-extension/DISABLED ]]
2025-01-29 14:00:28,681 INFO c.h.h.t.OperatorHelmChartContainer - [local-hivemq-1] [hivemq] [91640141] + was_enabled=0
2025-01-29 14:00:28,681 INFO c.h.h.t.OperatorHelmChartContainer - [local-hivemq-1] [hivemq] [91640141] + set -e
2025-01-29 14:00:28,681 INFO c.h.h.t.OperatorHelmChartContainer - [local-hivemq-1] [hivemq] [91640141] + [[ preinstalled != \p\r\e\i\n\s\t\a\l\l\e\d ]]
2025-01-29 14:00:28,681 INFO c.h.h.t.OperatorHelmChartContainer - [local-hivemq-1] [hivemq] [91640141] + [[ false == \f\a\l\s\e ]]
2025-01-29 14:00:28,681 INFO c.h.h.t.OperatorHelmChartContainer - [local-hivemq-1] [hivemq] [91640141] + touch /opt/hivemq/extensions/hivemq-bridge-extension/DISABLED
2025-01-29 14:00:28,681 INFO c.h.h.t.OperatorHelmChartContainer - [local-hivemq-1] [hivemq] [91640141] + was_enabled=0
2025-01-29 14:00:28,681 INFO c.h.h.t.OperatorHelmChartContainer - [local-hivemq-1] [hivemq] [91640141] + [[ preinstalled != \p\r\e\i\n\s\t\a\l\l\e\d ]]
2025-01-29 14:00:28,681 INFO c.h.h.t.OperatorHelmChartContainer - [local-hivemq-1] [hivemq] [91640141] + /opt/hivemq/bin/run_initialization.sh hivemq-bridge-extension
2025-01-29 14:00:28,681 INFO c.h.h.t.OperatorHelmChartContainer - [local-hivemq-1] [hivemq] [91640141] + EXTENSION_NAME=hivemq-bridge-extension
2025-01-29 14:00:28,681 INFO c.h.h.t.OperatorHelmChartContainer - [local-hivemq-1] [hivemq] [91640141] + TARGET_DIR=/opt/hivemq/extensions/hivemq-bridge-extension
2025-01-29 14:00:28,681 INFO c.h.h.t.OperatorHelmChartContainer - [local-hivemq-1] [hivemq] [91640141] + cd /opt/hivemq/extensions/hivemq-bridge-extension
2025-01-29 14:00:28,681 INFO c.h.h.t.OperatorHelmChartContainer - [local-hivemq-1] [hivemq] [91640141] + [[ -f init_tmp ]]
2025-01-29 14:00:28,681 INFO c.h.h.t.OperatorHelmChartContainer - [local-hivemq-1] [hivemq] [91640141] + [[ -f /etc/podinfo/init-extension-hivemq-bridge-extension ]]
2025-01-29 14:00:28,681 INFO c.h.h.t.OperatorHelmChartContainer - [local-hivemq-1] [hivemq] [91640141] Installing extension #3 with name: hivemq-enterprise-security-extension, URI: preinstalled, enabled state: false
2025-01-29 14:00:28,681 INFO c.h.h.t.OperatorHelmChartContainer - [local-hivemq-1] [hivemq] [91640141] + [[ 3 != 3 ]]
2025-01-29 14:00:28,681 INFO c.h.h.t.OperatorHelmChartContainer - [local-hivemq-1] [hivemq] [91640141] + EXTENSION_URI=preinstalled
2025-01-29 14:00:28,681 INFO c.h.h.t.OperatorHelmChartContainer - [local-hivemq-1] [hivemq] [91640141] + EXTENSION_NAME=hivemq-enterprise-security-extension
2025-01-29 14:00:28,681 INFO c.h.h.t.OperatorHelmChartContainer - [local-hivemq-1] [hivemq] [91640141] + TARGET_STATE=false
2025-01-29 14:00:28,681 INFO c.h.h.t.OperatorHelmChartContainer - [local-hivemq-1] [hivemq] [91640141] + TARGET_DIR=/opt/hivemq/extensions/hivemq-enterprise-security-extension
2025-01-29 14:00:28,681 INFO c.h.h.t.OperatorHelmChartContainer - [local-hivemq-1] [hivemq] [91640141] ++ mktemp -d
2025-01-29 14:00:28,681 INFO c.h.h.t.OperatorHelmChartContainer - [local-hivemq-1] [hivemq] [91640141] + install_dir=/tmp/tmp.MzEI4pwl62
2025-01-29 14:00:28,681 INFO c.h.h.t.OperatorHelmChartContainer - [local-hivemq-1] [hivemq] [91640141] + set +e
2025-01-29 14:00:28,681 INFO c.h.h.t.OperatorHelmChartContainer - [local-hivemq-1] [hivemq] [91640141] + [[ -f /opt/hivemq/extensions/hivemq-enterprise-security-extension/DISABLED ]]
2025-01-29 14:00:28,681 INFO c.h.h.t.OperatorHelmChartContainer - [local-hivemq-1] [hivemq] [91640141] + was_enabled=0
2025-01-29 14:00:28,681 INFO c.h.h.t.OperatorHelmChartContainer - [local-hivemq-1] [hivemq] [91640141] + set -e
2025-01-29 14:00:28,681 INFO c.h.h.t.OperatorHelmChartContainer - [local-hivemq-1] [hivemq] [91640141] + [[ preinstalled != \p\r\e\i\n\s\t\a\l\l\e\d ]]
2025-01-29 14:00:28,681 INFO c.h.h.t.OperatorHelmChartContainer - [local-hivemq-1] [hivemq] [91640141] + [[ false == \f\a\l\s\e ]]
2025-01-29 14:00:28,681 INFO c.h.h.t.OperatorHelmChartContainer - [local-hivemq-1] [hivemq] [91640141] + touch /opt/hivemq/extensions/hivemq-enterprise-security-extension/DISABLED
2025-01-29 14:00:28,681 INFO c.h.h.t.OperatorHelmChartContainer - [local-hivemq-1] [hivemq] [91640141] + was_enabled=0
2025-01-29 14:00:28,681 INFO c.h.h.t.OperatorHelmChartContainer - [local-hivemq-1] [hivemq] [91640141] + [[ preinstalled != \p\r\e\i\n\s\t\a\l\l\e\d ]]
2025-01-29 14:00:28,681 INFO c.h.h.t.OperatorHelmChartContainer - [local-hivemq-1] [hivemq] [91640141] + /opt/hivemq/bin/run_initialization.sh hivemq-enterprise-security-extension
2025-01-29 14:00:28,681 INFO c.h.h.t.OperatorHelmChartContainer - [local-hivemq-1] [hivemq] [91640141] + EXTENSION_NAME=hivemq-enterprise-security-extension
2025-01-29 14:00:28,681 INFO c.h.h.t.OperatorHelmChartContainer - [local-hivemq-1] [hivemq] [91640141] + TARGET_DIR=/opt/hivemq/extensions/hivemq-enterprise-security-extension
2025-01-29 14:00:28,681 INFO c.h.h.t.OperatorHelmChartContainer - [local-hivemq-1] [hivemq] [91640141] + cd /opt/hivemq/extensions/hivemq-enterprise-security-extension
2025-01-29 14:00:28,681 INFO c.h.h.t.OperatorHelmChartContainer - [local-hivemq-1] [hivemq] [91640141] + [[ -f init_tmp ]]
2025-01-29 14:00:28,681 INFO c.h.h.t.OperatorHelmChartContainer - [local-hivemq-1] [hivemq] [91640141] + [[ -f /etc/podinfo/init-extension-hivemq-enterprise-security-extension ]]
2025-01-29 14:00:28,681 INFO c.h.h.t.OperatorHelmChartContainer - [local-hivemq-1] [hivemq] [91640141] + echo 'Using init script from config map'
2025-01-29 14:00:28,681 INFO c.h.h.t.OperatorHelmChartContainer - [local-hivemq-1] [hivemq] [91640141] + cat /etc/podinfo/init-extension-hivemq-enterprise-security-extension
2025-01-29 14:00:28,681 INFO c.h.h.t.OperatorHelmChartContainer - [local-hivemq-1] [hivemq] [91640141] Using init script from config map
2025-01-29 14:00:28,681 INFO c.h.h.t.OperatorHelmChartContainer - [local-hivemq-1] [hivemq] [91640141] Executing initialization script
2025-01-29 14:00:28,681 INFO c.h.h.t.OperatorHelmChartContainer - [local-hivemq-1] [hivemq] [91640141] + echo 'Executing initialization script'
2025-01-29 14:00:28,681 INFO c.h.h.t.OperatorHelmChartContainer - [local-hivemq-1] [hivemq] [91640141] + chmod +x init
2025-01-29 14:00:28,681 INFO c.h.h.t.OperatorHelmChartContainer - [local-hivemq-1] [hivemq] [91640141] + ./init
2025-01-29 14:00:28,681 INFO c.h.h.t.OperatorHelmChartContainer - [local-hivemq-1] [hivemq] [91640141]   % Total    % Received % Xferd  Average Speed   Time    Time     Time  Current
2025-01-29 14:00:28,681 INFO c.h.h.t.OperatorHelmChartContainer - [local-hivemq-1] [hivemq] [91640141]                                  Dload  Upload   Total   Spent    Left  Speed
2025-01-29 14:00:28,681 INFO c.h.h.t.OperatorHelmChartContainer - [local-hivemq-1] [hivemq] [91640141] 
2025-01-29 14:00:28,681 INFO c.h.h.t.OperatorHelmChartContainer - [local-hivemq-1] [hivemq] [91640141]   0     0    0     0    0     0      0      0 --:--:-- --:--:-- --:--:--     0
2025-01-29 14:00:28,681 INFO c.h.h.t.OperatorHelmChartContainer - [local-hivemq-1] [hivemq] [91640141]   0     0    0     0    0     0      0      0 --:--:-- --:--:-- --:--:--     0
2025-01-29 14:00:28,681 INFO c.h.h.t.OperatorHelmChartContainer - [local-hivemq-1] [hivemq] [91640141] 100  910k  100  910k    0     0  2028k      0 --:--:-- --:--:-- --:--:-- 2024k
2025-01-29 14:00:28,681 INFO c.h.h.t.OperatorHelmChartContainer - [local-hivemq-1] [hivemq] [91640141] Installing extension #4 with name: hivemq-distributed-tracing-extension, URI: preinstalled, enabled state: false
2025-01-29 14:00:28,681 INFO c.h.h.t.OperatorHelmChartContainer - [local-hivemq-1] [hivemq] [91640141] + [[ 3 != 3 ]]
2025-01-29 14:00:28,681 INFO c.h.h.t.OperatorHelmChartContainer - [local-hivemq-1] [hivemq] [91640141] + EXTENSION_URI=preinstalled
2025-01-29 14:00:28,681 INFO c.h.h.t.OperatorHelmChartContainer - [local-hivemq-1] [hivemq] [91640141] + EXTENSION_NAME=hivemq-distributed-tracing-extension
2025-01-29 14:00:28,681 INFO c.h.h.t.OperatorHelmChartContainer - [local-hivemq-1] [hivemq] [91640141] + TARGET_STATE=false
2025-01-29 14:00:28,681 INFO c.h.h.t.OperatorHelmChartContainer - [local-hivemq-1] [hivemq] [91640141] + TARGET_DIR=/opt/hivemq/extensions/hivemq-distributed-tracing-extension
2025-01-29 14:00:28,681 INFO c.h.h.t.OperatorHelmChartContainer - [local-hivemq-1] [hivemq] [91640141] ++ mktemp -d
2025-01-29 14:00:28,681 INFO c.h.h.t.OperatorHelmChartContainer - [local-hivemq-1] [hivemq] [91640141] + install_dir=/tmp/tmp.DIEQrbXMMk
2025-01-29 14:00:28,681 INFO c.h.h.t.OperatorHelmChartContainer - [local-hivemq-1] [hivemq] [91640141] + set +e
2025-01-29 14:00:28,681 INFO c.h.h.t.OperatorHelmChartContainer - [local-hivemq-1] [hivemq] [91640141] + [[ -f /opt/hivemq/extensions/hivemq-distributed-tracing-extension/DISABLED ]]
2025-01-29 14:00:28,681 INFO c.h.h.t.OperatorHelmChartContainer - [local-hivemq-1] [hivemq] [91640141] + was_enabled=0
2025-01-29 14:00:28,681 INFO c.h.h.t.OperatorHelmChartContainer - [local-hivemq-1] [hivemq] [91640141] + set -e
2025-01-29 14:00:28,681 INFO c.h.h.t.OperatorHelmChartContainer - [local-hivemq-1] [hivemq] [91640141] + [[ preinstalled != \p\r\e\i\n\s\t\a\l\l\e\d ]]
2025-01-29 14:00:28,681 INFO c.h.h.t.OperatorHelmChartContainer - [local-hivemq-1] [hivemq] [91640141] + [[ false == \f\a\l\s\e ]]
2025-01-29 14:00:28,681 INFO c.h.h.t.OperatorHelmChartContainer - [local-hivemq-1] [hivemq] [91640141] + touch /opt/hivemq/extensions/hivemq-distributed-tracing-extension/DISABLED
2025-01-29 14:00:28,681 INFO c.h.h.t.OperatorHelmChartContainer - [local-hivemq-1] [hivemq] [91640141] + was_enabled=0
2025-01-29 14:00:28,681 INFO c.h.h.t.OperatorHelmChartContainer - [local-hivemq-1] [hivemq] [91640141] + [[ preinstalled != \p\r\e\i\n\s\t\a\l\l\e\d ]]
2025-01-29 14:00:28,681 INFO c.h.h.t.OperatorHelmChartContainer - [local-hivemq-1] [hivemq] [91640141] + /opt/hivemq/bin/run_initialization.sh hivemq-distributed-tracing-extension
2025-01-29 14:00:28,681 INFO c.h.h.t.OperatorHelmChartContainer - [local-hivemq-1] [hivemq] [91640141] + EXTENSION_NAME=hivemq-distributed-tracing-extension
2025-01-29 14:00:28,681 INFO c.h.h.t.OperatorHelmChartContainer - [local-hivemq-1] [hivemq] [91640141] + TARGET_DIR=/opt/hivemq/extensions/hivemq-distributed-tracing-extension
2025-01-29 14:00:28,681 INFO c.h.h.t.OperatorHelmChartContainer - [local-hivemq-1] [hivemq] [91640141] + cd /opt/hivemq/extensions/hivemq-distributed-tracing-extension
2025-01-29 14:00:28,681 INFO c.h.h.t.OperatorHelmChartContainer - [local-hivemq-1] [hivemq] [91640141] + [[ -f init_tmp ]]
2025-01-29 14:00:28,681 INFO c.h.h.t.OperatorHelmChartContainer - [local-hivemq-1] [hivemq] [91640141] + [[ -f /etc/podinfo/init-extension-hivemq-distributed-tracing-extension ]]
2025-01-29 14:00:28,681 INFO c.h.h.t.OperatorHelmChartContainer - [local-hivemq-1] [hivemq] [91640141] Installing extension #5 with name: hivemq-amazon-kinesis-extension, URI: preinstalled, enabled state: false
2025-01-29 14:00:28,681 INFO c.h.h.t.OperatorHelmChartContainer - [local-hivemq-1] [hivemq] [91640141] + [[ 3 != 3 ]]
2025-01-29 14:00:28,681 INFO c.h.h.t.OperatorHelmChartContainer - [local-hivemq-1] [hivemq] [91640141] + EXTENSION_URI=preinstalled
2025-01-29 14:00:28,681 INFO c.h.h.t.OperatorHelmChartContainer - [local-hivemq-1] [hivemq] [91640141] + EXTENSION_NAME=hivemq-amazon-kinesis-extension
2025-01-29 14:00:28,681 INFO c.h.h.t.OperatorHelmChartContainer - [local-hivemq-1] [hivemq] [91640141] + TARGET_STATE=false
2025-01-29 14:00:28,681 INFO c.h.h.t.OperatorHelmChartContainer - [local-hivemq-1] [hivemq] [91640141] + TARGET_DIR=/opt/hivemq/extensions/hivemq-amazon-kinesis-extension
2025-01-29 14:00:28,681 INFO c.h.h.t.OperatorHelmChartContainer - [local-hivemq-1] [hivemq] [91640141] ++ mktemp -d
2025-01-29 14:00:28,681 INFO c.h.h.t.OperatorHelmChartContainer - [local-hivemq-1] [hivemq] [91640141] + install_dir=/tmp/tmp.h9mgRgZL8u
2025-01-29 14:00:28,681 INFO c.h.h.t.OperatorHelmChartContainer - [local-hivemq-1] [hivemq] [91640141] + set +e
2025-01-29 14:00:28,681 INFO c.h.h.t.OperatorHelmChartContainer - [local-hivemq-1] [hivemq] [91640141] + [[ -f /opt/hivemq/extensions/hivemq-amazon-kinesis-extension/DISABLED ]]
2025-01-29 14:00:28,681 INFO c.h.h.t.OperatorHelmChartContainer - [local-hivemq-1] [hivemq] [91640141] + was_enabled=0
2025-01-29 14:00:28,681 INFO c.h.h.t.OperatorHelmChartContainer - [local-hivemq-1] [hivemq] [91640141] + set -e
2025-01-29 14:00:28,681 INFO c.h.h.t.OperatorHelmChartContainer - [local-hivemq-1] [hivemq] [91640141] + [[ preinstalled != \p\r\e\i\n\s\t\a\l\l\e\d ]]
2025-01-29 14:00:28,681 INFO c.h.h.t.OperatorHelmChartContainer - [local-hivemq-1] [hivemq] [91640141] + [[ false == \f\a\l\s\e ]]
2025-01-29 14:00:28,681 INFO c.h.h.t.OperatorHelmChartContainer - [local-hivemq-1] [hivemq] [91640141] + touch /opt/hivemq/extensions/hivemq-amazon-kinesis-extension/DISABLED
2025-01-29 14:00:28,681 INFO c.h.h.t.OperatorHelmChartContainer - [local-hivemq-1] [hivemq] [91640141] + was_enabled=0
2025-01-29 14:00:28,682 INFO c.h.h.t.OperatorHelmChartContainer - [local-hivemq-1] [hivemq] [91640141] + [[ preinstalled != \p\r\e\i\n\s\t\a\l\l\e\d ]]
2025-01-29 14:00:28,682 INFO c.h.h.t.OperatorHelmChartContainer - [local-hivemq-1] [hivemq] [91640141] + /opt/hivemq/bin/run_initialization.sh hivemq-amazon-kinesis-extension
2025-01-29 14:00:28,682 INFO c.h.h.t.OperatorHelmChartContainer - [local-hivemq-1] [hivemq] [91640141] + EXTENSION_NAME=hivemq-amazon-kinesis-extension
2025-01-29 14:00:28,682 INFO c.h.h.t.OperatorHelmChartContainer - [local-hivemq-1] [hivemq] [91640141] + TARGET_DIR=/opt/hivemq/extensions/hivemq-amazon-kinesis-extension
2025-01-29 14:00:28,682 INFO c.h.h.t.OperatorHelmChartContainer - [local-hivemq-1] [hivemq] [91640141] + cd /opt/hivemq/extensions/hivemq-amazon-kinesis-extension
2025-01-29 14:00:28,682 INFO c.h.h.t.OperatorHelmChartContainer - [local-hivemq-1] [hivemq] [91640141] + [[ -f init_tmp ]]
2025-01-29 14:00:28,682 INFO c.h.h.t.OperatorHelmChartContainer - [local-hivemq-1] [hivemq] [91640141] + [[ -f /etc/podinfo/init-extension-hivemq-amazon-kinesis-extension ]]
2025-01-29 14:00:28,682 INFO c.h.h.t.OperatorHelmChartContainer - [local-hivemq-1] [hivemq] [91640141] -------------------------------------------------------------------------
2025-01-29 14:00:28,682 INFO c.h.h.t.OperatorHelmChartContainer - [local-hivemq-1] [hivemq] [91640141] 
2025-01-29 14:00:28,682 INFO c.h.h.t.OperatorHelmChartContainer - [local-hivemq-1] [hivemq] [91640141]                   _    _  _              __  __   ____
2025-01-29 14:00:28,682 INFO c.h.h.t.OperatorHelmChartContainer - [local-hivemq-1] [hivemq] [91640141]                  | |  | |(_)            |  \/  | / __ \
2025-01-29 14:00:28,682 INFO c.h.h.t.OperatorHelmChartContainer - [local-hivemq-1] [hivemq] [91640141]                  | |__| | _ __   __ ___ | \  / || |  | |
2025-01-29 14:00:28,682 INFO c.h.h.t.OperatorHelmChartContainer - [local-hivemq-1] [hivemq] [91640141]                  |  __  || |\ \ / // _ \| |\/| || |  | |
2025-01-29 14:00:28,682 INFO c.h.h.t.OperatorHelmChartContainer - [local-hivemq-1] [hivemq] [91640141]                  | |  | || | \ V /|  __/| |  | || |__| |
2025-01-29 14:00:28,682 INFO c.h.h.t.OperatorHelmChartContainer - [local-hivemq-1] [hivemq] [91640141]                  |_|  |_||_|  \_/  \___||_|  |_| \___\_\
2025-01-29 14:00:28,682 INFO c.h.h.t.OperatorHelmChartContainer - [local-hivemq-1] [hivemq] [91640141] 
2025-01-29 14:00:28,682 INFO c.h.h.t.OperatorHelmChartContainer - [local-hivemq-1] [hivemq] [91640141] -------------------------------------------------------------------------
2025-01-29 14:00:28,682 INFO c.h.h.t.OperatorHelmChartContainer - [local-hivemq-1] [hivemq] [91640141] 
2025-01-29 14:00:28,682 INFO c.h.h.t.OperatorHelmChartContainer - [local-hivemq-1] [hivemq] [91640141]   HiveMQ Start Script for Linux/Unix v1.14
2025-01-29 14:00:28,682 INFO c.h.h.t.OperatorHelmChartContainer - [local-hivemq-1] [hivemq] [91640141] 
2025-01-29 14:00:28,682 INFO c.h.h.t.OperatorHelmChartContainer - [local-hivemq-1] [hivemq] [91640141] -------------------------------------------------------------------------
2025-01-29 14:00:28,682 INFO c.h.h.t.OperatorHelmChartContainer - [local-hivemq-1] [hivemq] [91640141] 
2025-01-29 14:00:28,682 INFO c.h.h.t.OperatorHelmChartContainer - [local-hivemq-1] [hivemq] [91640141]   HIVEMQ_HOME: /opt/hivemq
2025-01-29 14:00:28,682 INFO c.h.h.t.OperatorHelmChartContainer - [local-hivemq-1] [hivemq] [91640141] 
2025-01-29 14:00:28,682 INFO c.h.h.t.OperatorHelmChartContainer - [local-hivemq-1] [hivemq] [91640141]   JAVA_OPTS: -XX:+UnlockExperimentalVMOptions -XX:InitialRAMPercentage=40 -XX:MaxRAMPercentage=50 -XX:MinRAMPercentage=30 -Djava.net.preferIPv4Stack=true --add-opens java.base/java.lang=ALL-UNNAMED --add-opens java.base/java.nio=ALL-UNNAMED --add-opens java.base/sun.nio.ch=ALL-UNNAMED --add-opens jdk.management/com.sun.management.internal=ALL-UNNAMED --add-exports java.base/jdk.internal.misc=ALL-UNNAMED -Djava.security.egd=file:/dev/./urandom -Dcom.sun.management.jmxremote -Dcom.sun.management.jmxremote.port=9010 -Dcom.sun.management.jmxremote.local.only=false -Dcom.sun.management.jmxremote.authenticate=false -Dcom.sun.management.jmxremote.ssl=false -Duser.language=en -Duser.region=US -XX:+CrashOnOutOfMemoryError -XX:+HeapDumpOnOutOfMemoryError
2025-01-29 14:00:28,682 INFO c.h.h.t.OperatorHelmChartContainer - [local-hivemq-1] [hivemq] [91640141] 
2025-01-29 14:00:28,682 INFO c.h.h.t.OperatorHelmChartContainer - [local-hivemq-1] [hivemq] [91640141]   JAVA_VERSION: 21
2025-01-29 14:00:28,682 INFO c.h.h.t.OperatorHelmChartContainer - [local-hivemq-1] [hivemq] [91640141] 
2025-01-29 14:00:28,682 INFO c.h.h.t.OperatorHelmChartContainer - [local-hivemq-1] [hivemq] [91640141] -------------------------------------------------------------------------
2025-01-29 14:00:28,682 INFO c.h.h.t.OperatorHelmChartContainer - [local-hivemq-1] [hivemq] [91640141] 
2025-01-29 14:00:30,740 INFO c.h.h.t.OperatorHelmChartContainer - [local-hivemq-1] [hivemq] [91640141] INFO  - Starting HiveMQ Enterprise Server
2025-01-29 14:00:30,745 INFO c.h.h.t.OperatorHelmChartContainer - [local-hivemq-1] [hivemq] [91640141] INFO  - HiveMQ version: 4.36.0
2025-01-29 14:00:30,745 INFO c.h.h.t.OperatorHelmChartContainer - [local-hivemq-1] [hivemq] [91640141] INFO  - HiveMQ home directory: /opt/hivemq
2025-01-29 14:00:30,746 INFO c.h.h.t.OperatorHelmChartContainer - [local-hivemq-1] [hivemq] [91640141] INFO  - Log Configuration was overridden by /opt/hivemq/conf/logback.xml
2025-01-29 14:00:31,456 INFO c.h.h.t.OperatorHelmChartContainer - [local-hivemq-0] [hivemq] [c35f5f09] DEBUG - HiveMQ DNS Cluster Discovery Extension: Discovered new address '10.42.0.9'.
2025-01-29 14:00:32,041 INFO c.h.h.t.OperatorHelmChartContainer - [local-hivemq-1] [hivemq] [91640141] DEBUG - Adding TCP Listener on bind address 0.0.0.0 and port 1883. Name: tcp-listener-1883. Proxy Protocol supported: false
2025-01-29 14:00:32,041 INFO c.h.h.t.OperatorHelmChartContainer - [local-hivemq-1] [hivemq] [91640141] DEBUG - Setting retained messages enabled to true
2025-01-29 14:00:32,041 INFO c.h.h.t.OperatorHelmChartContainer - [local-hivemq-1] [hivemq] [91640141] DEBUG - Setting wildcard subscriptions enabled to true
2025-01-29 14:00:32,041 INFO c.h.h.t.OperatorHelmChartContainer - [local-hivemq-1] [hivemq] [91640141] DEBUG - Setting subscription identifier enabled to true
2025-01-29 14:00:32,042 INFO c.h.h.t.OperatorHelmChartContainer - [local-hivemq-1] [hivemq] [91640141] DEBUG - Setting shared subscriptions enabled to true
2025-01-29 14:00:32,042 INFO c.h.h.t.OperatorHelmChartContainer - [local-hivemq-1] [hivemq] [91640141] DEBUG - Setting maximum qos to EXACTLY_ONCE 
2025-01-29 14:00:32,042 INFO c.h.h.t.OperatorHelmChartContainer - [local-hivemq-1] [hivemq] [91640141] DEBUG - Setting topic alias enabled to true
2025-01-29 14:00:32,042 INFO c.h.h.t.OperatorHelmChartContainer - [local-hivemq-1] [hivemq] [91640141] DEBUG - Setting topic alias maximum per client to 5
2025-01-29 14:00:32,042 INFO c.h.h.t.OperatorHelmChartContainer - [local-hivemq-1] [hivemq] [91640141] DEBUG - Setting the number of max queued messages  per client to 1000 entries
2025-01-29 14:00:32,042 INFO c.h.h.t.OperatorHelmChartContainer - [local-hivemq-1] [hivemq] [91640141] DEBUG - Setting queued messages strategy for each client to DISCARD
2025-01-29 14:00:32,042 INFO c.h.h.t.OperatorHelmChartContainer - [local-hivemq-1] [hivemq] [91640141] DEBUG - Setting the expiry interval for client sessions to 4294967295 seconds
2025-01-29 14:00:32,042 INFO c.h.h.t.OperatorHelmChartContainer - [local-hivemq-1] [hivemq] [91640141] DEBUG - Setting the expiry interval for publish messages to 4294967296 seconds
2025-01-29 14:00:32,042 INFO c.h.h.t.OperatorHelmChartContainer - [local-hivemq-1] [hivemq] [91640141] DEBUG - Setting the server receive maximum to 10
2025-01-29 14:00:32,044 INFO c.h.h.t.OperatorHelmChartContainer - [local-hivemq-1] [hivemq] [91640141] DEBUG - Setting keep alive maximum to 65535 seconds
2025-01-29 14:00:32,044 INFO c.h.h.t.OperatorHelmChartContainer - [local-hivemq-1] [hivemq] [91640141] DEBUG - Setting keep alive allow zero to true
2025-01-29 14:00:32,045 INFO c.h.h.t.OperatorHelmChartContainer - [local-hivemq-1] [hivemq] [91640141] DEBUG - Setting the maximum packet size for mqtt messages 268435460 bytes
2025-01-29 14:00:32,045 INFO c.h.h.t.OperatorHelmChartContainer - [local-hivemq-1] [hivemq] [91640141] DEBUG - Setting global maximum allowed connections to -1
2025-01-29 14:00:32,045 INFO c.h.h.t.OperatorHelmChartContainer - [local-hivemq-1] [hivemq] [91640141] DEBUG - Setting the maximum client id length to 65535
2025-01-29 14:00:32,045 INFO c.h.h.t.OperatorHelmChartContainer - [local-hivemq-1] [hivemq] [91640141] DEBUG - Setting the timeout for disconnecting idle tcp connections before a connect message was received to 10000 milliseconds
2025-01-29 14:00:32,045 INFO c.h.h.t.OperatorHelmChartContainer - [local-hivemq-1] [hivemq] [91640141] DEBUG - Throttling the global incoming traffic limit 0 bytes/second
2025-01-29 14:00:32,045 INFO c.h.h.t.OperatorHelmChartContainer - [local-hivemq-1] [hivemq] [91640141] DEBUG - Setting the maximum topic length to 65535
2025-01-29 14:00:32,045 INFO c.h.h.t.OperatorHelmChartContainer - [local-hivemq-1] [hivemq] [91640141] DEBUG - Setting allow server assigned client identifier to true
2025-01-29 14:00:32,045 INFO c.h.h.t.OperatorHelmChartContainer - [local-hivemq-1] [hivemq] [91640141] DEBUG - Setting validate UTF-8 to true
2025-01-29 14:00:32,045 INFO c.h.h.t.OperatorHelmChartContainer - [local-hivemq-1] [hivemq] [91640141] DEBUG - Setting payload format validation to false
2025-01-29 14:00:32,045 INFO c.h.h.t.OperatorHelmChartContainer - [local-hivemq-1] [hivemq] [91640141] DEBUG - Setting allow-problem-information to true
2025-01-29 14:00:32,045 INFO c.h.h.t.OperatorHelmChartContainer - [local-hivemq-1] [hivemq] [91640141] DEBUG - Setting control-center audit log enabled to true
2025-01-29 14:00:32,045 INFO c.h.h.t.OperatorHelmChartContainer - [local-hivemq-1] [hivemq] [91640141] DEBUG - Setting rest-api audit log enabled to true
2025-01-29 14:00:32,045 INFO c.h.h.t.OperatorHelmChartContainer - [local-hivemq-1] [hivemq] [91640141] DEBUG - Setting HiveMQ Control Center enabled to true 
2025-01-29 14:00:32,045 INFO c.h.h.t.OperatorHelmChartContainer - [local-hivemq-1] [hivemq] [91640141] DEBUG - Setting HiveMQ Control Center default login enabled to true 
2025-01-29 14:00:32,047 INFO c.h.h.t.OperatorHelmChartContainer - [local-hivemq-1] [hivemq] [91640141] DEBUG - Setting HiveMQ Control Center session idle time to 14400 seconds
2025-01-29 14:00:32,047 INFO c.h.h.t.OperatorHelmChartContainer - [local-hivemq-1] [hivemq] [91640141] DEBUG - Adding Http-Listener to HiveMQ Control Center Config
2025-01-29 14:00:32,047 INFO c.h.h.t.OperatorHelmChartContainer - [local-hivemq-1] [hivemq] [91640141] DEBUG - Set TLS to disabled for cluster TCP transport
2025-01-29 14:00:32,047 INFO c.h.h.t.OperatorHelmChartContainer - [local-hivemq-1] [hivemq] [91640141] DEBUG - Setting replica count to 2 
2025-01-29 14:00:32,050 INFO c.h.h.t.OperatorHelmChartContainer - [local-hivemq-1] [hivemq] [91640141] DEBUG - Setting cluster TCP health-check enabled
2025-01-29 14:00:32,050 INFO c.h.h.t.OperatorHelmChartContainer - [local-hivemq-1] [hivemq] [91640141] DEBUG - Setting cluster TCP health-check bind-address to 10.42.0.9
2025-01-29 14:00:32,050 INFO c.h.h.t.OperatorHelmChartContainer - [local-hivemq-1] [hivemq] [91640141] DEBUG - Setting cluster TCP health-check bind-address to 9000
2025-01-29 14:00:32,050 INFO c.h.h.t.OperatorHelmChartContainer - [local-hivemq-1] [hivemq] [91640141] DEBUG - Setting cluster TCP health-check bind-port to 9000
2025-01-29 14:00:32,050 INFO c.h.h.t.OperatorHelmChartContainer - [local-hivemq-1] [hivemq] [91640141] DEBUG - Setting cluster TCP health-check external-address to default
2025-01-29 14:00:32,050 INFO c.h.h.t.OperatorHelmChartContainer - [local-hivemq-1] [hivemq] [91640141] DEBUG - Setting cluster TCP health-check external-port to 0
2025-01-29 14:00:32,050 INFO c.h.h.t.OperatorHelmChartContainer - [local-hivemq-1] [hivemq] [91640141] DEBUG - Setting cluster heartbeat enabled
2025-01-29 14:00:32,050 INFO c.h.h.t.OperatorHelmChartContainer - [local-hivemq-1] [hivemq] [91640141] DEBUG - Setting cluster heartbeat interval to 4000 ms
2025-01-29 14:00:32,050 INFO c.h.h.t.OperatorHelmChartContainer - [local-hivemq-1] [hivemq] [91640141] DEBUG - Setting the cluster heartbeat timeout to 30000 ms
2025-01-29 14:00:32,050 INFO c.h.h.t.OperatorHelmChartContainer - [local-hivemq-1] [hivemq] [91640141] DEBUG - Setting HiveMQ REST API enabled to false 
2025-01-29 14:00:32,050 INFO c.h.h.t.OperatorHelmChartContainer - [local-hivemq-1] [hivemq] [91640141] DEBUG - Setting HiveMQ REST API authentication enabled to false 
2025-01-29 14:00:32,050 INFO c.h.h.t.OperatorHelmChartContainer - [local-hivemq-1] [hivemq] [91640141] DEBUG - Setting HiveMQ Health API enabled to false 
2025-01-29 14:00:32,134 INFO c.h.h.t.OperatorHelmChartContainer - [local-hivemq-1] [hivemq] [91640141] DEBUG - Setting client event history enabled to false
2025-01-29 14:00:32,135 INFO c.h.h.t.OperatorHelmChartContainer - [local-hivemq-1] [hivemq] [91640141] DEBUG - Setting client event history lifetime to 604800000 ms
2025-01-29 14:00:32,135 INFO c.h.h.t.OperatorHelmChartContainer - [local-hivemq-1] [hivemq] [91640141] DEBUG - Setting overload protection enabled to true 
2025-01-29 14:00:32,135 INFO c.h.h.t.OperatorHelmChartContainer - [local-hivemq-1] [hivemq] [91640141] DEBUG - Setting anonymous usage statistics enabled to false 
2025-01-29 14:00:32,135 INFO c.h.h.t.OperatorHelmChartContainer - [local-hivemq-1] [hivemq] [91640141] DEBUG - Setting expired messages topic enabled to false
2025-01-29 14:00:32,135 INFO c.h.h.t.OperatorHelmChartContainer - [local-hivemq-1] [hivemq] [91640141] DEBUG - Setting dropped messages topic enabled to false
2025-01-29 14:00:32,135 INFO c.h.h.t.OperatorHelmChartContainer - [local-hivemq-1] [hivemq] [91640141] DEBUG - Setting dead messages topic enabled to false
2025-01-29 14:00:32,135 INFO c.h.h.t.OperatorHelmChartContainer - [local-hivemq-1] [hivemq] [91640141] INFO  - Successfully loaded configuration from '/opt/hivemq/conf/config.xml'.
2025-01-29 14:00:32,442 INFO c.h.h.t.OperatorHelmChartContainer - [local-hivemq-1] [hivemq] [91640141] DEBUG - Performing sanity checks.
2025-01-29 14:00:32,451 INFO c.h.h.t.OperatorHelmChartContainer - [local-hivemq-1] [hivemq] [91640141] DEBUG - Soft limit for open files (1048576) satisfies the recommended limit (1000000).
2025-01-29 14:00:32,451 INFO c.h.h.t.OperatorHelmChartContainer - [local-hivemq-1] [hivemq] [91640141] DEBUG - Hard limit for open files (1048576) satisfies the recommended limit (1000000).
2025-01-29 14:00:32,451 INFO c.h.h.t.OperatorHelmChartContainer - [local-hivemq-1] [hivemq] [91640141] DEBUG - HiveMQ license directory (/opt/hivemq/license) satisfies all required file-system permissions.
2025-01-29 14:00:32,451 INFO c.h.h.t.OperatorHelmChartContainer - [local-hivemq-1] [hivemq] [91640141] DEBUG - HiveMQ data directory (/opt/hivemq/data) satisfies all required file-system permissions.
2025-01-29 14:00:32,451 INFO c.h.h.t.OperatorHelmChartContainer - [local-hivemq-1] [hivemq] [91640141] DEBUG - HiveMQ log directory (/opt/hivemq/log) satisfies all required file-system permissions.
2025-01-29 14:00:32,451 INFO c.h.h.t.OperatorHelmChartContainer - [local-hivemq-1] [hivemq] [91640141] DEBUG - HiveMQ backup directory (/opt/hivemq/backup) satisfies all required file-system permissions.
2025-01-29 14:00:32,452 INFO c.h.h.t.OperatorHelmChartContainer - [local-hivemq-1] [hivemq] [91640141] DEBUG - HiveMQ audit directory (/opt/hivemq/audit) satisfies all required file-system permissions.
2025-01-29 14:00:32,452 INFO c.h.h.t.OperatorHelmChartContainer - [local-hivemq-1] [hivemq] [91640141] DEBUG - HiveMQ extensions directory (/opt/hivemq/extensions) satisfies all required file-system permissions.
2025-01-29 14:00:32,515 INFO c.h.h.t.OperatorHelmChartContainer - [local-hivemq-1] [hivemq] [91640141] DEBUG - Extension directory hivemq-allow-all-extension (/opt/hivemq/extensions/hivemq-allow-all-extension) satisfies all required file-system permissions.
2025-01-29 14:00:32,515 INFO c.h.h.t.OperatorHelmChartContainer - [local-hivemq-1] [hivemq] [91640141] DEBUG - Extension directory hivemq-google-cloud-pubsub-extension (/opt/hivemq/extensions/hivemq-google-cloud-pubsub-extension) satisfies all required file-system permissions.
2025-01-29 14:00:32,516 INFO c.h.h.t.OperatorHelmChartContainer - [local-hivemq-1] [hivemq] [91640141] DEBUG - Extension directory hivemq-enterprise-security-extension (/opt/hivemq/extensions/hivemq-enterprise-security-extension) satisfies all required file-system permissions.
2025-01-29 14:00:32,516 INFO c.h.h.t.OperatorHelmChartContainer - [local-hivemq-1] [hivemq] [91640141] DEBUG - Extension directory hivemq-bridge-extension (/opt/hivemq/extensions/hivemq-bridge-extension) satisfies all required file-system permissions.
2025-01-29 14:00:32,516 INFO c.h.h.t.OperatorHelmChartContainer - [local-hivemq-1] [hivemq] [91640141] DEBUG - Extension directory hivemq-kafka-extension (/opt/hivemq/extensions/hivemq-kafka-extension) satisfies all required file-system permissions.
2025-01-29 14:00:32,516 INFO c.h.h.t.OperatorHelmChartContainer - [local-hivemq-1] [hivemq] [91640141] DEBUG - Extension directory hivemq-distributed-tracing-extension (/opt/hivemq/extensions/hivemq-distributed-tracing-extension) satisfies all required file-system permissions.
2025-01-29 14:00:32,517 INFO c.h.h.t.OperatorHelmChartContainer - [local-hivemq-1] [hivemq] [91640141] DEBUG - Extension directory hivemq-prometheus-extension (/opt/hivemq/extensions/hivemq-prometheus-extension) satisfies all required file-system permissions.
2025-01-29 14:00:32,517 INFO c.h.h.t.OperatorHelmChartContainer - [local-hivemq-1] [hivemq] [91640141] DEBUG - Extension directory hivemq-amazon-kinesis-extension (/opt/hivemq/extensions/hivemq-amazon-kinesis-extension) satisfies all required file-system permissions.
2025-01-29 14:00:32,517 INFO c.h.h.t.OperatorHelmChartContainer - [local-hivemq-1] [hivemq] [91640141] DEBUG - Extension directory hivemq-k8s-sync-extension (/opt/hivemq/extensions/hivemq-k8s-sync-extension) satisfies all required file-system permissions.
2025-01-29 14:00:32,517 INFO c.h.h.t.OperatorHelmChartContainer - [local-hivemq-1] [hivemq] [91640141] DEBUG - Extension directory hivemq-dns-cluster-discovery (/opt/hivemq/extensions/hivemq-dns-cluster-discovery) satisfies all required file-system permissions.
2025-01-29 14:00:32,517 INFO c.h.h.t.OperatorHelmChartContainer - [local-hivemq-1] [hivemq] [91640141] DEBUG - Extension directory hivemq-snowflake-extension (/opt/hivemq/extensions/hivemq-snowflake-extension) satisfies all required file-system permissions.
2025-01-29 14:00:32,518 INFO c.h.h.t.OperatorHelmChartContainer - [local-hivemq-1] [hivemq] [91640141] DEBUG - Extension directory hivemq-postgresql-extension (/opt/hivemq/extensions/hivemq-postgresql-extension) satisfies all required file-system permissions.
2025-01-29 14:00:32,518 INFO c.h.h.t.OperatorHelmChartContainer - [local-hivemq-1] [hivemq] [91640141] DEBUG - Extension directory hivemq-mysql-extension (/opt/hivemq/extensions/hivemq-mysql-extension) satisfies all required file-system permissions.
2025-01-29 14:00:32,518 INFO c.h.h.t.OperatorHelmChartContainer - [local-hivemq-1] [hivemq] [91640141] DEBUG - Extension directory hivemq-mongodb-extension (/opt/hivemq/extensions/hivemq-mongodb-extension) satisfies all required file-system permissions.
2025-01-29 14:00:32,518 INFO c.h.h.t.OperatorHelmChartContainer - [local-hivemq-1] [hivemq] [91640141] DEBUG - Extension directory hivemq-data-lake-extension (/opt/hivemq/extensions/hivemq-data-lake-extension) satisfies all required file-system permissions.
2025-01-29 14:00:32,518 INFO c.h.h.t.OperatorHelmChartContainer - [local-hivemq-1] [hivemq] [91640141] DEBUG - Extension directory hivemq-microsoft-sql-server-extension (/opt/hivemq/extensions/hivemq-microsoft-sql-server-extension) satisfies all required file-system permissions.
2025-01-29 14:00:32,518 INFO c.h.h.t.OperatorHelmChartContainer - [local-hivemq-1] [hivemq] [91640141] DEBUG - Temporary directory (/tmp) satisfies all required file-system permissions.
2025-01-29 14:00:32,518 INFO c.h.h.t.OperatorHelmChartContainer - [local-hivemq-1] [hivemq] [91640141] DEBUG - Heap dump directory (/opt/hivemq/dumps) satisfies all required file-system permissions.
2025-01-29 14:00:32,518 INFO c.h.h.t.OperatorHelmChartContainer - [local-hivemq-1] [hivemq] [91640141] DEBUG - Performed all sanity checks in 76ms. All sanity checks passed successfully.
2025-01-29 14:00:32,535 INFO c.h.h.t.OperatorHelmChartContainer - [local-hivemq-1] [hivemq] [91640141] INFO  - This node's ID is rI11n
2025-01-29 14:00:32,535 INFO c.h.h.t.OperatorHelmChartContainer - [local-hivemq-1] [hivemq] [91640141] INFO  - Clustering is enabled
2025-01-29 14:00:34,053 INFO c.h.h.t.OperatorHelmChartContainer - [local-hivemq-1] [hivemq] [91640141] DEBUG - Configured WriteBufferManager with size for memtables 311023370 and for the block cache 466535055
2025-01-29 14:00:34,055 INFO c.h.h.t.OperatorHelmChartContainer - [local-hivemq-1] [hivemq] [91640141] DEBUG - Starting RocksDBMemoryUsageWatchdog.
2025-01-29 14:00:34,055 INFO c.h.h.t.OperatorHelmChartContainer - [local-hivemq-1] [hivemq] [91640141] DEBUG - RocksDBMemoryUsageWatchdog is running.
2025-01-29 14:00:34,149 INFO c.h.h.t.OperatorHelmChartContainer - [local-hivemq-1] [hivemq] [91640141] DEBUG - Folder /opt/hivemq/data/persistence does not exist, trying to create it
2025-01-29 14:00:34,149 INFO c.h.h.t.OperatorHelmChartContainer - [local-hivemq-1] [hivemq] [91640141] DEBUG - Created folder /opt/hivemq/data
2025-01-29 14:00:34,149 INFO c.h.h.t.OperatorHelmChartContainer - [local-hivemq-1] [hivemq] [91640141] DEBUG - Folder /opt/hivemq/data/persistence/publish_payload_store/040500_R does not exist, trying to create it
2025-01-29 14:00:34,239 INFO c.h.h.t.OperatorHelmChartContainer - [local-hivemq-1] [hivemq] [91640141] DEBUG - Folder /opt/hivemq/data/persistence/client_queue/042800_R does not exist, trying to create it
2025-01-29 14:00:34,240 INFO c.h.h.t.OperatorHelmChartContainer - [local-hivemq-1] [hivemq] [91640141] DEBUG - Folder /opt/hivemq/data/persistence/client_session_store/040100_R does not exist, trying to create it
2025-01-29 14:00:34,240 INFO c.h.h.t.OperatorHelmChartContainer - [local-hivemq-1] [hivemq] [91640141] DEBUG - Folder /opt/hivemq/data/persistence/client_session_subscriptions/043200_R does not exist, trying to create it
2025-01-29 14:00:34,243 INFO c.h.h.t.OperatorHelmChartContainer - [local-hivemq-1] [hivemq] [91640141] DEBUG - Folder /opt/hivemq/data/persistence/retained_messages/040800_R does not exist, trying to create it
2025-01-29 14:00:34,247 INFO c.h.h.t.OperatorHelmChartContainer - [local-hivemq-1] [hivemq] [91640141] DEBUG - Folder /opt/hivemq/data/persistence/attribute/043100_R does not exist, trying to create it
2025-01-29 14:00:34,248 INFO c.h.h.t.OperatorHelmChartContainer - [local-hivemq-1] [hivemq] [91640141] DEBUG - Folder /opt/hivemq/data/persistence/incoming_message_flow/043000_R does not exist, trying to create it
2025-01-29 14:00:34,738 INFO c.h.h.t.OperatorHelmChartContainer - [local-hivemq-1] [hivemq] [91640141] DEBUG - Folder /opt/hivemq/data/persistence/data_hub_modules/043000_R does not exist, trying to create it
2025-01-29 14:00:34,740 INFO c.h.h.t.OperatorHelmChartContainer - [local-hivemq-1] [hivemq] [91640141] DEBUG - Folder /opt/hivemq/data/persistence/data_hub_schemas/042000_R does not exist, trying to create it
2025-01-29 14:00:34,743 INFO c.h.h.t.OperatorHelmChartContainer - [local-hivemq-1] [hivemq] [91640141] DEBUG - Folder /opt/hivemq/data/persistence/data_hub_scripts/042300_R does not exist, trying to create it
2025-01-29 14:00:34,743 INFO c.h.h.t.OperatorHelmChartContainer - [local-hivemq-1] [hivemq] [91640141] DEBUG - Folder /opt/hivemq/data/persistence/data_hub_policies/042000_R does not exist, trying to create it
2025-01-29 14:00:34,842 INFO c.h.h.t.OperatorHelmChartContainer - [EVENT] Warning [Unhealthy] Readiness probe failed: Log statement not present (yet)
 [default:local-hivemq-1]
2025-01-29 14:00:34,842 INFO c.h.h.t.OperatorHelmChartContainer - Received Unhealthy event for container hivemq in pod local-hivemq-1 [91640141-0cd4-4987-8f0a-490ab7f25f85]
2025-01-29 14:00:39,738 INFO c.h.h.t.OperatorHelmChartContainer - [local-hivemq-1] [hivemq] [91640141] DEBUG - Diagnostic mode is disabled
2025-01-29 14:00:39,846 INFO c.h.h.t.OperatorHelmChartContainer - [EVENT] Warning [Unhealthy] Readiness probe failed: Log statement not present (yet)
 [default:local-hivemq-1]
2025-01-29 14:00:39,847 INFO c.h.h.t.OperatorHelmChartContainer - Received Unhealthy event for container hivemq in pod local-hivemq-1 [91640141-0cd4-4987-8f0a-490ab7f25f85]
2025-01-29 14:00:43,448 INFO c.h.h.t.OperatorHelmChartContainer - [K3S] [scope.go:117] "RemoveContainer" containerID="b4288a088b9819224a5d57c538f9f1d8e2172c99c430522133d1277c67bb80dd"
2025-01-29 14:00:44,840 INFO c.h.h.t.OperatorHelmChartContainer - [EVENT] Warning [Unhealthy] Readiness probe failed: Log statement not present (yet)
 [default:local-hivemq-1]
2025-01-29 14:00:44,840 INFO c.h.h.t.OperatorHelmChartContainer - Received Unhealthy event for container hivemq in pod local-hivemq-1 [91640141-0cd4-4987-8f0a-490ab7f25f85]
2025-01-29 14:00:45,270 INFO c.h.h.t.OperatorHelmChartContainer - [EVENT] Warning [Unhealthy] Liveness probe failed: dial tcp 10.42.0.9:1883: connect: connection refused [default:local-hivemq-1]
2025-01-29 14:00:45,270 INFO c.h.h.t.OperatorHelmChartContainer - Received Unhealthy event for container hivemq in pod local-hivemq-1 [91640141-0cd4-4987-8f0a-490ab7f25f85]
2025-01-29 14:00:45,359 INFO c.h.h.t.OperatorHelmChartContainer - [local-hivemq-1] [hivemq] [91640141] INFO  - No valid license file found. Using trial license, restricted to 25 connections.
2025-01-29 14:00:45,744 INFO c.h.h.t.OperatorHelmChartContainer - [local-hivemq-1] [hivemq] [91640141] DEBUG - Native Epoll is available on this platform
2025-01-29 14:00:45,843 INFO c.h.h.t.OperatorHelmChartContainer - [local-hivemq-1] [hivemq] [91640141] DEBUG - Set extension executor thread pool size to 1
2025-01-29 14:00:45,843 INFO c.h.h.t.OperatorHelmChartContainer - [local-hivemq-1] [hivemq] [91640141] DEBUG - Set extension executor thread pool keep-alive to 30 seconds
2025-01-29 14:00:45,843 INFO c.h.h.t.OperatorHelmChartContainer - [local-hivemq-1] [hivemq] [91640141] DEBUG - initializing RSA key
2025-01-29 14:00:46,934 INFO c.h.h.t.OperatorHelmChartContainer - [local-hivemq-1] [hivemq] [91640141] DEBUG - finished initializing RSA key in 1090ms
2025-01-29 14:00:47,845 INFO c.h.h.t.OperatorHelmChartContainer - [local-hivemq-1] [hivemq] [91640141] DEBUG - Unable to provide size and free metrics for disk /dev/sdb: Could not find the corresponding FileStore (OSHI/Java).
2025-01-29 14:00:47,846 INFO c.h.h.t.OperatorHelmChartContainer - [local-hivemq-1] [hivemq] [91640141] DEBUG - Unable to provide size and free metrics for disk /dev/sda: Could not find the corresponding FileStore (OSHI/Java).
2025-01-29 14:00:47,848 INFO c.h.h.t.OperatorHelmChartContainer - [local-hivemq-1] [hivemq] [91640141] DEBUG - Throttling incoming traffic to 0 B/s
2025-01-29 14:00:47,848 INFO c.h.h.t.OperatorHelmChartContainer - [local-hivemq-1] [hivemq] [91640141] DEBUG - Throttling outgoing traffic to 0 B/s
2025-01-29 14:00:48,041 INFO c.h.h.t.OperatorHelmChartContainer - [local-hivemq-1] [hivemq] [91640141] INFO  - No valid license file for Data Hub found. Using free license, restricted to 1 policy.
2025-01-29 14:00:48,047 INFO c.h.h.t.OperatorHelmChartContainer - [local-hivemq-1] [hivemq] [91640141] DEBUG - Building initial topic tree
2025-01-29 14:00:48,245 INFO c.h.h.t.OperatorHelmChartContainer - [local-hivemq-1] [hivemq] [91640141] DEBUG - Started JMX Metrics Reporting.
2025-01-29 14:00:48,343 INFO c.h.h.t.OperatorHelmChartContainer - [local-hivemq-1] [hivemq] [91640141] DEBUG - Registered JVM metrics with prefix com.hivemq.jvm.
2025-01-29 14:00:48,348 INFO c.h.h.t.OperatorHelmChartContainer - [local-hivemq-1] [hivemq] [91640141] DEBUG - Registered HiveMQ Health API metrics.
2025-01-29 14:00:49,136 INFO c.h.h.t.OperatorHelmChartContainer - [local-hivemq-1] [hivemq] [91640141] INFO  - Audit Logger started.
2025-01-29 14:00:49,362 INFO c.h.h.t.OperatorHelmChartContainer - [local-hivemq-1] [hivemq] [91640141] INFO  - This node uses '1' CPU cores.
2025-01-29 14:00:49,842 INFO c.h.h.t.OperatorHelmChartContainer - [EVENT] Warning [Unhealthy] Readiness probe failed: Log statement not present (yet)
 [default:local-hivemq-1]
2025-01-29 14:00:49,843 INFO c.h.h.t.OperatorHelmChartContainer - Received Unhealthy event for container hivemq in pod local-hivemq-1 [91640141-0cd4-4987-8f0a-490ab7f25f85]
2025-01-29 14:00:50,040 INFO c.h.h.t.OperatorHelmChartContainer - [local-hivemq-1] [hivemq] [91640141] INFO  - Starting HiveMQ extension system.
2025-01-29 14:00:50,247 INFO c.h.h.t.OperatorHelmChartContainer - [local-hivemq-1] [hivemq] [91640141] INFO  - Starting extension with id "hivemq-dns-cluster-discovery" at /opt/hivemq/extensions/hivemq-dns-cluster-discovery
2025-01-29 14:00:50,433 INFO c.h.h.t.OperatorHelmChartContainer - [local-hivemq-1] [hivemq] [91640141] DEBUG - HiveMQ DNS Cluster Discovery Extension: No DNS server address was set in the configuration file or environment variable.
2025-01-29 14:00:50,440 INFO c.h.h.t.OperatorHelmChartContainer - [local-hivemq-1] [hivemq] [91640141] DEBUG - HiveMQ DNS Cluster Discovery Extension: No reload interval was set in the configuration file or environment variable. Defaulting to 30.
2025-01-29 14:00:50,839 INFO c.h.h.t.OperatorHelmChartContainer - [local-hivemq-1] [hivemq] [91640141] INFO  - Extension "DNS Cluster Discovery Extension" version 4.3.3 started successfully.
2025-01-29 14:00:50,839 INFO c.h.h.t.OperatorHelmChartContainer - [local-hivemq-1] [hivemq] [91640141] INFO  - Starting extension with id "hivemq-k8s-sync-extension" at /opt/hivemq/extensions/hivemq-k8s-sync-extension
2025-01-29 14:00:50,843 INFO c.h.h.t.OperatorHelmChartContainer - [local-hivemq-1] [hivemq] [91640141] INFO  - Using TCP cluster transport on address 10.42.0.9 and port 7000
2025-01-29 14:00:50,936 INFO c.h.h.t.OperatorHelmChartContainer - [local-hivemq-1] [hivemq] [91640141] INFO  - Using extension cluster discovery
2025-01-29 14:00:51,636 INFO c.h.h.t.OperatorHelmChartContainer - [local-hivemq-1] [hivemq] [91640141] DEBUG - Could not get configMap modification timestamp for source /hivemq-data/conf/..data, likely no ConfigMap mounted
2025-01-29 14:00:51,636 INFO c.h.h.t.OperatorHelmChartContainer - [local-hivemq-1] [hivemq] [91640141] DEBUG - Could not get configMap modification timestamp for source /hivemq-data/extensions/..data, likely no ConfigMap mounted
2025-01-29 14:00:51,636 INFO c.h.h.t.OperatorHelmChartContainer - [local-hivemq-1] [hivemq] [91640141] DEBUG - Could not get configMap modification timestamp for source /hivemq-data/bin/..data, likely no ConfigMap mounted
2025-01-29 14:00:51,636 INFO c.h.h.t.OperatorHelmChartContainer - [local-hivemq-1] [hivemq] [91640141] INFO  - Started HiveMQ Kubernetes State Synchronization Extension:1.0.3
2025-01-29 14:00:51,638 INFO c.h.h.t.OperatorHelmChartContainer - [local-hivemq-1] [hivemq] [91640141] INFO  - Extension "HiveMQ Kubernetes State Synchronization Extension" version 1.0.3 started successfully.
2025-01-29 14:00:51,638 INFO c.h.h.t.OperatorHelmChartContainer - [local-hivemq-1] [hivemq] [91640141] INFO  - Starting extension with id "hivemq-allow-all-extension" at /opt/hivemq/extensions/hivemq-allow-all-extension
2025-01-29 14:00:51,638 INFO c.h.h.t.OperatorHelmChartContainer - [local-hivemq-1] [hivemq] [91640141] WARN  - 
2025-01-29 14:00:51,638 INFO c.h.h.t.OperatorHelmChartContainer - [local-hivemq-1] [hivemq] [91640141] ################################################################################################################
2025-01-29 14:00:51,638 INFO c.h.h.t.OperatorHelmChartContainer - [local-hivemq-1] [hivemq] [91640141] # This HiveMQ deployment is not secure! You are lacking Authentication and Authorization.                      #
2025-01-29 14:00:51,638 INFO c.h.h.t.OperatorHelmChartContainer - [local-hivemq-1] [hivemq] [91640141] # Right now any MQTT client can connect to the broker with a full set of permissions.                          #
2025-01-29 14:00:51,638 INFO c.h.h.t.OperatorHelmChartContainer - [local-hivemq-1] [hivemq] [91640141] # For production usage, add an appropriate security extension and remove the hivemq-allow-all extension.       #
2025-01-29 14:00:51,638 INFO c.h.h.t.OperatorHelmChartContainer - [local-hivemq-1] [hivemq] [91640141] # You can download security extensions from the HiveMQ Marketplace (https://www.hivemq.com/extensions/).       #
2025-01-29 14:00:51,638 INFO c.h.h.t.OperatorHelmChartContainer - [local-hivemq-1] [hivemq] [91640141] ################################################################################################################
2025-01-29 14:00:51,639 INFO c.h.h.t.OperatorHelmChartContainer - [local-hivemq-1] [hivemq] [91640141] DEBUG - Simple authenticator added by extension 'hivemq-allow-all-extension'.
2025-01-29 14:00:51,639 INFO c.h.h.t.OperatorHelmChartContainer - [local-hivemq-1] [hivemq] [91640141] INFO  - Extension "Allow All Extension" version 1.1.1 started successfully.
2025-01-29 14:00:51,840 INFO c.h.h.t.OperatorHelmChartContainer - [local-hivemq-1] [hivemq] [91640141] DEBUG - HiveMQ DNS Cluster Discovery Extension: Discovered new address '10.42.0.7'.
2025-01-29 14:00:51,840 INFO c.h.h.t.OperatorHelmChartContainer - [local-hivemq-1] [hivemq] [91640141] DEBUG - HiveMQ DNS Cluster Discovery Extension: Discovered new address '10.42.0.9'.
2025-01-29 14:00:51,856 INFO c.h.h.t.OperatorHelmChartContainer - [local-hivemq-0] [hivemq] [c35f5f09] INFO  - Cluster nodes found by discovery: [hk6jD|1] (2) [hk6jD, rI11n].
2025-01-29 14:00:51,856 INFO c.h.h.t.OperatorHelmChartContainer - [local-hivemq-0] [hivemq] [c35f5f09] DEBUG - New node discovered: 'rI11n'
2025-01-29 14:00:51,856 INFO c.h.h.t.OperatorHelmChartContainer - [local-hivemq-0] [hivemq] [c35f5f09] DEBUG - State of node rI11n changed to UNKNOWN was null. Current cluster node states: {hk6jD=RUNNING, rI11n=UNKNOWN}
2025-01-29 14:00:51,942 INFO c.h.h.t.OperatorHelmChartContainer - [local-hivemq-1] [hivemq] [91640141] INFO  - Cluster nodes found by discovery: [hk6jD|1] (2) [hk6jD, rI11n].
2025-01-29 14:00:51,944 INFO c.h.h.t.OperatorHelmChartContainer - [local-hivemq-1] [hivemq] [91640141] DEBUG - New node discovered: 'hk6jD'
2025-01-29 14:00:51,945 INFO c.h.h.t.OperatorHelmChartContainer - [local-hivemq-1] [hivemq] [91640141] DEBUG - State of node hk6jD changed to UNKNOWN was null. Current cluster node states: {hk6jD=UNKNOWN}
2025-01-29 14:00:51,945 INFO c.h.h.t.OperatorHelmChartContainer - [local-hivemq-1] [hivemq] [91640141] DEBUG - State of node rI11n changed to UNKNOWN was null. Current cluster node states: {hk6jD=UNKNOWN, rI11n=UNKNOWN}
2025-01-29 14:00:52,138 INFO c.h.h.t.OperatorHelmChartContainer - [local-hivemq-1] [hivemq] [91640141] DEBUG - State of node hk6jD changed to RUNNING was UNKNOWN. Current cluster node states: {hk6jD=RUNNING, rI11n=UNKNOWN}
2025-01-29 14:00:52,138 INFO c.h.h.t.OperatorHelmChartContainer - [local-hivemq-1] [hivemq] [91640141] INFO  - Cluster size = 1, members : [hk6jD].
2025-01-29 14:00:52,434 INFO c.h.h.t.OperatorHelmChartContainer - [local-hivemq-1] [hivemq] [91640141] DEBUG - Sending NOT_JOINED state request to hk6jD.
2025-01-29 14:00:52,552 INFO c.h.h.t.OperatorHelmChartContainer - [local-hivemq-1] [hivemq] [91640141] DEBUG - Using global cluster id 'SvDdj' (1738159178758). Previous was 'lRMCP' (1738159230347).
2025-01-29 14:00:52,554 INFO c.h.h.t.OperatorHelmChartContainer - [local-hivemq-0] [hivemq] [c35f5f09] DEBUG - State of node rI11n changed to NOT_JOINED was UNKNOWN. Current cluster node states: {hk6jD=RUNNING, rI11n=NOT_JOINED}
2025-01-29 14:00:52,555 INFO c.h.h.t.OperatorHelmChartContainer - [local-hivemq-0] [hivemq] [c35f5f09] DEBUG - Sending NOT_JOINED state notification for rI11n to all nodes.
2025-01-29 14:00:52,632 INFO c.h.h.t.OperatorHelmChartContainer - [local-hivemq-1] [hivemq] [91640141] DEBUG - State of node rI11n changed to NOT_JOINED was UNKNOWN. Current cluster node states: {hk6jD=RUNNING, rI11n=NOT_JOINED}
2025-01-29 14:00:52,646 INFO c.h.h.t.OperatorHelmChartContainer - [local-hivemq-1] [hivemq] [91640141] DEBUG - Sending JOINING state request to hk6jD.
2025-01-29 14:00:52,653 INFO c.h.h.t.OperatorHelmChartContainer - [local-hivemq-0] [hivemq] [c35f5f09] DEBUG - Allowing JOIN request for node rI11n.
2025-01-29 14:00:52,653 INFO c.h.h.t.OperatorHelmChartContainer - [local-hivemq-0] [hivemq] [c35f5f09] DEBUG - State of node rI11n changed to JOINING was NOT_JOINED. Current cluster node states: {hk6jD=RUNNING, rI11n=JOINING}
2025-01-29 14:00:52,750 INFO c.h.h.t.OperatorHelmChartContainer - [local-hivemq-0] [hivemq] [c35f5f09] DEBUG - Sending JOINING state notification for rI11n to all nodes.
2025-01-29 14:00:52,846 INFO c.h.h.t.OperatorHelmChartContainer - [local-hivemq-1] [hivemq] [91640141] DEBUG - State of node rI11n changed to JOINING was NOT_JOINED. Current cluster node states: {hk6jD=RUNNING, rI11n=JOINING}
2025-01-29 14:00:52,851 INFO c.h.h.t.OperatorHelmChartContainer - [local-hivemq-1] [hivemq] [91640141] INFO  - Starting cluster join process. This may take a while. Please do not shut down HiveMQ.
2025-01-29 14:00:52,852 INFO c.h.h.t.OperatorHelmChartContainer - [local-hivemq-1] [hivemq] [91640141] DEBUG - Join started. Disabling WAL: true
2025-01-29 14:00:52,854 INFO c.h.h.t.OperatorHelmChartContainer - [local-hivemq-1] [hivemq] [91640141] DEBUG - Replicating data from nodes [hk6jD].
2025-01-29 14:00:52,855 INFO c.h.h.t.OperatorHelmChartContainer - [local-hivemq-1] [hivemq] [91640141] INFO  - Cluster join process is still ongoing. Please do not shut down HiveMQ.
2025-01-29 14:00:52,857 INFO c.h.h.t.OperatorHelmChartContainer - [local-hivemq-0] [hivemq] [c35f5f09] DEBUG - Received replication finished request from rI11n. Response is false.
2025-01-29 14:00:52,955 INFO c.h.h.t.OperatorHelmChartContainer - [local-hivemq-0] [hivemq] [c35f5f09] DEBUG - Replication of data to nodes [rI11n] finished.
2025-01-29 14:00:53,855 INFO c.h.h.t.OperatorHelmChartContainer - [local-hivemq-0] [hivemq] [c35f5f09] DEBUG - Received replication finished request from rI11n. Response is true.
2025-01-29 14:00:53,856 INFO c.h.h.t.OperatorHelmChartContainer - [local-hivemq-1] [hivemq] [91640141] DEBUG - Replication of data from node hk6jD finished.
2025-01-29 14:00:54,677 INFO c.h.h.t.OperatorHelmChartContainer - [EVENT] Warning [Unhealthy] Readiness probe failed: Cluster size not matched. Current: 1, expected: 2
 [default:local-hivemq-1]
2025-01-29 14:00:54,678 INFO c.h.h.t.OperatorHelmChartContainer - Received Unhealthy event for container hivemq in pod local-hivemq-1 [91640141-0cd4-4987-8f0a-490ab7f25f85]
2025-01-29 14:00:54,855 INFO c.h.h.t.OperatorHelmChartContainer - [local-hivemq-1] [hivemq] [91640141] DEBUG - Join finished. Flushing RocksDBs.
2025-01-29 14:00:54,855 INFO c.h.h.t.OperatorHelmChartContainer - [local-hivemq-1] [hivemq] [91640141] DEBUG - Flushing: /opt/hivemq/data/persistence/publish_payload_store/040500_R/publish_payload_store_1
2025-01-29 14:00:54,856 INFO c.h.h.t.OperatorHelmChartContainer - [local-hivemq-1] [hivemq] [91640141] DEBUG - Flushing: /opt/hivemq/data/persistence/publish_payload_store/040500_R/publish_payload_store_2
2025-01-29 14:00:54,856 INFO c.h.h.t.OperatorHelmChartContainer - [local-hivemq-1] [hivemq] [91640141] DEBUG - Flushing: /opt/hivemq/data/persistence/publish_payload_store/040500_R/publish_payload_store_0
2025-01-29 14:00:54,856 INFO c.h.h.t.OperatorHelmChartContainer - [local-hivemq-1] [hivemq] [91640141] DEBUG - Flushing: /opt/hivemq/data/persistence/publish_payload_store/040500_R/publish_payload_store_3
2025-01-29 14:00:54,856 INFO c.h.h.t.OperatorHelmChartContainer - [local-hivemq-1] [hivemq] [91640141] DEBUG - Flushing: /opt/hivemq/data/persistence/publish_payload_store/040500_R/publish_payload_store_4
2025-01-29 14:00:54,856 INFO c.h.h.t.OperatorHelmChartContainer - [local-hivemq-1] [hivemq] [91640141] DEBUG - Flushing: /opt/hivemq/data/persistence/publish_payload_store/040500_R/publish_payload_store_5
2025-01-29 14:00:54,857 INFO c.h.h.t.OperatorHelmChartContainer - [local-hivemq-1] [hivemq] [91640141] DEBUG - Flushing: /opt/hivemq/data/persistence/publish_payload_store/040500_R/publish_payload_store_7
2025-01-29 14:00:54,857 INFO c.h.h.t.OperatorHelmChartContainer - [local-hivemq-1] [hivemq] [91640141] DEBUG - Flushing: /opt/hivemq/data/persistence/publish_payload_store/040500_R/publish_payload_store_6
2025-01-29 14:00:54,857 INFO c.h.h.t.OperatorHelmChartContainer - [local-hivemq-1] [hivemq] [91640141] DEBUG - Flushing: /opt/hivemq/data/persistence/publish_payload_store/040500_R/publish_payload_store_8
2025-01-29 14:00:54,857 INFO c.h.h.t.OperatorHelmChartContainer - [local-hivemq-1] [hivemq] [91640141] DEBUG - Flushing: /opt/hivemq/data/persistence/publish_payload_store/040500_R/publish_payload_store_9
2025-01-29 14:00:54,857 INFO c.h.h.t.OperatorHelmChartContainer - [local-hivemq-1] [hivemq] [91640141] DEBUG - Flushing: /opt/hivemq/data/persistence/publish_payload_store/040500_R/publish_payload_store_10
2025-01-29 14:00:54,857 INFO c.h.h.t.OperatorHelmChartContainer - [local-hivemq-1] [hivemq] [91640141] DEBUG - Flushing: /opt/hivemq/data/persistence/publish_payload_store/040500_R/publish_payload_store_11
2025-01-29 14:00:54,857 INFO c.h.h.t.OperatorHelmChartContainer - [local-hivemq-1] [hivemq] [91640141] DEBUG - Flushing: /opt/hivemq/data/persistence/publish_payload_store/040500_R/publish_payload_store_13
2025-01-29 14:00:54,857 INFO c.h.h.t.OperatorHelmChartContainer - [local-hivemq-1] [hivemq] [91640141] DEBUG - Flushing: /opt/hivemq/data/persistence/publish_payload_store/040500_R/publish_payload_store_12
2025-01-29 14:00:54,857 INFO c.h.h.t.OperatorHelmChartContainer - [local-hivemq-1] [hivemq] [91640141] DEBUG - Flushing: /opt/hivemq/data/persistence/publish_payload_store/040500_R/publish_payload_store_14
2025-01-29 14:00:54,858 INFO c.h.h.t.OperatorHelmChartContainer - [local-hivemq-1] [hivemq] [91640141] DEBUG - Flushing: /opt/hivemq/data/persistence/publish_payload_store/040500_R/publish_payload_store_15
2025-01-29 14:00:54,858 INFO c.h.h.t.OperatorHelmChartContainer - [local-hivemq-1] [hivemq] [91640141] DEBUG - Flushing: /opt/hivemq/data/persistence/publish_payload_store/040500_R/publish_payload_store_16
2025-01-29 14:00:54,858 INFO c.h.h.t.OperatorHelmChartContainer - [local-hivemq-1] [hivemq] [91640141] DEBUG - Flushing: /opt/hivemq/data/persistence/publish_payload_store/040500_R/publish_payload_store_17
2025-01-29 14:00:54,860 INFO c.h.h.t.OperatorHelmChartContainer - [local-hivemq-1] [hivemq] [91640141] DEBUG - Flushing: /opt/hivemq/data/persistence/publish_payload_store/040500_R/publish_payload_store_18
2025-01-29 14:00:54,860 INFO c.h.h.t.OperatorHelmChartContainer - [local-hivemq-1] [hivemq] [91640141] DEBUG - Flushing: /opt/hivemq/data/persistence/publish_payload_store/040500_R/publish_payload_store_19
2025-01-29 14:00:54,860 INFO c.h.h.t.OperatorHelmChartContainer - [local-hivemq-1] [hivemq] [91640141] DEBUG - Flushing: /opt/hivemq/data/persistence/publish_payload_store/040500_R/publish_payload_store_20
2025-01-29 14:00:54,860 INFO c.h.h.t.OperatorHelmChartContainer - [local-hivemq-1] [hivemq] [91640141] DEBUG - Flushing: /opt/hivemq/data/persistence/publish_payload_store/040500_R/publish_payload_store_21
2025-01-29 14:00:54,860 INFO c.h.h.t.OperatorHelmChartContainer - [local-hivemq-1] [hivemq] [91640141] DEBUG - Flushing: /opt/hivemq/data/persistence/publish_payload_store/040500_R/publish_payload_store_22
2025-01-29 14:00:54,860 INFO c.h.h.t.OperatorHelmChartContainer - [local-hivemq-1] [hivemq] [91640141] DEBUG - Flushing: /opt/hivemq/data/persistence/publish_payload_store/040500_R/publish_payload_store_24
2025-01-29 14:00:54,860 INFO c.h.h.t.OperatorHelmChartContainer - [local-hivemq-1] [hivemq] [91640141] DEBUG - Flushing: /opt/hivemq/data/persistence/publish_payload_store/040500_R/publish_payload_store_23
2025-01-29 14:00:54,860 INFO c.h.h.t.OperatorHelmChartContainer - [local-hivemq-1] [hivemq] [91640141] DEBUG - Flushing: /opt/hivemq/data/persistence/publish_payload_store/040500_R/publish_payload_store_27
2025-01-29 14:00:54,860 INFO c.h.h.t.OperatorHelmChartContainer - [local-hivemq-1] [hivemq] [91640141] DEBUG - Flushing: /opt/hivemq/data/persistence/publish_payload_store/040500_R/publish_payload_store_25
2025-01-29 14:00:54,860 INFO c.h.h.t.OperatorHelmChartContainer - [local-hivemq-1] [hivemq] [91640141] DEBUG - Flushing: /opt/hivemq/data/persistence/publish_payload_store/040500_R/publish_payload_store_26
2025-01-29 14:00:54,860 INFO c.h.h.t.OperatorHelmChartContainer - [local-hivemq-1] [hivemq] [91640141] DEBUG - Flushing: /opt/hivemq/data/persistence/publish_payload_store/040500_R/publish_payload_store_28
2025-01-29 14:00:54,860 INFO c.h.h.t.OperatorHelmChartContainer - [local-hivemq-1] [hivemq] [91640141] DEBUG - Flushing: /opt/hivemq/data/persistence/publish_payload_store/040500_R/publish_payload_store_29
2025-01-29 14:00:54,860 INFO c.h.h.t.OperatorHelmChartContainer - [local-hivemq-1] [hivemq] [91640141] DEBUG - Flushing: /opt/hivemq/data/persistence/publish_payload_store/040500_R/publish_payload_store_30
2025-01-29 14:00:54,861 INFO c.h.h.t.OperatorHelmChartContainer - [local-hivemq-1] [hivemq] [91640141] DEBUG - Flushing: /opt/hivemq/data/persistence/publish_payload_store/040500_R/publish_payload_store_31
2025-01-29 14:00:54,861 INFO c.h.h.t.OperatorHelmChartContainer - [local-hivemq-1] [hivemq] [91640141] DEBUG - Flushing: /opt/hivemq/data/persistence/publish_payload_store/040500_R/publish_payload_store_32
2025-01-29 14:00:54,861 INFO c.h.h.t.OperatorHelmChartContainer - [local-hivemq-1] [hivemq] [91640141] DEBUG - Flushing: /opt/hivemq/data/persistence/publish_payload_store/040500_R/publish_payload_store_34
2025-01-29 14:00:54,861 INFO c.h.h.t.OperatorHelmChartContainer - [local-hivemq-1] [hivemq] [91640141] DEBUG - Flushing: /opt/hivemq/data/persistence/publish_payload_store/040500_R/publish_payload_store_33
2025-01-29 14:00:54,861 INFO c.h.h.t.OperatorHelmChartContainer - [local-hivemq-1] [hivemq] [91640141] DEBUG - Flushing: /opt/hivemq/data/persistence/publish_payload_store/040500_R/publish_payload_store_35
2025-01-29 14:00:54,861 INFO c.h.h.t.OperatorHelmChartContainer - [local-hivemq-1] [hivemq] [91640141] DEBUG - Flushing: /opt/hivemq/data/persistence/publish_payload_store/040500_R/publish_payload_store_36
2025-01-29 14:00:54,862 INFO c.h.h.t.OperatorHelmChartContainer - [local-hivemq-1] [hivemq] [91640141] DEBUG - Flushing: /opt/hivemq/data/persistence/publish_payload_store/040500_R/publish_payload_store_37
2025-01-29 14:00:54,862 INFO c.h.h.t.OperatorHelmChartContainer - [local-hivemq-1] [hivemq] [91640141] DEBUG - Flushing: /opt/hivemq/data/persistence/publish_payload_store/040500_R/publish_payload_store_38
2025-01-29 14:00:54,862 INFO c.h.h.t.OperatorHelmChartContainer - [local-hivemq-1] [hivemq] [91640141] DEBUG - Flushing: /opt/hivemq/data/persistence/publish_payload_store/040500_R/publish_payload_store_40
2025-01-29 14:00:54,862 INFO c.h.h.t.OperatorHelmChartContainer - [local-hivemq-1] [hivemq] [91640141] DEBUG - Flushing: /opt/hivemq/data/persistence/publish_payload_store/040500_R/publish_payload_store_39
2025-01-29 14:00:54,862 INFO c.h.h.t.OperatorHelmChartContainer - [local-hivemq-1] [hivemq] [91640141] DEBUG - Flushing: /opt/hivemq/data/persistence/publish_payload_store/040500_R/publish_payload_store_42
2025-01-29 14:00:54,865 INFO c.h.h.t.OperatorHelmChartContainer - [local-hivemq-1] [hivemq] [91640141] DEBUG - Flushing: /opt/hivemq/data/persistence/publish_payload_store/040500_R/publish_payload_store_41
2025-01-29 14:00:54,865 INFO c.h.h.t.OperatorHelmChartContainer - [local-hivemq-1] [hivemq] [91640141] DEBUG - Flushing: /opt/hivemq/data/persistence/publish_payload_store/040500_R/publish_payload_store_43
2025-01-29 14:00:54,865 INFO c.h.h.t.OperatorHelmChartContainer - [local-hivemq-1] [hivemq] [91640141] DEBUG - Flushing: /opt/hivemq/data/persistence/publish_payload_store/040500_R/publish_payload_store_44
2025-01-29 14:00:54,865 INFO c.h.h.t.OperatorHelmChartContainer - [local-hivemq-1] [hivemq] [91640141] DEBUG - Flushing: /opt/hivemq/data/persistence/publish_payload_store/040500_R/publish_payload_store_45
2025-01-29 14:00:54,865 INFO c.h.h.t.OperatorHelmChartContainer - [local-hivemq-1] [hivemq] [91640141] DEBUG - Flushing: /opt/hivemq/data/persistence/publish_payload_store/040500_R/publish_payload_store_47
2025-01-29 14:00:54,865 INFO c.h.h.t.OperatorHelmChartContainer - [local-hivemq-1] [hivemq] [91640141] DEBUG - Flushing: /opt/hivemq/data/persistence/publish_payload_store/040500_R/publish_payload_store_46
2025-01-29 14:00:54,865 INFO c.h.h.t.OperatorHelmChartContainer - [local-hivemq-1] [hivemq] [91640141] DEBUG - Flushing: /opt/hivemq/data/persistence/publish_payload_store/040500_R/publish_payload_store_48
2025-01-29 14:00:54,865 INFO c.h.h.t.OperatorHelmChartContainer - [local-hivemq-1] [hivemq] [91640141] DEBUG - Flushing: /opt/hivemq/data/persistence/publish_payload_store/040500_R/publish_payload_store_50
2025-01-29 14:00:54,865 INFO c.h.h.t.OperatorHelmChartContainer - [local-hivemq-1] [hivemq] [91640141] DEBUG - Flushing: /opt/hivemq/data/persistence/publish_payload_store/040500_R/publish_payload_store_49
2025-01-29 14:00:54,865 INFO c.h.h.t.OperatorHelmChartContainer - [local-hivemq-1] [hivemq] [91640141] DEBUG - Flushing: /opt/hivemq/data/persistence/publish_payload_store/040500_R/publish_payload_store_52
2025-01-29 14:00:54,865 INFO c.h.h.t.OperatorHelmChartContainer - [local-hivemq-1] [hivemq] [91640141] DEBUG - Flushing: /opt/hivemq/data/persistence/publish_payload_store/040500_R/publish_payload_store_51
2025-01-29 14:00:54,865 INFO c.h.h.t.OperatorHelmChartContainer - [local-hivemq-1] [hivemq] [91640141] DEBUG - Flushing: /opt/hivemq/data/persistence/publish_payload_store/040500_R/publish_payload_store_56
2025-01-29 14:00:54,865 INFO c.h.h.t.OperatorHelmChartContainer - [local-hivemq-1] [hivemq] [91640141] DEBUG - Flushing: /opt/hivemq/data/persistence/publish_payload_store/040500_R/publish_payload_store_55
2025-01-29 14:00:54,865 INFO c.h.h.t.OperatorHelmChartContainer - [local-hivemq-1] [hivemq] [91640141] DEBUG - Flushing: /opt/hivemq/data/persistence/publish_payload_store/040500_R/publish_payload_store_54
2025-01-29 14:00:54,865 INFO c.h.h.t.OperatorHelmChartContainer - [local-hivemq-1] [hivemq] [91640141] DEBUG - Flushing: /opt/hivemq/data/persistence/publish_payload_store/040500_R/publish_payload_store_53
2025-01-29 14:00:54,865 INFO c.h.h.t.OperatorHelmChartContainer - [local-hivemq-1] [hivemq] [91640141] DEBUG - Flushing: /opt/hivemq/data/persistence/publish_payload_store/040500_R/publish_payload_store_57
2025-01-29 14:00:54,865 INFO c.h.h.t.OperatorHelmChartContainer - [local-hivemq-1] [hivemq] [91640141] DEBUG - Flushing: /opt/hivemq/data/persistence/publish_payload_store/040500_R/publish_payload_store_58
2025-01-29 14:00:54,865 INFO c.h.h.t.OperatorHelmChartContainer - [local-hivemq-1] [hivemq] [91640141] DEBUG - Flushing: /opt/hivemq/data/persistence/publish_payload_store/040500_R/publish_payload_store_59
2025-01-29 14:00:54,865 INFO c.h.h.t.OperatorHelmChartContainer - [local-hivemq-1] [hivemq] [91640141] DEBUG - Flushing: /opt/hivemq/data/persistence/publish_payload_store/040500_R/publish_payload_store_60
2025-01-29 14:00:54,865 INFO c.h.h.t.OperatorHelmChartContainer - [local-hivemq-1] [hivemq] [91640141] DEBUG - Flushing: /opt/hivemq/data/persistence/publish_payload_store/040500_R/publish_payload_store_61
2025-01-29 14:00:54,865 INFO c.h.h.t.OperatorHelmChartContainer - [local-hivemq-1] [hivemq] [91640141] DEBUG - Flushing: /opt/hivemq/data/persistence/publish_payload_store/040500_R/publish_payload_store_62
2025-01-29 14:00:54,865 INFO c.h.h.t.OperatorHelmChartContainer - [local-hivemq-1] [hivemq] [91640141] DEBUG - Flushing: /opt/hivemq/data/persistence/publish_payload_store/040500_R/publish_payload_store_63
2025-01-29 14:00:54,865 INFO c.h.h.t.OperatorHelmChartContainer - [local-hivemq-1] [hivemq] [91640141] DEBUG - Flushing: /opt/hivemq/data/persistence/client_queue/042800_R/client_queue_0
2025-01-29 14:00:54,865 INFO c.h.h.t.OperatorHelmChartContainer - [local-hivemq-1] [hivemq] [91640141] DEBUG - Flushing: /opt/hivemq/data/persistence/client_queue/042800_R/client_queue_1
2025-01-29 14:00:54,866 INFO c.h.h.t.OperatorHelmChartContainer - [local-hivemq-1] [hivemq] [91640141] DEBUG - Flushing: /opt/hivemq/data/persistence/client_queue/042800_R/client_queue_2
2025-01-29 14:00:54,866 INFO c.h.h.t.OperatorHelmChartContainer - [local-hivemq-1] [hivemq] [91640141] DEBUG - Flushing: /opt/hivemq/data/persistence/client_queue/042800_R/client_queue_3
2025-01-29 14:00:54,866 INFO c.h.h.t.OperatorHelmChartContainer - [local-hivemq-1] [hivemq] [91640141] DEBUG - Flushing: /opt/hivemq/data/persistence/client_queue/042800_R/client_queue_4
2025-01-29 14:00:54,866 INFO c.h.h.t.OperatorHelmChartContainer - [local-hivemq-1] [hivemq] [91640141] DEBUG - Flushing: /opt/hivemq/data/persistence/client_queue/042800_R/client_queue_7
2025-01-29 14:00:54,868 INFO c.h.h.t.OperatorHelmChartContainer - [local-hivemq-1] [hivemq] [91640141] DEBUG - Flushing: /opt/hivemq/data/persistence/client_queue/042800_R/client_queue_5
2025-01-29 14:00:54,868 INFO c.h.h.t.OperatorHelmChartContainer - [local-hivemq-1] [hivemq] [91640141] DEBUG - Flushing: /opt/hivemq/data/persistence/client_queue/042800_R/client_queue_6
2025-01-29 14:00:54,868 INFO c.h.h.t.OperatorHelmChartContainer - [local-hivemq-1] [hivemq] [91640141] DEBUG - Flushing: /opt/hivemq/data/persistence/client_queue/042800_R/client_queue_8
2025-01-29 14:00:54,868 INFO c.h.h.t.OperatorHelmChartContainer - [local-hivemq-1] [hivemq] [91640141] DEBUG - Flushing: /opt/hivemq/data/persistence/client_queue/042800_R/client_queue_9
2025-01-29 14:00:54,868 INFO c.h.h.t.OperatorHelmChartContainer - [local-hivemq-1] [hivemq] [91640141] DEBUG - Flushing: /opt/hivemq/data/persistence/client_queue/042800_R/client_queue_10
2025-01-29 14:00:54,868 INFO c.h.h.t.OperatorHelmChartContainer - [local-hivemq-1] [hivemq] [91640141] DEBUG - Flushing: /opt/hivemq/data/persistence/client_queue/042800_R/client_queue_11
2025-01-29 14:00:54,868 INFO c.h.h.t.OperatorHelmChartContainer - [local-hivemq-1] [hivemq] [91640141] DEBUG - Flushing: /opt/hivemq/data/persistence/client_queue/042800_R/client_queue_12
2025-01-29 14:00:54,868 INFO c.h.h.t.OperatorHelmChartContainer - [local-hivemq-1] [hivemq] [91640141] DEBUG - Flushing: /opt/hivemq/data/persistence/client_queue/042800_R/client_queue_13
2025-01-29 14:00:54,876 INFO c.h.h.t.OperatorHelmChartContainer - [local-hivemq-1] [hivemq] [91640141] DEBUG - Flushing: /opt/hivemq/data/persistence/client_queue/042800_R/client_queue_15
2025-01-29 14:00:54,876 INFO c.h.h.t.OperatorHelmChartContainer - [local-hivemq-1] [hivemq] [91640141] DEBUG - Flushing: /opt/hivemq/data/persistence/client_queue/042800_R/client_queue_14
2025-01-29 14:00:54,876 INFO c.h.h.t.OperatorHelmChartContainer - [local-hivemq-1] [hivemq] [91640141] DEBUG - Flushing: /opt/hivemq/data/persistence/client_queue/042800_R/client_queue_16
2025-01-29 14:00:54,876 INFO c.h.h.t.OperatorHelmChartContainer - [local-hivemq-1] [hivemq] [91640141] DEBUG - Flushing: /opt/hivemq/data/persistence/client_queue/042800_R/client_queue_17
2025-01-29 14:00:54,876 INFO c.h.h.t.OperatorHelmChartContainer - [local-hivemq-1] [hivemq] [91640141] DEBUG - Flushing: /opt/hivemq/data/persistence/client_queue/042800_R/client_queue_18
2025-01-29 14:00:54,877 INFO c.h.h.t.OperatorHelmChartContainer - [local-hivemq-1] [hivemq] [91640141] DEBUG - Flushing: /opt/hivemq/data/persistence/client_queue/042800_R/client_queue_20
2025-01-29 14:00:54,877 INFO c.h.h.t.OperatorHelmChartContainer - [local-hivemq-1] [hivemq] [91640141] DEBUG - Flushing: /opt/hivemq/data/persistence/client_queue/042800_R/client_queue_21
2025-01-29 14:00:54,877 INFO c.h.h.t.OperatorHelmChartContainer - [local-hivemq-1] [hivemq] [91640141] DEBUG - Flushing: /opt/hivemq/data/persistence/client_queue/042800_R/client_queue_19
2025-01-29 14:00:54,877 INFO c.h.h.t.OperatorHelmChartContainer - [local-hivemq-1] [hivemq] [91640141] DEBUG - Flushing: /opt/hivemq/data/persistence/client_queue/042800_R/client_queue_22
2025-01-29 14:00:54,877 INFO c.h.h.t.OperatorHelmChartContainer - [local-hivemq-1] [hivemq] [91640141] DEBUG - Flushing: /opt/hivemq/data/persistence/client_queue/042800_R/client_queue_24
2025-01-29 14:00:54,877 INFO c.h.h.t.OperatorHelmChartContainer - [local-hivemq-1] [hivemq] [91640141] DEBUG - Flushing: /opt/hivemq/data/persistence/client_queue/042800_R/client_queue_23
2025-01-29 14:00:54,877 INFO c.h.h.t.OperatorHelmChartContainer - [local-hivemq-1] [hivemq] [91640141] DEBUG - Flushing: /opt/hivemq/data/persistence/client_queue/042800_R/client_queue_25
2025-01-29 14:00:54,877 INFO c.h.h.t.OperatorHelmChartContainer - [local-hivemq-1] [hivemq] [91640141] DEBUG - Flushing: /opt/hivemq/data/persistence/client_queue/042800_R/client_queue_26
2025-01-29 14:00:54,877 INFO c.h.h.t.OperatorHelmChartContainer - [local-hivemq-1] [hivemq] [91640141] DEBUG - Flushing: /opt/hivemq/data/persistence/client_queue/042800_R/client_queue_27
2025-01-29 14:00:54,877 INFO c.h.h.t.OperatorHelmChartContainer - [local-hivemq-1] [hivemq] [91640141] DEBUG - Flushing: /opt/hivemq/data/persistence/client_queue/042800_R/client_queue_30
2025-01-29 14:00:54,877 INFO c.h.h.t.OperatorHelmChartContainer - [local-hivemq-1] [hivemq] [91640141] DEBUG - Flushing: /opt/hivemq/data/persistence/client_queue/042800_R/client_queue_29
2025-01-29 14:00:54,877 INFO c.h.h.t.OperatorHelmChartContainer - [local-hivemq-1] [hivemq] [91640141] DEBUG - Flushing: /opt/hivemq/data/persistence/client_queue/042800_R/client_queue_28
2025-01-29 14:00:54,877 INFO c.h.h.t.OperatorHelmChartContainer - [local-hivemq-1] [hivemq] [91640141] DEBUG - Flushing: /opt/hivemq/data/persistence/client_queue/042800_R/client_queue_31
2025-01-29 14:00:54,877 INFO c.h.h.t.OperatorHelmChartContainer - [local-hivemq-1] [hivemq] [91640141] DEBUG - Flushing: /opt/hivemq/data/persistence/client_queue/042800_R/client_queue_32
2025-01-29 14:00:54,877 INFO c.h.h.t.OperatorHelmChartContainer - [local-hivemq-1] [hivemq] [91640141] DEBUG - Flushing: /opt/hivemq/data/persistence/client_queue/042800_R/client_queue_33
2025-01-29 14:00:54,877 INFO c.h.h.t.OperatorHelmChartContainer - [local-hivemq-1] [hivemq] [91640141] DEBUG - Flushing: /opt/hivemq/data/persistence/client_queue/042800_R/client_queue_34
2025-01-29 14:00:54,877 INFO c.h.h.t.OperatorHelmChartContainer - [local-hivemq-1] [hivemq] [91640141] DEBUG - Flushing: /opt/hivemq/data/persistence/client_queue/042800_R/client_queue_35
2025-01-29 14:00:54,877 INFO c.h.h.t.OperatorHelmChartContainer - [local-hivemq-1] [hivemq] [91640141] DEBUG - Flushing: /opt/hivemq/data/persistence/client_queue/042800_R/client_queue_36
2025-01-29 14:00:54,877 INFO c.h.h.t.OperatorHelmChartContainer - [local-hivemq-1] [hivemq] [91640141] DEBUG - Flushing: /opt/hivemq/data/persistence/client_queue/042800_R/client_queue_37
2025-01-29 14:00:54,877 INFO c.h.h.t.OperatorHelmChartContainer - [local-hivemq-1] [hivemq] [91640141] DEBUG - Flushing: /opt/hivemq/data/persistence/client_queue/042800_R/client_queue_38
2025-01-29 14:00:54,877 INFO c.h.h.t.OperatorHelmChartContainer - [local-hivemq-1] [hivemq] [91640141] DEBUG - Flushing: /opt/hivemq/data/persistence/client_queue/042800_R/client_queue_39
2025-01-29 14:00:54,877 INFO c.h.h.t.OperatorHelmChartContainer - [local-hivemq-1] [hivemq] [91640141] DEBUG - Flushing: /opt/hivemq/data/persistence/client_queue/042800_R/client_queue_40
2025-01-29 14:00:54,877 INFO c.h.h.t.OperatorHelmChartContainer - [local-hivemq-1] [hivemq] [91640141] DEBUG - Flushing: /opt/hivemq/data/persistence/client_queue/042800_R/client_queue_42
2025-01-29 14:00:54,877 INFO c.h.h.t.OperatorHelmChartContainer - [local-hivemq-1] [hivemq] [91640141] DEBUG - Flushing: /opt/hivemq/data/persistence/client_queue/042800_R/client_queue_41
2025-01-29 14:00:54,877 INFO c.h.h.t.OperatorHelmChartContainer - [local-hivemq-1] [hivemq] [91640141] DEBUG - Flushing: /opt/hivemq/data/persistence/client_queue/042800_R/client_queue_43
2025-01-29 14:00:54,877 INFO c.h.h.t.OperatorHelmChartContainer - [local-hivemq-1] [hivemq] [91640141] DEBUG - Flushing: /opt/hivemq/data/persistence/client_queue/042800_R/client_queue_44
2025-01-29 14:00:54,877 INFO c.h.h.t.OperatorHelmChartContainer - [local-hivemq-1] [hivemq] [91640141] DEBUG - Flushing: /opt/hivemq/data/persistence/client_queue/042800_R/client_queue_45
2025-01-29 14:00:54,877 INFO c.h.h.t.OperatorHelmChartContainer - [local-hivemq-1] [hivemq] [91640141] DEBUG - Flushing: /opt/hivemq/data/persistence/client_queue/042800_R/client_queue_46
2025-01-29 14:00:54,877 INFO c.h.h.t.OperatorHelmChartContainer - [local-hivemq-1] [hivemq] [91640141] DEBUG - Flushing: /opt/hivemq/data/persistence/client_queue/042800_R/client_queue_47
2025-01-29 14:00:54,877 INFO c.h.h.t.OperatorHelmChartContainer - [local-hivemq-1] [hivemq] [91640141] DEBUG - Flushing: /opt/hivemq/data/persistence/client_queue/042800_R/client_queue_48
2025-01-29 14:00:54,877 INFO c.h.h.t.OperatorHelmChartContainer - [local-hivemq-1] [hivemq] [91640141] DEBUG - Flushing: /opt/hivemq/data/persistence/client_queue/042800_R/client_queue_49
2025-01-29 14:00:54,877 INFO c.h.h.t.OperatorHelmChartContainer - [local-hivemq-1] [hivemq] [91640141] DEBUG - Flushing: /opt/hivemq/data/persistence/client_queue/042800_R/client_queue_50
2025-01-29 14:00:54,877 INFO c.h.h.t.OperatorHelmChartContainer - [local-hivemq-1] [hivemq] [91640141] DEBUG - Flushing: /opt/hivemq/data/persistence/client_queue/042800_R/client_queue_51
2025-01-29 14:00:54,877 INFO c.h.h.t.OperatorHelmChartContainer - [local-hivemq-1] [hivemq] [91640141] DEBUG - Flushing: /opt/hivemq/data/persistence/client_queue/042800_R/client_queue_52
2025-01-29 14:00:54,877 INFO c.h.h.t.OperatorHelmChartContainer - [local-hivemq-1] [hivemq] [91640141] DEBUG - Flushing: /opt/hivemq/data/persistence/client_queue/042800_R/client_queue_53
2025-01-29 14:00:54,877 INFO c.h.h.t.OperatorHelmChartContainer - [local-hivemq-1] [hivemq] [91640141] DEBUG - Flushing: /opt/hivemq/data/persistence/client_queue/042800_R/client_queue_54
2025-01-29 14:00:54,877 INFO c.h.h.t.OperatorHelmChartContainer - [local-hivemq-1] [hivemq] [91640141] DEBUG - Flushing: /opt/hivemq/data/persistence/client_queue/042800_R/client_queue_55
2025-01-29 14:00:54,877 INFO c.h.h.t.OperatorHelmChartContainer - [local-hivemq-1] [hivemq] [91640141] DEBUG - Flushing: /opt/hivemq/data/persistence/client_queue/042800_R/client_queue_56
2025-01-29 14:00:54,877 INFO c.h.h.t.OperatorHelmChartContainer - [local-hivemq-1] [hivemq] [91640141] DEBUG - Flushing: /opt/hivemq/data/persistence/client_queue/042800_R/client_queue_57
2025-01-29 14:00:54,877 INFO c.h.h.t.OperatorHelmChartContainer - [local-hivemq-1] [hivemq] [91640141] DEBUG - Flushing: /opt/hivemq/data/persistence/client_queue/042800_R/client_queue_58
2025-01-29 14:00:54,877 INFO c.h.h.t.OperatorHelmChartContainer - [local-hivemq-1] [hivemq] [91640141] DEBUG - Flushing: /opt/hivemq/data/persistence/client_queue/042800_R/client_queue_59
2025-01-29 14:00:54,877 INFO c.h.h.t.OperatorHelmChartContainer - [local-hivemq-1] [hivemq] [91640141] DEBUG - Flushing: /opt/hivemq/data/persistence/client_queue/042800_R/client_queue_61
2025-01-29 14:00:54,877 INFO c.h.h.t.OperatorHelmChartContainer - [local-hivemq-1] [hivemq] [91640141] DEBUG - Flushing: /opt/hivemq/data/persistence/client_queue/042800_R/client_queue_60
2025-01-29 14:00:54,877 INFO c.h.h.t.OperatorHelmChartContainer - [local-hivemq-1] [hivemq] [91640141] DEBUG - Flushing: /opt/hivemq/data/persistence/client_queue/042800_R/client_queue_62
2025-01-29 14:00:54,877 INFO c.h.h.t.OperatorHelmChartContainer - [local-hivemq-1] [hivemq] [91640141] DEBUG - Flushing: /opt/hivemq/data/persistence/client_queue/042800_R/client_queue_63
2025-01-29 14:00:54,877 INFO c.h.h.t.OperatorHelmChartContainer - [local-hivemq-1] [hivemq] [91640141] DEBUG - Flushing: /opt/hivemq/data/persistence/client_session_store/040100_R/client_session_store_0
2025-01-29 14:00:54,877 INFO c.h.h.t.OperatorHelmChartContainer - [local-hivemq-1] [hivemq] [91640141] DEBUG - Flushing: /opt/hivemq/data/persistence/client_session_store/040100_R/client_session_store_1
2025-01-29 14:00:54,877 INFO c.h.h.t.OperatorHelmChartContainer - [local-hivemq-1] [hivemq] [91640141] DEBUG - Flushing: /opt/hivemq/data/persistence/client_session_store/040100_R/client_session_store_2
2025-01-29 14:00:54,877 INFO c.h.h.t.OperatorHelmChartContainer - [local-hivemq-1] [hivemq] [91640141] DEBUG - Flushing: /opt/hivemq/data/persistence/client_session_store/040100_R/client_session_store_3
2025-01-29 14:00:54,877 INFO c.h.h.t.OperatorHelmChartContainer - [local-hivemq-1] [hivemq] [91640141] DEBUG - Flushing: /opt/hivemq/data/persistence/client_session_store/040100_R/client_session_store_4
2025-01-29 14:00:54,877 INFO c.h.h.t.OperatorHelmChartContainer - [local-hivemq-1] [hivemq] [91640141] DEBUG - Flushing: /opt/hivemq/data/persistence/client_session_store/040100_R/client_session_store_5
2025-01-29 14:00:54,877 INFO c.h.h.t.OperatorHelmChartContainer - [local-hivemq-1] [hivemq] [91640141] DEBUG - Flushing: /opt/hivemq/data/persistence/client_session_store/040100_R/client_session_store_6
2025-01-29 14:00:54,877 INFO c.h.h.t.OperatorHelmChartContainer - [local-hivemq-1] [hivemq] [91640141] DEBUG - Flushing: /opt/hivemq/data/persistence/client_session_store/040100_R/client_session_store_7
2025-01-29 14:00:54,879 INFO c.h.h.t.OperatorHelmChartContainer - [local-hivemq-1] [hivemq] [91640141] DEBUG - Flushing: /opt/hivemq/data/persistence/client_session_store/040100_R/client_session_store_8
2025-01-29 14:00:54,879 INFO c.h.h.t.OperatorHelmChartContainer - [local-hivemq-1] [hivemq] [91640141] DEBUG - Flushing: /opt/hivemq/data/persistence/client_session_store/040100_R/client_session_store_10
2025-01-29 14:00:54,879 INFO c.h.h.t.OperatorHelmChartContainer - [local-hivemq-1] [hivemq] [91640141] DEBUG - Flushing: /opt/hivemq/data/persistence/client_session_store/040100_R/client_session_store_9
2025-01-29 14:00:54,879 INFO c.h.h.t.OperatorHelmChartContainer - [local-hivemq-1] [hivemq] [91640141] DEBUG - Flushing: /opt/hivemq/data/persistence/client_session_store/040100_R/client_session_store_11
2025-01-29 14:00:54,879 INFO c.h.h.t.OperatorHelmChartContainer - [local-hivemq-1] [hivemq] [91640141] DEBUG - Flushing: /opt/hivemq/data/persistence/client_session_store/040100_R/client_session_store_12
2025-01-29 14:00:54,879 INFO c.h.h.t.OperatorHelmChartContainer - [local-hivemq-1] [hivemq] [91640141] DEBUG - Flushing: /opt/hivemq/data/persistence/client_session_store/040100_R/client_session_store_14
2025-01-29 14:00:54,879 INFO c.h.h.t.OperatorHelmChartContainer - [local-hivemq-1] [hivemq] [91640141] DEBUG - Flushing: /opt/hivemq/data/persistence/client_session_store/040100_R/client_session_store_13
2025-01-29 14:00:54,879 INFO c.h.h.t.OperatorHelmChartContainer - [local-hivemq-1] [hivemq] [91640141] DEBUG - Flushing: /opt/hivemq/data/persistence/client_session_store/040100_R/client_session_store_15
2025-01-29 14:00:54,879 INFO c.h.h.t.OperatorHelmChartContainer - [local-hivemq-1] [hivemq] [91640141] DEBUG - Flushing: /opt/hivemq/data/persistence/client_session_store/040100_R/client_session_store_16
2025-01-29 14:00:54,879 INFO c.h.h.t.OperatorHelmChartContainer - [local-hivemq-1] [hivemq] [91640141] DEBUG - Flushing: /opt/hivemq/data/persistence/client_session_store/040100_R/client_session_store_17
2025-01-29 14:00:54,879 INFO c.h.h.t.OperatorHelmChartContainer - [local-hivemq-1] [hivemq] [91640141] DEBUG - Flushing: /opt/hivemq/data/persistence/client_session_store/040100_R/client_session_store_18
2025-01-29 14:00:54,879 INFO c.h.h.t.OperatorHelmChartContainer - [local-hivemq-1] [hivemq] [91640141] DEBUG - Flushing: /opt/hivemq/data/persistence/client_session_store/040100_R/client_session_store_19
2025-01-29 14:00:54,879 INFO c.h.h.t.OperatorHelmChartContainer - [local-hivemq-1] [hivemq] [91640141] DEBUG - Flushing: /opt/hivemq/data/persistence/client_session_store/040100_R/client_session_store_20
2025-01-29 14:00:54,879 INFO c.h.h.t.OperatorHelmChartContainer - [local-hivemq-1] [hivemq] [91640141] DEBUG - Flushing: /opt/hivemq/data/persistence/client_session_store/040100_R/client_session_store_21
2025-01-29 14:00:54,879 INFO c.h.h.t.OperatorHelmChartContainer - [local-hivemq-1] [hivemq] [91640141] DEBUG - Flushing: /opt/hivemq/data/persistence/client_session_store/040100_R/client_session_store_22
2025-01-29 14:00:54,879 INFO c.h.h.t.OperatorHelmChartContainer - [local-hivemq-1] [hivemq] [91640141] DEBUG - Flushing: /opt/hivemq/data/persistence/client_session_store/040100_R/client_session_store_23
2025-01-29 14:00:54,879 INFO c.h.h.t.OperatorHelmChartContainer - [local-hivemq-1] [hivemq] [91640141] DEBUG - Flushing: /opt/hivemq/data/persistence/client_session_store/040100_R/client_session_store_24
2025-01-29 14:00:54,879 INFO c.h.h.t.OperatorHelmChartContainer - [local-hivemq-1] [hivemq] [91640141] DEBUG - Flushing: /opt/hivemq/data/persistence/client_session_store/040100_R/client_session_store_26
2025-01-29 14:00:54,879 INFO c.h.h.t.OperatorHelmChartContainer - [local-hivemq-1] [hivemq] [91640141] DEBUG - Flushing: /opt/hivemq/data/persistence/client_session_store/040100_R/client_session_store_25
2025-01-29 14:00:54,879 INFO c.h.h.t.OperatorHelmChartContainer - [local-hivemq-1] [hivemq] [91640141] DEBUG - Flushing: /opt/hivemq/data/persistence/client_session_store/040100_R/client_session_store_29
2025-01-29 14:00:54,879 INFO c.h.h.t.OperatorHelmChartContainer - [local-hivemq-1] [hivemq] [91640141] DEBUG - Flushing: /opt/hivemq/data/persistence/client_session_store/040100_R/client_session_store_27
2025-01-29 14:00:54,879 INFO c.h.h.t.OperatorHelmChartContainer - [local-hivemq-1] [hivemq] [91640141] DEBUG - Flushing: /opt/hivemq/data/persistence/client_session_store/040100_R/client_session_store_28
2025-01-29 14:00:54,879 INFO c.h.h.t.OperatorHelmChartContainer - [local-hivemq-1] [hivemq] [91640141] DEBUG - Flushing: /opt/hivemq/data/persistence/client_session_store/040100_R/client_session_store_30
2025-01-29 14:00:54,879 INFO c.h.h.t.OperatorHelmChartContainer - [local-hivemq-1] [hivemq] [91640141] DEBUG - Flushing: /opt/hivemq/data/persistence/client_session_store/040100_R/client_session_store_31
2025-01-29 14:00:54,879 INFO c.h.h.t.OperatorHelmChartContainer - [local-hivemq-1] [hivemq] [91640141] DEBUG - Flushing: /opt/hivemq/data/persistence/client_session_store/040100_R/client_session_store_32
2025-01-29 14:00:54,879 INFO c.h.h.t.OperatorHelmChartContainer - [local-hivemq-1] [hivemq] [91640141] DEBUG - Flushing: /opt/hivemq/data/persistence/client_session_store/040100_R/client_session_store_33
2025-01-29 14:00:54,879 INFO c.h.h.t.OperatorHelmChartContainer - [local-hivemq-1] [hivemq] [91640141] DEBUG - Flushing: /opt/hivemq/data/persistence/client_session_store/040100_R/client_session_store_34
2025-01-29 14:00:54,879 INFO c.h.h.t.OperatorHelmChartContainer - [local-hivemq-1] [hivemq] [91640141] DEBUG - Flushing: /opt/hivemq/data/persistence/client_session_store/040100_R/client_session_store_35
2025-01-29 14:00:54,879 INFO c.h.h.t.OperatorHelmChartContainer - [local-hivemq-1] [hivemq] [91640141] DEBUG - Flushing: /opt/hivemq/data/persistence/client_session_store/040100_R/client_session_store_36
2025-01-29 14:00:54,879 INFO c.h.h.t.OperatorHelmChartContainer - [local-hivemq-1] [hivemq] [91640141] DEBUG - Flushing: /opt/hivemq/data/persistence/client_session_store/040100_R/client_session_store_37
2025-01-29 14:00:54,879 INFO c.h.h.t.OperatorHelmChartContainer - [local-hivemq-1] [hivemq] [91640141] DEBUG - Flushing: /opt/hivemq/data/persistence/client_session_store/040100_R/client_session_store_38
2025-01-29 14:00:54,879 INFO c.h.h.t.OperatorHelmChartContainer - [local-hivemq-1] [hivemq] [91640141] DEBUG - Flushing: /opt/hivemq/data/persistence/client_session_store/040100_R/client_session_store_39
2025-01-29 14:00:54,879 INFO c.h.h.t.OperatorHelmChartContainer - [local-hivemq-1] [hivemq] [91640141] DEBUG - Flushing: /opt/hivemq/data/persistence/client_session_store/040100_R/client_session_store_40
2025-01-29 14:00:54,880 INFO c.h.h.t.OperatorHelmChartContainer - [local-hivemq-1] [hivemq] [91640141] DEBUG - Flushing: /opt/hivemq/data/persistence/client_session_store/040100_R/client_session_store_41
2025-01-29 14:00:54,880 INFO c.h.h.t.OperatorHelmChartContainer - [local-hivemq-1] [hivemq] [91640141] DEBUG - Flushing: /opt/hivemq/data/persistence/client_session_store/040100_R/client_session_store_42
2025-01-29 14:00:54,880 INFO c.h.h.t.OperatorHelmChartContainer - [local-hivemq-1] [hivemq] [91640141] DEBUG - Flushing: /opt/hivemq/data/persistence/client_session_store/040100_R/client_session_store_43
2025-01-29 14:00:54,881 INFO c.h.h.t.OperatorHelmChartContainer - [local-hivemq-1] [hivemq] [91640141] DEBUG - Flushing: /opt/hivemq/data/persistence/client_session_store/040100_R/client_session_store_44
2025-01-29 14:00:54,881 INFO c.h.h.t.OperatorHelmChartContainer - [local-hivemq-1] [hivemq] [91640141] DEBUG - Flushing: /opt/hivemq/data/persistence/client_session_store/040100_R/client_session_store_45
2025-01-29 14:00:54,881 INFO c.h.h.t.OperatorHelmChartContainer - [local-hivemq-1] [hivemq] [91640141] DEBUG - Flushing: /opt/hivemq/data/persistence/client_session_store/040100_R/client_session_store_46
2025-01-29 14:00:54,881 INFO c.h.h.t.OperatorHelmChartContainer - [local-hivemq-1] [hivemq] [91640141] DEBUG - Flushing: /opt/hivemq/data/persistence/client_session_store/040100_R/client_session_store_47
2025-01-29 14:00:54,881 INFO c.h.h.t.OperatorHelmChartContainer - [local-hivemq-1] [hivemq] [91640141] DEBUG - Flushing: /opt/hivemq/data/persistence/client_session_store/040100_R/client_session_store_48
2025-01-29 14:00:54,881 INFO c.h.h.t.OperatorHelmChartContainer - [local-hivemq-1] [hivemq] [91640141] DEBUG - Flushing: /opt/hivemq/data/persistence/client_session_store/040100_R/client_session_store_49
2025-01-29 14:00:54,881 INFO c.h.h.t.OperatorHelmChartContainer - [local-hivemq-1] [hivemq] [91640141] DEBUG - Flushing: /opt/hivemq/data/persistence/client_session_store/040100_R/client_session_store_50
2025-01-29 14:00:54,881 INFO c.h.h.t.OperatorHelmChartContainer - [local-hivemq-1] [hivemq] [91640141] DEBUG - Flushing: /opt/hivemq/data/persistence/client_session_store/040100_R/client_session_store_51
2025-01-29 14:00:54,881 INFO c.h.h.t.OperatorHelmChartContainer - [local-hivemq-1] [hivemq] [91640141] DEBUG - Flushing: /opt/hivemq/data/persistence/client_session_store/040100_R/client_session_store_52
2025-01-29 14:00:54,881 INFO c.h.h.t.OperatorHelmChartContainer - [local-hivemq-1] [hivemq] [91640141] DEBUG - Flushing: /opt/hivemq/data/persistence/client_session_store/040100_R/client_session_store_53
2025-01-29 14:00:54,881 INFO c.h.h.t.OperatorHelmChartContainer - [local-hivemq-1] [hivemq] [91640141] DEBUG - Flushing: /opt/hivemq/data/persistence/client_session_store/040100_R/client_session_store_54
2025-01-29 14:00:54,881 INFO c.h.h.t.OperatorHelmChartContainer - [local-hivemq-1] [hivemq] [91640141] DEBUG - Flushing: /opt/hivemq/data/persistence/client_session_store/040100_R/client_session_store_55
2025-01-29 14:00:54,881 INFO c.h.h.t.OperatorHelmChartContainer - [local-hivemq-1] [hivemq] [91640141] DEBUG - Flushing: /opt/hivemq/data/persistence/client_session_store/040100_R/client_session_store_57
2025-01-29 14:00:54,881 INFO c.h.h.t.OperatorHelmChartContainer - [local-hivemq-1] [hivemq] [91640141] DEBUG - Flushing: /opt/hivemq/data/persistence/client_session_store/040100_R/client_session_store_58
2025-01-29 14:00:54,882 INFO c.h.h.t.OperatorHelmChartContainer - [local-hivemq-1] [hivemq] [91640141] DEBUG - Flushing: /opt/hivemq/data/persistence/client_session_store/040100_R/client_session_store_56
2025-01-29 14:00:54,882 INFO c.h.h.t.OperatorHelmChartContainer - [local-hivemq-1] [hivemq] [91640141] DEBUG - Flushing: /opt/hivemq/data/persistence/client_session_store/040100_R/client_session_store_59
2025-01-29 14:00:54,882 INFO c.h.h.t.OperatorHelmChartContainer - [local-hivemq-1] [hivemq] [91640141] DEBUG - Flushing: /opt/hivemq/data/persistence/client_session_store/040100_R/client_session_store_60
2025-01-29 14:00:54,882 INFO c.h.h.t.OperatorHelmChartContainer - [local-hivemq-1] [hivemq] [91640141] DEBUG - Flushing: /opt/hivemq/data/persistence/client_session_store/040100_R/client_session_store_61
2025-01-29 14:00:54,882 INFO c.h.h.t.OperatorHelmChartContainer - [local-hivemq-1] [hivemq] [91640141] DEBUG - Flushing: /opt/hivemq/data/persistence/client_session_store/040100_R/client_session_store_62
2025-01-29 14:00:54,882 INFO c.h.h.t.OperatorHelmChartContainer - [local-hivemq-1] [hivemq] [91640141] DEBUG - Flushing: /opt/hivemq/data/persistence/client_session_store/040100_R/client_session_store_63
2025-01-29 14:00:54,882 INFO c.h.h.t.OperatorHelmChartContainer - [local-hivemq-1] [hivemq] [91640141] DEBUG - Flushing: /opt/hivemq/data/persistence/client_session_subscriptions/043200_R/client_session_subscriptions_0
2025-01-29 14:00:54,882 INFO c.h.h.t.OperatorHelmChartContainer - [local-hivemq-1] [hivemq] [91640141] DEBUG - Flushing: /opt/hivemq/data/persistence/client_session_subscriptions/043200_R/client_session_subscriptions_1
2025-01-29 14:00:54,882 INFO c.h.h.t.OperatorHelmChartContainer - [local-hivemq-1] [hivemq] [91640141] DEBUG - Flushing: /opt/hivemq/data/persistence/client_session_subscriptions/043200_R/client_session_subscriptions_2
2025-01-29 14:00:54,882 INFO c.h.h.t.OperatorHelmChartContainer - [local-hivemq-1] [hivemq] [91640141] DEBUG - Flushing: /opt/hivemq/data/persistence/client_session_subscriptions/043200_R/client_session_subscriptions_3
2025-01-29 14:00:54,882 INFO c.h.h.t.OperatorHelmChartContainer - [local-hivemq-1] [hivemq] [91640141] DEBUG - Flushing: /opt/hivemq/data/persistence/client_session_subscriptions/043200_R/client_session_subscriptions_4
2025-01-29 14:00:54,882 INFO c.h.h.t.OperatorHelmChartContainer - [local-hivemq-1] [hivemq] [91640141] DEBUG - Flushing: /opt/hivemq/data/persistence/client_session_subscriptions/043200_R/client_session_subscriptions_5
2025-01-29 14:00:54,882 INFO c.h.h.t.OperatorHelmChartContainer - [local-hivemq-1] [hivemq] [91640141] DEBUG - Flushing: /opt/hivemq/data/persistence/client_session_subscriptions/043200_R/client_session_subscriptions_6
2025-01-29 14:00:54,882 INFO c.h.h.t.OperatorHelmChartContainer - [local-hivemq-1] [hivemq] [91640141] DEBUG - Flushing: /opt/hivemq/data/persistence/client_session_subscriptions/043200_R/client_session_subscriptions_7
2025-01-29 14:00:54,884 INFO c.h.h.t.OperatorHelmChartContainer - [local-hivemq-1] [hivemq] [91640141] DEBUG - Flushing: /opt/hivemq/data/persistence/client_session_subscriptions/043200_R/client_session_subscriptions_9
2025-01-29 14:00:54,884 INFO c.h.h.t.OperatorHelmChartContainer - [local-hivemq-1] [hivemq] [91640141] DEBUG - Flushing: /opt/hivemq/data/persistence/client_session_subscriptions/043200_R/client_session_subscriptions_8
2025-01-29 14:00:54,884 INFO c.h.h.t.OperatorHelmChartContainer - [local-hivemq-1] [hivemq] [91640141] DEBUG - Flushing: /opt/hivemq/data/persistence/client_session_subscriptions/043200_R/client_session_subscriptions_10
2025-01-29 14:00:54,884 INFO c.h.h.t.OperatorHelmChartContainer - [local-hivemq-1] [hivemq] [91640141] DEBUG - Flushing: /opt/hivemq/data/persistence/client_session_subscriptions/043200_R/client_session_subscriptions_12
2025-01-29 14:00:54,884 INFO c.h.h.t.OperatorHelmChartContainer - [local-hivemq-1] [hivemq] [91640141] DEBUG - Flushing: /opt/hivemq/data/persistence/client_session_subscriptions/043200_R/client_session_subscriptions_13
2025-01-29 14:00:54,884 INFO c.h.h.t.OperatorHelmChartContainer - [local-hivemq-1] [hivemq] [91640141] DEBUG - Flushing: /opt/hivemq/data/persistence/client_session_subscriptions/043200_R/client_session_subscriptions_11
2025-01-29 14:00:54,884 INFO c.h.h.t.OperatorHelmChartContainer - [local-hivemq-1] [hivemq] [91640141] DEBUG - Flushing: /opt/hivemq/data/persistence/client_session_subscriptions/043200_R/client_session_subscriptions_14
2025-01-29 14:00:54,884 INFO c.h.h.t.OperatorHelmChartContainer - [local-hivemq-1] [hivemq] [91640141] DEBUG - Flushing: /opt/hivemq/data/persistence/client_session_subscriptions/043200_R/client_session_subscriptions_15
2025-01-29 14:00:54,884 INFO c.h.h.t.OperatorHelmChartContainer - [local-hivemq-1] [hivemq] [91640141] DEBUG - Flushing: /opt/hivemq/data/persistence/client_session_subscriptions/043200_R/client_session_subscriptions_16
2025-01-29 14:00:54,884 INFO c.h.h.t.OperatorHelmChartContainer - [local-hivemq-1] [hivemq] [91640141] DEBUG - Flushing: /opt/hivemq/data/persistence/client_session_subscriptions/043200_R/client_session_subscriptions_17
2025-01-29 14:00:54,884 INFO c.h.h.t.OperatorHelmChartContainer - [local-hivemq-1] [hivemq] [91640141] DEBUG - Flushing: /opt/hivemq/data/persistence/client_session_subscriptions/043200_R/client_session_subscriptions_18
2025-01-29 14:00:54,884 INFO c.h.h.t.OperatorHelmChartContainer - [local-hivemq-1] [hivemq] [91640141] DEBUG - Flushing: /opt/hivemq/data/persistence/client_session_subscriptions/043200_R/client_session_subscriptions_19
2025-01-29 14:00:54,884 INFO c.h.h.t.OperatorHelmChartContainer - [local-hivemq-1] [hivemq] [91640141] DEBUG - Flushing: /opt/hivemq/data/persistence/client_session_subscriptions/043200_R/client_session_subscriptions_20
2025-01-29 14:00:54,884 INFO c.h.h.t.OperatorHelmChartContainer - [local-hivemq-1] [hivemq] [91640141] DEBUG - Flushing: /opt/hivemq/data/persistence/client_session_subscriptions/043200_R/client_session_subscriptions_22
2025-01-29 14:00:54,884 INFO c.h.h.t.OperatorHelmChartContainer - [local-hivemq-1] [hivemq] [91640141] DEBUG - Flushing: /opt/hivemq/data/persistence/client_session_subscriptions/043200_R/client_session_subscriptions_21
2025-01-29 14:00:54,884 INFO c.h.h.t.OperatorHelmChartContainer - [local-hivemq-1] [hivemq] [91640141] DEBUG - Flushing: /opt/hivemq/data/persistence/client_session_subscriptions/043200_R/client_session_subscriptions_23
2025-01-29 14:00:54,885 INFO c.h.h.t.OperatorHelmChartContainer - [local-hivemq-1] [hivemq] [91640141] DEBUG - Flushing: /opt/hivemq/data/persistence/client_session_subscriptions/043200_R/client_session_subscriptions_24
2025-01-29 14:00:54,885 INFO c.h.h.t.OperatorHelmChartContainer - [local-hivemq-1] [hivemq] [91640141] DEBUG - Flushing: /opt/hivemq/data/persistence/client_session_subscriptions/043200_R/client_session_subscriptions_25
2025-01-29 14:00:54,885 INFO c.h.h.t.OperatorHelmChartContainer - [local-hivemq-1] [hivemq] [91640141] DEBUG - Flushing: /opt/hivemq/data/persistence/client_session_subscriptions/043200_R/client_session_subscriptions_26
2025-01-29 14:00:54,885 INFO c.h.h.t.OperatorHelmChartContainer - [local-hivemq-1] [hivemq] [91640141] DEBUG - Flushing: /opt/hivemq/data/persistence/client_session_subscriptions/043200_R/client_session_subscriptions_27
2025-01-29 14:00:54,885 INFO c.h.h.t.OperatorHelmChartContainer - [local-hivemq-1] [hivemq] [91640141] DEBUG - Flushing: /opt/hivemq/data/persistence/client_session_subscriptions/043200_R/client_session_subscriptions_28
2025-01-29 14:00:54,885 INFO c.h.h.t.OperatorHelmChartContainer - [local-hivemq-1] [hivemq] [91640141] DEBUG - Flushing: /opt/hivemq/data/persistence/client_session_subscriptions/043200_R/client_session_subscriptions_29
2025-01-29 14:00:54,885 INFO c.h.h.t.OperatorHelmChartContainer - [local-hivemq-1] [hivemq] [91640141] DEBUG - Flushing: /opt/hivemq/data/persistence/client_session_subscriptions/043200_R/client_session_subscriptions_30
2025-01-29 14:00:54,885 INFO c.h.h.t.OperatorHelmChartContainer - [local-hivemq-1] [hivemq] [91640141] DEBUG - Flushing: /opt/hivemq/data/persistence/client_session_subscriptions/043200_R/client_session_subscriptions_31
2025-01-29 14:00:54,885 INFO c.h.h.t.OperatorHelmChartContainer - [local-hivemq-1] [hivemq] [91640141] DEBUG - Flushing: /opt/hivemq/data/persistence/client_session_subscriptions/043200_R/client_session_subscriptions_32
2025-01-29 14:00:54,885 INFO c.h.h.t.OperatorHelmChartContainer - [local-hivemq-1] [hivemq] [91640141] DEBUG - Flushing: /opt/hivemq/data/persistence/client_session_subscriptions/043200_R/client_session_subscriptions_33
2025-01-29 14:00:54,885 INFO c.h.h.t.OperatorHelmChartContainer - [local-hivemq-1] [hivemq] [91640141] DEBUG - Flushing: /opt/hivemq/data/persistence/client_session_subscriptions/043200_R/client_session_subscriptions_34
2025-01-29 14:00:54,885 INFO c.h.h.t.OperatorHelmChartContainer - [local-hivemq-1] [hivemq] [91640141] DEBUG - Flushing: /opt/hivemq/data/persistence/client_session_subscriptions/043200_R/client_session_subscriptions_35
2025-01-29 14:00:54,885 INFO c.h.h.t.OperatorHelmChartContainer - [local-hivemq-1] [hivemq] [91640141] DEBUG - Flushing: /opt/hivemq/data/persistence/client_session_subscriptions/043200_R/client_session_subscriptions_36
2025-01-29 14:00:54,885 INFO c.h.h.t.OperatorHelmChartContainer - [local-hivemq-1] [hivemq] [91640141] DEBUG - Flushing: /opt/hivemq/data/persistence/client_session_subscriptions/043200_R/client_session_subscriptions_37
2025-01-29 14:00:54,885 INFO c.h.h.t.OperatorHelmChartContainer - [local-hivemq-1] [hivemq] [91640141] DEBUG - Flushing: /opt/hivemq/data/persistence/client_session_subscriptions/043200_R/client_session_subscriptions_38
2025-01-29 14:00:54,885 INFO c.h.h.t.OperatorHelmChartContainer - [local-hivemq-1] [hivemq] [91640141] DEBUG - Flushing: /opt/hivemq/data/persistence/client_session_subscriptions/043200_R/client_session_subscriptions_39
2025-01-29 14:00:54,885 INFO c.h.h.t.OperatorHelmChartContainer - [local-hivemq-1] [hivemq] [91640141] DEBUG - Flushing: /opt/hivemq/data/persistence/client_session_subscriptions/043200_R/client_session_subscriptions_40
2025-01-29 14:00:54,885 INFO c.h.h.t.OperatorHelmChartContainer - [local-hivemq-1] [hivemq] [91640141] DEBUG - Flushing: /opt/hivemq/data/persistence/client_session_subscriptions/043200_R/client_session_subscriptions_41
2025-01-29 14:00:54,885 INFO c.h.h.t.OperatorHelmChartContainer - [local-hivemq-1] [hivemq] [91640141] DEBUG - Flushing: /opt/hivemq/data/persistence/client_session_subscriptions/043200_R/client_session_subscriptions_42
2025-01-29 14:00:54,885 INFO c.h.h.t.OperatorHelmChartContainer - [local-hivemq-1] [hivemq] [91640141] DEBUG - Flushing: /opt/hivemq/data/persistence/client_session_subscriptions/043200_R/client_session_subscriptions_43
2025-01-29 14:00:54,885 INFO c.h.h.t.OperatorHelmChartContainer - [local-hivemq-1] [hivemq] [91640141] DEBUG - Flushing: /opt/hivemq/data/persistence/client_session_subscriptions/043200_R/client_session_subscriptions_44
2025-01-29 14:00:54,885 INFO c.h.h.t.OperatorHelmChartContainer - [local-hivemq-1] [hivemq] [91640141] DEBUG - Flushing: /opt/hivemq/data/persistence/client_session_subscriptions/043200_R/client_session_subscriptions_45
2025-01-29 14:00:54,885 INFO c.h.h.t.OperatorHelmChartContainer - [local-hivemq-1] [hivemq] [91640141] DEBUG - Flushing: /opt/hivemq/data/persistence/client_session_subscriptions/043200_R/client_session_subscriptions_46
2025-01-29 14:00:54,885 INFO c.h.h.t.OperatorHelmChartContainer - [local-hivemq-1] [hivemq] [91640141] DEBUG - Flushing: /opt/hivemq/data/persistence/client_session_subscriptions/043200_R/client_session_subscriptions_47
2025-01-29 14:00:54,885 INFO c.h.h.t.OperatorHelmChartContainer - [local-hivemq-1] [hivemq] [91640141] DEBUG - Flushing: /opt/hivemq/data/persistence/client_session_subscriptions/043200_R/client_session_subscriptions_48
2025-01-29 14:00:54,885 INFO c.h.h.t.OperatorHelmChartContainer - [local-hivemq-1] [hivemq] [91640141] DEBUG - Flushing: /opt/hivemq/data/persistence/client_session_subscriptions/043200_R/client_session_subscriptions_49
2025-01-29 14:00:54,885 INFO c.h.h.t.OperatorHelmChartContainer - [local-hivemq-1] [hivemq] [91640141] DEBUG - Flushing: /opt/hivemq/data/persistence/client_session_subscriptions/043200_R/client_session_subscriptions_50
2025-01-29 14:00:54,885 INFO c.h.h.t.OperatorHelmChartContainer - [local-hivemq-1] [hivemq] [91640141] DEBUG - Flushing: /opt/hivemq/data/persistence/client_session_subscriptions/043200_R/client_session_subscriptions_51
2025-01-29 14:00:54,885 INFO c.h.h.t.OperatorHelmChartContainer - [local-hivemq-1] [hivemq] [91640141] DEBUG - Flushing: /opt/hivemq/data/persistence/client_session_subscriptions/043200_R/client_session_subscriptions_52
2025-01-29 14:00:54,885 INFO c.h.h.t.OperatorHelmChartContainer - [local-hivemq-1] [hivemq] [91640141] DEBUG - Flushing: /opt/hivemq/data/persistence/client_session_subscriptions/043200_R/client_session_subscriptions_53
2025-01-29 14:00:54,885 INFO c.h.h.t.OperatorHelmChartContainer - [local-hivemq-1] [hivemq] [91640141] DEBUG - Flushing: /opt/hivemq/data/persistence/client_session_subscriptions/043200_R/client_session_subscriptions_54
2025-01-29 14:00:54,885 INFO c.h.h.t.OperatorHelmChartContainer - [local-hivemq-1] [hivemq] [91640141] DEBUG - Flushing: /opt/hivemq/data/persistence/client_session_subscriptions/043200_R/client_session_subscriptions_55
2025-01-29 14:00:54,885 INFO c.h.h.t.OperatorHelmChartContainer - [local-hivemq-1] [hivemq] [91640141] DEBUG - Flushing: /opt/hivemq/data/persistence/client_session_subscriptions/043200_R/client_session_subscriptions_56
2025-01-29 14:00:54,885 INFO c.h.h.t.OperatorHelmChartContainer - [local-hivemq-1] [hivemq] [91640141] DEBUG - Flushing: /opt/hivemq/data/persistence/client_session_subscriptions/043200_R/client_session_subscriptions_57
2025-01-29 14:00:54,885 INFO c.h.h.t.OperatorHelmChartContainer - [local-hivemq-1] [hivemq] [91640141] DEBUG - Flushing: /opt/hivemq/data/persistence/client_session_subscriptions/043200_R/client_session_subscriptions_58
2025-01-29 14:00:54,885 INFO c.h.h.t.OperatorHelmChartContainer - [local-hivemq-1] [hivemq] [91640141] DEBUG - Flushing: /opt/hivemq/data/persistence/client_session_subscriptions/043200_R/client_session_subscriptions_59
2025-01-29 14:00:54,885 INFO c.h.h.t.OperatorHelmChartContainer - [local-hivemq-1] [hivemq] [91640141] DEBUG - Flushing: /opt/hivemq/data/persistence/client_session_subscriptions/043200_R/client_session_subscriptions_60
2025-01-29 14:00:54,885 INFO c.h.h.t.OperatorHelmChartContainer - [local-hivemq-1] [hivemq] [91640141] DEBUG - Flushing: /opt/hivemq/data/persistence/client_session_subscriptions/043200_R/client_session_subscriptions_61
2025-01-29 14:00:54,885 INFO c.h.h.t.OperatorHelmChartContainer - [local-hivemq-1] [hivemq] [91640141] DEBUG - Flushing: /opt/hivemq/data/persistence/client_session_subscriptions/043200_R/client_session_subscriptions_62
2025-01-29 14:00:54,885 INFO c.h.h.t.OperatorHelmChartContainer - [local-hivemq-1] [hivemq] [91640141] DEBUG - Flushing: /opt/hivemq/data/persistence/client_session_subscriptions/043200_R/client_session_subscriptions_63
2025-01-29 14:00:54,885 INFO c.h.h.t.OperatorHelmChartContainer - [local-hivemq-1] [hivemq] [91640141] DEBUG - Flushing: /opt/hivemq/data/persistence/retained_messages/040800_R/retained_messages_0
2025-01-29 14:00:54,885 INFO c.h.h.t.OperatorHelmChartContainer - [local-hivemq-1] [hivemq] [91640141] DEBUG - Flushing: /opt/hivemq/data/persistence/retained_messages/040800_R/retained_messages_1
2025-01-29 14:00:54,885 INFO c.h.h.t.OperatorHelmChartContainer - [local-hivemq-1] [hivemq] [91640141] DEBUG - Flushing: /opt/hivemq/data/persistence/retained_messages/040800_R/retained_messages_2
2025-01-29 14:00:54,886 INFO c.h.h.t.OperatorHelmChartContainer - [local-hivemq-1] [hivemq] [91640141] DEBUG - Flushing: /opt/hivemq/data/persistence/retained_messages/040800_R/retained_messages_3
2025-01-29 14:00:54,886 INFO c.h.h.t.OperatorHelmChartContainer - [local-hivemq-1] [hivemq] [91640141] DEBUG - Flushing: /opt/hivemq/data/persistence/retained_messages/040800_R/retained_messages_6
2025-01-29 14:00:54,886 INFO c.h.h.t.OperatorHelmChartContainer - [local-hivemq-1] [hivemq] [91640141] DEBUG - Flushing: /opt/hivemq/data/persistence/retained_messages/040800_R/retained_messages_5
2025-01-29 14:00:54,886 INFO c.h.h.t.OperatorHelmChartContainer - [local-hivemq-1] [hivemq] [91640141] DEBUG - Flushing: /opt/hivemq/data/persistence/retained_messages/040800_R/retained_messages_7
2025-01-29 14:00:54,886 INFO c.h.h.t.OperatorHelmChartContainer - [local-hivemq-1] [hivemq] [91640141] DEBUG - Flushing: /opt/hivemq/data/persistence/retained_messages/040800_R/retained_messages_4
2025-01-29 14:00:54,886 INFO c.h.h.t.OperatorHelmChartContainer - [local-hivemq-1] [hivemq] [91640141] DEBUG - Flushing: /opt/hivemq/data/persistence/retained_messages/040800_R/retained_messages_8
2025-01-29 14:00:54,886 INFO c.h.h.t.OperatorHelmChartContainer - [local-hivemq-1] [hivemq] [91640141] DEBUG - Flushing: /opt/hivemq/data/persistence/retained_messages/040800_R/retained_messages_9
2025-01-29 14:00:54,886 INFO c.h.h.t.OperatorHelmChartContainer - [local-hivemq-1] [hivemq] [91640141] DEBUG - Flushing: /opt/hivemq/data/persistence/retained_messages/040800_R/retained_messages_11
2025-01-29 14:00:54,886 INFO c.h.h.t.OperatorHelmChartContainer - [local-hivemq-1] [hivemq] [91640141] DEBUG - Flushing: /opt/hivemq/data/persistence/retained_messages/040800_R/retained_messages_10
2025-01-29 14:00:54,886 INFO c.h.h.t.OperatorHelmChartContainer - [local-hivemq-1] [hivemq] [91640141] DEBUG - Flushing: /opt/hivemq/data/persistence/retained_messages/040800_R/retained_messages_12
2025-01-29 14:00:54,886 INFO c.h.h.t.OperatorHelmChartContainer - [local-hivemq-1] [hivemq] [91640141] DEBUG - Flushing: /opt/hivemq/data/persistence/retained_messages/040800_R/retained_messages_13
2025-01-29 14:00:54,886 INFO c.h.h.t.OperatorHelmChartContainer - [local-hivemq-1] [hivemq] [91640141] DEBUG - Flushing: /opt/hivemq/data/persistence/retained_messages/040800_R/retained_messages_14
2025-01-29 14:00:54,886 INFO c.h.h.t.OperatorHelmChartContainer - [local-hivemq-1] [hivemq] [91640141] DEBUG - Flushing: /opt/hivemq/data/persistence/retained_messages/040800_R/retained_messages_15
2025-01-29 14:00:54,886 INFO c.h.h.t.OperatorHelmChartContainer - [local-hivemq-1] [hivemq] [91640141] DEBUG - Flushing: /opt/hivemq/data/persistence/retained_messages/040800_R/retained_messages_16
2025-01-29 14:00:54,886 INFO c.h.h.t.OperatorHelmChartContainer - [local-hivemq-1] [hivemq] [91640141] DEBUG - Flushing: /opt/hivemq/data/persistence/retained_messages/040800_R/retained_messages_18
2025-01-29 14:00:54,886 INFO c.h.h.t.OperatorHelmChartContainer - [local-hivemq-1] [hivemq] [91640141] DEBUG - Flushing: /opt/hivemq/data/persistence/retained_messages/040800_R/retained_messages_17
2025-01-29 14:00:54,886 INFO c.h.h.t.OperatorHelmChartContainer - [local-hivemq-1] [hivemq] [91640141] DEBUG - Flushing: /opt/hivemq/data/persistence/retained_messages/040800_R/retained_messages_19
2025-01-29 14:00:54,886 INFO c.h.h.t.OperatorHelmChartContainer - [local-hivemq-1] [hivemq] [91640141] DEBUG - Flushing: /opt/hivemq/data/persistence/retained_messages/040800_R/retained_messages_20
2025-01-29 14:00:54,886 INFO c.h.h.t.OperatorHelmChartContainer - [local-hivemq-1] [hivemq] [91640141] DEBUG - Flushing: /opt/hivemq/data/persistence/retained_messages/040800_R/retained_messages_21
2025-01-29 14:00:54,886 INFO c.h.h.t.OperatorHelmChartContainer - [local-hivemq-1] [hivemq] [91640141] DEBUG - Flushing: /opt/hivemq/data/persistence/retained_messages/040800_R/retained_messages_22
2025-01-29 14:00:54,886 INFO c.h.h.t.OperatorHelmChartContainer - [local-hivemq-1] [hivemq] [91640141] DEBUG - Flushing: /opt/hivemq/data/persistence/retained_messages/040800_R/retained_messages_23
2025-01-29 14:00:54,886 INFO c.h.h.t.OperatorHelmChartContainer - [local-hivemq-1] [hivemq] [91640141] DEBUG - Flushing: /opt/hivemq/data/persistence/retained_messages/040800_R/retained_messages_24
2025-01-29 14:00:54,886 INFO c.h.h.t.OperatorHelmChartContainer - [local-hivemq-1] [hivemq] [91640141] DEBUG - Flushing: /opt/hivemq/data/persistence/retained_messages/040800_R/retained_messages_25
2025-01-29 14:00:54,886 INFO c.h.h.t.OperatorHelmChartContainer - [local-hivemq-1] [hivemq] [91640141] DEBUG - Flushing: /opt/hivemq/data/persistence/retained_messages/040800_R/retained_messages_26
2025-01-29 14:00:54,886 INFO c.h.h.t.OperatorHelmChartContainer - [local-hivemq-1] [hivemq] [91640141] DEBUG - Flushing: /opt/hivemq/data/persistence/retained_messages/040800_R/retained_messages_27
2025-01-29 14:00:54,886 INFO c.h.h.t.OperatorHelmChartContainer - [local-hivemq-1] [hivemq] [91640141] DEBUG - Flushing: /opt/hivemq/data/persistence/retained_messages/040800_R/retained_messages_28
2025-01-29 14:00:54,886 INFO c.h.h.t.OperatorHelmChartContainer - [local-hivemq-1] [hivemq] [91640141] DEBUG - Flushing: /opt/hivemq/data/persistence/retained_messages/040800_R/retained_messages_29
2025-01-29 14:00:54,886 INFO c.h.h.t.OperatorHelmChartContainer - [local-hivemq-1] [hivemq] [91640141] DEBUG - Flushing: /opt/hivemq/data/persistence/retained_messages/040800_R/retained_messages_30
2025-01-29 14:00:54,886 INFO c.h.h.t.OperatorHelmChartContainer - [local-hivemq-1] [hivemq] [91640141] DEBUG - Flushing: /opt/hivemq/data/persistence/retained_messages/040800_R/retained_messages_32
2025-01-29 14:00:54,886 INFO c.h.h.t.OperatorHelmChartContainer - [local-hivemq-1] [hivemq] [91640141] DEBUG - Flushing: /opt/hivemq/data/persistence/retained_messages/040800_R/retained_messages_31
2025-01-29 14:00:54,886 INFO c.h.h.t.OperatorHelmChartContainer - [local-hivemq-1] [hivemq] [91640141] DEBUG - Flushing: /opt/hivemq/data/persistence/retained_messages/040800_R/retained_messages_33
2025-01-29 14:00:54,886 INFO c.h.h.t.OperatorHelmChartContainer - [local-hivemq-1] [hivemq] [91640141] DEBUG - Flushing: /opt/hivemq/data/persistence/retained_messages/040800_R/retained_messages_34
2025-01-29 14:00:54,886 INFO c.h.h.t.OperatorHelmChartContainer - [local-hivemq-1] [hivemq] [91640141] DEBUG - Flushing: /opt/hivemq/data/persistence/retained_messages/040800_R/retained_messages_36
2025-01-29 14:00:54,886 INFO c.h.h.t.OperatorHelmChartContainer - [local-hivemq-1] [hivemq] [91640141] DEBUG - Flushing: /opt/hivemq/data/persistence/retained_messages/040800_R/retained_messages_35
2025-01-29 14:00:54,886 INFO c.h.h.t.OperatorHelmChartContainer - [local-hivemq-1] [hivemq] [91640141] DEBUG - Flushing: /opt/hivemq/data/persistence/retained_messages/040800_R/retained_messages_37
2025-01-29 14:00:54,886 INFO c.h.h.t.OperatorHelmChartContainer - [local-hivemq-1] [hivemq] [91640141] DEBUG - Flushing: /opt/hivemq/data/persistence/retained_messages/040800_R/retained_messages_38
2025-01-29 14:00:54,886 INFO c.h.h.t.OperatorHelmChartContainer - [local-hivemq-1] [hivemq] [91640141] DEBUG - Flushing: /opt/hivemq/data/persistence/retained_messages/040800_R/retained_messages_39
2025-01-29 14:00:54,886 INFO c.h.h.t.OperatorHelmChartContainer - [local-hivemq-1] [hivemq] [91640141] DEBUG - Flushing: /opt/hivemq/data/persistence/retained_messages/040800_R/retained_messages_41
2025-01-29 14:00:54,887 INFO c.h.h.t.OperatorHelmChartContainer - [local-hivemq-1] [hivemq] [91640141] DEBUG - Flushing: /opt/hivemq/data/persistence/retained_messages/040800_R/retained_messages_42
2025-01-29 14:00:54,887 INFO c.h.h.t.OperatorHelmChartContainer - [local-hivemq-1] [hivemq] [91640141] DEBUG - Flushing: /opt/hivemq/data/persistence/retained_messages/040800_R/retained_messages_40
2025-01-29 14:00:54,887 INFO c.h.h.t.OperatorHelmChartContainer - [local-hivemq-1] [hivemq] [91640141] DEBUG - Flushing: /opt/hivemq/data/persistence/retained_messages/040800_R/retained_messages_43
2025-01-29 14:00:54,887 INFO c.h.h.t.OperatorHelmChartContainer - [local-hivemq-1] [hivemq] [91640141] DEBUG - Flushing: /opt/hivemq/data/persistence/retained_messages/040800_R/retained_messages_44
2025-01-29 14:00:54,887 INFO c.h.h.t.OperatorHelmChartContainer - [local-hivemq-1] [hivemq] [91640141] DEBUG - Flushing: /opt/hivemq/data/persistence/retained_messages/040800_R/retained_messages_45
2025-01-29 14:00:54,887 INFO c.h.h.t.OperatorHelmChartContainer - [local-hivemq-1] [hivemq] [91640141] DEBUG - Flushing: /opt/hivemq/data/persistence/retained_messages/040800_R/retained_messages_46
2025-01-29 14:00:54,887 INFO c.h.h.t.OperatorHelmChartContainer - [local-hivemq-1] [hivemq] [91640141] DEBUG - Flushing: /opt/hivemq/data/persistence/retained_messages/040800_R/retained_messages_47
2025-01-29 14:00:54,887 INFO c.h.h.t.OperatorHelmChartContainer - [local-hivemq-1] [hivemq] [91640141] DEBUG - Flushing: /opt/hivemq/data/persistence/retained_messages/040800_R/retained_messages_48
2025-01-29 14:00:54,887 INFO c.h.h.t.OperatorHelmChartContainer - [local-hivemq-1] [hivemq] [91640141] DEBUG - Flushing: /opt/hivemq/data/persistence/retained_messages/040800_R/retained_messages_49
2025-01-29 14:00:54,887 INFO c.h.h.t.OperatorHelmChartContainer - [local-hivemq-1] [hivemq] [91640141] DEBUG - Flushing: /opt/hivemq/data/persistence/retained_messages/040800_R/retained_messages_50
2025-01-29 14:00:54,887 INFO c.h.h.t.OperatorHelmChartContainer - [local-hivemq-1] [hivemq] [91640141] DEBUG - Flushing: /opt/hivemq/data/persistence/retained_messages/040800_R/retained_messages_51
2025-01-29 14:00:54,887 INFO c.h.h.t.OperatorHelmChartContainer - [local-hivemq-1] [hivemq] [91640141] DEBUG - Flushing: /opt/hivemq/data/persistence/retained_messages/040800_R/retained_messages_52
2025-01-29 14:00:54,887 INFO c.h.h.t.OperatorHelmChartContainer - [local-hivemq-1] [hivemq] [91640141] DEBUG - Flushing: /opt/hivemq/data/persistence/retained_messages/040800_R/retained_messages_53
2025-01-29 14:00:54,887 INFO c.h.h.t.OperatorHelmChartContainer - [local-hivemq-1] [hivemq] [91640141] DEBUG - Flushing: /opt/hivemq/data/persistence/retained_messages/040800_R/retained_messages_55
2025-01-29 14:00:54,887 INFO c.h.h.t.OperatorHelmChartContainer - [local-hivemq-1] [hivemq] [91640141] DEBUG - Flushing: /opt/hivemq/data/persistence/retained_messages/040800_R/retained_messages_54
2025-01-29 14:00:54,887 INFO c.h.h.t.OperatorHelmChartContainer - [local-hivemq-1] [hivemq] [91640141] DEBUG - Flushing: /opt/hivemq/data/persistence/retained_messages/040800_R/retained_messages_57
2025-01-29 14:00:54,887 INFO c.h.h.t.OperatorHelmChartContainer - [local-hivemq-1] [hivemq] [91640141] DEBUG - Flushing: /opt/hivemq/data/persistence/retained_messages/040800_R/retained_messages_56
2025-01-29 14:00:54,887 INFO c.h.h.t.OperatorHelmChartContainer - [local-hivemq-1] [hivemq] [91640141] DEBUG - Flushing: /opt/hivemq/data/persistence/retained_messages/040800_R/retained_messages_58
2025-01-29 14:00:54,887 INFO c.h.h.t.OperatorHelmChartContainer - [local-hivemq-1] [hivemq] [91640141] DEBUG - Flushing: /opt/hivemq/data/persistence/retained_messages/040800_R/retained_messages_59
2025-01-29 14:00:54,887 INFO c.h.h.t.OperatorHelmChartContainer - [local-hivemq-1] [hivemq] [91640141] DEBUG - Flushing: /opt/hivemq/data/persistence/retained_messages/040800_R/retained_messages_60
2025-01-29 14:00:54,887 INFO c.h.h.t.OperatorHelmChartContainer - [local-hivemq-1] [hivemq] [91640141] DEBUG - Flushing: /opt/hivemq/data/persistence/retained_messages/040800_R/retained_messages_61
2025-01-29 14:00:54,887 INFO c.h.h.t.OperatorHelmChartContainer - [local-hivemq-1] [hivemq] [91640141] DEBUG - Flushing: /opt/hivemq/data/persistence/retained_messages/040800_R/retained_messages_62
2025-01-29 14:00:54,887 INFO c.h.h.t.OperatorHelmChartContainer - [local-hivemq-1] [hivemq] [91640141] DEBUG - Flushing: /opt/hivemq/data/persistence/retained_messages/040800_R/retained_messages_63
2025-01-29 14:00:54,887 INFO c.h.h.t.OperatorHelmChartContainer - [local-hivemq-1] [hivemq] [91640141] DEBUG - Flushing: /opt/hivemq/data/persistence/attribute/043100_R/attribute_0
2025-01-29 14:00:54,887 INFO c.h.h.t.OperatorHelmChartContainer - [local-hivemq-1] [hivemq] [91640141] DEBUG - Flushing: /opt/hivemq/data/persistence/attribute/043100_R/attribute_1
2025-01-29 14:00:54,887 INFO c.h.h.t.OperatorHelmChartContainer - [local-hivemq-1] [hivemq] [91640141] DEBUG - Flushing: /opt/hivemq/data/persistence/attribute/043100_R/attribute_4
2025-01-29 14:00:54,887 INFO c.h.h.t.OperatorHelmChartContainer - [local-hivemq-1] [hivemq] [91640141] DEBUG - Flushing: /opt/hivemq/data/persistence/attribute/043100_R/attribute_2
2025-01-29 14:00:54,887 INFO c.h.h.t.OperatorHelmChartContainer - [local-hivemq-1] [hivemq] [91640141] DEBUG - Flushing: /opt/hivemq/data/persistence/attribute/043100_R/attribute_3
2025-01-29 14:00:54,887 INFO c.h.h.t.OperatorHelmChartContainer - [local-hivemq-1] [hivemq] [91640141] DEBUG - Flushing: /opt/hivemq/data/persistence/attribute/043100_R/attribute_5
2025-01-29 14:00:54,887 INFO c.h.h.t.OperatorHelmChartContainer - [local-hivemq-1] [hivemq] [91640141] DEBUG - Flushing: /opt/hivemq/data/persistence/attribute/043100_R/attribute_8
2025-01-29 14:00:54,887 INFO c.h.h.t.OperatorHelmChartContainer - [local-hivemq-1] [hivemq] [91640141] DEBUG - Flushing: /opt/hivemq/data/persistence/attribute/043100_R/attribute_6
2025-01-29 14:00:54,887 INFO c.h.h.t.OperatorHelmChartContainer - [local-hivemq-1] [hivemq] [91640141] DEBUG - Flushing: /opt/hivemq/data/persistence/attribute/043100_R/attribute_7
2025-01-29 14:00:54,887 INFO c.h.h.t.OperatorHelmChartContainer - [local-hivemq-1] [hivemq] [91640141] DEBUG - Flushing: /opt/hivemq/data/persistence/attribute/043100_R/attribute_9
2025-01-29 14:00:54,887 INFO c.h.h.t.OperatorHelmChartContainer - [local-hivemq-1] [hivemq] [91640141] DEBUG - Flushing: /opt/hivemq/data/persistence/attribute/043100_R/attribute_10
2025-01-29 14:00:54,887 INFO c.h.h.t.OperatorHelmChartContainer - [local-hivemq-1] [hivemq] [91640141] DEBUG - Flushing: /opt/hivemq/data/persistence/attribute/043100_R/attribute_11
2025-01-29 14:00:54,888 INFO c.h.h.t.OperatorHelmChartContainer - [local-hivemq-1] [hivemq] [91640141] DEBUG - Flushing: /opt/hivemq/data/persistence/attribute/043100_R/attribute_12
2025-01-29 14:00:54,888 INFO c.h.h.t.OperatorHelmChartContainer - [local-hivemq-1] [hivemq] [91640141] DEBUG - Flushing: /opt/hivemq/data/persistence/attribute/043100_R/attribute_13
2025-01-29 14:00:54,888 INFO c.h.h.t.OperatorHelmChartContainer - [local-hivemq-1] [hivemq] [91640141] DEBUG - Flushing: /opt/hivemq/data/persistence/attribute/043100_R/attribute_14
2025-01-29 14:00:54,888 INFO c.h.h.t.OperatorHelmChartContainer - [local-hivemq-1] [hivemq] [91640141] DEBUG - Flushing: /opt/hivemq/data/persistence/attribute/043100_R/attribute_15
2025-01-29 14:00:54,888 INFO c.h.h.t.OperatorHelmChartContainer - [local-hivemq-1] [hivemq] [91640141] DEBUG - Flushing: /opt/hivemq/data/persistence/attribute/043100_R/attribute_16
2025-01-29 14:00:54,888 INFO c.h.h.t.OperatorHelmChartContainer - [local-hivemq-1] [hivemq] [91640141] DEBUG - Flushing: /opt/hivemq/data/persistence/attribute/043100_R/attribute_17
2025-01-29 14:00:54,888 INFO c.h.h.t.OperatorHelmChartContainer - [local-hivemq-1] [hivemq] [91640141] DEBUG - Flushing: /opt/hivemq/data/persistence/attribute/043100_R/attribute_19
2025-01-29 14:00:54,888 INFO c.h.h.t.OperatorHelmChartContainer - [local-hivemq-1] [hivemq] [91640141] DEBUG - Flushing: /opt/hivemq/data/persistence/attribute/043100_R/attribute_20
2025-01-29 14:00:54,888 INFO c.h.h.t.OperatorHelmChartContainer - [local-hivemq-1] [hivemq] [91640141] DEBUG - Flushing: /opt/hivemq/data/persistence/attribute/043100_R/attribute_18
2025-01-29 14:00:54,888 INFO c.h.h.t.OperatorHelmChartContainer - [local-hivemq-1] [hivemq] [91640141] DEBUG - Flushing: /opt/hivemq/data/persistence/attribute/043100_R/attribute_21
2025-01-29 14:00:54,888 INFO c.h.h.t.OperatorHelmChartContainer - [local-hivemq-1] [hivemq] [91640141] DEBUG - Flushing: /opt/hivemq/data/persistence/attribute/043100_R/attribute_22
2025-01-29 14:00:54,888 INFO c.h.h.t.OperatorHelmChartContainer - [local-hivemq-1] [hivemq] [91640141] DEBUG - Flushing: /opt/hivemq/data/persistence/attribute/043100_R/attribute_23
2025-01-29 14:00:54,888 INFO c.h.h.t.OperatorHelmChartContainer - [local-hivemq-1] [hivemq] [91640141] DEBUG - Flushing: /opt/hivemq/data/persistence/attribute/043100_R/attribute_24
2025-01-29 14:00:54,888 INFO c.h.h.t.OperatorHelmChartContainer - [local-hivemq-1] [hivemq] [91640141] DEBUG - Flushing: /opt/hivemq/data/persistence/attribute/043100_R/attribute_25
2025-01-29 14:00:54,888 INFO c.h.h.t.OperatorHelmChartContainer - [local-hivemq-1] [hivemq] [91640141] DEBUG - Flushing: /opt/hivemq/data/persistence/attribute/043100_R/attribute_26
2025-01-29 14:00:54,888 INFO c.h.h.t.OperatorHelmChartContainer - [local-hivemq-1] [hivemq] [91640141] DEBUG - Flushing: /opt/hivemq/data/persistence/attribute/043100_R/attribute_27
2025-01-29 14:00:54,888 INFO c.h.h.t.OperatorHelmChartContainer - [local-hivemq-1] [hivemq] [91640141] DEBUG - Flushing: /opt/hivemq/data/persistence/attribute/043100_R/attribute_28
2025-01-29 14:00:54,888 INFO c.h.h.t.OperatorHelmChartContainer - [local-hivemq-1] [hivemq] [91640141] DEBUG - Flushing: /opt/hivemq/data/persistence/attribute/043100_R/attribute_29
2025-01-29 14:00:54,888 INFO c.h.h.t.OperatorHelmChartContainer - [local-hivemq-1] [hivemq] [91640141] DEBUG - Flushing: /opt/hivemq/data/persistence/attribute/043100_R/attribute_30
2025-01-29 14:00:54,888 INFO c.h.h.t.OperatorHelmChartContainer - [local-hivemq-1] [hivemq] [91640141] DEBUG - Flushing: /opt/hivemq/data/persistence/attribute/043100_R/attribute_32
2025-01-29 14:00:54,888 INFO c.h.h.t.OperatorHelmChartContainer - [local-hivemq-1] [hivemq] [91640141] DEBUG - Flushing: /opt/hivemq/data/persistence/attribute/043100_R/attribute_31
2025-01-29 14:00:54,888 INFO c.h.h.t.OperatorHelmChartContainer - [local-hivemq-1] [hivemq] [91640141] DEBUG - Flushing: /opt/hivemq/data/persistence/attribute/043100_R/attribute_33
2025-01-29 14:00:54,888 INFO c.h.h.t.OperatorHelmChartContainer - [local-hivemq-1] [hivemq] [91640141] DEBUG - Flushing: /opt/hivemq/data/persistence/attribute/043100_R/attribute_34
2025-01-29 14:00:54,888 INFO c.h.h.t.OperatorHelmChartContainer - [local-hivemq-1] [hivemq] [91640141] DEBUG - Flushing: /opt/hivemq/data/persistence/attribute/043100_R/attribute_36
2025-01-29 14:00:54,888 INFO c.h.h.t.OperatorHelmChartContainer - [local-hivemq-1] [hivemq] [91640141] DEBUG - Flushing: /opt/hivemq/data/persistence/attribute/043100_R/attribute_35
2025-01-29 14:00:54,888 INFO c.h.h.t.OperatorHelmChartContainer - [local-hivemq-1] [hivemq] [91640141] DEBUG - Flushing: /opt/hivemq/data/persistence/attribute/043100_R/attribute_37
2025-01-29 14:00:54,888 INFO c.h.h.t.OperatorHelmChartContainer - [local-hivemq-1] [hivemq] [91640141] DEBUG - Flushing: /opt/hivemq/data/persistence/attribute/043100_R/attribute_38
2025-01-29 14:00:54,888 INFO c.h.h.t.OperatorHelmChartContainer - [local-hivemq-1] [hivemq] [91640141] DEBUG - Flushing: /opt/hivemq/data/persistence/attribute/043100_R/attribute_39
2025-01-29 14:00:54,888 INFO c.h.h.t.OperatorHelmChartContainer - [local-hivemq-1] [hivemq] [91640141] DEBUG - Flushing: /opt/hivemq/data/persistence/attribute/043100_R/attribute_40
2025-01-29 14:00:54,888 INFO c.h.h.t.OperatorHelmChartContainer - [local-hivemq-1] [hivemq] [91640141] DEBUG - Flushing: /opt/hivemq/data/persistence/attribute/043100_R/attribute_41
2025-01-29 14:00:54,888 INFO c.h.h.t.OperatorHelmChartContainer - [local-hivemq-1] [hivemq] [91640141] DEBUG - Flushing: /opt/hivemq/data/persistence/attribute/043100_R/attribute_45
2025-01-29 14:00:54,888 INFO c.h.h.t.OperatorHelmChartContainer - [local-hivemq-1] [hivemq] [91640141] DEBUG - Flushing: /opt/hivemq/data/persistence/attribute/043100_R/attribute_42
2025-01-29 14:00:54,888 INFO c.h.h.t.OperatorHelmChartContainer - [local-hivemq-1] [hivemq] [91640141] DEBUG - Flushing: /opt/hivemq/data/persistence/attribute/043100_R/attribute_43
2025-01-29 14:00:54,888 INFO c.h.h.t.OperatorHelmChartContainer - [local-hivemq-1] [hivemq] [91640141] DEBUG - Flushing: /opt/hivemq/data/persistence/attribute/043100_R/attribute_44
2025-01-29 14:00:54,888 INFO c.h.h.t.OperatorHelmChartContainer - [local-hivemq-1] [hivemq] [91640141] DEBUG - Flushing: /opt/hivemq/data/persistence/attribute/043100_R/attribute_46
2025-01-29 14:00:54,888 INFO c.h.h.t.OperatorHelmChartContainer - [local-hivemq-1] [hivemq] [91640141] DEBUG - Flushing: /opt/hivemq/data/persistence/attribute/043100_R/attribute_49
2025-01-29 14:00:54,888 INFO c.h.h.t.OperatorHelmChartContainer - [local-hivemq-1] [hivemq] [91640141] DEBUG - Flushing: /opt/hivemq/data/persistence/attribute/043100_R/attribute_47
2025-01-29 14:00:54,888 INFO c.h.h.t.OperatorHelmChartContainer - [local-hivemq-1] [hivemq] [91640141] DEBUG - Flushing: /opt/hivemq/data/persistence/attribute/043100_R/attribute_48
2025-01-29 14:00:54,888 INFO c.h.h.t.OperatorHelmChartContainer - [local-hivemq-1] [hivemq] [91640141] DEBUG - Flushing: /opt/hivemq/data/persistence/attribute/043100_R/attribute_50
2025-01-29 14:00:54,888 INFO c.h.h.t.OperatorHelmChartContainer - [local-hivemq-1] [hivemq] [91640141] DEBUG - Flushing: /opt/hivemq/data/persistence/attribute/043100_R/attribute_53
2025-01-29 14:00:54,888 INFO c.h.h.t.OperatorHelmChartContainer - [local-hivemq-1] [hivemq] [91640141] DEBUG - Flushing: /opt/hivemq/data/persistence/attribute/043100_R/attribute_51
2025-01-29 14:00:54,888 INFO c.h.h.t.OperatorHelmChartContainer - [local-hivemq-1] [hivemq] [91640141] DEBUG - Flushing: /opt/hivemq/data/persistence/attribute/043100_R/attribute_52
2025-01-29 14:00:54,888 INFO c.h.h.t.OperatorHelmChartContainer - [local-hivemq-1] [hivemq] [91640141] DEBUG - Flushing: /opt/hivemq/data/persistence/attribute/043100_R/attribute_54
2025-01-29 14:00:54,888 INFO c.h.h.t.OperatorHelmChartContainer - [local-hivemq-1] [hivemq] [91640141] DEBUG - Flushing: /opt/hivemq/data/persistence/attribute/043100_R/attribute_55
2025-01-29 14:00:54,888 INFO c.h.h.t.OperatorHelmChartContainer - [local-hivemq-1] [hivemq] [91640141] DEBUG - Flushing: /opt/hivemq/data/persistence/attribute/043100_R/attribute_56
2025-01-29 14:00:54,888 INFO c.h.h.t.OperatorHelmChartContainer - [local-hivemq-1] [hivemq] [91640141] DEBUG - Flushing: /opt/hivemq/data/persistence/attribute/043100_R/attribute_57
2025-01-29 14:00:54,888 INFO c.h.h.t.OperatorHelmChartContainer - [local-hivemq-1] [hivemq] [91640141] DEBUG - Flushing: /opt/hivemq/data/persistence/attribute/043100_R/attribute_58
2025-01-29 14:00:54,888 INFO c.h.h.t.OperatorHelmChartContainer - [local-hivemq-1] [hivemq] [91640141] DEBUG - Flushing: /opt/hivemq/data/persistence/attribute/043100_R/attribute_59
2025-01-29 14:00:54,888 INFO c.h.h.t.OperatorHelmChartContainer - [local-hivemq-1] [hivemq] [91640141] DEBUG - Flushing: /opt/hivemq/data/persistence/attribute/043100_R/attribute_60
2025-01-29 14:00:54,888 INFO c.h.h.t.OperatorHelmChartContainer - [local-hivemq-1] [hivemq] [91640141] DEBUG - Flushing: /opt/hivemq/data/persistence/attribute/043100_R/attribute_61
2025-01-29 14:00:54,888 INFO c.h.h.t.OperatorHelmChartContainer - [local-hivemq-1] [hivemq] [91640141] DEBUG - Flushing: /opt/hivemq/data/persistence/attribute/043100_R/attribute_62
2025-01-29 14:00:54,888 INFO c.h.h.t.OperatorHelmChartContainer - [local-hivemq-1] [hivemq] [91640141] DEBUG - Flushing: /opt/hivemq/data/persistence/attribute/043100_R/attribute_63
2025-01-29 14:00:54,888 INFO c.h.h.t.OperatorHelmChartContainer - [local-hivemq-1] [hivemq] [91640141] DEBUG - Flushing: /opt/hivemq/data/persistence/incoming_message_flow/043000_R/incoming_message_flow_0
2025-01-29 14:00:54,888 INFO c.h.h.t.OperatorHelmChartContainer - [local-hivemq-1] [hivemq] [91640141] DEBUG - Flushing: /opt/hivemq/data/persistence/incoming_message_flow/043000_R/incoming_message_flow_1
2025-01-29 14:00:54,888 INFO c.h.h.t.OperatorHelmChartContainer - [local-hivemq-1] [hivemq] [91640141] DEBUG - Flushing: /opt/hivemq/data/persistence/incoming_message_flow/043000_R/incoming_message_flow_2
2025-01-29 14:00:54,888 INFO c.h.h.t.OperatorHelmChartContainer - [local-hivemq-1] [hivemq] [91640141] DEBUG - Flushing: /opt/hivemq/data/persistence/incoming_message_flow/043000_R/incoming_message_flow_3
2025-01-29 14:00:54,888 INFO c.h.h.t.OperatorHelmChartContainer - [local-hivemq-1] [hivemq] [91640141] DEBUG - Flushing: /opt/hivemq/data/persistence/incoming_message_flow/043000_R/incoming_message_flow_4
2025-01-29 14:00:54,888 INFO c.h.h.t.OperatorHelmChartContainer - [local-hivemq-1] [hivemq] [91640141] DEBUG - Flushing: /opt/hivemq/data/persistence/incoming_message_flow/043000_R/incoming_message_flow_5
2025-01-29 14:00:54,888 INFO c.h.h.t.OperatorHelmChartContainer - [local-hivemq-1] [hivemq] [91640141] DEBUG - Flushing: /opt/hivemq/data/persistence/incoming_message_flow/043000_R/incoming_message_flow_6
2025-01-29 14:00:54,888 INFO c.h.h.t.OperatorHelmChartContainer - [local-hivemq-1] [hivemq] [91640141] DEBUG - Flushing: /opt/hivemq/data/persistence/incoming_message_flow/043000_R/incoming_message_flow_7
2025-01-29 14:00:54,888 INFO c.h.h.t.OperatorHelmChartContainer - [local-hivemq-1] [hivemq] [91640141] DEBUG - Flushing: /opt/hivemq/data/persistence/incoming_message_flow/043000_R/incoming_message_flow_8
2025-01-29 14:00:54,888 INFO c.h.h.t.OperatorHelmChartContainer - [local-hivemq-1] [hivemq] [91640141] DEBUG - Flushing: /opt/hivemq/data/persistence/incoming_message_flow/043000_R/incoming_message_flow_9
2025-01-29 14:00:54,889 INFO c.h.h.t.OperatorHelmChartContainer - [local-hivemq-1] [hivemq] [91640141] DEBUG - Flushing: /opt/hivemq/data/persistence/incoming_message_flow/043000_R/incoming_message_flow_10
2025-01-29 14:00:54,889 INFO c.h.h.t.OperatorHelmChartContainer - [local-hivemq-1] [hivemq] [91640141] DEBUG - Flushing: /opt/hivemq/data/persistence/incoming_message_flow/043000_R/incoming_message_flow_11
2025-01-29 14:00:54,889 INFO c.h.h.t.OperatorHelmChartContainer - [local-hivemq-1] [hivemq] [91640141] DEBUG - Flushing: /opt/hivemq/data/persistence/incoming_message_flow/043000_R/incoming_message_flow_12
2025-01-29 14:00:54,889 INFO c.h.h.t.OperatorHelmChartContainer - [local-hivemq-1] [hivemq] [91640141] DEBUG - Flushing: /opt/hivemq/data/persistence/incoming_message_flow/043000_R/incoming_message_flow_14
2025-01-29 14:00:54,889 INFO c.h.h.t.OperatorHelmChartContainer - [local-hivemq-1] [hivemq] [91640141] DEBUG - Flushing: /opt/hivemq/data/persistence/incoming_message_flow/043000_R/incoming_message_flow_13
2025-01-29 14:00:54,889 INFO c.h.h.t.OperatorHelmChartContainer - [local-hivemq-1] [hivemq] [91640141] DEBUG - Flushing: /opt/hivemq/data/persistence/incoming_message_flow/043000_R/incoming_message_flow_15
2025-01-29 14:00:54,889 INFO c.h.h.t.OperatorHelmChartContainer - [local-hivemq-1] [hivemq] [91640141] DEBUG - Flushing: /opt/hivemq/data/persistence/incoming_message_flow/043000_R/incoming_message_flow_16
2025-01-29 14:00:54,889 INFO c.h.h.t.OperatorHelmChartContainer - [local-hivemq-1] [hivemq] [91640141] DEBUG - Flushing: /opt/hivemq/data/persistence/incoming_message_flow/043000_R/incoming_message_flow_17
2025-01-29 14:00:54,889 INFO c.h.h.t.OperatorHelmChartContainer - [local-hivemq-1] [hivemq] [91640141] DEBUG - Flushing: /opt/hivemq/data/persistence/incoming_message_flow/043000_R/incoming_message_flow_18
2025-01-29 14:00:54,889 INFO c.h.h.t.OperatorHelmChartContainer - [local-hivemq-1] [hivemq] [91640141] DEBUG - Flushing: /opt/hivemq/data/persistence/incoming_message_flow/043000_R/incoming_message_flow_19
2025-01-29 14:00:54,889 INFO c.h.h.t.OperatorHelmChartContainer - [local-hivemq-1] [hivemq] [91640141] DEBUG - Flushing: /opt/hivemq/data/persistence/incoming_message_flow/043000_R/incoming_message_flow_20
2025-01-29 14:00:54,889 INFO c.h.h.t.OperatorHelmChartContainer - [local-hivemq-1] [hivemq] [91640141] DEBUG - Flushing: /opt/hivemq/data/persistence/incoming_message_flow/043000_R/incoming_message_flow_21
2025-01-29 14:00:54,889 INFO c.h.h.t.OperatorHelmChartContainer - [local-hivemq-1] [hivemq] [91640141] DEBUG - Flushing: /opt/hivemq/data/persistence/incoming_message_flow/043000_R/incoming_message_flow_22
2025-01-29 14:00:54,889 INFO c.h.h.t.OperatorHelmChartContainer - [local-hivemq-1] [hivemq] [91640141] DEBUG - Flushing: /opt/hivemq/data/persistence/incoming_message_flow/043000_R/incoming_message_flow_23
2025-01-29 14:00:54,889 INFO c.h.h.t.OperatorHelmChartContainer - [local-hivemq-1] [hivemq] [91640141] DEBUG - Flushing: /opt/hivemq/data/persistence/incoming_message_flow/043000_R/incoming_message_flow_24
2025-01-29 14:00:54,889 INFO c.h.h.t.OperatorHelmChartContainer - [local-hivemq-1] [hivemq] [91640141] DEBUG - Flushing: /opt/hivemq/data/persistence/incoming_message_flow/043000_R/incoming_message_flow_26
2025-01-29 14:00:54,889 INFO c.h.h.t.OperatorHelmChartContainer - [local-hivemq-1] [hivemq] [91640141] DEBUG - Flushing: /opt/hivemq/data/persistence/incoming_message_flow/043000_R/incoming_message_flow_25
2025-01-29 14:00:54,889 INFO c.h.h.t.OperatorHelmChartContainer - [local-hivemq-1] [hivemq] [91640141] DEBUG - Flushing: /opt/hivemq/data/persistence/incoming_message_flow/043000_R/incoming_message_flow_27
2025-01-29 14:00:54,890 INFO c.h.h.t.OperatorHelmChartContainer - [local-hivemq-1] [hivemq] [91640141] DEBUG - Flushing: /opt/hivemq/data/persistence/incoming_message_flow/043000_R/incoming_message_flow_28
2025-01-29 14:00:54,890 INFO c.h.h.t.OperatorHelmChartContainer - [local-hivemq-1] [hivemq] [91640141] DEBUG - Flushing: /opt/hivemq/data/persistence/incoming_message_flow/043000_R/incoming_message_flow_29
2025-01-29 14:00:54,890 INFO c.h.h.t.OperatorHelmChartContainer - [local-hivemq-1] [hivemq] [91640141] DEBUG - Flushing: /opt/hivemq/data/persistence/incoming_message_flow/043000_R/incoming_message_flow_30
2025-01-29 14:00:54,890 INFO c.h.h.t.OperatorHelmChartContainer - [local-hivemq-1] [hivemq] [91640141] DEBUG - Flushing: /opt/hivemq/data/persistence/incoming_message_flow/043000_R/incoming_message_flow_31
2025-01-29 14:00:54,890 INFO c.h.h.t.OperatorHelmChartContainer - [local-hivemq-1] [hivemq] [91640141] DEBUG - Flushing: /opt/hivemq/data/persistence/incoming_message_flow/043000_R/incoming_message_flow_33
2025-01-29 14:00:54,890 INFO c.h.h.t.OperatorHelmChartContainer - [local-hivemq-1] [hivemq] [91640141] DEBUG - Flushing: /opt/hivemq/data/persistence/incoming_message_flow/043000_R/incoming_message_flow_32
2025-01-29 14:00:54,933 INFO c.h.h.t.OperatorHelmChartContainer - [local-hivemq-1] [hivemq] [91640141] DEBUG - Flushing: /opt/hivemq/data/persistence/incoming_message_flow/043000_R/incoming_message_flow_34
2025-01-29 14:00:54,934 INFO c.h.h.t.OperatorHelmChartContainer - [local-hivemq-1] [hivemq] [91640141] DEBUG - Flushing: /opt/hivemq/data/persistence/incoming_message_flow/043000_R/incoming_message_flow_35
2025-01-29 14:00:54,934 INFO c.h.h.t.OperatorHelmChartContainer - [local-hivemq-1] [hivemq] [91640141] DEBUG - Flushing: /opt/hivemq/data/persistence/incoming_message_flow/043000_R/incoming_message_flow_36
2025-01-29 14:00:54,934 INFO c.h.h.t.OperatorHelmChartContainer - [local-hivemq-1] [hivemq] [91640141] DEBUG - Flushing: /opt/hivemq/data/persistence/incoming_message_flow/043000_R/incoming_message_flow_37
2025-01-29 14:00:54,934 INFO c.h.h.t.OperatorHelmChartContainer - [local-hivemq-1] [hivemq] [91640141] DEBUG - Flushing: /opt/hivemq/data/persistence/incoming_message_flow/043000_R/incoming_message_flow_38
2025-01-29 14:00:54,934 INFO c.h.h.t.OperatorHelmChartContainer - [local-hivemq-1] [hivemq] [91640141] DEBUG - Flushing: /opt/hivemq/data/persistence/incoming_message_flow/043000_R/incoming_message_flow_39
2025-01-29 14:00:54,934 INFO c.h.h.t.OperatorHelmChartContainer - [local-hivemq-1] [hivemq] [91640141] DEBUG - Flushing: /opt/hivemq/data/persistence/incoming_message_flow/043000_R/incoming_message_flow_41
2025-01-29 14:00:54,934 INFO c.h.h.t.OperatorHelmChartContainer - [local-hivemq-1] [hivemq] [91640141] DEBUG - Flushing: /opt/hivemq/data/persistence/incoming_message_flow/043000_R/incoming_message_flow_40
2025-01-29 14:00:54,934 INFO c.h.h.t.OperatorHelmChartContainer - [local-hivemq-1] [hivemq] [91640141] DEBUG - Flushing: /opt/hivemq/data/persistence/incoming_message_flow/043000_R/incoming_message_flow_42
2025-01-29 14:00:54,934 INFO c.h.h.t.OperatorHelmChartContainer - [local-hivemq-1] [hivemq] [91640141] DEBUG - Flushing: /opt/hivemq/data/persistence/incoming_message_flow/043000_R/incoming_message_flow_44
2025-01-29 14:00:54,934 INFO c.h.h.t.OperatorHelmChartContainer - [local-hivemq-1] [hivemq] [91640141] DEBUG - Flushing: /opt/hivemq/data/persistence/incoming_message_flow/043000_R/incoming_message_flow_45
2025-01-29 14:00:54,934 INFO c.h.h.t.OperatorHelmChartContainer - [local-hivemq-1] [hivemq] [91640141] DEBUG - Flushing: /opt/hivemq/data/persistence/incoming_message_flow/043000_R/incoming_message_flow_43
2025-01-29 14:00:54,934 INFO c.h.h.t.OperatorHelmChartContainer - [local-hivemq-1] [hivemq] [91640141] DEBUG - Flushing: /opt/hivemq/data/persistence/incoming_message_flow/043000_R/incoming_message_flow_46
2025-01-29 14:00:54,934 INFO c.h.h.t.OperatorHelmChartContainer - [local-hivemq-1] [hivemq] [91640141] DEBUG - Flushing: /opt/hivemq/data/persistence/incoming_message_flow/043000_R/incoming_message_flow_47
2025-01-29 14:00:54,937 INFO c.h.h.t.OperatorHelmChartContainer - [local-hivemq-1] [hivemq] [91640141] DEBUG - Flushing: /opt/hivemq/data/persistence/incoming_message_flow/043000_R/incoming_message_flow_49
2025-01-29 14:00:54,937 INFO c.h.h.t.OperatorHelmChartContainer - [local-hivemq-1] [hivemq] [91640141] DEBUG - Flushing: /opt/hivemq/data/persistence/incoming_message_flow/043000_R/incoming_message_flow_48
2025-01-29 14:00:54,937 INFO c.h.h.t.OperatorHelmChartContainer - [local-hivemq-1] [hivemq] [91640141] DEBUG - Flushing: /opt/hivemq/data/persistence/incoming_message_flow/043000_R/incoming_message_flow_50
2025-01-29 14:00:54,937 INFO c.h.h.t.OperatorHelmChartContainer - [local-hivemq-1] [hivemq] [91640141] DEBUG - Flushing: /opt/hivemq/data/persistence/incoming_message_flow/043000_R/incoming_message_flow_51
2025-01-29 14:00:54,937 INFO c.h.h.t.OperatorHelmChartContainer - [local-hivemq-1] [hivemq] [91640141] DEBUG - Flushing: /opt/hivemq/data/persistence/incoming_message_flow/043000_R/incoming_message_flow_52
2025-01-29 14:00:54,937 INFO c.h.h.t.OperatorHelmChartContainer - [local-hivemq-1] [hivemq] [91640141] DEBUG - Flushing: /opt/hivemq/data/persistence/incoming_message_flow/043000_R/incoming_message_flow_53
2025-01-29 14:00:54,937 INFO c.h.h.t.OperatorHelmChartContainer - [local-hivemq-1] [hivemq] [91640141] DEBUG - Flushing: /opt/hivemq/data/persistence/incoming_message_flow/043000_R/incoming_message_flow_54
2025-01-29 14:00:54,937 INFO c.h.h.t.OperatorHelmChartContainer - [local-hivemq-1] [hivemq] [91640141] DEBUG - Flushing: /opt/hivemq/data/persistence/incoming_message_flow/043000_R/incoming_message_flow_55
2025-01-29 14:00:54,937 INFO c.h.h.t.OperatorHelmChartContainer - [local-hivemq-1] [hivemq] [91640141] DEBUG - Flushing: /opt/hivemq/data/persistence/incoming_message_flow/043000_R/incoming_message_flow_56
2025-01-29 14:00:54,937 INFO c.h.h.t.OperatorHelmChartContainer - [local-hivemq-1] [hivemq] [91640141] DEBUG - Flushing: /opt/hivemq/data/persistence/incoming_message_flow/043000_R/incoming_message_flow_57
2025-01-29 14:00:54,937 INFO c.h.h.t.OperatorHelmChartContainer - [local-hivemq-1] [hivemq] [91640141] DEBUG - Flushing: /opt/hivemq/data/persistence/incoming_message_flow/043000_R/incoming_message_flow_58
2025-01-29 14:00:54,937 INFO c.h.h.t.OperatorHelmChartContainer - [local-hivemq-1] [hivemq] [91640141] DEBUG - Flushing: /opt/hivemq/data/persistence/incoming_message_flow/043000_R/incoming_message_flow_59
2025-01-29 14:00:54,937 INFO c.h.h.t.OperatorHelmChartContainer - [local-hivemq-1] [hivemq] [91640141] DEBUG - Flushing: /opt/hivemq/data/persistence/incoming_message_flow/043000_R/incoming_message_flow_60
2025-01-29 14:00:54,937 INFO c.h.h.t.OperatorHelmChartContainer - [local-hivemq-1] [hivemq] [91640141] DEBUG - Flushing: /opt/hivemq/data/persistence/incoming_message_flow/043000_R/incoming_message_flow_61
2025-01-29 14:00:54,937 INFO c.h.h.t.OperatorHelmChartContainer - [local-hivemq-1] [hivemq] [91640141] DEBUG - Flushing: /opt/hivemq/data/persistence/incoming_message_flow/043000_R/incoming_message_flow_62
2025-01-29 14:00:54,937 INFO c.h.h.t.OperatorHelmChartContainer - [local-hivemq-1] [hivemq] [91640141] DEBUG - Flushing: /opt/hivemq/data/persistence/incoming_message_flow/043000_R/incoming_message_flow_63
2025-01-29 14:00:54,937 INFO c.h.h.t.OperatorHelmChartContainer - [local-hivemq-1] [hivemq] [91640141] DEBUG - Flushing: /opt/hivemq/data/persistence/data_hub_modules/043000_R/data_hub_modules_0
2025-01-29 14:00:54,937 INFO c.h.h.t.OperatorHelmChartContainer - [local-hivemq-1] [hivemq] [91640141] DEBUG - Flushing: /opt/hivemq/data/persistence/data_hub_schemas/042000_R/data_hub_schemas_0
2025-01-29 14:00:54,937 INFO c.h.h.t.OperatorHelmChartContainer - [local-hivemq-1] [hivemq] [91640141] DEBUG - Flushing: /opt/hivemq/data/persistence/data_hub_scripts/042300_R/data_hub_scripts_0
2025-01-29 14:00:54,937 INFO c.h.h.t.OperatorHelmChartContainer - [local-hivemq-1] [hivemq] [91640141] DEBUG - Flushing: /opt/hivemq/data/persistence/data_hub_policies/042000_R/data_hub_policies_0
2025-01-29 14:00:54,937 INFO c.h.h.t.OperatorHelmChartContainer - [local-hivemq-1] [hivemq] [91640141] DEBUG - Enabling WAL.
2025-01-29 14:00:54,937 INFO c.h.h.t.OperatorHelmChartContainer - [local-hivemq-1] [hivemq] [91640141] DEBUG - Sending RUNNING state request to hk6jD.
2025-01-29 14:00:54,941 INFO c.h.h.t.OperatorHelmChartContainer - [local-hivemq-0] [hivemq] [c35f5f09] DEBUG - Starting After-Join-Cleanup for node rI11n.
2025-01-29 14:00:54,944 INFO c.h.h.t.OperatorHelmChartContainer - [local-hivemq-0] [hivemq] [c35f5f09] DEBUG - State of node rI11n changed to RUNNING was JOINING. Current cluster node states: {hk6jD=RUNNING, rI11n=RUNNING}
2025-01-29 14:00:54,951 INFO c.h.h.t.OperatorHelmChartContainer - [local-hivemq-1] [hivemq] [91640141] DEBUG - Starting After-Join-Cleanup for node rI11n.
2025-01-29 14:00:54,952 INFO c.h.h.t.OperatorHelmChartContainer - [local-hivemq-0] [hivemq] [c35f5f09] INFO  - Cluster size = 2, members : [hk6jD, rI11n].
2025-01-29 14:00:54,953 INFO c.h.h.t.OperatorHelmChartContainer - [local-hivemq-0] [hivemq] [c35f5f09] DEBUG - Sending RUNNING state notification for rI11n to all nodes.
2025-01-29 14:00:54,960 INFO c.h.h.t.OperatorHelmChartContainer - [local-hivemq-1] [hivemq] [91640141] DEBUG - State of node rI11n changed to RUNNING was JOINING. Current cluster node states: {hk6jD=RUNNING, rI11n=RUNNING}
2025-01-29 14:00:54,960 INFO c.h.h.t.OperatorHelmChartContainer - [local-hivemq-1] [hivemq] [91640141] INFO  - Cluster size = 2, members : [hk6jD, rI11n].
2025-01-29 14:00:54,968 INFO c.h.h.t.OperatorHelmChartContainer - [local-hivemq-0] [hivemq] [c35f5f09] DEBUG - Finished After-Join-Cleanup for node rI11n in 30ms.
2025-01-29 14:00:55,034 INFO c.h.h.t.OperatorHelmChartContainer - [local-hivemq-1] [hivemq] [91640141] INFO  - Finished cluster join process successfully.
2025-01-29 14:00:55,035 INFO c.h.h.t.OperatorHelmChartContainer - [local-hivemq-1] [hivemq] [91640141] WARN  - No user for HiveMQ Control Center configured. Starting with default user
2025-01-29 14:00:55,035 INFO c.h.h.t.OperatorHelmChartContainer - [local-hivemq-1] [hivemq] [91640141] INFO  - Starting HiveMQ Control Center on address 0.0.0.0 and port 8080
2025-01-29 14:00:55,132 INFO c.h.h.t.OperatorHelmChartContainer - [local-hivemq-1] [hivemq] [91640141] DEBUG - Finished After-Join-Cleanup for node rI11n in 183ms.
2025-01-29 14:00:55,243 INFO c.h.h.t.OperatorHelmChartContainer - [local-hivemq-1] [hivemq] [91640141] INFO  - Mounting HiveMQ Control Center V2 Preview
2025-01-29 14:00:56,434 INFO c.h.h.t.OperatorHelmChartContainer - [local-hivemq-1] [hivemq] [91640141] INFO  - Started HiveMQ Control Center in 1401ms
2025-01-29 14:00:56,450 INFO c.h.h.t.OperatorHelmChartContainer - [local-hivemq-1] [hivemq] [91640141] INFO  - Starting TCP listener on address 0.0.0.0 and port 1883
2025-01-29 14:00:56,540 INFO c.h.h.t.OperatorHelmChartContainer - [local-hivemq-1] [hivemq] [91640141] INFO  - Started TCP Listener on address 0.0.0.0 and on port 1883.
2025-01-29 14:00:56,540 INFO c.h.h.t.OperatorHelmChartContainer - [local-hivemq-1] [hivemq] [91640141] INFO  - Started HiveMQ in 26191ms
2025-01-29 14:00:56,764 INFO c.h.h.t.OperatorHelmChartContainer - [local-hivemq-hivemq-operator] [operator] [b9bb643b] ?[36m14:00:56.762?[0;39m ?[1;30m[pool-3-thread-12]?[0;39m ?[31mWARN ?[0;39m ?[35mc.h.operations.DeploymentOperable?[0;39m - Exception while waiting class io.fabric8.kubernetes.client.KubernetesClientTimeoutException:Timed out waiting for [45000] milliseconds for [StatefulSet] with name:[local-hivemq] in namespace [default].
2025-01-29 14:00:56,936 DEBUG com.hivemq.helmcharts.util.K8sUtil - State to compare Updating and waiting for Updating
2025-01-29 14:00:56,950 DEBUG com.hivemq.helmcharts.util.K8sUtil - State to compare Updating and waiting for Running
2025-01-29 14:00:59,696 INFO c.h.h.t.OperatorHelmChartContainer - [POD] local-hivemq-1 [91640141-0cd4-4987-8f0a-490ab7f25f85] in default was MODIFIED
2025-01-29 14:00:59,830 INFO c.h.h.t.OperatorHelmChartContainer - [local-hivemq-hivemq-operator] [operator] [b9bb643b] ?[36m14:00:59.829?[0;39m ?[1;30m[pool-3-thread-12]?[0;39m ?[34mINFO ?[0;39m ?[35mcom.hivemq.Operator?[0;39m - State synchronization complete for cluster 'local-hivemq' in namespace 'default' in 48612ms
2025-01-29 14:00:59,830 DEBUG com.hivemq.helmcharts.util.K8sUtil - State to compare Running and waiting for Running
2025-01-29 14:00:59,978 INFO c.h.h.t.OperatorHelmChartContainer - Stopped log watcher for operator in pod local-hivemq-hivemq-operator-operator-6b564f6db4-v5hcd [b9bb643b-ff87-4ae7-9833-b641841421d0]
2025-01-29 14:00:59,979 INFO c.h.h.t.OperatorHelmChartContainer - Stopped log watcher for hivemq in pod local-hivemq-1 [91640141-0cd4-4987-8f0a-490ab7f25f85]
2025-01-29 14:00:59,980 INFO c.h.h.t.OperatorHelmChartContainer - Stopped log watcher for hivemq in pod local-hivemq-0 [c35f5f09-6aad-4feb-9e77-0c59dc6b1619]
2025-01-29 14:00:59,994 INFO c.h.h.t.OperatorHelmChartContainer - [K3S] [WARNING] signal received: \"terminated\", canceling context...
2025-01-29 14:00:59,996 INFO c.h.h.t.OperatorHelmChartContainer - [K3S] [health_controller.go:224] Shutting down HealthController RunCheck
2025-01-29 14:00:59,996 INFO c.h.h.t.OperatorHelmChartContainer - [K3S] [network_policy_controller.go:190] Shutting down network policies full sync goroutine
2025-01-29 14:00:59,996 INFO c.h.h.t.OperatorHelmChartContainer - [K3S] [subnet.go:137] could not watch leases: context canceled
2025-01-29 14:00:59,996 INFO c.h.h.t.OperatorHelmChartContainer - [K3S] [vxlan_network.go:79] evts chan closed
2025-01-29 14:01:00,165 INFO c.h.h.t.OperatorHelmChartContainer - [K3S] 
2025-01-29 14:01:00,165 INFO c.h.h.t.OperatorHelmChartContainer - [K3S] 
]]></system-out>
  </testcase>
  <system-out><![CDATA[2025-01-29 13:58:40,535 INFO o.t.i.builder.ImageFromDockerfile - Pre-emptively checking local images for 'ubuntu:noble-20241118.1@sha256:80dd3c3b9c6cecb9f1667e9290b3bc61b78c2678c02cbdae5f0fea92cc6734ab', referenced via a Dockerfile. If not available, it will be pulled.
2025-01-29 13:58:40,535 INFO o.t.i.builder.ImageFromDockerfile - Pre-emptively checking local images for 'rancher/k3s:v1.32.1-k3s1', referenced via a Dockerfile. If not available, it will be pulled.
2025-01-29 13:58:40,537 INFO o.t.i.builder.ImageFromDockerfile - Transferred 0 bytes to Docker daemon
]]></system-out>
  <system-err><![CDATA[]]></system-err>
</testsuite>
