<?xml version="1.0" encoding="UTF-8"?>
<testsuite name="com.hivemq.helmcharts.platform.HelmRollingUpgradePlatformIT" tests="1" skipped="0" failures="0" errors="0" timestamp="2025-05-24T02:53:44" hostname="fv-az1307-9" time="93.388">
  <properties/>
  <testcase name="withPreviousPlatformInstalled_upgradeToLatestChartVersion()" classname="com.hivemq.helmcharts.platform.HelmRollingUpgradePlatformIT" time="93.388"/>
</testsuite>
