<?xml version="1.0" encoding="UTF-8"?>
<testsuite name="com.hivemq.helmcharts.platform.HelmCustomServiceAccountIT" tests="4" skipped="0" failures="0" errors="0" timestamp="2025-02-10T07:18:36" hostname="fv-az2029-836" time="432.888">
  <properties/>
  <testcase name="platformCharts_withCreateAndValidateDisabled_hivemqRunning()" classname="com.hivemq.helmcharts.platform.HelmCustomServiceAccountIT" time="95.777"/>
  <testcase name="platformCharts_withNonExistingCustomServiceAccountThenCreate_hivemqRunning()" classname="com.hivemq.helmcharts.platform.HelmCustomServiceAccountIT" time="118.261"/>
  <testcase name="platformCharts_withCreationAndValidationDisabled_withCorrectExternalPermissions_hivemqRunning()" classname="com.hivemq.helmcharts.platform.HelmCustomServiceAccountIT" time="97.175"/>
  <testcase name="platformCharts_withNonExistingPermissionsThenCreate_hivemqRunning()" classname="com.hivemq.helmcharts.platform.HelmCustomServiceAccountIT" time="121.675"/>
</testsuite>
