<?xml version="1.0" encoding="UTF-8"?>
<testsuite name="com.hivemq.helmcharts.containers.HelmAdditionalContainersIT" tests="1" skipped="0" failures="0" errors="0" timestamp="2025-04-05T02:19:21" hostname="fv-az1337-654" time="94.258">
  <properties/>
  <testcase name="whenAdditionalContainer_withConsulTemplate_thenLicenseUpdated()" classname="com.hivemq.helmcharts.containers.HelmAdditionalContainersIT" time="94.258"/>
</testsuite>
