<?xml version="1.0" encoding="UTF-8"?>
<testsuite name="com.hivemq.helmcharts.StatefulSetRollingUpgradeIT" tests="1" skipped="0" failures="0" errors="0" timestamp="2025-02-27T07:54:15" hostname="fv-az1701-69" time="142.006">
  <properties/>
  <testcase name="withStatefulSet_RollingUpgrade()" classname="com.hivemq.helmcharts.StatefulSetRollingUpgradeIT" time="142.006"/>
</testsuite>
