<?xml version="1.0" encoding="UTF-8"?>
<testsuite name="com.hivemq.helmcharts.services.HelmWebsocketsIT" tests="2" skipped="0" failures="0" errors="0" timestamp="2025-05-16T15:25:58" hostname="fv-az1319-332" time="181.185">
  <properties/>
  <testcase name="platformChart_whenMtlsWebsocketEnabledWithDifferentPrivateKey_thenSendsReceivesMessage(Path)" classname="com.hivemq.helmcharts.services.HelmWebsocketsIT" time="88.016"/>
  <testcase name="platformChart_whenMtlsWebsocketEnabled_thenSendsReceivesMessage(Path)" classname="com.hivemq.helmcharts.services.HelmWebsocketsIT" time="93.169"/>
</testsuite>
