<?xml version="1.0" encoding="UTF-8"?>
<testsuite name="com.hivemq.helmcharts.extensions.HelmExtensionPriorityIT" tests="1" skipped="0" failures="0" errors="0" timestamp="2025-06-09T15:10:46" hostname="fv-az1373-359" time="118.626">
  <properties/>
  <testcase name="platformChart_whenExtensionPriorityIsConfigured_thenInterceptorsAreExecutedInTheExpectedOrder()" classname="com.hivemq.helmcharts.extensions.HelmExtensionPriorityIT" time="118.626"/>
</testsuite>
