<?xml version="1.0" encoding="UTF-8"?>
<testsuite name="com.hivemq.helmcharts.EseExtensionInstallationIT" tests="1" skipped="0" failures="0" errors="0" timestamp="2025-01-29T13:54:28" hostname="fv-az1278-994" time="199.943">
  <properties/>
  <testcase name="withExtensionConfiguration_hivemqRunning()" classname="com.hivemq.helmcharts.EseExtensionInstallationIT" time="199.943">
    <system-out><![CDATA[2025-01-29 13:54:28,023 INFO t.localhost/testcontainers/vntvwunuzphvivwe:latest - Creating container for image: localhost/testcontainers/vntvwunuzphvivwe:latest
2025-01-29 13:54:28,025 INFO tc.alpine:3.17 - Pulling docker image: alpine:3.17. Please be patient; this may take some time but only needs to be done once.
2025-01-29 13:54:29,009 INFO tc.alpine:3.17 - Starting to pull image
2025-01-29 13:54:29,010 INFO tc.alpine:3.17 - Pulling image layers:  0 pending,  0 downloaded,  0 extracted, (0 bytes/0 bytes)
2025-01-29 13:54:29,532 INFO tc.alpine:3.17 - Pulling image layers:  0 pending,  1 downloaded,  0 extracted, (33 KB/3 MB)
2025-01-29 13:54:29,632 INFO tc.alpine:3.17 - Pulling image layers:  0 pending,  1 downloaded,  1 extracted, (3 MB/3 MB)
2025-01-29 13:54:29,640 INFO tc.alpine:3.17 - Image alpine:3.17 pull took PT1.613904815S
2025-01-29 13:54:30,023 INFO t.localhost/testcontainers/vntvwunuzphvivwe:latest - Container localhost/testcontainers/vntvwunuzphvivwe:latest is starting: 9585fd39d6ed4c54673921de47690f34341ccdad12c6909613383d4ea47492ee
2025-01-29 13:54:30,394 INFO c.h.h.t.OperatorHelmChartContainer - [K3S] [INFO] Starting k3s v1.32.1+k3s1 (6a322f12)
2025-01-29 13:54:30,397 INFO c.h.h.t.OperatorHelmChartContainer - [K3S] [INFO] Configuring sqlite3 database connection pooling: maxIdleConns=2, maxOpenConns=0, connMaxLifetime=0s
2025-01-29 13:54:30,397 INFO c.h.h.t.OperatorHelmChartContainer - [K3S] [INFO] Configuring database table schema and indexes, this may take a moment...
2025-01-29 13:54:30,406 INFO c.h.h.t.OperatorHelmChartContainer - [K3S] [INFO] Database tables and indexes are up to date
2025-01-29 13:54:30,409 INFO c.h.h.t.OperatorHelmChartContainer - [K3S] [INFO] Kine available at unix://kine.sock
2025-01-29 13:54:30,510 INFO c.h.h.t.OperatorHelmChartContainer - [K3S] [INFO] Saving cluster bootstrap data to datastore
2025-01-29 13:54:30,511 INFO c.h.h.t.OperatorHelmChartContainer - [K3S] [WARNING] dynamiclistener [::]:6443: no cached certificate available for preload - deferring certificate load until storage initialization or first client request
2025-01-29 13:54:30,512 INFO c.h.h.t.OperatorHelmChartContainer - [K3S] [INFO] Active TLS secret / (ver=) (count 10): map[listener.cattle.io/cn-10.43.0.1:10.43.0.1 listener.cattle.io/cn-127.0.0.1:127.0.0.1 listener.cattle.io/cn-172.17.0.3:172.17.0.3 listener.cattle.io/cn-9585fd39d6ed:9585fd39d6ed listener.cattle.io/cn-__1-f16284:::1 listener.cattle.io/cn-kubernetes:kubernetes listener.cattle.io/cn-kubernetes.default:kubernetes.default listener.cattle.io/cn-kubernetes.default.svc:kubernetes.default.svc listener.cattle.io/cn-kubernetes.default.svc.cluster.local:kubernetes.default.svc.cluster.local listener.cattle.io/cn-localhost:localhost listener.cattle.io/fingerprint:SHA1=3322C12C48204A04EB0F0AAA5281BC2EC2B13462]
2025-01-29 13:54:30,680 INFO c.h.h.t.OperatorHelmChartContainer - [K3S] [INFO] Running kube-apiserver --advertise-port=6443 --allow-privileged=true --anonymous-auth=false --api-audiences=https://kubernetes.default.svc.cluster.local,k3s --authorization-mode=Node,RBAC --bind-address=127.0.0.1 --cert-dir=/var/lib/rancher/k3s/server/tls/temporary-certs --client-ca-file=/var/lib/rancher/k3s/server/tls/client-ca.crt --egress-selector-config-file=/var/lib/rancher/k3s/server/etc/egress-selector-config.yaml --enable-admission-plugins=NodeRestriction --enable-aggregator-routing=true --enable-bootstrap-token-auth=true --etcd-servers=unix://kine.sock --kubelet-certificate-authority=/var/lib/rancher/k3s/server/tls/server-ca.crt --kubelet-client-certificate=/var/lib/rancher/k3s/server/tls/client-kube-apiserver.crt --kubelet-client-key=/var/lib/rancher/k3s/server/tls/client-kube-apiserver.key --kubelet-preferred-address-types=InternalIP,ExternalIP,Hostname --profiling=false --proxy-client-cert-file=/var/lib/rancher/k3s/server/tls/client-auth-proxy.crt --proxy-client-key-file=/var/lib/rancher/k3s/server/tls/client-auth-proxy.key --requestheader-allowed-names=system:auth-proxy --requestheader-client-ca-file=/var/lib/rancher/k3s/server/tls/request-header-ca.crt --requestheader-extra-headers-prefix=X-Remote-Extra- --requestheader-group-headers=X-Remote-Group --requestheader-username-headers=X-Remote-User --secure-port=6444 --service-account-issuer=https://kubernetes.default.svc.cluster.local --service-account-key-file=/var/lib/rancher/k3s/server/tls/service.key --service-account-signing-key-file=/var/lib/rancher/k3s/server/tls/service.current.key --service-cluster-ip-range=10.43.0.0/16 --service-node-port-range=30000-32767 --storage-backend=etcd3 --tls-cert-file=/var/lib/rancher/k3s/server/tls/serving-kube-apiserver.crt --tls-cipher-suites=TLS_ECDHE_ECDSA_WITH_AES_256_GCM_SHA384,TLS_ECDHE_RSA_WITH_AES_256_GCM_SHA384,TLS_ECDHE_ECDSA_WITH_AES_128_GCM_SHA256,TLS_ECDHE_RSA_WITH_AES_128_GCM_SHA256,TLS_ECDHE_ECDSA_WITH_CHACHA20_POLY1305,TLS_ECDHE_RSA_WITH_CHACHA20_POLY1305 --tls-private-key-file=/var/lib/rancher/k3s/server/tls/serving-kube-apiserver.key
2025-01-29 13:54:30,684 INFO c.h.h.t.OperatorHelmChartContainer - [K3S] [INFO] Running kube-scheduler --authentication-kubeconfig=/var/lib/rancher/k3s/server/cred/scheduler.kubeconfig --authorization-kubeconfig=/var/lib/rancher/k3s/server/cred/scheduler.kubeconfig --bind-address=127.0.0.1 --kubeconfig=/var/lib/rancher/k3s/server/cred/scheduler.kubeconfig --leader-elect=false --profiling=false --secure-port=10259
2025-01-29 13:54:30,684 INFO c.h.h.t.OperatorHelmChartContainer - [K3S] [registry.go:256] calling componentGlobalsRegistry.AddFlags more than once, the registry will be set by the latest flags
2025-01-29 13:54:30,684 INFO c.h.h.t.OperatorHelmChartContainer - [K3S] [INFO] Waiting for API server to become available
2025-01-29 13:54:30,685 INFO c.h.h.t.OperatorHelmChartContainer - [K3S] [INFO] Running kube-controller-manager --allocate-node-cidrs=true --authentication-kubeconfig=/var/lib/rancher/k3s/server/cred/controller.kubeconfig --authorization-kubeconfig=/var/lib/rancher/k3s/server/cred/controller.kubeconfig --bind-address=127.0.0.1 --cluster-cidr=10.42.0.0/16 --cluster-signing-kube-apiserver-client-cert-file=/var/lib/rancher/k3s/server/tls/client-ca.nochain.crt --cluster-signing-kube-apiserver-client-key-file=/var/lib/rancher/k3s/server/tls/client-ca.key --cluster-signing-kubelet-client-cert-file=/var/lib/rancher/k3s/server/tls/client-ca.nochain.crt --cluster-signing-kubelet-client-key-file=/var/lib/rancher/k3s/server/tls/client-ca.key --cluster-signing-kubelet-serving-cert-file=/var/lib/rancher/k3s/server/tls/server-ca.nochain.crt --cluster-signing-kubelet-serving-key-file=/var/lib/rancher/k3s/server/tls/server-ca.key --cluster-signing-legacy-unknown-cert-file=/var/lib/rancher/k3s/server/tls/server-ca.nochain.crt --cluster-signing-legacy-unknown-key-file=/var/lib/rancher/k3s/server/tls/server-ca.key --configure-cloud-routes=false --controllers=*,tokencleaner,-service,-route,-cloud-node-lifecycle --kubeconfig=/var/lib/rancher/k3s/server/cred/controller.kubeconfig --leader-elect=false --profiling=false --root-ca-file=/var/lib/rancher/k3s/server/tls/server-ca.crt --secure-port=10257 --service-account-private-key-file=/var/lib/rancher/k3s/server/tls/service.current.key --service-cluster-ip-range=10.43.0.0/16 --use-service-account-credentials=true
2025-01-29 13:54:30,686 INFO c.h.h.t.OperatorHelmChartContainer - [K3S] [options.go:299] unable to set WatchListClient feature gate, err: cannot override default for feature "WatchListClient": gates already added to a flag set
2025-01-29 13:54:30,686 INFO c.h.h.t.OperatorHelmChartContainer - [K3S] [registry.go:256] calling componentGlobalsRegistry.AddFlags more than once, the registry will be set by the latest flags
2025-01-29 13:54:30,686 INFO c.h.h.t.OperatorHelmChartContainer - [K3S] [INFO] Running cloud-controller-manager --allocate-node-cidrs=true --authentication-kubeconfig=/var/lib/rancher/k3s/server/cred/cloud-controller.kubeconfig --authorization-kubeconfig=/var/lib/rancher/k3s/server/cred/cloud-controller.kubeconfig --bind-address=127.0.0.1 --cloud-config=/var/lib/rancher/k3s/server/etc/cloud-config.yaml --cloud-provider=k3s --cluster-cidr=10.42.0.0/16 --configure-cloud-routes=false --controllers=*,-route --kubeconfig=/var/lib/rancher/k3s/server/cred/cloud-controller.kubeconfig --leader-elect=false --leader-elect-resource-name=k3s-cloud-controller-manager --node-status-update-frequency=1m0s --profiling=false
2025-01-29 13:54:30,687 INFO c.h.h.t.OperatorHelmChartContainer - [K3S] [registry.go:256] calling componentGlobalsRegistry.AddFlags more than once, the registry will be set by the latest flags
2025-01-29 13:54:30,687 INFO c.h.h.t.OperatorHelmChartContainer - [K3S] [INFO] Server node token is available at /var/lib/rancher/k3s/server/token
2025-01-29 13:54:30,687 INFO c.h.h.t.OperatorHelmChartContainer - [K3S] [INFO] To join server node to cluster: k3s server -s https://172.17.0.3:6443 -t ${SERVER_NODE_TOKEN}
2025-01-29 13:54:30,687 INFO c.h.h.t.OperatorHelmChartContainer - [K3S] [INFO] Agent node token is available at /var/lib/rancher/k3s/server/agent-token
2025-01-29 13:54:30,687 INFO c.h.h.t.OperatorHelmChartContainer - [K3S] [INFO] To join agent node to cluster: k3s agent -s https://172.17.0.3:6443 -t ${AGENT_NODE_TOKEN}
2025-01-29 13:54:30,688 INFO c.h.h.t.OperatorHelmChartContainer - [K3S] [INFO] Wrote kubeconfig /etc/rancher/k3s/k3s.yaml
2025-01-29 13:54:30,688 INFO c.h.h.t.OperatorHelmChartContainer - [K3S] [INFO] Run: k3s kubectl
2025-01-29 13:54:30,688 INFO c.h.h.t.OperatorHelmChartContainer - [K3S] [options.go:238] external host was not specified, using 172.17.0.3
2025-01-29 13:54:30,692 INFO c.h.h.t.OperatorHelmChartContainer - [K3S] [server.go:151] Version: v1.32.1+k3s1
2025-01-29 13:54:30,693 INFO c.h.h.t.OperatorHelmChartContainer - [K3S] [server.go:153] "Golang settings" GOGC="" GOMAXPROCS="" GOTRACEBACK=""
2025-01-29 13:54:30,931 INFO c.h.h.t.OperatorHelmChartContainer - [K3S] [plugins.go:157] Loaded 13 mutating admission controller(s) successfully in the following order: NamespaceLifecycle,LimitRanger,ServiceAccount,NodeRestriction,TaintNodesByCondition,Priority,DefaultTolerationSeconds,DefaultStorageClass,StorageObjectInUseProtection,RuntimeClass,DefaultIngressClass,MutatingAdmissionPolicy,MutatingAdmissionWebhook.
2025-01-29 13:54:30,931 INFO c.h.h.t.OperatorHelmChartContainer - [K3S] [plugins.go:160] Loaded 13 validating admission controller(s) successfully in the following order: LimitRanger,ServiceAccount,PodSecurity,Priority,PersistentVolumeClaimResize,RuntimeClass,CertificateApproval,CertificateSigning,ClusterTrustBundleAttest,CertificateSubjectRestriction,ValidatingAdmissionPolicy,ValidatingAdmissionWebhook,ResourceQuota.
2025-01-29 13:54:30,932 INFO c.h.h.t.OperatorHelmChartContainer - [K3S] [instance.go:233] Using reconciler: lease
2025-01-29 13:54:31,003 INFO c.h.h.t.OperatorHelmChartContainer - [K3S] [apis.go:106] API group "internal.apiserver.k8s.io" is not enabled, skipping.
2025-01-29 13:54:31,052 INFO c.h.h.t.OperatorHelmChartContainer - [K3S] [apis.go:106] API group "storagemigration.k8s.io" is not enabled, skipping.
2025-01-29 13:54:31,080 INFO c.h.h.t.OperatorHelmChartContainer - [K3S] [apis.go:106] API group "resource.k8s.io" is not enabled, skipping.
2025-01-29 13:54:31,300 INFO c.h.h.t.OperatorHelmChartContainer - [K3S] [INFO] Password verified locally for node 9585fd39d6ed
2025-01-29 13:54:31,419 INFO c.h.h.t.OperatorHelmChartContainer - [K3S] [dynamic_cafile_content.go:161] "Starting controller" name="request-header::/var/lib/rancher/k3s/server/tls/request-header-ca.crt"
2025-01-29 13:54:31,419 INFO c.h.h.t.OperatorHelmChartContainer - [K3S] [dynamic_cafile_content.go:161] "Starting controller" name="client-ca-bundle::/var/lib/rancher/k3s/server/tls/client-ca.crt"
2025-01-29 13:54:31,419 INFO c.h.h.t.OperatorHelmChartContainer - [K3S] [dynamic_serving_content.go:135] "Starting controller" name="serving-cert::/var/lib/rancher/k3s/server/tls/serving-kube-apiserver.crt::/var/lib/rancher/k3s/server/tls/serving-kube-apiserver.key"
2025-01-29 13:54:31,420 INFO c.h.h.t.OperatorHelmChartContainer - [K3S] [secure_serving.go:213] Serving securely on 127.0.0.1:6444
2025-01-29 13:54:31,420 INFO c.h.h.t.OperatorHelmChartContainer - [K3S] [tlsconfig.go:243] "Starting DynamicServingCertificateController"
2025-01-29 13:54:31,420 INFO c.h.h.t.OperatorHelmChartContainer - [K3S] [controller.go:119] Starting legacy_token_tracking_controller
2025-01-29 13:54:31,420 INFO c.h.h.t.OperatorHelmChartContainer - [K3S] [gc_controller.go:78] Starting apiserver lease garbage collector
2025-01-29 13:54:31,420 INFO c.h.h.t.OperatorHelmChartContainer - [K3S] [system_namespaces_controller.go:66] Starting system namespaces controller
2025-01-29 13:54:31,420 INFO c.h.h.t.OperatorHelmChartContainer - [K3S] [controller.go:78] Starting OpenAPI AggregationController
2025-01-29 13:54:31,420 INFO c.h.h.t.OperatorHelmChartContainer - [K3S] [cluster_authentication_trust_controller.go:462] Starting cluster_authentication_trust_controller controller
2025-01-29 13:54:31,420 INFO c.h.h.t.OperatorHelmChartContainer - [K3S] [dynamic_serving_content.go:135] "Starting controller" name="aggregator-proxy-cert::/var/lib/rancher/k3s/server/tls/client-auth-proxy.crt::/var/lib/rancher/k3s/server/tls/client-auth-proxy.key"
2025-01-29 13:54:31,421 INFO c.h.h.t.OperatorHelmChartContainer - [K3S] [remote_available_controller.go:411] Starting RemoteAvailability controller
2025-01-29 13:54:31,421 INFO c.h.h.t.OperatorHelmChartContainer - [K3S] [aggregator.go:169] waiting for initial CRD sync...
2025-01-29 13:54:31,421 INFO c.h.h.t.OperatorHelmChartContainer - [K3S] [apiservice_controller.go:100] Starting APIServiceRegistrationController
2025-01-29 13:54:31,421 INFO c.h.h.t.OperatorHelmChartContainer - [K3S] [controller.go:80] Starting OpenAPI V3 AggregationController
2025-01-29 13:54:31,421 INFO c.h.h.t.OperatorHelmChartContainer - [K3S] [customresource_discovery_controller.go:292] Starting DiscoveryController
2025-01-29 13:54:31,421 INFO c.h.h.t.OperatorHelmChartContainer - [K3S] [apf_controller.go:377] Starting API Priority and Fairness config controller
2025-01-29 13:54:31,421 INFO c.h.h.t.OperatorHelmChartContainer - [K3S] [local_available_controller.go:156] Starting LocalAvailability controller
2025-01-29 13:54:31,421 INFO c.h.h.t.OperatorHelmChartContainer - [K3S] [dynamic_cafile_content.go:161] "Starting controller" name="client-ca-bundle::/var/lib/rancher/k3s/server/tls/client-ca.crt"
2025-01-29 13:54:31,422 INFO c.h.h.t.OperatorHelmChartContainer - [K3S] [dynamic_cafile_content.go:161] "Starting controller" name="request-header::/var/lib/rancher/k3s/server/tls/request-header-ca.crt"
2025-01-29 13:54:31,422 INFO c.h.h.t.OperatorHelmChartContainer - [K3S] [controller.go:142] Starting OpenAPI controller
2025-01-29 13:54:31,422 INFO c.h.h.t.OperatorHelmChartContainer - [K3S] [controller.go:90] Starting OpenAPI V3 controller
2025-01-29 13:54:31,422 INFO c.h.h.t.OperatorHelmChartContainer - [K3S] [naming_controller.go:294] Starting NamingConditionController
2025-01-29 13:54:31,422 INFO c.h.h.t.OperatorHelmChartContainer - [K3S] [establishing_controller.go:81] Starting EstablishingController
2025-01-29 13:54:31,422 INFO c.h.h.t.OperatorHelmChartContainer - [K3S] [nonstructuralschema_controller.go:195] Starting NonStructuralSchemaConditionController
2025-01-29 13:54:31,422 INFO c.h.h.t.OperatorHelmChartContainer - [K3S] [apiapproval_controller.go:189] Starting KubernetesAPIApprovalPolicyConformantConditionController
2025-01-29 13:54:31,422 INFO c.h.h.t.OperatorHelmChartContainer - [K3S] [crd_finalizer.go:269] Starting CRDFinalizer
2025-01-29 13:54:31,423 INFO c.h.h.t.OperatorHelmChartContainer - [K3S] [crdregistration_controller.go:114] Starting crd-autoregister controller
2025-01-29 13:54:31,519 INFO c.h.h.t.OperatorHelmChartContainer - [K3S] [apf_controller.go:382] Running API Priority and Fairness config worker
2025-01-29 13:54:31,520 INFO c.h.h.t.OperatorHelmChartContainer - [K3S] [apf_controller.go:385] Running API Priority and Fairness periodic rebalancing process
2025-01-29 13:54:31,520 INFO c.h.h.t.OperatorHelmChartContainer - [K3S] [handler_discovery.go:451] Starting ResourceDiscoveryManager
2025-01-29 13:54:31,524 INFO c.h.h.t.OperatorHelmChartContainer - [K3S] [aggregator.go:171] initial CRD sync complete...
2025-01-29 13:54:31,524 INFO c.h.h.t.OperatorHelmChartContainer - [K3S] [autoregister_controller.go:144] Starting autoregister controller
2025-01-29 13:54:31,527 INFO c.h.h.t.OperatorHelmChartContainer - [K3S] [policy_source.go:240] refreshing policies
2025-01-29 13:54:31,571 INFO c.h.h.t.OperatorHelmChartContainer - [K3S] [controller.go:95] Unable to perform initial Kubernetes service initialization: namespaces "default" not found
2025-01-29 13:54:31,574 INFO c.h.h.t.OperatorHelmChartContainer - [K3S] [controller.go:148] "Unhandled Error" err="while syncing ConfigMap \"kube-system/kube-apiserver-legacy-service-account-token-tracking\", err: namespaces \"kube-system\" not found" logger="UnhandledError"
2025-01-29 13:54:31,597 INFO c.h.h.t.OperatorHelmChartContainer - [K3S] [controller.go:145] "Failed to ensure lease exists, will retry" err="namespaces \"kube-system\" not found" interval="200ms"
2025-01-29 13:54:31,871 INFO c.h.h.t.OperatorHelmChartContainer - [K3S] [INFO] Module overlay was already loaded
2025-01-29 13:54:31,871 INFO c.h.h.t.OperatorHelmChartContainer - [K3S] [INFO] Module nf_conntrack was already loaded
2025-01-29 13:54:31,871 INFO c.h.h.t.OperatorHelmChartContainer - [K3S] [INFO] Module br_netfilter was already loaded
2025-01-29 13:54:31,876 INFO c.h.h.t.OperatorHelmChartContainer - [K3S] [INFO] Set sysctl 'net/netfilter/nf_conntrack_max' to 131072
2025-01-29 13:54:31,876 INFO c.h.h.t.OperatorHelmChartContainer - [K3S] [INFO] Set sysctl 'net/netfilter/nf_conntrack_tcp_timeout_established' to 86400
2025-01-29 13:54:31,877 INFO c.h.h.t.OperatorHelmChartContainer - [K3S] [INFO] Set sysctl 'net/netfilter/nf_conntrack_tcp_timeout_close_wait' to 3600
2025-01-29 13:54:31,878 INFO c.h.h.t.OperatorHelmChartContainer - [K3S] [INFO] Logging containerd to /var/lib/rancher/k3s/agent/containerd/containerd.log
2025-01-29 13:54:31,878 INFO c.h.h.t.OperatorHelmChartContainer - [K3S] [INFO] Running containerd -c /var/lib/rancher/k3s/agent/etc/containerd/config.toml -a /run/k3s/containerd/containerd.sock --state /run/k3s/containerd --root /var/lib/rancher/k3s/agent/containerd
2025-01-29 13:54:32,422 INFO c.h.h.t.OperatorHelmChartContainer - [K3S] [storage_scheduling.go:95] created PriorityClass system-node-critical with value 2000001000
2025-01-29 13:54:32,426 INFO c.h.h.t.OperatorHelmChartContainer - [K3S] [storage_scheduling.go:95] created PriorityClass system-cluster-critical with value 2000000000
2025-01-29 13:54:32,426 INFO c.h.h.t.OperatorHelmChartContainer - [K3S] [storage_scheduling.go:111] all system priority classes are created successfully or already exist.
2025-01-29 13:54:32,877 INFO c.h.h.t.OperatorHelmChartContainer - [K3S] [alloc.go:330] "allocated clusterIPs" service="default/kubernetes" clusterIPs={"IPv4":"10.43.0.1"}
2025-01-29 13:54:32,883 INFO c.h.h.t.OperatorHelmChartContainer - [K3S] [INFO] containerd is now running
2025-01-29 13:54:32,883 INFO c.h.h.t.OperatorHelmChartContainer - [K3S] [lease.go:265] Resetting endpoints for master service "kubernetes" to [172.17.0.3]
2025-01-29 13:54:32,888 INFO c.h.h.t.OperatorHelmChartContainer - [K3S] [INFO] Connecting to proxy" url="wss://127.0.0.1:6443/v1-k3s/connect
2025-01-29 13:54:32,891 INFO c.h.h.t.OperatorHelmChartContainer - [K3S] [INFO] Creating k3s-cert-monitor event broadcaster
2025-01-29 13:54:32,892 INFO c.h.h.t.OperatorHelmChartContainer - [K3S] [INFO] Running kubelet --cloud-provider=external --config-dir=/var/lib/rancher/k3s/agent/etc/kubelet.conf.d --containerd=/run/k3s/containerd/containerd.sock --hostname-override=9585fd39d6ed --kubeconfig=/var/lib/rancher/k3s/agent/kubelet.kubeconfig --node-ip=172.17.0.3 --node-labels=
2025-01-29 13:54:32,897 INFO c.h.h.t.OperatorHelmChartContainer - [K3S] [INFO] Handling backend connection request [9585fd39d6ed]
2025-01-29 13:54:32,900 INFO c.h.h.t.OperatorHelmChartContainer - [K3S] [INFO] Remotedialer connected to proxy" url="wss://127.0.0.1:6443/v1-k3s/connect
2025-01-29 13:54:32,900 INFO c.h.h.t.OperatorHelmChartContainer - [K3S] Flag --containerd has been deprecated, This is a cadvisor flag that was mistakenly registered with the Kubelet. Due to legacy concerns, it will follow the standard CLI deprecation timeline before being removed.
2025-01-29 13:54:32,903 INFO c.h.h.t.OperatorHelmChartContainer - [K3S] [server.go:515] "Kubelet version" kubeletVersion="v1.32.1+k3s1"
2025-01-29 13:54:32,903 INFO c.h.h.t.OperatorHelmChartContainer - [K3S] [server.go:517] "Golang settings" GOGC="" GOMAXPROCS="" GOTRACEBACK=""
2025-01-29 13:54:32,905 INFO c.h.h.t.OperatorHelmChartContainer - [K3S] [dynamic_cafile_content.go:161] "Starting controller" name="client-ca-bundle::/var/lib/rancher/k3s/agent/client-ca.crt"
2025-01-29 13:54:32,908 INFO c.h.h.t.OperatorHelmChartContainer - [K3S] [log.go:32] "RuntimeConfig from runtime service failed" err="rpc error: code = Unimplemented desc = method RuntimeConfig not implemented"
2025-01-29 13:54:32,908 INFO c.h.h.t.OperatorHelmChartContainer - [K3S] [server.go:1416] "CRI implementation should be updated to support RuntimeConfig when KubeletCgroupDriverFromCRI feature gate has been enabled. Falling back to using cgroupDriver from kubelet config."
2025-01-29 13:54:32,912 INFO c.h.h.t.OperatorHelmChartContainer - [K3S] [info.go:53] Couldn't collect info from any of the files in "/etc/machine-id,/var/lib/dbus/machine-id"
2025-01-29 13:54:32,913 INFO c.h.h.t.OperatorHelmChartContainer - [K3S] [server.go:767] "--cgroups-per-qos enabled, but --cgroup-root was not specified.  defaulting to /"
2025-01-29 13:54:32,913 INFO c.h.h.t.OperatorHelmChartContainer - [K3S] [server.go:836] "NoSwap is set due to memorySwapBehavior not specified" memorySwapBehavior="" FailSwapOn=false
2025-01-29 13:54:32,914 INFO c.h.h.t.OperatorHelmChartContainer - [K3S] [swap_util.go:115] "Swap is on" /proc/swaps contents=<
2025-01-29 13:54:32,914 INFO c.h.h.t.OperatorHelmChartContainer - [K3S] 	Filename				Type		Size		Used		Priority
2025-01-29 13:54:32,915 INFO c.h.h.t.OperatorHelmChartContainer - [K3S] 	/mnt/swapfile                           file		4194300		0		-2
2025-01-29 13:54:32,915 INFO c.h.h.t.OperatorHelmChartContainer - [K3S]  >
2025-01-29 13:54:32,916 INFO c.h.h.t.OperatorHelmChartContainer - [K3S] [container_manager_linux.go:268] "Container manager verified user specified cgroup-root exists" cgroupRoot=[]
2025-01-29 13:54:32,916 INFO c.h.h.t.OperatorHelmChartContainer - [K3S] [container_manager_linux.go:273] "Creating Container Manager object based on Node Config" nodeConfig={"NodeName":"9585fd39d6ed","RuntimeCgroupsName":"","SystemCgroupsName":"","KubeletCgroupsName":"/k3s","KubeletOOMScoreAdj":-999,"ContainerRuntime":"","CgroupsPerQOS":true,"CgroupRoot":"/","CgroupDriver":"cgroupfs","KubeletRootDir":"/var/lib/kubelet","ProtectKernelDefaults":false,"KubeReservedCgroupName":"","SystemReservedCgroupName":"","ReservedSystemCPUs":{},"EnforceNodeAllocatable":{"pods":{}},"KubeReserved":null,"SystemReserved":null,"HardEvictionThresholds":[{"Signal":"imagefs.available","Operator":"LessThan","Value":{"Quantity":null,"Percentage":0.05},"GracePeriod":0,"MinReclaim":null},{"Signal":"nodefs.available","Operator":"LessThan","Value":{"Quantity":null,"Percentage":0.05},"GracePeriod":0,"MinReclaim":null}],"QOSReserved":{},"CPUManagerPolicy":"none","CPUManagerPolicyOptions":null,"TopologyManagerScope":"container","CPUManagerReconcilePeriod":10000000000,"ExperimentalMemoryManagerPolicy":"None","ExperimentalMemoryManagerReservedMemory":null,"PodPidsLimit":-1,"EnforceCPULimits":true,"CPUCFSQuotaPeriod":100000000,"TopologyManagerPolicy":"none","TopologyManagerPolicyOptions":null,"CgroupVersion":2}
2025-01-29 13:54:32,916 INFO c.h.h.t.OperatorHelmChartContainer - [K3S] [topology_manager.go:138] "Creating topology manager with none policy"
2025-01-29 13:54:32,916 INFO c.h.h.t.OperatorHelmChartContainer - [K3S] [container_manager_linux.go:304] "Creating device plugin manager"
2025-01-29 13:54:32,916 INFO c.h.h.t.OperatorHelmChartContainer - [K3S] [state_mem.go:36] "Initialized new in-memory state store"
2025-01-29 13:54:32,916 INFO c.h.h.t.OperatorHelmChartContainer - [K3S] [kubelet.go:446] "Attempting to sync node with API server"
2025-01-29 13:54:32,916 INFO c.h.h.t.OperatorHelmChartContainer - [K3S] [kubelet.go:341] "Adding static pod path" path="/var/lib/rancher/k3s/agent/pod-manifests"
2025-01-29 13:54:32,917 INFO c.h.h.t.OperatorHelmChartContainer - [K3S] [kubelet.go:352] "Adding apiserver pod source"
2025-01-29 13:54:32,917 INFO c.h.h.t.OperatorHelmChartContainer - [K3S] [apiserver.go:42] "Waiting for node sync before watching apiserver pods"
2025-01-29 13:54:32,918 INFO c.h.h.t.OperatorHelmChartContainer - [K3S] [kuberuntime_manager.go:269] "Container runtime initialized" containerRuntime="containerd" version="v1.7.23-k3s2" apiVersion="v1"
2025-01-29 13:54:32,918 INFO c.h.h.t.OperatorHelmChartContainer - [K3S] [kubelet.go:890] "Not starting ClusterTrustBundle informer because we are in static kubelet mode"
2025-01-29 13:54:32,918 INFO c.h.h.t.OperatorHelmChartContainer - [K3S] [probe.go:272] Flexvolume plugin directory at /usr/libexec/kubernetes/kubelet-plugins/volume/exec/ does not exist. Recreating.
2025-01-29 13:54:32,920 INFO c.h.h.t.OperatorHelmChartContainer - [K3S] [watchdog_linux.go:99] "Systemd watchdog is not enabled"
2025-01-29 13:54:32,920 INFO c.h.h.t.OperatorHelmChartContainer - [K3S] [server.go:1282] "Started kubelet"
2025-01-29 13:54:32,921 INFO c.h.h.t.OperatorHelmChartContainer - [K3S] [ratelimit.go:55] "Setting rate limiting for endpoint" service="podresources" qps=100 burstTokens=10
2025-01-29 13:54:32,922 INFO c.h.h.t.OperatorHelmChartContainer - [K3S] [server.go:243] "Starting to serve the podresources API" endpoint="unix:/var/lib/kubelet/pod-resources/kubelet.sock"
2025-01-29 13:54:32,922 INFO c.h.h.t.OperatorHelmChartContainer - [K3S] [server.go:169] "Starting to listen" address="0.0.0.0" port=10250
2025-01-29 13:54:32,925 INFO c.h.h.t.OperatorHelmChartContainer - [K3S] [server.go:490] "Adding debug handlers to kubelet server"
2025-01-29 13:54:32,925 INFO c.h.h.t.OperatorHelmChartContainer - [K3S] [fs_resource_analyzer.go:67] "Starting FS ResourceAnalyzer"
2025-01-29 13:54:32,932 INFO c.h.h.t.OperatorHelmChartContainer - [K3S] [volume_manager.go:297] "Starting Kubelet Volume Manager"
2025-01-29 13:54:32,934 INFO c.h.h.t.OperatorHelmChartContainer - [K3S] [server.go:208] "Starting to listen read-only" address="0.0.0.0" port=10255
2025-01-29 13:54:32,934 INFO c.h.h.t.OperatorHelmChartContainer - [K3S] [kubelet.go:1561] "Image garbage collection failed once. Stats initialization may not have completed yet" err="invalid capacity 0 on image filesystem"
2025-01-29 13:54:32,936 INFO c.h.h.t.OperatorHelmChartContainer - [K3S] [dynamic_serving_content.go:135] "Starting controller" name="kubelet-server-cert-files::/var/lib/rancher/k3s/agent/serving-kubelet.crt::/var/lib/rancher/k3s/agent/serving-kubelet.key"
2025-01-29 13:54:32,936 INFO c.h.h.t.OperatorHelmChartContainer - [K3S] [desired_state_of_world_populator.go:149] "Desired state populator starts to run"
2025-01-29 13:54:32,937 INFO c.h.h.t.OperatorHelmChartContainer - [K3S] [reconciler.go:26] "Reconciler: start to sync state"
2025-01-29 13:54:32,937 INFO c.h.h.t.OperatorHelmChartContainer - [K3S] [kubelet_node_status.go:467] "Error getting the current node from lister" err="node \"9585fd39d6ed\" not found"
2025-01-29 13:54:32,941 INFO c.h.h.t.OperatorHelmChartContainer - [K3S] [factory.go:219] Registration of the crio container factory failed: Get "http://%2Fvar%2Frun%2Fcrio%2Fcrio.sock/info": dial unix /var/run/crio/crio.sock: connect: no such file or directory
2025-01-29 13:54:32,950 INFO c.h.h.t.OperatorHelmChartContainer - [K3S] [nodelease.go:49] "Failed to get node when trying to set owner ref to the node lease" err="nodes \"9585fd39d6ed\" not found" node="9585fd39d6ed"
2025-01-29 13:54:32,952 INFO c.h.h.t.OperatorHelmChartContainer - [K3S] [factory.go:221] Registration of the containerd container factory successfully
2025-01-29 13:54:32,953 INFO c.h.h.t.OperatorHelmChartContainer - [K3S] [factory.go:221] Registration of the systemd container factory successfully
2025-01-29 13:54:32,977 INFO c.h.h.t.OperatorHelmChartContainer - [K3S] [cpu_manager.go:221] "Starting CPU manager" policy="none"
2025-01-29 13:54:32,977 INFO c.h.h.t.OperatorHelmChartContainer - [K3S] [cpu_manager.go:222] "Reconciling" reconcilePeriod="10s"
2025-01-29 13:54:32,977 INFO c.h.h.t.OperatorHelmChartContainer - [K3S] [state_mem.go:36] "Initialized new in-memory state store"
2025-01-29 13:54:32,977 INFO c.h.h.t.OperatorHelmChartContainer - [K3S] [policy_none.go:49] "None policy: Start"
2025-01-29 13:54:32,979 INFO c.h.h.t.OperatorHelmChartContainer - [K3S] [memory_manager.go:186] "Starting memorymanager" policy="None"
2025-01-29 13:54:32,979 INFO c.h.h.t.OperatorHelmChartContainer - [K3S] [state_mem.go:35] "Initializing new in-memory state store"
2025-01-29 13:54:32,987 INFO c.h.h.t.OperatorHelmChartContainer - [K3S] [manager.go:519] "Failed to read data from checkpoint" checkpoint="kubelet_internal_checkpoint" err="checkpoint is not found"
2025-01-29 13:54:32,988 INFO c.h.h.t.OperatorHelmChartContainer - [K3S] [eviction_manager.go:189] "Eviction manager: starting control loop"
2025-01-29 13:54:32,988 INFO c.h.h.t.OperatorHelmChartContainer - [K3S] [container_log_manager.go:189] "Initializing container log rotate workers" workers=1 monitorPeriod="10s"
2025-01-29 13:54:32,992 INFO c.h.h.t.OperatorHelmChartContainer - [K3S] [eviction_manager.go:267] "eviction manager: failed to check if we have separate container filesystem. Ignoring." err="no imagefs label for configured runtime"
2025-01-29 13:54:32,992 INFO c.h.h.t.OperatorHelmChartContainer - [K3S] [eviction_manager.go:292] "Eviction manager: failed to get summary stats" err="failed to get node info: node \"9585fd39d6ed\" not found"
2025-01-29 13:54:32,992 INFO c.h.h.t.OperatorHelmChartContainer - [K3S] [plugin_manager.go:118] "Starting Kubelet Plugin Manager"
2025-01-29 13:54:33,002 INFO c.h.h.t.OperatorHelmChartContainer - [K3S] [kubelet_network_linux.go:50] "Initialized iptables rules." protocol="IPv4"
2025-01-29 13:54:33,007 INFO c.h.h.t.OperatorHelmChartContainer - [K3S] [kubelet_network_linux.go:50] "Initialized iptables rules." protocol="IPv6"
2025-01-29 13:54:33,009 INFO c.h.h.t.OperatorHelmChartContainer - [K3S] [status_manager.go:227] "Starting to sync pod status with apiserver"
2025-01-29 13:54:33,009 INFO c.h.h.t.OperatorHelmChartContainer - [K3S] [watchdog_linux.go:127] "Systemd watchdog is not enabled or the interval is invalid, so health checking will not be started."
2025-01-29 13:54:33,010 INFO c.h.h.t.OperatorHelmChartContainer - [K3S] [kubelet.go:2388] "Starting kubelet main sync loop"
2025-01-29 13:54:33,011 INFO c.h.h.t.OperatorHelmChartContainer - [K3S] [kubelet.go:2412] "Skipping pod synchronization" err="PLEG is not healthy: pleg has yet to be successful"
2025-01-29 13:54:33,074 INFO c.h.h.t.OperatorHelmChartContainer - [K3S] [ERROR] Sending HTTP/1.1 503 response to 127.0.0.1:52278: runtime core not ready
2025-01-29 13:54:33,096 INFO c.h.h.t.OperatorHelmChartContainer - [K3S] [kubelet_node_status.go:76] "Attempting to register node" node="9585fd39d6ed"
2025-01-29 13:54:33,104 INFO c.h.h.t.OperatorHelmChartContainer - [K3S] [kubelet_node_status.go:79] "Successfully registered node" node="9585fd39d6ed"
2025-01-29 13:54:33,104 INFO c.h.h.t.OperatorHelmChartContainer - [K3S] [kubelet_node_status.go:549] "Error updating node status, will retry" err="error getting node \"9585fd39d6ed\": node \"9585fd39d6ed\" not found"
2025-01-29 13:54:33,121 INFO c.h.h.t.OperatorHelmChartContainer - [K3S] [INFO] Annotations and labels have been set successfully on node: 9585fd39d6ed
2025-01-29 13:54:33,124 INFO c.h.h.t.OperatorHelmChartContainer - [K3S] [INFO] Starting flannel with backend vxlan
2025-01-29 13:54:33,207 INFO c.h.h.t.OperatorHelmChartContainer - [K3S] [INFO] Running kube-proxy --cluster-cidr=10.42.0.0/16 --conntrack-max-per-core=0 --conntrack-tcp-timeout-close-wait=0s --conntrack-tcp-timeout-established=0s --healthz-bind-address=127.0.0.1 --hostname-override=9585fd39d6ed --kubeconfig=/var/lib/rancher/k3s/agent/kubeproxy.kubeconfig --proxy-mode=iptables
2025-01-29 13:54:33,258 INFO c.h.h.t.OperatorHelmChartContainer - [K3S] [server.go:698] "Successfully retrieved node IP(s)" IPs=["172.17.0.3"]
2025-01-29 13:54:33,258 INFO c.h.h.t.OperatorHelmChartContainer - [K3S] [server.go:234] "Kube-proxy configuration may be incomplete or incorrect" err="nodePortAddresses is unset; NodePort connections will be accepted on all local IPs. Consider using `--nodeport-addresses primary`"
2025-01-29 13:54:33,261 INFO c.h.h.t.OperatorHelmChartContainer - [K3S] [server.go:243] "kube-proxy running in dual-stack mode" primary ipFamily="IPv4"
2025-01-29 13:54:33,261 INFO c.h.h.t.OperatorHelmChartContainer - [K3S] [server_linux.go:170] "Using iptables Proxier"
2025-01-29 13:54:33,262 INFO c.h.h.t.OperatorHelmChartContainer - [K3S] [proxier.go:255] "Setting route_localnet=1 to allow node-ports on localhost; to change this either disable iptables.localhostNodePorts (--iptables-localhost-nodeports) or set nodePortAddresses (--nodeport-addresses) to filter loopback addresses"
2025-01-29 13:54:33,266 INFO c.h.h.t.OperatorHelmChartContainer - [K3S] [server.go:497] "Version info" version="v1.32.1+k3s1"
2025-01-29 13:54:33,267 INFO c.h.h.t.OperatorHelmChartContainer - [K3S] [server.go:499] "Golang settings" GOGC="" GOMAXPROCS="" GOTRACEBACK=""
2025-01-29 13:54:33,268 INFO c.h.h.t.OperatorHelmChartContainer - [K3S] [config.go:199] "Starting service config controller"
2025-01-29 13:54:33,269 INFO c.h.h.t.OperatorHelmChartContainer - [K3S] [config.go:105] "Starting endpoint slice config controller"
2025-01-29 13:54:33,270 INFO c.h.h.t.OperatorHelmChartContainer - [K3S] [config.go:329] "Starting node config controller"
2025-01-29 13:54:33,328 INFO c.h.h.t.OperatorHelmChartContainer - [K3S] [kubelet_node_status.go:502] "Fast updating node status as it just became ready"
2025-01-29 13:54:33,687 INFO c.h.h.t.OperatorHelmChartContainer - [K3S] [INFO] Waiting for untainted node
2025-01-29 13:54:33,692 INFO c.h.h.t.OperatorHelmChartContainer - [K3S] [INFO] Waiting for cloud-controller-manager privileges to become available
2025-01-29 13:54:33,692 INFO c.h.h.t.OperatorHelmChartContainer - [K3S] [INFO] Kube API server is now running
2025-01-29 13:54:33,692 INFO c.h.h.t.OperatorHelmChartContainer - [K3S] [INFO] ETCD server is now running
2025-01-29 13:54:33,692 INFO c.h.h.t.OperatorHelmChartContainer - [K3S] [INFO] k3s is up and running
2025-01-29 13:54:33,694 INFO c.h.h.t.OperatorHelmChartContainer - [K3S] [INFO] Creating k3s-supervisor event broadcaster
2025-01-29 13:54:33,698 INFO c.h.h.t.OperatorHelmChartContainer - [K3S] [INFO] Applying CRD addons.k3s.cattle.io
2025-01-29 13:54:33,713 INFO c.h.h.t.OperatorHelmChartContainer - [K3S] [INFO] Applying CRD etcdsnapshotfiles.k3s.cattle.io
2025-01-29 13:54:33,724 INFO c.h.h.t.OperatorHelmChartContainer - [K3S] [INFO] Applying CRD helmcharts.helm.cattle.io
2025-01-29 13:54:33,740 INFO c.h.h.t.OperatorHelmChartContainer - [K3S] [INFO] Applying CRD helmchartconfigs.helm.cattle.io
2025-01-29 13:54:33,755 INFO c.h.h.t.OperatorHelmChartContainer - [K3S] [INFO] Waiting for CRD helmcharts.helm.cattle.io to become available
2025-01-29 13:54:33,914 INFO c.h.h.t.OperatorHelmChartContainer - [K3S] [apiserver.go:52] "Watching apiserver"
2025-01-29 13:54:33,937 INFO c.h.h.t.OperatorHelmChartContainer - [K3S] [desired_state_of_world_populator.go:157] "Finished populating initial desired state of world"
2025-01-29 13:54:34,012 INFO c.h.h.t.OperatorHelmChartContainer - [K3S] [serving.go:392] Generated self-signed cert in-memory
2025-01-29 13:54:34,260 INFO c.h.h.t.OperatorHelmChartContainer - [K3S] [INFO] Done waiting for CRD helmcharts.helm.cattle.io to become available
2025-01-29 13:54:34,260 INFO c.h.h.t.OperatorHelmChartContainer - [K3S] [INFO] Waiting for CRD helmchartconfigs.helm.cattle.io to become available
2025-01-29 13:54:34,763 INFO c.h.h.t.OperatorHelmChartContainer - [K3S] [INFO] Done waiting for CRD helmchartconfigs.helm.cattle.io to become available
2025-01-29 13:54:34,763 INFO c.h.h.t.OperatorHelmChartContainer - [K3S] [INFO] Writing static file: /var/lib/rancher/k3s/server/static/charts/traefik-27.0.201+up27.0.2.tgz
2025-01-29 13:54:34,764 INFO c.h.h.t.OperatorHelmChartContainer - [K3S] [INFO] Writing static file: /var/lib/rancher/k3s/server/static/charts/traefik-crd-27.0.201+up27.0.2.tgz
2025-01-29 13:54:34,764 INFO c.h.h.t.OperatorHelmChartContainer - [K3S] [INFO] Writing manifest: /var/lib/rancher/k3s/server/manifests/coredns.yaml
2025-01-29 13:54:34,764 INFO c.h.h.t.OperatorHelmChartContainer - [K3S] [INFO] Writing manifest: /var/lib/rancher/k3s/server/manifests/metrics-server/auth-delegator.yaml
2025-01-29 13:54:34,765 INFO c.h.h.t.OperatorHelmChartContainer - [K3S] [INFO] Writing manifest: /var/lib/rancher/k3s/server/manifests/metrics-server/auth-reader.yaml
2025-01-29 13:54:34,765 INFO c.h.h.t.OperatorHelmChartContainer - [K3S] [INFO] Writing manifest: /var/lib/rancher/k3s/server/manifests/metrics-server/metrics-server-service.yaml
2025-01-29 13:54:34,765 INFO c.h.h.t.OperatorHelmChartContainer - [K3S] [INFO] Writing manifest: /var/lib/rancher/k3s/server/manifests/rolebindings.yaml
2025-01-29 13:54:34,766 INFO c.h.h.t.OperatorHelmChartContainer - [K3S] [INFO] Writing manifest: /var/lib/rancher/k3s/server/manifests/runtimes.yaml
2025-01-29 13:54:34,766 INFO c.h.h.t.OperatorHelmChartContainer - [K3S] [INFO] Writing manifest: /var/lib/rancher/k3s/server/manifests/ccm.yaml
2025-01-29 13:54:34,766 INFO c.h.h.t.OperatorHelmChartContainer - [K3S] [INFO] Writing manifest: /var/lib/rancher/k3s/server/manifests/metrics-server/aggregated-metrics-reader.yaml
2025-01-29 13:54:34,766 INFO c.h.h.t.OperatorHelmChartContainer - [K3S] [INFO] Writing manifest: /var/lib/rancher/k3s/server/manifests/metrics-server/metrics-apiservice.yaml
2025-01-29 13:54:34,768 INFO c.h.h.t.OperatorHelmChartContainer - [K3S] [INFO] Writing manifest: /var/lib/rancher/k3s/server/manifests/metrics-server/metrics-server-deployment.yaml
2025-01-29 13:54:34,768 INFO c.h.h.t.OperatorHelmChartContainer - [K3S] [INFO] Writing manifest: /var/lib/rancher/k3s/server/manifests/metrics-server/resource-reader.yaml
2025-01-29 13:54:34,768 INFO c.h.h.t.OperatorHelmChartContainer - [K3S] [INFO] Writing manifest: /var/lib/rancher/k3s/server/manifests/local-storage.yaml
2025-01-29 13:54:34,768 INFO c.h.h.t.OperatorHelmChartContainer - [K3S] [INFO] Starting dynamiclistener CN filter node controller with SANs: [localhost 127.0.0.1 ::1 localhost 9585fd39d6ed 172.17.0.3 10.43.0.1 kubernetes kubernetes.default kubernetes.default.svc kubernetes.default.svc.cluster.local]
2025-01-29 13:54:34,768 INFO c.h.h.t.OperatorHelmChartContainer - [K3S] [INFO] Tunnel server egress proxy mode: agent
2025-01-29 13:54:34,769 INFO c.h.h.t.OperatorHelmChartContainer - [K3S] [controllermanager.go:185] "Starting" version="v1.32.1+k3s1"
2025-01-29 13:54:34,770 INFO c.h.h.t.OperatorHelmChartContainer - [K3S] [controllermanager.go:187] "Golang settings" GOGC="" GOMAXPROCS="" GOTRACEBACK=""
2025-01-29 13:54:34,776 INFO c.h.h.t.OperatorHelmChartContainer - [K3S] [secure_serving.go:213] Serving securely on 127.0.0.1:10257
2025-01-29 13:54:34,776 INFO c.h.h.t.OperatorHelmChartContainer - [K3S] [requestheader_controller.go:180] Starting RequestHeaderAuthRequestController
2025-01-29 13:54:34,777 INFO c.h.h.t.OperatorHelmChartContainer - [K3S] [tlsconfig.go:243] "Starting DynamicServingCertificateController"
2025-01-29 13:54:34,779 INFO c.h.h.t.OperatorHelmChartContainer - [K3S] [configmap_cafile_content.go:205] "Starting controller" name="client-ca::kube-system::extension-apiserver-authentication::client-ca-file"
2025-01-29 13:54:34,779 INFO c.h.h.t.OperatorHelmChartContainer - [K3S] [configmap_cafile_content.go:205] "Starting controller" name="client-ca::kube-system::extension-apiserver-authentication::requestheader-client-ca-file"
2025-01-29 13:54:34,786 INFO c.h.h.t.OperatorHelmChartContainer - [K3S] [controllermanager.go:765] "Started controller" controller="serviceaccount-token-controller"
2025-01-29 13:54:34,801 INFO c.h.h.t.OperatorHelmChartContainer - [K3S] [controllermanager.go:765] "Started controller" controller="namespace-controller"
2025-01-29 13:54:34,801 INFO c.h.h.t.OperatorHelmChartContainer - [K3S] [namespace_controller.go:202] "Starting namespace controller"
2025-01-29 13:54:34,807 INFO c.h.h.t.OperatorHelmChartContainer - [K3S] [controllermanager.go:765] "Started controller" controller="certificatesigningrequest-approving-controller"
2025-01-29 13:54:34,807 INFO c.h.h.t.OperatorHelmChartContainer - [K3S] [controllermanager.go:723] "Skipping a cloud provider controller" controller="service-lb-controller"
2025-01-29 13:54:34,808 INFO c.h.h.t.OperatorHelmChartContainer - [K3S] [certificate_controller.go:120] "Starting certificate controller" name="csrapproving"
2025-01-29 13:54:34,812 INFO c.h.h.t.OperatorHelmChartContainer - [K3S] [controllermanager.go:765] "Started controller" controller="ttl-after-finished-controller"
2025-01-29 13:54:34,813 INFO c.h.h.t.OperatorHelmChartContainer - [K3S] [ttlafterfinished_controller.go:112] "Starting TTL after finished controller"
2025-01-29 13:54:34,818 INFO c.h.h.t.OperatorHelmChartContainer - [K3S] [controllermanager.go:765] "Started controller" controller="legacy-serviceaccount-token-cleaner-controller"
2025-01-29 13:54:34,818 INFO c.h.h.t.OperatorHelmChartContainer - [K3S] [legacy_serviceaccount_token_cleaner.go:103] "Starting legacy service account token cleaner controller"
2025-01-29 13:54:34,824 INFO c.h.h.t.OperatorHelmChartContainer - [K3S] [controllermanager.go:765] "Started controller" controller="pod-garbage-collector-controller"
2025-01-29 13:54:34,824 INFO c.h.h.t.OperatorHelmChartContainer - [K3S] [gc_controller.go:99] "Starting GC controller"
2025-01-29 13:54:34,835 INFO c.h.h.t.OperatorHelmChartContainer - [K3S] [controllermanager.go:765] "Started controller" controller="garbage-collector-controller"
2025-01-29 13:54:34,836 INFO c.h.h.t.OperatorHelmChartContainer - [K3S] [graph_builder.go:351] "Running" component="GraphBuilder"
2025-01-29 13:54:34,841 INFO c.h.h.t.OperatorHelmChartContainer - [K3S] [node_lifecycle_controller.go:432] "Controller will reconcile labels"
2025-01-29 13:54:34,842 INFO c.h.h.t.OperatorHelmChartContainer - [K3S] [controllermanager.go:765] "Started controller" controller="node-lifecycle-controller"
2025-01-29 13:54:34,842 INFO c.h.h.t.OperatorHelmChartContainer - [K3S] [node_lifecycle_controller.go:466] "Sending events to api server"
2025-01-29 13:54:34,842 INFO c.h.h.t.OperatorHelmChartContainer - [K3S] [node_lifecycle_controller.go:477] "Starting node controller"
2025-01-29 13:54:34,847 INFO c.h.h.t.OperatorHelmChartContainer - [K3S] [controllermanager.go:765] "Started controller" controller="root-ca-certificate-publisher-controller"
2025-01-29 13:54:34,847 INFO c.h.h.t.OperatorHelmChartContainer - [K3S] [controllermanager.go:717] "Controller is disabled by a feature gate" controller="resourceclaim-controller" requiredFeatureGates=["DynamicResourceAllocation"]
2025-01-29 13:54:34,847 INFO c.h.h.t.OperatorHelmChartContainer - [K3S] [publisher.go:107] "Starting root CA cert publisher controller"
2025-01-29 13:54:34,872 INFO c.h.h.t.OperatorHelmChartContainer - [K3S] [INFO] Starting k3s.cattle.io/v1, Kind=Addon controller
2025-01-29 13:54:34,872 INFO c.h.h.t.OperatorHelmChartContainer - [K3S] [INFO] Creating deploy event broadcaster
2025-01-29 13:54:34,939 INFO c.h.h.t.OperatorHelmChartContainer - [K3S] [controllermanager.go:765] "Started controller" controller="endpoints-controller"
2025-01-29 13:54:34,939 INFO c.h.h.t.OperatorHelmChartContainer - [K3S] [endpoints_controller.go:182] "Starting endpoint controller"
2025-01-29 13:54:34,976 INFO c.h.h.t.OperatorHelmChartContainer - [K3S] [INFO] Starting /v1, Kind=Node controller
2025-01-29 13:54:34,978 INFO c.h.h.t.OperatorHelmChartContainer - [K3S] [INFO] Creating helm-controller event broadcaster
2025-01-29 13:54:34,990 INFO c.h.h.t.OperatorHelmChartContainer - [K3S] [INFO] Cluster dns configmap has been set successfully
2025-01-29 13:54:34,997 INFO c.h.h.t.OperatorHelmChartContainer - [K3S] [INFO] Labels and annotations have been set successfully on node: 9585fd39d6ed
2025-01-29 13:54:35,088 INFO c.h.h.t.OperatorHelmChartContainer - [K3S] [INFO] Starting helm.cattle.io/v1, Kind=HelmChart controller
2025-01-29 13:54:35,088 INFO c.h.h.t.OperatorHelmChartContainer - [K3S] [INFO] Starting helm.cattle.io/v1, Kind=HelmChartConfig controller
2025-01-29 13:54:35,091 INFO c.h.h.t.OperatorHelmChartContainer - [K3S] [INFO] Starting rbac.authorization.k8s.io/v1, Kind=ClusterRoleBinding controller
2025-01-29 13:54:35,095 INFO c.h.h.t.OperatorHelmChartContainer - [K3S] [INFO] Starting batch/v1, Kind=Job controller
2025-01-29 13:54:35,095 INFO c.h.h.t.OperatorHelmChartContainer - [K3S] [INFO] Starting /v1, Kind=ServiceAccount controller
2025-01-29 13:54:35,095 INFO c.h.h.t.OperatorHelmChartContainer - [K3S] [INFO] Starting /v1, Kind=Secret controller
2025-01-29 13:54:35,095 INFO c.h.h.t.OperatorHelmChartContainer - [K3S] [INFO] Starting /v1, Kind=ConfigMap controller
2025-01-29 13:54:35,137 INFO c.h.h.t.OperatorHelmChartContainer - [K3S] [controllermanager.go:765] "Started controller" controller="disruption-controller"
2025-01-29 13:54:35,137 INFO c.h.h.t.OperatorHelmChartContainer - [K3S] [controllermanager.go:728] "Warning: controller is disabled" controller="bootstrap-signer-controller"
2025-01-29 13:54:35,137 INFO c.h.h.t.OperatorHelmChartContainer - [K3S] [disruption.go:452] "Sending events to api server."
2025-01-29 13:54:35,138 INFO c.h.h.t.OperatorHelmChartContainer - [K3S] [disruption.go:463] "Starting disruption controller"
2025-01-29 13:54:35,288 INFO c.h.h.t.OperatorHelmChartContainer - [K3S] [controllermanager.go:765] "Started controller" controller="token-cleaner-controller"
2025-01-29 13:54:35,288 INFO c.h.h.t.OperatorHelmChartContainer - [K3S] [tokencleaner.go:117] "Starting token cleaner controller"
2025-01-29 13:54:35,440 INFO c.h.h.t.OperatorHelmChartContainer - [K3S] [range_allocator.go:112] "No Secondary Service CIDR provided. Skipping filtering out secondary service addresses"
2025-01-29 13:54:35,441 INFO c.h.h.t.OperatorHelmChartContainer - [K3S] [controllermanager.go:765] "Started controller" controller="node-ipam-controller"
2025-01-29 13:54:35,441 INFO c.h.h.t.OperatorHelmChartContainer - [K3S] [node_ipam_controller.go:141] "Starting ipam controller"
2025-01-29 13:54:35,517 INFO c.h.h.t.OperatorHelmChartContainer - [K3S] [INFO] Updating TLS secret for kube-system/k3s-serving (count: 10): map[listener.cattle.io/cn-10.43.0.1:10.43.0.1 listener.cattle.io/cn-127.0.0.1:127.0.0.1 listener.cattle.io/cn-172.17.0.3:172.17.0.3 listener.cattle.io/cn-9585fd39d6ed:9585fd39d6ed listener.cattle.io/cn-__1-f16284:::1 listener.cattle.io/cn-kubernetes:kubernetes listener.cattle.io/cn-kubernetes.default:kubernetes.default listener.cattle.io/cn-kubernetes.default.svc:kubernetes.default.svc listener.cattle.io/cn-kubernetes.default.svc.cluster.local:kubernetes.default.svc.cluster.local listener.cattle.io/cn-localhost:localhost listener.cattle.io/fingerprint:SHA1=3322C12C48204A04EB0F0AAA5281BC2EC2B13462]
2025-01-29 13:54:35,520 INFO c.h.h.t.OperatorHelmChartContainer - [K3S] [INFO] Active TLS secret kube-system/k3s-serving (ver=241) (count 10): map[listener.cattle.io/cn-10.43.0.1:10.43.0.1 listener.cattle.io/cn-127.0.0.1:127.0.0.1 listener.cattle.io/cn-172.17.0.3:172.17.0.3 listener.cattle.io/cn-9585fd39d6ed:9585fd39d6ed listener.cattle.io/cn-__1-f16284:::1 listener.cattle.io/cn-kubernetes:kubernetes listener.cattle.io/cn-kubernetes.default:kubernetes.default listener.cattle.io/cn-kubernetes.default.svc:kubernetes.default.svc listener.cattle.io/cn-kubernetes.default.svc.cluster.local:kubernetes.default.svc.cluster.local listener.cattle.io/cn-localhost:localhost listener.cattle.io/fingerprint:SHA1=3322C12C48204A04EB0F0AAA5281BC2EC2B13462]
2025-01-29 13:54:35,588 INFO c.h.h.t.OperatorHelmChartContainer - [K3S] [controllermanager.go:765] "Started controller" controller="statefulset-controller"
2025-01-29 13:54:35,588 INFO c.h.h.t.OperatorHelmChartContainer - [K3S] [stateful_set.go:166] "Starting stateful set controller"
2025-01-29 13:54:35,614 INFO c.h.h.t.OperatorHelmChartContainer - [K3S] [INFO] Updating TLS secret for kube-system/k3s-serving (count: 10): map[listener.cattle.io/cn-10.43.0.1:10.43.0.1 listener.cattle.io/cn-127.0.0.1:127.0.0.1 listener.cattle.io/cn-172.17.0.3:172.17.0.3 listener.cattle.io/cn-9585fd39d6ed:9585fd39d6ed listener.cattle.io/cn-__1-f16284:::1 listener.cattle.io/cn-kubernetes:kubernetes listener.cattle.io/cn-kubernetes.default:kubernetes.default listener.cattle.io/cn-kubernetes.default.svc:kubernetes.default.svc listener.cattle.io/cn-kubernetes.default.svc.cluster.local:kubernetes.default.svc.cluster.local listener.cattle.io/cn-localhost:localhost listener.cattle.io/fingerprint:SHA1=3322C12C48204A04EB0F0AAA5281BC2EC2B13462]
2025-01-29 13:54:35,737 INFO c.h.h.t.OperatorHelmChartContainer - [K3S] [controllermanager.go:765] "Started controller" controller="cronjob-controller"
2025-01-29 13:54:35,738 INFO c.h.h.t.OperatorHelmChartContainer - [K3S] [cronjob_controllerv2.go:145] "Starting cronjob controller v2"
2025-01-29 13:54:35,888 INFO c.h.h.t.OperatorHelmChartContainer - [K3S] [controllermanager.go:765] "Started controller" controller="clusterrole-aggregation-controller"
2025-01-29 13:54:35,888 INFO c.h.h.t.OperatorHelmChartContainer - [K3S] [clusterroleaggregation_controller.go:194] "Starting ClusterRoleAggregator controller"
2025-01-29 13:54:36,039 INFO c.h.h.t.OperatorHelmChartContainer - [K3S] [controllermanager.go:765] "Started controller" controller="endpointslice-controller"
2025-01-29 13:54:36,039 INFO c.h.h.t.OperatorHelmChartContainer - [K3S] [endpointslice_controller.go:281] "Starting endpoint slice controller"
2025-01-29 13:54:36,355 INFO c.h.h.t.OperatorHelmChartContainer - [K3S] [controllermanager.go:765] "Started controller" controller="resourcequota-controller"
2025-01-29 13:54:36,355 INFO c.h.h.t.OperatorHelmChartContainer - [K3S] [resource_quota_controller.go:300] "Starting resource quota controller"
2025-01-29 13:54:36,443 INFO c.h.h.t.OperatorHelmChartContainer - [K3S] [event.go:389] "Event occurred" object="9585fd39d6ed" fieldPath="" kind="Node" apiVersion="" type="Normal" reason="NodePasswordValidationComplete" message="Deferred node password secret validation complete"
2025-01-29 13:54:36,489 INFO c.h.h.t.OperatorHelmChartContainer - [K3S] [controllermanager.go:765] "Started controller" controller="serviceaccount-controller"
2025-01-29 13:54:36,489 INFO c.h.h.t.OperatorHelmChartContainer - [K3S] [serviceaccounts_controller.go:114] "Starting service account controller"
2025-01-29 13:54:36,638 INFO c.h.h.t.OperatorHelmChartContainer - [K3S] [controllermanager.go:765] "Started controller" controller="replicaset-controller"
2025-01-29 13:54:36,638 INFO c.h.h.t.OperatorHelmChartContainer - [K3S] [replica_set.go:217] "Starting controller" name="replicaset"
2025-01-29 13:54:36,877 INFO c.h.h.t.OperatorHelmChartContainer - [K3S] [event.go:389] "Event occurred" object="kube-system/ccm" fieldPath="" kind="Addon" apiVersion="k3s.cattle.io/v1" type="Normal" reason="ApplyingManifest" message="Applying manifest at \"/var/lib/rancher/k3s/server/manifests/ccm.yaml\""
2025-01-29 13:54:36,900 INFO c.h.h.t.OperatorHelmChartContainer - [K3S] [event.go:389] "Event occurred" object="kube-system/ccm" fieldPath="" kind="Addon" apiVersion="k3s.cattle.io/v1" type="Normal" reason="AppliedManifest" message="Applied manifest at \"/var/lib/rancher/k3s/server/manifests/ccm.yaml\""
2025-01-29 13:54:36,908 INFO c.h.h.t.OperatorHelmChartContainer - [K3S] [event.go:389] "Event occurred" object="kube-system/coredns" fieldPath="" kind="Addon" apiVersion="k3s.cattle.io/v1" type="Normal" reason="ApplyingManifest" message="Applying manifest at \"/var/lib/rancher/k3s/server/manifests/coredns.yaml\""
2025-01-29 13:54:36,938 INFO c.h.h.t.OperatorHelmChartContainer - [K3S] [controllermanager.go:765] "Started controller" controller="horizontal-pod-autoscaler-controller"
2025-01-29 13:54:36,938 INFO c.h.h.t.OperatorHelmChartContainer - [K3S] [horizontal.go:201] "Starting HPA controller"
2025-01-29 13:54:37,014 INFO c.h.h.t.OperatorHelmChartContainer - [K3S] [alloc.go:330] "allocated clusterIPs" service="kube-system/kube-dns" clusterIPs={"IPv4":"10.43.0.10"}
2025-01-29 13:54:37,015 INFO c.h.h.t.OperatorHelmChartContainer - [K3S] [event.go:389] "Event occurred" object="kube-system/coredns" fieldPath="" kind="Addon" apiVersion="k3s.cattle.io/v1" type="Normal" reason="AppliedManifest" message="Applied manifest at \"/var/lib/rancher/k3s/server/manifests/coredns.yaml\""
2025-01-29 13:54:37,023 INFO c.h.h.t.OperatorHelmChartContainer - [K3S] [event.go:389] "Event occurred" object="kube-system/local-storage" fieldPath="" kind="Addon" apiVersion="k3s.cattle.io/v1" type="Normal" reason="ApplyingManifest" message="Applying manifest at \"/var/lib/rancher/k3s/server/manifests/local-storage.yaml\""
2025-01-29 13:54:37,087 INFO c.h.h.t.OperatorHelmChartContainer - [K3S] [controllermanager.go:765] "Started controller" controller="persistentvolumeclaim-protection-controller"
2025-01-29 13:54:37,087 INFO c.h.h.t.OperatorHelmChartContainer - [K3S] [controllermanager.go:717] "Controller is disabled by a feature gate" controller="volumeattributesclass-protection-controller" requiredFeatureGates=["VolumeAttributesClass"]
2025-01-29 13:54:37,087 INFO c.h.h.t.OperatorHelmChartContainer - [K3S] [pvc_protection_controller.go:168] "Starting PVC protection controller"
2025-01-29 13:54:37,116 INFO c.h.h.t.OperatorHelmChartContainer - [K3S] [event.go:389] "Event occurred" object="kube-system/local-storage" fieldPath="" kind="Addon" apiVersion="k3s.cattle.io/v1" type="Normal" reason="AppliedManifest" message="Applied manifest at \"/var/lib/rancher/k3s/server/manifests/local-storage.yaml\""
2025-01-29 13:54:37,121 INFO c.h.h.t.OperatorHelmChartContainer - [K3S] [event.go:389] "Event occurred" object="kube-system/aggregated-metrics-reader" fieldPath="" kind="Addon" apiVersion="k3s.cattle.io/v1" type="Normal" reason="ApplyingManifest" message="Applying manifest at \"/var/lib/rancher/k3s/server/manifests/metrics-server/aggregated-metrics-reader.yaml\""
2025-01-29 13:54:37,186 INFO c.h.h.t.OperatorHelmChartContainer - [K3S] [event.go:389] "Event occurred" object="kube-system/aggregated-metrics-reader" fieldPath="" kind="Addon" apiVersion="k3s.cattle.io/v1" type="Normal" reason="AppliedManifest" message="Applied manifest at \"/var/lib/rancher/k3s/server/manifests/metrics-server/aggregated-metrics-reader.yaml\""
2025-01-29 13:54:37,191 INFO c.h.h.t.OperatorHelmChartContainer - [K3S] [event.go:389] "Event occurred" object="kube-system/auth-delegator" fieldPath="" kind="Addon" apiVersion="k3s.cattle.io/v1" type="Normal" reason="ApplyingManifest" message="Applying manifest at \"/var/lib/rancher/k3s/server/manifests/metrics-server/auth-delegator.yaml\""
2025-01-29 13:54:37,196 INFO c.h.h.t.OperatorHelmChartContainer - [K3S] [event.go:389] "Event occurred" object="kube-system/auth-delegator" fieldPath="" kind="Addon" apiVersion="k3s.cattle.io/v1" type="Normal" reason="AppliedManifest" message="Applied manifest at \"/var/lib/rancher/k3s/server/manifests/metrics-server/auth-delegator.yaml\""
2025-01-29 13:54:37,201 INFO c.h.h.t.OperatorHelmChartContainer - [K3S] [event.go:389] "Event occurred" object="kube-system/auth-reader" fieldPath="" kind="Addon" apiVersion="k3s.cattle.io/v1" type="Normal" reason="ApplyingManifest" message="Applying manifest at \"/var/lib/rancher/k3s/server/manifests/metrics-server/auth-reader.yaml\""
2025-01-29 13:54:37,206 INFO c.h.h.t.OperatorHelmChartContainer - [K3S] [event.go:389] "Event occurred" object="kube-system/auth-reader" fieldPath="" kind="Addon" apiVersion="k3s.cattle.io/v1" type="Normal" reason="AppliedManifest" message="Applied manifest at \"/var/lib/rancher/k3s/server/manifests/metrics-server/auth-reader.yaml\""
2025-01-29 13:54:37,212 INFO c.h.h.t.OperatorHelmChartContainer - [K3S] [event.go:389] "Event occurred" object="kube-system/metrics-apiservice" fieldPath="" kind="Addon" apiVersion="k3s.cattle.io/v1" type="Normal" reason="ApplyingManifest" message="Applying manifest at \"/var/lib/rancher/k3s/server/manifests/metrics-server/metrics-apiservice.yaml\""
2025-01-29 13:54:37,219 INFO c.h.h.t.OperatorHelmChartContainer - [K3S] [event.go:389] "Event occurred" object="kube-system/metrics-apiservice" fieldPath="" kind="Addon" apiVersion="k3s.cattle.io/v1" type="Normal" reason="AppliedManifest" message="Applied manifest at \"/var/lib/rancher/k3s/server/manifests/metrics-server/metrics-apiservice.yaml\""
2025-01-29 13:54:37,225 INFO c.h.h.t.OperatorHelmChartContainer - [K3S] [handler_proxy.go:99] no RequestInfo found in the context
2025-01-29 13:54:37,226 INFO c.h.h.t.OperatorHelmChartContainer - [K3S] [controller.go:146] "Unhandled Error" err=<
2025-01-29 13:54:37,227 INFO c.h.h.t.OperatorHelmChartContainer - [K3S] 	, Header: map[Content-Type:[text/plain; charset=utf-8] X-Content-Type-Options:[nosniff]]
2025-01-29 13:54:37,227 INFO c.h.h.t.OperatorHelmChartContainer - [K3S]  >
2025-01-29 13:54:37,227 INFO c.h.h.t.OperatorHelmChartContainer - [K3S] [handler_proxy.go:143] error resolving kube-system/metrics-server: service "metrics-server" not found
2025-01-29 13:54:37,227 INFO c.h.h.t.OperatorHelmChartContainer - [K3S] [event.go:389] "Event occurred" object="kube-system/metrics-server-deployment" fieldPath="" kind="Addon" apiVersion="k3s.cattle.io/v1" type="Normal" reason="ApplyingManifest" message="Applying manifest at \"/var/lib/rancher/k3s/server/manifests/metrics-server/metrics-server-deployment.yaml\""
2025-01-29 13:54:37,237 INFO c.h.h.t.OperatorHelmChartContainer - [K3S] [controllermanager.go:765] "Started controller" controller="ephemeral-volume-controller"
2025-01-29 13:54:37,237 INFO c.h.h.t.OperatorHelmChartContainer - [K3S] [controllermanager.go:717] "Controller is disabled by a feature gate" controller="service-cidr-controller" requiredFeatureGates=["MultiCIDRServiceAllocator"]
2025-01-29 13:54:37,237 INFO c.h.h.t.OperatorHelmChartContainer - [K3S] [controllermanager.go:723] "Skipping a cloud provider controller" controller="cloud-node-lifecycle-controller"
2025-01-29 13:54:37,237 INFO c.h.h.t.OperatorHelmChartContainer - [K3S] [controller.go:173] "Starting ephemeral volume controller"
2025-01-29 13:54:37,238 INFO c.h.h.t.OperatorHelmChartContainer - [K3S] [event.go:389] "Event occurred" object="kube-system/metrics-server-deployment" fieldPath="" kind="Addon" apiVersion="k3s.cattle.io/v1" type="Normal" reason="AppliedManifest" message="Applied manifest at \"/var/lib/rancher/k3s/server/manifests/metrics-server/metrics-server-deployment.yaml\""
2025-01-29 13:54:37,244 INFO c.h.h.t.OperatorHelmChartContainer - [K3S] [event.go:389] "Event occurred" object="kube-system/metrics-server-service" fieldPath="" kind="Addon" apiVersion="k3s.cattle.io/v1" type="Normal" reason="ApplyingManifest" message="Applying manifest at \"/var/lib/rancher/k3s/server/manifests/metrics-server/metrics-server-service.yaml\""
2025-01-29 13:54:37,250 INFO c.h.h.t.OperatorHelmChartContainer - [K3S] [alloc.go:330] "allocated clusterIPs" service="kube-system/metrics-server" clusterIPs={"IPv4":"10.43.145.243"}
2025-01-29 13:54:37,251 INFO c.h.h.t.OperatorHelmChartContainer - [K3S] [event.go:389] "Event occurred" object="kube-system/metrics-server-service" fieldPath="" kind="Addon" apiVersion="k3s.cattle.io/v1" type="Normal" reason="AppliedManifest" message="Applied manifest at \"/var/lib/rancher/k3s/server/manifests/metrics-server/metrics-server-service.yaml\""
2025-01-29 13:54:37,255 INFO c.h.h.t.OperatorHelmChartContainer - [K3S] [handler_proxy.go:99] no RequestInfo found in the context
2025-01-29 13:54:37,255 INFO c.h.h.t.OperatorHelmChartContainer - [K3S] [controller.go:146] "Unhandled Error" err=<
2025-01-29 13:54:37,255 INFO c.h.h.t.OperatorHelmChartContainer - [K3S] 	, Header: map[Content-Type:[text/plain; charset=utf-8] X-Content-Type-Options:[nosniff]]
2025-01-29 13:54:37,256 INFO c.h.h.t.OperatorHelmChartContainer - [K3S]  >
2025-01-29 13:54:37,256 INFO c.h.h.t.OperatorHelmChartContainer - [K3S] [handler_proxy.go:143] error resolving kube-system/metrics-server: endpoints "metrics-server" not found
2025-01-29 13:54:37,259 INFO c.h.h.t.OperatorHelmChartContainer - [K3S] [event.go:389] "Event occurred" object="kube-system/resource-reader" fieldPath="" kind="Addon" apiVersion="k3s.cattle.io/v1" type="Normal" reason="ApplyingManifest" message="Applying manifest at \"/var/lib/rancher/k3s/server/manifests/metrics-server/resource-reader.yaml\""
2025-01-29 13:54:37,297 INFO c.h.h.t.OperatorHelmChartContainer - [K3S] [event.go:389] "Event occurred" object="kube-system/resource-reader" fieldPath="" kind="Addon" apiVersion="k3s.cattle.io/v1" type="Normal" reason="AppliedManifest" message="Applied manifest at \"/var/lib/rancher/k3s/server/manifests/metrics-server/resource-reader.yaml\""
2025-01-29 13:54:37,303 INFO c.h.h.t.OperatorHelmChartContainer - [K3S] [event.go:389] "Event occurred" object="kube-system/rolebindings" fieldPath="" kind="Addon" apiVersion="k3s.cattle.io/v1" type="Normal" reason="ApplyingManifest" message="Applying manifest at \"/var/lib/rancher/k3s/server/manifests/rolebindings.yaml\""
2025-01-29 13:54:37,387 INFO c.h.h.t.OperatorHelmChartContainer - [K3S] [controllermanager.go:765] "Started controller" controller="persistentvolume-expander-controller"
2025-01-29 13:54:37,388 INFO c.h.h.t.OperatorHelmChartContainer - [K3S] [expand_controller.go:329] "Starting expand controller"
2025-01-29 13:54:37,408 INFO c.h.h.t.OperatorHelmChartContainer - [K3S] [event.go:389] "Event occurred" object="kube-system/rolebindings" fieldPath="" kind="Addon" apiVersion="k3s.cattle.io/v1" type="Normal" reason="AppliedManifest" message="Applied manifest at \"/var/lib/rancher/k3s/server/manifests/rolebindings.yaml\""
2025-01-29 13:54:37,415 INFO c.h.h.t.OperatorHelmChartContainer - [K3S] [event.go:389] "Event occurred" object="kube-system/runtimes" fieldPath="" kind="Addon" apiVersion="k3s.cattle.io/v1" type="Normal" reason="ApplyingManifest" message="Applying manifest at \"/var/lib/rancher/k3s/server/manifests/runtimes.yaml\""
2025-01-29 13:54:37,437 INFO c.h.h.t.OperatorHelmChartContainer - [K3S] [controllermanager.go:765] "Started controller" controller="taint-eviction-controller"
2025-01-29 13:54:37,437 INFO c.h.h.t.OperatorHelmChartContainer - [K3S] [taint_eviction.go:281] "Starting" controller="taint-eviction-controller"
2025-01-29 13:54:37,437 INFO c.h.h.t.OperatorHelmChartContainer - [K3S] [taint_eviction.go:287] "Sending events to api server"
2025-01-29 13:54:37,439 INFO c.h.h.t.OperatorHelmChartContainer - [K3S] [event.go:389] "Event occurred" object="kube-system/runtimes" fieldPath="" kind="Addon" apiVersion="k3s.cattle.io/v1" type="Normal" reason="AppliedManifest" message="Applied manifest at \"/var/lib/rancher/k3s/server/manifests/runtimes.yaml\""
2025-01-29 13:54:37,588 INFO c.h.h.t.OperatorHelmChartContainer - [K3S] [controllermanager.go:765] "Started controller" controller="job-controller"
2025-01-29 13:54:37,588 INFO c.h.h.t.OperatorHelmChartContainer - [K3S] [job_controller.go:243] "Starting job controller"
2025-01-29 13:54:37,638 INFO c.h.h.t.OperatorHelmChartContainer - [K3S] [certificate_controller.go:120] "Starting certificate controller" name="csrsigning-kubelet-serving"
2025-01-29 13:54:37,638 INFO c.h.h.t.OperatorHelmChartContainer - [K3S] [dynamic_serving_content.go:135] "Starting controller" name="csr-controller::/var/lib/rancher/k3s/server/tls/server-ca.nochain.crt::/var/lib/rancher/k3s/server/tls/server-ca.key"
2025-01-29 13:54:37,638 INFO c.h.h.t.OperatorHelmChartContainer - [K3S] [certificate_controller.go:120] "Starting certificate controller" name="csrsigning-kubelet-client"
2025-01-29 13:54:37,638 INFO c.h.h.t.OperatorHelmChartContainer - [K3S] [dynamic_serving_content.go:135] "Starting controller" name="csr-controller::/var/lib/rancher/k3s/server/tls/client-ca.nochain.crt::/var/lib/rancher/k3s/server/tls/client-ca.key"
2025-01-29 13:54:37,638 INFO c.h.h.t.OperatorHelmChartContainer - [K3S] [certificate_controller.go:120] "Starting certificate controller" name="csrsigning-kube-apiserver-client"
2025-01-29 13:54:37,638 INFO c.h.h.t.OperatorHelmChartContainer - [K3S] [dynamic_serving_content.go:135] "Starting controller" name="csr-controller::/var/lib/rancher/k3s/server/tls/client-ca.nochain.crt::/var/lib/rancher/k3s/server/tls/client-ca.key"
2025-01-29 13:54:37,638 INFO c.h.h.t.OperatorHelmChartContainer - [K3S] [controllermanager.go:765] "Started controller" controller="certificatesigningrequest-signing-controller"
2025-01-29 13:54:37,639 INFO c.h.h.t.OperatorHelmChartContainer - [K3S] [certificate_controller.go:120] "Starting certificate controller" name="csrsigning-legacy-unknown"
2025-01-29 13:54:37,639 INFO c.h.h.t.OperatorHelmChartContainer - [K3S] [dynamic_serving_content.go:135] "Starting controller" name="csr-controller::/var/lib/rancher/k3s/server/tls/server-ca.nochain.crt::/var/lib/rancher/k3s/server/tls/server-ca.key"
2025-01-29 13:54:37,687 INFO c.h.h.t.OperatorHelmChartContainer - [K3S] [controllermanager.go:765] "Started controller" controller="certificatesigningrequest-cleaner-controller"
2025-01-29 13:54:37,688 INFO c.h.h.t.OperatorHelmChartContainer - [K3S] [cleaner.go:83] "Starting CSR cleaner controller"
2025-01-29 13:54:37,838 INFO c.h.h.t.OperatorHelmChartContainer - [K3S] [controllermanager.go:765] "Started controller" controller="ttl-controller"
2025-01-29 13:54:37,838 INFO c.h.h.t.OperatorHelmChartContainer - [K3S] [ttl_controller.go:127] "Starting TTL controller"
2025-01-29 13:54:37,839 INFO c.h.h.t.OperatorHelmChartContainer - [K3S] [controllermanager.go:723] "Skipping a cloud provider controller" controller="node-route-controller"
2025-01-29 13:54:37,839 INFO c.h.h.t.OperatorHelmChartContainer - [K3S] [controllermanager.go:743] "Warning: skipping controller" controller="storage-version-migrator-controller"
2025-01-29 13:54:37,839 INFO c.h.h.t.OperatorHelmChartContainer - [K3S] [controllermanager.go:717] "Controller is disabled by a feature gate" controller="selinux-warning-controller" requiredFeatureGates=["SELinuxChangePolicy"]
2025-01-29 13:54:37,911 INFO c.h.h.t.OperatorHelmChartContainer - [K3S] [INFO] Tunnel authorizer set Kubelet Port 0.0.0.0:10250
2025-01-29 13:54:37,925 INFO c.h.h.t.OperatorHelmChartContainer - [K3S] [serving.go:392] Generated self-signed cert in-memory
2025-01-29 13:54:37,989 INFO c.h.h.t.OperatorHelmChartContainer - [K3S] [controllermanager.go:765] "Started controller" controller="endpointslice-mirroring-controller"
2025-01-29 13:54:37,989 INFO c.h.h.t.OperatorHelmChartContainer - [K3S] [endpointslicemirroring_controller.go:227] "Starting EndpointSliceMirroring controller"
2025-01-29 13:54:38,138 INFO c.h.h.t.OperatorHelmChartContainer - [K3S] [controllermanager.go:765] "Started controller" controller="replicationcontroller-controller"
2025-01-29 13:54:38,138 INFO c.h.h.t.OperatorHelmChartContainer - [K3S] [replica_set.go:217] "Starting controller" name="replicationcontroller"
2025-01-29 13:54:38,167 INFO c.h.h.t.OperatorHelmChartContainer - [K3S] [serving.go:392] Generated self-signed cert in-memory
2025-01-29 13:54:38,219 INFO c.h.h.t.OperatorHelmChartContainer - [K3S] [handler_proxy.go:99] no RequestInfo found in the context
2025-01-29 13:54:38,220 INFO c.h.h.t.OperatorHelmChartContainer - [K3S] [handler_proxy.go:99] no RequestInfo found in the context
2025-01-29 13:54:38,220 INFO c.h.h.t.OperatorHelmChartContainer - [K3S] [controller.go:102] "Unhandled Error" err=<
2025-01-29 13:54:38,220 INFO c.h.h.t.OperatorHelmChartContainer - [K3S] 	, Header: map[Content-Type:[text/plain; charset=utf-8] X-Content-Type-Options:[nosniff]]
2025-01-29 13:54:38,220 INFO c.h.h.t.OperatorHelmChartContainer - [K3S]  >
2025-01-29 13:54:38,287 INFO c.h.h.t.OperatorHelmChartContainer - [K3S] [controllermanager.go:765] "Started controller" controller="daemonset-controller"
2025-01-29 13:54:38,288 INFO c.h.h.t.OperatorHelmChartContainer - [K3S] [daemon_controller.go:294] "Starting daemon sets controller"
2025-01-29 13:54:38,412 INFO c.h.h.t.OperatorHelmChartContainer - [K3S] [controllermanager.go:160] Version: v1.32.1+k3s1
2025-01-29 13:54:38,416 INFO c.h.h.t.OperatorHelmChartContainer - [K3S] [requestheader_controller.go:180] Starting RequestHeaderAuthRequestController
2025-01-29 13:54:38,416 INFO c.h.h.t.OperatorHelmChartContainer - [K3S] [configmap_cafile_content.go:205] "Starting controller" name="client-ca::kube-system::extension-apiserver-authentication::requestheader-client-ca-file"
2025-01-29 13:54:38,416 INFO c.h.h.t.OperatorHelmChartContainer - [K3S] [configmap_cafile_content.go:205] "Starting controller" name="client-ca::kube-system::extension-apiserver-authentication::client-ca-file"
2025-01-29 13:54:38,417 INFO c.h.h.t.OperatorHelmChartContainer - [K3S] [secure_serving.go:213] Serving securely on 127.0.0.1:10258
2025-01-29 13:54:38,417 INFO c.h.h.t.OperatorHelmChartContainer - [K3S] [tlsconfig.go:243] "Starting DynamicServingCertificateController"
2025-01-29 13:54:38,420 INFO c.h.h.t.OperatorHelmChartContainer - [K3S] [INFO] Creating service-lb-controller event broadcaster
2025-01-29 13:54:38,437 INFO c.h.h.t.OperatorHelmChartContainer - [K3S] [controllermanager.go:765] "Started controller" controller="persistentvolume-attach-detach-controller"
2025-01-29 13:54:38,437 INFO c.h.h.t.OperatorHelmChartContainer - [K3S] [attach_detach_controller.go:338] "Starting attach detach controller"
2025-01-29 13:54:38,533 INFO c.h.h.t.OperatorHelmChartContainer - [K3S] [INFO] Starting /v1, Kind=Node controller
2025-01-29 13:54:38,536 INFO c.h.h.t.OperatorHelmChartContainer - [K3S] [INFO] Starting /v1, Kind=Pod controller
2025-01-29 13:54:38,538 INFO c.h.h.t.OperatorHelmChartContainer - [K3S] [INFO] Starting apps/v1, Kind=DaemonSet controller
2025-01-29 13:54:38,541 INFO c.h.h.t.OperatorHelmChartContainer - [K3S] [INFO] Starting discovery.k8s.io/v1, Kind=EndpointSlice controller
2025-01-29 13:54:38,542 INFO c.h.h.t.OperatorHelmChartContainer - [K3S] [controllermanager.go:329] Started "cloud-node-lifecycle-controller"
2025-01-29 13:54:38,542 INFO c.h.h.t.OperatorHelmChartContainer - [K3S] [controllermanager.go:329] Started "service-lb-controller"
2025-01-29 13:54:38,542 INFO c.h.h.t.OperatorHelmChartContainer - [K3S] [controllermanager.go:306] "node-route-controller" is disabled
2025-01-29 13:54:38,542 INFO c.h.h.t.OperatorHelmChartContainer - [K3S] [node_lifecycle_controller.go:112] Sending events to api server
2025-01-29 13:54:38,542 INFO c.h.h.t.OperatorHelmChartContainer - [K3S] [controller.go:234] Starting service controller
2025-01-29 13:54:38,543 INFO c.h.h.t.OperatorHelmChartContainer - [K3S] [controllermanager.go:329] Started "cloud-node-controller"
2025-01-29 13:54:38,543 INFO c.h.h.t.OperatorHelmChartContainer - [K3S] [node_controller.go:176] Sending events to api server.
2025-01-29 13:54:38,543 INFO c.h.h.t.OperatorHelmChartContainer - [K3S] [node_controller.go:185] Waiting for informer caches to sync
2025-01-29 13:54:38,638 INFO c.h.h.t.OperatorHelmChartContainer - [K3S] [controllermanager.go:765] "Started controller" controller="validatingadmissionpolicy-status-controller"
2025-01-29 13:54:38,643 INFO c.h.h.t.OperatorHelmChartContainer - [K3S] [node_controller.go:429] Initializing node 9585fd39d6ed with cloud provider
2025-01-29 13:54:38,647 INFO c.h.h.t.OperatorHelmChartContainer - [K3S] [node_controller.go:474] Successfully initialized node 9585fd39d6ed with cloud provider
2025-01-29 13:54:38,649 INFO c.h.h.t.OperatorHelmChartContainer - [K3S] [event.go:389] "Event occurred" object="9585fd39d6ed" fieldPath="" kind="Node" apiVersion="v1" type="Normal" reason="Synced" message="Node synced successfully"
2025-01-29 13:54:38,654 INFO c.h.h.t.OperatorHelmChartContainer - [K3S] [INFO] Updated coredns NodeHosts entry for 9585fd39d6ed
2025-01-29 13:54:38,788 INFO c.h.h.t.OperatorHelmChartContainer - [K3S] [controllermanager.go:765] "Started controller" controller="persistentvolume-binder-controller"
2025-01-29 13:54:38,788 INFO c.h.h.t.OperatorHelmChartContainer - [K3S] [controllermanager.go:717] "Controller is disabled by a feature gate" controller="kube-apiserver-serving-clustertrustbundle-publisher-controller" requiredFeatureGates=["ClusterTrustBundle"]
2025-01-29 13:54:38,788 INFO c.h.h.t.OperatorHelmChartContainer - [K3S] [controllermanager.go:717] "Controller is disabled by a feature gate" controller="storageversion-garbage-collector-controller" requiredFeatureGates=["APIServerIdentity","StorageVersionAPI"]
2025-01-29 13:54:38,788 INFO c.h.h.t.OperatorHelmChartContainer - [K3S] [pv_controller_base.go:308] "Starting persistent volume controller"
2025-01-29 13:54:38,851 INFO c.h.h.t.OperatorHelmChartContainer - [K3S] [serving.go:392] Generated self-signed cert in-memory
2025-01-29 13:54:38,908 INFO c.h.h.t.OperatorHelmChartContainer - [K3S] [INFO] Started tunnel to 172.17.0.3:6443
2025-01-29 13:54:38,908 INFO c.h.h.t.OperatorHelmChartContainer - [K3S] [INFO] Stopped tunnel to 127.0.0.1:6443
2025-01-29 13:54:38,908 INFO c.h.h.t.OperatorHelmChartContainer - [K3S] [INFO] Connecting to proxy" url="wss://172.17.0.3:6443/v1-k3s/connect
2025-01-29 13:54:38,908 INFO c.h.h.t.OperatorHelmChartContainer - [K3S] [INFO] Proxy done" err="context canceled" url="wss://127.0.0.1:6443/v1-k3s/connect
2025-01-29 13:54:38,908 INFO c.h.h.t.OperatorHelmChartContainer - [K3S] [INFO] error in remotedialer server [400]: websocket: close 1006 (abnormal closure): unexpected EOF
2025-01-29 13:54:38,910 INFO c.h.h.t.OperatorHelmChartContainer - [K3S] [INFO] Handling backend connection request [9585fd39d6ed]
2025-01-29 13:54:38,910 INFO c.h.h.t.OperatorHelmChartContainer - [K3S] [INFO] Remotedialer connected to proxy" url="wss://172.17.0.3:6443/v1-k3s/connect
2025-01-29 13:54:38,939 INFO c.h.h.t.OperatorHelmChartContainer - [K3S] [controllermanager.go:765] "Started controller" controller="deployment-controller"
2025-01-29 13:54:38,939 INFO c.h.h.t.OperatorHelmChartContainer - [K3S] [deployment_controller.go:173] "Starting controller" controller="deployment"
2025-01-29 13:54:38,998 INFO c.h.h.t.OperatorHelmChartContainer - [K3S] [server.go:164] "Starting Kubernetes Scheduler" version="v1.32.1+k3s1"
2025-01-29 13:54:38,998 INFO c.h.h.t.OperatorHelmChartContainer - [K3S] [server.go:166] "Golang settings" GOGC="" GOMAXPROCS="" GOTRACEBACK=""
2025-01-29 13:54:39,001 INFO c.h.h.t.OperatorHelmChartContainer - [K3S] [requestheader_controller.go:180] Starting RequestHeaderAuthRequestController
2025-01-29 13:54:39,001 INFO c.h.h.t.OperatorHelmChartContainer - [K3S] [configmap_cafile_content.go:205] "Starting controller" name="client-ca::kube-system::extension-apiserver-authentication::client-ca-file"
2025-01-29 13:54:39,001 INFO c.h.h.t.OperatorHelmChartContainer - [K3S] [configmap_cafile_content.go:205] "Starting controller" name="client-ca::kube-system::extension-apiserver-authentication::requestheader-client-ca-file"
2025-01-29 13:54:39,001 INFO c.h.h.t.OperatorHelmChartContainer - [K3S] [secure_serving.go:213] Serving securely on 127.0.0.1:10259
2025-01-29 13:54:39,002 INFO c.h.h.t.OperatorHelmChartContainer - [K3S] [tlsconfig.go:243] "Starting DynamicServingCertificateController"
2025-01-29 13:54:39,088 INFO c.h.h.t.OperatorHelmChartContainer - [K3S] [controllermanager.go:765] "Started controller" controller="persistentvolume-protection-controller"
2025-01-29 13:54:39,088 INFO c.h.h.t.OperatorHelmChartContainer - [K3S] [pv_protection_controller.go:81] "Starting PV protection controller"
2025-01-29 13:54:39,098 INFO c.h.h.t.OperatorHelmChartContainer - [K3S] [actual_state_of_world.go:541] "Failed to update statusUpdateNeeded field in actual state of world" err="Failed to set statusUpdateNeeded to needed true, because nodeName=\"9585fd39d6ed\" does not exist"
2025-01-29 13:54:39,142 INFO c.h.h.t.OperatorHelmChartContainer - [K3S] [range_allocator.go:177] "Sending events to api server"
2025-01-29 13:54:39,142 INFO c.h.h.t.OperatorHelmChartContainer - [K3S] [range_allocator.go:183] "Starting range CIDR allocator"
2025-01-29 13:54:39,146 INFO c.h.h.t.OperatorHelmChartContainer - [K3S] [range_allocator.go:428] "Set node PodCIDR" node="9585fd39d6ed" podCIDRs=["10.42.0.0/24"]
2025-01-29 13:54:39,146 INFO c.h.h.t.OperatorHelmChartContainer - [K3S] [range_allocator.go:247] "Successfully synced" key="9585fd39d6ed"
2025-01-29 13:54:39,146 INFO c.h.h.t.OperatorHelmChartContainer - [K3S] [INFO] Flannel found PodCIDR assigned for node 9585fd39d6ed
2025-01-29 13:54:39,146 INFO c.h.h.t.OperatorHelmChartContainer - [K3S] [range_allocator.go:247] "Successfully synced" key="9585fd39d6ed"
2025-01-29 13:54:39,147 INFO c.h.h.t.OperatorHelmChartContainer - [K3S] [INFO] The interface eth0 with ipv4 address 172.17.0.3 will be used by flannel
2025-01-29 13:54:39,148 INFO c.h.h.t.OperatorHelmChartContainer - [K3S] [kube.go:139] Waiting 10m0s for node controller to sync
2025-01-29 13:54:39,148 INFO c.h.h.t.OperatorHelmChartContainer - [K3S] [kube.go:469] Starting kube subnet manager
2025-01-29 13:54:39,242 INFO c.h.h.t.OperatorHelmChartContainer - [K3S] [node_lifecycle_controller.go:1234] "Initializing eviction metric for zone" zone=""
2025-01-29 13:54:39,242 INFO c.h.h.t.OperatorHelmChartContainer - [K3S] [node_lifecycle_controller.go:886] "Missing timestamp for Node. Assuming now as a timestamp" node="9585fd39d6ed"
2025-01-29 13:54:39,242 INFO c.h.h.t.OperatorHelmChartContainer - [K3S] [node_lifecycle_controller.go:1080] "Controller detected that zone is now in new state" zone="" newState="Normal"
2025-01-29 13:54:39,247 INFO c.h.h.t.OperatorHelmChartContainer - [K3S] [range_allocator.go:247] "Successfully synced" key="9585fd39d6ed"
2025-01-29 13:54:39,258 INFO c.h.h.t.OperatorHelmChartContainer - [K3S] [INFO] Starting network policy controller version v2.2.1, built on 2025-01-28T18:27:08Z, go1.23.4
2025-01-29 13:54:39,258 INFO c.h.h.t.OperatorHelmChartContainer - [K3S] [network_policy_controller.go:164] Starting network policy controller
2025-01-29 13:54:39,285 INFO c.h.h.t.OperatorHelmChartContainer - [K3S] [network_policy_controller.go:176] Starting network policy controller full sync goroutine
2025-01-29 13:54:39,594 INFO c.h.h.t.OperatorHelmChartContainer - [K3S] [handler_proxy.go:99] no RequestInfo found in the context
2025-01-29 13:54:39,594 INFO c.h.h.t.OperatorHelmChartContainer - [K3S] [controller.go:146] "Unhandled Error" err=<
2025-01-29 13:54:39,594 INFO c.h.h.t.OperatorHelmChartContainer - [K3S] 	, Header: map[Content-Type:[text/plain; charset=utf-8] X-Content-Type-Options:[nosniff]]
2025-01-29 13:54:39,594 INFO c.h.h.t.OperatorHelmChartContainer - [K3S]  >
2025-01-29 13:54:39,596 INFO c.h.h.t.OperatorHelmChartContainer - [K3S] [handler_proxy.go:143] error resolving kube-system/metrics-server: no endpoints available for service "metrics-server"
2025-01-29 13:54:39,643 INFO c.h.h.t.OperatorHelmChartContainer - [K3S] [range_allocator.go:247] "Successfully synced" key="9585fd39d6ed"
2025-01-29 13:54:40,000 INFO c.h.h.t.OperatorHelmChartContainer - [K3S] [replica_set.go:679] "Finished syncing" kind="ReplicaSet" key="kube-system/metrics-server-8584b5786c" duration="306.513029ms"
2025-01-29 13:54:40,000 INFO c.h.h.t.OperatorHelmChartContainer - [K3S] [replica_set.go:679] "Finished syncing" kind="ReplicaSet" key="kube-system/local-path-provisioner-698b58967b" duration="306.414044ms"
2025-01-29 13:54:40,005 INFO c.h.h.t.OperatorHelmChartContainer - [K3S] [replica_set.go:679] "Finished syncing" kind="ReplicaSet" key="kube-system/coredns-ff8999cc5" duration="311.576421ms"
2025-01-29 13:54:40,013 INFO c.h.h.t.OperatorHelmChartContainer - [K3S] [status_manager.go:890] "Failed to get status for pod" podUID="dde9805e-d11e-435c-a64d-9090d5dc21ab" pod="kube-system/metrics-server-8584b5786c-xj87q" err="pods \"metrics-server-8584b5786c-xj87q\" is forbidden: User \"system:node:9585fd39d6ed\" cannot get resource \"pods\" in API group \"\" in the namespace \"kube-system\": no relationship found between node '9585fd39d6ed' and this object"
2025-01-29 13:54:40,024 INFO c.h.h.t.OperatorHelmChartContainer - [K3S] [replica_set.go:679] "Finished syncing" kind="ReplicaSet" key="kube-system/local-path-provisioner-698b58967b" duration="24.080608ms"
2025-01-29 13:54:40,025 INFO c.h.h.t.OperatorHelmChartContainer - [K3S] [replica_set.go:679] "Finished syncing" kind="ReplicaSet" key="kube-system/local-path-provisioner-698b58967b" duration="35.557µs"
2025-01-29 13:54:40,026 INFO c.h.h.t.OperatorHelmChartContainer - [K3S] [replica_set.go:679] "Finished syncing" kind="ReplicaSet" key="kube-system/metrics-server-8584b5786c" duration="26.493488ms"
2025-01-29 13:54:40,026 INFO c.h.h.t.OperatorHelmChartContainer - [K3S] [replica_set.go:679] "Finished syncing" kind="ReplicaSet" key="kube-system/metrics-server-8584b5786c" duration="29.124µs"
2025-01-29 13:54:40,029 INFO c.h.h.t.OperatorHelmChartContainer - [K3S] [replica_set.go:679] "Finished syncing" kind="ReplicaSet" key="kube-system/coredns-ff8999cc5" duration="24.252958ms"
2025-01-29 13:54:40,030 INFO c.h.h.t.OperatorHelmChartContainer - [K3S] [replica_set.go:679] "Finished syncing" kind="ReplicaSet" key="kube-system/coredns-ff8999cc5" duration="55.443µs"
2025-01-29 13:54:40,035 INFO c.h.h.t.OperatorHelmChartContainer - [K3S] [replica_set.go:679] "Finished syncing" kind="ReplicaSet" key="kube-system/metrics-server-8584b5786c" duration="27.722µs"
2025-01-29 13:54:40,043 INFO c.h.h.t.OperatorHelmChartContainer - [K3S] [replica_set.go:679] "Finished syncing" kind="ReplicaSet" key="kube-system/local-path-provisioner-698b58967b" duration="33.593µs"
2025-01-29 13:54:40,051 INFO c.h.h.t.OperatorHelmChartContainer - [K3S] [replica_set.go:679] "Finished syncing" kind="ReplicaSet" key="kube-system/coredns-ff8999cc5" duration="45.365µs"
2025-01-29 13:54:40,081 INFO c.h.h.t.OperatorHelmChartContainer - [K3S] [reconciler_common.go:251] "operationExecutor.VerifyControllerAttachedVolume started for volume \"kube-api-access-jdlq4\" (UniqueName: \"kubernetes.io/projected/2b01b01b-1d35-4379-b839-59bbb903ea87-kube-api-access-jdlq4\") pod \"coredns-ff8999cc5-lch4l\" (UID: \"2b01b01b-1d35-4379-b839-59bbb903ea87\") " pod="kube-system/coredns-ff8999cc5-lch4l"
2025-01-29 13:54:40,082 INFO c.h.h.t.OperatorHelmChartContainer - [K3S] [reconciler_common.go:251] "operationExecutor.VerifyControllerAttachedVolume started for volume \"config-volume\" (UniqueName: \"kubernetes.io/configmap/8c79e467-197f-4b9e-9bb5-581f85e9f0e0-config-volume\") pod \"local-path-provisioner-698b58967b-hxrf4\" (UID: \"8c79e467-197f-4b9e-9bb5-581f85e9f0e0\") " pod="kube-system/local-path-provisioner-698b58967b-hxrf4"
2025-01-29 13:54:40,082 INFO c.h.h.t.OperatorHelmChartContainer - [K3S] [reconciler_common.go:251] "operationExecutor.VerifyControllerAttachedVolume started for volume \"kube-api-access-cmmmc\" (UniqueName: \"kubernetes.io/projected/8c79e467-197f-4b9e-9bb5-581f85e9f0e0-kube-api-access-cmmmc\") pod \"local-path-provisioner-698b58967b-hxrf4\" (UID: \"8c79e467-197f-4b9e-9bb5-581f85e9f0e0\") " pod="kube-system/local-path-provisioner-698b58967b-hxrf4"
2025-01-29 13:54:40,082 INFO c.h.h.t.OperatorHelmChartContainer - [K3S] [reconciler_common.go:251] "operationExecutor.VerifyControllerAttachedVolume started for volume \"tmp-dir\" (UniqueName: \"kubernetes.io/empty-dir/dde9805e-d11e-435c-a64d-9090d5dc21ab-tmp-dir\") pod \"metrics-server-8584b5786c-xj87q\" (UID: \"dde9805e-d11e-435c-a64d-9090d5dc21ab\") " pod="kube-system/metrics-server-8584b5786c-xj87q"
2025-01-29 13:54:40,082 INFO c.h.h.t.OperatorHelmChartContainer - [K3S] [reconciler_common.go:251] "operationExecutor.VerifyControllerAttachedVolume started for volume \"kube-api-access-qr7zf\" (UniqueName: \"kubernetes.io/projected/dde9805e-d11e-435c-a64d-9090d5dc21ab-kube-api-access-qr7zf\") pod \"metrics-server-8584b5786c-xj87q\" (UID: \"dde9805e-d11e-435c-a64d-9090d5dc21ab\") " pod="kube-system/metrics-server-8584b5786c-xj87q"
2025-01-29 13:54:40,082 INFO c.h.h.t.OperatorHelmChartContainer - [K3S] [reconciler_common.go:251] "operationExecutor.VerifyControllerAttachedVolume started for volume \"config-volume\" (UniqueName: \"kubernetes.io/configmap/2b01b01b-1d35-4379-b839-59bbb903ea87-config-volume\") pod \"coredns-ff8999cc5-lch4l\" (UID: \"2b01b01b-1d35-4379-b839-59bbb903ea87\") " pod="kube-system/coredns-ff8999cc5-lch4l"
2025-01-29 13:54:40,082 INFO c.h.h.t.OperatorHelmChartContainer - [K3S] [reconciler_common.go:251] "operationExecutor.VerifyControllerAttachedVolume started for volume \"custom-config-volume\" (UniqueName: \"kubernetes.io/configmap/2b01b01b-1d35-4379-b839-59bbb903ea87-custom-config-volume\") pod \"coredns-ff8999cc5-lch4l\" (UID: \"2b01b01b-1d35-4379-b839-59bbb903ea87\") " pod="kube-system/coredns-ff8999cc5-lch4l"
2025-01-29 13:54:40,148 INFO c.h.h.t.OperatorHelmChartContainer - [K3S] [kube.go:146] Node controller sync successful
2025-01-29 13:54:40,149 INFO c.h.h.t.OperatorHelmChartContainer - [K3S] [vxlan.go:141] VXLAN config: VNI=1 Port=0 GBP=false Learning=false DirectRouting=false
2025-01-29 13:54:40,151 INFO c.h.h.t.OperatorHelmChartContainer - [K3S] [kube.go:636] List of node(9585fd39d6ed) annotations: map[string]string{"alpha.kubernetes.io/provided-node-ip":"172.17.0.3", "k3s.io/hostname":"9585fd39d6ed", "k3s.io/internal-ip":"172.17.0.3", "k3s.io/node-args":"[\"server\",\"--disable\",\"traefik\",\"--tls-san\",\"localhost\"]", "k3s.io/node-config-hash":"JO7YSLDHXFTIIPZLLVI7GVGPULZK5EY6PYXUBKR6RNNG4QMX5FBQ====", "k3s.io/node-env":"{}", "node.alpha.kubernetes.io/ttl":"0", "volumes.kubernetes.io/controller-managed-attach-detach":"true"}
2025-01-29 13:54:40,156 INFO c.h.h.t.OperatorHelmChartContainer - [K3S] [range_allocator.go:247] "Successfully synced" key="9585fd39d6ed"
2025-01-29 13:54:40,157 INFO c.h.h.t.OperatorHelmChartContainer - [K3S] [iptables.go:51] Starting flannel in iptables mode...
2025-01-29 13:54:40,157 INFO c.h.h.t.OperatorHelmChartContainer - [K3S] [WARNING] no subnet found for key: FLANNEL_NETWORK in file: /run/flannel/subnet.env
2025-01-29 13:54:40,157 INFO c.h.h.t.OperatorHelmChartContainer - [K3S] [WARNING] no subnet found for key: FLANNEL_SUBNET in file: /run/flannel/subnet.env
2025-01-29 13:54:40,157 INFO c.h.h.t.OperatorHelmChartContainer - [K3S] [WARNING] no subnet found for key: FLANNEL_IPV6_NETWORK in file: /run/flannel/subnet.env
2025-01-29 13:54:40,157 INFO c.h.h.t.OperatorHelmChartContainer - [K3S] [WARNING] no subnet found for key: FLANNEL_IPV6_SUBNET in file: /run/flannel/subnet.env
2025-01-29 13:54:40,157 INFO c.h.h.t.OperatorHelmChartContainer - [K3S] [iptables.go:115] Current network or subnet (10.42.0.0/16, 10.42.0.0/24) is not equal to previous one (0.0.0.0/0, 0.0.0.0/0), trying to recycle old iptables rules
2025-01-29 13:54:40,157 INFO c.h.h.t.OperatorHelmChartContainer - [K3S] [kube.go:490] Creating the node lease for IPv4. This is the n.Spec.PodCIDRs: [10.42.0.0/24]
2025-01-29 13:54:40,164 INFO c.h.h.t.OperatorHelmChartContainer - [K3S] [iptables.go:125] Setting up masking rules
2025-01-29 13:54:40,166 INFO c.h.h.t.OperatorHelmChartContainer - [K3S] [iptables.go:226] Changing default FORWARD chain policy to ACCEPT
2025-01-29 13:54:40,169 INFO c.h.h.t.OperatorHelmChartContainer - [K3S] [INFO] Wrote flannel subnet file to /run/flannel/subnet.env
2025-01-29 13:54:40,169 INFO c.h.h.t.OperatorHelmChartContainer - [K3S] [INFO] Running flannel backend.
2025-01-29 13:54:40,169 INFO c.h.h.t.OperatorHelmChartContainer - [K3S] [vxlan_network.go:65] watching for new subnet leases
2025-01-29 13:54:40,177 INFO c.h.h.t.OperatorHelmChartContainer - [K3S] [iptables.go:372] bootstrap done
2025-01-29 13:54:40,189 INFO c.h.h.t.OperatorHelmChartContainer - [K3S] [iptables.go:372] bootstrap done
2025-01-29 13:54:40,597 INFO c.h.h.t.OperatorHelmChartContainer - [K3S] [handler_proxy.go:99] no RequestInfo found in the context
2025-01-29 13:54:40,597 INFO c.h.h.t.OperatorHelmChartContainer - [K3S] [handler_proxy.go:99] no RequestInfo found in the context
2025-01-29 13:54:40,597 INFO c.h.h.t.OperatorHelmChartContainer - [K3S] [controller.go:102] "Unhandled Error" err=<
2025-01-29 13:54:40,597 INFO c.h.h.t.OperatorHelmChartContainer - [K3S] 	, Header: map[Content-Type:[text/plain; charset=utf-8] X-Content-Type-Options:[nosniff]]
2025-01-29 13:54:40,597 INFO c.h.h.t.OperatorHelmChartContainer - [K3S]  >
2025-01-29 13:54:43,274 INFO c.h.h.t.OperatorHelmChartContainer - [K3S] [kuberuntime_manager.go:1702] "Updating runtime config through cri with podcidr" CIDR="10.42.0.0/24"
2025-01-29 13:54:43,275 INFO c.h.h.t.OperatorHelmChartContainer - [K3S] [kubelet_network.go:61] "Updating Pod CIDR" originalPodCIDR="" newPodCIDR="10.42.0.0/24"
2025-01-29 13:54:43,282 INFO c.h.h.t.OperatorHelmChartContainer - [K3S] [range_allocator.go:247] "Successfully synced" key="9585fd39d6ed"
2025-01-29 13:54:45,050 INFO c.h.h.t.OperatorHelmChartContainer - [K3S] [replica_set.go:679] "Finished syncing" kind="ReplicaSet" key="kube-system/local-path-provisioner-698b58967b" duration="8.148351ms"
2025-01-29 13:54:45,050 INFO c.h.h.t.OperatorHelmChartContainer - [K3S] [replica_set.go:679] "Finished syncing" kind="ReplicaSet" key="kube-system/local-path-provisioner-698b58967b" duration="60.783µs"
2025-01-29 13:54:46,056 INFO c.h.h.t.OperatorHelmChartContainer - [K3S] [replica_set.go:679] "Finished syncing" kind="ReplicaSet" key="kube-system/coredns-ff8999cc5" duration="138.709µs"
2025-01-29 13:54:46,118 INFO c.h.h.t.OperatorHelmChartContainer - [K3S] [replica_set.go:679] "Finished syncing" kind="ReplicaSet" key="kube-system/coredns-ff8999cc5" duration="39.954114ms"
2025-01-29 13:54:46,119 INFO c.h.h.t.OperatorHelmChartContainer - [K3S] [replica_set.go:679] "Finished syncing" kind="ReplicaSet" key="kube-system/coredns-ff8999cc5" duration="1.11514ms"
2025-01-29 13:54:46,121 INFO c.h.h.t.OperatorHelmChartContainer - [K3S] [replica_set.go:679] "Finished syncing" kind="ReplicaSet" key="kube-system/metrics-server-8584b5786c" duration="60.082µs"
2025-01-29 13:54:57,757 INFO c.h.h.t.OperatorHelmChartContainer - [K3S] [alloc.go:330] "allocated clusterIPs" service="default/local-hivemq-hivemq-operator-operator" clusterIPs={"IPv4":"10.43.172.70"}
2025-01-29 13:54:57,793 INFO c.h.h.t.OperatorHelmChartContainer - [K3S] [replica_set.go:679] "Finished syncing" kind="ReplicaSet" key="default/local-hivemq-hivemq-operator-operator-6b564f6db4" duration="25.450327ms"
2025-01-29 13:54:57,817 INFO c.h.h.t.OperatorHelmChartContainer - [K3S] [replica_set.go:679] "Finished syncing" kind="ReplicaSet" key="default/local-hivemq-hivemq-operator-operator-6b564f6db4" duration="23.128339ms"
2025-01-29 13:54:57,817 INFO c.h.h.t.OperatorHelmChartContainer - [K3S] [replica_set.go:679] "Finished syncing" kind="ReplicaSet" key="default/local-hivemq-hivemq-operator-operator-6b564f6db4" duration="48.07µs"
2025-01-29 13:54:57,817 INFO c.h.h.t.OperatorHelmChartContainer - [K3S] [replica_set.go:679] "Finished syncing" kind="ReplicaSet" key="default/local-hivemq-hivemq-operator-operator-6b564f6db4" duration="35.186µs"
2025-01-29 13:54:57,827 INFO c.h.h.t.OperatorHelmChartContainer - [K3S] [replica_set.go:679] "Finished syncing" kind="ReplicaSet" key="default/local-hivemq-hivemq-operator-operator-6b564f6db4" duration="1.624371ms"
2025-01-29 13:54:57,885 DEBUG c.h.h.t.OperatorHelmChartContainer - Chart 'local-hivemq' installed or upgraded
2025-01-29 13:54:57,906 INFO c.h.h.t.OperatorHelmChartContainer - [K3S] [reconciler_common.go:251] "operationExecutor.VerifyControllerAttachedVolume started for volume \"templates\" (UniqueName: \"kubernetes.io/configmap/c3ec57e9-ad8f-4fa7-8a31-ab3283eea564-templates\") pod \"local-hivemq-hivemq-operator-operator-6b564f6db4-q84zh\" (UID: \"c3ec57e9-ad8f-4fa7-8a31-ab3283eea564\") " pod="default/local-hivemq-hivemq-operator-operator-6b564f6db4-q84zh"
2025-01-29 13:54:57,906 INFO c.h.h.t.OperatorHelmChartContainer - [K3S] [reconciler_common.go:251] "operationExecutor.VerifyControllerAttachedVolume started for volume \"kube-api-access-h8rh4\" (UniqueName: \"kubernetes.io/projected/c3ec57e9-ad8f-4fa7-8a31-ab3283eea564-kube-api-access-h8rh4\") pod \"local-hivemq-hivemq-operator-operator-6b564f6db4-q84zh\" (UID: \"c3ec57e9-ad8f-4fa7-8a31-ab3283eea564\") " pod="default/local-hivemq-hivemq-operator-operator-6b564f6db4-q84zh"
2025-01-29 13:54:59,068 INFO c.h.h.t.OperatorHelmChartContainer - [K3S] [replica_set.go:679] "Finished syncing" kind="ReplicaSet" key="default/local-hivemq-hivemq-operator-operator-6b564f6db4" duration="4.971673ms"
2025-01-29 13:54:59,070 INFO c.h.h.t.OperatorHelmChartContainer - [K3S] [replica_set.go:679] "Finished syncing" kind="ReplicaSet" key="default/local-hivemq-hivemq-operator-operator-6b564f6db4" duration="35.426µs"
2025-01-29 13:55:02,053 INFO c.h.h.t.OperatorHelmChartContainer - [K3S] [replica_set.go:679] "Finished syncing" kind="ReplicaSet" key="kube-system/metrics-server-8584b5786c" duration="5.162187ms"
2025-01-29 13:55:02,054 INFO c.h.h.t.OperatorHelmChartContainer - [K3S] [replica_set.go:679] "Finished syncing" kind="ReplicaSet" key="kube-system/metrics-server-8584b5786c" duration="32.661µs"
2025-01-29 13:55:03,832 INFO c.h.h.t.OperatorHelmChartContainer - [K3S] [range_allocator.go:247] "Successfully synced" key="9585fd39d6ed"
2025-01-29 13:55:05,804 INFO c.h.h.t.OperatorHelmChartContainer - [K3S] [alloc.go:330] "allocated clusterIPs" service="default/hivemq-local-hivemq-cc" clusterIPs={"IPv4":"10.43.110.15"}
2025-01-29 13:55:05,818 INFO c.h.h.t.OperatorHelmChartContainer - [K3S] [alloc.go:330] "allocated clusterIPs" service="default/hivemq-local-hivemq-mqtt" clusterIPs={"IPv4":"10.43.216.96"}
2025-01-29 13:55:05,821 INFO c.h.h.t.OperatorHelmChartContainer - [K3S] [event.go:389] "Event occurred" object="default/hivemq-local-hivemq-mqtt" fieldPath="" kind="Service" apiVersion="v1" type="Normal" reason="EnsuringLoadBalancer" message="Ensuring load balancer"
2025-01-29 13:55:05,908 INFO c.h.h.t.OperatorHelmChartContainer - [K3S] [event.go:389] "Event occurred" object="default/hivemq-local-hivemq-mqtt" fieldPath="" kind="Service" apiVersion="v1" type="Normal" reason="AppliedDaemonSet" message="Applied LoadBalancer DaemonSet kube-system/svclb-hivemq-local-hivemq-mqtt-c18b7164"
2025-01-29 13:55:08,088 INFO c.h.h.t.OperatorHelmChartContainer - [K3S] [event.go:389] "Event occurred" object="default/hivemq-local-hivemq-mqtt" fieldPath="" kind="Service" apiVersion="v1" type="Normal" reason="UpdatedLoadBalancer" message="Updated LoadBalancer with new IPs: [] -> [172.17.0.3]"
2025-01-29 13:55:08,227 DEBUG com.hivemq.helmcharts.util.K8sUtil - State to compare Pending and waiting for Running
2025-01-29 13:55:08,414 DEBUG com.hivemq.helmcharts.util.K8sUtil - State to compare Pending and waiting for Running
2025-01-29 13:55:09,516 DEBUG com.hivemq.helmcharts.util.K8sUtil - State to compare Pending and waiting for Running
2025-01-29 13:55:09,820 DEBUG com.hivemq.helmcharts.util.K8sUtil - State to compare Pending and waiting for Running
2025-01-29 13:55:10,306 DEBUG com.hivemq.helmcharts.util.K8sUtil - State to compare Updating and waiting for Running
2025-01-29 13:55:10,750 INFO c.h.h.t.OperatorHelmChartContainer - [K3S] [replica_set.go:679] "Finished syncing" kind="ReplicaSet" key="default/local-hivemq-6f4d548d79" duration="44.892556ms"
2025-01-29 13:55:10,754 DEBUG com.hivemq.helmcharts.util.K8sUtil - State to compare Updating and waiting for Running
2025-01-29 13:55:10,797 INFO c.h.h.t.OperatorHelmChartContainer - [K3S] [reconciler_common.go:251] "operationExecutor.VerifyControllerAttachedVolume started for volume \"kube-api-access-t8kcv\" (UniqueName: \"kubernetes.io/projected/97fafcfc-ee46-4688-86fe-423a07f53737-kube-api-access-t8kcv\") pod \"local-hivemq-6f4d548d79-x7mp6\" (UID: \"97fafcfc-ee46-4688-86fe-423a07f53737\") " pod="default/local-hivemq-6f4d548d79-x7mp6"
2025-01-29 13:55:10,798 INFO c.h.h.t.OperatorHelmChartContainer - [K3S] [reconciler_common.go:251] "operationExecutor.VerifyControllerAttachedVolume started for volume \"shared-data\" (UniqueName: \"kubernetes.io/empty-dir/97fafcfc-ee46-4688-86fe-423a07f53737-shared-data\") pod \"local-hivemq-6f4d548d79-x7mp6\" (UID: \"97fafcfc-ee46-4688-86fe-423a07f53737\") " pod="default/local-hivemq-6f4d548d79-x7mp6"
2025-01-29 13:55:10,798 INFO c.h.h.t.OperatorHelmChartContainer - [K3S] [reconciler_common.go:251] "operationExecutor.VerifyControllerAttachedVolume started for volume \"log\" (UniqueName: \"kubernetes.io/empty-dir/97fafcfc-ee46-4688-86fe-423a07f53737-log\") pod \"local-hivemq-6f4d548d79-x7mp6\" (UID: \"97fafcfc-ee46-4688-86fe-423a07f53737\") " pod="default/local-hivemq-6f4d548d79-x7mp6"
2025-01-29 13:55:10,798 INFO c.h.h.t.OperatorHelmChartContainer - [K3S] [reconciler_common.go:251] "operationExecutor.VerifyControllerAttachedVolume started for volume \"audit\" (UniqueName: \"kubernetes.io/empty-dir/97fafcfc-ee46-4688-86fe-423a07f53737-audit\") pod \"local-hivemq-6f4d548d79-x7mp6\" (UID: \"97fafcfc-ee46-4688-86fe-423a07f53737\") " pod="default/local-hivemq-6f4d548d79-x7mp6"
2025-01-29 13:55:10,799 INFO c.h.h.t.OperatorHelmChartContainer - [K3S] [reconciler_common.go:251] "operationExecutor.VerifyControllerAttachedVolume started for volume \"live-info\" (UniqueName: \"kubernetes.io/configmap/97fafcfc-ee46-4688-86fe-423a07f53737-live-info\") pod \"local-hivemq-6f4d548d79-x7mp6\" (UID: \"97fafcfc-ee46-4688-86fe-423a07f53737\") " pod="default/local-hivemq-6f4d548d79-x7mp6"
2025-01-29 13:55:10,799 INFO c.h.h.t.OperatorHelmChartContainer - [K3S] [reconciler_common.go:251] "operationExecutor.VerifyControllerAttachedVolume started for volume \"dns-wait-config\" (UniqueName: \"kubernetes.io/configmap/97fafcfc-ee46-4688-86fe-423a07f53737-dns-wait-config\") pod \"local-hivemq-6f4d548d79-x7mp6\" (UID: \"97fafcfc-ee46-4688-86fe-423a07f53737\") " pod="default/local-hivemq-6f4d548d79-x7mp6"
2025-01-29 13:55:10,799 INFO c.h.h.t.OperatorHelmChartContainer - [K3S] [reconciler_common.go:251] "operationExecutor.VerifyControllerAttachedVolume started for volume \"data\" (UniqueName: \"kubernetes.io/empty-dir/97fafcfc-ee46-4688-86fe-423a07f53737-data\") pod \"local-hivemq-6f4d548d79-x7mp6\" (UID: \"97fafcfc-ee46-4688-86fe-423a07f53737\") " pod="default/local-hivemq-6f4d548d79-x7mp6"
2025-01-29 13:55:10,800 INFO c.h.h.t.OperatorHelmChartContainer - [K3S] [reconciler_common.go:251] "operationExecutor.VerifyControllerAttachedVolume started for volume \"conf-override\" (UniqueName: \"kubernetes.io/empty-dir/97fafcfc-ee46-4688-86fe-423a07f53737-conf-override\") pod \"local-hivemq-6f4d548d79-x7mp6\" (UID: \"97fafcfc-ee46-4688-86fe-423a07f53737\") " pod="default/local-hivemq-6f4d548d79-x7mp6"
2025-01-29 13:55:10,800 INFO c.h.h.t.OperatorHelmChartContainer - [K3S] [reconciler_common.go:251] "operationExecutor.VerifyControllerAttachedVolume started for volume \"backup\" (UniqueName: \"kubernetes.io/empty-dir/97fafcfc-ee46-4688-86fe-423a07f53737-backup\") pod \"local-hivemq-6f4d548d79-x7mp6\" (UID: \"97fafcfc-ee46-4688-86fe-423a07f53737\") " pod="default/local-hivemq-6f4d548d79-x7mp6"
2025-01-29 13:55:10,800 INFO c.h.h.t.OperatorHelmChartContainer - [K3S] [reconciler_common.go:251] "operationExecutor.VerifyControllerAttachedVolume started for volume \"heap-dumps\" (UniqueName: \"kubernetes.io/empty-dir/97fafcfc-ee46-4688-86fe-423a07f53737-heap-dumps\") pod \"local-hivemq-6f4d548d79-x7mp6\" (UID: \"97fafcfc-ee46-4688-86fe-423a07f53737\") " pod="default/local-hivemq-6f4d548d79-x7mp6"
2025-01-29 13:55:10,825 INFO c.h.h.t.OperatorHelmChartContainer - [K3S] [replica_set.go:679] "Finished syncing" kind="ReplicaSet" key="default/local-hivemq-6f4d548d79" duration="80.581225ms"
2025-01-29 13:55:10,825 INFO c.h.h.t.OperatorHelmChartContainer - [K3S] [replica_set.go:679] "Finished syncing" kind="ReplicaSet" key="default/local-hivemq-6f4d548d79" duration="90.729µs"
2025-01-29 13:55:10,825 INFO c.h.h.t.OperatorHelmChartContainer - [K3S] [replica_set.go:679] "Finished syncing" kind="ReplicaSet" key="default/local-hivemq-6f4d548d79" duration="80.741µs"
2025-01-29 13:55:11,006 DEBUG com.hivemq.helmcharts.util.K8sUtil - State to compare Updating and waiting for Running
2025-01-29 13:55:11,113 DEBUG com.hivemq.helmcharts.util.K8sUtil - State to compare Updating and waiting for Running
2025-01-29 13:55:11,344 DEBUG com.hivemq.helmcharts.util.K8sUtil - State to compare Updating and waiting for Running
2025-01-29 13:55:11,605 INFO c.h.h.t.OperatorHelmChartContainer - [K3S] [replica_set.go:679] "Finished syncing" kind="ReplicaSet" key="default/local-hivemq-6f4d548d79" duration="47.679µs"
2025-01-29 13:55:16,098 INFO c.h.h.t.OperatorHelmChartContainer - [K3S] [replica_set.go:679] "Finished syncing" kind="ReplicaSet" key="default/local-hivemq-6f4d548d79" duration="79.379µs"
2025-01-29 13:55:16,118 INFO c.h.h.t.OperatorHelmChartContainer - [K3S] [event.go:389] "Event occurred" object="default/hivemq-local-hivemq-mqtt" fieldPath="" kind="Service" apiVersion="v1" type="Normal" reason="UpdatedLoadBalancer" message="Updated LoadBalancer with new IPs: [172.17.0.3] -> [172.17.0.3]"
2025-01-29 13:55:17,098 INFO c.h.h.t.OperatorHelmChartContainer - [K3S] [replica_set.go:679] "Finished syncing" kind="ReplicaSet" key="default/local-hivemq-6f4d548d79" duration="45.685µs"
2025-01-29 13:55:27,116 INFO c.h.h.t.OperatorHelmChartContainer - [K3S] [replica_set.go:679] "Finished syncing" kind="ReplicaSet" key="default/local-hivemq-6f4d548d79" duration="59.411µs"
2025-01-29 13:55:28,117 INFO c.h.h.t.OperatorHelmChartContainer - [K3S] [replica_set.go:679] "Finished syncing" kind="ReplicaSet" key="default/local-hivemq-6f4d548d79" duration="54.592µs"
2025-01-29 13:55:34,408 INFO c.h.h.t.OperatorHelmChartContainer - [K3S] [range_allocator.go:247] "Successfully synced" key="9585fd39d6ed"
2025-01-29 13:55:59,170 INFO c.h.h.t.OperatorHelmChartContainer - [K3S] [replica_set.go:679] "Finished syncing" kind="ReplicaSet" key="default/local-hivemq-6f4d548d79" duration="20.798485ms"
2025-01-29 13:55:59,171 INFO c.h.h.t.OperatorHelmChartContainer - [K3S] [replica_set.go:679] "Finished syncing" kind="ReplicaSet" key="default/local-hivemq-6f4d548d79" duration="95.417µs"
2025-01-29 13:55:59,174 INFO c.h.h.t.OperatorHelmChartContainer - [K3S] [event.go:389] "Event occurred" object="default/hivemq-local-hivemq-mqtt" fieldPath="" kind="Service" apiVersion="v1" type="Normal" reason="UpdatedLoadBalancer" message="Updated LoadBalancer with new IPs: [172.17.0.3] -> [172.17.0.3]"
2025-01-29 13:56:29,177 INFO c.h.h.t.OperatorHelmChartContainer - [K3S] [replica_set.go:679] "Finished syncing" kind="ReplicaSet" key="default/local-hivemq-6f4d548d79" duration="6.902813ms"
2025-01-29 13:56:29,177 INFO c.h.h.t.OperatorHelmChartContainer - [K3S] [replica_set.go:679] "Finished syncing" kind="ReplicaSet" key="default/local-hivemq-6f4d548d79" duration="54.793µs"
2025-01-29 13:56:29,217 DEBUG com.hivemq.helmcharts.util.K8sUtil - State to compare Updating and waiting for Running
2025-01-29 13:56:29,512 DEBUG com.hivemq.helmcharts.util.K8sUtil - State to compare Updating and waiting for Running
2025-01-29 13:56:29,708 DEBUG com.hivemq.helmcharts.util.K8sUtil - State to compare Updating and waiting for Running
2025-01-29 13:56:29,799 DEBUG com.hivemq.helmcharts.util.K8sUtil - State to compare Updating and waiting for Running
2025-01-29 13:56:29,996 DEBUG com.hivemq.helmcharts.util.K8sUtil - State to compare Updating and waiting for Running
2025-01-29 13:56:30,138 DEBUG com.hivemq.helmcharts.util.K8sUtil - State to compare Running and waiting for Running
2025-01-29 13:56:30,204 INFO c.h.h.t.OperatorHelmChartContainer - [K3S] [writers.go:123] "Unhandled Error" err="apiserver was unable to write a JSON response: http2: stream closed"
2025-01-29 13:56:30,206 INFO c.h.h.t.OperatorHelmChartContainer - [K3S] [wrap.go:53] "Timeout or abort while handling" method="PATCH" URI="/apis/hivemq.com/v1/namespaces/default/hivemq-clusters/local-hivemq/status" auditID="f77b210a-4b50-493a-9849-dcdfe12b2913"
2025-01-29 13:56:30,206 INFO c.h.h.t.OperatorHelmChartContainer - [K3S] [status.go:71] "Unhandled Error" err="apiserver received an error that is not an metav1.Status: &errors.errorString{s:\"http2: stream closed\"}: http2: stream closed"
2025-01-29 13:56:30,207 INFO c.h.h.t.OperatorHelmChartContainer - [K3S] [writers.go:136] "Unhandled Error" err="apiserver was unable to write a fallback JSON response: http: Handler timeout"
2025-01-29 13:56:30,210 INFO c.h.h.t.OperatorHelmChartContainer - [K3S] [timeout.go:140] "Post-timeout activity" timeElapsed="3.430559ms" method="PATCH" path="/apis/hivemq.com/v1/namespaces/default/hivemq-clusters/local-hivemq/status" result=null
2025-01-29 13:56:30,459 INFO t.localhost/testcontainers/vntvwunuzphvivwe:latest - Container localhost/testcontainers/vntvwunuzphvivwe:latest started in PT2M2.435821112S
2025-01-29 13:56:30,533 INFO c.h.h.t.OperatorHelmChartContainer - [EVENT] Normal [Starting] Starting kubelet. [null:9585fd39d6ed]
2025-01-29 13:56:30,534 INFO c.h.h.t.OperatorHelmChartContainer - [EVENT] Warning [InvalidDiskCapacity] invalid capacity 0 on image filesystem [null:9585fd39d6ed]
2025-01-29 13:56:30,534 INFO c.h.h.t.OperatorHelmChartContainer - [EVENT] Normal [NodeHasSufficientMemory] Node 9585fd39d6ed status is now: NodeHasSufficientMemory [null:9585fd39d6ed]
2025-01-29 13:56:30,535 INFO c.h.h.t.OperatorHelmChartContainer - [EVENT] Normal [NodeHasNoDiskPressure] Node 9585fd39d6ed status is now: NodeHasNoDiskPressure [null:9585fd39d6ed]
2025-01-29 13:56:30,536 INFO c.h.h.t.OperatorHelmChartContainer - [EVENT] Normal [NodeHasSufficientPID] Node 9585fd39d6ed status is now: NodeHasSufficientPID [null:9585fd39d6ed]
2025-01-29 13:56:30,536 INFO c.h.h.t.OperatorHelmChartContainer - [EVENT] Normal [NodeAllocatableEnforced] Updated Node Allocatable limit across pods [null:9585fd39d6ed]
2025-01-29 13:56:30,537 INFO c.h.h.t.OperatorHelmChartContainer - [EVENT] Normal [NodeReady] Node 9585fd39d6ed status is now: NodeReady [null:9585fd39d6ed]
2025-01-29 13:56:30,537 INFO c.h.h.t.OperatorHelmChartContainer - [EVENT] Normal [NodePasswordValidationComplete] Deferred node password secret validation complete [null:9585fd39d6ed]
2025-01-29 13:56:30,538 INFO c.h.h.t.OperatorHelmChartContainer - [EVENT] Normal [Synced] Node synced successfully [null:9585fd39d6ed]
2025-01-29 13:56:30,538 INFO c.h.h.t.OperatorHelmChartContainer - [EVENT] Normal [RegisteredNode] Node 9585fd39d6ed event: Registered Node 9585fd39d6ed in Controller [null:9585fd39d6ed]
2025-01-29 13:56:30,539 INFO c.h.h.t.OperatorHelmChartContainer - [EVENT] Normal [EnsuringLoadBalancer] Ensuring load balancer [default:hivemq-local-hivemq-mqtt]
2025-01-29 13:56:30,539 INFO c.h.h.t.OperatorHelmChartContainer - [EVENT] Normal [AppliedDaemonSet] Applied LoadBalancer DaemonSet kube-system/svclb-hivemq-local-hivemq-mqtt-c18b7164 [default:hivemq-local-hivemq-mqtt]
2025-01-29 13:56:30,540 INFO c.h.h.t.OperatorHelmChartContainer - [EVENT] Normal [UpdatedLoadBalancer] Updated LoadBalancer with new IPs: [] -> [172.17.0.3] [default:hivemq-local-hivemq-mqtt]
2025-01-29 13:56:30,540 INFO c.h.h.t.OperatorHelmChartContainer - [EVENT] Normal [UpdatedLoadBalancer] Updated LoadBalancer with new IPs: [172.17.0.3] -> [172.17.0.3] [default:hivemq-local-hivemq-mqtt]
2025-01-29 13:56:30,541 INFO c.h.h.t.OperatorHelmChartContainer - [EVENT] Normal [Scheduled] Successfully assigned default/local-hivemq-6f4d548d79-x7mp6 to 9585fd39d6ed [default:local-hivemq-6f4d548d79-x7mp6]
2025-01-29 13:56:30,541 INFO c.h.h.t.OperatorHelmChartContainer - [EVENT] Normal [Pulling] Pulling image "busybox:latest" [default:local-hivemq-6f4d548d79-x7mp6]
2025-01-29 13:56:30,542 INFO c.h.h.t.OperatorHelmChartContainer - [EVENT] Normal [Pulled] Successfully pulled image "busybox:latest" in 4.199s (4.199s including waiting). Image size: 2167089 bytes. [default:local-hivemq-6f4d548d79-x7mp6]
2025-01-29 13:56:30,542 INFO c.h.h.t.OperatorHelmChartContainer - [EVENT] Normal [Created] Created container: init-shared [default:local-hivemq-6f4d548d79-x7mp6]
2025-01-29 13:56:30,543 INFO c.h.h.t.OperatorHelmChartContainer - [EVENT] Normal [Started] Started container init-shared [default:local-hivemq-6f4d548d79-x7mp6]
2025-01-29 13:56:30,543 INFO c.h.h.t.OperatorHelmChartContainer - [EVENT] Normal [Pulled] Container image "hivemq/init-dns-wait:snapshot" already present on machine [default:local-hivemq-6f4d548d79-x7mp6]
2025-01-29 13:56:30,543 INFO c.h.h.t.OperatorHelmChartContainer - [EVENT] Normal [Created] Created container: dns-wait [default:local-hivemq-6f4d548d79-x7mp6]
2025-01-29 13:56:30,544 INFO c.h.h.t.OperatorHelmChartContainer - [EVENT] Normal [Started] Started container dns-wait [default:local-hivemq-6f4d548d79-x7mp6]
2025-01-29 13:56:30,544 INFO c.h.h.t.OperatorHelmChartContainer - [EVENT] Normal [Pulled] Container image "hivemq/hivemq4:k8s-4.36.0" already present on machine [default:local-hivemq-6f4d548d79-x7mp6]
2025-01-29 13:56:30,544 INFO c.h.h.t.OperatorHelmChartContainer - Received Pulled event for container hivemq in pod local-hivemq-6f4d548d79-x7mp6 [97fafcfc-ee46-4688-86fe-423a07f53737]
2025-01-29 13:56:30,545 INFO c.h.h.t.OperatorHelmChartContainer - [EVENT] Normal [Created] Created container: hivemq [default:local-hivemq-6f4d548d79-x7mp6]
2025-01-29 13:56:30,545 INFO c.h.h.t.OperatorHelmChartContainer - Received Created event for container hivemq in pod local-hivemq-6f4d548d79-x7mp6 [97fafcfc-ee46-4688-86fe-423a07f53737]
2025-01-29 13:56:30,589 INFO c.h.h.t.OperatorHelmChartContainer - [POD] local-hivemq-6f4d548d79-x7mp6 [97fafcfc-ee46-4688-86fe-423a07f53737] in default was ADDED
2025-01-29 13:56:30,593 INFO c.h.h.t.OperatorHelmChartContainer - [POD] local-hivemq-hivemq-operator-operator-6b564f6db4-q84zh [c3ec57e9-ad8f-4fa7-8a31-ab3283eea564] in default was ADDED
2025-01-29 13:56:30,591 INFO c.h.h.t.OperatorHelmChartContainer - Started log watcher for hivemq in pod local-hivemq-6f4d548d79-x7mp6 [97fafcfc-ee46-4688-86fe-423a07f53737]
2025-01-29 13:56:30,594 INFO c.h.h.t.OperatorHelmChartContainer - [local-hivemq-6f4d548d79] [hivemq] [97fafcfc] Copying external files
2025-01-29 13:56:30,594 INFO c.h.h.t.OperatorHelmChartContainer - [local-hivemq-6f4d548d79] [hivemq] [97fafcfc] Rewriting config.xml...
2025-01-29 13:56:30,594 INFO c.h.h.t.OperatorHelmChartContainer - [local-hivemq-6f4d548d79] [hivemq] [97fafcfc] Creating initial lastUpdate files...
2025-01-29 13:56:30,594 INFO c.h.h.t.OperatorHelmChartContainer - [local-hivemq-6f4d548d79] [hivemq] [97fafcfc] Disabling Prometheus
2025-01-29 13:56:30,594 INFO c.h.h.t.OperatorHelmChartContainer - [local-hivemq-6f4d548d79] [hivemq] [97fafcfc] Pod info:
2025-01-29 13:56:30,594 INFO c.h.h.t.OperatorHelmChartContainer - [local-hivemq-6f4d548d79] [hivemq] [97fafcfc] extension-names=hivemq-kafka-extension hivemq-google-cloud-pubsub-extension hivemq-bridge-extension hivemq-enterprise-security-extension hivemq-distributed-tracing-extension hivemq-amazon-kinesis-extension
2025-01-29 13:56:30,594 INFO c.h.h.t.OperatorHelmChartContainer - [local-hivemq-6f4d548d79] [hivemq] [97fafcfc] extension-uris=preinstalled preinstalled preinstalled preinstalled preinstalled preinstalled
2025-01-29 13:56:30,594 INFO c.h.h.t.OperatorHelmChartContainer - [local-hivemq-6f4d548d79] [hivemq] [97fafcfc] extension-states=false false false false false false
2025-01-29 13:56:30,594 INFO c.h.h.t.OperatorHelmChartContainer - [local-hivemq-6f4d548d79] [hivemq] [97fafcfc] extensions-static=false false false false false false
2025-01-29 13:56:30,594 INFO c.h.h.t.OperatorHelmChartContainer - [local-hivemq-6f4d548d79] [hivemq] [97fafcfc] Installing extension #0 with name: hivemq-kafka-extension, URI: preinstalled, enabled state: false
2025-01-29 13:56:30,594 INFO c.h.h.t.OperatorHelmChartContainer - [local-hivemq-6f4d548d79] [hivemq] [97fafcfc] + [[ 3 != 3 ]]
2025-01-29 13:56:30,594 INFO c.h.h.t.OperatorHelmChartContainer - [local-hivemq-6f4d548d79] [hivemq] [97fafcfc] + EXTENSION_URI=preinstalled
2025-01-29 13:56:30,594 INFO c.h.h.t.OperatorHelmChartContainer - [local-hivemq-6f4d548d79] [hivemq] [97fafcfc] + EXTENSION_NAME=hivemq-kafka-extension
2025-01-29 13:56:30,594 INFO c.h.h.t.OperatorHelmChartContainer - [local-hivemq-6f4d548d79] [hivemq] [97fafcfc] + TARGET_STATE=false
2025-01-29 13:56:30,594 INFO c.h.h.t.OperatorHelmChartContainer - [local-hivemq-6f4d548d79] [hivemq] [97fafcfc] + TARGET_DIR=/opt/hivemq/extensions/hivemq-kafka-extension
2025-01-29 13:56:30,594 INFO c.h.h.t.OperatorHelmChartContainer - [local-hivemq-6f4d548d79] [hivemq] [97fafcfc] ++ mktemp -d
2025-01-29 13:56:30,594 INFO c.h.h.t.OperatorHelmChartContainer - [local-hivemq-6f4d548d79] [hivemq] [97fafcfc] + install_dir=/tmp/tmp.hxj2sjpiHy
2025-01-29 13:56:30,594 INFO c.h.h.t.OperatorHelmChartContainer - [local-hivemq-6f4d548d79] [hivemq] [97fafcfc] + set +e
2025-01-29 13:56:30,594 INFO c.h.h.t.OperatorHelmChartContainer - [local-hivemq-6f4d548d79] [hivemq] [97fafcfc] + [[ -f /opt/hivemq/extensions/hivemq-kafka-extension/DISABLED ]]
2025-01-29 13:56:30,594 INFO c.h.h.t.OperatorHelmChartContainer - [local-hivemq-6f4d548d79] [hivemq] [97fafcfc] + was_enabled=0
2025-01-29 13:56:30,594 INFO c.h.h.t.OperatorHelmChartContainer - [local-hivemq-6f4d548d79] [hivemq] [97fafcfc] + set -e
2025-01-29 13:56:30,595 INFO c.h.h.t.OperatorHelmChartContainer - [local-hivemq-6f4d548d79] [hivemq] [97fafcfc] + [[ preinstalled != \p\r\e\i\n\s\t\a\l\l\e\d ]]
2025-01-29 13:56:30,595 INFO c.h.h.t.OperatorHelmChartContainer - [local-hivemq-6f4d548d79] [hivemq] [97fafcfc] + [[ false == \f\a\l\s\e ]]
2025-01-29 13:56:30,595 INFO c.h.h.t.OperatorHelmChartContainer - [local-hivemq-6f4d548d79] [hivemq] [97fafcfc] + touch /opt/hivemq/extensions/hivemq-kafka-extension/DISABLED
2025-01-29 13:56:30,595 INFO c.h.h.t.OperatorHelmChartContainer - [local-hivemq-6f4d548d79] [hivemq] [97fafcfc] + was_enabled=0
2025-01-29 13:56:30,595 INFO c.h.h.t.OperatorHelmChartContainer - [local-hivemq-6f4d548d79] [hivemq] [97fafcfc] + [[ preinstalled != \p\r\e\i\n\s\t\a\l\l\e\d ]]
2025-01-29 13:56:30,595 INFO c.h.h.t.OperatorHelmChartContainer - [local-hivemq-6f4d548d79] [hivemq] [97fafcfc] + /opt/hivemq/bin/run_initialization.sh hivemq-kafka-extension
2025-01-29 13:56:30,595 INFO c.h.h.t.OperatorHelmChartContainer - [local-hivemq-6f4d548d79] [hivemq] [97fafcfc] + EXTENSION_NAME=hivemq-kafka-extension
2025-01-29 13:56:30,595 INFO c.h.h.t.OperatorHelmChartContainer - [local-hivemq-6f4d548d79] [hivemq] [97fafcfc] + TARGET_DIR=/opt/hivemq/extensions/hivemq-kafka-extension
2025-01-29 13:56:30,595 INFO c.h.h.t.OperatorHelmChartContainer - [local-hivemq-6f4d548d79] [hivemq] [97fafcfc] + cd /opt/hivemq/extensions/hivemq-kafka-extension
2025-01-29 13:56:30,595 INFO c.h.h.t.OperatorHelmChartContainer - [local-hivemq-6f4d548d79] [hivemq] [97fafcfc] + [[ -f init_tmp ]]
2025-01-29 13:56:30,595 INFO c.h.h.t.OperatorHelmChartContainer - [POD] coredns-ff8999cc5-lch4l [2b01b01b-1d35-4379-b839-59bbb903ea87] in kube-system was ADDED
2025-01-29 13:56:30,591 INFO c.h.h.t.OperatorHelmChartContainer - [EVENT] Normal [Started] Started container hivemq [default:local-hivemq-6f4d548d79-x7mp6]
2025-01-29 13:56:30,595 INFO c.h.h.t.OperatorHelmChartContainer - Received Started event for container hivemq in pod local-hivemq-6f4d548d79-x7mp6 [97fafcfc-ee46-4688-86fe-423a07f53737]
2025-01-29 13:56:30,595 INFO c.h.h.t.OperatorHelmChartContainer - [EVENT] Warning [Unhealthy] Readiness probe failed: Log statement not present (yet)
 [default:local-hivemq-6f4d548d79-x7mp6]
2025-01-29 13:56:30,595 INFO c.h.h.t.OperatorHelmChartContainer - Received Unhealthy event for container hivemq in pod local-hivemq-6f4d548d79-x7mp6 [97fafcfc-ee46-4688-86fe-423a07f53737]
2025-01-29 13:56:30,595 INFO c.h.h.t.OperatorHelmChartContainer - [EVENT] Normal [SuccessfulCreate] Created pod: local-hivemq-6f4d548d79-x7mp6 [default:local-hivemq-6f4d548d79]
2025-01-29 13:56:30,595 INFO c.h.h.t.OperatorHelmChartContainer - [EVENT] Normal [Scheduled] Successfully assigned default/local-hivemq-hivemq-operator-operator-6b564f6db4-q84zh to 9585fd39d6ed [default:local-hivemq-hivemq-operator-operator-6b564f6db4-q84zh]
2025-01-29 13:56:30,595 INFO c.h.h.t.OperatorHelmChartContainer - [EVENT] Normal [Pulled] Container image "hivemq/hivemq-operator:snapshot" already present on machine [default:local-hivemq-hivemq-operator-operator-6b564f6db4-q84zh]
2025-01-29 13:56:30,595 INFO c.h.h.t.OperatorHelmChartContainer - Received Pulled event for container operator in pod local-hivemq-hivemq-operator-operator-6b564f6db4-q84zh [c3ec57e9-ad8f-4fa7-8a31-ab3283eea564]
2025-01-29 13:56:30,595 INFO c.h.h.t.OperatorHelmChartContainer - [EVENT] Normal [Created] Created container: operator [default:local-hivemq-hivemq-operator-operator-6b564f6db4-q84zh]
2025-01-29 13:56:30,595 INFO c.h.h.t.OperatorHelmChartContainer - Received Created event for container operator in pod local-hivemq-hivemq-operator-operator-6b564f6db4-q84zh [c3ec57e9-ad8f-4fa7-8a31-ab3283eea564]
2025-01-29 13:56:30,597 INFO c.h.h.t.OperatorHelmChartContainer - [POD] local-path-provisioner-698b58967b-hxrf4 [8c79e467-197f-4b9e-9bb5-581f85e9f0e0] in kube-system was ADDED
2025-01-29 13:56:30,597 INFO c.h.h.t.OperatorHelmChartContainer - [POD] metrics-server-8584b5786c-xj87q [dde9805e-d11e-435c-a64d-9090d5dc21ab] in kube-system was ADDED
2025-01-29 13:56:30,595 INFO c.h.h.t.OperatorHelmChartContainer - [local-hivemq-6f4d548d79] [hivemq] [97fafcfc] + [[ -f /etc/podinfo/init-extension-hivemq-kafka-extension ]]
2025-01-29 13:56:30,602 INFO c.h.h.t.OperatorHelmChartContainer - [local-hivemq-6f4d548d79] [hivemq] [97fafcfc] Installing extension #1 with name: hivemq-google-cloud-pubsub-extension, URI: preinstalled, enabled state: false
2025-01-29 13:56:30,602 INFO c.h.h.t.OperatorHelmChartContainer - [local-hivemq-6f4d548d79] [hivemq] [97fafcfc] + [[ 3 != 3 ]]
2025-01-29 13:56:30,602 INFO c.h.h.t.OperatorHelmChartContainer - [local-hivemq-6f4d548d79] [hivemq] [97fafcfc] + EXTENSION_URI=preinstalled
2025-01-29 13:56:30,602 INFO c.h.h.t.OperatorHelmChartContainer - [local-hivemq-6f4d548d79] [hivemq] [97fafcfc] + EXTENSION_NAME=hivemq-google-cloud-pubsub-extension
2025-01-29 13:56:30,602 INFO c.h.h.t.OperatorHelmChartContainer - [local-hivemq-6f4d548d79] [hivemq] [97fafcfc] + TARGET_STATE=false
2025-01-29 13:56:30,602 INFO c.h.h.t.OperatorHelmChartContainer - [local-hivemq-6f4d548d79] [hivemq] [97fafcfc] + TARGET_DIR=/opt/hivemq/extensions/hivemq-google-cloud-pubsub-extension
2025-01-29 13:56:30,602 INFO c.h.h.t.OperatorHelmChartContainer - [local-hivemq-6f4d548d79] [hivemq] [97fafcfc] ++ mktemp -d
2025-01-29 13:56:30,602 INFO c.h.h.t.OperatorHelmChartContainer - [local-hivemq-6f4d548d79] [hivemq] [97fafcfc] + install_dir=/tmp/tmp.SF3YyCcwge
2025-01-29 13:56:30,602 INFO c.h.h.t.OperatorHelmChartContainer - [local-hivemq-6f4d548d79] [hivemq] [97fafcfc] + set +e
2025-01-29 13:56:30,602 INFO c.h.h.t.OperatorHelmChartContainer - [local-hivemq-6f4d548d79] [hivemq] [97fafcfc] + [[ -f /opt/hivemq/extensions/hivemq-google-cloud-pubsub-extension/DISABLED ]]
2025-01-29 13:56:30,602 INFO c.h.h.t.OperatorHelmChartContainer - [local-hivemq-6f4d548d79] [hivemq] [97fafcfc] + was_enabled=0
2025-01-29 13:56:30,602 INFO c.h.h.t.OperatorHelmChartContainer - [local-hivemq-6f4d548d79] [hivemq] [97fafcfc] + set -e
2025-01-29 13:56:30,602 INFO c.h.h.t.OperatorHelmChartContainer - [local-hivemq-6f4d548d79] [hivemq] [97fafcfc] + [[ preinstalled != \p\r\e\i\n\s\t\a\l\l\e\d ]]
2025-01-29 13:56:30,602 INFO c.h.h.t.OperatorHelmChartContainer - [local-hivemq-6f4d548d79] [hivemq] [97fafcfc] + [[ false == \f\a\l\s\e ]]
2025-01-29 13:56:30,602 INFO c.h.h.t.OperatorHelmChartContainer - [local-hivemq-6f4d548d79] [hivemq] [97fafcfc] + touch /opt/hivemq/extensions/hivemq-google-cloud-pubsub-extension/DISABLED
2025-01-29 13:56:30,602 INFO c.h.h.t.OperatorHelmChartContainer - [local-hivemq-6f4d548d79] [hivemq] [97fafcfc] + was_enabled=0
2025-01-29 13:56:30,602 INFO c.h.h.t.OperatorHelmChartContainer - [local-hivemq-6f4d548d79] [hivemq] [97fafcfc] + [[ preinstalled != \p\r\e\i\n\s\t\a\l\l\e\d ]]
2025-01-29 13:56:30,602 INFO c.h.h.t.OperatorHelmChartContainer - [local-hivemq-6f4d548d79] [hivemq] [97fafcfc] + /opt/hivemq/bin/run_initialization.sh hivemq-google-cloud-pubsub-extension
2025-01-29 13:56:30,602 INFO c.h.h.t.OperatorHelmChartContainer - [local-hivemq-6f4d548d79] [hivemq] [97fafcfc] + EXTENSION_NAME=hivemq-google-cloud-pubsub-extension
2025-01-29 13:56:30,602 INFO c.h.h.t.OperatorHelmChartContainer - [local-hivemq-6f4d548d79] [hivemq] [97fafcfc] + TARGET_DIR=/opt/hivemq/extensions/hivemq-google-cloud-pubsub-extension
2025-01-29 13:56:30,602 INFO c.h.h.t.OperatorHelmChartContainer - [local-hivemq-6f4d548d79] [hivemq] [97fafcfc] + cd /opt/hivemq/extensions/hivemq-google-cloud-pubsub-extension
2025-01-29 13:56:30,603 INFO c.h.h.t.OperatorHelmChartContainer - [local-hivemq-6f4d548d79] [hivemq] [97fafcfc] + [[ -f init_tmp ]]
2025-01-29 13:56:30,603 INFO c.h.h.t.OperatorHelmChartContainer - [local-hivemq-6f4d548d79] [hivemq] [97fafcfc] + [[ -f /etc/podinfo/init-extension-hivemq-google-cloud-pubsub-extension ]]
2025-01-29 13:56:30,603 INFO c.h.h.t.OperatorHelmChartContainer - [local-hivemq-6f4d548d79] [hivemq] [97fafcfc] Installing extension #2 with name: hivemq-bridge-extension, URI: preinstalled, enabled state: false
2025-01-29 13:56:30,603 INFO c.h.h.t.OperatorHelmChartContainer - [local-hivemq-6f4d548d79] [hivemq] [97fafcfc] + [[ 3 != 3 ]]
2025-01-29 13:56:30,603 INFO c.h.h.t.OperatorHelmChartContainer - [local-hivemq-6f4d548d79] [hivemq] [97fafcfc] + EXTENSION_URI=preinstalled
2025-01-29 13:56:30,603 INFO c.h.h.t.OperatorHelmChartContainer - [local-hivemq-6f4d548d79] [hivemq] [97fafcfc] + EXTENSION_NAME=hivemq-bridge-extension
2025-01-29 13:56:30,603 INFO c.h.h.t.OperatorHelmChartContainer - [local-hivemq-6f4d548d79] [hivemq] [97fafcfc] + TARGET_STATE=false
2025-01-29 13:56:30,603 INFO c.h.h.t.OperatorHelmChartContainer - [local-hivemq-6f4d548d79] [hivemq] [97fafcfc] + TARGET_DIR=/opt/hivemq/extensions/hivemq-bridge-extension
2025-01-29 13:56:30,603 INFO c.h.h.t.OperatorHelmChartContainer - [local-hivemq-6f4d548d79] [hivemq] [97fafcfc] ++ mktemp -d
2025-01-29 13:56:30,603 INFO c.h.h.t.OperatorHelmChartContainer - [local-hivemq-6f4d548d79] [hivemq] [97fafcfc] + install_dir=/tmp/tmp.cbKoWBQuD1
2025-01-29 13:56:30,603 INFO c.h.h.t.OperatorHelmChartContainer - [local-hivemq-6f4d548d79] [hivemq] [97fafcfc] + set +e
2025-01-29 13:56:30,603 INFO c.h.h.t.OperatorHelmChartContainer - [local-hivemq-6f4d548d79] [hivemq] [97fafcfc] + [[ -f /opt/hivemq/extensions/hivemq-bridge-extension/DISABLED ]]
2025-01-29 13:56:30,603 INFO c.h.h.t.OperatorHelmChartContainer - [local-hivemq-6f4d548d79] [hivemq] [97fafcfc] + was_enabled=0
2025-01-29 13:56:30,603 INFO c.h.h.t.OperatorHelmChartContainer - [local-hivemq-6f4d548d79] [hivemq] [97fafcfc] + set -e
2025-01-29 13:56:30,603 INFO c.h.h.t.OperatorHelmChartContainer - [local-hivemq-6f4d548d79] [hivemq] [97fafcfc] + [[ preinstalled != \p\r\e\i\n\s\t\a\l\l\e\d ]]
2025-01-29 13:56:30,603 INFO c.h.h.t.OperatorHelmChartContainer - [local-hivemq-6f4d548d79] [hivemq] [97fafcfc] + [[ false == \f\a\l\s\e ]]
2025-01-29 13:56:30,603 INFO c.h.h.t.OperatorHelmChartContainer - [POD] svclb-hivemq-local-hivemq-mqtt-c18b7164-f9546 [f7a776f8-ab49-48d2-a08d-bc819092f139] in kube-system was ADDED
2025-01-29 13:56:30,603 INFO c.h.h.t.OperatorHelmChartContainer - [local-hivemq-6f4d548d79] [hivemq] [97fafcfc] + touch /opt/hivemq/extensions/hivemq-bridge-extension/DISABLED
2025-01-29 13:56:30,604 INFO c.h.h.t.OperatorHelmChartContainer - [local-hivemq-6f4d548d79] [hivemq] [97fafcfc] + was_enabled=0
2025-01-29 13:56:30,604 INFO c.h.h.t.OperatorHelmChartContainer - [local-hivemq-6f4d548d79] [hivemq] [97fafcfc] + [[ preinstalled != \p\r\e\i\n\s\t\a\l\l\e\d ]]
2025-01-29 13:56:30,604 INFO c.h.h.t.OperatorHelmChartContainer - [local-hivemq-6f4d548d79] [hivemq] [97fafcfc] + /opt/hivemq/bin/run_initialization.sh hivemq-bridge-extension
2025-01-29 13:56:30,604 INFO c.h.h.t.OperatorHelmChartContainer - [local-hivemq-6f4d548d79] [hivemq] [97fafcfc] + EXTENSION_NAME=hivemq-bridge-extension
2025-01-29 13:56:30,604 INFO c.h.h.t.OperatorHelmChartContainer - [local-hivemq-6f4d548d79] [hivemq] [97fafcfc] + TARGET_DIR=/opt/hivemq/extensions/hivemq-bridge-extension
2025-01-29 13:56:30,604 INFO c.h.h.t.OperatorHelmChartContainer - [local-hivemq-6f4d548d79] [hivemq] [97fafcfc] + cd /opt/hivemq/extensions/hivemq-bridge-extension
2025-01-29 13:56:30,604 INFO c.h.h.t.OperatorHelmChartContainer - [local-hivemq-6f4d548d79] [hivemq] [97fafcfc] + [[ -f init_tmp ]]
2025-01-29 13:56:30,604 INFO c.h.h.t.OperatorHelmChartContainer - [local-hivemq-6f4d548d79] [hivemq] [97fafcfc] + [[ -f /etc/podinfo/init-extension-hivemq-bridge-extension ]]
2025-01-29 13:56:30,604 INFO c.h.h.t.OperatorHelmChartContainer - [local-hivemq-6f4d548d79] [hivemq] [97fafcfc] Installing extension #3 with name: hivemq-enterprise-security-extension, URI: preinstalled, enabled state: false
2025-01-29 13:56:30,604 INFO c.h.h.t.OperatorHelmChartContainer - [local-hivemq-6f4d548d79] [hivemq] [97fafcfc] + [[ 3 != 3 ]]
2025-01-29 13:56:30,604 INFO c.h.h.t.OperatorHelmChartContainer - [local-hivemq-6f4d548d79] [hivemq] [97fafcfc] + EXTENSION_URI=preinstalled
2025-01-29 13:56:30,604 INFO c.h.h.t.OperatorHelmChartContainer - [local-hivemq-6f4d548d79] [hivemq] [97fafcfc] + EXTENSION_NAME=hivemq-enterprise-security-extension
2025-01-29 13:56:30,604 INFO c.h.h.t.OperatorHelmChartContainer - [local-hivemq-6f4d548d79] [hivemq] [97fafcfc] + TARGET_STATE=false
2025-01-29 13:56:30,604 INFO c.h.h.t.OperatorHelmChartContainer - [local-hivemq-6f4d548d79] [hivemq] [97fafcfc] + TARGET_DIR=/opt/hivemq/extensions/hivemq-enterprise-security-extension
2025-01-29 13:56:30,604 INFO c.h.h.t.OperatorHelmChartContainer - [local-hivemq-6f4d548d79] [hivemq] [97fafcfc] ++ mktemp -d
2025-01-29 13:56:30,604 INFO c.h.h.t.OperatorHelmChartContainer - [local-hivemq-6f4d548d79] [hivemq] [97fafcfc] + install_dir=/tmp/tmp.L4lBYscNWj
2025-01-29 13:56:30,604 INFO c.h.h.t.OperatorHelmChartContainer - [local-hivemq-6f4d548d79] [hivemq] [97fafcfc] + set +e
2025-01-29 13:56:30,604 INFO c.h.h.t.OperatorHelmChartContainer - [local-hivemq-6f4d548d79] [hivemq] [97fafcfc] + [[ -f /opt/hivemq/extensions/hivemq-enterprise-security-extension/DISABLED ]]
2025-01-29 13:56:30,604 INFO c.h.h.t.OperatorHelmChartContainer - [local-hivemq-6f4d548d79] [hivemq] [97fafcfc] + was_enabled=0
2025-01-29 13:56:30,604 INFO c.h.h.t.OperatorHelmChartContainer - [local-hivemq-6f4d548d79] [hivemq] [97fafcfc] + set -e
2025-01-29 13:56:30,604 INFO c.h.h.t.OperatorHelmChartContainer - [local-hivemq-6f4d548d79] [hivemq] [97fafcfc] + [[ preinstalled != \p\r\e\i\n\s\t\a\l\l\e\d ]]
2025-01-29 13:56:30,604 INFO c.h.h.t.OperatorHelmChartContainer - [local-hivemq-6f4d548d79] [hivemq] [97fafcfc] + [[ false == \f\a\l\s\e ]]
2025-01-29 13:56:30,604 INFO c.h.h.t.OperatorHelmChartContainer - [local-hivemq-6f4d548d79] [hivemq] [97fafcfc] + touch /opt/hivemq/extensions/hivemq-enterprise-security-extension/DISABLED
2025-01-29 13:56:30,604 INFO c.h.h.t.OperatorHelmChartContainer - [local-hivemq-6f4d548d79] [hivemq] [97fafcfc] + was_enabled=0
2025-01-29 13:56:30,604 INFO c.h.h.t.OperatorHelmChartContainer - [local-hivemq-6f4d548d79] [hivemq] [97fafcfc] + [[ preinstalled != \p\r\e\i\n\s\t\a\l\l\e\d ]]
2025-01-29 13:56:30,604 INFO c.h.h.t.OperatorHelmChartContainer - [local-hivemq-6f4d548d79] [hivemq] [97fafcfc] + /opt/hivemq/bin/run_initialization.sh hivemq-enterprise-security-extension
2025-01-29 13:56:30,604 INFO c.h.h.t.OperatorHelmChartContainer - [local-hivemq-6f4d548d79] [hivemq] [97fafcfc] + EXTENSION_NAME=hivemq-enterprise-security-extension
2025-01-29 13:56:30,604 INFO c.h.h.t.OperatorHelmChartContainer - [local-hivemq-6f4d548d79] [hivemq] [97fafcfc] + TARGET_DIR=/opt/hivemq/extensions/hivemq-enterprise-security-extension
2025-01-29 13:56:30,604 INFO c.h.h.t.OperatorHelmChartContainer - [local-hivemq-6f4d548d79] [hivemq] [97fafcfc] + cd /opt/hivemq/extensions/hivemq-enterprise-security-extension
2025-01-29 13:56:30,604 INFO c.h.h.t.OperatorHelmChartContainer - [local-hivemq-6f4d548d79] [hivemq] [97fafcfc] + [[ -f init_tmp ]]
2025-01-29 13:56:30,604 INFO c.h.h.t.OperatorHelmChartContainer - [local-hivemq-6f4d548d79] [hivemq] [97fafcfc] + [[ -f /etc/podinfo/init-extension-hivemq-enterprise-security-extension ]]
2025-01-29 13:56:30,604 INFO c.h.h.t.OperatorHelmChartContainer - [local-hivemq-6f4d548d79] [hivemq] [97fafcfc] + echo 'Using init script from config map'
2025-01-29 13:56:30,604 INFO c.h.h.t.OperatorHelmChartContainer - [local-hivemq-6f4d548d79] [hivemq] [97fafcfc] Using init script from config map
2025-01-29 13:56:30,604 INFO c.h.h.t.OperatorHelmChartContainer - [local-hivemq-6f4d548d79] [hivemq] [97fafcfc] + cat /etc/podinfo/init-extension-hivemq-enterprise-security-extension
2025-01-29 13:56:30,604 INFO c.h.h.t.OperatorHelmChartContainer - [local-hivemq-6f4d548d79] [hivemq] [97fafcfc] Executing initialization script
2025-01-29 13:56:30,604 INFO c.h.h.t.OperatorHelmChartContainer - [local-hivemq-6f4d548d79] [hivemq] [97fafcfc] + echo 'Executing initialization script'
2025-01-29 13:56:30,604 INFO c.h.h.t.OperatorHelmChartContainer - [local-hivemq-6f4d548d79] [hivemq] [97fafcfc] + chmod +x init
2025-01-29 13:56:30,604 INFO c.h.h.t.OperatorHelmChartContainer - [local-hivemq-6f4d548d79] [hivemq] [97fafcfc] + ./init
2025-01-29 13:56:30,604 INFO c.h.h.t.OperatorHelmChartContainer - [local-hivemq-6f4d548d79] [hivemq] [97fafcfc]   % Total    % Received % Xferd  Average Speed   Time    Time     Time  Current
2025-01-29 13:56:30,614 INFO c.h.h.t.OperatorHelmChartContainer - [local-hivemq-6f4d548d79] [hivemq] [97fafcfc]                                  Dload  Upload   Total   Spent    Left  Speed
2025-01-29 13:56:30,615 INFO c.h.h.t.OperatorHelmChartContainer - [local-hivemq-6f4d548d79] [hivemq] [97fafcfc] 
2025-01-29 13:56:30,615 INFO c.h.h.t.OperatorHelmChartContainer - [local-hivemq-6f4d548d79] [hivemq] [97fafcfc]   0     0    0     0    0     0      0      0 --:--:-- --:--:-- --:--:--     0
2025-01-29 13:56:30,615 INFO c.h.h.t.OperatorHelmChartContainer - [local-hivemq-6f4d548d79] [hivemq] [97fafcfc] 100  910k  100  910k    0     0  1666k      0 --:--:-- --:--:-- --:--:-- 1668k
2025-01-29 13:56:30,615 INFO c.h.h.t.OperatorHelmChartContainer - [local-hivemq-6f4d548d79] [hivemq] [97fafcfc] Installing extension #4 with name: hivemq-distributed-tracing-extension, URI: preinstalled, enabled state: false
2025-01-29 13:56:30,615 INFO c.h.h.t.OperatorHelmChartContainer - [local-hivemq-6f4d548d79] [hivemq] [97fafcfc] + [[ 3 != 3 ]]
2025-01-29 13:56:30,615 INFO c.h.h.t.OperatorHelmChartContainer - [local-hivemq-6f4d548d79] [hivemq] [97fafcfc] + EXTENSION_URI=preinstalled
2025-01-29 13:56:30,615 INFO c.h.h.t.OperatorHelmChartContainer - [local-hivemq-6f4d548d79] [hivemq] [97fafcfc] + EXTENSION_NAME=hivemq-distributed-tracing-extension
2025-01-29 13:56:30,615 INFO c.h.h.t.OperatorHelmChartContainer - [local-hivemq-6f4d548d79] [hivemq] [97fafcfc] + TARGET_STATE=false
2025-01-29 13:56:30,615 INFO c.h.h.t.OperatorHelmChartContainer - [local-hivemq-6f4d548d79] [hivemq] [97fafcfc] + TARGET_DIR=/opt/hivemq/extensions/hivemq-distributed-tracing-extension
2025-01-29 13:56:30,615 INFO c.h.h.t.OperatorHelmChartContainer - [local-hivemq-6f4d548d79] [hivemq] [97fafcfc] ++ mktemp -d
2025-01-29 13:56:30,615 INFO c.h.h.t.OperatorHelmChartContainer - [local-hivemq-6f4d548d79] [hivemq] [97fafcfc] + install_dir=/tmp/tmp.FyxYtxC3nj
2025-01-29 13:56:30,615 INFO c.h.h.t.OperatorHelmChartContainer - [local-hivemq-6f4d548d79] [hivemq] [97fafcfc] + set +e
2025-01-29 13:56:30,615 INFO c.h.h.t.OperatorHelmChartContainer - [local-hivemq-6f4d548d79] [hivemq] [97fafcfc] + [[ -f /opt/hivemq/extensions/hivemq-distributed-tracing-extension/DISABLED ]]
2025-01-29 13:56:30,615 INFO c.h.h.t.OperatorHelmChartContainer - [local-hivemq-6f4d548d79] [hivemq] [97fafcfc] + was_enabled=0
2025-01-29 13:56:30,615 INFO c.h.h.t.OperatorHelmChartContainer - [local-hivemq-6f4d548d79] [hivemq] [97fafcfc] + set -e
2025-01-29 13:56:30,615 INFO c.h.h.t.OperatorHelmChartContainer - [local-hivemq-6f4d548d79] [hivemq] [97fafcfc] + [[ preinstalled != \p\r\e\i\n\s\t\a\l\l\e\d ]]
2025-01-29 13:56:30,615 INFO c.h.h.t.OperatorHelmChartContainer - [local-hivemq-6f4d548d79] [hivemq] [97fafcfc] + [[ false == \f\a\l\s\e ]]
2025-01-29 13:56:30,615 INFO c.h.h.t.OperatorHelmChartContainer - [local-hivemq-6f4d548d79] [hivemq] [97fafcfc] + touch /opt/hivemq/extensions/hivemq-distributed-tracing-extension/DISABLED
2025-01-29 13:56:30,615 INFO c.h.h.t.OperatorHelmChartContainer - [local-hivemq-6f4d548d79] [hivemq] [97fafcfc] + was_enabled=0
2025-01-29 13:56:30,615 INFO c.h.h.t.OperatorHelmChartContainer - [local-hivemq-6f4d548d79] [hivemq] [97fafcfc] + [[ preinstalled != \p\r\e\i\n\s\t\a\l\l\e\d ]]
2025-01-29 13:56:30,615 INFO c.h.h.t.OperatorHelmChartContainer - [local-hivemq-6f4d548d79] [hivemq] [97fafcfc] + /opt/hivemq/bin/run_initialization.sh hivemq-distributed-tracing-extension
2025-01-29 13:56:30,615 INFO c.h.h.t.OperatorHelmChartContainer - [local-hivemq-6f4d548d79] [hivemq] [97fafcfc] + EXTENSION_NAME=hivemq-distributed-tracing-extension
2025-01-29 13:56:30,615 INFO c.h.h.t.OperatorHelmChartContainer - [local-hivemq-6f4d548d79] [hivemq] [97fafcfc] + TARGET_DIR=/opt/hivemq/extensions/hivemq-distributed-tracing-extension
2025-01-29 13:56:30,615 INFO c.h.h.t.OperatorHelmChartContainer - [local-hivemq-6f4d548d79] [hivemq] [97fafcfc] + cd /opt/hivemq/extensions/hivemq-distributed-tracing-extension
2025-01-29 13:56:30,615 INFO c.h.h.t.OperatorHelmChartContainer - [local-hivemq-6f4d548d79] [hivemq] [97fafcfc] + [[ -f init_tmp ]]
2025-01-29 13:56:30,615 INFO c.h.h.t.OperatorHelmChartContainer - [local-hivemq-6f4d548d79] [hivemq] [97fafcfc] + [[ -f /etc/podinfo/init-extension-hivemq-distributed-tracing-extension ]]
2025-01-29 13:56:30,615 INFO c.h.h.t.OperatorHelmChartContainer - [local-hivemq-6f4d548d79] [hivemq] [97fafcfc] Installing extension #5 with name: hivemq-amazon-kinesis-extension, URI: preinstalled, enabled state: false
2025-01-29 13:56:30,615 INFO c.h.h.t.OperatorHelmChartContainer - [local-hivemq-6f4d548d79] [hivemq] [97fafcfc] + [[ 3 != 3 ]]
2025-01-29 13:56:30,615 INFO c.h.h.t.OperatorHelmChartContainer - [local-hivemq-6f4d548d79] [hivemq] [97fafcfc] + EXTENSION_URI=preinstalled
2025-01-29 13:56:30,615 INFO c.h.h.t.OperatorHelmChartContainer - [local-hivemq-6f4d548d79] [hivemq] [97fafcfc] + EXTENSION_NAME=hivemq-amazon-kinesis-extension
2025-01-29 13:56:30,615 INFO c.h.h.t.OperatorHelmChartContainer - [local-hivemq-6f4d548d79] [hivemq] [97fafcfc] + TARGET_STATE=false
2025-01-29 13:56:30,623 INFO c.h.h.t.OperatorHelmChartContainer - [local-hivemq-6f4d548d79] [hivemq] [97fafcfc] + TARGET_DIR=/opt/hivemq/extensions/hivemq-amazon-kinesis-extension
2025-01-29 13:56:30,624 INFO c.h.h.t.OperatorHelmChartContainer - [local-hivemq-6f4d548d79] [hivemq] [97fafcfc] ++ mktemp -d
2025-01-29 13:56:30,625 INFO c.h.h.t.OperatorHelmChartContainer - [local-hivemq-6f4d548d79] [hivemq] [97fafcfc] + install_dir=/tmp/tmp.T9L6v1ovtO
2025-01-29 13:56:30,625 INFO c.h.h.t.OperatorHelmChartContainer - [local-hivemq-6f4d548d79] [hivemq] [97fafcfc] + set +e
2025-01-29 13:56:30,625 INFO c.h.h.t.OperatorHelmChartContainer - [local-hivemq-6f4d548d79] [hivemq] [97fafcfc] + [[ -f /opt/hivemq/extensions/hivemq-amazon-kinesis-extension/DISABLED ]]
2025-01-29 13:56:30,625 INFO c.h.h.t.OperatorHelmChartContainer - [local-hivemq-6f4d548d79] [hivemq] [97fafcfc] + was_enabled=0
2025-01-29 13:56:30,625 INFO c.h.h.t.OperatorHelmChartContainer - [local-hivemq-6f4d548d79] [hivemq] [97fafcfc] + set -e
2025-01-29 13:56:30,625 INFO c.h.h.t.OperatorHelmChartContainer - [local-hivemq-6f4d548d79] [hivemq] [97fafcfc] + [[ preinstalled != \p\r\e\i\n\s\t\a\l\l\e\d ]]
2025-01-29 13:56:30,625 INFO c.h.h.t.OperatorHelmChartContainer - [local-hivemq-6f4d548d79] [hivemq] [97fafcfc] + [[ false == \f\a\l\s\e ]]
2025-01-29 13:56:30,625 INFO c.h.h.t.OperatorHelmChartContainer - [local-hivemq-6f4d548d79] [hivemq] [97fafcfc] + touch /opt/hivemq/extensions/hivemq-amazon-kinesis-extension/DISABLED
2025-01-29 13:56:30,625 INFO c.h.h.t.OperatorHelmChartContainer - [local-hivemq-6f4d548d79] [hivemq] [97fafcfc] + was_enabled=0
2025-01-29 13:56:30,625 INFO c.h.h.t.OperatorHelmChartContainer - [local-hivemq-6f4d548d79] [hivemq] [97fafcfc] + [[ preinstalled != \p\r\e\i\n\s\t\a\l\l\e\d ]]
2025-01-29 13:56:30,625 INFO c.h.h.t.OperatorHelmChartContainer - [local-hivemq-6f4d548d79] [hivemq] [97fafcfc] + /opt/hivemq/bin/run_initialization.sh hivemq-amazon-kinesis-extension
2025-01-29 13:56:30,625 INFO c.h.h.t.OperatorHelmChartContainer - [local-hivemq-6f4d548d79] [hivemq] [97fafcfc] + EXTENSION_NAME=hivemq-amazon-kinesis-extension
2025-01-29 13:56:30,625 INFO c.h.h.t.OperatorHelmChartContainer - [local-hivemq-6f4d548d79] [hivemq] [97fafcfc] + TARGET_DIR=/opt/hivemq/extensions/hivemq-amazon-kinesis-extension
2025-01-29 13:56:30,625 INFO c.h.h.t.OperatorHelmChartContainer - [local-hivemq-6f4d548d79] [hivemq] [97fafcfc] + cd /opt/hivemq/extensions/hivemq-amazon-kinesis-extension
2025-01-29 13:56:30,625 INFO c.h.h.t.OperatorHelmChartContainer - [local-hivemq-6f4d548d79] [hivemq] [97fafcfc] + [[ -f init_tmp ]]
2025-01-29 13:56:30,625 INFO c.h.h.t.OperatorHelmChartContainer - [local-hivemq-6f4d548d79] [hivemq] [97fafcfc] + [[ -f /etc/podinfo/init-extension-hivemq-amazon-kinesis-extension ]]
2025-01-29 13:56:30,625 INFO c.h.h.t.OperatorHelmChartContainer - [local-hivemq-6f4d548d79] [hivemq] [97fafcfc] -------------------------------------------------------------------------
2025-01-29 13:56:30,625 INFO c.h.h.t.OperatorHelmChartContainer - [local-hivemq-6f4d548d79] [hivemq] [97fafcfc] 
2025-01-29 13:56:30,625 INFO c.h.h.t.OperatorHelmChartContainer - [local-hivemq-6f4d548d79] [hivemq] [97fafcfc]                   _    _  _              __  __   ____
2025-01-29 13:56:30,625 INFO c.h.h.t.OperatorHelmChartContainer - [local-hivemq-6f4d548d79] [hivemq] [97fafcfc]                  | |  | |(_)            |  \/  | / __ \
2025-01-29 13:56:30,625 INFO c.h.h.t.OperatorHelmChartContainer - [local-hivemq-6f4d548d79] [hivemq] [97fafcfc]                  | |__| | _ __   __ ___ | \  / || |  | |
2025-01-29 13:56:30,625 INFO c.h.h.t.OperatorHelmChartContainer - [local-hivemq-6f4d548d79] [hivemq] [97fafcfc]                  |  __  || |\ \ / // _ \| |\/| || |  | |
2025-01-29 13:56:30,625 INFO c.h.h.t.OperatorHelmChartContainer - [local-hivemq-6f4d548d79] [hivemq] [97fafcfc]                  | |  | || | \ V /|  __/| |  | || |__| |
2025-01-29 13:56:30,625 INFO c.h.h.t.OperatorHelmChartContainer - [local-hivemq-6f4d548d79] [hivemq] [97fafcfc]                  |_|  |_||_|  \_/  \___||_|  |_| \___\_\
2025-01-29 13:56:30,625 INFO c.h.h.t.OperatorHelmChartContainer - [local-hivemq-6f4d548d79] [hivemq] [97fafcfc] 
2025-01-29 13:56:30,625 INFO c.h.h.t.OperatorHelmChartContainer - [local-hivemq-6f4d548d79] [hivemq] [97fafcfc] -------------------------------------------------------------------------
2025-01-29 13:56:30,625 INFO c.h.h.t.OperatorHelmChartContainer - [local-hivemq-6f4d548d79] [hivemq] [97fafcfc] 
2025-01-29 13:56:30,625 INFO c.h.h.t.OperatorHelmChartContainer - [local-hivemq-6f4d548d79] [hivemq] [97fafcfc]   HiveMQ Start Script for Linux/Unix v1.14
2025-01-29 13:56:30,625 INFO c.h.h.t.OperatorHelmChartContainer - [local-hivemq-6f4d548d79] [hivemq] [97fafcfc] 
2025-01-29 13:56:30,625 INFO c.h.h.t.OperatorHelmChartContainer - [local-hivemq-6f4d548d79] [hivemq] [97fafcfc] -------------------------------------------------------------------------
2025-01-29 13:56:30,625 INFO c.h.h.t.OperatorHelmChartContainer - [local-hivemq-6f4d548d79] [hivemq] [97fafcfc] 
2025-01-29 13:56:30,625 INFO c.h.h.t.OperatorHelmChartContainer - [local-hivemq-6f4d548d79] [hivemq] [97fafcfc]   HIVEMQ_HOME: /opt/hivemq
2025-01-29 13:56:30,625 INFO c.h.h.t.OperatorHelmChartContainer - [local-hivemq-6f4d548d79] [hivemq] [97fafcfc] 
2025-01-29 13:56:30,625 INFO c.h.h.t.OperatorHelmChartContainer - [local-hivemq-6f4d548d79] [hivemq] [97fafcfc]   JAVA_OPTS: -XX:+UnlockExperimentalVMOptions -XX:InitialRAMPercentage=40 -XX:MaxRAMPercentage=50 -XX:MinRAMPercentage=30 -Djava.net.preferIPv4Stack=true --add-opens java.base/java.lang=ALL-UNNAMED --add-opens java.base/java.nio=ALL-UNNAMED --add-opens java.base/sun.nio.ch=ALL-UNNAMED --add-opens jdk.management/com.sun.management.internal=ALL-UNNAMED --add-exports java.base/jdk.internal.misc=ALL-UNNAMED -Djava.security.egd=file:/dev/./urandom -Dcom.sun.management.jmxremote -Dcom.sun.management.jmxremote.port=9010 -Dcom.sun.management.jmxremote.local.only=false -Dcom.sun.management.jmxremote.authenticate=false -Dcom.sun.management.jmxremote.ssl=false -Duser.language=en -Duser.region=US -XX:+CrashOnOutOfMemoryError -XX:+HeapDumpOnOutOfMemoryError
2025-01-29 13:56:30,625 INFO c.h.h.t.OperatorHelmChartContainer - [local-hivemq-6f4d548d79] [hivemq] [97fafcfc] 
2025-01-29 13:56:30,625 INFO c.h.h.t.OperatorHelmChartContainer - [local-hivemq-6f4d548d79] [hivemq] [97fafcfc]   JAVA_VERSION: 21
2025-01-29 13:56:30,625 INFO c.h.h.t.OperatorHelmChartContainer - [local-hivemq-6f4d548d79] [hivemq] [97fafcfc] 
2025-01-29 13:56:30,625 INFO c.h.h.t.OperatorHelmChartContainer - [local-hivemq-6f4d548d79] [hivemq] [97fafcfc] -------------------------------------------------------------------------
2025-01-29 13:56:30,625 INFO c.h.h.t.OperatorHelmChartContainer - [local-hivemq-6f4d548d79] [hivemq] [97fafcfc] 
2025-01-29 13:56:30,625 INFO c.h.h.t.OperatorHelmChartContainer - [local-hivemq-6f4d548d79] [hivemq] [97fafcfc] INFO  - Starting HiveMQ Enterprise Server
2025-01-29 13:56:30,625 INFO c.h.h.t.OperatorHelmChartContainer - [local-hivemq-6f4d548d79] [hivemq] [97fafcfc] INFO  - HiveMQ version: 4.36.0
2025-01-29 13:56:30,625 INFO c.h.h.t.OperatorHelmChartContainer - [local-hivemq-6f4d548d79] [hivemq] [97fafcfc] INFO  - HiveMQ home directory: /opt/hivemq
2025-01-29 13:56:30,625 INFO c.h.h.t.OperatorHelmChartContainer - [local-hivemq-6f4d548d79] [hivemq] [97fafcfc] INFO  - Log Configuration was overridden by /opt/hivemq/conf/logback.xml
2025-01-29 13:56:30,625 INFO c.h.h.t.OperatorHelmChartContainer - [local-hivemq-6f4d548d79] [hivemq] [97fafcfc] DEBUG - Adding TCP Listener on bind address 0.0.0.0 and port 1883. Name: tcp-listener-1883. Proxy Protocol supported: false
2025-01-29 13:56:30,625 INFO c.h.h.t.OperatorHelmChartContainer - [local-hivemq-6f4d548d79] [hivemq] [97fafcfc] DEBUG - Setting retained messages enabled to true
2025-01-29 13:56:30,625 INFO c.h.h.t.OperatorHelmChartContainer - [local-hivemq-6f4d548d79] [hivemq] [97fafcfc] DEBUG - Setting wildcard subscriptions enabled to true
2025-01-29 13:56:30,625 INFO c.h.h.t.OperatorHelmChartContainer - [local-hivemq-6f4d548d79] [hivemq] [97fafcfc] DEBUG - Setting subscription identifier enabled to true
2025-01-29 13:56:30,625 INFO c.h.h.t.OperatorHelmChartContainer - [local-hivemq-6f4d548d79] [hivemq] [97fafcfc] DEBUG - Setting shared subscriptions enabled to true
2025-01-29 13:56:30,625 INFO c.h.h.t.OperatorHelmChartContainer - [local-hivemq-6f4d548d79] [hivemq] [97fafcfc] DEBUG - Setting maximum qos to EXACTLY_ONCE 
2025-01-29 13:56:30,625 INFO c.h.h.t.OperatorHelmChartContainer - [local-hivemq-6f4d548d79] [hivemq] [97fafcfc] DEBUG - Setting topic alias enabled to true
2025-01-29 13:56:30,625 INFO c.h.h.t.OperatorHelmChartContainer - [local-hivemq-6f4d548d79] [hivemq] [97fafcfc] DEBUG - Setting topic alias maximum per client to 5
2025-01-29 13:56:30,625 INFO c.h.h.t.OperatorHelmChartContainer - [local-hivemq-6f4d548d79] [hivemq] [97fafcfc] DEBUG - Setting the number of max queued messages  per client to 1000 entries
2025-01-29 13:56:30,625 INFO c.h.h.t.OperatorHelmChartContainer - [local-hivemq-6f4d548d79] [hivemq] [97fafcfc] DEBUG - Setting queued messages strategy for each client to DISCARD
2025-01-29 13:56:30,625 INFO c.h.h.t.OperatorHelmChartContainer - [local-hivemq-6f4d548d79] [hivemq] [97fafcfc] DEBUG - Setting the expiry interval for client sessions to 4294967295 seconds
2025-01-29 13:56:30,625 INFO c.h.h.t.OperatorHelmChartContainer - [local-hivemq-6f4d548d79] [hivemq] [97fafcfc] DEBUG - Setting the expiry interval for publish messages to 4294967296 seconds
2025-01-29 13:56:30,625 INFO c.h.h.t.OperatorHelmChartContainer - [local-hivemq-6f4d548d79] [hivemq] [97fafcfc] DEBUG - Setting the server receive maximum to 10
2025-01-29 13:56:30,625 INFO c.h.h.t.OperatorHelmChartContainer - [local-hivemq-6f4d548d79] [hivemq] [97fafcfc] DEBUG - Setting keep alive maximum to 65535 seconds
2025-01-29 13:56:30,625 INFO c.h.h.t.OperatorHelmChartContainer - [local-hivemq-6f4d548d79] [hivemq] [97fafcfc] DEBUG - Setting keep alive allow zero to true
2025-01-29 13:56:30,625 INFO c.h.h.t.OperatorHelmChartContainer - [local-hivemq-6f4d548d79] [hivemq] [97fafcfc] DEBUG - Setting the maximum packet size for mqtt messages 268435460 bytes
2025-01-29 13:56:30,625 INFO c.h.h.t.OperatorHelmChartContainer - [local-hivemq-6f4d548d79] [hivemq] [97fafcfc] DEBUG - Setting global maximum allowed connections to -1
2025-01-29 13:56:30,625 INFO c.h.h.t.OperatorHelmChartContainer - [local-hivemq-6f4d548d79] [hivemq] [97fafcfc] DEBUG - Setting the maximum client id length to 65535
2025-01-29 13:56:30,625 INFO c.h.h.t.OperatorHelmChartContainer - [local-hivemq-6f4d548d79] [hivemq] [97fafcfc] DEBUG - Setting the timeout for disconnecting idle tcp connections before a connect message was received to 10000 milliseconds
2025-01-29 13:56:30,625 INFO c.h.h.t.OperatorHelmChartContainer - [local-hivemq-6f4d548d79] [hivemq] [97fafcfc] DEBUG - Throttling the global incoming traffic limit 0 bytes/second
2025-01-29 13:56:30,625 INFO c.h.h.t.OperatorHelmChartContainer - [local-hivemq-6f4d548d79] [hivemq] [97fafcfc] DEBUG - Setting the maximum topic length to 65535
2025-01-29 13:56:30,625 INFO c.h.h.t.OperatorHelmChartContainer - [local-hivemq-6f4d548d79] [hivemq] [97fafcfc] DEBUG - Setting allow server assigned client identifier to true
2025-01-29 13:56:30,626 INFO c.h.h.t.OperatorHelmChartContainer - [local-hivemq-6f4d548d79] [hivemq] [97fafcfc] DEBUG - Setting validate UTF-8 to true
2025-01-29 13:56:30,626 INFO c.h.h.t.OperatorHelmChartContainer - [local-hivemq-6f4d548d79] [hivemq] [97fafcfc] DEBUG - Setting payload format validation to false
2025-01-29 13:56:30,626 INFO c.h.h.t.OperatorHelmChartContainer - [local-hivemq-6f4d548d79] [hivemq] [97fafcfc] DEBUG - Setting allow-problem-information to true
2025-01-29 13:56:30,626 INFO c.h.h.t.OperatorHelmChartContainer - [local-hivemq-6f4d548d79] [hivemq] [97fafcfc] DEBUG - Setting control-center audit log enabled to true
2025-01-29 13:56:30,626 INFO c.h.h.t.OperatorHelmChartContainer - [local-hivemq-6f4d548d79] [hivemq] [97fafcfc] DEBUG - Setting rest-api audit log enabled to true
2025-01-29 13:56:30,626 INFO c.h.h.t.OperatorHelmChartContainer - [local-hivemq-6f4d548d79] [hivemq] [97fafcfc] DEBUG - Setting HiveMQ Control Center enabled to true 
2025-01-29 13:56:30,626 INFO c.h.h.t.OperatorHelmChartContainer - [local-hivemq-6f4d548d79] [hivemq] [97fafcfc] DEBUG - Setting HiveMQ Control Center default login enabled to true 
2025-01-29 13:56:30,626 INFO c.h.h.t.OperatorHelmChartContainer - [local-hivemq-6f4d548d79] [hivemq] [97fafcfc] DEBUG - Setting HiveMQ Control Center session idle time to 14400 seconds
2025-01-29 13:56:30,626 INFO c.h.h.t.OperatorHelmChartContainer - [local-hivemq-6f4d548d79] [hivemq] [97fafcfc] DEBUG - Adding Http-Listener to HiveMQ Control Center Config
2025-01-29 13:56:30,626 INFO c.h.h.t.OperatorHelmChartContainer - [local-hivemq-6f4d548d79] [hivemq] [97fafcfc] DEBUG - Set TLS to disabled for cluster TCP transport
2025-01-29 13:56:30,626 INFO c.h.h.t.OperatorHelmChartContainer - [local-hivemq-6f4d548d79] [hivemq] [97fafcfc] DEBUG - Setting replica count to 2 
2025-01-29 13:56:30,626 INFO c.h.h.t.OperatorHelmChartContainer - [local-hivemq-6f4d548d79] [hivemq] [97fafcfc] DEBUG - Setting cluster TCP health-check enabled
2025-01-29 13:56:30,626 INFO c.h.h.t.OperatorHelmChartContainer - [local-hivemq-6f4d548d79] [hivemq] [97fafcfc] DEBUG - Setting cluster TCP health-check bind-address to 10.42.0.7
2025-01-29 13:56:30,626 INFO c.h.h.t.OperatorHelmChartContainer - [local-hivemq-6f4d548d79] [hivemq] [97fafcfc] DEBUG - Setting cluster TCP health-check bind-address to 9000
2025-01-29 13:56:30,626 INFO c.h.h.t.OperatorHelmChartContainer - [local-hivemq-6f4d548d79] [hivemq] [97fafcfc] DEBUG - Setting cluster TCP health-check bind-port to 9000
2025-01-29 13:56:30,626 INFO c.h.h.t.OperatorHelmChartContainer - [local-hivemq-6f4d548d79] [hivemq] [97fafcfc] DEBUG - Setting cluster TCP health-check external-address to default
2025-01-29 13:56:30,626 INFO c.h.h.t.OperatorHelmChartContainer - [local-hivemq-6f4d548d79] [hivemq] [97fafcfc] DEBUG - Setting cluster TCP health-check external-port to 0
2025-01-29 13:56:30,626 INFO c.h.h.t.OperatorHelmChartContainer - [local-hivemq-6f4d548d79] [hivemq] [97fafcfc] DEBUG - Setting cluster heartbeat enabled
2025-01-29 13:56:30,626 INFO c.h.h.t.OperatorHelmChartContainer - [local-hivemq-6f4d548d79] [hivemq] [97fafcfc] DEBUG - Setting cluster heartbeat interval to 4000 ms
2025-01-29 13:56:30,626 INFO c.h.h.t.OperatorHelmChartContainer - [local-hivemq-6f4d548d79] [hivemq] [97fafcfc] DEBUG - Setting the cluster heartbeat timeout to 30000 ms
2025-01-29 13:56:30,626 INFO c.h.h.t.OperatorHelmChartContainer - [local-hivemq-6f4d548d79] [hivemq] [97fafcfc] DEBUG - Setting HiveMQ REST API enabled to false 
2025-01-29 13:56:30,626 INFO c.h.h.t.OperatorHelmChartContainer - [local-hivemq-6f4d548d79] [hivemq] [97fafcfc] DEBUG - Setting HiveMQ REST API authentication enabled to false 
2025-01-29 13:56:30,626 INFO c.h.h.t.OperatorHelmChartContainer - [local-hivemq-6f4d548d79] [hivemq] [97fafcfc] DEBUG - Setting HiveMQ Health API enabled to false 
2025-01-29 13:56:30,626 INFO c.h.h.t.OperatorHelmChartContainer - [local-hivemq-6f4d548d79] [hivemq] [97fafcfc] DEBUG - Setting client event history enabled to false
2025-01-29 13:56:30,626 INFO c.h.h.t.OperatorHelmChartContainer - [local-hivemq-6f4d548d79] [hivemq] [97fafcfc] DEBUG - Setting client event history lifetime to 604800000 ms
2025-01-29 13:56:30,626 INFO c.h.h.t.OperatorHelmChartContainer - [local-hivemq-6f4d548d79] [hivemq] [97fafcfc] DEBUG - Setting overload protection enabled to true 
2025-01-29 13:56:30,626 INFO c.h.h.t.OperatorHelmChartContainer - [local-hivemq-6f4d548d79] [hivemq] [97fafcfc] DEBUG - Setting anonymous usage statistics enabled to false 
2025-01-29 13:56:30,626 INFO c.h.h.t.OperatorHelmChartContainer - [local-hivemq-6f4d548d79] [hivemq] [97fafcfc] DEBUG - Setting expired messages topic enabled to false
2025-01-29 13:56:30,626 INFO c.h.h.t.OperatorHelmChartContainer - [local-hivemq-6f4d548d79] [hivemq] [97fafcfc] DEBUG - Setting dropped messages topic enabled to false
2025-01-29 13:56:30,626 INFO c.h.h.t.OperatorHelmChartContainer - [local-hivemq-6f4d548d79] [hivemq] [97fafcfc] DEBUG - Setting dead messages topic enabled to false
2025-01-29 13:56:30,626 INFO c.h.h.t.OperatorHelmChartContainer - [local-hivemq-6f4d548d79] [hivemq] [97fafcfc] INFO  - Successfully loaded configuration from '/opt/hivemq/conf/config.xml'.
2025-01-29 13:56:30,626 INFO c.h.h.t.OperatorHelmChartContainer - [local-hivemq-6f4d548d79] [hivemq] [97fafcfc] DEBUG - Performing sanity checks.
2025-01-29 13:56:30,626 INFO c.h.h.t.OperatorHelmChartContainer - [local-hivemq-6f4d548d79] [hivemq] [97fafcfc] DEBUG - Soft limit for open files (1048576) satisfies the recommended limit (1000000).
2025-01-29 13:56:30,626 INFO c.h.h.t.OperatorHelmChartContainer - [local-hivemq-6f4d548d79] [hivemq] [97fafcfc] DEBUG - Hard limit for open files (1048576) satisfies the recommended limit (1000000).
2025-01-29 13:56:30,626 INFO c.h.h.t.OperatorHelmChartContainer - [local-hivemq-6f4d548d79] [hivemq] [97fafcfc] DEBUG - HiveMQ license directory (/opt/hivemq/license) satisfies all required file-system permissions.
2025-01-29 13:56:30,626 INFO c.h.h.t.OperatorHelmChartContainer - [local-hivemq-6f4d548d79] [hivemq] [97fafcfc] DEBUG - HiveMQ data directory (/opt/hivemq/data) satisfies all required file-system permissions.
2025-01-29 13:56:30,626 INFO c.h.h.t.OperatorHelmChartContainer - [local-hivemq-6f4d548d79] [hivemq] [97fafcfc] DEBUG - HiveMQ log directory (/opt/hivemq/log) satisfies all required file-system permissions.
2025-01-29 13:56:30,626 INFO c.h.h.t.OperatorHelmChartContainer - [local-hivemq-6f4d548d79] [hivemq] [97fafcfc] DEBUG - HiveMQ backup directory (/opt/hivemq/backup) satisfies all required file-system permissions.
2025-01-29 13:56:30,626 INFO c.h.h.t.OperatorHelmChartContainer - [local-hivemq-6f4d548d79] [hivemq] [97fafcfc] DEBUG - HiveMQ audit directory (/opt/hivemq/audit) satisfies all required file-system permissions.
2025-01-29 13:56:30,626 INFO c.h.h.t.OperatorHelmChartContainer - [local-hivemq-6f4d548d79] [hivemq] [97fafcfc] DEBUG - HiveMQ extensions directory (/opt/hivemq/extensions) satisfies all required file-system permissions.
2025-01-29 13:56:30,631 INFO c.h.h.t.OperatorHelmChartContainer - [local-hivemq-6f4d548d79] [hivemq] [97fafcfc] DEBUG - Extension directory hivemq-allow-all-extension (/opt/hivemq/extensions/hivemq-allow-all-extension) satisfies all required file-system permissions.
2025-01-29 13:56:30,631 INFO c.h.h.t.OperatorHelmChartContainer - [local-hivemq-6f4d548d79] [hivemq] [97fafcfc] DEBUG - Extension directory hivemq-google-cloud-pubsub-extension (/opt/hivemq/extensions/hivemq-google-cloud-pubsub-extension) satisfies all required file-system permissions.
2025-01-29 13:56:30,631 INFO c.h.h.t.OperatorHelmChartContainer - [local-hivemq-6f4d548d79] [hivemq] [97fafcfc] DEBUG - Extension directory hivemq-enterprise-security-extension (/opt/hivemq/extensions/hivemq-enterprise-security-extension) satisfies all required file-system permissions.
2025-01-29 13:56:30,631 INFO c.h.h.t.OperatorHelmChartContainer - [local-hivemq-6f4d548d79] [hivemq] [97fafcfc] DEBUG - Extension directory hivemq-bridge-extension (/opt/hivemq/extensions/hivemq-bridge-extension) satisfies all required file-system permissions.
2025-01-29 13:56:30,631 INFO c.h.h.t.OperatorHelmChartContainer - [local-hivemq-6f4d548d79] [hivemq] [97fafcfc] DEBUG - Extension directory hivemq-kafka-extension (/opt/hivemq/extensions/hivemq-kafka-extension) satisfies all required file-system permissions.
2025-01-29 13:56:30,631 INFO c.h.h.t.OperatorHelmChartContainer - [local-hivemq-6f4d548d79] [hivemq] [97fafcfc] DEBUG - Extension directory hivemq-distributed-tracing-extension (/opt/hivemq/extensions/hivemq-distributed-tracing-extension) satisfies all required file-system permissions.
2025-01-29 13:56:30,631 INFO c.h.h.t.OperatorHelmChartContainer - [local-hivemq-6f4d548d79] [hivemq] [97fafcfc] DEBUG - Extension directory hivemq-prometheus-extension (/opt/hivemq/extensions/hivemq-prometheus-extension) satisfies all required file-system permissions.
2025-01-29 13:56:30,631 INFO c.h.h.t.OperatorHelmChartContainer - [local-hivemq-6f4d548d79] [hivemq] [97fafcfc] DEBUG - Extension directory hivemq-amazon-kinesis-extension (/opt/hivemq/extensions/hivemq-amazon-kinesis-extension) satisfies all required file-system permissions.
2025-01-29 13:56:30,631 INFO c.h.h.t.OperatorHelmChartContainer - [local-hivemq-6f4d548d79] [hivemq] [97fafcfc] DEBUG - Extension directory hivemq-k8s-sync-extension (/opt/hivemq/extensions/hivemq-k8s-sync-extension) satisfies all required file-system permissions.
2025-01-29 13:56:30,632 INFO c.h.h.t.OperatorHelmChartContainer - Started log watcher for operator in pod local-hivemq-hivemq-operator-operator-6b564f6db4-q84zh [c3ec57e9-ad8f-4fa7-8a31-ab3283eea564]
2025-01-29 13:56:30,632 INFO c.h.h.t.OperatorHelmChartContainer - [local-hivemq-hivemq-operator] [operator] [c3ec57e9] Picked up JAVA_TOOL_OPTIONS: -XX:+UnlockExperimentalVMOptions -XX:InitialRAMPercentage=75 -XX:MaxRAMPercentage=75
2025-01-29 13:56:30,632 INFO c.h.h.t.OperatorHelmChartContainer - [local-hivemq-hivemq-operator] [operator] [c3ec57e9]  __  __ _                                  _   
2025-01-29 13:56:30,632 INFO c.h.h.t.OperatorHelmChartContainer - [local-hivemq-hivemq-operator] [operator] [c3ec57e9] |  \/  (_) ___ _ __ ___  _ __   __ _ _   _| |_ 
2025-01-29 13:56:30,632 INFO c.h.h.t.OperatorHelmChartContainer - [local-hivemq-hivemq-operator] [operator] [c3ec57e9] | |\/| | |/ __| '__/ _ \| '_ \ / _` | | | | __|
2025-01-29 13:56:30,632 INFO c.h.h.t.OperatorHelmChartContainer - [local-hivemq-hivemq-operator] [operator] [c3ec57e9] | |  | | | (__| | | (_) | | | | (_| | |_| | |_ 
2025-01-29 13:56:30,632 INFO c.h.h.t.OperatorHelmChartContainer - [local-hivemq-hivemq-operator] [operator] [c3ec57e9] |_|  |_|_|\___|_|  \___/|_| |_|\__,_|\__,_|\__|
2025-01-29 13:56:30,632 INFO c.h.h.t.OperatorHelmChartContainer - [local-hivemq-hivemq-operator] [operator] [c3ec57e9]   Micronaut (v3.5.2)
2025-01-29 13:56:30,632 INFO c.h.h.t.OperatorHelmChartContainer - [local-hivemq-hivemq-operator] [operator] [c3ec57e9] 
2025-01-29 13:56:30,632 INFO c.h.h.t.OperatorHelmChartContainer - [local-hivemq-hivemq-operator] [operator] [c3ec57e9] ?[36m13:55:01.928?[0;39m ?[1;30m[main]?[0;39m ?[34mINFO ?[0;39m ?[35mio.micronaut.runtime.Micronaut?[0;39m - Startup completed in 2234ms. Server Running: http://local-hivemq-hivemq-operator-operator-6b564f6db4-q84zh:8443
2025-01-29 13:56:30,632 INFO c.h.h.t.OperatorHelmChartContainer - [local-hivemq-hivemq-operator] [operator] [c3ec57e9] ?[36m13:55:03.094?[0;39m ?[1;30m[main]?[0;39m ?[34mINFO ?[0;39m ?[35mcom.hivemq.Operator?[0;39m - Initializing HiveMQ operator
2025-01-29 13:56:30,632 INFO c.h.h.t.OperatorHelmChartContainer - [local-hivemq-hivemq-operator] [operator] [c3ec57e9] ?[36m13:55:04.297?[0;39m ?[1;30m[main]?[0;39m ?[34mINFO ?[0;39m ?[35mcom.hivemq.Operator?[0;39m - Operating from namespace 'default'
2025-01-29 13:56:30,632 INFO c.h.h.t.OperatorHelmChartContainer - [local-hivemq-hivemq-operator] [operator] [c3ec57e9] ?[36m13:55:04.483?[0;39m ?[1;30m[pool-3-thread-1]?[0;39m ?[34mINFO ?[0;39m ?[35mcom.hivemq.AbstractWatcher?[0;39m - CustomResource watcher running for kinds HiveMQCluster
2025-01-29 13:56:30,632 INFO c.h.h.t.OperatorHelmChartContainer - [local-hivemq-hivemq-operator] [operator] [c3ec57e9] ?[36m13:55:05.186?[0;39m ?[1;30m[main]?[0;39m ?[34mINFO ?[0;39m ?[35mcom.hivemq.Operator?[0;39m - Operator started in 2092ms
2025-01-29 13:56:30,632 INFO c.h.h.t.OperatorHelmChartContainer - [local-hivemq-hivemq-operator] [operator] [c3ec57e9] ?[36m13:55:05.498?[0;39m ?[1;30m[pool-3-thread-2]?[0;39m ?[34mINFO ?[0;39m ?[35mcom.hivemq.Operator?[0;39m - Syncing state for cluster 'local-hivemq' in namespace 'default'
2025-01-29 13:56:30,632 INFO c.h.h.t.OperatorHelmChartContainer - [local-hivemq-hivemq-operator] [operator] [c3ec57e9] ?[36m13:55:09.780?[0;39m ?[1;30m[pool-3-thread-7]?[0;39m ?[34mINFO ?[0;39m ?[35mcom.hivemq.Operator?[0;39m - Syncing state for cluster 'local-hivemq' in namespace 'default'
2025-01-29 13:56:30,632 INFO c.h.h.t.OperatorHelmChartContainer - [local-hivemq-hivemq-operator] [operator] [c3ec57e9] ?[36m13:55:10.691?[0;39m ?[1;30m[pool-3-thread-2]?[0;39m ?[34mINFO ?[0;39m ?[35mcom.hivemq.util.DeploymentUtil?[0;39m - Waiting for deployment local-hivemq to roll out...
2025-01-29 13:56:30,632 INFO c.h.h.t.OperatorHelmChartContainer - [local-hivemq-hivemq-operator] [operator] [c3ec57e9] ?[36m13:55:11.595?[0;39m ?[1;30m[pool-3-thread-7]?[0;39m ?[34mINFO ?[0;39m ?[35mcom.hivemq.util.DeploymentUtil?[0;39m - Waiting for deployment local-hivemq to roll out...
2025-01-29 13:56:30,632 INFO c.h.h.t.OperatorHelmChartContainer - [local-hivemq-hivemq-operator] [operator] [c3ec57e9] ?[36m13:56:30.136?[0;39m ?[1;30m[pool-3-thread-2]?[0;39m ?[34mINFO ?[0;39m ?[35mcom.hivemq.Operator?[0;39m - State synchronization complete for cluster 'local-hivemq' in namespace 'default' in 84638ms
2025-01-29 13:56:30,632 INFO c.h.h.t.OperatorHelmChartContainer - [local-hivemq-hivemq-operator] [operator] [c3ec57e9] ?[36m13:56:30.205?[0;39m ?[1;30m[pool-3-thread-7]?[0;39m ?[34mINFO ?[0;39m ?[35mcom.hivemq.Operator?[0;39m - State synchronization complete for cluster 'local-hivemq' in namespace 'default' in 80425ms
2025-01-29 13:56:30,632 INFO c.h.h.t.OperatorHelmChartContainer - [EVENT] Normal [Started] Started container operator [default:local-hivemq-hivemq-operator-operator-6b564f6db4-q84zh]
2025-01-29 13:56:30,633 INFO c.h.h.t.OperatorHelmChartContainer - Received Started event for container operator in pod local-hivemq-hivemq-operator-operator-6b564f6db4-q84zh [c3ec57e9-ad8f-4fa7-8a31-ab3283eea564]
2025-01-29 13:56:30,631 INFO c.h.h.t.OperatorHelmChartContainer - [local-hivemq-6f4d548d79] [hivemq] [97fafcfc] DEBUG - Extension directory hivemq-dns-cluster-discovery (/opt/hivemq/extensions/hivemq-dns-cluster-discovery) satisfies all required file-system permissions.
2025-01-29 13:56:30,633 INFO c.h.h.t.OperatorHelmChartContainer - [local-hivemq-6f4d548d79] [hivemq] [97fafcfc] DEBUG - Extension directory hivemq-snowflake-extension (/opt/hivemq/extensions/hivemq-snowflake-extension) satisfies all required file-system permissions.
2025-01-29 13:56:30,633 INFO c.h.h.t.OperatorHelmChartContainer - [local-hivemq-6f4d548d79] [hivemq] [97fafcfc] DEBUG - Extension directory hivemq-postgresql-extension (/opt/hivemq/extensions/hivemq-postgresql-extension) satisfies all required file-system permissions.
2025-01-29 13:56:30,633 INFO c.h.h.t.OperatorHelmChartContainer - [local-hivemq-6f4d548d79] [hivemq] [97fafcfc] DEBUG - Extension directory hivemq-mysql-extension (/opt/hivemq/extensions/hivemq-mysql-extension) satisfies all required file-system permissions.
2025-01-29 13:56:30,633 INFO c.h.h.t.OperatorHelmChartContainer - [EVENT] Normal [SuccessfulCreate] Created pod: local-hivemq-hivemq-operator-operator-6b564f6db4-q84zh [default:local-hivemq-hivemq-operator-operator-6b564f6db4]
2025-01-29 13:56:30,633 INFO c.h.h.t.OperatorHelmChartContainer - [local-hivemq-6f4d548d79] [hivemq] [97fafcfc] DEBUG - Extension directory hivemq-mongodb-extension (/opt/hivemq/extensions/hivemq-mongodb-extension) satisfies all required file-system permissions.
2025-01-29 13:56:30,633 INFO c.h.h.t.OperatorHelmChartContainer - [EVENT] Normal [ScalingReplicaSet] Scaled up replica set local-hivemq-hivemq-operator-operator-6b564f6db4 from 0 to 1 [default:local-hivemq-hivemq-operator-operator]
2025-01-29 13:56:30,633 INFO c.h.h.t.OperatorHelmChartContainer - [local-hivemq-6f4d548d79] [hivemq] [97fafcfc] DEBUG - Extension directory hivemq-data-lake-extension (/opt/hivemq/extensions/hivemq-data-lake-extension) satisfies all required file-system permissions.
2025-01-29 13:56:30,633 INFO c.h.h.t.OperatorHelmChartContainer - [local-hivemq-6f4d548d79] [hivemq] [97fafcfc] DEBUG - Extension directory hivemq-microsoft-sql-server-extension (/opt/hivemq/extensions/hivemq-microsoft-sql-server-extension) satisfies all required file-system permissions.
2025-01-29 13:56:30,633 INFO c.h.h.t.OperatorHelmChartContainer - [local-hivemq-6f4d548d79] [hivemq] [97fafcfc] DEBUG - Temporary directory (/tmp) satisfies all required file-system permissions.
2025-01-29 13:56:30,633 INFO c.h.h.t.OperatorHelmChartContainer - [local-hivemq-6f4d548d79] [hivemq] [97fafcfc] DEBUG - Heap dump directory (/opt/hivemq/dumps) satisfies all required file-system permissions.
2025-01-29 13:56:30,633 INFO c.h.h.t.OperatorHelmChartContainer - [EVENT] Normal [ScalingReplicaSet] Scaled up replica set local-hivemq-6f4d548d79 from 0 to 1 [default:local-hivemq]
2025-01-29 13:56:30,633 INFO c.h.h.t.OperatorHelmChartContainer - [local-hivemq-6f4d548d79] [hivemq] [97fafcfc] DEBUG - Performed all sanity checks in 95ms. All sanity checks passed successfully.
2025-01-29 13:56:30,633 INFO c.h.h.t.OperatorHelmChartContainer - [local-hivemq-6f4d548d79] [hivemq] [97fafcfc] INFO  - This node's ID is tWHo8
2025-01-29 13:56:30,633 INFO c.h.h.t.OperatorHelmChartContainer - [local-hivemq-6f4d548d79] [hivemq] [97fafcfc] INFO  - Clustering is enabled
2025-01-29 13:56:30,633 INFO c.h.h.t.OperatorHelmChartContainer - [local-hivemq-6f4d548d79] [hivemq] [97fafcfc] DEBUG - Configured WriteBufferManager with size for memtables 311023370 and for the block cache 466535055
2025-01-29 13:56:30,633 INFO c.h.h.t.OperatorHelmChartContainer - [local-hivemq-6f4d548d79] [hivemq] [97fafcfc] DEBUG - Starting RocksDBMemoryUsageWatchdog.
2025-01-29 13:56:30,633 INFO c.h.h.t.OperatorHelmChartContainer - [local-hivemq-6f4d548d79] [hivemq] [97fafcfc] DEBUG - RocksDBMemoryUsageWatchdog is running.
2025-01-29 13:56:30,636 INFO c.h.h.t.OperatorHelmChartContainer - [local-hivemq-6f4d548d79] [hivemq] [97fafcfc] DEBUG - Folder /opt/hivemq/data/persistence does not exist, trying to create it
2025-01-29 13:56:30,637 INFO c.h.h.t.OperatorHelmChartContainer - [local-hivemq-6f4d548d79] [hivemq] [97fafcfc] DEBUG - Created folder /opt/hivemq/data
2025-01-29 13:56:30,637 INFO c.h.h.t.OperatorHelmChartContainer - [local-hivemq-6f4d548d79] [hivemq] [97fafcfc] DEBUG - Folder /opt/hivemq/data/persistence/publish_payload_store/040500_R does not exist, trying to create it
2025-01-29 13:56:30,637 INFO c.h.h.t.OperatorHelmChartContainer - [local-hivemq-6f4d548d79] [hivemq] [97fafcfc] DEBUG - Folder /opt/hivemq/data/persistence/client_queue/042800_R does not exist, trying to create it
2025-01-29 13:56:30,637 INFO c.h.h.t.OperatorHelmChartContainer - [local-hivemq-6f4d548d79] [hivemq] [97fafcfc] DEBUG - Folder /opt/hivemq/data/persistence/client_session_store/040100_R does not exist, trying to create it
2025-01-29 13:56:30,637 INFO c.h.h.t.OperatorHelmChartContainer - [local-hivemq-6f4d548d79] [hivemq] [97fafcfc] DEBUG - Folder /opt/hivemq/data/persistence/client_session_subscriptions/043200_R does not exist, trying to create it
2025-01-29 13:56:30,637 INFO c.h.h.t.OperatorHelmChartContainer - [local-hivemq-6f4d548d79] [hivemq] [97fafcfc] DEBUG - Folder /opt/hivemq/data/persistence/retained_messages/040800_R does not exist, trying to create it
2025-01-29 13:56:30,637 INFO c.h.h.t.OperatorHelmChartContainer - [local-hivemq-6f4d548d79] [hivemq] [97fafcfc] DEBUG - Folder /opt/hivemq/data/persistence/attribute/043100_R does not exist, trying to create it
2025-01-29 13:56:30,637 INFO c.h.h.t.OperatorHelmChartContainer - [local-hivemq-6f4d548d79] [hivemq] [97fafcfc] DEBUG - Folder /opt/hivemq/data/persistence/incoming_message_flow/043000_R does not exist, trying to create it
2025-01-29 13:56:30,637 INFO c.h.h.t.OperatorHelmChartContainer - [local-hivemq-6f4d548d79] [hivemq] [97fafcfc] DEBUG - Folder /opt/hivemq/data/persistence/data_hub_modules/043000_R does not exist, trying to create it
2025-01-29 13:56:30,637 INFO c.h.h.t.OperatorHelmChartContainer - [local-hivemq-6f4d548d79] [hivemq] [97fafcfc] DEBUG - Folder /opt/hivemq/data/persistence/data_hub_schemas/042000_R does not exist, trying to create it
2025-01-29 13:56:30,637 INFO c.h.h.t.OperatorHelmChartContainer - [local-hivemq-6f4d548d79] [hivemq] [97fafcfc] DEBUG - Folder /opt/hivemq/data/persistence/data_hub_scripts/042300_R does not exist, trying to create it
2025-01-29 13:56:30,637 INFO c.h.h.t.OperatorHelmChartContainer - [local-hivemq-6f4d548d79] [hivemq] [97fafcfc] DEBUG - Folder /opt/hivemq/data/persistence/data_hub_policies/042000_R does not exist, trying to create it
2025-01-29 13:56:30,637 INFO c.h.h.t.OperatorHelmChartContainer - [local-hivemq-6f4d548d79] [hivemq] [97fafcfc] DEBUG - Diagnostic mode is disabled
2025-01-29 13:56:30,637 INFO c.h.h.t.OperatorHelmChartContainer - [local-hivemq-6f4d548d79] [hivemq] [97fafcfc] INFO  - No valid license file found. Using trial license, restricted to 25 connections.
2025-01-29 13:56:30,637 INFO c.h.h.t.OperatorHelmChartContainer - [local-hivemq-6f4d548d79] [hivemq] [97fafcfc] DEBUG - Native Epoll is available on this platform
2025-01-29 13:56:30,637 INFO c.h.h.t.OperatorHelmChartContainer - [local-hivemq-6f4d548d79] [hivemq] [97fafcfc] DEBUG - Set extension executor thread pool size to 1
2025-01-29 13:56:30,637 INFO c.h.h.t.OperatorHelmChartContainer - [local-hivemq-6f4d548d79] [hivemq] [97fafcfc] DEBUG - Set extension executor thread pool keep-alive to 30 seconds
2025-01-29 13:56:30,637 INFO c.h.h.t.OperatorHelmChartContainer - [local-hivemq-6f4d548d79] [hivemq] [97fafcfc] DEBUG - initializing RSA key
2025-01-29 13:56:30,637 INFO c.h.h.t.OperatorHelmChartContainer - [local-hivemq-6f4d548d79] [hivemq] [97fafcfc] DEBUG - finished initializing RSA key in 1099ms
2025-01-29 13:56:30,637 INFO c.h.h.t.OperatorHelmChartContainer - [local-hivemq-6f4d548d79] [hivemq] [97fafcfc] DEBUG - Unable to provide size and free metrics for disk /dev/sda: Could not find the corresponding FileStore (OSHI/Java).
2025-01-29 13:56:30,637 INFO c.h.h.t.OperatorHelmChartContainer - [local-hivemq-6f4d548d79] [hivemq] [97fafcfc] DEBUG - Unable to provide size and free metrics for disk /dev/sdb: Could not find the corresponding FileStore (OSHI/Java).
2025-01-29 13:56:30,637 INFO c.h.h.t.OperatorHelmChartContainer - [local-hivemq-6f4d548d79] [hivemq] [97fafcfc] DEBUG - Throttling incoming traffic to 0 B/s
2025-01-29 13:56:30,637 INFO c.h.h.t.OperatorHelmChartContainer - [local-hivemq-6f4d548d79] [hivemq] [97fafcfc] DEBUG - Throttling outgoing traffic to 0 B/s
2025-01-29 13:56:30,637 INFO c.h.h.t.OperatorHelmChartContainer - [local-hivemq-6f4d548d79] [hivemq] [97fafcfc] INFO  - No valid license file for Data Hub found. Using free license, restricted to 1 policy.
2025-01-29 13:56:30,637 INFO c.h.h.t.OperatorHelmChartContainer - [local-hivemq-6f4d548d79] [hivemq] [97fafcfc] DEBUG - Building initial topic tree
2025-01-29 13:56:30,637 INFO c.h.h.t.OperatorHelmChartContainer - [local-hivemq-6f4d548d79] [hivemq] [97fafcfc] DEBUG - Started JMX Metrics Reporting.
2025-01-29 13:56:30,637 INFO c.h.h.t.OperatorHelmChartContainer - [local-hivemq-6f4d548d79] [hivemq] [97fafcfc] DEBUG - Registered JVM metrics with prefix com.hivemq.jvm.
2025-01-29 13:56:30,637 INFO c.h.h.t.OperatorHelmChartContainer - [local-hivemq-6f4d548d79] [hivemq] [97fafcfc] DEBUG - Registered HiveMQ Health API metrics.
2025-01-29 13:56:30,637 INFO c.h.h.t.OperatorHelmChartContainer - [local-hivemq-6f4d548d79] [hivemq] [97fafcfc] INFO  - Audit Logger started.
2025-01-29 13:56:30,637 INFO c.h.h.t.OperatorHelmChartContainer - [local-hivemq-6f4d548d79] [hivemq] [97fafcfc] INFO  - This node uses '1' CPU cores.
2025-01-29 13:56:30,637 INFO c.h.h.t.OperatorHelmChartContainer - [local-hivemq-6f4d548d79] [hivemq] [97fafcfc] INFO  - Starting HiveMQ extension system.
2025-01-29 13:56:30,637 INFO c.h.h.t.OperatorHelmChartContainer - [local-hivemq-6f4d548d79] [hivemq] [97fafcfc] INFO  - Starting extension with id "hivemq-dns-cluster-discovery" at /opt/hivemq/extensions/hivemq-dns-cluster-discovery
2025-01-29 13:56:30,637 INFO c.h.h.t.OperatorHelmChartContainer - [local-hivemq-6f4d548d79] [hivemq] [97fafcfc] DEBUG - HiveMQ DNS Cluster Discovery Extension: No DNS server address was set in the configuration file or environment variable.
2025-01-29 13:56:30,637 INFO c.h.h.t.OperatorHelmChartContainer - [local-hivemq-6f4d548d79] [hivemq] [97fafcfc] DEBUG - HiveMQ DNS Cluster Discovery Extension: No reload interval was set in the configuration file or environment variable. Defaulting to 30.
2025-01-29 13:56:30,637 INFO c.h.h.t.OperatorHelmChartContainer - [local-hivemq-6f4d548d79] [hivemq] [97fafcfc] INFO  - Using TCP cluster transport on address 10.42.0.7 and port 7000
2025-01-29 13:56:30,637 INFO c.h.h.t.OperatorHelmChartContainer - [local-hivemq-6f4d548d79] [hivemq] [97fafcfc] INFO  - Extension "DNS Cluster Discovery Extension" version 4.3.3 started successfully.
2025-01-29 13:56:30,637 INFO c.h.h.t.OperatorHelmChartContainer - [local-hivemq-6f4d548d79] [hivemq] [97fafcfc] INFO  - Starting extension with id "hivemq-k8s-sync-extension" at /opt/hivemq/extensions/hivemq-k8s-sync-extension
2025-01-29 13:56:30,637 INFO c.h.h.t.OperatorHelmChartContainer - [local-hivemq-6f4d548d79] [hivemq] [97fafcfc] INFO  - Using extension cluster discovery
2025-01-29 13:56:30,637 INFO c.h.h.t.OperatorHelmChartContainer - [local-hivemq-6f4d548d79] [hivemq] [97fafcfc] DEBUG - Could not get configMap modification timestamp for source /hivemq-data/conf/..data, likely no ConfigMap mounted
2025-01-29 13:56:30,637 INFO c.h.h.t.OperatorHelmChartContainer - [local-hivemq-6f4d548d79] [hivemq] [97fafcfc] DEBUG - Could not get configMap modification timestamp for source /hivemq-data/extensions/..data, likely no ConfigMap mounted
2025-01-29 13:56:30,637 INFO c.h.h.t.OperatorHelmChartContainer - [local-hivemq-6f4d548d79] [hivemq] [97fafcfc] DEBUG - Could not get configMap modification timestamp for source /hivemq-data/bin/..data, likely no ConfigMap mounted
2025-01-29 13:56:30,637 INFO c.h.h.t.OperatorHelmChartContainer - [local-hivemq-6f4d548d79] [hivemq] [97fafcfc] INFO  - Started HiveMQ Kubernetes State Synchronization Extension:1.0.3
2025-01-29 13:56:30,640 INFO c.h.h.t.OperatorHelmChartContainer - [local-hivemq-6f4d548d79] [hivemq] [97fafcfc] INFO  - Extension "HiveMQ Kubernetes State Synchronization Extension" version 1.0.3 started successfully.
2025-01-29 13:56:30,640 INFO c.h.h.t.OperatorHelmChartContainer - [local-hivemq-6f4d548d79] [hivemq] [97fafcfc] INFO  - Starting extension with id "hivemq-allow-all-extension" at /opt/hivemq/extensions/hivemq-allow-all-extension
2025-01-29 13:56:30,640 INFO c.h.h.t.OperatorHelmChartContainer - [local-hivemq-6f4d548d79] [hivemq] [97fafcfc] WARN  - 
2025-01-29 13:56:30,640 INFO c.h.h.t.OperatorHelmChartContainer - [local-hivemq-6f4d548d79] [hivemq] [97fafcfc] ################################################################################################################
2025-01-29 13:56:30,640 INFO c.h.h.t.OperatorHelmChartContainer - [local-hivemq-6f4d548d79] [hivemq] [97fafcfc] # This HiveMQ deployment is not secure! You are lacking Authentication and Authorization.                      #
2025-01-29 13:56:30,640 INFO c.h.h.t.OperatorHelmChartContainer - [local-hivemq-6f4d548d79] [hivemq] [97fafcfc] # Right now any MQTT client can connect to the broker with a full set of permissions.                          #
2025-01-29 13:56:30,640 INFO c.h.h.t.OperatorHelmChartContainer - [local-hivemq-6f4d548d79] [hivemq] [97fafcfc] # For production usage, add an appropriate security extension and remove the hivemq-allow-all extension.       #
2025-01-29 13:56:30,640 INFO c.h.h.t.OperatorHelmChartContainer - [local-hivemq-6f4d548d79] [hivemq] [97fafcfc] # You can download security extensions from the HiveMQ Marketplace (https://www.hivemq.com/extensions/).       #
2025-01-29 13:56:30,640 INFO c.h.h.t.OperatorHelmChartContainer - [local-hivemq-6f4d548d79] [hivemq] [97fafcfc] ################################################################################################################
2025-01-29 13:56:30,640 INFO c.h.h.t.OperatorHelmChartContainer - [local-hivemq-6f4d548d79] [hivemq] [97fafcfc] DEBUG - Simple authenticator added by extension 'hivemq-allow-all-extension'.
2025-01-29 13:56:30,640 INFO c.h.h.t.OperatorHelmChartContainer - [local-hivemq-6f4d548d79] [hivemq] [97fafcfc] INFO  - Extension "Allow All Extension" version 1.1.1 started successfully.
2025-01-29 13:56:30,640 INFO c.h.h.t.OperatorHelmChartContainer - [local-hivemq-6f4d548d79] [hivemq] [97fafcfc] DEBUG - HiveMQ DNS Cluster Discovery Extension: Discovered new address '10.42.0.7'.
2025-01-29 13:56:30,640 INFO c.h.h.t.OperatorHelmChartContainer - [local-hivemq-6f4d548d79] [hivemq] [97fafcfc] INFO  - tWHo8: no members discovered after 2598 ms: creating cluster as first member
2025-01-29 13:56:30,640 INFO c.h.h.t.OperatorHelmChartContainer - [local-hivemq-6f4d548d79] [hivemq] [97fafcfc] INFO  - Cluster nodes found by discovery: [tWHo8|0] (1) [tWHo8].
2025-01-29 13:56:30,640 INFO c.h.h.t.OperatorHelmChartContainer - [local-hivemq-6f4d548d79] [hivemq] [97fafcfc] DEBUG - State of node tWHo8 changed to UNKNOWN was null. Current cluster node states: {tWHo8=UNKNOWN}
2025-01-29 13:56:30,640 INFO c.h.h.t.OperatorHelmChartContainer - [local-hivemq-6f4d548d79] [hivemq] [97fafcfc] DEBUG - State of node tWHo8 set to RUNNING. Current cluster node states: {tWHo8=RUNNING}
2025-01-29 13:56:30,640 INFO c.h.h.t.OperatorHelmChartContainer - [local-hivemq-6f4d548d79] [hivemq] [97fafcfc] WARN  - No user for HiveMQ Control Center configured. Starting with default user
2025-01-29 13:56:30,640 INFO c.h.h.t.OperatorHelmChartContainer - [local-hivemq-6f4d548d79] [hivemq] [97fafcfc] INFO  - Starting HiveMQ Control Center on address 0.0.0.0 and port 8080
2025-01-29 13:56:30,640 INFO c.h.h.t.OperatorHelmChartContainer - [local-hivemq-6f4d548d79] [hivemq] [97fafcfc] INFO  - Mounting HiveMQ Control Center V2 Preview
2025-01-29 13:56:30,640 INFO c.h.h.t.OperatorHelmChartContainer - [local-hivemq-6f4d548d79] [hivemq] [97fafcfc] INFO  - Started HiveMQ Control Center in 1297ms
2025-01-29 13:56:30,640 INFO c.h.h.t.OperatorHelmChartContainer - [local-hivemq-6f4d548d79] [hivemq] [97fafcfc] INFO  - Starting TCP listener on address 0.0.0.0 and port 1883
2025-01-29 13:56:30,640 INFO c.h.h.t.OperatorHelmChartContainer - [local-hivemq-6f4d548d79] [hivemq] [97fafcfc] INFO  - Started TCP Listener on address 0.0.0.0 and on port 1883.
2025-01-29 13:56:30,640 INFO c.h.h.t.OperatorHelmChartContainer - [local-hivemq-6f4d548d79] [hivemq] [97fafcfc] INFO  - Started HiveMQ in 25790ms
2025-01-29 13:56:33,392 INFO c.h.h.t.OperatorHelmChartContainer - [local-hivemq-hivemq-operator] [operator] [c3ec57e9] ?[36m13:56:33.388?[0;39m ?[1;30m[pool-3-thread-12]?[0;39m ?[34mINFO ?[0;39m ?[35mcom.hivemq.Operator?[0;39m - Syncing state for cluster 'local-hivemq' in namespace 'default'
2025-01-29 13:56:33,544 INFO c.h.h.t.OperatorHelmChartContainer - [K3S] [event.go:389] "Event occurred" object="default/hivemq-local-hivemq-mqtt" fieldPath="" kind="Service" apiVersion="v1" type="Normal" reason="DeletingLoadBalancer" message="Deleting load balancer"
2025-01-29 13:56:33,548 INFO c.h.h.t.OperatorHelmChartContainer - [EVENT] Normal [DeletingLoadBalancer] Deleting load balancer [default:hivemq-local-hivemq-mqtt]
2025-01-29 13:56:33,549 INFO c.h.h.t.OperatorHelmChartContainer - [K3S] [event.go:389] "Event occurred" object="default/hivemq-local-hivemq-mqtt" fieldPath="" kind="Service" apiVersion="v1" type="Normal" reason="DeletedLoadBalancer" message="Deleted load balancer"
2025-01-29 13:56:33,550 INFO c.h.h.t.OperatorHelmChartContainer - [K3S] [event.go:389] "Event occurred" object="default/hivemq-local-hivemq-mqtt" fieldPath="" kind="Service" apiVersion="v1" type="Normal" reason="DeletedDaemonSet" message="Deleted LoadBalancer DaemonSet kube-system/svclb-hivemq-local-hivemq-mqtt-c18b7164"
2025-01-29 13:56:33,553 INFO c.h.h.t.OperatorHelmChartContainer - [EVENT] Normal [DeletedDaemonSet] Deleted LoadBalancer DaemonSet kube-system/svclb-hivemq-local-hivemq-mqtt-c18b7164 [default:hivemq-local-hivemq-mqtt]
2025-01-29 13:56:33,555 INFO c.h.h.t.OperatorHelmChartContainer - [EVENT] Normal [DeletedLoadBalancer] Deleted load balancer [default:hivemq-local-hivemq-mqtt]
2025-01-29 13:56:33,568 INFO c.h.h.t.OperatorHelmChartContainer - [POD] svclb-hivemq-local-hivemq-mqtt-c18b7164-f9546 [f7a776f8-ab49-48d2-a08d-bc819092f139] in kube-system was MODIFIED
2025-01-29 13:56:33,617 DEBUG c.h.h.t.OperatorHelmChartContainer - Chart 'local-hivemq' installed or upgraded
2025-01-29 13:56:33,632 DEBUG com.hivemq.helmcharts.util.K8sUtil - State to compare Running and waiting for Updating
2025-01-29 13:56:33,811 INFO c.h.h.t.OperatorHelmChartContainer - [POD] svclb-hivemq-local-hivemq-mqtt-c18b7164-f9546 [f7a776f8-ab49-48d2-a08d-bc819092f139] in kube-system was MODIFIED
2025-01-29 13:56:33,914 DEBUG com.hivemq.helmcharts.util.K8sUtil - State to compare Running and waiting for Updating
2025-01-29 13:56:34,008 DEBUG com.hivemq.helmcharts.util.K8sUtil - State to compare Updating and waiting for Updating
2025-01-29 13:56:34,019 DEBUG com.hivemq.helmcharts.util.K8sUtil - State to compare Updating and waiting for Running
2025-01-29 13:56:34,208 INFO c.h.h.t.OperatorHelmChartContainer - [local-hivemq-hivemq-operator] [operator] [c3ec57e9] ?[36m13:56:34.206?[0;39m ?[1;30m[pool-3-thread-12]?[0;39m ?[34mINFO ?[0;39m ?[35mcom.hivemq.util.DeploymentUtil?[0;39m - Waiting for deployment local-hivemq to roll out...
2025-01-29 13:56:34,210 INFO c.h.h.t.OperatorHelmChartContainer - [K3S] [scope.go:117] "RemoveContainer" containerID="992080aadc4d6e0c383a3978cde1576b8987840c503b7f78af22bf26857d5a57"
2025-01-29 13:56:34,218 INFO c.h.h.t.OperatorHelmChartContainer - [K3S] [scope.go:117] "RemoveContainer" containerID="992080aadc4d6e0c383a3978cde1576b8987840c503b7f78af22bf26857d5a57"
2025-01-29 13:56:34,223 INFO c.h.h.t.OperatorHelmChartContainer - [EVENT] Normal [ScalingReplicaSet] Scaled up replica set local-hivemq-5fcc877b5c from 0 to 1 [default:local-hivemq]
2025-01-29 13:56:34,235 INFO c.h.h.t.OperatorHelmChartContainer - [POD] local-hivemq-5fcc877b5c-2psvs [9f39e88b-989d-48ff-9ecb-94649f1b44c6] in default was ADDED
2025-01-29 13:56:34,242 INFO c.h.h.t.OperatorHelmChartContainer - [POD] svclb-hivemq-local-hivemq-mqtt-c18b7164-f9546 [f7a776f8-ab49-48d2-a08d-bc819092f139] in kube-system was MODIFIED
2025-01-29 13:56:34,244 INFO c.h.h.t.OperatorHelmChartContainer - [POD] svclb-hivemq-local-hivemq-mqtt-c18b7164-f9546 [f7a776f8-ab49-48d2-a08d-bc819092f139] in kube-system was DELETED
2025-01-29 13:56:34,252 INFO c.h.h.t.OperatorHelmChartContainer - [K3S] [memory_manager.go:355] "RemoveStaleState removing state" podUID="f7a776f8-ab49-48d2-a08d-bc819092f139" containerName="lb-tcp-1883"
2025-01-29 13:56:34,255 INFO c.h.h.t.OperatorHelmChartContainer - [K3S] [replica_set.go:679] "Finished syncing" kind="ReplicaSet" key="default/local-hivemq-5fcc877b5c" duration="40.912171ms"
2025-01-29 13:56:34,255 INFO c.h.h.t.OperatorHelmChartContainer - [POD] local-hivemq-5fcc877b5c-2psvs [9f39e88b-989d-48ff-9ecb-94649f1b44c6] in default was MODIFIED
2025-01-29 13:56:34,256 INFO c.h.h.t.OperatorHelmChartContainer - [EVENT] Normal [SuccessfulCreate] Created pod: local-hivemq-5fcc877b5c-2psvs [default:local-hivemq-5fcc877b5c]
2025-01-29 13:56:34,262 INFO c.h.h.t.OperatorHelmChartContainer - [EVENT] Normal [Scheduled] Successfully assigned default/local-hivemq-5fcc877b5c-2psvs to 9585fd39d6ed [default:local-hivemq-5fcc877b5c-2psvs]
2025-01-29 13:56:34,274 INFO c.h.h.t.OperatorHelmChartContainer - [K3S] [replica_set.go:679] "Finished syncing" kind="ReplicaSet" key="default/local-hivemq-5fcc877b5c" duration="20.337054ms"
2025-01-29 13:56:34,275 INFO c.h.h.t.OperatorHelmChartContainer - [K3S] [replica_set.go:679] "Finished syncing" kind="ReplicaSet" key="default/local-hivemq-5fcc877b5c" duration="76.453µs"
2025-01-29 13:56:34,276 INFO c.h.h.t.OperatorHelmChartContainer - [K3S] [replica_set.go:679] "Finished syncing" kind="ReplicaSet" key="default/local-hivemq-5fcc877b5c" duration="50.865µs"
2025-01-29 13:56:34,286 INFO c.h.h.t.OperatorHelmChartContainer - [POD] local-hivemq-5fcc877b5c-2psvs [9f39e88b-989d-48ff-9ecb-94649f1b44c6] in default was MODIFIED
2025-01-29 13:56:34,303 DEBUG com.hivemq.helmcharts.util.K8sUtil - State to compare Updating and waiting for Running
2025-01-29 13:56:34,393 INFO c.h.h.t.OperatorHelmChartContainer - [K3S] [reconciler_common.go:251] "operationExecutor.VerifyControllerAttachedVolume started for volume \"shared-data\" (UniqueName: \"kubernetes.io/empty-dir/9f39e88b-989d-48ff-9ecb-94649f1b44c6-shared-data\") pod \"local-hivemq-5fcc877b5c-2psvs\" (UID: \"9f39e88b-989d-48ff-9ecb-94649f1b44c6\") " pod="default/local-hivemq-5fcc877b5c-2psvs"
2025-01-29 13:56:34,394 INFO c.h.h.t.OperatorHelmChartContainer - [K3S] [reconciler_common.go:251] "operationExecutor.VerifyControllerAttachedVolume started for volume \"conf-override\" (UniqueName: \"kubernetes.io/empty-dir/9f39e88b-989d-48ff-9ecb-94649f1b44c6-conf-override\") pod \"local-hivemq-5fcc877b5c-2psvs\" (UID: \"9f39e88b-989d-48ff-9ecb-94649f1b44c6\") " pod="default/local-hivemq-5fcc877b5c-2psvs"
2025-01-29 13:56:34,394 INFO c.h.h.t.OperatorHelmChartContainer - [K3S] [reconciler_common.go:251] "operationExecutor.VerifyControllerAttachedVolume started for volume \"heap-dumps\" (UniqueName: \"kubernetes.io/empty-dir/9f39e88b-989d-48ff-9ecb-94649f1b44c6-heap-dumps\") pod \"local-hivemq-5fcc877b5c-2psvs\" (UID: \"9f39e88b-989d-48ff-9ecb-94649f1b44c6\") " pod="default/local-hivemq-5fcc877b5c-2psvs"
2025-01-29 13:56:34,394 INFO c.h.h.t.OperatorHelmChartContainer - [K3S] [reconciler_common.go:251] "operationExecutor.VerifyControllerAttachedVolume started for volume \"kube-api-access-clxtp\" (UniqueName: \"kubernetes.io/projected/9f39e88b-989d-48ff-9ecb-94649f1b44c6-kube-api-access-clxtp\") pod \"local-hivemq-5fcc877b5c-2psvs\" (UID: \"9f39e88b-989d-48ff-9ecb-94649f1b44c6\") " pod="default/local-hivemq-5fcc877b5c-2psvs"
2025-01-29 13:56:34,394 INFO c.h.h.t.OperatorHelmChartContainer - [K3S] [reconciler_common.go:251] "operationExecutor.VerifyControllerAttachedVolume started for volume \"backup\" (UniqueName: \"kubernetes.io/empty-dir/9f39e88b-989d-48ff-9ecb-94649f1b44c6-backup\") pod \"local-hivemq-5fcc877b5c-2psvs\" (UID: \"9f39e88b-989d-48ff-9ecb-94649f1b44c6\") " pod="default/local-hivemq-5fcc877b5c-2psvs"
2025-01-29 13:56:34,394 INFO c.h.h.t.OperatorHelmChartContainer - [K3S] [reconciler_common.go:251] "operationExecutor.VerifyControllerAttachedVolume started for volume \"data\" (UniqueName: \"kubernetes.io/empty-dir/9f39e88b-989d-48ff-9ecb-94649f1b44c6-data\") pod \"local-hivemq-5fcc877b5c-2psvs\" (UID: \"9f39e88b-989d-48ff-9ecb-94649f1b44c6\") " pod="default/local-hivemq-5fcc877b5c-2psvs"
2025-01-29 13:56:34,394 INFO c.h.h.t.OperatorHelmChartContainer - [K3S] [reconciler_common.go:251] "operationExecutor.VerifyControllerAttachedVolume started for volume \"audit\" (UniqueName: \"kubernetes.io/empty-dir/9f39e88b-989d-48ff-9ecb-94649f1b44c6-audit\") pod \"local-hivemq-5fcc877b5c-2psvs\" (UID: \"9f39e88b-989d-48ff-9ecb-94649f1b44c6\") " pod="default/local-hivemq-5fcc877b5c-2psvs"
2025-01-29 13:56:34,394 INFO c.h.h.t.OperatorHelmChartContainer - [K3S] [reconciler_common.go:251] "operationExecutor.VerifyControllerAttachedVolume started for volume \"live-info\" (UniqueName: \"kubernetes.io/configmap/9f39e88b-989d-48ff-9ecb-94649f1b44c6-live-info\") pod \"local-hivemq-5fcc877b5c-2psvs\" (UID: \"9f39e88b-989d-48ff-9ecb-94649f1b44c6\") " pod="default/local-hivemq-5fcc877b5c-2psvs"
2025-01-29 13:56:34,394 INFO c.h.h.t.OperatorHelmChartContainer - [K3S] [reconciler_common.go:251] "operationExecutor.VerifyControllerAttachedVolume started for volume \"dns-wait-config\" (UniqueName: \"kubernetes.io/configmap/9f39e88b-989d-48ff-9ecb-94649f1b44c6-dns-wait-config\") pod \"local-hivemq-5fcc877b5c-2psvs\" (UID: \"9f39e88b-989d-48ff-9ecb-94649f1b44c6\") " pod="default/local-hivemq-5fcc877b5c-2psvs"
2025-01-29 13:56:34,395 INFO c.h.h.t.OperatorHelmChartContainer - [K3S] [reconciler_common.go:251] "operationExecutor.VerifyControllerAttachedVolume started for volume \"ese-extension-config\" (UniqueName: \"kubernetes.io/configmap/9f39e88b-989d-48ff-9ecb-94649f1b44c6-ese-extension-config\") pod \"local-hivemq-5fcc877b5c-2psvs\" (UID: \"9f39e88b-989d-48ff-9ecb-94649f1b44c6\") " pod="default/local-hivemq-5fcc877b5c-2psvs"
2025-01-29 13:56:34,395 INFO c.h.h.t.OperatorHelmChartContainer - [K3S] [reconciler_common.go:251] "operationExecutor.VerifyControllerAttachedVolume started for volume \"log\" (UniqueName: \"kubernetes.io/empty-dir/9f39e88b-989d-48ff-9ecb-94649f1b44c6-log\") pod \"local-hivemq-5fcc877b5c-2psvs\" (UID: \"9f39e88b-989d-48ff-9ecb-94649f1b44c6\") " pod="default/local-hivemq-5fcc877b5c-2psvs"
2025-01-29 13:56:34,403 DEBUG com.hivemq.helmcharts.util.K8sUtil - State to compare Updating and waiting for Running
2025-01-29 13:56:34,602 DEBUG com.hivemq.helmcharts.util.K8sUtil - State to compare Updating and waiting for Running
2025-01-29 13:56:34,663 INFO c.h.h.t.OperatorHelmChartContainer - [EVENT] Normal [Pulling] Pulling image "busybox:latest" [default:local-hivemq-5fcc877b5c-2psvs]
2025-01-29 13:56:35,009 INFO c.h.h.t.OperatorHelmChartContainer - [K3S] [kubelet_volumes.go:163] "Cleaned up orphaned pod volumes dir" podUID="f7a776f8-ab49-48d2-a08d-bc819092f139" path="/var/lib/kubelet/pods/f7a776f8-ab49-48d2-a08d-bc819092f139/volumes"
2025-01-29 13:56:35,240 INFO c.h.h.t.OperatorHelmChartContainer - [EVENT] Normal [Pulled] Successfully pulled image "busybox:latest" in 578ms (578ms including waiting). Image size: 2167089 bytes. [default:local-hivemq-5fcc877b5c-2psvs]
2025-01-29 13:56:35,247 INFO c.h.h.t.OperatorHelmChartContainer - [EVENT] Normal [Created] Created container: init-shared [default:local-hivemq-5fcc877b5c-2psvs]
2025-01-29 13:56:35,290 INFO c.h.h.t.OperatorHelmChartContainer - [EVENT] Normal [Started] Started container init-shared [default:local-hivemq-5fcc877b5c-2psvs]
2025-01-29 13:56:36,219 INFO c.h.h.t.OperatorHelmChartContainer - [EVENT] Normal [Pulled] Container image "hivemq/init-dns-wait:snapshot" already present on machine [default:local-hivemq-5fcc877b5c-2psvs]
2025-01-29 13:56:36,226 INFO c.h.h.t.OperatorHelmChartContainer - [EVENT] Normal [Created] Created container: dns-wait [default:local-hivemq-5fcc877b5c-2psvs]
2025-01-29 13:56:36,231 INFO c.h.h.t.OperatorHelmChartContainer - [K3S] [replica_set.go:679] "Finished syncing" kind="ReplicaSet" key="default/local-hivemq-5fcc877b5c" duration="58.88µs"
2025-01-29 13:56:36,237 INFO c.h.h.t.OperatorHelmChartContainer - [POD] local-hivemq-5fcc877b5c-2psvs [9f39e88b-989d-48ff-9ecb-94649f1b44c6] in default was MODIFIED
2025-01-29 13:56:36,284 INFO c.h.h.t.OperatorHelmChartContainer - [EVENT] Normal [Started] Started container dns-wait [default:local-hivemq-5fcc877b5c-2psvs]
2025-01-29 13:56:37,228 INFO c.h.h.t.OperatorHelmChartContainer - [K3S] [replica_set.go:679] "Finished syncing" kind="ReplicaSet" key="default/local-hivemq-5fcc877b5c" duration="78.387µs"
2025-01-29 13:56:37,231 INFO c.h.h.t.OperatorHelmChartContainer - [POD] local-hivemq-5fcc877b5c-2psvs [9f39e88b-989d-48ff-9ecb-94649f1b44c6] in default was MODIFIED
2025-01-29 13:56:47,240 INFO c.h.h.t.OperatorHelmChartContainer - [EVENT] Normal [Pulled] Container image "hivemq/hivemq4:k8s-4.36.0" already present on machine [default:local-hivemq-5fcc877b5c-2psvs]
2025-01-29 13:56:47,240 INFO c.h.h.t.OperatorHelmChartContainer - Received Pulled event for container hivemq in pod local-hivemq-5fcc877b5c-2psvs [9f39e88b-989d-48ff-9ecb-94649f1b44c6]
2025-01-29 13:56:47,252 INFO c.h.h.t.OperatorHelmChartContainer - [K3S] [replica_set.go:679] "Finished syncing" kind="ReplicaSet" key="default/local-hivemq-5fcc877b5c" duration="50.865µs"
2025-01-29 13:56:47,252 INFO c.h.h.t.OperatorHelmChartContainer - [EVENT] Normal [Created] Created container: hivemq [default:local-hivemq-5fcc877b5c-2psvs]
2025-01-29 13:56:47,252 INFO c.h.h.t.OperatorHelmChartContainer - Received Created event for container hivemq in pod local-hivemq-5fcc877b5c-2psvs [9f39e88b-989d-48ff-9ecb-94649f1b44c6]
2025-01-29 13:56:47,254 INFO c.h.h.t.OperatorHelmChartContainer - [POD] local-hivemq-5fcc877b5c-2psvs [9f39e88b-989d-48ff-9ecb-94649f1b44c6] in default was MODIFIED
2025-01-29 13:56:48,251 INFO c.h.h.t.OperatorHelmChartContainer - [K3S] [replica_set.go:679] "Finished syncing" kind="ReplicaSet" key="default/local-hivemq-5fcc877b5c" duration="56.125µs"
2025-01-29 13:56:48,267 INFO c.h.h.t.OperatorHelmChartContainer - [POD] local-hivemq-5fcc877b5c-2psvs [9f39e88b-989d-48ff-9ecb-94649f1b44c6] in default was MODIFIED
2025-01-29 13:56:48,280 INFO c.h.h.t.OperatorHelmChartContainer - Started log watcher for hivemq in pod local-hivemq-5fcc877b5c-2psvs [9f39e88b-989d-48ff-9ecb-94649f1b44c6]
2025-01-29 13:56:48,280 INFO c.h.h.t.OperatorHelmChartContainer - [local-hivemq-5fcc877b5c] [hivemq] [9f39e88b] Copying external files
2025-01-29 13:56:48,280 INFO c.h.h.t.OperatorHelmChartContainer - [local-hivemq-5fcc877b5c] [hivemq] [9f39e88b] '/conf-override/extensions/hivemq-enterprise-security-extension/..2025_01_29_13_56_34.2663003817' -> '/opt/hivemq/extensions/hivemq-enterprise-security-extension/..2025_01_29_13_56_34.2663003817'
2025-01-29 13:56:48,281 INFO c.h.h.t.OperatorHelmChartContainer - [local-hivemq-5fcc877b5c] [hivemq] [9f39e88b] '/conf-override/extensions/hivemq-enterprise-security-extension/..2025_01_29_13_56_34.2663003817/hivemq-enterprise-security-extension.xml' -> '/opt/hivemq/extensions/hivemq-enterprise-security-extension/..2025_01_29_13_56_34.2663003817/hivemq-enterprise-security-extension.xml'
2025-01-29 13:56:48,281 INFO c.h.h.t.OperatorHelmChartContainer - [local-hivemq-5fcc877b5c] [hivemq] [9f39e88b] '/conf-override/extensions/hivemq-enterprise-security-extension/..data' -> '/opt/hivemq/extensions/hivemq-enterprise-security-extension/..data'
2025-01-29 13:56:48,281 INFO c.h.h.t.OperatorHelmChartContainer - [local-hivemq-5fcc877b5c] [hivemq] [9f39e88b] '/conf-override/extensions/hivemq-enterprise-security-extension/hivemq-enterprise-security-extension.xml' -> '/opt/hivemq/extensions/hivemq-enterprise-security-extension/hivemq-enterprise-security-extension.xml'
2025-01-29 13:56:48,281 INFO c.h.h.t.OperatorHelmChartContainer - [local-hivemq-5fcc877b5c] [hivemq] [9f39e88b] Rewriting config.xml...
2025-01-29 13:56:48,281 INFO c.h.h.t.OperatorHelmChartContainer - [local-hivemq-5fcc877b5c] [hivemq] [9f39e88b] Creating initial lastUpdate files...
2025-01-29 13:56:48,281 INFO c.h.h.t.OperatorHelmChartContainer - [local-hivemq-5fcc877b5c] [hivemq] [9f39e88b] '/conf-override/extensions/hivemq-enterprise-security-extension/..2025_01_29_13_56_34.2663003817/hivemq-enterprise-security-extension.xml' -> '/opt/hivemq/extensions/hivemq-enterprise-security-extension/..2025_01_29_13_56_34.2663003817/hivemq-enterprise-security-extension.xml.lastUpdate'
2025-01-29 13:56:48,281 INFO c.h.h.t.OperatorHelmChartContainer - [local-hivemq-5fcc877b5c] [hivemq] [9f39e88b] Disabling Prometheus
2025-01-29 13:56:48,281 INFO c.h.h.t.OperatorHelmChartContainer - [local-hivemq-5fcc877b5c] [hivemq] [9f39e88b] Pod info:
2025-01-29 13:56:48,281 INFO c.h.h.t.OperatorHelmChartContainer - [local-hivemq-5fcc877b5c] [hivemq] [9f39e88b] extension-names=hivemq-enterprise-security-extension
2025-01-29 13:56:48,281 INFO c.h.h.t.OperatorHelmChartContainer - [local-hivemq-5fcc877b5c] [hivemq] [9f39e88b] extension-uris=preinstalled
2025-01-29 13:56:48,281 INFO c.h.h.t.OperatorHelmChartContainer - [local-hivemq-5fcc877b5c] [hivemq] [9f39e88b] extension-states=true
2025-01-29 13:56:48,281 INFO c.h.h.t.OperatorHelmChartContainer - [local-hivemq-5fcc877b5c] [hivemq] [9f39e88b] extensions-static=false
2025-01-29 13:56:48,281 INFO c.h.h.t.OperatorHelmChartContainer - [local-hivemq-5fcc877b5c] [hivemq] [9f39e88b] Installing extension #0 with name: hivemq-enterprise-security-extension, URI: preinstalled, enabled state: true
2025-01-29 13:56:48,281 INFO c.h.h.t.OperatorHelmChartContainer - [local-hivemq-5fcc877b5c] [hivemq] [9f39e88b] + [[ 3 != 3 ]]
2025-01-29 13:56:48,281 INFO c.h.h.t.OperatorHelmChartContainer - [local-hivemq-5fcc877b5c] [hivemq] [9f39e88b] + EXTENSION_URI=preinstalled
2025-01-29 13:56:48,281 INFO c.h.h.t.OperatorHelmChartContainer - [local-hivemq-5fcc877b5c] [hivemq] [9f39e88b] + EXTENSION_NAME=hivemq-enterprise-security-extension
2025-01-29 13:56:48,281 INFO c.h.h.t.OperatorHelmChartContainer - [local-hivemq-5fcc877b5c] [hivemq] [9f39e88b] + TARGET_STATE=true
2025-01-29 13:56:48,281 INFO c.h.h.t.OperatorHelmChartContainer - [local-hivemq-5fcc877b5c] [hivemq] [9f39e88b] + TARGET_DIR=/opt/hivemq/extensions/hivemq-enterprise-security-extension
2025-01-29 13:56:48,282 INFO c.h.h.t.OperatorHelmChartContainer - [EVENT] Normal [Started] Started container hivemq [default:local-hivemq-5fcc877b5c-2psvs]
2025-01-29 13:56:48,282 INFO c.h.h.t.OperatorHelmChartContainer - [local-hivemq-5fcc877b5c] [hivemq] [9f39e88b] ++ mktemp -d
2025-01-29 13:56:48,282 INFO c.h.h.t.OperatorHelmChartContainer - [local-hivemq-5fcc877b5c] [hivemq] [9f39e88b] + install_dir=/tmp/tmp.BYZt07ecAA
2025-01-29 13:56:48,282 INFO c.h.h.t.OperatorHelmChartContainer - [local-hivemq-5fcc877b5c] [hivemq] [9f39e88b] + set +e
2025-01-29 13:56:48,282 INFO c.h.h.t.OperatorHelmChartContainer - [local-hivemq-5fcc877b5c] [hivemq] [9f39e88b] + [[ -f /opt/hivemq/extensions/hivemq-enterprise-security-extension/DISABLED ]]
2025-01-29 13:56:48,282 INFO c.h.h.t.OperatorHelmChartContainer - [local-hivemq-5fcc877b5c] [hivemq] [9f39e88b] + was_enabled=0
2025-01-29 13:56:48,282 INFO c.h.h.t.OperatorHelmChartContainer - [local-hivemq-5fcc877b5c] [hivemq] [9f39e88b] + set -e
2025-01-29 13:56:48,282 INFO c.h.h.t.OperatorHelmChartContainer - [local-hivemq-5fcc877b5c] [hivemq] [9f39e88b] + [[ preinstalled != \p\r\e\i\n\s\t\a\l\l\e\d ]]
2025-01-29 13:56:48,282 INFO c.h.h.t.OperatorHelmChartContainer - Received Started event for container hivemq in pod local-hivemq-5fcc877b5c-2psvs [9f39e88b-989d-48ff-9ecb-94649f1b44c6]
2025-01-29 13:56:48,282 INFO c.h.h.t.OperatorHelmChartContainer - [local-hivemq-5fcc877b5c] [hivemq] [9f39e88b] + [[ true == \f\a\l\s\e ]]
2025-01-29 13:56:48,282 INFO c.h.h.t.OperatorHelmChartContainer - [local-hivemq-5fcc877b5c] [hivemq] [9f39e88b] + [[ -f /opt/hivemq/extensions/hivemq-enterprise-security-extension/DISABLED ]]
2025-01-29 13:56:48,282 INFO c.h.h.t.OperatorHelmChartContainer - [local-hivemq-5fcc877b5c] [hivemq] [9f39e88b] + rm -f /opt/hivemq/extensions/hivemq-enterprise-security-extension/DISABLED
2025-01-29 13:56:48,282 INFO c.h.h.t.OperatorHelmChartContainer - [local-hivemq-5fcc877b5c] [hivemq] [9f39e88b] + was_enabled=0
2025-01-29 13:56:48,282 INFO c.h.h.t.OperatorHelmChartContainer - [local-hivemq-5fcc877b5c] [hivemq] [9f39e88b] + [[ preinstalled != \p\r\e\i\n\s\t\a\l\l\e\d ]]
2025-01-29 13:56:48,282 INFO c.h.h.t.OperatorHelmChartContainer - [local-hivemq-5fcc877b5c] [hivemq] [9f39e88b] + /opt/hivemq/bin/run_initialization.sh hivemq-enterprise-security-extension
2025-01-29 13:56:48,282 INFO c.h.h.t.OperatorHelmChartContainer - [local-hivemq-5fcc877b5c] [hivemq] [9f39e88b] + EXTENSION_NAME=hivemq-enterprise-security-extension
2025-01-29 13:56:48,282 INFO c.h.h.t.OperatorHelmChartContainer - [local-hivemq-5fcc877b5c] [hivemq] [9f39e88b] + TARGET_DIR=/opt/hivemq/extensions/hivemq-enterprise-security-extension
2025-01-29 13:56:48,282 INFO c.h.h.t.OperatorHelmChartContainer - [local-hivemq-5fcc877b5c] [hivemq] [9f39e88b] + cd /opt/hivemq/extensions/hivemq-enterprise-security-extension
2025-01-29 13:56:48,282 INFO c.h.h.t.OperatorHelmChartContainer - [local-hivemq-5fcc877b5c] [hivemq] [9f39e88b] + [[ -f init_tmp ]]
2025-01-29 13:56:48,282 INFO c.h.h.t.OperatorHelmChartContainer - [local-hivemq-5fcc877b5c] [hivemq] [9f39e88b] + [[ -f /etc/podinfo/init-extension-hivemq-enterprise-security-extension ]]
2025-01-29 13:56:48,282 INFO c.h.h.t.OperatorHelmChartContainer - [local-hivemq-5fcc877b5c] [hivemq] [9f39e88b] /conf-override/extensions/hivemq-enterprise-security-extension/:/opt/hivemq/extensions/hivemq-enterprise-security-extension
2025-01-29 13:56:48,282 INFO c.h.h.t.OperatorHelmChartContainer - [local-hivemq-5fcc877b5c] [hivemq] [9f39e88b] -------------------------------------------------------------------------
2025-01-29 13:56:48,282 INFO c.h.h.t.OperatorHelmChartContainer - [local-hivemq-5fcc877b5c] [hivemq] [9f39e88b] 
2025-01-29 13:56:48,282 INFO c.h.h.t.OperatorHelmChartContainer - [local-hivemq-5fcc877b5c] [hivemq] [9f39e88b]                   _    _  _              __  __   ____
2025-01-29 13:56:48,282 INFO c.h.h.t.OperatorHelmChartContainer - [local-hivemq-5fcc877b5c] [hivemq] [9f39e88b]                  | |  | |(_)            |  \/  | / __ \
2025-01-29 13:56:48,282 INFO c.h.h.t.OperatorHelmChartContainer - [local-hivemq-5fcc877b5c] [hivemq] [9f39e88b]                  | |__| | _ __   __ ___ | \  / || |  | |
2025-01-29 13:56:48,282 INFO c.h.h.t.OperatorHelmChartContainer - [local-hivemq-5fcc877b5c] [hivemq] [9f39e88b]                  |  __  || |\ \ / // _ \| |\/| || |  | |
2025-01-29 13:56:48,282 INFO c.h.h.t.OperatorHelmChartContainer - [local-hivemq-5fcc877b5c] [hivemq] [9f39e88b]                  | |  | || | \ V /|  __/| |  | || |__| |
2025-01-29 13:56:48,282 INFO c.h.h.t.OperatorHelmChartContainer - [local-hivemq-5fcc877b5c] [hivemq] [9f39e88b]                  |_|  |_||_|  \_/  \___||_|  |_| \___\_\
2025-01-29 13:56:48,282 INFO c.h.h.t.OperatorHelmChartContainer - [local-hivemq-5fcc877b5c] [hivemq] [9f39e88b] 
2025-01-29 13:56:48,282 INFO c.h.h.t.OperatorHelmChartContainer - [local-hivemq-5fcc877b5c] [hivemq] [9f39e88b] -------------------------------------------------------------------------
2025-01-29 13:56:48,282 INFO c.h.h.t.OperatorHelmChartContainer - [local-hivemq-5fcc877b5c] [hivemq] [9f39e88b] 
2025-01-29 13:56:48,282 INFO c.h.h.t.OperatorHelmChartContainer - [local-hivemq-5fcc877b5c] [hivemq] [9f39e88b]   HiveMQ Start Script for Linux/Unix v1.14
2025-01-29 13:56:48,282 INFO c.h.h.t.OperatorHelmChartContainer - [local-hivemq-5fcc877b5c] [hivemq] [9f39e88b] 
2025-01-29 13:56:48,282 INFO c.h.h.t.OperatorHelmChartContainer - [local-hivemq-5fcc877b5c] [hivemq] [9f39e88b] -------------------------------------------------------------------------
2025-01-29 13:56:48,282 INFO c.h.h.t.OperatorHelmChartContainer - [local-hivemq-5fcc877b5c] [hivemq] [9f39e88b] 
2025-01-29 13:56:48,282 INFO c.h.h.t.OperatorHelmChartContainer - [local-hivemq-5fcc877b5c] [hivemq] [9f39e88b]   HIVEMQ_HOME: /opt/hivemq
2025-01-29 13:56:48,282 INFO c.h.h.t.OperatorHelmChartContainer - [local-hivemq-5fcc877b5c] [hivemq] [9f39e88b] 
2025-01-29 13:56:48,282 INFO c.h.h.t.OperatorHelmChartContainer - [local-hivemq-5fcc877b5c] [hivemq] [9f39e88b]   JAVA_OPTS: -XX:+UnlockExperimentalVMOptions -XX:InitialRAMPercentage=40 -XX:MaxRAMPercentage=50 -XX:MinRAMPercentage=30 -Djava.net.preferIPv4Stack=true --add-opens java.base/java.lang=ALL-UNNAMED --add-opens java.base/java.nio=ALL-UNNAMED --add-opens java.base/sun.nio.ch=ALL-UNNAMED --add-opens jdk.management/com.sun.management.internal=ALL-UNNAMED --add-exports java.base/jdk.internal.misc=ALL-UNNAMED -Djava.security.egd=file:/dev/./urandom -Dcom.sun.management.jmxremote -Dcom.sun.management.jmxremote.port=9010 -Dcom.sun.management.jmxremote.local.only=false -Dcom.sun.management.jmxremote.authenticate=false -Dcom.sun.management.jmxremote.ssl=false -Duser.language=en -Duser.region=US -XX:+CrashOnOutOfMemoryError -XX:+HeapDumpOnOutOfMemoryError
2025-01-29 13:56:48,282 INFO c.h.h.t.OperatorHelmChartContainer - [local-hivemq-5fcc877b5c] [hivemq] [9f39e88b] 
2025-01-29 13:56:48,282 INFO c.h.h.t.OperatorHelmChartContainer - [local-hivemq-5fcc877b5c] [hivemq] [9f39e88b]   JAVA_VERSION: 21
2025-01-29 13:56:48,282 INFO c.h.h.t.OperatorHelmChartContainer - [local-hivemq-5fcc877b5c] [hivemq] [9f39e88b] 
2025-01-29 13:56:48,282 INFO c.h.h.t.OperatorHelmChartContainer - [local-hivemq-5fcc877b5c] [hivemq] [9f39e88b] -------------------------------------------------------------------------
2025-01-29 13:56:48,282 INFO c.h.h.t.OperatorHelmChartContainer - [local-hivemq-5fcc877b5c] [hivemq] [9f39e88b] 
2025-01-29 13:56:48,659 INFO c.h.h.t.OperatorHelmChartContainer - [local-hivemq-5fcc877b5c] [hivemq] [9f39e88b] INFO  - Starting HiveMQ Enterprise Server
2025-01-29 13:56:48,676 INFO c.h.h.t.OperatorHelmChartContainer - [local-hivemq-5fcc877b5c] [hivemq] [9f39e88b] INFO  - HiveMQ version: 4.36.0
2025-01-29 13:56:48,676 INFO c.h.h.t.OperatorHelmChartContainer - [local-hivemq-5fcc877b5c] [hivemq] [9f39e88b] INFO  - HiveMQ home directory: /opt/hivemq
2025-01-29 13:56:48,676 INFO c.h.h.t.OperatorHelmChartContainer - [local-hivemq-5fcc877b5c] [hivemq] [9f39e88b] INFO  - Log Configuration was overridden by /opt/hivemq/conf/logback.xml
2025-01-29 13:56:49,275 INFO c.h.h.t.OperatorHelmChartContainer - [local-hivemq-5fcc877b5c] [hivemq] [9f39e88b] DEBUG - Adding TCP Listener on bind address 0.0.0.0 and port 1883. Name: tcp-listener-1883. Proxy Protocol supported: false
2025-01-29 13:56:49,278 INFO c.h.h.t.OperatorHelmChartContainer - [local-hivemq-5fcc877b5c] [hivemq] [9f39e88b] DEBUG - Setting retained messages enabled to true
2025-01-29 13:56:49,278 INFO c.h.h.t.OperatorHelmChartContainer - [local-hivemq-5fcc877b5c] [hivemq] [9f39e88b] DEBUG - Setting wildcard subscriptions enabled to true
2025-01-29 13:56:49,278 INFO c.h.h.t.OperatorHelmChartContainer - [local-hivemq-5fcc877b5c] [hivemq] [9f39e88b] DEBUG - Setting subscription identifier enabled to true
2025-01-29 13:56:49,278 INFO c.h.h.t.OperatorHelmChartContainer - [local-hivemq-5fcc877b5c] [hivemq] [9f39e88b] DEBUG - Setting shared subscriptions enabled to true
2025-01-29 13:56:49,278 INFO c.h.h.t.OperatorHelmChartContainer - [local-hivemq-5fcc877b5c] [hivemq] [9f39e88b] DEBUG - Setting maximum qos to EXACTLY_ONCE 
2025-01-29 13:56:49,278 INFO c.h.h.t.OperatorHelmChartContainer - [local-hivemq-5fcc877b5c] [hivemq] [9f39e88b] DEBUG - Setting topic alias enabled to true
2025-01-29 13:56:49,278 INFO c.h.h.t.OperatorHelmChartContainer - [local-hivemq-5fcc877b5c] [hivemq] [9f39e88b] DEBUG - Setting topic alias maximum per client to 5
2025-01-29 13:56:49,278 INFO c.h.h.t.OperatorHelmChartContainer - [local-hivemq-5fcc877b5c] [hivemq] [9f39e88b] DEBUG - Setting the number of max queued messages  per client to 1000 entries
2025-01-29 13:56:49,278 INFO c.h.h.t.OperatorHelmChartContainer - [local-hivemq-5fcc877b5c] [hivemq] [9f39e88b] DEBUG - Setting queued messages strategy for each client to DISCARD
2025-01-29 13:56:49,278 INFO c.h.h.t.OperatorHelmChartContainer - [local-hivemq-5fcc877b5c] [hivemq] [9f39e88b] DEBUG - Setting the expiry interval for client sessions to 4294967295 seconds
2025-01-29 13:56:49,279 INFO c.h.h.t.OperatorHelmChartContainer - [local-hivemq-5fcc877b5c] [hivemq] [9f39e88b] DEBUG - Setting the expiry interval for publish messages to 4294967296 seconds
2025-01-29 13:56:49,279 INFO c.h.h.t.OperatorHelmChartContainer - [local-hivemq-5fcc877b5c] [hivemq] [9f39e88b] DEBUG - Setting the server receive maximum to 10
2025-01-29 13:56:49,279 INFO c.h.h.t.OperatorHelmChartContainer - [local-hivemq-5fcc877b5c] [hivemq] [9f39e88b] DEBUG - Setting keep alive maximum to 65535 seconds
2025-01-29 13:56:49,286 INFO c.h.h.t.OperatorHelmChartContainer - [local-hivemq-5fcc877b5c] [hivemq] [9f39e88b] DEBUG - Setting keep alive allow zero to true
2025-01-29 13:56:49,286 INFO c.h.h.t.OperatorHelmChartContainer - [local-hivemq-5fcc877b5c] [hivemq] [9f39e88b] DEBUG - Setting the maximum packet size for mqtt messages 268435460 bytes
2025-01-29 13:56:49,286 INFO c.h.h.t.OperatorHelmChartContainer - [local-hivemq-5fcc877b5c] [hivemq] [9f39e88b] DEBUG - Setting global maximum allowed connections to -1
2025-01-29 13:56:49,286 INFO c.h.h.t.OperatorHelmChartContainer - [local-hivemq-5fcc877b5c] [hivemq] [9f39e88b] DEBUG - Setting the maximum client id length to 65535
2025-01-29 13:56:49,286 INFO c.h.h.t.OperatorHelmChartContainer - [local-hivemq-5fcc877b5c] [hivemq] [9f39e88b] DEBUG - Setting the timeout for disconnecting idle tcp connections before a connect message was received to 10000 milliseconds
2025-01-29 13:56:49,286 INFO c.h.h.t.OperatorHelmChartContainer - [local-hivemq-5fcc877b5c] [hivemq] [9f39e88b] DEBUG - Throttling the global incoming traffic limit 0 bytes/second
2025-01-29 13:56:49,286 INFO c.h.h.t.OperatorHelmChartContainer - [local-hivemq-5fcc877b5c] [hivemq] [9f39e88b] DEBUG - Setting the maximum topic length to 65535
2025-01-29 13:56:49,286 INFO c.h.h.t.OperatorHelmChartContainer - [local-hivemq-5fcc877b5c] [hivemq] [9f39e88b] DEBUG - Setting allow server assigned client identifier to true
2025-01-29 13:56:49,286 INFO c.h.h.t.OperatorHelmChartContainer - [local-hivemq-5fcc877b5c] [hivemq] [9f39e88b] DEBUG - Setting validate UTF-8 to true
2025-01-29 13:56:49,286 INFO c.h.h.t.OperatorHelmChartContainer - [local-hivemq-5fcc877b5c] [hivemq] [9f39e88b] DEBUG - Setting payload format validation to false
2025-01-29 13:56:49,286 INFO c.h.h.t.OperatorHelmChartContainer - [local-hivemq-5fcc877b5c] [hivemq] [9f39e88b] DEBUG - Setting allow-problem-information to true
2025-01-29 13:56:49,286 INFO c.h.h.t.OperatorHelmChartContainer - [local-hivemq-5fcc877b5c] [hivemq] [9f39e88b] DEBUG - Setting control-center audit log enabled to true
2025-01-29 13:56:49,286 INFO c.h.h.t.OperatorHelmChartContainer - [local-hivemq-5fcc877b5c] [hivemq] [9f39e88b] DEBUG - Setting rest-api audit log enabled to true
2025-01-29 13:56:49,286 INFO c.h.h.t.OperatorHelmChartContainer - [local-hivemq-5fcc877b5c] [hivemq] [9f39e88b] DEBUG - Setting HiveMQ Control Center enabled to true 
2025-01-29 13:56:49,286 INFO c.h.h.t.OperatorHelmChartContainer - [local-hivemq-5fcc877b5c] [hivemq] [9f39e88b] DEBUG - Setting HiveMQ Control Center default login enabled to true 
2025-01-29 13:56:49,286 INFO c.h.h.t.OperatorHelmChartContainer - [local-hivemq-5fcc877b5c] [hivemq] [9f39e88b] DEBUG - Setting HiveMQ Control Center session idle time to 14400 seconds
2025-01-29 13:56:49,286 INFO c.h.h.t.OperatorHelmChartContainer - [local-hivemq-5fcc877b5c] [hivemq] [9f39e88b] DEBUG - Adding Http-Listener to HiveMQ Control Center Config
2025-01-29 13:56:49,286 INFO c.h.h.t.OperatorHelmChartContainer - [local-hivemq-5fcc877b5c] [hivemq] [9f39e88b] DEBUG - Set TLS to disabled for cluster TCP transport
2025-01-29 13:56:49,286 INFO c.h.h.t.OperatorHelmChartContainer - [local-hivemq-5fcc877b5c] [hivemq] [9f39e88b] DEBUG - Setting replica count to 2 
2025-01-29 13:56:49,287 INFO c.h.h.t.OperatorHelmChartContainer - [local-hivemq-5fcc877b5c] [hivemq] [9f39e88b] DEBUG - Setting cluster TCP health-check enabled
2025-01-29 13:56:49,287 INFO c.h.h.t.OperatorHelmChartContainer - [local-hivemq-5fcc877b5c] [hivemq] [9f39e88b] DEBUG - Setting cluster TCP health-check bind-address to 10.42.0.8
2025-01-29 13:56:49,287 INFO c.h.h.t.OperatorHelmChartContainer - [local-hivemq-5fcc877b5c] [hivemq] [9f39e88b] DEBUG - Setting cluster TCP health-check bind-address to 9000
2025-01-29 13:56:49,287 INFO c.h.h.t.OperatorHelmChartContainer - [local-hivemq-5fcc877b5c] [hivemq] [9f39e88b] DEBUG - Setting cluster TCP health-check bind-port to 9000
2025-01-29 13:56:49,287 INFO c.h.h.t.OperatorHelmChartContainer - [local-hivemq-5fcc877b5c] [hivemq] [9f39e88b] DEBUG - Setting cluster TCP health-check external-address to default
2025-01-29 13:56:49,287 INFO c.h.h.t.OperatorHelmChartContainer - [local-hivemq-5fcc877b5c] [hivemq] [9f39e88b] DEBUG - Setting cluster TCP health-check external-port to 0
2025-01-29 13:56:49,287 INFO c.h.h.t.OperatorHelmChartContainer - [local-hivemq-5fcc877b5c] [hivemq] [9f39e88b] DEBUG - Setting cluster heartbeat enabled
2025-01-29 13:56:49,287 INFO c.h.h.t.OperatorHelmChartContainer - [local-hivemq-5fcc877b5c] [hivemq] [9f39e88b] DEBUG - Setting cluster heartbeat interval to 4000 ms
2025-01-29 13:56:49,287 INFO c.h.h.t.OperatorHelmChartContainer - [local-hivemq-5fcc877b5c] [hivemq] [9f39e88b] DEBUG - Setting the cluster heartbeat timeout to 30000 ms
2025-01-29 13:56:49,287 INFO c.h.h.t.OperatorHelmChartContainer - [local-hivemq-5fcc877b5c] [hivemq] [9f39e88b] DEBUG - Setting HiveMQ REST API enabled to false 
2025-01-29 13:56:49,287 INFO c.h.h.t.OperatorHelmChartContainer - [local-hivemq-5fcc877b5c] [hivemq] [9f39e88b] DEBUG - Setting HiveMQ REST API authentication enabled to false 
2025-01-29 13:56:49,290 INFO c.h.h.t.OperatorHelmChartContainer - [local-hivemq-5fcc877b5c] [hivemq] [9f39e88b] DEBUG - Setting HiveMQ Health API enabled to false 
2025-01-29 13:56:49,291 INFO c.h.h.t.OperatorHelmChartContainer - [local-hivemq-5fcc877b5c] [hivemq] [9f39e88b] DEBUG - Setting client event history enabled to false
2025-01-29 13:56:49,291 INFO c.h.h.t.OperatorHelmChartContainer - [local-hivemq-5fcc877b5c] [hivemq] [9f39e88b] DEBUG - Setting client event history lifetime to 604800000 ms
2025-01-29 13:56:49,291 INFO c.h.h.t.OperatorHelmChartContainer - [local-hivemq-5fcc877b5c] [hivemq] [9f39e88b] DEBUG - Setting overload protection enabled to true 
2025-01-29 13:56:49,291 INFO c.h.h.t.OperatorHelmChartContainer - [local-hivemq-5fcc877b5c] [hivemq] [9f39e88b] DEBUG - Setting anonymous usage statistics enabled to false 
2025-01-29 13:56:49,291 INFO c.h.h.t.OperatorHelmChartContainer - [local-hivemq-5fcc877b5c] [hivemq] [9f39e88b] DEBUG - Setting expired messages topic enabled to false
2025-01-29 13:56:49,291 INFO c.h.h.t.OperatorHelmChartContainer - [local-hivemq-5fcc877b5c] [hivemq] [9f39e88b] DEBUG - Setting dropped messages topic enabled to false
2025-01-29 13:56:49,291 INFO c.h.h.t.OperatorHelmChartContainer - [local-hivemq-5fcc877b5c] [hivemq] [9f39e88b] DEBUG - Setting dead messages topic enabled to false
2025-01-29 13:56:49,291 INFO c.h.h.t.OperatorHelmChartContainer - [local-hivemq-5fcc877b5c] [hivemq] [9f39e88b] INFO  - Successfully loaded configuration from '/opt/hivemq/conf/config.xml'.
2025-01-29 13:56:49,476 INFO c.h.h.t.OperatorHelmChartContainer - [local-hivemq-5fcc877b5c] [hivemq] [9f39e88b] DEBUG - Performing sanity checks.
2025-01-29 13:56:49,486 INFO c.h.h.t.OperatorHelmChartContainer - [local-hivemq-5fcc877b5c] [hivemq] [9f39e88b] DEBUG - Soft limit for open files (1048576) satisfies the recommended limit (1000000).
2025-01-29 13:56:49,491 INFO c.h.h.t.OperatorHelmChartContainer - [local-hivemq-5fcc877b5c] [hivemq] [9f39e88b] DEBUG - Hard limit for open files (1048576) satisfies the recommended limit (1000000).
2025-01-29 13:56:49,494 INFO c.h.h.t.OperatorHelmChartContainer - [local-hivemq-5fcc877b5c] [hivemq] [9f39e88b] DEBUG - HiveMQ license directory (/opt/hivemq/license) satisfies all required file-system permissions.
2025-01-29 13:56:49,494 INFO c.h.h.t.OperatorHelmChartContainer - [local-hivemq-5fcc877b5c] [hivemq] [9f39e88b] DEBUG - HiveMQ data directory (/opt/hivemq/data) satisfies all required file-system permissions.
2025-01-29 13:56:49,495 INFO c.h.h.t.OperatorHelmChartContainer - [local-hivemq-5fcc877b5c] [hivemq] [9f39e88b] DEBUG - HiveMQ log directory (/opt/hivemq/log) satisfies all required file-system permissions.
2025-01-29 13:56:49,495 INFO c.h.h.t.OperatorHelmChartContainer - [local-hivemq-5fcc877b5c] [hivemq] [9f39e88b] DEBUG - HiveMQ backup directory (/opt/hivemq/backup) satisfies all required file-system permissions.
2025-01-29 13:56:49,495 INFO c.h.h.t.OperatorHelmChartContainer - [local-hivemq-5fcc877b5c] [hivemq] [9f39e88b] DEBUG - HiveMQ audit directory (/opt/hivemq/audit) satisfies all required file-system permissions.
2025-01-29 13:56:49,495 INFO c.h.h.t.OperatorHelmChartContainer - [local-hivemq-5fcc877b5c] [hivemq] [9f39e88b] DEBUG - HiveMQ extensions directory (/opt/hivemq/extensions) satisfies all required file-system permissions.
2025-01-29 13:56:49,495 INFO c.h.h.t.OperatorHelmChartContainer - [local-hivemq-5fcc877b5c] [hivemq] [9f39e88b] DEBUG - Extension directory hivemq-allow-all-extension (/opt/hivemq/extensions/hivemq-allow-all-extension) satisfies all required file-system permissions.
2025-01-29 13:56:49,495 INFO c.h.h.t.OperatorHelmChartContainer - [local-hivemq-5fcc877b5c] [hivemq] [9f39e88b] DEBUG - Extension directory hivemq-enterprise-security-extension (/opt/hivemq/extensions/hivemq-enterprise-security-extension) satisfies all required file-system permissions.
2025-01-29 13:56:49,495 INFO c.h.h.t.OperatorHelmChartContainer - [local-hivemq-5fcc877b5c] [hivemq] [9f39e88b] DEBUG - Extension directory hivemq-prometheus-extension (/opt/hivemq/extensions/hivemq-prometheus-extension) satisfies all required file-system permissions.
2025-01-29 13:56:49,495 INFO c.h.h.t.OperatorHelmChartContainer - [local-hivemq-5fcc877b5c] [hivemq] [9f39e88b] DEBUG - Extension directory hivemq-k8s-sync-extension (/opt/hivemq/extensions/hivemq-k8s-sync-extension) satisfies all required file-system permissions.
2025-01-29 13:56:49,495 INFO c.h.h.t.OperatorHelmChartContainer - [local-hivemq-5fcc877b5c] [hivemq] [9f39e88b] DEBUG - Extension directory hivemq-dns-cluster-discovery (/opt/hivemq/extensions/hivemq-dns-cluster-discovery) satisfies all required file-system permissions.
2025-01-29 13:56:49,495 INFO c.h.h.t.OperatorHelmChartContainer - [local-hivemq-5fcc877b5c] [hivemq] [9f39e88b] DEBUG - Extension directory hivemq-google-cloud-pubsub-extension (/opt/hivemq/extensions/hivemq-google-cloud-pubsub-extension) satisfies all required file-system permissions.
2025-01-29 13:56:49,495 INFO c.h.h.t.OperatorHelmChartContainer - [local-hivemq-5fcc877b5c] [hivemq] [9f39e88b] DEBUG - Extension directory hivemq-snowflake-extension (/opt/hivemq/extensions/hivemq-snowflake-extension) satisfies all required file-system permissions.
2025-01-29 13:56:49,495 INFO c.h.h.t.OperatorHelmChartContainer - [local-hivemq-5fcc877b5c] [hivemq] [9f39e88b] DEBUG - Extension directory hivemq-postgresql-extension (/opt/hivemq/extensions/hivemq-postgresql-extension) satisfies all required file-system permissions.
2025-01-29 13:56:49,495 INFO c.h.h.t.OperatorHelmChartContainer - [local-hivemq-5fcc877b5c] [hivemq] [9f39e88b] DEBUG - Extension directory hivemq-mysql-extension (/opt/hivemq/extensions/hivemq-mysql-extension) satisfies all required file-system permissions.
2025-01-29 13:56:49,495 INFO c.h.h.t.OperatorHelmChartContainer - [local-hivemq-5fcc877b5c] [hivemq] [9f39e88b] DEBUG - Extension directory hivemq-bridge-extension (/opt/hivemq/extensions/hivemq-bridge-extension) satisfies all required file-system permissions.
2025-01-29 13:56:49,495 INFO c.h.h.t.OperatorHelmChartContainer - [local-hivemq-5fcc877b5c] [hivemq] [9f39e88b] DEBUG - Extension directory hivemq-kafka-extension (/opt/hivemq/extensions/hivemq-kafka-extension) satisfies all required file-system permissions.
2025-01-29 13:56:49,495 INFO c.h.h.t.OperatorHelmChartContainer - [local-hivemq-5fcc877b5c] [hivemq] [9f39e88b] DEBUG - Extension directory hivemq-distributed-tracing-extension (/opt/hivemq/extensions/hivemq-distributed-tracing-extension) satisfies all required file-system permissions.
2025-01-29 13:56:49,495 INFO c.h.h.t.OperatorHelmChartContainer - [local-hivemq-5fcc877b5c] [hivemq] [9f39e88b] DEBUG - Extension directory hivemq-mongodb-extension (/opt/hivemq/extensions/hivemq-mongodb-extension) satisfies all required file-system permissions.
2025-01-29 13:56:49,495 INFO c.h.h.t.OperatorHelmChartContainer - [local-hivemq-5fcc877b5c] [hivemq] [9f39e88b] DEBUG - Extension directory hivemq-data-lake-extension (/opt/hivemq/extensions/hivemq-data-lake-extension) satisfies all required file-system permissions.
2025-01-29 13:56:49,495 INFO c.h.h.t.OperatorHelmChartContainer - [local-hivemq-5fcc877b5c] [hivemq] [9f39e88b] DEBUG - Extension directory hivemq-amazon-kinesis-extension (/opt/hivemq/extensions/hivemq-amazon-kinesis-extension) satisfies all required file-system permissions.
2025-01-29 13:56:49,495 INFO c.h.h.t.OperatorHelmChartContainer - [local-hivemq-5fcc877b5c] [hivemq] [9f39e88b] DEBUG - Extension directory hivemq-microsoft-sql-server-extension (/opt/hivemq/extensions/hivemq-microsoft-sql-server-extension) satisfies all required file-system permissions.
2025-01-29 13:56:49,495 INFO c.h.h.t.OperatorHelmChartContainer - [local-hivemq-5fcc877b5c] [hivemq] [9f39e88b] DEBUG - Temporary directory (/tmp) satisfies all required file-system permissions.
2025-01-29 13:56:49,496 INFO c.h.h.t.OperatorHelmChartContainer - [local-hivemq-5fcc877b5c] [hivemq] [9f39e88b] DEBUG - Heap dump directory (/opt/hivemq/dumps) satisfies all required file-system permissions.
2025-01-29 13:56:49,496 INFO c.h.h.t.OperatorHelmChartContainer - [local-hivemq-5fcc877b5c] [hivemq] [9f39e88b] DEBUG - Performed all sanity checks in 15ms. All sanity checks passed successfully.
2025-01-29 13:56:49,496 INFO c.h.h.t.OperatorHelmChartContainer - [local-hivemq-5fcc877b5c] [hivemq] [9f39e88b] INFO  - This node's ID is SihkC
2025-01-29 13:56:49,496 INFO c.h.h.t.OperatorHelmChartContainer - [local-hivemq-5fcc877b5c] [hivemq] [9f39e88b] INFO  - Clustering is enabled
2025-01-29 13:56:50,372 INFO c.h.h.t.OperatorHelmChartContainer - [local-hivemq-5fcc877b5c] [hivemq] [9f39e88b] DEBUG - Configured WriteBufferManager with size for memtables 311023370 and for the block cache 466535055
2025-01-29 13:56:50,373 INFO c.h.h.t.OperatorHelmChartContainer - [local-hivemq-5fcc877b5c] [hivemq] [9f39e88b] DEBUG - Starting RocksDBMemoryUsageWatchdog.
2025-01-29 13:56:50,374 INFO c.h.h.t.OperatorHelmChartContainer - [local-hivemq-5fcc877b5c] [hivemq] [9f39e88b] DEBUG - RocksDBMemoryUsageWatchdog is running.
2025-01-29 13:56:50,408 INFO c.h.h.t.OperatorHelmChartContainer - [local-hivemq-5fcc877b5c] [hivemq] [9f39e88b] DEBUG - Folder /opt/hivemq/data/persistence does not exist, trying to create it
2025-01-29 13:56:50,408 INFO c.h.h.t.OperatorHelmChartContainer - [local-hivemq-5fcc877b5c] [hivemq] [9f39e88b] DEBUG - Created folder /opt/hivemq/data
2025-01-29 13:56:50,408 INFO c.h.h.t.OperatorHelmChartContainer - [local-hivemq-5fcc877b5c] [hivemq] [9f39e88b] DEBUG - Folder /opt/hivemq/data/persistence/publish_payload_store/040500_R does not exist, trying to create it
2025-01-29 13:56:50,460 INFO c.h.h.t.OperatorHelmChartContainer - [local-hivemq-5fcc877b5c] [hivemq] [9f39e88b] DEBUG - Folder /opt/hivemq/data/persistence/client_queue/042800_R does not exist, trying to create it
2025-01-29 13:56:50,473 INFO c.h.h.t.OperatorHelmChartContainer - [local-hivemq-5fcc877b5c] [hivemq] [9f39e88b] DEBUG - Folder /opt/hivemq/data/persistence/client_session_store/040100_R does not exist, trying to create it
2025-01-29 13:56:50,478 INFO c.h.h.t.OperatorHelmChartContainer - [local-hivemq-5fcc877b5c] [hivemq] [9f39e88b] DEBUG - Folder /opt/hivemq/data/persistence/client_session_subscriptions/043200_R does not exist, trying to create it
2025-01-29 13:56:50,480 INFO c.h.h.t.OperatorHelmChartContainer - [local-hivemq-5fcc877b5c] [hivemq] [9f39e88b] DEBUG - Folder /opt/hivemq/data/persistence/retained_messages/040800_R does not exist, trying to create it
2025-01-29 13:56:50,482 INFO c.h.h.t.OperatorHelmChartContainer - [local-hivemq-5fcc877b5c] [hivemq] [9f39e88b] DEBUG - Folder /opt/hivemq/data/persistence/attribute/043100_R does not exist, trying to create it
2025-01-29 13:56:50,486 INFO c.h.h.t.OperatorHelmChartContainer - [local-hivemq-5fcc877b5c] [hivemq] [9f39e88b] DEBUG - Folder /opt/hivemq/data/persistence/incoming_message_flow/043000_R does not exist, trying to create it
2025-01-29 13:56:50,757 INFO c.h.h.t.OperatorHelmChartContainer - [local-hivemq-5fcc877b5c] [hivemq] [9f39e88b] DEBUG - Folder /opt/hivemq/data/persistence/data_hub_modules/043000_R does not exist, trying to create it
2025-01-29 13:56:50,757 INFO c.h.h.t.OperatorHelmChartContainer - [local-hivemq-5fcc877b5c] [hivemq] [9f39e88b] DEBUG - Folder /opt/hivemq/data/persistence/data_hub_schemas/042000_R does not exist, trying to create it
2025-01-29 13:56:50,757 INFO c.h.h.t.OperatorHelmChartContainer - [local-hivemq-5fcc877b5c] [hivemq] [9f39e88b] DEBUG - Folder /opt/hivemq/data/persistence/data_hub_scripts/042300_R does not exist, trying to create it
2025-01-29 13:56:50,758 INFO c.h.h.t.OperatorHelmChartContainer - [local-hivemq-5fcc877b5c] [hivemq] [9f39e88b] DEBUG - Folder /opt/hivemq/data/persistence/data_hub_policies/042000_R does not exist, trying to create it
2025-01-29 13:56:52,361 INFO c.h.h.t.OperatorHelmChartContainer - [local-hivemq-6f4d548d79] [hivemq] [97fafcfc] DEBUG - HiveMQ DNS Cluster Discovery Extension: Discovered new address '10.42.0.8'.
2025-01-29 13:56:53,457 INFO c.h.h.t.OperatorHelmChartContainer - [local-hivemq-5fcc877b5c] [hivemq] [9f39e88b] DEBUG - Diagnostic mode is disabled
2025-01-29 13:56:54,296 INFO c.h.h.t.OperatorHelmChartContainer - [EVENT] Warning [Unhealthy] Readiness probe failed: Log statement not present (yet)
 [default:local-hivemq-5fcc877b5c-2psvs]
2025-01-29 13:56:54,296 INFO c.h.h.t.OperatorHelmChartContainer - Received Unhealthy event for container hivemq in pod local-hivemq-5fcc877b5c-2psvs [9f39e88b-989d-48ff-9ecb-94649f1b44c6]
2025-01-29 13:56:56,278 INFO c.h.h.t.OperatorHelmChartContainer - [local-hivemq-5fcc877b5c] [hivemq] [9f39e88b] INFO  - No valid license file found. Using trial license, restricted to 25 connections.
2025-01-29 13:56:56,484 INFO c.h.h.t.OperatorHelmChartContainer - [local-hivemq-5fcc877b5c] [hivemq] [9f39e88b] DEBUG - Native Epoll is available on this platform
2025-01-29 13:56:56,500 INFO c.h.h.t.OperatorHelmChartContainer - [local-hivemq-5fcc877b5c] [hivemq] [9f39e88b] DEBUG - Set extension executor thread pool size to 1
2025-01-29 13:56:56,501 INFO c.h.h.t.OperatorHelmChartContainer - [local-hivemq-5fcc877b5c] [hivemq] [9f39e88b] DEBUG - Set extension executor thread pool keep-alive to 30 seconds
2025-01-29 13:56:56,503 INFO c.h.h.t.OperatorHelmChartContainer - [local-hivemq-5fcc877b5c] [hivemq] [9f39e88b] DEBUG - initializing RSA key
2025-01-29 13:56:57,755 INFO c.h.h.t.OperatorHelmChartContainer - [local-hivemq-5fcc877b5c] [hivemq] [9f39e88b] DEBUG - finished initializing RSA key in 1250ms
2025-01-29 13:56:58,380 INFO c.h.h.t.OperatorHelmChartContainer - [local-hivemq-5fcc877b5c] [hivemq] [9f39e88b] DEBUG - Unable to provide size and free metrics for disk /dev/sda: Could not find the corresponding FileStore (OSHI/Java).
2025-01-29 13:56:58,381 INFO c.h.h.t.OperatorHelmChartContainer - [local-hivemq-5fcc877b5c] [hivemq] [9f39e88b] DEBUG - Unable to provide size and free metrics for disk /dev/sdb: Could not find the corresponding FileStore (OSHI/Java).
2025-01-29 13:56:58,382 INFO c.h.h.t.OperatorHelmChartContainer - [local-hivemq-5fcc877b5c] [hivemq] [9f39e88b] DEBUG - Throttling incoming traffic to 0 B/s
2025-01-29 13:56:58,383 INFO c.h.h.t.OperatorHelmChartContainer - [local-hivemq-5fcc877b5c] [hivemq] [9f39e88b] DEBUG - Throttling outgoing traffic to 0 B/s
2025-01-29 13:56:58,480 INFO c.h.h.t.OperatorHelmChartContainer - [local-hivemq-5fcc877b5c] [hivemq] [9f39e88b] INFO  - No valid license file for Data Hub found. Using free license, restricted to 1 policy.
2025-01-29 13:56:58,487 INFO c.h.h.t.OperatorHelmChartContainer - [local-hivemq-5fcc877b5c] [hivemq] [9f39e88b] DEBUG - Building initial topic tree
2025-01-29 13:56:58,590 INFO c.h.h.t.OperatorHelmChartContainer - [local-hivemq-5fcc877b5c] [hivemq] [9f39e88b] DEBUG - Started JMX Metrics Reporting.
2025-01-29 13:56:58,661 INFO c.h.h.t.OperatorHelmChartContainer - [local-hivemq-5fcc877b5c] [hivemq] [9f39e88b] DEBUG - Registered JVM metrics with prefix com.hivemq.jvm.
2025-01-29 13:56:58,675 INFO c.h.h.t.OperatorHelmChartContainer - [local-hivemq-5fcc877b5c] [hivemq] [9f39e88b] DEBUG - Registered HiveMQ Health API metrics.
2025-01-29 13:56:59,052 INFO c.h.h.t.OperatorHelmChartContainer - [local-hivemq-5fcc877b5c] [hivemq] [9f39e88b] INFO  - Audit Logger started.
2025-01-29 13:56:59,191 INFO c.h.h.t.OperatorHelmChartContainer - [local-hivemq-5fcc877b5c] [hivemq] [9f39e88b] INFO  - This node uses '1' CPU cores.
2025-01-29 13:56:59,295 INFO c.h.h.t.OperatorHelmChartContainer - [EVENT] Warning [Unhealthy] Readiness probe failed: Log statement not present (yet)
 [default:local-hivemq-5fcc877b5c-2psvs]
2025-01-29 13:56:59,295 INFO c.h.h.t.OperatorHelmChartContainer - Received Unhealthy event for container hivemq in pod local-hivemq-5fcc877b5c-2psvs [9f39e88b-989d-48ff-9ecb-94649f1b44c6]
2025-01-29 13:56:59,653 INFO c.h.h.t.OperatorHelmChartContainer - [local-hivemq-5fcc877b5c] [hivemq] [9f39e88b] INFO  - Starting HiveMQ extension system.
2025-01-29 13:57:00,972 INFO c.h.h.t.OperatorHelmChartContainer - [local-hivemq-5fcc877b5c] [hivemq] [9f39e88b] INFO  - No license found for enterprise extension with name "HiveMQ Enterprise Security Extension". Entering extension trial mode. "HiveMQ Enterprise Security Extension" will be disabled in 5 hours.
2025-01-29 13:57:01,081 INFO c.h.h.t.OperatorHelmChartContainer - [local-hivemq-5fcc877b5c] [hivemq] [9f39e88b] INFO  - Starting extension with id "hivemq-dns-cluster-discovery" at /opt/hivemq/extensions/hivemq-dns-cluster-discovery
2025-01-29 13:57:01,173 INFO c.h.h.t.OperatorHelmChartContainer - [local-hivemq-5fcc877b5c] [hivemq] [9f39e88b] DEBUG - HiveMQ DNS Cluster Discovery Extension: No DNS server address was set in the configuration file or environment variable.
2025-01-29 13:57:01,182 INFO c.h.h.t.OperatorHelmChartContainer - [local-hivemq-5fcc877b5c] [hivemq] [9f39e88b] DEBUG - HiveMQ DNS Cluster Discovery Extension: No reload interval was set in the configuration file or environment variable. Defaulting to 30.
2025-01-29 13:57:01,379 INFO c.h.h.t.OperatorHelmChartContainer - [local-hivemq-5fcc877b5c] [hivemq] [9f39e88b] INFO  - Extension "DNS Cluster Discovery Extension" version 4.3.3 started successfully.
2025-01-29 13:57:01,379 INFO c.h.h.t.OperatorHelmChartContainer - [local-hivemq-5fcc877b5c] [hivemq] [9f39e88b] INFO  - Starting extension with id "hivemq-enterprise-security-extension" at /opt/hivemq/extensions/hivemq-enterprise-security-extension
2025-01-29 13:57:01,391 INFO c.h.h.t.OperatorHelmChartContainer - [local-hivemq-5fcc877b5c] [hivemq] [9f39e88b] INFO  - Using TCP cluster transport on address 10.42.0.8 and port 7000
2025-01-29 13:57:01,465 INFO c.h.h.t.OperatorHelmChartContainer - [local-hivemq-5fcc877b5c] [hivemq] [9f39e88b] INFO  - Using extension cluster discovery
2025-01-29 13:57:01,973 INFO c.h.h.t.OperatorHelmChartContainer - [local-hivemq-5fcc877b5c] [hivemq] [9f39e88b] DEBUG - HiveMQ DNS Cluster Discovery Extension: Discovered new address '10.42.0.7'.
2025-01-29 13:57:01,974 INFO c.h.h.t.OperatorHelmChartContainer - [local-hivemq-5fcc877b5c] [hivemq] [9f39e88b] DEBUG - HiveMQ DNS Cluster Discovery Extension: Discovered new address '10.42.0.8'.
2025-01-29 13:57:02,000 INFO c.h.h.t.OperatorHelmChartContainer - [local-hivemq-6f4d548d79] [hivemq] [97fafcfc] INFO  - Cluster nodes found by discovery: [tWHo8|1] (2) [tWHo8, SihkC].
2025-01-29 13:57:02,001 INFO c.h.h.t.OperatorHelmChartContainer - [local-hivemq-6f4d548d79] [hivemq] [97fafcfc] DEBUG - New node discovered: 'SihkC'
2025-01-29 13:57:02,001 INFO c.h.h.t.OperatorHelmChartContainer - [local-hivemq-6f4d548d79] [hivemq] [97fafcfc] DEBUG - State of node SihkC changed to UNKNOWN was null. Current cluster node states: {SihkC=UNKNOWN, tWHo8=RUNNING}
2025-01-29 13:57:02,086 INFO c.h.h.t.OperatorHelmChartContainer - [local-hivemq-5fcc877b5c] [hivemq] [9f39e88b] INFO  - Cluster nodes found by discovery: [tWHo8|1] (2) [tWHo8, SihkC].
2025-01-29 13:57:02,090 INFO c.h.h.t.OperatorHelmChartContainer - [local-hivemq-5fcc877b5c] [hivemq] [9f39e88b] DEBUG - New node discovered: 'tWHo8'
2025-01-29 13:57:02,091 INFO c.h.h.t.OperatorHelmChartContainer - [local-hivemq-5fcc877b5c] [hivemq] [9f39e88b] DEBUG - State of node tWHo8 changed to UNKNOWN was null. Current cluster node states: {tWHo8=UNKNOWN}
2025-01-29 13:57:02,153 INFO c.h.h.t.OperatorHelmChartContainer - [local-hivemq-5fcc877b5c] [hivemq] [9f39e88b] DEBUG - State of node SihkC changed to UNKNOWN was null. Current cluster node states: {SihkC=UNKNOWN, tWHo8=UNKNOWN}
2025-01-29 13:57:02,192 INFO c.h.h.t.OperatorHelmChartContainer - [local-hivemq-5fcc877b5c] [hivemq] [9f39e88b] WARN  - HiveMQ Enterprise Security Extension: Cannot load the configuration from '/opt/hivemq/extensions/hivemq-enterprise-security-extension/conf/config.xml' because of the following error: java.nio.file.NoSuchFileException: /opt/hivemq/extensions/hivemq-enterprise-security-extension/conf/config.xml
2025-01-29 13:57:02,193 INFO c.h.h.t.OperatorHelmChartContainer - [local-hivemq-5fcc877b5c] [hivemq] [9f39e88b] INFO  - Startup of extension with id "hivemq-enterprise-security-extension" was prevented by the extension itself, reason: Not able to start HiveMQ Enterprise Security Extension, reason: Cannot load the configuration from '/opt/hivemq/extensions/hivemq-enterprise-security-extension/conf/config.xml' because of the following error: java.nio.file.NoSuchFileException: /opt/hivemq/extensions/hivemq-enterprise-security-extension/conf/config.xml. Extension will be disabled.
2025-01-29 13:57:02,193 INFO c.h.h.t.OperatorHelmChartContainer - [local-hivemq-5fcc877b5c] [hivemq] [9f39e88b] INFO  - Starting extension with id "hivemq-k8s-sync-extension" at /opt/hivemq/extensions/hivemq-k8s-sync-extension
2025-01-29 13:57:02,278 INFO c.h.h.t.OperatorHelmChartContainer - [local-hivemq-5fcc877b5c] [hivemq] [9f39e88b] DEBUG - State of node tWHo8 changed to RUNNING was UNKNOWN. Current cluster node states: {SihkC=UNKNOWN, tWHo8=RUNNING}
2025-01-29 13:57:02,278 INFO c.h.h.t.OperatorHelmChartContainer - [local-hivemq-5fcc877b5c] [hivemq] [9f39e88b] INFO  - Cluster size = 1, members : [tWHo8].
2025-01-29 13:57:02,390 INFO c.h.h.t.OperatorHelmChartContainer - [local-hivemq-5fcc877b5c] [hivemq] [9f39e88b] DEBUG - Sending NOT_JOINED state request to tWHo8.
2025-01-29 13:57:02,475 INFO c.h.h.t.OperatorHelmChartContainer - [local-hivemq-5fcc877b5c] [hivemq] [9f39e88b] DEBUG - Using global cluster id '0OqrO' (1738158930063). Previous was '3pf1R' (1738159008471).
2025-01-29 13:57:02,476 INFO c.h.h.t.OperatorHelmChartContainer - [local-hivemq-6f4d548d79] [hivemq] [97fafcfc] DEBUG - State of node SihkC changed to NOT_JOINED was UNKNOWN. Current cluster node states: {SihkC=NOT_JOINED, tWHo8=RUNNING}
2025-01-29 13:57:02,477 INFO c.h.h.t.OperatorHelmChartContainer - [local-hivemq-6f4d548d79] [hivemq] [97fafcfc] DEBUG - Sending NOT_JOINED state notification for SihkC to all nodes.
2025-01-29 13:57:02,483 INFO c.h.h.t.OperatorHelmChartContainer - [local-hivemq-5fcc877b5c] [hivemq] [9f39e88b] DEBUG - State of node SihkC changed to NOT_JOINED was UNKNOWN. Current cluster node states: {SihkC=NOT_JOINED, tWHo8=RUNNING}
2025-01-29 13:57:02,557 INFO c.h.h.t.OperatorHelmChartContainer - [local-hivemq-5fcc877b5c] [hivemq] [9f39e88b] DEBUG - Could not get configMap modification timestamp for source /hivemq-data/extensions/..data, likely no ConfigMap mounted
2025-01-29 13:57:02,558 INFO c.h.h.t.OperatorHelmChartContainer - [local-hivemq-5fcc877b5c] [hivemq] [9f39e88b] DEBUG - Could not get configMap modification timestamp for source /hivemq-data/conf/..data, likely no ConfigMap mounted
2025-01-29 13:57:02,558 INFO c.h.h.t.OperatorHelmChartContainer - [local-hivemq-5fcc877b5c] [hivemq] [9f39e88b] DEBUG - Could not get configMap modification timestamp for source /hivemq-data/bin/..data, likely no ConfigMap mounted
2025-01-29 13:57:02,576 INFO c.h.h.t.OperatorHelmChartContainer - [local-hivemq-5fcc877b5c] [hivemq] [9f39e88b] INFO  - Started HiveMQ Kubernetes State Synchronization Extension:1.0.3
2025-01-29 13:57:02,578 INFO c.h.h.t.OperatorHelmChartContainer - [local-hivemq-5fcc877b5c] [hivemq] [9f39e88b] INFO  - Extension "HiveMQ Kubernetes State Synchronization Extension" version 1.0.3 started successfully.
2025-01-29 13:57:02,578 INFO c.h.h.t.OperatorHelmChartContainer - [local-hivemq-5fcc877b5c] [hivemq] [9f39e88b] INFO  - Starting extension with id "hivemq-allow-all-extension" at /opt/hivemq/extensions/hivemq-allow-all-extension
2025-01-29 13:57:02,578 INFO c.h.h.t.OperatorHelmChartContainer - [local-hivemq-5fcc877b5c] [hivemq] [9f39e88b] WARN  - 
2025-01-29 13:57:02,578 INFO c.h.h.t.OperatorHelmChartContainer - [local-hivemq-5fcc877b5c] [hivemq] [9f39e88b] ################################################################################################################
2025-01-29 13:57:02,578 INFO c.h.h.t.OperatorHelmChartContainer - [local-hivemq-5fcc877b5c] [hivemq] [9f39e88b] # This HiveMQ deployment is not secure! You are lacking Authentication and Authorization.                      #
2025-01-29 13:57:02,578 INFO c.h.h.t.OperatorHelmChartContainer - [local-hivemq-5fcc877b5c] [hivemq] [9f39e88b] # Right now any MQTT client can connect to the broker with a full set of permissions.                          #
2025-01-29 13:57:02,578 INFO c.h.h.t.OperatorHelmChartContainer - [local-hivemq-5fcc877b5c] [hivemq] [9f39e88b] # For production usage, add an appropriate security extension and remove the hivemq-allow-all extension.       #
2025-01-29 13:57:02,578 INFO c.h.h.t.OperatorHelmChartContainer - [local-hivemq-5fcc877b5c] [hivemq] [9f39e88b] # You can download security extensions from the HiveMQ Marketplace (https://www.hivemq.com/extensions/).       #
2025-01-29 13:57:02,578 INFO c.h.h.t.OperatorHelmChartContainer - [local-hivemq-5fcc877b5c] [hivemq] [9f39e88b] ################################################################################################################
2025-01-29 13:57:02,578 INFO c.h.h.t.OperatorHelmChartContainer - [local-hivemq-5fcc877b5c] [hivemq] [9f39e88b] DEBUG - Simple authenticator added by extension 'hivemq-allow-all-extension'.
2025-01-29 13:57:02,578 INFO c.h.h.t.OperatorHelmChartContainer - [local-hivemq-5fcc877b5c] [hivemq] [9f39e88b] INFO  - Extension "Allow All Extension" version 1.1.1 started successfully.
2025-01-29 13:57:02,581 INFO c.h.h.t.OperatorHelmChartContainer - [local-hivemq-5fcc877b5c] [hivemq] [9f39e88b] DEBUG - Sending JOINING state request to tWHo8.
2025-01-29 13:57:02,652 INFO c.h.h.t.OperatorHelmChartContainer - [local-hivemq-6f4d548d79] [hivemq] [97fafcfc] DEBUG - Allowing JOIN request for node SihkC.
2025-01-29 13:57:02,656 INFO c.h.h.t.OperatorHelmChartContainer - [local-hivemq-6f4d548d79] [hivemq] [97fafcfc] DEBUG - State of node SihkC changed to JOINING was NOT_JOINED. Current cluster node states: {SihkC=JOINING, tWHo8=RUNNING}
2025-01-29 13:57:02,671 INFO c.h.h.t.OperatorHelmChartContainer - [local-hivemq-6f4d548d79] [hivemq] [97fafcfc] DEBUG - Sending JOINING state notification for SihkC to all nodes.
2025-01-29 13:57:02,756 INFO c.h.h.t.OperatorHelmChartContainer - [local-hivemq-5fcc877b5c] [hivemq] [9f39e88b] DEBUG - State of node SihkC changed to JOINING was NOT_JOINED. Current cluster node states: {SihkC=JOINING, tWHo8=RUNNING}
2025-01-29 13:57:02,768 INFO c.h.h.t.OperatorHelmChartContainer - [local-hivemq-5fcc877b5c] [hivemq] [9f39e88b] INFO  - Starting cluster join process. This may take a while. Please do not shut down HiveMQ.
2025-01-29 13:57:02,771 INFO c.h.h.t.OperatorHelmChartContainer - [local-hivemq-5fcc877b5c] [hivemq] [9f39e88b] DEBUG - Join started. Disabling WAL: true
2025-01-29 13:57:02,771 INFO c.h.h.t.OperatorHelmChartContainer - [local-hivemq-5fcc877b5c] [hivemq] [9f39e88b] DEBUG - Replicating data from nodes [tWHo8].
2025-01-29 13:57:02,771 INFO c.h.h.t.OperatorHelmChartContainer - [local-hivemq-5fcc877b5c] [hivemq] [9f39e88b] INFO  - Cluster join process is still ongoing. Please do not shut down HiveMQ.
2025-01-29 13:57:02,852 INFO c.h.h.t.OperatorHelmChartContainer - [local-hivemq-6f4d548d79] [hivemq] [97fafcfc] DEBUG - Received replication finished request from SihkC. Response is false.
2025-01-29 13:57:03,056 INFO c.h.h.t.OperatorHelmChartContainer - [local-hivemq-6f4d548d79] [hivemq] [97fafcfc] DEBUG - Replication of data to nodes [SihkC] finished.
2025-01-29 13:57:03,771 INFO c.h.h.t.OperatorHelmChartContainer - [local-hivemq-6f4d548d79] [hivemq] [97fafcfc] DEBUG - Received replication finished request from SihkC. Response is true.
2025-01-29 13:57:03,772 INFO c.h.h.t.OperatorHelmChartContainer - [local-hivemq-5fcc877b5c] [hivemq] [9f39e88b] DEBUG - Replication of data from node tWHo8 finished.
2025-01-29 13:57:04,278 INFO c.h.h.t.OperatorHelmChartContainer - [EVENT] Warning [Unhealthy] Readiness probe failed: Cluster size not matched. Current: 1, expected: 1
 [default:local-hivemq-5fcc877b5c-2psvs]
2025-01-29 13:57:04,278 INFO c.h.h.t.OperatorHelmChartContainer - Received Unhealthy event for container hivemq in pod local-hivemq-5fcc877b5c-2psvs [9f39e88b-989d-48ff-9ecb-94649f1b44c6]
2025-01-29 13:57:04,566 INFO c.h.h.t.OperatorHelmChartContainer - [EVENT] Warning [Unhealthy] Liveness probe failed: dial tcp 10.42.0.8:1883: connect: connection refused [default:local-hivemq-5fcc877b5c-2psvs]
2025-01-29 13:57:04,566 INFO c.h.h.t.OperatorHelmChartContainer - Received Unhealthy event for container hivemq in pod local-hivemq-5fcc877b5c-2psvs [9f39e88b-989d-48ff-9ecb-94649f1b44c6]
2025-01-29 13:57:04,770 INFO c.h.h.t.OperatorHelmChartContainer - [local-hivemq-5fcc877b5c] [hivemq] [9f39e88b] DEBUG - Join finished. Flushing RocksDBs.
2025-01-29 13:57:04,770 INFO c.h.h.t.OperatorHelmChartContainer - [local-hivemq-5fcc877b5c] [hivemq] [9f39e88b] DEBUG - Flushing: /opt/hivemq/data/persistence/publish_payload_store/040500_R/publish_payload_store_2
2025-01-29 13:57:04,770 INFO c.h.h.t.OperatorHelmChartContainer - [local-hivemq-5fcc877b5c] [hivemq] [9f39e88b] DEBUG - Flushing: /opt/hivemq/data/persistence/publish_payload_store/040500_R/publish_payload_store_3
2025-01-29 13:57:04,771 INFO c.h.h.t.OperatorHelmChartContainer - [local-hivemq-5fcc877b5c] [hivemq] [9f39e88b] DEBUG - Flushing: /opt/hivemq/data/persistence/publish_payload_store/040500_R/publish_payload_store_0
2025-01-29 13:57:04,772 INFO c.h.h.t.OperatorHelmChartContainer - [local-hivemq-5fcc877b5c] [hivemq] [9f39e88b] DEBUG - Flushing: /opt/hivemq/data/persistence/publish_payload_store/040500_R/publish_payload_store_1
2025-01-29 13:57:04,772 INFO c.h.h.t.OperatorHelmChartContainer - [local-hivemq-5fcc877b5c] [hivemq] [9f39e88b] DEBUG - Flushing: /opt/hivemq/data/persistence/publish_payload_store/040500_R/publish_payload_store_5
2025-01-29 13:57:04,773 INFO c.h.h.t.OperatorHelmChartContainer - [local-hivemq-5fcc877b5c] [hivemq] [9f39e88b] DEBUG - Flushing: /opt/hivemq/data/persistence/publish_payload_store/040500_R/publish_payload_store_7
2025-01-29 13:57:04,773 INFO c.h.h.t.OperatorHelmChartContainer - [local-hivemq-5fcc877b5c] [hivemq] [9f39e88b] DEBUG - Flushing: /opt/hivemq/data/persistence/publish_payload_store/040500_R/publish_payload_store_4
2025-01-29 13:57:04,773 INFO c.h.h.t.OperatorHelmChartContainer - [local-hivemq-5fcc877b5c] [hivemq] [9f39e88b] DEBUG - Flushing: /opt/hivemq/data/persistence/publish_payload_store/040500_R/publish_payload_store_6
2025-01-29 13:57:04,773 INFO c.h.h.t.OperatorHelmChartContainer - [local-hivemq-5fcc877b5c] [hivemq] [9f39e88b] DEBUG - Flushing: /opt/hivemq/data/persistence/publish_payload_store/040500_R/publish_payload_store_9
2025-01-29 13:57:04,775 INFO c.h.h.t.OperatorHelmChartContainer - [local-hivemq-5fcc877b5c] [hivemq] [9f39e88b] DEBUG - Flushing: /opt/hivemq/data/persistence/publish_payload_store/040500_R/publish_payload_store_11
2025-01-29 13:57:04,775 INFO c.h.h.t.OperatorHelmChartContainer - [local-hivemq-5fcc877b5c] [hivemq] [9f39e88b] DEBUG - Flushing: /opt/hivemq/data/persistence/publish_payload_store/040500_R/publish_payload_store_8
2025-01-29 13:57:04,776 INFO c.h.h.t.OperatorHelmChartContainer - [local-hivemq-5fcc877b5c] [hivemq] [9f39e88b] DEBUG - Flushing: /opt/hivemq/data/persistence/publish_payload_store/040500_R/publish_payload_store_10
2025-01-29 13:57:04,776 INFO c.h.h.t.OperatorHelmChartContainer - [local-hivemq-5fcc877b5c] [hivemq] [9f39e88b] DEBUG - Flushing: /opt/hivemq/data/persistence/publish_payload_store/040500_R/publish_payload_store_12
2025-01-29 13:57:04,776 INFO c.h.h.t.OperatorHelmChartContainer - [local-hivemq-5fcc877b5c] [hivemq] [9f39e88b] DEBUG - Flushing: /opt/hivemq/data/persistence/publish_payload_store/040500_R/publish_payload_store_13
2025-01-29 13:57:04,776 INFO c.h.h.t.OperatorHelmChartContainer - [local-hivemq-5fcc877b5c] [hivemq] [9f39e88b] DEBUG - Flushing: /opt/hivemq/data/persistence/publish_payload_store/040500_R/publish_payload_store_14
2025-01-29 13:57:04,776 INFO c.h.h.t.OperatorHelmChartContainer - [local-hivemq-5fcc877b5c] [hivemq] [9f39e88b] DEBUG - Flushing: /opt/hivemq/data/persistence/publish_payload_store/040500_R/publish_payload_store_15
2025-01-29 13:57:04,776 INFO c.h.h.t.OperatorHelmChartContainer - [local-hivemq-5fcc877b5c] [hivemq] [9f39e88b] DEBUG - Flushing: /opt/hivemq/data/persistence/publish_payload_store/040500_R/publish_payload_store_16
2025-01-29 13:57:04,776 INFO c.h.h.t.OperatorHelmChartContainer - [local-hivemq-5fcc877b5c] [hivemq] [9f39e88b] DEBUG - Flushing: /opt/hivemq/data/persistence/publish_payload_store/040500_R/publish_payload_store_17
2025-01-29 13:57:04,776 INFO c.h.h.t.OperatorHelmChartContainer - [local-hivemq-5fcc877b5c] [hivemq] [9f39e88b] DEBUG - Flushing: /opt/hivemq/data/persistence/publish_payload_store/040500_R/publish_payload_store_19
2025-01-29 13:57:04,776 INFO c.h.h.t.OperatorHelmChartContainer - [local-hivemq-5fcc877b5c] [hivemq] [9f39e88b] DEBUG - Flushing: /opt/hivemq/data/persistence/publish_payload_store/040500_R/publish_payload_store_18
2025-01-29 13:57:04,776 INFO c.h.h.t.OperatorHelmChartContainer - [local-hivemq-5fcc877b5c] [hivemq] [9f39e88b] DEBUG - Flushing: /opt/hivemq/data/persistence/publish_payload_store/040500_R/publish_payload_store_22
2025-01-29 13:57:04,776 INFO c.h.h.t.OperatorHelmChartContainer - [local-hivemq-5fcc877b5c] [hivemq] [9f39e88b] DEBUG - Flushing: /opt/hivemq/data/persistence/publish_payload_store/040500_R/publish_payload_store_21
2025-01-29 13:57:04,776 INFO c.h.h.t.OperatorHelmChartContainer - [local-hivemq-5fcc877b5c] [hivemq] [9f39e88b] DEBUG - Flushing: /opt/hivemq/data/persistence/publish_payload_store/040500_R/publish_payload_store_20
2025-01-29 13:57:04,776 INFO c.h.h.t.OperatorHelmChartContainer - [local-hivemq-5fcc877b5c] [hivemq] [9f39e88b] DEBUG - Flushing: /opt/hivemq/data/persistence/publish_payload_store/040500_R/publish_payload_store_23
2025-01-29 13:57:04,776 INFO c.h.h.t.OperatorHelmChartContainer - [local-hivemq-5fcc877b5c] [hivemq] [9f39e88b] DEBUG - Flushing: /opt/hivemq/data/persistence/publish_payload_store/040500_R/publish_payload_store_24
2025-01-29 13:57:04,776 INFO c.h.h.t.OperatorHelmChartContainer - [local-hivemq-5fcc877b5c] [hivemq] [9f39e88b] DEBUG - Flushing: /opt/hivemq/data/persistence/publish_payload_store/040500_R/publish_payload_store_25
2025-01-29 13:57:04,776 INFO c.h.h.t.OperatorHelmChartContainer - [local-hivemq-5fcc877b5c] [hivemq] [9f39e88b] DEBUG - Flushing: /opt/hivemq/data/persistence/publish_payload_store/040500_R/publish_payload_store_26
2025-01-29 13:57:04,776 INFO c.h.h.t.OperatorHelmChartContainer - [local-hivemq-5fcc877b5c] [hivemq] [9f39e88b] DEBUG - Flushing: /opt/hivemq/data/persistence/publish_payload_store/040500_R/publish_payload_store_27
2025-01-29 13:57:04,777 INFO c.h.h.t.OperatorHelmChartContainer - [local-hivemq-5fcc877b5c] [hivemq] [9f39e88b] DEBUG - Flushing: /opt/hivemq/data/persistence/publish_payload_store/040500_R/publish_payload_store_28
2025-01-29 13:57:04,777 INFO c.h.h.t.OperatorHelmChartContainer - [local-hivemq-5fcc877b5c] [hivemq] [9f39e88b] DEBUG - Flushing: /opt/hivemq/data/persistence/publish_payload_store/040500_R/publish_payload_store_29
2025-01-29 13:57:04,777 INFO c.h.h.t.OperatorHelmChartContainer - [local-hivemq-5fcc877b5c] [hivemq] [9f39e88b] DEBUG - Flushing: /opt/hivemq/data/persistence/publish_payload_store/040500_R/publish_payload_store_31
2025-01-29 13:57:04,778 INFO c.h.h.t.OperatorHelmChartContainer - [local-hivemq-5fcc877b5c] [hivemq] [9f39e88b] DEBUG - Flushing: /opt/hivemq/data/persistence/publish_payload_store/040500_R/publish_payload_store_30
2025-01-29 13:57:04,778 INFO c.h.h.t.OperatorHelmChartContainer - [local-hivemq-5fcc877b5c] [hivemq] [9f39e88b] DEBUG - Flushing: /opt/hivemq/data/persistence/publish_payload_store/040500_R/publish_payload_store_32
2025-01-29 13:57:04,778 INFO c.h.h.t.OperatorHelmChartContainer - [local-hivemq-5fcc877b5c] [hivemq] [9f39e88b] DEBUG - Flushing: /opt/hivemq/data/persistence/publish_payload_store/040500_R/publish_payload_store_33
2025-01-29 13:57:04,778 INFO c.h.h.t.OperatorHelmChartContainer - [local-hivemq-5fcc877b5c] [hivemq] [9f39e88b] DEBUG - Flushing: /opt/hivemq/data/persistence/publish_payload_store/040500_R/publish_payload_store_34
2025-01-29 13:57:04,784 INFO c.h.h.t.OperatorHelmChartContainer - [local-hivemq-5fcc877b5c] [hivemq] [9f39e88b] DEBUG - Flushing: /opt/hivemq/data/persistence/publish_payload_store/040500_R/publish_payload_store_35
2025-01-29 13:57:04,784 INFO c.h.h.t.OperatorHelmChartContainer - [local-hivemq-5fcc877b5c] [hivemq] [9f39e88b] DEBUG - Flushing: /opt/hivemq/data/persistence/publish_payload_store/040500_R/publish_payload_store_36
2025-01-29 13:57:04,784 INFO c.h.h.t.OperatorHelmChartContainer - [local-hivemq-5fcc877b5c] [hivemq] [9f39e88b] DEBUG - Flushing: /opt/hivemq/data/persistence/publish_payload_store/040500_R/publish_payload_store_38
2025-01-29 13:57:04,784 INFO c.h.h.t.OperatorHelmChartContainer - [local-hivemq-5fcc877b5c] [hivemq] [9f39e88b] DEBUG - Flushing: /opt/hivemq/data/persistence/publish_payload_store/040500_R/publish_payload_store_37
2025-01-29 13:57:04,784 INFO c.h.h.t.OperatorHelmChartContainer - [local-hivemq-5fcc877b5c] [hivemq] [9f39e88b] DEBUG - Flushing: /opt/hivemq/data/persistence/publish_payload_store/040500_R/publish_payload_store_39
2025-01-29 13:57:04,784 INFO c.h.h.t.OperatorHelmChartContainer - [local-hivemq-5fcc877b5c] [hivemq] [9f39e88b] DEBUG - Flushing: /opt/hivemq/data/persistence/publish_payload_store/040500_R/publish_payload_store_40
2025-01-29 13:57:04,784 INFO c.h.h.t.OperatorHelmChartContainer - [local-hivemq-5fcc877b5c] [hivemq] [9f39e88b] DEBUG - Flushing: /opt/hivemq/data/persistence/publish_payload_store/040500_R/publish_payload_store_41
2025-01-29 13:57:04,784 INFO c.h.h.t.OperatorHelmChartContainer - [local-hivemq-5fcc877b5c] [hivemq] [9f39e88b] DEBUG - Flushing: /opt/hivemq/data/persistence/publish_payload_store/040500_R/publish_payload_store_42
2025-01-29 13:57:04,784 INFO c.h.h.t.OperatorHelmChartContainer - [local-hivemq-5fcc877b5c] [hivemq] [9f39e88b] DEBUG - Flushing: /opt/hivemq/data/persistence/publish_payload_store/040500_R/publish_payload_store_43
2025-01-29 13:57:04,784 INFO c.h.h.t.OperatorHelmChartContainer - [local-hivemq-5fcc877b5c] [hivemq] [9f39e88b] DEBUG - Flushing: /opt/hivemq/data/persistence/publish_payload_store/040500_R/publish_payload_store_44
2025-01-29 13:57:04,784 INFO c.h.h.t.OperatorHelmChartContainer - [local-hivemq-5fcc877b5c] [hivemq] [9f39e88b] DEBUG - Flushing: /opt/hivemq/data/persistence/publish_payload_store/040500_R/publish_payload_store_45
2025-01-29 13:57:04,784 INFO c.h.h.t.OperatorHelmChartContainer - [local-hivemq-5fcc877b5c] [hivemq] [9f39e88b] DEBUG - Flushing: /opt/hivemq/data/persistence/publish_payload_store/040500_R/publish_payload_store_46
2025-01-29 13:57:04,784 INFO c.h.h.t.OperatorHelmChartContainer - [local-hivemq-5fcc877b5c] [hivemq] [9f39e88b] DEBUG - Flushing: /opt/hivemq/data/persistence/publish_payload_store/040500_R/publish_payload_store_47
2025-01-29 13:57:04,784 INFO c.h.h.t.OperatorHelmChartContainer - [local-hivemq-5fcc877b5c] [hivemq] [9f39e88b] DEBUG - Flushing: /opt/hivemq/data/persistence/publish_payload_store/040500_R/publish_payload_store_48
2025-01-29 13:57:04,784 INFO c.h.h.t.OperatorHelmChartContainer - [local-hivemq-5fcc877b5c] [hivemq] [9f39e88b] DEBUG - Flushing: /opt/hivemq/data/persistence/publish_payload_store/040500_R/publish_payload_store_49
2025-01-29 13:57:04,784 INFO c.h.h.t.OperatorHelmChartContainer - [local-hivemq-5fcc877b5c] [hivemq] [9f39e88b] DEBUG - Flushing: /opt/hivemq/data/persistence/publish_payload_store/040500_R/publish_payload_store_50
2025-01-29 13:57:04,784 INFO c.h.h.t.OperatorHelmChartContainer - [local-hivemq-5fcc877b5c] [hivemq] [9f39e88b] DEBUG - Flushing: /opt/hivemq/data/persistence/publish_payload_store/040500_R/publish_payload_store_51
2025-01-29 13:57:04,784 INFO c.h.h.t.OperatorHelmChartContainer - [local-hivemq-5fcc877b5c] [hivemq] [9f39e88b] DEBUG - Flushing: /opt/hivemq/data/persistence/publish_payload_store/040500_R/publish_payload_store_53
2025-01-29 13:57:04,784 INFO c.h.h.t.OperatorHelmChartContainer - [local-hivemq-5fcc877b5c] [hivemq] [9f39e88b] DEBUG - Flushing: /opt/hivemq/data/persistence/publish_payload_store/040500_R/publish_payload_store_52
2025-01-29 13:57:04,784 INFO c.h.h.t.OperatorHelmChartContainer - [local-hivemq-5fcc877b5c] [hivemq] [9f39e88b] DEBUG - Flushing: /opt/hivemq/data/persistence/publish_payload_store/040500_R/publish_payload_store_54
2025-01-29 13:57:04,784 INFO c.h.h.t.OperatorHelmChartContainer - [local-hivemq-5fcc877b5c] [hivemq] [9f39e88b] DEBUG - Flushing: /opt/hivemq/data/persistence/publish_payload_store/040500_R/publish_payload_store_55
2025-01-29 13:57:04,784 INFO c.h.h.t.OperatorHelmChartContainer - [local-hivemq-5fcc877b5c] [hivemq] [9f39e88b] DEBUG - Flushing: /opt/hivemq/data/persistence/publish_payload_store/040500_R/publish_payload_store_56
2025-01-29 13:57:04,784 INFO c.h.h.t.OperatorHelmChartContainer - [local-hivemq-5fcc877b5c] [hivemq] [9f39e88b] DEBUG - Flushing: /opt/hivemq/data/persistence/publish_payload_store/040500_R/publish_payload_store_57
2025-01-29 13:57:04,784 INFO c.h.h.t.OperatorHelmChartContainer - [local-hivemq-5fcc877b5c] [hivemq] [9f39e88b] DEBUG - Flushing: /opt/hivemq/data/persistence/publish_payload_store/040500_R/publish_payload_store_58
2025-01-29 13:57:04,784 INFO c.h.h.t.OperatorHelmChartContainer - [local-hivemq-5fcc877b5c] [hivemq] [9f39e88b] DEBUG - Flushing: /opt/hivemq/data/persistence/publish_payload_store/040500_R/publish_payload_store_59
2025-01-29 13:57:04,784 INFO c.h.h.t.OperatorHelmChartContainer - [local-hivemq-5fcc877b5c] [hivemq] [9f39e88b] DEBUG - Flushing: /opt/hivemq/data/persistence/publish_payload_store/040500_R/publish_payload_store_60
2025-01-29 13:57:04,785 INFO c.h.h.t.OperatorHelmChartContainer - [local-hivemq-5fcc877b5c] [hivemq] [9f39e88b] DEBUG - Flushing: /opt/hivemq/data/persistence/publish_payload_store/040500_R/publish_payload_store_62
2025-01-29 13:57:04,785 INFO c.h.h.t.OperatorHelmChartContainer - [local-hivemq-5fcc877b5c] [hivemq] [9f39e88b] DEBUG - Flushing: /opt/hivemq/data/persistence/publish_payload_store/040500_R/publish_payload_store_61
2025-01-29 13:57:04,785 INFO c.h.h.t.OperatorHelmChartContainer - [local-hivemq-5fcc877b5c] [hivemq] [9f39e88b] DEBUG - Flushing: /opt/hivemq/data/persistence/publish_payload_store/040500_R/publish_payload_store_63
2025-01-29 13:57:04,785 INFO c.h.h.t.OperatorHelmChartContainer - [local-hivemq-5fcc877b5c] [hivemq] [9f39e88b] DEBUG - Flushing: /opt/hivemq/data/persistence/client_queue/042800_R/client_queue_0
2025-01-29 13:57:04,785 INFO c.h.h.t.OperatorHelmChartContainer - [local-hivemq-5fcc877b5c] [hivemq] [9f39e88b] DEBUG - Flushing: /opt/hivemq/data/persistence/client_queue/042800_R/client_queue_1
2025-01-29 13:57:04,785 INFO c.h.h.t.OperatorHelmChartContainer - [local-hivemq-5fcc877b5c] [hivemq] [9f39e88b] DEBUG - Flushing: /opt/hivemq/data/persistence/client_queue/042800_R/client_queue_3
2025-01-29 13:57:04,785 INFO c.h.h.t.OperatorHelmChartContainer - [local-hivemq-5fcc877b5c] [hivemq] [9f39e88b] DEBUG - Flushing: /opt/hivemq/data/persistence/client_queue/042800_R/client_queue_2
2025-01-29 13:57:04,785 INFO c.h.h.t.OperatorHelmChartContainer - [local-hivemq-5fcc877b5c] [hivemq] [9f39e88b] DEBUG - Flushing: /opt/hivemq/data/persistence/client_queue/042800_R/client_queue_4
2025-01-29 13:57:04,785 INFO c.h.h.t.OperatorHelmChartContainer - [local-hivemq-5fcc877b5c] [hivemq] [9f39e88b] DEBUG - Flushing: /opt/hivemq/data/persistence/client_queue/042800_R/client_queue_5
2025-01-29 13:57:04,785 INFO c.h.h.t.OperatorHelmChartContainer - [local-hivemq-5fcc877b5c] [hivemq] [9f39e88b] DEBUG - Flushing: /opt/hivemq/data/persistence/client_queue/042800_R/client_queue_7
2025-01-29 13:57:04,785 INFO c.h.h.t.OperatorHelmChartContainer - [local-hivemq-5fcc877b5c] [hivemq] [9f39e88b] DEBUG - Flushing: /opt/hivemq/data/persistence/client_queue/042800_R/client_queue_6
2025-01-29 13:57:04,785 INFO c.h.h.t.OperatorHelmChartContainer - [local-hivemq-5fcc877b5c] [hivemq] [9f39e88b] DEBUG - Flushing: /opt/hivemq/data/persistence/client_queue/042800_R/client_queue_8
2025-01-29 13:57:04,785 INFO c.h.h.t.OperatorHelmChartContainer - [local-hivemq-5fcc877b5c] [hivemq] [9f39e88b] DEBUG - Flushing: /opt/hivemq/data/persistence/client_queue/042800_R/client_queue_9
2025-01-29 13:57:04,785 INFO c.h.h.t.OperatorHelmChartContainer - [local-hivemq-5fcc877b5c] [hivemq] [9f39e88b] DEBUG - Flushing: /opt/hivemq/data/persistence/client_queue/042800_R/client_queue_10
2025-01-29 13:57:04,785 INFO c.h.h.t.OperatorHelmChartContainer - [local-hivemq-5fcc877b5c] [hivemq] [9f39e88b] DEBUG - Flushing: /opt/hivemq/data/persistence/client_queue/042800_R/client_queue_11
2025-01-29 13:57:04,785 INFO c.h.h.t.OperatorHelmChartContainer - [local-hivemq-5fcc877b5c] [hivemq] [9f39e88b] DEBUG - Flushing: /opt/hivemq/data/persistence/client_queue/042800_R/client_queue_12
2025-01-29 13:57:04,785 INFO c.h.h.t.OperatorHelmChartContainer - [local-hivemq-5fcc877b5c] [hivemq] [9f39e88b] DEBUG - Flushing: /opt/hivemq/data/persistence/client_queue/042800_R/client_queue_13
2025-01-29 13:57:04,785 INFO c.h.h.t.OperatorHelmChartContainer - [local-hivemq-5fcc877b5c] [hivemq] [9f39e88b] DEBUG - Flushing: /opt/hivemq/data/persistence/client_queue/042800_R/client_queue_14
2025-01-29 13:57:04,785 INFO c.h.h.t.OperatorHelmChartContainer - [local-hivemq-5fcc877b5c] [hivemq] [9f39e88b] DEBUG - Flushing: /opt/hivemq/data/persistence/client_queue/042800_R/client_queue_15
2025-01-29 13:57:04,785 INFO c.h.h.t.OperatorHelmChartContainer - [local-hivemq-5fcc877b5c] [hivemq] [9f39e88b] DEBUG - Flushing: /opt/hivemq/data/persistence/client_queue/042800_R/client_queue_17
2025-01-29 13:57:04,785 INFO c.h.h.t.OperatorHelmChartContainer - [local-hivemq-5fcc877b5c] [hivemq] [9f39e88b] DEBUG - Flushing: /opt/hivemq/data/persistence/client_queue/042800_R/client_queue_16
2025-01-29 13:57:04,785 INFO c.h.h.t.OperatorHelmChartContainer - [local-hivemq-5fcc877b5c] [hivemq] [9f39e88b] DEBUG - Flushing: /opt/hivemq/data/persistence/client_queue/042800_R/client_queue_18
2025-01-29 13:57:04,785 INFO c.h.h.t.OperatorHelmChartContainer - [local-hivemq-5fcc877b5c] [hivemq] [9f39e88b] DEBUG - Flushing: /opt/hivemq/data/persistence/client_queue/042800_R/client_queue_19
2025-01-29 13:57:04,785 INFO c.h.h.t.OperatorHelmChartContainer - [local-hivemq-5fcc877b5c] [hivemq] [9f39e88b] DEBUG - Flushing: /opt/hivemq/data/persistence/client_queue/042800_R/client_queue_20
2025-01-29 13:57:04,785 INFO c.h.h.t.OperatorHelmChartContainer - [local-hivemq-5fcc877b5c] [hivemq] [9f39e88b] DEBUG - Flushing: /opt/hivemq/data/persistence/client_queue/042800_R/client_queue_21
2025-01-29 13:57:04,785 INFO c.h.h.t.OperatorHelmChartContainer - [local-hivemq-5fcc877b5c] [hivemq] [9f39e88b] DEBUG - Flushing: /opt/hivemq/data/persistence/client_queue/042800_R/client_queue_22
2025-01-29 13:57:04,785 INFO c.h.h.t.OperatorHelmChartContainer - [local-hivemq-5fcc877b5c] [hivemq] [9f39e88b] DEBUG - Flushing: /opt/hivemq/data/persistence/client_queue/042800_R/client_queue_23
2025-01-29 13:57:04,785 INFO c.h.h.t.OperatorHelmChartContainer - [local-hivemq-5fcc877b5c] [hivemq] [9f39e88b] DEBUG - Flushing: /opt/hivemq/data/persistence/client_queue/042800_R/client_queue_24
2025-01-29 13:57:04,785 INFO c.h.h.t.OperatorHelmChartContainer - [local-hivemq-5fcc877b5c] [hivemq] [9f39e88b] DEBUG - Flushing: /opt/hivemq/data/persistence/client_queue/042800_R/client_queue_26
2025-01-29 13:57:04,786 INFO c.h.h.t.OperatorHelmChartContainer - [local-hivemq-5fcc877b5c] [hivemq] [9f39e88b] DEBUG - Flushing: /opt/hivemq/data/persistence/client_queue/042800_R/client_queue_25
2025-01-29 13:57:04,788 INFO c.h.h.t.OperatorHelmChartContainer - [local-hivemq-5fcc877b5c] [hivemq] [9f39e88b] DEBUG - Flushing: /opt/hivemq/data/persistence/client_queue/042800_R/client_queue_28
2025-01-29 13:57:04,789 INFO c.h.h.t.OperatorHelmChartContainer - [local-hivemq-5fcc877b5c] [hivemq] [9f39e88b] DEBUG - Flushing: /opt/hivemq/data/persistence/client_queue/042800_R/client_queue_27
2025-01-29 13:57:04,789 INFO c.h.h.t.OperatorHelmChartContainer - [local-hivemq-5fcc877b5c] [hivemq] [9f39e88b] DEBUG - Flushing: /opt/hivemq/data/persistence/client_queue/042800_R/client_queue_30
2025-01-29 13:57:04,789 INFO c.h.h.t.OperatorHelmChartContainer - [local-hivemq-5fcc877b5c] [hivemq] [9f39e88b] DEBUG - Flushing: /opt/hivemq/data/persistence/client_queue/042800_R/client_queue_29
2025-01-29 13:57:04,789 INFO c.h.h.t.OperatorHelmChartContainer - [local-hivemq-5fcc877b5c] [hivemq] [9f39e88b] DEBUG - Flushing: /opt/hivemq/data/persistence/client_queue/042800_R/client_queue_31
2025-01-29 13:57:04,789 INFO c.h.h.t.OperatorHelmChartContainer - [local-hivemq-5fcc877b5c] [hivemq] [9f39e88b] DEBUG - Flushing: /opt/hivemq/data/persistence/client_queue/042800_R/client_queue_32
2025-01-29 13:57:04,789 INFO c.h.h.t.OperatorHelmChartContainer - [local-hivemq-5fcc877b5c] [hivemq] [9f39e88b] DEBUG - Flushing: /opt/hivemq/data/persistence/client_queue/042800_R/client_queue_34
2025-01-29 13:57:04,789 INFO c.h.h.t.OperatorHelmChartContainer - [local-hivemq-5fcc877b5c] [hivemq] [9f39e88b] DEBUG - Flushing: /opt/hivemq/data/persistence/client_queue/042800_R/client_queue_36
2025-01-29 13:57:04,789 INFO c.h.h.t.OperatorHelmChartContainer - [local-hivemq-5fcc877b5c] [hivemq] [9f39e88b] DEBUG - Flushing: /opt/hivemq/data/persistence/client_queue/042800_R/client_queue_35
2025-01-29 13:57:04,789 INFO c.h.h.t.OperatorHelmChartContainer - [local-hivemq-5fcc877b5c] [hivemq] [9f39e88b] DEBUG - Flushing: /opt/hivemq/data/persistence/client_queue/042800_R/client_queue_33
2025-01-29 13:57:04,789 INFO c.h.h.t.OperatorHelmChartContainer - [local-hivemq-5fcc877b5c] [hivemq] [9f39e88b] DEBUG - Flushing: /opt/hivemq/data/persistence/client_queue/042800_R/client_queue_37
2025-01-29 13:57:04,789 INFO c.h.h.t.OperatorHelmChartContainer - [local-hivemq-5fcc877b5c] [hivemq] [9f39e88b] DEBUG - Flushing: /opt/hivemq/data/persistence/client_queue/042800_R/client_queue_38
2025-01-29 13:57:04,789 INFO c.h.h.t.OperatorHelmChartContainer - [local-hivemq-5fcc877b5c] [hivemq] [9f39e88b] DEBUG - Flushing: /opt/hivemq/data/persistence/client_queue/042800_R/client_queue_40
2025-01-29 13:57:04,789 INFO c.h.h.t.OperatorHelmChartContainer - [local-hivemq-5fcc877b5c] [hivemq] [9f39e88b] DEBUG - Flushing: /opt/hivemq/data/persistence/client_queue/042800_R/client_queue_39
2025-01-29 13:57:04,789 INFO c.h.h.t.OperatorHelmChartContainer - [local-hivemq-5fcc877b5c] [hivemq] [9f39e88b] DEBUG - Flushing: /opt/hivemq/data/persistence/client_queue/042800_R/client_queue_42
2025-01-29 13:57:04,789 INFO c.h.h.t.OperatorHelmChartContainer - [local-hivemq-5fcc877b5c] [hivemq] [9f39e88b] DEBUG - Flushing: /opt/hivemq/data/persistence/client_queue/042800_R/client_queue_41
2025-01-29 13:57:04,789 INFO c.h.h.t.OperatorHelmChartContainer - [local-hivemq-5fcc877b5c] [hivemq] [9f39e88b] DEBUG - Flushing: /opt/hivemq/data/persistence/client_queue/042800_R/client_queue_44
2025-01-29 13:57:04,789 INFO c.h.h.t.OperatorHelmChartContainer - [local-hivemq-5fcc877b5c] [hivemq] [9f39e88b] DEBUG - Flushing: /opt/hivemq/data/persistence/client_queue/042800_R/client_queue_43
2025-01-29 13:57:04,789 INFO c.h.h.t.OperatorHelmChartContainer - [local-hivemq-5fcc877b5c] [hivemq] [9f39e88b] DEBUG - Flushing: /opt/hivemq/data/persistence/client_queue/042800_R/client_queue_46
2025-01-29 13:57:04,789 INFO c.h.h.t.OperatorHelmChartContainer - [local-hivemq-5fcc877b5c] [hivemq] [9f39e88b] DEBUG - Flushing: /opt/hivemq/data/persistence/client_queue/042800_R/client_queue_45
2025-01-29 13:57:04,789 INFO c.h.h.t.OperatorHelmChartContainer - [local-hivemq-5fcc877b5c] [hivemq] [9f39e88b] DEBUG - Flushing: /opt/hivemq/data/persistence/client_queue/042800_R/client_queue_48
2025-01-29 13:57:04,789 INFO c.h.h.t.OperatorHelmChartContainer - [local-hivemq-5fcc877b5c] [hivemq] [9f39e88b] DEBUG - Flushing: /opt/hivemq/data/persistence/client_queue/042800_R/client_queue_47
2025-01-29 13:57:04,789 INFO c.h.h.t.OperatorHelmChartContainer - [local-hivemq-5fcc877b5c] [hivemq] [9f39e88b] DEBUG - Flushing: /opt/hivemq/data/persistence/client_queue/042800_R/client_queue_49
2025-01-29 13:57:04,789 INFO c.h.h.t.OperatorHelmChartContainer - [local-hivemq-5fcc877b5c] [hivemq] [9f39e88b] DEBUG - Flushing: /opt/hivemq/data/persistence/client_queue/042800_R/client_queue_50
2025-01-29 13:57:04,789 INFO c.h.h.t.OperatorHelmChartContainer - [local-hivemq-5fcc877b5c] [hivemq] [9f39e88b] DEBUG - Flushing: /opt/hivemq/data/persistence/client_queue/042800_R/client_queue_51
2025-01-29 13:57:04,789 INFO c.h.h.t.OperatorHelmChartContainer - [local-hivemq-5fcc877b5c] [hivemq] [9f39e88b] DEBUG - Flushing: /opt/hivemq/data/persistence/client_queue/042800_R/client_queue_52
2025-01-29 13:57:04,789 INFO c.h.h.t.OperatorHelmChartContainer - [local-hivemq-5fcc877b5c] [hivemq] [9f39e88b] DEBUG - Flushing: /opt/hivemq/data/persistence/client_queue/042800_R/client_queue_53
2025-01-29 13:57:04,789 INFO c.h.h.t.OperatorHelmChartContainer - [local-hivemq-5fcc877b5c] [hivemq] [9f39e88b] DEBUG - Flushing: /opt/hivemq/data/persistence/client_queue/042800_R/client_queue_54
2025-01-29 13:57:04,790 INFO c.h.h.t.OperatorHelmChartContainer - [local-hivemq-5fcc877b5c] [hivemq] [9f39e88b] DEBUG - Flushing: /opt/hivemq/data/persistence/client_queue/042800_R/client_queue_56
2025-01-29 13:57:04,790 INFO c.h.h.t.OperatorHelmChartContainer - [local-hivemq-5fcc877b5c] [hivemq] [9f39e88b] DEBUG - Flushing: /opt/hivemq/data/persistence/client_queue/042800_R/client_queue_55
2025-01-29 13:57:04,790 INFO c.h.h.t.OperatorHelmChartContainer - [local-hivemq-5fcc877b5c] [hivemq] [9f39e88b] DEBUG - Flushing: /opt/hivemq/data/persistence/client_queue/042800_R/client_queue_57
2025-01-29 13:57:04,795 INFO c.h.h.t.OperatorHelmChartContainer - [local-hivemq-5fcc877b5c] [hivemq] [9f39e88b] DEBUG - Flushing: /opt/hivemq/data/persistence/client_queue/042800_R/client_queue_58
2025-01-29 13:57:04,795 INFO c.h.h.t.OperatorHelmChartContainer - [local-hivemq-5fcc877b5c] [hivemq] [9f39e88b] DEBUG - Flushing: /opt/hivemq/data/persistence/client_queue/042800_R/client_queue_59
2025-01-29 13:57:04,795 INFO c.h.h.t.OperatorHelmChartContainer - [local-hivemq-5fcc877b5c] [hivemq] [9f39e88b] DEBUG - Flushing: /opt/hivemq/data/persistence/client_queue/042800_R/client_queue_60
2025-01-29 13:57:04,795 INFO c.h.h.t.OperatorHelmChartContainer - [local-hivemq-5fcc877b5c] [hivemq] [9f39e88b] DEBUG - Flushing: /opt/hivemq/data/persistence/client_queue/042800_R/client_queue_61
2025-01-29 13:57:04,795 INFO c.h.h.t.OperatorHelmChartContainer - [local-hivemq-5fcc877b5c] [hivemq] [9f39e88b] DEBUG - Flushing: /opt/hivemq/data/persistence/client_queue/042800_R/client_queue_62
2025-01-29 13:57:04,795 INFO c.h.h.t.OperatorHelmChartContainer - [local-hivemq-5fcc877b5c] [hivemq] [9f39e88b] DEBUG - Flushing: /opt/hivemq/data/persistence/client_session_store/040100_R/client_session_store_0
2025-01-29 13:57:04,795 INFO c.h.h.t.OperatorHelmChartContainer - [local-hivemq-5fcc877b5c] [hivemq] [9f39e88b] DEBUG - Flushing: /opt/hivemq/data/persistence/client_queue/042800_R/client_queue_63
2025-01-29 13:57:04,795 INFO c.h.h.t.OperatorHelmChartContainer - [local-hivemq-5fcc877b5c] [hivemq] [9f39e88b] DEBUG - Flushing: /opt/hivemq/data/persistence/client_session_store/040100_R/client_session_store_1
2025-01-29 13:57:04,796 INFO c.h.h.t.OperatorHelmChartContainer - [local-hivemq-5fcc877b5c] [hivemq] [9f39e88b] DEBUG - Flushing: /opt/hivemq/data/persistence/client_session_store/040100_R/client_session_store_2
2025-01-29 13:57:04,796 INFO c.h.h.t.OperatorHelmChartContainer - [local-hivemq-5fcc877b5c] [hivemq] [9f39e88b] DEBUG - Flushing: /opt/hivemq/data/persistence/client_session_store/040100_R/client_session_store_3
2025-01-29 13:57:04,796 INFO c.h.h.t.OperatorHelmChartContainer - [local-hivemq-5fcc877b5c] [hivemq] [9f39e88b] DEBUG - Flushing: /opt/hivemq/data/persistence/client_session_store/040100_R/client_session_store_7
2025-01-29 13:57:04,796 INFO c.h.h.t.OperatorHelmChartContainer - [local-hivemq-5fcc877b5c] [hivemq] [9f39e88b] DEBUG - Flushing: /opt/hivemq/data/persistence/client_session_store/040100_R/client_session_store_4
2025-01-29 13:57:04,796 INFO c.h.h.t.OperatorHelmChartContainer - [local-hivemq-5fcc877b5c] [hivemq] [9f39e88b] DEBUG - Flushing: /opt/hivemq/data/persistence/client_session_store/040100_R/client_session_store_5
2025-01-29 13:57:04,796 INFO c.h.h.t.OperatorHelmChartContainer - [local-hivemq-5fcc877b5c] [hivemq] [9f39e88b] DEBUG - Flushing: /opt/hivemq/data/persistence/client_session_store/040100_R/client_session_store_6
2025-01-29 13:57:04,796 INFO c.h.h.t.OperatorHelmChartContainer - [local-hivemq-5fcc877b5c] [hivemq] [9f39e88b] DEBUG - Flushing: /opt/hivemq/data/persistence/client_session_store/040100_R/client_session_store_8
2025-01-29 13:57:04,796 INFO c.h.h.t.OperatorHelmChartContainer - [local-hivemq-5fcc877b5c] [hivemq] [9f39e88b] DEBUG - Flushing: /opt/hivemq/data/persistence/client_session_store/040100_R/client_session_store_9
2025-01-29 13:57:04,796 INFO c.h.h.t.OperatorHelmChartContainer - [local-hivemq-5fcc877b5c] [hivemq] [9f39e88b] DEBUG - Flushing: /opt/hivemq/data/persistence/client_session_store/040100_R/client_session_store_10
2025-01-29 13:57:04,796 INFO c.h.h.t.OperatorHelmChartContainer - [local-hivemq-5fcc877b5c] [hivemq] [9f39e88b] DEBUG - Flushing: /opt/hivemq/data/persistence/client_session_store/040100_R/client_session_store_11
2025-01-29 13:57:04,796 INFO c.h.h.t.OperatorHelmChartContainer - [local-hivemq-5fcc877b5c] [hivemq] [9f39e88b] DEBUG - Flushing: /opt/hivemq/data/persistence/client_session_store/040100_R/client_session_store_12
2025-01-29 13:57:04,796 INFO c.h.h.t.OperatorHelmChartContainer - [local-hivemq-5fcc877b5c] [hivemq] [9f39e88b] DEBUG - Flushing: /opt/hivemq/data/persistence/client_session_store/040100_R/client_session_store_13
2025-01-29 13:57:04,796 INFO c.h.h.t.OperatorHelmChartContainer - [local-hivemq-5fcc877b5c] [hivemq] [9f39e88b] DEBUG - Flushing: /opt/hivemq/data/persistence/client_session_store/040100_R/client_session_store_14
2025-01-29 13:57:04,796 INFO c.h.h.t.OperatorHelmChartContainer - [local-hivemq-5fcc877b5c] [hivemq] [9f39e88b] DEBUG - Flushing: /opt/hivemq/data/persistence/client_session_store/040100_R/client_session_store_15
2025-01-29 13:57:04,796 INFO c.h.h.t.OperatorHelmChartContainer - [local-hivemq-5fcc877b5c] [hivemq] [9f39e88b] DEBUG - Flushing: /opt/hivemq/data/persistence/client_session_store/040100_R/client_session_store_16
2025-01-29 13:57:04,798 INFO c.h.h.t.OperatorHelmChartContainer - [local-hivemq-5fcc877b5c] [hivemq] [9f39e88b] DEBUG - Flushing: /opt/hivemq/data/persistence/client_session_store/040100_R/client_session_store_17
2025-01-29 13:57:04,798 INFO c.h.h.t.OperatorHelmChartContainer - [local-hivemq-5fcc877b5c] [hivemq] [9f39e88b] DEBUG - Flushing: /opt/hivemq/data/persistence/client_session_store/040100_R/client_session_store_18
2025-01-29 13:57:04,798 INFO c.h.h.t.OperatorHelmChartContainer - [local-hivemq-5fcc877b5c] [hivemq] [9f39e88b] DEBUG - Flushing: /opt/hivemq/data/persistence/client_session_store/040100_R/client_session_store_19
2025-01-29 13:57:04,798 INFO c.h.h.t.OperatorHelmChartContainer - [local-hivemq-5fcc877b5c] [hivemq] [9f39e88b] DEBUG - Flushing: /opt/hivemq/data/persistence/client_session_store/040100_R/client_session_store_20
2025-01-29 13:57:04,798 INFO c.h.h.t.OperatorHelmChartContainer - [local-hivemq-5fcc877b5c] [hivemq] [9f39e88b] DEBUG - Flushing: /opt/hivemq/data/persistence/client_session_store/040100_R/client_session_store_21
2025-01-29 13:57:04,798 INFO c.h.h.t.OperatorHelmChartContainer - [local-hivemq-5fcc877b5c] [hivemq] [9f39e88b] DEBUG - Flushing: /opt/hivemq/data/persistence/client_session_store/040100_R/client_session_store_22
2025-01-29 13:57:04,798 INFO c.h.h.t.OperatorHelmChartContainer - [local-hivemq-5fcc877b5c] [hivemq] [9f39e88b] DEBUG - Flushing: /opt/hivemq/data/persistence/client_session_store/040100_R/client_session_store_23
2025-01-29 13:57:04,798 INFO c.h.h.t.OperatorHelmChartContainer - [local-hivemq-5fcc877b5c] [hivemq] [9f39e88b] DEBUG - Flushing: /opt/hivemq/data/persistence/client_session_store/040100_R/client_session_store_24
2025-01-29 13:57:04,798 INFO c.h.h.t.OperatorHelmChartContainer - [local-hivemq-5fcc877b5c] [hivemq] [9f39e88b] DEBUG - Flushing: /opt/hivemq/data/persistence/client_session_store/040100_R/client_session_store_25
2025-01-29 13:57:04,798 INFO c.h.h.t.OperatorHelmChartContainer - [local-hivemq-5fcc877b5c] [hivemq] [9f39e88b] DEBUG - Flushing: /opt/hivemq/data/persistence/client_session_store/040100_R/client_session_store_26
2025-01-29 13:57:04,798 INFO c.h.h.t.OperatorHelmChartContainer - [local-hivemq-5fcc877b5c] [hivemq] [9f39e88b] DEBUG - Flushing: /opt/hivemq/data/persistence/client_session_store/040100_R/client_session_store_27
2025-01-29 13:57:04,798 INFO c.h.h.t.OperatorHelmChartContainer - [local-hivemq-5fcc877b5c] [hivemq] [9f39e88b] DEBUG - Flushing: /opt/hivemq/data/persistence/client_session_store/040100_R/client_session_store_28
2025-01-29 13:57:04,798 INFO c.h.h.t.OperatorHelmChartContainer - [local-hivemq-5fcc877b5c] [hivemq] [9f39e88b] DEBUG - Flushing: /opt/hivemq/data/persistence/client_session_store/040100_R/client_session_store_29
2025-01-29 13:57:04,798 INFO c.h.h.t.OperatorHelmChartContainer - [local-hivemq-5fcc877b5c] [hivemq] [9f39e88b] DEBUG - Flushing: /opt/hivemq/data/persistence/client_session_store/040100_R/client_session_store_30
2025-01-29 13:57:04,798 INFO c.h.h.t.OperatorHelmChartContainer - [local-hivemq-5fcc877b5c] [hivemq] [9f39e88b] DEBUG - Flushing: /opt/hivemq/data/persistence/client_session_store/040100_R/client_session_store_31
2025-01-29 13:57:04,798 INFO c.h.h.t.OperatorHelmChartContainer - [local-hivemq-5fcc877b5c] [hivemq] [9f39e88b] DEBUG - Flushing: /opt/hivemq/data/persistence/client_session_store/040100_R/client_session_store_32
2025-01-29 13:57:04,798 INFO c.h.h.t.OperatorHelmChartContainer - [local-hivemq-5fcc877b5c] [hivemq] [9f39e88b] DEBUG - Flushing: /opt/hivemq/data/persistence/client_session_store/040100_R/client_session_store_33
2025-01-29 13:57:04,798 INFO c.h.h.t.OperatorHelmChartContainer - [local-hivemq-5fcc877b5c] [hivemq] [9f39e88b] DEBUG - Flushing: /opt/hivemq/data/persistence/client_session_store/040100_R/client_session_store_34
2025-01-29 13:57:04,798 INFO c.h.h.t.OperatorHelmChartContainer - [local-hivemq-5fcc877b5c] [hivemq] [9f39e88b] DEBUG - Flushing: /opt/hivemq/data/persistence/client_session_store/040100_R/client_session_store_35
2025-01-29 13:57:04,798 INFO c.h.h.t.OperatorHelmChartContainer - [local-hivemq-5fcc877b5c] [hivemq] [9f39e88b] DEBUG - Flushing: /opt/hivemq/data/persistence/client_session_store/040100_R/client_session_store_36
2025-01-29 13:57:04,798 INFO c.h.h.t.OperatorHelmChartContainer - [local-hivemq-5fcc877b5c] [hivemq] [9f39e88b] DEBUG - Flushing: /opt/hivemq/data/persistence/client_session_store/040100_R/client_session_store_37
2025-01-29 13:57:04,798 INFO c.h.h.t.OperatorHelmChartContainer - [local-hivemq-5fcc877b5c] [hivemq] [9f39e88b] DEBUG - Flushing: /opt/hivemq/data/persistence/client_session_store/040100_R/client_session_store_38
2025-01-29 13:57:04,798 INFO c.h.h.t.OperatorHelmChartContainer - [local-hivemq-5fcc877b5c] [hivemq] [9f39e88b] DEBUG - Flushing: /opt/hivemq/data/persistence/client_session_store/040100_R/client_session_store_39
2025-01-29 13:57:04,798 INFO c.h.h.t.OperatorHelmChartContainer - [local-hivemq-5fcc877b5c] [hivemq] [9f39e88b] DEBUG - Flushing: /opt/hivemq/data/persistence/client_session_store/040100_R/client_session_store_40
2025-01-29 13:57:04,798 INFO c.h.h.t.OperatorHelmChartContainer - [local-hivemq-5fcc877b5c] [hivemq] [9f39e88b] DEBUG - Flushing: /opt/hivemq/data/persistence/client_session_store/040100_R/client_session_store_42
2025-01-29 13:57:04,798 INFO c.h.h.t.OperatorHelmChartContainer - [local-hivemq-5fcc877b5c] [hivemq] [9f39e88b] DEBUG - Flushing: /opt/hivemq/data/persistence/client_session_store/040100_R/client_session_store_41
2025-01-29 13:57:04,798 INFO c.h.h.t.OperatorHelmChartContainer - [local-hivemq-5fcc877b5c] [hivemq] [9f39e88b] DEBUG - Flushing: /opt/hivemq/data/persistence/client_session_store/040100_R/client_session_store_43
2025-01-29 13:57:04,798 INFO c.h.h.t.OperatorHelmChartContainer - [local-hivemq-5fcc877b5c] [hivemq] [9f39e88b] DEBUG - Flushing: /opt/hivemq/data/persistence/client_session_store/040100_R/client_session_store_44
2025-01-29 13:57:04,798 INFO c.h.h.t.OperatorHelmChartContainer - [local-hivemq-5fcc877b5c] [hivemq] [9f39e88b] DEBUG - Flushing: /opt/hivemq/data/persistence/client_session_store/040100_R/client_session_store_45
2025-01-29 13:57:04,798 INFO c.h.h.t.OperatorHelmChartContainer - [local-hivemq-5fcc877b5c] [hivemq] [9f39e88b] DEBUG - Flushing: /opt/hivemq/data/persistence/client_session_store/040100_R/client_session_store_46
2025-01-29 13:57:04,798 INFO c.h.h.t.OperatorHelmChartContainer - [local-hivemq-5fcc877b5c] [hivemq] [9f39e88b] DEBUG - Flushing: /opt/hivemq/data/persistence/client_session_store/040100_R/client_session_store_47
2025-01-29 13:57:04,798 INFO c.h.h.t.OperatorHelmChartContainer - [local-hivemq-5fcc877b5c] [hivemq] [9f39e88b] DEBUG - Flushing: /opt/hivemq/data/persistence/client_session_store/040100_R/client_session_store_48
2025-01-29 13:57:04,798 INFO c.h.h.t.OperatorHelmChartContainer - [local-hivemq-5fcc877b5c] [hivemq] [9f39e88b] DEBUG - Flushing: /opt/hivemq/data/persistence/client_session_store/040100_R/client_session_store_51
2025-01-29 13:57:04,798 INFO c.h.h.t.OperatorHelmChartContainer - [local-hivemq-5fcc877b5c] [hivemq] [9f39e88b] DEBUG - Flushing: /opt/hivemq/data/persistence/client_session_store/040100_R/client_session_store_50
2025-01-29 13:57:04,798 INFO c.h.h.t.OperatorHelmChartContainer - [local-hivemq-5fcc877b5c] [hivemq] [9f39e88b] DEBUG - Flushing: /opt/hivemq/data/persistence/client_session_store/040100_R/client_session_store_49
2025-01-29 13:57:04,798 INFO c.h.h.t.OperatorHelmChartContainer - [local-hivemq-5fcc877b5c] [hivemq] [9f39e88b] DEBUG - Flushing: /opt/hivemq/data/persistence/client_session_store/040100_R/client_session_store_52
2025-01-29 13:57:04,798 INFO c.h.h.t.OperatorHelmChartContainer - [local-hivemq-5fcc877b5c] [hivemq] [9f39e88b] DEBUG - Flushing: /opt/hivemq/data/persistence/client_session_store/040100_R/client_session_store_53
2025-01-29 13:57:04,798 INFO c.h.h.t.OperatorHelmChartContainer - [local-hivemq-5fcc877b5c] [hivemq] [9f39e88b] DEBUG - Flushing: /opt/hivemq/data/persistence/client_session_store/040100_R/client_session_store_54
2025-01-29 13:57:04,798 INFO c.h.h.t.OperatorHelmChartContainer - [local-hivemq-5fcc877b5c] [hivemq] [9f39e88b] DEBUG - Flushing: /opt/hivemq/data/persistence/client_session_store/040100_R/client_session_store_55
2025-01-29 13:57:04,798 INFO c.h.h.t.OperatorHelmChartContainer - [local-hivemq-5fcc877b5c] [hivemq] [9f39e88b] DEBUG - Flushing: /opt/hivemq/data/persistence/client_session_store/040100_R/client_session_store_56
2025-01-29 13:57:04,798 INFO c.h.h.t.OperatorHelmChartContainer - [local-hivemq-5fcc877b5c] [hivemq] [9f39e88b] DEBUG - Flushing: /opt/hivemq/data/persistence/client_session_store/040100_R/client_session_store_57
2025-01-29 13:57:04,798 INFO c.h.h.t.OperatorHelmChartContainer - [local-hivemq-5fcc877b5c] [hivemq] [9f39e88b] DEBUG - Flushing: /opt/hivemq/data/persistence/client_session_store/040100_R/client_session_store_58
2025-01-29 13:57:04,798 INFO c.h.h.t.OperatorHelmChartContainer - [local-hivemq-5fcc877b5c] [hivemq] [9f39e88b] DEBUG - Flushing: /opt/hivemq/data/persistence/client_session_store/040100_R/client_session_store_60
2025-01-29 13:57:04,798 INFO c.h.h.t.OperatorHelmChartContainer - [local-hivemq-5fcc877b5c] [hivemq] [9f39e88b] DEBUG - Flushing: /opt/hivemq/data/persistence/client_session_store/040100_R/client_session_store_59
2025-01-29 13:57:04,798 INFO c.h.h.t.OperatorHelmChartContainer - [local-hivemq-5fcc877b5c] [hivemq] [9f39e88b] DEBUG - Flushing: /opt/hivemq/data/persistence/client_session_store/040100_R/client_session_store_62
2025-01-29 13:57:04,798 INFO c.h.h.t.OperatorHelmChartContainer - [local-hivemq-5fcc877b5c] [hivemq] [9f39e88b] DEBUG - Flushing: /opt/hivemq/data/persistence/client_session_store/040100_R/client_session_store_61
2025-01-29 13:57:04,798 INFO c.h.h.t.OperatorHelmChartContainer - [local-hivemq-5fcc877b5c] [hivemq] [9f39e88b] DEBUG - Flushing: /opt/hivemq/data/persistence/client_session_store/040100_R/client_session_store_63
2025-01-29 13:57:04,798 INFO c.h.h.t.OperatorHelmChartContainer - [local-hivemq-5fcc877b5c] [hivemq] [9f39e88b] DEBUG - Flushing: /opt/hivemq/data/persistence/client_session_subscriptions/043200_R/client_session_subscriptions_0
2025-01-29 13:57:04,799 INFO c.h.h.t.OperatorHelmChartContainer - [local-hivemq-5fcc877b5c] [hivemq] [9f39e88b] DEBUG - Flushing: /opt/hivemq/data/persistence/client_session_subscriptions/043200_R/client_session_subscriptions_1
2025-01-29 13:57:04,799 INFO c.h.h.t.OperatorHelmChartContainer - [local-hivemq-5fcc877b5c] [hivemq] [9f39e88b] DEBUG - Flushing: /opt/hivemq/data/persistence/client_session_subscriptions/043200_R/client_session_subscriptions_2
2025-01-29 13:57:04,799 INFO c.h.h.t.OperatorHelmChartContainer - [local-hivemq-5fcc877b5c] [hivemq] [9f39e88b] DEBUG - Flushing: /opt/hivemq/data/persistence/client_session_subscriptions/043200_R/client_session_subscriptions_3
2025-01-29 13:57:04,799 INFO c.h.h.t.OperatorHelmChartContainer - [local-hivemq-5fcc877b5c] [hivemq] [9f39e88b] DEBUG - Flushing: /opt/hivemq/data/persistence/client_session_subscriptions/043200_R/client_session_subscriptions_5
2025-01-29 13:57:04,799 INFO c.h.h.t.OperatorHelmChartContainer - [local-hivemq-5fcc877b5c] [hivemq] [9f39e88b] DEBUG - Flushing: /opt/hivemq/data/persistence/client_session_subscriptions/043200_R/client_session_subscriptions_4
2025-01-29 13:57:04,799 INFO c.h.h.t.OperatorHelmChartContainer - [local-hivemq-5fcc877b5c] [hivemq] [9f39e88b] DEBUG - Flushing: /opt/hivemq/data/persistence/client_session_subscriptions/043200_R/client_session_subscriptions_6
2025-01-29 13:57:04,799 INFO c.h.h.t.OperatorHelmChartContainer - [local-hivemq-5fcc877b5c] [hivemq] [9f39e88b] DEBUG - Flushing: /opt/hivemq/data/persistence/client_session_subscriptions/043200_R/client_session_subscriptions_8
2025-01-29 13:57:04,799 INFO c.h.h.t.OperatorHelmChartContainer - [local-hivemq-5fcc877b5c] [hivemq] [9f39e88b] DEBUG - Flushing: /opt/hivemq/data/persistence/client_session_subscriptions/043200_R/client_session_subscriptions_7
2025-01-29 13:57:04,799 INFO c.h.h.t.OperatorHelmChartContainer - [local-hivemq-5fcc877b5c] [hivemq] [9f39e88b] DEBUG - Flushing: /opt/hivemq/data/persistence/client_session_subscriptions/043200_R/client_session_subscriptions_9
2025-01-29 13:57:04,800 INFO c.h.h.t.OperatorHelmChartContainer - [local-hivemq-5fcc877b5c] [hivemq] [9f39e88b] DEBUG - Flushing: /opt/hivemq/data/persistence/client_session_subscriptions/043200_R/client_session_subscriptions_10
2025-01-29 13:57:04,801 INFO c.h.h.t.OperatorHelmChartContainer - [local-hivemq-5fcc877b5c] [hivemq] [9f39e88b] DEBUG - Flushing: /opt/hivemq/data/persistence/client_session_subscriptions/043200_R/client_session_subscriptions_11
2025-01-29 13:57:04,801 INFO c.h.h.t.OperatorHelmChartContainer - [local-hivemq-5fcc877b5c] [hivemq] [9f39e88b] DEBUG - Flushing: /opt/hivemq/data/persistence/client_session_subscriptions/043200_R/client_session_subscriptions_12
2025-01-29 13:57:04,801 INFO c.h.h.t.OperatorHelmChartContainer - [local-hivemq-5fcc877b5c] [hivemq] [9f39e88b] DEBUG - Flushing: /opt/hivemq/data/persistence/client_session_subscriptions/043200_R/client_session_subscriptions_13
2025-01-29 13:57:04,801 INFO c.h.h.t.OperatorHelmChartContainer - [local-hivemq-5fcc877b5c] [hivemq] [9f39e88b] DEBUG - Flushing: /opt/hivemq/data/persistence/client_session_subscriptions/043200_R/client_session_subscriptions_14
2025-01-29 13:57:04,801 INFO c.h.h.t.OperatorHelmChartContainer - [local-hivemq-5fcc877b5c] [hivemq] [9f39e88b] DEBUG - Flushing: /opt/hivemq/data/persistence/client_session_subscriptions/043200_R/client_session_subscriptions_15
2025-01-29 13:57:04,801 INFO c.h.h.t.OperatorHelmChartContainer - [local-hivemq-5fcc877b5c] [hivemq] [9f39e88b] DEBUG - Flushing: /opt/hivemq/data/persistence/client_session_subscriptions/043200_R/client_session_subscriptions_16
2025-01-29 13:57:04,801 INFO c.h.h.t.OperatorHelmChartContainer - [local-hivemq-5fcc877b5c] [hivemq] [9f39e88b] DEBUG - Flushing: /opt/hivemq/data/persistence/client_session_subscriptions/043200_R/client_session_subscriptions_18
2025-01-29 13:57:04,801 INFO c.h.h.t.OperatorHelmChartContainer - [local-hivemq-5fcc877b5c] [hivemq] [9f39e88b] DEBUG - Flushing: /opt/hivemq/data/persistence/client_session_subscriptions/043200_R/client_session_subscriptions_17
2025-01-29 13:57:04,801 INFO c.h.h.t.OperatorHelmChartContainer - [local-hivemq-5fcc877b5c] [hivemq] [9f39e88b] DEBUG - Flushing: /opt/hivemq/data/persistence/client_session_subscriptions/043200_R/client_session_subscriptions_19
2025-01-29 13:57:04,802 INFO c.h.h.t.OperatorHelmChartContainer - [local-hivemq-5fcc877b5c] [hivemq] [9f39e88b] DEBUG - Flushing: /opt/hivemq/data/persistence/client_session_subscriptions/043200_R/client_session_subscriptions_20
2025-01-29 13:57:04,802 INFO c.h.h.t.OperatorHelmChartContainer - [local-hivemq-5fcc877b5c] [hivemq] [9f39e88b] DEBUG - Flushing: /opt/hivemq/data/persistence/client_session_subscriptions/043200_R/client_session_subscriptions_21
2025-01-29 13:57:04,802 INFO c.h.h.t.OperatorHelmChartContainer - [local-hivemq-5fcc877b5c] [hivemq] [9f39e88b] DEBUG - Flushing: /opt/hivemq/data/persistence/client_session_subscriptions/043200_R/client_session_subscriptions_22
2025-01-29 13:57:04,802 INFO c.h.h.t.OperatorHelmChartContainer - [local-hivemq-5fcc877b5c] [hivemq] [9f39e88b] DEBUG - Flushing: /opt/hivemq/data/persistence/client_session_subscriptions/043200_R/client_session_subscriptions_23
2025-01-29 13:57:04,802 INFO c.h.h.t.OperatorHelmChartContainer - [local-hivemq-5fcc877b5c] [hivemq] [9f39e88b] DEBUG - Flushing: /opt/hivemq/data/persistence/client_session_subscriptions/043200_R/client_session_subscriptions_25
2025-01-29 13:57:04,802 INFO c.h.h.t.OperatorHelmChartContainer - [local-hivemq-5fcc877b5c] [hivemq] [9f39e88b] DEBUG - Flushing: /opt/hivemq/data/persistence/client_session_subscriptions/043200_R/client_session_subscriptions_24
2025-01-29 13:57:04,802 INFO c.h.h.t.OperatorHelmChartContainer - [local-hivemq-5fcc877b5c] [hivemq] [9f39e88b] DEBUG - Flushing: /opt/hivemq/data/persistence/client_session_subscriptions/043200_R/client_session_subscriptions_26
2025-01-29 13:57:04,802 INFO c.h.h.t.OperatorHelmChartContainer - [local-hivemq-5fcc877b5c] [hivemq] [9f39e88b] DEBUG - Flushing: /opt/hivemq/data/persistence/client_session_subscriptions/043200_R/client_session_subscriptions_27
2025-01-29 13:57:04,802 INFO c.h.h.t.OperatorHelmChartContainer - [local-hivemq-5fcc877b5c] [hivemq] [9f39e88b] DEBUG - Flushing: /opt/hivemq/data/persistence/client_session_subscriptions/043200_R/client_session_subscriptions_29
2025-01-29 13:57:04,802 INFO c.h.h.t.OperatorHelmChartContainer - [local-hivemq-5fcc877b5c] [hivemq] [9f39e88b] DEBUG - Flushing: /opt/hivemq/data/persistence/client_session_subscriptions/043200_R/client_session_subscriptions_28
2025-01-29 13:57:04,802 INFO c.h.h.t.OperatorHelmChartContainer - [local-hivemq-5fcc877b5c] [hivemq] [9f39e88b] DEBUG - Flushing: /opt/hivemq/data/persistence/client_session_subscriptions/043200_R/client_session_subscriptions_30
2025-01-29 13:57:04,802 INFO c.h.h.t.OperatorHelmChartContainer - [local-hivemq-5fcc877b5c] [hivemq] [9f39e88b] DEBUG - Flushing: /opt/hivemq/data/persistence/client_session_subscriptions/043200_R/client_session_subscriptions_31
2025-01-29 13:57:04,802 INFO c.h.h.t.OperatorHelmChartContainer - [local-hivemq-5fcc877b5c] [hivemq] [9f39e88b] DEBUG - Flushing: /opt/hivemq/data/persistence/client_session_subscriptions/043200_R/client_session_subscriptions_33
2025-01-29 13:57:04,802 INFO c.h.h.t.OperatorHelmChartContainer - [local-hivemq-5fcc877b5c] [hivemq] [9f39e88b] DEBUG - Flushing: /opt/hivemq/data/persistence/client_session_subscriptions/043200_R/client_session_subscriptions_32
2025-01-29 13:57:04,802 INFO c.h.h.t.OperatorHelmChartContainer - [local-hivemq-5fcc877b5c] [hivemq] [9f39e88b] DEBUG - Flushing: /opt/hivemq/data/persistence/client_session_subscriptions/043200_R/client_session_subscriptions_34
2025-01-29 13:57:04,802 INFO c.h.h.t.OperatorHelmChartContainer - [local-hivemq-5fcc877b5c] [hivemq] [9f39e88b] DEBUG - Flushing: /opt/hivemq/data/persistence/client_session_subscriptions/043200_R/client_session_subscriptions_35
2025-01-29 13:57:04,802 INFO c.h.h.t.OperatorHelmChartContainer - [local-hivemq-5fcc877b5c] [hivemq] [9f39e88b] DEBUG - Flushing: /opt/hivemq/data/persistence/client_session_subscriptions/043200_R/client_session_subscriptions_36
2025-01-29 13:57:04,802 INFO c.h.h.t.OperatorHelmChartContainer - [local-hivemq-5fcc877b5c] [hivemq] [9f39e88b] DEBUG - Flushing: /opt/hivemq/data/persistence/client_session_subscriptions/043200_R/client_session_subscriptions_37
2025-01-29 13:57:04,802 INFO c.h.h.t.OperatorHelmChartContainer - [local-hivemq-5fcc877b5c] [hivemq] [9f39e88b] DEBUG - Flushing: /opt/hivemq/data/persistence/client_session_subscriptions/043200_R/client_session_subscriptions_38
2025-01-29 13:57:04,802 INFO c.h.h.t.OperatorHelmChartContainer - [local-hivemq-5fcc877b5c] [hivemq] [9f39e88b] DEBUG - Flushing: /opt/hivemq/data/persistence/client_session_subscriptions/043200_R/client_session_subscriptions_39
2025-01-29 13:57:04,802 INFO c.h.h.t.OperatorHelmChartContainer - [local-hivemq-5fcc877b5c] [hivemq] [9f39e88b] DEBUG - Flushing: /opt/hivemq/data/persistence/client_session_subscriptions/043200_R/client_session_subscriptions_40
2025-01-29 13:57:04,802 INFO c.h.h.t.OperatorHelmChartContainer - [local-hivemq-5fcc877b5c] [hivemq] [9f39e88b] DEBUG - Flushing: /opt/hivemq/data/persistence/client_session_subscriptions/043200_R/client_session_subscriptions_42
2025-01-29 13:57:04,802 INFO c.h.h.t.OperatorHelmChartContainer - [local-hivemq-5fcc877b5c] [hivemq] [9f39e88b] DEBUG - Flushing: /opt/hivemq/data/persistence/client_session_subscriptions/043200_R/client_session_subscriptions_41
2025-01-29 13:57:04,802 INFO c.h.h.t.OperatorHelmChartContainer - [local-hivemq-5fcc877b5c] [hivemq] [9f39e88b] DEBUG - Flushing: /opt/hivemq/data/persistence/client_session_subscriptions/043200_R/client_session_subscriptions_43
2025-01-29 13:57:04,802 INFO c.h.h.t.OperatorHelmChartContainer - [local-hivemq-5fcc877b5c] [hivemq] [9f39e88b] DEBUG - Flushing: /opt/hivemq/data/persistence/client_session_subscriptions/043200_R/client_session_subscriptions_44
2025-01-29 13:57:04,802 INFO c.h.h.t.OperatorHelmChartContainer - [local-hivemq-5fcc877b5c] [hivemq] [9f39e88b] DEBUG - Flushing: /opt/hivemq/data/persistence/client_session_subscriptions/043200_R/client_session_subscriptions_46
2025-01-29 13:57:04,802 INFO c.h.h.t.OperatorHelmChartContainer - [local-hivemq-5fcc877b5c] [hivemq] [9f39e88b] DEBUG - Flushing: /opt/hivemq/data/persistence/client_session_subscriptions/043200_R/client_session_subscriptions_45
2025-01-29 13:57:04,802 INFO c.h.h.t.OperatorHelmChartContainer - [local-hivemq-5fcc877b5c] [hivemq] [9f39e88b] DEBUG - Flushing: /opt/hivemq/data/persistence/client_session_subscriptions/043200_R/client_session_subscriptions_47
2025-01-29 13:57:04,802 INFO c.h.h.t.OperatorHelmChartContainer - [local-hivemq-5fcc877b5c] [hivemq] [9f39e88b] DEBUG - Flushing: /opt/hivemq/data/persistence/client_session_subscriptions/043200_R/client_session_subscriptions_48
2025-01-29 13:57:04,802 INFO c.h.h.t.OperatorHelmChartContainer - [local-hivemq-5fcc877b5c] [hivemq] [9f39e88b] DEBUG - Flushing: /opt/hivemq/data/persistence/client_session_subscriptions/043200_R/client_session_subscriptions_50
2025-01-29 13:57:04,802 INFO c.h.h.t.OperatorHelmChartContainer - [local-hivemq-5fcc877b5c] [hivemq] [9f39e88b] DEBUG - Flushing: /opt/hivemq/data/persistence/client_session_subscriptions/043200_R/client_session_subscriptions_49
2025-01-29 13:57:04,802 INFO c.h.h.t.OperatorHelmChartContainer - [local-hivemq-5fcc877b5c] [hivemq] [9f39e88b] DEBUG - Flushing: /opt/hivemq/data/persistence/client_session_subscriptions/043200_R/client_session_subscriptions_51
2025-01-29 13:57:04,802 INFO c.h.h.t.OperatorHelmChartContainer - [local-hivemq-5fcc877b5c] [hivemq] [9f39e88b] DEBUG - Flushing: /opt/hivemq/data/persistence/client_session_subscriptions/043200_R/client_session_subscriptions_52
2025-01-29 13:57:04,802 INFO c.h.h.t.OperatorHelmChartContainer - [local-hivemq-5fcc877b5c] [hivemq] [9f39e88b] DEBUG - Flushing: /opt/hivemq/data/persistence/client_session_subscriptions/043200_R/client_session_subscriptions_54
2025-01-29 13:57:04,802 INFO c.h.h.t.OperatorHelmChartContainer - [local-hivemq-5fcc877b5c] [hivemq] [9f39e88b] DEBUG - Flushing: /opt/hivemq/data/persistence/client_session_subscriptions/043200_R/client_session_subscriptions_57
2025-01-29 13:57:04,803 INFO c.h.h.t.OperatorHelmChartContainer - [local-hivemq-5fcc877b5c] [hivemq] [9f39e88b] DEBUG - Flushing: /opt/hivemq/data/persistence/client_session_subscriptions/043200_R/client_session_subscriptions_53
2025-01-29 13:57:04,803 INFO c.h.h.t.OperatorHelmChartContainer - [local-hivemq-5fcc877b5c] [hivemq] [9f39e88b] DEBUG - Flushing: /opt/hivemq/data/persistence/client_session_subscriptions/043200_R/client_session_subscriptions_55
2025-01-29 13:57:04,803 INFO c.h.h.t.OperatorHelmChartContainer - [local-hivemq-5fcc877b5c] [hivemq] [9f39e88b] DEBUG - Flushing: /opt/hivemq/data/persistence/client_session_subscriptions/043200_R/client_session_subscriptions_56
2025-01-29 13:57:04,803 INFO c.h.h.t.OperatorHelmChartContainer - [local-hivemq-5fcc877b5c] [hivemq] [9f39e88b] DEBUG - Flushing: /opt/hivemq/data/persistence/client_session_subscriptions/043200_R/client_session_subscriptions_60
2025-01-29 13:57:04,803 INFO c.h.h.t.OperatorHelmChartContainer - [local-hivemq-5fcc877b5c] [hivemq] [9f39e88b] DEBUG - Flushing: /opt/hivemq/data/persistence/client_session_subscriptions/043200_R/client_session_subscriptions_59
2025-01-29 13:57:04,803 INFO c.h.h.t.OperatorHelmChartContainer - [local-hivemq-5fcc877b5c] [hivemq] [9f39e88b] DEBUG - Flushing: /opt/hivemq/data/persistence/client_session_subscriptions/043200_R/client_session_subscriptions_58
2025-01-29 13:57:04,803 INFO c.h.h.t.OperatorHelmChartContainer - [local-hivemq-5fcc877b5c] [hivemq] [9f39e88b] DEBUG - Flushing: /opt/hivemq/data/persistence/client_session_subscriptions/043200_R/client_session_subscriptions_61
2025-01-29 13:57:04,803 INFO c.h.h.t.OperatorHelmChartContainer - [local-hivemq-5fcc877b5c] [hivemq] [9f39e88b] DEBUG - Flushing: /opt/hivemq/data/persistence/client_session_subscriptions/043200_R/client_session_subscriptions_63
2025-01-29 13:57:04,803 INFO c.h.h.t.OperatorHelmChartContainer - [local-hivemq-5fcc877b5c] [hivemq] [9f39e88b] DEBUG - Flushing: /opt/hivemq/data/persistence/client_session_subscriptions/043200_R/client_session_subscriptions_62
2025-01-29 13:57:04,803 INFO c.h.h.t.OperatorHelmChartContainer - [local-hivemq-5fcc877b5c] [hivemq] [9f39e88b] DEBUG - Flushing: /opt/hivemq/data/persistence/retained_messages/040800_R/retained_messages_2
2025-01-29 13:57:04,803 INFO c.h.h.t.OperatorHelmChartContainer - [local-hivemq-5fcc877b5c] [hivemq] [9f39e88b] DEBUG - Flushing: /opt/hivemq/data/persistence/retained_messages/040800_R/retained_messages_0
2025-01-29 13:57:04,803 INFO c.h.h.t.OperatorHelmChartContainer - [local-hivemq-5fcc877b5c] [hivemq] [9f39e88b] DEBUG - Flushing: /opt/hivemq/data/persistence/retained_messages/040800_R/retained_messages_1
2025-01-29 13:57:04,803 INFO c.h.h.t.OperatorHelmChartContainer - [local-hivemq-5fcc877b5c] [hivemq] [9f39e88b] DEBUG - Flushing: /opt/hivemq/data/persistence/retained_messages/040800_R/retained_messages_3
2025-01-29 13:57:04,803 INFO c.h.h.t.OperatorHelmChartContainer - [local-hivemq-5fcc877b5c] [hivemq] [9f39e88b] DEBUG - Flushing: /opt/hivemq/data/persistence/retained_messages/040800_R/retained_messages_4
2025-01-29 13:57:04,803 INFO c.h.h.t.OperatorHelmChartContainer - [local-hivemq-5fcc877b5c] [hivemq] [9f39e88b] DEBUG - Flushing: /opt/hivemq/data/persistence/retained_messages/040800_R/retained_messages_5
2025-01-29 13:57:04,803 INFO c.h.h.t.OperatorHelmChartContainer - [local-hivemq-5fcc877b5c] [hivemq] [9f39e88b] DEBUG - Flushing: /opt/hivemq/data/persistence/retained_messages/040800_R/retained_messages_6
2025-01-29 13:57:04,803 INFO c.h.h.t.OperatorHelmChartContainer - [local-hivemq-5fcc877b5c] [hivemq] [9f39e88b] DEBUG - Flushing: /opt/hivemq/data/persistence/retained_messages/040800_R/retained_messages_7
2025-01-29 13:57:04,803 INFO c.h.h.t.OperatorHelmChartContainer - [local-hivemq-5fcc877b5c] [hivemq] [9f39e88b] DEBUG - Flushing: /opt/hivemq/data/persistence/retained_messages/040800_R/retained_messages_9
2025-01-29 13:57:04,803 INFO c.h.h.t.OperatorHelmChartContainer - [local-hivemq-5fcc877b5c] [hivemq] [9f39e88b] DEBUG - Flushing: /opt/hivemq/data/persistence/retained_messages/040800_R/retained_messages_8
2025-01-29 13:57:04,803 INFO c.h.h.t.OperatorHelmChartContainer - [local-hivemq-5fcc877b5c] [hivemq] [9f39e88b] DEBUG - Flushing: /opt/hivemq/data/persistence/retained_messages/040800_R/retained_messages_10
2025-01-29 13:57:04,803 INFO c.h.h.t.OperatorHelmChartContainer - [local-hivemq-5fcc877b5c] [hivemq] [9f39e88b] DEBUG - Flushing: /opt/hivemq/data/persistence/retained_messages/040800_R/retained_messages_11
2025-01-29 13:57:04,803 INFO c.h.h.t.OperatorHelmChartContainer - [local-hivemq-5fcc877b5c] [hivemq] [9f39e88b] DEBUG - Flushing: /opt/hivemq/data/persistence/retained_messages/040800_R/retained_messages_13
2025-01-29 13:57:04,803 INFO c.h.h.t.OperatorHelmChartContainer - [local-hivemq-5fcc877b5c] [hivemq] [9f39e88b] DEBUG - Flushing: /opt/hivemq/data/persistence/retained_messages/040800_R/retained_messages_12
2025-01-29 13:57:04,803 INFO c.h.h.t.OperatorHelmChartContainer - [local-hivemq-5fcc877b5c] [hivemq] [9f39e88b] DEBUG - Flushing: /opt/hivemq/data/persistence/retained_messages/040800_R/retained_messages_14
2025-01-29 13:57:04,803 INFO c.h.h.t.OperatorHelmChartContainer - [local-hivemq-5fcc877b5c] [hivemq] [9f39e88b] DEBUG - Flushing: /opt/hivemq/data/persistence/retained_messages/040800_R/retained_messages_15
2025-01-29 13:57:04,803 INFO c.h.h.t.OperatorHelmChartContainer - [local-hivemq-5fcc877b5c] [hivemq] [9f39e88b] DEBUG - Flushing: /opt/hivemq/data/persistence/retained_messages/040800_R/retained_messages_16
2025-01-29 13:57:04,804 INFO c.h.h.t.OperatorHelmChartContainer - [local-hivemq-5fcc877b5c] [hivemq] [9f39e88b] DEBUG - Flushing: /opt/hivemq/data/persistence/retained_messages/040800_R/retained_messages_17
2025-01-29 13:57:04,804 INFO c.h.h.t.OperatorHelmChartContainer - [local-hivemq-5fcc877b5c] [hivemq] [9f39e88b] DEBUG - Flushing: /opt/hivemq/data/persistence/retained_messages/040800_R/retained_messages_18
2025-01-29 13:57:04,804 INFO c.h.h.t.OperatorHelmChartContainer - [local-hivemq-5fcc877b5c] [hivemq] [9f39e88b] DEBUG - Flushing: /opt/hivemq/data/persistence/retained_messages/040800_R/retained_messages_19
2025-01-29 13:57:04,804 INFO c.h.h.t.OperatorHelmChartContainer - [local-hivemq-5fcc877b5c] [hivemq] [9f39e88b] DEBUG - Flushing: /opt/hivemq/data/persistence/retained_messages/040800_R/retained_messages_20
2025-01-29 13:57:04,804 INFO c.h.h.t.OperatorHelmChartContainer - [local-hivemq-5fcc877b5c] [hivemq] [9f39e88b] DEBUG - Flushing: /opt/hivemq/data/persistence/retained_messages/040800_R/retained_messages_21
2025-01-29 13:57:04,804 INFO c.h.h.t.OperatorHelmChartContainer - [local-hivemq-5fcc877b5c] [hivemq] [9f39e88b] DEBUG - Flushing: /opt/hivemq/data/persistence/retained_messages/040800_R/retained_messages_22
2025-01-29 13:57:04,804 INFO c.h.h.t.OperatorHelmChartContainer - [local-hivemq-5fcc877b5c] [hivemq] [9f39e88b] DEBUG - Flushing: /opt/hivemq/data/persistence/retained_messages/040800_R/retained_messages_23
2025-01-29 13:57:04,804 INFO c.h.h.t.OperatorHelmChartContainer - [local-hivemq-5fcc877b5c] [hivemq] [9f39e88b] DEBUG - Flushing: /opt/hivemq/data/persistence/retained_messages/040800_R/retained_messages_24
2025-01-29 13:57:04,804 INFO c.h.h.t.OperatorHelmChartContainer - [local-hivemq-5fcc877b5c] [hivemq] [9f39e88b] DEBUG - Flushing: /opt/hivemq/data/persistence/retained_messages/040800_R/retained_messages_26
2025-01-29 13:57:04,804 INFO c.h.h.t.OperatorHelmChartContainer - [local-hivemq-5fcc877b5c] [hivemq] [9f39e88b] DEBUG - Flushing: /opt/hivemq/data/persistence/retained_messages/040800_R/retained_messages_25
2025-01-29 13:57:04,804 INFO c.h.h.t.OperatorHelmChartContainer - [local-hivemq-5fcc877b5c] [hivemq] [9f39e88b] DEBUG - Flushing: /opt/hivemq/data/persistence/retained_messages/040800_R/retained_messages_27
2025-01-29 13:57:04,804 INFO c.h.h.t.OperatorHelmChartContainer - [local-hivemq-5fcc877b5c] [hivemq] [9f39e88b] DEBUG - Flushing: /opt/hivemq/data/persistence/retained_messages/040800_R/retained_messages_28
2025-01-29 13:57:04,804 INFO c.h.h.t.OperatorHelmChartContainer - [local-hivemq-5fcc877b5c] [hivemq] [9f39e88b] DEBUG - Flushing: /opt/hivemq/data/persistence/retained_messages/040800_R/retained_messages_29
2025-01-29 13:57:04,804 INFO c.h.h.t.OperatorHelmChartContainer - [local-hivemq-5fcc877b5c] [hivemq] [9f39e88b] DEBUG - Flushing: /opt/hivemq/data/persistence/retained_messages/040800_R/retained_messages_30
2025-01-29 13:57:04,804 INFO c.h.h.t.OperatorHelmChartContainer - [local-hivemq-5fcc877b5c] [hivemq] [9f39e88b] DEBUG - Flushing: /opt/hivemq/data/persistence/retained_messages/040800_R/retained_messages_31
2025-01-29 13:57:04,804 INFO c.h.h.t.OperatorHelmChartContainer - [local-hivemq-5fcc877b5c] [hivemq] [9f39e88b] DEBUG - Flushing: /opt/hivemq/data/persistence/retained_messages/040800_R/retained_messages_33
2025-01-29 13:57:04,804 INFO c.h.h.t.OperatorHelmChartContainer - [local-hivemq-5fcc877b5c] [hivemq] [9f39e88b] DEBUG - Flushing: /opt/hivemq/data/persistence/retained_messages/040800_R/retained_messages_32
2025-01-29 13:57:04,804 INFO c.h.h.t.OperatorHelmChartContainer - [local-hivemq-5fcc877b5c] [hivemq] [9f39e88b] DEBUG - Flushing: /opt/hivemq/data/persistence/retained_messages/040800_R/retained_messages_34
2025-01-29 13:57:04,804 INFO c.h.h.t.OperatorHelmChartContainer - [local-hivemq-5fcc877b5c] [hivemq] [9f39e88b] DEBUG - Flushing: /opt/hivemq/data/persistence/retained_messages/040800_R/retained_messages_35
2025-01-29 13:57:04,804 INFO c.h.h.t.OperatorHelmChartContainer - [local-hivemq-5fcc877b5c] [hivemq] [9f39e88b] DEBUG - Flushing: /opt/hivemq/data/persistence/retained_messages/040800_R/retained_messages_36
2025-01-29 13:57:04,804 INFO c.h.h.t.OperatorHelmChartContainer - [local-hivemq-5fcc877b5c] [hivemq] [9f39e88b] DEBUG - Flushing: /opt/hivemq/data/persistence/retained_messages/040800_R/retained_messages_37
2025-01-29 13:57:04,804 INFO c.h.h.t.OperatorHelmChartContainer - [local-hivemq-5fcc877b5c] [hivemq] [9f39e88b] DEBUG - Flushing: /opt/hivemq/data/persistence/retained_messages/040800_R/retained_messages_39
2025-01-29 13:57:04,804 INFO c.h.h.t.OperatorHelmChartContainer - [local-hivemq-5fcc877b5c] [hivemq] [9f39e88b] DEBUG - Flushing: /opt/hivemq/data/persistence/retained_messages/040800_R/retained_messages_38
2025-01-29 13:57:04,804 INFO c.h.h.t.OperatorHelmChartContainer - [local-hivemq-5fcc877b5c] [hivemq] [9f39e88b] DEBUG - Flushing: /opt/hivemq/data/persistence/retained_messages/040800_R/retained_messages_40
2025-01-29 13:57:04,804 INFO c.h.h.t.OperatorHelmChartContainer - [local-hivemq-5fcc877b5c] [hivemq] [9f39e88b] DEBUG - Flushing: /opt/hivemq/data/persistence/retained_messages/040800_R/retained_messages_41
2025-01-29 13:57:04,804 INFO c.h.h.t.OperatorHelmChartContainer - [local-hivemq-5fcc877b5c] [hivemq] [9f39e88b] DEBUG - Flushing: /opt/hivemq/data/persistence/retained_messages/040800_R/retained_messages_42
2025-01-29 13:57:04,804 INFO c.h.h.t.OperatorHelmChartContainer - [local-hivemq-5fcc877b5c] [hivemq] [9f39e88b] DEBUG - Flushing: /opt/hivemq/data/persistence/retained_messages/040800_R/retained_messages_43
2025-01-29 13:57:04,804 INFO c.h.h.t.OperatorHelmChartContainer - [local-hivemq-5fcc877b5c] [hivemq] [9f39e88b] DEBUG - Flushing: /opt/hivemq/data/persistence/retained_messages/040800_R/retained_messages_44
2025-01-29 13:57:04,804 INFO c.h.h.t.OperatorHelmChartContainer - [local-hivemq-5fcc877b5c] [hivemq] [9f39e88b] DEBUG - Flushing: /opt/hivemq/data/persistence/retained_messages/040800_R/retained_messages_45
2025-01-29 13:57:04,805 INFO c.h.h.t.OperatorHelmChartContainer - [local-hivemq-5fcc877b5c] [hivemq] [9f39e88b] DEBUG - Flushing: /opt/hivemq/data/persistence/retained_messages/040800_R/retained_messages_46
2025-01-29 13:57:04,805 INFO c.h.h.t.OperatorHelmChartContainer - [local-hivemq-5fcc877b5c] [hivemq] [9f39e88b] DEBUG - Flushing: /opt/hivemq/data/persistence/retained_messages/040800_R/retained_messages_47
2025-01-29 13:57:04,805 INFO c.h.h.t.OperatorHelmChartContainer - [local-hivemq-5fcc877b5c] [hivemq] [9f39e88b] DEBUG - Flushing: /opt/hivemq/data/persistence/retained_messages/040800_R/retained_messages_48
2025-01-29 13:57:04,805 INFO c.h.h.t.OperatorHelmChartContainer - [local-hivemq-5fcc877b5c] [hivemq] [9f39e88b] DEBUG - Flushing: /opt/hivemq/data/persistence/retained_messages/040800_R/retained_messages_49
2025-01-29 13:57:04,805 INFO c.h.h.t.OperatorHelmChartContainer - [local-hivemq-5fcc877b5c] [hivemq] [9f39e88b] DEBUG - Flushing: /opt/hivemq/data/persistence/retained_messages/040800_R/retained_messages_51
2025-01-29 13:57:04,805 INFO c.h.h.t.OperatorHelmChartContainer - [local-hivemq-5fcc877b5c] [hivemq] [9f39e88b] DEBUG - Flushing: /opt/hivemq/data/persistence/retained_messages/040800_R/retained_messages_52
2025-01-29 13:57:04,806 INFO c.h.h.t.OperatorHelmChartContainer - [local-hivemq-5fcc877b5c] [hivemq] [9f39e88b] DEBUG - Flushing: /opt/hivemq/data/persistence/retained_messages/040800_R/retained_messages_50
2025-01-29 13:57:04,806 INFO c.h.h.t.OperatorHelmChartContainer - [local-hivemq-5fcc877b5c] [hivemq] [9f39e88b] DEBUG - Flushing: /opt/hivemq/data/persistence/retained_messages/040800_R/retained_messages_53
2025-01-29 13:57:04,807 INFO c.h.h.t.OperatorHelmChartContainer - [local-hivemq-5fcc877b5c] [hivemq] [9f39e88b] DEBUG - Flushing: /opt/hivemq/data/persistence/retained_messages/040800_R/retained_messages_56
2025-01-29 13:57:04,807 INFO c.h.h.t.OperatorHelmChartContainer - [local-hivemq-5fcc877b5c] [hivemq] [9f39e88b] DEBUG - Flushing: /opt/hivemq/data/persistence/retained_messages/040800_R/retained_messages_54
2025-01-29 13:57:04,808 INFO c.h.h.t.OperatorHelmChartContainer - [local-hivemq-5fcc877b5c] [hivemq] [9f39e88b] DEBUG - Flushing: /opt/hivemq/data/persistence/retained_messages/040800_R/retained_messages_55
2025-01-29 13:57:04,809 INFO c.h.h.t.OperatorHelmChartContainer - [local-hivemq-5fcc877b5c] [hivemq] [9f39e88b] DEBUG - Flushing: /opt/hivemq/data/persistence/retained_messages/040800_R/retained_messages_57
2025-01-29 13:57:04,810 INFO c.h.h.t.OperatorHelmChartContainer - [local-hivemq-5fcc877b5c] [hivemq] [9f39e88b] DEBUG - Flushing: /opt/hivemq/data/persistence/retained_messages/040800_R/retained_messages_58
2025-01-29 13:57:04,810 INFO c.h.h.t.OperatorHelmChartContainer - [local-hivemq-5fcc877b5c] [hivemq] [9f39e88b] DEBUG - Flushing: /opt/hivemq/data/persistence/retained_messages/040800_R/retained_messages_59
2025-01-29 13:57:04,810 INFO c.h.h.t.OperatorHelmChartContainer - [local-hivemq-5fcc877b5c] [hivemq] [9f39e88b] DEBUG - Flushing: /opt/hivemq/data/persistence/retained_messages/040800_R/retained_messages_60
2025-01-29 13:57:04,810 INFO c.h.h.t.OperatorHelmChartContainer - [local-hivemq-5fcc877b5c] [hivemq] [9f39e88b] DEBUG - Flushing: /opt/hivemq/data/persistence/retained_messages/040800_R/retained_messages_61
2025-01-29 13:57:04,810 INFO c.h.h.t.OperatorHelmChartContainer - [local-hivemq-5fcc877b5c] [hivemq] [9f39e88b] DEBUG - Flushing: /opt/hivemq/data/persistence/retained_messages/040800_R/retained_messages_62
2025-01-29 13:57:04,810 INFO c.h.h.t.OperatorHelmChartContainer - [local-hivemq-5fcc877b5c] [hivemq] [9f39e88b] DEBUG - Flushing: /opt/hivemq/data/persistence/retained_messages/040800_R/retained_messages_63
2025-01-29 13:57:04,810 INFO c.h.h.t.OperatorHelmChartContainer - [local-hivemq-5fcc877b5c] [hivemq] [9f39e88b] DEBUG - Flushing: /opt/hivemq/data/persistence/attribute/043100_R/attribute_0
2025-01-29 13:57:04,810 INFO c.h.h.t.OperatorHelmChartContainer - [local-hivemq-5fcc877b5c] [hivemq] [9f39e88b] DEBUG - Flushing: /opt/hivemq/data/persistence/attribute/043100_R/attribute_1
2025-01-29 13:57:04,810 INFO c.h.h.t.OperatorHelmChartContainer - [local-hivemq-5fcc877b5c] [hivemq] [9f39e88b] DEBUG - Flushing: /opt/hivemq/data/persistence/attribute/043100_R/attribute_2
2025-01-29 13:57:04,810 INFO c.h.h.t.OperatorHelmChartContainer - [local-hivemq-5fcc877b5c] [hivemq] [9f39e88b] DEBUG - Flushing: /opt/hivemq/data/persistence/attribute/043100_R/attribute_4
2025-01-29 13:57:04,810 INFO c.h.h.t.OperatorHelmChartContainer - [local-hivemq-5fcc877b5c] [hivemq] [9f39e88b] DEBUG - Flushing: /opt/hivemq/data/persistence/attribute/043100_R/attribute_3
2025-01-29 13:57:04,810 INFO c.h.h.t.OperatorHelmChartContainer - [local-hivemq-5fcc877b5c] [hivemq] [9f39e88b] DEBUG - Flushing: /opt/hivemq/data/persistence/attribute/043100_R/attribute_5
2025-01-29 13:57:04,810 INFO c.h.h.t.OperatorHelmChartContainer - [local-hivemq-5fcc877b5c] [hivemq] [9f39e88b] DEBUG - Flushing: /opt/hivemq/data/persistence/attribute/043100_R/attribute_6
2025-01-29 13:57:04,810 INFO c.h.h.t.OperatorHelmChartContainer - [local-hivemq-5fcc877b5c] [hivemq] [9f39e88b] DEBUG - Flushing: /opt/hivemq/data/persistence/attribute/043100_R/attribute_8
2025-01-29 13:57:04,810 INFO c.h.h.t.OperatorHelmChartContainer - [local-hivemq-5fcc877b5c] [hivemq] [9f39e88b] DEBUG - Flushing: /opt/hivemq/data/persistence/attribute/043100_R/attribute_7
2025-01-29 13:57:04,810 INFO c.h.h.t.OperatorHelmChartContainer - [local-hivemq-5fcc877b5c] [hivemq] [9f39e88b] DEBUG - Flushing: /opt/hivemq/data/persistence/attribute/043100_R/attribute_9
2025-01-29 13:57:04,810 INFO c.h.h.t.OperatorHelmChartContainer - [local-hivemq-5fcc877b5c] [hivemq] [9f39e88b] DEBUG - Flushing: /opt/hivemq/data/persistence/attribute/043100_R/attribute_10
2025-01-29 13:57:04,810 INFO c.h.h.t.OperatorHelmChartContainer - [local-hivemq-5fcc877b5c] [hivemq] [9f39e88b] DEBUG - Flushing: /opt/hivemq/data/persistence/attribute/043100_R/attribute_11
2025-01-29 13:57:04,810 INFO c.h.h.t.OperatorHelmChartContainer - [local-hivemq-5fcc877b5c] [hivemq] [9f39e88b] DEBUG - Flushing: /opt/hivemq/data/persistence/attribute/043100_R/attribute_12
2025-01-29 13:57:04,810 INFO c.h.h.t.OperatorHelmChartContainer - [local-hivemq-5fcc877b5c] [hivemq] [9f39e88b] DEBUG - Flushing: /opt/hivemq/data/persistence/attribute/043100_R/attribute_13
2025-01-29 13:57:04,810 INFO c.h.h.t.OperatorHelmChartContainer - [local-hivemq-5fcc877b5c] [hivemq] [9f39e88b] DEBUG - Flushing: /opt/hivemq/data/persistence/attribute/043100_R/attribute_14
2025-01-29 13:57:04,810 INFO c.h.h.t.OperatorHelmChartContainer - [local-hivemq-5fcc877b5c] [hivemq] [9f39e88b] DEBUG - Flushing: /opt/hivemq/data/persistence/attribute/043100_R/attribute_15
2025-01-29 13:57:04,810 INFO c.h.h.t.OperatorHelmChartContainer - [local-hivemq-5fcc877b5c] [hivemq] [9f39e88b] DEBUG - Flushing: /opt/hivemq/data/persistence/attribute/043100_R/attribute_16
2025-01-29 13:57:04,810 INFO c.h.h.t.OperatorHelmChartContainer - [local-hivemq-5fcc877b5c] [hivemq] [9f39e88b] DEBUG - Flushing: /opt/hivemq/data/persistence/attribute/043100_R/attribute_17
2025-01-29 13:57:04,810 INFO c.h.h.t.OperatorHelmChartContainer - [local-hivemq-5fcc877b5c] [hivemq] [9f39e88b] DEBUG - Flushing: /opt/hivemq/data/persistence/attribute/043100_R/attribute_18
2025-01-29 13:57:04,810 INFO c.h.h.t.OperatorHelmChartContainer - [local-hivemq-5fcc877b5c] [hivemq] [9f39e88b] DEBUG - Flushing: /opt/hivemq/data/persistence/attribute/043100_R/attribute_19
2025-01-29 13:57:04,811 INFO c.h.h.t.OperatorHelmChartContainer - [local-hivemq-5fcc877b5c] [hivemq] [9f39e88b] DEBUG - Flushing: /opt/hivemq/data/persistence/attribute/043100_R/attribute_20
2025-01-29 13:57:04,811 INFO c.h.h.t.OperatorHelmChartContainer - [local-hivemq-5fcc877b5c] [hivemq] [9f39e88b] DEBUG - Flushing: /opt/hivemq/data/persistence/attribute/043100_R/attribute_21
2025-01-29 13:57:04,811 INFO c.h.h.t.OperatorHelmChartContainer - [local-hivemq-5fcc877b5c] [hivemq] [9f39e88b] DEBUG - Flushing: /opt/hivemq/data/persistence/attribute/043100_R/attribute_22
2025-01-29 13:57:04,811 INFO c.h.h.t.OperatorHelmChartContainer - [local-hivemq-5fcc877b5c] [hivemq] [9f39e88b] DEBUG - Flushing: /opt/hivemq/data/persistence/attribute/043100_R/attribute_23
2025-01-29 13:57:04,811 INFO c.h.h.t.OperatorHelmChartContainer - [local-hivemq-5fcc877b5c] [hivemq] [9f39e88b] DEBUG - Flushing: /opt/hivemq/data/persistence/attribute/043100_R/attribute_24
2025-01-29 13:57:04,811 INFO c.h.h.t.OperatorHelmChartContainer - [local-hivemq-5fcc877b5c] [hivemq] [9f39e88b] DEBUG - Flushing: /opt/hivemq/data/persistence/attribute/043100_R/attribute_25
2025-01-29 13:57:04,811 INFO c.h.h.t.OperatorHelmChartContainer - [local-hivemq-5fcc877b5c] [hivemq] [9f39e88b] DEBUG - Flushing: /opt/hivemq/data/persistence/attribute/043100_R/attribute_26
2025-01-29 13:57:04,812 INFO c.h.h.t.OperatorHelmChartContainer - [local-hivemq-5fcc877b5c] [hivemq] [9f39e88b] DEBUG - Flushing: /opt/hivemq/data/persistence/attribute/043100_R/attribute_27
2025-01-29 13:57:04,812 INFO c.h.h.t.OperatorHelmChartContainer - [local-hivemq-5fcc877b5c] [hivemq] [9f39e88b] DEBUG - Flushing: /opt/hivemq/data/persistence/attribute/043100_R/attribute_28
2025-01-29 13:57:04,812 INFO c.h.h.t.OperatorHelmChartContainer - [local-hivemq-5fcc877b5c] [hivemq] [9f39e88b] DEBUG - Flushing: /opt/hivemq/data/persistence/attribute/043100_R/attribute_29
2025-01-29 13:57:04,812 INFO c.h.h.t.OperatorHelmChartContainer - [local-hivemq-5fcc877b5c] [hivemq] [9f39e88b] DEBUG - Flushing: /opt/hivemq/data/persistence/attribute/043100_R/attribute_30
2025-01-29 13:57:04,812 INFO c.h.h.t.OperatorHelmChartContainer - [local-hivemq-5fcc877b5c] [hivemq] [9f39e88b] DEBUG - Flushing: /opt/hivemq/data/persistence/attribute/043100_R/attribute_31
2025-01-29 13:57:04,812 INFO c.h.h.t.OperatorHelmChartContainer - [local-hivemq-5fcc877b5c] [hivemq] [9f39e88b] DEBUG - Flushing: /opt/hivemq/data/persistence/attribute/043100_R/attribute_32
2025-01-29 13:57:04,812 INFO c.h.h.t.OperatorHelmChartContainer - [local-hivemq-5fcc877b5c] [hivemq] [9f39e88b] DEBUG - Flushing: /opt/hivemq/data/persistence/attribute/043100_R/attribute_33
2025-01-29 13:57:04,812 INFO c.h.h.t.OperatorHelmChartContainer - [local-hivemq-5fcc877b5c] [hivemq] [9f39e88b] DEBUG - Flushing: /opt/hivemq/data/persistence/attribute/043100_R/attribute_34
2025-01-29 13:57:04,812 INFO c.h.h.t.OperatorHelmChartContainer - [local-hivemq-5fcc877b5c] [hivemq] [9f39e88b] DEBUG - Flushing: /opt/hivemq/data/persistence/attribute/043100_R/attribute_35
2025-01-29 13:57:04,813 INFO c.h.h.t.OperatorHelmChartContainer - [local-hivemq-5fcc877b5c] [hivemq] [9f39e88b] DEBUG - Flushing: /opt/hivemq/data/persistence/attribute/043100_R/attribute_36
2025-01-29 13:57:04,813 INFO c.h.h.t.OperatorHelmChartContainer - [local-hivemq-5fcc877b5c] [hivemq] [9f39e88b] DEBUG - Flushing: /opt/hivemq/data/persistence/attribute/043100_R/attribute_39
2025-01-29 13:57:04,813 INFO c.h.h.t.OperatorHelmChartContainer - [local-hivemq-5fcc877b5c] [hivemq] [9f39e88b] DEBUG - Flushing: /opt/hivemq/data/persistence/attribute/043100_R/attribute_38
2025-01-29 13:57:04,813 INFO c.h.h.t.OperatorHelmChartContainer - [local-hivemq-5fcc877b5c] [hivemq] [9f39e88b] DEBUG - Flushing: /opt/hivemq/data/persistence/attribute/043100_R/attribute_37
2025-01-29 13:57:04,813 INFO c.h.h.t.OperatorHelmChartContainer - [local-hivemq-5fcc877b5c] [hivemq] [9f39e88b] DEBUG - Flushing: /opt/hivemq/data/persistence/attribute/043100_R/attribute_40
2025-01-29 13:57:04,813 INFO c.h.h.t.OperatorHelmChartContainer - [local-hivemq-5fcc877b5c] [hivemq] [9f39e88b] DEBUG - Flushing: /opt/hivemq/data/persistence/attribute/043100_R/attribute_41
2025-01-29 13:57:04,813 INFO c.h.h.t.OperatorHelmChartContainer - [local-hivemq-5fcc877b5c] [hivemq] [9f39e88b] DEBUG - Flushing: /opt/hivemq/data/persistence/attribute/043100_R/attribute_42
2025-01-29 13:57:04,813 INFO c.h.h.t.OperatorHelmChartContainer - [local-hivemq-5fcc877b5c] [hivemq] [9f39e88b] DEBUG - Flushing: /opt/hivemq/data/persistence/attribute/043100_R/attribute_43
2025-01-29 13:57:04,813 INFO c.h.h.t.OperatorHelmChartContainer - [local-hivemq-5fcc877b5c] [hivemq] [9f39e88b] DEBUG - Flushing: /opt/hivemq/data/persistence/attribute/043100_R/attribute_44
2025-01-29 13:57:04,813 INFO c.h.h.t.OperatorHelmChartContainer - [local-hivemq-5fcc877b5c] [hivemq] [9f39e88b] DEBUG - Flushing: /opt/hivemq/data/persistence/attribute/043100_R/attribute_47
2025-01-29 13:57:04,813 INFO c.h.h.t.OperatorHelmChartContainer - [local-hivemq-5fcc877b5c] [hivemq] [9f39e88b] DEBUG - Flushing: /opt/hivemq/data/persistence/attribute/043100_R/attribute_45
2025-01-29 13:57:04,813 INFO c.h.h.t.OperatorHelmChartContainer - [local-hivemq-5fcc877b5c] [hivemq] [9f39e88b] DEBUG - Flushing: /opt/hivemq/data/persistence/attribute/043100_R/attribute_46
2025-01-29 13:57:04,813 INFO c.h.h.t.OperatorHelmChartContainer - [local-hivemq-5fcc877b5c] [hivemq] [9f39e88b] DEBUG - Flushing: /opt/hivemq/data/persistence/attribute/043100_R/attribute_50
2025-01-29 13:57:04,813 INFO c.h.h.t.OperatorHelmChartContainer - [local-hivemq-5fcc877b5c] [hivemq] [9f39e88b] DEBUG - Flushing: /opt/hivemq/data/persistence/attribute/043100_R/attribute_49
2025-01-29 13:57:04,813 INFO c.h.h.t.OperatorHelmChartContainer - [local-hivemq-5fcc877b5c] [hivemq] [9f39e88b] DEBUG - Flushing: /opt/hivemq/data/persistence/attribute/043100_R/attribute_48
2025-01-29 13:57:04,814 INFO c.h.h.t.OperatorHelmChartContainer - [local-hivemq-5fcc877b5c] [hivemq] [9f39e88b] DEBUG - Flushing: /opt/hivemq/data/persistence/attribute/043100_R/attribute_51
2025-01-29 13:57:04,814 INFO c.h.h.t.OperatorHelmChartContainer - [local-hivemq-5fcc877b5c] [hivemq] [9f39e88b] DEBUG - Flushing: /opt/hivemq/data/persistence/attribute/043100_R/attribute_52
2025-01-29 13:57:04,814 INFO c.h.h.t.OperatorHelmChartContainer - [local-hivemq-5fcc877b5c] [hivemq] [9f39e88b] DEBUG - Flushing: /opt/hivemq/data/persistence/attribute/043100_R/attribute_53
2025-01-29 13:57:04,814 INFO c.h.h.t.OperatorHelmChartContainer - [local-hivemq-5fcc877b5c] [hivemq] [9f39e88b] DEBUG - Flushing: /opt/hivemq/data/persistence/attribute/043100_R/attribute_54
2025-01-29 13:57:04,814 INFO c.h.h.t.OperatorHelmChartContainer - [local-hivemq-5fcc877b5c] [hivemq] [9f39e88b] DEBUG - Flushing: /opt/hivemq/data/persistence/attribute/043100_R/attribute_55
2025-01-29 13:57:04,814 INFO c.h.h.t.OperatorHelmChartContainer - [local-hivemq-5fcc877b5c] [hivemq] [9f39e88b] DEBUG - Flushing: /opt/hivemq/data/persistence/attribute/043100_R/attribute_57
2025-01-29 13:57:04,815 INFO c.h.h.t.OperatorHelmChartContainer - [local-hivemq-5fcc877b5c] [hivemq] [9f39e88b] DEBUG - Flushing: /opt/hivemq/data/persistence/attribute/043100_R/attribute_56
2025-01-29 13:57:04,815 INFO c.h.h.t.OperatorHelmChartContainer - [local-hivemq-5fcc877b5c] [hivemq] [9f39e88b] DEBUG - Flushing: /opt/hivemq/data/persistence/attribute/043100_R/attribute_58
2025-01-29 13:57:04,817 INFO c.h.h.t.OperatorHelmChartContainer - [local-hivemq-5fcc877b5c] [hivemq] [9f39e88b] DEBUG - Flushing: /opt/hivemq/data/persistence/attribute/043100_R/attribute_59
2025-01-29 13:57:04,817 INFO c.h.h.t.OperatorHelmChartContainer - [local-hivemq-5fcc877b5c] [hivemq] [9f39e88b] DEBUG - Flushing: /opt/hivemq/data/persistence/attribute/043100_R/attribute_61
2025-01-29 13:57:04,817 INFO c.h.h.t.OperatorHelmChartContainer - [local-hivemq-5fcc877b5c] [hivemq] [9f39e88b] DEBUG - Flushing: /opt/hivemq/data/persistence/attribute/043100_R/attribute_60
2025-01-29 13:57:04,817 INFO c.h.h.t.OperatorHelmChartContainer - [local-hivemq-5fcc877b5c] [hivemq] [9f39e88b] DEBUG - Flushing: /opt/hivemq/data/persistence/attribute/043100_R/attribute_62
2025-01-29 13:57:04,817 INFO c.h.h.t.OperatorHelmChartContainer - [local-hivemq-5fcc877b5c] [hivemq] [9f39e88b] DEBUG - Flushing: /opt/hivemq/data/persistence/attribute/043100_R/attribute_63
2025-01-29 13:57:04,817 INFO c.h.h.t.OperatorHelmChartContainer - [local-hivemq-5fcc877b5c] [hivemq] [9f39e88b] DEBUG - Flushing: /opt/hivemq/data/persistence/incoming_message_flow/043000_R/incoming_message_flow_0
2025-01-29 13:57:04,817 INFO c.h.h.t.OperatorHelmChartContainer - [local-hivemq-5fcc877b5c] [hivemq] [9f39e88b] DEBUG - Flushing: /opt/hivemq/data/persistence/incoming_message_flow/043000_R/incoming_message_flow_1
2025-01-29 13:57:04,817 INFO c.h.h.t.OperatorHelmChartContainer - [local-hivemq-5fcc877b5c] [hivemq] [9f39e88b] DEBUG - Flushing: /opt/hivemq/data/persistence/incoming_message_flow/043000_R/incoming_message_flow_3
2025-01-29 13:57:04,817 INFO c.h.h.t.OperatorHelmChartContainer - [local-hivemq-5fcc877b5c] [hivemq] [9f39e88b] DEBUG - Flushing: /opt/hivemq/data/persistence/incoming_message_flow/043000_R/incoming_message_flow_2
2025-01-29 13:57:04,817 INFO c.h.h.t.OperatorHelmChartContainer - [local-hivemq-5fcc877b5c] [hivemq] [9f39e88b] DEBUG - Flushing: /opt/hivemq/data/persistence/incoming_message_flow/043000_R/incoming_message_flow_4
2025-01-29 13:57:04,817 INFO c.h.h.t.OperatorHelmChartContainer - [local-hivemq-5fcc877b5c] [hivemq] [9f39e88b] DEBUG - Flushing: /opt/hivemq/data/persistence/incoming_message_flow/043000_R/incoming_message_flow_5
2025-01-29 13:57:04,817 INFO c.h.h.t.OperatorHelmChartContainer - [local-hivemq-5fcc877b5c] [hivemq] [9f39e88b] DEBUG - Flushing: /opt/hivemq/data/persistence/incoming_message_flow/043000_R/incoming_message_flow_7
2025-01-29 13:57:04,817 INFO c.h.h.t.OperatorHelmChartContainer - [local-hivemq-5fcc877b5c] [hivemq] [9f39e88b] DEBUG - Flushing: /opt/hivemq/data/persistence/incoming_message_flow/043000_R/incoming_message_flow_6
2025-01-29 13:57:04,817 INFO c.h.h.t.OperatorHelmChartContainer - [local-hivemq-5fcc877b5c] [hivemq] [9f39e88b] DEBUG - Flushing: /opt/hivemq/data/persistence/incoming_message_flow/043000_R/incoming_message_flow_8
2025-01-29 13:57:04,817 INFO c.h.h.t.OperatorHelmChartContainer - [local-hivemq-5fcc877b5c] [hivemq] [9f39e88b] DEBUG - Flushing: /opt/hivemq/data/persistence/incoming_message_flow/043000_R/incoming_message_flow_9
2025-01-29 13:57:04,817 INFO c.h.h.t.OperatorHelmChartContainer - [local-hivemq-5fcc877b5c] [hivemq] [9f39e88b] DEBUG - Flushing: /opt/hivemq/data/persistence/incoming_message_flow/043000_R/incoming_message_flow_10
2025-01-29 13:57:04,817 INFO c.h.h.t.OperatorHelmChartContainer - [local-hivemq-5fcc877b5c] [hivemq] [9f39e88b] DEBUG - Flushing: /opt/hivemq/data/persistence/incoming_message_flow/043000_R/incoming_message_flow_11
2025-01-29 13:57:04,817 INFO c.h.h.t.OperatorHelmChartContainer - [local-hivemq-5fcc877b5c] [hivemq] [9f39e88b] DEBUG - Flushing: /opt/hivemq/data/persistence/incoming_message_flow/043000_R/incoming_message_flow_12
2025-01-29 13:57:04,817 INFO c.h.h.t.OperatorHelmChartContainer - [local-hivemq-5fcc877b5c] [hivemq] [9f39e88b] DEBUG - Flushing: /opt/hivemq/data/persistence/incoming_message_flow/043000_R/incoming_message_flow_13
2025-01-29 13:57:04,817 INFO c.h.h.t.OperatorHelmChartContainer - [local-hivemq-5fcc877b5c] [hivemq] [9f39e88b] DEBUG - Flushing: /opt/hivemq/data/persistence/incoming_message_flow/043000_R/incoming_message_flow_14
2025-01-29 13:57:04,817 INFO c.h.h.t.OperatorHelmChartContainer - [local-hivemq-5fcc877b5c] [hivemq] [9f39e88b] DEBUG - Flushing: /opt/hivemq/data/persistence/incoming_message_flow/043000_R/incoming_message_flow_15
2025-01-29 13:57:04,817 INFO c.h.h.t.OperatorHelmChartContainer - [local-hivemq-5fcc877b5c] [hivemq] [9f39e88b] DEBUG - Flushing: /opt/hivemq/data/persistence/incoming_message_flow/043000_R/incoming_message_flow_16
2025-01-29 13:57:04,817 INFO c.h.h.t.OperatorHelmChartContainer - [local-hivemq-5fcc877b5c] [hivemq] [9f39e88b] DEBUG - Flushing: /opt/hivemq/data/persistence/incoming_message_flow/043000_R/incoming_message_flow_17
2025-01-29 13:57:04,817 INFO c.h.h.t.OperatorHelmChartContainer - [local-hivemq-5fcc877b5c] [hivemq] [9f39e88b] DEBUG - Flushing: /opt/hivemq/data/persistence/incoming_message_flow/043000_R/incoming_message_flow_18
2025-01-29 13:57:04,817 INFO c.h.h.t.OperatorHelmChartContainer - [local-hivemq-5fcc877b5c] [hivemq] [9f39e88b] DEBUG - Flushing: /opt/hivemq/data/persistence/incoming_message_flow/043000_R/incoming_message_flow_19
2025-01-29 13:57:04,817 INFO c.h.h.t.OperatorHelmChartContainer - [local-hivemq-5fcc877b5c] [hivemq] [9f39e88b] DEBUG - Flushing: /opt/hivemq/data/persistence/incoming_message_flow/043000_R/incoming_message_flow_20
2025-01-29 13:57:04,817 INFO c.h.h.t.OperatorHelmChartContainer - [local-hivemq-5fcc877b5c] [hivemq] [9f39e88b] DEBUG - Flushing: /opt/hivemq/data/persistence/incoming_message_flow/043000_R/incoming_message_flow_21
2025-01-29 13:57:04,819 INFO c.h.h.t.OperatorHelmChartContainer - [local-hivemq-5fcc877b5c] [hivemq] [9f39e88b] DEBUG - Flushing: /opt/hivemq/data/persistence/incoming_message_flow/043000_R/incoming_message_flow_22
2025-01-29 13:57:04,819 INFO c.h.h.t.OperatorHelmChartContainer - [local-hivemq-5fcc877b5c] [hivemq] [9f39e88b] DEBUG - Flushing: /opt/hivemq/data/persistence/incoming_message_flow/043000_R/incoming_message_flow_23
2025-01-29 13:57:04,819 INFO c.h.h.t.OperatorHelmChartContainer - [local-hivemq-5fcc877b5c] [hivemq] [9f39e88b] DEBUG - Flushing: /opt/hivemq/data/persistence/incoming_message_flow/043000_R/incoming_message_flow_24
2025-01-29 13:57:04,821 INFO c.h.h.t.OperatorHelmChartContainer - [local-hivemq-5fcc877b5c] [hivemq] [9f39e88b] DEBUG - Flushing: /opt/hivemq/data/persistence/incoming_message_flow/043000_R/incoming_message_flow_25
2025-01-29 13:57:04,822 INFO c.h.h.t.OperatorHelmChartContainer - [local-hivemq-5fcc877b5c] [hivemq] [9f39e88b] DEBUG - Flushing: /opt/hivemq/data/persistence/incoming_message_flow/043000_R/incoming_message_flow_26
2025-01-29 13:57:04,822 INFO c.h.h.t.OperatorHelmChartContainer - [local-hivemq-5fcc877b5c] [hivemq] [9f39e88b] DEBUG - Flushing: /opt/hivemq/data/persistence/incoming_message_flow/043000_R/incoming_message_flow_29
2025-01-29 13:57:04,822 INFO c.h.h.t.OperatorHelmChartContainer - [local-hivemq-5fcc877b5c] [hivemq] [9f39e88b] DEBUG - Flushing: /opt/hivemq/data/persistence/incoming_message_flow/043000_R/incoming_message_flow_27
2025-01-29 13:57:04,822 INFO c.h.h.t.OperatorHelmChartContainer - [local-hivemq-5fcc877b5c] [hivemq] [9f39e88b] DEBUG - Flushing: /opt/hivemq/data/persistence/incoming_message_flow/043000_R/incoming_message_flow_28
2025-01-29 13:57:04,822 INFO c.h.h.t.OperatorHelmChartContainer - [local-hivemq-5fcc877b5c] [hivemq] [9f39e88b] DEBUG - Flushing: /opt/hivemq/data/persistence/incoming_message_flow/043000_R/incoming_message_flow_30
2025-01-29 13:57:04,822 INFO c.h.h.t.OperatorHelmChartContainer - [local-hivemq-5fcc877b5c] [hivemq] [9f39e88b] DEBUG - Flushing: /opt/hivemq/data/persistence/incoming_message_flow/043000_R/incoming_message_flow_32
2025-01-29 13:57:04,822 INFO c.h.h.t.OperatorHelmChartContainer - [local-hivemq-5fcc877b5c] [hivemq] [9f39e88b] DEBUG - Flushing: /opt/hivemq/data/persistence/incoming_message_flow/043000_R/incoming_message_flow_31
2025-01-29 13:57:04,822 INFO c.h.h.t.OperatorHelmChartContainer - [local-hivemq-5fcc877b5c] [hivemq] [9f39e88b] DEBUG - Flushing: /opt/hivemq/data/persistence/incoming_message_flow/043000_R/incoming_message_flow_33
2025-01-29 13:57:04,822 INFO c.h.h.t.OperatorHelmChartContainer - [local-hivemq-5fcc877b5c] [hivemq] [9f39e88b] DEBUG - Flushing: /opt/hivemq/data/persistence/incoming_message_flow/043000_R/incoming_message_flow_34
2025-01-29 13:57:04,822 INFO c.h.h.t.OperatorHelmChartContainer - [local-hivemq-5fcc877b5c] [hivemq] [9f39e88b] DEBUG - Flushing: /opt/hivemq/data/persistence/incoming_message_flow/043000_R/incoming_message_flow_35
2025-01-29 13:57:04,822 INFO c.h.h.t.OperatorHelmChartContainer - [local-hivemq-5fcc877b5c] [hivemq] [9f39e88b] DEBUG - Flushing: /opt/hivemq/data/persistence/incoming_message_flow/043000_R/incoming_message_flow_36
2025-01-29 13:57:04,822 INFO c.h.h.t.OperatorHelmChartContainer - [local-hivemq-5fcc877b5c] [hivemq] [9f39e88b] DEBUG - Flushing: /opt/hivemq/data/persistence/incoming_message_flow/043000_R/incoming_message_flow_37
2025-01-29 13:57:04,822 INFO c.h.h.t.OperatorHelmChartContainer - [local-hivemq-5fcc877b5c] [hivemq] [9f39e88b] DEBUG - Flushing: /opt/hivemq/data/persistence/incoming_message_flow/043000_R/incoming_message_flow_38
2025-01-29 13:57:04,822 INFO c.h.h.t.OperatorHelmChartContainer - [local-hivemq-5fcc877b5c] [hivemq] [9f39e88b] DEBUG - Flushing: /opt/hivemq/data/persistence/incoming_message_flow/043000_R/incoming_message_flow_39
2025-01-29 13:57:04,822 INFO c.h.h.t.OperatorHelmChartContainer - [local-hivemq-5fcc877b5c] [hivemq] [9f39e88b] DEBUG - Flushing: /opt/hivemq/data/persistence/incoming_message_flow/043000_R/incoming_message_flow_40
2025-01-29 13:57:04,823 INFO c.h.h.t.OperatorHelmChartContainer - [local-hivemq-5fcc877b5c] [hivemq] [9f39e88b] DEBUG - Flushing: /opt/hivemq/data/persistence/incoming_message_flow/043000_R/incoming_message_flow_41
2025-01-29 13:57:04,823 INFO c.h.h.t.OperatorHelmChartContainer - [local-hivemq-5fcc877b5c] [hivemq] [9f39e88b] DEBUG - Flushing: /opt/hivemq/data/persistence/incoming_message_flow/043000_R/incoming_message_flow_43
2025-01-29 13:57:04,823 INFO c.h.h.t.OperatorHelmChartContainer - [local-hivemq-5fcc877b5c] [hivemq] [9f39e88b] DEBUG - Flushing: /opt/hivemq/data/persistence/incoming_message_flow/043000_R/incoming_message_flow_42
2025-01-29 13:57:04,823 INFO c.h.h.t.OperatorHelmChartContainer - [local-hivemq-5fcc877b5c] [hivemq] [9f39e88b] DEBUG - Flushing: /opt/hivemq/data/persistence/incoming_message_flow/043000_R/incoming_message_flow_45
2025-01-29 13:57:04,823 INFO c.h.h.t.OperatorHelmChartContainer - [local-hivemq-5fcc877b5c] [hivemq] [9f39e88b] DEBUG - Flushing: /opt/hivemq/data/persistence/incoming_message_flow/043000_R/incoming_message_flow_44
2025-01-29 13:57:04,823 INFO c.h.h.t.OperatorHelmChartContainer - [local-hivemq-5fcc877b5c] [hivemq] [9f39e88b] DEBUG - Flushing: /opt/hivemq/data/persistence/incoming_message_flow/043000_R/incoming_message_flow_46
2025-01-29 13:57:04,823 INFO c.h.h.t.OperatorHelmChartContainer - [local-hivemq-5fcc877b5c] [hivemq] [9f39e88b] DEBUG - Flushing: /opt/hivemq/data/persistence/incoming_message_flow/043000_R/incoming_message_flow_48
2025-01-29 13:57:04,823 INFO c.h.h.t.OperatorHelmChartContainer - [local-hivemq-5fcc877b5c] [hivemq] [9f39e88b] DEBUG - Flushing: /opt/hivemq/data/persistence/incoming_message_flow/043000_R/incoming_message_flow_47
2025-01-29 13:57:04,823 INFO c.h.h.t.OperatorHelmChartContainer - [local-hivemq-5fcc877b5c] [hivemq] [9f39e88b] DEBUG - Flushing: /opt/hivemq/data/persistence/incoming_message_flow/043000_R/incoming_message_flow_49
2025-01-29 13:57:04,823 INFO c.h.h.t.OperatorHelmChartContainer - [local-hivemq-5fcc877b5c] [hivemq] [9f39e88b] DEBUG - Flushing: /opt/hivemq/data/persistence/incoming_message_flow/043000_R/incoming_message_flow_51
2025-01-29 13:57:04,823 INFO c.h.h.t.OperatorHelmChartContainer - [local-hivemq-5fcc877b5c] [hivemq] [9f39e88b] DEBUG - Flushing: /opt/hivemq/data/persistence/incoming_message_flow/043000_R/incoming_message_flow_50
2025-01-29 13:57:04,823 INFO c.h.h.t.OperatorHelmChartContainer - [local-hivemq-5fcc877b5c] [hivemq] [9f39e88b] DEBUG - Flushing: /opt/hivemq/data/persistence/incoming_message_flow/043000_R/incoming_message_flow_53
2025-01-29 13:57:04,823 INFO c.h.h.t.OperatorHelmChartContainer - [local-hivemq-5fcc877b5c] [hivemq] [9f39e88b] DEBUG - Flushing: /opt/hivemq/data/persistence/incoming_message_flow/043000_R/incoming_message_flow_52
2025-01-29 13:57:04,823 INFO c.h.h.t.OperatorHelmChartContainer - [local-hivemq-5fcc877b5c] [hivemq] [9f39e88b] DEBUG - Flushing: /opt/hivemq/data/persistence/incoming_message_flow/043000_R/incoming_message_flow_55
2025-01-29 13:57:04,823 INFO c.h.h.t.OperatorHelmChartContainer - [local-hivemq-5fcc877b5c] [hivemq] [9f39e88b] DEBUG - Flushing: /opt/hivemq/data/persistence/incoming_message_flow/043000_R/incoming_message_flow_54
2025-01-29 13:57:04,823 INFO c.h.h.t.OperatorHelmChartContainer - [local-hivemq-5fcc877b5c] [hivemq] [9f39e88b] DEBUG - Flushing: /opt/hivemq/data/persistence/incoming_message_flow/043000_R/incoming_message_flow_56
2025-01-29 13:57:04,823 INFO c.h.h.t.OperatorHelmChartContainer - [local-hivemq-5fcc877b5c] [hivemq] [9f39e88b] DEBUG - Flushing: /opt/hivemq/data/persistence/incoming_message_flow/043000_R/incoming_message_flow_57
2025-01-29 13:57:04,823 INFO c.h.h.t.OperatorHelmChartContainer - [local-hivemq-5fcc877b5c] [hivemq] [9f39e88b] DEBUG - Flushing: /opt/hivemq/data/persistence/incoming_message_flow/043000_R/incoming_message_flow_59
2025-01-29 13:57:04,823 INFO c.h.h.t.OperatorHelmChartContainer - [local-hivemq-5fcc877b5c] [hivemq] [9f39e88b] DEBUG - Flushing: /opt/hivemq/data/persistence/incoming_message_flow/043000_R/incoming_message_flow_58
2025-01-29 13:57:04,823 INFO c.h.h.t.OperatorHelmChartContainer - [local-hivemq-5fcc877b5c] [hivemq] [9f39e88b] DEBUG - Flushing: /opt/hivemq/data/persistence/incoming_message_flow/043000_R/incoming_message_flow_60
2025-01-29 13:57:04,823 INFO c.h.h.t.OperatorHelmChartContainer - [local-hivemq-5fcc877b5c] [hivemq] [9f39e88b] DEBUG - Flushing: /opt/hivemq/data/persistence/incoming_message_flow/043000_R/incoming_message_flow_61
2025-01-29 13:57:04,823 INFO c.h.h.t.OperatorHelmChartContainer - [local-hivemq-5fcc877b5c] [hivemq] [9f39e88b] DEBUG - Flushing: /opt/hivemq/data/persistence/incoming_message_flow/043000_R/incoming_message_flow_62
2025-01-29 13:57:04,823 INFO c.h.h.t.OperatorHelmChartContainer - [local-hivemq-5fcc877b5c] [hivemq] [9f39e88b] DEBUG - Flushing: /opt/hivemq/data/persistence/incoming_message_flow/043000_R/incoming_message_flow_63
2025-01-29 13:57:04,823 INFO c.h.h.t.OperatorHelmChartContainer - [local-hivemq-5fcc877b5c] [hivemq] [9f39e88b] DEBUG - Flushing: /opt/hivemq/data/persistence/data_hub_modules/043000_R/data_hub_modules_0
2025-01-29 13:57:04,823 INFO c.h.h.t.OperatorHelmChartContainer - [local-hivemq-5fcc877b5c] [hivemq] [9f39e88b] DEBUG - Flushing: /opt/hivemq/data/persistence/data_hub_schemas/042000_R/data_hub_schemas_0
2025-01-29 13:57:04,823 INFO c.h.h.t.OperatorHelmChartContainer - [local-hivemq-5fcc877b5c] [hivemq] [9f39e88b] DEBUG - Flushing: /opt/hivemq/data/persistence/data_hub_scripts/042300_R/data_hub_scripts_0
2025-01-29 13:57:04,823 INFO c.h.h.t.OperatorHelmChartContainer - [local-hivemq-5fcc877b5c] [hivemq] [9f39e88b] DEBUG - Flushing: /opt/hivemq/data/persistence/data_hub_policies/042000_R/data_hub_policies_0
2025-01-29 13:57:04,823 INFO c.h.h.t.OperatorHelmChartContainer - [local-hivemq-5fcc877b5c] [hivemq] [9f39e88b] DEBUG - Enabling WAL.
2025-01-29 13:57:04,823 INFO c.h.h.t.OperatorHelmChartContainer - [local-hivemq-5fcc877b5c] [hivemq] [9f39e88b] DEBUG - Sending RUNNING state request to tWHo8.
2025-01-29 13:57:04,828 INFO c.h.h.t.OperatorHelmChartContainer - [local-hivemq-6f4d548d79] [hivemq] [97fafcfc] DEBUG - Starting After-Join-Cleanup for node SihkC.
2025-01-29 13:57:04,833 INFO c.h.h.t.OperatorHelmChartContainer - [local-hivemq-6f4d548d79] [hivemq] [97fafcfc] DEBUG - State of node SihkC changed to RUNNING was JOINING. Current cluster node states: {SihkC=RUNNING, tWHo8=RUNNING}
2025-01-29 13:57:04,833 INFO c.h.h.t.OperatorHelmChartContainer - [local-hivemq-6f4d548d79] [hivemq] [97fafcfc] INFO  - Cluster size = 2, members : [tWHo8, SihkC].
2025-01-29 13:57:04,833 INFO c.h.h.t.OperatorHelmChartContainer - [local-hivemq-6f4d548d79] [hivemq] [97fafcfc] DEBUG - Sending RUNNING state notification for SihkC to all nodes.
2025-01-29 13:57:04,850 INFO c.h.h.t.OperatorHelmChartContainer - [local-hivemq-5fcc877b5c] [hivemq] [9f39e88b] DEBUG - Starting After-Join-Cleanup for node SihkC.
2025-01-29 13:57:04,857 INFO c.h.h.t.OperatorHelmChartContainer - [local-hivemq-5fcc877b5c] [hivemq] [9f39e88b] DEBUG - State of node SihkC changed to RUNNING was JOINING. Current cluster node states: {SihkC=RUNNING, tWHo8=RUNNING}
2025-01-29 13:57:04,857 INFO c.h.h.t.OperatorHelmChartContainer - [local-hivemq-5fcc877b5c] [hivemq] [9f39e88b] INFO  - Cluster size = 2, members : [tWHo8, SihkC].
2025-01-29 13:57:04,857 INFO c.h.h.t.OperatorHelmChartContainer - [local-hivemq-6f4d548d79] [hivemq] [97fafcfc] DEBUG - Finished After-Join-Cleanup for node SihkC in 27ms.
2025-01-29 13:57:04,873 INFO c.h.h.t.OperatorHelmChartContainer - [local-hivemq-5fcc877b5c] [hivemq] [9f39e88b] INFO  - Finished cluster join process successfully.
2025-01-29 13:57:04,874 INFO c.h.h.t.OperatorHelmChartContainer - [local-hivemq-5fcc877b5c] [hivemq] [9f39e88b] WARN  - No user for HiveMQ Control Center configured. Starting with default user
2025-01-29 13:57:04,875 INFO c.h.h.t.OperatorHelmChartContainer - [local-hivemq-5fcc877b5c] [hivemq] [9f39e88b] INFO  - Starting HiveMQ Control Center on address 0.0.0.0 and port 8080
2025-01-29 13:57:04,891 INFO c.h.h.t.OperatorHelmChartContainer - [local-hivemq-5fcc877b5c] [hivemq] [9f39e88b] DEBUG - Finished After-Join-Cleanup for node SihkC in 39ms.
2025-01-29 13:57:04,973 INFO c.h.h.t.OperatorHelmChartContainer - [local-hivemq-5fcc877b5c] [hivemq] [9f39e88b] INFO  - Mounting HiveMQ Control Center V2 Preview
2025-01-29 13:57:05,579 INFO c.h.h.t.OperatorHelmChartContainer - [local-hivemq-5fcc877b5c] [hivemq] [9f39e88b] INFO  - Started HiveMQ Control Center in 705ms
2025-01-29 13:57:05,594 INFO c.h.h.t.OperatorHelmChartContainer - [local-hivemq-5fcc877b5c] [hivemq] [9f39e88b] INFO  - Starting TCP listener on address 0.0.0.0 and port 1883
2025-01-29 13:57:05,657 INFO c.h.h.t.OperatorHelmChartContainer - [local-hivemq-5fcc877b5c] [hivemq] [9f39e88b] INFO  - Started TCP Listener on address 0.0.0.0 and on port 1883.
2025-01-29 13:57:05,657 INFO c.h.h.t.OperatorHelmChartContainer - [local-hivemq-5fcc877b5c] [hivemq] [9f39e88b] INFO  - Started HiveMQ in 17184ms
2025-01-29 13:57:09,284 INFO c.h.h.t.OperatorHelmChartContainer - [POD] local-hivemq-5fcc877b5c-2psvs [9f39e88b-989d-48ff-9ecb-94649f1b44c6] in default was MODIFIED
2025-01-29 13:57:09,295 INFO c.h.h.t.OperatorHelmChartContainer - [K3S] [replica_set.go:679] "Finished syncing" kind="ReplicaSet" key="default/local-hivemq-5fcc877b5c" duration="14.186894ms"
2025-01-29 13:57:09,296 INFO c.h.h.t.OperatorHelmChartContainer - [K3S] [replica_set.go:679] "Finished syncing" kind="ReplicaSet" key="default/local-hivemq-5fcc877b5c" duration="40.996µs"
2025-01-29 13:57:39,302 INFO c.h.h.t.OperatorHelmChartContainer - [K3S] [replica_set.go:679] "Finished syncing" kind="ReplicaSet" key="default/local-hivemq-5fcc877b5c" duration="6.608359ms"
2025-01-29 13:57:39,302 INFO c.h.h.t.OperatorHelmChartContainer - [K3S] [replica_set.go:679] "Finished syncing" kind="ReplicaSet" key="default/local-hivemq-5fcc877b5c" duration="54.391µs"
2025-01-29 13:57:39,314 INFO c.h.h.t.OperatorHelmChartContainer - [EVENT] Normal [ScalingReplicaSet] Scaled down replica set local-hivemq-6f4d548d79 from 1 to 0 [default:local-hivemq]
2025-01-29 13:57:39,323 INFO c.h.h.t.OperatorHelmChartContainer - [EVENT] Normal [SuccessfulDelete] Deleted pod: local-hivemq-6f4d548d79-x7mp6 [default:local-hivemq-6f4d548d79]
2025-01-29 13:57:39,325 INFO c.h.h.t.OperatorHelmChartContainer - [POD] local-hivemq-6f4d548d79-x7mp6 [97fafcfc-ee46-4688-86fe-423a07f53737] in default was MODIFIED
2025-01-29 13:57:39,335 INFO c.h.h.t.OperatorHelmChartContainer - [EVENT] Normal [Killing] Stopping container hivemq [default:local-hivemq-6f4d548d79-x7mp6]
2025-01-29 13:57:39,335 INFO c.h.h.t.OperatorHelmChartContainer - Received Killing event for container hivemq in pod local-hivemq-6f4d548d79-x7mp6 [97fafcfc-ee46-4688-86fe-423a07f53737]
2025-01-29 13:57:39,337 INFO c.h.h.t.OperatorHelmChartContainer - Stopped log watcher for hivemq in pod local-hivemq-6f4d548d79-x7mp6 [97fafcfc-ee46-4688-86fe-423a07f53737]
2025-01-29 13:57:39,340 INFO c.h.h.t.OperatorHelmChartContainer - [K3S] [replica_set.go:679] "Finished syncing" kind="ReplicaSet" key="default/local-hivemq-6f4d548d79" duration="29.09645ms"
2025-01-29 13:57:39,368 INFO c.h.h.t.OperatorHelmChartContainer - [K3S] [replica_set.go:679] "Finished syncing" kind="ReplicaSet" key="default/local-hivemq-6f4d548d79" duration="28.268595ms"
2025-01-29 13:57:39,398 INFO c.h.h.t.OperatorHelmChartContainer - [K3S] [replica_set.go:679] "Finished syncing" kind="ReplicaSet" key="default/local-hivemq-6f4d548d79" duration="29.765648ms"
2025-01-29 13:57:39,398 INFO c.h.h.t.OperatorHelmChartContainer - [K3S] [replica_set.go:679] "Finished syncing" kind="ReplicaSet" key="default/local-hivemq-6f4d548d79" duration="59.441µs"
2025-01-29 13:57:39,399 DEBUG com.hivemq.helmcharts.util.K8sUtil - State to compare Updating and waiting for Running
2025-01-29 13:57:39,464 INFO c.h.h.t.OperatorHelmChartContainer - [local-hivemq-6f4d548d79] [hivemq] [97fafcfc] INFO  - Shutting down HiveMQ. Please wait, this could take a while...
2025-01-29 13:57:39,552 INFO c.h.h.t.OperatorHelmChartContainer - [local-hivemq-6f4d548d79] [hivemq] [97fafcfc] INFO  - Shutting down listeners and clients
2025-01-29 13:57:39,552 INFO c.h.h.t.OperatorHelmChartContainer - [local-hivemq-6f4d548d79] [hivemq] [97fafcfc] DEBUG - Closed channel of listener with name 'tcp-listener-1883'
2025-01-29 13:57:39,552 INFO c.h.h.t.OperatorHelmChartContainer - [local-hivemq-6f4d548d79] [hivemq] [97fafcfc] INFO  - Shutdown of listeners is done
2025-01-29 13:57:39,553 INFO c.h.h.t.OperatorHelmChartContainer - [local-hivemq-6f4d548d79] [hivemq] [97fafcfc] INFO  - No clients are connected, proceeding with shutdown
2025-01-29 13:57:39,554 INFO c.h.h.t.OperatorHelmChartContainer - [local-hivemq-6f4d548d79] [hivemq] [97fafcfc] DEBUG - Shutting down worker and boss threads
2025-01-29 13:57:39,610 DEBUG com.hivemq.helmcharts.util.K8sUtil - State to compare Updating and waiting for Running
2025-01-29 13:57:41,561 INFO c.h.h.t.OperatorHelmChartContainer - [local-hivemq-6f4d548d79] [hivemq] [97fafcfc] DEBUG - Shutting down Data Hub
2025-01-29 13:57:42,464 INFO c.h.h.t.OperatorHelmChartContainer - [local-hivemq-6f4d548d79] [hivemq] [97fafcfc] DEBUG - Data Hub shut down successfully in 902ms
2025-01-29 13:57:42,464 INFO c.h.h.t.OperatorHelmChartContainer - [local-hivemq-6f4d548d79] [hivemq] [97fafcfc] DEBUG - Stopping RocksDBMemoryUsageWatchdog.
2025-01-29 13:57:42,465 INFO c.h.h.t.OperatorHelmChartContainer - [local-hivemq-6f4d548d79] [hivemq] [97fafcfc] DEBUG - Terminating thread rocksdb-memory-usage-watchdog.
2025-01-29 13:57:42,465 INFO c.h.h.t.OperatorHelmChartContainer - [local-hivemq-6f4d548d79] [hivemq] [97fafcfc] DEBUG - Stopped RocksDBMemoryUsageWatchdog.
2025-01-29 13:57:42,465 INFO c.h.h.t.OperatorHelmChartContainer - [local-hivemq-6f4d548d79] [hivemq] [97fafcfc] INFO  - Shutting down extension system
2025-01-29 13:57:42,467 INFO c.h.h.t.OperatorHelmChartContainer - [local-hivemq-6f4d548d79] [hivemq] [97fafcfc] INFO  - Stopping extension with id hivemq-dns-cluster-discovery
2025-01-29 13:57:42,467 INFO c.h.h.t.OperatorHelmChartContainer - [local-hivemq-6f4d548d79] [hivemq] [97fafcfc] INFO  - Extension "DNS Cluster Discovery Extension" version 4.3.3 stopped successfully.
2025-01-29 13:57:42,469 INFO c.h.h.t.OperatorHelmChartContainer - [local-hivemq-6f4d548d79] [hivemq] [97fafcfc] INFO  - Stopping extension with id hivemq-k8s-sync-extension
2025-01-29 13:57:42,469 INFO c.h.h.t.OperatorHelmChartContainer - [local-hivemq-6f4d548d79] [hivemq] [97fafcfc] INFO  - Stopped HiveMQ Kubernetes State Synchronization Extension:1.0.3
2025-01-29 13:57:42,469 INFO c.h.h.t.OperatorHelmChartContainer - [local-hivemq-6f4d548d79] [hivemq] [97fafcfc] INFO  - Extension "HiveMQ Kubernetes State Synchronization Extension" version 1.0.3 stopped successfully.
2025-01-29 13:57:42,469 INFO c.h.h.t.OperatorHelmChartContainer - [local-hivemq-6f4d548d79] [hivemq] [97fafcfc] INFO  - Stopping extension with id hivemq-allow-all-extension
2025-01-29 13:57:42,469 INFO c.h.h.t.OperatorHelmChartContainer - [local-hivemq-6f4d548d79] [hivemq] [97fafcfc] INFO  - Extension "Allow All Extension" version 1.1.1 stopped successfully.
2025-01-29 13:57:42,469 INFO c.h.h.t.OperatorHelmChartContainer - [local-hivemq-6f4d548d79] [hivemq] [97fafcfc] DEBUG - Simple authenticator of extension 'hivemq-allow-all-extension' removed.
2025-01-29 13:57:42,470 INFO c.h.h.t.OperatorHelmChartContainer - [local-hivemq-6f4d548d79] [hivemq] [97fafcfc] DEBUG - Running cluster shutdown hooks
2025-01-29 13:57:42,480 INFO c.h.h.t.OperatorHelmChartContainer - [local-hivemq-5fcc877b5c] [hivemq] [9f39e88b] INFO  - Cluster nodes found by discovery: [SihkC|2] (1) [SihkC].
2025-01-29 13:57:42,483 INFO c.h.h.t.OperatorHelmChartContainer - [local-hivemq-5fcc877b5c] [hivemq] [9f39e88b] DEBUG - Previous running nodes [tWHo8, SihkC]
2025-01-29 13:57:42,494 INFO c.h.h.t.OperatorHelmChartContainer - [local-hivemq-5fcc877b5c] [hivemq] [9f39e88b] INFO  - Cluster size = 1, members : [SihkC].
2025-01-29 13:57:42,494 INFO c.h.h.t.OperatorHelmChartContainer - [local-hivemq-5fcc877b5c] [hivemq] [9f39e88b] DEBUG - Removed state of node tWHo8.
2025-01-29 13:57:42,494 INFO c.h.h.t.OperatorHelmChartContainer - [local-hivemq-5fcc877b5c] [hivemq] [9f39e88b] DEBUG - Node left cluster: 'tWHo8'
2025-01-29 13:57:42,494 INFO c.h.h.t.OperatorHelmChartContainer - [local-hivemq-6f4d548d79] [hivemq] [97fafcfc] DEBUG - Shutting down managed extension executor service
2025-01-29 13:57:42,495 INFO c.h.h.t.OperatorHelmChartContainer - [local-hivemq-6f4d548d79] [hivemq] [97fafcfc] DEBUG - Stopped Trace Recording Event Loop gracefully
2025-01-29 13:57:42,496 INFO c.h.h.t.OperatorHelmChartContainer - [local-hivemq-6f4d548d79] [hivemq] [97fafcfc] DEBUG - The Event Loop for Trace Recordings is shutting down and is not available anymore
2025-01-29 13:57:44,865 INFO c.h.h.t.OperatorHelmChartContainer - [local-hivemq-6f4d548d79] [hivemq] [97fafcfc] INFO  - Shutdown completed.
2025-01-29 13:57:45,345 INFO c.h.h.t.OperatorHelmChartContainer - [K3S] [pod_container_deletor.go:80] "Container not found in pod's containers" containerID="e51dcae810e3dca1060ed998f1ddfa0a5dbc657a5a794c934e8b8d97f22337cf"
2025-01-29 13:57:45,380 INFO c.h.h.t.OperatorHelmChartContainer - [K3S] [replica_set.go:679] "Finished syncing" kind="ReplicaSet" key="default/local-hivemq-6f4d548d79" duration="68.177µs"
2025-01-29 13:57:45,382 INFO c.h.h.t.OperatorHelmChartContainer - [POD] local-hivemq-6f4d548d79-x7mp6 [97fafcfc-ee46-4688-86fe-423a07f53737] in default was MODIFIED
2025-01-29 13:57:45,533 INFO c.h.h.t.OperatorHelmChartContainer - [K3S] [reconciler_common.go:162] "operationExecutor.UnmountVolume started for volume \"backup\" (UniqueName: \"kubernetes.io/empty-dir/97fafcfc-ee46-4688-86fe-423a07f53737-backup\") pod \"97fafcfc-ee46-4688-86fe-423a07f53737\" (UID: \"97fafcfc-ee46-4688-86fe-423a07f53737\") "
2025-01-29 13:57:45,533 INFO c.h.h.t.OperatorHelmChartContainer - [K3S] [reconciler_common.go:162] "operationExecutor.UnmountVolume started for volume \"heap-dumps\" (UniqueName: \"kubernetes.io/empty-dir/97fafcfc-ee46-4688-86fe-423a07f53737-heap-dumps\") pod \"97fafcfc-ee46-4688-86fe-423a07f53737\" (UID: \"97fafcfc-ee46-4688-86fe-423a07f53737\") "
2025-01-29 13:57:45,533 INFO c.h.h.t.OperatorHelmChartContainer - [K3S] [reconciler_common.go:162] "operationExecutor.UnmountVolume started for volume \"data\" (UniqueName: \"kubernetes.io/empty-dir/97fafcfc-ee46-4688-86fe-423a07f53737-data\") pod \"97fafcfc-ee46-4688-86fe-423a07f53737\" (UID: \"97fafcfc-ee46-4688-86fe-423a07f53737\") "
2025-01-29 13:57:45,538 INFO c.h.h.t.OperatorHelmChartContainer - [K3S] [reconciler_common.go:162] "operationExecutor.UnmountVolume started for volume \"conf-override\" (UniqueName: \"kubernetes.io/empty-dir/97fafcfc-ee46-4688-86fe-423a07f53737-conf-override\") pod \"97fafcfc-ee46-4688-86fe-423a07f53737\" (UID: \"97fafcfc-ee46-4688-86fe-423a07f53737\") "
2025-01-29 13:57:45,538 INFO c.h.h.t.OperatorHelmChartContainer - [K3S] [reconciler_common.go:162] "operationExecutor.UnmountVolume started for volume \"log\" (UniqueName: \"kubernetes.io/empty-dir/97fafcfc-ee46-4688-86fe-423a07f53737-log\") pod \"97fafcfc-ee46-4688-86fe-423a07f53737\" (UID: \"97fafcfc-ee46-4688-86fe-423a07f53737\") "
2025-01-29 13:57:45,538 INFO c.h.h.t.OperatorHelmChartContainer - [K3S] [reconciler_common.go:162] "operationExecutor.UnmountVolume started for volume \"kube-api-access-t8kcv\" (UniqueName: \"kubernetes.io/projected/97fafcfc-ee46-4688-86fe-423a07f53737-kube-api-access-t8kcv\") pod \"97fafcfc-ee46-4688-86fe-423a07f53737\" (UID: \"97fafcfc-ee46-4688-86fe-423a07f53737\") "
2025-01-29 13:57:45,538 INFO c.h.h.t.OperatorHelmChartContainer - [K3S] [reconciler_common.go:162] "operationExecutor.UnmountVolume started for volume \"shared-data\" (UniqueName: \"kubernetes.io/empty-dir/97fafcfc-ee46-4688-86fe-423a07f53737-shared-data\") pod \"97fafcfc-ee46-4688-86fe-423a07f53737\" (UID: \"97fafcfc-ee46-4688-86fe-423a07f53737\") "
2025-01-29 13:57:45,538 INFO c.h.h.t.OperatorHelmChartContainer - [K3S] [reconciler_common.go:162] "operationExecutor.UnmountVolume started for volume \"audit\" (UniqueName: \"kubernetes.io/empty-dir/97fafcfc-ee46-4688-86fe-423a07f53737-audit\") pod \"97fafcfc-ee46-4688-86fe-423a07f53737\" (UID: \"97fafcfc-ee46-4688-86fe-423a07f53737\") "
2025-01-29 13:57:45,538 INFO c.h.h.t.OperatorHelmChartContainer - [K3S] [reconciler_common.go:162] "operationExecutor.UnmountVolume started for volume \"live-info\" (UniqueName: \"kubernetes.io/configmap/97fafcfc-ee46-4688-86fe-423a07f53737-live-info\") pod \"97fafcfc-ee46-4688-86fe-423a07f53737\" (UID: \"97fafcfc-ee46-4688-86fe-423a07f53737\") "
2025-01-29 13:57:45,538 INFO c.h.h.t.OperatorHelmChartContainer - [K3S] [reconciler_common.go:162] "operationExecutor.UnmountVolume started for volume \"dns-wait-config\" (UniqueName: \"kubernetes.io/configmap/97fafcfc-ee46-4688-86fe-423a07f53737-dns-wait-config\") pod \"97fafcfc-ee46-4688-86fe-423a07f53737\" (UID: \"97fafcfc-ee46-4688-86fe-423a07f53737\") "
2025-01-29 13:57:45,634 INFO c.h.h.t.OperatorHelmChartContainer - [K3S] [reconciler_common.go:299] "Volume detached for volume \"kube-api-access-t8kcv\" (UniqueName: \"kubernetes.io/projected/97fafcfc-ee46-4688-86fe-423a07f53737-kube-api-access-t8kcv\") on node \"9585fd39d6ed\" DevicePath \"\""
2025-01-29 13:57:45,634 INFO c.h.h.t.OperatorHelmChartContainer - [K3S] [reconciler_common.go:299] "Volume detached for volume \"shared-data\" (UniqueName: \"kubernetes.io/empty-dir/97fafcfc-ee46-4688-86fe-423a07f53737-shared-data\") on node \"9585fd39d6ed\" DevicePath \"\""
2025-01-29 13:57:45,634 INFO c.h.h.t.OperatorHelmChartContainer - [K3S] [reconciler_common.go:299] "Volume detached for volume \"audit\" (UniqueName: \"kubernetes.io/empty-dir/97fafcfc-ee46-4688-86fe-423a07f53737-audit\") on node \"9585fd39d6ed\" DevicePath \"\""
2025-01-29 13:57:45,634 INFO c.h.h.t.OperatorHelmChartContainer - [K3S] [reconciler_common.go:299] "Volume detached for volume \"live-info\" (UniqueName: \"kubernetes.io/configmap/97fafcfc-ee46-4688-86fe-423a07f53737-live-info\") on node \"9585fd39d6ed\" DevicePath \"\""
2025-01-29 13:57:45,634 INFO c.h.h.t.OperatorHelmChartContainer - [K3S] [reconciler_common.go:299] "Volume detached for volume \"dns-wait-config\" (UniqueName: \"kubernetes.io/configmap/97fafcfc-ee46-4688-86fe-423a07f53737-dns-wait-config\") on node \"9585fd39d6ed\" DevicePath \"\""
2025-01-29 13:57:45,634 INFO c.h.h.t.OperatorHelmChartContainer - [K3S] [reconciler_common.go:299] "Volume detached for volume \"backup\" (UniqueName: \"kubernetes.io/empty-dir/97fafcfc-ee46-4688-86fe-423a07f53737-backup\") on node \"9585fd39d6ed\" DevicePath \"\""
2025-01-29 13:57:45,634 INFO c.h.h.t.OperatorHelmChartContainer - [K3S] [reconciler_common.go:299] "Volume detached for volume \"heap-dumps\" (UniqueName: \"kubernetes.io/empty-dir/97fafcfc-ee46-4688-86fe-423a07f53737-heap-dumps\") on node \"9585fd39d6ed\" DevicePath \"\""
2025-01-29 13:57:45,635 INFO c.h.h.t.OperatorHelmChartContainer - [K3S] [reconciler_common.go:299] "Volume detached for volume \"data\" (UniqueName: \"kubernetes.io/empty-dir/97fafcfc-ee46-4688-86fe-423a07f53737-data\") on node \"9585fd39d6ed\" DevicePath \"\""
2025-01-29 13:57:45,635 INFO c.h.h.t.OperatorHelmChartContainer - [K3S] [reconciler_common.go:299] "Volume detached for volume \"conf-override\" (UniqueName: \"kubernetes.io/empty-dir/97fafcfc-ee46-4688-86fe-423a07f53737-conf-override\") on node \"9585fd39d6ed\" DevicePath \"\""
2025-01-29 13:57:45,635 INFO c.h.h.t.OperatorHelmChartContainer - [K3S] [reconciler_common.go:299] "Volume detached for volume \"log\" (UniqueName: \"kubernetes.io/empty-dir/97fafcfc-ee46-4688-86fe-423a07f53737-log\") on node \"9585fd39d6ed\" DevicePath \"\""
2025-01-29 13:57:46,360 INFO c.h.h.t.OperatorHelmChartContainer - [K3S] [replica_set.go:679] "Finished syncing" kind="ReplicaSet" key="default/local-hivemq-6f4d548d79" duration="47.648µs"
2025-01-29 13:57:46,363 INFO c.h.h.t.OperatorHelmChartContainer - [POD] local-hivemq-6f4d548d79-x7mp6 [97fafcfc-ee46-4688-86fe-423a07f53737] in default was MODIFIED
2025-01-29 13:57:46,365 INFO c.h.h.t.OperatorHelmChartContainer - [K3S] [replica_set.go:679] "Finished syncing" kind="ReplicaSet" key="default/local-hivemq-6f4d548d79" duration="50.224µs"
2025-01-29 13:57:46,367 INFO c.h.h.t.OperatorHelmChartContainer - [POD] local-hivemq-6f4d548d79-x7mp6 [97fafcfc-ee46-4688-86fe-423a07f53737] in default was DELETED
2025-01-29 13:57:46,410 DEBUG com.hivemq.helmcharts.util.K8sUtil - State to compare Updating and waiting for Running
2025-01-29 13:57:46,425 DEBUG com.hivemq.helmcharts.util.K8sUtil - State to compare Updating and waiting for Running
2025-01-29 13:57:46,592 INFO c.h.h.t.OperatorHelmChartContainer - [local-hivemq-hivemq-operator] [operator] [c3ec57e9] ?[36m13:57:46.591?[0;39m ?[1;30m[pool-3-thread-12]?[0;39m ?[34mINFO ?[0;39m ?[35mcom.hivemq.Operator?[0;39m - State synchronization complete for cluster 'local-hivemq' in namespace 'default' in 73203ms
2025-01-29 13:57:46,592 DEBUG com.hivemq.helmcharts.util.K8sUtil - State to compare Running and waiting for Running
2025-01-29 13:57:46,630 INFO c.h.h.t.OperatorHelmChartContainer - Stopped log watcher for operator in pod local-hivemq-hivemq-operator-operator-6b564f6db4-q84zh [c3ec57e9-ad8f-4fa7-8a31-ab3283eea564]
2025-01-29 13:57:46,630 INFO c.h.h.t.OperatorHelmChartContainer - Stopped log watcher for hivemq in pod local-hivemq-5fcc877b5c-2psvs [9f39e88b-989d-48ff-9ecb-94649f1b44c6]
2025-01-29 13:57:46,797 INFO c.h.h.t.OperatorHelmChartContainer - [K3S] 
2025-01-29 13:57:46,797 INFO c.h.h.t.OperatorHelmChartContainer - [K3S] 
]]></system-out>
  </testcase>
  <system-out><![CDATA[2025-01-29 13:54:04,055 INFO o.testcontainers.DockerClientFactory - Testcontainers version: 1.20.4
2025-01-29 13:54:04,482 INFO o.t.d.DockerClientProviderStrategy - Found Docker environment with local Unix socket (unix:///var/run/docker.sock)
2025-01-29 13:54:04,489 INFO o.testcontainers.DockerClientFactory - Docker host IP address is localhost
2025-01-29 13:54:04,503 INFO o.testcontainers.DockerClientFactory - Connected to docker: 
  Server Version: 26.1.3
  API Version: 1.45
  Operating System: Ubuntu 24.04.1 LTS
  Total Memory: 15990 MB
2025-01-29 13:54:04,509 INFO o.testcontainers.images.PullPolicy - Image pull policy will be performed by: DefaultPullPolicy()
2025-01-29 13:54:04,511 INFO o.t.utility.ImageNameSubstitutor - Image name substitution will be performed by: DefaultImageNameSubstitutor (composite of 'ConfigurationFileImageNameSubstitutor' and 'PrefixingImageNameSubstitutor')
2025-01-29 13:54:04,537 INFO tc.testcontainers/ryuk:0.11.0 - Pulling docker image: testcontainers/ryuk:0.11.0. Please be patient; this may take some time but only needs to be done once.
2025-01-29 13:54:05,730 INFO tc.testcontainers/ryuk:0.11.0 - Starting to pull image
2025-01-29 13:54:05,744 INFO tc.testcontainers/ryuk:0.11.0 - Pulling image layers:  0 pending,  0 downloaded,  0 extracted, (0 bytes/0 bytes)
2025-01-29 13:54:06,244 INFO tc.testcontainers/ryuk:0.11.0 - Pulling image layers:  2 pending,  1 downloaded,  0 extracted, (116 KB/? MB)
2025-01-29 13:54:06,256 INFO tc.testcontainers/ryuk:0.11.0 - Pulling image layers:  1 pending,  2 downloaded,  0 extracted, (116 KB/? MB)
2025-01-29 13:54:06,275 INFO tc.testcontainers/ryuk:0.11.0 - Pulling image layers:  0 pending,  3 downloaded,  0 extracted, (143 KB/10 MB)
2025-01-29 13:54:06,362 INFO tc.testcontainers/ryuk:0.11.0 - Pulling image layers:  0 pending,  3 downloaded,  1 extracted, (3 MB/10 MB)
2025-01-29 13:54:06,474 INFO tc.testcontainers/ryuk:0.11.0 - Pulling image layers:  0 pending,  3 downloaded,  2 extracted, (4 MB/10 MB)
2025-01-29 13:54:06,514 INFO tc.testcontainers/ryuk:0.11.0 - Pulling image layers:  0 pending,  3 downloaded,  3 extracted, (10 MB/10 MB)
2025-01-29 13:54:06,521 INFO tc.testcontainers/ryuk:0.11.0 - Image testcontainers/ryuk:0.11.0 pull took PT1.983786694S
2025-01-29 13:54:06,540 INFO tc.testcontainers/ryuk:0.11.0 - Creating container for image: testcontainers/ryuk:0.11.0
2025-01-29 13:54:06,605 INFO tc.testcontainers/ryuk:0.11.0 - Container testcontainers/ryuk:0.11.0 is starting: 9406b01db32821566ad53bc37e2b34168c2ba57e12a5b91b56a363a208152e02
2025-01-29 13:54:06,843 INFO tc.testcontainers/ryuk:0.11.0 - Container testcontainers/ryuk:0.11.0 started in PT0.302994745S
2025-01-29 13:54:06,848 INFO o.t.utility.RyukResourceReaper - Ryuk started - will monitor and terminate Testcontainers containers on JVM exit
2025-01-29 13:54:06,848 INFO o.testcontainers.DockerClientFactory - Checking the system...
2025-01-29 13:54:06,848 INFO o.testcontainers.DockerClientFactory - ✔︎ Docker server version should be at least 1.6.0
2025-01-29 13:54:06,870 INFO o.t.i.builder.ImageFromDockerfile - Pre-emptively checking local images for 'ubuntu:noble-20241118.1@sha256:80dd3c3b9c6cecb9f1667e9290b3bc61b78c2678c02cbdae5f0fea92cc6734ab', referenced via a Dockerfile. If not available, it will be pulled.
2025-01-29 13:54:06,873 INFO t.u.1@sha256:80dd3c... - Pulling docker image: ubuntu:noble-20241118.1@sha256:80dd3c3b9c6cecb9f1667e9290b3bc61b78c2678c02cbdae5f0fea92cc6734ab. Please be patient; this may take some time but only needs to be done once.
2025-01-29 13:54:07,566 INFO t.u.1@sha256:80dd3c... - Starting to pull image
2025-01-29 13:54:07,567 INFO t.u.1@sha256:80dd3c... - Pulling image layers:  0 pending,  0 downloaded,  0 extracted, (0 bytes/0 bytes)
2025-01-29 13:54:08,169 INFO t.u.1@sha256:80dd3c... - Pulling image layers:  0 pending,  1 downloaded,  0 extracted, (25 MB/28 MB)
2025-01-29 13:54:09,191 INFO t.u.1@sha256:80dd3c... - Pulling image layers:  0 pending,  1 downloaded,  1 extracted, (28 MB/28 MB)
2025-01-29 13:54:09,199 INFO t.u.1@sha256:80dd3c... - Pull complete. 1 layers, pulled in 1s (downloaded 28 MB at 28 MB/s)
2025-01-29 13:54:09,199 INFO t.u.1@sha256:80dd3c... - Image ubuntu:noble-20241118.1@sha256:80dd3c3b9c6cecb9f1667e9290b3bc61b78c2678c02cbdae5f0fea92cc6734ab pull took PT2.326594348S
2025-01-29 13:54:09,202 INFO o.t.i.builder.ImageFromDockerfile - Pre-emptively checking local images for 'rancher/k3s:v1.32.1-k3s1', referenced via a Dockerfile. If not available, it will be pulled.
2025-01-29 13:54:09,204 INFO tc.rancher/k3s:v1.32.1-k3s1 - Pulling docker image: rancher/k3s:v1.32.1-k3s1. Please be patient; this may take some time but only needs to be done once.
2025-01-29 13:54:10,201 INFO tc.rancher/k3s:v1.32.1-k3s1 - Starting to pull image
2025-01-29 13:54:10,202 INFO tc.rancher/k3s:v1.32.1-k3s1 - Pulling image layers:  0 pending,  0 downloaded,  0 extracted, (0 bytes/0 bytes)
2025-01-29 13:54:11,049 INFO tc.rancher/k3s:v1.32.1-k3s1 - Pulling image layers:  0 pending,  1 downloaded,  0 extracted, (63 MB/71 MB)
2025-01-29 13:54:12,106 INFO tc.rancher/k3s:v1.32.1-k3s1 - Pulling image layers:  0 pending,  1 downloaded,  1 extracted, (71 MB/71 MB)
2025-01-29 13:54:12,113 INFO tc.rancher/k3s:v1.32.1-k3s1 - Image rancher/k3s:v1.32.1-k3s1 pull took PT2.908097943S
2025-01-29 13:54:12,113 INFO tc.rancher/k3s:v1.32.1-k3s1 - Pull complete. 1 layers, pulled in 1s (downloaded 71 MB at 71 MB/s)
2025-01-29 13:54:12,118 INFO o.t.i.builder.ImageFromDockerfile - Transferred 0 bytes to Docker daemon
]]></system-out>
  <system-err><![CDATA[]]></system-err>
</testsuite>
