<?xml version="1.0" encoding="UTF-8"?>
<testsuite name="com.hivemq.helmcharts.platform.HelmPlatformTlsIT" tests="2" skipped="0" failures="0" errors="0" timestamp="2025-03-26T11:07:47" hostname="fv-az1306-84" time="227.428">
  <properties/>
  <testcase name="platformChart_whenTlsEnabled_hivemqRunning(Path)" classname="com.hivemq.helmcharts.platform.HelmPlatformTlsIT" time="114.636"/>
  <testcase name="platformChart_whenTlsEnabledWithDifferentPrivateKey_hivemqRunning(Path)" classname="com.hivemq.helmcharts.platform.HelmPlatformTlsIT" time="112.792"/>
</testsuite>
