<?xml version="1.0" encoding="UTF-8"?>
<testsuite name="com.hivemq.helmcharts.platform.HelmCustomSecretConfigIT" tests="2" skipped="0" failures="0" errors="0" timestamp="2025-07-01T14:06:58" hostname="fv-az816-479" time="268.791">
  <properties/>
  <testcase name="withExistingSecret_hivemqRunning()" classname="com.hivemq.helmcharts.platform.HelmCustomSecretConfigIT" time="134.819"/>
  <testcase name="withSecretConfig_hivemqRunning()" classname="com.hivemq.helmcharts.platform.HelmCustomSecretConfigIT" time="133.972"/>
</testsuite>
