<?xml version="1.0" encoding="UTF-8"?>
<testsuite name="com.hivemq.helmcharts.license.HelmAdditionalBrokerLicensesIT" tests="2" skipped="0" failures="0" errors="0" timestamp="2025-07-26T05:19:42" hostname="pkrvmpptgkbjq6m" time="180.117">
  <properties/>
  <testcase name="withExistingAdditionalBrokerLicenseFileContent_statefulSetWithLicenseSecretMounted()" classname="com.hivemq.helmcharts.license.HelmAdditionalBrokerLicensesIT" time="91.587"/>
  <testcase name="withAdditionalBrokerLicenseFileContent_statefulSetWithLicenseSecretMounted()" classname="com.hivemq.helmcharts.license.HelmAdditionalBrokerLicensesIT" time="88.53"/>
</testsuite>
