<?xml version="1.0" encoding="UTF-8"?>
<testsuite name="com.hivemq.helmcharts.platform.UpdateLogLevelIT" tests="2" skipped="0" failures="0" errors="0" timestamp="2025-03-31T06:22:16" hostname="fv-az1945-274" time="281.108">
  <properties/>
  <testcase name="1 withNamespaces: true" classname="com.hivemq.helmcharts.platform.UpdateLogLevelIT" time="141.211"/>
  <testcase name="2 withNamespaces: false" classname="com.hivemq.helmcharts.platform.UpdateLogLevelIT" time="139.896"/>
</testsuite>
