<?xml version="1.0" encoding="UTF-8"?>
<testsuite name="com.hivemq.helmcharts.services.HelmRestApiIT" tests="3" skipped="0" failures="0" errors="0" timestamp="2025-04-24T10:14:49" hostname="fv-az1784-642" time="272.25">
  <properties/>
  <testcase name="platformChart_whenAuthEnabled_thenCallsEndpoint()" classname="com.hivemq.helmcharts.services.HelmRestApiIT" time="96.126"/>
  <testcase name="platformChart_withCustomServiceName_thenCallsEndpoint()" classname="com.hivemq.helmcharts.services.HelmRestApiIT" time="86.86"/>
  <testcase name="platformChart_whenRestApiEnabled_thenCallsEndpoint()" classname="com.hivemq.helmcharts.services.HelmRestApiIT" time="89.263"/>
</testsuite>
