<?xml version="1.0" encoding="UTF-8"?>
<testsuite name="com.hivemq.helmcharts.services.CustomClusterDomainNameIT" tests="1" skipped="0" failures="0" errors="0" timestamp="2025-03-21T09:01:13" hostname="fv-az1701-882" time="105.249">
  <properties/>
  <testcase name="whenK8sHasCustomClusterDomainName_thenServicesAreRunning()" classname="com.hivemq.helmcharts.services.CustomClusterDomainNameIT" time="105.249"/>
</testsuite>
