<?xml version="1.0" encoding="UTF-8"?>
<testsuite name="com.hivemq.helmcharts.extensions.HelmBridgeExtensionIT" tests="2" skipped="0" failures="0" errors="0" timestamp="2025-08-28T08:40:02" hostname="pkrvmccyg1gnepe" time="229.54">
  <properties/>
  <testcase name="withBridgeConfiguration_messageBridged()" classname="com.hivemq.helmcharts.extensions.HelmBridgeExtensionIT" time="125.932"/>
  <testcase name="withBridgeSecretConfiguration_messageBridged()" classname="com.hivemq.helmcharts.extensions.HelmBridgeExtensionIT" time="103.607"/>
</testsuite>
