<?xml version="1.0" encoding="UTF-8"?>
<testsuite name="com.hivemq.helmcharts.EseExtensionInstallationIT" tests="1" skipped="0" failures="0" errors="0" timestamp="2025-07-18T13:22:35" hostname="pkrvmq0rgcvqdmg" time="194.886">
  <properties/>
  <testcase name="withExtensionConfiguration_hivemqRunning()" classname="com.hivemq.helmcharts.EseExtensionInstallationIT" time="194.886"/>
</testsuite>
