<?xml version="1.0" encoding="UTF-8"?>
<testsuite name="com.hivemq.helmcharts.platform.HelmRollingUpgradePlatformIT" tests="1" skipped="0" failures="0" errors="0" timestamp="2025-01-28T23:36:55" hostname="fv-az1277-669" time="242.662">
  <properties/>
  <testcase name="withPreviousPlatformInstalled_upgradeToLatestChartVersion()" classname="com.hivemq.helmcharts.platform.HelmRollingUpgradePlatformIT" time="242.662">
    <system-out><![CDATA[2025-01-28 23:36:55,123 INFO c.h.h.t.HelmChartContainer - Creating namespace 'helmrollingupgradeplatformit-operator'...
2025-01-28 23:36:55,130 INFO c.h.h.t.HelmChartContainer - Namespace 'helmrollingupgradeplatformit-operator' created
2025-01-28 23:36:55,130 INFO c.h.h.t.HelmChartContainer - Creating namespace 'helmrollingupgradeplatformit'...
2025-01-28 23:36:55,136 INFO c.h.h.t.HelmChartContainer - Namespace 'helmrollingupgradeplatformit' created
2025-01-28 23:36:55,204 DEBUG c.h.h.t.HelmChartContainer - Executing helm command: /bin/helm --kubeconfig /etc/rancher/k3s/k3s.yaml install test-hivemq-platform-operator /charts/hivemq-platform-operator --wait --timeout 5m0s --set image.repository=docker.io/hivemq --set image.name=hivemq-platform-operator-test --set image.initImageName=hivemq-platform-operator-init-test --set image.tag=snapshot --set image.pullPolicy=Never --set logLevel=DEBUG --set resources.cpu=512m --namespace helmrollingupgradeplatformit-operator
2025-01-28 23:36:55,493 INFO c.h.h.t.HelmChartContainer - [K3S] [alloc.go:330] "allocated clusterIPs" service="helmrollingupgradeplatformit-operator/hivemq-platform-operator-test-hivemq-platform-operator" clusterIPs={"IPv4":"10.43.19.121"}
2025-01-28 23:36:55,505 INFO c.h.h.t.HelmChartContainer - [EVENT] Normal [ScalingReplicaSet] Scaled up replica set hivemq-test-hivemq-platform-operator-6966f96d65 from 0 to 1 [helmrollingupgradeplatformit-operator:hivemq-test-hivemq-platform-operator]
2025-01-28 23:36:55,512 INFO c.h.h.t.HelmChartContainer - [POD] hivemq-test-hivemq-platform-operator-6966f96d65-gkj5w [a1b31a1e-78ab-42da-aecd-fc12ca9756d4] in helmrollingupgradeplatformit-operator was ADDED
2025-01-28 23:36:55,514 INFO c.h.h.t.HelmChartContainer - [K3S] [memory_manager.go:355] "RemoveStaleState removing state" podUID="1560cf64-19ba-4cec-9212-bdce9ef7a3f1" containerName="hivemq-platform-operator"
2025-01-28 23:36:55,514 INFO c.h.h.t.HelmChartContainer - [K3S] [memory_manager.go:355] "RemoveStaleState removing state" podUID="423d6839-3df5-434d-9f6c-c7d6248295b4" containerName="hivemq"
2025-01-28 23:36:55,517 INFO c.h.h.t.HelmChartContainer - [POD] hivemq-test-hivemq-platform-operator-6966f96d65-gkj5w [a1b31a1e-78ab-42da-aecd-fc12ca9756d4] in helmrollingupgradeplatformit-operator was MODIFIED
2025-01-28 23:36:55,520 INFO c.h.h.t.HelmChartContainer - [K3S] [replica_set.go:679] "Finished syncing" kind="ReplicaSet" key="helmrollingupgradeplatformit-operator/hivemq-test-hivemq-platform-operator-6966f96d65" duration="15.819916ms"
2025-01-28 23:36:55,522 INFO c.h.h.t.HelmChartContainer - [EVENT] Normal [SuccessfulCreate] Created pod: hivemq-test-hivemq-platform-operator-6966f96d65-gkj5w [helmrollingupgradeplatformit-operator:hivemq-test-hivemq-platform-operator-6966f96d65]
2025-01-28 23:36:55,529 INFO c.h.h.t.HelmChartContainer - [EVENT] Normal [Scheduled] Successfully assigned helmrollingupgradeplatformit-operator/hivemq-test-hivemq-platform-operator-6966f96d65-gkj5w to 420d7b4f4b8a [helmrollingupgradeplatformit-operator:hivemq-test-hivemq-platform-operator-6966f96d65-gkj5w]
2025-01-28 23:36:55,532 INFO c.h.h.t.HelmChartContainer - [K3S] [replica_set.go:679] "Finished syncing" kind="ReplicaSet" key="helmrollingupgradeplatformit-operator/hivemq-test-hivemq-platform-operator-6966f96d65" duration="11.240459ms"
2025-01-28 23:36:55,532 INFO c.h.h.t.HelmChartContainer - [K3S] [replica_set.go:679] "Finished syncing" kind="ReplicaSet" key="helmrollingupgradeplatformit-operator/hivemq-test-hivemq-platform-operator-6966f96d65" duration="45.115µs"
2025-01-28 23:36:55,537 INFO c.h.h.t.HelmChartContainer - [K3S] [replica_set.go:679] "Finished syncing" kind="ReplicaSet" key="helmrollingupgradeplatformit-operator/hivemq-test-hivemq-platform-operator-6966f96d65" duration="31.659µs"
2025-01-28 23:36:55,537 INFO c.h.h.t.HelmChartContainer - [POD] hivemq-test-hivemq-platform-operator-6966f96d65-gkj5w [a1b31a1e-78ab-42da-aecd-fc12ca9756d4] in helmrollingupgradeplatformit-operator was MODIFIED
2025-01-28 23:36:55,561 INFO c.h.h.t.HelmChartContainer - [K3S] [reconciler_common.go:251] "operationExecutor.VerifyControllerAttachedVolume started for volume \"kube-api-access-bzlk6\" (UniqueName: \"kubernetes.io/projected/a1b31a1e-78ab-42da-aecd-fc12ca9756d4-kube-api-access-bzlk6\") pod \"hivemq-test-hivemq-platform-operator-6966f96d65-gkj5w\" (UID: \"a1b31a1e-78ab-42da-aecd-fc12ca9756d4\") " pod="helmrollingupgradeplatformit-operator/hivemq-test-hivemq-platform-operator-6966f96d65-gkj5w"
2025-01-28 23:36:55,906 INFO c.h.h.t.HelmChartContainer - [EVENT] Normal [Pulled] Container image "docker.io/hivemq/hivemq-platform-operator-test:snapshot" already present on machine [helmrollingupgradeplatformit-operator:hivemq-test-hivemq-platform-operator-6966f96d65-gkj5w]
2025-01-28 23:36:55,906 INFO c.h.h.t.HelmChartContainer - Received Pulled event for container hivemq-platform-operator in pod hivemq-test-hivemq-platform-operator-6966f96d65-gkj5w [a1b31a1e-78ab-42da-aecd-fc12ca9756d4]
2025-01-28 23:36:57,143 INFO c.h.h.t.HelmChartContainer - [EVENT] Normal [Created] Created container: hivemq-platform-operator [helmrollingupgradeplatformit-operator:hivemq-test-hivemq-platform-operator-6966f96d65-gkj5w]
2025-01-28 23:36:57,143 INFO c.h.h.t.HelmChartContainer - Received Created event for container hivemq-platform-operator in pod hivemq-test-hivemq-platform-operator-6966f96d65-gkj5w [a1b31a1e-78ab-42da-aecd-fc12ca9756d4]
2025-01-28 23:36:57,834 INFO c.h.h.t.HelmChartContainer - [K3S] [replica_set.go:679] "Finished syncing" kind="ReplicaSet" key="helmrollingupgradeplatformit-operator/hivemq-test-hivemq-platform-operator-6966f96d65" duration="57.897µs"
2025-01-28 23:36:57,835 INFO c.h.h.t.HelmChartContainer - [POD] hivemq-test-hivemq-platform-operator-6966f96d65-gkj5w [a1b31a1e-78ab-42da-aecd-fc12ca9756d4] in helmrollingupgradeplatformit-operator was MODIFIED
2025-01-28 23:36:57,844 INFO c.h.h.t.HelmChartContainer - Started log watcher for hivemq-platform-operator in pod hivemq-test-hivemq-platform-operator-6966f96d65-gkj5w [a1b31a1e-78ab-42da-aecd-fc12ca9756d4]
2025-01-28 23:36:57,845 INFO c.h.h.t.HelmChartContainer - [EVENT] Normal [Started] Started container hivemq-platform-operator [helmrollingupgradeplatformit-operator:hivemq-test-hivemq-platform-operator-6966f96d65-gkj5w]
2025-01-28 23:36:57,845 INFO c.h.h.t.HelmChartContainer - Received Started event for container hivemq-platform-operator in pod hivemq-test-hivemq-platform-operator-6966f96d65-gkj5w [a1b31a1e-78ab-42da-aecd-fc12ca9756d4]
2025-01-28 23:36:57,846 INFO c.h.h.t.HelmChartContainer - [hivemq-test-hivemq-platform] [hivemq-platform-operator] [a1b31a1e] -------------------------------------------------------------------------
2025-01-28 23:36:57,846 INFO c.h.h.t.HelmChartContainer - [hivemq-test-hivemq-platform] [hivemq-platform-operator] [a1b31a1e] 
2025-01-28 23:36:57,846 INFO c.h.h.t.HelmChartContainer - [hivemq-test-hivemq-platform] [hivemq-platform-operator] [a1b31a1e]                   _    _  _              __  __   ____
2025-01-28 23:36:57,846 INFO c.h.h.t.HelmChartContainer - [hivemq-test-hivemq-platform] [hivemq-platform-operator] [a1b31a1e]                  | |  | |(_)            |  \/  | / __ \
2025-01-28 23:36:57,846 INFO c.h.h.t.HelmChartContainer - [hivemq-test-hivemq-platform] [hivemq-platform-operator] [a1b31a1e]                  | |__| | _ __   __ ___ | \  / || |  | |
2025-01-28 23:36:57,846 INFO c.h.h.t.HelmChartContainer - [hivemq-test-hivemq-platform] [hivemq-platform-operator] [a1b31a1e]                  |  __  || |\ \ / // _ \| |\/| || |  | |
2025-01-28 23:36:57,846 INFO c.h.h.t.HelmChartContainer - [hivemq-test-hivemq-platform] [hivemq-platform-operator] [a1b31a1e]                  | |  | || | \ V /|  __/| |  | || |__| |
2025-01-28 23:36:57,846 INFO c.h.h.t.HelmChartContainer - [hivemq-test-hivemq-platform] [hivemq-platform-operator] [a1b31a1e]                  |_|  |_||_|  \_/  \___||_|  |_| \___\_\
2025-01-28 23:36:57,846 INFO c.h.h.t.HelmChartContainer - [hivemq-test-hivemq-platform] [hivemq-platform-operator] [a1b31a1e] 
2025-01-28 23:36:57,846 INFO c.h.h.t.HelmChartContainer - [hivemq-test-hivemq-platform] [hivemq-platform-operator] [a1b31a1e] -------------------------------------------------------------------------
2025-01-28 23:36:57,846 INFO c.h.h.t.HelmChartContainer - [hivemq-test-hivemq-platform] [hivemq-platform-operator] [a1b31a1e] 
2025-01-28 23:36:57,846 INFO c.h.h.t.HelmChartContainer - [hivemq-test-hivemq-platform] [hivemq-platform-operator] [a1b31a1e]   HiveMQ Platform Operator Start Script v1.0
2025-01-28 23:36:57,846 INFO c.h.h.t.HelmChartContainer - [hivemq-test-hivemq-platform] [hivemq-platform-operator] [a1b31a1e] 
2025-01-28 23:36:57,846 INFO c.h.h.t.HelmChartContainer - [hivemq-test-hivemq-platform] [hivemq-platform-operator] [a1b31a1e] -------------------------------------------------------------------------
2025-01-28 23:36:57,846 INFO c.h.h.t.HelmChartContainer - [hivemq-test-hivemq-platform] [hivemq-platform-operator] [a1b31a1e] 
2025-01-28 23:36:57,846 INFO c.h.h.t.HelmChartContainer - [hivemq-test-hivemq-platform] [hivemq-platform-operator] [a1b31a1e]   JAVA_OPTS: -XX:+UnlockExperimentalVMOptions -XX:InitialRAMPercentage=75 -XX:MaxRAMPercentage=75 -Duser.language=en -Duser.region=US
2025-01-28 23:36:57,846 INFO c.h.h.t.HelmChartContainer - [hivemq-test-hivemq-platform] [hivemq-platform-operator] [a1b31a1e] 
2025-01-28 23:36:57,846 INFO c.h.h.t.HelmChartContainer - [hivemq-test-hivemq-platform] [hivemq-platform-operator] [a1b31a1e]   JAVA_VERSION: 21
2025-01-28 23:36:57,846 INFO c.h.h.t.HelmChartContainer - [hivemq-test-hivemq-platform] [hivemq-platform-operator] [a1b31a1e] 
2025-01-28 23:36:57,846 INFO c.h.h.t.HelmChartContainer - [hivemq-test-hivemq-platform] [hivemq-platform-operator] [a1b31a1e] -------------------------------------------------------------------------
2025-01-28 23:36:57,846 INFO c.h.h.t.HelmChartContainer - [hivemq-test-hivemq-platform] [hivemq-platform-operator] [a1b31a1e] 
2025-01-28 23:37:00,404 INFO c.h.h.t.HelmChartContainer - [hivemq-test-hivemq-platform] [hivemq-platform-operator] [a1b31a1e] 23:37:00.401 [main] DEBUG org.jboss.logging - Logging Provider: org.jboss.logging.Slf4jLoggerProvider
2025-01-28 23:37:00,511 INFO c.h.h.t.HelmChartContainer - [hivemq-test-hivemq-platform] [hivemq-platform-operator] [a1b31a1e] 23:37:00.510 [main] DEBUG io.smallrye.config - SRCFG01006: Loaded ConfigSource SysPropConfigSource with ordinal 400
2025-01-28 23:37:00,511 INFO c.h.h.t.HelmChartContainer - [hivemq-test-hivemq-platform] [hivemq-platform-operator] [a1b31a1e] 23:37:00.510 [main] DEBUG io.smallrye.config - SRCFG01006: Loaded ConfigSource EnvConfigSource with ordinal 300
2025-01-28 23:37:00,511 INFO c.h.h.t.HelmChartContainer - [hivemq-test-hivemq-platform] [hivemq-platform-operator] [a1b31a1e] 23:37:00.510 [main] DEBUG io.smallrye.config - SRCFG01006: Loaded ConfigSource PropertiesConfigSource[source=jar:file:///opt/hivemq-platform-operator/bin/hivemq-platform-operator.jar!/hivemq-platform-operator.properties] with ordinal 100
2025-01-28 23:37:00,512 INFO c.h.h.t.HelmChartContainer - [hivemq-test-hivemq-platform] [hivemq-platform-operator] [a1b31a1e] 23:37:00.510 [main] DEBUG io.smallrye.config - SRCFG01006: Loaded ConfigSource DefaultValuesConfigSource with ordinal -2147483648
2025-01-28 23:37:00,615 INFO c.h.h.t.HelmChartContainer - [hivemq-test-hivemq-platform] [hivemq-platform-operator] [a1b31a1e] 23:37:00.615 [main] DEBUG i.m.c.u.i.l.InternalLoggerFactory - Using SLF4J as the default logging framework
2025-01-28 23:37:00,770 INFO c.h.h.t.HelmChartContainer - [hivemq-test-hivemq-platform] [hivemq-platform-operator] [a1b31a1e] 23:37:00.711 [main] INFO  c.h.p.o.HiveMQPlatformOperatorApplication - HiveMQ Platform Operator 1.7.0-SNAPSHOT (commit: bebf408 on branch: HEAD) built on Sun Jan 26 20:47:47 UTC 2025
2025-01-28 23:37:00,771 INFO c.h.h.t.HelmChartContainer - [hivemq-test-hivemq-platform] [hivemq-platform-operator] [a1b31a1e] 23:37:00.769 [main] INFO  c.h.p.o.HiveMQPlatformOperatorApplication - HiveMQ Platform Operator is running in namespace: helmrollingupgradeplatformit-operator
2025-01-28 23:37:00,771 INFO c.h.h.t.HelmChartContainer - [hivemq-test-hivemq-platform] [hivemq-platform-operator] [a1b31a1e] 23:37:00.769 [main] INFO  c.h.p.o.HiveMQPlatformOperatorApplication - Watching all namespaces
2025-01-28 23:37:00,771 INFO c.h.h.t.HelmChartContainer - [hivemq-test-hivemq-platform] [hivemq-platform-operator] [a1b31a1e] 23:37:00.770 [main] INFO  c.h.p.o.HiveMQPlatformOperatorApplication - Log level: DEBUG
2025-01-28 23:37:00,771 INFO c.h.h.t.HelmChartContainer - [hivemq-test-hivemq-platform] [hivemq-platform-operator] [a1b31a1e] 23:37:00.770 [main] INFO  c.h.p.o.HiveMQPlatformOperatorApplication - Release name: test-hivemq-platform-operator
2025-01-28 23:37:00,771 INFO c.h.h.t.HelmChartContainer - [hivemq-test-hivemq-platform] [hivemq-platform-operator] [a1b31a1e] 23:37:00.770 [main] INFO  c.h.p.o.HiveMQPlatformOperatorApplication - HiveMQ Platform Operator Init image: docker.io/hivemq/hivemq-platform-operator-init-test:snapshot
2025-01-28 23:37:00,771 INFO c.h.h.t.HelmChartContainer - [hivemq-test-hivemq-platform] [hivemq-platform-operator] [a1b31a1e] 23:37:00.770 [main] INFO  c.h.p.o.HiveMQPlatformOperatorApplication - HiveMQ Platform Operator Init App update URL: http://hivemq-platform-operator-test-hivemq-platform-operator.helmrollingupgradeplatformit-operator.svc:8080/initAppUpdate/hivemq-platform-operator-init-app-1.7.0-SNAPSHOT.jar
2025-01-28 23:37:00,772 INFO c.h.h.t.HelmChartContainer - [hivemq-test-hivemq-platform] [hivemq-platform-operator] [a1b31a1e] 23:37:00.770 [main] INFO  c.h.p.o.HiveMQPlatformOperatorApplication - Additional imagePullSecret for all Platform deployments: none
2025-01-28 23:37:00,772 INFO c.h.h.t.HelmChartContainer - [hivemq-test-hivemq-platform] [hivemq-platform-operator] [a1b31a1e] 23:37:00.770 [main] INFO  c.h.p.o.HiveMQPlatformOperatorApplication - Apply HiveMQ Platform CRD: true
2025-01-28 23:37:00,772 INFO c.h.h.t.HelmChartContainer - [hivemq-test-hivemq-platform] [hivemq-platform-operator] [a1b31a1e] 23:37:00.770 [main] INFO  c.h.p.o.HiveMQPlatformOperatorApplication - Create Platform ServiceAccount: true
2025-01-28 23:37:00,772 INFO c.h.h.t.HelmChartContainer - [hivemq-test-hivemq-platform] [hivemq-platform-operator] [a1b31a1e] 23:37:00.770 [main] INFO  c.h.p.o.HiveMQPlatformOperatorApplication - Create Platform ServiceAccount permissions: true
2025-01-28 23:37:00,772 INFO c.h.h.t.HelmChartContainer - [hivemq-test-hivemq-platform] [hivemq-platform-operator] [a1b31a1e] 23:37:00.770 [main] INFO  c.h.p.o.HiveMQPlatformOperatorApplication - Validate Platform ServiceAccount: true
2025-01-28 23:37:00,772 INFO c.h.h.t.HelmChartContainer - [hivemq-test-hivemq-platform] [hivemq-platform-operator] [a1b31a1e] 23:37:00.770 [main] INFO  c.h.p.o.HiveMQPlatformOperatorApplication - Validate Platform ServiceAccount permissions: true
2025-01-28 23:37:00,907 INFO c.h.h.t.HelmChartContainer - [hivemq-test-hivemq-platform] [hivemq-platform-operator] [a1b31a1e] 23:37:00.907 [main] INFO  c.h.platform.operator.util.CRDUtil - Verifying deployed HiveMQ Platform CRD...
2025-01-28 23:37:03,404 INFO c.h.h.t.HelmChartContainer - [hivemq-test-hivemq-platform] [hivemq-platform-operator] [a1b31a1e] 23:37:03.403 [main] DEBUG c.h.platform.operator.util.CRDUtil - HiveMQ Platform CRD version v1 is up to date
2025-01-28 23:37:03,404 INFO c.h.h.t.HelmChartContainer - [hivemq-test-hivemq-platform] [hivemq-platform-operator] [a1b31a1e] 23:37:03.403 [main] INFO  c.h.platform.operator.util.CRDUtil - HiveMQ Platform CRD is up to date (version: V1_6_0)
2025-01-28 23:37:03,404 INFO c.h.h.t.HelmChartContainer - [hivemq-test-hivemq-platform] [hivemq-platform-operator] [a1b31a1e] 23:37:03.403 [main] INFO  c.h.platform.operator.util.CRDUtil - Waiting 10000 ms for HiveMQ Platform CRD 'hivemq-platforms.hivemq.com' to become ready...
2025-01-28 23:37:03,769 INFO c.h.h.t.HelmChartContainer - [hivemq-test-hivemq-platform] [hivemq-platform-operator] [a1b31a1e] 23:37:03.768 [vert.x-eventloop-thread-1] DEBUG c.h.platform.operator.util.CRDUtil - Checking CRD condition 'NamesAccepted' (status: 'True')
2025-01-28 23:37:03,770 INFO c.h.h.t.HelmChartContainer - [hivemq-test-hivemq-platform] [hivemq-platform-operator] [a1b31a1e] 23:37:03.768 [vert.x-eventloop-thread-1] DEBUG c.h.platform.operator.util.CRDUtil - Checking CRD condition 'Established' (status: 'True')
2025-01-28 23:37:03,770 INFO c.h.h.t.HelmChartContainer - [hivemq-test-hivemq-platform] [hivemq-platform-operator] [a1b31a1e] 23:37:03.769 [main] INFO  c.h.platform.operator.util.CRDUtil - HiveMQ Platform CRD 'hivemq-platforms.hivemq.com' is ready
2025-01-28 23:37:03,909 INFO c.h.h.t.HelmChartContainer - [hivemq-test-hivemq-platform] [hivemq-platform-operator] [a1b31a1e] 23:37:03.908 [main] INFO  c.h.p.o.HiveMQPlatformReconciler - HiveMQ Platform Operator is starting...
2025-01-28 23:37:04,069 INFO c.h.h.t.HelmChartContainer - [hivemq-test-hivemq-platform] [hivemq-platform-operator] [a1b31a1e] 23:37:04.068 [main] WARN  Default ConfigurationService implementation - Configuration for reconciler 'hivemq-controller' was not found. Known reconcilers: None.
2025-01-28 23:37:04,099 INFO c.h.h.t.HelmChartContainer - [hivemq-test-hivemq-platform] [hivemq-platform-operator] [a1b31a1e] 23:37:04.098 [main] INFO  Default ConfigurationService implementation - Created configuration for reconciler com.hivemq.platform.operator.HiveMQPlatformReconciler with name hivemq-controller
2025-01-28 23:37:04,203 INFO c.h.h.t.HelmChartContainer - [hivemq-test-hivemq-platform] [hivemq-platform-operator] [a1b31a1e] 23:37:04.202 [main] DEBUG c.h.p.o.HiveMQPlatformReconciler - HiveMQ Platform Operator is preparing EventSources
2025-01-28 23:37:04,270 INFO c.h.h.t.HelmChartContainer - [hivemq-test-hivemq-platform] [hivemq-platform-operator] [a1b31a1e] 23:37:04.269 [main] INFO  i.javaoperatorsdk.operator.Operator - Registered reconciler: 'hivemq-controller' for resource: 'class com.hivemq.platform.operator.v1.HiveMQPlatform' for namespace(s): [all namespaces]
2025-01-28 23:37:04,805 INFO c.h.h.t.HelmChartContainer - [hivemq-test-hivemq-platform] [hivemq-platform-operator] [a1b31a1e] 23:37:04.804 [main] INFO  c.h.p.operator.webserver.JettyServer - Starting Jetty server on port 8080
2025-01-28 23:37:04,905 INFO c.h.h.t.HelmChartContainer - [hivemq-test-hivemq-platform] [hivemq-platform-operator] [a1b31a1e] 23:37:04.904 [main] INFO  i.javaoperatorsdk.operator.Operator - Operator SDK 4.9.7 (commit: 2133d28) built on Wed Nov 20 12:56:20 UTC 2024 starting...
2025-01-28 23:37:04,905 INFO c.h.h.t.HelmChartContainer - [hivemq-test-hivemq-platform] [hivemq-platform-operator] [a1b31a1e] 23:37:04.904 [main] INFO  i.javaoperatorsdk.operator.Operator - Client version: 6.13.4
2025-01-28 23:37:04,906 INFO c.h.h.t.HelmChartContainer - [hivemq-test-hivemq-platform] [hivemq-platform-operator] [a1b31a1e] 23:37:04.905 [Controller Starter for: hivemq-controller] INFO  i.j.operator.processing.Controller - Starting 'hivemq-controller' controller for reconciler: com.hivemq.platform.operator.HiveMQPlatformReconciler, resource: com.hivemq.platform.operator.v1.HiveMQPlatform
2025-01-28 23:37:07,371 INFO c.h.h.t.HelmChartContainer - [hivemq-test-hivemq-platform] [hivemq-platform-operator] [a1b31a1e] 23:37:07.370 [Controller Starter for: hivemq-controller] INFO  i.j.operator.processing.Controller - 'hivemq-controller' controller started
2025-01-28 23:37:07,372 INFO c.h.h.t.HelmChartContainer - [hivemq-test-hivemq-platform] [hivemq-platform-operator] [a1b31a1e] 23:37:07.370 [main] INFO  c.h.p.o.HiveMQPlatformOperatorApplication - HiveMQ Platform Operator 1.7.0-SNAPSHOT started in 6658 ms
2025-01-28 23:37:08,844 INFO c.h.h.t.HelmChartContainer - [POD] hivemq-test-hivemq-platform-operator-6966f96d65-gkj5w [a1b31a1e-78ab-42da-aecd-fc12ca9756d4] in helmrollingupgradeplatformit-operator was MODIFIED
2025-01-28 23:37:08,848 INFO c.h.h.t.HelmChartContainer - [K3S] [replica_set.go:679] "Finished syncing" kind="ReplicaSet" key="helmrollingupgradeplatformit-operator/hivemq-test-hivemq-platform-operator-6966f96d65" duration="7.986178ms"
2025-01-28 23:37:08,848 INFO c.h.h.t.HelmChartContainer - [K3S] [replica_set.go:679] "Finished syncing" kind="ReplicaSet" key="helmrollingupgradeplatformit-operator/hivemq-test-hivemq-platform-operator-6966f96d65" duration="45.245µs"
2025-01-28 23:37:09,596 DEBUG c.h.h.t.HelmChartContainer - Executing helm command: /bin/helm --kubeconfig /etc/rancher/k3s/k3s.yaml search repo hivemq/hivemq-platform --versions --regexp *.HiveMQ Platform Helm Chart (new)* --output yaml
2025-01-28 23:37:09,717 INFO c.h.h.p.HelmRollingUpgradePlatformIT - Current platform chart: Chart{name='hivemq-platform', description='HiveMQ Platform Helm Chart (new)', appVersion='4.36.0', version=0.2.32}
2025-01-28 23:37:09,723 DEBUG c.h.h.t.HelmChartContainer - Executing helm command: /bin/helm --kubeconfig /etc/rancher/k3s/k3s.yaml search repo hivemq/hivemq-platform --versions --regexp *.HiveMQ Platform Helm Chart (new)* --output yaml
2025-01-28 23:37:09,806 INFO c.h.h.p.HelmRollingUpgradePlatformIT - Previous platform chart: Chart{name='hivemq/hivemq-platform', description='HiveMQ Platform Helm Chart (new)', appVersion='4.35.0', version=0.2.31}
2025-01-28 23:37:09,807 DEBUG c.h.h.t.HelmChartContainer - Executing helm command: /bin/helm --kubeconfig /etc/rancher/k3s/k3s.yaml install test-hivemq-platform hivemq/hivemq-platform --wait --timeout 5m0s --set nodes.resources.cpu=512m --set nodes.replicaCount=1 --version 0.2.31 --namespace helmrollingupgradeplatformit
2025-01-28 23:37:10,371 INFO c.h.h.t.HelmChartContainer - [hivemq-test-hivemq-platform] [hivemq-platform-operator] [a1b31a1e] 23:37:10.370 [-373097727-pool-1-thread-1] WARN  i.m.p.PrometheusMeterRegistry - The meter (MeterId{name='operator.sdk.events.received', tags=[tag(action=ADDED),tag(event=ResourceEvent),tag(group=hivemq.com),tag(kind=HiveMQPlatform),tag(name=test-hivemq-platform),tag(namespace=helmrollingupgradeplatformit),tag(scope=namespace),tag(version=v1)]}) registration has failed: Prometheus requires that all meters with the same name have the same set of tag keys. There is already an existing meter named 'operator.sdk.events.received' containing tag keys [event, group, kind, name, namespace, scope, version]. The meter you are attempting to register has keys [action, event, group, kind, name, namespace, scope, version]. Note that subsequent logs will be logged at debug level.
2025-01-28 23:37:10,774 INFO c.h.h.t.HelmChartContainer - [hivemq-test-hivemq-platform] [hivemq-platform-operator] [a1b31a1e] 23:37:10.772 [pool-6-thread-3] DEBUG c.h.p.o.dependants.PodInfoConfigMap - [helmroll] Desired PodInfo ConfigMap (1 extensions) (1 enabled)
2025-01-28 23:37:10,777 INFO c.h.h.t.HelmChartContainer - [hivemq-test-hivemq-platform] [hivemq-platform-operator] [a1b31a1e] 23:37:10.773 [pool-6-thread-3] DEBUG c.h.p.o.dependants.PodInfoConfigMap - [helmroll] Desired PodInfo ConfigMap (metrics port: 9399) (metrics path: /)
2025-01-28 23:37:10,777 INFO c.h.h.t.HelmChartContainer - [hivemq-test-hivemq-platform] [hivemq-platform-operator] [a1b31a1e] 23:37:10.773 [pool-6-thread-3] DEBUG c.h.p.o.dependants.PodInfoConfigMap - [helmroll] Desired PodInfo ConfigMap (extension state hash: -1817474005)
2025-01-28 23:37:10,777 INFO c.h.h.t.HelmChartContainer - [hivemq-test-hivemq-platform] [hivemq-platform-operator] [a1b31a1e] 23:37:10.776 [pool-6-thread-3] DEBUG c.h.p.o.dependants.PodInfoConfigMap - [helmroll] Create PodInfo ConfigMap
2025-01-28 23:37:10,880 INFO c.h.h.t.HelmChartContainer - [hivemq-test-hivemq-platform] [hivemq-platform-operator] [a1b31a1e] 23:37:10.877 [pool-6-thread-5] DEBUG c.h.p.o.dependants.PodRoleResource - [helmroll] Create Role: Role(apiVersion=rbac.authorization.k8s.io/v1, kind=Role, metadata=ObjectMeta(annotations={meta.helm.sh/release-name=test-hivemq-platform, meta.helm.sh/release-namespace=helmrollingupgradeplatformit}, creationTimestamp=null, deletionGracePeriodSeconds=null, deletionTimestamp=null, finalizers=[], generateName=null, generation=null, labels={helm.sh/chart=hivemq-platform-0.2.31, app.kubernetes.io/managed-by=Helm, app.kubernetes.io/name=hivemq-platform, hivemq-platform=test-hivemq-platform, app.kubernetes.io/instance=test-hivemq-platform, app.kubernetes.io/version=4.35.0}, managedFields=[], name=hivemq-platform-role-test-hivemq-platform, namespace=helmrollingupgradeplatformit, ownerReferences=[OwnerReference(apiVersion=hivemq.com/v1, blockOwnerDeletion=null, controller=null, kind=HiveMQPlatform, name=test-hivemq-platform, uid=f60666b2-22c2-42db-9e90-08ff36110af2, additionalProperties={})], resourceVersion=null, selfLink=null, uid=null, additionalProperties={}), rules=[PolicyRule(apiGroups=[], nonResourceURLs=[], resourceNames=[], resources=[pods], verbs=[get, patch, update], additionalProperties={})], additionalProperties={})
2025-01-28 23:37:10,982 INFO c.h.h.t.HelmChartContainer - [hivemq-test-hivemq-platform] [hivemq-platform-operator] [a1b31a1e] 23:37:10.981 [pool-6-thread-7] DEBUG c.h.p.o.d.PodServiceAccountResource - [helmroll] Desired PodServiceAccountResource (serviceAccountName: hivemq-platform-pod-test-hivemq-platform)
2025-01-28 23:37:11,066 INFO c.h.h.t.HelmChartContainer - [hivemq-test-hivemq-platform] [hivemq-platform-operator] [a1b31a1e] 23:37:11.065 [pool-6-thread-7] DEBUG c.h.p.o.d.PodServiceAccountResource - [helmroll] Create ServiceAccount 'hivemq-platform-pod-test-hivemq-platform'
2025-01-28 23:37:11,175 INFO c.h.h.t.HelmChartContainer - [hivemq-test-hivemq-platform] [hivemq-platform-operator] [a1b31a1e] 23:37:11.173 [pool-6-thread-10] DEBUG c.h.p.o.d.PodRoleBindingResource - [helmroll] Create RoleBinding: RoleBinding(apiVersion=rbac.authorization.k8s.io/v1, kind=RoleBinding, metadata=ObjectMeta(annotations={meta.helm.sh/release-name=test-hivemq-platform, meta.helm.sh/release-namespace=helmrollingupgradeplatformit}, creationTimestamp=null, deletionGracePeriodSeconds=null, deletionTimestamp=null, finalizers=[], generateName=null, generation=null, labels={helm.sh/chart=hivemq-platform-0.2.31, app.kubernetes.io/managed-by=Helm, app.kubernetes.io/name=hivemq-platform, hivemq-platform=test-hivemq-platform, app.kubernetes.io/instance=test-hivemq-platform, app.kubernetes.io/version=4.35.0}, managedFields=[], name=hivemq-platform-role-binding-test-hivemq-platform, namespace=helmrollingupgradeplatformit, ownerReferences=[OwnerReference(apiVersion=hivemq.com/v1, blockOwnerDeletion=null, controller=null, kind=HiveMQPlatform, name=test-hivemq-platform, uid=f60666b2-22c2-42db-9e90-08ff36110af2, additionalProperties={})], resourceVersion=null, selfLink=null, uid=null, additionalProperties={}), roleRef=RoleRef(apiGroup=rbac.authorization.k8s.io, kind=Role, name=hivemq-platform-role-test-hivemq-platform, additionalProperties={}), subjects=[Subject(apiGroup=null, kind=ServiceAccount, name=hivemq-platform-pod-test-hivemq-platform, namespace=helmrollingupgradeplatformit, additionalProperties={})], additionalProperties={})
2025-01-28 23:37:11,267 INFO c.h.h.t.HelmChartContainer - [hivemq-test-hivemq-platform] [hivemq-platform-operator] [a1b31a1e] 23:37:11.266 [ReconcilerExecutor-hivemq-controller-52] INFO  c.h.p.o.HiveMQPlatformReconciler - [helmroll] Reconciling HiveMQ Platform 'test-hivemq-platform' in namespace 'helmrollingupgradeplatformit'
2025-01-28 23:37:11,267 INFO c.h.h.t.HelmChartContainer - [hivemq-test-hivemq-platform] [hivemq-platform-operator] [a1b31a1e] 23:37:11.266 [ReconcilerExecutor-hivemq-controller-52] DEBUG c.h.p.o.HiveMQPlatformReconciler - [helmroll] Custom Resource Status CREATED - HiveMQ Platform was created (READY)
2025-01-28 23:37:11,267 INFO c.h.h.t.HelmChartContainer - [hivemq-test-hivemq-platform] [hivemq-platform-operator] [a1b31a1e] 23:37:11.266 [ReconcilerExecutor-hivemq-controller-52] DEBUG c.h.p.o.HiveMQPlatformReconciler - [helmroll] Custom Resource Spec (replicas: 1) (extensions: 1)
2025-01-28 23:37:11,270 INFO c.h.h.t.HelmChartContainer - [hivemq-test-hivemq-platform] [hivemq-platform-operator] [a1b31a1e] 23:37:11.269 [ReconcilerExecutor-hivemq-controller-52] INFO  c.h.p.o.h.HiveMQPlatformReconcilerBaseHandler - [helmroll] HiveMQ Platform is starting
2025-01-28 23:37:11,369 INFO c.h.h.t.HelmChartContainer - [hivemq-test-hivemq-platform] [hivemq-platform-operator] [a1b31a1e] 23:37:11.368 [ReconcilerExecutor-hivemq-controller-52] DEBUG c.h.p.operator.event.EventSender - [helmroll] Creating K8s event hivemq-platform-starting: [Start] HiveMQ Platform is starting
2025-01-28 23:37:11,377 INFO c.h.h.t.HelmChartContainer - [EVENT] Normal [Start] HiveMQ Platform is starting [helmrollingupgradeplatformit:test-hivemq-platform]
2025-01-28 23:37:11,381 INFO c.h.h.t.HelmChartContainer - [hivemq-test-hivemq-platform] [hivemq-platform-operator] [a1b31a1e] 23:37:11.381 [ReconcilerExecutor-hivemq-controller-52] INFO  c.h.p.o.h.AbstractHiveMQReconcilerStateHandler - [helmroll] Update HiveMQ Platform Status (CREATED [READY] -> STARTING [READY]): HiveMQ Platform is starting
2025-01-28 23:37:11,474 DEBUG com.hivemq.helmcharts.util.K8sUtil - Comparing actual state 'STARTING' and waiting for 'RUNNING'
2025-01-28 23:37:21,493 INFO c.h.h.t.HelmChartContainer - [hivemq-test-hivemq-platform] [hivemq-platform-operator] [a1b31a1e] 23:37:21.484 [pool-6-thread-12] DEBUG c.h.p.o.d.PlatformServiceResource - [helmroll] Desired Platform services (3 services)
2025-01-28 23:37:21,494 INFO c.h.h.t.HelmChartContainer - [hivemq-test-hivemq-platform] [hivemq-platform-operator] [a1b31a1e] 23:37:21.487 [pool-6-thread-13] DEBUG c.h.p.o.dependants.PodInfoConfigMap - [helmroll] Desired PodInfo ConfigMap (1 extensions) (1 enabled)
2025-01-28 23:37:21,494 INFO c.h.h.t.HelmChartContainer - [hivemq-test-hivemq-platform] [hivemq-platform-operator] [a1b31a1e] 23:37:21.487 [pool-6-thread-13] DEBUG c.h.p.o.dependants.PodInfoConfigMap - [helmroll] Desired PodInfo ConfigMap (metrics port: 9399) (metrics path: /)
2025-01-28 23:37:21,494 INFO c.h.h.t.HelmChartContainer - [hivemq-test-hivemq-platform] [hivemq-platform-operator] [a1b31a1e] 23:37:21.487 [pool-6-thread-13] DEBUG c.h.p.o.dependants.PodInfoConfigMap - [helmroll] Desired PodInfo ConfigMap (extension state hash: -1817474005)
2025-01-28 23:37:21,494 INFO c.h.h.t.HelmChartContainer - [hivemq-test-hivemq-platform] [hivemq-platform-operator] [a1b31a1e] 23:37:21.490 [pool-6-thread-17] DEBUG c.h.p.o.d.PodServiceAccountResource - [helmroll] Desired PodServiceAccountResource (serviceAccountName: hivemq-platform-pod-test-hivemq-platform)
2025-01-28 23:37:21,569 INFO c.h.h.t.HelmChartContainer - [hivemq-test-hivemq-platform] [hivemq-platform-operator] [a1b31a1e] 23:37:21.567 [pool-6-thread-13] DEBUG c.h.p.o.dependants.PodInfoConfigMap - [helmroll] Update PodInfo ConfigMap
2025-01-28 23:37:21,575 INFO c.h.h.t.HelmChartContainer - [K3S] [alloc.go:330] "allocated clusterIPs" service="helmrollingupgradeplatformit/hivemq-test-hivemq-platform-cc-8080" clusterIPs={"IPv4":"10.43.154.170"}
2025-01-28 23:37:21,671 INFO c.h.h.t.HelmChartContainer - [K3S] [alloc.go:330] "allocated clusterIPs" service="helmrollingupgradeplatformit/hivemq-test-hivemq-platform-metrics-9399" clusterIPs={"IPv4":"10.43.82.158"}
2025-01-28 23:37:21,683 INFO c.h.h.t.HelmChartContainer - [K3S] [alloc.go:330] "allocated clusterIPs" service="helmrollingupgradeplatformit/hivemq-test-hivemq-platform-mqtt-1883" clusterIPs={"IPv4":"10.43.217.85"}
2025-01-28 23:37:21,690 INFO c.h.h.t.HelmChartContainer - [hivemq-test-hivemq-platform] [hivemq-platform-operator] [a1b31a1e] 23:37:21.689 [pool-6-thread-20] DEBUG c.h.p.o.d.StatefulSetResource - [helmroll] Desired StatefulSet (1 replicas) for status STARTING (READY)
2025-01-28 23:37:21,777 INFO c.h.h.t.HelmChartContainer - [hivemq-test-hivemq-platform] [hivemq-platform-operator] [a1b31a1e] 23:37:21.776 [pool-6-thread-20] DEBUG c.h.p.o.d.StatefulSetResource - [helmroll] Create StatefulSet
2025-01-28 23:37:21,885 INFO c.h.h.t.HelmChartContainer - [hivemq-test-hivemq-platform] [hivemq-platform-operator] [a1b31a1e] 23:37:21.883 [ReconcilerExecutor-hivemq-controller-63] INFO  c.h.p.o.HiveMQPlatformReconciler - [helmroll] Reconciling HiveMQ Platform 'test-hivemq-platform' in namespace 'helmrollingupgradeplatformit'
2025-01-28 23:37:21,885 INFO c.h.h.t.HelmChartContainer - [hivemq-test-hivemq-platform] [hivemq-platform-operator] [a1b31a1e] 23:37:21.883 [ReconcilerExecutor-hivemq-controller-63] DEBUG c.h.p.o.HiveMQPlatformReconciler - [helmroll] Custom Resource Status STARTING - HiveMQ Platform is starting (READY)
2025-01-28 23:37:21,885 INFO c.h.h.t.HelmChartContainer - [hivemq-test-hivemq-platform] [hivemq-platform-operator] [a1b31a1e] 23:37:21.883 [ReconcilerExecutor-hivemq-controller-63] DEBUG c.h.p.o.HiveMQPlatformReconciler - [helmroll] Custom Resource Spec (replicas: 1) (extensions: 1)
2025-01-28 23:37:21,888 INFO c.h.h.t.HelmChartContainer - [POD] test-hivemq-platform-0 [3550411d-d6b8-4b76-a884-7973b6f24c9f] in helmrollingupgradeplatformit was ADDED
2025-01-28 23:37:21,889 INFO c.h.h.t.HelmChartContainer - [EVENT] Normal [SuccessfulCreate] create Pod test-hivemq-platform-0 in StatefulSet test-hivemq-platform successful [helmrollingupgradeplatformit:test-hivemq-platform]
2025-01-28 23:37:21,893 INFO c.h.h.t.HelmChartContainer - [EVENT] Normal [Scheduled] Successfully assigned helmrollingupgradeplatformit/test-hivemq-platform-0 to 420d7b4f4b8a [helmrollingupgradeplatformit:test-hivemq-platform-0]
2025-01-28 23:37:21,895 INFO c.h.h.t.HelmChartContainer - [POD] test-hivemq-platform-0 [3550411d-d6b8-4b76-a884-7973b6f24c9f] in helmrollingupgradeplatformit was MODIFIED
2025-01-28 23:37:21,904 INFO c.h.h.t.HelmChartContainer - [POD] test-hivemq-platform-0 [3550411d-d6b8-4b76-a884-7973b6f24c9f] in helmrollingupgradeplatformit was MODIFIED
2025-01-28 23:37:21,915 INFO c.h.h.t.HelmChartContainer - [K3S] [reconciler_common.go:251] "operationExecutor.VerifyControllerAttachedVolume started for volume \"kube-api-access-828hj\" (UniqueName: \"kubernetes.io/projected/3550411d-d6b8-4b76-a884-7973b6f24c9f-kube-api-access-828hj\") pod \"test-hivemq-platform-0\" (UID: \"3550411d-d6b8-4b76-a884-7973b6f24c9f\") " pod="helmrollingupgradeplatformit/test-hivemq-platform-0"
2025-01-28 23:37:21,915 INFO c.h.h.t.HelmChartContainer - [K3S] [reconciler_common.go:251] "operationExecutor.VerifyControllerAttachedVolume started for volume \"pod-info\" (UniqueName: \"kubernetes.io/configmap/3550411d-d6b8-4b76-a884-7973b6f24c9f-pod-info\") pod \"test-hivemq-platform-0\" (UID: \"3550411d-d6b8-4b76-a884-7973b6f24c9f\") " pod="helmrollingupgradeplatformit/test-hivemq-platform-0"
2025-01-28 23:37:21,916 INFO c.h.h.t.HelmChartContainer - [K3S] [reconciler_common.go:251] "operationExecutor.VerifyControllerAttachedVolume started for volume \"broker-configuration\" (UniqueName: \"kubernetes.io/configmap/3550411d-d6b8-4b76-a884-7973b6f24c9f-broker-configuration\") pod \"test-hivemq-platform-0\" (UID: \"3550411d-d6b8-4b76-a884-7973b6f24c9f\") " pod="helmrollingupgradeplatformit/test-hivemq-platform-0"
2025-01-28 23:37:21,916 INFO c.h.h.t.HelmChartContainer - [K3S] [reconciler_common.go:251] "operationExecutor.VerifyControllerAttachedVolume started for volume \"operator-init\" (UniqueName: \"kubernetes.io/empty-dir/3550411d-d6b8-4b76-a884-7973b6f24c9f-operator-init\") pod \"test-hivemq-platform-0\" (UID: \"3550411d-d6b8-4b76-a884-7973b6f24c9f\") " pod="helmrollingupgradeplatformit/test-hivemq-platform-0"
2025-01-28 23:37:21,973 INFO c.h.h.t.HelmChartContainer - [hivemq-test-hivemq-platform] [hivemq-platform-operator] [a1b31a1e] 23:37:21.970 [ReconcilerExecutor-hivemq-controller-63] DEBUG c.h.p.o.HiveMQPlatformReconciler - [helmroll] StatefulSet Status (revision: null, replicas: 0, available: 0, ready: 0, current: 0, updated: 0)
2025-01-28 23:37:21,973 INFO c.h.h.t.HelmChartContainer - [hivemq-test-hivemq-platform] [hivemq-platform-operator] [a1b31a1e] 23:37:21.970 [ReconcilerExecutor-hivemq-controller-63] DEBUG c.h.p.o.HiveMQPlatformReconciler - [helmroll] StatefulSet Spec (replicas: 1, init containers: 1, containers: 1, volumes: 3)
2025-01-28 23:37:22,069 INFO c.h.h.t.HelmChartContainer - [hivemq-test-hivemq-platform] [hivemq-platform-operator] [a1b31a1e] 23:37:22.068 [ReconcilerExecutor-hivemq-controller-63] DEBUG c.h.p.o.h.HiveMQPlatformReconcilerErrorHandler - [helmroll] Pod 'test-hivemq-platform-0' phase Pending
2025-01-28 23:37:22,070 INFO c.h.h.t.HelmChartContainer - [hivemq-test-hivemq-platform] [hivemq-platform-operator] [a1b31a1e] 23:37:22.069 [ReconcilerExecutor-hivemq-controller-63] DEBUG c.h.p.o.h.HiveMQPlatformReconcilerErrorHandler - [helmroll] Pod 'test-hivemq-platform-0' condition 'PodScheduled': True
2025-01-28 23:37:22,072 INFO c.h.h.t.HelmChartContainer - [hivemq-test-hivemq-platform] [hivemq-platform-operator] [a1b31a1e] 23:37:22.072 [ReconcilerExecutor-hivemq-controller-63] INFO  c.h.p.o.h.HiveMQPlatformReconcilerBaseHandler - [helmroll] HiveMQ Platform is starting, 0 of 1 replicas are ready
2025-01-28 23:37:22,077 INFO c.h.h.t.HelmChartContainer - [hivemq-test-hivemq-platform] [hivemq-platform-operator] [a1b31a1e] 23:37:22.076 [pool-6-thread-22] DEBUG c.h.p.o.d.PlatformServiceResource - [helmroll] Desired Platform services (3 services)
2025-01-28 23:37:22,079 INFO c.h.h.t.HelmChartContainer - [hivemq-test-hivemq-platform] [hivemq-platform-operator] [a1b31a1e] 23:37:22.078 [pool-6-thread-23] DEBUG c.h.p.o.dependants.PodInfoConfigMap - [helmroll] Desired PodInfo ConfigMap (1 extensions) (1 enabled)
2025-01-28 23:37:22,081 INFO c.h.h.t.HelmChartContainer - [hivemq-test-hivemq-platform] [hivemq-platform-operator] [a1b31a1e] 23:37:22.080 [pool-6-thread-23] DEBUG c.h.p.o.dependants.PodInfoConfigMap - [helmroll] Desired PodInfo ConfigMap (metrics port: 9399) (metrics path: /)
2025-01-28 23:37:22,081 INFO c.h.h.t.HelmChartContainer - [hivemq-test-hivemq-platform] [hivemq-platform-operator] [a1b31a1e] 23:37:22.081 [pool-6-thread-23] DEBUG c.h.p.o.dependants.PodInfoConfigMap - [helmroll] Desired PodInfo ConfigMap (extension state hash: -1817474005)
2025-01-28 23:37:22,084 INFO c.h.h.t.HelmChartContainer - [hivemq-test-hivemq-platform] [hivemq-platform-operator] [a1b31a1e] 23:37:22.084 [pool-6-thread-27] DEBUG c.h.p.o.d.PodServiceAccountResource - [helmroll] Desired PodServiceAccountResource (serviceAccountName: hivemq-platform-pod-test-hivemq-platform)
2025-01-28 23:37:22,171 INFO c.h.h.t.HelmChartContainer - [hivemq-test-hivemq-platform] [hivemq-platform-operator] [a1b31a1e] 23:37:22.170 [pool-6-thread-30] DEBUG c.h.p.o.d.StatefulSetResource - [helmroll] Desired StatefulSet (1 replicas) for status STARTING (READY)
2025-01-28 23:37:22,178 INFO c.h.h.t.HelmChartContainer - [hivemq-test-hivemq-platform] [hivemq-platform-operator] [a1b31a1e] 23:37:22.177 [ReconcilerExecutor-hivemq-controller-75] INFO  c.h.p.o.HiveMQPlatformReconciler - [helmroll] Reconciling HiveMQ Platform 'test-hivemq-platform' in namespace 'helmrollingupgradeplatformit'
2025-01-28 23:37:22,179 INFO c.h.h.t.HelmChartContainer - [hivemq-test-hivemq-platform] [hivemq-platform-operator] [a1b31a1e] 23:37:22.177 [ReconcilerExecutor-hivemq-controller-75] DEBUG c.h.p.o.HiveMQPlatformReconciler - [helmroll] Custom Resource Status STARTING - HiveMQ Platform is starting (READY)
2025-01-28 23:37:22,179 INFO c.h.h.t.HelmChartContainer - [hivemq-test-hivemq-platform] [hivemq-platform-operator] [a1b31a1e] 23:37:22.177 [ReconcilerExecutor-hivemq-controller-75] DEBUG c.h.p.o.HiveMQPlatformReconciler - [helmroll] Custom Resource Spec (replicas: 1) (extensions: 1)
2025-01-28 23:37:22,182 INFO c.h.h.t.HelmChartContainer - [hivemq-test-hivemq-platform] [hivemq-platform-operator] [a1b31a1e] 23:37:22.180 [ReconcilerExecutor-hivemq-controller-75] DEBUG c.h.p.o.HiveMQPlatformReconciler - [helmroll] StatefulSet Status (revision: test-hivemq-platform-54c4467984, replicas: 1, available: 0, ready: 0, current: 1, updated: 1)
2025-01-28 23:37:22,182 INFO c.h.h.t.HelmChartContainer - [hivemq-test-hivemq-platform] [hivemq-platform-operator] [a1b31a1e] 23:37:22.181 [ReconcilerExecutor-hivemq-controller-75] DEBUG c.h.p.o.HiveMQPlatformReconciler - [helmroll] StatefulSet Spec (replicas: 1, init containers: 1, containers: 1, volumes: 3)
2025-01-28 23:37:22,273 INFO c.h.h.t.HelmChartContainer - [hivemq-test-hivemq-platform] [hivemq-platform-operator] [a1b31a1e] 23:37:22.272 [ReconcilerExecutor-hivemq-controller-75] DEBUG c.h.p.o.h.HiveMQPlatformReconcilerErrorHandler - [helmroll] Pod 'test-hivemq-platform-0' phase Pending
2025-01-28 23:37:22,274 INFO c.h.h.t.HelmChartContainer - [hivemq-test-hivemq-platform] [hivemq-platform-operator] [a1b31a1e] 23:37:22.272 [ReconcilerExecutor-hivemq-controller-75] DEBUG c.h.p.o.h.HiveMQPlatformReconcilerErrorHandler - [helmroll] Pod 'test-hivemq-platform-0' condition 'PodReadyToStartContainers': False
2025-01-28 23:37:22,276 INFO c.h.h.t.HelmChartContainer - [hivemq-test-hivemq-platform] [hivemq-platform-operator] [a1b31a1e] 23:37:22.272 [ReconcilerExecutor-hivemq-controller-75] DEBUG c.h.p.o.h.HiveMQPlatformReconcilerErrorHandler - [helmroll] Pod 'test-hivemq-platform-0' condition 'Initialized': False
2025-01-28 23:37:22,276 INFO c.h.h.t.HelmChartContainer - [hivemq-test-hivemq-platform] [hivemq-platform-operator] [a1b31a1e] 23:37:22.273 [ReconcilerExecutor-hivemq-controller-75] DEBUG c.h.p.o.h.HiveMQPlatformReconcilerErrorHandler - [helmroll] Pod 'test-hivemq-platform-0' condition 'Ready': False
2025-01-28 23:37:22,276 INFO c.h.h.t.HelmChartContainer - [hivemq-test-hivemq-platform] [hivemq-platform-operator] [a1b31a1e] 23:37:22.273 [ReconcilerExecutor-hivemq-controller-75] DEBUG c.h.p.o.h.HiveMQPlatformReconcilerErrorHandler - [helmroll] Pod 'test-hivemq-platform-0' condition 'ContainersReady': False
2025-01-28 23:37:22,276 INFO c.h.h.t.HelmChartContainer - [hivemq-test-hivemq-platform] [hivemq-platform-operator] [a1b31a1e] 23:37:22.273 [ReconcilerExecutor-hivemq-controller-75] DEBUG c.h.p.o.h.HiveMQPlatformReconcilerErrorHandler - [helmroll] Pod 'test-hivemq-platform-0' condition 'PodScheduled': True
2025-01-28 23:37:22,276 INFO c.h.h.t.HelmChartContainer - [hivemq-test-hivemq-platform] [hivemq-platform-operator] [a1b31a1e] 23:37:22.273 [ReconcilerExecutor-hivemq-controller-75] DEBUG c.h.p.o.h.HiveMQPlatformReconcilerErrorHandler - [helmroll] Pod 'test-hivemq-platform-0' containerStatus 'hivemq' (started: false) (ready: false) (waiting: [PodInitializing] null)
2025-01-28 23:37:22,277 INFO c.h.h.t.HelmChartContainer - [hivemq-test-hivemq-platform] [hivemq-platform-operator] [a1b31a1e] 23:37:22.276 [ReconcilerExecutor-hivemq-controller-75] INFO  c.h.p.o.h.HiveMQPlatformReconcilerBaseHandler - [helmroll] HiveMQ Platform is starting, 0 of 1 replicas are ready
2025-01-28 23:37:22,292 INFO c.h.h.t.HelmChartContainer - [EVENT] Normal [Pulled] Container image "docker.io/hivemq/hivemq-platform-operator-init-test:snapshot" already present on machine [helmrollingupgradeplatformit:test-hivemq-platform-0]
2025-01-28 23:37:22,403 INFO c.h.h.t.HelmChartContainer - [EVENT] Normal [Created] Created container: hivemq-platform-operator-init [helmrollingupgradeplatformit:test-hivemq-platform-0]
2025-01-28 23:37:22,438 INFO c.h.h.t.HelmChartContainer - [EVENT] Normal [Started] Started container hivemq-platform-operator-init [helmrollingupgradeplatformit:test-hivemq-platform-0]
2025-01-28 23:37:22,870 INFO c.h.h.t.HelmChartContainer - [POD] test-hivemq-platform-0 [3550411d-d6b8-4b76-a884-7973b6f24c9f] in helmrollingupgradeplatformit was MODIFIED
2025-01-28 23:37:22,892 INFO c.h.h.t.HelmChartContainer - [hivemq-test-hivemq-platform] [hivemq-platform-operator] [a1b31a1e] 23:37:22.880 [pool-6-thread-32] DEBUG c.h.p.o.d.PlatformServiceResource - [helmroll] Desired Platform services (3 services)
2025-01-28 23:37:22,892 INFO c.h.h.t.HelmChartContainer - [hivemq-test-hivemq-platform] [hivemq-platform-operator] [a1b31a1e] 23:37:22.881 [pool-6-thread-33] DEBUG c.h.p.o.dependants.PodInfoConfigMap - [helmroll] Desired PodInfo ConfigMap (1 extensions) (1 enabled)
2025-01-28 23:37:22,892 INFO c.h.h.t.HelmChartContainer - [hivemq-test-hivemq-platform] [hivemq-platform-operator] [a1b31a1e] 23:37:22.881 [pool-6-thread-33] DEBUG c.h.p.o.dependants.PodInfoConfigMap - [helmroll] Desired PodInfo ConfigMap (metrics port: 9399) (metrics path: /)
2025-01-28 23:37:22,892 INFO c.h.h.t.HelmChartContainer - [hivemq-test-hivemq-platform] [hivemq-platform-operator] [a1b31a1e] 23:37:22.881 [pool-6-thread-33] DEBUG c.h.p.o.dependants.PodInfoConfigMap - [helmroll] Desired PodInfo ConfigMap (extension state hash: -1817474005)
2025-01-28 23:37:22,899 INFO c.h.h.t.HelmChartContainer - [hivemq-test-hivemq-platform] [hivemq-platform-operator] [a1b31a1e] 23:37:22.889 [pool-6-thread-37] DEBUG c.h.p.o.d.PodServiceAccountResource - [helmroll] Desired PodServiceAccountResource (serviceAccountName: hivemq-platform-pod-test-hivemq-platform)
2025-01-28 23:37:22,903 INFO c.h.h.t.HelmChartContainer - [hivemq-test-hivemq-platform] [hivemq-platform-operator] [a1b31a1e] 23:37:22.902 [pool-6-thread-40] DEBUG c.h.p.o.d.StatefulSetResource - [helmroll] Desired StatefulSet (1 replicas) for status STARTING (READY)
2025-01-28 23:37:22,971 INFO c.h.h.t.HelmChartContainer - [hivemq-test-hivemq-platform] [hivemq-platform-operator] [a1b31a1e] 23:37:22.969 [ReconcilerExecutor-hivemq-controller-86] INFO  c.h.p.o.HiveMQPlatformReconciler - [helmroll] Reconciling HiveMQ Platform 'test-hivemq-platform' in namespace 'helmrollingupgradeplatformit'
2025-01-28 23:37:22,971 INFO c.h.h.t.HelmChartContainer - [hivemq-test-hivemq-platform] [hivemq-platform-operator] [a1b31a1e] 23:37:22.969 [ReconcilerExecutor-hivemq-controller-86] DEBUG c.h.p.o.HiveMQPlatformReconciler - [helmroll] Custom Resource Status STARTING - HiveMQ Platform is starting (READY)
2025-01-28 23:37:22,971 INFO c.h.h.t.HelmChartContainer - [hivemq-test-hivemq-platform] [hivemq-platform-operator] [a1b31a1e] 23:37:22.969 [ReconcilerExecutor-hivemq-controller-86] DEBUG c.h.p.o.HiveMQPlatformReconciler - [helmroll] Custom Resource Spec (replicas: 1) (extensions: 1)
2025-01-28 23:37:22,972 INFO c.h.h.t.HelmChartContainer - [hivemq-test-hivemq-platform] [hivemq-platform-operator] [a1b31a1e] 23:37:22.971 [ReconcilerExecutor-hivemq-controller-86] DEBUG c.h.p.o.HiveMQPlatformReconciler - [helmroll] StatefulSet Status (revision: test-hivemq-platform-54c4467984, replicas: 1, available: 0, ready: 0, current: 1, updated: 1)
2025-01-28 23:37:22,973 INFO c.h.h.t.HelmChartContainer - [hivemq-test-hivemq-platform] [hivemq-platform-operator] [a1b31a1e] 23:37:22.971 [ReconcilerExecutor-hivemq-controller-86] DEBUG c.h.p.o.HiveMQPlatformReconciler - [helmroll] StatefulSet Spec (replicas: 1, init containers: 1, containers: 1, volumes: 3)
2025-01-28 23:37:22,975 INFO c.h.h.t.HelmChartContainer - [hivemq-test-hivemq-platform] [hivemq-platform-operator] [a1b31a1e] 23:37:22.974 [ReconcilerExecutor-hivemq-controller-86] DEBUG c.h.p.o.h.HiveMQPlatformReconcilerErrorHandler - [helmroll] Pod 'test-hivemq-platform-0' phase Pending
2025-01-28 23:37:22,975 INFO c.h.h.t.HelmChartContainer - [hivemq-test-hivemq-platform] [hivemq-platform-operator] [a1b31a1e] 23:37:22.974 [ReconcilerExecutor-hivemq-controller-86] DEBUG c.h.p.o.h.HiveMQPlatformReconcilerErrorHandler - [helmroll] Pod 'test-hivemq-platform-0' condition 'PodReadyToStartContainers': True
2025-01-28 23:37:22,976 INFO c.h.h.t.HelmChartContainer - [hivemq-test-hivemq-platform] [hivemq-platform-operator] [a1b31a1e] 23:37:22.974 [ReconcilerExecutor-hivemq-controller-86] DEBUG c.h.p.o.h.HiveMQPlatformReconcilerErrorHandler - [helmroll] Pod 'test-hivemq-platform-0' condition 'Initialized': False
2025-01-28 23:37:22,976 INFO c.h.h.t.HelmChartContainer - [hivemq-test-hivemq-platform] [hivemq-platform-operator] [a1b31a1e] 23:37:22.974 [ReconcilerExecutor-hivemq-controller-86] DEBUG c.h.p.o.h.HiveMQPlatformReconcilerErrorHandler - [helmroll] Pod 'test-hivemq-platform-0' condition 'Ready': False
2025-01-28 23:37:22,976 INFO c.h.h.t.HelmChartContainer - [hivemq-test-hivemq-platform] [hivemq-platform-operator] [a1b31a1e] 23:37:22.974 [ReconcilerExecutor-hivemq-controller-86] DEBUG c.h.p.o.h.HiveMQPlatformReconcilerErrorHandler - [helmroll] Pod 'test-hivemq-platform-0' condition 'ContainersReady': False
2025-01-28 23:37:22,976 INFO c.h.h.t.HelmChartContainer - [hivemq-test-hivemq-platform] [hivemq-platform-operator] [a1b31a1e] 23:37:22.974 [ReconcilerExecutor-hivemq-controller-86] DEBUG c.h.p.o.h.HiveMQPlatformReconcilerErrorHandler - [helmroll] Pod 'test-hivemq-platform-0' condition 'PodScheduled': True
2025-01-28 23:37:22,976 INFO c.h.h.t.HelmChartContainer - [hivemq-test-hivemq-platform] [hivemq-platform-operator] [a1b31a1e] 23:37:22.974 [ReconcilerExecutor-hivemq-controller-86] DEBUG c.h.p.o.h.HiveMQPlatformReconcilerErrorHandler - [helmroll] Pod 'test-hivemq-platform-0' containerStatus 'hivemq' (started: false) (ready: false) (waiting: [PodInitializing] null)
2025-01-28 23:37:22,977 INFO c.h.h.t.HelmChartContainer - [hivemq-test-hivemq-platform] [hivemq-platform-operator] [a1b31a1e] 23:37:22.975 [ReconcilerExecutor-hivemq-controller-86] INFO  c.h.p.o.h.HiveMQPlatformReconcilerBaseHandler - [helmroll] HiveMQ Platform is starting, 0 of 1 replicas are ready
2025-01-28 23:37:23,867 INFO c.h.h.t.HelmChartContainer - [EVENT] Normal [Pulling] Pulling image "docker.io/hivemq/hivemq4:4.35.0" [helmrollingupgradeplatformit:test-hivemq-platform-0]
2025-01-28 23:37:23,867 INFO c.h.h.t.HelmChartContainer - Received Pulling event for container hivemq in pod test-hivemq-platform-0 [3550411d-d6b8-4b76-a884-7973b6f24c9f]
2025-01-28 23:37:23,875 INFO c.h.h.t.HelmChartContainer - [POD] test-hivemq-platform-0 [3550411d-d6b8-4b76-a884-7973b6f24c9f] in helmrollingupgradeplatformit was MODIFIED
2025-01-28 23:37:23,882 INFO c.h.h.t.HelmChartContainer - [hivemq-test-hivemq-platform] [hivemq-platform-operator] [a1b31a1e] 23:37:23.880 [pool-6-thread-42] DEBUG c.h.p.o.d.PlatformServiceResource - [helmroll] Desired Platform services (3 services)
2025-01-28 23:37:23,885 INFO c.h.h.t.HelmChartContainer - [hivemq-test-hivemq-platform] [hivemq-platform-operator] [a1b31a1e] 23:37:23.881 [pool-6-thread-43] DEBUG c.h.p.o.dependants.PodInfoConfigMap - [helmroll] Desired PodInfo ConfigMap (1 extensions) (1 enabled)
2025-01-28 23:37:23,885 INFO c.h.h.t.HelmChartContainer - [hivemq-test-hivemq-platform] [hivemq-platform-operator] [a1b31a1e] 23:37:23.881 [pool-6-thread-43] DEBUG c.h.p.o.dependants.PodInfoConfigMap - [helmroll] Desired PodInfo ConfigMap (metrics port: 9399) (metrics path: /)
2025-01-28 23:37:23,885 INFO c.h.h.t.HelmChartContainer - [hivemq-test-hivemq-platform] [hivemq-platform-operator] [a1b31a1e] 23:37:23.882 [pool-6-thread-43] DEBUG c.h.p.o.dependants.PodInfoConfigMap - [helmroll] Desired PodInfo ConfigMap (extension state hash: -1817474005)
2025-01-28 23:37:23,885 INFO c.h.h.t.HelmChartContainer - [hivemq-test-hivemq-platform] [hivemq-platform-operator] [a1b31a1e] 23:37:23.884 [pool-6-thread-47] DEBUG c.h.p.o.d.PodServiceAccountResource - [helmroll] Desired PodServiceAccountResource (serviceAccountName: hivemq-platform-pod-test-hivemq-platform)
2025-01-28 23:37:23,968 INFO c.h.h.t.HelmChartContainer - [hivemq-test-hivemq-platform] [hivemq-platform-operator] [a1b31a1e] 23:37:23.967 [pool-6-thread-50] DEBUG c.h.p.o.d.StatefulSetResource - [helmroll] Desired StatefulSet (1 replicas) for status STARTING (READY)
2025-01-28 23:37:23,972 INFO c.h.h.t.HelmChartContainer - [hivemq-test-hivemq-platform] [hivemq-platform-operator] [a1b31a1e] 23:37:23.971 [ReconcilerExecutor-hivemq-controller-97] INFO  c.h.p.o.HiveMQPlatformReconciler - [helmroll] Reconciling HiveMQ Platform 'test-hivemq-platform' in namespace 'helmrollingupgradeplatformit'
2025-01-28 23:37:23,972 INFO c.h.h.t.HelmChartContainer - [hivemq-test-hivemq-platform] [hivemq-platform-operator] [a1b31a1e] 23:37:23.971 [ReconcilerExecutor-hivemq-controller-97] DEBUG c.h.p.o.HiveMQPlatformReconciler - [helmroll] Custom Resource Status STARTING - HiveMQ Platform is starting (READY)
2025-01-28 23:37:23,974 INFO c.h.h.t.HelmChartContainer - [hivemq-test-hivemq-platform] [hivemq-platform-operator] [a1b31a1e] 23:37:23.972 [ReconcilerExecutor-hivemq-controller-97] DEBUG c.h.p.o.HiveMQPlatformReconciler - [helmroll] Custom Resource Spec (replicas: 1) (extensions: 1)
2025-01-28 23:37:23,976 INFO c.h.h.t.HelmChartContainer - [hivemq-test-hivemq-platform] [hivemq-platform-operator] [a1b31a1e] 23:37:23.974 [ReconcilerExecutor-hivemq-controller-97] DEBUG c.h.p.o.HiveMQPlatformReconciler - [helmroll] StatefulSet Status (revision: test-hivemq-platform-54c4467984, replicas: 1, available: 0, ready: 0, current: 1, updated: 1)
2025-01-28 23:37:23,976 INFO c.h.h.t.HelmChartContainer - [hivemq-test-hivemq-platform] [hivemq-platform-operator] [a1b31a1e] 23:37:23.974 [ReconcilerExecutor-hivemq-controller-97] DEBUG c.h.p.o.HiveMQPlatformReconciler - [helmroll] StatefulSet Spec (replicas: 1, init containers: 1, containers: 1, volumes: 3)
2025-01-28 23:37:23,978 INFO c.h.h.t.HelmChartContainer - [hivemq-test-hivemq-platform] [hivemq-platform-operator] [a1b31a1e] 23:37:23.977 [ReconcilerExecutor-hivemq-controller-97] DEBUG c.h.p.o.h.HiveMQPlatformReconcilerErrorHandler - [helmroll] Pod 'test-hivemq-platform-0' phase Pending
2025-01-28 23:37:23,979 INFO c.h.h.t.HelmChartContainer - [hivemq-test-hivemq-platform] [hivemq-platform-operator] [a1b31a1e] 23:37:23.977 [ReconcilerExecutor-hivemq-controller-97] DEBUG c.h.p.o.h.HiveMQPlatformReconcilerErrorHandler - [helmroll] Pod 'test-hivemq-platform-0' condition 'PodReadyToStartContainers': True
2025-01-28 23:37:23,979 INFO c.h.h.t.HelmChartContainer - [hivemq-test-hivemq-platform] [hivemq-platform-operator] [a1b31a1e] 23:37:23.977 [ReconcilerExecutor-hivemq-controller-97] DEBUG c.h.p.o.h.HiveMQPlatformReconcilerErrorHandler - [helmroll] Pod 'test-hivemq-platform-0' condition 'Initialized': True
2025-01-28 23:37:23,979 INFO c.h.h.t.HelmChartContainer - [hivemq-test-hivemq-platform] [hivemq-platform-operator] [a1b31a1e] 23:37:23.978 [ReconcilerExecutor-hivemq-controller-97] DEBUG c.h.p.o.h.HiveMQPlatformReconcilerErrorHandler - [helmroll] Pod 'test-hivemq-platform-0' condition 'Ready': False
2025-01-28 23:37:23,979 INFO c.h.h.t.HelmChartContainer - [hivemq-test-hivemq-platform] [hivemq-platform-operator] [a1b31a1e] 23:37:23.978 [ReconcilerExecutor-hivemq-controller-97] DEBUG c.h.p.o.h.HiveMQPlatformReconcilerErrorHandler - [helmroll] Pod 'test-hivemq-platform-0' condition 'ContainersReady': False
2025-01-28 23:37:23,979 INFO c.h.h.t.HelmChartContainer - [hivemq-test-hivemq-platform] [hivemq-platform-operator] [a1b31a1e] 23:37:23.978 [ReconcilerExecutor-hivemq-controller-97] DEBUG c.h.p.o.h.HiveMQPlatformReconcilerErrorHandler - [helmroll] Pod 'test-hivemq-platform-0' condition 'PodScheduled': True
2025-01-28 23:37:23,980 INFO c.h.h.t.HelmChartContainer - [hivemq-test-hivemq-platform] [hivemq-platform-operator] [a1b31a1e] 23:37:23.978 [ReconcilerExecutor-hivemq-controller-97] DEBUG c.h.p.o.h.HiveMQPlatformReconcilerErrorHandler - [helmroll] Pod 'test-hivemq-platform-0' containerStatus 'hivemq' (started: false) (ready: false) (waiting: [PodInitializing] null)
2025-01-28 23:37:23,981 INFO c.h.h.t.HelmChartContainer - [hivemq-test-hivemq-platform] [hivemq-platform-operator] [a1b31a1e] 23:37:23.979 [ReconcilerExecutor-hivemq-controller-97] INFO  c.h.p.o.h.HiveMQPlatformReconcilerBaseHandler - [helmroll] HiveMQ Platform is starting, 0 of 1 replicas are ready
2025-01-28 23:37:32,056 INFO c.h.h.t.HelmChartContainer - [EVENT] Normal [Pulled] Successfully pulled image "docker.io/hivemq/hivemq4:4.35.0" in 8.189s (8.189s including waiting). Image size: 691164573 bytes. [helmrollingupgradeplatformit:test-hivemq-platform-0]
2025-01-28 23:37:32,056 INFO c.h.h.t.HelmChartContainer - Received Pulled event for container hivemq in pod test-hivemq-platform-0 [3550411d-d6b8-4b76-a884-7973b6f24c9f]
2025-01-28 23:37:32,064 INFO c.h.h.t.HelmChartContainer - [EVENT] Normal [Created] Created container: hivemq [helmrollingupgradeplatformit:test-hivemq-platform-0]
2025-01-28 23:37:32,064 INFO c.h.h.t.HelmChartContainer - Received Created event for container hivemq in pod test-hivemq-platform-0 [3550411d-d6b8-4b76-a884-7973b6f24c9f]
2025-01-28 23:37:32,897 INFO c.h.h.t.HelmChartContainer - [POD] test-hivemq-platform-0 [3550411d-d6b8-4b76-a884-7973b6f24c9f] in helmrollingupgradeplatformit was MODIFIED
2025-01-28 23:37:32,905 INFO c.h.h.t.HelmChartContainer - [hivemq-test-hivemq-platform] [hivemq-platform-operator] [a1b31a1e] 23:37:32.903 [pool-6-thread-6] DEBUG c.h.p.o.d.PlatformServiceResource - [helmroll] Desired Platform services (3 services)
2025-01-28 23:37:32,907 INFO c.h.h.t.HelmChartContainer - Started log watcher for hivemq in pod test-hivemq-platform-0 [3550411d-d6b8-4b76-a884-7973b6f24c9f]
2025-01-28 23:37:32,907 INFO c.h.h.t.HelmChartContainer - [test-hivemq-platform] [hivemq] [3550411d] Adding pre-installed HiveMQ Platform Operator extensions
2025-01-28 23:37:32,907 INFO c.h.h.t.HelmChartContainer - [test-hivemq-platform] [hivemq] [3550411d] Running as user 10000
2025-01-28 23:37:32,907 INFO c.h.h.t.HelmChartContainer - [test-hivemq-platform] [hivemq] [3550411d] Starting HiveMQ Platform Operator Init
2025-01-28 23:37:32,907 INFO c.h.h.t.HelmChartContainer - [EVENT] Normal [Started] Started container hivemq [helmrollingupgradeplatformit:test-hivemq-platform-0]
2025-01-28 23:37:32,907 INFO c.h.h.t.HelmChartContainer - Received Started event for container hivemq in pod test-hivemq-platform-0 [3550411d-d6b8-4b76-a884-7973b6f24c9f]
2025-01-28 23:37:32,908 INFO c.h.h.t.HelmChartContainer - [hivemq-test-hivemq-platform] [hivemq-platform-operator] [a1b31a1e] 23:37:32.905 [pool-6-thread-9] DEBUG c.h.p.o.dependants.PodInfoConfigMap - [helmroll] Desired PodInfo ConfigMap (1 extensions) (1 enabled)
2025-01-28 23:37:32,908 INFO c.h.h.t.HelmChartContainer - [hivemq-test-hivemq-platform] [hivemq-platform-operator] [a1b31a1e] 23:37:32.905 [pool-6-thread-9] DEBUG c.h.p.o.dependants.PodInfoConfigMap - [helmroll] Desired PodInfo ConfigMap (metrics port: 9399) (metrics path: /)
2025-01-28 23:37:32,908 INFO c.h.h.t.HelmChartContainer - [hivemq-test-hivemq-platform] [hivemq-platform-operator] [a1b31a1e] 23:37:32.905 [pool-6-thread-9] DEBUG c.h.p.o.dependants.PodInfoConfigMap - [helmroll] Desired PodInfo ConfigMap (extension state hash: -1817474005)
2025-01-28 23:37:32,909 INFO c.h.h.t.HelmChartContainer - [hivemq-test-hivemq-platform] [hivemq-platform-operator] [a1b31a1e] 23:37:32.903 [pool-6-thread-3] DEBUG c.h.p.o.d.PodServiceAccountResource - [helmroll] Desired PodServiceAccountResource (serviceAccountName: hivemq-platform-pod-test-hivemq-platform)
2025-01-28 23:37:32,917 INFO c.h.h.t.HelmChartContainer - [hivemq-test-hivemq-platform] [hivemq-platform-operator] [a1b31a1e] 23:37:32.916 [pool-6-thread-6] DEBUG c.h.p.o.d.StatefulSetResource - [helmroll] Desired StatefulSet (1 replicas) for status STARTING (READY)
2025-01-28 23:37:32,997 INFO c.h.h.t.HelmChartContainer - [hivemq-test-hivemq-platform] [hivemq-platform-operator] [a1b31a1e] 23:37:32.996 [ReconcilerExecutor-hivemq-controller-108] INFO  c.h.p.o.HiveMQPlatformReconciler - [helmroll] Reconciling HiveMQ Platform 'test-hivemq-platform' in namespace 'helmrollingupgradeplatformit'
2025-01-28 23:37:32,997 INFO c.h.h.t.HelmChartContainer - [hivemq-test-hivemq-platform] [hivemq-platform-operator] [a1b31a1e] 23:37:32.996 [ReconcilerExecutor-hivemq-controller-108] DEBUG c.h.p.o.HiveMQPlatformReconciler - [helmroll] Custom Resource Status STARTING - HiveMQ Platform is starting (READY)
2025-01-28 23:37:32,997 INFO c.h.h.t.HelmChartContainer - [hivemq-test-hivemq-platform] [hivemq-platform-operator] [a1b31a1e] 23:37:32.996 [ReconcilerExecutor-hivemq-controller-108] DEBUG c.h.p.o.HiveMQPlatformReconciler - [helmroll] Custom Resource Spec (replicas: 1) (extensions: 1)
2025-01-28 23:37:32,999 INFO c.h.h.t.HelmChartContainer - [hivemq-test-hivemq-platform] [hivemq-platform-operator] [a1b31a1e] 23:37:32.998 [ReconcilerExecutor-hivemq-controller-108] DEBUG c.h.p.o.HiveMQPlatformReconciler - [helmroll] StatefulSet Status (revision: test-hivemq-platform-54c4467984, replicas: 1, available: 0, ready: 0, current: 1, updated: 1)
2025-01-28 23:37:32,999 INFO c.h.h.t.HelmChartContainer - [hivemq-test-hivemq-platform] [hivemq-platform-operator] [a1b31a1e] 23:37:32.998 [ReconcilerExecutor-hivemq-controller-108] DEBUG c.h.p.o.HiveMQPlatformReconciler - [helmroll] StatefulSet Spec (replicas: 1, init containers: 1, containers: 1, volumes: 3)
2025-01-28 23:37:33,004 INFO c.h.h.t.HelmChartContainer - [hivemq-test-hivemq-platform] [hivemq-platform-operator] [a1b31a1e] 23:37:33.000 [ReconcilerExecutor-hivemq-controller-108] DEBUG c.h.p.o.h.HiveMQPlatformReconcilerErrorHandler - [helmroll] Pod 'test-hivemq-platform-0' phase Running
2025-01-28 23:37:33,004 INFO c.h.h.t.HelmChartContainer - [hivemq-test-hivemq-platform] [hivemq-platform-operator] [a1b31a1e] 23:37:33.001 [ReconcilerExecutor-hivemq-controller-108] INFO  c.h.p.o.h.HiveMQPlatformReconcilerBaseHandler - [helmroll] HiveMQ Platform is starting, 0 of 1 replicas are ready
2025-01-28 23:37:33,259 INFO c.h.h.t.HelmChartContainer - [test-hivemq-platform] [hivemq] [3550411d] INFO  - [HiveMQ Platform Operator Init 1.7.0-SNAPSHOT] HiveMQ Platform Operator Init 1.7.0-SNAPSHOT (commit: bebf408 on branch: HEAD) built on Sun Jan 26 20:47:47 UTC 2025
2025-01-28 23:37:34,448 INFO c.h.h.t.HelmChartContainer - [test-hivemq-platform] [hivemq] [3550411d] INFO  - [HiveMQ Platform Operator Init App 1.7.0-SNAPSHOT] Using bind address 10.42.0.10 from environment variable
2025-01-28 23:37:35,274 INFO c.h.h.t.HelmChartContainer - [test-hivemq-platform] [hivemq] [3550411d] INFO  - [HiveMQ Platform Operator Init App 1.7.0-SNAPSHOT] HiveMQ Platform Operator Init App 1.7.0-SNAPSHOT (commit: bebf408 on branch: HEAD) built on Sun Jan 26 20:47:47 UTC 2025
2025-01-28 23:37:35,274 INFO c.h.h.t.HelmChartContainer - [test-hivemq-platform] [hivemq] [3550411d] INFO  - [HiveMQ Platform Operator Init App 1.7.0-SNAPSHOT] PodInfo ConfigMap directory: /etc/podinfo
2025-01-28 23:37:35,274 INFO c.h.h.t.HelmChartContainer - [test-hivemq-platform] [hivemq] [3550411d] INFO  - [HiveMQ Platform Operator Init App 1.7.0-SNAPSHOT] HiveMQ home directory: /opt/hivemq
2025-01-28 23:37:35,274 INFO c.h.h.t.HelmChartContainer - [test-hivemq-platform] [hivemq] [3550411d] INFO  - [HiveMQ Platform Operator Init App 1.7.0-SNAPSHOT] HiveMQ Logback folder: /opt/hivemq/conf
2025-01-28 23:37:35,274 INFO c.h.h.t.HelmChartContainer - [test-hivemq-platform] [hivemq] [3550411d] INFO  - [HiveMQ Platform Operator Init App 1.7.0-SNAPSHOT] HiveMQ Config folder: /opt/hivemq/conf-k8s
2025-01-28 23:37:35,275 INFO c.h.h.t.HelmChartContainer - [test-hivemq-platform] [hivemq] [3550411d] INFO  - [HiveMQ Platform Operator Init App 1.7.0-SNAPSHOT] Starting HiveMQ Platform Operator Init App
2025-01-28 23:37:35,275 INFO c.h.h.t.HelmChartContainer - [test-hivemq-platform] [hivemq] [3550411d] INFO  - [HiveMQ Platform Operator Init App 1.7.0-SNAPSHOT] Starting Pod reconciler
2025-01-28 23:37:36,476 INFO c.h.h.t.HelmChartContainer - [test-hivemq-platform] [hivemq] [3550411d] INFO  - [HiveMQ Platform Operator Init App 1.7.0-SNAPSHOT] Pod reconciler is scheduled (interval: 5000 ms)
2025-01-28 23:37:36,477 INFO c.h.h.t.HelmChartContainer - [test-hivemq-platform] [hivemq] [3550411d] INFO  - [HiveMQ Platform Operator Init App 1.7.0-SNAPSHOT] Starting the REST API on 10.42.0.10:7979
2025-01-28 23:37:36,480 INFO c.h.h.t.HelmChartContainer - [test-hivemq-platform] [hivemq] [3550411d] INFO  - [HiveMQ Platform Operator Init App 1.7.0-SNAPSHOT] Waiting up to 600s for at most 1 HiveMQ nodes in cluster service hivemq-test-hivemq-platform-cluster.helmrollingupgradeplatformit.svc
2025-01-28 23:37:36,850 INFO c.h.h.t.HelmChartContainer - [test-hivemq-platform] [hivemq] [3550411d] INFO  - [HiveMQ Platform Operator Init App 1.7.0-SNAPSHOT] Resolved 1 IP addresses: [10.42.0.10]
2025-01-28 23:37:36,850 INFO c.h.h.t.HelmChartContainer - [test-hivemq-platform] [hivemq] [3550411d] INFO  - [HiveMQ Platform Operator Init App 1.7.0-SNAPSHOT] HiveMQ node count of 1 is within threshold of 1
2025-01-28 23:37:36,850 INFO c.h.h.t.HelmChartContainer - [test-hivemq-platform] [hivemq] [3550411d] INFO  - [HiveMQ Platform Operator Init App 1.7.0-SNAPSHOT] Proceeding with container start
2025-01-28 23:37:36,874 INFO c.h.h.t.HelmChartContainer - [test-hivemq-platform] [hivemq] [3550411d] INFO  - [HiveMQ Platform Operator Init App 1.7.0-SNAPSHOT] Initializing HiveMQ Platform extensions with initial configuration: {hivemq-allow-all-extension={start-priority=-1, skip-https-hostname-verification=false, restart=true, config-version=0, header-version=0, c-uri=, priority=-1, uri=preinstalled, skip-https-certificate-validation=false, enabled=true}, hivemq-prometheus-extension={c-uri=, start-priority=-1, priority=-1, restart=true, enabled=true, request-header-path=no-request-headers, uri=preinstalled, skip-https-certificate-validation=false, skip-https-hostname-verification=false}}
2025-01-28 23:37:37,360 INFO c.h.h.t.HelmChartContainer - [test-hivemq-platform] [hivemq] [3550411d] INFO  - [HiveMQ Platform Operator Init App 1.7.0-SNAPSHOT] Extension hivemq-allow-all-extension was already enabled
2025-01-28 23:37:37,451 INFO c.h.h.t.HelmChartContainer - [test-hivemq-platform] [hivemq] [3550411d] INFO  - [HiveMQ Platform Operator Init App 1.7.0-SNAPSHOT] Successfully enabled extension hivemq-prometheus-extension
2025-01-28 23:37:37,452 INFO c.h.h.t.HelmChartContainer - [test-hivemq-platform] [hivemq] [3550411d] INFO  - [HiveMQ Platform Operator Init App 1.7.0-SNAPSHOT] Starting HiveMQ Platform version 4.35.0 (4.35.0)
2025-01-28 23:37:37,452 INFO c.h.h.t.HelmChartContainer - [test-hivemq-platform] [hivemq] [3550411d] INFO  - [HiveMQ Platform Operator Init App 1.7.0-SNAPSHOT] Configuring the HiveMQ Platform
2025-01-28 23:37:37,547 INFO c.h.h.t.HelmChartContainer - [test-hivemq-platform] [hivemq] [3550411d] INFO  - [HiveMQ Platform Operator Init App 1.7.0-SNAPSHOT] Changed logback.xml file scan period to 20 seconds
2025-01-28 23:37:37,557 INFO c.h.h.t.HelmChartContainer - [test-hivemq-platform] [hivemq] [3550411d] INFO  - [HiveMQ Platform Operator Init App 1.7.0-SNAPSHOT] Starting the HiveMQ Platform
2025-01-28 23:37:37,635 INFO c.h.h.t.HelmChartContainer - [test-hivemq-platform] [hivemq] [3550411d] -------------------------------------------------------------------------
2025-01-28 23:37:37,636 INFO c.h.h.t.HelmChartContainer - [test-hivemq-platform] [hivemq] [3550411d] 
2025-01-28 23:37:37,636 INFO c.h.h.t.HelmChartContainer - [test-hivemq-platform] [hivemq] [3550411d]                   _    _  _              __  __   ____
2025-01-28 23:37:37,636 INFO c.h.h.t.HelmChartContainer - [test-hivemq-platform] [hivemq] [3550411d]                  | |  | |(_)            |  \/  | / __ \
2025-01-28 23:37:37,636 INFO c.h.h.t.HelmChartContainer - [test-hivemq-platform] [hivemq] [3550411d]                  | |__| | _ __   __ ___ | \  / || |  | |
2025-01-28 23:37:37,636 INFO c.h.h.t.HelmChartContainer - [test-hivemq-platform] [hivemq] [3550411d]                  |  __  || |\ \ / // _ \| |\/| || |  | |
2025-01-28 23:37:37,636 INFO c.h.h.t.HelmChartContainer - [test-hivemq-platform] [hivemq] [3550411d]                  | |  | || | \ V /|  __/| |  | || |__| |
2025-01-28 23:37:37,636 INFO c.h.h.t.HelmChartContainer - [test-hivemq-platform] [hivemq] [3550411d]                  |_|  |_||_|  \_/  \___||_|  |_| \___\_\
2025-01-28 23:37:37,636 INFO c.h.h.t.HelmChartContainer - [test-hivemq-platform] [hivemq] [3550411d] 
2025-01-28 23:37:37,636 INFO c.h.h.t.HelmChartContainer - [test-hivemq-platform] [hivemq] [3550411d] -------------------------------------------------------------------------
2025-01-28 23:37:37,636 INFO c.h.h.t.HelmChartContainer - [test-hivemq-platform] [hivemq] [3550411d] 
2025-01-28 23:37:37,636 INFO c.h.h.t.HelmChartContainer - [test-hivemq-platform] [hivemq] [3550411d]   HiveMQ Start Script for Linux/Unix v1.14
2025-01-28 23:37:37,636 INFO c.h.h.t.HelmChartContainer - [test-hivemq-platform] [hivemq] [3550411d] 
2025-01-28 23:37:37,669 INFO c.h.h.t.HelmChartContainer - [test-hivemq-platform] [hivemq] [3550411d] -------------------------------------------------------------------------
2025-01-28 23:37:37,669 INFO c.h.h.t.HelmChartContainer - [test-hivemq-platform] [hivemq] [3550411d] 
2025-01-28 23:37:37,669 INFO c.h.h.t.HelmChartContainer - [test-hivemq-platform] [hivemq] [3550411d]   HIVEMQ_HOME: /opt/hivemq
2025-01-28 23:37:37,669 INFO c.h.h.t.HelmChartContainer - [test-hivemq-platform] [hivemq] [3550411d] 
2025-01-28 23:37:37,669 INFO c.h.h.t.HelmChartContainer - [test-hivemq-platform] [hivemq] [3550411d]   JAVA_OPTS: -XX:+UnlockExperimentalVMOptions -XX:InitialRAMPercentage=50 -XX:MaxRAMPercentage=50 -Djava.net.preferIPv4Stack=true --add-opens java.base/java.lang=ALL-UNNAMED --add-opens java.base/java.nio=ALL-UNNAMED --add-opens java.base/sun.nio.ch=ALL-UNNAMED --add-opens jdk.management/com.sun.management.internal=ALL-UNNAMED --add-exports java.base/jdk.internal.misc=ALL-UNNAMED -Djava.security.egd=file:/dev/./urandom -Dcom.sun.management.jmxremote -Dcom.sun.management.jmxremote.port=9010 -Dcom.sun.management.jmxremote.local.only=false -Dcom.sun.management.jmxremote.authenticate=false -Dcom.sun.management.jmxremote.ssl=false -Duser.language=en -Duser.region=US -XX:+CrashOnOutOfMemoryError -XX:+HeapDumpOnOutOfMemoryError
2025-01-28 23:37:37,669 INFO c.h.h.t.HelmChartContainer - [test-hivemq-platform] [hivemq] [3550411d] 
2025-01-28 23:37:37,669 INFO c.h.h.t.HelmChartContainer - [test-hivemq-platform] [hivemq] [3550411d]   JAVA_VERSION: 21
2025-01-28 23:37:37,669 INFO c.h.h.t.HelmChartContainer - [test-hivemq-platform] [hivemq] [3550411d] 
2025-01-28 23:37:37,669 INFO c.h.h.t.HelmChartContainer - [test-hivemq-platform] [hivemq] [3550411d] -------------------------------------------------------------------------
2025-01-28 23:37:37,669 INFO c.h.h.t.HelmChartContainer - [test-hivemq-platform] [hivemq] [3550411d] 
2025-01-28 23:37:38,950 INFO c.h.h.t.HelmChartContainer - [test-hivemq-platform] [hivemq] [3550411d] INFO  - [HiveMQ Platform Operator Init App 1.7.0-SNAPSHOT] Returning default Health API response 503 for readiness
2025-01-28 23:37:39,351 INFO c.h.h.t.HelmChartContainer - [EVENT] Warning [Unhealthy] Readiness probe failed: HTTP probe failed with statuscode: 503 [helmrollingupgradeplatformit:test-hivemq-platform-0]
2025-01-28 23:37:39,351 INFO c.h.h.t.HelmChartContainer - Received Unhealthy event for container hivemq in pod test-hivemq-platform-0 [3550411d-d6b8-4b76-a884-7973b6f24c9f]
2025-01-28 23:37:40,153 INFO c.h.h.t.HelmChartContainer - [test-hivemq-platform] [hivemq] [3550411d] INFO  - Starting HiveMQ Enterprise Server
2025-01-28 23:37:40,161 INFO c.h.h.t.HelmChartContainer - [test-hivemq-platform] [hivemq] [3550411d] INFO  - HiveMQ version: 4.35.0
2025-01-28 23:37:40,161 INFO c.h.h.t.HelmChartContainer - [test-hivemq-platform] [hivemq] [3550411d] INFO  - HiveMQ home directory: /opt/hivemq
2025-01-28 23:37:40,161 INFO c.h.h.t.HelmChartContainer - [test-hivemq-platform] [hivemq] [3550411d] INFO  - Log Configuration was overridden by /opt/hivemq/conf/logback.xml
2025-01-28 23:37:41,348 INFO c.h.h.t.HelmChartContainer - [test-hivemq-platform] [hivemq] [3550411d] INFO  - Successfully loaded configuration from '/opt/hivemq/conf-k8s/config.xml'.
2025-01-28 23:37:41,846 INFO c.h.h.t.HelmChartContainer - [test-hivemq-platform] [hivemq] [3550411d] INFO  - This node's ID is 341kt
2025-01-28 23:37:41,847 INFO c.h.h.t.HelmChartContainer - [test-hivemq-platform] [hivemq] [3550411d] INFO  - Clustering is enabled
2025-01-28 23:37:43,007 INFO c.h.h.t.HelmChartContainer - [hivemq-test-hivemq-platform] [hivemq-platform-operator] [a1b31a1e] 23:37:43.005 [pool-6-thread-11] DEBUG c.h.p.o.d.PlatformServiceResource - [helmroll] Desired Platform services (3 services)
2025-01-28 23:37:43,011 INFO c.h.h.t.HelmChartContainer - [hivemq-test-hivemq-platform] [hivemq-platform-operator] [a1b31a1e] 23:37:43.010 [pool-6-thread-16] DEBUG c.h.p.o.d.PodServiceAccountResource - [helmroll] Desired PodServiceAccountResource (serviceAccountName: hivemq-platform-pod-test-hivemq-platform)
2025-01-28 23:37:43,012 INFO c.h.h.t.HelmChartContainer - [hivemq-test-hivemq-platform] [hivemq-platform-operator] [a1b31a1e] 23:37:43.010 [pool-6-thread-17] DEBUG c.h.p.o.dependants.PodInfoConfigMap - [helmroll] Desired PodInfo ConfigMap (1 extensions) (1 enabled)
2025-01-28 23:37:43,012 INFO c.h.h.t.HelmChartContainer - [hivemq-test-hivemq-platform] [hivemq-platform-operator] [a1b31a1e] 23:37:43.010 [pool-6-thread-17] DEBUG c.h.p.o.dependants.PodInfoConfigMap - [helmroll] Desired PodInfo ConfigMap (metrics port: 9399) (metrics path: /)
2025-01-28 23:37:43,012 INFO c.h.h.t.HelmChartContainer - [hivemq-test-hivemq-platform] [hivemq-platform-operator] [a1b31a1e] 23:37:43.010 [pool-6-thread-17] DEBUG c.h.p.o.dependants.PodInfoConfigMap - [helmroll] Desired PodInfo ConfigMap (extension state hash: -1817474005)
2025-01-28 23:37:43,013 INFO c.h.h.t.HelmChartContainer - [hivemq-test-hivemq-platform] [hivemq-platform-operator] [a1b31a1e] 23:37:43.013 [pool-6-thread-20] DEBUG c.h.p.o.d.StatefulSetResource - [helmroll] Desired StatefulSet (1 replicas) for status STARTING (READY)
2025-01-28 23:37:43,018 INFO c.h.h.t.HelmChartContainer - [hivemq-test-hivemq-platform] [hivemq-platform-operator] [a1b31a1e] 23:37:43.018 [ReconcilerExecutor-hivemq-controller-109] INFO  c.h.p.o.HiveMQPlatformReconciler - [helmroll] Reconciling HiveMQ Platform 'test-hivemq-platform' in namespace 'helmrollingupgradeplatformit'
2025-01-28 23:37:43,019 INFO c.h.h.t.HelmChartContainer - [hivemq-test-hivemq-platform] [hivemq-platform-operator] [a1b31a1e] 23:37:43.018 [ReconcilerExecutor-hivemq-controller-109] DEBUG c.h.p.o.HiveMQPlatformReconciler - [helmroll] Custom Resource Status STARTING - HiveMQ Platform is starting (READY)
2025-01-28 23:37:43,019 INFO c.h.h.t.HelmChartContainer - [hivemq-test-hivemq-platform] [hivemq-platform-operator] [a1b31a1e] 23:37:43.018 [ReconcilerExecutor-hivemq-controller-109] DEBUG c.h.p.o.HiveMQPlatformReconciler - [helmroll] Custom Resource Spec (replicas: 1) (extensions: 1)
2025-01-28 23:37:43,021 INFO c.h.h.t.HelmChartContainer - [hivemq-test-hivemq-platform] [hivemq-platform-operator] [a1b31a1e] 23:37:43.020 [ReconcilerExecutor-hivemq-controller-109] DEBUG c.h.p.o.HiveMQPlatformReconciler - [helmroll] StatefulSet Status (revision: test-hivemq-platform-54c4467984, replicas: 1, available: 0, ready: 0, current: 1, updated: 1)
2025-01-28 23:37:43,021 INFO c.h.h.t.HelmChartContainer - [hivemq-test-hivemq-platform] [hivemq-platform-operator] [a1b31a1e] 23:37:43.020 [ReconcilerExecutor-hivemq-controller-109] DEBUG c.h.p.o.HiveMQPlatformReconciler - [helmroll] StatefulSet Spec (replicas: 1, init containers: 1, containers: 1, volumes: 3)
2025-01-28 23:37:43,023 INFO c.h.h.t.HelmChartContainer - [hivemq-test-hivemq-platform] [hivemq-platform-operator] [a1b31a1e] 23:37:43.022 [ReconcilerExecutor-hivemq-controller-109] DEBUG c.h.p.o.h.HiveMQPlatformReconcilerErrorHandler - [helmroll] Pod 'test-hivemq-platform-0' phase Running
2025-01-28 23:37:43,024 INFO c.h.h.t.HelmChartContainer - [hivemq-test-hivemq-platform] [hivemq-platform-operator] [a1b31a1e] 23:37:43.023 [ReconcilerExecutor-hivemq-controller-109] INFO  c.h.p.o.h.HiveMQPlatformReconcilerBaseHandler - [helmroll] HiveMQ Platform is starting, 0 of 1 replicas are ready
2025-01-28 23:37:44,454 INFO c.h.h.t.HelmChartContainer - [test-hivemq-platform] [hivemq] [3550411d] WARN  - [HiveMQ Platform Operator Init App 1.7.0-SNAPSHOT] Cannot connect to Health API for readiness: null
2025-01-28 23:37:44,454 INFO c.h.h.t.HelmChartContainer - [EVENT] Warning [Unhealthy] Readiness probe failed: HTTP probe failed with statuscode: 503 [helmrollingupgradeplatformit:test-hivemq-platform-0]
2025-01-28 23:37:44,454 INFO c.h.h.t.HelmChartContainer - Received Unhealthy event for container hivemq in pod test-hivemq-platform-0 [3550411d-d6b8-4b76-a884-7973b6f24c9f]
2025-01-28 23:37:46,851 INFO c.h.h.t.HelmChartContainer - [test-hivemq-platform] [hivemq] [3550411d] Jan 28, 2025 11:37:46 PM io.vertx.core.impl.BlockedThreadChecker
2025-01-28 23:37:46,851 INFO c.h.h.t.HelmChartContainer - [test-hivemq-platform] [hivemq] [3550411d] WARNING: Thread Thread[vert.x-eventloop-thread-1,5,main] has been blocked for 2093 ms, time limit is 2000 ms
2025-01-28 23:37:46,892 INFO c.h.h.t.HelmChartContainer - [K3S] [range_allocator.go:247] "Successfully synced" key="420d7b4f4b8a"
2025-01-28 23:37:47,846 INFO c.h.h.t.HelmChartContainer - [test-hivemq-platform] [hivemq] [3550411d] Jan 28, 2025 11:37:47 PM io.vertx.core.impl.BlockedThreadChecker
2025-01-28 23:37:47,846 INFO c.h.h.t.HelmChartContainer - [test-hivemq-platform] [hivemq] [3550411d] WARNING: Thread Thread[vert.x-eventloop-thread-1,5,main] has been blocked for 3093 ms, time limit is 2000 ms
2025-01-28 23:37:48,347 INFO c.h.h.t.HelmChartContainer - [test-hivemq-platform] [hivemq] [3550411d] INFO  - [HiveMQ Platform Operator Init App 1.7.0-SNAPSHOT] Updating Pod HiveMQ Platform Operator Init App version annotation (version: 1.7.0-SNAPSHOT)
2025-01-28 23:37:48,861 INFO c.h.h.t.HelmChartContainer - [POD] test-hivemq-platform-0 [3550411d-d6b8-4b76-a884-7973b6f24c9f] in helmrollingupgradeplatformit was MODIFIED
2025-01-28 23:37:48,874 INFO c.h.h.t.HelmChartContainer - [hivemq-test-hivemq-platform] [hivemq-platform-operator] [a1b31a1e] 23:37:48.872 [pool-6-thread-27] DEBUG c.h.p.o.d.PlatformServiceResource - [helmroll] Desired Platform services (3 services)
2025-01-28 23:37:48,875 INFO c.h.h.t.HelmChartContainer - [hivemq-test-hivemq-platform] [hivemq-platform-operator] [a1b31a1e] 23:37:48.872 [pool-6-thread-28] DEBUG c.h.p.o.dependants.PodInfoConfigMap - [helmroll] Desired PodInfo ConfigMap (1 extensions) (1 enabled)
2025-01-28 23:37:48,875 INFO c.h.h.t.HelmChartContainer - [hivemq-test-hivemq-platform] [hivemq-platform-operator] [a1b31a1e] 23:37:48.873 [pool-6-thread-28] DEBUG c.h.p.o.dependants.PodInfoConfigMap - [helmroll] Desired PodInfo ConfigMap (metrics port: 9399) (metrics path: /)
2025-01-28 23:37:48,875 INFO c.h.h.t.HelmChartContainer - [hivemq-test-hivemq-platform] [hivemq-platform-operator] [a1b31a1e] 23:37:48.873 [pool-6-thread-28] DEBUG c.h.p.o.dependants.PodInfoConfigMap - [helmroll] Desired PodInfo ConfigMap (extension state hash: -1817474005)
2025-01-28 23:37:48,875 INFO c.h.h.t.HelmChartContainer - [hivemq-test-hivemq-platform] [hivemq-platform-operator] [a1b31a1e] 23:37:48.873 [pool-6-thread-23] DEBUG c.h.p.o.d.PodServiceAccountResource - [helmroll] Desired PodServiceAccountResource (serviceAccountName: hivemq-platform-pod-test-hivemq-platform)
2025-01-28 23:37:48,880 INFO c.h.h.t.HelmChartContainer - [hivemq-test-hivemq-platform] [hivemq-platform-operator] [a1b31a1e] 23:37:48.880 [pool-6-thread-27] DEBUG c.h.p.o.d.StatefulSetResource - [helmroll] Desired StatefulSet (1 replicas) for status STARTING (READY)
2025-01-28 23:37:48,897 INFO c.h.h.t.HelmChartContainer - [hivemq-test-hivemq-platform] [hivemq-platform-operator] [a1b31a1e] 23:37:48.896 [ReconcilerExecutor-hivemq-controller-110] INFO  c.h.p.o.HiveMQPlatformReconciler - [helmroll] Reconciling HiveMQ Platform 'test-hivemq-platform' in namespace 'helmrollingupgradeplatformit'
2025-01-28 23:37:48,898 INFO c.h.h.t.HelmChartContainer - [hivemq-test-hivemq-platform] [hivemq-platform-operator] [a1b31a1e] 23:37:48.896 [ReconcilerExecutor-hivemq-controller-110] DEBUG c.h.p.o.HiveMQPlatformReconciler - [helmroll] Custom Resource Status STARTING - HiveMQ Platform is starting (READY)
2025-01-28 23:37:48,898 INFO c.h.h.t.HelmChartContainer - [hivemq-test-hivemq-platform] [hivemq-platform-operator] [a1b31a1e] 23:37:48.896 [ReconcilerExecutor-hivemq-controller-110] DEBUG c.h.p.o.HiveMQPlatformReconciler - [helmroll] Custom Resource Spec (replicas: 1) (extensions: 1)
2025-01-28 23:37:48,945 INFO c.h.h.t.HelmChartContainer - [test-hivemq-platform] [hivemq] [3550411d] INFO  - [HiveMQ Platform Operator Init App 1.7.0-SNAPSHOT] Successfully updated Pod HiveMQ Platform Operator Init App version annotation (version: 1.7.0-SNAPSHOT)
2025-01-28 23:37:48,945 INFO c.h.h.t.HelmChartContainer - [test-hivemq-platform] [hivemq] [3550411d] WARN  - [HiveMQ Platform Operator Init App 1.7.0-SNAPSHOT] Cannot connect to Health API for readiness: null
2025-01-28 23:37:48,950 INFO c.h.h.t.HelmChartContainer - [EVENT] Warning [Unhealthy] Readiness probe failed: HTTP probe failed with statuscode: 503 [helmrollingupgradeplatformit:test-hivemq-platform-0]
2025-01-28 23:37:48,950 INFO c.h.h.t.HelmChartContainer - Received Unhealthy event for container hivemq in pod test-hivemq-platform-0 [3550411d-d6b8-4b76-a884-7973b6f24c9f]
2025-01-28 23:37:48,967 INFO c.h.h.t.HelmChartContainer - [hivemq-test-hivemq-platform] [hivemq-platform-operator] [a1b31a1e] 23:37:48.965 [ReconcilerExecutor-hivemq-controller-110] DEBUG c.h.p.o.HiveMQPlatformReconciler - [helmroll] StatefulSet Status (revision: test-hivemq-platform-54c4467984, replicas: 1, available: 0, ready: 0, current: 1, updated: 1)
2025-01-28 23:37:48,967 INFO c.h.h.t.HelmChartContainer - [hivemq-test-hivemq-platform] [hivemq-platform-operator] [a1b31a1e] 23:37:48.965 [ReconcilerExecutor-hivemq-controller-110] DEBUG c.h.p.o.HiveMQPlatformReconciler - [helmroll] StatefulSet Spec (replicas: 1, init containers: 1, containers: 1, volumes: 3)
2025-01-28 23:37:48,968 INFO c.h.h.t.HelmChartContainer - [hivemq-test-hivemq-platform] [hivemq-platform-operator] [a1b31a1e] 23:37:48.966 [ReconcilerExecutor-hivemq-controller-110] DEBUG c.h.p.o.h.HiveMQPlatformReconcilerErrorHandler - [helmroll] Pod 'test-hivemq-platform-0' phase Running
2025-01-28 23:37:48,969 INFO c.h.h.t.HelmChartContainer - [hivemq-test-hivemq-platform] [hivemq-platform-operator] [a1b31a1e] 23:37:48.968 [ReconcilerExecutor-hivemq-controller-110] INFO  c.h.p.o.h.HiveMQPlatformReconcilerBaseHandler - [helmroll] HiveMQ Platform is starting, 0 of 1 replicas are ready
2025-01-28 23:37:52,247 INFO c.h.h.t.HelmChartContainer - [test-hivemq-platform] [hivemq] [3550411d] WARN  - [HiveMQ Platform Operator Init App 1.7.0-SNAPSHOT] Cannot connect to Health API for liveness: null
2025-01-28 23:37:52,247 INFO c.h.h.t.HelmChartContainer - [test-hivemq-platform] [hivemq] [3550411d] INFO  - [HiveMQ Platform Operator Init App 1.7.0-SNAPSHOT] Returning default Health API response 200 for liveness
2025-01-28 23:37:53,955 INFO c.h.h.t.HelmChartContainer - [test-hivemq-platform] [hivemq] [3550411d] WARN  - [HiveMQ Platform Operator Init App 1.7.0-SNAPSHOT] Cannot connect to Health API for readiness: null
2025-01-28 23:37:53,959 INFO c.h.h.t.HelmChartContainer - [EVENT] Warning [Unhealthy] Readiness probe failed: HTTP probe failed with statuscode: 503 [helmrollingupgradeplatformit:test-hivemq-platform-0]
2025-01-28 23:37:53,959 INFO c.h.h.t.HelmChartContainer - Received Unhealthy event for container hivemq in pod test-hivemq-platform-0 [3550411d-d6b8-4b76-a884-7973b6f24c9f]
2025-01-28 23:37:58,947 INFO c.h.h.t.HelmChartContainer - [test-hivemq-platform] [hivemq] [3550411d] WARN  - [HiveMQ Platform Operator Init App 1.7.0-SNAPSHOT] Cannot connect to Health API for readiness: null
2025-01-28 23:37:58,952 INFO c.h.h.t.HelmChartContainer - [EVENT] Warning [Unhealthy] Readiness probe failed: HTTP probe failed with statuscode: 503 [helmrollingupgradeplatformit:test-hivemq-platform-0]
2025-01-28 23:37:58,952 INFO c.h.h.t.HelmChartContainer - Received Unhealthy event for container hivemq in pod test-hivemq-platform-0 [3550411d-d6b8-4b76-a884-7973b6f24c9f]
2025-01-28 23:37:58,974 INFO c.h.h.t.HelmChartContainer - [hivemq-test-hivemq-platform] [hivemq-platform-operator] [a1b31a1e] 23:37:58.972 [pool-6-thread-36] DEBUG c.h.p.o.d.PlatformServiceResource - [helmroll] Desired Platform services (3 services)
2025-01-28 23:37:58,977 INFO c.h.h.t.HelmChartContainer - [hivemq-test-hivemq-platform] [hivemq-platform-operator] [a1b31a1e] 23:37:58.972 [pool-6-thread-34] DEBUG c.h.p.o.dependants.PodInfoConfigMap - [helmroll] Desired PodInfo ConfigMap (1 extensions) (1 enabled)
2025-01-28 23:37:58,977 INFO c.h.h.t.HelmChartContainer - [hivemq-test-hivemq-platform] [hivemq-platform-operator] [a1b31a1e] 23:37:58.972 [pool-6-thread-34] DEBUG c.h.p.o.dependants.PodInfoConfigMap - [helmroll] Desired PodInfo ConfigMap (metrics port: 9399) (metrics path: /)
2025-01-28 23:37:58,977 INFO c.h.h.t.HelmChartContainer - [hivemq-test-hivemq-platform] [hivemq-platform-operator] [a1b31a1e] 23:37:58.972 [pool-6-thread-34] DEBUG c.h.p.o.dependants.PodInfoConfigMap - [helmroll] Desired PodInfo ConfigMap (extension state hash: -1817474005)
2025-01-28 23:37:58,978 INFO c.h.h.t.HelmChartContainer - [hivemq-test-hivemq-platform] [hivemq-platform-operator] [a1b31a1e] 23:37:58.974 [pool-6-thread-34] DEBUG c.h.p.o.d.PodServiceAccountResource - [helmroll] Desired PodServiceAccountResource (serviceAccountName: hivemq-platform-pod-test-hivemq-platform)
2025-01-28 23:37:58,979 INFO c.h.h.t.HelmChartContainer - [hivemq-test-hivemq-platform] [hivemq-platform-operator] [a1b31a1e] 23:37:58.978 [pool-6-thread-36] DEBUG c.h.p.o.d.StatefulSetResource - [helmroll] Desired StatefulSet (1 replicas) for status STARTING (READY)
2025-01-28 23:37:58,983 INFO c.h.h.t.HelmChartContainer - [hivemq-test-hivemq-platform] [hivemq-platform-operator] [a1b31a1e] 23:37:58.982 [ReconcilerExecutor-hivemq-controller-111] INFO  c.h.p.o.HiveMQPlatformReconciler - [helmroll] Reconciling HiveMQ Platform 'test-hivemq-platform' in namespace 'helmrollingupgradeplatformit'
2025-01-28 23:37:58,984 INFO c.h.h.t.HelmChartContainer - [hivemq-test-hivemq-platform] [hivemq-platform-operator] [a1b31a1e] 23:37:58.982 [ReconcilerExecutor-hivemq-controller-111] DEBUG c.h.p.o.HiveMQPlatformReconciler - [helmroll] Custom Resource Status STARTING - HiveMQ Platform is starting (READY)
2025-01-28 23:37:58,984 INFO c.h.h.t.HelmChartContainer - [hivemq-test-hivemq-platform] [hivemq-platform-operator] [a1b31a1e] 23:37:58.982 [ReconcilerExecutor-hivemq-controller-111] DEBUG c.h.p.o.HiveMQPlatformReconciler - [helmroll] Custom Resource Spec (replicas: 1) (extensions: 1)
2025-01-28 23:37:58,985 INFO c.h.h.t.HelmChartContainer - [hivemq-test-hivemq-platform] [hivemq-platform-operator] [a1b31a1e] 23:37:58.984 [ReconcilerExecutor-hivemq-controller-111] DEBUG c.h.p.o.HiveMQPlatformReconciler - [helmroll] StatefulSet Status (revision: test-hivemq-platform-54c4467984, replicas: 1, available: 0, ready: 0, current: 1, updated: 1)
2025-01-28 23:37:58,986 INFO c.h.h.t.HelmChartContainer - [hivemq-test-hivemq-platform] [hivemq-platform-operator] [a1b31a1e] 23:37:58.984 [ReconcilerExecutor-hivemq-controller-111] DEBUG c.h.p.o.HiveMQPlatformReconciler - [helmroll] StatefulSet Spec (replicas: 1, init containers: 1, containers: 1, volumes: 3)
2025-01-28 23:37:58,987 INFO c.h.h.t.HelmChartContainer - [hivemq-test-hivemq-platform] [hivemq-platform-operator] [a1b31a1e] 23:37:58.986 [ReconcilerExecutor-hivemq-controller-111] DEBUG c.h.p.o.h.HiveMQPlatformReconcilerErrorHandler - [helmroll] Pod 'test-hivemq-platform-0' phase Running
2025-01-28 23:37:58,988 INFO c.h.h.t.HelmChartContainer - [hivemq-test-hivemq-platform] [hivemq-platform-operator] [a1b31a1e] 23:37:58.986 [ReconcilerExecutor-hivemq-controller-111] INFO  c.h.p.o.h.HiveMQPlatformReconcilerBaseHandler - [helmroll] HiveMQ Platform is starting, 0 of 1 replicas are ready
2025-01-28 23:37:59,257 INFO c.h.h.t.HelmChartContainer - [test-hivemq-platform] [hivemq] [3550411d] INFO  - No valid license file found. Using trial license, restricted to 25 connections.
2025-01-28 23:38:01,862 INFO c.h.h.t.HelmChartContainer - [test-hivemq-platform] [hivemq] [3550411d] INFO  - No valid license file for Data Hub found. Using free license, restricted to 1 policy.
2025-01-28 23:38:02,758 INFO c.h.h.t.HelmChartContainer - [test-hivemq-platform] [hivemq] [3550411d] INFO  - Audit Logger started.
2025-01-28 23:38:03,069 INFO c.h.h.t.HelmChartContainer - [test-hivemq-platform] [hivemq] [3550411d] INFO  - This node uses '1' CPU cores.
2025-01-28 23:38:03,073 INFO c.h.h.t.HelmChartContainer - [test-hivemq-platform] [hivemq] [3550411d] INFO  - Starting HiveMQ Health API on address 0.0.0.0 and port 8889
2025-01-28 23:38:03,855 INFO c.h.h.t.HelmChartContainer - [test-hivemq-platform] [hivemq] [3550411d] INFO  - Started HiveMQ Health API in 782ms
2025-01-28 23:38:03,859 INFO c.h.h.t.HelmChartContainer - [test-hivemq-platform] [hivemq] [3550411d] INFO  - Starting HiveMQ extension system.
2025-01-28 23:38:04,353 INFO c.h.h.t.HelmChartContainer - [test-hivemq-platform] [hivemq] [3550411d] INFO  - Starting extension with id "hivemq-dns-cluster-discovery" at /opt/hivemq/extensions/hivemq-dns-cluster-discovery
2025-01-28 23:38:04,908 INFO c.h.h.t.HelmChartContainer - [EVENT] Warning [Unhealthy] Readiness probe failed: Get "http://10.42.0.10:7979/readiness": context deadline exceeded (Client.Timeout exceeded while awaiting headers) [helmrollingupgradeplatformit:test-hivemq-platform-0]
2025-01-28 23:38:04,908 INFO c.h.h.t.HelmChartContainer - Received Unhealthy event for container hivemq in pod test-hivemq-platform-0 [3550411d-d6b8-4b76-a884-7973b6f24c9f]
2025-01-28 23:38:05,053 INFO c.h.h.t.HelmChartContainer - [test-hivemq-platform] [hivemq] [3550411d] INFO  - Using TCP cluster transport on address 10.42.0.10 and port 7000
2025-01-28 23:38:05,147 INFO c.h.h.t.HelmChartContainer - [test-hivemq-platform] [hivemq] [3550411d] INFO  - Extension "DNS Cluster Discovery Extension" version 4.3.2 started successfully.
2025-01-28 23:38:05,148 INFO c.h.h.t.HelmChartContainer - [test-hivemq-platform] [hivemq] [3550411d] INFO  - Starting extension with id "hivemq-prometheus-extension" at /opt/hivemq/extensions/hivemq-prometheus-extension
2025-01-28 23:38:05,148 INFO c.h.h.t.HelmChartContainer - [test-hivemq-platform] [hivemq] [3550411d] INFO  - Using extension cluster discovery
2025-01-28 23:38:05,351 INFO c.h.h.t.HelmChartContainer - [test-hivemq-platform] [hivemq] [3550411d] INFO  - [HiveMQ Platform Operator Init App 1.7.0-SNAPSHOT] Returning Health API response 503 for readiness
2025-01-28 23:38:06,549 INFO c.h.h.t.HelmChartContainer - [test-hivemq-platform] [hivemq] [3550411d] INFO  - Started Jetty Server exposing Prometheus Servlet on URI http://0.0.0.0:9399/
2025-01-28 23:38:06,549 INFO c.h.h.t.HelmChartContainer - [test-hivemq-platform] [hivemq] [3550411d] INFO  - Extension "Prometheus Monitoring Extension" version 4.0.12 started successfully.
2025-01-28 23:38:06,549 INFO c.h.h.t.HelmChartContainer - [test-hivemq-platform] [hivemq] [3550411d] INFO  - Starting extension with id "hivemq-allow-all-extension" at /opt/hivemq/extensions/hivemq-allow-all-extension
2025-01-28 23:38:06,549 INFO c.h.h.t.HelmChartContainer - [test-hivemq-platform] [hivemq] [3550411d] WARN  - 
2025-01-28 23:38:06,549 INFO c.h.h.t.HelmChartContainer - [test-hivemq-platform] [hivemq] [3550411d] ################################################################################################################
2025-01-28 23:38:06,549 INFO c.h.h.t.HelmChartContainer - [test-hivemq-platform] [hivemq] [3550411d] # This HiveMQ deployment is not secure! You are lacking Authentication and Authorization.                      #
2025-01-28 23:38:06,549 INFO c.h.h.t.HelmChartContainer - [test-hivemq-platform] [hivemq] [3550411d] # Right now any MQTT client can connect to the broker with a full set of permissions.                          #
2025-01-28 23:38:06,549 INFO c.h.h.t.HelmChartContainer - [test-hivemq-platform] [hivemq] [3550411d] # For production usage, add an appropriate security extension and remove the hivemq-allow-all extension.       #
2025-01-28 23:38:06,550 INFO c.h.h.t.HelmChartContainer - [test-hivemq-platform] [hivemq] [3550411d] # You can download security extensions from the HiveMQ Marketplace (https://www.hivemq.com/extensions/).       #
2025-01-28 23:38:06,550 INFO c.h.h.t.HelmChartContainer - [test-hivemq-platform] [hivemq] [3550411d] ################################################################################################################
2025-01-28 23:38:06,550 INFO c.h.h.t.HelmChartContainer - [test-hivemq-platform] [hivemq] [3550411d] INFO  - Extension "Allow All Extension" version 1.1.0 started successfully.
2025-01-28 23:38:08,255 INFO c.h.h.t.HelmChartContainer - [test-hivemq-platform] [hivemq] [3550411d] INFO  - 341kt: no members discovered after 2403 ms: creating cluster as first member
2025-01-28 23:38:08,261 INFO c.h.h.t.HelmChartContainer - [test-hivemq-platform] [hivemq] [3550411d] INFO  - Cluster nodes found by discovery: [341kt|0] (1) [341kt].
2025-01-28 23:38:08,345 INFO c.h.h.t.HelmChartContainer - [test-hivemq-platform] [hivemq] [3550411d] INFO  - No user for HiveMQ Control Center configured. Starting with default user
2025-01-28 23:38:08,346 INFO c.h.h.t.HelmChartContainer - [test-hivemq-platform] [hivemq] [3550411d] INFO  - Starting HiveMQ Control Center on address 0.0.0.0 and port 8080
2025-01-28 23:38:08,349 INFO c.h.h.t.HelmChartContainer - [test-hivemq-platform] [hivemq] [3550411d] INFO  - Mounting HiveMQ Control Center V2 Preview
2025-01-28 23:38:08,703 INFO c.h.h.t.HelmChartContainer - [K3S] [INFO] COMPACT compactRev=0 targetCompactRev=2 currentRev=1106
2025-01-28 23:38:08,703 INFO c.h.h.t.HelmChartContainer - [K3S] [INFO] COMPACT deleted 0 rows from 2 revisions in 515.499µs - compacted to 2/1106
2025-01-28 23:38:08,703 INFO c.h.h.t.HelmChartContainer - [K3S] [INFO] COMPACT compacted from 0 to 2 in 1 transactions over 1ms
2025-01-28 23:38:08,952 INFO c.h.h.t.HelmChartContainer - [test-hivemq-platform] [hivemq] [3550411d] INFO  - Started HiveMQ Control Center in 607ms
2025-01-28 23:38:08,953 INFO c.h.h.t.HelmChartContainer - [EVENT] Warning [Unhealthy] Readiness probe failed: HTTP probe failed with statuscode: 503 [helmrollingupgradeplatformit:test-hivemq-platform-0]
2025-01-28 23:38:08,953 INFO c.h.h.t.HelmChartContainer - Received Unhealthy event for container hivemq in pod test-hivemq-platform-0 [3550411d-d6b8-4b76-a884-7973b6f24c9f]
2025-01-28 23:38:08,994 INFO c.h.h.t.HelmChartContainer - [hivemq-test-hivemq-platform] [hivemq-platform-operator] [a1b31a1e] 23:38:08.990 [pool-6-thread-45] DEBUG c.h.p.o.d.PlatformServiceResource - [helmroll] Desired Platform services (3 services)
2025-01-28 23:38:08,994 INFO c.h.h.t.HelmChartContainer - [hivemq-test-hivemq-platform] [hivemq-platform-operator] [a1b31a1e] 23:38:08.991 [pool-6-thread-47] DEBUG c.h.p.o.dependants.PodInfoConfigMap - [helmroll] Desired PodInfo ConfigMap (1 extensions) (1 enabled)
2025-01-28 23:38:08,994 INFO c.h.h.t.HelmChartContainer - [hivemq-test-hivemq-platform] [hivemq-platform-operator] [a1b31a1e] 23:38:08.992 [pool-6-thread-47] DEBUG c.h.p.o.dependants.PodInfoConfigMap - [helmroll] Desired PodInfo ConfigMap (metrics port: 9399) (metrics path: /)
2025-01-28 23:38:08,994 INFO c.h.h.t.HelmChartContainer - [hivemq-test-hivemq-platform] [hivemq-platform-operator] [a1b31a1e] 23:38:08.993 [pool-6-thread-47] DEBUG c.h.p.o.dependants.PodInfoConfigMap - [helmroll] Desired PodInfo ConfigMap (extension state hash: -1817474005)
2025-01-28 23:38:08,995 INFO c.h.h.t.HelmChartContainer - [hivemq-test-hivemq-platform] [hivemq-platform-operator] [a1b31a1e] 23:38:08.994 [pool-6-thread-47] DEBUG c.h.p.o.d.PodServiceAccountResource - [helmroll] Desired PodServiceAccountResource (serviceAccountName: hivemq-platform-pod-test-hivemq-platform)
2025-01-28 23:38:09,002 INFO c.h.h.t.HelmChartContainer - [hivemq-test-hivemq-platform] [hivemq-platform-operator] [a1b31a1e] 23:38:09.002 [pool-6-thread-45] DEBUG c.h.p.o.d.StatefulSetResource - [helmroll] Desired StatefulSet (1 replicas) for status STARTING (READY)
2025-01-28 23:38:09,046 INFO c.h.h.t.HelmChartContainer - [test-hivemq-platform] [hivemq] [3550411d] INFO  - Starting TCP listener on address 0.0.0.0 and port 1883
2025-01-28 23:38:09,060 INFO c.h.h.t.HelmChartContainer - [test-hivemq-platform] [hivemq] [3550411d] INFO  - Started TCP Listener on address 0.0.0.0 and on port 1883.
2025-01-28 23:38:09,060 INFO c.h.h.t.HelmChartContainer - [test-hivemq-platform] [hivemq] [3550411d] INFO  - Started HiveMQ in 29299ms
2025-01-28 23:38:09,071 INFO c.h.h.t.HelmChartContainer - [hivemq-test-hivemq-platform] [hivemq-platform-operator] [a1b31a1e] 23:38:09.069 [ReconcilerExecutor-hivemq-controller-112] INFO  c.h.p.o.HiveMQPlatformReconciler - [helmroll] Reconciling HiveMQ Platform 'test-hivemq-platform' in namespace 'helmrollingupgradeplatformit'
2025-01-28 23:38:09,071 INFO c.h.h.t.HelmChartContainer - [hivemq-test-hivemq-platform] [hivemq-platform-operator] [a1b31a1e] 23:38:09.069 [ReconcilerExecutor-hivemq-controller-112] DEBUG c.h.p.o.HiveMQPlatformReconciler - [helmroll] Custom Resource Status STARTING - HiveMQ Platform is starting (READY)
2025-01-28 23:38:09,071 INFO c.h.h.t.HelmChartContainer - [hivemq-test-hivemq-platform] [hivemq-platform-operator] [a1b31a1e] 23:38:09.070 [ReconcilerExecutor-hivemq-controller-112] DEBUG c.h.p.o.HiveMQPlatformReconciler - [helmroll] Custom Resource Spec (replicas: 1) (extensions: 1)
2025-01-28 23:38:09,073 INFO c.h.h.t.HelmChartContainer - [hivemq-test-hivemq-platform] [hivemq-platform-operator] [a1b31a1e] 23:38:09.072 [ReconcilerExecutor-hivemq-controller-112] DEBUG c.h.p.o.HiveMQPlatformReconciler - [helmroll] StatefulSet Status (revision: test-hivemq-platform-54c4467984, replicas: 1, available: 0, ready: 0, current: 1, updated: 1)
2025-01-28 23:38:09,075 INFO c.h.h.t.HelmChartContainer - [hivemq-test-hivemq-platform] [hivemq-platform-operator] [a1b31a1e] 23:38:09.073 [ReconcilerExecutor-hivemq-controller-112] DEBUG c.h.p.o.HiveMQPlatformReconciler - [helmroll] StatefulSet Spec (replicas: 1, init containers: 1, containers: 1, volumes: 3)
2025-01-28 23:38:09,075 INFO c.h.h.t.HelmChartContainer - [hivemq-test-hivemq-platform] [hivemq-platform-operator] [a1b31a1e] 23:38:09.074 [ReconcilerExecutor-hivemq-controller-112] DEBUG c.h.p.o.h.HiveMQPlatformReconcilerErrorHandler - [helmroll] Pod 'test-hivemq-platform-0' phase Running
2025-01-28 23:38:09,076 INFO c.h.h.t.HelmChartContainer - [hivemq-test-hivemq-platform] [hivemq-platform-operator] [a1b31a1e] 23:38:09.076 [ReconcilerExecutor-hivemq-controller-112] INFO  c.h.p.o.h.HiveMQPlatformReconcilerBaseHandler - [helmroll] HiveMQ Platform is starting, 0 of 1 replicas are ready
2025-01-28 23:38:11,456 INFO c.h.h.t.HelmChartContainer - [K3S] [info.go:53] Couldn't collect info from any of the files in "/etc/machine-id,/var/lib/dbus/machine-id"
2025-01-28 23:38:13,869 INFO c.h.h.t.HelmChartContainer - [test-hivemq-platform] [hivemq] [3550411d] INFO  - [HiveMQ Platform Operator Init App 1.7.0-SNAPSHOT] Returning Health API response 200 for readiness
2025-01-28 23:38:13,879 INFO c.h.h.t.HelmChartContainer - [POD] test-hivemq-platform-0 [3550411d-d6b8-4b76-a884-7973b6f24c9f] in helmrollingupgradeplatformit was MODIFIED
2025-01-28 23:38:13,892 INFO c.h.h.t.HelmChartContainer - [hivemq-test-hivemq-platform] [hivemq-platform-operator] [a1b31a1e] 23:38:13.886 [pool-6-thread-2] DEBUG c.h.p.o.d.PlatformServiceResource - [helmroll] Desired Platform services (3 services)
2025-01-28 23:38:13,892 INFO c.h.h.t.HelmChartContainer - [hivemq-test-hivemq-platform] [hivemq-platform-operator] [a1b31a1e] 23:38:13.887 [pool-6-thread-4] DEBUG c.h.p.o.dependants.PodInfoConfigMap - [helmroll] Desired PodInfo ConfigMap (1 extensions) (1 enabled)
2025-01-28 23:38:13,895 INFO c.h.h.t.HelmChartContainer - [hivemq-test-hivemq-platform] [hivemq-platform-operator] [a1b31a1e] 23:38:13.887 [pool-6-thread-4] DEBUG c.h.p.o.dependants.PodInfoConfigMap - [helmroll] Desired PodInfo ConfigMap (metrics port: 9399) (metrics path: /)
2025-01-28 23:38:13,895 INFO c.h.h.t.HelmChartContainer - [hivemq-test-hivemq-platform] [hivemq-platform-operator] [a1b31a1e] 23:38:13.887 [pool-6-thread-4] DEBUG c.h.p.o.dependants.PodInfoConfigMap - [helmroll] Desired PodInfo ConfigMap (extension state hash: -1817474005)
2025-01-28 23:38:13,895 INFO c.h.h.t.HelmChartContainer - [hivemq-test-hivemq-platform] [hivemq-platform-operator] [a1b31a1e] 23:38:13.889 [pool-6-thread-1] DEBUG c.h.p.o.d.PodServiceAccountResource - [helmroll] Desired PodServiceAccountResource (serviceAccountName: hivemq-platform-pod-test-hivemq-platform)
2025-01-28 23:38:13,903 INFO c.h.h.t.HelmChartContainer - [hivemq-test-hivemq-platform] [hivemq-platform-operator] [a1b31a1e] 23:38:13.902 [pool-6-thread-1] DEBUG c.h.p.o.d.StatefulSetResource - [helmroll] Desired StatefulSet (1 replicas) for status STARTING (READY)
2025-01-28 23:38:13,969 INFO c.h.h.t.HelmChartContainer - [hivemq-test-hivemq-platform] [hivemq-platform-operator] [a1b31a1e] 23:38:13.967 [ReconcilerExecutor-hivemq-controller-113] INFO  c.h.p.o.HiveMQPlatformReconciler - [helmroll] Reconciling HiveMQ Platform 'test-hivemq-platform' in namespace 'helmrollingupgradeplatformit'
2025-01-28 23:38:13,970 INFO c.h.h.t.HelmChartContainer - [hivemq-test-hivemq-platform] [hivemq-platform-operator] [a1b31a1e] 23:38:13.967 [ReconcilerExecutor-hivemq-controller-113] DEBUG c.h.p.o.HiveMQPlatformReconciler - [helmroll] Custom Resource Status STARTING - HiveMQ Platform is starting (READY)
2025-01-28 23:38:13,970 INFO c.h.h.t.HelmChartContainer - [hivemq-test-hivemq-platform] [hivemq-platform-operator] [a1b31a1e] 23:38:13.967 [ReconcilerExecutor-hivemq-controller-113] DEBUG c.h.p.o.HiveMQPlatformReconciler - [helmroll] Custom Resource Spec (replicas: 1) (extensions: 1)
2025-01-28 23:38:13,971 INFO c.h.h.t.HelmChartContainer - [hivemq-test-hivemq-platform] [hivemq-platform-operator] [a1b31a1e] 23:38:13.969 [ReconcilerExecutor-hivemq-controller-113] DEBUG c.h.p.o.HiveMQPlatformReconciler - [helmroll] StatefulSet Status (revision: test-hivemq-platform-54c4467984, replicas: 1, available: 1, ready: 1, current: 1, updated: 1)
2025-01-28 23:38:13,971 INFO c.h.h.t.HelmChartContainer - [hivemq-test-hivemq-platform] [hivemq-platform-operator] [a1b31a1e] 23:38:13.969 [ReconcilerExecutor-hivemq-controller-113] DEBUG c.h.p.o.HiveMQPlatformReconciler - [helmroll] StatefulSet Spec (replicas: 1, init containers: 1, containers: 1, volumes: 3)
2025-01-28 23:38:13,972 INFO c.h.h.t.HelmChartContainer - [hivemq-test-hivemq-platform] [hivemq-platform-operator] [a1b31a1e] 23:38:13.971 [ReconcilerExecutor-hivemq-controller-113] DEBUG c.h.p.o.h.HiveMQPlatformReconcilerErrorHandler - [helmroll] Pod 'test-hivemq-platform-0' phase Running
2025-01-28 23:38:13,972 INFO c.h.h.t.HelmChartContainer - [hivemq-test-hivemq-platform] [hivemq-platform-operator] [a1b31a1e] 23:38:13.971 [ReconcilerExecutor-hivemq-controller-113] INFO  c.h.p.o.h.HiveMQPlatformReconcilerBaseHandler - [helmroll] HiveMQ Platform started successfully
2025-01-28 23:38:14,070 INFO c.h.h.t.HelmChartContainer - [hivemq-test-hivemq-platform] [hivemq-platform-operator] [a1b31a1e] 23:38:14.068 [ReconcilerExecutor-hivemq-controller-113] DEBUG c.h.p.operator.event.EventSender - [helmroll] Creating K8s event hivemq-platform-ready: [Ready] HiveMQ Platform is ready
2025-01-28 23:38:14,073 INFO c.h.h.t.HelmChartContainer - [EVENT] Normal [Ready] HiveMQ Platform is ready [helmrollingupgradeplatformit:test-hivemq-platform]
2025-01-28 23:38:14,074 INFO c.h.h.t.HelmChartContainer - [hivemq-test-hivemq-platform] [hivemq-platform-operator] [a1b31a1e] 23:38:14.073 [ReconcilerExecutor-hivemq-controller-113] INFO  c.h.p.o.h.AbstractHiveMQReconcilerStateHandler - [helmroll] Update HiveMQ Platform Status (STARTING [READY] -> RUNNING [READY]): HiveMQ Platform is ready
2025-01-28 23:38:14,093 DEBUG com.hivemq.helmcharts.util.K8sUtil - Comparing actual state 'RUNNING' and waiting for 'RUNNING'
2025-01-28 23:38:14,108 INFO c.h.h.t.HelmChartContainer - [hivemq-test-hivemq-platform] [hivemq-platform-operator] [a1b31a1e] 23:38:14.107 [pool-6-thread-18] DEBUG c.h.p.o.d.PlatformServiceResource - [helmroll] Desired Platform services (3 services)
2025-01-28 23:38:14,112 INFO c.h.h.t.HelmChartContainer - [hivemq-test-hivemq-platform] [hivemq-platform-operator] [a1b31a1e] 23:38:14.110 [pool-6-thread-14] DEBUG c.h.p.o.dependants.PodInfoConfigMap - [helmroll] Desired PodInfo ConfigMap (1 extensions) (1 enabled)
2025-01-28 23:38:14,112 INFO c.h.h.t.HelmChartContainer - [hivemq-test-hivemq-platform] [hivemq-platform-operator] [a1b31a1e] 23:38:14.110 [pool-6-thread-14] DEBUG c.h.p.o.dependants.PodInfoConfigMap - [helmroll] Desired PodInfo ConfigMap (metrics port: 9399) (metrics path: /)
2025-01-28 23:38:14,112 INFO c.h.h.t.HelmChartContainer - [hivemq-test-hivemq-platform] [hivemq-platform-operator] [a1b31a1e] 23:38:14.110 [pool-6-thread-14] DEBUG c.h.p.o.dependants.PodInfoConfigMap - [helmroll] Desired PodInfo ConfigMap (extension state hash: -1817474005)
2025-01-28 23:38:14,114 INFO c.h.h.t.HelmChartContainer - [hivemq-test-hivemq-platform] [hivemq-platform-operator] [a1b31a1e] 23:38:14.111 [pool-6-thread-14] DEBUG c.h.p.o.dependants.PodInfoConfigMap - [helmroll] Update PodInfo ConfigMap
2025-01-28 23:38:14,172 INFO c.h.h.t.HelmChartContainer - [hivemq-test-hivemq-platform] [hivemq-platform-operator] [a1b31a1e] 23:38:14.170 [pool-6-thread-18] DEBUG c.h.p.o.d.PodServiceAccountResource - [helmroll] Desired PodServiceAccountResource (serviceAccountName: hivemq-platform-pod-test-hivemq-platform)
2025-01-28 23:38:14,199 DEBUG c.h.h.t.HelmChartContainer - Executing helm command: /bin/helm --kubeconfig /etc/rancher/k3s/k3s.yaml upgrade test-hivemq-platform /charts/hivemq-platform --wait --timeout 5m0s --set image.repository=docker.io/hivemq --set image.tag=4.36.0 --set image.pullPolicy=Never --set nodes.resources.cpu=512m --set nodes.replicaCount=1 --namespace helmrollingupgradeplatformit
2025-01-28 23:38:14,199 INFO c.h.h.t.HelmChartContainer - [hivemq-test-hivemq-platform] [hivemq-platform-operator] [a1b31a1e] 23:38:14.195 [pool-6-thread-14] DEBUG c.h.p.o.d.StatefulSetResource - [helmroll] Desired StatefulSet (1 replicas) for status RUNNING (READY)
2025-01-28 23:38:14,274 INFO c.h.h.t.HelmChartContainer - [hivemq-test-hivemq-platform] [hivemq-platform-operator] [a1b31a1e] 23:38:14.266 [ReconcilerExecutor-hivemq-controller-114] INFO  c.h.p.o.HiveMQPlatformReconciler - [helmroll] Reconciling HiveMQ Platform 'test-hivemq-platform' in namespace 'helmrollingupgradeplatformit'
2025-01-28 23:38:14,274 INFO c.h.h.t.HelmChartContainer - [hivemq-test-hivemq-platform] [hivemq-platform-operator] [a1b31a1e] 23:38:14.266 [ReconcilerExecutor-hivemq-controller-114] DEBUG c.h.p.o.HiveMQPlatformReconciler - [helmroll] Custom Resource Status RUNNING - HiveMQ Platform is ready (READY)
2025-01-28 23:38:14,274 INFO c.h.h.t.HelmChartContainer - [hivemq-test-hivemq-platform] [hivemq-platform-operator] [a1b31a1e] 23:38:14.266 [ReconcilerExecutor-hivemq-controller-114] DEBUG c.h.p.o.HiveMQPlatformReconciler - [helmroll] Custom Resource Spec (replicas: 1) (extensions: 1)
2025-01-28 23:38:14,276 INFO c.h.h.t.HelmChartContainer - [hivemq-test-hivemq-platform] [hivemq-platform-operator] [a1b31a1e] 23:38:14.271 [ReconcilerExecutor-hivemq-controller-114] DEBUG c.h.p.o.HiveMQPlatformReconciler - [helmroll] StatefulSet Status (revision: test-hivemq-platform-54c4467984, replicas: 1, available: 1, ready: 1, current: 1, updated: 1)
2025-01-28 23:38:14,276 INFO c.h.h.t.HelmChartContainer - [hivemq-test-hivemq-platform] [hivemq-platform-operator] [a1b31a1e] 23:38:14.273 [ReconcilerExecutor-hivemq-controller-114] DEBUG c.h.p.o.HiveMQPlatformReconciler - [helmroll] StatefulSet Spec (replicas: 1, init containers: 1, containers: 1, volumes: 3)
2025-01-28 23:38:14,276 INFO c.h.h.t.HelmChartContainer - [hivemq-test-hivemq-platform] [hivemq-platform-operator] [a1b31a1e] 23:38:14.274 [ReconcilerExecutor-hivemq-controller-114] DEBUG c.h.p.o.h.HiveMQPlatformReconcilerErrorHandler - [helmroll] Pod 'test-hivemq-platform-0' phase Running
2025-01-28 23:38:14,552 INFO c.h.h.t.HelmChartContainer - [hivemq-test-hivemq-platform] [hivemq-platform-operator] [a1b31a1e] 23:38:14.551 [pool-6-thread-26] DEBUG c.h.p.o.d.PlatformServiceResource - [helmroll] Desired Platform services (3 services)
2025-01-28 23:38:14,557 INFO c.h.h.t.HelmChartContainer - [hivemq-test-hivemq-platform] [hivemq-platform-operator] [a1b31a1e] 23:38:14.553 [pool-6-thread-23] DEBUG c.h.p.o.dependants.PodInfoConfigMap - [helmroll] Desired PodInfo ConfigMap (1 extensions) (1 enabled)
2025-01-28 23:38:14,557 INFO c.h.h.t.HelmChartContainer - [hivemq-test-hivemq-platform] [hivemq-platform-operator] [a1b31a1e] 23:38:14.554 [pool-6-thread-23] DEBUG c.h.p.o.dependants.PodInfoConfigMap - [helmroll] Desired PodInfo ConfigMap (metrics port: 9399) (metrics path: /)
2025-01-28 23:38:14,557 INFO c.h.h.t.HelmChartContainer - [hivemq-test-hivemq-platform] [hivemq-platform-operator] [a1b31a1e] 23:38:14.554 [pool-6-thread-23] DEBUG c.h.p.o.dependants.PodInfoConfigMap - [helmroll] Desired PodInfo ConfigMap (extension state hash: -1817474005)
2025-01-28 23:38:14,560 INFO c.h.h.t.HelmChartContainer - [hivemq-test-hivemq-platform] [hivemq-platform-operator] [a1b31a1e] 23:38:14.559 [pool-6-thread-21] DEBUG c.h.p.o.d.PodServiceAccountResource - [helmroll] Desired PodServiceAccountResource (serviceAccountName: hivemq-platform-pod-test-hivemq-platform)
2025-01-28 23:38:14,561 INFO c.h.h.t.HelmChartContainer - [hivemq-test-hivemq-platform] [hivemq-platform-operator] [a1b31a1e] 23:38:14.560 [pool-6-thread-24] DEBUG c.h.p.o.d.StatefulSetResource - [helmroll] Desired StatefulSet (1 replicas) for status RUNNING (READY)
2025-01-28 23:38:14,565 INFO c.h.h.t.HelmChartContainer - [hivemq-test-hivemq-platform] [hivemq-platform-operator] [a1b31a1e] 23:38:14.564 [ReconcilerExecutor-hivemq-controller-115] INFO  c.h.p.o.HiveMQPlatformReconciler - [helmroll] Reconciling HiveMQ Platform 'test-hivemq-platform' in namespace 'helmrollingupgradeplatformit'
2025-01-28 23:38:14,565 INFO c.h.h.t.HelmChartContainer - [hivemq-test-hivemq-platform] [hivemq-platform-operator] [a1b31a1e] 23:38:14.564 [ReconcilerExecutor-hivemq-controller-115] DEBUG c.h.p.o.HiveMQPlatformReconciler - [helmroll] Custom Resource Status RUNNING - HiveMQ Platform is ready (READY)
2025-01-28 23:38:14,565 INFO c.h.h.t.HelmChartContainer - [hivemq-test-hivemq-platform] [hivemq-platform-operator] [a1b31a1e] 23:38:14.564 [ReconcilerExecutor-hivemq-controller-115] DEBUG c.h.p.o.HiveMQPlatformReconciler - [helmroll] Custom Resource Spec (replicas: 1) (extensions: 1)
2025-01-28 23:38:14,597 INFO c.h.h.t.HelmChartContainer - [hivemq-test-hivemq-platform] [hivemq-platform-operator] [a1b31a1e] 23:38:14.595 [ReconcilerExecutor-hivemq-controller-115] DEBUG c.h.p.o.HiveMQPlatformReconciler - [helmroll] StatefulSet Status (revision: test-hivemq-platform-54c4467984, replicas: 1, available: 1, ready: 1, current: 1, updated: 1)
2025-01-28 23:38:14,597 INFO c.h.h.t.HelmChartContainer - [hivemq-test-hivemq-platform] [hivemq-platform-operator] [a1b31a1e] 23:38:14.595 [ReconcilerExecutor-hivemq-controller-115] DEBUG c.h.p.o.HiveMQPlatformReconciler - [helmroll] StatefulSet Spec (replicas: 1, init containers: 1, containers: 1, volumes: 3)
2025-01-28 23:38:14,599 INFO c.h.h.t.HelmChartContainer - [hivemq-test-hivemq-platform] [hivemq-platform-operator] [a1b31a1e] 23:38:14.596 [ReconcilerExecutor-hivemq-controller-115] DEBUG c.h.p.o.h.HiveMQPlatformReconcilerErrorHandler - [helmroll] Pod 'test-hivemq-platform-0' phase Running
2025-01-28 23:38:14,603 INFO c.h.h.t.HelmChartContainer - [hivemq-test-hivemq-platform] [hivemq-platform-operator] [a1b31a1e] 23:38:14.602 [pool-6-thread-31] DEBUG c.h.p.o.d.PlatformServiceResource - [helmroll] Desired Platform services (3 services)
2025-01-28 23:38:14,603 INFO c.h.h.t.HelmChartContainer - [hivemq-test-hivemq-platform] [hivemq-platform-operator] [a1b31a1e] 23:38:14.602 [pool-6-thread-35] DEBUG c.h.p.o.dependants.PodInfoConfigMap - [helmroll] Desired PodInfo ConfigMap (1 extensions) (1 enabled)
2025-01-28 23:38:14,604 INFO c.h.h.t.HelmChartContainer - [hivemq-test-hivemq-platform] [hivemq-platform-operator] [a1b31a1e] 23:38:14.603 [pool-6-thread-35] DEBUG c.h.p.o.dependants.PodInfoConfigMap - [helmroll] Desired PodInfo ConfigMap (metrics port: 9399) (metrics path: /)
2025-01-28 23:38:14,604 INFO c.h.h.t.HelmChartContainer - [hivemq-test-hivemq-platform] [hivemq-platform-operator] [a1b31a1e] 23:38:14.603 [pool-6-thread-35] DEBUG c.h.p.o.dependants.PodInfoConfigMap - [helmroll] Desired PodInfo ConfigMap (extension state hash: -1817474005)
2025-01-28 23:38:14,604 INFO c.h.h.t.HelmChartContainer - [hivemq-test-hivemq-platform] [hivemq-platform-operator] [a1b31a1e] 23:38:14.603 [pool-6-thread-35] DEBUG c.h.p.o.dependants.PodInfoConfigMap - [helmroll] Update PodInfo ConfigMap
2025-01-28 23:38:14,607 INFO c.h.h.t.HelmChartContainer - [hivemq-test-hivemq-platform] [hivemq-platform-operator] [a1b31a1e] 23:38:14.606 [pool-6-thread-37] DEBUG c.h.p.o.d.PodServiceAccountResource - [helmroll] Desired PodServiceAccountResource (serviceAccountName: hivemq-platform-pod-test-hivemq-platform)
2025-01-28 23:38:14,739 DEBUG com.hivemq.helmcharts.util.K8sUtil - Comparing actual state 'RUNNING' and waiting for 'ROLLING_RESTART'
2025-01-28 23:38:14,999 INFO c.h.h.t.HelmChartContainer - [hivemq-test-hivemq-platform] [hivemq-platform-operator] [a1b31a1e] 23:38:14.998 [pool-6-thread-31] DEBUG c.h.p.o.d.StatefulSetResource - [helmroll] Desired StatefulSet (1 replicas) for status RUNNING (READY)
2025-01-28 23:38:15,006 INFO c.h.h.t.HelmChartContainer - [hivemq-test-hivemq-platform] [hivemq-platform-operator] [a1b31a1e] 23:38:15.006 [pool-6-thread-31] DEBUG c.h.p.o.d.StatefulSetResource - [helmroll] Update StatefulSet (replicas: 1 -> 1)
2025-01-28 23:38:15,101 INFO c.h.h.t.HelmChartContainer - [hivemq-test-hivemq-platform] [hivemq-platform-operator] [a1b31a1e] 23:38:15.096 [pool-6-thread-31] DEBUG c.h.p.o.d.StatefulSetResource - [helmroll] Detected change in StatefulSet specification (path: /template/spec/containers/0/image) (actual value: "docker.io/hivemq/hivemq4:4.35.0") (target value: "docker.io/hivemq/hivemq4:4.36.0")
2025-01-28 23:38:15,102 INFO c.h.h.t.HelmChartContainer - [hivemq-test-hivemq-platform] [hivemq-platform-operator] [a1b31a1e] 23:38:15.100 [pool-6-thread-31] INFO  c.h.p.o.d.StatefulSetResource - [helmroll] StatefulSet spec was updated, triggering rolling restart
2025-01-28 23:38:15,113 INFO c.h.h.t.HelmChartContainer - [hivemq-test-hivemq-platform] [hivemq-platform-operator] [a1b31a1e] 23:38:15.111 [ReconcilerExecutor-hivemq-controller-116] INFO  c.h.p.o.HiveMQPlatformReconciler - [helmroll] Reconciling HiveMQ Platform 'test-hivemq-platform' in namespace 'helmrollingupgradeplatformit'
2025-01-28 23:38:15,114 INFO c.h.h.t.HelmChartContainer - [hivemq-test-hivemq-platform] [hivemq-platform-operator] [a1b31a1e] 23:38:15.112 [ReconcilerExecutor-hivemq-controller-116] DEBUG c.h.p.o.HiveMQPlatformReconciler - [helmroll] Custom Resource Status RUNNING - HiveMQ Platform is ready (READY) (reconciliation requests: ROLLING_RESTART, REQUESTS_UPDATED)
2025-01-28 23:38:15,114 INFO c.h.h.t.HelmChartContainer - [hivemq-test-hivemq-platform] [hivemq-platform-operator] [a1b31a1e] 23:38:15.112 [ReconcilerExecutor-hivemq-controller-116] DEBUG c.h.p.o.HiveMQPlatformReconciler - [helmroll] Custom Resource Spec (replicas: 1) (extensions: 1)
2025-01-28 23:38:15,116 INFO c.h.h.t.HelmChartContainer - [hivemq-test-hivemq-platform] [hivemq-platform-operator] [a1b31a1e] 23:38:15.113 [ReconcilerExecutor-hivemq-controller-116] DEBUG c.h.p.o.HiveMQPlatformReconciler - [helmroll] StatefulSet Status (revision: test-hivemq-platform-54c4467984, replicas: 1, available: 1, ready: 1, current: 1, updated: 1)
2025-01-28 23:38:15,116 INFO c.h.h.t.HelmChartContainer - [hivemq-test-hivemq-platform] [hivemq-platform-operator] [a1b31a1e] 23:38:15.114 [ReconcilerExecutor-hivemq-controller-116] DEBUG c.h.p.o.HiveMQPlatformReconciler - [helmroll] StatefulSet Spec (replicas: 1, init containers: 1, containers: 1, volumes: 3)
2025-01-28 23:38:15,116 INFO c.h.h.t.HelmChartContainer - [hivemq-test-hivemq-platform] [hivemq-platform-operator] [a1b31a1e] 23:38:15.115 [ReconcilerExecutor-hivemq-controller-116] DEBUG c.h.p.o.h.HiveMQPlatformReconcilerErrorHandler - [helmroll] Pod 'test-hivemq-platform-0' phase Running
2025-01-28 23:38:15,116 INFO c.h.h.t.HelmChartContainer - [hivemq-test-hivemq-platform] [hivemq-platform-operator] [a1b31a1e] 23:38:15.115 [ReconcilerExecutor-hivemq-controller-116] INFO  c.h.p.o.h.HiveMQPlatformReconcilerBaseHandler - [helmroll] Started rolling restart (scaling to 2 replicas)
2025-01-28 23:38:15,209 INFO c.h.h.t.HelmChartContainer - [hivemq-test-hivemq-platform] [hivemq-platform-operator] [a1b31a1e] 23:38:15.207 [ReconcilerExecutor-hivemq-controller-116] DEBUG c.h.p.operator.event.EventSender - [helmroll] Creating K8s event rolling-restart-started: [RollingRestart] HiveMQ Platform is starting a surge Pod (rolling restart)
2025-01-28 23:38:15,212 INFO c.h.h.t.HelmChartContainer - [EVENT] Normal [RollingRestart] HiveMQ Platform is starting a surge Pod (rolling restart) [helmrollingupgradeplatformit:test-hivemq-platform]
2025-01-28 23:38:15,213 INFO c.h.h.t.HelmChartContainer - [hivemq-test-hivemq-platform] [hivemq-platform-operator] [a1b31a1e] 23:38:15.212 [ReconcilerExecutor-hivemq-controller-116] INFO  c.h.p.o.h.AbstractHiveMQReconcilerStateHandler - [helmroll] Update HiveMQ Platform Status (RUNNING [READY] -> ROLLING_RESTART [SURGE_IN_PROGRESS]): HiveMQ Platform is starting a surge Pod (rolling restart)
2025-01-28 23:38:15,220 DEBUG com.hivemq.helmcharts.util.K8sUtil - Comparing actual state 'ROLLING_RESTART' and waiting for 'ROLLING_RESTART'
2025-01-28 23:38:15,224 DEBUG com.hivemq.helmcharts.util.K8sUtil - Comparing actual state 'ROLLING_RESTART' and waiting for 'RUNNING'
2025-01-28 23:38:15,305 INFO c.h.h.t.HelmChartContainer - [hivemq-test-hivemq-platform] [hivemq-platform-operator] [a1b31a1e] 23:38:15.298 [pool-6-thread-47] DEBUG c.h.p.o.d.PlatformServiceResource - [helmroll] Desired Platform services (3 services)
2025-01-28 23:38:15,305 INFO c.h.h.t.HelmChartContainer - [hivemq-test-hivemq-platform] [hivemq-platform-operator] [a1b31a1e] 23:38:15.299 [pool-6-thread-43] DEBUG c.h.p.o.dependants.PodInfoConfigMap - [helmroll] Desired PodInfo ConfigMap (1 extensions) (1 enabled)
2025-01-28 23:38:15,305 INFO c.h.h.t.HelmChartContainer - [hivemq-test-hivemq-platform] [hivemq-platform-operator] [a1b31a1e] 23:38:15.299 [pool-6-thread-43] DEBUG c.h.p.o.dependants.PodInfoConfigMap - [helmroll] Desired PodInfo ConfigMap (metrics port: 9399) (metrics path: /)
2025-01-28 23:38:15,305 INFO c.h.h.t.HelmChartContainer - [hivemq-test-hivemq-platform] [hivemq-platform-operator] [a1b31a1e] 23:38:15.299 [pool-6-thread-43] DEBUG c.h.p.o.dependants.PodInfoConfigMap - [helmroll] Desired PodInfo ConfigMap (extension state hash: -1817474005)
2025-01-28 23:38:15,305 INFO c.h.h.t.HelmChartContainer - [hivemq-test-hivemq-platform] [hivemq-platform-operator] [a1b31a1e] 23:38:15.299 [pool-6-thread-43] DEBUG c.h.p.o.dependants.PodInfoConfigMap - [helmroll] Update PodInfo ConfigMap
2025-01-28 23:38:15,305 INFO c.h.h.t.HelmChartContainer - [hivemq-test-hivemq-platform] [hivemq-platform-operator] [a1b31a1e] 23:38:15.302 [pool-6-thread-44] DEBUG c.h.p.o.d.PodServiceAccountResource - [helmroll] Desired PodServiceAccountResource (serviceAccountName: hivemq-platform-pod-test-hivemq-platform)
2025-01-28 23:38:15,314 INFO c.h.h.t.HelmChartContainer - [hivemq-test-hivemq-platform] [hivemq-platform-operator] [a1b31a1e] 23:38:15.311 [pool-6-thread-43] DEBUG c.h.p.o.d.StatefulSetResource - [helmroll] Desired StatefulSet (2 replicas) for status ROLLING_RESTART (SURGE_IN_PROGRESS)
2025-01-28 23:38:15,397 INFO c.h.h.t.HelmChartContainer - [hivemq-test-hivemq-platform] [hivemq-platform-operator] [a1b31a1e] 23:38:15.395 [pool-6-thread-43] DEBUG c.h.p.o.d.StatefulSetResource - [helmroll] Update StatefulSet (replicas: 1 -> 2)
2025-01-28 23:38:15,413 INFO c.h.h.t.HelmChartContainer - [hivemq-test-hivemq-platform] [hivemq-platform-operator] [a1b31a1e] 23:38:15.411 [ReconcilerExecutor-hivemq-controller-117] INFO  c.h.p.o.HiveMQPlatformReconciler - [helmroll] Reconciling HiveMQ Platform 'test-hivemq-platform' in namespace 'helmrollingupgradeplatformit'
2025-01-28 23:38:15,414 INFO c.h.h.t.HelmChartContainer - [hivemq-test-hivemq-platform] [hivemq-platform-operator] [a1b31a1e] 23:38:15.411 [ReconcilerExecutor-hivemq-controller-117] DEBUG c.h.p.o.HiveMQPlatformReconciler - [helmroll] Custom Resource Status ROLLING_RESTART - HiveMQ Platform is starting a surge Pod (rolling restart) (SURGE_IN_PROGRESS)
2025-01-28 23:38:15,414 INFO c.h.h.t.HelmChartContainer - [hivemq-test-hivemq-platform] [hivemq-platform-operator] [a1b31a1e] 23:38:15.411 [ReconcilerExecutor-hivemq-controller-117] DEBUG c.h.p.o.HiveMQPlatformReconciler - [helmroll] Custom Resource Spec (replicas: 1) (extensions: 1)
2025-01-28 23:38:15,416 INFO c.h.h.t.HelmChartContainer - [POD] test-hivemq-platform-1 [ac221899-f96a-4af1-9d62-57db2fed9d80] in helmrollingupgradeplatformit was ADDED
2025-01-28 23:38:15,418 INFO c.h.h.t.HelmChartContainer - [EVENT] Normal [SuccessfulCreate] create Pod test-hivemq-platform-1 in StatefulSet test-hivemq-platform successful [helmrollingupgradeplatformit:test-hivemq-platform]
2025-01-28 23:38:15,422 INFO c.h.h.t.HelmChartContainer - [POD] test-hivemq-platform-1 [ac221899-f96a-4af1-9d62-57db2fed9d80] in helmrollingupgradeplatformit was MODIFIED
2025-01-28 23:38:15,423 INFO c.h.h.t.HelmChartContainer - [EVENT] Normal [Scheduled] Successfully assigned helmrollingupgradeplatformit/test-hivemq-platform-1 to 420d7b4f4b8a [helmrollingupgradeplatformit:test-hivemq-platform-1]
2025-01-28 23:38:15,424 INFO c.h.h.t.HelmChartContainer - [K3S] [reconciler_common.go:251] "operationExecutor.VerifyControllerAttachedVolume started for volume \"pod-info\" (UniqueName: \"kubernetes.io/configmap/ac221899-f96a-4af1-9d62-57db2fed9d80-pod-info\") pod \"test-hivemq-platform-1\" (UID: \"ac221899-f96a-4af1-9d62-57db2fed9d80\") " pod="helmrollingupgradeplatformit/test-hivemq-platform-1"
2025-01-28 23:38:15,424 INFO c.h.h.t.HelmChartContainer - [K3S] [reconciler_common.go:251] "operationExecutor.VerifyControllerAttachedVolume started for volume \"broker-configuration\" (UniqueName: \"kubernetes.io/configmap/ac221899-f96a-4af1-9d62-57db2fed9d80-broker-configuration\") pod \"test-hivemq-platform-1\" (UID: \"ac221899-f96a-4af1-9d62-57db2fed9d80\") " pod="helmrollingupgradeplatformit/test-hivemq-platform-1"
2025-01-28 23:38:15,425 INFO c.h.h.t.HelmChartContainer - [K3S] [reconciler_common.go:251] "operationExecutor.VerifyControllerAttachedVolume started for volume \"kube-api-access-tf768\" (UniqueName: \"kubernetes.io/projected/ac221899-f96a-4af1-9d62-57db2fed9d80-kube-api-access-tf768\") pod \"test-hivemq-platform-1\" (UID: \"ac221899-f96a-4af1-9d62-57db2fed9d80\") " pod="helmrollingupgradeplatformit/test-hivemq-platform-1"
2025-01-28 23:38:15,425 INFO c.h.h.t.HelmChartContainer - [K3S] [reconciler_common.go:251] "operationExecutor.VerifyControllerAttachedVolume started for volume \"operator-init\" (UniqueName: \"kubernetes.io/empty-dir/ac221899-f96a-4af1-9d62-57db2fed9d80-operator-init\") pod \"test-hivemq-platform-1\" (UID: \"ac221899-f96a-4af1-9d62-57db2fed9d80\") " pod="helmrollingupgradeplatformit/test-hivemq-platform-1"
2025-01-28 23:38:15,432 INFO c.h.h.t.HelmChartContainer - [POD] test-hivemq-platform-1 [ac221899-f96a-4af1-9d62-57db2fed9d80] in helmrollingupgradeplatformit was MODIFIED
2025-01-28 23:38:15,466 INFO c.h.h.t.HelmChartContainer - [hivemq-test-hivemq-platform] [hivemq-platform-operator] [a1b31a1e] 23:38:15.465 [ReconcilerExecutor-hivemq-controller-117] DEBUG c.h.p.o.HiveMQPlatformReconciler - [helmroll] StatefulSet Status (revision: test-hivemq-platform-945c6dcb4, replicas: 1, available: 1, ready: 1, current: 1, updated: 0)
2025-01-28 23:38:15,467 INFO c.h.h.t.HelmChartContainer - [hivemq-test-hivemq-platform] [hivemq-platform-operator] [a1b31a1e] 23:38:15.465 [ReconcilerExecutor-hivemq-controller-117] DEBUG c.h.p.o.HiveMQPlatformReconciler - [helmroll] StatefulSet Spec (replicas: 2, init containers: 1, containers: 1, volumes: 3)
2025-01-28 23:38:15,501 INFO c.h.h.t.HelmChartContainer - [hivemq-test-hivemq-platform] [hivemq-platform-operator] [a1b31a1e] 23:38:15.497 [ReconcilerExecutor-hivemq-controller-117] DEBUG c.h.p.o.h.HiveMQPlatformReconcilerErrorHandler - [helmroll] Pod 'test-hivemq-platform-0' phase Running
2025-01-28 23:38:15,504 INFO c.h.h.t.HelmChartContainer - [hivemq-test-hivemq-platform] [hivemq-platform-operator] [a1b31a1e] 23:38:15.501 [ReconcilerExecutor-hivemq-controller-117] DEBUG c.h.p.o.h.HiveMQPlatformReconcilerRollingRestartHandler - [helmroll] Rolling restart is waiting for 1 of 2 replicas
2025-01-28 23:38:15,506 INFO c.h.h.t.HelmChartContainer - [hivemq-test-hivemq-platform] [hivemq-platform-operator] [a1b31a1e] 23:38:15.504 [pool-6-thread-5] DEBUG c.h.p.o.d.PlatformServiceResource - [helmroll] Desired Platform services (3 services)
2025-01-28 23:38:15,506 INFO c.h.h.t.HelmChartContainer - [hivemq-test-hivemq-platform] [hivemq-platform-operator] [a1b31a1e] 23:38:15.505 [pool-6-thread-7] DEBUG c.h.p.o.dependants.PodInfoConfigMap - [helmroll] Desired PodInfo ConfigMap (1 extensions) (1 enabled)
2025-01-28 23:38:15,506 INFO c.h.h.t.HelmChartContainer - [hivemq-test-hivemq-platform] [hivemq-platform-operator] [a1b31a1e] 23:38:15.505 [pool-6-thread-7] DEBUG c.h.p.o.dependants.PodInfoConfigMap - [helmroll] Desired PodInfo ConfigMap (metrics port: 9399) (metrics path: /)
2025-01-28 23:38:15,506 INFO c.h.h.t.HelmChartContainer - [hivemq-test-hivemq-platform] [hivemq-platform-operator] [a1b31a1e] 23:38:15.505 [pool-6-thread-7] DEBUG c.h.p.o.dependants.PodInfoConfigMap - [helmroll] Desired PodInfo ConfigMap (extension state hash: -1817474005)
2025-01-28 23:38:15,506 INFO c.h.h.t.HelmChartContainer - [hivemq-test-hivemq-platform] [hivemq-platform-operator] [a1b31a1e] 23:38:15.505 [pool-6-thread-7] DEBUG c.h.p.o.d.PodServiceAccountResource - [helmroll] Desired PodServiceAccountResource (serviceAccountName: hivemq-platform-pod-test-hivemq-platform)
2025-01-28 23:38:15,596 INFO c.h.h.t.HelmChartContainer - [hivemq-test-hivemq-platform] [hivemq-platform-operator] [a1b31a1e] 23:38:15.595 [pool-6-thread-5] DEBUG c.h.p.o.d.StatefulSetResource - [helmroll] Desired StatefulSet (2 replicas) for status ROLLING_RESTART (SURGE_IN_PROGRESS)
2025-01-28 23:38:15,601 INFO c.h.h.t.HelmChartContainer - [hivemq-test-hivemq-platform] [hivemq-platform-operator] [a1b31a1e] 23:38:15.599 [ReconcilerExecutor-hivemq-controller-118] INFO  c.h.p.o.HiveMQPlatformReconciler - [helmroll] Reconciling HiveMQ Platform 'test-hivemq-platform' in namespace 'helmrollingupgradeplatformit'
2025-01-28 23:38:15,602 INFO c.h.h.t.HelmChartContainer - [hivemq-test-hivemq-platform] [hivemq-platform-operator] [a1b31a1e] 23:38:15.600 [ReconcilerExecutor-hivemq-controller-118] DEBUG c.h.p.o.HiveMQPlatformReconciler - [helmroll] Custom Resource Status ROLLING_RESTART - HiveMQ Platform is starting a surge Pod (rolling restart) (SURGE_IN_PROGRESS)
2025-01-28 23:38:15,603 INFO c.h.h.t.HelmChartContainer - [hivemq-test-hivemq-platform] [hivemq-platform-operator] [a1b31a1e] 23:38:15.600 [ReconcilerExecutor-hivemq-controller-118] DEBUG c.h.p.o.HiveMQPlatformReconciler - [helmroll] Custom Resource Spec (replicas: 1) (extensions: 1)
2025-01-28 23:38:15,605 INFO c.h.h.t.HelmChartContainer - [hivemq-test-hivemq-platform] [hivemq-platform-operator] [a1b31a1e] 23:38:15.601 [ReconcilerExecutor-hivemq-controller-118] DEBUG c.h.p.o.HiveMQPlatformReconciler - [helmroll] StatefulSet Status (revision: test-hivemq-platform-945c6dcb4, replicas: 2, available: 1, ready: 1, current: 1, updated: 1)
2025-01-28 23:38:15,605 INFO c.h.h.t.HelmChartContainer - [hivemq-test-hivemq-platform] [hivemq-platform-operator] [a1b31a1e] 23:38:15.601 [ReconcilerExecutor-hivemq-controller-118] DEBUG c.h.p.o.HiveMQPlatformReconciler - [helmroll] StatefulSet Spec (replicas: 2, init containers: 1, containers: 1, volumes: 3)
2025-01-28 23:38:15,606 INFO c.h.h.t.HelmChartContainer - [hivemq-test-hivemq-platform] [hivemq-platform-operator] [a1b31a1e] 23:38:15.602 [ReconcilerExecutor-hivemq-controller-118] DEBUG c.h.p.o.h.HiveMQPlatformReconcilerErrorHandler - [helmroll] Pod 'test-hivemq-platform-1' phase Pending
2025-01-28 23:38:15,606 INFO c.h.h.t.HelmChartContainer - [hivemq-test-hivemq-platform] [hivemq-platform-operator] [a1b31a1e] 23:38:15.603 [ReconcilerExecutor-hivemq-controller-118] DEBUG c.h.p.o.h.HiveMQPlatformReconcilerErrorHandler - [helmroll] Pod 'test-hivemq-platform-1' condition 'PodReadyToStartContainers': False
2025-01-28 23:38:15,606 INFO c.h.h.t.HelmChartContainer - [hivemq-test-hivemq-platform] [hivemq-platform-operator] [a1b31a1e] 23:38:15.603 [ReconcilerExecutor-hivemq-controller-118] DEBUG c.h.p.o.h.HiveMQPlatformReconcilerErrorHandler - [helmroll] Pod 'test-hivemq-platform-1' condition 'Initialized': False
2025-01-28 23:38:15,606 INFO c.h.h.t.HelmChartContainer - [hivemq-test-hivemq-platform] [hivemq-platform-operator] [a1b31a1e] 23:38:15.603 [ReconcilerExecutor-hivemq-controller-118] DEBUG c.h.p.o.h.HiveMQPlatformReconcilerErrorHandler - [helmroll] Pod 'test-hivemq-platform-1' condition 'Ready': False
2025-01-28 23:38:15,606 INFO c.h.h.t.HelmChartContainer - [hivemq-test-hivemq-platform] [hivemq-platform-operator] [a1b31a1e] 23:38:15.603 [ReconcilerExecutor-hivemq-controller-118] DEBUG c.h.p.o.h.HiveMQPlatformReconcilerErrorHandler - [helmroll] Pod 'test-hivemq-platform-1' condition 'ContainersReady': False
2025-01-28 23:38:15,606 INFO c.h.h.t.HelmChartContainer - [hivemq-test-hivemq-platform] [hivemq-platform-operator] [a1b31a1e] 23:38:15.603 [ReconcilerExecutor-hivemq-controller-118] DEBUG c.h.p.o.h.HiveMQPlatformReconcilerErrorHandler - [helmroll] Pod 'test-hivemq-platform-1' condition 'PodScheduled': True
2025-01-28 23:38:15,606 INFO c.h.h.t.HelmChartContainer - [hivemq-test-hivemq-platform] [hivemq-platform-operator] [a1b31a1e] 23:38:15.603 [ReconcilerExecutor-hivemq-controller-118] DEBUG c.h.p.o.h.HiveMQPlatformReconcilerErrorHandler - [helmroll] Pod 'test-hivemq-platform-1' containerStatus 'hivemq' (started: false) (ready: false) (waiting: [PodInitializing] null)
2025-01-28 23:38:15,606 INFO c.h.h.t.HelmChartContainer - [hivemq-test-hivemq-platform] [hivemq-platform-operator] [a1b31a1e] 23:38:15.604 [ReconcilerExecutor-hivemq-controller-118] DEBUG c.h.p.o.h.HiveMQPlatformReconcilerErrorHandler - [helmroll] Pod 'test-hivemq-platform-0' phase Running
2025-01-28 23:38:15,606 INFO c.h.h.t.HelmChartContainer - [hivemq-test-hivemq-platform] [hivemq-platform-operator] [a1b31a1e] 23:38:15.605 [ReconcilerExecutor-hivemq-controller-118] DEBUG c.h.p.o.h.HiveMQPlatformReconcilerRollingRestartHandler - [helmroll] Rolling restart is waiting for 1 of 2 replicas
2025-01-28 23:38:15,610 INFO c.h.h.t.HelmChartContainer - [hivemq-test-hivemq-platform] [hivemq-platform-operator] [a1b31a1e] 23:38:15.607 [pool-6-thread-19] DEBUG c.h.p.o.d.PlatformServiceResource - [helmroll] Desired Platform services (3 services)
2025-01-28 23:38:15,610 INFO c.h.h.t.HelmChartContainer - [hivemq-test-hivemq-platform] [hivemq-platform-operator] [a1b31a1e] 23:38:15.608 [pool-6-thread-15] DEBUG c.h.p.o.dependants.PodInfoConfigMap - [helmroll] Desired PodInfo ConfigMap (1 extensions) (1 enabled)
2025-01-28 23:38:15,610 INFO c.h.h.t.HelmChartContainer - [hivemq-test-hivemq-platform] [hivemq-platform-operator] [a1b31a1e] 23:38:15.608 [pool-6-thread-15] DEBUG c.h.p.o.dependants.PodInfoConfigMap - [helmroll] Desired PodInfo ConfigMap (metrics port: 9399) (metrics path: /)
2025-01-28 23:38:15,610 INFO c.h.h.t.HelmChartContainer - [hivemq-test-hivemq-platform] [hivemq-platform-operator] [a1b31a1e] 23:38:15.608 [pool-6-thread-15] DEBUG c.h.p.o.dependants.PodInfoConfigMap - [helmroll] Desired PodInfo ConfigMap (extension state hash: -1817474005)
2025-01-28 23:38:15,613 INFO c.h.h.t.HelmChartContainer - [hivemq-test-hivemq-platform] [hivemq-platform-operator] [a1b31a1e] 23:38:15.613 [pool-6-thread-19] DEBUG c.h.p.o.d.StatefulSetResource - [helmroll] Desired StatefulSet (2 replicas) for status ROLLING_RESTART (SURGE_IN_PROGRESS)
2025-01-28 23:38:15,697 INFO c.h.h.t.HelmChartContainer - [hivemq-test-hivemq-platform] [hivemq-platform-operator] [a1b31a1e] 23:38:15.695 [pool-6-thread-15] DEBUG c.h.p.o.d.PodServiceAccountResource - [helmroll] Desired PodServiceAccountResource (serviceAccountName: hivemq-platform-pod-test-hivemq-platform)
2025-01-28 23:38:15,699 INFO c.h.h.t.HelmChartContainer - [hivemq-test-hivemq-platform] [hivemq-platform-operator] [a1b31a1e] 23:38:15.698 [ReconcilerExecutor-hivemq-controller-119] INFO  c.h.p.o.HiveMQPlatformReconciler - [helmroll] Reconciling HiveMQ Platform 'test-hivemq-platform' in namespace 'helmrollingupgradeplatformit'
2025-01-28 23:38:15,699 INFO c.h.h.t.HelmChartContainer - [hivemq-test-hivemq-platform] [hivemq-platform-operator] [a1b31a1e] 23:38:15.698 [ReconcilerExecutor-hivemq-controller-119] DEBUG c.h.p.o.HiveMQPlatformReconciler - [helmroll] Custom Resource Status ROLLING_RESTART - HiveMQ Platform is starting a surge Pod (rolling restart) (SURGE_IN_PROGRESS)
2025-01-28 23:38:15,700 INFO c.h.h.t.HelmChartContainer - [hivemq-test-hivemq-platform] [hivemq-platform-operator] [a1b31a1e] 23:38:15.698 [ReconcilerExecutor-hivemq-controller-119] DEBUG c.h.p.o.HiveMQPlatformReconciler - [helmroll] Custom Resource Spec (replicas: 1) (extensions: 1)
2025-01-28 23:38:15,701 INFO c.h.h.t.HelmChartContainer - [hivemq-test-hivemq-platform] [hivemq-platform-operator] [a1b31a1e] 23:38:15.699 [ReconcilerExecutor-hivemq-controller-119] DEBUG c.h.p.o.HiveMQPlatformReconciler - [helmroll] StatefulSet Status (revision: test-hivemq-platform-945c6dcb4, replicas: 2, available: 1, ready: 1, current: 1, updated: 1)
2025-01-28 23:38:15,702 INFO c.h.h.t.HelmChartContainer - [hivemq-test-hivemq-platform] [hivemq-platform-operator] [a1b31a1e] 23:38:15.699 [ReconcilerExecutor-hivemq-controller-119] DEBUG c.h.p.o.HiveMQPlatformReconciler - [helmroll] StatefulSet Spec (replicas: 2, init containers: 1, containers: 1, volumes: 3)
2025-01-28 23:38:15,703 INFO c.h.h.t.HelmChartContainer - [hivemq-test-hivemq-platform] [hivemq-platform-operator] [a1b31a1e] 23:38:15.701 [ReconcilerExecutor-hivemq-controller-119] DEBUG c.h.p.o.h.HiveMQPlatformReconcilerErrorHandler - [helmroll] Pod 'test-hivemq-platform-1' phase Pending
2025-01-28 23:38:15,704 INFO c.h.h.t.HelmChartContainer - [hivemq-test-hivemq-platform] [hivemq-platform-operator] [a1b31a1e] 23:38:15.701 [ReconcilerExecutor-hivemq-controller-119] DEBUG c.h.p.o.h.HiveMQPlatformReconcilerErrorHandler - [helmroll] Pod 'test-hivemq-platform-1' condition 'PodReadyToStartContainers': False
2025-01-28 23:38:15,704 INFO c.h.h.t.HelmChartContainer - [hivemq-test-hivemq-platform] [hivemq-platform-operator] [a1b31a1e] 23:38:15.701 [ReconcilerExecutor-hivemq-controller-119] DEBUG c.h.p.o.h.HiveMQPlatformReconcilerErrorHandler - [helmroll] Pod 'test-hivemq-platform-1' condition 'Initialized': False
2025-01-28 23:38:15,704 INFO c.h.h.t.HelmChartContainer - [hivemq-test-hivemq-platform] [hivemq-platform-operator] [a1b31a1e] 23:38:15.701 [ReconcilerExecutor-hivemq-controller-119] DEBUG c.h.p.o.h.HiveMQPlatformReconcilerErrorHandler - [helmroll] Pod 'test-hivemq-platform-1' condition 'Ready': False
2025-01-28 23:38:15,704 INFO c.h.h.t.HelmChartContainer - [hivemq-test-hivemq-platform] [hivemq-platform-operator] [a1b31a1e] 23:38:15.701 [ReconcilerExecutor-hivemq-controller-119] DEBUG c.h.p.o.h.HiveMQPlatformReconcilerErrorHandler - [helmroll] Pod 'test-hivemq-platform-1' condition 'ContainersReady': False
2025-01-28 23:38:15,704 INFO c.h.h.t.HelmChartContainer - [hivemq-test-hivemq-platform] [hivemq-platform-operator] [a1b31a1e] 23:38:15.701 [ReconcilerExecutor-hivemq-controller-119] DEBUG c.h.p.o.h.HiveMQPlatformReconcilerErrorHandler - [helmroll] Pod 'test-hivemq-platform-1' condition 'PodScheduled': True
2025-01-28 23:38:15,704 INFO c.h.h.t.HelmChartContainer - [hivemq-test-hivemq-platform] [hivemq-platform-operator] [a1b31a1e] 23:38:15.701 [ReconcilerExecutor-hivemq-controller-119] DEBUG c.h.p.o.h.HiveMQPlatformReconcilerErrorHandler - [helmroll] Pod 'test-hivemq-platform-1' containerStatus 'hivemq' (started: false) (ready: false) (waiting: [PodInitializing] null)
2025-01-28 23:38:15,704 INFO c.h.h.t.HelmChartContainer - [hivemq-test-hivemq-platform] [hivemq-platform-operator] [a1b31a1e] 23:38:15.702 [ReconcilerExecutor-hivemq-controller-119] DEBUG c.h.p.o.h.HiveMQPlatformReconcilerErrorHandler - [helmroll] Pod 'test-hivemq-platform-0' phase Running
2025-01-28 23:38:15,705 INFO c.h.h.t.HelmChartContainer - [hivemq-test-hivemq-platform] [hivemq-platform-operator] [a1b31a1e] 23:38:15.703 [ReconcilerExecutor-hivemq-controller-119] DEBUG c.h.p.o.h.HiveMQPlatformReconcilerRollingRestartHandler - [helmroll] Rolling restart is waiting for 1 of 2 replicas
2025-01-28 23:38:15,821 INFO c.h.h.t.HelmChartContainer - [EVENT] Normal [Pulled] Container image "docker.io/hivemq/hivemq-platform-operator-init-test:snapshot" already present on machine [helmrollingupgradeplatformit:test-hivemq-platform-1]
2025-01-28 23:38:15,830 INFO c.h.h.t.HelmChartContainer - [EVENT] Normal [Created] Created container: hivemq-platform-operator-init [helmrollingupgradeplatformit:test-hivemq-platform-1]
2025-01-28 23:38:15,869 INFO c.h.h.t.HelmChartContainer - [EVENT] Normal [Started] Started container hivemq-platform-operator-init [helmrollingupgradeplatformit:test-hivemq-platform-1]
2025-01-28 23:38:15,950 INFO c.h.h.t.HelmChartContainer - [POD] test-hivemq-platform-1 [ac221899-f96a-4af1-9d62-57db2fed9d80] in helmrollingupgradeplatformit was MODIFIED
2025-01-28 23:38:16,002 INFO c.h.h.t.HelmChartContainer - [hivemq-test-hivemq-platform] [hivemq-platform-operator] [a1b31a1e] 23:38:15.998 [pool-6-thread-26] DEBUG c.h.p.o.d.PlatformServiceResource - [helmroll] Desired Platform services (3 services)
2025-01-28 23:38:16,004 INFO c.h.h.t.HelmChartContainer - [hivemq-test-hivemq-platform] [hivemq-platform-operator] [a1b31a1e] 23:38:16.001 [pool-6-thread-23] DEBUG c.h.p.o.dependants.PodInfoConfigMap - [helmroll] Desired PodInfo ConfigMap (1 extensions) (1 enabled)
2025-01-28 23:38:16,006 INFO c.h.h.t.HelmChartContainer - [hivemq-test-hivemq-platform] [hivemq-platform-operator] [a1b31a1e] 23:38:16.001 [pool-6-thread-23] DEBUG c.h.p.o.dependants.PodInfoConfigMap - [helmroll] Desired PodInfo ConfigMap (metrics port: 9399) (metrics path: /)
2025-01-28 23:38:16,007 INFO c.h.h.t.HelmChartContainer - [hivemq-test-hivemq-platform] [hivemq-platform-operator] [a1b31a1e] 23:38:16.001 [pool-6-thread-23] DEBUG c.h.p.o.dependants.PodInfoConfigMap - [helmroll] Desired PodInfo ConfigMap (extension state hash: -1817474005)
2025-01-28 23:38:16,007 INFO c.h.h.t.HelmChartContainer - [hivemq-test-hivemq-platform] [hivemq-platform-operator] [a1b31a1e] 23:38:16.002 [pool-6-thread-23] DEBUG c.h.p.o.d.PodServiceAccountResource - [helmroll] Desired PodServiceAccountResource (serviceAccountName: hivemq-platform-pod-test-hivemq-platform)
2025-01-28 23:38:16,107 INFO c.h.h.t.HelmChartContainer - [hivemq-test-hivemq-platform] [hivemq-platform-operator] [a1b31a1e] 23:38:16.105 [pool-6-thread-23] DEBUG c.h.p.o.d.StatefulSetResource - [helmroll] Desired StatefulSet (2 replicas) for status ROLLING_RESTART (SURGE_IN_PROGRESS)
2025-01-28 23:38:16,111 INFO c.h.h.t.HelmChartContainer - [hivemq-test-hivemq-platform] [hivemq-platform-operator] [a1b31a1e] 23:38:16.109 [ReconcilerExecutor-hivemq-controller-120] INFO  c.h.p.o.HiveMQPlatformReconciler - [helmroll] Reconciling HiveMQ Platform 'test-hivemq-platform' in namespace 'helmrollingupgradeplatformit'
2025-01-28 23:38:16,111 INFO c.h.h.t.HelmChartContainer - [hivemq-test-hivemq-platform] [hivemq-platform-operator] [a1b31a1e] 23:38:16.110 [ReconcilerExecutor-hivemq-controller-120] DEBUG c.h.p.o.HiveMQPlatformReconciler - [helmroll] Custom Resource Status ROLLING_RESTART - HiveMQ Platform is starting a surge Pod (rolling restart) (SURGE_IN_PROGRESS)
2025-01-28 23:38:16,111 INFO c.h.h.t.HelmChartContainer - [hivemq-test-hivemq-platform] [hivemq-platform-operator] [a1b31a1e] 23:38:16.110 [ReconcilerExecutor-hivemq-controller-120] DEBUG c.h.p.o.HiveMQPlatformReconciler - [helmroll] Custom Resource Spec (replicas: 1) (extensions: 1)
2025-01-28 23:38:16,112 INFO c.h.h.t.HelmChartContainer - [hivemq-test-hivemq-platform] [hivemq-platform-operator] [a1b31a1e] 23:38:16.112 [ReconcilerExecutor-hivemq-controller-120] DEBUG c.h.p.o.HiveMQPlatformReconciler - [helmroll] StatefulSet Status (revision: test-hivemq-platform-945c6dcb4, replicas: 2, available: 1, ready: 1, current: 1, updated: 1)
2025-01-28 23:38:16,113 INFO c.h.h.t.HelmChartContainer - [hivemq-test-hivemq-platform] [hivemq-platform-operator] [a1b31a1e] 23:38:16.112 [ReconcilerExecutor-hivemq-controller-120] DEBUG c.h.p.o.HiveMQPlatformReconciler - [helmroll] StatefulSet Spec (replicas: 2, init containers: 1, containers: 1, volumes: 3)
2025-01-28 23:38:16,114 INFO c.h.h.t.HelmChartContainer - [hivemq-test-hivemq-platform] [hivemq-platform-operator] [a1b31a1e] 23:38:16.113 [ReconcilerExecutor-hivemq-controller-120] DEBUG c.h.p.o.h.HiveMQPlatformReconcilerErrorHandler - [helmroll] Pod 'test-hivemq-platform-1' phase Pending
2025-01-28 23:38:16,115 INFO c.h.h.t.HelmChartContainer - [hivemq-test-hivemq-platform] [hivemq-platform-operator] [a1b31a1e] 23:38:16.113 [ReconcilerExecutor-hivemq-controller-120] DEBUG c.h.p.o.h.HiveMQPlatformReconcilerErrorHandler - [helmroll] Pod 'test-hivemq-platform-1' condition 'PodReadyToStartContainers': True
2025-01-28 23:38:16,115 INFO c.h.h.t.HelmChartContainer - [hivemq-test-hivemq-platform] [hivemq-platform-operator] [a1b31a1e] 23:38:16.113 [ReconcilerExecutor-hivemq-controller-120] DEBUG c.h.p.o.h.HiveMQPlatformReconcilerErrorHandler - [helmroll] Pod 'test-hivemq-platform-1' condition 'Initialized': False
2025-01-28 23:38:16,115 INFO c.h.h.t.HelmChartContainer - [hivemq-test-hivemq-platform] [hivemq-platform-operator] [a1b31a1e] 23:38:16.113 [ReconcilerExecutor-hivemq-controller-120] DEBUG c.h.p.o.h.HiveMQPlatformReconcilerErrorHandler - [helmroll] Pod 'test-hivemq-platform-1' condition 'Ready': False
2025-01-28 23:38:16,116 INFO c.h.h.t.HelmChartContainer - [hivemq-test-hivemq-platform] [hivemq-platform-operator] [a1b31a1e] 23:38:16.113 [ReconcilerExecutor-hivemq-controller-120] DEBUG c.h.p.o.h.HiveMQPlatformReconcilerErrorHandler - [helmroll] Pod 'test-hivemq-platform-1' condition 'ContainersReady': False
2025-01-28 23:38:16,116 INFO c.h.h.t.HelmChartContainer - [hivemq-test-hivemq-platform] [hivemq-platform-operator] [a1b31a1e] 23:38:16.113 [ReconcilerExecutor-hivemq-controller-120] DEBUG c.h.p.o.h.HiveMQPlatformReconcilerErrorHandler - [helmroll] Pod 'test-hivemq-platform-1' condition 'PodScheduled': True
2025-01-28 23:38:16,116 INFO c.h.h.t.HelmChartContainer - [hivemq-test-hivemq-platform] [hivemq-platform-operator] [a1b31a1e] 23:38:16.113 [ReconcilerExecutor-hivemq-controller-120] DEBUG c.h.p.o.h.HiveMQPlatformReconcilerErrorHandler - [helmroll] Pod 'test-hivemq-platform-1' containerStatus 'hivemq' (started: false) (ready: false) (waiting: [PodInitializing] null)
2025-01-28 23:38:16,116 INFO c.h.h.t.HelmChartContainer - [hivemq-test-hivemq-platform] [hivemq-platform-operator] [a1b31a1e] 23:38:16.114 [ReconcilerExecutor-hivemq-controller-120] DEBUG c.h.p.o.h.HiveMQPlatformReconcilerErrorHandler - [helmroll] Pod 'test-hivemq-platform-0' phase Running
2025-01-28 23:38:16,165 INFO c.h.h.t.HelmChartContainer - [hivemq-test-hivemq-platform] [hivemq-platform-operator] [a1b31a1e] 23:38:16.164 [ReconcilerExecutor-hivemq-controller-120] DEBUG c.h.p.o.h.HiveMQPlatformReconcilerRollingRestartHandler - [helmroll] Rolling restart is waiting for 1 of 2 replicas
2025-01-28 23:38:16,942 INFO c.h.h.t.HelmChartContainer - [EVENT] Normal [Pulled] Container image "docker.io/hivemq/hivemq4:4.36.0" already present on machine [helmrollingupgradeplatformit:test-hivemq-platform-1]
2025-01-28 23:38:16,942 INFO c.h.h.t.HelmChartContainer - Received Pulled event for container hivemq in pod test-hivemq-platform-1 [ac221899-f96a-4af1-9d62-57db2fed9d80]
2025-01-28 23:38:16,955 INFO c.h.h.t.HelmChartContainer - [POD] test-hivemq-platform-1 [ac221899-f96a-4af1-9d62-57db2fed9d80] in helmrollingupgradeplatformit was MODIFIED
2025-01-28 23:38:16,960 INFO c.h.h.t.HelmChartContainer - [hivemq-test-hivemq-platform] [hivemq-platform-operator] [a1b31a1e] 23:38:16.954 [pool-6-thread-32] DEBUG c.h.p.o.d.PlatformServiceResource - [helmroll] Desired Platform services (3 services)
2025-01-28 23:38:16,961 INFO c.h.h.t.HelmChartContainer - [hivemq-test-hivemq-platform] [hivemq-platform-operator] [a1b31a1e] 23:38:16.955 [pool-6-thread-35] DEBUG c.h.p.o.d.PodServiceAccountResource - [helmroll] Desired PodServiceAccountResource (serviceAccountName: hivemq-platform-pod-test-hivemq-platform)
2025-01-28 23:38:16,961 INFO c.h.h.t.HelmChartContainer - [hivemq-test-hivemq-platform] [hivemq-platform-operator] [a1b31a1e] 23:38:16.956 [pool-6-thread-33] DEBUG c.h.p.o.dependants.PodInfoConfigMap - [helmroll] Desired PodInfo ConfigMap (1 extensions) (1 enabled)
2025-01-28 23:38:16,961 INFO c.h.h.t.HelmChartContainer - [hivemq-test-hivemq-platform] [hivemq-platform-operator] [a1b31a1e] 23:38:16.956 [pool-6-thread-33] DEBUG c.h.p.o.dependants.PodInfoConfigMap - [helmroll] Desired PodInfo ConfigMap (metrics port: 9399) (metrics path: /)
2025-01-28 23:38:16,961 INFO c.h.h.t.HelmChartContainer - [hivemq-test-hivemq-platform] [hivemq-platform-operator] [a1b31a1e] 23:38:16.956 [pool-6-thread-33] DEBUG c.h.p.o.dependants.PodInfoConfigMap - [helmroll] Desired PodInfo ConfigMap (extension state hash: -1817474005)
2025-01-28 23:38:16,968 INFO c.h.h.t.HelmChartContainer - [hivemq-test-hivemq-platform] [hivemq-platform-operator] [a1b31a1e] 23:38:16.959 [pool-6-thread-38] DEBUG c.h.p.o.d.StatefulSetResource - [helmroll] Desired StatefulSet (2 replicas) for status ROLLING_RESTART (SURGE_IN_PROGRESS)
2025-01-28 23:38:16,970 INFO c.h.h.t.HelmChartContainer - [hivemq-test-hivemq-platform] [hivemq-platform-operator] [a1b31a1e] 23:38:16.965 [ReconcilerExecutor-hivemq-controller-121] INFO  c.h.p.o.HiveMQPlatformReconciler - [helmroll] Reconciling HiveMQ Platform 'test-hivemq-platform' in namespace 'helmrollingupgradeplatformit'
2025-01-28 23:38:16,970 INFO c.h.h.t.HelmChartContainer - [hivemq-test-hivemq-platform] [hivemq-platform-operator] [a1b31a1e] 23:38:16.965 [ReconcilerExecutor-hivemq-controller-121] DEBUG c.h.p.o.HiveMQPlatformReconciler - [helmroll] Custom Resource Status ROLLING_RESTART - HiveMQ Platform is starting a surge Pod (rolling restart) (SURGE_IN_PROGRESS)
2025-01-28 23:38:16,970 INFO c.h.h.t.HelmChartContainer - [hivemq-test-hivemq-platform] [hivemq-platform-operator] [a1b31a1e] 23:38:16.965 [ReconcilerExecutor-hivemq-controller-121] DEBUG c.h.p.o.HiveMQPlatformReconciler - [helmroll] Custom Resource Spec (replicas: 1) (extensions: 1)
2025-01-28 23:38:16,970 INFO c.h.h.t.HelmChartContainer - [hivemq-test-hivemq-platform] [hivemq-platform-operator] [a1b31a1e] 23:38:16.966 [ReconcilerExecutor-hivemq-controller-121] DEBUG c.h.p.o.HiveMQPlatformReconciler - [helmroll] StatefulSet Status (revision: test-hivemq-platform-945c6dcb4, replicas: 2, available: 1, ready: 1, current: 1, updated: 1)
2025-01-28 23:38:16,970 INFO c.h.h.t.HelmChartContainer - [hivemq-test-hivemq-platform] [hivemq-platform-operator] [a1b31a1e] 23:38:16.966 [ReconcilerExecutor-hivemq-controller-121] DEBUG c.h.p.o.HiveMQPlatformReconciler - [helmroll] StatefulSet Spec (replicas: 2, init containers: 1, containers: 1, volumes: 3)
2025-01-28 23:38:16,970 INFO c.h.h.t.HelmChartContainer - [hivemq-test-hivemq-platform] [hivemq-platform-operator] [a1b31a1e] 23:38:16.967 [ReconcilerExecutor-hivemq-controller-121] DEBUG c.h.p.o.h.HiveMQPlatformReconcilerErrorHandler - [helmroll] Pod 'test-hivemq-platform-1' phase Pending
2025-01-28 23:38:16,970 INFO c.h.h.t.HelmChartContainer - [hivemq-test-hivemq-platform] [hivemq-platform-operator] [a1b31a1e] 23:38:16.967 [ReconcilerExecutor-hivemq-controller-121] DEBUG c.h.p.o.h.HiveMQPlatformReconcilerErrorHandler - [helmroll] Pod 'test-hivemq-platform-1' condition 'PodReadyToStartContainers': True
2025-01-28 23:38:16,970 INFO c.h.h.t.HelmChartContainer - [hivemq-test-hivemq-platform] [hivemq-platform-operator] [a1b31a1e] 23:38:16.967 [ReconcilerExecutor-hivemq-controller-121] DEBUG c.h.p.o.h.HiveMQPlatformReconcilerErrorHandler - [helmroll] Pod 'test-hivemq-platform-1' condition 'Initialized': True
2025-01-28 23:38:16,970 INFO c.h.h.t.HelmChartContainer - [hivemq-test-hivemq-platform] [hivemq-platform-operator] [a1b31a1e] 23:38:16.967 [ReconcilerExecutor-hivemq-controller-121] DEBUG c.h.p.o.h.HiveMQPlatformReconcilerErrorHandler - [helmroll] Pod 'test-hivemq-platform-1' condition 'Ready': False
2025-01-28 23:38:16,970 INFO c.h.h.t.HelmChartContainer - [hivemq-test-hivemq-platform] [hivemq-platform-operator] [a1b31a1e] 23:38:16.967 [ReconcilerExecutor-hivemq-controller-121] DEBUG c.h.p.o.h.HiveMQPlatformReconcilerErrorHandler - [helmroll] Pod 'test-hivemq-platform-1' condition 'ContainersReady': False
2025-01-28 23:38:16,970 INFO c.h.h.t.HelmChartContainer - [hivemq-test-hivemq-platform] [hivemq-platform-operator] [a1b31a1e] 23:38:16.967 [ReconcilerExecutor-hivemq-controller-121] DEBUG c.h.p.o.h.HiveMQPlatformReconcilerErrorHandler - [helmroll] Pod 'test-hivemq-platform-1' condition 'PodScheduled': True
2025-01-28 23:38:16,970 INFO c.h.h.t.HelmChartContainer - [hivemq-test-hivemq-platform] [hivemq-platform-operator] [a1b31a1e] 23:38:16.967 [ReconcilerExecutor-hivemq-controller-121] DEBUG c.h.p.o.h.HiveMQPlatformReconcilerErrorHandler - [helmroll] Pod 'test-hivemq-platform-1' containerStatus 'hivemq' (started: false) (ready: false) (waiting: [PodInitializing] null)
2025-01-28 23:38:16,972 INFO c.h.h.t.HelmChartContainer - [hivemq-test-hivemq-platform] [hivemq-platform-operator] [a1b31a1e] 23:38:16.970 [ReconcilerExecutor-hivemq-controller-121] DEBUG c.h.p.o.h.HiveMQPlatformReconcilerErrorHandler - [helmroll] Pod 'test-hivemq-platform-0' phase Running
2025-01-28 23:38:16,972 INFO c.h.h.t.HelmChartContainer - [hivemq-test-hivemq-platform] [hivemq-platform-operator] [a1b31a1e] 23:38:16.971 [ReconcilerExecutor-hivemq-controller-121] DEBUG c.h.p.o.h.HiveMQPlatformReconcilerRollingRestartHandler - [helmroll] Rolling restart is waiting for 1 of 2 replicas
2025-01-28 23:38:18,642 INFO c.h.h.t.HelmChartContainer - [EVENT] Normal [Created] Created container: hivemq [helmrollingupgradeplatformit:test-hivemq-platform-1]
2025-01-28 23:38:18,642 INFO c.h.h.t.HelmChartContainer - Received Created event for container hivemq in pod test-hivemq-platform-1 [ac221899-f96a-4af1-9d62-57db2fed9d80]
2025-01-28 23:38:18,959 INFO c.h.h.t.HelmChartContainer - [POD] test-hivemq-platform-1 [ac221899-f96a-4af1-9d62-57db2fed9d80] in helmrollingupgradeplatformit was MODIFIED
2025-01-28 23:38:18,959 INFO c.h.h.t.HelmChartContainer - [hivemq-test-hivemq-platform] [hivemq-platform-operator] [a1b31a1e] 23:38:18.955 [pool-6-thread-48] DEBUG c.h.p.o.dependants.PodInfoConfigMap - [helmroll] Desired PodInfo ConfigMap (1 extensions) (1 enabled)
2025-01-28 23:38:18,959 INFO c.h.h.t.HelmChartContainer - [hivemq-test-hivemq-platform] [hivemq-platform-operator] [a1b31a1e] 23:38:18.955 [pool-6-thread-48] DEBUG c.h.p.o.dependants.PodInfoConfigMap - [helmroll] Desired PodInfo ConfigMap (metrics port: 9399) (metrics path: /)
2025-01-28 23:38:18,959 INFO c.h.h.t.HelmChartContainer - [hivemq-test-hivemq-platform] [hivemq-platform-operator] [a1b31a1e] 23:38:18.955 [pool-6-thread-48] DEBUG c.h.p.o.dependants.PodInfoConfigMap - [helmroll] Desired PodInfo ConfigMap (extension state hash: -1817474005)
2025-01-28 23:38:18,959 INFO c.h.h.t.HelmChartContainer - [hivemq-test-hivemq-platform] [hivemq-platform-operator] [a1b31a1e] 23:38:18.956 [pool-6-thread-48] DEBUG c.h.p.o.d.PodServiceAccountResource - [helmroll] Desired PodServiceAccountResource (serviceAccountName: hivemq-platform-pod-test-hivemq-platform)
2025-01-28 23:38:18,959 INFO c.h.h.t.HelmChartContainer - [hivemq-test-hivemq-platform] [hivemq-platform-operator] [a1b31a1e] 23:38:18.958 [pool-6-thread-42] DEBUG c.h.p.o.d.PlatformServiceResource - [helmroll] Desired Platform services (3 services)
2025-01-28 23:38:18,965 INFO c.h.h.t.HelmChartContainer - [EVENT] Normal [Started] Started container hivemq [helmrollingupgradeplatformit:test-hivemq-platform-1]
2025-01-28 23:38:18,965 INFO c.h.h.t.HelmChartContainer - Started log watcher for hivemq in pod test-hivemq-platform-1 [ac221899-f96a-4af1-9d62-57db2fed9d80]
2025-01-28 23:38:18,965 INFO c.h.h.t.HelmChartContainer - [test-hivemq-platform] [hivemq] [ac221899] Adding pre-installed HiveMQ Platform Operator extensions
2025-01-28 23:38:18,965 INFO c.h.h.t.HelmChartContainer - [test-hivemq-platform] [hivemq] [ac221899] Running as user 10000
2025-01-28 23:38:18,965 INFO c.h.h.t.HelmChartContainer - [test-hivemq-platform] [hivemq] [ac221899] Starting HiveMQ Platform Operator Init
2025-01-28 23:38:18,965 INFO c.h.h.t.HelmChartContainer - Received Started event for container hivemq in pod test-hivemq-platform-1 [ac221899-f96a-4af1-9d62-57db2fed9d80]
2025-01-28 23:38:18,966 INFO c.h.h.t.HelmChartContainer - [hivemq-test-hivemq-platform] [hivemq-platform-operator] [a1b31a1e] 23:38:18.965 [pool-6-thread-43] DEBUG c.h.p.o.d.StatefulSetResource - [helmroll] Desired StatefulSet (2 replicas) for status ROLLING_RESTART (SURGE_IN_PROGRESS)
2025-01-28 23:38:18,973 INFO c.h.h.t.HelmChartContainer - [hivemq-test-hivemq-platform] [hivemq-platform-operator] [a1b31a1e] 23:38:18.968 [ReconcilerExecutor-hivemq-controller-122] INFO  c.h.p.o.HiveMQPlatformReconciler - [helmroll] Reconciling HiveMQ Platform 'test-hivemq-platform' in namespace 'helmrollingupgradeplatformit'
2025-01-28 23:38:18,973 INFO c.h.h.t.HelmChartContainer - [hivemq-test-hivemq-platform] [hivemq-platform-operator] [a1b31a1e] 23:38:18.968 [ReconcilerExecutor-hivemq-controller-122] DEBUG c.h.p.o.HiveMQPlatformReconciler - [helmroll] Custom Resource Status ROLLING_RESTART - HiveMQ Platform is starting a surge Pod (rolling restart) (SURGE_IN_PROGRESS)
2025-01-28 23:38:18,973 INFO c.h.h.t.HelmChartContainer - [hivemq-test-hivemq-platform] [hivemq-platform-operator] [a1b31a1e] 23:38:18.968 [ReconcilerExecutor-hivemq-controller-122] DEBUG c.h.p.o.HiveMQPlatformReconciler - [helmroll] Custom Resource Spec (replicas: 1) (extensions: 1)
2025-01-28 23:38:18,973 INFO c.h.h.t.HelmChartContainer - [hivemq-test-hivemq-platform] [hivemq-platform-operator] [a1b31a1e] 23:38:18.970 [ReconcilerExecutor-hivemq-controller-122] DEBUG c.h.p.o.HiveMQPlatformReconciler - [helmroll] StatefulSet Status (revision: test-hivemq-platform-945c6dcb4, replicas: 2, available: 1, ready: 1, current: 1, updated: 1)
2025-01-28 23:38:18,973 INFO c.h.h.t.HelmChartContainer - [hivemq-test-hivemq-platform] [hivemq-platform-operator] [a1b31a1e] 23:38:18.970 [ReconcilerExecutor-hivemq-controller-122] DEBUG c.h.p.o.HiveMQPlatformReconciler - [helmroll] StatefulSet Spec (replicas: 2, init containers: 1, containers: 1, volumes: 3)
2025-01-28 23:38:18,973 INFO c.h.h.t.HelmChartContainer - [hivemq-test-hivemq-platform] [hivemq-platform-operator] [a1b31a1e] 23:38:18.971 [ReconcilerExecutor-hivemq-controller-122] DEBUG c.h.p.o.h.HiveMQPlatformReconcilerErrorHandler - [helmroll] Pod 'test-hivemq-platform-1' phase Running
2025-01-28 23:38:18,975 INFO c.h.h.t.HelmChartContainer - [hivemq-test-hivemq-platform] [hivemq-platform-operator] [a1b31a1e] 23:38:18.973 [ReconcilerExecutor-hivemq-controller-122] DEBUG c.h.p.o.h.HiveMQPlatformReconcilerErrorHandler - [helmroll] Pod 'test-hivemq-platform-0' phase Running
2025-01-28 23:38:18,975 INFO c.h.h.t.HelmChartContainer - [hivemq-test-hivemq-platform] [hivemq-platform-operator] [a1b31a1e] 23:38:18.974 [ReconcilerExecutor-hivemq-controller-122] DEBUG c.h.p.o.h.HiveMQPlatformReconcilerRollingRestartHandler - [helmroll] Rolling restart is waiting for 1 of 2 replicas
2025-01-28 23:38:19,935 INFO c.h.h.t.HelmChartContainer - [test-hivemq-platform] [hivemq] [ac221899] INFO  - [HiveMQ Platform Operator Init 1.7.0-SNAPSHOT] HiveMQ Platform Operator Init 1.7.0-SNAPSHOT (commit: bebf408 on branch: HEAD) built on Sun Jan 26 20:47:47 UTC 2025
2025-01-28 23:38:21,052 INFO c.h.h.t.HelmChartContainer - [test-hivemq-platform] [hivemq] [ac221899] INFO  - [HiveMQ Platform Operator Init App 1.7.0-SNAPSHOT] Using bind address 10.42.0.11 from environment variable
2025-01-28 23:38:22,037 INFO c.h.h.t.HelmChartContainer - [test-hivemq-platform] [hivemq] [ac221899] INFO  - [HiveMQ Platform Operator Init App 1.7.0-SNAPSHOT] HiveMQ Platform Operator Init App 1.7.0-SNAPSHOT (commit: bebf408 on branch: HEAD) built on Sun Jan 26 20:47:47 UTC 2025
2025-01-28 23:38:22,038 INFO c.h.h.t.HelmChartContainer - [test-hivemq-platform] [hivemq] [ac221899] INFO  - [HiveMQ Platform Operator Init App 1.7.0-SNAPSHOT] PodInfo ConfigMap directory: /etc/podinfo
2025-01-28 23:38:22,038 INFO c.h.h.t.HelmChartContainer - [test-hivemq-platform] [hivemq] [ac221899] INFO  - [HiveMQ Platform Operator Init App 1.7.0-SNAPSHOT] HiveMQ home directory: /opt/hivemq
2025-01-28 23:38:22,038 INFO c.h.h.t.HelmChartContainer - [test-hivemq-platform] [hivemq] [ac221899] INFO  - [HiveMQ Platform Operator Init App 1.7.0-SNAPSHOT] HiveMQ Logback folder: /opt/hivemq/conf
2025-01-28 23:38:22,038 INFO c.h.h.t.HelmChartContainer - [test-hivemq-platform] [hivemq] [ac221899] INFO  - [HiveMQ Platform Operator Init App 1.7.0-SNAPSHOT] HiveMQ Config folder: /opt/hivemq/conf-k8s
2025-01-28 23:38:22,038 INFO c.h.h.t.HelmChartContainer - [test-hivemq-platform] [hivemq] [ac221899] INFO  - [HiveMQ Platform Operator Init App 1.7.0-SNAPSHOT] Starting HiveMQ Platform Operator Init App
2025-01-28 23:38:22,038 INFO c.h.h.t.HelmChartContainer - [test-hivemq-platform] [hivemq] [ac221899] INFO  - [HiveMQ Platform Operator Init App 1.7.0-SNAPSHOT] Starting Pod reconciler
2025-01-28 23:38:22,205 INFO c.h.h.t.HelmChartContainer - [test-hivemq-platform] [hivemq] [3550411d] INFO  - [HiveMQ Platform Operator Init App 1.7.0-SNAPSHOT] Returning Health API response 200 for liveness
2025-01-28 23:38:23,236 INFO c.h.h.t.HelmChartContainer - [test-hivemq-platform] [hivemq] [ac221899] INFO  - [HiveMQ Platform Operator Init App 1.7.0-SNAPSHOT] Pod reconciler is scheduled (interval: 5000 ms)
2025-01-28 23:38:23,237 INFO c.h.h.t.HelmChartContainer - [test-hivemq-platform] [hivemq] [ac221899] INFO  - [HiveMQ Platform Operator Init App 1.7.0-SNAPSHOT] Starting the REST API on 10.42.0.11:7979
2025-01-28 23:38:23,240 INFO c.h.h.t.HelmChartContainer - [test-hivemq-platform] [hivemq] [ac221899] INFO  - [HiveMQ Platform Operator Init App 1.7.0-SNAPSHOT] Waiting up to 600s for at most 2 HiveMQ nodes in cluster service hivemq-test-hivemq-platform-cluster.helmrollingupgradeplatformit.svc
2025-01-28 23:38:23,630 INFO c.h.h.t.HelmChartContainer - [test-hivemq-platform] [hivemq] [ac221899] INFO  - [HiveMQ Platform Operator Init App 1.7.0-SNAPSHOT] Resolved 2 IP addresses: [10.42.0.11, 10.42.0.10]
2025-01-28 23:38:23,631 INFO c.h.h.t.HelmChartContainer - [test-hivemq-platform] [hivemq] [ac221899] INFO  - [HiveMQ Platform Operator Init App 1.7.0-SNAPSHOT] HiveMQ node count of 2 is within threshold of 2
2025-01-28 23:38:23,631 INFO c.h.h.t.HelmChartContainer - [test-hivemq-platform] [hivemq] [ac221899] INFO  - [HiveMQ Platform Operator Init App 1.7.0-SNAPSHOT] Waiting 15s for previous shutdown replication to finish...
2025-01-28 23:38:24,955 INFO c.h.h.t.HelmChartContainer - [test-hivemq-platform] [hivemq] [ac221899] INFO  - [HiveMQ Platform Operator Init App 1.7.0-SNAPSHOT] Returning default Health API response 503 for readiness
2025-01-28 23:38:25,045 INFO c.h.h.t.HelmChartContainer - [EVENT] Warning [Unhealthy] Readiness probe failed: HTTP probe failed with statuscode: 503 [helmrollingupgradeplatformit:test-hivemq-platform-1]
2025-01-28 23:38:25,046 INFO c.h.h.t.HelmChartContainer - Received Unhealthy event for container hivemq in pod test-hivemq-platform-1 [ac221899-f96a-4af1-9d62-57db2fed9d80]
2025-01-28 23:38:28,979 INFO c.h.h.t.HelmChartContainer - [hivemq-test-hivemq-platform] [hivemq-platform-operator] [a1b31a1e] 23:38:28.976 [pool-6-thread-10] DEBUG c.h.p.o.d.PlatformServiceResource - [helmroll] Desired Platform services (3 services)
2025-01-28 23:38:28,979 INFO c.h.h.t.HelmChartContainer - [hivemq-test-hivemq-platform] [hivemq-platform-operator] [a1b31a1e] 23:38:28.976 [pool-6-thread-4] DEBUG c.h.p.o.dependants.PodInfoConfigMap - [helmroll] Desired PodInfo ConfigMap (1 extensions) (1 enabled)
2025-01-28 23:38:28,979 INFO c.h.h.t.HelmChartContainer - [hivemq-test-hivemq-platform] [hivemq-platform-operator] [a1b31a1e] 23:38:28.976 [pool-6-thread-4] DEBUG c.h.p.o.dependants.PodInfoConfigMap - [helmroll] Desired PodInfo ConfigMap (metrics port: 9399) (metrics path: /)
2025-01-28 23:38:28,979 INFO c.h.h.t.HelmChartContainer - [hivemq-test-hivemq-platform] [hivemq-platform-operator] [a1b31a1e] 23:38:28.976 [pool-6-thread-4] DEBUG c.h.p.o.dependants.PodInfoConfigMap - [helmroll] Desired PodInfo ConfigMap (extension state hash: -1817474005)
2025-01-28 23:38:28,980 INFO c.h.h.t.HelmChartContainer - [hivemq-test-hivemq-platform] [hivemq-platform-operator] [a1b31a1e] 23:38:28.977 [pool-6-thread-4] DEBUG c.h.p.o.d.PodServiceAccountResource - [helmroll] Desired PodServiceAccountResource (serviceAccountName: hivemq-platform-pod-test-hivemq-platform)
2025-01-28 23:38:28,981 INFO c.h.h.t.HelmChartContainer - [hivemq-test-hivemq-platform] [hivemq-platform-operator] [a1b31a1e] 23:38:28.980 [pool-6-thread-2] DEBUG c.h.p.o.d.StatefulSetResource - [helmroll] Desired StatefulSet (2 replicas) for status ROLLING_RESTART (SURGE_IN_PROGRESS)
2025-01-28 23:38:28,985 INFO c.h.h.t.HelmChartContainer - [hivemq-test-hivemq-platform] [hivemq-platform-operator] [a1b31a1e] 23:38:28.983 [ReconcilerExecutor-hivemq-controller-123] INFO  c.h.p.o.HiveMQPlatformReconciler - [helmroll] Reconciling HiveMQ Platform 'test-hivemq-platform' in namespace 'helmrollingupgradeplatformit'
2025-01-28 23:38:28,986 INFO c.h.h.t.HelmChartContainer - [hivemq-test-hivemq-platform] [hivemq-platform-operator] [a1b31a1e] 23:38:28.983 [ReconcilerExecutor-hivemq-controller-123] DEBUG c.h.p.o.HiveMQPlatformReconciler - [helmroll] Custom Resource Status ROLLING_RESTART - HiveMQ Platform is starting a surge Pod (rolling restart) (SURGE_IN_PROGRESS)
2025-01-28 23:38:28,986 INFO c.h.h.t.HelmChartContainer - [hivemq-test-hivemq-platform] [hivemq-platform-operator] [a1b31a1e] 23:38:28.983 [ReconcilerExecutor-hivemq-controller-123] DEBUG c.h.p.o.HiveMQPlatformReconciler - [helmroll] Custom Resource Spec (replicas: 1) (extensions: 1)
2025-01-28 23:38:28,986 INFO c.h.h.t.HelmChartContainer - [hivemq-test-hivemq-platform] [hivemq-platform-operator] [a1b31a1e] 23:38:28.984 [ReconcilerExecutor-hivemq-controller-123] DEBUG c.h.p.o.HiveMQPlatformReconciler - [helmroll] StatefulSet Status (revision: test-hivemq-platform-945c6dcb4, replicas: 2, available: 1, ready: 1, current: 1, updated: 1)
2025-01-28 23:38:28,986 INFO c.h.h.t.HelmChartContainer - [hivemq-test-hivemq-platform] [hivemq-platform-operator] [a1b31a1e] 23:38:28.984 [ReconcilerExecutor-hivemq-controller-123] DEBUG c.h.p.o.HiveMQPlatformReconciler - [helmroll] StatefulSet Spec (replicas: 2, init containers: 1, containers: 1, volumes: 3)
2025-01-28 23:38:28,986 INFO c.h.h.t.HelmChartContainer - [hivemq-test-hivemq-platform] [hivemq-platform-operator] [a1b31a1e] 23:38:28.985 [ReconcilerExecutor-hivemq-controller-123] DEBUG c.h.p.o.h.HiveMQPlatformReconcilerErrorHandler - [helmroll] Pod 'test-hivemq-platform-1' phase Running
2025-01-28 23:38:28,988 INFO c.h.h.t.HelmChartContainer - [hivemq-test-hivemq-platform] [hivemq-platform-operator] [a1b31a1e] 23:38:28.987 [ReconcilerExecutor-hivemq-controller-123] DEBUG c.h.p.o.h.HiveMQPlatformReconcilerErrorHandler - [helmroll] Pod 'test-hivemq-platform-0' phase Running
2025-01-28 23:38:28,989 INFO c.h.h.t.HelmChartContainer - [hivemq-test-hivemq-platform] [hivemq-platform-operator] [a1b31a1e] 23:38:28.988 [ReconcilerExecutor-hivemq-controller-123] DEBUG c.h.p.o.h.HiveMQPlatformReconcilerRollingRestartHandler - [helmroll] Rolling restart is waiting for 1 of 2 replicas
2025-01-28 23:38:29,952 INFO c.h.h.t.HelmChartContainer - [EVENT] Warning [Unhealthy] Readiness probe failed: HTTP probe failed with statuscode: 503 [helmrollingupgradeplatformit:test-hivemq-platform-1]
2025-01-28 23:38:29,952 INFO c.h.h.t.HelmChartContainer - Received Unhealthy event for container hivemq in pod test-hivemq-platform-1 [ac221899-f96a-4af1-9d62-57db2fed9d80]
2025-01-28 23:38:30,639 INFO c.h.h.t.HelmChartContainer - [test-hivemq-platform] [hivemq] [ac221899] INFO  - [HiveMQ Platform Operator Init App 1.7.0-SNAPSHOT] Updating Pod HiveMQ Platform Operator Init App version annotation (version: 1.7.0-SNAPSHOT)
2025-01-28 23:38:30,952 INFO c.h.h.t.HelmChartContainer - [POD] test-hivemq-platform-1 [ac221899-f96a-4af1-9d62-57db2fed9d80] in helmrollingupgradeplatformit was MODIFIED
2025-01-28 23:38:30,957 INFO c.h.h.t.HelmChartContainer - [hivemq-test-hivemq-platform] [hivemq-platform-operator] [a1b31a1e] 23:38:30.956 [pool-6-thread-18] DEBUG c.h.p.o.d.PlatformServiceResource - [helmroll] Desired Platform services (3 services)
2025-01-28 23:38:30,957 INFO c.h.h.t.HelmChartContainer - [hivemq-test-hivemq-platform] [hivemq-platform-operator] [a1b31a1e] 23:38:30.956 [pool-6-thread-13] DEBUG c.h.p.o.dependants.PodInfoConfigMap - [helmroll] Desired PodInfo ConfigMap (1 extensions) (1 enabled)
2025-01-28 23:38:30,961 INFO c.h.h.t.HelmChartContainer - [hivemq-test-hivemq-platform] [hivemq-platform-operator] [a1b31a1e] 23:38:30.956 [pool-6-thread-13] DEBUG c.h.p.o.dependants.PodInfoConfigMap - [helmroll] Desired PodInfo ConfigMap (metrics port: 9399) (metrics path: /)
2025-01-28 23:38:30,961 INFO c.h.h.t.HelmChartContainer - [hivemq-test-hivemq-platform] [hivemq-platform-operator] [a1b31a1e] 23:38:30.956 [pool-6-thread-13] DEBUG c.h.p.o.dependants.PodInfoConfigMap - [helmroll] Desired PodInfo ConfigMap (extension state hash: -1817474005)
2025-01-28 23:38:30,961 INFO c.h.h.t.HelmChartContainer - [hivemq-test-hivemq-platform] [hivemq-platform-operator] [a1b31a1e] 23:38:30.957 [pool-6-thread-13] DEBUG c.h.p.o.d.PodServiceAccountResource - [helmroll] Desired PodServiceAccountResource (serviceAccountName: hivemq-platform-pod-test-hivemq-platform)
2025-01-28 23:38:30,962 INFO c.h.h.t.HelmChartContainer - [hivemq-test-hivemq-platform] [hivemq-platform-operator] [a1b31a1e] 23:38:30.960 [pool-6-thread-18] DEBUG c.h.p.o.d.StatefulSetResource - [helmroll] Desired StatefulSet (2 replicas) for status ROLLING_RESTART (SURGE_IN_PROGRESS)
2025-01-28 23:38:30,964 INFO c.h.h.t.HelmChartContainer - [hivemq-test-hivemq-platform] [hivemq-platform-operator] [a1b31a1e] 23:38:30.963 [ReconcilerExecutor-hivemq-controller-124] INFO  c.h.p.o.HiveMQPlatformReconciler - [helmroll] Reconciling HiveMQ Platform 'test-hivemq-platform' in namespace 'helmrollingupgradeplatformit'
2025-01-28 23:38:30,964 INFO c.h.h.t.HelmChartContainer - [hivemq-test-hivemq-platform] [hivemq-platform-operator] [a1b31a1e] 23:38:30.963 [ReconcilerExecutor-hivemq-controller-124] DEBUG c.h.p.o.HiveMQPlatformReconciler - [helmroll] Custom Resource Status ROLLING_RESTART - HiveMQ Platform is starting a surge Pod (rolling restart) (SURGE_IN_PROGRESS)
2025-01-28 23:38:30,965 INFO c.h.h.t.HelmChartContainer - [hivemq-test-hivemq-platform] [hivemq-platform-operator] [a1b31a1e] 23:38:30.963 [ReconcilerExecutor-hivemq-controller-124] DEBUG c.h.p.o.HiveMQPlatformReconciler - [helmroll] Custom Resource Spec (replicas: 1) (extensions: 1)
2025-01-28 23:38:30,967 INFO c.h.h.t.HelmChartContainer - [hivemq-test-hivemq-platform] [hivemq-platform-operator] [a1b31a1e] 23:38:30.965 [ReconcilerExecutor-hivemq-controller-124] DEBUG c.h.p.o.HiveMQPlatformReconciler - [helmroll] StatefulSet Status (revision: test-hivemq-platform-945c6dcb4, replicas: 2, available: 1, ready: 1, current: 1, updated: 1)
2025-01-28 23:38:30,967 INFO c.h.h.t.HelmChartContainer - [hivemq-test-hivemq-platform] [hivemq-platform-operator] [a1b31a1e] 23:38:30.966 [ReconcilerExecutor-hivemq-controller-124] DEBUG c.h.p.o.HiveMQPlatformReconciler - [helmroll] StatefulSet Spec (replicas: 2, init containers: 1, containers: 1, volumes: 3)
2025-01-28 23:38:30,969 INFO c.h.h.t.HelmChartContainer - [hivemq-test-hivemq-platform] [hivemq-platform-operator] [a1b31a1e] 23:38:30.968 [ReconcilerExecutor-hivemq-controller-124] DEBUG c.h.p.o.h.HiveMQPlatformReconcilerErrorHandler - [helmroll] Pod 'test-hivemq-platform-1' phase Running
2025-01-28 23:38:30,970 INFO c.h.h.t.HelmChartContainer - [hivemq-test-hivemq-platform] [hivemq-platform-operator] [a1b31a1e] 23:38:30.969 [ReconcilerExecutor-hivemq-controller-124] DEBUG c.h.p.o.h.HiveMQPlatformReconcilerErrorHandler - [helmroll] Pod 'test-hivemq-platform-0' phase Running
2025-01-28 23:38:30,971 INFO c.h.h.t.HelmChartContainer - [hivemq-test-hivemq-platform] [hivemq-platform-operator] [a1b31a1e] 23:38:30.970 [ReconcilerExecutor-hivemq-controller-124] DEBUG c.h.p.o.h.HiveMQPlatformReconcilerRollingRestartHandler - [helmroll] Rolling restart is waiting for 1 of 2 replicas
2025-01-28 23:38:31,032 INFO c.h.h.t.HelmChartContainer - [test-hivemq-platform] [hivemq] [ac221899] INFO  - [HiveMQ Platform Operator Init App 1.7.0-SNAPSHOT] Successfully updated Pod HiveMQ Platform Operator Init App version annotation (version: 1.7.0-SNAPSHOT)
2025-01-28 23:38:31,036 INFO c.h.h.t.HelmChartContainer - [EVENT] Warning [Unhealthy] Readiness probe failed: HTTP probe failed with statuscode: 503 [helmrollingupgradeplatformit:test-hivemq-platform-1]
2025-01-28 23:38:31,036 INFO c.h.h.t.HelmChartContainer - Received Unhealthy event for container hivemq in pod test-hivemq-platform-1 [ac221899-f96a-4af1-9d62-57db2fed9d80]
2025-01-28 23:38:35,955 INFO c.h.h.t.HelmChartContainer - [EVENT] Warning [Unhealthy] Readiness probe failed: HTTP probe failed with statuscode: 503 [helmrollingupgradeplatformit:test-hivemq-platform-1]
2025-01-28 23:38:35,955 INFO c.h.h.t.HelmChartContainer - Received Unhealthy event for container hivemq in pod test-hivemq-platform-1 [ac221899-f96a-4af1-9d62-57db2fed9d80]
2025-01-28 23:38:38,631 INFO c.h.h.t.HelmChartContainer - [test-hivemq-platform] [hivemq] [ac221899] INFO  - [HiveMQ Platform Operator Init App 1.7.0-SNAPSHOT] Proceeding with container start
2025-01-28 23:38:38,635 INFO c.h.h.t.HelmChartContainer - [test-hivemq-platform] [hivemq] [ac221899] INFO  - [HiveMQ Platform Operator Init App 1.7.0-SNAPSHOT] Initializing HiveMQ Platform extensions with initial configuration: {hivemq-allow-all-extension={start-priority=-1, skip-https-hostname-verification=false, restart=true, config-version=0, header-version=0, c-uri=, priority=-1, uri=preinstalled, skip-https-certificate-validation=false, enabled=true}, hivemq-prometheus-extension={enabled=true, request-header-path=no-request-headers, uri=preinstalled, skip-https-certificate-validation=false, skip-https-hostname-verification=false, c-uri=, start-priority=-1, priority=-1, restart=true}}
2025-01-28 23:38:39,053 INFO c.h.h.t.HelmChartContainer - [test-hivemq-platform] [hivemq] [ac221899] INFO  - [HiveMQ Platform Operator Init App 1.7.0-SNAPSHOT] Extension hivemq-allow-all-extension was already enabled
2025-01-28 23:38:39,140 INFO c.h.h.t.HelmChartContainer - [test-hivemq-platform] [hivemq] [ac221899] INFO  - [HiveMQ Platform Operator Init App 1.7.0-SNAPSHOT] Successfully enabled extension hivemq-prometheus-extension
2025-01-28 23:38:39,142 INFO c.h.h.t.HelmChartContainer - [test-hivemq-platform] [hivemq] [ac221899] INFO  - [HiveMQ Platform Operator Init App 1.7.0-SNAPSHOT] Starting HiveMQ Platform version 4.36.0 (4.36.0)
2025-01-28 23:38:39,142 INFO c.h.h.t.HelmChartContainer - [test-hivemq-platform] [hivemq] [ac221899] INFO  - [HiveMQ Platform Operator Init App 1.7.0-SNAPSHOT] Configuring the HiveMQ Platform
2025-01-28 23:38:39,236 INFO c.h.h.t.HelmChartContainer - [test-hivemq-platform] [hivemq] [ac221899] INFO  - [HiveMQ Platform Operator Init App 1.7.0-SNAPSHOT] Changed logback.xml file scan period to 20 seconds
2025-01-28 23:38:39,332 INFO c.h.h.t.HelmChartContainer - [test-hivemq-platform] [hivemq] [ac221899] INFO  - [HiveMQ Platform Operator Init App 1.7.0-SNAPSHOT] Starting the HiveMQ Platform
2025-01-28 23:38:39,335 INFO c.h.h.t.HelmChartContainer - [test-hivemq-platform] [hivemq] [ac221899] -------------------------------------------------------------------------
2025-01-28 23:38:39,335 INFO c.h.h.t.HelmChartContainer - [test-hivemq-platform] [hivemq] [ac221899] 
2025-01-28 23:38:39,335 INFO c.h.h.t.HelmChartContainer - [test-hivemq-platform] [hivemq] [ac221899]                   _    _  _              __  __   ____
2025-01-28 23:38:39,335 INFO c.h.h.t.HelmChartContainer - [test-hivemq-platform] [hivemq] [ac221899]                  | |  | |(_)            |  \/  | / __ \
2025-01-28 23:38:39,336 INFO c.h.h.t.HelmChartContainer - [test-hivemq-platform] [hivemq] [ac221899]                  | |__| | _ __   __ ___ | \  / || |  | |
2025-01-28 23:38:39,336 INFO c.h.h.t.HelmChartContainer - [test-hivemq-platform] [hivemq] [ac221899]                  |  __  || |\ \ / // _ \| |\/| || |  | |
2025-01-28 23:38:39,336 INFO c.h.h.t.HelmChartContainer - [test-hivemq-platform] [hivemq] [ac221899]                  | |  | || | \ V /|  __/| |  | || |__| |
2025-01-28 23:38:39,337 INFO c.h.h.t.HelmChartContainer - [test-hivemq-platform] [hivemq] [ac221899]                  |_|  |_||_|  \_/  \___||_|  |_| \___\_\
2025-01-28 23:38:39,337 INFO c.h.h.t.HelmChartContainer - [test-hivemq-platform] [hivemq] [ac221899] 
2025-01-28 23:38:39,337 INFO c.h.h.t.HelmChartContainer - [test-hivemq-platform] [hivemq] [ac221899] -------------------------------------------------------------------------
2025-01-28 23:38:39,337 INFO c.h.h.t.HelmChartContainer - [test-hivemq-platform] [hivemq] [ac221899] 
2025-01-28 23:38:39,337 INFO c.h.h.t.HelmChartContainer - [test-hivemq-platform] [hivemq] [ac221899]   HiveMQ Start Script for Linux/Unix v1.14
2025-01-28 23:38:39,337 INFO c.h.h.t.HelmChartContainer - [test-hivemq-platform] [hivemq] [ac221899] 
2025-01-28 23:38:39,366 INFO c.h.h.t.HelmChartContainer - [test-hivemq-platform] [hivemq] [ac221899] -------------------------------------------------------------------------
2025-01-28 23:38:39,366 INFO c.h.h.t.HelmChartContainer - [test-hivemq-platform] [hivemq] [ac221899] 
2025-01-28 23:38:39,366 INFO c.h.h.t.HelmChartContainer - [test-hivemq-platform] [hivemq] [ac221899]   HIVEMQ_HOME: /opt/hivemq
2025-01-28 23:38:39,366 INFO c.h.h.t.HelmChartContainer - [test-hivemq-platform] [hivemq] [ac221899] 
2025-01-28 23:38:39,366 INFO c.h.h.t.HelmChartContainer - [test-hivemq-platform] [hivemq] [ac221899]   JAVA_OPTS: -XX:+UnlockExperimentalVMOptions -XX:InitialRAMPercentage=50 -XX:MaxRAMPercentage=50 -Djava.net.preferIPv4Stack=true --add-opens java.base/java.lang=ALL-UNNAMED --add-opens java.base/java.nio=ALL-UNNAMED --add-opens java.base/sun.nio.ch=ALL-UNNAMED --add-opens jdk.management/com.sun.management.internal=ALL-UNNAMED --add-exports java.base/jdk.internal.misc=ALL-UNNAMED -Djava.security.egd=file:/dev/./urandom -Dcom.sun.management.jmxremote -Dcom.sun.management.jmxremote.port=9010 -Dcom.sun.management.jmxremote.local.only=false -Dcom.sun.management.jmxremote.authenticate=false -Dcom.sun.management.jmxremote.ssl=false -Duser.language=en -Duser.region=US -XX:+CrashOnOutOfMemoryError -XX:+HeapDumpOnOutOfMemoryError
2025-01-28 23:38:39,366 INFO c.h.h.t.HelmChartContainer - [test-hivemq-platform] [hivemq] [ac221899] 
2025-01-28 23:38:39,366 INFO c.h.h.t.HelmChartContainer - [test-hivemq-platform] [hivemq] [ac221899]   JAVA_VERSION: 21
2025-01-28 23:38:39,366 INFO c.h.h.t.HelmChartContainer - [test-hivemq-platform] [hivemq] [ac221899] 
2025-01-28 23:38:39,366 INFO c.h.h.t.HelmChartContainer - [test-hivemq-platform] [hivemq] [ac221899] -------------------------------------------------------------------------
2025-01-28 23:38:39,366 INFO c.h.h.t.HelmChartContainer - [test-hivemq-platform] [hivemq] [ac221899] 
2025-01-28 23:38:40,975 INFO c.h.h.t.HelmChartContainer - [hivemq-test-hivemq-platform] [hivemq-platform-operator] [a1b31a1e] 23:38:40.973 [pool-6-thread-30] DEBUG c.h.p.o.d.PlatformServiceResource - [helmroll] Desired Platform services (3 services)
2025-01-28 23:38:40,976 INFO c.h.h.t.HelmChartContainer - [hivemq-test-hivemq-platform] [hivemq-platform-operator] [a1b31a1e] 23:38:40.973 [pool-6-thread-27] DEBUG c.h.p.o.dependants.PodInfoConfigMap - [helmroll] Desired PodInfo ConfigMap (1 extensions) (1 enabled)
2025-01-28 23:38:40,976 INFO c.h.h.t.HelmChartContainer - [hivemq-test-hivemq-platform] [hivemq-platform-operator] [a1b31a1e] 23:38:40.973 [pool-6-thread-27] DEBUG c.h.p.o.dependants.PodInfoConfigMap - [helmroll] Desired PodInfo ConfigMap (metrics port: 9399) (metrics path: /)
2025-01-28 23:38:40,976 INFO c.h.h.t.HelmChartContainer - [hivemq-test-hivemq-platform] [hivemq-platform-operator] [a1b31a1e] 23:38:40.973 [pool-6-thread-27] DEBUG c.h.p.o.dependants.PodInfoConfigMap - [helmroll] Desired PodInfo ConfigMap (extension state hash: -1817474005)
2025-01-28 23:38:40,976 INFO c.h.h.t.HelmChartContainer - [hivemq-test-hivemq-platform] [hivemq-platform-operator] [a1b31a1e] 23:38:40.974 [pool-6-thread-27] DEBUG c.h.p.o.d.PodServiceAccountResource - [helmroll] Desired PodServiceAccountResource (serviceAccountName: hivemq-platform-pod-test-hivemq-platform)
2025-01-28 23:38:40,980 INFO c.h.h.t.HelmChartContainer - [hivemq-test-hivemq-platform] [hivemq-platform-operator] [a1b31a1e] 23:38:40.978 [pool-6-thread-30] DEBUG c.h.p.o.d.StatefulSetResource - [helmroll] Desired StatefulSet (2 replicas) for status ROLLING_RESTART (SURGE_IN_PROGRESS)
2025-01-28 23:38:40,982 INFO c.h.h.t.HelmChartContainer - [hivemq-test-hivemq-platform] [hivemq-platform-operator] [a1b31a1e] 23:38:40.981 [ReconcilerExecutor-hivemq-controller-125] INFO  c.h.p.o.HiveMQPlatformReconciler - [helmroll] Reconciling HiveMQ Platform 'test-hivemq-platform' in namespace 'helmrollingupgradeplatformit'
2025-01-28 23:38:40,982 INFO c.h.h.t.HelmChartContainer - [hivemq-test-hivemq-platform] [hivemq-platform-operator] [a1b31a1e] 23:38:40.981 [ReconcilerExecutor-hivemq-controller-125] DEBUG c.h.p.o.HiveMQPlatformReconciler - [helmroll] Custom Resource Status ROLLING_RESTART - HiveMQ Platform is starting a surge Pod (rolling restart) (SURGE_IN_PROGRESS)
2025-01-28 23:38:40,982 INFO c.h.h.t.HelmChartContainer - [hivemq-test-hivemq-platform] [hivemq-platform-operator] [a1b31a1e] 23:38:40.981 [ReconcilerExecutor-hivemq-controller-125] DEBUG c.h.p.o.HiveMQPlatformReconciler - [helmroll] Custom Resource Spec (replicas: 1) (extensions: 1)
2025-01-28 23:38:40,985 INFO c.h.h.t.HelmChartContainer - [hivemq-test-hivemq-platform] [hivemq-platform-operator] [a1b31a1e] 23:38:40.982 [ReconcilerExecutor-hivemq-controller-125] DEBUG c.h.p.o.HiveMQPlatformReconciler - [helmroll] StatefulSet Status (revision: test-hivemq-platform-945c6dcb4, replicas: 2, available: 1, ready: 1, current: 1, updated: 1)
2025-01-28 23:38:40,985 INFO c.h.h.t.HelmChartContainer - [hivemq-test-hivemq-platform] [hivemq-platform-operator] [a1b31a1e] 23:38:40.982 [ReconcilerExecutor-hivemq-controller-125] DEBUG c.h.p.o.HiveMQPlatformReconciler - [helmroll] StatefulSet Spec (replicas: 2, init containers: 1, containers: 1, volumes: 3)
2025-01-28 23:38:40,986 INFO c.h.h.t.HelmChartContainer - [hivemq-test-hivemq-platform] [hivemq-platform-operator] [a1b31a1e] 23:38:40.984 [ReconcilerExecutor-hivemq-controller-125] DEBUG c.h.p.o.h.HiveMQPlatformReconcilerErrorHandler - [helmroll] Pod 'test-hivemq-platform-1' phase Running
2025-01-28 23:38:40,987 INFO c.h.h.t.HelmChartContainer - [hivemq-test-hivemq-platform] [hivemq-platform-operator] [a1b31a1e] 23:38:40.985 [ReconcilerExecutor-hivemq-controller-125] DEBUG c.h.p.o.h.HiveMQPlatformReconcilerErrorHandler - [helmroll] Pod 'test-hivemq-platform-0' phase Running
2025-01-28 23:38:40,987 INFO c.h.h.t.HelmChartContainer - [hivemq-test-hivemq-platform] [hivemq-platform-operator] [a1b31a1e] 23:38:40.986 [ReconcilerExecutor-hivemq-controller-125] DEBUG c.h.p.o.h.HiveMQPlatformReconcilerRollingRestartHandler - [helmroll] Rolling restart is waiting for 1 of 2 replicas
2025-01-28 23:38:41,037 INFO c.h.h.t.HelmChartContainer - [EVENT] Warning [Unhealthy] Readiness probe failed: HTTP probe failed with statuscode: 503 [helmrollingupgradeplatformit:test-hivemq-platform-1]
2025-01-28 23:38:41,037 INFO c.h.h.t.HelmChartContainer - Received Unhealthy event for container hivemq in pod test-hivemq-platform-1 [ac221899-f96a-4af1-9d62-57db2fed9d80]
2025-01-28 23:38:41,933 INFO c.h.h.t.HelmChartContainer - [test-hivemq-platform] [hivemq] [ac221899] INFO  - Starting HiveMQ Enterprise Server
2025-01-28 23:38:41,939 INFO c.h.h.t.HelmChartContainer - [test-hivemq-platform] [hivemq] [ac221899] INFO  - HiveMQ version: 4.36.0
2025-01-28 23:38:41,940 INFO c.h.h.t.HelmChartContainer - [test-hivemq-platform] [hivemq] [ac221899] INFO  - HiveMQ home directory: /opt/hivemq
2025-01-28 23:38:41,940 INFO c.h.h.t.HelmChartContainer - [test-hivemq-platform] [hivemq] [ac221899] INFO  - Log Configuration was overridden by /opt/hivemq/conf/logback.xml
2025-01-28 23:38:43,232 INFO c.h.h.t.HelmChartContainer - [test-hivemq-platform] [hivemq] [ac221899] INFO  - Successfully loaded configuration from '/opt/hivemq/conf-k8s/config.xml'.
2025-01-28 23:38:43,548 INFO c.h.h.t.HelmChartContainer - [test-hivemq-platform] [hivemq] [ac221899] INFO  - This node's ID is WToda
2025-01-28 23:38:43,548 INFO c.h.h.t.HelmChartContainer - [test-hivemq-platform] [hivemq] [ac221899] INFO  - Clustering is enabled
2025-01-28 23:38:46,133 INFO c.h.h.t.HelmChartContainer - [test-hivemq-platform] [hivemq] [ac221899] WARN  - [HiveMQ Platform Operator Init App 1.7.0-SNAPSHOT] Cannot connect to Health API for readiness: null
2025-01-28 23:38:46,133 INFO c.h.h.t.HelmChartContainer - [test-hivemq-platform] [hivemq] [ac221899] WARN  - [HiveMQ Platform Operator Init App 1.7.0-SNAPSHOT] Cannot connect to Health API for liveness: null
2025-01-28 23:38:46,133 INFO c.h.h.t.HelmChartContainer - [test-hivemq-platform] [hivemq] [ac221899] INFO  - [HiveMQ Platform Operator Init App 1.7.0-SNAPSHOT] Returning default Health API response 200 for liveness
2025-01-28 23:38:46,140 INFO c.h.h.t.HelmChartContainer - [EVENT] Warning [Unhealthy] Readiness probe failed: HTTP probe failed with statuscode: 503 [helmrollingupgradeplatformit:test-hivemq-platform-1]
2025-01-28 23:38:46,140 INFO c.h.h.t.HelmChartContainer - Received Unhealthy event for container hivemq in pod test-hivemq-platform-1 [ac221899-f96a-4af1-9d62-57db2fed9d80]
2025-01-28 23:38:50,989 INFO c.h.h.t.HelmChartContainer - [hivemq-test-hivemq-platform] [hivemq-platform-operator] [a1b31a1e] 23:38:50.988 [pool-6-thread-35] DEBUG c.h.p.o.d.PlatformServiceResource - [helmroll] Desired Platform services (3 services)
2025-01-28 23:38:50,992 INFO c.h.h.t.HelmChartContainer - [hivemq-test-hivemq-platform] [hivemq-platform-operator] [a1b31a1e] 23:38:50.990 [pool-6-thread-33] DEBUG c.h.p.o.dependants.PodInfoConfigMap - [helmroll] Desired PodInfo ConfigMap (1 extensions) (1 enabled)
2025-01-28 23:38:50,992 INFO c.h.h.t.HelmChartContainer - [hivemq-test-hivemq-platform] [hivemq-platform-operator] [a1b31a1e] 23:38:50.990 [pool-6-thread-33] DEBUG c.h.p.o.dependants.PodInfoConfigMap - [helmroll] Desired PodInfo ConfigMap (metrics port: 9399) (metrics path: /)
2025-01-28 23:38:50,992 INFO c.h.h.t.HelmChartContainer - [hivemq-test-hivemq-platform] [hivemq-platform-operator] [a1b31a1e] 23:38:50.990 [pool-6-thread-33] DEBUG c.h.p.o.dependants.PodInfoConfigMap - [helmroll] Desired PodInfo ConfigMap (extension state hash: -1817474005)
2025-01-28 23:38:50,993 INFO c.h.h.t.HelmChartContainer - [hivemq-test-hivemq-platform] [hivemq-platform-operator] [a1b31a1e] 23:38:50.992 [pool-6-thread-33] DEBUG c.h.p.o.d.PodServiceAccountResource - [helmroll] Desired PodServiceAccountResource (serviceAccountName: hivemq-platform-pod-test-hivemq-platform)
2025-01-28 23:38:50,997 INFO c.h.h.t.HelmChartContainer - [hivemq-test-hivemq-platform] [hivemq-platform-operator] [a1b31a1e] 23:38:50.996 [pool-6-thread-37] DEBUG c.h.p.o.d.StatefulSetResource - [helmroll] Desired StatefulSet (2 replicas) for status ROLLING_RESTART (SURGE_IN_PROGRESS)
2025-01-28 23:38:51,003 INFO c.h.h.t.HelmChartContainer - [hivemq-test-hivemq-platform] [hivemq-platform-operator] [a1b31a1e] 23:38:51.001 [ReconcilerExecutor-hivemq-controller-126] INFO  c.h.p.o.HiveMQPlatformReconciler - [helmroll] Reconciling HiveMQ Platform 'test-hivemq-platform' in namespace 'helmrollingupgradeplatformit'
2025-01-28 23:38:51,003 INFO c.h.h.t.HelmChartContainer - [hivemq-test-hivemq-platform] [hivemq-platform-operator] [a1b31a1e] 23:38:51.001 [ReconcilerExecutor-hivemq-controller-126] DEBUG c.h.p.o.HiveMQPlatformReconciler - [helmroll] Custom Resource Status ROLLING_RESTART - HiveMQ Platform is starting a surge Pod (rolling restart) (SURGE_IN_PROGRESS)
2025-01-28 23:38:51,003 INFO c.h.h.t.HelmChartContainer - [hivemq-test-hivemq-platform] [hivemq-platform-operator] [a1b31a1e] 23:38:51.001 [ReconcilerExecutor-hivemq-controller-126] DEBUG c.h.p.o.HiveMQPlatformReconciler - [helmroll] Custom Resource Spec (replicas: 1) (extensions: 1)
2025-01-28 23:38:51,004 INFO c.h.h.t.HelmChartContainer - [hivemq-test-hivemq-platform] [hivemq-platform-operator] [a1b31a1e] 23:38:51.002 [ReconcilerExecutor-hivemq-controller-126] DEBUG c.h.p.o.HiveMQPlatformReconciler - [helmroll] StatefulSet Status (revision: test-hivemq-platform-945c6dcb4, replicas: 2, available: 1, ready: 1, current: 1, updated: 1)
2025-01-28 23:38:51,004 INFO c.h.h.t.HelmChartContainer - [hivemq-test-hivemq-platform] [hivemq-platform-operator] [a1b31a1e] 23:38:51.002 [ReconcilerExecutor-hivemq-controller-126] DEBUG c.h.p.o.HiveMQPlatformReconciler - [helmroll] StatefulSet Spec (replicas: 2, init containers: 1, containers: 1, volumes: 3)
2025-01-28 23:38:51,006 INFO c.h.h.t.HelmChartContainer - [hivemq-test-hivemq-platform] [hivemq-platform-operator] [a1b31a1e] 23:38:51.005 [ReconcilerExecutor-hivemq-controller-126] DEBUG c.h.p.o.h.HiveMQPlatformReconcilerErrorHandler - [helmroll] Pod 'test-hivemq-platform-1' phase Running
2025-01-28 23:38:51,008 INFO c.h.h.t.HelmChartContainer - [hivemq-test-hivemq-platform] [hivemq-platform-operator] [a1b31a1e] 23:38:51.007 [ReconcilerExecutor-hivemq-controller-126] DEBUG c.h.p.o.h.HiveMQPlatformReconcilerErrorHandler - [helmroll] Pod 'test-hivemq-platform-0' phase Running
2025-01-28 23:38:51,009 INFO c.h.h.t.HelmChartContainer - [hivemq-test-hivemq-platform] [hivemq-platform-operator] [a1b31a1e] 23:38:51.008 [ReconcilerExecutor-hivemq-controller-126] DEBUG c.h.p.o.h.HiveMQPlatformReconcilerRollingRestartHandler - [helmroll] Rolling restart is waiting for 1 of 2 replicas
2025-01-28 23:38:51,033 INFO c.h.h.t.HelmChartContainer - [test-hivemq-platform] [hivemq] [ac221899] WARN  - [HiveMQ Platform Operator Init App 1.7.0-SNAPSHOT] Cannot connect to Health API for readiness: null
2025-01-28 23:38:51,039 INFO c.h.h.t.HelmChartContainer - [EVENT] Warning [Unhealthy] Readiness probe failed: HTTP probe failed with statuscode: 503 [helmrollingupgradeplatformit:test-hivemq-platform-1]
2025-01-28 23:38:51,039 INFO c.h.h.t.HelmChartContainer - Received Unhealthy event for container hivemq in pod test-hivemq-platform-1 [ac221899-f96a-4af1-9d62-57db2fed9d80]
2025-01-28 23:38:56,034 INFO c.h.h.t.HelmChartContainer - [test-hivemq-platform] [hivemq] [ac221899] WARN  - [HiveMQ Platform Operator Init App 1.7.0-SNAPSHOT] Cannot connect to Health API for readiness: null
2025-01-28 23:38:56,037 INFO c.h.h.t.HelmChartContainer - [EVENT] Warning [Unhealthy] Readiness probe failed: HTTP probe failed with statuscode: 503 [helmrollingupgradeplatformit:test-hivemq-platform-1]
2025-01-28 23:38:56,037 INFO c.h.h.t.HelmChartContainer - Received Unhealthy event for container hivemq in pod test-hivemq-platform-1 [ac221899-f96a-4af1-9d62-57db2fed9d80]
2025-01-28 23:38:57,348 INFO c.h.h.t.HelmChartContainer - [test-hivemq-platform] [hivemq] [ac221899] INFO  - No valid license file found. Using trial license, restricted to 25 connections.
2025-01-28 23:39:01,014 INFO c.h.h.t.HelmChartContainer - [hivemq-test-hivemq-platform] [hivemq-platform-operator] [a1b31a1e] 23:39:01.011 [pool-6-thread-44] DEBUG c.h.p.o.d.PlatformServiceResource - [helmroll] Desired Platform services (3 services)
2025-01-28 23:39:01,014 INFO c.h.h.t.HelmChartContainer - [hivemq-test-hivemq-platform] [hivemq-platform-operator] [a1b31a1e] 23:39:01.012 [pool-6-thread-49] DEBUG c.h.p.o.dependants.PodInfoConfigMap - [helmroll] Desired PodInfo ConfigMap (1 extensions) (1 enabled)
2025-01-28 23:39:01,014 INFO c.h.h.t.HelmChartContainer - [hivemq-test-hivemq-platform] [hivemq-platform-operator] [a1b31a1e] 23:39:01.012 [pool-6-thread-49] DEBUG c.h.p.o.dependants.PodInfoConfigMap - [helmroll] Desired PodInfo ConfigMap (metrics port: 9399) (metrics path: /)
2025-01-28 23:39:01,014 INFO c.h.h.t.HelmChartContainer - [hivemq-test-hivemq-platform] [hivemq-platform-operator] [a1b31a1e] 23:39:01.012 [pool-6-thread-49] DEBUG c.h.p.o.dependants.PodInfoConfigMap - [helmroll] Desired PodInfo ConfigMap (extension state hash: -1817474005)
2025-01-28 23:39:01,014 INFO c.h.h.t.HelmChartContainer - [hivemq-test-hivemq-platform] [hivemq-platform-operator] [a1b31a1e] 23:39:01.012 [pool-6-thread-47] DEBUG c.h.p.o.d.PodServiceAccountResource - [helmroll] Desired PodServiceAccountResource (serviceAccountName: hivemq-platform-pod-test-hivemq-platform)
2025-01-28 23:39:01,018 INFO c.h.h.t.HelmChartContainer - [hivemq-test-hivemq-platform] [hivemq-platform-operator] [a1b31a1e] 23:39:01.015 [pool-6-thread-43] DEBUG c.h.p.o.d.StatefulSetResource - [helmroll] Desired StatefulSet (2 replicas) for status ROLLING_RESTART (SURGE_IN_PROGRESS)
2025-01-28 23:39:01,019 INFO c.h.h.t.HelmChartContainer - [hivemq-test-hivemq-platform] [hivemq-platform-operator] [a1b31a1e] 23:39:01.018 [ReconcilerExecutor-hivemq-controller-127] INFO  c.h.p.o.HiveMQPlatformReconciler - [helmroll] Reconciling HiveMQ Platform 'test-hivemq-platform' in namespace 'helmrollingupgradeplatformit'
2025-01-28 23:39:01,020 INFO c.h.h.t.HelmChartContainer - [hivemq-test-hivemq-platform] [hivemq-platform-operator] [a1b31a1e] 23:39:01.018 [ReconcilerExecutor-hivemq-controller-127] DEBUG c.h.p.o.HiveMQPlatformReconciler - [helmroll] Custom Resource Status ROLLING_RESTART - HiveMQ Platform is starting a surge Pod (rolling restart) (SURGE_IN_PROGRESS)
2025-01-28 23:39:01,020 INFO c.h.h.t.HelmChartContainer - [hivemq-test-hivemq-platform] [hivemq-platform-operator] [a1b31a1e] 23:39:01.018 [ReconcilerExecutor-hivemq-controller-127] DEBUG c.h.p.o.HiveMQPlatformReconciler - [helmroll] Custom Resource Spec (replicas: 1) (extensions: 1)
2025-01-28 23:39:01,020 INFO c.h.h.t.HelmChartContainer - [hivemq-test-hivemq-platform] [hivemq-platform-operator] [a1b31a1e] 23:39:01.019 [ReconcilerExecutor-hivemq-controller-127] DEBUG c.h.p.o.HiveMQPlatformReconciler - [helmroll] StatefulSet Status (revision: test-hivemq-platform-945c6dcb4, replicas: 2, available: 1, ready: 1, current: 1, updated: 1)
2025-01-28 23:39:01,020 INFO c.h.h.t.HelmChartContainer - [hivemq-test-hivemq-platform] [hivemq-platform-operator] [a1b31a1e] 23:39:01.019 [ReconcilerExecutor-hivemq-controller-127] DEBUG c.h.p.o.HiveMQPlatformReconciler - [helmroll] StatefulSet Spec (replicas: 2, init containers: 1, containers: 1, volumes: 3)
2025-01-28 23:39:01,021 INFO c.h.h.t.HelmChartContainer - [hivemq-test-hivemq-platform] [hivemq-platform-operator] [a1b31a1e] 23:39:01.021 [ReconcilerExecutor-hivemq-controller-127] DEBUG c.h.p.o.h.HiveMQPlatformReconcilerErrorHandler - [helmroll] Pod 'test-hivemq-platform-1' phase Running
2025-01-28 23:39:01,022 INFO c.h.h.t.HelmChartContainer - [hivemq-test-hivemq-platform] [hivemq-platform-operator] [a1b31a1e] 23:39:01.022 [ReconcilerExecutor-hivemq-controller-127] DEBUG c.h.p.o.h.HiveMQPlatformReconcilerErrorHandler - [helmroll] Pod 'test-hivemq-platform-0' phase Running
2025-01-28 23:39:01,023 INFO c.h.h.t.HelmChartContainer - [hivemq-test-hivemq-platform] [hivemq-platform-operator] [a1b31a1e] 23:39:01.022 [ReconcilerExecutor-hivemq-controller-127] DEBUG c.h.p.o.h.HiveMQPlatformReconcilerRollingRestartHandler - [helmroll] Rolling restart is waiting for 1 of 2 replicas
2025-01-28 23:39:01,034 INFO c.h.h.t.HelmChartContainer - [test-hivemq-platform] [hivemq] [ac221899] WARN  - [HiveMQ Platform Operator Init App 1.7.0-SNAPSHOT] Cannot connect to Health API for readiness: null
2025-01-28 23:39:01,039 INFO c.h.h.t.HelmChartContainer - [EVENT] Warning [Unhealthy] Readiness probe failed: HTTP probe failed with statuscode: 503 [helmrollingupgradeplatformit:test-hivemq-platform-1]
2025-01-28 23:39:01,039 INFO c.h.h.t.HelmChartContainer - Received Unhealthy event for container hivemq in pod test-hivemq-platform-1 [ac221899-f96a-4af1-9d62-57db2fed9d80]
2025-01-28 23:39:01,640 INFO c.h.h.t.HelmChartContainer - [test-hivemq-platform] [hivemq] [ac221899] INFO  - No valid license file for Data Hub found. Using free license, restricted to 1 policy.
2025-01-28 23:39:02,936 INFO c.h.h.t.HelmChartContainer - [test-hivemq-platform] [hivemq] [ac221899] INFO  - Audit Logger started.
2025-01-28 23:39:03,170 INFO c.h.h.t.HelmChartContainer - [test-hivemq-platform] [hivemq] [ac221899] INFO  - This node uses '1' CPU cores.
2025-01-28 23:39:03,196 INFO c.h.h.t.HelmChartContainer - [test-hivemq-platform] [hivemq] [ac221899] INFO  - Starting HiveMQ Health API on address 0.0.0.0 and port 8889
2025-01-28 23:39:04,147 INFO c.h.h.t.HelmChartContainer - [test-hivemq-platform] [hivemq] [ac221899] INFO  - Started HiveMQ Health API in 950ms
2025-01-28 23:39:04,743 INFO c.h.h.t.HelmChartContainer - [test-hivemq-platform] [hivemq] [ac221899] INFO  - Starting HiveMQ extension system.
2025-01-28 23:39:05,034 INFO c.h.h.t.HelmChartContainer - [test-hivemq-platform] [hivemq] [ac221899] INFO  - Starting extension with id "hivemq-dns-cluster-discovery" at /opt/hivemq/extensions/hivemq-dns-cluster-discovery
2025-01-28 23:39:05,533 INFO c.h.h.t.HelmChartContainer - [test-hivemq-platform] [hivemq] [ac221899] INFO  - Using TCP cluster transport on address 10.42.0.11 and port 7000
2025-01-28 23:39:05,539 INFO c.h.h.t.HelmChartContainer - [test-hivemq-platform] [hivemq] [ac221899] INFO  - Using extension cluster discovery
2025-01-28 23:39:05,642 INFO c.h.h.t.HelmChartContainer - [test-hivemq-platform] [hivemq] [ac221899] INFO  - Extension "DNS Cluster Discovery Extension" version 4.3.2 started successfully.
2025-01-28 23:39:05,644 INFO c.h.h.t.HelmChartContainer - [test-hivemq-platform] [hivemq] [ac221899] INFO  - Starting extension with id "hivemq-prometheus-extension" at /opt/hivemq/extensions/hivemq-prometheus-extension
2025-01-28 23:39:06,996 INFO c.h.h.t.HelmChartContainer - [EVENT] Warning [Unhealthy] Readiness probe failed: Get "http://10.42.0.11:7979/readiness": context deadline exceeded (Client.Timeout exceeded while awaiting headers) [helmrollingupgradeplatformit:test-hivemq-platform-1]
2025-01-28 23:39:06,996 INFO c.h.h.t.HelmChartContainer - Received Unhealthy event for container hivemq in pod test-hivemq-platform-1 [ac221899-f96a-4af1-9d62-57db2fed9d80]
2025-01-28 23:39:07,139 INFO c.h.h.t.HelmChartContainer - [test-hivemq-platform] [hivemq] [ac221899] INFO  - [HiveMQ Platform Operator Init App 1.7.0-SNAPSHOT] Returning Health API response 503 for readiness
2025-01-28 23:39:07,143 INFO c.h.h.t.HelmChartContainer - [test-hivemq-platform] [hivemq] [3550411d] INFO  - Cluster nodes found by discovery: [341kt|1] (2) [341kt, WToda].
2025-01-28 23:39:07,335 INFO c.h.h.t.HelmChartContainer - [test-hivemq-platform] [hivemq] [ac221899] INFO  - Started Jetty Server exposing Prometheus Servlet on URI http://0.0.0.0:9399/
2025-01-28 23:39:07,336 INFO c.h.h.t.HelmChartContainer - [test-hivemq-platform] [hivemq] [ac221899] INFO  - Extension "Prometheus Monitoring Extension" version 4.0.12 started successfully.
2025-01-28 23:39:07,336 INFO c.h.h.t.HelmChartContainer - [test-hivemq-platform] [hivemq] [ac221899] INFO  - Starting extension with id "hivemq-allow-all-extension" at /opt/hivemq/extensions/hivemq-allow-all-extension
2025-01-28 23:39:07,336 INFO c.h.h.t.HelmChartContainer - [test-hivemq-platform] [hivemq] [ac221899] WARN  - 
2025-01-28 23:39:07,336 INFO c.h.h.t.HelmChartContainer - [test-hivemq-platform] [hivemq] [ac221899] ################################################################################################################
2025-01-28 23:39:07,336 INFO c.h.h.t.HelmChartContainer - [test-hivemq-platform] [hivemq] [ac221899] # This HiveMQ deployment is not secure! You are lacking Authentication and Authorization.                      #
2025-01-28 23:39:07,336 INFO c.h.h.t.HelmChartContainer - [test-hivemq-platform] [hivemq] [ac221899] # Right now any MQTT client can connect to the broker with a full set of permissions.                          #
2025-01-28 23:39:07,336 INFO c.h.h.t.HelmChartContainer - [test-hivemq-platform] [hivemq] [ac221899] # For production usage, add an appropriate security extension and remove the hivemq-allow-all extension.       #
2025-01-28 23:39:07,336 INFO c.h.h.t.HelmChartContainer - [test-hivemq-platform] [hivemq] [ac221899] # You can download security extensions from the HiveMQ Marketplace (https://www.hivemq.com/extensions/).       #
2025-01-28 23:39:07,336 INFO c.h.h.t.HelmChartContainer - [test-hivemq-platform] [hivemq] [ac221899] ################################################################################################################
2025-01-28 23:39:07,336 INFO c.h.h.t.HelmChartContainer - [test-hivemq-platform] [hivemq] [ac221899] INFO  - Extension "Allow All Extension" version 1.1.1 started successfully.
2025-01-28 23:39:07,337 INFO c.h.h.t.HelmChartContainer - [test-hivemq-platform] [hivemq] [ac221899] INFO  - Cluster nodes found by discovery: [341kt|1] (2) [341kt, WToda].
2025-01-28 23:39:07,632 INFO c.h.h.t.HelmChartContainer - [test-hivemq-platform] [hivemq] [ac221899] INFO  - Cluster size = 1, members : [341kt].
2025-01-28 23:39:08,148 INFO c.h.h.t.HelmChartContainer - [test-hivemq-platform] [hivemq] [ac221899] INFO  - Starting cluster join process. This may take a while. Please do not shut down HiveMQ.
2025-01-28 23:39:08,149 INFO c.h.h.t.HelmChartContainer - [test-hivemq-platform] [hivemq] [ac221899] INFO  - Cluster join process is still ongoing. Please do not shut down HiveMQ.
2025-01-28 23:39:10,159 INFO c.h.h.t.HelmChartContainer - [test-hivemq-platform] [hivemq] [3550411d] INFO  - Cluster size = 2, members : [341kt, WToda].
2025-01-28 23:39:10,169 INFO c.h.h.t.HelmChartContainer - [test-hivemq-platform] [hivemq] [ac221899] INFO  - Cluster size = 2, members : [341kt, WToda].
2025-01-28 23:39:10,175 INFO c.h.h.t.HelmChartContainer - [test-hivemq-platform] [hivemq] [ac221899] INFO  - Finished cluster join process successfully.
2025-01-28 23:39:10,175 INFO c.h.h.t.HelmChartContainer - [test-hivemq-platform] [hivemq] [ac221899] WARN  - No user for HiveMQ Control Center configured. Starting with default user
2025-01-28 23:39:10,175 INFO c.h.h.t.HelmChartContainer - [test-hivemq-platform] [hivemq] [ac221899] INFO  - Starting HiveMQ Control Center on address 0.0.0.0 and port 8080
2025-01-28 23:39:10,179 INFO c.h.h.t.HelmChartContainer - [test-hivemq-platform] [hivemq] [ac221899] INFO  - Mounting HiveMQ Control Center V2 Preview
2025-01-28 23:39:10,935 INFO c.h.h.t.HelmChartContainer - [test-hivemq-platform] [hivemq] [ac221899] WARN  - One or more cluster nodes have a different HiveMQ version than: 4.36.0
2025-01-28 23:39:10,938 INFO c.h.h.t.HelmChartContainer - [test-hivemq-platform] [hivemq] [ac221899] INFO  - Started HiveMQ Control Center in 763ms
2025-01-28 23:39:10,952 INFO c.h.h.t.HelmChartContainer - [test-hivemq-platform] [hivemq] [ac221899] INFO  - Starting TCP listener on address 0.0.0.0 and port 1883
2025-01-28 23:39:11,029 INFO c.h.h.t.HelmChartContainer - [hivemq-test-hivemq-platform] [hivemq-platform-operator] [a1b31a1e] 23:39:11.025 [pool-6-thread-4] DEBUG c.h.p.o.d.PlatformServiceResource - [helmroll] Desired Platform services (3 services)
2025-01-28 23:39:11,032 INFO c.h.h.t.HelmChartContainer - [hivemq-test-hivemq-platform] [hivemq-platform-operator] [a1b31a1e] 23:39:11.026 [pool-6-thread-9] DEBUG c.h.p.o.d.PodServiceAccountResource - [helmroll] Desired PodServiceAccountResource (serviceAccountName: hivemq-platform-pod-test-hivemq-platform)
2025-01-28 23:39:11,032 INFO c.h.h.t.HelmChartContainer - [hivemq-test-hivemq-platform] [hivemq-platform-operator] [a1b31a1e] 23:39:11.027 [pool-6-thread-8] DEBUG c.h.p.o.dependants.PodInfoConfigMap - [helmroll] Desired PodInfo ConfigMap (1 extensions) (1 enabled)
2025-01-28 23:39:11,032 INFO c.h.h.t.HelmChartContainer - [hivemq-test-hivemq-platform] [hivemq-platform-operator] [a1b31a1e] 23:39:11.027 [pool-6-thread-8] DEBUG c.h.p.o.dependants.PodInfoConfigMap - [helmroll] Desired PodInfo ConfigMap (metrics port: 9399) (metrics path: /)
2025-01-28 23:39:11,032 INFO c.h.h.t.HelmChartContainer - [hivemq-test-hivemq-platform] [hivemq-platform-operator] [a1b31a1e] 23:39:11.027 [pool-6-thread-8] DEBUG c.h.p.o.dependants.PodInfoConfigMap - [helmroll] Desired PodInfo ConfigMap (extension state hash: -1817474005)
2025-01-28 23:39:11,032 INFO c.h.h.t.HelmChartContainer - [hivemq-test-hivemq-platform] [hivemq-platform-operator] [a1b31a1e] 23:39:11.029 [pool-6-thread-8] DEBUG c.h.p.o.d.StatefulSetResource - [helmroll] Desired StatefulSet (2 replicas) for status ROLLING_RESTART (SURGE_IN_PROGRESS)
2025-01-28 23:39:11,035 INFO c.h.h.t.HelmChartContainer - [hivemq-test-hivemq-platform] [hivemq-platform-operator] [a1b31a1e] 23:39:11.034 [ReconcilerExecutor-hivemq-controller-128] INFO  c.h.p.o.HiveMQPlatformReconciler - [helmroll] Reconciling HiveMQ Platform 'test-hivemq-platform' in namespace 'helmrollingupgradeplatformit'
2025-01-28 23:39:11,037 INFO c.h.h.t.HelmChartContainer - [hivemq-test-hivemq-platform] [hivemq-platform-operator] [a1b31a1e] 23:39:11.035 [ReconcilerExecutor-hivemq-controller-128] DEBUG c.h.p.o.HiveMQPlatformReconciler - [helmroll] Custom Resource Status ROLLING_RESTART - HiveMQ Platform is starting a surge Pod (rolling restart) (SURGE_IN_PROGRESS)
2025-01-28 23:39:11,037 INFO c.h.h.t.HelmChartContainer - [hivemq-test-hivemq-platform] [hivemq-platform-operator] [a1b31a1e] 23:39:11.035 [ReconcilerExecutor-hivemq-controller-128] DEBUG c.h.p.o.HiveMQPlatformReconciler - [helmroll] Custom Resource Spec (replicas: 1) (extensions: 1)
2025-01-28 23:39:11,041 INFO c.h.h.t.HelmChartContainer - [hivemq-test-hivemq-platform] [hivemq-platform-operator] [a1b31a1e] 23:39:11.038 [ReconcilerExecutor-hivemq-controller-128] DEBUG c.h.p.o.HiveMQPlatformReconciler - [helmroll] StatefulSet Status (revision: test-hivemq-platform-945c6dcb4, replicas: 2, available: 1, ready: 1, current: 1, updated: 1)
2025-01-28 23:39:11,041 INFO c.h.h.t.HelmChartContainer - [hivemq-test-hivemq-platform] [hivemq-platform-operator] [a1b31a1e] 23:39:11.038 [ReconcilerExecutor-hivemq-controller-128] DEBUG c.h.p.o.HiveMQPlatformReconciler - [helmroll] StatefulSet Spec (replicas: 2, init containers: 1, containers: 1, volumes: 3)
2025-01-28 23:39:11,041 INFO c.h.h.t.HelmChartContainer - [hivemq-test-hivemq-platform] [hivemq-platform-operator] [a1b31a1e] 23:39:11.039 [ReconcilerExecutor-hivemq-controller-128] DEBUG c.h.p.o.h.HiveMQPlatformReconcilerErrorHandler - [helmroll] Pod 'test-hivemq-platform-1' phase Running
2025-01-28 23:39:11,041 INFO c.h.h.t.HelmChartContainer - [hivemq-test-hivemq-platform] [hivemq-platform-operator] [a1b31a1e] 23:39:11.040 [ReconcilerExecutor-hivemq-controller-128] DEBUG c.h.p.o.h.HiveMQPlatformReconcilerErrorHandler - [helmroll] Pod 'test-hivemq-platform-0' phase Running
2025-01-28 23:39:11,041 INFO c.h.h.t.HelmChartContainer - [hivemq-test-hivemq-platform] [hivemq-platform-operator] [a1b31a1e] 23:39:11.040 [ReconcilerExecutor-hivemq-controller-128] DEBUG c.h.p.o.h.HiveMQPlatformReconcilerRollingRestartHandler - [helmroll] Rolling restart is waiting for 1 of 2 replicas
2025-01-28 23:39:11,052 INFO c.h.h.t.HelmChartContainer - [EVENT] Warning [Unhealthy] Readiness probe failed: HTTP probe failed with statuscode: 503 [helmrollingupgradeplatformit:test-hivemq-platform-1]
2025-01-28 23:39:11,052 INFO c.h.h.t.HelmChartContainer - Received Unhealthy event for container hivemq in pod test-hivemq-platform-1 [ac221899-f96a-4af1-9d62-57db2fed9d80]
2025-01-28 23:39:11,132 INFO c.h.h.t.HelmChartContainer - [test-hivemq-platform] [hivemq] [ac221899] INFO  - Started TCP Listener on address 0.0.0.0 and on port 1883.
2025-01-28 23:39:11,132 INFO c.h.h.t.HelmChartContainer - [test-hivemq-platform] [hivemq] [ac221899] INFO  - Started HiveMQ in 29586ms
2025-01-28 23:39:11,248 INFO c.h.h.t.HelmChartContainer - [test-hivemq-platform] [hivemq] [3550411d] WARN  - One or more cluster nodes have a different HiveMQ version than: 4.35.0
2025-01-28 23:39:15,733 INFO c.h.h.t.HelmChartContainer - [test-hivemq-platform] [hivemq] [ac221899] INFO  - [HiveMQ Platform Operator Init App 1.7.0-SNAPSHOT] Returning Health API response 200 for liveness
2025-01-28 23:39:15,955 INFO c.h.h.t.HelmChartContainer - [test-hivemq-platform] [hivemq] [ac221899] INFO  - [HiveMQ Platform Operator Init App 1.7.0-SNAPSHOT] Returning Health API response 200 for readiness
2025-01-28 23:39:15,969 INFO c.h.h.t.HelmChartContainer - [POD] test-hivemq-platform-1 [ac221899-f96a-4af1-9d62-57db2fed9d80] in helmrollingupgradeplatformit was MODIFIED
2025-01-28 23:39:15,979 INFO c.h.h.t.HelmChartContainer - [hivemq-test-hivemq-platform] [hivemq-platform-operator] [a1b31a1e] 23:39:15.969 [pool-6-thread-16] DEBUG c.h.p.o.d.PlatformServiceResource - [helmroll] Desired Platform services (3 services)
2025-01-28 23:39:15,979 INFO c.h.h.t.HelmChartContainer - [hivemq-test-hivemq-platform] [hivemq-platform-operator] [a1b31a1e] 23:39:15.969 [pool-6-thread-13] DEBUG c.h.p.o.dependants.PodInfoConfigMap - [helmroll] Desired PodInfo ConfigMap (1 extensions) (1 enabled)
2025-01-28 23:39:15,979 INFO c.h.h.t.HelmChartContainer - [hivemq-test-hivemq-platform] [hivemq-platform-operator] [a1b31a1e] 23:39:15.970 [pool-6-thread-13] DEBUG c.h.p.o.dependants.PodInfoConfigMap - [helmroll] Desired PodInfo ConfigMap (metrics port: 9399) (metrics path: /)
2025-01-28 23:39:15,979 INFO c.h.h.t.HelmChartContainer - [hivemq-test-hivemq-platform] [hivemq-platform-operator] [a1b31a1e] 23:39:15.971 [pool-6-thread-13] DEBUG c.h.p.o.dependants.PodInfoConfigMap - [helmroll] Desired PodInfo ConfigMap (extension state hash: -1817474005)
2025-01-28 23:39:15,979 INFO c.h.h.t.HelmChartContainer - [hivemq-test-hivemq-platform] [hivemq-platform-operator] [a1b31a1e] 23:39:15.972 [pool-6-thread-17] DEBUG c.h.p.o.d.PodServiceAccountResource - [helmroll] Desired PodServiceAccountResource (serviceAccountName: hivemq-platform-pod-test-hivemq-platform)
2025-01-28 23:39:15,980 INFO c.h.h.t.HelmChartContainer - [hivemq-test-hivemq-platform] [hivemq-platform-operator] [a1b31a1e] 23:39:15.977 [pool-6-thread-20] DEBUG c.h.p.o.d.StatefulSetResource - [helmroll] Desired StatefulSet (2 replicas) for status ROLLING_RESTART (SURGE_IN_PROGRESS)
2025-01-28 23:39:15,988 INFO c.h.h.t.HelmChartContainer - [hivemq-test-hivemq-platform] [hivemq-platform-operator] [a1b31a1e] 23:39:15.985 [ReconcilerExecutor-hivemq-controller-129] INFO  c.h.p.o.HiveMQPlatformReconciler - [helmroll] Reconciling HiveMQ Platform 'test-hivemq-platform' in namespace 'helmrollingupgradeplatformit'
2025-01-28 23:39:15,988 INFO c.h.h.t.HelmChartContainer - [hivemq-test-hivemq-platform] [hivemq-platform-operator] [a1b31a1e] 23:39:15.985 [ReconcilerExecutor-hivemq-controller-129] DEBUG c.h.p.o.HiveMQPlatformReconciler - [helmroll] Custom Resource Status ROLLING_RESTART - HiveMQ Platform is starting a surge Pod (rolling restart) (SURGE_IN_PROGRESS)
2025-01-28 23:39:15,988 INFO c.h.h.t.HelmChartContainer - [hivemq-test-hivemq-platform] [hivemq-platform-operator] [a1b31a1e] 23:39:15.985 [ReconcilerExecutor-hivemq-controller-129] DEBUG c.h.p.o.HiveMQPlatformReconciler - [helmroll] Custom Resource Spec (replicas: 1) (extensions: 1)
2025-01-28 23:39:15,988 INFO c.h.h.t.HelmChartContainer - [hivemq-test-hivemq-platform] [hivemq-platform-operator] [a1b31a1e] 23:39:15.986 [ReconcilerExecutor-hivemq-controller-129] DEBUG c.h.p.o.HiveMQPlatformReconciler - [helmroll] StatefulSet Status (revision: test-hivemq-platform-945c6dcb4, replicas: 2, available: 2, ready: 2, current: 1, updated: 1)
2025-01-28 23:39:15,989 INFO c.h.h.t.HelmChartContainer - [hivemq-test-hivemq-platform] [hivemq-platform-operator] [a1b31a1e] 23:39:15.986 [ReconcilerExecutor-hivemq-controller-129] DEBUG c.h.p.o.HiveMQPlatformReconciler - [helmroll] StatefulSet Spec (replicas: 2, init containers: 1, containers: 1, volumes: 3)
2025-01-28 23:39:15,989 INFO c.h.h.t.HelmChartContainer - [hivemq-test-hivemq-platform] [hivemq-platform-operator] [a1b31a1e] 23:39:15.987 [ReconcilerExecutor-hivemq-controller-129] DEBUG c.h.p.o.h.HiveMQPlatformReconcilerErrorHandler - [helmroll] Pod 'test-hivemq-platform-1' phase Running
2025-01-28 23:39:15,990 INFO c.h.h.t.HelmChartContainer - [hivemq-test-hivemq-platform] [hivemq-platform-operator] [a1b31a1e] 23:39:15.989 [ReconcilerExecutor-hivemq-controller-129] DEBUG c.h.p.o.h.HiveMQPlatformReconcilerErrorHandler - [helmroll] Pod 'test-hivemq-platform-0' phase Running
2025-01-28 23:39:15,993 INFO c.h.h.t.HelmChartContainer - [hivemq-test-hivemq-platform] [hivemq-platform-operator] [a1b31a1e] 23:39:15.990 [ReconcilerExecutor-hivemq-controller-129] INFO  c.h.p.o.h.HiveMQPlatformReconcilerRollingRestartHandler - [helmroll] Surge Pod started successfully
2025-01-28 23:39:16,082 INFO c.h.h.t.HelmChartContainer - [hivemq-test-hivemq-platform] [hivemq-platform-operator] [a1b31a1e] 23:39:16.081 [ReconcilerExecutor-hivemq-controller-129] DEBUG c.h.p.operator.event.EventSender - [helmroll] Creating K8s event rolling-restart-surge-in-progress: [RollingRestart] HiveMQ Platform is restarting Pods (rolling restart)
2025-01-28 23:39:16,086 INFO c.h.h.t.HelmChartContainer - [EVENT] Normal [RollingRestart] HiveMQ Platform is restarting Pods (rolling restart) [helmrollingupgradeplatformit:test-hivemq-platform]
2025-01-28 23:39:16,087 INFO c.h.h.t.HelmChartContainer - [hivemq-test-hivemq-platform] [hivemq-platform-operator] [a1b31a1e] 23:39:16.086 [ReconcilerExecutor-hivemq-controller-129] INFO  c.h.p.o.h.AbstractHiveMQReconcilerStateHandler - [helmroll] Update HiveMQ Platform Status (ROLLING_RESTART [SURGE_IN_PROGRESS] -> ROLLING_RESTART [RESTART_PODS_IN_PROGRESS]): HiveMQ Platform is restarting Pods (rolling restart)
2025-01-28 23:39:16,096 DEBUG com.hivemq.helmcharts.util.K8sUtil - Comparing actual state 'ROLLING_RESTART' and waiting for 'RUNNING'
2025-01-28 23:39:16,100 INFO c.h.h.t.HelmChartContainer - [hivemq-test-hivemq-platform] [hivemq-platform-operator] [a1b31a1e] 23:39:16.098 [pool-6-thread-29] DEBUG c.h.p.o.d.PlatformServiceResource - [helmroll] Desired Platform services (3 services)
2025-01-28 23:39:16,100 INFO c.h.h.t.HelmChartContainer - [hivemq-test-hivemq-platform] [hivemq-platform-operator] [a1b31a1e] 23:39:16.099 [pool-6-thread-27] DEBUG c.h.p.o.dependants.PodInfoConfigMap - [helmroll] Desired PodInfo ConfigMap (1 extensions) (1 enabled)
2025-01-28 23:39:16,100 INFO c.h.h.t.HelmChartContainer - [hivemq-test-hivemq-platform] [hivemq-platform-operator] [a1b31a1e] 23:39:16.099 [pool-6-thread-27] DEBUG c.h.p.o.dependants.PodInfoConfigMap - [helmroll] Desired PodInfo ConfigMap (metrics port: 9399) (metrics path: /)
2025-01-28 23:39:16,100 INFO c.h.h.t.HelmChartContainer - [hivemq-test-hivemq-platform] [hivemq-platform-operator] [a1b31a1e] 23:39:16.099 [pool-6-thread-27] DEBUG c.h.p.o.dependants.PodInfoConfigMap - [helmroll] Desired PodInfo ConfigMap (extension state hash: -1817474005)
2025-01-28 23:39:16,168 INFO c.h.h.t.HelmChartContainer - [hivemq-test-hivemq-platform] [hivemq-platform-operator] [a1b31a1e] 23:39:16.166 [pool-6-thread-27] DEBUG c.h.p.o.d.PodServiceAccountResource - [helmroll] Desired PodServiceAccountResource (serviceAccountName: hivemq-platform-pod-test-hivemq-platform)
2025-01-28 23:39:16,171 INFO c.h.h.t.HelmChartContainer - [hivemq-test-hivemq-platform] [hivemq-platform-operator] [a1b31a1e] 23:39:16.170 [pool-6-thread-29] DEBUG c.h.p.o.d.StatefulSetResource - [helmroll] Desired StatefulSet (2 replicas) for status ROLLING_RESTART (RESTART_PODS_IN_PROGRESS)
2025-01-28 23:39:16,173 INFO c.h.h.t.HelmChartContainer - [hivemq-test-hivemq-platform] [hivemq-platform-operator] [a1b31a1e] 23:39:16.173 [ReconcilerExecutor-hivemq-controller-130] INFO  c.h.p.o.HiveMQPlatformReconciler - [helmroll] Reconciling HiveMQ Platform 'test-hivemq-platform' in namespace 'helmrollingupgradeplatformit'
2025-01-28 23:39:16,173 INFO c.h.h.t.HelmChartContainer - [hivemq-test-hivemq-platform] [hivemq-platform-operator] [a1b31a1e] 23:39:16.173 [ReconcilerExecutor-hivemq-controller-130] DEBUG c.h.p.o.HiveMQPlatformReconciler - [helmroll] Custom Resource Status ROLLING_RESTART - HiveMQ Platform is restarting Pods (rolling restart) (RESTART_PODS_IN_PROGRESS)
2025-01-28 23:39:16,173 INFO c.h.h.t.HelmChartContainer - [hivemq-test-hivemq-platform] [hivemq-platform-operator] [a1b31a1e] 23:39:16.173 [ReconcilerExecutor-hivemq-controller-130] DEBUG c.h.p.o.HiveMQPlatformReconciler - [helmroll] Custom Resource Spec (replicas: 1) (extensions: 1)
2025-01-28 23:39:16,177 INFO c.h.h.t.HelmChartContainer - [hivemq-test-hivemq-platform] [hivemq-platform-operator] [a1b31a1e] 23:39:16.176 [ReconcilerExecutor-hivemq-controller-130] DEBUG c.h.p.o.HiveMQPlatformReconciler - [helmroll] StatefulSet Status (revision: test-hivemq-platform-945c6dcb4, replicas: 2, available: 2, ready: 2, current: 1, updated: 1)
2025-01-28 23:39:16,178 INFO c.h.h.t.HelmChartContainer - [hivemq-test-hivemq-platform] [hivemq-platform-operator] [a1b31a1e] 23:39:16.176 [ReconcilerExecutor-hivemq-controller-130] DEBUG c.h.p.o.HiveMQPlatformReconciler - [helmroll] StatefulSet Spec (replicas: 2, init containers: 1, containers: 1, volumes: 3)
2025-01-28 23:39:16,180 INFO c.h.h.t.HelmChartContainer - [hivemq-test-hivemq-platform] [hivemq-platform-operator] [a1b31a1e] 23:39:16.178 [ReconcilerExecutor-hivemq-controller-130] DEBUG c.h.p.o.h.HiveMQPlatformReconcilerErrorHandler - [helmroll] Pod 'test-hivemq-platform-1' phase Running
2025-01-28 23:39:16,181 INFO c.h.h.t.HelmChartContainer - [hivemq-test-hivemq-platform] [hivemq-platform-operator] [a1b31a1e] 23:39:16.180 [ReconcilerExecutor-hivemq-controller-130] DEBUG c.h.p.o.h.HiveMQPlatformReconcilerErrorHandler - [helmroll] Pod 'test-hivemq-platform-0' phase Running
2025-01-28 23:39:16,200 INFO c.h.h.t.HelmChartContainer - [hivemq-test-hivemq-platform] [hivemq-platform-operator] [a1b31a1e] 23:39:16.199 [ReconcilerExecutor-hivemq-controller-130] DEBUG c.h.p.o.h.HiveMQPlatformReconcilerRollingRestartHandler - [helmroll] Skipping Pod test-hivemq-platform-1 as it's already on the controller update revision (update revision: test-hivemq-platform-945c6dcb4, pod revision: test-hivemq-platform-945c6dcb4)
2025-01-28 23:39:16,278 INFO c.h.h.t.HelmChartContainer - [hivemq-test-hivemq-platform] [hivemq-platform-operator] [a1b31a1e] 23:39:16.277 [ReconcilerExecutor-hivemq-controller-130] DEBUG c.h.p.o.h.HiveMQPlatformReconcilerRollingRestartHandler - [helmroll] The last Pod is running for 61 seconds, the next Pod can be restarted
2025-01-28 23:39:16,278 INFO c.h.h.t.HelmChartContainer - [hivemq-test-hivemq-platform] [hivemq-platform-operator] [a1b31a1e] 23:39:16.277 [ReconcilerExecutor-hivemq-controller-130] INFO  c.h.p.o.h.HiveMQPlatformReconcilerRollingRestartHandler - [helmroll] Restarting Pod test-hivemq-platform-0 as it's not matching the controller update revision (update revision: test-hivemq-platform-945c6dcb4, pod revision: test-hivemq-platform-54c4467984)
2025-01-28 23:39:16,286 INFO c.h.h.t.HelmChartContainer - [POD] test-hivemq-platform-0 [3550411d-d6b8-4b76-a884-7973b6f24c9f] in helmrollingupgradeplatformit was MODIFIED
2025-01-28 23:39:16,298 INFO c.h.h.t.HelmChartContainer - [EVENT] Normal [Killing] Stopping container hivemq [helmrollingupgradeplatformit:test-hivemq-platform-0]
2025-01-28 23:39:16,298 INFO c.h.h.t.HelmChartContainer - Received Killing event for container hivemq in pod test-hivemq-platform-0 [3550411d-d6b8-4b76-a884-7973b6f24c9f]
2025-01-28 23:39:16,298 INFO c.h.h.t.HelmChartContainer - Container [test-hivemq-platform-0] [hivemq] [3550411d-d6b8-4b76-a884-7973b6f24c9f] was terminated
2025-01-28 23:39:16,298 INFO c.h.h.t.HelmChartContainer - Stopped log watcher for hivemq in pod test-hivemq-platform-0 [3550411d-d6b8-4b76-a884-7973b6f24c9f]
2025-01-28 23:39:16,301 INFO c.h.h.t.HelmChartContainer - [test-hivemq-platform] [hivemq] [3550411d] INFO  - [HiveMQ Platform Operator Init App 1.7.0-SNAPSHOT] Shutting down
2025-01-28 23:39:16,301 INFO c.h.h.t.HelmChartContainer - [test-hivemq-platform] [hivemq] [3550411d] INFO  - [HiveMQ Platform Operator Init App 1.7.0-SNAPSHOT] Stopping the HiveMQ Platform
2025-01-28 23:39:16,357 INFO c.h.h.t.HelmChartContainer - [test-hivemq-platform] [hivemq] [3550411d] INFO  - Shutting down HiveMQ. Please wait, this could take a while...
2025-01-28 23:39:16,361 INFO c.h.h.t.HelmChartContainer - [test-hivemq-platform] [hivemq] [3550411d] INFO  - Shutting down listeners and clients
2025-01-28 23:39:16,373 INFO c.h.h.t.HelmChartContainer - [hivemq-test-hivemq-platform] [hivemq-platform-operator] [a1b31a1e] 23:39:16.371 [pool-6-thread-33] DEBUG c.h.p.o.d.PlatformServiceResource - [helmroll] Desired Platform services (3 services)
2025-01-28 23:39:16,374 INFO c.h.h.t.HelmChartContainer - [hivemq-test-hivemq-platform] [hivemq-platform-operator] [a1b31a1e] 23:39:16.372 [pool-6-thread-36] DEBUG c.h.p.o.d.PodServiceAccountResource - [helmroll] Desired PodServiceAccountResource (serviceAccountName: hivemq-platform-pod-test-hivemq-platform)
2025-01-28 23:39:16,374 INFO c.h.h.t.HelmChartContainer - [hivemq-test-hivemq-platform] [hivemq-platform-operator] [a1b31a1e] 23:39:16.373 [pool-6-thread-35] DEBUG c.h.p.o.dependants.PodInfoConfigMap - [helmroll] Desired PodInfo ConfigMap (1 extensions) (1 enabled)
2025-01-28 23:39:16,376 INFO c.h.h.t.HelmChartContainer - [hivemq-test-hivemq-platform] [hivemq-platform-operator] [a1b31a1e] 23:39:16.375 [pool-6-thread-35] DEBUG c.h.p.o.dependants.PodInfoConfigMap - [helmroll] Desired PodInfo ConfigMap (metrics port: 9399) (metrics path: /)
2025-01-28 23:39:16,376 INFO c.h.h.t.HelmChartContainer - [hivemq-test-hivemq-platform] [hivemq-platform-operator] [a1b31a1e] 23:39:16.375 [pool-6-thread-35] DEBUG c.h.p.o.dependants.PodInfoConfigMap - [helmroll] Desired PodInfo ConfigMap (extension state hash: -1817474005)
2025-01-28 23:39:16,377 INFO c.h.h.t.HelmChartContainer - [hivemq-test-hivemq-platform] [hivemq-platform-operator] [a1b31a1e] 23:39:16.376 [pool-6-thread-35] DEBUG c.h.p.o.d.StatefulSetResource - [helmroll] Desired StatefulSet (2 replicas) for status ROLLING_RESTART (RESTART_PODS_IN_PROGRESS)
2025-01-28 23:39:16,396 INFO c.h.h.t.HelmChartContainer - [hivemq-test-hivemq-platform] [hivemq-platform-operator] [a1b31a1e] 23:39:16.396 [ReconcilerExecutor-hivemq-controller-132] INFO  c.h.p.o.HiveMQPlatformReconciler - [helmroll] Reconciling HiveMQ Platform 'test-hivemq-platform' in namespace 'helmrollingupgradeplatformit'
2025-01-28 23:39:16,397 INFO c.h.h.t.HelmChartContainer - [hivemq-test-hivemq-platform] [hivemq-platform-operator] [a1b31a1e] 23:39:16.396 [ReconcilerExecutor-hivemq-controller-132] DEBUG c.h.p.o.HiveMQPlatformReconciler - [helmroll] Custom Resource Status ROLLING_RESTART - HiveMQ Platform is restarting Pods (rolling restart) (RESTART_PODS_IN_PROGRESS)
2025-01-28 23:39:16,397 INFO c.h.h.t.HelmChartContainer - [hivemq-test-hivemq-platform] [hivemq-platform-operator] [a1b31a1e] 23:39:16.396 [ReconcilerExecutor-hivemq-controller-132] DEBUG c.h.p.o.HiveMQPlatformReconciler - [helmroll] Custom Resource Spec (replicas: 1) (extensions: 1)
2025-01-28 23:39:16,399 INFO c.h.h.t.HelmChartContainer - [hivemq-test-hivemq-platform] [hivemq-platform-operator] [a1b31a1e] 23:39:16.396 [ReconcilerExecutor-hivemq-controller-132] DEBUG c.h.p.o.HiveMQPlatformReconciler - [helmroll] StatefulSet Status (revision: test-hivemq-platform-945c6dcb4, replicas: 2, available: 2, ready: 2, current: 0, updated: 1)
2025-01-28 23:39:16,399 INFO c.h.h.t.HelmChartContainer - [hivemq-test-hivemq-platform] [hivemq-platform-operator] [a1b31a1e] 23:39:16.396 [ReconcilerExecutor-hivemq-controller-132] DEBUG c.h.p.o.HiveMQPlatformReconciler - [helmroll] StatefulSet Spec (replicas: 2, init containers: 1, containers: 1, volumes: 3)
2025-01-28 23:39:16,399 INFO c.h.h.t.HelmChartContainer - [hivemq-test-hivemq-platform] [hivemq-platform-operator] [a1b31a1e] 23:39:16.397 [ReconcilerExecutor-hivemq-controller-132] DEBUG c.h.p.o.h.HiveMQPlatformReconcilerErrorHandler - [helmroll] Pod 'test-hivemq-platform-1' phase Running
2025-01-28 23:39:16,400 INFO c.h.h.t.HelmChartContainer - [hivemq-test-hivemq-platform] [hivemq-platform-operator] [a1b31a1e] 23:39:16.400 [ReconcilerExecutor-hivemq-controller-132] DEBUG c.h.p.o.h.HiveMQPlatformReconcilerErrorHandler - [helmroll] Pod 'test-hivemq-platform-0' phase Running
2025-01-28 23:39:16,408 INFO c.h.h.t.HelmChartContainer - [hivemq-test-hivemq-platform] [hivemq-platform-operator] [a1b31a1e] 23:39:16.408 [ReconcilerExecutor-hivemq-controller-132] DEBUG c.h.p.o.h.HiveMQPlatformReconcilerRollingRestartHandler - [helmroll] Skipping Pod test-hivemq-platform-1 as it's already on the controller update revision (update revision: test-hivemq-platform-945c6dcb4, pod revision: test-hivemq-platform-945c6dcb4)
2025-01-28 23:39:16,444 INFO c.h.h.t.HelmChartContainer - [test-hivemq-platform] [hivemq] [3550411d] INFO  - Shutdown of listeners is done
2025-01-28 23:39:16,444 INFO c.h.h.t.HelmChartContainer - [test-hivemq-platform] [hivemq] [3550411d] INFO  - No clients are connected, proceeding with shutdown
2025-01-28 23:39:16,475 INFO c.h.h.t.HelmChartContainer - [hivemq-test-hivemq-platform] [hivemq-platform-operator] [a1b31a1e] 23:39:16.473 [ReconcilerExecutor-hivemq-controller-132] DEBUG c.h.p.o.h.HiveMQPlatformReconcilerRollingRestartHandler - [helmroll] The last Pod is running for 61 seconds, the next Pod can be restarted
2025-01-28 23:39:16,475 INFO c.h.h.t.HelmChartContainer - [hivemq-test-hivemq-platform] [hivemq-platform-operator] [a1b31a1e] 23:39:16.473 [ReconcilerExecutor-hivemq-controller-132] INFO  c.h.p.o.h.HiveMQPlatformReconcilerRollingRestartHandler - [helmroll] Restarting Pod test-hivemq-platform-0 as it's not matching the controller update revision (update revision: test-hivemq-platform-945c6dcb4, pod revision: test-hivemq-platform-54c4467984)
2025-01-28 23:39:18,865 INFO c.h.h.t.HelmChartContainer - [test-hivemq-platform] [hivemq] [3550411d] INFO  - [HiveMQ Platform Operator Init App 1.7.0-SNAPSHOT] Returning shutdown Health API response 503 for readiness
2025-01-28 23:39:18,869 INFO c.h.h.t.HelmChartContainer - [EVENT] Warning [Unhealthy] Readiness probe failed: HTTP probe failed with statuscode: 503 [helmrollingupgradeplatformit:test-hivemq-platform-0]
2025-01-28 23:39:18,870 INFO c.h.h.t.HelmChartContainer - Received Unhealthy event for container hivemq in pod test-hivemq-platform-0 [3550411d-d6b8-4b76-a884-7973b6f24c9f]
2025-01-28 23:39:19,557 INFO c.h.h.t.HelmChartContainer - [test-hivemq-platform] [hivemq] [3550411d] INFO  - Shutting down extension system
2025-01-28 23:39:19,560 INFO c.h.h.t.HelmChartContainer - [test-hivemq-platform] [hivemq] [3550411d] INFO  - Stopping extension with id hivemq-dns-cluster-discovery
2025-01-28 23:39:19,560 INFO c.h.h.t.HelmChartContainer - [test-hivemq-platform] [hivemq] [3550411d] INFO  - Extension "DNS Cluster Discovery Extension" version 4.3.2 stopped successfully.
2025-01-28 23:39:19,561 INFO c.h.h.t.HelmChartContainer - [test-hivemq-platform] [hivemq] [3550411d] INFO  - Stopping extension with id hivemq-prometheus-extension
2025-01-28 23:39:19,564 INFO c.h.h.t.HelmChartContainer - [test-hivemq-platform] [hivemq] [3550411d] INFO  - Extension "Prometheus Monitoring Extension" version 4.0.12 stopped successfully.
2025-01-28 23:39:19,565 INFO c.h.h.t.HelmChartContainer - [test-hivemq-platform] [hivemq] [3550411d] INFO  - Stopping extension with id hivemq-allow-all-extension
2025-01-28 23:39:19,565 INFO c.h.h.t.HelmChartContainer - [test-hivemq-platform] [hivemq] [3550411d] INFO  - Extension "Allow All Extension" version 1.1.0 stopped successfully.
2025-01-28 23:39:19,574 INFO c.h.h.t.HelmChartContainer - [test-hivemq-platform] [hivemq] [ac221899] INFO  - Cluster nodes found by discovery: [WToda|2] (1) [WToda].
2025-01-28 23:39:19,583 INFO c.h.h.t.HelmChartContainer - [test-hivemq-platform] [hivemq] [ac221899] INFO  - Cluster size = 1, members : [WToda].
2025-01-28 23:39:20,936 INFO c.h.h.t.HelmChartContainer - [test-hivemq-platform] [hivemq] [ac221899] INFO  - Every cluster node has the same HiveMQ version: 4.36.0
2025-01-28 23:39:21,847 INFO c.h.h.t.HelmChartContainer - [test-hivemq-platform] [hivemq] [3550411d] INFO  - Shutdown completed.
2025-01-28 23:39:22,196 INFO c.h.h.t.HelmChartContainer - [test-hivemq-platform] [hivemq] [3550411d] INFO  - [HiveMQ Platform Operator Init App 1.7.0-SNAPSHOT] The HiveMQ Platform exited with code 143
2025-01-28 23:39:22,196 INFO c.h.h.t.HelmChartContainer - [test-hivemq-platform] [hivemq] [3550411d] INFO  - [HiveMQ Platform Operator Init App 1.7.0-SNAPSHOT] Stopping the REST API
2025-01-28 23:39:22,203 INFO c.h.h.t.HelmChartContainer - [test-hivemq-platform] [hivemq] [3550411d] INFO  - [HiveMQ Platform Operator Init App 1.7.0-SNAPSHOT] Shutdown complete
2025-01-28 23:39:22,673 INFO c.h.h.t.HelmChartContainer - [POD] test-hivemq-platform-0 [3550411d-d6b8-4b76-a884-7973b6f24c9f] in helmrollingupgradeplatformit was MODIFIED
2025-01-28 23:39:22,685 INFO c.h.h.t.HelmChartContainer - [hivemq-test-hivemq-platform] [hivemq-platform-operator] [a1b31a1e] 23:39:22.681 [pool-6-thread-47] DEBUG c.h.p.o.d.PlatformServiceResource - [helmroll] Desired Platform services (3 services)
2025-01-28 23:39:22,685 INFO c.h.h.t.HelmChartContainer - [hivemq-test-hivemq-platform] [hivemq-platform-operator] [a1b31a1e] 23:39:22.684 [pool-6-thread-41] DEBUG c.h.p.o.dependants.PodInfoConfigMap - [helmroll] Desired PodInfo ConfigMap (1 extensions) (1 enabled)
2025-01-28 23:39:22,685 INFO c.h.h.t.HelmChartContainer - [hivemq-test-hivemq-platform] [hivemq-platform-operator] [a1b31a1e] 23:39:22.684 [pool-6-thread-41] DEBUG c.h.p.o.dependants.PodInfoConfigMap - [helmroll] Desired PodInfo ConfigMap (metrics port: 9399) (metrics path: /)
2025-01-28 23:39:22,685 INFO c.h.h.t.HelmChartContainer - [hivemq-test-hivemq-platform] [hivemq-platform-operator] [a1b31a1e] 23:39:22.684 [pool-6-thread-41] DEBUG c.h.p.o.dependants.PodInfoConfigMap - [helmroll] Desired PodInfo ConfigMap (extension state hash: -1817474005)
2025-01-28 23:39:22,687 INFO c.h.h.t.HelmChartContainer - [hivemq-test-hivemq-platform] [hivemq-platform-operator] [a1b31a1e] 23:39:22.685 [pool-6-thread-41] DEBUG c.h.p.o.d.PodServiceAccountResource - [helmroll] Desired PodServiceAccountResource (serviceAccountName: hivemq-platform-pod-test-hivemq-platform)
2025-01-28 23:39:22,699 INFO c.h.h.t.HelmChartContainer - [hivemq-test-hivemq-platform] [hivemq-platform-operator] [a1b31a1e] 23:39:22.696 [pool-6-thread-41] DEBUG c.h.p.o.d.StatefulSetResource - [helmroll] Desired StatefulSet (2 replicas) for status ROLLING_RESTART (RESTART_PODS_IN_PROGRESS)
2025-01-28 23:39:22,701 INFO c.h.h.t.HelmChartContainer - [hivemq-test-hivemq-platform] [hivemq-platform-operator] [a1b31a1e] 23:39:22.700 [ReconcilerExecutor-hivemq-controller-133] INFO  c.h.p.o.HiveMQPlatformReconciler - [helmroll] Reconciling HiveMQ Platform 'test-hivemq-platform' in namespace 'helmrollingupgradeplatformit'
2025-01-28 23:39:22,701 INFO c.h.h.t.HelmChartContainer - [hivemq-test-hivemq-platform] [hivemq-platform-operator] [a1b31a1e] 23:39:22.700 [ReconcilerExecutor-hivemq-controller-133] DEBUG c.h.p.o.HiveMQPlatformReconciler - [helmroll] Custom Resource Status ROLLING_RESTART - HiveMQ Platform is restarting Pods (rolling restart) (RESTART_PODS_IN_PROGRESS)
2025-01-28 23:39:22,701 INFO c.h.h.t.HelmChartContainer - [hivemq-test-hivemq-platform] [hivemq-platform-operator] [a1b31a1e] 23:39:22.700 [ReconcilerExecutor-hivemq-controller-133] DEBUG c.h.p.o.HiveMQPlatformReconciler - [helmroll] Custom Resource Spec (replicas: 1) (extensions: 1)
2025-01-28 23:39:22,702 INFO c.h.h.t.HelmChartContainer - [hivemq-test-hivemq-platform] [hivemq-platform-operator] [a1b31a1e] 23:39:22.701 [ReconcilerExecutor-hivemq-controller-133] DEBUG c.h.p.o.HiveMQPlatformReconciler - [helmroll] StatefulSet Status (revision: test-hivemq-platform-945c6dcb4, replicas: 2, available: 1, ready: 1, current: 0, updated: 1)
2025-01-28 23:39:22,702 INFO c.h.h.t.HelmChartContainer - [hivemq-test-hivemq-platform] [hivemq-platform-operator] [a1b31a1e] 23:39:22.702 [ReconcilerExecutor-hivemq-controller-133] DEBUG c.h.p.o.HiveMQPlatformReconciler - [helmroll] StatefulSet Spec (replicas: 2, init containers: 1, containers: 1, volumes: 3)
2025-01-28 23:39:22,704 INFO c.h.h.t.HelmChartContainer - [hivemq-test-hivemq-platform] [hivemq-platform-operator] [a1b31a1e] 23:39:22.703 [ReconcilerExecutor-hivemq-controller-133] DEBUG c.h.p.o.h.HiveMQPlatformReconcilerErrorHandler - [helmroll] Pod 'test-hivemq-platform-1' phase Running
2025-01-28 23:39:22,706 INFO c.h.h.t.HelmChartContainer - [hivemq-test-hivemq-platform] [hivemq-platform-operator] [a1b31a1e] 23:39:22.705 [ReconcilerExecutor-hivemq-controller-133] DEBUG c.h.p.o.h.HiveMQPlatformReconcilerErrorHandler - [helmroll] Pod 'test-hivemq-platform-0' phase Failed
2025-01-28 23:39:22,706 INFO c.h.h.t.HelmChartContainer - [hivemq-test-hivemq-platform] [hivemq-platform-operator] [a1b31a1e] 23:39:22.705 [ReconcilerExecutor-hivemq-controller-133] DEBUG c.h.p.o.h.HiveMQPlatformReconcilerErrorHandler - [helmroll] Pod 'test-hivemq-platform-0' condition 'PodReadyToStartContainers': False
2025-01-28 23:39:22,706 INFO c.h.h.t.HelmChartContainer - [hivemq-test-hivemq-platform] [hivemq-platform-operator] [a1b31a1e] 23:39:22.705 [ReconcilerExecutor-hivemq-controller-133] DEBUG c.h.p.o.h.HiveMQPlatformReconcilerErrorHandler - [helmroll] Pod 'test-hivemq-platform-0' condition 'Initialized': True
2025-01-28 23:39:22,706 INFO c.h.h.t.HelmChartContainer - [hivemq-test-hivemq-platform] [hivemq-platform-operator] [a1b31a1e] 23:39:22.705 [ReconcilerExecutor-hivemq-controller-133] DEBUG c.h.p.o.h.HiveMQPlatformReconcilerErrorHandler - [helmroll] Pod 'test-hivemq-platform-0' condition 'Ready': False
2025-01-28 23:39:22,706 INFO c.h.h.t.HelmChartContainer - [hivemq-test-hivemq-platform] [hivemq-platform-operator] [a1b31a1e] 23:39:22.705 [ReconcilerExecutor-hivemq-controller-133] DEBUG c.h.p.o.h.HiveMQPlatformReconcilerErrorHandler - [helmroll] Pod 'test-hivemq-platform-0' condition 'ContainersReady': False
2025-01-28 23:39:22,706 INFO c.h.h.t.HelmChartContainer - [hivemq-test-hivemq-platform] [hivemq-platform-operator] [a1b31a1e] 23:39:22.705 [ReconcilerExecutor-hivemq-controller-133] DEBUG c.h.p.o.h.HiveMQPlatformReconcilerErrorHandler - [helmroll] Pod 'test-hivemq-platform-0' condition 'PodScheduled': True
2025-01-28 23:39:22,706 INFO c.h.h.t.HelmChartContainer - [hivemq-test-hivemq-platform] [hivemq-platform-operator] [a1b31a1e] 23:39:22.705 [ReconcilerExecutor-hivemq-controller-133] DEBUG c.h.p.o.h.HiveMQPlatformReconcilerErrorHandler - [helmroll] Pod 'test-hivemq-platform-0' containerStatus 'hivemq' (started: false) (ready: false) (waiting: [Unknown] no message)
2025-01-28 23:39:22,706 INFO c.h.h.t.HelmChartContainer - [hivemq-test-hivemq-platform] [hivemq-platform-operator] [a1b31a1e] 23:39:22.705 [ReconcilerExecutor-hivemq-controller-133] DEBUG c.h.p.o.h.HiveMQPlatformReconcilerRollingRestartHandler - [helmroll] Rolling restart is waiting for 1 of 2 replicas
2025-01-28 23:39:22,736 INFO c.h.h.t.HelmChartContainer - [K3S] [reconciler_common.go:162] "operationExecutor.UnmountVolume started for volume \"kube-api-access-828hj\" (UniqueName: \"kubernetes.io/projected/3550411d-d6b8-4b76-a884-7973b6f24c9f-kube-api-access-828hj\") pod \"3550411d-d6b8-4b76-a884-7973b6f24c9f\" (UID: \"3550411d-d6b8-4b76-a884-7973b6f24c9f\") "
2025-01-28 23:39:22,736 INFO c.h.h.t.HelmChartContainer - [K3S] [reconciler_common.go:162] "operationExecutor.UnmountVolume started for volume \"broker-configuration\" (UniqueName: \"kubernetes.io/configmap/3550411d-d6b8-4b76-a884-7973b6f24c9f-broker-configuration\") pod \"3550411d-d6b8-4b76-a884-7973b6f24c9f\" (UID: \"3550411d-d6b8-4b76-a884-7973b6f24c9f\") "
2025-01-28 23:39:22,736 INFO c.h.h.t.HelmChartContainer - [K3S] [reconciler_common.go:162] "operationExecutor.UnmountVolume started for volume \"operator-init\" (UniqueName: \"kubernetes.io/empty-dir/3550411d-d6b8-4b76-a884-7973b6f24c9f-operator-init\") pod \"3550411d-d6b8-4b76-a884-7973b6f24c9f\" (UID: \"3550411d-d6b8-4b76-a884-7973b6f24c9f\") "
2025-01-28 23:39:22,736 INFO c.h.h.t.HelmChartContainer - [K3S] [reconciler_common.go:162] "operationExecutor.UnmountVolume started for volume \"pod-info\" (UniqueName: \"kubernetes.io/configmap/3550411d-d6b8-4b76-a884-7973b6f24c9f-pod-info\") pod \"3550411d-d6b8-4b76-a884-7973b6f24c9f\" (UID: \"3550411d-d6b8-4b76-a884-7973b6f24c9f\") "
2025-01-28 23:39:22,771 INFO c.h.h.t.HelmChartContainer - [hivemq-test-hivemq-platform] [hivemq-platform-operator] [a1b31a1e] 23:39:22.767 [pool-6-thread-9] DEBUG c.h.p.o.d.PlatformServiceResource - [helmroll] Desired Platform services (3 services)
2025-01-28 23:39:22,771 INFO c.h.h.t.HelmChartContainer - [hivemq-test-hivemq-platform] [hivemq-platform-operator] [a1b31a1e] 23:39:22.769 [pool-6-thread-10] DEBUG c.h.p.o.dependants.PodInfoConfigMap - [helmroll] Desired PodInfo ConfigMap (1 extensions) (1 enabled)
2025-01-28 23:39:22,771 INFO c.h.h.t.HelmChartContainer - [hivemq-test-hivemq-platform] [hivemq-platform-operator] [a1b31a1e] 23:39:22.769 [pool-6-thread-10] DEBUG c.h.p.o.dependants.PodInfoConfigMap - [helmroll] Desired PodInfo ConfigMap (metrics port: 9399) (metrics path: /)
2025-01-28 23:39:22,771 INFO c.h.h.t.HelmChartContainer - [hivemq-test-hivemq-platform] [hivemq-platform-operator] [a1b31a1e] 23:39:22.769 [pool-6-thread-10] DEBUG c.h.p.o.dependants.PodInfoConfigMap - [helmroll] Desired PodInfo ConfigMap (extension state hash: -1817474005)
2025-01-28 23:39:22,771 INFO c.h.h.t.HelmChartContainer - [hivemq-test-hivemq-platform] [hivemq-platform-operator] [a1b31a1e] 23:39:22.770 [pool-6-thread-6] DEBUG c.h.p.o.d.PodServiceAccountResource - [helmroll] Desired PodServiceAccountResource (serviceAccountName: hivemq-platform-pod-test-hivemq-platform)
2025-01-28 23:39:22,773 INFO c.h.h.t.HelmChartContainer - [hivemq-test-hivemq-platform] [hivemq-platform-operator] [a1b31a1e] 23:39:22.773 [pool-6-thread-6] DEBUG c.h.p.o.d.StatefulSetResource - [helmroll] Desired StatefulSet (2 replicas) for status ROLLING_RESTART (RESTART_PODS_IN_PROGRESS)
2025-01-28 23:39:22,776 INFO c.h.h.t.HelmChartContainer - [hivemq-test-hivemq-platform] [hivemq-platform-operator] [a1b31a1e] 23:39:22.775 [ReconcilerExecutor-hivemq-controller-134] INFO  c.h.p.o.HiveMQPlatformReconciler - [helmroll] Reconciling HiveMQ Platform 'test-hivemq-platform' in namespace 'helmrollingupgradeplatformit'
2025-01-28 23:39:22,776 INFO c.h.h.t.HelmChartContainer - [hivemq-test-hivemq-platform] [hivemq-platform-operator] [a1b31a1e] 23:39:22.775 [ReconcilerExecutor-hivemq-controller-134] DEBUG c.h.p.o.HiveMQPlatformReconciler - [helmroll] Custom Resource Status ROLLING_RESTART - HiveMQ Platform is restarting Pods (rolling restart) (RESTART_PODS_IN_PROGRESS)
2025-01-28 23:39:22,776 INFO c.h.h.t.HelmChartContainer - [hivemq-test-hivemq-platform] [hivemq-platform-operator] [a1b31a1e] 23:39:22.775 [ReconcilerExecutor-hivemq-controller-134] DEBUG c.h.p.o.HiveMQPlatformReconciler - [helmroll] Custom Resource Spec (replicas: 1) (extensions: 1)
2025-01-28 23:39:22,777 INFO c.h.h.t.HelmChartContainer - [hivemq-test-hivemq-platform] [hivemq-platform-operator] [a1b31a1e] 23:39:22.776 [ReconcilerExecutor-hivemq-controller-134] DEBUG c.h.p.o.HiveMQPlatformReconciler - [helmroll] StatefulSet Status (revision: test-hivemq-platform-945c6dcb4, replicas: 2, available: 1, ready: 1, current: 0, updated: 1)
2025-01-28 23:39:22,777 INFO c.h.h.t.HelmChartContainer - [hivemq-test-hivemq-platform] [hivemq-platform-operator] [a1b31a1e] 23:39:22.776 [ReconcilerExecutor-hivemq-controller-134] DEBUG c.h.p.o.HiveMQPlatformReconciler - [helmroll] StatefulSet Spec (replicas: 2, init containers: 1, containers: 1, volumes: 3)
2025-01-28 23:39:22,797 INFO c.h.h.t.HelmChartContainer - [hivemq-test-hivemq-platform] [hivemq-platform-operator] [a1b31a1e] 23:39:22.796 [ReconcilerExecutor-hivemq-controller-134] DEBUG c.h.p.o.h.HiveMQPlatformReconcilerErrorHandler - [helmroll] Pod 'test-hivemq-platform-1' phase Running
2025-01-28 23:39:22,798 INFO c.h.h.t.HelmChartContainer - [hivemq-test-hivemq-platform] [hivemq-platform-operator] [a1b31a1e] 23:39:22.797 [ReconcilerExecutor-hivemq-controller-134] DEBUG c.h.p.o.h.HiveMQPlatformReconcilerErrorHandler - [helmroll] Pod 'test-hivemq-platform-0' phase Failed
2025-01-28 23:39:22,799 INFO c.h.h.t.HelmChartContainer - [hivemq-test-hivemq-platform] [hivemq-platform-operator] [a1b31a1e] 23:39:22.797 [ReconcilerExecutor-hivemq-controller-134] DEBUG c.h.p.o.h.HiveMQPlatformReconcilerErrorHandler - [helmroll] Pod 'test-hivemq-platform-0' condition 'PodReadyToStartContainers': False
2025-01-28 23:39:22,799 INFO c.h.h.t.HelmChartContainer - [hivemq-test-hivemq-platform] [hivemq-platform-operator] [a1b31a1e] 23:39:22.797 [ReconcilerExecutor-hivemq-controller-134] DEBUG c.h.p.o.h.HiveMQPlatformReconcilerErrorHandler - [helmroll] Pod 'test-hivemq-platform-0' condition 'Initialized': True
2025-01-28 23:39:22,799 INFO c.h.h.t.HelmChartContainer - [hivemq-test-hivemq-platform] [hivemq-platform-operator] [a1b31a1e] 23:39:22.797 [ReconcilerExecutor-hivemq-controller-134] DEBUG c.h.p.o.h.HiveMQPlatformReconcilerErrorHandler - [helmroll] Pod 'test-hivemq-platform-0' condition 'Ready': False
2025-01-28 23:39:22,799 INFO c.h.h.t.HelmChartContainer - [hivemq-test-hivemq-platform] [hivemq-platform-operator] [a1b31a1e] 23:39:22.797 [ReconcilerExecutor-hivemq-controller-134] DEBUG c.h.p.o.h.HiveMQPlatformReconcilerErrorHandler - [helmroll] Pod 'test-hivemq-platform-0' condition 'ContainersReady': False
2025-01-28 23:39:22,799 INFO c.h.h.t.HelmChartContainer - [hivemq-test-hivemq-platform] [hivemq-platform-operator] [a1b31a1e] 23:39:22.797 [ReconcilerExecutor-hivemq-controller-134] DEBUG c.h.p.o.h.HiveMQPlatformReconcilerErrorHandler - [helmroll] Pod 'test-hivemq-platform-0' condition 'PodScheduled': True
2025-01-28 23:39:22,799 INFO c.h.h.t.HelmChartContainer - [hivemq-test-hivemq-platform] [hivemq-platform-operator] [a1b31a1e] 23:39:22.797 [ReconcilerExecutor-hivemq-controller-134] DEBUG c.h.p.o.h.HiveMQPlatformReconcilerErrorHandler - [helmroll] Pod 'test-hivemq-platform-0' containerStatus 'hivemq' (started: false) (ready: false) (waiting: [Unknown] no message)
2025-01-28 23:39:22,799 INFO c.h.h.t.HelmChartContainer - [hivemq-test-hivemq-platform] [hivemq-platform-operator] [a1b31a1e] 23:39:22.797 [ReconcilerExecutor-hivemq-controller-134] DEBUG c.h.p.o.h.HiveMQPlatformReconcilerRollingRestartHandler - [helmroll] Rolling restart is waiting for 1 of 2 replicas
2025-01-28 23:39:22,836 INFO c.h.h.t.HelmChartContainer - [K3S] [reconciler_common.go:299] "Volume detached for volume \"broker-configuration\" (UniqueName: \"kubernetes.io/configmap/3550411d-d6b8-4b76-a884-7973b6f24c9f-broker-configuration\") on node \"420d7b4f4b8a\" DevicePath \"\""
2025-01-28 23:39:22,836 INFO c.h.h.t.HelmChartContainer - [K3S] [reconciler_common.go:299] "Volume detached for volume \"operator-init\" (UniqueName: \"kubernetes.io/empty-dir/3550411d-d6b8-4b76-a884-7973b6f24c9f-operator-init\") on node \"420d7b4f4b8a\" DevicePath \"\""
2025-01-28 23:39:22,836 INFO c.h.h.t.HelmChartContainer - [K3S] [reconciler_common.go:299] "Volume detached for volume \"pod-info\" (UniqueName: \"kubernetes.io/configmap/3550411d-d6b8-4b76-a884-7973b6f24c9f-pod-info\") on node \"420d7b4f4b8a\" DevicePath \"\""
2025-01-28 23:39:22,836 INFO c.h.h.t.HelmChartContainer - [K3S] [reconciler_common.go:299] "Volume detached for volume \"kube-api-access-828hj\" (UniqueName: \"kubernetes.io/projected/3550411d-d6b8-4b76-a884-7973b6f24c9f-kube-api-access-828hj\") on node \"420d7b4f4b8a\" DevicePath \"\""
2025-01-28 23:39:23,037 INFO c.h.h.t.HelmChartContainer - [K3S] [scope.go:117] "RemoveContainer" containerID="b4e527bc0d54ac372c4a159abf461eb6a8e1a8545171d9122fd30398fc34590e"
2025-01-28 23:39:23,057 INFO c.h.h.t.HelmChartContainer - [POD] test-hivemq-platform-0 [3550411d-d6b8-4b76-a884-7973b6f24c9f] in helmrollingupgradeplatformit was MODIFIED
2025-01-28 23:39:23,058 INFO c.h.h.t.HelmChartContainer - [POD] test-hivemq-platform-0 [3550411d-d6b8-4b76-a884-7973b6f24c9f] in helmrollingupgradeplatformit was DELETED
2025-01-28 23:39:23,065 INFO c.h.h.t.HelmChartContainer - [hivemq-test-hivemq-platform] [hivemq-platform-operator] [a1b31a1e] 23:39:23.059 [pool-6-thread-13] DEBUG c.h.p.o.d.PlatformServiceResource - [helmroll] Desired Platform services (3 services)
2025-01-28 23:39:23,066 INFO c.h.h.t.HelmChartContainer - [hivemq-test-hivemq-platform] [hivemq-platform-operator] [a1b31a1e] 23:39:23.060 [pool-6-thread-16] DEBUG c.h.p.o.dependants.PodInfoConfigMap - [helmroll] Desired PodInfo ConfigMap (1 extensions) (1 enabled)
2025-01-28 23:39:23,066 INFO c.h.h.t.HelmChartContainer - [hivemq-test-hivemq-platform] [hivemq-platform-operator] [a1b31a1e] 23:39:23.060 [pool-6-thread-16] DEBUG c.h.p.o.dependants.PodInfoConfigMap - [helmroll] Desired PodInfo ConfigMap (metrics port: 9399) (metrics path: /)
2025-01-28 23:39:23,066 INFO c.h.h.t.HelmChartContainer - [hivemq-test-hivemq-platform] [hivemq-platform-operator] [a1b31a1e] 23:39:23.060 [pool-6-thread-16] DEBUG c.h.p.o.dependants.PodInfoConfigMap - [helmroll] Desired PodInfo ConfigMap (extension state hash: -1817474005)
2025-01-28 23:39:23,066 INFO c.h.h.t.HelmChartContainer - [hivemq-test-hivemq-platform] [hivemq-platform-operator] [a1b31a1e] 23:39:23.061 [pool-6-thread-16] DEBUG c.h.p.o.d.PodServiceAccountResource - [helmroll] Desired PodServiceAccountResource (serviceAccountName: hivemq-platform-pod-test-hivemq-platform)
2025-01-28 23:39:23,067 INFO c.h.h.t.HelmChartContainer - [hivemq-test-hivemq-platform] [hivemq-platform-operator] [a1b31a1e] 23:39:23.064 [pool-6-thread-13] DEBUG c.h.p.o.d.StatefulSetResource - [helmroll] Desired StatefulSet (2 replicas) for status ROLLING_RESTART (RESTART_PODS_IN_PROGRESS)
2025-01-28 23:39:23,070 INFO c.h.h.t.HelmChartContainer - [hivemq-test-hivemq-platform] [hivemq-platform-operator] [a1b31a1e] 23:39:23.067 [ReconcilerExecutor-hivemq-controller-135] INFO  c.h.p.o.HiveMQPlatformReconciler - [helmroll] Reconciling HiveMQ Platform 'test-hivemq-platform' in namespace 'helmrollingupgradeplatformit'
2025-01-28 23:39:23,072 INFO c.h.h.t.HelmChartContainer - [hivemq-test-hivemq-platform] [hivemq-platform-operator] [a1b31a1e] 23:39:23.067 [ReconcilerExecutor-hivemq-controller-135] DEBUG c.h.p.o.HiveMQPlatformReconciler - [helmroll] Custom Resource Status ROLLING_RESTART - HiveMQ Platform is restarting Pods (rolling restart) (RESTART_PODS_IN_PROGRESS)
2025-01-28 23:39:23,074 INFO c.h.h.t.HelmChartContainer - [hivemq-test-hivemq-platform] [hivemq-platform-operator] [a1b31a1e] 23:39:23.067 [ReconcilerExecutor-hivemq-controller-135] DEBUG c.h.p.o.HiveMQPlatformReconciler - [helmroll] Custom Resource Spec (replicas: 1) (extensions: 1)
2025-01-28 23:39:23,074 INFO c.h.h.t.HelmChartContainer - [hivemq-test-hivemq-platform] [hivemq-platform-operator] [a1b31a1e] 23:39:23.068 [ReconcilerExecutor-hivemq-controller-135] DEBUG c.h.p.o.HiveMQPlatformReconciler - [helmroll] StatefulSet Status (revision: test-hivemq-platform-945c6dcb4, replicas: 2, available: 1, ready: 1, current: 0, updated: 1)
2025-01-28 23:39:23,074 INFO c.h.h.t.HelmChartContainer - [hivemq-test-hivemq-platform] [hivemq-platform-operator] [a1b31a1e] 23:39:23.068 [ReconcilerExecutor-hivemq-controller-135] DEBUG c.h.p.o.HiveMQPlatformReconciler - [helmroll] StatefulSet Spec (replicas: 2, init containers: 1, containers: 1, volumes: 3)
2025-01-28 23:39:23,074 INFO c.h.h.t.HelmChartContainer - [hivemq-test-hivemq-platform] [hivemq-platform-operator] [a1b31a1e] 23:39:23.069 [ReconcilerExecutor-hivemq-controller-135] DEBUG c.h.p.o.h.HiveMQPlatformReconcilerErrorHandler - [helmroll] Pod 'test-hivemq-platform-1' phase Running
2025-01-28 23:39:23,074 INFO c.h.h.t.HelmChartContainer - [hivemq-test-hivemq-platform] [hivemq-platform-operator] [a1b31a1e] 23:39:23.069 [ReconcilerExecutor-hivemq-controller-135] DEBUG c.h.p.o.h.HiveMQPlatformReconcilerRollingRestartHandler - [helmroll] Rolling restart is waiting for 1 of 2 replicas
2025-01-28 23:39:23,077 INFO c.h.h.t.HelmChartContainer - [POD] test-hivemq-platform-0 [544511f5-cfb2-47d0-8939-367ee40b98e2] in helmrollingupgradeplatformit was ADDED
2025-01-28 23:39:23,086 INFO c.h.h.t.HelmChartContainer - [hivemq-test-hivemq-platform] [hivemq-platform-operator] [a1b31a1e] 23:39:23.080 [pool-6-thread-27] DEBUG c.h.p.o.d.PlatformServiceResource - [helmroll] Desired Platform services (3 services)
2025-01-28 23:39:23,089 INFO c.h.h.t.HelmChartContainer - [hivemq-test-hivemq-platform] [hivemq-platform-operator] [a1b31a1e] 23:39:23.084 [pool-6-thread-27] DEBUG c.h.p.o.dependants.PodInfoConfigMap - [helmroll] Desired PodInfo ConfigMap (1 extensions) (1 enabled)
2025-01-28 23:39:23,092 INFO c.h.h.t.HelmChartContainer - [hivemq-test-hivemq-platform] [hivemq-platform-operator] [a1b31a1e] 23:39:23.086 [pool-6-thread-27] DEBUG c.h.p.o.dependants.PodInfoConfigMap - [helmroll] Desired PodInfo ConfigMap (metrics port: 9399) (metrics path: /)
2025-01-28 23:39:23,101 INFO c.h.h.t.HelmChartContainer - [K3S] [memory_manager.go:355] "RemoveStaleState removing state" podUID="3550411d-d6b8-4b76-a884-7973b6f24c9f" containerName="hivemq"
2025-01-28 23:39:23,101 INFO c.h.h.t.HelmChartContainer - [hivemq-test-hivemq-platform] [hivemq-platform-operator] [a1b31a1e] 23:39:23.086 [pool-6-thread-27] DEBUG c.h.p.o.dependants.PodInfoConfigMap - [helmroll] Desired PodInfo ConfigMap (extension state hash: -1817474005)
2025-01-28 23:39:23,101 INFO c.h.h.t.HelmChartContainer - [EVENT] Normal [SuccessfulCreate] create Pod test-hivemq-platform-0 in StatefulSet test-hivemq-platform successful [helmrollingupgradeplatformit:test-hivemq-platform]
2025-01-28 23:39:23,101 INFO c.h.h.t.HelmChartContainer - [hivemq-test-hivemq-platform] [hivemq-platform-operator] [a1b31a1e] 23:39:23.095 [pool-6-thread-28] DEBUG c.h.p.o.d.PodServiceAccountResource - [helmroll] Desired PodServiceAccountResource (serviceAccountName: hivemq-platform-pod-test-hivemq-platform)
2025-01-28 23:39:23,105 INFO c.h.h.t.HelmChartContainer - [POD] test-hivemq-platform-0 [544511f5-cfb2-47d0-8939-367ee40b98e2] in helmrollingupgradeplatformit was MODIFIED
2025-01-28 23:39:23,105 INFO c.h.h.t.HelmChartContainer - [EVENT] Normal [Scheduled] Successfully assigned helmrollingupgradeplatformit/test-hivemq-platform-0 to 420d7b4f4b8a [helmrollingupgradeplatformit:test-hivemq-platform-0]
2025-01-28 23:39:23,111 INFO c.h.h.t.HelmChartContainer - [hivemq-test-hivemq-platform] [hivemq-platform-operator] [a1b31a1e] 23:39:23.109 [pool-6-thread-21] DEBUG c.h.p.o.d.StatefulSetResource - [helmroll] Desired StatefulSet (2 replicas) for status ROLLING_RESTART (RESTART_PODS_IN_PROGRESS)
2025-01-28 23:39:23,125 INFO c.h.h.t.HelmChartContainer - [POD] test-hivemq-platform-0 [544511f5-cfb2-47d0-8939-367ee40b98e2] in helmrollingupgradeplatformit was MODIFIED
2025-01-28 23:39:23,138 INFO c.h.h.t.HelmChartContainer - [K3S] [reconciler_common.go:251] "operationExecutor.VerifyControllerAttachedVolume started for volume \"pod-info\" (UniqueName: \"kubernetes.io/configmap/544511f5-cfb2-47d0-8939-367ee40b98e2-pod-info\") pod \"test-hivemq-platform-0\" (UID: \"544511f5-cfb2-47d0-8939-367ee40b98e2\") " pod="helmrollingupgradeplatformit/test-hivemq-platform-0"
2025-01-28 23:39:23,139 INFO c.h.h.t.HelmChartContainer - [K3S] [reconciler_common.go:251] "operationExecutor.VerifyControllerAttachedVolume started for volume \"kube-api-access-76xpj\" (UniqueName: \"kubernetes.io/projected/544511f5-cfb2-47d0-8939-367ee40b98e2-kube-api-access-76xpj\") pod \"test-hivemq-platform-0\" (UID: \"544511f5-cfb2-47d0-8939-367ee40b98e2\") " pod="helmrollingupgradeplatformit/test-hivemq-platform-0"
2025-01-28 23:39:23,139 INFO c.h.h.t.HelmChartContainer - [K3S] [reconciler_common.go:251] "operationExecutor.VerifyControllerAttachedVolume started for volume \"broker-configuration\" (UniqueName: \"kubernetes.io/configmap/544511f5-cfb2-47d0-8939-367ee40b98e2-broker-configuration\") pod \"test-hivemq-platform-0\" (UID: \"544511f5-cfb2-47d0-8939-367ee40b98e2\") " pod="helmrollingupgradeplatformit/test-hivemq-platform-0"
2025-01-28 23:39:23,139 INFO c.h.h.t.HelmChartContainer - [K3S] [reconciler_common.go:251] "operationExecutor.VerifyControllerAttachedVolume started for volume \"operator-init\" (UniqueName: \"kubernetes.io/empty-dir/544511f5-cfb2-47d0-8939-367ee40b98e2-operator-init\") pod \"test-hivemq-platform-0\" (UID: \"544511f5-cfb2-47d0-8939-367ee40b98e2\") " pod="helmrollingupgradeplatformit/test-hivemq-platform-0"
2025-01-28 23:39:23,175 INFO c.h.h.t.HelmChartContainer - [hivemq-test-hivemq-platform] [hivemq-platform-operator] [a1b31a1e] 23:39:23.170 [ReconcilerExecutor-hivemq-controller-136] INFO  c.h.p.o.HiveMQPlatformReconciler - [helmroll] Reconciling HiveMQ Platform 'test-hivemq-platform' in namespace 'helmrollingupgradeplatformit'
2025-01-28 23:39:23,175 INFO c.h.h.t.HelmChartContainer - [hivemq-test-hivemq-platform] [hivemq-platform-operator] [a1b31a1e] 23:39:23.170 [ReconcilerExecutor-hivemq-controller-136] DEBUG c.h.p.o.HiveMQPlatformReconciler - [helmroll] Custom Resource Status ROLLING_RESTART - HiveMQ Platform is restarting Pods (rolling restart) (RESTART_PODS_IN_PROGRESS)
2025-01-28 23:39:23,175 INFO c.h.h.t.HelmChartContainer - [hivemq-test-hivemq-platform] [hivemq-platform-operator] [a1b31a1e] 23:39:23.170 [ReconcilerExecutor-hivemq-controller-136] DEBUG c.h.p.o.HiveMQPlatformReconciler - [helmroll] Custom Resource Spec (replicas: 1) (extensions: 1)
2025-01-28 23:39:23,175 INFO c.h.h.t.HelmChartContainer - [hivemq-test-hivemq-platform] [hivemq-platform-operator] [a1b31a1e] 23:39:23.172 [ReconcilerExecutor-hivemq-controller-136] DEBUG c.h.p.o.HiveMQPlatformReconciler - [helmroll] StatefulSet Status (revision: test-hivemq-platform-945c6dcb4, replicas: 2, available: 1, ready: 1, current: 0, updated: 2)
2025-01-28 23:39:23,177 INFO c.h.h.t.HelmChartContainer - [hivemq-test-hivemq-platform] [hivemq-platform-operator] [a1b31a1e] 23:39:23.175 [ReconcilerExecutor-hivemq-controller-136] DEBUG c.h.p.o.HiveMQPlatformReconciler - [helmroll] StatefulSet Spec (replicas: 2, init containers: 1, containers: 1, volumes: 3)
2025-01-28 23:39:23,181 INFO c.h.h.t.HelmChartContainer - [K3S] [scope.go:117] "RemoveContainer" containerID="520a108f6b57aca0760df0d479afcaf0f16c02641b57e005a6f0abf7419b9a00"
2025-01-28 23:39:23,181 INFO c.h.h.t.HelmChartContainer - [hivemq-test-hivemq-platform] [hivemq-platform-operator] [a1b31a1e] 23:39:23.176 [ReconcilerExecutor-hivemq-controller-136] DEBUG c.h.p.o.h.HiveMQPlatformReconcilerErrorHandler - [helmroll] Pod 'test-hivemq-platform-1' phase Running
2025-01-28 23:39:23,181 INFO c.h.h.t.HelmChartContainer - [hivemq-test-hivemq-platform] [hivemq-platform-operator] [a1b31a1e] 23:39:23.176 [ReconcilerExecutor-hivemq-controller-136] DEBUG c.h.p.o.h.HiveMQPlatformReconcilerErrorHandler - [helmroll] Pod 'test-hivemq-platform-0' phase Pending
2025-01-28 23:39:23,181 INFO c.h.h.t.HelmChartContainer - [hivemq-test-hivemq-platform] [hivemq-platform-operator] [a1b31a1e] 23:39:23.177 [ReconcilerExecutor-hivemq-controller-136] DEBUG c.h.p.o.h.HiveMQPlatformReconcilerErrorHandler - [helmroll] Pod 'test-hivemq-platform-0' condition 'PodReadyToStartContainers': False
2025-01-28 23:39:23,181 INFO c.h.h.t.HelmChartContainer - [hivemq-test-hivemq-platform] [hivemq-platform-operator] [a1b31a1e] 23:39:23.177 [ReconcilerExecutor-hivemq-controller-136] DEBUG c.h.p.o.h.HiveMQPlatformReconcilerErrorHandler - [helmroll] Pod 'test-hivemq-platform-0' condition 'Initialized': False
2025-01-28 23:39:23,182 INFO c.h.h.t.HelmChartContainer - [hivemq-test-hivemq-platform] [hivemq-platform-operator] [a1b31a1e] 23:39:23.177 [ReconcilerExecutor-hivemq-controller-136] DEBUG c.h.p.o.h.HiveMQPlatformReconcilerErrorHandler - [helmroll] Pod 'test-hivemq-platform-0' condition 'Ready': False
2025-01-28 23:39:23,182 INFO c.h.h.t.HelmChartContainer - [hivemq-test-hivemq-platform] [hivemq-platform-operator] [a1b31a1e] 23:39:23.177 [ReconcilerExecutor-hivemq-controller-136] DEBUG c.h.p.o.h.HiveMQPlatformReconcilerErrorHandler - [helmroll] Pod 'test-hivemq-platform-0' condition 'ContainersReady': False
2025-01-28 23:39:23,182 INFO c.h.h.t.HelmChartContainer - [hivemq-test-hivemq-platform] [hivemq-platform-operator] [a1b31a1e] 23:39:23.177 [ReconcilerExecutor-hivemq-controller-136] DEBUG c.h.p.o.h.HiveMQPlatformReconcilerErrorHandler - [helmroll] Pod 'test-hivemq-platform-0' condition 'PodScheduled': True
2025-01-28 23:39:23,182 INFO c.h.h.t.HelmChartContainer - [hivemq-test-hivemq-platform] [hivemq-platform-operator] [a1b31a1e] 23:39:23.177 [ReconcilerExecutor-hivemq-controller-136] DEBUG c.h.p.o.h.HiveMQPlatformReconcilerErrorHandler - [helmroll] Pod 'test-hivemq-platform-0' containerStatus 'hivemq' (started: false) (ready: false) (waiting: [PodInitializing] null)
2025-01-28 23:39:23,182 INFO c.h.h.t.HelmChartContainer - [hivemq-test-hivemq-platform] [hivemq-platform-operator] [a1b31a1e] 23:39:23.177 [ReconcilerExecutor-hivemq-controller-136] DEBUG c.h.p.o.h.HiveMQPlatformReconcilerRollingRestartHandler - [helmroll] Rolling restart is waiting for 1 of 2 replicas
2025-01-28 23:39:23,185 INFO c.h.h.t.HelmChartContainer - [K3S] [scope.go:117] "RemoveContainer" containerID="b4e527bc0d54ac372c4a159abf461eb6a8e1a8545171d9122fd30398fc34590e"
2025-01-28 23:39:23,186 INFO c.h.h.t.HelmChartContainer - [K3S] [scope.go:117] "RemoveContainer" containerID="520a108f6b57aca0760df0d479afcaf0f16c02641b57e005a6f0abf7419b9a00"
2025-01-28 23:39:23,197 INFO c.h.h.t.HelmChartContainer - [hivemq-test-hivemq-platform] [hivemq-platform-operator] [a1b31a1e] 23:39:23.195 [pool-6-thread-40] DEBUG c.h.p.o.d.PlatformServiceResource - [helmroll] Desired Platform services (3 services)
2025-01-28 23:39:23,197 INFO c.h.h.t.HelmChartContainer - [hivemq-test-hivemq-platform] [hivemq-platform-operator] [a1b31a1e] 23:39:23.195 [pool-6-thread-39] DEBUG c.h.p.o.d.PodServiceAccountResource - [helmroll] Desired PodServiceAccountResource (serviceAccountName: hivemq-platform-pod-test-hivemq-platform)
2025-01-28 23:39:23,198 INFO c.h.h.t.HelmChartContainer - [hivemq-test-hivemq-platform] [hivemq-platform-operator] [a1b31a1e] 23:39:23.197 [pool-6-thread-34] DEBUG c.h.p.o.dependants.PodInfoConfigMap - [helmroll] Desired PodInfo ConfigMap (1 extensions) (1 enabled)
2025-01-28 23:39:23,199 INFO c.h.h.t.HelmChartContainer - [hivemq-test-hivemq-platform] [hivemq-platform-operator] [a1b31a1e] 23:39:23.198 [pool-6-thread-34] DEBUG c.h.p.o.dependants.PodInfoConfigMap - [helmroll] Desired PodInfo ConfigMap (metrics port: 9399) (metrics path: /)
2025-01-28 23:39:23,199 INFO c.h.h.t.HelmChartContainer - [hivemq-test-hivemq-platform] [hivemq-platform-operator] [a1b31a1e] 23:39:23.198 [pool-6-thread-34] DEBUG c.h.p.o.dependants.PodInfoConfigMap - [helmroll] Desired PodInfo ConfigMap (extension state hash: -1817474005)
2025-01-28 23:39:23,201 INFO c.h.h.t.HelmChartContainer - [hivemq-test-hivemq-platform] [hivemq-platform-operator] [a1b31a1e] 23:39:23.200 [pool-6-thread-40] DEBUG c.h.p.o.d.StatefulSetResource - [helmroll] Desired StatefulSet (2 replicas) for status ROLLING_RESTART (RESTART_PODS_IN_PROGRESS)
2025-01-28 23:39:23,266 INFO c.h.h.t.HelmChartContainer - [hivemq-test-hivemq-platform] [hivemq-platform-operator] [a1b31a1e] 23:39:23.265 [ReconcilerExecutor-hivemq-controller-137] INFO  c.h.p.o.HiveMQPlatformReconciler - [helmroll] Reconciling HiveMQ Platform 'test-hivemq-platform' in namespace 'helmrollingupgradeplatformit'
2025-01-28 23:39:23,266 INFO c.h.h.t.HelmChartContainer - [hivemq-test-hivemq-platform] [hivemq-platform-operator] [a1b31a1e] 23:39:23.265 [ReconcilerExecutor-hivemq-controller-137] DEBUG c.h.p.o.HiveMQPlatformReconciler - [helmroll] Custom Resource Status ROLLING_RESTART - HiveMQ Platform is restarting Pods (rolling restart) (RESTART_PODS_IN_PROGRESS)
2025-01-28 23:39:23,266 INFO c.h.h.t.HelmChartContainer - [hivemq-test-hivemq-platform] [hivemq-platform-operator] [a1b31a1e] 23:39:23.265 [ReconcilerExecutor-hivemq-controller-137] DEBUG c.h.p.o.HiveMQPlatformReconciler - [helmroll] Custom Resource Spec (replicas: 1) (extensions: 1)
2025-01-28 23:39:23,267 INFO c.h.h.t.HelmChartContainer - [hivemq-test-hivemq-platform] [hivemq-platform-operator] [a1b31a1e] 23:39:23.266 [ReconcilerExecutor-hivemq-controller-137] DEBUG c.h.p.o.HiveMQPlatformReconciler - [helmroll] StatefulSet Status (revision: test-hivemq-platform-945c6dcb4, replicas: 2, available: 1, ready: 1, current: 0, updated: 2)
2025-01-28 23:39:23,268 INFO c.h.h.t.HelmChartContainer - [hivemq-test-hivemq-platform] [hivemq-platform-operator] [a1b31a1e] 23:39:23.266 [ReconcilerExecutor-hivemq-controller-137] DEBUG c.h.p.o.HiveMQPlatformReconciler - [helmroll] StatefulSet Spec (replicas: 2, init containers: 1, containers: 1, volumes: 3)
2025-01-28 23:39:23,269 INFO c.h.h.t.HelmChartContainer - [hivemq-test-hivemq-platform] [hivemq-platform-operator] [a1b31a1e] 23:39:23.267 [ReconcilerExecutor-hivemq-controller-137] DEBUG c.h.p.o.h.HiveMQPlatformReconcilerErrorHandler - [helmroll] Pod 'test-hivemq-platform-1' phase Running
2025-01-28 23:39:23,269 INFO c.h.h.t.HelmChartContainer - [hivemq-test-hivemq-platform] [hivemq-platform-operator] [a1b31a1e] 23:39:23.268 [ReconcilerExecutor-hivemq-controller-137] DEBUG c.h.p.o.h.HiveMQPlatformReconcilerErrorHandler - [helmroll] Pod 'test-hivemq-platform-0' phase Pending
2025-01-28 23:39:23,271 INFO c.h.h.t.HelmChartContainer - [hivemq-test-hivemq-platform] [hivemq-platform-operator] [a1b31a1e] 23:39:23.270 [ReconcilerExecutor-hivemq-controller-137] DEBUG c.h.p.o.h.HiveMQPlatformReconcilerErrorHandler - [helmroll] Pod 'test-hivemq-platform-0' condition 'PodReadyToStartContainers': False
2025-01-28 23:39:23,272 INFO c.h.h.t.HelmChartContainer - [hivemq-test-hivemq-platform] [hivemq-platform-operator] [a1b31a1e] 23:39:23.270 [ReconcilerExecutor-hivemq-controller-137] DEBUG c.h.p.o.h.HiveMQPlatformReconcilerErrorHandler - [helmroll] Pod 'test-hivemq-platform-0' condition 'Initialized': False
2025-01-28 23:39:23,272 INFO c.h.h.t.HelmChartContainer - [hivemq-test-hivemq-platform] [hivemq-platform-operator] [a1b31a1e] 23:39:23.270 [ReconcilerExecutor-hivemq-controller-137] DEBUG c.h.p.o.h.HiveMQPlatformReconcilerErrorHandler - [helmroll] Pod 'test-hivemq-platform-0' condition 'Ready': False
2025-01-28 23:39:23,272 INFO c.h.h.t.HelmChartContainer - [hivemq-test-hivemq-platform] [hivemq-platform-operator] [a1b31a1e] 23:39:23.270 [ReconcilerExecutor-hivemq-controller-137] DEBUG c.h.p.o.h.HiveMQPlatformReconcilerErrorHandler - [helmroll] Pod 'test-hivemq-platform-0' condition 'ContainersReady': False
2025-01-28 23:39:23,272 INFO c.h.h.t.HelmChartContainer - [hivemq-test-hivemq-platform] [hivemq-platform-operator] [a1b31a1e] 23:39:23.270 [ReconcilerExecutor-hivemq-controller-137] DEBUG c.h.p.o.h.HiveMQPlatformReconcilerErrorHandler - [helmroll] Pod 'test-hivemq-platform-0' condition 'PodScheduled': True
2025-01-28 23:39:23,272 INFO c.h.h.t.HelmChartContainer - [hivemq-test-hivemq-platform] [hivemq-platform-operator] [a1b31a1e] 23:39:23.270 [ReconcilerExecutor-hivemq-controller-137] DEBUG c.h.p.o.h.HiveMQPlatformReconcilerErrorHandler - [helmroll] Pod 'test-hivemq-platform-0' containerStatus 'hivemq' (started: false) (ready: false) (waiting: [PodInitializing] null)
2025-01-28 23:39:23,272 INFO c.h.h.t.HelmChartContainer - [hivemq-test-hivemq-platform] [hivemq-platform-operator] [a1b31a1e] 23:39:23.271 [ReconcilerExecutor-hivemq-controller-137] DEBUG c.h.p.o.h.HiveMQPlatformReconcilerRollingRestartHandler - [helmroll] Rolling restart is waiting for 1 of 2 replicas
2025-01-28 23:39:23,439 INFO c.h.h.t.HelmChartContainer - [K3S] [kubelet_volumes.go:163] "Cleaned up orphaned pod volumes dir" podUID="3550411d-d6b8-4b76-a884-7973b6f24c9f" path="/var/lib/kubelet/pods/3550411d-d6b8-4b76-a884-7973b6f24c9f/volumes"
2025-01-28 23:39:23,501 INFO c.h.h.t.HelmChartContainer - [EVENT] Normal [Pulled] Container image "docker.io/hivemq/hivemq-platform-operator-init-test:snapshot" already present on machine [helmrollingupgradeplatformit:test-hivemq-platform-0]
2025-01-28 23:39:23,508 INFO c.h.h.t.HelmChartContainer - [EVENT] Normal [Created] Created container: hivemq-platform-operator-init [helmrollingupgradeplatformit:test-hivemq-platform-0]
2025-01-28 23:39:23,546 INFO c.h.h.t.HelmChartContainer - [EVENT] Normal [Started] Started container hivemq-platform-operator-init [helmrollingupgradeplatformit:test-hivemq-platform-0]
2025-01-28 23:39:24,044 INFO c.h.h.t.HelmChartContainer - [EVENT] Normal [Pulled] Container image "docker.io/hivemq/hivemq4:4.36.0" already present on machine [helmrollingupgradeplatformit:test-hivemq-platform-0]
2025-01-28 23:39:24,044 INFO c.h.h.t.HelmChartContainer - Received Pulled event for container hivemq in pod test-hivemq-platform-0 [544511f5-cfb2-47d0-8939-367ee40b98e2]
2025-01-28 23:39:24,053 INFO c.h.h.t.HelmChartContainer - [POD] test-hivemq-platform-0 [544511f5-cfb2-47d0-8939-367ee40b98e2] in helmrollingupgradeplatformit was MODIFIED
2025-01-28 23:39:24,063 INFO c.h.h.t.HelmChartContainer - [EVENT] Normal [Created] Created container: hivemq [helmrollingupgradeplatformit:test-hivemq-platform-0]
2025-01-28 23:39:24,063 INFO c.h.h.t.HelmChartContainer - Received Created event for container hivemq in pod test-hivemq-platform-0 [544511f5-cfb2-47d0-8939-367ee40b98e2]
2025-01-28 23:39:24,067 INFO c.h.h.t.HelmChartContainer - [hivemq-test-hivemq-platform] [hivemq-platform-operator] [a1b31a1e] 23:39:24.062 [pool-6-thread-46] DEBUG c.h.p.o.d.PlatformServiceResource - [helmroll] Desired Platform services (3 services)
2025-01-28 23:39:24,076 INFO c.h.h.t.HelmChartContainer - [hivemq-test-hivemq-platform] [hivemq-platform-operator] [a1b31a1e] 23:39:24.064 [pool-6-thread-48] DEBUG c.h.p.o.dependants.PodInfoConfigMap - [helmroll] Desired PodInfo ConfigMap (1 extensions) (1 enabled)
2025-01-28 23:39:24,076 INFO c.h.h.t.HelmChartContainer - [hivemq-test-hivemq-platform] [hivemq-platform-operator] [a1b31a1e] 23:39:24.064 [pool-6-thread-48] DEBUG c.h.p.o.dependants.PodInfoConfigMap - [helmroll] Desired PodInfo ConfigMap (metrics port: 9399) (metrics path: /)
2025-01-28 23:39:24,076 INFO c.h.h.t.HelmChartContainer - [hivemq-test-hivemq-platform] [hivemq-platform-operator] [a1b31a1e] 23:39:24.064 [pool-6-thread-48] DEBUG c.h.p.o.dependants.PodInfoConfigMap - [helmroll] Desired PodInfo ConfigMap (extension state hash: -1817474005)
2025-01-28 23:39:24,084 INFO c.h.h.t.HelmChartContainer - [hivemq-test-hivemq-platform] [hivemq-platform-operator] [a1b31a1e] 23:39:24.066 [pool-6-thread-48] DEBUG c.h.p.o.d.PodServiceAccountResource - [helmroll] Desired PodServiceAccountResource (serviceAccountName: hivemq-platform-pod-test-hivemq-platform)
2025-01-28 23:39:24,084 INFO c.h.h.t.HelmChartContainer - [hivemq-test-hivemq-platform] [hivemq-platform-operator] [a1b31a1e] 23:39:24.070 [pool-6-thread-46] DEBUG c.h.p.o.d.StatefulSetResource - [helmroll] Desired StatefulSet (2 replicas) for status ROLLING_RESTART (RESTART_PODS_IN_PROGRESS)
2025-01-28 23:39:24,084 INFO c.h.h.t.HelmChartContainer - [hivemq-test-hivemq-platform] [hivemq-platform-operator] [a1b31a1e] 23:39:24.079 [ReconcilerExecutor-hivemq-controller-138] INFO  c.h.p.o.HiveMQPlatformReconciler - [helmroll] Reconciling HiveMQ Platform 'test-hivemq-platform' in namespace 'helmrollingupgradeplatformit'
2025-01-28 23:39:24,086 INFO c.h.h.t.HelmChartContainer - [hivemq-test-hivemq-platform] [hivemq-platform-operator] [a1b31a1e] 23:39:24.079 [ReconcilerExecutor-hivemq-controller-138] DEBUG c.h.p.o.HiveMQPlatformReconciler - [helmroll] Custom Resource Status ROLLING_RESTART - HiveMQ Platform is restarting Pods (rolling restart) (RESTART_PODS_IN_PROGRESS)
2025-01-28 23:39:24,086 INFO c.h.h.t.HelmChartContainer - [hivemq-test-hivemq-platform] [hivemq-platform-operator] [a1b31a1e] 23:39:24.079 [ReconcilerExecutor-hivemq-controller-138] DEBUG c.h.p.o.HiveMQPlatformReconciler - [helmroll] Custom Resource Spec (replicas: 1) (extensions: 1)
2025-01-28 23:39:24,086 INFO c.h.h.t.HelmChartContainer - [hivemq-test-hivemq-platform] [hivemq-platform-operator] [a1b31a1e] 23:39:24.080 [ReconcilerExecutor-hivemq-controller-138] DEBUG c.h.p.o.HiveMQPlatformReconciler - [helmroll] StatefulSet Status (revision: test-hivemq-platform-945c6dcb4, replicas: 2, available: 1, ready: 1, current: 0, updated: 2)
2025-01-28 23:39:24,086 INFO c.h.h.t.HelmChartContainer - [hivemq-test-hivemq-platform] [hivemq-platform-operator] [a1b31a1e] 23:39:24.080 [ReconcilerExecutor-hivemq-controller-138] DEBUG c.h.p.o.HiveMQPlatformReconciler - [helmroll] StatefulSet Spec (replicas: 2, init containers: 1, containers: 1, volumes: 3)
2025-01-28 23:39:24,086 INFO c.h.h.t.HelmChartContainer - [hivemq-test-hivemq-platform] [hivemq-platform-operator] [a1b31a1e] 23:39:24.081 [ReconcilerExecutor-hivemq-controller-138] DEBUG c.h.p.o.h.HiveMQPlatformReconcilerErrorHandler - [helmroll] Pod 'test-hivemq-platform-1' phase Running
2025-01-28 23:39:24,092 INFO c.h.h.t.HelmChartContainer - [hivemq-test-hivemq-platform] [hivemq-platform-operator] [a1b31a1e] 23:39:24.083 [ReconcilerExecutor-hivemq-controller-138] DEBUG c.h.p.o.h.HiveMQPlatformReconcilerErrorHandler - [helmroll] Pod 'test-hivemq-platform-0' phase Pending
2025-01-28 23:39:24,092 INFO c.h.h.t.HelmChartContainer - [hivemq-test-hivemq-platform] [hivemq-platform-operator] [a1b31a1e] 23:39:24.083 [ReconcilerExecutor-hivemq-controller-138] DEBUG c.h.p.o.h.HiveMQPlatformReconcilerErrorHandler - [helmroll] Pod 'test-hivemq-platform-0' condition 'PodReadyToStartContainers': True
2025-01-28 23:39:24,092 INFO c.h.h.t.HelmChartContainer - [hivemq-test-hivemq-platform] [hivemq-platform-operator] [a1b31a1e] 23:39:24.084 [ReconcilerExecutor-hivemq-controller-138] DEBUG c.h.p.o.h.HiveMQPlatformReconcilerErrorHandler - [helmroll] Pod 'test-hivemq-platform-0' condition 'Initialized': True
2025-01-28 23:39:24,093 INFO c.h.h.t.HelmChartContainer - [hivemq-test-hivemq-platform] [hivemq-platform-operator] [a1b31a1e] 23:39:24.084 [ReconcilerExecutor-hivemq-controller-138] DEBUG c.h.p.o.h.HiveMQPlatformReconcilerErrorHandler - [helmroll] Pod 'test-hivemq-platform-0' condition 'Ready': False
2025-01-28 23:39:24,093 INFO c.h.h.t.HelmChartContainer - [hivemq-test-hivemq-platform] [hivemq-platform-operator] [a1b31a1e] 23:39:24.084 [ReconcilerExecutor-hivemq-controller-138] DEBUG c.h.p.o.h.HiveMQPlatformReconcilerErrorHandler - [helmroll] Pod 'test-hivemq-platform-0' condition 'ContainersReady': False
2025-01-28 23:39:24,093 INFO c.h.h.t.HelmChartContainer - [hivemq-test-hivemq-platform] [hivemq-platform-operator] [a1b31a1e] 23:39:24.084 [ReconcilerExecutor-hivemq-controller-138] DEBUG c.h.p.o.h.HiveMQPlatformReconcilerErrorHandler - [helmroll] Pod 'test-hivemq-platform-0' condition 'PodScheduled': True
2025-01-28 23:39:24,093 INFO c.h.h.t.HelmChartContainer - [hivemq-test-hivemq-platform] [hivemq-platform-operator] [a1b31a1e] 23:39:24.084 [ReconcilerExecutor-hivemq-controller-138] DEBUG c.h.p.o.h.HiveMQPlatformReconcilerErrorHandler - [helmroll] Pod 'test-hivemq-platform-0' containerStatus 'hivemq' (started: false) (ready: false) (waiting: [PodInitializing] null)
2025-01-28 23:39:24,093 INFO c.h.h.t.HelmChartContainer - [hivemq-test-hivemq-platform] [hivemq-platform-operator] [a1b31a1e] 23:39:24.084 [ReconcilerExecutor-hivemq-controller-138] DEBUG c.h.p.o.h.HiveMQPlatformReconcilerRollingRestartHandler - [helmroll] Rolling restart is waiting for 1 of 2 replicas
2025-01-28 23:39:25,053 INFO c.h.h.t.HelmChartContainer - [POD] test-hivemq-platform-0 [544511f5-cfb2-47d0-8939-367ee40b98e2] in helmrollingupgradeplatformit was MODIFIED
2025-01-28 23:39:25,065 INFO c.h.h.t.HelmChartContainer - [EVENT] Normal [Started] Started container hivemq [helmrollingupgradeplatformit:test-hivemq-platform-0]
2025-01-28 23:39:25,066 INFO c.h.h.t.HelmChartContainer - Received Started event for container hivemq in pod test-hivemq-platform-0 [544511f5-cfb2-47d0-8939-367ee40b98e2]
2025-01-28 23:39:25,065 INFO c.h.h.t.HelmChartContainer - Started log watcher for hivemq in pod test-hivemq-platform-0 [544511f5-cfb2-47d0-8939-367ee40b98e2]
2025-01-28 23:39:25,066 INFO c.h.h.t.HelmChartContainer - [test-hivemq-platform] [hivemq] [544511f5] Adding pre-installed HiveMQ Platform Operator extensions
2025-01-28 23:39:25,066 INFO c.h.h.t.HelmChartContainer - [test-hivemq-platform] [hivemq] [544511f5] Running as user 10000
2025-01-28 23:39:25,066 INFO c.h.h.t.HelmChartContainer - [test-hivemq-platform] [hivemq] [544511f5] Starting HiveMQ Platform Operator Init
2025-01-28 23:39:25,067 INFO c.h.h.t.HelmChartContainer - [hivemq-test-hivemq-platform] [hivemq-platform-operator] [a1b31a1e] 23:39:25.062 [pool-6-thread-10] DEBUG c.h.p.o.dependants.PodInfoConfigMap - [helmroll] Desired PodInfo ConfigMap (1 extensions) (1 enabled)
2025-01-28 23:39:25,067 INFO c.h.h.t.HelmChartContainer - [hivemq-test-hivemq-platform] [hivemq-platform-operator] [a1b31a1e] 23:39:25.063 [pool-6-thread-10] DEBUG c.h.p.o.dependants.PodInfoConfigMap - [helmroll] Desired PodInfo ConfigMap (metrics port: 9399) (metrics path: /)
2025-01-28 23:39:25,067 INFO c.h.h.t.HelmChartContainer - [hivemq-test-hivemq-platform] [hivemq-platform-operator] [a1b31a1e] 23:39:25.063 [pool-6-thread-10] DEBUG c.h.p.o.dependants.PodInfoConfigMap - [helmroll] Desired PodInfo ConfigMap (extension state hash: -1817474005)
2025-01-28 23:39:25,067 INFO c.h.h.t.HelmChartContainer - [hivemq-test-hivemq-platform] [hivemq-platform-operator] [a1b31a1e] 23:39:25.063 [pool-6-thread-1] DEBUG c.h.p.o.d.PodServiceAccountResource - [helmroll] Desired PodServiceAccountResource (serviceAccountName: hivemq-platform-pod-test-hivemq-platform)
2025-01-28 23:39:25,067 INFO c.h.h.t.HelmChartContainer - [hivemq-test-hivemq-platform] [hivemq-platform-operator] [a1b31a1e] 23:39:25.064 [pool-6-thread-9] DEBUG c.h.p.o.d.PlatformServiceResource - [helmroll] Desired Platform services (3 services)
2025-01-28 23:39:25,071 INFO c.h.h.t.HelmChartContainer - [hivemq-test-hivemq-platform] [hivemq-platform-operator] [a1b31a1e] 23:39:25.069 [pool-6-thread-9] DEBUG c.h.p.o.d.StatefulSetResource - [helmroll] Desired StatefulSet (2 replicas) for status ROLLING_RESTART (RESTART_PODS_IN_PROGRESS)
2025-01-28 23:39:25,074 INFO c.h.h.t.HelmChartContainer - [hivemq-test-hivemq-platform] [hivemq-platform-operator] [a1b31a1e] 23:39:25.072 [ReconcilerExecutor-hivemq-controller-139] INFO  c.h.p.o.HiveMQPlatformReconciler - [helmroll] Reconciling HiveMQ Platform 'test-hivemq-platform' in namespace 'helmrollingupgradeplatformit'
2025-01-28 23:39:25,074 INFO c.h.h.t.HelmChartContainer - [hivemq-test-hivemq-platform] [hivemq-platform-operator] [a1b31a1e] 23:39:25.073 [ReconcilerExecutor-hivemq-controller-139] DEBUG c.h.p.o.HiveMQPlatformReconciler - [helmroll] Custom Resource Status ROLLING_RESTART - HiveMQ Platform is restarting Pods (rolling restart) (RESTART_PODS_IN_PROGRESS)
2025-01-28 23:39:25,077 INFO c.h.h.t.HelmChartContainer - [hivemq-test-hivemq-platform] [hivemq-platform-operator] [a1b31a1e] 23:39:25.073 [ReconcilerExecutor-hivemq-controller-139] DEBUG c.h.p.o.HiveMQPlatformReconciler - [helmroll] Custom Resource Spec (replicas: 1) (extensions: 1)
2025-01-28 23:39:25,077 INFO c.h.h.t.HelmChartContainer - [hivemq-test-hivemq-platform] [hivemq-platform-operator] [a1b31a1e] 23:39:25.074 [ReconcilerExecutor-hivemq-controller-139] DEBUG c.h.p.o.HiveMQPlatformReconciler - [helmroll] StatefulSet Status (revision: test-hivemq-platform-945c6dcb4, replicas: 2, available: 1, ready: 1, current: 0, updated: 2)
2025-01-28 23:39:25,077 INFO c.h.h.t.HelmChartContainer - [hivemq-test-hivemq-platform] [hivemq-platform-operator] [a1b31a1e] 23:39:25.074 [ReconcilerExecutor-hivemq-controller-139] DEBUG c.h.p.o.HiveMQPlatformReconciler - [helmroll] StatefulSet Spec (replicas: 2, init containers: 1, containers: 1, volumes: 3)
2025-01-28 23:39:25,078 INFO c.h.h.t.HelmChartContainer - [hivemq-test-hivemq-platform] [hivemq-platform-operator] [a1b31a1e] 23:39:25.076 [ReconcilerExecutor-hivemq-controller-139] DEBUG c.h.p.o.h.HiveMQPlatformReconcilerErrorHandler - [helmroll] Pod 'test-hivemq-platform-1' phase Running
2025-01-28 23:39:25,079 INFO c.h.h.t.HelmChartContainer - [hivemq-test-hivemq-platform] [hivemq-platform-operator] [a1b31a1e] 23:39:25.077 [ReconcilerExecutor-hivemq-controller-139] DEBUG c.h.p.o.h.HiveMQPlatformReconcilerErrorHandler - [helmroll] Pod 'test-hivemq-platform-0' phase Running
2025-01-28 23:39:25,083 INFO c.h.h.t.HelmChartContainer - [hivemq-test-hivemq-platform] [hivemq-platform-operator] [a1b31a1e] 23:39:25.080 [ReconcilerExecutor-hivemq-controller-139] DEBUG c.h.p.o.h.HiveMQPlatformReconcilerRollingRestartHandler - [helmroll] Rolling restart is waiting for 1 of 2 replicas
2025-01-28 23:39:25,382 INFO c.h.h.t.HelmChartContainer - [test-hivemq-platform] [hivemq] [544511f5] INFO  - [HiveMQ Platform Operator Init 1.7.0-SNAPSHOT] HiveMQ Platform Operator Init 1.7.0-SNAPSHOT (commit: bebf408 on branch: HEAD) built on Sun Jan 26 20:47:47 UTC 2025
2025-01-28 23:39:26,485 INFO c.h.h.t.HelmChartContainer - [test-hivemq-platform] [hivemq] [544511f5] INFO  - [HiveMQ Platform Operator Init App 1.7.0-SNAPSHOT] Using bind address 10.42.0.12 from environment variable
2025-01-28 23:39:27,361 INFO c.h.h.t.HelmChartContainer - [test-hivemq-platform] [hivemq] [544511f5] INFO  - [HiveMQ Platform Operator Init App 1.7.0-SNAPSHOT] HiveMQ Platform Operator Init App 1.7.0-SNAPSHOT (commit: bebf408 on branch: HEAD) built on Sun Jan 26 20:47:47 UTC 2025
2025-01-28 23:39:27,361 INFO c.h.h.t.HelmChartContainer - [test-hivemq-platform] [hivemq] [544511f5] INFO  - [HiveMQ Platform Operator Init App 1.7.0-SNAPSHOT] PodInfo ConfigMap directory: /etc/podinfo
2025-01-28 23:39:27,361 INFO c.h.h.t.HelmChartContainer - [test-hivemq-platform] [hivemq] [544511f5] INFO  - [HiveMQ Platform Operator Init App 1.7.0-SNAPSHOT] HiveMQ home directory: /opt/hivemq
2025-01-28 23:39:27,361 INFO c.h.h.t.HelmChartContainer - [test-hivemq-platform] [hivemq] [544511f5] INFO  - [HiveMQ Platform Operator Init App 1.7.0-SNAPSHOT] HiveMQ Logback folder: /opt/hivemq/conf
2025-01-28 23:39:27,361 INFO c.h.h.t.HelmChartContainer - [test-hivemq-platform] [hivemq] [544511f5] INFO  - [HiveMQ Platform Operator Init App 1.7.0-SNAPSHOT] HiveMQ Config folder: /opt/hivemq/conf-k8s
2025-01-28 23:39:27,361 INFO c.h.h.t.HelmChartContainer - [test-hivemq-platform] [hivemq] [544511f5] INFO  - [HiveMQ Platform Operator Init App 1.7.0-SNAPSHOT] Starting HiveMQ Platform Operator Init App
2025-01-28 23:39:27,361 INFO c.h.h.t.HelmChartContainer - [test-hivemq-platform] [hivemq] [544511f5] INFO  - [HiveMQ Platform Operator Init App 1.7.0-SNAPSHOT] Starting Pod reconciler
2025-01-28 23:39:28,563 INFO c.h.h.t.HelmChartContainer - [test-hivemq-platform] [hivemq] [544511f5] INFO  - [HiveMQ Platform Operator Init App 1.7.0-SNAPSHOT] Pod reconciler is scheduled (interval: 5000 ms)
2025-01-28 23:39:28,564 INFO c.h.h.t.HelmChartContainer - [test-hivemq-platform] [hivemq] [544511f5] INFO  - [HiveMQ Platform Operator Init App 1.7.0-SNAPSHOT] Starting the REST API on 10.42.0.12:7979
2025-01-28 23:39:28,568 INFO c.h.h.t.HelmChartContainer - [test-hivemq-platform] [hivemq] [544511f5] INFO  - [HiveMQ Platform Operator Init App 1.7.0-SNAPSHOT] Waiting up to 600s for at most 2 HiveMQ nodes in cluster service hivemq-test-hivemq-platform-cluster.helmrollingupgradeplatformit.svc
2025-01-28 23:39:28,959 INFO c.h.h.t.HelmChartContainer - [test-hivemq-platform] [hivemq] [544511f5] INFO  - [HiveMQ Platform Operator Init App 1.7.0-SNAPSHOT] Resolved 2 IP addresses: [10.42.0.11, 10.42.0.12]
2025-01-28 23:39:28,959 INFO c.h.h.t.HelmChartContainer - [test-hivemq-platform] [hivemq] [544511f5] INFO  - [HiveMQ Platform Operator Init App 1.7.0-SNAPSHOT] HiveMQ node count of 2 is within threshold of 2
2025-01-28 23:39:28,959 INFO c.h.h.t.HelmChartContainer - [test-hivemq-platform] [hivemq] [544511f5] INFO  - [HiveMQ Platform Operator Init App 1.7.0-SNAPSHOT] Waiting 15s for previous shutdown replication to finish...
2025-01-28 23:39:31,053 INFO c.h.h.t.HelmChartContainer - [test-hivemq-platform] [hivemq] [544511f5] INFO  - [HiveMQ Platform Operator Init App 1.7.0-SNAPSHOT] Returning default Health API response 503 for readiness
2025-01-28 23:39:31,177 INFO c.h.h.t.HelmChartContainer - [EVENT] Warning [Unhealthy] Readiness probe failed: HTTP probe failed with statuscode: 503 [helmrollingupgradeplatformit:test-hivemq-platform-0]
2025-01-28 23:39:31,177 INFO c.h.h.t.HelmChartContainer - Received Unhealthy event for container hivemq in pod test-hivemq-platform-0 [544511f5-cfb2-47d0-8939-367ee40b98e2]
2025-01-28 23:39:35,086 INFO c.h.h.t.HelmChartContainer - [hivemq-test-hivemq-platform] [hivemq-platform-operator] [a1b31a1e] 23:39:35.083 [pool-6-thread-11] DEBUG c.h.p.o.d.PlatformServiceResource - [helmroll] Desired Platform services (3 services)
2025-01-28 23:39:35,086 INFO c.h.h.t.HelmChartContainer - [hivemq-test-hivemq-platform] [hivemq-platform-operator] [a1b31a1e] 23:39:35.084 [pool-6-thread-19] DEBUG c.h.p.o.d.PodServiceAccountResource - [helmroll] Desired PodServiceAccountResource (serviceAccountName: hivemq-platform-pod-test-hivemq-platform)
2025-01-28 23:39:35,086 INFO c.h.h.t.HelmChartContainer - [hivemq-test-hivemq-platform] [hivemq-platform-operator] [a1b31a1e] 23:39:35.084 [pool-6-thread-14] DEBUG c.h.p.o.dependants.PodInfoConfigMap - [helmroll] Desired PodInfo ConfigMap (1 extensions) (1 enabled)
2025-01-28 23:39:35,086 INFO c.h.h.t.HelmChartContainer - [hivemq-test-hivemq-platform] [hivemq-platform-operator] [a1b31a1e] 23:39:35.084 [pool-6-thread-14] DEBUG c.h.p.o.dependants.PodInfoConfigMap - [helmroll] Desired PodInfo ConfigMap (metrics port: 9399) (metrics path: /)
2025-01-28 23:39:35,087 INFO c.h.h.t.HelmChartContainer - [hivemq-test-hivemq-platform] [hivemq-platform-operator] [a1b31a1e] 23:39:35.084 [pool-6-thread-14] DEBUG c.h.p.o.dependants.PodInfoConfigMap - [helmroll] Desired PodInfo ConfigMap (extension state hash: -1817474005)
2025-01-28 23:39:35,088 INFO c.h.h.t.HelmChartContainer - [hivemq-test-hivemq-platform] [hivemq-platform-operator] [a1b31a1e] 23:39:35.087 [pool-6-thread-14] DEBUG c.h.p.o.d.StatefulSetResource - [helmroll] Desired StatefulSet (2 replicas) for status ROLLING_RESTART (RESTART_PODS_IN_PROGRESS)
2025-01-28 23:39:35,096 INFO c.h.h.t.HelmChartContainer - [hivemq-test-hivemq-platform] [hivemq-platform-operator] [a1b31a1e] 23:39:35.093 [ReconcilerExecutor-hivemq-controller-140] INFO  c.h.p.o.HiveMQPlatformReconciler - [helmroll] Reconciling HiveMQ Platform 'test-hivemq-platform' in namespace 'helmrollingupgradeplatformit'
2025-01-28 23:39:35,097 INFO c.h.h.t.HelmChartContainer - [hivemq-test-hivemq-platform] [hivemq-platform-operator] [a1b31a1e] 23:39:35.093 [ReconcilerExecutor-hivemq-controller-140] DEBUG c.h.p.o.HiveMQPlatformReconciler - [helmroll] Custom Resource Status ROLLING_RESTART - HiveMQ Platform is restarting Pods (rolling restart) (RESTART_PODS_IN_PROGRESS)
2025-01-28 23:39:35,097 INFO c.h.h.t.HelmChartContainer - [hivemq-test-hivemq-platform] [hivemq-platform-operator] [a1b31a1e] 23:39:35.093 [ReconcilerExecutor-hivemq-controller-140] DEBUG c.h.p.o.HiveMQPlatformReconciler - [helmroll] Custom Resource Spec (replicas: 1) (extensions: 1)
2025-01-28 23:39:35,097 INFO c.h.h.t.HelmChartContainer - [hivemq-test-hivemq-platform] [hivemq-platform-operator] [a1b31a1e] 23:39:35.094 [ReconcilerExecutor-hivemq-controller-140] DEBUG c.h.p.o.HiveMQPlatformReconciler - [helmroll] StatefulSet Status (revision: test-hivemq-platform-945c6dcb4, replicas: 2, available: 1, ready: 1, current: 0, updated: 2)
2025-01-28 23:39:35,097 INFO c.h.h.t.HelmChartContainer - [hivemq-test-hivemq-platform] [hivemq-platform-operator] [a1b31a1e] 23:39:35.094 [ReconcilerExecutor-hivemq-controller-140] DEBUG c.h.p.o.HiveMQPlatformReconciler - [helmroll] StatefulSet Spec (replicas: 2, init containers: 1, containers: 1, volumes: 3)
2025-01-28 23:39:35,098 INFO c.h.h.t.HelmChartContainer - [hivemq-test-hivemq-platform] [hivemq-platform-operator] [a1b31a1e] 23:39:35.096 [ReconcilerExecutor-hivemq-controller-140] DEBUG c.h.p.o.h.HiveMQPlatformReconcilerErrorHandler - [helmroll] Pod 'test-hivemq-platform-1' phase Running
2025-01-28 23:39:35,098 INFO c.h.h.t.HelmChartContainer - [hivemq-test-hivemq-platform] [hivemq-platform-operator] [a1b31a1e] 23:39:35.097 [ReconcilerExecutor-hivemq-controller-140] DEBUG c.h.p.o.h.HiveMQPlatformReconcilerErrorHandler - [helmroll] Pod 'test-hivemq-platform-0' phase Running
2025-01-28 23:39:35,099 INFO c.h.h.t.HelmChartContainer - [hivemq-test-hivemq-platform] [hivemq-platform-operator] [a1b31a1e] 23:39:35.097 [ReconcilerExecutor-hivemq-controller-140] DEBUG c.h.p.o.h.HiveMQPlatformReconcilerRollingRestartHandler - [helmroll] Rolling restart is waiting for 1 of 2 replicas
2025-01-28 23:39:36,068 INFO c.h.h.t.HelmChartContainer - [EVENT] Warning [Unhealthy] Readiness probe failed: HTTP probe failed with statuscode: 503 [helmrollingupgradeplatformit:test-hivemq-platform-0]
2025-01-28 23:39:36,068 INFO c.h.h.t.HelmChartContainer - Received Unhealthy event for container hivemq in pod test-hivemq-platform-0 [544511f5-cfb2-47d0-8939-367ee40b98e2]
2025-01-28 23:39:36,286 INFO c.h.h.t.HelmChartContainer - [test-hivemq-platform] [hivemq] [544511f5] INFO  - [HiveMQ Platform Operator Init App 1.7.0-SNAPSHOT] Updating Pod HiveMQ Platform Operator Init App version annotation (version: 1.7.0-SNAPSHOT)
2025-01-28 23:39:36,592 INFO c.h.h.t.HelmChartContainer - [POD] test-hivemq-platform-0 [544511f5-cfb2-47d0-8939-367ee40b98e2] in helmrollingupgradeplatformit was MODIFIED
2025-01-28 23:39:36,598 INFO c.h.h.t.HelmChartContainer - [hivemq-test-hivemq-platform] [hivemq-platform-operator] [a1b31a1e] 23:39:36.595 [pool-6-thread-26] DEBUG c.h.p.o.dependants.PodInfoConfigMap - [helmroll] Desired PodInfo ConfigMap (1 extensions) (1 enabled)
2025-01-28 23:39:36,598 INFO c.h.h.t.HelmChartContainer - [hivemq-test-hivemq-platform] [hivemq-platform-operator] [a1b31a1e] 23:39:36.595 [pool-6-thread-26] DEBUG c.h.p.o.dependants.PodInfoConfigMap - [helmroll] Desired PodInfo ConfigMap (metrics port: 9399) (metrics path: /)
2025-01-28 23:39:36,598 INFO c.h.h.t.HelmChartContainer - [hivemq-test-hivemq-platform] [hivemq-platform-operator] [a1b31a1e] 23:39:36.595 [pool-6-thread-26] DEBUG c.h.p.o.dependants.PodInfoConfigMap - [helmroll] Desired PodInfo ConfigMap (extension state hash: -1817474005)
2025-01-28 23:39:36,598 INFO c.h.h.t.HelmChartContainer - [hivemq-test-hivemq-platform] [hivemq-platform-operator] [a1b31a1e] 23:39:36.596 [pool-6-thread-25] DEBUG c.h.p.o.d.PlatformServiceResource - [helmroll] Desired Platform services (3 services)
2025-01-28 23:39:36,598 INFO c.h.h.t.HelmChartContainer - [hivemq-test-hivemq-platform] [hivemq-platform-operator] [a1b31a1e] 23:39:36.595 [pool-6-thread-28] DEBUG c.h.p.o.d.PodServiceAccountResource - [helmroll] Desired PodServiceAccountResource (serviceAccountName: hivemq-platform-pod-test-hivemq-platform)
2025-01-28 23:39:36,600 INFO c.h.h.t.HelmChartContainer - [hivemq-test-hivemq-platform] [hivemq-platform-operator] [a1b31a1e] 23:39:36.599 [pool-6-thread-23] DEBUG c.h.p.o.d.StatefulSetResource - [helmroll] Desired StatefulSet (2 replicas) for status ROLLING_RESTART (RESTART_PODS_IN_PROGRESS)
2025-01-28 23:39:36,603 INFO c.h.h.t.HelmChartContainer - [hivemq-test-hivemq-platform] [hivemq-platform-operator] [a1b31a1e] 23:39:36.601 [ReconcilerExecutor-hivemq-controller-141] INFO  c.h.p.o.HiveMQPlatformReconciler - [helmroll] Reconciling HiveMQ Platform 'test-hivemq-platform' in namespace 'helmrollingupgradeplatformit'
2025-01-28 23:39:36,603 INFO c.h.h.t.HelmChartContainer - [hivemq-test-hivemq-platform] [hivemq-platform-operator] [a1b31a1e] 23:39:36.602 [ReconcilerExecutor-hivemq-controller-141] DEBUG c.h.p.o.HiveMQPlatformReconciler - [helmroll] Custom Resource Status ROLLING_RESTART - HiveMQ Platform is restarting Pods (rolling restart) (RESTART_PODS_IN_PROGRESS)
2025-01-28 23:39:36,603 INFO c.h.h.t.HelmChartContainer - [hivemq-test-hivemq-platform] [hivemq-platform-operator] [a1b31a1e] 23:39:36.602 [ReconcilerExecutor-hivemq-controller-141] DEBUG c.h.p.o.HiveMQPlatformReconciler - [helmroll] Custom Resource Spec (replicas: 1) (extensions: 1)
2025-01-28 23:39:36,604 INFO c.h.h.t.HelmChartContainer - [hivemq-test-hivemq-platform] [hivemq-platform-operator] [a1b31a1e] 23:39:36.603 [ReconcilerExecutor-hivemq-controller-141] DEBUG c.h.p.o.HiveMQPlatformReconciler - [helmroll] StatefulSet Status (revision: test-hivemq-platform-945c6dcb4, replicas: 2, available: 1, ready: 1, current: 0, updated: 2)
2025-01-28 23:39:36,604 INFO c.h.h.t.HelmChartContainer - [hivemq-test-hivemq-platform] [hivemq-platform-operator] [a1b31a1e] 23:39:36.603 [ReconcilerExecutor-hivemq-controller-141] DEBUG c.h.p.o.HiveMQPlatformReconciler - [helmroll] StatefulSet Spec (replicas: 2, init containers: 1, containers: 1, volumes: 3)
2025-01-28 23:39:36,605 INFO c.h.h.t.HelmChartContainer - [hivemq-test-hivemq-platform] [hivemq-platform-operator] [a1b31a1e] 23:39:36.604 [ReconcilerExecutor-hivemq-controller-141] DEBUG c.h.p.o.h.HiveMQPlatformReconcilerErrorHandler - [helmroll] Pod 'test-hivemq-platform-1' phase Running
2025-01-28 23:39:36,605 INFO c.h.h.t.HelmChartContainer - [hivemq-test-hivemq-platform] [hivemq-platform-operator] [a1b31a1e] 23:39:36.605 [ReconcilerExecutor-hivemq-controller-141] DEBUG c.h.p.o.h.HiveMQPlatformReconcilerErrorHandler - [helmroll] Pod 'test-hivemq-platform-0' phase Running
2025-01-28 23:39:36,606 INFO c.h.h.t.HelmChartContainer - [hivemq-test-hivemq-platform] [hivemq-platform-operator] [a1b31a1e] 23:39:36.605 [ReconcilerExecutor-hivemq-controller-141] DEBUG c.h.p.o.h.HiveMQPlatformReconcilerRollingRestartHandler - [helmroll] Rolling restart is waiting for 1 of 2 replicas
2025-01-28 23:39:36,663 INFO c.h.h.t.HelmChartContainer - [test-hivemq-platform] [hivemq] [544511f5] INFO  - [HiveMQ Platform Operator Init App 1.7.0-SNAPSHOT] Successfully updated Pod HiveMQ Platform Operator Init App version annotation (version: 1.7.0-SNAPSHOT)
2025-01-28 23:39:36,663 INFO c.h.h.t.HelmChartContainer - [EVENT] Warning [Unhealthy] Readiness probe failed: HTTP probe failed with statuscode: 503 [helmrollingupgradeplatformit:test-hivemq-platform-0]
2025-01-28 23:39:36,663 INFO c.h.h.t.HelmChartContainer - Received Unhealthy event for container hivemq in pod test-hivemq-platform-0 [544511f5-cfb2-47d0-8939-367ee40b98e2]
2025-01-28 23:39:41,595 INFO c.h.h.t.HelmChartContainer - [EVENT] Warning [Unhealthy] Readiness probe failed: HTTP probe failed with statuscode: 503 [helmrollingupgradeplatformit:test-hivemq-platform-0]
2025-01-28 23:39:41,595 INFO c.h.h.t.HelmChartContainer - Received Unhealthy event for container hivemq in pod test-hivemq-platform-0 [544511f5-cfb2-47d0-8939-367ee40b98e2]
2025-01-28 23:39:43,959 INFO c.h.h.t.HelmChartContainer - [test-hivemq-platform] [hivemq] [544511f5] INFO  - [HiveMQ Platform Operator Init App 1.7.0-SNAPSHOT] Proceeding with container start
2025-01-28 23:39:43,962 INFO c.h.h.t.HelmChartContainer - [test-hivemq-platform] [hivemq] [544511f5] INFO  - [HiveMQ Platform Operator Init App 1.7.0-SNAPSHOT] Initializing HiveMQ Platform extensions with initial configuration: {hivemq-allow-all-extension={start-priority=-1, skip-https-hostname-verification=false, restart=true, config-version=0, header-version=0, c-uri=, priority=-1, uri=preinstalled, skip-https-certificate-validation=false, enabled=true}, hivemq-prometheus-extension={enabled=true, request-header-path=no-request-headers, uri=preinstalled, skip-https-certificate-validation=false, skip-https-hostname-verification=false, c-uri=, start-priority=-1, priority=-1, restart=true}}
2025-01-28 23:39:44,380 INFO c.h.h.t.HelmChartContainer - [test-hivemq-platform] [hivemq] [544511f5] INFO  - [HiveMQ Platform Operator Init App 1.7.0-SNAPSHOT] Extension hivemq-allow-all-extension was already enabled
2025-01-28 23:39:44,475 INFO c.h.h.t.HelmChartContainer - [test-hivemq-platform] [hivemq] [544511f5] INFO  - [HiveMQ Platform Operator Init App 1.7.0-SNAPSHOT] Successfully enabled extension hivemq-prometheus-extension
2025-01-28 23:39:44,477 INFO c.h.h.t.HelmChartContainer - [test-hivemq-platform] [hivemq] [544511f5] INFO  - [HiveMQ Platform Operator Init App 1.7.0-SNAPSHOT] Starting HiveMQ Platform version 4.36.0 (4.36.0)
2025-01-28 23:39:44,477 INFO c.h.h.t.HelmChartContainer - [test-hivemq-platform] [hivemq] [544511f5] INFO  - [HiveMQ Platform Operator Init App 1.7.0-SNAPSHOT] Configuring the HiveMQ Platform
2025-01-28 23:39:44,562 INFO c.h.h.t.HelmChartContainer - [test-hivemq-platform] [hivemq] [544511f5] INFO  - [HiveMQ Platform Operator Init App 1.7.0-SNAPSHOT] Changed logback.xml file scan period to 20 seconds
2025-01-28 23:39:44,658 INFO c.h.h.t.HelmChartContainer - [test-hivemq-platform] [hivemq] [544511f5] INFO  - [HiveMQ Platform Operator Init App 1.7.0-SNAPSHOT] Starting the HiveMQ Platform
2025-01-28 23:39:44,661 INFO c.h.h.t.HelmChartContainer - [test-hivemq-platform] [hivemq] [544511f5] -------------------------------------------------------------------------
2025-01-28 23:39:44,661 INFO c.h.h.t.HelmChartContainer - [test-hivemq-platform] [hivemq] [544511f5] 
2025-01-28 23:39:44,662 INFO c.h.h.t.HelmChartContainer - [test-hivemq-platform] [hivemq] [544511f5]                   _    _  _              __  __   ____
2025-01-28 23:39:44,662 INFO c.h.h.t.HelmChartContainer - [test-hivemq-platform] [hivemq] [544511f5]                  | |  | |(_)            |  \/  | / __ \
2025-01-28 23:39:44,662 INFO c.h.h.t.HelmChartContainer - [test-hivemq-platform] [hivemq] [544511f5]                  | |__| | _ __   __ ___ | \  / || |  | |
2025-01-28 23:39:44,662 INFO c.h.h.t.HelmChartContainer - [test-hivemq-platform] [hivemq] [544511f5]                  |  __  || |\ \ / // _ \| |\/| || |  | |
2025-01-28 23:39:44,662 INFO c.h.h.t.HelmChartContainer - [test-hivemq-platform] [hivemq] [544511f5]                  | |  | || | \ V /|  __/| |  | || |__| |
2025-01-28 23:39:44,662 INFO c.h.h.t.HelmChartContainer - [test-hivemq-platform] [hivemq] [544511f5]                  |_|  |_||_|  \_/  \___||_|  |_| \___\_\
2025-01-28 23:39:44,662 INFO c.h.h.t.HelmChartContainer - [test-hivemq-platform] [hivemq] [544511f5] 
2025-01-28 23:39:44,662 INFO c.h.h.t.HelmChartContainer - [test-hivemq-platform] [hivemq] [544511f5] -------------------------------------------------------------------------
2025-01-28 23:39:44,662 INFO c.h.h.t.HelmChartContainer - [test-hivemq-platform] [hivemq] [544511f5] 
2025-01-28 23:39:44,662 INFO c.h.h.t.HelmChartContainer - [test-hivemq-platform] [hivemq] [544511f5]   HiveMQ Start Script for Linux/Unix v1.14
2025-01-28 23:39:44,662 INFO c.h.h.t.HelmChartContainer - [test-hivemq-platform] [hivemq] [544511f5] 
2025-01-28 23:39:44,695 INFO c.h.h.t.HelmChartContainer - [test-hivemq-platform] [hivemq] [544511f5] -------------------------------------------------------------------------
2025-01-28 23:39:44,695 INFO c.h.h.t.HelmChartContainer - [test-hivemq-platform] [hivemq] [544511f5] 
2025-01-28 23:39:44,695 INFO c.h.h.t.HelmChartContainer - [test-hivemq-platform] [hivemq] [544511f5]   HIVEMQ_HOME: /opt/hivemq
2025-01-28 23:39:44,695 INFO c.h.h.t.HelmChartContainer - [test-hivemq-platform] [hivemq] [544511f5] 
2025-01-28 23:39:44,695 INFO c.h.h.t.HelmChartContainer - [test-hivemq-platform] [hivemq] [544511f5]   JAVA_OPTS: -XX:+UnlockExperimentalVMOptions -XX:InitialRAMPercentage=50 -XX:MaxRAMPercentage=50 -Djava.net.preferIPv4Stack=true --add-opens java.base/java.lang=ALL-UNNAMED --add-opens java.base/java.nio=ALL-UNNAMED --add-opens java.base/sun.nio.ch=ALL-UNNAMED --add-opens jdk.management/com.sun.management.internal=ALL-UNNAMED --add-exports java.base/jdk.internal.misc=ALL-UNNAMED -Djava.security.egd=file:/dev/./urandom -Dcom.sun.management.jmxremote -Dcom.sun.management.jmxremote.port=9010 -Dcom.sun.management.jmxremote.local.only=false -Dcom.sun.management.jmxremote.authenticate=false -Dcom.sun.management.jmxremote.ssl=false -Duser.language=en -Duser.region=US -XX:+CrashOnOutOfMemoryError -XX:+HeapDumpOnOutOfMemoryError
2025-01-28 23:39:44,695 INFO c.h.h.t.HelmChartContainer - [test-hivemq-platform] [hivemq] [544511f5] 
2025-01-28 23:39:44,695 INFO c.h.h.t.HelmChartContainer - [test-hivemq-platform] [hivemq] [544511f5]   JAVA_VERSION: 21
2025-01-28 23:39:44,695 INFO c.h.h.t.HelmChartContainer - [test-hivemq-platform] [hivemq] [544511f5] 
2025-01-28 23:39:44,695 INFO c.h.h.t.HelmChartContainer - [test-hivemq-platform] [hivemq] [544511f5] -------------------------------------------------------------------------
2025-01-28 23:39:44,696 INFO c.h.h.t.HelmChartContainer - [test-hivemq-platform] [hivemq] [544511f5] 
2025-01-28 23:39:46,610 INFO c.h.h.t.HelmChartContainer - [hivemq-test-hivemq-platform] [hivemq-platform-operator] [a1b31a1e] 23:39:46.608 [pool-6-thread-32] DEBUG c.h.p.o.d.PlatformServiceResource - [helmroll] Desired Platform services (3 services)
2025-01-28 23:39:46,610 INFO c.h.h.t.HelmChartContainer - [hivemq-test-hivemq-platform] [hivemq-platform-operator] [a1b31a1e] 23:39:46.608 [pool-6-thread-39] DEBUG c.h.p.o.dependants.PodInfoConfigMap - [helmroll] Desired PodInfo ConfigMap (1 extensions) (1 enabled)
2025-01-28 23:39:46,610 INFO c.h.h.t.HelmChartContainer - [hivemq-test-hivemq-platform] [hivemq-platform-operator] [a1b31a1e] 23:39:46.608 [pool-6-thread-31] DEBUG c.h.p.o.d.PodServiceAccountResource - [helmroll] Desired PodServiceAccountResource (serviceAccountName: hivemq-platform-pod-test-hivemq-platform)
2025-01-28 23:39:46,610 INFO c.h.h.t.HelmChartContainer - [hivemq-test-hivemq-platform] [hivemq-platform-operator] [a1b31a1e] 23:39:46.608 [pool-6-thread-39] DEBUG c.h.p.o.dependants.PodInfoConfigMap - [helmroll] Desired PodInfo ConfigMap (metrics port: 9399) (metrics path: /)
2025-01-28 23:39:46,610 INFO c.h.h.t.HelmChartContainer - [hivemq-test-hivemq-platform] [hivemq-platform-operator] [a1b31a1e] 23:39:46.608 [pool-6-thread-39] DEBUG c.h.p.o.dependants.PodInfoConfigMap - [helmroll] Desired PodInfo ConfigMap (extension state hash: -1817474005)
2025-01-28 23:39:46,614 INFO c.h.h.t.HelmChartContainer - [hivemq-test-hivemq-platform] [hivemq-platform-operator] [a1b31a1e] 23:39:46.614 [pool-6-thread-32] DEBUG c.h.p.o.d.StatefulSetResource - [helmroll] Desired StatefulSet (2 replicas) for status ROLLING_RESTART (RESTART_PODS_IN_PROGRESS)
2025-01-28 23:39:46,620 INFO c.h.h.t.HelmChartContainer - [hivemq-test-hivemq-platform] [hivemq-platform-operator] [a1b31a1e] 23:39:46.618 [ReconcilerExecutor-hivemq-controller-142] INFO  c.h.p.o.HiveMQPlatformReconciler - [helmroll] Reconciling HiveMQ Platform 'test-hivemq-platform' in namespace 'helmrollingupgradeplatformit'
2025-01-28 23:39:46,620 INFO c.h.h.t.HelmChartContainer - [hivemq-test-hivemq-platform] [hivemq-platform-operator] [a1b31a1e] 23:39:46.618 [ReconcilerExecutor-hivemq-controller-142] DEBUG c.h.p.o.HiveMQPlatformReconciler - [helmroll] Custom Resource Status ROLLING_RESTART - HiveMQ Platform is restarting Pods (rolling restart) (RESTART_PODS_IN_PROGRESS)
2025-01-28 23:39:46,620 INFO c.h.h.t.HelmChartContainer - [hivemq-test-hivemq-platform] [hivemq-platform-operator] [a1b31a1e] 23:39:46.618 [ReconcilerExecutor-hivemq-controller-142] DEBUG c.h.p.o.HiveMQPlatformReconciler - [helmroll] Custom Resource Spec (replicas: 1) (extensions: 1)
2025-01-28 23:39:46,620 INFO c.h.h.t.HelmChartContainer - [hivemq-test-hivemq-platform] [hivemq-platform-operator] [a1b31a1e] 23:39:46.619 [ReconcilerExecutor-hivemq-controller-142] DEBUG c.h.p.o.HiveMQPlatformReconciler - [helmroll] StatefulSet Status (revision: test-hivemq-platform-945c6dcb4, replicas: 2, available: 1, ready: 1, current: 0, updated: 2)
2025-01-28 23:39:46,621 INFO c.h.h.t.HelmChartContainer - [hivemq-test-hivemq-platform] [hivemq-platform-operator] [a1b31a1e] 23:39:46.619 [ReconcilerExecutor-hivemq-controller-142] DEBUG c.h.p.o.HiveMQPlatformReconciler - [helmroll] StatefulSet Spec (replicas: 2, init containers: 1, containers: 1, volumes: 3)
2025-01-28 23:39:46,622 INFO c.h.h.t.HelmChartContainer - [hivemq-test-hivemq-platform] [hivemq-platform-operator] [a1b31a1e] 23:39:46.620 [ReconcilerExecutor-hivemq-controller-142] DEBUG c.h.p.o.h.HiveMQPlatformReconcilerErrorHandler - [helmroll] Pod 'test-hivemq-platform-1' phase Running
2025-01-28 23:39:46,623 INFO c.h.h.t.HelmChartContainer - [hivemq-test-hivemq-platform] [hivemq-platform-operator] [a1b31a1e] 23:39:46.621 [ReconcilerExecutor-hivemq-controller-142] DEBUG c.h.p.o.h.HiveMQPlatformReconcilerErrorHandler - [helmroll] Pod 'test-hivemq-platform-0' phase Running
2025-01-28 23:39:46,623 INFO c.h.h.t.HelmChartContainer - [hivemq-test-hivemq-platform] [hivemq-platform-operator] [a1b31a1e] 23:39:46.622 [ReconcilerExecutor-hivemq-controller-142] DEBUG c.h.p.o.h.HiveMQPlatformReconcilerRollingRestartHandler - [helmroll] Rolling restart is waiting for 1 of 2 replicas
2025-01-28 23:39:46,665 INFO c.h.h.t.HelmChartContainer - [EVENT] Warning [Unhealthy] Readiness probe failed: HTTP probe failed with statuscode: 503 [helmrollingupgradeplatformit:test-hivemq-platform-0]
2025-01-28 23:39:46,665 INFO c.h.h.t.HelmChartContainer - Received Unhealthy event for container hivemq in pod test-hivemq-platform-0 [544511f5-cfb2-47d0-8939-367ee40b98e2]
2025-01-28 23:39:47,273 INFO c.h.h.t.HelmChartContainer - [test-hivemq-platform] [hivemq] [544511f5] INFO  - Starting HiveMQ Enterprise Server
2025-01-28 23:39:47,279 INFO c.h.h.t.HelmChartContainer - [test-hivemq-platform] [hivemq] [544511f5] INFO  - HiveMQ version: 4.36.0
2025-01-28 23:39:47,279 INFO c.h.h.t.HelmChartContainer - [test-hivemq-platform] [hivemq] [544511f5] INFO  - HiveMQ home directory: /opt/hivemq
2025-01-28 23:39:47,279 INFO c.h.h.t.HelmChartContainer - [test-hivemq-platform] [hivemq] [544511f5] INFO  - Log Configuration was overridden by /opt/hivemq/conf/logback.xml
2025-01-28 23:39:48,490 INFO c.h.h.t.HelmChartContainer - [test-hivemq-platform] [hivemq] [544511f5] INFO  - Successfully loaded configuration from '/opt/hivemq/conf-k8s/config.xml'.
2025-01-28 23:39:48,877 INFO c.h.h.t.HelmChartContainer - [test-hivemq-platform] [hivemq] [544511f5] INFO  - This node's ID is 3Hkcr
2025-01-28 23:39:48,877 INFO c.h.h.t.HelmChartContainer - [test-hivemq-platform] [hivemq] [544511f5] INFO  - Clustering is enabled
2025-01-28 23:39:51,978 INFO c.h.h.t.HelmChartContainer - [test-hivemq-platform] [hivemq] [544511f5] WARN  - [HiveMQ Platform Operator Init App 1.7.0-SNAPSHOT] Cannot connect to Health API for readiness: null
2025-01-28 23:39:51,985 INFO c.h.h.t.HelmChartContainer - [EVENT] Warning [Unhealthy] Readiness probe failed: HTTP probe failed with statuscode: 503 [helmrollingupgradeplatformit:test-hivemq-platform-0]
2025-01-28 23:39:51,985 INFO c.h.h.t.HelmChartContainer - Received Unhealthy event for container hivemq in pod test-hivemq-platform-0 [544511f5-cfb2-47d0-8939-367ee40b98e2]
2025-01-28 23:39:53,475 INFO c.h.h.t.HelmChartContainer - [test-hivemq-platform] [hivemq] [544511f5] WARN  - [HiveMQ Platform Operator Init App 1.7.0-SNAPSHOT] Cannot connect to Health API for liveness: null
2025-01-28 23:39:53,475 INFO c.h.h.t.HelmChartContainer - [test-hivemq-platform] [hivemq] [544511f5] INFO  - [HiveMQ Platform Operator Init App 1.7.0-SNAPSHOT] Returning default Health API response 200 for liveness
2025-01-28 23:39:56,627 INFO c.h.h.t.HelmChartContainer - [hivemq-test-hivemq-platform] [hivemq-platform-operator] [a1b31a1e] 23:39:56.625 [pool-6-thread-49] DEBUG c.h.p.o.d.PodServiceAccountResource - [helmroll] Desired PodServiceAccountResource (serviceAccountName: hivemq-platform-pod-test-hivemq-platform)
2025-01-28 23:39:56,627 INFO c.h.h.t.HelmChartContainer - [hivemq-test-hivemq-platform] [hivemq-platform-operator] [a1b31a1e] 23:39:56.625 [pool-6-thread-50] DEBUG c.h.p.o.d.PlatformServiceResource - [helmroll] Desired Platform services (3 services)
2025-01-28 23:39:56,627 INFO c.h.h.t.HelmChartContainer - [hivemq-test-hivemq-platform] [hivemq-platform-operator] [a1b31a1e] 23:39:56.625 [pool-6-thread-45] DEBUG c.h.p.o.dependants.PodInfoConfigMap - [helmroll] Desired PodInfo ConfigMap (1 extensions) (1 enabled)
2025-01-28 23:39:56,627 INFO c.h.h.t.HelmChartContainer - [hivemq-test-hivemq-platform] [hivemq-platform-operator] [a1b31a1e] 23:39:56.625 [pool-6-thread-45] DEBUG c.h.p.o.dependants.PodInfoConfigMap - [helmroll] Desired PodInfo ConfigMap (metrics port: 9399) (metrics path: /)
2025-01-28 23:39:56,627 INFO c.h.h.t.HelmChartContainer - [hivemq-test-hivemq-platform] [hivemq-platform-operator] [a1b31a1e] 23:39:56.625 [pool-6-thread-45] DEBUG c.h.p.o.dependants.PodInfoConfigMap - [helmroll] Desired PodInfo ConfigMap (extension state hash: -1817474005)
2025-01-28 23:39:56,631 INFO c.h.h.t.HelmChartContainer - [hivemq-test-hivemq-platform] [hivemq-platform-operator] [a1b31a1e] 23:39:56.630 [pool-6-thread-50] DEBUG c.h.p.o.d.StatefulSetResource - [helmroll] Desired StatefulSet (2 replicas) for status ROLLING_RESTART (RESTART_PODS_IN_PROGRESS)
2025-01-28 23:39:56,633 INFO c.h.h.t.HelmChartContainer - [hivemq-test-hivemq-platform] [hivemq-platform-operator] [a1b31a1e] 23:39:56.632 [ReconcilerExecutor-hivemq-controller-143] INFO  c.h.p.o.HiveMQPlatformReconciler - [helmroll] Reconciling HiveMQ Platform 'test-hivemq-platform' in namespace 'helmrollingupgradeplatformit'
2025-01-28 23:39:56,633 INFO c.h.h.t.HelmChartContainer - [hivemq-test-hivemq-platform] [hivemq-platform-operator] [a1b31a1e] 23:39:56.632 [ReconcilerExecutor-hivemq-controller-143] DEBUG c.h.p.o.HiveMQPlatformReconciler - [helmroll] Custom Resource Status ROLLING_RESTART - HiveMQ Platform is restarting Pods (rolling restart) (RESTART_PODS_IN_PROGRESS)
2025-01-28 23:39:56,633 INFO c.h.h.t.HelmChartContainer - [hivemq-test-hivemq-platform] [hivemq-platform-operator] [a1b31a1e] 23:39:56.632 [ReconcilerExecutor-hivemq-controller-143] DEBUG c.h.p.o.HiveMQPlatformReconciler - [helmroll] Custom Resource Spec (replicas: 1) (extensions: 1)
2025-01-28 23:39:56,634 INFO c.h.h.t.HelmChartContainer - [hivemq-test-hivemq-platform] [hivemq-platform-operator] [a1b31a1e] 23:39:56.633 [ReconcilerExecutor-hivemq-controller-143] DEBUG c.h.p.o.HiveMQPlatformReconciler - [helmroll] StatefulSet Status (revision: test-hivemq-platform-945c6dcb4, replicas: 2, available: 1, ready: 1, current: 0, updated: 2)
2025-01-28 23:39:56,634 INFO c.h.h.t.HelmChartContainer - [hivemq-test-hivemq-platform] [hivemq-platform-operator] [a1b31a1e] 23:39:56.633 [ReconcilerExecutor-hivemq-controller-143] DEBUG c.h.p.o.HiveMQPlatformReconciler - [helmroll] StatefulSet Spec (replicas: 2, init containers: 1, containers: 1, volumes: 3)
2025-01-28 23:39:56,635 INFO c.h.h.t.HelmChartContainer - [hivemq-test-hivemq-platform] [hivemq-platform-operator] [a1b31a1e] 23:39:56.634 [ReconcilerExecutor-hivemq-controller-143] DEBUG c.h.p.o.h.HiveMQPlatformReconcilerErrorHandler - [helmroll] Pod 'test-hivemq-platform-1' phase Running
2025-01-28 23:39:56,636 INFO c.h.h.t.HelmChartContainer - [hivemq-test-hivemq-platform] [hivemq-platform-operator] [a1b31a1e] 23:39:56.635 [ReconcilerExecutor-hivemq-controller-143] DEBUG c.h.p.o.h.HiveMQPlatformReconcilerErrorHandler - [helmroll] Pod 'test-hivemq-platform-0' phase Running
2025-01-28 23:39:56,637 INFO c.h.h.t.HelmChartContainer - [hivemq-test-hivemq-platform] [hivemq-platform-operator] [a1b31a1e] 23:39:56.635 [ReconcilerExecutor-hivemq-controller-143] DEBUG c.h.p.o.h.HiveMQPlatformReconcilerRollingRestartHandler - [helmroll] Rolling restart is waiting for 1 of 2 replicas
2025-01-28 23:39:56,674 INFO c.h.h.t.HelmChartContainer - [test-hivemq-platform] [hivemq] [544511f5] WARN  - [HiveMQ Platform Operator Init App 1.7.0-SNAPSHOT] Cannot connect to Health API for readiness: null
2025-01-28 23:39:56,679 INFO c.h.h.t.HelmChartContainer - [EVENT] Warning [Unhealthy] Readiness probe failed: HTTP probe failed with statuscode: 503 [helmrollingupgradeplatformit:test-hivemq-platform-0]
2025-01-28 23:39:56,679 INFO c.h.h.t.HelmChartContainer - Received Unhealthy event for container hivemq in pod test-hivemq-platform-0 [544511f5-cfb2-47d0-8939-367ee40b98e2]
2025-01-28 23:40:01,674 INFO c.h.h.t.HelmChartContainer - [test-hivemq-platform] [hivemq] [544511f5] WARN  - [HiveMQ Platform Operator Init App 1.7.0-SNAPSHOT] Cannot connect to Health API for readiness: null
2025-01-28 23:40:01,681 INFO c.h.h.t.HelmChartContainer - [EVENT] Warning [Unhealthy] Readiness probe failed: HTTP probe failed with statuscode: 503 [helmrollingupgradeplatformit:test-hivemq-platform-0]
2025-01-28 23:40:01,681 INFO c.h.h.t.HelmChartContainer - Received Unhealthy event for container hivemq in pod test-hivemq-platform-0 [544511f5-cfb2-47d0-8939-367ee40b98e2]
2025-01-28 23:40:02,275 INFO c.h.h.t.HelmChartContainer - [test-hivemq-platform] [hivemq] [544511f5] INFO  - No valid license file found. Using trial license, restricted to 25 connections.
2025-01-28 23:40:04,774 INFO c.h.h.t.HelmChartContainer - [test-hivemq-platform] [hivemq] [544511f5] INFO  - No valid license file for Data Hub found. Using free license, restricted to 1 policy.
2025-01-28 23:40:05,883 INFO c.h.h.t.HelmChartContainer - [test-hivemq-platform] [hivemq] [544511f5] INFO  - Audit Logger started.
2025-01-28 23:40:06,280 INFO c.h.h.t.HelmChartContainer - [test-hivemq-platform] [hivemq] [544511f5] INFO  - This node uses '1' CPU cores.
2025-01-28 23:40:06,284 INFO c.h.h.t.HelmChartContainer - [test-hivemq-platform] [hivemq] [544511f5] INFO  - Starting HiveMQ Health API on address 0.0.0.0 and port 8889
2025-01-28 23:40:06,641 INFO c.h.h.t.HelmChartContainer - [hivemq-test-hivemq-platform] [hivemq-platform-operator] [a1b31a1e] 23:40:06.638 [pool-6-thread-3] DEBUG c.h.p.o.d.PlatformServiceResource - [helmroll] Desired Platform services (3 services)
2025-01-28 23:40:06,642 INFO c.h.h.t.HelmChartContainer - [hivemq-test-hivemq-platform] [hivemq-platform-operator] [a1b31a1e] 23:40:06.639 [pool-6-thread-5] DEBUG c.h.p.o.dependants.PodInfoConfigMap - [helmroll] Desired PodInfo ConfigMap (1 extensions) (1 enabled)
2025-01-28 23:40:06,643 INFO c.h.h.t.HelmChartContainer - [hivemq-test-hivemq-platform] [hivemq-platform-operator] [a1b31a1e] 23:40:06.639 [pool-6-thread-5] DEBUG c.h.p.o.dependants.PodInfoConfigMap - [helmroll] Desired PodInfo ConfigMap (metrics port: 9399) (metrics path: /)
2025-01-28 23:40:06,643 INFO c.h.h.t.HelmChartContainer - [hivemq-test-hivemq-platform] [hivemq-platform-operator] [a1b31a1e] 23:40:06.639 [pool-6-thread-5] DEBUG c.h.p.o.dependants.PodInfoConfigMap - [helmroll] Desired PodInfo ConfigMap (extension state hash: -1817474005)
2025-01-28 23:40:06,643 INFO c.h.h.t.HelmChartContainer - [hivemq-test-hivemq-platform] [hivemq-platform-operator] [a1b31a1e] 23:40:06.639 [pool-6-thread-5] DEBUG c.h.p.o.d.PodServiceAccountResource - [helmroll] Desired PodServiceAccountResource (serviceAccountName: hivemq-platform-pod-test-hivemq-platform)
2025-01-28 23:40:06,643 INFO c.h.h.t.HelmChartContainer - [hivemq-test-hivemq-platform] [hivemq-platform-operator] [a1b31a1e] 23:40:06.641 [pool-6-thread-3] DEBUG c.h.p.o.d.StatefulSetResource - [helmroll] Desired StatefulSet (2 replicas) for status ROLLING_RESTART (RESTART_PODS_IN_PROGRESS)
2025-01-28 23:40:06,646 INFO c.h.h.t.HelmChartContainer - [hivemq-test-hivemq-platform] [hivemq-platform-operator] [a1b31a1e] 23:40:06.644 [ReconcilerExecutor-hivemq-controller-144] INFO  c.h.p.o.HiveMQPlatformReconciler - [helmroll] Reconciling HiveMQ Platform 'test-hivemq-platform' in namespace 'helmrollingupgradeplatformit'
2025-01-28 23:40:06,648 INFO c.h.h.t.HelmChartContainer - [hivemq-test-hivemq-platform] [hivemq-platform-operator] [a1b31a1e] 23:40:06.644 [ReconcilerExecutor-hivemq-controller-144] DEBUG c.h.p.o.HiveMQPlatformReconciler - [helmroll] Custom Resource Status ROLLING_RESTART - HiveMQ Platform is restarting Pods (rolling restart) (RESTART_PODS_IN_PROGRESS)
2025-01-28 23:40:06,648 INFO c.h.h.t.HelmChartContainer - [hivemq-test-hivemq-platform] [hivemq-platform-operator] [a1b31a1e] 23:40:06.644 [ReconcilerExecutor-hivemq-controller-144] DEBUG c.h.p.o.HiveMQPlatformReconciler - [helmroll] Custom Resource Spec (replicas: 1) (extensions: 1)
2025-01-28 23:40:06,648 INFO c.h.h.t.HelmChartContainer - [hivemq-test-hivemq-platform] [hivemq-platform-operator] [a1b31a1e] 23:40:06.645 [ReconcilerExecutor-hivemq-controller-144] DEBUG c.h.p.o.HiveMQPlatformReconciler - [helmroll] StatefulSet Status (revision: test-hivemq-platform-945c6dcb4, replicas: 2, available: 1, ready: 1, current: 0, updated: 2)
2025-01-28 23:40:06,648 INFO c.h.h.t.HelmChartContainer - [hivemq-test-hivemq-platform] [hivemq-platform-operator] [a1b31a1e] 23:40:06.645 [ReconcilerExecutor-hivemq-controller-144] DEBUG c.h.p.o.HiveMQPlatformReconciler - [helmroll] StatefulSet Spec (replicas: 2, init containers: 1, containers: 1, volumes: 3)
2025-01-28 23:40:06,648 INFO c.h.h.t.HelmChartContainer - [hivemq-test-hivemq-platform] [hivemq-platform-operator] [a1b31a1e] 23:40:06.647 [ReconcilerExecutor-hivemq-controller-144] DEBUG c.h.p.o.h.HiveMQPlatformReconcilerErrorHandler - [helmroll] Pod 'test-hivemq-platform-1' phase Running
2025-01-28 23:40:06,650 INFO c.h.h.t.HelmChartContainer - [hivemq-test-hivemq-platform] [hivemq-platform-operator] [a1b31a1e] 23:40:06.649 [ReconcilerExecutor-hivemq-controller-144] DEBUG c.h.p.o.h.HiveMQPlatformReconcilerErrorHandler - [helmroll] Pod 'test-hivemq-platform-0' phase Running
2025-01-28 23:40:06,651 INFO c.h.h.t.HelmChartContainer - [hivemq-test-hivemq-platform] [hivemq-platform-operator] [a1b31a1e] 23:40:06.650 [ReconcilerExecutor-hivemq-controller-144] DEBUG c.h.p.o.h.HiveMQPlatformReconcilerRollingRestartHandler - [helmroll] Rolling restart is waiting for 1 of 2 replicas
2025-01-28 23:40:06,674 INFO c.h.h.t.HelmChartContainer - [test-hivemq-platform] [hivemq] [544511f5] WARN  - [HiveMQ Platform Operator Init App 1.7.0-SNAPSHOT] Cannot connect to Health API for readiness: null
2025-01-28 23:40:06,680 INFO c.h.h.t.HelmChartContainer - [EVENT] Warning [Unhealthy] Readiness probe failed: HTTP probe failed with statuscode: 503 [helmrollingupgradeplatformit:test-hivemq-platform-0]
2025-01-28 23:40:06,680 INFO c.h.h.t.HelmChartContainer - Received Unhealthy event for container hivemq in pod test-hivemq-platform-0 [544511f5-cfb2-47d0-8939-367ee40b98e2]
2025-01-28 23:40:07,181 INFO c.h.h.t.HelmChartContainer - [test-hivemq-platform] [hivemq] [544511f5] INFO  - Started HiveMQ Health API in 897ms
2025-01-28 23:40:07,790 INFO c.h.h.t.HelmChartContainer - [test-hivemq-platform] [hivemq] [544511f5] INFO  - Starting HiveMQ extension system.
2025-01-28 23:40:08,074 INFO c.h.h.t.HelmChartContainer - [test-hivemq-platform] [hivemq] [544511f5] INFO  - Starting extension with id "hivemq-dns-cluster-discovery" at /opt/hivemq/extensions/hivemq-dns-cluster-discovery
2025-01-28 23:40:08,482 INFO c.h.h.t.HelmChartContainer - [test-hivemq-platform] [hivemq] [544511f5] INFO  - Extension "DNS Cluster Discovery Extension" version 4.3.2 started successfully.
2025-01-28 23:40:08,482 INFO c.h.h.t.HelmChartContainer - [test-hivemq-platform] [hivemq] [544511f5] INFO  - Starting extension with id "hivemq-prometheus-extension" at /opt/hivemq/extensions/hivemq-prometheus-extension
2025-01-28 23:40:08,580 INFO c.h.h.t.HelmChartContainer - [test-hivemq-platform] [hivemq] [544511f5] INFO  - Using TCP cluster transport on address 10.42.0.12 and port 7000
2025-01-28 23:40:08,675 INFO c.h.h.t.HelmChartContainer - [test-hivemq-platform] [hivemq] [544511f5] INFO  - Using extension cluster discovery
2025-01-28 23:40:09,776 INFO c.h.h.t.HelmChartContainer - [test-hivemq-platform] [hivemq] [544511f5] INFO  - Started Jetty Server exposing Prometheus Servlet on URI http://0.0.0.0:9399/
2025-01-28 23:40:09,776 INFO c.h.h.t.HelmChartContainer - [test-hivemq-platform] [hivemq] [544511f5] INFO  - Extension "Prometheus Monitoring Extension" version 4.0.12 started successfully.
2025-01-28 23:40:09,776 INFO c.h.h.t.HelmChartContainer - [test-hivemq-platform] [hivemq] [544511f5] INFO  - Starting extension with id "hivemq-allow-all-extension" at /opt/hivemq/extensions/hivemq-allow-all-extension
2025-01-28 23:40:09,776 INFO c.h.h.t.HelmChartContainer - [test-hivemq-platform] [hivemq] [544511f5] WARN  - 
2025-01-28 23:40:09,776 INFO c.h.h.t.HelmChartContainer - [test-hivemq-platform] [hivemq] [544511f5] ################################################################################################################
2025-01-28 23:40:09,776 INFO c.h.h.t.HelmChartContainer - [test-hivemq-platform] [hivemq] [544511f5] # This HiveMQ deployment is not secure! You are lacking Authentication and Authorization.                      #
2025-01-28 23:40:09,776 INFO c.h.h.t.HelmChartContainer - [test-hivemq-platform] [hivemq] [544511f5] # Right now any MQTT client can connect to the broker with a full set of permissions.                          #
2025-01-28 23:40:09,776 INFO c.h.h.t.HelmChartContainer - [test-hivemq-platform] [hivemq] [544511f5] # For production usage, add an appropriate security extension and remove the hivemq-allow-all extension.       #
2025-01-28 23:40:09,776 INFO c.h.h.t.HelmChartContainer - [test-hivemq-platform] [hivemq] [544511f5] # You can download security extensions from the HiveMQ Marketplace (https://www.hivemq.com/extensions/).       #
2025-01-28 23:40:09,776 INFO c.h.h.t.HelmChartContainer - [test-hivemq-platform] [hivemq] [544511f5] ################################################################################################################
2025-01-28 23:40:09,777 INFO c.h.h.t.HelmChartContainer - [test-hivemq-platform] [hivemq] [544511f5] INFO  - Extension "Allow All Extension" version 1.1.1 started successfully.
2025-01-28 23:40:09,801 INFO c.h.h.t.HelmChartContainer - [test-hivemq-platform] [hivemq] [ac221899] INFO  - Cluster nodes found by discovery: [WToda|3] (2) [WToda, 3Hkcr].
2025-01-28 23:40:09,878 INFO c.h.h.t.HelmChartContainer - [test-hivemq-platform] [hivemq] [544511f5] INFO  - Cluster nodes found by discovery: [WToda|3] (2) [WToda, 3Hkcr].
2025-01-28 23:40:09,988 INFO c.h.h.t.HelmChartContainer - [test-hivemq-platform] [hivemq] [544511f5] INFO  - Cluster size = 1, members : [WToda].
2025-01-28 23:40:10,375 INFO c.h.h.t.HelmChartContainer - [test-hivemq-platform] [hivemq] [544511f5] INFO  - Starting cluster join process. This may take a while. Please do not shut down HiveMQ.
2025-01-28 23:40:10,376 INFO c.h.h.t.HelmChartContainer - [test-hivemq-platform] [hivemq] [544511f5] INFO  - Cluster join process is still ongoing. Please do not shut down HiveMQ.
2025-01-28 23:40:12,077 INFO c.h.h.t.HelmChartContainer - [test-hivemq-platform] [hivemq] [544511f5] INFO  - [HiveMQ Platform Operator Init App 1.7.0-SNAPSHOT] Returning Health API response 503 for readiness
2025-01-28 23:40:12,082 INFO c.h.h.t.HelmChartContainer - [EVENT] Warning [Unhealthy] Readiness probe failed: HTTP probe failed with statuscode: 503 [helmrollingupgradeplatformit:test-hivemq-platform-0]
2025-01-28 23:40:12,082 INFO c.h.h.t.HelmChartContainer - Received Unhealthy event for container hivemq in pod test-hivemq-platform-0 [544511f5-cfb2-47d0-8939-367ee40b98e2]
2025-01-28 23:40:12,390 INFO c.h.h.t.HelmChartContainer - [test-hivemq-platform] [hivemq] [ac221899] INFO  - Cluster size = 2, members : [3Hkcr, WToda].
2025-01-28 23:40:12,474 INFO c.h.h.t.HelmChartContainer - [test-hivemq-platform] [hivemq] [544511f5] INFO  - Cluster size = 2, members : [3Hkcr, WToda].
2025-01-28 23:40:12,477 INFO c.h.h.t.HelmChartContainer - [test-hivemq-platform] [hivemq] [544511f5] INFO  - Finished cluster join process successfully.
2025-01-28 23:40:12,479 INFO c.h.h.t.HelmChartContainer - [test-hivemq-platform] [hivemq] [544511f5] WARN  - No user for HiveMQ Control Center configured. Starting with default user
2025-01-28 23:40:12,481 INFO c.h.h.t.HelmChartContainer - [test-hivemq-platform] [hivemq] [544511f5] INFO  - Starting HiveMQ Control Center on address 0.0.0.0 and port 8080
2025-01-28 23:40:12,573 INFO c.h.h.t.HelmChartContainer - [test-hivemq-platform] [hivemq] [544511f5] INFO  - Mounting HiveMQ Control Center V2 Preview
2025-01-28 23:40:13,178 INFO c.h.h.t.HelmChartContainer - [test-hivemq-platform] [hivemq] [544511f5] INFO  - Started HiveMQ Control Center in 698ms
2025-01-28 23:40:13,196 INFO c.h.h.t.HelmChartContainer - [test-hivemq-platform] [hivemq] [544511f5] INFO  - Starting TCP listener on address 0.0.0.0 and port 1883
2025-01-28 23:40:13,286 INFO c.h.h.t.HelmChartContainer - [test-hivemq-platform] [hivemq] [544511f5] INFO  - Started TCP Listener on address 0.0.0.0 and on port 1883.
2025-01-28 23:40:13,287 INFO c.h.h.t.HelmChartContainer - [test-hivemq-platform] [hivemq] [544511f5] INFO  - Started HiveMQ in 26407ms
2025-01-28 23:40:16,595 INFO c.h.h.t.HelmChartContainer - [test-hivemq-platform] [hivemq] [544511f5] INFO  - [HiveMQ Platform Operator Init App 1.7.0-SNAPSHOT] Returning Health API response 200 for readiness
2025-01-28 23:40:16,615 INFO c.h.h.t.HelmChartContainer - [POD] test-hivemq-platform-0 [544511f5-cfb2-47d0-8939-367ee40b98e2] in helmrollingupgradeplatformit was MODIFIED
2025-01-28 23:40:16,623 INFO c.h.h.t.HelmChartContainer - [hivemq-test-hivemq-platform] [hivemq-platform-operator] [a1b31a1e] 23:40:16.612 [pool-6-thread-15] DEBUG c.h.p.o.d.PlatformServiceResource - [helmroll] Desired Platform services (3 services)
2025-01-28 23:40:16,623 INFO c.h.h.t.HelmChartContainer - [hivemq-test-hivemq-platform] [hivemq-platform-operator] [a1b31a1e] 23:40:16.614 [pool-6-thread-13] DEBUG c.h.p.o.d.PodServiceAccountResource - [helmroll] Desired PodServiceAccountResource (serviceAccountName: hivemq-platform-pod-test-hivemq-platform)
2025-01-28 23:40:16,623 INFO c.h.h.t.HelmChartContainer - [hivemq-test-hivemq-platform] [hivemq-platform-operator] [a1b31a1e] 23:40:16.616 [pool-6-thread-19] DEBUG c.h.p.o.dependants.PodInfoConfigMap - [helmroll] Desired PodInfo ConfigMap (1 extensions) (1 enabled)
2025-01-28 23:40:16,623 INFO c.h.h.t.HelmChartContainer - [hivemq-test-hivemq-platform] [hivemq-platform-operator] [a1b31a1e] 23:40:16.616 [pool-6-thread-19] DEBUG c.h.p.o.dependants.PodInfoConfigMap - [helmroll] Desired PodInfo ConfigMap (metrics port: 9399) (metrics path: /)
2025-01-28 23:40:16,623 INFO c.h.h.t.HelmChartContainer - [hivemq-test-hivemq-platform] [hivemq-platform-operator] [a1b31a1e] 23:40:16.616 [pool-6-thread-19] DEBUG c.h.p.o.dependants.PodInfoConfigMap - [helmroll] Desired PodInfo ConfigMap (extension state hash: -1817474005)
2025-01-28 23:40:16,623 INFO c.h.h.t.HelmChartContainer - [hivemq-test-hivemq-platform] [hivemq-platform-operator] [a1b31a1e] 23:40:16.620 [pool-6-thread-14] DEBUG c.h.p.o.d.StatefulSetResource - [helmroll] Desired StatefulSet (2 replicas) for status ROLLING_RESTART (RESTART_PODS_IN_PROGRESS)
2025-01-28 23:40:16,628 INFO c.h.h.t.HelmChartContainer - [hivemq-test-hivemq-platform] [hivemq-platform-operator] [a1b31a1e] 23:40:16.626 [ReconcilerExecutor-hivemq-controller-145] INFO  c.h.p.o.HiveMQPlatformReconciler - [helmroll] Reconciling HiveMQ Platform 'test-hivemq-platform' in namespace 'helmrollingupgradeplatformit'
2025-01-28 23:40:16,628 INFO c.h.h.t.HelmChartContainer - [hivemq-test-hivemq-platform] [hivemq-platform-operator] [a1b31a1e] 23:40:16.626 [ReconcilerExecutor-hivemq-controller-145] DEBUG c.h.p.o.HiveMQPlatformReconciler - [helmroll] Custom Resource Status ROLLING_RESTART - HiveMQ Platform is restarting Pods (rolling restart) (RESTART_PODS_IN_PROGRESS)
2025-01-28 23:40:16,628 INFO c.h.h.t.HelmChartContainer - [hivemq-test-hivemq-platform] [hivemq-platform-operator] [a1b31a1e] 23:40:16.626 [ReconcilerExecutor-hivemq-controller-145] DEBUG c.h.p.o.HiveMQPlatformReconciler - [helmroll] Custom Resource Spec (replicas: 1) (extensions: 1)
2025-01-28 23:40:16,632 INFO c.h.h.t.HelmChartContainer - [hivemq-test-hivemq-platform] [hivemq-platform-operator] [a1b31a1e] 23:40:16.629 [ReconcilerExecutor-hivemq-controller-145] DEBUG c.h.p.o.HiveMQPlatformReconciler - [helmroll] StatefulSet Status (revision: test-hivemq-platform-945c6dcb4, replicas: 2, available: 1, ready: 1, current: 0, updated: 2)
2025-01-28 23:40:16,632 INFO c.h.h.t.HelmChartContainer - [hivemq-test-hivemq-platform] [hivemq-platform-operator] [a1b31a1e] 23:40:16.630 [ReconcilerExecutor-hivemq-controller-145] DEBUG c.h.p.o.HiveMQPlatformReconciler - [helmroll] StatefulSet Spec (replicas: 2, init containers: 1, containers: 1, volumes: 3)
2025-01-28 23:40:16,633 INFO c.h.h.t.HelmChartContainer - [hivemq-test-hivemq-platform] [hivemq-platform-operator] [a1b31a1e] 23:40:16.631 [ReconcilerExecutor-hivemq-controller-145] DEBUG c.h.p.o.h.HiveMQPlatformReconcilerErrorHandler - [helmroll] Pod 'test-hivemq-platform-1' phase Running
2025-01-28 23:40:16,634 INFO c.h.h.t.HelmChartContainer - [hivemq-test-hivemq-platform] [hivemq-platform-operator] [a1b31a1e] 23:40:16.631 [ReconcilerExecutor-hivemq-controller-145] DEBUG c.h.p.o.h.HiveMQPlatformReconcilerErrorHandler - [helmroll] Pod 'test-hivemq-platform-0' phase Running
2025-01-28 23:40:16,635 INFO c.h.h.t.HelmChartContainer - [hivemq-test-hivemq-platform] [hivemq-platform-operator] [a1b31a1e] 23:40:16.634 [ReconcilerExecutor-hivemq-controller-145] DEBUG c.h.p.o.h.HiveMQPlatformReconcilerRollingRestartHandler - [helmroll] Rolling restart is waiting for 1 of 2 replicas
2025-01-28 23:40:16,639 INFO c.h.h.t.HelmChartContainer - [hivemq-test-hivemq-platform] [hivemq-platform-operator] [a1b31a1e] 23:40:16.637 [pool-6-thread-26] DEBUG c.h.p.o.d.PlatformServiceResource - [helmroll] Desired Platform services (3 services)
2025-01-28 23:40:16,639 INFO c.h.h.t.HelmChartContainer - [hivemq-test-hivemq-platform] [hivemq-platform-operator] [a1b31a1e] 23:40:16.639 [pool-6-thread-24] DEBUG c.h.p.o.dependants.PodInfoConfigMap - [helmroll] Desired PodInfo ConfigMap (1 extensions) (1 enabled)
2025-01-28 23:40:16,639 INFO c.h.h.t.HelmChartContainer - [hivemq-test-hivemq-platform] [hivemq-platform-operator] [a1b31a1e] 23:40:16.639 [pool-6-thread-24] DEBUG c.h.p.o.dependants.PodInfoConfigMap - [helmroll] Desired PodInfo ConfigMap (metrics port: 9399) (metrics path: /)
2025-01-28 23:40:16,639 INFO c.h.h.t.HelmChartContainer - [hivemq-test-hivemq-platform] [hivemq-platform-operator] [a1b31a1e] 23:40:16.639 [pool-6-thread-24] DEBUG c.h.p.o.dependants.PodInfoConfigMap - [helmroll] Desired PodInfo ConfigMap (extension state hash: -1817474005)
2025-01-28 23:40:16,699 INFO c.h.h.t.HelmChartContainer - [hivemq-test-hivemq-platform] [hivemq-platform-operator] [a1b31a1e] 23:40:16.695 [pool-6-thread-29] DEBUG c.h.p.o.d.PodServiceAccountResource - [helmroll] Desired PodServiceAccountResource (serviceAccountName: hivemq-platform-pod-test-hivemq-platform)
2025-01-28 23:40:16,699 INFO c.h.h.t.HelmChartContainer - [hivemq-test-hivemq-platform] [hivemq-platform-operator] [a1b31a1e] 23:40:16.698 [pool-6-thread-21] DEBUG c.h.p.o.d.StatefulSetResource - [helmroll] Desired StatefulSet (2 replicas) for status ROLLING_RESTART (RESTART_PODS_IN_PROGRESS)
2025-01-28 23:40:16,702 INFO c.h.h.t.HelmChartContainer - [hivemq-test-hivemq-platform] [hivemq-platform-operator] [a1b31a1e] 23:40:16.701 [ReconcilerExecutor-hivemq-controller-146] INFO  c.h.p.o.HiveMQPlatformReconciler - [helmroll] Reconciling HiveMQ Platform 'test-hivemq-platform' in namespace 'helmrollingupgradeplatformit'
2025-01-28 23:40:16,702 INFO c.h.h.t.HelmChartContainer - [hivemq-test-hivemq-platform] [hivemq-platform-operator] [a1b31a1e] 23:40:16.701 [ReconcilerExecutor-hivemq-controller-146] DEBUG c.h.p.o.HiveMQPlatformReconciler - [helmroll] Custom Resource Status ROLLING_RESTART - HiveMQ Platform is restarting Pods (rolling restart) (RESTART_PODS_IN_PROGRESS)
2025-01-28 23:40:16,702 INFO c.h.h.t.HelmChartContainer - [hivemq-test-hivemq-platform] [hivemq-platform-operator] [a1b31a1e] 23:40:16.701 [ReconcilerExecutor-hivemq-controller-146] DEBUG c.h.p.o.HiveMQPlatformReconciler - [helmroll] Custom Resource Spec (replicas: 1) (extensions: 1)
2025-01-28 23:40:16,703 INFO c.h.h.t.HelmChartContainer - [hivemq-test-hivemq-platform] [hivemq-platform-operator] [a1b31a1e] 23:40:16.702 [ReconcilerExecutor-hivemq-controller-146] DEBUG c.h.p.o.HiveMQPlatformReconciler - [helmroll] StatefulSet Status (revision: test-hivemq-platform-945c6dcb4, replicas: 2, available: 2, ready: 2, current: 0, updated: 2)
2025-01-28 23:40:16,704 INFO c.h.h.t.HelmChartContainer - [hivemq-test-hivemq-platform] [hivemq-platform-operator] [a1b31a1e] 23:40:16.702 [ReconcilerExecutor-hivemq-controller-146] DEBUG c.h.p.o.HiveMQPlatformReconciler - [helmroll] StatefulSet Spec (replicas: 2, init containers: 1, containers: 1, volumes: 3)
2025-01-28 23:40:16,705 INFO c.h.h.t.HelmChartContainer - [hivemq-test-hivemq-platform] [hivemq-platform-operator] [a1b31a1e] 23:40:16.703 [ReconcilerExecutor-hivemq-controller-146] DEBUG c.h.p.o.h.HiveMQPlatformReconcilerErrorHandler - [helmroll] Pod 'test-hivemq-platform-1' phase Running
2025-01-28 23:40:16,706 INFO c.h.h.t.HelmChartContainer - [hivemq-test-hivemq-platform] [hivemq-platform-operator] [a1b31a1e] 23:40:16.704 [ReconcilerExecutor-hivemq-controller-146] DEBUG c.h.p.o.h.HiveMQPlatformReconcilerErrorHandler - [helmroll] Pod 'test-hivemq-platform-0' phase Running
2025-01-28 23:40:16,797 INFO c.h.h.t.HelmChartContainer - [hivemq-test-hivemq-platform] [hivemq-platform-operator] [a1b31a1e] 23:40:16.796 [ReconcilerExecutor-hivemq-controller-146] DEBUG c.h.p.o.h.HiveMQPlatformReconcilerRollingRestartHandler - [helmroll] Skipping Pod test-hivemq-platform-1 as it's already on the controller update revision (update revision: test-hivemq-platform-945c6dcb4, pod revision: test-hivemq-platform-945c6dcb4)
2025-01-28 23:40:16,801 INFO c.h.h.t.HelmChartContainer - [hivemq-test-hivemq-platform] [hivemq-platform-operator] [a1b31a1e] 23:40:16.800 [ReconcilerExecutor-hivemq-controller-146] DEBUG c.h.p.o.h.HiveMQPlatformReconcilerRollingRestartHandler - [helmroll] Skipping Pod test-hivemq-platform-0 as it's already on the controller update revision (update revision: test-hivemq-platform-945c6dcb4, pod revision: test-hivemq-platform-945c6dcb4)
2025-01-28 23:40:16,802 INFO c.h.h.t.HelmChartContainer - [hivemq-test-hivemq-platform] [hivemq-platform-operator] [a1b31a1e] 23:40:16.800 [ReconcilerExecutor-hivemq-controller-146] INFO  c.h.p.o.h.HiveMQPlatformReconcilerRollingRestartHandler - [helmroll] Stopping surge Pod
2025-01-28 23:40:16,819 INFO c.h.h.t.HelmChartContainer - [hivemq-test-hivemq-platform] [hivemq-platform-operator] [a1b31a1e] 23:40:16.819 [ReconcilerExecutor-hivemq-controller-146] DEBUG c.h.p.operator.event.EventSender - [helmroll] Creating K8s event rolling-restart-scale-down-in-progress: [RollingRestart] HiveMQ Platform is stopping the surge Pod (rolling restart)
2025-01-28 23:40:16,898 INFO c.h.h.t.HelmChartContainer - [EVENT] Normal [RollingRestart] HiveMQ Platform is stopping the surge Pod (rolling restart) [helmrollingupgradeplatformit:test-hivemq-platform]
2025-01-28 23:40:16,899 INFO c.h.h.t.HelmChartContainer - [hivemq-test-hivemq-platform] [hivemq-platform-operator] [a1b31a1e] 23:40:16.898 [ReconcilerExecutor-hivemq-controller-146] INFO  c.h.p.o.h.AbstractHiveMQReconcilerStateHandler - [helmroll] Update HiveMQ Platform Status (ROLLING_RESTART [RESTART_PODS_IN_PROGRESS] -> ROLLING_RESTART [SCALE_DOWN_IN_PROGRESS]): HiveMQ Platform is stopping the surge Pod (rolling restart)
2025-01-28 23:40:16,907 DEBUG com.hivemq.helmcharts.util.K8sUtil - Comparing actual state 'ROLLING_RESTART' and waiting for 'RUNNING'
2025-01-28 23:40:23,411 INFO c.h.h.t.HelmChartContainer - [test-hivemq-platform] [hivemq] [544511f5] INFO  - [HiveMQ Platform Operator Init App 1.7.0-SNAPSHOT] Returning Health API response 200 for liveness
2025-01-28 23:40:26,911 INFO c.h.h.t.HelmChartContainer - [hivemq-test-hivemq-platform] [hivemq-platform-operator] [a1b31a1e] 23:40:26.910 [pool-6-thread-38] DEBUG c.h.p.o.d.PlatformServiceResource - [helmroll] Desired Platform services (3 services)
2025-01-28 23:40:26,912 INFO c.h.h.t.HelmChartContainer - [hivemq-test-hivemq-platform] [hivemq-platform-operator] [a1b31a1e] 23:40:26.911 [pool-6-thread-37] DEBUG c.h.p.o.d.PodServiceAccountResource - [helmroll] Desired PodServiceAccountResource (serviceAccountName: hivemq-platform-pod-test-hivemq-platform)
2025-01-28 23:40:26,912 INFO c.h.h.t.HelmChartContainer - [hivemq-test-hivemq-platform] [hivemq-platform-operator] [a1b31a1e] 23:40:26.911 [pool-6-thread-39] DEBUG c.h.p.o.dependants.PodInfoConfigMap - [helmroll] Desired PodInfo ConfigMap (1 extensions) (1 enabled)
2025-01-28 23:40:26,912 INFO c.h.h.t.HelmChartContainer - [hivemq-test-hivemq-platform] [hivemq-platform-operator] [a1b31a1e] 23:40:26.911 [pool-6-thread-39] DEBUG c.h.p.o.dependants.PodInfoConfigMap - [helmroll] Desired PodInfo ConfigMap (metrics port: 9399) (metrics path: /)
2025-01-28 23:40:26,912 INFO c.h.h.t.HelmChartContainer - [hivemq-test-hivemq-platform] [hivemq-platform-operator] [a1b31a1e] 23:40:26.911 [pool-6-thread-39] DEBUG c.h.p.o.dependants.PodInfoConfigMap - [helmroll] Desired PodInfo ConfigMap (extension state hash: -1817474005)
2025-01-28 23:40:26,913 INFO c.h.h.t.HelmChartContainer - [hivemq-test-hivemq-platform] [hivemq-platform-operator] [a1b31a1e] 23:40:26.912 [pool-6-thread-39] DEBUG c.h.p.o.dependants.PodInfoConfigMap - [helmroll] Update PodInfo ConfigMap
2025-01-28 23:40:26,921 INFO c.h.h.t.HelmChartContainer - [hivemq-test-hivemq-platform] [hivemq-platform-operator] [a1b31a1e] 23:40:26.920 [pool-6-thread-39] DEBUG c.h.p.o.d.StatefulSetResource - [helmroll] Desired StatefulSet (1 replicas) for status ROLLING_RESTART (SCALE_DOWN_IN_PROGRESS)
2025-01-28 23:40:26,923 INFO c.h.h.t.HelmChartContainer - [hivemq-test-hivemq-platform] [hivemq-platform-operator] [a1b31a1e] 23:40:26.922 [pool-6-thread-39] DEBUG c.h.p.o.d.StatefulSetResource - [helmroll] Update StatefulSet (replicas: 2 -> 1)
2025-01-28 23:40:26,937 INFO c.h.h.t.HelmChartContainer - [hivemq-test-hivemq-platform] [hivemq-platform-operator] [a1b31a1e] 23:40:26.936 [ReconcilerExecutor-hivemq-controller-147] INFO  c.h.p.o.HiveMQPlatformReconciler - [helmroll] Reconciling HiveMQ Platform 'test-hivemq-platform' in namespace 'helmrollingupgradeplatformit'
2025-01-28 23:40:26,937 INFO c.h.h.t.HelmChartContainer - [hivemq-test-hivemq-platform] [hivemq-platform-operator] [a1b31a1e] 23:40:26.936 [ReconcilerExecutor-hivemq-controller-147] DEBUG c.h.p.o.HiveMQPlatformReconciler - [helmroll] Custom Resource Status ROLLING_RESTART - HiveMQ Platform is stopping the surge Pod (rolling restart) (SCALE_DOWN_IN_PROGRESS)
2025-01-28 23:40:26,938 INFO c.h.h.t.HelmChartContainer - [hivemq-test-hivemq-platform] [hivemq-platform-operator] [a1b31a1e] 23:40:26.936 [ReconcilerExecutor-hivemq-controller-147] DEBUG c.h.p.o.HiveMQPlatformReconciler - [helmroll] Custom Resource Spec (replicas: 1) (extensions: 1)
2025-01-28 23:40:26,938 INFO c.h.h.t.HelmChartContainer - [hivemq-test-hivemq-platform] [hivemq-platform-operator] [a1b31a1e] 23:40:26.937 [ReconcilerExecutor-hivemq-controller-147] DEBUG c.h.p.o.HiveMQPlatformReconciler - [helmroll] StatefulSet Status (revision: test-hivemq-platform-945c6dcb4, replicas: 2, available: 2, ready: 2, current: 0, updated: 2)
2025-01-28 23:40:26,938 INFO c.h.h.t.HelmChartContainer - [hivemq-test-hivemq-platform] [hivemq-platform-operator] [a1b31a1e] 23:40:26.937 [ReconcilerExecutor-hivemq-controller-147] DEBUG c.h.p.o.HiveMQPlatformReconciler - [helmroll] StatefulSet Spec (replicas: 1, init containers: 1, containers: 1, volumes: 3)
2025-01-28 23:40:26,942 INFO c.h.h.t.HelmChartContainer - [hivemq-test-hivemq-platform] [hivemq-platform-operator] [a1b31a1e] 23:40:26.938 [ReconcilerExecutor-hivemq-controller-147] DEBUG c.h.p.o.h.HiveMQPlatformReconcilerErrorHandler - [helmroll] Pod 'test-hivemq-platform-0' phase Running
2025-01-28 23:40:26,942 INFO c.h.h.t.HelmChartContainer - [hivemq-test-hivemq-platform] [hivemq-platform-operator] [a1b31a1e] 23:40:26.939 [ReconcilerExecutor-hivemq-controller-147] DEBUG c.h.p.o.h.HiveMQPlatformReconcilerRollingRestartHandler - [helmroll] Rolling restart is waiting for 2 of 1 replicas
2025-01-28 23:40:26,944 INFO c.h.h.t.HelmChartContainer - [POD] test-hivemq-platform-1 [ac221899-f96a-4af1-9d62-57db2fed9d80] in helmrollingupgradeplatformit was MODIFIED
2025-01-28 23:40:26,953 INFO c.h.h.t.HelmChartContainer - [EVENT] Normal [SuccessfulDelete] delete Pod test-hivemq-platform-1 in StatefulSet test-hivemq-platform successful [helmrollingupgradeplatformit:test-hivemq-platform]
2025-01-28 23:40:26,953 INFO c.h.h.t.HelmChartContainer - [EVENT] Normal [Killing] Stopping container hivemq [helmrollingupgradeplatformit:test-hivemq-platform-1]
2025-01-28 23:40:26,953 INFO c.h.h.t.HelmChartContainer - Received Killing event for container hivemq in pod test-hivemq-platform-1 [ac221899-f96a-4af1-9d62-57db2fed9d80]
2025-01-28 23:40:26,953 INFO c.h.h.t.HelmChartContainer - Container [test-hivemq-platform-1] [hivemq] [ac221899-f96a-4af1-9d62-57db2fed9d80] was terminated
2025-01-28 23:40:26,953 INFO c.h.h.t.HelmChartContainer - Stopped log watcher for hivemq in pod test-hivemq-platform-1 [ac221899-f96a-4af1-9d62-57db2fed9d80]
2025-01-28 23:40:26,958 INFO c.h.h.t.HelmChartContainer - [test-hivemq-platform] [hivemq] [ac221899] INFO  - [HiveMQ Platform Operator Init App 1.7.0-SNAPSHOT] Shutting down
2025-01-28 23:40:26,958 INFO c.h.h.t.HelmChartContainer - [test-hivemq-platform] [hivemq] [ac221899] INFO  - [HiveMQ Platform Operator Init App 1.7.0-SNAPSHOT] Stopping the HiveMQ Platform
2025-01-28 23:40:27,000 INFO c.h.h.t.HelmChartContainer - [hivemq-test-hivemq-platform] [hivemq-platform-operator] [a1b31a1e] 23:40:26.998 [pool-6-thread-48] DEBUG c.h.p.o.d.PlatformServiceResource - [helmroll] Desired Platform services (3 services)
2025-01-28 23:40:27,002 INFO c.h.h.t.HelmChartContainer - [hivemq-test-hivemq-platform] [hivemq-platform-operator] [a1b31a1e] 23:40:26.999 [pool-6-thread-47] DEBUG c.h.p.o.dependants.PodInfoConfigMap - [helmroll] Desired PodInfo ConfigMap (1 extensions) (1 enabled)
2025-01-28 23:40:27,002 INFO c.h.h.t.HelmChartContainer - [hivemq-test-hivemq-platform] [hivemq-platform-operator] [a1b31a1e] 23:40:26.999 [pool-6-thread-47] DEBUG c.h.p.o.dependants.PodInfoConfigMap - [helmroll] Desired PodInfo ConfigMap (metrics port: 9399) (metrics path: /)
2025-01-28 23:40:27,002 INFO c.h.h.t.HelmChartContainer - [hivemq-test-hivemq-platform] [hivemq-platform-operator] [a1b31a1e] 23:40:26.999 [pool-6-thread-47] DEBUG c.h.p.o.dependants.PodInfoConfigMap - [helmroll] Desired PodInfo ConfigMap (extension state hash: -1817474005)
2025-01-28 23:40:27,002 INFO c.h.h.t.HelmChartContainer - [hivemq-test-hivemq-platform] [hivemq-platform-operator] [a1b31a1e] 23:40:27.001 [pool-6-thread-41] DEBUG c.h.p.o.d.PodServiceAccountResource - [helmroll] Desired PodServiceAccountResource (serviceAccountName: hivemq-platform-pod-test-hivemq-platform)
2025-01-28 23:40:27,003 INFO c.h.h.t.HelmChartContainer - [hivemq-test-hivemq-platform] [hivemq-platform-operator] [a1b31a1e] 23:40:27.002 [pool-6-thread-45] DEBUG c.h.p.o.d.StatefulSetResource - [helmroll] Desired StatefulSet (1 replicas) for status ROLLING_RESTART (SCALE_DOWN_IN_PROGRESS)
2025-01-28 23:40:27,007 INFO c.h.h.t.HelmChartContainer - [hivemq-test-hivemq-platform] [hivemq-platform-operator] [a1b31a1e] 23:40:27.005 [ReconcilerExecutor-hivemq-controller-150] INFO  c.h.p.o.HiveMQPlatformReconciler - [helmroll] Reconciling HiveMQ Platform 'test-hivemq-platform' in namespace 'helmrollingupgradeplatformit'
2025-01-28 23:40:27,007 INFO c.h.h.t.HelmChartContainer - [hivemq-test-hivemq-platform] [hivemq-platform-operator] [a1b31a1e] 23:40:27.005 [ReconcilerExecutor-hivemq-controller-150] DEBUG c.h.p.o.HiveMQPlatformReconciler - [helmroll] Custom Resource Status ROLLING_RESTART - HiveMQ Platform is stopping the surge Pod (rolling restart) (SCALE_DOWN_IN_PROGRESS)
2025-01-28 23:40:27,007 INFO c.h.h.t.HelmChartContainer - [hivemq-test-hivemq-platform] [hivemq-platform-operator] [a1b31a1e] 23:40:27.005 [ReconcilerExecutor-hivemq-controller-150] DEBUG c.h.p.o.HiveMQPlatformReconciler - [helmroll] Custom Resource Spec (replicas: 1) (extensions: 1)
2025-01-28 23:40:27,008 INFO c.h.h.t.HelmChartContainer - [hivemq-test-hivemq-platform] [hivemq-platform-operator] [a1b31a1e] 23:40:27.006 [ReconcilerExecutor-hivemq-controller-150] DEBUG c.h.p.o.HiveMQPlatformReconciler - [helmroll] StatefulSet Status (revision: test-hivemq-platform-945c6dcb4, replicas: 2, available: 2, ready: 2, current: 0, updated: 1)
2025-01-28 23:40:27,008 INFO c.h.h.t.HelmChartContainer - [hivemq-test-hivemq-platform] [hivemq-platform-operator] [a1b31a1e] 23:40:27.006 [ReconcilerExecutor-hivemq-controller-150] DEBUG c.h.p.o.HiveMQPlatformReconciler - [helmroll] StatefulSet Spec (replicas: 1, init containers: 1, containers: 1, volumes: 3)
2025-01-28 23:40:27,008 INFO c.h.h.t.HelmChartContainer - [hivemq-test-hivemq-platform] [hivemq-platform-operator] [a1b31a1e] 23:40:27.007 [ReconcilerExecutor-hivemq-controller-150] DEBUG c.h.p.o.h.HiveMQPlatformReconcilerErrorHandler - [helmroll] Pod 'test-hivemq-platform-0' phase Running
2025-01-28 23:40:27,008 INFO c.h.h.t.HelmChartContainer - [hivemq-test-hivemq-platform] [hivemq-platform-operator] [a1b31a1e] 23:40:27.007 [ReconcilerExecutor-hivemq-controller-150] DEBUG c.h.p.o.h.HiveMQPlatformReconcilerRollingRestartHandler - [helmroll] Rolling restart is waiting for 2 of 1 replicas
2025-01-28 23:40:27,012 INFO c.h.h.t.HelmChartContainer - [hivemq-test-hivemq-platform] [hivemq-platform-operator] [a1b31a1e] 23:40:27.011 [pool-6-thread-5] DEBUG c.h.p.o.d.PlatformServiceResource - [helmroll] Desired Platform services (3 services)
2025-01-28 23:40:27,013 INFO c.h.h.t.HelmChartContainer - [hivemq-test-hivemq-platform] [hivemq-platform-operator] [a1b31a1e] 23:40:27.013 [pool-6-thread-5] DEBUG c.h.p.o.d.PodServiceAccountResource - [helmroll] Desired PodServiceAccountResource (serviceAccountName: hivemq-platform-pod-test-hivemq-platform)
2025-01-28 23:40:27,016 INFO c.h.h.t.HelmChartContainer - [hivemq-test-hivemq-platform] [hivemq-platform-operator] [a1b31a1e] 23:40:27.014 [pool-6-thread-10] DEBUG c.h.p.o.dependants.PodInfoConfigMap - [helmroll] Desired PodInfo ConfigMap (1 extensions) (1 enabled)
2025-01-28 23:40:27,017 INFO c.h.h.t.HelmChartContainer - [hivemq-test-hivemq-platform] [hivemq-platform-operator] [a1b31a1e] 23:40:27.015 [pool-6-thread-10] DEBUG c.h.p.o.dependants.PodInfoConfigMap - [helmroll] Desired PodInfo ConfigMap (metrics port: 9399) (metrics path: /)
2025-01-28 23:40:27,017 INFO c.h.h.t.HelmChartContainer - [hivemq-test-hivemq-platform] [hivemq-platform-operator] [a1b31a1e] 23:40:27.015 [pool-6-thread-10] DEBUG c.h.p.o.dependants.PodInfoConfigMap - [helmroll] Desired PodInfo ConfigMap (extension state hash: -1817474005)
2025-01-28 23:40:27,099 INFO c.h.h.t.HelmChartContainer - [hivemq-test-hivemq-platform] [hivemq-platform-operator] [a1b31a1e] 23:40:27.096 [pool-6-thread-10] DEBUG c.h.p.o.d.StatefulSetResource - [helmroll] Desired StatefulSet (1 replicas) for status ROLLING_RESTART (SCALE_DOWN_IN_PROGRESS)
2025-01-28 23:40:27,100 INFO c.h.h.t.HelmChartContainer - [hivemq-test-hivemq-platform] [hivemq-platform-operator] [a1b31a1e] 23:40:27.099 [ReconcilerExecutor-hivemq-controller-151] INFO  c.h.p.o.HiveMQPlatformReconciler - [helmroll] Reconciling HiveMQ Platform 'test-hivemq-platform' in namespace 'helmrollingupgradeplatformit'
2025-01-28 23:40:27,101 INFO c.h.h.t.HelmChartContainer - [hivemq-test-hivemq-platform] [hivemq-platform-operator] [a1b31a1e] 23:40:27.099 [ReconcilerExecutor-hivemq-controller-151] DEBUG c.h.p.o.HiveMQPlatformReconciler - [helmroll] Custom Resource Status ROLLING_RESTART - HiveMQ Platform is stopping the surge Pod (rolling restart) (SCALE_DOWN_IN_PROGRESS)
2025-01-28 23:40:27,102 INFO c.h.h.t.HelmChartContainer - [hivemq-test-hivemq-platform] [hivemq-platform-operator] [a1b31a1e] 23:40:27.099 [ReconcilerExecutor-hivemq-controller-151] DEBUG c.h.p.o.HiveMQPlatformReconciler - [helmroll] Custom Resource Spec (replicas: 1) (extensions: 1)
2025-01-28 23:40:27,102 INFO c.h.h.t.HelmChartContainer - [hivemq-test-hivemq-platform] [hivemq-platform-operator] [a1b31a1e] 23:40:27.100 [ReconcilerExecutor-hivemq-controller-151] DEBUG c.h.p.o.HiveMQPlatformReconciler - [helmroll] StatefulSet Status (revision: test-hivemq-platform-945c6dcb4, replicas: 2, available: 2, ready: 2, current: 0, updated: 1)
2025-01-28 23:40:27,103 INFO c.h.h.t.HelmChartContainer - [hivemq-test-hivemq-platform] [hivemq-platform-operator] [a1b31a1e] 23:40:27.100 [ReconcilerExecutor-hivemq-controller-151] DEBUG c.h.p.o.HiveMQPlatformReconciler - [helmroll] StatefulSet Spec (replicas: 1, init containers: 1, containers: 1, volumes: 3)
2025-01-28 23:40:27,103 INFO c.h.h.t.HelmChartContainer - [hivemq-test-hivemq-platform] [hivemq-platform-operator] [a1b31a1e] 23:40:27.101 [ReconcilerExecutor-hivemq-controller-151] DEBUG c.h.p.o.h.HiveMQPlatformReconcilerErrorHandler - [helmroll] Pod 'test-hivemq-platform-0' phase Running
2025-01-28 23:40:27,103 INFO c.h.h.t.HelmChartContainer - [hivemq-test-hivemq-platform] [hivemq-platform-operator] [a1b31a1e] 23:40:27.101 [ReconcilerExecutor-hivemq-controller-151] DEBUG c.h.p.o.h.HiveMQPlatformReconcilerRollingRestartHandler - [helmroll] Rolling restart is waiting for 2 of 1 replicas
2025-01-28 23:40:27,135 INFO c.h.h.t.HelmChartContainer - [test-hivemq-platform] [hivemq] [ac221899] INFO  - Shutting down HiveMQ. Please wait, this could take a while...
2025-01-28 23:40:27,139 INFO c.h.h.t.HelmChartContainer - [test-hivemq-platform] [hivemq] [ac221899] INFO  - Shutting down listeners and clients
2025-01-28 23:40:27,140 INFO c.h.h.t.HelmChartContainer - [test-hivemq-platform] [hivemq] [ac221899] INFO  - Shutdown of listeners is done
2025-01-28 23:40:27,141 INFO c.h.h.t.HelmChartContainer - [test-hivemq-platform] [hivemq] [ac221899] INFO  - No clients are connected, proceeding with shutdown
2025-01-28 23:40:29,805 INFO c.h.h.t.HelmChartContainer - [test-hivemq-platform] [hivemq] [ac221899] INFO  - Shutting down extension system
2025-01-28 23:40:29,811 INFO c.h.h.t.HelmChartContainer - [test-hivemq-platform] [hivemq] [ac221899] INFO  - Stopping extension with id hivemq-dns-cluster-discovery
2025-01-28 23:40:29,812 INFO c.h.h.t.HelmChartContainer - [test-hivemq-platform] [hivemq] [ac221899] INFO  - Extension "DNS Cluster Discovery Extension" version 4.3.2 stopped successfully.
2025-01-28 23:40:29,812 INFO c.h.h.t.HelmChartContainer - [test-hivemq-platform] [hivemq] [ac221899] INFO  - Stopping extension with id hivemq-prometheus-extension
2025-01-28 23:40:29,816 INFO c.h.h.t.HelmChartContainer - [test-hivemq-platform] [hivemq] [ac221899] INFO  - Extension "Prometheus Monitoring Extension" version 4.0.12 stopped successfully.
2025-01-28 23:40:29,817 INFO c.h.h.t.HelmChartContainer - [test-hivemq-platform] [hivemq] [ac221899] INFO  - Stopping extension with id hivemq-allow-all-extension
2025-01-28 23:40:29,817 INFO c.h.h.t.HelmChartContainer - [test-hivemq-platform] [hivemq] [ac221899] INFO  - Extension "Allow All Extension" version 1.1.1 stopped successfully.
2025-01-28 23:40:29,826 INFO c.h.h.t.HelmChartContainer - [test-hivemq-platform] [hivemq] [544511f5] INFO  - Cluster nodes found by discovery: [3Hkcr|4] (1) [3Hkcr].
2025-01-28 23:40:29,830 INFO c.h.h.t.HelmChartContainer - [test-hivemq-platform] [hivemq] [544511f5] INFO  - Cluster size = 1, members : [3Hkcr].
2025-01-28 23:40:30,951 INFO c.h.h.t.HelmChartContainer - [test-hivemq-platform] [hivemq] [ac221899] INFO  - [HiveMQ Platform Operator Init App 1.7.0-SNAPSHOT] Returning shutdown Health API response 503 for readiness
2025-01-28 23:40:30,955 INFO c.h.h.t.HelmChartContainer - [EVENT] Warning [Unhealthy] Readiness probe failed: HTTP probe failed with statuscode: 503 [helmrollingupgradeplatformit:test-hivemq-platform-1]
2025-01-28 23:40:30,955 INFO c.h.h.t.HelmChartContainer - Received Unhealthy event for container hivemq in pod test-hivemq-platform-1 [ac221899-f96a-4af1-9d62-57db2fed9d80]
2025-01-28 23:40:32,137 INFO c.h.h.t.HelmChartContainer - [test-hivemq-platform] [hivemq] [ac221899] INFO  - Shutdown completed.
2025-01-28 23:40:32,487 INFO c.h.h.t.HelmChartContainer - [test-hivemq-platform] [hivemq] [ac221899] INFO  - [HiveMQ Platform Operator Init App 1.7.0-SNAPSHOT] The HiveMQ Platform exited with code 143
2025-01-28 23:40:32,487 INFO c.h.h.t.HelmChartContainer - [test-hivemq-platform] [hivemq] [ac221899] INFO  - [HiveMQ Platform Operator Init App 1.7.0-SNAPSHOT] Stopping the REST API
2025-01-28 23:40:32,531 INFO c.h.h.t.HelmChartContainer - [test-hivemq-platform] [hivemq] [ac221899] INFO  - [HiveMQ Platform Operator Init App 1.7.0-SNAPSHOT] Shutdown complete
2025-01-28 23:40:33,008 INFO c.h.h.t.HelmChartContainer - [POD] test-hivemq-platform-1 [ac221899-f96a-4af1-9d62-57db2fed9d80] in helmrollingupgradeplatformit was MODIFIED
2025-01-28 23:40:33,041 INFO c.h.h.t.HelmChartContainer - [hivemq-test-hivemq-platform] [hivemq-platform-operator] [a1b31a1e] 23:40:33.016 [pool-6-thread-17] DEBUG c.h.p.o.d.PlatformServiceResource - [helmroll] Desired Platform services (3 services)
2025-01-28 23:40:33,041 INFO c.h.h.t.HelmChartContainer - [hivemq-test-hivemq-platform] [hivemq-platform-operator] [a1b31a1e] 23:40:33.017 [pool-6-thread-15] DEBUG c.h.p.o.dependants.PodInfoConfigMap - [helmroll] Desired PodInfo ConfigMap (1 extensions) (1 enabled)
2025-01-28 23:40:33,041 INFO c.h.h.t.HelmChartContainer - [hivemq-test-hivemq-platform] [hivemq-platform-operator] [a1b31a1e] 23:40:33.017 [pool-6-thread-15] DEBUG c.h.p.o.dependants.PodInfoConfigMap - [helmroll] Desired PodInfo ConfigMap (metrics port: 9399) (metrics path: /)
2025-01-28 23:40:33,041 INFO c.h.h.t.HelmChartContainer - [hivemq-test-hivemq-platform] [hivemq-platform-operator] [a1b31a1e] 23:40:33.017 [pool-6-thread-15] DEBUG c.h.p.o.dependants.PodInfoConfigMap - [helmroll] Desired PodInfo ConfigMap (extension state hash: -1817474005)
2025-01-28 23:40:33,041 INFO c.h.h.t.HelmChartContainer - [hivemq-test-hivemq-platform] [hivemq-platform-operator] [a1b31a1e] 23:40:33.019 [pool-6-thread-11] DEBUG c.h.p.o.d.PodServiceAccountResource - [helmroll] Desired PodServiceAccountResource (serviceAccountName: hivemq-platform-pod-test-hivemq-platform)
2025-01-28 23:40:33,041 INFO c.h.h.t.HelmChartContainer - [hivemq-test-hivemq-platform] [hivemq-platform-operator] [a1b31a1e] 23:40:33.027 [pool-6-thread-16] DEBUG c.h.p.o.d.StatefulSetResource - [helmroll] Desired StatefulSet (1 replicas) for status ROLLING_RESTART (SCALE_DOWN_IN_PROGRESS)
2025-01-28 23:40:33,050 INFO c.h.h.t.HelmChartContainer - [hivemq-test-hivemq-platform] [hivemq-platform-operator] [a1b31a1e] 23:40:33.031 [ReconcilerExecutor-hivemq-controller-152] INFO  c.h.p.o.HiveMQPlatformReconciler - [helmroll] Reconciling HiveMQ Platform 'test-hivemq-platform' in namespace 'helmrollingupgradeplatformit'
2025-01-28 23:40:33,050 INFO c.h.h.t.HelmChartContainer - [hivemq-test-hivemq-platform] [hivemq-platform-operator] [a1b31a1e] 23:40:33.031 [ReconcilerExecutor-hivemq-controller-152] DEBUG c.h.p.o.HiveMQPlatformReconciler - [helmroll] Custom Resource Status ROLLING_RESTART - HiveMQ Platform is stopping the surge Pod (rolling restart) (SCALE_DOWN_IN_PROGRESS)
2025-01-28 23:40:33,050 INFO c.h.h.t.HelmChartContainer - [hivemq-test-hivemq-platform] [hivemq-platform-operator] [a1b31a1e] 23:40:33.031 [ReconcilerExecutor-hivemq-controller-152] DEBUG c.h.p.o.HiveMQPlatformReconciler - [helmroll] Custom Resource Spec (replicas: 1) (extensions: 1)
2025-01-28 23:40:33,050 INFO c.h.h.t.HelmChartContainer - [hivemq-test-hivemq-platform] [hivemq-platform-operator] [a1b31a1e] 23:40:33.032 [ReconcilerExecutor-hivemq-controller-152] DEBUG c.h.p.o.HiveMQPlatformReconciler - [helmroll] StatefulSet Status (revision: test-hivemq-platform-945c6dcb4, replicas: 2, available: 2, ready: 2, current: 0, updated: 1)
2025-01-28 23:40:33,050 INFO c.h.h.t.HelmChartContainer - [hivemq-test-hivemq-platform] [hivemq-platform-operator] [a1b31a1e] 23:40:33.032 [ReconcilerExecutor-hivemq-controller-152] DEBUG c.h.p.o.HiveMQPlatformReconciler - [helmroll] StatefulSet Spec (replicas: 1, init containers: 1, containers: 1, volumes: 3)
2025-01-28 23:40:33,050 INFO c.h.h.t.HelmChartContainer - [hivemq-test-hivemq-platform] [hivemq-platform-operator] [a1b31a1e] 23:40:33.033 [ReconcilerExecutor-hivemq-controller-152] DEBUG c.h.p.o.h.HiveMQPlatformReconcilerErrorHandler - [helmroll] Pod 'test-hivemq-platform-0' phase Running
2025-01-28 23:40:33,050 INFO c.h.h.t.HelmChartContainer - [hivemq-test-hivemq-platform] [hivemq-platform-operator] [a1b31a1e] 23:40:33.033 [ReconcilerExecutor-hivemq-controller-152] DEBUG c.h.p.o.h.HiveMQPlatformReconcilerRollingRestartHandler - [helmroll] Rolling restart is waiting for 2 of 1 replicas
2025-01-28 23:40:33,053 INFO c.h.h.t.HelmChartContainer - [K3S] [reconciler_common.go:162] "operationExecutor.UnmountVolume started for volume \"kube-api-access-tf768\" (UniqueName: \"kubernetes.io/projected/ac221899-f96a-4af1-9d62-57db2fed9d80-kube-api-access-tf768\") pod \"ac221899-f96a-4af1-9d62-57db2fed9d80\" (UID: \"ac221899-f96a-4af1-9d62-57db2fed9d80\") "
2025-01-28 23:40:33,055 INFO c.h.h.t.HelmChartContainer - [K3S] [reconciler_common.go:162] "operationExecutor.UnmountVolume started for volume \"pod-info\" (UniqueName: \"kubernetes.io/configmap/ac221899-f96a-4af1-9d62-57db2fed9d80-pod-info\") pod \"ac221899-f96a-4af1-9d62-57db2fed9d80\" (UID: \"ac221899-f96a-4af1-9d62-57db2fed9d80\") "
2025-01-28 23:40:33,056 INFO c.h.h.t.HelmChartContainer - [K3S] [reconciler_common.go:162] "operationExecutor.UnmountVolume started for volume \"operator-init\" (UniqueName: \"kubernetes.io/empty-dir/ac221899-f96a-4af1-9d62-57db2fed9d80-operator-init\") pod \"ac221899-f96a-4af1-9d62-57db2fed9d80\" (UID: \"ac221899-f96a-4af1-9d62-57db2fed9d80\") "
2025-01-28 23:40:33,056 INFO c.h.h.t.HelmChartContainer - [K3S] [reconciler_common.go:162] "operationExecutor.UnmountVolume started for volume \"broker-configuration\" (UniqueName: \"kubernetes.io/configmap/ac221899-f96a-4af1-9d62-57db2fed9d80-broker-configuration\") pod \"ac221899-f96a-4af1-9d62-57db2fed9d80\" (UID: \"ac221899-f96a-4af1-9d62-57db2fed9d80\") "
2025-01-28 23:40:33,097 INFO c.h.h.t.HelmChartContainer - [hivemq-test-hivemq-platform] [hivemq-platform-operator] [a1b31a1e] 23:40:33.095 [pool-6-thread-22] DEBUG c.h.p.o.d.PlatformServiceResource - [helmroll] Desired Platform services (3 services)
2025-01-28 23:40:33,097 INFO c.h.h.t.HelmChartContainer - [hivemq-test-hivemq-platform] [hivemq-platform-operator] [a1b31a1e] 23:40:33.095 [pool-6-thread-27] DEBUG c.h.p.o.d.PodServiceAccountResource - [helmroll] Desired PodServiceAccountResource (serviceAccountName: hivemq-platform-pod-test-hivemq-platform)
2025-01-28 23:40:33,098 INFO c.h.h.t.HelmChartContainer - [hivemq-test-hivemq-platform] [hivemq-platform-operator] [a1b31a1e] 23:40:33.097 [pool-6-thread-28] DEBUG c.h.p.o.dependants.PodInfoConfigMap - [helmroll] Desired PodInfo ConfigMap (1 extensions) (1 enabled)
2025-01-28 23:40:33,099 INFO c.h.h.t.HelmChartContainer - [hivemq-test-hivemq-platform] [hivemq-platform-operator] [a1b31a1e] 23:40:33.098 [pool-6-thread-28] DEBUG c.h.p.o.dependants.PodInfoConfigMap - [helmroll] Desired PodInfo ConfigMap (metrics port: 9399) (metrics path: /)
2025-01-28 23:40:33,099 INFO c.h.h.t.HelmChartContainer - [hivemq-test-hivemq-platform] [hivemq-platform-operator] [a1b31a1e] 23:40:33.098 [pool-6-thread-28] DEBUG c.h.p.o.dependants.PodInfoConfigMap - [helmroll] Desired PodInfo ConfigMap (extension state hash: -1817474005)
2025-01-28 23:40:33,100 INFO c.h.h.t.HelmChartContainer - [hivemq-test-hivemq-platform] [hivemq-platform-operator] [a1b31a1e] 23:40:33.100 [pool-6-thread-28] DEBUG c.h.p.o.d.StatefulSetResource - [helmroll] Desired StatefulSet (1 replicas) for status ROLLING_RESTART (SCALE_DOWN_IN_PROGRESS)
2025-01-28 23:40:33,102 INFO c.h.h.t.HelmChartContainer - [hivemq-test-hivemq-platform] [hivemq-platform-operator] [a1b31a1e] 23:40:33.102 [ReconcilerExecutor-hivemq-controller-153] INFO  c.h.p.o.HiveMQPlatformReconciler - [helmroll] Reconciling HiveMQ Platform 'test-hivemq-platform' in namespace 'helmrollingupgradeplatformit'
2025-01-28 23:40:33,102 INFO c.h.h.t.HelmChartContainer - [hivemq-test-hivemq-platform] [hivemq-platform-operator] [a1b31a1e] 23:40:33.102 [ReconcilerExecutor-hivemq-controller-153] DEBUG c.h.p.o.HiveMQPlatformReconciler - [helmroll] Custom Resource Status ROLLING_RESTART - HiveMQ Platform is stopping the surge Pod (rolling restart) (SCALE_DOWN_IN_PROGRESS)
2025-01-28 23:40:33,102 INFO c.h.h.t.HelmChartContainer - [hivemq-test-hivemq-platform] [hivemq-platform-operator] [a1b31a1e] 23:40:33.102 [ReconcilerExecutor-hivemq-controller-153] DEBUG c.h.p.o.HiveMQPlatformReconciler - [helmroll] Custom Resource Spec (replicas: 1) (extensions: 1)
2025-01-28 23:40:33,103 INFO c.h.h.t.HelmChartContainer - [hivemq-test-hivemq-platform] [hivemq-platform-operator] [a1b31a1e] 23:40:33.102 [ReconcilerExecutor-hivemq-controller-153] DEBUG c.h.p.o.HiveMQPlatformReconciler - [helmroll] StatefulSet Status (revision: test-hivemq-platform-945c6dcb4, replicas: 2, available: 1, ready: 1, current: 0, updated: 1)
2025-01-28 23:40:33,103 INFO c.h.h.t.HelmChartContainer - [hivemq-test-hivemq-platform] [hivemq-platform-operator] [a1b31a1e] 23:40:33.102 [ReconcilerExecutor-hivemq-controller-153] DEBUG c.h.p.o.HiveMQPlatformReconciler - [helmroll] StatefulSet Spec (replicas: 1, init containers: 1, containers: 1, volumes: 3)
2025-01-28 23:40:33,104 INFO c.h.h.t.HelmChartContainer - [hivemq-test-hivemq-platform] [hivemq-platform-operator] [a1b31a1e] 23:40:33.103 [ReconcilerExecutor-hivemq-controller-153] DEBUG c.h.p.o.h.HiveMQPlatformReconcilerErrorHandler - [helmroll] Pod 'test-hivemq-platform-0' phase Running
2025-01-28 23:40:33,104 INFO c.h.h.t.HelmChartContainer - [hivemq-test-hivemq-platform] [hivemq-platform-operator] [a1b31a1e] 23:40:33.104 [ReconcilerExecutor-hivemq-controller-153] INFO  c.h.p.o.h.HiveMQPlatformReconcilerRollingRestartHandler - [helmroll] Rolling restart is done
2025-01-28 23:40:33,112 INFO c.h.h.t.HelmChartContainer - [EVENT] Normal [Ready] HiveMQ Platform is ready [helmrollingupgradeplatformit:test-hivemq-platform]
2025-01-28 23:40:33,113 INFO c.h.h.t.HelmChartContainer - [hivemq-test-hivemq-platform] [hivemq-platform-operator] [a1b31a1e] 23:40:33.112 [ReconcilerExecutor-hivemq-controller-153] DEBUG c.h.p.operator.event.EventSender - [helmroll] Updating K8s event hivemq-platform-ready: [Ready] HiveMQ Platform is ready
2025-01-28 23:40:33,113 INFO c.h.h.t.HelmChartContainer - [hivemq-test-hivemq-platform] [hivemq-platform-operator] [a1b31a1e] 23:40:33.112 [ReconcilerExecutor-hivemq-controller-153] INFO  c.h.p.o.h.AbstractHiveMQReconcilerStateHandler - [helmroll] Update HiveMQ Platform Status (ROLLING_RESTART [SCALE_DOWN_IN_PROGRESS] -> RUNNING [READY]): HiveMQ Platform is ready
2025-01-28 23:40:33,120 DEBUG com.hivemq.helmcharts.util.K8sUtil - Comparing actual state 'RUNNING' and waiting for 'RUNNING'
2025-01-28 23:40:33,128 INFO c.h.h.t.HelmChartContainer - Uninstalling release 'test-hivemq-platform' in namespace 'helmrollingupgradeplatformit'...
2025-01-28 23:40:33,128 DEBUG c.h.h.t.HelmChartContainer - Executing helm command: /bin/helm --kubeconfig /etc/rancher/k3s/k3s.yaml uninstall test-hivemq-platform  --wait --timeout 5m0s --cascade foreground --namespace helmrollingupgradeplatformit
2025-01-28 23:40:33,142 INFO c.h.h.t.HelmChartContainer - [K3S] [scope.go:117] "RemoveContainer" containerID="aa34306d0439e53d7a10c597a1e5b19f89746041c51849da217697479ca6be54"
2025-01-28 23:40:33,155 INFO c.h.h.t.HelmChartContainer - [K3S] [reconciler_common.go:299] "Volume detached for volume \"kube-api-access-tf768\" (UniqueName: \"kubernetes.io/projected/ac221899-f96a-4af1-9d62-57db2fed9d80-kube-api-access-tf768\") on node \"420d7b4f4b8a\" DevicePath \"\""
2025-01-28 23:40:33,155 INFO c.h.h.t.HelmChartContainer - [K3S] [reconciler_common.go:299] "Volume detached for volume \"pod-info\" (UniqueName: \"kubernetes.io/configmap/ac221899-f96a-4af1-9d62-57db2fed9d80-pod-info\") on node \"420d7b4f4b8a\" DevicePath \"\""
2025-01-28 23:40:33,155 INFO c.h.h.t.HelmChartContainer - [K3S] [reconciler_common.go:299] "Volume detached for volume \"operator-init\" (UniqueName: \"kubernetes.io/empty-dir/ac221899-f96a-4af1-9d62-57db2fed9d80-operator-init\") on node \"420d7b4f4b8a\" DevicePath \"\""
2025-01-28 23:40:33,155 INFO c.h.h.t.HelmChartContainer - [K3S] [reconciler_common.go:299] "Volume detached for volume \"broker-configuration\" (UniqueName: \"kubernetes.io/configmap/ac221899-f96a-4af1-9d62-57db2fed9d80-broker-configuration\") on node \"420d7b4f4b8a\" DevicePath \"\""
2025-01-28 23:40:33,170 INFO c.h.h.t.HelmChartContainer - [POD] test-hivemq-platform-1 [ac221899-f96a-4af1-9d62-57db2fed9d80] in helmrollingupgradeplatformit was MODIFIED
2025-01-28 23:40:33,172 INFO c.h.h.t.HelmChartContainer - [POD] test-hivemq-platform-1 [ac221899-f96a-4af1-9d62-57db2fed9d80] in helmrollingupgradeplatformit was DELETED
2025-01-28 23:40:33,177 INFO c.h.h.t.HelmChartContainer - [hivemq-test-hivemq-platform] [hivemq-platform-operator] [a1b31a1e] 23:40:33.168 [pool-6-thread-36] DEBUG c.h.p.o.d.PlatformServiceResource - [helmroll] Desired Platform services (3 services)
2025-01-28 23:40:33,177 INFO c.h.h.t.HelmChartContainer - [hivemq-test-hivemq-platform] [hivemq-platform-operator] [a1b31a1e] 23:40:33.171 [pool-6-thread-37] DEBUG c.h.p.o.dependants.PodInfoConfigMap - [helmroll] Desired PodInfo ConfigMap (1 extensions) (1 enabled)
2025-01-28 23:40:33,182 INFO c.h.h.t.HelmChartContainer - [hivemq-test-hivemq-platform] [hivemq-platform-operator] [a1b31a1e] 23:40:33.171 [pool-6-thread-37] DEBUG c.h.p.o.dependants.PodInfoConfigMap - [helmroll] Desired PodInfo ConfigMap (metrics port: 9399) (metrics path: /)
2025-01-28 23:40:33,182 INFO c.h.h.t.HelmChartContainer - [hivemq-test-hivemq-platform] [hivemq-platform-operator] [a1b31a1e] 23:40:33.171 [pool-6-thread-37] DEBUG c.h.p.o.dependants.PodInfoConfigMap - [helmroll] Desired PodInfo ConfigMap (extension state hash: -1817474005)
2025-01-28 23:40:33,207 INFO c.h.h.t.HelmChartContainer - [hivemq-test-hivemq-platform] [hivemq-platform-operator] [a1b31a1e] 23:40:33.174 [pool-6-thread-37] DEBUG c.h.p.o.dependants.PodInfoConfigMap - [helmroll] Update PodInfo ConfigMap
2025-01-28 23:40:33,207 INFO c.h.h.t.HelmChartContainer - [hivemq-test-hivemq-platform] [hivemq-platform-operator] [a1b31a1e] 23:40:33.198 [pool-6-thread-35] DEBUG c.h.p.o.d.PodServiceAccountResource - [helmroll] Desired PodServiceAccountResource (serviceAccountName: hivemq-platform-pod-test-hivemq-platform)
2025-01-28 23:40:33,215 INFO c.h.h.t.HelmChartContainer - [hivemq-test-hivemq-platform] [hivemq-platform-operator] [a1b31a1e] 23:40:33.212 [pool-6-thread-37] DEBUG c.h.p.o.d.StatefulSetResource - [helmroll] Desired StatefulSet (1 replicas) for status RUNNING (READY)
2025-01-28 23:40:33,223 INFO c.h.h.t.HelmChartContainer - [hivemq-test-hivemq-platform] [hivemq-platform-operator] [a1b31a1e] 23:40:33.217 [ReconcilerExecutor-hivemq-controller-154] INFO  c.h.p.o.HiveMQPlatformReconciler - [helmroll] Reconciling HiveMQ Platform 'test-hivemq-platform' in namespace 'helmrollingupgradeplatformit'
2025-01-28 23:40:33,226 INFO c.h.h.t.HelmChartContainer - [hivemq-test-hivemq-platform] [hivemq-platform-operator] [a1b31a1e] 23:40:33.217 [ReconcilerExecutor-hivemq-controller-154] DEBUG c.h.p.o.HiveMQPlatformReconciler - [helmroll] Custom Resource Status RUNNING - HiveMQ Platform is ready (READY)
2025-01-28 23:40:33,226 INFO c.h.h.t.HelmChartContainer - [hivemq-test-hivemq-platform] [hivemq-platform-operator] [a1b31a1e] 23:40:33.217 [ReconcilerExecutor-hivemq-controller-154] DEBUG c.h.p.o.HiveMQPlatformReconciler - [helmroll] Custom Resource Spec (replicas: 1) (extensions: 1)
2025-01-28 23:40:33,226 INFO c.h.h.t.HelmChartContainer - [hivemq-test-hivemq-platform] [hivemq-platform-operator] [a1b31a1e] 23:40:33.218 [ReconcilerExecutor-hivemq-controller-154] DEBUG c.h.p.o.HiveMQPlatformReconciler - [helmroll] StatefulSet Status (revision: test-hivemq-platform-945c6dcb4, replicas: 1, available: 1, ready: 1, current: 0, updated: 1)
2025-01-28 23:40:33,226 INFO c.h.h.t.HelmChartContainer - [hivemq-test-hivemq-platform] [hivemq-platform-operator] [a1b31a1e] 23:40:33.218 [ReconcilerExecutor-hivemq-controller-154] DEBUG c.h.p.o.HiveMQPlatformReconciler - [helmroll] StatefulSet Spec (replicas: 1, init containers: 1, containers: 1, volumes: 3)
2025-01-28 23:40:33,227 INFO c.h.h.t.HelmChartContainer - [hivemq-test-hivemq-platform] [hivemq-platform-operator] [a1b31a1e] 23:40:33.219 [ReconcilerExecutor-hivemq-controller-154] DEBUG c.h.p.o.h.HiveMQPlatformReconcilerErrorHandler - [helmroll] Pod 'test-hivemq-platform-0' phase Running
2025-01-28 23:40:33,227 INFO c.h.h.t.HelmChartContainer - [hivemq-test-hivemq-platform] [hivemq-platform-operator] [a1b31a1e] 23:40:33.222 [pool-6-thread-41] DEBUG c.h.p.o.dependants.PodInfoConfigMap - [helmroll] Desired PodInfo ConfigMap (1 extensions) (1 enabled)
2025-01-28 23:40:33,227 INFO c.h.h.t.HelmChartContainer - [hivemq-test-hivemq-platform] [hivemq-platform-operator] [a1b31a1e] 23:40:33.222 [pool-6-thread-41] DEBUG c.h.p.o.dependants.PodInfoConfigMap - [helmroll] Desired PodInfo ConfigMap (metrics port: 9399) (metrics path: /)
2025-01-28 23:40:33,227 INFO c.h.h.t.HelmChartContainer - [hivemq-test-hivemq-platform] [hivemq-platform-operator] [a1b31a1e] 23:40:33.222 [pool-6-thread-41] DEBUG c.h.p.o.dependants.PodInfoConfigMap - [helmroll] Desired PodInfo ConfigMap (extension state hash: -1817474005)
2025-01-28 23:40:33,227 INFO c.h.h.t.HelmChartContainer - [hivemq-test-hivemq-platform] [hivemq-platform-operator] [a1b31a1e] 23:40:33.224 [pool-6-thread-44] DEBUG c.h.p.o.d.PodServiceAccountResource - [helmroll] Desired PodServiceAccountResource (serviceAccountName: hivemq-platform-pod-test-hivemq-platform)
2025-01-28 23:40:33,269 INFO c.h.h.t.HelmChartContainer - [hivemq-test-hivemq-platform] [hivemq-platform-operator] [a1b31a1e] 23:40:33.267 [pool-6-thread-47] DEBUG c.h.p.o.d.PlatformServiceResource - [helmroll] Desired Platform services (3 services)
2025-01-28 23:40:33,298 INFO c.h.h.t.HelmChartContainer - [hivemq-test-hivemq-platform] [hivemq-platform-operator] [a1b31a1e] 23:40:33.296 [pool-6-thread-44] DEBUG c.h.p.o.d.StatefulSetResource - [helmroll] Desired StatefulSet (1 replicas) for status RUNNING (READY)
2025-01-28 23:40:33,298 INFO c.h.h.t.HelmChartContainer - [K3S] [scope.go:117] "RemoveContainer" containerID="5c302822ca58ce6dc7b5349b1c22a8d4265c62e160c5a1ba861bed456b3d3d85"
2025-01-28 23:40:33,301 INFO c.h.h.t.HelmChartContainer - [hivemq-test-hivemq-platform] [hivemq-platform-operator] [a1b31a1e] 23:40:33.300 [ReconcilerExecutor-hivemq-controller-154] INFO  c.h.p.o.HiveMQPlatformReconciler - [helmroll] Reconciling HiveMQ Platform 'test-hivemq-platform' in namespace 'helmrollingupgradeplatformit'
2025-01-28 23:40:33,303 INFO c.h.h.t.HelmChartContainer - [K3S] [scope.go:117] "RemoveContainer" containerID="aa34306d0439e53d7a10c597a1e5b19f89746041c51849da217697479ca6be54"
2025-01-28 23:40:33,303 INFO c.h.h.t.HelmChartContainer - [hivemq-test-hivemq-platform] [hivemq-platform-operator] [a1b31a1e] 23:40:33.300 [ReconcilerExecutor-hivemq-controller-154] DEBUG c.h.p.o.HiveMQPlatformReconciler - [helmroll] Custom Resource Status RUNNING - HiveMQ Platform is ready (READY)
2025-01-28 23:40:33,303 INFO c.h.h.t.HelmChartContainer - [hivemq-test-hivemq-platform] [hivemq-platform-operator] [a1b31a1e] 23:40:33.300 [ReconcilerExecutor-hivemq-controller-154] DEBUG c.h.p.o.HiveMQPlatformReconciler - [helmroll] Custom Resource Spec (replicas: 1) (extensions: 1)
2025-01-28 23:40:33,305 INFO c.h.h.t.HelmChartContainer - [K3S] [scope.go:117] "RemoveContainer" containerID="5c302822ca58ce6dc7b5349b1c22a8d4265c62e160c5a1ba861bed456b3d3d85"
2025-01-28 23:40:33,306 INFO c.h.h.t.HelmChartContainer - [hivemq-test-hivemq-platform] [hivemq-platform-operator] [a1b31a1e] 23:40:33.305 [ReconcilerExecutor-hivemq-controller-154] DEBUG c.h.p.o.HiveMQPlatformReconciler - [helmroll] StatefulSet Status (revision: test-hivemq-platform-945c6dcb4, replicas: 1, available: 1, ready: 1, current: 0, updated: 1)
2025-01-28 23:40:33,307 INFO c.h.h.t.HelmChartContainer - [hivemq-test-hivemq-platform] [hivemq-platform-operator] [a1b31a1e] 23:40:33.305 [ReconcilerExecutor-hivemq-controller-154] DEBUG c.h.p.o.HiveMQPlatformReconciler - [helmroll] StatefulSet Spec (replicas: 1, init containers: 1, containers: 1, volumes: 3)
2025-01-28 23:40:33,308 INFO c.h.h.t.HelmChartContainer - [hivemq-test-hivemq-platform] [hivemq-platform-operator] [a1b31a1e] 23:40:33.307 [ReconcilerExecutor-hivemq-controller-154] DEBUG c.h.p.o.h.HiveMQPlatformReconcilerErrorHandler - [helmroll] Pod 'test-hivemq-platform-0' phase Running
2025-01-28 23:40:33,417 INFO c.h.h.t.HelmChartContainer - [hivemq-test-hivemq-platform] [hivemq-platform-operator] [a1b31a1e] 23:40:33.400 [pool-6-thread-5] DEBUG c.h.p.o.dependants.PodInfoConfigMap - [helmroll] Desired PodInfo ConfigMap (1 extensions) (1 enabled)
2025-01-28 23:40:33,417 INFO c.h.h.t.HelmChartContainer - [hivemq-test-hivemq-platform] [hivemq-platform-operator] [a1b31a1e] 23:40:33.400 [pool-6-thread-5] DEBUG c.h.p.o.dependants.PodInfoConfigMap - [helmroll] Desired PodInfo ConfigMap (metrics port: 9399) (metrics path: /)
2025-01-28 23:40:33,417 INFO c.h.h.t.HelmChartContainer - [hivemq-test-hivemq-platform] [hivemq-platform-operator] [a1b31a1e] 23:40:33.400 [pool-6-thread-5] DEBUG c.h.p.o.dependants.PodInfoConfigMap - [helmroll] Desired PodInfo ConfigMap (extension state hash: -1817474005)
2025-01-28 23:40:33,417 INFO c.h.h.t.HelmChartContainer - [hivemq-test-hivemq-platform] [hivemq-platform-operator] [a1b31a1e] 23:40:33.400 [pool-6-thread-6] DEBUG c.h.p.o.d.PodServiceAccountResource - [helmroll] Desired PodServiceAccountResource (serviceAccountName: hivemq-platform-pod-test-hivemq-platform)
2025-01-28 23:40:33,417 INFO c.h.h.t.HelmChartContainer - [hivemq-test-hivemq-platform] [hivemq-platform-operator] [a1b31a1e] 23:40:33.402 [pool-6-thread-8] DEBUG c.h.p.o.d.PlatformServiceResource - [helmroll] Desired Platform services (3 services)
2025-01-28 23:40:33,417 INFO c.h.h.t.HelmChartContainer - [hivemq-test-hivemq-platform] [hivemq-platform-operator] [a1b31a1e] 23:40:33.405 [pool-6-thread-2] DEBUG c.h.p.o.d.StatefulSetResource - [helmroll] Desired StatefulSet (1 replicas) for status RUNNING (READY)
2025-01-28 23:40:33,417 INFO c.h.h.t.HelmChartContainer - [hivemq-test-hivemq-platform] [hivemq-platform-operator] [a1b31a1e] 23:40:33.408 [ReconcilerExecutor-hivemq-controller-52] INFO  c.h.p.o.HiveMQPlatformReconciler - [helmroll] Reconciling HiveMQ Platform 'test-hivemq-platform' in namespace 'helmrollingupgradeplatformit'
2025-01-28 23:40:33,417 INFO c.h.h.t.HelmChartContainer - [hivemq-test-hivemq-platform] [hivemq-platform-operator] [a1b31a1e] 23:40:33.408 [ReconcilerExecutor-hivemq-controller-52] DEBUG c.h.p.o.HiveMQPlatformReconciler - [helmroll] Custom Resource Status RUNNING - HiveMQ Platform is ready (READY)
2025-01-28 23:40:33,417 INFO c.h.h.t.HelmChartContainer - [hivemq-test-hivemq-platform] [hivemq-platform-operator] [a1b31a1e] 23:40:33.408 [ReconcilerExecutor-hivemq-controller-52] DEBUG c.h.p.o.HiveMQPlatformReconciler - [helmroll] Custom Resource Spec (replicas: 1) (extensions: 1)
2025-01-28 23:40:33,417 INFO c.h.h.t.HelmChartContainer - [hivemq-test-hivemq-platform] [hivemq-platform-operator] [a1b31a1e] 23:40:33.410 [ReconcilerExecutor-hivemq-controller-52] DEBUG c.h.p.o.HiveMQPlatformReconciler - [helmroll] StatefulSet Status (revision: test-hivemq-platform-945c6dcb4, replicas: 1, available: 1, ready: 1, current: 0, updated: 1)
2025-01-28 23:40:33,417 INFO c.h.h.t.HelmChartContainer - [hivemq-test-hivemq-platform] [hivemq-platform-operator] [a1b31a1e] 23:40:33.410 [ReconcilerExecutor-hivemq-controller-52] DEBUG c.h.p.o.HiveMQPlatformReconciler - [helmroll] StatefulSet Spec (replicas: 1, init containers: 1, containers: 1, volumes: 3)
2025-01-28 23:40:33,438 INFO c.h.h.t.HelmChartContainer - [K3S] [kubelet_volumes.go:163] "Cleaned up orphaned pod volumes dir" podUID="ac221899-f96a-4af1-9d62-57db2fed9d80" path="/var/lib/kubelet/pods/ac221899-f96a-4af1-9d62-57db2fed9d80/volumes"
2025-01-28 23:40:33,467 INFO c.h.h.t.HelmChartContainer - [hivemq-test-hivemq-platform] [hivemq-platform-operator] [a1b31a1e] 23:40:33.465 [ReconcilerExecutor-hivemq-controller-52] DEBUG c.h.p.o.h.HiveMQPlatformReconcilerErrorHandler - [helmroll] Pod 'test-hivemq-platform-0' phase Running
2025-01-28 23:40:33,471 INFO c.h.h.t.HelmChartContainer - [hivemq-test-hivemq-platform] [hivemq-platform-operator] [a1b31a1e] 23:40:33.470 [ReconcilerExecutor-hivemq-controller-52] INFO  c.h.p.o.HiveMQPlatformReconciler - [helmroll] Cleanup test-hivemq-platform - helmrollingupgradeplatformit HiveMQ Platform is shut down
2025-01-28 23:40:34,327 INFO c.h.h.t.HelmChartContainer - [POD] test-hivemq-platform-0 [544511f5-cfb2-47d0-8939-367ee40b98e2] in helmrollingupgradeplatformit was MODIFIED
2025-01-28 23:40:34,333 INFO c.h.h.t.HelmChartContainer - [EVENT] Normal [Killing] Stopping container hivemq [helmrollingupgradeplatformit:test-hivemq-platform-0]
2025-01-28 23:40:34,333 INFO c.h.h.t.HelmChartContainer - Received Killing event for container hivemq in pod test-hivemq-platform-0 [544511f5-cfb2-47d0-8939-367ee40b98e2]
2025-01-28 23:40:34,333 INFO c.h.h.t.HelmChartContainer - Container [test-hivemq-platform-0] [hivemq] [544511f5-cfb2-47d0-8939-367ee40b98e2] was terminated
2025-01-28 23:40:34,333 INFO c.h.h.t.HelmChartContainer - Stopped log watcher for hivemq in pod test-hivemq-platform-0 [544511f5-cfb2-47d0-8939-367ee40b98e2]
2025-01-28 23:40:34,338 INFO c.h.h.t.HelmChartContainer - [test-hivemq-platform] [hivemq] [544511f5] INFO  - [HiveMQ Platform Operator Init App 1.7.0-SNAPSHOT] Shutting down
2025-01-28 23:40:34,338 INFO c.h.h.t.HelmChartContainer - [test-hivemq-platform] [hivemq] [544511f5] INFO  - [HiveMQ Platform Operator Init App 1.7.0-SNAPSHOT] Stopping the HiveMQ Platform
2025-01-28 23:40:34,390 INFO c.h.h.t.HelmChartContainer - [test-hivemq-platform] [hivemq] [544511f5] INFO  - Shutting down HiveMQ. Please wait, this could take a while...
2025-01-28 23:40:34,460 INFO c.h.h.t.HelmChartContainer - [test-hivemq-platform] [hivemq] [544511f5] INFO  - Shutting down listeners and clients
2025-01-28 23:40:34,473 INFO c.h.h.t.HelmChartContainer - [test-hivemq-platform] [hivemq] [544511f5] INFO  - Shutdown of listeners is done
2025-01-28 23:40:34,473 INFO c.h.h.t.HelmChartContainer - [test-hivemq-platform] [hivemq] [544511f5] INFO  - No clients are connected, proceeding with shutdown
2025-01-28 23:40:35,489 INFO c.h.h.t.HelmChartContainer - Deleting namespace 'helmrollingupgradeplatformit'...
2025-01-28 23:40:36,591 INFO c.h.h.t.HelmChartContainer - [test-hivemq-platform] [hivemq] [544511f5] INFO  - [HiveMQ Platform Operator Init App 1.7.0-SNAPSHOT] Returning shutdown Health API response 503 for readiness
2025-01-28 23:40:36,595 INFO c.h.h.t.HelmChartContainer - [EVENT] Warning [Unhealthy] Readiness probe failed: HTTP probe failed with statuscode: 503 [helmrollingupgradeplatformit:test-hivemq-platform-0]
2025-01-28 23:40:36,595 INFO c.h.h.t.HelmChartContainer - Received Unhealthy event for container hivemq in pod test-hivemq-platform-0 [544511f5-cfb2-47d0-8939-367ee40b98e2]
2025-01-28 23:40:36,880 INFO c.h.h.t.HelmChartContainer - [test-hivemq-platform] [hivemq] [544511f5] INFO  - Shutting down extension system
2025-01-28 23:40:36,886 INFO c.h.h.t.HelmChartContainer - [test-hivemq-platform] [hivemq] [544511f5] INFO  - Stopping extension with id hivemq-dns-cluster-discovery
2025-01-28 23:40:36,886 INFO c.h.h.t.HelmChartContainer - [test-hivemq-platform] [hivemq] [544511f5] INFO  - Extension "DNS Cluster Discovery Extension" version 4.3.2 stopped successfully.
2025-01-28 23:40:36,886 INFO c.h.h.t.HelmChartContainer - [test-hivemq-platform] [hivemq] [544511f5] INFO  - Stopping extension with id hivemq-prometheus-extension
2025-01-28 23:40:36,891 INFO c.h.h.t.HelmChartContainer - [test-hivemq-platform] [hivemq] [544511f5] INFO  - Extension "Prometheus Monitoring Extension" version 4.0.12 stopped successfully.
2025-01-28 23:40:36,894 INFO c.h.h.t.HelmChartContainer - [test-hivemq-platform] [hivemq] [544511f5] INFO  - Stopping extension with id hivemq-allow-all-extension
2025-01-28 23:40:36,894 INFO c.h.h.t.HelmChartContainer - [test-hivemq-platform] [hivemq] [544511f5] INFO  - Extension "Allow All Extension" version 1.1.1 stopped successfully.
2025-01-28 23:40:37,106 INFO c.h.h.t.HelmChartContainer - [K3S] [authentication.go:74] "Unable to authenticate the request" err="[invalid bearer token, serviceaccounts \"hivemq-platform-pod-test-hivemq-platform\" not found]"
2025-01-28 23:40:37,187 INFO c.h.h.t.HelmChartContainer - [K3S] [authentication.go:74] "Unable to authenticate the request" err="[invalid bearer token, serviceaccounts \"hivemq-platform-pod-test-hivemq-platform\" not found]"
2025-01-28 23:40:37,274 INFO c.h.h.t.HelmChartContainer - [test-hivemq-platform] [hivemq] [544511f5] WARN  - [HiveMQ Platform Operator Init App 1.7.0-SNAPSHOT] Could not update Pod annotations: Failure executing: GET at: https://10.43.0.1:443/api/v1/namespaces/helmrollingupgradeplatformit/pods/test-hivemq-platform-0. Message: Unauthorized. Received status: Status(apiVersion=v1, code=401, details=null, kind=Status, message=Unauthorized, metadata=ListMeta(_continue=null, remainingItemCount=null, resourceVersion=null, selfLink=null, additionalProperties={}), reason=Unauthorized, status=Failure, additionalProperties={}).
2025-01-28 23:40:39,190 INFO c.h.h.t.HelmChartContainer - [test-hivemq-platform] [hivemq] [544511f5] INFO  - Shutdown completed.
2025-01-28 23:40:39,539 INFO c.h.h.t.HelmChartContainer - [test-hivemq-platform] [hivemq] [544511f5] INFO  - [HiveMQ Platform Operator Init App 1.7.0-SNAPSHOT] The HiveMQ Platform exited with code 143
2025-01-28 23:40:39,540 INFO c.h.h.t.HelmChartContainer - [test-hivemq-platform] [hivemq] [544511f5] INFO  - [HiveMQ Platform Operator Init App 1.7.0-SNAPSHOT] Stopping the REST API
2025-01-28 23:40:39,545 INFO c.h.h.t.HelmChartContainer - [test-hivemq-platform] [hivemq] [544511f5] INFO  - [HiveMQ Platform Operator Init App 1.7.0-SNAPSHOT] Shutdown complete
2025-01-28 23:40:40,018 INFO c.h.h.t.HelmChartContainer - [POD] test-hivemq-platform-0 [544511f5-cfb2-47d0-8939-367ee40b98e2] in helmrollingupgradeplatformit was MODIFIED
2025-01-28 23:40:40,019 INFO c.h.h.t.HelmChartContainer - [K3S] [stateful_set.go:438] "Unhandled Error" err="error syncing StatefulSet helmrollingupgradeplatformit/test-hivemq-platform, requeuing: controllerrevisions.apps \"test-hivemq-platform-945c6dcb4\" is forbidden: unable to create new content in namespace helmrollingupgradeplatformit because it is being terminated"
2025-01-28 23:40:40,027 INFO c.h.h.t.HelmChartContainer - [K3S] [stateful_set.go:438] "Unhandled Error" err="error syncing StatefulSet helmrollingupgradeplatformit/test-hivemq-platform, requeuing: controllerrevisions.apps \"test-hivemq-platform-945c6dcb4\" is forbidden: unable to create new content in namespace helmrollingupgradeplatformit because it is being terminated"
2025-01-28 23:40:40,041 INFO c.h.h.t.HelmChartContainer - [K3S] [stateful_set.go:438] "Unhandled Error" err="error syncing StatefulSet helmrollingupgradeplatformit/test-hivemq-platform, requeuing: controllerrevisions.apps \"test-hivemq-platform-945c6dcb4\" is forbidden: unable to create new content in namespace helmrollingupgradeplatformit because it is being terminated"
2025-01-28 23:40:40,065 INFO c.h.h.t.HelmChartContainer - [K3S] [stateful_set.go:438] "Unhandled Error" err="error syncing StatefulSet helmrollingupgradeplatformit/test-hivemq-platform, requeuing: controllerrevisions.apps \"test-hivemq-platform-945c6dcb4\" is forbidden: unable to create new content in namespace helmrollingupgradeplatformit because it is being terminated"
2025-01-28 23:40:40,097 INFO c.h.h.t.HelmChartContainer - [K3S] [reconciler_common.go:162] "operationExecutor.UnmountVolume started for volume \"pod-info\" (UniqueName: \"kubernetes.io/configmap/544511f5-cfb2-47d0-8939-367ee40b98e2-pod-info\") pod \"544511f5-cfb2-47d0-8939-367ee40b98e2\" (UID: \"544511f5-cfb2-47d0-8939-367ee40b98e2\") "
2025-01-28 23:40:40,097 INFO c.h.h.t.HelmChartContainer - [K3S] [reconciler_common.go:162] "operationExecutor.UnmountVolume started for volume \"operator-init\" (UniqueName: \"kubernetes.io/empty-dir/544511f5-cfb2-47d0-8939-367ee40b98e2-operator-init\") pod \"544511f5-cfb2-47d0-8939-367ee40b98e2\" (UID: \"544511f5-cfb2-47d0-8939-367ee40b98e2\") "
2025-01-28 23:40:40,097 INFO c.h.h.t.HelmChartContainer - [K3S] [reconciler_common.go:162] "operationExecutor.UnmountVolume started for volume \"kube-api-access-76xpj\" (UniqueName: \"kubernetes.io/projected/544511f5-cfb2-47d0-8939-367ee40b98e2-kube-api-access-76xpj\") pod \"544511f5-cfb2-47d0-8939-367ee40b98e2\" (UID: \"544511f5-cfb2-47d0-8939-367ee40b98e2\") "
2025-01-28 23:40:40,097 INFO c.h.h.t.HelmChartContainer - [K3S] [reconciler_common.go:162] "operationExecutor.UnmountVolume started for volume \"broker-configuration\" (UniqueName: \"kubernetes.io/configmap/544511f5-cfb2-47d0-8939-367ee40b98e2-broker-configuration\") pod \"544511f5-cfb2-47d0-8939-367ee40b98e2\" (UID: \"544511f5-cfb2-47d0-8939-367ee40b98e2\") "
2025-01-28 23:40:40,108 INFO c.h.h.t.HelmChartContainer - [K3S] [stateful_set.go:438] "Unhandled Error" err="error syncing StatefulSet helmrollingupgradeplatformit/test-hivemq-platform, requeuing: controllerrevisions.apps \"test-hivemq-platform-945c6dcb4\" is forbidden: unable to create new content in namespace helmrollingupgradeplatformit because it is being terminated"
2025-01-28 23:40:40,155 INFO c.h.h.t.HelmChartContainer - [K3S] [scope.go:117] "RemoveContainer" containerID="5d9fc87349f8ec8e78a373f0f13a9067648214619ba0039b17e0d610f9271bb7"
2025-01-28 23:40:40,169 INFO c.h.h.t.HelmChartContainer - [POD] test-hivemq-platform-0 [544511f5-cfb2-47d0-8939-367ee40b98e2] in helmrollingupgradeplatformit was MODIFIED
2025-01-28 23:40:40,173 INFO c.h.h.t.HelmChartContainer - [POD] test-hivemq-platform-0 [544511f5-cfb2-47d0-8939-367ee40b98e2] in helmrollingupgradeplatformit was DELETED
2025-01-28 23:40:40,173 INFO c.h.h.t.HelmChartContainer - [K3S] [stateful_set.go:438] "Unhandled Error" err="error syncing StatefulSet helmrollingupgradeplatformit/test-hivemq-platform, requeuing: controllerrevisions.apps \"test-hivemq-platform-945c6dcb4\" is forbidden: unable to create new content in namespace helmrollingupgradeplatformit because it is being terminated"
2025-01-28 23:40:40,174 INFO c.h.h.t.HelmChartContainer - [K3S] [stateful_set.go:438] "Unhandled Error" err="error syncing StatefulSet helmrollingupgradeplatformit/test-hivemq-platform, requeuing: controllerrevisions.apps \"test-hivemq-platform-945c6dcb4\" is forbidden: unable to create new content in namespace helmrollingupgradeplatformit because it is being terminated"
2025-01-28 23:40:40,187 INFO c.h.h.t.HelmChartContainer - [K3S] [stateful_set.go:466] "StatefulSet has been deleted" key="helmrollingupgradeplatformit/test-hivemq-platform"
2025-01-28 23:40:40,190 INFO c.h.h.t.HelmChartContainer - [K3S] [stateful_set.go:466] "StatefulSet has been deleted" key="helmrollingupgradeplatformit/test-hivemq-platform"
2025-01-28 23:40:40,197 INFO c.h.h.t.HelmChartContainer - [K3S] [reconciler_common.go:299] "Volume detached for volume \"kube-api-access-76xpj\" (UniqueName: \"kubernetes.io/projected/544511f5-cfb2-47d0-8939-367ee40b98e2-kube-api-access-76xpj\") on node \"420d7b4f4b8a\" DevicePath \"\""
2025-01-28 23:40:40,197 INFO c.h.h.t.HelmChartContainer - [K3S] [reconciler_common.go:299] "Volume detached for volume \"broker-configuration\" (UniqueName: \"kubernetes.io/configmap/544511f5-cfb2-47d0-8939-367ee40b98e2-broker-configuration\") on node \"420d7b4f4b8a\" DevicePath \"\""
2025-01-28 23:40:40,197 INFO c.h.h.t.HelmChartContainer - [K3S] [reconciler_common.go:299] "Volume detached for volume \"pod-info\" (UniqueName: \"kubernetes.io/configmap/544511f5-cfb2-47d0-8939-367ee40b98e2-pod-info\") on node \"420d7b4f4b8a\" DevicePath \"\""
2025-01-28 23:40:40,197 INFO c.h.h.t.HelmChartContainer - [K3S] [reconciler_common.go:299] "Volume detached for volume \"operator-init\" (UniqueName: \"kubernetes.io/empty-dir/544511f5-cfb2-47d0-8939-367ee40b98e2-operator-init\") on node \"420d7b4f4b8a\" DevicePath \"\""
2025-01-28 23:40:40,260 INFO c.h.h.t.HelmChartContainer - [K3S] [scope.go:117] "RemoveContainer" containerID="11f8e4f928b398a8d3a1592b7bad5fc4fbc597ed2dcac260c0ae7d060f68fd9f"
2025-01-28 23:40:40,263 INFO c.h.h.t.HelmChartContainer - [K3S] [scope.go:117] "RemoveContainer" containerID="5d9fc87349f8ec8e78a373f0f13a9067648214619ba0039b17e0d610f9271bb7"
2025-01-28 23:40:40,264 INFO c.h.h.t.HelmChartContainer - [K3S] [scope.go:117] "RemoveContainer" containerID="11f8e4f928b398a8d3a1592b7bad5fc4fbc597ed2dcac260c0ae7d060f68fd9f"
2025-01-28 23:40:40,710 INFO c.h.h.t.HelmChartContainer - Namespace 'helmrollingupgradeplatformit' deleted
2025-01-28 23:40:40,710 INFO c.h.h.t.HelmChartContainer - Release 'test-hivemq-platform' in namespace 'helmrollingupgradeplatformit' is uninstalled
2025-01-28 23:40:40,710 INFO c.h.h.t.HelmChartContainer - Uninstalling release 'test-hivemq-platform-operator' in namespace 'helmrollingupgradeplatformit-operator'...
2025-01-28 23:40:40,710 DEBUG c.h.h.t.HelmChartContainer - Executing helm command: /bin/helm --kubeconfig /etc/rancher/k3s/k3s.yaml uninstall test-hivemq-platform-operator  --wait --timeout 5m0s --cascade foreground --namespace helmrollingupgradeplatformit-operator
2025-01-28 23:40:40,902 INFO c.h.h.t.HelmChartContainer - [K3S] [replica_set.go:679] "Finished syncing" kind="ReplicaSet" key="helmrollingupgradeplatformit-operator/hivemq-test-hivemq-platform-operator-6966f96d65" duration="8.662959ms"
2025-01-28 23:40:40,902 INFO c.h.h.t.HelmChartContainer - [K3S] [replica_set.go:679] "Finished syncing" kind="ReplicaSet" key="helmrollingupgradeplatformit-operator/hivemq-test-hivemq-platform-operator-6966f96d65" duration="36.047µs"
2025-01-28 23:40:40,920 INFO c.h.h.t.HelmChartContainer - [POD] hivemq-test-hivemq-platform-operator-6966f96d65-gkj5w [a1b31a1e-78ab-42da-aecd-fc12ca9756d4] in helmrollingupgradeplatformit-operator was MODIFIED
2025-01-28 23:40:40,928 INFO c.h.h.t.HelmChartContainer - [EVENT] Normal [Killing] Stopping container hivemq-platform-operator [helmrollingupgradeplatformit-operator:hivemq-test-hivemq-platform-operator-6966f96d65-gkj5w]
2025-01-28 23:40:40,928 INFO c.h.h.t.HelmChartContainer - Received Killing event for container hivemq-platform-operator in pod hivemq-test-hivemq-platform-operator-6966f96d65-gkj5w [a1b31a1e-78ab-42da-aecd-fc12ca9756d4]
2025-01-28 23:40:40,928 INFO c.h.h.t.HelmChartContainer - Container [hivemq-test-hivemq-platform-operator-6966f96d65-gkj5w] [hivemq-platform-operator] [a1b31a1e-78ab-42da-aecd-fc12ca9756d4] was terminated
2025-01-28 23:40:40,928 INFO c.h.h.t.HelmChartContainer - Stopped log watcher for hivemq-platform-operator in pod hivemq-test-hivemq-platform-operator-6966f96d65-gkj5w [a1b31a1e-78ab-42da-aecd-fc12ca9756d4]
2025-01-28 23:40:40,931 INFO c.h.h.t.HelmChartContainer - [K3S] [replica_set.go:679] "Finished syncing" kind="ReplicaSet" key="helmrollingupgradeplatformit-operator/hivemq-test-hivemq-platform-operator-6966f96d65" duration="12.587872ms"
2025-01-28 23:40:40,932 INFO c.h.h.t.HelmChartContainer - [hivemq-test-hivemq-platform] [hivemq-platform-operator] [a1b31a1e] 23:40:40.929 [application-shutdown-thread] INFO  c.h.p.o.HiveMQPlatformOperatorApplication - HiveMQ Platform Operator is stopping...
2025-01-28 23:40:40,932 INFO c.h.h.t.HelmChartContainer - [hivemq-test-hivemq-platform] [hivemq-platform-operator] [a1b31a1e] 23:40:40.929 [application-shutdown-thread] INFO  i.javaoperatorsdk.operator.Operator - Operator SDK 4.9.7 is shutting down...
2025-01-28 23:40:40,932 INFO c.h.h.t.HelmChartContainer - [K3S] [replica_set.go:679] "Finished syncing" kind="ReplicaSet" key="helmrollingupgradeplatformit-operator/hivemq-test-hivemq-platform-operator-6966f96d65" duration="34.063µs"
2025-01-28 23:40:41,438 INFO c.h.h.t.HelmChartContainer - [K3S] [kubelet_volumes.go:163] "Cleaned up orphaned pod volumes dir" podUID="544511f5-cfb2-47d0-8939-367ee40b98e2" path="/var/lib/kubelet/pods/544511f5-cfb2-47d0-8939-367ee40b98e2/volumes"
2025-01-28 23:40:41,443 INFO c.h.h.t.HelmChartContainer - [K3S] [replica_set.go:679] "Finished syncing" kind="ReplicaSet" key="helmrollingupgradeplatformit-operator/hivemq-test-hivemq-platform-operator-6966f96d65" duration="38.331µs"
2025-01-28 23:40:41,443 INFO c.h.h.t.HelmChartContainer - [POD] hivemq-test-hivemq-platform-operator-6966f96d65-gkj5w [a1b31a1e-78ab-42da-aecd-fc12ca9756d4] in helmrollingupgradeplatformit-operator was MODIFIED
2025-01-28 23:40:41,503 INFO c.h.h.t.HelmChartContainer - [K3S] [reconciler_common.go:162] "operationExecutor.UnmountVolume started for volume \"kube-api-access-bzlk6\" (UniqueName: \"kubernetes.io/projected/a1b31a1e-78ab-42da-aecd-fc12ca9756d4-kube-api-access-bzlk6\") pod \"a1b31a1e-78ab-42da-aecd-fc12ca9756d4\" (UID: \"a1b31a1e-78ab-42da-aecd-fc12ca9756d4\") "
2025-01-28 23:40:41,604 INFO c.h.h.t.HelmChartContainer - [K3S] [reconciler_common.go:299] "Volume detached for volume \"kube-api-access-bzlk6\" (UniqueName: \"kubernetes.io/projected/a1b31a1e-78ab-42da-aecd-fc12ca9756d4-kube-api-access-bzlk6\") on node \"420d7b4f4b8a\" DevicePath \"\""
2025-01-28 23:40:42,159 INFO c.h.h.t.HelmChartContainer - [K3S] [scope.go:117] "RemoveContainer" containerID="ccb105a87d039e024eb493c11e46ba1344ee46fb0fa9bf5157fb8b768d855ced"
2025-01-28 23:40:42,163 INFO c.h.h.t.HelmChartContainer - [K3S] [scope.go:117] "RemoveContainer" containerID="ccb105a87d039e024eb493c11e46ba1344ee46fb0fa9bf5157fb8b768d855ced"
2025-01-28 23:40:42,173 INFO c.h.h.t.HelmChartContainer - [POD] hivemq-test-hivemq-platform-operator-6966f96d65-gkj5w [a1b31a1e-78ab-42da-aecd-fc12ca9756d4] in helmrollingupgradeplatformit-operator was MODIFIED
2025-01-28 23:40:42,173 INFO c.h.h.t.HelmChartContainer - [K3S] [replica_set.go:679] "Finished syncing" kind="ReplicaSet" key="helmrollingupgradeplatformit-operator/hivemq-test-hivemq-platform-operator-6966f96d65" duration="43.25µs"
2025-01-28 23:40:42,175 INFO c.h.h.t.HelmChartContainer - [POD] hivemq-test-hivemq-platform-operator-6966f96d65-gkj5w [a1b31a1e-78ab-42da-aecd-fc12ca9756d4] in helmrollingupgradeplatformit-operator was DELETED
2025-01-28 23:40:42,175 INFO c.h.h.t.HelmChartContainer - [K3S] [replica_set.go:679] "Finished syncing" kind="ReplicaSet" key="helmrollingupgradeplatformit-operator/hivemq-test-hivemq-platform-operator-6966f96d65" duration="30.467µs"
2025-01-28 23:40:42,186 INFO c.h.h.t.HelmChartContainer - [K3S] [replica_set.go:679] "Finished syncing" kind="ReplicaSet" key="helmrollingupgradeplatformit-operator/hivemq-test-hivemq-platform-operator-6966f96d65" duration="6.221µs"
2025-01-28 23:40:42,950 INFO c.h.h.t.HelmChartContainer - Deleting namespace 'helmrollingupgradeplatformit-operator'...
2025-01-28 23:40:43,442 INFO c.h.h.t.HelmChartContainer - [K3S] [kubelet_volumes.go:163] "Cleaned up orphaned pod volumes dir" podUID="a1b31a1e-78ab-42da-aecd-fc12ca9756d4" path="/var/lib/kubelet/pods/a1b31a1e-78ab-42da-aecd-fc12ca9756d4/volumes"
2025-01-28 23:40:45,693 INFO c.h.h.t.HelmChartContainer - [K3S] [namespace_controller.go:187] "Namespace has been deleted" namespace="helmrollingupgradeplatformit"
2025-01-28 23:40:48,166 INFO c.h.h.t.HelmChartContainer - Namespace 'helmrollingupgradeplatformit-operator' deleted
2025-01-28 23:40:48,166 INFO c.h.h.t.HelmChartContainer - Release 'test-hivemq-platform-operator' in namespace 'helmrollingupgradeplatformit-operator' is uninstalled
2025-01-28 23:40:48,954 INFO c.h.helmcharts.AbstractHelmChartIT - Removed unused containers:

2025-01-28 23:40:53,072 INFO c.h.h.t.HelmChartContainer - [K3S] [namespace_controller.go:187] "Namespace has been deleted" namespace="helmrollingupgradeplatformit-operator"
2025-01-28 23:40:57,783 INFO c.h.helmcharts.AbstractHelmChartIT - Removed unused snapshots:
Removing snapshot sha256:026a712f86a389a5fd74927b58e3b9c46d97b4685244a93cf8afd5dd2d926256
Removing snapshot sha256:03af251906410714c5aef9fa705b63f6bbc39c4a5e787de7361eeb18886c2ed2
Removing snapshot sha256:04586d725303b4dcbc0cdc42a56e7852bc8859e90a3b42def5c29ab6c5b2378a
Removing snapshot sha256:0c46b3b43cce082ce5ec34ffc6c294e0417d17b9d1e6f366d114b6aadc4f96dc
Removing snapshot sha256:0ce761beee59082d6ed5bcebd3a805b8ddd9b3426b617e4809e7fb7c6587ffec
Removing snapshot sha256:0df91287303208332c8ff6ba40ae4710105201739addbfbddfb955f1ad593664
Removing snapshot sha256:0ec2dad1085d56fe2f9bd914ef3c52c074121187a07bde2838ee8714ffaaeaf0
Removing snapshot sha256:1021ef88c7974bfff89c5a0ec4fd3160daac6c48a075f74cff721f85dd104e68
Removing snapshot sha256:10aba4953ddc18145dd38e3704709bc464aa20af60b56fe52caaff4b68411e62
Removing snapshot sha256:12fcdb97878a8124028dd759e7639b77bca16c0f46aabea18189ae25af2554ab
Removing snapshot sha256:2573e0d8158209ed54ab25c87bcdcb00bd3d2539246960a3d592a1c599d70465
Removing snapshot sha256:362a8a37f8bbc31925a8146adcf7cf51f9882f5c1dcbef67c5baa03a297543c0
Removing snapshot sha256:3fa4ad33f0ddc8fd45b39b6b4640f82a3a83619606cd975bfe89d8710ad2d4cd
Removing snapshot sha256:43a7c979bbaba6838bc3102d6b10a1459f3ab050b87ccdfef84ef90cf43d3058
Removing snapshot sha256:4ab04491cdf0d3267f08206fe30bd48f49f94b9cab2f016d6739220f722a64af
Removing snapshot sha256:4b6068250e89c96f263060261819c7d912855bfbd64b3eb4c4a8483299b8c295
Removing snapshot sha256:54760460dde328a0df5fb97426e3821ea3128f2a777231b6e8478cdaf84d50a9
Removing snapshot sha256:56df9a19a7ad45c5195545f423f0f45b123f345c146ae4bf75783fda1941b06c
Removing snapshot sha256:580e69a0a8034ede1921139bbd2bfb72a69ebf276d008281896c32dd8bf74775
Removing snapshot sha256:5ad32423e4b556ca23e4a282f00b6c28ba2ec8ad2b7822350a080868a3597d3e
Removing snapshot sha256:5d30ba46b27fe37484567ccc5242cadc78217b8da605f3f195ef25cbf7487904
Removing snapshot sha256:63ca1fbb43ae5034640e5e6cb3e083e05c290072c5366fcaa9d62435a4cced85
Removing snapshot sha256:67f702c6baae873bceb19487c8b1f27bd2b86077e4f2f0e480e6d60ab508b8f5
Removing snapshot sha256:6864348dd42806d552efdec384f1274be15e2d0c10ce44c1f04347af004c10a9
Removing snapshot sha256:6b6a1f10cca10ea08499c191fc025406a23858de44f58930b06dc6608ff034e5
Removing snapshot sha256:6c7dee8f2c39b84b7dc2711c01d33de93514d9055499173e9290176fbe484b6c
Removing snapshot sha256:82753493a6d61ded36556292f02f31841a14c20d2f279f19eaad65afb661d5cd
Removing snapshot sha256:8a10d3db42c505ee0fcfa98417bdd7e39b304f6bcc0a06bb1b220797ff2cc63c
Removing snapshot sha256:a21e5b12dbac529ad45d976eb9ce45c881f3bedcc500fb30aba1e52aa1813418
Removing snapshot sha256:b921e6c28969094157f9b8e7244677780319637afd14450b7cb6b2fdea558a0c
Removing snapshot sha256:bc27ecb5769a00e309cf99ebc763c4a4b958b618d1decc96ffac5bc05f02f5b7
Removing snapshot sha256:be3ccb6627a5332e309d45ef461d09b4879dd870c7394d89323d0ebc6ca6aa8a
Removing snapshot sha256:c261f7cbbc64211ee175ee47273acdb7b1a36a4450b397a064a8f2c026490095
Removing snapshot sha256:c34d9393647eea0c9e3557ab988efaf59f61d10a2a5613b439ef0958cca5ec10
Removing snapshot sha256:ccf3c4a0fa967a41c1c83497a2ce6fa5787965859df0adb32c4ca2cf7490bc2b
Removing snapshot sha256:cf92d33f869417309692088c341cd0f223c178ea78a125f757317b22aa8f90e9
Removing snapshot sha256:d0037344cf2fb078884f1849f6a1f8cf9a33a3b6139b6a85833e5ee528e1f9a8
Removing snapshot sha256:d3b36d5b79273b1e98e7700470eaeff05a882e777124d84cebcc1505b85ecb36
Removing snapshot sha256:d65a44a37914602d12c611e5e22a50f11451d847e63015cc1c2aef92dee777a4
Removing snapshot sha256:e2dc0bae2455930f23ae570e019b7f32edc75c0f2d71cab084db837ff9051796
Removing snapshot sha256:eccbd24a99c60cd9e86ee5305dbfc4a4dc89f5ab4fb1f06c8d64797cecedef34
Removing snapshot sha256:f144bb4c7c7f0d2aa7eeffd36d934ec40db1ee167be727e326aad9fdc616f475

]]></system-out>
  </testcase>
  <system-out><![CDATA[2025-01-28 23:36:55,122 INFO c.h.h.t.HelmChartContainerExtension - Using cached HelmChartContainer instance
]]></system-out>
  <system-err><![CDATA[]]></system-err>
</testsuite>
