<?xml version="1.0" encoding="UTF-8"?>
<testsuite name="com.hivemq.helmcharts.operator.HelmUpgradeOperatorIT" tests="1" skipped="0" failures="0" errors="0" timestamp="2025-02-06T04:39:48" hostname="fv-az1315-371" time="43.547">
  <properties/>
  <testcase name="withDeployedOperator_upgradeUsingNewValues()" classname="com.hivemq.helmcharts.operator.HelmUpgradeOperatorIT" time="43.547"/>
</testsuite>
