<?xml version="1.0" encoding="UTF-8"?>
<testsuite name="com.hivemq.helmcharts.extensions.HelmBridgeExtensionIT" tests="2" skipped="0" failures="0" errors="0" timestamp="2025-03-14T16:34:35" hostname="fv-az1712-414" time="267.09">
  <properties/>
  <testcase name="withBridgeConfiguration_messageBridged()" classname="com.hivemq.helmcharts.extensions.HelmBridgeExtensionIT" time="137.394"/>
  <testcase name="withBridgeSecretConfiguration_messageBridged()" classname="com.hivemq.helmcharts.extensions.HelmBridgeExtensionIT" time="129.694"/>
</testsuite>
