<?xml version="1.0" encoding="UTF-8"?>
<testsuite name="com.hivemq.helmcharts.platform.HelmPlatformMutualTlsIT" tests="1" skipped="0" failures="0" errors="0" timestamp="2025-01-29T13:44:01" hostname="fv-az1369-754" time="112.558">
  <properties/>
  <testcase name="withMutualTls_hivemqRunning()" classname="com.hivemq.helmcharts.platform.HelmPlatformMutualTlsIT" time="112.558">
    <system-out><![CDATA[2025-01-29 13:44:01,127 INFO c.h.h.t.HelmChartContainer - Creating namespace 'helmplatformmutualtlsit-operator'...
2025-01-29 13:44:01,134 INFO c.h.h.t.HelmChartContainer - Namespace 'helmplatformmutualtlsit-operator' created
2025-01-29 13:44:01,134 INFO c.h.h.t.HelmChartContainer - Creating namespace 'helmplatformmutualtlsit'...
2025-01-29 13:44:01,140 INFO c.h.h.t.HelmChartContainer - Namespace 'helmplatformmutualtlsit' created
2025-01-29 13:44:01,209 DEBUG c.h.h.t.HelmChartContainer - Executing helm command: /bin/helm --kubeconfig /etc/rancher/k3s/k3s.yaml install test-hivemq-platform-operator /charts/hivemq-platform-operator --wait --timeout 5m0s --set image.repository=docker.io/hivemq --set image.name=hivemq-platform-operator-test --set image.initImageName=hivemq-platform-operator-init-test --set image.tag=snapshot --set image.pullPolicy=Never --set logLevel=DEBUG --set resources.cpu=512m --namespace helmplatformmutualtlsit-operator
2025-01-29 13:44:01,508 INFO c.h.h.t.HelmChartContainer - [K3S] [alloc.go:330] "allocated clusterIPs" service="helmplatformmutualtlsit-operator/hivemq-platform-operator-test-hivemq-platform-operator" clusterIPs={"IPv4":"10.43.254.103"}
2025-01-29 13:44:01,519 INFO c.h.h.t.HelmChartContainer - [EVENT] Normal [ScalingReplicaSet] Scaled up replica set hivemq-test-hivemq-platform-operator-6966f96d65 from 0 to 1 [helmplatformmutualtlsit-operator:hivemq-test-hivemq-platform-operator]
2025-01-29 13:44:01,527 INFO c.h.h.t.HelmChartContainer - [POD] hivemq-test-hivemq-platform-operator-6966f96d65-2g5f2 [6a8223b7-fd0a-41bf-8ffb-605c83713a19] in helmplatformmutualtlsit-operator was ADDED
2025-01-29 13:44:01,536 INFO c.h.h.t.HelmChartContainer - [POD] hivemq-test-hivemq-platform-operator-6966f96d65-2g5f2 [6a8223b7-fd0a-41bf-8ffb-605c83713a19] in helmplatformmutualtlsit-operator was MODIFIED
2025-01-29 13:44:01,536 INFO c.h.h.t.HelmChartContainer - [EVENT] Normal [SuccessfulCreate] Created pod: hivemq-test-hivemq-platform-operator-6966f96d65-2g5f2 [helmplatformmutualtlsit-operator:hivemq-test-hivemq-platform-operator-6966f96d65]
2025-01-29 13:44:01,537 INFO c.h.h.t.HelmChartContainer - [K3S] [memory_manager.go:355] "RemoveStaleState removing state" podUID="75472ea2-511d-4004-881d-baa26141851a" containerName="hivemq-platform-operator"
2025-01-29 13:44:01,537 INFO c.h.h.t.HelmChartContainer - [K3S] [memory_manager.go:355] "RemoveStaleState removing state" podUID="210755fe-2b9b-4b25-a7b2-33a4136ab2c9" containerName="hivemq"
2025-01-29 13:44:01,537 INFO c.h.h.t.HelmChartContainer - [K3S] [memory_manager.go:355] "RemoveStaleState removing state" podUID="fed85822-9be1-4370-990d-26b1e76d0a3b" containerName="hivemq"
2025-01-29 13:44:01,539 INFO c.h.h.t.HelmChartContainer - [K3S] [reflector.go:569] object-"helmplatformmutualtlsit-operator"/"kube-root-ca.crt": failed to list *v1.ConfigMap: configmaps "kube-root-ca.crt" is forbidden: User "system:node:83e4a3cb5001" cannot list resource "configmaps" in API group "" in the namespace "helmplatformmutualtlsit-operator": no relationship found between node '83e4a3cb5001' and this object
2025-01-29 13:44:01,540 INFO c.h.h.t.HelmChartContainer - [K3S] [reflector.go:166] "Unhandled Error" err="object-\"helmplatformmutualtlsit-operator\"/\"kube-root-ca.crt\": Failed to watch *v1.ConfigMap: failed to list *v1.ConfigMap: configmaps \"kube-root-ca.crt\" is forbidden: User \"system:node:83e4a3cb5001\" cannot list resource \"configmaps\" in API group \"\" in the namespace \"helmplatformmutualtlsit-operator\": no relationship found between node '83e4a3cb5001' and this object"
2025-01-29 13:44:01,540 INFO c.h.h.t.HelmChartContainer - [EVENT] Normal [Scheduled] Successfully assigned helmplatformmutualtlsit-operator/hivemq-test-hivemq-platform-operator-6966f96d65-2g5f2 to 83e4a3cb5001 [helmplatformmutualtlsit-operator:hivemq-test-hivemq-platform-operator-6966f96d65-2g5f2]
2025-01-29 13:44:01,540 INFO c.h.h.t.HelmChartContainer - [K3S] [status_manager.go:890] "Failed to get status for pod" podUID="6a8223b7-fd0a-41bf-8ffb-605c83713a19" pod="helmplatformmutualtlsit-operator/hivemq-test-hivemq-platform-operator-6966f96d65-2g5f2" err="pods \"hivemq-test-hivemq-platform-operator-6966f96d65-2g5f2\" is forbidden: User \"system:node:83e4a3cb5001\" cannot get resource \"pods\" in API group \"\" in the namespace \"helmplatformmutualtlsit-operator\": no relationship found between node '83e4a3cb5001' and this object"
2025-01-29 13:44:01,544 INFO c.h.h.t.HelmChartContainer - [K3S] [replica_set.go:679] "Finished syncing" kind="ReplicaSet" key="helmplatformmutualtlsit-operator/hivemq-test-hivemq-platform-operator-6966f96d65" duration="27.181429ms"
2025-01-29 13:44:01,552 INFO c.h.h.t.HelmChartContainer - [K3S] [replica_set.go:679] "Finished syncing" kind="ReplicaSet" key="helmplatformmutualtlsit-operator/hivemq-test-hivemq-platform-operator-6966f96d65" duration="8.295094ms"
2025-01-29 13:44:01,552 INFO c.h.h.t.HelmChartContainer - [K3S] [replica_set.go:679] "Finished syncing" kind="ReplicaSet" key="helmplatformmutualtlsit-operator/hivemq-test-hivemq-platform-operator-6966f96d65" duration="47.038µs"
2025-01-29 13:44:01,658 INFO c.h.h.t.HelmChartContainer - [K3S] [reconciler_common.go:251] "operationExecutor.VerifyControllerAttachedVolume started for volume \"kube-api-access-ztc2n\" (UniqueName: \"kubernetes.io/projected/6a8223b7-fd0a-41bf-8ffb-605c83713a19-kube-api-access-ztc2n\") pod \"hivemq-test-hivemq-platform-operator-6966f96d65-2g5f2\" (UID: \"6a8223b7-fd0a-41bf-8ffb-605c83713a19\") " pod="helmplatformmutualtlsit-operator/hivemq-test-hivemq-platform-operator-6966f96d65-2g5f2"
2025-01-29 13:44:02,830 INFO c.h.h.t.HelmChartContainer - [EVENT] Normal [Pulled] Container image "docker.io/hivemq/hivemq-platform-operator-test:snapshot" already present on machine [helmplatformmutualtlsit-operator:hivemq-test-hivemq-platform-operator-6966f96d65-2g5f2]
2025-01-29 13:44:02,830 INFO c.h.h.t.HelmChartContainer - Received Pulled event for container hivemq-platform-operator in pod hivemq-test-hivemq-platform-operator-6966f96d65-2g5f2 [6a8223b7-fd0a-41bf-8ffb-605c83713a19]
2025-01-29 13:44:02,939 INFO c.h.h.t.HelmChartContainer - [EVENT] Normal [Created] Created container: hivemq-platform-operator [helmplatformmutualtlsit-operator:hivemq-test-hivemq-platform-operator-6966f96d65-2g5f2]
2025-01-29 13:44:02,939 INFO c.h.h.t.HelmChartContainer - Received Created event for container hivemq-platform-operator in pod hivemq-test-hivemq-platform-operator-6966f96d65-2g5f2 [6a8223b7-fd0a-41bf-8ffb-605c83713a19]
2025-01-29 13:44:03,878 INFO c.h.h.t.HelmChartContainer - [K3S] [replica_set.go:679] "Finished syncing" kind="ReplicaSet" key="helmplatformmutualtlsit-operator/hivemq-test-hivemq-platform-operator-6966f96d65" duration="41.207µs"
2025-01-29 13:44:03,878 INFO c.h.h.t.HelmChartContainer - [POD] hivemq-test-hivemq-platform-operator-6966f96d65-2g5f2 [6a8223b7-fd0a-41bf-8ffb-605c83713a19] in helmplatformmutualtlsit-operator was MODIFIED
2025-01-29 13:44:03,895 INFO c.h.h.t.HelmChartContainer - Started log watcher for hivemq-platform-operator in pod hivemq-test-hivemq-platform-operator-6966f96d65-2g5f2 [6a8223b7-fd0a-41bf-8ffb-605c83713a19]
2025-01-29 13:44:03,895 INFO c.h.h.t.HelmChartContainer - [hivemq-test-hivemq-platform] [hivemq-platform-operator] [6a8223b7] -------------------------------------------------------------------------
2025-01-29 13:44:03,895 INFO c.h.h.t.HelmChartContainer - [hivemq-test-hivemq-platform] [hivemq-platform-operator] [6a8223b7] 
2025-01-29 13:44:03,895 INFO c.h.h.t.HelmChartContainer - [hivemq-test-hivemq-platform] [hivemq-platform-operator] [6a8223b7]                   _    _  _              __  __   ____
2025-01-29 13:44:03,895 INFO c.h.h.t.HelmChartContainer - [hivemq-test-hivemq-platform] [hivemq-platform-operator] [6a8223b7]                  | |  | |(_)            |  \/  | / __ \
2025-01-29 13:44:03,895 INFO c.h.h.t.HelmChartContainer - [hivemq-test-hivemq-platform] [hivemq-platform-operator] [6a8223b7]                  | |__| | _ __   __ ___ | \  / || |  | |
2025-01-29 13:44:03,895 INFO c.h.h.t.HelmChartContainer - [hivemq-test-hivemq-platform] [hivemq-platform-operator] [6a8223b7]                  |  __  || |\ \ / // _ \| |\/| || |  | |
2025-01-29 13:44:03,895 INFO c.h.h.t.HelmChartContainer - [hivemq-test-hivemq-platform] [hivemq-platform-operator] [6a8223b7]                  | |  | || | \ V /|  __/| |  | || |__| |
2025-01-29 13:44:03,895 INFO c.h.h.t.HelmChartContainer - [hivemq-test-hivemq-platform] [hivemq-platform-operator] [6a8223b7]                  |_|  |_||_|  \_/  \___||_|  |_| \___\_\
2025-01-29 13:44:03,895 INFO c.h.h.t.HelmChartContainer - [hivemq-test-hivemq-platform] [hivemq-platform-operator] [6a8223b7] 
2025-01-29 13:44:03,895 INFO c.h.h.t.HelmChartContainer - [hivemq-test-hivemq-platform] [hivemq-platform-operator] [6a8223b7] -------------------------------------------------------------------------
2025-01-29 13:44:03,895 INFO c.h.h.t.HelmChartContainer - [hivemq-test-hivemq-platform] [hivemq-platform-operator] [6a8223b7] 
2025-01-29 13:44:03,895 INFO c.h.h.t.HelmChartContainer - [hivemq-test-hivemq-platform] [hivemq-platform-operator] [6a8223b7]   HiveMQ Platform Operator Start Script v1.0
2025-01-29 13:44:03,895 INFO c.h.h.t.HelmChartContainer - [hivemq-test-hivemq-platform] [hivemq-platform-operator] [6a8223b7] 
2025-01-29 13:44:03,895 INFO c.h.h.t.HelmChartContainer - [hivemq-test-hivemq-platform] [hivemq-platform-operator] [6a8223b7] -------------------------------------------------------------------------
2025-01-29 13:44:03,895 INFO c.h.h.t.HelmChartContainer - [hivemq-test-hivemq-platform] [hivemq-platform-operator] [6a8223b7] 
2025-01-29 13:44:03,895 INFO c.h.h.t.HelmChartContainer - [hivemq-test-hivemq-platform] [hivemq-platform-operator] [6a8223b7]   JAVA_OPTS: -XX:+UnlockExperimentalVMOptions -XX:InitialRAMPercentage=75 -XX:MaxRAMPercentage=75 -Duser.language=en -Duser.region=US
2025-01-29 13:44:03,895 INFO c.h.h.t.HelmChartContainer - [hivemq-test-hivemq-platform] [hivemq-platform-operator] [6a8223b7] 
2025-01-29 13:44:03,895 INFO c.h.h.t.HelmChartContainer - [hivemq-test-hivemq-platform] [hivemq-platform-operator] [6a8223b7]   JAVA_VERSION: 21
2025-01-29 13:44:03,895 INFO c.h.h.t.HelmChartContainer - [hivemq-test-hivemq-platform] [hivemq-platform-operator] [6a8223b7] 
2025-01-29 13:44:03,895 INFO c.h.h.t.HelmChartContainer - [hivemq-test-hivemq-platform] [hivemq-platform-operator] [6a8223b7] -------------------------------------------------------------------------
2025-01-29 13:44:03,895 INFO c.h.h.t.HelmChartContainer - [hivemq-test-hivemq-platform] [hivemq-platform-operator] [6a8223b7] 
2025-01-29 13:44:03,895 INFO c.h.h.t.HelmChartContainer - [EVENT] Normal [Started] Started container hivemq-platform-operator [helmplatformmutualtlsit-operator:hivemq-test-hivemq-platform-operator-6966f96d65-2g5f2]
2025-01-29 13:44:03,895 INFO c.h.h.t.HelmChartContainer - Received Started event for container hivemq-platform-operator in pod hivemq-test-hivemq-platform-operator-6966f96d65-2g5f2 [6a8223b7-fd0a-41bf-8ffb-605c83713a19]
2025-01-29 13:44:06,515 INFO c.h.h.t.HelmChartContainer - [hivemq-test-hivemq-platform] [hivemq-platform-operator] [6a8223b7] 13:44:06.512 [main] DEBUG org.jboss.logging - Logging Provider: org.jboss.logging.Slf4jLoggerProvider
2025-01-29 13:44:06,617 INFO c.h.h.t.HelmChartContainer - [hivemq-test-hivemq-platform] [hivemq-platform-operator] [6a8223b7] 13:44:06.615 [main] DEBUG io.smallrye.config - SRCFG01006: Loaded ConfigSource SysPropConfigSource with ordinal 400
2025-01-29 13:44:06,617 INFO c.h.h.t.HelmChartContainer - [hivemq-test-hivemq-platform] [hivemq-platform-operator] [6a8223b7] 13:44:06.615 [main] DEBUG io.smallrye.config - SRCFG01006: Loaded ConfigSource EnvConfigSource with ordinal 300
2025-01-29 13:44:06,617 INFO c.h.h.t.HelmChartContainer - [hivemq-test-hivemq-platform] [hivemq-platform-operator] [6a8223b7] 13:44:06.615 [main] DEBUG io.smallrye.config - SRCFG01006: Loaded ConfigSource PropertiesConfigSource[source=jar:file:///opt/hivemq-platform-operator/bin/hivemq-platform-operator.jar!/hivemq-platform-operator.properties] with ordinal 100
2025-01-29 13:44:06,617 INFO c.h.h.t.HelmChartContainer - [hivemq-test-hivemq-platform] [hivemq-platform-operator] [6a8223b7] 13:44:06.615 [main] DEBUG io.smallrye.config - SRCFG01006: Loaded ConfigSource DefaultValuesConfigSource with ordinal -2147483648
2025-01-29 13:44:06,724 INFO c.h.h.t.HelmChartContainer - [hivemq-test-hivemq-platform] [hivemq-platform-operator] [6a8223b7] 13:44:06.723 [main] DEBUG i.m.c.u.i.l.InternalLoggerFactory - Using SLF4J as the default logging framework
2025-01-29 13:44:06,889 INFO c.h.h.t.HelmChartContainer - [hivemq-test-hivemq-platform] [hivemq-platform-operator] [6a8223b7] 13:44:06.882 [main] INFO  c.h.p.o.HiveMQPlatformOperatorApplication - HiveMQ Platform Operator 1.7.0-SNAPSHOT (commit: bebf408 on branch: HEAD) built on Sun Jan 26 20:47:47 UTC 2025
2025-01-29 13:44:06,890 INFO c.h.h.t.HelmChartContainer - [hivemq-test-hivemq-platform] [hivemq-platform-operator] [6a8223b7] 13:44:06.888 [main] INFO  c.h.p.o.HiveMQPlatformOperatorApplication - HiveMQ Platform Operator is running in namespace: helmplatformmutualtlsit-operator
2025-01-29 13:44:06,890 INFO c.h.h.t.HelmChartContainer - [hivemq-test-hivemq-platform] [hivemq-platform-operator] [6a8223b7] 13:44:06.888 [main] INFO  c.h.p.o.HiveMQPlatformOperatorApplication - Watching all namespaces
2025-01-29 13:44:06,890 INFO c.h.h.t.HelmChartContainer - [hivemq-test-hivemq-platform] [hivemq-platform-operator] [6a8223b7] 13:44:06.888 [main] INFO  c.h.p.o.HiveMQPlatformOperatorApplication - Log level: DEBUG
2025-01-29 13:44:06,890 INFO c.h.h.t.HelmChartContainer - [hivemq-test-hivemq-platform] [hivemq-platform-operator] [6a8223b7] 13:44:06.888 [main] INFO  c.h.p.o.HiveMQPlatformOperatorApplication - Release name: test-hivemq-platform-operator
2025-01-29 13:44:06,890 INFO c.h.h.t.HelmChartContainer - [hivemq-test-hivemq-platform] [hivemq-platform-operator] [6a8223b7] 13:44:06.888 [main] INFO  c.h.p.o.HiveMQPlatformOperatorApplication - HiveMQ Platform Operator Init image: docker.io/hivemq/hivemq-platform-operator-init-test:snapshot
2025-01-29 13:44:06,890 INFO c.h.h.t.HelmChartContainer - [hivemq-test-hivemq-platform] [hivemq-platform-operator] [6a8223b7] 13:44:06.888 [main] INFO  c.h.p.o.HiveMQPlatformOperatorApplication - HiveMQ Platform Operator Init App update URL: http://hivemq-platform-operator-test-hivemq-platform-operator.helmplatformmutualtlsit-operator.svc:8080/initAppUpdate/hivemq-platform-operator-init-app-1.7.0-SNAPSHOT.jar
2025-01-29 13:44:06,890 INFO c.h.h.t.HelmChartContainer - [hivemq-test-hivemq-platform] [hivemq-platform-operator] [6a8223b7] 13:44:06.889 [main] INFO  c.h.p.o.HiveMQPlatformOperatorApplication - Additional imagePullSecret for all Platform deployments: none
2025-01-29 13:44:06,890 INFO c.h.h.t.HelmChartContainer - [hivemq-test-hivemq-platform] [hivemq-platform-operator] [6a8223b7] 13:44:06.889 [main] INFO  c.h.p.o.HiveMQPlatformOperatorApplication - Apply HiveMQ Platform CRD: true
2025-01-29 13:44:06,890 INFO c.h.h.t.HelmChartContainer - [hivemq-test-hivemq-platform] [hivemq-platform-operator] [6a8223b7] 13:44:06.889 [main] INFO  c.h.p.o.HiveMQPlatformOperatorApplication - Create Platform ServiceAccount: true
2025-01-29 13:44:06,890 INFO c.h.h.t.HelmChartContainer - [hivemq-test-hivemq-platform] [hivemq-platform-operator] [6a8223b7] 13:44:06.889 [main] INFO  c.h.p.o.HiveMQPlatformOperatorApplication - Create Platform ServiceAccount permissions: true
2025-01-29 13:44:06,890 INFO c.h.h.t.HelmChartContainer - [hivemq-test-hivemq-platform] [hivemq-platform-operator] [6a8223b7] 13:44:06.889 [main] INFO  c.h.p.o.HiveMQPlatformOperatorApplication - Validate Platform ServiceAccount: true
2025-01-29 13:44:06,890 INFO c.h.h.t.HelmChartContainer - [hivemq-test-hivemq-platform] [hivemq-platform-operator] [6a8223b7] 13:44:06.889 [main] INFO  c.h.p.o.HiveMQPlatformOperatorApplication - Validate Platform ServiceAccount permissions: true
2025-01-29 13:44:06,983 INFO c.h.h.t.HelmChartContainer - [hivemq-test-hivemq-platform] [hivemq-platform-operator] [6a8223b7] 13:44:06.982 [main] INFO  c.h.platform.operator.util.CRDUtil - Verifying deployed HiveMQ Platform CRD...
2025-01-29 13:44:09,687 INFO c.h.h.t.HelmChartContainer - [hivemq-test-hivemq-platform] [hivemq-platform-operator] [6a8223b7] 13:44:09.684 [main] DEBUG c.h.platform.operator.util.CRDUtil - HiveMQ Platform CRD version v1 is up to date
2025-01-29 13:44:09,687 INFO c.h.h.t.HelmChartContainer - [hivemq-test-hivemq-platform] [hivemq-platform-operator] [6a8223b7] 13:44:09.685 [main] INFO  c.h.platform.operator.util.CRDUtil - HiveMQ Platform CRD is up to date (version: V1_6_0)
2025-01-29 13:44:09,687 INFO c.h.h.t.HelmChartContainer - [hivemq-test-hivemq-platform] [hivemq-platform-operator] [6a8223b7] 13:44:09.685 [main] INFO  c.h.platform.operator.util.CRDUtil - Waiting 10000 ms for HiveMQ Platform CRD 'hivemq-platforms.hivemq.com' to become ready...
2025-01-29 13:44:10,016 INFO c.h.h.t.HelmChartContainer - [hivemq-test-hivemq-platform] [hivemq-platform-operator] [6a8223b7] 13:44:10.013 [vert.x-eventloop-thread-1] DEBUG c.h.platform.operator.util.CRDUtil - Checking CRD condition 'NamesAccepted' (status: 'True')
2025-01-29 13:44:10,016 INFO c.h.h.t.HelmChartContainer - [hivemq-test-hivemq-platform] [hivemq-platform-operator] [6a8223b7] 13:44:10.014 [vert.x-eventloop-thread-1] DEBUG c.h.platform.operator.util.CRDUtil - Checking CRD condition 'Established' (status: 'True')
2025-01-29 13:44:10,016 INFO c.h.h.t.HelmChartContainer - [hivemq-test-hivemq-platform] [hivemq-platform-operator] [6a8223b7] 13:44:10.014 [main] INFO  c.h.platform.operator.util.CRDUtil - HiveMQ Platform CRD 'hivemq-platforms.hivemq.com' is ready
2025-01-29 13:44:10,189 INFO c.h.h.t.HelmChartContainer - [hivemq-test-hivemq-platform] [hivemq-platform-operator] [6a8223b7] 13:44:10.188 [main] INFO  c.h.p.o.HiveMQPlatformReconciler - HiveMQ Platform Operator is starting...
2025-01-29 13:44:10,290 INFO c.h.h.t.HelmChartContainer - [hivemq-test-hivemq-platform] [hivemq-platform-operator] [6a8223b7] 13:44:10.289 [main] WARN  Default ConfigurationService implementation - Configuration for reconciler 'hivemq-controller' was not found. Known reconcilers: None.
2025-01-29 13:44:10,314 INFO c.h.h.t.HelmChartContainer - [hivemq-test-hivemq-platform] [hivemq-platform-operator] [6a8223b7] 13:44:10.313 [main] INFO  Default ConfigurationService implementation - Created configuration for reconciler com.hivemq.platform.operator.HiveMQPlatformReconciler with name hivemq-controller
2025-01-29 13:44:10,481 INFO c.h.h.t.HelmChartContainer - [hivemq-test-hivemq-platform] [hivemq-platform-operator] [6a8223b7] 13:44:10.480 [main] DEBUG c.h.p.o.HiveMQPlatformReconciler - HiveMQ Platform Operator is preparing EventSources
2025-01-29 13:44:10,495 INFO c.h.h.t.HelmChartContainer - [hivemq-test-hivemq-platform] [hivemq-platform-operator] [6a8223b7] 13:44:10.494 [main] INFO  i.javaoperatorsdk.operator.Operator - Registered reconciler: 'hivemq-controller' for resource: 'class com.hivemq.platform.operator.v1.HiveMQPlatform' for namespace(s): [all namespaces]
2025-01-29 13:44:11,088 INFO c.h.h.t.HelmChartContainer - [hivemq-test-hivemq-platform] [hivemq-platform-operator] [6a8223b7] 13:44:11.087 [main] INFO  c.h.p.operator.webserver.JettyServer - Starting Jetty server on port 8080
2025-01-29 13:44:11,184 INFO c.h.h.t.HelmChartContainer - [hivemq-test-hivemq-platform] [hivemq-platform-operator] [6a8223b7] 13:44:11.182 [main] INFO  i.javaoperatorsdk.operator.Operator - Operator SDK 4.9.7 (commit: 2133d28) built on Wed Nov 20 12:56:20 UTC 2024 starting...
2025-01-29 13:44:11,184 INFO c.h.h.t.HelmChartContainer - [hivemq-test-hivemq-platform] [hivemq-platform-operator] [6a8223b7] 13:44:11.183 [main] INFO  i.javaoperatorsdk.operator.Operator - Client version: 6.13.4
2025-01-29 13:44:11,185 INFO c.h.h.t.HelmChartContainer - [hivemq-test-hivemq-platform] [hivemq-platform-operator] [6a8223b7] 13:44:11.184 [Controller Starter for: hivemq-controller] INFO  i.j.operator.processing.Controller - Starting 'hivemq-controller' controller for reconciler: com.hivemq.platform.operator.HiveMQPlatformReconciler, resource: com.hivemq.platform.operator.v1.HiveMQPlatform
2025-01-29 13:44:13,715 INFO c.h.h.t.HelmChartContainer - [hivemq-test-hivemq-platform] [hivemq-platform-operator] [6a8223b7] 13:44:13.714 [Controller Starter for: hivemq-controller] INFO  i.j.operator.processing.Controller - 'hivemq-controller' controller started
2025-01-29 13:44:13,715 INFO c.h.h.t.HelmChartContainer - [hivemq-test-hivemq-platform] [hivemq-platform-operator] [6a8223b7] 13:44:13.714 [main] INFO  c.h.p.o.HiveMQPlatformOperatorApplication - HiveMQ Platform Operator 1.7.0-SNAPSHOT started in 6832 ms
2025-01-29 13:44:14,886 INFO c.h.h.t.HelmChartContainer - [POD] hivemq-test-hivemq-platform-operator-6966f96d65-2g5f2 [6a8223b7-fd0a-41bf-8ffb-605c83713a19] in helmplatformmutualtlsit-operator was MODIFIED
2025-01-29 13:44:14,893 INFO c.h.h.t.HelmChartContainer - [K3S] [replica_set.go:679] "Finished syncing" kind="ReplicaSet" key="helmplatformmutualtlsit-operator/hivemq-test-hivemq-platform-operator-6966f96d65" duration="8.893503ms"
2025-01-29 13:44:14,894 INFO c.h.h.t.HelmChartContainer - [K3S] [replica_set.go:679] "Finished syncing" kind="ReplicaSet" key="helmplatformmutualtlsit-operator/hivemq-test-hivemq-platform-operator-6966f96d65" duration="37.82µs"
2025-01-29 13:44:16,040 DEBUG c.h.helmcharts.util.CertificatesUtil - ..+......+++++++++++++++++++++++++++++++++++++++++++++++++++++++++++++++++*.....+.....+....+.....+...+.+.....+.+.....+....+......+...+..+...+...+...+.......+...............+.....+.......+.....+...+...+.......+........+.+...+...+........+......+....+.....+.+...+...+.........+....................+....+..+............+.+..+............+.......+...+..+...................+++++++++++++++++++++++++++++++++++++++++++++++++++++++++++++++++*.......+................+......+...+...+............+..+....+.................+....+.........+..+....+...+...+..+.+.........+..+...+.+......+.........+......+...........+..........+............+...+..+...+.........+....+.....+....+...+.....+.........+...............+.+.....+...+.+.....+..........+...+........+...+....+........+....+.....+.........+....+........+....+..............+......+.+..+..........+........+...+.+...+........+...+......+.+..+..........+.....+...+....+........+.......+.....+...................+.....+....+.....+..........+...+.................+.+...............+..+...+.......+...+.....+......+.........+......+.........+.+...+.....+...+...............+.......+..+.+.................+.+..+...+.+...+.................+.........+.........+.+++++++++++++++++++++++++++++++++++++++++++++++++++++++++++++++++
2025-01-29 13:44:16,220 DEBUG c.h.helmcharts.util.CertificatesUtil - ...+..........+..+.+..............+.+.....+.+...+...+++++++++++++++++++++++++++++++++++++++++++++++++++++++++++++++++*......+...+.............+..+.+.....+.+...+.....+..........+........+..........+..+............+....+..+....+......+..+..........+..+.+..+.+.....+......+.+...+...........+.+.....+.......+......+.........+........+.......+..+...+.+..+...+....+...+.....+.......+.....+.+......+.....+.+..+...+...+.+......+.....+...+.+.........+.....+++++++++++++++++++++++++++++++++++++++++++++++++++++++++++++++++*.+....+...+.....+..........+........+......+.+..+.+..+....+...........+....+...+......+..+....+........+.......+......+...+..+....+........+..........+......+.....+....+..+...+...+..................+.......+............+..+.+.........+.....+.+..+...+...+.+......+..............+.+...+.....+....+........+.......+..+......+...+.......+..+......+.+......+..............+....+........................+...+........+....+...+..+.+.............................+...+....+...+.....+.+.....+.........+.......+........+...+.......+..+................+.....+.........+...+.............+..............+....+..............+.+.....+.+........+......+......+.............+............+...+........+.......+.....+...............+......+.+......+..+.+..+++++++++++++++++++++++++++++++++++++++++++++++++++++++++++++++++
2025-01-29 13:44:16,223 DEBUG c.h.helmcharts.util.CertificatesUtil - -----
2025-01-29 13:44:16,248 DEBUG c.h.helmcharts.util.CertificatesUtil - Certificate request self-signature ok
2025-01-29 13:44:16,248 DEBUG c.h.helmcharts.util.CertificatesUtil - subject=C = CA, CN = secure-service-platform.default.svc
2025-01-29 13:44:16,252 DEBUG c.h.helmcharts.util.CertificatesUtil - >> Generating keystore and truststore files
2025-01-29 13:44:16,305 INFO c.h.h.t.HelmChartContainer - [K3S] [scope.go:117] "RemoveContainer" containerID="745e89fde110c5eabf97711a7bb2b0f4f335ae826141eca4bb31dd4e746295ce"
2025-01-29 13:44:16,309 INFO c.h.h.t.HelmChartContainer - [K3S] [scope.go:117] "RemoveContainer" containerID="2db7970ec4f624d9991ac5085c2f88b638797e4718d0148987bc410adecdb56a"
2025-01-29 13:44:16,408 DEBUG c.h.helmcharts.util.CertificatesUtil - Importing keystore key.pkcs12 to keystore.jks...
2025-01-29 13:44:16,586 DEBUG c.h.helmcharts.util.CertificatesUtil - Entry for alias 1 successfully imported.
2025-01-29 13:44:16,596 DEBUG c.h.helmcharts.util.CertificatesUtil - Import command completed:  1 entries successfully imported, 0 entries failed or cancelled
2025-01-29 13:44:16,603 DEBUG c.h.helmcharts.util.CertificatesUtil - 
2025-01-29 13:44:16,603 DEBUG c.h.helmcharts.util.CertificatesUtil - Warning:
2025-01-29 13:44:16,603 DEBUG c.h.helmcharts.util.CertificatesUtil - The JKS keystore uses a proprietary format. It is recommended to migrate to PKCS12 which is an industry standard format using "keytool -importkeystore -srckeystore keystore.jks -destkeystore keystore.jks -deststoretype pkcs12".
2025-01-29 13:44:16,869 DEBUG c.h.helmcharts.util.CertificatesUtil - Certificate stored in file <secure-service-platform.pem>
2025-01-29 13:44:17,034 DEBUG c.h.helmcharts.util.CertificatesUtil - Certificate was added to keystore
2025-01-29 13:44:17,459 DEBUG c.h.helmcharts.util.CertificatesUtil - Certificate was added to keystore
2025-01-29 13:44:20,429 DEBUG c.h.helmcharts.util.CertificatesUtil - >> Create client certificates
2025-01-29 13:44:20,475 DEBUG c.h.helmcharts.util.CertificatesUtil - ..+......+....+......+.....+.+......+........+.........+...+...+++++++++++++++++++++++++++++++++++++++++++++++++++++++++++++++++*..........+..+....+.....+....+..+.+...+..............+++++++++++++++++++++++++++++++++++++++++++++++++++++++++++++++++*..+..........+..+..........+........+....+...+.....+...+....+......+..+.......+......+...+..+++++++++++++++++++++++++++++++++++++++++++++++++++++++++++++++++
2025-01-29 13:44:20,509 DEBUG c.h.helmcharts.util.CertificatesUtil - ....+......+.....+.+...+......+++++++++++++++++++++++++++++++++++++++++++++++++++++++++++++++++*............+...+.........+...+.+.....+.......+........+......+...+......+......+.+.........+...+..+.+++++++++++++++++++++++++++++++++++++++++++++++++++++++++++++++++*..............+.+..+......+.+........+..........+...+.....+++++++++++++++++++++++++++++++++++++++++++++++++++++++++++++++++
2025-01-29 13:44:20,512 DEBUG c.h.helmcharts.util.CertificatesUtil - -----
2025-01-29 13:44:20,539 DEBUG c.h.helmcharts.util.CertificatesUtil - >> Import the certificates
2025-01-29 13:44:20,867 DEBUG c.h.helmcharts.util.CertificatesUtil - Certificate was added to keystore
2025-01-29 13:44:21,036 DEBUG c.h.h.t.HelmChartContainer - Executing helm command: /bin/helm --kubeconfig /etc/rancher/k3s/k3s.yaml install test-hivemq-platform /charts/hivemq-platform --wait --timeout 5m0s --set image.repository=docker.io/hivemq --set image.tag=4.36.0 --set image.pullPolicy=Never --set nodes.resources.cpu=512m -f /files/mtls-mqtt-values.yaml --namespace helmplatformmutualtlsit
2025-01-29 13:44:21,264 INFO c.h.h.t.HelmChartContainer - [hivemq-test-hivemq-platform] [hivemq-platform-operator] [6a8223b7] 13:44:21.262 [-373097727-pool-1-thread-1] WARN  i.m.p.PrometheusMeterRegistry - The meter (MeterId{name='operator.sdk.events.received', tags=[tag(action=ADDED),tag(event=ResourceEvent),tag(group=hivemq.com),tag(kind=HiveMQPlatform),tag(name=test-hivemq-platform),tag(namespace=helmplatformmutualtlsit),tag(scope=namespace),tag(version=v1)]}) registration has failed: Prometheus requires that all meters with the same name have the same set of tag keys. There is already an existing meter named 'operator.sdk.events.received' containing tag keys [event, group, kind, name, namespace, scope, version]. The meter you are attempting to register has keys [action, event, group, kind, name, namespace, scope, version]. Note that subsequent logs will be logged at debug level.
2025-01-29 13:44:21,814 INFO c.h.h.t.HelmChartContainer - [hivemq-test-hivemq-platform] [hivemq-platform-operator] [6a8223b7] 13:44:21.812 [pool-6-thread-3] DEBUG c.h.p.o.dependants.PodInfoConfigMap - [helmplat] Desired PodInfo ConfigMap (1 extensions) (1 enabled)
2025-01-29 13:44:21,815 INFO c.h.h.t.HelmChartContainer - [hivemq-test-hivemq-platform] [hivemq-platform-operator] [6a8223b7] 13:44:21.813 [pool-6-thread-3] DEBUG c.h.p.o.dependants.PodInfoConfigMap - [helmplat] Desired PodInfo ConfigMap (metrics port: 9399) (metrics path: /)
2025-01-29 13:44:21,815 INFO c.h.h.t.HelmChartContainer - [hivemq-test-hivemq-platform] [hivemq-platform-operator] [6a8223b7] 13:44:21.813 [pool-6-thread-3] DEBUG c.h.p.o.dependants.PodInfoConfigMap - [helmplat] Desired PodInfo ConfigMap (extension state hash: -1817474005)
2025-01-29 13:44:21,817 INFO c.h.h.t.HelmChartContainer - [hivemq-test-hivemq-platform] [hivemq-platform-operator] [6a8223b7] 13:44:21.816 [pool-6-thread-3] DEBUG c.h.p.o.dependants.PodInfoConfigMap - [helmplat] Create PodInfo ConfigMap
2025-01-29 13:44:21,921 INFO c.h.h.t.HelmChartContainer - [hivemq-test-hivemq-platform] [hivemq-platform-operator] [6a8223b7] 13:44:21.919 [pool-6-thread-5] DEBUG c.h.p.o.dependants.PodRoleResource - [helmplat] Create Role: Role(apiVersion=rbac.authorization.k8s.io/v1, kind=Role, metadata=ObjectMeta(annotations={meta.helm.sh/release-name=test-hivemq-platform, meta.helm.sh/release-namespace=helmplatformmutualtlsit}, creationTimestamp=null, deletionGracePeriodSeconds=null, deletionTimestamp=null, finalizers=[], generateName=null, generation=null, labels={helm.sh/chart=hivemq-platform-0.2.32, app.kubernetes.io/managed-by=Helm, app.kubernetes.io/name=hivemq-platform, hivemq-platform=test-hivemq-platform, app.kubernetes.io/instance=test-hivemq-platform, app.kubernetes.io/version=4.36.0}, managedFields=[], name=hivemq-platform-role-test-hivemq-platform, namespace=helmplatformmutualtlsit, ownerReferences=[OwnerReference(apiVersion=hivemq.com/v1, blockOwnerDeletion=null, controller=null, kind=HiveMQPlatform, name=test-hivemq-platform, uid=0f5924f9-2074-4101-9e8d-601549a83fb4, additionalProperties={})], resourceVersion=null, selfLink=null, uid=null, additionalProperties={}), rules=[PolicyRule(apiGroups=[], nonResourceURLs=[], resourceNames=[], resources=[pods], verbs=[get, patch, update], additionalProperties={})], additionalProperties={})
2025-01-29 13:44:22,023 INFO c.h.h.t.HelmChartContainer - [hivemq-test-hivemq-platform] [hivemq-platform-operator] [6a8223b7] 13:44:22.021 [pool-6-thread-7] DEBUG c.h.p.o.d.PodServiceAccountResource - [helmplat] Desired PodServiceAccountResource (serviceAccountName: hivemq-platform-pod-test-hivemq-platform)
2025-01-29 13:44:22,025 INFO c.h.h.t.HelmChartContainer - [hivemq-test-hivemq-platform] [hivemq-platform-operator] [6a8223b7] 13:44:22.022 [pool-6-thread-7] DEBUG c.h.p.o.d.PodServiceAccountResource - [helmplat] Create ServiceAccount 'hivemq-platform-pod-test-hivemq-platform'
2025-01-29 13:44:22,213 INFO c.h.h.t.HelmChartContainer - [hivemq-test-hivemq-platform] [hivemq-platform-operator] [6a8223b7] 13:44:22.212 [pool-6-thread-10] DEBUG c.h.p.o.d.PodRoleBindingResource - [helmplat] Create RoleBinding: RoleBinding(apiVersion=rbac.authorization.k8s.io/v1, kind=RoleBinding, metadata=ObjectMeta(annotations={meta.helm.sh/release-name=test-hivemq-platform, meta.helm.sh/release-namespace=helmplatformmutualtlsit}, creationTimestamp=null, deletionGracePeriodSeconds=null, deletionTimestamp=null, finalizers=[], generateName=null, generation=null, labels={helm.sh/chart=hivemq-platform-0.2.32, app.kubernetes.io/managed-by=Helm, app.kubernetes.io/name=hivemq-platform, hivemq-platform=test-hivemq-platform, app.kubernetes.io/instance=test-hivemq-platform, app.kubernetes.io/version=4.36.0}, managedFields=[], name=hivemq-platform-role-binding-test-hivemq-platform, namespace=helmplatformmutualtlsit, ownerReferences=[OwnerReference(apiVersion=hivemq.com/v1, blockOwnerDeletion=null, controller=null, kind=HiveMQPlatform, name=test-hivemq-platform, uid=0f5924f9-2074-4101-9e8d-601549a83fb4, additionalProperties={})], resourceVersion=null, selfLink=null, uid=null, additionalProperties={}), roleRef=RoleRef(apiGroup=rbac.authorization.k8s.io, kind=Role, name=hivemq-platform-role-test-hivemq-platform, additionalProperties={}), subjects=[Subject(apiGroup=null, kind=ServiceAccount, name=hivemq-platform-pod-test-hivemq-platform, namespace=helmplatformmutualtlsit, additionalProperties={})], additionalProperties={})
2025-01-29 13:44:22,233 INFO c.h.h.t.HelmChartContainer - [hivemq-test-hivemq-platform] [hivemq-platform-operator] [6a8223b7] 13:44:22.232 [ReconcilerExecutor-hivemq-controller-53] INFO  c.h.p.o.HiveMQPlatformReconciler - [helmplat] Reconciling HiveMQ Platform 'test-hivemq-platform' in namespace 'helmplatformmutualtlsit'
2025-01-29 13:44:22,234 INFO c.h.h.t.HelmChartContainer - [hivemq-test-hivemq-platform] [hivemq-platform-operator] [6a8223b7] 13:44:22.232 [ReconcilerExecutor-hivemq-controller-53] DEBUG c.h.p.o.HiveMQPlatformReconciler - [helmplat] Custom Resource Status CREATED - HiveMQ Platform was created (READY)
2025-01-29 13:44:22,234 INFO c.h.h.t.HelmChartContainer - [hivemq-test-hivemq-platform] [hivemq-platform-operator] [6a8223b7] 13:44:22.232 [ReconcilerExecutor-hivemq-controller-53] DEBUG c.h.p.o.HiveMQPlatformReconciler - [helmplat] Custom Resource Spec (replicas: 1) (extensions: 1)
2025-01-29 13:44:22,239 INFO c.h.h.t.HelmChartContainer - [hivemq-test-hivemq-platform] [hivemq-platform-operator] [6a8223b7] 13:44:22.238 [ReconcilerExecutor-hivemq-controller-53] INFO  c.h.p.o.h.HiveMQPlatformReconcilerBaseHandler - [helmplat] HiveMQ Platform is starting
2025-01-29 13:44:22,336 INFO c.h.h.t.HelmChartContainer - [hivemq-test-hivemq-platform] [hivemq-platform-operator] [6a8223b7] 13:44:22.335 [ReconcilerExecutor-hivemq-controller-53] DEBUG c.h.p.operator.event.EventSender - [helmplat] Creating K8s event hivemq-platform-starting: [Start] HiveMQ Platform is starting
2025-01-29 13:44:22,420 INFO c.h.h.t.HelmChartContainer - [EVENT] Normal [Start] HiveMQ Platform is starting [helmplatformmutualtlsit:test-hivemq-platform]
2025-01-29 13:44:22,425 INFO c.h.h.t.HelmChartContainer - [hivemq-test-hivemq-platform] [hivemq-platform-operator] [6a8223b7] 13:44:22.423 [ReconcilerExecutor-hivemq-controller-53] INFO  c.h.p.o.h.AbstractHiveMQReconcilerStateHandler - [helmplat] Update HiveMQ Platform Status (CREATED [READY] -> STARTING [READY]): HiveMQ Platform is starting
2025-01-29 13:44:22,522 DEBUG com.hivemq.helmcharts.util.K8sUtil - Comparing actual state 'STARTING' and waiting for 'RUNNING'
2025-01-29 13:44:32,530 INFO c.h.h.t.HelmChartContainer - [hivemq-test-hivemq-platform] [hivemq-platform-operator] [6a8223b7] 13:44:32.527 [pool-6-thread-12] DEBUG c.h.p.o.d.PlatformServiceResource - [helmplat] Desired Platform services (4 services)
2025-01-29 13:44:32,532 INFO c.h.h.t.HelmChartContainer - [hivemq-test-hivemq-platform] [hivemq-platform-operator] [6a8223b7] 13:44:32.528 [pool-6-thread-13] DEBUG c.h.p.o.dependants.PodInfoConfigMap - [helmplat] Desired PodInfo ConfigMap (1 extensions) (1 enabled)
2025-01-29 13:44:32,532 INFO c.h.h.t.HelmChartContainer - [hivemq-test-hivemq-platform] [hivemq-platform-operator] [6a8223b7] 13:44:32.529 [pool-6-thread-13] DEBUG c.h.p.o.dependants.PodInfoConfigMap - [helmplat] Desired PodInfo ConfigMap (metrics port: 9399) (metrics path: /)
2025-01-29 13:44:32,532 INFO c.h.h.t.HelmChartContainer - [hivemq-test-hivemq-platform] [hivemq-platform-operator] [6a8223b7] 13:44:32.529 [pool-6-thread-13] DEBUG c.h.p.o.dependants.PodInfoConfigMap - [helmplat] Desired PodInfo ConfigMap (extension state hash: -1817474005)
2025-01-29 13:44:32,537 INFO c.h.h.t.HelmChartContainer - [hivemq-test-hivemq-platform] [hivemq-platform-operator] [6a8223b7] 13:44:32.536 [pool-6-thread-17] DEBUG c.h.p.o.d.PodServiceAccountResource - [helmplat] Desired PodServiceAccountResource (serviceAccountName: hivemq-platform-pod-test-hivemq-platform)
2025-01-29 13:44:32,615 INFO c.h.h.t.HelmChartContainer - [hivemq-test-hivemq-platform] [hivemq-platform-operator] [6a8223b7] 13:44:32.614 [pool-6-thread-13] DEBUG c.h.p.o.dependants.PodInfoConfigMap - [helmplat] Update PodInfo ConfigMap
2025-01-29 13:44:32,621 INFO c.h.h.t.HelmChartContainer - [K3S] [alloc.go:330] "allocated clusterIPs" service="helmplatformmutualtlsit/hivemq-test-hivemq-platform-metrics-9399" clusterIPs={"IPv4":"10.43.17.25"}
2025-01-29 13:44:32,636 INFO c.h.h.t.HelmChartContainer - [K3S] [alloc.go:330] "allocated clusterIPs" service="helmplatformmutualtlsit/hivemq-test-hivemq-platform-mqtt-1884" clusterIPs={"IPv4":"10.43.140.104"}
2025-01-29 13:44:32,721 INFO c.h.h.t.HelmChartContainer - [K3S] [alloc.go:330] "allocated clusterIPs" service="helmplatformmutualtlsit/hivemq-test-hivemq-platform-mqtt-1883" clusterIPs={"IPv4":"10.43.219.216"}
2025-01-29 13:44:32,733 INFO c.h.h.t.HelmChartContainer - [K3S] [alloc.go:330] "allocated clusterIPs" service="helmplatformmutualtlsit/hivemq-test-hivemq-platform-mqtt-1885" clusterIPs={"IPv4":"10.43.112.243"}
2025-01-29 13:44:32,817 INFO c.h.h.t.HelmChartContainer - [hivemq-test-hivemq-platform] [hivemq-platform-operator] [6a8223b7] 13:44:32.816 [pool-6-thread-20] DEBUG c.h.p.o.d.StatefulSetResource - [helmplat] Desired StatefulSet (1 replicas) for status STARTING (READY)
2025-01-29 13:44:32,830 INFO c.h.h.t.HelmChartContainer - [hivemq-test-hivemq-platform] [hivemq-platform-operator] [6a8223b7] 13:44:32.829 [pool-6-thread-20] DEBUG c.h.p.o.d.StatefulSetResource - [helmplat] Create StatefulSet
2025-01-29 13:44:32,941 INFO c.h.h.t.HelmChartContainer - [POD] test-hivemq-platform-0 [ddfcb168-df9d-466c-aca3-258d0dd7569d] in helmplatformmutualtlsit was ADDED
2025-01-29 13:44:32,941 INFO c.h.h.t.HelmChartContainer - [EVENT] Normal [SuccessfulCreate] create Pod test-hivemq-platform-0 in StatefulSet test-hivemq-platform successful [helmplatformmutualtlsit:test-hivemq-platform]
2025-01-29 13:44:32,945 INFO c.h.h.t.HelmChartContainer - [POD] test-hivemq-platform-0 [ddfcb168-df9d-466c-aca3-258d0dd7569d] in helmplatformmutualtlsit was MODIFIED
2025-01-29 13:44:32,946 INFO c.h.h.t.HelmChartContainer - [EVENT] Normal [Scheduled] Successfully assigned helmplatformmutualtlsit/test-hivemq-platform-0 to 83e4a3cb5001 [helmplatformmutualtlsit:test-hivemq-platform-0]
2025-01-29 13:44:32,958 INFO c.h.h.t.HelmChartContainer - [POD] test-hivemq-platform-0 [ddfcb168-df9d-466c-aca3-258d0dd7569d] in helmplatformmutualtlsit was MODIFIED
2025-01-29 13:44:33,025 INFO c.h.h.t.HelmChartContainer - [hivemq-test-hivemq-platform] [hivemq-platform-operator] [6a8223b7] 13:44:33.014 [ReconcilerExecutor-hivemq-controller-64] INFO  c.h.p.o.HiveMQPlatformReconciler - [helmplat] Reconciling HiveMQ Platform 'test-hivemq-platform' in namespace 'helmplatformmutualtlsit'
2025-01-29 13:44:33,025 INFO c.h.h.t.HelmChartContainer - [hivemq-test-hivemq-platform] [hivemq-platform-operator] [6a8223b7] 13:44:33.014 [ReconcilerExecutor-hivemq-controller-64] DEBUG c.h.p.o.HiveMQPlatformReconciler - [helmplat] Custom Resource Status STARTING - HiveMQ Platform is starting (READY)
2025-01-29 13:44:33,025 INFO c.h.h.t.HelmChartContainer - [hivemq-test-hivemq-platform] [hivemq-platform-operator] [6a8223b7] 13:44:33.014 [ReconcilerExecutor-hivemq-controller-64] DEBUG c.h.p.o.HiveMQPlatformReconciler - [helmplat] Custom Resource Spec (replicas: 1) (extensions: 1)
2025-01-29 13:44:33,026 INFO c.h.h.t.HelmChartContainer - [hivemq-test-hivemq-platform] [hivemq-platform-operator] [6a8223b7] 13:44:33.023 [ReconcilerExecutor-hivemq-controller-64] DEBUG c.h.p.o.HiveMQPlatformReconciler - [helmplat] StatefulSet Status (revision: null, replicas: 0, available: 0, ready: 0, current: 0, updated: 0)
2025-01-29 13:44:33,026 INFO c.h.h.t.HelmChartContainer - [hivemq-test-hivemq-platform] [hivemq-platform-operator] [6a8223b7] 13:44:33.023 [ReconcilerExecutor-hivemq-controller-64] DEBUG c.h.p.o.HiveMQPlatformReconciler - [helmplat] StatefulSet Spec (replicas: 1, init containers: 1, containers: 1, volumes: 7)
2025-01-29 13:44:33,035 INFO c.h.h.t.HelmChartContainer - [K3S] [reconciler_common.go:251] "operationExecutor.VerifyControllerAttachedVolume started for volume \"mqtts-truststore-1884\" (UniqueName: \"kubernetes.io/secret/ddfcb168-df9d-466c-aca3-258d0dd7569d-mqtts-truststore-1884\") pod \"test-hivemq-platform-0\" (UID: \"ddfcb168-df9d-466c-aca3-258d0dd7569d\") " pod="helmplatformmutualtlsit/test-hivemq-platform-0"
2025-01-29 13:44:33,035 INFO c.h.h.t.HelmChartContainer - [K3S] [reconciler_common.go:251] "operationExecutor.VerifyControllerAttachedVolume started for volume \"mqtts-truststore-1885\" (UniqueName: \"kubernetes.io/secret/ddfcb168-df9d-466c-aca3-258d0dd7569d-mqtts-truststore-1885\") pod \"test-hivemq-platform-0\" (UID: \"ddfcb168-df9d-466c-aca3-258d0dd7569d\") " pod="helmplatformmutualtlsit/test-hivemq-platform-0"
2025-01-29 13:44:33,035 INFO c.h.h.t.HelmChartContainer - [K3S] [reconciler_common.go:251] "operationExecutor.VerifyControllerAttachedVolume started for volume \"broker-configuration\" (UniqueName: \"kubernetes.io/configmap/ddfcb168-df9d-466c-aca3-258d0dd7569d-broker-configuration\") pod \"test-hivemq-platform-0\" (UID: \"ddfcb168-df9d-466c-aca3-258d0dd7569d\") " pod="helmplatformmutualtlsit/test-hivemq-platform-0"
2025-01-29 13:44:33,035 INFO c.h.h.t.HelmChartContainer - [K3S] [reconciler_common.go:251] "operationExecutor.VerifyControllerAttachedVolume started for volume \"operator-init\" (UniqueName: \"kubernetes.io/empty-dir/ddfcb168-df9d-466c-aca3-258d0dd7569d-operator-init\") pod \"test-hivemq-platform-0\" (UID: \"ddfcb168-df9d-466c-aca3-258d0dd7569d\") " pod="helmplatformmutualtlsit/test-hivemq-platform-0"
2025-01-29 13:44:33,035 INFO c.h.h.t.HelmChartContainer - [K3S] [reconciler_common.go:251] "operationExecutor.VerifyControllerAttachedVolume started for volume \"kube-api-access-zvtqp\" (UniqueName: \"kubernetes.io/projected/ddfcb168-df9d-466c-aca3-258d0dd7569d-kube-api-access-zvtqp\") pod \"test-hivemq-platform-0\" (UID: \"ddfcb168-df9d-466c-aca3-258d0dd7569d\") " pod="helmplatformmutualtlsit/test-hivemq-platform-0"
2025-01-29 13:44:33,035 INFO c.h.h.t.HelmChartContainer - [K3S] [reconciler_common.go:251] "operationExecutor.VerifyControllerAttachedVolume started for volume \"mqtts-keystore-1884\" (UniqueName: \"kubernetes.io/secret/ddfcb168-df9d-466c-aca3-258d0dd7569d-mqtts-keystore-1884\") pod \"test-hivemq-platform-0\" (UID: \"ddfcb168-df9d-466c-aca3-258d0dd7569d\") " pod="helmplatformmutualtlsit/test-hivemq-platform-0"
2025-01-29 13:44:33,035 INFO c.h.h.t.HelmChartContainer - [K3S] [reconciler_common.go:251] "operationExecutor.VerifyControllerAttachedVolume started for volume \"mqtts-keystore-1885\" (UniqueName: \"kubernetes.io/secret/ddfcb168-df9d-466c-aca3-258d0dd7569d-mqtts-keystore-1885\") pod \"test-hivemq-platform-0\" (UID: \"ddfcb168-df9d-466c-aca3-258d0dd7569d\") " pod="helmplatformmutualtlsit/test-hivemq-platform-0"
2025-01-29 13:44:33,035 INFO c.h.h.t.HelmChartContainer - [K3S] [reconciler_common.go:251] "operationExecutor.VerifyControllerAttachedVolume started for volume \"pod-info\" (UniqueName: \"kubernetes.io/configmap/ddfcb168-df9d-466c-aca3-258d0dd7569d-pod-info\") pod \"test-hivemq-platform-0\" (UID: \"ddfcb168-df9d-466c-aca3-258d0dd7569d\") " pod="helmplatformmutualtlsit/test-hivemq-platform-0"
2025-01-29 13:44:33,121 INFO c.h.h.t.HelmChartContainer - [hivemq-test-hivemq-platform] [hivemq-platform-operator] [6a8223b7] 13:44:33.120 [ReconcilerExecutor-hivemq-controller-64] DEBUG c.h.p.o.h.HiveMQPlatformReconcilerErrorHandler - [helmplat] Pod 'test-hivemq-platform-0' phase Pending
2025-01-29 13:44:33,122 INFO c.h.h.t.HelmChartContainer - [hivemq-test-hivemq-platform] [hivemq-platform-operator] [6a8223b7] 13:44:33.121 [ReconcilerExecutor-hivemq-controller-64] DEBUG c.h.p.o.h.HiveMQPlatformReconcilerErrorHandler - [helmplat] Pod 'test-hivemq-platform-0' condition 'PodReadyToStartContainers': False
2025-01-29 13:44:33,122 INFO c.h.h.t.HelmChartContainer - [hivemq-test-hivemq-platform] [hivemq-platform-operator] [6a8223b7] 13:44:33.121 [ReconcilerExecutor-hivemq-controller-64] DEBUG c.h.p.o.h.HiveMQPlatformReconcilerErrorHandler - [helmplat] Pod 'test-hivemq-platform-0' condition 'Initialized': False
2025-01-29 13:44:33,122 INFO c.h.h.t.HelmChartContainer - [hivemq-test-hivemq-platform] [hivemq-platform-operator] [6a8223b7] 13:44:33.121 [ReconcilerExecutor-hivemq-controller-64] DEBUG c.h.p.o.h.HiveMQPlatformReconcilerErrorHandler - [helmplat] Pod 'test-hivemq-platform-0' condition 'Ready': False
2025-01-29 13:44:33,122 INFO c.h.h.t.HelmChartContainer - [hivemq-test-hivemq-platform] [hivemq-platform-operator] [6a8223b7] 13:44:33.121 [ReconcilerExecutor-hivemq-controller-64] DEBUG c.h.p.o.h.HiveMQPlatformReconcilerErrorHandler - [helmplat] Pod 'test-hivemq-platform-0' condition 'ContainersReady': False
2025-01-29 13:44:33,122 INFO c.h.h.t.HelmChartContainer - [hivemq-test-hivemq-platform] [hivemq-platform-operator] [6a8223b7] 13:44:33.121 [ReconcilerExecutor-hivemq-controller-64] DEBUG c.h.p.o.h.HiveMQPlatformReconcilerErrorHandler - [helmplat] Pod 'test-hivemq-platform-0' condition 'PodScheduled': True
2025-01-29 13:44:33,122 INFO c.h.h.t.HelmChartContainer - [hivemq-test-hivemq-platform] [hivemq-platform-operator] [6a8223b7] 13:44:33.121 [ReconcilerExecutor-hivemq-controller-64] DEBUG c.h.p.o.h.HiveMQPlatformReconcilerErrorHandler - [helmplat] Pod 'test-hivemq-platform-0' containerStatus 'hivemq' (started: false) (ready: false) (waiting: [PodInitializing] null)
2025-01-29 13:44:33,125 INFO c.h.h.t.HelmChartContainer - [hivemq-test-hivemq-platform] [hivemq-platform-operator] [6a8223b7] 13:44:33.124 [ReconcilerExecutor-hivemq-controller-64] INFO  c.h.p.o.h.HiveMQPlatformReconcilerBaseHandler - [helmplat] HiveMQ Platform is starting, 0 of 1 replicas are ready
2025-01-29 13:44:33,215 INFO c.h.h.t.HelmChartContainer - [hivemq-test-hivemq-platform] [hivemq-platform-operator] [6a8223b7] 13:44:33.213 [pool-6-thread-22] DEBUG c.h.p.o.d.PlatformServiceResource - [helmplat] Desired Platform services (4 services)
2025-01-29 13:44:33,217 INFO c.h.h.t.HelmChartContainer - [hivemq-test-hivemq-platform] [hivemq-platform-operator] [6a8223b7] 13:44:33.215 [pool-6-thread-23] DEBUG c.h.p.o.dependants.PodInfoConfigMap - [helmplat] Desired PodInfo ConfigMap (1 extensions) (1 enabled)
2025-01-29 13:44:33,217 INFO c.h.h.t.HelmChartContainer - [hivemq-test-hivemq-platform] [hivemq-platform-operator] [6a8223b7] 13:44:33.215 [pool-6-thread-23] DEBUG c.h.p.o.dependants.PodInfoConfigMap - [helmplat] Desired PodInfo ConfigMap (metrics port: 9399) (metrics path: /)
2025-01-29 13:44:33,217 INFO c.h.h.t.HelmChartContainer - [hivemq-test-hivemq-platform] [hivemq-platform-operator] [6a8223b7] 13:44:33.215 [pool-6-thread-23] DEBUG c.h.p.o.dependants.PodInfoConfigMap - [helmplat] Desired PodInfo ConfigMap (extension state hash: -1817474005)
2025-01-29 13:44:33,221 INFO c.h.h.t.HelmChartContainer - [hivemq-test-hivemq-platform] [hivemq-platform-operator] [6a8223b7] 13:44:33.220 [pool-6-thread-27] DEBUG c.h.p.o.d.PodServiceAccountResource - [helmplat] Desired PodServiceAccountResource (serviceAccountName: hivemq-platform-pod-test-hivemq-platform)
2025-01-29 13:44:33,320 INFO c.h.h.t.HelmChartContainer - [hivemq-test-hivemq-platform] [hivemq-platform-operator] [6a8223b7] 13:44:33.317 [pool-6-thread-30] DEBUG c.h.p.o.d.StatefulSetResource - [helmplat] Desired StatefulSet (1 replicas) for status STARTING (READY)
2025-01-29 13:44:33,328 INFO c.h.h.t.HelmChartContainer - [hivemq-test-hivemq-platform] [hivemq-platform-operator] [6a8223b7] 13:44:33.327 [ReconcilerExecutor-hivemq-controller-75] INFO  c.h.p.o.HiveMQPlatformReconciler - [helmplat] Reconciling HiveMQ Platform 'test-hivemq-platform' in namespace 'helmplatformmutualtlsit'
2025-01-29 13:44:33,329 INFO c.h.h.t.HelmChartContainer - [hivemq-test-hivemq-platform] [hivemq-platform-operator] [6a8223b7] 13:44:33.328 [ReconcilerExecutor-hivemq-controller-75] DEBUG c.h.p.o.HiveMQPlatformReconciler - [helmplat] Custom Resource Status STARTING - HiveMQ Platform is starting (READY)
2025-01-29 13:44:33,330 INFO c.h.h.t.HelmChartContainer - [hivemq-test-hivemq-platform] [hivemq-platform-operator] [6a8223b7] 13:44:33.328 [ReconcilerExecutor-hivemq-controller-75] DEBUG c.h.p.o.HiveMQPlatformReconciler - [helmplat] Custom Resource Spec (replicas: 1) (extensions: 1)
2025-01-29 13:44:33,333 INFO c.h.h.t.HelmChartContainer - [hivemq-test-hivemq-platform] [hivemq-platform-operator] [6a8223b7] 13:44:33.332 [ReconcilerExecutor-hivemq-controller-75] DEBUG c.h.p.o.HiveMQPlatformReconciler - [helmplat] StatefulSet Status (revision: test-hivemq-platform-b4978c669, replicas: 1, available: 0, ready: 0, current: 1, updated: 1)
2025-01-29 13:44:33,334 INFO c.h.h.t.HelmChartContainer - [hivemq-test-hivemq-platform] [hivemq-platform-operator] [6a8223b7] 13:44:33.332 [ReconcilerExecutor-hivemq-controller-75] DEBUG c.h.p.o.HiveMQPlatformReconciler - [helmplat] StatefulSet Spec (replicas: 1, init containers: 1, containers: 1, volumes: 7)
2025-01-29 13:44:33,340 INFO c.h.h.t.HelmChartContainer - [EVENT] Normal [Pulled] Container image "docker.io/hivemq/hivemq-platform-operator-init-test:snapshot" already present on machine [helmplatformmutualtlsit:test-hivemq-platform-0]
2025-01-29 13:44:33,346 INFO c.h.h.t.HelmChartContainer - [EVENT] Normal [Created] Created container: hivemq-platform-operator-init [helmplatformmutualtlsit:test-hivemq-platform-0]
2025-01-29 13:44:33,386 INFO c.h.h.t.HelmChartContainer - [EVENT] Normal [Started] Started container hivemq-platform-operator-init [helmplatformmutualtlsit:test-hivemq-platform-0]
2025-01-29 13:44:33,416 INFO c.h.h.t.HelmChartContainer - [hivemq-test-hivemq-platform] [hivemq-platform-operator] [6a8223b7] 13:44:33.412 [ReconcilerExecutor-hivemq-controller-75] DEBUG c.h.p.o.h.HiveMQPlatformReconcilerErrorHandler - [helmplat] Pod 'test-hivemq-platform-0' phase Pending
2025-01-29 13:44:33,416 INFO c.h.h.t.HelmChartContainer - [hivemq-test-hivemq-platform] [hivemq-platform-operator] [6a8223b7] 13:44:33.413 [ReconcilerExecutor-hivemq-controller-75] DEBUG c.h.p.o.h.HiveMQPlatformReconcilerErrorHandler - [helmplat] Pod 'test-hivemq-platform-0' condition 'PodReadyToStartContainers': False
2025-01-29 13:44:33,416 INFO c.h.h.t.HelmChartContainer - [hivemq-test-hivemq-platform] [hivemq-platform-operator] [6a8223b7] 13:44:33.413 [ReconcilerExecutor-hivemq-controller-75] DEBUG c.h.p.o.h.HiveMQPlatformReconcilerErrorHandler - [helmplat] Pod 'test-hivemq-platform-0' condition 'Initialized': False
2025-01-29 13:44:33,416 INFO c.h.h.t.HelmChartContainer - [hivemq-test-hivemq-platform] [hivemq-platform-operator] [6a8223b7] 13:44:33.413 [ReconcilerExecutor-hivemq-controller-75] DEBUG c.h.p.o.h.HiveMQPlatformReconcilerErrorHandler - [helmplat] Pod 'test-hivemq-platform-0' condition 'Ready': False
2025-01-29 13:44:33,416 INFO c.h.h.t.HelmChartContainer - [hivemq-test-hivemq-platform] [hivemq-platform-operator] [6a8223b7] 13:44:33.413 [ReconcilerExecutor-hivemq-controller-75] DEBUG c.h.p.o.h.HiveMQPlatformReconcilerErrorHandler - [helmplat] Pod 'test-hivemq-platform-0' condition 'ContainersReady': False
2025-01-29 13:44:33,416 INFO c.h.h.t.HelmChartContainer - [hivemq-test-hivemq-platform] [hivemq-platform-operator] [6a8223b7] 13:44:33.413 [ReconcilerExecutor-hivemq-controller-75] DEBUG c.h.p.o.h.HiveMQPlatformReconcilerErrorHandler - [helmplat] Pod 'test-hivemq-platform-0' condition 'PodScheduled': True
2025-01-29 13:44:33,416 INFO c.h.h.t.HelmChartContainer - [hivemq-test-hivemq-platform] [hivemq-platform-operator] [6a8223b7] 13:44:33.413 [ReconcilerExecutor-hivemq-controller-75] DEBUG c.h.p.o.h.HiveMQPlatformReconcilerErrorHandler - [helmplat] Pod 'test-hivemq-platform-0' containerStatus 'hivemq' (started: false) (ready: false) (waiting: [PodInitializing] null)
2025-01-29 13:44:33,416 INFO c.h.h.t.HelmChartContainer - [hivemq-test-hivemq-platform] [hivemq-platform-operator] [6a8223b7] 13:44:33.415 [ReconcilerExecutor-hivemq-controller-75] INFO  c.h.p.o.h.HiveMQPlatformReconcilerBaseHandler - [helmplat] HiveMQ Platform is starting, 0 of 1 replicas are ready
2025-01-29 13:44:33,919 INFO c.h.h.t.HelmChartContainer - [EVENT] Normal [Pulled] Container image "docker.io/hivemq/hivemq4:4.36.0" already present on machine [helmplatformmutualtlsit:test-hivemq-platform-0]
2025-01-29 13:44:33,919 INFO c.h.h.t.HelmChartContainer - Received Pulled event for container hivemq in pod test-hivemq-platform-0 [ddfcb168-df9d-466c-aca3-258d0dd7569d]
2025-01-29 13:44:33,928 INFO c.h.h.t.HelmChartContainer - [EVENT] Normal [Created] Created container: hivemq [helmplatformmutualtlsit:test-hivemq-platform-0]
2025-01-29 13:44:33,929 INFO c.h.h.t.HelmChartContainer - Received Created event for container hivemq in pod test-hivemq-platform-0 [ddfcb168-df9d-466c-aca3-258d0dd7569d]
2025-01-29 13:44:33,930 INFO c.h.h.t.HelmChartContainer - [POD] test-hivemq-platform-0 [ddfcb168-df9d-466c-aca3-258d0dd7569d] in helmplatformmutualtlsit was MODIFIED
2025-01-29 13:44:33,946 INFO c.h.h.t.HelmChartContainer - [hivemq-test-hivemq-platform] [hivemq-platform-operator] [6a8223b7] 13:44:33.943 [pool-6-thread-32] DEBUG c.h.p.o.d.PlatformServiceResource - [helmplat] Desired Platform services (4 services)
2025-01-29 13:44:33,966 INFO c.h.h.t.HelmChartContainer - [hivemq-test-hivemq-platform] [hivemq-platform-operator] [6a8223b7] 13:44:33.945 [pool-6-thread-33] DEBUG c.h.p.o.dependants.PodInfoConfigMap - [helmplat] Desired PodInfo ConfigMap (1 extensions) (1 enabled)
2025-01-29 13:44:33,966 INFO c.h.h.t.HelmChartContainer - [hivemq-test-hivemq-platform] [hivemq-platform-operator] [6a8223b7] 13:44:33.945 [pool-6-thread-33] DEBUG c.h.p.o.dependants.PodInfoConfigMap - [helmplat] Desired PodInfo ConfigMap (metrics port: 9399) (metrics path: /)
2025-01-29 13:44:33,966 INFO c.h.h.t.HelmChartContainer - [hivemq-test-hivemq-platform] [hivemq-platform-operator] [6a8223b7] 13:44:33.945 [pool-6-thread-33] DEBUG c.h.p.o.dependants.PodInfoConfigMap - [helmplat] Desired PodInfo ConfigMap (extension state hash: -1817474005)
2025-01-29 13:44:33,966 INFO c.h.h.t.HelmChartContainer - [hivemq-test-hivemq-platform] [hivemq-platform-operator] [6a8223b7] 13:44:33.960 [pool-6-thread-37] DEBUG c.h.p.o.d.PodServiceAccountResource - [helmplat] Desired PodServiceAccountResource (serviceAccountName: hivemq-platform-pod-test-hivemq-platform)
2025-01-29 13:44:34,021 INFO c.h.h.t.HelmChartContainer - [hivemq-test-hivemq-platform] [hivemq-platform-operator] [6a8223b7] 13:44:34.020 [pool-6-thread-40] DEBUG c.h.p.o.d.StatefulSetResource - [helmplat] Desired StatefulSet (1 replicas) for status STARTING (READY)
2025-01-29 13:44:34,030 INFO c.h.h.t.HelmChartContainer - [hivemq-test-hivemq-platform] [hivemq-platform-operator] [6a8223b7] 13:44:34.028 [ReconcilerExecutor-hivemq-controller-86] INFO  c.h.p.o.HiveMQPlatformReconciler - [helmplat] Reconciling HiveMQ Platform 'test-hivemq-platform' in namespace 'helmplatformmutualtlsit'
2025-01-29 13:44:34,030 INFO c.h.h.t.HelmChartContainer - [hivemq-test-hivemq-platform] [hivemq-platform-operator] [6a8223b7] 13:44:34.028 [ReconcilerExecutor-hivemq-controller-86] DEBUG c.h.p.o.HiveMQPlatformReconciler - [helmplat] Custom Resource Status STARTING - HiveMQ Platform is starting (READY)
2025-01-29 13:44:34,030 INFO c.h.h.t.HelmChartContainer - [hivemq-test-hivemq-platform] [hivemq-platform-operator] [6a8223b7] 13:44:34.029 [ReconcilerExecutor-hivemq-controller-86] DEBUG c.h.p.o.HiveMQPlatformReconciler - [helmplat] Custom Resource Spec (replicas: 1) (extensions: 1)
2025-01-29 13:44:34,034 INFO c.h.h.t.HelmChartContainer - [hivemq-test-hivemq-platform] [hivemq-platform-operator] [6a8223b7] 13:44:34.033 [ReconcilerExecutor-hivemq-controller-86] DEBUG c.h.p.o.HiveMQPlatformReconciler - [helmplat] StatefulSet Status (revision: test-hivemq-platform-b4978c669, replicas: 1, available: 0, ready: 0, current: 1, updated: 1)
2025-01-29 13:44:34,034 INFO c.h.h.t.HelmChartContainer - [hivemq-test-hivemq-platform] [hivemq-platform-operator] [6a8223b7] 13:44:34.033 [ReconcilerExecutor-hivemq-controller-86] DEBUG c.h.p.o.HiveMQPlatformReconciler - [helmplat] StatefulSet Spec (replicas: 1, init containers: 1, containers: 1, volumes: 7)
2025-01-29 13:44:34,061 INFO c.h.h.t.HelmChartContainer - [hivemq-test-hivemq-platform] [hivemq-platform-operator] [6a8223b7] 13:44:34.057 [ReconcilerExecutor-hivemq-controller-86] DEBUG c.h.p.o.h.HiveMQPlatformReconcilerErrorHandler - [helmplat] Pod 'test-hivemq-platform-0' phase Pending
2025-01-29 13:44:34,061 INFO c.h.h.t.HelmChartContainer - [hivemq-test-hivemq-platform] [hivemq-platform-operator] [6a8223b7] 13:44:34.058 [ReconcilerExecutor-hivemq-controller-86] DEBUG c.h.p.o.h.HiveMQPlatformReconcilerErrorHandler - [helmplat] Pod 'test-hivemq-platform-0' condition 'PodReadyToStartContainers': True
2025-01-29 13:44:34,061 INFO c.h.h.t.HelmChartContainer - [hivemq-test-hivemq-platform] [hivemq-platform-operator] [6a8223b7] 13:44:34.058 [ReconcilerExecutor-hivemq-controller-86] DEBUG c.h.p.o.h.HiveMQPlatformReconcilerErrorHandler - [helmplat] Pod 'test-hivemq-platform-0' condition 'Initialized': True
2025-01-29 13:44:34,061 INFO c.h.h.t.HelmChartContainer - [hivemq-test-hivemq-platform] [hivemq-platform-operator] [6a8223b7] 13:44:34.058 [ReconcilerExecutor-hivemq-controller-86] DEBUG c.h.p.o.h.HiveMQPlatformReconcilerErrorHandler - [helmplat] Pod 'test-hivemq-platform-0' condition 'Ready': False
2025-01-29 13:44:34,061 INFO c.h.h.t.HelmChartContainer - [hivemq-test-hivemq-platform] [hivemq-platform-operator] [6a8223b7] 13:44:34.058 [ReconcilerExecutor-hivemq-controller-86] DEBUG c.h.p.o.h.HiveMQPlatformReconcilerErrorHandler - [helmplat] Pod 'test-hivemq-platform-0' condition 'ContainersReady': False
2025-01-29 13:44:34,061 INFO c.h.h.t.HelmChartContainer - [hivemq-test-hivemq-platform] [hivemq-platform-operator] [6a8223b7] 13:44:34.058 [ReconcilerExecutor-hivemq-controller-86] DEBUG c.h.p.o.h.HiveMQPlatformReconcilerErrorHandler - [helmplat] Pod 'test-hivemq-platform-0' condition 'PodScheduled': True
2025-01-29 13:44:34,061 INFO c.h.h.t.HelmChartContainer - [hivemq-test-hivemq-platform] [hivemq-platform-operator] [6a8223b7] 13:44:34.058 [ReconcilerExecutor-hivemq-controller-86] DEBUG c.h.p.o.h.HiveMQPlatformReconcilerErrorHandler - [helmplat] Pod 'test-hivemq-platform-0' containerStatus 'hivemq' (started: false) (ready: false) (waiting: [PodInitializing] null)
2025-01-29 13:44:34,061 INFO c.h.h.t.HelmChartContainer - [hivemq-test-hivemq-platform] [hivemq-platform-operator] [6a8223b7] 13:44:34.059 [ReconcilerExecutor-hivemq-controller-86] INFO  c.h.p.o.h.HiveMQPlatformReconcilerBaseHandler - [helmplat] HiveMQ Platform is starting, 0 of 1 replicas are ready
2025-01-29 13:44:34,930 INFO c.h.h.t.HelmChartContainer - [POD] test-hivemq-platform-0 [ddfcb168-df9d-466c-aca3-258d0dd7569d] in helmplatformmutualtlsit was MODIFIED
2025-01-29 13:44:34,937 INFO c.h.h.t.HelmChartContainer - Started log watcher for hivemq in pod test-hivemq-platform-0 [ddfcb168-df9d-466c-aca3-258d0dd7569d]
2025-01-29 13:44:34,937 INFO c.h.h.t.HelmChartContainer - [test-hivemq-platform] [hivemq] [ddfcb168] Adding pre-installed HiveMQ Platform Operator extensions
2025-01-29 13:44:34,937 INFO c.h.h.t.HelmChartContainer - [test-hivemq-platform] [hivemq] [ddfcb168] Running as user 10000
2025-01-29 13:44:34,937 INFO c.h.h.t.HelmChartContainer - [test-hivemq-platform] [hivemq] [ddfcb168] Starting HiveMQ Platform Operator Init
2025-01-29 13:44:34,937 INFO c.h.h.t.HelmChartContainer - [EVENT] Normal [Started] Started container hivemq [helmplatformmutualtlsit:test-hivemq-platform-0]
2025-01-29 13:44:34,937 INFO c.h.h.t.HelmChartContainer - Received Started event for container hivemq in pod test-hivemq-platform-0 [ddfcb168-df9d-466c-aca3-258d0dd7569d]
2025-01-29 13:44:34,946 INFO c.h.h.t.HelmChartContainer - [hivemq-test-hivemq-platform] [hivemq-platform-operator] [6a8223b7] 13:44:34.945 [pool-6-thread-42] DEBUG c.h.p.o.d.PlatformServiceResource - [helmplat] Desired Platform services (4 services)
2025-01-29 13:44:34,949 INFO c.h.h.t.HelmChartContainer - [hivemq-test-hivemq-platform] [hivemq-platform-operator] [6a8223b7] 13:44:34.948 [pool-6-thread-43] DEBUG c.h.p.o.dependants.PodInfoConfigMap - [helmplat] Desired PodInfo ConfigMap (1 extensions) (1 enabled)
2025-01-29 13:44:34,951 INFO c.h.h.t.HelmChartContainer - [hivemq-test-hivemq-platform] [hivemq-platform-operator] [6a8223b7] 13:44:34.949 [pool-6-thread-43] DEBUG c.h.p.o.dependants.PodInfoConfigMap - [helmplat] Desired PodInfo ConfigMap (metrics port: 9399) (metrics path: /)
2025-01-29 13:44:34,951 INFO c.h.h.t.HelmChartContainer - [hivemq-test-hivemq-platform] [hivemq-platform-operator] [6a8223b7] 13:44:34.949 [pool-6-thread-43] DEBUG c.h.p.o.dependants.PodInfoConfigMap - [helmplat] Desired PodInfo ConfigMap (extension state hash: -1817474005)
2025-01-29 13:44:34,952 INFO c.h.h.t.HelmChartContainer - [hivemq-test-hivemq-platform] [hivemq-platform-operator] [6a8223b7] 13:44:34.951 [pool-6-thread-47] DEBUG c.h.p.o.d.PodServiceAccountResource - [helmplat] Desired PodServiceAccountResource (serviceAccountName: hivemq-platform-pod-test-hivemq-platform)
2025-01-29 13:44:35,019 INFO c.h.h.t.HelmChartContainer - [hivemq-test-hivemq-platform] [hivemq-platform-operator] [6a8223b7] 13:44:35.018 [pool-6-thread-50] DEBUG c.h.p.o.d.StatefulSetResource - [helmplat] Desired StatefulSet (1 replicas) for status STARTING (READY)
2025-01-29 13:44:35,027 INFO c.h.h.t.HelmChartContainer - [hivemq-test-hivemq-platform] [hivemq-platform-operator] [6a8223b7] 13:44:35.025 [ReconcilerExecutor-hivemq-controller-97] INFO  c.h.p.o.HiveMQPlatformReconciler - [helmplat] Reconciling HiveMQ Platform 'test-hivemq-platform' in namespace 'helmplatformmutualtlsit'
2025-01-29 13:44:35,027 INFO c.h.h.t.HelmChartContainer - [hivemq-test-hivemq-platform] [hivemq-platform-operator] [6a8223b7] 13:44:35.026 [ReconcilerExecutor-hivemq-controller-97] DEBUG c.h.p.o.HiveMQPlatformReconciler - [helmplat] Custom Resource Status STARTING - HiveMQ Platform is starting (READY)
2025-01-29 13:44:35,027 INFO c.h.h.t.HelmChartContainer - [hivemq-test-hivemq-platform] [hivemq-platform-operator] [6a8223b7] 13:44:35.026 [ReconcilerExecutor-hivemq-controller-97] DEBUG c.h.p.o.HiveMQPlatformReconciler - [helmplat] Custom Resource Spec (replicas: 1) (extensions: 1)
2025-01-29 13:44:35,117 INFO c.h.h.t.HelmChartContainer - [hivemq-test-hivemq-platform] [hivemq-platform-operator] [6a8223b7] 13:44:35.114 [ReconcilerExecutor-hivemq-controller-97] DEBUG c.h.p.o.HiveMQPlatformReconciler - [helmplat] StatefulSet Status (revision: test-hivemq-platform-b4978c669, replicas: 1, available: 0, ready: 0, current: 1, updated: 1)
2025-01-29 13:44:35,117 INFO c.h.h.t.HelmChartContainer - [hivemq-test-hivemq-platform] [hivemq-platform-operator] [6a8223b7] 13:44:35.115 [ReconcilerExecutor-hivemq-controller-97] DEBUG c.h.p.o.HiveMQPlatformReconciler - [helmplat] StatefulSet Spec (replicas: 1, init containers: 1, containers: 1, volumes: 7)
2025-01-29 13:44:35,119 INFO c.h.h.t.HelmChartContainer - [hivemq-test-hivemq-platform] [hivemq-platform-operator] [6a8223b7] 13:44:35.118 [ReconcilerExecutor-hivemq-controller-97] DEBUG c.h.p.o.h.HiveMQPlatformReconcilerErrorHandler - [helmplat] Pod 'test-hivemq-platform-0' phase Running
2025-01-29 13:44:35,121 INFO c.h.h.t.HelmChartContainer - [hivemq-test-hivemq-platform] [hivemq-platform-operator] [6a8223b7] 13:44:35.120 [ReconcilerExecutor-hivemq-controller-97] INFO  c.h.p.o.h.HiveMQPlatformReconcilerBaseHandler - [helmplat] HiveMQ Platform is starting, 0 of 1 replicas are ready
2025-01-29 13:44:35,266 INFO c.h.h.t.HelmChartContainer - [test-hivemq-platform] [hivemq] [ddfcb168] INFO  - [HiveMQ Platform Operator Init 1.7.0-SNAPSHOT] HiveMQ Platform Operator Init 1.7.0-SNAPSHOT (commit: bebf408 on branch: HEAD) built on Sun Jan 26 20:47:47 UTC 2025
2025-01-29 13:44:36,386 INFO c.h.h.t.HelmChartContainer - [test-hivemq-platform] [hivemq] [ddfcb168] INFO  - [HiveMQ Platform Operator Init App 1.7.0-SNAPSHOT] Using bind address 10.42.0.14 from environment variable
2025-01-29 13:44:37,342 INFO c.h.h.t.HelmChartContainer - [test-hivemq-platform] [hivemq] [ddfcb168] INFO  - [HiveMQ Platform Operator Init App 1.7.0-SNAPSHOT] HiveMQ Platform Operator Init App 1.7.0-SNAPSHOT (commit: bebf408 on branch: HEAD) built on Sun Jan 26 20:47:47 UTC 2025
2025-01-29 13:44:37,343 INFO c.h.h.t.HelmChartContainer - [test-hivemq-platform] [hivemq] [ddfcb168] INFO  - [HiveMQ Platform Operator Init App 1.7.0-SNAPSHOT] PodInfo ConfigMap directory: /etc/podinfo
2025-01-29 13:44:37,343 INFO c.h.h.t.HelmChartContainer - [test-hivemq-platform] [hivemq] [ddfcb168] INFO  - [HiveMQ Platform Operator Init App 1.7.0-SNAPSHOT] HiveMQ home directory: /opt/hivemq
2025-01-29 13:44:37,343 INFO c.h.h.t.HelmChartContainer - [test-hivemq-platform] [hivemq] [ddfcb168] INFO  - [HiveMQ Platform Operator Init App 1.7.0-SNAPSHOT] HiveMQ Logback folder: /opt/hivemq/conf
2025-01-29 13:44:37,343 INFO c.h.h.t.HelmChartContainer - [test-hivemq-platform] [hivemq] [ddfcb168] INFO  - [HiveMQ Platform Operator Init App 1.7.0-SNAPSHOT] HiveMQ Config folder: /opt/hivemq/conf-k8s
2025-01-29 13:44:37,343 INFO c.h.h.t.HelmChartContainer - [test-hivemq-platform] [hivemq] [ddfcb168] INFO  - [HiveMQ Platform Operator Init App 1.7.0-SNAPSHOT] Starting HiveMQ Platform Operator Init App
2025-01-29 13:44:37,343 INFO c.h.h.t.HelmChartContainer - [test-hivemq-platform] [hivemq] [ddfcb168] INFO  - [HiveMQ Platform Operator Init App 1.7.0-SNAPSHOT] Starting Pod reconciler
2025-01-29 13:44:38,580 INFO c.h.h.t.HelmChartContainer - [test-hivemq-platform] [hivemq] [ddfcb168] INFO  - [HiveMQ Platform Operator Init App 1.7.0-SNAPSHOT] Pod reconciler is scheduled (interval: 5000 ms)
2025-01-29 13:44:38,581 INFO c.h.h.t.HelmChartContainer - [test-hivemq-platform] [hivemq] [ddfcb168] INFO  - [HiveMQ Platform Operator Init App 1.7.0-SNAPSHOT] Starting the REST API on 10.42.0.14:7979
2025-01-29 13:44:38,639 INFO c.h.h.t.HelmChartContainer - [test-hivemq-platform] [hivemq] [ddfcb168] INFO  - [HiveMQ Platform Operator Init App 1.7.0-SNAPSHOT] Waiting up to 600s for at most 1 HiveMQ nodes in cluster service hivemq-test-hivemq-platform-cluster.helmplatformmutualtlsit.svc
2025-01-29 13:44:38,948 INFO c.h.h.t.HelmChartContainer - [test-hivemq-platform] [hivemq] [ddfcb168] INFO  - [HiveMQ Platform Operator Init App 1.7.0-SNAPSHOT] Resolved 1 IP addresses: [10.42.0.14]
2025-01-29 13:44:38,948 INFO c.h.h.t.HelmChartContainer - [test-hivemq-platform] [hivemq] [ddfcb168] INFO  - [HiveMQ Platform Operator Init App 1.7.0-SNAPSHOT] HiveMQ node count of 1 is within threshold of 1
2025-01-29 13:44:38,948 INFO c.h.h.t.HelmChartContainer - [test-hivemq-platform] [hivemq] [ddfcb168] INFO  - [HiveMQ Platform Operator Init App 1.7.0-SNAPSHOT] Proceeding with container start
2025-01-29 13:44:39,040 INFO c.h.h.t.HelmChartContainer - [test-hivemq-platform] [hivemq] [ddfcb168] INFO  - [HiveMQ Platform Operator Init App 1.7.0-SNAPSHOT] Initializing HiveMQ Platform extensions with initial configuration: {hivemq-allow-all-extension={start-priority=-1, skip-https-hostname-verification=false, restart=true, config-version=0, header-version=0, c-uri=, priority=-1, uri=preinstalled, skip-https-certificate-validation=false, enabled=true}, hivemq-prometheus-extension={restart=true, priority=-1, start-priority=-1, c-uri=, skip-https-hostname-verification=false, skip-https-certificate-validation=false, uri=preinstalled, request-header-path=no-request-headers, enabled=true}}
2025-01-29 13:44:39,538 INFO c.h.h.t.HelmChartContainer - [test-hivemq-platform] [hivemq] [ddfcb168] INFO  - [HiveMQ Platform Operator Init App 1.7.0-SNAPSHOT] Extension hivemq-allow-all-extension was already enabled
2025-01-29 13:44:39,570 INFO c.h.h.t.HelmChartContainer - [test-hivemq-platform] [hivemq] [ddfcb168] INFO  - [HiveMQ Platform Operator Init App 1.7.0-SNAPSHOT] Successfully enabled extension hivemq-prometheus-extension
2025-01-29 13:44:39,572 INFO c.h.h.t.HelmChartContainer - [test-hivemq-platform] [hivemq] [ddfcb168] INFO  - [HiveMQ Platform Operator Init App 1.7.0-SNAPSHOT] Starting HiveMQ Platform version 4.36.0 (4.36.0)
2025-01-29 13:44:39,572 INFO c.h.h.t.HelmChartContainer - [test-hivemq-platform] [hivemq] [ddfcb168] INFO  - [HiveMQ Platform Operator Init App 1.7.0-SNAPSHOT] Configuring the HiveMQ Platform
2025-01-29 13:44:39,644 INFO c.h.h.t.HelmChartContainer - [test-hivemq-platform] [hivemq] [ddfcb168] INFO  - [HiveMQ Platform Operator Init App 1.7.0-SNAPSHOT] Changed logback.xml file scan period to 20 seconds
2025-01-29 13:44:39,674 INFO c.h.h.t.HelmChartContainer - [test-hivemq-platform] [hivemq] [ddfcb168] INFO  - [HiveMQ Platform Operator Init App 1.7.0-SNAPSHOT] Starting the HiveMQ Platform
2025-01-29 13:44:39,740 INFO c.h.h.t.HelmChartContainer - [test-hivemq-platform] [hivemq] [ddfcb168] -------------------------------------------------------------------------
2025-01-29 13:44:39,740 INFO c.h.h.t.HelmChartContainer - [test-hivemq-platform] [hivemq] [ddfcb168] 
2025-01-29 13:44:39,740 INFO c.h.h.t.HelmChartContainer - [test-hivemq-platform] [hivemq] [ddfcb168]                   _    _  _              __  __   ____
2025-01-29 13:44:39,740 INFO c.h.h.t.HelmChartContainer - [test-hivemq-platform] [hivemq] [ddfcb168]                  | |  | |(_)            |  \/  | / __ \
2025-01-29 13:44:39,740 INFO c.h.h.t.HelmChartContainer - [test-hivemq-platform] [hivemq] [ddfcb168]                  | |__| | _ __   __ ___ | \  / || |  | |
2025-01-29 13:44:39,740 INFO c.h.h.t.HelmChartContainer - [test-hivemq-platform] [hivemq] [ddfcb168]                  |  __  || |\ \ / // _ \| |\/| || |  | |
2025-01-29 13:44:39,740 INFO c.h.h.t.HelmChartContainer - [test-hivemq-platform] [hivemq] [ddfcb168]                  | |  | || | \ V /|  __/| |  | || |__| |
2025-01-29 13:44:39,740 INFO c.h.h.t.HelmChartContainer - [test-hivemq-platform] [hivemq] [ddfcb168]                  |_|  |_||_|  \_/  \___||_|  |_| \___\_\
2025-01-29 13:44:39,740 INFO c.h.h.t.HelmChartContainer - [test-hivemq-platform] [hivemq] [ddfcb168] 
2025-01-29 13:44:39,740 INFO c.h.h.t.HelmChartContainer - [test-hivemq-platform] [hivemq] [ddfcb168] -------------------------------------------------------------------------
2025-01-29 13:44:39,740 INFO c.h.h.t.HelmChartContainer - [test-hivemq-platform] [hivemq] [ddfcb168] 
2025-01-29 13:44:39,740 INFO c.h.h.t.HelmChartContainer - [test-hivemq-platform] [hivemq] [ddfcb168]   HiveMQ Start Script for Linux/Unix v1.14
2025-01-29 13:44:39,740 INFO c.h.h.t.HelmChartContainer - [test-hivemq-platform] [hivemq] [ddfcb168] 
2025-01-29 13:44:39,780 INFO c.h.h.t.HelmChartContainer - [test-hivemq-platform] [hivemq] [ddfcb168] -------------------------------------------------------------------------
2025-01-29 13:44:39,780 INFO c.h.h.t.HelmChartContainer - [test-hivemq-platform] [hivemq] [ddfcb168] 
2025-01-29 13:44:39,780 INFO c.h.h.t.HelmChartContainer - [test-hivemq-platform] [hivemq] [ddfcb168]   HIVEMQ_HOME: /opt/hivemq
2025-01-29 13:44:39,780 INFO c.h.h.t.HelmChartContainer - [test-hivemq-platform] [hivemq] [ddfcb168] 
2025-01-29 13:44:39,780 INFO c.h.h.t.HelmChartContainer - [test-hivemq-platform] [hivemq] [ddfcb168]   JAVA_OPTS: -XX:+UnlockExperimentalVMOptions -XX:InitialRAMPercentage=50 -XX:MaxRAMPercentage=50 -Djava.net.preferIPv4Stack=true --add-opens java.base/java.lang=ALL-UNNAMED --add-opens java.base/java.nio=ALL-UNNAMED --add-opens java.base/sun.nio.ch=ALL-UNNAMED --add-opens jdk.management/com.sun.management.internal=ALL-UNNAMED --add-exports java.base/jdk.internal.misc=ALL-UNNAMED -Djava.security.egd=file:/dev/./urandom -Dcom.sun.management.jmxremote -Dcom.sun.management.jmxremote.port=9010 -Dcom.sun.management.jmxremote.local.only=false -Dcom.sun.management.jmxremote.authenticate=false -Dcom.sun.management.jmxremote.ssl=false -Duser.language=en -Duser.region=US -XX:+CrashOnOutOfMemoryError -XX:+HeapDumpOnOutOfMemoryError
2025-01-29 13:44:39,780 INFO c.h.h.t.HelmChartContainer - [test-hivemq-platform] [hivemq] [ddfcb168] 
2025-01-29 13:44:39,780 INFO c.h.h.t.HelmChartContainer - [test-hivemq-platform] [hivemq] [ddfcb168]   JAVA_VERSION: 21
2025-01-29 13:44:39,780 INFO c.h.h.t.HelmChartContainer - [test-hivemq-platform] [hivemq] [ddfcb168] 
2025-01-29 13:44:39,780 INFO c.h.h.t.HelmChartContainer - [test-hivemq-platform] [hivemq] [ddfcb168] -------------------------------------------------------------------------
2025-01-29 13:44:39,780 INFO c.h.h.t.HelmChartContainer - [test-hivemq-platform] [hivemq] [ddfcb168] 
2025-01-29 13:44:40,945 INFO c.h.h.t.HelmChartContainer - [test-hivemq-platform] [hivemq] [ddfcb168] INFO  - [HiveMQ Platform Operator Init App 1.7.0-SNAPSHOT] Returning default Health API response 503 for readiness
2025-01-29 13:44:41,245 INFO c.h.h.t.HelmChartContainer - [EVENT] Warning [Unhealthy] Readiness probe failed: HTTP probe failed with statuscode: 503 [helmplatformmutualtlsit:test-hivemq-platform-0]
2025-01-29 13:44:41,246 INFO c.h.h.t.HelmChartContainer - Received Unhealthy event for container hivemq in pod test-hivemq-platform-0 [ddfcb168-df9d-466c-aca3-258d0dd7569d]
2025-01-29 13:44:42,475 INFO c.h.h.t.HelmChartContainer - [test-hivemq-platform] [hivemq] [ddfcb168] INFO  - Starting HiveMQ Enterprise Server
2025-01-29 13:44:42,541 INFO c.h.h.t.HelmChartContainer - [test-hivemq-platform] [hivemq] [ddfcb168] INFO  - HiveMQ version: 4.36.0
2025-01-29 13:44:42,541 INFO c.h.h.t.HelmChartContainer - [test-hivemq-platform] [hivemq] [ddfcb168] INFO  - HiveMQ home directory: /opt/hivemq
2025-01-29 13:44:42,542 INFO c.h.h.t.HelmChartContainer - [test-hivemq-platform] [hivemq] [ddfcb168] INFO  - Log Configuration was overridden by /opt/hivemq/conf/logback.xml
2025-01-29 13:44:43,667 INFO c.h.h.t.HelmChartContainer - [test-hivemq-platform] [hivemq] [ddfcb168] INFO  - Successfully loaded configuration from '/opt/hivemq/conf-k8s/config.xml'.
2025-01-29 13:44:44,443 INFO c.h.h.t.HelmChartContainer - [test-hivemq-platform] [hivemq] [ddfcb168] INFO  - This node's ID is xgJgr
2025-01-29 13:44:44,443 INFO c.h.h.t.HelmChartContainer - [test-hivemq-platform] [hivemq] [ddfcb168] INFO  - Clustering is enabled
2025-01-29 13:44:45,129 INFO c.h.h.t.HelmChartContainer - [hivemq-test-hivemq-platform] [hivemq-platform-operator] [6a8223b7] 13:44:45.126 [pool-6-thread-9] DEBUG c.h.p.o.d.PlatformServiceResource - [helmplat] Desired Platform services (4 services)
2025-01-29 13:44:45,129 INFO c.h.h.t.HelmChartContainer - [hivemq-test-hivemq-platform] [hivemq-platform-operator] [6a8223b7] 13:44:45.127 [pool-6-thread-6] DEBUG c.h.p.o.dependants.PodInfoConfigMap - [helmplat] Desired PodInfo ConfigMap (1 extensions) (1 enabled)
2025-01-29 13:44:45,129 INFO c.h.h.t.HelmChartContainer - [hivemq-test-hivemq-platform] [hivemq-platform-operator] [6a8223b7] 13:44:45.127 [pool-6-thread-6] DEBUG c.h.p.o.dependants.PodInfoConfigMap - [helmplat] Desired PodInfo ConfigMap (metrics port: 9399) (metrics path: /)
2025-01-29 13:44:45,131 INFO c.h.h.t.HelmChartContainer - [hivemq-test-hivemq-platform] [hivemq-platform-operator] [6a8223b7] 13:44:45.129 [pool-6-thread-3] DEBUG c.h.p.o.d.PodServiceAccountResource - [helmplat] Desired PodServiceAccountResource (serviceAccountName: hivemq-platform-pod-test-hivemq-platform)
2025-01-29 13:44:45,132 INFO c.h.h.t.HelmChartContainer - [hivemq-test-hivemq-platform] [hivemq-platform-operator] [6a8223b7] 13:44:45.129 [pool-6-thread-6] DEBUG c.h.p.o.dependants.PodInfoConfigMap - [helmplat] Desired PodInfo ConfigMap (extension state hash: -1817474005)
2025-01-29 13:44:45,135 INFO c.h.h.t.HelmChartContainer - [hivemq-test-hivemq-platform] [hivemq-platform-operator] [6a8223b7] 13:44:45.134 [pool-6-thread-3] DEBUG c.h.p.o.d.StatefulSetResource - [helmplat] Desired StatefulSet (1 replicas) for status STARTING (READY)
2025-01-29 13:44:45,215 INFO c.h.h.t.HelmChartContainer - [hivemq-test-hivemq-platform] [hivemq-platform-operator] [6a8223b7] 13:44:45.212 [ReconcilerExecutor-hivemq-controller-108] INFO  c.h.p.o.HiveMQPlatformReconciler - [helmplat] Reconciling HiveMQ Platform 'test-hivemq-platform' in namespace 'helmplatformmutualtlsit'
2025-01-29 13:44:45,216 INFO c.h.h.t.HelmChartContainer - [hivemq-test-hivemq-platform] [hivemq-platform-operator] [6a8223b7] 13:44:45.213 [ReconcilerExecutor-hivemq-controller-108] DEBUG c.h.p.o.HiveMQPlatformReconciler - [helmplat] Custom Resource Status STARTING - HiveMQ Platform is starting (READY)
2025-01-29 13:44:45,216 INFO c.h.h.t.HelmChartContainer - [hivemq-test-hivemq-platform] [hivemq-platform-operator] [6a8223b7] 13:44:45.213 [ReconcilerExecutor-hivemq-controller-108] DEBUG c.h.p.o.HiveMQPlatformReconciler - [helmplat] Custom Resource Spec (replicas: 1) (extensions: 1)
2025-01-29 13:44:45,216 INFO c.h.h.t.HelmChartContainer - [hivemq-test-hivemq-platform] [hivemq-platform-operator] [6a8223b7] 13:44:45.215 [ReconcilerExecutor-hivemq-controller-108] DEBUG c.h.p.o.HiveMQPlatformReconciler - [helmplat] StatefulSet Status (revision: test-hivemq-platform-b4978c669, replicas: 1, available: 0, ready: 0, current: 1, updated: 1)
2025-01-29 13:44:45,218 INFO c.h.h.t.HelmChartContainer - [hivemq-test-hivemq-platform] [hivemq-platform-operator] [6a8223b7] 13:44:45.215 [ReconcilerExecutor-hivemq-controller-108] DEBUG c.h.p.o.HiveMQPlatformReconciler - [helmplat] StatefulSet Spec (replicas: 1, init containers: 1, containers: 1, volumes: 7)
2025-01-29 13:44:45,218 INFO c.h.h.t.HelmChartContainer - [hivemq-test-hivemq-platform] [hivemq-platform-operator] [6a8223b7] 13:44:45.217 [ReconcilerExecutor-hivemq-controller-108] DEBUG c.h.p.o.h.HiveMQPlatformReconcilerErrorHandler - [helmplat] Pod 'test-hivemq-platform-0' phase Running
2025-01-29 13:44:45,219 INFO c.h.h.t.HelmChartContainer - [hivemq-test-hivemq-platform] [hivemq-platform-operator] [6a8223b7] 13:44:45.218 [ReconcilerExecutor-hivemq-controller-108] INFO  c.h.p.o.h.HiveMQPlatformReconcilerBaseHandler - [helmplat] HiveMQ Platform is starting, 0 of 1 replicas are ready
2025-01-29 13:44:46,444 INFO c.h.h.t.HelmChartContainer - [test-hivemq-platform] [hivemq] [ddfcb168] WARN  - [HiveMQ Platform Operator Init App 1.7.0-SNAPSHOT] Cannot connect to Health API for readiness: null
2025-01-29 13:44:46,472 INFO c.h.h.t.HelmChartContainer - [EVENT] Warning [Unhealthy] Readiness probe failed: HTTP probe failed with statuscode: 503 [helmplatformmutualtlsit:test-hivemq-platform-0]
2025-01-29 13:44:46,472 INFO c.h.h.t.HelmChartContainer - Received Unhealthy event for container hivemq in pod test-hivemq-platform-0 [ddfcb168-df9d-466c-aca3-258d0dd7569d]
2025-01-29 13:44:48,839 INFO c.h.h.t.HelmChartContainer - [test-hivemq-platform] [hivemq] [ddfcb168] Jan 29, 2025 1:44:48 PM io.vertx.core.impl.BlockedThreadChecker
2025-01-29 13:44:48,839 INFO c.h.h.t.HelmChartContainer - [test-hivemq-platform] [hivemq] [ddfcb168] WARNING: Thread Thread[vert.x-eventloop-thread-1,5,main] has been blocked for 2220 ms, time limit is 2000 ms
2025-01-29 13:44:49,769 INFO c.h.h.t.HelmChartContainer - [test-hivemq-platform] [hivemq] [ddfcb168] Jan 29, 2025 1:44:49 PM io.vertx.core.impl.BlockedThreadChecker
2025-01-29 13:44:49,770 INFO c.h.h.t.HelmChartContainer - [test-hivemq-platform] [hivemq] [ddfcb168] WARNING: Thread Thread[vert.x-eventloop-thread-1,5,main] has been blocked for 3222 ms, time limit is 2000 ms
2025-01-29 13:44:50,041 INFO c.h.h.t.HelmChartContainer - [test-hivemq-platform] [hivemq] [ddfcb168] INFO  - [HiveMQ Platform Operator Init App 1.7.0-SNAPSHOT] Updating Pod HiveMQ Platform Operator Init App version annotation (version: 1.7.0-SNAPSHOT)
2025-01-29 13:44:50,778 INFO c.h.h.t.HelmChartContainer - [POD] test-hivemq-platform-0 [ddfcb168-df9d-466c-aca3-258d0dd7569d] in helmplatformmutualtlsit was MODIFIED
2025-01-29 13:44:50,787 INFO c.h.h.t.HelmChartContainer - [hivemq-test-hivemq-platform] [hivemq-platform-operator] [6a8223b7] 13:44:50.783 [pool-6-thread-14] DEBUG c.h.p.o.d.PlatformServiceResource - [helmplat] Desired Platform services (4 services)
2025-01-29 13:44:50,788 INFO c.h.h.t.HelmChartContainer - [hivemq-test-hivemq-platform] [hivemq-platform-operator] [6a8223b7] 13:44:50.785 [pool-6-thread-16] DEBUG c.h.p.o.dependants.PodInfoConfigMap - [helmplat] Desired PodInfo ConfigMap (1 extensions) (1 enabled)
2025-01-29 13:44:50,788 INFO c.h.h.t.HelmChartContainer - [hivemq-test-hivemq-platform] [hivemq-platform-operator] [6a8223b7] 13:44:50.785 [pool-6-thread-16] DEBUG c.h.p.o.dependants.PodInfoConfigMap - [helmplat] Desired PodInfo ConfigMap (metrics port: 9399) (metrics path: /)
2025-01-29 13:44:50,788 INFO c.h.h.t.HelmChartContainer - [hivemq-test-hivemq-platform] [hivemq-platform-operator] [6a8223b7] 13:44:50.785 [pool-6-thread-16] DEBUG c.h.p.o.dependants.PodInfoConfigMap - [helmplat] Desired PodInfo ConfigMap (extension state hash: -1817474005)
2025-01-29 13:44:50,789 INFO c.h.h.t.HelmChartContainer - [hivemq-test-hivemq-platform] [hivemq-platform-operator] [6a8223b7] 13:44:50.786 [pool-6-thread-15] DEBUG c.h.p.o.d.PodServiceAccountResource - [helmplat] Desired PodServiceAccountResource (serviceAccountName: hivemq-platform-pod-test-hivemq-platform)
2025-01-29 13:44:50,813 INFO c.h.h.t.HelmChartContainer - [hivemq-test-hivemq-platform] [hivemq-platform-operator] [6a8223b7] 13:44:50.812 [pool-6-thread-14] DEBUG c.h.p.o.d.StatefulSetResource - [helmplat] Desired StatefulSet (1 replicas) for status STARTING (READY)
2025-01-29 13:44:50,869 INFO c.h.h.t.HelmChartContainer - [test-hivemq-platform] [hivemq] [ddfcb168] WARN  - [HiveMQ Platform Operator Init App 1.7.0-SNAPSHOT] Cannot connect to Health API for readiness: null
2025-01-29 13:44:50,871 INFO c.h.h.t.HelmChartContainer - [test-hivemq-platform] [hivemq] [ddfcb168] INFO  - [HiveMQ Platform Operator Init App 1.7.0-SNAPSHOT] Successfully updated Pod HiveMQ Platform Operator Init App version annotation (version: 1.7.0-SNAPSHOT)
2025-01-29 13:44:50,872 INFO c.h.h.t.HelmChartContainer - [EVENT] Warning [Unhealthy] Readiness probe failed: HTTP probe failed with statuscode: 503 [helmplatformmutualtlsit:test-hivemq-platform-0]
2025-01-29 13:44:50,872 INFO c.h.h.t.HelmChartContainer - Received Unhealthy event for container hivemq in pod test-hivemq-platform-0 [ddfcb168-df9d-466c-aca3-258d0dd7569d]
2025-01-29 13:44:50,887 INFO c.h.h.t.HelmChartContainer - [hivemq-test-hivemq-platform] [hivemq-platform-operator] [6a8223b7] 13:44:50.883 [ReconcilerExecutor-hivemq-controller-109] INFO  c.h.p.o.HiveMQPlatformReconciler - [helmplat] Reconciling HiveMQ Platform 'test-hivemq-platform' in namespace 'helmplatformmutualtlsit'
2025-01-29 13:44:50,887 INFO c.h.h.t.HelmChartContainer - [hivemq-test-hivemq-platform] [hivemq-platform-operator] [6a8223b7] 13:44:50.883 [ReconcilerExecutor-hivemq-controller-109] DEBUG c.h.p.o.HiveMQPlatformReconciler - [helmplat] Custom Resource Status STARTING - HiveMQ Platform is starting (READY)
2025-01-29 13:44:50,887 INFO c.h.h.t.HelmChartContainer - [hivemq-test-hivemq-platform] [hivemq-platform-operator] [6a8223b7] 13:44:50.883 [ReconcilerExecutor-hivemq-controller-109] DEBUG c.h.p.o.HiveMQPlatformReconciler - [helmplat] Custom Resource Spec (replicas: 1) (extensions: 1)
2025-01-29 13:44:50,887 INFO c.h.h.t.HelmChartContainer - [hivemq-test-hivemq-platform] [hivemq-platform-operator] [6a8223b7] 13:44:50.886 [ReconcilerExecutor-hivemq-controller-109] DEBUG c.h.p.o.HiveMQPlatformReconciler - [helmplat] StatefulSet Status (revision: test-hivemq-platform-b4978c669, replicas: 1, available: 0, ready: 0, current: 1, updated: 1)
2025-01-29 13:44:50,887 INFO c.h.h.t.HelmChartContainer - [hivemq-test-hivemq-platform] [hivemq-platform-operator] [6a8223b7] 13:44:50.886 [ReconcilerExecutor-hivemq-controller-109] DEBUG c.h.p.o.HiveMQPlatformReconciler - [helmplat] StatefulSet Spec (replicas: 1, init containers: 1, containers: 1, volumes: 7)
2025-01-29 13:44:50,889 INFO c.h.h.t.HelmChartContainer - [hivemq-test-hivemq-platform] [hivemq-platform-operator] [6a8223b7] 13:44:50.887 [ReconcilerExecutor-hivemq-controller-109] DEBUG c.h.p.o.h.HiveMQPlatformReconcilerErrorHandler - [helmplat] Pod 'test-hivemq-platform-0' phase Running
2025-01-29 13:44:50,889 INFO c.h.h.t.HelmChartContainer - [hivemq-test-hivemq-platform] [hivemq-platform-operator] [6a8223b7] 13:44:50.888 [ReconcilerExecutor-hivemq-controller-109] INFO  c.h.p.o.h.HiveMQPlatformReconcilerBaseHandler - [helmplat] HiveMQ Platform is starting, 0 of 1 replicas are ready
2025-01-29 13:44:55,840 INFO c.h.h.t.HelmChartContainer - [test-hivemq-platform] [hivemq] [ddfcb168] WARN  - [HiveMQ Platform Operator Init App 1.7.0-SNAPSHOT] Cannot connect to Health API for readiness: null
2025-01-29 13:44:55,844 INFO c.h.h.t.HelmChartContainer - [EVENT] Warning [Unhealthy] Readiness probe failed: HTTP probe failed with statuscode: 503 [helmplatformmutualtlsit:test-hivemq-platform-0]
2025-01-29 13:44:55,844 INFO c.h.h.t.HelmChartContainer - Received Unhealthy event for container hivemq in pod test-hivemq-platform-0 [ddfcb168-df9d-466c-aca3-258d0dd7569d]
2025-01-29 13:45:00,781 INFO c.h.h.t.HelmChartContainer - [test-hivemq-platform] [hivemq] [ddfcb168] WARN  - [HiveMQ Platform Operator Init App 1.7.0-SNAPSHOT] Cannot connect to Health API for readiness: null
2025-01-29 13:45:00,843 INFO c.h.h.t.HelmChartContainer - [EVENT] Warning [Unhealthy] Readiness probe failed: HTTP probe failed with statuscode: 503 [helmplatformmutualtlsit:test-hivemq-platform-0]
2025-01-29 13:45:00,843 INFO c.h.h.t.HelmChartContainer - Received Unhealthy event for container hivemq in pod test-hivemq-platform-0 [ddfcb168-df9d-466c-aca3-258d0dd7569d]
2025-01-29 13:45:00,894 INFO c.h.h.t.HelmChartContainer - [hivemq-test-hivemq-platform] [hivemq-platform-operator] [6a8223b7] 13:45:00.892 [pool-6-thread-27] DEBUG c.h.p.o.d.PlatformServiceResource - [helmplat] Desired Platform services (4 services)
2025-01-29 13:45:00,894 INFO c.h.h.t.HelmChartContainer - [hivemq-test-hivemq-platform] [hivemq-platform-operator] [6a8223b7] 13:45:00.893 [pool-6-thread-26] DEBUG c.h.p.o.dependants.PodInfoConfigMap - [helmplat] Desired PodInfo ConfigMap (1 extensions) (1 enabled)
2025-01-29 13:45:00,896 INFO c.h.h.t.HelmChartContainer - [hivemq-test-hivemq-platform] [hivemq-platform-operator] [6a8223b7] 13:45:00.893 [pool-6-thread-26] DEBUG c.h.p.o.dependants.PodInfoConfigMap - [helmplat] Desired PodInfo ConfigMap (metrics port: 9399) (metrics path: /)
2025-01-29 13:45:00,897 INFO c.h.h.t.HelmChartContainer - [hivemq-test-hivemq-platform] [hivemq-platform-operator] [6a8223b7] 13:45:00.894 [pool-6-thread-26] DEBUG c.h.p.o.dependants.PodInfoConfigMap - [helmplat] Desired PodInfo ConfigMap (extension state hash: -1817474005)
2025-01-29 13:45:00,898 INFO c.h.h.t.HelmChartContainer - [hivemq-test-hivemq-platform] [hivemq-platform-operator] [6a8223b7] 13:45:00.897 [pool-6-thread-23] DEBUG c.h.p.o.d.PodServiceAccountResource - [helmplat] Desired PodServiceAccountResource (serviceAccountName: hivemq-platform-pod-test-hivemq-platform)
2025-01-29 13:45:00,901 INFO c.h.h.t.HelmChartContainer - [hivemq-test-hivemq-platform] [hivemq-platform-operator] [6a8223b7] 13:45:00.901 [pool-6-thread-26] DEBUG c.h.p.o.d.StatefulSetResource - [helmplat] Desired StatefulSet (1 replicas) for status STARTING (READY)
2025-01-29 13:45:00,981 INFO c.h.h.t.HelmChartContainer - [hivemq-test-hivemq-platform] [hivemq-platform-operator] [6a8223b7] 13:45:00.980 [ReconcilerExecutor-hivemq-controller-110] INFO  c.h.p.o.HiveMQPlatformReconciler - [helmplat] Reconciling HiveMQ Platform 'test-hivemq-platform' in namespace 'helmplatformmutualtlsit'
2025-01-29 13:45:00,981 INFO c.h.h.t.HelmChartContainer - [hivemq-test-hivemq-platform] [hivemq-platform-operator] [6a8223b7] 13:45:00.980 [ReconcilerExecutor-hivemq-controller-110] DEBUG c.h.p.o.HiveMQPlatformReconciler - [helmplat] Custom Resource Status STARTING - HiveMQ Platform is starting (READY)
2025-01-29 13:45:00,982 INFO c.h.h.t.HelmChartContainer - [hivemq-test-hivemq-platform] [hivemq-platform-operator] [6a8223b7] 13:45:00.980 [ReconcilerExecutor-hivemq-controller-110] DEBUG c.h.p.o.HiveMQPlatformReconciler - [helmplat] Custom Resource Spec (replicas: 1) (extensions: 1)
2025-01-29 13:45:00,985 INFO c.h.h.t.HelmChartContainer - [hivemq-test-hivemq-platform] [hivemq-platform-operator] [6a8223b7] 13:45:00.984 [ReconcilerExecutor-hivemq-controller-110] DEBUG c.h.p.o.HiveMQPlatformReconciler - [helmplat] StatefulSet Status (revision: test-hivemq-platform-b4978c669, replicas: 1, available: 0, ready: 0, current: 1, updated: 1)
2025-01-29 13:45:00,987 INFO c.h.h.t.HelmChartContainer - [hivemq-test-hivemq-platform] [hivemq-platform-operator] [6a8223b7] 13:45:00.984 [ReconcilerExecutor-hivemq-controller-110] DEBUG c.h.p.o.HiveMQPlatformReconciler - [helmplat] StatefulSet Spec (replicas: 1, init containers: 1, containers: 1, volumes: 7)
2025-01-29 13:45:00,988 INFO c.h.h.t.HelmChartContainer - [hivemq-test-hivemq-platform] [hivemq-platform-operator] [6a8223b7] 13:45:00.986 [ReconcilerExecutor-hivemq-controller-110] DEBUG c.h.p.o.h.HiveMQPlatformReconcilerErrorHandler - [helmplat] Pod 'test-hivemq-platform-0' phase Running
2025-01-29 13:45:00,988 INFO c.h.h.t.HelmChartContainer - [hivemq-test-hivemq-platform] [hivemq-platform-operator] [6a8223b7] 13:45:00.986 [ReconcilerExecutor-hivemq-controller-110] INFO  c.h.p.o.h.HiveMQPlatformReconcilerBaseHandler - [helmplat] HiveMQ Platform is starting, 0 of 1 replicas are ready
2025-01-29 13:45:01,464 INFO c.h.h.t.HelmChartContainer - [test-hivemq-platform] [hivemq] [ddfcb168] INFO  - No valid license file found. Using trial license, restricted to 25 connections.
2025-01-29 13:45:03,270 INFO c.h.h.t.HelmChartContainer - [test-hivemq-platform] [hivemq] [ddfcb168] WARN  - [HiveMQ Platform Operator Init App 1.7.0-SNAPSHOT] Cannot connect to Health API for liveness: null
2025-01-29 13:45:03,270 INFO c.h.h.t.HelmChartContainer - [test-hivemq-platform] [hivemq] [ddfcb168] INFO  - [HiveMQ Platform Operator Init App 1.7.0-SNAPSHOT] Returning default Health API response 200 for liveness
2025-01-29 13:45:05,177 INFO c.h.h.t.HelmChartContainer - [test-hivemq-platform] [hivemq] [ddfcb168] INFO  - No valid license file for Data Hub found. Using free license, restricted to 1 policy.
2025-01-29 13:45:05,780 INFO c.h.h.t.HelmChartContainer - [test-hivemq-platform] [hivemq] [ddfcb168] WARN  - [HiveMQ Platform Operator Init App 1.7.0-SNAPSHOT] Cannot connect to Health API for readiness: null
2025-01-29 13:45:05,784 INFO c.h.h.t.HelmChartContainer - [EVENT] Warning [Unhealthy] Readiness probe failed: HTTP probe failed with statuscode: 503 [helmplatformmutualtlsit:test-hivemq-platform-0]
2025-01-29 13:45:05,784 INFO c.h.h.t.HelmChartContainer - Received Unhealthy event for container hivemq in pod test-hivemq-platform-0 [ddfcb168-df9d-466c-aca3-258d0dd7569d]
2025-01-29 13:45:06,481 INFO c.h.h.t.HelmChartContainer - [test-hivemq-platform] [hivemq] [ddfcb168] INFO  - Audit Logger started.
2025-01-29 13:45:06,783 INFO c.h.h.t.HelmChartContainer - [test-hivemq-platform] [hivemq] [ddfcb168] INFO  - This node uses '1' CPU cores.
2025-01-29 13:45:06,789 INFO c.h.h.t.HelmChartContainer - [test-hivemq-platform] [hivemq] [ddfcb168] INFO  - Starting HiveMQ Health API on address 0.0.0.0 and port 8889
2025-01-29 13:45:07,682 INFO c.h.h.t.HelmChartContainer - [test-hivemq-platform] [hivemq] [ddfcb168] INFO  - Started HiveMQ Health API in 893ms
2025-01-29 13:45:08,565 INFO c.h.h.t.HelmChartContainer - [test-hivemq-platform] [hivemq] [ddfcb168] INFO  - Starting HiveMQ extension system.
2025-01-29 13:45:08,772 INFO c.h.h.t.HelmChartContainer - [test-hivemq-platform] [hivemq] [ddfcb168] INFO  - Starting extension with id "hivemq-dns-cluster-discovery" at /opt/hivemq/extensions/hivemq-dns-cluster-discovery
2025-01-29 13:45:09,271 INFO c.h.h.t.HelmChartContainer - [test-hivemq-platform] [hivemq] [ddfcb168] INFO  - Extension "DNS Cluster Discovery Extension" version 4.3.2 started successfully.
2025-01-29 13:45:09,271 INFO c.h.h.t.HelmChartContainer - [test-hivemq-platform] [hivemq] [ddfcb168] INFO  - Starting extension with id "hivemq-prometheus-extension" at /opt/hivemq/extensions/hivemq-prometheus-extension
2025-01-29 13:45:09,272 INFO c.h.h.t.HelmChartContainer - [test-hivemq-platform] [hivemq] [ddfcb168] INFO  - Using TCP cluster transport on address 10.42.0.14 and port 7000
2025-01-29 13:45:09,339 INFO c.h.h.t.HelmChartContainer - [test-hivemq-platform] [hivemq] [ddfcb168] INFO  - Using extension cluster discovery
2025-01-29 13:45:10,368 INFO c.h.h.t.HelmChartContainer - [test-hivemq-platform] [hivemq] [ddfcb168] INFO  - Started Jetty Server exposing Prometheus Servlet on URI http://0.0.0.0:9399/
2025-01-29 13:45:10,369 INFO c.h.h.t.HelmChartContainer - [test-hivemq-platform] [hivemq] [ddfcb168] INFO  - Extension "Prometheus Monitoring Extension" version 4.0.12 started successfully.
2025-01-29 13:45:10,369 INFO c.h.h.t.HelmChartContainer - [test-hivemq-platform] [hivemq] [ddfcb168] INFO  - Starting extension with id "hivemq-allow-all-extension" at /opt/hivemq/extensions/hivemq-allow-all-extension
2025-01-29 13:45:10,370 INFO c.h.h.t.HelmChartContainer - [test-hivemq-platform] [hivemq] [ddfcb168] WARN  - 
2025-01-29 13:45:10,370 INFO c.h.h.t.HelmChartContainer - [test-hivemq-platform] [hivemq] [ddfcb168] ################################################################################################################
2025-01-29 13:45:10,370 INFO c.h.h.t.HelmChartContainer - [test-hivemq-platform] [hivemq] [ddfcb168] # This HiveMQ deployment is not secure! You are lacking Authentication and Authorization.                      #
2025-01-29 13:45:10,370 INFO c.h.h.t.HelmChartContainer - [test-hivemq-platform] [hivemq] [ddfcb168] # Right now any MQTT client can connect to the broker with a full set of permissions.                          #
2025-01-29 13:45:10,370 INFO c.h.h.t.HelmChartContainer - [test-hivemq-platform] [hivemq] [ddfcb168] # For production usage, add an appropriate security extension and remove the hivemq-allow-all extension.       #
2025-01-29 13:45:10,370 INFO c.h.h.t.HelmChartContainer - [test-hivemq-platform] [hivemq] [ddfcb168] # You can download security extensions from the HiveMQ Marketplace (https://www.hivemq.com/extensions/).       #
2025-01-29 13:45:10,370 INFO c.h.h.t.HelmChartContainer - [test-hivemq-platform] [hivemq] [ddfcb168] ################################################################################################################
2025-01-29 13:45:10,370 INFO c.h.h.t.HelmChartContainer - [test-hivemq-platform] [hivemq] [ddfcb168] INFO  - Extension "Allow All Extension" version 1.1.1 started successfully.
2025-01-29 13:45:10,994 INFO c.h.h.t.HelmChartContainer - [hivemq-test-hivemq-platform] [hivemq-platform-operator] [6a8223b7] 13:45:10.991 [pool-6-thread-32] DEBUG c.h.p.o.d.PodServiceAccountResource - [helmplat] Desired PodServiceAccountResource (serviceAccountName: hivemq-platform-pod-test-hivemq-platform)
2025-01-29 13:45:10,994 INFO c.h.h.t.HelmChartContainer - [hivemq-test-hivemq-platform] [hivemq-platform-operator] [6a8223b7] 13:45:10.991 [pool-6-thread-36] DEBUG c.h.p.o.dependants.PodInfoConfigMap - [helmplat] Desired PodInfo ConfigMap (1 extensions) (1 enabled)
2025-01-29 13:45:10,994 INFO c.h.h.t.HelmChartContainer - [hivemq-test-hivemq-platform] [hivemq-platform-operator] [6a8223b7] 13:45:10.992 [pool-6-thread-36] DEBUG c.h.p.o.dependants.PodInfoConfigMap - [helmplat] Desired PodInfo ConfigMap (metrics port: 9399) (metrics path: /)
2025-01-29 13:45:10,994 INFO c.h.h.t.HelmChartContainer - [hivemq-test-hivemq-platform] [hivemq-platform-operator] [6a8223b7] 13:45:10.992 [pool-6-thread-36] DEBUG c.h.p.o.dependants.PodInfoConfigMap - [helmplat] Desired PodInfo ConfigMap (extension state hash: -1817474005)
2025-01-29 13:45:10,994 INFO c.h.h.t.HelmChartContainer - [hivemq-test-hivemq-platform] [hivemq-platform-operator] [6a8223b7] 13:45:10.991 [pool-6-thread-35] DEBUG c.h.p.o.d.PlatformServiceResource - [helmplat] Desired Platform services (4 services)
2025-01-29 13:45:10,999 INFO c.h.h.t.HelmChartContainer - [hivemq-test-hivemq-platform] [hivemq-platform-operator] [6a8223b7] 13:45:10.999 [pool-6-thread-35] DEBUG c.h.p.o.d.StatefulSetResource - [helmplat] Desired StatefulSet (1 replicas) for status STARTING (READY)
2025-01-29 13:45:11,084 INFO c.h.h.t.HelmChartContainer - [hivemq-test-hivemq-platform] [hivemq-platform-operator] [6a8223b7] 13:45:11.082 [ReconcilerExecutor-hivemq-controller-111] INFO  c.h.p.o.HiveMQPlatformReconciler - [helmplat] Reconciling HiveMQ Platform 'test-hivemq-platform' in namespace 'helmplatformmutualtlsit'
2025-01-29 13:45:11,086 INFO c.h.h.t.HelmChartContainer - [hivemq-test-hivemq-platform] [hivemq-platform-operator] [6a8223b7] 13:45:11.082 [ReconcilerExecutor-hivemq-controller-111] DEBUG c.h.p.o.HiveMQPlatformReconciler - [helmplat] Custom Resource Status STARTING - HiveMQ Platform is starting (READY)
2025-01-29 13:45:11,086 INFO c.h.h.t.HelmChartContainer - [hivemq-test-hivemq-platform] [hivemq-platform-operator] [6a8223b7] 13:45:11.082 [ReconcilerExecutor-hivemq-controller-111] DEBUG c.h.p.o.HiveMQPlatformReconciler - [helmplat] Custom Resource Spec (replicas: 1) (extensions: 1)
2025-01-29 13:45:11,089 INFO c.h.h.t.HelmChartContainer - [hivemq-test-hivemq-platform] [hivemq-platform-operator] [6a8223b7] 13:45:11.087 [ReconcilerExecutor-hivemq-controller-111] DEBUG c.h.p.o.HiveMQPlatformReconciler - [helmplat] StatefulSet Status (revision: test-hivemq-platform-b4978c669, replicas: 1, available: 0, ready: 0, current: 1, updated: 1)
2025-01-29 13:45:11,089 INFO c.h.h.t.HelmChartContainer - [hivemq-test-hivemq-platform] [hivemq-platform-operator] [6a8223b7] 13:45:11.088 [ReconcilerExecutor-hivemq-controller-111] DEBUG c.h.p.o.HiveMQPlatformReconciler - [helmplat] StatefulSet Spec (replicas: 1, init containers: 1, containers: 1, volumes: 7)
2025-01-29 13:45:11,092 INFO c.h.h.t.HelmChartContainer - [hivemq-test-hivemq-platform] [hivemq-platform-operator] [6a8223b7] 13:45:11.091 [ReconcilerExecutor-hivemq-controller-111] DEBUG c.h.p.o.h.HiveMQPlatformReconcilerErrorHandler - [helmplat] Pod 'test-hivemq-platform-0' phase Running
2025-01-29 13:45:11,093 INFO c.h.h.t.HelmChartContainer - [hivemq-test-hivemq-platform] [hivemq-platform-operator] [6a8223b7] 13:45:11.092 [ReconcilerExecutor-hivemq-controller-111] INFO  c.h.p.o.h.HiveMQPlatformReconcilerBaseHandler - [helmplat] HiveMQ Platform is starting, 0 of 1 replicas are ready
2025-01-29 13:45:11,278 INFO c.h.h.t.HelmChartContainer - [test-hivemq-platform] [hivemq] [ddfcb168] INFO  - [HiveMQ Platform Operator Init App 1.7.0-SNAPSHOT] Returning Health API response 503 for readiness
2025-01-29 13:45:11,283 INFO c.h.h.t.HelmChartContainer - [EVENT] Warning [Unhealthy] Readiness probe failed: HTTP probe failed with statuscode: 503 [helmplatformmutualtlsit:test-hivemq-platform-0]
2025-01-29 13:45:11,283 INFO c.h.h.t.HelmChartContainer - Received Unhealthy event for container hivemq in pod test-hivemq-platform-0 [ddfcb168-df9d-466c-aca3-258d0dd7569d]
2025-01-29 13:45:12,367 INFO c.h.h.t.HelmChartContainer - [test-hivemq-platform] [hivemq] [ddfcb168] INFO  - xgJgr: no members discovered after 2302 ms: creating cluster as first member
2025-01-29 13:45:12,374 INFO c.h.h.t.HelmChartContainer - [test-hivemq-platform] [hivemq] [ddfcb168] INFO  - Cluster nodes found by discovery: [xgJgr|0] (1) [xgJgr].
2025-01-29 13:45:12,470 INFO c.h.h.t.HelmChartContainer - [test-hivemq-platform] [hivemq] [ddfcb168] WARN  - No user for HiveMQ Control Center configured. Starting with default user
2025-01-29 13:45:12,470 INFO c.h.h.t.HelmChartContainer - [test-hivemq-platform] [hivemq] [ddfcb168] INFO  - Starting HiveMQ Control Center on address 127.0.0.1 and port 8080
2025-01-29 13:45:12,472 INFO c.h.h.t.HelmChartContainer - [test-hivemq-platform] [hivemq] [ddfcb168] INFO  - Mounting HiveMQ Control Center V2 Preview
2025-01-29 13:45:13,082 INFO c.h.h.t.HelmChartContainer - [test-hivemq-platform] [hivemq] [ddfcb168] INFO  - Started HiveMQ Control Center in 612ms
2025-01-29 13:45:13,178 INFO c.h.h.t.HelmChartContainer - [test-hivemq-platform] [hivemq] [ddfcb168] INFO  - Starting TCP listener on address 0.0.0.0 and port 1883
2025-01-29 13:45:13,966 INFO c.h.h.t.HelmChartContainer - [test-hivemq-platform] [hivemq] [ddfcb168] INFO  - Enabled protocols for TCP Listener with TLS at address 0.0.0.0 and port 1884: [TLSv1.3, TLSv1.2]
2025-01-29 13:45:13,966 INFO c.h.h.t.HelmChartContainer - [test-hivemq-platform] [hivemq] [ddfcb168] INFO  - Enabled cipher suites for TCP Listener with TLS at address 0.0.0.0 and port 1884: [TLS_ECDHE_ECDSA_WITH_AES_256_GCM_SHA384, TLS_ECDHE_ECDSA_WITH_AES_128_GCM_SHA256, TLS_ECDHE_RSA_WITH_AES_128_GCM_SHA256, TLS_ECDHE_RSA_WITH_AES_256_GCM_SHA384, TLS_ECDHE_RSA_WITH_AES_128_CBC_SHA, TLS_ECDHE_RSA_WITH_AES_256_CBC_SHA, TLS_RSA_WITH_AES_128_GCM_SHA256, TLS_RSA_WITH_AES_128_CBC_SHA, TLS_RSA_WITH_AES_256_CBC_SHA, TLS_AES_128_GCM_SHA256, TLS_AES_256_GCM_SHA384]
2025-01-29 13:45:13,966 INFO c.h.h.t.HelmChartContainer - [test-hivemq-platform] [hivemq] [ddfcb168] INFO  - Starting TLS TCP listener on address 0.0.0.0 and port 1884
2025-01-29 13:45:13,977 INFO c.h.h.t.HelmChartContainer - [test-hivemq-platform] [hivemq] [ddfcb168] INFO  - Enabled protocols for TCP Listener with TLS at address 0.0.0.0 and port 1885: [TLSv1.3, TLSv1.2]
2025-01-29 13:45:13,977 INFO c.h.h.t.HelmChartContainer - [test-hivemq-platform] [hivemq] [ddfcb168] INFO  - Enabled cipher suites for TCP Listener with TLS at address 0.0.0.0 and port 1885: [TLS_ECDHE_ECDSA_WITH_AES_256_GCM_SHA384, TLS_ECDHE_ECDSA_WITH_AES_128_GCM_SHA256, TLS_ECDHE_RSA_WITH_AES_128_GCM_SHA256, TLS_ECDHE_RSA_WITH_AES_256_GCM_SHA384, TLS_ECDHE_RSA_WITH_AES_128_CBC_SHA, TLS_ECDHE_RSA_WITH_AES_256_CBC_SHA, TLS_RSA_WITH_AES_128_GCM_SHA256, TLS_RSA_WITH_AES_128_CBC_SHA, TLS_RSA_WITH_AES_256_CBC_SHA, TLS_AES_128_GCM_SHA256, TLS_AES_256_GCM_SHA384]
2025-01-29 13:45:13,977 INFO c.h.h.t.HelmChartContainer - [test-hivemq-platform] [hivemq] [ddfcb168] INFO  - Starting TLS TCP listener on address 0.0.0.0 and port 1885
2025-01-29 13:45:13,978 INFO c.h.h.t.HelmChartContainer - [test-hivemq-platform] [hivemq] [ddfcb168] INFO  - Started TCP Listener on address 0.0.0.0 and on port 1883.
2025-01-29 13:45:13,980 INFO c.h.h.t.HelmChartContainer - [test-hivemq-platform] [hivemq] [ddfcb168] INFO  - Started TCP Listener with TLS on address 0.0.0.0 and on port 1884.
2025-01-29 13:45:13,980 INFO c.h.h.t.HelmChartContainer - [test-hivemq-platform] [hivemq] [ddfcb168] INFO  - Started TCP Listener with TLS on address 0.0.0.0 and on port 1885.
2025-01-29 13:45:13,980 INFO c.h.h.t.HelmChartContainer - [test-hivemq-platform] [hivemq] [ddfcb168] INFO  - Started HiveMQ in 31839ms
2025-01-29 13:45:15,782 INFO c.h.h.t.HelmChartContainer - [test-hivemq-platform] [hivemq] [ddfcb168] INFO  - [HiveMQ Platform Operator Init App 1.7.0-SNAPSHOT] Returning Health API response 200 for readiness
2025-01-29 13:45:15,801 INFO c.h.h.t.HelmChartContainer - [POD] test-hivemq-platform-0 [ddfcb168-df9d-466c-aca3-258d0dd7569d] in helmplatformmutualtlsit was MODIFIED
2025-01-29 13:45:15,804 INFO c.h.h.t.HelmChartContainer - [hivemq-test-hivemq-platform] [hivemq-platform-operator] [6a8223b7] 13:45:15.798 [pool-6-thread-47] DEBUG c.h.p.o.d.PlatformServiceResource - [helmplat] Desired Platform services (4 services)
2025-01-29 13:45:15,804 INFO c.h.h.t.HelmChartContainer - [hivemq-test-hivemq-platform] [hivemq-platform-operator] [6a8223b7] 13:45:15.800 [pool-6-thread-43] DEBUG c.h.p.o.dependants.PodInfoConfigMap - [helmplat] Desired PodInfo ConfigMap (1 extensions) (1 enabled)
2025-01-29 13:45:15,804 INFO c.h.h.t.HelmChartContainer - [hivemq-test-hivemq-platform] [hivemq-platform-operator] [6a8223b7] 13:45:15.801 [pool-6-thread-43] DEBUG c.h.p.o.dependants.PodInfoConfigMap - [helmplat] Desired PodInfo ConfigMap (metrics port: 9399) (metrics path: /)
2025-01-29 13:45:15,804 INFO c.h.h.t.HelmChartContainer - [hivemq-test-hivemq-platform] [hivemq-platform-operator] [6a8223b7] 13:45:15.801 [pool-6-thread-43] DEBUG c.h.p.o.dependants.PodInfoConfigMap - [helmplat] Desired PodInfo ConfigMap (extension state hash: -1817474005)
2025-01-29 13:45:15,814 INFO c.h.h.t.HelmChartContainer - [hivemq-test-hivemq-platform] [hivemq-platform-operator] [6a8223b7] 13:45:15.802 [pool-6-thread-44] DEBUG c.h.p.o.d.PodServiceAccountResource - [helmplat] Desired PodServiceAccountResource (serviceAccountName: hivemq-platform-pod-test-hivemq-platform)
2025-01-29 13:45:15,820 INFO c.h.h.t.HelmChartContainer - [hivemq-test-hivemq-platform] [hivemq-platform-operator] [6a8223b7] 13:45:15.819 [pool-6-thread-47] DEBUG c.h.p.o.d.StatefulSetResource - [helmplat] Desired StatefulSet (1 replicas) for status STARTING (READY)
2025-01-29 13:45:15,888 INFO c.h.h.t.HelmChartContainer - [hivemq-test-hivemq-platform] [hivemq-platform-operator] [6a8223b7] 13:45:15.885 [ReconcilerExecutor-hivemq-controller-112] INFO  c.h.p.o.HiveMQPlatformReconciler - [helmplat] Reconciling HiveMQ Platform 'test-hivemq-platform' in namespace 'helmplatformmutualtlsit'
2025-01-29 13:45:15,888 INFO c.h.h.t.HelmChartContainer - [hivemq-test-hivemq-platform] [hivemq-platform-operator] [6a8223b7] 13:45:15.885 [ReconcilerExecutor-hivemq-controller-112] DEBUG c.h.p.o.HiveMQPlatformReconciler - [helmplat] Custom Resource Status STARTING - HiveMQ Platform is starting (READY)
2025-01-29 13:45:15,888 INFO c.h.h.t.HelmChartContainer - [hivemq-test-hivemq-platform] [hivemq-platform-operator] [6a8223b7] 13:45:15.885 [ReconcilerExecutor-hivemq-controller-112] DEBUG c.h.p.o.HiveMQPlatformReconciler - [helmplat] Custom Resource Spec (replicas: 1) (extensions: 1)
2025-01-29 13:45:15,889 INFO c.h.h.t.HelmChartContainer - [hivemq-test-hivemq-platform] [hivemq-platform-operator] [6a8223b7] 13:45:15.887 [ReconcilerExecutor-hivemq-controller-112] DEBUG c.h.p.o.HiveMQPlatformReconciler - [helmplat] StatefulSet Status (revision: test-hivemq-platform-b4978c669, replicas: 1, available: 1, ready: 1, current: 1, updated: 1)
2025-01-29 13:45:15,889 INFO c.h.h.t.HelmChartContainer - [hivemq-test-hivemq-platform] [hivemq-platform-operator] [6a8223b7] 13:45:15.887 [ReconcilerExecutor-hivemq-controller-112] DEBUG c.h.p.o.HiveMQPlatformReconciler - [helmplat] StatefulSet Spec (replicas: 1, init containers: 1, containers: 1, volumes: 7)
2025-01-29 13:45:15,889 INFO c.h.h.t.HelmChartContainer - [hivemq-test-hivemq-platform] [hivemq-platform-operator] [6a8223b7] 13:45:15.888 [ReconcilerExecutor-hivemq-controller-112] DEBUG c.h.p.o.h.HiveMQPlatformReconcilerErrorHandler - [helmplat] Pod 'test-hivemq-platform-0' phase Running
2025-01-29 13:45:15,890 INFO c.h.h.t.HelmChartContainer - [hivemq-test-hivemq-platform] [hivemq-platform-operator] [6a8223b7] 13:45:15.889 [ReconcilerExecutor-hivemq-controller-112] INFO  c.h.p.o.h.HiveMQPlatformReconcilerBaseHandler - [helmplat] HiveMQ Platform started successfully
2025-01-29 13:45:15,993 INFO c.h.h.t.HelmChartContainer - [hivemq-test-hivemq-platform] [hivemq-platform-operator] [6a8223b7] 13:45:15.992 [ReconcilerExecutor-hivemq-controller-112] DEBUG c.h.p.operator.event.EventSender - [helmplat] Creating K8s event hivemq-platform-ready: [Ready] HiveMQ Platform is ready
2025-01-29 13:45:15,996 INFO c.h.h.t.HelmChartContainer - [EVENT] Normal [Ready] HiveMQ Platform is ready [helmplatformmutualtlsit:test-hivemq-platform]
2025-01-29 13:45:15,997 INFO c.h.h.t.HelmChartContainer - [hivemq-test-hivemq-platform] [hivemq-platform-operator] [6a8223b7] 13:45:15.996 [ReconcilerExecutor-hivemq-controller-112] INFO  c.h.p.o.h.AbstractHiveMQReconcilerStateHandler - [helmplat] Update HiveMQ Platform Status (STARTING [READY] -> RUNNING [READY]): HiveMQ Platform is ready
2025-01-29 13:45:16,004 DEBUG com.hivemq.helmcharts.util.K8sUtil - Comparing actual state 'RUNNING' and waiting for 'RUNNING'
2025-01-29 13:45:16,015 INFO c.h.h.p.HelmPlatformMutualTlsIT - Connecting to MQTT listener with no mTLS/SSL on port 1883
2025-01-29 13:45:16,095 INFO c.h.h.t.HelmChartContainer - [hivemq-test-hivemq-platform] [hivemq-platform-operator] [6a8223b7] 13:45:16.087 [pool-6-thread-4] DEBUG c.h.p.o.dependants.PodInfoConfigMap - [helmplat] Desired PodInfo ConfigMap (1 extensions) (1 enabled)
2025-01-29 13:45:16,095 INFO c.h.h.t.HelmChartContainer - [hivemq-test-hivemq-platform] [hivemq-platform-operator] [6a8223b7] 13:45:16.087 [pool-6-thread-4] DEBUG c.h.p.o.dependants.PodInfoConfigMap - [helmplat] Desired PodInfo ConfigMap (metrics port: 9399) (metrics path: /)
2025-01-29 13:45:16,095 INFO c.h.h.t.HelmChartContainer - [hivemq-test-hivemq-platform] [hivemq-platform-operator] [6a8223b7] 13:45:16.087 [pool-6-thread-4] DEBUG c.h.p.o.dependants.PodInfoConfigMap - [helmplat] Desired PodInfo ConfigMap (extension state hash: -1817474005)
2025-01-29 13:45:16,095 INFO c.h.h.t.HelmChartContainer - [hivemq-test-hivemq-platform] [hivemq-platform-operator] [6a8223b7] 13:45:16.087 [pool-6-thread-9] DEBUG c.h.p.o.d.PodServiceAccountResource - [helmplat] Desired PodServiceAccountResource (serviceAccountName: hivemq-platform-pod-test-hivemq-platform)
2025-01-29 13:45:16,095 INFO c.h.h.t.HelmChartContainer - [hivemq-test-hivemq-platform] [hivemq-platform-operator] [6a8223b7] 13:45:16.088 [pool-6-thread-4] DEBUG c.h.p.o.dependants.PodInfoConfigMap - [helmplat] Update PodInfo ConfigMap
2025-01-29 13:45:16,095 INFO c.h.h.t.HelmChartContainer - [hivemq-test-hivemq-platform] [hivemq-platform-operator] [6a8223b7] 13:45:16.090 [pool-6-thread-6] DEBUG c.h.p.o.d.PlatformServiceResource - [helmplat] Desired Platform services (4 services)
2025-01-29 13:45:16,119 INFO c.h.h.t.HelmChartContainer - [hivemq-test-hivemq-platform] [hivemq-platform-operator] [6a8223b7] 13:45:16.117 [pool-6-thread-4] DEBUG c.h.p.o.d.StatefulSetResource - [helmplat] Desired StatefulSet (1 replicas) for status RUNNING (READY)
2025-01-29 13:45:16,188 INFO c.h.h.t.HelmChartContainer - [hivemq-test-hivemq-platform] [hivemq-platform-operator] [6a8223b7] 13:45:16.185 [ReconcilerExecutor-hivemq-controller-113] INFO  c.h.p.o.HiveMQPlatformReconciler - [helmplat] Reconciling HiveMQ Platform 'test-hivemq-platform' in namespace 'helmplatformmutualtlsit'
2025-01-29 13:45:16,190 INFO c.h.h.t.HelmChartContainer - [hivemq-test-hivemq-platform] [hivemq-platform-operator] [6a8223b7] 13:45:16.185 [ReconcilerExecutor-hivemq-controller-113] DEBUG c.h.p.o.HiveMQPlatformReconciler - [helmplat] Custom Resource Status RUNNING - HiveMQ Platform is ready (READY)
2025-01-29 13:45:16,198 INFO c.h.h.t.HelmChartContainer - [hivemq-test-hivemq-platform] [hivemq-platform-operator] [6a8223b7] 13:45:16.185 [ReconcilerExecutor-hivemq-controller-113] DEBUG c.h.p.o.HiveMQPlatformReconciler - [helmplat] Custom Resource Spec (replicas: 1) (extensions: 1)
2025-01-29 13:45:16,198 INFO c.h.h.t.HelmChartContainer - [hivemq-test-hivemq-platform] [hivemq-platform-operator] [6a8223b7] 13:45:16.189 [ReconcilerExecutor-hivemq-controller-113] DEBUG c.h.p.o.HiveMQPlatformReconciler - [helmplat] StatefulSet Status (revision: test-hivemq-platform-b4978c669, replicas: 1, available: 1, ready: 1, current: 1, updated: 1)
2025-01-29 13:45:16,198 INFO c.h.h.t.HelmChartContainer - [hivemq-test-hivemq-platform] [hivemq-platform-operator] [6a8223b7] 13:45:16.189 [ReconcilerExecutor-hivemq-controller-113] DEBUG c.h.p.o.HiveMQPlatformReconciler - [helmplat] StatefulSet Spec (replicas: 1, init containers: 1, containers: 1, volumes: 7)
2025-01-29 13:45:16,198 INFO c.h.h.t.HelmChartContainer - [hivemq-test-hivemq-platform] [hivemq-platform-operator] [6a8223b7] 13:45:16.191 [ReconcilerExecutor-hivemq-controller-113] DEBUG c.h.p.o.h.HiveMQPlatformReconcilerErrorHandler - [helmplat] Pod 'test-hivemq-platform-0' phase Running
2025-01-29 13:45:19,295 INFO c.h.h.p.HelmPlatformMutualTlsIT - Connecting to MQTT listener mTLS/SSL on port 1884
2025-01-29 13:45:22,429 INFO c.h.h.p.HelmPlatformMutualTlsIT - Connecting to MQTT listener mTLS/SSL on port 1885
2025-01-29 13:45:25,276 INFO c.h.h.t.HelmChartContainer - Uninstalling release 'test-hivemq-platform' in namespace 'helmplatformmutualtlsit'...
2025-01-29 13:45:25,276 DEBUG c.h.h.t.HelmChartContainer - Executing helm command: /bin/helm --kubeconfig /etc/rancher/k3s/k3s.yaml uninstall test-hivemq-platform  --wait --timeout 5m0s --cascade foreground --namespace helmplatformmutualtlsit
2025-01-29 13:45:25,454 INFO c.h.h.t.HelmChartContainer - [hivemq-test-hivemq-platform] [hivemq-platform-operator] [6a8223b7] 13:45:25.453 [pool-6-thread-15] DEBUG c.h.p.o.d.PlatformServiceResource - [helmplat] Desired Platform services (4 services)
2025-01-29 13:45:25,484 INFO c.h.h.t.HelmChartContainer - [hivemq-test-hivemq-platform] [hivemq-platform-operator] [6a8223b7] 13:45:25.454 [pool-6-thread-19] DEBUG c.h.p.o.dependants.PodInfoConfigMap - [helmplat] Desired PodInfo ConfigMap (1 extensions) (1 enabled)
2025-01-29 13:45:25,484 INFO c.h.h.t.HelmChartContainer - [hivemq-test-hivemq-platform] [hivemq-platform-operator] [6a8223b7] 13:45:25.459 [pool-6-thread-19] DEBUG c.h.p.o.dependants.PodInfoConfigMap - [helmplat] Desired PodInfo ConfigMap (metrics port: 9399) (metrics path: /)
2025-01-29 13:45:25,484 INFO c.h.h.t.HelmChartContainer - [hivemq-test-hivemq-platform] [hivemq-platform-operator] [6a8223b7] 13:45:25.459 [pool-6-thread-19] DEBUG c.h.p.o.dependants.PodInfoConfigMap - [helmplat] Desired PodInfo ConfigMap (extension state hash: -1817474005)
2025-01-29 13:45:25,527 INFO c.h.h.t.HelmChartContainer - [hivemq-test-hivemq-platform] [hivemq-platform-operator] [6a8223b7] 13:45:25.456 [pool-6-thread-11] DEBUG c.h.p.o.d.PodServiceAccountResource - [helmplat] Desired PodServiceAccountResource (serviceAccountName: hivemq-platform-pod-test-hivemq-platform)
2025-01-29 13:45:25,527 INFO c.h.h.t.HelmChartContainer - [hivemq-test-hivemq-platform] [hivemq-platform-operator] [6a8223b7] 13:45:25.516 [pool-6-thread-15] DEBUG c.h.p.o.d.StatefulSetResource - [helmplat] Desired StatefulSet (1 replicas) for status RUNNING (READY)
2025-01-29 13:45:25,527 INFO c.h.h.t.HelmChartContainer - [hivemq-test-hivemq-platform] [hivemq-platform-operator] [6a8223b7] 13:45:25.521 [ReconcilerExecutor-hivemq-controller-114] INFO  c.h.p.o.HiveMQPlatformReconciler - [helmplat] Reconciling HiveMQ Platform 'test-hivemq-platform' in namespace 'helmplatformmutualtlsit'
2025-01-29 13:45:25,527 INFO c.h.h.t.HelmChartContainer - [hivemq-test-hivemq-platform] [hivemq-platform-operator] [6a8223b7] 13:45:25.522 [ReconcilerExecutor-hivemq-controller-114] DEBUG c.h.p.o.HiveMQPlatformReconciler - [helmplat] Custom Resource Status RUNNING - HiveMQ Platform is ready (READY)
2025-01-29 13:45:25,527 INFO c.h.h.t.HelmChartContainer - [hivemq-test-hivemq-platform] [hivemq-platform-operator] [6a8223b7] 13:45:25.522 [ReconcilerExecutor-hivemq-controller-114] DEBUG c.h.p.o.HiveMQPlatformReconciler - [helmplat] Custom Resource Spec (replicas: 1) (extensions: 1)
2025-01-29 13:45:25,527 INFO c.h.h.t.HelmChartContainer - [hivemq-test-hivemq-platform] [hivemq-platform-operator] [6a8223b7] 13:45:25.522 [ReconcilerExecutor-hivemq-controller-114] WARN  c.h.p.o.h.HiveMQPlatformReconcilerErrorHandler - [helmplat] Could not find ConfigMap 'hivemq-configuration-test-hivemq-platform' for HiveMQ Platform configuration
2025-01-29 13:45:25,725 INFO c.h.h.t.HelmChartContainer - [hivemq-test-hivemq-platform] [hivemq-platform-operator] [6a8223b7] 13:45:25.723 [ReconcilerExecutor-hivemq-controller-114] DEBUG c.h.p.operator.event.EventSender - [helmplat] Creating K8s event hivemq-platform-invalid-configuration: [Start] Could not find ConfigMap 'hivemq-configuration-test-hivemq-platform' for HiveMQ Platform configuration
2025-01-29 13:45:25,728 INFO c.h.h.t.HelmChartContainer - [EVENT] Warning [Start] Could not find ConfigMap 'hivemq-configuration-test-hivemq-platform' for HiveMQ Platform configuration [helmplatformmutualtlsit:test-hivemq-platform]
2025-01-29 13:45:25,730 INFO c.h.h.t.HelmChartContainer - [hivemq-test-hivemq-platform] [hivemq-platform-operator] [6a8223b7] 13:45:25.728 [ReconcilerExecutor-hivemq-controller-114] INFO  c.h.p.o.h.AbstractHiveMQReconcilerStateHandler - [helmplat] Update HiveMQ Platform Status (RUNNING [READY] -> ERROR [INVALID_CONFIG_MAP]): Could not find ConfigMap 'hivemq-configuration-test-hivemq-platform' for HiveMQ Platform configuration
2025-01-29 13:45:25,817 INFO c.h.h.t.HelmChartContainer - [hivemq-test-hivemq-platform] [hivemq-platform-operator] [6a8223b7] 13:45:25.736 [ReconcilerExecutor-hivemq-controller-114] ERROR i.j.o.p.event.EventProcessor - Error during event processing ExecutionScope{ resource id: ResourceID{name='test-hivemq-platform', namespace='helmplatformmutualtlsit'}, version: 1534}
2025-01-29 13:45:25,817 INFO c.h.h.t.HelmChartContainer - [hivemq-test-hivemq-platform] [hivemq-platform-operator] [6a8223b7] io.fabric8.kubernetes.client.KubernetesClientException: Failure executing: PUT at: https://10.43.0.1:443/apis/hivemq.com/v1/namespaces/helmplatformmutualtlsit/hivemq-platforms/test-hivemq-platform/status. Message: Operation cannot be fulfilled on hivemq-platforms.hivemq.com "test-hivemq-platform": the object has been modified; please apply your changes to the latest version and try again. Received status: Status(apiVersion=v1, code=409, details=StatusDetails(causes=[], group=hivemq.com, kind=hivemq-platforms, name=test-hivemq-platform, retryAfterSeconds=null, uid=null, additionalProperties={}), kind=Status, message=Operation cannot be fulfilled on hivemq-platforms.hivemq.com "test-hivemq-platform": the object has been modified; please apply your changes to the latest version and try again, metadata=ListMeta(_continue=null, remainingItemCount=null, resourceVersion=null, selfLink=null, additionalProperties={}), reason=Conflict, status=Failure, additionalProperties={}).
2025-01-29 13:45:25,817 INFO c.h.h.t.HelmChartContainer - [hivemq-test-hivemq-platform] [hivemq-platform-operator] [6a8223b7] 	at io.fabric8.kubernetes.client.KubernetesClientException.copyAsCause(KubernetesClientException.java:238)
2025-01-29 13:45:25,817 INFO c.h.h.t.HelmChartContainer - [hivemq-test-hivemq-platform] [hivemq-platform-operator] [6a8223b7] 	at io.fabric8.kubernetes.client.dsl.internal.OperationSupport.waitForResult(OperationSupport.java:507)
2025-01-29 13:45:25,817 INFO c.h.h.t.HelmChartContainer - [hivemq-test-hivemq-platform] [hivemq-platform-operator] [6a8223b7] 	at io.fabric8.kubernetes.client.dsl.internal.OperationSupport.handleResponse(OperationSupport.java:524)
2025-01-29 13:45:25,817 INFO c.h.h.t.HelmChartContainer - [hivemq-test-hivemq-platform] [hivemq-platform-operator] [6a8223b7] 	at io.fabric8.kubernetes.client.dsl.internal.OperationSupport.handleUpdate(OperationSupport.java:358)
2025-01-29 13:45:25,817 INFO c.h.h.t.HelmChartContainer - [hivemq-test-hivemq-platform] [hivemq-platform-operator] [6a8223b7] 	at io.fabric8.kubernetes.client.dsl.internal.BaseOperation.handleUpdate(BaseOperation.java:759)
2025-01-29 13:45:25,817 INFO c.h.h.t.HelmChartContainer - [hivemq-test-hivemq-platform] [hivemq-platform-operator] [6a8223b7] 	at io.fabric8.kubernetes.client.dsl.internal.HasMetadataOperation.update(HasMetadataOperation.java:138)
2025-01-29 13:45:25,817 INFO c.h.h.t.HelmChartContainer - [hivemq-test-hivemq-platform] [hivemq-platform-operator] [6a8223b7] 	at io.fabric8.kubernetes.client.dsl.internal.HasMetadataOperation.update(HasMetadataOperation.java:121)
2025-01-29 13:45:25,817 INFO c.h.h.t.HelmChartContainer - [hivemq-test-hivemq-platform] [hivemq-platform-operator] [6a8223b7] 	at io.fabric8.kubernetes.client.dsl.internal.HasMetadataOperation.updateStatus(HasMetadataOperation.java:126)
2025-01-29 13:45:25,817 INFO c.h.h.t.HelmChartContainer - [hivemq-test-hivemq-platform] [hivemq-platform-operator] [6a8223b7] 	at io.fabric8.kubernetes.client.dsl.internal.HasMetadataOperation.updateStatus(HasMetadataOperation.java:44)
2025-01-29 13:45:25,817 INFO c.h.h.t.HelmChartContainer - [hivemq-test-hivemq-platform] [hivemq-platform-operator] [6a8223b7] 	at io.javaoperatorsdk.operator.processing.event.ReconciliationDispatcher$CustomResourceFacade.updateStatus(ReconciliationDispatcher.java:408)
2025-01-29 13:45:25,817 INFO c.h.h.t.HelmChartContainer - [hivemq-test-hivemq-platform] [hivemq-platform-operator] [6a8223b7] 	at io.javaoperatorsdk.operator.processing.event.ReconciliationDispatcher.updateStatusGenerationAware(ReconciliationDispatcher.java:228)
2025-01-29 13:45:25,817 INFO c.h.h.t.HelmChartContainer - [hivemq-test-hivemq-platform] [hivemq-platform-operator] [6a8223b7] 	at io.javaoperatorsdk.operator.processing.event.ReconciliationDispatcher.reconcileExecution(ReconciliationDispatcher.java:150)
2025-01-29 13:45:25,817 INFO c.h.h.t.HelmChartContainer - [hivemq-test-hivemq-platform] [hivemq-platform-operator] [6a8223b7] 	at io.javaoperatorsdk.operator.processing.event.ReconciliationDispatcher.handleReconcile(ReconciliationDispatcher.java:117)
2025-01-29 13:45:25,817 INFO c.h.h.t.HelmChartContainer - [hivemq-test-hivemq-platform] [hivemq-platform-operator] [6a8223b7] 	at io.javaoperatorsdk.operator.processing.event.ReconciliationDispatcher.handleDispatch(ReconciliationDispatcher.java:91)
2025-01-29 13:45:25,817 INFO c.h.h.t.HelmChartContainer - [hivemq-test-hivemq-platform] [hivemq-platform-operator] [6a8223b7] 	at io.javaoperatorsdk.operator.processing.event.ReconciliationDispatcher.handleExecution(ReconciliationDispatcher.java:64)
2025-01-29 13:45:25,817 INFO c.h.h.t.HelmChartContainer - [hivemq-test-hivemq-platform] [hivemq-platform-operator] [6a8223b7] 	at io.javaoperatorsdk.operator.processing.event.EventProcessor$ReconcilerExecutor.run(EventProcessor.java:452)
2025-01-29 13:45:25,817 INFO c.h.h.t.HelmChartContainer - [hivemq-test-hivemq-platform] [hivemq-platform-operator] [6a8223b7] 	at java.base/java.util.concurrent.ThreadPoolExecutor.runWorker(Unknown Source)
2025-01-29 13:45:25,817 INFO c.h.h.t.HelmChartContainer - [hivemq-test-hivemq-platform] [hivemq-platform-operator] [6a8223b7] 	at java.base/java.util.concurrent.ThreadPoolExecutor$Worker.run(Unknown Source)
2025-01-29 13:45:25,817 INFO c.h.h.t.HelmChartContainer - [hivemq-test-hivemq-platform] [hivemq-platform-operator] [6a8223b7] 	at java.base/java.lang.Thread.run(Unknown Source)
2025-01-29 13:45:25,817 INFO c.h.h.t.HelmChartContainer - [hivemq-test-hivemq-platform] [hivemq-platform-operator] [6a8223b7] Caused by: io.fabric8.kubernetes.client.KubernetesClientException: Failure executing: PUT at: https://10.43.0.1:443/apis/hivemq.com/v1/namespaces/helmplatformmutualtlsit/hivemq-platforms/test-hivemq-platform/status. Message: Operation cannot be fulfilled on hivemq-platforms.hivemq.com "test-hivemq-platform": the object has been modified; please apply your changes to the latest version and try again. Received status: Status(apiVersion=v1, code=409, details=StatusDetails(causes=[], group=hivemq.com, kind=hivemq-platforms, name=test-hivemq-platform, retryAfterSeconds=null, uid=null, additionalProperties={}), kind=Status, message=Operation cannot be fulfilled on hivemq-platforms.hivemq.com "test-hivemq-platform": the object has been modified; please apply your changes to the latest version and try again, metadata=ListMeta(_continue=null, remainingItemCount=null, resourceVersion=null, selfLink=null, additionalProperties={}), reason=Conflict, status=Failure, additionalProperties={}).
2025-01-29 13:45:25,817 INFO c.h.h.t.HelmChartContainer - [hivemq-test-hivemq-platform] [hivemq-platform-operator] [6a8223b7] 	at io.fabric8.kubernetes.client.dsl.internal.OperationSupport.requestFailure(OperationSupport.java:660)
2025-01-29 13:45:25,817 INFO c.h.h.t.HelmChartContainer - [hivemq-test-hivemq-platform] [hivemq-platform-operator] [6a8223b7] 	at io.fabric8.kubernetes.client.dsl.internal.OperationSupport.requestFailure(OperationSupport.java:640)
2025-01-29 13:45:25,817 INFO c.h.h.t.HelmChartContainer - [hivemq-test-hivemq-platform] [hivemq-platform-operator] [6a8223b7] 	at io.fabric8.kubernetes.client.dsl.internal.OperationSupport.assertResponseCode(OperationSupport.java:589)
2025-01-29 13:45:25,817 INFO c.h.h.t.HelmChartContainer - [hivemq-test-hivemq-platform] [hivemq-platform-operator] [6a8223b7] 	at io.fabric8.kubernetes.client.dsl.internal.OperationSupport.lambda$handleResponse$0(OperationSupport.java:549)
2025-01-29 13:45:25,817 INFO c.h.h.t.HelmChartContainer - [hivemq-test-hivemq-platform] [hivemq-platform-operator] [6a8223b7] 	at java.base/java.util.concurrent.CompletableFuture$UniApply.tryFire(Unknown Source)
2025-01-29 13:45:25,817 INFO c.h.h.t.HelmChartContainer - [hivemq-test-hivemq-platform] [hivemq-platform-operator] [6a8223b7] 	at java.base/java.util.concurrent.CompletableFuture.postComplete(Unknown Source)
2025-01-29 13:45:25,817 INFO c.h.h.t.HelmChartContainer - [hivemq-test-hivemq-platform] [hivemq-platform-operator] [6a8223b7] 	at java.base/java.util.concurrent.CompletableFuture.complete(Unknown Source)
2025-01-29 13:45:25,817 INFO c.h.h.t.HelmChartContainer - [hivemq-test-hivemq-platform] [hivemq-platform-operator] [6a8223b7] 	at io.fabric8.kubernetes.client.http.StandardHttpClient.lambda$completeOrCancel$10(StandardHttpClient.java:141)
2025-01-29 13:45:25,817 INFO c.h.h.t.HelmChartContainer - [hivemq-test-hivemq-platform] [hivemq-platform-operator] [6a8223b7] 	at java.base/java.util.concurrent.CompletableFuture.uniWhenComplete(Unknown Source)
2025-01-29 13:45:25,817 INFO c.h.h.t.HelmChartContainer - [hivemq-test-hivemq-platform] [hivemq-platform-operator] [6a8223b7] 	at java.base/java.util.concurrent.CompletableFuture$UniWhenComplete.tryFire(Unknown Source)
2025-01-29 13:45:25,817 INFO c.h.h.t.HelmChartContainer - [hivemq-test-hivemq-platform] [hivemq-platform-operator] [6a8223b7] 	at java.base/java.util.concurrent.CompletableFuture.postComplete(Unknown Source)
2025-01-29 13:45:25,817 INFO c.h.h.t.HelmChartContainer - [hivemq-test-hivemq-platform] [hivemq-platform-operator] [6a8223b7] 	at java.base/java.util.concurrent.CompletableFuture.complete(Unknown Source)
2025-01-29 13:45:25,817 INFO c.h.h.t.HelmChartContainer - [hivemq-test-hivemq-platform] [hivemq-platform-operator] [6a8223b7] 	at io.fabric8.kubernetes.client.http.ByteArrayBodyHandler.onBodyDone(ByteArrayBodyHandler.java:51)
2025-01-29 13:45:25,817 INFO c.h.h.t.HelmChartContainer - [hivemq-test-hivemq-platform] [hivemq-platform-operator] [6a8223b7] 	at java.base/java.util.concurrent.CompletableFuture.uniWhenComplete(Unknown Source)
2025-01-29 13:45:25,817 INFO c.h.h.t.HelmChartContainer - [hivemq-test-hivemq-platform] [hivemq-platform-operator] [6a8223b7] 	at java.base/java.util.concurrent.CompletableFuture$UniWhenComplete.tryFire(Unknown Source)
2025-01-29 13:45:25,817 INFO c.h.h.t.HelmChartContainer - [hivemq-test-hivemq-platform] [hivemq-platform-operator] [6a8223b7] 	at java.base/java.util.concurrent.CompletableFuture.postComplete(Unknown Source)
2025-01-29 13:45:25,817 INFO c.h.h.t.HelmChartContainer - [hivemq-test-hivemq-platform] [hivemq-platform-operator] [6a8223b7] 	at java.base/java.util.concurrent.CompletableFuture.complete(Unknown Source)
2025-01-29 13:45:25,817 INFO c.h.h.t.HelmChartContainer - [hivemq-test-hivemq-platform] [hivemq-platform-operator] [6a8223b7] 	at io.fabric8.kubernetes.client.vertx.VertxHttpRequest.lambda$null$1(VertxHttpRequest.java:121)
2025-01-29 13:45:25,817 INFO c.h.h.t.HelmChartContainer - [hivemq-test-hivemq-platform] [hivemq-platform-operator] [6a8223b7] 	at io.vertx.core.impl.ContextInternal.dispatch(ContextInternal.java:279)
2025-01-29 13:45:25,817 INFO c.h.h.t.HelmChartContainer - [hivemq-test-hivemq-platform] [hivemq-platform-operator] [6a8223b7] 	at io.vertx.core.impl.ContextInternal.dispatch(ContextInternal.java:261)
2025-01-29 13:45:25,817 INFO c.h.h.t.HelmChartContainer - [hivemq-test-hivemq-platform] [hivemq-platform-operator] [6a8223b7] 	at io.vertx.core.http.impl.HttpEventHandler.handleEnd(HttpEventHandler.java:76)
2025-01-29 13:45:25,817 INFO c.h.h.t.HelmChartContainer - [hivemq-test-hivemq-platform] [hivemq-platform-operator] [6a8223b7] 	at io.vertx.core.http.impl.HttpClientResponseImpl.handleEnd(HttpClientResponseImpl.java:250)
2025-01-29 13:45:25,817 INFO c.h.h.t.HelmChartContainer - [hivemq-test-hivemq-platform] [hivemq-platform-operator] [6a8223b7] 	at io.vertx.core.http.impl.Http1xClientConnection$StreamImpl.lambda$new$0(Http1xClientConnection.java:421)
2025-01-29 13:45:25,817 INFO c.h.h.t.HelmChartContainer - [hivemq-test-hivemq-platform] [hivemq-platform-operator] [6a8223b7] 	at io.vertx.core.streams.impl.InboundBuffer.handleEvent(InboundBuffer.java:279)
2025-01-29 13:45:25,817 INFO c.h.h.t.HelmChartContainer - [hivemq-test-hivemq-platform] [hivemq-platform-operator] [6a8223b7] 	at io.vertx.core.streams.impl.InboundBuffer.write(InboundBuffer.java:157)
2025-01-29 13:45:25,817 INFO c.h.h.t.HelmChartContainer - [hivemq-test-hivemq-platform] [hivemq-platform-operator] [6a8223b7] 	at io.vertx.core.http.impl.Http1xClientConnection$StreamImpl.handleEnd(Http1xClientConnection.java:709)
2025-01-29 13:45:25,817 INFO c.h.h.t.HelmChartContainer - [hivemq-test-hivemq-platform] [hivemq-platform-operator] [6a8223b7] 	at io.vertx.core.impl.ContextImpl.lambda$execute$4(ContextImpl.java:315)
2025-01-29 13:45:25,817 INFO c.h.h.t.HelmChartContainer - [hivemq-test-hivemq-platform] [hivemq-platform-operator] [6a8223b7] 	at io.netty.util.concurrent.AbstractEventExecutor.runTask(AbstractEventExecutor.java:173)
2025-01-29 13:45:25,817 INFO c.h.h.t.HelmChartContainer - [hivemq-test-hivemq-platform] [hivemq-platform-operator] [6a8223b7] 	at io.netty.util.concurrent.AbstractEventExecutor.safeExecute(AbstractEventExecutor.java:166)
2025-01-29 13:45:25,817 INFO c.h.h.t.HelmChartContainer - [hivemq-test-hivemq-platform] [hivemq-platform-operator] [6a8223b7] 	at io.netty.util.concurrent.SingleThreadEventExecutor.runAllTasks(SingleThreadEventExecutor.java:472)
2025-01-29 13:45:25,817 INFO c.h.h.t.HelmChartContainer - [hivemq-test-hivemq-platform] [hivemq-platform-operator] [6a8223b7] 	at io.netty.channel.nio.NioEventLoop.run(NioEventLoop.java:569)
2025-01-29 13:45:25,817 INFO c.h.h.t.HelmChartContainer - [hivemq-test-hivemq-platform] [hivemq-platform-operator] [6a8223b7] 	at io.netty.util.concurrent.SingleThreadEventExecutor$4.run(SingleThreadEventExecutor.java:997)
2025-01-29 13:45:25,817 INFO c.h.h.t.HelmChartContainer - [hivemq-test-hivemq-platform] [hivemq-platform-operator] [6a8223b7] 	at io.netty.util.internal.ThreadExecutorMap$2.run(ThreadExecutorMap.java:74)
2025-01-29 13:45:25,817 INFO c.h.h.t.HelmChartContainer - [hivemq-test-hivemq-platform] [hivemq-platform-operator] [6a8223b7] 	at io.netty.util.concurrent.FastThreadLocalRunnable.run(FastThreadLocalRunnable.java:30)
2025-01-29 13:45:25,817 INFO c.h.h.t.HelmChartContainer - [hivemq-test-hivemq-platform] [hivemq-platform-operator] [6a8223b7] 	... 1 common frames omitted
2025-01-29 13:45:25,833 INFO c.h.h.t.HelmChartContainer - [hivemq-test-hivemq-platform] [hivemq-platform-operator] [6a8223b7] 13:45:25.830 [ReconcilerExecutor-hivemq-controller-117] INFO  c.h.p.o.HiveMQPlatformReconciler - [helmplat] Cleanup test-hivemq-platform - helmplatformmutualtlsit HiveMQ Platform is shut down
2025-01-29 13:45:26,296 INFO c.h.h.t.HelmChartContainer - [test-hivemq-platform] [hivemq] [ddfcb168] WARN  - [HiveMQ Platform Operator Init App 1.7.0-SNAPSHOT] Could not update Pod annotations: Failure executing: GET at: https://10.43.0.1:443/api/v1/namespaces/helmplatformmutualtlsit/pods/test-hivemq-platform-0. Message: pods "test-hivemq-platform-0" is forbidden: User "system:serviceaccount:helmplatformmutualtlsit:hivemq-platform-pod-test-hivemq-platform" cannot get resource "pods" in API group "" in the namespace "helmplatformmutualtlsit". Received status: Status(apiVersion=v1, code=403, details=StatusDetails(causes=[], group=null, kind=pods, name=test-hivemq-platform-0, retryAfterSeconds=null, uid=null, additionalProperties={}), kind=Status, message=pods "test-hivemq-platform-0" is forbidden: User "system:serviceaccount:helmplatformmutualtlsit:hivemq-platform-pod-test-hivemq-platform" cannot get resource "pods" in API group "" in the namespace "helmplatformmutualtlsit", metadata=ListMeta(_continue=null, remainingItemCount=null, resourceVersion=null, selfLink=null, additionalProperties={}), reason=Forbidden, status=Failure, additionalProperties={}).
2025-01-29 13:45:26,338 INFO c.h.h.t.HelmChartContainer - [EVENT] Normal [Killing] Stopping container hivemq [helmplatformmutualtlsit:test-hivemq-platform-0]
2025-01-29 13:45:26,338 INFO c.h.h.t.HelmChartContainer - Received Killing event for container hivemq in pod test-hivemq-platform-0 [ddfcb168-df9d-466c-aca3-258d0dd7569d]
2025-01-29 13:45:26,338 INFO c.h.h.t.HelmChartContainer - Container [test-hivemq-platform-0] [hivemq] [ddfcb168-df9d-466c-aca3-258d0dd7569d] was terminated
2025-01-29 13:45:26,338 INFO c.h.h.t.HelmChartContainer - Stopped log watcher for hivemq in pod test-hivemq-platform-0 [ddfcb168-df9d-466c-aca3-258d0dd7569d]
2025-01-29 13:45:26,345 INFO c.h.h.t.HelmChartContainer - [POD] test-hivemq-platform-0 [ddfcb168-df9d-466c-aca3-258d0dd7569d] in helmplatformmutualtlsit was MODIFIED
2025-01-29 13:45:26,360 INFO c.h.h.t.HelmChartContainer - [test-hivemq-platform] [hivemq] [ddfcb168] INFO  - [HiveMQ Platform Operator Init App 1.7.0-SNAPSHOT] Shutting down
2025-01-29 13:45:26,361 INFO c.h.h.t.HelmChartContainer - [test-hivemq-platform] [hivemq] [ddfcb168] INFO  - [HiveMQ Platform Operator Init App 1.7.0-SNAPSHOT] Stopping the HiveMQ Platform
2025-01-29 13:45:26,472 INFO c.h.h.t.HelmChartContainer - [test-hivemq-platform] [hivemq] [ddfcb168] INFO  - Shutting down HiveMQ. Please wait, this could take a while...
2025-01-29 13:45:26,539 INFO c.h.h.t.HelmChartContainer - [test-hivemq-platform] [hivemq] [ddfcb168] INFO  - Shutting down listeners and clients
2025-01-29 13:45:26,541 INFO c.h.h.t.HelmChartContainer - [test-hivemq-platform] [hivemq] [ddfcb168] INFO  - Shutdown of listeners is done
2025-01-29 13:45:26,541 INFO c.h.h.t.HelmChartContainer - [test-hivemq-platform] [hivemq] [ddfcb168] INFO  - No clients are connected, proceeding with shutdown
2025-01-29 13:45:27,504 INFO c.h.h.t.HelmChartContainer - Deleting namespace 'helmplatformmutualtlsit'...
2025-01-29 13:45:29,574 INFO c.h.h.t.HelmChartContainer - [test-hivemq-platform] [hivemq] [ddfcb168] INFO  - Shutting down extension system
2025-01-29 13:45:29,578 INFO c.h.h.t.HelmChartContainer - [test-hivemq-platform] [hivemq] [ddfcb168] INFO  - Stopping extension with id hivemq-dns-cluster-discovery
2025-01-29 13:45:29,579 INFO c.h.h.t.HelmChartContainer - [test-hivemq-platform] [hivemq] [ddfcb168] INFO  - Extension "DNS Cluster Discovery Extension" version 4.3.2 stopped successfully.
2025-01-29 13:45:29,579 INFO c.h.h.t.HelmChartContainer - [test-hivemq-platform] [hivemq] [ddfcb168] INFO  - Stopping extension with id hivemq-prometheus-extension
2025-01-29 13:45:29,583 INFO c.h.h.t.HelmChartContainer - [test-hivemq-platform] [hivemq] [ddfcb168] INFO  - Extension "Prometheus Monitoring Extension" version 4.0.12 stopped successfully.
2025-01-29 13:45:29,583 INFO c.h.h.t.HelmChartContainer - [test-hivemq-platform] [hivemq] [ddfcb168] INFO  - Stopping extension with id hivemq-allow-all-extension
2025-01-29 13:45:29,583 INFO c.h.h.t.HelmChartContainer - [test-hivemq-platform] [hivemq] [ddfcb168] INFO  - Extension "Allow All Extension" version 1.1.1 stopped successfully.
2025-01-29 13:45:30,778 INFO c.h.h.t.HelmChartContainer - [test-hivemq-platform] [hivemq] [ddfcb168] INFO  - [HiveMQ Platform Operator Init App 1.7.0-SNAPSHOT] Returning shutdown Health API response 503 for readiness
2025-01-29 13:45:30,781 INFO c.h.h.t.HelmChartContainer - [EVENT] Warning [Unhealthy] Readiness probe failed: HTTP probe failed with statuscode: 503 [helmplatformmutualtlsit:test-hivemq-platform-0]
2025-01-29 13:45:30,782 INFO c.h.h.t.HelmChartContainer - Received Unhealthy event for container hivemq in pod test-hivemq-platform-0 [ddfcb168-df9d-466c-aca3-258d0dd7569d]
2025-01-29 13:45:31,299 INFO c.h.h.t.HelmChartContainer - [K3S] [authentication.go:74] "Unable to authenticate the request" err="[invalid bearer token, serviceaccounts \"hivemq-platform-pod-test-hivemq-platform\" not found]"
2025-01-29 13:45:31,314 INFO c.h.h.t.HelmChartContainer - [K3S] [authentication.go:74] "Unable to authenticate the request" err="[invalid bearer token, serviceaccounts \"hivemq-platform-pod-test-hivemq-platform\" not found]"
2025-01-29 13:45:31,316 INFO c.h.h.t.HelmChartContainer - [test-hivemq-platform] [hivemq] [ddfcb168] WARN  - [HiveMQ Platform Operator Init App 1.7.0-SNAPSHOT] Could not update Pod annotations: Failure executing: GET at: https://10.43.0.1:443/api/v1/namespaces/helmplatformmutualtlsit/pods/test-hivemq-platform-0. Message: Unauthorized. Received status: Status(apiVersion=v1, code=401, details=null, kind=Status, message=Unauthorized, metadata=ListMeta(_continue=null, remainingItemCount=null, resourceVersion=null, selfLink=null, additionalProperties={}), reason=Unauthorized, status=Failure, additionalProperties={}).
2025-01-29 13:45:31,855 INFO c.h.h.t.HelmChartContainer - [test-hivemq-platform] [hivemq] [ddfcb168] INFO  - Shutdown completed.
2025-01-29 13:45:32,203 INFO c.h.h.t.HelmChartContainer - [test-hivemq-platform] [hivemq] [ddfcb168] INFO  - [HiveMQ Platform Operator Init App 1.7.0-SNAPSHOT] The HiveMQ Platform exited with code 143
2025-01-29 13:45:32,203 INFO c.h.h.t.HelmChartContainer - [test-hivemq-platform] [hivemq] [ddfcb168] INFO  - [HiveMQ Platform Operator Init App 1.7.0-SNAPSHOT] Stopping the REST API
2025-01-29 13:45:32,210 INFO c.h.h.t.HelmChartContainer - [test-hivemq-platform] [hivemq] [ddfcb168] INFO  - [HiveMQ Platform Operator Init App 1.7.0-SNAPSHOT] Shutdown complete
2025-01-29 13:45:32,633 INFO c.h.h.t.HelmChartContainer - [K3S] [stateful_set.go:466] "StatefulSet has been deleted" key="helmplatformmutualtlsit/test-hivemq-platform"
2025-01-29 13:45:32,729 INFO c.h.h.t.HelmChartContainer - [POD] test-hivemq-platform-0 [ddfcb168-df9d-466c-aca3-258d0dd7569d] in helmplatformmutualtlsit was MODIFIED
2025-01-29 13:45:32,908 INFO c.h.h.t.HelmChartContainer - [K3S] [reconciler_common.go:162] "operationExecutor.UnmountVolume started for volume \"mqtts-keystore-1884\" (UniqueName: \"kubernetes.io/secret/ddfcb168-df9d-466c-aca3-258d0dd7569d-mqtts-keystore-1884\") pod \"ddfcb168-df9d-466c-aca3-258d0dd7569d\" (UID: \"ddfcb168-df9d-466c-aca3-258d0dd7569d\") "
2025-01-29 13:45:32,908 INFO c.h.h.t.HelmChartContainer - [K3S] [reconciler_common.go:162] "operationExecutor.UnmountVolume started for volume \"operator-init\" (UniqueName: \"kubernetes.io/empty-dir/ddfcb168-df9d-466c-aca3-258d0dd7569d-operator-init\") pod \"ddfcb168-df9d-466c-aca3-258d0dd7569d\" (UID: \"ddfcb168-df9d-466c-aca3-258d0dd7569d\") "
2025-01-29 13:45:32,908 INFO c.h.h.t.HelmChartContainer - [K3S] [reconciler_common.go:162] "operationExecutor.UnmountVolume started for volume \"kube-api-access-zvtqp\" (UniqueName: \"kubernetes.io/projected/ddfcb168-df9d-466c-aca3-258d0dd7569d-kube-api-access-zvtqp\") pod \"ddfcb168-df9d-466c-aca3-258d0dd7569d\" (UID: \"ddfcb168-df9d-466c-aca3-258d0dd7569d\") "
2025-01-29 13:45:32,908 INFO c.h.h.t.HelmChartContainer - [K3S] [reconciler_common.go:162] "operationExecutor.UnmountVolume started for volume \"mqtts-truststore-1884\" (UniqueName: \"kubernetes.io/secret/ddfcb168-df9d-466c-aca3-258d0dd7569d-mqtts-truststore-1884\") pod \"ddfcb168-df9d-466c-aca3-258d0dd7569d\" (UID: \"ddfcb168-df9d-466c-aca3-258d0dd7569d\") "
2025-01-29 13:45:32,908 INFO c.h.h.t.HelmChartContainer - [K3S] [reconciler_common.go:162] "operationExecutor.UnmountVolume started for volume \"pod-info\" (UniqueName: \"kubernetes.io/configmap/ddfcb168-df9d-466c-aca3-258d0dd7569d-pod-info\") pod \"ddfcb168-df9d-466c-aca3-258d0dd7569d\" (UID: \"ddfcb168-df9d-466c-aca3-258d0dd7569d\") "
2025-01-29 13:45:32,908 INFO c.h.h.t.HelmChartContainer - [K3S] [reconciler_common.go:162] "operationExecutor.UnmountVolume started for volume \"broker-configuration\" (UniqueName: \"kubernetes.io/configmap/ddfcb168-df9d-466c-aca3-258d0dd7569d-broker-configuration\") pod \"ddfcb168-df9d-466c-aca3-258d0dd7569d\" (UID: \"ddfcb168-df9d-466c-aca3-258d0dd7569d\") "
2025-01-29 13:45:32,908 INFO c.h.h.t.HelmChartContainer - [K3S] [reconciler_common.go:162] "operationExecutor.UnmountVolume started for volume \"mqtts-truststore-1885\" (UniqueName: \"kubernetes.io/secret/ddfcb168-df9d-466c-aca3-258d0dd7569d-mqtts-truststore-1885\") pod \"ddfcb168-df9d-466c-aca3-258d0dd7569d\" (UID: \"ddfcb168-df9d-466c-aca3-258d0dd7569d\") "
2025-01-29 13:45:32,908 INFO c.h.h.t.HelmChartContainer - [K3S] [reconciler_common.go:162] "operationExecutor.UnmountVolume started for volume \"mqtts-keystore-1885\" (UniqueName: \"kubernetes.io/secret/ddfcb168-df9d-466c-aca3-258d0dd7569d-mqtts-keystore-1885\") pod \"ddfcb168-df9d-466c-aca3-258d0dd7569d\" (UID: \"ddfcb168-df9d-466c-aca3-258d0dd7569d\") "
2025-01-29 13:45:33,007 INFO c.h.h.t.HelmChartContainer - [K3S] [scope.go:117] "RemoveContainer" containerID="a655c54bb93926a5b37d11cf3e30ad40d5ee903110049aea806e5f5a5b00e71d"
2025-01-29 13:45:33,008 INFO c.h.h.t.HelmChartContainer - [K3S] [reconciler_common.go:299] "Volume detached for volume \"operator-init\" (UniqueName: \"kubernetes.io/empty-dir/ddfcb168-df9d-466c-aca3-258d0dd7569d-operator-init\") on node \"83e4a3cb5001\" DevicePath \"\""
2025-01-29 13:45:33,009 INFO c.h.h.t.HelmChartContainer - [K3S] [reconciler_common.go:299] "Volume detached for volume \"kube-api-access-zvtqp\" (UniqueName: \"kubernetes.io/projected/ddfcb168-df9d-466c-aca3-258d0dd7569d-kube-api-access-zvtqp\") on node \"83e4a3cb5001\" DevicePath \"\""
2025-01-29 13:45:33,009 INFO c.h.h.t.HelmChartContainer - [K3S] [reconciler_common.go:299] "Volume detached for volume \"mqtts-keystore-1884\" (UniqueName: \"kubernetes.io/secret/ddfcb168-df9d-466c-aca3-258d0dd7569d-mqtts-keystore-1884\") on node \"83e4a3cb5001\" DevicePath \"\""
2025-01-29 13:45:33,009 INFO c.h.h.t.HelmChartContainer - [K3S] [reconciler_common.go:299] "Volume detached for volume \"pod-info\" (UniqueName: \"kubernetes.io/configmap/ddfcb168-df9d-466c-aca3-258d0dd7569d-pod-info\") on node \"83e4a3cb5001\" DevicePath \"\""
2025-01-29 13:45:33,009 INFO c.h.h.t.HelmChartContainer - [K3S] [reconciler_common.go:299] "Volume detached for volume \"mqtts-truststore-1884\" (UniqueName: \"kubernetes.io/secret/ddfcb168-df9d-466c-aca3-258d0dd7569d-mqtts-truststore-1884\") on node \"83e4a3cb5001\" DevicePath \"\""
2025-01-29 13:45:33,009 INFO c.h.h.t.HelmChartContainer - [K3S] [reconciler_common.go:299] "Volume detached for volume \"broker-configuration\" (UniqueName: \"kubernetes.io/configmap/ddfcb168-df9d-466c-aca3-258d0dd7569d-broker-configuration\") on node \"83e4a3cb5001\" DevicePath \"\""
2025-01-29 13:45:33,009 INFO c.h.h.t.HelmChartContainer - [K3S] [reconciler_common.go:299] "Volume detached for volume \"mqtts-truststore-1885\" (UniqueName: \"kubernetes.io/secret/ddfcb168-df9d-466c-aca3-258d0dd7569d-mqtts-truststore-1885\") on node \"83e4a3cb5001\" DevicePath \"\""
2025-01-29 13:45:33,009 INFO c.h.h.t.HelmChartContainer - [K3S] [reconciler_common.go:299] "Volume detached for volume \"mqtts-keystore-1885\" (UniqueName: \"kubernetes.io/secret/ddfcb168-df9d-466c-aca3-258d0dd7569d-mqtts-keystore-1885\") on node \"83e4a3cb5001\" DevicePath \"\""
2025-01-29 13:45:33,024 INFO c.h.h.t.HelmChartContainer - [POD] test-hivemq-platform-0 [ddfcb168-df9d-466c-aca3-258d0dd7569d] in helmplatformmutualtlsit was MODIFIED
2025-01-29 13:45:33,031 INFO c.h.h.t.HelmChartContainer - [POD] test-hivemq-platform-0 [ddfcb168-df9d-466c-aca3-258d0dd7569d] in helmplatformmutualtlsit was DELETED
2025-01-29 13:45:33,111 INFO c.h.h.t.HelmChartContainer - [K3S] [scope.go:117] "RemoveContainer" containerID="d3f824dd3cd410d3bc5877c215cb6f8a7e1e2c08256e1b617f9df76399ed38eb"
2025-01-29 13:45:33,114 INFO c.h.h.t.HelmChartContainer - [K3S] [scope.go:117] "RemoveContainer" containerID="a655c54bb93926a5b37d11cf3e30ad40d5ee903110049aea806e5f5a5b00e71d"
2025-01-29 13:45:33,115 INFO c.h.h.t.HelmChartContainer - [K3S] [scope.go:117] "RemoveContainer" containerID="d3f824dd3cd410d3bc5877c215cb6f8a7e1e2c08256e1b617f9df76399ed38eb"
2025-01-29 13:45:34,201 INFO c.h.h.t.HelmChartContainer - [K3S] [kubelet_volumes.go:163] "Cleaned up orphaned pod volumes dir" podUID="ddfcb168-df9d-466c-aca3-258d0dd7569d" path="/var/lib/kubelet/pods/ddfcb168-df9d-466c-aca3-258d0dd7569d/volumes"
2025-01-29 13:45:37,832 INFO c.h.h.t.HelmChartContainer - Namespace 'helmplatformmutualtlsit' deleted
2025-01-29 13:45:37,832 INFO c.h.h.t.HelmChartContainer - Release 'test-hivemq-platform' in namespace 'helmplatformmutualtlsit' is uninstalled
2025-01-29 13:45:37,832 INFO c.h.h.t.HelmChartContainer - Uninstalling release 'test-hivemq-platform-operator' in namespace 'helmplatformmutualtlsit-operator'...
2025-01-29 13:45:37,832 DEBUG c.h.h.t.HelmChartContainer - Executing helm command: /bin/helm --kubeconfig /etc/rancher/k3s/k3s.yaml uninstall test-hivemq-platform-operator  --wait --timeout 5m0s --cascade foreground --namespace helmplatformmutualtlsit-operator
2025-01-29 13:45:37,986 INFO c.h.h.t.HelmChartContainer - [K3S] [replica_set.go:679] "Finished syncing" kind="ReplicaSet" key="helmplatformmutualtlsit-operator/hivemq-test-hivemq-platform-operator-6966f96d65" duration="7.709687ms"
2025-01-29 13:45:37,987 INFO c.h.h.t.HelmChartContainer - [K3S] [replica_set.go:679] "Finished syncing" kind="ReplicaSet" key="helmplatformmutualtlsit-operator/hivemq-test-hivemq-platform-operator-6966f96d65" duration="70.872µs"
2025-01-29 13:45:38,010 INFO c.h.h.t.HelmChartContainer - [POD] hivemq-test-hivemq-platform-operator-6966f96d65-2g5f2 [6a8223b7-fd0a-41bf-8ffb-605c83713a19] in helmplatformmutualtlsit-operator was MODIFIED
2025-01-29 13:45:38,017 INFO c.h.h.t.HelmChartContainer - [EVENT] Normal [Killing] Stopping container hivemq-platform-operator [helmplatformmutualtlsit-operator:hivemq-test-hivemq-platform-operator-6966f96d65-2g5f2]
2025-01-29 13:45:38,018 INFO c.h.h.t.HelmChartContainer - Received Killing event for container hivemq-platform-operator in pod hivemq-test-hivemq-platform-operator-6966f96d65-2g5f2 [6a8223b7-fd0a-41bf-8ffb-605c83713a19]
2025-01-29 13:45:38,018 INFO c.h.h.t.HelmChartContainer - Container [hivemq-test-hivemq-platform-operator-6966f96d65-2g5f2] [hivemq-platform-operator] [6a8223b7-fd0a-41bf-8ffb-605c83713a19] was terminated
2025-01-29 13:45:38,018 INFO c.h.h.t.HelmChartContainer - Stopped log watcher for hivemq-platform-operator in pod hivemq-test-hivemq-platform-operator-6966f96d65-2g5f2 [6a8223b7-fd0a-41bf-8ffb-605c83713a19]
2025-01-29 13:45:38,023 INFO c.h.h.t.HelmChartContainer - [K3S] [replica_set.go:679] "Finished syncing" kind="ReplicaSet" key="helmplatformmutualtlsit-operator/hivemq-test-hivemq-platform-operator-6966f96d65" duration="15.870652ms"
2025-01-29 13:45:38,023 INFO c.h.h.t.HelmChartContainer - [K3S] [replica_set.go:679] "Finished syncing" kind="ReplicaSet" key="helmplatformmutualtlsit-operator/hivemq-test-hivemq-platform-operator-6966f96d65" duration="29.796µs"
2025-01-29 13:45:38,044 INFO c.h.h.t.HelmChartContainer - [hivemq-test-hivemq-platform] [hivemq-platform-operator] [6a8223b7] 13:45:38.043 [application-shutdown-thread] INFO  c.h.p.o.HiveMQPlatformOperatorApplication - HiveMQ Platform Operator is stopping...
2025-01-29 13:45:38,044 INFO c.h.h.t.HelmChartContainer - [hivemq-test-hivemq-platform] [hivemq-platform-operator] [6a8223b7] 13:45:38.043 [application-shutdown-thread] INFO  i.javaoperatorsdk.operator.Operator - Operator SDK 4.9.7 is shutting down...
2025-01-29 13:45:38,622 INFO c.h.h.t.HelmChartContainer - [K3S] [replica_set.go:679] "Finished syncing" kind="ReplicaSet" key="helmplatformmutualtlsit-operator/hivemq-test-hivemq-platform-operator-6966f96d65" duration="39.654µs"
2025-01-29 13:45:38,624 INFO c.h.h.t.HelmChartContainer - [POD] hivemq-test-hivemq-platform-operator-6966f96d65-2g5f2 [6a8223b7-fd0a-41bf-8ffb-605c83713a19] in helmplatformmutualtlsit-operator was MODIFIED
2025-01-29 13:45:38,738 INFO c.h.h.t.HelmChartContainer - [K3S] [reconciler_common.go:162] "operationExecutor.UnmountVolume started for volume \"kube-api-access-ztc2n\" (UniqueName: \"kubernetes.io/projected/6a8223b7-fd0a-41bf-8ffb-605c83713a19-kube-api-access-ztc2n\") pod \"6a8223b7-fd0a-41bf-8ffb-605c83713a19\" (UID: \"6a8223b7-fd0a-41bf-8ffb-605c83713a19\") "
2025-01-29 13:45:38,839 INFO c.h.h.t.HelmChartContainer - [K3S] [reconciler_common.go:299] "Volume detached for volume \"kube-api-access-ztc2n\" (UniqueName: \"kubernetes.io/projected/6a8223b7-fd0a-41bf-8ffb-605c83713a19-kube-api-access-ztc2n\") on node \"83e4a3cb5001\" DevicePath \"\""
2025-01-29 13:45:39,018 INFO c.h.h.t.HelmChartContainer - [K3S] [scope.go:117] "RemoveContainer" containerID="dadbfb084a153abbea66a25de32c138a90be2767b1e8ddfbbee9edf41567132f"
2025-01-29 13:45:39,022 INFO c.h.h.t.HelmChartContainer - [K3S] [scope.go:117] "RemoveContainer" containerID="dadbfb084a153abbea66a25de32c138a90be2767b1e8ddfbbee9edf41567132f"
2025-01-29 13:45:39,029 INFO c.h.h.t.HelmChartContainer - [K3S] [replica_set.go:679] "Finished syncing" kind="ReplicaSet" key="helmplatformmutualtlsit-operator/hivemq-test-hivemq-platform-operator-6966f96d65" duration="41.357µs"
2025-01-29 13:45:39,030 INFO c.h.h.t.HelmChartContainer - [POD] hivemq-test-hivemq-platform-operator-6966f96d65-2g5f2 [6a8223b7-fd0a-41bf-8ffb-605c83713a19] in helmplatformmutualtlsit-operator was MODIFIED
2025-01-29 13:45:39,047 INFO c.h.h.t.HelmChartContainer - [K3S] [replica_set.go:679] "Finished syncing" kind="ReplicaSet" key="helmplatformmutualtlsit-operator/hivemq-test-hivemq-platform-operator-6966f96d65" duration="27.732µs"
2025-01-29 13:45:39,048 INFO c.h.h.t.HelmChartContainer - [POD] hivemq-test-hivemq-platform-operator-6966f96d65-2g5f2 [6a8223b7-fd0a-41bf-8ffb-605c83713a19] in helmplatformmutualtlsit-operator was DELETED
2025-01-29 13:45:39,058 INFO c.h.h.t.HelmChartContainer - [K3S] [replica_set.go:679] "Finished syncing" kind="ReplicaSet" key="helmplatformmutualtlsit-operator/hivemq-test-hivemq-platform-operator-6966f96d65" duration="7.214µs"
2025-01-29 13:45:40,028 INFO c.h.h.t.HelmChartContainer - Deleting namespace 'helmplatformmutualtlsit-operator'...
2025-01-29 13:45:40,201 INFO c.h.h.t.HelmChartContainer - [K3S] [kubelet_volumes.go:163] "Cleaned up orphaned pod volumes dir" podUID="6a8223b7-fd0a-41bf-8ffb-605c83713a19" path="/var/lib/kubelet/pods/6a8223b7-fd0a-41bf-8ffb-605c83713a19/volumes"
2025-01-29 13:45:42,771 INFO c.h.h.t.HelmChartContainer - [K3S] [namespace_controller.go:187] "Namespace has been deleted" namespace="helmplatformmutualtlsit"
2025-01-29 13:45:45,244 INFO c.h.h.t.HelmChartContainer - Namespace 'helmplatformmutualtlsit-operator' deleted
2025-01-29 13:45:45,244 INFO c.h.h.t.HelmChartContainer - Release 'test-hivemq-platform-operator' in namespace 'helmplatformmutualtlsit-operator' is uninstalled
2025-01-29 13:45:45,967 INFO c.h.helmcharts.AbstractHelmChartIT - Removed unused containers:

2025-01-29 13:45:50,151 INFO c.h.h.t.HelmChartContainer - [K3S] [namespace_controller.go:187] "Namespace has been deleted" namespace="helmplatformmutualtlsit-operator"
2025-01-29 13:45:53,677 INFO c.h.helmcharts.AbstractHelmChartIT - Removed unused snapshots:
Removing snapshot sha256:03af251906410714c5aef9fa705b63f6bbc39c4a5e787de7361eeb18886c2ed2
Removing snapshot sha256:058cfc368a209200671711669c64e3d7e3bccd7589b48c934b6d727a223eeb32
Removing snapshot sha256:0c46b3b43cce082ce5ec34ffc6c294e0417d17b9d1e6f366d114b6aadc4f96dc
Removing snapshot sha256:0ce761beee59082d6ed5bcebd3a805b8ddd9b3426b617e4809e7fb7c6587ffec
Removing snapshot sha256:0df91287303208332c8ff6ba40ae4710105201739addbfbddfb955f1ad593664
Removing snapshot sha256:1021ef88c7974bfff89c5a0ec4fd3160daac6c48a075f74cff721f85dd104e68
Removing snapshot sha256:10aba4953ddc18145dd38e3704709bc464aa20af60b56fe52caaff4b68411e62
Removing snapshot sha256:2573e0d8158209ed54ab25c87bcdcb00bd3d2539246960a3d592a1c599d70465
Removing snapshot sha256:362a8a37f8bbc31925a8146adcf7cf51f9882f5c1dcbef67c5baa03a297543c0
Removing snapshot sha256:3fa4ad33f0ddc8fd45b39b6b4640f82a3a83619606cd975bfe89d8710ad2d4cd
Removing snapshot sha256:43a7c979bbaba6838bc3102d6b10a1459f3ab050b87ccdfef84ef90cf43d3058
Removing snapshot sha256:4ab04491cdf0d3267f08206fe30bd48f49f94b9cab2f016d6739220f722a64af
Removing snapshot sha256:4b6068250e89c96f263060261819c7d912855bfbd64b3eb4c4a8483299b8c295
Removing snapshot sha256:580e69a0a8034ede1921139bbd2bfb72a69ebf276d008281896c32dd8bf74775
Removing snapshot sha256:5d30ba46b27fe37484567ccc5242cadc78217b8da605f3f195ef25cbf7487904
Removing snapshot sha256:63ca1fbb43ae5034640e5e6cb3e083e05c290072c5366fcaa9d62435a4cced85
Removing snapshot sha256:67f702c6baae873bceb19487c8b1f27bd2b86077e4f2f0e480e6d60ab508b8f5
Removing snapshot sha256:6864348dd42806d552efdec384f1274be15e2d0c10ce44c1f04347af004c10a9
Removing snapshot sha256:6c7dee8f2c39b84b7dc2711c01d33de93514d9055499173e9290176fbe484b6c
Removing snapshot sha256:72f6a943024c1e27fe833cfeb6c82171337f25719df4bde8edc58fd471ac0f89
Removing snapshot sha256:82753493a6d61ded36556292f02f31841a14c20d2f279f19eaad65afb661d5cd
Removing snapshot sha256:8a10d3db42c505ee0fcfa98417bdd7e39b304f6bcc0a06bb1b220797ff2cc63c
Removing snapshot sha256:a21e5b12dbac529ad45d976eb9ce45c881f3bedcc500fb30aba1e52aa1813418
Removing snapshot sha256:b921e6c28969094157f9b8e7244677780319637afd14450b7cb6b2fdea558a0c
Removing snapshot sha256:bc27ecb5769a00e309cf99ebc763c4a4b958b618d1decc96ffac5bc05f02f5b7
Removing snapshot sha256:be3ccb6627a5332e309d45ef461d09b4879dd870c7394d89323d0ebc6ca6aa8a
Removing snapshot sha256:c261f7cbbc64211ee175ee47273acdb7b1a36a4450b397a064a8f2c026490095
Removing snapshot sha256:c34d9393647eea0c9e3557ab988efaf59f61d10a2a5613b439ef0958cca5ec10
Removing snapshot sha256:ccf3c4a0fa967a41c1c83497a2ce6fa5787965859df0adb32c4ca2cf7490bc2b
Removing snapshot sha256:cf92d33f869417309692088c341cd0f223c178ea78a125f757317b22aa8f90e9
Removing snapshot sha256:d0037344cf2fb078884f1849f6a1f8cf9a33a3b6139b6a85833e5ee528e1f9a8
Removing snapshot sha256:d3b36d5b79273b1e98e7700470eaeff05a882e777124d84cebcc1505b85ecb36
Removing snapshot sha256:d65a44a37914602d12c611e5e22a50f11451d847e63015cc1c2aef92dee777a4
Removing snapshot sha256:e2dc0bae2455930f23ae570e019b7f32edc75c0f2d71cab084db837ff9051796
Removing snapshot sha256:eccbd24a99c60cd9e86ee5305dbfc4a4dc89f5ab4fb1f06c8d64797cecedef34
Removing snapshot sha256:f144bb4c7c7f0d2aa7eeffd36d934ec40db1ee167be727e326aad9fdc616f475

]]></system-out>
  </testcase>
  <system-out><![CDATA[2025-01-29 13:44:01,123 INFO c.h.h.t.HelmChartContainerExtension - Using cached HelmChartContainer instance
]]></system-out>
  <system-err><![CDATA[]]></system-err>
</testsuite>
