<?xml version="1.0" encoding="UTF-8"?>
<testsuite name="com.hivemq.helmcharts.platform.UpdateLogLevelIT" tests="2" skipped="0" failures="0" errors="0" timestamp="2025-01-30T18:15:31" hostname="fv-az1944-27" time="308.503">
  <properties/>
  <testcase name="1 withNamespaces: true" classname="com.hivemq.helmcharts.platform.UpdateLogLevelIT" time="154.3">
    <system-out><![CDATA[2025-01-30 18:15:31,137 INFO c.h.h.t.HelmChartContainer - Creating namespace 'updateloglevelit-operator'...
2025-01-30 18:15:31,146 INFO c.h.h.t.HelmChartContainer - Namespace 'updateloglevelit-operator' created
2025-01-30 18:15:31,146 INFO c.h.h.t.HelmChartContainer - Creating namespace 'updateloglevelit'...
2025-01-30 18:15:31,245 INFO c.h.h.t.HelmChartContainer - Namespace 'updateloglevelit' created
2025-01-30 18:15:31,315 DEBUG c.h.h.t.HelmChartContainer - Executing helm command: /bin/helm --kubeconfig /etc/rancher/k3s/k3s.yaml install test-hivemq-platform-operator /charts/hivemq-platform-operator --wait --timeout 5m0s --set image.repository=docker.io/hivemq --set image.name=hivemq-platform-operator-test --set image.initImageName=hivemq-platform-operator-init-test --set image.tag=snapshot --set image.pullPolicy=Never --set logLevel=DEBUG --set resources.cpu=512m --set namespaces=updateloglevelit --namespace updateloglevelit-operator
2025-01-30 18:15:31,633 INFO c.h.h.t.HelmChartContainer - [K3S] [alloc.go:330] "allocated clusterIPs" service="updateloglevelit-operator/hivemq-platform-operator-test-hivemq-platform-operator" clusterIPs={"IPv4":"10.43.38.99"}
2025-01-30 18:15:31,654 INFO c.h.h.t.HelmChartContainer - [EVENT] Normal [ScalingReplicaSet] Scaled up replica set hivemq-test-hivemq-platform-operator-7764645b48 from 0 to 1 [updateloglevelit-operator:hivemq-test-hivemq-platform-operator]
2025-01-30 18:15:31,654 INFO c.h.h.t.HelmChartContainer - [POD] hivemq-test-hivemq-platform-operator-7764645b48-gpdjv [232a5dbf-87f8-4a4b-b597-28791bcb56ef] in updateloglevelit-operator was ADDED
2025-01-30 18:15:31,665 INFO c.h.h.t.HelmChartContainer - [EVENT] Normal [SuccessfulCreate] Created pod: hivemq-test-hivemq-platform-operator-7764645b48-gpdjv [updateloglevelit-operator:hivemq-test-hivemq-platform-operator-7764645b48]
2025-01-30 18:15:31,665 INFO c.h.h.t.HelmChartContainer - [POD] hivemq-test-hivemq-platform-operator-7764645b48-gpdjv [232a5dbf-87f8-4a4b-b597-28791bcb56ef] in updateloglevelit-operator was MODIFIED
2025-01-30 18:15:31,665 INFO c.h.h.t.HelmChartContainer - [K3S] [memory_manager.go:355] "RemoveStaleState removing state" podUID="7a5453cd-ec6a-4c63-a6a3-ef2067bf66b8" containerName="hivemq-platform-operator"
2025-01-30 18:15:31,671 INFO c.h.h.t.HelmChartContainer - [K3S] [replica_set.go:679] "Finished syncing" kind="ReplicaSet" key="updateloglevelit-operator/hivemq-test-hivemq-platform-operator-7764645b48" duration="25.487344ms"
2025-01-30 18:15:31,677 INFO c.h.h.t.HelmChartContainer - [EVENT] Normal [Scheduled] Successfully assigned updateloglevelit-operator/hivemq-test-hivemq-platform-operator-7764645b48-gpdjv to 7516e517d64a [updateloglevelit-operator:hivemq-test-hivemq-platform-operator-7764645b48-gpdjv]
2025-01-30 18:15:31,696 INFO c.h.h.t.HelmChartContainer - [POD] hivemq-test-hivemq-platform-operator-7764645b48-gpdjv [232a5dbf-87f8-4a4b-b597-28791bcb56ef] in updateloglevelit-operator was MODIFIED
2025-01-30 18:15:31,700 INFO c.h.h.t.HelmChartContainer - [K3S] [replica_set.go:679] "Finished syncing" kind="ReplicaSet" key="updateloglevelit-operator/hivemq-test-hivemq-platform-operator-7764645b48" duration="28.771204ms"
2025-01-30 18:15:31,701 INFO c.h.h.t.HelmChartContainer - [K3S] [replica_set.go:679] "Finished syncing" kind="ReplicaSet" key="updateloglevelit-operator/hivemq-test-hivemq-platform-operator-7764645b48" duration="81.802µs"
2025-01-30 18:15:31,804 INFO c.h.h.t.HelmChartContainer - [K3S] [reconciler_common.go:251] "operationExecutor.VerifyControllerAttachedVolume started for volume \"kube-api-access-rs8h9\" (UniqueName: \"kubernetes.io/projected/232a5dbf-87f8-4a4b-b597-28791bcb56ef-kube-api-access-rs8h9\") pod \"hivemq-test-hivemq-platform-operator-7764645b48-gpdjv\" (UID: \"232a5dbf-87f8-4a4b-b597-28791bcb56ef\") " pod="updateloglevelit-operator/hivemq-test-hivemq-platform-operator-7764645b48-gpdjv"
2025-01-30 18:15:32,060 INFO c.h.h.t.HelmChartContainer - [EVENT] Normal [Pulled] Container image "docker.io/hivemq/hivemq-platform-operator-test:snapshot" already present on machine [updateloglevelit-operator:hivemq-test-hivemq-platform-operator-7764645b48-gpdjv]
2025-01-30 18:15:32,060 INFO c.h.h.t.HelmChartContainer - Received Pulled event for container hivemq-platform-operator in pod hivemq-test-hivemq-platform-operator-7764645b48-gpdjv [232a5dbf-87f8-4a4b-b597-28791bcb56ef]
2025-01-30 18:15:33,296 INFO c.h.h.t.HelmChartContainer - [EVENT] Normal [Created] Created container: hivemq-platform-operator [updateloglevelit-operator:hivemq-test-hivemq-platform-operator-7764645b48-gpdjv]
2025-01-30 18:15:33,296 INFO c.h.h.t.HelmChartContainer - Received Created event for container hivemq-platform-operator in pod hivemq-test-hivemq-platform-operator-7764645b48-gpdjv [232a5dbf-87f8-4a4b-b597-28791bcb56ef]
2025-01-30 18:15:33,839 INFO c.h.h.t.HelmChartContainer - [K3S] [replica_set.go:679] "Finished syncing" kind="ReplicaSet" key="updateloglevelit-operator/hivemq-test-hivemq-platform-operator-7764645b48" duration="39.684µs"
2025-01-30 18:15:33,843 INFO c.h.h.t.HelmChartContainer - [POD] hivemq-test-hivemq-platform-operator-7764645b48-gpdjv [232a5dbf-87f8-4a4b-b597-28791bcb56ef] in updateloglevelit-operator was MODIFIED
2025-01-30 18:15:33,853 INFO c.h.h.t.HelmChartContainer - Started log watcher for hivemq-platform-operator in pod hivemq-test-hivemq-platform-operator-7764645b48-gpdjv [232a5dbf-87f8-4a4b-b597-28791bcb56ef]
2025-01-30 18:15:33,854 INFO c.h.h.t.HelmChartContainer - [EVENT] Normal [Started] Started container hivemq-platform-operator [updateloglevelit-operator:hivemq-test-hivemq-platform-operator-7764645b48-gpdjv]
2025-01-30 18:15:33,854 INFO c.h.h.t.HelmChartContainer - Received Started event for container hivemq-platform-operator in pod hivemq-test-hivemq-platform-operator-7764645b48-gpdjv [232a5dbf-87f8-4a4b-b597-28791bcb56ef]
2025-01-30 18:15:33,855 INFO c.h.h.t.HelmChartContainer - [hivemq-test-hivemq-platform] [hivemq-platform-operator] [232a5dbf] -------------------------------------------------------------------------
2025-01-30 18:15:33,855 INFO c.h.h.t.HelmChartContainer - [hivemq-test-hivemq-platform] [hivemq-platform-operator] [232a5dbf] 
2025-01-30 18:15:33,855 INFO c.h.h.t.HelmChartContainer - [hivemq-test-hivemq-platform] [hivemq-platform-operator] [232a5dbf]                   _    _  _              __  __   ____
2025-01-30 18:15:33,855 INFO c.h.h.t.HelmChartContainer - [hivemq-test-hivemq-platform] [hivemq-platform-operator] [232a5dbf]                  | |  | |(_)            |  \/  | / __ \
2025-01-30 18:15:33,855 INFO c.h.h.t.HelmChartContainer - [hivemq-test-hivemq-platform] [hivemq-platform-operator] [232a5dbf]                  | |__| | _ __   __ ___ | \  / || |  | |
2025-01-30 18:15:33,855 INFO c.h.h.t.HelmChartContainer - [hivemq-test-hivemq-platform] [hivemq-platform-operator] [232a5dbf]                  |  __  || |\ \ / // _ \| |\/| || |  | |
2025-01-30 18:15:33,855 INFO c.h.h.t.HelmChartContainer - [hivemq-test-hivemq-platform] [hivemq-platform-operator] [232a5dbf]                  | |  | || | \ V /|  __/| |  | || |__| |
2025-01-30 18:15:33,855 INFO c.h.h.t.HelmChartContainer - [hivemq-test-hivemq-platform] [hivemq-platform-operator] [232a5dbf]                  |_|  |_||_|  \_/  \___||_|  |_| \___\_\
2025-01-30 18:15:33,855 INFO c.h.h.t.HelmChartContainer - [hivemq-test-hivemq-platform] [hivemq-platform-operator] [232a5dbf] 
2025-01-30 18:15:33,855 INFO c.h.h.t.HelmChartContainer - [hivemq-test-hivemq-platform] [hivemq-platform-operator] [232a5dbf] -------------------------------------------------------------------------
2025-01-30 18:15:33,855 INFO c.h.h.t.HelmChartContainer - [hivemq-test-hivemq-platform] [hivemq-platform-operator] [232a5dbf] 
2025-01-30 18:15:33,855 INFO c.h.h.t.HelmChartContainer - [hivemq-test-hivemq-platform] [hivemq-platform-operator] [232a5dbf]   HiveMQ Platform Operator Start Script v1.0
2025-01-30 18:15:33,855 INFO c.h.h.t.HelmChartContainer - [hivemq-test-hivemq-platform] [hivemq-platform-operator] [232a5dbf] 
2025-01-30 18:15:33,855 INFO c.h.h.t.HelmChartContainer - [hivemq-test-hivemq-platform] [hivemq-platform-operator] [232a5dbf] -------------------------------------------------------------------------
2025-01-30 18:15:33,855 INFO c.h.h.t.HelmChartContainer - [hivemq-test-hivemq-platform] [hivemq-platform-operator] [232a5dbf] 
2025-01-30 18:15:33,855 INFO c.h.h.t.HelmChartContainer - [hivemq-test-hivemq-platform] [hivemq-platform-operator] [232a5dbf]   JAVA_OPTS: -XX:+UnlockExperimentalVMOptions -XX:InitialRAMPercentage=75 -XX:MaxRAMPercentage=75 -Duser.language=en -Duser.region=US
2025-01-30 18:15:33,855 INFO c.h.h.t.HelmChartContainer - [hivemq-test-hivemq-platform] [hivemq-platform-operator] [232a5dbf] 
2025-01-30 18:15:33,855 INFO c.h.h.t.HelmChartContainer - [hivemq-test-hivemq-platform] [hivemq-platform-operator] [232a5dbf]   JAVA_VERSION: 21
2025-01-30 18:15:33,855 INFO c.h.h.t.HelmChartContainer - [hivemq-test-hivemq-platform] [hivemq-platform-operator] [232a5dbf] 
2025-01-30 18:15:33,855 INFO c.h.h.t.HelmChartContainer - [hivemq-test-hivemq-platform] [hivemq-platform-operator] [232a5dbf] -------------------------------------------------------------------------
2025-01-30 18:15:33,855 INFO c.h.h.t.HelmChartContainer - [hivemq-test-hivemq-platform] [hivemq-platform-operator] [232a5dbf] 
2025-01-30 18:15:36,599 INFO c.h.h.t.HelmChartContainer - [hivemq-test-hivemq-platform] [hivemq-platform-operator] [232a5dbf] 18:15:36.597 [main] DEBUG org.jboss.logging - Logging Provider: org.jboss.logging.Slf4jLoggerProvider
2025-01-30 18:15:36,707 INFO c.h.h.t.HelmChartContainer - [hivemq-test-hivemq-platform] [hivemq-platform-operator] [232a5dbf] 18:15:36.706 [main] DEBUG io.smallrye.config - SRCFG01006: Loaded ConfigSource SysPropConfigSource with ordinal 400
2025-01-30 18:15:36,707 INFO c.h.h.t.HelmChartContainer - [hivemq-test-hivemq-platform] [hivemq-platform-operator] [232a5dbf] 18:15:36.707 [main] DEBUG io.smallrye.config - SRCFG01006: Loaded ConfigSource EnvConfigSource with ordinal 300
2025-01-30 18:15:36,708 INFO c.h.h.t.HelmChartContainer - [hivemq-test-hivemq-platform] [hivemq-platform-operator] [232a5dbf] 18:15:36.707 [main] DEBUG io.smallrye.config - SRCFG01006: Loaded ConfigSource PropertiesConfigSource[source=jar:file:///opt/hivemq-platform-operator/bin/hivemq-platform-operator.jar!/hivemq-platform-operator.properties] with ordinal 100
2025-01-30 18:15:36,708 INFO c.h.h.t.HelmChartContainer - [hivemq-test-hivemq-platform] [hivemq-platform-operator] [232a5dbf] 18:15:36.707 [main] DEBUG io.smallrye.config - SRCFG01006: Loaded ConfigSource DefaultValuesConfigSource with ordinal -2147483648
2025-01-30 18:15:36,810 INFO c.h.h.t.HelmChartContainer - [hivemq-test-hivemq-platform] [hivemq-platform-operator] [232a5dbf] 18:15:36.810 [main] DEBUG i.m.c.u.i.l.InternalLoggerFactory - Using SLF4J as the default logging framework
2025-01-30 18:15:36,996 INFO c.h.h.t.HelmChartContainer - [hivemq-test-hivemq-platform] [hivemq-platform-operator] [232a5dbf] 18:15:36.910 [main] INFO  c.h.p.o.HiveMQPlatformOperatorApplication - HiveMQ Platform Operator 1.7.0-SNAPSHOT (commit: 47e3375 on branch: HEAD) built on Thu Jan 30 03:55:50 UTC 2025
2025-01-30 18:15:36,997 INFO c.h.h.t.HelmChartContainer - [hivemq-test-hivemq-platform] [hivemq-platform-operator] [232a5dbf] 18:15:36.995 [main] INFO  c.h.p.o.HiveMQPlatformOperatorApplication - HiveMQ Platform Operator is running in namespace: updateloglevelit-operator
2025-01-30 18:15:36,997 INFO c.h.h.t.HelmChartContainer - [hivemq-test-hivemq-platform] [hivemq-platform-operator] [232a5dbf] 18:15:36.996 [main] INFO  c.h.p.o.HiveMQPlatformOperatorApplication - Watching namespaces: updateloglevelit
2025-01-30 18:15:36,997 INFO c.h.h.t.HelmChartContainer - [hivemq-test-hivemq-platform] [hivemq-platform-operator] [232a5dbf] 18:15:36.996 [main] INFO  c.h.p.o.HiveMQPlatformOperatorApplication - Log level: DEBUG
2025-01-30 18:15:36,997 INFO c.h.h.t.HelmChartContainer - [hivemq-test-hivemq-platform] [hivemq-platform-operator] [232a5dbf] 18:15:36.996 [main] INFO  c.h.p.o.HiveMQPlatformOperatorApplication - Release name: test-hivemq-platform-operator
2025-01-30 18:15:36,997 INFO c.h.h.t.HelmChartContainer - [hivemq-test-hivemq-platform] [hivemq-platform-operator] [232a5dbf] 18:15:36.996 [main] INFO  c.h.p.o.HiveMQPlatformOperatorApplication - HiveMQ Platform Operator Init image: docker.io/hivemq/hivemq-platform-operator-init-test:snapshot
2025-01-30 18:15:36,997 INFO c.h.h.t.HelmChartContainer - [hivemq-test-hivemq-platform] [hivemq-platform-operator] [232a5dbf] 18:15:36.996 [main] INFO  c.h.p.o.HiveMQPlatformOperatorApplication - HiveMQ Platform Operator Init App update URL: http://hivemq-platform-operator-test-hivemq-platform-operator.updateloglevelit-operator.svc:8080/initAppUpdate/hivemq-platform-operator-init-app-1.7.0-SNAPSHOT.jar
2025-01-30 18:15:36,997 INFO c.h.h.t.HelmChartContainer - [hivemq-test-hivemq-platform] [hivemq-platform-operator] [232a5dbf] 18:15:36.996 [main] INFO  c.h.p.o.HiveMQPlatformOperatorApplication - Additional imagePullSecret for all Platform deployments: none
2025-01-30 18:15:36,997 INFO c.h.h.t.HelmChartContainer - [hivemq-test-hivemq-platform] [hivemq-platform-operator] [232a5dbf] 18:15:36.996 [main] INFO  c.h.p.o.HiveMQPlatformOperatorApplication - Apply HiveMQ Platform CRD: true
2025-01-30 18:15:36,997 INFO c.h.h.t.HelmChartContainer - [hivemq-test-hivemq-platform] [hivemq-platform-operator] [232a5dbf] 18:15:36.996 [main] INFO  c.h.p.o.HiveMQPlatformOperatorApplication - Create Platform ServiceAccount: true
2025-01-30 18:15:36,997 INFO c.h.h.t.HelmChartContainer - [hivemq-test-hivemq-platform] [hivemq-platform-operator] [232a5dbf] 18:15:36.996 [main] INFO  c.h.p.o.HiveMQPlatformOperatorApplication - Create Platform ServiceAccount permissions: true
2025-01-30 18:15:36,997 INFO c.h.h.t.HelmChartContainer - [hivemq-test-hivemq-platform] [hivemq-platform-operator] [232a5dbf] 18:15:36.996 [main] INFO  c.h.p.o.HiveMQPlatformOperatorApplication - Validate Platform ServiceAccount: true
2025-01-30 18:15:36,997 INFO c.h.h.t.HelmChartContainer - [hivemq-test-hivemq-platform] [hivemq-platform-operator] [232a5dbf] 18:15:36.996 [main] INFO  c.h.p.o.HiveMQPlatformOperatorApplication - Validate Platform ServiceAccount permissions: true
2025-01-30 18:15:37,115 INFO c.h.h.t.HelmChartContainer - [hivemq-test-hivemq-platform] [hivemq-platform-operator] [232a5dbf] 18:15:37.114 [main] INFO  c.h.platform.operator.util.CRDUtil - Verifying deployed HiveMQ Platform CRD...
2025-01-30 18:15:39,701 INFO c.h.h.t.HelmChartContainer - [hivemq-test-hivemq-platform] [hivemq-platform-operator] [232a5dbf] 18:15:39.699 [main] DEBUG c.h.platform.operator.util.CRDUtil - HiveMQ Platform CRD version v1 is up to date
2025-01-30 18:15:39,701 INFO c.h.h.t.HelmChartContainer - [hivemq-test-hivemq-platform] [hivemq-platform-operator] [232a5dbf] 18:15:39.699 [main] INFO  c.h.platform.operator.util.CRDUtil - HiveMQ Platform CRD is up to date (version: V1_6_0)
2025-01-30 18:15:39,701 INFO c.h.h.t.HelmChartContainer - [hivemq-test-hivemq-platform] [hivemq-platform-operator] [232a5dbf] 18:15:39.699 [main] INFO  c.h.platform.operator.util.CRDUtil - Waiting 10000 ms for HiveMQ Platform CRD 'hivemq-platforms.hivemq.com' to become ready...
2025-01-30 18:15:39,906 INFO c.h.h.t.HelmChartContainer - [hivemq-test-hivemq-platform] [hivemq-platform-operator] [232a5dbf] 18:15:39.905 [vert.x-eventloop-thread-1] DEBUG c.h.platform.operator.util.CRDUtil - Checking CRD condition 'NamesAccepted' (status: 'True')
2025-01-30 18:15:39,907 INFO c.h.h.t.HelmChartContainer - [hivemq-test-hivemq-platform] [hivemq-platform-operator] [232a5dbf] 18:15:39.906 [vert.x-eventloop-thread-1] DEBUG c.h.platform.operator.util.CRDUtil - Checking CRD condition 'Established' (status: 'True')
2025-01-30 18:15:39,908 INFO c.h.h.t.HelmChartContainer - [hivemq-test-hivemq-platform] [hivemq-platform-operator] [232a5dbf] 18:15:39.907 [main] INFO  c.h.platform.operator.util.CRDUtil - HiveMQ Platform CRD 'hivemq-platforms.hivemq.com' is ready
2025-01-30 18:15:40,104 INFO c.h.h.t.HelmChartContainer - [hivemq-test-hivemq-platform] [hivemq-platform-operator] [232a5dbf] 18:15:40.103 [main] INFO  c.h.p.o.HiveMQPlatformReconciler - HiveMQ Platform Operator is starting...
2025-01-30 18:15:40,205 INFO c.h.h.t.HelmChartContainer - [hivemq-test-hivemq-platform] [hivemq-platform-operator] [232a5dbf] 18:15:40.204 [main] WARN  Default ConfigurationService implementation - Configuration for reconciler 'hivemq-controller' was not found. Known reconcilers: None.
2025-01-30 18:15:40,211 INFO c.h.h.t.HelmChartContainer - [hivemq-test-hivemq-platform] [hivemq-platform-operator] [232a5dbf] 18:15:40.211 [main] INFO  Default ConfigurationService implementation - Created configuration for reconciler com.hivemq.platform.operator.HiveMQPlatformReconciler with name hivemq-controller
2025-01-30 18:15:40,314 INFO c.h.h.t.HelmChartContainer - [hivemq-test-hivemq-platform] [hivemq-platform-operator] [232a5dbf] 18:15:40.313 [main] DEBUG c.h.p.o.HiveMQPlatformReconciler - HiveMQ Platform Operator is preparing EventSources
2025-01-30 18:15:40,401 INFO c.h.h.t.HelmChartContainer - [hivemq-test-hivemq-platform] [hivemq-platform-operator] [232a5dbf] 18:15:40.400 [main] INFO  i.javaoperatorsdk.operator.Operator - Registered reconciler: 'hivemq-controller' for resource: 'class com.hivemq.platform.operator.v1.HiveMQPlatform' for namespace(s): [updateloglevelit]
2025-01-30 18:15:40,910 INFO c.h.h.t.HelmChartContainer - [hivemq-test-hivemq-platform] [hivemq-platform-operator] [232a5dbf] 18:15:40.909 [main] INFO  c.h.p.operator.webserver.JettyServer - Starting Jetty server on port 8080
2025-01-30 18:15:41,007 INFO c.h.h.t.HelmChartContainer - [hivemq-test-hivemq-platform] [hivemq-platform-operator] [232a5dbf] 18:15:41.006 [main] INFO  i.javaoperatorsdk.operator.Operator - Operator SDK 4.9.7 (commit: 2133d28) built on Wed Nov 20 12:56:20 UTC 2024 starting...
2025-01-30 18:15:41,007 INFO c.h.h.t.HelmChartContainer - [hivemq-test-hivemq-platform] [hivemq-platform-operator] [232a5dbf] 18:15:41.006 [main] INFO  i.javaoperatorsdk.operator.Operator - Client version: 6.13.5
2025-01-30 18:15:41,008 INFO c.h.h.t.HelmChartContainer - [hivemq-test-hivemq-platform] [hivemq-platform-operator] [232a5dbf] 18:15:41.008 [Controller Starter for: hivemq-controller] INFO  i.j.operator.processing.Controller - Starting 'hivemq-controller' controller for reconciler: com.hivemq.platform.operator.HiveMQPlatformReconciler, resource: com.hivemq.platform.operator.v1.HiveMQPlatform
2025-01-30 18:15:43,094 INFO c.h.h.t.HelmChartContainer - [hivemq-test-hivemq-platform] [hivemq-platform-operator] [232a5dbf] 18:15:43.092 [Controller Starter for: hivemq-controller] INFO  i.j.operator.processing.Controller - 'hivemq-controller' controller started
2025-01-30 18:15:43,094 INFO c.h.h.t.HelmChartContainer - [hivemq-test-hivemq-platform] [hivemq-platform-operator] [232a5dbf] 18:15:43.093 [main] INFO  c.h.p.o.HiveMQPlatformOperatorApplication - HiveMQ Platform Operator 1.7.0-SNAPSHOT started in 6182 ms
2025-01-30 18:15:44,844 INFO c.h.h.t.HelmChartContainer - [POD] hivemq-test-hivemq-platform-operator-7764645b48-gpdjv [232a5dbf-87f8-4a4b-b597-28791bcb56ef] in updateloglevelit-operator was MODIFIED
2025-01-30 18:15:44,848 INFO c.h.h.t.HelmChartContainer - [K3S] [replica_set.go:679] "Finished syncing" kind="ReplicaSet" key="updateloglevelit-operator/hivemq-test-hivemq-platform-operator-7764645b48" duration="5.142244ms"
2025-01-30 18:15:44,849 INFO c.h.h.t.HelmChartContainer - [K3S] [replica_set.go:679] "Finished syncing" kind="ReplicaSet" key="updateloglevelit-operator/hivemq-test-hivemq-platform-operator-7764645b48" duration="33.052µs"
2025-01-30 18:15:45,703 INFO com.hivemq.helmcharts.util.K8sUtil - Pod 'hivemq-test-hivemq-platform-operator-7764645b48-gpdjv' is ready
2025-01-30 18:15:45,758 DEBUG c.h.h.t.HelmChartContainer - Executing helm command: /bin/helm --kubeconfig /etc/rancher/k3s/k3s.yaml install test-hivemq-platform /charts/hivemq-platform --wait --timeout 5m0s --set image.repository=docker.io/hivemq --set image.tag=4.36.0 --set image.pullPolicy=Never --set nodes.resources.cpu=512m -f /files/platform-values.yaml --namespace updateloglevelit
2025-01-30 18:15:47,000 INFO c.h.h.t.HelmChartContainer - [hivemq-test-hivemq-platform] [hivemq-platform-operator] [232a5dbf] 18:15:46.999 [pool-6-thread-3] DEBUG c.h.p.o.dependants.PodInfoConfigMap - [updatelo] Desired PodInfo ConfigMap (1 extensions) (1 enabled)
2025-01-30 18:15:47,000 INFO c.h.h.t.HelmChartContainer - [hivemq-test-hivemq-platform] [hivemq-platform-operator] [232a5dbf] 18:15:46.999 [pool-6-thread-3] DEBUG c.h.p.o.dependants.PodInfoConfigMap - [updatelo] Desired PodInfo ConfigMap (metrics port: 9399) (metrics path: /)
2025-01-30 18:15:47,001 INFO c.h.h.t.HelmChartContainer - [hivemq-test-hivemq-platform] [hivemq-platform-operator] [232a5dbf] 18:15:46.999 [pool-6-thread-3] DEBUG c.h.p.o.dependants.PodInfoConfigMap - [updatelo] Desired PodInfo ConfigMap (extension state hash: -1817474005)
2025-01-30 18:15:47,001 INFO c.h.h.t.HelmChartContainer - [hivemq-test-hivemq-platform] [hivemq-platform-operator] [232a5dbf] 18:15:47.001 [pool-6-thread-3] DEBUG c.h.p.o.dependants.PodInfoConfigMap - [updatelo] Create PodInfo ConfigMap
2025-01-30 18:15:47,180 INFO c.h.h.t.HelmChartContainer - [hivemq-test-hivemq-platform] [hivemq-platform-operator] [232a5dbf] 18:15:47.178 [pool-6-thread-5] DEBUG c.h.p.o.dependants.PodRoleResource - [updatelo] Create Role: Role(apiVersion=rbac.authorization.k8s.io/v1, kind=Role, metadata=ObjectMeta(annotations={meta.helm.sh/release-name=test-hivemq-platform, meta.helm.sh/release-namespace=updateloglevelit}, creationTimestamp=null, deletionGracePeriodSeconds=null, deletionTimestamp=null, finalizers=[], generateName=null, generation=null, labels={helm.sh/chart=hivemq-platform-0.2.32, app.kubernetes.io/managed-by=Helm, app.kubernetes.io/name=hivemq-platform, hivemq-platform=test-hivemq-platform, app.kubernetes.io/instance=test-hivemq-platform, app.kubernetes.io/version=4.36.0}, managedFields=[], name=hivemq-platform-role-test-hivemq-platform, namespace=updateloglevelit, ownerReferences=[OwnerReference(apiVersion=hivemq.com/v1, blockOwnerDeletion=null, controller=null, kind=HiveMQPlatform, name=test-hivemq-platform, uid=b87cebb5-48fd-4ba8-bbd0-c2666ceac808, additionalProperties={})], resourceVersion=null, selfLink=null, uid=null, additionalProperties={}), rules=[PolicyRule(apiGroups=[], nonResourceURLs=[], resourceNames=[], resources=[pods], verbs=[get, patch, update], additionalProperties={})], additionalProperties={})
2025-01-30 18:15:47,293 INFO c.h.h.t.HelmChartContainer - [hivemq-test-hivemq-platform] [hivemq-platform-operator] [232a5dbf] 18:15:47.292 [pool-6-thread-7] DEBUG c.h.p.o.d.PodServiceAccountResource - [updatelo] Desired PodServiceAccountResource (serviceAccountName: hivemq-platform-pod-test-hivemq-platform)
2025-01-30 18:15:47,294 INFO c.h.h.t.HelmChartContainer - [hivemq-test-hivemq-platform] [hivemq-platform-operator] [232a5dbf] 18:15:47.292 [pool-6-thread-7] DEBUG c.h.p.o.d.PodServiceAccountResource - [updatelo] Create ServiceAccount 'hivemq-platform-pod-test-hivemq-platform'
2025-01-30 18:15:47,399 INFO c.h.h.t.HelmChartContainer - [hivemq-test-hivemq-platform] [hivemq-platform-operator] [232a5dbf] 18:15:47.398 [pool-6-thread-10] DEBUG c.h.p.o.d.PodRoleBindingResource - [updatelo] Create RoleBinding: RoleBinding(apiVersion=rbac.authorization.k8s.io/v1, kind=RoleBinding, metadata=ObjectMeta(annotations={meta.helm.sh/release-name=test-hivemq-platform, meta.helm.sh/release-namespace=updateloglevelit}, creationTimestamp=null, deletionGracePeriodSeconds=null, deletionTimestamp=null, finalizers=[], generateName=null, generation=null, labels={helm.sh/chart=hivemq-platform-0.2.32, app.kubernetes.io/managed-by=Helm, app.kubernetes.io/name=hivemq-platform, hivemq-platform=test-hivemq-platform, app.kubernetes.io/instance=test-hivemq-platform, app.kubernetes.io/version=4.36.0}, managedFields=[], name=hivemq-platform-role-binding-test-hivemq-platform, namespace=updateloglevelit, ownerReferences=[OwnerReference(apiVersion=hivemq.com/v1, blockOwnerDeletion=null, controller=null, kind=HiveMQPlatform, name=test-hivemq-platform, uid=b87cebb5-48fd-4ba8-bbd0-c2666ceac808, additionalProperties={})], resourceVersion=null, selfLink=null, uid=null, additionalProperties={}), roleRef=RoleRef(apiGroup=rbac.authorization.k8s.io, kind=Role, name=hivemq-platform-role-test-hivemq-platform, additionalProperties={}), subjects=[Subject(apiGroup=null, kind=ServiceAccount, name=hivemq-platform-pod-test-hivemq-platform, namespace=updateloglevelit, additionalProperties={})], additionalProperties={})
2025-01-30 18:15:47,498 INFO c.h.h.t.HelmChartContainer - [hivemq-test-hivemq-platform] [hivemq-platform-operator] [232a5dbf] 18:15:47.497 [ReconcilerExecutor-hivemq-controller-52] INFO  c.h.p.o.HiveMQPlatformReconciler - [updatelo] Reconciling HiveMQ Platform 'test-hivemq-platform' in namespace 'updateloglevelit'
2025-01-30 18:15:47,499 INFO c.h.h.t.HelmChartContainer - [hivemq-test-hivemq-platform] [hivemq-platform-operator] [232a5dbf] 18:15:47.498 [ReconcilerExecutor-hivemq-controller-52] DEBUG c.h.p.o.HiveMQPlatformReconciler - [updatelo] Custom Resource Status CREATED - HiveMQ Platform was created (READY)
2025-01-30 18:15:47,499 INFO c.h.h.t.HelmChartContainer - [hivemq-test-hivemq-platform] [hivemq-platform-operator] [232a5dbf] 18:15:47.498 [ReconcilerExecutor-hivemq-controller-52] DEBUG c.h.p.o.HiveMQPlatformReconciler - [updatelo] Custom Resource Spec (replicas: 1) (extensions: 1)
2025-01-30 18:15:47,502 INFO c.h.h.t.HelmChartContainer - [hivemq-test-hivemq-platform] [hivemq-platform-operator] [232a5dbf] 18:15:47.501 [ReconcilerExecutor-hivemq-controller-52] INFO  c.h.p.o.h.HiveMQPlatformReconcilerBaseHandler - [updatelo] HiveMQ Platform is starting
2025-01-30 18:15:47,601 INFO c.h.h.t.HelmChartContainer - [hivemq-test-hivemq-platform] [hivemq-platform-operator] [232a5dbf] 18:15:47.600 [ReconcilerExecutor-hivemq-controller-52] DEBUG c.h.p.operator.event.EventSender - [updatelo] Creating K8s event hivemq-platform-starting: [Start] HiveMQ Platform is starting
2025-01-30 18:15:47,678 INFO c.h.h.t.HelmChartContainer - [EVENT] Normal [Start] HiveMQ Platform is starting [updateloglevelit:test-hivemq-platform]
2025-01-30 18:15:47,696 INFO c.h.h.t.HelmChartContainer - [hivemq-test-hivemq-platform] [hivemq-platform-operator] [232a5dbf] 18:15:47.695 [ReconcilerExecutor-hivemq-controller-52] INFO  c.h.p.o.h.AbstractHiveMQReconcilerStateHandler - [updatelo] Update HiveMQ Platform Status (CREATED [READY] -> STARTING [READY]): HiveMQ Platform is starting
2025-01-30 18:15:47,782 DEBUG com.hivemq.helmcharts.util.K8sUtil - Comparing actual state 'STARTING' and waiting for 'RUNNING'
2025-01-30 18:15:57,798 INFO c.h.h.t.HelmChartContainer - [hivemq-test-hivemq-platform] [hivemq-platform-operator] [232a5dbf] 18:15:57.797 [Timer-0] WARN  i.m.p.PrometheusMeterRegistry - The meter (MeterId{name='operator.sdk.events.received', tags=[tag(event=Event),tag(group=hivemq.com),tag(kind=HiveMQPlatform),tag(name=test-hivemq-platform),tag(namespace=updateloglevelit),tag(scope=namespace),tag(version=v1)]}) registration has failed: Prometheus requires that all meters with the same name have the same set of tag keys. There is already an existing meter named 'operator.sdk.events.received' containing tag keys [action, event, group, kind, name, namespace, scope, version]. The meter you are attempting to register has keys [event, group, kind, name, namespace, scope, version]. Note that subsequent logs will be logged at debug level.
2025-01-30 18:15:57,803 INFO c.h.h.t.HelmChartContainer - [hivemq-test-hivemq-platform] [hivemq-platform-operator] [232a5dbf] 18:15:57.803 [pool-6-thread-12] DEBUG c.h.p.o.d.PlatformServiceResource - [updatelo] Desired Platform services (3 services)
2025-01-30 18:15:57,806 INFO c.h.h.t.HelmChartContainer - [hivemq-test-hivemq-platform] [hivemq-platform-operator] [232a5dbf] 18:15:57.805 [pool-6-thread-13] DEBUG c.h.p.o.dependants.PodInfoConfigMap - [updatelo] Desired PodInfo ConfigMap (1 extensions) (1 enabled)
2025-01-30 18:15:57,806 INFO c.h.h.t.HelmChartContainer - [hivemq-test-hivemq-platform] [hivemq-platform-operator] [232a5dbf] 18:15:57.805 [pool-6-thread-13] DEBUG c.h.p.o.dependants.PodInfoConfigMap - [updatelo] Desired PodInfo ConfigMap (metrics port: 9399) (metrics path: /)
2025-01-30 18:15:57,806 INFO c.h.h.t.HelmChartContainer - [hivemq-test-hivemq-platform] [hivemq-platform-operator] [232a5dbf] 18:15:57.805 [pool-6-thread-13] DEBUG c.h.p.o.dependants.PodInfoConfigMap - [updatelo] Desired PodInfo ConfigMap (extension state hash: -1817474005)
2025-01-30 18:15:57,812 INFO c.h.h.t.HelmChartContainer - [hivemq-test-hivemq-platform] [hivemq-platform-operator] [232a5dbf] 18:15:57.811 [pool-6-thread-17] DEBUG c.h.p.o.d.PodServiceAccountResource - [updatelo] Desired PodServiceAccountResource (serviceAccountName: hivemq-platform-pod-test-hivemq-platform)
2025-01-30 18:15:57,895 INFO c.h.h.t.HelmChartContainer - [hivemq-test-hivemq-platform] [hivemq-platform-operator] [232a5dbf] 18:15:57.893 [pool-6-thread-13] DEBUG c.h.p.o.dependants.PodInfoConfigMap - [updatelo] Update PodInfo ConfigMap
2025-01-30 18:15:57,904 INFO c.h.h.t.HelmChartContainer - [K3S] [alloc.go:330] "allocated clusterIPs" service="updateloglevelit/hivemq-test-hivemq-platform-cc-8080" clusterIPs={"IPv4":"10.43.213.130"}
2025-01-30 18:15:57,978 INFO c.h.h.t.HelmChartContainer - [K3S] [alloc.go:330] "allocated clusterIPs" service="updateloglevelit/hivemq-test-hivemq-platform-metrics-9399" clusterIPs={"IPv4":"10.43.116.100"}
2025-01-30 18:15:58,002 INFO c.h.h.t.HelmChartContainer - [K3S] [alloc.go:330] "allocated clusterIPs" service="updateloglevelit/hivemq-test-hivemq-platform-mqtt-1883" clusterIPs={"IPv4":"10.43.22.129"}
2025-01-30 18:15:58,010 INFO c.h.h.t.HelmChartContainer - [hivemq-test-hivemq-platform] [hivemq-platform-operator] [232a5dbf] 18:15:58.008 [pool-6-thread-20] DEBUG c.h.p.o.d.StatefulSetResource - [updatelo] Desired StatefulSet (1 replicas) for status STARTING (READY)
2025-01-30 18:15:58,104 INFO c.h.h.t.HelmChartContainer - [hivemq-test-hivemq-platform] [hivemq-platform-operator] [232a5dbf] 18:15:58.103 [pool-6-thread-20] DEBUG c.h.p.o.d.StatefulSetResource - [updatelo] Create StatefulSet
2025-01-30 18:15:58,216 INFO c.h.h.t.HelmChartContainer - [POD] test-hivemq-platform-0 [dc99488b-dc4f-4968-b812-b03dbfd444a0] in updateloglevelit was ADDED
2025-01-30 18:15:58,218 INFO c.h.h.t.HelmChartContainer - [POD] test-hivemq-platform-0 [dc99488b-dc4f-4968-b812-b03dbfd444a0] in updateloglevelit was MODIFIED
2025-01-30 18:15:58,220 INFO c.h.h.t.HelmChartContainer - [EVENT] Normal [SuccessfulCreate] create Pod test-hivemq-platform-0 in StatefulSet test-hivemq-platform successful [updateloglevelit:test-hivemq-platform]
2025-01-30 18:15:58,224 INFO c.h.h.t.HelmChartContainer - [EVENT] Normal [Scheduled] Successfully assigned updateloglevelit/test-hivemq-platform-0 to 7516e517d64a [updateloglevelit:test-hivemq-platform-0]
2025-01-30 18:15:58,229 INFO c.h.h.t.HelmChartContainer - [POD] test-hivemq-platform-0 [dc99488b-dc4f-4968-b812-b03dbfd444a0] in updateloglevelit was MODIFIED
2025-01-30 18:15:58,259 INFO c.h.h.t.HelmChartContainer - [K3S] [reconciler_common.go:251] "operationExecutor.VerifyControllerAttachedVolume started for volume \"kube-api-access-h5h6m\" (UniqueName: \"kubernetes.io/projected/dc99488b-dc4f-4968-b812-b03dbfd444a0-kube-api-access-h5h6m\") pod \"test-hivemq-platform-0\" (UID: \"dc99488b-dc4f-4968-b812-b03dbfd444a0\") " pod="updateloglevelit/test-hivemq-platform-0"
2025-01-30 18:15:58,259 INFO c.h.h.t.HelmChartContainer - [K3S] [reconciler_common.go:251] "operationExecutor.VerifyControllerAttachedVolume started for volume \"pod-info\" (UniqueName: \"kubernetes.io/configmap/dc99488b-dc4f-4968-b812-b03dbfd444a0-pod-info\") pod \"test-hivemq-platform-0\" (UID: \"dc99488b-dc4f-4968-b812-b03dbfd444a0\") " pod="updateloglevelit/test-hivemq-platform-0"
2025-01-30 18:15:58,259 INFO c.h.h.t.HelmChartContainer - [K3S] [reconciler_common.go:251] "operationExecutor.VerifyControllerAttachedVolume started for volume \"broker-configuration\" (UniqueName: \"kubernetes.io/configmap/dc99488b-dc4f-4968-b812-b03dbfd444a0-broker-configuration\") pod \"test-hivemq-platform-0\" (UID: \"dc99488b-dc4f-4968-b812-b03dbfd444a0\") " pod="updateloglevelit/test-hivemq-platform-0"
2025-01-30 18:15:58,259 INFO c.h.h.t.HelmChartContainer - [K3S] [reconciler_common.go:251] "operationExecutor.VerifyControllerAttachedVolume started for volume \"operator-init\" (UniqueName: \"kubernetes.io/empty-dir/dc99488b-dc4f-4968-b812-b03dbfd444a0-operator-init\") pod \"test-hivemq-platform-0\" (UID: \"dc99488b-dc4f-4968-b812-b03dbfd444a0\") " pod="updateloglevelit/test-hivemq-platform-0"
2025-01-30 18:15:58,273 INFO c.h.h.t.HelmChartContainer - [hivemq-test-hivemq-platform] [hivemq-platform-operator] [232a5dbf] 18:15:58.272 [ReconcilerExecutor-hivemq-controller-63] INFO  c.h.p.o.HiveMQPlatformReconciler - [updatelo] Reconciling HiveMQ Platform 'test-hivemq-platform' in namespace 'updateloglevelit'
2025-01-30 18:15:58,274 INFO c.h.h.t.HelmChartContainer - [hivemq-test-hivemq-platform] [hivemq-platform-operator] [232a5dbf] 18:15:58.272 [ReconcilerExecutor-hivemq-controller-63] DEBUG c.h.p.o.HiveMQPlatformReconciler - [updatelo] Custom Resource Status STARTING - HiveMQ Platform is starting (READY)
2025-01-30 18:15:58,274 INFO c.h.h.t.HelmChartContainer - [hivemq-test-hivemq-platform] [hivemq-platform-operator] [232a5dbf] 18:15:58.272 [ReconcilerExecutor-hivemq-controller-63] DEBUG c.h.p.o.HiveMQPlatformReconciler - [updatelo] Custom Resource Spec (replicas: 1) (extensions: 1)
2025-01-30 18:15:58,296 INFO c.h.h.t.HelmChartContainer - [hivemq-test-hivemq-platform] [hivemq-platform-operator] [232a5dbf] 18:15:58.293 [ReconcilerExecutor-hivemq-controller-63] DEBUG c.h.p.o.HiveMQPlatformReconciler - [updatelo] StatefulSet Status (revision: null, replicas: 0, available: 0, ready: 0, current: 0, updated: 0)
2025-01-30 18:15:58,296 INFO c.h.h.t.HelmChartContainer - [hivemq-test-hivemq-platform] [hivemq-platform-operator] [232a5dbf] 18:15:58.294 [ReconcilerExecutor-hivemq-controller-63] DEBUG c.h.p.o.HiveMQPlatformReconciler - [updatelo] StatefulSet Spec (replicas: 1, init containers: 1, containers: 1, volumes: 3)
2025-01-30 18:15:58,399 INFO c.h.h.t.HelmChartContainer - [hivemq-test-hivemq-platform] [hivemq-platform-operator] [232a5dbf] 18:15:58.398 [ReconcilerExecutor-hivemq-controller-63] DEBUG c.h.p.o.h.HiveMQPlatformReconcilerErrorHandler - [updatelo] Pod 'test-hivemq-platform-0' phase Pending
2025-01-30 18:15:58,401 INFO c.h.h.t.HelmChartContainer - [hivemq-test-hivemq-platform] [hivemq-platform-operator] [232a5dbf] 18:15:58.400 [ReconcilerExecutor-hivemq-controller-63] INFO  c.h.p.o.h.HiveMQPlatformReconcilerBaseHandler - [updatelo] HiveMQ Platform is starting, 0 of 1 replicas are ready
2025-01-30 18:15:58,405 INFO c.h.h.t.HelmChartContainer - [hivemq-test-hivemq-platform] [hivemq-platform-operator] [232a5dbf] 18:15:58.404 [pool-6-thread-22] DEBUG c.h.p.o.d.PlatformServiceResource - [updatelo] Desired Platform services (3 services)
2025-01-30 18:15:58,474 INFO c.h.h.t.HelmChartContainer - [hivemq-test-hivemq-platform] [hivemq-platform-operator] [232a5dbf] 18:15:58.473 [pool-6-thread-23] DEBUG c.h.p.o.dependants.PodInfoConfigMap - [updatelo] Desired PodInfo ConfigMap (1 extensions) (1 enabled)
2025-01-30 18:15:58,474 INFO c.h.h.t.HelmChartContainer - [hivemq-test-hivemq-platform] [hivemq-platform-operator] [232a5dbf] 18:15:58.473 [pool-6-thread-23] DEBUG c.h.p.o.dependants.PodInfoConfigMap - [updatelo] Desired PodInfo ConfigMap (metrics port: 9399) (metrics path: /)
2025-01-30 18:15:58,474 INFO c.h.h.t.HelmChartContainer - [hivemq-test-hivemq-platform] [hivemq-platform-operator] [232a5dbf] 18:15:58.473 [pool-6-thread-23] DEBUG c.h.p.o.dependants.PodInfoConfigMap - [updatelo] Desired PodInfo ConfigMap (extension state hash: -1817474005)
2025-01-30 18:15:58,497 INFO c.h.h.t.HelmChartContainer - [hivemq-test-hivemq-platform] [hivemq-platform-operator] [232a5dbf] 18:15:58.493 [pool-6-thread-27] DEBUG c.h.p.o.d.PodServiceAccountResource - [updatelo] Desired PodServiceAccountResource (serviceAccountName: hivemq-platform-pod-test-hivemq-platform)
2025-01-30 18:15:58,500 INFO c.h.h.t.HelmChartContainer - [hivemq-test-hivemq-platform] [hivemq-platform-operator] [232a5dbf] 18:15:58.499 [pool-6-thread-29] DEBUG c.h.p.o.d.StatefulSetResource - [updatelo] Desired StatefulSet (1 replicas) for status STARTING (READY)
2025-01-30 18:15:58,507 INFO c.h.h.t.HelmChartContainer - [hivemq-test-hivemq-platform] [hivemq-platform-operator] [232a5dbf] 18:15:58.506 [ReconcilerExecutor-hivemq-controller-75] INFO  c.h.p.o.HiveMQPlatformReconciler - [updatelo] Reconciling HiveMQ Platform 'test-hivemq-platform' in namespace 'updateloglevelit'
2025-01-30 18:15:58,508 INFO c.h.h.t.HelmChartContainer - [hivemq-test-hivemq-platform] [hivemq-platform-operator] [232a5dbf] 18:15:58.506 [ReconcilerExecutor-hivemq-controller-75] DEBUG c.h.p.o.HiveMQPlatformReconciler - [updatelo] Custom Resource Status STARTING - HiveMQ Platform is starting (READY)
2025-01-30 18:15:58,508 INFO c.h.h.t.HelmChartContainer - [hivemq-test-hivemq-platform] [hivemq-platform-operator] [232a5dbf] 18:15:58.506 [ReconcilerExecutor-hivemq-controller-75] DEBUG c.h.p.o.HiveMQPlatformReconciler - [updatelo] Custom Resource Spec (replicas: 1) (extensions: 1)
2025-01-30 18:15:58,595 INFO c.h.h.t.HelmChartContainer - [hivemq-test-hivemq-platform] [hivemq-platform-operator] [232a5dbf] 18:15:58.593 [ReconcilerExecutor-hivemq-controller-75] DEBUG c.h.p.o.HiveMQPlatformReconciler - [updatelo] StatefulSet Status (revision: test-hivemq-platform-b697f795f, replicas: 1, available: 0, ready: 0, current: 1, updated: 1)
2025-01-30 18:15:58,595 INFO c.h.h.t.HelmChartContainer - [hivemq-test-hivemq-platform] [hivemq-platform-operator] [232a5dbf] 18:15:58.593 [ReconcilerExecutor-hivemq-controller-75] DEBUG c.h.p.o.HiveMQPlatformReconciler - [updatelo] StatefulSet Spec (replicas: 1, init containers: 1, containers: 1, volumes: 3)
2025-01-30 18:15:58,602 INFO c.h.h.t.HelmChartContainer - [hivemq-test-hivemq-platform] [hivemq-platform-operator] [232a5dbf] 18:15:58.601 [ReconcilerExecutor-hivemq-controller-75] DEBUG c.h.p.o.h.HiveMQPlatformReconcilerErrorHandler - [updatelo] Pod 'test-hivemq-platform-0' phase Pending
2025-01-30 18:15:58,603 INFO c.h.h.t.HelmChartContainer - [hivemq-test-hivemq-platform] [hivemq-platform-operator] [232a5dbf] 18:15:58.602 [ReconcilerExecutor-hivemq-controller-75] DEBUG c.h.p.o.h.HiveMQPlatformReconcilerErrorHandler - [updatelo] Pod 'test-hivemq-platform-0' condition 'PodReadyToStartContainers': False
2025-01-30 18:15:58,605 INFO c.h.h.t.HelmChartContainer - [hivemq-test-hivemq-platform] [hivemq-platform-operator] [232a5dbf] 18:15:58.603 [ReconcilerExecutor-hivemq-controller-75] DEBUG c.h.p.o.h.HiveMQPlatformReconcilerErrorHandler - [updatelo] Pod 'test-hivemq-platform-0' condition 'Initialized': False
2025-01-30 18:15:58,605 INFO c.h.h.t.HelmChartContainer - [hivemq-test-hivemq-platform] [hivemq-platform-operator] [232a5dbf] 18:15:58.604 [ReconcilerExecutor-hivemq-controller-75] DEBUG c.h.p.o.h.HiveMQPlatformReconcilerErrorHandler - [updatelo] Pod 'test-hivemq-platform-0' condition 'Ready': False
2025-01-30 18:15:58,605 INFO c.h.h.t.HelmChartContainer - [hivemq-test-hivemq-platform] [hivemq-platform-operator] [232a5dbf] 18:15:58.604 [ReconcilerExecutor-hivemq-controller-75] DEBUG c.h.p.o.h.HiveMQPlatformReconcilerErrorHandler - [updatelo] Pod 'test-hivemq-platform-0' condition 'ContainersReady': False
2025-01-30 18:15:58,606 INFO c.h.h.t.HelmChartContainer - [hivemq-test-hivemq-platform] [hivemq-platform-operator] [232a5dbf] 18:15:58.604 [ReconcilerExecutor-hivemq-controller-75] DEBUG c.h.p.o.h.HiveMQPlatformReconcilerErrorHandler - [updatelo] Pod 'test-hivemq-platform-0' condition 'PodScheduled': True
2025-01-30 18:15:58,606 INFO c.h.h.t.HelmChartContainer - [hivemq-test-hivemq-platform] [hivemq-platform-operator] [232a5dbf] 18:15:58.604 [ReconcilerExecutor-hivemq-controller-75] DEBUG c.h.p.o.h.HiveMQPlatformReconcilerErrorHandler - [updatelo] Pod 'test-hivemq-platform-0' containerStatus 'hivemq' (started: false) (ready: false) (waiting: [PodInitializing] null)
2025-01-30 18:15:58,611 INFO c.h.h.t.HelmChartContainer - [hivemq-test-hivemq-platform] [hivemq-platform-operator] [232a5dbf] 18:15:58.606 [ReconcilerExecutor-hivemq-controller-75] INFO  c.h.p.o.h.HiveMQPlatformReconcilerBaseHandler - [updatelo] HiveMQ Platform is starting, 0 of 1 replicas are ready
2025-01-30 18:15:58,626 INFO c.h.h.t.HelmChartContainer - [EVENT] Normal [Pulled] Container image "docker.io/hivemq/hivemq-platform-operator-init-test:snapshot" already present on machine [updateloglevelit:test-hivemq-platform-0]
2025-01-30 18:15:58,772 INFO c.h.h.t.HelmChartContainer - [EVENT] Normal [Created] Created container: hivemq-platform-operator-init [updateloglevelit:test-hivemq-platform-0]
2025-01-30 18:15:58,811 INFO c.h.h.t.HelmChartContainer - [EVENT] Normal [Started] Started container hivemq-platform-operator-init [updateloglevelit:test-hivemq-platform-0]
2025-01-30 18:15:58,890 INFO c.h.h.t.HelmChartContainer - [POD] test-hivemq-platform-0 [dc99488b-dc4f-4968-b812-b03dbfd444a0] in updateloglevelit was MODIFIED
2025-01-30 18:15:58,917 INFO c.h.h.t.HelmChartContainer - [hivemq-test-hivemq-platform] [hivemq-platform-operator] [232a5dbf] 18:15:58.910 [pool-6-thread-32] DEBUG c.h.p.o.d.PlatformServiceResource - [updatelo] Desired Platform services (3 services)
2025-01-30 18:15:58,918 INFO c.h.h.t.HelmChartContainer - [hivemq-test-hivemq-platform] [hivemq-platform-operator] [232a5dbf] 18:15:58.911 [pool-6-thread-33] DEBUG c.h.p.o.dependants.PodInfoConfigMap - [updatelo] Desired PodInfo ConfigMap (1 extensions) (1 enabled)
2025-01-30 18:15:58,918 INFO c.h.h.t.HelmChartContainer - [hivemq-test-hivemq-platform] [hivemq-platform-operator] [232a5dbf] 18:15:58.912 [pool-6-thread-33] DEBUG c.h.p.o.dependants.PodInfoConfigMap - [updatelo] Desired PodInfo ConfigMap (metrics port: 9399) (metrics path: /)
2025-01-30 18:15:58,918 INFO c.h.h.t.HelmChartContainer - [hivemq-test-hivemq-platform] [hivemq-platform-operator] [232a5dbf] 18:15:58.913 [pool-6-thread-33] DEBUG c.h.p.o.dependants.PodInfoConfigMap - [updatelo] Desired PodInfo ConfigMap (extension state hash: -1817474005)
2025-01-30 18:15:58,918 INFO c.h.h.t.HelmChartContainer - [hivemq-test-hivemq-platform] [hivemq-platform-operator] [232a5dbf] 18:15:58.914 [pool-6-thread-37] DEBUG c.h.p.o.d.PodServiceAccountResource - [updatelo] Desired PodServiceAccountResource (serviceAccountName: hivemq-platform-pod-test-hivemq-platform)
2025-01-30 18:15:58,998 INFO c.h.h.t.HelmChartContainer - [hivemq-test-hivemq-platform] [hivemq-platform-operator] [232a5dbf] 18:15:58.997 [pool-6-thread-40] DEBUG c.h.p.o.d.StatefulSetResource - [updatelo] Desired StatefulSet (1 replicas) for status STARTING (READY)
2025-01-30 18:15:59,003 INFO c.h.h.t.HelmChartContainer - [hivemq-test-hivemq-platform] [hivemq-platform-operator] [232a5dbf] 18:15:59.002 [ReconcilerExecutor-hivemq-controller-86] INFO  c.h.p.o.HiveMQPlatformReconciler - [updatelo] Reconciling HiveMQ Platform 'test-hivemq-platform' in namespace 'updateloglevelit'
2025-01-30 18:15:59,003 INFO c.h.h.t.HelmChartContainer - [hivemq-test-hivemq-platform] [hivemq-platform-operator] [232a5dbf] 18:15:59.002 [ReconcilerExecutor-hivemq-controller-86] DEBUG c.h.p.o.HiveMQPlatformReconciler - [updatelo] Custom Resource Status STARTING - HiveMQ Platform is starting (READY)
2025-01-30 18:15:59,003 INFO c.h.h.t.HelmChartContainer - [hivemq-test-hivemq-platform] [hivemq-platform-operator] [232a5dbf] 18:15:59.002 [ReconcilerExecutor-hivemq-controller-86] DEBUG c.h.p.o.HiveMQPlatformReconciler - [updatelo] Custom Resource Spec (replicas: 1) (extensions: 1)
2025-01-30 18:15:59,005 INFO c.h.h.t.HelmChartContainer - [hivemq-test-hivemq-platform] [hivemq-platform-operator] [232a5dbf] 18:15:59.004 [ReconcilerExecutor-hivemq-controller-86] DEBUG c.h.p.o.HiveMQPlatformReconciler - [updatelo] StatefulSet Status (revision: test-hivemq-platform-b697f795f, replicas: 1, available: 0, ready: 0, current: 1, updated: 1)
2025-01-30 18:15:59,007 INFO c.h.h.t.HelmChartContainer - [hivemq-test-hivemq-platform] [hivemq-platform-operator] [232a5dbf] 18:15:59.005 [ReconcilerExecutor-hivemq-controller-86] DEBUG c.h.p.o.HiveMQPlatformReconciler - [updatelo] StatefulSet Spec (replicas: 1, init containers: 1, containers: 1, volumes: 3)
2025-01-30 18:15:59,074 INFO c.h.h.t.HelmChartContainer - [hivemq-test-hivemq-platform] [hivemq-platform-operator] [232a5dbf] 18:15:59.072 [ReconcilerExecutor-hivemq-controller-86] DEBUG c.h.p.o.h.HiveMQPlatformReconcilerErrorHandler - [updatelo] Pod 'test-hivemq-platform-0' phase Pending
2025-01-30 18:15:59,075 INFO c.h.h.t.HelmChartContainer - [hivemq-test-hivemq-platform] [hivemq-platform-operator] [232a5dbf] 18:15:59.073 [ReconcilerExecutor-hivemq-controller-86] DEBUG c.h.p.o.h.HiveMQPlatformReconcilerErrorHandler - [updatelo] Pod 'test-hivemq-platform-0' condition 'PodReadyToStartContainers': True
2025-01-30 18:15:59,075 INFO c.h.h.t.HelmChartContainer - [hivemq-test-hivemq-platform] [hivemq-platform-operator] [232a5dbf] 18:15:59.073 [ReconcilerExecutor-hivemq-controller-86] DEBUG c.h.p.o.h.HiveMQPlatformReconcilerErrorHandler - [updatelo] Pod 'test-hivemq-platform-0' condition 'Initialized': False
2025-01-30 18:15:59,075 INFO c.h.h.t.HelmChartContainer - [hivemq-test-hivemq-platform] [hivemq-platform-operator] [232a5dbf] 18:15:59.073 [ReconcilerExecutor-hivemq-controller-86] DEBUG c.h.p.o.h.HiveMQPlatformReconcilerErrorHandler - [updatelo] Pod 'test-hivemq-platform-0' condition 'Ready': False
2025-01-30 18:15:59,075 INFO c.h.h.t.HelmChartContainer - [hivemq-test-hivemq-platform] [hivemq-platform-operator] [232a5dbf] 18:15:59.073 [ReconcilerExecutor-hivemq-controller-86] DEBUG c.h.p.o.h.HiveMQPlatformReconcilerErrorHandler - [updatelo] Pod 'test-hivemq-platform-0' condition 'ContainersReady': False
2025-01-30 18:15:59,075 INFO c.h.h.t.HelmChartContainer - [hivemq-test-hivemq-platform] [hivemq-platform-operator] [232a5dbf] 18:15:59.073 [ReconcilerExecutor-hivemq-controller-86] DEBUG c.h.p.o.h.HiveMQPlatformReconcilerErrorHandler - [updatelo] Pod 'test-hivemq-platform-0' condition 'PodScheduled': True
2025-01-30 18:15:59,075 INFO c.h.h.t.HelmChartContainer - [hivemq-test-hivemq-platform] [hivemq-platform-operator] [232a5dbf] 18:15:59.073 [ReconcilerExecutor-hivemq-controller-86] DEBUG c.h.p.o.h.HiveMQPlatformReconcilerErrorHandler - [updatelo] Pod 'test-hivemq-platform-0' containerStatus 'hivemq' (started: false) (ready: false) (waiting: [PodInitializing] null)
2025-01-30 18:15:59,092 INFO c.h.h.t.HelmChartContainer - [hivemq-test-hivemq-platform] [hivemq-platform-operator] [232a5dbf] 18:15:59.091 [ReconcilerExecutor-hivemq-controller-86] INFO  c.h.p.o.h.HiveMQPlatformReconcilerBaseHandler - [updatelo] HiveMQ Platform is starting, 0 of 1 replicas are ready
2025-01-30 18:15:59,875 INFO c.h.h.t.HelmChartContainer - [EVENT] Normal [Pulled] Container image "docker.io/hivemq/hivemq4:4.36.0" already present on machine [updateloglevelit:test-hivemq-platform-0]
2025-01-30 18:15:59,875 INFO c.h.h.t.HelmChartContainer - Received Pulled event for container hivemq in pod test-hivemq-platform-0 [dc99488b-dc4f-4968-b812-b03dbfd444a0]
2025-01-30 18:15:59,882 INFO c.h.h.t.HelmChartContainer - [POD] test-hivemq-platform-0 [dc99488b-dc4f-4968-b812-b03dbfd444a0] in updateloglevelit was MODIFIED
2025-01-30 18:15:59,894 INFO c.h.h.t.HelmChartContainer - [hivemq-test-hivemq-platform] [hivemq-platform-operator] [232a5dbf] 18:15:59.890 [pool-6-thread-42] DEBUG c.h.p.o.d.PlatformServiceResource - [updatelo] Desired Platform services (3 services)
2025-01-30 18:15:59,898 INFO c.h.h.t.HelmChartContainer - [hivemq-test-hivemq-platform] [hivemq-platform-operator] [232a5dbf] 18:15:59.892 [pool-6-thread-43] DEBUG c.h.p.o.dependants.PodInfoConfigMap - [updatelo] Desired PodInfo ConfigMap (1 extensions) (1 enabled)
2025-01-30 18:15:59,898 INFO c.h.h.t.HelmChartContainer - [hivemq-test-hivemq-platform] [hivemq-platform-operator] [232a5dbf] 18:15:59.892 [pool-6-thread-43] DEBUG c.h.p.o.dependants.PodInfoConfigMap - [updatelo] Desired PodInfo ConfigMap (metrics port: 9399) (metrics path: /)
2025-01-30 18:15:59,898 INFO c.h.h.t.HelmChartContainer - [hivemq-test-hivemq-platform] [hivemq-platform-operator] [232a5dbf] 18:15:59.892 [pool-6-thread-43] DEBUG c.h.p.o.dependants.PodInfoConfigMap - [updatelo] Desired PodInfo ConfigMap (extension state hash: -1817474005)
2025-01-30 18:15:59,898 INFO c.h.h.t.HelmChartContainer - [hivemq-test-hivemq-platform] [hivemq-platform-operator] [232a5dbf] 18:15:59.897 [pool-6-thread-47] DEBUG c.h.p.o.d.PodServiceAccountResource - [updatelo] Desired PodServiceAccountResource (serviceAccountName: hivemq-platform-pod-test-hivemq-platform)
2025-01-30 18:15:59,981 INFO c.h.h.t.HelmChartContainer - [hivemq-test-hivemq-platform] [hivemq-platform-operator] [232a5dbf] 18:15:59.975 [pool-6-thread-50] DEBUG c.h.p.o.d.StatefulSetResource - [updatelo] Desired StatefulSet (1 replicas) for status STARTING (READY)
2025-01-30 18:15:59,981 INFO c.h.h.t.HelmChartContainer - [hivemq-test-hivemq-platform] [hivemq-platform-operator] [232a5dbf] 18:15:59.979 [ReconcilerExecutor-hivemq-controller-97] INFO  c.h.p.o.HiveMQPlatformReconciler - [updatelo] Reconciling HiveMQ Platform 'test-hivemq-platform' in namespace 'updateloglevelit'
2025-01-30 18:15:59,981 INFO c.h.h.t.HelmChartContainer - [hivemq-test-hivemq-platform] [hivemq-platform-operator] [232a5dbf] 18:15:59.979 [ReconcilerExecutor-hivemq-controller-97] DEBUG c.h.p.o.HiveMQPlatformReconciler - [updatelo] Custom Resource Status STARTING - HiveMQ Platform is starting (READY)
2025-01-30 18:15:59,981 INFO c.h.h.t.HelmChartContainer - [hivemq-test-hivemq-platform] [hivemq-platform-operator] [232a5dbf] 18:15:59.979 [ReconcilerExecutor-hivemq-controller-97] DEBUG c.h.p.o.HiveMQPlatformReconciler - [updatelo] Custom Resource Spec (replicas: 1) (extensions: 1)
2025-01-30 18:15:59,993 INFO c.h.h.t.HelmChartContainer - [hivemq-test-hivemq-platform] [hivemq-platform-operator] [232a5dbf] 18:15:59.991 [ReconcilerExecutor-hivemq-controller-97] DEBUG c.h.p.o.HiveMQPlatformReconciler - [updatelo] StatefulSet Status (revision: test-hivemq-platform-b697f795f, replicas: 1, available: 0, ready: 0, current: 1, updated: 1)
2025-01-30 18:15:59,993 INFO c.h.h.t.HelmChartContainer - [hivemq-test-hivemq-platform] [hivemq-platform-operator] [232a5dbf] 18:15:59.991 [ReconcilerExecutor-hivemq-controller-97] DEBUG c.h.p.o.HiveMQPlatformReconciler - [updatelo] StatefulSet Spec (replicas: 1, init containers: 1, containers: 1, volumes: 3)
2025-01-30 18:15:59,996 INFO c.h.h.t.HelmChartContainer - [hivemq-test-hivemq-platform] [hivemq-platform-operator] [232a5dbf] 18:15:59.994 [ReconcilerExecutor-hivemq-controller-97] DEBUG c.h.p.o.h.HiveMQPlatformReconcilerErrorHandler - [updatelo] Pod 'test-hivemq-platform-0' phase Pending
2025-01-30 18:15:59,996 INFO c.h.h.t.HelmChartContainer - [hivemq-test-hivemq-platform] [hivemq-platform-operator] [232a5dbf] 18:15:59.994 [ReconcilerExecutor-hivemq-controller-97] DEBUG c.h.p.o.h.HiveMQPlatformReconcilerErrorHandler - [updatelo] Pod 'test-hivemq-platform-0' condition 'PodReadyToStartContainers': True
2025-01-30 18:15:59,996 INFO c.h.h.t.HelmChartContainer - [hivemq-test-hivemq-platform] [hivemq-platform-operator] [232a5dbf] 18:15:59.995 [ReconcilerExecutor-hivemq-controller-97] DEBUG c.h.p.o.h.HiveMQPlatformReconcilerErrorHandler - [updatelo] Pod 'test-hivemq-platform-0' condition 'Initialized': True
2025-01-30 18:15:59,998 INFO c.h.h.t.HelmChartContainer - [hivemq-test-hivemq-platform] [hivemq-platform-operator] [232a5dbf] 18:15:59.995 [ReconcilerExecutor-hivemq-controller-97] DEBUG c.h.p.o.h.HiveMQPlatformReconcilerErrorHandler - [updatelo] Pod 'test-hivemq-platform-0' condition 'Ready': False
2025-01-30 18:15:59,999 INFO c.h.h.t.HelmChartContainer - [hivemq-test-hivemq-platform] [hivemq-platform-operator] [232a5dbf] 18:15:59.996 [ReconcilerExecutor-hivemq-controller-97] DEBUG c.h.p.o.h.HiveMQPlatformReconcilerErrorHandler - [updatelo] Pod 'test-hivemq-platform-0' condition 'ContainersReady': False
2025-01-30 18:15:59,999 INFO c.h.h.t.HelmChartContainer - [hivemq-test-hivemq-platform] [hivemq-platform-operator] [232a5dbf] 18:15:59.996 [ReconcilerExecutor-hivemq-controller-97] DEBUG c.h.p.o.h.HiveMQPlatformReconcilerErrorHandler - [updatelo] Pod 'test-hivemq-platform-0' condition 'PodScheduled': True
2025-01-30 18:15:59,999 INFO c.h.h.t.HelmChartContainer - [hivemq-test-hivemq-platform] [hivemq-platform-operator] [232a5dbf] 18:15:59.996 [ReconcilerExecutor-hivemq-controller-97] DEBUG c.h.p.o.h.HiveMQPlatformReconcilerErrorHandler - [updatelo] Pod 'test-hivemq-platform-0' containerStatus 'hivemq' (started: false) (ready: false) (waiting: [PodInitializing] null)
2025-01-30 18:15:59,999 INFO c.h.h.t.HelmChartContainer - [hivemq-test-hivemq-platform] [hivemq-platform-operator] [232a5dbf] 18:15:59.997 [ReconcilerExecutor-hivemq-controller-97] INFO  c.h.p.o.h.HiveMQPlatformReconcilerBaseHandler - [updatelo] HiveMQ Platform is starting, 0 of 1 replicas are ready
2025-01-30 18:16:01,390 INFO c.h.h.t.HelmChartContainer - [EVENT] Normal [Created] Created container: hivemq [updateloglevelit:test-hivemq-platform-0]
2025-01-30 18:16:01,390 INFO c.h.h.t.HelmChartContainer - Received Created event for container hivemq in pod test-hivemq-platform-0 [dc99488b-dc4f-4968-b812-b03dbfd444a0]
2025-01-30 18:16:01,885 INFO c.h.h.t.HelmChartContainer - [POD] test-hivemq-platform-0 [dc99488b-dc4f-4968-b812-b03dbfd444a0] in updateloglevelit was MODIFIED
2025-01-30 18:16:01,893 INFO c.h.h.t.HelmChartContainer - [hivemq-test-hivemq-platform] [hivemq-platform-operator] [232a5dbf] 18:16:01.891 [pool-6-thread-6] DEBUG c.h.p.o.d.PlatformServiceResource - [updatelo] Desired Platform services (3 services)
2025-01-30 18:16:01,896 INFO c.h.h.t.HelmChartContainer - [hivemq-test-hivemq-platform] [hivemq-platform-operator] [232a5dbf] 18:16:01.895 [pool-6-thread-3] DEBUG c.h.p.o.dependants.PodInfoConfigMap - [updatelo] Desired PodInfo ConfigMap (1 extensions) (1 enabled)
2025-01-30 18:16:01,896 INFO c.h.h.t.HelmChartContainer - [hivemq-test-hivemq-platform] [hivemq-platform-operator] [232a5dbf] 18:16:01.895 [pool-6-thread-5] DEBUG c.h.p.o.d.PodServiceAccountResource - [updatelo] Desired PodServiceAccountResource (serviceAccountName: hivemq-platform-pod-test-hivemq-platform)
2025-01-30 18:16:01,897 INFO c.h.h.t.HelmChartContainer - Started log watcher for hivemq in pod test-hivemq-platform-0 [dc99488b-dc4f-4968-b812-b03dbfd444a0]
2025-01-30 18:16:01,897 INFO c.h.h.t.HelmChartContainer - [EVENT] Normal [Started] Started container hivemq [updateloglevelit:test-hivemq-platform-0]
2025-01-30 18:16:01,897 INFO c.h.h.t.HelmChartContainer - Received Started event for container hivemq in pod test-hivemq-platform-0 [dc99488b-dc4f-4968-b812-b03dbfd444a0]
2025-01-30 18:16:01,898 INFO c.h.h.t.HelmChartContainer - [test-hivemq-platform] [hivemq] [dc99488b] Adding pre-installed HiveMQ Platform Operator extensions
2025-01-30 18:16:01,898 INFO c.h.h.t.HelmChartContainer - [test-hivemq-platform] [hivemq] [dc99488b] Running as user 10000
2025-01-30 18:16:01,898 INFO c.h.h.t.HelmChartContainer - [test-hivemq-platform] [hivemq] [dc99488b] Starting HiveMQ Platform Operator Init
2025-01-30 18:16:01,901 INFO c.h.h.t.HelmChartContainer - [hivemq-test-hivemq-platform] [hivemq-platform-operator] [232a5dbf] 18:16:01.896 [pool-6-thread-3] DEBUG c.h.p.o.dependants.PodInfoConfigMap - [updatelo] Desired PodInfo ConfigMap (metrics port: 9399) (metrics path: /)
2025-01-30 18:16:01,902 INFO c.h.h.t.HelmChartContainer - [hivemq-test-hivemq-platform] [hivemq-platform-operator] [232a5dbf] 18:16:01.900 [pool-6-thread-3] DEBUG c.h.p.o.dependants.PodInfoConfigMap - [updatelo] Desired PodInfo ConfigMap (extension state hash: -1817474005)
2025-01-30 18:16:01,907 INFO c.h.h.t.HelmChartContainer - [hivemq-test-hivemq-platform] [hivemq-platform-operator] [232a5dbf] 18:16:01.906 [pool-6-thread-6] DEBUG c.h.p.o.d.StatefulSetResource - [updatelo] Desired StatefulSet (1 replicas) for status STARTING (READY)
2025-01-30 18:16:01,976 INFO c.h.h.t.HelmChartContainer - [hivemq-test-hivemq-platform] [hivemq-platform-operator] [232a5dbf] 18:16:01.975 [ReconcilerExecutor-hivemq-controller-108] INFO  c.h.p.o.HiveMQPlatformReconciler - [updatelo] Reconciling HiveMQ Platform 'test-hivemq-platform' in namespace 'updateloglevelit'
2025-01-30 18:16:01,976 INFO c.h.h.t.HelmChartContainer - [hivemq-test-hivemq-platform] [hivemq-platform-operator] [232a5dbf] 18:16:01.975 [ReconcilerExecutor-hivemq-controller-108] DEBUG c.h.p.o.HiveMQPlatformReconciler - [updatelo] Custom Resource Status STARTING - HiveMQ Platform is starting (READY)
2025-01-30 18:16:01,976 INFO c.h.h.t.HelmChartContainer - [hivemq-test-hivemq-platform] [hivemq-platform-operator] [232a5dbf] 18:16:01.975 [ReconcilerExecutor-hivemq-controller-108] DEBUG c.h.p.o.HiveMQPlatformReconciler - [updatelo] Custom Resource Spec (replicas: 1) (extensions: 1)
2025-01-30 18:16:01,993 INFO c.h.h.t.HelmChartContainer - [hivemq-test-hivemq-platform] [hivemq-platform-operator] [232a5dbf] 18:16:01.992 [ReconcilerExecutor-hivemq-controller-108] DEBUG c.h.p.o.HiveMQPlatformReconciler - [updatelo] StatefulSet Status (revision: test-hivemq-platform-b697f795f, replicas: 1, available: 0, ready: 0, current: 1, updated: 1)
2025-01-30 18:16:01,993 INFO c.h.h.t.HelmChartContainer - [hivemq-test-hivemq-platform] [hivemq-platform-operator] [232a5dbf] 18:16:01.992 [ReconcilerExecutor-hivemq-controller-108] DEBUG c.h.p.o.HiveMQPlatformReconciler - [updatelo] StatefulSet Spec (replicas: 1, init containers: 1, containers: 1, volumes: 3)
2025-01-30 18:16:01,995 INFO c.h.h.t.HelmChartContainer - [hivemq-test-hivemq-platform] [hivemq-platform-operator] [232a5dbf] 18:16:01.994 [ReconcilerExecutor-hivemq-controller-108] DEBUG c.h.p.o.h.HiveMQPlatformReconcilerErrorHandler - [updatelo] Pod 'test-hivemq-platform-0' phase Running
2025-01-30 18:16:01,997 INFO c.h.h.t.HelmChartContainer - [hivemq-test-hivemq-platform] [hivemq-platform-operator] [232a5dbf] 18:16:01.996 [ReconcilerExecutor-hivemq-controller-108] INFO  c.h.p.o.h.HiveMQPlatformReconcilerBaseHandler - [updatelo] HiveMQ Platform is starting, 0 of 1 replicas are ready
2025-01-30 18:16:02,545 INFO c.h.h.t.HelmChartContainer - [test-hivemq-platform] [hivemq] [dc99488b] INFO  - [HiveMQ Platform Operator Init 1.7.0-SNAPSHOT] HiveMQ Platform Operator Init 1.7.0-SNAPSHOT (commit: 47e3375 on branch: HEAD) built on Thu Jan 30 03:55:50 UTC 2025
2025-01-30 18:16:03,753 INFO c.h.h.t.HelmChartContainer - [test-hivemq-platform] [hivemq] [dc99488b] INFO  - [HiveMQ Platform Operator Init App 1.7.0-SNAPSHOT] Using bind address 10.42.0.11 from environment variable
2025-01-30 18:16:04,542 INFO c.h.h.t.HelmChartContainer - [test-hivemq-platform] [hivemq] [dc99488b] INFO  - [HiveMQ Platform Operator Init App 1.7.0-SNAPSHOT] HiveMQ Platform Operator Init App 1.7.0-SNAPSHOT (commit: 47e3375 on branch: HEAD) built on Thu Jan 30 03:55:50 UTC 2025
2025-01-30 18:16:04,543 INFO c.h.h.t.HelmChartContainer - [test-hivemq-platform] [hivemq] [dc99488b] INFO  - [HiveMQ Platform Operator Init App 1.7.0-SNAPSHOT] PodInfo ConfigMap directory: /etc/podinfo
2025-01-30 18:16:04,543 INFO c.h.h.t.HelmChartContainer - [test-hivemq-platform] [hivemq] [dc99488b] INFO  - [HiveMQ Platform Operator Init App 1.7.0-SNAPSHOT] HiveMQ home directory: /opt/hivemq
2025-01-30 18:16:04,543 INFO c.h.h.t.HelmChartContainer - [test-hivemq-platform] [hivemq] [dc99488b] INFO  - [HiveMQ Platform Operator Init App 1.7.0-SNAPSHOT] HiveMQ Logback folder: /opt/hivemq/conf
2025-01-30 18:16:04,543 INFO c.h.h.t.HelmChartContainer - [test-hivemq-platform] [hivemq] [dc99488b] INFO  - [HiveMQ Platform Operator Init App 1.7.0-SNAPSHOT] HiveMQ Config folder: /opt/hivemq/conf-k8s
2025-01-30 18:16:04,543 INFO c.h.h.t.HelmChartContainer - [test-hivemq-platform] [hivemq] [dc99488b] INFO  - [HiveMQ Platform Operator Init App 1.7.0-SNAPSHOT] Starting HiveMQ Platform Operator Init App
2025-01-30 18:16:04,543 INFO c.h.h.t.HelmChartContainer - [test-hivemq-platform] [hivemq] [dc99488b] INFO  - [HiveMQ Platform Operator Init App 1.7.0-SNAPSHOT] Starting Pod reconciler
2025-01-30 18:16:05,435 INFO c.h.h.t.HelmChartContainer - [test-hivemq-platform] [hivemq] [dc99488b] INFO  - [HiveMQ Platform Operator Init App 1.7.0-SNAPSHOT] Pod reconciler is scheduled (interval: 5000 ms)
2025-01-30 18:16:05,436 INFO c.h.h.t.HelmChartContainer - [test-hivemq-platform] [hivemq] [dc99488b] INFO  - [HiveMQ Platform Operator Init App 1.7.0-SNAPSHOT] Starting the REST API on 10.42.0.11:7979
2025-01-30 18:16:05,439 INFO c.h.h.t.HelmChartContainer - [test-hivemq-platform] [hivemq] [dc99488b] INFO  - [HiveMQ Platform Operator Init App 1.7.0-SNAPSHOT] Waiting up to 600s for at most 1 HiveMQ nodes in cluster service hivemq-test-hivemq-platform-cluster.updateloglevelit.svc
2025-01-30 18:16:05,937 INFO c.h.h.t.HelmChartContainer - [test-hivemq-platform] [hivemq] [dc99488b] INFO  - [HiveMQ Platform Operator Init App 1.7.0-SNAPSHOT] Resolved 1 IP addresses: [10.42.0.11]
2025-01-30 18:16:05,938 INFO c.h.h.t.HelmChartContainer - [test-hivemq-platform] [hivemq] [dc99488b] INFO  - [HiveMQ Platform Operator Init App 1.7.0-SNAPSHOT] HiveMQ node count of 1 is within threshold of 1
2025-01-30 18:16:05,938 INFO c.h.h.t.HelmChartContainer - [test-hivemq-platform] [hivemq] [dc99488b] INFO  - [HiveMQ Platform Operator Init App 1.7.0-SNAPSHOT] Proceeding with container start
2025-01-30 18:16:06,046 INFO c.h.h.t.HelmChartContainer - [test-hivemq-platform] [hivemq] [dc99488b] INFO  - [HiveMQ Platform Operator Init App 1.7.0-SNAPSHOT] Initializing HiveMQ Platform extensions with initial configuration: {hivemq-allow-all-extension={start-priority=-1, skip-https-hostname-verification=false, restart=true, config-version=0, header-version=0, c-uri=, priority=-1, uri=preinstalled, skip-https-certificate-validation=false, enabled=true}, hivemq-prometheus-extension={skip-https-certificate-validation=false, skip-https-hostname-verification=false, c-uri=, start-priority=-1, priority=-1, restart=true, enabled=true, request-header-path=no-request-headers, uri=preinstalled}}
2025-01-30 18:16:06,547 INFO c.h.h.t.HelmChartContainer - [test-hivemq-platform] [hivemq] [dc99488b] INFO  - [HiveMQ Platform Operator Init App 1.7.0-SNAPSHOT] Extension hivemq-allow-all-extension was already enabled
2025-01-30 18:16:06,637 INFO c.h.h.t.HelmChartContainer - [test-hivemq-platform] [hivemq] [dc99488b] INFO  - [HiveMQ Platform Operator Init App 1.7.0-SNAPSHOT] Successfully enabled extension hivemq-prometheus-extension
2025-01-30 18:16:06,639 INFO c.h.h.t.HelmChartContainer - [test-hivemq-platform] [hivemq] [dc99488b] INFO  - [HiveMQ Platform Operator Init App 1.7.0-SNAPSHOT] Starting HiveMQ Platform version 4.36.0 (4.36.0)
2025-01-30 18:16:06,639 INFO c.h.h.t.HelmChartContainer - [test-hivemq-platform] [hivemq] [dc99488b] INFO  - [HiveMQ Platform Operator Init App 1.7.0-SNAPSHOT] Configuring the HiveMQ Platform
2025-01-30 18:16:06,648 INFO c.h.h.t.HelmChartContainer - [test-hivemq-platform] [hivemq] [dc99488b] INFO  - [HiveMQ Platform Operator Init App 1.7.0-SNAPSHOT] Changed logback.xml file scan period to 20 seconds
2025-01-30 18:16:06,740 INFO c.h.h.t.HelmChartContainer - [test-hivemq-platform] [hivemq] [dc99488b] INFO  - [HiveMQ Platform Operator Init App 1.7.0-SNAPSHOT] Starting the HiveMQ Platform
2025-01-30 18:16:06,742 INFO c.h.h.t.HelmChartContainer - [test-hivemq-platform] [hivemq] [dc99488b] -------------------------------------------------------------------------
2025-01-30 18:16:06,743 INFO c.h.h.t.HelmChartContainer - [test-hivemq-platform] [hivemq] [dc99488b] 
2025-01-30 18:16:06,744 INFO c.h.h.t.HelmChartContainer - [test-hivemq-platform] [hivemq] [dc99488b]                   _    _  _              __  __   ____
2025-01-30 18:16:06,744 INFO c.h.h.t.HelmChartContainer - [test-hivemq-platform] [hivemq] [dc99488b]                  | |  | |(_)            |  \/  | / __ \
2025-01-30 18:16:06,744 INFO c.h.h.t.HelmChartContainer - [test-hivemq-platform] [hivemq] [dc99488b]                  | |__| | _ __   __ ___ | \  / || |  | |
2025-01-30 18:16:06,744 INFO c.h.h.t.HelmChartContainer - [test-hivemq-platform] [hivemq] [dc99488b]                  |  __  || |\ \ / // _ \| |\/| || |  | |
2025-01-30 18:16:06,744 INFO c.h.h.t.HelmChartContainer - [test-hivemq-platform] [hivemq] [dc99488b]                  | |  | || | \ V /|  __/| |  | || |__| |
2025-01-30 18:16:06,745 INFO c.h.h.t.HelmChartContainer - [test-hivemq-platform] [hivemq] [dc99488b]                  |_|  |_||_|  \_/  \___||_|  |_| \___\_\
2025-01-30 18:16:06,745 INFO c.h.h.t.HelmChartContainer - [test-hivemq-platform] [hivemq] [dc99488b] 
2025-01-30 18:16:06,745 INFO c.h.h.t.HelmChartContainer - [test-hivemq-platform] [hivemq] [dc99488b] -------------------------------------------------------------------------
2025-01-30 18:16:06,745 INFO c.h.h.t.HelmChartContainer - [test-hivemq-platform] [hivemq] [dc99488b] 
2025-01-30 18:16:06,745 INFO c.h.h.t.HelmChartContainer - [test-hivemq-platform] [hivemq] [dc99488b]   HiveMQ Start Script for Linux/Unix v1.14
2025-01-30 18:16:06,745 INFO c.h.h.t.HelmChartContainer - [test-hivemq-platform] [hivemq] [dc99488b] 
2025-01-30 18:16:06,845 INFO c.h.h.t.HelmChartContainer - [test-hivemq-platform] [hivemq] [dc99488b] -------------------------------------------------------------------------
2025-01-30 18:16:06,845 INFO c.h.h.t.HelmChartContainer - [test-hivemq-platform] [hivemq] [dc99488b] 
2025-01-30 18:16:06,845 INFO c.h.h.t.HelmChartContainer - [test-hivemq-platform] [hivemq] [dc99488b]   HIVEMQ_HOME: /opt/hivemq
2025-01-30 18:16:06,845 INFO c.h.h.t.HelmChartContainer - [test-hivemq-platform] [hivemq] [dc99488b] 
2025-01-30 18:16:06,845 INFO c.h.h.t.HelmChartContainer - [test-hivemq-platform] [hivemq] [dc99488b]   JAVA_OPTS: -XX:+UnlockExperimentalVMOptions -XX:InitialRAMPercentage=50 -XX:MaxRAMPercentage=50 -Djava.net.preferIPv4Stack=true --add-opens java.base/java.lang=ALL-UNNAMED --add-opens java.base/java.nio=ALL-UNNAMED --add-opens java.base/sun.nio.ch=ALL-UNNAMED --add-opens jdk.management/com.sun.management.internal=ALL-UNNAMED --add-exports java.base/jdk.internal.misc=ALL-UNNAMED -Djava.security.egd=file:/dev/./urandom -Dcom.sun.management.jmxremote -Dcom.sun.management.jmxremote.port=9010 -Dcom.sun.management.jmxremote.local.only=false -Dcom.sun.management.jmxremote.authenticate=false -Dcom.sun.management.jmxremote.ssl=false -Duser.language=en -Duser.region=US -XX:+CrashOnOutOfMemoryError -XX:+HeapDumpOnOutOfMemoryError
2025-01-30 18:16:06,845 INFO c.h.h.t.HelmChartContainer - [test-hivemq-platform] [hivemq] [dc99488b] 
2025-01-30 18:16:06,845 INFO c.h.h.t.HelmChartContainer - [test-hivemq-platform] [hivemq] [dc99488b]   JAVA_VERSION: 21
2025-01-30 18:16:06,845 INFO c.h.h.t.HelmChartContainer - [test-hivemq-platform] [hivemq] [dc99488b] 
2025-01-30 18:16:06,845 INFO c.h.h.t.HelmChartContainer - [test-hivemq-platform] [hivemq] [dc99488b] -------------------------------------------------------------------------
2025-01-30 18:16:06,845 INFO c.h.h.t.HelmChartContainer - [test-hivemq-platform] [hivemq] [dc99488b] 
2025-01-30 18:16:07,944 INFO c.h.h.t.HelmChartContainer - [test-hivemq-platform] [hivemq] [dc99488b] INFO  - [HiveMQ Platform Operator Init App 1.7.0-SNAPSHOT] Returning default Health API response 503 for readiness
2025-01-30 18:16:08,337 INFO c.h.h.t.HelmChartContainer - [EVENT] Warning [Unhealthy] Readiness probe failed: HTTP probe failed with statuscode: 503 [updateloglevelit:test-hivemq-platform-0]
2025-01-30 18:16:08,337 INFO c.h.h.t.HelmChartContainer - Received Unhealthy event for container hivemq in pod test-hivemq-platform-0 [dc99488b-dc4f-4968-b812-b03dbfd444a0]
2025-01-30 18:16:09,550 INFO c.h.h.t.HelmChartContainer - [test-hivemq-platform] [hivemq] [dc99488b] INFO  - Starting HiveMQ Enterprise Server
2025-01-30 18:16:09,634 INFO c.h.h.t.HelmChartContainer - [test-hivemq-platform] [hivemq] [dc99488b] INFO  - HiveMQ version: 4.36.0
2025-01-30 18:16:09,634 INFO c.h.h.t.HelmChartContainer - [test-hivemq-platform] [hivemq] [dc99488b] INFO  - HiveMQ home directory: /opt/hivemq
2025-01-30 18:16:09,634 INFO c.h.h.t.HelmChartContainer - [test-hivemq-platform] [hivemq] [dc99488b] INFO  - Log Configuration was overridden by /opt/hivemq/conf/logback.xml
2025-01-30 18:16:11,239 INFO c.h.h.t.HelmChartContainer - [test-hivemq-platform] [hivemq] [dc99488b] INFO  - Successfully loaded configuration from '/opt/hivemq/conf-k8s/config.xml'.
2025-01-30 18:16:11,844 INFO c.h.h.t.HelmChartContainer - [test-hivemq-platform] [hivemq] [dc99488b] INFO  - This node's ID is fN5nW
2025-01-30 18:16:11,844 INFO c.h.h.t.HelmChartContainer - [test-hivemq-platform] [hivemq] [dc99488b] INFO  - Clustering is enabled
2025-01-30 18:16:12,004 INFO c.h.h.t.HelmChartContainer - [hivemq-test-hivemq-platform] [hivemq-platform-operator] [232a5dbf] 18:16:12.000 [pool-6-thread-17] DEBUG c.h.p.o.d.PodServiceAccountResource - [updatelo] Desired PodServiceAccountResource (serviceAccountName: hivemq-platform-pod-test-hivemq-platform)
2025-01-30 18:16:12,005 INFO c.h.h.t.HelmChartContainer - [hivemq-test-hivemq-platform] [hivemq-platform-operator] [232a5dbf] 18:16:11.999 [pool-6-thread-15] DEBUG c.h.p.o.d.PlatformServiceResource - [updatelo] Desired Platform services (3 services)
2025-01-30 18:16:12,005 INFO c.h.h.t.HelmChartContainer - [hivemq-test-hivemq-platform] [hivemq-platform-operator] [232a5dbf] 18:16:12.002 [pool-6-thread-14] DEBUG c.h.p.o.dependants.PodInfoConfigMap - [updatelo] Desired PodInfo ConfigMap (1 extensions) (1 enabled)
2025-01-30 18:16:12,005 INFO c.h.h.t.HelmChartContainer - [hivemq-test-hivemq-platform] [hivemq-platform-operator] [232a5dbf] 18:16:12.002 [pool-6-thread-14] DEBUG c.h.p.o.dependants.PodInfoConfigMap - [updatelo] Desired PodInfo ConfigMap (metrics port: 9399) (metrics path: /)
2025-01-30 18:16:12,005 INFO c.h.h.t.HelmChartContainer - [hivemq-test-hivemq-platform] [hivemq-platform-operator] [232a5dbf] 18:16:12.002 [pool-6-thread-14] DEBUG c.h.p.o.dependants.PodInfoConfigMap - [updatelo] Desired PodInfo ConfigMap (extension state hash: -1817474005)
2025-01-30 18:16:12,008 INFO c.h.h.t.HelmChartContainer - [hivemq-test-hivemq-platform] [hivemq-platform-operator] [232a5dbf] 18:16:12.008 [pool-6-thread-15] DEBUG c.h.p.o.d.StatefulSetResource - [updatelo] Desired StatefulSet (1 replicas) for status STARTING (READY)
2025-01-30 18:16:12,014 INFO c.h.h.t.HelmChartContainer - [hivemq-test-hivemq-platform] [hivemq-platform-operator] [232a5dbf] 18:16:12.012 [ReconcilerExecutor-hivemq-controller-109] INFO  c.h.p.o.HiveMQPlatformReconciler - [updatelo] Reconciling HiveMQ Platform 'test-hivemq-platform' in namespace 'updateloglevelit'
2025-01-30 18:16:12,014 INFO c.h.h.t.HelmChartContainer - [hivemq-test-hivemq-platform] [hivemq-platform-operator] [232a5dbf] 18:16:12.012 [ReconcilerExecutor-hivemq-controller-109] DEBUG c.h.p.o.HiveMQPlatformReconciler - [updatelo] Custom Resource Status STARTING - HiveMQ Platform is starting (READY)
2025-01-30 18:16:12,015 INFO c.h.h.t.HelmChartContainer - [hivemq-test-hivemq-platform] [hivemq-platform-operator] [232a5dbf] 18:16:12.012 [ReconcilerExecutor-hivemq-controller-109] DEBUG c.h.p.o.HiveMQPlatformReconciler - [updatelo] Custom Resource Spec (replicas: 1) (extensions: 1)
2025-01-30 18:16:12,094 INFO c.h.h.t.HelmChartContainer - [hivemq-test-hivemq-platform] [hivemq-platform-operator] [232a5dbf] 18:16:12.092 [ReconcilerExecutor-hivemq-controller-109] DEBUG c.h.p.o.HiveMQPlatformReconciler - [updatelo] StatefulSet Status (revision: test-hivemq-platform-b697f795f, replicas: 1, available: 0, ready: 0, current: 1, updated: 1)
2025-01-30 18:16:12,095 INFO c.h.h.t.HelmChartContainer - [hivemq-test-hivemq-platform] [hivemq-platform-operator] [232a5dbf] 18:16:12.092 [ReconcilerExecutor-hivemq-controller-109] DEBUG c.h.p.o.HiveMQPlatformReconciler - [updatelo] StatefulSet Spec (replicas: 1, init containers: 1, containers: 1, volumes: 3)
2025-01-30 18:16:12,096 INFO c.h.h.t.HelmChartContainer - [hivemq-test-hivemq-platform] [hivemq-platform-operator] [232a5dbf] 18:16:12.095 [ReconcilerExecutor-hivemq-controller-109] DEBUG c.h.p.o.h.HiveMQPlatformReconcilerErrorHandler - [updatelo] Pod 'test-hivemq-platform-0' phase Running
2025-01-30 18:16:12,096 INFO c.h.h.t.HelmChartContainer - [hivemq-test-hivemq-platform] [hivemq-platform-operator] [232a5dbf] 18:16:12.096 [ReconcilerExecutor-hivemq-controller-109] INFO  c.h.p.o.h.HiveMQPlatformReconcilerBaseHandler - [updatelo] HiveMQ Platform is starting, 0 of 1 replicas are ready
2025-01-30 18:16:13,441 INFO c.h.h.t.HelmChartContainer - [test-hivemq-platform] [hivemq] [dc99488b] WARN  - [HiveMQ Platform Operator Init App 1.7.0-SNAPSHOT] Cannot connect to Health API for readiness: null
2025-01-30 18:16:13,446 INFO c.h.h.t.HelmChartContainer - [EVENT] Warning [Unhealthy] Readiness probe failed: HTTP probe failed with statuscode: 503 [updateloglevelit:test-hivemq-platform-0]
2025-01-30 18:16:13,446 INFO c.h.h.t.HelmChartContainer - Received Unhealthy event for container hivemq in pod test-hivemq-platform-0 [dc99488b-dc4f-4968-b812-b03dbfd444a0]
2025-01-30 18:16:15,923 INFO c.h.h.t.HelmChartContainer - [test-hivemq-platform] [hivemq] [dc99488b] Jan 30, 2025 6:16:15 PM io.vertx.core.impl.BlockedThreadChecker
2025-01-30 18:16:15,923 INFO c.h.h.t.HelmChartContainer - [test-hivemq-platform] [hivemq] [dc99488b] WARNING: Thread Thread[vert.x-eventloop-thread-1,5,main] has been blocked for 2590 ms, time limit is 2000 ms
2025-01-30 18:16:16,323 INFO c.h.h.t.HelmChartContainer - [test-hivemq-platform] [hivemq] [dc99488b] INFO  - [HiveMQ Platform Operator Init App 1.7.0-SNAPSHOT] Updating Pod HiveMQ Platform Operator Init App version annotation (version: 1.7.0-SNAPSHOT)
2025-01-30 18:16:17,243 INFO c.h.h.t.HelmChartContainer - [POD] test-hivemq-platform-0 [dc99488b-dc4f-4968-b812-b03dbfd444a0] in updateloglevelit was MODIFIED
2025-01-30 18:16:17,253 INFO c.h.h.t.HelmChartContainer - [hivemq-test-hivemq-platform] [hivemq-platform-operator] [232a5dbf] 18:16:17.252 [pool-6-thread-22] DEBUG c.h.p.o.d.PlatformServiceResource - [updatelo] Desired Platform services (3 services)
2025-01-30 18:16:17,255 INFO c.h.h.t.HelmChartContainer - [hivemq-test-hivemq-platform] [hivemq-platform-operator] [232a5dbf] 18:16:17.253 [pool-6-thread-28] DEBUG c.h.p.o.dependants.PodInfoConfigMap - [updatelo] Desired PodInfo ConfigMap (1 extensions) (1 enabled)
2025-01-30 18:16:17,256 INFO c.h.h.t.HelmChartContainer - [hivemq-test-hivemq-platform] [hivemq-platform-operator] [232a5dbf] 18:16:17.253 [pool-6-thread-28] DEBUG c.h.p.o.dependants.PodInfoConfigMap - [updatelo] Desired PodInfo ConfigMap (metrics port: 9399) (metrics path: /)
2025-01-30 18:16:17,256 INFO c.h.h.t.HelmChartContainer - [hivemq-test-hivemq-platform] [hivemq-platform-operator] [232a5dbf] 18:16:17.255 [pool-6-thread-23] DEBUG c.h.p.o.d.PodServiceAccountResource - [updatelo] Desired PodServiceAccountResource (serviceAccountName: hivemq-platform-pod-test-hivemq-platform)
2025-01-30 18:16:17,256 INFO c.h.h.t.HelmChartContainer - [hivemq-test-hivemq-platform] [hivemq-platform-operator] [232a5dbf] 18:16:17.255 [pool-6-thread-28] DEBUG c.h.p.o.dependants.PodInfoConfigMap - [updatelo] Desired PodInfo ConfigMap (extension state hash: -1817474005)
2025-01-30 18:16:17,259 INFO c.h.h.t.HelmChartContainer - [hivemq-test-hivemq-platform] [hivemq-platform-operator] [232a5dbf] 18:16:17.258 [pool-6-thread-28] DEBUG c.h.p.o.d.StatefulSetResource - [updatelo] Desired StatefulSet (1 replicas) for status STARTING (READY)
2025-01-30 18:16:17,267 INFO c.h.h.t.HelmChartContainer - [hivemq-test-hivemq-platform] [hivemq-platform-operator] [232a5dbf] 18:16:17.266 [ReconcilerExecutor-hivemq-controller-110] INFO  c.h.p.o.HiveMQPlatformReconciler - [updatelo] Reconciling HiveMQ Platform 'test-hivemq-platform' in namespace 'updateloglevelit'
2025-01-30 18:16:17,268 INFO c.h.h.t.HelmChartContainer - [hivemq-test-hivemq-platform] [hivemq-platform-operator] [232a5dbf] 18:16:17.266 [ReconcilerExecutor-hivemq-controller-110] DEBUG c.h.p.o.HiveMQPlatformReconciler - [updatelo] Custom Resource Status STARTING - HiveMQ Platform is starting (READY)
2025-01-30 18:16:17,268 INFO c.h.h.t.HelmChartContainer - [hivemq-test-hivemq-platform] [hivemq-platform-operator] [232a5dbf] 18:16:17.266 [ReconcilerExecutor-hivemq-controller-110] DEBUG c.h.p.o.HiveMQPlatformReconciler - [updatelo] Custom Resource Spec (replicas: 1) (extensions: 1)
2025-01-30 18:16:17,270 INFO c.h.h.t.HelmChartContainer - [hivemq-test-hivemq-platform] [hivemq-platform-operator] [232a5dbf] 18:16:17.267 [ReconcilerExecutor-hivemq-controller-110] DEBUG c.h.p.o.HiveMQPlatformReconciler - [updatelo] StatefulSet Status (revision: test-hivemq-platform-b697f795f, replicas: 1, available: 0, ready: 0, current: 1, updated: 1)
2025-01-30 18:16:17,270 INFO c.h.h.t.HelmChartContainer - [hivemq-test-hivemq-platform] [hivemq-platform-operator] [232a5dbf] 18:16:17.268 [ReconcilerExecutor-hivemq-controller-110] DEBUG c.h.p.o.HiveMQPlatformReconciler - [updatelo] StatefulSet Spec (replicas: 1, init containers: 1, containers: 1, volumes: 3)
2025-01-30 18:16:17,270 INFO c.h.h.t.HelmChartContainer - [hivemq-test-hivemq-platform] [hivemq-platform-operator] [232a5dbf] 18:16:17.269 [ReconcilerExecutor-hivemq-controller-110] DEBUG c.h.p.o.h.HiveMQPlatformReconcilerErrorHandler - [updatelo] Pod 'test-hivemq-platform-0' phase Running
2025-01-30 18:16:17,271 INFO c.h.h.t.HelmChartContainer - [hivemq-test-hivemq-platform] [hivemq-platform-operator] [232a5dbf] 18:16:17.269 [ReconcilerExecutor-hivemq-controller-110] INFO  c.h.p.o.h.HiveMQPlatformReconcilerBaseHandler - [updatelo] HiveMQ Platform is starting, 0 of 1 replicas are ready
2025-01-30 18:16:17,341 INFO c.h.h.t.HelmChartContainer - [test-hivemq-platform] [hivemq] [dc99488b] WARN  - [HiveMQ Platform Operator Init App 1.7.0-SNAPSHOT] Cannot connect to Health API for readiness: null
2025-01-30 18:16:17,348 INFO c.h.h.t.HelmChartContainer - [EVENT] Warning [Unhealthy] Readiness probe failed: HTTP probe failed with statuscode: 503 [updateloglevelit:test-hivemq-platform-0]
2025-01-30 18:16:17,348 INFO c.h.h.t.HelmChartContainer - Received Unhealthy event for container hivemq in pod test-hivemq-platform-0 [dc99488b-dc4f-4968-b812-b03dbfd444a0]
2025-01-30 18:16:17,424 INFO c.h.h.t.HelmChartContainer - [test-hivemq-platform] [hivemq] [dc99488b] INFO  - [HiveMQ Platform Operator Init App 1.7.0-SNAPSHOT] Successfully updated Pod HiveMQ Platform Operator Init App version annotation (version: 1.7.0-SNAPSHOT)
2025-01-30 18:16:22,248 INFO c.h.h.t.HelmChartContainer - [test-hivemq-platform] [hivemq] [dc99488b] WARN  - [HiveMQ Platform Operator Init App 1.7.0-SNAPSHOT] Cannot connect to Health API for readiness: null
2025-01-30 18:16:22,253 INFO c.h.h.t.HelmChartContainer - [EVENT] Warning [Unhealthy] Readiness probe failed: HTTP probe failed with statuscode: 503 [updateloglevelit:test-hivemq-platform-0]
2025-01-30 18:16:22,253 INFO c.h.h.t.HelmChartContainer - Received Unhealthy event for container hivemq in pod test-hivemq-platform-0 [dc99488b-dc4f-4968-b812-b03dbfd444a0]
2025-01-30 18:16:27,249 INFO c.h.h.t.HelmChartContainer - [test-hivemq-platform] [hivemq] [dc99488b] WARN  - [HiveMQ Platform Operator Init App 1.7.0-SNAPSHOT] Cannot connect to Health API for readiness: null
2025-01-30 18:16:27,253 INFO c.h.h.t.HelmChartContainer - [EVENT] Warning [Unhealthy] Readiness probe failed: HTTP probe failed with statuscode: 503 [updateloglevelit:test-hivemq-platform-0]
2025-01-30 18:16:27,253 INFO c.h.h.t.HelmChartContainer - Received Unhealthy event for container hivemq in pod test-hivemq-platform-0 [dc99488b-dc4f-4968-b812-b03dbfd444a0]
2025-01-30 18:16:27,277 INFO c.h.h.t.HelmChartContainer - [hivemq-test-hivemq-platform] [hivemq-platform-operator] [232a5dbf] 18:16:27.273 [pool-6-thread-34] DEBUG c.h.p.o.d.PlatformServiceResource - [updatelo] Desired Platform services (3 services)
2025-01-30 18:16:27,277 INFO c.h.h.t.HelmChartContainer - [hivemq-test-hivemq-platform] [hivemq-platform-operator] [232a5dbf] 18:16:27.275 [pool-6-thread-31] DEBUG c.h.p.o.dependants.PodInfoConfigMap - [updatelo] Desired PodInfo ConfigMap (1 extensions) (1 enabled)
2025-01-30 18:16:27,277 INFO c.h.h.t.HelmChartContainer - [hivemq-test-hivemq-platform] [hivemq-platform-operator] [232a5dbf] 18:16:27.275 [pool-6-thread-31] DEBUG c.h.p.o.dependants.PodInfoConfigMap - [updatelo] Desired PodInfo ConfigMap (metrics port: 9399) (metrics path: /)
2025-01-30 18:16:27,277 INFO c.h.h.t.HelmChartContainer - [hivemq-test-hivemq-platform] [hivemq-platform-operator] [232a5dbf] 18:16:27.276 [pool-6-thread-31] DEBUG c.h.p.o.dependants.PodInfoConfigMap - [updatelo] Desired PodInfo ConfigMap (extension state hash: -1817474005)
2025-01-30 18:16:27,278 INFO c.h.h.t.HelmChartContainer - [hivemq-test-hivemq-platform] [hivemq-platform-operator] [232a5dbf] 18:16:27.276 [pool-6-thread-36] DEBUG c.h.p.o.d.PodServiceAccountResource - [updatelo] Desired PodServiceAccountResource (serviceAccountName: hivemq-platform-pod-test-hivemq-platform)
2025-01-30 18:16:27,282 INFO c.h.h.t.HelmChartContainer - [hivemq-test-hivemq-platform] [hivemq-platform-operator] [232a5dbf] 18:16:27.281 [pool-6-thread-34] DEBUG c.h.p.o.d.StatefulSetResource - [updatelo] Desired StatefulSet (1 replicas) for status STARTING (READY)
2025-01-30 18:16:27,286 INFO c.h.h.t.HelmChartContainer - [hivemq-test-hivemq-platform] [hivemq-platform-operator] [232a5dbf] 18:16:27.284 [ReconcilerExecutor-hivemq-controller-111] INFO  c.h.p.o.HiveMQPlatformReconciler - [updatelo] Reconciling HiveMQ Platform 'test-hivemq-platform' in namespace 'updateloglevelit'
2025-01-30 18:16:27,287 INFO c.h.h.t.HelmChartContainer - [hivemq-test-hivemq-platform] [hivemq-platform-operator] [232a5dbf] 18:16:27.284 [ReconcilerExecutor-hivemq-controller-111] DEBUG c.h.p.o.HiveMQPlatformReconciler - [updatelo] Custom Resource Status STARTING - HiveMQ Platform is starting (READY)
2025-01-30 18:16:27,287 INFO c.h.h.t.HelmChartContainer - [hivemq-test-hivemq-platform] [hivemq-platform-operator] [232a5dbf] 18:16:27.285 [ReconcilerExecutor-hivemq-controller-111] DEBUG c.h.p.o.HiveMQPlatformReconciler - [updatelo] Custom Resource Spec (replicas: 1) (extensions: 1)
2025-01-30 18:16:27,287 INFO c.h.h.t.HelmChartContainer - [hivemq-test-hivemq-platform] [hivemq-platform-operator] [232a5dbf] 18:16:27.286 [ReconcilerExecutor-hivemq-controller-111] DEBUG c.h.p.o.HiveMQPlatformReconciler - [updatelo] StatefulSet Status (revision: test-hivemq-platform-b697f795f, replicas: 1, available: 0, ready: 0, current: 1, updated: 1)
2025-01-30 18:16:27,288 INFO c.h.h.t.HelmChartContainer - [hivemq-test-hivemq-platform] [hivemq-platform-operator] [232a5dbf] 18:16:27.286 [ReconcilerExecutor-hivemq-controller-111] DEBUG c.h.p.o.HiveMQPlatformReconciler - [updatelo] StatefulSet Spec (replicas: 1, init containers: 1, containers: 1, volumes: 3)
2025-01-30 18:16:27,289 INFO c.h.h.t.HelmChartContainer - [hivemq-test-hivemq-platform] [hivemq-platform-operator] [232a5dbf] 18:16:27.288 [ReconcilerExecutor-hivemq-controller-111] DEBUG c.h.p.o.h.HiveMQPlatformReconcilerErrorHandler - [updatelo] Pod 'test-hivemq-platform-0' phase Running
2025-01-30 18:16:27,289 INFO c.h.h.t.HelmChartContainer - [hivemq-test-hivemq-platform] [hivemq-platform-operator] [232a5dbf] 18:16:27.288 [ReconcilerExecutor-hivemq-controller-111] INFO  c.h.p.o.h.HiveMQPlatformReconcilerBaseHandler - [updatelo] HiveMQ Platform is starting, 0 of 1 replicas are ready
2025-01-30 18:16:27,950 INFO c.h.h.t.HelmChartContainer - [test-hivemq-platform] [hivemq] [dc99488b] INFO  - No valid license file found. Using trial license, restricted to 25 connections.
2025-01-30 18:16:28,537 INFO c.h.h.t.HelmChartContainer - [test-hivemq-platform] [hivemq] [dc99488b] WARN  - [HiveMQ Platform Operator Init App 1.7.0-SNAPSHOT] Cannot connect to Health API for liveness: null
2025-01-30 18:16:28,538 INFO c.h.h.t.HelmChartContainer - [test-hivemq-platform] [hivemq] [dc99488b] INFO  - [HiveMQ Platform Operator Init App 1.7.0-SNAPSHOT] Returning default Health API response 200 for liveness
2025-01-30 18:16:31,249 INFO c.h.h.t.HelmChartContainer - [test-hivemq-platform] [hivemq] [dc99488b] INFO  - No valid license file for Data Hub found. Using free license, restricted to 1 policy.
2025-01-30 18:16:32,247 INFO c.h.h.t.HelmChartContainer - [test-hivemq-platform] [hivemq] [dc99488b] WARN  - [HiveMQ Platform Operator Init App 1.7.0-SNAPSHOT] Cannot connect to Health API for readiness: null
2025-01-30 18:16:32,252 INFO c.h.h.t.HelmChartContainer - [EVENT] Warning [Unhealthy] Readiness probe failed: HTTP probe failed with statuscode: 503 [updateloglevelit:test-hivemq-platform-0]
2025-01-30 18:16:32,252 INFO c.h.h.t.HelmChartContainer - Received Unhealthy event for container hivemq in pod test-hivemq-platform-0 [dc99488b-dc4f-4968-b812-b03dbfd444a0]
2025-01-30 18:16:32,742 INFO c.h.h.t.HelmChartContainer - [test-hivemq-platform] [hivemq] [dc99488b] INFO  - Audit Logger started.
2025-01-30 18:16:33,040 INFO c.h.h.t.HelmChartContainer - [test-hivemq-platform] [hivemq] [dc99488b] INFO  - This node uses '1' CPU cores.
2025-01-30 18:16:33,044 INFO c.h.h.t.HelmChartContainer - [test-hivemq-platform] [hivemq] [dc99488b] INFO  - Starting HiveMQ Health API on address 0.0.0.0 and port 8889
2025-01-30 18:16:33,952 INFO c.h.h.t.HelmChartContainer - [test-hivemq-platform] [hivemq] [dc99488b] INFO  - Started HiveMQ Health API in 907ms
2025-01-30 18:16:34,737 INFO c.h.h.t.HelmChartContainer - [test-hivemq-platform] [hivemq] [dc99488b] INFO  - Starting HiveMQ extension system.
2025-01-30 18:16:35,023 INFO c.h.h.t.HelmChartContainer - [test-hivemq-platform] [hivemq] [dc99488b] INFO  - Starting extension with id "hivemq-dns-cluster-discovery" at /opt/hivemq/extensions/hivemq-dns-cluster-discovery
2025-01-30 18:16:35,536 INFO c.h.h.t.HelmChartContainer - [test-hivemq-platform] [hivemq] [dc99488b] INFO  - Extension "DNS Cluster Discovery Extension" version 4.3.2 started successfully.
2025-01-30 18:16:35,538 INFO c.h.h.t.HelmChartContainer - [test-hivemq-platform] [hivemq] [dc99488b] INFO  - Starting extension with id "hivemq-prometheus-extension" at /opt/hivemq/extensions/hivemq-prometheus-extension
2025-01-30 18:16:35,538 INFO c.h.h.t.HelmChartContainer - [test-hivemq-platform] [hivemq] [dc99488b] INFO  - Using TCP cluster transport on address 10.42.0.11 and port 7000
2025-01-30 18:16:35,546 INFO c.h.h.t.HelmChartContainer - [test-hivemq-platform] [hivemq] [dc99488b] INFO  - Using extension cluster discovery
2025-01-30 18:16:36,448 INFO c.h.h.t.HelmChartContainer - [test-hivemq-platform] [hivemq] [dc99488b] INFO  - Started Jetty Server exposing Prometheus Servlet on URI http://0.0.0.0:9399/
2025-01-30 18:16:36,448 INFO c.h.h.t.HelmChartContainer - [test-hivemq-platform] [hivemq] [dc99488b] INFO  - Extension "Prometheus Monitoring Extension" version 4.0.12 started successfully.
2025-01-30 18:16:36,449 INFO c.h.h.t.HelmChartContainer - [test-hivemq-platform] [hivemq] [dc99488b] INFO  - Starting extension with id "hivemq-allow-all-extension" at /opt/hivemq/extensions/hivemq-allow-all-extension
2025-01-30 18:16:36,449 INFO c.h.h.t.HelmChartContainer - [test-hivemq-platform] [hivemq] [dc99488b] WARN  - 
2025-01-30 18:16:36,449 INFO c.h.h.t.HelmChartContainer - [test-hivemq-platform] [hivemq] [dc99488b] ################################################################################################################
2025-01-30 18:16:36,449 INFO c.h.h.t.HelmChartContainer - [test-hivemq-platform] [hivemq] [dc99488b] # This HiveMQ deployment is not secure! You are lacking Authentication and Authorization.                      #
2025-01-30 18:16:36,449 INFO c.h.h.t.HelmChartContainer - [test-hivemq-platform] [hivemq] [dc99488b] # Right now any MQTT client can connect to the broker with a full set of permissions.                          #
2025-01-30 18:16:36,449 INFO c.h.h.t.HelmChartContainer - [test-hivemq-platform] [hivemq] [dc99488b] # For production usage, add an appropriate security extension and remove the hivemq-allow-all extension.       #
2025-01-30 18:16:36,449 INFO c.h.h.t.HelmChartContainer - [test-hivemq-platform] [hivemq] [dc99488b] # You can download security extensions from the HiveMQ Marketplace (https://www.hivemq.com/extensions/).       #
2025-01-30 18:16:36,449 INFO c.h.h.t.HelmChartContainer - [test-hivemq-platform] [hivemq] [dc99488b] ################################################################################################################
2025-01-30 18:16:36,449 INFO c.h.h.t.HelmChartContainer - [test-hivemq-platform] [hivemq] [dc99488b] INFO  - Extension "Allow All Extension" version 1.1.1 started successfully.
2025-01-30 18:16:37,293 INFO c.h.h.t.HelmChartContainer - [hivemq-test-hivemq-platform] [hivemq-platform-operator] [232a5dbf] 18:16:37.292 [pool-6-thread-45] DEBUG c.h.p.o.d.PlatformServiceResource - [updatelo] Desired Platform services (3 services)
2025-01-30 18:16:37,295 INFO c.h.h.t.HelmChartContainer - [hivemq-test-hivemq-platform] [hivemq-platform-operator] [232a5dbf] 18:16:37.292 [pool-6-thread-41] DEBUG c.h.p.o.d.PodServiceAccountResource - [updatelo] Desired PodServiceAccountResource (serviceAccountName: hivemq-platform-pod-test-hivemq-platform)
2025-01-30 18:16:37,295 INFO c.h.h.t.HelmChartContainer - [hivemq-test-hivemq-platform] [hivemq-platform-operator] [232a5dbf] 18:16:37.294 [pool-6-thread-43] DEBUG c.h.p.o.dependants.PodInfoConfigMap - [updatelo] Desired PodInfo ConfigMap (1 extensions) (1 enabled)
2025-01-30 18:16:37,295 INFO c.h.h.t.HelmChartContainer - [hivemq-test-hivemq-platform] [hivemq-platform-operator] [232a5dbf] 18:16:37.294 [pool-6-thread-43] DEBUG c.h.p.o.dependants.PodInfoConfigMap - [updatelo] Desired PodInfo ConfigMap (metrics port: 9399) (metrics path: /)
2025-01-30 18:16:37,295 INFO c.h.h.t.HelmChartContainer - [hivemq-test-hivemq-platform] [hivemq-platform-operator] [232a5dbf] 18:16:37.294 [pool-6-thread-43] DEBUG c.h.p.o.dependants.PodInfoConfigMap - [updatelo] Desired PodInfo ConfigMap (extension state hash: -1817474005)
2025-01-30 18:16:37,303 INFO c.h.h.t.HelmChartContainer - [hivemq-test-hivemq-platform] [hivemq-platform-operator] [232a5dbf] 18:16:37.302 [pool-6-thread-45] DEBUG c.h.p.o.d.StatefulSetResource - [updatelo] Desired StatefulSet (1 replicas) for status STARTING (READY)
2025-01-30 18:16:37,393 INFO c.h.h.t.HelmChartContainer - [hivemq-test-hivemq-platform] [hivemq-platform-operator] [232a5dbf] 18:16:37.391 [ReconcilerExecutor-hivemq-controller-112] INFO  c.h.p.o.HiveMQPlatformReconciler - [updatelo] Reconciling HiveMQ Platform 'test-hivemq-platform' in namespace 'updateloglevelit'
2025-01-30 18:16:37,394 INFO c.h.h.t.HelmChartContainer - [hivemq-test-hivemq-platform] [hivemq-platform-operator] [232a5dbf] 18:16:37.391 [ReconcilerExecutor-hivemq-controller-112] DEBUG c.h.p.o.HiveMQPlatformReconciler - [updatelo] Custom Resource Status STARTING - HiveMQ Platform is starting (READY)
2025-01-30 18:16:37,394 INFO c.h.h.t.HelmChartContainer - [hivemq-test-hivemq-platform] [hivemq-platform-operator] [232a5dbf] 18:16:37.391 [ReconcilerExecutor-hivemq-controller-112] DEBUG c.h.p.o.HiveMQPlatformReconciler - [updatelo] Custom Resource Spec (replicas: 1) (extensions: 1)
2025-01-30 18:16:37,395 INFO c.h.h.t.HelmChartContainer - [hivemq-test-hivemq-platform] [hivemq-platform-operator] [232a5dbf] 18:16:37.394 [ReconcilerExecutor-hivemq-controller-112] DEBUG c.h.p.o.HiveMQPlatformReconciler - [updatelo] StatefulSet Status (revision: test-hivemq-platform-b697f795f, replicas: 1, available: 0, ready: 0, current: 1, updated: 1)
2025-01-30 18:16:37,395 INFO c.h.h.t.HelmChartContainer - [hivemq-test-hivemq-platform] [hivemq-platform-operator] [232a5dbf] 18:16:37.394 [ReconcilerExecutor-hivemq-controller-112] DEBUG c.h.p.o.HiveMQPlatformReconciler - [updatelo] StatefulSet Spec (replicas: 1, init containers: 1, containers: 1, volumes: 3)
2025-01-30 18:16:37,396 INFO c.h.h.t.HelmChartContainer - [hivemq-test-hivemq-platform] [hivemq-platform-operator] [232a5dbf] 18:16:37.396 [ReconcilerExecutor-hivemq-controller-112] DEBUG c.h.p.o.h.HiveMQPlatformReconcilerErrorHandler - [updatelo] Pod 'test-hivemq-platform-0' phase Running
2025-01-30 18:16:37,397 INFO c.h.h.t.HelmChartContainer - [hivemq-test-hivemq-platform] [hivemq-platform-operator] [232a5dbf] 18:16:37.397 [ReconcilerExecutor-hivemq-controller-112] INFO  c.h.p.o.h.HiveMQPlatformReconcilerBaseHandler - [updatelo] HiveMQ Platform is starting, 0 of 1 replicas are ready
2025-01-30 18:16:37,646 INFO c.h.h.t.HelmChartContainer - [test-hivemq-platform] [hivemq] [dc99488b] INFO  - [HiveMQ Platform Operator Init App 1.7.0-SNAPSHOT] Returning Health API response 503 for readiness
2025-01-30 18:16:37,651 INFO c.h.h.t.HelmChartContainer - [EVENT] Warning [Unhealthy] Readiness probe failed: HTTP probe failed with statuscode: 503 [updateloglevelit:test-hivemq-platform-0]
2025-01-30 18:16:37,651 INFO c.h.h.t.HelmChartContainer - Received Unhealthy event for container hivemq in pod test-hivemq-platform-0 [dc99488b-dc4f-4968-b812-b03dbfd444a0]
2025-01-30 18:16:38,447 INFO c.h.h.t.HelmChartContainer - [test-hivemq-platform] [hivemq] [dc99488b] INFO  - fN5nW: no members discovered after 2311 ms: creating cluster as first member
2025-01-30 18:16:38,453 INFO c.h.h.t.HelmChartContainer - [test-hivemq-platform] [hivemq] [dc99488b] INFO  - Cluster nodes found by discovery: [fN5nW|0] (1) [fN5nW].
2025-01-30 18:16:38,470 INFO c.h.h.t.HelmChartContainer - [test-hivemq-platform] [hivemq] [dc99488b] WARN  - No user for HiveMQ Control Center configured. Starting with default user
2025-01-30 18:16:38,471 INFO c.h.h.t.HelmChartContainer - [test-hivemq-platform] [hivemq] [dc99488b] INFO  - Starting HiveMQ Control Center on address 0.0.0.0 and port 8080
2025-01-30 18:16:38,535 INFO c.h.h.t.HelmChartContainer - [test-hivemq-platform] [hivemq] [dc99488b] INFO  - Mounting HiveMQ Control Center V2 Preview
2025-01-30 18:16:39,122 INFO c.h.h.t.HelmChartContainer - [test-hivemq-platform] [hivemq] [dc99488b] INFO  - Started HiveMQ Control Center in 651ms
2025-01-30 18:16:39,148 INFO c.h.h.t.HelmChartContainer - [test-hivemq-platform] [hivemq] [dc99488b] INFO  - Starting TCP listener on address 0.0.0.0 and port 1883
2025-01-30 18:16:39,162 INFO c.h.h.t.HelmChartContainer - [test-hivemq-platform] [hivemq] [dc99488b] INFO  - Started TCP Listener on address 0.0.0.0 and on port 1883.
2025-01-30 18:16:39,162 INFO c.h.h.t.HelmChartContainer - [test-hivemq-platform] [hivemq] [dc99488b] INFO  - Started HiveMQ in 30013ms
2025-01-30 18:16:42,248 INFO c.h.h.t.HelmChartContainer - [test-hivemq-platform] [hivemq] [dc99488b] INFO  - [HiveMQ Platform Operator Init App 1.7.0-SNAPSHOT] Returning Health API response 200 for readiness
2025-01-30 18:16:42,260 INFO c.h.h.t.HelmChartContainer - [POD] test-hivemq-platform-0 [dc99488b-dc4f-4968-b812-b03dbfd444a0] in updateloglevelit was MODIFIED
2025-01-30 18:16:42,272 INFO c.h.h.t.HelmChartContainer - [hivemq-test-hivemq-platform] [hivemq-platform-operator] [232a5dbf] 18:16:42.269 [pool-6-thread-7] DEBUG c.h.p.o.d.PlatformServiceResource - [updatelo] Desired Platform services (3 services)
2025-01-30 18:16:42,273 INFO c.h.h.t.HelmChartContainer - [hivemq-test-hivemq-platform] [hivemq-platform-operator] [232a5dbf] 18:16:42.271 [pool-6-thread-9] DEBUG c.h.p.o.dependants.PodInfoConfigMap - [updatelo] Desired PodInfo ConfigMap (1 extensions) (1 enabled)
2025-01-30 18:16:42,273 INFO c.h.h.t.HelmChartContainer - [hivemq-test-hivemq-platform] [hivemq-platform-operator] [232a5dbf] 18:16:42.271 [pool-6-thread-9] DEBUG c.h.p.o.dependants.PodInfoConfigMap - [updatelo] Desired PodInfo ConfigMap (metrics port: 9399) (metrics path: /)
2025-01-30 18:16:42,273 INFO c.h.h.t.HelmChartContainer - [hivemq-test-hivemq-platform] [hivemq-platform-operator] [232a5dbf] 18:16:42.272 [pool-6-thread-9] DEBUG c.h.p.o.dependants.PodInfoConfigMap - [updatelo] Desired PodInfo ConfigMap (extension state hash: -1817474005)
2025-01-30 18:16:42,280 INFO c.h.h.t.HelmChartContainer - [hivemq-test-hivemq-platform] [hivemq-platform-operator] [232a5dbf] 18:16:42.279 [pool-6-thread-1] DEBUG c.h.p.o.d.PodServiceAccountResource - [updatelo] Desired PodServiceAccountResource (serviceAccountName: hivemq-platform-pod-test-hivemq-platform)
2025-01-30 18:16:42,286 INFO c.h.h.t.HelmChartContainer - [hivemq-test-hivemq-platform] [hivemq-platform-operator] [232a5dbf] 18:16:42.284 [pool-6-thread-7] DEBUG c.h.p.o.d.StatefulSetResource - [updatelo] Desired StatefulSet (1 replicas) for status STARTING (READY)
2025-01-30 18:16:42,296 INFO c.h.h.t.HelmChartContainer - [hivemq-test-hivemq-platform] [hivemq-platform-operator] [232a5dbf] 18:16:42.294 [ReconcilerExecutor-hivemq-controller-113] INFO  c.h.p.o.HiveMQPlatformReconciler - [updatelo] Reconciling HiveMQ Platform 'test-hivemq-platform' in namespace 'updateloglevelit'
2025-01-30 18:16:42,296 INFO c.h.h.t.HelmChartContainer - [hivemq-test-hivemq-platform] [hivemq-platform-operator] [232a5dbf] 18:16:42.294 [ReconcilerExecutor-hivemq-controller-113] DEBUG c.h.p.o.HiveMQPlatformReconciler - [updatelo] Custom Resource Status STARTING - HiveMQ Platform is starting (READY)
2025-01-30 18:16:42,296 INFO c.h.h.t.HelmChartContainer - [hivemq-test-hivemq-platform] [hivemq-platform-operator] [232a5dbf] 18:16:42.294 [ReconcilerExecutor-hivemq-controller-113] DEBUG c.h.p.o.HiveMQPlatformReconciler - [updatelo] Custom Resource Spec (replicas: 1) (extensions: 1)
2025-01-30 18:16:42,296 INFO c.h.h.t.HelmChartContainer - [hivemq-test-hivemq-platform] [hivemq-platform-operator] [232a5dbf] 18:16:42.295 [ReconcilerExecutor-hivemq-controller-113] DEBUG c.h.p.o.HiveMQPlatformReconciler - [updatelo] StatefulSet Status (revision: test-hivemq-platform-b697f795f, replicas: 1, available: 1, ready: 1, current: 1, updated: 1)
2025-01-30 18:16:42,297 INFO c.h.h.t.HelmChartContainer - [hivemq-test-hivemq-platform] [hivemq-platform-operator] [232a5dbf] 18:16:42.296 [ReconcilerExecutor-hivemq-controller-113] DEBUG c.h.p.o.HiveMQPlatformReconciler - [updatelo] StatefulSet Spec (replicas: 1, init containers: 1, containers: 1, volumes: 3)
2025-01-30 18:16:42,299 INFO c.h.h.t.HelmChartContainer - [hivemq-test-hivemq-platform] [hivemq-platform-operator] [232a5dbf] 18:16:42.298 [ReconcilerExecutor-hivemq-controller-113] DEBUG c.h.p.o.h.HiveMQPlatformReconcilerErrorHandler - [updatelo] Pod 'test-hivemq-platform-0' phase Running
2025-01-30 18:16:42,300 INFO c.h.h.t.HelmChartContainer - [hivemq-test-hivemq-platform] [hivemq-platform-operator] [232a5dbf] 18:16:42.299 [ReconcilerExecutor-hivemq-controller-113] INFO  c.h.p.o.h.HiveMQPlatformReconcilerBaseHandler - [updatelo] HiveMQ Platform started successfully
2025-01-30 18:16:42,395 INFO c.h.h.t.HelmChartContainer - [hivemq-test-hivemq-platform] [hivemq-platform-operator] [232a5dbf] 18:16:42.394 [ReconcilerExecutor-hivemq-controller-113] DEBUG c.h.p.operator.event.EventSender - [updatelo] Creating K8s event hivemq-platform-ready: [Ready] HiveMQ Platform is ready
2025-01-30 18:16:42,399 INFO c.h.h.t.HelmChartContainer - [EVENT] Normal [Ready] HiveMQ Platform is ready [updateloglevelit:test-hivemq-platform]
2025-01-30 18:16:42,400 INFO c.h.h.t.HelmChartContainer - [hivemq-test-hivemq-platform] [hivemq-platform-operator] [232a5dbf] 18:16:42.399 [ReconcilerExecutor-hivemq-controller-113] INFO  c.h.p.o.h.AbstractHiveMQReconcilerStateHandler - [updatelo] Update HiveMQ Platform Status (STARTING [READY] -> RUNNING [READY]): HiveMQ Platform is ready
2025-01-30 18:16:42,407 DEBUG com.hivemq.helmcharts.util.K8sUtil - Comparing actual state 'RUNNING' and waiting for 'RUNNING'
2025-01-30 18:16:42,476 INFO c.h.h.t.HelmChartContainer - [hivemq-test-hivemq-platform] [hivemq-platform-operator] [232a5dbf] 18:16:42.474 [pool-6-thread-19] DEBUG c.h.p.o.d.PlatformServiceResource - [updatelo] Desired Platform services (3 services)
2025-01-30 18:16:42,476 INFO c.h.h.t.HelmChartContainer - [hivemq-test-hivemq-platform] [hivemq-platform-operator] [232a5dbf] 18:16:42.474 [pool-6-thread-18] DEBUG c.h.p.o.d.PodServiceAccountResource - [updatelo] Desired PodServiceAccountResource (serviceAccountName: hivemq-platform-pod-test-hivemq-platform)
2025-01-30 18:16:42,477 INFO c.h.h.t.HelmChartContainer - [hivemq-test-hivemq-platform] [hivemq-platform-operator] [232a5dbf] 18:16:42.477 [pool-6-thread-13] DEBUG c.h.p.o.dependants.PodInfoConfigMap - [updatelo] Desired PodInfo ConfigMap (1 extensions) (1 enabled)
2025-01-30 18:16:42,477 INFO c.h.h.t.HelmChartContainer - [hivemq-test-hivemq-platform] [hivemq-platform-operator] [232a5dbf] 18:16:42.477 [pool-6-thread-13] DEBUG c.h.p.o.dependants.PodInfoConfigMap - [updatelo] Desired PodInfo ConfigMap (metrics port: 9399) (metrics path: /)
2025-01-30 18:16:42,477 INFO c.h.h.t.HelmChartContainer - [hivemq-test-hivemq-platform] [hivemq-platform-operator] [232a5dbf] 18:16:42.477 [pool-6-thread-13] DEBUG c.h.p.o.dependants.PodInfoConfigMap - [updatelo] Desired PodInfo ConfigMap (extension state hash: -1817474005)
2025-01-30 18:16:42,479 INFO c.h.h.t.HelmChartContainer - [hivemq-test-hivemq-platform] [hivemq-platform-operator] [232a5dbf] 18:16:42.478 [pool-6-thread-13] DEBUG c.h.p.o.dependants.PodInfoConfigMap - [updatelo] Update PodInfo ConfigMap
2025-01-30 18:16:42,502 INFO c.h.h.t.HelmChartContainer - [hivemq-test-hivemq-platform] [hivemq-platform-operator] [232a5dbf] 18:16:42.500 [pool-6-thread-13] DEBUG c.h.p.o.d.StatefulSetResource - [updatelo] Desired StatefulSet (1 replicas) for status RUNNING (READY)
2025-01-30 18:16:42,577 INFO c.h.h.t.HelmChartContainer - [hivemq-test-hivemq-platform] [hivemq-platform-operator] [232a5dbf] 18:16:42.573 [ReconcilerExecutor-hivemq-controller-114] INFO  c.h.p.o.HiveMQPlatformReconciler - [updatelo] Reconciling HiveMQ Platform 'test-hivemq-platform' in namespace 'updateloglevelit'
2025-01-30 18:16:42,577 INFO c.h.h.t.HelmChartContainer - [hivemq-test-hivemq-platform] [hivemq-platform-operator] [232a5dbf] 18:16:42.573 [ReconcilerExecutor-hivemq-controller-114] DEBUG c.h.p.o.HiveMQPlatformReconciler - [updatelo] Custom Resource Status RUNNING - HiveMQ Platform is ready (READY)
2025-01-30 18:16:42,577 INFO c.h.h.t.HelmChartContainer - [hivemq-test-hivemq-platform] [hivemq-platform-operator] [232a5dbf] 18:16:42.573 [ReconcilerExecutor-hivemq-controller-114] DEBUG c.h.p.o.HiveMQPlatformReconciler - [updatelo] Custom Resource Spec (replicas: 1) (extensions: 1)
2025-01-30 18:16:42,577 INFO c.h.h.t.HelmChartContainer - [hivemq-test-hivemq-platform] [hivemq-platform-operator] [232a5dbf] 18:16:42.576 [ReconcilerExecutor-hivemq-controller-114] DEBUG c.h.p.o.HiveMQPlatformReconciler - [updatelo] StatefulSet Status (revision: test-hivemq-platform-b697f795f, replicas: 1, available: 1, ready: 1, current: 1, updated: 1)
2025-01-30 18:16:42,577 INFO c.h.h.t.HelmChartContainer - [hivemq-test-hivemq-platform] [hivemq-platform-operator] [232a5dbf] 18:16:42.576 [ReconcilerExecutor-hivemq-controller-114] DEBUG c.h.p.o.HiveMQPlatformReconciler - [updatelo] StatefulSet Spec (replicas: 1, init containers: 1, containers: 1, volumes: 3)
2025-01-30 18:16:42,593 INFO c.h.h.t.HelmChartContainer - [hivemq-test-hivemq-platform] [hivemq-platform-operator] [232a5dbf] 18:16:42.592 [ReconcilerExecutor-hivemq-controller-114] DEBUG c.h.p.o.h.HiveMQPlatformReconcilerErrorHandler - [updatelo] Pod 'test-hivemq-platform-0' phase Running
2025-01-30 18:16:44,417 INFO c.h.h.platform.UpdateLogLevelIT - Assert original logback.xml in pods
2025-01-30 18:16:44,515 INFO c.h.h.platform.UpdateLogLevelIT - Trigger update of log level
2025-01-30 18:16:44,576 DEBUG c.h.h.t.HelmChartContainer - Executing helm command: /bin/helm --kubeconfig /etc/rancher/k3s/k3s.yaml upgrade test-hivemq-platform /charts/hivemq-platform --wait --timeout 5m0s --set image.repository=docker.io/hivemq --set image.tag=4.36.0 --set image.pullPolicy=Never --set nodes.resources.cpu=512m --set nodes.logLevel=WARN --namespace updateloglevelit
2025-01-30 18:16:44,921 INFO c.h.h.t.HelmChartContainer - [hivemq-test-hivemq-platform] [hivemq-platform-operator] [232a5dbf] 18:16:44.919 [pool-6-thread-27] DEBUG c.h.p.o.d.PlatformServiceResource - [updatelo] Desired Platform services (3 services)
2025-01-30 18:16:44,922 INFO c.h.h.t.HelmChartContainer - [hivemq-test-hivemq-platform] [hivemq-platform-operator] [232a5dbf] 18:16:44.920 [pool-6-thread-26] DEBUG c.h.p.o.dependants.PodInfoConfigMap - [updatelo] Desired PodInfo ConfigMap (1 extensions) (1 enabled)
2025-01-30 18:16:44,922 INFO c.h.h.t.HelmChartContainer - [hivemq-test-hivemq-platform] [hivemq-platform-operator] [232a5dbf] 18:16:44.920 [pool-6-thread-26] DEBUG c.h.p.o.dependants.PodInfoConfigMap - [updatelo] Desired PodInfo ConfigMap (metrics port: 9399) (metrics path: /)
2025-01-30 18:16:44,922 INFO c.h.h.t.HelmChartContainer - [hivemq-test-hivemq-platform] [hivemq-platform-operator] [232a5dbf] 18:16:44.920 [pool-6-thread-26] DEBUG c.h.p.o.dependants.PodInfoConfigMap - [updatelo] Desired PodInfo ConfigMap (extension state hash: -1817474005)
2025-01-30 18:16:44,924 INFO c.h.h.t.HelmChartContainer - [hivemq-test-hivemq-platform] [hivemq-platform-operator] [232a5dbf] 18:16:44.923 [pool-6-thread-26] DEBUG c.h.p.o.dependants.PodInfoConfigMap - [updatelo] Update PodInfo ConfigMap
2025-01-30 18:16:44,925 INFO c.h.h.t.HelmChartContainer - [hivemq-test-hivemq-platform] [hivemq-platform-operator] [232a5dbf] 18:16:44.923 [pool-6-thread-26] INFO  c.h.p.o.dependants.PodInfoConfigMap - [updatelo] Log level was updated, triggering set log level
2025-01-30 18:16:44,997 INFO c.h.h.t.HelmChartContainer - [hivemq-test-hivemq-platform] [hivemq-platform-operator] [232a5dbf] 18:16:44.992 [pool-6-thread-24] DEBUG c.h.p.o.d.PodServiceAccountResource - [updatelo] Desired PodServiceAccountResource (serviceAccountName: hivemq-platform-pod-test-hivemq-platform)
2025-01-30 18:16:45,006 INFO c.h.h.t.HelmChartContainer - [hivemq-test-hivemq-platform] [hivemq-platform-operator] [232a5dbf] 18:16:45.001 [pool-6-thread-26] DEBUG c.h.p.o.d.StatefulSetResource - [updatelo] Desired StatefulSet (2 replicas) for status RUNNING (READY)
2025-01-30 18:16:45,009 INFO c.h.h.t.HelmChartContainer - [hivemq-test-hivemq-platform] [hivemq-platform-operator] [232a5dbf] 18:16:45.005 [pool-6-thread-26] DEBUG c.h.p.o.d.StatefulSetResource - [updatelo] Update StatefulSet (replicas: 1 -> 2)
2025-01-30 18:16:45,106 INFO c.h.h.t.HelmChartContainer - [hivemq-test-hivemq-platform] [hivemq-platform-operator] [232a5dbf] 18:16:45.101 [pool-6-thread-26] INFO  c.h.p.o.d.StatefulSetResource - [updatelo] Replica count was updated, triggering scaling
2025-01-30 18:16:45,118 DEBUG com.hivemq.helmcharts.util.K8sUtil - Comparing actual state 'RUNNING' and waiting for 'SET_LOG_LEVEL'
2025-01-30 18:16:45,133 INFO c.h.h.t.HelmChartContainer - [EVENT] Normal [SuccessfulCreate] create Pod test-hivemq-platform-1 in StatefulSet test-hivemq-platform successful [updateloglevelit:test-hivemq-platform]
2025-01-30 18:16:45,134 INFO c.h.h.t.HelmChartContainer - [POD] test-hivemq-platform-1 [27ade26a-86eb-4d8d-a393-9e381f19bff7] in updateloglevelit was ADDED
2025-01-30 18:16:45,139 INFO c.h.h.t.HelmChartContainer - [EVENT] Normal [Scheduled] Successfully assigned updateloglevelit/test-hivemq-platform-1 to 7516e517d64a [updateloglevelit:test-hivemq-platform-1]
2025-01-30 18:16:45,140 INFO c.h.h.t.HelmChartContainer - [POD] test-hivemq-platform-1 [27ade26a-86eb-4d8d-a393-9e381f19bff7] in updateloglevelit was MODIFIED
2025-01-30 18:16:45,150 INFO c.h.h.t.HelmChartContainer - [POD] test-hivemq-platform-1 [27ade26a-86eb-4d8d-a393-9e381f19bff7] in updateloglevelit was MODIFIED
2025-01-30 18:16:45,202 INFO c.h.h.t.HelmChartContainer - [hivemq-test-hivemq-platform] [hivemq-platform-operator] [232a5dbf] 18:16:45.199 [ReconcilerExecutor-hivemq-controller-115] INFO  c.h.p.o.HiveMQPlatformReconciler - [updatelo] Reconciling HiveMQ Platform 'test-hivemq-platform' in namespace 'updateloglevelit'
2025-01-30 18:16:45,202 INFO c.h.h.t.HelmChartContainer - [hivemq-test-hivemq-platform] [hivemq-platform-operator] [232a5dbf] 18:16:45.199 [ReconcilerExecutor-hivemq-controller-115] DEBUG c.h.p.o.HiveMQPlatformReconciler - [updatelo] Custom Resource Status RUNNING - HiveMQ Platform is ready (READY) (reconciliation requests: REQUESTS_UPDATED, SET_LOG_LEVEL, SCALING)
2025-01-30 18:16:45,202 INFO c.h.h.t.HelmChartContainer - [hivemq-test-hivemq-platform] [hivemq-platform-operator] [232a5dbf] 18:16:45.200 [ReconcilerExecutor-hivemq-controller-115] DEBUG c.h.p.o.HiveMQPlatformReconciler - [updatelo] Custom Resource Spec (replicas: 2) (extensions: 1)
2025-01-30 18:16:45,202 INFO c.h.h.t.HelmChartContainer - [hivemq-test-hivemq-platform] [hivemq-platform-operator] [232a5dbf] 18:16:45.201 [ReconcilerExecutor-hivemq-controller-115] DEBUG c.h.p.o.HiveMQPlatformReconciler - [updatelo] StatefulSet Status (revision: test-hivemq-platform-b697f795f, replicas: 2, available: 1, ready: 1, current: 2, updated: 2)
2025-01-30 18:16:45,202 INFO c.h.h.t.HelmChartContainer - [hivemq-test-hivemq-platform] [hivemq-platform-operator] [232a5dbf] 18:16:45.201 [ReconcilerExecutor-hivemq-controller-115] DEBUG c.h.p.o.HiveMQPlatformReconciler - [updatelo] StatefulSet Spec (replicas: 2, init containers: 1, containers: 1, volumes: 3)
2025-01-30 18:16:45,204 INFO c.h.h.t.HelmChartContainer - [hivemq-test-hivemq-platform] [hivemq-platform-operator] [232a5dbf] 18:16:45.203 [ReconcilerExecutor-hivemq-controller-115] DEBUG c.h.p.o.h.HiveMQPlatformReconcilerErrorHandler - [updatelo] Pod 'test-hivemq-platform-1' phase Pending
2025-01-30 18:16:45,204 INFO c.h.h.t.HelmChartContainer - [hivemq-test-hivemq-platform] [hivemq-platform-operator] [232a5dbf] 18:16:45.204 [ReconcilerExecutor-hivemq-controller-115] DEBUG c.h.p.o.h.HiveMQPlatformReconcilerErrorHandler - [updatelo] Pod 'test-hivemq-platform-1' condition 'PodReadyToStartContainers': False
2025-01-30 18:16:45,204 INFO c.h.h.t.HelmChartContainer - [hivemq-test-hivemq-platform] [hivemq-platform-operator] [232a5dbf] 18:16:45.204 [ReconcilerExecutor-hivemq-controller-115] DEBUG c.h.p.o.h.HiveMQPlatformReconcilerErrorHandler - [updatelo] Pod 'test-hivemq-platform-1' condition 'Initialized': False
2025-01-30 18:16:45,204 INFO c.h.h.t.HelmChartContainer - [hivemq-test-hivemq-platform] [hivemq-platform-operator] [232a5dbf] 18:16:45.204 [ReconcilerExecutor-hivemq-controller-115] DEBUG c.h.p.o.h.HiveMQPlatformReconcilerErrorHandler - [updatelo] Pod 'test-hivemq-platform-1' condition 'Ready': False
2025-01-30 18:16:45,207 INFO c.h.h.t.HelmChartContainer - [hivemq-test-hivemq-platform] [hivemq-platform-operator] [232a5dbf] 18:16:45.204 [ReconcilerExecutor-hivemq-controller-115] DEBUG c.h.p.o.h.HiveMQPlatformReconcilerErrorHandler - [updatelo] Pod 'test-hivemq-platform-1' condition 'ContainersReady': False
2025-01-30 18:16:45,207 INFO c.h.h.t.HelmChartContainer - [hivemq-test-hivemq-platform] [hivemq-platform-operator] [232a5dbf] 18:16:45.204 [ReconcilerExecutor-hivemq-controller-115] DEBUG c.h.p.o.h.HiveMQPlatformReconcilerErrorHandler - [updatelo] Pod 'test-hivemq-platform-1' condition 'PodScheduled': True
2025-01-30 18:16:45,207 INFO c.h.h.t.HelmChartContainer - [hivemq-test-hivemq-platform] [hivemq-platform-operator] [232a5dbf] 18:16:45.205 [ReconcilerExecutor-hivemq-controller-115] DEBUG c.h.p.o.h.HiveMQPlatformReconcilerErrorHandler - [updatelo] Pod 'test-hivemq-platform-1' containerStatus 'hivemq' (started: false) (ready: false) (waiting: [PodInitializing] null)
2025-01-30 18:16:45,209 INFO c.h.h.t.HelmChartContainer - [hivemq-test-hivemq-platform] [hivemq-platform-operator] [232a5dbf] 18:16:45.209 [ReconcilerExecutor-hivemq-controller-115] DEBUG c.h.p.o.h.HiveMQPlatformReconcilerErrorHandler - [updatelo] Pod 'test-hivemq-platform-0' phase Running
2025-01-30 18:16:45,210 INFO c.h.h.t.HelmChartContainer - [hivemq-test-hivemq-platform] [hivemq-platform-operator] [232a5dbf] 18:16:45.209 [ReconcilerExecutor-hivemq-controller-115] INFO  c.h.p.o.h.HiveMQPlatformReconcilerBaseHandler - [updatelo] Started update of log level (changing to WARN)
2025-01-30 18:16:45,243 INFO c.h.h.t.HelmChartContainer - [K3S] [reconciler_common.go:251] "operationExecutor.VerifyControllerAttachedVolume started for volume \"pod-info\" (UniqueName: \"kubernetes.io/configmap/27ade26a-86eb-4d8d-a393-9e381f19bff7-pod-info\") pod \"test-hivemq-platform-1\" (UID: \"27ade26a-86eb-4d8d-a393-9e381f19bff7\") " pod="updateloglevelit/test-hivemq-platform-1"
2025-01-30 18:16:45,243 INFO c.h.h.t.HelmChartContainer - [K3S] [reconciler_common.go:251] "operationExecutor.VerifyControllerAttachedVolume started for volume \"broker-configuration\" (UniqueName: \"kubernetes.io/configmap/27ade26a-86eb-4d8d-a393-9e381f19bff7-broker-configuration\") pod \"test-hivemq-platform-1\" (UID: \"27ade26a-86eb-4d8d-a393-9e381f19bff7\") " pod="updateloglevelit/test-hivemq-platform-1"
2025-01-30 18:16:45,243 INFO c.h.h.t.HelmChartContainer - [K3S] [reconciler_common.go:251] "operationExecutor.VerifyControllerAttachedVolume started for volume \"operator-init\" (UniqueName: \"kubernetes.io/empty-dir/27ade26a-86eb-4d8d-a393-9e381f19bff7-operator-init\") pod \"test-hivemq-platform-1\" (UID: \"27ade26a-86eb-4d8d-a393-9e381f19bff7\") " pod="updateloglevelit/test-hivemq-platform-1"
2025-01-30 18:16:45,243 INFO c.h.h.t.HelmChartContainer - [K3S] [reconciler_common.go:251] "operationExecutor.VerifyControllerAttachedVolume started for volume \"kube-api-access-gfsjp\" (UniqueName: \"kubernetes.io/projected/27ade26a-86eb-4d8d-a393-9e381f19bff7-kube-api-access-gfsjp\") pod \"test-hivemq-platform-1\" (UID: \"27ade26a-86eb-4d8d-a393-9e381f19bff7\") " pod="updateloglevelit/test-hivemq-platform-1"
2025-01-30 18:16:45,310 INFO c.h.h.t.HelmChartContainer - [hivemq-test-hivemq-platform] [hivemq-platform-operator] [232a5dbf] 18:16:45.308 [ReconcilerExecutor-hivemq-controller-115] DEBUG c.h.p.operator.event.EventSender - [updatelo] Creating K8s event set-log-level-started: [SetLogLevel] HiveMQ Platform is updating the log level to WARN
2025-01-30 18:16:45,313 INFO c.h.h.t.HelmChartContainer - [EVENT] Normal [SetLogLevel] HiveMQ Platform is updating the log level to WARN [updateloglevelit:test-hivemq-platform]
2025-01-30 18:16:45,392 INFO c.h.h.t.HelmChartContainer - [hivemq-test-hivemq-platform] [hivemq-platform-operator] [232a5dbf] 18:16:45.391 [ReconcilerExecutor-hivemq-controller-115] INFO  c.h.p.o.h.AbstractHiveMQReconcilerStateHandler - [updatelo] Update HiveMQ Platform Status (RUNNING [READY] -> SET_LOG_LEVEL [SET_LOG_LEVEL]): HiveMQ Platform is updating the log level to WARN (reconciliation requests: SCALING)
2025-01-30 18:16:45,402 DEBUG com.hivemq.helmcharts.util.K8sUtil - Comparing actual state 'SET_LOG_LEVEL' and waiting for 'SET_LOG_LEVEL'
2025-01-30 18:16:45,410 DEBUG com.hivemq.helmcharts.util.K8sUtil - Comparing actual state 'SET_LOG_LEVEL' and waiting for 'RUNNING'
2025-01-30 18:16:45,417 INFO c.h.h.t.HelmChartContainer - [hivemq-test-hivemq-platform] [hivemq-platform-operator] [232a5dbf] 18:16:45.415 [pool-6-thread-37] DEBUG c.h.p.o.d.PlatformServiceResource - [updatelo] Desired Platform services (3 services)
2025-01-30 18:16:45,417 INFO c.h.h.t.HelmChartContainer - [hivemq-test-hivemq-platform] [hivemq-platform-operator] [232a5dbf] 18:16:45.415 [pool-6-thread-33] DEBUG c.h.p.o.dependants.PodInfoConfigMap - [updatelo] Desired PodInfo ConfigMap (1 extensions) (1 enabled)
2025-01-30 18:16:45,417 INFO c.h.h.t.HelmChartContainer - [hivemq-test-hivemq-platform] [hivemq-platform-operator] [232a5dbf] 18:16:45.415 [pool-6-thread-33] DEBUG c.h.p.o.dependants.PodInfoConfigMap - [updatelo] Desired PodInfo ConfigMap (metrics port: 9399) (metrics path: /)
2025-01-30 18:16:45,417 INFO c.h.h.t.HelmChartContainer - [hivemq-test-hivemq-platform] [hivemq-platform-operator] [232a5dbf] 18:16:45.415 [pool-6-thread-33] DEBUG c.h.p.o.dependants.PodInfoConfigMap - [updatelo] Desired PodInfo ConfigMap (extension state hash: -1817474005)
2025-01-30 18:16:45,495 INFO c.h.h.t.HelmChartContainer - [hivemq-test-hivemq-platform] [hivemq-platform-operator] [232a5dbf] 18:16:45.492 [pool-6-thread-39] DEBUG c.h.p.o.d.PodServiceAccountResource - [updatelo] Desired PodServiceAccountResource (serviceAccountName: hivemq-platform-pod-test-hivemq-platform)
2025-01-30 18:16:45,498 INFO c.h.h.t.HelmChartContainer - [hivemq-test-hivemq-platform] [hivemq-platform-operator] [232a5dbf] 18:16:45.416 [pool-6-thread-33] DEBUG c.h.p.o.dependants.PodInfoConfigMap - [updatelo] Update PodInfo ConfigMap
2025-01-30 18:16:45,510 INFO c.h.h.t.HelmChartContainer - [hivemq-test-hivemq-platform] [hivemq-platform-operator] [232a5dbf] 18:16:45.508 [pool-6-thread-33] DEBUG c.h.p.o.d.StatefulSetResource - [updatelo] Desired StatefulSet (2 replicas) for status SET_LOG_LEVEL (SET_LOG_LEVEL)
2025-01-30 18:16:45,513 INFO c.h.h.t.HelmChartContainer - [hivemq-test-hivemq-platform] [hivemq-platform-operator] [232a5dbf] 18:16:45.512 [ReconcilerExecutor-hivemq-controller-116] INFO  c.h.p.o.HiveMQPlatformReconciler - [updatelo] Reconciling HiveMQ Platform 'test-hivemq-platform' in namespace 'updateloglevelit'
2025-01-30 18:16:45,513 INFO c.h.h.t.HelmChartContainer - [hivemq-test-hivemq-platform] [hivemq-platform-operator] [232a5dbf] 18:16:45.512 [ReconcilerExecutor-hivemq-controller-116] DEBUG c.h.p.o.HiveMQPlatformReconciler - [updatelo] Custom Resource Status SET_LOG_LEVEL - HiveMQ Platform is updating the log level to WARN (SET_LOG_LEVEL) (reconciliation requests: SCALING)
2025-01-30 18:16:45,513 INFO c.h.h.t.HelmChartContainer - [hivemq-test-hivemq-platform] [hivemq-platform-operator] [232a5dbf] 18:16:45.512 [ReconcilerExecutor-hivemq-controller-116] DEBUG c.h.p.o.HiveMQPlatformReconciler - [updatelo] Custom Resource Spec (replicas: 2) (extensions: 1)
2025-01-30 18:16:45,537 INFO c.h.h.t.HelmChartContainer - [EVENT] Normal [Pulled] Container image "docker.io/hivemq/hivemq-platform-operator-init-test:snapshot" already present on machine [updateloglevelit:test-hivemq-platform-1]
2025-01-30 18:16:45,544 INFO c.h.h.t.HelmChartContainer - [EVENT] Normal [Created] Created container: hivemq-platform-operator-init [updateloglevelit:test-hivemq-platform-1]
2025-01-30 18:16:45,583 INFO c.h.h.t.HelmChartContainer - [EVENT] Normal [Started] Started container hivemq-platform-operator-init [updateloglevelit:test-hivemq-platform-1]
2025-01-30 18:16:45,599 INFO c.h.h.t.HelmChartContainer - [hivemq-test-hivemq-platform] [hivemq-platform-operator] [232a5dbf] 18:16:45.593 [ReconcilerExecutor-hivemq-controller-116] DEBUG c.h.p.o.HiveMQPlatformReconciler - [updatelo] StatefulSet Status (revision: test-hivemq-platform-b697f795f, replicas: 2, available: 1, ready: 1, current: 2, updated: 2)
2025-01-30 18:16:45,599 INFO c.h.h.t.HelmChartContainer - [hivemq-test-hivemq-platform] [hivemq-platform-operator] [232a5dbf] 18:16:45.593 [ReconcilerExecutor-hivemq-controller-116] DEBUG c.h.p.o.HiveMQPlatformReconciler - [updatelo] StatefulSet Spec (replicas: 2, init containers: 1, containers: 1, volumes: 3)
2025-01-30 18:16:45,599 INFO c.h.h.t.HelmChartContainer - [hivemq-test-hivemq-platform] [hivemq-platform-operator] [232a5dbf] 18:16:45.595 [ReconcilerExecutor-hivemq-controller-116] DEBUG c.h.p.o.h.HiveMQPlatformReconcilerErrorHandler - [updatelo] Pod 'test-hivemq-platform-1' phase Pending
2025-01-30 18:16:45,599 INFO c.h.h.t.HelmChartContainer - [hivemq-test-hivemq-platform] [hivemq-platform-operator] [232a5dbf] 18:16:45.595 [ReconcilerExecutor-hivemq-controller-116] DEBUG c.h.p.o.h.HiveMQPlatformReconcilerErrorHandler - [updatelo] Pod 'test-hivemq-platform-1' condition 'PodReadyToStartContainers': False
2025-01-30 18:16:45,599 INFO c.h.h.t.HelmChartContainer - [hivemq-test-hivemq-platform] [hivemq-platform-operator] [232a5dbf] 18:16:45.595 [ReconcilerExecutor-hivemq-controller-116] DEBUG c.h.p.o.h.HiveMQPlatformReconcilerErrorHandler - [updatelo] Pod 'test-hivemq-platform-1' condition 'Initialized': False
2025-01-30 18:16:45,599 INFO c.h.h.t.HelmChartContainer - [hivemq-test-hivemq-platform] [hivemq-platform-operator] [232a5dbf] 18:16:45.595 [ReconcilerExecutor-hivemq-controller-116] DEBUG c.h.p.o.h.HiveMQPlatformReconcilerErrorHandler - [updatelo] Pod 'test-hivemq-platform-1' condition 'Ready': False
2025-01-30 18:16:45,599 INFO c.h.h.t.HelmChartContainer - [hivemq-test-hivemq-platform] [hivemq-platform-operator] [232a5dbf] 18:16:45.595 [ReconcilerExecutor-hivemq-controller-116] DEBUG c.h.p.o.h.HiveMQPlatformReconcilerErrorHandler - [updatelo] Pod 'test-hivemq-platform-1' condition 'ContainersReady': False
2025-01-30 18:16:45,599 INFO c.h.h.t.HelmChartContainer - [hivemq-test-hivemq-platform] [hivemq-platform-operator] [232a5dbf] 18:16:45.595 [ReconcilerExecutor-hivemq-controller-116] DEBUG c.h.p.o.h.HiveMQPlatformReconcilerErrorHandler - [updatelo] Pod 'test-hivemq-platform-1' condition 'PodScheduled': True
2025-01-30 18:16:45,599 INFO c.h.h.t.HelmChartContainer - [hivemq-test-hivemq-platform] [hivemq-platform-operator] [232a5dbf] 18:16:45.595 [ReconcilerExecutor-hivemq-controller-116] DEBUG c.h.p.o.h.HiveMQPlatformReconcilerErrorHandler - [updatelo] Pod 'test-hivemq-platform-1' containerStatus 'hivemq' (started: false) (ready: false) (waiting: [PodInitializing] null)
2025-01-30 18:16:45,599 INFO c.h.h.t.HelmChartContainer - [hivemq-test-hivemq-platform] [hivemq-platform-operator] [232a5dbf] 18:16:45.596 [ReconcilerExecutor-hivemq-controller-116] DEBUG c.h.p.o.h.HiveMQPlatformReconcilerErrorHandler - [updatelo] Pod 'test-hivemq-platform-0' phase Running
2025-01-30 18:16:45,696 INFO c.h.h.t.HelmChartContainer - [hivemq-test-hivemq-platform] [hivemq-platform-operator] [232a5dbf] 18:16:45.692 [ForkJoinPool.commonPool-worker-1] DEBUG c.h.p.o.h.HiveMQPlatformReconcilerSetLogLevelHandler - [updatelo] Setting log level on Pod 'test-hivemq-platform-0'
2025-01-30 18:16:45,696 INFO c.h.h.t.HelmChartContainer - [hivemq-test-hivemq-platform] [hivemq-platform-operator] [232a5dbf] 18:16:45.692 [ReconcilerExecutor-hivemq-controller-116] DEBUG c.h.p.o.h.HiveMQPlatformReconcilerSetLogLevelHandler - [updatelo] Setting log level on Pod 'test-hivemq-platform-1'
2025-01-30 18:16:45,704 INFO c.h.h.t.HelmChartContainer - [hivemq-test-hivemq-platform] [hivemq-platform-operator] [232a5dbf] 18:16:45.702 [ReconcilerExecutor-hivemq-controller-116] DEBUG c.h.platform.operator.util.PodUtil - Pod 'test-hivemq-platform-1' is not running
2025-01-30 18:16:45,708 INFO c.h.h.t.HelmChartContainer - [hivemq-test-hivemq-platform] [hivemq-platform-operator] [232a5dbf] 18:16:45.704 [ReconcilerExecutor-hivemq-controller-116] ERROR i.j.o.p.event.EventProcessor - Error during event processing ExecutionScope{ resource id: ResourceID{name='test-hivemq-platform', namespace='updateloglevelit'}, version: 1210}
2025-01-30 18:16:45,708 INFO c.h.h.t.HelmChartContainer - [hivemq-test-hivemq-platform] [hivemq-platform-operator] [232a5dbf] io.javaoperatorsdk.operator.OperatorException: java.lang.IllegalStateException: Pod 'test-hivemq-platform-1' in namespace 'updateloglevelit' is not running, cannot execute command '[curl, -s, http://null:7979/setLogLevel?level=WARN]'
2025-01-30 18:16:45,708 INFO c.h.h.t.HelmChartContainer - [hivemq-test-hivemq-platform] [hivemq-platform-operator] [232a5dbf] 	at io.javaoperatorsdk.operator.monitoring.micrometer.MicrometerMetrics.lambda$timeControllerExecution$0(MicrometerMetrics.java:165)
2025-01-30 18:16:45,708 INFO c.h.h.t.HelmChartContainer - [hivemq-test-hivemq-platform] [hivemq-platform-operator] [232a5dbf] 	at io.micrometer.core.instrument.AbstractTimer.record(AbstractTimer.java:190)
2025-01-30 18:16:45,708 INFO c.h.h.t.HelmChartContainer - [hivemq-test-hivemq-platform] [hivemq-platform-operator] [232a5dbf] 	at io.javaoperatorsdk.operator.monitoring.micrometer.MicrometerMetrics.timeControllerExecution(MicrometerMetrics.java:161)
2025-01-30 18:16:45,708 INFO c.h.h.t.HelmChartContainer - [hivemq-test-hivemq-platform] [hivemq-platform-operator] [232a5dbf] 	at io.javaoperatorsdk.operator.processing.Controller.reconcile(Controller.java:109)
2025-01-30 18:16:45,708 INFO c.h.h.t.HelmChartContainer - [hivemq-test-hivemq-platform] [hivemq-platform-operator] [232a5dbf] 	at io.javaoperatorsdk.operator.processing.event.ReconciliationDispatcher.reconcileExecution(ReconciliationDispatcher.java:136)
2025-01-30 18:16:45,708 INFO c.h.h.t.HelmChartContainer - [hivemq-test-hivemq-platform] [hivemq-platform-operator] [232a5dbf] 	at io.javaoperatorsdk.operator.processing.event.ReconciliationDispatcher.handleReconcile(ReconciliationDispatcher.java:117)
2025-01-30 18:16:45,708 INFO c.h.h.t.HelmChartContainer - [hivemq-test-hivemq-platform] [hivemq-platform-operator] [232a5dbf] 	at io.javaoperatorsdk.operator.processing.event.ReconciliationDispatcher.handleDispatch(ReconciliationDispatcher.java:91)
2025-01-30 18:16:45,708 INFO c.h.h.t.HelmChartContainer - [hivemq-test-hivemq-platform] [hivemq-platform-operator] [232a5dbf] 	at io.javaoperatorsdk.operator.processing.event.ReconciliationDispatcher.handleExecution(ReconciliationDispatcher.java:64)
2025-01-30 18:16:45,708 INFO c.h.h.t.HelmChartContainer - [hivemq-test-hivemq-platform] [hivemq-platform-operator] [232a5dbf] 	at io.javaoperatorsdk.operator.processing.event.EventProcessor$ReconcilerExecutor.run(EventProcessor.java:452)
2025-01-30 18:16:45,708 INFO c.h.h.t.HelmChartContainer - [hivemq-test-hivemq-platform] [hivemq-platform-operator] [232a5dbf] 	at java.base/java.util.concurrent.ThreadPoolExecutor.runWorker(Unknown Source)
2025-01-30 18:16:45,708 INFO c.h.h.t.HelmChartContainer - [hivemq-test-hivemq-platform] [hivemq-platform-operator] [232a5dbf] 	at java.base/java.util.concurrent.ThreadPoolExecutor$Worker.run(Unknown Source)
2025-01-30 18:16:45,708 INFO c.h.h.t.HelmChartContainer - [hivemq-test-hivemq-platform] [hivemq-platform-operator] [232a5dbf] 	at java.base/java.lang.Thread.run(Unknown Source)
2025-01-30 18:16:45,708 INFO c.h.h.t.HelmChartContainer - [hivemq-test-hivemq-platform] [hivemq-platform-operator] [232a5dbf] Caused by: java.lang.IllegalStateException: Pod 'test-hivemq-platform-1' in namespace 'updateloglevelit' is not running, cannot execute command '[curl, -s, http://null:7979/setLogLevel?level=WARN]'
2025-01-30 18:16:45,708 INFO c.h.h.t.HelmChartContainer - [hivemq-test-hivemq-platform] [hivemq-platform-operator] [232a5dbf] 	at com.hivemq.platform.operator.util.PodUtil.execute(PodUtil.java:74)
2025-01-30 18:16:45,708 INFO c.h.h.t.HelmChartContainer - [hivemq-test-hivemq-platform] [hivemq-platform-operator] [232a5dbf] 	at com.hivemq.platform.operator.util.RestApiUtil.lambda$callRestApi$1(RestApiUtil.java:44)
2025-01-30 18:16:45,708 INFO c.h.h.t.HelmChartContainer - [hivemq-test-hivemq-platform] [hivemq-platform-operator] [232a5dbf] 	at java.base/java.util.stream.ForEachOps$ForEachOp$OfRef.accept(Unknown Source)
2025-01-30 18:16:45,708 INFO c.h.h.t.HelmChartContainer - [hivemq-test-hivemq-platform] [hivemq-platform-operator] [232a5dbf] 	at java.base/java.util.stream.ReferencePipeline$2$1.accept(Unknown Source)
2025-01-30 18:16:45,708 INFO c.h.h.t.HelmChartContainer - [hivemq-test-hivemq-platform] [hivemq-platform-operator] [232a5dbf] 	at java.base/java.util.ArrayList$ArrayListSpliterator.forEachRemaining(Unknown Source)
2025-01-30 18:16:45,708 INFO c.h.h.t.HelmChartContainer - [hivemq-test-hivemq-platform] [hivemq-platform-operator] [232a5dbf] 	at java.base/java.util.stream.AbstractPipeline.copyInto(Unknown Source)
2025-01-30 18:16:45,708 INFO c.h.h.t.HelmChartContainer - [hivemq-test-hivemq-platform] [hivemq-platform-operator] [232a5dbf] 	at java.base/java.util.stream.ForEachOps$ForEachTask.compute(Unknown Source)
2025-01-30 18:16:45,708 INFO c.h.h.t.HelmChartContainer - [hivemq-test-hivemq-platform] [hivemq-platform-operator] [232a5dbf] 	at java.base/java.util.concurrent.CountedCompleter.exec(Unknown Source)
2025-01-30 18:16:45,709 INFO c.h.h.t.HelmChartContainer - [hivemq-test-hivemq-platform] [hivemq-platform-operator] [232a5dbf] 	at java.base/java.util.concurrent.ForkJoinTask.doExec(Unknown Source)
2025-01-30 18:16:45,709 INFO c.h.h.t.HelmChartContainer - [hivemq-test-hivemq-platform] [hivemq-platform-operator] [232a5dbf] 	at java.base/java.util.concurrent.ForkJoinTask.invoke(Unknown Source)
2025-01-30 18:16:45,709 INFO c.h.h.t.HelmChartContainer - [hivemq-test-hivemq-platform] [hivemq-platform-operator] [232a5dbf] 	at java.base/java.util.stream.ForEachOps$ForEachOp.evaluateParallel(Unknown Source)
2025-01-30 18:16:45,709 INFO c.h.h.t.HelmChartContainer - [hivemq-test-hivemq-platform] [hivemq-platform-operator] [232a5dbf] 	at java.base/java.util.stream.ForEachOps$ForEachOp$OfRef.evaluateParallel(Unknown Source)
2025-01-30 18:16:45,709 INFO c.h.h.t.HelmChartContainer - [hivemq-test-hivemq-platform] [hivemq-platform-operator] [232a5dbf] 	at java.base/java.util.stream.AbstractPipeline.evaluate(Unknown Source)
2025-01-30 18:16:45,709 INFO c.h.h.t.HelmChartContainer - [hivemq-test-hivemq-platform] [hivemq-platform-operator] [232a5dbf] 	at java.base/java.util.stream.ReferencePipeline.forEach(Unknown Source)
2025-01-30 18:16:45,709 INFO c.h.h.t.HelmChartContainer - [hivemq-test-hivemq-platform] [hivemq-platform-operator] [232a5dbf] 	at com.hivemq.platform.operator.util.RestApiUtil.callRestApi(RestApiUtil.java:40)
2025-01-30 18:16:45,709 INFO c.h.h.t.HelmChartContainer - [hivemq-test-hivemq-platform] [hivemq-platform-operator] [232a5dbf] 	at com.hivemq.platform.operator.http.RestApiService.callRestApi(RestApiService.java:63)
2025-01-30 18:16:45,709 INFO c.h.h.t.HelmChartContainer - [hivemq-test-hivemq-platform] [hivemq-platform-operator] [232a5dbf] 	at com.hivemq.platform.operator.handler.HiveMQPlatformReconcilerSetLogLevelHandler.handleSetLogLevel(HiveMQPlatformReconcilerSetLogLevelHandler.java:49)
2025-01-30 18:16:45,709 INFO c.h.h.t.HelmChartContainer - [hivemq-test-hivemq-platform] [hivemq-platform-operator] [232a5dbf] 	at com.hivemq.platform.operator.HiveMQPlatformReconciler.reconcile(HiveMQPlatformReconciler.java:243)
2025-01-30 18:16:45,710 INFO c.h.h.t.HelmChartContainer - [hivemq-test-hivemq-platform] [hivemq-platform-operator] [232a5dbf] 	at com.hivemq.platform.operator.HiveMQPlatformReconciler.reconcile(HiveMQPlatformReconciler.java:227)
2025-01-30 18:16:45,710 INFO c.h.h.t.HelmChartContainer - [hivemq-test-hivemq-platform] [hivemq-platform-operator] [232a5dbf] 	at com.hivemq.platform.operator.HiveMQPlatformReconciler.reconcile(HiveMQPlatformReconciler.java:71)
2025-01-30 18:16:45,710 INFO c.h.h.t.HelmChartContainer - [hivemq-test-hivemq-platform] [hivemq-platform-operator] [232a5dbf] 	at io.javaoperatorsdk.operator.processing.Controller$1.execute(Controller.java:149)
2025-01-30 18:16:45,710 INFO c.h.h.t.HelmChartContainer - [hivemq-test-hivemq-platform] [hivemq-platform-operator] [232a5dbf] 	at io.javaoperatorsdk.operator.processing.Controller$1.execute(Controller.java:110)
2025-01-30 18:16:45,710 INFO c.h.h.t.HelmChartContainer - [hivemq-test-hivemq-platform] [hivemq-platform-operator] [232a5dbf] 	at io.javaoperatorsdk.operator.monitoring.micrometer.MicrometerMetrics.lambda$timeControllerExecution$0(MicrometerMetrics.java:163)
2025-01-30 18:16:45,710 INFO c.h.h.t.HelmChartContainer - [hivemq-test-hivemq-platform] [hivemq-platform-operator] [232a5dbf] 	... 11 common frames omitted
2025-01-30 18:16:45,936 INFO c.h.h.t.HelmChartContainer - [test-hivemq-platform] [hivemq] [dc99488b] INFO  - [HiveMQ Platform Operator Init App 1.7.0-SNAPSHOT] Set log level from ${HIVEMQ_LOG_LEVEL:-INFO} to WARN in logback.xml file
2025-01-30 18:16:45,941 INFO c.h.h.t.HelmChartContainer - [EVENT] Normal [Pulled] Container image "docker.io/hivemq/hivemq4:4.36.0" already present on machine [updateloglevelit:test-hivemq-platform-1]
2025-01-30 18:16:45,941 INFO c.h.h.t.HelmChartContainer - Received Pulled event for container hivemq in pod test-hivemq-platform-1 [27ade26a-86eb-4d8d-a393-9e381f19bff7]
2025-01-30 18:16:45,951 INFO c.h.h.t.HelmChartContainer - [hivemq-test-hivemq-platform] [hivemq-platform-operator] [232a5dbf] 18:16:45.949 [vert.x-eventloop-thread-0] DEBUG c.h.platform.operator.util.PodUtil - Received status for command '[curl, -s, http://10.42.0.11:7979/setLogLevel?level=WARN]' on Pod 'test-hivemq-platform-0' (exit code: 0)
2025-01-30 18:16:45,954 INFO c.h.h.t.HelmChartContainer - [POD] test-hivemq-platform-1 [27ade26a-86eb-4d8d-a393-9e381f19bff7] in updateloglevelit was MODIFIED
2025-01-30 18:16:45,972 INFO c.h.h.t.HelmChartContainer - [hivemq-test-hivemq-platform] [hivemq-platform-operator] [232a5dbf] 18:16:45.965 [pool-6-thread-49] DEBUG c.h.p.o.d.PlatformServiceResource - [updatelo] Desired Platform services (3 services)
2025-01-30 18:16:45,972 INFO c.h.h.t.HelmChartContainer - [hivemq-test-hivemq-platform] [hivemq-platform-operator] [232a5dbf] 18:16:45.966 [pool-6-thread-47] DEBUG c.h.p.o.dependants.PodInfoConfigMap - [updatelo] Desired PodInfo ConfigMap (1 extensions) (1 enabled)
2025-01-30 18:16:45,980 INFO c.h.h.t.HelmChartContainer - [hivemq-test-hivemq-platform] [hivemq-platform-operator] [232a5dbf] 18:16:45.968 [pool-6-thread-44] DEBUG c.h.p.o.d.PodServiceAccountResource - [updatelo] Desired PodServiceAccountResource (serviceAccountName: hivemq-platform-pod-test-hivemq-platform)
2025-01-30 18:16:45,980 INFO c.h.h.t.HelmChartContainer - [hivemq-test-hivemq-platform] [hivemq-platform-operator] [232a5dbf] 18:16:45.969 [pool-6-thread-47] DEBUG c.h.p.o.dependants.PodInfoConfigMap - [updatelo] Desired PodInfo ConfigMap (metrics port: 9399) (metrics path: /)
2025-01-30 18:16:45,981 INFO c.h.h.t.HelmChartContainer - [hivemq-test-hivemq-platform] [hivemq-platform-operator] [232a5dbf] 18:16:45.969 [pool-6-thread-47] DEBUG c.h.p.o.dependants.PodInfoConfigMap - [updatelo] Desired PodInfo ConfigMap (extension state hash: -1817474005)
2025-01-30 18:16:45,984 INFO c.h.h.t.HelmChartContainer - [hivemq-test-hivemq-platform] [hivemq-platform-operator] [232a5dbf] 18:16:45.973 [pool-6-thread-49] DEBUG c.h.p.o.d.StatefulSetResource - [updatelo] Desired StatefulSet (2 replicas) for status SET_LOG_LEVEL (SET_LOG_LEVEL)
2025-01-30 18:16:45,987 INFO c.h.h.t.HelmChartContainer - [EVENT] Normal [Created] Created container: hivemq [updateloglevelit:test-hivemq-platform-1]
2025-01-30 18:16:45,987 INFO c.h.h.t.HelmChartContainer - Received Created event for container hivemq in pod test-hivemq-platform-1 [27ade26a-86eb-4d8d-a393-9e381f19bff7]
2025-01-30 18:16:45,988 INFO c.h.h.t.HelmChartContainer - [hivemq-test-hivemq-platform] [hivemq-platform-operator] [232a5dbf] 18:16:45.984 [ReconcilerExecutor-hivemq-controller-119] INFO  c.h.p.o.HiveMQPlatformReconciler - [updatelo] Reconciling HiveMQ Platform 'test-hivemq-platform' in namespace 'updateloglevelit'
2025-01-30 18:16:45,988 INFO c.h.h.t.HelmChartContainer - [hivemq-test-hivemq-platform] [hivemq-platform-operator] [232a5dbf] 18:16:45.984 [ReconcilerExecutor-hivemq-controller-119] DEBUG c.h.p.o.HiveMQPlatformReconciler - [updatelo] Custom Resource Status SET_LOG_LEVEL - HiveMQ Platform is updating the log level to WARN (SET_LOG_LEVEL) (reconciliation requests: SCALING)
2025-01-30 18:16:45,988 INFO c.h.h.t.HelmChartContainer - [hivemq-test-hivemq-platform] [hivemq-platform-operator] [232a5dbf] 18:16:45.984 [ReconcilerExecutor-hivemq-controller-119] DEBUG c.h.p.o.HiveMQPlatformReconciler - [updatelo] Custom Resource Spec (replicas: 2) (extensions: 1)
2025-01-30 18:16:45,990 INFO c.h.h.t.HelmChartContainer - [hivemq-test-hivemq-platform] [hivemq-platform-operator] [232a5dbf] 18:16:45.987 [ReconcilerExecutor-hivemq-controller-119] DEBUG c.h.p.o.HiveMQPlatformReconciler - [updatelo] StatefulSet Status (revision: test-hivemq-platform-b697f795f, replicas: 2, available: 1, ready: 1, current: 2, updated: 2)
2025-01-30 18:16:45,992 INFO c.h.h.t.HelmChartContainer - [hivemq-test-hivemq-platform] [hivemq-platform-operator] [232a5dbf] 18:16:45.987 [ReconcilerExecutor-hivemq-controller-119] DEBUG c.h.p.o.HiveMQPlatformReconciler - [updatelo] StatefulSet Spec (replicas: 2, init containers: 1, containers: 1, volumes: 3)
2025-01-30 18:16:46,009 INFO c.h.h.t.HelmChartContainer - [hivemq-test-hivemq-platform] [hivemq-platform-operator] [232a5dbf] 18:16:45.991 [ReconcilerExecutor-hivemq-controller-119] DEBUG c.h.p.o.h.HiveMQPlatformReconcilerErrorHandler - [updatelo] Pod 'test-hivemq-platform-1' phase Pending
2025-01-30 18:16:46,012 INFO c.h.h.t.HelmChartContainer - [hivemq-test-hivemq-platform] [hivemq-platform-operator] [232a5dbf] 18:16:45.991 [ReconcilerExecutor-hivemq-controller-119] DEBUG c.h.p.o.h.HiveMQPlatformReconcilerErrorHandler - [updatelo] Pod 'test-hivemq-platform-1' condition 'PodReadyToStartContainers': True
2025-01-30 18:16:46,012 INFO c.h.h.t.HelmChartContainer - [hivemq-test-hivemq-platform] [hivemq-platform-operator] [232a5dbf] 18:16:45.991 [ReconcilerExecutor-hivemq-controller-119] DEBUG c.h.p.o.h.HiveMQPlatformReconcilerErrorHandler - [updatelo] Pod 'test-hivemq-platform-1' condition 'Initialized': True
2025-01-30 18:16:46,012 INFO c.h.h.t.HelmChartContainer - [hivemq-test-hivemq-platform] [hivemq-platform-operator] [232a5dbf] 18:16:45.991 [ReconcilerExecutor-hivemq-controller-119] DEBUG c.h.p.o.h.HiveMQPlatformReconcilerErrorHandler - [updatelo] Pod 'test-hivemq-platform-1' condition 'Ready': False
2025-01-30 18:16:46,012 INFO c.h.h.t.HelmChartContainer - [hivemq-test-hivemq-platform] [hivemq-platform-operator] [232a5dbf] 18:16:45.991 [ReconcilerExecutor-hivemq-controller-119] DEBUG c.h.p.o.h.HiveMQPlatformReconcilerErrorHandler - [updatelo] Pod 'test-hivemq-platform-1' condition 'ContainersReady': False
2025-01-30 18:16:46,012 INFO c.h.h.t.HelmChartContainer - [hivemq-test-hivemq-platform] [hivemq-platform-operator] [232a5dbf] 18:16:45.991 [ReconcilerExecutor-hivemq-controller-119] DEBUG c.h.p.o.h.HiveMQPlatformReconcilerErrorHandler - [updatelo] Pod 'test-hivemq-platform-1' condition 'PodScheduled': True
2025-01-30 18:16:46,012 INFO c.h.h.t.HelmChartContainer - [hivemq-test-hivemq-platform] [hivemq-platform-operator] [232a5dbf] 18:16:45.991 [ReconcilerExecutor-hivemq-controller-119] DEBUG c.h.p.o.h.HiveMQPlatformReconcilerErrorHandler - [updatelo] Pod 'test-hivemq-platform-1' containerStatus 'hivemq' (started: false) (ready: false) (waiting: [PodInitializing] null)
2025-01-30 18:16:46,012 INFO c.h.h.t.HelmChartContainer - [hivemq-test-hivemq-platform] [hivemq-platform-operator] [232a5dbf] 18:16:45.993 [ReconcilerExecutor-hivemq-controller-119] DEBUG c.h.p.o.h.HiveMQPlatformReconcilerErrorHandler - [updatelo] Pod 'test-hivemq-platform-0' phase Running
2025-01-30 18:16:46,015 INFO c.h.h.t.HelmChartContainer - [hivemq-test-hivemq-platform] [hivemq-platform-operator] [232a5dbf] 18:16:46.008 [ReconcilerExecutor-hivemq-controller-119] DEBUG c.h.p.o.h.HiveMQPlatformReconcilerSetLogLevelHandler - [updatelo] Setting log level on Pod 'test-hivemq-platform-1'
2025-01-30 18:16:46,015 INFO c.h.h.t.HelmChartContainer - [hivemq-test-hivemq-platform] [hivemq-platform-operator] [232a5dbf] 18:16:46.009 [ForkJoinPool.commonPool-worker-1] DEBUG c.h.p.o.h.HiveMQPlatformReconcilerSetLogLevelHandler - [updatelo] Setting log level on Pod 'test-hivemq-platform-0'
2025-01-30 18:16:46,087 INFO c.h.h.t.HelmChartContainer - [hivemq-test-hivemq-platform] [hivemq-platform-operator] [232a5dbf] 18:16:46.073 [ReconcilerExecutor-hivemq-controller-119] DEBUG c.h.platform.operator.util.PodUtil - Pod 'test-hivemq-platform-1' is not running
2025-01-30 18:16:46,087 INFO c.h.h.t.HelmChartContainer - [hivemq-test-hivemq-platform] [hivemq-platform-operator] [232a5dbf] 18:16:46.073 [ReconcilerExecutor-hivemq-controller-119] ERROR i.j.o.p.event.EventProcessor - Error during event processing ExecutionScope{ resource id: ResourceID{name='test-hivemq-platform', namespace='updateloglevelit'}, version: 1210}
2025-01-30 18:16:46,087 INFO c.h.h.t.HelmChartContainer - [hivemq-test-hivemq-platform] [hivemq-platform-operator] [232a5dbf] io.javaoperatorsdk.operator.OperatorException: java.lang.IllegalStateException: Pod 'test-hivemq-platform-1' in namespace 'updateloglevelit' is not running, cannot execute command '[curl, -s, http://10.42.0.12:7979/setLogLevel?level=WARN]'
2025-01-30 18:16:46,087 INFO c.h.h.t.HelmChartContainer - [hivemq-test-hivemq-platform] [hivemq-platform-operator] [232a5dbf] 	at io.javaoperatorsdk.operator.monitoring.micrometer.MicrometerMetrics.lambda$timeControllerExecution$0(MicrometerMetrics.java:165)
2025-01-30 18:16:46,087 INFO c.h.h.t.HelmChartContainer - [hivemq-test-hivemq-platform] [hivemq-platform-operator] [232a5dbf] 	at io.micrometer.core.instrument.AbstractTimer.record(AbstractTimer.java:190)
2025-01-30 18:16:46,087 INFO c.h.h.t.HelmChartContainer - [hivemq-test-hivemq-platform] [hivemq-platform-operator] [232a5dbf] 	at io.javaoperatorsdk.operator.monitoring.micrometer.MicrometerMetrics.timeControllerExecution(MicrometerMetrics.java:161)
2025-01-30 18:16:46,087 INFO c.h.h.t.HelmChartContainer - [hivemq-test-hivemq-platform] [hivemq-platform-operator] [232a5dbf] 	at io.javaoperatorsdk.operator.processing.Controller.reconcile(Controller.java:109)
2025-01-30 18:16:46,087 INFO c.h.h.t.HelmChartContainer - [hivemq-test-hivemq-platform] [hivemq-platform-operator] [232a5dbf] 	at io.javaoperatorsdk.operator.processing.event.ReconciliationDispatcher.reconcileExecution(ReconciliationDispatcher.java:136)
2025-01-30 18:16:46,087 INFO c.h.h.t.HelmChartContainer - [hivemq-test-hivemq-platform] [hivemq-platform-operator] [232a5dbf] 	at io.javaoperatorsdk.operator.processing.event.ReconciliationDispatcher.handleReconcile(ReconciliationDispatcher.java:117)
2025-01-30 18:16:46,087 INFO c.h.h.t.HelmChartContainer - [hivemq-test-hivemq-platform] [hivemq-platform-operator] [232a5dbf] 	at io.javaoperatorsdk.operator.processing.event.ReconciliationDispatcher.handleDispatch(ReconciliationDispatcher.java:91)
2025-01-30 18:16:46,087 INFO c.h.h.t.HelmChartContainer - [hivemq-test-hivemq-platform] [hivemq-platform-operator] [232a5dbf] 	at io.javaoperatorsdk.operator.processing.event.ReconciliationDispatcher.handleExecution(ReconciliationDispatcher.java:64)
2025-01-30 18:16:46,087 INFO c.h.h.t.HelmChartContainer - [hivemq-test-hivemq-platform] [hivemq-platform-operator] [232a5dbf] 	at io.javaoperatorsdk.operator.processing.event.EventProcessor$ReconcilerExecutor.run(EventProcessor.java:452)
2025-01-30 18:16:46,087 INFO c.h.h.t.HelmChartContainer - [hivemq-test-hivemq-platform] [hivemq-platform-operator] [232a5dbf] 	at java.base/java.util.concurrent.ThreadPoolExecutor.runWorker(Unknown Source)
2025-01-30 18:16:46,087 INFO c.h.h.t.HelmChartContainer - [hivemq-test-hivemq-platform] [hivemq-platform-operator] [232a5dbf] 	at java.base/java.util.concurrent.ThreadPoolExecutor$Worker.run(Unknown Source)
2025-01-30 18:16:46,087 INFO c.h.h.t.HelmChartContainer - [hivemq-test-hivemq-platform] [hivemq-platform-operator] [232a5dbf] 	at java.base/java.lang.Thread.run(Unknown Source)
2025-01-30 18:16:46,087 INFO c.h.h.t.HelmChartContainer - [hivemq-test-hivemq-platform] [hivemq-platform-operator] [232a5dbf] Caused by: java.lang.IllegalStateException: Pod 'test-hivemq-platform-1' in namespace 'updateloglevelit' is not running, cannot execute command '[curl, -s, http://10.42.0.12:7979/setLogLevel?level=WARN]'
2025-01-30 18:16:46,087 INFO c.h.h.t.HelmChartContainer - [hivemq-test-hivemq-platform] [hivemq-platform-operator] [232a5dbf] 	at com.hivemq.platform.operator.util.PodUtil.execute(PodUtil.java:74)
2025-01-30 18:16:46,087 INFO c.h.h.t.HelmChartContainer - [hivemq-test-hivemq-platform] [hivemq-platform-operator] [232a5dbf] 	at com.hivemq.platform.operator.util.RestApiUtil.lambda$callRestApi$1(RestApiUtil.java:44)
2025-01-30 18:16:46,087 INFO c.h.h.t.HelmChartContainer - [hivemq-test-hivemq-platform] [hivemq-platform-operator] [232a5dbf] 	at java.base/java.util.stream.ForEachOps$ForEachOp$OfRef.accept(Unknown Source)
2025-01-30 18:16:46,087 INFO c.h.h.t.HelmChartContainer - [hivemq-test-hivemq-platform] [hivemq-platform-operator] [232a5dbf] 	at java.base/java.util.stream.ReferencePipeline$2$1.accept(Unknown Source)
2025-01-30 18:16:46,087 INFO c.h.h.t.HelmChartContainer - [hivemq-test-hivemq-platform] [hivemq-platform-operator] [232a5dbf] 	at java.base/java.util.ArrayList$ArrayListSpliterator.forEachRemaining(Unknown Source)
2025-01-30 18:16:46,087 INFO c.h.h.t.HelmChartContainer - [hivemq-test-hivemq-platform] [hivemq-platform-operator] [232a5dbf] 	at java.base/java.util.stream.AbstractPipeline.copyInto(Unknown Source)
2025-01-30 18:16:46,087 INFO c.h.h.t.HelmChartContainer - [hivemq-test-hivemq-platform] [hivemq-platform-operator] [232a5dbf] 	at java.base/java.util.stream.ForEachOps$ForEachTask.compute(Unknown Source)
2025-01-30 18:16:46,087 INFO c.h.h.t.HelmChartContainer - [hivemq-test-hivemq-platform] [hivemq-platform-operator] [232a5dbf] 	at java.base/java.util.concurrent.CountedCompleter.exec(Unknown Source)
2025-01-30 18:16:46,087 INFO c.h.h.t.HelmChartContainer - [hivemq-test-hivemq-platform] [hivemq-platform-operator] [232a5dbf] 	at java.base/java.util.concurrent.ForkJoinTask.doExec(Unknown Source)
2025-01-30 18:16:46,087 INFO c.h.h.t.HelmChartContainer - [hivemq-test-hivemq-platform] [hivemq-platform-operator] [232a5dbf] 	at java.base/java.util.concurrent.ForkJoinTask.invoke(Unknown Source)
2025-01-30 18:16:46,087 INFO c.h.h.t.HelmChartContainer - [hivemq-test-hivemq-platform] [hivemq-platform-operator] [232a5dbf] 	at java.base/java.util.stream.ForEachOps$ForEachOp.evaluateParallel(Unknown Source)
2025-01-30 18:16:46,087 INFO c.h.h.t.HelmChartContainer - [hivemq-test-hivemq-platform] [hivemq-platform-operator] [232a5dbf] 	at java.base/java.util.stream.ForEachOps$ForEachOp$OfRef.evaluateParallel(Unknown Source)
2025-01-30 18:16:46,087 INFO c.h.h.t.HelmChartContainer - [hivemq-test-hivemq-platform] [hivemq-platform-operator] [232a5dbf] 	at java.base/java.util.stream.AbstractPipeline.evaluate(Unknown Source)
2025-01-30 18:16:46,087 INFO c.h.h.t.HelmChartContainer - [hivemq-test-hivemq-platform] [hivemq-platform-operator] [232a5dbf] 	at java.base/java.util.stream.ReferencePipeline.forEach(Unknown Source)
2025-01-30 18:16:46,087 INFO c.h.h.t.HelmChartContainer - [hivemq-test-hivemq-platform] [hivemq-platform-operator] [232a5dbf] 	at com.hivemq.platform.operator.util.RestApiUtil.callRestApi(RestApiUtil.java:40)
2025-01-30 18:16:46,087 INFO c.h.h.t.HelmChartContainer - [hivemq-test-hivemq-platform] [hivemq-platform-operator] [232a5dbf] 	at com.hivemq.platform.operator.http.RestApiService.callRestApi(RestApiService.java:63)
2025-01-30 18:16:46,087 INFO c.h.h.t.HelmChartContainer - [hivemq-test-hivemq-platform] [hivemq-platform-operator] [232a5dbf] 	at com.hivemq.platform.operator.handler.HiveMQPlatformReconcilerSetLogLevelHandler.handleSetLogLevel(HiveMQPlatformReconcilerSetLogLevelHandler.java:49)
2025-01-30 18:16:46,087 INFO c.h.h.t.HelmChartContainer - [hivemq-test-hivemq-platform] [hivemq-platform-operator] [232a5dbf] 	at com.hivemq.platform.operator.HiveMQPlatformReconciler.reconcile(HiveMQPlatformReconciler.java:243)
2025-01-30 18:16:46,087 INFO c.h.h.t.HelmChartContainer - [hivemq-test-hivemq-platform] [hivemq-platform-operator] [232a5dbf] 	at com.hivemq.platform.operator.HiveMQPlatformReconciler.reconcile(HiveMQPlatformReconciler.java:227)
2025-01-30 18:16:46,087 INFO c.h.h.t.HelmChartContainer - [hivemq-test-hivemq-platform] [hivemq-platform-operator] [232a5dbf] 	at com.hivemq.platform.operator.HiveMQPlatformReconciler.reconcile(HiveMQPlatformReconciler.java:71)
2025-01-30 18:16:46,087 INFO c.h.h.t.HelmChartContainer - [hivemq-test-hivemq-platform] [hivemq-platform-operator] [232a5dbf] 	at io.javaoperatorsdk.operator.processing.Controller$1.execute(Controller.java:149)
2025-01-30 18:16:46,087 INFO c.h.h.t.HelmChartContainer - [hivemq-test-hivemq-platform] [hivemq-platform-operator] [232a5dbf] 	at io.javaoperatorsdk.operator.processing.Controller$1.execute(Controller.java:110)
2025-01-30 18:16:46,087 INFO c.h.h.t.HelmChartContainer - [hivemq-test-hivemq-platform] [hivemq-platform-operator] [232a5dbf] 	at io.javaoperatorsdk.operator.monitoring.micrometer.MicrometerMetrics.lambda$timeControllerExecution$0(MicrometerMetrics.java:163)
2025-01-30 18:16:46,087 INFO c.h.h.t.HelmChartContainer - [hivemq-test-hivemq-platform] [hivemq-platform-operator] [232a5dbf] 	... 11 common frames omitted
2025-01-30 18:16:46,168 INFO c.h.h.t.HelmChartContainer - [test-hivemq-platform] [hivemq] [dc99488b] INFO  - [HiveMQ Platform Operator Init App 1.7.0-SNAPSHOT] Set log level from WARN to WARN in logback.xml file
2025-01-30 18:16:46,227 INFO c.h.h.t.HelmChartContainer - [hivemq-test-hivemq-platform] [hivemq-platform-operator] [232a5dbf] 18:16:46.226 [vert.x-eventloop-thread-0] DEBUG c.h.platform.operator.util.PodUtil - Received status for command '[curl, -s, http://10.42.0.11:7979/setLogLevel?level=WARN]' on Pod 'test-hivemq-platform-0' (exit code: 0)
2025-01-30 18:16:46,949 INFO c.h.h.t.HelmChartContainer - [POD] test-hivemq-platform-1 [27ade26a-86eb-4d8d-a393-9e381f19bff7] in updateloglevelit was MODIFIED
2025-01-30 18:16:46,959 INFO c.h.h.t.HelmChartContainer - [hivemq-test-hivemq-platform] [hivemq-platform-operator] [232a5dbf] 18:16:46.952 [pool-6-thread-3] DEBUG c.h.p.o.d.PlatformServiceResource - [updatelo] Desired Platform services (3 services)
2025-01-30 18:16:46,962 INFO c.h.h.t.HelmChartContainer - [hivemq-test-hivemq-platform] [hivemq-platform-operator] [232a5dbf] 18:16:46.956 [pool-6-thread-2] DEBUG c.h.p.o.dependants.PodInfoConfigMap - [updatelo] Desired PodInfo ConfigMap (1 extensions) (1 enabled)
2025-01-30 18:16:46,962 INFO c.h.h.t.HelmChartContainer - [hivemq-test-hivemq-platform] [hivemq-platform-operator] [232a5dbf] 18:16:46.958 [pool-6-thread-2] DEBUG c.h.p.o.dependants.PodInfoConfigMap - [updatelo] Desired PodInfo ConfigMap (metrics port: 9399) (metrics path: /)
2025-01-30 18:16:46,962 INFO c.h.h.t.HelmChartContainer - [hivemq-test-hivemq-platform] [hivemq-platform-operator] [232a5dbf] 18:16:46.959 [pool-6-thread-2] DEBUG c.h.p.o.dependants.PodInfoConfigMap - [updatelo] Desired PodInfo ConfigMap (extension state hash: -1817474005)
2025-01-30 18:16:46,962 INFO c.h.h.t.HelmChartContainer - [hivemq-test-hivemq-platform] [hivemq-platform-operator] [232a5dbf] 18:16:46.958 [pool-6-thread-9] DEBUG c.h.p.o.d.PodServiceAccountResource - [updatelo] Desired PodServiceAccountResource (serviceAccountName: hivemq-platform-pod-test-hivemq-platform)
2025-01-30 18:16:46,967 INFO c.h.h.t.HelmChartContainer - [EVENT] Normal [Started] Started container hivemq [updateloglevelit:test-hivemq-platform-1]
2025-01-30 18:16:46,967 INFO c.h.h.t.HelmChartContainer - Received Started event for container hivemq in pod test-hivemq-platform-1 [27ade26a-86eb-4d8d-a393-9e381f19bff7]
2025-01-30 18:16:46,967 INFO c.h.h.t.HelmChartContainer - Started log watcher for hivemq in pod test-hivemq-platform-1 [27ade26a-86eb-4d8d-a393-9e381f19bff7]
2025-01-30 18:16:46,967 INFO c.h.h.t.HelmChartContainer - [test-hivemq-platform] [hivemq] [27ade26a] Adding pre-installed HiveMQ Platform Operator extensions
2025-01-30 18:16:46,967 INFO c.h.h.t.HelmChartContainer - [test-hivemq-platform] [hivemq] [27ade26a] Running as user 10000
2025-01-30 18:16:46,967 INFO c.h.h.t.HelmChartContainer - [test-hivemq-platform] [hivemq] [27ade26a] Starting HiveMQ Platform Operator Init
2025-01-30 18:16:46,968 INFO c.h.h.t.HelmChartContainer - [hivemq-test-hivemq-platform] [hivemq-platform-operator] [232a5dbf] 18:16:46.963 [pool-6-thread-2] DEBUG c.h.p.o.d.StatefulSetResource - [updatelo] Desired StatefulSet (2 replicas) for status SET_LOG_LEVEL (SET_LOG_LEVEL)
2025-01-30 18:16:46,969 INFO c.h.h.t.HelmChartContainer - [hivemq-test-hivemq-platform] [hivemq-platform-operator] [232a5dbf] 18:16:46.966 [ReconcilerExecutor-hivemq-controller-120] INFO  c.h.p.o.HiveMQPlatformReconciler - [updatelo] Reconciling HiveMQ Platform 'test-hivemq-platform' in namespace 'updateloglevelit'
2025-01-30 18:16:46,969 INFO c.h.h.t.HelmChartContainer - [hivemq-test-hivemq-platform] [hivemq-platform-operator] [232a5dbf] 18:16:46.967 [ReconcilerExecutor-hivemq-controller-120] DEBUG c.h.p.o.HiveMQPlatformReconciler - [updatelo] Custom Resource Status SET_LOG_LEVEL - HiveMQ Platform is updating the log level to WARN (SET_LOG_LEVEL) (reconciliation requests: SCALING)
2025-01-30 18:16:46,969 INFO c.h.h.t.HelmChartContainer - [hivemq-test-hivemq-platform] [hivemq-platform-operator] [232a5dbf] 18:16:46.967 [ReconcilerExecutor-hivemq-controller-120] DEBUG c.h.p.o.HiveMQPlatformReconciler - [updatelo] Custom Resource Spec (replicas: 2) (extensions: 1)
2025-01-30 18:16:46,969 INFO c.h.h.t.HelmChartContainer - [hivemq-test-hivemq-platform] [hivemq-platform-operator] [232a5dbf] 18:16:46.968 [ReconcilerExecutor-hivemq-controller-120] DEBUG c.h.p.o.HiveMQPlatformReconciler - [updatelo] StatefulSet Status (revision: test-hivemq-platform-b697f795f, replicas: 2, available: 1, ready: 1, current: 2, updated: 2)
2025-01-30 18:16:46,969 INFO c.h.h.t.HelmChartContainer - [hivemq-test-hivemq-platform] [hivemq-platform-operator] [232a5dbf] 18:16:46.968 [ReconcilerExecutor-hivemq-controller-120] DEBUG c.h.p.o.HiveMQPlatformReconciler - [updatelo] StatefulSet Spec (replicas: 2, init containers: 1, containers: 1, volumes: 3)
2025-01-30 18:16:46,971 INFO c.h.h.t.HelmChartContainer - [hivemq-test-hivemq-platform] [hivemq-platform-operator] [232a5dbf] 18:16:46.969 [ReconcilerExecutor-hivemq-controller-120] DEBUG c.h.p.o.h.HiveMQPlatformReconcilerErrorHandler - [updatelo] Pod 'test-hivemq-platform-1' phase Running
2025-01-30 18:16:46,972 INFO c.h.h.t.HelmChartContainer - [hivemq-test-hivemq-platform] [hivemq-platform-operator] [232a5dbf] 18:16:46.970 [ReconcilerExecutor-hivemq-controller-120] DEBUG c.h.p.o.h.HiveMQPlatformReconcilerErrorHandler - [updatelo] Pod 'test-hivemq-platform-0' phase Running
2025-01-30 18:16:46,998 INFO c.h.h.t.HelmChartContainer - [hivemq-test-hivemq-platform] [hivemq-platform-operator] [232a5dbf] 18:16:46.996 [ReconcilerExecutor-hivemq-controller-120] DEBUG c.h.p.o.h.HiveMQPlatformReconcilerSetLogLevelHandler - [updatelo] Setting log level on Pod 'test-hivemq-platform-1'
2025-01-30 18:16:46,998 INFO c.h.h.t.HelmChartContainer - [hivemq-test-hivemq-platform] [hivemq-platform-operator] [232a5dbf] 18:16:46.996 [ForkJoinPool.commonPool-worker-1] DEBUG c.h.p.o.h.HiveMQPlatformReconcilerSetLogLevelHandler - [updatelo] Setting log level on Pod 'test-hivemq-platform-0'
2025-01-30 18:16:47,236 INFO c.h.h.t.HelmChartContainer - [test-hivemq-platform] [hivemq] [dc99488b] INFO  - [HiveMQ Platform Operator Init App 1.7.0-SNAPSHOT] Set log level from WARN to WARN in logback.xml file
2025-01-30 18:16:47,239 INFO c.h.h.t.HelmChartContainer - [hivemq-test-hivemq-platform] [hivemq-platform-operator] [232a5dbf] 18:16:47.239 [vert.x-eventloop-thread-0] DEBUG c.h.platform.operator.util.PodUtil - Received status for command '[curl, -s, http://10.42.0.11:7979/setLogLevel?level=WARN]' on Pod 'test-hivemq-platform-0' (exit code: 0)
2025-01-30 18:16:47,292 INFO c.h.h.t.HelmChartContainer - [hivemq-test-hivemq-platform] [hivemq-platform-operator] [232a5dbf] 18:16:47.291 [vert.x-eventloop-thread-0] DEBUG c.h.platform.operator.util.PodUtil - Received status for command '[curl, -s, http://10.42.0.12:7979/setLogLevel?level=WARN]' on Pod 'test-hivemq-platform-1' (exit code: 7)
2025-01-30 18:16:47,316 INFO c.h.h.t.HelmChartContainer - [test-hivemq-platform] [hivemq] [27ade26a] INFO  - [HiveMQ Platform Operator Init 1.7.0-SNAPSHOT] HiveMQ Platform Operator Init 1.7.0-SNAPSHOT (commit: 47e3375 on branch: HEAD) built on Thu Jan 30 03:55:50 UTC 2025
2025-01-30 18:16:48,197 INFO c.h.h.t.HelmChartContainer - [hivemq-test-hivemq-platform] [hivemq-platform-operator] [232a5dbf] 18:16:48.193 [pool-6-thread-18] DEBUG c.h.p.o.d.PlatformServiceResource - [updatelo] Desired Platform services (3 services)
2025-01-30 18:16:48,197 INFO c.h.h.t.HelmChartContainer - [hivemq-test-hivemq-platform] [hivemq-platform-operator] [232a5dbf] 18:16:48.194 [pool-6-thread-17] DEBUG c.h.p.o.d.PodServiceAccountResource - [updatelo] Desired PodServiceAccountResource (serviceAccountName: hivemq-platform-pod-test-hivemq-platform)
2025-01-30 18:16:48,198 INFO c.h.h.t.HelmChartContainer - [hivemq-test-hivemq-platform] [hivemq-platform-operator] [232a5dbf] 18:16:48.196 [pool-6-thread-11] DEBUG c.h.p.o.dependants.PodInfoConfigMap - [updatelo] Desired PodInfo ConfigMap (1 extensions) (1 enabled)
2025-01-30 18:16:48,198 INFO c.h.h.t.HelmChartContainer - [hivemq-test-hivemq-platform] [hivemq-platform-operator] [232a5dbf] 18:16:48.196 [pool-6-thread-11] DEBUG c.h.p.o.dependants.PodInfoConfigMap - [updatelo] Desired PodInfo ConfigMap (metrics port: 9399) (metrics path: /)
2025-01-30 18:16:48,198 INFO c.h.h.t.HelmChartContainer - [hivemq-test-hivemq-platform] [hivemq-platform-operator] [232a5dbf] 18:16:48.196 [pool-6-thread-11] DEBUG c.h.p.o.dependants.PodInfoConfigMap - [updatelo] Desired PodInfo ConfigMap (extension state hash: -1817474005)
2025-01-30 18:16:48,201 INFO c.h.h.t.HelmChartContainer - [hivemq-test-hivemq-platform] [hivemq-platform-operator] [232a5dbf] 18:16:48.201 [pool-6-thread-18] DEBUG c.h.p.o.d.StatefulSetResource - [updatelo] Desired StatefulSet (2 replicas) for status SET_LOG_LEVEL (SET_LOG_LEVEL)
2025-01-30 18:16:48,205 INFO c.h.h.t.HelmChartContainer - [hivemq-test-hivemq-platform] [hivemq-platform-operator] [232a5dbf] 18:16:48.204 [ReconcilerExecutor-hivemq-controller-121] INFO  c.h.p.o.HiveMQPlatformReconciler - [updatelo] Reconciling HiveMQ Platform 'test-hivemq-platform' in namespace 'updateloglevelit'
2025-01-30 18:16:48,206 INFO c.h.h.t.HelmChartContainer - [hivemq-test-hivemq-platform] [hivemq-platform-operator] [232a5dbf] 18:16:48.204 [ReconcilerExecutor-hivemq-controller-121] DEBUG c.h.p.o.HiveMQPlatformReconciler - [updatelo] Custom Resource Status SET_LOG_LEVEL - HiveMQ Platform is updating the log level to WARN (SET_LOG_LEVEL) (reconciliation requests: SCALING)
2025-01-30 18:16:48,206 INFO c.h.h.t.HelmChartContainer - [hivemq-test-hivemq-platform] [hivemq-platform-operator] [232a5dbf] 18:16:48.204 [ReconcilerExecutor-hivemq-controller-121] DEBUG c.h.p.o.HiveMQPlatformReconciler - [updatelo] Custom Resource Spec (replicas: 2) (extensions: 1)
2025-01-30 18:16:48,207 INFO c.h.h.t.HelmChartContainer - [hivemq-test-hivemq-platform] [hivemq-platform-operator] [232a5dbf] 18:16:48.206 [ReconcilerExecutor-hivemq-controller-121] DEBUG c.h.p.o.HiveMQPlatformReconciler - [updatelo] StatefulSet Status (revision: test-hivemq-platform-b697f795f, replicas: 2, available: 1, ready: 1, current: 2, updated: 2)
2025-01-30 18:16:48,207 INFO c.h.h.t.HelmChartContainer - [hivemq-test-hivemq-platform] [hivemq-platform-operator] [232a5dbf] 18:16:48.206 [ReconcilerExecutor-hivemq-controller-121] DEBUG c.h.p.o.HiveMQPlatformReconciler - [updatelo] StatefulSet Spec (replicas: 2, init containers: 1, containers: 1, volumes: 3)
2025-01-30 18:16:48,209 INFO c.h.h.t.HelmChartContainer - [hivemq-test-hivemq-platform] [hivemq-platform-operator] [232a5dbf] 18:16:48.207 [ReconcilerExecutor-hivemq-controller-121] DEBUG c.h.p.o.h.HiveMQPlatformReconcilerErrorHandler - [updatelo] Pod 'test-hivemq-platform-1' phase Running
2025-01-30 18:16:48,210 INFO c.h.h.t.HelmChartContainer - [hivemq-test-hivemq-platform] [hivemq-platform-operator] [232a5dbf] 18:16:48.208 [ReconcilerExecutor-hivemq-controller-121] DEBUG c.h.p.o.h.HiveMQPlatformReconcilerErrorHandler - [updatelo] Pod 'test-hivemq-platform-0' phase Running
2025-01-30 18:16:48,295 INFO c.h.h.t.HelmChartContainer - [hivemq-test-hivemq-platform] [hivemq-platform-operator] [232a5dbf] 18:16:48.294 [ReconcilerExecutor-hivemq-controller-121] WARN  c.h.p.operator.util.RestApiUtil - [updatelo] Set log level command on Pod 'test-hivemq-platform-1' returned an empty response
2025-01-30 18:16:48,518 INFO c.h.h.t.HelmChartContainer - [test-hivemq-platform] [hivemq] [27ade26a] INFO  - [HiveMQ Platform Operator Init App 1.7.0-SNAPSHOT] Using bind address 10.42.0.12 from environment variable
2025-01-30 18:16:49,481 INFO c.h.h.t.HelmChartContainer - [test-hivemq-platform] [hivemq] [27ade26a] INFO  - [HiveMQ Platform Operator Init App 1.7.0-SNAPSHOT] HiveMQ Platform Operator Init App 1.7.0-SNAPSHOT (commit: 47e3375 on branch: HEAD) built on Thu Jan 30 03:55:50 UTC 2025
2025-01-30 18:16:49,481 INFO c.h.h.t.HelmChartContainer - [test-hivemq-platform] [hivemq] [27ade26a] INFO  - [HiveMQ Platform Operator Init App 1.7.0-SNAPSHOT] PodInfo ConfigMap directory: /etc/podinfo
2025-01-30 18:16:49,482 INFO c.h.h.t.HelmChartContainer - [test-hivemq-platform] [hivemq] [27ade26a] INFO  - [HiveMQ Platform Operator Init App 1.7.0-SNAPSHOT] HiveMQ home directory: /opt/hivemq
2025-01-30 18:16:49,483 INFO c.h.h.t.HelmChartContainer - [test-hivemq-platform] [hivemq] [27ade26a] INFO  - [HiveMQ Platform Operator Init App 1.7.0-SNAPSHOT] HiveMQ Logback folder: /opt/hivemq/conf
2025-01-30 18:16:49,483 INFO c.h.h.t.HelmChartContainer - [test-hivemq-platform] [hivemq] [27ade26a] INFO  - [HiveMQ Platform Operator Init App 1.7.0-SNAPSHOT] HiveMQ Config folder: /opt/hivemq/conf-k8s
2025-01-30 18:16:49,483 INFO c.h.h.t.HelmChartContainer - [test-hivemq-platform] [hivemq] [27ade26a] INFO  - [HiveMQ Platform Operator Init App 1.7.0-SNAPSHOT] Starting HiveMQ Platform Operator Init App
2025-01-30 18:16:49,483 INFO c.h.h.t.HelmChartContainer - [test-hivemq-platform] [hivemq] [27ade26a] INFO  - [HiveMQ Platform Operator Init App 1.7.0-SNAPSHOT] Starting Pod reconciler
2025-01-30 18:16:50,721 INFO c.h.h.t.HelmChartContainer - [test-hivemq-platform] [hivemq] [27ade26a] INFO  - [HiveMQ Platform Operator Init App 1.7.0-SNAPSHOT] Pod reconciler is scheduled (interval: 5000 ms)
2025-01-30 18:16:50,722 INFO c.h.h.t.HelmChartContainer - [test-hivemq-platform] [hivemq] [27ade26a] INFO  - [HiveMQ Platform Operator Init App 1.7.0-SNAPSHOT] Starting the REST API on 10.42.0.12:7979
2025-01-30 18:16:50,726 INFO c.h.h.t.HelmChartContainer - [test-hivemq-platform] [hivemq] [27ade26a] INFO  - [HiveMQ Platform Operator Init App 1.7.0-SNAPSHOT] Waiting up to 600s for at most 2 HiveMQ nodes in cluster service hivemq-test-hivemq-platform-cluster.updateloglevelit.svc
2025-01-30 18:16:51,034 INFO c.h.h.t.HelmChartContainer - [test-hivemq-platform] [hivemq] [27ade26a] INFO  - [HiveMQ Platform Operator Init App 1.7.0-SNAPSHOT] Resolved 2 IP addresses: [10.42.0.11, 10.42.0.12]
2025-01-30 18:16:51,034 INFO c.h.h.t.HelmChartContainer - [test-hivemq-platform] [hivemq] [27ade26a] INFO  - [HiveMQ Platform Operator Init App 1.7.0-SNAPSHOT] HiveMQ node count of 2 is within threshold of 2
2025-01-30 18:16:51,034 INFO c.h.h.t.HelmChartContainer - [test-hivemq-platform] [hivemq] [27ade26a] INFO  - [HiveMQ Platform Operator Init App 1.7.0-SNAPSHOT] Waiting 15s for previous shutdown replication to finish...
2025-01-30 18:16:52,949 INFO c.h.h.t.HelmChartContainer - [test-hivemq-platform] [hivemq] [27ade26a] INFO  - [HiveMQ Platform Operator Init App 1.7.0-SNAPSHOT] Returning default Health API response 503 for readiness
2025-01-30 18:16:53,035 INFO c.h.h.t.HelmChartContainer - [EVENT] Warning [Unhealthy] Readiness probe failed: HTTP probe failed with statuscode: 503 [updateloglevelit:test-hivemq-platform-1]
2025-01-30 18:16:53,035 INFO c.h.h.t.HelmChartContainer - Received Unhealthy event for container hivemq in pod test-hivemq-platform-1 [27ade26a-86eb-4d8d-a393-9e381f19bff7]
2025-01-30 18:16:57,946 INFO c.h.h.t.HelmChartContainer - [EVENT] Warning [Unhealthy] Readiness probe failed: HTTP probe failed with statuscode: 503 [updateloglevelit:test-hivemq-platform-1]
2025-01-30 18:16:57,946 INFO c.h.h.t.HelmChartContainer - Received Unhealthy event for container hivemq in pod test-hivemq-platform-1 [27ade26a-86eb-4d8d-a393-9e381f19bff7]
2025-01-30 18:16:58,038 INFO c.h.h.t.HelmChartContainer - [test-hivemq-platform] [hivemq] [27ade26a] INFO  - [HiveMQ Platform Operator Init App 1.7.0-SNAPSHOT] Updating Pod HiveMQ Platform Operator Init App version annotation (version: 1.7.0-SNAPSHOT)
2025-01-30 18:16:58,300 INFO c.h.h.t.HelmChartContainer - [hivemq-test-hivemq-platform] [hivemq-platform-operator] [232a5dbf] 18:16:58.298 [pool-6-thread-25] DEBUG c.h.p.o.d.PlatformServiceResource - [updatelo] Desired Platform services (3 services)
2025-01-30 18:16:58,302 INFO c.h.h.t.HelmChartContainer - [hivemq-test-hivemq-platform] [hivemq-platform-operator] [232a5dbf] 18:16:58.299 [pool-6-thread-22] DEBUG c.h.p.o.dependants.PodInfoConfigMap - [updatelo] Desired PodInfo ConfigMap (1 extensions) (1 enabled)
2025-01-30 18:16:58,302 INFO c.h.h.t.HelmChartContainer - [hivemq-test-hivemq-platform] [hivemq-platform-operator] [232a5dbf] 18:16:58.301 [pool-6-thread-22] DEBUG c.h.p.o.dependants.PodInfoConfigMap - [updatelo] Desired PodInfo ConfigMap (metrics port: 9399) (metrics path: /)
2025-01-30 18:16:58,302 INFO c.h.h.t.HelmChartContainer - [hivemq-test-hivemq-platform] [hivemq-platform-operator] [232a5dbf] 18:16:58.301 [pool-6-thread-22] DEBUG c.h.p.o.dependants.PodInfoConfigMap - [updatelo] Desired PodInfo ConfigMap (extension state hash: -1817474005)
2025-01-30 18:16:58,304 INFO c.h.h.t.HelmChartContainer - [hivemq-test-hivemq-platform] [hivemq-platform-operator] [232a5dbf] 18:16:58.302 [pool-6-thread-24] DEBUG c.h.p.o.d.PodServiceAccountResource - [updatelo] Desired PodServiceAccountResource (serviceAccountName: hivemq-platform-pod-test-hivemq-platform)
2025-01-30 18:16:58,307 INFO c.h.h.t.HelmChartContainer - [hivemq-test-hivemq-platform] [hivemq-platform-operator] [232a5dbf] 18:16:58.307 [pool-6-thread-25] DEBUG c.h.p.o.d.StatefulSetResource - [updatelo] Desired StatefulSet (2 replicas) for status SET_LOG_LEVEL (SET_LOG_LEVEL)
2025-01-30 18:16:58,311 INFO c.h.h.t.HelmChartContainer - [hivemq-test-hivemq-platform] [hivemq-platform-operator] [232a5dbf] 18:16:58.310 [ReconcilerExecutor-hivemq-controller-122] INFO  c.h.p.o.HiveMQPlatformReconciler - [updatelo] Reconciling HiveMQ Platform 'test-hivemq-platform' in namespace 'updateloglevelit'
2025-01-30 18:16:58,311 INFO c.h.h.t.HelmChartContainer - [hivemq-test-hivemq-platform] [hivemq-platform-operator] [232a5dbf] 18:16:58.310 [ReconcilerExecutor-hivemq-controller-122] DEBUG c.h.p.o.HiveMQPlatformReconciler - [updatelo] Custom Resource Status SET_LOG_LEVEL - HiveMQ Platform is updating the log level to WARN (SET_LOG_LEVEL) (reconciliation requests: SCALING)
2025-01-30 18:16:58,311 INFO c.h.h.t.HelmChartContainer - [hivemq-test-hivemq-platform] [hivemq-platform-operator] [232a5dbf] 18:16:58.310 [ReconcilerExecutor-hivemq-controller-122] DEBUG c.h.p.o.HiveMQPlatformReconciler - [updatelo] Custom Resource Spec (replicas: 2) (extensions: 1)
2025-01-30 18:16:58,315 INFO c.h.h.t.HelmChartContainer - [hivemq-test-hivemq-platform] [hivemq-platform-operator] [232a5dbf] 18:16:58.312 [ReconcilerExecutor-hivemq-controller-122] DEBUG c.h.p.o.HiveMQPlatformReconciler - [updatelo] StatefulSet Status (revision: test-hivemq-platform-b697f795f, replicas: 2, available: 1, ready: 1, current: 2, updated: 2)
2025-01-30 18:16:58,315 INFO c.h.h.t.HelmChartContainer - [hivemq-test-hivemq-platform] [hivemq-platform-operator] [232a5dbf] 18:16:58.312 [ReconcilerExecutor-hivemq-controller-122] DEBUG c.h.p.o.HiveMQPlatformReconciler - [updatelo] StatefulSet Spec (replicas: 2, init containers: 1, containers: 1, volumes: 3)
2025-01-30 18:16:58,316 INFO c.h.h.t.HelmChartContainer - [hivemq-test-hivemq-platform] [hivemq-platform-operator] [232a5dbf] 18:16:58.314 [ReconcilerExecutor-hivemq-controller-122] DEBUG c.h.p.o.h.HiveMQPlatformReconcilerErrorHandler - [updatelo] Pod 'test-hivemq-platform-1' phase Running
2025-01-30 18:16:58,320 INFO c.h.h.t.HelmChartContainer - [hivemq-test-hivemq-platform] [hivemq-platform-operator] [232a5dbf] 18:16:58.320 [ReconcilerExecutor-hivemq-controller-122] DEBUG c.h.p.o.h.HiveMQPlatformReconcilerErrorHandler - [updatelo] Pod 'test-hivemq-platform-0' phase Running
2025-01-30 18:16:58,340 INFO c.h.h.t.HelmChartContainer - [POD] test-hivemq-platform-1 [27ade26a-86eb-4d8d-a393-9e381f19bff7] in updateloglevelit was MODIFIED
2025-01-30 18:16:58,346 INFO c.h.h.t.HelmChartContainer - [test-hivemq-platform] [hivemq] [27ade26a] INFO  - [HiveMQ Platform Operator Init App 1.7.0-SNAPSHOT] Successfully updated Pod HiveMQ Platform Operator Init App version annotation (version: 1.7.0-SNAPSHOT)
2025-01-30 18:16:58,350 INFO c.h.h.t.HelmChartContainer - [EVENT] Warning [Unhealthy] Readiness probe failed: HTTP probe failed with statuscode: 503 [updateloglevelit:test-hivemq-platform-1]
2025-01-30 18:16:58,350 INFO c.h.h.t.HelmChartContainer - Received Unhealthy event for container hivemq in pod test-hivemq-platform-1 [27ade26a-86eb-4d8d-a393-9e381f19bff7]
2025-01-30 18:16:58,397 INFO c.h.h.t.HelmChartContainer - [hivemq-test-hivemq-platform] [hivemq-platform-operator] [232a5dbf] 18:16:58.393 [ReconcilerExecutor-hivemq-controller-122] DEBUG c.h.p.o.h.HiveMQPlatformReconcilerSetLogLevelHandler - [updatelo] Setting log level on Pod 'test-hivemq-platform-1'
2025-01-30 18:16:58,398 INFO c.h.h.t.HelmChartContainer - [hivemq-test-hivemq-platform] [hivemq-platform-operator] [232a5dbf] 18:16:58.394 [ForkJoinPool.commonPool-worker-1] DEBUG c.h.p.o.h.HiveMQPlatformReconcilerSetLogLevelHandler - [updatelo] Setting log level on Pod 'test-hivemq-platform-0'
2025-01-30 18:16:58,530 INFO c.h.h.t.HelmChartContainer - [test-hivemq-platform] [hivemq] [dc99488b] INFO  - [HiveMQ Platform Operator Init App 1.7.0-SNAPSHOT] Returning Health API response 200 for liveness
2025-01-30 18:16:58,628 INFO c.h.h.t.HelmChartContainer - [hivemq-test-hivemq-platform] [hivemq-platform-operator] [232a5dbf] 18:16:58.628 [pool-6-thread-38] DEBUG c.h.p.o.d.PlatformServiceResource - [updatelo] Desired Platform services (3 services)
2025-01-30 18:16:58,631 INFO c.h.h.t.HelmChartContainer - [hivemq-test-hivemq-platform] [hivemq-platform-operator] [232a5dbf] 18:16:58.630 [pool-6-thread-39] DEBUG c.h.p.o.dependants.PodInfoConfigMap - [updatelo] Desired PodInfo ConfigMap (1 extensions) (1 enabled)
2025-01-30 18:16:58,633 INFO c.h.h.t.HelmChartContainer - [hivemq-test-hivemq-platform] [hivemq-platform-operator] [232a5dbf] 18:16:58.632 [pool-6-thread-39] DEBUG c.h.p.o.dependants.PodInfoConfigMap - [updatelo] Desired PodInfo ConfigMap (metrics port: 9399) (metrics path: /)
2025-01-30 18:16:58,635 INFO c.h.h.t.HelmChartContainer - [hivemq-test-hivemq-platform] [hivemq-platform-operator] [232a5dbf] 18:16:58.634 [pool-6-thread-39] DEBUG c.h.p.o.dependants.PodInfoConfigMap - [updatelo] Desired PodInfo ConfigMap (extension state hash: -1817474005)
2025-01-30 18:16:58,641 INFO c.h.h.t.HelmChartContainer - [test-hivemq-platform] [hivemq] [dc99488b] INFO  - [HiveMQ Platform Operator Init App 1.7.0-SNAPSHOT] Set log level from WARN to WARN in logback.xml file
2025-01-30 18:16:58,692 INFO c.h.h.t.HelmChartContainer - [hivemq-test-hivemq-platform] [hivemq-platform-operator] [232a5dbf] 18:16:58.691 [pool-6-thread-35] DEBUG c.h.p.o.d.PodServiceAccountResource - [updatelo] Desired PodServiceAccountResource (serviceAccountName: hivemq-platform-pod-test-hivemq-platform)
2025-01-30 18:16:58,696 INFO c.h.h.t.HelmChartContainer - [hivemq-test-hivemq-platform] [hivemq-platform-operator] [232a5dbf] 18:16:58.694 [pool-6-thread-39] DEBUG c.h.p.o.d.StatefulSetResource - [updatelo] Desired StatefulSet (2 replicas) for status SET_LOG_LEVEL (SET_LOG_LEVEL)
2025-01-30 18:16:58,696 INFO c.h.h.t.HelmChartContainer - [hivemq-test-hivemq-platform] [hivemq-platform-operator] [232a5dbf] 18:16:58.695 [vert.x-eventloop-thread-0] DEBUG c.h.platform.operator.util.PodUtil - Received status for command '[curl, -s, http://10.42.0.11:7979/setLogLevel?level=WARN]' on Pod 'test-hivemq-platform-0' (exit code: 0)
2025-01-30 18:16:58,700 INFO c.h.h.t.HelmChartContainer - [hivemq-test-hivemq-platform] [hivemq-platform-operator] [232a5dbf] 18:16:58.697 [ReconcilerExecutor-hivemq-controller-123] INFO  c.h.p.o.HiveMQPlatformReconciler - [updatelo] Reconciling HiveMQ Platform 'test-hivemq-platform' in namespace 'updateloglevelit'
2025-01-30 18:16:58,700 INFO c.h.h.t.HelmChartContainer - [hivemq-test-hivemq-platform] [hivemq-platform-operator] [232a5dbf] 18:16:58.697 [ReconcilerExecutor-hivemq-controller-123] DEBUG c.h.p.o.HiveMQPlatformReconciler - [updatelo] Custom Resource Status SET_LOG_LEVEL - HiveMQ Platform is updating the log level to WARN (SET_LOG_LEVEL) (reconciliation requests: SCALING)
2025-01-30 18:16:58,700 INFO c.h.h.t.HelmChartContainer - [hivemq-test-hivemq-platform] [hivemq-platform-operator] [232a5dbf] 18:16:58.697 [ReconcilerExecutor-hivemq-controller-123] DEBUG c.h.p.o.HiveMQPlatformReconciler - [updatelo] Custom Resource Spec (replicas: 2) (extensions: 1)
2025-01-30 18:16:58,700 INFO c.h.h.t.HelmChartContainer - [hivemq-test-hivemq-platform] [hivemq-platform-operator] [232a5dbf] 18:16:58.699 [ReconcilerExecutor-hivemq-controller-123] DEBUG c.h.p.o.HiveMQPlatformReconciler - [updatelo] StatefulSet Status (revision: test-hivemq-platform-b697f795f, replicas: 2, available: 1, ready: 1, current: 2, updated: 2)
2025-01-30 18:16:58,700 INFO c.h.h.t.HelmChartContainer - [hivemq-test-hivemq-platform] [hivemq-platform-operator] [232a5dbf] 18:16:58.699 [ReconcilerExecutor-hivemq-controller-123] DEBUG c.h.p.o.HiveMQPlatformReconciler - [updatelo] StatefulSet Spec (replicas: 2, init containers: 1, containers: 1, volumes: 3)
2025-01-30 18:16:58,700 INFO c.h.h.t.HelmChartContainer - [hivemq-test-hivemq-platform] [hivemq-platform-operator] [232a5dbf] 18:16:58.700 [ReconcilerExecutor-hivemq-controller-123] DEBUG c.h.p.o.h.HiveMQPlatformReconcilerErrorHandler - [updatelo] Pod 'test-hivemq-platform-1' phase Running
2025-01-30 18:16:58,702 INFO c.h.h.t.HelmChartContainer - [hivemq-test-hivemq-platform] [hivemq-platform-operator] [232a5dbf] 18:16:58.701 [ReconcilerExecutor-hivemq-controller-123] DEBUG c.h.p.o.h.HiveMQPlatformReconcilerErrorHandler - [updatelo] Pod 'test-hivemq-platform-0' phase Running
2025-01-30 18:16:58,703 INFO c.h.h.t.HelmChartContainer - [hivemq-test-hivemq-platform] [hivemq-platform-operator] [232a5dbf] 18:16:58.702 [ReconcilerExecutor-hivemq-controller-123] INFO  c.h.p.operator.http.RestApiService - [updatelo] Set log level command on Pod 'test-hivemq-platform-1' is not ready yet
2025-01-30 18:16:59,118 INFO c.h.h.t.HelmChartContainer - [test-hivemq-platform] [hivemq] [27ade26a] INFO  - [HiveMQ Platform Operator Init App 1.7.0-SNAPSHOT] Set log level from ${HIVEMQ_LOG_LEVEL:-INFO} to WARN in logback.xml file
2025-01-30 18:16:59,128 INFO c.h.h.t.HelmChartContainer - [hivemq-test-hivemq-platform] [hivemq-platform-operator] [232a5dbf] 18:16:59.127 [vert.x-eventloop-thread-1] DEBUG c.h.platform.operator.util.PodUtil - Received status for command '[curl, -s, http://10.42.0.12:7979/setLogLevel?level=WARN]' on Pod 'test-hivemq-platform-1' (exit code: 0)
2025-01-30 18:16:59,709 INFO c.h.h.t.HelmChartContainer - [hivemq-test-hivemq-platform] [hivemq-platform-operator] [232a5dbf] 18:16:59.705 [pool-6-thread-42] DEBUG c.h.p.o.d.PlatformServiceResource - [updatelo] Desired Platform services (3 services)
2025-01-30 18:16:59,709 INFO c.h.h.t.HelmChartContainer - [hivemq-test-hivemq-platform] [hivemq-platform-operator] [232a5dbf] 18:16:59.706 [pool-6-thread-48] DEBUG c.h.p.o.dependants.PodInfoConfigMap - [updatelo] Desired PodInfo ConfigMap (1 extensions) (1 enabled)
2025-01-30 18:16:59,709 INFO c.h.h.t.HelmChartContainer - [hivemq-test-hivemq-platform] [hivemq-platform-operator] [232a5dbf] 18:16:59.706 [pool-6-thread-48] DEBUG c.h.p.o.dependants.PodInfoConfigMap - [updatelo] Desired PodInfo ConfigMap (metrics port: 9399) (metrics path: /)
2025-01-30 18:16:59,709 INFO c.h.h.t.HelmChartContainer - [hivemq-test-hivemq-platform] [hivemq-platform-operator] [232a5dbf] 18:16:59.706 [pool-6-thread-48] DEBUG c.h.p.o.dependants.PodInfoConfigMap - [updatelo] Desired PodInfo ConfigMap (extension state hash: -1817474005)
2025-01-30 18:16:59,709 INFO c.h.h.t.HelmChartContainer - [hivemq-test-hivemq-platform] [hivemq-platform-operator] [232a5dbf] 18:16:59.707 [pool-6-thread-41] DEBUG c.h.p.o.d.PodServiceAccountResource - [updatelo] Desired PodServiceAccountResource (serviceAccountName: hivemq-platform-pod-test-hivemq-platform)
2025-01-30 18:16:59,711 INFO c.h.h.t.HelmChartContainer - [hivemq-test-hivemq-platform] [hivemq-platform-operator] [232a5dbf] 18:16:59.711 [pool-6-thread-42] DEBUG c.h.p.o.d.StatefulSetResource - [updatelo] Desired StatefulSet (2 replicas) for status SET_LOG_LEVEL (SET_LOG_LEVEL)
2025-01-30 18:16:59,715 INFO c.h.h.t.HelmChartContainer - [hivemq-test-hivemq-platform] [hivemq-platform-operator] [232a5dbf] 18:16:59.714 [ReconcilerExecutor-hivemq-controller-124] INFO  c.h.p.o.HiveMQPlatformReconciler - [updatelo] Reconciling HiveMQ Platform 'test-hivemq-platform' in namespace 'updateloglevelit'
2025-01-30 18:16:59,716 INFO c.h.h.t.HelmChartContainer - [hivemq-test-hivemq-platform] [hivemq-platform-operator] [232a5dbf] 18:16:59.714 [ReconcilerExecutor-hivemq-controller-124] DEBUG c.h.p.o.HiveMQPlatformReconciler - [updatelo] Custom Resource Status SET_LOG_LEVEL - HiveMQ Platform is updating the log level to WARN (SET_LOG_LEVEL) (reconciliation requests: SCALING)
2025-01-30 18:16:59,716 INFO c.h.h.t.HelmChartContainer - [hivemq-test-hivemq-platform] [hivemq-platform-operator] [232a5dbf] 18:16:59.714 [ReconcilerExecutor-hivemq-controller-124] DEBUG c.h.p.o.HiveMQPlatformReconciler - [updatelo] Custom Resource Spec (replicas: 2) (extensions: 1)
2025-01-30 18:16:59,717 INFO c.h.h.t.HelmChartContainer - [hivemq-test-hivemq-platform] [hivemq-platform-operator] [232a5dbf] 18:16:59.715 [ReconcilerExecutor-hivemq-controller-124] DEBUG c.h.p.o.HiveMQPlatformReconciler - [updatelo] StatefulSet Status (revision: test-hivemq-platform-b697f795f, replicas: 2, available: 1, ready: 1, current: 2, updated: 2)
2025-01-30 18:16:59,717 INFO c.h.h.t.HelmChartContainer - [hivemq-test-hivemq-platform] [hivemq-platform-operator] [232a5dbf] 18:16:59.716 [ReconcilerExecutor-hivemq-controller-124] DEBUG c.h.p.o.HiveMQPlatformReconciler - [updatelo] StatefulSet Spec (replicas: 2, init containers: 1, containers: 1, volumes: 3)
2025-01-30 18:16:59,718 INFO c.h.h.t.HelmChartContainer - [hivemq-test-hivemq-platform] [hivemq-platform-operator] [232a5dbf] 18:16:59.717 [ReconcilerExecutor-hivemq-controller-124] DEBUG c.h.p.o.h.HiveMQPlatformReconcilerErrorHandler - [updatelo] Pod 'test-hivemq-platform-1' phase Running
2025-01-30 18:16:59,720 INFO c.h.h.t.HelmChartContainer - [hivemq-test-hivemq-platform] [hivemq-platform-operator] [232a5dbf] 18:16:59.719 [ReconcilerExecutor-hivemq-controller-124] DEBUG c.h.p.o.h.HiveMQPlatformReconcilerErrorHandler - [updatelo] Pod 'test-hivemq-platform-0' phase Running
2025-01-30 18:16:59,797 INFO c.h.h.t.HelmChartContainer - [hivemq-test-hivemq-platform] [hivemq-platform-operator] [232a5dbf] 18:16:59.795 [ReconcilerExecutor-hivemq-controller-124] INFO  c.h.p.o.h.HiveMQPlatformReconcilerSetLogLevelHandler - [updatelo] Successfully updated the log level on all Pods
2025-01-30 18:16:59,810 INFO c.h.h.t.HelmChartContainer - [hivemq-test-hivemq-platform] [hivemq-platform-operator] [232a5dbf] 18:16:59.809 [ReconcilerExecutor-hivemq-controller-124] DEBUG c.h.p.operator.event.EventSender - [updatelo] Creating K8s event waiting-for-log-level-update: [SetLogLevel] HiveMQ Platform is updating the log level
2025-01-30 18:16:59,813 INFO c.h.h.t.HelmChartContainer - [EVENT] Normal [SetLogLevel] HiveMQ Platform is updating the log level [updateloglevelit:test-hivemq-platform]
2025-01-30 18:16:59,814 INFO c.h.h.t.HelmChartContainer - [hivemq-test-hivemq-platform] [hivemq-platform-operator] [232a5dbf] 18:16:59.813 [ReconcilerExecutor-hivemq-controller-124] INFO  c.h.p.o.h.AbstractHiveMQReconcilerStateHandler - [updatelo] Update HiveMQ Platform Status (SET_LOG_LEVEL [SET_LOG_LEVEL] -> SET_LOG_LEVEL [WAIT_FOR_LOG_LEVEL_UPDATE]): HiveMQ Platform is updating the log level (reconciliation requests: SCALING)
2025-01-30 18:16:59,821 DEBUG com.hivemq.helmcharts.util.K8sUtil - Comparing actual state 'SET_LOG_LEVEL' and waiting for 'RUNNING'
2025-01-30 18:17:03,347 INFO c.h.h.t.HelmChartContainer - [EVENT] Warning [Unhealthy] Readiness probe failed: HTTP probe failed with statuscode: 503 [updateloglevelit:test-hivemq-platform-1]
2025-01-30 18:17:03,348 INFO c.h.h.t.HelmChartContainer - Received Unhealthy event for container hivemq in pod test-hivemq-platform-1 [27ade26a-86eb-4d8d-a393-9e381f19bff7]
2025-01-30 18:17:06,034 INFO c.h.h.t.HelmChartContainer - [test-hivemq-platform] [hivemq] [27ade26a] INFO  - [HiveMQ Platform Operator Init App 1.7.0-SNAPSHOT] Proceeding with container start
2025-01-30 18:17:06,038 INFO c.h.h.t.HelmChartContainer - [test-hivemq-platform] [hivemq] [27ade26a] INFO  - [HiveMQ Platform Operator Init App 1.7.0-SNAPSHOT] Initializing HiveMQ Platform extensions with initial configuration: {hivemq-allow-all-extension={start-priority=-1, skip-https-hostname-verification=false, restart=true, config-version=0, header-version=0, c-uri=, priority=-1, uri=preinstalled, skip-https-certificate-validation=false, enabled=true}, hivemq-prometheus-extension={enabled=true, request-header-path=no-request-headers, uri=preinstalled, skip-https-certificate-validation=false, skip-https-hostname-verification=false, c-uri=, start-priority=-1, priority=-1, restart=true}}
2025-01-30 18:17:06,051 INFO c.h.h.t.HelmChartContainer - [test-hivemq-platform] [hivemq] [27ade26a] INFO  - [HiveMQ Platform Operator Init App 1.7.0-SNAPSHOT] Extension hivemq-allow-all-extension was already enabled
2025-01-30 18:17:06,123 INFO c.h.h.t.HelmChartContainer - [test-hivemq-platform] [hivemq] [27ade26a] INFO  - [HiveMQ Platform Operator Init App 1.7.0-SNAPSHOT] Successfully enabled extension hivemq-prometheus-extension
2025-01-30 18:17:06,125 INFO c.h.h.t.HelmChartContainer - [test-hivemq-platform] [hivemq] [27ade26a] INFO  - [HiveMQ Platform Operator Init App 1.7.0-SNAPSHOT] Starting HiveMQ Platform version 4.36.0 (4.36.0)
2025-01-30 18:17:06,125 INFO c.h.h.t.HelmChartContainer - [test-hivemq-platform] [hivemq] [27ade26a] INFO  - [HiveMQ Platform Operator Init App 1.7.0-SNAPSHOT] Configuring the HiveMQ Platform
2025-01-30 18:17:06,131 INFO c.h.h.t.HelmChartContainer - [test-hivemq-platform] [hivemq] [27ade26a] INFO  - [HiveMQ Platform Operator Init App 1.7.0-SNAPSHOT] Changed logback.xml file scan period to 20 seconds
2025-01-30 18:17:06,219 INFO c.h.h.t.HelmChartContainer - [test-hivemq-platform] [hivemq] [27ade26a] INFO  - [HiveMQ Platform Operator Init App 1.7.0-SNAPSHOT] Starting the HiveMQ Platform
2025-01-30 18:17:06,221 INFO c.h.h.t.HelmChartContainer - [test-hivemq-platform] [hivemq] [27ade26a] -------------------------------------------------------------------------
2025-01-30 18:17:06,221 INFO c.h.h.t.HelmChartContainer - [test-hivemq-platform] [hivemq] [27ade26a] 
2025-01-30 18:17:06,221 INFO c.h.h.t.HelmChartContainer - [test-hivemq-platform] [hivemq] [27ade26a]                   _    _  _              __  __   ____
2025-01-30 18:17:06,221 INFO c.h.h.t.HelmChartContainer - [test-hivemq-platform] [hivemq] [27ade26a]                  | |  | |(_)            |  \/  | / __ \
2025-01-30 18:17:06,221 INFO c.h.h.t.HelmChartContainer - [test-hivemq-platform] [hivemq] [27ade26a]                  | |__| | _ __   __ ___ | \  / || |  | |
2025-01-30 18:17:06,221 INFO c.h.h.t.HelmChartContainer - [test-hivemq-platform] [hivemq] [27ade26a]                  |  __  || |\ \ / // _ \| |\/| || |  | |
2025-01-30 18:17:06,221 INFO c.h.h.t.HelmChartContainer - [test-hivemq-platform] [hivemq] [27ade26a]                  | |  | || | \ V /|  __/| |  | || |__| |
2025-01-30 18:17:06,222 INFO c.h.h.t.HelmChartContainer - [test-hivemq-platform] [hivemq] [27ade26a]                  |_|  |_||_|  \_/  \___||_|  |_| \___\_\
2025-01-30 18:17:06,222 INFO c.h.h.t.HelmChartContainer - [test-hivemq-platform] [hivemq] [27ade26a] 
2025-01-30 18:17:06,222 INFO c.h.h.t.HelmChartContainer - [test-hivemq-platform] [hivemq] [27ade26a] -------------------------------------------------------------------------
2025-01-30 18:17:06,222 INFO c.h.h.t.HelmChartContainer - [test-hivemq-platform] [hivemq] [27ade26a] 
2025-01-30 18:17:06,222 INFO c.h.h.t.HelmChartContainer - [test-hivemq-platform] [hivemq] [27ade26a]   HiveMQ Start Script for Linux/Unix v1.14
2025-01-30 18:17:06,222 INFO c.h.h.t.HelmChartContainer - [test-hivemq-platform] [hivemq] [27ade26a] 
2025-01-30 18:17:06,320 INFO c.h.h.t.HelmChartContainer - [test-hivemq-platform] [hivemq] [27ade26a] -------------------------------------------------------------------------
2025-01-30 18:17:06,320 INFO c.h.h.t.HelmChartContainer - [test-hivemq-platform] [hivemq] [27ade26a] 
2025-01-30 18:17:06,320 INFO c.h.h.t.HelmChartContainer - [test-hivemq-platform] [hivemq] [27ade26a]   HIVEMQ_HOME: /opt/hivemq
2025-01-30 18:17:06,320 INFO c.h.h.t.HelmChartContainer - [test-hivemq-platform] [hivemq] [27ade26a] 
2025-01-30 18:17:06,320 INFO c.h.h.t.HelmChartContainer - [test-hivemq-platform] [hivemq] [27ade26a]   JAVA_OPTS: -XX:+UnlockExperimentalVMOptions -XX:InitialRAMPercentage=50 -XX:MaxRAMPercentage=50 -Djava.net.preferIPv4Stack=true --add-opens java.base/java.lang=ALL-UNNAMED --add-opens java.base/java.nio=ALL-UNNAMED --add-opens java.base/sun.nio.ch=ALL-UNNAMED --add-opens jdk.management/com.sun.management.internal=ALL-UNNAMED --add-exports java.base/jdk.internal.misc=ALL-UNNAMED -Djava.security.egd=file:/dev/./urandom -Dcom.sun.management.jmxremote -Dcom.sun.management.jmxremote.port=9010 -Dcom.sun.management.jmxremote.local.only=false -Dcom.sun.management.jmxremote.authenticate=false -Dcom.sun.management.jmxremote.ssl=false -Duser.language=en -Duser.region=US -XX:+CrashOnOutOfMemoryError -XX:+HeapDumpOnOutOfMemoryError
2025-01-30 18:17:06,321 INFO c.h.h.t.HelmChartContainer - [test-hivemq-platform] [hivemq] [27ade26a] 
2025-01-30 18:17:06,321 INFO c.h.h.t.HelmChartContainer - [test-hivemq-platform] [hivemq] [27ade26a]   JAVA_VERSION: 21
2025-01-30 18:17:06,321 INFO c.h.h.t.HelmChartContainer - [test-hivemq-platform] [hivemq] [27ade26a] 
2025-01-30 18:17:06,321 INFO c.h.h.t.HelmChartContainer - [test-hivemq-platform] [hivemq] [27ade26a] -------------------------------------------------------------------------
2025-01-30 18:17:06,321 INFO c.h.h.t.HelmChartContainer - [test-hivemq-platform] [hivemq] [27ade26a] 
2025-01-30 18:17:08,419 INFO c.h.h.t.HelmChartContainer - [EVENT] Warning [Unhealthy] Readiness probe failed: HTTP probe failed with statuscode: 503 [updateloglevelit:test-hivemq-platform-1]
2025-01-30 18:17:08,419 INFO c.h.h.t.HelmChartContainer - Received Unhealthy event for container hivemq in pod test-hivemq-platform-1 [27ade26a-86eb-4d8d-a393-9e381f19bff7]
2025-01-30 18:17:08,818 INFO c.h.h.t.HelmChartContainer - [test-hivemq-platform] [hivemq] [27ade26a] INFO  - Starting HiveMQ Enterprise Server
2025-01-30 18:17:08,824 INFO c.h.h.t.HelmChartContainer - [test-hivemq-platform] [hivemq] [27ade26a] INFO  - HiveMQ version: 4.36.0
2025-01-30 18:17:08,824 INFO c.h.h.t.HelmChartContainer - [test-hivemq-platform] [hivemq] [27ade26a] INFO  - HiveMQ home directory: /opt/hivemq
2025-01-30 18:17:09,826 INFO c.h.h.t.HelmChartContainer - [hivemq-test-hivemq-platform] [hivemq-platform-operator] [232a5dbf] 18:17:09.824 [pool-6-thread-3] DEBUG c.h.p.o.d.PlatformServiceResource - [updatelo] Desired Platform services (3 services)
2025-01-30 18:17:09,829 INFO c.h.h.t.HelmChartContainer - [hivemq-test-hivemq-platform] [hivemq-platform-operator] [232a5dbf] 18:17:09.825 [pool-6-thread-4] DEBUG c.h.p.o.dependants.PodInfoConfigMap - [updatelo] Desired PodInfo ConfigMap (1 extensions) (1 enabled)
2025-01-30 18:17:09,829 INFO c.h.h.t.HelmChartContainer - [hivemq-test-hivemq-platform] [hivemq-platform-operator] [232a5dbf] 18:17:09.825 [pool-6-thread-4] DEBUG c.h.p.o.dependants.PodInfoConfigMap - [updatelo] Desired PodInfo ConfigMap (metrics port: 9399) (metrics path: /)
2025-01-30 18:17:09,829 INFO c.h.h.t.HelmChartContainer - [hivemq-test-hivemq-platform] [hivemq-platform-operator] [232a5dbf] 18:17:09.825 [pool-6-thread-4] DEBUG c.h.p.o.dependants.PodInfoConfigMap - [updatelo] Desired PodInfo ConfigMap (extension state hash: -1817474005)
2025-01-30 18:17:09,829 INFO c.h.h.t.HelmChartContainer - [hivemq-test-hivemq-platform] [hivemq-platform-operator] [232a5dbf] 18:17:09.827 [pool-6-thread-10] DEBUG c.h.p.o.d.PodServiceAccountResource - [updatelo] Desired PodServiceAccountResource (serviceAccountName: hivemq-platform-pod-test-hivemq-platform)
2025-01-30 18:17:09,843 INFO c.h.h.t.HelmChartContainer - [hivemq-test-hivemq-platform] [hivemq-platform-operator] [232a5dbf] 18:17:09.841 [pool-6-thread-3] DEBUG c.h.p.o.d.StatefulSetResource - [updatelo] Desired StatefulSet (2 replicas) for status SET_LOG_LEVEL (WAIT_FOR_LOG_LEVEL_UPDATE)
2025-01-30 18:17:09,847 INFO c.h.h.t.HelmChartContainer - [hivemq-test-hivemq-platform] [hivemq-platform-operator] [232a5dbf] 18:17:09.845 [ReconcilerExecutor-hivemq-controller-125] INFO  c.h.p.o.HiveMQPlatformReconciler - [updatelo] Reconciling HiveMQ Platform 'test-hivemq-platform' in namespace 'updateloglevelit'
2025-01-30 18:17:09,849 INFO c.h.h.t.HelmChartContainer - [hivemq-test-hivemq-platform] [hivemq-platform-operator] [232a5dbf] 18:17:09.846 [ReconcilerExecutor-hivemq-controller-125] DEBUG c.h.p.o.HiveMQPlatformReconciler - [updatelo] Custom Resource Status SET_LOG_LEVEL - HiveMQ Platform is updating the log level (WAIT_FOR_LOG_LEVEL_UPDATE) (reconciliation requests: SCALING)
2025-01-30 18:17:09,849 INFO c.h.h.t.HelmChartContainer - [hivemq-test-hivemq-platform] [hivemq-platform-operator] [232a5dbf] 18:17:09.846 [ReconcilerExecutor-hivemq-controller-125] DEBUG c.h.p.o.HiveMQPlatformReconciler - [updatelo] Custom Resource Spec (replicas: 2) (extensions: 1)
2025-01-30 18:17:09,850 INFO c.h.h.t.HelmChartContainer - [hivemq-test-hivemq-platform] [hivemq-platform-operator] [232a5dbf] 18:17:09.847 [ReconcilerExecutor-hivemq-controller-125] DEBUG c.h.p.o.HiveMQPlatformReconciler - [updatelo] StatefulSet Status (revision: test-hivemq-platform-b697f795f, replicas: 2, available: 1, ready: 1, current: 2, updated: 2)
2025-01-30 18:17:09,851 INFO c.h.h.t.HelmChartContainer - [hivemq-test-hivemq-platform] [hivemq-platform-operator] [232a5dbf] 18:17:09.847 [ReconcilerExecutor-hivemq-controller-125] DEBUG c.h.p.o.HiveMQPlatformReconciler - [updatelo] StatefulSet Spec (replicas: 2, init containers: 1, containers: 1, volumes: 3)
2025-01-30 18:17:09,851 INFO c.h.h.t.HelmChartContainer - [hivemq-test-hivemq-platform] [hivemq-platform-operator] [232a5dbf] 18:17:09.849 [ReconcilerExecutor-hivemq-controller-125] DEBUG c.h.p.o.h.HiveMQPlatformReconcilerErrorHandler - [updatelo] Pod 'test-hivemq-platform-1' phase Running
2025-01-30 18:17:09,852 INFO c.h.h.t.HelmChartContainer - [hivemq-test-hivemq-platform] [hivemq-platform-operator] [232a5dbf] 18:17:09.850 [ReconcilerExecutor-hivemq-controller-125] DEBUG c.h.p.o.h.HiveMQPlatformReconcilerErrorHandler - [updatelo] Pod 'test-hivemq-platform-0' phase Running
2025-01-30 18:17:09,898 INFO c.h.h.t.HelmChartContainer - [hivemq-test-hivemq-platform] [hivemq-platform-operator] [232a5dbf] 18:17:09.897 [ReconcilerExecutor-hivemq-controller-125] DEBUG c.h.p.o.h.HiveMQPlatformReconcilerSetLogLevelHandler - [updatelo] Checking log level on Pod 'test-hivemq-platform-1'
2025-01-30 18:17:09,900 INFO c.h.h.t.HelmChartContainer - [hivemq-test-hivemq-platform] [hivemq-platform-operator] [232a5dbf] 18:17:09.897 [ForkJoinPool.commonPool-worker-1] DEBUG c.h.p.o.h.HiveMQPlatformReconcilerSetLogLevelHandler - [updatelo] Checking log level on Pod 'test-hivemq-platform-0'
2025-01-30 18:17:10,143 INFO c.h.h.t.HelmChartContainer - [hivemq-test-hivemq-platform] [hivemq-platform-operator] [232a5dbf] 18:17:10.142 [vert.x-eventloop-thread-0] DEBUG c.h.platform.operator.util.PodUtil - Received status for command '[curl, -s, http://10.42.0.11:7979/logLevel]' on Pod 'test-hivemq-platform-0' (exit code: 0)
2025-01-30 18:17:10,584 INFO c.h.h.t.HelmChartContainer - [hivemq-test-hivemq-platform] [hivemq-platform-operator] [232a5dbf] 18:17:10.584 [vert.x-eventloop-thread-1] DEBUG c.h.platform.operator.util.PodUtil - Received status for command '[curl, -s, http://10.42.0.12:7979/logLevel]' on Pod 'test-hivemq-platform-1' (exit code: 0)
2025-01-30 18:17:11,019 INFO c.h.h.t.HelmChartContainer - [hivemq-test-hivemq-platform] [hivemq-platform-operator] [232a5dbf] 18:17:11.017 [pool-6-thread-14] DEBUG c.h.p.o.d.PlatformServiceResource - [updatelo] Desired Platform services (3 services)
2025-01-30 18:17:11,019 INFO c.h.h.t.HelmChartContainer - [hivemq-test-hivemq-platform] [hivemq-platform-operator] [232a5dbf] 18:17:11.018 [pool-6-thread-11] DEBUG c.h.p.o.dependants.PodInfoConfigMap - [updatelo] Desired PodInfo ConfigMap (1 extensions) (1 enabled)
2025-01-30 18:17:11,023 INFO c.h.h.t.HelmChartContainer - [hivemq-test-hivemq-platform] [hivemq-platform-operator] [232a5dbf] 18:17:11.021 [pool-6-thread-16] DEBUG c.h.p.o.d.PodServiceAccountResource - [updatelo] Desired PodServiceAccountResource (serviceAccountName: hivemq-platform-pod-test-hivemq-platform)
2025-01-30 18:17:11,025 INFO c.h.h.t.HelmChartContainer - [hivemq-test-hivemq-platform] [hivemq-platform-operator] [232a5dbf] 18:17:11.023 [pool-6-thread-11] DEBUG c.h.p.o.dependants.PodInfoConfigMap - [updatelo] Desired PodInfo ConfigMap (metrics port: 9399) (metrics path: /)
2025-01-30 18:17:11,025 INFO c.h.h.t.HelmChartContainer - [hivemq-test-hivemq-platform] [hivemq-platform-operator] [232a5dbf] 18:17:11.023 [pool-6-thread-11] DEBUG c.h.p.o.dependants.PodInfoConfigMap - [updatelo] Desired PodInfo ConfigMap (extension state hash: -1817474005)
2025-01-30 18:17:11,026 INFO c.h.h.t.HelmChartContainer - [hivemq-test-hivemq-platform] [hivemq-platform-operator] [232a5dbf] 18:17:11.025 [pool-6-thread-11] DEBUG c.h.p.o.d.StatefulSetResource - [updatelo] Desired StatefulSet (2 replicas) for status SET_LOG_LEVEL (WAIT_FOR_LOG_LEVEL_UPDATE)
2025-01-30 18:17:11,032 INFO c.h.h.t.HelmChartContainer - [hivemq-test-hivemq-platform] [hivemq-platform-operator] [232a5dbf] 18:17:11.030 [ReconcilerExecutor-hivemq-controller-126] INFO  c.h.p.o.HiveMQPlatformReconciler - [updatelo] Reconciling HiveMQ Platform 'test-hivemq-platform' in namespace 'updateloglevelit'
2025-01-30 18:17:11,032 INFO c.h.h.t.HelmChartContainer - [hivemq-test-hivemq-platform] [hivemq-platform-operator] [232a5dbf] 18:17:11.030 [ReconcilerExecutor-hivemq-controller-126] DEBUG c.h.p.o.HiveMQPlatformReconciler - [updatelo] Custom Resource Status SET_LOG_LEVEL - HiveMQ Platform is updating the log level (WAIT_FOR_LOG_LEVEL_UPDATE) (reconciliation requests: SCALING)
2025-01-30 18:17:11,032 INFO c.h.h.t.HelmChartContainer - [hivemq-test-hivemq-platform] [hivemq-platform-operator] [232a5dbf] 18:17:11.030 [ReconcilerExecutor-hivemq-controller-126] DEBUG c.h.p.o.HiveMQPlatformReconciler - [updatelo] Custom Resource Spec (replicas: 2) (extensions: 1)
2025-01-30 18:17:11,036 INFO c.h.h.t.HelmChartContainer - [hivemq-test-hivemq-platform] [hivemq-platform-operator] [232a5dbf] 18:17:11.033 [ReconcilerExecutor-hivemq-controller-126] DEBUG c.h.p.o.HiveMQPlatformReconciler - [updatelo] StatefulSet Status (revision: test-hivemq-platform-b697f795f, replicas: 2, available: 1, ready: 1, current: 2, updated: 2)
2025-01-30 18:17:11,036 INFO c.h.h.t.HelmChartContainer - [hivemq-test-hivemq-platform] [hivemq-platform-operator] [232a5dbf] 18:17:11.033 [ReconcilerExecutor-hivemq-controller-126] DEBUG c.h.p.o.HiveMQPlatformReconciler - [updatelo] StatefulSet Spec (replicas: 2, init containers: 1, containers: 1, volumes: 3)
2025-01-30 18:17:11,036 INFO c.h.h.t.HelmChartContainer - [hivemq-test-hivemq-platform] [hivemq-platform-operator] [232a5dbf] 18:17:11.034 [ReconcilerExecutor-hivemq-controller-126] DEBUG c.h.p.o.h.HiveMQPlatformReconcilerErrorHandler - [updatelo] Pod 'test-hivemq-platform-1' phase Running
2025-01-30 18:17:11,037 INFO c.h.h.t.HelmChartContainer - [hivemq-test-hivemq-platform] [hivemq-platform-operator] [232a5dbf] 18:17:11.035 [ReconcilerExecutor-hivemq-controller-126] DEBUG c.h.p.o.h.HiveMQPlatformReconcilerErrorHandler - [updatelo] Pod 'test-hivemq-platform-0' phase Running
2025-01-30 18:17:11,038 INFO c.h.h.t.HelmChartContainer - [hivemq-test-hivemq-platform] [hivemq-platform-operator] [232a5dbf] 18:17:11.036 [ReconcilerExecutor-hivemq-controller-126] WARN  c.h.p.operator.util.RestApiUtil - [updatelo] Checking log level command on Pod 'test-hivemq-platform-1' returned a failure response: StatusResponse{status=INTERNAL_SERVER_ERROR, details={error=java.net.ConnectException}}
2025-01-30 18:17:13,346 INFO c.h.h.t.HelmChartContainer - [test-hivemq-platform] [hivemq] [27ade26a] WARN  - [HiveMQ Platform Operator Init App 1.7.0-SNAPSHOT] Cannot connect to Health API for readiness: null
2025-01-30 18:17:13,354 INFO c.h.h.t.HelmChartContainer - [EVENT] Warning [Unhealthy] Readiness probe failed: HTTP probe failed with statuscode: 503 [updateloglevelit:test-hivemq-platform-1]
2025-01-30 18:17:13,354 INFO c.h.h.t.HelmChartContainer - Received Unhealthy event for container hivemq in pod test-hivemq-platform-1 [27ade26a-86eb-4d8d-a393-9e381f19bff7]
2025-01-30 18:17:15,443 INFO c.h.h.t.HelmChartContainer - [test-hivemq-platform] [hivemq] [27ade26a] WARN  - [HiveMQ Platform Operator Init App 1.7.0-SNAPSHOT] Cannot connect to Health API for liveness: null
2025-01-30 18:17:15,443 INFO c.h.h.t.HelmChartContainer - [test-hivemq-platform] [hivemq] [27ade26a] INFO  - [HiveMQ Platform Operator Init App 1.7.0-SNAPSHOT] Returning default Health API response 200 for liveness
2025-01-30 18:17:18,417 INFO c.h.h.t.HelmChartContainer - [test-hivemq-platform] [hivemq] [27ade26a] WARN  - [HiveMQ Platform Operator Init App 1.7.0-SNAPSHOT] Cannot connect to Health API for readiness: null
2025-01-30 18:17:18,423 INFO c.h.h.t.HelmChartContainer - [EVENT] Warning [Unhealthy] Readiness probe failed: HTTP probe failed with statuscode: 503 [updateloglevelit:test-hivemq-platform-1]
2025-01-30 18:17:18,423 INFO c.h.h.t.HelmChartContainer - Received Unhealthy event for container hivemq in pod test-hivemq-platform-1 [27ade26a-86eb-4d8d-a393-9e381f19bff7]
2025-01-30 18:17:21,043 INFO c.h.h.t.HelmChartContainer - [hivemq-test-hivemq-platform] [hivemq-platform-operator] [232a5dbf] 18:17:21.040 [pool-6-thread-27] DEBUG c.h.p.o.d.PlatformServiceResource - [updatelo] Desired Platform services (3 services)
2025-01-30 18:17:21,043 INFO c.h.h.t.HelmChartContainer - [hivemq-test-hivemq-platform] [hivemq-platform-operator] [232a5dbf] 18:17:21.040 [pool-6-thread-28] DEBUG c.h.p.o.dependants.PodInfoConfigMap - [updatelo] Desired PodInfo ConfigMap (1 extensions) (1 enabled)
2025-01-30 18:17:21,043 INFO c.h.h.t.HelmChartContainer - [hivemq-test-hivemq-platform] [hivemq-platform-operator] [232a5dbf] 18:17:21.040 [pool-6-thread-28] DEBUG c.h.p.o.dependants.PodInfoConfigMap - [updatelo] Desired PodInfo ConfigMap (metrics port: 9399) (metrics path: /)
2025-01-30 18:17:21,043 INFO c.h.h.t.HelmChartContainer - [hivemq-test-hivemq-platform] [hivemq-platform-operator] [232a5dbf] 18:17:21.040 [pool-6-thread-28] DEBUG c.h.p.o.dependants.PodInfoConfigMap - [updatelo] Desired PodInfo ConfigMap (extension state hash: -1817474005)
2025-01-30 18:17:21,043 INFO c.h.h.t.HelmChartContainer - [hivemq-test-hivemq-platform] [hivemq-platform-operator] [232a5dbf] 18:17:21.041 [pool-6-thread-28] DEBUG c.h.p.o.d.PodServiceAccountResource - [updatelo] Desired PodServiceAccountResource (serviceAccountName: hivemq-platform-pod-test-hivemq-platform)
2025-01-30 18:17:21,044 INFO c.h.h.t.HelmChartContainer - [hivemq-test-hivemq-platform] [hivemq-platform-operator] [232a5dbf] 18:17:21.044 [pool-6-thread-23] DEBUG c.h.p.o.d.StatefulSetResource - [updatelo] Desired StatefulSet (2 replicas) for status SET_LOG_LEVEL (WAIT_FOR_LOG_LEVEL_UPDATE)
2025-01-30 18:17:21,047 INFO c.h.h.t.HelmChartContainer - [hivemq-test-hivemq-platform] [hivemq-platform-operator] [232a5dbf] 18:17:21.046 [ReconcilerExecutor-hivemq-controller-127] INFO  c.h.p.o.HiveMQPlatformReconciler - [updatelo] Reconciling HiveMQ Platform 'test-hivemq-platform' in namespace 'updateloglevelit'
2025-01-30 18:17:21,047 INFO c.h.h.t.HelmChartContainer - [hivemq-test-hivemq-platform] [hivemq-platform-operator] [232a5dbf] 18:17:21.046 [ReconcilerExecutor-hivemq-controller-127] DEBUG c.h.p.o.HiveMQPlatformReconciler - [updatelo] Custom Resource Status SET_LOG_LEVEL - HiveMQ Platform is updating the log level (WAIT_FOR_LOG_LEVEL_UPDATE) (reconciliation requests: SCALING)
2025-01-30 18:17:21,047 INFO c.h.h.t.HelmChartContainer - [hivemq-test-hivemq-platform] [hivemq-platform-operator] [232a5dbf] 18:17:21.046 [ReconcilerExecutor-hivemq-controller-127] DEBUG c.h.p.o.HiveMQPlatformReconciler - [updatelo] Custom Resource Spec (replicas: 2) (extensions: 1)
2025-01-30 18:17:21,049 INFO c.h.h.t.HelmChartContainer - [hivemq-test-hivemq-platform] [hivemq-platform-operator] [232a5dbf] 18:17:21.047 [ReconcilerExecutor-hivemq-controller-127] DEBUG c.h.p.o.HiveMQPlatformReconciler - [updatelo] StatefulSet Status (revision: test-hivemq-platform-b697f795f, replicas: 2, available: 1, ready: 1, current: 2, updated: 2)
2025-01-30 18:17:21,049 INFO c.h.h.t.HelmChartContainer - [hivemq-test-hivemq-platform] [hivemq-platform-operator] [232a5dbf] 18:17:21.048 [ReconcilerExecutor-hivemq-controller-127] DEBUG c.h.p.o.HiveMQPlatformReconciler - [updatelo] StatefulSet Spec (replicas: 2, init containers: 1, containers: 1, volumes: 3)
2025-01-30 18:17:21,052 INFO c.h.h.t.HelmChartContainer - [hivemq-test-hivemq-platform] [hivemq-platform-operator] [232a5dbf] 18:17:21.050 [ReconcilerExecutor-hivemq-controller-127] DEBUG c.h.p.o.h.HiveMQPlatformReconcilerErrorHandler - [updatelo] Pod 'test-hivemq-platform-1' phase Running
2025-01-30 18:17:21,054 INFO c.h.h.t.HelmChartContainer - [hivemq-test-hivemq-platform] [hivemq-platform-operator] [232a5dbf] 18:17:21.053 [ReconcilerExecutor-hivemq-controller-127] DEBUG c.h.p.o.h.HiveMQPlatformReconcilerErrorHandler - [updatelo] Pod 'test-hivemq-platform-0' phase Running
2025-01-30 18:17:21,061 INFO c.h.h.t.HelmChartContainer - [hivemq-test-hivemq-platform] [hivemq-platform-operator] [232a5dbf] 18:17:21.060 [ForkJoinPool.commonPool-worker-1] DEBUG c.h.p.o.h.HiveMQPlatformReconcilerSetLogLevelHandler - [updatelo] Checking log level on Pod 'test-hivemq-platform-0'
2025-01-30 18:17:21,061 INFO c.h.h.t.HelmChartContainer - [hivemq-test-hivemq-platform] [hivemq-platform-operator] [232a5dbf] 18:17:21.060 [ReconcilerExecutor-hivemq-controller-127] DEBUG c.h.p.o.h.HiveMQPlatformReconcilerSetLogLevelHandler - [updatelo] Checking log level on Pod 'test-hivemq-platform-1'
2025-01-30 18:17:21,194 INFO c.h.h.t.HelmChartContainer - [hivemq-test-hivemq-platform] [hivemq-platform-operator] [232a5dbf] 18:17:21.193 [vert.x-eventloop-thread-0] DEBUG c.h.platform.operator.util.PodUtil - Received status for command '[curl, -s, http://10.42.0.11:7979/logLevel]' on Pod 'test-hivemq-platform-0' (exit code: 0)
2025-01-30 18:17:21,325 INFO c.h.h.t.HelmChartContainer - [hivemq-test-hivemq-platform] [hivemq-platform-operator] [232a5dbf] 18:17:21.324 [vert.x-eventloop-thread-0] DEBUG c.h.platform.operator.util.PodUtil - Received status for command '[curl, -s, http://10.42.0.12:7979/logLevel]' on Pod 'test-hivemq-platform-1' (exit code: 0)
2025-01-30 18:17:22,197 INFO c.h.h.t.HelmChartContainer - [hivemq-test-hivemq-platform] [hivemq-platform-operator] [232a5dbf] 18:17:22.195 [pool-6-thread-36] DEBUG c.h.p.o.d.PlatformServiceResource - [updatelo] Desired Platform services (3 services)
2025-01-30 18:17:22,197 INFO c.h.h.t.HelmChartContainer - [hivemq-test-hivemq-platform] [hivemq-platform-operator] [232a5dbf] 18:17:22.196 [pool-6-thread-32] DEBUG c.h.p.o.d.PodServiceAccountResource - [updatelo] Desired PodServiceAccountResource (serviceAccountName: hivemq-platform-pod-test-hivemq-platform)
2025-01-30 18:17:22,199 INFO c.h.h.t.HelmChartContainer - [hivemq-test-hivemq-platform] [hivemq-platform-operator] [232a5dbf] 18:17:22.198 [pool-6-thread-40] DEBUG c.h.p.o.dependants.PodInfoConfigMap - [updatelo] Desired PodInfo ConfigMap (1 extensions) (1 enabled)
2025-01-30 18:17:22,200 INFO c.h.h.t.HelmChartContainer - [hivemq-test-hivemq-platform] [hivemq-platform-operator] [232a5dbf] 18:17:22.198 [pool-6-thread-40] DEBUG c.h.p.o.dependants.PodInfoConfigMap - [updatelo] Desired PodInfo ConfigMap (metrics port: 9399) (metrics path: /)
2025-01-30 18:17:22,200 INFO c.h.h.t.HelmChartContainer - [hivemq-test-hivemq-platform] [hivemq-platform-operator] [232a5dbf] 18:17:22.198 [pool-6-thread-40] DEBUG c.h.p.o.dependants.PodInfoConfigMap - [updatelo] Desired PodInfo ConfigMap (extension state hash: -1817474005)
2025-01-30 18:17:22,201 INFO c.h.h.t.HelmChartContainer - [hivemq-test-hivemq-platform] [hivemq-platform-operator] [232a5dbf] 18:17:22.200 [pool-6-thread-40] DEBUG c.h.p.o.d.StatefulSetResource - [updatelo] Desired StatefulSet (2 replicas) for status SET_LOG_LEVEL (WAIT_FOR_LOG_LEVEL_UPDATE)
2025-01-30 18:17:22,203 INFO c.h.h.t.HelmChartContainer - [hivemq-test-hivemq-platform] [hivemq-platform-operator] [232a5dbf] 18:17:22.202 [ReconcilerExecutor-hivemq-controller-128] INFO  c.h.p.o.HiveMQPlatformReconciler - [updatelo] Reconciling HiveMQ Platform 'test-hivemq-platform' in namespace 'updateloglevelit'
2025-01-30 18:17:22,203 INFO c.h.h.t.HelmChartContainer - [hivemq-test-hivemq-platform] [hivemq-platform-operator] [232a5dbf] 18:17:22.202 [ReconcilerExecutor-hivemq-controller-128] DEBUG c.h.p.o.HiveMQPlatformReconciler - [updatelo] Custom Resource Status SET_LOG_LEVEL - HiveMQ Platform is updating the log level (WAIT_FOR_LOG_LEVEL_UPDATE) (reconciliation requests: SCALING)
2025-01-30 18:17:22,203 INFO c.h.h.t.HelmChartContainer - [hivemq-test-hivemq-platform] [hivemq-platform-operator] [232a5dbf] 18:17:22.202 [ReconcilerExecutor-hivemq-controller-128] DEBUG c.h.p.o.HiveMQPlatformReconciler - [updatelo] Custom Resource Spec (replicas: 2) (extensions: 1)
2025-01-30 18:17:22,205 INFO c.h.h.t.HelmChartContainer - [hivemq-test-hivemq-platform] [hivemq-platform-operator] [232a5dbf] 18:17:22.204 [ReconcilerExecutor-hivemq-controller-128] DEBUG c.h.p.o.HiveMQPlatformReconciler - [updatelo] StatefulSet Status (revision: test-hivemq-platform-b697f795f, replicas: 2, available: 1, ready: 1, current: 2, updated: 2)
2025-01-30 18:17:22,207 INFO c.h.h.t.HelmChartContainer - [hivemq-test-hivemq-platform] [hivemq-platform-operator] [232a5dbf] 18:17:22.204 [ReconcilerExecutor-hivemq-controller-128] DEBUG c.h.p.o.HiveMQPlatformReconciler - [updatelo] StatefulSet Spec (replicas: 2, init containers: 1, containers: 1, volumes: 3)
2025-01-30 18:17:22,207 INFO c.h.h.t.HelmChartContainer - [hivemq-test-hivemq-platform] [hivemq-platform-operator] [232a5dbf] 18:17:22.206 [ReconcilerExecutor-hivemq-controller-128] DEBUG c.h.p.o.h.HiveMQPlatformReconcilerErrorHandler - [updatelo] Pod 'test-hivemq-platform-1' phase Running
2025-01-30 18:17:22,207 INFO c.h.h.t.HelmChartContainer - [hivemq-test-hivemq-platform] [hivemq-platform-operator] [232a5dbf] 18:17:22.207 [ReconcilerExecutor-hivemq-controller-128] DEBUG c.h.p.o.h.HiveMQPlatformReconcilerErrorHandler - [updatelo] Pod 'test-hivemq-platform-0' phase Running
2025-01-30 18:17:22,209 INFO c.h.h.t.HelmChartContainer - [hivemq-test-hivemq-platform] [hivemq-platform-operator] [232a5dbf] 18:17:22.208 [ReconcilerExecutor-hivemq-controller-128] WARN  c.h.p.operator.util.RestApiUtil - [updatelo] Checking log level command on Pod 'test-hivemq-platform-1' returned a failure response: StatusResponse{status=INTERNAL_SERVER_ERROR, details={error=java.net.ConnectException}}
2025-01-30 18:17:23,417 INFO c.h.h.t.HelmChartContainer - [test-hivemq-platform] [hivemq] [27ade26a] WARN  - [HiveMQ Platform Operator Init App 1.7.0-SNAPSHOT] Cannot connect to Health API for readiness: null
2025-01-30 18:17:23,423 INFO c.h.h.t.HelmChartContainer - [EVENT] Warning [Unhealthy] Readiness probe failed: HTTP probe failed with statuscode: 503 [updateloglevelit:test-hivemq-platform-1]
2025-01-30 18:17:23,423 INFO c.h.h.t.HelmChartContainer - Received Unhealthy event for container hivemq in pod test-hivemq-platform-1 [27ade26a-86eb-4d8d-a393-9e381f19bff7]
2025-01-30 18:17:26,816 INFO c.h.h.t.HelmChartContainer - [K3S] [INFO] COMPACT compactRev=0 targetCompactRev=2 currentRev=1250
2025-01-30 18:17:26,816 INFO c.h.h.t.HelmChartContainer - [K3S] [INFO] COMPACT deleted 0 rows from 2 revisions in 478.461µs - compacted to 2/1250
2025-01-30 18:17:26,816 INFO c.h.h.t.HelmChartContainer - [K3S] [INFO] COMPACT compacted from 0 to 2 in 1 transactions over 1ms
2025-01-30 18:17:28,346 INFO c.h.h.t.HelmChartContainer - [test-hivemq-platform] [hivemq] [27ade26a] WARN  - [HiveMQ Platform Operator Init App 1.7.0-SNAPSHOT] Cannot connect to Health API for readiness: null
2025-01-30 18:17:28,350 INFO c.h.h.t.HelmChartContainer - [EVENT] Warning [Unhealthy] Readiness probe failed: HTTP probe failed with statuscode: 503 [updateloglevelit:test-hivemq-platform-1]
2025-01-30 18:17:28,350 INFO c.h.h.t.HelmChartContainer - Received Unhealthy event for container hivemq in pod test-hivemq-platform-1 [27ade26a-86eb-4d8d-a393-9e381f19bff7]
2025-01-30 18:17:30,520 INFO c.h.h.t.HelmChartContainer - [K3S] [info.go:53] Couldn't collect info from any of the files in "/etc/machine-id,/var/lib/dbus/machine-id"
2025-01-30 18:17:32,212 INFO c.h.h.t.HelmChartContainer - [hivemq-test-hivemq-platform] [hivemq-platform-operator] [232a5dbf] 18:17:32.211 [pool-6-thread-48] DEBUG c.h.p.o.d.PlatformServiceResource - [updatelo] Desired Platform services (3 services)
2025-01-30 18:17:32,213 INFO c.h.h.t.HelmChartContainer - [hivemq-test-hivemq-platform] [hivemq-platform-operator] [232a5dbf] 18:17:32.211 [pool-6-thread-46] DEBUG c.h.p.o.d.PodServiceAccountResource - [updatelo] Desired PodServiceAccountResource (serviceAccountName: hivemq-platform-pod-test-hivemq-platform)
2025-01-30 18:17:32,213 INFO c.h.h.t.HelmChartContainer - [hivemq-test-hivemq-platform] [hivemq-platform-operator] [232a5dbf] 18:17:32.212 [pool-6-thread-43] DEBUG c.h.p.o.dependants.PodInfoConfigMap - [updatelo] Desired PodInfo ConfigMap (1 extensions) (1 enabled)
2025-01-30 18:17:32,216 INFO c.h.h.t.HelmChartContainer - [hivemq-test-hivemq-platform] [hivemq-platform-operator] [232a5dbf] 18:17:32.212 [pool-6-thread-43] DEBUG c.h.p.o.dependants.PodInfoConfigMap - [updatelo] Desired PodInfo ConfigMap (metrics port: 9399) (metrics path: /)
2025-01-30 18:17:32,216 INFO c.h.h.t.HelmChartContainer - [hivemq-test-hivemq-platform] [hivemq-platform-operator] [232a5dbf] 18:17:32.212 [pool-6-thread-43] DEBUG c.h.p.o.dependants.PodInfoConfigMap - [updatelo] Desired PodInfo ConfigMap (extension state hash: -1817474005)
2025-01-30 18:17:32,230 INFO c.h.h.t.HelmChartContainer - [test-hivemq-platform] [hivemq] [27ade26a] WARN  - 
2025-01-30 18:17:32,232 INFO c.h.h.t.HelmChartContainer - [test-hivemq-platform] [hivemq] [27ade26a] ################################################################################################################
2025-01-30 18:17:32,233 INFO c.h.h.t.HelmChartContainer - [hivemq-test-hivemq-platform] [hivemq-platform-operator] [232a5dbf] 18:17:32.231 [pool-6-thread-47] DEBUG c.h.p.o.d.StatefulSetResource - [updatelo] Desired StatefulSet (2 replicas) for status SET_LOG_LEVEL (WAIT_FOR_LOG_LEVEL_UPDATE)
2025-01-30 18:17:32,233 INFO c.h.h.t.HelmChartContainer - [test-hivemq-platform] [hivemq] [27ade26a] # This HiveMQ deployment is not secure! You are lacking Authentication and Authorization.                      #
2025-01-30 18:17:32,233 INFO c.h.h.t.HelmChartContainer - [test-hivemq-platform] [hivemq] [27ade26a] # Right now any MQTT client can connect to the broker with a full set of permissions.                          #
2025-01-30 18:17:32,233 INFO c.h.h.t.HelmChartContainer - [test-hivemq-platform] [hivemq] [27ade26a] # For production usage, add an appropriate security extension and remove the hivemq-allow-all extension.       #
2025-01-30 18:17:32,233 INFO c.h.h.t.HelmChartContainer - [test-hivemq-platform] [hivemq] [27ade26a] # You can download security extensions from the HiveMQ Marketplace (https://www.hivemq.com/extensions/).       #
2025-01-30 18:17:32,233 INFO c.h.h.t.HelmChartContainer - [test-hivemq-platform] [hivemq] [27ade26a] ################################################################################################################
2025-01-30 18:17:32,238 INFO c.h.h.t.HelmChartContainer - [hivemq-test-hivemq-platform] [hivemq-platform-operator] [232a5dbf] 18:17:32.237 [ReconcilerExecutor-hivemq-controller-129] INFO  c.h.p.o.HiveMQPlatformReconciler - [updatelo] Reconciling HiveMQ Platform 'test-hivemq-platform' in namespace 'updateloglevelit'
2025-01-30 18:17:32,239 INFO c.h.h.t.HelmChartContainer - [hivemq-test-hivemq-platform] [hivemq-platform-operator] [232a5dbf] 18:17:32.238 [ReconcilerExecutor-hivemq-controller-129] DEBUG c.h.p.o.HiveMQPlatformReconciler - [updatelo] Custom Resource Status SET_LOG_LEVEL - HiveMQ Platform is updating the log level (WAIT_FOR_LOG_LEVEL_UPDATE) (reconciliation requests: SCALING)
2025-01-30 18:17:32,239 INFO c.h.h.t.HelmChartContainer - [hivemq-test-hivemq-platform] [hivemq-platform-operator] [232a5dbf] 18:17:32.238 [ReconcilerExecutor-hivemq-controller-129] DEBUG c.h.p.o.HiveMQPlatformReconciler - [updatelo] Custom Resource Spec (replicas: 2) (extensions: 1)
2025-01-30 18:17:32,240 INFO c.h.h.t.HelmChartContainer - [hivemq-test-hivemq-platform] [hivemq-platform-operator] [232a5dbf] 18:17:32.239 [ReconcilerExecutor-hivemq-controller-129] DEBUG c.h.p.o.HiveMQPlatformReconciler - [updatelo] StatefulSet Status (revision: test-hivemq-platform-b697f795f, replicas: 2, available: 1, ready: 1, current: 2, updated: 2)
2025-01-30 18:17:32,241 INFO c.h.h.t.HelmChartContainer - [hivemq-test-hivemq-platform] [hivemq-platform-operator] [232a5dbf] 18:17:32.239 [ReconcilerExecutor-hivemq-controller-129] DEBUG c.h.p.o.HiveMQPlatformReconciler - [updatelo] StatefulSet Spec (replicas: 2, init containers: 1, containers: 1, volumes: 3)
2025-01-30 18:17:32,241 INFO c.h.h.t.HelmChartContainer - [hivemq-test-hivemq-platform] [hivemq-platform-operator] [232a5dbf] 18:17:32.240 [ReconcilerExecutor-hivemq-controller-129] DEBUG c.h.p.o.h.HiveMQPlatformReconcilerErrorHandler - [updatelo] Pod 'test-hivemq-platform-1' phase Running
2025-01-30 18:17:32,244 INFO c.h.h.t.HelmChartContainer - [hivemq-test-hivemq-platform] [hivemq-platform-operator] [232a5dbf] 18:17:32.242 [ReconcilerExecutor-hivemq-controller-129] DEBUG c.h.p.o.h.HiveMQPlatformReconcilerErrorHandler - [updatelo] Pod 'test-hivemq-platform-0' phase Running
2025-01-30 18:17:32,293 INFO c.h.h.t.HelmChartContainer - [hivemq-test-hivemq-platform] [hivemq-platform-operator] [232a5dbf] 18:17:32.292 [ReconcilerExecutor-hivemq-controller-129] DEBUG c.h.p.o.h.HiveMQPlatformReconcilerSetLogLevelHandler - [updatelo] Checking log level on Pod 'test-hivemq-platform-1'
2025-01-30 18:17:32,293 INFO c.h.h.t.HelmChartContainer - [hivemq-test-hivemq-platform] [hivemq-platform-operator] [232a5dbf] 18:17:32.292 [ForkJoinPool.commonPool-worker-1] DEBUG c.h.p.o.h.HiveMQPlatformReconcilerSetLogLevelHandler - [updatelo] Checking log level on Pod 'test-hivemq-platform-0'
2025-01-30 18:17:32,441 INFO c.h.h.t.HelmChartContainer - [hivemq-test-hivemq-platform] [hivemq-platform-operator] [232a5dbf] 18:17:32.439 [vert.x-eventloop-thread-0] DEBUG c.h.platform.operator.util.PodUtil - Received status for command '[curl, -s, http://10.42.0.11:7979/logLevel]' on Pod 'test-hivemq-platform-0' (exit code: 0)
2025-01-30 18:17:33,405 INFO c.h.h.t.HelmChartContainer - [hivemq-test-hivemq-platform] [hivemq-platform-operator] [232a5dbf] 18:17:33.403 [pool-6-thread-1] DEBUG c.h.p.o.d.PlatformServiceResource - [updatelo] Desired Platform services (3 services)
2025-01-30 18:17:33,405 INFO c.h.h.t.HelmChartContainer - [hivemq-test-hivemq-platform] [hivemq-platform-operator] [232a5dbf] 18:17:33.403 [pool-6-thread-5] DEBUG c.h.p.o.d.PodServiceAccountResource - [updatelo] Desired PodServiceAccountResource (serviceAccountName: hivemq-platform-pod-test-hivemq-platform)
2025-01-30 18:17:33,407 INFO c.h.h.t.HelmChartContainer - [hivemq-test-hivemq-platform] [hivemq-platform-operator] [232a5dbf] 18:17:33.405 [pool-6-thread-10] DEBUG c.h.p.o.dependants.PodInfoConfigMap - [updatelo] Desired PodInfo ConfigMap (1 extensions) (1 enabled)
2025-01-30 18:17:33,407 INFO c.h.h.t.HelmChartContainer - [hivemq-test-hivemq-platform] [hivemq-platform-operator] [232a5dbf] 18:17:33.405 [pool-6-thread-10] DEBUG c.h.p.o.dependants.PodInfoConfigMap - [updatelo] Desired PodInfo ConfigMap (metrics port: 9399) (metrics path: /)
2025-01-30 18:17:33,407 INFO c.h.h.t.HelmChartContainer - [hivemq-test-hivemq-platform] [hivemq-platform-operator] [232a5dbf] 18:17:33.405 [pool-6-thread-10] DEBUG c.h.p.o.dependants.PodInfoConfigMap - [updatelo] Desired PodInfo ConfigMap (extension state hash: -1817474005)
2025-01-30 18:17:33,408 INFO c.h.h.t.HelmChartContainer - [hivemq-test-hivemq-platform] [hivemq-platform-operator] [232a5dbf] 18:17:33.407 [pool-6-thread-10] DEBUG c.h.p.o.d.StatefulSetResource - [updatelo] Desired StatefulSet (2 replicas) for status SET_LOG_LEVEL (WAIT_FOR_LOG_LEVEL_UPDATE)
2025-01-30 18:17:33,410 INFO c.h.h.t.HelmChartContainer - [hivemq-test-hivemq-platform] [hivemq-platform-operator] [232a5dbf] 18:17:33.410 [ReconcilerExecutor-hivemq-controller-130] INFO  c.h.p.o.HiveMQPlatformReconciler - [updatelo] Reconciling HiveMQ Platform 'test-hivemq-platform' in namespace 'updateloglevelit'
2025-01-30 18:17:33,411 INFO c.h.h.t.HelmChartContainer - [hivemq-test-hivemq-platform] [hivemq-platform-operator] [232a5dbf] 18:17:33.410 [ReconcilerExecutor-hivemq-controller-130] DEBUG c.h.p.o.HiveMQPlatformReconciler - [updatelo] Custom Resource Status SET_LOG_LEVEL - HiveMQ Platform is updating the log level (WAIT_FOR_LOG_LEVEL_UPDATE) (reconciliation requests: SCALING)
2025-01-30 18:17:33,412 INFO c.h.h.t.HelmChartContainer - [hivemq-test-hivemq-platform] [hivemq-platform-operator] [232a5dbf] 18:17:33.410 [ReconcilerExecutor-hivemq-controller-130] DEBUG c.h.p.o.HiveMQPlatformReconciler - [updatelo] Custom Resource Spec (replicas: 2) (extensions: 1)
2025-01-30 18:17:33,412 INFO c.h.h.t.HelmChartContainer - [hivemq-test-hivemq-platform] [hivemq-platform-operator] [232a5dbf] 18:17:33.411 [ReconcilerExecutor-hivemq-controller-130] DEBUG c.h.p.o.HiveMQPlatformReconciler - [updatelo] StatefulSet Status (revision: test-hivemq-platform-b697f795f, replicas: 2, available: 1, ready: 1, current: 2, updated: 2)
2025-01-30 18:17:33,412 INFO c.h.h.t.HelmChartContainer - [hivemq-test-hivemq-platform] [hivemq-platform-operator] [232a5dbf] 18:17:33.411 [ReconcilerExecutor-hivemq-controller-130] DEBUG c.h.p.o.HiveMQPlatformReconciler - [updatelo] StatefulSet Spec (replicas: 2, init containers: 1, containers: 1, volumes: 3)
2025-01-30 18:17:33,416 INFO c.h.h.t.HelmChartContainer - [hivemq-test-hivemq-platform] [hivemq-platform-operator] [232a5dbf] 18:17:33.412 [ReconcilerExecutor-hivemq-controller-130] DEBUG c.h.p.o.h.HiveMQPlatformReconcilerErrorHandler - [updatelo] Pod 'test-hivemq-platform-1' phase Running
2025-01-30 18:17:33,416 INFO c.h.h.t.HelmChartContainer - [hivemq-test-hivemq-platform] [hivemq-platform-operator] [232a5dbf] 18:17:33.413 [ReconcilerExecutor-hivemq-controller-130] DEBUG c.h.p.o.h.HiveMQPlatformReconcilerErrorHandler - [updatelo] Pod 'test-hivemq-platform-0' phase Running
2025-01-30 18:17:33,416 INFO c.h.h.t.HelmChartContainer - [hivemq-test-hivemq-platform] [hivemq-platform-operator] [232a5dbf] 18:17:33.413 [ReconcilerExecutor-hivemq-controller-130] INFO  c.h.p.operator.http.RestApiService - [updatelo] Checking log level command on Pod 'test-hivemq-platform-1' is not ready yet
2025-01-30 18:17:33,433 INFO c.h.h.t.HelmChartContainer - [hivemq-test-hivemq-platform] [hivemq-platform-operator] [232a5dbf] 18:17:33.432 [vert.x-eventloop-thread-1] DEBUG c.h.platform.operator.util.PodUtil - Received status for command '[curl, -s, http://10.42.0.12:7979/logLevel]' on Pod 'test-hivemq-platform-1' (exit code: 0)
2025-01-30 18:17:33,526 INFO c.h.h.t.HelmChartContainer - [test-hivemq-platform] [hivemq] [27ade26a] INFO  - [HiveMQ Platform Operator Init App 1.7.0-SNAPSHOT] Returning Health API response 503 for readiness
2025-01-30 18:17:33,531 INFO c.h.h.t.HelmChartContainer - [EVENT] Warning [Unhealthy] Readiness probe failed: HTTP probe failed with statuscode: 503 [updateloglevelit:test-hivemq-platform-1]
2025-01-30 18:17:33,531 INFO c.h.h.t.HelmChartContainer - Received Unhealthy event for container hivemq in pod test-hivemq-platform-1 [27ade26a-86eb-4d8d-a393-9e381f19bff7]
2025-01-30 18:17:34,419 INFO c.h.h.t.HelmChartContainer - [hivemq-test-hivemq-platform] [hivemq-platform-operator] [232a5dbf] 18:17:34.417 [pool-6-thread-12] DEBUG c.h.p.o.d.PlatformServiceResource - [updatelo] Desired Platform services (3 services)
2025-01-30 18:17:34,419 INFO c.h.h.t.HelmChartContainer - [hivemq-test-hivemq-platform] [hivemq-platform-operator] [232a5dbf] 18:17:34.417 [pool-6-thread-15] DEBUG c.h.p.o.d.PodServiceAccountResource - [updatelo] Desired PodServiceAccountResource (serviceAccountName: hivemq-platform-pod-test-hivemq-platform)
2025-01-30 18:17:34,420 INFO c.h.h.t.HelmChartContainer - [hivemq-test-hivemq-platform] [hivemq-platform-operator] [232a5dbf] 18:17:34.417 [pool-6-thread-17] DEBUG c.h.p.o.dependants.PodInfoConfigMap - [updatelo] Desired PodInfo ConfigMap (1 extensions) (1 enabled)
2025-01-30 18:17:34,420 INFO c.h.h.t.HelmChartContainer - [hivemq-test-hivemq-platform] [hivemq-platform-operator] [232a5dbf] 18:17:34.418 [pool-6-thread-17] DEBUG c.h.p.o.dependants.PodInfoConfigMap - [updatelo] Desired PodInfo ConfigMap (metrics port: 9399) (metrics path: /)
2025-01-30 18:17:34,420 INFO c.h.h.t.HelmChartContainer - [hivemq-test-hivemq-platform] [hivemq-platform-operator] [232a5dbf] 18:17:34.418 [pool-6-thread-17] DEBUG c.h.p.o.dependants.PodInfoConfigMap - [updatelo] Desired PodInfo ConfigMap (extension state hash: -1817474005)
2025-01-30 18:17:34,421 INFO c.h.h.t.HelmChartContainer - [hivemq-test-hivemq-platform] [hivemq-platform-operator] [232a5dbf] 18:17:34.421 [pool-6-thread-12] DEBUG c.h.p.o.d.StatefulSetResource - [updatelo] Desired StatefulSet (2 replicas) for status SET_LOG_LEVEL (WAIT_FOR_LOG_LEVEL_UPDATE)
2025-01-30 18:17:34,424 INFO c.h.h.t.HelmChartContainer - [hivemq-test-hivemq-platform] [hivemq-platform-operator] [232a5dbf] 18:17:34.423 [ReconcilerExecutor-hivemq-controller-131] INFO  c.h.p.o.HiveMQPlatformReconciler - [updatelo] Reconciling HiveMQ Platform 'test-hivemq-platform' in namespace 'updateloglevelit'
2025-01-30 18:17:34,424 INFO c.h.h.t.HelmChartContainer - [hivemq-test-hivemq-platform] [hivemq-platform-operator] [232a5dbf] 18:17:34.423 [ReconcilerExecutor-hivemq-controller-131] DEBUG c.h.p.o.HiveMQPlatformReconciler - [updatelo] Custom Resource Status SET_LOG_LEVEL - HiveMQ Platform is updating the log level (WAIT_FOR_LOG_LEVEL_UPDATE) (reconciliation requests: SCALING)
2025-01-30 18:17:34,424 INFO c.h.h.t.HelmChartContainer - [hivemq-test-hivemq-platform] [hivemq-platform-operator] [232a5dbf] 18:17:34.423 [ReconcilerExecutor-hivemq-controller-131] DEBUG c.h.p.o.HiveMQPlatformReconciler - [updatelo] Custom Resource Spec (replicas: 2) (extensions: 1)
2025-01-30 18:17:34,426 INFO c.h.h.t.HelmChartContainer - [hivemq-test-hivemq-platform] [hivemq-platform-operator] [232a5dbf] 18:17:34.424 [ReconcilerExecutor-hivemq-controller-131] DEBUG c.h.p.o.HiveMQPlatformReconciler - [updatelo] StatefulSet Status (revision: test-hivemq-platform-b697f795f, replicas: 2, available: 1, ready: 1, current: 2, updated: 2)
2025-01-30 18:17:34,426 INFO c.h.h.t.HelmChartContainer - [hivemq-test-hivemq-platform] [hivemq-platform-operator] [232a5dbf] 18:17:34.424 [ReconcilerExecutor-hivemq-controller-131] DEBUG c.h.p.o.HiveMQPlatformReconciler - [updatelo] StatefulSet Spec (replicas: 2, init containers: 1, containers: 1, volumes: 3)
2025-01-30 18:17:34,426 INFO c.h.h.t.HelmChartContainer - [hivemq-test-hivemq-platform] [hivemq-platform-operator] [232a5dbf] 18:17:34.425 [ReconcilerExecutor-hivemq-controller-131] DEBUG c.h.p.o.h.HiveMQPlatformReconcilerErrorHandler - [updatelo] Pod 'test-hivemq-platform-1' phase Running
2025-01-30 18:17:34,427 INFO c.h.h.t.HelmChartContainer - [hivemq-test-hivemq-platform] [hivemq-platform-operator] [232a5dbf] 18:17:34.426 [ReconcilerExecutor-hivemq-controller-131] DEBUG c.h.p.o.h.HiveMQPlatformReconcilerErrorHandler - [updatelo] Pod 'test-hivemq-platform-0' phase Running
2025-01-30 18:17:34,427 INFO c.h.h.t.HelmChartContainer - [hivemq-test-hivemq-platform] [hivemq-platform-operator] [232a5dbf] 18:17:34.427 [ReconcilerExecutor-hivemq-controller-131] INFO  c.h.p.o.h.HiveMQPlatformReconcilerSetLogLevelHandler - [updatelo] Successfully updated log level on all Pods
2025-01-30 18:17:34,437 INFO c.h.h.t.HelmChartContainer - [EVENT] Normal [Ready] HiveMQ Platform is ready [updateloglevelit:test-hivemq-platform]
2025-01-30 18:17:34,438 INFO c.h.h.t.HelmChartContainer - [hivemq-test-hivemq-platform] [hivemq-platform-operator] [232a5dbf] 18:17:34.437 [ReconcilerExecutor-hivemq-controller-131] DEBUG c.h.p.operator.event.EventSender - [updatelo] Updating K8s event hivemq-platform-ready: [Ready] HiveMQ Platform is ready
2025-01-30 18:17:34,438 INFO c.h.h.t.HelmChartContainer - [hivemq-test-hivemq-platform] [hivemq-platform-operator] [232a5dbf] 18:17:34.437 [ReconcilerExecutor-hivemq-controller-131] INFO  c.h.p.o.h.AbstractHiveMQReconcilerStateHandler - [updatelo] Update HiveMQ Platform Status (SET_LOG_LEVEL [WAIT_FOR_LOG_LEVEL_UPDATE] -> RUNNING [READY]): HiveMQ Platform is ready (reconciliation requests: SCALING)
2025-01-30 18:17:34,446 DEBUG com.hivemq.helmcharts.util.K8sUtil - Comparing actual state 'RUNNING' and waiting for 'RUNNING'
2025-01-30 18:17:35,316 INFO c.h.h.t.HelmChartContainer - [test-hivemq-platform] [hivemq] [27ade26a] WARN  - No user for HiveMQ Control Center configured. Starting with default user
2025-01-30 18:17:36,448 INFO c.h.h.platform.UpdateLogLevelIT - Assert updated logback.xml in pods
2025-01-30 18:17:36,475 INFO c.h.h.t.HelmChartContainer - [K3S] [range_allocator.go:247] "Successfully synced" key="7516e517d64a"
2025-01-30 18:17:36,633 INFO c.h.h.t.HelmChartContainer - Uninstalling release 'test-hivemq-platform' in namespace 'updateloglevelit'...
2025-01-30 18:17:36,633 DEBUG c.h.h.t.HelmChartContainer - Executing helm command: /bin/helm --kubeconfig /etc/rancher/k3s/k3s.yaml uninstall test-hivemq-platform  --wait --timeout 5m0s --cascade foreground --namespace updateloglevelit
2025-01-30 18:17:36,840 INFO c.h.h.t.HelmChartContainer - [hivemq-test-hivemq-platform] [hivemq-platform-operator] [232a5dbf] 18:17:36.836 [pool-6-thread-28] DEBUG c.h.p.o.d.PlatformServiceResource - [updatelo] Desired Platform services (3 services)
2025-01-30 18:17:36,840 INFO c.h.h.t.HelmChartContainer - [hivemq-test-hivemq-platform] [hivemq-platform-operator] [232a5dbf] 18:17:36.838 [pool-6-thread-21] DEBUG c.h.p.o.d.PodServiceAccountResource - [updatelo] Desired PodServiceAccountResource (serviceAccountName: hivemq-platform-pod-test-hivemq-platform)
2025-01-30 18:17:36,843 INFO c.h.h.t.HelmChartContainer - [hivemq-test-hivemq-platform] [hivemq-platform-operator] [232a5dbf] 18:17:36.837 [pool-6-thread-27] DEBUG c.h.p.o.dependants.PodInfoConfigMap - [updatelo] Desired PodInfo ConfigMap (1 extensions) (1 enabled)
2025-01-30 18:17:36,843 INFO c.h.h.t.HelmChartContainer - [hivemq-test-hivemq-platform] [hivemq-platform-operator] [232a5dbf] 18:17:36.840 [pool-6-thread-27] DEBUG c.h.p.o.dependants.PodInfoConfigMap - [updatelo] Desired PodInfo ConfigMap (metrics port: 9399) (metrics path: /)
2025-01-30 18:17:36,843 INFO c.h.h.t.HelmChartContainer - [hivemq-test-hivemq-platform] [hivemq-platform-operator] [232a5dbf] 18:17:36.840 [pool-6-thread-27] DEBUG c.h.p.o.dependants.PodInfoConfigMap - [updatelo] Desired PodInfo ConfigMap (extension state hash: -1817474005)
2025-01-30 18:17:36,843 INFO c.h.h.t.HelmChartContainer - [hivemq-test-hivemq-platform] [hivemq-platform-operator] [232a5dbf] 18:17:36.841 [pool-6-thread-27] DEBUG c.h.p.o.dependants.PodInfoConfigMap - [updatelo] Update PodInfo ConfigMap
2025-01-30 18:17:36,860 INFO c.h.h.t.HelmChartContainer - [hivemq-test-hivemq-platform] [hivemq-platform-operator] [232a5dbf] 18:17:36.853 [pool-6-thread-27] DEBUG c.h.p.o.d.StatefulSetResource - [updatelo] Desired StatefulSet (2 replicas) for status RUNNING (READY)
2025-01-30 18:17:36,866 INFO c.h.h.t.HelmChartContainer - [hivemq-test-hivemq-platform] [hivemq-platform-operator] [232a5dbf] 18:17:36.859 [ReconcilerExecutor-hivemq-controller-132] INFO  c.h.p.o.HiveMQPlatformReconciler - [updatelo] Reconciling HiveMQ Platform 'test-hivemq-platform' in namespace 'updateloglevelit'
2025-01-30 18:17:36,868 INFO c.h.h.t.HelmChartContainer - [hivemq-test-hivemq-platform] [hivemq-platform-operator] [232a5dbf] 18:17:36.859 [ReconcilerExecutor-hivemq-controller-132] DEBUG c.h.p.o.HiveMQPlatformReconciler - [updatelo] Custom Resource Status RUNNING - HiveMQ Platform is ready (READY) (reconciliation requests: SCALING)
2025-01-30 18:17:36,868 INFO c.h.h.t.HelmChartContainer - [hivemq-test-hivemq-platform] [hivemq-platform-operator] [232a5dbf] 18:17:36.859 [ReconcilerExecutor-hivemq-controller-132] DEBUG c.h.p.o.HiveMQPlatformReconciler - [updatelo] Custom Resource Spec (replicas: 2) (extensions: 1)
2025-01-30 18:17:36,868 INFO c.h.h.t.HelmChartContainer - [hivemq-test-hivemq-platform] [hivemq-platform-operator] [232a5dbf] 18:17:36.860 [ReconcilerExecutor-hivemq-controller-132] WARN  c.h.p.o.h.HiveMQPlatformReconcilerErrorHandler - [updatelo] Could not find ConfigMap 'hivemq-configuration-test-hivemq-platform' for HiveMQ Platform configuration
2025-01-30 18:17:36,999 INFO c.h.h.t.HelmChartContainer - [hivemq-test-hivemq-platform] [hivemq-platform-operator] [232a5dbf] 18:17:36.997 [ReconcilerExecutor-hivemq-controller-132] DEBUG c.h.p.operator.event.EventSender - [updatelo] Creating K8s event hivemq-platform-invalid-configuration: [Start] Could not find ConfigMap 'hivemq-configuration-test-hivemq-platform' for HiveMQ Platform configuration
2025-01-30 18:17:37,003 INFO c.h.h.t.HelmChartContainer - [EVENT] Warning [Start] Could not find ConfigMap 'hivemq-configuration-test-hivemq-platform' for HiveMQ Platform configuration [updateloglevelit:test-hivemq-platform]
2025-01-30 18:17:37,005 INFO c.h.h.t.HelmChartContainer - [hivemq-test-hivemq-platform] [hivemq-platform-operator] [232a5dbf] 18:17:37.003 [ReconcilerExecutor-hivemq-controller-132] INFO  c.h.p.o.h.AbstractHiveMQReconcilerStateHandler - [updatelo] Update HiveMQ Platform Status (RUNNING [READY] -> ERROR [INVALID_CONFIG_MAP]): Could not find ConfigMap 'hivemq-configuration-test-hivemq-platform' for HiveMQ Platform configuration (reconciliation requests: SCALING)
2025-01-30 18:17:37,014 INFO c.h.h.t.HelmChartContainer - [hivemq-test-hivemq-platform] [hivemq-platform-operator] [232a5dbf] 18:17:37.010 [ReconcilerExecutor-hivemq-controller-132] ERROR i.j.o.p.event.EventProcessor - Error during event processing ExecutionScope{ resource id: ResourceID{name='test-hivemq-platform', namespace='updateloglevelit'}, version: 1257}
2025-01-30 18:17:37,014 INFO c.h.h.t.HelmChartContainer - [hivemq-test-hivemq-platform] [hivemq-platform-operator] [232a5dbf] io.fabric8.kubernetes.client.KubernetesClientException: Failure executing: PUT at: https://10.43.0.1:443/apis/hivemq.com/v1/namespaces/updateloglevelit/hivemq-platforms/test-hivemq-platform/status. Message: Operation cannot be fulfilled on hivemq-platforms.hivemq.com "test-hivemq-platform": the object has been modified; please apply your changes to the latest version and try again. Received status: Status(apiVersion=v1, code=409, details=StatusDetails(causes=[], group=hivemq.com, kind=hivemq-platforms, name=test-hivemq-platform, retryAfterSeconds=null, uid=null, additionalProperties={}), kind=Status, message=Operation cannot be fulfilled on hivemq-platforms.hivemq.com "test-hivemq-platform": the object has been modified; please apply your changes to the latest version and try again, metadata=ListMeta(_continue=null, remainingItemCount=null, resourceVersion=null, selfLink=null, additionalProperties={}), reason=Conflict, status=Failure, additionalProperties={}).
2025-01-30 18:17:37,014 INFO c.h.h.t.HelmChartContainer - [hivemq-test-hivemq-platform] [hivemq-platform-operator] [232a5dbf] 	at io.fabric8.kubernetes.client.KubernetesClientException.copyAsCause(KubernetesClientException.java:238)
2025-01-30 18:17:37,014 INFO c.h.h.t.HelmChartContainer - [hivemq-test-hivemq-platform] [hivemq-platform-operator] [232a5dbf] 	at io.fabric8.kubernetes.client.dsl.internal.OperationSupport.waitForResult(OperationSupport.java:507)
2025-01-30 18:17:37,014 INFO c.h.h.t.HelmChartContainer - [hivemq-test-hivemq-platform] [hivemq-platform-operator] [232a5dbf] 	at io.fabric8.kubernetes.client.dsl.internal.OperationSupport.handleResponse(OperationSupport.java:524)
2025-01-30 18:17:37,014 INFO c.h.h.t.HelmChartContainer - [hivemq-test-hivemq-platform] [hivemq-platform-operator] [232a5dbf] 	at io.fabric8.kubernetes.client.dsl.internal.OperationSupport.handleUpdate(OperationSupport.java:358)
2025-01-30 18:17:37,014 INFO c.h.h.t.HelmChartContainer - [hivemq-test-hivemq-platform] [hivemq-platform-operator] [232a5dbf] 	at io.fabric8.kubernetes.client.dsl.internal.BaseOperation.handleUpdate(BaseOperation.java:759)
2025-01-30 18:17:37,014 INFO c.h.h.t.HelmChartContainer - [hivemq-test-hivemq-platform] [hivemq-platform-operator] [232a5dbf] 	at io.fabric8.kubernetes.client.dsl.internal.HasMetadataOperation.update(HasMetadataOperation.java:138)
2025-01-30 18:17:37,014 INFO c.h.h.t.HelmChartContainer - [hivemq-test-hivemq-platform] [hivemq-platform-operator] [232a5dbf] 	at io.fabric8.kubernetes.client.dsl.internal.HasMetadataOperation.update(HasMetadataOperation.java:121)
2025-01-30 18:17:37,014 INFO c.h.h.t.HelmChartContainer - [hivemq-test-hivemq-platform] [hivemq-platform-operator] [232a5dbf] 	at io.fabric8.kubernetes.client.dsl.internal.HasMetadataOperation.updateStatus(HasMetadataOperation.java:126)
2025-01-30 18:17:37,014 INFO c.h.h.t.HelmChartContainer - [hivemq-test-hivemq-platform] [hivemq-platform-operator] [232a5dbf] 	at io.fabric8.kubernetes.client.dsl.internal.HasMetadataOperation.updateStatus(HasMetadataOperation.java:44)
2025-01-30 18:17:37,014 INFO c.h.h.t.HelmChartContainer - [hivemq-test-hivemq-platform] [hivemq-platform-operator] [232a5dbf] 	at io.javaoperatorsdk.operator.processing.event.ReconciliationDispatcher$CustomResourceFacade.updateStatus(ReconciliationDispatcher.java:408)
2025-01-30 18:17:37,014 INFO c.h.h.t.HelmChartContainer - [hivemq-test-hivemq-platform] [hivemq-platform-operator] [232a5dbf] 	at io.javaoperatorsdk.operator.processing.event.ReconciliationDispatcher.updateStatusGenerationAware(ReconciliationDispatcher.java:228)
2025-01-30 18:17:37,014 INFO c.h.h.t.HelmChartContainer - [hivemq-test-hivemq-platform] [hivemq-platform-operator] [232a5dbf] 	at io.javaoperatorsdk.operator.processing.event.ReconciliationDispatcher.reconcileExecution(ReconciliationDispatcher.java:150)
2025-01-30 18:17:37,014 INFO c.h.h.t.HelmChartContainer - [hivemq-test-hivemq-platform] [hivemq-platform-operator] [232a5dbf] 	at io.javaoperatorsdk.operator.processing.event.ReconciliationDispatcher.handleReconcile(ReconciliationDispatcher.java:117)
2025-01-30 18:17:37,014 INFO c.h.h.t.HelmChartContainer - [hivemq-test-hivemq-platform] [hivemq-platform-operator] [232a5dbf] 	at io.javaoperatorsdk.operator.processing.event.ReconciliationDispatcher.handleDispatch(ReconciliationDispatcher.java:91)
2025-01-30 18:17:37,014 INFO c.h.h.t.HelmChartContainer - [hivemq-test-hivemq-platform] [hivemq-platform-operator] [232a5dbf] 	at io.javaoperatorsdk.operator.processing.event.ReconciliationDispatcher.handleExecution(ReconciliationDispatcher.java:64)
2025-01-30 18:17:37,014 INFO c.h.h.t.HelmChartContainer - [hivemq-test-hivemq-platform] [hivemq-platform-operator] [232a5dbf] 	at io.javaoperatorsdk.operator.processing.event.EventProcessor$ReconcilerExecutor.run(EventProcessor.java:452)
2025-01-30 18:17:37,014 INFO c.h.h.t.HelmChartContainer - [hivemq-test-hivemq-platform] [hivemq-platform-operator] [232a5dbf] 	at java.base/java.util.concurrent.ThreadPoolExecutor.runWorker(Unknown Source)
2025-01-30 18:17:37,014 INFO c.h.h.t.HelmChartContainer - [hivemq-test-hivemq-platform] [hivemq-platform-operator] [232a5dbf] 	at java.base/java.util.concurrent.ThreadPoolExecutor$Worker.run(Unknown Source)
2025-01-30 18:17:37,014 INFO c.h.h.t.HelmChartContainer - [hivemq-test-hivemq-platform] [hivemq-platform-operator] [232a5dbf] 	at java.base/java.lang.Thread.run(Unknown Source)
2025-01-30 18:17:37,014 INFO c.h.h.t.HelmChartContainer - [hivemq-test-hivemq-platform] [hivemq-platform-operator] [232a5dbf] Caused by: io.fabric8.kubernetes.client.KubernetesClientException: Failure executing: PUT at: https://10.43.0.1:443/apis/hivemq.com/v1/namespaces/updateloglevelit/hivemq-platforms/test-hivemq-platform/status. Message: Operation cannot be fulfilled on hivemq-platforms.hivemq.com "test-hivemq-platform": the object has been modified; please apply your changes to the latest version and try again. Received status: Status(apiVersion=v1, code=409, details=StatusDetails(causes=[], group=hivemq.com, kind=hivemq-platforms, name=test-hivemq-platform, retryAfterSeconds=null, uid=null, additionalProperties={}), kind=Status, message=Operation cannot be fulfilled on hivemq-platforms.hivemq.com "test-hivemq-platform": the object has been modified; please apply your changes to the latest version and try again, metadata=ListMeta(_continue=null, remainingItemCount=null, resourceVersion=null, selfLink=null, additionalProperties={}), reason=Conflict, status=Failure, additionalProperties={}).
2025-01-30 18:17:37,014 INFO c.h.h.t.HelmChartContainer - [hivemq-test-hivemq-platform] [hivemq-platform-operator] [232a5dbf] 	at io.fabric8.kubernetes.client.dsl.internal.OperationSupport.requestFailure(OperationSupport.java:660)
2025-01-30 18:17:37,014 INFO c.h.h.t.HelmChartContainer - [hivemq-test-hivemq-platform] [hivemq-platform-operator] [232a5dbf] 	at io.fabric8.kubernetes.client.dsl.internal.OperationSupport.requestFailure(OperationSupport.java:640)
2025-01-30 18:17:37,014 INFO c.h.h.t.HelmChartContainer - [hivemq-test-hivemq-platform] [hivemq-platform-operator] [232a5dbf] 	at io.fabric8.kubernetes.client.dsl.internal.OperationSupport.assertResponseCode(OperationSupport.java:589)
2025-01-30 18:17:37,014 INFO c.h.h.t.HelmChartContainer - [hivemq-test-hivemq-platform] [hivemq-platform-operator] [232a5dbf] 	at io.fabric8.kubernetes.client.dsl.internal.OperationSupport.lambda$handleResponse$0(OperationSupport.java:549)
2025-01-30 18:17:37,014 INFO c.h.h.t.HelmChartContainer - [hivemq-test-hivemq-platform] [hivemq-platform-operator] [232a5dbf] 	at java.base/java.util.concurrent.CompletableFuture$UniApply.tryFire(Unknown Source)
2025-01-30 18:17:37,014 INFO c.h.h.t.HelmChartContainer - [hivemq-test-hivemq-platform] [hivemq-platform-operator] [232a5dbf] 	at java.base/java.util.concurrent.CompletableFuture.postComplete(Unknown Source)
2025-01-30 18:17:37,014 INFO c.h.h.t.HelmChartContainer - [hivemq-test-hivemq-platform] [hivemq-platform-operator] [232a5dbf] 	at java.base/java.util.concurrent.CompletableFuture.complete(Unknown Source)
2025-01-30 18:17:37,014 INFO c.h.h.t.HelmChartContainer - [hivemq-test-hivemq-platform] [hivemq-platform-operator] [232a5dbf] 	at io.fabric8.kubernetes.client.http.StandardHttpClient.lambda$completeOrCancel$10(StandardHttpClient.java:141)
2025-01-30 18:17:37,014 INFO c.h.h.t.HelmChartContainer - [hivemq-test-hivemq-platform] [hivemq-platform-operator] [232a5dbf] 	at java.base/java.util.concurrent.CompletableFuture.uniWhenComplete(Unknown Source)
2025-01-30 18:17:37,014 INFO c.h.h.t.HelmChartContainer - [hivemq-test-hivemq-platform] [hivemq-platform-operator] [232a5dbf] 	at java.base/java.util.concurrent.CompletableFuture$UniWhenComplete.tryFire(Unknown Source)
2025-01-30 18:17:37,014 INFO c.h.h.t.HelmChartContainer - [hivemq-test-hivemq-platform] [hivemq-platform-operator] [232a5dbf] 	at java.base/java.util.concurrent.CompletableFuture.postComplete(Unknown Source)
2025-01-30 18:17:37,015 INFO c.h.h.t.HelmChartContainer - [hivemq-test-hivemq-platform] [hivemq-platform-operator] [232a5dbf] 	at java.base/java.util.concurrent.CompletableFuture.complete(Unknown Source)
2025-01-30 18:17:37,015 INFO c.h.h.t.HelmChartContainer - [hivemq-test-hivemq-platform] [hivemq-platform-operator] [232a5dbf] 	at io.fabric8.kubernetes.client.http.ByteArrayBodyHandler.onBodyDone(ByteArrayBodyHandler.java:51)
2025-01-30 18:17:37,015 INFO c.h.h.t.HelmChartContainer - [hivemq-test-hivemq-platform] [hivemq-platform-operator] [232a5dbf] 	at java.base/java.util.concurrent.CompletableFuture.uniWhenComplete(Unknown Source)
2025-01-30 18:17:37,015 INFO c.h.h.t.HelmChartContainer - [hivemq-test-hivemq-platform] [hivemq-platform-operator] [232a5dbf] 	at java.base/java.util.concurrent.CompletableFuture$UniWhenComplete.tryFire(Unknown Source)
2025-01-30 18:17:37,015 INFO c.h.h.t.HelmChartContainer - [hivemq-test-hivemq-platform] [hivemq-platform-operator] [232a5dbf] 	at java.base/java.util.concurrent.CompletableFuture.postComplete(Unknown Source)
2025-01-30 18:17:37,015 INFO c.h.h.t.HelmChartContainer - [hivemq-test-hivemq-platform] [hivemq-platform-operator] [232a5dbf] 	at java.base/java.util.concurrent.CompletableFuture.complete(Unknown Source)
2025-01-30 18:17:37,015 INFO c.h.h.t.HelmChartContainer - [hivemq-test-hivemq-platform] [hivemq-platform-operator] [232a5dbf] 	at io.fabric8.kubernetes.client.vertx.VertxHttpRequest.lambda$null$1(VertxHttpRequest.java:121)
2025-01-30 18:17:37,015 INFO c.h.h.t.HelmChartContainer - [hivemq-test-hivemq-platform] [hivemq-platform-operator] [232a5dbf] 	at io.vertx.core.impl.ContextInternal.dispatch(ContextInternal.java:279)
2025-01-30 18:17:37,015 INFO c.h.h.t.HelmChartContainer - [hivemq-test-hivemq-platform] [hivemq-platform-operator] [232a5dbf] 	at io.vertx.core.impl.ContextInternal.dispatch(ContextInternal.java:261)
2025-01-30 18:17:37,015 INFO c.h.h.t.HelmChartContainer - [hivemq-test-hivemq-platform] [hivemq-platform-operator] [232a5dbf] 	at io.vertx.core.http.impl.HttpEventHandler.handleEnd(HttpEventHandler.java:76)
2025-01-30 18:17:37,015 INFO c.h.h.t.HelmChartContainer - [hivemq-test-hivemq-platform] [hivemq-platform-operator] [232a5dbf] 	at io.vertx.core.http.impl.HttpClientResponseImpl.handleEnd(HttpClientResponseImpl.java:250)
2025-01-30 18:17:37,015 INFO c.h.h.t.HelmChartContainer - [hivemq-test-hivemq-platform] [hivemq-platform-operator] [232a5dbf] 	at io.vertx.core.http.impl.Http1xClientConnection$StreamImpl.lambda$new$0(Http1xClientConnection.java:421)
2025-01-30 18:17:37,015 INFO c.h.h.t.HelmChartContainer - [hivemq-test-hivemq-platform] [hivemq-platform-operator] [232a5dbf] 	at io.vertx.core.streams.impl.InboundBuffer.handleEvent(InboundBuffer.java:279)
2025-01-30 18:17:37,015 INFO c.h.h.t.HelmChartContainer - [hivemq-test-hivemq-platform] [hivemq-platform-operator] [232a5dbf] 	at io.vertx.core.streams.impl.InboundBuffer.write(InboundBuffer.java:157)
2025-01-30 18:17:37,015 INFO c.h.h.t.HelmChartContainer - [hivemq-test-hivemq-platform] [hivemq-platform-operator] [232a5dbf] 	at io.vertx.core.http.impl.Http1xClientConnection$StreamImpl.handleEnd(Http1xClientConnection.java:709)
2025-01-30 18:17:37,015 INFO c.h.h.t.HelmChartContainer - [hivemq-test-hivemq-platform] [hivemq-platform-operator] [232a5dbf] 	at io.vertx.core.impl.ContextImpl.execute(ContextImpl.java:313)
2025-01-30 18:17:37,015 INFO c.h.h.t.HelmChartContainer - [hivemq-test-hivemq-platform] [hivemq-platform-operator] [232a5dbf] 	at io.vertx.core.impl.ContextImpl.execute(ContextImpl.java:293)
2025-01-30 18:17:37,015 INFO c.h.h.t.HelmChartContainer - [hivemq-test-hivemq-platform] [hivemq-platform-operator] [232a5dbf] 	at io.vertx.core.http.impl.Http1xClientConnection.handleResponseEnd(Http1xClientConnection.java:940)
2025-01-30 18:17:37,015 INFO c.h.h.t.HelmChartContainer - [hivemq-test-hivemq-platform] [hivemq-platform-operator] [232a5dbf] 	at io.vertx.core.http.impl.Http1xClientConnection.handleHttpMessage(Http1xClientConnection.java:810)
2025-01-30 18:17:37,015 INFO c.h.h.t.HelmChartContainer - [hivemq-test-hivemq-platform] [hivemq-platform-operator] [232a5dbf] 	at io.vertx.core.http.impl.Http1xClientConnection.handleMessage(Http1xClientConnection.java:774)
2025-01-30 18:17:37,015 INFO c.h.h.t.HelmChartContainer - [hivemq-test-hivemq-platform] [hivemq-platform-operator] [232a5dbf] 	at io.vertx.core.net.impl.ConnectionBase.read(ConnectionBase.java:159)
2025-01-30 18:17:37,016 INFO c.h.h.t.HelmChartContainer - [hivemq-test-hivemq-platform] [hivemq-platform-operator] [232a5dbf] 	at io.vertx.core.net.impl.VertxHandler.channelRead(VertxHandler.java:153)
2025-01-30 18:17:37,016 INFO c.h.h.t.HelmChartContainer - [hivemq-test-hivemq-platform] [hivemq-platform-operator] [232a5dbf] 	at io.netty.channel.AbstractChannelHandlerContext.invokeChannelRead(AbstractChannelHandlerContext.java:442)
2025-01-30 18:17:37,016 INFO c.h.h.t.HelmChartContainer - [hivemq-test-hivemq-platform] [hivemq-platform-operator] [232a5dbf] 	at io.netty.channel.AbstractChannelHandlerContext.invokeChannelRead(AbstractChannelHandlerContext.java:420)
2025-01-30 18:17:37,016 INFO c.h.h.t.HelmChartContainer - [hivemq-test-hivemq-platform] [hivemq-platform-operator] [232a5dbf] 	at io.netty.channel.AbstractChannelHandlerContext.fireChannelRead(AbstractChannelHandlerContext.java:412)
2025-01-30 18:17:37,016 INFO c.h.h.t.HelmChartContainer - [hivemq-test-hivemq-platform] [hivemq-platform-operator] [232a5dbf] 	at io.netty.channel.CombinedChannelDuplexHandler$DelegatingChannelHandlerContext.fireChannelRead(CombinedChannelDuplexHandler.java:436)
2025-01-30 18:17:37,016 INFO c.h.h.t.HelmChartContainer - [hivemq-test-hivemq-platform] [hivemq-platform-operator] [232a5dbf] 	at io.netty.handler.codec.ByteToMessageDecoder.fireChannelRead(ByteToMessageDecoder.java:346)
2025-01-30 18:17:37,016 INFO c.h.h.t.HelmChartContainer - [hivemq-test-hivemq-platform] [hivemq-platform-operator] [232a5dbf] 	at io.netty.handler.codec.ByteToMessageDecoder.channelRead(ByteToMessageDecoder.java:318)
2025-01-30 18:17:37,016 INFO c.h.h.t.HelmChartContainer - [hivemq-test-hivemq-platform] [hivemq-platform-operator] [232a5dbf] 	at io.netty.channel.CombinedChannelDuplexHandler.channelRead(CombinedChannelDuplexHandler.java:251)
2025-01-30 18:17:37,016 INFO c.h.h.t.HelmChartContainer - [hivemq-test-hivemq-platform] [hivemq-platform-operator] [232a5dbf] 	at io.netty.channel.AbstractChannelHandlerContext.invokeChannelRead(AbstractChannelHandlerContext.java:442)
2025-01-30 18:17:37,016 INFO c.h.h.t.HelmChartContainer - [hivemq-test-hivemq-platform] [hivemq-platform-operator] [232a5dbf] 	at io.netty.channel.AbstractChannelHandlerContext.invokeChannelRead(AbstractChannelHandlerContext.java:420)
2025-01-30 18:17:37,016 INFO c.h.h.t.HelmChartContainer - [hivemq-test-hivemq-platform] [hivemq-platform-operator] [232a5dbf] 	at io.netty.channel.AbstractChannelHandlerContext.fireChannelRead(AbstractChannelHandlerContext.java:412)
2025-01-30 18:17:37,016 INFO c.h.h.t.HelmChartContainer - [hivemq-test-hivemq-platform] [hivemq-platform-operator] [232a5dbf] 	at io.netty.handler.ssl.SslHandler.unwrap(SslHandler.java:1475)
2025-01-30 18:17:37,016 INFO c.h.h.t.HelmChartContainer - [hivemq-test-hivemq-platform] [hivemq-platform-operator] [232a5dbf] 	at io.netty.handler.ssl.SslHandler.decodeJdkCompatible(SslHandler.java:1338)
2025-01-30 18:17:37,016 INFO c.h.h.t.HelmChartContainer - [hivemq-test-hivemq-platform] [hivemq-platform-operator] [232a5dbf] 	at io.netty.handler.ssl.SslHandler.decode(SslHandler.java:1387)
2025-01-30 18:17:37,016 INFO c.h.h.t.HelmChartContainer - [hivemq-test-hivemq-platform] [hivemq-platform-operator] [232a5dbf] 	at io.netty.handler.codec.ByteToMessageDecoder.decodeRemovalReentryProtection(ByteToMessageDecoder.java:530)
2025-01-30 18:17:37,016 INFO c.h.h.t.HelmChartContainer - [hivemq-test-hivemq-platform] [hivemq-platform-operator] [232a5dbf] 	at io.netty.handler.codec.ByteToMessageDecoder.callDecode(ByteToMessageDecoder.java:469)
2025-01-30 18:17:37,016 INFO c.h.h.t.HelmChartContainer - [hivemq-test-hivemq-platform] [hivemq-platform-operator] [232a5dbf] 	at io.netty.handler.codec.ByteToMessageDecoder.channelRead(ByteToMessageDecoder.java:290)
2025-01-30 18:17:37,016 INFO c.h.h.t.HelmChartContainer - [hivemq-test-hivemq-platform] [hivemq-platform-operator] [232a5dbf] 	at io.netty.channel.AbstractChannelHandlerContext.invokeChannelRead(AbstractChannelHandlerContext.java:444)
2025-01-30 18:17:37,016 INFO c.h.h.t.HelmChartContainer - [hivemq-test-hivemq-platform] [hivemq-platform-operator] [232a5dbf] 	at io.netty.channel.AbstractChannelHandlerContext.invokeChannelRead(AbstractChannelHandlerContext.java:420)
2025-01-30 18:17:37,016 INFO c.h.h.t.HelmChartContainer - [hivemq-test-hivemq-platform] [hivemq-platform-operator] [232a5dbf] 	at io.netty.channel.AbstractChannelHandlerContext.fireChannelRead(AbstractChannelHandlerContext.java:412)
2025-01-30 18:17:37,016 INFO c.h.h.t.HelmChartContainer - [hivemq-test-hivemq-platform] [hivemq-platform-operator] [232a5dbf] 	at io.netty.channel.DefaultChannelPipeline$HeadContext.channelRead(DefaultChannelPipeline.java:1407)
2025-01-30 18:17:37,016 INFO c.h.h.t.HelmChartContainer - [hivemq-test-hivemq-platform] [hivemq-platform-operator] [232a5dbf] 	at io.netty.channel.AbstractChannelHandlerContext.invokeChannelRead(AbstractChannelHandlerContext.java:440)
2025-01-30 18:17:37,016 INFO c.h.h.t.HelmChartContainer - [hivemq-test-hivemq-platform] [hivemq-platform-operator] [232a5dbf] 	at io.netty.channel.AbstractChannelHandlerContext.invokeChannelRead(AbstractChannelHandlerContext.java:420)
2025-01-30 18:17:37,016 INFO c.h.h.t.HelmChartContainer - [hivemq-test-hivemq-platform] [hivemq-platform-operator] [232a5dbf] 	at io.netty.channel.DefaultChannelPipeline.fireChannelRead(DefaultChannelPipeline.java:918)
2025-01-30 18:17:37,016 INFO c.h.h.t.HelmChartContainer - [hivemq-test-hivemq-platform] [hivemq-platform-operator] [232a5dbf] 	at io.netty.channel.nio.AbstractNioByteChannel$NioByteUnsafe.read(AbstractNioByteChannel.java:166)
2025-01-30 18:17:37,016 INFO c.h.h.t.HelmChartContainer - [hivemq-test-hivemq-platform] [hivemq-platform-operator] [232a5dbf] 	at io.netty.channel.nio.NioEventLoop.processSelectedKey(NioEventLoop.java:788)
2025-01-30 18:17:37,016 INFO c.h.h.t.HelmChartContainer - [hivemq-test-hivemq-platform] [hivemq-platform-operator] [232a5dbf] 	at io.netty.channel.nio.NioEventLoop.processSelectedKeysOptimized(NioEventLoop.java:724)
2025-01-30 18:17:37,016 INFO c.h.h.t.HelmChartContainer - [hivemq-test-hivemq-platform] [hivemq-platform-operator] [232a5dbf] 	at io.netty.channel.nio.NioEventLoop.processSelectedKeys(NioEventLoop.java:650)
2025-01-30 18:17:37,016 INFO c.h.h.t.HelmChartContainer - [hivemq-test-hivemq-platform] [hivemq-platform-operator] [232a5dbf] 	at io.netty.channel.nio.NioEventLoop.run(NioEventLoop.java:562)
2025-01-30 18:17:37,016 INFO c.h.h.t.HelmChartContainer - [hivemq-test-hivemq-platform] [hivemq-platform-operator] [232a5dbf] 	at io.netty.util.concurrent.SingleThreadEventExecutor$4.run(SingleThreadEventExecutor.java:997)
2025-01-30 18:17:37,016 INFO c.h.h.t.HelmChartContainer - [hivemq-test-hivemq-platform] [hivemq-platform-operator] [232a5dbf] 	at io.netty.util.internal.ThreadExecutorMap$2.run(ThreadExecutorMap.java:74)
2025-01-30 18:17:37,016 INFO c.h.h.t.HelmChartContainer - [hivemq-test-hivemq-platform] [hivemq-platform-operator] [232a5dbf] 	at io.netty.util.concurrent.FastThreadLocalRunnable.run(FastThreadLocalRunnable.java:30)
2025-01-30 18:17:37,016 INFO c.h.h.t.HelmChartContainer - [hivemq-test-hivemq-platform] [hivemq-platform-operator] [232a5dbf] 	... 1 common frames omitted
2025-01-30 18:17:37,095 INFO c.h.h.t.HelmChartContainer - [hivemq-test-hivemq-platform] [hivemq-platform-operator] [232a5dbf] 18:17:37.094 [ReconcilerExecutor-hivemq-controller-141] INFO  c.h.p.o.HiveMQPlatformReconciler - [updatelo] Cleanup test-hivemq-platform - updateloglevelit HiveMQ Platform is shut down
2025-01-30 18:17:37,673 INFO c.h.h.t.HelmChartContainer - [POD] test-hivemq-platform-0 [dc99488b-dc4f-4968-b812-b03dbfd444a0] in updateloglevelit was MODIFIED
2025-01-30 18:17:37,678 INFO c.h.h.t.HelmChartContainer - [EVENT] Normal [Killing] Stopping container hivemq [updateloglevelit:test-hivemq-platform-0]
2025-01-30 18:17:37,678 INFO c.h.h.t.HelmChartContainer - Received Killing event for container hivemq in pod test-hivemq-platform-0 [dc99488b-dc4f-4968-b812-b03dbfd444a0]
2025-01-30 18:17:37,678 INFO c.h.h.t.HelmChartContainer - Container [test-hivemq-platform-0] [hivemq] [dc99488b-dc4f-4968-b812-b03dbfd444a0] was terminated
2025-01-30 18:17:37,678 INFO c.h.h.t.HelmChartContainer - Stopped log watcher for hivemq in pod test-hivemq-platform-0 [dc99488b-dc4f-4968-b812-b03dbfd444a0]
2025-01-30 18:17:37,686 INFO c.h.h.t.HelmChartContainer - [test-hivemq-platform] [hivemq] [dc99488b] INFO  - [HiveMQ Platform Operator Init App 1.7.0-SNAPSHOT] Shutting down
2025-01-30 18:17:37,686 INFO c.h.h.t.HelmChartContainer - [test-hivemq-platform] [hivemq] [dc99488b] INFO  - [HiveMQ Platform Operator Init App 1.7.0-SNAPSHOT] Stopping the HiveMQ Platform
2025-01-30 18:17:37,701 INFO c.h.h.t.HelmChartContainer - [EVENT] Normal [Killing] Stopping container hivemq [updateloglevelit:test-hivemq-platform-1]
2025-01-30 18:17:37,701 INFO c.h.h.t.HelmChartContainer - Received Killing event for container hivemq in pod test-hivemq-platform-1 [27ade26a-86eb-4d8d-a393-9e381f19bff7]
2025-01-30 18:17:37,701 INFO c.h.h.t.HelmChartContainer - Container [test-hivemq-platform-1] [hivemq] [27ade26a-86eb-4d8d-a393-9e381f19bff7] was terminated
2025-01-30 18:17:37,701 INFO c.h.h.t.HelmChartContainer - Stopped log watcher for hivemq in pod test-hivemq-platform-1 [27ade26a-86eb-4d8d-a393-9e381f19bff7]
2025-01-30 18:17:37,702 INFO c.h.h.t.HelmChartContainer - [POD] test-hivemq-platform-1 [27ade26a-86eb-4d8d-a393-9e381f19bff7] in updateloglevelit was MODIFIED
2025-01-30 18:17:37,725 INFO c.h.h.t.HelmChartContainer - [test-hivemq-platform] [hivemq] [27ade26a] INFO  - [HiveMQ Platform Operator Init App 1.7.0-SNAPSHOT] Returning Health API response 200 for readiness
2025-01-30 18:17:37,725 INFO c.h.h.t.HelmChartContainer - [test-hivemq-platform] [hivemq] [27ade26a] INFO  - [HiveMQ Platform Operator Init App 1.7.0-SNAPSHOT] Shutting down
2025-01-30 18:17:37,725 INFO c.h.h.t.HelmChartContainer - [test-hivemq-platform] [hivemq] [27ade26a] INFO  - [HiveMQ Platform Operator Init App 1.7.0-SNAPSHOT] Stopping the HiveMQ Platform
2025-01-30 18:17:37,748 INFO c.h.h.t.HelmChartContainer - [POD] test-hivemq-platform-1 [27ade26a-86eb-4d8d-a393-9e381f19bff7] in updateloglevelit was MODIFIED
2025-01-30 18:17:37,753 INFO c.h.h.t.HelmChartContainer - [K3S] [authentication.go:74] "Unable to authenticate the request" err="[invalid bearer token, serviceaccounts \"hivemq-platform-pod-test-hivemq-platform\" not found]"
2025-01-30 18:17:37,949 INFO c.h.h.t.HelmChartContainer - [K3S] [authentication.go:74] "Unable to authenticate the request" err="[invalid bearer token, serviceaccounts \"hivemq-platform-pod-test-hivemq-platform\" not found]"
2025-01-30 18:17:38,048 INFO c.h.h.t.HelmChartContainer - [test-hivemq-platform] [hivemq] [dc99488b] WARN  - [HiveMQ Platform Operator Init App 1.7.0-SNAPSHOT] Could not update Pod annotations: Failure executing: GET at: https://10.43.0.1:443/api/v1/namespaces/updateloglevelit/pods/test-hivemq-platform-0. Message: Unauthorized. Received status: Status(apiVersion=v1, code=401, details=null, kind=Status, message=Unauthorized, metadata=ListMeta(_continue=null, remainingItemCount=null, resourceVersion=null, selfLink=null, additionalProperties={}), reason=Unauthorized, status=Failure, additionalProperties={}).
2025-01-30 18:17:38,718 INFO c.h.h.t.HelmChartContainer - [K3S] [authentication.go:74] "Unable to authenticate the request" err="[invalid bearer token, serviceaccounts \"hivemq-platform-pod-test-hivemq-platform\" not found]"
2025-01-30 18:17:38,735 INFO c.h.h.t.HelmChartContainer - [K3S] [authentication.go:74] "Unable to authenticate the request" err="[invalid bearer token, serviceaccounts \"hivemq-platform-pod-test-hivemq-platform\" not found]"
2025-01-30 18:17:38,820 INFO c.h.h.t.HelmChartContainer - [test-hivemq-platform] [hivemq] [27ade26a] WARN  - [HiveMQ Platform Operator Init App 1.7.0-SNAPSHOT] Could not update Pod annotations: Failure executing: GET at: https://10.43.0.1:443/api/v1/namespaces/updateloglevelit/pods/test-hivemq-platform-1. Message: Unauthorized. Received status: Status(apiVersion=v1, code=401, details=null, kind=Status, message=Unauthorized, metadata=ListMeta(_continue=null, remainingItemCount=null, resourceVersion=null, selfLink=null, additionalProperties={}), reason=Unauthorized, status=Failure, additionalProperties={}).
2025-01-30 18:17:38,991 INFO c.h.h.t.HelmChartContainer - Deleting namespace 'updateloglevelit'...
2025-01-30 18:17:42,245 INFO c.h.h.t.HelmChartContainer - [test-hivemq-platform] [hivemq] [dc99488b] INFO  - [HiveMQ Platform Operator Init App 1.7.0-SNAPSHOT] Returning shutdown Health API response 503 for readiness
2025-01-30 18:17:42,249 INFO c.h.h.t.HelmChartContainer - [EVENT] Warning [Unhealthy] Readiness probe failed: HTTP probe failed with statuscode: 503 [updateloglevelit:test-hivemq-platform-0]
2025-01-30 18:17:42,249 INFO c.h.h.t.HelmChartContainer - Received Unhealthy event for container hivemq in pod test-hivemq-platform-0 [dc99488b-dc4f-4968-b812-b03dbfd444a0]
2025-01-30 18:17:42,695 INFO c.h.h.t.HelmChartContainer - [test-hivemq-platform] [hivemq] [27ade26a] INFO  - [HiveMQ Platform Operator Init App 1.7.0-SNAPSHOT] Returning shutdown Health API response 503 for readiness
2025-01-30 18:17:42,699 INFO c.h.h.t.HelmChartContainer - [EVENT] Warning [Unhealthy] Readiness probe failed: HTTP probe failed with statuscode: 503 [updateloglevelit:test-hivemq-platform-1]
2025-01-30 18:17:42,699 INFO c.h.h.t.HelmChartContainer - Received Unhealthy event for container hivemq in pod test-hivemq-platform-1 [27ade26a-86eb-4d8d-a393-9e381f19bff7]
2025-01-30 18:17:43,053 INFO c.h.h.t.HelmChartContainer - [K3S] [authentication.go:74] "Unable to authenticate the request" err="[invalid bearer token, serviceaccounts \"hivemq-platform-pod-test-hivemq-platform\" not found]"
2025-01-30 18:17:43,143 INFO c.h.h.t.HelmChartContainer - [K3S] [authentication.go:74] "Unable to authenticate the request" err="[invalid bearer token, serviceaccounts \"hivemq-platform-pod-test-hivemq-platform\" not found]"
2025-01-30 18:17:43,145 INFO c.h.h.t.HelmChartContainer - [test-hivemq-platform] [hivemq] [dc99488b] WARN  - [HiveMQ Platform Operator Init App 1.7.0-SNAPSHOT] Could not update Pod annotations: Failure executing: GET at: https://10.43.0.1:443/api/v1/namespaces/updateloglevelit/pods/test-hivemq-platform-0. Message: Unauthorized. Received status: Status(apiVersion=v1, code=401, details=null, kind=Status, message=Unauthorized, metadata=ListMeta(_continue=null, remainingItemCount=null, resourceVersion=null, selfLink=null, additionalProperties={}), reason=Unauthorized, status=Failure, additionalProperties={}).
2025-01-30 18:17:43,490 INFO c.h.h.t.HelmChartContainer - [test-hivemq-platform] [hivemq] [dc99488b] INFO  - [HiveMQ Platform Operator Init App 1.7.0-SNAPSHOT] The HiveMQ Platform exited with code 143
2025-01-30 18:17:43,490 INFO c.h.h.t.HelmChartContainer - [test-hivemq-platform] [hivemq] [dc99488b] INFO  - [HiveMQ Platform Operator Init App 1.7.0-SNAPSHOT] Stopping the REST API
2025-01-30 18:17:43,534 INFO c.h.h.t.HelmChartContainer - [test-hivemq-platform] [hivemq] [dc99488b] INFO  - [HiveMQ Platform Operator Init App 1.7.0-SNAPSHOT] Shutdown complete
2025-01-30 18:17:43,823 INFO c.h.h.t.HelmChartContainer - [K3S] [authentication.go:74] "Unable to authenticate the request" err="[invalid bearer token, serviceaccounts \"hivemq-platform-pod-test-hivemq-platform\" not found]"
2025-01-30 18:17:43,838 INFO c.h.h.t.HelmChartContainer - [K3S] [authentication.go:74] "Unable to authenticate the request" err="[invalid bearer token, serviceaccounts \"hivemq-platform-pod-test-hivemq-platform\" not found]"
2025-01-30 18:17:43,840 INFO c.h.h.t.HelmChartContainer - [test-hivemq-platform] [hivemq] [27ade26a] WARN  - [HiveMQ Platform Operator Init App 1.7.0-SNAPSHOT] Could not update Pod annotations: Failure executing: GET at: https://10.43.0.1:443/api/v1/namespaces/updateloglevelit/pods/test-hivemq-platform-1. Message: Unauthorized. Received status: Status(apiVersion=v1, code=401, details=null, kind=Status, message=Unauthorized, metadata=ListMeta(_continue=null, remainingItemCount=null, resourceVersion=null, selfLink=null, additionalProperties={}), reason=Unauthorized, status=Failure, additionalProperties={}).
2025-01-30 18:17:44,012 INFO c.h.h.t.HelmChartContainer - [K3S] [stateful_set.go:438] "Unhandled Error" err="error syncing StatefulSet updateloglevelit/test-hivemq-platform, requeuing: controllerrevisions.apps \"test-hivemq-platform-b697f795f\" is forbidden: unable to create new content in namespace updateloglevelit because it is being terminated"
2025-01-30 18:17:44,013 INFO c.h.h.t.HelmChartContainer - [POD] test-hivemq-platform-0 [dc99488b-dc4f-4968-b812-b03dbfd444a0] in updateloglevelit was MODIFIED
2025-01-30 18:17:44,020 INFO c.h.h.t.HelmChartContainer - [K3S] [stateful_set.go:438] "Unhandled Error" err="error syncing StatefulSet updateloglevelit/test-hivemq-platform, requeuing: controllerrevisions.apps \"test-hivemq-platform-b697f795f\" is forbidden: unable to create new content in namespace updateloglevelit because it is being terminated"
2025-01-30 18:17:44,028 INFO c.h.h.t.HelmChartContainer - [K3S] [scope.go:117] "RemoveContainer" containerID="5672d9112385aec9dfc71d324eca28e2e415bf64721f358917a3f98743725949"
2025-01-30 18:17:44,034 INFO c.h.h.t.HelmChartContainer - [K3S] [stateful_set.go:438] "Unhandled Error" err="error syncing StatefulSet updateloglevelit/test-hivemq-platform, requeuing: controllerrevisions.apps \"test-hivemq-platform-b697f795f\" is forbidden: unable to create new content in namespace updateloglevelit because it is being terminated"
2025-01-30 18:17:44,058 INFO c.h.h.t.HelmChartContainer - [K3S] [stateful_set.go:438] "Unhandled Error" err="error syncing StatefulSet updateloglevelit/test-hivemq-platform, requeuing: controllerrevisions.apps \"test-hivemq-platform-b697f795f\" is forbidden: unable to create new content in namespace updateloglevelit because it is being terminated"
2025-01-30 18:17:44,067 INFO c.h.h.t.HelmChartContainer - [test-hivemq-platform] [hivemq] [27ade26a] INFO  - [HiveMQ Platform Operator Init App 1.7.0-SNAPSHOT] The HiveMQ Platform exited with code 143
2025-01-30 18:17:44,068 INFO c.h.h.t.HelmChartContainer - [test-hivemq-platform] [hivemq] [27ade26a] INFO  - [HiveMQ Platform Operator Init App 1.7.0-SNAPSHOT] Stopping the REST API
2025-01-30 18:17:44,076 INFO c.h.h.t.HelmChartContainer - [test-hivemq-platform] [hivemq] [27ade26a] INFO  - [HiveMQ Platform Operator Init App 1.7.0-SNAPSHOT] Shutdown complete
2025-01-30 18:17:44,088 INFO c.h.h.t.HelmChartContainer - [K3S] [reconciler_common.go:162] "operationExecutor.UnmountVolume started for volume \"broker-configuration\" (UniqueName: \"kubernetes.io/configmap/dc99488b-dc4f-4968-b812-b03dbfd444a0-broker-configuration\") pod \"dc99488b-dc4f-4968-b812-b03dbfd444a0\" (UID: \"dc99488b-dc4f-4968-b812-b03dbfd444a0\") "
2025-01-30 18:17:44,102 INFO c.h.h.t.HelmChartContainer - [K3S] [stateful_set.go:438] "Unhandled Error" err="error syncing StatefulSet updateloglevelit/test-hivemq-platform, requeuing: controllerrevisions.apps \"test-hivemq-platform-b697f795f\" is forbidden: unable to create new content in namespace updateloglevelit because it is being terminated"
2025-01-30 18:17:44,141 INFO c.h.h.t.HelmChartContainer - [K3S] [scope.go:117] "RemoveContainer" containerID="183d67f7f2785a79576e11a046895f47ad52fd1e87760c726364c5f48859ac8e"
2025-01-30 18:17:44,145 INFO c.h.h.t.HelmChartContainer - [K3S] [scope.go:117] "RemoveContainer" containerID="5672d9112385aec9dfc71d324eca28e2e415bf64721f358917a3f98743725949"
2025-01-30 18:17:44,145 INFO c.h.h.t.HelmChartContainer - [K3S] [scope.go:117] "RemoveContainer" containerID="183d67f7f2785a79576e11a046895f47ad52fd1e87760c726364c5f48859ac8e"
2025-01-30 18:17:44,186 INFO c.h.h.t.HelmChartContainer - [K3S] [stateful_set.go:438] "Unhandled Error" err="error syncing StatefulSet updateloglevelit/test-hivemq-platform, requeuing: controllerrevisions.apps \"test-hivemq-platform-b697f795f\" is forbidden: unable to create new content in namespace updateloglevelit because it is being terminated"
2025-01-30 18:17:44,188 INFO c.h.h.t.HelmChartContainer - [K3S] [reconciler_common.go:162] "operationExecutor.UnmountVolume started for volume \"pod-info\" (UniqueName: \"kubernetes.io/configmap/dc99488b-dc4f-4968-b812-b03dbfd444a0-pod-info\") pod \"dc99488b-dc4f-4968-b812-b03dbfd444a0\" (UID: \"dc99488b-dc4f-4968-b812-b03dbfd444a0\") "
2025-01-30 18:17:44,188 INFO c.h.h.t.HelmChartContainer - [K3S] [reconciler_common.go:162] "operationExecutor.UnmountVolume started for volume \"operator-init\" (UniqueName: \"kubernetes.io/empty-dir/dc99488b-dc4f-4968-b812-b03dbfd444a0-operator-init\") pod \"dc99488b-dc4f-4968-b812-b03dbfd444a0\" (UID: \"dc99488b-dc4f-4968-b812-b03dbfd444a0\") "
2025-01-30 18:17:44,188 INFO c.h.h.t.HelmChartContainer - [K3S] [reconciler_common.go:162] "operationExecutor.UnmountVolume started for volume \"kube-api-access-h5h6m\" (UniqueName: \"kubernetes.io/projected/dc99488b-dc4f-4968-b812-b03dbfd444a0-kube-api-access-h5h6m\") pod \"dc99488b-dc4f-4968-b812-b03dbfd444a0\" (UID: \"dc99488b-dc4f-4968-b812-b03dbfd444a0\") "
2025-01-30 18:17:44,188 INFO c.h.h.t.HelmChartContainer - [K3S] [reconciler_common.go:299] "Volume detached for volume \"broker-configuration\" (UniqueName: \"kubernetes.io/configmap/dc99488b-dc4f-4968-b812-b03dbfd444a0-broker-configuration\") on node \"7516e517d64a\" DevicePath \"\""
2025-01-30 18:17:44,254 INFO c.h.h.t.HelmChartContainer - [K3S] [stateful_set.go:466] "StatefulSet has been deleted" key="updateloglevelit/test-hivemq-platform"
2025-01-30 18:17:44,288 INFO c.h.h.t.HelmChartContainer - [K3S] [reconciler_common.go:299] "Volume detached for volume \"pod-info\" (UniqueName: \"kubernetes.io/configmap/dc99488b-dc4f-4968-b812-b03dbfd444a0-pod-info\") on node \"7516e517d64a\" DevicePath \"\""
2025-01-30 18:17:44,288 INFO c.h.h.t.HelmChartContainer - [K3S] [reconciler_common.go:299] "Volume detached for volume \"operator-init\" (UniqueName: \"kubernetes.io/empty-dir/dc99488b-dc4f-4968-b812-b03dbfd444a0-operator-init\") on node \"7516e517d64a\" DevicePath \"\""
2025-01-30 18:17:44,288 INFO c.h.h.t.HelmChartContainer - [K3S] [reconciler_common.go:299] "Volume detached for volume \"kube-api-access-h5h6m\" (UniqueName: \"kubernetes.io/projected/dc99488b-dc4f-4968-b812-b03dbfd444a0-kube-api-access-h5h6m\") on node \"7516e517d64a\" DevicePath \"\""
2025-01-30 18:17:44,342 INFO c.h.h.t.HelmChartContainer - [POD] test-hivemq-platform-0 [dc99488b-dc4f-4968-b812-b03dbfd444a0] in updateloglevelit was MODIFIED
2025-01-30 18:17:44,344 INFO c.h.h.t.HelmChartContainer - [POD] test-hivemq-platform-0 [dc99488b-dc4f-4968-b812-b03dbfd444a0] in updateloglevelit was DELETED
2025-01-30 18:17:44,348 INFO c.h.h.t.HelmChartContainer - [K3S] [stateful_set.go:466] "StatefulSet has been deleted" key="updateloglevelit/test-hivemq-platform"
2025-01-30 18:17:44,505 INFO c.h.h.t.HelmChartContainer - [K3S] [kubelet_volumes.go:163] "Cleaned up orphaned pod volumes dir" podUID="dc99488b-dc4f-4968-b812-b03dbfd444a0" path="/var/lib/kubelet/pods/dc99488b-dc4f-4968-b812-b03dbfd444a0/volumes"
2025-01-30 18:17:44,557 INFO c.h.h.t.HelmChartContainer - [POD] test-hivemq-platform-1 [27ade26a-86eb-4d8d-a393-9e381f19bff7] in updateloglevelit was MODIFIED
2025-01-30 18:17:44,691 INFO c.h.h.t.HelmChartContainer - [K3S] [reconciler_common.go:162] "operationExecutor.UnmountVolume started for volume \"kube-api-access-gfsjp\" (UniqueName: \"kubernetes.io/projected/27ade26a-86eb-4d8d-a393-9e381f19bff7-kube-api-access-gfsjp\") pod \"27ade26a-86eb-4d8d-a393-9e381f19bff7\" (UID: \"27ade26a-86eb-4d8d-a393-9e381f19bff7\") "
2025-01-30 18:17:44,691 INFO c.h.h.t.HelmChartContainer - [K3S] [reconciler_common.go:162] "operationExecutor.UnmountVolume started for volume \"pod-info\" (UniqueName: \"kubernetes.io/configmap/27ade26a-86eb-4d8d-a393-9e381f19bff7-pod-info\") pod \"27ade26a-86eb-4d8d-a393-9e381f19bff7\" (UID: \"27ade26a-86eb-4d8d-a393-9e381f19bff7\") "
2025-01-30 18:17:44,691 INFO c.h.h.t.HelmChartContainer - [K3S] [reconciler_common.go:162] "operationExecutor.UnmountVolume started for volume \"broker-configuration\" (UniqueName: \"kubernetes.io/configmap/27ade26a-86eb-4d8d-a393-9e381f19bff7-broker-configuration\") pod \"27ade26a-86eb-4d8d-a393-9e381f19bff7\" (UID: \"27ade26a-86eb-4d8d-a393-9e381f19bff7\") "
2025-01-30 18:17:44,691 INFO c.h.h.t.HelmChartContainer - [K3S] [reconciler_common.go:162] "operationExecutor.UnmountVolume started for volume \"operator-init\" (UniqueName: \"kubernetes.io/empty-dir/27ade26a-86eb-4d8d-a393-9e381f19bff7-operator-init\") pod \"27ade26a-86eb-4d8d-a393-9e381f19bff7\" (UID: \"27ade26a-86eb-4d8d-a393-9e381f19bff7\") "
2025-01-30 18:17:44,791 INFO c.h.h.t.HelmChartContainer - [K3S] [reconciler_common.go:299] "Volume detached for volume \"kube-api-access-gfsjp\" (UniqueName: \"kubernetes.io/projected/27ade26a-86eb-4d8d-a393-9e381f19bff7-kube-api-access-gfsjp\") on node \"7516e517d64a\" DevicePath \"\""
2025-01-30 18:17:44,792 INFO c.h.h.t.HelmChartContainer - [K3S] [reconciler_common.go:299] "Volume detached for volume \"pod-info\" (UniqueName: \"kubernetes.io/configmap/27ade26a-86eb-4d8d-a393-9e381f19bff7-pod-info\") on node \"7516e517d64a\" DevicePath \"\""
2025-01-30 18:17:44,792 INFO c.h.h.t.HelmChartContainer - [K3S] [reconciler_common.go:299] "Volume detached for volume \"broker-configuration\" (UniqueName: \"kubernetes.io/configmap/27ade26a-86eb-4d8d-a393-9e381f19bff7-broker-configuration\") on node \"7516e517d64a\" DevicePath \"\""
2025-01-30 18:17:44,792 INFO c.h.h.t.HelmChartContainer - [K3S] [reconciler_common.go:299] "Volume detached for volume \"operator-init\" (UniqueName: \"kubernetes.io/empty-dir/27ade26a-86eb-4d8d-a393-9e381f19bff7-operator-init\") on node \"7516e517d64a\" DevicePath \"\""
2025-01-30 18:17:45,031 INFO c.h.h.t.HelmChartContainer - [K3S] [scope.go:117] "RemoveContainer" containerID="412f59f21f99f99057e8f5b970d27f7d57320679fa6e65121fa34112f4fd472c"
2025-01-30 18:17:45,044 INFO c.h.h.t.HelmChartContainer - [POD] test-hivemq-platform-1 [27ade26a-86eb-4d8d-a393-9e381f19bff7] in updateloglevelit was MODIFIED
2025-01-30 18:17:45,048 INFO c.h.h.t.HelmChartContainer - [POD] test-hivemq-platform-1 [27ade26a-86eb-4d8d-a393-9e381f19bff7] in updateloglevelit was DELETED
2025-01-30 18:17:45,127 INFO c.h.h.t.HelmChartContainer - [K3S] [scope.go:117] "RemoveContainer" containerID="a5311dfc8a4df11cb462acda81d3b63a6a633f1126e325f76c70dd01cdde02eb"
2025-01-30 18:17:45,130 INFO c.h.h.t.HelmChartContainer - [K3S] [scope.go:117] "RemoveContainer" containerID="412f59f21f99f99057e8f5b970d27f7d57320679fa6e65121fa34112f4fd472c"
2025-01-30 18:17:45,131 INFO c.h.h.t.HelmChartContainer - [K3S] [scope.go:117] "RemoveContainer" containerID="a5311dfc8a4df11cb462acda81d3b63a6a633f1126e325f76c70dd01cdde02eb"
2025-01-30 18:17:46,504 INFO c.h.h.t.HelmChartContainer - [K3S] [kubelet_volumes.go:163] "Cleaned up orphaned pod volumes dir" podUID="27ade26a-86eb-4d8d-a393-9e381f19bff7" path="/var/lib/kubelet/pods/27ade26a-86eb-4d8d-a393-9e381f19bff7/volumes"
2025-01-30 18:17:49,420 INFO c.h.h.t.HelmChartContainer - Namespace 'updateloglevelit' deleted
2025-01-30 18:17:49,420 INFO c.h.h.t.HelmChartContainer - Release 'test-hivemq-platform' in namespace 'updateloglevelit' is uninstalled
2025-01-30 18:17:49,420 INFO c.h.h.t.HelmChartContainer - Uninstalling release 'test-hivemq-platform-operator' in namespace 'updateloglevelit-operator'...
2025-01-30 18:17:49,420 DEBUG c.h.h.t.HelmChartContainer - Executing helm command: /bin/helm --kubeconfig /etc/rancher/k3s/k3s.yaml uninstall test-hivemq-platform-operator  --wait --timeout 5m0s --cascade foreground --namespace updateloglevelit-operator
2025-01-30 18:17:49,609 INFO c.h.h.t.HelmChartContainer - [K3S] [replica_set.go:679] "Finished syncing" kind="ReplicaSet" key="updateloglevelit-operator/hivemq-test-hivemq-platform-operator-7764645b48" duration="13.294549ms"
2025-01-30 18:17:49,612 INFO c.h.h.t.HelmChartContainer - [K3S] [replica_set.go:679] "Finished syncing" kind="ReplicaSet" key="updateloglevelit-operator/hivemq-test-hivemq-platform-operator-7764645b48" duration="39.634µs"
2025-01-30 18:17:49,620 INFO c.h.h.t.HelmChartContainer - [POD] hivemq-test-hivemq-platform-operator-7764645b48-gpdjv [232a5dbf-87f8-4a4b-b597-28791bcb56ef] in updateloglevelit-operator was MODIFIED
2025-01-30 18:17:49,628 INFO c.h.h.t.HelmChartContainer - [K3S] [replica_set.go:679] "Finished syncing" kind="ReplicaSet" key="updateloglevelit-operator/hivemq-test-hivemq-platform-operator-7764645b48" duration="9.878535ms"
2025-01-30 18:17:49,632 INFO c.h.h.t.HelmChartContainer - [hivemq-test-hivemq-platform] [hivemq-platform-operator] [232a5dbf] 18:17:49.629 [application-shutdown-thread] INFO  c.h.p.o.HiveMQPlatformOperatorApplication - HiveMQ Platform Operator is stopping...
2025-01-30 18:17:49,632 INFO c.h.h.t.HelmChartContainer - [hivemq-test-hivemq-platform] [hivemq-platform-operator] [232a5dbf] 18:17:49.629 [application-shutdown-thread] INFO  i.javaoperatorsdk.operator.Operator - Operator SDK 4.9.7 is shutting down...
2025-01-30 18:17:49,637 INFO c.h.h.t.HelmChartContainer - [EVENT] Normal [Killing] Stopping container hivemq-platform-operator [updateloglevelit-operator:hivemq-test-hivemq-platform-operator-7764645b48-gpdjv]
2025-01-30 18:17:49,637 INFO c.h.h.t.HelmChartContainer - Received Killing event for container hivemq-platform-operator in pod hivemq-test-hivemq-platform-operator-7764645b48-gpdjv [232a5dbf-87f8-4a4b-b597-28791bcb56ef]
2025-01-30 18:17:49,637 INFO c.h.h.t.HelmChartContainer - Container [hivemq-test-hivemq-platform-operator-7764645b48-gpdjv] [hivemq-platform-operator] [232a5dbf-87f8-4a4b-b597-28791bcb56ef] was terminated
2025-01-30 18:17:49,637 INFO c.h.h.t.HelmChartContainer - Stopped log watcher for hivemq-platform-operator in pod hivemq-test-hivemq-platform-operator-7764645b48-gpdjv [232a5dbf-87f8-4a4b-b597-28791bcb56ef]
2025-01-30 18:17:49,647 INFO c.h.h.t.HelmChartContainer - [K3S] [replica_set.go:679] "Finished syncing" kind="ReplicaSet" key="updateloglevelit-operator/hivemq-test-hivemq-platform-operator-7764645b48" duration="7.802697ms"
2025-01-30 18:17:50,131 INFO c.h.h.t.HelmChartContainer - [K3S] [replica_set.go:679] "Finished syncing" kind="ReplicaSet" key="updateloglevelit-operator/hivemq-test-hivemq-platform-operator-7764645b48" duration="38.672µs"
2025-01-30 18:17:50,132 INFO c.h.h.t.HelmChartContainer - [POD] hivemq-test-hivemq-platform-operator-7764645b48-gpdjv [232a5dbf-87f8-4a4b-b597-28791bcb56ef] in updateloglevelit-operator was MODIFIED
2025-01-30 18:17:50,221 INFO c.h.h.t.HelmChartContainer - [K3S] [reconciler_common.go:162] "operationExecutor.UnmountVolume started for volume \"kube-api-access-rs8h9\" (UniqueName: \"kubernetes.io/projected/232a5dbf-87f8-4a4b-b597-28791bcb56ef-kube-api-access-rs8h9\") pod \"232a5dbf-87f8-4a4b-b597-28791bcb56ef\" (UID: \"232a5dbf-87f8-4a4b-b597-28791bcb56ef\") "
2025-01-30 18:17:50,322 INFO c.h.h.t.HelmChartContainer - [K3S] [reconciler_common.go:299] "Volume detached for volume \"kube-api-access-rs8h9\" (UniqueName: \"kubernetes.io/projected/232a5dbf-87f8-4a4b-b597-28791bcb56ef-kube-api-access-rs8h9\") on node \"7516e517d64a\" DevicePath \"\""
2025-01-30 18:17:51,042 INFO c.h.h.t.HelmChartContainer - [K3S] [scope.go:117] "RemoveContainer" containerID="e73594d59bb01a9e8ebda461fc1848b09777e79db0e374b8eb60734ce015332d"
2025-01-30 18:17:51,046 INFO c.h.h.t.HelmChartContainer - [K3S] [scope.go:117] "RemoveContainer" containerID="e73594d59bb01a9e8ebda461fc1848b09777e79db0e374b8eb60734ce015332d"
2025-01-30 18:17:51,051 INFO c.h.h.t.HelmChartContainer - [K3S] [replica_set.go:679] "Finished syncing" kind="ReplicaSet" key="updateloglevelit-operator/hivemq-test-hivemq-platform-operator-7764645b48" duration="41.858µs"
2025-01-30 18:17:51,052 INFO c.h.h.t.HelmChartContainer - [POD] hivemq-test-hivemq-platform-operator-7764645b48-gpdjv [232a5dbf-87f8-4a4b-b597-28791bcb56ef] in updateloglevelit-operator was MODIFIED
2025-01-30 18:17:51,056 INFO c.h.h.t.HelmChartContainer - [K3S] [replica_set.go:679] "Finished syncing" kind="ReplicaSet" key="updateloglevelit-operator/hivemq-test-hivemq-platform-operator-7764645b48" duration="29.835µs"
2025-01-30 18:17:51,056 INFO c.h.h.t.HelmChartContainer - [POD] hivemq-test-hivemq-platform-operator-7764645b48-gpdjv [232a5dbf-87f8-4a4b-b597-28791bcb56ef] in updateloglevelit-operator was DELETED
2025-01-30 18:17:51,064 INFO c.h.h.t.HelmChartContainer - [K3S] [replica_set.go:679] "Finished syncing" kind="ReplicaSet" key="updateloglevelit-operator/hivemq-test-hivemq-platform-operator-7764645b48" duration="5.03µs"
2025-01-30 18:17:51,672 INFO c.h.h.t.HelmChartContainer - Deleting namespace 'updateloglevelit-operator'...
2025-01-30 18:17:52,504 INFO c.h.h.t.HelmChartContainer - [K3S] [kubelet_volumes.go:163] "Cleaned up orphaned pod volumes dir" podUID="232a5dbf-87f8-4a4b-b597-28791bcb56ef" path="/var/lib/kubelet/pods/232a5dbf-87f8-4a4b-b597-28791bcb56ef/volumes"
2025-01-30 18:17:54,376 INFO c.h.h.t.HelmChartContainer - [K3S] [namespace_controller.go:187] "Namespace has been deleted" namespace="updateloglevelit"
2025-01-30 18:17:56,888 INFO c.h.h.t.HelmChartContainer - Namespace 'updateloglevelit-operator' deleted
2025-01-30 18:17:56,888 INFO c.h.h.t.HelmChartContainer - Release 'test-hivemq-platform-operator' in namespace 'updateloglevelit-operator' is uninstalled
2025-01-30 18:17:57,658 INFO c.h.helmcharts.AbstractHelmChartIT - Removed unused containers:

2025-01-30 18:18:01,800 INFO c.h.h.t.HelmChartContainer - [K3S] [namespace_controller.go:187] "Namespace has been deleted" namespace="updateloglevelit-operator"
2025-01-30 18:18:05,431 INFO c.h.helmcharts.AbstractHelmChartIT - Removed unused snapshots:
Removing snapshot sha256:03af251906410714c5aef9fa705b63f6bbc39c4a5e787de7361eeb18886c2ed2
Removing snapshot sha256:0c46b3b43cce082ce5ec34ffc6c294e0417d17b9d1e6f366d114b6aadc4f96dc
Removing snapshot sha256:0ce761beee59082d6ed5bcebd3a805b8ddd9b3426b617e4809e7fb7c6587ffec
Removing snapshot sha256:0df91287303208332c8ff6ba40ae4710105201739addbfbddfb955f1ad593664
Removing snapshot sha256:1021ef88c7974bfff89c5a0ec4fd3160daac6c48a075f74cff721f85dd104e68
Removing snapshot sha256:10aba4953ddc18145dd38e3704709bc464aa20af60b56fe52caaff4b68411e62
Removing snapshot sha256:2573e0d8158209ed54ab25c87bcdcb00bd3d2539246960a3d592a1c599d70465
Removing snapshot sha256:362a8a37f8bbc31925a8146adcf7cf51f9882f5c1dcbef67c5baa03a297543c0
Removing snapshot sha256:3fa4ad33f0ddc8fd45b39b6b4640f82a3a83619606cd975bfe89d8710ad2d4cd
Removing snapshot sha256:43a7c979bbaba6838bc3102d6b10a1459f3ab050b87ccdfef84ef90cf43d3058
Removing snapshot sha256:4ab04491cdf0d3267f08206fe30bd48f49f94b9cab2f016d6739220f722a64af
Removing snapshot sha256:4b6068250e89c96f263060261819c7d912855bfbd64b3eb4c4a8483299b8c295
Removing snapshot sha256:580e69a0a8034ede1921139bbd2bfb72a69ebf276d008281896c32dd8bf74775
Removing snapshot sha256:5d30ba46b27fe37484567ccc5242cadc78217b8da605f3f195ef25cbf7487904
Removing snapshot sha256:63ca1fbb43ae5034640e5e6cb3e083e05c290072c5366fcaa9d62435a4cced85
Removing snapshot sha256:67f702c6baae873bceb19487c8b1f27bd2b86077e4f2f0e480e6d60ab508b8f5
Removing snapshot sha256:6864348dd42806d552efdec384f1274be15e2d0c10ce44c1f04347af004c10a9
Removing snapshot sha256:6c5e25ac38ea836aec7f8489b651d679bc6e25f2410a8c1b1fce01b634ae7ed1
Removing snapshot sha256:6c7dee8f2c39b84b7dc2711c01d33de93514d9055499173e9290176fbe484b6c
Removing snapshot sha256:82753493a6d61ded36556292f02f31841a14c20d2f279f19eaad65afb661d5cd
Removing snapshot sha256:8a10d3db42c505ee0fcfa98417bdd7e39b304f6bcc0a06bb1b220797ff2cc63c
Removing snapshot sha256:a21e5b12dbac529ad45d976eb9ce45c881f3bedcc500fb30aba1e52aa1813418
Removing snapshot sha256:b921e6c28969094157f9b8e7244677780319637afd14450b7cb6b2fdea558a0c
Removing snapshot sha256:bc27ecb5769a00e309cf99ebc763c4a4b958b618d1decc96ffac5bc05f02f5b7
Removing snapshot sha256:be3ccb6627a5332e309d45ef461d09b4879dd870c7394d89323d0ebc6ca6aa8a
Removing snapshot sha256:c261f7cbbc64211ee175ee47273acdb7b1a36a4450b397a064a8f2c026490095
Removing snapshot sha256:c34d9393647eea0c9e3557ab988efaf59f61d10a2a5613b439ef0958cca5ec10
Removing snapshot sha256:ca35e0367ec2e8e6d854e7dd591c8a825bf242978fbc256b2be8846ca4999bf8
Removing snapshot sha256:ccf3c4a0fa967a41c1c83497a2ce6fa5787965859df0adb32c4ca2cf7490bc2b
Removing snapshot sha256:cf92d33f869417309692088c341cd0f223c178ea78a125f757317b22aa8f90e9
Removing snapshot sha256:d0037344cf2fb078884f1849f6a1f8cf9a33a3b6139b6a85833e5ee528e1f9a8
Removing snapshot sha256:d3b36d5b79273b1e98e7700470eaeff05a882e777124d84cebcc1505b85ecb36
Removing snapshot sha256:d65a44a37914602d12c611e5e22a50f11451d847e63015cc1c2aef92dee777a4
Removing snapshot sha256:e2dc0bae2455930f23ae570e019b7f32edc75c0f2d71cab084db837ff9051796
Removing snapshot sha256:eccbd24a99c60cd9e86ee5305dbfc4a4dc89f5ab4fb1f06c8d64797cecedef34
Removing snapshot sha256:f144bb4c7c7f0d2aa7eeffd36d934ec40db1ee167be727e326aad9fdc616f475

]]></system-out>
  </testcase>
  <testcase name="2 withNamespaces: false" classname="com.hivemq.helmcharts.platform.UpdateLogLevelIT" time="154.202">
    <system-out><![CDATA[2025-01-30 18:18:05,436 INFO c.h.h.t.HelmChartContainer - Creating namespace 'updateloglevelit-operator'...
2025-01-30 18:18:05,443 INFO c.h.h.t.HelmChartContainer - Namespace 'updateloglevelit-operator' created
2025-01-30 18:18:05,443 INFO c.h.h.t.HelmChartContainer - Creating namespace 'updateloglevelit'...
2025-01-30 18:18:05,451 INFO c.h.h.t.HelmChartContainer - Namespace 'updateloglevelit' created
2025-01-30 18:18:05,526 DEBUG c.h.h.t.HelmChartContainer - Executing helm command: /bin/helm --kubeconfig /etc/rancher/k3s/k3s.yaml install test-hivemq-platform-operator /charts/hivemq-platform-operator --wait --timeout 5m0s --set image.repository=docker.io/hivemq --set image.name=hivemq-platform-operator-test --set image.initImageName=hivemq-platform-operator-init-test --set image.tag=snapshot --set image.pullPolicy=Never --set logLevel=DEBUG --set resources.cpu=512m --namespace updateloglevelit-operator
2025-01-30 18:18:05,883 INFO c.h.h.t.HelmChartContainer - [K3S] [alloc.go:330] "allocated clusterIPs" service="updateloglevelit-operator/hivemq-platform-operator-test-hivemq-platform-operator" clusterIPs={"IPv4":"10.43.36.206"}
2025-01-30 18:18:05,921 INFO c.h.h.t.HelmChartContainer - [EVENT] Normal [ScalingReplicaSet] Scaled up replica set hivemq-test-hivemq-platform-operator-6966f96d65 from 0 to 1 [updateloglevelit-operator:hivemq-test-hivemq-platform-operator]
2025-01-30 18:18:05,930 INFO c.h.h.t.HelmChartContainer - [POD] hivemq-test-hivemq-platform-operator-6966f96d65-qjq4z [9917e51d-faeb-466b-968b-6e7b9cc21a10] in updateloglevelit-operator was ADDED
2025-01-30 18:18:05,941 INFO c.h.h.t.HelmChartContainer - [EVENT] Normal [SuccessfulCreate] Created pod: hivemq-test-hivemq-platform-operator-6966f96d65-qjq4z [updateloglevelit-operator:hivemq-test-hivemq-platform-operator-6966f96d65]
2025-01-30 18:18:05,941 INFO c.h.h.t.HelmChartContainer - [K3S] [replica_set.go:679] "Finished syncing" kind="ReplicaSet" key="updateloglevelit-operator/hivemq-test-hivemq-platform-operator-6966f96d65" duration="39.488688ms"
2025-01-30 18:18:05,945 INFO c.h.h.t.HelmChartContainer - [K3S] [memory_manager.go:355] "RemoveStaleState removing state" podUID="dc99488b-dc4f-4968-b812-b03dbfd444a0" containerName="hivemq"
2025-01-30 18:18:05,945 INFO c.h.h.t.HelmChartContainer - [POD] hivemq-test-hivemq-platform-operator-6966f96d65-qjq4z [9917e51d-faeb-466b-968b-6e7b9cc21a10] in updateloglevelit-operator was MODIFIED
2025-01-30 18:18:05,945 INFO c.h.h.t.HelmChartContainer - [K3S] [memory_manager.go:355] "RemoveStaleState removing state" podUID="27ade26a-86eb-4d8d-a393-9e381f19bff7" containerName="hivemq"
2025-01-30 18:18:05,946 INFO c.h.h.t.HelmChartContainer - [K3S] [memory_manager.go:355] "RemoveStaleState removing state" podUID="232a5dbf-87f8-4a4b-b597-28791bcb56ef" containerName="hivemq-platform-operator"
2025-01-30 18:18:05,953 INFO c.h.h.t.HelmChartContainer - [EVENT] Normal [Scheduled] Successfully assigned updateloglevelit-operator/hivemq-test-hivemq-platform-operator-6966f96d65-qjq4z to 7516e517d64a [updateloglevelit-operator:hivemq-test-hivemq-platform-operator-6966f96d65-qjq4z]
2025-01-30 18:18:05,959 INFO c.h.h.t.HelmChartContainer - [POD] hivemq-test-hivemq-platform-operator-6966f96d65-qjq4z [9917e51d-faeb-466b-968b-6e7b9cc21a10] in updateloglevelit-operator was MODIFIED
2025-01-30 18:18:05,967 INFO c.h.h.t.HelmChartContainer - [K3S] [replica_set.go:679] "Finished syncing" kind="ReplicaSet" key="updateloglevelit-operator/hivemq-test-hivemq-platform-operator-6966f96d65" duration="25.507309ms"
2025-01-30 18:18:05,982 INFO c.h.h.t.HelmChartContainer - [K3S] [replica_set.go:679] "Finished syncing" kind="ReplicaSet" key="updateloglevelit-operator/hivemq-test-hivemq-platform-operator-6966f96d65" duration="14.589614ms"
2025-01-30 18:18:05,982 INFO c.h.h.t.HelmChartContainer - [K3S] [replica_set.go:679] "Finished syncing" kind="ReplicaSet" key="updateloglevelit-operator/hivemq-test-hivemq-platform-operator-6966f96d65" duration="30.286µs"
2025-01-30 18:18:06,115 INFO c.h.h.t.HelmChartContainer - [K3S] [reconciler_common.go:251] "operationExecutor.VerifyControllerAttachedVolume started for volume \"kube-api-access-t7x8g\" (UniqueName: \"kubernetes.io/projected/9917e51d-faeb-466b-968b-6e7b9cc21a10-kube-api-access-t7x8g\") pod \"hivemq-test-hivemq-platform-operator-6966f96d65-qjq4z\" (UID: \"9917e51d-faeb-466b-968b-6e7b9cc21a10\") " pod="updateloglevelit-operator/hivemq-test-hivemq-platform-operator-6966f96d65-qjq4z"
2025-01-30 18:18:06,352 INFO c.h.h.t.HelmChartContainer - [EVENT] Normal [Pulled] Container image "docker.io/hivemq/hivemq-platform-operator-test:snapshot" already present on machine [updateloglevelit-operator:hivemq-test-hivemq-platform-operator-6966f96d65-qjq4z]
2025-01-30 18:18:06,352 INFO c.h.h.t.HelmChartContainer - Received Pulled event for container hivemq-platform-operator in pod hivemq-test-hivemq-platform-operator-6966f96d65-qjq4z [9917e51d-faeb-466b-968b-6e7b9cc21a10]
2025-01-30 18:18:07,594 INFO c.h.h.t.HelmChartContainer - [EVENT] Normal [Created] Created container: hivemq-platform-operator [updateloglevelit-operator:hivemq-test-hivemq-platform-operator-6966f96d65-qjq4z]
2025-01-30 18:18:07,594 INFO c.h.h.t.HelmChartContainer - Received Created event for container hivemq-platform-operator in pod hivemq-test-hivemq-platform-operator-6966f96d65-qjq4z [9917e51d-faeb-466b-968b-6e7b9cc21a10]
2025-01-30 18:18:08,086 INFO c.h.h.t.HelmChartContainer - [POD] hivemq-test-hivemq-platform-operator-6966f96d65-qjq4z [9917e51d-faeb-466b-968b-6e7b9cc21a10] in updateloglevelit-operator was MODIFIED
2025-01-30 18:18:08,090 INFO c.h.h.t.HelmChartContainer - [K3S] [replica_set.go:679] "Finished syncing" kind="ReplicaSet" key="updateloglevelit-operator/hivemq-test-hivemq-platform-operator-6966f96d65" duration="43.781µs"
2025-01-30 18:18:08,101 INFO c.h.h.t.HelmChartContainer - Started log watcher for hivemq-platform-operator in pod hivemq-test-hivemq-platform-operator-6966f96d65-qjq4z [9917e51d-faeb-466b-968b-6e7b9cc21a10]
2025-01-30 18:18:08,101 INFO c.h.h.t.HelmChartContainer - [hivemq-test-hivemq-platform] [hivemq-platform-operator] [9917e51d] -------------------------------------------------------------------------
2025-01-30 18:18:08,101 INFO c.h.h.t.HelmChartContainer - [hivemq-test-hivemq-platform] [hivemq-platform-operator] [9917e51d] 
2025-01-30 18:18:08,101 INFO c.h.h.t.HelmChartContainer - [hivemq-test-hivemq-platform] [hivemq-platform-operator] [9917e51d]                   _    _  _              __  __   ____
2025-01-30 18:18:08,102 INFO c.h.h.t.HelmChartContainer - [EVENT] Normal [Started] Started container hivemq-platform-operator [updateloglevelit-operator:hivemq-test-hivemq-platform-operator-6966f96d65-qjq4z]
2025-01-30 18:18:08,102 INFO c.h.h.t.HelmChartContainer - [hivemq-test-hivemq-platform] [hivemq-platform-operator] [9917e51d]                  | |  | |(_)            |  \/  | / __ \
2025-01-30 18:18:08,102 INFO c.h.h.t.HelmChartContainer - [hivemq-test-hivemq-platform] [hivemq-platform-operator] [9917e51d]                  | |__| | _ __   __ ___ | \  / || |  | |
2025-01-30 18:18:08,102 INFO c.h.h.t.HelmChartContainer - [hivemq-test-hivemq-platform] [hivemq-platform-operator] [9917e51d]                  |  __  || |\ \ / // _ \| |\/| || |  | |
2025-01-30 18:18:08,102 INFO c.h.h.t.HelmChartContainer - [hivemq-test-hivemq-platform] [hivemq-platform-operator] [9917e51d]                  | |  | || | \ V /|  __/| |  | || |__| |
2025-01-30 18:18:08,102 INFO c.h.h.t.HelmChartContainer - Received Started event for container hivemq-platform-operator in pod hivemq-test-hivemq-platform-operator-6966f96d65-qjq4z [9917e51d-faeb-466b-968b-6e7b9cc21a10]
2025-01-30 18:18:08,102 INFO c.h.h.t.HelmChartContainer - [hivemq-test-hivemq-platform] [hivemq-platform-operator] [9917e51d]                  |_|  |_||_|  \_/  \___||_|  |_| \___\_\
2025-01-30 18:18:08,102 INFO c.h.h.t.HelmChartContainer - [hivemq-test-hivemq-platform] [hivemq-platform-operator] [9917e51d] 
2025-01-30 18:18:08,102 INFO c.h.h.t.HelmChartContainer - [hivemq-test-hivemq-platform] [hivemq-platform-operator] [9917e51d] -------------------------------------------------------------------------
2025-01-30 18:18:08,102 INFO c.h.h.t.HelmChartContainer - [hivemq-test-hivemq-platform] [hivemq-platform-operator] [9917e51d] 
2025-01-30 18:18:08,102 INFO c.h.h.t.HelmChartContainer - [hivemq-test-hivemq-platform] [hivemq-platform-operator] [9917e51d]   HiveMQ Platform Operator Start Script v1.0
2025-01-30 18:18:08,102 INFO c.h.h.t.HelmChartContainer - [hivemq-test-hivemq-platform] [hivemq-platform-operator] [9917e51d] 
2025-01-30 18:18:08,102 INFO c.h.h.t.HelmChartContainer - [hivemq-test-hivemq-platform] [hivemq-platform-operator] [9917e51d] -------------------------------------------------------------------------
2025-01-30 18:18:08,102 INFO c.h.h.t.HelmChartContainer - [hivemq-test-hivemq-platform] [hivemq-platform-operator] [9917e51d] 
2025-01-30 18:18:08,102 INFO c.h.h.t.HelmChartContainer - [hivemq-test-hivemq-platform] [hivemq-platform-operator] [9917e51d]   JAVA_OPTS: -XX:+UnlockExperimentalVMOptions -XX:InitialRAMPercentage=75 -XX:MaxRAMPercentage=75 -Duser.language=en -Duser.region=US
2025-01-30 18:18:08,102 INFO c.h.h.t.HelmChartContainer - [hivemq-test-hivemq-platform] [hivemq-platform-operator] [9917e51d] 
2025-01-30 18:18:08,102 INFO c.h.h.t.HelmChartContainer - [hivemq-test-hivemq-platform] [hivemq-platform-operator] [9917e51d]   JAVA_VERSION: 21
2025-01-30 18:18:08,102 INFO c.h.h.t.HelmChartContainer - [hivemq-test-hivemq-platform] [hivemq-platform-operator] [9917e51d] 
2025-01-30 18:18:08,102 INFO c.h.h.t.HelmChartContainer - [hivemq-test-hivemq-platform] [hivemq-platform-operator] [9917e51d] -------------------------------------------------------------------------
2025-01-30 18:18:08,102 INFO c.h.h.t.HelmChartContainer - [hivemq-test-hivemq-platform] [hivemq-platform-operator] [9917e51d] 
2025-01-30 18:18:10,867 INFO c.h.h.t.HelmChartContainer - [hivemq-test-hivemq-platform] [hivemq-platform-operator] [9917e51d] 18:18:10.865 [main] DEBUG org.jboss.logging - Logging Provider: org.jboss.logging.Slf4jLoggerProvider
2025-01-30 18:18:10,976 INFO c.h.h.t.HelmChartContainer - [hivemq-test-hivemq-platform] [hivemq-platform-operator] [9917e51d] 18:18:10.975 [main] DEBUG io.smallrye.config - SRCFG01006: Loaded ConfigSource SysPropConfigSource with ordinal 400
2025-01-30 18:18:10,976 INFO c.h.h.t.HelmChartContainer - [hivemq-test-hivemq-platform] [hivemq-platform-operator] [9917e51d] 18:18:10.975 [main] DEBUG io.smallrye.config - SRCFG01006: Loaded ConfigSource EnvConfigSource with ordinal 300
2025-01-30 18:18:10,976 INFO c.h.h.t.HelmChartContainer - [hivemq-test-hivemq-platform] [hivemq-platform-operator] [9917e51d] 18:18:10.975 [main] DEBUG io.smallrye.config - SRCFG01006: Loaded ConfigSource PropertiesConfigSource[source=jar:file:///opt/hivemq-platform-operator/bin/hivemq-platform-operator.jar!/hivemq-platform-operator.properties] with ordinal 100
2025-01-30 18:18:10,976 INFO c.h.h.t.HelmChartContainer - [hivemq-test-hivemq-platform] [hivemq-platform-operator] [9917e51d] 18:18:10.975 [main] DEBUG io.smallrye.config - SRCFG01006: Loaded ConfigSource DefaultValuesConfigSource with ordinal -2147483648
2025-01-30 18:18:11,083 INFO c.h.h.t.HelmChartContainer - [hivemq-test-hivemq-platform] [hivemq-platform-operator] [9917e51d] 18:18:11.082 [main] DEBUG i.m.c.u.i.l.InternalLoggerFactory - Using SLF4J as the default logging framework
2025-01-30 18:18:11,265 INFO c.h.h.t.HelmChartContainer - [hivemq-test-hivemq-platform] [hivemq-platform-operator] [9917e51d] 18:18:11.179 [main] INFO  c.h.p.o.HiveMQPlatformOperatorApplication - HiveMQ Platform Operator 1.7.0-SNAPSHOT (commit: 47e3375 on branch: HEAD) built on Thu Jan 30 03:55:50 UTC 2025
2025-01-30 18:18:11,267 INFO c.h.h.t.HelmChartContainer - [hivemq-test-hivemq-platform] [hivemq-platform-operator] [9917e51d] 18:18:11.265 [main] INFO  c.h.p.o.HiveMQPlatformOperatorApplication - HiveMQ Platform Operator is running in namespace: updateloglevelit-operator
2025-01-30 18:18:11,267 INFO c.h.h.t.HelmChartContainer - [hivemq-test-hivemq-platform] [hivemq-platform-operator] [9917e51d] 18:18:11.265 [main] INFO  c.h.p.o.HiveMQPlatformOperatorApplication - Watching all namespaces
2025-01-30 18:18:11,267 INFO c.h.h.t.HelmChartContainer - [hivemq-test-hivemq-platform] [hivemq-platform-operator] [9917e51d] 18:18:11.265 [main] INFO  c.h.p.o.HiveMQPlatformOperatorApplication - Log level: DEBUG
2025-01-30 18:18:11,267 INFO c.h.h.t.HelmChartContainer - [hivemq-test-hivemq-platform] [hivemq-platform-operator] [9917e51d] 18:18:11.265 [main] INFO  c.h.p.o.HiveMQPlatformOperatorApplication - Release name: test-hivemq-platform-operator
2025-01-30 18:18:11,267 INFO c.h.h.t.HelmChartContainer - [hivemq-test-hivemq-platform] [hivemq-platform-operator] [9917e51d] 18:18:11.265 [main] INFO  c.h.p.o.HiveMQPlatformOperatorApplication - HiveMQ Platform Operator Init image: docker.io/hivemq/hivemq-platform-operator-init-test:snapshot
2025-01-30 18:18:11,267 INFO c.h.h.t.HelmChartContainer - [hivemq-test-hivemq-platform] [hivemq-platform-operator] [9917e51d] 18:18:11.265 [main] INFO  c.h.p.o.HiveMQPlatformOperatorApplication - HiveMQ Platform Operator Init App update URL: http://hivemq-platform-operator-test-hivemq-platform-operator.updateloglevelit-operator.svc:8080/initAppUpdate/hivemq-platform-operator-init-app-1.7.0-SNAPSHOT.jar
2025-01-30 18:18:11,267 INFO c.h.h.t.HelmChartContainer - [hivemq-test-hivemq-platform] [hivemq-platform-operator] [9917e51d] 18:18:11.265 [main] INFO  c.h.p.o.HiveMQPlatformOperatorApplication - Additional imagePullSecret for all Platform deployments: none
2025-01-30 18:18:11,267 INFO c.h.h.t.HelmChartContainer - [hivemq-test-hivemq-platform] [hivemq-platform-operator] [9917e51d] 18:18:11.265 [main] INFO  c.h.p.o.HiveMQPlatformOperatorApplication - Apply HiveMQ Platform CRD: true
2025-01-30 18:18:11,267 INFO c.h.h.t.HelmChartContainer - [hivemq-test-hivemq-platform] [hivemq-platform-operator] [9917e51d] 18:18:11.265 [main] INFO  c.h.p.o.HiveMQPlatformOperatorApplication - Create Platform ServiceAccount: true
2025-01-30 18:18:11,267 INFO c.h.h.t.HelmChartContainer - [hivemq-test-hivemq-platform] [hivemq-platform-operator] [9917e51d] 18:18:11.265 [main] INFO  c.h.p.o.HiveMQPlatformOperatorApplication - Create Platform ServiceAccount permissions: true
2025-01-30 18:18:11,267 INFO c.h.h.t.HelmChartContainer - [hivemq-test-hivemq-platform] [hivemq-platform-operator] [9917e51d] 18:18:11.266 [main] INFO  c.h.p.o.HiveMQPlatformOperatorApplication - Validate Platform ServiceAccount: true
2025-01-30 18:18:11,267 INFO c.h.h.t.HelmChartContainer - [hivemq-test-hivemq-platform] [hivemq-platform-operator] [9917e51d] 18:18:11.266 [main] INFO  c.h.p.o.HiveMQPlatformOperatorApplication - Validate Platform ServiceAccount permissions: true
2025-01-30 18:18:11,385 INFO c.h.h.t.HelmChartContainer - [hivemq-test-hivemq-platform] [hivemq-platform-operator] [9917e51d] 18:18:11.384 [main] INFO  c.h.platform.operator.util.CRDUtil - Verifying deployed HiveMQ Platform CRD...
2025-01-30 18:18:13,869 INFO c.h.h.t.HelmChartContainer - [hivemq-test-hivemq-platform] [hivemq-platform-operator] [9917e51d] 18:18:13.868 [main] DEBUG c.h.platform.operator.util.CRDUtil - HiveMQ Platform CRD version v1 is up to date
2025-01-30 18:18:13,869 INFO c.h.h.t.HelmChartContainer - [hivemq-test-hivemq-platform] [hivemq-platform-operator] [9917e51d] 18:18:13.868 [main] INFO  c.h.platform.operator.util.CRDUtil - HiveMQ Platform CRD is up to date (version: V1_6_0)
2025-01-30 18:18:13,869 INFO c.h.h.t.HelmChartContainer - [hivemq-test-hivemq-platform] [hivemq-platform-operator] [9917e51d] 18:18:13.868 [main] INFO  c.h.platform.operator.util.CRDUtil - Waiting 10000 ms for HiveMQ Platform CRD 'hivemq-platforms.hivemq.com' to become ready...
2025-01-30 18:18:14,168 INFO c.h.h.t.HelmChartContainer - [hivemq-test-hivemq-platform] [hivemq-platform-operator] [9917e51d] 18:18:14.167 [vert.x-eventloop-thread-1] DEBUG c.h.platform.operator.util.CRDUtil - Checking CRD condition 'NamesAccepted' (status: 'True')
2025-01-30 18:18:14,169 INFO c.h.h.t.HelmChartContainer - [hivemq-test-hivemq-platform] [hivemq-platform-operator] [9917e51d] 18:18:14.168 [vert.x-eventloop-thread-1] DEBUG c.h.platform.operator.util.CRDUtil - Checking CRD condition 'Established' (status: 'True')
2025-01-30 18:18:14,170 INFO c.h.h.t.HelmChartContainer - [hivemq-test-hivemq-platform] [hivemq-platform-operator] [9917e51d] 18:18:14.170 [main] INFO  c.h.platform.operator.util.CRDUtil - HiveMQ Platform CRD 'hivemq-platforms.hivemq.com' is ready
2025-01-30 18:18:14,366 INFO c.h.h.t.HelmChartContainer - [hivemq-test-hivemq-platform] [hivemq-platform-operator] [9917e51d] 18:18:14.364 [main] INFO  c.h.p.o.HiveMQPlatformReconciler - HiveMQ Platform Operator is starting...
2025-01-30 18:18:14,464 INFO c.h.h.t.HelmChartContainer - [hivemq-test-hivemq-platform] [hivemq-platform-operator] [9917e51d] 18:18:14.463 [main] WARN  Default ConfigurationService implementation - Configuration for reconciler 'hivemq-controller' was not found. Known reconcilers: None.
2025-01-30 18:18:14,471 INFO c.h.h.t.HelmChartContainer - [hivemq-test-hivemq-platform] [hivemq-platform-operator] [9917e51d] 18:18:14.470 [main] INFO  Default ConfigurationService implementation - Created configuration for reconciler com.hivemq.platform.operator.HiveMQPlatformReconciler with name hivemq-controller
2025-01-30 18:18:14,568 INFO c.h.h.t.HelmChartContainer - [hivemq-test-hivemq-platform] [hivemq-platform-operator] [9917e51d] 18:18:14.567 [main] DEBUG c.h.p.o.HiveMQPlatformReconciler - HiveMQ Platform Operator is preparing EventSources
2025-01-30 18:18:14,578 INFO c.h.h.t.HelmChartContainer - [hivemq-test-hivemq-platform] [hivemq-platform-operator] [9917e51d] 18:18:14.577 [main] INFO  i.javaoperatorsdk.operator.Operator - Registered reconciler: 'hivemq-controller' for resource: 'class com.hivemq.platform.operator.v1.HiveMQPlatform' for namespace(s): [all namespaces]
2025-01-30 18:18:15,076 INFO c.h.h.t.HelmChartContainer - [hivemq-test-hivemq-platform] [hivemq-platform-operator] [9917e51d] 18:18:15.075 [main] INFO  c.h.p.operator.webserver.JettyServer - Starting Jetty server on port 8080
2025-01-30 18:18:15,174 INFO c.h.h.t.HelmChartContainer - [hivemq-test-hivemq-platform] [hivemq-platform-operator] [9917e51d] 18:18:15.173 [main] INFO  i.javaoperatorsdk.operator.Operator - Operator SDK 4.9.7 (commit: 2133d28) built on Wed Nov 20 12:56:20 UTC 2024 starting...
2025-01-30 18:18:15,175 INFO c.h.h.t.HelmChartContainer - [hivemq-test-hivemq-platform] [hivemq-platform-operator] [9917e51d] 18:18:15.173 [main] INFO  i.javaoperatorsdk.operator.Operator - Client version: 6.13.5
2025-01-30 18:18:15,176 INFO c.h.h.t.HelmChartContainer - [hivemq-test-hivemq-platform] [hivemq-platform-operator] [9917e51d] 18:18:15.175 [Controller Starter for: hivemq-controller] INFO  i.j.operator.processing.Controller - Starting 'hivemq-controller' controller for reconciler: com.hivemq.platform.operator.HiveMQPlatformReconciler, resource: com.hivemq.platform.operator.v1.HiveMQPlatform
2025-01-30 18:18:17,465 INFO c.h.h.t.HelmChartContainer - [hivemq-test-hivemq-platform] [hivemq-platform-operator] [9917e51d] 18:18:17.463 [Controller Starter for: hivemq-controller] INFO  i.j.operator.processing.Controller - 'hivemq-controller' controller started
2025-01-30 18:18:17,466 INFO c.h.h.t.HelmChartContainer - [hivemq-test-hivemq-platform] [hivemq-platform-operator] [9917e51d] 18:18:17.464 [main] INFO  c.h.p.o.HiveMQPlatformOperatorApplication - HiveMQ Platform Operator 1.7.0-SNAPSHOT started in 6284 ms
2025-01-30 18:18:20,092 INFO c.h.h.t.HelmChartContainer - [POD] hivemq-test-hivemq-platform-operator-6966f96d65-qjq4z [9917e51d-faeb-466b-968b-6e7b9cc21a10] in updateloglevelit-operator was MODIFIED
2025-01-30 18:18:20,099 INFO c.h.h.t.HelmChartContainer - [K3S] [replica_set.go:679] "Finished syncing" kind="ReplicaSet" key="updateloglevelit-operator/hivemq-test-hivemq-platform-operator-6966f96d65" duration="8.491009ms"
2025-01-30 18:18:20,100 INFO c.h.h.t.HelmChartContainer - [K3S] [replica_set.go:679] "Finished syncing" kind="ReplicaSet" key="updateloglevelit-operator/hivemq-test-hivemq-platform-operator-6966f96d65" duration="37.82µs"
2025-01-30 18:18:21,959 INFO com.hivemq.helmcharts.util.K8sUtil - Pod 'hivemq-test-hivemq-platform-operator-6966f96d65-qjq4z' is ready
2025-01-30 18:18:22,021 DEBUG c.h.h.t.HelmChartContainer - Executing helm command: /bin/helm --kubeconfig /etc/rancher/k3s/k3s.yaml install test-hivemq-platform /charts/hivemq-platform --wait --timeout 5m0s --set image.repository=docker.io/hivemq --set image.tag=4.36.0 --set image.pullPolicy=Never --set nodes.resources.cpu=512m -f /files/platform-values.yaml --namespace updateloglevelit
2025-01-30 18:18:22,252 INFO c.h.h.t.HelmChartContainer - [hivemq-test-hivemq-platform] [hivemq-platform-operator] [9917e51d] 18:18:22.250 [-2082509879-pool-1-thread-3] WARN  i.m.p.PrometheusMeterRegistry - The meter (MeterId{name='operator.sdk.events.received', tags=[tag(action=ADDED),tag(event=ResourceEvent),tag(group=hivemq.com),tag(kind=HiveMQPlatform),tag(name=test-hivemq-platform),tag(namespace=updateloglevelit),tag(scope=namespace),tag(version=v1)]}) registration has failed: Prometheus requires that all meters with the same name have the same set of tag keys. There is already an existing meter named 'operator.sdk.events.received' containing tag keys [event, group, kind, name, namespace, scope, version]. The meter you are attempting to register has keys [action, event, group, kind, name, namespace, scope, version]. Note that subsequent logs will be logged at debug level.
2025-01-30 18:18:22,675 INFO c.h.h.t.HelmChartContainer - [hivemq-test-hivemq-platform] [hivemq-platform-operator] [9917e51d] 18:18:22.673 [pool-6-thread-3] DEBUG c.h.p.o.dependants.PodInfoConfigMap - [updatelo] Desired PodInfo ConfigMap (1 extensions) (1 enabled)
2025-01-30 18:18:22,677 INFO c.h.h.t.HelmChartContainer - [hivemq-test-hivemq-platform] [hivemq-platform-operator] [9917e51d] 18:18:22.674 [pool-6-thread-3] DEBUG c.h.p.o.dependants.PodInfoConfigMap - [updatelo] Desired PodInfo ConfigMap (metrics port: 9399) (metrics path: /)
2025-01-30 18:18:22,677 INFO c.h.h.t.HelmChartContainer - [hivemq-test-hivemq-platform] [hivemq-platform-operator] [9917e51d] 18:18:22.674 [pool-6-thread-3] DEBUG c.h.p.o.dependants.PodInfoConfigMap - [updatelo] Desired PodInfo ConfigMap (extension state hash: -1817474005)
2025-01-30 18:18:22,677 INFO c.h.h.t.HelmChartContainer - [hivemq-test-hivemq-platform] [hivemq-platform-operator] [9917e51d] 18:18:22.676 [pool-6-thread-3] DEBUG c.h.p.o.dependants.PodInfoConfigMap - [updatelo] Create PodInfo ConfigMap
2025-01-30 18:18:22,776 INFO c.h.h.t.HelmChartContainer - [hivemq-test-hivemq-platform] [hivemq-platform-operator] [9917e51d] 18:18:22.772 [pool-6-thread-5] DEBUG c.h.p.o.dependants.PodRoleResource - [updatelo] Create Role: Role(apiVersion=rbac.authorization.k8s.io/v1, kind=Role, metadata=ObjectMeta(annotations={meta.helm.sh/release-name=test-hivemq-platform, meta.helm.sh/release-namespace=updateloglevelit}, creationTimestamp=null, deletionGracePeriodSeconds=null, deletionTimestamp=null, finalizers=[], generateName=null, generation=null, labels={helm.sh/chart=hivemq-platform-0.2.32, app.kubernetes.io/managed-by=Helm, app.kubernetes.io/name=hivemq-platform, hivemq-platform=test-hivemq-platform, app.kubernetes.io/instance=test-hivemq-platform, app.kubernetes.io/version=4.36.0}, managedFields=[], name=hivemq-platform-role-test-hivemq-platform, namespace=updateloglevelit, ownerReferences=[OwnerReference(apiVersion=hivemq.com/v1, blockOwnerDeletion=null, controller=null, kind=HiveMQPlatform, name=test-hivemq-platform, uid=71d79ee8-b6cc-4ad6-af33-4fd9e5f2adea, additionalProperties={})], resourceVersion=null, selfLink=null, uid=null, additionalProperties={}), rules=[PolicyRule(apiGroups=[], nonResourceURLs=[], resourceNames=[], resources=[pods], verbs=[get, patch, update], additionalProperties={})], additionalProperties={})
2025-01-30 18:18:22,965 INFO c.h.h.t.HelmChartContainer - [hivemq-test-hivemq-platform] [hivemq-platform-operator] [9917e51d] 18:18:22.964 [pool-6-thread-7] DEBUG c.h.p.o.d.PodServiceAccountResource - [updatelo] Desired PodServiceAccountResource (serviceAccountName: hivemq-platform-pod-test-hivemq-platform)
2025-01-30 18:18:22,966 INFO c.h.h.t.HelmChartContainer - [hivemq-test-hivemq-platform] [hivemq-platform-operator] [9917e51d] 18:18:22.964 [pool-6-thread-7] DEBUG c.h.p.o.d.PodServiceAccountResource - [updatelo] Create ServiceAccount 'hivemq-platform-pod-test-hivemq-platform'
2025-01-30 18:18:23,068 INFO c.h.h.t.HelmChartContainer - [hivemq-test-hivemq-platform] [hivemq-platform-operator] [9917e51d] 18:18:23.067 [pool-6-thread-9] DEBUG c.h.p.o.d.PodRoleBindingResource - [updatelo] Create RoleBinding: RoleBinding(apiVersion=rbac.authorization.k8s.io/v1, kind=RoleBinding, metadata=ObjectMeta(annotations={meta.helm.sh/release-name=test-hivemq-platform, meta.helm.sh/release-namespace=updateloglevelit}, creationTimestamp=null, deletionGracePeriodSeconds=null, deletionTimestamp=null, finalizers=[], generateName=null, generation=null, labels={helm.sh/chart=hivemq-platform-0.2.32, app.kubernetes.io/managed-by=Helm, app.kubernetes.io/name=hivemq-platform, hivemq-platform=test-hivemq-platform, app.kubernetes.io/instance=test-hivemq-platform, app.kubernetes.io/version=4.36.0}, managedFields=[], name=hivemq-platform-role-binding-test-hivemq-platform, namespace=updateloglevelit, ownerReferences=[OwnerReference(apiVersion=hivemq.com/v1, blockOwnerDeletion=null, controller=null, kind=HiveMQPlatform, name=test-hivemq-platform, uid=71d79ee8-b6cc-4ad6-af33-4fd9e5f2adea, additionalProperties={})], resourceVersion=null, selfLink=null, uid=null, additionalProperties={}), roleRef=RoleRef(apiGroup=rbac.authorization.k8s.io, kind=Role, name=hivemq-platform-role-test-hivemq-platform, additionalProperties={}), subjects=[Subject(apiGroup=null, kind=ServiceAccount, name=hivemq-platform-pod-test-hivemq-platform, namespace=updateloglevelit, additionalProperties={})], additionalProperties={})
2025-01-30 18:18:23,166 INFO c.h.h.t.HelmChartContainer - [hivemq-test-hivemq-platform] [hivemq-platform-operator] [9917e51d] 18:18:23.165 [ReconcilerExecutor-hivemq-controller-53] INFO  c.h.p.o.HiveMQPlatformReconciler - [updatelo] Reconciling HiveMQ Platform 'test-hivemq-platform' in namespace 'updateloglevelit'
2025-01-30 18:18:23,166 INFO c.h.h.t.HelmChartContainer - [hivemq-test-hivemq-platform] [hivemq-platform-operator] [9917e51d] 18:18:23.165 [ReconcilerExecutor-hivemq-controller-53] DEBUG c.h.p.o.HiveMQPlatformReconciler - [updatelo] Custom Resource Status CREATED - HiveMQ Platform was created (READY)
2025-01-30 18:18:23,167 INFO c.h.h.t.HelmChartContainer - [hivemq-test-hivemq-platform] [hivemq-platform-operator] [9917e51d] 18:18:23.165 [ReconcilerExecutor-hivemq-controller-53] DEBUG c.h.p.o.HiveMQPlatformReconciler - [updatelo] Custom Resource Spec (replicas: 1) (extensions: 1)
2025-01-30 18:18:23,170 INFO c.h.h.t.HelmChartContainer - [hivemq-test-hivemq-platform] [hivemq-platform-operator] [9917e51d] 18:18:23.169 [ReconcilerExecutor-hivemq-controller-53] INFO  c.h.p.o.h.HiveMQPlatformReconcilerBaseHandler - [updatelo] HiveMQ Platform is starting
2025-01-30 18:18:23,275 INFO c.h.h.t.HelmChartContainer - [hivemq-test-hivemq-platform] [hivemq-platform-operator] [9917e51d] 18:18:23.274 [ReconcilerExecutor-hivemq-controller-53] DEBUG c.h.p.operator.event.EventSender - [updatelo] Creating K8s event hivemq-platform-starting: [Start] HiveMQ Platform is starting
2025-01-30 18:18:23,283 INFO c.h.h.t.HelmChartContainer - [EVENT] Normal [Start] HiveMQ Platform is starting [updateloglevelit:test-hivemq-platform]
2025-01-30 18:18:23,364 INFO c.h.h.t.HelmChartContainer - [hivemq-test-hivemq-platform] [hivemq-platform-operator] [9917e51d] 18:18:23.364 [ReconcilerExecutor-hivemq-controller-53] INFO  c.h.p.o.h.AbstractHiveMQReconcilerStateHandler - [updatelo] Update HiveMQ Platform Status (CREATED [READY] -> STARTING [READY]): HiveMQ Platform is starting
2025-01-30 18:18:23,379 DEBUG com.hivemq.helmcharts.util.K8sUtil - Comparing actual state 'STARTING' and waiting for 'RUNNING'
2025-01-30 18:18:33,470 INFO c.h.h.t.HelmChartContainer - [hivemq-test-hivemq-platform] [hivemq-platform-operator] [9917e51d] 18:18:33.468 [pool-6-thread-12] DEBUG c.h.p.o.d.PlatformServiceResource - [updatelo] Desired Platform services (3 services)
2025-01-30 18:18:33,471 INFO c.h.h.t.HelmChartContainer - [hivemq-test-hivemq-platform] [hivemq-platform-operator] [9917e51d] 18:18:33.470 [pool-6-thread-13] DEBUG c.h.p.o.dependants.PodInfoConfigMap - [updatelo] Desired PodInfo ConfigMap (1 extensions) (1 enabled)
2025-01-30 18:18:33,471 INFO c.h.h.t.HelmChartContainer - [hivemq-test-hivemq-platform] [hivemq-platform-operator] [9917e51d] 18:18:33.470 [pool-6-thread-13] DEBUG c.h.p.o.dependants.PodInfoConfigMap - [updatelo] Desired PodInfo ConfigMap (metrics port: 9399) (metrics path: /)
2025-01-30 18:18:33,471 INFO c.h.h.t.HelmChartContainer - [hivemq-test-hivemq-platform] [hivemq-platform-operator] [9917e51d] 18:18:33.470 [pool-6-thread-13] DEBUG c.h.p.o.dependants.PodInfoConfigMap - [updatelo] Desired PodInfo ConfigMap (extension state hash: -1817474005)
2025-01-30 18:18:33,477 INFO c.h.h.t.HelmChartContainer - [hivemq-test-hivemq-platform] [hivemq-platform-operator] [9917e51d] 18:18:33.474 [pool-6-thread-17] DEBUG c.h.p.o.d.PodServiceAccountResource - [updatelo] Desired PodServiceAccountResource (serviceAccountName: hivemq-platform-pod-test-hivemq-platform)
2025-01-30 18:18:33,481 INFO c.h.h.t.HelmChartContainer - [hivemq-test-hivemq-platform] [hivemq-platform-operator] [9917e51d] 18:18:33.479 [pool-6-thread-13] DEBUG c.h.p.o.dependants.PodInfoConfigMap - [updatelo] Update PodInfo ConfigMap
2025-01-30 18:18:33,487 INFO c.h.h.t.HelmChartContainer - [K3S] [alloc.go:330] "allocated clusterIPs" service="updateloglevelit/hivemq-test-hivemq-platform-cc-8080" clusterIPs={"IPv4":"10.43.95.123"}
2025-01-30 18:18:33,575 INFO c.h.h.t.HelmChartContainer - [K3S] [alloc.go:330] "allocated clusterIPs" service="updateloglevelit/hivemq-test-hivemq-platform-metrics-9399" clusterIPs={"IPv4":"10.43.32.77"}
2025-01-30 18:18:33,669 INFO c.h.h.t.HelmChartContainer - [K3S] [alloc.go:330] "allocated clusterIPs" service="updateloglevelit/hivemq-test-hivemq-platform-mqtt-1883" clusterIPs={"IPv4":"10.43.116.4"}
2025-01-30 18:18:33,678 INFO c.h.h.t.HelmChartContainer - [hivemq-test-hivemq-platform] [hivemq-platform-operator] [9917e51d] 18:18:33.677 [pool-6-thread-20] DEBUG c.h.p.o.d.StatefulSetResource - [updatelo] Desired StatefulSet (1 replicas) for status STARTING (READY)
2025-01-30 18:18:33,773 INFO c.h.h.t.HelmChartContainer - [hivemq-test-hivemq-platform] [hivemq-platform-operator] [9917e51d] 18:18:33.771 [pool-6-thread-20] DEBUG c.h.p.o.d.StatefulSetResource - [updatelo] Create StatefulSet
2025-01-30 18:18:33,799 INFO c.h.h.t.HelmChartContainer - [POD] test-hivemq-platform-0 [92c66a0d-ab80-457e-b70d-af1bf623f3c4] in updateloglevelit was ADDED
2025-01-30 18:18:33,800 INFO c.h.h.t.HelmChartContainer - [EVENT] Normal [SuccessfulCreate] create Pod test-hivemq-platform-0 in StatefulSet test-hivemq-platform successful [updateloglevelit:test-hivemq-platform]
2025-01-30 18:18:33,804 INFO c.h.h.t.HelmChartContainer - [POD] test-hivemq-platform-0 [92c66a0d-ab80-457e-b70d-af1bf623f3c4] in updateloglevelit was MODIFIED
2025-01-30 18:18:33,806 INFO c.h.h.t.HelmChartContainer - [EVENT] Normal [Scheduled] Successfully assigned updateloglevelit/test-hivemq-platform-0 to 7516e517d64a [updateloglevelit:test-hivemq-platform-0]
2025-01-30 18:18:33,814 INFO c.h.h.t.HelmChartContainer - [POD] test-hivemq-platform-0 [92c66a0d-ab80-457e-b70d-af1bf623f3c4] in updateloglevelit was MODIFIED
2025-01-30 18:18:33,866 INFO c.h.h.t.HelmChartContainer - [hivemq-test-hivemq-platform] [hivemq-platform-operator] [9917e51d] 18:18:33.865 [ReconcilerExecutor-hivemq-controller-64] INFO  c.h.p.o.HiveMQPlatformReconciler - [updatelo] Reconciling HiveMQ Platform 'test-hivemq-platform' in namespace 'updateloglevelit'
2025-01-30 18:18:33,868 INFO c.h.h.t.HelmChartContainer - [hivemq-test-hivemq-platform] [hivemq-platform-operator] [9917e51d] 18:18:33.865 [ReconcilerExecutor-hivemq-controller-64] DEBUG c.h.p.o.HiveMQPlatformReconciler - [updatelo] Custom Resource Status STARTING - HiveMQ Platform is starting (READY)
2025-01-30 18:18:33,868 INFO c.h.h.t.HelmChartContainer - [hivemq-test-hivemq-platform] [hivemq-platform-operator] [9917e51d] 18:18:33.865 [ReconcilerExecutor-hivemq-controller-64] DEBUG c.h.p.o.HiveMQPlatformReconciler - [updatelo] Custom Resource Spec (replicas: 1) (extensions: 1)
2025-01-30 18:18:33,869 INFO c.h.h.t.HelmChartContainer - [hivemq-test-hivemq-platform] [hivemq-platform-operator] [9917e51d] 18:18:33.867 [ReconcilerExecutor-hivemq-controller-64] DEBUG c.h.p.o.HiveMQPlatformReconciler - [updatelo] StatefulSet Status (revision: null, replicas: 0, available: 0, ready: 0, current: 0, updated: 0)
2025-01-30 18:18:33,869 INFO c.h.h.t.HelmChartContainer - [hivemq-test-hivemq-platform] [hivemq-platform-operator] [9917e51d] 18:18:33.868 [ReconcilerExecutor-hivemq-controller-64] DEBUG c.h.p.o.HiveMQPlatformReconciler - [updatelo] StatefulSet Spec (replicas: 1, init containers: 1, containers: 1, volumes: 3)
2025-01-30 18:18:33,875 INFO c.h.h.t.HelmChartContainer - [K3S] [reconciler_common.go:251] "operationExecutor.VerifyControllerAttachedVolume started for volume \"broker-configuration\" (UniqueName: \"kubernetes.io/configmap/92c66a0d-ab80-457e-b70d-af1bf623f3c4-broker-configuration\") pod \"test-hivemq-platform-0\" (UID: \"92c66a0d-ab80-457e-b70d-af1bf623f3c4\") " pod="updateloglevelit/test-hivemq-platform-0"
2025-01-30 18:18:33,875 INFO c.h.h.t.HelmChartContainer - [K3S] [reconciler_common.go:251] "operationExecutor.VerifyControllerAttachedVolume started for volume \"pod-info\" (UniqueName: \"kubernetes.io/configmap/92c66a0d-ab80-457e-b70d-af1bf623f3c4-pod-info\") pod \"test-hivemq-platform-0\" (UID: \"92c66a0d-ab80-457e-b70d-af1bf623f3c4\") " pod="updateloglevelit/test-hivemq-platform-0"
2025-01-30 18:18:33,875 INFO c.h.h.t.HelmChartContainer - [K3S] [reconciler_common.go:251] "operationExecutor.VerifyControllerAttachedVolume started for volume \"operator-init\" (UniqueName: \"kubernetes.io/empty-dir/92c66a0d-ab80-457e-b70d-af1bf623f3c4-operator-init\") pod \"test-hivemq-platform-0\" (UID: \"92c66a0d-ab80-457e-b70d-af1bf623f3c4\") " pod="updateloglevelit/test-hivemq-platform-0"
2025-01-30 18:18:33,875 INFO c.h.h.t.HelmChartContainer - [K3S] [reconciler_common.go:251] "operationExecutor.VerifyControllerAttachedVolume started for volume \"kube-api-access-q74tz\" (UniqueName: \"kubernetes.io/projected/92c66a0d-ab80-457e-b70d-af1bf623f3c4-kube-api-access-q74tz\") pod \"test-hivemq-platform-0\" (UID: \"92c66a0d-ab80-457e-b70d-af1bf623f3c4\") " pod="updateloglevelit/test-hivemq-platform-0"
2025-01-30 18:18:33,876 INFO c.h.h.t.HelmChartContainer - [hivemq-test-hivemq-platform] [hivemq-platform-operator] [9917e51d] 18:18:33.874 [ReconcilerExecutor-hivemq-controller-64] INFO  c.h.p.o.h.HiveMQPlatformReconcilerBaseHandler - [updatelo] HiveMQ Platform is starting, 0 of 1 replicas are ready
2025-01-30 18:18:33,970 INFO c.h.h.t.HelmChartContainer - [hivemq-test-hivemq-platform] [hivemq-platform-operator] [9917e51d] 18:18:33.966 [pool-6-thread-22] DEBUG c.h.p.o.d.PlatformServiceResource - [updatelo] Desired Platform services (3 services)
2025-01-30 18:18:33,970 INFO c.h.h.t.HelmChartContainer - [hivemq-test-hivemq-platform] [hivemq-platform-operator] [9917e51d] 18:18:33.967 [pool-6-thread-23] DEBUG c.h.p.o.dependants.PodInfoConfigMap - [updatelo] Desired PodInfo ConfigMap (1 extensions) (1 enabled)
2025-01-30 18:18:33,970 INFO c.h.h.t.HelmChartContainer - [hivemq-test-hivemq-platform] [hivemq-platform-operator] [9917e51d] 18:18:33.968 [pool-6-thread-23] DEBUG c.h.p.o.dependants.PodInfoConfigMap - [updatelo] Desired PodInfo ConfigMap (metrics port: 9399) (metrics path: /)
2025-01-30 18:18:33,970 INFO c.h.h.t.HelmChartContainer - [hivemq-test-hivemq-platform] [hivemq-platform-operator] [9917e51d] 18:18:33.968 [pool-6-thread-23] DEBUG c.h.p.o.dependants.PodInfoConfigMap - [updatelo] Desired PodInfo ConfigMap (extension state hash: -1817474005)
2025-01-30 18:18:33,972 INFO c.h.h.t.HelmChartContainer - [hivemq-test-hivemq-platform] [hivemq-platform-operator] [9917e51d] 18:18:33.971 [pool-6-thread-27] DEBUG c.h.p.o.d.PodServiceAccountResource - [updatelo] Desired PodServiceAccountResource (serviceAccountName: hivemq-platform-pod-test-hivemq-platform)
2025-01-30 18:18:34,071 INFO c.h.h.t.HelmChartContainer - [hivemq-test-hivemq-platform] [hivemq-platform-operator] [9917e51d] 18:18:34.069 [pool-6-thread-30] DEBUG c.h.p.o.d.StatefulSetResource - [updatelo] Desired StatefulSet (1 replicas) for status STARTING (READY)
2025-01-30 18:18:34,078 INFO c.h.h.t.HelmChartContainer - [hivemq-test-hivemq-platform] [hivemq-platform-operator] [9917e51d] 18:18:34.076 [ReconcilerExecutor-hivemq-controller-76] INFO  c.h.p.o.HiveMQPlatformReconciler - [updatelo] Reconciling HiveMQ Platform 'test-hivemq-platform' in namespace 'updateloglevelit'
2025-01-30 18:18:34,078 INFO c.h.h.t.HelmChartContainer - [hivemq-test-hivemq-platform] [hivemq-platform-operator] [9917e51d] 18:18:34.076 [ReconcilerExecutor-hivemq-controller-76] DEBUG c.h.p.o.HiveMQPlatformReconciler - [updatelo] Custom Resource Status STARTING - HiveMQ Platform is starting (READY)
2025-01-30 18:18:34,078 INFO c.h.h.t.HelmChartContainer - [hivemq-test-hivemq-platform] [hivemq-platform-operator] [9917e51d] 18:18:34.076 [ReconcilerExecutor-hivemq-controller-76] DEBUG c.h.p.o.HiveMQPlatformReconciler - [updatelo] Custom Resource Spec (replicas: 1) (extensions: 1)
2025-01-30 18:18:34,080 INFO c.h.h.t.HelmChartContainer - [hivemq-test-hivemq-platform] [hivemq-platform-operator] [9917e51d] 18:18:34.079 [ReconcilerExecutor-hivemq-controller-76] DEBUG c.h.p.o.HiveMQPlatformReconciler - [updatelo] StatefulSet Status (revision: test-hivemq-platform-b697f795f, replicas: 1, available: 0, ready: 0, current: 1, updated: 1)
2025-01-30 18:18:34,080 INFO c.h.h.t.HelmChartContainer - [hivemq-test-hivemq-platform] [hivemq-platform-operator] [9917e51d] 18:18:34.080 [ReconcilerExecutor-hivemq-controller-76] DEBUG c.h.p.o.HiveMQPlatformReconciler - [updatelo] StatefulSet Spec (replicas: 1, init containers: 1, containers: 1, volumes: 3)
2025-01-30 18:18:34,172 INFO c.h.h.t.HelmChartContainer - [hivemq-test-hivemq-platform] [hivemq-platform-operator] [9917e51d] 18:18:34.171 [ReconcilerExecutor-hivemq-controller-76] DEBUG c.h.p.o.h.HiveMQPlatformReconcilerErrorHandler - [updatelo] Pod 'test-hivemq-platform-0' phase Pending
2025-01-30 18:18:34,174 INFO c.h.h.t.HelmChartContainer - [hivemq-test-hivemq-platform] [hivemq-platform-operator] [9917e51d] 18:18:34.173 [ReconcilerExecutor-hivemq-controller-76] DEBUG c.h.p.o.h.HiveMQPlatformReconcilerErrorHandler - [updatelo] Pod 'test-hivemq-platform-0' condition 'PodReadyToStartContainers': False
2025-01-30 18:18:34,175 INFO c.h.h.t.HelmChartContainer - [hivemq-test-hivemq-platform] [hivemq-platform-operator] [9917e51d] 18:18:34.174 [ReconcilerExecutor-hivemq-controller-76] DEBUG c.h.p.o.h.HiveMQPlatformReconcilerErrorHandler - [updatelo] Pod 'test-hivemq-platform-0' condition 'Initialized': False
2025-01-30 18:18:34,176 INFO c.h.h.t.HelmChartContainer - [hivemq-test-hivemq-platform] [hivemq-platform-operator] [9917e51d] 18:18:34.174 [ReconcilerExecutor-hivemq-controller-76] DEBUG c.h.p.o.h.HiveMQPlatformReconcilerErrorHandler - [updatelo] Pod 'test-hivemq-platform-0' condition 'Ready': False
2025-01-30 18:18:34,176 INFO c.h.h.t.HelmChartContainer - [hivemq-test-hivemq-platform] [hivemq-platform-operator] [9917e51d] 18:18:34.175 [ReconcilerExecutor-hivemq-controller-76] DEBUG c.h.p.o.h.HiveMQPlatformReconcilerErrorHandler - [updatelo] Pod 'test-hivemq-platform-0' condition 'ContainersReady': False
2025-01-30 18:18:34,176 INFO c.h.h.t.HelmChartContainer - [hivemq-test-hivemq-platform] [hivemq-platform-operator] [9917e51d] 18:18:34.175 [ReconcilerExecutor-hivemq-controller-76] DEBUG c.h.p.o.h.HiveMQPlatformReconcilerErrorHandler - [updatelo] Pod 'test-hivemq-platform-0' condition 'PodScheduled': True
2025-01-30 18:18:34,176 INFO c.h.h.t.HelmChartContainer - [hivemq-test-hivemq-platform] [hivemq-platform-operator] [9917e51d] 18:18:34.175 [ReconcilerExecutor-hivemq-controller-76] DEBUG c.h.p.o.h.HiveMQPlatformReconcilerErrorHandler - [updatelo] Pod 'test-hivemq-platform-0' containerStatus 'hivemq' (started: false) (ready: false) (waiting: [PodInitializing] null)
2025-01-30 18:18:34,180 INFO c.h.h.t.HelmChartContainer - [hivemq-test-hivemq-platform] [hivemq-platform-operator] [9917e51d] 18:18:34.177 [ReconcilerExecutor-hivemq-controller-76] INFO  c.h.p.o.h.HiveMQPlatformReconcilerBaseHandler - [updatelo] HiveMQ Platform is starting, 0 of 1 replicas are ready
2025-01-30 18:18:34,186 INFO c.h.h.t.HelmChartContainer - [hivemq-test-hivemq-platform] [hivemq-platform-operator] [9917e51d] 18:18:34.185 [pool-6-thread-32] DEBUG c.h.p.o.d.PlatformServiceResource - [updatelo] Desired Platform services (3 services)
2025-01-30 18:18:34,195 INFO c.h.h.t.HelmChartContainer - [EVENT] Normal [Pulled] Container image "docker.io/hivemq/hivemq-platform-operator-init-test:snapshot" already present on machine [updateloglevelit:test-hivemq-platform-0]
2025-01-30 18:18:34,269 INFO c.h.h.t.HelmChartContainer - [hivemq-test-hivemq-platform] [hivemq-platform-operator] [9917e51d] 18:18:34.264 [pool-6-thread-33] DEBUG c.h.p.o.dependants.PodInfoConfigMap - [updatelo] Desired PodInfo ConfigMap (1 extensions) (1 enabled)
2025-01-30 18:18:34,269 INFO c.h.h.t.HelmChartContainer - [hivemq-test-hivemq-platform] [hivemq-platform-operator] [9917e51d] 18:18:34.265 [pool-6-thread-33] DEBUG c.h.p.o.dependants.PodInfoConfigMap - [updatelo] Desired PodInfo ConfigMap (metrics port: 9399) (metrics path: /)
2025-01-30 18:18:34,269 INFO c.h.h.t.HelmChartContainer - [hivemq-test-hivemq-platform] [hivemq-platform-operator] [9917e51d] 18:18:34.265 [pool-6-thread-33] DEBUG c.h.p.o.dependants.PodInfoConfigMap - [updatelo] Desired PodInfo ConfigMap (extension state hash: -1817474005)
2025-01-30 18:18:34,269 INFO c.h.h.t.HelmChartContainer - [hivemq-test-hivemq-platform] [hivemq-platform-operator] [9917e51d] 18:18:34.269 [pool-6-thread-37] DEBUG c.h.p.o.d.PodServiceAccountResource - [updatelo] Desired PodServiceAccountResource (serviceAccountName: hivemq-platform-pod-test-hivemq-platform)
2025-01-30 18:18:34,278 INFO c.h.h.t.HelmChartContainer - [hivemq-test-hivemq-platform] [hivemq-platform-operator] [9917e51d] 18:18:34.277 [pool-6-thread-40] DEBUG c.h.p.o.d.StatefulSetResource - [updatelo] Desired StatefulSet (1 replicas) for status STARTING (READY)
2025-01-30 18:18:34,309 INFO c.h.h.t.HelmChartContainer - [EVENT] Normal [Created] Created container: hivemq-platform-operator-init [updateloglevelit:test-hivemq-platform-0]
2025-01-30 18:18:34,345 INFO c.h.h.t.HelmChartContainer - [EVENT] Normal [Started] Started container hivemq-platform-operator-init [updateloglevelit:test-hivemq-platform-0]
2025-01-30 18:18:34,364 INFO c.h.h.t.HelmChartContainer - [hivemq-test-hivemq-platform] [hivemq-platform-operator] [9917e51d] 18:18:34.363 [ReconcilerExecutor-hivemq-controller-87] INFO  c.h.p.o.HiveMQPlatformReconciler - [updatelo] Reconciling HiveMQ Platform 'test-hivemq-platform' in namespace 'updateloglevelit'
2025-01-30 18:18:34,365 INFO c.h.h.t.HelmChartContainer - [hivemq-test-hivemq-platform] [hivemq-platform-operator] [9917e51d] 18:18:34.363 [ReconcilerExecutor-hivemq-controller-87] DEBUG c.h.p.o.HiveMQPlatformReconciler - [updatelo] Custom Resource Status STARTING - HiveMQ Platform is starting (READY)
2025-01-30 18:18:34,366 INFO c.h.h.t.HelmChartContainer - [hivemq-test-hivemq-platform] [hivemq-platform-operator] [9917e51d] 18:18:34.363 [ReconcilerExecutor-hivemq-controller-87] DEBUG c.h.p.o.HiveMQPlatformReconciler - [updatelo] Custom Resource Spec (replicas: 1) (extensions: 1)
2025-01-30 18:18:34,367 INFO c.h.h.t.HelmChartContainer - [hivemq-test-hivemq-platform] [hivemq-platform-operator] [9917e51d] 18:18:34.366 [ReconcilerExecutor-hivemq-controller-87] DEBUG c.h.p.o.HiveMQPlatformReconciler - [updatelo] StatefulSet Status (revision: test-hivemq-platform-b697f795f, replicas: 1, available: 0, ready: 0, current: 1, updated: 1)
2025-01-30 18:18:34,367 INFO c.h.h.t.HelmChartContainer - [hivemq-test-hivemq-platform] [hivemq-platform-operator] [9917e51d] 18:18:34.366 [ReconcilerExecutor-hivemq-controller-87] DEBUG c.h.p.o.HiveMQPlatformReconciler - [updatelo] StatefulSet Spec (replicas: 1, init containers: 1, containers: 1, volumes: 3)
2025-01-30 18:18:34,370 INFO c.h.h.t.HelmChartContainer - [hivemq-test-hivemq-platform] [hivemq-platform-operator] [9917e51d] 18:18:34.367 [ReconcilerExecutor-hivemq-controller-87] DEBUG c.h.p.o.h.HiveMQPlatformReconcilerErrorHandler - [updatelo] Pod 'test-hivemq-platform-0' phase Pending
2025-01-30 18:18:34,370 INFO c.h.h.t.HelmChartContainer - [hivemq-test-hivemq-platform] [hivemq-platform-operator] [9917e51d] 18:18:34.368 [ReconcilerExecutor-hivemq-controller-87] DEBUG c.h.p.o.h.HiveMQPlatformReconcilerErrorHandler - [updatelo] Pod 'test-hivemq-platform-0' condition 'PodReadyToStartContainers': False
2025-01-30 18:18:34,370 INFO c.h.h.t.HelmChartContainer - [hivemq-test-hivemq-platform] [hivemq-platform-operator] [9917e51d] 18:18:34.368 [ReconcilerExecutor-hivemq-controller-87] DEBUG c.h.p.o.h.HiveMQPlatformReconcilerErrorHandler - [updatelo] Pod 'test-hivemq-platform-0' condition 'Initialized': False
2025-01-30 18:18:34,370 INFO c.h.h.t.HelmChartContainer - [hivemq-test-hivemq-platform] [hivemq-platform-operator] [9917e51d] 18:18:34.368 [ReconcilerExecutor-hivemq-controller-87] DEBUG c.h.p.o.h.HiveMQPlatformReconcilerErrorHandler - [updatelo] Pod 'test-hivemq-platform-0' condition 'Ready': False
2025-01-30 18:18:34,370 INFO c.h.h.t.HelmChartContainer - [hivemq-test-hivemq-platform] [hivemq-platform-operator] [9917e51d] 18:18:34.368 [ReconcilerExecutor-hivemq-controller-87] DEBUG c.h.p.o.h.HiveMQPlatformReconcilerErrorHandler - [updatelo] Pod 'test-hivemq-platform-0' condition 'ContainersReady': False
2025-01-30 18:18:34,370 INFO c.h.h.t.HelmChartContainer - [hivemq-test-hivemq-platform] [hivemq-platform-operator] [9917e51d] 18:18:34.368 [ReconcilerExecutor-hivemq-controller-87] DEBUG c.h.p.o.h.HiveMQPlatformReconcilerErrorHandler - [updatelo] Pod 'test-hivemq-platform-0' condition 'PodScheduled': True
2025-01-30 18:18:34,370 INFO c.h.h.t.HelmChartContainer - [hivemq-test-hivemq-platform] [hivemq-platform-operator] [9917e51d] 18:18:34.368 [ReconcilerExecutor-hivemq-controller-87] DEBUG c.h.p.o.h.HiveMQPlatformReconcilerErrorHandler - [updatelo] Pod 'test-hivemq-platform-0' containerStatus 'hivemq' (started: false) (ready: false) (waiting: [PodInitializing] null)
2025-01-30 18:18:34,370 INFO c.h.h.t.HelmChartContainer - [hivemq-test-hivemq-platform] [hivemq-platform-operator] [9917e51d] 18:18:34.369 [ReconcilerExecutor-hivemq-controller-87] INFO  c.h.p.o.h.HiveMQPlatformReconcilerBaseHandler - [updatelo] HiveMQ Platform is starting, 0 of 1 replicas are ready
2025-01-30 18:18:35,124 INFO c.h.h.t.HelmChartContainer - [POD] test-hivemq-platform-0 [92c66a0d-ab80-457e-b70d-af1bf623f3c4] in updateloglevelit was MODIFIED
2025-01-30 18:18:35,139 INFO c.h.h.t.HelmChartContainer - [hivemq-test-hivemq-platform] [hivemq-platform-operator] [9917e51d] 18:18:35.133 [pool-6-thread-42] DEBUG c.h.p.o.d.PlatformServiceResource - [updatelo] Desired Platform services (3 services)
2025-01-30 18:18:35,139 INFO c.h.h.t.HelmChartContainer - [hivemq-test-hivemq-platform] [hivemq-platform-operator] [9917e51d] 18:18:35.136 [pool-6-thread-43] DEBUG c.h.p.o.dependants.PodInfoConfigMap - [updatelo] Desired PodInfo ConfigMap (1 extensions) (1 enabled)
2025-01-30 18:18:35,139 INFO c.h.h.t.HelmChartContainer - [hivemq-test-hivemq-platform] [hivemq-platform-operator] [9917e51d] 18:18:35.136 [pool-6-thread-43] DEBUG c.h.p.o.dependants.PodInfoConfigMap - [updatelo] Desired PodInfo ConfigMap (metrics port: 9399) (metrics path: /)
2025-01-30 18:18:35,139 INFO c.h.h.t.HelmChartContainer - [hivemq-test-hivemq-platform] [hivemq-platform-operator] [9917e51d] 18:18:35.136 [pool-6-thread-43] DEBUG c.h.p.o.dependants.PodInfoConfigMap - [updatelo] Desired PodInfo ConfigMap (extension state hash: -1817474005)
2025-01-30 18:18:35,148 INFO c.h.h.t.HelmChartContainer - [hivemq-test-hivemq-platform] [hivemq-platform-operator] [9917e51d] 18:18:35.146 [pool-6-thread-47] DEBUG c.h.p.o.d.PodServiceAccountResource - [updatelo] Desired PodServiceAccountResource (serviceAccountName: hivemq-platform-pod-test-hivemq-platform)
2025-01-30 18:18:35,166 INFO c.h.h.t.HelmChartContainer - [hivemq-test-hivemq-platform] [hivemq-platform-operator] [9917e51d] 18:18:35.164 [pool-6-thread-50] DEBUG c.h.p.o.d.StatefulSetResource - [updatelo] Desired StatefulSet (1 replicas) for status STARTING (READY)
2025-01-30 18:18:35,170 INFO c.h.h.t.HelmChartContainer - [hivemq-test-hivemq-platform] [hivemq-platform-operator] [9917e51d] 18:18:35.168 [ReconcilerExecutor-hivemq-controller-98] INFO  c.h.p.o.HiveMQPlatformReconciler - [updatelo] Reconciling HiveMQ Platform 'test-hivemq-platform' in namespace 'updateloglevelit'
2025-01-30 18:18:35,170 INFO c.h.h.t.HelmChartContainer - [hivemq-test-hivemq-platform] [hivemq-platform-operator] [9917e51d] 18:18:35.169 [ReconcilerExecutor-hivemq-controller-98] DEBUG c.h.p.o.HiveMQPlatformReconciler - [updatelo] Custom Resource Status STARTING - HiveMQ Platform is starting (READY)
2025-01-30 18:18:35,170 INFO c.h.h.t.HelmChartContainer - [hivemq-test-hivemq-platform] [hivemq-platform-operator] [9917e51d] 18:18:35.169 [ReconcilerExecutor-hivemq-controller-98] DEBUG c.h.p.o.HiveMQPlatformReconciler - [updatelo] Custom Resource Spec (replicas: 1) (extensions: 1)
2025-01-30 18:18:35,172 INFO c.h.h.t.HelmChartContainer - [hivemq-test-hivemq-platform] [hivemq-platform-operator] [9917e51d] 18:18:35.171 [ReconcilerExecutor-hivemq-controller-98] DEBUG c.h.p.o.HiveMQPlatformReconciler - [updatelo] StatefulSet Status (revision: test-hivemq-platform-b697f795f, replicas: 1, available: 0, ready: 0, current: 1, updated: 1)
2025-01-30 18:18:35,172 INFO c.h.h.t.HelmChartContainer - [hivemq-test-hivemq-platform] [hivemq-platform-operator] [9917e51d] 18:18:35.171 [ReconcilerExecutor-hivemq-controller-98] DEBUG c.h.p.o.HiveMQPlatformReconciler - [updatelo] StatefulSet Spec (replicas: 1, init containers: 1, containers: 1, volumes: 3)
2025-01-30 18:18:35,175 INFO c.h.h.t.HelmChartContainer - [hivemq-test-hivemq-platform] [hivemq-platform-operator] [9917e51d] 18:18:35.174 [ReconcilerExecutor-hivemq-controller-98] DEBUG c.h.p.o.h.HiveMQPlatformReconcilerErrorHandler - [updatelo] Pod 'test-hivemq-platform-0' phase Pending
2025-01-30 18:18:35,175 INFO c.h.h.t.HelmChartContainer - [hivemq-test-hivemq-platform] [hivemq-platform-operator] [9917e51d] 18:18:35.174 [ReconcilerExecutor-hivemq-controller-98] DEBUG c.h.p.o.h.HiveMQPlatformReconcilerErrorHandler - [updatelo] Pod 'test-hivemq-platform-0' condition 'PodReadyToStartContainers': True
2025-01-30 18:18:35,175 INFO c.h.h.t.HelmChartContainer - [hivemq-test-hivemq-platform] [hivemq-platform-operator] [9917e51d] 18:18:35.174 [ReconcilerExecutor-hivemq-controller-98] DEBUG c.h.p.o.h.HiveMQPlatformReconcilerErrorHandler - [updatelo] Pod 'test-hivemq-platform-0' condition 'Initialized': False
2025-01-30 18:18:35,175 INFO c.h.h.t.HelmChartContainer - [hivemq-test-hivemq-platform] [hivemq-platform-operator] [9917e51d] 18:18:35.174 [ReconcilerExecutor-hivemq-controller-98] DEBUG c.h.p.o.h.HiveMQPlatformReconcilerErrorHandler - [updatelo] Pod 'test-hivemq-platform-0' condition 'Ready': False
2025-01-30 18:18:35,176 INFO c.h.h.t.HelmChartContainer - [hivemq-test-hivemq-platform] [hivemq-platform-operator] [9917e51d] 18:18:35.174 [ReconcilerExecutor-hivemq-controller-98] DEBUG c.h.p.o.h.HiveMQPlatformReconcilerErrorHandler - [updatelo] Pod 'test-hivemq-platform-0' condition 'ContainersReady': False
2025-01-30 18:18:35,176 INFO c.h.h.t.HelmChartContainer - [hivemq-test-hivemq-platform] [hivemq-platform-operator] [9917e51d] 18:18:35.174 [ReconcilerExecutor-hivemq-controller-98] DEBUG c.h.p.o.h.HiveMQPlatformReconcilerErrorHandler - [updatelo] Pod 'test-hivemq-platform-0' condition 'PodScheduled': True
2025-01-30 18:18:35,176 INFO c.h.h.t.HelmChartContainer - [hivemq-test-hivemq-platform] [hivemq-platform-operator] [9917e51d] 18:18:35.174 [ReconcilerExecutor-hivemq-controller-98] DEBUG c.h.p.o.h.HiveMQPlatformReconcilerErrorHandler - [updatelo] Pod 'test-hivemq-platform-0' containerStatus 'hivemq' (started: false) (ready: false) (waiting: [PodInitializing] null)
2025-01-30 18:18:35,176 INFO c.h.h.t.HelmChartContainer - [hivemq-test-hivemq-platform] [hivemq-platform-operator] [9917e51d] 18:18:35.175 [ReconcilerExecutor-hivemq-controller-98] INFO  c.h.p.o.h.HiveMQPlatformReconcilerBaseHandler - [updatelo] HiveMQ Platform is starting, 0 of 1 replicas are ready
2025-01-30 18:18:36,115 INFO c.h.h.t.HelmChartContainer - [EVENT] Normal [Pulled] Container image "docker.io/hivemq/hivemq4:4.36.0" already present on machine [updateloglevelit:test-hivemq-platform-0]
2025-01-30 18:18:36,115 INFO c.h.h.t.HelmChartContainer - Received Pulled event for container hivemq in pod test-hivemq-platform-0 [92c66a0d-ab80-457e-b70d-af1bf623f3c4]
2025-01-30 18:18:36,121 INFO c.h.h.t.HelmChartContainer - [POD] test-hivemq-platform-0 [92c66a0d-ab80-457e-b70d-af1bf623f3c4] in updateloglevelit was MODIFIED
2025-01-30 18:18:36,128 INFO c.h.h.t.HelmChartContainer - [hivemq-test-hivemq-platform] [hivemq-platform-operator] [9917e51d] 18:18:36.127 [pool-6-thread-3] DEBUG c.h.p.o.d.PlatformServiceResource - [updatelo] Desired Platform services (3 services)
2025-01-30 18:18:36,130 INFO c.h.h.t.HelmChartContainer - [hivemq-test-hivemq-platform] [hivemq-platform-operator] [9917e51d] 18:18:36.129 [pool-6-thread-5] DEBUG c.h.p.o.dependants.PodInfoConfigMap - [updatelo] Desired PodInfo ConfigMap (1 extensions) (1 enabled)
2025-01-30 18:18:36,131 INFO c.h.h.t.HelmChartContainer - [hivemq-test-hivemq-platform] [hivemq-platform-operator] [9917e51d] 18:18:36.129 [pool-6-thread-5] DEBUG c.h.p.o.dependants.PodInfoConfigMap - [updatelo] Desired PodInfo ConfigMap (metrics port: 9399) (metrics path: /)
2025-01-30 18:18:36,131 INFO c.h.h.t.HelmChartContainer - [hivemq-test-hivemq-platform] [hivemq-platform-operator] [9917e51d] 18:18:36.130 [pool-6-thread-5] DEBUG c.h.p.o.dependants.PodInfoConfigMap - [updatelo] Desired PodInfo ConfigMap (extension state hash: -1817474005)
2025-01-30 18:18:36,135 INFO c.h.h.t.HelmChartContainer - [hivemq-test-hivemq-platform] [hivemq-platform-operator] [9917e51d] 18:18:36.134 [pool-6-thread-5] DEBUG c.h.p.o.d.PodServiceAccountResource - [updatelo] Desired PodServiceAccountResource (serviceAccountName: hivemq-platform-pod-test-hivemq-platform)
2025-01-30 18:18:36,140 INFO c.h.h.t.HelmChartContainer - [hivemq-test-hivemq-platform] [hivemq-platform-operator] [9917e51d] 18:18:36.136 [pool-6-thread-3] DEBUG c.h.p.o.d.StatefulSetResource - [updatelo] Desired StatefulSet (1 replicas) for status STARTING (READY)
2025-01-30 18:18:36,165 INFO c.h.h.t.HelmChartContainer - [hivemq-test-hivemq-platform] [hivemq-platform-operator] [9917e51d] 18:18:36.162 [ReconcilerExecutor-hivemq-controller-109] INFO  c.h.p.o.HiveMQPlatformReconciler - [updatelo] Reconciling HiveMQ Platform 'test-hivemq-platform' in namespace 'updateloglevelit'
2025-01-30 18:18:36,166 INFO c.h.h.t.HelmChartContainer - [hivemq-test-hivemq-platform] [hivemq-platform-operator] [9917e51d] 18:18:36.163 [ReconcilerExecutor-hivemq-controller-109] DEBUG c.h.p.o.HiveMQPlatformReconciler - [updatelo] Custom Resource Status STARTING - HiveMQ Platform is starting (READY)
2025-01-30 18:18:36,166 INFO c.h.h.t.HelmChartContainer - [hivemq-test-hivemq-platform] [hivemq-platform-operator] [9917e51d] 18:18:36.163 [ReconcilerExecutor-hivemq-controller-109] DEBUG c.h.p.o.HiveMQPlatformReconciler - [updatelo] Custom Resource Spec (replicas: 1) (extensions: 1)
2025-01-30 18:18:36,167 INFO c.h.h.t.HelmChartContainer - [hivemq-test-hivemq-platform] [hivemq-platform-operator] [9917e51d] 18:18:36.165 [ReconcilerExecutor-hivemq-controller-109] DEBUG c.h.p.o.HiveMQPlatformReconciler - [updatelo] StatefulSet Status (revision: test-hivemq-platform-b697f795f, replicas: 1, available: 0, ready: 0, current: 1, updated: 1)
2025-01-30 18:18:36,167 INFO c.h.h.t.HelmChartContainer - [hivemq-test-hivemq-platform] [hivemq-platform-operator] [9917e51d] 18:18:36.165 [ReconcilerExecutor-hivemq-controller-109] DEBUG c.h.p.o.HiveMQPlatformReconciler - [updatelo] StatefulSet Spec (replicas: 1, init containers: 1, containers: 1, volumes: 3)
2025-01-30 18:18:36,169 INFO c.h.h.t.HelmChartContainer - [hivemq-test-hivemq-platform] [hivemq-platform-operator] [9917e51d] 18:18:36.168 [ReconcilerExecutor-hivemq-controller-109] DEBUG c.h.p.o.h.HiveMQPlatformReconcilerErrorHandler - [updatelo] Pod 'test-hivemq-platform-0' phase Pending
2025-01-30 18:18:36,170 INFO c.h.h.t.HelmChartContainer - [hivemq-test-hivemq-platform] [hivemq-platform-operator] [9917e51d] 18:18:36.168 [ReconcilerExecutor-hivemq-controller-109] DEBUG c.h.p.o.h.HiveMQPlatformReconcilerErrorHandler - [updatelo] Pod 'test-hivemq-platform-0' condition 'PodReadyToStartContainers': True
2025-01-30 18:18:36,170 INFO c.h.h.t.HelmChartContainer - [hivemq-test-hivemq-platform] [hivemq-platform-operator] [9917e51d] 18:18:36.168 [ReconcilerExecutor-hivemq-controller-109] DEBUG c.h.p.o.h.HiveMQPlatformReconcilerErrorHandler - [updatelo] Pod 'test-hivemq-platform-0' condition 'Initialized': True
2025-01-30 18:18:36,170 INFO c.h.h.t.HelmChartContainer - [hivemq-test-hivemq-platform] [hivemq-platform-operator] [9917e51d] 18:18:36.168 [ReconcilerExecutor-hivemq-controller-109] DEBUG c.h.p.o.h.HiveMQPlatformReconcilerErrorHandler - [updatelo] Pod 'test-hivemq-platform-0' condition 'Ready': False
2025-01-30 18:18:36,170 INFO c.h.h.t.HelmChartContainer - [hivemq-test-hivemq-platform] [hivemq-platform-operator] [9917e51d] 18:18:36.168 [ReconcilerExecutor-hivemq-controller-109] DEBUG c.h.p.o.h.HiveMQPlatformReconcilerErrorHandler - [updatelo] Pod 'test-hivemq-platform-0' condition 'ContainersReady': False
2025-01-30 18:18:36,170 INFO c.h.h.t.HelmChartContainer - [hivemq-test-hivemq-platform] [hivemq-platform-operator] [9917e51d] 18:18:36.168 [ReconcilerExecutor-hivemq-controller-109] DEBUG c.h.p.o.h.HiveMQPlatformReconcilerErrorHandler - [updatelo] Pod 'test-hivemq-platform-0' condition 'PodScheduled': True
2025-01-30 18:18:36,170 INFO c.h.h.t.HelmChartContainer - [hivemq-test-hivemq-platform] [hivemq-platform-operator] [9917e51d] 18:18:36.168 [ReconcilerExecutor-hivemq-controller-109] DEBUG c.h.p.o.h.HiveMQPlatformReconcilerErrorHandler - [updatelo] Pod 'test-hivemq-platform-0' containerStatus 'hivemq' (started: false) (ready: false) (waiting: [PodInitializing] null)
2025-01-30 18:18:36,170 INFO c.h.h.t.HelmChartContainer - [hivemq-test-hivemq-platform] [hivemq-platform-operator] [9917e51d] 18:18:36.169 [ReconcilerExecutor-hivemq-controller-109] INFO  c.h.p.o.h.HiveMQPlatformReconcilerBaseHandler - [updatelo] HiveMQ Platform is starting, 0 of 1 replicas are ready
2025-01-30 18:18:37,490 INFO c.h.h.t.HelmChartContainer - [EVENT] Normal [Created] Created container: hivemq [updateloglevelit:test-hivemq-platform-0]
2025-01-30 18:18:37,490 INFO c.h.h.t.HelmChartContainer - Received Created event for container hivemq in pod test-hivemq-platform-0 [92c66a0d-ab80-457e-b70d-af1bf623f3c4]
2025-01-30 18:18:38,126 INFO c.h.h.t.HelmChartContainer - [POD] test-hivemq-platform-0 [92c66a0d-ab80-457e-b70d-af1bf623f3c4] in updateloglevelit was MODIFIED
2025-01-30 18:18:38,138 INFO c.h.h.t.HelmChartContainer - [hivemq-test-hivemq-platform] [hivemq-platform-operator] [9917e51d] 18:18:38.131 [pool-6-thread-11] DEBUG c.h.p.o.d.PlatformServiceResource - [updatelo] Desired Platform services (3 services)
2025-01-30 18:18:38,138 INFO c.h.h.t.HelmChartContainer - [hivemq-test-hivemq-platform] [hivemq-platform-operator] [9917e51d] 18:18:38.134 [pool-6-thread-16] DEBUG c.h.p.o.dependants.PodInfoConfigMap - [updatelo] Desired PodInfo ConfigMap (1 extensions) (1 enabled)
2025-01-30 18:18:38,138 INFO c.h.h.t.HelmChartContainer - [hivemq-test-hivemq-platform] [hivemq-platform-operator] [9917e51d] 18:18:38.135 [pool-6-thread-16] DEBUG c.h.p.o.dependants.PodInfoConfigMap - [updatelo] Desired PodInfo ConfigMap (metrics port: 9399) (metrics path: /)
2025-01-30 18:18:38,138 INFO c.h.h.t.HelmChartContainer - [hivemq-test-hivemq-platform] [hivemq-platform-operator] [9917e51d] 18:18:38.136 [pool-6-thread-16] DEBUG c.h.p.o.dependants.PodInfoConfigMap - [updatelo] Desired PodInfo ConfigMap (extension state hash: -1817474005)
2025-01-30 18:18:38,138 INFO c.h.h.t.HelmChartContainer - Started log watcher for hivemq in pod test-hivemq-platform-0 [92c66a0d-ab80-457e-b70d-af1bf623f3c4]
2025-01-30 18:18:38,139 INFO c.h.h.t.HelmChartContainer - [EVENT] Normal [Started] Started container hivemq [updateloglevelit:test-hivemq-platform-0]
2025-01-30 18:18:38,139 INFO c.h.h.t.HelmChartContainer - Received Started event for container hivemq in pod test-hivemq-platform-0 [92c66a0d-ab80-457e-b70d-af1bf623f3c4]
2025-01-30 18:18:38,139 INFO c.h.h.t.HelmChartContainer - [test-hivemq-platform] [hivemq] [92c66a0d] Adding pre-installed HiveMQ Platform Operator extensions
2025-01-30 18:18:38,139 INFO c.h.h.t.HelmChartContainer - [test-hivemq-platform] [hivemq] [92c66a0d] Running as user 10000
2025-01-30 18:18:38,139 INFO c.h.h.t.HelmChartContainer - [test-hivemq-platform] [hivemq] [92c66a0d] Starting HiveMQ Platform Operator Init
2025-01-30 18:18:38,140 INFO c.h.h.t.HelmChartContainer - [hivemq-test-hivemq-platform] [hivemq-platform-operator] [9917e51d] 18:18:38.138 [pool-6-thread-14] DEBUG c.h.p.o.d.PodServiceAccountResource - [updatelo] Desired PodServiceAccountResource (serviceAccountName: hivemq-platform-pod-test-hivemq-platform)
2025-01-30 18:18:38,147 INFO c.h.h.t.HelmChartContainer - [hivemq-test-hivemq-platform] [hivemq-platform-operator] [9917e51d] 18:18:38.145 [pool-6-thread-11] DEBUG c.h.p.o.d.StatefulSetResource - [updatelo] Desired StatefulSet (1 replicas) for status STARTING (READY)
2025-01-30 18:18:38,165 INFO c.h.h.t.HelmChartContainer - [hivemq-test-hivemq-platform] [hivemq-platform-operator] [9917e51d] 18:18:38.163 [ReconcilerExecutor-hivemq-controller-110] INFO  c.h.p.o.HiveMQPlatformReconciler - [updatelo] Reconciling HiveMQ Platform 'test-hivemq-platform' in namespace 'updateloglevelit'
2025-01-30 18:18:38,165 INFO c.h.h.t.HelmChartContainer - [hivemq-test-hivemq-platform] [hivemq-platform-operator] [9917e51d] 18:18:38.164 [ReconcilerExecutor-hivemq-controller-110] DEBUG c.h.p.o.HiveMQPlatformReconciler - [updatelo] Custom Resource Status STARTING - HiveMQ Platform is starting (READY)
2025-01-30 18:18:38,166 INFO c.h.h.t.HelmChartContainer - [hivemq-test-hivemq-platform] [hivemq-platform-operator] [9917e51d] 18:18:38.165 [ReconcilerExecutor-hivemq-controller-110] DEBUG c.h.p.o.HiveMQPlatformReconciler - [updatelo] Custom Resource Spec (replicas: 1) (extensions: 1)
2025-01-30 18:18:38,170 INFO c.h.h.t.HelmChartContainer - [hivemq-test-hivemq-platform] [hivemq-platform-operator] [9917e51d] 18:18:38.168 [ReconcilerExecutor-hivemq-controller-110] DEBUG c.h.p.o.HiveMQPlatformReconciler - [updatelo] StatefulSet Status (revision: test-hivemq-platform-b697f795f, replicas: 1, available: 0, ready: 0, current: 1, updated: 1)
2025-01-30 18:18:38,170 INFO c.h.h.t.HelmChartContainer - [hivemq-test-hivemq-platform] [hivemq-platform-operator] [9917e51d] 18:18:38.169 [ReconcilerExecutor-hivemq-controller-110] DEBUG c.h.p.o.HiveMQPlatformReconciler - [updatelo] StatefulSet Spec (replicas: 1, init containers: 1, containers: 1, volumes: 3)
2025-01-30 18:18:38,174 INFO c.h.h.t.HelmChartContainer - [hivemq-test-hivemq-platform] [hivemq-platform-operator] [9917e51d] 18:18:38.172 [ReconcilerExecutor-hivemq-controller-110] DEBUG c.h.p.o.h.HiveMQPlatformReconcilerErrorHandler - [updatelo] Pod 'test-hivemq-platform-0' phase Running
2025-01-30 18:18:38,175 INFO c.h.h.t.HelmChartContainer - [hivemq-test-hivemq-platform] [hivemq-platform-operator] [9917e51d] 18:18:38.172 [ReconcilerExecutor-hivemq-controller-110] INFO  c.h.p.o.h.HiveMQPlatformReconcilerBaseHandler - [updatelo] HiveMQ Platform is starting, 0 of 1 replicas are ready
2025-01-30 18:18:38,783 INFO c.h.h.t.HelmChartContainer - [test-hivemq-platform] [hivemq] [92c66a0d] INFO  - [HiveMQ Platform Operator Init 1.7.0-SNAPSHOT] HiveMQ Platform Operator Init 1.7.0-SNAPSHOT (commit: 47e3375 on branch: HEAD) built on Thu Jan 30 03:55:50 UTC 2025
2025-01-30 18:18:39,891 INFO c.h.h.t.HelmChartContainer - [test-hivemq-platform] [hivemq] [92c66a0d] INFO  - [HiveMQ Platform Operator Init App 1.7.0-SNAPSHOT] Using bind address 10.42.0.14 from environment variable
2025-01-30 18:18:40,852 INFO c.h.h.t.HelmChartContainer - [test-hivemq-platform] [hivemq] [92c66a0d] INFO  - [HiveMQ Platform Operator Init App 1.7.0-SNAPSHOT] HiveMQ Platform Operator Init App 1.7.0-SNAPSHOT (commit: 47e3375 on branch: HEAD) built on Thu Jan 30 03:55:50 UTC 2025
2025-01-30 18:18:40,852 INFO c.h.h.t.HelmChartContainer - [test-hivemq-platform] [hivemq] [92c66a0d] INFO  - [HiveMQ Platform Operator Init App 1.7.0-SNAPSHOT] PodInfo ConfigMap directory: /etc/podinfo
2025-01-30 18:18:40,852 INFO c.h.h.t.HelmChartContainer - [test-hivemq-platform] [hivemq] [92c66a0d] INFO  - [HiveMQ Platform Operator Init App 1.7.0-SNAPSHOT] HiveMQ home directory: /opt/hivemq
2025-01-30 18:18:40,852 INFO c.h.h.t.HelmChartContainer - [test-hivemq-platform] [hivemq] [92c66a0d] INFO  - [HiveMQ Platform Operator Init App 1.7.0-SNAPSHOT] HiveMQ Logback folder: /opt/hivemq/conf
2025-01-30 18:18:40,853 INFO c.h.h.t.HelmChartContainer - [test-hivemq-platform] [hivemq] [92c66a0d] INFO  - [HiveMQ Platform Operator Init App 1.7.0-SNAPSHOT] HiveMQ Config folder: /opt/hivemq/conf-k8s
2025-01-30 18:18:40,853 INFO c.h.h.t.HelmChartContainer - [test-hivemq-platform] [hivemq] [92c66a0d] INFO  - [HiveMQ Platform Operator Init App 1.7.0-SNAPSHOT] Starting HiveMQ Platform Operator Init App
2025-01-30 18:18:40,854 INFO c.h.h.t.HelmChartContainer - [test-hivemq-platform] [hivemq] [92c66a0d] INFO  - [HiveMQ Platform Operator Init App 1.7.0-SNAPSHOT] Starting Pod reconciler
2025-01-30 18:18:42,081 INFO c.h.h.t.HelmChartContainer - [test-hivemq-platform] [hivemq] [92c66a0d] INFO  - [HiveMQ Platform Operator Init App 1.7.0-SNAPSHOT] Pod reconciler is scheduled (interval: 5000 ms)
2025-01-30 18:18:42,082 INFO c.h.h.t.HelmChartContainer - [test-hivemq-platform] [hivemq] [92c66a0d] INFO  - [HiveMQ Platform Operator Init App 1.7.0-SNAPSHOT] Starting the REST API on 10.42.0.14:7979
2025-01-30 18:18:42,084 INFO c.h.h.t.HelmChartContainer - [test-hivemq-platform] [hivemq] [92c66a0d] INFO  - [HiveMQ Platform Operator Init App 1.7.0-SNAPSHOT] Waiting up to 600s for at most 1 HiveMQ nodes in cluster service hivemq-test-hivemq-platform-cluster.updateloglevelit.svc
2025-01-30 18:18:42,450 INFO c.h.h.t.HelmChartContainer - [test-hivemq-platform] [hivemq] [92c66a0d] INFO  - [HiveMQ Platform Operator Init App 1.7.0-SNAPSHOT] Resolved 1 IP addresses: [10.42.0.14]
2025-01-30 18:18:42,450 INFO c.h.h.t.HelmChartContainer - [test-hivemq-platform] [hivemq] [92c66a0d] INFO  - [HiveMQ Platform Operator Init App 1.7.0-SNAPSHOT] HiveMQ node count of 1 is within threshold of 1
2025-01-30 18:18:42,450 INFO c.h.h.t.HelmChartContainer - [test-hivemq-platform] [hivemq] [92c66a0d] INFO  - [HiveMQ Platform Operator Init App 1.7.0-SNAPSHOT] Proceeding with container start
2025-01-30 18:18:42,496 INFO c.h.h.t.HelmChartContainer - [test-hivemq-platform] [hivemq] [92c66a0d] INFO  - [HiveMQ Platform Operator Init App 1.7.0-SNAPSHOT] Initializing HiveMQ Platform extensions with initial configuration: {hivemq-allow-all-extension={start-priority=-1, skip-https-hostname-verification=false, restart=true, config-version=0, header-version=0, c-uri=, priority=-1, uri=preinstalled, skip-https-certificate-validation=false, enabled=true}, hivemq-prometheus-extension={restart=true, enabled=true, request-header-path=no-request-headers, uri=preinstalled, skip-https-certificate-validation=false, skip-https-hostname-verification=false, c-uri=, start-priority=-1, priority=-1}}
2025-01-30 18:18:42,975 INFO c.h.h.t.HelmChartContainer - [test-hivemq-platform] [hivemq] [92c66a0d] INFO  - [HiveMQ Platform Operator Init App 1.7.0-SNAPSHOT] Extension hivemq-allow-all-extension was already enabled
2025-01-30 18:18:42,986 INFO c.h.h.t.HelmChartContainer - [test-hivemq-platform] [hivemq] [92c66a0d] INFO  - [HiveMQ Platform Operator Init App 1.7.0-SNAPSHOT] Successfully enabled extension hivemq-prometheus-extension
2025-01-30 18:18:43,049 INFO c.h.h.t.HelmChartContainer - [test-hivemq-platform] [hivemq] [92c66a0d] INFO  - [HiveMQ Platform Operator Init App 1.7.0-SNAPSHOT] Starting HiveMQ Platform version 4.36.0 (4.36.0)
2025-01-30 18:18:43,049 INFO c.h.h.t.HelmChartContainer - [test-hivemq-platform] [hivemq] [92c66a0d] INFO  - [HiveMQ Platform Operator Init App 1.7.0-SNAPSHOT] Configuring the HiveMQ Platform
2025-01-30 18:18:43,080 INFO c.h.h.t.HelmChartContainer - [test-hivemq-platform] [hivemq] [92c66a0d] INFO  - [HiveMQ Platform Operator Init App 1.7.0-SNAPSHOT] Changed logback.xml file scan period to 20 seconds
2025-01-30 18:18:43,177 INFO c.h.h.t.HelmChartContainer - [test-hivemq-platform] [hivemq] [92c66a0d] INFO  - [HiveMQ Platform Operator Init App 1.7.0-SNAPSHOT] Starting the HiveMQ Platform
2025-01-30 18:18:43,180 INFO c.h.h.t.HelmChartContainer - [test-hivemq-platform] [hivemq] [92c66a0d] -------------------------------------------------------------------------
2025-01-30 18:18:43,180 INFO c.h.h.t.HelmChartContainer - [test-hivemq-platform] [hivemq] [92c66a0d] 
2025-01-30 18:18:43,180 INFO c.h.h.t.HelmChartContainer - [test-hivemq-platform] [hivemq] [92c66a0d]                   _    _  _              __  __   ____
2025-01-30 18:18:43,180 INFO c.h.h.t.HelmChartContainer - [test-hivemq-platform] [hivemq] [92c66a0d]                  | |  | |(_)            |  \/  | / __ \
2025-01-30 18:18:43,180 INFO c.h.h.t.HelmChartContainer - [test-hivemq-platform] [hivemq] [92c66a0d]                  | |__| | _ __   __ ___ | \  / || |  | |
2025-01-30 18:18:43,180 INFO c.h.h.t.HelmChartContainer - [test-hivemq-platform] [hivemq] [92c66a0d]                  |  __  || |\ \ / // _ \| |\/| || |  | |
2025-01-30 18:18:43,180 INFO c.h.h.t.HelmChartContainer - [test-hivemq-platform] [hivemq] [92c66a0d]                  | |  | || | \ V /|  __/| |  | || |__| |
2025-01-30 18:18:43,181 INFO c.h.h.t.HelmChartContainer - [test-hivemq-platform] [hivemq] [92c66a0d]                  |_|  |_||_|  \_/  \___||_|  |_| \___\_\
2025-01-30 18:18:43,181 INFO c.h.h.t.HelmChartContainer - [test-hivemq-platform] [hivemq] [92c66a0d] 
2025-01-30 18:18:43,181 INFO c.h.h.t.HelmChartContainer - [test-hivemq-platform] [hivemq] [92c66a0d] -------------------------------------------------------------------------
2025-01-30 18:18:43,181 INFO c.h.h.t.HelmChartContainer - [test-hivemq-platform] [hivemq] [92c66a0d] 
2025-01-30 18:18:43,181 INFO c.h.h.t.HelmChartContainer - [test-hivemq-platform] [hivemq] [92c66a0d]   HiveMQ Start Script for Linux/Unix v1.14
2025-01-30 18:18:43,181 INFO c.h.h.t.HelmChartContainer - [test-hivemq-platform] [hivemq] [92c66a0d] 
2025-01-30 18:18:43,251 INFO c.h.h.t.HelmChartContainer - [test-hivemq-platform] [hivemq] [92c66a0d] -------------------------------------------------------------------------
2025-01-30 18:18:43,251 INFO c.h.h.t.HelmChartContainer - [test-hivemq-platform] [hivemq] [92c66a0d] 
2025-01-30 18:18:43,251 INFO c.h.h.t.HelmChartContainer - [test-hivemq-platform] [hivemq] [92c66a0d]   HIVEMQ_HOME: /opt/hivemq
2025-01-30 18:18:43,251 INFO c.h.h.t.HelmChartContainer - [test-hivemq-platform] [hivemq] [92c66a0d] 
2025-01-30 18:18:43,251 INFO c.h.h.t.HelmChartContainer - [test-hivemq-platform] [hivemq] [92c66a0d]   JAVA_OPTS: -XX:+UnlockExperimentalVMOptions -XX:InitialRAMPercentage=50 -XX:MaxRAMPercentage=50 -Djava.net.preferIPv4Stack=true --add-opens java.base/java.lang=ALL-UNNAMED --add-opens java.base/java.nio=ALL-UNNAMED --add-opens java.base/sun.nio.ch=ALL-UNNAMED --add-opens jdk.management/com.sun.management.internal=ALL-UNNAMED --add-exports java.base/jdk.internal.misc=ALL-UNNAMED -Djava.security.egd=file:/dev/./urandom -Dcom.sun.management.jmxremote -Dcom.sun.management.jmxremote.port=9010 -Dcom.sun.management.jmxremote.local.only=false -Dcom.sun.management.jmxremote.authenticate=false -Dcom.sun.management.jmxremote.ssl=false -Duser.language=en -Duser.region=US -XX:+CrashOnOutOfMemoryError -XX:+HeapDumpOnOutOfMemoryError
2025-01-30 18:18:43,251 INFO c.h.h.t.HelmChartContainer - [test-hivemq-platform] [hivemq] [92c66a0d] 
2025-01-30 18:18:43,251 INFO c.h.h.t.HelmChartContainer - [test-hivemq-platform] [hivemq] [92c66a0d]   JAVA_VERSION: 21
2025-01-30 18:18:43,251 INFO c.h.h.t.HelmChartContainer - [test-hivemq-platform] [hivemq] [92c66a0d] 
2025-01-30 18:18:43,251 INFO c.h.h.t.HelmChartContainer - [test-hivemq-platform] [hivemq] [92c66a0d] -------------------------------------------------------------------------
2025-01-30 18:18:43,252 INFO c.h.h.t.HelmChartContainer - [test-hivemq-platform] [hivemq] [92c66a0d] 
2025-01-30 18:18:44,187 INFO c.h.h.t.HelmChartContainer - [test-hivemq-platform] [hivemq] [92c66a0d] INFO  - [HiveMQ Platform Operator Init App 1.7.0-SNAPSHOT] Returning default Health API response 503 for readiness
2025-01-30 18:18:44,588 INFO c.h.h.t.HelmChartContainer - [EVENT] Warning [Unhealthy] Readiness probe failed: HTTP probe failed with statuscode: 503 [updateloglevelit:test-hivemq-platform-0]
2025-01-30 18:18:44,588 INFO c.h.h.t.HelmChartContainer - Received Unhealthy event for container hivemq in pod test-hivemq-platform-0 [92c66a0d-ab80-457e-b70d-af1bf623f3c4]
2025-01-30 18:18:45,875 INFO c.h.h.t.HelmChartContainer - [test-hivemq-platform] [hivemq] [92c66a0d] INFO  - Starting HiveMQ Enterprise Server
2025-01-30 18:18:45,881 INFO c.h.h.t.HelmChartContainer - [test-hivemq-platform] [hivemq] [92c66a0d] INFO  - HiveMQ version: 4.36.0
2025-01-30 18:18:45,881 INFO c.h.h.t.HelmChartContainer - [test-hivemq-platform] [hivemq] [92c66a0d] INFO  - HiveMQ home directory: /opt/hivemq
2025-01-30 18:18:45,881 INFO c.h.h.t.HelmChartContainer - [test-hivemq-platform] [hivemq] [92c66a0d] INFO  - Log Configuration was overridden by /opt/hivemq/conf/logback.xml
2025-01-30 18:18:47,179 INFO c.h.h.t.HelmChartContainer - [test-hivemq-platform] [hivemq] [92c66a0d] INFO  - Successfully loaded configuration from '/opt/hivemq/conf-k8s/config.xml'.
2025-01-30 18:18:48,076 INFO c.h.h.t.HelmChartContainer - [test-hivemq-platform] [hivemq] [92c66a0d] INFO  - This node's ID is I1XMR
2025-01-30 18:18:48,078 INFO c.h.h.t.HelmChartContainer - [test-hivemq-platform] [hivemq] [92c66a0d] INFO  - Clustering is enabled
2025-01-30 18:18:48,187 INFO c.h.h.t.HelmChartContainer - [hivemq-test-hivemq-platform] [hivemq-platform-operator] [9917e51d] 18:18:48.183 [pool-6-thread-27] DEBUG c.h.p.o.d.PlatformServiceResource - [updatelo] Desired Platform services (3 services)
2025-01-30 18:18:48,187 INFO c.h.h.t.HelmChartContainer - [hivemq-test-hivemq-platform] [hivemq-platform-operator] [9917e51d] 18:18:48.184 [pool-6-thread-25] DEBUG c.h.p.o.dependants.PodInfoConfigMap - [updatelo] Desired PodInfo ConfigMap (1 extensions) (1 enabled)
2025-01-30 18:18:48,187 INFO c.h.h.t.HelmChartContainer - [hivemq-test-hivemq-platform] [hivemq-platform-operator] [9917e51d] 18:18:48.184 [pool-6-thread-25] DEBUG c.h.p.o.dependants.PodInfoConfigMap - [updatelo] Desired PodInfo ConfigMap (metrics port: 9399) (metrics path: /)
2025-01-30 18:18:48,187 INFO c.h.h.t.HelmChartContainer - [hivemq-test-hivemq-platform] [hivemq-platform-operator] [9917e51d] 18:18:48.184 [pool-6-thread-25] DEBUG c.h.p.o.dependants.PodInfoConfigMap - [updatelo] Desired PodInfo ConfigMap (extension state hash: -1817474005)
2025-01-30 18:18:48,188 INFO c.h.h.t.HelmChartContainer - [hivemq-test-hivemq-platform] [hivemq-platform-operator] [9917e51d] 18:18:48.187 [pool-6-thread-25] DEBUG c.h.p.o.d.PodServiceAccountResource - [updatelo] Desired PodServiceAccountResource (serviceAccountName: hivemq-platform-pod-test-hivemq-platform)
2025-01-30 18:18:48,193 INFO c.h.h.t.HelmChartContainer - [hivemq-test-hivemq-platform] [hivemq-platform-operator] [9917e51d] 18:18:48.192 [pool-6-thread-27] DEBUG c.h.p.o.d.StatefulSetResource - [updatelo] Desired StatefulSet (1 replicas) for status STARTING (READY)
2025-01-30 18:18:48,195 INFO c.h.h.t.HelmChartContainer - [hivemq-test-hivemq-platform] [hivemq-platform-operator] [9917e51d] 18:18:48.194 [ReconcilerExecutor-hivemq-controller-111] INFO  c.h.p.o.HiveMQPlatformReconciler - [updatelo] Reconciling HiveMQ Platform 'test-hivemq-platform' in namespace 'updateloglevelit'
2025-01-30 18:18:48,196 INFO c.h.h.t.HelmChartContainer - [hivemq-test-hivemq-platform] [hivemq-platform-operator] [9917e51d] 18:18:48.195 [ReconcilerExecutor-hivemq-controller-111] DEBUG c.h.p.o.HiveMQPlatformReconciler - [updatelo] Custom Resource Status STARTING - HiveMQ Platform is starting (READY)
2025-01-30 18:18:48,196 INFO c.h.h.t.HelmChartContainer - [hivemq-test-hivemq-platform] [hivemq-platform-operator] [9917e51d] 18:18:48.195 [ReconcilerExecutor-hivemq-controller-111] DEBUG c.h.p.o.HiveMQPlatformReconciler - [updatelo] Custom Resource Spec (replicas: 1) (extensions: 1)
2025-01-30 18:18:48,198 INFO c.h.h.t.HelmChartContainer - [hivemq-test-hivemq-platform] [hivemq-platform-operator] [9917e51d] 18:18:48.197 [ReconcilerExecutor-hivemq-controller-111] DEBUG c.h.p.o.HiveMQPlatformReconciler - [updatelo] StatefulSet Status (revision: test-hivemq-platform-b697f795f, replicas: 1, available: 0, ready: 0, current: 1, updated: 1)
2025-01-30 18:18:48,198 INFO c.h.h.t.HelmChartContainer - [hivemq-test-hivemq-platform] [hivemq-platform-operator] [9917e51d] 18:18:48.197 [ReconcilerExecutor-hivemq-controller-111] DEBUG c.h.p.o.HiveMQPlatformReconciler - [updatelo] StatefulSet Spec (replicas: 1, init containers: 1, containers: 1, volumes: 3)
2025-01-30 18:18:48,265 INFO c.h.h.t.HelmChartContainer - [hivemq-test-hivemq-platform] [hivemq-platform-operator] [9917e51d] 18:18:48.263 [ReconcilerExecutor-hivemq-controller-111] DEBUG c.h.p.o.h.HiveMQPlatformReconcilerErrorHandler - [updatelo] Pod 'test-hivemq-platform-0' phase Running
2025-01-30 18:18:48,265 INFO c.h.h.t.HelmChartContainer - [hivemq-test-hivemq-platform] [hivemq-platform-operator] [9917e51d] 18:18:48.264 [ReconcilerExecutor-hivemq-controller-111] INFO  c.h.p.o.h.HiveMQPlatformReconcilerBaseHandler - [updatelo] HiveMQ Platform is starting, 0 of 1 replicas are ready
2025-01-30 18:18:49,679 INFO c.h.h.t.HelmChartContainer - [test-hivemq-platform] [hivemq] [92c66a0d] WARN  - [HiveMQ Platform Operator Init App 1.7.0-SNAPSHOT] Cannot connect to Health API for readiness: null
2025-01-30 18:18:49,683 INFO c.h.h.t.HelmChartContainer - [EVENT] Warning [Unhealthy] Readiness probe failed: HTTP probe failed with statuscode: 503 [updateloglevelit:test-hivemq-platform-0]
2025-01-30 18:18:49,683 INFO c.h.h.t.HelmChartContainer - Received Unhealthy event for container hivemq in pod test-hivemq-platform-0 [92c66a0d-ab80-457e-b70d-af1bf623f3c4]
2025-01-30 18:18:52,454 INFO c.h.h.t.HelmChartContainer - [test-hivemq-platform] [hivemq] [92c66a0d] Jan 30, 2025 6:18:52 PM io.vertx.core.impl.BlockedThreadChecker
2025-01-30 18:18:52,454 INFO c.h.h.t.HelmChartContainer - [test-hivemq-platform] [hivemq] [92c66a0d] WARNING: Thread Thread[vert.x-eventloop-thread-1,5,main] has been blocked for 2224 ms, time limit is 2000 ms
2025-01-30 18:18:53,053 INFO c.h.h.t.HelmChartContainer - [test-hivemq-platform] [hivemq] [92c66a0d] INFO  - [HiveMQ Platform Operator Init App 1.7.0-SNAPSHOT] Updating Pod HiveMQ Platform Operator Init App version annotation (version: 1.7.0-SNAPSHOT)
2025-01-30 18:18:53,690 INFO c.h.h.t.HelmChartContainer - [POD] test-hivemq-platform-0 [92c66a0d-ab80-457e-b70d-af1bf623f3c4] in updateloglevelit was MODIFIED
2025-01-30 18:18:53,695 INFO c.h.h.t.HelmChartContainer - [hivemq-test-hivemq-platform] [hivemq-platform-operator] [9917e51d] 18:18:53.694 [pool-6-thread-37] DEBUG c.h.p.o.d.PlatformServiceResource - [updatelo] Desired Platform services (3 services)
2025-01-30 18:18:53,699 INFO c.h.h.t.HelmChartContainer - [hivemq-test-hivemq-platform] [hivemq-platform-operator] [9917e51d] 18:18:53.694 [pool-6-thread-36] DEBUG c.h.p.o.dependants.PodInfoConfigMap - [updatelo] Desired PodInfo ConfigMap (1 extensions) (1 enabled)
2025-01-30 18:18:53,700 INFO c.h.h.t.HelmChartContainer - [hivemq-test-hivemq-platform] [hivemq-platform-operator] [9917e51d] 18:18:53.698 [pool-6-thread-36] DEBUG c.h.p.o.dependants.PodInfoConfigMap - [updatelo] Desired PodInfo ConfigMap (metrics port: 9399) (metrics path: /)
2025-01-30 18:18:53,700 INFO c.h.h.t.HelmChartContainer - [hivemq-test-hivemq-platform] [hivemq-platform-operator] [9917e51d] 18:18:53.698 [pool-6-thread-36] DEBUG c.h.p.o.dependants.PodInfoConfigMap - [updatelo] Desired PodInfo ConfigMap (extension state hash: -1817474005)
2025-01-30 18:18:53,700 INFO c.h.h.t.HelmChartContainer - [hivemq-test-hivemq-platform] [hivemq-platform-operator] [9917e51d] 18:18:53.695 [pool-6-thread-34] DEBUG c.h.p.o.d.PodServiceAccountResource - [updatelo] Desired PodServiceAccountResource (serviceAccountName: hivemq-platform-pod-test-hivemq-platform)
2025-01-30 18:18:53,702 INFO c.h.h.t.HelmChartContainer - [hivemq-test-hivemq-platform] [hivemq-platform-operator] [9917e51d] 18:18:53.701 [pool-6-thread-37] DEBUG c.h.p.o.d.StatefulSetResource - [updatelo] Desired StatefulSet (1 replicas) for status STARTING (READY)
2025-01-30 18:18:53,707 INFO c.h.h.t.HelmChartContainer - [hivemq-test-hivemq-platform] [hivemq-platform-operator] [9917e51d] 18:18:53.704 [ReconcilerExecutor-hivemq-controller-112] INFO  c.h.p.o.HiveMQPlatformReconciler - [updatelo] Reconciling HiveMQ Platform 'test-hivemq-platform' in namespace 'updateloglevelit'
2025-01-30 18:18:53,708 INFO c.h.h.t.HelmChartContainer - [hivemq-test-hivemq-platform] [hivemq-platform-operator] [9917e51d] 18:18:53.704 [ReconcilerExecutor-hivemq-controller-112] DEBUG c.h.p.o.HiveMQPlatformReconciler - [updatelo] Custom Resource Status STARTING - HiveMQ Platform is starting (READY)
2025-01-30 18:18:53,708 INFO c.h.h.t.HelmChartContainer - [hivemq-test-hivemq-platform] [hivemq-platform-operator] [9917e51d] 18:18:53.704 [ReconcilerExecutor-hivemq-controller-112] DEBUG c.h.p.o.HiveMQPlatformReconciler - [updatelo] Custom Resource Spec (replicas: 1) (extensions: 1)
2025-01-30 18:18:53,708 INFO c.h.h.t.HelmChartContainer - [hivemq-test-hivemq-platform] [hivemq-platform-operator] [9917e51d] 18:18:53.705 [ReconcilerExecutor-hivemq-controller-112] DEBUG c.h.p.o.HiveMQPlatformReconciler - [updatelo] StatefulSet Status (revision: test-hivemq-platform-b697f795f, replicas: 1, available: 0, ready: 0, current: 1, updated: 1)
2025-01-30 18:18:53,708 INFO c.h.h.t.HelmChartContainer - [hivemq-test-hivemq-platform] [hivemq-platform-operator] [9917e51d] 18:18:53.706 [ReconcilerExecutor-hivemq-controller-112] DEBUG c.h.p.o.HiveMQPlatformReconciler - [updatelo] StatefulSet Spec (replicas: 1, init containers: 1, containers: 1, volumes: 3)
2025-01-30 18:18:53,708 INFO c.h.h.t.HelmChartContainer - [hivemq-test-hivemq-platform] [hivemq-platform-operator] [9917e51d] 18:18:53.707 [ReconcilerExecutor-hivemq-controller-112] DEBUG c.h.p.o.h.HiveMQPlatformReconcilerErrorHandler - [updatelo] Pod 'test-hivemq-platform-0' phase Running
2025-01-30 18:18:53,709 INFO c.h.h.t.HelmChartContainer - [hivemq-test-hivemq-platform] [hivemq-platform-operator] [9917e51d] 18:18:53.708 [ReconcilerExecutor-hivemq-controller-112] INFO  c.h.p.o.h.HiveMQPlatformReconcilerBaseHandler - [updatelo] HiveMQ Platform is starting, 0 of 1 replicas are ready
2025-01-30 18:18:53,754 INFO c.h.h.t.HelmChartContainer - [test-hivemq-platform] [hivemq] [92c66a0d] WARN  - [HiveMQ Platform Operator Init App 1.7.0-SNAPSHOT] Cannot connect to Health API for readiness: null
2025-01-30 18:18:53,757 INFO c.h.h.t.HelmChartContainer - [EVENT] Warning [Unhealthy] Readiness probe failed: HTTP probe failed with statuscode: 503 [updateloglevelit:test-hivemq-platform-0]
2025-01-30 18:18:53,758 INFO c.h.h.t.HelmChartContainer - Received Unhealthy event for container hivemq in pod test-hivemq-platform-0 [92c66a0d-ab80-457e-b70d-af1bf623f3c4]
2025-01-30 18:18:53,778 INFO c.h.h.t.HelmChartContainer - [test-hivemq-platform] [hivemq] [92c66a0d] INFO  - [HiveMQ Platform Operator Init App 1.7.0-SNAPSHOT] Successfully updated Pod HiveMQ Platform Operator Init App version annotation (version: 1.7.0-SNAPSHOT)
2025-01-30 18:18:58,752 INFO c.h.h.t.HelmChartContainer - [test-hivemq-platform] [hivemq] [92c66a0d] WARN  - [HiveMQ Platform Operator Init App 1.7.0-SNAPSHOT] Cannot connect to Health API for readiness: null
2025-01-30 18:18:58,757 INFO c.h.h.t.HelmChartContainer - [EVENT] Warning [Unhealthy] Readiness probe failed: HTTP probe failed with statuscode: 503 [updateloglevelit:test-hivemq-platform-0]
2025-01-30 18:18:58,757 INFO c.h.h.t.HelmChartContainer - Received Unhealthy event for container hivemq in pod test-hivemq-platform-0 [92c66a0d-ab80-457e-b70d-af1bf623f3c4]
2025-01-30 18:19:03,716 INFO c.h.h.t.HelmChartContainer - [hivemq-test-hivemq-platform] [hivemq-platform-operator] [9917e51d] 18:19:03.712 [pool-6-thread-47] DEBUG c.h.p.o.d.PlatformServiceResource - [updatelo] Desired Platform services (3 services)
2025-01-30 18:19:03,717 INFO c.h.h.t.HelmChartContainer - [hivemq-test-hivemq-platform] [hivemq-platform-operator] [9917e51d] 18:19:03.713 [pool-6-thread-46] DEBUG c.h.p.o.dependants.PodInfoConfigMap - [updatelo] Desired PodInfo ConfigMap (1 extensions) (1 enabled)
2025-01-30 18:19:03,717 INFO c.h.h.t.HelmChartContainer - [hivemq-test-hivemq-platform] [hivemq-platform-operator] [9917e51d] 18:19:03.715 [pool-6-thread-46] DEBUG c.h.p.o.dependants.PodInfoConfigMap - [updatelo] Desired PodInfo ConfigMap (metrics port: 9399) (metrics path: /)
2025-01-30 18:19:03,717 INFO c.h.h.t.HelmChartContainer - [hivemq-test-hivemq-platform] [hivemq-platform-operator] [9917e51d] 18:19:03.715 [pool-6-thread-46] DEBUG c.h.p.o.dependants.PodInfoConfigMap - [updatelo] Desired PodInfo ConfigMap (extension state hash: -1817474005)
2025-01-30 18:19:03,717 INFO c.h.h.t.HelmChartContainer - [hivemq-test-hivemq-platform] [hivemq-platform-operator] [9917e51d] 18:19:03.715 [pool-6-thread-44] DEBUG c.h.p.o.d.PodServiceAccountResource - [updatelo] Desired PodServiceAccountResource (serviceAccountName: hivemq-platform-pod-test-hivemq-platform)
2025-01-30 18:19:03,720 INFO c.h.h.t.HelmChartContainer - [hivemq-test-hivemq-platform] [hivemq-platform-operator] [9917e51d] 18:19:03.719 [pool-6-thread-43] DEBUG c.h.p.o.d.StatefulSetResource - [updatelo] Desired StatefulSet (1 replicas) for status STARTING (READY)
2025-01-30 18:19:03,725 INFO c.h.h.t.HelmChartContainer - [hivemq-test-hivemq-platform] [hivemq-platform-operator] [9917e51d] 18:19:03.723 [ReconcilerExecutor-hivemq-controller-113] INFO  c.h.p.o.HiveMQPlatformReconciler - [updatelo] Reconciling HiveMQ Platform 'test-hivemq-platform' in namespace 'updateloglevelit'
2025-01-30 18:19:03,725 INFO c.h.h.t.HelmChartContainer - [hivemq-test-hivemq-platform] [hivemq-platform-operator] [9917e51d] 18:19:03.723 [ReconcilerExecutor-hivemq-controller-113] DEBUG c.h.p.o.HiveMQPlatformReconciler - [updatelo] Custom Resource Status STARTING - HiveMQ Platform is starting (READY)
2025-01-30 18:19:03,725 INFO c.h.h.t.HelmChartContainer - [hivemq-test-hivemq-platform] [hivemq-platform-operator] [9917e51d] 18:19:03.723 [ReconcilerExecutor-hivemq-controller-113] DEBUG c.h.p.o.HiveMQPlatformReconciler - [updatelo] Custom Resource Spec (replicas: 1) (extensions: 1)
2025-01-30 18:19:03,726 INFO c.h.h.t.HelmChartContainer - [hivemq-test-hivemq-platform] [hivemq-platform-operator] [9917e51d] 18:19:03.724 [ReconcilerExecutor-hivemq-controller-113] DEBUG c.h.p.o.HiveMQPlatformReconciler - [updatelo] StatefulSet Status (revision: test-hivemq-platform-b697f795f, replicas: 1, available: 0, ready: 0, current: 1, updated: 1)
2025-01-30 18:19:03,727 INFO c.h.h.t.HelmChartContainer - [hivemq-test-hivemq-platform] [hivemq-platform-operator] [9917e51d] 18:19:03.724 [ReconcilerExecutor-hivemq-controller-113] DEBUG c.h.p.o.HiveMQPlatformReconciler - [updatelo] StatefulSet Spec (replicas: 1, init containers: 1, containers: 1, volumes: 3)
2025-01-30 18:19:03,754 INFO c.h.h.t.HelmChartContainer - [test-hivemq-platform] [hivemq] [92c66a0d] WARN  - [HiveMQ Platform Operator Init App 1.7.0-SNAPSHOT] Cannot connect to Health API for readiness: null
2025-01-30 18:19:03,759 INFO c.h.h.t.HelmChartContainer - [EVENT] Warning [Unhealthy] Readiness probe failed: HTTP probe failed with statuscode: 503 [updateloglevelit:test-hivemq-platform-0]
2025-01-30 18:19:03,759 INFO c.h.h.t.HelmChartContainer - Received Unhealthy event for container hivemq in pod test-hivemq-platform-0 [92c66a0d-ab80-457e-b70d-af1bf623f3c4]
2025-01-30 18:19:03,771 INFO c.h.h.t.HelmChartContainer - [hivemq-test-hivemq-platform] [hivemq-platform-operator] [9917e51d] 18:19:03.769 [ReconcilerExecutor-hivemq-controller-113] DEBUG c.h.p.o.h.HiveMQPlatformReconcilerErrorHandler - [updatelo] Pod 'test-hivemq-platform-0' phase Running
2025-01-30 18:19:03,771 INFO c.h.h.t.HelmChartContainer - [hivemq-test-hivemq-platform] [hivemq-platform-operator] [9917e51d] 18:19:03.770 [ReconcilerExecutor-hivemq-controller-113] INFO  c.h.p.o.h.HiveMQPlatformReconcilerBaseHandler - [updatelo] HiveMQ Platform is starting, 0 of 1 replicas are ready
2025-01-30 18:19:04,150 INFO c.h.h.t.HelmChartContainer - [test-hivemq-platform] [hivemq] [92c66a0d] WARN  - [HiveMQ Platform Operator Init App 1.7.0-SNAPSHOT] Cannot connect to Health API for liveness: null
2025-01-30 18:19:04,150 INFO c.h.h.t.HelmChartContainer - [test-hivemq-platform] [hivemq] [92c66a0d] INFO  - [HiveMQ Platform Operator Init App 1.7.0-SNAPSHOT] Returning default Health API response 200 for liveness
2025-01-30 18:19:05,579 INFO c.h.h.t.HelmChartContainer - [test-hivemq-platform] [hivemq] [92c66a0d] INFO  - No valid license file found. Using trial license, restricted to 25 connections.
2025-01-30 18:19:08,752 INFO c.h.h.t.HelmChartContainer - [test-hivemq-platform] [hivemq] [92c66a0d] WARN  - [HiveMQ Platform Operator Init App 1.7.0-SNAPSHOT] Cannot connect to Health API for readiness: null
2025-01-30 18:19:08,756 INFO c.h.h.t.HelmChartContainer - [EVENT] Warning [Unhealthy] Readiness probe failed: HTTP probe failed with statuscode: 503 [updateloglevelit:test-hivemq-platform-0]
2025-01-30 18:19:08,756 INFO c.h.h.t.HelmChartContainer - Received Unhealthy event for container hivemq in pod test-hivemq-platform-0 [92c66a0d-ab80-457e-b70d-af1bf623f3c4]
2025-01-30 18:19:08,857 INFO c.h.h.t.HelmChartContainer - [test-hivemq-platform] [hivemq] [92c66a0d] INFO  - No valid license file for Data Hub found. Using free license, restricted to 1 policy.
2025-01-30 18:19:10,177 INFO c.h.h.t.HelmChartContainer - [test-hivemq-platform] [hivemq] [92c66a0d] INFO  - Audit Logger started.
2025-01-30 18:19:10,461 INFO c.h.h.t.HelmChartContainer - [test-hivemq-platform] [hivemq] [92c66a0d] INFO  - This node uses '1' CPU cores.
2025-01-30 18:19:10,465 INFO c.h.h.t.HelmChartContainer - [test-hivemq-platform] [hivemq] [92c66a0d] INFO  - Starting HiveMQ Health API on address 0.0.0.0 and port 8889
2025-01-30 18:19:11,256 INFO c.h.h.t.HelmChartContainer - [test-hivemq-platform] [hivemq] [92c66a0d] INFO  - Started HiveMQ Health API in 790ms
2025-01-30 18:19:12,058 INFO c.h.h.t.HelmChartContainer - [test-hivemq-platform] [hivemq] [92c66a0d] INFO  - Starting HiveMQ extension system.
2025-01-30 18:19:12,350 INFO c.h.h.t.HelmChartContainer - [test-hivemq-platform] [hivemq] [92c66a0d] INFO  - Starting extension with id "hivemq-dns-cluster-discovery" at /opt/hivemq/extensions/hivemq-dns-cluster-discovery
2025-01-30 18:19:12,778 INFO c.h.h.t.HelmChartContainer - [test-hivemq-platform] [hivemq] [92c66a0d] INFO  - Extension "DNS Cluster Discovery Extension" version 4.3.2 started successfully.
2025-01-30 18:19:12,778 INFO c.h.h.t.HelmChartContainer - [test-hivemq-platform] [hivemq] [92c66a0d] INFO  - Starting extension with id "hivemq-prometheus-extension" at /opt/hivemq/extensions/hivemq-prometheus-extension
2025-01-30 18:19:12,849 INFO c.h.h.t.HelmChartContainer - [test-hivemq-platform] [hivemq] [92c66a0d] INFO  - Using TCP cluster transport on address 10.42.0.14 and port 7000
2025-01-30 18:19:12,876 INFO c.h.h.t.HelmChartContainer - [test-hivemq-platform] [hivemq] [92c66a0d] INFO  - Using extension cluster discovery
2025-01-30 18:19:13,778 INFO c.h.h.t.HelmChartContainer - [hivemq-test-hivemq-platform] [hivemq-platform-operator] [9917e51d] 18:19:13.774 [pool-6-thread-2] DEBUG c.h.p.o.d.PlatformServiceResource - [updatelo] Desired Platform services (3 services)
2025-01-30 18:19:13,778 INFO c.h.h.t.HelmChartContainer - [hivemq-test-hivemq-platform] [hivemq-platform-operator] [9917e51d] 18:19:13.774 [pool-6-thread-4] DEBUG c.h.p.o.dependants.PodInfoConfigMap - [updatelo] Desired PodInfo ConfigMap (1 extensions) (1 enabled)
2025-01-30 18:19:13,780 INFO c.h.h.t.HelmChartContainer - [hivemq-test-hivemq-platform] [hivemq-platform-operator] [9917e51d] 18:19:13.776 [pool-6-thread-4] DEBUG c.h.p.o.dependants.PodInfoConfigMap - [updatelo] Desired PodInfo ConfigMap (metrics port: 9399) (metrics path: /)
2025-01-30 18:19:13,781 INFO c.h.h.t.HelmChartContainer - [hivemq-test-hivemq-platform] [hivemq-platform-operator] [9917e51d] 18:19:13.780 [pool-6-thread-4] DEBUG c.h.p.o.dependants.PodInfoConfigMap - [updatelo] Desired PodInfo ConfigMap (extension state hash: -1817474005)
2025-01-30 18:19:13,783 INFO c.h.h.t.HelmChartContainer - [hivemq-test-hivemq-platform] [hivemq-platform-operator] [9917e51d] 18:19:13.778 [pool-6-thread-6] DEBUG c.h.p.o.d.PodServiceAccountResource - [updatelo] Desired PodServiceAccountResource (serviceAccountName: hivemq-platform-pod-test-hivemq-platform)
2025-01-30 18:19:13,788 INFO c.h.h.t.HelmChartContainer - [hivemq-test-hivemq-platform] [hivemq-platform-operator] [9917e51d] 18:19:13.787 [pool-6-thread-4] DEBUG c.h.p.o.d.StatefulSetResource - [updatelo] Desired StatefulSet (1 replicas) for status STARTING (READY)
2025-01-30 18:19:13,793 INFO c.h.h.t.HelmChartContainer - [hivemq-test-hivemq-platform] [hivemq-platform-operator] [9917e51d] 18:19:13.791 [ReconcilerExecutor-hivemq-controller-114] INFO  c.h.p.o.HiveMQPlatformReconciler - [updatelo] Reconciling HiveMQ Platform 'test-hivemq-platform' in namespace 'updateloglevelit'
2025-01-30 18:19:13,794 INFO c.h.h.t.HelmChartContainer - [hivemq-test-hivemq-platform] [hivemq-platform-operator] [9917e51d] 18:19:13.791 [ReconcilerExecutor-hivemq-controller-114] DEBUG c.h.p.o.HiveMQPlatformReconciler - [updatelo] Custom Resource Status STARTING - HiveMQ Platform is starting (READY)
2025-01-30 18:19:13,795 INFO c.h.h.t.HelmChartContainer - [hivemq-test-hivemq-platform] [hivemq-platform-operator] [9917e51d] 18:19:13.791 [ReconcilerExecutor-hivemq-controller-114] DEBUG c.h.p.o.HiveMQPlatformReconciler - [updatelo] Custom Resource Spec (replicas: 1) (extensions: 1)
2025-01-30 18:19:13,795 INFO c.h.h.t.HelmChartContainer - [hivemq-test-hivemq-platform] [hivemq-platform-operator] [9917e51d] 18:19:13.793 [ReconcilerExecutor-hivemq-controller-114] DEBUG c.h.p.o.HiveMQPlatformReconciler - [updatelo] StatefulSet Status (revision: test-hivemq-platform-b697f795f, replicas: 1, available: 0, ready: 0, current: 1, updated: 1)
2025-01-30 18:19:13,795 INFO c.h.h.t.HelmChartContainer - [hivemq-test-hivemq-platform] [hivemq-platform-operator] [9917e51d] 18:19:13.793 [ReconcilerExecutor-hivemq-controller-114] DEBUG c.h.p.o.HiveMQPlatformReconciler - [updatelo] StatefulSet Spec (replicas: 1, init containers: 1, containers: 1, volumes: 3)
2025-01-30 18:19:13,795 INFO c.h.h.t.HelmChartContainer - [hivemq-test-hivemq-platform] [hivemq-platform-operator] [9917e51d] 18:19:13.794 [ReconcilerExecutor-hivemq-controller-114] DEBUG c.h.p.o.h.HiveMQPlatformReconcilerErrorHandler - [updatelo] Pod 'test-hivemq-platform-0' phase Running
2025-01-30 18:19:13,795 INFO c.h.h.t.HelmChartContainer - [hivemq-test-hivemq-platform] [hivemq-platform-operator] [9917e51d] 18:19:13.795 [ReconcilerExecutor-hivemq-controller-114] INFO  c.h.p.o.h.HiveMQPlatformReconcilerBaseHandler - [updatelo] HiveMQ Platform is starting, 0 of 1 replicas are ready
2025-01-30 18:19:13,950 INFO c.h.h.t.HelmChartContainer - [test-hivemq-platform] [hivemq] [92c66a0d] INFO  - Started Jetty Server exposing Prometheus Servlet on URI http://0.0.0.0:9399/
2025-01-30 18:19:13,950 INFO c.h.h.t.HelmChartContainer - [test-hivemq-platform] [hivemq] [92c66a0d] INFO  - Extension "Prometheus Monitoring Extension" version 4.0.12 started successfully.
2025-01-30 18:19:13,950 INFO c.h.h.t.HelmChartContainer - [test-hivemq-platform] [hivemq] [92c66a0d] INFO  - Starting extension with id "hivemq-allow-all-extension" at /opt/hivemq/extensions/hivemq-allow-all-extension
2025-01-30 18:19:13,950 INFO c.h.h.t.HelmChartContainer - [test-hivemq-platform] [hivemq] [92c66a0d] WARN  - 
2025-01-30 18:19:13,950 INFO c.h.h.t.HelmChartContainer - [test-hivemq-platform] [hivemq] [92c66a0d] ################################################################################################################
2025-01-30 18:19:13,950 INFO c.h.h.t.HelmChartContainer - [test-hivemq-platform] [hivemq] [92c66a0d] # This HiveMQ deployment is not secure! You are lacking Authentication and Authorization.                      #
2025-01-30 18:19:13,950 INFO c.h.h.t.HelmChartContainer - [test-hivemq-platform] [hivemq] [92c66a0d] # Right now any MQTT client can connect to the broker with a full set of permissions.                          #
2025-01-30 18:19:13,951 INFO c.h.h.t.HelmChartContainer - [test-hivemq-platform] [hivemq] [92c66a0d] # For production usage, add an appropriate security extension and remove the hivemq-allow-all extension.       #
2025-01-30 18:19:13,951 INFO c.h.h.t.HelmChartContainer - [test-hivemq-platform] [hivemq] [92c66a0d] # You can download security extensions from the HiveMQ Marketplace (https://www.hivemq.com/extensions/).       #
2025-01-30 18:19:13,951 INFO c.h.h.t.HelmChartContainer - [test-hivemq-platform] [hivemq] [92c66a0d] ################################################################################################################
2025-01-30 18:19:13,951 INFO c.h.h.t.HelmChartContainer - [test-hivemq-platform] [hivemq] [92c66a0d] INFO  - Extension "Allow All Extension" version 1.1.1 started successfully.
2025-01-30 18:19:14,360 INFO c.h.h.t.HelmChartContainer - [test-hivemq-platform] [hivemq] [92c66a0d] INFO  - [HiveMQ Platform Operator Init App 1.7.0-SNAPSHOT] Returning Health API response 503 for readiness
2025-01-30 18:19:14,364 INFO c.h.h.t.HelmChartContainer - [EVENT] Warning [Unhealthy] Readiness probe failed: HTTP probe failed with statuscode: 503 [updateloglevelit:test-hivemq-platform-0]
2025-01-30 18:19:14,364 INFO c.h.h.t.HelmChartContainer - Received Unhealthy event for container hivemq in pod test-hivemq-platform-0 [92c66a0d-ab80-457e-b70d-af1bf623f3c4]
2025-01-30 18:19:15,951 INFO c.h.h.t.HelmChartContainer - [test-hivemq-platform] [hivemq] [92c66a0d] INFO  - I1XMR: no members discovered after 2402 ms: creating cluster as first member
2025-01-30 18:19:15,957 INFO c.h.h.t.HelmChartContainer - [test-hivemq-platform] [hivemq] [92c66a0d] INFO  - Cluster nodes found by discovery: [I1XMR|0] (1) [I1XMR].
2025-01-30 18:19:15,975 INFO c.h.h.t.HelmChartContainer - [test-hivemq-platform] [hivemq] [92c66a0d] WARN  - No user for HiveMQ Control Center configured. Starting with default user
2025-01-30 18:19:15,975 INFO c.h.h.t.HelmChartContainer - [test-hivemq-platform] [hivemq] [92c66a0d] INFO  - Starting HiveMQ Control Center on address 0.0.0.0 and port 8080
2025-01-30 18:19:16,049 INFO c.h.h.t.HelmChartContainer - [test-hivemq-platform] [hivemq] [92c66a0d] INFO  - Mounting HiveMQ Control Center V2 Preview
2025-01-30 18:19:16,654 INFO c.h.h.t.HelmChartContainer - [test-hivemq-platform] [hivemq] [92c66a0d] INFO  - Started HiveMQ Control Center in 679ms
2025-01-30 18:19:16,748 INFO c.h.h.t.HelmChartContainer - [test-hivemq-platform] [hivemq] [92c66a0d] INFO  - Starting TCP listener on address 0.0.0.0 and port 1883
2025-01-30 18:19:16,767 INFO c.h.h.t.HelmChartContainer - [test-hivemq-platform] [hivemq] [92c66a0d] INFO  - Started TCP Listener on address 0.0.0.0 and on port 1883.
2025-01-30 18:19:16,767 INFO c.h.h.t.HelmChartContainer - [test-hivemq-platform] [hivemq] [92c66a0d] INFO  - Started HiveMQ in 31215ms
2025-01-30 18:19:18,693 INFO c.h.h.t.HelmChartContainer - [test-hivemq-platform] [hivemq] [92c66a0d] INFO  - [HiveMQ Platform Operator Init App 1.7.0-SNAPSHOT] Returning Health API response 200 for readiness
2025-01-30 18:19:18,708 INFO c.h.h.t.HelmChartContainer - [POD] test-hivemq-platform-0 [92c66a0d-ab80-457e-b70d-af1bf623f3c4] in updateloglevelit was MODIFIED
2025-01-30 18:19:18,718 INFO c.h.h.t.HelmChartContainer - [hivemq-test-hivemq-platform] [hivemq-platform-operator] [9917e51d] 18:19:18.712 [pool-6-thread-17] DEBUG c.h.p.o.d.PlatformServiceResource - [updatelo] Desired Platform services (3 services)
2025-01-30 18:19:18,729 INFO c.h.h.t.HelmChartContainer - [hivemq-test-hivemq-platform] [hivemq-platform-operator] [9917e51d] 18:19:18.714 [pool-6-thread-15] DEBUG c.h.p.o.dependants.PodInfoConfigMap - [updatelo] Desired PodInfo ConfigMap (1 extensions) (1 enabled)
2025-01-30 18:19:18,729 INFO c.h.h.t.HelmChartContainer - [hivemq-test-hivemq-platform] [hivemq-platform-operator] [9917e51d] 18:19:18.714 [pool-6-thread-15] DEBUG c.h.p.o.dependants.PodInfoConfigMap - [updatelo] Desired PodInfo ConfigMap (metrics port: 9399) (metrics path: /)
2025-01-30 18:19:18,729 INFO c.h.h.t.HelmChartContainer - [hivemq-test-hivemq-platform] [hivemq-platform-operator] [9917e51d] 18:19:18.714 [pool-6-thread-15] DEBUG c.h.p.o.dependants.PodInfoConfigMap - [updatelo] Desired PodInfo ConfigMap (extension state hash: -1817474005)
2025-01-30 18:19:18,729 INFO c.h.h.t.HelmChartContainer - [hivemq-test-hivemq-platform] [hivemq-platform-operator] [9917e51d] 18:19:18.720 [pool-6-thread-15] DEBUG c.h.p.o.d.PodServiceAccountResource - [updatelo] Desired PodServiceAccountResource (serviceAccountName: hivemq-platform-pod-test-hivemq-platform)
2025-01-30 18:19:18,729 INFO c.h.h.t.HelmChartContainer - [hivemq-test-hivemq-platform] [hivemq-platform-operator] [9917e51d] 18:19:18.724 [pool-6-thread-19] DEBUG c.h.p.o.d.StatefulSetResource - [updatelo] Desired StatefulSet (1 replicas) for status STARTING (READY)
2025-01-30 18:19:18,765 INFO c.h.h.t.HelmChartContainer - [hivemq-test-hivemq-platform] [hivemq-platform-operator] [9917e51d] 18:19:18.764 [ReconcilerExecutor-hivemq-controller-115] INFO  c.h.p.o.HiveMQPlatformReconciler - [updatelo] Reconciling HiveMQ Platform 'test-hivemq-platform' in namespace 'updateloglevelit'
2025-01-30 18:19:18,766 INFO c.h.h.t.HelmChartContainer - [hivemq-test-hivemq-platform] [hivemq-platform-operator] [9917e51d] 18:19:18.764 [ReconcilerExecutor-hivemq-controller-115] DEBUG c.h.p.o.HiveMQPlatformReconciler - [updatelo] Custom Resource Status STARTING - HiveMQ Platform is starting (READY)
2025-01-30 18:19:18,766 INFO c.h.h.t.HelmChartContainer - [hivemq-test-hivemq-platform] [hivemq-platform-operator] [9917e51d] 18:19:18.764 [ReconcilerExecutor-hivemq-controller-115] DEBUG c.h.p.o.HiveMQPlatformReconciler - [updatelo] Custom Resource Spec (replicas: 1) (extensions: 1)
2025-01-30 18:19:18,767 INFO c.h.h.t.HelmChartContainer - [hivemq-test-hivemq-platform] [hivemq-platform-operator] [9917e51d] 18:19:18.766 [ReconcilerExecutor-hivemq-controller-115] DEBUG c.h.p.o.HiveMQPlatformReconciler - [updatelo] StatefulSet Status (revision: test-hivemq-platform-b697f795f, replicas: 1, available: 1, ready: 1, current: 1, updated: 1)
2025-01-30 18:19:18,767 INFO c.h.h.t.HelmChartContainer - [hivemq-test-hivemq-platform] [hivemq-platform-operator] [9917e51d] 18:19:18.766 [ReconcilerExecutor-hivemq-controller-115] DEBUG c.h.p.o.HiveMQPlatformReconciler - [updatelo] StatefulSet Spec (replicas: 1, init containers: 1, containers: 1, volumes: 3)
2025-01-30 18:19:18,768 INFO c.h.h.t.HelmChartContainer - [hivemq-test-hivemq-platform] [hivemq-platform-operator] [9917e51d] 18:19:18.767 [ReconcilerExecutor-hivemq-controller-115] DEBUG c.h.p.o.h.HiveMQPlatformReconcilerErrorHandler - [updatelo] Pod 'test-hivemq-platform-0' phase Running
2025-01-30 18:19:18,769 INFO c.h.h.t.HelmChartContainer - [hivemq-test-hivemq-platform] [hivemq-platform-operator] [9917e51d] 18:19:18.768 [ReconcilerExecutor-hivemq-controller-115] INFO  c.h.p.o.h.HiveMQPlatformReconcilerBaseHandler - [updatelo] HiveMQ Platform started successfully
2025-01-30 18:19:18,786 INFO c.h.h.t.HelmChartContainer - [hivemq-test-hivemq-platform] [hivemq-platform-operator] [9917e51d] 18:19:18.785 [ReconcilerExecutor-hivemq-controller-115] DEBUG c.h.p.operator.event.EventSender - [updatelo] Creating K8s event hivemq-platform-ready: [Ready] HiveMQ Platform is ready
2025-01-30 18:19:18,867 INFO c.h.h.t.HelmChartContainer - [EVENT] Normal [Ready] HiveMQ Platform is ready [updateloglevelit:test-hivemq-platform]
2025-01-30 18:19:18,868 INFO c.h.h.t.HelmChartContainer - [hivemq-test-hivemq-platform] [hivemq-platform-operator] [9917e51d] 18:19:18.867 [ReconcilerExecutor-hivemq-controller-115] INFO  c.h.p.o.h.AbstractHiveMQReconcilerStateHandler - [updatelo] Update HiveMQ Platform Status (STARTING [READY] -> RUNNING [READY]): HiveMQ Platform is ready
2025-01-30 18:19:18,875 DEBUG com.hivemq.helmcharts.util.K8sUtil - Comparing actual state 'RUNNING' and waiting for 'RUNNING'
2025-01-30 18:19:18,881 INFO c.h.h.t.HelmChartContainer - [hivemq-test-hivemq-platform] [hivemq-platform-operator] [9917e51d] 18:19:18.880 [pool-6-thread-26] DEBUG c.h.p.o.d.PlatformServiceResource - [updatelo] Desired Platform services (3 services)
2025-01-30 18:19:18,883 INFO c.h.h.t.HelmChartContainer - [hivemq-test-hivemq-platform] [hivemq-platform-operator] [9917e51d] 18:19:18.882 [pool-6-thread-29] DEBUG c.h.p.o.d.PodServiceAccountResource - [updatelo] Desired PodServiceAccountResource (serviceAccountName: hivemq-platform-pod-test-hivemq-platform)
2025-01-30 18:19:18,884 INFO c.h.h.t.HelmChartContainer - [hivemq-test-hivemq-platform] [hivemq-platform-operator] [9917e51d] 18:19:18.882 [pool-6-thread-25] DEBUG c.h.p.o.dependants.PodInfoConfigMap - [updatelo] Desired PodInfo ConfigMap (1 extensions) (1 enabled)
2025-01-30 18:19:18,885 INFO c.h.h.t.HelmChartContainer - [hivemq-test-hivemq-platform] [hivemq-platform-operator] [9917e51d] 18:19:18.883 [pool-6-thread-25] DEBUG c.h.p.o.dependants.PodInfoConfigMap - [updatelo] Desired PodInfo ConfigMap (metrics port: 9399) (metrics path: /)
2025-01-30 18:19:18,885 INFO c.h.h.t.HelmChartContainer - [hivemq-test-hivemq-platform] [hivemq-platform-operator] [9917e51d] 18:19:18.883 [pool-6-thread-25] DEBUG c.h.p.o.dependants.PodInfoConfigMap - [updatelo] Desired PodInfo ConfigMap (extension state hash: -1817474005)
2025-01-30 18:19:18,886 INFO c.h.h.t.HelmChartContainer - [hivemq-test-hivemq-platform] [hivemq-platform-operator] [9917e51d] 18:19:18.885 [pool-6-thread-25] DEBUG c.h.p.o.dependants.PodInfoConfigMap - [updatelo] Update PodInfo ConfigMap
2025-01-30 18:19:18,972 INFO c.h.h.t.HelmChartContainer - [hivemq-test-hivemq-platform] [hivemq-platform-operator] [9917e51d] 18:19:18.970 [pool-6-thread-25] DEBUG c.h.p.o.d.StatefulSetResource - [updatelo] Desired StatefulSet (1 replicas) for status RUNNING (READY)
2025-01-30 18:19:18,975 INFO c.h.h.t.HelmChartContainer - [hivemq-test-hivemq-platform] [hivemq-platform-operator] [9917e51d] 18:19:18.974 [ReconcilerExecutor-hivemq-controller-116] INFO  c.h.p.o.HiveMQPlatformReconciler - [updatelo] Reconciling HiveMQ Platform 'test-hivemq-platform' in namespace 'updateloglevelit'
2025-01-30 18:19:18,976 INFO c.h.h.t.HelmChartContainer - [hivemq-test-hivemq-platform] [hivemq-platform-operator] [9917e51d] 18:19:18.975 [ReconcilerExecutor-hivemq-controller-116] DEBUG c.h.p.o.HiveMQPlatformReconciler - [updatelo] Custom Resource Status RUNNING - HiveMQ Platform is ready (READY)
2025-01-30 18:19:18,976 INFO c.h.h.t.HelmChartContainer - [hivemq-test-hivemq-platform] [hivemq-platform-operator] [9917e51d] 18:19:18.975 [ReconcilerExecutor-hivemq-controller-116] DEBUG c.h.p.o.HiveMQPlatformReconciler - [updatelo] Custom Resource Spec (replicas: 1) (extensions: 1)
2025-01-30 18:19:18,977 INFO c.h.h.t.HelmChartContainer - [hivemq-test-hivemq-platform] [hivemq-platform-operator] [9917e51d] 18:19:18.976 [ReconcilerExecutor-hivemq-controller-116] DEBUG c.h.p.o.HiveMQPlatformReconciler - [updatelo] StatefulSet Status (revision: test-hivemq-platform-b697f795f, replicas: 1, available: 1, ready: 1, current: 1, updated: 1)
2025-01-30 18:19:18,977 INFO c.h.h.t.HelmChartContainer - [hivemq-test-hivemq-platform] [hivemq-platform-operator] [9917e51d] 18:19:18.976 [ReconcilerExecutor-hivemq-controller-116] DEBUG c.h.p.o.HiveMQPlatformReconciler - [updatelo] StatefulSet Spec (replicas: 1, init containers: 1, containers: 1, volumes: 3)
2025-01-30 18:19:18,978 INFO c.h.h.t.HelmChartContainer - [hivemq-test-hivemq-platform] [hivemq-platform-operator] [9917e51d] 18:19:18.977 [ReconcilerExecutor-hivemq-controller-116] DEBUG c.h.p.o.h.HiveMQPlatformReconcilerErrorHandler - [updatelo] Pod 'test-hivemq-platform-0' phase Running
2025-01-30 18:19:20,888 INFO c.h.h.platform.UpdateLogLevelIT - Assert original logback.xml in pods
2025-01-30 18:19:20,973 INFO c.h.h.platform.UpdateLogLevelIT - Trigger update of log level
2025-01-30 18:19:21,028 DEBUG c.h.h.t.HelmChartContainer - Executing helm command: /bin/helm --kubeconfig /etc/rancher/k3s/k3s.yaml upgrade test-hivemq-platform /charts/hivemq-platform --wait --timeout 5m0s --set image.repository=docker.io/hivemq --set image.tag=4.36.0 --set image.pullPolicy=Never --set nodes.resources.cpu=512m --set nodes.logLevel=WARN --namespace updateloglevelit
2025-01-30 18:19:21,361 INFO c.h.h.t.HelmChartContainer - [hivemq-test-hivemq-platform] [hivemq-platform-operator] [9917e51d] 18:19:21.357 [pool-6-thread-39] DEBUG c.h.p.o.d.PlatformServiceResource - [updatelo] Desired Platform services (3 services)
2025-01-30 18:19:21,361 INFO c.h.h.t.HelmChartContainer - [hivemq-test-hivemq-platform] [hivemq-platform-operator] [9917e51d] 18:19:21.358 [pool-6-thread-31] DEBUG c.h.p.o.dependants.PodInfoConfigMap - [updatelo] Desired PodInfo ConfigMap (1 extensions) (1 enabled)
2025-01-30 18:19:21,361 INFO c.h.h.t.HelmChartContainer - [hivemq-test-hivemq-platform] [hivemq-platform-operator] [9917e51d] 18:19:21.358 [pool-6-thread-31] DEBUG c.h.p.o.dependants.PodInfoConfigMap - [updatelo] Desired PodInfo ConfigMap (metrics port: 9399) (metrics path: /)
2025-01-30 18:19:21,361 INFO c.h.h.t.HelmChartContainer - [hivemq-test-hivemq-platform] [hivemq-platform-operator] [9917e51d] 18:19:21.358 [pool-6-thread-31] DEBUG c.h.p.o.dependants.PodInfoConfigMap - [updatelo] Desired PodInfo ConfigMap (extension state hash: -1817474005)
2025-01-30 18:19:21,361 INFO c.h.h.t.HelmChartContainer - [hivemq-test-hivemq-platform] [hivemq-platform-operator] [9917e51d] 18:19:21.359 [pool-6-thread-31] DEBUG c.h.p.o.dependants.PodInfoConfigMap - [updatelo] Update PodInfo ConfigMap
2025-01-30 18:19:21,361 INFO c.h.h.t.HelmChartContainer - [hivemq-test-hivemq-platform] [hivemq-platform-operator] [9917e51d] 18:19:21.359 [pool-6-thread-31] INFO  c.h.p.o.dependants.PodInfoConfigMap - [updatelo] Log level was updated, triggering set log level
2025-01-30 18:19:21,361 INFO c.h.h.t.HelmChartContainer - [hivemq-test-hivemq-platform] [hivemq-platform-operator] [9917e51d] 18:19:21.360 [pool-6-thread-38] DEBUG c.h.p.o.d.PodServiceAccountResource - [updatelo] Desired PodServiceAccountResource (serviceAccountName: hivemq-platform-pod-test-hivemq-platform)
2025-01-30 18:19:21,375 INFO c.h.h.t.HelmChartContainer - [hivemq-test-hivemq-platform] [hivemq-platform-operator] [9917e51d] 18:19:21.374 [pool-6-thread-31] DEBUG c.h.p.o.d.StatefulSetResource - [updatelo] Desired StatefulSet (2 replicas) for status RUNNING (READY)
2025-01-30 18:19:21,381 INFO c.h.h.t.HelmChartContainer - [hivemq-test-hivemq-platform] [hivemq-platform-operator] [9917e51d] 18:19:21.378 [pool-6-thread-31] DEBUG c.h.p.o.d.StatefulSetResource - [updatelo] Update StatefulSet (replicas: 1 -> 2)
2025-01-30 18:19:21,389 INFO c.h.h.t.HelmChartContainer - [hivemq-test-hivemq-platform] [hivemq-platform-operator] [9917e51d] 18:19:21.387 [pool-6-thread-31] INFO  c.h.p.o.d.StatefulSetResource - [updatelo] Replica count was updated, triggering scaling
2025-01-30 18:19:21,488 INFO c.h.h.t.HelmChartContainer - [hivemq-test-hivemq-platform] [hivemq-platform-operator] [9917e51d] 18:19:21.484 [ReconcilerExecutor-hivemq-controller-117] INFO  c.h.p.o.HiveMQPlatformReconciler - [updatelo] Reconciling HiveMQ Platform 'test-hivemq-platform' in namespace 'updateloglevelit'
2025-01-30 18:19:21,489 INFO c.h.h.t.HelmChartContainer - [hivemq-test-hivemq-platform] [hivemq-platform-operator] [9917e51d] 18:19:21.484 [ReconcilerExecutor-hivemq-controller-117] DEBUG c.h.p.o.HiveMQPlatformReconciler - [updatelo] Custom Resource Status RUNNING - HiveMQ Platform is ready (READY) (reconciliation requests: SET_LOG_LEVEL, REQUESTS_UPDATED, SCALING)
2025-01-30 18:19:21,489 INFO c.h.h.t.HelmChartContainer - [hivemq-test-hivemq-platform] [hivemq-platform-operator] [9917e51d] 18:19:21.484 [ReconcilerExecutor-hivemq-controller-117] DEBUG c.h.p.o.HiveMQPlatformReconciler - [updatelo] Custom Resource Spec (replicas: 2) (extensions: 1)
2025-01-30 18:19:21,491 INFO c.h.h.t.HelmChartContainer - [hivemq-test-hivemq-platform] [hivemq-platform-operator] [9917e51d] 18:19:21.488 [ReconcilerExecutor-hivemq-controller-117] DEBUG c.h.p.o.HiveMQPlatformReconciler - [updatelo] StatefulSet Status (revision: test-hivemq-platform-b697f795f, replicas: 1, available: 1, ready: 1, current: 1, updated: 1)
2025-01-30 18:19:21,491 INFO c.h.h.t.HelmChartContainer - [hivemq-test-hivemq-platform] [hivemq-platform-operator] [9917e51d] 18:19:21.489 [ReconcilerExecutor-hivemq-controller-117] DEBUG c.h.p.o.HiveMQPlatformReconciler - [updatelo] StatefulSet Spec (replicas: 2, init containers: 1, containers: 1, volumes: 3)
2025-01-30 18:19:21,492 INFO c.h.h.t.HelmChartContainer - [POD] test-hivemq-platform-1 [b2b97127-7385-4bba-89aa-a2f6563afc92] in updateloglevelit was ADDED
2025-01-30 18:19:21,494 INFO c.h.h.t.HelmChartContainer - [EVENT] Normal [SuccessfulCreate] create Pod test-hivemq-platform-1 in StatefulSet test-hivemq-platform successful [updateloglevelit:test-hivemq-platform]
2025-01-30 18:19:21,496 INFO c.h.h.t.HelmChartContainer - [hivemq-test-hivemq-platform] [hivemq-platform-operator] [9917e51d] 18:19:21.490 [ReconcilerExecutor-hivemq-controller-117] DEBUG c.h.p.o.h.HiveMQPlatformReconcilerErrorHandler - [updatelo] Pod 'test-hivemq-platform-0' phase Running
2025-01-30 18:19:21,496 INFO c.h.h.t.HelmChartContainer - [hivemq-test-hivemq-platform] [hivemq-platform-operator] [9917e51d] 18:19:21.492 [ReconcilerExecutor-hivemq-controller-117] INFO  c.h.p.o.h.HiveMQPlatformReconcilerBaseHandler - [updatelo] Started update of log level (changing to WARN)
2025-01-30 18:19:21,508 INFO c.h.h.t.HelmChartContainer - [POD] test-hivemq-platform-1 [b2b97127-7385-4bba-89aa-a2f6563afc92] in updateloglevelit was MODIFIED
2025-01-30 18:19:21,509 INFO c.h.h.t.HelmChartContainer - [EVENT] Normal [Scheduled] Successfully assigned updateloglevelit/test-hivemq-platform-1 to 7516e517d64a [updateloglevelit:test-hivemq-platform-1]
2025-01-30 18:19:21,518 INFO c.h.h.t.HelmChartContainer - [POD] test-hivemq-platform-1 [b2b97127-7385-4bba-89aa-a2f6563afc92] in updateloglevelit was MODIFIED
2025-01-30 18:19:21,567 INFO c.h.h.t.HelmChartContainer - [K3S] [reconciler_common.go:251] "operationExecutor.VerifyControllerAttachedVolume started for volume \"broker-configuration\" (UniqueName: \"kubernetes.io/configmap/b2b97127-7385-4bba-89aa-a2f6563afc92-broker-configuration\") pod \"test-hivemq-platform-1\" (UID: \"b2b97127-7385-4bba-89aa-a2f6563afc92\") " pod="updateloglevelit/test-hivemq-platform-1"
2025-01-30 18:19:21,568 DEBUG com.hivemq.helmcharts.util.K8sUtil - Comparing actual state 'RUNNING' and waiting for 'SET_LOG_LEVEL'
2025-01-30 18:19:21,568 INFO c.h.h.t.HelmChartContainer - [K3S] [reconciler_common.go:251] "operationExecutor.VerifyControllerAttachedVolume started for volume \"kube-api-access-4m7ks\" (UniqueName: \"kubernetes.io/projected/b2b97127-7385-4bba-89aa-a2f6563afc92-kube-api-access-4m7ks\") pod \"test-hivemq-platform-1\" (UID: \"b2b97127-7385-4bba-89aa-a2f6563afc92\") " pod="updateloglevelit/test-hivemq-platform-1"
2025-01-30 18:19:21,568 INFO c.h.h.t.HelmChartContainer - [K3S] [reconciler_common.go:251] "operationExecutor.VerifyControllerAttachedVolume started for volume \"pod-info\" (UniqueName: \"kubernetes.io/configmap/b2b97127-7385-4bba-89aa-a2f6563afc92-pod-info\") pod \"test-hivemq-platform-1\" (UID: \"b2b97127-7385-4bba-89aa-a2f6563afc92\") " pod="updateloglevelit/test-hivemq-platform-1"
2025-01-30 18:19:21,570 INFO c.h.h.t.HelmChartContainer - [K3S] [reconciler_common.go:251] "operationExecutor.VerifyControllerAttachedVolume started for volume \"operator-init\" (UniqueName: \"kubernetes.io/empty-dir/b2b97127-7385-4bba-89aa-a2f6563afc92-operator-init\") pod \"test-hivemq-platform-1\" (UID: \"b2b97127-7385-4bba-89aa-a2f6563afc92\") " pod="updateloglevelit/test-hivemq-platform-1"
2025-01-30 18:19:21,673 INFO c.h.h.t.HelmChartContainer - [hivemq-test-hivemq-platform] [hivemq-platform-operator] [9917e51d] 18:19:21.672 [ReconcilerExecutor-hivemq-controller-117] DEBUG c.h.p.operator.event.EventSender - [updatelo] Creating K8s event set-log-level-started: [SetLogLevel] HiveMQ Platform is updating the log level to WARN
2025-01-30 18:19:21,677 INFO c.h.h.t.HelmChartContainer - [EVENT] Normal [SetLogLevel] HiveMQ Platform is updating the log level to WARN [updateloglevelit:test-hivemq-platform]
2025-01-30 18:19:21,678 INFO c.h.h.t.HelmChartContainer - [hivemq-test-hivemq-platform] [hivemq-platform-operator] [9917e51d] 18:19:21.677 [ReconcilerExecutor-hivemq-controller-117] INFO  c.h.p.o.h.AbstractHiveMQReconcilerStateHandler - [updatelo] Update HiveMQ Platform Status (RUNNING [READY] -> SET_LOG_LEVEL [SET_LOG_LEVEL]): HiveMQ Platform is updating the log level to WARN (reconciliation requests: SCALING)
2025-01-30 18:19:21,687 DEBUG com.hivemq.helmcharts.util.K8sUtil - Comparing actual state 'SET_LOG_LEVEL' and waiting for 'SET_LOG_LEVEL'
2025-01-30 18:19:21,691 DEBUG com.hivemq.helmcharts.util.K8sUtil - Comparing actual state 'SET_LOG_LEVEL' and waiting for 'RUNNING'
2025-01-30 18:19:21,768 INFO c.h.h.t.HelmChartContainer - [hivemq-test-hivemq-platform] [hivemq-platform-operator] [9917e51d] 18:19:21.765 [pool-6-thread-41] DEBUG c.h.p.o.d.PlatformServiceResource - [updatelo] Desired Platform services (3 services)
2025-01-30 18:19:21,770 INFO c.h.h.t.HelmChartContainer - [hivemq-test-hivemq-platform] [hivemq-platform-operator] [9917e51d] 18:19:21.766 [pool-6-thread-42] DEBUG c.h.p.o.d.PodServiceAccountResource - [updatelo] Desired PodServiceAccountResource (serviceAccountName: hivemq-platform-pod-test-hivemq-platform)
2025-01-30 18:19:21,772 INFO c.h.h.t.HelmChartContainer - [hivemq-test-hivemq-platform] [hivemq-platform-operator] [9917e51d] 18:19:21.769 [pool-6-thread-47] DEBUG c.h.p.o.dependants.PodInfoConfigMap - [updatelo] Desired PodInfo ConfigMap (1 extensions) (1 enabled)
2025-01-30 18:19:21,772 INFO c.h.h.t.HelmChartContainer - [hivemq-test-hivemq-platform] [hivemq-platform-operator] [9917e51d] 18:19:21.769 [pool-6-thread-47] DEBUG c.h.p.o.dependants.PodInfoConfigMap - [updatelo] Desired PodInfo ConfigMap (metrics port: 9399) (metrics path: /)
2025-01-30 18:19:21,772 INFO c.h.h.t.HelmChartContainer - [hivemq-test-hivemq-platform] [hivemq-platform-operator] [9917e51d] 18:19:21.769 [pool-6-thread-47] DEBUG c.h.p.o.dependants.PodInfoConfigMap - [updatelo] Desired PodInfo ConfigMap (extension state hash: -1817474005)
2025-01-30 18:19:21,772 INFO c.h.h.t.HelmChartContainer - [hivemq-test-hivemq-platform] [hivemq-platform-operator] [9917e51d] 18:19:21.769 [pool-6-thread-47] DEBUG c.h.p.o.dependants.PodInfoConfigMap - [updatelo] Update PodInfo ConfigMap
2025-01-30 18:19:21,782 INFO c.h.h.t.HelmChartContainer - [hivemq-test-hivemq-platform] [hivemq-platform-operator] [9917e51d] 18:19:21.779 [pool-6-thread-47] DEBUG c.h.p.o.d.StatefulSetResource - [updatelo] Desired StatefulSet (2 replicas) for status SET_LOG_LEVEL (SET_LOG_LEVEL)
2025-01-30 18:19:21,784 INFO c.h.h.t.HelmChartContainer - [hivemq-test-hivemq-platform] [hivemq-platform-operator] [9917e51d] 18:19:21.783 [ReconcilerExecutor-hivemq-controller-118] INFO  c.h.p.o.HiveMQPlatformReconciler - [updatelo] Reconciling HiveMQ Platform 'test-hivemq-platform' in namespace 'updateloglevelit'
2025-01-30 18:19:21,784 INFO c.h.h.t.HelmChartContainer - [hivemq-test-hivemq-platform] [hivemq-platform-operator] [9917e51d] 18:19:21.783 [ReconcilerExecutor-hivemq-controller-118] DEBUG c.h.p.o.HiveMQPlatformReconciler - [updatelo] Custom Resource Status SET_LOG_LEVEL - HiveMQ Platform is updating the log level to WARN (SET_LOG_LEVEL) (reconciliation requests: SCALING)
2025-01-30 18:19:21,784 INFO c.h.h.t.HelmChartContainer - [hivemq-test-hivemq-platform] [hivemq-platform-operator] [9917e51d] 18:19:21.783 [ReconcilerExecutor-hivemq-controller-118] DEBUG c.h.p.o.HiveMQPlatformReconciler - [updatelo] Custom Resource Spec (replicas: 2) (extensions: 1)
2025-01-30 18:19:21,785 INFO c.h.h.t.HelmChartContainer - [hivemq-test-hivemq-platform] [hivemq-platform-operator] [9917e51d] 18:19:21.784 [ReconcilerExecutor-hivemq-controller-118] DEBUG c.h.p.o.HiveMQPlatformReconciler - [updatelo] StatefulSet Status (revision: test-hivemq-platform-b697f795f, replicas: 2, available: 1, ready: 1, current: 2, updated: 2)
2025-01-30 18:19:21,786 INFO c.h.h.t.HelmChartContainer - [hivemq-test-hivemq-platform] [hivemq-platform-operator] [9917e51d] 18:19:21.784 [ReconcilerExecutor-hivemq-controller-118] DEBUG c.h.p.o.HiveMQPlatformReconciler - [updatelo] StatefulSet Spec (replicas: 2, init containers: 1, containers: 1, volumes: 3)
2025-01-30 18:19:21,867 INFO c.h.h.t.HelmChartContainer - [hivemq-test-hivemq-platform] [hivemq-platform-operator] [9917e51d] 18:19:21.865 [ReconcilerExecutor-hivemq-controller-118] DEBUG c.h.p.o.h.HiveMQPlatformReconcilerErrorHandler - [updatelo] Pod 'test-hivemq-platform-1' phase Pending
2025-01-30 18:19:21,867 INFO c.h.h.t.HelmChartContainer - [hivemq-test-hivemq-platform] [hivemq-platform-operator] [9917e51d] 18:19:21.865 [ReconcilerExecutor-hivemq-controller-118] DEBUG c.h.p.o.h.HiveMQPlatformReconcilerErrorHandler - [updatelo] Pod 'test-hivemq-platform-1' condition 'PodReadyToStartContainers': False
2025-01-30 18:19:21,867 INFO c.h.h.t.HelmChartContainer - [hivemq-test-hivemq-platform] [hivemq-platform-operator] [9917e51d] 18:19:21.865 [ReconcilerExecutor-hivemq-controller-118] DEBUG c.h.p.o.h.HiveMQPlatformReconcilerErrorHandler - [updatelo] Pod 'test-hivemq-platform-1' condition 'Initialized': False
2025-01-30 18:19:21,867 INFO c.h.h.t.HelmChartContainer - [hivemq-test-hivemq-platform] [hivemq-platform-operator] [9917e51d] 18:19:21.865 [ReconcilerExecutor-hivemq-controller-118] DEBUG c.h.p.o.h.HiveMQPlatformReconcilerErrorHandler - [updatelo] Pod 'test-hivemq-platform-1' condition 'Ready': False
2025-01-30 18:19:21,867 INFO c.h.h.t.HelmChartContainer - [hivemq-test-hivemq-platform] [hivemq-platform-operator] [9917e51d] 18:19:21.865 [ReconcilerExecutor-hivemq-controller-118] DEBUG c.h.p.o.h.HiveMQPlatformReconcilerErrorHandler - [updatelo] Pod 'test-hivemq-platform-1' condition 'ContainersReady': False
2025-01-30 18:19:21,867 INFO c.h.h.t.HelmChartContainer - [hivemq-test-hivemq-platform] [hivemq-platform-operator] [9917e51d] 18:19:21.865 [ReconcilerExecutor-hivemq-controller-118] DEBUG c.h.p.o.h.HiveMQPlatformReconcilerErrorHandler - [updatelo] Pod 'test-hivemq-platform-1' condition 'PodScheduled': True
2025-01-30 18:19:21,867 INFO c.h.h.t.HelmChartContainer - [hivemq-test-hivemq-platform] [hivemq-platform-operator] [9917e51d] 18:19:21.865 [ReconcilerExecutor-hivemq-controller-118] DEBUG c.h.p.o.h.HiveMQPlatformReconcilerErrorHandler - [updatelo] Pod 'test-hivemq-platform-1' containerStatus 'hivemq' (started: false) (ready: false) (waiting: [PodInitializing] null)
2025-01-30 18:19:21,869 INFO c.h.h.t.HelmChartContainer - [hivemq-test-hivemq-platform] [hivemq-platform-operator] [9917e51d] 18:19:21.867 [ReconcilerExecutor-hivemq-controller-118] DEBUG c.h.p.o.h.HiveMQPlatformReconcilerErrorHandler - [updatelo] Pod 'test-hivemq-platform-0' phase Running
2025-01-30 18:19:21,883 INFO c.h.h.t.HelmChartContainer - [hivemq-test-hivemq-platform] [hivemq-platform-operator] [9917e51d] 18:19:21.881 [ReconcilerExecutor-hivemq-controller-118] DEBUG c.h.p.o.h.HiveMQPlatformReconcilerSetLogLevelHandler - [updatelo] Setting log level on Pod 'test-hivemq-platform-1'
2025-01-30 18:19:21,883 INFO c.h.h.t.HelmChartContainer - [hivemq-test-hivemq-platform] [hivemq-platform-operator] [9917e51d] 18:19:21.881 [ForkJoinPool.commonPool-worker-1] DEBUG c.h.p.o.h.HiveMQPlatformReconcilerSetLogLevelHandler - [updatelo] Setting log level on Pod 'test-hivemq-platform-0'
2025-01-30 18:19:21,899 INFO c.h.h.t.HelmChartContainer - [EVENT] Normal [Pulled] Container image "docker.io/hivemq/hivemq-platform-operator-init-test:snapshot" already present on machine [updateloglevelit:test-hivemq-platform-1]
2025-01-30 18:19:21,906 INFO c.h.h.t.HelmChartContainer - [EVENT] Normal [Created] Created container: hivemq-platform-operator-init [updateloglevelit:test-hivemq-platform-1]
2025-01-30 18:19:21,940 INFO c.h.h.t.HelmChartContainer - [EVENT] Normal [Started] Started container hivemq-platform-operator-init [updateloglevelit:test-hivemq-platform-1]
2025-01-30 18:19:21,970 INFO c.h.h.t.HelmChartContainer - [hivemq-test-hivemq-platform] [hivemq-platform-operator] [9917e51d] 18:19:21.968 [ReconcilerExecutor-hivemq-controller-118] DEBUG c.h.platform.operator.util.PodUtil - Pod 'test-hivemq-platform-1' is not running
2025-01-30 18:19:21,972 INFO c.h.h.t.HelmChartContainer - [hivemq-test-hivemq-platform] [hivemq-platform-operator] [9917e51d] 18:19:21.968 [ReconcilerExecutor-hivemq-controller-118] ERROR i.j.o.p.event.EventProcessor - Error during event processing ExecutionScope{ resource id: ResourceID{name='test-hivemq-platform', namespace='updateloglevelit'}, version: 1562}
2025-01-30 18:19:21,972 INFO c.h.h.t.HelmChartContainer - [hivemq-test-hivemq-platform] [hivemq-platform-operator] [9917e51d] io.javaoperatorsdk.operator.OperatorException: java.lang.IllegalStateException: Pod 'test-hivemq-platform-1' in namespace 'updateloglevelit' is not running, cannot execute command '[curl, -s, http://null:7979/setLogLevel?level=WARN]'
2025-01-30 18:19:21,972 INFO c.h.h.t.HelmChartContainer - [hivemq-test-hivemq-platform] [hivemq-platform-operator] [9917e51d] 	at io.javaoperatorsdk.operator.monitoring.micrometer.MicrometerMetrics.lambda$timeControllerExecution$0(MicrometerMetrics.java:165)
2025-01-30 18:19:21,972 INFO c.h.h.t.HelmChartContainer - [hivemq-test-hivemq-platform] [hivemq-platform-operator] [9917e51d] 	at io.micrometer.core.instrument.AbstractTimer.record(AbstractTimer.java:190)
2025-01-30 18:19:21,972 INFO c.h.h.t.HelmChartContainer - [hivemq-test-hivemq-platform] [hivemq-platform-operator] [9917e51d] 	at io.javaoperatorsdk.operator.monitoring.micrometer.MicrometerMetrics.timeControllerExecution(MicrometerMetrics.java:161)
2025-01-30 18:19:21,973 INFO c.h.h.t.HelmChartContainer - [hivemq-test-hivemq-platform] [hivemq-platform-operator] [9917e51d] 	at io.javaoperatorsdk.operator.processing.Controller.reconcile(Controller.java:109)
2025-01-30 18:19:21,973 INFO c.h.h.t.HelmChartContainer - [hivemq-test-hivemq-platform] [hivemq-platform-operator] [9917e51d] 	at io.javaoperatorsdk.operator.processing.event.ReconciliationDispatcher.reconcileExecution(ReconciliationDispatcher.java:136)
2025-01-30 18:19:21,973 INFO c.h.h.t.HelmChartContainer - [hivemq-test-hivemq-platform] [hivemq-platform-operator] [9917e51d] 	at io.javaoperatorsdk.operator.processing.event.ReconciliationDispatcher.handleReconcile(ReconciliationDispatcher.java:117)
2025-01-30 18:19:21,973 INFO c.h.h.t.HelmChartContainer - [hivemq-test-hivemq-platform] [hivemq-platform-operator] [9917e51d] 	at io.javaoperatorsdk.operator.processing.event.ReconciliationDispatcher.handleDispatch(ReconciliationDispatcher.java:91)
2025-01-30 18:19:21,973 INFO c.h.h.t.HelmChartContainer - [hivemq-test-hivemq-platform] [hivemq-platform-operator] [9917e51d] 	at io.javaoperatorsdk.operator.processing.event.ReconciliationDispatcher.handleExecution(ReconciliationDispatcher.java:64)
2025-01-30 18:19:21,973 INFO c.h.h.t.HelmChartContainer - [hivemq-test-hivemq-platform] [hivemq-platform-operator] [9917e51d] 	at io.javaoperatorsdk.operator.processing.event.EventProcessor$ReconcilerExecutor.run(EventProcessor.java:452)
2025-01-30 18:19:21,973 INFO c.h.h.t.HelmChartContainer - [hivemq-test-hivemq-platform] [hivemq-platform-operator] [9917e51d] 	at java.base/java.util.concurrent.ThreadPoolExecutor.runWorker(Unknown Source)
2025-01-30 18:19:21,973 INFO c.h.h.t.HelmChartContainer - [hivemq-test-hivemq-platform] [hivemq-platform-operator] [9917e51d] 	at java.base/java.util.concurrent.ThreadPoolExecutor$Worker.run(Unknown Source)
2025-01-30 18:19:21,973 INFO c.h.h.t.HelmChartContainer - [hivemq-test-hivemq-platform] [hivemq-platform-operator] [9917e51d] 	at java.base/java.lang.Thread.run(Unknown Source)
2025-01-30 18:19:21,973 INFO c.h.h.t.HelmChartContainer - [hivemq-test-hivemq-platform] [hivemq-platform-operator] [9917e51d] Caused by: java.lang.IllegalStateException: Pod 'test-hivemq-platform-1' in namespace 'updateloglevelit' is not running, cannot execute command '[curl, -s, http://null:7979/setLogLevel?level=WARN]'
2025-01-30 18:19:21,973 INFO c.h.h.t.HelmChartContainer - [hivemq-test-hivemq-platform] [hivemq-platform-operator] [9917e51d] 	at com.hivemq.platform.operator.util.PodUtil.execute(PodUtil.java:74)
2025-01-30 18:19:21,973 INFO c.h.h.t.HelmChartContainer - [hivemq-test-hivemq-platform] [hivemq-platform-operator] [9917e51d] 	at com.hivemq.platform.operator.util.RestApiUtil.lambda$callRestApi$1(RestApiUtil.java:44)
2025-01-30 18:19:21,973 INFO c.h.h.t.HelmChartContainer - [hivemq-test-hivemq-platform] [hivemq-platform-operator] [9917e51d] 	at java.base/java.util.stream.ForEachOps$ForEachOp$OfRef.accept(Unknown Source)
2025-01-30 18:19:21,973 INFO c.h.h.t.HelmChartContainer - [hivemq-test-hivemq-platform] [hivemq-platform-operator] [9917e51d] 	at java.base/java.util.stream.ReferencePipeline$2$1.accept(Unknown Source)
2025-01-30 18:19:21,973 INFO c.h.h.t.HelmChartContainer - [hivemq-test-hivemq-platform] [hivemq-platform-operator] [9917e51d] 	at java.base/java.util.ArrayList$ArrayListSpliterator.forEachRemaining(Unknown Source)
2025-01-30 18:19:21,973 INFO c.h.h.t.HelmChartContainer - [hivemq-test-hivemq-platform] [hivemq-platform-operator] [9917e51d] 	at java.base/java.util.stream.AbstractPipeline.copyInto(Unknown Source)
2025-01-30 18:19:21,973 INFO c.h.h.t.HelmChartContainer - [hivemq-test-hivemq-platform] [hivemq-platform-operator] [9917e51d] 	at java.base/java.util.stream.ForEachOps$ForEachTask.compute(Unknown Source)
2025-01-30 18:19:21,973 INFO c.h.h.t.HelmChartContainer - [hivemq-test-hivemq-platform] [hivemq-platform-operator] [9917e51d] 	at java.base/java.util.concurrent.CountedCompleter.exec(Unknown Source)
2025-01-30 18:19:21,973 INFO c.h.h.t.HelmChartContainer - [hivemq-test-hivemq-platform] [hivemq-platform-operator] [9917e51d] 	at java.base/java.util.concurrent.ForkJoinTask.doExec(Unknown Source)
2025-01-30 18:19:21,973 INFO c.h.h.t.HelmChartContainer - [hivemq-test-hivemq-platform] [hivemq-platform-operator] [9917e51d] 	at java.base/java.util.concurrent.ForkJoinTask.invoke(Unknown Source)
2025-01-30 18:19:21,973 INFO c.h.h.t.HelmChartContainer - [hivemq-test-hivemq-platform] [hivemq-platform-operator] [9917e51d] 	at java.base/java.util.stream.ForEachOps$ForEachOp.evaluateParallel(Unknown Source)
2025-01-30 18:19:21,973 INFO c.h.h.t.HelmChartContainer - [hivemq-test-hivemq-platform] [hivemq-platform-operator] [9917e51d] 	at java.base/java.util.stream.ForEachOps$ForEachOp$OfRef.evaluateParallel(Unknown Source)
2025-01-30 18:19:21,974 INFO c.h.h.t.HelmChartContainer - [hivemq-test-hivemq-platform] [hivemq-platform-operator] [9917e51d] 	at java.base/java.util.stream.AbstractPipeline.evaluate(Unknown Source)
2025-01-30 18:19:21,974 INFO c.h.h.t.HelmChartContainer - [hivemq-test-hivemq-platform] [hivemq-platform-operator] [9917e51d] 	at java.base/java.util.stream.ReferencePipeline.forEach(Unknown Source)
2025-01-30 18:19:21,974 INFO c.h.h.t.HelmChartContainer - [hivemq-test-hivemq-platform] [hivemq-platform-operator] [9917e51d] 	at com.hivemq.platform.operator.util.RestApiUtil.callRestApi(RestApiUtil.java:40)
2025-01-30 18:19:21,974 INFO c.h.h.t.HelmChartContainer - [hivemq-test-hivemq-platform] [hivemq-platform-operator] [9917e51d] 	at com.hivemq.platform.operator.http.RestApiService.callRestApi(RestApiService.java:63)
2025-01-30 18:19:21,974 INFO c.h.h.t.HelmChartContainer - [hivemq-test-hivemq-platform] [hivemq-platform-operator] [9917e51d] 	at com.hivemq.platform.operator.handler.HiveMQPlatformReconcilerSetLogLevelHandler.handleSetLogLevel(HiveMQPlatformReconcilerSetLogLevelHandler.java:49)
2025-01-30 18:19:21,974 INFO c.h.h.t.HelmChartContainer - [hivemq-test-hivemq-platform] [hivemq-platform-operator] [9917e51d] 	at com.hivemq.platform.operator.HiveMQPlatformReconciler.reconcile(HiveMQPlatformReconciler.java:243)
2025-01-30 18:19:21,974 INFO c.h.h.t.HelmChartContainer - [hivemq-test-hivemq-platform] [hivemq-platform-operator] [9917e51d] 	at com.hivemq.platform.operator.HiveMQPlatformReconciler.reconcile(HiveMQPlatformReconciler.java:227)
2025-01-30 18:19:21,974 INFO c.h.h.t.HelmChartContainer - [hivemq-test-hivemq-platform] [hivemq-platform-operator] [9917e51d] 	at com.hivemq.platform.operator.HiveMQPlatformReconciler.reconcile(HiveMQPlatformReconciler.java:71)
2025-01-30 18:19:21,974 INFO c.h.h.t.HelmChartContainer - [hivemq-test-hivemq-platform] [hivemq-platform-operator] [9917e51d] 	at io.javaoperatorsdk.operator.processing.Controller$1.execute(Controller.java:149)
2025-01-30 18:19:21,974 INFO c.h.h.t.HelmChartContainer - [hivemq-test-hivemq-platform] [hivemq-platform-operator] [9917e51d] 	at io.javaoperatorsdk.operator.processing.Controller$1.execute(Controller.java:110)
2025-01-30 18:19:21,974 INFO c.h.h.t.HelmChartContainer - [hivemq-test-hivemq-platform] [hivemq-platform-operator] [9917e51d] 	at io.javaoperatorsdk.operator.monitoring.micrometer.MicrometerMetrics.lambda$timeControllerExecution$0(MicrometerMetrics.java:163)
2025-01-30 18:19:21,974 INFO c.h.h.t.HelmChartContainer - [hivemq-test-hivemq-platform] [hivemq-platform-operator] [9917e51d] 	... 11 common frames omitted
2025-01-30 18:19:22,176 INFO c.h.h.t.HelmChartContainer - [test-hivemq-platform] [hivemq] [92c66a0d] INFO  - [HiveMQ Platform Operator Init App 1.7.0-SNAPSHOT] Set log level from ${HIVEMQ_LOG_LEVEL:-INFO} to WARN in logback.xml file
2025-01-30 18:19:22,190 INFO c.h.h.t.HelmChartContainer - [EVENT] Normal [Pulled] Container image "docker.io/hivemq/hivemq4:4.36.0" already present on machine [updateloglevelit:test-hivemq-platform-1]
2025-01-30 18:19:22,190 INFO c.h.h.t.HelmChartContainer - Received Pulled event for container hivemq in pod test-hivemq-platform-1 [b2b97127-7385-4bba-89aa-a2f6563afc92]
2025-01-30 18:19:22,195 INFO c.h.h.t.HelmChartContainer - [hivemq-test-hivemq-platform] [hivemq-platform-operator] [9917e51d] 18:19:22.193 [vert.x-eventloop-thread-1] DEBUG c.h.platform.operator.util.PodUtil - Received status for command '[curl, -s, http://10.42.0.14:7979/setLogLevel?level=WARN]' on Pod 'test-hivemq-platform-0' (exit code: 0)
2025-01-30 18:19:22,210 INFO c.h.h.t.HelmChartContainer - [POD] test-hivemq-platform-1 [b2b97127-7385-4bba-89aa-a2f6563afc92] in updateloglevelit was MODIFIED
2025-01-30 18:19:22,230 INFO c.h.h.t.HelmChartContainer - [hivemq-test-hivemq-platform] [hivemq-platform-operator] [9917e51d] 18:19:22.215 [pool-6-thread-7] DEBUG c.h.p.o.d.PlatformServiceResource - [updatelo] Desired Platform services (3 services)
2025-01-30 18:19:22,230 INFO c.h.h.t.HelmChartContainer - [hivemq-test-hivemq-platform] [hivemq-platform-operator] [9917e51d] 18:19:22.219 [pool-6-thread-5] DEBUG c.h.p.o.dependants.PodInfoConfigMap - [updatelo] Desired PodInfo ConfigMap (1 extensions) (1 enabled)
2025-01-30 18:19:22,230 INFO c.h.h.t.HelmChartContainer - [hivemq-test-hivemq-platform] [hivemq-platform-operator] [9917e51d] 18:19:22.219 [pool-6-thread-5] DEBUG c.h.p.o.dependants.PodInfoConfigMap - [updatelo] Desired PodInfo ConfigMap (metrics port: 9399) (metrics path: /)
2025-01-30 18:19:22,230 INFO c.h.h.t.HelmChartContainer - [hivemq-test-hivemq-platform] [hivemq-platform-operator] [9917e51d] 18:19:22.219 [pool-6-thread-5] DEBUG c.h.p.o.dependants.PodInfoConfigMap - [updatelo] Desired PodInfo ConfigMap (extension state hash: -1817474005)
2025-01-30 18:19:22,230 INFO c.h.h.t.HelmChartContainer - [hivemq-test-hivemq-platform] [hivemq-platform-operator] [9917e51d] 18:19:22.221 [pool-6-thread-5] DEBUG c.h.p.o.d.PodServiceAccountResource - [updatelo] Desired PodServiceAccountResource (serviceAccountName: hivemq-platform-pod-test-hivemq-platform)
2025-01-30 18:19:22,239 INFO c.h.h.t.HelmChartContainer - [EVENT] Normal [Created] Created container: hivemq [updateloglevelit:test-hivemq-platform-1]
2025-01-30 18:19:22,239 INFO c.h.h.t.HelmChartContainer - Received Created event for container hivemq in pod test-hivemq-platform-1 [b2b97127-7385-4bba-89aa-a2f6563afc92]
2025-01-30 18:19:22,275 INFO c.h.h.t.HelmChartContainer - [hivemq-test-hivemq-platform] [hivemq-platform-operator] [9917e51d] 18:19:22.273 [pool-6-thread-7] DEBUG c.h.p.o.d.StatefulSetResource - [updatelo] Desired StatefulSet (2 replicas) for status SET_LOG_LEVEL (SET_LOG_LEVEL)
2025-01-30 18:19:22,285 INFO c.h.h.t.HelmChartContainer - [hivemq-test-hivemq-platform] [hivemq-platform-operator] [9917e51d] 18:19:22.278 [ReconcilerExecutor-hivemq-controller-121] INFO  c.h.p.o.HiveMQPlatformReconciler - [updatelo] Reconciling HiveMQ Platform 'test-hivemq-platform' in namespace 'updateloglevelit'
2025-01-30 18:19:22,285 INFO c.h.h.t.HelmChartContainer - [hivemq-test-hivemq-platform] [hivemq-platform-operator] [9917e51d] 18:19:22.278 [ReconcilerExecutor-hivemq-controller-121] DEBUG c.h.p.o.HiveMQPlatformReconciler - [updatelo] Custom Resource Status SET_LOG_LEVEL - HiveMQ Platform is updating the log level to WARN (SET_LOG_LEVEL) (reconciliation requests: SCALING)
2025-01-30 18:19:22,285 INFO c.h.h.t.HelmChartContainer - [hivemq-test-hivemq-platform] [hivemq-platform-operator] [9917e51d] 18:19:22.279 [ReconcilerExecutor-hivemq-controller-121] DEBUG c.h.p.o.HiveMQPlatformReconciler - [updatelo] Custom Resource Spec (replicas: 2) (extensions: 1)
2025-01-30 18:19:22,285 INFO c.h.h.t.HelmChartContainer - [hivemq-test-hivemq-platform] [hivemq-platform-operator] [9917e51d] 18:19:22.280 [ReconcilerExecutor-hivemq-controller-121] DEBUG c.h.p.o.HiveMQPlatformReconciler - [updatelo] StatefulSet Status (revision: test-hivemq-platform-b697f795f, replicas: 2, available: 1, ready: 1, current: 2, updated: 2)
2025-01-30 18:19:22,285 INFO c.h.h.t.HelmChartContainer - [hivemq-test-hivemq-platform] [hivemq-platform-operator] [9917e51d] 18:19:22.280 [ReconcilerExecutor-hivemq-controller-121] DEBUG c.h.p.o.HiveMQPlatformReconciler - [updatelo] StatefulSet Spec (replicas: 2, init containers: 1, containers: 1, volumes: 3)
2025-01-30 18:19:22,285 INFO c.h.h.t.HelmChartContainer - [hivemq-test-hivemq-platform] [hivemq-platform-operator] [9917e51d] 18:19:22.281 [ReconcilerExecutor-hivemq-controller-121] DEBUG c.h.p.o.h.HiveMQPlatformReconcilerErrorHandler - [updatelo] Pod 'test-hivemq-platform-1' phase Pending
2025-01-30 18:19:22,286 INFO c.h.h.t.HelmChartContainer - [hivemq-test-hivemq-platform] [hivemq-platform-operator] [9917e51d] 18:19:22.281 [ReconcilerExecutor-hivemq-controller-121] DEBUG c.h.p.o.h.HiveMQPlatformReconcilerErrorHandler - [updatelo] Pod 'test-hivemq-platform-1' condition 'PodReadyToStartContainers': True
2025-01-30 18:19:22,286 INFO c.h.h.t.HelmChartContainer - [hivemq-test-hivemq-platform] [hivemq-platform-operator] [9917e51d] 18:19:22.281 [ReconcilerExecutor-hivemq-controller-121] DEBUG c.h.p.o.h.HiveMQPlatformReconcilerErrorHandler - [updatelo] Pod 'test-hivemq-platform-1' condition 'Initialized': True
2025-01-30 18:19:22,286 INFO c.h.h.t.HelmChartContainer - [hivemq-test-hivemq-platform] [hivemq-platform-operator] [9917e51d] 18:19:22.281 [ReconcilerExecutor-hivemq-controller-121] DEBUG c.h.p.o.h.HiveMQPlatformReconcilerErrorHandler - [updatelo] Pod 'test-hivemq-platform-1' condition 'Ready': False
2025-01-30 18:19:22,286 INFO c.h.h.t.HelmChartContainer - [hivemq-test-hivemq-platform] [hivemq-platform-operator] [9917e51d] 18:19:22.281 [ReconcilerExecutor-hivemq-controller-121] DEBUG c.h.p.o.h.HiveMQPlatformReconcilerErrorHandler - [updatelo] Pod 'test-hivemq-platform-1' condition 'ContainersReady': False
2025-01-30 18:19:22,286 INFO c.h.h.t.HelmChartContainer - [hivemq-test-hivemq-platform] [hivemq-platform-operator] [9917e51d] 18:19:22.281 [ReconcilerExecutor-hivemq-controller-121] DEBUG c.h.p.o.h.HiveMQPlatformReconcilerErrorHandler - [updatelo] Pod 'test-hivemq-platform-1' condition 'PodScheduled': True
2025-01-30 18:19:22,286 INFO c.h.h.t.HelmChartContainer - [hivemq-test-hivemq-platform] [hivemq-platform-operator] [9917e51d] 18:19:22.281 [ReconcilerExecutor-hivemq-controller-121] DEBUG c.h.p.o.h.HiveMQPlatformReconcilerErrorHandler - [updatelo] Pod 'test-hivemq-platform-1' containerStatus 'hivemq' (started: false) (ready: false) (waiting: [PodInitializing] null)
2025-01-30 18:19:22,286 INFO c.h.h.t.HelmChartContainer - [hivemq-test-hivemq-platform] [hivemq-platform-operator] [9917e51d] 18:19:22.282 [ReconcilerExecutor-hivemq-controller-121] DEBUG c.h.p.o.h.HiveMQPlatformReconcilerErrorHandler - [updatelo] Pod 'test-hivemq-platform-0' phase Running
2025-01-30 18:19:22,306 INFO c.h.h.t.HelmChartContainer - [hivemq-test-hivemq-platform] [hivemq-platform-operator] [9917e51d] 18:19:22.296 [ReconcilerExecutor-hivemq-controller-121] DEBUG c.h.p.o.h.HiveMQPlatformReconcilerSetLogLevelHandler - [updatelo] Setting log level on Pod 'test-hivemq-platform-1'
2025-01-30 18:19:22,306 INFO c.h.h.t.HelmChartContainer - [hivemq-test-hivemq-platform] [hivemq-platform-operator] [9917e51d] 18:19:22.297 [ForkJoinPool.commonPool-worker-1] DEBUG c.h.p.o.h.HiveMQPlatformReconcilerSetLogLevelHandler - [updatelo] Setting log level on Pod 'test-hivemq-platform-0'
2025-01-30 18:19:22,369 INFO c.h.h.t.HelmChartContainer - [hivemq-test-hivemq-platform] [hivemq-platform-operator] [9917e51d] 18:19:22.368 [ReconcilerExecutor-hivemq-controller-121] DEBUG c.h.platform.operator.util.PodUtil - Pod 'test-hivemq-platform-1' is not running
2025-01-30 18:19:22,371 INFO c.h.h.t.HelmChartContainer - [hivemq-test-hivemq-platform] [hivemq-platform-operator] [9917e51d] 18:19:22.368 [ReconcilerExecutor-hivemq-controller-121] ERROR i.j.o.p.event.EventProcessor - Error during event processing ExecutionScope{ resource id: ResourceID{name='test-hivemq-platform', namespace='updateloglevelit'}, version: 1562}
2025-01-30 18:19:22,371 INFO c.h.h.t.HelmChartContainer - [hivemq-test-hivemq-platform] [hivemq-platform-operator] [9917e51d] io.javaoperatorsdk.operator.OperatorException: java.lang.IllegalStateException: Pod 'test-hivemq-platform-1' in namespace 'updateloglevelit' is not running, cannot execute command '[curl, -s, http://10.42.0.15:7979/setLogLevel?level=WARN]'
2025-01-30 18:19:22,371 INFO c.h.h.t.HelmChartContainer - [hivemq-test-hivemq-platform] [hivemq-platform-operator] [9917e51d] 	at io.javaoperatorsdk.operator.monitoring.micrometer.MicrometerMetrics.lambda$timeControllerExecution$0(MicrometerMetrics.java:165)
2025-01-30 18:19:22,371 INFO c.h.h.t.HelmChartContainer - [hivemq-test-hivemq-platform] [hivemq-platform-operator] [9917e51d] 	at io.micrometer.core.instrument.AbstractTimer.record(AbstractTimer.java:190)
2025-01-30 18:19:22,371 INFO c.h.h.t.HelmChartContainer - [hivemq-test-hivemq-platform] [hivemq-platform-operator] [9917e51d] 	at io.javaoperatorsdk.operator.monitoring.micrometer.MicrometerMetrics.timeControllerExecution(MicrometerMetrics.java:161)
2025-01-30 18:19:22,371 INFO c.h.h.t.HelmChartContainer - [hivemq-test-hivemq-platform] [hivemq-platform-operator] [9917e51d] 	at io.javaoperatorsdk.operator.processing.Controller.reconcile(Controller.java:109)
2025-01-30 18:19:22,371 INFO c.h.h.t.HelmChartContainer - [hivemq-test-hivemq-platform] [hivemq-platform-operator] [9917e51d] 	at io.javaoperatorsdk.operator.processing.event.ReconciliationDispatcher.reconcileExecution(ReconciliationDispatcher.java:136)
2025-01-30 18:19:22,371 INFO c.h.h.t.HelmChartContainer - [hivemq-test-hivemq-platform] [hivemq-platform-operator] [9917e51d] 	at io.javaoperatorsdk.operator.processing.event.ReconciliationDispatcher.handleReconcile(ReconciliationDispatcher.java:117)
2025-01-30 18:19:22,371 INFO c.h.h.t.HelmChartContainer - [hivemq-test-hivemq-platform] [hivemq-platform-operator] [9917e51d] 	at io.javaoperatorsdk.operator.processing.event.ReconciliationDispatcher.handleDispatch(ReconciliationDispatcher.java:91)
2025-01-30 18:19:22,371 INFO c.h.h.t.HelmChartContainer - [hivemq-test-hivemq-platform] [hivemq-platform-operator] [9917e51d] 	at io.javaoperatorsdk.operator.processing.event.ReconciliationDispatcher.handleExecution(ReconciliationDispatcher.java:64)
2025-01-30 18:19:22,371 INFO c.h.h.t.HelmChartContainer - [hivemq-test-hivemq-platform] [hivemq-platform-operator] [9917e51d] 	at io.javaoperatorsdk.operator.processing.event.EventProcessor$ReconcilerExecutor.run(EventProcessor.java:452)
2025-01-30 18:19:22,372 INFO c.h.h.t.HelmChartContainer - [hivemq-test-hivemq-platform] [hivemq-platform-operator] [9917e51d] 	at java.base/java.util.concurrent.ThreadPoolExecutor.runWorker(Unknown Source)
2025-01-30 18:19:22,372 INFO c.h.h.t.HelmChartContainer - [hivemq-test-hivemq-platform] [hivemq-platform-operator] [9917e51d] 	at java.base/java.util.concurrent.ThreadPoolExecutor$Worker.run(Unknown Source)
2025-01-30 18:19:22,372 INFO c.h.h.t.HelmChartContainer - [hivemq-test-hivemq-platform] [hivemq-platform-operator] [9917e51d] 	at java.base/java.lang.Thread.run(Unknown Source)
2025-01-30 18:19:22,372 INFO c.h.h.t.HelmChartContainer - [hivemq-test-hivemq-platform] [hivemq-platform-operator] [9917e51d] Caused by: java.lang.IllegalStateException: Pod 'test-hivemq-platform-1' in namespace 'updateloglevelit' is not running, cannot execute command '[curl, -s, http://10.42.0.15:7979/setLogLevel?level=WARN]'
2025-01-30 18:19:22,372 INFO c.h.h.t.HelmChartContainer - [hivemq-test-hivemq-platform] [hivemq-platform-operator] [9917e51d] 	at com.hivemq.platform.operator.util.PodUtil.execute(PodUtil.java:74)
2025-01-30 18:19:22,372 INFO c.h.h.t.HelmChartContainer - [hivemq-test-hivemq-platform] [hivemq-platform-operator] [9917e51d] 	at com.hivemq.platform.operator.util.RestApiUtil.lambda$callRestApi$1(RestApiUtil.java:44)
2025-01-30 18:19:22,372 INFO c.h.h.t.HelmChartContainer - [hivemq-test-hivemq-platform] [hivemq-platform-operator] [9917e51d] 	at java.base/java.util.stream.ForEachOps$ForEachOp$OfRef.accept(Unknown Source)
2025-01-30 18:19:22,372 INFO c.h.h.t.HelmChartContainer - [hivemq-test-hivemq-platform] [hivemq-platform-operator] [9917e51d] 	at java.base/java.util.stream.ReferencePipeline$2$1.accept(Unknown Source)
2025-01-30 18:19:22,372 INFO c.h.h.t.HelmChartContainer - [hivemq-test-hivemq-platform] [hivemq-platform-operator] [9917e51d] 	at java.base/java.util.ArrayList$ArrayListSpliterator.forEachRemaining(Unknown Source)
2025-01-30 18:19:22,372 INFO c.h.h.t.HelmChartContainer - [hivemq-test-hivemq-platform] [hivemq-platform-operator] [9917e51d] 	at java.base/java.util.stream.AbstractPipeline.copyInto(Unknown Source)
2025-01-30 18:19:22,372 INFO c.h.h.t.HelmChartContainer - [hivemq-test-hivemq-platform] [hivemq-platform-operator] [9917e51d] 	at java.base/java.util.stream.ForEachOps$ForEachTask.compute(Unknown Source)
2025-01-30 18:19:22,372 INFO c.h.h.t.HelmChartContainer - [hivemq-test-hivemq-platform] [hivemq-platform-operator] [9917e51d] 	at java.base/java.util.concurrent.CountedCompleter.exec(Unknown Source)
2025-01-30 18:19:22,372 INFO c.h.h.t.HelmChartContainer - [hivemq-test-hivemq-platform] [hivemq-platform-operator] [9917e51d] 	at java.base/java.util.concurrent.ForkJoinTask.doExec(Unknown Source)
2025-01-30 18:19:22,372 INFO c.h.h.t.HelmChartContainer - [hivemq-test-hivemq-platform] [hivemq-platform-operator] [9917e51d] 	at java.base/java.util.concurrent.ForkJoinTask.invoke(Unknown Source)
2025-01-30 18:19:22,372 INFO c.h.h.t.HelmChartContainer - [hivemq-test-hivemq-platform] [hivemq-platform-operator] [9917e51d] 	at java.base/java.util.stream.ForEachOps$ForEachOp.evaluateParallel(Unknown Source)
2025-01-30 18:19:22,372 INFO c.h.h.t.HelmChartContainer - [hivemq-test-hivemq-platform] [hivemq-platform-operator] [9917e51d] 	at java.base/java.util.stream.ForEachOps$ForEachOp$OfRef.evaluateParallel(Unknown Source)
2025-01-30 18:19:22,372 INFO c.h.h.t.HelmChartContainer - [hivemq-test-hivemq-platform] [hivemq-platform-operator] [9917e51d] 	at java.base/java.util.stream.AbstractPipeline.evaluate(Unknown Source)
2025-01-30 18:19:22,372 INFO c.h.h.t.HelmChartContainer - [hivemq-test-hivemq-platform] [hivemq-platform-operator] [9917e51d] 	at java.base/java.util.stream.ReferencePipeline.forEach(Unknown Source)
2025-01-30 18:19:22,372 INFO c.h.h.t.HelmChartContainer - [hivemq-test-hivemq-platform] [hivemq-platform-operator] [9917e51d] 	at com.hivemq.platform.operator.util.RestApiUtil.callRestApi(RestApiUtil.java:40)
2025-01-30 18:19:22,372 INFO c.h.h.t.HelmChartContainer - [hivemq-test-hivemq-platform] [hivemq-platform-operator] [9917e51d] 	at com.hivemq.platform.operator.http.RestApiService.callRestApi(RestApiService.java:63)
2025-01-30 18:19:22,372 INFO c.h.h.t.HelmChartContainer - [hivemq-test-hivemq-platform] [hivemq-platform-operator] [9917e51d] 	at com.hivemq.platform.operator.handler.HiveMQPlatformReconcilerSetLogLevelHandler.handleSetLogLevel(HiveMQPlatformReconcilerSetLogLevelHandler.java:49)
2025-01-30 18:19:22,372 INFO c.h.h.t.HelmChartContainer - [hivemq-test-hivemq-platform] [hivemq-platform-operator] [9917e51d] 	at com.hivemq.platform.operator.HiveMQPlatformReconciler.reconcile(HiveMQPlatformReconciler.java:243)
2025-01-30 18:19:22,372 INFO c.h.h.t.HelmChartContainer - [hivemq-test-hivemq-platform] [hivemq-platform-operator] [9917e51d] 	at com.hivemq.platform.operator.HiveMQPlatformReconciler.reconcile(HiveMQPlatformReconciler.java:227)
2025-01-30 18:19:22,372 INFO c.h.h.t.HelmChartContainer - [hivemq-test-hivemq-platform] [hivemq-platform-operator] [9917e51d] 	at com.hivemq.platform.operator.HiveMQPlatformReconciler.reconcile(HiveMQPlatformReconciler.java:71)
2025-01-30 18:19:22,372 INFO c.h.h.t.HelmChartContainer - [hivemq-test-hivemq-platform] [hivemq-platform-operator] [9917e51d] 	at io.javaoperatorsdk.operator.processing.Controller$1.execute(Controller.java:149)
2025-01-30 18:19:22,372 INFO c.h.h.t.HelmChartContainer - [hivemq-test-hivemq-platform] [hivemq-platform-operator] [9917e51d] 	at io.javaoperatorsdk.operator.processing.Controller$1.execute(Controller.java:110)
2025-01-30 18:19:22,373 INFO c.h.h.t.HelmChartContainer - [hivemq-test-hivemq-platform] [hivemq-platform-operator] [9917e51d] 	at io.javaoperatorsdk.operator.monitoring.micrometer.MicrometerMetrics.lambda$timeControllerExecution$0(MicrometerMetrics.java:163)
2025-01-30 18:19:22,373 INFO c.h.h.t.HelmChartContainer - [hivemq-test-hivemq-platform] [hivemq-platform-operator] [9917e51d] 	... 11 common frames omitted
2025-01-30 18:19:22,477 INFO c.h.h.t.HelmChartContainer - [test-hivemq-platform] [hivemq] [92c66a0d] INFO  - [HiveMQ Platform Operator Init App 1.7.0-SNAPSHOT] Set log level from WARN to WARN in logback.xml file
2025-01-30 18:19:22,483 INFO c.h.h.t.HelmChartContainer - [hivemq-test-hivemq-platform] [hivemq-platform-operator] [9917e51d] 18:19:22.482 [vert.x-eventloop-thread-1] DEBUG c.h.platform.operator.util.PodUtil - Received status for command '[curl, -s, http://10.42.0.14:7979/setLogLevel?level=WARN]' on Pod 'test-hivemq-platform-0' (exit code: 0)
2025-01-30 18:19:23,196 INFO c.h.h.t.HelmChartContainer - [POD] test-hivemq-platform-1 [b2b97127-7385-4bba-89aa-a2f6563afc92] in updateloglevelit was MODIFIED
2025-01-30 18:19:23,207 INFO c.h.h.t.HelmChartContainer - [hivemq-test-hivemq-platform] [hivemq-platform-operator] [9917e51d] 18:19:23.205 [pool-6-thread-13] DEBUG c.h.p.o.d.PodServiceAccountResource - [updatelo] Desired PodServiceAccountResource (serviceAccountName: hivemq-platform-pod-test-hivemq-platform)
2025-01-30 18:19:23,207 INFO c.h.h.t.HelmChartContainer - [hivemq-test-hivemq-platform] [hivemq-platform-operator] [9917e51d] 18:19:23.207 [pool-6-thread-16] DEBUG c.h.p.o.dependants.PodInfoConfigMap - [updatelo] Desired PodInfo ConfigMap (1 extensions) (1 enabled)
2025-01-30 18:19:23,207 INFO c.h.h.t.HelmChartContainer - [hivemq-test-hivemq-platform] [hivemq-platform-operator] [9917e51d] 18:19:23.207 [pool-6-thread-16] DEBUG c.h.p.o.dependants.PodInfoConfigMap - [updatelo] Desired PodInfo ConfigMap (metrics port: 9399) (metrics path: /)
2025-01-30 18:19:23,208 INFO c.h.h.t.HelmChartContainer - [EVENT] Normal [Started] Started container hivemq [updateloglevelit:test-hivemq-platform-1]
2025-01-30 18:19:23,208 INFO c.h.h.t.HelmChartContainer - Received Started event for container hivemq in pod test-hivemq-platform-1 [b2b97127-7385-4bba-89aa-a2f6563afc92]
2025-01-30 18:19:23,209 INFO c.h.h.t.HelmChartContainer - Started log watcher for hivemq in pod test-hivemq-platform-1 [b2b97127-7385-4bba-89aa-a2f6563afc92]
2025-01-30 18:19:23,210 INFO c.h.h.t.HelmChartContainer - [test-hivemq-platform] [hivemq] [b2b97127] Adding pre-installed HiveMQ Platform Operator extensions
2025-01-30 18:19:23,210 INFO c.h.h.t.HelmChartContainer - [test-hivemq-platform] [hivemq] [b2b97127] Running as user 10000
2025-01-30 18:19:23,210 INFO c.h.h.t.HelmChartContainer - [test-hivemq-platform] [hivemq] [b2b97127] Starting HiveMQ Platform Operator Init
2025-01-30 18:19:23,211 INFO c.h.h.t.HelmChartContainer - [hivemq-test-hivemq-platform] [hivemq-platform-operator] [9917e51d] 18:19:23.207 [pool-6-thread-16] DEBUG c.h.p.o.dependants.PodInfoConfigMap - [updatelo] Desired PodInfo ConfigMap (extension state hash: -1817474005)
2025-01-30 18:19:23,213 INFO c.h.h.t.HelmChartContainer - [hivemq-test-hivemq-platform] [hivemq-platform-operator] [9917e51d] 18:19:23.208 [pool-6-thread-14] DEBUG c.h.p.o.d.PlatformServiceResource - [updatelo] Desired Platform services (3 services)
2025-01-30 18:19:23,215 INFO c.h.h.t.HelmChartContainer - [hivemq-test-hivemq-platform] [hivemq-platform-operator] [9917e51d] 18:19:23.214 [pool-6-thread-14] DEBUG c.h.p.o.d.StatefulSetResource - [updatelo] Desired StatefulSet (2 replicas) for status SET_LOG_LEVEL (SET_LOG_LEVEL)
2025-01-30 18:19:23,220 INFO c.h.h.t.HelmChartContainer - [hivemq-test-hivemq-platform] [hivemq-platform-operator] [9917e51d] 18:19:23.218 [ReconcilerExecutor-hivemq-controller-122] INFO  c.h.p.o.HiveMQPlatformReconciler - [updatelo] Reconciling HiveMQ Platform 'test-hivemq-platform' in namespace 'updateloglevelit'
2025-01-30 18:19:23,220 INFO c.h.h.t.HelmChartContainer - [hivemq-test-hivemq-platform] [hivemq-platform-operator] [9917e51d] 18:19:23.218 [ReconcilerExecutor-hivemq-controller-122] DEBUG c.h.p.o.HiveMQPlatformReconciler - [updatelo] Custom Resource Status SET_LOG_LEVEL - HiveMQ Platform is updating the log level to WARN (SET_LOG_LEVEL) (reconciliation requests: SCALING)
2025-01-30 18:19:23,220 INFO c.h.h.t.HelmChartContainer - [hivemq-test-hivemq-platform] [hivemq-platform-operator] [9917e51d] 18:19:23.218 [ReconcilerExecutor-hivemq-controller-122] DEBUG c.h.p.o.HiveMQPlatformReconciler - [updatelo] Custom Resource Spec (replicas: 2) (extensions: 1)
2025-01-30 18:19:23,221 INFO c.h.h.t.HelmChartContainer - [hivemq-test-hivemq-platform] [hivemq-platform-operator] [9917e51d] 18:19:23.220 [ReconcilerExecutor-hivemq-controller-122] DEBUG c.h.p.o.HiveMQPlatformReconciler - [updatelo] StatefulSet Status (revision: test-hivemq-platform-b697f795f, replicas: 2, available: 1, ready: 1, current: 2, updated: 2)
2025-01-30 18:19:23,221 INFO c.h.h.t.HelmChartContainer - [hivemq-test-hivemq-platform] [hivemq-platform-operator] [9917e51d] 18:19:23.220 [ReconcilerExecutor-hivemq-controller-122] DEBUG c.h.p.o.HiveMQPlatformReconciler - [updatelo] StatefulSet Spec (replicas: 2, init containers: 1, containers: 1, volumes: 3)
2025-01-30 18:19:23,264 INFO c.h.h.t.HelmChartContainer - [hivemq-test-hivemq-platform] [hivemq-platform-operator] [9917e51d] 18:19:23.263 [ReconcilerExecutor-hivemq-controller-122] DEBUG c.h.p.o.h.HiveMQPlatformReconcilerErrorHandler - [updatelo] Pod 'test-hivemq-platform-1' phase Running
2025-01-30 18:19:23,266 INFO c.h.h.t.HelmChartContainer - [hivemq-test-hivemq-platform] [hivemq-platform-operator] [9917e51d] 18:19:23.265 [ReconcilerExecutor-hivemq-controller-122] DEBUG c.h.p.o.h.HiveMQPlatformReconcilerErrorHandler - [updatelo] Pod 'test-hivemq-platform-0' phase Running
2025-01-30 18:19:23,275 INFO c.h.h.t.HelmChartContainer - [hivemq-test-hivemq-platform] [hivemq-platform-operator] [9917e51d] 18:19:23.272 [ReconcilerExecutor-hivemq-controller-122] DEBUG c.h.p.o.h.HiveMQPlatformReconcilerSetLogLevelHandler - [updatelo] Setting log level on Pod 'test-hivemq-platform-1'
2025-01-30 18:19:23,275 INFO c.h.h.t.HelmChartContainer - [hivemq-test-hivemq-platform] [hivemq-platform-operator] [9917e51d] 18:19:23.273 [ForkJoinPool.commonPool-worker-1] DEBUG c.h.p.o.h.HiveMQPlatformReconcilerSetLogLevelHandler - [updatelo] Setting log level on Pod 'test-hivemq-platform-0'
2025-01-30 18:19:23,520 INFO c.h.h.t.HelmChartContainer - [test-hivemq-platform] [hivemq] [92c66a0d] INFO  - [HiveMQ Platform Operator Init App 1.7.0-SNAPSHOT] Set log level from WARN to WARN in logback.xml file
2025-01-30 18:19:23,533 INFO c.h.h.t.HelmChartContainer - [test-hivemq-platform] [hivemq] [b2b97127] INFO  - [HiveMQ Platform Operator Init 1.7.0-SNAPSHOT] HiveMQ Platform Operator Init 1.7.0-SNAPSHOT (commit: 47e3375 on branch: HEAD) built on Thu Jan 30 03:55:50 UTC 2025
2025-01-30 18:19:23,565 INFO c.h.h.t.HelmChartContainer - [hivemq-test-hivemq-platform] [hivemq-platform-operator] [9917e51d] 18:19:23.565 [vert.x-eventloop-thread-1] DEBUG c.h.platform.operator.util.PodUtil - Received status for command '[curl, -s, http://10.42.0.14:7979/setLogLevel?level=WARN]' on Pod 'test-hivemq-platform-0' (exit code: 0)
2025-01-30 18:19:23,620 INFO c.h.h.t.HelmChartContainer - [hivemq-test-hivemq-platform] [hivemq-platform-operator] [9917e51d] 18:19:23.618 [vert.x-eventloop-thread-1] DEBUG c.h.platform.operator.util.PodUtil - Received status for command '[curl, -s, http://10.42.0.15:7979/setLogLevel?level=WARN]' on Pod 'test-hivemq-platform-1' (exit code: 7)
2025-01-30 18:19:24,570 INFO c.h.h.t.HelmChartContainer - [hivemq-test-hivemq-platform] [hivemq-platform-operator] [9917e51d] 18:19:24.567 [pool-6-thread-28] DEBUG c.h.p.o.d.PlatformServiceResource - [updatelo] Desired Platform services (3 services)
2025-01-30 18:19:24,570 INFO c.h.h.t.HelmChartContainer - [hivemq-test-hivemq-platform] [hivemq-platform-operator] [9917e51d] 18:19:24.568 [pool-6-thread-22] DEBUG c.h.p.o.dependants.PodInfoConfigMap - [updatelo] Desired PodInfo ConfigMap (1 extensions) (1 enabled)
2025-01-30 18:19:24,570 INFO c.h.h.t.HelmChartContainer - [hivemq-test-hivemq-platform] [hivemq-platform-operator] [9917e51d] 18:19:24.568 [pool-6-thread-22] DEBUG c.h.p.o.dependants.PodInfoConfigMap - [updatelo] Desired PodInfo ConfigMap (metrics port: 9399) (metrics path: /)
2025-01-30 18:19:24,570 INFO c.h.h.t.HelmChartContainer - [hivemq-test-hivemq-platform] [hivemq-platform-operator] [9917e51d] 18:19:24.568 [pool-6-thread-22] DEBUG c.h.p.o.dependants.PodInfoConfigMap - [updatelo] Desired PodInfo ConfigMap (extension state hash: -1817474005)
2025-01-30 18:19:24,571 INFO c.h.h.t.HelmChartContainer - [hivemq-test-hivemq-platform] [hivemq-platform-operator] [9917e51d] 18:19:24.569 [pool-6-thread-22] DEBUG c.h.p.o.d.PodServiceAccountResource - [updatelo] Desired PodServiceAccountResource (serviceAccountName: hivemq-platform-pod-test-hivemq-platform)
2025-01-30 18:19:24,574 INFO c.h.h.t.HelmChartContainer - [hivemq-test-hivemq-platform] [hivemq-platform-operator] [9917e51d] 18:19:24.573 [pool-6-thread-29] DEBUG c.h.p.o.d.StatefulSetResource - [updatelo] Desired StatefulSet (2 replicas) for status SET_LOG_LEVEL (SET_LOG_LEVEL)
2025-01-30 18:19:24,577 INFO c.h.h.t.HelmChartContainer - [hivemq-test-hivemq-platform] [hivemq-platform-operator] [9917e51d] 18:19:24.576 [ReconcilerExecutor-hivemq-controller-123] INFO  c.h.p.o.HiveMQPlatformReconciler - [updatelo] Reconciling HiveMQ Platform 'test-hivemq-platform' in namespace 'updateloglevelit'
2025-01-30 18:19:24,577 INFO c.h.h.t.HelmChartContainer - [hivemq-test-hivemq-platform] [hivemq-platform-operator] [9917e51d] 18:19:24.576 [ReconcilerExecutor-hivemq-controller-123] DEBUG c.h.p.o.HiveMQPlatformReconciler - [updatelo] Custom Resource Status SET_LOG_LEVEL - HiveMQ Platform is updating the log level to WARN (SET_LOG_LEVEL) (reconciliation requests: SCALING)
2025-01-30 18:19:24,579 INFO c.h.h.t.HelmChartContainer - [hivemq-test-hivemq-platform] [hivemq-platform-operator] [9917e51d] 18:19:24.577 [ReconcilerExecutor-hivemq-controller-123] DEBUG c.h.p.o.HiveMQPlatformReconciler - [updatelo] Custom Resource Spec (replicas: 2) (extensions: 1)
2025-01-30 18:19:24,579 INFO c.h.h.t.HelmChartContainer - [hivemq-test-hivemq-platform] [hivemq-platform-operator] [9917e51d] 18:19:24.579 [ReconcilerExecutor-hivemq-controller-123] DEBUG c.h.p.o.HiveMQPlatformReconciler - [updatelo] StatefulSet Status (revision: test-hivemq-platform-b697f795f, replicas: 2, available: 1, ready: 1, current: 2, updated: 2)
2025-01-30 18:19:24,580 INFO c.h.h.t.HelmChartContainer - [hivemq-test-hivemq-platform] [hivemq-platform-operator] [9917e51d] 18:19:24.579 [ReconcilerExecutor-hivemq-controller-123] DEBUG c.h.p.o.HiveMQPlatformReconciler - [updatelo] StatefulSet Spec (replicas: 2, init containers: 1, containers: 1, volumes: 3)
2025-01-30 18:19:24,581 INFO c.h.h.t.HelmChartContainer - [hivemq-test-hivemq-platform] [hivemq-platform-operator] [9917e51d] 18:19:24.580 [ReconcilerExecutor-hivemq-controller-123] DEBUG c.h.p.o.h.HiveMQPlatformReconcilerErrorHandler - [updatelo] Pod 'test-hivemq-platform-1' phase Running
2025-01-30 18:19:24,583 INFO c.h.h.t.HelmChartContainer - [hivemq-test-hivemq-platform] [hivemq-platform-operator] [9917e51d] 18:19:24.582 [ReconcilerExecutor-hivemq-controller-123] DEBUG c.h.p.o.h.HiveMQPlatformReconcilerErrorHandler - [updatelo] Pod 'test-hivemq-platform-0' phase Running
2025-01-30 18:19:24,666 INFO c.h.h.t.HelmChartContainer - [hivemq-test-hivemq-platform] [hivemq-platform-operator] [9917e51d] 18:19:24.665 [ReconcilerExecutor-hivemq-controller-123] WARN  c.h.p.operator.util.RestApiUtil - [updatelo] Set log level command on Pod 'test-hivemq-platform-1' returned an empty response
2025-01-30 18:19:24,730 INFO c.h.h.t.HelmChartContainer - [test-hivemq-platform] [hivemq] [b2b97127] INFO  - [HiveMQ Platform Operator Init App 1.7.0-SNAPSHOT] Using bind address 10.42.0.15 from environment variable
2025-01-30 18:19:25,631 INFO c.h.h.t.HelmChartContainer - [test-hivemq-platform] [hivemq] [b2b97127] INFO  - [HiveMQ Platform Operator Init App 1.7.0-SNAPSHOT] HiveMQ Platform Operator Init App 1.7.0-SNAPSHOT (commit: 47e3375 on branch: HEAD) built on Thu Jan 30 03:55:50 UTC 2025
2025-01-30 18:19:25,631 INFO c.h.h.t.HelmChartContainer - [test-hivemq-platform] [hivemq] [b2b97127] INFO  - [HiveMQ Platform Operator Init App 1.7.0-SNAPSHOT] PodInfo ConfigMap directory: /etc/podinfo
2025-01-30 18:19:25,631 INFO c.h.h.t.HelmChartContainer - [test-hivemq-platform] [hivemq] [b2b97127] INFO  - [HiveMQ Platform Operator Init App 1.7.0-SNAPSHOT] HiveMQ home directory: /opt/hivemq
2025-01-30 18:19:25,631 INFO c.h.h.t.HelmChartContainer - [test-hivemq-platform] [hivemq] [b2b97127] INFO  - [HiveMQ Platform Operator Init App 1.7.0-SNAPSHOT] HiveMQ Logback folder: /opt/hivemq/conf
2025-01-30 18:19:25,633 INFO c.h.h.t.HelmChartContainer - [test-hivemq-platform] [hivemq] [b2b97127] INFO  - [HiveMQ Platform Operator Init App 1.7.0-SNAPSHOT] HiveMQ Config folder: /opt/hivemq/conf-k8s
2025-01-30 18:19:25,633 INFO c.h.h.t.HelmChartContainer - [test-hivemq-platform] [hivemq] [b2b97127] INFO  - [HiveMQ Platform Operator Init App 1.7.0-SNAPSHOT] Starting HiveMQ Platform Operator Init App
2025-01-30 18:19:25,633 INFO c.h.h.t.HelmChartContainer - [test-hivemq-platform] [hivemq] [b2b97127] INFO  - [HiveMQ Platform Operator Init App 1.7.0-SNAPSHOT] Starting Pod reconciler
2025-01-30 18:19:26,717 INFO c.h.h.t.HelmChartContainer - [test-hivemq-platform] [hivemq] [b2b97127] INFO  - [HiveMQ Platform Operator Init App 1.7.0-SNAPSHOT] Pod reconciler is scheduled (interval: 5000 ms)
2025-01-30 18:19:26,718 INFO c.h.h.t.HelmChartContainer - [test-hivemq-platform] [hivemq] [b2b97127] INFO  - [HiveMQ Platform Operator Init App 1.7.0-SNAPSHOT] Starting the REST API on 10.42.0.15:7979
2025-01-30 18:19:26,720 INFO c.h.h.t.HelmChartContainer - [test-hivemq-platform] [hivemq] [b2b97127] INFO  - [HiveMQ Platform Operator Init App 1.7.0-SNAPSHOT] Waiting up to 600s for at most 2 HiveMQ nodes in cluster service hivemq-test-hivemq-platform-cluster.updateloglevelit.svc
2025-01-30 18:19:27,114 INFO c.h.h.t.HelmChartContainer - [test-hivemq-platform] [hivemq] [b2b97127] INFO  - [HiveMQ Platform Operator Init App 1.7.0-SNAPSHOT] Resolved 2 IP addresses: [10.42.0.15, 10.42.0.14]
2025-01-30 18:19:27,114 INFO c.h.h.t.HelmChartContainer - [test-hivemq-platform] [hivemq] [b2b97127] INFO  - [HiveMQ Platform Operator Init App 1.7.0-SNAPSHOT] HiveMQ node count of 2 is within threshold of 2
2025-01-30 18:19:27,114 INFO c.h.h.t.HelmChartContainer - [test-hivemq-platform] [hivemq] [b2b97127] INFO  - [HiveMQ Platform Operator Init App 1.7.0-SNAPSHOT] Waiting 15s for previous shutdown replication to finish...
2025-01-30 18:19:29,197 INFO c.h.h.t.HelmChartContainer - [test-hivemq-platform] [hivemq] [b2b97127] INFO  - [HiveMQ Platform Operator Init App 1.7.0-SNAPSHOT] Returning default Health API response 503 for readiness
2025-01-30 18:19:29,264 INFO c.h.h.t.HelmChartContainer - [EVENT] Warning [Unhealthy] Readiness probe failed: HTTP probe failed with statuscode: 503 [updateloglevelit:test-hivemq-platform-1]
2025-01-30 18:19:29,264 INFO c.h.h.t.HelmChartContainer - Received Unhealthy event for container hivemq in pod test-hivemq-platform-1 [b2b97127-7385-4bba-89aa-a2f6563afc92]
2025-01-30 18:19:34,115 INFO c.h.h.t.HelmChartContainer - [test-hivemq-platform] [hivemq] [92c66a0d] INFO  - [HiveMQ Platform Operator Init App 1.7.0-SNAPSHOT] Returning Health API response 200 for liveness
2025-01-30 18:19:34,122 INFO c.h.h.t.HelmChartContainer - [test-hivemq-platform] [hivemq] [b2b97127] INFO  - [HiveMQ Platform Operator Init App 1.7.0-SNAPSHOT] Updating Pod HiveMQ Platform Operator Init App version annotation (version: 1.7.0-SNAPSHOT)
2025-01-30 18:19:34,219 INFO c.h.h.t.HelmChartContainer - [EVENT] Warning [Unhealthy] Readiness probe failed: HTTP probe failed with statuscode: 503 [updateloglevelit:test-hivemq-platform-1]
2025-01-30 18:19:34,219 INFO c.h.h.t.HelmChartContainer - Received Unhealthy event for container hivemq in pod test-hivemq-platform-1 [b2b97127-7385-4bba-89aa-a2f6563afc92]
2025-01-30 18:19:34,429 INFO c.h.h.t.HelmChartContainer - [POD] test-hivemq-platform-1 [b2b97127-7385-4bba-89aa-a2f6563afc92] in updateloglevelit was MODIFIED
2025-01-30 18:19:34,438 INFO c.h.h.t.HelmChartContainer - [EVENT] Warning [Unhealthy] Readiness probe failed: HTTP probe failed with statuscode: 503 [updateloglevelit:test-hivemq-platform-1]
2025-01-30 18:19:34,438 INFO c.h.h.t.HelmChartContainer - Received Unhealthy event for container hivemq in pod test-hivemq-platform-1 [b2b97127-7385-4bba-89aa-a2f6563afc92]
2025-01-30 18:19:34,441 INFO c.h.h.t.HelmChartContainer - [hivemq-test-hivemq-platform] [hivemq-platform-operator] [9917e51d] 18:19:34.439 [pool-6-thread-32] DEBUG c.h.p.o.d.PlatformServiceResource - [updatelo] Desired Platform services (3 services)
2025-01-30 18:19:34,442 INFO c.h.h.t.HelmChartContainer - [hivemq-test-hivemq-platform] [hivemq-platform-operator] [9917e51d] 18:19:34.440 [pool-6-thread-36] DEBUG c.h.p.o.d.PodServiceAccountResource - [updatelo] Desired PodServiceAccountResource (serviceAccountName: hivemq-platform-pod-test-hivemq-platform)
2025-01-30 18:19:34,443 INFO c.h.h.t.HelmChartContainer - [hivemq-test-hivemq-platform] [hivemq-platform-operator] [9917e51d] 18:19:34.441 [pool-6-thread-38] DEBUG c.h.p.o.dependants.PodInfoConfigMap - [updatelo] Desired PodInfo ConfigMap (1 extensions) (1 enabled)
2025-01-30 18:19:34,443 INFO c.h.h.t.HelmChartContainer - [hivemq-test-hivemq-platform] [hivemq-platform-operator] [9917e51d] 18:19:34.441 [pool-6-thread-38] DEBUG c.h.p.o.dependants.PodInfoConfigMap - [updatelo] Desired PodInfo ConfigMap (metrics port: 9399) (metrics path: /)
2025-01-30 18:19:34,443 INFO c.h.h.t.HelmChartContainer - [hivemq-test-hivemq-platform] [hivemq-platform-operator] [9917e51d] 18:19:34.441 [pool-6-thread-38] DEBUG c.h.p.o.dependants.PodInfoConfigMap - [updatelo] Desired PodInfo ConfigMap (extension state hash: -1817474005)
2025-01-30 18:19:34,446 INFO c.h.h.t.HelmChartContainer - [hivemq-test-hivemq-platform] [hivemq-platform-operator] [9917e51d] 18:19:34.445 [pool-6-thread-31] DEBUG c.h.p.o.d.StatefulSetResource - [updatelo] Desired StatefulSet (2 replicas) for status SET_LOG_LEVEL (SET_LOG_LEVEL)
2025-01-30 18:19:34,449 INFO c.h.h.t.HelmChartContainer - [hivemq-test-hivemq-platform] [hivemq-platform-operator] [9917e51d] 18:19:34.448 [ReconcilerExecutor-hivemq-controller-124] INFO  c.h.p.o.HiveMQPlatformReconciler - [updatelo] Reconciling HiveMQ Platform 'test-hivemq-platform' in namespace 'updateloglevelit'
2025-01-30 18:19:34,450 INFO c.h.h.t.HelmChartContainer - [hivemq-test-hivemq-platform] [hivemq-platform-operator] [9917e51d] 18:19:34.448 [ReconcilerExecutor-hivemq-controller-124] DEBUG c.h.p.o.HiveMQPlatformReconciler - [updatelo] Custom Resource Status SET_LOG_LEVEL - HiveMQ Platform is updating the log level to WARN (SET_LOG_LEVEL) (reconciliation requests: SCALING)
2025-01-30 18:19:34,450 INFO c.h.h.t.HelmChartContainer - [hivemq-test-hivemq-platform] [hivemq-platform-operator] [9917e51d] 18:19:34.449 [ReconcilerExecutor-hivemq-controller-124] DEBUG c.h.p.o.HiveMQPlatformReconciler - [updatelo] Custom Resource Spec (replicas: 2) (extensions: 1)
2025-01-30 18:19:34,452 INFO c.h.h.t.HelmChartContainer - [hivemq-test-hivemq-platform] [hivemq-platform-operator] [9917e51d] 18:19:34.449 [ReconcilerExecutor-hivemq-controller-124] DEBUG c.h.p.o.HiveMQPlatformReconciler - [updatelo] StatefulSet Status (revision: test-hivemq-platform-b697f795f, replicas: 2, available: 1, ready: 1, current: 2, updated: 2)
2025-01-30 18:19:34,452 INFO c.h.h.t.HelmChartContainer - [hivemq-test-hivemq-platform] [hivemq-platform-operator] [9917e51d] 18:19:34.450 [ReconcilerExecutor-hivemq-controller-124] DEBUG c.h.p.o.HiveMQPlatformReconciler - [updatelo] StatefulSet Spec (replicas: 2, init containers: 1, containers: 1, volumes: 3)
2025-01-30 18:19:34,452 INFO c.h.h.t.HelmChartContainer - [hivemq-test-hivemq-platform] [hivemq-platform-operator] [9917e51d] 18:19:34.451 [ReconcilerExecutor-hivemq-controller-124] DEBUG c.h.p.o.h.HiveMQPlatformReconcilerErrorHandler - [updatelo] Pod 'test-hivemq-platform-1' phase Running
2025-01-30 18:19:34,453 INFO c.h.h.t.HelmChartContainer - [hivemq-test-hivemq-platform] [hivemq-platform-operator] [9917e51d] 18:19:34.453 [ReconcilerExecutor-hivemq-controller-124] DEBUG c.h.p.o.h.HiveMQPlatformReconcilerErrorHandler - [updatelo] Pod 'test-hivemq-platform-0' phase Running
2025-01-30 18:19:34,472 INFO c.h.h.t.HelmChartContainer - [hivemq-test-hivemq-platform] [hivemq-platform-operator] [9917e51d] 18:19:34.470 [ReconcilerExecutor-hivemq-controller-124] DEBUG c.h.p.o.h.HiveMQPlatformReconcilerSetLogLevelHandler - [updatelo] Setting log level on Pod 'test-hivemq-platform-1'
2025-01-30 18:19:34,472 INFO c.h.h.t.HelmChartContainer - [hivemq-test-hivemq-platform] [hivemq-platform-operator] [9917e51d] 18:19:34.470 [ForkJoinPool.commonPool-worker-1] DEBUG c.h.p.o.h.HiveMQPlatformReconcilerSetLogLevelHandler - [updatelo] Setting log level on Pod 'test-hivemq-platform-0'
2025-01-30 18:19:34,515 INFO c.h.h.t.HelmChartContainer - [test-hivemq-platform] [hivemq] [b2b97127] INFO  - [HiveMQ Platform Operator Init App 1.7.0-SNAPSHOT] Successfully updated Pod HiveMQ Platform Operator Init App version annotation (version: 1.7.0-SNAPSHOT)
2025-01-30 18:19:34,618 INFO c.h.h.t.HelmChartContainer - [test-hivemq-platform] [hivemq] [92c66a0d] INFO  - [HiveMQ Platform Operator Init App 1.7.0-SNAPSHOT] Set log level from WARN to WARN in logback.xml file
2025-01-30 18:19:34,678 INFO c.h.h.t.HelmChartContainer - [hivemq-test-hivemq-platform] [hivemq-platform-operator] [9917e51d] 18:19:34.677 [vert.x-eventloop-thread-1] DEBUG c.h.platform.operator.util.PodUtil - Received status for command '[curl, -s, http://10.42.0.14:7979/setLogLevel?level=WARN]' on Pod 'test-hivemq-platform-0' (exit code: 0)
2025-01-30 18:19:35,313 INFO c.h.h.t.HelmChartContainer - [test-hivemq-platform] [hivemq] [b2b97127] INFO  - [HiveMQ Platform Operator Init App 1.7.0-SNAPSHOT] Set log level from ${HIVEMQ_LOG_LEVEL:-INFO} to WARN in logback.xml file
2025-01-30 18:19:35,324 INFO c.h.h.t.HelmChartContainer - [hivemq-test-hivemq-platform] [hivemq-platform-operator] [9917e51d] 18:19:35.322 [vert.x-eventloop-thread-0] DEBUG c.h.platform.operator.util.PodUtil - Received status for command '[curl, -s, http://10.42.0.15:7979/setLogLevel?level=WARN]' on Pod 'test-hivemq-platform-1' (exit code: 0)
2025-01-30 18:19:35,587 INFO c.h.h.t.HelmChartContainer - [hivemq-test-hivemq-platform] [hivemq-platform-operator] [9917e51d] 18:19:35.585 [pool-6-thread-45] DEBUG c.h.p.o.d.PlatformServiceResource - [updatelo] Desired Platform services (3 services)
2025-01-30 18:19:35,587 INFO c.h.h.t.HelmChartContainer - [hivemq-test-hivemq-platform] [hivemq-platform-operator] [9917e51d] 18:19:35.586 [pool-6-thread-48] DEBUG c.h.p.o.dependants.PodInfoConfigMap - [updatelo] Desired PodInfo ConfigMap (1 extensions) (1 enabled)
2025-01-30 18:19:35,587 INFO c.h.h.t.HelmChartContainer - [hivemq-test-hivemq-platform] [hivemq-platform-operator] [9917e51d] 18:19:35.586 [pool-6-thread-48] DEBUG c.h.p.o.dependants.PodInfoConfigMap - [updatelo] Desired PodInfo ConfigMap (metrics port: 9399) (metrics path: /)
2025-01-30 18:19:35,589 INFO c.h.h.t.HelmChartContainer - [hivemq-test-hivemq-platform] [hivemq-platform-operator] [9917e51d] 18:19:35.588 [pool-6-thread-48] DEBUG c.h.p.o.dependants.PodInfoConfigMap - [updatelo] Desired PodInfo ConfigMap (extension state hash: -1817474005)
2025-01-30 18:19:35,590 INFO c.h.h.t.HelmChartContainer - [hivemq-test-hivemq-platform] [hivemq-platform-operator] [9917e51d] 18:19:35.588 [pool-6-thread-46] DEBUG c.h.p.o.d.PodServiceAccountResource - [updatelo] Desired PodServiceAccountResource (serviceAccountName: hivemq-platform-pod-test-hivemq-platform)
2025-01-30 18:19:35,592 INFO c.h.h.t.HelmChartContainer - [hivemq-test-hivemq-platform] [hivemq-platform-operator] [9917e51d] 18:19:35.591 [pool-6-thread-41] DEBUG c.h.p.o.d.StatefulSetResource - [updatelo] Desired StatefulSet (2 replicas) for status SET_LOG_LEVEL (SET_LOG_LEVEL)
2025-01-30 18:19:35,596 INFO c.h.h.t.HelmChartContainer - [hivemq-test-hivemq-platform] [hivemq-platform-operator] [9917e51d] 18:19:35.594 [ReconcilerExecutor-hivemq-controller-125] INFO  c.h.p.o.HiveMQPlatformReconciler - [updatelo] Reconciling HiveMQ Platform 'test-hivemq-platform' in namespace 'updateloglevelit'
2025-01-30 18:19:35,596 INFO c.h.h.t.HelmChartContainer - [hivemq-test-hivemq-platform] [hivemq-platform-operator] [9917e51d] 18:19:35.594 [ReconcilerExecutor-hivemq-controller-125] DEBUG c.h.p.o.HiveMQPlatformReconciler - [updatelo] Custom Resource Status SET_LOG_LEVEL - HiveMQ Platform is updating the log level to WARN (SET_LOG_LEVEL) (reconciliation requests: SCALING)
2025-01-30 18:19:35,596 INFO c.h.h.t.HelmChartContainer - [hivemq-test-hivemq-platform] [hivemq-platform-operator] [9917e51d] 18:19:35.594 [ReconcilerExecutor-hivemq-controller-125] DEBUG c.h.p.o.HiveMQPlatformReconciler - [updatelo] Custom Resource Spec (replicas: 2) (extensions: 1)
2025-01-30 18:19:35,597 INFO c.h.h.t.HelmChartContainer - [hivemq-test-hivemq-platform] [hivemq-platform-operator] [9917e51d] 18:19:35.595 [ReconcilerExecutor-hivemq-controller-125] DEBUG c.h.p.o.HiveMQPlatformReconciler - [updatelo] StatefulSet Status (revision: test-hivemq-platform-b697f795f, replicas: 2, available: 1, ready: 1, current: 2, updated: 2)
2025-01-30 18:19:35,597 INFO c.h.h.t.HelmChartContainer - [hivemq-test-hivemq-platform] [hivemq-platform-operator] [9917e51d] 18:19:35.595 [ReconcilerExecutor-hivemq-controller-125] DEBUG c.h.p.o.HiveMQPlatformReconciler - [updatelo] StatefulSet Spec (replicas: 2, init containers: 1, containers: 1, volumes: 3)
2025-01-30 18:19:35,598 INFO c.h.h.t.HelmChartContainer - [hivemq-test-hivemq-platform] [hivemq-platform-operator] [9917e51d] 18:19:35.597 [ReconcilerExecutor-hivemq-controller-125] DEBUG c.h.p.o.h.HiveMQPlatformReconcilerErrorHandler - [updatelo] Pod 'test-hivemq-platform-1' phase Running
2025-01-30 18:19:35,599 INFO c.h.h.t.HelmChartContainer - [hivemq-test-hivemq-platform] [hivemq-platform-operator] [9917e51d] 18:19:35.598 [ReconcilerExecutor-hivemq-controller-125] DEBUG c.h.p.o.h.HiveMQPlatformReconcilerErrorHandler - [updatelo] Pod 'test-hivemq-platform-0' phase Running
2025-01-30 18:19:35,600 INFO c.h.h.t.HelmChartContainer - [hivemq-test-hivemq-platform] [hivemq-platform-operator] [9917e51d] 18:19:35.599 [ReconcilerExecutor-hivemq-controller-125] INFO  c.h.p.o.h.HiveMQPlatformReconcilerSetLogLevelHandler - [updatelo] Successfully updated the log level on all Pods
2025-01-30 18:19:35,673 INFO c.h.h.t.HelmChartContainer - [hivemq-test-hivemq-platform] [hivemq-platform-operator] [9917e51d] 18:19:35.670 [ReconcilerExecutor-hivemq-controller-125] DEBUG c.h.p.operator.event.EventSender - [updatelo] Creating K8s event waiting-for-log-level-update: [SetLogLevel] HiveMQ Platform is updating the log level
2025-01-30 18:19:35,674 INFO c.h.h.t.HelmChartContainer - [EVENT] Normal [SetLogLevel] HiveMQ Platform is updating the log level [updateloglevelit:test-hivemq-platform]
2025-01-30 18:19:35,675 INFO c.h.h.t.HelmChartContainer - [hivemq-test-hivemq-platform] [hivemq-platform-operator] [9917e51d] 18:19:35.674 [ReconcilerExecutor-hivemq-controller-125] INFO  c.h.p.o.h.AbstractHiveMQReconcilerStateHandler - [updatelo] Update HiveMQ Platform Status (SET_LOG_LEVEL [SET_LOG_LEVEL] -> SET_LOG_LEVEL [WAIT_FOR_LOG_LEVEL_UPDATE]): HiveMQ Platform is updating the log level (reconciliation requests: SCALING)
2025-01-30 18:19:35,685 DEBUG com.hivemq.helmcharts.util.K8sUtil - Comparing actual state 'SET_LOG_LEVEL' and waiting for 'RUNNING'
2025-01-30 18:19:39,437 INFO c.h.h.t.HelmChartContainer - [EVENT] Warning [Unhealthy] Readiness probe failed: HTTP probe failed with statuscode: 503 [updateloglevelit:test-hivemq-platform-1]
2025-01-30 18:19:39,437 INFO c.h.h.t.HelmChartContainer - Received Unhealthy event for container hivemq in pod test-hivemq-platform-1 [b2b97127-7385-4bba-89aa-a2f6563afc92]
2025-01-30 18:19:42,114 INFO c.h.h.t.HelmChartContainer - [test-hivemq-platform] [hivemq] [b2b97127] INFO  - [HiveMQ Platform Operator Init App 1.7.0-SNAPSHOT] Proceeding with container start
2025-01-30 18:19:42,117 INFO c.h.h.t.HelmChartContainer - [test-hivemq-platform] [hivemq] [b2b97127] INFO  - [HiveMQ Platform Operator Init App 1.7.0-SNAPSHOT] Initializing HiveMQ Platform extensions with initial configuration: {hivemq-allow-all-extension={start-priority=-1, skip-https-hostname-verification=false, restart=true, config-version=0, header-version=0, c-uri=, priority=-1, uri=preinstalled, skip-https-certificate-validation=false, enabled=true}, hivemq-prometheus-extension={request-header-path=no-request-headers, enabled=true, restart=true, priority=-1, start-priority=-1, c-uri=, skip-https-hostname-verification=false, skip-https-certificate-validation=false, uri=preinstalled}}
2025-01-30 18:19:42,127 INFO c.h.h.t.HelmChartContainer - [test-hivemq-platform] [hivemq] [b2b97127] INFO  - [HiveMQ Platform Operator Init App 1.7.0-SNAPSHOT] Extension hivemq-allow-all-extension was already enabled
2025-01-30 18:19:42,213 INFO c.h.h.t.HelmChartContainer - [test-hivemq-platform] [hivemq] [b2b97127] INFO  - [HiveMQ Platform Operator Init App 1.7.0-SNAPSHOT] Successfully enabled extension hivemq-prometheus-extension
2025-01-30 18:19:42,215 INFO c.h.h.t.HelmChartContainer - [test-hivemq-platform] [hivemq] [b2b97127] INFO  - [HiveMQ Platform Operator Init App 1.7.0-SNAPSHOT] Starting HiveMQ Platform version 4.36.0 (4.36.0)
2025-01-30 18:19:42,215 INFO c.h.h.t.HelmChartContainer - [test-hivemq-platform] [hivemq] [b2b97127] INFO  - [HiveMQ Platform Operator Init App 1.7.0-SNAPSHOT] Configuring the HiveMQ Platform
2025-01-30 18:19:42,223 INFO c.h.h.t.HelmChartContainer - [test-hivemq-platform] [hivemq] [b2b97127] INFO  - [HiveMQ Platform Operator Init App 1.7.0-SNAPSHOT] Changed logback.xml file scan period to 20 seconds
2025-01-30 18:19:42,233 INFO c.h.h.t.HelmChartContainer - [test-hivemq-platform] [hivemq] [b2b97127] INFO  - [HiveMQ Platform Operator Init App 1.7.0-SNAPSHOT] Starting the HiveMQ Platform
2025-01-30 18:19:42,316 INFO c.h.h.t.HelmChartContainer - [test-hivemq-platform] [hivemq] [b2b97127] -------------------------------------------------------------------------
2025-01-30 18:19:42,316 INFO c.h.h.t.HelmChartContainer - [test-hivemq-platform] [hivemq] [b2b97127] 
2025-01-30 18:19:42,316 INFO c.h.h.t.HelmChartContainer - [test-hivemq-platform] [hivemq] [b2b97127]                   _    _  _              __  __   ____
2025-01-30 18:19:42,316 INFO c.h.h.t.HelmChartContainer - [test-hivemq-platform] [hivemq] [b2b97127]                  | |  | |(_)            |  \/  | / __ \
2025-01-30 18:19:42,316 INFO c.h.h.t.HelmChartContainer - [test-hivemq-platform] [hivemq] [b2b97127]                  | |__| | _ __   __ ___ | \  / || |  | |
2025-01-30 18:19:42,316 INFO c.h.h.t.HelmChartContainer - [test-hivemq-platform] [hivemq] [b2b97127]                  |  __  || |\ \ / // _ \| |\/| || |  | |
2025-01-30 18:19:42,316 INFO c.h.h.t.HelmChartContainer - [test-hivemq-platform] [hivemq] [b2b97127]                  | |  | || | \ V /|  __/| |  | || |__| |
2025-01-30 18:19:42,316 INFO c.h.h.t.HelmChartContainer - [test-hivemq-platform] [hivemq] [b2b97127]                  |_|  |_||_|  \_/  \___||_|  |_| \___\_\
2025-01-30 18:19:42,316 INFO c.h.h.t.HelmChartContainer - [test-hivemq-platform] [hivemq] [b2b97127] 
2025-01-30 18:19:42,316 INFO c.h.h.t.HelmChartContainer - [test-hivemq-platform] [hivemq] [b2b97127] -------------------------------------------------------------------------
2025-01-30 18:19:42,316 INFO c.h.h.t.HelmChartContainer - [test-hivemq-platform] [hivemq] [b2b97127] 
2025-01-30 18:19:42,316 INFO c.h.h.t.HelmChartContainer - [test-hivemq-platform] [hivemq] [b2b97127]   HiveMQ Start Script for Linux/Unix v1.14
2025-01-30 18:19:42,316 INFO c.h.h.t.HelmChartContainer - [test-hivemq-platform] [hivemq] [b2b97127] 
2025-01-30 18:19:42,343 INFO c.h.h.t.HelmChartContainer - [test-hivemq-platform] [hivemq] [b2b97127] -------------------------------------------------------------------------
2025-01-30 18:19:42,343 INFO c.h.h.t.HelmChartContainer - [test-hivemq-platform] [hivemq] [b2b97127] 
2025-01-30 18:19:42,343 INFO c.h.h.t.HelmChartContainer - [test-hivemq-platform] [hivemq] [b2b97127]   HIVEMQ_HOME: /opt/hivemq
2025-01-30 18:19:42,344 INFO c.h.h.t.HelmChartContainer - [test-hivemq-platform] [hivemq] [b2b97127] 
2025-01-30 18:19:42,344 INFO c.h.h.t.HelmChartContainer - [test-hivemq-platform] [hivemq] [b2b97127]   JAVA_OPTS: -XX:+UnlockExperimentalVMOptions -XX:InitialRAMPercentage=50 -XX:MaxRAMPercentage=50 -Djava.net.preferIPv4Stack=true --add-opens java.base/java.lang=ALL-UNNAMED --add-opens java.base/java.nio=ALL-UNNAMED --add-opens java.base/sun.nio.ch=ALL-UNNAMED --add-opens jdk.management/com.sun.management.internal=ALL-UNNAMED --add-exports java.base/jdk.internal.misc=ALL-UNNAMED -Djava.security.egd=file:/dev/./urandom -Dcom.sun.management.jmxremote -Dcom.sun.management.jmxremote.port=9010 -Dcom.sun.management.jmxremote.local.only=false -Dcom.sun.management.jmxremote.authenticate=false -Dcom.sun.management.jmxremote.ssl=false -Duser.language=en -Duser.region=US -XX:+CrashOnOutOfMemoryError -XX:+HeapDumpOnOutOfMemoryError
2025-01-30 18:19:42,344 INFO c.h.h.t.HelmChartContainer - [test-hivemq-platform] [hivemq] [b2b97127] 
2025-01-30 18:19:42,344 INFO c.h.h.t.HelmChartContainer - [test-hivemq-platform] [hivemq] [b2b97127]   JAVA_VERSION: 21
2025-01-30 18:19:42,344 INFO c.h.h.t.HelmChartContainer - [test-hivemq-platform] [hivemq] [b2b97127] 
2025-01-30 18:19:42,344 INFO c.h.h.t.HelmChartContainer - [test-hivemq-platform] [hivemq] [b2b97127] -------------------------------------------------------------------------
2025-01-30 18:19:42,344 INFO c.h.h.t.HelmChartContainer - [test-hivemq-platform] [hivemq] [b2b97127] 
2025-01-30 18:19:44,518 INFO c.h.h.t.HelmChartContainer - [EVENT] Warning [Unhealthy] Readiness probe failed: HTTP probe failed with statuscode: 503 [updateloglevelit:test-hivemq-platform-1]
2025-01-30 18:19:44,518 INFO c.h.h.t.HelmChartContainer - Received Unhealthy event for container hivemq in pod test-hivemq-platform-1 [b2b97127-7385-4bba-89aa-a2f6563afc92]
2025-01-30 18:19:44,749 INFO c.h.h.t.HelmChartContainer - [test-hivemq-platform] [hivemq] [b2b97127] INFO  - Starting HiveMQ Enterprise Server
2025-01-30 18:19:44,817 INFO c.h.h.t.HelmChartContainer - [test-hivemq-platform] [hivemq] [b2b97127] INFO  - HiveMQ version: 4.36.0
2025-01-30 18:19:44,817 INFO c.h.h.t.HelmChartContainer - [test-hivemq-platform] [hivemq] [b2b97127] INFO  - HiveMQ home directory: /opt/hivemq
2025-01-30 18:19:45,690 INFO c.h.h.t.HelmChartContainer - [hivemq-test-hivemq-platform] [hivemq-platform-operator] [9917e51d] 18:19:45.686 [pool-6-thread-2] DEBUG c.h.p.o.d.PlatformServiceResource - [updatelo] Desired Platform services (3 services)
2025-01-30 18:19:45,690 INFO c.h.h.t.HelmChartContainer - [hivemq-test-hivemq-platform] [hivemq-platform-operator] [9917e51d] 18:19:45.689 [pool-6-thread-1] DEBUG c.h.p.o.d.PodServiceAccountResource - [updatelo] Desired PodServiceAccountResource (serviceAccountName: hivemq-platform-pod-test-hivemq-platform)
2025-01-30 18:19:45,693 INFO c.h.h.t.HelmChartContainer - [hivemq-test-hivemq-platform] [hivemq-platform-operator] [9917e51d] 18:19:45.692 [pool-6-thread-10] DEBUG c.h.p.o.dependants.PodInfoConfigMap - [updatelo] Desired PodInfo ConfigMap (1 extensions) (1 enabled)
2025-01-30 18:19:45,693 INFO c.h.h.t.HelmChartContainer - [hivemq-test-hivemq-platform] [hivemq-platform-operator] [9917e51d] 18:19:45.692 [pool-6-thread-10] DEBUG c.h.p.o.dependants.PodInfoConfigMap - [updatelo] Desired PodInfo ConfigMap (metrics port: 9399) (metrics path: /)
2025-01-30 18:19:45,695 INFO c.h.h.t.HelmChartContainer - [hivemq-test-hivemq-platform] [hivemq-platform-operator] [9917e51d] 18:19:45.692 [pool-6-thread-10] DEBUG c.h.p.o.dependants.PodInfoConfigMap - [updatelo] Desired PodInfo ConfigMap (extension state hash: -1817474005)
2025-01-30 18:19:45,698 INFO c.h.h.t.HelmChartContainer - [hivemq-test-hivemq-platform] [hivemq-platform-operator] [9917e51d] 18:19:45.697 [pool-6-thread-9] DEBUG c.h.p.o.d.StatefulSetResource - [updatelo] Desired StatefulSet (2 replicas) for status SET_LOG_LEVEL (WAIT_FOR_LOG_LEVEL_UPDATE)
2025-01-30 18:19:45,706 INFO c.h.h.t.HelmChartContainer - [hivemq-test-hivemq-platform] [hivemq-platform-operator] [9917e51d] 18:19:45.705 [ReconcilerExecutor-hivemq-controller-126] INFO  c.h.p.o.HiveMQPlatformReconciler - [updatelo] Reconciling HiveMQ Platform 'test-hivemq-platform' in namespace 'updateloglevelit'
2025-01-30 18:19:45,706 INFO c.h.h.t.HelmChartContainer - [hivemq-test-hivemq-platform] [hivemq-platform-operator] [9917e51d] 18:19:45.705 [ReconcilerExecutor-hivemq-controller-126] DEBUG c.h.p.o.HiveMQPlatformReconciler - [updatelo] Custom Resource Status SET_LOG_LEVEL - HiveMQ Platform is updating the log level (WAIT_FOR_LOG_LEVEL_UPDATE) (reconciliation requests: SCALING)
2025-01-30 18:19:45,706 INFO c.h.h.t.HelmChartContainer - [hivemq-test-hivemq-platform] [hivemq-platform-operator] [9917e51d] 18:19:45.705 [ReconcilerExecutor-hivemq-controller-126] DEBUG c.h.p.o.HiveMQPlatformReconciler - [updatelo] Custom Resource Spec (replicas: 2) (extensions: 1)
2025-01-30 18:19:45,708 INFO c.h.h.t.HelmChartContainer - [hivemq-test-hivemq-platform] [hivemq-platform-operator] [9917e51d] 18:19:45.706 [ReconcilerExecutor-hivemq-controller-126] DEBUG c.h.p.o.HiveMQPlatformReconciler - [updatelo] StatefulSet Status (revision: test-hivemq-platform-b697f795f, replicas: 2, available: 1, ready: 1, current: 2, updated: 2)
2025-01-30 18:19:45,708 INFO c.h.h.t.HelmChartContainer - [hivemq-test-hivemq-platform] [hivemq-platform-operator] [9917e51d] 18:19:45.707 [ReconcilerExecutor-hivemq-controller-126] DEBUG c.h.p.o.HiveMQPlatformReconciler - [updatelo] StatefulSet Spec (replicas: 2, init containers: 1, containers: 1, volumes: 3)
2025-01-30 18:19:45,709 INFO c.h.h.t.HelmChartContainer - [hivemq-test-hivemq-platform] [hivemq-platform-operator] [9917e51d] 18:19:45.708 [ReconcilerExecutor-hivemq-controller-126] DEBUG c.h.p.o.h.HiveMQPlatformReconcilerErrorHandler - [updatelo] Pod 'test-hivemq-platform-1' phase Running
2025-01-30 18:19:45,710 INFO c.h.h.t.HelmChartContainer - [hivemq-test-hivemq-platform] [hivemq-platform-operator] [9917e51d] 18:19:45.710 [ReconcilerExecutor-hivemq-controller-126] DEBUG c.h.p.o.h.HiveMQPlatformReconcilerErrorHandler - [updatelo] Pod 'test-hivemq-platform-0' phase Running
2025-01-30 18:19:45,765 INFO c.h.h.t.HelmChartContainer - [hivemq-test-hivemq-platform] [hivemq-platform-operator] [9917e51d] 18:19:45.764 [ReconcilerExecutor-hivemq-controller-126] DEBUG c.h.p.o.h.HiveMQPlatformReconcilerSetLogLevelHandler - [updatelo] Checking log level on Pod 'test-hivemq-platform-1'
2025-01-30 18:19:45,767 INFO c.h.h.t.HelmChartContainer - [hivemq-test-hivemq-platform] [hivemq-platform-operator] [9917e51d] 18:19:45.764 [ForkJoinPool.commonPool-worker-1] DEBUG c.h.p.o.h.HiveMQPlatformReconcilerSetLogLevelHandler - [updatelo] Checking log level on Pod 'test-hivemq-platform-0'
2025-01-30 18:19:45,986 INFO c.h.h.t.HelmChartContainer - [hivemq-test-hivemq-platform] [hivemq-platform-operator] [9917e51d] 18:19:45.985 [vert.x-eventloop-thread-1] DEBUG c.h.platform.operator.util.PodUtil - Received status for command '[curl, -s, http://10.42.0.14:7979/logLevel]' on Pod 'test-hivemq-platform-0' (exit code: 0)
2025-01-30 18:19:46,228 INFO c.h.h.t.HelmChartContainer - [hivemq-test-hivemq-platform] [hivemq-platform-operator] [9917e51d] 18:19:46.227 [vert.x-eventloop-thread-0] DEBUG c.h.platform.operator.util.PodUtil - Received status for command '[curl, -s, http://10.42.0.15:7979/logLevel]' on Pod 'test-hivemq-platform-1' (exit code: 0)
2025-01-30 18:19:46,889 INFO c.h.h.t.HelmChartContainer - [hivemq-test-hivemq-platform] [hivemq-platform-operator] [9917e51d] 18:19:46.887 [pool-6-thread-18] DEBUG c.h.p.o.dependants.PodInfoConfigMap - [updatelo] Desired PodInfo ConfigMap (1 extensions) (1 enabled)
2025-01-30 18:19:46,889 INFO c.h.h.t.HelmChartContainer - [hivemq-test-hivemq-platform] [hivemq-platform-operator] [9917e51d] 18:19:46.887 [pool-6-thread-18] DEBUG c.h.p.o.dependants.PodInfoConfigMap - [updatelo] Desired PodInfo ConfigMap (metrics port: 9399) (metrics path: /)
2025-01-30 18:19:46,889 INFO c.h.h.t.HelmChartContainer - [hivemq-test-hivemq-platform] [hivemq-platform-operator] [9917e51d] 18:19:46.887 [pool-6-thread-18] DEBUG c.h.p.o.dependants.PodInfoConfigMap - [updatelo] Desired PodInfo ConfigMap (extension state hash: -1817474005)
2025-01-30 18:19:46,890 INFO c.h.h.t.HelmChartContainer - [hivemq-test-hivemq-platform] [hivemq-platform-operator] [9917e51d] 18:19:46.887 [pool-6-thread-12] DEBUG c.h.p.o.d.PlatformServiceResource - [updatelo] Desired Platform services (3 services)
2025-01-30 18:19:46,890 INFO c.h.h.t.HelmChartContainer - [hivemq-test-hivemq-platform] [hivemq-platform-operator] [9917e51d] 18:19:46.887 [pool-6-thread-13] DEBUG c.h.p.o.d.PodServiceAccountResource - [updatelo] Desired PodServiceAccountResource (serviceAccountName: hivemq-platform-pod-test-hivemq-platform)
2025-01-30 18:19:46,893 INFO c.h.h.t.HelmChartContainer - [hivemq-test-hivemq-platform] [hivemq-platform-operator] [9917e51d] 18:19:46.892 [pool-6-thread-12] DEBUG c.h.p.o.d.StatefulSetResource - [updatelo] Desired StatefulSet (2 replicas) for status SET_LOG_LEVEL (WAIT_FOR_LOG_LEVEL_UPDATE)
2025-01-30 18:19:46,896 INFO c.h.h.t.HelmChartContainer - [hivemq-test-hivemq-platform] [hivemq-platform-operator] [9917e51d] 18:19:46.895 [ReconcilerExecutor-hivemq-controller-127] INFO  c.h.p.o.HiveMQPlatformReconciler - [updatelo] Reconciling HiveMQ Platform 'test-hivemq-platform' in namespace 'updateloglevelit'
2025-01-30 18:19:46,896 INFO c.h.h.t.HelmChartContainer - [hivemq-test-hivemq-platform] [hivemq-platform-operator] [9917e51d] 18:19:46.895 [ReconcilerExecutor-hivemq-controller-127] DEBUG c.h.p.o.HiveMQPlatformReconciler - [updatelo] Custom Resource Status SET_LOG_LEVEL - HiveMQ Platform is updating the log level (WAIT_FOR_LOG_LEVEL_UPDATE) (reconciliation requests: SCALING)
2025-01-30 18:19:46,896 INFO c.h.h.t.HelmChartContainer - [hivemq-test-hivemq-platform] [hivemq-platform-operator] [9917e51d] 18:19:46.895 [ReconcilerExecutor-hivemq-controller-127] DEBUG c.h.p.o.HiveMQPlatformReconciler - [updatelo] Custom Resource Spec (replicas: 2) (extensions: 1)
2025-01-30 18:19:46,897 INFO c.h.h.t.HelmChartContainer - [hivemq-test-hivemq-platform] [hivemq-platform-operator] [9917e51d] 18:19:46.896 [ReconcilerExecutor-hivemq-controller-127] DEBUG c.h.p.o.HiveMQPlatformReconciler - [updatelo] StatefulSet Status (revision: test-hivemq-platform-b697f795f, replicas: 2, available: 1, ready: 1, current: 2, updated: 2)
2025-01-30 18:19:46,897 INFO c.h.h.t.HelmChartContainer - [hivemq-test-hivemq-platform] [hivemq-platform-operator] [9917e51d] 18:19:46.896 [ReconcilerExecutor-hivemq-controller-127] DEBUG c.h.p.o.HiveMQPlatformReconciler - [updatelo] StatefulSet Spec (replicas: 2, init containers: 1, containers: 1, volumes: 3)
2025-01-30 18:19:46,898 INFO c.h.h.t.HelmChartContainer - [hivemq-test-hivemq-platform] [hivemq-platform-operator] [9917e51d] 18:19:46.898 [ReconcilerExecutor-hivemq-controller-127] DEBUG c.h.p.o.h.HiveMQPlatformReconcilerErrorHandler - [updatelo] Pod 'test-hivemq-platform-1' phase Running
2025-01-30 18:19:46,900 INFO c.h.h.t.HelmChartContainer - [hivemq-test-hivemq-platform] [hivemq-platform-operator] [9917e51d] 18:19:46.899 [ReconcilerExecutor-hivemq-controller-127] DEBUG c.h.p.o.h.HiveMQPlatformReconcilerErrorHandler - [updatelo] Pod 'test-hivemq-platform-0' phase Running
2025-01-30 18:19:46,900 INFO c.h.h.t.HelmChartContainer - [hivemq-test-hivemq-platform] [hivemq-platform-operator] [9917e51d] 18:19:46.900 [ReconcilerExecutor-hivemq-controller-127] WARN  c.h.p.operator.util.RestApiUtil - [updatelo] Checking log level command on Pod 'test-hivemq-platform-1' returned a failure response: StatusResponse{status=INTERNAL_SERVER_ERROR, details={error=java.net.ConnectException}}
2025-01-30 18:19:49,434 INFO c.h.h.t.HelmChartContainer - [test-hivemq-platform] [hivemq] [b2b97127] WARN  - [HiveMQ Platform Operator Init App 1.7.0-SNAPSHOT] Cannot connect to Health API for readiness: null
2025-01-30 18:19:49,438 INFO c.h.h.t.HelmChartContainer - [EVENT] Warning [Unhealthy] Readiness probe failed: HTTP probe failed with statuscode: 503 [updateloglevelit:test-hivemq-platform-1]
2025-01-30 18:19:49,438 INFO c.h.h.t.HelmChartContainer - Received Unhealthy event for container hivemq in pod test-hivemq-platform-1 [b2b97127-7385-4bba-89aa-a2f6563afc92]
2025-01-30 18:19:51,815 INFO c.h.h.t.HelmChartContainer - [test-hivemq-platform] [hivemq] [b2b97127] WARN  - [HiveMQ Platform Operator Init App 1.7.0-SNAPSHOT] Cannot connect to Health API for liveness: null
2025-01-30 18:19:51,815 INFO c.h.h.t.HelmChartContainer - [test-hivemq-platform] [hivemq] [b2b97127] INFO  - [HiveMQ Platform Operator Init App 1.7.0-SNAPSHOT] Returning default Health API response 200 for liveness
2025-01-30 18:19:54,515 INFO c.h.h.t.HelmChartContainer - [test-hivemq-platform] [hivemq] [b2b97127] WARN  - [HiveMQ Platform Operator Init App 1.7.0-SNAPSHOT] Cannot connect to Health API for readiness: null
2025-01-30 18:19:54,522 INFO c.h.h.t.HelmChartContainer - [EVENT] Warning [Unhealthy] Readiness probe failed: HTTP probe failed with statuscode: 503 [updateloglevelit:test-hivemq-platform-1]
2025-01-30 18:19:54,522 INFO c.h.h.t.HelmChartContainer - Received Unhealthy event for container hivemq in pod test-hivemq-platform-1 [b2b97127-7385-4bba-89aa-a2f6563afc92]
2025-01-30 18:19:56,904 INFO c.h.h.t.HelmChartContainer - [hivemq-test-hivemq-platform] [hivemq-platform-operator] [9917e51d] 18:19:56.903 [pool-6-thread-24] DEBUG c.h.p.o.d.PodServiceAccountResource - [updatelo] Desired PodServiceAccountResource (serviceAccountName: hivemq-platform-pod-test-hivemq-platform)
2025-01-30 18:19:56,905 INFO c.h.h.t.HelmChartContainer - [hivemq-test-hivemq-platform] [hivemq-platform-operator] [9917e51d] 18:19:56.903 [pool-6-thread-21] DEBUG c.h.p.o.dependants.PodInfoConfigMap - [updatelo] Desired PodInfo ConfigMap (1 extensions) (1 enabled)
2025-01-30 18:19:56,905 INFO c.h.h.t.HelmChartContainer - [hivemq-test-hivemq-platform] [hivemq-platform-operator] [9917e51d] 18:19:56.904 [pool-6-thread-21] DEBUG c.h.p.o.dependants.PodInfoConfigMap - [updatelo] Desired PodInfo ConfigMap (metrics port: 9399) (metrics path: /)
2025-01-30 18:19:56,905 INFO c.h.h.t.HelmChartContainer - [hivemq-test-hivemq-platform] [hivemq-platform-operator] [9917e51d] 18:19:56.904 [pool-6-thread-21] DEBUG c.h.p.o.dependants.PodInfoConfigMap - [updatelo] Desired PodInfo ConfigMap (extension state hash: -1817474005)
2025-01-30 18:19:56,906 INFO c.h.h.t.HelmChartContainer - [hivemq-test-hivemq-platform] [hivemq-platform-operator] [9917e51d] 18:19:56.904 [pool-6-thread-22] DEBUG c.h.p.o.d.PlatformServiceResource - [updatelo] Desired Platform services (3 services)
2025-01-30 18:19:56,910 INFO c.h.h.t.HelmChartContainer - [hivemq-test-hivemq-platform] [hivemq-platform-operator] [9917e51d] 18:19:56.909 [pool-6-thread-22] DEBUG c.h.p.o.d.StatefulSetResource - [updatelo] Desired StatefulSet (2 replicas) for status SET_LOG_LEVEL (WAIT_FOR_LOG_LEVEL_UPDATE)
2025-01-30 18:19:56,915 INFO c.h.h.t.HelmChartContainer - [hivemq-test-hivemq-platform] [hivemq-platform-operator] [9917e51d] 18:19:56.912 [ReconcilerExecutor-hivemq-controller-128] INFO  c.h.p.o.HiveMQPlatformReconciler - [updatelo] Reconciling HiveMQ Platform 'test-hivemq-platform' in namespace 'updateloglevelit'
2025-01-30 18:19:56,915 INFO c.h.h.t.HelmChartContainer - [hivemq-test-hivemq-platform] [hivemq-platform-operator] [9917e51d] 18:19:56.912 [ReconcilerExecutor-hivemq-controller-128] DEBUG c.h.p.o.HiveMQPlatformReconciler - [updatelo] Custom Resource Status SET_LOG_LEVEL - HiveMQ Platform is updating the log level (WAIT_FOR_LOG_LEVEL_UPDATE) (reconciliation requests: SCALING)
2025-01-30 18:19:56,915 INFO c.h.h.t.HelmChartContainer - [hivemq-test-hivemq-platform] [hivemq-platform-operator] [9917e51d] 18:19:56.912 [ReconcilerExecutor-hivemq-controller-128] DEBUG c.h.p.o.HiveMQPlatformReconciler - [updatelo] Custom Resource Spec (replicas: 2) (extensions: 1)
2025-01-30 18:19:56,915 INFO c.h.h.t.HelmChartContainer - [hivemq-test-hivemq-platform] [hivemq-platform-operator] [9917e51d] 18:19:56.913 [ReconcilerExecutor-hivemq-controller-128] DEBUG c.h.p.o.HiveMQPlatformReconciler - [updatelo] StatefulSet Status (revision: test-hivemq-platform-b697f795f, replicas: 2, available: 1, ready: 1, current: 2, updated: 2)
2025-01-30 18:19:56,915 INFO c.h.h.t.HelmChartContainer - [hivemq-test-hivemq-platform] [hivemq-platform-operator] [9917e51d] 18:19:56.913 [ReconcilerExecutor-hivemq-controller-128] DEBUG c.h.p.o.HiveMQPlatformReconciler - [updatelo] StatefulSet Spec (replicas: 2, init containers: 1, containers: 1, volumes: 3)
2025-01-30 18:19:56,920 INFO c.h.h.t.HelmChartContainer - [hivemq-test-hivemq-platform] [hivemq-platform-operator] [9917e51d] 18:19:56.916 [ReconcilerExecutor-hivemq-controller-128] DEBUG c.h.p.o.h.HiveMQPlatformReconcilerErrorHandler - [updatelo] Pod 'test-hivemq-platform-1' phase Running
2025-01-30 18:19:56,921 INFO c.h.h.t.HelmChartContainer - [hivemq-test-hivemq-platform] [hivemq-platform-operator] [9917e51d] 18:19:56.919 [ReconcilerExecutor-hivemq-controller-128] DEBUG c.h.p.o.h.HiveMQPlatformReconcilerErrorHandler - [updatelo] Pod 'test-hivemq-platform-0' phase Running
2025-01-30 18:19:56,965 INFO c.h.h.t.HelmChartContainer - [hivemq-test-hivemq-platform] [hivemq-platform-operator] [9917e51d] 18:19:56.963 [ReconcilerExecutor-hivemq-controller-128] DEBUG c.h.p.o.h.HiveMQPlatformReconcilerSetLogLevelHandler - [updatelo] Checking log level on Pod 'test-hivemq-platform-1'
2025-01-30 18:19:56,966 INFO c.h.h.t.HelmChartContainer - [hivemq-test-hivemq-platform] [hivemq-platform-operator] [9917e51d] 18:19:56.963 [ForkJoinPool.commonPool-worker-1] DEBUG c.h.p.o.h.HiveMQPlatformReconcilerSetLogLevelHandler - [updatelo] Checking log level on Pod 'test-hivemq-platform-0'
2025-01-30 18:19:57,071 INFO c.h.h.t.HelmChartContainer - [hivemq-test-hivemq-platform] [hivemq-platform-operator] [9917e51d] 18:19:57.070 [vert.x-eventloop-thread-1] DEBUG c.h.platform.operator.util.PodUtil - Received status for command '[curl, -s, http://10.42.0.14:7979/logLevel]' on Pod 'test-hivemq-platform-0' (exit code: 0)
2025-01-30 18:19:57,365 INFO c.h.h.t.HelmChartContainer - [hivemq-test-hivemq-platform] [hivemq-platform-operator] [9917e51d] 18:19:57.364 [vert.x-eventloop-thread-1] DEBUG c.h.platform.operator.util.PodUtil - Received status for command '[curl, -s, http://10.42.0.15:7979/logLevel]' on Pod 'test-hivemq-platform-1' (exit code: 0)
2025-01-30 18:19:58,082 INFO c.h.h.t.HelmChartContainer - [hivemq-test-hivemq-platform] [hivemq-platform-operator] [9917e51d] 18:19:58.079 [pool-6-thread-39] DEBUG c.h.p.o.d.PlatformServiceResource - [updatelo] Desired Platform services (3 services)
2025-01-30 18:19:58,082 INFO c.h.h.t.HelmChartContainer - [hivemq-test-hivemq-platform] [hivemq-platform-operator] [9917e51d] 18:19:58.079 [pool-6-thread-40] DEBUG c.h.p.o.dependants.PodInfoConfigMap - [updatelo] Desired PodInfo ConfigMap (1 extensions) (1 enabled)
2025-01-30 18:19:58,082 INFO c.h.h.t.HelmChartContainer - [hivemq-test-hivemq-platform] [hivemq-platform-operator] [9917e51d] 18:19:58.079 [pool-6-thread-40] DEBUG c.h.p.o.dependants.PodInfoConfigMap - [updatelo] Desired PodInfo ConfigMap (metrics port: 9399) (metrics path: /)
2025-01-30 18:19:58,082 INFO c.h.h.t.HelmChartContainer - [hivemq-test-hivemq-platform] [hivemq-platform-operator] [9917e51d] 18:19:58.079 [pool-6-thread-40] DEBUG c.h.p.o.dependants.PodInfoConfigMap - [updatelo] Desired PodInfo ConfigMap (extension state hash: -1817474005)
2025-01-30 18:19:58,082 INFO c.h.h.t.HelmChartContainer - [hivemq-test-hivemq-platform] [hivemq-platform-operator] [9917e51d] 18:19:58.081 [pool-6-thread-34] DEBUG c.h.p.o.d.PodServiceAccountResource - [updatelo] Desired PodServiceAccountResource (serviceAccountName: hivemq-platform-pod-test-hivemq-platform)
2025-01-30 18:19:58,086 INFO c.h.h.t.HelmChartContainer - [hivemq-test-hivemq-platform] [hivemq-platform-operator] [9917e51d] 18:19:58.085 [pool-6-thread-39] DEBUG c.h.p.o.d.StatefulSetResource - [updatelo] Desired StatefulSet (2 replicas) for status SET_LOG_LEVEL (WAIT_FOR_LOG_LEVEL_UPDATE)
2025-01-30 18:19:58,088 INFO c.h.h.t.HelmChartContainer - [hivemq-test-hivemq-platform] [hivemq-platform-operator] [9917e51d] 18:19:58.088 [ReconcilerExecutor-hivemq-controller-129] INFO  c.h.p.o.HiveMQPlatformReconciler - [updatelo] Reconciling HiveMQ Platform 'test-hivemq-platform' in namespace 'updateloglevelit'
2025-01-30 18:19:58,088 INFO c.h.h.t.HelmChartContainer - [hivemq-test-hivemq-platform] [hivemq-platform-operator] [9917e51d] 18:19:58.088 [ReconcilerExecutor-hivemq-controller-129] DEBUG c.h.p.o.HiveMQPlatformReconciler - [updatelo] Custom Resource Status SET_LOG_LEVEL - HiveMQ Platform is updating the log level (WAIT_FOR_LOG_LEVEL_UPDATE) (reconciliation requests: SCALING)
2025-01-30 18:19:58,088 INFO c.h.h.t.HelmChartContainer - [hivemq-test-hivemq-platform] [hivemq-platform-operator] [9917e51d] 18:19:58.088 [ReconcilerExecutor-hivemq-controller-129] DEBUG c.h.p.o.HiveMQPlatformReconciler - [updatelo] Custom Resource Spec (replicas: 2) (extensions: 1)
2025-01-30 18:19:58,090 INFO c.h.h.t.HelmChartContainer - [hivemq-test-hivemq-platform] [hivemq-platform-operator] [9917e51d] 18:19:58.089 [ReconcilerExecutor-hivemq-controller-129] DEBUG c.h.p.o.HiveMQPlatformReconciler - [updatelo] StatefulSet Status (revision: test-hivemq-platform-b697f795f, replicas: 2, available: 1, ready: 1, current: 2, updated: 2)
2025-01-30 18:19:58,090 INFO c.h.h.t.HelmChartContainer - [hivemq-test-hivemq-platform] [hivemq-platform-operator] [9917e51d] 18:19:58.089 [ReconcilerExecutor-hivemq-controller-129] DEBUG c.h.p.o.HiveMQPlatformReconciler - [updatelo] StatefulSet Spec (replicas: 2, init containers: 1, containers: 1, volumes: 3)
2025-01-30 18:19:58,092 INFO c.h.h.t.HelmChartContainer - [hivemq-test-hivemq-platform] [hivemq-platform-operator] [9917e51d] 18:19:58.091 [ReconcilerExecutor-hivemq-controller-129] DEBUG c.h.p.o.h.HiveMQPlatformReconcilerErrorHandler - [updatelo] Pod 'test-hivemq-platform-1' phase Running
2025-01-30 18:19:58,094 INFO c.h.h.t.HelmChartContainer - [hivemq-test-hivemq-platform] [hivemq-platform-operator] [9917e51d] 18:19:58.093 [ReconcilerExecutor-hivemq-controller-129] DEBUG c.h.p.o.h.HiveMQPlatformReconcilerErrorHandler - [updatelo] Pod 'test-hivemq-platform-0' phase Running
2025-01-30 18:19:58,094 INFO c.h.h.t.HelmChartContainer - [hivemq-test-hivemq-platform] [hivemq-platform-operator] [9917e51d] 18:19:58.094 [ReconcilerExecutor-hivemq-controller-129] WARN  c.h.p.operator.util.RestApiUtil - [updatelo] Checking log level command on Pod 'test-hivemq-platform-1' returned a failure response: StatusResponse{status=INTERNAL_SERVER_ERROR, details={error=java.net.ConnectException}}
2025-01-30 18:19:59,515 INFO c.h.h.t.HelmChartContainer - [test-hivemq-platform] [hivemq] [b2b97127] WARN  - [HiveMQ Platform Operator Init App 1.7.0-SNAPSHOT] Cannot connect to Health API for readiness: null
2025-01-30 18:19:59,519 INFO c.h.h.t.HelmChartContainer - [EVENT] Warning [Unhealthy] Readiness probe failed: HTTP probe failed with statuscode: 503 [updateloglevelit:test-hivemq-platform-1]
2025-01-30 18:19:59,519 INFO c.h.h.t.HelmChartContainer - Received Unhealthy event for container hivemq in pod test-hivemq-platform-1 [b2b97127-7385-4bba-89aa-a2f6563afc92]
2025-01-30 18:20:04,434 INFO c.h.h.t.HelmChartContainer - [test-hivemq-platform] [hivemq] [b2b97127] WARN  - [HiveMQ Platform Operator Init App 1.7.0-SNAPSHOT] Cannot connect to Health API for readiness: null
2025-01-30 18:20:04,439 INFO c.h.h.t.HelmChartContainer - [EVENT] Warning [Unhealthy] Readiness probe failed: HTTP probe failed with statuscode: 503 [updateloglevelit:test-hivemq-platform-1]
2025-01-30 18:20:04,439 INFO c.h.h.t.HelmChartContainer - Received Unhealthy event for container hivemq in pod test-hivemq-platform-1 [b2b97127-7385-4bba-89aa-a2f6563afc92]
2025-01-30 18:20:07,848 INFO c.h.h.t.HelmChartContainer - [test-hivemq-platform] [hivemq] [b2b97127] WARN  - 
2025-01-30 18:20:07,848 INFO c.h.h.t.HelmChartContainer - [test-hivemq-platform] [hivemq] [b2b97127] ################################################################################################################
2025-01-30 18:20:07,848 INFO c.h.h.t.HelmChartContainer - [test-hivemq-platform] [hivemq] [b2b97127] # This HiveMQ deployment is not secure! You are lacking Authentication and Authorization.                      #
2025-01-30 18:20:07,848 INFO c.h.h.t.HelmChartContainer - [test-hivemq-platform] [hivemq] [b2b97127] # Right now any MQTT client can connect to the broker with a full set of permissions.                          #
2025-01-30 18:20:07,848 INFO c.h.h.t.HelmChartContainer - [test-hivemq-platform] [hivemq] [b2b97127] # For production usage, add an appropriate security extension and remove the hivemq-allow-all extension.       #
2025-01-30 18:20:07,848 INFO c.h.h.t.HelmChartContainer - [test-hivemq-platform] [hivemq] [b2b97127] # You can download security extensions from the HiveMQ Marketplace (https://www.hivemq.com/extensions/).       #
2025-01-30 18:20:07,848 INFO c.h.h.t.HelmChartContainer - [test-hivemq-platform] [hivemq] [b2b97127] ################################################################################################################
2025-01-30 18:20:08,101 INFO c.h.h.t.HelmChartContainer - [hivemq-test-hivemq-platform] [hivemq-platform-operator] [9917e51d] 18:20:08.098 [pool-6-thread-49] DEBUG c.h.p.o.dependants.PodInfoConfigMap - [updatelo] Desired PodInfo ConfigMap (1 extensions) (1 enabled)
2025-01-30 18:20:08,101 INFO c.h.h.t.HelmChartContainer - [hivemq-test-hivemq-platform] [hivemq-platform-operator] [9917e51d] 18:20:08.098 [pool-6-thread-49] DEBUG c.h.p.o.dependants.PodInfoConfigMap - [updatelo] Desired PodInfo ConfigMap (metrics port: 9399) (metrics path: /)
2025-01-30 18:20:08,101 INFO c.h.h.t.HelmChartContainer - [hivemq-test-hivemq-platform] [hivemq-platform-operator] [9917e51d] 18:20:08.098 [pool-6-thread-49] DEBUG c.h.p.o.dependants.PodInfoConfigMap - [updatelo] Desired PodInfo ConfigMap (extension state hash: -1817474005)
2025-01-30 18:20:08,101 INFO c.h.h.t.HelmChartContainer - [hivemq-test-hivemq-platform] [hivemq-platform-operator] [9917e51d] 18:20:08.098 [pool-6-thread-45] DEBUG c.h.p.o.d.PodServiceAccountResource - [updatelo] Desired PodServiceAccountResource (serviceAccountName: hivemq-platform-pod-test-hivemq-platform)
2025-01-30 18:20:08,101 INFO c.h.h.t.HelmChartContainer - [hivemq-test-hivemq-platform] [hivemq-platform-operator] [9917e51d] 18:20:08.098 [pool-6-thread-44] DEBUG c.h.p.o.d.PlatformServiceResource - [updatelo] Desired Platform services (3 services)
2025-01-30 18:20:08,105 INFO c.h.h.t.HelmChartContainer - [hivemq-test-hivemq-platform] [hivemq-platform-operator] [9917e51d] 18:20:08.104 [pool-6-thread-41] DEBUG c.h.p.o.d.StatefulSetResource - [updatelo] Desired StatefulSet (2 replicas) for status SET_LOG_LEVEL (WAIT_FOR_LOG_LEVEL_UPDATE)
2025-01-30 18:20:08,109 INFO c.h.h.t.HelmChartContainer - [hivemq-test-hivemq-platform] [hivemq-platform-operator] [9917e51d] 18:20:08.109 [ReconcilerExecutor-hivemq-controller-130] INFO  c.h.p.o.HiveMQPlatformReconciler - [updatelo] Reconciling HiveMQ Platform 'test-hivemq-platform' in namespace 'updateloglevelit'
2025-01-30 18:20:08,110 INFO c.h.h.t.HelmChartContainer - [hivemq-test-hivemq-platform] [hivemq-platform-operator] [9917e51d] 18:20:08.109 [ReconcilerExecutor-hivemq-controller-130] DEBUG c.h.p.o.HiveMQPlatformReconciler - [updatelo] Custom Resource Status SET_LOG_LEVEL - HiveMQ Platform is updating the log level (WAIT_FOR_LOG_LEVEL_UPDATE) (reconciliation requests: SCALING)
2025-01-30 18:20:08,110 INFO c.h.h.t.HelmChartContainer - [hivemq-test-hivemq-platform] [hivemq-platform-operator] [9917e51d] 18:20:08.109 [ReconcilerExecutor-hivemq-controller-130] DEBUG c.h.p.o.HiveMQPlatformReconciler - [updatelo] Custom Resource Spec (replicas: 2) (extensions: 1)
2025-01-30 18:20:08,112 INFO c.h.h.t.HelmChartContainer - [hivemq-test-hivemq-platform] [hivemq-platform-operator] [9917e51d] 18:20:08.110 [ReconcilerExecutor-hivemq-controller-130] DEBUG c.h.p.o.HiveMQPlatformReconciler - [updatelo] StatefulSet Status (revision: test-hivemq-platform-b697f795f, replicas: 2, available: 1, ready: 1, current: 2, updated: 2)
2025-01-30 18:20:08,112 INFO c.h.h.t.HelmChartContainer - [hivemq-test-hivemq-platform] [hivemq-platform-operator] [9917e51d] 18:20:08.110 [ReconcilerExecutor-hivemq-controller-130] DEBUG c.h.p.o.HiveMQPlatformReconciler - [updatelo] StatefulSet Spec (replicas: 2, init containers: 1, containers: 1, volumes: 3)
2025-01-30 18:20:08,112 INFO c.h.h.t.HelmChartContainer - [hivemq-test-hivemq-platform] [hivemq-platform-operator] [9917e51d] 18:20:08.111 [ReconcilerExecutor-hivemq-controller-130] DEBUG c.h.p.o.h.HiveMQPlatformReconcilerErrorHandler - [updatelo] Pod 'test-hivemq-platform-1' phase Running
2025-01-30 18:20:08,114 INFO c.h.h.t.HelmChartContainer - [hivemq-test-hivemq-platform] [hivemq-platform-operator] [9917e51d] 18:20:08.114 [ReconcilerExecutor-hivemq-controller-130] DEBUG c.h.p.o.h.HiveMQPlatformReconcilerErrorHandler - [updatelo] Pod 'test-hivemq-platform-0' phase Running
2025-01-30 18:20:08,166 INFO c.h.h.t.HelmChartContainer - [hivemq-test-hivemq-platform] [hivemq-platform-operator] [9917e51d] 18:20:08.164 [ReconcilerExecutor-hivemq-controller-130] DEBUG c.h.p.o.h.HiveMQPlatformReconcilerSetLogLevelHandler - [updatelo] Checking log level on Pod 'test-hivemq-platform-1'
2025-01-30 18:20:08,166 INFO c.h.h.t.HelmChartContainer - [hivemq-test-hivemq-platform] [hivemq-platform-operator] [9917e51d] 18:20:08.165 [ForkJoinPool.commonPool-worker-1] DEBUG c.h.p.o.h.HiveMQPlatformReconcilerSetLogLevelHandler - [updatelo] Checking log level on Pod 'test-hivemq-platform-0'
2025-01-30 18:20:08,380 INFO c.h.h.t.HelmChartContainer - [hivemq-test-hivemq-platform] [hivemq-platform-operator] [9917e51d] 18:20:08.379 [vert.x-eventloop-thread-1] DEBUG c.h.platform.operator.util.PodUtil - Received status for command '[curl, -s, http://10.42.0.14:7979/logLevel]' on Pod 'test-hivemq-platform-0' (exit code: 0)
2025-01-30 18:20:09,219 INFO c.h.h.t.HelmChartContainer - [hivemq-test-hivemq-platform] [hivemq-platform-operator] [9917e51d] 18:20:09.218 [vert.x-eventloop-thread-0] DEBUG c.h.platform.operator.util.PodUtil - Received status for command '[curl, -s, http://10.42.0.15:7979/logLevel]' on Pod 'test-hivemq-platform-1' (exit code: 0)
2025-01-30 18:20:09,269 INFO c.h.h.t.HelmChartContainer - [hivemq-test-hivemq-platform] [hivemq-platform-operator] [9917e51d] 18:20:09.267 [pool-6-thread-8] DEBUG c.h.p.o.d.PlatformServiceResource - [updatelo] Desired Platform services (3 services)
2025-01-30 18:20:09,269 INFO c.h.h.t.HelmChartContainer - [hivemq-test-hivemq-platform] [hivemq-platform-operator] [9917e51d] 18:20:09.267 [pool-6-thread-6] DEBUG c.h.p.o.dependants.PodInfoConfigMap - [updatelo] Desired PodInfo ConfigMap (1 extensions) (1 enabled)
2025-01-30 18:20:09,274 INFO c.h.h.t.HelmChartContainer - [hivemq-test-hivemq-platform] [hivemq-platform-operator] [9917e51d] 18:20:09.267 [pool-6-thread-6] DEBUG c.h.p.o.dependants.PodInfoConfigMap - [updatelo] Desired PodInfo ConfigMap (metrics port: 9399) (metrics path: /)
2025-01-30 18:20:09,274 INFO c.h.h.t.HelmChartContainer - [hivemq-test-hivemq-platform] [hivemq-platform-operator] [9917e51d] 18:20:09.267 [pool-6-thread-6] DEBUG c.h.p.o.dependants.PodInfoConfigMap - [updatelo] Desired PodInfo ConfigMap (extension state hash: -1817474005)
2025-01-30 18:20:09,274 INFO c.h.h.t.HelmChartContainer - [hivemq-test-hivemq-platform] [hivemq-platform-operator] [9917e51d] 18:20:09.268 [pool-6-thread-6] DEBUG c.h.p.o.d.PodServiceAccountResource - [updatelo] Desired PodServiceAccountResource (serviceAccountName: hivemq-platform-pod-test-hivemq-platform)
2025-01-30 18:20:09,276 INFO c.h.h.t.HelmChartContainer - [hivemq-test-hivemq-platform] [hivemq-platform-operator] [9917e51d] 18:20:09.275 [pool-6-thread-8] DEBUG c.h.p.o.d.StatefulSetResource - [updatelo] Desired StatefulSet (2 replicas) for status SET_LOG_LEVEL (WAIT_FOR_LOG_LEVEL_UPDATE)
2025-01-30 18:20:09,279 INFO c.h.h.t.HelmChartContainer - [hivemq-test-hivemq-platform] [hivemq-platform-operator] [9917e51d] 18:20:09.278 [ReconcilerExecutor-hivemq-controller-131] INFO  c.h.p.o.HiveMQPlatformReconciler - [updatelo] Reconciling HiveMQ Platform 'test-hivemq-platform' in namespace 'updateloglevelit'
2025-01-30 18:20:09,279 INFO c.h.h.t.HelmChartContainer - [hivemq-test-hivemq-platform] [hivemq-platform-operator] [9917e51d] 18:20:09.278 [ReconcilerExecutor-hivemq-controller-131] DEBUG c.h.p.o.HiveMQPlatformReconciler - [updatelo] Custom Resource Status SET_LOG_LEVEL - HiveMQ Platform is updating the log level (WAIT_FOR_LOG_LEVEL_UPDATE) (reconciliation requests: SCALING)
2025-01-30 18:20:09,279 INFO c.h.h.t.HelmChartContainer - [hivemq-test-hivemq-platform] [hivemq-platform-operator] [9917e51d] 18:20:09.278 [ReconcilerExecutor-hivemq-controller-131] DEBUG c.h.p.o.HiveMQPlatformReconciler - [updatelo] Custom Resource Spec (replicas: 2) (extensions: 1)
2025-01-30 18:20:09,280 INFO c.h.h.t.HelmChartContainer - [hivemq-test-hivemq-platform] [hivemq-platform-operator] [9917e51d] 18:20:09.279 [ReconcilerExecutor-hivemq-controller-131] DEBUG c.h.p.o.HiveMQPlatformReconciler - [updatelo] StatefulSet Status (revision: test-hivemq-platform-b697f795f, replicas: 2, available: 1, ready: 1, current: 2, updated: 2)
2025-01-30 18:20:09,280 INFO c.h.h.t.HelmChartContainer - [hivemq-test-hivemq-platform] [hivemq-platform-operator] [9917e51d] 18:20:09.279 [ReconcilerExecutor-hivemq-controller-131] DEBUG c.h.p.o.HiveMQPlatformReconciler - [updatelo] StatefulSet Spec (replicas: 2, init containers: 1, containers: 1, volumes: 3)
2025-01-30 18:20:09,281 INFO c.h.h.t.HelmChartContainer - [hivemq-test-hivemq-platform] [hivemq-platform-operator] [9917e51d] 18:20:09.281 [ReconcilerExecutor-hivemq-controller-131] DEBUG c.h.p.o.h.HiveMQPlatformReconcilerErrorHandler - [updatelo] Pod 'test-hivemq-platform-1' phase Running
2025-01-30 18:20:09,282 INFO c.h.h.t.HelmChartContainer - [hivemq-test-hivemq-platform] [hivemq-platform-operator] [9917e51d] 18:20:09.282 [ReconcilerExecutor-hivemq-controller-131] DEBUG c.h.p.o.h.HiveMQPlatformReconcilerErrorHandler - [updatelo] Pod 'test-hivemq-platform-0' phase Running
2025-01-30 18:20:09,283 INFO c.h.h.t.HelmChartContainer - [hivemq-test-hivemq-platform] [hivemq-platform-operator] [9917e51d] 18:20:09.282 [ReconcilerExecutor-hivemq-controller-131] INFO  c.h.p.o.h.HiveMQPlatformReconcilerSetLogLevelHandler - [updatelo] Successfully updated log level on all Pods
2025-01-30 18:20:09,292 INFO c.h.h.t.HelmChartContainer - [EVENT] Normal [Ready] HiveMQ Platform is ready [updateloglevelit:test-hivemq-platform]
2025-01-30 18:20:09,293 INFO c.h.h.t.HelmChartContainer - [hivemq-test-hivemq-platform] [hivemq-platform-operator] [9917e51d] 18:20:09.292 [ReconcilerExecutor-hivemq-controller-131] DEBUG c.h.p.operator.event.EventSender - [updatelo] Updating K8s event hivemq-platform-ready: [Ready] HiveMQ Platform is ready
2025-01-30 18:20:09,293 INFO c.h.h.t.HelmChartContainer - [hivemq-test-hivemq-platform] [hivemq-platform-operator] [9917e51d] 18:20:09.292 [ReconcilerExecutor-hivemq-controller-131] INFO  c.h.p.o.h.AbstractHiveMQReconcilerStateHandler - [updatelo] Update HiveMQ Platform Status (SET_LOG_LEVEL [WAIT_FOR_LOG_LEVEL_UPDATE] -> RUNNING [READY]): HiveMQ Platform is ready (reconciliation requests: SCALING)
2025-01-30 18:20:09,370 DEBUG com.hivemq.helmcharts.util.K8sUtil - Comparing actual state 'RUNNING' and waiting for 'RUNNING'
2025-01-30 18:20:09,515 INFO c.h.h.t.HelmChartContainer - [test-hivemq-platform] [hivemq] [b2b97127] INFO  - [HiveMQ Platform Operator Init App 1.7.0-SNAPSHOT] Returning Health API response 503 for readiness
2025-01-30 18:20:09,518 INFO c.h.h.t.HelmChartContainer - [EVENT] Warning [Unhealthy] Readiness probe failed: HTTP probe failed with statuscode: 503 [updateloglevelit:test-hivemq-platform-1]
2025-01-30 18:20:09,518 INFO c.h.h.t.HelmChartContainer - Received Unhealthy event for container hivemq in pod test-hivemq-platform-1 [b2b97127-7385-4bba-89aa-a2f6563afc92]
2025-01-30 18:20:10,876 INFO c.h.h.t.HelmChartContainer - [test-hivemq-platform] [hivemq] [b2b97127] WARN  - No user for HiveMQ Control Center configured. Starting with default user
2025-01-30 18:20:11,370 INFO c.h.h.platform.UpdateLogLevelIT - Assert updated logback.xml in pods
2025-01-30 18:20:11,555 INFO c.h.h.t.HelmChartContainer - Uninstalling release 'test-hivemq-platform' in namespace 'updateloglevelit'...
2025-01-30 18:20:11,556 DEBUG c.h.h.t.HelmChartContainer - Executing helm command: /bin/helm --kubeconfig /etc/rancher/k3s/k3s.yaml uninstall test-hivemq-platform  --wait --timeout 5m0s --cascade foreground --namespace updateloglevelit
2025-01-30 18:20:11,775 INFO c.h.h.t.HelmChartContainer - [hivemq-test-hivemq-platform] [hivemq-platform-operator] [9917e51d] 18:20:11.773 [pool-6-thread-16] DEBUG c.h.p.o.d.PlatformServiceResource - [updatelo] Desired Platform services (3 services)
2025-01-30 18:20:11,776 INFO c.h.h.t.HelmChartContainer - [hivemq-test-hivemq-platform] [hivemq-platform-operator] [9917e51d] 18:20:11.773 [pool-6-thread-17] DEBUG c.h.p.o.dependants.PodInfoConfigMap - [updatelo] Desired PodInfo ConfigMap (1 extensions) (1 enabled)
2025-01-30 18:20:11,776 INFO c.h.h.t.HelmChartContainer - [hivemq-test-hivemq-platform] [hivemq-platform-operator] [9917e51d] 18:20:11.773 [pool-6-thread-17] DEBUG c.h.p.o.dependants.PodInfoConfigMap - [updatelo] Desired PodInfo ConfigMap (metrics port: 9399) (metrics path: /)
2025-01-30 18:20:11,777 INFO c.h.h.t.HelmChartContainer - [hivemq-test-hivemq-platform] [hivemq-platform-operator] [9917e51d] 18:20:11.773 [pool-6-thread-17] DEBUG c.h.p.o.dependants.PodInfoConfigMap - [updatelo] Desired PodInfo ConfigMap (extension state hash: -1817474005)
2025-01-30 18:20:11,789 INFO c.h.h.t.HelmChartContainer - [hivemq-test-hivemq-platform] [hivemq-platform-operator] [9917e51d] 18:20:11.776 [pool-6-thread-17] DEBUG c.h.p.o.dependants.PodInfoConfigMap - [updatelo] Update PodInfo ConfigMap
2025-01-30 18:20:11,790 INFO c.h.h.t.HelmChartContainer - [hivemq-test-hivemq-platform] [hivemq-platform-operator] [9917e51d] 18:20:11.779 [pool-6-thread-18] DEBUG c.h.p.o.d.PodServiceAccountResource - [updatelo] Desired PodServiceAccountResource (serviceAccountName: hivemq-platform-pod-test-hivemq-platform)
2025-01-30 18:20:11,802 INFO c.h.h.t.HelmChartContainer - [hivemq-test-hivemq-platform] [hivemq-platform-operator] [9917e51d] 18:20:11.798 [pool-6-thread-17] DEBUG c.h.p.o.d.StatefulSetResource - [updatelo] Desired StatefulSet (2 replicas) for status RUNNING (READY)
2025-01-30 18:20:11,807 INFO c.h.h.t.HelmChartContainer - [hivemq-test-hivemq-platform] [hivemq-platform-operator] [9917e51d] 18:20:11.804 [ReconcilerExecutor-hivemq-controller-132] INFO  c.h.p.o.HiveMQPlatformReconciler - [updatelo] Reconciling HiveMQ Platform 'test-hivemq-platform' in namespace 'updateloglevelit'
2025-01-30 18:20:11,807 INFO c.h.h.t.HelmChartContainer - [hivemq-test-hivemq-platform] [hivemq-platform-operator] [9917e51d] 18:20:11.805 [ReconcilerExecutor-hivemq-controller-132] DEBUG c.h.p.o.HiveMQPlatformReconciler - [updatelo] Custom Resource Status RUNNING - HiveMQ Platform is ready (READY) (reconciliation requests: SCALING)
2025-01-30 18:20:11,807 INFO c.h.h.t.HelmChartContainer - [hivemq-test-hivemq-platform] [hivemq-platform-operator] [9917e51d] 18:20:11.805 [ReconcilerExecutor-hivemq-controller-132] DEBUG c.h.p.o.HiveMQPlatformReconciler - [updatelo] Custom Resource Spec (replicas: 2) (extensions: 1)
2025-01-30 18:20:11,807 INFO c.h.h.t.HelmChartContainer - [hivemq-test-hivemq-platform] [hivemq-platform-operator] [9917e51d] 18:20:11.806 [ReconcilerExecutor-hivemq-controller-132] DEBUG c.h.p.o.HiveMQPlatformReconciler - [updatelo] StatefulSet Status (revision: test-hivemq-platform-b697f795f, replicas: 2, available: 1, ready: 1, current: 2, updated: 2)
2025-01-30 18:20:11,807 INFO c.h.h.t.HelmChartContainer - [hivemq-test-hivemq-platform] [hivemq-platform-operator] [9917e51d] 18:20:11.806 [ReconcilerExecutor-hivemq-controller-132] DEBUG c.h.p.o.HiveMQPlatformReconciler - [updatelo] StatefulSet Spec (replicas: 2, init containers: 1, containers: 1, volumes: 3)
2025-01-30 18:20:11,865 INFO c.h.h.t.HelmChartContainer - [hivemq-test-hivemq-platform] [hivemq-platform-operator] [9917e51d] 18:20:11.864 [ReconcilerExecutor-hivemq-controller-132] DEBUG c.h.p.o.h.HiveMQPlatformReconcilerErrorHandler - [updatelo] Pod 'test-hivemq-platform-1' phase Running
2025-01-30 18:20:11,867 INFO c.h.h.t.HelmChartContainer - [hivemq-test-hivemq-platform] [hivemq-platform-operator] [9917e51d] 18:20:11.866 [ReconcilerExecutor-hivemq-controller-132] DEBUG c.h.p.o.h.HiveMQPlatformReconcilerErrorHandler - [updatelo] Pod 'test-hivemq-platform-0' phase Running
2025-01-30 18:20:11,869 INFO c.h.h.t.HelmChartContainer - [hivemq-test-hivemq-platform] [hivemq-platform-operator] [9917e51d] 18:20:11.867 [ReconcilerExecutor-hivemq-controller-132] INFO  c.h.p.o.h.HiveMQPlatformReconcilerBaseHandler - [updatelo] HiveMQ Platform will scale to 2 replicas
2025-01-30 18:20:11,970 INFO c.h.h.t.HelmChartContainer - [hivemq-test-hivemq-platform] [hivemq-platform-operator] [9917e51d] 18:20:11.969 [ReconcilerExecutor-hivemq-controller-132] DEBUG c.h.p.operator.event.EventSender - [updatelo] Creating K8s event scaling-started: [Scaling] HiveMQ Platform is scaling
2025-01-30 18:20:11,973 INFO c.h.h.t.HelmChartContainer - [EVENT] Normal [Scaling] HiveMQ Platform is scaling [updateloglevelit:test-hivemq-platform]
2025-01-30 18:20:11,973 INFO c.h.h.t.HelmChartContainer - [hivemq-test-hivemq-platform] [hivemq-platform-operator] [9917e51d] 18:20:11.972 [ReconcilerExecutor-hivemq-controller-132] INFO  c.h.p.o.h.AbstractHiveMQReconcilerStateHandler - [updatelo] Update HiveMQ Platform Status (RUNNING [READY] -> SCALING [READY]): HiveMQ Platform is scaling
2025-01-30 18:20:11,981 INFO c.h.h.t.HelmChartContainer - [hivemq-test-hivemq-platform] [hivemq-platform-operator] [9917e51d] 18:20:11.978 [ReconcilerExecutor-hivemq-controller-132] ERROR i.j.o.p.event.EventProcessor - Error during event processing ExecutionScope{ resource id: ResourceID{name='test-hivemq-platform', namespace='updateloglevelit'}, version: 1606}
2025-01-30 18:20:11,981 INFO c.h.h.t.HelmChartContainer - [hivemq-test-hivemq-platform] [hivemq-platform-operator] [9917e51d] io.fabric8.kubernetes.client.KubernetesClientException: Failure executing: PUT at: https://10.43.0.1:443/apis/hivemq.com/v1/namespaces/updateloglevelit/hivemq-platforms/test-hivemq-platform/status. Message: Operation cannot be fulfilled on hivemq-platforms.hivemq.com "test-hivemq-platform": the object has been modified; please apply your changes to the latest version and try again. Received status: Status(apiVersion=v1, code=409, details=StatusDetails(causes=[], group=hivemq.com, kind=hivemq-platforms, name=test-hivemq-platform, retryAfterSeconds=null, uid=null, additionalProperties={}), kind=Status, message=Operation cannot be fulfilled on hivemq-platforms.hivemq.com "test-hivemq-platform": the object has been modified; please apply your changes to the latest version and try again, metadata=ListMeta(_continue=null, remainingItemCount=null, resourceVersion=null, selfLink=null, additionalProperties={}), reason=Conflict, status=Failure, additionalProperties={}).
2025-01-30 18:20:11,981 INFO c.h.h.t.HelmChartContainer - [hivemq-test-hivemq-platform] [hivemq-platform-operator] [9917e51d] 	at io.fabric8.kubernetes.client.KubernetesClientException.copyAsCause(KubernetesClientException.java:238)
2025-01-30 18:20:11,981 INFO c.h.h.t.HelmChartContainer - [hivemq-test-hivemq-platform] [hivemq-platform-operator] [9917e51d] 	at io.fabric8.kubernetes.client.dsl.internal.OperationSupport.waitForResult(OperationSupport.java:507)
2025-01-30 18:20:11,981 INFO c.h.h.t.HelmChartContainer - [hivemq-test-hivemq-platform] [hivemq-platform-operator] [9917e51d] 	at io.fabric8.kubernetes.client.dsl.internal.OperationSupport.handleResponse(OperationSupport.java:524)
2025-01-30 18:20:11,981 INFO c.h.h.t.HelmChartContainer - [hivemq-test-hivemq-platform] [hivemq-platform-operator] [9917e51d] 	at io.fabric8.kubernetes.client.dsl.internal.OperationSupport.handleUpdate(OperationSupport.java:358)
2025-01-30 18:20:11,981 INFO c.h.h.t.HelmChartContainer - [hivemq-test-hivemq-platform] [hivemq-platform-operator] [9917e51d] 	at io.fabric8.kubernetes.client.dsl.internal.BaseOperation.handleUpdate(BaseOperation.java:759)
2025-01-30 18:20:11,981 INFO c.h.h.t.HelmChartContainer - [hivemq-test-hivemq-platform] [hivemq-platform-operator] [9917e51d] 	at io.fabric8.kubernetes.client.dsl.internal.HasMetadataOperation.update(HasMetadataOperation.java:138)
2025-01-30 18:20:11,981 INFO c.h.h.t.HelmChartContainer - [hivemq-test-hivemq-platform] [hivemq-platform-operator] [9917e51d] 	at io.fabric8.kubernetes.client.dsl.internal.HasMetadataOperation.update(HasMetadataOperation.java:121)
2025-01-30 18:20:11,981 INFO c.h.h.t.HelmChartContainer - [hivemq-test-hivemq-platform] [hivemq-platform-operator] [9917e51d] 	at io.fabric8.kubernetes.client.dsl.internal.HasMetadataOperation.updateStatus(HasMetadataOperation.java:126)
2025-01-30 18:20:11,981 INFO c.h.h.t.HelmChartContainer - [hivemq-test-hivemq-platform] [hivemq-platform-operator] [9917e51d] 	at io.fabric8.kubernetes.client.dsl.internal.HasMetadataOperation.updateStatus(HasMetadataOperation.java:44)
2025-01-30 18:20:11,981 INFO c.h.h.t.HelmChartContainer - [hivemq-test-hivemq-platform] [hivemq-platform-operator] [9917e51d] 	at io.javaoperatorsdk.operator.processing.event.ReconciliationDispatcher$CustomResourceFacade.updateStatus(ReconciliationDispatcher.java:408)
2025-01-30 18:20:11,981 INFO c.h.h.t.HelmChartContainer - [hivemq-test-hivemq-platform] [hivemq-platform-operator] [9917e51d] 	at io.javaoperatorsdk.operator.processing.event.ReconciliationDispatcher.updateStatusGenerationAware(ReconciliationDispatcher.java:228)
2025-01-30 18:20:11,981 INFO c.h.h.t.HelmChartContainer - [hivemq-test-hivemq-platform] [hivemq-platform-operator] [9917e51d] 	at io.javaoperatorsdk.operator.processing.event.ReconciliationDispatcher.reconcileExecution(ReconciliationDispatcher.java:150)
2025-01-30 18:20:11,982 INFO c.h.h.t.HelmChartContainer - [hivemq-test-hivemq-platform] [hivemq-platform-operator] [9917e51d] 	at io.javaoperatorsdk.operator.processing.event.ReconciliationDispatcher.handleReconcile(ReconciliationDispatcher.java:117)
2025-01-30 18:20:11,982 INFO c.h.h.t.HelmChartContainer - [hivemq-test-hivemq-platform] [hivemq-platform-operator] [9917e51d] 	at io.javaoperatorsdk.operator.processing.event.ReconciliationDispatcher.handleDispatch(ReconciliationDispatcher.java:91)
2025-01-30 18:20:11,982 INFO c.h.h.t.HelmChartContainer - [hivemq-test-hivemq-platform] [hivemq-platform-operator] [9917e51d] 	at io.javaoperatorsdk.operator.processing.event.ReconciliationDispatcher.handleExecution(ReconciliationDispatcher.java:64)
2025-01-30 18:20:11,982 INFO c.h.h.t.HelmChartContainer - [hivemq-test-hivemq-platform] [hivemq-platform-operator] [9917e51d] 	at io.javaoperatorsdk.operator.processing.event.EventProcessor$ReconcilerExecutor.run(EventProcessor.java:452)
2025-01-30 18:20:11,982 INFO c.h.h.t.HelmChartContainer - [hivemq-test-hivemq-platform] [hivemq-platform-operator] [9917e51d] 	at java.base/java.util.concurrent.ThreadPoolExecutor.runWorker(Unknown Source)
2025-01-30 18:20:11,982 INFO c.h.h.t.HelmChartContainer - [hivemq-test-hivemq-platform] [hivemq-platform-operator] [9917e51d] 	at java.base/java.util.concurrent.ThreadPoolExecutor$Worker.run(Unknown Source)
2025-01-30 18:20:11,982 INFO c.h.h.t.HelmChartContainer - [hivemq-test-hivemq-platform] [hivemq-platform-operator] [9917e51d] 	at java.base/java.lang.Thread.run(Unknown Source)
2025-01-30 18:20:11,982 INFO c.h.h.t.HelmChartContainer - [hivemq-test-hivemq-platform] [hivemq-platform-operator] [9917e51d] Caused by: io.fabric8.kubernetes.client.KubernetesClientException: Failure executing: PUT at: https://10.43.0.1:443/apis/hivemq.com/v1/namespaces/updateloglevelit/hivemq-platforms/test-hivemq-platform/status. Message: Operation cannot be fulfilled on hivemq-platforms.hivemq.com "test-hivemq-platform": the object has been modified; please apply your changes to the latest version and try again. Received status: Status(apiVersion=v1, code=409, details=StatusDetails(causes=[], group=hivemq.com, kind=hivemq-platforms, name=test-hivemq-platform, retryAfterSeconds=null, uid=null, additionalProperties={}), kind=Status, message=Operation cannot be fulfilled on hivemq-platforms.hivemq.com "test-hivemq-platform": the object has been modified; please apply your changes to the latest version and try again, metadata=ListMeta(_continue=null, remainingItemCount=null, resourceVersion=null, selfLink=null, additionalProperties={}), reason=Conflict, status=Failure, additionalProperties={}).
2025-01-30 18:20:11,982 INFO c.h.h.t.HelmChartContainer - [hivemq-test-hivemq-platform] [hivemq-platform-operator] [9917e51d] 	at io.fabric8.kubernetes.client.dsl.internal.OperationSupport.requestFailure(OperationSupport.java:660)
2025-01-30 18:20:11,982 INFO c.h.h.t.HelmChartContainer - [hivemq-test-hivemq-platform] [hivemq-platform-operator] [9917e51d] 	at io.fabric8.kubernetes.client.dsl.internal.OperationSupport.requestFailure(OperationSupport.java:640)
2025-01-30 18:20:11,982 INFO c.h.h.t.HelmChartContainer - [hivemq-test-hivemq-platform] [hivemq-platform-operator] [9917e51d] 	at io.fabric8.kubernetes.client.dsl.internal.OperationSupport.assertResponseCode(OperationSupport.java:589)
2025-01-30 18:20:11,982 INFO c.h.h.t.HelmChartContainer - [hivemq-test-hivemq-platform] [hivemq-platform-operator] [9917e51d] 	at io.fabric8.kubernetes.client.dsl.internal.OperationSupport.lambda$handleResponse$0(OperationSupport.java:549)
2025-01-30 18:20:11,982 INFO c.h.h.t.HelmChartContainer - [hivemq-test-hivemq-platform] [hivemq-platform-operator] [9917e51d] 	at java.base/java.util.concurrent.CompletableFuture$UniApply.tryFire(Unknown Source)
2025-01-30 18:20:11,982 INFO c.h.h.t.HelmChartContainer - [hivemq-test-hivemq-platform] [hivemq-platform-operator] [9917e51d] 	at java.base/java.util.concurrent.CompletableFuture.postComplete(Unknown Source)
2025-01-30 18:20:11,982 INFO c.h.h.t.HelmChartContainer - [hivemq-test-hivemq-platform] [hivemq-platform-operator] [9917e51d] 	at java.base/java.util.concurrent.CompletableFuture.complete(Unknown Source)
2025-01-30 18:20:11,982 INFO c.h.h.t.HelmChartContainer - [hivemq-test-hivemq-platform] [hivemq-platform-operator] [9917e51d] 	at io.fabric8.kubernetes.client.http.StandardHttpClient.lambda$completeOrCancel$10(StandardHttpClient.java:141)
2025-01-30 18:20:11,982 INFO c.h.h.t.HelmChartContainer - [hivemq-test-hivemq-platform] [hivemq-platform-operator] [9917e51d] 	at java.base/java.util.concurrent.CompletableFuture.uniWhenComplete(Unknown Source)
2025-01-30 18:20:11,982 INFO c.h.h.t.HelmChartContainer - [hivemq-test-hivemq-platform] [hivemq-platform-operator] [9917e51d] 	at java.base/java.util.concurrent.CompletableFuture$UniWhenComplete.tryFire(Unknown Source)
2025-01-30 18:20:11,982 INFO c.h.h.t.HelmChartContainer - [hivemq-test-hivemq-platform] [hivemq-platform-operator] [9917e51d] 	at java.base/java.util.concurrent.CompletableFuture.postComplete(Unknown Source)
2025-01-30 18:20:11,982 INFO c.h.h.t.HelmChartContainer - [hivemq-test-hivemq-platform] [hivemq-platform-operator] [9917e51d] 	at java.base/java.util.concurrent.CompletableFuture.complete(Unknown Source)
2025-01-30 18:20:11,982 INFO c.h.h.t.HelmChartContainer - [hivemq-test-hivemq-platform] [hivemq-platform-operator] [9917e51d] 	at io.fabric8.kubernetes.client.http.ByteArrayBodyHandler.onBodyDone(ByteArrayBodyHandler.java:51)
2025-01-30 18:20:11,982 INFO c.h.h.t.HelmChartContainer - [hivemq-test-hivemq-platform] [hivemq-platform-operator] [9917e51d] 	at java.base/java.util.concurrent.CompletableFuture.uniWhenComplete(Unknown Source)
2025-01-30 18:20:11,982 INFO c.h.h.t.HelmChartContainer - [hivemq-test-hivemq-platform] [hivemq-platform-operator] [9917e51d] 	at java.base/java.util.concurrent.CompletableFuture$UniWhenComplete.tryFire(Unknown Source)
2025-01-30 18:20:11,982 INFO c.h.h.t.HelmChartContainer - [hivemq-test-hivemq-platform] [hivemq-platform-operator] [9917e51d] 	at java.base/java.util.concurrent.CompletableFuture.postComplete(Unknown Source)
2025-01-30 18:20:11,982 INFO c.h.h.t.HelmChartContainer - [hivemq-test-hivemq-platform] [hivemq-platform-operator] [9917e51d] 	at java.base/java.util.concurrent.CompletableFuture.complete(Unknown Source)
2025-01-30 18:20:11,982 INFO c.h.h.t.HelmChartContainer - [hivemq-test-hivemq-platform] [hivemq-platform-operator] [9917e51d] 	at io.fabric8.kubernetes.client.vertx.VertxHttpRequest.lambda$null$1(VertxHttpRequest.java:121)
2025-01-30 18:20:11,982 INFO c.h.h.t.HelmChartContainer - [hivemq-test-hivemq-platform] [hivemq-platform-operator] [9917e51d] 	at io.vertx.core.impl.ContextInternal.dispatch(ContextInternal.java:279)
2025-01-30 18:20:11,982 INFO c.h.h.t.HelmChartContainer - [hivemq-test-hivemq-platform] [hivemq-platform-operator] [9917e51d] 	at io.vertx.core.impl.ContextInternal.dispatch(ContextInternal.java:261)
2025-01-30 18:20:11,982 INFO c.h.h.t.HelmChartContainer - [hivemq-test-hivemq-platform] [hivemq-platform-operator] [9917e51d] 	at io.vertx.core.http.impl.HttpEventHandler.handleEnd(HttpEventHandler.java:76)
2025-01-30 18:20:11,982 INFO c.h.h.t.HelmChartContainer - [hivemq-test-hivemq-platform] [hivemq-platform-operator] [9917e51d] 	at io.vertx.core.http.impl.HttpClientResponseImpl.handleEnd(HttpClientResponseImpl.java:250)
2025-01-30 18:20:11,983 INFO c.h.h.t.HelmChartContainer - [hivemq-test-hivemq-platform] [hivemq-platform-operator] [9917e51d] 	at io.vertx.core.http.impl.Http1xClientConnection$StreamImpl.lambda$new$0(Http1xClientConnection.java:421)
2025-01-30 18:20:11,983 INFO c.h.h.t.HelmChartContainer - [hivemq-test-hivemq-platform] [hivemq-platform-operator] [9917e51d] 	at io.vertx.core.streams.impl.InboundBuffer.handleEvent(InboundBuffer.java:279)
2025-01-30 18:20:11,983 INFO c.h.h.t.HelmChartContainer - [hivemq-test-hivemq-platform] [hivemq-platform-operator] [9917e51d] 	at io.vertx.core.streams.impl.InboundBuffer.write(InboundBuffer.java:157)
2025-01-30 18:20:11,983 INFO c.h.h.t.HelmChartContainer - [hivemq-test-hivemq-platform] [hivemq-platform-operator] [9917e51d] 	at io.vertx.core.http.impl.Http1xClientConnection$StreamImpl.handleEnd(Http1xClientConnection.java:709)
2025-01-30 18:20:11,983 INFO c.h.h.t.HelmChartContainer - [hivemq-test-hivemq-platform] [hivemq-platform-operator] [9917e51d] 	at io.vertx.core.impl.ContextImpl.execute(ContextImpl.java:313)
2025-01-30 18:20:11,983 INFO c.h.h.t.HelmChartContainer - [hivemq-test-hivemq-platform] [hivemq-platform-operator] [9917e51d] 	at io.vertx.core.impl.ContextImpl.execute(ContextImpl.java:293)
2025-01-30 18:20:11,983 INFO c.h.h.t.HelmChartContainer - [hivemq-test-hivemq-platform] [hivemq-platform-operator] [9917e51d] 	at io.vertx.core.http.impl.Http1xClientConnection.handleResponseEnd(Http1xClientConnection.java:940)
2025-01-30 18:20:11,983 INFO c.h.h.t.HelmChartContainer - [hivemq-test-hivemq-platform] [hivemq-platform-operator] [9917e51d] 	at io.vertx.core.http.impl.Http1xClientConnection.handleHttpMessage(Http1xClientConnection.java:810)
2025-01-30 18:20:11,983 INFO c.h.h.t.HelmChartContainer - [hivemq-test-hivemq-platform] [hivemq-platform-operator] [9917e51d] 	at io.vertx.core.http.impl.Http1xClientConnection.handleMessage(Http1xClientConnection.java:774)
2025-01-30 18:20:11,983 INFO c.h.h.t.HelmChartContainer - [hivemq-test-hivemq-platform] [hivemq-platform-operator] [9917e51d] 	at io.vertx.core.net.impl.ConnectionBase.read(ConnectionBase.java:159)
2025-01-30 18:20:11,983 INFO c.h.h.t.HelmChartContainer - [hivemq-test-hivemq-platform] [hivemq-platform-operator] [9917e51d] 	at io.vertx.core.net.impl.VertxHandler.channelRead(VertxHandler.java:153)
2025-01-30 18:20:11,983 INFO c.h.h.t.HelmChartContainer - [hivemq-test-hivemq-platform] [hivemq-platform-operator] [9917e51d] 	at io.netty.channel.AbstractChannelHandlerContext.invokeChannelRead(AbstractChannelHandlerContext.java:442)
2025-01-30 18:20:11,984 INFO c.h.h.t.HelmChartContainer - [hivemq-test-hivemq-platform] [hivemq-platform-operator] [9917e51d] 	at io.netty.channel.AbstractChannelHandlerContext.invokeChannelRead(AbstractChannelHandlerContext.java:420)
2025-01-30 18:20:11,984 INFO c.h.h.t.HelmChartContainer - [hivemq-test-hivemq-platform] [hivemq-platform-operator] [9917e51d] 	at io.netty.channel.AbstractChannelHandlerContext.fireChannelRead(AbstractChannelHandlerContext.java:412)
2025-01-30 18:20:11,984 INFO c.h.h.t.HelmChartContainer - [hivemq-test-hivemq-platform] [hivemq-platform-operator] [9917e51d] 	at io.netty.channel.CombinedChannelDuplexHandler$DelegatingChannelHandlerContext.fireChannelRead(CombinedChannelDuplexHandler.java:436)
2025-01-30 18:20:11,984 INFO c.h.h.t.HelmChartContainer - [hivemq-test-hivemq-platform] [hivemq-platform-operator] [9917e51d] 	at io.netty.handler.codec.ByteToMessageDecoder.fireChannelRead(ByteToMessageDecoder.java:346)
2025-01-30 18:20:11,984 INFO c.h.h.t.HelmChartContainer - [hivemq-test-hivemq-platform] [hivemq-platform-operator] [9917e51d] 	at io.netty.handler.codec.ByteToMessageDecoder.channelRead(ByteToMessageDecoder.java:318)
2025-01-30 18:20:11,984 INFO c.h.h.t.HelmChartContainer - [hivemq-test-hivemq-platform] [hivemq-platform-operator] [9917e51d] 	at io.netty.channel.CombinedChannelDuplexHandler.channelRead(CombinedChannelDuplexHandler.java:251)
2025-01-30 18:20:11,984 INFO c.h.h.t.HelmChartContainer - [hivemq-test-hivemq-platform] [hivemq-platform-operator] [9917e51d] 	at io.netty.channel.AbstractChannelHandlerContext.invokeChannelRead(AbstractChannelHandlerContext.java:442)
2025-01-30 18:20:11,984 INFO c.h.h.t.HelmChartContainer - [hivemq-test-hivemq-platform] [hivemq-platform-operator] [9917e51d] 	at io.netty.channel.AbstractChannelHandlerContext.invokeChannelRead(AbstractChannelHandlerContext.java:420)
2025-01-30 18:20:11,984 INFO c.h.h.t.HelmChartContainer - [hivemq-test-hivemq-platform] [hivemq-platform-operator] [9917e51d] 	at io.netty.channel.AbstractChannelHandlerContext.fireChannelRead(AbstractChannelHandlerContext.java:412)
2025-01-30 18:20:11,984 INFO c.h.h.t.HelmChartContainer - [hivemq-test-hivemq-platform] [hivemq-platform-operator] [9917e51d] 	at io.netty.handler.ssl.SslHandler.unwrap(SslHandler.java:1475)
2025-01-30 18:20:11,984 INFO c.h.h.t.HelmChartContainer - [hivemq-test-hivemq-platform] [hivemq-platform-operator] [9917e51d] 	at io.netty.handler.ssl.SslHandler.decodeJdkCompatible(SslHandler.java:1338)
2025-01-30 18:20:11,985 INFO c.h.h.t.HelmChartContainer - [hivemq-test-hivemq-platform] [hivemq-platform-operator] [9917e51d] 	at io.netty.handler.ssl.SslHandler.decode(SslHandler.java:1387)
2025-01-30 18:20:11,985 INFO c.h.h.t.HelmChartContainer - [hivemq-test-hivemq-platform] [hivemq-platform-operator] [9917e51d] 	at io.netty.handler.codec.ByteToMessageDecoder.decodeRemovalReentryProtection(ByteToMessageDecoder.java:530)
2025-01-30 18:20:11,985 INFO c.h.h.t.HelmChartContainer - [hivemq-test-hivemq-platform] [hivemq-platform-operator] [9917e51d] 	at io.netty.handler.codec.ByteToMessageDecoder.callDecode(ByteToMessageDecoder.java:469)
2025-01-30 18:20:11,985 INFO c.h.h.t.HelmChartContainer - [hivemq-test-hivemq-platform] [hivemq-platform-operator] [9917e51d] 	at io.netty.handler.codec.ByteToMessageDecoder.channelRead(ByteToMessageDecoder.java:290)
2025-01-30 18:20:11,985 INFO c.h.h.t.HelmChartContainer - [hivemq-test-hivemq-platform] [hivemq-platform-operator] [9917e51d] 	at io.netty.channel.AbstractChannelHandlerContext.invokeChannelRead(AbstractChannelHandlerContext.java:444)
2025-01-30 18:20:11,985 INFO c.h.h.t.HelmChartContainer - [hivemq-test-hivemq-platform] [hivemq-platform-operator] [9917e51d] 	at io.netty.channel.AbstractChannelHandlerContext.invokeChannelRead(AbstractChannelHandlerContext.java:420)
2025-01-30 18:20:11,985 INFO c.h.h.t.HelmChartContainer - [hivemq-test-hivemq-platform] [hivemq-platform-operator] [9917e51d] 	at io.netty.channel.AbstractChannelHandlerContext.fireChannelRead(AbstractChannelHandlerContext.java:412)
2025-01-30 18:20:11,985 INFO c.h.h.t.HelmChartContainer - [hivemq-test-hivemq-platform] [hivemq-platform-operator] [9917e51d] 	at io.netty.channel.DefaultChannelPipeline$HeadContext.channelRead(DefaultChannelPipeline.java:1407)
2025-01-30 18:20:11,985 INFO c.h.h.t.HelmChartContainer - [hivemq-test-hivemq-platform] [hivemq-platform-operator] [9917e51d] 	at io.netty.channel.AbstractChannelHandlerContext.invokeChannelRead(AbstractChannelHandlerContext.java:440)
2025-01-30 18:20:11,985 INFO c.h.h.t.HelmChartContainer - [hivemq-test-hivemq-platform] [hivemq-platform-operator] [9917e51d] 	at io.netty.channel.AbstractChannelHandlerContext.invokeChannelRead(AbstractChannelHandlerContext.java:420)
2025-01-30 18:20:11,985 INFO c.h.h.t.HelmChartContainer - [hivemq-test-hivemq-platform] [hivemq-platform-operator] [9917e51d] 	at io.netty.channel.DefaultChannelPipeline.fireChannelRead(DefaultChannelPipeline.java:918)
2025-01-30 18:20:11,985 INFO c.h.h.t.HelmChartContainer - [hivemq-test-hivemq-platform] [hivemq-platform-operator] [9917e51d] 	at io.netty.channel.nio.AbstractNioByteChannel$NioByteUnsafe.read(AbstractNioByteChannel.java:166)
2025-01-30 18:20:11,985 INFO c.h.h.t.HelmChartContainer - [hivemq-test-hivemq-platform] [hivemq-platform-operator] [9917e51d] 	at io.netty.channel.nio.NioEventLoop.processSelectedKey(NioEventLoop.java:788)
2025-01-30 18:20:11,985 INFO c.h.h.t.HelmChartContainer - [hivemq-test-hivemq-platform] [hivemq-platform-operator] [9917e51d] 	at io.netty.channel.nio.NioEventLoop.processSelectedKeysOptimized(NioEventLoop.java:724)
2025-01-30 18:20:11,985 INFO c.h.h.t.HelmChartContainer - [hivemq-test-hivemq-platform] [hivemq-platform-operator] [9917e51d] 	at io.netty.channel.nio.NioEventLoop.processSelectedKeys(NioEventLoop.java:650)
2025-01-30 18:20:11,985 INFO c.h.h.t.HelmChartContainer - [hivemq-test-hivemq-platform] [hivemq-platform-operator] [9917e51d] 	at io.netty.channel.nio.NioEventLoop.run(NioEventLoop.java:562)
2025-01-30 18:20:11,985 INFO c.h.h.t.HelmChartContainer - [hivemq-test-hivemq-platform] [hivemq-platform-operator] [9917e51d] 	at io.netty.util.concurrent.SingleThreadEventExecutor$4.run(SingleThreadEventExecutor.java:997)
2025-01-30 18:20:11,985 INFO c.h.h.t.HelmChartContainer - [hivemq-test-hivemq-platform] [hivemq-platform-operator] [9917e51d] 	at io.netty.util.internal.ThreadExecutorMap$2.run(ThreadExecutorMap.java:74)
2025-01-30 18:20:11,985 INFO c.h.h.t.HelmChartContainer - [hivemq-test-hivemq-platform] [hivemq-platform-operator] [9917e51d] 	at io.netty.util.concurrent.FastThreadLocalRunnable.run(FastThreadLocalRunnable.java:30)
2025-01-30 18:20:11,985 INFO c.h.h.t.HelmChartContainer - [hivemq-test-hivemq-platform] [hivemq-platform-operator] [9917e51d] 	... 1 common frames omitted
2025-01-30 18:20:12,070 INFO c.h.h.t.HelmChartContainer - [hivemq-test-hivemq-platform] [hivemq-platform-operator] [9917e51d] 18:20:12.067 [ReconcilerExecutor-hivemq-controller-138] INFO  c.h.p.o.HiveMQPlatformReconciler - [updatelo] Cleanup test-hivemq-platform - updateloglevelit HiveMQ Platform is shut down
2025-01-30 18:20:12,630 INFO c.h.h.t.HelmChartContainer - [POD] test-hivemq-platform-1 [b2b97127-7385-4bba-89aa-a2f6563afc92] in updateloglevelit was MODIFIED
2025-01-30 18:20:12,635 INFO c.h.h.t.HelmChartContainer - [EVENT] Normal [Killing] Stopping container hivemq [updateloglevelit:test-hivemq-platform-1]
2025-01-30 18:20:12,635 INFO c.h.h.t.HelmChartContainer - Received Killing event for container hivemq in pod test-hivemq-platform-1 [b2b97127-7385-4bba-89aa-a2f6563afc92]
2025-01-30 18:20:12,636 INFO c.h.h.t.HelmChartContainer - Container [test-hivemq-platform-1] [hivemq] [b2b97127-7385-4bba-89aa-a2f6563afc92] was terminated
2025-01-30 18:20:12,636 INFO c.h.h.t.HelmChartContainer - Stopped log watcher for hivemq in pod test-hivemq-platform-1 [b2b97127-7385-4bba-89aa-a2f6563afc92]
2025-01-30 18:20:12,643 INFO c.h.h.t.HelmChartContainer - [test-hivemq-platform] [hivemq] [b2b97127] INFO  - [HiveMQ Platform Operator Init App 1.7.0-SNAPSHOT] Shutting down
2025-01-30 18:20:12,643 INFO c.h.h.t.HelmChartContainer - [test-hivemq-platform] [hivemq] [b2b97127] INFO  - [HiveMQ Platform Operator Init App 1.7.0-SNAPSHOT] Stopping the HiveMQ Platform
2025-01-30 18:20:12,644 INFO c.h.h.t.HelmChartContainer - [test-hivemq-platform] [hivemq] [b2b97127] INFO  - [HiveMQ Platform Operator Init App 1.7.0-SNAPSHOT] Returning Health API response 200 for readiness
2025-01-30 18:20:12,661 INFO c.h.h.t.HelmChartContainer - [POD] test-hivemq-platform-1 [b2b97127-7385-4bba-89aa-a2f6563afc92] in updateloglevelit was MODIFIED
2025-01-30 18:20:12,682 INFO c.h.h.t.HelmChartContainer - [POD] test-hivemq-platform-0 [92c66a0d-ab80-457e-b70d-af1bf623f3c4] in updateloglevelit was MODIFIED
2025-01-30 18:20:12,686 INFO c.h.h.t.HelmChartContainer - [EVENT] Normal [Killing] Stopping container hivemq [updateloglevelit:test-hivemq-platform-0]
2025-01-30 18:20:12,686 INFO c.h.h.t.HelmChartContainer - Received Killing event for container hivemq in pod test-hivemq-platform-0 [92c66a0d-ab80-457e-b70d-af1bf623f3c4]
2025-01-30 18:20:12,686 INFO c.h.h.t.HelmChartContainer - Container [test-hivemq-platform-0] [hivemq] [92c66a0d-ab80-457e-b70d-af1bf623f3c4] was terminated
2025-01-30 18:20:12,686 INFO c.h.h.t.HelmChartContainer - Stopped log watcher for hivemq in pod test-hivemq-platform-0 [92c66a0d-ab80-457e-b70d-af1bf623f3c4]
2025-01-30 18:20:12,690 INFO c.h.h.t.HelmChartContainer - [test-hivemq-platform] [hivemq] [92c66a0d] INFO  - [HiveMQ Platform Operator Init App 1.7.0-SNAPSHOT] Shutting down
2025-01-30 18:20:12,691 INFO c.h.h.t.HelmChartContainer - [test-hivemq-platform] [hivemq] [92c66a0d] INFO  - [HiveMQ Platform Operator Init App 1.7.0-SNAPSHOT] Stopping the HiveMQ Platform
2025-01-30 18:20:13,690 INFO c.h.h.t.HelmChartContainer - [test-hivemq-platform] [hivemq] [92c66a0d] INFO  - [HiveMQ Platform Operator Init App 1.7.0-SNAPSHOT] Returning shutdown Health API response 503 for readiness
2025-01-30 18:20:13,694 INFO c.h.h.t.HelmChartContainer - [EVENT] Warning [Unhealthy] Readiness probe failed: HTTP probe failed with statuscode: 503 [updateloglevelit:test-hivemq-platform-0]
2025-01-30 18:20:13,694 INFO c.h.h.t.HelmChartContainer - Received Unhealthy event for container hivemq in pod test-hivemq-platform-0 [92c66a0d-ab80-457e-b70d-af1bf623f3c4]
2025-01-30 18:20:13,865 INFO c.h.h.t.HelmChartContainer - Deleting namespace 'updateloglevelit'...
2025-01-30 18:20:14,184 INFO c.h.h.t.HelmChartContainer - [K3S] [authentication.go:74] "Unable to authenticate the request" err="[invalid bearer token, serviceaccounts \"hivemq-platform-pod-test-hivemq-platform\" not found]"
2025-01-30 18:20:14,201 INFO c.h.h.t.HelmChartContainer - [K3S] [authentication.go:74] "Unable to authenticate the request" err="[invalid bearer token, serviceaccounts \"hivemq-platform-pod-test-hivemq-platform\" not found]"
2025-01-30 18:20:14,284 INFO c.h.h.t.HelmChartContainer - [test-hivemq-platform] [hivemq] [92c66a0d] WARN  - [HiveMQ Platform Operator Init App 1.7.0-SNAPSHOT] Could not update Pod annotations: Failure executing: GET at: https://10.43.0.1:443/api/v1/namespaces/updateloglevelit/pods/test-hivemq-platform-0. Message: Unauthorized. Received status: Status(apiVersion=v1, code=401, details=null, kind=Status, message=Unauthorized, metadata=ListMeta(_continue=null, remainingItemCount=null, resourceVersion=null, selfLink=null, additionalProperties={}), reason=Unauthorized, status=Failure, additionalProperties={}).
2025-01-30 18:20:14,857 INFO c.h.h.t.HelmChartContainer - [K3S] [authentication.go:74] "Unable to authenticate the request" err="[invalid bearer token, serviceaccounts \"hivemq-platform-pod-test-hivemq-platform\" not found]"
2025-01-30 18:20:14,916 INFO c.h.h.t.HelmChartContainer - [K3S] [authentication.go:74] "Unable to authenticate the request" err="[invalid bearer token, serviceaccounts \"hivemq-platform-pod-test-hivemq-platform\" not found]"
2025-01-30 18:20:14,953 INFO c.h.h.t.HelmChartContainer - [test-hivemq-platform] [hivemq] [b2b97127] WARN  - [HiveMQ Platform Operator Init App 1.7.0-SNAPSHOT] Could not update Pod annotations: Failure executing: GET at: https://10.43.0.1:443/api/v1/namespaces/updateloglevelit/pods/test-hivemq-platform-1. Message: Unauthorized. Received status: Status(apiVersion=v1, code=401, details=null, kind=Status, message=Unauthorized, metadata=ListMeta(_continue=null, remainingItemCount=null, resourceVersion=null, selfLink=null, additionalProperties={}), reason=Unauthorized, status=Failure, additionalProperties={}).
2025-01-30 18:20:17,631 INFO c.h.h.t.HelmChartContainer - [test-hivemq-platform] [hivemq] [b2b97127] INFO  - [HiveMQ Platform Operator Init App 1.7.0-SNAPSHOT] Returning shutdown Health API response 503 for readiness
2025-01-30 18:20:17,635 INFO c.h.h.t.HelmChartContainer - [EVENT] Warning [Unhealthy] Readiness probe failed: HTTP probe failed with statuscode: 503 [updateloglevelit:test-hivemq-platform-1]
2025-01-30 18:20:17,635 INFO c.h.h.t.HelmChartContainer - Received Unhealthy event for container hivemq in pod test-hivemq-platform-1 [b2b97127-7385-4bba-89aa-a2f6563afc92]
2025-01-30 18:20:18,578 INFO c.h.h.t.HelmChartContainer - [test-hivemq-platform] [hivemq] [b2b97127] INFO  - [HiveMQ Platform Operator Init App 1.7.0-SNAPSHOT] The HiveMQ Platform exited with code 143
2025-01-30 18:20:18,578 INFO c.h.h.t.HelmChartContainer - [test-hivemq-platform] [hivemq] [b2b97127] INFO  - [HiveMQ Platform Operator Init App 1.7.0-SNAPSHOT] Stopping the REST API
2025-01-30 18:20:18,587 INFO c.h.h.t.HelmChartContainer - [test-hivemq-platform] [hivemq] [b2b97127] INFO  - [HiveMQ Platform Operator Init App 1.7.0-SNAPSHOT] Shutdown complete
2025-01-30 18:20:18,693 INFO c.h.h.t.HelmChartContainer - [EVENT] Warning [Unhealthy] Readiness probe failed: HTTP probe failed with statuscode: 503 [updateloglevelit:test-hivemq-platform-0]
2025-01-30 18:20:18,693 INFO c.h.h.t.HelmChartContainer - Received Unhealthy event for container hivemq in pod test-hivemq-platform-0 [92c66a0d-ab80-457e-b70d-af1bf623f3c4]
2025-01-30 18:20:18,828 INFO c.h.h.t.HelmChartContainer - [test-hivemq-platform] [hivemq] [92c66a0d] INFO  - [HiveMQ Platform Operator Init App 1.7.0-SNAPSHOT] The HiveMQ Platform exited with code 143
2025-01-30 18:20:18,828 INFO c.h.h.t.HelmChartContainer - [test-hivemq-platform] [hivemq] [92c66a0d] INFO  - [HiveMQ Platform Operator Init App 1.7.0-SNAPSHOT] Stopping the REST API
2025-01-30 18:20:18,836 INFO c.h.h.t.HelmChartContainer - [test-hivemq-platform] [hivemq] [92c66a0d] INFO  - [HiveMQ Platform Operator Init App 1.7.0-SNAPSHOT] Shutdown complete
2025-01-30 18:20:18,997 INFO c.h.h.t.HelmChartContainer - [K3S] [stateful_set.go:466] "StatefulSet has been deleted" key="updateloglevelit/test-hivemq-platform"
2025-01-30 18:20:19,105 INFO c.h.h.t.HelmChartContainer - [K3S] [reconciler_common.go:162] "operationExecutor.UnmountVolume started for volume \"pod-info\" (UniqueName: \"kubernetes.io/configmap/b2b97127-7385-4bba-89aa-a2f6563afc92-pod-info\") pod \"b2b97127-7385-4bba-89aa-a2f6563afc92\" (UID: \"b2b97127-7385-4bba-89aa-a2f6563afc92\") "
2025-01-30 18:20:19,105 INFO c.h.h.t.HelmChartContainer - [K3S] [reconciler_common.go:162] "operationExecutor.UnmountVolume started for volume \"operator-init\" (UniqueName: \"kubernetes.io/empty-dir/b2b97127-7385-4bba-89aa-a2f6563afc92-operator-init\") pod \"b2b97127-7385-4bba-89aa-a2f6563afc92\" (UID: \"b2b97127-7385-4bba-89aa-a2f6563afc92\") "
2025-01-30 18:20:19,105 INFO c.h.h.t.HelmChartContainer - [K3S] [reconciler_common.go:162] "operationExecutor.UnmountVolume started for volume \"broker-configuration\" (UniqueName: \"kubernetes.io/configmap/b2b97127-7385-4bba-89aa-a2f6563afc92-broker-configuration\") pod \"b2b97127-7385-4bba-89aa-a2f6563afc92\" (UID: \"b2b97127-7385-4bba-89aa-a2f6563afc92\") "
2025-01-30 18:20:19,105 INFO c.h.h.t.HelmChartContainer - [K3S] [reconciler_common.go:162] "operationExecutor.UnmountVolume started for volume \"kube-api-access-4m7ks\" (UniqueName: \"kubernetes.io/projected/b2b97127-7385-4bba-89aa-a2f6563afc92-kube-api-access-4m7ks\") pod \"b2b97127-7385-4bba-89aa-a2f6563afc92\" (UID: \"b2b97127-7385-4bba-89aa-a2f6563afc92\") "
2025-01-30 18:20:19,141 INFO c.h.h.t.HelmChartContainer - [POD] test-hivemq-platform-1 [b2b97127-7385-4bba-89aa-a2f6563afc92] in updateloglevelit was MODIFIED
2025-01-30 18:20:19,206 INFO c.h.h.t.HelmChartContainer - [K3S] [reconciler_common.go:299] "Volume detached for volume \"kube-api-access-4m7ks\" (UniqueName: \"kubernetes.io/projected/b2b97127-7385-4bba-89aa-a2f6563afc92-kube-api-access-4m7ks\") on node \"7516e517d64a\" DevicePath \"\""
2025-01-30 18:20:19,206 INFO c.h.h.t.HelmChartContainer - [K3S] [reconciler_common.go:299] "Volume detached for volume \"pod-info\" (UniqueName: \"kubernetes.io/configmap/b2b97127-7385-4bba-89aa-a2f6563afc92-pod-info\") on node \"7516e517d64a\" DevicePath \"\""
2025-01-30 18:20:19,206 INFO c.h.h.t.HelmChartContainer - [K3S] [reconciler_common.go:299] "Volume detached for volume \"operator-init\" (UniqueName: \"kubernetes.io/empty-dir/b2b97127-7385-4bba-89aa-a2f6563afc92-operator-init\") on node \"7516e517d64a\" DevicePath \"\""
2025-01-30 18:20:19,206 INFO c.h.h.t.HelmChartContainer - [K3S] [reconciler_common.go:299] "Volume detached for volume \"broker-configuration\" (UniqueName: \"kubernetes.io/configmap/b2b97127-7385-4bba-89aa-a2f6563afc92-broker-configuration\") on node \"7516e517d64a\" DevicePath \"\""
2025-01-30 18:20:19,272 INFO c.h.h.t.HelmChartContainer - [K3S] [pod_container_deletor.go:80] "Container not found in pod's containers" containerID="0712363e810e30e781a1b13a22e3537aff4113927db839f6dd918e539bb96c01"
2025-01-30 18:20:19,273 INFO c.h.h.t.HelmChartContainer - [K3S] [scope.go:117] "RemoveContainer" containerID="bded5f985289d20295cc7f98555d99147677a65470ed87154a5629f0ac8a0154"
2025-01-30 18:20:19,289 INFO c.h.h.t.HelmChartContainer - [POD] test-hivemq-platform-1 [b2b97127-7385-4bba-89aa-a2f6563afc92] in updateloglevelit was MODIFIED
2025-01-30 18:20:19,294 INFO c.h.h.t.HelmChartContainer - [POD] test-hivemq-platform-1 [b2b97127-7385-4bba-89aa-a2f6563afc92] in updateloglevelit was DELETED
2025-01-30 18:20:19,306 INFO c.h.h.t.HelmChartContainer - [K3S] [reconciler_common.go:162] "operationExecutor.UnmountVolume started for volume \"kube-api-access-q74tz\" (UniqueName: \"kubernetes.io/projected/92c66a0d-ab80-457e-b70d-af1bf623f3c4-kube-api-access-q74tz\") pod \"92c66a0d-ab80-457e-b70d-af1bf623f3c4\" (UID: \"92c66a0d-ab80-457e-b70d-af1bf623f3c4\") "
2025-01-30 18:20:19,307 INFO c.h.h.t.HelmChartContainer - [K3S] [reconciler_common.go:162] "operationExecutor.UnmountVolume started for volume \"operator-init\" (UniqueName: \"kubernetes.io/empty-dir/92c66a0d-ab80-457e-b70d-af1bf623f3c4-operator-init\") pod \"92c66a0d-ab80-457e-b70d-af1bf623f3c4\" (UID: \"92c66a0d-ab80-457e-b70d-af1bf623f3c4\") "
2025-01-30 18:20:19,307 INFO c.h.h.t.HelmChartContainer - [K3S] [reconciler_common.go:162] "operationExecutor.UnmountVolume started for volume \"broker-configuration\" (UniqueName: \"kubernetes.io/configmap/92c66a0d-ab80-457e-b70d-af1bf623f3c4-broker-configuration\") pod \"92c66a0d-ab80-457e-b70d-af1bf623f3c4\" (UID: \"92c66a0d-ab80-457e-b70d-af1bf623f3c4\") "
2025-01-30 18:20:19,307 INFO c.h.h.t.HelmChartContainer - [K3S] [reconciler_common.go:162] "operationExecutor.UnmountVolume started for volume \"pod-info\" (UniqueName: \"kubernetes.io/configmap/92c66a0d-ab80-457e-b70d-af1bf623f3c4-pod-info\") pod \"92c66a0d-ab80-457e-b70d-af1bf623f3c4\" (UID: \"92c66a0d-ab80-457e-b70d-af1bf623f3c4\") "
2025-01-30 18:20:19,317 INFO c.h.h.t.HelmChartContainer - [POD] test-hivemq-platform-0 [92c66a0d-ab80-457e-b70d-af1bf623f3c4] in updateloglevelit was MODIFIED
2025-01-30 18:20:19,394 INFO c.h.h.t.HelmChartContainer - [K3S] [scope.go:117] "RemoveContainer" containerID="6833e401327839260f3a5eccd0da961819d0bb2f1f08b68bc2f949ae59c68e88"
2025-01-30 18:20:19,398 INFO c.h.h.t.HelmChartContainer - [K3S] [scope.go:117] "RemoveContainer" containerID="bded5f985289d20295cc7f98555d99147677a65470ed87154a5629f0ac8a0154"
2025-01-30 18:20:19,398 INFO c.h.h.t.HelmChartContainer - [K3S] [scope.go:117] "RemoveContainer" containerID="6833e401327839260f3a5eccd0da961819d0bb2f1f08b68bc2f949ae59c68e88"
2025-01-30 18:20:19,407 INFO c.h.h.t.HelmChartContainer - [K3S] [reconciler_common.go:299] "Volume detached for volume \"pod-info\" (UniqueName: \"kubernetes.io/configmap/92c66a0d-ab80-457e-b70d-af1bf623f3c4-pod-info\") on node \"7516e517d64a\" DevicePath \"\""
2025-01-30 18:20:19,407 INFO c.h.h.t.HelmChartContainer - [K3S] [reconciler_common.go:299] "Volume detached for volume \"kube-api-access-q74tz\" (UniqueName: \"kubernetes.io/projected/92c66a0d-ab80-457e-b70d-af1bf623f3c4-kube-api-access-q74tz\") on node \"7516e517d64a\" DevicePath \"\""
2025-01-30 18:20:19,407 INFO c.h.h.t.HelmChartContainer - [K3S] [reconciler_common.go:299] "Volume detached for volume \"operator-init\" (UniqueName: \"kubernetes.io/empty-dir/92c66a0d-ab80-457e-b70d-af1bf623f3c4-operator-init\") on node \"7516e517d64a\" DevicePath \"\""
2025-01-30 18:20:19,407 INFO c.h.h.t.HelmChartContainer - [K3S] [reconciler_common.go:299] "Volume detached for volume \"broker-configuration\" (UniqueName: \"kubernetes.io/configmap/92c66a0d-ab80-457e-b70d-af1bf623f3c4-broker-configuration\") on node \"7516e517d64a\" DevicePath \"\""
2025-01-30 18:20:20,288 INFO c.h.h.t.HelmChartContainer - [POD] test-hivemq-platform-0 [92c66a0d-ab80-457e-b70d-af1bf623f3c4] in updateloglevelit was MODIFIED
2025-01-30 18:20:20,290 INFO c.h.h.t.HelmChartContainer - [POD] test-hivemq-platform-0 [92c66a0d-ab80-457e-b70d-af1bf623f3c4] in updateloglevelit was DELETED
2025-01-30 18:20:20,504 INFO c.h.h.t.HelmChartContainer - [K3S] [kubelet_volumes.go:163] "Cleaned up orphaned pod volumes dir" podUID="92c66a0d-ab80-457e-b70d-af1bf623f3c4" path="/var/lib/kubelet/pods/92c66a0d-ab80-457e-b70d-af1bf623f3c4/volumes"
2025-01-30 18:20:20,504 INFO c.h.h.t.HelmChartContainer - [K3S] [kubelet_volumes.go:163] "Cleaned up orphaned pod volumes dir" podUID="b2b97127-7385-4bba-89aa-a2f6563afc92" path="/var/lib/kubelet/pods/b2b97127-7385-4bba-89aa-a2f6563afc92/volumes"
2025-01-30 18:20:24,192 INFO c.h.h.t.HelmChartContainer - Namespace 'updateloglevelit' deleted
2025-01-30 18:20:24,192 INFO c.h.h.t.HelmChartContainer - Release 'test-hivemq-platform' in namespace 'updateloglevelit' is uninstalled
2025-01-30 18:20:24,192 INFO c.h.h.t.HelmChartContainer - Uninstalling release 'test-hivemq-platform-operator' in namespace 'updateloglevelit-operator'...
2025-01-30 18:20:24,192 DEBUG c.h.h.t.HelmChartContainer - Executing helm command: /bin/helm --kubeconfig /etc/rancher/k3s/k3s.yaml uninstall test-hivemq-platform-operator  --wait --timeout 5m0s --cascade foreground --namespace updateloglevelit-operator
2025-01-30 18:20:24,364 INFO c.h.h.t.HelmChartContainer - [K3S] [replica_set.go:679] "Finished syncing" kind="ReplicaSet" key="updateloglevelit-operator/hivemq-test-hivemq-platform-operator-6966f96d65" duration="13.742452ms"
2025-01-30 18:20:24,365 INFO c.h.h.t.HelmChartContainer - [K3S] [replica_set.go:679] "Finished syncing" kind="ReplicaSet" key="updateloglevelit-operator/hivemq-test-hivemq-platform-operator-6966f96d65" duration="36.558µs"
2025-01-30 18:20:24,374 INFO c.h.h.t.HelmChartContainer - [POD] hivemq-test-hivemq-platform-operator-6966f96d65-qjq4z [9917e51d-faeb-466b-968b-6e7b9cc21a10] in updateloglevelit-operator was MODIFIED
2025-01-30 18:20:24,381 INFO c.h.h.t.HelmChartContainer - [K3S] [replica_set.go:679] "Finished syncing" kind="ReplicaSet" key="updateloglevelit-operator/hivemq-test-hivemq-platform-operator-6966f96d65" duration="8.614764ms"
2025-01-30 18:20:24,381 INFO c.h.h.t.HelmChartContainer - [K3S] [replica_set.go:679] "Finished syncing" kind="ReplicaSet" key="updateloglevelit-operator/hivemq-test-hivemq-platform-operator-6966f96d65" duration="73.407µs"
2025-01-30 18:20:24,383 INFO c.h.h.t.HelmChartContainer - [EVENT] Normal [Killing] Stopping container hivemq-platform-operator [updateloglevelit-operator:hivemq-test-hivemq-platform-operator-6966f96d65-qjq4z]
2025-01-30 18:20:24,383 INFO c.h.h.t.HelmChartContainer - Received Killing event for container hivemq-platform-operator in pod hivemq-test-hivemq-platform-operator-6966f96d65-qjq4z [9917e51d-faeb-466b-968b-6e7b9cc21a10]
2025-01-30 18:20:24,383 INFO c.h.h.t.HelmChartContainer - Container [hivemq-test-hivemq-platform-operator-6966f96d65-qjq4z] [hivemq-platform-operator] [9917e51d-faeb-466b-968b-6e7b9cc21a10] was terminated
2025-01-30 18:20:24,383 INFO c.h.h.t.HelmChartContainer - Stopped log watcher for hivemq-platform-operator in pod hivemq-test-hivemq-platform-operator-6966f96d65-qjq4z [9917e51d-faeb-466b-968b-6e7b9cc21a10]
2025-01-30 18:20:24,384 INFO c.h.h.t.HelmChartContainer - [hivemq-test-hivemq-platform] [hivemq-platform-operator] [9917e51d] 18:20:24.383 [application-shutdown-thread] INFO  c.h.p.o.HiveMQPlatformOperatorApplication - HiveMQ Platform Operator is stopping...
2025-01-30 18:20:24,384 INFO c.h.h.t.HelmChartContainer - [hivemq-test-hivemq-platform] [hivemq-platform-operator] [9917e51d] 18:20:24.384 [application-shutdown-thread] INFO  i.javaoperatorsdk.operator.Operator - Operator SDK 4.9.7 is shutting down...
2025-01-30 18:20:24,907 INFO c.h.h.t.HelmChartContainer - [K3S] [replica_set.go:679] "Finished syncing" kind="ReplicaSet" key="updateloglevelit-operator/hivemq-test-hivemq-platform-operator-6966f96d65" duration="312.522µs"
2025-01-30 18:20:24,907 INFO c.h.h.t.HelmChartContainer - [POD] hivemq-test-hivemq-platform-operator-6966f96d65-qjq4z [9917e51d-faeb-466b-968b-6e7b9cc21a10] in updateloglevelit-operator was MODIFIED
2025-01-30 18:20:25,038 INFO c.h.h.t.HelmChartContainer - [K3S] [reconciler_common.go:162] "operationExecutor.UnmountVolume started for volume \"kube-api-access-t7x8g\" (UniqueName: \"kubernetes.io/projected/9917e51d-faeb-466b-968b-6e7b9cc21a10-kube-api-access-t7x8g\") pod \"9917e51d-faeb-466b-968b-6e7b9cc21a10\" (UID: \"9917e51d-faeb-466b-968b-6e7b9cc21a10\") "
2025-01-30 18:20:25,138 INFO c.h.h.t.HelmChartContainer - [K3S] [reconciler_common.go:299] "Volume detached for volume \"kube-api-access-t7x8g\" (UniqueName: \"kubernetes.io/projected/9917e51d-faeb-466b-968b-6e7b9cc21a10-kube-api-access-t7x8g\") on node \"7516e517d64a\" DevicePath \"\""
2025-01-30 18:20:25,282 INFO c.h.h.t.HelmChartContainer - [K3S] [scope.go:117] "RemoveContainer" containerID="f993bd0885ba584f8b0e9c68353798fffc7eea6e8d2b4d018fb34b15318f31f6"
2025-01-30 18:20:25,286 INFO c.h.h.t.HelmChartContainer - [K3S] [scope.go:117] "RemoveContainer" containerID="f993bd0885ba584f8b0e9c68353798fffc7eea6e8d2b4d018fb34b15318f31f6"
2025-01-30 18:20:25,294 INFO c.h.h.t.HelmChartContainer - [K3S] [replica_set.go:679] "Finished syncing" kind="ReplicaSet" key="updateloglevelit-operator/hivemq-test-hivemq-platform-operator-6966f96d65" duration="40.886µs"
2025-01-30 18:20:25,294 INFO c.h.h.t.HelmChartContainer - [POD] hivemq-test-hivemq-platform-operator-6966f96d65-qjq4z [9917e51d-faeb-466b-968b-6e7b9cc21a10] in updateloglevelit-operator was MODIFIED
2025-01-30 18:20:25,297 INFO c.h.h.t.HelmChartContainer - [K3S] [replica_set.go:679] "Finished syncing" kind="ReplicaSet" key="updateloglevelit-operator/hivemq-test-hivemq-platform-operator-6966f96d65" duration="30.176µs"
2025-01-30 18:20:25,298 INFO c.h.h.t.HelmChartContainer - [POD] hivemq-test-hivemq-platform-operator-6966f96d65-qjq4z [9917e51d-faeb-466b-968b-6e7b9cc21a10] in updateloglevelit-operator was DELETED
2025-01-30 18:20:25,308 INFO c.h.h.t.HelmChartContainer - [K3S] [replica_set.go:679] "Finished syncing" kind="ReplicaSet" key="updateloglevelit-operator/hivemq-test-hivemq-platform-operator-6966f96d65" duration="5.51µs"
2025-01-30 18:20:26,390 INFO c.h.h.t.HelmChartContainer - Deleting namespace 'updateloglevelit-operator'...
2025-01-30 18:20:26,504 INFO c.h.h.t.HelmChartContainer - [K3S] [kubelet_volumes.go:163] "Cleaned up orphaned pod volumes dir" podUID="9917e51d-faeb-466b-968b-6e7b9cc21a10" path="/var/lib/kubelet/pods/9917e51d-faeb-466b-968b-6e7b9cc21a10/volumes"
2025-01-30 18:20:29,165 INFO c.h.h.t.HelmChartContainer - [K3S] [namespace_controller.go:187] "Namespace has been deleted" namespace="updateloglevelit"
2025-01-30 18:20:30,669 INFO c.h.h.t.HelmChartContainer - [K3S] [scope.go:117] "RemoveContainer" containerID="04d6c929e1a8b9a11751aac0c27cfedc8223806c250fbb0ffc613aef9d8abeb0"
2025-01-30 18:20:30,672 INFO c.h.h.t.HelmChartContainer - [K3S] [scope.go:117] "RemoveContainer" containerID="d4d7d6390e149e1a51b150867740c2d823020d0ac8025b2bc99ee601f6d52570"
2025-01-30 18:20:31,605 INFO c.h.h.t.HelmChartContainer - Namespace 'updateloglevelit-operator' deleted
2025-01-30 18:20:31,605 INFO c.h.h.t.HelmChartContainer - Release 'test-hivemq-platform-operator' in namespace 'updateloglevelit-operator' is uninstalled
2025-01-30 18:20:32,164 INFO c.h.helmcharts.AbstractHelmChartIT - Removed unused containers:

2025-01-30 18:20:36,512 INFO c.h.h.t.HelmChartContainer - [K3S] [namespace_controller.go:187] "Namespace has been deleted" namespace="updateloglevelit-operator"
2025-01-30 18:20:39,636 INFO c.h.helmcharts.AbstractHelmChartIT - Removed unused snapshots:
Removing snapshot sha256:03af251906410714c5aef9fa705b63f6bbc39c4a5e787de7361eeb18886c2ed2
Removing snapshot sha256:0c46b3b43cce082ce5ec34ffc6c294e0417d17b9d1e6f366d114b6aadc4f96dc
Removing snapshot sha256:0ce761beee59082d6ed5bcebd3a805b8ddd9b3426b617e4809e7fb7c6587ffec
Removing snapshot sha256:0df91287303208332c8ff6ba40ae4710105201739addbfbddfb955f1ad593664
Removing snapshot sha256:1021ef88c7974bfff89c5a0ec4fd3160daac6c48a075f74cff721f85dd104e68
Removing snapshot sha256:10aba4953ddc18145dd38e3704709bc464aa20af60b56fe52caaff4b68411e62
Removing snapshot sha256:2573e0d8158209ed54ab25c87bcdcb00bd3d2539246960a3d592a1c599d70465
Removing snapshot sha256:362a8a37f8bbc31925a8146adcf7cf51f9882f5c1dcbef67c5baa03a297543c0
Removing snapshot sha256:3fa4ad33f0ddc8fd45b39b6b4640f82a3a83619606cd975bfe89d8710ad2d4cd
Removing snapshot sha256:43a7c979bbaba6838bc3102d6b10a1459f3ab050b87ccdfef84ef90cf43d3058
Removing snapshot sha256:4ab04491cdf0d3267f08206fe30bd48f49f94b9cab2f016d6739220f722a64af
Removing snapshot sha256:4b6068250e89c96f263060261819c7d912855bfbd64b3eb4c4a8483299b8c295
Removing snapshot sha256:580e69a0a8034ede1921139bbd2bfb72a69ebf276d008281896c32dd8bf74775
Removing snapshot sha256:5d30ba46b27fe37484567ccc5242cadc78217b8da605f3f195ef25cbf7487904
Removing snapshot sha256:63ca1fbb43ae5034640e5e6cb3e083e05c290072c5366fcaa9d62435a4cced85
Removing snapshot sha256:67f702c6baae873bceb19487c8b1f27bd2b86077e4f2f0e480e6d60ab508b8f5
Removing snapshot sha256:6864348dd42806d552efdec384f1274be15e2d0c10ce44c1f04347af004c10a9
Removing snapshot sha256:6c5e25ac38ea836aec7f8489b651d679bc6e25f2410a8c1b1fce01b634ae7ed1
Removing snapshot sha256:6c7dee8f2c39b84b7dc2711c01d33de93514d9055499173e9290176fbe484b6c
Removing snapshot sha256:82753493a6d61ded36556292f02f31841a14c20d2f279f19eaad65afb661d5cd
Removing snapshot sha256:8a10d3db42c505ee0fcfa98417bdd7e39b304f6bcc0a06bb1b220797ff2cc63c
Removing snapshot sha256:a21e5b12dbac529ad45d976eb9ce45c881f3bedcc500fb30aba1e52aa1813418
Removing snapshot sha256:b921e6c28969094157f9b8e7244677780319637afd14450b7cb6b2fdea558a0c
Removing snapshot sha256:bc27ecb5769a00e309cf99ebc763c4a4b958b618d1decc96ffac5bc05f02f5b7
Removing snapshot sha256:be3ccb6627a5332e309d45ef461d09b4879dd870c7394d89323d0ebc6ca6aa8a
Removing snapshot sha256:c261f7cbbc64211ee175ee47273acdb7b1a36a4450b397a064a8f2c026490095
Removing snapshot sha256:c34d9393647eea0c9e3557ab988efaf59f61d10a2a5613b439ef0958cca5ec10
Removing snapshot sha256:ca35e0367ec2e8e6d854e7dd591c8a825bf242978fbc256b2be8846ca4999bf8
Removing snapshot sha256:ccf3c4a0fa967a41c1c83497a2ce6fa5787965859df0adb32c4ca2cf7490bc2b
Removing snapshot sha256:cf92d33f869417309692088c341cd0f223c178ea78a125f757317b22aa8f90e9
Removing snapshot sha256:d0037344cf2fb078884f1849f6a1f8cf9a33a3b6139b6a85833e5ee528e1f9a8
Removing snapshot sha256:d3b36d5b79273b1e98e7700470eaeff05a882e777124d84cebcc1505b85ecb36
Removing snapshot sha256:d65a44a37914602d12c611e5e22a50f11451d847e63015cc1c2aef92dee777a4
Removing snapshot sha256:e2dc0bae2455930f23ae570e019b7f32edc75c0f2d71cab084db837ff9051796
Removing snapshot sha256:eccbd24a99c60cd9e86ee5305dbfc4a4dc89f5ab4fb1f06c8d64797cecedef34
Removing snapshot sha256:f144bb4c7c7f0d2aa7eeffd36d934ec40db1ee167be727e326aad9fdc616f475

]]></system-out>
  </testcase>
  <system-out><![CDATA[2025-01-30 18:15:31,115 INFO c.h.h.t.HelmChartContainerExtension - Using cached HelmChartContainer instance
]]></system-out>
  <system-err><![CDATA[]]></system-err>
</testsuite>
