<?xml version="1.0" encoding="UTF-8"?>
<testsuite name="com.hivemq.helmcharts.operator.HelmRemoveNamespaceIT" tests="1" skipped="0" failures="0" errors="0" timestamp="2025-01-28T20:40:34" hostname="fv-az1779-901" time="98.71">
  <properties/>
  <testcase name="withSingleOperator_hivemqRunningThenDelete()" classname="com.hivemq.helmcharts.operator.HelmRemoveNamespaceIT" time="98.71">
    <system-out><![CDATA[2025-01-28 20:40:34,135 INFO c.h.h.t.HelmChartContainer - Creating namespace 'helmremovenamespaceit-operator'...
2025-01-28 20:40:34,364 INFO c.h.h.t.HelmChartContainer - Namespace 'helmremovenamespaceit-operator' created
2025-01-28 20:40:34,365 INFO c.h.h.t.HelmChartContainer - Creating namespace 'helmremovenamespaceit'...
2025-01-28 20:40:34,365 INFO c.h.h.t.HelmChartContainer - [POD] coredns-ff8999cc5-d5wkp [df4955c1-693d-4455-afb9-3fe1ff76aa67] in kube-system was ADDED
2025-01-28 20:40:34,369 INFO c.h.h.t.HelmChartContainer - [POD] local-path-provisioner-698b58967b-gq6ph [952a8d76-8400-4e90-a69c-8eca8ebd4411] in kube-system was ADDED
2025-01-28 20:40:34,372 INFO c.h.h.t.HelmChartContainer - [POD] metrics-server-8584b5786c-lk9xg [ab629238-1e30-43b8-850e-6d4ac0a92986] in kube-system was ADDED
2025-01-28 20:40:34,378 INFO c.h.h.t.HelmChartContainer - Namespace 'helmremovenamespaceit' created
2025-01-28 20:40:34,441 DEBUG c.h.h.t.HelmChartContainer - Executing helm command: /bin/helm --kubeconfig /etc/rancher/k3s/k3s.yaml install test-hivemq-platform-operator /charts/hivemq-platform-operator --wait --timeout 5m0s --set image.repository=docker.io/hivemq --set image.name=hivemq-platform-operator-test --set image.initImageName=hivemq-platform-operator-init-test --set image.tag=snapshot --set image.pullPolicy=Never --set logLevel=DEBUG --set resources.cpu=512m --namespace helmremovenamespaceit-operator
2025-01-28 20:40:36,793 INFO c.h.h.t.HelmChartContainer - [K3S] [alloc.go:330] "allocated clusterIPs" service="helmremovenamespaceit-operator/hivemq-platform-operator-test-hivemq-platform-operator" clusterIPs={"IPv4":"10.43.47.37"}
2025-01-28 20:40:36,805 INFO c.h.h.t.HelmChartContainer - [EVENT] Normal [ScalingReplicaSet] Scaled up replica set hivemq-test-hivemq-platform-operator-6966f96d65 from 0 to 1 [helmremovenamespaceit-operator:hivemq-test-hivemq-platform-operator]
2025-01-28 20:40:36,822 INFO c.h.h.t.HelmChartContainer - [POD] hivemq-test-hivemq-platform-operator-6966f96d65-rxm4t [bc18cdf9-9f68-4aa1-a6bd-fe33999ca874] in helmremovenamespaceit-operator was ADDED
2025-01-28 20:40:36,823 INFO c.h.h.t.HelmChartContainer - [POD] hivemq-test-hivemq-platform-operator-6966f96d65-rxm4t [bc18cdf9-9f68-4aa1-a6bd-fe33999ca874] in helmremovenamespaceit-operator was MODIFIED
2025-01-28 20:40:36,824 INFO c.h.h.t.HelmChartContainer - [K3S] [replica_set.go:679] "Finished syncing" kind="ReplicaSet" key="helmremovenamespaceit-operator/hivemq-test-hivemq-platform-operator-6966f96d65" duration="22.12654ms"
2025-01-28 20:40:36,833 INFO c.h.h.t.HelmChartContainer - [EVENT] Normal [Scheduled] Successfully assigned helmremovenamespaceit-operator/hivemq-test-hivemq-platform-operator-6966f96d65-rxm4t to 3de41117d5a7 [helmremovenamespaceit-operator:hivemq-test-hivemq-platform-operator-6966f96d65-rxm4t]
2025-01-28 20:40:36,833 INFO c.h.h.t.HelmChartContainer - [EVENT] Normal [SuccessfulCreate] Created pod: hivemq-test-hivemq-platform-operator-6966f96d65-rxm4t [helmremovenamespaceit-operator:hivemq-test-hivemq-platform-operator-6966f96d65]
2025-01-28 20:40:36,843 INFO c.h.h.t.HelmChartContainer - [POD] hivemq-test-hivemq-platform-operator-6966f96d65-rxm4t [bc18cdf9-9f68-4aa1-a6bd-fe33999ca874] in helmremovenamespaceit-operator was MODIFIED
2025-01-28 20:40:36,848 INFO c.h.h.t.HelmChartContainer - [K3S] [replica_set.go:679] "Finished syncing" kind="ReplicaSet" key="helmremovenamespaceit-operator/hivemq-test-hivemq-platform-operator-6966f96d65" duration="21.11917ms"
2025-01-28 20:40:36,848 INFO c.h.h.t.HelmChartContainer - [K3S] [replica_set.go:679] "Finished syncing" kind="ReplicaSet" key="helmremovenamespaceit-operator/hivemq-test-hivemq-platform-operator-6966f96d65" duration="35.005µs"
2025-01-28 20:40:36,876 INFO c.h.h.t.HelmChartContainer - [K3S] [reconciler_common.go:251] "operationExecutor.VerifyControllerAttachedVolume started for volume \"kube-api-access-nk8rk\" (UniqueName: \"kubernetes.io/projected/bc18cdf9-9f68-4aa1-a6bd-fe33999ca874-kube-api-access-nk8rk\") pod \"hivemq-test-hivemq-platform-operator-6966f96d65-rxm4t\" (UID: \"bc18cdf9-9f68-4aa1-a6bd-fe33999ca874\") " pod="helmremovenamespaceit-operator/hivemq-test-hivemq-platform-operator-6966f96d65-rxm4t"
2025-01-28 20:40:37,210 INFO c.h.h.t.HelmChartContainer - [EVENT] Normal [Pulled] Container image "docker.io/hivemq/hivemq-platform-operator-test:snapshot" already present on machine [helmremovenamespaceit-operator:hivemq-test-hivemq-platform-operator-6966f96d65-rxm4t]
2025-01-28 20:40:37,211 INFO c.h.h.t.HelmChartContainer - Received Pulled event for container hivemq-platform-operator in pod hivemq-test-hivemq-platform-operator-6966f96d65-rxm4t [bc18cdf9-9f68-4aa1-a6bd-fe33999ca874]
2025-01-28 20:40:37,220 INFO c.h.h.t.HelmChartContainer - [EVENT] Normal [Created] Created container: hivemq-platform-operator [helmremovenamespaceit-operator:hivemq-test-hivemq-platform-operator-6966f96d65-rxm4t]
2025-01-28 20:40:37,220 INFO c.h.h.t.HelmChartContainer - Received Created event for container hivemq-platform-operator in pod hivemq-test-hivemq-platform-operator-6966f96d65-rxm4t [bc18cdf9-9f68-4aa1-a6bd-fe33999ca874]
2025-01-28 20:40:37,361 INFO c.h.h.t.HelmChartContainer - [K3S] [replica_set.go:679] "Finished syncing" kind="ReplicaSet" key="helmremovenamespaceit-operator/hivemq-test-hivemq-platform-operator-6966f96d65" duration="39.123µs"
2025-01-28 20:40:37,367 INFO c.h.h.t.HelmChartContainer - [POD] hivemq-test-hivemq-platform-operator-6966f96d65-rxm4t [bc18cdf9-9f68-4aa1-a6bd-fe33999ca874] in helmremovenamespaceit-operator was MODIFIED
2025-01-28 20:40:37,390 INFO c.h.h.t.HelmChartContainer - [EVENT] Normal [Started] Started container hivemq-platform-operator [helmremovenamespaceit-operator:hivemq-test-hivemq-platform-operator-6966f96d65-rxm4t]
2025-01-28 20:40:37,391 INFO c.h.h.t.HelmChartContainer - Received Started event for container hivemq-platform-operator in pod hivemq-test-hivemq-platform-operator-6966f96d65-rxm4t [bc18cdf9-9f68-4aa1-a6bd-fe33999ca874]
2025-01-28 20:40:37,390 INFO c.h.h.t.HelmChartContainer - Started log watcher for hivemq-platform-operator in pod hivemq-test-hivemq-platform-operator-6966f96d65-rxm4t [bc18cdf9-9f68-4aa1-a6bd-fe33999ca874]
2025-01-28 20:40:37,392 INFO c.h.h.t.HelmChartContainer - [hivemq-test-hivemq-platform] [hivemq-platform-operator] [bc18cdf9] -------------------------------------------------------------------------
2025-01-28 20:40:37,392 INFO c.h.h.t.HelmChartContainer - [hivemq-test-hivemq-platform] [hivemq-platform-operator] [bc18cdf9] 
2025-01-28 20:40:37,392 INFO c.h.h.t.HelmChartContainer - [hivemq-test-hivemq-platform] [hivemq-platform-operator] [bc18cdf9]                   _    _  _              __  __   ____
2025-01-28 20:40:37,392 INFO c.h.h.t.HelmChartContainer - [hivemq-test-hivemq-platform] [hivemq-platform-operator] [bc18cdf9]                  | |  | |(_)            |  \/  | / __ \
2025-01-28 20:40:37,392 INFO c.h.h.t.HelmChartContainer - [hivemq-test-hivemq-platform] [hivemq-platform-operator] [bc18cdf9]                  | |__| | _ __   __ ___ | \  / || |  | |
2025-01-28 20:40:37,392 INFO c.h.h.t.HelmChartContainer - [hivemq-test-hivemq-platform] [hivemq-platform-operator] [bc18cdf9]                  |  __  || |\ \ / // _ \| |\/| || |  | |
2025-01-28 20:40:37,392 INFO c.h.h.t.HelmChartContainer - [hivemq-test-hivemq-platform] [hivemq-platform-operator] [bc18cdf9]                  | |  | || | \ V /|  __/| |  | || |__| |
2025-01-28 20:40:37,392 INFO c.h.h.t.HelmChartContainer - [hivemq-test-hivemq-platform] [hivemq-platform-operator] [bc18cdf9]                  |_|  |_||_|  \_/  \___||_|  |_| \___\_\
2025-01-28 20:40:37,392 INFO c.h.h.t.HelmChartContainer - [hivemq-test-hivemq-platform] [hivemq-platform-operator] [bc18cdf9] 
2025-01-28 20:40:37,392 INFO c.h.h.t.HelmChartContainer - [hivemq-test-hivemq-platform] [hivemq-platform-operator] [bc18cdf9] -------------------------------------------------------------------------
2025-01-28 20:40:37,392 INFO c.h.h.t.HelmChartContainer - [hivemq-test-hivemq-platform] [hivemq-platform-operator] [bc18cdf9] 
2025-01-28 20:40:37,392 INFO c.h.h.t.HelmChartContainer - [hivemq-test-hivemq-platform] [hivemq-platform-operator] [bc18cdf9]   HiveMQ Platform Operator Start Script v1.0
2025-01-28 20:40:37,392 INFO c.h.h.t.HelmChartContainer - [hivemq-test-hivemq-platform] [hivemq-platform-operator] [bc18cdf9] 
2025-01-28 20:40:37,392 INFO c.h.h.t.HelmChartContainer - [hivemq-test-hivemq-platform] [hivemq-platform-operator] [bc18cdf9] -------------------------------------------------------------------------
2025-01-28 20:40:37,392 INFO c.h.h.t.HelmChartContainer - [hivemq-test-hivemq-platform] [hivemq-platform-operator] [bc18cdf9] 
2025-01-28 20:40:37,393 INFO c.h.h.t.HelmChartContainer - [hivemq-test-hivemq-platform] [hivemq-platform-operator] [bc18cdf9]   JAVA_OPTS: -XX:+UnlockExperimentalVMOptions -XX:InitialRAMPercentage=75 -XX:MaxRAMPercentage=75 -Duser.language=en -Duser.region=US
2025-01-28 20:40:37,393 INFO c.h.h.t.HelmChartContainer - [hivemq-test-hivemq-platform] [hivemq-platform-operator] [bc18cdf9] 
2025-01-28 20:40:37,393 INFO c.h.h.t.HelmChartContainer - [hivemq-test-hivemq-platform] [hivemq-platform-operator] [bc18cdf9]   JAVA_VERSION: 21
2025-01-28 20:40:37,393 INFO c.h.h.t.HelmChartContainer - [hivemq-test-hivemq-platform] [hivemq-platform-operator] [bc18cdf9] 
2025-01-28 20:40:37,393 INFO c.h.h.t.HelmChartContainer - [hivemq-test-hivemq-platform] [hivemq-platform-operator] [bc18cdf9] -------------------------------------------------------------------------
2025-01-28 20:40:37,393 INFO c.h.h.t.HelmChartContainer - [hivemq-test-hivemq-platform] [hivemq-platform-operator] [bc18cdf9] 
2025-01-28 20:40:40,598 INFO c.h.h.t.HelmChartContainer - [hivemq-test-hivemq-platform] [hivemq-platform-operator] [bc18cdf9] 20:40:40.596 [main] DEBUG org.jboss.logging - Logging Provider: org.jboss.logging.Slf4jLoggerProvider
2025-01-28 20:40:40,699 INFO c.h.h.t.HelmChartContainer - [hivemq-test-hivemq-platform] [hivemq-platform-operator] [bc18cdf9] 20:40:40.697 [main] DEBUG io.smallrye.config - SRCFG01006: Loaded ConfigSource SysPropConfigSource with ordinal 400
2025-01-28 20:40:40,699 INFO c.h.h.t.HelmChartContainer - [hivemq-test-hivemq-platform] [hivemq-platform-operator] [bc18cdf9] 20:40:40.697 [main] DEBUG io.smallrye.config - SRCFG01006: Loaded ConfigSource EnvConfigSource with ordinal 300
2025-01-28 20:40:40,699 INFO c.h.h.t.HelmChartContainer - [hivemq-test-hivemq-platform] [hivemq-platform-operator] [bc18cdf9] 20:40:40.697 [main] DEBUG io.smallrye.config - SRCFG01006: Loaded ConfigSource PropertiesConfigSource[source=jar:file:///opt/hivemq-platform-operator/bin/hivemq-platform-operator.jar!/hivemq-platform-operator.properties] with ordinal 100
2025-01-28 20:40:40,699 INFO c.h.h.t.HelmChartContainer - [hivemq-test-hivemq-platform] [hivemq-platform-operator] [bc18cdf9] 20:40:40.698 [main] DEBUG io.smallrye.config - SRCFG01006: Loaded ConfigSource DefaultValuesConfigSource with ordinal -2147483648
2025-01-28 20:40:40,799 INFO c.h.h.t.HelmChartContainer - [hivemq-test-hivemq-platform] [hivemq-platform-operator] [bc18cdf9] 20:40:40.797 [main] DEBUG i.m.c.u.i.l.InternalLoggerFactory - Using SLF4J as the default logging framework
2025-01-28 20:40:40,982 INFO c.h.h.t.HelmChartContainer - [hivemq-test-hivemq-platform] [hivemq-platform-operator] [bc18cdf9] 20:40:40.973 [main] INFO  c.h.p.o.HiveMQPlatformOperatorApplication - HiveMQ Platform Operator 1.7.0-SNAPSHOT (commit: bebf408 on branch: HEAD) built on Sun Jan 26 20:47:47 UTC 2025
2025-01-28 20:40:40,983 INFO c.h.h.t.HelmChartContainer - [hivemq-test-hivemq-platform] [hivemq-platform-operator] [bc18cdf9] 20:40:40.981 [main] INFO  c.h.p.o.HiveMQPlatformOperatorApplication - HiveMQ Platform Operator is running in namespace: helmremovenamespaceit-operator
2025-01-28 20:40:40,983 INFO c.h.h.t.HelmChartContainer - [hivemq-test-hivemq-platform] [hivemq-platform-operator] [bc18cdf9] 20:40:40.981 [main] INFO  c.h.p.o.HiveMQPlatformOperatorApplication - Watching all namespaces
2025-01-28 20:40:40,983 INFO c.h.h.t.HelmChartContainer - [hivemq-test-hivemq-platform] [hivemq-platform-operator] [bc18cdf9] 20:40:40.981 [main] INFO  c.h.p.o.HiveMQPlatformOperatorApplication - Log level: DEBUG
2025-01-28 20:40:40,983 INFO c.h.h.t.HelmChartContainer - [hivemq-test-hivemq-platform] [hivemq-platform-operator] [bc18cdf9] 20:40:40.981 [main] INFO  c.h.p.o.HiveMQPlatformOperatorApplication - Release name: test-hivemq-platform-operator
2025-01-28 20:40:40,983 INFO c.h.h.t.HelmChartContainer - [hivemq-test-hivemq-platform] [hivemq-platform-operator] [bc18cdf9] 20:40:40.981 [main] INFO  c.h.p.o.HiveMQPlatformOperatorApplication - HiveMQ Platform Operator Init image: docker.io/hivemq/hivemq-platform-operator-init-test:snapshot
2025-01-28 20:40:40,983 INFO c.h.h.t.HelmChartContainer - [hivemq-test-hivemq-platform] [hivemq-platform-operator] [bc18cdf9] 20:40:40.981 [main] INFO  c.h.p.o.HiveMQPlatformOperatorApplication - HiveMQ Platform Operator Init App update URL: http://hivemq-platform-operator-test-hivemq-platform-operator.helmremovenamespaceit-operator.svc:8080/initAppUpdate/hivemq-platform-operator-init-app-1.7.0-SNAPSHOT.jar
2025-01-28 20:40:40,983 INFO c.h.h.t.HelmChartContainer - [hivemq-test-hivemq-platform] [hivemq-platform-operator] [bc18cdf9] 20:40:40.981 [main] INFO  c.h.p.o.HiveMQPlatformOperatorApplication - Additional imagePullSecret for all Platform deployments: none
2025-01-28 20:40:40,983 INFO c.h.h.t.HelmChartContainer - [hivemq-test-hivemq-platform] [hivemq-platform-operator] [bc18cdf9] 20:40:40.981 [main] INFO  c.h.p.o.HiveMQPlatformOperatorApplication - Apply HiveMQ Platform CRD: true
2025-01-28 20:40:40,983 INFO c.h.h.t.HelmChartContainer - [hivemq-test-hivemq-platform] [hivemq-platform-operator] [bc18cdf9] 20:40:40.981 [main] INFO  c.h.p.o.HiveMQPlatformOperatorApplication - Create Platform ServiceAccount: true
2025-01-28 20:40:40,983 INFO c.h.h.t.HelmChartContainer - [hivemq-test-hivemq-platform] [hivemq-platform-operator] [bc18cdf9] 20:40:40.981 [main] INFO  c.h.p.o.HiveMQPlatformOperatorApplication - Create Platform ServiceAccount permissions: true
2025-01-28 20:40:40,984 INFO c.h.h.t.HelmChartContainer - [hivemq-test-hivemq-platform] [hivemq-platform-operator] [bc18cdf9] 20:40:40.981 [main] INFO  c.h.p.o.HiveMQPlatformOperatorApplication - Validate Platform ServiceAccount: true
2025-01-28 20:40:40,984 INFO c.h.h.t.HelmChartContainer - [hivemq-test-hivemq-platform] [hivemq-platform-operator] [bc18cdf9] 20:40:40.981 [main] INFO  c.h.p.o.HiveMQPlatformOperatorApplication - Validate Platform ServiceAccount permissions: true
2025-01-28 20:40:41,173 INFO c.h.h.t.HelmChartContainer - [hivemq-test-hivemq-platform] [hivemq-platform-operator] [bc18cdf9] 20:40:41.172 [main] INFO  c.h.platform.operator.util.CRDUtil - Verifying deployed HiveMQ Platform CRD...
2025-01-28 20:40:41,351 INFO c.h.h.t.HelmChartContainer - [POD] metrics-server-8584b5786c-lk9xg [ab629238-1e30-43b8-850e-6d4ac0a92986] in kube-system was MODIFIED
2025-01-28 20:40:41,358 INFO c.h.h.t.HelmChartContainer - [K3S] [replica_set.go:679] "Finished syncing" kind="ReplicaSet" key="kube-system/metrics-server-8584b5786c" duration="10.053004ms"
2025-01-28 20:40:41,358 INFO c.h.h.t.HelmChartContainer - [K3S] [replica_set.go:679] "Finished syncing" kind="ReplicaSet" key="kube-system/metrics-server-8584b5786c" duration="31.469µs"
2025-01-28 20:40:43,584 INFO c.h.h.t.HelmChartContainer - [hivemq-test-hivemq-platform] [hivemq-platform-operator] [bc18cdf9] 20:40:43.583 [main] DEBUG c.h.platform.operator.util.CRDUtil - HiveMQ Platform CRD version v1 is up to date
2025-01-28 20:40:43,584 INFO c.h.h.t.HelmChartContainer - [hivemq-test-hivemq-platform] [hivemq-platform-operator] [bc18cdf9] 20:40:43.583 [main] INFO  c.h.platform.operator.util.CRDUtil - HiveMQ Platform CRD is up to date (version: V1_6_0)
2025-01-28 20:40:43,584 INFO c.h.h.t.HelmChartContainer - [hivemq-test-hivemq-platform] [hivemq-platform-operator] [bc18cdf9] 20:40:43.583 [main] INFO  c.h.platform.operator.util.CRDUtil - Waiting 10000 ms for HiveMQ Platform CRD 'hivemq-platforms.hivemq.com' to become ready...
2025-01-28 20:40:43,878 INFO c.h.h.t.HelmChartContainer - [hivemq-test-hivemq-platform] [hivemq-platform-operator] [bc18cdf9] 20:40:43.875 [vert.x-eventloop-thread-1] DEBUG c.h.platform.operator.util.CRDUtil - Checking CRD condition 'NamesAccepted' (status: 'True')
2025-01-28 20:40:43,879 INFO c.h.h.t.HelmChartContainer - [hivemq-test-hivemq-platform] [hivemq-platform-operator] [bc18cdf9] 20:40:43.875 [vert.x-eventloop-thread-1] DEBUG c.h.platform.operator.util.CRDUtil - Checking CRD condition 'Established' (status: 'True')
2025-01-28 20:40:43,879 INFO c.h.h.t.HelmChartContainer - [hivemq-test-hivemq-platform] [hivemq-platform-operator] [bc18cdf9] 20:40:43.876 [main] INFO  c.h.platform.operator.util.CRDUtil - HiveMQ Platform CRD 'hivemq-platforms.hivemq.com' is ready
2025-01-28 20:40:44,076 INFO c.h.h.t.HelmChartContainer - [hivemq-test-hivemq-platform] [hivemq-platform-operator] [bc18cdf9] 20:40:44.075 [main] INFO  c.h.p.o.HiveMQPlatformReconciler - HiveMQ Platform Operator is starting...
2025-01-28 20:40:44,176 INFO c.h.h.t.HelmChartContainer - [hivemq-test-hivemq-platform] [hivemq-platform-operator] [bc18cdf9] 20:40:44.175 [main] WARN  Default ConfigurationService implementation - Configuration for reconciler 'hivemq-controller' was not found. Known reconcilers: None.
2025-01-28 20:40:44,184 INFO c.h.h.t.HelmChartContainer - [hivemq-test-hivemq-platform] [hivemq-platform-operator] [bc18cdf9] 20:40:44.182 [main] INFO  Default ConfigurationService implementation - Created configuration for reconciler com.hivemq.platform.operator.HiveMQPlatformReconciler with name hivemq-controller
2025-01-28 20:40:44,284 INFO c.h.h.t.HelmChartContainer - [hivemq-test-hivemq-platform] [hivemq-platform-operator] [bc18cdf9] 20:40:44.283 [main] DEBUG c.h.p.o.HiveMQPlatformReconciler - HiveMQ Platform Operator is preparing EventSources
2025-01-28 20:40:44,303 INFO c.h.h.t.HelmChartContainer - [hivemq-test-hivemq-platform] [hivemq-platform-operator] [bc18cdf9] 20:40:44.302 [main] INFO  i.javaoperatorsdk.operator.Operator - Registered reconciler: 'hivemq-controller' for resource: 'class com.hivemq.platform.operator.v1.HiveMQPlatform' for namespace(s): [all namespaces]
2025-01-28 20:40:44,975 INFO c.h.h.t.HelmChartContainer - [hivemq-test-hivemq-platform] [hivemq-platform-operator] [bc18cdf9] 20:40:44.974 [main] INFO  c.h.p.operator.webserver.JettyServer - Starting Jetty server on port 8080
2025-01-28 20:40:45,075 INFO c.h.h.t.HelmChartContainer - [hivemq-test-hivemq-platform] [hivemq-platform-operator] [bc18cdf9] 20:40:45.073 [main] INFO  i.javaoperatorsdk.operator.Operator - Operator SDK 4.9.7 (commit: 2133d28) built on Wed Nov 20 12:56:20 UTC 2024 starting...
2025-01-28 20:40:45,075 INFO c.h.h.t.HelmChartContainer - [hivemq-test-hivemq-platform] [hivemq-platform-operator] [bc18cdf9] 20:40:45.074 [main] INFO  i.javaoperatorsdk.operator.Operator - Client version: 6.13.4
2025-01-28 20:40:45,076 INFO c.h.h.t.HelmChartContainer - [hivemq-test-hivemq-platform] [hivemq-platform-operator] [bc18cdf9] 20:40:45.075 [Controller Starter for: hivemq-controller] INFO  i.j.operator.processing.Controller - Starting 'hivemq-controller' controller for reconciler: com.hivemq.platform.operator.HiveMQPlatformReconciler, resource: com.hivemq.platform.operator.v1.HiveMQPlatform
2025-01-28 20:40:46,767 INFO c.h.h.t.HelmChartContainer - [K3S] [range_allocator.go:247] "Successfully synced" key="3de41117d5a7"
2025-01-28 20:40:47,303 INFO c.h.h.t.HelmChartContainer - [hivemq-test-hivemq-platform] [hivemq-platform-operator] [bc18cdf9] 20:40:47.300 [Controller Starter for: hivemq-controller] INFO  i.j.operator.processing.Controller - 'hivemq-controller' controller started
2025-01-28 20:40:47,303 INFO c.h.h.t.HelmChartContainer - [hivemq-test-hivemq-platform] [hivemq-platform-operator] [bc18cdf9] 20:40:47.301 [main] INFO  c.h.p.o.HiveMQPlatformOperatorApplication - HiveMQ Platform Operator 1.7.0-SNAPSHOT started in 6327 ms
2025-01-28 20:40:48,373 INFO c.h.h.t.HelmChartContainer - [POD] hivemq-test-hivemq-platform-operator-6966f96d65-rxm4t [bc18cdf9-9f68-4aa1-a6bd-fe33999ca874] in helmremovenamespaceit-operator was MODIFIED
2025-01-28 20:40:48,381 INFO c.h.h.t.HelmChartContainer - [K3S] [replica_set.go:679] "Finished syncing" kind="ReplicaSet" key="helmremovenamespaceit-operator/hivemq-test-hivemq-platform-operator-6966f96d65" duration="13.829479ms"
2025-01-28 20:40:48,381 INFO c.h.h.t.HelmChartContainer - [K3S] [replica_set.go:679] "Finished syncing" kind="ReplicaSet" key="helmremovenamespaceit-operator/hivemq-test-hivemq-platform-operator-6966f96d65" duration="68.638µs"
2025-01-28 20:40:48,934 DEBUG c.h.h.t.HelmChartContainer - Executing helm command: /bin/helm --kubeconfig /etc/rancher/k3s/k3s.yaml install test-hivemq-platform /charts/hivemq-platform --wait --timeout 5m0s --set image.repository=docker.io/hivemq --set image.tag=4.36.0 --set image.pullPolicy=Never --set nodes.resources.cpu=512m -f /files/platform-values.yaml --namespace helmremovenamespaceit
2025-01-28 20:40:49,199 INFO c.h.h.t.HelmChartContainer - [hivemq-test-hivemq-platform] [hivemq-platform-operator] [bc18cdf9] 20:40:49.196 [-373097727-pool-1-thread-3] WARN  i.m.p.PrometheusMeterRegistry - The meter (MeterId{name='operator.sdk.events.received', tags=[tag(action=ADDED),tag(event=ResourceEvent),tag(group=hivemq.com),tag(kind=HiveMQPlatform),tag(name=test-hivemq-platform),tag(namespace=helmremovenamespaceit),tag(scope=namespace),tag(version=v1)]}) registration has failed: Prometheus requires that all meters with the same name have the same set of tag keys. There is already an existing meter named 'operator.sdk.events.received' containing tag keys [event, group, kind, name, namespace, scope, version]. The meter you are attempting to register has keys [action, event, group, kind, name, namespace, scope, version]. Note that subsequent logs will be logged at debug level.
2025-01-28 20:40:49,705 INFO c.h.h.t.HelmChartContainer - [hivemq-test-hivemq-platform] [hivemq-platform-operator] [bc18cdf9] 20:40:49.703 [pool-6-thread-3] DEBUG c.h.p.o.dependants.PodInfoConfigMap - [helmremo] Desired PodInfo ConfigMap (1 extensions) (1 enabled)
2025-01-28 20:40:49,707 INFO c.h.h.t.HelmChartContainer - [hivemq-test-hivemq-platform] [hivemq-platform-operator] [bc18cdf9] 20:40:49.703 [pool-6-thread-3] DEBUG c.h.p.o.dependants.PodInfoConfigMap - [helmremo] Desired PodInfo ConfigMap (metrics port: 9399) (metrics path: /)
2025-01-28 20:40:49,709 INFO c.h.h.t.HelmChartContainer - [hivemq-test-hivemq-platform] [hivemq-platform-operator] [bc18cdf9] 20:40:49.703 [pool-6-thread-3] DEBUG c.h.p.o.dependants.PodInfoConfigMap - [helmremo] Desired PodInfo ConfigMap (extension state hash: -1817474005)
2025-01-28 20:40:49,709 INFO c.h.h.t.HelmChartContainer - [hivemq-test-hivemq-platform] [hivemq-platform-operator] [bc18cdf9] 20:40:49.706 [pool-6-thread-3] DEBUG c.h.p.o.dependants.PodInfoConfigMap - [helmremo] Create PodInfo ConfigMap
2025-01-28 20:40:49,805 INFO c.h.h.t.HelmChartContainer - [hivemq-test-hivemq-platform] [hivemq-platform-operator] [bc18cdf9] 20:40:49.803 [pool-6-thread-5] DEBUG c.h.p.o.dependants.PodRoleResource - [helmremo] Create Role: Role(apiVersion=rbac.authorization.k8s.io/v1, kind=Role, metadata=ObjectMeta(annotations={meta.helm.sh/release-name=test-hivemq-platform, meta.helm.sh/release-namespace=helmremovenamespaceit}, creationTimestamp=null, deletionGracePeriodSeconds=null, deletionTimestamp=null, finalizers=[], generateName=null, generation=null, labels={helm.sh/chart=hivemq-platform-0.2.32, app.kubernetes.io/managed-by=Helm, app.kubernetes.io/name=hivemq-platform, hivemq-platform=test-hivemq-platform, app.kubernetes.io/instance=test-hivemq-platform, app.kubernetes.io/version=4.36.0}, managedFields=[], name=hivemq-platform-role-test-hivemq-platform, namespace=helmremovenamespaceit, ownerReferences=[OwnerReference(apiVersion=hivemq.com/v1, blockOwnerDeletion=null, controller=null, kind=HiveMQPlatform, name=test-hivemq-platform, uid=1f090c60-4803-4cf3-b18a-b3a020776642, additionalProperties={})], resourceVersion=null, selfLink=null, uid=null, additionalProperties={}), rules=[PolicyRule(apiGroups=[], nonResourceURLs=[], resourceNames=[], resources=[pods], verbs=[get, patch, update], additionalProperties={})], additionalProperties={})
2025-01-28 20:40:49,973 INFO c.h.h.t.HelmChartContainer - [hivemq-test-hivemq-platform] [hivemq-platform-operator] [bc18cdf9] 20:40:49.972 [pool-6-thread-7] DEBUG c.h.p.o.d.PodServiceAccountResource - [helmremo] Desired PodServiceAccountResource (serviceAccountName: hivemq-platform-pod-test-hivemq-platform)
2025-01-28 20:40:49,973 INFO c.h.h.t.HelmChartContainer - [hivemq-test-hivemq-platform] [hivemq-platform-operator] [bc18cdf9] 20:40:49.973 [pool-6-thread-7] DEBUG c.h.p.o.d.PodServiceAccountResource - [helmremo] Create ServiceAccount 'hivemq-platform-pod-test-hivemq-platform'
2025-01-28 20:40:50,109 INFO c.h.h.t.HelmChartContainer - [hivemq-test-hivemq-platform] [hivemq-platform-operator] [bc18cdf9] 20:40:50.108 [pool-6-thread-10] DEBUG c.h.p.o.d.PodRoleBindingResource - [helmremo] Create RoleBinding: RoleBinding(apiVersion=rbac.authorization.k8s.io/v1, kind=RoleBinding, metadata=ObjectMeta(annotations={meta.helm.sh/release-name=test-hivemq-platform, meta.helm.sh/release-namespace=helmremovenamespaceit}, creationTimestamp=null, deletionGracePeriodSeconds=null, deletionTimestamp=null, finalizers=[], generateName=null, generation=null, labels={helm.sh/chart=hivemq-platform-0.2.32, app.kubernetes.io/managed-by=Helm, app.kubernetes.io/name=hivemq-platform, hivemq-platform=test-hivemq-platform, app.kubernetes.io/instance=test-hivemq-platform, app.kubernetes.io/version=4.36.0}, managedFields=[], name=hivemq-platform-role-binding-test-hivemq-platform, namespace=helmremovenamespaceit, ownerReferences=[OwnerReference(apiVersion=hivemq.com/v1, blockOwnerDeletion=null, controller=null, kind=HiveMQPlatform, name=test-hivemq-platform, uid=1f090c60-4803-4cf3-b18a-b3a020776642, additionalProperties={})], resourceVersion=null, selfLink=null, uid=null, additionalProperties={}), roleRef=RoleRef(apiGroup=rbac.authorization.k8s.io, kind=Role, name=hivemq-platform-role-test-hivemq-platform, additionalProperties={}), subjects=[Subject(apiGroup=null, kind=ServiceAccount, name=hivemq-platform-pod-test-hivemq-platform, namespace=helmremovenamespaceit, additionalProperties={})], additionalProperties={})
2025-01-28 20:40:50,198 INFO c.h.h.t.HelmChartContainer - [hivemq-test-hivemq-platform] [hivemq-platform-operator] [bc18cdf9] 20:40:50.196 [ReconcilerExecutor-hivemq-controller-53] INFO  c.h.p.o.HiveMQPlatformReconciler - [helmremo] Reconciling HiveMQ Platform 'test-hivemq-platform' in namespace 'helmremovenamespaceit'
2025-01-28 20:40:50,199 INFO c.h.h.t.HelmChartContainer - [hivemq-test-hivemq-platform] [hivemq-platform-operator] [bc18cdf9] 20:40:50.196 [ReconcilerExecutor-hivemq-controller-53] DEBUG c.h.p.o.HiveMQPlatformReconciler - [helmremo] Custom Resource Status CREATED - HiveMQ Platform was created (READY)
2025-01-28 20:40:50,200 INFO c.h.h.t.HelmChartContainer - [hivemq-test-hivemq-platform] [hivemq-platform-operator] [bc18cdf9] 20:40:50.197 [ReconcilerExecutor-hivemq-controller-53] DEBUG c.h.p.o.HiveMQPlatformReconciler - [helmremo] Custom Resource Spec (replicas: 1) (extensions: 1)
2025-01-28 20:40:50,202 INFO c.h.h.t.HelmChartContainer - [hivemq-test-hivemq-platform] [hivemq-platform-operator] [bc18cdf9] 20:40:50.201 [ReconcilerExecutor-hivemq-controller-53] INFO  c.h.p.o.h.HiveMQPlatformReconcilerBaseHandler - [helmremo] HiveMQ Platform is starting
2025-01-28 20:40:50,311 INFO c.h.h.t.HelmChartContainer - [hivemq-test-hivemq-platform] [hivemq-platform-operator] [bc18cdf9] 20:40:50.308 [ReconcilerExecutor-hivemq-controller-53] DEBUG c.h.p.operator.event.EventSender - [helmremo] Creating K8s event hivemq-platform-starting: [Start] HiveMQ Platform is starting
2025-01-28 20:40:50,318 INFO c.h.h.t.HelmChartContainer - [EVENT] Normal [Start] HiveMQ Platform is starting [helmremovenamespaceit:test-hivemq-platform]
2025-01-28 20:40:50,375 INFO c.h.h.t.HelmChartContainer - [hivemq-test-hivemq-platform] [hivemq-platform-operator] [bc18cdf9] 20:40:50.374 [ReconcilerExecutor-hivemq-controller-53] INFO  c.h.p.o.h.AbstractHiveMQReconcilerStateHandler - [helmremo] Update HiveMQ Platform Status (CREATED [READY] -> STARTING [READY]): HiveMQ Platform is starting
2025-01-28 20:40:50,409 DEBUG com.hivemq.helmcharts.util.K8sUtil - Comparing actual state 'STARTING' and waiting for 'RUNNING'
2025-01-28 20:41:00,422 INFO c.h.h.t.HelmChartContainer - [hivemq-test-hivemq-platform] [hivemq-platform-operator] [bc18cdf9] 20:41:00.417 [pool-6-thread-12] DEBUG c.h.p.o.d.PlatformServiceResource - [helmremo] Desired Platform services (3 services)
2025-01-28 20:41:00,422 INFO c.h.h.t.HelmChartContainer - [hivemq-test-hivemq-platform] [hivemq-platform-operator] [bc18cdf9] 20:41:00.419 [pool-6-thread-13] DEBUG c.h.p.o.dependants.PodInfoConfigMap - [helmremo] Desired PodInfo ConfigMap (1 extensions) (1 enabled)
2025-01-28 20:41:00,422 INFO c.h.h.t.HelmChartContainer - [hivemq-test-hivemq-platform] [hivemq-platform-operator] [bc18cdf9] 20:41:00.421 [pool-6-thread-13] DEBUG c.h.p.o.dependants.PodInfoConfigMap - [helmremo] Desired PodInfo ConfigMap (metrics port: 9399) (metrics path: /)
2025-01-28 20:41:00,424 INFO c.h.h.t.HelmChartContainer - [hivemq-test-hivemq-platform] [hivemq-platform-operator] [bc18cdf9] 20:41:00.422 [pool-6-thread-13] DEBUG c.h.p.o.dependants.PodInfoConfigMap - [helmremo] Desired PodInfo ConfigMap (extension state hash: -1817474005)
2025-01-28 20:41:00,426 INFO c.h.h.t.HelmChartContainer - [hivemq-test-hivemq-platform] [hivemq-platform-operator] [bc18cdf9] 20:41:00.424 [pool-6-thread-17] DEBUG c.h.p.o.d.PodServiceAccountResource - [helmremo] Desired PodServiceAccountResource (serviceAccountName: hivemq-platform-pod-test-hivemq-platform)
2025-01-28 20:41:00,503 INFO c.h.h.t.HelmChartContainer - [hivemq-test-hivemq-platform] [hivemq-platform-operator] [bc18cdf9] 20:41:00.499 [pool-6-thread-13] DEBUG c.h.p.o.dependants.PodInfoConfigMap - [helmremo] Update PodInfo ConfigMap
2025-01-28 20:41:00,517 INFO c.h.h.t.HelmChartContainer - [K3S] [alloc.go:330] "allocated clusterIPs" service="helmremovenamespaceit/hivemq-test-hivemq-platform-metrics-9399" clusterIPs={"IPv4":"10.43.191.58"}
2025-01-28 20:41:00,606 INFO c.h.h.t.HelmChartContainer - [K3S] [alloc.go:330] "allocated clusterIPs" service="helmremovenamespaceit/hivemq-test-hivemq-platform-mqtt-1883" clusterIPs={"IPv4":"10.43.23.136"}
2025-01-28 20:41:00,618 INFO c.h.h.t.HelmChartContainer - [K3S] [alloc.go:330] "allocated clusterIPs" service="helmremovenamespaceit/hivemq-test-hivemq-platform-cc-8080" clusterIPs={"IPv4":"10.43.173.196"}
2025-01-28 20:41:00,703 INFO c.h.h.t.HelmChartContainer - [hivemq-test-hivemq-platform] [hivemq-platform-operator] [bc18cdf9] 20:41:00.701 [pool-6-thread-20] DEBUG c.h.p.o.d.StatefulSetResource - [helmremo] Desired StatefulSet (1 replicas) for status STARTING (READY)
2025-01-28 20:41:00,799 INFO c.h.h.t.HelmChartContainer - [hivemq-test-hivemq-platform] [hivemq-platform-operator] [bc18cdf9] 20:41:00.797 [pool-6-thread-20] DEBUG c.h.p.o.d.StatefulSetResource - [helmremo] Create StatefulSet
2025-01-28 20:41:00,831 INFO c.h.h.t.HelmChartContainer - [POD] test-hivemq-platform-0 [304b5d79-a9d0-4eb9-aff3-878253ae25bd] in helmremovenamespaceit was ADDED
2025-01-28 20:41:00,835 INFO c.h.h.t.HelmChartContainer - [EVENT] Normal [SuccessfulCreate] create Pod test-hivemq-platform-0 in StatefulSet test-hivemq-platform successful [helmremovenamespaceit:test-hivemq-platform]
2025-01-28 20:41:00,837 INFO c.h.h.t.HelmChartContainer - [POD] test-hivemq-platform-0 [304b5d79-a9d0-4eb9-aff3-878253ae25bd] in helmremovenamespaceit was MODIFIED
2025-01-28 20:41:00,837 INFO c.h.h.t.HelmChartContainer - [EVENT] Normal [Scheduled] Successfully assigned helmremovenamespaceit/test-hivemq-platform-0 to 3de41117d5a7 [helmremovenamespaceit:test-hivemq-platform-0]
2025-01-28 20:41:00,849 INFO c.h.h.t.HelmChartContainer - [POD] test-hivemq-platform-0 [304b5d79-a9d0-4eb9-aff3-878253ae25bd] in helmremovenamespaceit was MODIFIED
2025-01-28 20:41:00,900 INFO c.h.h.t.HelmChartContainer - [hivemq-test-hivemq-platform] [hivemq-platform-operator] [bc18cdf9] 20:41:00.897 [ReconcilerExecutor-hivemq-controller-64] INFO  c.h.p.o.HiveMQPlatformReconciler - [helmremo] Reconciling HiveMQ Platform 'test-hivemq-platform' in namespace 'helmremovenamespaceit'
2025-01-28 20:41:00,900 INFO c.h.h.t.HelmChartContainer - [hivemq-test-hivemq-platform] [hivemq-platform-operator] [bc18cdf9] 20:41:00.897 [ReconcilerExecutor-hivemq-controller-64] DEBUG c.h.p.o.HiveMQPlatformReconciler - [helmremo] Custom Resource Status STARTING - HiveMQ Platform is starting (READY)
2025-01-28 20:41:00,900 INFO c.h.h.t.HelmChartContainer - [hivemq-test-hivemq-platform] [hivemq-platform-operator] [bc18cdf9] 20:41:00.897 [ReconcilerExecutor-hivemq-controller-64] DEBUG c.h.p.o.HiveMQPlatformReconciler - [helmremo] Custom Resource Spec (replicas: 1) (extensions: 1)
2025-01-28 20:41:00,906 INFO c.h.h.t.HelmChartContainer - [hivemq-test-hivemq-platform] [hivemq-platform-operator] [bc18cdf9] 20:41:00.899 [ReconcilerExecutor-hivemq-controller-64] DEBUG c.h.p.o.HiveMQPlatformReconciler - [helmremo] StatefulSet Status (revision: null, replicas: 0, available: 0, ready: 0, current: 0, updated: 0)
2025-01-28 20:41:00,906 INFO c.h.h.t.HelmChartContainer - [hivemq-test-hivemq-platform] [hivemq-platform-operator] [bc18cdf9] 20:41:00.903 [ReconcilerExecutor-hivemq-controller-64] DEBUG c.h.p.o.HiveMQPlatformReconciler - [helmremo] StatefulSet Spec (replicas: 1, init containers: 1, containers: 1, volumes: 3)
2025-01-28 20:41:00,917 INFO c.h.h.t.HelmChartContainer - [K3S] [reconciler_common.go:251] "operationExecutor.VerifyControllerAttachedVolume started for volume \"broker-configuration\" (UniqueName: \"kubernetes.io/configmap/304b5d79-a9d0-4eb9-aff3-878253ae25bd-broker-configuration\") pod \"test-hivemq-platform-0\" (UID: \"304b5d79-a9d0-4eb9-aff3-878253ae25bd\") " pod="helmremovenamespaceit/test-hivemq-platform-0"
2025-01-28 20:41:00,917 INFO c.h.h.t.HelmChartContainer - [K3S] [reconciler_common.go:251] "operationExecutor.VerifyControllerAttachedVolume started for volume \"pod-info\" (UniqueName: \"kubernetes.io/configmap/304b5d79-a9d0-4eb9-aff3-878253ae25bd-pod-info\") pod \"test-hivemq-platform-0\" (UID: \"304b5d79-a9d0-4eb9-aff3-878253ae25bd\") " pod="helmremovenamespaceit/test-hivemq-platform-0"
2025-01-28 20:41:00,917 INFO c.h.h.t.HelmChartContainer - [K3S] [reconciler_common.go:251] "operationExecutor.VerifyControllerAttachedVolume started for volume \"operator-init\" (UniqueName: \"kubernetes.io/empty-dir/304b5d79-a9d0-4eb9-aff3-878253ae25bd-operator-init\") pod \"test-hivemq-platform-0\" (UID: \"304b5d79-a9d0-4eb9-aff3-878253ae25bd\") " pod="helmremovenamespaceit/test-hivemq-platform-0"
2025-01-28 20:41:00,918 INFO c.h.h.t.HelmChartContainer - [K3S] [reconciler_common.go:251] "operationExecutor.VerifyControllerAttachedVolume started for volume \"kube-api-access-4g7kd\" (UniqueName: \"kubernetes.io/projected/304b5d79-a9d0-4eb9-aff3-878253ae25bd-kube-api-access-4g7kd\") pod \"test-hivemq-platform-0\" (UID: \"304b5d79-a9d0-4eb9-aff3-878253ae25bd\") " pod="helmremovenamespaceit/test-hivemq-platform-0"
2025-01-28 20:41:01,005 INFO c.h.h.t.HelmChartContainer - [hivemq-test-hivemq-platform] [hivemq-platform-operator] [bc18cdf9] 20:41:01.004 [ReconcilerExecutor-hivemq-controller-64] DEBUG c.h.p.o.h.HiveMQPlatformReconcilerErrorHandler - [helmremo] Pod 'test-hivemq-platform-0' phase Pending
2025-01-28 20:41:01,006 INFO c.h.h.t.HelmChartContainer - [hivemq-test-hivemq-platform] [hivemq-platform-operator] [bc18cdf9] 20:41:01.004 [ReconcilerExecutor-hivemq-controller-64] DEBUG c.h.p.o.h.HiveMQPlatformReconcilerErrorHandler - [helmremo] Pod 'test-hivemq-platform-0' condition 'PodReadyToStartContainers': False
2025-01-28 20:41:01,006 INFO c.h.h.t.HelmChartContainer - [hivemq-test-hivemq-platform] [hivemq-platform-operator] [bc18cdf9] 20:41:01.004 [ReconcilerExecutor-hivemq-controller-64] DEBUG c.h.p.o.h.HiveMQPlatformReconcilerErrorHandler - [helmremo] Pod 'test-hivemq-platform-0' condition 'Initialized': False
2025-01-28 20:41:01,006 INFO c.h.h.t.HelmChartContainer - [hivemq-test-hivemq-platform] [hivemq-platform-operator] [bc18cdf9] 20:41:01.005 [ReconcilerExecutor-hivemq-controller-64] DEBUG c.h.p.o.h.HiveMQPlatformReconcilerErrorHandler - [helmremo] Pod 'test-hivemq-platform-0' condition 'Ready': False
2025-01-28 20:41:01,007 INFO c.h.h.t.HelmChartContainer - [hivemq-test-hivemq-platform] [hivemq-platform-operator] [bc18cdf9] 20:41:01.005 [ReconcilerExecutor-hivemq-controller-64] DEBUG c.h.p.o.h.HiveMQPlatformReconcilerErrorHandler - [helmremo] Pod 'test-hivemq-platform-0' condition 'ContainersReady': False
2025-01-28 20:41:01,007 INFO c.h.h.t.HelmChartContainer - [hivemq-test-hivemq-platform] [hivemq-platform-operator] [bc18cdf9] 20:41:01.005 [ReconcilerExecutor-hivemq-controller-64] DEBUG c.h.p.o.h.HiveMQPlatformReconcilerErrorHandler - [helmremo] Pod 'test-hivemq-platform-0' condition 'PodScheduled': True
2025-01-28 20:41:01,007 INFO c.h.h.t.HelmChartContainer - [hivemq-test-hivemq-platform] [hivemq-platform-operator] [bc18cdf9] 20:41:01.005 [ReconcilerExecutor-hivemq-controller-64] DEBUG c.h.p.o.h.HiveMQPlatformReconcilerErrorHandler - [helmremo] Pod 'test-hivemq-platform-0' containerStatus 'hivemq' (started: false) (ready: false) (waiting: [PodInitializing] null)
2025-01-28 20:41:01,009 INFO c.h.h.t.HelmChartContainer - [hivemq-test-hivemq-platform] [hivemq-platform-operator] [bc18cdf9] 20:41:01.007 [ReconcilerExecutor-hivemq-controller-64] INFO  c.h.p.o.h.HiveMQPlatformReconcilerBaseHandler - [helmremo] HiveMQ Platform is starting, 0 of 1 replicas are ready
2025-01-28 20:41:01,013 INFO c.h.h.t.HelmChartContainer - [hivemq-test-hivemq-platform] [hivemq-platform-operator] [bc18cdf9] 20:41:01.012 [pool-6-thread-22] DEBUG c.h.p.o.d.PlatformServiceResource - [helmremo] Desired Platform services (3 services)
2025-01-28 20:41:01,099 INFO c.h.h.t.HelmChartContainer - [hivemq-test-hivemq-platform] [hivemq-platform-operator] [bc18cdf9] 20:41:01.096 [pool-6-thread-23] DEBUG c.h.p.o.dependants.PodInfoConfigMap - [helmremo] Desired PodInfo ConfigMap (1 extensions) (1 enabled)
2025-01-28 20:41:01,099 INFO c.h.h.t.HelmChartContainer - [hivemq-test-hivemq-platform] [hivemq-platform-operator] [bc18cdf9] 20:41:01.097 [pool-6-thread-23] DEBUG c.h.p.o.dependants.PodInfoConfigMap - [helmremo] Desired PodInfo ConfigMap (metrics port: 9399) (metrics path: /)
2025-01-28 20:41:01,099 INFO c.h.h.t.HelmChartContainer - [hivemq-test-hivemq-platform] [hivemq-platform-operator] [bc18cdf9] 20:41:01.097 [pool-6-thread-23] DEBUG c.h.p.o.dependants.PodInfoConfigMap - [helmremo] Desired PodInfo ConfigMap (extension state hash: -1817474005)
2025-01-28 20:41:01,100 INFO c.h.h.t.HelmChartContainer - [hivemq-test-hivemq-platform] [hivemq-platform-operator] [bc18cdf9] 20:41:01.099 [pool-6-thread-27] DEBUG c.h.p.o.d.PodServiceAccountResource - [helmremo] Desired PodServiceAccountResource (serviceAccountName: hivemq-platform-pod-test-hivemq-platform)
2025-01-28 20:41:01,201 INFO c.h.h.t.HelmChartContainer - [hivemq-test-hivemq-platform] [hivemq-platform-operator] [bc18cdf9] 20:41:01.198 [pool-6-thread-30] DEBUG c.h.p.o.d.StatefulSetResource - [helmremo] Desired StatefulSet (1 replicas) for status STARTING (READY)
2025-01-28 20:41:01,210 INFO c.h.h.t.HelmChartContainer - [hivemq-test-hivemq-platform] [hivemq-platform-operator] [bc18cdf9] 20:41:01.208 [ReconcilerExecutor-hivemq-controller-77] INFO  c.h.p.o.HiveMQPlatformReconciler - [helmremo] Reconciling HiveMQ Platform 'test-hivemq-platform' in namespace 'helmremovenamespaceit'
2025-01-28 20:41:01,211 INFO c.h.h.t.HelmChartContainer - [hivemq-test-hivemq-platform] [hivemq-platform-operator] [bc18cdf9] 20:41:01.209 [ReconcilerExecutor-hivemq-controller-77] DEBUG c.h.p.o.HiveMQPlatformReconciler - [helmremo] Custom Resource Status STARTING - HiveMQ Platform is starting (READY)
2025-01-28 20:41:01,213 INFO c.h.h.t.HelmChartContainer - [hivemq-test-hivemq-platform] [hivemq-platform-operator] [bc18cdf9] 20:41:01.210 [ReconcilerExecutor-hivemq-controller-77] DEBUG c.h.p.o.HiveMQPlatformReconciler - [helmremo] Custom Resource Spec (replicas: 1) (extensions: 1)
2025-01-28 20:41:01,217 INFO c.h.h.t.HelmChartContainer - [hivemq-test-hivemq-platform] [hivemq-platform-operator] [bc18cdf9] 20:41:01.215 [ReconcilerExecutor-hivemq-controller-77] DEBUG c.h.p.o.HiveMQPlatformReconciler - [helmremo] StatefulSet Status (revision: test-hivemq-platform-bd687ff79, replicas: 1, available: 0, ready: 0, current: 1, updated: 1)
2025-01-28 20:41:01,217 INFO c.h.h.t.HelmChartContainer - [hivemq-test-hivemq-platform] [hivemq-platform-operator] [bc18cdf9] 20:41:01.215 [ReconcilerExecutor-hivemq-controller-77] DEBUG c.h.p.o.HiveMQPlatformReconciler - [helmremo] StatefulSet Spec (replicas: 1, init containers: 1, containers: 1, volumes: 3)
2025-01-28 20:41:01,218 INFO c.h.h.t.HelmChartContainer - [hivemq-test-hivemq-platform] [hivemq-platform-operator] [bc18cdf9] 20:41:01.217 [ReconcilerExecutor-hivemq-controller-77] DEBUG c.h.p.o.h.HiveMQPlatformReconcilerErrorHandler - [helmremo] Pod 'test-hivemq-platform-0' phase Pending
2025-01-28 20:41:01,220 INFO c.h.h.t.HelmChartContainer - [hivemq-test-hivemq-platform] [hivemq-platform-operator] [bc18cdf9] 20:41:01.219 [ReconcilerExecutor-hivemq-controller-77] DEBUG c.h.p.o.h.HiveMQPlatformReconcilerErrorHandler - [helmremo] Pod 'test-hivemq-platform-0' condition 'PodReadyToStartContainers': False
2025-01-28 20:41:01,221 INFO c.h.h.t.HelmChartContainer - [hivemq-test-hivemq-platform] [hivemq-platform-operator] [bc18cdf9] 20:41:01.219 [ReconcilerExecutor-hivemq-controller-77] DEBUG c.h.p.o.h.HiveMQPlatformReconcilerErrorHandler - [helmremo] Pod 'test-hivemq-platform-0' condition 'Initialized': False
2025-01-28 20:41:01,221 INFO c.h.h.t.HelmChartContainer - [hivemq-test-hivemq-platform] [hivemq-platform-operator] [bc18cdf9] 20:41:01.220 [ReconcilerExecutor-hivemq-controller-77] DEBUG c.h.p.o.h.HiveMQPlatformReconcilerErrorHandler - [helmremo] Pod 'test-hivemq-platform-0' condition 'Ready': False
2025-01-28 20:41:01,221 INFO c.h.h.t.HelmChartContainer - [hivemq-test-hivemq-platform] [hivemq-platform-operator] [bc18cdf9] 20:41:01.220 [ReconcilerExecutor-hivemq-controller-77] DEBUG c.h.p.o.h.HiveMQPlatformReconcilerErrorHandler - [helmremo] Pod 'test-hivemq-platform-0' condition 'ContainersReady': False
2025-01-28 20:41:01,222 INFO c.h.h.t.HelmChartContainer - [hivemq-test-hivemq-platform] [hivemq-platform-operator] [bc18cdf9] 20:41:01.220 [ReconcilerExecutor-hivemq-controller-77] DEBUG c.h.p.o.h.HiveMQPlatformReconcilerErrorHandler - [helmremo] Pod 'test-hivemq-platform-0' condition 'PodScheduled': True
2025-01-28 20:41:01,222 INFO c.h.h.t.HelmChartContainer - [hivemq-test-hivemq-platform] [hivemq-platform-operator] [bc18cdf9] 20:41:01.220 [ReconcilerExecutor-hivemq-controller-77] DEBUG c.h.p.o.h.HiveMQPlatformReconcilerErrorHandler - [helmremo] Pod 'test-hivemq-platform-0' containerStatus 'hivemq' (started: false) (ready: false) (waiting: [PodInitializing] null)
2025-01-28 20:41:01,236 INFO c.h.h.t.HelmChartContainer - [EVENT] Normal [Pulled] Container image "docker.io/hivemq/hivemq-platform-operator-init-test:snapshot" already present on machine [helmremovenamespaceit:test-hivemq-platform-0]
2025-01-28 20:41:01,244 INFO c.h.h.t.HelmChartContainer - [EVENT] Normal [Created] Created container: hivemq-platform-operator-init [helmremovenamespaceit:test-hivemq-platform-0]
2025-01-28 20:41:01,283 INFO c.h.h.t.HelmChartContainer - [EVENT] Normal [Started] Started container hivemq-platform-operator-init [helmremovenamespaceit:test-hivemq-platform-0]
2025-01-28 20:41:01,297 INFO c.h.h.t.HelmChartContainer - [hivemq-test-hivemq-platform] [hivemq-platform-operator] [bc18cdf9] 20:41:01.296 [ReconcilerExecutor-hivemq-controller-77] INFO  c.h.p.o.h.HiveMQPlatformReconcilerBaseHandler - [helmremo] HiveMQ Platform is starting, 0 of 1 replicas are ready
2025-01-28 20:41:01,415 INFO c.h.h.t.HelmChartContainer - [POD] test-hivemq-platform-0 [304b5d79-a9d0-4eb9-aff3-878253ae25bd] in helmremovenamespaceit was MODIFIED
2025-01-28 20:41:01,431 INFO c.h.h.t.HelmChartContainer - [hivemq-test-hivemq-platform] [hivemq-platform-operator] [bc18cdf9] 20:41:01.426 [pool-6-thread-32] DEBUG c.h.p.o.d.PlatformServiceResource - [helmremo] Desired Platform services (3 services)
2025-01-28 20:41:01,436 INFO c.h.h.t.HelmChartContainer - [hivemq-test-hivemq-platform] [hivemq-platform-operator] [bc18cdf9] 20:41:01.428 [pool-6-thread-33] DEBUG c.h.p.o.dependants.PodInfoConfigMap - [helmremo] Desired PodInfo ConfigMap (1 extensions) (1 enabled)
2025-01-28 20:41:01,436 INFO c.h.h.t.HelmChartContainer - [hivemq-test-hivemq-platform] [hivemq-platform-operator] [bc18cdf9] 20:41:01.428 [pool-6-thread-33] DEBUG c.h.p.o.dependants.PodInfoConfigMap - [helmremo] Desired PodInfo ConfigMap (metrics port: 9399) (metrics path: /)
2025-01-28 20:41:01,436 INFO c.h.h.t.HelmChartContainer - [hivemq-test-hivemq-platform] [hivemq-platform-operator] [bc18cdf9] 20:41:01.428 [pool-6-thread-33] DEBUG c.h.p.o.dependants.PodInfoConfigMap - [helmremo] Desired PodInfo ConfigMap (extension state hash: -1817474005)
2025-01-28 20:41:01,438 INFO c.h.h.t.HelmChartContainer - [hivemq-test-hivemq-platform] [hivemq-platform-operator] [bc18cdf9] 20:41:01.435 [pool-6-thread-37] DEBUG c.h.p.o.d.PodServiceAccountResource - [helmremo] Desired PodServiceAccountResource (serviceAccountName: hivemq-platform-pod-test-hivemq-platform)
2025-01-28 20:41:01,499 INFO c.h.h.t.HelmChartContainer - [hivemq-test-hivemq-platform] [hivemq-platform-operator] [bc18cdf9] 20:41:01.498 [pool-6-thread-40] DEBUG c.h.p.o.d.StatefulSetResource - [helmremo] Desired StatefulSet (1 replicas) for status STARTING (READY)
2025-01-28 20:41:01,503 INFO c.h.h.t.HelmChartContainer - [hivemq-test-hivemq-platform] [hivemq-platform-operator] [bc18cdf9] 20:41:01.501 [ReconcilerExecutor-hivemq-controller-88] INFO  c.h.p.o.HiveMQPlatformReconciler - [helmremo] Reconciling HiveMQ Platform 'test-hivemq-platform' in namespace 'helmremovenamespaceit'
2025-01-28 20:41:01,503 INFO c.h.h.t.HelmChartContainer - [hivemq-test-hivemq-platform] [hivemq-platform-operator] [bc18cdf9] 20:41:01.502 [ReconcilerExecutor-hivemq-controller-88] DEBUG c.h.p.o.HiveMQPlatformReconciler - [helmremo] Custom Resource Status STARTING - HiveMQ Platform is starting (READY)
2025-01-28 20:41:01,503 INFO c.h.h.t.HelmChartContainer - [hivemq-test-hivemq-platform] [hivemq-platform-operator] [bc18cdf9] 20:41:01.502 [ReconcilerExecutor-hivemq-controller-88] DEBUG c.h.p.o.HiveMQPlatformReconciler - [helmremo] Custom Resource Spec (replicas: 1) (extensions: 1)
2025-01-28 20:41:01,506 INFO c.h.h.t.HelmChartContainer - [hivemq-test-hivemq-platform] [hivemq-platform-operator] [bc18cdf9] 20:41:01.504 [ReconcilerExecutor-hivemq-controller-88] DEBUG c.h.p.o.HiveMQPlatformReconciler - [helmremo] StatefulSet Status (revision: test-hivemq-platform-bd687ff79, replicas: 1, available: 0, ready: 0, current: 1, updated: 1)
2025-01-28 20:41:01,507 INFO c.h.h.t.HelmChartContainer - [hivemq-test-hivemq-platform] [hivemq-platform-operator] [bc18cdf9] 20:41:01.504 [ReconcilerExecutor-hivemq-controller-88] DEBUG c.h.p.o.HiveMQPlatformReconciler - [helmremo] StatefulSet Spec (replicas: 1, init containers: 1, containers: 1, volumes: 3)
2025-01-28 20:41:01,508 INFO c.h.h.t.HelmChartContainer - [hivemq-test-hivemq-platform] [hivemq-platform-operator] [bc18cdf9] 20:41:01.507 [ReconcilerExecutor-hivemq-controller-88] DEBUG c.h.p.o.h.HiveMQPlatformReconcilerErrorHandler - [helmremo] Pod 'test-hivemq-platform-0' phase Pending
2025-01-28 20:41:01,509 INFO c.h.h.t.HelmChartContainer - [hivemq-test-hivemq-platform] [hivemq-platform-operator] [bc18cdf9] 20:41:01.507 [ReconcilerExecutor-hivemq-controller-88] DEBUG c.h.p.o.h.HiveMQPlatformReconcilerErrorHandler - [helmremo] Pod 'test-hivemq-platform-0' condition 'PodReadyToStartContainers': True
2025-01-28 20:41:01,510 INFO c.h.h.t.HelmChartContainer - [hivemq-test-hivemq-platform] [hivemq-platform-operator] [bc18cdf9] 20:41:01.507 [ReconcilerExecutor-hivemq-controller-88] DEBUG c.h.p.o.h.HiveMQPlatformReconcilerErrorHandler - [helmremo] Pod 'test-hivemq-platform-0' condition 'Initialized': False
2025-01-28 20:41:01,511 INFO c.h.h.t.HelmChartContainer - [hivemq-test-hivemq-platform] [hivemq-platform-operator] [bc18cdf9] 20:41:01.507 [ReconcilerExecutor-hivemq-controller-88] DEBUG c.h.p.o.h.HiveMQPlatformReconcilerErrorHandler - [helmremo] Pod 'test-hivemq-platform-0' condition 'Ready': False
2025-01-28 20:41:01,512 INFO c.h.h.t.HelmChartContainer - [hivemq-test-hivemq-platform] [hivemq-platform-operator] [bc18cdf9] 20:41:01.507 [ReconcilerExecutor-hivemq-controller-88] DEBUG c.h.p.o.h.HiveMQPlatformReconcilerErrorHandler - [helmremo] Pod 'test-hivemq-platform-0' condition 'ContainersReady': False
2025-01-28 20:41:01,512 INFO c.h.h.t.HelmChartContainer - [hivemq-test-hivemq-platform] [hivemq-platform-operator] [bc18cdf9] 20:41:01.507 [ReconcilerExecutor-hivemq-controller-88] DEBUG c.h.p.o.h.HiveMQPlatformReconcilerErrorHandler - [helmremo] Pod 'test-hivemq-platform-0' condition 'PodScheduled': True
2025-01-28 20:41:01,512 INFO c.h.h.t.HelmChartContainer - [hivemq-test-hivemq-platform] [hivemq-platform-operator] [bc18cdf9] 20:41:01.507 [ReconcilerExecutor-hivemq-controller-88] DEBUG c.h.p.o.h.HiveMQPlatformReconcilerErrorHandler - [helmremo] Pod 'test-hivemq-platform-0' containerStatus 'hivemq' (started: false) (ready: false) (waiting: [PodInitializing] null)
2025-01-28 20:41:01,512 INFO c.h.h.t.HelmChartContainer - [hivemq-test-hivemq-platform] [hivemq-platform-operator] [bc18cdf9] 20:41:01.509 [ReconcilerExecutor-hivemq-controller-88] INFO  c.h.p.o.h.HiveMQPlatformReconcilerBaseHandler - [helmremo] HiveMQ Platform is starting, 0 of 1 replicas are ready
2025-01-28 20:41:02,398 INFO c.h.h.t.HelmChartContainer - [EVENT] Normal [Pulled] Container image "docker.io/hivemq/hivemq4:4.36.0" already present on machine [helmremovenamespaceit:test-hivemq-platform-0]
2025-01-28 20:41:02,399 INFO c.h.h.t.HelmChartContainer - Received Pulled event for container hivemq in pod test-hivemq-platform-0 [304b5d79-a9d0-4eb9-aff3-878253ae25bd]
2025-01-28 20:41:02,407 INFO c.h.h.t.HelmChartContainer - [POD] test-hivemq-platform-0 [304b5d79-a9d0-4eb9-aff3-878253ae25bd] in helmremovenamespaceit was MODIFIED
2025-01-28 20:41:02,416 INFO c.h.h.t.HelmChartContainer - [EVENT] Normal [Created] Created container: hivemq [helmremovenamespaceit:test-hivemq-platform-0]
2025-01-28 20:41:02,416 INFO c.h.h.t.HelmChartContainer - Received Created event for container hivemq in pod test-hivemq-platform-0 [304b5d79-a9d0-4eb9-aff3-878253ae25bd]
2025-01-28 20:41:02,430 INFO c.h.h.t.HelmChartContainer - [hivemq-test-hivemq-platform] [hivemq-platform-operator] [bc18cdf9] 20:41:02.423 [pool-6-thread-43] DEBUG c.h.p.o.dependants.PodInfoConfigMap - [helmremo] Desired PodInfo ConfigMap (1 extensions) (1 enabled)
2025-01-28 20:41:02,432 INFO c.h.h.t.HelmChartContainer - [hivemq-test-hivemq-platform] [hivemq-platform-operator] [bc18cdf9] 20:41:02.423 [pool-6-thread-42] DEBUG c.h.p.o.d.PlatformServiceResource - [helmremo] Desired Platform services (3 services)
2025-01-28 20:41:02,432 INFO c.h.h.t.HelmChartContainer - [hivemq-test-hivemq-platform] [hivemq-platform-operator] [bc18cdf9] 20:41:02.424 [pool-6-thread-43] DEBUG c.h.p.o.dependants.PodInfoConfigMap - [helmremo] Desired PodInfo ConfigMap (metrics port: 9399) (metrics path: /)
2025-01-28 20:41:02,432 INFO c.h.h.t.HelmChartContainer - [hivemq-test-hivemq-platform] [hivemq-platform-operator] [bc18cdf9] 20:41:02.424 [pool-6-thread-43] DEBUG c.h.p.o.dependants.PodInfoConfigMap - [helmremo] Desired PodInfo ConfigMap (extension state hash: -1817474005)
2025-01-28 20:41:02,432 INFO c.h.h.t.HelmChartContainer - [hivemq-test-hivemq-platform] [hivemq-platform-operator] [bc18cdf9] 20:41:02.429 [pool-6-thread-47] DEBUG c.h.p.o.d.PodServiceAccountResource - [helmremo] Desired PodServiceAccountResource (serviceAccountName: hivemq-platform-pod-test-hivemq-platform)
2025-01-28 20:41:02,505 INFO c.h.h.t.HelmChartContainer - [hivemq-test-hivemq-platform] [hivemq-platform-operator] [bc18cdf9] 20:41:02.502 [pool-6-thread-50] DEBUG c.h.p.o.d.StatefulSetResource - [helmremo] Desired StatefulSet (1 replicas) for status STARTING (READY)
2025-01-28 20:41:02,509 INFO c.h.h.t.HelmChartContainer - [hivemq-test-hivemq-platform] [hivemq-platform-operator] [bc18cdf9] 20:41:02.507 [ReconcilerExecutor-hivemq-controller-99] INFO  c.h.p.o.HiveMQPlatformReconciler - [helmremo] Reconciling HiveMQ Platform 'test-hivemq-platform' in namespace 'helmremovenamespaceit'
2025-01-28 20:41:02,509 INFO c.h.h.t.HelmChartContainer - [hivemq-test-hivemq-platform] [hivemq-platform-operator] [bc18cdf9] 20:41:02.507 [ReconcilerExecutor-hivemq-controller-99] DEBUG c.h.p.o.HiveMQPlatformReconciler - [helmremo] Custom Resource Status STARTING - HiveMQ Platform is starting (READY)
2025-01-28 20:41:02,511 INFO c.h.h.t.HelmChartContainer - [hivemq-test-hivemq-platform] [hivemq-platform-operator] [bc18cdf9] 20:41:02.507 [ReconcilerExecutor-hivemq-controller-99] DEBUG c.h.p.o.HiveMQPlatformReconciler - [helmremo] Custom Resource Spec (replicas: 1) (extensions: 1)
2025-01-28 20:41:02,512 INFO c.h.h.t.HelmChartContainer - [hivemq-test-hivemq-platform] [hivemq-platform-operator] [bc18cdf9] 20:41:02.510 [ReconcilerExecutor-hivemq-controller-99] DEBUG c.h.p.o.HiveMQPlatformReconciler - [helmremo] StatefulSet Status (revision: test-hivemq-platform-bd687ff79, replicas: 1, available: 0, ready: 0, current: 1, updated: 1)
2025-01-28 20:41:02,515 INFO c.h.h.t.HelmChartContainer - [hivemq-test-hivemq-platform] [hivemq-platform-operator] [bc18cdf9] 20:41:02.511 [ReconcilerExecutor-hivemq-controller-99] DEBUG c.h.p.o.HiveMQPlatformReconciler - [helmremo] StatefulSet Spec (replicas: 1, init containers: 1, containers: 1, volumes: 3)
2025-01-28 20:41:02,598 INFO c.h.h.t.HelmChartContainer - [hivemq-test-hivemq-platform] [hivemq-platform-operator] [bc18cdf9] 20:41:02.596 [ReconcilerExecutor-hivemq-controller-99] DEBUG c.h.p.o.h.HiveMQPlatformReconcilerErrorHandler - [helmremo] Pod 'test-hivemq-platform-0' phase Pending
2025-01-28 20:41:02,598 INFO c.h.h.t.HelmChartContainer - [hivemq-test-hivemq-platform] [hivemq-platform-operator] [bc18cdf9] 20:41:02.596 [ReconcilerExecutor-hivemq-controller-99] DEBUG c.h.p.o.h.HiveMQPlatformReconcilerErrorHandler - [helmremo] Pod 'test-hivemq-platform-0' condition 'PodReadyToStartContainers': True
2025-01-28 20:41:02,599 INFO c.h.h.t.HelmChartContainer - [hivemq-test-hivemq-platform] [hivemq-platform-operator] [bc18cdf9] 20:41:02.596 [ReconcilerExecutor-hivemq-controller-99] DEBUG c.h.p.o.h.HiveMQPlatformReconcilerErrorHandler - [helmremo] Pod 'test-hivemq-platform-0' condition 'Initialized': True
2025-01-28 20:41:02,599 INFO c.h.h.t.HelmChartContainer - [hivemq-test-hivemq-platform] [hivemq-platform-operator] [bc18cdf9] 20:41:02.596 [ReconcilerExecutor-hivemq-controller-99] DEBUG c.h.p.o.h.HiveMQPlatformReconcilerErrorHandler - [helmremo] Pod 'test-hivemq-platform-0' condition 'Ready': False
2025-01-28 20:41:02,599 INFO c.h.h.t.HelmChartContainer - [hivemq-test-hivemq-platform] [hivemq-platform-operator] [bc18cdf9] 20:41:02.596 [ReconcilerExecutor-hivemq-controller-99] DEBUG c.h.p.o.h.HiveMQPlatformReconcilerErrorHandler - [helmremo] Pod 'test-hivemq-platform-0' condition 'ContainersReady': False
2025-01-28 20:41:02,599 INFO c.h.h.t.HelmChartContainer - [hivemq-test-hivemq-platform] [hivemq-platform-operator] [bc18cdf9] 20:41:02.596 [ReconcilerExecutor-hivemq-controller-99] DEBUG c.h.p.o.h.HiveMQPlatformReconcilerErrorHandler - [helmremo] Pod 'test-hivemq-platform-0' condition 'PodScheduled': True
2025-01-28 20:41:02,599 INFO c.h.h.t.HelmChartContainer - [hivemq-test-hivemq-platform] [hivemq-platform-operator] [bc18cdf9] 20:41:02.597 [ReconcilerExecutor-hivemq-controller-99] DEBUG c.h.p.o.h.HiveMQPlatformReconcilerErrorHandler - [helmremo] Pod 'test-hivemq-platform-0' containerStatus 'hivemq' (started: false) (ready: false) (waiting: [PodInitializing] null)
2025-01-28 20:41:02,599 INFO c.h.h.t.HelmChartContainer - [hivemq-test-hivemq-platform] [hivemq-platform-operator] [bc18cdf9] 20:41:02.598 [ReconcilerExecutor-hivemq-controller-99] INFO  c.h.p.o.h.HiveMQPlatformReconcilerBaseHandler - [helmremo] HiveMQ Platform is starting, 0 of 1 replicas are ready
2025-01-28 20:41:03,409 INFO c.h.h.t.HelmChartContainer - [POD] test-hivemq-platform-0 [304b5d79-a9d0-4eb9-aff3-878253ae25bd] in helmremovenamespaceit was MODIFIED
2025-01-28 20:41:03,417 INFO c.h.h.t.HelmChartContainer - [hivemq-test-hivemq-platform] [hivemq-platform-operator] [bc18cdf9] 20:41:03.413 [pool-6-thread-9] DEBUG c.h.p.o.d.PlatformServiceResource - [helmremo] Desired Platform services (3 services)
2025-01-28 20:41:03,421 INFO c.h.h.t.HelmChartContainer - [hivemq-test-hivemq-platform] [hivemq-platform-operator] [bc18cdf9] 20:41:03.414 [pool-6-thread-3] DEBUG c.h.p.o.dependants.PodInfoConfigMap - [helmremo] Desired PodInfo ConfigMap (1 extensions) (1 enabled)
2025-01-28 20:41:03,422 INFO c.h.h.t.HelmChartContainer - [hivemq-test-hivemq-platform] [hivemq-platform-operator] [bc18cdf9] 20:41:03.414 [pool-6-thread-3] DEBUG c.h.p.o.dependants.PodInfoConfigMap - [helmremo] Desired PodInfo ConfigMap (metrics port: 9399) (metrics path: /)
2025-01-28 20:41:03,422 INFO c.h.h.t.HelmChartContainer - [hivemq-test-hivemq-platform] [hivemq-platform-operator] [bc18cdf9] 20:41:03.414 [pool-6-thread-3] DEBUG c.h.p.o.dependants.PodInfoConfigMap - [helmremo] Desired PodInfo ConfigMap (extension state hash: -1817474005)
2025-01-28 20:41:03,423 INFO c.h.h.t.HelmChartContainer - [hivemq-test-hivemq-platform] [hivemq-platform-operator] [bc18cdf9] 20:41:03.418 [pool-6-thread-4] DEBUG c.h.p.o.d.PodServiceAccountResource - [helmremo] Desired PodServiceAccountResource (serviceAccountName: hivemq-platform-pod-test-hivemq-platform)
2025-01-28 20:41:03,429 INFO c.h.h.t.HelmChartContainer - [EVENT] Normal [Started] Started container hivemq [helmremovenamespaceit:test-hivemq-platform-0]
2025-01-28 20:41:03,429 INFO c.h.h.t.HelmChartContainer - Received Started event for container hivemq in pod test-hivemq-platform-0 [304b5d79-a9d0-4eb9-aff3-878253ae25bd]
2025-01-28 20:41:03,429 INFO c.h.h.t.HelmChartContainer - Started log watcher for hivemq in pod test-hivemq-platform-0 [304b5d79-a9d0-4eb9-aff3-878253ae25bd]
2025-01-28 20:41:03,430 INFO c.h.h.t.HelmChartContainer - [test-hivemq-platform] [hivemq] [304b5d79] Adding pre-installed HiveMQ Platform Operator extensions
2025-01-28 20:41:03,430 INFO c.h.h.t.HelmChartContainer - [test-hivemq-platform] [hivemq] [304b5d79] Running as user 10000
2025-01-28 20:41:03,430 INFO c.h.h.t.HelmChartContainer - [test-hivemq-platform] [hivemq] [304b5d79] Starting HiveMQ Platform Operator Init
2025-01-28 20:41:03,434 INFO c.h.h.t.HelmChartContainer - [hivemq-test-hivemq-platform] [hivemq-platform-operator] [bc18cdf9] 20:41:03.429 [pool-6-thread-1] DEBUG c.h.p.o.d.StatefulSetResource - [helmremo] Desired StatefulSet (1 replicas) for status STARTING (READY)
2025-01-28 20:41:03,499 INFO c.h.h.t.HelmChartContainer - [hivemq-test-hivemq-platform] [hivemq-platform-operator] [bc18cdf9] 20:41:03.497 [ReconcilerExecutor-hivemq-controller-110] INFO  c.h.p.o.HiveMQPlatformReconciler - [helmremo] Reconciling HiveMQ Platform 'test-hivemq-platform' in namespace 'helmremovenamespaceit'
2025-01-28 20:41:03,499 INFO c.h.h.t.HelmChartContainer - [hivemq-test-hivemq-platform] [hivemq-platform-operator] [bc18cdf9] 20:41:03.497 [ReconcilerExecutor-hivemq-controller-110] DEBUG c.h.p.o.HiveMQPlatformReconciler - [helmremo] Custom Resource Status STARTING - HiveMQ Platform is starting (READY)
2025-01-28 20:41:03,499 INFO c.h.h.t.HelmChartContainer - [hivemq-test-hivemq-platform] [hivemq-platform-operator] [bc18cdf9] 20:41:03.497 [ReconcilerExecutor-hivemq-controller-110] DEBUG c.h.p.o.HiveMQPlatformReconciler - [helmremo] Custom Resource Spec (replicas: 1) (extensions: 1)
2025-01-28 20:41:03,503 INFO c.h.h.t.HelmChartContainer - [hivemq-test-hivemq-platform] [hivemq-platform-operator] [bc18cdf9] 20:41:03.501 [ReconcilerExecutor-hivemq-controller-110] DEBUG c.h.p.o.HiveMQPlatformReconciler - [helmremo] StatefulSet Status (revision: test-hivemq-platform-bd687ff79, replicas: 1, available: 0, ready: 0, current: 1, updated: 1)
2025-01-28 20:41:03,505 INFO c.h.h.t.HelmChartContainer - [hivemq-test-hivemq-platform] [hivemq-platform-operator] [bc18cdf9] 20:41:03.502 [ReconcilerExecutor-hivemq-controller-110] DEBUG c.h.p.o.HiveMQPlatformReconciler - [helmremo] StatefulSet Spec (replicas: 1, init containers: 1, containers: 1, volumes: 3)
2025-01-28 20:41:03,505 INFO c.h.h.t.HelmChartContainer - [hivemq-test-hivemq-platform] [hivemq-platform-operator] [bc18cdf9] 20:41:03.504 [ReconcilerExecutor-hivemq-controller-110] DEBUG c.h.p.o.h.HiveMQPlatformReconcilerErrorHandler - [helmremo] Pod 'test-hivemq-platform-0' phase Running
2025-01-28 20:41:03,506 INFO c.h.h.t.HelmChartContainer - [hivemq-test-hivemq-platform] [hivemq-platform-operator] [bc18cdf9] 20:41:03.506 [ReconcilerExecutor-hivemq-controller-110] INFO  c.h.p.o.h.HiveMQPlatformReconcilerBaseHandler - [helmremo] HiveMQ Platform is starting, 0 of 1 replicas are ready
2025-01-28 20:41:03,778 INFO c.h.h.t.HelmChartContainer - [test-hivemq-platform] [hivemq] [304b5d79] INFO  - [HiveMQ Platform Operator Init 1.7.0-SNAPSHOT] HiveMQ Platform Operator Init 1.7.0-SNAPSHOT (commit: bebf408 on branch: HEAD) built on Sun Jan 26 20:47:47 UTC 2025
2025-01-28 20:41:04,975 INFO c.h.h.t.HelmChartContainer - [test-hivemq-platform] [hivemq] [304b5d79] INFO  - [HiveMQ Platform Operator Init App 1.7.0-SNAPSHOT] Using bind address 10.42.0.6 from environment variable
2025-01-28 20:41:05,976 INFO c.h.h.t.HelmChartContainer - [test-hivemq-platform] [hivemq] [304b5d79] INFO  - [HiveMQ Platform Operator Init App 1.7.0-SNAPSHOT] HiveMQ Platform Operator Init App 1.7.0-SNAPSHOT (commit: bebf408 on branch: HEAD) built on Sun Jan 26 20:47:47 UTC 2025
2025-01-28 20:41:05,976 INFO c.h.h.t.HelmChartContainer - [test-hivemq-platform] [hivemq] [304b5d79] INFO  - [HiveMQ Platform Operator Init App 1.7.0-SNAPSHOT] PodInfo ConfigMap directory: /etc/podinfo
2025-01-28 20:41:05,977 INFO c.h.h.t.HelmChartContainer - [test-hivemq-platform] [hivemq] [304b5d79] INFO  - [HiveMQ Platform Operator Init App 1.7.0-SNAPSHOT] HiveMQ home directory: /opt/hivemq
2025-01-28 20:41:05,977 INFO c.h.h.t.HelmChartContainer - [test-hivemq-platform] [hivemq] [304b5d79] INFO  - [HiveMQ Platform Operator Init App 1.7.0-SNAPSHOT] HiveMQ Logback folder: /opt/hivemq/conf
2025-01-28 20:41:05,977 INFO c.h.h.t.HelmChartContainer - [test-hivemq-platform] [hivemq] [304b5d79] INFO  - [HiveMQ Platform Operator Init App 1.7.0-SNAPSHOT] HiveMQ Config folder: /opt/hivemq/conf-k8s
2025-01-28 20:41:05,977 INFO c.h.h.t.HelmChartContainer - [test-hivemq-platform] [hivemq] [304b5d79] INFO  - [HiveMQ Platform Operator Init App 1.7.0-SNAPSHOT] Starting HiveMQ Platform Operator Init App
2025-01-28 20:41:05,978 INFO c.h.h.t.HelmChartContainer - [test-hivemq-platform] [hivemq] [304b5d79] INFO  - [HiveMQ Platform Operator Init App 1.7.0-SNAPSHOT] Starting Pod reconciler
2025-01-28 20:41:07,237 INFO c.h.h.t.HelmChartContainer - [test-hivemq-platform] [hivemq] [304b5d79] INFO  - [HiveMQ Platform Operator Init App 1.7.0-SNAPSHOT] Pod reconciler is scheduled (interval: 5000 ms)
2025-01-28 20:41:07,238 INFO c.h.h.t.HelmChartContainer - [test-hivemq-platform] [hivemq] [304b5d79] INFO  - [HiveMQ Platform Operator Init App 1.7.0-SNAPSHOT] Starting the REST API on 10.42.0.6:7979
2025-01-28 20:41:07,241 INFO c.h.h.t.HelmChartContainer - [test-hivemq-platform] [hivemq] [304b5d79] INFO  - [HiveMQ Platform Operator Init App 1.7.0-SNAPSHOT] Waiting up to 600s for at most 1 HiveMQ nodes in cluster service hivemq-test-hivemq-platform-cluster.helmremovenamespaceit.svc
2025-01-28 20:41:07,573 INFO c.h.h.t.HelmChartContainer - [test-hivemq-platform] [hivemq] [304b5d79] INFO  - [HiveMQ Platform Operator Init App 1.7.0-SNAPSHOT] Resolved 1 IP addresses: [10.42.0.6]
2025-01-28 20:41:07,573 INFO c.h.h.t.HelmChartContainer - [test-hivemq-platform] [hivemq] [304b5d79] INFO  - [HiveMQ Platform Operator Init App 1.7.0-SNAPSHOT] HiveMQ node count of 1 is within threshold of 1
2025-01-28 20:41:07,573 INFO c.h.h.t.HelmChartContainer - [test-hivemq-platform] [hivemq] [304b5d79] INFO  - [HiveMQ Platform Operator Init App 1.7.0-SNAPSHOT] Proceeding with container start
2025-01-28 20:41:07,637 INFO c.h.h.t.HelmChartContainer - [test-hivemq-platform] [hivemq] [304b5d79] INFO  - [HiveMQ Platform Operator Init App 1.7.0-SNAPSHOT] Initializing HiveMQ Platform extensions with initial configuration: {hivemq-allow-all-extension={start-priority=-1, skip-https-hostname-verification=false, restart=true, config-version=0, header-version=0, c-uri=, priority=-1, uri=preinstalled, skip-https-certificate-validation=false, enabled=true}, hivemq-prometheus-extension={enabled=true, restart=true, priority=-1, start-priority=-1, c-uri=, skip-https-hostname-verification=false, skip-https-certificate-validation=false, uri=preinstalled, request-header-path=no-request-headers}}
2025-01-28 20:41:08,082 INFO c.h.h.t.HelmChartContainer - [test-hivemq-platform] [hivemq] [304b5d79] INFO  - [HiveMQ Platform Operator Init App 1.7.0-SNAPSHOT] Extension hivemq-allow-all-extension was already enabled
2025-01-28 20:41:08,141 INFO c.h.h.t.HelmChartContainer - [test-hivemq-platform] [hivemq] [304b5d79] INFO  - [HiveMQ Platform Operator Init App 1.7.0-SNAPSHOT] Successfully enabled extension hivemq-prometheus-extension
2025-01-28 20:41:08,142 INFO c.h.h.t.HelmChartContainer - [test-hivemq-platform] [hivemq] [304b5d79] INFO  - [HiveMQ Platform Operator Init App 1.7.0-SNAPSHOT] Starting HiveMQ Platform version 4.36.0 (4.36.0)
2025-01-28 20:41:08,143 INFO c.h.h.t.HelmChartContainer - [test-hivemq-platform] [hivemq] [304b5d79] INFO  - [HiveMQ Platform Operator Init App 1.7.0-SNAPSHOT] Configuring the HiveMQ Platform
2025-01-28 20:41:08,180 INFO c.h.h.t.HelmChartContainer - [test-hivemq-platform] [hivemq] [304b5d79] INFO  - [HiveMQ Platform Operator Init App 1.7.0-SNAPSHOT] Changed logback.xml file scan period to 20 seconds
2025-01-28 20:41:08,243 INFO c.h.h.t.HelmChartContainer - [test-hivemq-platform] [hivemq] [304b5d79] INFO  - [HiveMQ Platform Operator Init App 1.7.0-SNAPSHOT] Starting the HiveMQ Platform
2025-01-28 20:41:08,274 INFO c.h.h.t.HelmChartContainer - [test-hivemq-platform] [hivemq] [304b5d79] -------------------------------------------------------------------------
2025-01-28 20:41:08,274 INFO c.h.h.t.HelmChartContainer - [test-hivemq-platform] [hivemq] [304b5d79] 
2025-01-28 20:41:08,274 INFO c.h.h.t.HelmChartContainer - [test-hivemq-platform] [hivemq] [304b5d79]                   _    _  _              __  __   ____
2025-01-28 20:41:08,274 INFO c.h.h.t.HelmChartContainer - [test-hivemq-platform] [hivemq] [304b5d79]                  | |  | |(_)            |  \/  | / __ \
2025-01-28 20:41:08,274 INFO c.h.h.t.HelmChartContainer - [test-hivemq-platform] [hivemq] [304b5d79]                  | |__| | _ __   __ ___ | \  / || |  | |
2025-01-28 20:41:08,274 INFO c.h.h.t.HelmChartContainer - [test-hivemq-platform] [hivemq] [304b5d79]                  |  __  || |\ \ / // _ \| |\/| || |  | |
2025-01-28 20:41:08,274 INFO c.h.h.t.HelmChartContainer - [test-hivemq-platform] [hivemq] [304b5d79]                  | |  | || | \ V /|  __/| |  | || |__| |
2025-01-28 20:41:08,274 INFO c.h.h.t.HelmChartContainer - [test-hivemq-platform] [hivemq] [304b5d79]                  |_|  |_||_|  \_/  \___||_|  |_| \___\_\
2025-01-28 20:41:08,274 INFO c.h.h.t.HelmChartContainer - [test-hivemq-platform] [hivemq] [304b5d79] 
2025-01-28 20:41:08,274 INFO c.h.h.t.HelmChartContainer - [test-hivemq-platform] [hivemq] [304b5d79] -------------------------------------------------------------------------
2025-01-28 20:41:08,274 INFO c.h.h.t.HelmChartContainer - [test-hivemq-platform] [hivemq] [304b5d79] 
2025-01-28 20:41:08,274 INFO c.h.h.t.HelmChartContainer - [test-hivemq-platform] [hivemq] [304b5d79]   HiveMQ Start Script for Linux/Unix v1.14
2025-01-28 20:41:08,274 INFO c.h.h.t.HelmChartContainer - [test-hivemq-platform] [hivemq] [304b5d79] 
2025-01-28 20:41:08,372 INFO c.h.h.t.HelmChartContainer - [test-hivemq-platform] [hivemq] [304b5d79] -------------------------------------------------------------------------
2025-01-28 20:41:08,372 INFO c.h.h.t.HelmChartContainer - [test-hivemq-platform] [hivemq] [304b5d79] 
2025-01-28 20:41:08,372 INFO c.h.h.t.HelmChartContainer - [test-hivemq-platform] [hivemq] [304b5d79]   HIVEMQ_HOME: /opt/hivemq
2025-01-28 20:41:08,373 INFO c.h.h.t.HelmChartContainer - [test-hivemq-platform] [hivemq] [304b5d79] 
2025-01-28 20:41:08,373 INFO c.h.h.t.HelmChartContainer - [test-hivemq-platform] [hivemq] [304b5d79]   JAVA_OPTS: -XX:+UnlockExperimentalVMOptions -XX:InitialRAMPercentage=50 -XX:MaxRAMPercentage=50 -Djava.net.preferIPv4Stack=true --add-opens java.base/java.lang=ALL-UNNAMED --add-opens java.base/java.nio=ALL-UNNAMED --add-opens java.base/sun.nio.ch=ALL-UNNAMED --add-opens jdk.management/com.sun.management.internal=ALL-UNNAMED --add-exports java.base/jdk.internal.misc=ALL-UNNAMED -Djava.security.egd=file:/dev/./urandom -Dcom.sun.management.jmxremote -Dcom.sun.management.jmxremote.port=9010 -Dcom.sun.management.jmxremote.local.only=false -Dcom.sun.management.jmxremote.authenticate=false -Dcom.sun.management.jmxremote.ssl=false -Duser.language=en -Duser.region=US -XX:+CrashOnOutOfMemoryError -XX:+HeapDumpOnOutOfMemoryError
2025-01-28 20:41:08,373 INFO c.h.h.t.HelmChartContainer - [test-hivemq-platform] [hivemq] [304b5d79] 
2025-01-28 20:41:08,373 INFO c.h.h.t.HelmChartContainer - [test-hivemq-platform] [hivemq] [304b5d79]   JAVA_VERSION: 21
2025-01-28 20:41:08,373 INFO c.h.h.t.HelmChartContainer - [test-hivemq-platform] [hivemq] [304b5d79] 
2025-01-28 20:41:08,373 INFO c.h.h.t.HelmChartContainer - [test-hivemq-platform] [hivemq] [304b5d79] -------------------------------------------------------------------------
2025-01-28 20:41:08,373 INFO c.h.h.t.HelmChartContainer - [test-hivemq-platform] [hivemq] [304b5d79] 
2025-01-28 20:41:09,475 INFO c.h.h.t.HelmChartContainer - [test-hivemq-platform] [hivemq] [304b5d79] INFO  - [HiveMQ Platform Operator Init App 1.7.0-SNAPSHOT] Returning default Health API response 503 for readiness
2025-01-28 20:41:09,780 INFO c.h.h.t.HelmChartContainer - [EVENT] Warning [Unhealthy] Readiness probe failed: HTTP probe failed with statuscode: 503 [helmremovenamespaceit:test-hivemq-platform-0]
2025-01-28 20:41:09,780 INFO c.h.h.t.HelmChartContainer - Received Unhealthy event for container hivemq in pod test-hivemq-platform-0 [304b5d79-a9d0-4eb9-aff3-878253ae25bd]
2025-01-28 20:41:11,081 INFO c.h.h.t.HelmChartContainer - [test-hivemq-platform] [hivemq] [304b5d79] INFO  - Starting HiveMQ Enterprise Server
2025-01-28 20:41:11,139 INFO c.h.h.t.HelmChartContainer - [test-hivemq-platform] [hivemq] [304b5d79] INFO  - HiveMQ version: 4.36.0
2025-01-28 20:41:11,139 INFO c.h.h.t.HelmChartContainer - [test-hivemq-platform] [hivemq] [304b5d79] INFO  - HiveMQ home directory: /opt/hivemq
2025-01-28 20:41:11,139 INFO c.h.h.t.HelmChartContainer - [test-hivemq-platform] [hivemq] [304b5d79] INFO  - Log Configuration was overridden by /opt/hivemq/conf/logback.xml
2025-01-28 20:41:12,541 INFO c.h.h.t.HelmChartContainer - [test-hivemq-platform] [hivemq] [304b5d79] INFO  - Successfully loaded configuration from '/opt/hivemq/conf-k8s/config.xml'.
2025-01-28 20:41:13,273 INFO c.h.h.t.HelmChartContainer - [test-hivemq-platform] [hivemq] [304b5d79] INFO  - This node's ID is wx80t
2025-01-28 20:41:13,275 INFO c.h.h.t.HelmChartContainer - [test-hivemq-platform] [hivemq] [304b5d79] INFO  - Clustering is enabled
2025-01-28 20:41:13,515 INFO c.h.h.t.HelmChartContainer - [hivemq-test-hivemq-platform] [hivemq-platform-operator] [bc18cdf9] 20:41:13.511 [pool-6-thread-17] DEBUG c.h.p.o.d.PlatformServiceResource - [helmremo] Desired Platform services (3 services)
2025-01-28 20:41:13,516 INFO c.h.h.t.HelmChartContainer - [hivemq-test-hivemq-platform] [hivemq-platform-operator] [bc18cdf9] 20:41:13.512 [pool-6-thread-11] DEBUG c.h.p.o.dependants.PodInfoConfigMap - [helmremo] Desired PodInfo ConfigMap (1 extensions) (1 enabled)
2025-01-28 20:41:13,516 INFO c.h.h.t.HelmChartContainer - [hivemq-test-hivemq-platform] [hivemq-platform-operator] [bc18cdf9] 20:41:13.512 [pool-6-thread-11] DEBUG c.h.p.o.dependants.PodInfoConfigMap - [helmremo] Desired PodInfo ConfigMap (metrics port: 9399) (metrics path: /)
2025-01-28 20:41:13,517 INFO c.h.h.t.HelmChartContainer - [hivemq-test-hivemq-platform] [hivemq-platform-operator] [bc18cdf9] 20:41:13.512 [pool-6-thread-11] DEBUG c.h.p.o.dependants.PodInfoConfigMap - [helmremo] Desired PodInfo ConfigMap (extension state hash: -1817474005)
2025-01-28 20:41:13,517 INFO c.h.h.t.HelmChartContainer - [hivemq-test-hivemq-platform] [hivemq-platform-operator] [bc18cdf9] 20:41:13.513 [pool-6-thread-16] DEBUG c.h.p.o.d.PodServiceAccountResource - [helmremo] Desired PodServiceAccountResource (serviceAccountName: hivemq-platform-pod-test-hivemq-platform)
2025-01-28 20:41:13,521 INFO c.h.h.t.HelmChartContainer - [hivemq-test-hivemq-platform] [hivemq-platform-operator] [bc18cdf9] 20:41:13.519 [pool-6-thread-17] DEBUG c.h.p.o.d.StatefulSetResource - [helmremo] Desired StatefulSet (1 replicas) for status STARTING (READY)
2025-01-28 20:41:13,524 INFO c.h.h.t.HelmChartContainer - [hivemq-test-hivemq-platform] [hivemq-platform-operator] [bc18cdf9] 20:41:13.523 [ReconcilerExecutor-hivemq-controller-111] INFO  c.h.p.o.HiveMQPlatformReconciler - [helmremo] Reconciling HiveMQ Platform 'test-hivemq-platform' in namespace 'helmremovenamespaceit'
2025-01-28 20:41:13,526 INFO c.h.h.t.HelmChartContainer - [hivemq-test-hivemq-platform] [hivemq-platform-operator] [bc18cdf9] 20:41:13.523 [ReconcilerExecutor-hivemq-controller-111] DEBUG c.h.p.o.HiveMQPlatformReconciler - [helmremo] Custom Resource Status STARTING - HiveMQ Platform is starting (READY)
2025-01-28 20:41:13,526 INFO c.h.h.t.HelmChartContainer - [hivemq-test-hivemq-platform] [hivemq-platform-operator] [bc18cdf9] 20:41:13.523 [ReconcilerExecutor-hivemq-controller-111] DEBUG c.h.p.o.HiveMQPlatformReconciler - [helmremo] Custom Resource Spec (replicas: 1) (extensions: 1)
2025-01-28 20:41:13,526 INFO c.h.h.t.HelmChartContainer - [hivemq-test-hivemq-platform] [hivemq-platform-operator] [bc18cdf9] 20:41:13.525 [ReconcilerExecutor-hivemq-controller-111] DEBUG c.h.p.o.HiveMQPlatformReconciler - [helmremo] StatefulSet Status (revision: test-hivemq-platform-bd687ff79, replicas: 1, available: 0, ready: 0, current: 1, updated: 1)
2025-01-28 20:41:13,527 INFO c.h.h.t.HelmChartContainer - [hivemq-test-hivemq-platform] [hivemq-platform-operator] [bc18cdf9] 20:41:13.525 [ReconcilerExecutor-hivemq-controller-111] DEBUG c.h.p.o.HiveMQPlatformReconciler - [helmremo] StatefulSet Spec (replicas: 1, init containers: 1, containers: 1, volumes: 3)
2025-01-28 20:41:13,527 INFO c.h.h.t.HelmChartContainer - [hivemq-test-hivemq-platform] [hivemq-platform-operator] [bc18cdf9] 20:41:13.526 [ReconcilerExecutor-hivemq-controller-111] DEBUG c.h.p.o.h.HiveMQPlatformReconcilerErrorHandler - [helmremo] Pod 'test-hivemq-platform-0' phase Running
2025-01-28 20:41:13,528 INFO c.h.h.t.HelmChartContainer - [hivemq-test-hivemq-platform] [hivemq-platform-operator] [bc18cdf9] 20:41:13.527 [ReconcilerExecutor-hivemq-controller-111] INFO  c.h.p.o.h.HiveMQPlatformReconcilerBaseHandler - [helmremo] HiveMQ Platform is starting, 0 of 1 replicas are ready
2025-01-28 20:41:15,041 INFO c.h.h.t.HelmChartContainer - [test-hivemq-platform] [hivemq] [304b5d79] WARN  - [HiveMQ Platform Operator Init App 1.7.0-SNAPSHOT] Cannot connect to Health API for readiness: null
2025-01-28 20:41:15,080 INFO c.h.h.t.HelmChartContainer - [EVENT] Warning [Unhealthy] Readiness probe failed: HTTP probe failed with statuscode: 503 [helmremovenamespaceit:test-hivemq-platform-0]
2025-01-28 20:41:15,080 INFO c.h.h.t.HelmChartContainer - Received Unhealthy event for container hivemq in pod test-hivemq-platform-0 [304b5d79-a9d0-4eb9-aff3-878253ae25bd]
2025-01-28 20:41:18,538 INFO c.h.h.t.HelmChartContainer - [test-hivemq-platform] [hivemq] [304b5d79] Jan 28, 2025 8:41:18 PM io.vertx.core.impl.BlockedThreadChecker
2025-01-28 20:41:18,538 INFO c.h.h.t.HelmChartContainer - [test-hivemq-platform] [hivemq] [304b5d79] WARNING: Thread Thread[vert.x-eventloop-thread-1,5,main] has been blocked for 2804 ms, time limit is 2000 ms
2025-01-28 20:41:19,036 INFO c.h.h.t.HelmChartContainer - [test-hivemq-platform] [hivemq] [304b5d79] INFO  - [HiveMQ Platform Operator Init App 1.7.0-SNAPSHOT] Updating Pod HiveMQ Platform Operator Init App version annotation (version: 1.7.0-SNAPSHOT)
2025-01-28 20:41:19,441 INFO c.h.h.t.HelmChartContainer - [test-hivemq-platform] [hivemq] [304b5d79] WARN  - [HiveMQ Platform Operator Init App 1.7.0-SNAPSHOT] Cannot connect to Health API for readiness: null
2025-01-28 20:41:19,445 INFO c.h.h.t.HelmChartContainer - [EVENT] Warning [Unhealthy] Readiness probe failed: HTTP probe failed with statuscode: 503 [helmremovenamespaceit:test-hivemq-platform-0]
2025-01-28 20:41:19,445 INFO c.h.h.t.HelmChartContainer - Received Unhealthy event for container hivemq in pod test-hivemq-platform-0 [304b5d79-a9d0-4eb9-aff3-878253ae25bd]
2025-01-28 20:41:19,586 INFO c.h.h.t.HelmChartContainer - [POD] test-hivemq-platform-0 [304b5d79-a9d0-4eb9-aff3-878253ae25bd] in helmremovenamespaceit was MODIFIED
2025-01-28 20:41:19,591 INFO c.h.h.t.HelmChartContainer - [hivemq-test-hivemq-platform] [hivemq-platform-operator] [bc18cdf9] 20:41:19.589 [pool-6-thread-26] DEBUG c.h.p.o.d.PlatformServiceResource - [helmremo] Desired Platform services (3 services)
2025-01-28 20:41:19,592 INFO c.h.h.t.HelmChartContainer - [hivemq-test-hivemq-platform] [hivemq-platform-operator] [bc18cdf9] 20:41:19.591 [pool-6-thread-27] DEBUG c.h.p.o.dependants.PodInfoConfigMap - [helmremo] Desired PodInfo ConfigMap (1 extensions) (1 enabled)
2025-01-28 20:41:19,593 INFO c.h.h.t.HelmChartContainer - [hivemq-test-hivemq-platform] [hivemq-platform-operator] [bc18cdf9] 20:41:19.591 [pool-6-thread-27] DEBUG c.h.p.o.dependants.PodInfoConfigMap - [helmremo] Desired PodInfo ConfigMap (metrics port: 9399) (metrics path: /)
2025-01-28 20:41:19,595 INFO c.h.h.t.HelmChartContainer - [hivemq-test-hivemq-platform] [hivemq-platform-operator] [bc18cdf9] 20:41:19.593 [pool-6-thread-25] DEBUG c.h.p.o.d.PodServiceAccountResource - [helmremo] Desired PodServiceAccountResource (serviceAccountName: hivemq-platform-pod-test-hivemq-platform)
2025-01-28 20:41:19,596 INFO c.h.h.t.HelmChartContainer - [hivemq-test-hivemq-platform] [hivemq-platform-operator] [bc18cdf9] 20:41:19.591 [pool-6-thread-27] DEBUG c.h.p.o.dependants.PodInfoConfigMap - [helmremo] Desired PodInfo ConfigMap (extension state hash: -1817474005)
2025-01-28 20:41:19,604 INFO c.h.h.t.HelmChartContainer - [hivemq-test-hivemq-platform] [hivemq-platform-operator] [bc18cdf9] 20:41:19.603 [pool-6-thread-26] DEBUG c.h.p.o.d.StatefulSetResource - [helmremo] Desired StatefulSet (1 replicas) for status STARTING (READY)
2025-01-28 20:41:19,641 INFO c.h.h.t.HelmChartContainer - [test-hivemq-platform] [hivemq] [304b5d79] INFO  - [HiveMQ Platform Operator Init App 1.7.0-SNAPSHOT] Successfully updated Pod HiveMQ Platform Operator Init App version annotation (version: 1.7.0-SNAPSHOT)
2025-01-28 20:41:19,672 INFO c.h.h.t.HelmChartContainer - [test-hivemq-platform] [hivemq] [304b5d79] WARN  - [HiveMQ Platform Operator Init App 1.7.0-SNAPSHOT] Cannot connect to Health API for readiness: null
2025-01-28 20:41:19,679 INFO c.h.h.t.HelmChartContainer - [hivemq-test-hivemq-platform] [hivemq-platform-operator] [bc18cdf9] 20:41:19.677 [ReconcilerExecutor-hivemq-controller-112] INFO  c.h.p.o.HiveMQPlatformReconciler - [helmremo] Reconciling HiveMQ Platform 'test-hivemq-platform' in namespace 'helmremovenamespaceit'
2025-01-28 20:41:19,681 INFO c.h.h.t.HelmChartContainer - [EVENT] Warning [Unhealthy] Readiness probe failed: HTTP probe failed with statuscode: 503 [helmremovenamespaceit:test-hivemq-platform-0]
2025-01-28 20:41:19,681 INFO c.h.h.t.HelmChartContainer - [hivemq-test-hivemq-platform] [hivemq-platform-operator] [bc18cdf9] 20:41:19.678 [ReconcilerExecutor-hivemq-controller-112] DEBUG c.h.p.o.HiveMQPlatformReconciler - [helmremo] Custom Resource Status STARTING - HiveMQ Platform is starting (READY)
2025-01-28 20:41:19,681 INFO c.h.h.t.HelmChartContainer - Received Unhealthy event for container hivemq in pod test-hivemq-platform-0 [304b5d79-a9d0-4eb9-aff3-878253ae25bd]
2025-01-28 20:41:19,681 INFO c.h.h.t.HelmChartContainer - [hivemq-test-hivemq-platform] [hivemq-platform-operator] [bc18cdf9] 20:41:19.678 [ReconcilerExecutor-hivemq-controller-112] DEBUG c.h.p.o.HiveMQPlatformReconciler - [helmremo] Custom Resource Spec (replicas: 1) (extensions: 1)
2025-01-28 20:41:19,685 INFO c.h.h.t.HelmChartContainer - [hivemq-test-hivemq-platform] [hivemq-platform-operator] [bc18cdf9] 20:41:19.680 [ReconcilerExecutor-hivemq-controller-112] DEBUG c.h.p.o.HiveMQPlatformReconciler - [helmremo] StatefulSet Status (revision: test-hivemq-platform-bd687ff79, replicas: 1, available: 0, ready: 0, current: 1, updated: 1)
2025-01-28 20:41:19,685 INFO c.h.h.t.HelmChartContainer - [hivemq-test-hivemq-platform] [hivemq-platform-operator] [bc18cdf9] 20:41:19.684 [ReconcilerExecutor-hivemq-controller-112] DEBUG c.h.p.o.HiveMQPlatformReconciler - [helmremo] StatefulSet Spec (replicas: 1, init containers: 1, containers: 1, volumes: 3)
2025-01-28 20:41:19,690 INFO c.h.h.t.HelmChartContainer - [hivemq-test-hivemq-platform] [hivemq-platform-operator] [bc18cdf9] 20:41:19.688 [ReconcilerExecutor-hivemq-controller-112] DEBUG c.h.p.o.h.HiveMQPlatformReconcilerErrorHandler - [helmremo] Pod 'test-hivemq-platform-0' phase Running
2025-01-28 20:41:19,691 INFO c.h.h.t.HelmChartContainer - [hivemq-test-hivemq-platform] [hivemq-platform-operator] [bc18cdf9] 20:41:19.690 [ReconcilerExecutor-hivemq-controller-112] INFO  c.h.p.o.h.HiveMQPlatformReconcilerBaseHandler - [helmremo] HiveMQ Platform is starting, 0 of 1 replicas are ready
2025-01-28 20:41:24,643 INFO c.h.h.t.HelmChartContainer - [test-hivemq-platform] [hivemq] [304b5d79] WARN  - [HiveMQ Platform Operator Init App 1.7.0-SNAPSHOT] Cannot connect to Health API for readiness: null
2025-01-28 20:41:24,648 INFO c.h.h.t.HelmChartContainer - [EVENT] Warning [Unhealthy] Readiness probe failed: HTTP probe failed with statuscode: 503 [helmremovenamespaceit:test-hivemq-platform-0]
2025-01-28 20:41:24,648 INFO c.h.h.t.HelmChartContainer - Received Unhealthy event for container hivemq in pod test-hivemq-platform-0 [304b5d79-a9d0-4eb9-aff3-878253ae25bd]
2025-01-28 20:41:29,678 INFO c.h.h.t.HelmChartContainer - [test-hivemq-platform] [hivemq] [304b5d79] WARN  - [HiveMQ Platform Operator Init App 1.7.0-SNAPSHOT] Cannot connect to Health API for readiness: null
2025-01-28 20:41:29,686 INFO c.h.h.t.HelmChartContainer - [EVENT] Warning [Unhealthy] Readiness probe failed: HTTP probe failed with statuscode: 503 [helmremovenamespaceit:test-hivemq-platform-0]
2025-01-28 20:41:29,686 INFO c.h.h.t.HelmChartContainer - Received Unhealthy event for container hivemq in pod test-hivemq-platform-0 [304b5d79-a9d0-4eb9-aff3-878253ae25bd]
2025-01-28 20:41:29,696 INFO c.h.h.t.HelmChartContainer - [hivemq-test-hivemq-platform] [hivemq-platform-operator] [bc18cdf9] 20:41:29.693 [pool-6-thread-36] DEBUG c.h.p.o.d.PlatformServiceResource - [helmremo] Desired Platform services (3 services)
2025-01-28 20:41:29,698 INFO c.h.h.t.HelmChartContainer - [hivemq-test-hivemq-platform] [hivemq-platform-operator] [bc18cdf9] 20:41:29.694 [pool-6-thread-37] DEBUG c.h.p.o.dependants.PodInfoConfigMap - [helmremo] Desired PodInfo ConfigMap (1 extensions) (1 enabled)
2025-01-28 20:41:29,698 INFO c.h.h.t.HelmChartContainer - [hivemq-test-hivemq-platform] [hivemq-platform-operator] [bc18cdf9] 20:41:29.694 [pool-6-thread-37] DEBUG c.h.p.o.dependants.PodInfoConfigMap - [helmremo] Desired PodInfo ConfigMap (metrics port: 9399) (metrics path: /)
2025-01-28 20:41:29,698 INFO c.h.h.t.HelmChartContainer - [hivemq-test-hivemq-platform] [hivemq-platform-operator] [bc18cdf9] 20:41:29.694 [pool-6-thread-37] DEBUG c.h.p.o.dependants.PodInfoConfigMap - [helmremo] Desired PodInfo ConfigMap (extension state hash: -1817474005)
2025-01-28 20:41:29,699 INFO c.h.h.t.HelmChartContainer - [hivemq-test-hivemq-platform] [hivemq-platform-operator] [bc18cdf9] 20:41:29.695 [pool-6-thread-37] DEBUG c.h.p.o.d.PodServiceAccountResource - [helmremo] Desired PodServiceAccountResource (serviceAccountName: hivemq-platform-pod-test-hivemq-platform)
2025-01-28 20:41:29,702 INFO c.h.h.t.HelmChartContainer - [hivemq-test-hivemq-platform] [hivemq-platform-operator] [bc18cdf9] 20:41:29.701 [pool-6-thread-36] DEBUG c.h.p.o.d.StatefulSetResource - [helmremo] Desired StatefulSet (1 replicas) for status STARTING (READY)
2025-01-28 20:41:29,704 INFO c.h.h.t.HelmChartContainer - [hivemq-test-hivemq-platform] [hivemq-platform-operator] [bc18cdf9] 20:41:29.703 [ReconcilerExecutor-hivemq-controller-113] INFO  c.h.p.o.HiveMQPlatformReconciler - [helmremo] Reconciling HiveMQ Platform 'test-hivemq-platform' in namespace 'helmremovenamespaceit'
2025-01-28 20:41:29,705 INFO c.h.h.t.HelmChartContainer - [hivemq-test-hivemq-platform] [hivemq-platform-operator] [bc18cdf9] 20:41:29.704 [ReconcilerExecutor-hivemq-controller-113] DEBUG c.h.p.o.HiveMQPlatformReconciler - [helmremo] Custom Resource Status STARTING - HiveMQ Platform is starting (READY)
2025-01-28 20:41:29,705 INFO c.h.h.t.HelmChartContainer - [hivemq-test-hivemq-platform] [hivemq-platform-operator] [bc18cdf9] 20:41:29.704 [ReconcilerExecutor-hivemq-controller-113] DEBUG c.h.p.o.HiveMQPlatformReconciler - [helmremo] Custom Resource Spec (replicas: 1) (extensions: 1)
2025-01-28 20:41:29,706 INFO c.h.h.t.HelmChartContainer - [hivemq-test-hivemq-platform] [hivemq-platform-operator] [bc18cdf9] 20:41:29.705 [ReconcilerExecutor-hivemq-controller-113] DEBUG c.h.p.o.HiveMQPlatformReconciler - [helmremo] StatefulSet Status (revision: test-hivemq-platform-bd687ff79, replicas: 1, available: 0, ready: 0, current: 1, updated: 1)
2025-01-28 20:41:29,707 INFO c.h.h.t.HelmChartContainer - [hivemq-test-hivemq-platform] [hivemq-platform-operator] [bc18cdf9] 20:41:29.705 [ReconcilerExecutor-hivemq-controller-113] DEBUG c.h.p.o.HiveMQPlatformReconciler - [helmremo] StatefulSet Spec (replicas: 1, init containers: 1, containers: 1, volumes: 3)
2025-01-28 20:41:29,708 INFO c.h.h.t.HelmChartContainer - [hivemq-test-hivemq-platform] [hivemq-platform-operator] [bc18cdf9] 20:41:29.707 [ReconcilerExecutor-hivemq-controller-113] DEBUG c.h.p.o.h.HiveMQPlatformReconcilerErrorHandler - [helmremo] Pod 'test-hivemq-platform-0' phase Running
2025-01-28 20:41:29,709 INFO c.h.h.t.HelmChartContainer - [hivemq-test-hivemq-platform] [hivemq-platform-operator] [bc18cdf9] 20:41:29.708 [ReconcilerExecutor-hivemq-controller-113] INFO  c.h.p.o.h.HiveMQPlatformReconcilerBaseHandler - [helmremo] HiveMQ Platform is starting, 0 of 1 replicas are ready
2025-01-28 20:41:30,572 INFO c.h.h.t.HelmChartContainer - [test-hivemq-platform] [hivemq] [304b5d79] INFO  - No valid license file found. Using trial license, restricted to 25 connections.
2025-01-28 20:41:31,175 INFO c.h.h.t.HelmChartContainer - [test-hivemq-platform] [hivemq] [304b5d79] WARN  - [HiveMQ Platform Operator Init App 1.7.0-SNAPSHOT] Cannot connect to Health API for liveness: null
2025-01-28 20:41:31,178 INFO c.h.h.t.HelmChartContainer - [test-hivemq-platform] [hivemq] [304b5d79] INFO  - [HiveMQ Platform Operator Init App 1.7.0-SNAPSHOT] Returning default Health API response 200 for liveness
2025-01-28 20:41:34,377 INFO c.h.h.t.HelmChartContainer - [test-hivemq-platform] [hivemq] [304b5d79] INFO  - No valid license file for Data Hub found. Using free license, restricted to 1 policy.
2025-01-28 20:41:34,675 INFO c.h.h.t.HelmChartContainer - [test-hivemq-platform] [hivemq] [304b5d79] WARN  - [HiveMQ Platform Operator Init App 1.7.0-SNAPSHOT] Cannot connect to Health API for readiness: null
2025-01-28 20:41:34,682 INFO c.h.h.t.HelmChartContainer - [EVENT] Warning [Unhealthy] Readiness probe failed: HTTP probe failed with statuscode: 503 [helmremovenamespaceit:test-hivemq-platform-0]
2025-01-28 20:41:34,682 INFO c.h.h.t.HelmChartContainer - Received Unhealthy event for container hivemq in pod test-hivemq-platform-0 [304b5d79-a9d0-4eb9-aff3-878253ae25bd]
2025-01-28 20:41:35,575 INFO c.h.h.t.HelmChartContainer - [test-hivemq-platform] [hivemq] [304b5d79] INFO  - Audit Logger started.
2025-01-28 20:41:35,877 INFO c.h.h.t.HelmChartContainer - [test-hivemq-platform] [hivemq] [304b5d79] INFO  - This node uses '1' CPU cores.
2025-01-28 20:41:35,880 INFO c.h.h.t.HelmChartContainer - [test-hivemq-platform] [hivemq] [304b5d79] INFO  - Starting HiveMQ Health API on address 0.0.0.0 and port 8889
2025-01-28 20:41:36,784 INFO c.h.h.t.HelmChartContainer - [test-hivemq-platform] [hivemq] [304b5d79] INFO  - Started HiveMQ Health API in 904ms
2025-01-28 20:41:37,380 INFO c.h.h.t.HelmChartContainer - [test-hivemq-platform] [hivemq] [304b5d79] INFO  - Starting HiveMQ extension system.
2025-01-28 20:41:37,674 INFO c.h.h.t.HelmChartContainer - [test-hivemq-platform] [hivemq] [304b5d79] INFO  - Starting extension with id "hivemq-dns-cluster-discovery" at /opt/hivemq/extensions/hivemq-dns-cluster-discovery
2025-01-28 20:41:38,136 INFO c.h.h.t.HelmChartContainer - [test-hivemq-platform] [hivemq] [304b5d79] INFO  - Extension "DNS Cluster Discovery Extension" version 4.3.2 started successfully.
2025-01-28 20:41:38,136 INFO c.h.h.t.HelmChartContainer - [test-hivemq-platform] [hivemq] [304b5d79] INFO  - Starting extension with id "hivemq-prometheus-extension" at /opt/hivemq/extensions/hivemq-prometheus-extension
2025-01-28 20:41:38,182 INFO c.h.h.t.HelmChartContainer - [test-hivemq-platform] [hivemq] [304b5d79] INFO  - Using TCP cluster transport on address 10.42.0.6 and port 7000
2025-01-28 20:41:38,275 INFO c.h.h.t.HelmChartContainer - [test-hivemq-platform] [hivemq] [304b5d79] INFO  - Using extension cluster discovery
2025-01-28 20:41:39,174 INFO c.h.h.t.HelmChartContainer - [test-hivemq-platform] [hivemq] [304b5d79] INFO  - Started Jetty Server exposing Prometheus Servlet on URI http://0.0.0.0:9399/
2025-01-28 20:41:39,174 INFO c.h.h.t.HelmChartContainer - [test-hivemq-platform] [hivemq] [304b5d79] INFO  - Extension "Prometheus Monitoring Extension" version 4.0.12 started successfully.
2025-01-28 20:41:39,175 INFO c.h.h.t.HelmChartContainer - [test-hivemq-platform] [hivemq] [304b5d79] INFO  - Starting extension with id "hivemq-allow-all-extension" at /opt/hivemq/extensions/hivemq-allow-all-extension
2025-01-28 20:41:39,175 INFO c.h.h.t.HelmChartContainer - [test-hivemq-platform] [hivemq] [304b5d79] WARN  - 
2025-01-28 20:41:39,175 INFO c.h.h.t.HelmChartContainer - [test-hivemq-platform] [hivemq] [304b5d79] ################################################################################################################
2025-01-28 20:41:39,175 INFO c.h.h.t.HelmChartContainer - [test-hivemq-platform] [hivemq] [304b5d79] # This HiveMQ deployment is not secure! You are lacking Authentication and Authorization.                      #
2025-01-28 20:41:39,175 INFO c.h.h.t.HelmChartContainer - [test-hivemq-platform] [hivemq] [304b5d79] # Right now any MQTT client can connect to the broker with a full set of permissions.                          #
2025-01-28 20:41:39,175 INFO c.h.h.t.HelmChartContainer - [test-hivemq-platform] [hivemq] [304b5d79] # For production usage, add an appropriate security extension and remove the hivemq-allow-all extension.       #
2025-01-28 20:41:39,175 INFO c.h.h.t.HelmChartContainer - [test-hivemq-platform] [hivemq] [304b5d79] # You can download security extensions from the HiveMQ Marketplace (https://www.hivemq.com/extensions/).       #
2025-01-28 20:41:39,175 INFO c.h.h.t.HelmChartContainer - [test-hivemq-platform] [hivemq] [304b5d79] ################################################################################################################
2025-01-28 20:41:39,175 INFO c.h.h.t.HelmChartContainer - [test-hivemq-platform] [hivemq] [304b5d79] INFO  - Extension "Allow All Extension" version 1.1.1 started successfully.
2025-01-28 20:41:39,718 INFO c.h.h.t.HelmChartContainer - [hivemq-test-hivemq-platform] [hivemq-platform-operator] [bc18cdf9] 20:41:39.711 [pool-6-thread-46] DEBUG c.h.p.o.d.PlatformServiceResource - [helmremo] Desired Platform services (3 services)
2025-01-28 20:41:39,718 INFO c.h.h.t.HelmChartContainer - [hivemq-test-hivemq-platform] [hivemq-platform-operator] [bc18cdf9] 20:41:39.712 [pool-6-thread-44] DEBUG c.h.p.o.dependants.PodInfoConfigMap - [helmremo] Desired PodInfo ConfigMap (1 extensions) (1 enabled)
2025-01-28 20:41:39,718 INFO c.h.h.t.HelmChartContainer - [hivemq-test-hivemq-platform] [hivemq-platform-operator] [bc18cdf9] 20:41:39.712 [pool-6-thread-44] DEBUG c.h.p.o.dependants.PodInfoConfigMap - [helmremo] Desired PodInfo ConfigMap (metrics port: 9399) (metrics path: /)
2025-01-28 20:41:39,718 INFO c.h.h.t.HelmChartContainer - [hivemq-test-hivemq-platform] [hivemq-platform-operator] [bc18cdf9] 20:41:39.712 [pool-6-thread-44] DEBUG c.h.p.o.dependants.PodInfoConfigMap - [helmremo] Desired PodInfo ConfigMap (extension state hash: -1817474005)
2025-01-28 20:41:39,718 INFO c.h.h.t.HelmChartContainer - [hivemq-test-hivemq-platform] [hivemq-platform-operator] [bc18cdf9] 20:41:39.712 [pool-6-thread-49] DEBUG c.h.p.o.d.PodServiceAccountResource - [helmremo] Desired PodServiceAccountResource (serviceAccountName: hivemq-platform-pod-test-hivemq-platform)
2025-01-28 20:41:39,722 INFO c.h.h.t.HelmChartContainer - [hivemq-test-hivemq-platform] [hivemq-platform-operator] [bc18cdf9] 20:41:39.718 [pool-6-thread-50] DEBUG c.h.p.o.d.StatefulSetResource - [helmremo] Desired StatefulSet (1 replicas) for status STARTING (READY)
2025-01-28 20:41:39,801 INFO c.h.h.t.HelmChartContainer - [hivemq-test-hivemq-platform] [hivemq-platform-operator] [bc18cdf9] 20:41:39.799 [ReconcilerExecutor-hivemq-controller-114] INFO  c.h.p.o.HiveMQPlatformReconciler - [helmremo] Reconciling HiveMQ Platform 'test-hivemq-platform' in namespace 'helmremovenamespaceit'
2025-01-28 20:41:39,801 INFO c.h.h.t.HelmChartContainer - [hivemq-test-hivemq-platform] [hivemq-platform-operator] [bc18cdf9] 20:41:39.799 [ReconcilerExecutor-hivemq-controller-114] DEBUG c.h.p.o.HiveMQPlatformReconciler - [helmremo] Custom Resource Status STARTING - HiveMQ Platform is starting (READY)
2025-01-28 20:41:39,801 INFO c.h.h.t.HelmChartContainer - [hivemq-test-hivemq-platform] [hivemq-platform-operator] [bc18cdf9] 20:41:39.799 [ReconcilerExecutor-hivemq-controller-114] DEBUG c.h.p.o.HiveMQPlatformReconciler - [helmremo] Custom Resource Spec (replicas: 1) (extensions: 1)
2025-01-28 20:41:39,803 INFO c.h.h.t.HelmChartContainer - [hivemq-test-hivemq-platform] [hivemq-platform-operator] [bc18cdf9] 20:41:39.802 [ReconcilerExecutor-hivemq-controller-114] DEBUG c.h.p.o.HiveMQPlatformReconciler - [helmremo] StatefulSet Status (revision: test-hivemq-platform-bd687ff79, replicas: 1, available: 0, ready: 0, current: 1, updated: 1)
2025-01-28 20:41:39,804 INFO c.h.h.t.HelmChartContainer - [hivemq-test-hivemq-platform] [hivemq-platform-operator] [bc18cdf9] 20:41:39.802 [ReconcilerExecutor-hivemq-controller-114] DEBUG c.h.p.o.HiveMQPlatformReconciler - [helmremo] StatefulSet Spec (replicas: 1, init containers: 1, containers: 1, volumes: 3)
2025-01-28 20:41:39,805 INFO c.h.h.t.HelmChartContainer - [hivemq-test-hivemq-platform] [hivemq-platform-operator] [bc18cdf9] 20:41:39.804 [ReconcilerExecutor-hivemq-controller-114] DEBUG c.h.p.o.h.HiveMQPlatformReconcilerErrorHandler - [helmremo] Pod 'test-hivemq-platform-0' phase Running
2025-01-28 20:41:39,806 INFO c.h.h.t.HelmChartContainer - [hivemq-test-hivemq-platform] [hivemq-platform-operator] [bc18cdf9] 20:41:39.805 [ReconcilerExecutor-hivemq-controller-114] INFO  c.h.p.o.h.HiveMQPlatformReconcilerBaseHandler - [helmremo] HiveMQ Platform is starting, 0 of 1 replicas are ready
2025-01-28 20:41:40,074 INFO c.h.h.t.HelmChartContainer - [test-hivemq-platform] [hivemq] [304b5d79] INFO  - [HiveMQ Platform Operator Init App 1.7.0-SNAPSHOT] Returning Health API response 503 for readiness
2025-01-28 20:41:40,082 INFO c.h.h.t.HelmChartContainer - [EVENT] Warning [Unhealthy] Readiness probe failed: HTTP probe failed with statuscode: 503 [helmremovenamespaceit:test-hivemq-platform-0]
2025-01-28 20:41:40,082 INFO c.h.h.t.HelmChartContainer - Received Unhealthy event for container hivemq in pod test-hivemq-platform-0 [304b5d79-a9d0-4eb9-aff3-878253ae25bd]
2025-01-28 20:41:41,179 INFO c.h.h.t.HelmChartContainer - [test-hivemq-platform] [hivemq] [304b5d79] INFO  - wx80t: no members discovered after 2242 ms: creating cluster as first member
2025-01-28 20:41:41,186 INFO c.h.h.t.HelmChartContainer - [test-hivemq-platform] [hivemq] [304b5d79] INFO  - Cluster nodes found by discovery: [wx80t|0] (1) [wx80t].
2025-01-28 20:41:41,278 INFO c.h.h.t.HelmChartContainer - [test-hivemq-platform] [hivemq] [304b5d79] WARN  - No user for HiveMQ Control Center configured. Starting with default user
2025-01-28 20:41:41,279 INFO c.h.h.t.HelmChartContainer - [test-hivemq-platform] [hivemq] [304b5d79] INFO  - Starting HiveMQ Control Center on address 0.0.0.0 and port 8080
2025-01-28 20:41:41,286 INFO c.h.h.t.HelmChartContainer - [test-hivemq-platform] [hivemq] [304b5d79] INFO  - Mounting HiveMQ Control Center V2 Preview
2025-01-28 20:41:41,890 INFO c.h.h.t.HelmChartContainer - [test-hivemq-platform] [hivemq] [304b5d79] INFO  - Started HiveMQ Control Center in 613ms
2025-01-28 20:41:41,985 INFO c.h.h.t.HelmChartContainer - [test-hivemq-platform] [hivemq] [304b5d79] INFO  - Starting TCP listener on address 0.0.0.0 and port 1883
2025-01-28 20:41:42,079 INFO c.h.h.t.HelmChartContainer - [test-hivemq-platform] [hivemq] [304b5d79] INFO  - Started TCP Listener on address 0.0.0.0 and on port 1883.
2025-01-28 20:41:42,079 INFO c.h.h.t.HelmChartContainer - [test-hivemq-platform] [hivemq] [304b5d79] INFO  - Started HiveMQ in 31340ms
2025-01-28 20:41:44,589 INFO c.h.h.t.HelmChartContainer - [test-hivemq-platform] [hivemq] [304b5d79] INFO  - [HiveMQ Platform Operator Init App 1.7.0-SNAPSHOT] Returning Health API response 200 for readiness
2025-01-28 20:41:44,607 INFO c.h.h.t.HelmChartContainer - [POD] test-hivemq-platform-0 [304b5d79-a9d0-4eb9-aff3-878253ae25bd] in helmremovenamespaceit was MODIFIED
2025-01-28 20:41:44,618 INFO c.h.h.t.HelmChartContainer - [hivemq-test-hivemq-platform] [hivemq-platform-operator] [bc18cdf9] 20:41:44.613 [pool-6-thread-5] DEBUG c.h.p.o.d.PlatformServiceResource - [helmremo] Desired Platform services (3 services)
2025-01-28 20:41:44,618 INFO c.h.h.t.HelmChartContainer - [hivemq-test-hivemq-platform] [hivemq-platform-operator] [bc18cdf9] 20:41:44.616 [pool-6-thread-7] DEBUG c.h.p.o.dependants.PodInfoConfigMap - [helmremo] Desired PodInfo ConfigMap (1 extensions) (1 enabled)
2025-01-28 20:41:44,622 INFO c.h.h.t.HelmChartContainer - [hivemq-test-hivemq-platform] [hivemq-platform-operator] [bc18cdf9] 20:41:44.621 [pool-6-thread-7] DEBUG c.h.p.o.dependants.PodInfoConfigMap - [helmremo] Desired PodInfo ConfigMap (metrics port: 9399) (metrics path: /)
2025-01-28 20:41:44,624 INFO c.h.h.t.HelmChartContainer - [hivemq-test-hivemq-platform] [hivemq-platform-operator] [bc18cdf9] 20:41:44.622 [pool-6-thread-7] DEBUG c.h.p.o.dependants.PodInfoConfigMap - [helmremo] Desired PodInfo ConfigMap (extension state hash: -1817474005)
2025-01-28 20:41:44,625 INFO c.h.h.t.HelmChartContainer - [hivemq-test-hivemq-platform] [hivemq-platform-operator] [bc18cdf9] 20:41:44.620 [pool-6-thread-9] DEBUG c.h.p.o.d.PodServiceAccountResource - [helmremo] Desired PodServiceAccountResource (serviceAccountName: hivemq-platform-pod-test-hivemq-platform)
2025-01-28 20:41:44,698 INFO c.h.h.t.HelmChartContainer - [hivemq-test-hivemq-platform] [hivemq-platform-operator] [bc18cdf9] 20:41:44.696 [pool-6-thread-5] DEBUG c.h.p.o.d.StatefulSetResource - [helmremo] Desired StatefulSet (1 replicas) for status STARTING (READY)
2025-01-28 20:41:44,702 INFO c.h.h.t.HelmChartContainer - [hivemq-test-hivemq-platform] [hivemq-platform-operator] [bc18cdf9] 20:41:44.701 [ReconcilerExecutor-hivemq-controller-115] INFO  c.h.p.o.HiveMQPlatformReconciler - [helmremo] Reconciling HiveMQ Platform 'test-hivemq-platform' in namespace 'helmremovenamespaceit'
2025-01-28 20:41:44,703 INFO c.h.h.t.HelmChartContainer - [hivemq-test-hivemq-platform] [hivemq-platform-operator] [bc18cdf9] 20:41:44.701 [ReconcilerExecutor-hivemq-controller-115] DEBUG c.h.p.o.HiveMQPlatformReconciler - [helmremo] Custom Resource Status STARTING - HiveMQ Platform is starting (READY)
2025-01-28 20:41:44,703 INFO c.h.h.t.HelmChartContainer - [hivemq-test-hivemq-platform] [hivemq-platform-operator] [bc18cdf9] 20:41:44.701 [ReconcilerExecutor-hivemq-controller-115] DEBUG c.h.p.o.HiveMQPlatformReconciler - [helmremo] Custom Resource Spec (replicas: 1) (extensions: 1)
2025-01-28 20:41:44,704 INFO c.h.h.t.HelmChartContainer - [hivemq-test-hivemq-platform] [hivemq-platform-operator] [bc18cdf9] 20:41:44.703 [ReconcilerExecutor-hivemq-controller-115] DEBUG c.h.p.o.HiveMQPlatformReconciler - [helmremo] StatefulSet Status (revision: test-hivemq-platform-bd687ff79, replicas: 1, available: 1, ready: 1, current: 1, updated: 1)
2025-01-28 20:41:44,704 INFO c.h.h.t.HelmChartContainer - [hivemq-test-hivemq-platform] [hivemq-platform-operator] [bc18cdf9] 20:41:44.703 [ReconcilerExecutor-hivemq-controller-115] DEBUG c.h.p.o.HiveMQPlatformReconciler - [helmremo] StatefulSet Spec (replicas: 1, init containers: 1, containers: 1, volumes: 3)
2025-01-28 20:41:44,707 INFO c.h.h.t.HelmChartContainer - [hivemq-test-hivemq-platform] [hivemq-platform-operator] [bc18cdf9] 20:41:44.704 [ReconcilerExecutor-hivemq-controller-115] DEBUG c.h.p.o.h.HiveMQPlatformReconcilerErrorHandler - [helmremo] Pod 'test-hivemq-platform-0' phase Running
2025-01-28 20:41:44,707 INFO c.h.h.t.HelmChartContainer - [hivemq-test-hivemq-platform] [hivemq-platform-operator] [bc18cdf9] 20:41:44.705 [ReconcilerExecutor-hivemq-controller-115] INFO  c.h.p.o.h.HiveMQPlatformReconcilerBaseHandler - [helmremo] HiveMQ Platform started successfully
2025-01-28 20:41:44,806 INFO c.h.h.t.HelmChartContainer - [hivemq-test-hivemq-platform] [hivemq-platform-operator] [bc18cdf9] 20:41:44.805 [ReconcilerExecutor-hivemq-controller-115] DEBUG c.h.p.operator.event.EventSender - [helmremo] Creating K8s event hivemq-platform-ready: [Ready] HiveMQ Platform is ready
2025-01-28 20:41:44,810 INFO c.h.h.t.HelmChartContainer - [EVENT] Normal [Ready] HiveMQ Platform is ready [helmremovenamespaceit:test-hivemq-platform]
2025-01-28 20:41:44,813 INFO c.h.h.t.HelmChartContainer - [hivemq-test-hivemq-platform] [hivemq-platform-operator] [bc18cdf9] 20:41:44.810 [ReconcilerExecutor-hivemq-controller-115] INFO  c.h.p.o.h.AbstractHiveMQReconcilerStateHandler - [helmremo] Update HiveMQ Platform Status (STARTING [READY] -> RUNNING [READY]): HiveMQ Platform is ready
2025-01-28 20:41:44,821 DEBUG com.hivemq.helmcharts.util.K8sUtil - Comparing actual state 'RUNNING' and waiting for 'RUNNING'
2025-01-28 20:41:44,901 INFO c.h.h.t.HelmChartContainer - [hivemq-test-hivemq-platform] [hivemq-platform-operator] [bc18cdf9] 20:41:44.899 [pool-6-thread-19] DEBUG c.h.p.o.d.PlatformServiceResource - [helmremo] Desired Platform services (3 services)
2025-01-28 20:41:44,904 INFO c.h.h.t.HelmChartContainer - [hivemq-test-hivemq-platform] [hivemq-platform-operator] [bc18cdf9] 20:41:44.902 [pool-6-thread-14] DEBUG c.h.p.o.dependants.PodInfoConfigMap - [helmremo] Desired PodInfo ConfigMap (1 extensions) (1 enabled)
2025-01-28 20:41:44,904 INFO c.h.h.t.HelmChartContainer - [hivemq-test-hivemq-platform] [hivemq-platform-operator] [bc18cdf9] 20:41:44.902 [pool-6-thread-14] DEBUG c.h.p.o.dependants.PodInfoConfigMap - [helmremo] Desired PodInfo ConfigMap (metrics port: 9399) (metrics path: /)
2025-01-28 20:41:44,904 INFO c.h.h.t.HelmChartContainer - [hivemq-test-hivemq-platform] [hivemq-platform-operator] [bc18cdf9] 20:41:44.902 [pool-6-thread-14] DEBUG c.h.p.o.dependants.PodInfoConfigMap - [helmremo] Desired PodInfo ConfigMap (extension state hash: -1817474005)
2025-01-28 20:41:44,904 INFO c.h.h.t.HelmChartContainer - [hivemq-test-hivemq-platform] [hivemq-platform-operator] [bc18cdf9] 20:41:44.902 [pool-6-thread-14] DEBUG c.h.p.o.dependants.PodInfoConfigMap - [helmremo] Update PodInfo ConfigMap
2025-01-28 20:41:44,906 INFO c.h.h.t.HelmChartContainer - [hivemq-test-hivemq-platform] [hivemq-platform-operator] [bc18cdf9] 20:41:44.904 [pool-6-thread-11] DEBUG c.h.p.o.d.PodServiceAccountResource - [helmremo] Desired PodServiceAccountResource (serviceAccountName: hivemq-platform-pod-test-hivemq-platform)
2025-01-28 20:41:44,973 INFO c.h.h.t.HelmChartContainer - [hivemq-test-hivemq-platform] [hivemq-platform-operator] [bc18cdf9] 20:41:44.971 [pool-6-thread-14] DEBUG c.h.p.o.d.StatefulSetResource - [helmremo] Desired StatefulSet (1 replicas) for status RUNNING (READY)
2025-01-28 20:41:45,000 INFO c.h.h.t.HelmChartContainer - [hivemq-test-hivemq-platform] [hivemq-platform-operator] [bc18cdf9] 20:41:44.998 [ReconcilerExecutor-hivemq-controller-116] INFO  c.h.p.o.HiveMQPlatformReconciler - [helmremo] Reconciling HiveMQ Platform 'test-hivemq-platform' in namespace 'helmremovenamespaceit'
2025-01-28 20:41:45,000 INFO c.h.h.t.HelmChartContainer - [hivemq-test-hivemq-platform] [hivemq-platform-operator] [bc18cdf9] 20:41:44.998 [ReconcilerExecutor-hivemq-controller-116] DEBUG c.h.p.o.HiveMQPlatformReconciler - [helmremo] Custom Resource Status RUNNING - HiveMQ Platform is ready (READY)
2025-01-28 20:41:45,000 INFO c.h.h.t.HelmChartContainer - [hivemq-test-hivemq-platform] [hivemq-platform-operator] [bc18cdf9] 20:41:44.998 [ReconcilerExecutor-hivemq-controller-116] DEBUG c.h.p.o.HiveMQPlatformReconciler - [helmremo] Custom Resource Spec (replicas: 1) (extensions: 1)
2025-01-28 20:41:45,003 INFO c.h.h.t.HelmChartContainer - [hivemq-test-hivemq-platform] [hivemq-platform-operator] [bc18cdf9] 20:41:45.000 [ReconcilerExecutor-hivemq-controller-116] DEBUG c.h.p.o.HiveMQPlatformReconciler - [helmremo] StatefulSet Status (revision: test-hivemq-platform-bd687ff79, replicas: 1, available: 1, ready: 1, current: 1, updated: 1)
2025-01-28 20:41:45,003 INFO c.h.h.t.HelmChartContainer - [hivemq-test-hivemq-platform] [hivemq-platform-operator] [bc18cdf9] 20:41:45.000 [ReconcilerExecutor-hivemq-controller-116] DEBUG c.h.p.o.HiveMQPlatformReconciler - [helmremo] StatefulSet Spec (replicas: 1, init containers: 1, containers: 1, volumes: 3)
2025-01-28 20:41:45,004 INFO c.h.h.t.HelmChartContainer - [hivemq-test-hivemq-platform] [hivemq-platform-operator] [bc18cdf9] 20:41:45.002 [ReconcilerExecutor-hivemq-controller-116] DEBUG c.h.p.o.h.HiveMQPlatformReconcilerErrorHandler - [helmremo] Pod 'test-hivemq-platform-0' phase Running
2025-01-28 20:41:45,007 INFO c.h.h.t.HelmChartContainer - [hivemq-test-hivemq-platform] [hivemq-platform-operator] [bc18cdf9] 20:41:45.006 [ReconcilerExecutor-hivemq-controller-117] INFO  c.h.p.o.HiveMQPlatformReconciler - [helmremo] Cleanup test-hivemq-platform - helmremovenamespaceit HiveMQ Platform is shut down
2025-01-28 20:41:45,043 INFO c.h.h.t.HelmChartContainer - [K3S] [stateful_set.go:466] "StatefulSet has been deleted" key="helmremovenamespaceit/test-hivemq-platform"
2025-01-28 20:41:45,066 INFO c.h.h.t.HelmChartContainer - [POD] test-hivemq-platform-0 [304b5d79-a9d0-4eb9-aff3-878253ae25bd] in helmremovenamespaceit was MODIFIED
2025-01-28 20:41:45,463 INFO c.h.h.t.HelmChartContainer - [test-hivemq-platform] [hivemq] [304b5d79] INFO  - [HiveMQ Platform Operator Init App 1.7.0-SNAPSHOT] Shutting down
2025-01-28 20:41:45,463 INFO c.h.h.t.HelmChartContainer - [test-hivemq-platform] [hivemq] [304b5d79] INFO  - [HiveMQ Platform Operator Init App 1.7.0-SNAPSHOT] Stopping the HiveMQ Platform
2025-01-28 20:41:45,548 INFO c.h.h.t.HelmChartContainer - [test-hivemq-platform] [hivemq] [304b5d79] INFO  - Shutting down HiveMQ. Please wait, this could take a while...
2025-01-28 20:41:45,576 INFO c.h.h.t.HelmChartContainer - [test-hivemq-platform] [hivemq] [304b5d79] INFO  - Shutting down listeners and clients
2025-01-28 20:41:45,576 INFO c.h.h.t.HelmChartContainer - [test-hivemq-platform] [hivemq] [304b5d79] INFO  - Shutdown of listeners is done
2025-01-28 20:41:45,576 INFO c.h.h.t.HelmChartContainer - [test-hivemq-platform] [hivemq] [304b5d79] INFO  - No clients are connected, proceeding with shutdown
2025-01-28 20:41:48,387 INFO c.h.h.t.HelmChartContainer - [test-hivemq-platform] [hivemq] [304b5d79] INFO  - Shutting down extension system
2025-01-28 20:41:48,393 INFO c.h.h.t.HelmChartContainer - [test-hivemq-platform] [hivemq] [304b5d79] INFO  - Stopping extension with id hivemq-dns-cluster-discovery
2025-01-28 20:41:48,395 INFO c.h.h.t.HelmChartContainer - [test-hivemq-platform] [hivemq] [304b5d79] INFO  - Extension "DNS Cluster Discovery Extension" version 4.3.2 stopped successfully.
2025-01-28 20:41:48,395 INFO c.h.h.t.HelmChartContainer - [test-hivemq-platform] [hivemq] [304b5d79] INFO  - Stopping extension with id hivemq-prometheus-extension
2025-01-28 20:41:48,399 INFO c.h.h.t.HelmChartContainer - [test-hivemq-platform] [hivemq] [304b5d79] INFO  - Extension "Prometheus Monitoring Extension" version 4.0.12 stopped successfully.
2025-01-28 20:41:48,400 INFO c.h.h.t.HelmChartContainer - [test-hivemq-platform] [hivemq] [304b5d79] INFO  - Stopping extension with id hivemq-allow-all-extension
2025-01-28 20:41:48,402 INFO c.h.h.t.HelmChartContainer - [test-hivemq-platform] [hivemq] [304b5d79] INFO  - Extension "Allow All Extension" version 1.1.1 stopped successfully.
2025-01-28 20:41:49,586 INFO c.h.h.t.HelmChartContainer - [test-hivemq-platform] [hivemq] [304b5d79] INFO  - [HiveMQ Platform Operator Init App 1.7.0-SNAPSHOT] Returning shutdown Health API response 503 for readiness
2025-01-28 20:41:49,590 INFO c.h.h.t.HelmChartContainer - [EVENT] Warning [Unhealthy] Readiness probe failed: HTTP probe failed with statuscode: 503 [helmremovenamespaceit:test-hivemq-platform-0]
2025-01-28 20:41:49,590 INFO c.h.h.t.HelmChartContainer - Received Unhealthy event for container hivemq in pod test-hivemq-platform-0 [304b5d79-a9d0-4eb9-aff3-878253ae25bd]
2025-01-28 20:41:49,983 INFO c.h.h.t.HelmChartContainer - [K3S] [authentication.go:74] "Unable to authenticate the request" err="[invalid bearer token, serviceaccounts \"hivemq-platform-pod-test-hivemq-platform\" not found]"
2025-01-28 20:41:50,004 INFO c.h.h.t.HelmChartContainer - [K3S] [authentication.go:74] "Unable to authenticate the request" err="[invalid bearer token, serviceaccounts \"hivemq-platform-pod-test-hivemq-platform\" not found]"
2025-01-28 20:41:50,073 INFO c.h.h.t.HelmChartContainer - [test-hivemq-platform] [hivemq] [304b5d79] WARN  - [HiveMQ Platform Operator Init App 1.7.0-SNAPSHOT] Could not update Pod annotations: Failure executing: GET at: https://10.43.0.1:443/api/v1/namespaces/helmremovenamespaceit/pods/test-hivemq-platform-0. Message: Unauthorized. Received status: Status(apiVersion=v1, code=401, details=null, kind=Status, message=Unauthorized, metadata=ListMeta(_continue=null, remainingItemCount=null, resourceVersion=null, selfLink=null, additionalProperties={}), reason=Unauthorized, status=Failure, additionalProperties={}).
2025-01-28 20:41:50,740 INFO c.h.h.t.HelmChartContainer - [test-hivemq-platform] [hivemq] [304b5d79] INFO  - Shutdown completed.
2025-01-28 20:41:51,087 INFO c.h.h.t.HelmChartContainer - [test-hivemq-platform] [hivemq] [304b5d79] INFO  - [HiveMQ Platform Operator Init App 1.7.0-SNAPSHOT] The HiveMQ Platform exited with code 143
2025-01-28 20:41:51,088 INFO c.h.h.t.HelmChartContainer - [test-hivemq-platform] [hivemq] [304b5d79] INFO  - [HiveMQ Platform Operator Init App 1.7.0-SNAPSHOT] Stopping the REST API
2025-01-28 20:41:51,096 INFO c.h.h.t.HelmChartContainer - [test-hivemq-platform] [hivemq] [304b5d79] INFO  - [HiveMQ Platform Operator Init App 1.7.0-SNAPSHOT] Shutdown complete
2025-01-28 20:41:51,550 INFO c.h.h.t.HelmChartContainer - [POD] test-hivemq-platform-0 [304b5d79-a9d0-4eb9-aff3-878253ae25bd] in helmremovenamespaceit was MODIFIED
2025-01-28 20:41:51,609 INFO c.h.h.t.HelmChartContainer - [K3S] [reconciler_common.go:162] "operationExecutor.UnmountVolume started for volume \"operator-init\" (UniqueName: \"kubernetes.io/empty-dir/304b5d79-a9d0-4eb9-aff3-878253ae25bd-operator-init\") pod \"304b5d79-a9d0-4eb9-aff3-878253ae25bd\" (UID: \"304b5d79-a9d0-4eb9-aff3-878253ae25bd\") "
2025-01-28 20:41:51,609 INFO c.h.h.t.HelmChartContainer - [K3S] [reconciler_common.go:162] "operationExecutor.UnmountVolume started for volume \"pod-info\" (UniqueName: \"kubernetes.io/configmap/304b5d79-a9d0-4eb9-aff3-878253ae25bd-pod-info\") pod \"304b5d79-a9d0-4eb9-aff3-878253ae25bd\" (UID: \"304b5d79-a9d0-4eb9-aff3-878253ae25bd\") "
2025-01-28 20:41:51,609 INFO c.h.h.t.HelmChartContainer - [K3S] [reconciler_common.go:162] "operationExecutor.UnmountVolume started for volume \"kube-api-access-4g7kd\" (UniqueName: \"kubernetes.io/projected/304b5d79-a9d0-4eb9-aff3-878253ae25bd-kube-api-access-4g7kd\") pod \"304b5d79-a9d0-4eb9-aff3-878253ae25bd\" (UID: \"304b5d79-a9d0-4eb9-aff3-878253ae25bd\") "
2025-01-28 20:41:51,609 INFO c.h.h.t.HelmChartContainer - [K3S] [reconciler_common.go:162] "operationExecutor.UnmountVolume started for volume \"broker-configuration\" (UniqueName: \"kubernetes.io/configmap/304b5d79-a9d0-4eb9-aff3-878253ae25bd-broker-configuration\") pod \"304b5d79-a9d0-4eb9-aff3-878253ae25bd\" (UID: \"304b5d79-a9d0-4eb9-aff3-878253ae25bd\") "
2025-01-28 20:41:51,710 INFO c.h.h.t.HelmChartContainer - [K3S] [reconciler_common.go:299] "Volume detached for volume \"pod-info\" (UniqueName: \"kubernetes.io/configmap/304b5d79-a9d0-4eb9-aff3-878253ae25bd-pod-info\") on node \"3de41117d5a7\" DevicePath \"\""
2025-01-28 20:41:51,710 INFO c.h.h.t.HelmChartContainer - [K3S] [reconciler_common.go:299] "Volume detached for volume \"kube-api-access-4g7kd\" (UniqueName: \"kubernetes.io/projected/304b5d79-a9d0-4eb9-aff3-878253ae25bd-kube-api-access-4g7kd\") on node \"3de41117d5a7\" DevicePath \"\""
2025-01-28 20:41:51,710 INFO c.h.h.t.HelmChartContainer - [K3S] [reconciler_common.go:299] "Volume detached for volume \"broker-configuration\" (UniqueName: \"kubernetes.io/configmap/304b5d79-a9d0-4eb9-aff3-878253ae25bd-broker-configuration\") on node \"3de41117d5a7\" DevicePath \"\""
2025-01-28 20:41:51,710 INFO c.h.h.t.HelmChartContainer - [K3S] [reconciler_common.go:299] "Volume detached for volume \"operator-init\" (UniqueName: \"kubernetes.io/empty-dir/304b5d79-a9d0-4eb9-aff3-878253ae25bd-operator-init\") on node \"3de41117d5a7\" DevicePath \"\""
2025-01-28 20:41:52,102 INFO c.h.h.t.HelmChartContainer - Stopped log watcher for hivemq in pod test-hivemq-platform-0 [304b5d79-a9d0-4eb9-aff3-878253ae25bd]
2025-01-28 20:41:52,469 INFO c.h.h.t.HelmChartContainer - [K3S] [scope.go:117] "RemoveContainer" containerID="8f6f5330795d111926917a950d5f6135b927ba6a9240c157d4c8dfdc77accc27"
2025-01-28 20:41:52,487 INFO c.h.h.t.HelmChartContainer - [POD] test-hivemq-platform-0 [304b5d79-a9d0-4eb9-aff3-878253ae25bd] in helmremovenamespaceit was MODIFIED
2025-01-28 20:41:52,487 INFO c.h.h.t.HelmChartContainer - [POD] test-hivemq-platform-0 [304b5d79-a9d0-4eb9-aff3-878253ae25bd] in helmremovenamespaceit was DELETED
2025-01-28 20:41:52,568 INFO c.h.h.t.HelmChartContainer - [K3S] [scope.go:117] "RemoveContainer" containerID="f456e3e1b02da1996c4cb998eaaf9674c94c3654b96a8516823f1ff4f929736e"
2025-01-28 20:41:52,571 INFO c.h.h.t.HelmChartContainer - [K3S] [scope.go:117] "RemoveContainer" containerID="8f6f5330795d111926917a950d5f6135b927ba6a9240c157d4c8dfdc77accc27"
2025-01-28 20:41:52,572 INFO c.h.h.t.HelmChartContainer - [K3S] [scope.go:117] "RemoveContainer" containerID="f456e3e1b02da1996c4cb998eaaf9674c94c3654b96a8516823f1ff4f929736e"
2025-01-28 20:41:54,290 INFO c.h.h.t.HelmChartContainer - [K3S] [kubelet_volumes.go:163] "Cleaned up orphaned pod volumes dir" podUID="304b5d79-a9d0-4eb9-aff3-878253ae25bd" path="/var/lib/kubelet/pods/304b5d79-a9d0-4eb9-aff3-878253ae25bd/volumes"
2025-01-28 20:41:56,858 INFO c.h.h.t.HelmChartContainer - Uninstalling release 'test-hivemq-platform-operator' in namespace 'helmremovenamespaceit-operator'...
2025-01-28 20:41:56,858 DEBUG c.h.h.t.HelmChartContainer - Executing helm command: /bin/helm --kubeconfig /etc/rancher/k3s/k3s.yaml uninstall test-hivemq-platform-operator  --wait --timeout 5m0s --cascade foreground --namespace helmremovenamespaceit-operator
2025-01-28 20:41:57,016 INFO c.h.h.t.HelmChartContainer - [K3S] [replica_set.go:679] "Finished syncing" kind="ReplicaSet" key="helmremovenamespaceit-operator/hivemq-test-hivemq-platform-operator-6966f96d65" duration="7.220628ms"
2025-01-28 20:41:57,016 INFO c.h.h.t.HelmChartContainer - [K3S] [replica_set.go:679] "Finished syncing" kind="ReplicaSet" key="helmremovenamespaceit-operator/hivemq-test-hivemq-platform-operator-6966f96d65" duration="36.438µs"
2025-01-28 20:41:57,032 INFO c.h.h.t.HelmChartContainer - [POD] hivemq-test-hivemq-platform-operator-6966f96d65-rxm4t [bc18cdf9-9f68-4aa1-a6bd-fe33999ca874] in helmremovenamespaceit-operator was MODIFIED
2025-01-28 20:41:57,049 INFO c.h.h.t.HelmChartContainer - [hivemq-test-hivemq-platform] [hivemq-platform-operator] [bc18cdf9] 20:41:57.047 [application-shutdown-thread] INFO  c.h.p.o.HiveMQPlatformOperatorApplication - HiveMQ Platform Operator is stopping...
2025-01-28 20:41:57,049 INFO c.h.h.t.HelmChartContainer - [hivemq-test-hivemq-platform] [hivemq-platform-operator] [bc18cdf9] 20:41:57.047 [application-shutdown-thread] INFO  i.javaoperatorsdk.operator.Operator - Operator SDK 4.9.7 is shutting down...
2025-01-28 20:41:57,049 INFO c.h.h.t.HelmChartContainer - [EVENT] Normal [Killing] Stopping container hivemq-platform-operator [helmremovenamespaceit-operator:hivemq-test-hivemq-platform-operator-6966f96d65-rxm4t]
2025-01-28 20:41:57,049 INFO c.h.h.t.HelmChartContainer - Received Killing event for container hivemq-platform-operator in pod hivemq-test-hivemq-platform-operator-6966f96d65-rxm4t [bc18cdf9-9f68-4aa1-a6bd-fe33999ca874]
2025-01-28 20:41:57,049 INFO c.h.h.t.HelmChartContainer - Container [hivemq-test-hivemq-platform-operator-6966f96d65-rxm4t] [hivemq-platform-operator] [bc18cdf9-9f68-4aa1-a6bd-fe33999ca874] was terminated
2025-01-28 20:41:57,049 INFO c.h.h.t.HelmChartContainer - Stopped log watcher for hivemq-platform-operator in pod hivemq-test-hivemq-platform-operator-6966f96d65-rxm4t [bc18cdf9-9f68-4aa1-a6bd-fe33999ca874]
2025-01-28 20:41:57,059 INFO c.h.h.t.HelmChartContainer - [K3S] [replica_set.go:679] "Finished syncing" kind="ReplicaSet" key="helmremovenamespaceit-operator/hivemq-test-hivemq-platform-operator-6966f96d65" duration="17.516036ms"
2025-01-28 20:41:57,060 INFO c.h.h.t.HelmChartContainer - [K3S] [replica_set.go:679] "Finished syncing" kind="ReplicaSet" key="helmremovenamespaceit-operator/hivemq-test-hivemq-platform-operator-6966f96d65" duration="43.17µs"
2025-01-28 20:41:57,535 INFO c.h.h.t.HelmChartContainer - [K3S] [replica_set.go:679] "Finished syncing" kind="ReplicaSet" key="helmremovenamespaceit-operator/hivemq-test-hivemq-platform-operator-6966f96d65" duration="44.634µs"
2025-01-28 20:41:57,535 INFO c.h.h.t.HelmChartContainer - [POD] hivemq-test-hivemq-platform-operator-6966f96d65-rxm4t [bc18cdf9-9f68-4aa1-a6bd-fe33999ca874] in helmremovenamespaceit-operator was MODIFIED
2025-01-28 20:41:57,544 INFO c.h.h.t.HelmChartContainer - [K3S] [reconciler_common.go:162] "operationExecutor.UnmountVolume started for volume \"kube-api-access-nk8rk\" (UniqueName: \"kubernetes.io/projected/bc18cdf9-9f68-4aa1-a6bd-fe33999ca874-kube-api-access-nk8rk\") pod \"bc18cdf9-9f68-4aa1-a6bd-fe33999ca874\" (UID: \"bc18cdf9-9f68-4aa1-a6bd-fe33999ca874\") "
2025-01-28 20:41:57,645 INFO c.h.h.t.HelmChartContainer - [K3S] [reconciler_common.go:299] "Volume detached for volume \"kube-api-access-nk8rk\" (UniqueName: \"kubernetes.io/projected/bc18cdf9-9f68-4aa1-a6bd-fe33999ca874-kube-api-access-nk8rk\") on node \"3de41117d5a7\" DevicePath \"\""
2025-01-28 20:41:58,479 INFO c.h.h.t.HelmChartContainer - [K3S] [scope.go:117] "RemoveContainer" containerID="7494d76a0862700d5b54e8cce0026b7006b61e8f931efd4822e27878bf77d6ff"
2025-01-28 20:41:58,487 INFO c.h.h.t.HelmChartContainer - [K3S] [replica_set.go:679] "Finished syncing" kind="ReplicaSet" key="helmremovenamespaceit-operator/hivemq-test-hivemq-platform-operator-6966f96d65" duration="42.289µs"
2025-01-28 20:41:58,489 INFO c.h.h.t.HelmChartContainer - [POD] hivemq-test-hivemq-platform-operator-6966f96d65-rxm4t [bc18cdf9-9f68-4aa1-a6bd-fe33999ca874] in helmremovenamespaceit-operator was MODIFIED
2025-01-28 20:41:58,490 INFO c.h.h.t.HelmChartContainer - [K3S] [replica_set.go:679] "Finished syncing" kind="ReplicaSet" key="helmremovenamespaceit-operator/hivemq-test-hivemq-platform-operator-6966f96d65" duration="33.863µs"
2025-01-28 20:41:58,491 INFO c.h.h.t.HelmChartContainer - [POD] hivemq-test-hivemq-platform-operator-6966f96d65-rxm4t [bc18cdf9-9f68-4aa1-a6bd-fe33999ca874] in helmremovenamespaceit-operator was DELETED
2025-01-28 20:41:58,502 INFO c.h.h.t.HelmChartContainer - [K3S] [replica_set.go:679] "Finished syncing" kind="ReplicaSet" key="helmremovenamespaceit-operator/hivemq-test-hivemq-platform-operator-6966f96d65" duration="6.863µs"
2025-01-28 20:41:59,057 INFO c.h.h.t.HelmChartContainer - Deleting namespace 'helmremovenamespaceit-operator'...
2025-01-28 20:42:00,080 INFO c.h.h.t.HelmChartContainer - [K3S] [namespace_controller.go:187] "Namespace has been deleted" namespace="helmremovenamespaceit"
2025-01-28 20:42:00,289 INFO c.h.h.t.HelmChartContainer - [K3S] [kubelet_volumes.go:163] "Cleaned up orphaned pod volumes dir" podUID="bc18cdf9-9f68-4aa1-a6bd-fe33999ca874" path="/var/lib/kubelet/pods/bc18cdf9-9f68-4aa1-a6bd-fe33999ca874/volumes"
2025-01-28 20:42:04,278 INFO c.h.h.t.HelmChartContainer - Namespace 'helmremovenamespaceit-operator' deleted
2025-01-28 20:42:04,278 INFO c.h.h.t.HelmChartContainer - Release 'test-hivemq-platform-operator' in namespace 'helmremovenamespaceit-operator' is uninstalled
2025-01-28 20:42:05,108 INFO c.h.helmcharts.AbstractHelmChartIT - Removed unused containers:

2025-01-28 20:42:09,180 INFO c.h.h.t.HelmChartContainer - [K3S] [namespace_controller.go:187] "Namespace has been deleted" namespace="helmremovenamespaceit-operator"
2025-01-28 20:42:12,832 INFO c.h.helmcharts.AbstractHelmChartIT - Removed unused snapshots:
Removing snapshot sha256:03af251906410714c5aef9fa705b63f6bbc39c4a5e787de7361eeb18886c2ed2
Removing snapshot sha256:0c46b3b43cce082ce5ec34ffc6c294e0417d17b9d1e6f366d114b6aadc4f96dc
Removing snapshot sha256:0ce761beee59082d6ed5bcebd3a805b8ddd9b3426b617e4809e7fb7c6587ffec
Removing snapshot sha256:0df91287303208332c8ff6ba40ae4710105201739addbfbddfb955f1ad593664
Removing snapshot sha256:1021ef88c7974bfff89c5a0ec4fd3160daac6c48a075f74cff721f85dd104e68
Removing snapshot sha256:10aba4953ddc18145dd38e3704709bc464aa20af60b56fe52caaff4b68411e62
Removing snapshot sha256:1af22c17eb17e8efc437867ff034318d4438c0782c829c4eadfc4232a7a46cd8
Removing snapshot sha256:362a8a37f8bbc31925a8146adcf7cf51f9882f5c1dcbef67c5baa03a297543c0
Removing snapshot sha256:43a7c979bbaba6838bc3102d6b10a1459f3ab050b87ccdfef84ef90cf43d3058
Removing snapshot sha256:4629ab901c96de1b058b1a1ab92fab996da245433f964cb6d8fcfa9c8984c4fe
Removing snapshot sha256:4ab04491cdf0d3267f08206fe30bd48f49f94b9cab2f016d6739220f722a64af
Removing snapshot sha256:4b6068250e89c96f263060261819c7d912855bfbd64b3eb4c4a8483299b8c295
Removing snapshot sha256:580e69a0a8034ede1921139bbd2bfb72a69ebf276d008281896c32dd8bf74775
Removing snapshot sha256:5d30ba46b27fe37484567ccc5242cadc78217b8da605f3f195ef25cbf7487904
Removing snapshot sha256:63ca1fbb43ae5034640e5e6cb3e083e05c290072c5366fcaa9d62435a4cced85
Removing snapshot sha256:67f702c6baae873bceb19487c8b1f27bd2b86077e4f2f0e480e6d60ab508b8f5
Removing snapshot sha256:6864348dd42806d552efdec384f1274be15e2d0c10ce44c1f04347af004c10a9
Removing snapshot sha256:6c7dee8f2c39b84b7dc2711c01d33de93514d9055499173e9290176fbe484b6c
Removing snapshot sha256:82753493a6d61ded36556292f02f31841a14c20d2f279f19eaad65afb661d5cd
Removing snapshot sha256:8a10d3db42c505ee0fcfa98417bdd7e39b304f6bcc0a06bb1b220797ff2cc63c
Removing snapshot sha256:a21e5b12dbac529ad45d976eb9ce45c881f3bedcc500fb30aba1e52aa1813418
Removing snapshot sha256:b921e6c28969094157f9b8e7244677780319637afd14450b7cb6b2fdea558a0c
Removing snapshot sha256:bc27ecb5769a00e309cf99ebc763c4a4b958b618d1decc96ffac5bc05f02f5b7
Removing snapshot sha256:be3ccb6627a5332e309d45ef461d09b4879dd870c7394d89323d0ebc6ca6aa8a
Removing snapshot sha256:c261f7cbbc64211ee175ee47273acdb7b1a36a4450b397a064a8f2c026490095
Removing snapshot sha256:c34d9393647eea0c9e3557ab988efaf59f61d10a2a5613b439ef0958cca5ec10
Removing snapshot sha256:ccf3c4a0fa967a41c1c83497a2ce6fa5787965859df0adb32c4ca2cf7490bc2b
Removing snapshot sha256:cf92d33f869417309692088c341cd0f223c178ea78a125f757317b22aa8f90e9
Removing snapshot sha256:d0037344cf2fb078884f1849f6a1f8cf9a33a3b6139b6a85833e5ee528e1f9a8
Removing snapshot sha256:d3b36d5b79273b1e98e7700470eaeff05a882e777124d84cebcc1505b85ecb36
Removing snapshot sha256:d65a44a37914602d12c611e5e22a50f11451d847e63015cc1c2aef92dee777a4
Removing snapshot sha256:e2dc0bae2455930f23ae570e019b7f32edc75c0f2d71cab084db837ff9051796
Removing snapshot sha256:eccbd24a99c60cd9e86ee5305dbfc4a4dc89f5ab4fb1f06c8d64797cecedef34
Removing snapshot sha256:f144bb4c7c7f0d2aa7eeffd36d934ec40db1ee167be727e326aad9fdc616f475

]]></system-out>
  </testcase>
  <system-out><![CDATA[2025-01-28 20:39:52,133 INFO c.h.h.t.HelmChartContainerExtension - Using cached HelmChartContainer instance
2025-01-28 20:39:52,139 INFO c.h.h.t.HelmChartContainerExtension - Creating cached HelmChartContainer instance
2025-01-28 20:39:52,163 INFO o.testcontainers.DockerClientFactory - Testcontainers version: 1.20.4
2025-01-28 20:39:52,592 INFO o.t.d.DockerClientProviderStrategy - Found Docker environment with local Unix socket (unix:///var/run/docker.sock)
2025-01-28 20:39:52,599 INFO o.testcontainers.DockerClientFactory - Docker host IP address is localhost
2025-01-28 20:39:52,613 INFO o.testcontainers.DockerClientFactory - Connected to docker: 
  Server Version: 26.1.3
  API Version: 1.45
  Operating System: Ubuntu 24.04.1 LTS
  Total Memory: 15990 MB
2025-01-28 20:39:52,619 INFO o.testcontainers.images.PullPolicy - Image pull policy will be performed by: DefaultPullPolicy()
2025-01-28 20:39:52,621 INFO o.t.utility.ImageNameSubstitutor - Image name substitution will be performed by: DefaultImageNameSubstitutor (composite of 'ConfigurationFileImageNameSubstitutor' and 'PrefixingImageNameSubstitutor')
2025-01-28 20:39:52,646 INFO tc.testcontainers/ryuk:0.11.0 - Pulling docker image: testcontainers/ryuk:0.11.0. Please be patient; this may take some time but only needs to be done once.
2025-01-28 20:39:52,969 INFO tc.testcontainers/ryuk:0.11.0 - Starting to pull image
2025-01-28 20:39:52,985 INFO tc.testcontainers/ryuk:0.11.0 - Pulling image layers:  0 pending,  0 downloaded,  0 extracted, (0 bytes/0 bytes)
2025-01-28 20:39:53,159 INFO tc.testcontainers/ryuk:0.11.0 - Pulling image layers:  2 pending,  1 downloaded,  0 extracted, (879 KB/? MB)
2025-01-28 20:39:53,161 INFO tc.testcontainers/ryuk:0.11.0 - Pulling image layers:  1 pending,  2 downloaded,  0 extracted, (879 KB/? MB)
2025-01-28 20:39:53,197 INFO tc.testcontainers/ryuk:0.11.0 - Pulling image layers:  0 pending,  3 downloaded,  0 extracted, (906 KB/10 MB)
2025-01-28 20:39:53,263 INFO tc.testcontainers/ryuk:0.11.0 - Pulling image layers:  0 pending,  3 downloaded,  1 extracted, (4 MB/10 MB)
2025-01-28 20:39:53,406 INFO tc.testcontainers/ryuk:0.11.0 - Pulling image layers:  0 pending,  3 downloaded,  2 extracted, (4 MB/10 MB)
2025-01-28 20:39:53,449 INFO tc.testcontainers/ryuk:0.11.0 - Pulling image layers:  0 pending,  3 downloaded,  3 extracted, (10 MB/10 MB)
2025-01-28 20:39:53,455 INFO tc.testcontainers/ryuk:0.11.0 - Image testcontainers/ryuk:0.11.0 pull took PT0.808459857S
2025-01-28 20:39:53,478 INFO tc.testcontainers/ryuk:0.11.0 - Creating container for image: testcontainers/ryuk:0.11.0
2025-01-28 20:39:53,543 INFO tc.testcontainers/ryuk:0.11.0 - Container testcontainers/ryuk:0.11.0 is starting: 89a65c27c5f91c96344abc597df3ba52ff1c3c543f9b038345bb1afceefc9188
2025-01-28 20:39:53,784 INFO tc.testcontainers/ryuk:0.11.0 - Container testcontainers/ryuk:0.11.0 started in PT0.306754957S
2025-01-28 20:39:53,788 INFO o.t.utility.RyukResourceReaper - Ryuk started - will monitor and terminate Testcontainers containers on JVM exit
2025-01-28 20:39:53,788 INFO o.testcontainers.DockerClientFactory - Checking the system...
2025-01-28 20:39:53,789 INFO o.testcontainers.DockerClientFactory - ✔︎ Docker server version should be at least 1.6.0
2025-01-28 20:39:53,870 INFO o.t.i.builder.ImageFromDockerfile - Pre-emptively checking local images for 'ubuntu:noble-20241118.1@sha256:80dd3c3b9c6cecb9f1667e9290b3bc61b78c2678c02cbdae5f0fea92cc6734ab', referenced via a Dockerfile. If not available, it will be pulled.
2025-01-28 20:39:53,872 INFO t.u.1@sha256:80dd3c... - Pulling docker image: ubuntu:noble-20241118.1@sha256:80dd3c3b9c6cecb9f1667e9290b3bc61b78c2678c02cbdae5f0fea92cc6734ab. Please be patient; this may take some time but only needs to be done once.
2025-01-28 20:39:54,035 INFO t.u.1@sha256:80dd3c... - Starting to pull image
2025-01-28 20:39:54,036 INFO t.u.1@sha256:80dd3c... - Pulling image layers:  0 pending,  0 downloaded,  0 extracted, (0 bytes/0 bytes)
2025-01-28 20:39:54,443 INFO t.u.1@sha256:80dd3c... - Pulling image layers:  0 pending,  1 downloaded,  0 extracted, (20 MB/28 MB)
2025-01-28 20:39:55,364 INFO t.u.1@sha256:80dd3c... - Pulling image layers:  0 pending,  1 downloaded,  1 extracted, (28 MB/28 MB)
2025-01-28 20:39:55,370 INFO t.u.1@sha256:80dd3c... - Image ubuntu:noble-20241118.1@sha256:80dd3c3b9c6cecb9f1667e9290b3bc61b78c2678c02cbdae5f0fea92cc6734ab pull took PT1.497332673S
2025-01-28 20:39:55,370 INFO t.u.1@sha256:80dd3c... - Pull complete. 1 layers, pulled in 1s (downloaded 28 MB at 28 MB/s)
2025-01-28 20:39:55,372 INFO o.t.i.builder.ImageFromDockerfile - Pre-emptively checking local images for 'rancher/k3s:v1.32.0-k3s1', referenced via a Dockerfile. If not available, it will be pulled.
2025-01-28 20:39:55,373 INFO tc.rancher/k3s:v1.32.0-k3s1 - Pulling docker image: rancher/k3s:v1.32.0-k3s1. Please be patient; this may take some time but only needs to be done once.
2025-01-28 20:39:55,606 INFO tc.rancher/k3s:v1.32.0-k3s1 - Starting to pull image
2025-01-28 20:39:55,607 INFO tc.rancher/k3s:v1.32.0-k3s1 - Pulling image layers:  0 pending,  0 downloaded,  0 extracted, (0 bytes/0 bytes)
2025-01-28 20:39:57,257 INFO tc.rancher/k3s:v1.32.0-k3s1 - Pulling image layers:  0 pending,  1 downloaded,  0 extracted, (71 MB/71 MB)
2025-01-28 20:39:58,299 INFO tc.rancher/k3s:v1.32.0-k3s1 - Pulling image layers:  0 pending,  1 downloaded,  1 extracted, (71 MB/71 MB)
2025-01-28 20:39:58,305 INFO tc.rancher/k3s:v1.32.0-k3s1 - Pull complete. 1 layers, pulled in 2s (downloaded 71 MB at 35 MB/s)
2025-01-28 20:39:58,305 INFO tc.rancher/k3s:v1.32.0-k3s1 - Image rancher/k3s:v1.32.0-k3s1 pull took PT2.931646702S
2025-01-28 20:39:58,311 INFO o.t.i.builder.ImageFromDockerfile - Transferred 0 bytes to Docker daemon
2025-01-28 20:40:12,017 INFO c.h.h.t.HelmChartContainer - Starting HelmChartContainer...
2025-01-28 20:40:12,020 INFO t.localhost/testcontainers/9fdmhhgsftbq3st4:latest - Creating container for image: localhost/testcontainers/9fdmhhgsftbq3st4:latest
2025-01-28 20:40:12,088 INFO tc.alpine:3.17 - Pulling docker image: alpine:3.17. Please be patient; this may take some time but only needs to be done once.
2025-01-28 20:40:12,420 INFO tc.alpine:3.17 - Starting to pull image
2025-01-28 20:40:12,421 INFO tc.alpine:3.17 - Pulling image layers:  0 pending,  0 downloaded,  0 extracted, (0 bytes/0 bytes)
2025-01-28 20:40:12,610 INFO tc.alpine:3.17 - Pulling image layers:  0 pending,  1 downloaded,  0 extracted, (33 KB/3 MB)
2025-01-28 20:40:12,707 INFO tc.alpine:3.17 - Pulling image layers:  0 pending,  1 downloaded,  1 extracted, (3 MB/3 MB)
2025-01-28 20:40:12,713 INFO tc.alpine:3.17 - Image alpine:3.17 pull took PT0.623856491S
2025-01-28 20:40:13,280 INFO t.localhost/testcontainers/9fdmhhgsftbq3st4:latest - Container localhost/testcontainers/9fdmhhgsftbq3st4:latest is starting: 3de41117d5a738207e0af5bd899d12c5c6c93b6bb45e8013aa32b5d830da21a8
2025-01-28 20:40:13,658 INFO c.h.h.t.HelmChartContainer - [K3S] [INFO] Starting k3s v1.32.0+k3s1 (cca8faca)
2025-01-28 20:40:13,660 INFO c.h.h.t.HelmChartContainer - [K3S] [INFO] Configuring sqlite3 database connection pooling: maxIdleConns=2, maxOpenConns=0, connMaxLifetime=0s
2025-01-28 20:40:13,661 INFO c.h.h.t.HelmChartContainer - [K3S] [INFO] Configuring database table schema and indexes, this may take a moment...
2025-01-28 20:40:13,664 INFO c.h.h.t.HelmChartContainer - [K3S] [INFO] Database tables and indexes are up to date
2025-01-28 20:40:13,666 INFO c.h.h.t.HelmChartContainer - [K3S] [INFO] Kine available at unix://kine.sock
2025-01-28 20:40:13,779 INFO c.h.h.t.HelmChartContainer - [K3S] [INFO] Saving cluster bootstrap data to datastore
2025-01-28 20:40:13,780 INFO c.h.h.t.HelmChartContainer - [K3S] [WARNING] dynamiclistener [::]:6443: no cached certificate available for preload - deferring certificate load until storage initialization or first client request
2025-01-28 20:40:13,781 INFO c.h.h.t.HelmChartContainer - [K3S] [INFO] Active TLS secret / (ver=) (count 10): map[listener.cattle.io/cn-10.43.0.1:10.43.0.1 listener.cattle.io/cn-127.0.0.1:127.0.0.1 listener.cattle.io/cn-172.18.0.2:172.18.0.2 listener.cattle.io/cn-3de41117d5a7:3de41117d5a7 listener.cattle.io/cn-__1-f16284:::1 listener.cattle.io/cn-kubernetes:kubernetes listener.cattle.io/cn-kubernetes.default:kubernetes.default listener.cattle.io/cn-kubernetes.default.svc:kubernetes.default.svc listener.cattle.io/cn-kubernetes.default.svc.cluster.local:kubernetes.default.svc.cluster.local listener.cattle.io/cn-localhost:localhost listener.cattle.io/fingerprint:SHA1=F75A06BD868AD0B610EC71FB3DE311DEE60C4D23]
2025-01-28 20:40:13,945 INFO c.h.h.t.HelmChartContainer - [K3S] [INFO] Running kube-apiserver --advertise-port=6443 --allow-privileged=true --anonymous-auth=false --api-audiences=https://kubernetes.default.svc.cluster.local,k3s --authorization-mode=Node,RBAC --bind-address=127.0.0.1 --cert-dir=/var/lib/rancher/k3s/server/tls/temporary-certs --client-ca-file=/var/lib/rancher/k3s/server/tls/client-ca.crt --egress-selector-config-file=/var/lib/rancher/k3s/server/etc/egress-selector-config.yaml --enable-admission-plugins=NodeRestriction --enable-aggregator-routing=true --enable-bootstrap-token-auth=true --etcd-compaction-interval=0s --etcd-servers=unix://kine.sock --kubelet-certificate-authority=/var/lib/rancher/k3s/server/tls/server-ca.crt --kubelet-client-certificate=/var/lib/rancher/k3s/server/tls/client-kube-apiserver.crt --kubelet-client-key=/var/lib/rancher/k3s/server/tls/client-kube-apiserver.key --kubelet-preferred-address-types=InternalIP,ExternalIP,Hostname --profiling=false --proxy-client-cert-file=/var/lib/rancher/k3s/server/tls/client-auth-proxy.crt --proxy-client-key-file=/var/lib/rancher/k3s/server/tls/client-auth-proxy.key --requestheader-allowed-names=system:auth-proxy --requestheader-client-ca-file=/var/lib/rancher/k3s/server/tls/request-header-ca.crt --requestheader-extra-headers-prefix=X-Remote-Extra- --requestheader-group-headers=X-Remote-Group --requestheader-username-headers=X-Remote-User --secure-port=6444 --service-account-issuer=https://kubernetes.default.svc.cluster.local --service-account-key-file=/var/lib/rancher/k3s/server/tls/service.key --service-account-signing-key-file=/var/lib/rancher/k3s/server/tls/service.current.key --service-cluster-ip-range=10.43.0.0/16 --service-node-port-range=30000-32767 --storage-backend=etcd3 --tls-cert-file=/var/lib/rancher/k3s/server/tls/serving-kube-apiserver.crt --tls-cipher-suites=TLS_ECDHE_ECDSA_WITH_AES_256_GCM_SHA384,TLS_ECDHE_RSA_WITH_AES_256_GCM_SHA384,TLS_ECDHE_ECDSA_WITH_AES_128_GCM_SHA256,TLS_ECDHE_RSA_WITH_AES_128_GCM_SHA256,TLS_ECDHE_ECDSA_WITH_CHACHA20_POLY1305,TLS_ECDHE_RSA_WITH_CHACHA20_POLY1305 --tls-private-key-file=/var/lib/rancher/k3s/server/tls/serving-kube-apiserver.key
2025-01-28 20:40:13,946 INFO c.h.h.t.HelmChartContainer - [K3S] [INFO] Running kube-scheduler --authentication-kubeconfig=/var/lib/rancher/k3s/server/cred/scheduler.kubeconfig --authorization-kubeconfig=/var/lib/rancher/k3s/server/cred/scheduler.kubeconfig --bind-address=127.0.0.1 --kubeconfig=/var/lib/rancher/k3s/server/cred/scheduler.kubeconfig --leader-elect=false --profiling=false --secure-port=10259
2025-01-28 20:40:13,946 INFO c.h.h.t.HelmChartContainer - [K3S] [INFO] Waiting for API server to become available
2025-01-28 20:40:13,947 INFO c.h.h.t.HelmChartContainer - [K3S] [registry.go:256] calling componentGlobalsRegistry.AddFlags more than once, the registry will be set by the latest flags
2025-01-28 20:40:13,948 INFO c.h.h.t.HelmChartContainer - [K3S] [INFO] Running kube-controller-manager --allocate-node-cidrs=true --authentication-kubeconfig=/var/lib/rancher/k3s/server/cred/controller.kubeconfig --authorization-kubeconfig=/var/lib/rancher/k3s/server/cred/controller.kubeconfig --bind-address=127.0.0.1 --cluster-cidr=10.42.0.0/16 --cluster-signing-kube-apiserver-client-cert-file=/var/lib/rancher/k3s/server/tls/client-ca.nochain.crt --cluster-signing-kube-apiserver-client-key-file=/var/lib/rancher/k3s/server/tls/client-ca.key --cluster-signing-kubelet-client-cert-file=/var/lib/rancher/k3s/server/tls/client-ca.nochain.crt --cluster-signing-kubelet-client-key-file=/var/lib/rancher/k3s/server/tls/client-ca.key --cluster-signing-kubelet-serving-cert-file=/var/lib/rancher/k3s/server/tls/server-ca.nochain.crt --cluster-signing-kubelet-serving-key-file=/var/lib/rancher/k3s/server/tls/server-ca.key --cluster-signing-legacy-unknown-cert-file=/var/lib/rancher/k3s/server/tls/server-ca.nochain.crt --cluster-signing-legacy-unknown-key-file=/var/lib/rancher/k3s/server/tls/server-ca.key --configure-cloud-routes=false --controllers=*,tokencleaner,-service,-route,-cloud-node-lifecycle --kubeconfig=/var/lib/rancher/k3s/server/cred/controller.kubeconfig --leader-elect=false --profiling=false --root-ca-file=/var/lib/rancher/k3s/server/tls/server-ca.crt --secure-port=10257 --service-account-private-key-file=/var/lib/rancher/k3s/server/tls/service.current.key --service-cluster-ip-range=10.43.0.0/16 --use-service-account-credentials=true
2025-01-28 20:40:13,948 INFO c.h.h.t.HelmChartContainer - [K3S] [registry.go:256] calling componentGlobalsRegistry.AddFlags more than once, the registry will be set by the latest flags
2025-01-28 20:40:13,948 INFO c.h.h.t.HelmChartContainer - [K3S] [options.go:299] unable to set WatchListClient feature gate, err: cannot override default for feature "WatchListClient": gates already added to a flag set
2025-01-28 20:40:13,948 INFO c.h.h.t.HelmChartContainer - [K3S] [registry.go:256] calling componentGlobalsRegistry.AddFlags more than once, the registry will be set by the latest flags
2025-01-28 20:40:13,948 INFO c.h.h.t.HelmChartContainer - [K3S] [options.go:238] external host was not specified, using 172.18.0.2
2025-01-28 20:40:13,951 INFO c.h.h.t.HelmChartContainer - [K3S] [INFO] Running cloud-controller-manager --allocate-node-cidrs=true --authentication-kubeconfig=/var/lib/rancher/k3s/server/cred/cloud-controller.kubeconfig --authorization-kubeconfig=/var/lib/rancher/k3s/server/cred/cloud-controller.kubeconfig --bind-address=127.0.0.1 --cloud-config=/var/lib/rancher/k3s/server/etc/cloud-config.yaml --cloud-provider=k3s --cluster-cidr=10.42.0.0/16 --configure-cloud-routes=false --controllers=*,-route --kubeconfig=/var/lib/rancher/k3s/server/cred/cloud-controller.kubeconfig --leader-elect=false --leader-elect-resource-name=k3s-cloud-controller-manager --node-status-update-frequency=1m0s --profiling=false
2025-01-28 20:40:13,952 INFO c.h.h.t.HelmChartContainer - [K3S] [INFO] Server node token is available at /var/lib/rancher/k3s/server/token
2025-01-28 20:40:13,952 INFO c.h.h.t.HelmChartContainer - [K3S] [server.go:151] Version: v1.32.0+k3s1
2025-01-28 20:40:13,952 INFO c.h.h.t.HelmChartContainer - [K3S] [INFO] To join server node to cluster: k3s server -s https://172.18.0.2:6443 -t ${SERVER_NODE_TOKEN}
2025-01-28 20:40:13,952 INFO c.h.h.t.HelmChartContainer - [K3S] [server.go:153] "Golang settings" GOGC="" GOMAXPROCS="" GOTRACEBACK=""
2025-01-28 20:40:13,952 INFO c.h.h.t.HelmChartContainer - [K3S] [INFO] Agent node token is available at /var/lib/rancher/k3s/server/agent-token
2025-01-28 20:40:13,953 INFO c.h.h.t.HelmChartContainer - [K3S] [INFO] To join agent node to cluster: k3s agent -s https://172.18.0.2:6443 -t ${AGENT_NODE_TOKEN}
2025-01-28 20:40:13,955 INFO c.h.h.t.HelmChartContainer - [K3S] [INFO] Wrote kubeconfig /etc/rancher/k3s/k3s.yaml
2025-01-28 20:40:13,955 INFO c.h.h.t.HelmChartContainer - [K3S] [INFO] Run: k3s kubectl
2025-01-28 20:40:14,283 INFO c.h.h.t.HelmChartContainer - [K3S] [plugins.go:157] Loaded 13 mutating admission controller(s) successfully in the following order: NamespaceLifecycle,LimitRanger,ServiceAccount,NodeRestriction,TaintNodesByCondition,Priority,DefaultTolerationSeconds,DefaultStorageClass,StorageObjectInUseProtection,RuntimeClass,DefaultIngressClass,MutatingAdmissionPolicy,MutatingAdmissionWebhook.
2025-01-28 20:40:14,283 INFO c.h.h.t.HelmChartContainer - [K3S] [plugins.go:160] Loaded 13 validating admission controller(s) successfully in the following order: LimitRanger,ServiceAccount,PodSecurity,Priority,PersistentVolumeClaimResize,RuntimeClass,CertificateApproval,CertificateSigning,ClusterTrustBundleAttest,CertificateSubjectRestriction,ValidatingAdmissionPolicy,ValidatingAdmissionWebhook,ResourceQuota.
2025-01-28 20:40:14,283 INFO c.h.h.t.HelmChartContainer - [K3S] [instance.go:233] Using reconciler: lease
2025-01-28 20:40:14,350 INFO c.h.h.t.HelmChartContainer - [K3S] [apis.go:106] API group "internal.apiserver.k8s.io" is not enabled, skipping.
2025-01-28 20:40:14,395 INFO c.h.h.t.HelmChartContainer - [K3S] [apis.go:106] API group "storagemigration.k8s.io" is not enabled, skipping.
2025-01-28 20:40:14,426 INFO c.h.h.t.HelmChartContainer - [K3S] [apis.go:106] API group "resource.k8s.io" is not enabled, skipping.
2025-01-28 20:40:14,595 INFO c.h.h.t.HelmChartContainer - [K3S] [INFO] Password verified locally for node 3de41117d5a7
2025-01-28 20:40:14,780 INFO c.h.h.t.HelmChartContainer - [K3S] [dynamic_cafile_content.go:161] "Starting controller" name="request-header::/var/lib/rancher/k3s/server/tls/request-header-ca.crt"
2025-01-28 20:40:14,781 INFO c.h.h.t.HelmChartContainer - [K3S] [dynamic_cafile_content.go:161] "Starting controller" name="client-ca-bundle::/var/lib/rancher/k3s/server/tls/client-ca.crt"
2025-01-28 20:40:14,783 INFO c.h.h.t.HelmChartContainer - [K3S] [dynamic_serving_content.go:135] "Starting controller" name="serving-cert::/var/lib/rancher/k3s/server/tls/serving-kube-apiserver.crt::/var/lib/rancher/k3s/server/tls/serving-kube-apiserver.key"
2025-01-28 20:40:14,783 INFO c.h.h.t.HelmChartContainer - [K3S] [secure_serving.go:213] Serving securely on 127.0.0.1:6444
2025-01-28 20:40:14,783 INFO c.h.h.t.HelmChartContainer - [K3S] [tlsconfig.go:243] "Starting DynamicServingCertificateController"
2025-01-28 20:40:14,784 INFO c.h.h.t.HelmChartContainer - [K3S] [aggregator.go:169] waiting for initial CRD sync...
2025-01-28 20:40:14,784 INFO c.h.h.t.HelmChartContainer - [K3S] [apf_controller.go:377] Starting API Priority and Fairness config controller
2025-01-28 20:40:14,784 INFO c.h.h.t.HelmChartContainer - [K3S] [controller.go:119] Starting legacy_token_tracking_controller
2025-01-28 20:40:14,784 INFO c.h.h.t.HelmChartContainer - [K3S] [crdregistration_controller.go:114] Starting crd-autoregister controller
2025-01-28 20:40:14,784 INFO c.h.h.t.HelmChartContainer - [K3S] [cluster_authentication_trust_controller.go:462] Starting cluster_authentication_trust_controller controller
2025-01-28 20:40:14,785 INFO c.h.h.t.HelmChartContainer - [K3S] [gc_controller.go:78] Starting apiserver lease garbage collector
2025-01-28 20:40:14,785 INFO c.h.h.t.HelmChartContainer - [K3S] [customresource_discovery_controller.go:292] Starting DiscoveryController
2025-01-28 20:40:14,785 INFO c.h.h.t.HelmChartContainer - [K3S] [dynamic_serving_content.go:135] "Starting controller" name="aggregator-proxy-cert::/var/lib/rancher/k3s/server/tls/client-auth-proxy.crt::/var/lib/rancher/k3s/server/tls/client-auth-proxy.key"
2025-01-28 20:40:14,785 INFO c.h.h.t.HelmChartContainer - [K3S] [controller.go:78] Starting OpenAPI AggregationController
2025-01-28 20:40:14,785 INFO c.h.h.t.HelmChartContainer - [K3S] [apiservice_controller.go:100] Starting APIServiceRegistrationController
2025-01-28 20:40:14,785 INFO c.h.h.t.HelmChartContainer - [K3S] [dynamic_cafile_content.go:161] "Starting controller" name="client-ca-bundle::/var/lib/rancher/k3s/server/tls/client-ca.crt"
2025-01-28 20:40:14,785 INFO c.h.h.t.HelmChartContainer - [K3S] [controller.go:142] Starting OpenAPI controller
2025-01-28 20:40:14,785 INFO c.h.h.t.HelmChartContainer - [K3S] [controller.go:90] Starting OpenAPI V3 controller
2025-01-28 20:40:14,785 INFO c.h.h.t.HelmChartContainer - [K3S] [naming_controller.go:294] Starting NamingConditionController
2025-01-28 20:40:14,785 INFO c.h.h.t.HelmChartContainer - [K3S] [dynamic_cafile_content.go:161] "Starting controller" name="request-header::/var/lib/rancher/k3s/server/tls/request-header-ca.crt"
2025-01-28 20:40:14,786 INFO c.h.h.t.HelmChartContainer - [K3S] [local_available_controller.go:156] Starting LocalAvailability controller
2025-01-28 20:40:14,789 INFO c.h.h.t.HelmChartContainer - [K3S] [establishing_controller.go:81] Starting EstablishingController
2025-01-28 20:40:14,789 INFO c.h.h.t.HelmChartContainer - [K3S] [nonstructuralschema_controller.go:195] Starting NonStructuralSchemaConditionController
2025-01-28 20:40:14,789 INFO c.h.h.t.HelmChartContainer - [K3S] [apiapproval_controller.go:189] Starting KubernetesAPIApprovalPolicyConformantConditionController
2025-01-28 20:40:14,789 INFO c.h.h.t.HelmChartContainer - [K3S] [crd_finalizer.go:269] Starting CRDFinalizer
2025-01-28 20:40:14,790 INFO c.h.h.t.HelmChartContainer - [K3S] [system_namespaces_controller.go:66] Starting system namespaces controller
2025-01-28 20:40:14,790 INFO c.h.h.t.HelmChartContainer - [K3S] [remote_available_controller.go:411] Starting RemoteAvailability controller
2025-01-28 20:40:14,790 INFO c.h.h.t.HelmChartContainer - [K3S] [controller.go:80] Starting OpenAPI V3 AggregationController
2025-01-28 20:40:14,877 INFO c.h.h.t.HelmChartContainer - [K3S] [policy_source.go:240] refreshing policies
2025-01-28 20:40:14,882 INFO c.h.h.t.HelmChartContainer - [K3S] [apf_controller.go:382] Running API Priority and Fairness config worker
2025-01-28 20:40:14,883 INFO c.h.h.t.HelmChartContainer - [K3S] [apf_controller.go:385] Running API Priority and Fairness periodic rebalancing process
2025-01-28 20:40:14,883 INFO c.h.h.t.HelmChartContainer - [K3S] [aggregator.go:171] initial CRD sync complete...
2025-01-28 20:40:14,883 INFO c.h.h.t.HelmChartContainer - [K3S] [autoregister_controller.go:144] Starting autoregister controller
2025-01-28 20:40:14,884 INFO c.h.h.t.HelmChartContainer - [K3S] [handler_discovery.go:451] Starting ResourceDiscoveryManager
2025-01-28 20:40:14,938 INFO c.h.h.t.HelmChartContainer - [K3S] [controller.go:95] Unable to perform initial Kubernetes service initialization: namespaces "default" not found
2025-01-28 20:40:15,158 INFO c.h.h.t.HelmChartContainer - [K3S] [WARNING] Host resolv.conf includes loopback or multicast nameservers - kubelet will use autogenerated resolv.conf with nameserver 8.8.8.8
2025-01-28 20:40:15,171 INFO c.h.h.t.HelmChartContainer - [K3S] [INFO] Module overlay was already loaded
2025-01-28 20:40:15,172 INFO c.h.h.t.HelmChartContainer - [K3S] [INFO] Module nf_conntrack was already loaded
2025-01-28 20:40:15,172 INFO c.h.h.t.HelmChartContainer - [K3S] [INFO] Module br_netfilter was already loaded
2025-01-28 20:40:15,176 INFO c.h.h.t.HelmChartContainer - [K3S] [INFO] Set sysctl 'net/netfilter/nf_conntrack_max' to 131072
2025-01-28 20:40:15,176 INFO c.h.h.t.HelmChartContainer - [K3S] [INFO] Set sysctl 'net/netfilter/nf_conntrack_tcp_timeout_established' to 86400
2025-01-28 20:40:15,177 INFO c.h.h.t.HelmChartContainer - [K3S] [INFO] Set sysctl 'net/netfilter/nf_conntrack_tcp_timeout_close_wait' to 3600
2025-01-28 20:40:15,179 INFO c.h.h.t.HelmChartContainer - [K3S] [INFO] Logging containerd to /var/lib/rancher/k3s/agent/containerd/containerd.log
2025-01-28 20:40:15,179 INFO c.h.h.t.HelmChartContainer - [K3S] [INFO] Running containerd -c /var/lib/rancher/k3s/agent/etc/containerd/config.toml -a /run/k3s/containerd/containerd.sock --state /run/k3s/containerd --root /var/lib/rancher/k3s/agent/containerd
2025-01-28 20:40:15,783 INFO c.h.h.t.HelmChartContainer - [K3S] [storage_scheduling.go:95] created PriorityClass system-node-critical with value 2000001000
2025-01-28 20:40:15,785 INFO c.h.h.t.HelmChartContainer - [K3S] [storage_scheduling.go:95] created PriorityClass system-cluster-critical with value 2000000000
2025-01-28 20:40:15,786 INFO c.h.h.t.HelmChartContainer - [K3S] [storage_scheduling.go:111] all system priority classes are created successfully or already exist.
2025-01-28 20:40:16,142 INFO c.h.h.t.HelmChartContainer - [K3S] [alloc.go:330] "allocated clusterIPs" service="default/kubernetes" clusterIPs={"IPv4":"10.43.0.1"}
2025-01-28 20:40:16,145 INFO c.h.h.t.HelmChartContainer - [K3S] [lease.go:265] Resetting endpoints for master service "kubernetes" to [172.18.0.2]
2025-01-28 20:40:16,183 INFO c.h.h.t.HelmChartContainer - [K3S] [INFO] containerd is now running
2025-01-28 20:40:16,185 INFO c.h.h.t.HelmChartContainer - [K3S] [INFO] Connecting to proxy" url="wss://127.0.0.1:6443/v1-k3s/connect
2025-01-28 20:40:16,185 INFO c.h.h.t.HelmChartContainer - [K3S] [INFO] Creating k3s-cert-monitor event broadcaster
2025-01-28 20:40:16,187 INFO c.h.h.t.HelmChartContainer - [K3S] [INFO] Running kubelet --cloud-provider=external --config-dir=/var/lib/rancher/k3s/agent/etc/kubelet.conf.d --containerd=/run/k3s/containerd/containerd.sock --hostname-override=3de41117d5a7 --kubeconfig=/var/lib/rancher/k3s/agent/kubelet.kubeconfig --node-ip=172.18.0.2 --node-labels=
2025-01-28 20:40:16,188 INFO c.h.h.t.HelmChartContainer - [K3S] [INFO] Handling backend connection request [3de41117d5a7]
2025-01-28 20:40:16,188 INFO c.h.h.t.HelmChartContainer - [K3S] [INFO] Remotedialer connected to proxy" url="wss://127.0.0.1:6443/v1-k3s/connect
2025-01-28 20:40:16,192 INFO c.h.h.t.HelmChartContainer - [K3S] Flag --containerd has been deprecated, This is a cadvisor flag that was mistakenly registered with the Kubelet. Due to legacy concerns, it will follow the standard CLI deprecation timeline before being removed.
2025-01-28 20:40:16,196 INFO c.h.h.t.HelmChartContainer - [K3S] [server.go:515] "Kubelet version" kubeletVersion="v1.32.0+k3s1"
2025-01-28 20:40:16,196 INFO c.h.h.t.HelmChartContainer - [K3S] [server.go:517] "Golang settings" GOGC="" GOMAXPROCS="" GOTRACEBACK=""
2025-01-28 20:40:16,200 INFO c.h.h.t.HelmChartContainer - [K3S] [dynamic_cafile_content.go:161] "Starting controller" name="client-ca-bundle::/var/lib/rancher/k3s/agent/client-ca.crt"
2025-01-28 20:40:16,217 INFO c.h.h.t.HelmChartContainer - [K3S] [log.go:32] "RuntimeConfig from runtime service failed" err="rpc error: code = Unimplemented desc = method RuntimeConfig not implemented"
2025-01-28 20:40:16,217 INFO c.h.h.t.HelmChartContainer - [K3S] [server.go:1416] "CRI implementation should be updated to support RuntimeConfig when KubeletCgroupDriverFromCRI feature gate has been enabled. Falling back to using cgroupDriver from kubelet config."
2025-01-28 20:40:16,228 INFO c.h.h.t.HelmChartContainer - [K3S] [info.go:53] Couldn't collect info from any of the files in "/etc/machine-id,/var/lib/dbus/machine-id"
2025-01-28 20:40:16,229 INFO c.h.h.t.HelmChartContainer - [K3S] [server.go:767] "--cgroups-per-qos enabled, but --cgroup-root was not specified.  defaulting to /"
2025-01-28 20:40:16,230 INFO c.h.h.t.HelmChartContainer - [K3S] [server.go:836] "NoSwap is set due to memorySwapBehavior not specified" memorySwapBehavior="" FailSwapOn=false
2025-01-28 20:40:16,232 INFO c.h.h.t.HelmChartContainer - [K3S] [swap_util.go:115] "Swap is on" /proc/swaps contents=<
2025-01-28 20:40:16,232 INFO c.h.h.t.HelmChartContainer - [K3S] 	Filename				Type		Size		Used		Priority
2025-01-28 20:40:16,233 INFO c.h.h.t.HelmChartContainer - [K3S] 	/mnt/swapfile                           file		4194300		0		-2
2025-01-28 20:40:16,233 INFO c.h.h.t.HelmChartContainer - [K3S]  >
2025-01-28 20:40:16,233 INFO c.h.h.t.HelmChartContainer - [K3S] [container_manager_linux.go:268] "Container manager verified user specified cgroup-root exists" cgroupRoot=[]
2025-01-28 20:40:16,233 INFO c.h.h.t.HelmChartContainer - [K3S] [container_manager_linux.go:273] "Creating Container Manager object based on Node Config" nodeConfig={"NodeName":"3de41117d5a7","RuntimeCgroupsName":"","SystemCgroupsName":"","KubeletCgroupsName":"/k3s","KubeletOOMScoreAdj":-999,"ContainerRuntime":"","CgroupsPerQOS":true,"CgroupRoot":"/","CgroupDriver":"cgroupfs","KubeletRootDir":"/var/lib/kubelet","ProtectKernelDefaults":false,"KubeReservedCgroupName":"","SystemReservedCgroupName":"","ReservedSystemCPUs":{},"EnforceNodeAllocatable":{"pods":{}},"KubeReserved":null,"SystemReserved":null,"HardEvictionThresholds":[{"Signal":"imagefs.available","Operator":"LessThan","Value":{"Quantity":null,"Percentage":0.05},"GracePeriod":0,"MinReclaim":null},{"Signal":"nodefs.available","Operator":"LessThan","Value":{"Quantity":null,"Percentage":0.05},"GracePeriod":0,"MinReclaim":null}],"QOSReserved":{},"CPUManagerPolicy":"none","CPUManagerPolicyOptions":null,"TopologyManagerScope":"container","CPUManagerReconcilePeriod":10000000000,"ExperimentalMemoryManagerPolicy":"None","ExperimentalMemoryManagerReservedMemory":null,"PodPidsLimit":-1,"EnforceCPULimits":true,"CPUCFSQuotaPeriod":100000000,"TopologyManagerPolicy":"none","TopologyManagerPolicyOptions":null,"CgroupVersion":2}
2025-01-28 20:40:16,233 INFO c.h.h.t.HelmChartContainer - [K3S] [topology_manager.go:138] "Creating topology manager with none policy"
2025-01-28 20:40:16,233 INFO c.h.h.t.HelmChartContainer - [K3S] [container_manager_linux.go:304] "Creating device plugin manager"
2025-01-28 20:40:16,233 INFO c.h.h.t.HelmChartContainer - [K3S] [state_mem.go:36] "Initialized new in-memory state store"
2025-01-28 20:40:16,233 INFO c.h.h.t.HelmChartContainer - [K3S] [kubelet.go:446] "Attempting to sync node with API server"
2025-01-28 20:40:16,233 INFO c.h.h.t.HelmChartContainer - [K3S] [kubelet.go:341] "Adding static pod path" path="/var/lib/rancher/k3s/agent/pod-manifests"
2025-01-28 20:40:16,233 INFO c.h.h.t.HelmChartContainer - [K3S] [kubelet.go:352] "Adding apiserver pod source"
2025-01-28 20:40:16,233 INFO c.h.h.t.HelmChartContainer - [K3S] [apiserver.go:42] "Waiting for node sync before watching apiserver pods"
2025-01-28 20:40:16,238 INFO c.h.h.t.HelmChartContainer - [K3S] [kuberuntime_manager.go:269] "Container runtime initialized" containerRuntime="containerd" version="v1.7.23-k3s2" apiVersion="v1"
2025-01-28 20:40:16,238 INFO c.h.h.t.HelmChartContainer - [K3S] [kubelet.go:890] "Not starting ClusterTrustBundle informer because we are in static kubelet mode"
2025-01-28 20:40:16,238 INFO c.h.h.t.HelmChartContainer - [K3S] [probe.go:272] Flexvolume plugin directory at /usr/libexec/kubernetes/kubelet-plugins/volume/exec/ does not exist. Recreating.
2025-01-28 20:40:16,241 INFO c.h.h.t.HelmChartContainer - [K3S] [watchdog_linux.go:99] "Systemd watchdog is not enabled"
2025-01-28 20:40:16,242 INFO c.h.h.t.HelmChartContainer - [K3S] [server.go:1282] "Started kubelet"
2025-01-28 20:40:16,242 INFO c.h.h.t.HelmChartContainer - [K3S] [fs_resource_analyzer.go:67] "Starting FS ResourceAnalyzer"
2025-01-28 20:40:16,249 INFO c.h.h.t.HelmChartContainer - [K3S] [server.go:169] "Starting to listen" address="0.0.0.0" port=10250
2025-01-28 20:40:16,251 INFO c.h.h.t.HelmChartContainer - [K3S] [server.go:490] "Adding debug handlers to kubelet server"
2025-01-28 20:40:16,253 INFO c.h.h.t.HelmChartContainer - [K3S] [kubelet.go:1561] "Image garbage collection failed once. Stats initialization may not have completed yet" err="invalid capacity 0 on image filesystem"
2025-01-28 20:40:16,255 INFO c.h.h.t.HelmChartContainer - [K3S] [server.go:208] "Starting to listen read-only" address="0.0.0.0" port=10255
2025-01-28 20:40:16,255 INFO c.h.h.t.HelmChartContainer - [K3S] [ratelimit.go:55] "Setting rate limiting for endpoint" service="podresources" qps=100 burstTokens=10
2025-01-28 20:40:16,256 INFO c.h.h.t.HelmChartContainer - [K3S] [server.go:243] "Starting to serve the podresources API" endpoint="unix:/var/lib/kubelet/pod-resources/kubelet.sock"
2025-01-28 20:40:16,256 INFO c.h.h.t.HelmChartContainer - [K3S] [dynamic_serving_content.go:135] "Starting controller" name="kubelet-server-cert-files::/var/lib/rancher/k3s/agent/serving-kubelet.crt::/var/lib/rancher/k3s/agent/serving-kubelet.key"
2025-01-28 20:40:16,259 INFO c.h.h.t.HelmChartContainer - [K3S] [volume_manager.go:297] "Starting Kubelet Volume Manager"
2025-01-28 20:40:16,259 INFO c.h.h.t.HelmChartContainer - [K3S] [kubelet_node_status.go:467] "Error getting the current node from lister" err="node \"3de41117d5a7\" not found"
2025-01-28 20:40:16,266 INFO c.h.h.t.HelmChartContainer - [K3S] [desired_state_of_world_populator.go:149] "Desired state populator starts to run"
2025-01-28 20:40:16,266 INFO c.h.h.t.HelmChartContainer - [K3S] [reconciler.go:26] "Reconciler: start to sync state"
2025-01-28 20:40:16,273 INFO c.h.h.t.HelmChartContainer - [K3S] [factory.go:221] Registration of the containerd container factory successfully
2025-01-28 20:40:16,273 INFO c.h.h.t.HelmChartContainer - [K3S] [factory.go:221] Registration of the systemd container factory successfully
2025-01-28 20:40:16,275 INFO c.h.h.t.HelmChartContainer - [K3S] [factory.go:219] Registration of the crio container factory failed: Get "http://%2Fvar%2Frun%2Fcrio%2Fcrio.sock/info": dial unix /var/run/crio/crio.sock: connect: no such file or directory
2025-01-28 20:40:16,281 INFO c.h.h.t.HelmChartContainer - [K3S] [kubelet_network_linux.go:50] "Initialized iptables rules." protocol="IPv4"
2025-01-28 20:40:16,283 INFO c.h.h.t.HelmChartContainer - [K3S] [kubelet_network_linux.go:50] "Initialized iptables rules." protocol="IPv6"
2025-01-28 20:40:16,283 INFO c.h.h.t.HelmChartContainer - [K3S] [status_manager.go:227] "Starting to sync pod status with apiserver"
2025-01-28 20:40:16,286 INFO c.h.h.t.HelmChartContainer - [K3S] [watchdog_linux.go:127] "Systemd watchdog is not enabled or the interval is invalid, so health checking will not be started."
2025-01-28 20:40:16,286 INFO c.h.h.t.HelmChartContainer - [K3S] [kubelet.go:2388] "Starting kubelet main sync loop"
2025-01-28 20:40:16,287 INFO c.h.h.t.HelmChartContainer - [K3S] [kubelet.go:2412] "Skipping pod synchronization" err="[container runtime status check may not have completed yet, PLEG is not healthy: pleg has yet to be successful]"
2025-01-28 20:40:16,296 INFO c.h.h.t.HelmChartContainer - [K3S] [nodelease.go:49] "Failed to get node when trying to set owner ref to the node lease" err="nodes \"3de41117d5a7\" not found" node="3de41117d5a7"
2025-01-28 20:40:16,305 INFO c.h.h.t.HelmChartContainer - [K3S] [cpu_manager.go:221] "Starting CPU manager" policy="none"
2025-01-28 20:40:16,305 INFO c.h.h.t.HelmChartContainer - [K3S] [cpu_manager.go:222] "Reconciling" reconcilePeriod="10s"
2025-01-28 20:40:16,305 INFO c.h.h.t.HelmChartContainer - [K3S] [state_mem.go:36] "Initialized new in-memory state store"
2025-01-28 20:40:16,306 INFO c.h.h.t.HelmChartContainer - [K3S] [policy_none.go:49] "None policy: Start"
2025-01-28 20:40:16,307 INFO c.h.h.t.HelmChartContainer - [K3S] [memory_manager.go:186] "Starting memorymanager" policy="None"
2025-01-28 20:40:16,307 INFO c.h.h.t.HelmChartContainer - [K3S] [state_mem.go:35] "Initializing new in-memory state store"
2025-01-28 20:40:16,311 INFO c.h.h.t.HelmChartContainer - [K3S] [manager.go:519] "Failed to read data from checkpoint" checkpoint="kubelet_internal_checkpoint" err="checkpoint is not found"
2025-01-28 20:40:16,311 INFO c.h.h.t.HelmChartContainer - [K3S] [eviction_manager.go:189] "Eviction manager: starting control loop"
2025-01-28 20:40:16,311 INFO c.h.h.t.HelmChartContainer - [K3S] [container_log_manager.go:189] "Initializing container log rotate workers" workers=1 monitorPeriod="10s"
2025-01-28 20:40:16,318 INFO c.h.h.t.HelmChartContainer - [K3S] [plugin_manager.go:118] "Starting Kubelet Plugin Manager"
2025-01-28 20:40:16,318 INFO c.h.h.t.HelmChartContainer - [K3S] [eviction_manager.go:267] "eviction manager: failed to check if we have separate container filesystem. Ignoring." err="no imagefs label for configured runtime"
2025-01-28 20:40:16,318 INFO c.h.h.t.HelmChartContainer - [K3S] [eviction_manager.go:292] "Eviction manager: failed to get summary stats" err="failed to get node info: node \"3de41117d5a7\" not found"
2025-01-28 20:40:16,350 INFO c.h.h.t.HelmChartContainer - [K3S] [ERROR] Sending HTTP/1.1 503 response to 127.0.0.1:51644: runtime core not ready
2025-01-28 20:40:16,412 INFO c.h.h.t.HelmChartContainer - [K3S] [kubelet_node_status.go:76] "Attempting to register node" node="3de41117d5a7"
2025-01-28 20:40:16,418 INFO c.h.h.t.HelmChartContainer - [K3S] [kubelet_node_status.go:79] "Successfully registered node" node="3de41117d5a7"
2025-01-28 20:40:16,418 INFO c.h.h.t.HelmChartContainer - [K3S] [kubelet_node_status.go:549] "Error updating node status, will retry" err="error getting node \"3de41117d5a7\": node \"3de41117d5a7\" not found"
2025-01-28 20:40:16,422 INFO c.h.h.t.HelmChartContainer - [K3S] [INFO] Annotations and labels have been set successfully on node: 3de41117d5a7
2025-01-28 20:40:16,422 INFO c.h.h.t.HelmChartContainer - [K3S] [INFO] Starting flannel with backend vxlan
2025-01-28 20:40:16,437 INFO c.h.h.t.HelmChartContainer - [K3S] [INFO] Running kube-proxy --cluster-cidr=10.42.0.0/16 --conntrack-max-per-core=0 --conntrack-tcp-timeout-close-wait=0s --conntrack-tcp-timeout-established=0s --healthz-bind-address=127.0.0.1 --hostname-override=3de41117d5a7 --kubeconfig=/var/lib/rancher/k3s/agent/kubeproxy.kubeconfig --proxy-mode=iptables
2025-01-28 20:40:16,473 INFO c.h.h.t.HelmChartContainer - [K3S] [server.go:698] "Successfully retrieved node IP(s)" IPs=["172.18.0.2"]
2025-01-28 20:40:16,473 INFO c.h.h.t.HelmChartContainer - [K3S] [server.go:234] "Kube-proxy configuration may be incomplete or incorrect" err="nodePortAddresses is unset; NodePort connections will be accepted on all local IPs. Consider using `--nodeport-addresses primary`"
2025-01-28 20:40:16,476 INFO c.h.h.t.HelmChartContainer - [K3S] [server.go:243] "kube-proxy running in dual-stack mode" primary ipFamily="IPv4"
2025-01-28 20:40:16,476 INFO c.h.h.t.HelmChartContainer - [K3S] [server_linux.go:170] "Using iptables Proxier"
2025-01-28 20:40:16,477 INFO c.h.h.t.HelmChartContainer - [K3S] [proxier.go:255] "Setting route_localnet=1 to allow node-ports on localhost; to change this either disable iptables.localhostNodePorts (--iptables-localhost-nodeports) or set nodePortAddresses (--nodeport-addresses) to filter loopback addresses"
2025-01-28 20:40:16,480 INFO c.h.h.t.HelmChartContainer - [K3S] [server.go:497] "Version info" version="v1.32.0+k3s1"
2025-01-28 20:40:16,480 INFO c.h.h.t.HelmChartContainer - [K3S] [server.go:499] "Golang settings" GOGC="" GOMAXPROCS="" GOTRACEBACK=""
2025-01-28 20:40:16,482 INFO c.h.h.t.HelmChartContainer - [K3S] [config.go:329] "Starting node config controller"
2025-01-28 20:40:16,483 INFO c.h.h.t.HelmChartContainer - [K3S] [config.go:199] "Starting service config controller"
2025-01-28 20:40:16,483 INFO c.h.h.t.HelmChartContainer - [K3S] [config.go:105] "Starting endpoint slice config controller"
2025-01-28 20:40:16,628 INFO c.h.h.t.HelmChartContainer - [K3S] [kubelet_node_status.go:502] "Fast updating node status as it just became ready"
2025-01-28 20:40:16,952 INFO c.h.h.t.HelmChartContainer - [K3S] [INFO] Waiting for untainted node
2025-01-28 20:40:16,952 INFO c.h.h.t.HelmChartContainer - [K3S] [INFO] Waiting for cloud-controller-manager privileges to become available
2025-01-28 20:40:16,952 INFO c.h.h.t.HelmChartContainer - [K3S] [INFO] Creating k3s-supervisor event broadcaster
2025-01-28 20:40:16,952 INFO c.h.h.t.HelmChartContainer - [K3S] [INFO] Kube API server is now running
2025-01-28 20:40:16,952 INFO c.h.h.t.HelmChartContainer - [K3S] [INFO] ETCD server is now running
2025-01-28 20:40:16,952 INFO c.h.h.t.HelmChartContainer - [K3S] [INFO] k3s is up and running
2025-01-28 20:40:16,960 INFO c.h.h.t.HelmChartContainer - [K3S] [INFO] Applying CRD addons.k3s.cattle.io
2025-01-28 20:40:16,969 INFO c.h.h.t.HelmChartContainer - [K3S] [INFO] Applying CRD etcdsnapshotfiles.k3s.cattle.io
2025-01-28 20:40:16,979 INFO c.h.h.t.HelmChartContainer - [K3S] [INFO] Applying CRD helmcharts.helm.cattle.io
2025-01-28 20:40:16,992 INFO c.h.h.t.HelmChartContainer - [K3S] [INFO] Applying CRD helmchartconfigs.helm.cattle.io
2025-01-28 20:40:17,008 INFO c.h.h.t.HelmChartContainer - [K3S] [INFO] Waiting for CRD helmcharts.helm.cattle.io to become available
2025-01-28 20:40:17,235 INFO c.h.h.t.HelmChartContainer - [K3S] [apiserver.go:52] "Watching apiserver"
2025-01-28 20:40:17,266 INFO c.h.h.t.HelmChartContainer - [K3S] [desired_state_of_world_populator.go:157] "Finished populating initial desired state of world"
2025-01-28 20:40:17,408 INFO c.h.h.t.HelmChartContainer - [K3S] [serving.go:392] Generated self-signed cert in-memory
2025-01-28 20:40:17,512 INFO c.h.h.t.HelmChartContainer - [K3S] [INFO] Done waiting for CRD helmcharts.helm.cattle.io to become available
2025-01-28 20:40:17,512 INFO c.h.h.t.HelmChartContainer - [K3S] [INFO] Waiting for CRD helmchartconfigs.helm.cattle.io to become available
2025-01-28 20:40:17,629 INFO c.h.h.t.HelmChartContainer - [K3S] [controllermanager.go:185] "Starting" version="v1.32.0+k3s1"
2025-01-28 20:40:17,629 INFO c.h.h.t.HelmChartContainer - [K3S] [controllermanager.go:187] "Golang settings" GOGC="" GOMAXPROCS="" GOTRACEBACK=""
2025-01-28 20:40:17,632 INFO c.h.h.t.HelmChartContainer - [K3S] [configmap_cafile_content.go:205] "Starting controller" name="client-ca::kube-system::extension-apiserver-authentication::client-ca-file"
2025-01-28 20:40:17,634 INFO c.h.h.t.HelmChartContainer - [K3S] [configmap_cafile_content.go:205] "Starting controller" name="client-ca::kube-system::extension-apiserver-authentication::requestheader-client-ca-file"
2025-01-28 20:40:17,634 INFO c.h.h.t.HelmChartContainer - [K3S] [tlsconfig.go:243] "Starting DynamicServingCertificateController"
2025-01-28 20:40:17,634 INFO c.h.h.t.HelmChartContainer - [K3S] [requestheader_controller.go:180] Starting RequestHeaderAuthRequestController
2025-01-28 20:40:17,634 INFO c.h.h.t.HelmChartContainer - [K3S] [secure_serving.go:213] Serving securely on 127.0.0.1:10257
2025-01-28 20:40:17,637 INFO c.h.h.t.HelmChartContainer - [K3S] [controllermanager.go:765] "Started controller" controller="serviceaccount-token-controller"
2025-01-28 20:40:17,644 INFO c.h.h.t.HelmChartContainer - [K3S] [controllermanager.go:765] "Started controller" controller="deployment-controller"
2025-01-28 20:40:17,644 INFO c.h.h.t.HelmChartContainer - [K3S] [deployment_controller.go:173] "Starting controller" controller="deployment"
2025-01-28 20:40:17,650 INFO c.h.h.t.HelmChartContainer - [K3S] [node_lifecycle_controller.go:432] "Controller will reconcile labels"
2025-01-28 20:40:17,650 INFO c.h.h.t.HelmChartContainer - [K3S] [controllermanager.go:765] "Started controller" controller="node-lifecycle-controller"
2025-01-28 20:40:17,651 INFO c.h.h.t.HelmChartContainer - [K3S] [node_lifecycle_controller.go:466] "Sending events to api server"
2025-01-28 20:40:17,651 INFO c.h.h.t.HelmChartContainer - [K3S] [node_lifecycle_controller.go:477] "Starting node controller"
2025-01-28 20:40:17,657 INFO c.h.h.t.HelmChartContainer - [K3S] [controllermanager.go:765] "Started controller" controller="persistentvolume-attach-detach-controller"
2025-01-28 20:40:17,657 INFO c.h.h.t.HelmChartContainer - [K3S] [attach_detach_controller.go:338] "Starting attach detach controller"
2025-01-28 20:40:17,662 INFO c.h.h.t.HelmChartContainer - [K3S] [controllermanager.go:765] "Started controller" controller="root-ca-certificate-publisher-controller"
2025-01-28 20:40:17,662 INFO c.h.h.t.HelmChartContainer - [K3S] [controllermanager.go:717] "Controller is disabled by a feature gate" controller="resourceclaim-controller" requiredFeatureGates=["DynamicResourceAllocation"]
2025-01-28 20:40:17,662 INFO c.h.h.t.HelmChartContainer - [K3S] [publisher.go:107] "Starting root CA cert publisher controller"
2025-01-28 20:40:17,668 INFO c.h.h.t.HelmChartContainer - [K3S] [controllermanager.go:765] "Started controller" controller="pod-garbage-collector-controller"
2025-01-28 20:40:17,668 INFO c.h.h.t.HelmChartContainer - [K3S] [gc_controller.go:99] "Starting GC controller"
2025-01-28 20:40:17,676 INFO c.h.h.t.HelmChartContainer - [K3S] [controllermanager.go:765] "Started controller" controller="serviceaccount-controller"
2025-01-28 20:40:17,676 INFO c.h.h.t.HelmChartContainer - [K3S] [controllermanager.go:728] "Warning: controller is disabled" controller="bootstrap-signer-controller"
2025-01-28 20:40:17,676 INFO c.h.h.t.HelmChartContainer - [K3S] [serviceaccounts_controller.go:114] "Starting service account controller"
2025-01-28 20:40:17,678 INFO c.h.h.t.HelmChartContainer - [K3S] [controllermanager.go:765] "Started controller" controller="taint-eviction-controller"
2025-01-28 20:40:17,678 INFO c.h.h.t.HelmChartContainer - [K3S] [controllermanager.go:717] "Controller is disabled by a feature gate" controller="service-cidr-controller" requiredFeatureGates=["MultiCIDRServiceAllocator"]
2025-01-28 20:40:17,678 INFO c.h.h.t.HelmChartContainer - [K3S] [controllermanager.go:717] "Controller is disabled by a feature gate" controller="selinux-warning-controller" requiredFeatureGates=["SELinuxChangePolicy"]
2025-01-28 20:40:17,678 INFO c.h.h.t.HelmChartContainer - [K3S] [taint_eviction.go:281] "Starting" controller="taint-eviction-controller"
2025-01-28 20:40:17,679 INFO c.h.h.t.HelmChartContainer - [K3S] [taint_eviction.go:287] "Sending events to api server"
2025-01-28 20:40:17,684 INFO c.h.h.t.HelmChartContainer - [K3S] [controllermanager.go:765] "Started controller" controller="persistentvolumeclaim-protection-controller"
2025-01-28 20:40:17,684 INFO c.h.h.t.HelmChartContainer - [K3S] [pvc_protection_controller.go:168] "Starting PVC protection controller"
2025-01-28 20:40:17,689 INFO c.h.h.t.HelmChartContainer - [K3S] [controllermanager.go:765] "Started controller" controller="endpoints-controller"
2025-01-28 20:40:17,689 INFO c.h.h.t.HelmChartContainer - [K3S] [endpoints_controller.go:182] "Starting endpoint controller"
2025-01-28 20:40:17,707 INFO c.h.h.t.HelmChartContainer - [K3S] [controllermanager.go:765] "Started controller" controller="resourcequota-controller"
2025-01-28 20:40:17,707 INFO c.h.h.t.HelmChartContainer - [K3S] [resource_quota_controller.go:300] "Starting resource quota controller"
2025-01-28 20:40:17,939 INFO c.h.h.t.HelmChartContainer - [K3S] [graph_builder.go:351] "Running" component="GraphBuilder"
2025-01-28 20:40:17,940 INFO c.h.h.t.HelmChartContainer - [K3S] [controllermanager.go:765] "Started controller" controller="garbage-collector-controller"
2025-01-28 20:40:18,014 INFO c.h.h.t.HelmChartContainer - [K3S] [INFO] Done waiting for CRD helmchartconfigs.helm.cattle.io to become available
2025-01-28 20:40:18,015 INFO c.h.h.t.HelmChartContainer - [K3S] [INFO] Writing static file: /var/lib/rancher/k3s/server/static/charts/traefik-27.0.201+up27.0.2.tgz
2025-01-28 20:40:18,016 INFO c.h.h.t.HelmChartContainer - [K3S] [INFO] Writing static file: /var/lib/rancher/k3s/server/static/charts/traefik-crd-27.0.201+up27.0.2.tgz
2025-01-28 20:40:18,017 INFO c.h.h.t.HelmChartContainer - [K3S] [INFO] Writing manifest: /var/lib/rancher/k3s/server/manifests/metrics-server/auth-delegator.yaml
2025-01-28 20:40:18,017 INFO c.h.h.t.HelmChartContainer - [K3S] [INFO] Writing manifest: /var/lib/rancher/k3s/server/manifests/metrics-server/metrics-apiservice.yaml
2025-01-28 20:40:18,017 INFO c.h.h.t.HelmChartContainer - [K3S] [INFO] Writing manifest: /var/lib/rancher/k3s/server/manifests/metrics-server/metrics-server-deployment.yaml
2025-01-28 20:40:18,017 INFO c.h.h.t.HelmChartContainer - [K3S] [INFO] Writing manifest: /var/lib/rancher/k3s/server/manifests/metrics-server/metrics-server-service.yaml
2025-01-28 20:40:18,017 INFO c.h.h.t.HelmChartContainer - [K3S] [INFO] Writing manifest: /var/lib/rancher/k3s/server/manifests/rolebindings.yaml
2025-01-28 20:40:18,018 INFO c.h.h.t.HelmChartContainer - [K3S] [INFO] Writing manifest: /var/lib/rancher/k3s/server/manifests/coredns.yaml
2025-01-28 20:40:18,018 INFO c.h.h.t.HelmChartContainer - [K3S] [INFO] Writing manifest: /var/lib/rancher/k3s/server/manifests/local-storage.yaml
2025-01-28 20:40:18,018 INFO c.h.h.t.HelmChartContainer - [K3S] [INFO] Writing manifest: /var/lib/rancher/k3s/server/manifests/metrics-server/auth-reader.yaml
2025-01-28 20:40:18,019 INFO c.h.h.t.HelmChartContainer - [K3S] [INFO] Writing manifest: /var/lib/rancher/k3s/server/manifests/metrics-server/resource-reader.yaml
2025-01-28 20:40:18,019 INFO c.h.h.t.HelmChartContainer - [K3S] [INFO] Writing manifest: /var/lib/rancher/k3s/server/manifests/runtimes.yaml
2025-01-28 20:40:18,019 INFO c.h.h.t.HelmChartContainer - [K3S] [INFO] Writing manifest: /var/lib/rancher/k3s/server/manifests/ccm.yaml
2025-01-28 20:40:18,019 INFO c.h.h.t.HelmChartContainer - [K3S] [INFO] Writing manifest: /var/lib/rancher/k3s/server/manifests/metrics-server/aggregated-metrics-reader.yaml
2025-01-28 20:40:18,020 INFO c.h.h.t.HelmChartContainer - [K3S] [INFO] Starting dynamiclistener CN filter node controller with SANs: [localhost 127.0.0.1 ::1 localhost 3de41117d5a7 172.18.0.2 10.43.0.1 kubernetes kubernetes.default kubernetes.default.svc kubernetes.default.svc.cluster.local]
2025-01-28 20:40:18,020 INFO c.h.h.t.HelmChartContainer - [K3S] [INFO] Tunnel server egress proxy mode: agent
2025-01-28 20:40:18,128 INFO c.h.h.t.HelmChartContainer - [K3S] [INFO] Starting k3s.cattle.io/v1, Kind=Addon controller
2025-01-28 20:40:18,128 INFO c.h.h.t.HelmChartContainer - [K3S] [INFO] Creating deploy event broadcaster
2025-01-28 20:40:18,131 INFO c.h.h.t.HelmChartContainer - [K3S] [event.go:389] "Event occurred" object="kube-system/ccm" fieldPath="" kind="Addon" apiVersion="k3s.cattle.io/v1" type="Normal" reason="ApplyingManifest" message="Applying manifest at \"/var/lib/rancher/k3s/server/manifests/ccm.yaml\""
2025-01-28 20:40:18,162 INFO c.h.h.t.HelmChartContainer - [K3S] [event.go:389] "Event occurred" object="kube-system/ccm" fieldPath="" kind="Addon" apiVersion="k3s.cattle.io/v1" type="Normal" reason="AppliedManifest" message="Applied manifest at \"/var/lib/rancher/k3s/server/manifests/ccm.yaml\""
2025-01-28 20:40:18,169 INFO c.h.h.t.HelmChartContainer - [K3S] [event.go:389] "Event occurred" object="kube-system/coredns" fieldPath="" kind="Addon" apiVersion="k3s.cattle.io/v1" type="Normal" reason="ApplyingManifest" message="Applying manifest at \"/var/lib/rancher/k3s/server/manifests/coredns.yaml\""
2025-01-28 20:40:18,190 INFO c.h.h.t.HelmChartContainer - [K3S] [controllermanager.go:765] "Started controller" controller="statefulset-controller"
2025-01-28 20:40:18,190 INFO c.h.h.t.HelmChartContainer - [K3S] [stateful_set.go:166] "Starting stateful set controller"
2025-01-28 20:40:18,230 INFO c.h.h.t.HelmChartContainer - [K3S] [INFO] Starting /v1, Kind=Node controller
2025-01-28 20:40:18,230 INFO c.h.h.t.HelmChartContainer - [K3S] [INFO] Creating helm-controller event broadcaster
2025-01-28 20:40:18,251 INFO c.h.h.t.HelmChartContainer - [K3S] [INFO] Labels and annotations have been set successfully on node: 3de41117d5a7
2025-01-28 20:40:18,252 INFO c.h.h.t.HelmChartContainer - [K3S] [INFO] Cluster dns configmap has been set successfully
2025-01-28 20:40:18,337 INFO c.h.h.t.HelmChartContainer - [K3S] [INFO] Starting helm.cattle.io/v1, Kind=HelmChart controller
2025-01-28 20:40:18,338 INFO c.h.h.t.HelmChartContainer - [K3S] [INFO] Starting helm.cattle.io/v1, Kind=HelmChartConfig controller
2025-01-28 20:40:18,341 INFO c.h.h.t.HelmChartContainer - [K3S] [controllermanager.go:765] "Started controller" controller="certificatesigningrequest-approving-controller"
2025-01-28 20:40:18,341 INFO c.h.h.t.HelmChartContainer - [K3S] [controllermanager.go:723] "Skipping a cloud provider controller" controller="service-lb-controller"
2025-01-28 20:40:18,341 INFO c.h.h.t.HelmChartContainer - [K3S] [certificate_controller.go:120] "Starting certificate controller" name="csrapproving"
2025-01-28 20:40:18,342 INFO c.h.h.t.HelmChartContainer - [K3S] [INFO] Starting rbac.authorization.k8s.io/v1, Kind=ClusterRoleBinding controller
2025-01-28 20:40:18,346 INFO c.h.h.t.HelmChartContainer - [K3S] [INFO] Starting batch/v1, Kind=Job controller
2025-01-28 20:40:18,346 INFO c.h.h.t.HelmChartContainer - [K3S] [INFO] Starting /v1, Kind=Secret controller
2025-01-28 20:40:18,346 INFO c.h.h.t.HelmChartContainer - [K3S] [INFO] Starting /v1, Kind=ConfigMap controller
2025-01-28 20:40:18,346 INFO c.h.h.t.HelmChartContainer - [K3S] [INFO] Starting /v1, Kind=ServiceAccount controller
2025-01-28 20:40:18,371 INFO c.h.h.t.HelmChartContainer - [K3S] [alloc.go:330] "allocated clusterIPs" service="kube-system/kube-dns" clusterIPs={"IPv4":"10.43.0.10"}
2025-01-28 20:40:18,373 INFO c.h.h.t.HelmChartContainer - [K3S] [event.go:389] "Event occurred" object="kube-system/coredns" fieldPath="" kind="Addon" apiVersion="k3s.cattle.io/v1" type="Normal" reason="AppliedManifest" message="Applied manifest at \"/var/lib/rancher/k3s/server/manifests/coredns.yaml\""
2025-01-28 20:40:18,381 INFO c.h.h.t.HelmChartContainer - [K3S] [event.go:389] "Event occurred" object="kube-system/local-storage" fieldPath="" kind="Addon" apiVersion="k3s.cattle.io/v1" type="Normal" reason="ApplyingManifest" message="Applying manifest at \"/var/lib/rancher/k3s/server/manifests/local-storage.yaml\""
2025-01-28 20:40:18,469 INFO c.h.h.t.HelmChartContainer - [K3S] [event.go:389] "Event occurred" object="kube-system/local-storage" fieldPath="" kind="Addon" apiVersion="k3s.cattle.io/v1" type="Normal" reason="AppliedManifest" message="Applied manifest at \"/var/lib/rancher/k3s/server/manifests/local-storage.yaml\""
2025-01-28 20:40:18,476 INFO c.h.h.t.HelmChartContainer - [K3S] [event.go:389] "Event occurred" object="kube-system/aggregated-metrics-reader" fieldPath="" kind="Addon" apiVersion="k3s.cattle.io/v1" type="Normal" reason="ApplyingManifest" message="Applying manifest at \"/var/lib/rancher/k3s/server/manifests/metrics-server/aggregated-metrics-reader.yaml\""
2025-01-28 20:40:18,490 INFO c.h.h.t.HelmChartContainer - [K3S] [controllermanager.go:765] "Started controller" controller="persistentvolume-binder-controller"
2025-01-28 20:40:18,490 INFO c.h.h.t.HelmChartContainer - [K3S] [pv_controller_base.go:308] "Starting persistent volume controller"
2025-01-28 20:40:18,491 INFO c.h.h.t.HelmChartContainer - [K3S] [event.go:389] "Event occurred" object="kube-system/aggregated-metrics-reader" fieldPath="" kind="Addon" apiVersion="k3s.cattle.io/v1" type="Normal" reason="AppliedManifest" message="Applied manifest at \"/var/lib/rancher/k3s/server/manifests/metrics-server/aggregated-metrics-reader.yaml\""
2025-01-28 20:40:18,496 INFO c.h.h.t.HelmChartContainer - [K3S] [event.go:389] "Event occurred" object="kube-system/auth-delegator" fieldPath="" kind="Addon" apiVersion="k3s.cattle.io/v1" type="Normal" reason="ApplyingManifest" message="Applying manifest at \"/var/lib/rancher/k3s/server/manifests/metrics-server/auth-delegator.yaml\""
2025-01-28 20:40:18,546 INFO c.h.h.t.HelmChartContainer - [K3S] [event.go:389] "Event occurred" object="kube-system/auth-delegator" fieldPath="" kind="Addon" apiVersion="k3s.cattle.io/v1" type="Normal" reason="AppliedManifest" message="Applied manifest at \"/var/lib/rancher/k3s/server/manifests/metrics-server/auth-delegator.yaml\""
2025-01-28 20:40:18,552 INFO c.h.h.t.HelmChartContainer - [K3S] [event.go:389] "Event occurred" object="kube-system/auth-reader" fieldPath="" kind="Addon" apiVersion="k3s.cattle.io/v1" type="Normal" reason="ApplyingManifest" message="Applying manifest at \"/var/lib/rancher/k3s/server/manifests/metrics-server/auth-reader.yaml\""
2025-01-28 20:40:18,556 INFO c.h.h.t.HelmChartContainer - [K3S] [event.go:389] "Event occurred" object="kube-system/auth-reader" fieldPath="" kind="Addon" apiVersion="k3s.cattle.io/v1" type="Normal" reason="AppliedManifest" message="Applied manifest at \"/var/lib/rancher/k3s/server/manifests/metrics-server/auth-reader.yaml\""
2025-01-28 20:40:18,562 INFO c.h.h.t.HelmChartContainer - [K3S] [event.go:389] "Event occurred" object="kube-system/metrics-apiservice" fieldPath="" kind="Addon" apiVersion="k3s.cattle.io/v1" type="Normal" reason="ApplyingManifest" message="Applying manifest at \"/var/lib/rancher/k3s/server/manifests/metrics-server/metrics-apiservice.yaml\""
2025-01-28 20:40:18,569 INFO c.h.h.t.HelmChartContainer - [K3S] [event.go:389] "Event occurred" object="kube-system/metrics-apiservice" fieldPath="" kind="Addon" apiVersion="k3s.cattle.io/v1" type="Normal" reason="AppliedManifest" message="Applied manifest at \"/var/lib/rancher/k3s/server/manifests/metrics-server/metrics-apiservice.yaml\""
2025-01-28 20:40:18,572 INFO c.h.h.t.HelmChartContainer - [K3S] [handler_proxy.go:99] no RequestInfo found in the context
2025-01-28 20:40:18,572 INFO c.h.h.t.HelmChartContainer - [K3S] [controller.go:146] "Unhandled Error" err=<
2025-01-28 20:40:18,572 INFO c.h.h.t.HelmChartContainer - [K3S] 	, Header: map[Content-Type:[text/plain; charset=utf-8] X-Content-Type-Options:[nosniff]]
2025-01-28 20:40:18,572 INFO c.h.h.t.HelmChartContainer - [K3S]  >
2025-01-28 20:40:18,573 INFO c.h.h.t.HelmChartContainer - [K3S] [handler_proxy.go:143] error resolving kube-system/metrics-server: service "metrics-server" not found
2025-01-28 20:40:18,576 INFO c.h.h.t.HelmChartContainer - [K3S] [event.go:389] "Event occurred" object="kube-system/metrics-server-deployment" fieldPath="" kind="Addon" apiVersion="k3s.cattle.io/v1" type="Normal" reason="ApplyingManifest" message="Applying manifest at \"/var/lib/rancher/k3s/server/manifests/metrics-server/metrics-server-deployment.yaml\""
2025-01-28 20:40:18,588 INFO c.h.h.t.HelmChartContainer - [K3S] [event.go:389] "Event occurred" object="kube-system/metrics-server-deployment" fieldPath="" kind="Addon" apiVersion="k3s.cattle.io/v1" type="Normal" reason="AppliedManifest" message="Applied manifest at \"/var/lib/rancher/k3s/server/manifests/metrics-server/metrics-server-deployment.yaml\""
2025-01-28 20:40:18,595 INFO c.h.h.t.HelmChartContainer - [K3S] [event.go:389] "Event occurred" object="kube-system/metrics-server-service" fieldPath="" kind="Addon" apiVersion="k3s.cattle.io/v1" type="Normal" reason="ApplyingManifest" message="Applying manifest at \"/var/lib/rancher/k3s/server/manifests/metrics-server/metrics-server-service.yaml\""
2025-01-28 20:40:18,601 INFO c.h.h.t.HelmChartContainer - [K3S] [alloc.go:330] "allocated clusterIPs" service="kube-system/metrics-server" clusterIPs={"IPv4":"10.43.132.85"}
2025-01-28 20:40:18,601 INFO c.h.h.t.HelmChartContainer - [K3S] [event.go:389] "Event occurred" object="kube-system/metrics-server-service" fieldPath="" kind="Addon" apiVersion="k3s.cattle.io/v1" type="Normal" reason="AppliedManifest" message="Applied manifest at \"/var/lib/rancher/k3s/server/manifests/metrics-server/metrics-server-service.yaml\""
2025-01-28 20:40:18,606 INFO c.h.h.t.HelmChartContainer - [K3S] [handler_proxy.go:99] no RequestInfo found in the context
2025-01-28 20:40:18,607 INFO c.h.h.t.HelmChartContainer - [K3S] [controller.go:146] "Unhandled Error" err=<
2025-01-28 20:40:18,607 INFO c.h.h.t.HelmChartContainer - [K3S] 	, Header: map[Content-Type:[text/plain; charset=utf-8] X-Content-Type-Options:[nosniff]]
2025-01-28 20:40:18,607 INFO c.h.h.t.HelmChartContainer - [K3S]  >
2025-01-28 20:40:18,608 INFO c.h.h.t.HelmChartContainer - [K3S] [handler_proxy.go:143] error resolving kube-system/metrics-server: endpoints "metrics-server" not found
2025-01-28 20:40:18,609 INFO c.h.h.t.HelmChartContainer - [K3S] [event.go:389] "Event occurred" object="kube-system/resource-reader" fieldPath="" kind="Addon" apiVersion="k3s.cattle.io/v1" type="Normal" reason="ApplyingManifest" message="Applying manifest at \"/var/lib/rancher/k3s/server/manifests/metrics-server/resource-reader.yaml\""
2025-01-28 20:40:18,639 INFO c.h.h.t.HelmChartContainer - [K3S] [controllermanager.go:765] "Started controller" controller="ttl-after-finished-controller"
2025-01-28 20:40:18,639 INFO c.h.h.t.HelmChartContainer - [K3S] [ttlafterfinished_controller.go:112] "Starting TTL after finished controller"
2025-01-28 20:40:18,646 INFO c.h.h.t.HelmChartContainer - [K3S] [event.go:389] "Event occurred" object="kube-system/resource-reader" fieldPath="" kind="Addon" apiVersion="k3s.cattle.io/v1" type="Normal" reason="AppliedManifest" message="Applied manifest at \"/var/lib/rancher/k3s/server/manifests/metrics-server/resource-reader.yaml\""
2025-01-28 20:40:18,653 INFO c.h.h.t.HelmChartContainer - [K3S] [event.go:389] "Event occurred" object="kube-system/rolebindings" fieldPath="" kind="Addon" apiVersion="k3s.cattle.io/v1" type="Normal" reason="ApplyingManifest" message="Applying manifest at \"/var/lib/rancher/k3s/server/manifests/rolebindings.yaml\""
2025-01-28 20:40:18,758 INFO c.h.h.t.HelmChartContainer - [K3S] [event.go:389] "Event occurred" object="kube-system/rolebindings" fieldPath="" kind="Addon" apiVersion="k3s.cattle.io/v1" type="Normal" reason="AppliedManifest" message="Applied manifest at \"/var/lib/rancher/k3s/server/manifests/rolebindings.yaml\""
2025-01-28 20:40:18,764 INFO c.h.h.t.HelmChartContainer - [K3S] [event.go:389] "Event occurred" object="kube-system/runtimes" fieldPath="" kind="Addon" apiVersion="k3s.cattle.io/v1" type="Normal" reason="ApplyingManifest" message="Applying manifest at \"/var/lib/rancher/k3s/server/manifests/runtimes.yaml\""
2025-01-28 20:40:18,787 INFO c.h.h.t.HelmChartContainer - [K3S] [INFO] Updating TLS secret for kube-system/k3s-serving (count: 10): map[listener.cattle.io/cn-10.43.0.1:10.43.0.1 listener.cattle.io/cn-127.0.0.1:127.0.0.1 listener.cattle.io/cn-172.18.0.2:172.18.0.2 listener.cattle.io/cn-3de41117d5a7:3de41117d5a7 listener.cattle.io/cn-__1-f16284:::1 listener.cattle.io/cn-kubernetes:kubernetes listener.cattle.io/cn-kubernetes.default:kubernetes.default listener.cattle.io/cn-kubernetes.default.svc:kubernetes.default.svc listener.cattle.io/cn-kubernetes.default.svc.cluster.local:kubernetes.default.svc.cluster.local listener.cattle.io/cn-localhost:localhost listener.cattle.io/fingerprint:SHA1=F75A06BD868AD0B610EC71FB3DE311DEE60C4D23]
2025-01-28 20:40:18,792 INFO c.h.h.t.HelmChartContainer - [K3S] [controllermanager.go:765] "Started controller" controller="legacy-serviceaccount-token-cleaner-controller"
2025-01-28 20:40:18,793 INFO c.h.h.t.HelmChartContainer - [K3S] [legacy_serviceaccount_token_cleaner.go:103] "Starting legacy service account token cleaner controller"
2025-01-28 20:40:18,800 INFO c.h.h.t.HelmChartContainer - [K3S] [INFO] Active TLS secret kube-system/k3s-serving (ver=326) (count 10): map[listener.cattle.io/cn-10.43.0.1:10.43.0.1 listener.cattle.io/cn-127.0.0.1:127.0.0.1 listener.cattle.io/cn-172.18.0.2:172.18.0.2 listener.cattle.io/cn-3de41117d5a7:3de41117d5a7 listener.cattle.io/cn-__1-f16284:::1 listener.cattle.io/cn-kubernetes:kubernetes listener.cattle.io/cn-kubernetes.default:kubernetes.default listener.cattle.io/cn-kubernetes.default.svc:kubernetes.default.svc listener.cattle.io/cn-kubernetes.default.svc.cluster.local:kubernetes.default.svc.cluster.local listener.cattle.io/cn-localhost:localhost listener.cattle.io/fingerprint:SHA1=F75A06BD868AD0B610EC71FB3DE311DEE60C4D23]
2025-01-28 20:40:18,828 INFO c.h.h.t.HelmChartContainer - [K3S] [event.go:389] "Event occurred" object="kube-system/runtimes" fieldPath="" kind="Addon" apiVersion="k3s.cattle.io/v1" type="Normal" reason="AppliedManifest" message="Applied manifest at \"/var/lib/rancher/k3s/server/manifests/runtimes.yaml\""
2025-01-28 20:40:18,883 INFO c.h.h.t.HelmChartContainer - [K3S] [INFO] Updating TLS secret for kube-system/k3s-serving (count: 10): map[listener.cattle.io/cn-10.43.0.1:10.43.0.1 listener.cattle.io/cn-127.0.0.1:127.0.0.1 listener.cattle.io/cn-172.18.0.2:172.18.0.2 listener.cattle.io/cn-3de41117d5a7:3de41117d5a7 listener.cattle.io/cn-__1-f16284:::1 listener.cattle.io/cn-kubernetes:kubernetes listener.cattle.io/cn-kubernetes.default:kubernetes.default listener.cattle.io/cn-kubernetes.default.svc:kubernetes.default.svc listener.cattle.io/cn-kubernetes.default.svc.cluster.local:kubernetes.default.svc.cluster.local listener.cattle.io/cn-localhost:localhost listener.cattle.io/fingerprint:SHA1=F75A06BD868AD0B610EC71FB3DE311DEE60C4D23]
2025-01-28 20:40:18,940 INFO c.h.h.t.HelmChartContainer - [K3S] [controllermanager.go:765] "Started controller" controller="endpointslice-mirroring-controller"
2025-01-28 20:40:18,940 INFO c.h.h.t.HelmChartContainer - [K3S] [endpointslicemirroring_controller.go:227] "Starting EndpointSliceMirroring controller"
2025-01-28 20:40:19,091 INFO c.h.h.t.HelmChartContainer - [K3S] [controllermanager.go:765] "Started controller" controller="replicationcontroller-controller"
2025-01-28 20:40:19,091 INFO c.h.h.t.HelmChartContainer - [K3S] [replica_set.go:217] "Starting controller" name="replicationcontroller"
2025-01-28 20:40:19,208 INFO c.h.h.t.HelmChartContainer - [K3S] [INFO] Tunnel authorizer set Kubelet Port 0.0.0.0:10250
2025-01-28 20:40:19,242 INFO c.h.h.t.HelmChartContainer - [K3S] [controllermanager.go:765] "Started controller" controller="cronjob-controller"
2025-01-28 20:40:19,242 INFO c.h.h.t.HelmChartContainer - [K3S] [cronjob_controllerv2.go:145] "Starting cronjob controller v2"
2025-01-28 20:40:19,356 INFO c.h.h.t.HelmChartContainer - [K3S] [serving.go:392] Generated self-signed cert in-memory
2025-01-28 20:40:19,391 INFO c.h.h.t.HelmChartContainer - [K3S] [controllermanager.go:765] "Started controller" controller="token-cleaner-controller"
2025-01-28 20:40:19,391 INFO c.h.h.t.HelmChartContainer - [K3S] [tokencleaner.go:117] "Starting token cleaner controller"
2025-01-28 20:40:19,518 INFO c.h.h.t.HelmChartContainer - [K3S] [serving.go:392] Generated self-signed cert in-memory
2025-01-28 20:40:19,544 INFO c.h.h.t.HelmChartContainer - [K3S] [range_allocator.go:112] "No Secondary Service CIDR provided. Skipping filtering out secondary service addresses"
2025-01-28 20:40:19,544 INFO c.h.h.t.HelmChartContainer - [K3S] [controllermanager.go:765] "Started controller" controller="node-ipam-controller"
2025-01-28 20:40:19,544 INFO c.h.h.t.HelmChartContainer - [K3S] [controllermanager.go:723] "Skipping a cloud provider controller" controller="cloud-node-lifecycle-controller"
2025-01-28 20:40:19,545 INFO c.h.h.t.HelmChartContainer - [K3S] [controllermanager.go:717] "Controller is disabled by a feature gate" controller="kube-apiserver-serving-clustertrustbundle-publisher-controller" requiredFeatureGates=["ClusterTrustBundle"]
2025-01-28 20:40:19,545 INFO c.h.h.t.HelmChartContainer - [K3S] [node_ipam_controller.go:141] "Starting ipam controller"
2025-01-28 20:40:19,569 INFO c.h.h.t.HelmChartContainer - [K3S] [handler_proxy.go:99] no RequestInfo found in the context
2025-01-28 20:40:19,569 INFO c.h.h.t.HelmChartContainer - [K3S] [handler_proxy.go:99] no RequestInfo found in the context
2025-01-28 20:40:19,569 INFO c.h.h.t.HelmChartContainer - [K3S] [controller.go:102] "Unhandled Error" err=<
2025-01-28 20:40:19,569 INFO c.h.h.t.HelmChartContainer - [K3S] 	, Header: map[Content-Type:[text/plain; charset=utf-8] X-Content-Type-Options:[nosniff]]
2025-01-28 20:40:19,569 INFO c.h.h.t.HelmChartContainer - [K3S]  >
2025-01-28 20:40:19,692 INFO c.h.h.t.HelmChartContainer - [K3S] [controllermanager.go:765] "Started controller" controller="endpointslice-controller"
2025-01-28 20:40:19,692 INFO c.h.h.t.HelmChartContainer - [K3S] [endpointslice_controller.go:281] "Starting endpoint slice controller"
2025-01-28 20:40:19,707 INFO c.h.h.t.HelmChartContainer - [K3S] [event.go:389] "Event occurred" object="3de41117d5a7" fieldPath="" kind="Node" apiVersion="" type="Normal" reason="NodePasswordValidationComplete" message="Deferred node password secret validation complete"
2025-01-28 20:40:19,783 INFO c.h.h.t.HelmChartContainer - [K3S] [controllermanager.go:160] Version: v1.32.0+k3s1
2025-01-28 20:40:19,786 INFO c.h.h.t.HelmChartContainer - [K3S] [secure_serving.go:213] Serving securely on 127.0.0.1:10258
2025-01-28 20:40:19,786 INFO c.h.h.t.HelmChartContainer - [K3S] [requestheader_controller.go:180] Starting RequestHeaderAuthRequestController
2025-01-28 20:40:19,786 INFO c.h.h.t.HelmChartContainer - [K3S] [configmap_cafile_content.go:205] "Starting controller" name="client-ca::kube-system::extension-apiserver-authentication::client-ca-file"
2025-01-28 20:40:19,786 INFO c.h.h.t.HelmChartContainer - [K3S] [tlsconfig.go:243] "Starting DynamicServingCertificateController"
2025-01-28 20:40:19,787 INFO c.h.h.t.HelmChartContainer - [K3S] [configmap_cafile_content.go:205] "Starting controller" name="client-ca::kube-system::extension-apiserver-authentication::requestheader-client-ca-file"
2025-01-28 20:40:19,793 INFO c.h.h.t.HelmChartContainer - [K3S] [INFO] Creating service-lb-controller event broadcaster
2025-01-28 20:40:19,840 INFO c.h.h.t.HelmChartContainer - [K3S] [controllermanager.go:765] "Started controller" controller="replicaset-controller"
2025-01-28 20:40:19,840 INFO c.h.h.t.HelmChartContainer - [K3S] [replica_set.go:217] "Starting controller" name="replicaset"
2025-01-28 20:40:19,889 INFO c.h.h.t.HelmChartContainer - [K3S] [controllermanager.go:765] "Started controller" controller="certificatesigningrequest-cleaner-controller"
2025-01-28 20:40:19,889 INFO c.h.h.t.HelmChartContainer - [K3S] [controllermanager.go:723] "Skipping a cloud provider controller" controller="node-route-controller"
2025-01-28 20:40:19,890 INFO c.h.h.t.HelmChartContainer - [K3S] [cleaner.go:83] "Starting CSR cleaner controller"
2025-01-28 20:40:19,906 INFO c.h.h.t.HelmChartContainer - [K3S] [INFO] Starting /v1, Kind=Node controller
2025-01-28 20:40:19,909 INFO c.h.h.t.HelmChartContainer - [K3S] [INFO] Starting /v1, Kind=Pod controller
2025-01-28 20:40:19,912 INFO c.h.h.t.HelmChartContainer - [K3S] [INFO] Starting apps/v1, Kind=DaemonSet controller
2025-01-28 20:40:19,915 INFO c.h.h.t.HelmChartContainer - [K3S] [INFO] Starting discovery.k8s.io/v1, Kind=EndpointSlice controller
2025-01-28 20:40:19,917 INFO c.h.h.t.HelmChartContainer - [K3S] [node_controller.go:176] Sending events to api server.
2025-01-28 20:40:19,918 INFO c.h.h.t.HelmChartContainer - [K3S] [node_controller.go:185] Waiting for informer caches to sync
2025-01-28 20:40:19,918 INFO c.h.h.t.HelmChartContainer - [K3S] [controllermanager.go:329] Started "cloud-node-controller"
2025-01-28 20:40:19,919 INFO c.h.h.t.HelmChartContainer - [K3S] [controllermanager.go:329] Started "cloud-node-lifecycle-controller"
2025-01-28 20:40:19,920 INFO c.h.h.t.HelmChartContainer - [K3S] [node_lifecycle_controller.go:112] Sending events to api server
2025-01-28 20:40:19,920 INFO c.h.h.t.HelmChartContainer - [K3S] [controllermanager.go:329] Started "service-lb-controller"
2025-01-28 20:40:19,920 INFO c.h.h.t.HelmChartContainer - [K3S] [controllermanager.go:306] "node-route-controller" is disabled
2025-01-28 20:40:19,920 INFO c.h.h.t.HelmChartContainer - [K3S] [controller.go:234] Starting service controller
2025-01-28 20:40:20,016 INFO c.h.h.t.HelmChartContainer - [K3S] [node_controller.go:429] Initializing node 3de41117d5a7 with cloud provider
2025-01-28 20:40:20,020 INFO c.h.h.t.HelmChartContainer - [K3S] [node_controller.go:474] Successfully initialized node 3de41117d5a7 with cloud provider
2025-01-28 20:40:20,021 INFO c.h.h.t.HelmChartContainer - [K3S] [event.go:389] "Event occurred" object="3de41117d5a7" fieldPath="" kind="Node" apiVersion="v1" type="Normal" reason="Synced" message="Node synced successfully"
2025-01-28 20:40:20,028 INFO c.h.h.t.HelmChartContainer - [K3S] [INFO] Updated coredns NodeHosts entry for 3de41117d5a7
2025-01-28 20:40:20,040 INFO c.h.h.t.HelmChartContainer - [K3S] [controllermanager.go:765] "Started controller" controller="persistentvolume-expander-controller"
2025-01-28 20:40:20,040 INFO c.h.h.t.HelmChartContainer - [K3S] [expand_controller.go:329] "Starting expand controller"
2025-01-28 20:40:20,211 INFO c.h.h.t.HelmChartContainer - [K3S] [INFO] Started tunnel to 172.18.0.2:6443
2025-01-28 20:40:20,211 INFO c.h.h.t.HelmChartContainer - [K3S] [INFO] Stopped tunnel to 127.0.0.1:6443
2025-01-28 20:40:20,211 INFO c.h.h.t.HelmChartContainer - [K3S] [INFO] Connecting to proxy" url="wss://172.18.0.2:6443/v1-k3s/connect
2025-01-28 20:40:20,211 INFO c.h.h.t.HelmChartContainer - [K3S] [INFO] Proxy done" err="context canceled" url="wss://127.0.0.1:6443/v1-k3s/connect
2025-01-28 20:40:20,211 INFO c.h.h.t.HelmChartContainer - [K3S] [INFO] error in remotedialer server [400]: websocket: close 1006 (abnormal closure): unexpected EOF
2025-01-28 20:40:20,216 INFO c.h.h.t.HelmChartContainer - [K3S] [INFO] Handling backend connection request [3de41117d5a7]
2025-01-28 20:40:20,216 INFO c.h.h.t.HelmChartContainer - [K3S] [INFO] Remotedialer connected to proxy" url="wss://172.18.0.2:6443/v1-k3s/connect
2025-01-28 20:40:20,243 INFO c.h.h.t.HelmChartContainer - [K3S] [controllermanager.go:765] "Started controller" controller="disruption-controller"
2025-01-28 20:40:20,243 INFO c.h.h.t.HelmChartContainer - [K3S] [disruption.go:452] "Sending events to api server."
2025-01-28 20:40:20,243 INFO c.h.h.t.HelmChartContainer - [K3S] [disruption.go:463] "Starting disruption controller"
2025-01-28 20:40:20,293 INFO c.h.h.t.HelmChartContainer - [K3S] [controllermanager.go:765] "Started controller" controller="certificatesigningrequest-signing-controller"
2025-01-28 20:40:20,295 INFO c.h.h.t.HelmChartContainer - [K3S] [certificate_controller.go:120] "Starting certificate controller" name="csrsigning-kubelet-serving"
2025-01-28 20:40:20,295 INFO c.h.h.t.HelmChartContainer - [K3S] [certificate_controller.go:120] "Starting certificate controller" name="csrsigning-kubelet-client"
2025-01-28 20:40:20,296 INFO c.h.h.t.HelmChartContainer - [K3S] [certificate_controller.go:120] "Starting certificate controller" name="csrsigning-kube-apiserver-client"
2025-01-28 20:40:20,296 INFO c.h.h.t.HelmChartContainer - [K3S] [certificate_controller.go:120] "Starting certificate controller" name="csrsigning-legacy-unknown"
2025-01-28 20:40:20,296 INFO c.h.h.t.HelmChartContainer - [K3S] [dynamic_serving_content.go:135] "Starting controller" name="csr-controller::/var/lib/rancher/k3s/server/tls/server-ca.nochain.crt::/var/lib/rancher/k3s/server/tls/server-ca.key"
2025-01-28 20:40:20,296 INFO c.h.h.t.HelmChartContainer - [K3S] [dynamic_serving_content.go:135] "Starting controller" name="csr-controller::/var/lib/rancher/k3s/server/tls/client-ca.nochain.crt::/var/lib/rancher/k3s/server/tls/client-ca.key"
2025-01-28 20:40:20,296 INFO c.h.h.t.HelmChartContainer - [K3S] [dynamic_serving_content.go:135] "Starting controller" name="csr-controller::/var/lib/rancher/k3s/server/tls/client-ca.nochain.crt::/var/lib/rancher/k3s/server/tls/client-ca.key"
2025-01-28 20:40:20,296 INFO c.h.h.t.HelmChartContainer - [K3S] [dynamic_serving_content.go:135] "Starting controller" name="csr-controller::/var/lib/rancher/k3s/server/tls/server-ca.nochain.crt::/var/lib/rancher/k3s/server/tls/server-ca.key"
2025-01-28 20:40:20,415 INFO c.h.h.t.HelmChartContainer - [K3S] [serving.go:392] Generated self-signed cert in-memory
2025-01-28 20:40:20,441 INFO c.h.h.t.HelmChartContainer - [K3S] [controllermanager.go:765] "Started controller" controller="clusterrole-aggregation-controller"
2025-01-28 20:40:20,442 INFO c.h.h.t.HelmChartContainer - [K3S] [clusterroleaggregation_controller.go:194] "Starting ClusterRoleAggregator controller"
2025-01-28 20:40:20,590 INFO c.h.h.t.HelmChartContainer - [K3S] [controllermanager.go:765] "Started controller" controller="persistentvolume-protection-controller"
2025-01-28 20:40:20,590 INFO c.h.h.t.HelmChartContainer - [K3S] [pv_protection_controller.go:81] "Starting PV protection controller"
2025-01-28 20:40:20,593 INFO c.h.h.t.HelmChartContainer - [K3S] [server.go:164] "Starting Kubernetes Scheduler" version="v1.32.0+k3s1"
2025-01-28 20:40:20,593 INFO c.h.h.t.HelmChartContainer - [K3S] [server.go:166] "Golang settings" GOGC="" GOMAXPROCS="" GOTRACEBACK=""
2025-01-28 20:40:20,602 INFO c.h.h.t.HelmChartContainer - [K3S] [requestheader_controller.go:180] Starting RequestHeaderAuthRequestController
2025-01-28 20:40:20,602 INFO c.h.h.t.HelmChartContainer - [K3S] [configmap_cafile_content.go:205] "Starting controller" name="client-ca::kube-system::extension-apiserver-authentication::client-ca-file"
2025-01-28 20:40:20,602 INFO c.h.h.t.HelmChartContainer - [K3S] [configmap_cafile_content.go:205] "Starting controller" name="client-ca::kube-system::extension-apiserver-authentication::requestheader-client-ca-file"
2025-01-28 20:40:20,602 INFO c.h.h.t.HelmChartContainer - [K3S] [secure_serving.go:213] Serving securely on 127.0.0.1:10259
2025-01-28 20:40:20,602 INFO c.h.h.t.HelmChartContainer - [K3S] [tlsconfig.go:243] "Starting DynamicServingCertificateController"
2025-01-28 20:40:20,741 INFO c.h.h.t.HelmChartContainer - [K3S] [controllermanager.go:765] "Started controller" controller="ephemeral-volume-controller"
2025-01-28 20:40:20,741 INFO c.h.h.t.HelmChartContainer - [K3S] [controllermanager.go:743] "Warning: skipping controller" controller="storage-version-migrator-controller"
2025-01-28 20:40:20,741 INFO c.h.h.t.HelmChartContainer - [K3S] [controller.go:173] "Starting ephemeral volume controller"
2025-01-28 20:40:20,995 INFO c.h.h.t.HelmChartContainer - [K3S] [controllermanager.go:765] "Started controller" controller="namespace-controller"
2025-01-28 20:40:20,995 INFO c.h.h.t.HelmChartContainer - [K3S] [namespace_controller.go:202] "Starting namespace controller"
2025-01-28 20:40:21,147 INFO c.h.h.t.HelmChartContainer - [K3S] [controllermanager.go:765] "Started controller" controller="job-controller"
2025-01-28 20:40:21,147 INFO c.h.h.t.HelmChartContainer - [K3S] [job_controller.go:243] "Starting job controller"
2025-01-28 20:40:21,440 INFO c.h.h.t.HelmChartContainer - [K3S] [controllermanager.go:765] "Started controller" controller="horizontal-pod-autoscaler-controller"
2025-01-28 20:40:21,440 INFO c.h.h.t.HelmChartContainer - [K3S] [horizontal.go:201] "Starting HPA controller"
2025-01-28 20:40:21,591 INFO c.h.h.t.HelmChartContainer - [K3S] [controllermanager.go:765] "Started controller" controller="ttl-controller"
2025-01-28 20:40:21,591 INFO c.h.h.t.HelmChartContainer - [K3S] [controllermanager.go:717] "Controller is disabled by a feature gate" controller="storageversion-garbage-collector-controller" requiredFeatureGates=["APIServerIdentity","StorageVersionAPI"]
2025-01-28 20:40:21,591 INFO c.h.h.t.HelmChartContainer - [K3S] [ttl_controller.go:127] "Starting TTL controller"
2025-01-28 20:40:21,741 INFO c.h.h.t.HelmChartContainer - [K3S] [controllermanager.go:765] "Started controller" controller="daemonset-controller"
2025-01-28 20:40:21,741 INFO c.h.h.t.HelmChartContainer - [K3S] [controllermanager.go:717] "Controller is disabled by a feature gate" controller="volumeattributesclass-protection-controller" requiredFeatureGates=["VolumeAttributesClass"]
2025-01-28 20:40:21,741 INFO c.h.h.t.HelmChartContainer - [K3S] [daemon_controller.go:294] "Starting daemon sets controller"
2025-01-28 20:40:21,939 INFO c.h.h.t.HelmChartContainer - [K3S] [controllermanager.go:765] "Started controller" controller="validatingadmissionpolicy-status-controller"
2025-01-28 20:40:21,964 INFO c.h.h.t.HelmChartContainer - [K3S] [actual_state_of_world.go:541] "Failed to update statusUpdateNeeded field in actual state of world" err="Failed to set statusUpdateNeeded to needed true, because nodeName=\"3de41117d5a7\" does not exist"
2025-01-28 20:40:22,045 INFO c.h.h.t.HelmChartContainer - [K3S] [range_allocator.go:177] "Sending events to api server"
2025-01-28 20:40:22,045 INFO c.h.h.t.HelmChartContainer - [K3S] [range_allocator.go:183] "Starting range CIDR allocator"
2025-01-28 20:40:22,050 INFO c.h.h.t.HelmChartContainer - [K3S] [range_allocator.go:428] "Set node PodCIDR" node="3de41117d5a7" podCIDRs=["10.42.0.0/24"]
2025-01-28 20:40:22,050 INFO c.h.h.t.HelmChartContainer - [K3S] [range_allocator.go:247] "Successfully synced" key="3de41117d5a7"
2025-01-28 20:40:22,050 INFO c.h.h.t.HelmChartContainer - [K3S] [range_allocator.go:247] "Successfully synced" key="3de41117d5a7"
2025-01-28 20:40:22,050 INFO c.h.h.t.HelmChartContainer - [K3S] [INFO] Flannel found PodCIDR assigned for node 3de41117d5a7
2025-01-28 20:40:22,050 INFO c.h.h.t.HelmChartContainer - [K3S] [INFO] The interface eth0 with ipv4 address 172.18.0.2 will be used by flannel
2025-01-28 20:40:22,051 INFO c.h.h.t.HelmChartContainer - [K3S] [kube.go:139] Waiting 10m0s for node controller to sync
2025-01-28 20:40:22,051 INFO c.h.h.t.HelmChartContainer - [K3S] [kube.go:469] Starting kube subnet manager
2025-01-28 20:40:22,165 INFO c.h.h.t.HelmChartContainer - [K3S] [INFO] Starting network policy controller version v2.2.1, built on 2025-01-10T17:03:20Z, go1.23.3
2025-01-28 20:40:22,165 INFO c.h.h.t.HelmChartContainer - [K3S] [network_policy_controller.go:164] Starting network policy controller
2025-01-28 20:40:22,192 INFO c.h.h.t.HelmChartContainer - [K3S] [network_policy_controller.go:176] Starting network policy controller full sync goroutine
2025-01-28 20:40:22,251 INFO c.h.h.t.HelmChartContainer - [K3S] [node_lifecycle_controller.go:1234] "Initializing eviction metric for zone" zone=""
2025-01-28 20:40:22,251 INFO c.h.h.t.HelmChartContainer - [K3S] [node_lifecycle_controller.go:886] "Missing timestamp for Node. Assuming now as a timestamp" node="3de41117d5a7"
2025-01-28 20:40:22,251 INFO c.h.h.t.HelmChartContainer - [K3S] [node_lifecycle_controller.go:1080] "Controller detected that zone is now in new state" zone="" newState="Normal"
2025-01-28 20:40:22,256 INFO c.h.h.t.HelmChartContainer - [K3S] [range_allocator.go:247] "Successfully synced" key="3de41117d5a7"
2025-01-28 20:40:22,497 INFO c.h.h.t.HelmChartContainer - [K3S] [handler_proxy.go:99] no RequestInfo found in the context
2025-01-28 20:40:22,497 INFO c.h.h.t.HelmChartContainer - [K3S] [controller.go:146] "Unhandled Error" err=<
2025-01-28 20:40:22,497 INFO c.h.h.t.HelmChartContainer - [K3S] 	, Header: map[Content-Type:[text/plain; charset=utf-8] X-Content-Type-Options:[nosniff]]
2025-01-28 20:40:22,497 INFO c.h.h.t.HelmChartContainer - [K3S]  >
2025-01-28 20:40:22,498 INFO c.h.h.t.HelmChartContainer - [K3S] [handler_proxy.go:143] error resolving kube-system/metrics-server: no endpoints available for service "metrics-server"
2025-01-28 20:40:22,545 INFO c.h.h.t.HelmChartContainer - [K3S] [range_allocator.go:247] "Successfully synced" key="3de41117d5a7"
2025-01-28 20:40:22,852 INFO c.h.h.t.HelmChartContainer - [K3S] [replica_set.go:679] "Finished syncing" kind="ReplicaSet" key="kube-system/metrics-server-8584b5786c" duration="105.473319ms"
2025-01-28 20:40:22,852 INFO c.h.h.t.HelmChartContainer - [K3S] [replica_set.go:679] "Finished syncing" kind="ReplicaSet" key="kube-system/coredns-ff8999cc5" duration="105.306845ms"
2025-01-28 20:40:22,857 INFO c.h.h.t.HelmChartContainer - [K3S] [replica_set.go:679] "Finished syncing" kind="ReplicaSet" key="kube-system/local-path-provisioner-698b58967b" duration="111.147619ms"
2025-01-28 20:40:22,861 INFO c.h.h.t.HelmChartContainer - [K3S] [replica_set.go:679] "Finished syncing" kind="ReplicaSet" key="kube-system/coredns-ff8999cc5" duration="9.180606ms"
2025-01-28 20:40:22,862 INFO c.h.h.t.HelmChartContainer - [K3S] [replica_set.go:679] "Finished syncing" kind="ReplicaSet" key="kube-system/metrics-server-8584b5786c" duration="10.247857ms"
2025-01-28 20:40:22,870 INFO c.h.h.t.HelmChartContainer - [K3S] [replica_set.go:679] "Finished syncing" kind="ReplicaSet" key="kube-system/local-path-provisioner-698b58967b" duration="12.862029ms"
2025-01-28 20:40:22,871 INFO c.h.h.t.HelmChartContainer - [K3S] [replica_set.go:679] "Finished syncing" kind="ReplicaSet" key="kube-system/local-path-provisioner-698b58967b" duration="41.017µs"
2025-01-28 20:40:22,880 INFO c.h.h.t.HelmChartContainer - [K3S] [replica_set.go:679] "Finished syncing" kind="ReplicaSet" key="kube-system/coredns-ff8999cc5" duration="18.990625ms"
2025-01-28 20:40:22,881 INFO c.h.h.t.HelmChartContainer - [K3S] [replica_set.go:679] "Finished syncing" kind="ReplicaSet" key="kube-system/coredns-ff8999cc5" duration="28.262µs"
2025-01-28 20:40:22,883 INFO c.h.h.t.HelmChartContainer - [K3S] [replica_set.go:679] "Finished syncing" kind="ReplicaSet" key="kube-system/metrics-server-8584b5786c" duration="21.594493ms"
2025-01-28 20:40:22,884 INFO c.h.h.t.HelmChartContainer - [K3S] [replica_set.go:679] "Finished syncing" kind="ReplicaSet" key="kube-system/metrics-server-8584b5786c" duration="46.487µs"
2025-01-28 20:40:22,890 INFO c.h.h.t.HelmChartContainer - [K3S] [replica_set.go:679] "Finished syncing" kind="ReplicaSet" key="kube-system/local-path-provisioner-698b58967b" duration="24.796µs"
2025-01-28 20:40:22,895 INFO c.h.h.t.HelmChartContainer - [K3S] [reconciler_common.go:251] "operationExecutor.VerifyControllerAttachedVolume started for volume \"config-volume\" (UniqueName: \"kubernetes.io/configmap/df4955c1-693d-4455-afb9-3fe1ff76aa67-config-volume\") pod \"coredns-ff8999cc5-d5wkp\" (UID: \"df4955c1-693d-4455-afb9-3fe1ff76aa67\") " pod="kube-system/coredns-ff8999cc5-d5wkp"
2025-01-28 20:40:22,895 INFO c.h.h.t.HelmChartContainer - [K3S] [reconciler_common.go:251] "operationExecutor.VerifyControllerAttachedVolume started for volume \"custom-config-volume\" (UniqueName: \"kubernetes.io/configmap/df4955c1-693d-4455-afb9-3fe1ff76aa67-custom-config-volume\") pod \"coredns-ff8999cc5-d5wkp\" (UID: \"df4955c1-693d-4455-afb9-3fe1ff76aa67\") " pod="kube-system/coredns-ff8999cc5-d5wkp"
2025-01-28 20:40:22,895 INFO c.h.h.t.HelmChartContainer - [K3S] [reconciler_common.go:251] "operationExecutor.VerifyControllerAttachedVolume started for volume \"kube-api-access-472tc\" (UniqueName: \"kubernetes.io/projected/df4955c1-693d-4455-afb9-3fe1ff76aa67-kube-api-access-472tc\") pod \"coredns-ff8999cc5-d5wkp\" (UID: \"df4955c1-693d-4455-afb9-3fe1ff76aa67\") " pod="kube-system/coredns-ff8999cc5-d5wkp"
2025-01-28 20:40:22,896 INFO c.h.h.t.HelmChartContainer - [K3S] [reconciler_common.go:251] "operationExecutor.VerifyControllerAttachedVolume started for volume \"tmp-dir\" (UniqueName: \"kubernetes.io/empty-dir/ab629238-1e30-43b8-850e-6d4ac0a92986-tmp-dir\") pod \"metrics-server-8584b5786c-lk9xg\" (UID: \"ab629238-1e30-43b8-850e-6d4ac0a92986\") " pod="kube-system/metrics-server-8584b5786c-lk9xg"
2025-01-28 20:40:22,896 INFO c.h.h.t.HelmChartContainer - [K3S] [reconciler_common.go:251] "operationExecutor.VerifyControllerAttachedVolume started for volume \"kube-api-access-gsdvb\" (UniqueName: \"kubernetes.io/projected/ab629238-1e30-43b8-850e-6d4ac0a92986-kube-api-access-gsdvb\") pod \"metrics-server-8584b5786c-lk9xg\" (UID: \"ab629238-1e30-43b8-850e-6d4ac0a92986\") " pod="kube-system/metrics-server-8584b5786c-lk9xg"
2025-01-28 20:40:22,896 INFO c.h.h.t.HelmChartContainer - [K3S] [reconciler_common.go:251] "operationExecutor.VerifyControllerAttachedVolume started for volume \"config-volume\" (UniqueName: \"kubernetes.io/configmap/952a8d76-8400-4e90-a69c-8eca8ebd4411-config-volume\") pod \"local-path-provisioner-698b58967b-gq6ph\" (UID: \"952a8d76-8400-4e90-a69c-8eca8ebd4411\") " pod="kube-system/local-path-provisioner-698b58967b-gq6ph"
2025-01-28 20:40:22,896 INFO c.h.h.t.HelmChartContainer - [K3S] [reconciler_common.go:251] "operationExecutor.VerifyControllerAttachedVolume started for volume \"kube-api-access-8sdkl\" (UniqueName: \"kubernetes.io/projected/952a8d76-8400-4e90-a69c-8eca8ebd4411-kube-api-access-8sdkl\") pod \"local-path-provisioner-698b58967b-gq6ph\" (UID: \"952a8d76-8400-4e90-a69c-8eca8ebd4411\") " pod="kube-system/local-path-provisioner-698b58967b-gq6ph"
2025-01-28 20:40:22,905 INFO c.h.h.t.HelmChartContainer - [K3S] [replica_set.go:679] "Finished syncing" kind="ReplicaSet" key="kube-system/coredns-ff8999cc5" duration="35.446µs"
2025-01-28 20:40:22,913 INFO c.h.h.t.HelmChartContainer - [K3S] [replica_set.go:679] "Finished syncing" kind="ReplicaSet" key="kube-system/metrics-server-8584b5786c" duration="36.749µs"
2025-01-28 20:40:23,051 INFO c.h.h.t.HelmChartContainer - [K3S] [kube.go:146] Node controller sync successful
2025-01-28 20:40:23,051 INFO c.h.h.t.HelmChartContainer - [K3S] [vxlan.go:141] VXLAN config: VNI=1 Port=0 GBP=false Learning=false DirectRouting=false
2025-01-28 20:40:23,053 INFO c.h.h.t.HelmChartContainer - [K3S] [kube.go:636] List of node(3de41117d5a7) annotations: map[string]string{"alpha.kubernetes.io/provided-node-ip":"172.18.0.2", "k3s.io/hostname":"3de41117d5a7", "k3s.io/internal-ip":"172.18.0.2", "k3s.io/node-args":"[\"server\",\"--etcd-arg\",\"unsafe-no-fsync\",\"--etcd-arg\",\"snapshot-count=10000\",\"--etcd-arg\",\"auto-compaction-mode=revision\",\"--etcd-arg\",\"auto-compaction-retention=1000000\",\"--kube-apiserver-arg\",\"etcd-compaction-interval=0s\",\"--disable\",\"traefik\",\"--tls-san\",\"localhost\"]", "k3s.io/node-config-hash":"2QNNT5M5XUBFOLO5XPGEVGOM5UDLHHTIVMSRUPAUHE5DU3HUYQUQ====", "k3s.io/node-env":"{}", "node.alpha.kubernetes.io/ttl":"0", "volumes.kubernetes.io/controller-managed-attach-detach":"true"}
2025-01-28 20:40:23,058 INFO c.h.h.t.HelmChartContainer - [K3S] [kube.go:490] Creating the node lease for IPv4. This is the n.Spec.PodCIDRs: [10.42.0.0/24]
2025-01-28 20:40:23,058 INFO c.h.h.t.HelmChartContainer - [K3S] [range_allocator.go:247] "Successfully synced" key="3de41117d5a7"
2025-01-28 20:40:23,059 INFO c.h.h.t.HelmChartContainer - [K3S] [iptables.go:51] Starting flannel in iptables mode...
2025-01-28 20:40:23,059 INFO c.h.h.t.HelmChartContainer - [K3S] [WARNING] no subnet found for key: FLANNEL_NETWORK in file: /run/flannel/subnet.env
2025-01-28 20:40:23,059 INFO c.h.h.t.HelmChartContainer - [K3S] [WARNING] no subnet found for key: FLANNEL_SUBNET in file: /run/flannel/subnet.env
2025-01-28 20:40:23,059 INFO c.h.h.t.HelmChartContainer - [K3S] [WARNING] no subnet found for key: FLANNEL_IPV6_NETWORK in file: /run/flannel/subnet.env
2025-01-28 20:40:23,059 INFO c.h.h.t.HelmChartContainer - [K3S] [WARNING] no subnet found for key: FLANNEL_IPV6_SUBNET in file: /run/flannel/subnet.env
2025-01-28 20:40:23,059 INFO c.h.h.t.HelmChartContainer - [K3S] [iptables.go:115] Current network or subnet (10.42.0.0/16, 10.42.0.0/24) is not equal to previous one (0.0.0.0/0, 0.0.0.0/0), trying to recycle old iptables rules
2025-01-28 20:40:23,067 INFO c.h.h.t.HelmChartContainer - [K3S] [iptables.go:125] Setting up masking rules
2025-01-28 20:40:23,069 INFO c.h.h.t.HelmChartContainer - [K3S] [iptables.go:226] Changing default FORWARD chain policy to ACCEPT
2025-01-28 20:40:23,071 INFO c.h.h.t.HelmChartContainer - [K3S] [INFO] Wrote flannel subnet file to /run/flannel/subnet.env
2025-01-28 20:40:23,071 INFO c.h.h.t.HelmChartContainer - [K3S] [INFO] Running flannel backend.
2025-01-28 20:40:23,071 INFO c.h.h.t.HelmChartContainer - [K3S] [vxlan_network.go:65] watching for new subnet leases
2025-01-28 20:40:23,080 INFO c.h.h.t.HelmChartContainer - [K3S] [iptables.go:372] bootstrap done
2025-01-28 20:40:23,085 INFO c.h.h.t.HelmChartContainer - [K3S] [iptables.go:372] bootstrap done
2025-01-28 20:40:23,499 INFO c.h.h.t.HelmChartContainer - [K3S] [handler_proxy.go:99] no RequestInfo found in the context
2025-01-28 20:40:23,499 INFO c.h.h.t.HelmChartContainer - [K3S] [handler_proxy.go:99] no RequestInfo found in the context
2025-01-28 20:40:23,500 INFO c.h.h.t.HelmChartContainer - [K3S] [controller.go:102] "Unhandled Error" err=<
2025-01-28 20:40:23,501 INFO c.h.h.t.HelmChartContainer - [K3S] 	, Header: map[Content-Type:[text/plain; charset=utf-8] X-Content-Type-Options:[nosniff]]
2025-01-28 20:40:23,501 INFO c.h.h.t.HelmChartContainer - [K3S]  >
2025-01-28 20:40:25,345 INFO c.h.h.t.HelmChartContainer - [K3S] [replica_set.go:679] "Finished syncing" kind="ReplicaSet" key="kube-system/local-path-provisioner-698b58967b" duration="3.814003ms"
2025-01-28 20:40:25,347 INFO c.h.h.t.HelmChartContainer - [K3S] [replica_set.go:679] "Finished syncing" kind="ReplicaSet" key="kube-system/local-path-provisioner-698b58967b" duration="28.974µs"
2025-01-28 20:40:26,344 INFO c.h.h.t.HelmChartContainer - [K3S] [replica_set.go:679] "Finished syncing" kind="ReplicaSet" key="kube-system/metrics-server-8584b5786c" duration="35.457µs"
2025-01-28 20:40:26,360 INFO c.h.h.t.HelmChartContainer - [K3S] [replica_set.go:679] "Finished syncing" kind="ReplicaSet" key="kube-system/coredns-ff8999cc5" duration="4.877485ms"
2025-01-28 20:40:26,362 INFO c.h.h.t.HelmChartContainer - [K3S] [replica_set.go:679] "Finished syncing" kind="ReplicaSet" key="kube-system/coredns-ff8999cc5" duration="35.437µs"
2025-01-28 20:40:26,693 INFO c.h.h.t.HelmChartContainer - [K3S] [kuberuntime_manager.go:1702] "Updating runtime config through cri with podcidr" CIDR="10.42.0.0/24"
2025-01-28 20:40:26,694 INFO c.h.h.t.HelmChartContainer - [K3S] [kubelet_network.go:61] "Updating Pod CIDR" originalPodCIDR="" newPodCIDR="10.42.0.0/24"
2025-01-28 20:40:26,700 INFO c.h.h.t.HelmChartContainer - [K3S] [range_allocator.go:247] "Successfully synced" key="3de41117d5a7"
2025-01-28 20:40:26,810 DEBUG c.h.h.t.HelmChartContainer - Image file loaded 'hivemq-platform-operator.tar'
2025-01-28 20:40:27,237 DEBUG c.h.h.t.HelmChartContainer - Image file loaded 'hivemq-platform-operator-init.tar'
2025-01-28 20:40:32,639 DEBUG c.h.h.t.HelmChartContainer - Image file loaded 'hivemq-platform.tar'
2025-01-28 20:40:32,639 DEBUG c.h.h.t.HelmChartContainer - Successful Helm chart Container startup
2025-01-28 20:40:32,648 INFO t.localhost/testcontainers/9fdmhhgsftbq3st4:latest - Container localhost/testcontainers/9fdmhhgsftbq3st4:latest started in PT20.628380879S
2025-01-28 20:40:32,659 DEBUG c.h.h.t.HelmChartContainer - Executing helm command: /bin/helm --kubeconfig /etc/rancher/k3s/k3s.yaml repo add hivemq https://hivemq.github.io/helm-charts
2025-01-28 20:40:34,079 INFO c.h.h.t.HelmChartContainer - [EVENT] Normal [Starting] Starting kubelet. [null:3de41117d5a7]
2025-01-28 20:40:34,081 INFO c.h.h.t.HelmChartContainer - [EVENT] Warning [InvalidDiskCapacity] invalid capacity 0 on image filesystem [null:3de41117d5a7]
2025-01-28 20:40:34,082 INFO c.h.h.t.HelmChartContainer - [EVENT] Normal [NodeHasSufficientMemory] Node 3de41117d5a7 status is now: NodeHasSufficientMemory [null:3de41117d5a7]
2025-01-28 20:40:34,079 INFO c.h.h.t.HelmChartContainer - Saved kubeconfig file on /tmp/kubeconfig-641833462990273732.yaml
2025-01-28 20:40:34,082 INFO c.h.h.t.HelmChartContainer - HelmChartContainer is started
2025-01-28 20:40:34,083 INFO c.h.h.t.HelmChartContainer - [EVENT] Normal [NodeHasNoDiskPressure] Node 3de41117d5a7 status is now: NodeHasNoDiskPressure [null:3de41117d5a7]
2025-01-28 20:40:34,084 INFO c.h.h.t.HelmChartContainer - [EVENT] Normal [NodeHasSufficientPID] Node 3de41117d5a7 status is now: NodeHasSufficientPID [null:3de41117d5a7]
2025-01-28 20:40:34,085 INFO c.h.h.t.HelmChartContainer - [EVENT] Normal [NodeAllocatableEnforced] Updated Node Allocatable limit across pods [null:3de41117d5a7]
2025-01-28 20:40:34,088 INFO c.h.h.t.HelmChartContainer - [EVENT] Normal [NodeReady] Node 3de41117d5a7 status is now: NodeReady [null:3de41117d5a7]
2025-01-28 20:40:34,089 INFO c.h.h.t.HelmChartContainer - [EVENT] Normal [NodePasswordValidationComplete] Deferred node password secret validation complete [null:3de41117d5a7]
2025-01-28 20:40:34,090 INFO c.h.h.t.HelmChartContainer - [EVENT] Normal [Synced] Node synced successfully [null:3de41117d5a7]
2025-01-28 20:40:34,091 INFO c.h.h.t.HelmChartContainer - [EVENT] Normal [RegisteredNode] Node 3de41117d5a7 event: Registered Node 3de41117d5a7 in Controller [null:3de41117d5a7]
]]></system-out>
  <system-err><![CDATA[]]></system-err>
</testsuite>
