<?xml version="1.0" encoding="UTF-8"?>
<testsuite name="com.hivemq.helmcharts.operator.HelmApplyCrdIT" tests="3" skipped="0" failures="0" errors="0" timestamp="2025-02-06T03:24:37" hostname="fv-az1333-682" time="116.197">
  <properties/>
  <testcase name="withCrdNotDeployed_withDisabledCrdApply_operatorIsFailing()" classname="com.hivemq.helmcharts.operator.HelmApplyCrdIT" time="29.874"/>
  <testcase name="withCrdNotDeployed_operatorIsRunning()" classname="com.hivemq.helmcharts.operator.HelmApplyCrdIT" time="41.793"/>
  <testcase name="withOutdatedCrd_operatorIsRunning()" classname="com.hivemq.helmcharts.operator.HelmApplyCrdIT" time="44.53"/>
</testsuite>
