<?xml version="1.0" encoding="UTF-8"?>
<testsuite name="com.hivemq.helmcharts.platform.HelmCustomServiceAccountIT" tests="4" skipped="0" failures="0" errors="0" timestamp="2025-07-18T15:37:36" hostname="pkrvmq0rgcvqdmg" time="389.597">
  <properties/>
  <testcase name="platformCharts_withCreateAndValidateDisabled_hivemqRunning()" classname="com.hivemq.helmcharts.platform.HelmCustomServiceAccountIT" time="88.711"/>
  <testcase name="platformCharts_withNonExistingCustomServiceAccountThenCreate_hivemqRunning()" classname="com.hivemq.helmcharts.platform.HelmCustomServiceAccountIT" time="111.561"/>
  <testcase name="platformCharts_withCreationAndValidationDisabled_withCorrectExternalPermissions_hivemqRunning()" classname="com.hivemq.helmcharts.platform.HelmCustomServiceAccountIT" time="85.163"/>
  <testcase name="platformCharts_withNonExistingPermissionsThenCreate_hivemqRunning()" classname="com.hivemq.helmcharts.platform.HelmCustomServiceAccountIT" time="104.161"/>
</testsuite>
