<?xml version="1.0" encoding="UTF-8"?>
<testsuite name="com.hivemq.helmcharts.ExtensionInstallationIT" tests="1" skipped="0" failures="0" errors="0" timestamp="2025-03-29T02:41:33" hostname="fv-az1370-358" time="126.405">
  <properties/>
  <testcase name="withLogExtensionConfiguration_hivemqRunning()" classname="com.hivemq.helmcharts.ExtensionInstallationIT" time="126.405"/>
</testsuite>
