<?xml version="1.0" encoding="UTF-8"?>
<testsuite name="com.hivemq.helmcharts.services.HelmWebsocketsIT" tests="2" skipped="0" failures="0" errors="0" timestamp="2025-01-30T04:03:29" hostname="fv-az1372-602" time="208.856">
  <properties/>
  <testcase name="platformChart_whenMtlsWebsocketEnabledWithDifferentPrivateKey_thenSendsReceivesMessage(Path)" classname="com.hivemq.helmcharts.services.HelmWebsocketsIT" time="104.181">
    <system-out><![CDATA[2025-01-30 04:03:29,922 INFO c.h.h.t.HelmChartContainer - Creating namespace 'helmwebsocketsit-operator'...
2025-01-30 04:03:29,930 INFO c.h.h.t.HelmChartContainer - Namespace 'helmwebsocketsit-operator' created
2025-01-30 04:03:29,930 INFO c.h.h.t.HelmChartContainer - Creating namespace 'helmwebsocketsit'...
2025-01-30 04:03:30,030 INFO c.h.h.t.HelmChartContainer - Namespace 'helmwebsocketsit' created
2025-01-30 04:03:30,093 DEBUG c.h.h.t.HelmChartContainer - Executing helm command: /bin/helm --kubeconfig /etc/rancher/k3s/k3s.yaml install test-hivemq-platform-operator /charts/hivemq-platform-operator --wait --timeout 5m0s --set image.repository=docker.io/hivemq --set image.name=hivemq-platform-operator-test --set image.initImageName=hivemq-platform-operator-init-test --set image.tag=snapshot --set image.pullPolicy=Never --set logLevel=DEBUG --set resources.cpu=512m --namespace helmwebsocketsit-operator
2025-01-30 04:03:30,390 INFO c.h.h.t.HelmChartContainer - [K3S] [alloc.go:330] "allocated clusterIPs" service="helmwebsocketsit-operator/hivemq-platform-operator-test-hivemq-platform-operator" clusterIPs={"IPv4":"10.43.190.38"}
2025-01-30 04:03:30,403 INFO c.h.h.t.HelmChartContainer - [EVENT] Normal [ScalingReplicaSet] Scaled up replica set hivemq-test-hivemq-platform-operator-6966f96d65 from 0 to 1 [helmwebsocketsit-operator:hivemq-test-hivemq-platform-operator]
2025-01-30 04:03:30,408 INFO c.h.h.t.HelmChartContainer - [POD] hivemq-test-hivemq-platform-operator-6966f96d65-cxlm4 [a536b7dd-5d45-460f-a683-3eb3d755d22d] in helmwebsocketsit-operator was ADDED
2025-01-30 04:03:30,410 INFO c.h.h.t.HelmChartContainer - [EVENT] Normal [SuccessfulCreate] Created pod: hivemq-test-hivemq-platform-operator-6966f96d65-cxlm4 [helmwebsocketsit-operator:hivemq-test-hivemq-platform-operator-6966f96d65]
2025-01-30 04:03:30,418 INFO c.h.h.t.HelmChartContainer - [POD] hivemq-test-hivemq-platform-operator-6966f96d65-cxlm4 [a536b7dd-5d45-460f-a683-3eb3d755d22d] in helmwebsocketsit-operator was MODIFIED
2025-01-30 04:03:30,418 INFO c.h.h.t.HelmChartContainer - [K3S] [memory_manager.go:355] "RemoveStaleState removing state" podUID="d4c7d31b-7274-4484-81c1-26292fec379d" containerName="hivemq"
2025-01-30 04:03:30,418 INFO c.h.h.t.HelmChartContainer - [K3S] [memory_manager.go:355] "RemoveStaleState removing state" podUID="f2127783-c6a7-4798-9523-325e5e755610" containerName="hivemq-platform-operator"
2025-01-30 04:03:30,420 INFO c.h.h.t.HelmChartContainer - [K3S] [replica_set.go:679] "Finished syncing" kind="ReplicaSet" key="helmwebsocketsit-operator/hivemq-test-hivemq-platform-operator-6966f96d65" duration="20.807001ms"
2025-01-30 04:03:30,423 INFO c.h.h.t.HelmChartContainer - [EVENT] Normal [Scheduled] Successfully assigned helmwebsocketsit-operator/hivemq-test-hivemq-platform-operator-6966f96d65-cxlm4 to ac12081e87d3 [helmwebsocketsit-operator:hivemq-test-hivemq-platform-operator-6966f96d65-cxlm4]
2025-01-30 04:03:30,431 INFO c.h.h.t.HelmChartContainer - [POD] hivemq-test-hivemq-platform-operator-6966f96d65-cxlm4 [a536b7dd-5d45-460f-a683-3eb3d755d22d] in helmwebsocketsit-operator was MODIFIED
2025-01-30 04:03:30,433 INFO c.h.h.t.HelmChartContainer - [K3S] [replica_set.go:679] "Finished syncing" kind="ReplicaSet" key="helmwebsocketsit-operator/hivemq-test-hivemq-platform-operator-6966f96d65" duration="12.506018ms"
2025-01-30 04:03:30,445 INFO c.h.h.t.HelmChartContainer - [K3S] [replica_set.go:679] "Finished syncing" kind="ReplicaSet" key="helmwebsocketsit-operator/hivemq-test-hivemq-platform-operator-6966f96d65" duration="11.848207ms"
2025-01-30 04:03:30,445 INFO c.h.h.t.HelmChartContainer - [K3S] [replica_set.go:679] "Finished syncing" kind="ReplicaSet" key="helmwebsocketsit-operator/hivemq-test-hivemq-platform-operator-6966f96d65" duration="34.164µs"
2025-01-30 04:03:30,541 INFO c.h.h.t.HelmChartContainer - [K3S] [reconciler_common.go:251] "operationExecutor.VerifyControllerAttachedVolume started for volume \"kube-api-access-vqwcr\" (UniqueName: \"kubernetes.io/projected/a536b7dd-5d45-460f-a683-3eb3d755d22d-kube-api-access-vqwcr\") pod \"hivemq-test-hivemq-platform-operator-6966f96d65-cxlm4\" (UID: \"a536b7dd-5d45-460f-a683-3eb3d755d22d\") " pod="helmwebsocketsit-operator/hivemq-test-hivemq-platform-operator-6966f96d65-cxlm4"
2025-01-30 04:03:30,805 INFO c.h.h.t.HelmChartContainer - [EVENT] Normal [Pulled] Container image "docker.io/hivemq/hivemq-platform-operator-test:snapshot" already present on machine [helmwebsocketsit-operator:hivemq-test-hivemq-platform-operator-6966f96d65-cxlm4]
2025-01-30 04:03:30,805 INFO c.h.h.t.HelmChartContainer - Received Pulled event for container hivemq-platform-operator in pod hivemq-test-hivemq-platform-operator-6966f96d65-cxlm4 [a536b7dd-5d45-460f-a683-3eb3d755d22d]
2025-01-30 04:03:30,921 INFO c.h.h.t.HelmChartContainer - [EVENT] Normal [Created] Created container: hivemq-platform-operator [helmwebsocketsit-operator:hivemq-test-hivemq-platform-operator-6966f96d65-cxlm4]
2025-01-30 04:03:30,921 INFO c.h.h.t.HelmChartContainer - Received Created event for container hivemq-platform-operator in pod hivemq-test-hivemq-platform-operator-6966f96d65-cxlm4 [a536b7dd-5d45-460f-a683-3eb3d755d22d]
2025-01-30 04:03:31,595 INFO c.h.h.t.HelmChartContainer - [K3S] [replica_set.go:679] "Finished syncing" kind="ReplicaSet" key="helmwebsocketsit-operator/hivemq-test-hivemq-platform-operator-6966f96d65" duration="41.628µs"
2025-01-30 04:03:31,597 INFO c.h.h.t.HelmChartContainer - [POD] hivemq-test-hivemq-platform-operator-6966f96d65-cxlm4 [a536b7dd-5d45-460f-a683-3eb3d755d22d] in helmwebsocketsit-operator was MODIFIED
2025-01-30 04:03:31,608 INFO c.h.h.t.HelmChartContainer - Started log watcher for hivemq-platform-operator in pod hivemq-test-hivemq-platform-operator-6966f96d65-cxlm4 [a536b7dd-5d45-460f-a683-3eb3d755d22d]
2025-01-30 04:03:31,608 INFO c.h.h.t.HelmChartContainer - [hivemq-test-hivemq-platform] [hivemq-platform-operator] [a536b7dd] -------------------------------------------------------------------------
2025-01-30 04:03:31,608 INFO c.h.h.t.HelmChartContainer - [EVENT] Normal [Started] Started container hivemq-platform-operator [helmwebsocketsit-operator:hivemq-test-hivemq-platform-operator-6966f96d65-cxlm4]
2025-01-30 04:03:31,608 INFO c.h.h.t.HelmChartContainer - Received Started event for container hivemq-platform-operator in pod hivemq-test-hivemq-platform-operator-6966f96d65-cxlm4 [a536b7dd-5d45-460f-a683-3eb3d755d22d]
2025-01-30 04:03:31,608 INFO c.h.h.t.HelmChartContainer - [hivemq-test-hivemq-platform] [hivemq-platform-operator] [a536b7dd] 
2025-01-30 04:03:31,608 INFO c.h.h.t.HelmChartContainer - [hivemq-test-hivemq-platform] [hivemq-platform-operator] [a536b7dd]                   _    _  _              __  __   ____
2025-01-30 04:03:31,608 INFO c.h.h.t.HelmChartContainer - [hivemq-test-hivemq-platform] [hivemq-platform-operator] [a536b7dd]                  | |  | |(_)            |  \/  | / __ \
2025-01-30 04:03:31,608 INFO c.h.h.t.HelmChartContainer - [hivemq-test-hivemq-platform] [hivemq-platform-operator] [a536b7dd]                  | |__| | _ __   __ ___ | \  / || |  | |
2025-01-30 04:03:31,608 INFO c.h.h.t.HelmChartContainer - [hivemq-test-hivemq-platform] [hivemq-platform-operator] [a536b7dd]                  |  __  || |\ \ / // _ \| |\/| || |  | |
2025-01-30 04:03:31,608 INFO c.h.h.t.HelmChartContainer - [hivemq-test-hivemq-platform] [hivemq-platform-operator] [a536b7dd]                  | |  | || | \ V /|  __/| |  | || |__| |
2025-01-30 04:03:31,608 INFO c.h.h.t.HelmChartContainer - [hivemq-test-hivemq-platform] [hivemq-platform-operator] [a536b7dd]                  |_|  |_||_|  \_/  \___||_|  |_| \___\_\
2025-01-30 04:03:31,608 INFO c.h.h.t.HelmChartContainer - [hivemq-test-hivemq-platform] [hivemq-platform-operator] [a536b7dd] 
2025-01-30 04:03:31,608 INFO c.h.h.t.HelmChartContainer - [hivemq-test-hivemq-platform] [hivemq-platform-operator] [a536b7dd] -------------------------------------------------------------------------
2025-01-30 04:03:31,608 INFO c.h.h.t.HelmChartContainer - [hivemq-test-hivemq-platform] [hivemq-platform-operator] [a536b7dd] 
2025-01-30 04:03:31,608 INFO c.h.h.t.HelmChartContainer - [hivemq-test-hivemq-platform] [hivemq-platform-operator] [a536b7dd]   HiveMQ Platform Operator Start Script v1.0
2025-01-30 04:03:31,608 INFO c.h.h.t.HelmChartContainer - [hivemq-test-hivemq-platform] [hivemq-platform-operator] [a536b7dd] 
2025-01-30 04:03:31,608 INFO c.h.h.t.HelmChartContainer - [hivemq-test-hivemq-platform] [hivemq-platform-operator] [a536b7dd] -------------------------------------------------------------------------
2025-01-30 04:03:31,608 INFO c.h.h.t.HelmChartContainer - [hivemq-test-hivemq-platform] [hivemq-platform-operator] [a536b7dd] 
2025-01-30 04:03:31,608 INFO c.h.h.t.HelmChartContainer - [hivemq-test-hivemq-platform] [hivemq-platform-operator] [a536b7dd]   JAVA_OPTS: -XX:+UnlockExperimentalVMOptions -XX:InitialRAMPercentage=75 -XX:MaxRAMPercentage=75 -Duser.language=en -Duser.region=US
2025-01-30 04:03:31,608 INFO c.h.h.t.HelmChartContainer - [hivemq-test-hivemq-platform] [hivemq-platform-operator] [a536b7dd] 
2025-01-30 04:03:31,608 INFO c.h.h.t.HelmChartContainer - [hivemq-test-hivemq-platform] [hivemq-platform-operator] [a536b7dd]   JAVA_VERSION: 21
2025-01-30 04:03:31,608 INFO c.h.h.t.HelmChartContainer - [hivemq-test-hivemq-platform] [hivemq-platform-operator] [a536b7dd] 
2025-01-30 04:03:31,608 INFO c.h.h.t.HelmChartContainer - [hivemq-test-hivemq-platform] [hivemq-platform-operator] [a536b7dd] -------------------------------------------------------------------------
2025-01-30 04:03:31,608 INFO c.h.h.t.HelmChartContainer - [hivemq-test-hivemq-platform] [hivemq-platform-operator] [a536b7dd] 
2025-01-30 04:03:34,315 INFO c.h.h.t.HelmChartContainer - [hivemq-test-hivemq-platform] [hivemq-platform-operator] [a536b7dd] 04:03:34.313 [main] DEBUG org.jboss.logging - Logging Provider: org.jboss.logging.Slf4jLoggerProvider
2025-01-30 04:03:34,417 INFO c.h.h.t.HelmChartContainer - [hivemq-test-hivemq-platform] [hivemq-platform-operator] [a536b7dd] 04:03:34.415 [main] DEBUG io.smallrye.config - SRCFG01006: Loaded ConfigSource SysPropConfigSource with ordinal 400
2025-01-30 04:03:34,417 INFO c.h.h.t.HelmChartContainer - [hivemq-test-hivemq-platform] [hivemq-platform-operator] [a536b7dd] 04:03:34.415 [main] DEBUG io.smallrye.config - SRCFG01006: Loaded ConfigSource EnvConfigSource with ordinal 300
2025-01-30 04:03:34,417 INFO c.h.h.t.HelmChartContainer - [hivemq-test-hivemq-platform] [hivemq-platform-operator] [a536b7dd] 04:03:34.416 [main] DEBUG io.smallrye.config - SRCFG01006: Loaded ConfigSource PropertiesConfigSource[source=jar:file:///opt/hivemq-platform-operator/bin/hivemq-platform-operator.jar!/hivemq-platform-operator.properties] with ordinal 100
2025-01-30 04:03:34,417 INFO c.h.h.t.HelmChartContainer - [hivemq-test-hivemq-platform] [hivemq-platform-operator] [a536b7dd] 04:03:34.416 [main] DEBUG io.smallrye.config - SRCFG01006: Loaded ConfigSource DefaultValuesConfigSource with ordinal -2147483648
2025-01-30 04:03:34,524 INFO c.h.h.t.HelmChartContainer - [hivemq-test-hivemq-platform] [hivemq-platform-operator] [a536b7dd] 04:03:34.523 [main] DEBUG i.m.c.u.i.l.InternalLoggerFactory - Using SLF4J as the default logging framework
2025-01-30 04:03:34,703 INFO c.h.h.t.HelmChartContainer - [hivemq-test-hivemq-platform] [hivemq-platform-operator] [a536b7dd] 04:03:34.681 [main] INFO  c.h.p.o.HiveMQPlatformOperatorApplication - HiveMQ Platform Operator 1.7.0-SNAPSHOT (commit: 47e3375 on branch: HEAD) built on Thu Jan 30 03:55:50 UTC 2025
2025-01-30 04:03:34,704 INFO c.h.h.t.HelmChartContainer - [hivemq-test-hivemq-platform] [hivemq-platform-operator] [a536b7dd] 04:03:34.702 [main] INFO  c.h.p.o.HiveMQPlatformOperatorApplication - HiveMQ Platform Operator is running in namespace: helmwebsocketsit-operator
2025-01-30 04:03:34,704 INFO c.h.h.t.HelmChartContainer - [hivemq-test-hivemq-platform] [hivemq-platform-operator] [a536b7dd] 04:03:34.702 [main] INFO  c.h.p.o.HiveMQPlatformOperatorApplication - Watching all namespaces
2025-01-30 04:03:34,704 INFO c.h.h.t.HelmChartContainer - [hivemq-test-hivemq-platform] [hivemq-platform-operator] [a536b7dd] 04:03:34.703 [main] INFO  c.h.p.o.HiveMQPlatformOperatorApplication - Log level: DEBUG
2025-01-30 04:03:34,704 INFO c.h.h.t.HelmChartContainer - [hivemq-test-hivemq-platform] [hivemq-platform-operator] [a536b7dd] 04:03:34.703 [main] INFO  c.h.p.o.HiveMQPlatformOperatorApplication - Release name: test-hivemq-platform-operator
2025-01-30 04:03:34,704 INFO c.h.h.t.HelmChartContainer - [hivemq-test-hivemq-platform] [hivemq-platform-operator] [a536b7dd] 04:03:34.703 [main] INFO  c.h.p.o.HiveMQPlatformOperatorApplication - HiveMQ Platform Operator Init image: docker.io/hivemq/hivemq-platform-operator-init-test:snapshot
2025-01-30 04:03:34,704 INFO c.h.h.t.HelmChartContainer - [hivemq-test-hivemq-platform] [hivemq-platform-operator] [a536b7dd] 04:03:34.703 [main] INFO  c.h.p.o.HiveMQPlatformOperatorApplication - HiveMQ Platform Operator Init App update URL: http://hivemq-platform-operator-test-hivemq-platform-operator.helmwebsocketsit-operator.svc:8080/initAppUpdate/hivemq-platform-operator-init-app-1.7.0-SNAPSHOT.jar
2025-01-30 04:03:34,704 INFO c.h.h.t.HelmChartContainer - [hivemq-test-hivemq-platform] [hivemq-platform-operator] [a536b7dd] 04:03:34.703 [main] INFO  c.h.p.o.HiveMQPlatformOperatorApplication - Additional imagePullSecret for all Platform deployments: none
2025-01-30 04:03:34,704 INFO c.h.h.t.HelmChartContainer - [hivemq-test-hivemq-platform] [hivemq-platform-operator] [a536b7dd] 04:03:34.703 [main] INFO  c.h.p.o.HiveMQPlatformOperatorApplication - Apply HiveMQ Platform CRD: true
2025-01-30 04:03:34,704 INFO c.h.h.t.HelmChartContainer - [hivemq-test-hivemq-platform] [hivemq-platform-operator] [a536b7dd] 04:03:34.703 [main] INFO  c.h.p.o.HiveMQPlatformOperatorApplication - Create Platform ServiceAccount: true
2025-01-30 04:03:34,704 INFO c.h.h.t.HelmChartContainer - [hivemq-test-hivemq-platform] [hivemq-platform-operator] [a536b7dd] 04:03:34.703 [main] INFO  c.h.p.o.HiveMQPlatformOperatorApplication - Create Platform ServiceAccount permissions: true
2025-01-30 04:03:34,704 INFO c.h.h.t.HelmChartContainer - [hivemq-test-hivemq-platform] [hivemq-platform-operator] [a536b7dd] 04:03:34.703 [main] INFO  c.h.p.o.HiveMQPlatformOperatorApplication - Validate Platform ServiceAccount: true
2025-01-30 04:03:34,704 INFO c.h.h.t.HelmChartContainer - [hivemq-test-hivemq-platform] [hivemq-platform-operator] [a536b7dd] 04:03:34.703 [main] INFO  c.h.p.o.HiveMQPlatformOperatorApplication - Validate Platform ServiceAccount permissions: true
2025-01-30 04:03:34,818 INFO c.h.h.t.HelmChartContainer - [hivemq-test-hivemq-platform] [hivemq-platform-operator] [a536b7dd] 04:03:34.817 [main] INFO  c.h.platform.operator.util.CRDUtil - Verifying deployed HiveMQ Platform CRD...
2025-01-30 04:03:37,211 INFO c.h.h.t.HelmChartContainer - [hivemq-test-hivemq-platform] [hivemq-platform-operator] [a536b7dd] 04:03:37.209 [main] DEBUG c.h.platform.operator.util.CRDUtil - HiveMQ Platform CRD version v1 is up to date
2025-01-30 04:03:37,211 INFO c.h.h.t.HelmChartContainer - [hivemq-test-hivemq-platform] [hivemq-platform-operator] [a536b7dd] 04:03:37.209 [main] INFO  c.h.platform.operator.util.CRDUtil - HiveMQ Platform CRD is up to date (version: V1_6_0)
2025-01-30 04:03:37,211 INFO c.h.h.t.HelmChartContainer - [hivemq-test-hivemq-platform] [hivemq-platform-operator] [a536b7dd] 04:03:37.209 [main] INFO  c.h.platform.operator.util.CRDUtil - Waiting 10000 ms for HiveMQ Platform CRD 'hivemq-platforms.hivemq.com' to become ready...
2025-01-30 04:03:37,511 INFO c.h.h.t.HelmChartContainer - [hivemq-test-hivemq-platform] [hivemq-platform-operator] [a536b7dd] 04:03:37.510 [vert.x-eventloop-thread-1] DEBUG c.h.platform.operator.util.CRDUtil - Checking CRD condition 'NamesAccepted' (status: 'True')
2025-01-30 04:03:37,512 INFO c.h.h.t.HelmChartContainer - [hivemq-test-hivemq-platform] [hivemq-platform-operator] [a536b7dd] 04:03:37.510 [vert.x-eventloop-thread-1] DEBUG c.h.platform.operator.util.CRDUtil - Checking CRD condition 'Established' (status: 'True')
2025-01-30 04:03:37,513 INFO c.h.h.t.HelmChartContainer - [hivemq-test-hivemq-platform] [hivemq-platform-operator] [a536b7dd] 04:03:37.511 [main] INFO  c.h.platform.operator.util.CRDUtil - HiveMQ Platform CRD 'hivemq-platforms.hivemq.com' is ready
2025-01-30 04:03:37,711 INFO c.h.h.t.HelmChartContainer - [hivemq-test-hivemq-platform] [hivemq-platform-operator] [a536b7dd] 04:03:37.710 [main] INFO  c.h.p.o.HiveMQPlatformReconciler - HiveMQ Platform Operator is starting...
2025-01-30 04:03:37,812 INFO c.h.h.t.HelmChartContainer - [hivemq-test-hivemq-platform] [hivemq-platform-operator] [a536b7dd] 04:03:37.810 [main] WARN  Default ConfigurationService implementation - Configuration for reconciler 'hivemq-controller' was not found. Known reconcilers: None.
2025-01-30 04:03:37,879 INFO c.h.h.t.HelmChartContainer - [hivemq-test-hivemq-platform] [hivemq-platform-operator] [a536b7dd] 04:03:37.817 [main] INFO  Default ConfigurationService implementation - Created configuration for reconciler com.hivemq.platform.operator.HiveMQPlatformReconciler with name hivemq-controller
2025-01-30 04:03:37,920 INFO c.h.h.t.HelmChartContainer - [hivemq-test-hivemq-platform] [hivemq-platform-operator] [a536b7dd] 04:03:37.919 [main] DEBUG c.h.p.o.HiveMQPlatformReconciler - HiveMQ Platform Operator is preparing EventSources
2025-01-30 04:03:38,012 INFO c.h.h.t.HelmChartContainer - [hivemq-test-hivemq-platform] [hivemq-platform-operator] [a536b7dd] 04:03:38.010 [main] INFO  i.javaoperatorsdk.operator.Operator - Registered reconciler: 'hivemq-controller' for resource: 'class com.hivemq.platform.operator.v1.HiveMQPlatform' for namespace(s): [all namespaces]
2025-01-30 04:03:38,710 INFO c.h.h.t.HelmChartContainer - [hivemq-test-hivemq-platform] [hivemq-platform-operator] [a536b7dd] 04:03:38.709 [main] INFO  c.h.p.operator.webserver.JettyServer - Starting Jetty server on port 8080
2025-01-30 04:03:38,812 INFO c.h.h.t.HelmChartContainer - [hivemq-test-hivemq-platform] [hivemq-platform-operator] [a536b7dd] 04:03:38.811 [main] INFO  i.javaoperatorsdk.operator.Operator - Operator SDK 4.9.7 (commit: 2133d28) built on Wed Nov 20 12:56:20 UTC 2024 starting...
2025-01-30 04:03:38,812 INFO c.h.h.t.HelmChartContainer - [hivemq-test-hivemq-platform] [hivemq-platform-operator] [a536b7dd] 04:03:38.811 [main] INFO  i.javaoperatorsdk.operator.Operator - Client version: 6.13.5
2025-01-30 04:03:38,813 INFO c.h.h.t.HelmChartContainer - [hivemq-test-hivemq-platform] [hivemq-platform-operator] [a536b7dd] 04:03:38.812 [Controller Starter for: hivemq-controller] INFO  i.j.operator.processing.Controller - Starting 'hivemq-controller' controller for reconciler: com.hivemq.platform.operator.HiveMQPlatformReconciler, resource: com.hivemq.platform.operator.v1.HiveMQPlatform
2025-01-30 04:03:41,206 INFO c.h.h.t.HelmChartContainer - [hivemq-test-hivemq-platform] [hivemq-platform-operator] [a536b7dd] 04:03:41.203 [Controller Starter for: hivemq-controller] INFO  i.j.operator.processing.Controller - 'hivemq-controller' controller started
2025-01-30 04:03:41,206 INFO c.h.h.t.HelmChartContainer - [hivemq-test-hivemq-platform] [hivemq-platform-operator] [a536b7dd] 04:03:41.204 [main] INFO  c.h.p.o.HiveMQPlatformOperatorApplication - HiveMQ Platform Operator 1.7.0-SNAPSHOT started in 6523 ms
2025-01-30 04:03:42,603 INFO c.h.h.t.HelmChartContainer - [POD] hivemq-test-hivemq-platform-operator-6966f96d65-cxlm4 [a536b7dd-5d45-460f-a683-3eb3d755d22d] in helmwebsocketsit-operator was MODIFIED
2025-01-30 04:03:42,608 INFO c.h.h.t.HelmChartContainer - [K3S] [replica_set.go:679] "Finished syncing" kind="ReplicaSet" key="helmwebsocketsit-operator/hivemq-test-hivemq-platform-operator-6966f96d65" duration="8.004651ms"
2025-01-30 04:03:42,608 INFO c.h.h.t.HelmChartContainer - [K3S] [replica_set.go:679] "Finished syncing" kind="ReplicaSet" key="helmwebsocketsit-operator/hivemq-test-hivemq-platform-operator-6966f96d65" duration="31.469µs"
2025-01-30 04:03:44,885 DEBUG c.h.helmcharts.util.CertificatesUtil - ....+.......+....................+.+..+++++++++++++++++++++++++++++++++++++++++++++++++++++++++++++++++*............+........................+.....+.+..+++++++++++++++++++++++++++++++++++++++++++++++++++++++++++++++++*.....+.....+............+...+.......+........+.+..+..........+..+................+..+...+.+...+..+.............+..+......+...+....+...+..+............+......+...+++++++++++++++++++++++++++++++++++++++++++++++++++++++++++++++++
2025-01-30 04:03:45,068 DEBUG c.h.helmcharts.util.CertificatesUtil - ..+....+........+..........+...+.........+++++++++++++++++++++++++++++++++++++++++++++++++++++++++++++++++*.+....+...+..+......+++++++++++++++++++++++++++++++++++++++++++++++++++++++++++++++++*.+.........+..+....+.........+..+...+......+.+.........+.....+.+.........+....................+.+...+..+...+......+..........+...+......+.....+.+...+...+.....+.......+...+..+.+...........+....+.........+..+.........+....+........+........................+..........+......+...+............+........+.+.........+......+...+........+...+.+...+........+............+...............+...+...+...............+.+.....+...+............+.+..+.............+..+......+.+.........+...........+......+.......+......+..+.......+.....+......+.+...+..+...+.......+.........+..+.........+..........+...+..+.+...+..............+..........+.....+.......+...+.....+.+......+......+...............+..+..........+........+....+......+..............+.............+.....+.+.....+.+......+++++++++++++++++++++++++++++++++++++++++++++++++++++++++++++++++
2025-01-30 04:03:45,071 DEBUG c.h.helmcharts.util.CertificatesUtil - -----
2025-01-30 04:03:45,097 DEBUG c.h.helmcharts.util.CertificatesUtil - Certificate request self-signature ok
2025-01-30 04:03:45,097 DEBUG c.h.helmcharts.util.CertificatesUtil - subject=C = CA, CN = secure-service-platform.default.svc
2025-01-30 04:03:45,101 DEBUG c.h.helmcharts.util.CertificatesUtil - >> Generating keystore and truststore files
2025-01-30 04:03:45,239 DEBUG c.h.helmcharts.util.CertificatesUtil - Importing keystore key.pkcs12 to keystore.jks...
2025-01-30 04:03:45,366 DEBUG c.h.helmcharts.util.CertificatesUtil - Entry for alias 1 successfully imported.
2025-01-30 04:03:45,376 DEBUG c.h.helmcharts.util.CertificatesUtil - Import command completed:  1 entries successfully imported, 0 entries failed or cancelled
2025-01-30 04:03:45,388 DEBUG c.h.helmcharts.util.CertificatesUtil - 
2025-01-30 04:03:45,388 DEBUG c.h.helmcharts.util.CertificatesUtil - Warning:
2025-01-30 04:03:45,388 DEBUG c.h.helmcharts.util.CertificatesUtil - The JKS keystore uses a proprietary format. It is recommended to migrate to PKCS12 which is an industry standard format using "keytool -importkeystore -srckeystore keystore.jks -destkeystore keystore.jks -deststoretype pkcs12".
2025-01-30 04:03:45,637 DEBUG c.h.helmcharts.util.CertificatesUtil - Certificate stored in file <secure-service-platform.pem>
2025-01-30 04:03:45,813 DEBUG c.h.helmcharts.util.CertificatesUtil - Certificate was added to keystore
2025-01-30 04:03:46,205 DEBUG c.h.helmcharts.util.CertificatesUtil - Certificate was added to keystore
2025-01-30 04:03:46,270 INFO c.h.h.t.HelmChartContainer - [K3S] [scope.go:117] "RemoveContainer" containerID="6ebe92f2c121b1d7e816b0864490097b7b72e357c8c8d871b1c23023ff946fa9"
2025-01-30 04:03:46,277 INFO c.h.h.t.HelmChartContainer - [K3S] [scope.go:117] "RemoveContainer" containerID="1134c4935c1671c819af6b21e23e35271c615cf93837bcfa4b83ae24aca06e29"
2025-01-30 04:03:46,638 DEBUG c.h.helmcharts.util.CertificatesUtil - >> Create client certificates
2025-01-30 04:03:46,801 DEBUG c.h.helmcharts.util.CertificatesUtil - ..+...+........+.+......+...+......+...........+.......+.....+......+.......+........+.........+.+..+.........+....+++++++++++++++++++++++++++++++++++++++++++++++++++++++++++++++++*........+.+...+..+.......+...........+.......+..+.+..+....+...............+++++++++++++++++++++++++++++++++++++++++++++++++++++++++++++++++*..+....+...+..+..................+.+......+.....+...+.+.....+.+.........+......+...+..+.........+......+...+.......+.....+.+..+..........+...+........+.......+.........+........+...+..........+...+......+........+......................+......+..+.......+.....+...............+...+................+..............+...+...+.+.....+.+..+................+..+..........+.....+...+.+.....+....+..............+..........+.....+...............+...+....+......+...+......+.....+....+.........+...........+......+.+...+.....+......+.+.........+...+...........+....+...............+...+..............+...+...+...+....+...+..+......+....+..+......+...+...................+++++++++++++++++++++++++++++++++++++++++++++++++++++++++++++++++
2025-01-30 04:03:46,987 DEBUG c.h.helmcharts.util.CertificatesUtil - ..+.+.....+..........+...+.....+.........+................+............+.........+........+.......+.....+.+........+.+...........+...+.......+........+++++++++++++++++++++++++++++++++++++++++++++++++++++++++++++++++*........+.......+.....+.+..+.+......+......+...+......+++++++++++++++++++++++++++++++++++++++++++++++++++++++++++++++++*...+......+......+........+....+..+...+.............+........+....+...+..+...+............+...+..........+..+......+.+..............+.+........+.+......+..............+..........+...............+..+....+.....+..............................+....+...........+.........+......+......+....+...+........+.........+....+......+...+...........+.+......+..+......+....+.....+.+.....+................+.....+.+.....+....+......+...+.........+............+.....+...+...+...+..........+..+.......+.....+.+.....+......+....+......+..............+.........................+......+...+..+..........+......+.....+..........+..................+.....+.+......+.....+....+......+...+..............+..........+..+......+.............+......+.....+...+.......+........+.+..+.........+.+.....+...+....+...............+.....+++++++++++++++++++++++++++++++++++++++++++++++++++++++++++++++++
2025-01-30 04:03:46,990 DEBUG c.h.helmcharts.util.CertificatesUtil - -----
2025-01-30 04:03:47,017 DEBUG c.h.helmcharts.util.CertificatesUtil - >> Import the certificates
2025-01-30 04:03:47,310 DEBUG c.h.helmcharts.util.CertificatesUtil - Certificate was added to keystore
2025-01-30 04:03:47,528 DEBUG c.h.h.t.HelmChartContainer - Executing helm command: /bin/helm --kubeconfig /etc/rancher/k3s/k3s.yaml install test-hivemq-platform /charts/hivemq-platform --wait --timeout 5m0s --set image.repository=docker.io/hivemq --set image.tag=4.36.0 --set image.pullPolicy=Never --set nodes.resources.cpu=512m -f /files/tls-ws-with-private-key-values.yaml --namespace helmwebsocketsit
2025-01-30 04:03:47,797 INFO c.h.h.t.HelmChartContainer - [hivemq-test-hivemq-platform] [hivemq-platform-operator] [a536b7dd] 04:03:47.796 [-2082509879-pool-1-thread-5] WARN  i.m.p.PrometheusMeterRegistry - The meter (MeterId{name='operator.sdk.events.received', tags=[tag(action=ADDED),tag(event=ResourceEvent),tag(group=hivemq.com),tag(kind=HiveMQPlatform),tag(name=test-hivemq-platform),tag(namespace=helmwebsocketsit),tag(scope=namespace),tag(version=v1)]}) registration has failed: Prometheus requires that all meters with the same name have the same set of tag keys. There is already an existing meter named 'operator.sdk.events.received' containing tag keys [event, group, kind, name, namespace, scope, version]. The meter you are attempting to register has keys [action, event, group, kind, name, namespace, scope, version]. Note that subsequent logs will be logged at debug level.
2025-01-30 04:03:48,284 INFO c.h.h.t.HelmChartContainer - [hivemq-test-hivemq-platform] [hivemq-platform-operator] [a536b7dd] 04:03:48.281 [pool-6-thread-3] DEBUG c.h.p.o.dependants.PodInfoConfigMap - [helmwebs] Desired PodInfo ConfigMap (1 extensions) (1 enabled)
2025-01-30 04:03:48,284 INFO c.h.h.t.HelmChartContainer - [hivemq-test-hivemq-platform] [hivemq-platform-operator] [a536b7dd] 04:03:48.282 [pool-6-thread-3] DEBUG c.h.p.o.dependants.PodInfoConfigMap - [helmwebs] Desired PodInfo ConfigMap (metrics port: 9399) (metrics path: /)
2025-01-30 04:03:48,284 INFO c.h.h.t.HelmChartContainer - [hivemq-test-hivemq-platform] [hivemq-platform-operator] [a536b7dd] 04:03:48.282 [pool-6-thread-3] DEBUG c.h.p.o.dependants.PodInfoConfigMap - [helmwebs] Desired PodInfo ConfigMap (extension state hash: -1817474005)
2025-01-30 04:03:48,301 INFO c.h.h.t.HelmChartContainer - [hivemq-test-hivemq-platform] [hivemq-platform-operator] [a536b7dd] 04:03:48.284 [pool-6-thread-3] DEBUG c.h.p.o.dependants.PodInfoConfigMap - [helmwebs] Create PodInfo ConfigMap
2025-01-30 04:03:48,389 INFO c.h.h.t.HelmChartContainer - [hivemq-test-hivemq-platform] [hivemq-platform-operator] [a536b7dd] 04:03:48.387 [pool-6-thread-5] DEBUG c.h.p.o.dependants.PodRoleResource - [helmwebs] Create Role: Role(apiVersion=rbac.authorization.k8s.io/v1, kind=Role, metadata=ObjectMeta(annotations={meta.helm.sh/release-name=test-hivemq-platform, meta.helm.sh/release-namespace=helmwebsocketsit}, creationTimestamp=null, deletionGracePeriodSeconds=null, deletionTimestamp=null, finalizers=[], generateName=null, generation=null, labels={helm.sh/chart=hivemq-platform-0.2.32, app.kubernetes.io/managed-by=Helm, app.kubernetes.io/name=hivemq-platform, hivemq-platform=test-hivemq-platform, app.kubernetes.io/instance=test-hivemq-platform, app.kubernetes.io/version=4.36.0}, managedFields=[], name=hivemq-platform-role-test-hivemq-platform, namespace=helmwebsocketsit, ownerReferences=[OwnerReference(apiVersion=hivemq.com/v1, blockOwnerDeletion=null, controller=null, kind=HiveMQPlatform, name=test-hivemq-platform, uid=56ee2984-8d7e-4ac6-a60f-6a2a8f2bdf65, additionalProperties={})], resourceVersion=null, selfLink=null, uid=null, additionalProperties={}), rules=[PolicyRule(apiGroups=[], nonResourceURLs=[], resourceNames=[], resources=[pods], verbs=[get, patch, update], additionalProperties={})], additionalProperties={})
2025-01-30 04:03:48,581 INFO c.h.h.t.HelmChartContainer - [hivemq-test-hivemq-platform] [hivemq-platform-operator] [a536b7dd] 04:03:48.580 [pool-6-thread-7] DEBUG c.h.p.o.d.PodServiceAccountResource - [helmwebs] Desired PodServiceAccountResource (serviceAccountName: hivemq-platform-pod-test-hivemq-platform)
2025-01-30 04:03:48,582 INFO c.h.h.t.HelmChartContainer - [hivemq-test-hivemq-platform] [hivemq-platform-operator] [a536b7dd] 04:03:48.580 [pool-6-thread-7] DEBUG c.h.p.o.d.PodServiceAccountResource - [helmwebs] Create ServiceAccount 'hivemq-platform-pod-test-hivemq-platform'
2025-01-30 04:03:48,687 INFO c.h.h.t.HelmChartContainer - [hivemq-test-hivemq-platform] [hivemq-platform-operator] [a536b7dd] 04:03:48.686 [pool-6-thread-9] DEBUG c.h.p.o.d.PodRoleBindingResource - [helmwebs] Create RoleBinding: RoleBinding(apiVersion=rbac.authorization.k8s.io/v1, kind=RoleBinding, metadata=ObjectMeta(annotations={meta.helm.sh/release-name=test-hivemq-platform, meta.helm.sh/release-namespace=helmwebsocketsit}, creationTimestamp=null, deletionGracePeriodSeconds=null, deletionTimestamp=null, finalizers=[], generateName=null, generation=null, labels={helm.sh/chart=hivemq-platform-0.2.32, app.kubernetes.io/managed-by=Helm, app.kubernetes.io/name=hivemq-platform, hivemq-platform=test-hivemq-platform, app.kubernetes.io/instance=test-hivemq-platform, app.kubernetes.io/version=4.36.0}, managedFields=[], name=hivemq-platform-role-binding-test-hivemq-platform, namespace=helmwebsocketsit, ownerReferences=[OwnerReference(apiVersion=hivemq.com/v1, blockOwnerDeletion=null, controller=null, kind=HiveMQPlatform, name=test-hivemq-platform, uid=56ee2984-8d7e-4ac6-a60f-6a2a8f2bdf65, additionalProperties={})], resourceVersion=null, selfLink=null, uid=null, additionalProperties={}), roleRef=RoleRef(apiGroup=rbac.authorization.k8s.io, kind=Role, name=hivemq-platform-role-test-hivemq-platform, additionalProperties={}), subjects=[Subject(apiGroup=null, kind=ServiceAccount, name=hivemq-platform-pod-test-hivemq-platform, namespace=helmwebsocketsit, additionalProperties={})], additionalProperties={})
2025-01-30 04:03:48,782 INFO c.h.h.t.HelmChartContainer - [hivemq-test-hivemq-platform] [hivemq-platform-operator] [a536b7dd] 04:03:48.781 [ReconcilerExecutor-hivemq-controller-54] INFO  c.h.p.o.HiveMQPlatformReconciler - [helmwebs] Reconciling HiveMQ Platform 'test-hivemq-platform' in namespace 'helmwebsocketsit'
2025-01-30 04:03:48,782 INFO c.h.h.t.HelmChartContainer - [hivemq-test-hivemq-platform] [hivemq-platform-operator] [a536b7dd] 04:03:48.781 [ReconcilerExecutor-hivemq-controller-54] DEBUG c.h.p.o.HiveMQPlatformReconciler - [helmwebs] Custom Resource Status CREATED - HiveMQ Platform was created (READY)
2025-01-30 04:03:48,782 INFO c.h.h.t.HelmChartContainer - [hivemq-test-hivemq-platform] [hivemq-platform-operator] [a536b7dd] 04:03:48.781 [ReconcilerExecutor-hivemq-controller-54] DEBUG c.h.p.o.HiveMQPlatformReconciler - [helmwebs] Custom Resource Spec (replicas: 1) (extensions: 1)
2025-01-30 04:03:48,789 INFO c.h.h.t.HelmChartContainer - [hivemq-test-hivemq-platform] [hivemq-platform-operator] [a536b7dd] 04:03:48.788 [ReconcilerExecutor-hivemq-controller-54] INFO  c.h.p.o.h.HiveMQPlatformReconcilerBaseHandler - [helmwebs] HiveMQ Platform is starting
2025-01-30 04:03:48,903 INFO c.h.h.t.HelmChartContainer - [hivemq-test-hivemq-platform] [hivemq-platform-operator] [a536b7dd] 04:03:48.902 [ReconcilerExecutor-hivemq-controller-54] DEBUG c.h.p.operator.event.EventSender - [helmwebs] Creating K8s event hivemq-platform-starting: [Start] HiveMQ Platform is starting
2025-01-30 04:03:48,914 INFO c.h.h.t.HelmChartContainer - [EVENT] Normal [Start] HiveMQ Platform is starting [helmwebsocketsit:test-hivemq-platform]
2025-01-30 04:03:48,983 INFO c.h.h.t.HelmChartContainer - [hivemq-test-hivemq-platform] [hivemq-platform-operator] [a536b7dd] 04:03:48.982 [ReconcilerExecutor-hivemq-controller-54] INFO  c.h.p.o.h.AbstractHiveMQReconcilerStateHandler - [helmwebs] Update HiveMQ Platform Status (CREATED [READY] -> STARTING [READY]): HiveMQ Platform is starting
2025-01-30 04:03:49,011 DEBUG com.hivemq.helmcharts.util.K8sUtil - Comparing actual state 'STARTING' and waiting for 'RUNNING'
2025-01-30 04:03:59,088 INFO c.h.h.t.HelmChartContainer - [hivemq-test-hivemq-platform] [hivemq-platform-operator] [a536b7dd] 04:03:59.084 [pool-6-thread-12] DEBUG c.h.p.o.d.PlatformServiceResource - [helmwebs] Desired Platform services (4 services)
2025-01-30 04:03:59,088 INFO c.h.h.t.HelmChartContainer - [hivemq-test-hivemq-platform] [hivemq-platform-operator] [a536b7dd] 04:03:59.086 [pool-6-thread-13] DEBUG c.h.p.o.dependants.PodInfoConfigMap - [helmwebs] Desired PodInfo ConfigMap (1 extensions) (1 enabled)
2025-01-30 04:03:59,088 INFO c.h.h.t.HelmChartContainer - [hivemq-test-hivemq-platform] [hivemq-platform-operator] [a536b7dd] 04:03:59.086 [pool-6-thread-13] DEBUG c.h.p.o.dependants.PodInfoConfigMap - [helmwebs] Desired PodInfo ConfigMap (metrics port: 9399) (metrics path: /)
2025-01-30 04:03:59,088 INFO c.h.h.t.HelmChartContainer - [hivemq-test-hivemq-platform] [hivemq-platform-operator] [a536b7dd] 04:03:59.086 [pool-6-thread-13] DEBUG c.h.p.o.dependants.PodInfoConfigMap - [helmwebs] Desired PodInfo ConfigMap (extension state hash: -1817474005)
2025-01-30 04:03:59,090 INFO c.h.h.t.HelmChartContainer - [hivemq-test-hivemq-platform] [hivemq-platform-operator] [a536b7dd] 04:03:59.088 [pool-6-thread-17] DEBUG c.h.p.o.d.PodServiceAccountResource - [helmwebs] Desired PodServiceAccountResource (serviceAccountName: hivemq-platform-pod-test-hivemq-platform)
2025-01-30 04:03:59,093 INFO c.h.h.t.HelmChartContainer - [hivemq-test-hivemq-platform] [hivemq-platform-operator] [a536b7dd] 04:03:59.092 [pool-6-thread-13] DEBUG c.h.p.o.dependants.PodInfoConfigMap - [helmwebs] Update PodInfo ConfigMap
2025-01-30 04:03:59,193 INFO c.h.h.t.HelmChartContainer - [K3S] [alloc.go:330] "allocated clusterIPs" service="helmwebsocketsit/hivemq-test-hivemq-platform-metrics-9399" clusterIPs={"IPv4":"10.43.57.169"}
2025-01-30 04:03:59,287 INFO c.h.h.t.HelmChartContainer - [K3S] [alloc.go:330] "allocated clusterIPs" service="helmwebsocketsit/hivemq-test-hivemq-platform-ws-8004" clusterIPs={"IPv4":"10.43.176.226"}
2025-01-30 04:03:59,300 INFO c.h.h.t.HelmChartContainer - [K3S] [alloc.go:330] "allocated clusterIPs" service="helmwebsocketsit/hivemq-test-hivemq-platform-ws-8003" clusterIPs={"IPv4":"10.43.229.72"}
2025-01-30 04:03:59,386 INFO c.h.h.t.HelmChartContainer - [K3S] [alloc.go:330] "allocated clusterIPs" service="helmwebsocketsit/hivemq-test-hivemq-platform-ws-8002" clusterIPs={"IPv4":"10.43.125.159"}
2025-01-30 04:03:59,395 INFO c.h.h.t.HelmChartContainer - [hivemq-test-hivemq-platform] [hivemq-platform-operator] [a536b7dd] 04:03:59.394 [pool-6-thread-20] DEBUG c.h.p.o.d.StatefulSetResource - [helmwebs] Desired StatefulSet (1 replicas) for status STARTING (READY)
2025-01-30 04:03:59,483 INFO c.h.h.t.HelmChartContainer - [hivemq-test-hivemq-platform] [hivemq-platform-operator] [a536b7dd] 04:03:59.482 [pool-6-thread-20] DEBUG c.h.p.o.d.StatefulSetResource - [helmwebs] Create StatefulSet
2025-01-30 04:03:59,509 INFO c.h.h.t.HelmChartContainer - [POD] test-hivemq-platform-0 [1fd2f445-93bd-46a3-b1af-6b037ed5c5ad] in helmwebsocketsit was ADDED
2025-01-30 04:03:59,511 INFO c.h.h.t.HelmChartContainer - [EVENT] Normal [SuccessfulCreate] create Pod test-hivemq-platform-0 in StatefulSet test-hivemq-platform successful [helmwebsocketsit:test-hivemq-platform]
2025-01-30 04:03:59,515 INFO c.h.h.t.HelmChartContainer - [EVENT] Normal [Scheduled] Successfully assigned helmwebsocketsit/test-hivemq-platform-0 to ac12081e87d3 [helmwebsocketsit:test-hivemq-platform-0]
2025-01-30 04:03:59,517 INFO c.h.h.t.HelmChartContainer - [POD] test-hivemq-platform-0 [1fd2f445-93bd-46a3-b1af-6b037ed5c5ad] in helmwebsocketsit was MODIFIED
2025-01-30 04:03:59,527 INFO c.h.h.t.HelmChartContainer - [POD] test-hivemq-platform-0 [1fd2f445-93bd-46a3-b1af-6b037ed5c5ad] in helmwebsocketsit was MODIFIED
2025-01-30 04:03:59,590 INFO c.h.h.t.HelmChartContainer - [hivemq-test-hivemq-platform] [hivemq-platform-operator] [a536b7dd] 04:03:59.587 [ReconcilerExecutor-hivemq-controller-65] INFO  c.h.p.o.HiveMQPlatformReconciler - [helmwebs] Reconciling HiveMQ Platform 'test-hivemq-platform' in namespace 'helmwebsocketsit'
2025-01-30 04:03:59,590 INFO c.h.h.t.HelmChartContainer - [hivemq-test-hivemq-platform] [hivemq-platform-operator] [a536b7dd] 04:03:59.587 [ReconcilerExecutor-hivemq-controller-65] DEBUG c.h.p.o.HiveMQPlatformReconciler - [helmwebs] Custom Resource Status STARTING - HiveMQ Platform is starting (READY)
2025-01-30 04:03:59,590 INFO c.h.h.t.HelmChartContainer - [hivemq-test-hivemq-platform] [hivemq-platform-operator] [a536b7dd] 04:03:59.587 [ReconcilerExecutor-hivemq-controller-65] DEBUG c.h.p.o.HiveMQPlatformReconciler - [helmwebs] Custom Resource Spec (replicas: 1) (extensions: 1)
2025-01-30 04:03:59,604 INFO c.h.h.t.HelmChartContainer - [K3S] [reconciler_common.go:251] "operationExecutor.VerifyControllerAttachedVolume started for volume \"operator-init\" (UniqueName: \"kubernetes.io/empty-dir/1fd2f445-93bd-46a3-b1af-6b037ed5c5ad-operator-init\") pod \"test-hivemq-platform-0\" (UID: \"1fd2f445-93bd-46a3-b1af-6b037ed5c5ad\") " pod="helmwebsocketsit/test-hivemq-platform-0"
2025-01-30 04:03:59,604 INFO c.h.h.t.HelmChartContainer - [K3S] [reconciler_common.go:251] "operationExecutor.VerifyControllerAttachedVolume started for volume \"ws-truststore-8004\" (UniqueName: \"kubernetes.io/secret/1fd2f445-93bd-46a3-b1af-6b037ed5c5ad-ws-truststore-8004\") pod \"test-hivemq-platform-0\" (UID: \"1fd2f445-93bd-46a3-b1af-6b037ed5c5ad\") " pod="helmwebsocketsit/test-hivemq-platform-0"
2025-01-30 04:03:59,605 INFO c.h.h.t.HelmChartContainer - [K3S] [reconciler_common.go:251] "operationExecutor.VerifyControllerAttachedVolume started for volume \"ws-keystore-8003\" (UniqueName: \"kubernetes.io/secret/1fd2f445-93bd-46a3-b1af-6b037ed5c5ad-ws-keystore-8003\") pod \"test-hivemq-platform-0\" (UID: \"1fd2f445-93bd-46a3-b1af-6b037ed5c5ad\") " pod="helmwebsocketsit/test-hivemq-platform-0"
2025-01-30 04:03:59,605 INFO c.h.h.t.HelmChartContainer - [K3S] [reconciler_common.go:251] "operationExecutor.VerifyControllerAttachedVolume started for volume \"pod-info\" (UniqueName: \"kubernetes.io/configmap/1fd2f445-93bd-46a3-b1af-6b037ed5c5ad-pod-info\") pod \"test-hivemq-platform-0\" (UID: \"1fd2f445-93bd-46a3-b1af-6b037ed5c5ad\") " pod="helmwebsocketsit/test-hivemq-platform-0"
2025-01-30 04:03:59,605 INFO c.h.h.t.HelmChartContainer - [K3S] [reconciler_common.go:251] "operationExecutor.VerifyControllerAttachedVolume started for volume \"broker-configuration\" (UniqueName: \"kubernetes.io/configmap/1fd2f445-93bd-46a3-b1af-6b037ed5c5ad-broker-configuration\") pod \"test-hivemq-platform-0\" (UID: \"1fd2f445-93bd-46a3-b1af-6b037ed5c5ad\") " pod="helmwebsocketsit/test-hivemq-platform-0"
2025-01-30 04:03:59,605 INFO c.h.h.t.HelmChartContainer - [K3S] [reconciler_common.go:251] "operationExecutor.VerifyControllerAttachedVolume started for volume \"ws-keystore-8004\" (UniqueName: \"kubernetes.io/secret/1fd2f445-93bd-46a3-b1af-6b037ed5c5ad-ws-keystore-8004\") pod \"test-hivemq-platform-0\" (UID: \"1fd2f445-93bd-46a3-b1af-6b037ed5c5ad\") " pod="helmwebsocketsit/test-hivemq-platform-0"
2025-01-30 04:03:59,605 INFO c.h.h.t.HelmChartContainer - [K3S] [reconciler_common.go:251] "operationExecutor.VerifyControllerAttachedVolume started for volume \"kube-api-access-455qv\" (UniqueName: \"kubernetes.io/projected/1fd2f445-93bd-46a3-b1af-6b037ed5c5ad-kube-api-access-455qv\") pod \"test-hivemq-platform-0\" (UID: \"1fd2f445-93bd-46a3-b1af-6b037ed5c5ad\") " pod="helmwebsocketsit/test-hivemq-platform-0"
2025-01-30 04:03:59,683 INFO c.h.h.t.HelmChartContainer - [hivemq-test-hivemq-platform] [hivemq-platform-operator] [a536b7dd] 04:03:59.681 [ReconcilerExecutor-hivemq-controller-65] DEBUG c.h.p.o.HiveMQPlatformReconciler - [helmwebs] StatefulSet Status (revision: test-hivemq-platform-774fdb46d, replicas: 1, available: 0, ready: 0, current: 1, updated: 1)
2025-01-30 04:03:59,684 INFO c.h.h.t.HelmChartContainer - [hivemq-test-hivemq-platform] [hivemq-platform-operator] [a536b7dd] 04:03:59.682 [ReconcilerExecutor-hivemq-controller-65] DEBUG c.h.p.o.HiveMQPlatformReconciler - [helmwebs] StatefulSet Spec (replicas: 1, init containers: 1, containers: 1, volumes: 6)
2025-01-30 04:03:59,702 INFO c.h.h.t.HelmChartContainer - [hivemq-test-hivemq-platform] [hivemq-platform-operator] [a536b7dd] 04:03:59.702 [ReconcilerExecutor-hivemq-controller-65] DEBUG c.h.p.o.h.HiveMQPlatformReconcilerErrorHandler - [helmwebs] Pod 'test-hivemq-platform-0' phase Pending
2025-01-30 04:03:59,703 INFO c.h.h.t.HelmChartContainer - [hivemq-test-hivemq-platform] [hivemq-platform-operator] [a536b7dd] 04:03:59.702 [ReconcilerExecutor-hivemq-controller-65] DEBUG c.h.p.o.h.HiveMQPlatformReconcilerErrorHandler - [helmwebs] Pod 'test-hivemq-platform-0' condition 'PodReadyToStartContainers': False
2025-01-30 04:03:59,779 INFO c.h.h.t.HelmChartContainer - [hivemq-test-hivemq-platform] [hivemq-platform-operator] [a536b7dd] 04:03:59.778 [ReconcilerExecutor-hivemq-controller-65] DEBUG c.h.p.o.h.HiveMQPlatformReconcilerErrorHandler - [helmwebs] Pod 'test-hivemq-platform-0' condition 'Initialized': False
2025-01-30 04:03:59,780 INFO c.h.h.t.HelmChartContainer - [hivemq-test-hivemq-platform] [hivemq-platform-operator] [a536b7dd] 04:03:59.778 [ReconcilerExecutor-hivemq-controller-65] DEBUG c.h.p.o.h.HiveMQPlatformReconcilerErrorHandler - [helmwebs] Pod 'test-hivemq-platform-0' condition 'Ready': False
2025-01-30 04:03:59,780 INFO c.h.h.t.HelmChartContainer - [hivemq-test-hivemq-platform] [hivemq-platform-operator] [a536b7dd] 04:03:59.779 [ReconcilerExecutor-hivemq-controller-65] DEBUG c.h.p.o.h.HiveMQPlatformReconcilerErrorHandler - [helmwebs] Pod 'test-hivemq-platform-0' condition 'ContainersReady': False
2025-01-30 04:03:59,780 INFO c.h.h.t.HelmChartContainer - [hivemq-test-hivemq-platform] [hivemq-platform-operator] [a536b7dd] 04:03:59.779 [ReconcilerExecutor-hivemq-controller-65] DEBUG c.h.p.o.h.HiveMQPlatformReconcilerErrorHandler - [helmwebs] Pod 'test-hivemq-platform-0' condition 'PodScheduled': True
2025-01-30 04:03:59,780 INFO c.h.h.t.HelmChartContainer - [hivemq-test-hivemq-platform] [hivemq-platform-operator] [a536b7dd] 04:03:59.779 [ReconcilerExecutor-hivemq-controller-65] DEBUG c.h.p.o.h.HiveMQPlatformReconcilerErrorHandler - [helmwebs] Pod 'test-hivemq-platform-0' containerStatus 'hivemq' (started: false) (ready: false) (waiting: [PodInitializing] null)
2025-01-30 04:03:59,784 INFO c.h.h.t.HelmChartContainer - [hivemq-test-hivemq-platform] [hivemq-platform-operator] [a536b7dd] 04:03:59.783 [ReconcilerExecutor-hivemq-controller-65] INFO  c.h.p.o.h.HiveMQPlatformReconcilerBaseHandler - [helmwebs] HiveMQ Platform is starting, 0 of 1 replicas are ready
2025-01-30 04:03:59,791 INFO c.h.h.t.HelmChartContainer - [hivemq-test-hivemq-platform] [hivemq-platform-operator] [a536b7dd] 04:03:59.790 [pool-6-thread-22] DEBUG c.h.p.o.d.PlatformServiceResource - [helmwebs] Desired Platform services (4 services)
2025-01-30 04:03:59,794 INFO c.h.h.t.HelmChartContainer - [hivemq-test-hivemq-platform] [hivemq-platform-operator] [a536b7dd] 04:03:59.792 [pool-6-thread-23] DEBUG c.h.p.o.dependants.PodInfoConfigMap - [helmwebs] Desired PodInfo ConfigMap (1 extensions) (1 enabled)
2025-01-30 04:03:59,794 INFO c.h.h.t.HelmChartContainer - [hivemq-test-hivemq-platform] [hivemq-platform-operator] [a536b7dd] 04:03:59.792 [pool-6-thread-23] DEBUG c.h.p.o.dependants.PodInfoConfigMap - [helmwebs] Desired PodInfo ConfigMap (metrics port: 9399) (metrics path: /)
2025-01-30 04:03:59,794 INFO c.h.h.t.HelmChartContainer - [hivemq-test-hivemq-platform] [hivemq-platform-operator] [a536b7dd] 04:03:59.792 [pool-6-thread-23] DEBUG c.h.p.o.dependants.PodInfoConfigMap - [helmwebs] Desired PodInfo ConfigMap (extension state hash: -1817474005)
2025-01-30 04:03:59,882 INFO c.h.h.t.HelmChartContainer - [hivemq-test-hivemq-platform] [hivemq-platform-operator] [a536b7dd] 04:03:59.878 [pool-6-thread-27] DEBUG c.h.p.o.d.PodServiceAccountResource - [helmwebs] Desired PodServiceAccountResource (serviceAccountName: hivemq-platform-pod-test-hivemq-platform)
2025-01-30 04:03:59,890 INFO c.h.h.t.HelmChartContainer - [hivemq-test-hivemq-platform] [hivemq-platform-operator] [a536b7dd] 04:03:59.889 [pool-6-thread-30] DEBUG c.h.p.o.d.StatefulSetResource - [helmwebs] Desired StatefulSet (1 replicas) for status STARTING (READY)
2025-01-30 04:03:59,901 INFO c.h.h.t.HelmChartContainer - [hivemq-test-hivemq-platform] [hivemq-platform-operator] [a536b7dd] 04:03:59.900 [ReconcilerExecutor-hivemq-controller-76] INFO  c.h.p.o.HiveMQPlatformReconciler - [helmwebs] Reconciling HiveMQ Platform 'test-hivemq-platform' in namespace 'helmwebsocketsit'
2025-01-30 04:03:59,901 INFO c.h.h.t.HelmChartContainer - [hivemq-test-hivemq-platform] [hivemq-platform-operator] [a536b7dd] 04:03:59.900 [ReconcilerExecutor-hivemq-controller-76] DEBUG c.h.p.o.HiveMQPlatformReconciler - [helmwebs] Custom Resource Status STARTING - HiveMQ Platform is starting (READY)
2025-01-30 04:03:59,901 INFO c.h.h.t.HelmChartContainer - [hivemq-test-hivemq-platform] [hivemq-platform-operator] [a536b7dd] 04:03:59.900 [ReconcilerExecutor-hivemq-controller-76] DEBUG c.h.p.o.HiveMQPlatformReconciler - [helmwebs] Custom Resource Spec (replicas: 1) (extensions: 1)
2025-01-30 04:03:59,916 INFO c.h.h.t.HelmChartContainer - [EVENT] Normal [Pulled] Container image "docker.io/hivemq/hivemq-platform-operator-init-test:snapshot" already present on machine [helmwebsocketsit:test-hivemq-platform-0]
2025-01-30 04:03:59,925 INFO c.h.h.t.HelmChartContainer - [EVENT] Normal [Created] Created container: hivemq-platform-operator-init [helmwebsocketsit:test-hivemq-platform-0]
2025-01-30 04:03:59,964 INFO c.h.h.t.HelmChartContainer - [EVENT] Normal [Started] Started container hivemq-platform-operator-init [helmwebsocketsit:test-hivemq-platform-0]
2025-01-30 04:03:59,982 INFO c.h.h.t.HelmChartContainer - [hivemq-test-hivemq-platform] [hivemq-platform-operator] [a536b7dd] 04:03:59.980 [ReconcilerExecutor-hivemq-controller-76] DEBUG c.h.p.o.HiveMQPlatformReconciler - [helmwebs] StatefulSet Status (revision: test-hivemq-platform-774fdb46d, replicas: 1, available: 0, ready: 0, current: 1, updated: 1)
2025-01-30 04:03:59,982 INFO c.h.h.t.HelmChartContainer - [hivemq-test-hivemq-platform] [hivemq-platform-operator] [a536b7dd] 04:03:59.980 [ReconcilerExecutor-hivemq-controller-76] DEBUG c.h.p.o.HiveMQPlatformReconciler - [helmwebs] StatefulSet Spec (replicas: 1, init containers: 1, containers: 1, volumes: 6)
2025-01-30 04:03:59,988 INFO c.h.h.t.HelmChartContainer - [hivemq-test-hivemq-platform] [hivemq-platform-operator] [a536b7dd] 04:03:59.986 [ReconcilerExecutor-hivemq-controller-76] DEBUG c.h.p.o.h.HiveMQPlatformReconcilerErrorHandler - [helmwebs] Pod 'test-hivemq-platform-0' phase Pending
2025-01-30 04:03:59,988 INFO c.h.h.t.HelmChartContainer - [hivemq-test-hivemq-platform] [hivemq-platform-operator] [a536b7dd] 04:03:59.986 [ReconcilerExecutor-hivemq-controller-76] DEBUG c.h.p.o.h.HiveMQPlatformReconcilerErrorHandler - [helmwebs] Pod 'test-hivemq-platform-0' condition 'PodReadyToStartContainers': False
2025-01-30 04:03:59,988 INFO c.h.h.t.HelmChartContainer - [hivemq-test-hivemq-platform] [hivemq-platform-operator] [a536b7dd] 04:03:59.986 [ReconcilerExecutor-hivemq-controller-76] DEBUG c.h.p.o.h.HiveMQPlatformReconcilerErrorHandler - [helmwebs] Pod 'test-hivemq-platform-0' condition 'Initialized': False
2025-01-30 04:03:59,988 INFO c.h.h.t.HelmChartContainer - [hivemq-test-hivemq-platform] [hivemq-platform-operator] [a536b7dd] 04:03:59.986 [ReconcilerExecutor-hivemq-controller-76] DEBUG c.h.p.o.h.HiveMQPlatformReconcilerErrorHandler - [helmwebs] Pod 'test-hivemq-platform-0' condition 'Ready': False
2025-01-30 04:03:59,988 INFO c.h.h.t.HelmChartContainer - [hivemq-test-hivemq-platform] [hivemq-platform-operator] [a536b7dd] 04:03:59.986 [ReconcilerExecutor-hivemq-controller-76] DEBUG c.h.p.o.h.HiveMQPlatformReconcilerErrorHandler - [helmwebs] Pod 'test-hivemq-platform-0' condition 'ContainersReady': False
2025-01-30 04:03:59,988 INFO c.h.h.t.HelmChartContainer - [hivemq-test-hivemq-platform] [hivemq-platform-operator] [a536b7dd] 04:03:59.986 [ReconcilerExecutor-hivemq-controller-76] DEBUG c.h.p.o.h.HiveMQPlatformReconcilerErrorHandler - [helmwebs] Pod 'test-hivemq-platform-0' condition 'PodScheduled': True
2025-01-30 04:03:59,988 INFO c.h.h.t.HelmChartContainer - [hivemq-test-hivemq-platform] [hivemq-platform-operator] [a536b7dd] 04:03:59.986 [ReconcilerExecutor-hivemq-controller-76] DEBUG c.h.p.o.h.HiveMQPlatformReconcilerErrorHandler - [helmwebs] Pod 'test-hivemq-platform-0' containerStatus 'hivemq' (started: false) (ready: false) (waiting: [PodInitializing] null)
2025-01-30 04:03:59,990 INFO c.h.h.t.HelmChartContainer - [hivemq-test-hivemq-platform] [hivemq-platform-operator] [a536b7dd] 04:03:59.989 [ReconcilerExecutor-hivemq-controller-76] INFO  c.h.p.o.h.HiveMQPlatformReconcilerBaseHandler - [helmwebs] HiveMQ Platform is starting, 0 of 1 replicas are ready
2025-01-30 04:04:00,636 INFO c.h.h.t.HelmChartContainer - [EVENT] Normal [Pulled] Container image "docker.io/hivemq/hivemq4:4.36.0" already present on machine [helmwebsocketsit:test-hivemq-platform-0]
2025-01-30 04:04:00,636 INFO c.h.h.t.HelmChartContainer - Received Pulled event for container hivemq in pod test-hivemq-platform-0 [1fd2f445-93bd-46a3-b1af-6b037ed5c5ad]
2025-01-30 04:04:00,649 INFO c.h.h.t.HelmChartContainer - [EVENT] Normal [Created] Created container: hivemq [helmwebsocketsit:test-hivemq-platform-0]
2025-01-30 04:04:00,650 INFO c.h.h.t.HelmChartContainer - Received Created event for container hivemq in pod test-hivemq-platform-0 [1fd2f445-93bd-46a3-b1af-6b037ed5c5ad]
2025-01-30 04:04:00,650 INFO c.h.h.t.HelmChartContainer - [POD] test-hivemq-platform-0 [1fd2f445-93bd-46a3-b1af-6b037ed5c5ad] in helmwebsocketsit was MODIFIED
2025-01-30 04:04:00,680 INFO c.h.h.t.HelmChartContainer - [hivemq-test-hivemq-platform] [hivemq-platform-operator] [a536b7dd] 04:04:00.668 [pool-6-thread-32] DEBUG c.h.p.o.d.PlatformServiceResource - [helmwebs] Desired Platform services (4 services)
2025-01-30 04:04:00,680 INFO c.h.h.t.HelmChartContainer - [hivemq-test-hivemq-platform] [hivemq-platform-operator] [a536b7dd] 04:04:00.669 [pool-6-thread-33] DEBUG c.h.p.o.dependants.PodInfoConfigMap - [helmwebs] Desired PodInfo ConfigMap (1 extensions) (1 enabled)
2025-01-30 04:04:00,680 INFO c.h.h.t.HelmChartContainer - [hivemq-test-hivemq-platform] [hivemq-platform-operator] [a536b7dd] 04:04:00.669 [pool-6-thread-33] DEBUG c.h.p.o.dependants.PodInfoConfigMap - [helmwebs] Desired PodInfo ConfigMap (metrics port: 9399) (metrics path: /)
2025-01-30 04:04:00,680 INFO c.h.h.t.HelmChartContainer - [hivemq-test-hivemq-platform] [hivemq-platform-operator] [a536b7dd] 04:04:00.669 [pool-6-thread-33] DEBUG c.h.p.o.dependants.PodInfoConfigMap - [helmwebs] Desired PodInfo ConfigMap (extension state hash: -1817474005)
2025-01-30 04:04:00,686 INFO c.h.h.t.HelmChartContainer - [hivemq-test-hivemq-platform] [hivemq-platform-operator] [a536b7dd] 04:04:00.679 [pool-6-thread-37] DEBUG c.h.p.o.d.PodServiceAccountResource - [helmwebs] Desired PodServiceAccountResource (serviceAccountName: hivemq-platform-pod-test-hivemq-platform)
2025-01-30 04:04:00,711 INFO c.h.h.t.HelmChartContainer - [hivemq-test-hivemq-platform] [hivemq-platform-operator] [a536b7dd] 04:04:00.709 [pool-6-thread-39] DEBUG c.h.p.o.d.StatefulSetResource - [helmwebs] Desired StatefulSet (1 replicas) for status STARTING (READY)
2025-01-30 04:04:00,727 INFO c.h.h.t.HelmChartContainer - [hivemq-test-hivemq-platform] [hivemq-platform-operator] [a536b7dd] 04:04:00.725 [ReconcilerExecutor-hivemq-controller-87] INFO  c.h.p.o.HiveMQPlatformReconciler - [helmwebs] Reconciling HiveMQ Platform 'test-hivemq-platform' in namespace 'helmwebsocketsit'
2025-01-30 04:04:00,729 INFO c.h.h.t.HelmChartContainer - [hivemq-test-hivemq-platform] [hivemq-platform-operator] [a536b7dd] 04:04:00.725 [ReconcilerExecutor-hivemq-controller-87] DEBUG c.h.p.o.HiveMQPlatformReconciler - [helmwebs] Custom Resource Status STARTING - HiveMQ Platform is starting (READY)
2025-01-30 04:04:00,729 INFO c.h.h.t.HelmChartContainer - [hivemq-test-hivemq-platform] [hivemq-platform-operator] [a536b7dd] 04:04:00.725 [ReconcilerExecutor-hivemq-controller-87] DEBUG c.h.p.o.HiveMQPlatformReconciler - [helmwebs] Custom Resource Spec (replicas: 1) (extensions: 1)
2025-01-30 04:04:00,781 INFO c.h.h.t.HelmChartContainer - [hivemq-test-hivemq-platform] [hivemq-platform-operator] [a536b7dd] 04:04:00.780 [ReconcilerExecutor-hivemq-controller-87] DEBUG c.h.p.o.HiveMQPlatformReconciler - [helmwebs] StatefulSet Status (revision: test-hivemq-platform-774fdb46d, replicas: 1, available: 0, ready: 0, current: 1, updated: 1)
2025-01-30 04:04:00,781 INFO c.h.h.t.HelmChartContainer - [hivemq-test-hivemq-platform] [hivemq-platform-operator] [a536b7dd] 04:04:00.780 [ReconcilerExecutor-hivemq-controller-87] DEBUG c.h.p.o.HiveMQPlatformReconciler - [helmwebs] StatefulSet Spec (replicas: 1, init containers: 1, containers: 1, volumes: 6)
2025-01-30 04:04:00,805 INFO c.h.h.t.HelmChartContainer - [hivemq-test-hivemq-platform] [hivemq-platform-operator] [a536b7dd] 04:04:00.804 [ReconcilerExecutor-hivemq-controller-87] DEBUG c.h.p.o.h.HiveMQPlatformReconcilerErrorHandler - [helmwebs] Pod 'test-hivemq-platform-0' phase Pending
2025-01-30 04:04:00,806 INFO c.h.h.t.HelmChartContainer - [hivemq-test-hivemq-platform] [hivemq-platform-operator] [a536b7dd] 04:04:00.804 [ReconcilerExecutor-hivemq-controller-87] DEBUG c.h.p.o.h.HiveMQPlatformReconcilerErrorHandler - [helmwebs] Pod 'test-hivemq-platform-0' condition 'PodReadyToStartContainers': True
2025-01-30 04:04:00,806 INFO c.h.h.t.HelmChartContainer - [hivemq-test-hivemq-platform] [hivemq-platform-operator] [a536b7dd] 04:04:00.804 [ReconcilerExecutor-hivemq-controller-87] DEBUG c.h.p.o.h.HiveMQPlatformReconcilerErrorHandler - [helmwebs] Pod 'test-hivemq-platform-0' condition 'Initialized': True
2025-01-30 04:04:00,806 INFO c.h.h.t.HelmChartContainer - [hivemq-test-hivemq-platform] [hivemq-platform-operator] [a536b7dd] 04:04:00.804 [ReconcilerExecutor-hivemq-controller-87] DEBUG c.h.p.o.h.HiveMQPlatformReconcilerErrorHandler - [helmwebs] Pod 'test-hivemq-platform-0' condition 'Ready': False
2025-01-30 04:04:00,806 INFO c.h.h.t.HelmChartContainer - [hivemq-test-hivemq-platform] [hivemq-platform-operator] [a536b7dd] 04:04:00.804 [ReconcilerExecutor-hivemq-controller-87] DEBUG c.h.p.o.h.HiveMQPlatformReconcilerErrorHandler - [helmwebs] Pod 'test-hivemq-platform-0' condition 'ContainersReady': False
2025-01-30 04:04:00,806 INFO c.h.h.t.HelmChartContainer - [hivemq-test-hivemq-platform] [hivemq-platform-operator] [a536b7dd] 04:04:00.804 [ReconcilerExecutor-hivemq-controller-87] DEBUG c.h.p.o.h.HiveMQPlatformReconcilerErrorHandler - [helmwebs] Pod 'test-hivemq-platform-0' condition 'PodScheduled': True
2025-01-30 04:04:00,806 INFO c.h.h.t.HelmChartContainer - [hivemq-test-hivemq-platform] [hivemq-platform-operator] [a536b7dd] 04:04:00.804 [ReconcilerExecutor-hivemq-controller-87] DEBUG c.h.p.o.h.HiveMQPlatformReconcilerErrorHandler - [helmwebs] Pod 'test-hivemq-platform-0' containerStatus 'hivemq' (started: false) (ready: false) (waiting: [PodInitializing] null)
2025-01-30 04:04:00,807 INFO c.h.h.t.HelmChartContainer - [hivemq-test-hivemq-platform] [hivemq-platform-operator] [a536b7dd] 04:04:00.806 [ReconcilerExecutor-hivemq-controller-87] INFO  c.h.p.o.h.HiveMQPlatformReconcilerBaseHandler - [helmwebs] HiveMQ Platform is starting, 0 of 1 replicas are ready
2025-01-30 04:04:01,648 INFO c.h.h.t.HelmChartContainer - [POD] test-hivemq-platform-0 [1fd2f445-93bd-46a3-b1af-6b037ed5c5ad] in helmwebsocketsit was MODIFIED
2025-01-30 04:04:01,657 INFO c.h.h.t.HelmChartContainer - Started log watcher for hivemq in pod test-hivemq-platform-0 [1fd2f445-93bd-46a3-b1af-6b037ed5c5ad]
2025-01-30 04:04:01,658 INFO c.h.h.t.HelmChartContainer - [EVENT] Normal [Started] Started container hivemq [helmwebsocketsit:test-hivemq-platform-0]
2025-01-30 04:04:01,659 INFO c.h.h.t.HelmChartContainer - [test-hivemq-platform] [hivemq] [1fd2f445] Adding pre-installed HiveMQ Platform Operator extensions
2025-01-30 04:04:01,659 INFO c.h.h.t.HelmChartContainer - [test-hivemq-platform] [hivemq] [1fd2f445] Running as user 10000
2025-01-30 04:04:01,659 INFO c.h.h.t.HelmChartContainer - [test-hivemq-platform] [hivemq] [1fd2f445] Starting HiveMQ Platform Operator Init
2025-01-30 04:04:01,659 INFO c.h.h.t.HelmChartContainer - Received Started event for container hivemq in pod test-hivemq-platform-0 [1fd2f445-93bd-46a3-b1af-6b037ed5c5ad]
2025-01-30 04:04:01,664 INFO c.h.h.t.HelmChartContainer - [hivemq-test-hivemq-platform] [hivemq-platform-operator] [a536b7dd] 04:04:01.659 [pool-6-thread-42] DEBUG c.h.p.o.d.PlatformServiceResource - [helmwebs] Desired Platform services (4 services)
2025-01-30 04:04:01,665 INFO c.h.h.t.HelmChartContainer - [hivemq-test-hivemq-platform] [hivemq-platform-operator] [a536b7dd] 04:04:01.662 [pool-6-thread-43] DEBUG c.h.p.o.dependants.PodInfoConfigMap - [helmwebs] Desired PodInfo ConfigMap (1 extensions) (1 enabled)
2025-01-30 04:04:01,665 INFO c.h.h.t.HelmChartContainer - [hivemq-test-hivemq-platform] [hivemq-platform-operator] [a536b7dd] 04:04:01.663 [pool-6-thread-43] DEBUG c.h.p.o.dependants.PodInfoConfigMap - [helmwebs] Desired PodInfo ConfigMap (metrics port: 9399) (metrics path: /)
2025-01-30 04:04:01,665 INFO c.h.h.t.HelmChartContainer - [hivemq-test-hivemq-platform] [hivemq-platform-operator] [a536b7dd] 04:04:01.663 [pool-6-thread-43] DEBUG c.h.p.o.dependants.PodInfoConfigMap - [helmwebs] Desired PodInfo ConfigMap (extension state hash: -1817474005)
2025-01-30 04:04:01,702 INFO c.h.h.t.HelmChartContainer - [hivemq-test-hivemq-platform] [hivemq-platform-operator] [a536b7dd] 04:04:01.700 [pool-6-thread-47] DEBUG c.h.p.o.d.PodServiceAccountResource - [helmwebs] Desired PodServiceAccountResource (serviceAccountName: hivemq-platform-pod-test-hivemq-platform)
2025-01-30 04:04:01,707 INFO c.h.h.t.HelmChartContainer - [hivemq-test-hivemq-platform] [hivemq-platform-operator] [a536b7dd] 04:04:01.706 [pool-6-thread-50] DEBUG c.h.p.o.d.StatefulSetResource - [helmwebs] Desired StatefulSet (1 replicas) for status STARTING (READY)
2025-01-30 04:04:01,713 INFO c.h.h.t.HelmChartContainer - [hivemq-test-hivemq-platform] [hivemq-platform-operator] [a536b7dd] 04:04:01.712 [ReconcilerExecutor-hivemq-controller-98] INFO  c.h.p.o.HiveMQPlatformReconciler - [helmwebs] Reconciling HiveMQ Platform 'test-hivemq-platform' in namespace 'helmwebsocketsit'
2025-01-30 04:04:01,713 INFO c.h.h.t.HelmChartContainer - [hivemq-test-hivemq-platform] [hivemq-platform-operator] [a536b7dd] 04:04:01.712 [ReconcilerExecutor-hivemq-controller-98] DEBUG c.h.p.o.HiveMQPlatformReconciler - [helmwebs] Custom Resource Status STARTING - HiveMQ Platform is starting (READY)
2025-01-30 04:04:01,713 INFO c.h.h.t.HelmChartContainer - [hivemq-test-hivemq-platform] [hivemq-platform-operator] [a536b7dd] 04:04:01.712 [ReconcilerExecutor-hivemq-controller-98] DEBUG c.h.p.o.HiveMQPlatformReconciler - [helmwebs] Custom Resource Spec (replicas: 1) (extensions: 1)
2025-01-30 04:04:01,723 INFO c.h.h.t.HelmChartContainer - [hivemq-test-hivemq-platform] [hivemq-platform-operator] [a536b7dd] 04:04:01.719 [ReconcilerExecutor-hivemq-controller-98] DEBUG c.h.p.o.HiveMQPlatformReconciler - [helmwebs] StatefulSet Status (revision: test-hivemq-platform-774fdb46d, replicas: 1, available: 0, ready: 0, current: 1, updated: 1)
2025-01-30 04:04:01,723 INFO c.h.h.t.HelmChartContainer - [hivemq-test-hivemq-platform] [hivemq-platform-operator] [a536b7dd] 04:04:01.719 [ReconcilerExecutor-hivemq-controller-98] DEBUG c.h.p.o.HiveMQPlatformReconciler - [helmwebs] StatefulSet Spec (replicas: 1, init containers: 1, containers: 1, volumes: 6)
2025-01-30 04:04:01,727 INFO c.h.h.t.HelmChartContainer - [hivemq-test-hivemq-platform] [hivemq-platform-operator] [a536b7dd] 04:04:01.726 [ReconcilerExecutor-hivemq-controller-98] DEBUG c.h.p.o.h.HiveMQPlatformReconcilerErrorHandler - [helmwebs] Pod 'test-hivemq-platform-0' phase Running
2025-01-30 04:04:01,802 INFO c.h.h.t.HelmChartContainer - [hivemq-test-hivemq-platform] [hivemq-platform-operator] [a536b7dd] 04:04:01.801 [ReconcilerExecutor-hivemq-controller-98] INFO  c.h.p.o.h.HiveMQPlatformReconcilerBaseHandler - [helmwebs] HiveMQ Platform is starting, 0 of 1 replicas are ready
2025-01-30 04:04:01,984 INFO c.h.h.t.HelmChartContainer - [test-hivemq-platform] [hivemq] [1fd2f445] INFO  - [HiveMQ Platform Operator Init 1.7.0-SNAPSHOT] HiveMQ Platform Operator Init 1.7.0-SNAPSHOT (commit: 47e3375 on branch: HEAD) built on Thu Jan 30 03:55:50 UTC 2025
2025-01-30 04:04:03,213 INFO c.h.h.t.HelmChartContainer - [test-hivemq-platform] [hivemq] [1fd2f445] INFO  - [HiveMQ Platform Operator Init App 1.7.0-SNAPSHOT] Using bind address 10.42.0.10 from environment variable
2025-01-30 04:04:04,121 INFO c.h.h.t.HelmChartContainer - [test-hivemq-platform] [hivemq] [1fd2f445] INFO  - [HiveMQ Platform Operator Init App 1.7.0-SNAPSHOT] HiveMQ Platform Operator Init App 1.7.0-SNAPSHOT (commit: 47e3375 on branch: HEAD) built on Thu Jan 30 03:55:50 UTC 2025
2025-01-30 04:04:04,121 INFO c.h.h.t.HelmChartContainer - [test-hivemq-platform] [hivemq] [1fd2f445] INFO  - [HiveMQ Platform Operator Init App 1.7.0-SNAPSHOT] PodInfo ConfigMap directory: /etc/podinfo
2025-01-30 04:04:04,121 INFO c.h.h.t.HelmChartContainer - [test-hivemq-platform] [hivemq] [1fd2f445] INFO  - [HiveMQ Platform Operator Init App 1.7.0-SNAPSHOT] HiveMQ home directory: /opt/hivemq
2025-01-30 04:04:04,121 INFO c.h.h.t.HelmChartContainer - [test-hivemq-platform] [hivemq] [1fd2f445] INFO  - [HiveMQ Platform Operator Init App 1.7.0-SNAPSHOT] HiveMQ Logback folder: /opt/hivemq/conf
2025-01-30 04:04:04,121 INFO c.h.h.t.HelmChartContainer - [test-hivemq-platform] [hivemq] [1fd2f445] INFO  - [HiveMQ Platform Operator Init App 1.7.0-SNAPSHOT] HiveMQ Config folder: /opt/hivemq/conf-k8s
2025-01-30 04:04:04,122 INFO c.h.h.t.HelmChartContainer - [test-hivemq-platform] [hivemq] [1fd2f445] INFO  - [HiveMQ Platform Operator Init App 1.7.0-SNAPSHOT] Starting HiveMQ Platform Operator Init App
2025-01-30 04:04:04,123 INFO c.h.h.t.HelmChartContainer - [test-hivemq-platform] [hivemq] [1fd2f445] INFO  - [HiveMQ Platform Operator Init App 1.7.0-SNAPSHOT] Starting Pod reconciler
2025-01-30 04:04:05,288 INFO c.h.h.t.HelmChartContainer - [test-hivemq-platform] [hivemq] [1fd2f445] INFO  - [HiveMQ Platform Operator Init App 1.7.0-SNAPSHOT] Pod reconciler is scheduled (interval: 5000 ms)
2025-01-30 04:04:05,313 INFO c.h.h.t.HelmChartContainer - [test-hivemq-platform] [hivemq] [1fd2f445] INFO  - [HiveMQ Platform Operator Init App 1.7.0-SNAPSHOT] Starting the REST API on 10.42.0.10:7979
2025-01-30 04:04:05,315 INFO c.h.h.t.HelmChartContainer - [test-hivemq-platform] [hivemq] [1fd2f445] INFO  - [HiveMQ Platform Operator Init App 1.7.0-SNAPSHOT] Waiting up to 600s for at most 1 HiveMQ nodes in cluster service hivemq-test-hivemq-platform-cluster.helmwebsocketsit.svc
2025-01-30 04:04:05,632 INFO c.h.h.t.HelmChartContainer - [test-hivemq-platform] [hivemq] [1fd2f445] INFO  - [HiveMQ Platform Operator Init App 1.7.0-SNAPSHOT] Resolved 1 IP addresses: [10.42.0.10]
2025-01-30 04:04:05,633 INFO c.h.h.t.HelmChartContainer - [test-hivemq-platform] [hivemq] [1fd2f445] INFO  - [HiveMQ Platform Operator Init App 1.7.0-SNAPSHOT] HiveMQ node count of 1 is within threshold of 1
2025-01-30 04:04:05,633 INFO c.h.h.t.HelmChartContainer - [test-hivemq-platform] [hivemq] [1fd2f445] INFO  - [HiveMQ Platform Operator Init App 1.7.0-SNAPSHOT] Proceeding with container start
2025-01-30 04:04:05,727 INFO c.h.h.t.HelmChartContainer - [test-hivemq-platform] [hivemq] [1fd2f445] INFO  - [HiveMQ Platform Operator Init App 1.7.0-SNAPSHOT] Initializing HiveMQ Platform extensions with initial configuration: {hivemq-allow-all-extension={start-priority=-1, skip-https-hostname-verification=false, restart=true, config-version=0, header-version=0, c-uri=, priority=-1, uri=preinstalled, skip-https-certificate-validation=false, enabled=true}, hivemq-prometheus-extension={restart=true, enabled=true, request-header-path=no-request-headers, uri=preinstalled, skip-https-certificate-validation=false, skip-https-hostname-verification=false, c-uri=, start-priority=-1, priority=-1}}
2025-01-30 04:04:06,214 INFO c.h.h.t.HelmChartContainer - [test-hivemq-platform] [hivemq] [1fd2f445] INFO  - [HiveMQ Platform Operator Init App 1.7.0-SNAPSHOT] Extension hivemq-allow-all-extension was already enabled
2025-01-30 04:04:06,283 INFO c.h.h.t.HelmChartContainer - [test-hivemq-platform] [hivemq] [1fd2f445] INFO  - [HiveMQ Platform Operator Init App 1.7.0-SNAPSHOT] Successfully enabled extension hivemq-prometheus-extension
2025-01-30 04:04:06,285 INFO c.h.h.t.HelmChartContainer - [test-hivemq-platform] [hivemq] [1fd2f445] INFO  - [HiveMQ Platform Operator Init App 1.7.0-SNAPSHOT] Starting HiveMQ Platform version 4.36.0 (4.36.0)
2025-01-30 04:04:06,285 INFO c.h.h.t.HelmChartContainer - [test-hivemq-platform] [hivemq] [1fd2f445] INFO  - [HiveMQ Platform Operator Init App 1.7.0-SNAPSHOT] Configuring the HiveMQ Platform
2025-01-30 04:04:06,319 INFO c.h.h.t.HelmChartContainer - [test-hivemq-platform] [hivemq] [1fd2f445] INFO  - [HiveMQ Platform Operator Init App 1.7.0-SNAPSHOT] Changed logback.xml file scan period to 20 seconds
2025-01-30 04:04:06,417 INFO c.h.h.t.HelmChartContainer - [test-hivemq-platform] [hivemq] [1fd2f445] INFO  - [HiveMQ Platform Operator Init App 1.7.0-SNAPSHOT] Starting the HiveMQ Platform
2025-01-30 04:04:06,420 INFO c.h.h.t.HelmChartContainer - [test-hivemq-platform] [hivemq] [1fd2f445] -------------------------------------------------------------------------
2025-01-30 04:04:06,420 INFO c.h.h.t.HelmChartContainer - [test-hivemq-platform] [hivemq] [1fd2f445] 
2025-01-30 04:04:06,420 INFO c.h.h.t.HelmChartContainer - [test-hivemq-platform] [hivemq] [1fd2f445]                   _    _  _              __  __   ____
2025-01-30 04:04:06,420 INFO c.h.h.t.HelmChartContainer - [test-hivemq-platform] [hivemq] [1fd2f445]                  | |  | |(_)            |  \/  | / __ \
2025-01-30 04:04:06,420 INFO c.h.h.t.HelmChartContainer - [test-hivemq-platform] [hivemq] [1fd2f445]                  | |__| | _ __   __ ___ | \  / || |  | |
2025-01-30 04:04:06,420 INFO c.h.h.t.HelmChartContainer - [test-hivemq-platform] [hivemq] [1fd2f445]                  |  __  || |\ \ / // _ \| |\/| || |  | |
2025-01-30 04:04:06,420 INFO c.h.h.t.HelmChartContainer - [test-hivemq-platform] [hivemq] [1fd2f445]                  | |  | || | \ V /|  __/| |  | || |__| |
2025-01-30 04:04:06,420 INFO c.h.h.t.HelmChartContainer - [test-hivemq-platform] [hivemq] [1fd2f445]                  |_|  |_||_|  \_/  \___||_|  |_| \___\_\
2025-01-30 04:04:06,420 INFO c.h.h.t.HelmChartContainer - [test-hivemq-platform] [hivemq] [1fd2f445] 
2025-01-30 04:04:06,420 INFO c.h.h.t.HelmChartContainer - [test-hivemq-platform] [hivemq] [1fd2f445] -------------------------------------------------------------------------
2025-01-30 04:04:06,420 INFO c.h.h.t.HelmChartContainer - [test-hivemq-platform] [hivemq] [1fd2f445] 
2025-01-30 04:04:06,420 INFO c.h.h.t.HelmChartContainer - [test-hivemq-platform] [hivemq] [1fd2f445]   HiveMQ Start Script for Linux/Unix v1.14
2025-01-30 04:04:06,420 INFO c.h.h.t.HelmChartContainer - [test-hivemq-platform] [hivemq] [1fd2f445] 
2025-01-30 04:04:06,490 INFO c.h.h.t.HelmChartContainer - [test-hivemq-platform] [hivemq] [1fd2f445] -------------------------------------------------------------------------
2025-01-30 04:04:06,490 INFO c.h.h.t.HelmChartContainer - [test-hivemq-platform] [hivemq] [1fd2f445] 
2025-01-30 04:04:06,490 INFO c.h.h.t.HelmChartContainer - [test-hivemq-platform] [hivemq] [1fd2f445]   HIVEMQ_HOME: /opt/hivemq
2025-01-30 04:04:06,490 INFO c.h.h.t.HelmChartContainer - [test-hivemq-platform] [hivemq] [1fd2f445] 
2025-01-30 04:04:06,490 INFO c.h.h.t.HelmChartContainer - [test-hivemq-platform] [hivemq] [1fd2f445]   JAVA_OPTS: -XX:+UnlockExperimentalVMOptions -XX:InitialRAMPercentage=50 -XX:MaxRAMPercentage=50 -Djava.net.preferIPv4Stack=true --add-opens java.base/java.lang=ALL-UNNAMED --add-opens java.base/java.nio=ALL-UNNAMED --add-opens java.base/sun.nio.ch=ALL-UNNAMED --add-opens jdk.management/com.sun.management.internal=ALL-UNNAMED --add-exports java.base/jdk.internal.misc=ALL-UNNAMED -Djava.security.egd=file:/dev/./urandom -Dcom.sun.management.jmxremote -Dcom.sun.management.jmxremote.port=9010 -Dcom.sun.management.jmxremote.local.only=false -Dcom.sun.management.jmxremote.authenticate=false -Dcom.sun.management.jmxremote.ssl=false -Duser.language=en -Duser.region=US -XX:+CrashOnOutOfMemoryError -XX:+HeapDumpOnOutOfMemoryError
2025-01-30 04:04:06,490 INFO c.h.h.t.HelmChartContainer - [test-hivemq-platform] [hivemq] [1fd2f445] 
2025-01-30 04:04:06,490 INFO c.h.h.t.HelmChartContainer - [test-hivemq-platform] [hivemq] [1fd2f445]   JAVA_VERSION: 21
2025-01-30 04:04:06,490 INFO c.h.h.t.HelmChartContainer - [test-hivemq-platform] [hivemq] [1fd2f445] 
2025-01-30 04:04:06,490 INFO c.h.h.t.HelmChartContainer - [test-hivemq-platform] [hivemq] [1fd2f445] -------------------------------------------------------------------------
2025-01-30 04:04:06,490 INFO c.h.h.t.HelmChartContainer - [test-hivemq-platform] [hivemq] [1fd2f445] 
2025-01-30 04:04:07,721 INFO c.h.h.t.HelmChartContainer - [test-hivemq-platform] [hivemq] [1fd2f445] INFO  - [HiveMQ Platform Operator Init App 1.7.0-SNAPSHOT] Returning default Health API response 503 for readiness
2025-01-30 04:04:08,024 INFO c.h.h.t.HelmChartContainer - [EVENT] Warning [Unhealthy] Readiness probe failed: HTTP probe failed with statuscode: 503 [helmwebsocketsit:test-hivemq-platform-0]
2025-01-30 04:04:08,024 INFO c.h.h.t.HelmChartContainer - Received Unhealthy event for container hivemq in pod test-hivemq-platform-0 [1fd2f445-93bd-46a3-b1af-6b037ed5c5ad]
2025-01-30 04:04:09,124 INFO c.h.h.t.HelmChartContainer - [test-hivemq-platform] [hivemq] [1fd2f445] INFO  - Starting HiveMQ Enterprise Server
2025-01-30 04:04:09,131 INFO c.h.h.t.HelmChartContainer - [test-hivemq-platform] [hivemq] [1fd2f445] INFO  - HiveMQ version: 4.36.0
2025-01-30 04:04:09,131 INFO c.h.h.t.HelmChartContainer - [test-hivemq-platform] [hivemq] [1fd2f445] INFO  - HiveMQ home directory: /opt/hivemq
2025-01-30 04:04:09,132 INFO c.h.h.t.HelmChartContainer - [test-hivemq-platform] [hivemq] [1fd2f445] INFO  - Log Configuration was overridden by /opt/hivemq/conf/logback.xml
2025-01-30 04:04:10,423 INFO c.h.h.t.HelmChartContainer - [test-hivemq-platform] [hivemq] [1fd2f445] INFO  - Successfully loaded configuration from '/opt/hivemq/conf-k8s/config.xml'.
2025-01-30 04:04:11,216 INFO c.h.h.t.HelmChartContainer - [test-hivemq-platform] [hivemq] [1fd2f445] INFO  - This node's ID is F5R2t
2025-01-30 04:04:11,216 INFO c.h.h.t.HelmChartContainer - [test-hivemq-platform] [hivemq] [1fd2f445] INFO  - Clustering is enabled
2025-01-30 04:04:11,808 INFO c.h.h.t.HelmChartContainer - [hivemq-test-hivemq-platform] [hivemq-platform-operator] [a536b7dd] 04:04:11.805 [pool-6-thread-3] DEBUG c.h.p.o.d.PlatformServiceResource - [helmwebs] Desired Platform services (4 services)
2025-01-30 04:04:11,808 INFO c.h.h.t.HelmChartContainer - [hivemq-test-hivemq-platform] [hivemq-platform-operator] [a536b7dd] 04:04:11.806 [pool-6-thread-5] DEBUG c.h.p.o.dependants.PodInfoConfigMap - [helmwebs] Desired PodInfo ConfigMap (1 extensions) (1 enabled)
2025-01-30 04:04:11,808 INFO c.h.h.t.HelmChartContainer - [hivemq-test-hivemq-platform] [hivemq-platform-operator] [a536b7dd] 04:04:11.807 [pool-6-thread-5] DEBUG c.h.p.o.dependants.PodInfoConfigMap - [helmwebs] Desired PodInfo ConfigMap (metrics port: 9399) (metrics path: /)
2025-01-30 04:04:11,812 INFO c.h.h.t.HelmChartContainer - [hivemq-test-hivemq-platform] [hivemq-platform-operator] [a536b7dd] 04:04:11.807 [pool-6-thread-5] DEBUG c.h.p.o.dependants.PodInfoConfigMap - [helmwebs] Desired PodInfo ConfigMap (extension state hash: -1817474005)
2025-01-30 04:04:11,812 INFO c.h.h.t.HelmChartContainer - [hivemq-test-hivemq-platform] [hivemq-platform-operator] [a536b7dd] 04:04:11.809 [pool-6-thread-1] DEBUG c.h.p.o.d.PodServiceAccountResource - [helmwebs] Desired PodServiceAccountResource (serviceAccountName: hivemq-platform-pod-test-hivemq-platform)
2025-01-30 04:04:11,818 INFO c.h.h.t.HelmChartContainer - [hivemq-test-hivemq-platform] [hivemq-platform-operator] [a536b7dd] 04:04:11.818 [pool-6-thread-3] DEBUG c.h.p.o.d.StatefulSetResource - [helmwebs] Desired StatefulSet (1 replicas) for status STARTING (READY)
2025-01-30 04:04:11,906 INFO c.h.h.t.HelmChartContainer - [hivemq-test-hivemq-platform] [hivemq-platform-operator] [a536b7dd] 04:04:11.900 [ReconcilerExecutor-hivemq-controller-109] INFO  c.h.p.o.HiveMQPlatformReconciler - [helmwebs] Reconciling HiveMQ Platform 'test-hivemq-platform' in namespace 'helmwebsocketsit'
2025-01-30 04:04:11,906 INFO c.h.h.t.HelmChartContainer - [hivemq-test-hivemq-platform] [hivemq-platform-operator] [a536b7dd] 04:04:11.900 [ReconcilerExecutor-hivemq-controller-109] DEBUG c.h.p.o.HiveMQPlatformReconciler - [helmwebs] Custom Resource Status STARTING - HiveMQ Platform is starting (READY)
2025-01-30 04:04:11,907 INFO c.h.h.t.HelmChartContainer - [hivemq-test-hivemq-platform] [hivemq-platform-operator] [a536b7dd] 04:04:11.900 [ReconcilerExecutor-hivemq-controller-109] DEBUG c.h.p.o.HiveMQPlatformReconciler - [helmwebs] Custom Resource Spec (replicas: 1) (extensions: 1)
2025-01-30 04:04:11,907 INFO c.h.h.t.HelmChartContainer - [hivemq-test-hivemq-platform] [hivemq-platform-operator] [a536b7dd] 04:04:11.903 [ReconcilerExecutor-hivemq-controller-109] DEBUG c.h.p.o.HiveMQPlatformReconciler - [helmwebs] StatefulSet Status (revision: test-hivemq-platform-774fdb46d, replicas: 1, available: 0, ready: 0, current: 1, updated: 1)
2025-01-30 04:04:11,907 INFO c.h.h.t.HelmChartContainer - [hivemq-test-hivemq-platform] [hivemq-platform-operator] [a536b7dd] 04:04:11.903 [ReconcilerExecutor-hivemq-controller-109] DEBUG c.h.p.o.HiveMQPlatformReconciler - [helmwebs] StatefulSet Spec (replicas: 1, init containers: 1, containers: 1, volumes: 6)
2025-01-30 04:04:11,907 INFO c.h.h.t.HelmChartContainer - [hivemq-test-hivemq-platform] [hivemq-platform-operator] [a536b7dd] 04:04:11.905 [ReconcilerExecutor-hivemq-controller-109] DEBUG c.h.p.o.h.HiveMQPlatformReconcilerErrorHandler - [helmwebs] Pod 'test-hivemq-platform-0' phase Running
2025-01-30 04:04:11,907 INFO c.h.h.t.HelmChartContainer - [hivemq-test-hivemq-platform] [hivemq-platform-operator] [a536b7dd] 04:04:11.906 [ReconcilerExecutor-hivemq-controller-109] INFO  c.h.p.o.h.HiveMQPlatformReconcilerBaseHandler - [helmwebs] HiveMQ Platform is starting, 0 of 1 replicas are ready
2025-01-30 04:04:13,122 INFO c.h.h.t.HelmChartContainer - [test-hivemq-platform] [hivemq] [1fd2f445] WARN  - [HiveMQ Platform Operator Init App 1.7.0-SNAPSHOT] Cannot connect to Health API for readiness: null
2025-01-30 04:04:13,126 INFO c.h.h.t.HelmChartContainer - [EVENT] Warning [Unhealthy] Readiness probe failed: HTTP probe failed with statuscode: 503 [helmwebsocketsit:test-hivemq-platform-0]
2025-01-30 04:04:13,126 INFO c.h.h.t.HelmChartContainer - Received Unhealthy event for container hivemq in pod test-hivemq-platform-0 [1fd2f445-93bd-46a3-b1af-6b037ed5c5ad]
2025-01-30 04:04:15,622 INFO c.h.h.t.HelmChartContainer - [test-hivemq-platform] [hivemq] [1fd2f445] Jan 30, 2025 4:04:15 AM io.vertx.core.impl.BlockedThreadChecker
2025-01-30 04:04:15,623 INFO c.h.h.t.HelmChartContainer - [test-hivemq-platform] [hivemq] [1fd2f445] WARNING: Thread Thread[vert.x-eventloop-thread-1,5,main] has been blocked for 2829 ms, time limit is 2000 ms
2025-01-30 04:04:15,714 INFO c.h.h.t.HelmChartContainer - [test-hivemq-platform] [hivemq] [1fd2f445] INFO  - [HiveMQ Platform Operator Init App 1.7.0-SNAPSHOT] Updating Pod HiveMQ Platform Operator Init App version annotation (version: 1.7.0-SNAPSHOT)
2025-01-30 04:04:16,596 INFO c.h.h.t.HelmChartContainer - [POD] test-hivemq-platform-0 [1fd2f445-93bd-46a3-b1af-6b037ed5c5ad] in helmwebsocketsit was MODIFIED
2025-01-30 04:04:16,602 INFO c.h.h.t.HelmChartContainer - [hivemq-test-hivemq-platform] [hivemq-platform-operator] [a536b7dd] 04:04:16.600 [pool-6-thread-17] DEBUG c.h.p.o.d.PlatformServiceResource - [helmwebs] Desired Platform services (4 services)
2025-01-30 04:04:16,603 INFO c.h.h.t.HelmChartContainer - [hivemq-test-hivemq-platform] [hivemq-platform-operator] [a536b7dd] 04:04:16.601 [pool-6-thread-11] DEBUG c.h.p.o.d.PodServiceAccountResource - [helmwebs] Desired PodServiceAccountResource (serviceAccountName: hivemq-platform-pod-test-hivemq-platform)
2025-01-30 04:04:16,604 INFO c.h.h.t.HelmChartContainer - [hivemq-test-hivemq-platform] [hivemq-platform-operator] [a536b7dd] 04:04:16.603 [pool-6-thread-14] DEBUG c.h.p.o.dependants.PodInfoConfigMap - [helmwebs] Desired PodInfo ConfigMap (1 extensions) (1 enabled)
2025-01-30 04:04:16,605 INFO c.h.h.t.HelmChartContainer - [hivemq-test-hivemq-platform] [hivemq-platform-operator] [a536b7dd] 04:04:16.603 [pool-6-thread-14] DEBUG c.h.p.o.dependants.PodInfoConfigMap - [helmwebs] Desired PodInfo ConfigMap (metrics port: 9399) (metrics path: /)
2025-01-30 04:04:16,605 INFO c.h.h.t.HelmChartContainer - [hivemq-test-hivemq-platform] [hivemq-platform-operator] [a536b7dd] 04:04:16.603 [pool-6-thread-14] DEBUG c.h.p.o.dependants.PodInfoConfigMap - [helmwebs] Desired PodInfo ConfigMap (extension state hash: -1817474005)
2025-01-30 04:04:16,610 INFO c.h.h.t.HelmChartContainer - [hivemq-test-hivemq-platform] [hivemq-platform-operator] [a536b7dd] 04:04:16.610 [pool-6-thread-17] DEBUG c.h.p.o.d.StatefulSetResource - [helmwebs] Desired StatefulSet (1 replicas) for status STARTING (READY)
2025-01-30 04:04:16,623 INFO c.h.h.t.HelmChartContainer - [test-hivemq-platform] [hivemq] [1fd2f445] INFO  - [HiveMQ Platform Operator Init App 1.7.0-SNAPSHOT] Successfully updated Pod HiveMQ Platform Operator Init App version annotation (version: 1.7.0-SNAPSHOT)
2025-01-30 04:04:16,623 INFO c.h.h.t.HelmChartContainer - [test-hivemq-platform] [hivemq] [1fd2f445] WARN  - [HiveMQ Platform Operator Init App 1.7.0-SNAPSHOT] Cannot connect to Health API for readiness: null
2025-01-30 04:04:16,683 INFO c.h.h.t.HelmChartContainer - [hivemq-test-hivemq-platform] [hivemq-platform-operator] [a536b7dd] 04:04:16.682 [ReconcilerExecutor-hivemq-controller-110] INFO  c.h.p.o.HiveMQPlatformReconciler - [helmwebs] Reconciling HiveMQ Platform 'test-hivemq-platform' in namespace 'helmwebsocketsit'
2025-01-30 04:04:16,683 INFO c.h.h.t.HelmChartContainer - [hivemq-test-hivemq-platform] [hivemq-platform-operator] [a536b7dd] 04:04:16.682 [ReconcilerExecutor-hivemq-controller-110] DEBUG c.h.p.o.HiveMQPlatformReconciler - [helmwebs] Custom Resource Status STARTING - HiveMQ Platform is starting (READY)
2025-01-30 04:04:16,683 INFO c.h.h.t.HelmChartContainer - [hivemq-test-hivemq-platform] [hivemq-platform-operator] [a536b7dd] 04:04:16.682 [ReconcilerExecutor-hivemq-controller-110] DEBUG c.h.p.o.HiveMQPlatformReconciler - [helmwebs] Custom Resource Spec (replicas: 1) (extensions: 1)
2025-01-30 04:04:16,687 INFO c.h.h.t.HelmChartContainer - [hivemq-test-hivemq-platform] [hivemq-platform-operator] [a536b7dd] 04:04:16.686 [ReconcilerExecutor-hivemq-controller-110] DEBUG c.h.p.o.HiveMQPlatformReconciler - [helmwebs] StatefulSet Status (revision: test-hivemq-platform-774fdb46d, replicas: 1, available: 0, ready: 0, current: 1, updated: 1)
2025-01-30 04:04:16,687 INFO c.h.h.t.HelmChartContainer - [hivemq-test-hivemq-platform] [hivemq-platform-operator] [a536b7dd] 04:04:16.686 [ReconcilerExecutor-hivemq-controller-110] DEBUG c.h.p.o.HiveMQPlatformReconciler - [helmwebs] StatefulSet Spec (replicas: 1, init containers: 1, containers: 1, volumes: 6)
2025-01-30 04:04:16,689 INFO c.h.h.t.HelmChartContainer - [hivemq-test-hivemq-platform] [hivemq-platform-operator] [a536b7dd] 04:04:16.688 [ReconcilerExecutor-hivemq-controller-110] DEBUG c.h.p.o.h.HiveMQPlatformReconcilerErrorHandler - [helmwebs] Pod 'test-hivemq-platform-0' phase Running
2025-01-30 04:04:16,690 INFO c.h.h.t.HelmChartContainer - [hivemq-test-hivemq-platform] [hivemq-platform-operator] [a536b7dd] 04:04:16.689 [ReconcilerExecutor-hivemq-controller-110] INFO  c.h.p.o.h.HiveMQPlatformReconcilerBaseHandler - [helmwebs] HiveMQ Platform is starting, 0 of 1 replicas are ready
2025-01-30 04:04:16,726 INFO c.h.h.t.HelmChartContainer - [EVENT] Warning [Unhealthy] Readiness probe failed: HTTP probe failed with statuscode: 503 [helmwebsocketsit:test-hivemq-platform-0]
2025-01-30 04:04:16,726 INFO c.h.h.t.HelmChartContainer - Received Unhealthy event for container hivemq in pod test-hivemq-platform-0 [1fd2f445-93bd-46a3-b1af-6b037ed5c5ad]
2025-01-30 04:04:21,618 INFO c.h.h.t.HelmChartContainer - [test-hivemq-platform] [hivemq] [1fd2f445] WARN  - [HiveMQ Platform Operator Init App 1.7.0-SNAPSHOT] Cannot connect to Health API for readiness: null
2025-01-30 04:04:21,624 INFO c.h.h.t.HelmChartContainer - [EVENT] Warning [Unhealthy] Readiness probe failed: HTTP probe failed with statuscode: 503 [helmwebsocketsit:test-hivemq-platform-0]
2025-01-30 04:04:21,624 INFO c.h.h.t.HelmChartContainer - Received Unhealthy event for container hivemq in pod test-hivemq-platform-0 [1fd2f445-93bd-46a3-b1af-6b037ed5c5ad]
2025-01-30 04:04:26,618 INFO c.h.h.t.HelmChartContainer - [test-hivemq-platform] [hivemq] [1fd2f445] WARN  - [HiveMQ Platform Operator Init App 1.7.0-SNAPSHOT] Cannot connect to Health API for readiness: null
2025-01-30 04:04:26,623 INFO c.h.h.t.HelmChartContainer - [EVENT] Warning [Unhealthy] Readiness probe failed: HTTP probe failed with statuscode: 503 [helmwebsocketsit:test-hivemq-platform-0]
2025-01-30 04:04:26,623 INFO c.h.h.t.HelmChartContainer - Received Unhealthy event for container hivemq in pod test-hivemq-platform-0 [1fd2f445-93bd-46a3-b1af-6b037ed5c5ad]
2025-01-30 04:04:26,696 INFO c.h.h.t.HelmChartContainer - [hivemq-test-hivemq-platform] [hivemq-platform-operator] [a536b7dd] 04:04:26.693 [pool-6-thread-26] DEBUG c.h.p.o.d.PlatformServiceResource - [helmwebs] Desired Platform services (4 services)
2025-01-30 04:04:26,697 INFO c.h.h.t.HelmChartContainer - [hivemq-test-hivemq-platform] [hivemq-platform-operator] [a536b7dd] 04:04:26.696 [pool-6-thread-24] DEBUG c.h.p.o.dependants.PodInfoConfigMap - [helmwebs] Desired PodInfo ConfigMap (1 extensions) (1 enabled)
2025-01-30 04:04:26,698 INFO c.h.h.t.HelmChartContainer - [hivemq-test-hivemq-platform] [hivemq-platform-operator] [a536b7dd] 04:04:26.696 [pool-6-thread-24] DEBUG c.h.p.o.dependants.PodInfoConfigMap - [helmwebs] Desired PodInfo ConfigMap (metrics port: 9399) (metrics path: /)
2025-01-30 04:04:26,698 INFO c.h.h.t.HelmChartContainer - [hivemq-test-hivemq-platform] [hivemq-platform-operator] [a536b7dd] 04:04:26.696 [pool-6-thread-24] DEBUG c.h.p.o.dependants.PodInfoConfigMap - [helmwebs] Desired PodInfo ConfigMap (extension state hash: -1817474005)
2025-01-30 04:04:26,698 INFO c.h.h.t.HelmChartContainer - [hivemq-test-hivemq-platform] [hivemq-platform-operator] [a536b7dd] 04:04:26.696 [pool-6-thread-21] DEBUG c.h.p.o.d.PodServiceAccountResource - [helmwebs] Desired PodServiceAccountResource (serviceAccountName: hivemq-platform-pod-test-hivemq-platform)
2025-01-30 04:04:26,703 INFO c.h.h.t.HelmChartContainer - [hivemq-test-hivemq-platform] [hivemq-platform-operator] [a536b7dd] 04:04:26.702 [pool-6-thread-30] DEBUG c.h.p.o.d.StatefulSetResource - [helmwebs] Desired StatefulSet (1 replicas) for status STARTING (READY)
2025-01-30 04:04:26,707 INFO c.h.h.t.HelmChartContainer - [hivemq-test-hivemq-platform] [hivemq-platform-operator] [a536b7dd] 04:04:26.706 [ReconcilerExecutor-hivemq-controller-111] INFO  c.h.p.o.HiveMQPlatformReconciler - [helmwebs] Reconciling HiveMQ Platform 'test-hivemq-platform' in namespace 'helmwebsocketsit'
2025-01-30 04:04:26,708 INFO c.h.h.t.HelmChartContainer - [hivemq-test-hivemq-platform] [hivemq-platform-operator] [a536b7dd] 04:04:26.706 [ReconcilerExecutor-hivemq-controller-111] DEBUG c.h.p.o.HiveMQPlatformReconciler - [helmwebs] Custom Resource Status STARTING - HiveMQ Platform is starting (READY)
2025-01-30 04:04:26,708 INFO c.h.h.t.HelmChartContainer - [hivemq-test-hivemq-platform] [hivemq-platform-operator] [a536b7dd] 04:04:26.706 [ReconcilerExecutor-hivemq-controller-111] DEBUG c.h.p.o.HiveMQPlatformReconciler - [helmwebs] Custom Resource Spec (replicas: 1) (extensions: 1)
2025-01-30 04:04:26,709 INFO c.h.h.t.HelmChartContainer - [hivemq-test-hivemq-platform] [hivemq-platform-operator] [a536b7dd] 04:04:26.708 [ReconcilerExecutor-hivemq-controller-111] DEBUG c.h.p.o.HiveMQPlatformReconciler - [helmwebs] StatefulSet Status (revision: test-hivemq-platform-774fdb46d, replicas: 1, available: 0, ready: 0, current: 1, updated: 1)
2025-01-30 04:04:26,710 INFO c.h.h.t.HelmChartContainer - [hivemq-test-hivemq-platform] [hivemq-platform-operator] [a536b7dd] 04:04:26.709 [ReconcilerExecutor-hivemq-controller-111] DEBUG c.h.p.o.HiveMQPlatformReconciler - [helmwebs] StatefulSet Spec (replicas: 1, init containers: 1, containers: 1, volumes: 6)
2025-01-30 04:04:26,711 INFO c.h.h.t.HelmChartContainer - [hivemq-test-hivemq-platform] [hivemq-platform-operator] [a536b7dd] 04:04:26.710 [ReconcilerExecutor-hivemq-controller-111] DEBUG c.h.p.o.h.HiveMQPlatformReconcilerErrorHandler - [helmwebs] Pod 'test-hivemq-platform-0' phase Running
2025-01-30 04:04:26,711 INFO c.h.h.t.HelmChartContainer - [hivemq-test-hivemq-platform] [hivemq-platform-operator] [a536b7dd] 04:04:26.710 [ReconcilerExecutor-hivemq-controller-111] INFO  c.h.p.o.h.HiveMQPlatformReconcilerBaseHandler - [helmwebs] HiveMQ Platform is starting, 0 of 1 replicas are ready
2025-01-30 04:04:27,815 INFO c.h.h.t.HelmChartContainer - [test-hivemq-platform] [hivemq] [1fd2f445] INFO  - No valid license file found. Using trial license, restricted to 25 connections.
2025-01-30 04:04:29,821 INFO c.h.h.t.HelmChartContainer - [test-hivemq-platform] [hivemq] [1fd2f445] WARN  - [HiveMQ Platform Operator Init App 1.7.0-SNAPSHOT] Cannot connect to Health API for liveness: null
2025-01-30 04:04:29,822 INFO c.h.h.t.HelmChartContainer - [test-hivemq-platform] [hivemq] [1fd2f445] INFO  - [HiveMQ Platform Operator Init App 1.7.0-SNAPSHOT] Returning default Health API response 200 for liveness
2025-01-30 04:04:31,285 INFO c.h.h.t.HelmChartContainer - [test-hivemq-platform] [hivemq] [1fd2f445] INFO  - No valid license file for Data Hub found. Using free license, restricted to 1 policy.
2025-01-30 04:04:31,618 INFO c.h.h.t.HelmChartContainer - [test-hivemq-platform] [hivemq] [1fd2f445] WARN  - [HiveMQ Platform Operator Init App 1.7.0-SNAPSHOT] Cannot connect to Health API for readiness: null
2025-01-30 04:04:31,623 INFO c.h.h.t.HelmChartContainer - [EVENT] Warning [Unhealthy] Readiness probe failed: HTTP probe failed with statuscode: 503 [helmwebsocketsit:test-hivemq-platform-0]
2025-01-30 04:04:31,623 INFO c.h.h.t.HelmChartContainer - Received Unhealthy event for container hivemq in pod test-hivemq-platform-0 [1fd2f445-93bd-46a3-b1af-6b037ed5c5ad]
2025-01-30 04:04:32,534 INFO c.h.h.t.HelmChartContainer - [test-hivemq-platform] [hivemq] [1fd2f445] INFO  - Audit Logger started.
2025-01-30 04:04:32,848 INFO c.h.h.t.HelmChartContainer - [test-hivemq-platform] [hivemq] [1fd2f445] INFO  - This node uses '1' CPU cores.
2025-01-30 04:04:32,852 INFO c.h.h.t.HelmChartContainer - [test-hivemq-platform] [hivemq] [1fd2f445] INFO  - Starting HiveMQ Health API on address 0.0.0.0 and port 8889
2025-01-30 04:04:33,524 INFO c.h.h.t.HelmChartContainer - [test-hivemq-platform] [hivemq] [1fd2f445] INFO  - Started HiveMQ Health API in 672ms
2025-01-30 04:04:34,037 INFO c.h.h.t.HelmChartContainer - [test-hivemq-platform] [hivemq] [1fd2f445] INFO  - Starting HiveMQ extension system.
2025-01-30 04:04:34,315 INFO c.h.h.t.HelmChartContainer - [test-hivemq-platform] [hivemq] [1fd2f445] INFO  - Starting extension with id "hivemq-dns-cluster-discovery" at /opt/hivemq/extensions/hivemq-dns-cluster-discovery
2025-01-30 04:04:34,720 INFO c.h.h.t.HelmChartContainer - [test-hivemq-platform] [hivemq] [1fd2f445] INFO  - Extension "DNS Cluster Discovery Extension" version 4.3.2 started successfully.
2025-01-30 04:04:34,720 INFO c.h.h.t.HelmChartContainer - [test-hivemq-platform] [hivemq] [1fd2f445] INFO  - Starting extension with id "hivemq-prometheus-extension" at /opt/hivemq/extensions/hivemq-prometheus-extension
2025-01-30 04:04:34,885 INFO c.h.h.t.HelmChartContainer - [test-hivemq-platform] [hivemq] [1fd2f445] INFO  - Using TCP cluster transport on address 10.42.0.10 and port 7000
2025-01-30 04:04:34,921 INFO c.h.h.t.HelmChartContainer - [test-hivemq-platform] [hivemq] [1fd2f445] INFO  - Using extension cluster discovery
2025-01-30 04:04:35,726 INFO c.h.h.t.HelmChartContainer - [test-hivemq-platform] [hivemq] [1fd2f445] INFO  - Started Jetty Server exposing Prometheus Servlet on URI http://0.0.0.0:9399/
2025-01-30 04:04:35,726 INFO c.h.h.t.HelmChartContainer - [test-hivemq-platform] [hivemq] [1fd2f445] INFO  - Extension "Prometheus Monitoring Extension" version 4.0.12 started successfully.
2025-01-30 04:04:35,783 INFO c.h.h.t.HelmChartContainer - [test-hivemq-platform] [hivemq] [1fd2f445] INFO  - Starting extension with id "hivemq-allow-all-extension" at /opt/hivemq/extensions/hivemq-allow-all-extension
2025-01-30 04:04:35,784 INFO c.h.h.t.HelmChartContainer - [test-hivemq-platform] [hivemq] [1fd2f445] WARN  - 
2025-01-30 04:04:35,784 INFO c.h.h.t.HelmChartContainer - [test-hivemq-platform] [hivemq] [1fd2f445] ################################################################################################################
2025-01-30 04:04:35,784 INFO c.h.h.t.HelmChartContainer - [test-hivemq-platform] [hivemq] [1fd2f445] # This HiveMQ deployment is not secure! You are lacking Authentication and Authorization.                      #
2025-01-30 04:04:35,784 INFO c.h.h.t.HelmChartContainer - [test-hivemq-platform] [hivemq] [1fd2f445] # Right now any MQTT client can connect to the broker with a full set of permissions.                          #
2025-01-30 04:04:35,784 INFO c.h.h.t.HelmChartContainer - [test-hivemq-platform] [hivemq] [1fd2f445] # For production usage, add an appropriate security extension and remove the hivemq-allow-all extension.       #
2025-01-30 04:04:35,784 INFO c.h.h.t.HelmChartContainer - [test-hivemq-platform] [hivemq] [1fd2f445] # You can download security extensions from the HiveMQ Marketplace (https://www.hivemq.com/extensions/).       #
2025-01-30 04:04:35,784 INFO c.h.h.t.HelmChartContainer - [test-hivemq-platform] [hivemq] [1fd2f445] ################################################################################################################
2025-01-30 04:04:35,784 INFO c.h.h.t.HelmChartContainer - [test-hivemq-platform] [hivemq] [1fd2f445] INFO  - Extension "Allow All Extension" version 1.1.1 started successfully.
2025-01-30 04:04:36,787 INFO c.h.h.t.HelmChartContainer - [hivemq-test-hivemq-platform] [hivemq-platform-operator] [a536b7dd] 04:04:36.782 [pool-6-thread-32] DEBUG c.h.p.o.d.PlatformServiceResource - [helmwebs] Desired Platform services (4 services)
2025-01-30 04:04:36,787 INFO c.h.h.t.HelmChartContainer - [hivemq-test-hivemq-platform] [hivemq-platform-operator] [a536b7dd] 04:04:36.783 [pool-6-thread-37] DEBUG c.h.p.o.dependants.PodInfoConfigMap - [helmwebs] Desired PodInfo ConfigMap (1 extensions) (1 enabled)
2025-01-30 04:04:36,787 INFO c.h.h.t.HelmChartContainer - [hivemq-test-hivemq-platform] [hivemq-platform-operator] [a536b7dd] 04:04:36.783 [pool-6-thread-37] DEBUG c.h.p.o.dependants.PodInfoConfigMap - [helmwebs] Desired PodInfo ConfigMap (metrics port: 9399) (metrics path: /)
2025-01-30 04:04:36,787 INFO c.h.h.t.HelmChartContainer - [hivemq-test-hivemq-platform] [hivemq-platform-operator] [a536b7dd] 04:04:36.783 [pool-6-thread-37] DEBUG c.h.p.o.dependants.PodInfoConfigMap - [helmwebs] Desired PodInfo ConfigMap (extension state hash: -1817474005)
2025-01-30 04:04:36,787 INFO c.h.h.t.HelmChartContainer - [hivemq-test-hivemq-platform] [hivemq-platform-operator] [a536b7dd] 04:04:36.784 [pool-6-thread-40] DEBUG c.h.p.o.d.PodServiceAccountResource - [helmwebs] Desired PodServiceAccountResource (serviceAccountName: hivemq-platform-pod-test-hivemq-platform)
2025-01-30 04:04:36,794 INFO c.h.h.t.HelmChartContainer - [hivemq-test-hivemq-platform] [hivemq-platform-operator] [a536b7dd] 04:04:36.793 [pool-6-thread-32] DEBUG c.h.p.o.d.StatefulSetResource - [helmwebs] Desired StatefulSet (1 replicas) for status STARTING (READY)
2025-01-30 04:04:36,802 INFO c.h.h.t.HelmChartContainer - [hivemq-test-hivemq-platform] [hivemq-platform-operator] [a536b7dd] 04:04:36.801 [ReconcilerExecutor-hivemq-controller-112] INFO  c.h.p.o.HiveMQPlatformReconciler - [helmwebs] Reconciling HiveMQ Platform 'test-hivemq-platform' in namespace 'helmwebsocketsit'
2025-01-30 04:04:36,802 INFO c.h.h.t.HelmChartContainer - [hivemq-test-hivemq-platform] [hivemq-platform-operator] [a536b7dd] 04:04:36.801 [ReconcilerExecutor-hivemq-controller-112] DEBUG c.h.p.o.HiveMQPlatformReconciler - [helmwebs] Custom Resource Status STARTING - HiveMQ Platform is starting (READY)
2025-01-30 04:04:36,802 INFO c.h.h.t.HelmChartContainer - [hivemq-test-hivemq-platform] [hivemq-platform-operator] [a536b7dd] 04:04:36.801 [ReconcilerExecutor-hivemq-controller-112] DEBUG c.h.p.o.HiveMQPlatformReconciler - [helmwebs] Custom Resource Spec (replicas: 1) (extensions: 1)
2025-01-30 04:04:36,803 INFO c.h.h.t.HelmChartContainer - [hivemq-test-hivemq-platform] [hivemq-platform-operator] [a536b7dd] 04:04:36.803 [ReconcilerExecutor-hivemq-controller-112] DEBUG c.h.p.o.HiveMQPlatformReconciler - [helmwebs] StatefulSet Status (revision: test-hivemq-platform-774fdb46d, replicas: 1, available: 0, ready: 0, current: 1, updated: 1)
2025-01-30 04:04:36,804 INFO c.h.h.t.HelmChartContainer - [hivemq-test-hivemq-platform] [hivemq-platform-operator] [a536b7dd] 04:04:36.803 [ReconcilerExecutor-hivemq-controller-112] DEBUG c.h.p.o.HiveMQPlatformReconciler - [helmwebs] StatefulSet Spec (replicas: 1, init containers: 1, containers: 1, volumes: 6)
2025-01-30 04:04:36,881 INFO c.h.h.t.HelmChartContainer - [hivemq-test-hivemq-platform] [hivemq-platform-operator] [a536b7dd] 04:04:36.879 [ReconcilerExecutor-hivemq-controller-112] DEBUG c.h.p.o.h.HiveMQPlatformReconcilerErrorHandler - [helmwebs] Pod 'test-hivemq-platform-0' phase Running
2025-01-30 04:04:36,881 INFO c.h.h.t.HelmChartContainer - [hivemq-test-hivemq-platform] [hivemq-platform-operator] [a536b7dd] 04:04:36.880 [ReconcilerExecutor-hivemq-controller-112] INFO  c.h.p.o.h.HiveMQPlatformReconcilerBaseHandler - [helmwebs] HiveMQ Platform is starting, 0 of 1 replicas are ready
2025-01-30 04:04:37,185 INFO c.h.h.t.HelmChartContainer - [test-hivemq-platform] [hivemq] [1fd2f445] INFO  - [HiveMQ Platform Operator Init App 1.7.0-SNAPSHOT] Returning Health API response 503 for readiness
2025-01-30 04:04:37,188 INFO c.h.h.t.HelmChartContainer - [EVENT] Warning [Unhealthy] Readiness probe failed: HTTP probe failed with statuscode: 503 [helmwebsocketsit:test-hivemq-platform-0]
2025-01-30 04:04:37,188 INFO c.h.h.t.HelmChartContainer - Received Unhealthy event for container hivemq in pod test-hivemq-platform-0 [1fd2f445-93bd-46a3-b1af-6b037ed5c5ad]
2025-01-30 04:04:37,821 INFO c.h.h.t.HelmChartContainer - [test-hivemq-platform] [hivemq] [1fd2f445] INFO  - F5R2t: no members discovered after 2301 ms: creating cluster as first member
2025-01-30 04:04:37,827 INFO c.h.h.t.HelmChartContainer - [test-hivemq-platform] [hivemq] [1fd2f445] INFO  - Cluster nodes found by discovery: [F5R2t|0] (1) [F5R2t].
2025-01-30 04:04:37,916 INFO c.h.h.t.HelmChartContainer - [test-hivemq-platform] [hivemq] [1fd2f445] WARN  - No user for HiveMQ Control Center configured. Starting with default user
2025-01-30 04:04:37,917 INFO c.h.h.t.HelmChartContainer - [test-hivemq-platform] [hivemq] [1fd2f445] INFO  - Starting HiveMQ Control Center on address 127.0.0.1 and port 8080
2025-01-30 04:04:37,917 INFO c.h.h.t.HelmChartContainer - [test-hivemq-platform] [hivemq] [1fd2f445] INFO  - Mounting HiveMQ Control Center V2 Preview
2025-01-30 04:04:38,433 INFO c.h.h.t.HelmChartContainer - [test-hivemq-platform] [hivemq] [1fd2f445] INFO  - Started HiveMQ Control Center in 517ms
2025-01-30 04:04:38,526 INFO c.h.h.t.HelmChartContainer - [test-hivemq-platform] [hivemq] [1fd2f445] INFO  - Starting Websocket listener on address 0.0.0.0 and port 8002
2025-01-30 04:04:39,229 INFO c.h.h.t.HelmChartContainer - [test-hivemq-platform] [hivemq] [1fd2f445] INFO  - Enabled protocols for Websocket Listener with TLS at address 0.0.0.0 and port 8003: [TLSv1.3, TLSv1.2]
2025-01-30 04:04:39,230 INFO c.h.h.t.HelmChartContainer - [test-hivemq-platform] [hivemq] [1fd2f445] INFO  - Enabled cipher suites for Websocket Listener with TLS at address 0.0.0.0 and port 8003: [TLS_ECDHE_ECDSA_WITH_AES_256_GCM_SHA384, TLS_ECDHE_ECDSA_WITH_AES_128_GCM_SHA256, TLS_ECDHE_RSA_WITH_AES_128_GCM_SHA256, TLS_ECDHE_RSA_WITH_AES_256_GCM_SHA384, TLS_ECDHE_RSA_WITH_AES_128_CBC_SHA, TLS_ECDHE_RSA_WITH_AES_256_CBC_SHA, TLS_RSA_WITH_AES_128_GCM_SHA256, TLS_RSA_WITH_AES_128_CBC_SHA, TLS_RSA_WITH_AES_256_CBC_SHA, TLS_AES_128_GCM_SHA256, TLS_AES_256_GCM_SHA384]
2025-01-30 04:04:39,231 INFO c.h.h.t.HelmChartContainer - [test-hivemq-platform] [hivemq] [1fd2f445] INFO  - Starting Websocket TLS listener on address 0.0.0.0 and port 8003
2025-01-30 04:04:39,418 INFO c.h.h.t.HelmChartContainer - [test-hivemq-platform] [hivemq] [1fd2f445] INFO  - Enabled protocols for Websocket Listener with TLS at address 0.0.0.0 and port 8004: [TLSv1.3, TLSv1.2]
2025-01-30 04:04:39,418 INFO c.h.h.t.HelmChartContainer - [test-hivemq-platform] [hivemq] [1fd2f445] INFO  - Enabled cipher suites for Websocket Listener with TLS at address 0.0.0.0 and port 8004: [TLS_ECDHE_ECDSA_WITH_AES_256_GCM_SHA384, TLS_ECDHE_ECDSA_WITH_AES_128_GCM_SHA256, TLS_ECDHE_RSA_WITH_AES_128_GCM_SHA256, TLS_ECDHE_RSA_WITH_AES_256_GCM_SHA384, TLS_ECDHE_RSA_WITH_AES_128_CBC_SHA, TLS_ECDHE_RSA_WITH_AES_256_CBC_SHA, TLS_RSA_WITH_AES_128_GCM_SHA256, TLS_RSA_WITH_AES_128_CBC_SHA, TLS_RSA_WITH_AES_256_CBC_SHA, TLS_AES_128_GCM_SHA256, TLS_AES_256_GCM_SHA384]
2025-01-30 04:04:39,419 INFO c.h.h.t.HelmChartContainer - [test-hivemq-platform] [hivemq] [1fd2f445] INFO  - Starting Websocket TLS listener on address 0.0.0.0 and port 8004
2025-01-30 04:04:39,420 INFO c.h.h.t.HelmChartContainer - [test-hivemq-platform] [hivemq] [1fd2f445] INFO  - Started Websocket Listener on address 0.0.0.0 and on port 8002.
2025-01-30 04:04:39,420 INFO c.h.h.t.HelmChartContainer - [test-hivemq-platform] [hivemq] [1fd2f445] INFO  - Started Websocket Listener with TLS on address 0.0.0.0 and on port 8003.
2025-01-30 04:04:39,420 INFO c.h.h.t.HelmChartContainer - [test-hivemq-platform] [hivemq] [1fd2f445] INFO  - Started Websocket Listener with TLS on address 0.0.0.0 and on port 8004.
2025-01-30 04:04:39,420 INFO c.h.h.t.HelmChartContainer - [test-hivemq-platform] [hivemq] [1fd2f445] INFO  - Started HiveMQ in 30692ms
2025-01-30 04:04:41,601 INFO c.h.h.t.HelmChartContainer - [test-hivemq-platform] [hivemq] [1fd2f445] INFO  - [HiveMQ Platform Operator Init App 1.7.0-SNAPSHOT] Returning Health API response 200 for readiness
2025-01-30 04:04:41,625 INFO c.h.h.t.HelmChartContainer - [POD] test-hivemq-platform-0 [1fd2f445-93bd-46a3-b1af-6b037ed5c5ad] in helmwebsocketsit was MODIFIED
2025-01-30 04:04:41,635 INFO c.h.h.t.HelmChartContainer - [hivemq-test-hivemq-platform] [hivemq-platform-operator] [a536b7dd] 04:04:41.623 [pool-6-thread-42] DEBUG c.h.p.o.d.PlatformServiceResource - [helmwebs] Desired Platform services (4 services)
2025-01-30 04:04:41,635 INFO c.h.h.t.HelmChartContainer - [hivemq-test-hivemq-platform] [hivemq-platform-operator] [a536b7dd] 04:04:41.625 [pool-6-thread-45] DEBUG c.h.p.o.dependants.PodInfoConfigMap - [helmwebs] Desired PodInfo ConfigMap (1 extensions) (1 enabled)
2025-01-30 04:04:41,635 INFO c.h.h.t.HelmChartContainer - [hivemq-test-hivemq-platform] [hivemq-platform-operator] [a536b7dd] 04:04:41.625 [pool-6-thread-45] DEBUG c.h.p.o.dependants.PodInfoConfigMap - [helmwebs] Desired PodInfo ConfigMap (metrics port: 9399) (metrics path: /)
2025-01-30 04:04:41,635 INFO c.h.h.t.HelmChartContainer - [hivemq-test-hivemq-platform] [hivemq-platform-operator] [a536b7dd] 04:04:41.625 [pool-6-thread-45] DEBUG c.h.p.o.dependants.PodInfoConfigMap - [helmwebs] Desired PodInfo ConfigMap (extension state hash: -1817474005)
2025-01-30 04:04:41,635 INFO c.h.h.t.HelmChartContainer - [hivemq-test-hivemq-platform] [hivemq-platform-operator] [a536b7dd] 04:04:41.627 [pool-6-thread-45] DEBUG c.h.p.o.d.PodServiceAccountResource - [helmwebs] Desired PodServiceAccountResource (serviceAccountName: hivemq-platform-pod-test-hivemq-platform)
2025-01-30 04:04:41,643 INFO c.h.h.t.HelmChartContainer - [hivemq-test-hivemq-platform] [hivemq-platform-operator] [a536b7dd] 04:04:41.641 [pool-6-thread-42] DEBUG c.h.p.o.d.StatefulSetResource - [helmwebs] Desired StatefulSet (1 replicas) for status STARTING (READY)
2025-01-30 04:04:41,708 INFO c.h.h.t.HelmChartContainer - [hivemq-test-hivemq-platform] [hivemq-platform-operator] [a536b7dd] 04:04:41.707 [ReconcilerExecutor-hivemq-controller-113] INFO  c.h.p.o.HiveMQPlatformReconciler - [helmwebs] Reconciling HiveMQ Platform 'test-hivemq-platform' in namespace 'helmwebsocketsit'
2025-01-30 04:04:41,710 INFO c.h.h.t.HelmChartContainer - [hivemq-test-hivemq-platform] [hivemq-platform-operator] [a536b7dd] 04:04:41.707 [ReconcilerExecutor-hivemq-controller-113] DEBUG c.h.p.o.HiveMQPlatformReconciler - [helmwebs] Custom Resource Status STARTING - HiveMQ Platform is starting (READY)
2025-01-30 04:04:41,710 INFO c.h.h.t.HelmChartContainer - [hivemq-test-hivemq-platform] [hivemq-platform-operator] [a536b7dd] 04:04:41.707 [ReconcilerExecutor-hivemq-controller-113] DEBUG c.h.p.o.HiveMQPlatformReconciler - [helmwebs] Custom Resource Spec (replicas: 1) (extensions: 1)
2025-01-30 04:04:41,712 INFO c.h.h.t.HelmChartContainer - [hivemq-test-hivemq-platform] [hivemq-platform-operator] [a536b7dd] 04:04:41.710 [ReconcilerExecutor-hivemq-controller-113] DEBUG c.h.p.o.HiveMQPlatformReconciler - [helmwebs] StatefulSet Status (revision: test-hivemq-platform-774fdb46d, replicas: 1, available: 1, ready: 1, current: 1, updated: 1)
2025-01-30 04:04:41,712 INFO c.h.h.t.HelmChartContainer - [hivemq-test-hivemq-platform] [hivemq-platform-operator] [a536b7dd] 04:04:41.710 [ReconcilerExecutor-hivemq-controller-113] DEBUG c.h.p.o.HiveMQPlatformReconciler - [helmwebs] StatefulSet Spec (replicas: 1, init containers: 1, containers: 1, volumes: 6)
2025-01-30 04:04:41,714 INFO c.h.h.t.HelmChartContainer - [hivemq-test-hivemq-platform] [hivemq-platform-operator] [a536b7dd] 04:04:41.712 [ReconcilerExecutor-hivemq-controller-113] DEBUG c.h.p.o.h.HiveMQPlatformReconcilerErrorHandler - [helmwebs] Pod 'test-hivemq-platform-0' phase Running
2025-01-30 04:04:41,715 INFO c.h.h.t.HelmChartContainer - [hivemq-test-hivemq-platform] [hivemq-platform-operator] [a536b7dd] 04:04:41.713 [ReconcilerExecutor-hivemq-controller-113] INFO  c.h.p.o.h.HiveMQPlatformReconcilerBaseHandler - [helmwebs] HiveMQ Platform started successfully
2025-01-30 04:04:41,819 INFO c.h.h.t.HelmChartContainer - [hivemq-test-hivemq-platform] [hivemq-platform-operator] [a536b7dd] 04:04:41.817 [ReconcilerExecutor-hivemq-controller-113] DEBUG c.h.p.operator.event.EventSender - [helmwebs] Creating K8s event hivemq-platform-ready: [Ready] HiveMQ Platform is ready
2025-01-30 04:04:41,824 INFO c.h.h.t.HelmChartContainer - [EVENT] Normal [Ready] HiveMQ Platform is ready [helmwebsocketsit:test-hivemq-platform]
2025-01-30 04:04:41,826 INFO c.h.h.t.HelmChartContainer - [hivemq-test-hivemq-platform] [hivemq-platform-operator] [a536b7dd] 04:04:41.825 [ReconcilerExecutor-hivemq-controller-113] INFO  c.h.p.o.h.AbstractHiveMQReconcilerStateHandler - [helmwebs] Update HiveMQ Platform Status (STARTING [READY] -> RUNNING [READY]): HiveMQ Platform is ready
2025-01-30 04:04:41,911 DEBUG com.hivemq.helmcharts.util.K8sUtil - Comparing actual state 'RUNNING' and waiting for 'RUNNING'
2025-01-30 04:04:41,919 INFO c.h.h.t.HelmChartContainer - [hivemq-test-hivemq-platform] [hivemq-platform-operator] [a536b7dd] 04:04:41.917 [pool-6-thread-4] DEBUG c.h.p.o.d.PlatformServiceResource - [helmwebs] Desired Platform services (4 services)
2025-01-30 04:04:41,926 INFO c.h.h.t.HelmChartContainer - [hivemq-test-hivemq-platform] [hivemq-platform-operator] [a536b7dd] 04:04:41.923 [pool-6-thread-8] DEBUG c.h.p.o.d.PodServiceAccountResource - [helmwebs] Desired PodServiceAccountResource (serviceAccountName: hivemq-platform-pod-test-hivemq-platform)
2025-01-30 04:04:41,926 INFO c.h.h.t.HelmChartContainer - [hivemq-test-hivemq-platform] [hivemq-platform-operator] [a536b7dd] 04:04:41.924 [pool-6-thread-2] DEBUG c.h.p.o.dependants.PodInfoConfigMap - [helmwebs] Desired PodInfo ConfigMap (1 extensions) (1 enabled)
2025-01-30 04:04:41,928 INFO c.h.h.t.HelmChartContainer - [hivemq-test-hivemq-platform] [hivemq-platform-operator] [a536b7dd] 04:04:41.925 [pool-6-thread-2] DEBUG c.h.p.o.dependants.PodInfoConfigMap - [helmwebs] Desired PodInfo ConfigMap (metrics port: 9399) (metrics path: /)
2025-01-30 04:04:41,929 INFO c.h.h.t.HelmChartContainer - [hivemq-test-hivemq-platform] [hivemq-platform-operator] [a536b7dd] 04:04:41.926 [pool-6-thread-2] DEBUG c.h.p.o.dependants.PodInfoConfigMap - [helmwebs] Desired PodInfo ConfigMap (extension state hash: -1817474005)
2025-01-30 04:04:41,929 INFO c.h.h.t.HelmChartContainer - [hivemq-test-hivemq-platform] [hivemq-platform-operator] [a536b7dd] 04:04:41.927 [pool-6-thread-2] DEBUG c.h.p.o.dependants.PodInfoConfigMap - [helmwebs] Update PodInfo ConfigMap
2025-01-30 04:04:42,019 INFO c.h.h.t.HelmChartContainer - [hivemq-test-hivemq-platform] [hivemq-platform-operator] [a536b7dd] 04:04:42.012 [pool-6-thread-2] DEBUG c.h.p.o.d.StatefulSetResource - [helmwebs] Desired StatefulSet (1 replicas) for status RUNNING (READY)
2025-01-30 04:04:42,033 INFO c.h.h.t.HelmChartContainer - [hivemq-test-hivemq-platform] [hivemq-platform-operator] [a536b7dd] 04:04:42.031 [ReconcilerExecutor-hivemq-controller-114] INFO  c.h.p.o.HiveMQPlatformReconciler - [helmwebs] Reconciling HiveMQ Platform 'test-hivemq-platform' in namespace 'helmwebsocketsit'
2025-01-30 04:04:42,034 INFO c.h.h.t.HelmChartContainer - [hivemq-test-hivemq-platform] [hivemq-platform-operator] [a536b7dd] 04:04:42.032 [ReconcilerExecutor-hivemq-controller-114] DEBUG c.h.p.o.HiveMQPlatformReconciler - [helmwebs] Custom Resource Status RUNNING - HiveMQ Platform is ready (READY)
2025-01-30 04:04:42,035 INFO c.h.h.t.HelmChartContainer - [hivemq-test-hivemq-platform] [hivemq-platform-operator] [a536b7dd] 04:04:42.033 [ReconcilerExecutor-hivemq-controller-114] DEBUG c.h.p.o.HiveMQPlatformReconciler - [helmwebs] Custom Resource Spec (replicas: 1) (extensions: 1)
2025-01-30 04:04:42,039 INFO c.h.h.t.HelmChartContainer - [hivemq-test-hivemq-platform] [hivemq-platform-operator] [a536b7dd] 04:04:42.038 [ReconcilerExecutor-hivemq-controller-114] DEBUG c.h.p.o.HiveMQPlatformReconciler - [helmwebs] StatefulSet Status (revision: test-hivemq-platform-774fdb46d, replicas: 1, available: 1, ready: 1, current: 1, updated: 1)
2025-01-30 04:04:42,111 INFO c.h.h.t.HelmChartContainer - [hivemq-test-hivemq-platform] [hivemq-platform-operator] [a536b7dd] 04:04:42.103 [ReconcilerExecutor-hivemq-controller-114] DEBUG c.h.p.o.HiveMQPlatformReconciler - [helmwebs] StatefulSet Spec (replicas: 1, init containers: 1, containers: 1, volumes: 6)
2025-01-30 04:04:42,112 INFO c.h.h.t.HelmChartContainer - [hivemq-test-hivemq-platform] [hivemq-platform-operator] [a536b7dd] 04:04:42.104 [ReconcilerExecutor-hivemq-controller-114] DEBUG c.h.p.o.h.HiveMQPlatformReconcilerErrorHandler - [helmwebs] Pod 'test-hivemq-platform-0' phase Running
2025-01-30 04:04:43,770 INFO c.h.h.t.HelmChartContainer - [K3S] [INFO] COMPACT compactRev=0 targetCompactRev=2 currentRev=1133
2025-01-30 04:04:43,770 INFO c.h.h.t.HelmChartContainer - [K3S] [INFO] COMPACT deleted 0 rows from 2 revisions in 495.597µs - compacted to 2/1133
2025-01-30 04:04:43,770 INFO c.h.h.t.HelmChartContainer - [K3S] [INFO] COMPACT compacted from 0 to 2 in 1 transactions over 1ms
2025-01-30 04:04:45,391 INFO c.h.h.t.HelmChartContainer - Uninstalling release 'test-hivemq-platform' in namespace 'helmwebsocketsit'...
2025-01-30 04:04:45,391 DEBUG c.h.h.t.HelmChartContainer - Executing helm command: /bin/helm --kubeconfig /etc/rancher/k3s/k3s.yaml uninstall test-hivemq-platform  --wait --timeout 5m0s --cascade foreground --namespace helmwebsocketsit
2025-01-30 04:04:45,579 INFO c.h.h.t.HelmChartContainer - [hivemq-test-hivemq-platform] [hivemq-platform-operator] [a536b7dd] 04:04:45.576 [pool-6-thread-11] DEBUG c.h.p.o.d.PlatformServiceResource - [helmwebs] Desired Platform services (4 services)
2025-01-30 04:04:45,579 INFO c.h.h.t.HelmChartContainer - [hivemq-test-hivemq-platform] [hivemq-platform-operator] [a536b7dd] 04:04:45.578 [pool-6-thread-19] DEBUG c.h.p.o.d.PodServiceAccountResource - [helmwebs] Desired PodServiceAccountResource (serviceAccountName: hivemq-platform-pod-test-hivemq-platform)
2025-01-30 04:04:45,585 INFO c.h.h.t.HelmChartContainer - [hivemq-test-hivemq-platform] [hivemq-platform-operator] [a536b7dd] 04:04:45.578 [pool-6-thread-16] DEBUG c.h.p.o.dependants.PodInfoConfigMap - [helmwebs] Desired PodInfo ConfigMap (1 extensions) (1 enabled)
2025-01-30 04:04:45,588 INFO c.h.h.t.HelmChartContainer - [hivemq-test-hivemq-platform] [hivemq-platform-operator] [a536b7dd] 04:04:45.580 [pool-6-thread-16] DEBUG c.h.p.o.dependants.PodInfoConfigMap - [helmwebs] Desired PodInfo ConfigMap (metrics port: 9399) (metrics path: /)
2025-01-30 04:04:45,588 INFO c.h.h.t.HelmChartContainer - [hivemq-test-hivemq-platform] [hivemq-platform-operator] [a536b7dd] 04:04:45.580 [pool-6-thread-16] DEBUG c.h.p.o.dependants.PodInfoConfigMap - [helmwebs] Desired PodInfo ConfigMap (extension state hash: -1817474005)
2025-01-30 04:04:45,613 INFO c.h.h.t.HelmChartContainer - [hivemq-test-hivemq-platform] [hivemq-platform-operator] [a536b7dd] 04:04:45.609 [pool-6-thread-14] DEBUG c.h.p.o.d.StatefulSetResource - [helmwebs] Desired StatefulSet (1 replicas) for status RUNNING (READY)
2025-01-30 04:04:45,680 INFO c.h.h.t.HelmChartContainer - [hivemq-test-hivemq-platform] [hivemq-platform-operator] [a536b7dd] 04:04:45.678 [pool-6-thread-14] DEBUG c.h.p.o.d.StatefulSetResource - [helmwebs] Update StatefulSet (replicas: 1 -> 1)
2025-01-30 04:04:45,681 INFO c.h.h.t.HelmChartContainer - [hivemq-test-hivemq-platform] [hivemq-platform-operator] [a536b7dd] 04:04:45.679 [pool-6-thread-14] DEBUG c.h.p.o.d.StatefulSetResource - [helmwebs] Detected change in StatefulSet specification (path: /template/metadata/annotations/kubernetes-resource-versions) (actual value: {env-var-secret-ws-truststore-password-8004=1035, broker-configuration-v2=982816519, env-var-secret-ws-keystore-password-8004=1032}) (target value: {env-var-secret-ws-truststore-password-8004=1035, broker-configuration-v2=0, env-var-secret-ws-keystore-password-8004=1032})
2025-01-30 04:04:45,681 INFO c.h.h.t.HelmChartContainer - [hivemq-test-hivemq-platform] [hivemq-platform-operator] [a536b7dd] 04:04:45.680 [pool-6-thread-14] INFO  c.h.p.o.d.StatefulSetResource - [helmwebs] StatefulSet spec was updated, triggering rolling restart
2025-01-30 04:04:45,808 INFO c.h.h.t.HelmChartContainer - [hivemq-test-hivemq-platform] [hivemq-platform-operator] [a536b7dd] 04:04:45.805 [ReconcilerExecutor-hivemq-controller-115] INFO  c.h.p.o.HiveMQPlatformReconciler - [helmwebs] Reconciling HiveMQ Platform 'test-hivemq-platform' in namespace 'helmwebsocketsit'
2025-01-30 04:04:45,808 INFO c.h.h.t.HelmChartContainer - [hivemq-test-hivemq-platform] [hivemq-platform-operator] [a536b7dd] 04:04:45.805 [ReconcilerExecutor-hivemq-controller-115] DEBUG c.h.p.o.HiveMQPlatformReconciler - [helmwebs] Custom Resource Status RUNNING - HiveMQ Platform is ready (READY) (reconciliation requests: ROLLING_RESTART, REQUESTS_UPDATED)
2025-01-30 04:04:45,808 INFO c.h.h.t.HelmChartContainer - [hivemq-test-hivemq-platform] [hivemq-platform-operator] [a536b7dd] 04:04:45.805 [ReconcilerExecutor-hivemq-controller-115] DEBUG c.h.p.o.HiveMQPlatformReconciler - [helmwebs] Custom Resource Spec (replicas: 1) (extensions: 1)
2025-01-30 04:04:45,808 INFO c.h.h.t.HelmChartContainer - [hivemq-test-hivemq-platform] [hivemq-platform-operator] [a536b7dd] 04:04:45.805 [ReconcilerExecutor-hivemq-controller-115] WARN  c.h.p.o.h.HiveMQPlatformReconcilerErrorHandler - [helmwebs] Could not find ConfigMap 'hivemq-configuration-test-hivemq-platform' for HiveMQ Platform configuration
2025-01-30 04:04:45,907 INFO c.h.h.t.HelmChartContainer - [hivemq-test-hivemq-platform] [hivemq-platform-operator] [a536b7dd] 04:04:45.906 [ReconcilerExecutor-hivemq-controller-115] DEBUG c.h.p.operator.event.EventSender - [helmwebs] Creating K8s event hivemq-platform-invalid-configuration: [Start] Could not find ConfigMap 'hivemq-configuration-test-hivemq-platform' for HiveMQ Platform configuration
2025-01-30 04:04:45,911 INFO c.h.h.t.HelmChartContainer - [EVENT] Warning [Start] Could not find ConfigMap 'hivemq-configuration-test-hivemq-platform' for HiveMQ Platform configuration [helmwebsocketsit:test-hivemq-platform]
2025-01-30 04:04:45,912 INFO c.h.h.t.HelmChartContainer - [hivemq-test-hivemq-platform] [hivemq-platform-operator] [a536b7dd] 04:04:45.911 [ReconcilerExecutor-hivemq-controller-115] INFO  c.h.p.o.h.AbstractHiveMQReconcilerStateHandler - [helmwebs] Update HiveMQ Platform Status (RUNNING [READY] -> ERROR [INVALID_CONFIG_MAP]): Could not find ConfigMap 'hivemq-configuration-test-hivemq-platform' for HiveMQ Platform configuration (reconciliation requests: ROLLING_RESTART)
2025-01-30 04:04:45,980 INFO c.h.h.t.HelmChartContainer - [hivemq-test-hivemq-platform] [hivemq-platform-operator] [a536b7dd] 04:04:45.919 [ReconcilerExecutor-hivemq-controller-115] ERROR i.j.o.p.event.EventProcessor - Error during event processing ExecutionScope{ resource id: ResourceID{name='test-hivemq-platform', namespace='helmwebsocketsit'}, version: 1132}
2025-01-30 04:04:45,980 INFO c.h.h.t.HelmChartContainer - [hivemq-test-hivemq-platform] [hivemq-platform-operator] [a536b7dd] io.fabric8.kubernetes.client.KubernetesClientException: Failure executing: PUT at: https://10.43.0.1:443/apis/hivemq.com/v1/namespaces/helmwebsocketsit/hivemq-platforms/test-hivemq-platform/status. Message: Operation cannot be fulfilled on hivemq-platforms.hivemq.com "test-hivemq-platform": the object has been modified; please apply your changes to the latest version and try again. Received status: Status(apiVersion=v1, code=409, details=StatusDetails(causes=[], group=hivemq.com, kind=hivemq-platforms, name=test-hivemq-platform, retryAfterSeconds=null, uid=null, additionalProperties={}), kind=Status, message=Operation cannot be fulfilled on hivemq-platforms.hivemq.com "test-hivemq-platform": the object has been modified; please apply your changes to the latest version and try again, metadata=ListMeta(_continue=null, remainingItemCount=null, resourceVersion=null, selfLink=null, additionalProperties={}), reason=Conflict, status=Failure, additionalProperties={}).
2025-01-30 04:04:45,981 INFO c.h.h.t.HelmChartContainer - [hivemq-test-hivemq-platform] [hivemq-platform-operator] [a536b7dd] 	at io.fabric8.kubernetes.client.KubernetesClientException.copyAsCause(KubernetesClientException.java:238)
2025-01-30 04:04:45,981 INFO c.h.h.t.HelmChartContainer - [hivemq-test-hivemq-platform] [hivemq-platform-operator] [a536b7dd] 	at io.fabric8.kubernetes.client.dsl.internal.OperationSupport.waitForResult(OperationSupport.java:507)
2025-01-30 04:04:45,981 INFO c.h.h.t.HelmChartContainer - [hivemq-test-hivemq-platform] [hivemq-platform-operator] [a536b7dd] 	at io.fabric8.kubernetes.client.dsl.internal.OperationSupport.handleResponse(OperationSupport.java:524)
2025-01-30 04:04:45,981 INFO c.h.h.t.HelmChartContainer - [hivemq-test-hivemq-platform] [hivemq-platform-operator] [a536b7dd] 	at io.fabric8.kubernetes.client.dsl.internal.OperationSupport.handleUpdate(OperationSupport.java:358)
2025-01-30 04:04:45,981 INFO c.h.h.t.HelmChartContainer - [hivemq-test-hivemq-platform] [hivemq-platform-operator] [a536b7dd] 	at io.fabric8.kubernetes.client.dsl.internal.BaseOperation.handleUpdate(BaseOperation.java:759)
2025-01-30 04:04:45,981 INFO c.h.h.t.HelmChartContainer - [hivemq-test-hivemq-platform] [hivemq-platform-operator] [a536b7dd] 	at io.fabric8.kubernetes.client.dsl.internal.HasMetadataOperation.update(HasMetadataOperation.java:138)
2025-01-30 04:04:45,981 INFO c.h.h.t.HelmChartContainer - [hivemq-test-hivemq-platform] [hivemq-platform-operator] [a536b7dd] 	at io.fabric8.kubernetes.client.dsl.internal.HasMetadataOperation.update(HasMetadataOperation.java:121)
2025-01-30 04:04:45,981 INFO c.h.h.t.HelmChartContainer - [hivemq-test-hivemq-platform] [hivemq-platform-operator] [a536b7dd] 	at io.fabric8.kubernetes.client.dsl.internal.HasMetadataOperation.updateStatus(HasMetadataOperation.java:126)
2025-01-30 04:04:45,981 INFO c.h.h.t.HelmChartContainer - [hivemq-test-hivemq-platform] [hivemq-platform-operator] [a536b7dd] 	at io.fabric8.kubernetes.client.dsl.internal.HasMetadataOperation.updateStatus(HasMetadataOperation.java:44)
2025-01-30 04:04:45,981 INFO c.h.h.t.HelmChartContainer - [hivemq-test-hivemq-platform] [hivemq-platform-operator] [a536b7dd] 	at io.javaoperatorsdk.operator.processing.event.ReconciliationDispatcher$CustomResourceFacade.updateStatus(ReconciliationDispatcher.java:408)
2025-01-30 04:04:45,981 INFO c.h.h.t.HelmChartContainer - [hivemq-test-hivemq-platform] [hivemq-platform-operator] [a536b7dd] 	at io.javaoperatorsdk.operator.processing.event.ReconciliationDispatcher.updateStatusGenerationAware(ReconciliationDispatcher.java:228)
2025-01-30 04:04:45,981 INFO c.h.h.t.HelmChartContainer - [hivemq-test-hivemq-platform] [hivemq-platform-operator] [a536b7dd] 	at io.javaoperatorsdk.operator.processing.event.ReconciliationDispatcher.reconcileExecution(ReconciliationDispatcher.java:150)
2025-01-30 04:04:45,981 INFO c.h.h.t.HelmChartContainer - [hivemq-test-hivemq-platform] [hivemq-platform-operator] [a536b7dd] 	at io.javaoperatorsdk.operator.processing.event.ReconciliationDispatcher.handleReconcile(ReconciliationDispatcher.java:117)
2025-01-30 04:04:45,981 INFO c.h.h.t.HelmChartContainer - [hivemq-test-hivemq-platform] [hivemq-platform-operator] [a536b7dd] 	at io.javaoperatorsdk.operator.processing.event.ReconciliationDispatcher.handleDispatch(ReconciliationDispatcher.java:91)
2025-01-30 04:04:45,981 INFO c.h.h.t.HelmChartContainer - [hivemq-test-hivemq-platform] [hivemq-platform-operator] [a536b7dd] 	at io.javaoperatorsdk.operator.processing.event.ReconciliationDispatcher.handleExecution(ReconciliationDispatcher.java:64)
2025-01-30 04:04:45,981 INFO c.h.h.t.HelmChartContainer - [hivemq-test-hivemq-platform] [hivemq-platform-operator] [a536b7dd] 	at io.javaoperatorsdk.operator.processing.event.EventProcessor$ReconcilerExecutor.run(EventProcessor.java:452)
2025-01-30 04:04:45,981 INFO c.h.h.t.HelmChartContainer - [hivemq-test-hivemq-platform] [hivemq-platform-operator] [a536b7dd] 	at java.base/java.util.concurrent.ThreadPoolExecutor.runWorker(Unknown Source)
2025-01-30 04:04:45,982 INFO c.h.h.t.HelmChartContainer - [hivemq-test-hivemq-platform] [hivemq-platform-operator] [a536b7dd] 	at java.base/java.util.concurrent.ThreadPoolExecutor$Worker.run(Unknown Source)
2025-01-30 04:04:45,983 INFO c.h.h.t.HelmChartContainer - [hivemq-test-hivemq-platform] [hivemq-platform-operator] [a536b7dd] 	at java.base/java.lang.Thread.run(Unknown Source)
2025-01-30 04:04:45,983 INFO c.h.h.t.HelmChartContainer - [hivemq-test-hivemq-platform] [hivemq-platform-operator] [a536b7dd] Caused by: io.fabric8.kubernetes.client.KubernetesClientException: Failure executing: PUT at: https://10.43.0.1:443/apis/hivemq.com/v1/namespaces/helmwebsocketsit/hivemq-platforms/test-hivemq-platform/status. Message: Operation cannot be fulfilled on hivemq-platforms.hivemq.com "test-hivemq-platform": the object has been modified; please apply your changes to the latest version and try again. Received status: Status(apiVersion=v1, code=409, details=StatusDetails(causes=[], group=hivemq.com, kind=hivemq-platforms, name=test-hivemq-platform, retryAfterSeconds=null, uid=null, additionalProperties={}), kind=Status, message=Operation cannot be fulfilled on hivemq-platforms.hivemq.com "test-hivemq-platform": the object has been modified; please apply your changes to the latest version and try again, metadata=ListMeta(_continue=null, remainingItemCount=null, resourceVersion=null, selfLink=null, additionalProperties={}), reason=Conflict, status=Failure, additionalProperties={}).
2025-01-30 04:04:45,983 INFO c.h.h.t.HelmChartContainer - [hivemq-test-hivemq-platform] [hivemq-platform-operator] [a536b7dd] 	at io.fabric8.kubernetes.client.dsl.internal.OperationSupport.requestFailure(OperationSupport.java:660)
2025-01-30 04:04:45,983 INFO c.h.h.t.HelmChartContainer - [hivemq-test-hivemq-platform] [hivemq-platform-operator] [a536b7dd] 	at io.fabric8.kubernetes.client.dsl.internal.OperationSupport.requestFailure(OperationSupport.java:640)
2025-01-30 04:04:45,983 INFO c.h.h.t.HelmChartContainer - [hivemq-test-hivemq-platform] [hivemq-platform-operator] [a536b7dd] 	at io.fabric8.kubernetes.client.dsl.internal.OperationSupport.assertResponseCode(OperationSupport.java:589)
2025-01-30 04:04:45,983 INFO c.h.h.t.HelmChartContainer - [hivemq-test-hivemq-platform] [hivemq-platform-operator] [a536b7dd] 	at io.fabric8.kubernetes.client.dsl.internal.OperationSupport.lambda$handleResponse$0(OperationSupport.java:549)
2025-01-30 04:04:45,983 INFO c.h.h.t.HelmChartContainer - [hivemq-test-hivemq-platform] [hivemq-platform-operator] [a536b7dd] 	at java.base/java.util.concurrent.CompletableFuture$UniApply.tryFire(Unknown Source)
2025-01-30 04:04:45,983 INFO c.h.h.t.HelmChartContainer - [hivemq-test-hivemq-platform] [hivemq-platform-operator] [a536b7dd] 	at java.base/java.util.concurrent.CompletableFuture.postComplete(Unknown Source)
2025-01-30 04:04:45,983 INFO c.h.h.t.HelmChartContainer - [hivemq-test-hivemq-platform] [hivemq-platform-operator] [a536b7dd] 	at java.base/java.util.concurrent.CompletableFuture.complete(Unknown Source)
2025-01-30 04:04:45,983 INFO c.h.h.t.HelmChartContainer - [hivemq-test-hivemq-platform] [hivemq-platform-operator] [a536b7dd] 	at io.fabric8.kubernetes.client.http.StandardHttpClient.lambda$completeOrCancel$10(StandardHttpClient.java:141)
2025-01-30 04:04:45,983 INFO c.h.h.t.HelmChartContainer - [hivemq-test-hivemq-platform] [hivemq-platform-operator] [a536b7dd] 	at java.base/java.util.concurrent.CompletableFuture.uniWhenComplete(Unknown Source)
2025-01-30 04:04:45,983 INFO c.h.h.t.HelmChartContainer - [hivemq-test-hivemq-platform] [hivemq-platform-operator] [a536b7dd] 	at java.base/java.util.concurrent.CompletableFuture$UniWhenComplete.tryFire(Unknown Source)
2025-01-30 04:04:45,983 INFO c.h.h.t.HelmChartContainer - [hivemq-test-hivemq-platform] [hivemq-platform-operator] [a536b7dd] 	at java.base/java.util.concurrent.CompletableFuture.postComplete(Unknown Source)
2025-01-30 04:04:45,983 INFO c.h.h.t.HelmChartContainer - [hivemq-test-hivemq-platform] [hivemq-platform-operator] [a536b7dd] 	at java.base/java.util.concurrent.CompletableFuture.complete(Unknown Source)
2025-01-30 04:04:45,983 INFO c.h.h.t.HelmChartContainer - [hivemq-test-hivemq-platform] [hivemq-platform-operator] [a536b7dd] 	at io.fabric8.kubernetes.client.http.ByteArrayBodyHandler.onBodyDone(ByteArrayBodyHandler.java:51)
2025-01-30 04:04:45,983 INFO c.h.h.t.HelmChartContainer - [hivemq-test-hivemq-platform] [hivemq-platform-operator] [a536b7dd] 	at java.base/java.util.concurrent.CompletableFuture.uniWhenComplete(Unknown Source)
2025-01-30 04:04:45,983 INFO c.h.h.t.HelmChartContainer - [hivemq-test-hivemq-platform] [hivemq-platform-operator] [a536b7dd] 	at java.base/java.util.concurrent.CompletableFuture$UniWhenComplete.tryFire(Unknown Source)
2025-01-30 04:04:45,983 INFO c.h.h.t.HelmChartContainer - [hivemq-test-hivemq-platform] [hivemq-platform-operator] [a536b7dd] 	at java.base/java.util.concurrent.CompletableFuture.postComplete(Unknown Source)
2025-01-30 04:04:45,983 INFO c.h.h.t.HelmChartContainer - [hivemq-test-hivemq-platform] [hivemq-platform-operator] [a536b7dd] 	at java.base/java.util.concurrent.CompletableFuture.complete(Unknown Source)
2025-01-30 04:04:45,983 INFO c.h.h.t.HelmChartContainer - [hivemq-test-hivemq-platform] [hivemq-platform-operator] [a536b7dd] 	at io.fabric8.kubernetes.client.vertx.VertxHttpRequest.lambda$null$1(VertxHttpRequest.java:121)
2025-01-30 04:04:45,983 INFO c.h.h.t.HelmChartContainer - [hivemq-test-hivemq-platform] [hivemq-platform-operator] [a536b7dd] 	at io.vertx.core.impl.ContextInternal.dispatch(ContextInternal.java:279)
2025-01-30 04:04:45,983 INFO c.h.h.t.HelmChartContainer - [hivemq-test-hivemq-platform] [hivemq-platform-operator] [a536b7dd] 	at io.vertx.core.impl.ContextInternal.dispatch(ContextInternal.java:261)
2025-01-30 04:04:45,983 INFO c.h.h.t.HelmChartContainer - [hivemq-test-hivemq-platform] [hivemq-platform-operator] [a536b7dd] 	at io.vertx.core.http.impl.HttpEventHandler.handleEnd(HttpEventHandler.java:76)
2025-01-30 04:04:45,983 INFO c.h.h.t.HelmChartContainer - [hivemq-test-hivemq-platform] [hivemq-platform-operator] [a536b7dd] 	at io.vertx.core.http.impl.HttpClientResponseImpl.handleEnd(HttpClientResponseImpl.java:250)
2025-01-30 04:04:45,983 INFO c.h.h.t.HelmChartContainer - [hivemq-test-hivemq-platform] [hivemq-platform-operator] [a536b7dd] 	at io.vertx.core.http.impl.Http1xClientConnection$StreamImpl.lambda$new$0(Http1xClientConnection.java:421)
2025-01-30 04:04:45,983 INFO c.h.h.t.HelmChartContainer - [hivemq-test-hivemq-platform] [hivemq-platform-operator] [a536b7dd] 	at io.vertx.core.streams.impl.InboundBuffer.handleEvent(InboundBuffer.java:279)
2025-01-30 04:04:45,983 INFO c.h.h.t.HelmChartContainer - [hivemq-test-hivemq-platform] [hivemq-platform-operator] [a536b7dd] 	at io.vertx.core.streams.impl.InboundBuffer.write(InboundBuffer.java:157)
2025-01-30 04:04:45,983 INFO c.h.h.t.HelmChartContainer - [hivemq-test-hivemq-platform] [hivemq-platform-operator] [a536b7dd] 	at io.vertx.core.http.impl.Http1xClientConnection$StreamImpl.handleEnd(Http1xClientConnection.java:709)
2025-01-30 04:04:45,983 INFO c.h.h.t.HelmChartContainer - [hivemq-test-hivemq-platform] [hivemq-platform-operator] [a536b7dd] 	at io.vertx.core.impl.ContextImpl.execute(ContextImpl.java:313)
2025-01-30 04:04:45,983 INFO c.h.h.t.HelmChartContainer - [hivemq-test-hivemq-platform] [hivemq-platform-operator] [a536b7dd] 	at io.vertx.core.impl.ContextImpl.execute(ContextImpl.java:293)
2025-01-30 04:04:45,983 INFO c.h.h.t.HelmChartContainer - [hivemq-test-hivemq-platform] [hivemq-platform-operator] [a536b7dd] 	at io.vertx.core.http.impl.Http1xClientConnection.handleResponseEnd(Http1xClientConnection.java:940)
2025-01-30 04:04:45,983 INFO c.h.h.t.HelmChartContainer - [hivemq-test-hivemq-platform] [hivemq-platform-operator] [a536b7dd] 	at io.vertx.core.http.impl.Http1xClientConnection.handleHttpMessage(Http1xClientConnection.java:810)
2025-01-30 04:04:45,983 INFO c.h.h.t.HelmChartContainer - [hivemq-test-hivemq-platform] [hivemq-platform-operator] [a536b7dd] 	at io.vertx.core.http.impl.Http1xClientConnection.handleMessage(Http1xClientConnection.java:774)
2025-01-30 04:04:45,983 INFO c.h.h.t.HelmChartContainer - [hivemq-test-hivemq-platform] [hivemq-platform-operator] [a536b7dd] 	at io.vertx.core.net.impl.ConnectionBase.read(ConnectionBase.java:159)
2025-01-30 04:04:45,983 INFO c.h.h.t.HelmChartContainer - [hivemq-test-hivemq-platform] [hivemq-platform-operator] [a536b7dd] 	at io.vertx.core.net.impl.VertxHandler.channelRead(VertxHandler.java:153)
2025-01-30 04:04:45,983 INFO c.h.h.t.HelmChartContainer - [hivemq-test-hivemq-platform] [hivemq-platform-operator] [a536b7dd] 	at io.netty.channel.AbstractChannelHandlerContext.invokeChannelRead(AbstractChannelHandlerContext.java:442)
2025-01-30 04:04:45,983 INFO c.h.h.t.HelmChartContainer - [hivemq-test-hivemq-platform] [hivemq-platform-operator] [a536b7dd] 	at io.netty.channel.AbstractChannelHandlerContext.invokeChannelRead(AbstractChannelHandlerContext.java:420)
2025-01-30 04:04:45,983 INFO c.h.h.t.HelmChartContainer - [hivemq-test-hivemq-platform] [hivemq-platform-operator] [a536b7dd] 	at io.netty.channel.AbstractChannelHandlerContext.fireChannelRead(AbstractChannelHandlerContext.java:412)
2025-01-30 04:04:45,983 INFO c.h.h.t.HelmChartContainer - [hivemq-test-hivemq-platform] [hivemq-platform-operator] [a536b7dd] 	at io.netty.channel.CombinedChannelDuplexHandler$DelegatingChannelHandlerContext.fireChannelRead(CombinedChannelDuplexHandler.java:436)
2025-01-30 04:04:45,983 INFO c.h.h.t.HelmChartContainer - [hivemq-test-hivemq-platform] [hivemq-platform-operator] [a536b7dd] 	at io.netty.handler.codec.ByteToMessageDecoder.fireChannelRead(ByteToMessageDecoder.java:346)
2025-01-30 04:04:45,983 INFO c.h.h.t.HelmChartContainer - [hivemq-test-hivemq-platform] [hivemq-platform-operator] [a536b7dd] 	at io.netty.handler.codec.ByteToMessageDecoder.channelRead(ByteToMessageDecoder.java:318)
2025-01-30 04:04:45,983 INFO c.h.h.t.HelmChartContainer - [hivemq-test-hivemq-platform] [hivemq-platform-operator] [a536b7dd] 	at io.netty.channel.CombinedChannelDuplexHandler.channelRead(CombinedChannelDuplexHandler.java:251)
2025-01-30 04:04:45,983 INFO c.h.h.t.HelmChartContainer - [hivemq-test-hivemq-platform] [hivemq-platform-operator] [a536b7dd] 	at io.netty.channel.AbstractChannelHandlerContext.invokeChannelRead(AbstractChannelHandlerContext.java:442)
2025-01-30 04:04:45,983 INFO c.h.h.t.HelmChartContainer - [hivemq-test-hivemq-platform] [hivemq-platform-operator] [a536b7dd] 	at io.netty.channel.AbstractChannelHandlerContext.invokeChannelRead(AbstractChannelHandlerContext.java:420)
2025-01-30 04:04:45,983 INFO c.h.h.t.HelmChartContainer - [hivemq-test-hivemq-platform] [hivemq-platform-operator] [a536b7dd] 	at io.netty.channel.AbstractChannelHandlerContext.fireChannelRead(AbstractChannelHandlerContext.java:412)
2025-01-30 04:04:45,983 INFO c.h.h.t.HelmChartContainer - [hivemq-test-hivemq-platform] [hivemq-platform-operator] [a536b7dd] 	at io.netty.handler.ssl.SslHandler.unwrap(SslHandler.java:1475)
2025-01-30 04:04:45,983 INFO c.h.h.t.HelmChartContainer - [hivemq-test-hivemq-platform] [hivemq-platform-operator] [a536b7dd] 	at io.netty.handler.ssl.SslHandler.decodeJdkCompatible(SslHandler.java:1338)
2025-01-30 04:04:45,983 INFO c.h.h.t.HelmChartContainer - [hivemq-test-hivemq-platform] [hivemq-platform-operator] [a536b7dd] 	at io.netty.handler.ssl.SslHandler.decode(SslHandler.java:1387)
2025-01-30 04:04:45,983 INFO c.h.h.t.HelmChartContainer - [hivemq-test-hivemq-platform] [hivemq-platform-operator] [a536b7dd] 	at io.netty.handler.codec.ByteToMessageDecoder.decodeRemovalReentryProtection(ByteToMessageDecoder.java:530)
2025-01-30 04:04:45,983 INFO c.h.h.t.HelmChartContainer - [hivemq-test-hivemq-platform] [hivemq-platform-operator] [a536b7dd] 	at io.netty.handler.codec.ByteToMessageDecoder.callDecode(ByteToMessageDecoder.java:469)
2025-01-30 04:04:45,983 INFO c.h.h.t.HelmChartContainer - [hivemq-test-hivemq-platform] [hivemq-platform-operator] [a536b7dd] 	at io.netty.handler.codec.ByteToMessageDecoder.channelRead(ByteToMessageDecoder.java:290)
2025-01-30 04:04:45,984 INFO c.h.h.t.HelmChartContainer - [hivemq-test-hivemq-platform] [hivemq-platform-operator] [a536b7dd] 	at io.netty.channel.AbstractChannelHandlerContext.invokeChannelRead(AbstractChannelHandlerContext.java:444)
2025-01-30 04:04:45,984 INFO c.h.h.t.HelmChartContainer - [hivemq-test-hivemq-platform] [hivemq-platform-operator] [a536b7dd] 	at io.netty.channel.AbstractChannelHandlerContext.invokeChannelRead(AbstractChannelHandlerContext.java:420)
2025-01-30 04:04:45,984 INFO c.h.h.t.HelmChartContainer - [hivemq-test-hivemq-platform] [hivemq-platform-operator] [a536b7dd] 	at io.netty.channel.AbstractChannelHandlerContext.fireChannelRead(AbstractChannelHandlerContext.java:412)
2025-01-30 04:04:45,984 INFO c.h.h.t.HelmChartContainer - [hivemq-test-hivemq-platform] [hivemq-platform-operator] [a536b7dd] 	at io.netty.channel.DefaultChannelPipeline$HeadContext.channelRead(DefaultChannelPipeline.java:1407)
2025-01-30 04:04:45,984 INFO c.h.h.t.HelmChartContainer - [hivemq-test-hivemq-platform] [hivemq-platform-operator] [a536b7dd] 	at io.netty.channel.AbstractChannelHandlerContext.invokeChannelRead(AbstractChannelHandlerContext.java:440)
2025-01-30 04:04:45,984 INFO c.h.h.t.HelmChartContainer - [hivemq-test-hivemq-platform] [hivemq-platform-operator] [a536b7dd] 	at io.netty.channel.AbstractChannelHandlerContext.invokeChannelRead(AbstractChannelHandlerContext.java:420)
2025-01-30 04:04:45,984 INFO c.h.h.t.HelmChartContainer - [hivemq-test-hivemq-platform] [hivemq-platform-operator] [a536b7dd] 	at io.netty.channel.DefaultChannelPipeline.fireChannelRead(DefaultChannelPipeline.java:918)
2025-01-30 04:04:45,984 INFO c.h.h.t.HelmChartContainer - [hivemq-test-hivemq-platform] [hivemq-platform-operator] [a536b7dd] 	at io.netty.channel.nio.AbstractNioByteChannel$NioByteUnsafe.read(AbstractNioByteChannel.java:166)
2025-01-30 04:04:45,984 INFO c.h.h.t.HelmChartContainer - [hivemq-test-hivemq-platform] [hivemq-platform-operator] [a536b7dd] 	at io.netty.channel.nio.NioEventLoop.processSelectedKey(NioEventLoop.java:788)
2025-01-30 04:04:45,984 INFO c.h.h.t.HelmChartContainer - [hivemq-test-hivemq-platform] [hivemq-platform-operator] [a536b7dd] 	at io.netty.channel.nio.NioEventLoop.processSelectedKeysOptimized(NioEventLoop.java:724)
2025-01-30 04:04:45,984 INFO c.h.h.t.HelmChartContainer - [hivemq-test-hivemq-platform] [hivemq-platform-operator] [a536b7dd] 	at io.netty.channel.nio.NioEventLoop.processSelectedKeys(NioEventLoop.java:650)
2025-01-30 04:04:45,984 INFO c.h.h.t.HelmChartContainer - [hivemq-test-hivemq-platform] [hivemq-platform-operator] [a536b7dd] 	at io.netty.channel.nio.NioEventLoop.run(NioEventLoop.java:562)
2025-01-30 04:04:45,984 INFO c.h.h.t.HelmChartContainer - [hivemq-test-hivemq-platform] [hivemq-platform-operator] [a536b7dd] 	at io.netty.util.concurrent.SingleThreadEventExecutor$4.run(SingleThreadEventExecutor.java:997)
2025-01-30 04:04:45,984 INFO c.h.h.t.HelmChartContainer - [hivemq-test-hivemq-platform] [hivemq-platform-operator] [a536b7dd] 	at io.netty.util.internal.ThreadExecutorMap$2.run(ThreadExecutorMap.java:74)
2025-01-30 04:04:45,984 INFO c.h.h.t.HelmChartContainer - [hivemq-test-hivemq-platform] [hivemq-platform-operator] [a536b7dd] 	at io.netty.util.concurrent.FastThreadLocalRunnable.run(FastThreadLocalRunnable.java:30)
2025-01-30 04:04:45,984 INFO c.h.h.t.HelmChartContainer - [hivemq-test-hivemq-platform] [hivemq-platform-operator] [a536b7dd] 	... 1 common frames omitted
2025-01-30 04:04:46,010 INFO c.h.h.t.HelmChartContainer - [hivemq-test-hivemq-platform] [hivemq-platform-operator] [a536b7dd] 04:04:46.006 [ReconcilerExecutor-hivemq-controller-118] INFO  c.h.p.o.HiveMQPlatformReconciler - [helmwebs] Cleanup test-hivemq-platform - helmwebsocketsit HiveMQ Platform is shut down
2025-01-30 04:04:46,229 INFO c.h.h.t.HelmChartContainer - [K3S] [info.go:53] Couldn't collect info from any of the files in "/etc/machine-id,/var/lib/dbus/machine-id"
2025-01-30 04:04:46,613 INFO c.h.h.t.HelmChartContainer - [POD] test-hivemq-platform-0 [1fd2f445-93bd-46a3-b1af-6b037ed5c5ad] in helmwebsocketsit was MODIFIED
2025-01-30 04:04:46,616 INFO c.h.h.t.HelmChartContainer - [EVENT] Normal [Killing] Stopping container hivemq [helmwebsocketsit:test-hivemq-platform-0]
2025-01-30 04:04:46,616 INFO c.h.h.t.HelmChartContainer - Received Killing event for container hivemq in pod test-hivemq-platform-0 [1fd2f445-93bd-46a3-b1af-6b037ed5c5ad]
2025-01-30 04:04:46,616 INFO c.h.h.t.HelmChartContainer - Container [test-hivemq-platform-0] [hivemq] [1fd2f445-93bd-46a3-b1af-6b037ed5c5ad] was terminated
2025-01-30 04:04:46,616 INFO c.h.h.t.HelmChartContainer - Stopped log watcher for hivemq in pod test-hivemq-platform-0 [1fd2f445-93bd-46a3-b1af-6b037ed5c5ad]
2025-01-30 04:04:46,626 INFO c.h.h.t.HelmChartContainer - [test-hivemq-platform] [hivemq] [1fd2f445] INFO  - [HiveMQ Platform Operator Init App 1.7.0-SNAPSHOT] Shutting down
2025-01-30 04:04:46,632 INFO c.h.h.t.HelmChartContainer - [test-hivemq-platform] [hivemq] [1fd2f445] INFO  - [HiveMQ Platform Operator Init App 1.7.0-SNAPSHOT] Stopping the HiveMQ Platform
2025-01-30 04:04:46,723 INFO c.h.h.t.HelmChartContainer - [test-hivemq-platform] [hivemq] [1fd2f445] INFO  - Shutting down HiveMQ. Please wait, this could take a while...
2025-01-30 04:04:46,727 INFO c.h.h.t.HelmChartContainer - [test-hivemq-platform] [hivemq] [1fd2f445] INFO  - Shutting down listeners and clients
2025-01-30 04:04:46,728 INFO c.h.h.t.HelmChartContainer - [test-hivemq-platform] [hivemq] [1fd2f445] INFO  - Shutdown of listeners is done
2025-01-30 04:04:46,728 INFO c.h.h.t.HelmChartContainer - [test-hivemq-platform] [hivemq] [1fd2f445] INFO  - No clients are connected, proceeding with shutdown
2025-01-30 04:04:47,033 INFO c.h.h.t.HelmChartContainer - [K3S] [authentication.go:74] "Unable to authenticate the request" err="[invalid bearer token, serviceaccounts \"hivemq-platform-pod-test-hivemq-platform\" not found]"
2025-01-30 04:04:47,049 INFO c.h.h.t.HelmChartContainer - [K3S] [authentication.go:74] "Unable to authenticate the request" err="[invalid bearer token, serviceaccounts \"hivemq-platform-pod-test-hivemq-platform\" not found]"
2025-01-30 04:04:47,121 INFO c.h.h.t.HelmChartContainer - [test-hivemq-platform] [hivemq] [1fd2f445] WARN  - [HiveMQ Platform Operator Init App 1.7.0-SNAPSHOT] Could not update Pod annotations: Failure executing: GET at: https://10.43.0.1:443/api/v1/namespaces/helmwebsocketsit/pods/test-hivemq-platform-0. Message: Unauthorized. Received status: Status(apiVersion=v1, code=401, details=null, kind=Status, message=Unauthorized, metadata=ListMeta(_continue=null, remainingItemCount=null, resourceVersion=null, selfLink=null, additionalProperties={}), reason=Unauthorized, status=Failure, additionalProperties={}).
2025-01-30 04:04:47,630 INFO c.h.h.t.HelmChartContainer - Deleting namespace 'helmwebsocketsit'...
2025-01-30 04:04:50,122 INFO c.h.h.t.HelmChartContainer - [test-hivemq-platform] [hivemq] [1fd2f445] INFO  - Shutting down extension system
2025-01-30 04:04:50,124 INFO c.h.h.t.HelmChartContainer - [test-hivemq-platform] [hivemq] [1fd2f445] INFO  - Stopping extension with id hivemq-dns-cluster-discovery
2025-01-30 04:04:50,124 INFO c.h.h.t.HelmChartContainer - [test-hivemq-platform] [hivemq] [1fd2f445] INFO  - Extension "DNS Cluster Discovery Extension" version 4.3.2 stopped successfully.
2025-01-30 04:04:50,125 INFO c.h.h.t.HelmChartContainer - [test-hivemq-platform] [hivemq] [1fd2f445] INFO  - Stopping extension with id hivemq-prometheus-extension
2025-01-30 04:04:50,129 INFO c.h.h.t.HelmChartContainer - [test-hivemq-platform] [hivemq] [1fd2f445] INFO  - Extension "Prometheus Monitoring Extension" version 4.0.12 stopped successfully.
2025-01-30 04:04:50,129 INFO c.h.h.t.HelmChartContainer - [test-hivemq-platform] [hivemq] [1fd2f445] INFO  - Stopping extension with id hivemq-allow-all-extension
2025-01-30 04:04:50,129 INFO c.h.h.t.HelmChartContainer - [test-hivemq-platform] [hivemq] [1fd2f445] INFO  - Extension "Allow All Extension" version 1.1.1 stopped successfully.
2025-01-30 04:04:51,596 INFO c.h.h.t.HelmChartContainer - [test-hivemq-platform] [hivemq] [1fd2f445] INFO  - [HiveMQ Platform Operator Init App 1.7.0-SNAPSHOT] Returning shutdown Health API response 503 for readiness
2025-01-30 04:04:51,600 INFO c.h.h.t.HelmChartContainer - [EVENT] Warning [Unhealthy] Readiness probe failed: HTTP probe failed with statuscode: 503 [helmwebsocketsit:test-hivemq-platform-0]
2025-01-30 04:04:51,600 INFO c.h.h.t.HelmChartContainer - Received Unhealthy event for container hivemq in pod test-hivemq-platform-0 [1fd2f445-93bd-46a3-b1af-6b037ed5c5ad]
2025-01-30 04:04:52,125 INFO c.h.h.t.HelmChartContainer - [K3S] [authentication.go:74] "Unable to authenticate the request" err="[invalid bearer token, serviceaccounts \"hivemq-platform-pod-test-hivemq-platform\" not found]"
2025-01-30 04:04:52,136 INFO c.h.h.t.HelmChartContainer - [K3S] [authentication.go:74] "Unable to authenticate the request" err="[invalid bearer token, serviceaccounts \"hivemq-platform-pod-test-hivemq-platform\" not found]"
2025-01-30 04:04:52,138 INFO c.h.h.t.HelmChartContainer - [test-hivemq-platform] [hivemq] [1fd2f445] WARN  - [HiveMQ Platform Operator Init App 1.7.0-SNAPSHOT] Could not update Pod annotations: Failure executing: GET at: https://10.43.0.1:443/api/v1/namespaces/helmwebsocketsit/pods/test-hivemq-platform-0. Message: Unauthorized. Received status: Status(apiVersion=v1, code=401, details=null, kind=Status, message=Unauthorized, metadata=ListMeta(_continue=null, remainingItemCount=null, resourceVersion=null, selfLink=null, additionalProperties={}), reason=Unauthorized, status=Failure, additionalProperties={}).
2025-01-30 04:04:52,514 INFO c.h.h.t.HelmChartContainer - [test-hivemq-platform] [hivemq] [1fd2f445] INFO  - Shutdown completed.
2025-01-30 04:04:52,674 INFO c.h.h.t.HelmChartContainer - [K3S] [stateful_set.go:466] "StatefulSet has been deleted" key="helmwebsocketsit/test-hivemq-platform"
2025-01-30 04:04:52,867 INFO c.h.h.t.HelmChartContainer - [test-hivemq-platform] [hivemq] [1fd2f445] INFO  - [HiveMQ Platform Operator Init App 1.7.0-SNAPSHOT] The HiveMQ Platform exited with code 143
2025-01-30 04:04:52,867 INFO c.h.h.t.HelmChartContainer - [test-hivemq-platform] [hivemq] [1fd2f445] INFO  - [HiveMQ Platform Operator Init App 1.7.0-SNAPSHOT] Stopping the REST API
2025-01-30 04:04:52,913 INFO c.h.h.t.HelmChartContainer - [test-hivemq-platform] [hivemq] [1fd2f445] INFO  - [HiveMQ Platform Operator Init App 1.7.0-SNAPSHOT] Shutdown complete
2025-01-30 04:04:53,341 INFO c.h.h.t.HelmChartContainer - [POD] test-hivemq-platform-0 [1fd2f445-93bd-46a3-b1af-6b037ed5c5ad] in helmwebsocketsit was MODIFIED
2025-01-30 04:04:53,410 INFO c.h.h.t.HelmChartContainer - [K3S] [reconciler_common.go:162] "operationExecutor.UnmountVolume started for volume \"ws-keystore-8003\" (UniqueName: \"kubernetes.io/secret/1fd2f445-93bd-46a3-b1af-6b037ed5c5ad-ws-keystore-8003\") pod \"1fd2f445-93bd-46a3-b1af-6b037ed5c5ad\" (UID: \"1fd2f445-93bd-46a3-b1af-6b037ed5c5ad\") "
2025-01-30 04:04:53,411 INFO c.h.h.t.HelmChartContainer - [K3S] [reconciler_common.go:162] "operationExecutor.UnmountVolume started for volume \"pod-info\" (UniqueName: \"kubernetes.io/configmap/1fd2f445-93bd-46a3-b1af-6b037ed5c5ad-pod-info\") pod \"1fd2f445-93bd-46a3-b1af-6b037ed5c5ad\" (UID: \"1fd2f445-93bd-46a3-b1af-6b037ed5c5ad\") "
2025-01-30 04:04:53,411 INFO c.h.h.t.HelmChartContainer - [K3S] [reconciler_common.go:162] "operationExecutor.UnmountVolume started for volume \"broker-configuration\" (UniqueName: \"kubernetes.io/configmap/1fd2f445-93bd-46a3-b1af-6b037ed5c5ad-broker-configuration\") pod \"1fd2f445-93bd-46a3-b1af-6b037ed5c5ad\" (UID: \"1fd2f445-93bd-46a3-b1af-6b037ed5c5ad\") "
2025-01-30 04:04:53,411 INFO c.h.h.t.HelmChartContainer - [K3S] [reconciler_common.go:162] "operationExecutor.UnmountVolume started for volume \"kube-api-access-455qv\" (UniqueName: \"kubernetes.io/projected/1fd2f445-93bd-46a3-b1af-6b037ed5c5ad-kube-api-access-455qv\") pod \"1fd2f445-93bd-46a3-b1af-6b037ed5c5ad\" (UID: \"1fd2f445-93bd-46a3-b1af-6b037ed5c5ad\") "
2025-01-30 04:04:53,411 INFO c.h.h.t.HelmChartContainer - [K3S] [reconciler_common.go:162] "operationExecutor.UnmountVolume started for volume \"ws-truststore-8004\" (UniqueName: \"kubernetes.io/secret/1fd2f445-93bd-46a3-b1af-6b037ed5c5ad-ws-truststore-8004\") pod \"1fd2f445-93bd-46a3-b1af-6b037ed5c5ad\" (UID: \"1fd2f445-93bd-46a3-b1af-6b037ed5c5ad\") "
2025-01-30 04:04:53,412 INFO c.h.h.t.HelmChartContainer - [K3S] [reconciler_common.go:162] "operationExecutor.UnmountVolume started for volume \"operator-init\" (UniqueName: \"kubernetes.io/empty-dir/1fd2f445-93bd-46a3-b1af-6b037ed5c5ad-operator-init\") pod \"1fd2f445-93bd-46a3-b1af-6b037ed5c5ad\" (UID: \"1fd2f445-93bd-46a3-b1af-6b037ed5c5ad\") "
2025-01-30 04:04:53,412 INFO c.h.h.t.HelmChartContainer - [K3S] [reconciler_common.go:162] "operationExecutor.UnmountVolume started for volume \"ws-keystore-8004\" (UniqueName: \"kubernetes.io/secret/1fd2f445-93bd-46a3-b1af-6b037ed5c5ad-ws-keystore-8004\") pod \"1fd2f445-93bd-46a3-b1af-6b037ed5c5ad\" (UID: \"1fd2f445-93bd-46a3-b1af-6b037ed5c5ad\") "
2025-01-30 04:04:53,511 INFO c.h.h.t.HelmChartContainer - [K3S] [reconciler_common.go:299] "Volume detached for volume \"ws-keystore-8004\" (UniqueName: \"kubernetes.io/secret/1fd2f445-93bd-46a3-b1af-6b037ed5c5ad-ws-keystore-8004\") on node \"ac12081e87d3\" DevicePath \"\""
2025-01-30 04:04:53,511 INFO c.h.h.t.HelmChartContainer - [K3S] [reconciler_common.go:299] "Volume detached for volume \"operator-init\" (UniqueName: \"kubernetes.io/empty-dir/1fd2f445-93bd-46a3-b1af-6b037ed5c5ad-operator-init\") on node \"ac12081e87d3\" DevicePath \"\""
2025-01-30 04:04:53,511 INFO c.h.h.t.HelmChartContainer - [K3S] [reconciler_common.go:299] "Volume detached for volume \"pod-info\" (UniqueName: \"kubernetes.io/configmap/1fd2f445-93bd-46a3-b1af-6b037ed5c5ad-pod-info\") on node \"ac12081e87d3\" DevicePath \"\""
2025-01-30 04:04:53,511 INFO c.h.h.t.HelmChartContainer - [K3S] [reconciler_common.go:299] "Volume detached for volume \"broker-configuration\" (UniqueName: \"kubernetes.io/configmap/1fd2f445-93bd-46a3-b1af-6b037ed5c5ad-broker-configuration\") on node \"ac12081e87d3\" DevicePath \"\""
2025-01-30 04:04:53,511 INFO c.h.h.t.HelmChartContainer - [K3S] [reconciler_common.go:299] "Volume detached for volume \"kube-api-access-455qv\" (UniqueName: \"kubernetes.io/projected/1fd2f445-93bd-46a3-b1af-6b037ed5c5ad-kube-api-access-455qv\") on node \"ac12081e87d3\" DevicePath \"\""
2025-01-30 04:04:53,511 INFO c.h.h.t.HelmChartContainer - [K3S] [reconciler_common.go:299] "Volume detached for volume \"ws-truststore-8004\" (UniqueName: \"kubernetes.io/secret/1fd2f445-93bd-46a3-b1af-6b037ed5c5ad-ws-truststore-8004\") on node \"ac12081e87d3\" DevicePath \"\""
2025-01-30 04:04:53,511 INFO c.h.h.t.HelmChartContainer - [K3S] [reconciler_common.go:299] "Volume detached for volume \"ws-keystore-8003\" (UniqueName: \"kubernetes.io/secret/1fd2f445-93bd-46a3-b1af-6b037ed5c5ad-ws-keystore-8003\") on node \"ac12081e87d3\" DevicePath \"\""
2025-01-30 04:04:53,707 INFO c.h.h.t.HelmChartContainer - [K3S] [scope.go:117] "RemoveContainer" containerID="ae1457fc452f2c3bb87999c8fb3cccdf44823e190a0c7b02789c5ccd26bb55be"
2025-01-30 04:04:53,722 INFO c.h.h.t.HelmChartContainer - [POD] test-hivemq-platform-0 [1fd2f445-93bd-46a3-b1af-6b037ed5c5ad] in helmwebsocketsit was MODIFIED
2025-01-30 04:04:53,726 INFO c.h.h.t.HelmChartContainer - [POD] test-hivemq-platform-0 [1fd2f445-93bd-46a3-b1af-6b037ed5c5ad] in helmwebsocketsit was DELETED
2025-01-30 04:04:53,814 INFO c.h.h.t.HelmChartContainer - [K3S] [scope.go:117] "RemoveContainer" containerID="573ee536966c4489c73c845926073a824f6246e0b29ec8923bc778e6fe88b0d6"
2025-01-30 04:04:53,818 INFO c.h.h.t.HelmChartContainer - [K3S] [scope.go:117] "RemoveContainer" containerID="ae1457fc452f2c3bb87999c8fb3cccdf44823e190a0c7b02789c5ccd26bb55be"
2025-01-30 04:04:53,818 INFO c.h.h.t.HelmChartContainer - [K3S] [scope.go:117] "RemoveContainer" containerID="573ee536966c4489c73c845926073a824f6246e0b29ec8923bc778e6fe88b0d6"
2025-01-30 04:04:54,209 INFO c.h.h.t.HelmChartContainer - [K3S] [kubelet_volumes.go:163] "Cleaned up orphaned pod volumes dir" podUID="1fd2f445-93bd-46a3-b1af-6b037ed5c5ad" path="/var/lib/kubelet/pods/1fd2f445-93bd-46a3-b1af-6b037ed5c5ad/volumes"
2025-01-30 04:04:57,962 INFO c.h.h.t.HelmChartContainer - Namespace 'helmwebsocketsit' deleted
2025-01-30 04:04:57,962 INFO c.h.h.t.HelmChartContainer - Release 'test-hivemq-platform' in namespace 'helmwebsocketsit' is uninstalled
2025-01-30 04:04:57,962 INFO c.h.h.t.HelmChartContainer - Uninstalling release 'test-hivemq-platform-operator' in namespace 'helmwebsocketsit-operator'...
2025-01-30 04:04:57,962 DEBUG c.h.h.t.HelmChartContainer - Executing helm command: /bin/helm --kubeconfig /etc/rancher/k3s/k3s.yaml uninstall test-hivemq-platform-operator  --wait --timeout 5m0s --cascade foreground --namespace helmwebsocketsit-operator
2025-01-30 04:04:58,127 INFO c.h.h.t.HelmChartContainer - [K3S] [replica_set.go:679] "Finished syncing" kind="ReplicaSet" key="helmwebsocketsit-operator/hivemq-test-hivemq-platform-operator-6966f96d65" duration="10.068761ms"
2025-01-30 04:04:58,128 INFO c.h.h.t.HelmChartContainer - [K3S] [replica_set.go:679] "Finished syncing" kind="ReplicaSet" key="helmwebsocketsit-operator/hivemq-test-hivemq-platform-operator-6966f96d65" duration="52.408µs"
2025-01-30 04:04:58,146 INFO c.h.h.t.HelmChartContainer - [POD] hivemq-test-hivemq-platform-operator-6966f96d65-cxlm4 [a536b7dd-5d45-460f-a683-3eb3d755d22d] in helmwebsocketsit-operator was MODIFIED
2025-01-30 04:04:58,153 INFO c.h.h.t.HelmChartContainer - [K3S] [replica_set.go:679] "Finished syncing" kind="ReplicaSet" key="helmwebsocketsit-operator/hivemq-test-hivemq-platform-operator-6966f96d65" duration="9.861032ms"
2025-01-30 04:04:58,153 INFO c.h.h.t.HelmChartContainer - [K3S] [replica_set.go:679] "Finished syncing" kind="ReplicaSet" key="helmwebsocketsit-operator/hivemq-test-hivemq-platform-operator-6966f96d65" duration="35.015µs"
2025-01-30 04:04:58,159 INFO c.h.h.t.HelmChartContainer - [EVENT] Normal [Killing] Stopping container hivemq-platform-operator [helmwebsocketsit-operator:hivemq-test-hivemq-platform-operator-6966f96d65-cxlm4]
2025-01-30 04:04:58,159 INFO c.h.h.t.HelmChartContainer - Received Killing event for container hivemq-platform-operator in pod hivemq-test-hivemq-platform-operator-6966f96d65-cxlm4 [a536b7dd-5d45-460f-a683-3eb3d755d22d]
2025-01-30 04:04:58,159 INFO c.h.h.t.HelmChartContainer - Container [hivemq-test-hivemq-platform-operator-6966f96d65-cxlm4] [hivemq-platform-operator] [a536b7dd-5d45-460f-a683-3eb3d755d22d] was terminated
2025-01-30 04:04:58,159 INFO c.h.h.t.HelmChartContainer - Stopped log watcher for hivemq-platform-operator in pod hivemq-test-hivemq-platform-operator-6966f96d65-cxlm4 [a536b7dd-5d45-460f-a683-3eb3d755d22d]
2025-01-30 04:04:58,186 INFO c.h.h.t.HelmChartContainer - [hivemq-test-hivemq-platform] [hivemq-platform-operator] [a536b7dd] 04:04:58.185 [application-shutdown-thread] INFO  c.h.p.o.HiveMQPlatformOperatorApplication - HiveMQ Platform Operator is stopping...
2025-01-30 04:04:58,186 INFO c.h.h.t.HelmChartContainer - [hivemq-test-hivemq-platform] [hivemq-platform-operator] [a536b7dd] 04:04:58.185 [application-shutdown-thread] INFO  i.javaoperatorsdk.operator.Operator - Operator SDK 4.9.7 is shutting down...
2025-01-30 04:04:58,717 INFO c.h.h.t.HelmChartContainer - [K3S] [pod_container_deletor.go:80] "Container not found in pod's containers" containerID="ae1c86b22ef6eef45e03e564d03d028d8138094e3cd77fff4d30bfcac942f89d"
2025-01-30 04:04:58,750 INFO c.h.h.t.HelmChartContainer - [K3S] [replica_set.go:679] "Finished syncing" kind="ReplicaSet" key="helmwebsocketsit-operator/hivemq-test-hivemq-platform-operator-6966f96d65" duration="41.017µs"
2025-01-30 04:04:58,751 INFO c.h.h.t.HelmChartContainer - [POD] hivemq-test-hivemq-platform-operator-6966f96d65-cxlm4 [a536b7dd-5d45-460f-a683-3eb3d755d22d] in helmwebsocketsit-operator was MODIFIED
2025-01-30 04:04:58,840 INFO c.h.h.t.HelmChartContainer - [K3S] [reconciler_common.go:162] "operationExecutor.UnmountVolume started for volume \"kube-api-access-vqwcr\" (UniqueName: \"kubernetes.io/projected/a536b7dd-5d45-460f-a683-3eb3d755d22d-kube-api-access-vqwcr\") pod \"a536b7dd-5d45-460f-a683-3eb3d755d22d\" (UID: \"a536b7dd-5d45-460f-a683-3eb3d755d22d\") "
2025-01-30 04:04:58,941 INFO c.h.h.t.HelmChartContainer - [K3S] [reconciler_common.go:299] "Volume detached for volume \"kube-api-access-vqwcr\" (UniqueName: \"kubernetes.io/projected/a536b7dd-5d45-460f-a683-3eb3d755d22d-kube-api-access-vqwcr\") on node \"ac12081e87d3\" DevicePath \"\""
2025-01-30 04:04:59,731 INFO c.h.h.t.HelmChartContainer - [K3S] [replica_set.go:679] "Finished syncing" kind="ReplicaSet" key="helmwebsocketsit-operator/hivemq-test-hivemq-platform-operator-6966f96d65" duration="43.281µs"
2025-01-30 04:04:59,731 INFO c.h.h.t.HelmChartContainer - [POD] hivemq-test-hivemq-platform-operator-6966f96d65-cxlm4 [a536b7dd-5d45-460f-a683-3eb3d755d22d] in helmwebsocketsit-operator was MODIFIED
2025-01-30 04:04:59,733 INFO c.h.h.t.HelmChartContainer - [POD] hivemq-test-hivemq-platform-operator-6966f96d65-cxlm4 [a536b7dd-5d45-460f-a683-3eb3d755d22d] in helmwebsocketsit-operator was DELETED
2025-01-30 04:04:59,734 INFO c.h.h.t.HelmChartContainer - [K3S] [replica_set.go:679] "Finished syncing" kind="ReplicaSet" key="helmwebsocketsit-operator/hivemq-test-hivemq-platform-operator-6966f96d65" duration="37.891µs"
2025-01-30 04:04:59,746 INFO c.h.h.t.HelmChartContainer - [K3S] [replica_set.go:679] "Finished syncing" kind="ReplicaSet" key="helmwebsocketsit-operator/hivemq-test-hivemq-platform-operator-6966f96d65" duration="5.45µs"
2025-01-30 04:05:00,171 INFO c.h.h.t.HelmChartContainer - Deleting namespace 'helmwebsocketsit-operator'...
2025-01-30 04:05:00,209 INFO c.h.h.t.HelmChartContainer - [K3S] [kubelet_volumes.go:163] "Cleaned up orphaned pod volumes dir" podUID="a536b7dd-5d45-460f-a683-3eb3d755d22d" path="/var/lib/kubelet/pods/a536b7dd-5d45-460f-a683-3eb3d755d22d/volumes"
2025-01-30 04:05:02,916 INFO c.h.h.t.HelmChartContainer - [K3S] [namespace_controller.go:187] "Namespace has been deleted" namespace="helmwebsocketsit"
2025-01-30 04:05:05,388 INFO c.h.h.t.HelmChartContainer - Namespace 'helmwebsocketsit-operator' deleted
2025-01-30 04:05:05,388 INFO c.h.h.t.HelmChartContainer - Release 'test-hivemq-platform-operator' in namespace 'helmwebsocketsit-operator' is uninstalled
2025-01-30 04:05:06,200 INFO c.h.helmcharts.AbstractHelmChartIT - Removed unused containers:

2025-01-30 04:05:10,291 INFO c.h.h.t.HelmChartContainer - [K3S] [namespace_controller.go:187] "Namespace has been deleted" namespace="helmwebsocketsit-operator"
2025-01-30 04:05:14,098 INFO c.h.helmcharts.AbstractHelmChartIT - Removed unused snapshots:
Removing snapshot sha256:018f968437de68bd741583adcd0fbfb655d84787e0d91247c941bd3d6a4c3c9f
Removing snapshot sha256:03af251906410714c5aef9fa705b63f6bbc39c4a5e787de7361eeb18886c2ed2
Removing snapshot sha256:0c46b3b43cce082ce5ec34ffc6c294e0417d17b9d1e6f366d114b6aadc4f96dc
Removing snapshot sha256:0ce761beee59082d6ed5bcebd3a805b8ddd9b3426b617e4809e7fb7c6587ffec
Removing snapshot sha256:0df91287303208332c8ff6ba40ae4710105201739addbfbddfb955f1ad593664
Removing snapshot sha256:1021ef88c7974bfff89c5a0ec4fd3160daac6c48a075f74cff721f85dd104e68
Removing snapshot sha256:10aba4953ddc18145dd38e3704709bc464aa20af60b56fe52caaff4b68411e62
Removing snapshot sha256:2573e0d8158209ed54ab25c87bcdcb00bd3d2539246960a3d592a1c599d70465
Removing snapshot sha256:362a8a37f8bbc31925a8146adcf7cf51f9882f5c1dcbef67c5baa03a297543c0
Removing snapshot sha256:3fa4ad33f0ddc8fd45b39b6b4640f82a3a83619606cd975bfe89d8710ad2d4cd
Removing snapshot sha256:43a7c979bbaba6838bc3102d6b10a1459f3ab050b87ccdfef84ef90cf43d3058
Removing snapshot sha256:4ab04491cdf0d3267f08206fe30bd48f49f94b9cab2f016d6739220f722a64af
Removing snapshot sha256:4b6068250e89c96f263060261819c7d912855bfbd64b3eb4c4a8483299b8c295
Removing snapshot sha256:580e69a0a8034ede1921139bbd2bfb72a69ebf276d008281896c32dd8bf74775
Removing snapshot sha256:5d30ba46b27fe37484567ccc5242cadc78217b8da605f3f195ef25cbf7487904
Removing snapshot sha256:63ca1fbb43ae5034640e5e6cb3e083e05c290072c5366fcaa9d62435a4cced85
Removing snapshot sha256:67f702c6baae873bceb19487c8b1f27bd2b86077e4f2f0e480e6d60ab508b8f5
Removing snapshot sha256:6864348dd42806d552efdec384f1274be15e2d0c10ce44c1f04347af004c10a9
Removing snapshot sha256:6c7dee8f2c39b84b7dc2711c01d33de93514d9055499173e9290176fbe484b6c
Removing snapshot sha256:82753493a6d61ded36556292f02f31841a14c20d2f279f19eaad65afb661d5cd
Removing snapshot sha256:8a10d3db42c505ee0fcfa98417bdd7e39b304f6bcc0a06bb1b220797ff2cc63c
Removing snapshot sha256:a21e5b12dbac529ad45d976eb9ce45c881f3bedcc500fb30aba1e52aa1813418
Removing snapshot sha256:b921e6c28969094157f9b8e7244677780319637afd14450b7cb6b2fdea558a0c
Removing snapshot sha256:bc27ecb5769a00e309cf99ebc763c4a4b958b618d1decc96ffac5bc05f02f5b7
Removing snapshot sha256:be3ccb6627a5332e309d45ef461d09b4879dd870c7394d89323d0ebc6ca6aa8a
Removing snapshot sha256:c261f7cbbc64211ee175ee47273acdb7b1a36a4450b397a064a8f2c026490095
Removing snapshot sha256:c34d9393647eea0c9e3557ab988efaf59f61d10a2a5613b439ef0958cca5ec10
Removing snapshot sha256:ccf3c4a0fa967a41c1c83497a2ce6fa5787965859df0adb32c4ca2cf7490bc2b
Removing snapshot sha256:cf92d33f869417309692088c341cd0f223c178ea78a125f757317b22aa8f90e9
Removing snapshot sha256:d0037344cf2fb078884f1849f6a1f8cf9a33a3b6139b6a85833e5ee528e1f9a8
Removing snapshot sha256:d3b36d5b79273b1e98e7700470eaeff05a882e777124d84cebcc1505b85ecb36
Removing snapshot sha256:d65a44a37914602d12c611e5e22a50f11451d847e63015cc1c2aef92dee777a4
Removing snapshot sha256:d70886b68d6e2ab2373dc9f029f3f386fedc177a7b98e0820b5c0a297fa3b3e6
Removing snapshot sha256:e2dc0bae2455930f23ae570e019b7f32edc75c0f2d71cab084db837ff9051796
Removing snapshot sha256:e31519795c7e3df686c447a21ec8d2eb301388a5e39ccf7f20a25c6f6ce3a522
Removing snapshot sha256:e9e86ed11d9bebc0707dd6f1166c51237ebb44f98657241f943261b2675a5449
Removing snapshot sha256:eccbd24a99c60cd9e86ee5305dbfc4a4dc89f5ab4fb1f06c8d64797cecedef34
Removing snapshot sha256:edd1404c718ab99ca3456bdf222065033800bb67d4334a9642746685a24394cd
Removing snapshot sha256:f144bb4c7c7f0d2aa7eeffd36d934ec40db1ee167be727e326aad9fdc616f475

]]></system-out>
  </testcase>
  <testcase name="platformChart_whenMtlsWebsocketEnabled_thenSendsReceivesMessage(Path)" classname="com.hivemq.helmcharts.services.HelmWebsocketsIT" time="104.675">
    <system-out><![CDATA[2025-01-30 04:05:14,103 INFO c.h.h.t.HelmChartContainer - Creating namespace 'helmwebsocketsit-operator'...
2025-01-30 04:05:14,108 INFO c.h.h.t.HelmChartContainer - Namespace 'helmwebsocketsit-operator' created
2025-01-30 04:05:14,108 INFO c.h.h.t.HelmChartContainer - Creating namespace 'helmwebsocketsit'...
2025-01-30 04:05:14,115 INFO c.h.h.t.HelmChartContainer - Namespace 'helmwebsocketsit' created
2025-01-30 04:05:14,181 DEBUG c.h.h.t.HelmChartContainer - Executing helm command: /bin/helm --kubeconfig /etc/rancher/k3s/k3s.yaml install test-hivemq-platform-operator /charts/hivemq-platform-operator --wait --timeout 5m0s --set image.repository=docker.io/hivemq --set image.name=hivemq-platform-operator-test --set image.initImageName=hivemq-platform-operator-init-test --set image.tag=snapshot --set image.pullPolicy=Never --set logLevel=DEBUG --set resources.cpu=512m --namespace helmwebsocketsit-operator
2025-01-30 04:05:14,491 INFO c.h.h.t.HelmChartContainer - [K3S] [alloc.go:330] "allocated clusterIPs" service="helmwebsocketsit-operator/hivemq-platform-operator-test-hivemq-platform-operator" clusterIPs={"IPv4":"10.43.93.117"}
2025-01-30 04:05:14,515 INFO c.h.h.t.HelmChartContainer - [EVENT] Normal [ScalingReplicaSet] Scaled up replica set hivemq-test-hivemq-platform-operator-6966f96d65 from 0 to 1 [helmwebsocketsit-operator:hivemq-test-hivemq-platform-operator]
2025-01-30 04:05:14,526 INFO c.h.h.t.HelmChartContainer - [POD] hivemq-test-hivemq-platform-operator-6966f96d65-whlm9 [143e705b-0726-4091-9f82-895522fb2d93] in helmwebsocketsit-operator was ADDED
2025-01-30 04:05:14,531 INFO c.h.h.t.HelmChartContainer - [EVENT] Normal [SuccessfulCreate] Created pod: hivemq-test-hivemq-platform-operator-6966f96d65-whlm9 [helmwebsocketsit-operator:hivemq-test-hivemq-platform-operator-6966f96d65]
2025-01-30 04:05:14,531 INFO c.h.h.t.HelmChartContainer - [K3S] [replica_set.go:679] "Finished syncing" kind="ReplicaSet" key="helmwebsocketsit-operator/hivemq-test-hivemq-platform-operator-6966f96d65" duration="21.170739ms"
2025-01-30 04:05:14,535 INFO c.h.h.t.HelmChartContainer - [K3S] [memory_manager.go:355] "RemoveStaleState removing state" podUID="1fd2f445-93bd-46a3-b1af-6b037ed5c5ad" containerName="hivemq"
2025-01-30 04:05:14,535 INFO c.h.h.t.HelmChartContainer - [K3S] [memory_manager.go:355] "RemoveStaleState removing state" podUID="a536b7dd-5d45-460f-a683-3eb3d755d22d" containerName="hivemq-platform-operator"
2025-01-30 04:05:14,542 INFO c.h.h.t.HelmChartContainer - [POD] hivemq-test-hivemq-platform-operator-6966f96d65-whlm9 [143e705b-0726-4091-9f82-895522fb2d93] in helmwebsocketsit-operator was MODIFIED
2025-01-30 04:05:14,546 INFO c.h.h.t.HelmChartContainer - [EVENT] Normal [Scheduled] Successfully assigned helmwebsocketsit-operator/hivemq-test-hivemq-platform-operator-6966f96d65-whlm9 to ac12081e87d3 [helmwebsocketsit-operator:hivemq-test-hivemq-platform-operator-6966f96d65-whlm9]
2025-01-30 04:05:14,571 INFO c.h.h.t.HelmChartContainer - [POD] hivemq-test-hivemq-platform-operator-6966f96d65-whlm9 [143e705b-0726-4091-9f82-895522fb2d93] in helmwebsocketsit-operator was MODIFIED
2025-01-30 04:05:14,574 INFO c.h.h.t.HelmChartContainer - [K3S] [replica_set.go:679] "Finished syncing" kind="ReplicaSet" key="helmwebsocketsit-operator/hivemq-test-hivemq-platform-operator-6966f96d65" duration="43.513108ms"
2025-01-30 04:05:14,604 INFO c.h.h.t.HelmChartContainer - [K3S] [replica_set.go:679] "Finished syncing" kind="ReplicaSet" key="helmwebsocketsit-operator/hivemq-test-hivemq-platform-operator-6966f96d65" duration="29.908118ms"
2025-01-30 04:05:14,605 INFO c.h.h.t.HelmChartContainer - [K3S] [replica_set.go:679] "Finished syncing" kind="ReplicaSet" key="helmwebsocketsit-operator/hivemq-test-hivemq-platform-operator-6966f96d65" duration="83.015µs"
2025-01-30 04:05:14,631 INFO c.h.h.t.HelmChartContainer - [K3S] [reconciler_common.go:251] "operationExecutor.VerifyControllerAttachedVolume started for volume \"kube-api-access-4clxd\" (UniqueName: \"kubernetes.io/projected/143e705b-0726-4091-9f82-895522fb2d93-kube-api-access-4clxd\") pod \"hivemq-test-hivemq-platform-operator-6966f96d65-whlm9\" (UID: \"143e705b-0726-4091-9f82-895522fb2d93\") " pod="helmwebsocketsit-operator/hivemq-test-hivemq-platform-operator-6966f96d65-whlm9"
2025-01-30 04:05:14,928 INFO c.h.h.t.HelmChartContainer - [EVENT] Normal [Pulled] Container image "docker.io/hivemq/hivemq-platform-operator-test:snapshot" already present on machine [helmwebsocketsit-operator:hivemq-test-hivemq-platform-operator-6966f96d65-whlm9]
2025-01-30 04:05:14,928 INFO c.h.h.t.HelmChartContainer - Received Pulled event for container hivemq-platform-operator in pod hivemq-test-hivemq-platform-operator-6966f96d65-whlm9 [143e705b-0726-4091-9f82-895522fb2d93]
2025-01-30 04:05:14,935 INFO c.h.h.t.HelmChartContainer - [EVENT] Normal [Created] Created container: hivemq-platform-operator [helmwebsocketsit-operator:hivemq-test-hivemq-platform-operator-6966f96d65-whlm9]
2025-01-30 04:05:14,935 INFO c.h.h.t.HelmChartContainer - Received Created event for container hivemq-platform-operator in pod hivemq-test-hivemq-platform-operator-6966f96d65-whlm9 [143e705b-0726-4091-9f82-895522fb2d93]
2025-01-30 04:05:15,754 INFO c.h.h.t.HelmChartContainer - [POD] hivemq-test-hivemq-platform-operator-6966f96d65-whlm9 [143e705b-0726-4091-9f82-895522fb2d93] in helmwebsocketsit-operator was MODIFIED
2025-01-30 04:05:15,754 INFO c.h.h.t.HelmChartContainer - [K3S] [replica_set.go:679] "Finished syncing" kind="ReplicaSet" key="helmwebsocketsit-operator/hivemq-test-hivemq-platform-operator-6966f96d65" duration="47.889µs"
2025-01-30 04:05:15,765 INFO c.h.h.t.HelmChartContainer - Started log watcher for hivemq-platform-operator in pod hivemq-test-hivemq-platform-operator-6966f96d65-whlm9 [143e705b-0726-4091-9f82-895522fb2d93]
2025-01-30 04:05:15,765 INFO c.h.h.t.HelmChartContainer - [EVENT] Normal [Started] Started container hivemq-platform-operator [helmwebsocketsit-operator:hivemq-test-hivemq-platform-operator-6966f96d65-whlm9]
2025-01-30 04:05:15,766 INFO c.h.h.t.HelmChartContainer - Received Started event for container hivemq-platform-operator in pod hivemq-test-hivemq-platform-operator-6966f96d65-whlm9 [143e705b-0726-4091-9f82-895522fb2d93]
2025-01-30 04:05:15,773 INFO c.h.h.t.HelmChartContainer - [hivemq-test-hivemq-platform] [hivemq-platform-operator] [143e705b] -------------------------------------------------------------------------
2025-01-30 04:05:15,773 INFO c.h.h.t.HelmChartContainer - [hivemq-test-hivemq-platform] [hivemq-platform-operator] [143e705b] 
2025-01-30 04:05:15,773 INFO c.h.h.t.HelmChartContainer - [hivemq-test-hivemq-platform] [hivemq-platform-operator] [143e705b]                   _    _  _              __  __   ____
2025-01-30 04:05:15,773 INFO c.h.h.t.HelmChartContainer - [hivemq-test-hivemq-platform] [hivemq-platform-operator] [143e705b]                  | |  | |(_)            |  \/  | / __ \
2025-01-30 04:05:15,773 INFO c.h.h.t.HelmChartContainer - [hivemq-test-hivemq-platform] [hivemq-platform-operator] [143e705b]                  | |__| | _ __   __ ___ | \  / || |  | |
2025-01-30 04:05:15,773 INFO c.h.h.t.HelmChartContainer - [hivemq-test-hivemq-platform] [hivemq-platform-operator] [143e705b]                  |  __  || |\ \ / // _ \| |\/| || |  | |
2025-01-30 04:05:15,773 INFO c.h.h.t.HelmChartContainer - [hivemq-test-hivemq-platform] [hivemq-platform-operator] [143e705b]                  | |  | || | \ V /|  __/| |  | || |__| |
2025-01-30 04:05:15,773 INFO c.h.h.t.HelmChartContainer - [hivemq-test-hivemq-platform] [hivemq-platform-operator] [143e705b]                  |_|  |_||_|  \_/  \___||_|  |_| \___\_\
2025-01-30 04:05:15,773 INFO c.h.h.t.HelmChartContainer - [hivemq-test-hivemq-platform] [hivemq-platform-operator] [143e705b] 
2025-01-30 04:05:15,773 INFO c.h.h.t.HelmChartContainer - [hivemq-test-hivemq-platform] [hivemq-platform-operator] [143e705b] -------------------------------------------------------------------------
2025-01-30 04:05:15,773 INFO c.h.h.t.HelmChartContainer - [hivemq-test-hivemq-platform] [hivemq-platform-operator] [143e705b] 
2025-01-30 04:05:15,773 INFO c.h.h.t.HelmChartContainer - [hivemq-test-hivemq-platform] [hivemq-platform-operator] [143e705b]   HiveMQ Platform Operator Start Script v1.0
2025-01-30 04:05:15,773 INFO c.h.h.t.HelmChartContainer - [hivemq-test-hivemq-platform] [hivemq-platform-operator] [143e705b] 
2025-01-30 04:05:15,773 INFO c.h.h.t.HelmChartContainer - [hivemq-test-hivemq-platform] [hivemq-platform-operator] [143e705b] -------------------------------------------------------------------------
2025-01-30 04:05:15,773 INFO c.h.h.t.HelmChartContainer - [hivemq-test-hivemq-platform] [hivemq-platform-operator] [143e705b] 
2025-01-30 04:05:15,773 INFO c.h.h.t.HelmChartContainer - [hivemq-test-hivemq-platform] [hivemq-platform-operator] [143e705b]   JAVA_OPTS: -XX:+UnlockExperimentalVMOptions -XX:InitialRAMPercentage=75 -XX:MaxRAMPercentage=75 -Duser.language=en -Duser.region=US
2025-01-30 04:05:15,773 INFO c.h.h.t.HelmChartContainer - [hivemq-test-hivemq-platform] [hivemq-platform-operator] [143e705b] 
2025-01-30 04:05:15,773 INFO c.h.h.t.HelmChartContainer - [hivemq-test-hivemq-platform] [hivemq-platform-operator] [143e705b]   JAVA_VERSION: 21
2025-01-30 04:05:15,773 INFO c.h.h.t.HelmChartContainer - [hivemq-test-hivemq-platform] [hivemq-platform-operator] [143e705b] 
2025-01-30 04:05:15,773 INFO c.h.h.t.HelmChartContainer - [hivemq-test-hivemq-platform] [hivemq-platform-operator] [143e705b] -------------------------------------------------------------------------
2025-01-30 04:05:15,773 INFO c.h.h.t.HelmChartContainer - [hivemq-test-hivemq-platform] [hivemq-platform-operator] [143e705b] 
2025-01-30 04:05:18,276 INFO c.h.h.t.HelmChartContainer - [hivemq-test-hivemq-platform] [hivemq-platform-operator] [143e705b] 04:05:18.193 [main] DEBUG org.jboss.logging - Logging Provider: org.jboss.logging.Slf4jLoggerProvider
2025-01-30 04:05:18,381 INFO c.h.h.t.HelmChartContainer - [hivemq-test-hivemq-platform] [hivemq-platform-operator] [143e705b] 04:05:18.379 [main] DEBUG io.smallrye.config - SRCFG01006: Loaded ConfigSource SysPropConfigSource with ordinal 400
2025-01-30 04:05:18,381 INFO c.h.h.t.HelmChartContainer - [hivemq-test-hivemq-platform] [hivemq-platform-operator] [143e705b] 04:05:18.379 [main] DEBUG io.smallrye.config - SRCFG01006: Loaded ConfigSource EnvConfigSource with ordinal 300
2025-01-30 04:05:18,381 INFO c.h.h.t.HelmChartContainer - [hivemq-test-hivemq-platform] [hivemq-platform-operator] [143e705b] 04:05:18.380 [main] DEBUG io.smallrye.config - SRCFG01006: Loaded ConfigSource PropertiesConfigSource[source=jar:file:///opt/hivemq-platform-operator/bin/hivemq-platform-operator.jar!/hivemq-platform-operator.properties] with ordinal 100
2025-01-30 04:05:18,381 INFO c.h.h.t.HelmChartContainer - [hivemq-test-hivemq-platform] [hivemq-platform-operator] [143e705b] 04:05:18.380 [main] DEBUG io.smallrye.config - SRCFG01006: Loaded ConfigSource DefaultValuesConfigSource with ordinal -2147483648
2025-01-30 04:05:18,480 INFO c.h.h.t.HelmChartContainer - [hivemq-test-hivemq-platform] [hivemq-platform-operator] [143e705b] 04:05:18.479 [main] DEBUG i.m.c.u.i.l.InternalLoggerFactory - Using SLF4J as the default logging framework
2025-01-30 04:05:18,594 INFO c.h.h.t.HelmChartContainer - [hivemq-test-hivemq-platform] [hivemq-platform-operator] [143e705b] 04:05:18.585 [main] INFO  c.h.p.o.HiveMQPlatformOperatorApplication - HiveMQ Platform Operator 1.7.0-SNAPSHOT (commit: 47e3375 on branch: HEAD) built on Thu Jan 30 03:55:50 UTC 2025
2025-01-30 04:05:18,594 INFO c.h.h.t.HelmChartContainer - [hivemq-test-hivemq-platform] [hivemq-platform-operator] [143e705b] 04:05:18.592 [main] INFO  c.h.p.o.HiveMQPlatformOperatorApplication - HiveMQ Platform Operator is running in namespace: helmwebsocketsit-operator
2025-01-30 04:05:18,594 INFO c.h.h.t.HelmChartContainer - [hivemq-test-hivemq-platform] [hivemq-platform-operator] [143e705b] 04:05:18.592 [main] INFO  c.h.p.o.HiveMQPlatformOperatorApplication - Watching all namespaces
2025-01-30 04:05:18,594 INFO c.h.h.t.HelmChartContainer - [hivemq-test-hivemq-platform] [hivemq-platform-operator] [143e705b] 04:05:18.592 [main] INFO  c.h.p.o.HiveMQPlatformOperatorApplication - Log level: DEBUG
2025-01-30 04:05:18,594 INFO c.h.h.t.HelmChartContainer - [hivemq-test-hivemq-platform] [hivemq-platform-operator] [143e705b] 04:05:18.593 [main] INFO  c.h.p.o.HiveMQPlatformOperatorApplication - Release name: test-hivemq-platform-operator
2025-01-30 04:05:18,594 INFO c.h.h.t.HelmChartContainer - [hivemq-test-hivemq-platform] [hivemq-platform-operator] [143e705b] 04:05:18.593 [main] INFO  c.h.p.o.HiveMQPlatformOperatorApplication - HiveMQ Platform Operator Init image: docker.io/hivemq/hivemq-platform-operator-init-test:snapshot
2025-01-30 04:05:18,595 INFO c.h.h.t.HelmChartContainer - [hivemq-test-hivemq-platform] [hivemq-platform-operator] [143e705b] 04:05:18.593 [main] INFO  c.h.p.o.HiveMQPlatformOperatorApplication - HiveMQ Platform Operator Init App update URL: http://hivemq-platform-operator-test-hivemq-platform-operator.helmwebsocketsit-operator.svc:8080/initAppUpdate/hivemq-platform-operator-init-app-1.7.0-SNAPSHOT.jar
2025-01-30 04:05:18,595 INFO c.h.h.t.HelmChartContainer - [hivemq-test-hivemq-platform] [hivemq-platform-operator] [143e705b] 04:05:18.593 [main] INFO  c.h.p.o.HiveMQPlatformOperatorApplication - Additional imagePullSecret for all Platform deployments: none
2025-01-30 04:05:18,595 INFO c.h.h.t.HelmChartContainer - [hivemq-test-hivemq-platform] [hivemq-platform-operator] [143e705b] 04:05:18.593 [main] INFO  c.h.p.o.HiveMQPlatformOperatorApplication - Apply HiveMQ Platform CRD: true
2025-01-30 04:05:18,595 INFO c.h.h.t.HelmChartContainer - [hivemq-test-hivemq-platform] [hivemq-platform-operator] [143e705b] 04:05:18.593 [main] INFO  c.h.p.o.HiveMQPlatformOperatorApplication - Create Platform ServiceAccount: true
2025-01-30 04:05:18,595 INFO c.h.h.t.HelmChartContainer - [hivemq-test-hivemq-platform] [hivemq-platform-operator] [143e705b] 04:05:18.593 [main] INFO  c.h.p.o.HiveMQPlatformOperatorApplication - Create Platform ServiceAccount permissions: true
2025-01-30 04:05:18,595 INFO c.h.h.t.HelmChartContainer - [hivemq-test-hivemq-platform] [hivemq-platform-operator] [143e705b] 04:05:18.593 [main] INFO  c.h.p.o.HiveMQPlatformOperatorApplication - Validate Platform ServiceAccount: true
2025-01-30 04:05:18,595 INFO c.h.h.t.HelmChartContainer - [hivemq-test-hivemq-platform] [hivemq-platform-operator] [143e705b] 04:05:18.593 [main] INFO  c.h.p.o.HiveMQPlatformOperatorApplication - Validate Platform ServiceAccount permissions: true
2025-01-30 04:05:18,775 INFO c.h.h.t.HelmChartContainer - [hivemq-test-hivemq-platform] [hivemq-platform-operator] [143e705b] 04:05:18.774 [main] INFO  c.h.platform.operator.util.CRDUtil - Verifying deployed HiveMQ Platform CRD...
2025-01-30 04:05:21,082 INFO c.h.h.t.HelmChartContainer - [hivemq-test-hivemq-platform] [hivemq-platform-operator] [143e705b] 04:05:21.080 [main] DEBUG c.h.platform.operator.util.CRDUtil - HiveMQ Platform CRD version v1 is up to date
2025-01-30 04:05:21,082 INFO c.h.h.t.HelmChartContainer - [hivemq-test-hivemq-platform] [hivemq-platform-operator] [143e705b] 04:05:21.080 [main] INFO  c.h.platform.operator.util.CRDUtil - HiveMQ Platform CRD is up to date (version: V1_6_0)
2025-01-30 04:05:21,083 INFO c.h.h.t.HelmChartContainer - [hivemq-test-hivemq-platform] [hivemq-platform-operator] [143e705b] 04:05:21.081 [main] INFO  c.h.platform.operator.util.CRDUtil - Waiting 10000 ms for HiveMQ Platform CRD 'hivemq-platforms.hivemq.com' to become ready...
2025-01-30 04:05:21,379 INFO c.h.h.t.HelmChartContainer - [hivemq-test-hivemq-platform] [hivemq-platform-operator] [143e705b] 04:05:21.378 [vert.x-eventloop-thread-1] DEBUG c.h.platform.operator.util.CRDUtil - Checking CRD condition 'NamesAccepted' (status: 'True')
2025-01-30 04:05:21,381 INFO c.h.h.t.HelmChartContainer - [hivemq-test-hivemq-platform] [hivemq-platform-operator] [143e705b] 04:05:21.378 [vert.x-eventloop-thread-1] DEBUG c.h.platform.operator.util.CRDUtil - Checking CRD condition 'Established' (status: 'True')
2025-01-30 04:05:21,381 INFO c.h.h.t.HelmChartContainer - [hivemq-test-hivemq-platform] [hivemq-platform-operator] [143e705b] 04:05:21.379 [main] INFO  c.h.platform.operator.util.CRDUtil - HiveMQ Platform CRD 'hivemq-platforms.hivemq.com' is ready
2025-01-30 04:05:21,498 INFO c.h.h.t.HelmChartContainer - [hivemq-test-hivemq-platform] [hivemq-platform-operator] [143e705b] 04:05:21.497 [main] INFO  c.h.p.o.HiveMQPlatformReconciler - HiveMQ Platform Operator is starting...
2025-01-30 04:05:21,598 INFO c.h.h.t.HelmChartContainer - [hivemq-test-hivemq-platform] [hivemq-platform-operator] [143e705b] 04:05:21.596 [main] WARN  Default ConfigurationService implementation - Configuration for reconciler 'hivemq-controller' was not found. Known reconcilers: None.
2025-01-30 04:05:21,678 INFO c.h.h.t.HelmChartContainer - [hivemq-test-hivemq-platform] [hivemq-platform-operator] [143e705b] 04:05:21.677 [main] INFO  Default ConfigurationService implementation - Created configuration for reconciler com.hivemq.platform.operator.HiveMQPlatformReconciler with name hivemq-controller
2025-01-30 04:05:21,779 INFO c.h.h.t.HelmChartContainer - [hivemq-test-hivemq-platform] [hivemq-platform-operator] [143e705b] 04:05:21.778 [main] DEBUG c.h.p.o.HiveMQPlatformReconciler - HiveMQ Platform Operator is preparing EventSources
2025-01-30 04:05:21,791 INFO c.h.h.t.HelmChartContainer - [hivemq-test-hivemq-platform] [hivemq-platform-operator] [143e705b] 04:05:21.790 [main] INFO  i.javaoperatorsdk.operator.Operator - Registered reconciler: 'hivemq-controller' for resource: 'class com.hivemq.platform.operator.v1.HiveMQPlatform' for namespace(s): [all namespaces]
2025-01-30 04:05:22,291 INFO c.h.h.t.HelmChartContainer - [hivemq-test-hivemq-platform] [hivemq-platform-operator] [143e705b] 04:05:22.290 [main] INFO  c.h.p.operator.webserver.JettyServer - Starting Jetty server on port 8080
2025-01-30 04:05:22,388 INFO c.h.h.t.HelmChartContainer - [hivemq-test-hivemq-platform] [hivemq-platform-operator] [143e705b] 04:05:22.387 [main] INFO  i.javaoperatorsdk.operator.Operator - Operator SDK 4.9.7 (commit: 2133d28) built on Wed Nov 20 12:56:20 UTC 2024 starting...
2025-01-30 04:05:22,389 INFO c.h.h.t.HelmChartContainer - [hivemq-test-hivemq-platform] [hivemq-platform-operator] [143e705b] 04:05:22.388 [main] INFO  i.javaoperatorsdk.operator.Operator - Client version: 6.13.5
2025-01-30 04:05:22,390 INFO c.h.h.t.HelmChartContainer - [hivemq-test-hivemq-platform] [hivemq-platform-operator] [143e705b] 04:05:22.389 [Controller Starter for: hivemq-controller] INFO  i.j.operator.processing.Controller - Starting 'hivemq-controller' controller for reconciler: com.hivemq.platform.operator.HiveMQPlatformReconciler, resource: com.hivemq.platform.operator.v1.HiveMQPlatform
2025-01-30 04:05:24,681 INFO c.h.h.t.HelmChartContainer - [hivemq-test-hivemq-platform] [hivemq-platform-operator] [143e705b] 04:05:24.680 [Controller Starter for: hivemq-controller] INFO  i.j.operator.processing.Controller - 'hivemq-controller' controller started
2025-01-30 04:05:24,682 INFO c.h.h.t.HelmChartContainer - [hivemq-test-hivemq-platform] [hivemq-platform-operator] [143e705b] 04:05:24.680 [main] INFO  c.h.p.o.HiveMQPlatformOperatorApplication - HiveMQ Platform Operator 1.7.0-SNAPSHOT started in 6095 ms
2025-01-30 04:05:26,760 INFO c.h.h.t.HelmChartContainer - [POD] hivemq-test-hivemq-platform-operator-6966f96d65-whlm9 [143e705b-0726-4091-9f82-895522fb2d93] in helmwebsocketsit-operator was MODIFIED
2025-01-30 04:05:26,767 INFO c.h.h.t.HelmChartContainer - [K3S] [replica_set.go:679] "Finished syncing" kind="ReplicaSet" key="helmwebsocketsit-operator/hivemq-test-hivemq-platform-operator-6966f96d65" duration="9.68865ms"
2025-01-30 04:05:26,767 INFO c.h.h.t.HelmChartContainer - [K3S] [replica_set.go:679] "Finished syncing" kind="ReplicaSet" key="helmwebsocketsit-operator/hivemq-test-hivemq-platform-operator-6966f96d65" duration="35.817µs"
2025-01-30 04:05:29,316 DEBUG c.h.helmcharts.util.CertificatesUtil - ....+......+++++++++++++++++++++++++++++++++++++++++++++++++++++++++++++++++*....+.........+......+...+......+++++++++++++++++++++++++++++++++++++++++++++++++++++++++++++++++*......+.....+...............+.........................+........+.+...+...+..+.+............+........+.+...+..+...............+.+.....+...+......+..........+.....+....+...............+...........+...+.+..............+............+...+.......+.....+.........+.......+.....+....+.........+......+...+...+...+..+.........+.........+......+...+.+......+.....+......+...+.+.........+..+.......+...+...+..+....+...+.....+.+..+...+.......+...+..............+......+.+....................+.........+.+...+...+...+.....+............+...........................+.+..+.............+......+......+.....+.........+..........+...+...........+......+.+............+.....+.+..+...+.+......+...+.....+....+..+..........+........+......+...............+............+...+................+...+........+....+...+........+.......+...+...+......+.....+...+......+....+.....+......+.+...........+...+.......+...+..+....+........+......+.......+.........+........+.+............+...+......+.....+...+...+.........+....+..+..........+..+.+......+...+...............+......+..+.......+......+.....+++++++++++++++++++++++++++++++++++++++++++++++++++++++++++++++++
2025-01-30 04:05:29,438 DEBUG c.h.helmcharts.util.CertificatesUtil - .....+........+.+......+.....+....+......+.....+.......+.....+.......+...+......+.....+.......+..+...+...+......+.+.......................+++++++++++++++++++++++++++++++++++++++++++++++++++++++++++++++++*.........+....+..+...+++++++++++++++++++++++++++++++++++++++++++++++++++++++++++++++++*....+.......+...............+..+...+............+.......+...+......+..+............................+.....+....+......+.........+..+....+...........+.+.....+.......+........+...+...................+...+..................+..+............+......+.+........+............+.+..+.+...........+.............+..+....+.........+...+.....+....+...........+.......+........+...+......+.+...+.....+..........+.....+......+.+..............+.............+..+......+............+.......+++++++++++++++++++++++++++++++++++++++++++++++++++++++++++++++++
2025-01-30 04:05:29,441 DEBUG c.h.helmcharts.util.CertificatesUtil - -----
2025-01-30 04:05:29,467 DEBUG c.h.helmcharts.util.CertificatesUtil - Certificate request self-signature ok
2025-01-30 04:05:29,467 DEBUG c.h.helmcharts.util.CertificatesUtil - subject=C = CA, CN = secure-service-platform.default.svc
2025-01-30 04:05:29,471 DEBUG c.h.helmcharts.util.CertificatesUtil - >> Generating keystore and truststore files
2025-01-30 04:05:29,602 DEBUG c.h.helmcharts.util.CertificatesUtil - Importing keystore key.pkcs12 to keystore.jks...
2025-01-30 04:05:29,718 DEBUG c.h.helmcharts.util.CertificatesUtil - Entry for alias 1 successfully imported.
2025-01-30 04:05:29,726 DEBUG c.h.helmcharts.util.CertificatesUtil - Import command completed:  1 entries successfully imported, 0 entries failed or cancelled
2025-01-30 04:05:29,740 DEBUG c.h.helmcharts.util.CertificatesUtil - 
2025-01-30 04:05:29,740 DEBUG c.h.helmcharts.util.CertificatesUtil - Warning:
2025-01-30 04:05:29,740 DEBUG c.h.helmcharts.util.CertificatesUtil - The JKS keystore uses a proprietary format. It is recommended to migrate to PKCS12 which is an industry standard format using "keytool -importkeystore -srckeystore keystore.jks -destkeystore keystore.jks -deststoretype pkcs12".
2025-01-30 04:05:29,987 DEBUG c.h.helmcharts.util.CertificatesUtil - Certificate stored in file <secure-service-platform.pem>
2025-01-30 04:05:30,157 DEBUG c.h.helmcharts.util.CertificatesUtil - Certificate was added to keystore
2025-01-30 04:05:30,550 DEBUG c.h.helmcharts.util.CertificatesUtil - Certificate was added to keystore
2025-01-30 04:05:30,811 DEBUG c.h.helmcharts.util.CertificatesUtil - >> Create client certificates
2025-01-30 04:05:30,857 DEBUG c.h.helmcharts.util.CertificatesUtil - ....+..........+...+...+......................................+.........+.+..+..........+..+++++++++++++++++++++++++++++++++++++++++++++++++++++++++++++++++*...+++++++++++++++++++++++++++++++++++++++++++++++++++++++++++++++++*....+..+......+.+..................+...+...+.........+..+...+...+...+.+...+......+......+++++++++++++++++++++++++++++++++++++++++++++++++++++++++++++++++
2025-01-30 04:05:30,977 DEBUG c.h.helmcharts.util.CertificatesUtil - .+...+....+..+++++++++++++++++++++++++++++++++++++++++++++++++++++++++++++++++*......+.....+..........+.....+.+............+..+...+.+......+++++++++++++++++++++++++++++++++++++++++++++++++++++++++++++++++*..+...+.........+.+......+...+......+.................+....+......+...+...............+...........+.........+.+.....+.............+...+..+...+.......+..+...+................+.....................+......+..+.......+...+.....+...+....+.........+.........+..+...............+...+.+.....+.......+...+.....+.+.....+....+...........+...+.+..+...+....+...........+.+......+.....+.......+...+.........+..............+.......+..+..........+..+.+...+......+++++++++++++++++++++++++++++++++++++++++++++++++++++++++++++++++
2025-01-30 04:05:30,980 DEBUG c.h.helmcharts.util.CertificatesUtil - -----
2025-01-30 04:05:31,006 DEBUG c.h.helmcharts.util.CertificatesUtil - >> Import the certificates
2025-01-30 04:05:31,324 DEBUG c.h.helmcharts.util.CertificatesUtil - Certificate was added to keystore
2025-01-30 04:05:31,520 DEBUG c.h.h.t.HelmChartContainer - Executing helm command: /bin/helm --kubeconfig /etc/rancher/k3s/k3s.yaml install test-hivemq-platform /charts/hivemq-platform --wait --timeout 5m0s --set image.repository=docker.io/hivemq --set image.tag=4.36.0 --set image.pullPolicy=Never --set nodes.resources.cpu=512m -f /files/tls-ws-values.yaml --namespace helmwebsocketsit
2025-01-30 04:05:31,750 INFO c.h.h.t.HelmChartContainer - [hivemq-test-hivemq-platform] [hivemq-platform-operator] [143e705b] 04:05:31.749 [-2082509879-pool-1-thread-3] WARN  i.m.p.PrometheusMeterRegistry - The meter (MeterId{name='operator.sdk.events.received', tags=[tag(action=ADDED),tag(event=ResourceEvent),tag(group=hivemq.com),tag(kind=HiveMQPlatform),tag(name=test-hivemq-platform),tag(namespace=helmwebsocketsit),tag(scope=namespace),tag(version=v1)]}) registration has failed: Prometheus requires that all meters with the same name have the same set of tag keys. There is already an existing meter named 'operator.sdk.events.received' containing tag keys [event, group, kind, name, namespace, scope, version]. The meter you are attempting to register has keys [action, event, group, kind, name, namespace, scope, version]. Note that subsequent logs will be logged at debug level.
2025-01-30 04:05:32,192 INFO c.h.h.t.HelmChartContainer - [hivemq-test-hivemq-platform] [hivemq-platform-operator] [143e705b] 04:05:32.190 [pool-6-thread-3] DEBUG c.h.p.o.dependants.PodInfoConfigMap - [helmwebs] Desired PodInfo ConfigMap (1 extensions) (1 enabled)
2025-01-30 04:05:32,193 INFO c.h.h.t.HelmChartContainer - [hivemq-test-hivemq-platform] [hivemq-platform-operator] [143e705b] 04:05:32.191 [pool-6-thread-3] DEBUG c.h.p.o.dependants.PodInfoConfigMap - [helmwebs] Desired PodInfo ConfigMap (metrics port: 9399) (metrics path: /)
2025-01-30 04:05:32,193 INFO c.h.h.t.HelmChartContainer - [hivemq-test-hivemq-platform] [hivemq-platform-operator] [143e705b] 04:05:32.191 [pool-6-thread-3] DEBUG c.h.p.o.dependants.PodInfoConfigMap - [helmwebs] Desired PodInfo ConfigMap (extension state hash: -1817474005)
2025-01-30 04:05:32,276 INFO c.h.h.t.HelmChartContainer - [hivemq-test-hivemq-platform] [hivemq-platform-operator] [143e705b] 04:05:32.274 [pool-6-thread-3] DEBUG c.h.p.o.dependants.PodInfoConfigMap - [helmwebs] Create PodInfo ConfigMap
2025-01-30 04:05:32,290 INFO c.h.h.t.HelmChartContainer - [hivemq-test-hivemq-platform] [hivemq-platform-operator] [143e705b] 04:05:32.287 [pool-6-thread-5] DEBUG c.h.p.o.dependants.PodRoleResource - [helmwebs] Create Role: Role(apiVersion=rbac.authorization.k8s.io/v1, kind=Role, metadata=ObjectMeta(annotations={meta.helm.sh/release-name=test-hivemq-platform, meta.helm.sh/release-namespace=helmwebsocketsit}, creationTimestamp=null, deletionGracePeriodSeconds=null, deletionTimestamp=null, finalizers=[], generateName=null, generation=null, labels={helm.sh/chart=hivemq-platform-0.2.32, app.kubernetes.io/managed-by=Helm, app.kubernetes.io/name=hivemq-platform, hivemq-platform=test-hivemq-platform, app.kubernetes.io/instance=test-hivemq-platform, app.kubernetes.io/version=4.36.0}, managedFields=[], name=hivemq-platform-role-test-hivemq-platform, namespace=helmwebsocketsit, ownerReferences=[OwnerReference(apiVersion=hivemq.com/v1, blockOwnerDeletion=null, controller=null, kind=HiveMQPlatform, name=test-hivemq-platform, uid=e6f44f53-2c8c-41eb-93b3-f6853c6bd416, additionalProperties={})], resourceVersion=null, selfLink=null, uid=null, additionalProperties={}), rules=[PolicyRule(apiGroups=[], nonResourceURLs=[], resourceNames=[], resources=[pods], verbs=[get, patch, update], additionalProperties={})], additionalProperties={})
2025-01-30 04:05:32,483 INFO c.h.h.t.HelmChartContainer - [hivemq-test-hivemq-platform] [hivemq-platform-operator] [143e705b] 04:05:32.481 [pool-6-thread-7] DEBUG c.h.p.o.d.PodServiceAccountResource - [helmwebs] Desired PodServiceAccountResource (serviceAccountName: hivemq-platform-pod-test-hivemq-platform)
2025-01-30 04:05:32,484 INFO c.h.h.t.HelmChartContainer - [hivemq-test-hivemq-platform] [hivemq-platform-operator] [143e705b] 04:05:32.482 [pool-6-thread-7] DEBUG c.h.p.o.d.PodServiceAccountResource - [helmwebs] Create ServiceAccount 'hivemq-platform-pod-test-hivemq-platform'
2025-01-30 04:05:32,590 INFO c.h.h.t.HelmChartContainer - [hivemq-test-hivemq-platform] [hivemq-platform-operator] [143e705b] 04:05:32.589 [pool-6-thread-10] DEBUG c.h.p.o.d.PodRoleBindingResource - [helmwebs] Create RoleBinding: RoleBinding(apiVersion=rbac.authorization.k8s.io/v1, kind=RoleBinding, metadata=ObjectMeta(annotations={meta.helm.sh/release-name=test-hivemq-platform, meta.helm.sh/release-namespace=helmwebsocketsit}, creationTimestamp=null, deletionGracePeriodSeconds=null, deletionTimestamp=null, finalizers=[], generateName=null, generation=null, labels={helm.sh/chart=hivemq-platform-0.2.32, app.kubernetes.io/managed-by=Helm, app.kubernetes.io/name=hivemq-platform, hivemq-platform=test-hivemq-platform, app.kubernetes.io/instance=test-hivemq-platform, app.kubernetes.io/version=4.36.0}, managedFields=[], name=hivemq-platform-role-binding-test-hivemq-platform, namespace=helmwebsocketsit, ownerReferences=[OwnerReference(apiVersion=hivemq.com/v1, blockOwnerDeletion=null, controller=null, kind=HiveMQPlatform, name=test-hivemq-platform, uid=e6f44f53-2c8c-41eb-93b3-f6853c6bd416, additionalProperties={})], resourceVersion=null, selfLink=null, uid=null, additionalProperties={}), roleRef=RoleRef(apiGroup=rbac.authorization.k8s.io, kind=Role, name=hivemq-platform-role-test-hivemq-platform, additionalProperties={}), subjects=[Subject(apiGroup=null, kind=ServiceAccount, name=hivemq-platform-pod-test-hivemq-platform, namespace=helmwebsocketsit, additionalProperties={})], additionalProperties={})
2025-01-30 04:05:32,677 INFO c.h.h.t.HelmChartContainer - [hivemq-test-hivemq-platform] [hivemq-platform-operator] [143e705b] 04:05:32.676 [ReconcilerExecutor-hivemq-controller-53] INFO  c.h.p.o.HiveMQPlatformReconciler - [helmwebs] Reconciling HiveMQ Platform 'test-hivemq-platform' in namespace 'helmwebsocketsit'
2025-01-30 04:05:32,678 INFO c.h.h.t.HelmChartContainer - [hivemq-test-hivemq-platform] [hivemq-platform-operator] [143e705b] 04:05:32.676 [ReconcilerExecutor-hivemq-controller-53] DEBUG c.h.p.o.HiveMQPlatformReconciler - [helmwebs] Custom Resource Status CREATED - HiveMQ Platform was created (READY)
2025-01-30 04:05:32,678 INFO c.h.h.t.HelmChartContainer - [hivemq-test-hivemq-platform] [hivemq-platform-operator] [143e705b] 04:05:32.676 [ReconcilerExecutor-hivemq-controller-53] DEBUG c.h.p.o.HiveMQPlatformReconciler - [helmwebs] Custom Resource Spec (replicas: 1) (extensions: 1)
2025-01-30 04:05:32,683 INFO c.h.h.t.HelmChartContainer - [hivemq-test-hivemq-platform] [hivemq-platform-operator] [143e705b] 04:05:32.682 [ReconcilerExecutor-hivemq-controller-53] INFO  c.h.p.o.h.HiveMQPlatformReconcilerBaseHandler - [helmwebs] HiveMQ Platform is starting
2025-01-30 04:05:32,791 INFO c.h.h.t.HelmChartContainer - [hivemq-test-hivemq-platform] [hivemq-platform-operator] [143e705b] 04:05:32.790 [ReconcilerExecutor-hivemq-controller-53] DEBUG c.h.p.operator.event.EventSender - [helmwebs] Creating K8s event hivemq-platform-starting: [Start] HiveMQ Platform is starting
2025-01-30 04:05:32,879 INFO c.h.h.t.HelmChartContainer - [EVENT] Normal [Start] HiveMQ Platform is starting [helmwebsocketsit:test-hivemq-platform]
2025-01-30 04:05:32,884 INFO c.h.h.t.HelmChartContainer - [hivemq-test-hivemq-platform] [hivemq-platform-operator] [143e705b] 04:05:32.883 [ReconcilerExecutor-hivemq-controller-53] INFO  c.h.p.o.h.AbstractHiveMQReconcilerStateHandler - [helmwebs] Update HiveMQ Platform Status (CREATED [READY] -> STARTING [READY]): HiveMQ Platform is starting
2025-01-30 04:05:32,984 DEBUG com.hivemq.helmcharts.util.K8sUtil - Comparing actual state 'STARTING' and waiting for 'RUNNING'
2025-01-30 04:05:42,995 INFO c.h.h.t.HelmChartContainer - [hivemq-test-hivemq-platform] [hivemq-platform-operator] [143e705b] 04:05:42.993 [pool-6-thread-12] DEBUG c.h.p.o.d.PlatformServiceResource - [helmwebs] Desired Platform services (4 services)
2025-01-30 04:05:42,998 INFO c.h.h.t.HelmChartContainer - [hivemq-test-hivemq-platform] [hivemq-platform-operator] [143e705b] 04:05:42.995 [pool-6-thread-13] DEBUG c.h.p.o.dependants.PodInfoConfigMap - [helmwebs] Desired PodInfo ConfigMap (1 extensions) (1 enabled)
2025-01-30 04:05:42,998 INFO c.h.h.t.HelmChartContainer - [hivemq-test-hivemq-platform] [hivemq-platform-operator] [143e705b] 04:05:42.995 [pool-6-thread-13] DEBUG c.h.p.o.dependants.PodInfoConfigMap - [helmwebs] Desired PodInfo ConfigMap (metrics port: 9399) (metrics path: /)
2025-01-30 04:05:42,998 INFO c.h.h.t.HelmChartContainer - [hivemq-test-hivemq-platform] [hivemq-platform-operator] [143e705b] 04:05:42.995 [pool-6-thread-13] DEBUG c.h.p.o.dependants.PodInfoConfigMap - [helmwebs] Desired PodInfo ConfigMap (extension state hash: -1817474005)
2025-01-30 04:05:42,999 INFO c.h.h.t.HelmChartContainer - [hivemq-test-hivemq-platform] [hivemq-platform-operator] [143e705b] 04:05:42.998 [pool-6-thread-17] DEBUG c.h.p.o.d.PodServiceAccountResource - [helmwebs] Desired PodServiceAccountResource (serviceAccountName: hivemq-platform-pod-test-hivemq-platform)
2025-01-30 04:05:43,080 INFO c.h.h.t.HelmChartContainer - [hivemq-test-hivemq-platform] [hivemq-platform-operator] [143e705b] 04:05:43.076 [pool-6-thread-13] DEBUG c.h.p.o.dependants.PodInfoConfigMap - [helmwebs] Update PodInfo ConfigMap
2025-01-30 04:05:43,084 INFO c.h.h.t.HelmChartContainer - [K3S] [alloc.go:330] "allocated clusterIPs" service="helmwebsocketsit/hivemq-test-hivemq-platform-metrics-9399" clusterIPs={"IPv4":"10.43.77.218"}
2025-01-30 04:05:43,183 INFO c.h.h.t.HelmChartContainer - [K3S] [alloc.go:330] "allocated clusterIPs" service="helmwebsocketsit/hivemq-test-hivemq-platform-ws-8004" clusterIPs={"IPv4":"10.43.233.181"}
2025-01-30 04:05:43,195 INFO c.h.h.t.HelmChartContainer - [K3S] [alloc.go:330] "allocated clusterIPs" service="helmwebsocketsit/hivemq-test-hivemq-platform-ws-8003" clusterIPs={"IPv4":"10.43.69.121"}
2025-01-30 04:05:43,282 INFO c.h.h.t.HelmChartContainer - [K3S] [alloc.go:330] "allocated clusterIPs" service="helmwebsocketsit/hivemq-test-hivemq-platform-ws-8002" clusterIPs={"IPv4":"10.43.206.167"}
2025-01-30 04:05:43,289 INFO c.h.h.t.HelmChartContainer - [hivemq-test-hivemq-platform] [hivemq-platform-operator] [143e705b] 04:05:43.287 [pool-6-thread-20] DEBUG c.h.p.o.d.StatefulSetResource - [helmwebs] Desired StatefulSet (1 replicas) for status STARTING (READY)
2025-01-30 04:05:43,386 INFO c.h.h.t.HelmChartContainer - [hivemq-test-hivemq-platform] [hivemq-platform-operator] [143e705b] 04:05:43.384 [pool-6-thread-20] DEBUG c.h.p.o.d.StatefulSetResource - [helmwebs] Create StatefulSet
2025-01-30 04:05:43,489 INFO c.h.h.t.HelmChartContainer - [hivemq-test-hivemq-platform] [hivemq-platform-operator] [143e705b] 04:05:43.488 [ReconcilerExecutor-hivemq-controller-64] INFO  c.h.p.o.HiveMQPlatformReconciler - [helmwebs] Reconciling HiveMQ Platform 'test-hivemq-platform' in namespace 'helmwebsocketsit'
2025-01-30 04:05:43,490 INFO c.h.h.t.HelmChartContainer - [hivemq-test-hivemq-platform] [hivemq-platform-operator] [143e705b] 04:05:43.488 [ReconcilerExecutor-hivemq-controller-64] DEBUG c.h.p.o.HiveMQPlatformReconciler - [helmwebs] Custom Resource Status STARTING - HiveMQ Platform is starting (READY)
2025-01-30 04:05:43,490 INFO c.h.h.t.HelmChartContainer - [hivemq-test-hivemq-platform] [hivemq-platform-operator] [143e705b] 04:05:43.488 [ReconcilerExecutor-hivemq-controller-64] DEBUG c.h.p.o.HiveMQPlatformReconciler - [helmwebs] Custom Resource Spec (replicas: 1) (extensions: 1)
2025-01-30 04:05:43,497 INFO c.h.h.t.HelmChartContainer - [POD] test-hivemq-platform-0 [fb67b5e8-5174-479b-b8bc-61e9f1e2cb48] in helmwebsocketsit was ADDED
2025-01-30 04:05:43,500 INFO c.h.h.t.HelmChartContainer - [EVENT] Normal [SuccessfulCreate] create Pod test-hivemq-platform-0 in StatefulSet test-hivemq-platform successful [helmwebsocketsit:test-hivemq-platform]
2025-01-30 04:05:43,502 INFO c.h.h.t.HelmChartContainer - [POD] test-hivemq-platform-0 [fb67b5e8-5174-479b-b8bc-61e9f1e2cb48] in helmwebsocketsit was MODIFIED
2025-01-30 04:05:43,507 INFO c.h.h.t.HelmChartContainer - [EVENT] Normal [Scheduled] Successfully assigned helmwebsocketsit/test-hivemq-platform-0 to ac12081e87d3 [helmwebsocketsit:test-hivemq-platform-0]
2025-01-30 04:05:43,517 INFO c.h.h.t.HelmChartContainer - [POD] test-hivemq-platform-0 [fb67b5e8-5174-479b-b8bc-61e9f1e2cb48] in helmwebsocketsit was MODIFIED
2025-01-30 04:05:43,579 INFO c.h.h.t.HelmChartContainer - [hivemq-test-hivemq-platform] [hivemq-platform-operator] [143e705b] 04:05:43.576 [ReconcilerExecutor-hivemq-controller-64] DEBUG c.h.p.o.HiveMQPlatformReconciler - [helmwebs] StatefulSet Status (revision: null, replicas: 0, available: 0, ready: 0, current: 0, updated: 0)
2025-01-30 04:05:43,579 INFO c.h.h.t.HelmChartContainer - [hivemq-test-hivemq-platform] [hivemq-platform-operator] [143e705b] 04:05:43.577 [ReconcilerExecutor-hivemq-controller-64] DEBUG c.h.p.o.HiveMQPlatformReconciler - [helmwebs] StatefulSet Spec (replicas: 1, init containers: 1, containers: 1, volumes: 7)
2025-01-30 04:05:43,603 INFO c.h.h.t.HelmChartContainer - [K3S] [reconciler_common.go:251] "operationExecutor.VerifyControllerAttachedVolume started for volume \"operator-init\" (UniqueName: \"kubernetes.io/empty-dir/fb67b5e8-5174-479b-b8bc-61e9f1e2cb48-operator-init\") pod \"test-hivemq-platform-0\" (UID: \"fb67b5e8-5174-479b-b8bc-61e9f1e2cb48\") " pod="helmwebsocketsit/test-hivemq-platform-0"
2025-01-30 04:05:43,604 INFO c.h.h.t.HelmChartContainer - [K3S] [reconciler_common.go:251] "operationExecutor.VerifyControllerAttachedVolume started for volume \"ws-keystore-8003\" (UniqueName: \"kubernetes.io/secret/fb67b5e8-5174-479b-b8bc-61e9f1e2cb48-ws-keystore-8003\") pod \"test-hivemq-platform-0\" (UID: \"fb67b5e8-5174-479b-b8bc-61e9f1e2cb48\") " pod="helmwebsocketsit/test-hivemq-platform-0"
2025-01-30 04:05:43,604 INFO c.h.h.t.HelmChartContainer - [K3S] [reconciler_common.go:251] "operationExecutor.VerifyControllerAttachedVolume started for volume \"broker-configuration\" (UniqueName: \"kubernetes.io/configmap/fb67b5e8-5174-479b-b8bc-61e9f1e2cb48-broker-configuration\") pod \"test-hivemq-platform-0\" (UID: \"fb67b5e8-5174-479b-b8bc-61e9f1e2cb48\") " pod="helmwebsocketsit/test-hivemq-platform-0"
2025-01-30 04:05:43,604 INFO c.h.h.t.HelmChartContainer - [K3S] [reconciler_common.go:251] "operationExecutor.VerifyControllerAttachedVolume started for volume \"kube-api-access-4xkgv\" (UniqueName: \"kubernetes.io/projected/fb67b5e8-5174-479b-b8bc-61e9f1e2cb48-kube-api-access-4xkgv\") pod \"test-hivemq-platform-0\" (UID: \"fb67b5e8-5174-479b-b8bc-61e9f1e2cb48\") " pod="helmwebsocketsit/test-hivemq-platform-0"
2025-01-30 04:05:43,604 INFO c.h.h.t.HelmChartContainer - [K3S] [reconciler_common.go:251] "operationExecutor.VerifyControllerAttachedVolume started for volume \"ws-truststore-8003\" (UniqueName: \"kubernetes.io/secret/fb67b5e8-5174-479b-b8bc-61e9f1e2cb48-ws-truststore-8003\") pod \"test-hivemq-platform-0\" (UID: \"fb67b5e8-5174-479b-b8bc-61e9f1e2cb48\") " pod="helmwebsocketsit/test-hivemq-platform-0"
2025-01-30 04:05:43,604 INFO c.h.h.t.HelmChartContainer - [K3S] [reconciler_common.go:251] "operationExecutor.VerifyControllerAttachedVolume started for volume \"ws-keystore-8004\" (UniqueName: \"kubernetes.io/secret/fb67b5e8-5174-479b-b8bc-61e9f1e2cb48-ws-keystore-8004\") pod \"test-hivemq-platform-0\" (UID: \"fb67b5e8-5174-479b-b8bc-61e9f1e2cb48\") " pod="helmwebsocketsit/test-hivemq-platform-0"
2025-01-30 04:05:43,604 INFO c.h.h.t.HelmChartContainer - [K3S] [reconciler_common.go:251] "operationExecutor.VerifyControllerAttachedVolume started for volume \"pod-info\" (UniqueName: \"kubernetes.io/configmap/fb67b5e8-5174-479b-b8bc-61e9f1e2cb48-pod-info\") pod \"test-hivemq-platform-0\" (UID: \"fb67b5e8-5174-479b-b8bc-61e9f1e2cb48\") " pod="helmwebsocketsit/test-hivemq-platform-0"
2025-01-30 04:05:43,604 INFO c.h.h.t.HelmChartContainer - [K3S] [reconciler_common.go:251] "operationExecutor.VerifyControllerAttachedVolume started for volume \"ws-truststore-8004\" (UniqueName: \"kubernetes.io/secret/fb67b5e8-5174-479b-b8bc-61e9f1e2cb48-ws-truststore-8004\") pod \"test-hivemq-platform-0\" (UID: \"fb67b5e8-5174-479b-b8bc-61e9f1e2cb48\") " pod="helmwebsocketsit/test-hivemq-platform-0"
2025-01-30 04:05:43,676 INFO c.h.h.t.HelmChartContainer - [hivemq-test-hivemq-platform] [hivemq-platform-operator] [143e705b] 04:05:43.674 [ReconcilerExecutor-hivemq-controller-64] DEBUG c.h.p.o.h.HiveMQPlatformReconcilerErrorHandler - [helmwebs] Pod 'test-hivemq-platform-0' phase Pending
2025-01-30 04:05:43,678 INFO c.h.h.t.HelmChartContainer - [hivemq-test-hivemq-platform] [hivemq-platform-operator] [143e705b] 04:05:43.677 [ReconcilerExecutor-hivemq-controller-64] INFO  c.h.p.o.h.HiveMQPlatformReconcilerBaseHandler - [helmwebs] HiveMQ Platform is starting, 0 of 1 replicas are ready
2025-01-30 04:05:43,688 INFO c.h.h.t.HelmChartContainer - [hivemq-test-hivemq-platform] [hivemq-platform-operator] [143e705b] 04:05:43.685 [pool-6-thread-22] DEBUG c.h.p.o.d.PlatformServiceResource - [helmwebs] Desired Platform services (4 services)
2025-01-30 04:05:43,689 INFO c.h.h.t.HelmChartContainer - [hivemq-test-hivemq-platform] [hivemq-platform-operator] [143e705b] 04:05:43.687 [pool-6-thread-23] DEBUG c.h.p.o.dependants.PodInfoConfigMap - [helmwebs] Desired PodInfo ConfigMap (1 extensions) (1 enabled)
2025-01-30 04:05:43,689 INFO c.h.h.t.HelmChartContainer - [hivemq-test-hivemq-platform] [hivemq-platform-operator] [143e705b] 04:05:43.687 [pool-6-thread-23] DEBUG c.h.p.o.dependants.PodInfoConfigMap - [helmwebs] Desired PodInfo ConfigMap (metrics port: 9399) (metrics path: /)
2025-01-30 04:05:43,689 INFO c.h.h.t.HelmChartContainer - [hivemq-test-hivemq-platform] [hivemq-platform-operator] [143e705b] 04:05:43.687 [pool-6-thread-23] DEBUG c.h.p.o.dependants.PodInfoConfigMap - [helmwebs] Desired PodInfo ConfigMap (extension state hash: -1817474005)
2025-01-30 04:05:43,778 INFO c.h.h.t.HelmChartContainer - [hivemq-test-hivemq-platform] [hivemq-platform-operator] [143e705b] 04:05:43.775 [pool-6-thread-27] DEBUG c.h.p.o.d.PodServiceAccountResource - [helmwebs] Desired PodServiceAccountResource (serviceAccountName: hivemq-platform-pod-test-hivemq-platform)
2025-01-30 04:05:43,783 INFO c.h.h.t.HelmChartContainer - [hivemq-test-hivemq-platform] [hivemq-platform-operator] [143e705b] 04:05:43.782 [pool-6-thread-30] DEBUG c.h.p.o.d.StatefulSetResource - [helmwebs] Desired StatefulSet (1 replicas) for status STARTING (READY)
2025-01-30 04:05:43,880 INFO c.h.h.t.HelmChartContainer - [hivemq-test-hivemq-platform] [hivemq-platform-operator] [143e705b] 04:05:43.878 [ReconcilerExecutor-hivemq-controller-77] INFO  c.h.p.o.HiveMQPlatformReconciler - [helmwebs] Reconciling HiveMQ Platform 'test-hivemq-platform' in namespace 'helmwebsocketsit'
2025-01-30 04:05:43,880 INFO c.h.h.t.HelmChartContainer - [hivemq-test-hivemq-platform] [hivemq-platform-operator] [143e705b] 04:05:43.879 [ReconcilerExecutor-hivemq-controller-77] DEBUG c.h.p.o.HiveMQPlatformReconciler - [helmwebs] Custom Resource Status STARTING - HiveMQ Platform is starting (READY)
2025-01-30 04:05:43,880 INFO c.h.h.t.HelmChartContainer - [hivemq-test-hivemq-platform] [hivemq-platform-operator] [143e705b] 04:05:43.879 [ReconcilerExecutor-hivemq-controller-77] DEBUG c.h.p.o.HiveMQPlatformReconciler - [helmwebs] Custom Resource Spec (replicas: 1) (extensions: 1)
2025-01-30 04:05:43,886 INFO c.h.h.t.HelmChartContainer - [hivemq-test-hivemq-platform] [hivemq-platform-operator] [143e705b] 04:05:43.884 [ReconcilerExecutor-hivemq-controller-77] DEBUG c.h.p.o.HiveMQPlatformReconciler - [helmwebs] StatefulSet Status (revision: test-hivemq-platform-5648bbf7bc, replicas: 1, available: 0, ready: 0, current: 1, updated: 1)
2025-01-30 04:05:43,886 INFO c.h.h.t.HelmChartContainer - [hivemq-test-hivemq-platform] [hivemq-platform-operator] [143e705b] 04:05:43.885 [ReconcilerExecutor-hivemq-controller-77] DEBUG c.h.p.o.HiveMQPlatformReconciler - [helmwebs] StatefulSet Spec (replicas: 1, init containers: 1, containers: 1, volumes: 7)
2025-01-30 04:05:43,897 INFO c.h.h.t.HelmChartContainer - [EVENT] Normal [Pulled] Container image "docker.io/hivemq/hivemq-platform-operator-init-test:snapshot" already present on machine [helmwebsocketsit:test-hivemq-platform-0]
2025-01-30 04:05:43,900 INFO c.h.h.t.HelmChartContainer - [hivemq-test-hivemq-platform] [hivemq-platform-operator] [143e705b] 04:05:43.898 [ReconcilerExecutor-hivemq-controller-77] DEBUG c.h.p.o.h.HiveMQPlatformReconcilerErrorHandler - [helmwebs] Pod 'test-hivemq-platform-0' phase Pending
2025-01-30 04:05:43,901 INFO c.h.h.t.HelmChartContainer - [hivemq-test-hivemq-platform] [hivemq-platform-operator] [143e705b] 04:05:43.898 [ReconcilerExecutor-hivemq-controller-77] DEBUG c.h.p.o.h.HiveMQPlatformReconcilerErrorHandler - [helmwebs] Pod 'test-hivemq-platform-0' condition 'PodReadyToStartContainers': False
2025-01-30 04:05:43,901 INFO c.h.h.t.HelmChartContainer - [hivemq-test-hivemq-platform] [hivemq-platform-operator] [143e705b] 04:05:43.899 [ReconcilerExecutor-hivemq-controller-77] DEBUG c.h.p.o.h.HiveMQPlatformReconcilerErrorHandler - [helmwebs] Pod 'test-hivemq-platform-0' condition 'Initialized': False
2025-01-30 04:05:43,901 INFO c.h.h.t.HelmChartContainer - [hivemq-test-hivemq-platform] [hivemq-platform-operator] [143e705b] 04:05:43.899 [ReconcilerExecutor-hivemq-controller-77] DEBUG c.h.p.o.h.HiveMQPlatformReconcilerErrorHandler - [helmwebs] Pod 'test-hivemq-platform-0' condition 'Ready': False
2025-01-30 04:05:43,902 INFO c.h.h.t.HelmChartContainer - [hivemq-test-hivemq-platform] [hivemq-platform-operator] [143e705b] 04:05:43.899 [ReconcilerExecutor-hivemq-controller-77] DEBUG c.h.p.o.h.HiveMQPlatformReconcilerErrorHandler - [helmwebs] Pod 'test-hivemq-platform-0' condition 'ContainersReady': False
2025-01-30 04:05:43,902 INFO c.h.h.t.HelmChartContainer - [hivemq-test-hivemq-platform] [hivemq-platform-operator] [143e705b] 04:05:43.899 [ReconcilerExecutor-hivemq-controller-77] DEBUG c.h.p.o.h.HiveMQPlatformReconcilerErrorHandler - [helmwebs] Pod 'test-hivemq-platform-0' condition 'PodScheduled': True
2025-01-30 04:05:43,902 INFO c.h.h.t.HelmChartContainer - [hivemq-test-hivemq-platform] [hivemq-platform-operator] [143e705b] 04:05:43.899 [ReconcilerExecutor-hivemq-controller-77] DEBUG c.h.p.o.h.HiveMQPlatformReconcilerErrorHandler - [helmwebs] Pod 'test-hivemq-platform-0' containerStatus 'hivemq' (started: false) (ready: false) (waiting: [PodInitializing] null)
2025-01-30 04:05:43,902 INFO c.h.h.t.HelmChartContainer - [hivemq-test-hivemq-platform] [hivemq-platform-operator] [143e705b] 04:05:43.901 [ReconcilerExecutor-hivemq-controller-77] INFO  c.h.p.o.h.HiveMQPlatformReconcilerBaseHandler - [helmwebs] HiveMQ Platform is starting, 0 of 1 replicas are ready
2025-01-30 04:05:44,013 INFO c.h.h.t.HelmChartContainer - [EVENT] Normal [Created] Created container: hivemq-platform-operator-init [helmwebsocketsit:test-hivemq-platform-0]
2025-01-30 04:05:44,050 INFO c.h.h.t.HelmChartContainer - [EVENT] Normal [Started] Started container hivemq-platform-operator-init [helmwebsocketsit:test-hivemq-platform-0]
2025-01-30 04:05:44,787 INFO c.h.h.t.HelmChartContainer - [EVENT] Normal [Pulled] Container image "docker.io/hivemq/hivemq4:4.36.0" already present on machine [helmwebsocketsit:test-hivemq-platform-0]
2025-01-30 04:05:44,788 INFO c.h.h.t.HelmChartContainer - Received Pulled event for container hivemq in pod test-hivemq-platform-0 [fb67b5e8-5174-479b-b8bc-61e9f1e2cb48]
2025-01-30 04:05:44,799 INFO c.h.h.t.HelmChartContainer - [POD] test-hivemq-platform-0 [fb67b5e8-5174-479b-b8bc-61e9f1e2cb48] in helmwebsocketsit was MODIFIED
2025-01-30 04:05:44,825 INFO c.h.h.t.HelmChartContainer - [hivemq-test-hivemq-platform] [hivemq-platform-operator] [143e705b] 04:05:44.820 [pool-6-thread-32] DEBUG c.h.p.o.d.PlatformServiceResource - [helmwebs] Desired Platform services (4 services)
2025-01-30 04:05:44,825 INFO c.h.h.t.HelmChartContainer - [hivemq-test-hivemq-platform] [hivemq-platform-operator] [143e705b] 04:05:44.822 [pool-6-thread-37] DEBUG c.h.p.o.d.PodServiceAccountResource - [helmwebs] Desired PodServiceAccountResource (serviceAccountName: hivemq-platform-pod-test-hivemq-platform)
2025-01-30 04:05:44,828 INFO c.h.h.t.HelmChartContainer - [hivemq-test-hivemq-platform] [hivemq-platform-operator] [143e705b] 04:05:44.825 [pool-6-thread-33] DEBUG c.h.p.o.dependants.PodInfoConfigMap - [helmwebs] Desired PodInfo ConfigMap (1 extensions) (1 enabled)
2025-01-30 04:05:44,828 INFO c.h.h.t.HelmChartContainer - [hivemq-test-hivemq-platform] [hivemq-platform-operator] [143e705b] 04:05:44.825 [pool-6-thread-33] DEBUG c.h.p.o.dependants.PodInfoConfigMap - [helmwebs] Desired PodInfo ConfigMap (metrics port: 9399) (metrics path: /)
2025-01-30 04:05:44,828 INFO c.h.h.t.HelmChartContainer - [hivemq-test-hivemq-platform] [hivemq-platform-operator] [143e705b] 04:05:44.825 [pool-6-thread-33] DEBUG c.h.p.o.dependants.PodInfoConfigMap - [helmwebs] Desired PodInfo ConfigMap (extension state hash: -1817474005)
2025-01-30 04:05:44,877 INFO c.h.h.t.HelmChartContainer - [hivemq-test-hivemq-platform] [hivemq-platform-operator] [143e705b] 04:05:44.875 [pool-6-thread-40] DEBUG c.h.p.o.d.StatefulSetResource - [helmwebs] Desired StatefulSet (1 replicas) for status STARTING (READY)
2025-01-30 04:05:44,887 INFO c.h.h.t.HelmChartContainer - [hivemq-test-hivemq-platform] [hivemq-platform-operator] [143e705b] 04:05:44.886 [ReconcilerExecutor-hivemq-controller-88] INFO  c.h.p.o.HiveMQPlatformReconciler - [helmwebs] Reconciling HiveMQ Platform 'test-hivemq-platform' in namespace 'helmwebsocketsit'
2025-01-30 04:05:44,888 INFO c.h.h.t.HelmChartContainer - [hivemq-test-hivemq-platform] [hivemq-platform-operator] [143e705b] 04:05:44.887 [ReconcilerExecutor-hivemq-controller-88] DEBUG c.h.p.o.HiveMQPlatformReconciler - [helmwebs] Custom Resource Status STARTING - HiveMQ Platform is starting (READY)
2025-01-30 04:05:44,889 INFO c.h.h.t.HelmChartContainer - [hivemq-test-hivemq-platform] [hivemq-platform-operator] [143e705b] 04:05:44.888 [ReconcilerExecutor-hivemq-controller-88] DEBUG c.h.p.o.HiveMQPlatformReconciler - [helmwebs] Custom Resource Spec (replicas: 1) (extensions: 1)
2025-01-30 04:05:44,893 INFO c.h.h.t.HelmChartContainer - [hivemq-test-hivemq-platform] [hivemq-platform-operator] [143e705b] 04:05:44.891 [ReconcilerExecutor-hivemq-controller-88] DEBUG c.h.p.o.HiveMQPlatformReconciler - [helmwebs] StatefulSet Status (revision: test-hivemq-platform-5648bbf7bc, replicas: 1, available: 0, ready: 0, current: 1, updated: 1)
2025-01-30 04:05:44,893 INFO c.h.h.t.HelmChartContainer - [hivemq-test-hivemq-platform] [hivemq-platform-operator] [143e705b] 04:05:44.891 [ReconcilerExecutor-hivemq-controller-88] DEBUG c.h.p.o.HiveMQPlatformReconciler - [helmwebs] StatefulSet Spec (replicas: 1, init containers: 1, containers: 1, volumes: 7)
2025-01-30 04:05:44,977 INFO c.h.h.t.HelmChartContainer - [hivemq-test-hivemq-platform] [hivemq-platform-operator] [143e705b] 04:05:44.974 [ReconcilerExecutor-hivemq-controller-88] DEBUG c.h.p.o.h.HiveMQPlatformReconcilerErrorHandler - [helmwebs] Pod 'test-hivemq-platform-0' phase Pending
2025-01-30 04:05:44,977 INFO c.h.h.t.HelmChartContainer - [hivemq-test-hivemq-platform] [hivemq-platform-operator] [143e705b] 04:05:44.974 [ReconcilerExecutor-hivemq-controller-88] DEBUG c.h.p.o.h.HiveMQPlatformReconcilerErrorHandler - [helmwebs] Pod 'test-hivemq-platform-0' condition 'PodReadyToStartContainers': True
2025-01-30 04:05:44,977 INFO c.h.h.t.HelmChartContainer - [hivemq-test-hivemq-platform] [hivemq-platform-operator] [143e705b] 04:05:44.974 [ReconcilerExecutor-hivemq-controller-88] DEBUG c.h.p.o.h.HiveMQPlatformReconcilerErrorHandler - [helmwebs] Pod 'test-hivemq-platform-0' condition 'Initialized': True
2025-01-30 04:05:44,977 INFO c.h.h.t.HelmChartContainer - [hivemq-test-hivemq-platform] [hivemq-platform-operator] [143e705b] 04:05:44.974 [ReconcilerExecutor-hivemq-controller-88] DEBUG c.h.p.o.h.HiveMQPlatformReconcilerErrorHandler - [helmwebs] Pod 'test-hivemq-platform-0' condition 'Ready': False
2025-01-30 04:05:44,977 INFO c.h.h.t.HelmChartContainer - [hivemq-test-hivemq-platform] [hivemq-platform-operator] [143e705b] 04:05:44.974 [ReconcilerExecutor-hivemq-controller-88] DEBUG c.h.p.o.h.HiveMQPlatformReconcilerErrorHandler - [helmwebs] Pod 'test-hivemq-platform-0' condition 'ContainersReady': False
2025-01-30 04:05:44,977 INFO c.h.h.t.HelmChartContainer - [hivemq-test-hivemq-platform] [hivemq-platform-operator] [143e705b] 04:05:44.974 [ReconcilerExecutor-hivemq-controller-88] DEBUG c.h.p.o.h.HiveMQPlatformReconcilerErrorHandler - [helmwebs] Pod 'test-hivemq-platform-0' condition 'PodScheduled': True
2025-01-30 04:05:44,977 INFO c.h.h.t.HelmChartContainer - [hivemq-test-hivemq-platform] [hivemq-platform-operator] [143e705b] 04:05:44.974 [ReconcilerExecutor-hivemq-controller-88] DEBUG c.h.p.o.h.HiveMQPlatformReconcilerErrorHandler - [helmwebs] Pod 'test-hivemq-platform-0' containerStatus 'hivemq' (started: false) (ready: false) (waiting: [PodInitializing] null)
2025-01-30 04:05:44,977 INFO c.h.h.t.HelmChartContainer - [hivemq-test-hivemq-platform] [hivemq-platform-operator] [143e705b] 04:05:44.976 [ReconcilerExecutor-hivemq-controller-88] INFO  c.h.p.o.h.HiveMQPlatformReconcilerBaseHandler - [helmwebs] HiveMQ Platform is starting, 0 of 1 replicas are ready
2025-01-30 04:05:46,037 INFO c.h.h.t.HelmChartContainer - [EVENT] Normal [Created] Created container: hivemq [helmwebsocketsit:test-hivemq-platform-0]
2025-01-30 04:05:46,038 INFO c.h.h.t.HelmChartContainer - Received Created event for container hivemq in pod test-hivemq-platform-0 [fb67b5e8-5174-479b-b8bc-61e9f1e2cb48]
2025-01-30 04:05:46,428 INFO c.h.h.t.HelmChartContainer - [K3S] [scope.go:117] "RemoveContainer" containerID="317d24bf1e8240be296e7a6b45a4d9f50cd644afe4cd398fa64fce88465ed8b7"
2025-01-30 04:05:46,805 INFO c.h.h.t.HelmChartContainer - [POD] test-hivemq-platform-0 [fb67b5e8-5174-479b-b8bc-61e9f1e2cb48] in helmwebsocketsit was MODIFIED
2025-01-30 04:05:46,823 INFO c.h.h.t.HelmChartContainer - Started log watcher for hivemq in pod test-hivemq-platform-0 [fb67b5e8-5174-479b-b8bc-61e9f1e2cb48]
2025-01-30 04:05:46,823 INFO c.h.h.t.HelmChartContainer - [EVENT] Normal [Started] Started container hivemq [helmwebsocketsit:test-hivemq-platform-0]
2025-01-30 04:05:46,823 INFO c.h.h.t.HelmChartContainer - Received Started event for container hivemq in pod test-hivemq-platform-0 [fb67b5e8-5174-479b-b8bc-61e9f1e2cb48]
2025-01-30 04:05:46,824 INFO c.h.h.t.HelmChartContainer - [test-hivemq-platform] [hivemq] [fb67b5e8] Adding pre-installed HiveMQ Platform Operator extensions
2025-01-30 04:05:46,824 INFO c.h.h.t.HelmChartContainer - [test-hivemq-platform] [hivemq] [fb67b5e8] Running as user 10000
2025-01-30 04:05:46,824 INFO c.h.h.t.HelmChartContainer - [test-hivemq-platform] [hivemq] [fb67b5e8] Starting HiveMQ Platform Operator Init
2025-01-30 04:05:46,827 INFO c.h.h.t.HelmChartContainer - [hivemq-test-hivemq-platform] [hivemq-platform-operator] [143e705b] 04:05:46.825 [pool-6-thread-42] DEBUG c.h.p.o.d.PlatformServiceResource - [helmwebs] Desired Platform services (4 services)
2025-01-30 04:05:46,835 INFO c.h.h.t.HelmChartContainer - [hivemq-test-hivemq-platform] [hivemq-platform-operator] [143e705b] 04:05:46.832 [pool-6-thread-43] DEBUG c.h.p.o.dependants.PodInfoConfigMap - [helmwebs] Desired PodInfo ConfigMap (1 extensions) (1 enabled)
2025-01-30 04:05:46,835 INFO c.h.h.t.HelmChartContainer - [hivemq-test-hivemq-platform] [hivemq-platform-operator] [143e705b] 04:05:46.832 [pool-6-thread-43] DEBUG c.h.p.o.dependants.PodInfoConfigMap - [helmwebs] Desired PodInfo ConfigMap (metrics port: 9399) (metrics path: /)
2025-01-30 04:05:46,835 INFO c.h.h.t.HelmChartContainer - [hivemq-test-hivemq-platform] [hivemq-platform-operator] [143e705b] 04:05:46.832 [pool-6-thread-43] DEBUG c.h.p.o.dependants.PodInfoConfigMap - [helmwebs] Desired PodInfo ConfigMap (extension state hash: -1817474005)
2025-01-30 04:05:46,840 INFO c.h.h.t.HelmChartContainer - [hivemq-test-hivemq-platform] [hivemq-platform-operator] [143e705b] 04:05:46.839 [pool-6-thread-47] DEBUG c.h.p.o.d.PodServiceAccountResource - [helmwebs] Desired PodServiceAccountResource (serviceAccountName: hivemq-platform-pod-test-hivemq-platform)
2025-01-30 04:05:46,886 INFO c.h.h.t.HelmChartContainer - [hivemq-test-hivemq-platform] [hivemq-platform-operator] [143e705b] 04:05:46.884 [pool-6-thread-50] DEBUG c.h.p.o.d.StatefulSetResource - [helmwebs] Desired StatefulSet (1 replicas) for status STARTING (READY)
2025-01-30 04:05:46,895 INFO c.h.h.t.HelmChartContainer - [hivemq-test-hivemq-platform] [hivemq-platform-operator] [143e705b] 04:05:46.893 [ReconcilerExecutor-hivemq-controller-99] INFO  c.h.p.o.HiveMQPlatformReconciler - [helmwebs] Reconciling HiveMQ Platform 'test-hivemq-platform' in namespace 'helmwebsocketsit'
2025-01-30 04:05:46,895 INFO c.h.h.t.HelmChartContainer - [hivemq-test-hivemq-platform] [hivemq-platform-operator] [143e705b] 04:05:46.893 [ReconcilerExecutor-hivemq-controller-99] DEBUG c.h.p.o.HiveMQPlatformReconciler - [helmwebs] Custom Resource Status STARTING - HiveMQ Platform is starting (READY)
2025-01-30 04:05:46,895 INFO c.h.h.t.HelmChartContainer - [hivemq-test-hivemq-platform] [hivemq-platform-operator] [143e705b] 04:05:46.893 [ReconcilerExecutor-hivemq-controller-99] DEBUG c.h.p.o.HiveMQPlatformReconciler - [helmwebs] Custom Resource Spec (replicas: 1) (extensions: 1)
2025-01-30 04:05:46,897 INFO c.h.h.t.HelmChartContainer - [hivemq-test-hivemq-platform] [hivemq-platform-operator] [143e705b] 04:05:46.896 [ReconcilerExecutor-hivemq-controller-99] DEBUG c.h.p.o.HiveMQPlatformReconciler - [helmwebs] StatefulSet Status (revision: test-hivemq-platform-5648bbf7bc, replicas: 1, available: 0, ready: 0, current: 1, updated: 1)
2025-01-30 04:05:46,898 INFO c.h.h.t.HelmChartContainer - [hivemq-test-hivemq-platform] [hivemq-platform-operator] [143e705b] 04:05:46.896 [ReconcilerExecutor-hivemq-controller-99] DEBUG c.h.p.o.HiveMQPlatformReconciler - [helmwebs] StatefulSet Spec (replicas: 1, init containers: 1, containers: 1, volumes: 7)
2025-01-30 04:05:46,960 INFO c.h.h.t.HelmChartContainer - [hivemq-test-hivemq-platform] [hivemq-platform-operator] [143e705b] 04:05:46.959 [ReconcilerExecutor-hivemq-controller-99] DEBUG c.h.p.o.h.HiveMQPlatformReconcilerErrorHandler - [helmwebs] Pod 'test-hivemq-platform-0' phase Running
2025-01-30 04:05:46,976 INFO c.h.h.t.HelmChartContainer - [hivemq-test-hivemq-platform] [hivemq-platform-operator] [143e705b] 04:05:46.975 [ReconcilerExecutor-hivemq-controller-99] INFO  c.h.p.o.h.HiveMQPlatformReconcilerBaseHandler - [helmwebs] HiveMQ Platform is starting, 0 of 1 replicas are ready
2025-01-30 04:05:47,215 INFO c.h.h.t.HelmChartContainer - [test-hivemq-platform] [hivemq] [fb67b5e8] INFO  - [HiveMQ Platform Operator Init 1.7.0-SNAPSHOT] HiveMQ Platform Operator Init 1.7.0-SNAPSHOT (commit: 47e3375 on branch: HEAD) built on Thu Jan 30 03:55:50 UTC 2025
2025-01-30 04:05:48,342 INFO c.h.h.t.HelmChartContainer - [test-hivemq-platform] [hivemq] [fb67b5e8] INFO  - [HiveMQ Platform Operator Init App 1.7.0-SNAPSHOT] Using bind address 10.42.0.12 from environment variable
2025-01-30 04:05:49,216 INFO c.h.h.t.HelmChartContainer - [test-hivemq-platform] [hivemq] [fb67b5e8] INFO  - [HiveMQ Platform Operator Init App 1.7.0-SNAPSHOT] HiveMQ Platform Operator Init App 1.7.0-SNAPSHOT (commit: 47e3375 on branch: HEAD) built on Thu Jan 30 03:55:50 UTC 2025
2025-01-30 04:05:49,217 INFO c.h.h.t.HelmChartContainer - [test-hivemq-platform] [hivemq] [fb67b5e8] INFO  - [HiveMQ Platform Operator Init App 1.7.0-SNAPSHOT] PodInfo ConfigMap directory: /etc/podinfo
2025-01-30 04:05:49,218 INFO c.h.h.t.HelmChartContainer - [test-hivemq-platform] [hivemq] [fb67b5e8] INFO  - [HiveMQ Platform Operator Init App 1.7.0-SNAPSHOT] HiveMQ home directory: /opt/hivemq
2025-01-30 04:05:49,218 INFO c.h.h.t.HelmChartContainer - [test-hivemq-platform] [hivemq] [fb67b5e8] INFO  - [HiveMQ Platform Operator Init App 1.7.0-SNAPSHOT] HiveMQ Logback folder: /opt/hivemq/conf
2025-01-30 04:05:49,218 INFO c.h.h.t.HelmChartContainer - [test-hivemq-platform] [hivemq] [fb67b5e8] INFO  - [HiveMQ Platform Operator Init App 1.7.0-SNAPSHOT] HiveMQ Config folder: /opt/hivemq/conf-k8s
2025-01-30 04:05:49,218 INFO c.h.h.t.HelmChartContainer - [test-hivemq-platform] [hivemq] [fb67b5e8] INFO  - [HiveMQ Platform Operator Init App 1.7.0-SNAPSHOT] Starting HiveMQ Platform Operator Init App
2025-01-30 04:05:49,218 INFO c.h.h.t.HelmChartContainer - [test-hivemq-platform] [hivemq] [fb67b5e8] INFO  - [HiveMQ Platform Operator Init App 1.7.0-SNAPSHOT] Starting Pod reconciler
2025-01-30 04:05:50,412 INFO c.h.h.t.HelmChartContainer - [test-hivemq-platform] [hivemq] [fb67b5e8] INFO  - [HiveMQ Platform Operator Init App 1.7.0-SNAPSHOT] Pod reconciler is scheduled (interval: 5000 ms)
2025-01-30 04:05:50,414 INFO c.h.h.t.HelmChartContainer - [test-hivemq-platform] [hivemq] [fb67b5e8] INFO  - [HiveMQ Platform Operator Init App 1.7.0-SNAPSHOT] Starting the REST API on 10.42.0.12:7979
2025-01-30 04:05:50,416 INFO c.h.h.t.HelmChartContainer - [test-hivemq-platform] [hivemq] [fb67b5e8] INFO  - [HiveMQ Platform Operator Init App 1.7.0-SNAPSHOT] Waiting up to 600s for at most 1 HiveMQ nodes in cluster service hivemq-test-hivemq-platform-cluster.helmwebsocketsit.svc
2025-01-30 04:05:50,799 INFO c.h.h.t.HelmChartContainer - [test-hivemq-platform] [hivemq] [fb67b5e8] INFO  - [HiveMQ Platform Operator Init App 1.7.0-SNAPSHOT] Resolved 1 IP addresses: [10.42.0.12]
2025-01-30 04:05:50,799 INFO c.h.h.t.HelmChartContainer - [test-hivemq-platform] [hivemq] [fb67b5e8] INFO  - [HiveMQ Platform Operator Init App 1.7.0-SNAPSHOT] HiveMQ node count of 1 is within threshold of 1
2025-01-30 04:05:50,799 INFO c.h.h.t.HelmChartContainer - [test-hivemq-platform] [hivemq] [fb67b5e8] INFO  - [HiveMQ Platform Operator Init App 1.7.0-SNAPSHOT] Proceeding with container start
2025-01-30 04:05:50,828 INFO c.h.h.t.HelmChartContainer - [test-hivemq-platform] [hivemq] [fb67b5e8] INFO  - [HiveMQ Platform Operator Init App 1.7.0-SNAPSHOT] Initializing HiveMQ Platform extensions with initial configuration: {hivemq-allow-all-extension={start-priority=-1, skip-https-hostname-verification=false, restart=true, config-version=0, header-version=0, c-uri=, priority=-1, uri=preinstalled, skip-https-certificate-validation=false, enabled=true}, hivemq-prometheus-extension={priority=-1, start-priority=-1, c-uri=, skip-https-hostname-verification=false, skip-https-certificate-validation=false, uri=preinstalled, request-header-path=no-request-headers, enabled=true, restart=true}}
2025-01-30 04:05:51,317 INFO c.h.h.t.HelmChartContainer - [test-hivemq-platform] [hivemq] [fb67b5e8] INFO  - [HiveMQ Platform Operator Init App 1.7.0-SNAPSHOT] Extension hivemq-allow-all-extension was already enabled
2025-01-30 04:05:51,415 INFO c.h.h.t.HelmChartContainer - [test-hivemq-platform] [hivemq] [fb67b5e8] INFO  - [HiveMQ Platform Operator Init App 1.7.0-SNAPSHOT] Successfully enabled extension hivemq-prometheus-extension
2025-01-30 04:05:51,416 INFO c.h.h.t.HelmChartContainer - [test-hivemq-platform] [hivemq] [fb67b5e8] INFO  - [HiveMQ Platform Operator Init App 1.7.0-SNAPSHOT] Starting HiveMQ Platform version 4.36.0 (4.36.0)
2025-01-30 04:05:51,416 INFO c.h.h.t.HelmChartContainer - [test-hivemq-platform] [hivemq] [fb67b5e8] INFO  - [HiveMQ Platform Operator Init App 1.7.0-SNAPSHOT] Configuring the HiveMQ Platform
2025-01-30 04:05:51,425 INFO c.h.h.t.HelmChartContainer - [test-hivemq-platform] [hivemq] [fb67b5e8] INFO  - [HiveMQ Platform Operator Init App 1.7.0-SNAPSHOT] Changed logback.xml file scan period to 20 seconds
2025-01-30 04:05:51,513 INFO c.h.h.t.HelmChartContainer - [test-hivemq-platform] [hivemq] [fb67b5e8] INFO  - [HiveMQ Platform Operator Init App 1.7.0-SNAPSHOT] Starting the HiveMQ Platform
2025-01-30 04:05:51,516 INFO c.h.h.t.HelmChartContainer - [test-hivemq-platform] [hivemq] [fb67b5e8] -------------------------------------------------------------------------
2025-01-30 04:05:51,516 INFO c.h.h.t.HelmChartContainer - [test-hivemq-platform] [hivemq] [fb67b5e8] 
2025-01-30 04:05:51,516 INFO c.h.h.t.HelmChartContainer - [test-hivemq-platform] [hivemq] [fb67b5e8]                   _    _  _              __  __   ____
2025-01-30 04:05:51,516 INFO c.h.h.t.HelmChartContainer - [test-hivemq-platform] [hivemq] [fb67b5e8]                  | |  | |(_)            |  \/  | / __ \
2025-01-30 04:05:51,516 INFO c.h.h.t.HelmChartContainer - [test-hivemq-platform] [hivemq] [fb67b5e8]                  | |__| | _ __   __ ___ | \  / || |  | |
2025-01-30 04:05:51,516 INFO c.h.h.t.HelmChartContainer - [test-hivemq-platform] [hivemq] [fb67b5e8]                  |  __  || |\ \ / // _ \| |\/| || |  | |
2025-01-30 04:05:51,516 INFO c.h.h.t.HelmChartContainer - [test-hivemq-platform] [hivemq] [fb67b5e8]                  | |  | || | \ V /|  __/| |  | || |__| |
2025-01-30 04:05:51,516 INFO c.h.h.t.HelmChartContainer - [test-hivemq-platform] [hivemq] [fb67b5e8]                  |_|  |_||_|  \_/  \___||_|  |_| \___\_\
2025-01-30 04:05:51,516 INFO c.h.h.t.HelmChartContainer - [test-hivemq-platform] [hivemq] [fb67b5e8] 
2025-01-30 04:05:51,516 INFO c.h.h.t.HelmChartContainer - [test-hivemq-platform] [hivemq] [fb67b5e8] -------------------------------------------------------------------------
2025-01-30 04:05:51,516 INFO c.h.h.t.HelmChartContainer - [test-hivemq-platform] [hivemq] [fb67b5e8] 
2025-01-30 04:05:51,516 INFO c.h.h.t.HelmChartContainer - [test-hivemq-platform] [hivemq] [fb67b5e8]   HiveMQ Start Script for Linux/Unix v1.14
2025-01-30 04:05:51,516 INFO c.h.h.t.HelmChartContainer - [test-hivemq-platform] [hivemq] [fb67b5e8] 
2025-01-30 04:05:51,611 INFO c.h.h.t.HelmChartContainer - [test-hivemq-platform] [hivemq] [fb67b5e8] -------------------------------------------------------------------------
2025-01-30 04:05:51,611 INFO c.h.h.t.HelmChartContainer - [test-hivemq-platform] [hivemq] [fb67b5e8] 
2025-01-30 04:05:51,611 INFO c.h.h.t.HelmChartContainer - [test-hivemq-platform] [hivemq] [fb67b5e8]   HIVEMQ_HOME: /opt/hivemq
2025-01-30 04:05:51,612 INFO c.h.h.t.HelmChartContainer - [test-hivemq-platform] [hivemq] [fb67b5e8] 
2025-01-30 04:05:51,612 INFO c.h.h.t.HelmChartContainer - [test-hivemq-platform] [hivemq] [fb67b5e8]   JAVA_OPTS: -XX:+UnlockExperimentalVMOptions -XX:InitialRAMPercentage=50 -XX:MaxRAMPercentage=50 -Djava.net.preferIPv4Stack=true --add-opens java.base/java.lang=ALL-UNNAMED --add-opens java.base/java.nio=ALL-UNNAMED --add-opens java.base/sun.nio.ch=ALL-UNNAMED --add-opens jdk.management/com.sun.management.internal=ALL-UNNAMED --add-exports java.base/jdk.internal.misc=ALL-UNNAMED -Djava.security.egd=file:/dev/./urandom -Dcom.sun.management.jmxremote -Dcom.sun.management.jmxremote.port=9010 -Dcom.sun.management.jmxremote.local.only=false -Dcom.sun.management.jmxremote.authenticate=false -Dcom.sun.management.jmxremote.ssl=false -Duser.language=en -Duser.region=US -XX:+CrashOnOutOfMemoryError -XX:+HeapDumpOnOutOfMemoryError
2025-01-30 04:05:51,612 INFO c.h.h.t.HelmChartContainer - [test-hivemq-platform] [hivemq] [fb67b5e8] 
2025-01-30 04:05:51,612 INFO c.h.h.t.HelmChartContainer - [test-hivemq-platform] [hivemq] [fb67b5e8]   JAVA_VERSION: 21
2025-01-30 04:05:51,612 INFO c.h.h.t.HelmChartContainer - [test-hivemq-platform] [hivemq] [fb67b5e8] 
2025-01-30 04:05:51,612 INFO c.h.h.t.HelmChartContainer - [test-hivemq-platform] [hivemq] [fb67b5e8] -------------------------------------------------------------------------
2025-01-30 04:05:51,612 INFO c.h.h.t.HelmChartContainer - [test-hivemq-platform] [hivemq] [fb67b5e8] 
2025-01-30 04:05:52,820 INFO c.h.h.t.HelmChartContainer - [test-hivemq-platform] [hivemq] [fb67b5e8] INFO  - [HiveMQ Platform Operator Init App 1.7.0-SNAPSHOT] Returning default Health API response 503 for readiness
2025-01-30 04:05:53,219 INFO c.h.h.t.HelmChartContainer - [EVENT] Warning [Unhealthy] Readiness probe failed: HTTP probe failed with statuscode: 503 [helmwebsocketsit:test-hivemq-platform-0]
2025-01-30 04:05:53,219 INFO c.h.h.t.HelmChartContainer - Received Unhealthy event for container hivemq in pod test-hivemq-platform-0 [fb67b5e8-5174-479b-b8bc-61e9f1e2cb48]
2025-01-30 04:05:54,127 INFO c.h.h.t.HelmChartContainer - [test-hivemq-platform] [hivemq] [fb67b5e8] INFO  - Starting HiveMQ Enterprise Server
2025-01-30 04:05:54,214 INFO c.h.h.t.HelmChartContainer - [test-hivemq-platform] [hivemq] [fb67b5e8] INFO  - HiveMQ version: 4.36.0
2025-01-30 04:05:54,215 INFO c.h.h.t.HelmChartContainer - [test-hivemq-platform] [hivemq] [fb67b5e8] INFO  - HiveMQ home directory: /opt/hivemq
2025-01-30 04:05:54,215 INFO c.h.h.t.HelmChartContainer - [test-hivemq-platform] [hivemq] [fb67b5e8] INFO  - Log Configuration was overridden by /opt/hivemq/conf/logback.xml
2025-01-30 04:05:55,530 INFO c.h.h.t.HelmChartContainer - [test-hivemq-platform] [hivemq] [fb67b5e8] INFO  - Successfully loaded configuration from '/opt/hivemq/conf-k8s/config.xml'.
2025-01-30 04:05:56,319 INFO c.h.h.t.HelmChartContainer - [test-hivemq-platform] [hivemq] [fb67b5e8] INFO  - This node's ID is 7eiSU
2025-01-30 04:05:56,319 INFO c.h.h.t.HelmChartContainer - [test-hivemq-platform] [hivemq] [fb67b5e8] INFO  - Clustering is enabled
2025-01-30 04:05:56,982 INFO c.h.h.t.HelmChartContainer - [hivemq-test-hivemq-platform] [hivemq-platform-operator] [143e705b] 04:05:56.979 [pool-6-thread-3] DEBUG c.h.p.o.d.PlatformServiceResource - [helmwebs] Desired Platform services (4 services)
2025-01-30 04:05:56,982 INFO c.h.h.t.HelmChartContainer - [hivemq-test-hivemq-platform] [hivemq-platform-operator] [143e705b] 04:05:56.981 [pool-6-thread-1] DEBUG c.h.p.o.d.PodServiceAccountResource - [helmwebs] Desired PodServiceAccountResource (serviceAccountName: hivemq-platform-pod-test-hivemq-platform)
2025-01-30 04:05:56,984 INFO c.h.h.t.HelmChartContainer - [hivemq-test-hivemq-platform] [hivemq-platform-operator] [143e705b] 04:05:56.983 [pool-6-thread-6] DEBUG c.h.p.o.dependants.PodInfoConfigMap - [helmwebs] Desired PodInfo ConfigMap (1 extensions) (1 enabled)
2025-01-30 04:05:56,986 INFO c.h.h.t.HelmChartContainer - [hivemq-test-hivemq-platform] [hivemq-platform-operator] [143e705b] 04:05:56.984 [pool-6-thread-6] DEBUG c.h.p.o.dependants.PodInfoConfigMap - [helmwebs] Desired PodInfo ConfigMap (metrics port: 9399) (metrics path: /)
2025-01-30 04:05:56,986 INFO c.h.h.t.HelmChartContainer - [hivemq-test-hivemq-platform] [hivemq-platform-operator] [143e705b] 04:05:56.984 [pool-6-thread-6] DEBUG c.h.p.o.dependants.PodInfoConfigMap - [helmwebs] Desired PodInfo ConfigMap (extension state hash: -1817474005)
2025-01-30 04:05:56,992 INFO c.h.h.t.HelmChartContainer - [hivemq-test-hivemq-platform] [hivemq-platform-operator] [143e705b] 04:05:56.991 [pool-6-thread-10] DEBUG c.h.p.o.d.StatefulSetResource - [helmwebs] Desired StatefulSet (1 replicas) for status STARTING (READY)
2025-01-30 04:05:57,079 INFO c.h.h.t.HelmChartContainer - [hivemq-test-hivemq-platform] [hivemq-platform-operator] [143e705b] 04:05:57.078 [ReconcilerExecutor-hivemq-controller-110] INFO  c.h.p.o.HiveMQPlatformReconciler - [helmwebs] Reconciling HiveMQ Platform 'test-hivemq-platform' in namespace 'helmwebsocketsit'
2025-01-30 04:05:57,080 INFO c.h.h.t.HelmChartContainer - [hivemq-test-hivemq-platform] [hivemq-platform-operator] [143e705b] 04:05:57.078 [ReconcilerExecutor-hivemq-controller-110] DEBUG c.h.p.o.HiveMQPlatformReconciler - [helmwebs] Custom Resource Status STARTING - HiveMQ Platform is starting (READY)
2025-01-30 04:05:57,080 INFO c.h.h.t.HelmChartContainer - [hivemq-test-hivemq-platform] [hivemq-platform-operator] [143e705b] 04:05:57.078 [ReconcilerExecutor-hivemq-controller-110] DEBUG c.h.p.o.HiveMQPlatformReconciler - [helmwebs] Custom Resource Spec (replicas: 1) (extensions: 1)
2025-01-30 04:05:57,083 INFO c.h.h.t.HelmChartContainer - [hivemq-test-hivemq-platform] [hivemq-platform-operator] [143e705b] 04:05:57.081 [ReconcilerExecutor-hivemq-controller-110] DEBUG c.h.p.o.HiveMQPlatformReconciler - [helmwebs] StatefulSet Status (revision: test-hivemq-platform-5648bbf7bc, replicas: 1, available: 0, ready: 0, current: 1, updated: 1)
2025-01-30 04:05:57,083 INFO c.h.h.t.HelmChartContainer - [hivemq-test-hivemq-platform] [hivemq-platform-operator] [143e705b] 04:05:57.081 [ReconcilerExecutor-hivemq-controller-110] DEBUG c.h.p.o.HiveMQPlatformReconciler - [helmwebs] StatefulSet Spec (replicas: 1, init containers: 1, containers: 1, volumes: 7)
2025-01-30 04:05:57,085 INFO c.h.h.t.HelmChartContainer - [hivemq-test-hivemq-platform] [hivemq-platform-operator] [143e705b] 04:05:57.083 [ReconcilerExecutor-hivemq-controller-110] DEBUG c.h.p.o.h.HiveMQPlatformReconcilerErrorHandler - [helmwebs] Pod 'test-hivemq-platform-0' phase Running
2025-01-30 04:05:57,086 INFO c.h.h.t.HelmChartContainer - [hivemq-test-hivemq-platform] [hivemq-platform-operator] [143e705b] 04:05:57.084 [ReconcilerExecutor-hivemq-controller-110] INFO  c.h.p.o.h.HiveMQPlatformReconcilerBaseHandler - [helmwebs] HiveMQ Platform is starting, 0 of 1 replicas are ready
2025-01-30 04:05:58,324 INFO c.h.h.t.HelmChartContainer - [test-hivemq-platform] [hivemq] [fb67b5e8] WARN  - [HiveMQ Platform Operator Init App 1.7.0-SNAPSHOT] Cannot connect to Health API for readiness: null
2025-01-30 04:05:58,328 INFO c.h.h.t.HelmChartContainer - [EVENT] Warning [Unhealthy] Readiness probe failed: HTTP probe failed with statuscode: 503 [helmwebsocketsit:test-hivemq-platform-0]
2025-01-30 04:05:58,329 INFO c.h.h.t.HelmChartContainer - Received Unhealthy event for container hivemq in pod test-hivemq-platform-0 [fb67b5e8-5174-479b-b8bc-61e9f1e2cb48]
2025-01-30 04:06:00,717 INFO c.h.h.t.HelmChartContainer - [test-hivemq-platform] [hivemq] [fb67b5e8] Jan 30, 2025 4:06:00 AM io.vertx.core.impl.BlockedThreadChecker
2025-01-30 04:06:00,717 INFO c.h.h.t.HelmChartContainer - [test-hivemq-platform] [hivemq] [fb67b5e8] WARNING: Thread Thread[vert.x-eventloop-thread-1,5,main] has been blocked for 2105 ms, time limit is 2000 ms
2025-01-30 04:06:01,422 INFO c.h.h.t.HelmChartContainer - [test-hivemq-platform] [hivemq] [fb67b5e8] INFO  - [HiveMQ Platform Operator Init App 1.7.0-SNAPSHOT] Updating Pod HiveMQ Platform Operator Init App version annotation (version: 1.7.0-SNAPSHOT)
2025-01-30 04:06:02,430 INFO c.h.h.t.HelmChartContainer - [POD] test-hivemq-platform-0 [fb67b5e8-5174-479b-b8bc-61e9f1e2cb48] in helmwebsocketsit was MODIFIED
2025-01-30 04:06:02,440 INFO c.h.h.t.HelmChartContainer - [hivemq-test-hivemq-platform] [hivemq-platform-operator] [143e705b] 04:06:02.438 [pool-6-thread-11] DEBUG c.h.p.o.d.PlatformServiceResource - [helmwebs] Desired Platform services (4 services)
2025-01-30 04:06:02,441 INFO c.h.h.t.HelmChartContainer - [hivemq-test-hivemq-platform] [hivemq-platform-operator] [143e705b] 04:06:02.439 [pool-6-thread-17] DEBUG c.h.p.o.dependants.PodInfoConfigMap - [helmwebs] Desired PodInfo ConfigMap (1 extensions) (1 enabled)
2025-01-30 04:06:02,441 INFO c.h.h.t.HelmChartContainer - [hivemq-test-hivemq-platform] [hivemq-platform-operator] [143e705b] 04:06:02.439 [pool-6-thread-17] DEBUG c.h.p.o.dependants.PodInfoConfigMap - [helmwebs] Desired PodInfo ConfigMap (metrics port: 9399) (metrics path: /)
2025-01-30 04:06:02,441 INFO c.h.h.t.HelmChartContainer - [hivemq-test-hivemq-platform] [hivemq-platform-operator] [143e705b] 04:06:02.439 [pool-6-thread-17] DEBUG c.h.p.o.dependants.PodInfoConfigMap - [helmwebs] Desired PodInfo ConfigMap (extension state hash: -1817474005)
2025-01-30 04:06:02,443 INFO c.h.h.t.HelmChartContainer - [hivemq-test-hivemq-platform] [hivemq-platform-operator] [143e705b] 04:06:02.440 [pool-6-thread-14] DEBUG c.h.p.o.d.PodServiceAccountResource - [helmwebs] Desired PodServiceAccountResource (serviceAccountName: hivemq-platform-pod-test-hivemq-platform)
2025-01-30 04:06:02,448 INFO c.h.h.t.HelmChartContainer - [hivemq-test-hivemq-platform] [hivemq-platform-operator] [143e705b] 04:06:02.447 [pool-6-thread-11] DEBUG c.h.p.o.d.StatefulSetResource - [helmwebs] Desired StatefulSet (1 replicas) for status STARTING (READY)
2025-01-30 04:06:02,479 INFO c.h.h.t.HelmChartContainer - [hivemq-test-hivemq-platform] [hivemq-platform-operator] [143e705b] 04:06:02.477 [ReconcilerExecutor-hivemq-controller-111] INFO  c.h.p.o.HiveMQPlatformReconciler - [helmwebs] Reconciling HiveMQ Platform 'test-hivemq-platform' in namespace 'helmwebsocketsit'
2025-01-30 04:06:02,479 INFO c.h.h.t.HelmChartContainer - [hivemq-test-hivemq-platform] [hivemq-platform-operator] [143e705b] 04:06:02.478 [ReconcilerExecutor-hivemq-controller-111] DEBUG c.h.p.o.HiveMQPlatformReconciler - [helmwebs] Custom Resource Status STARTING - HiveMQ Platform is starting (READY)
2025-01-30 04:06:02,479 INFO c.h.h.t.HelmChartContainer - [hivemq-test-hivemq-platform] [hivemq-platform-operator] [143e705b] 04:06:02.478 [ReconcilerExecutor-hivemq-controller-111] DEBUG c.h.p.o.HiveMQPlatformReconciler - [helmwebs] Custom Resource Spec (replicas: 1) (extensions: 1)
2025-01-30 04:06:02,483 INFO c.h.h.t.HelmChartContainer - [hivemq-test-hivemq-platform] [hivemq-platform-operator] [143e705b] 04:06:02.480 [ReconcilerExecutor-hivemq-controller-111] DEBUG c.h.p.o.HiveMQPlatformReconciler - [helmwebs] StatefulSet Status (revision: test-hivemq-platform-5648bbf7bc, replicas: 1, available: 0, ready: 0, current: 1, updated: 1)
2025-01-30 04:06:02,483 INFO c.h.h.t.HelmChartContainer - [hivemq-test-hivemq-platform] [hivemq-platform-operator] [143e705b] 04:06:02.480 [ReconcilerExecutor-hivemq-controller-111] DEBUG c.h.p.o.HiveMQPlatformReconciler - [helmwebs] StatefulSet Spec (replicas: 1, init containers: 1, containers: 1, volumes: 7)
2025-01-30 04:06:02,483 INFO c.h.h.t.HelmChartContainer - [hivemq-test-hivemq-platform] [hivemq-platform-operator] [143e705b] 04:06:02.482 [ReconcilerExecutor-hivemq-controller-111] DEBUG c.h.p.o.h.HiveMQPlatformReconcilerErrorHandler - [helmwebs] Pod 'test-hivemq-platform-0' phase Running
2025-01-30 04:06:02,485 INFO c.h.h.t.HelmChartContainer - [hivemq-test-hivemq-platform] [hivemq-platform-operator] [143e705b] 04:06:02.482 [ReconcilerExecutor-hivemq-controller-111] INFO  c.h.p.o.h.HiveMQPlatformReconcilerBaseHandler - [helmwebs] HiveMQ Platform is starting, 0 of 1 replicas are ready
2025-01-30 04:06:02,515 INFO c.h.h.t.HelmChartContainer - [test-hivemq-platform] [hivemq] [fb67b5e8] WARN  - [HiveMQ Platform Operator Init App 1.7.0-SNAPSHOT] Cannot connect to Health API for readiness: null
2025-01-30 04:06:02,517 INFO c.h.h.t.HelmChartContainer - [test-hivemq-platform] [hivemq] [fb67b5e8] INFO  - [HiveMQ Platform Operator Init App 1.7.0-SNAPSHOT] Successfully updated Pod HiveMQ Platform Operator Init App version annotation (version: 1.7.0-SNAPSHOT)
2025-01-30 04:06:02,522 INFO c.h.h.t.HelmChartContainer - [EVENT] Warning [Unhealthy] Readiness probe failed: HTTP probe failed with statuscode: 503 [helmwebsocketsit:test-hivemq-platform-0]
2025-01-30 04:06:02,522 INFO c.h.h.t.HelmChartContainer - Received Unhealthy event for container hivemq in pod test-hivemq-platform-0 [fb67b5e8-5174-479b-b8bc-61e9f1e2cb48]
2025-01-30 04:06:07,516 INFO c.h.h.t.HelmChartContainer - [test-hivemq-platform] [hivemq] [fb67b5e8] WARN  - [HiveMQ Platform Operator Init App 1.7.0-SNAPSHOT] Cannot connect to Health API for readiness: null
2025-01-30 04:06:07,520 INFO c.h.h.t.HelmChartContainer - [EVENT] Warning [Unhealthy] Readiness probe failed: HTTP probe failed with statuscode: 503 [helmwebsocketsit:test-hivemq-platform-0]
2025-01-30 04:06:07,520 INFO c.h.h.t.HelmChartContainer - Received Unhealthy event for container hivemq in pod test-hivemq-platform-0 [fb67b5e8-5174-479b-b8bc-61e9f1e2cb48]
2025-01-30 04:06:12,493 INFO c.h.h.t.HelmChartContainer - [hivemq-test-hivemq-platform] [hivemq-platform-operator] [143e705b] 04:06:12.488 [pool-6-thread-26] DEBUG c.h.p.o.d.PlatformServiceResource - [helmwebs] Desired Platform services (4 services)
2025-01-30 04:06:12,493 INFO c.h.h.t.HelmChartContainer - [hivemq-test-hivemq-platform] [hivemq-platform-operator] [143e705b] 04:06:12.488 [pool-6-thread-27] DEBUG c.h.p.o.d.PodServiceAccountResource - [helmwebs] Desired PodServiceAccountResource (serviceAccountName: hivemq-platform-pod-test-hivemq-platform)
2025-01-30 04:06:12,493 INFO c.h.h.t.HelmChartContainer - [hivemq-test-hivemq-platform] [hivemq-platform-operator] [143e705b] 04:06:12.491 [pool-6-thread-25] DEBUG c.h.p.o.dependants.PodInfoConfigMap - [helmwebs] Desired PodInfo ConfigMap (1 extensions) (1 enabled)
2025-01-30 04:06:12,493 INFO c.h.h.t.HelmChartContainer - [hivemq-test-hivemq-platform] [hivemq-platform-operator] [143e705b] 04:06:12.491 [pool-6-thread-25] DEBUG c.h.p.o.dependants.PodInfoConfigMap - [helmwebs] Desired PodInfo ConfigMap (metrics port: 9399) (metrics path: /)
2025-01-30 04:06:12,493 INFO c.h.h.t.HelmChartContainer - [hivemq-test-hivemq-platform] [hivemq-platform-operator] [143e705b] 04:06:12.491 [pool-6-thread-25] DEBUG c.h.p.o.dependants.PodInfoConfigMap - [helmwebs] Desired PodInfo ConfigMap (extension state hash: -1817474005)
2025-01-30 04:06:12,495 INFO c.h.h.t.HelmChartContainer - [hivemq-test-hivemq-platform] [hivemq-platform-operator] [143e705b] 04:06:12.494 [pool-6-thread-26] DEBUG c.h.p.o.d.StatefulSetResource - [helmwebs] Desired StatefulSet (1 replicas) for status STARTING (READY)
2025-01-30 04:06:12,503 INFO c.h.h.t.HelmChartContainer - [test-hivemq-platform] [hivemq] [fb67b5e8] WARN  - [HiveMQ Platform Operator Init App 1.7.0-SNAPSHOT] Cannot connect to Health API for readiness: null
2025-01-30 04:06:12,507 INFO c.h.h.t.HelmChartContainer - [EVENT] Warning [Unhealthy] Readiness probe failed: HTTP probe failed with statuscode: 503 [helmwebsocketsit:test-hivemq-platform-0]
2025-01-30 04:06:12,507 INFO c.h.h.t.HelmChartContainer - Received Unhealthy event for container hivemq in pod test-hivemq-platform-0 [fb67b5e8-5174-479b-b8bc-61e9f1e2cb48]
2025-01-30 04:06:12,576 INFO c.h.h.t.HelmChartContainer - [hivemq-test-hivemq-platform] [hivemq-platform-operator] [143e705b] 04:06:12.574 [ReconcilerExecutor-hivemq-controller-112] INFO  c.h.p.o.HiveMQPlatformReconciler - [helmwebs] Reconciling HiveMQ Platform 'test-hivemq-platform' in namespace 'helmwebsocketsit'
2025-01-30 04:06:12,578 INFO c.h.h.t.HelmChartContainer - [hivemq-test-hivemq-platform] [hivemq-platform-operator] [143e705b] 04:06:12.574 [ReconcilerExecutor-hivemq-controller-112] DEBUG c.h.p.o.HiveMQPlatformReconciler - [helmwebs] Custom Resource Status STARTING - HiveMQ Platform is starting (READY)
2025-01-30 04:06:12,578 INFO c.h.h.t.HelmChartContainer - [hivemq-test-hivemq-platform] [hivemq-platform-operator] [143e705b] 04:06:12.574 [ReconcilerExecutor-hivemq-controller-112] DEBUG c.h.p.o.HiveMQPlatformReconciler - [helmwebs] Custom Resource Spec (replicas: 1) (extensions: 1)
2025-01-30 04:06:12,578 INFO c.h.h.t.HelmChartContainer - [hivemq-test-hivemq-platform] [hivemq-platform-operator] [143e705b] 04:06:12.576 [ReconcilerExecutor-hivemq-controller-112] DEBUG c.h.p.o.HiveMQPlatformReconciler - [helmwebs] StatefulSet Status (revision: test-hivemq-platform-5648bbf7bc, replicas: 1, available: 0, ready: 0, current: 1, updated: 1)
2025-01-30 04:06:12,579 INFO c.h.h.t.HelmChartContainer - [hivemq-test-hivemq-platform] [hivemq-platform-operator] [143e705b] 04:06:12.576 [ReconcilerExecutor-hivemq-controller-112] DEBUG c.h.p.o.HiveMQPlatformReconciler - [helmwebs] StatefulSet Spec (replicas: 1, init containers: 1, containers: 1, volumes: 7)
2025-01-30 04:06:12,580 INFO c.h.h.t.HelmChartContainer - [hivemq-test-hivemq-platform] [hivemq-platform-operator] [143e705b] 04:06:12.578 [ReconcilerExecutor-hivemq-controller-112] DEBUG c.h.p.o.h.HiveMQPlatformReconcilerErrorHandler - [helmwebs] Pod 'test-hivemq-platform-0' phase Running
2025-01-30 04:06:12,580 INFO c.h.h.t.HelmChartContainer - [hivemq-test-hivemq-platform] [hivemq-platform-operator] [143e705b] 04:06:12.579 [ReconcilerExecutor-hivemq-controller-112] INFO  c.h.p.o.h.HiveMQPlatformReconcilerBaseHandler - [helmwebs] HiveMQ Platform is starting, 0 of 1 replicas are ready
2025-01-30 04:06:13,524 INFO c.h.h.t.HelmChartContainer - [test-hivemq-platform] [hivemq] [fb67b5e8] INFO  - No valid license file found. Using trial license, restricted to 25 connections.
2025-01-30 04:06:13,814 INFO c.h.h.t.HelmChartContainer - [test-hivemq-platform] [hivemq] [fb67b5e8] WARN  - [HiveMQ Platform Operator Init App 1.7.0-SNAPSHOT] Cannot connect to Health API for liveness: null
2025-01-30 04:06:13,814 INFO c.h.h.t.HelmChartContainer - [test-hivemq-platform] [hivemq] [fb67b5e8] INFO  - [HiveMQ Platform Operator Init App 1.7.0-SNAPSHOT] Returning default Health API response 200 for liveness
2025-01-30 04:06:16,718 INFO c.h.h.t.HelmChartContainer - [test-hivemq-platform] [hivemq] [fb67b5e8] INFO  - No valid license file for Data Hub found. Using free license, restricted to 1 policy.
2025-01-30 04:06:17,434 INFO c.h.h.t.HelmChartContainer - [test-hivemq-platform] [hivemq] [fb67b5e8] WARN  - [HiveMQ Platform Operator Init App 1.7.0-SNAPSHOT] Cannot connect to Health API for readiness: null
2025-01-30 04:06:17,439 INFO c.h.h.t.HelmChartContainer - [EVENT] Warning [Unhealthy] Readiness probe failed: HTTP probe failed with statuscode: 503 [helmwebsocketsit:test-hivemq-platform-0]
2025-01-30 04:06:17,439 INFO c.h.h.t.HelmChartContainer - Received Unhealthy event for container hivemq in pod test-hivemq-platform-0 [fb67b5e8-5174-479b-b8bc-61e9f1e2cb48]
2025-01-30 04:06:17,920 INFO c.h.h.t.HelmChartContainer - [test-hivemq-platform] [hivemq] [fb67b5e8] INFO  - Audit Logger started.
2025-01-30 04:06:18,241 INFO c.h.h.t.HelmChartContainer - [test-hivemq-platform] [hivemq] [fb67b5e8] INFO  - This node uses '1' CPU cores.
2025-01-30 04:06:18,304 INFO c.h.h.t.HelmChartContainer - [test-hivemq-platform] [hivemq] [fb67b5e8] INFO  - Starting HiveMQ Health API on address 0.0.0.0 and port 8889
2025-01-30 04:06:19,217 INFO c.h.h.t.HelmChartContainer - [test-hivemq-platform] [hivemq] [fb67b5e8] INFO  - Started HiveMQ Health API in 913ms
2025-01-30 04:06:19,836 INFO c.h.h.t.HelmChartContainer - [test-hivemq-platform] [hivemq] [fb67b5e8] INFO  - Starting HiveMQ extension system.
2025-01-30 04:06:20,124 INFO c.h.h.t.HelmChartContainer - [test-hivemq-platform] [hivemq] [fb67b5e8] INFO  - Starting extension with id "hivemq-dns-cluster-discovery" at /opt/hivemq/extensions/hivemq-dns-cluster-discovery
2025-01-30 04:06:20,616 INFO c.h.h.t.HelmChartContainer - [test-hivemq-platform] [hivemq] [fb67b5e8] INFO  - Using TCP cluster transport on address 10.42.0.12 and port 7000
2025-01-30 04:06:20,621 INFO c.h.h.t.HelmChartContainer - [test-hivemq-platform] [hivemq] [fb67b5e8] INFO  - Using extension cluster discovery
2025-01-30 04:06:20,712 INFO c.h.h.t.HelmChartContainer - [test-hivemq-platform] [hivemq] [fb67b5e8] INFO  - Extension "DNS Cluster Discovery Extension" version 4.3.2 started successfully.
2025-01-30 04:06:20,714 INFO c.h.h.t.HelmChartContainer - [test-hivemq-platform] [hivemq] [fb67b5e8] INFO  - Starting extension with id "hivemq-prometheus-extension" at /opt/hivemq/extensions/hivemq-prometheus-extension
2025-01-30 04:06:21,615 INFO c.h.h.t.HelmChartContainer - [test-hivemq-platform] [hivemq] [fb67b5e8] INFO  - Started Jetty Server exposing Prometheus Servlet on URI http://0.0.0.0:9399/
2025-01-30 04:06:21,615 INFO c.h.h.t.HelmChartContainer - [test-hivemq-platform] [hivemq] [fb67b5e8] INFO  - Extension "Prometheus Monitoring Extension" version 4.0.12 started successfully.
2025-01-30 04:06:21,615 INFO c.h.h.t.HelmChartContainer - [test-hivemq-platform] [hivemq] [fb67b5e8] INFO  - Starting extension with id "hivemq-allow-all-extension" at /opt/hivemq/extensions/hivemq-allow-all-extension
2025-01-30 04:06:21,615 INFO c.h.h.t.HelmChartContainer - [test-hivemq-platform] [hivemq] [fb67b5e8] WARN  - 
2025-01-30 04:06:21,615 INFO c.h.h.t.HelmChartContainer - [test-hivemq-platform] [hivemq] [fb67b5e8] ################################################################################################################
2025-01-30 04:06:21,615 INFO c.h.h.t.HelmChartContainer - [test-hivemq-platform] [hivemq] [fb67b5e8] # This HiveMQ deployment is not secure! You are lacking Authentication and Authorization.                      #
2025-01-30 04:06:21,615 INFO c.h.h.t.HelmChartContainer - [test-hivemq-platform] [hivemq] [fb67b5e8] # Right now any MQTT client can connect to the broker with a full set of permissions.                          #
2025-01-30 04:06:21,615 INFO c.h.h.t.HelmChartContainer - [test-hivemq-platform] [hivemq] [fb67b5e8] # For production usage, add an appropriate security extension and remove the hivemq-allow-all extension.       #
2025-01-30 04:06:21,615 INFO c.h.h.t.HelmChartContainer - [test-hivemq-platform] [hivemq] [fb67b5e8] # You can download security extensions from the HiveMQ Marketplace (https://www.hivemq.com/extensions/).       #
2025-01-30 04:06:21,615 INFO c.h.h.t.HelmChartContainer - [test-hivemq-platform] [hivemq] [fb67b5e8] ################################################################################################################
2025-01-30 04:06:21,616 INFO c.h.h.t.HelmChartContainer - [test-hivemq-platform] [hivemq] [fb67b5e8] INFO  - Extension "Allow All Extension" version 1.1.1 started successfully.
2025-01-30 04:06:22,585 INFO c.h.h.t.HelmChartContainer - [hivemq-test-hivemq-platform] [hivemq-platform-operator] [143e705b] 04:06:22.583 [pool-6-thread-31] DEBUG c.h.p.o.d.PlatformServiceResource - [helmwebs] Desired Platform services (4 services)
2025-01-30 04:06:22,585 INFO c.h.h.t.HelmChartContainer - [hivemq-test-hivemq-platform] [hivemq-platform-operator] [143e705b] 04:06:22.584 [pool-6-thread-37] DEBUG c.h.p.o.dependants.PodInfoConfigMap - [helmwebs] Desired PodInfo ConfigMap (1 extensions) (1 enabled)
2025-01-30 04:06:22,586 INFO c.h.h.t.HelmChartContainer - [hivemq-test-hivemq-platform] [hivemq-platform-operator] [143e705b] 04:06:22.584 [pool-6-thread-35] DEBUG c.h.p.o.d.PodServiceAccountResource - [helmwebs] Desired PodServiceAccountResource (serviceAccountName: hivemq-platform-pod-test-hivemq-platform)
2025-01-30 04:06:22,587 INFO c.h.h.t.HelmChartContainer - [hivemq-test-hivemq-platform] [hivemq-platform-operator] [143e705b] 04:06:22.585 [pool-6-thread-37] DEBUG c.h.p.o.dependants.PodInfoConfigMap - [helmwebs] Desired PodInfo ConfigMap (metrics port: 9399) (metrics path: /)
2025-01-30 04:06:22,588 INFO c.h.h.t.HelmChartContainer - [hivemq-test-hivemq-platform] [hivemq-platform-operator] [143e705b] 04:06:22.586 [pool-6-thread-37] DEBUG c.h.p.o.dependants.PodInfoConfigMap - [helmwebs] Desired PodInfo ConfigMap (extension state hash: -1817474005)
2025-01-30 04:06:22,594 INFO c.h.h.t.HelmChartContainer - [hivemq-test-hivemq-platform] [hivemq-platform-operator] [143e705b] 04:06:22.593 [pool-6-thread-31] DEBUG c.h.p.o.d.StatefulSetResource - [helmwebs] Desired StatefulSet (1 replicas) for status STARTING (READY)
2025-01-30 04:06:22,599 INFO c.h.h.t.HelmChartContainer - [hivemq-test-hivemq-platform] [hivemq-platform-operator] [143e705b] 04:06:22.597 [ReconcilerExecutor-hivemq-controller-113] INFO  c.h.p.o.HiveMQPlatformReconciler - [helmwebs] Reconciling HiveMQ Platform 'test-hivemq-platform' in namespace 'helmwebsocketsit'
2025-01-30 04:06:22,599 INFO c.h.h.t.HelmChartContainer - [hivemq-test-hivemq-platform] [hivemq-platform-operator] [143e705b] 04:06:22.598 [ReconcilerExecutor-hivemq-controller-113] DEBUG c.h.p.o.HiveMQPlatformReconciler - [helmwebs] Custom Resource Status STARTING - HiveMQ Platform is starting (READY)
2025-01-30 04:06:22,599 INFO c.h.h.t.HelmChartContainer - [hivemq-test-hivemq-platform] [hivemq-platform-operator] [143e705b] 04:06:22.598 [ReconcilerExecutor-hivemq-controller-113] DEBUG c.h.p.o.HiveMQPlatformReconciler - [helmwebs] Custom Resource Spec (replicas: 1) (extensions: 1)
2025-01-30 04:06:22,677 INFO c.h.h.t.HelmChartContainer - [hivemq-test-hivemq-platform] [hivemq-platform-operator] [143e705b] 04:06:22.675 [ReconcilerExecutor-hivemq-controller-113] DEBUG c.h.p.o.HiveMQPlatformReconciler - [helmwebs] StatefulSet Status (revision: test-hivemq-platform-5648bbf7bc, replicas: 1, available: 0, ready: 0, current: 1, updated: 1)
2025-01-30 04:06:22,677 INFO c.h.h.t.HelmChartContainer - [hivemq-test-hivemq-platform] [hivemq-platform-operator] [143e705b] 04:06:22.676 [ReconcilerExecutor-hivemq-controller-113] DEBUG c.h.p.o.HiveMQPlatformReconciler - [helmwebs] StatefulSet Spec (replicas: 1, init containers: 1, containers: 1, volumes: 7)
2025-01-30 04:06:22,679 INFO c.h.h.t.HelmChartContainer - [hivemq-test-hivemq-platform] [hivemq-platform-operator] [143e705b] 04:06:22.677 [ReconcilerExecutor-hivemq-controller-113] DEBUG c.h.p.o.h.HiveMQPlatformReconcilerErrorHandler - [helmwebs] Pod 'test-hivemq-platform-0' phase Running
2025-01-30 04:06:22,679 INFO c.h.h.t.HelmChartContainer - [hivemq-test-hivemq-platform] [hivemq-platform-operator] [143e705b] 04:06:22.678 [ReconcilerExecutor-hivemq-controller-113] INFO  c.h.p.o.h.HiveMQPlatformReconcilerBaseHandler - [helmwebs] HiveMQ Platform is starting, 0 of 1 replicas are ready
2025-01-30 04:06:23,024 INFO c.h.h.t.HelmChartContainer - [test-hivemq-platform] [hivemq] [fb67b5e8] INFO  - [HiveMQ Platform Operator Init App 1.7.0-SNAPSHOT] Returning Health API response 503 for readiness
2025-01-30 04:06:23,028 INFO c.h.h.t.HelmChartContainer - [EVENT] Warning [Unhealthy] Readiness probe failed: HTTP probe failed with statuscode: 503 [helmwebsocketsit:test-hivemq-platform-0]
2025-01-30 04:06:23,028 INFO c.h.h.t.HelmChartContainer - Received Unhealthy event for container hivemq in pod test-hivemq-platform-0 [fb67b5e8-5174-479b-b8bc-61e9f1e2cb48]
2025-01-30 04:06:23,726 INFO c.h.h.t.HelmChartContainer - [test-hivemq-platform] [hivemq] [fb67b5e8] INFO  - 7eiSU: no members discovered after 2411 ms: creating cluster as first member
2025-01-30 04:06:23,732 INFO c.h.h.t.HelmChartContainer - [test-hivemq-platform] [hivemq] [fb67b5e8] INFO  - Cluster nodes found by discovery: [7eiSU|0] (1) [7eiSU].
2025-01-30 04:06:23,820 INFO c.h.h.t.HelmChartContainer - [test-hivemq-platform] [hivemq] [fb67b5e8] WARN  - No user for HiveMQ Control Center configured. Starting with default user
2025-01-30 04:06:23,820 INFO c.h.h.t.HelmChartContainer - [test-hivemq-platform] [hivemq] [fb67b5e8] INFO  - Starting HiveMQ Control Center on address 127.0.0.1 and port 8080
2025-01-30 04:06:23,820 INFO c.h.h.t.HelmChartContainer - [test-hivemq-platform] [hivemq] [fb67b5e8] INFO  - Mounting HiveMQ Control Center V2 Preview
2025-01-30 04:06:24,431 INFO c.h.h.t.HelmChartContainer - [test-hivemq-platform] [hivemq] [fb67b5e8] INFO  - Started HiveMQ Control Center in 612ms
2025-01-30 04:06:24,526 INFO c.h.h.t.HelmChartContainer - [test-hivemq-platform] [hivemq] [fb67b5e8] INFO  - Starting Websocket listener on address 0.0.0.0 and port 8002
2025-01-30 04:06:25,322 INFO c.h.h.t.HelmChartContainer - [test-hivemq-platform] [hivemq] [fb67b5e8] INFO  - Enabled protocols for Websocket Listener with TLS at address 0.0.0.0 and port 8003: [TLSv1.3, TLSv1.2]
2025-01-30 04:06:25,322 INFO c.h.h.t.HelmChartContainer - [test-hivemq-platform] [hivemq] [fb67b5e8] INFO  - Enabled cipher suites for Websocket Listener with TLS at address 0.0.0.0 and port 8003: [TLS_ECDHE_ECDSA_WITH_AES_256_GCM_SHA384, TLS_ECDHE_ECDSA_WITH_AES_128_GCM_SHA256, TLS_ECDHE_RSA_WITH_AES_128_GCM_SHA256, TLS_ECDHE_RSA_WITH_AES_256_GCM_SHA384, TLS_ECDHE_RSA_WITH_AES_128_CBC_SHA, TLS_ECDHE_RSA_WITH_AES_256_CBC_SHA, TLS_RSA_WITH_AES_128_GCM_SHA256, TLS_RSA_WITH_AES_128_CBC_SHA, TLS_RSA_WITH_AES_256_CBC_SHA, TLS_AES_128_GCM_SHA256, TLS_AES_256_GCM_SHA384]
2025-01-30 04:06:25,324 INFO c.h.h.t.HelmChartContainer - [test-hivemq-platform] [hivemq] [fb67b5e8] INFO  - Starting Websocket TLS listener on address 0.0.0.0 and port 8003
2025-01-30 04:06:25,429 INFO c.h.h.t.HelmChartContainer - [test-hivemq-platform] [hivemq] [fb67b5e8] INFO  - Enabled protocols for Websocket Listener with TLS at address 0.0.0.0 and port 8004: [TLSv1.3, TLSv1.2]
2025-01-30 04:06:25,431 INFO c.h.h.t.HelmChartContainer - [test-hivemq-platform] [hivemq] [fb67b5e8] INFO  - Enabled cipher suites for Websocket Listener with TLS at address 0.0.0.0 and port 8004: [TLS_ECDHE_ECDSA_WITH_AES_256_GCM_SHA384, TLS_ECDHE_ECDSA_WITH_AES_128_GCM_SHA256, TLS_ECDHE_RSA_WITH_AES_128_GCM_SHA256, TLS_ECDHE_RSA_WITH_AES_256_GCM_SHA384, TLS_ECDHE_RSA_WITH_AES_128_CBC_SHA, TLS_ECDHE_RSA_WITH_AES_256_CBC_SHA, TLS_RSA_WITH_AES_128_GCM_SHA256, TLS_RSA_WITH_AES_128_CBC_SHA, TLS_RSA_WITH_AES_256_CBC_SHA, TLS_AES_128_GCM_SHA256, TLS_AES_256_GCM_SHA384]
2025-01-30 04:06:25,432 INFO c.h.h.t.HelmChartContainer - [test-hivemq-platform] [hivemq] [fb67b5e8] INFO  - Starting Websocket TLS listener on address 0.0.0.0 and port 8004
2025-01-30 04:06:25,499 INFO c.h.h.t.HelmChartContainer - [test-hivemq-platform] [hivemq] [fb67b5e8] INFO  - Started Websocket Listener on address 0.0.0.0 and on port 8002.
2025-01-30 04:06:25,500 INFO c.h.h.t.HelmChartContainer - [test-hivemq-platform] [hivemq] [fb67b5e8] INFO  - Started Websocket Listener with TLS on address 0.0.0.0 and on port 8003.
2025-01-30 04:06:25,500 INFO c.h.h.t.HelmChartContainer - [test-hivemq-platform] [hivemq] [fb67b5e8] INFO  - Started Websocket Listener with TLS on address 0.0.0.0 and on port 8004.
2025-01-30 04:06:25,500 INFO c.h.h.t.HelmChartContainer - [test-hivemq-platform] [hivemq] [fb67b5e8] INFO  - Started HiveMQ in 31675ms
2025-01-30 04:06:27,436 INFO c.h.h.t.HelmChartContainer - [test-hivemq-platform] [hivemq] [fb67b5e8] INFO  - [HiveMQ Platform Operator Init App 1.7.0-SNAPSHOT] Returning Health API response 200 for readiness
2025-01-30 04:06:27,451 INFO c.h.h.t.HelmChartContainer - [POD] test-hivemq-platform-0 [fb67b5e8-5174-479b-b8bc-61e9f1e2cb48] in helmwebsocketsit was MODIFIED
2025-01-30 04:06:27,473 INFO c.h.h.t.HelmChartContainer - [hivemq-test-hivemq-platform] [hivemq-platform-operator] [143e705b] 04:06:27.459 [pool-6-thread-46] DEBUG c.h.p.o.d.PlatformServiceResource - [helmwebs] Desired Platform services (4 services)
2025-01-30 04:06:27,473 INFO c.h.h.t.HelmChartContainer - [hivemq-test-hivemq-platform] [hivemq-platform-operator] [143e705b] 04:06:27.462 [pool-6-thread-43] DEBUG c.h.p.o.dependants.PodInfoConfigMap - [helmwebs] Desired PodInfo ConfigMap (1 extensions) (1 enabled)
2025-01-30 04:06:27,473 INFO c.h.h.t.HelmChartContainer - [hivemq-test-hivemq-platform] [hivemq-platform-operator] [143e705b] 04:06:27.462 [pool-6-thread-43] DEBUG c.h.p.o.dependants.PodInfoConfigMap - [helmwebs] Desired PodInfo ConfigMap (metrics port: 9399) (metrics path: /)
2025-01-30 04:06:27,473 INFO c.h.h.t.HelmChartContainer - [hivemq-test-hivemq-platform] [hivemq-platform-operator] [143e705b] 04:06:27.465 [pool-6-thread-43] DEBUG c.h.p.o.dependants.PodInfoConfigMap - [helmwebs] Desired PodInfo ConfigMap (extension state hash: -1817474005)
2025-01-30 04:06:27,473 INFO c.h.h.t.HelmChartContainer - [hivemq-test-hivemq-platform] [hivemq-platform-operator] [143e705b] 04:06:27.465 [pool-6-thread-45] DEBUG c.h.p.o.d.PodServiceAccountResource - [helmwebs] Desired PodServiceAccountResource (serviceAccountName: hivemq-platform-pod-test-hivemq-platform)
2025-01-30 04:06:27,481 INFO c.h.h.t.HelmChartContainer - [hivemq-test-hivemq-platform] [hivemq-platform-operator] [143e705b] 04:06:27.481 [pool-6-thread-46] DEBUG c.h.p.o.d.StatefulSetResource - [helmwebs] Desired StatefulSet (1 replicas) for status STARTING (READY)
2025-01-30 04:06:27,567 INFO c.h.h.t.HelmChartContainer - [hivemq-test-hivemq-platform] [hivemq-platform-operator] [143e705b] 04:06:27.566 [ReconcilerExecutor-hivemq-controller-114] INFO  c.h.p.o.HiveMQPlatformReconciler - [helmwebs] Reconciling HiveMQ Platform 'test-hivemq-platform' in namespace 'helmwebsocketsit'
2025-01-30 04:06:27,567 INFO c.h.h.t.HelmChartContainer - [hivemq-test-hivemq-platform] [hivemq-platform-operator] [143e705b] 04:06:27.566 [ReconcilerExecutor-hivemq-controller-114] DEBUG c.h.p.o.HiveMQPlatformReconciler - [helmwebs] Custom Resource Status STARTING - HiveMQ Platform is starting (READY)
2025-01-30 04:06:27,568 INFO c.h.h.t.HelmChartContainer - [hivemq-test-hivemq-platform] [hivemq-platform-operator] [143e705b] 04:06:27.566 [ReconcilerExecutor-hivemq-controller-114] DEBUG c.h.p.o.HiveMQPlatformReconciler - [helmwebs] Custom Resource Spec (replicas: 1) (extensions: 1)
2025-01-30 04:06:27,577 INFO c.h.h.t.HelmChartContainer - [hivemq-test-hivemq-platform] [hivemq-platform-operator] [143e705b] 04:06:27.575 [ReconcilerExecutor-hivemq-controller-114] DEBUG c.h.p.o.HiveMQPlatformReconciler - [helmwebs] StatefulSet Status (revision: test-hivemq-platform-5648bbf7bc, replicas: 1, available: 1, ready: 1, current: 1, updated: 1)
2025-01-30 04:06:27,577 INFO c.h.h.t.HelmChartContainer - [hivemq-test-hivemq-platform] [hivemq-platform-operator] [143e705b] 04:06:27.575 [ReconcilerExecutor-hivemq-controller-114] DEBUG c.h.p.o.HiveMQPlatformReconciler - [helmwebs] StatefulSet Spec (replicas: 1, init containers: 1, containers: 1, volumes: 7)
2025-01-30 04:06:27,579 INFO c.h.h.t.HelmChartContainer - [hivemq-test-hivemq-platform] [hivemq-platform-operator] [143e705b] 04:06:27.578 [ReconcilerExecutor-hivemq-controller-114] DEBUG c.h.p.o.h.HiveMQPlatformReconcilerErrorHandler - [helmwebs] Pod 'test-hivemq-platform-0' phase Running
2025-01-30 04:06:27,581 INFO c.h.h.t.HelmChartContainer - [hivemq-test-hivemq-platform] [hivemq-platform-operator] [143e705b] 04:06:27.579 [ReconcilerExecutor-hivemq-controller-114] INFO  c.h.p.o.h.HiveMQPlatformReconcilerBaseHandler - [helmwebs] HiveMQ Platform started successfully
2025-01-30 04:06:27,678 INFO c.h.h.t.HelmChartContainer - [hivemq-test-hivemq-platform] [hivemq-platform-operator] [143e705b] 04:06:27.676 [ReconcilerExecutor-hivemq-controller-114] DEBUG c.h.p.operator.event.EventSender - [helmwebs] Creating K8s event hivemq-platform-ready: [Ready] HiveMQ Platform is ready
2025-01-30 04:06:27,681 INFO c.h.h.t.HelmChartContainer - [EVENT] Normal [Ready] HiveMQ Platform is ready [helmwebsocketsit:test-hivemq-platform]
2025-01-30 04:06:27,682 INFO c.h.h.t.HelmChartContainer - [hivemq-test-hivemq-platform] [hivemq-platform-operator] [143e705b] 04:06:27.681 [ReconcilerExecutor-hivemq-controller-114] INFO  c.h.p.o.h.AbstractHiveMQReconcilerStateHandler - [helmwebs] Update HiveMQ Platform Status (STARTING [READY] -> RUNNING [READY]): HiveMQ Platform is ready
2025-01-30 04:06:27,689 DEBUG com.hivemq.helmcharts.util.K8sUtil - Comparing actual state 'RUNNING' and waiting for 'RUNNING'
2025-01-30 04:06:27,768 INFO c.h.h.t.HelmChartContainer - [hivemq-test-hivemq-platform] [hivemq-platform-operator] [143e705b] 04:06:27.766 [pool-6-thread-1] DEBUG c.h.p.o.dependants.PodInfoConfigMap - [helmwebs] Desired PodInfo ConfigMap (1 extensions) (1 enabled)
2025-01-30 04:06:27,769 INFO c.h.h.t.HelmChartContainer - [hivemq-test-hivemq-platform] [hivemq-platform-operator] [143e705b] 04:06:27.766 [pool-6-thread-1] DEBUG c.h.p.o.dependants.PodInfoConfigMap - [helmwebs] Desired PodInfo ConfigMap (metrics port: 9399) (metrics path: /)
2025-01-30 04:06:27,769 INFO c.h.h.t.HelmChartContainer - [hivemq-test-hivemq-platform] [hivemq-platform-operator] [143e705b] 04:06:27.766 [pool-6-thread-1] DEBUG c.h.p.o.dependants.PodInfoConfigMap - [helmwebs] Desired PodInfo ConfigMap (extension state hash: -1817474005)
2025-01-30 04:06:27,769 INFO c.h.h.t.HelmChartContainer - [hivemq-test-hivemq-platform] [hivemq-platform-operator] [143e705b] 04:06:27.765 [pool-6-thread-2] DEBUG c.h.p.o.d.PlatformServiceResource - [helmwebs] Desired Platform services (4 services)
2025-01-30 04:06:27,769 INFO c.h.h.t.HelmChartContainer - [hivemq-test-hivemq-platform] [hivemq-platform-operator] [143e705b] 04:06:27.767 [pool-6-thread-5] DEBUG c.h.p.o.d.PodServiceAccountResource - [helmwebs] Desired PodServiceAccountResource (serviceAccountName: hivemq-platform-pod-test-hivemq-platform)
2025-01-30 04:06:27,769 INFO c.h.h.t.HelmChartContainer - [hivemq-test-hivemq-platform] [hivemq-platform-operator] [143e705b] 04:06:27.768 [pool-6-thread-1] DEBUG c.h.p.o.dependants.PodInfoConfigMap - [helmwebs] Update PodInfo ConfigMap
2025-01-30 04:06:27,864 INFO c.h.h.t.HelmChartContainer - [hivemq-test-hivemq-platform] [hivemq-platform-operator] [143e705b] 04:06:27.861 [pool-6-thread-1] DEBUG c.h.p.o.d.StatefulSetResource - [helmwebs] Desired StatefulSet (1 replicas) for status RUNNING (READY)
2025-01-30 04:06:27,876 INFO c.h.h.t.HelmChartContainer - [hivemq-test-hivemq-platform] [hivemq-platform-operator] [143e705b] 04:06:27.874 [ReconcilerExecutor-hivemq-controller-115] INFO  c.h.p.o.HiveMQPlatformReconciler - [helmwebs] Reconciling HiveMQ Platform 'test-hivemq-platform' in namespace 'helmwebsocketsit'
2025-01-30 04:06:27,876 INFO c.h.h.t.HelmChartContainer - [hivemq-test-hivemq-platform] [hivemq-platform-operator] [143e705b] 04:06:27.874 [ReconcilerExecutor-hivemq-controller-115] DEBUG c.h.p.o.HiveMQPlatformReconciler - [helmwebs] Custom Resource Status RUNNING - HiveMQ Platform is ready (READY)
2025-01-30 04:06:27,876 INFO c.h.h.t.HelmChartContainer - [hivemq-test-hivemq-platform] [hivemq-platform-operator] [143e705b] 04:06:27.874 [ReconcilerExecutor-hivemq-controller-115] DEBUG c.h.p.o.HiveMQPlatformReconciler - [helmwebs] Custom Resource Spec (replicas: 1) (extensions: 1)
2025-01-30 04:06:27,876 INFO c.h.h.t.HelmChartContainer - [hivemq-test-hivemq-platform] [hivemq-platform-operator] [143e705b] 04:06:27.876 [ReconcilerExecutor-hivemq-controller-115] DEBUG c.h.p.o.HiveMQPlatformReconciler - [helmwebs] StatefulSet Status (revision: test-hivemq-platform-5648bbf7bc, replicas: 1, available: 1, ready: 1, current: 1, updated: 1)
2025-01-30 04:06:27,877 INFO c.h.h.t.HelmChartContainer - [hivemq-test-hivemq-platform] [hivemq-platform-operator] [143e705b] 04:06:27.876 [ReconcilerExecutor-hivemq-controller-115] DEBUG c.h.p.o.HiveMQPlatformReconciler - [helmwebs] StatefulSet Spec (replicas: 1, init containers: 1, containers: 1, volumes: 7)
2025-01-30 04:06:27,878 INFO c.h.h.t.HelmChartContainer - [hivemq-test-hivemq-platform] [hivemq-platform-operator] [143e705b] 04:06:27.877 [ReconcilerExecutor-hivemq-controller-115] DEBUG c.h.p.o.h.HiveMQPlatformReconcilerErrorHandler - [helmwebs] Pod 'test-hivemq-platform-0' phase Running
2025-01-30 04:06:30,511 INFO c.h.h.t.HelmChartContainer - Uninstalling release 'test-hivemq-platform' in namespace 'helmwebsocketsit'...
2025-01-30 04:06:30,511 DEBUG c.h.h.t.HelmChartContainer - Executing helm command: /bin/helm --kubeconfig /etc/rancher/k3s/k3s.yaml uninstall test-hivemq-platform  --wait --timeout 5m0s --cascade foreground --namespace helmwebsocketsit
2025-01-30 04:06:30,515 INFO c.h.h.t.HelmChartContainer - [K3S] [upgradeaware.go:427] Error proxying data from client to backend: remote error: tls: user canceled
2025-01-30 04:06:30,709 INFO c.h.h.t.HelmChartContainer - [hivemq-test-hivemq-platform] [hivemq-platform-operator] [143e705b] 04:06:30.705 [pool-6-thread-16] DEBUG c.h.p.o.d.PlatformServiceResource - [helmwebs] Desired Platform services (4 services)
2025-01-30 04:06:30,722 INFO c.h.h.t.HelmChartContainer - [hivemq-test-hivemq-platform] [hivemq-platform-operator] [143e705b] 04:06:30.709 [pool-6-thread-14] DEBUG c.h.p.o.dependants.PodInfoConfigMap - [helmwebs] Desired PodInfo ConfigMap (1 extensions) (1 enabled)
2025-01-30 04:06:30,722 INFO c.h.h.t.HelmChartContainer - [hivemq-test-hivemq-platform] [hivemq-platform-operator] [143e705b] 04:06:30.711 [pool-6-thread-15] DEBUG c.h.p.o.d.PodServiceAccountResource - [helmwebs] Desired PodServiceAccountResource (serviceAccountName: hivemq-platform-pod-test-hivemq-platform)
2025-01-30 04:06:30,722 INFO c.h.h.t.HelmChartContainer - [hivemq-test-hivemq-platform] [hivemq-platform-operator] [143e705b] 04:06:30.714 [pool-6-thread-14] DEBUG c.h.p.o.dependants.PodInfoConfigMap - [helmwebs] Desired PodInfo ConfigMap (metrics port: 9399) (metrics path: /)
2025-01-30 04:06:30,722 INFO c.h.h.t.HelmChartContainer - [hivemq-test-hivemq-platform] [hivemq-platform-operator] [143e705b] 04:06:30.714 [pool-6-thread-14] DEBUG c.h.p.o.dependants.PodInfoConfigMap - [helmwebs] Desired PodInfo ConfigMap (extension state hash: -1817474005)
2025-01-30 04:06:30,722 INFO c.h.h.t.HelmChartContainer - [hivemq-test-hivemq-platform] [hivemq-platform-operator] [143e705b] 04:06:30.717 [pool-6-thread-16] DEBUG c.h.p.o.d.StatefulSetResource - [helmwebs] Desired StatefulSet (1 replicas) for status RUNNING (READY)
2025-01-30 04:06:30,780 INFO c.h.h.t.HelmChartContainer - [hivemq-test-hivemq-platform] [hivemq-platform-operator] [143e705b] 04:06:30.777 [ReconcilerExecutor-hivemq-controller-116] INFO  c.h.p.o.HiveMQPlatformReconciler - [helmwebs] Reconciling HiveMQ Platform 'test-hivemq-platform' in namespace 'helmwebsocketsit'
2025-01-30 04:06:30,781 INFO c.h.h.t.HelmChartContainer - [hivemq-test-hivemq-platform] [hivemq-platform-operator] [143e705b] 04:06:30.777 [ReconcilerExecutor-hivemq-controller-116] DEBUG c.h.p.o.HiveMQPlatformReconciler - [helmwebs] Custom Resource Status RUNNING - HiveMQ Platform is ready (READY)
2025-01-30 04:06:30,781 INFO c.h.h.t.HelmChartContainer - [hivemq-test-hivemq-platform] [hivemq-platform-operator] [143e705b] 04:06:30.777 [ReconcilerExecutor-hivemq-controller-116] DEBUG c.h.p.o.HiveMQPlatformReconciler - [helmwebs] Custom Resource Spec (replicas: 1) (extensions: 1)
2025-01-30 04:06:30,781 INFO c.h.h.t.HelmChartContainer - [hivemq-test-hivemq-platform] [hivemq-platform-operator] [143e705b] 04:06:30.778 [ReconcilerExecutor-hivemq-controller-116] WARN  c.h.p.o.h.HiveMQPlatformReconcilerErrorHandler - [helmwebs] Could not find ConfigMap 'hivemq-configuration-test-hivemq-platform' for HiveMQ Platform configuration
2025-01-30 04:06:30,890 INFO c.h.h.t.HelmChartContainer - [hivemq-test-hivemq-platform] [hivemq-platform-operator] [143e705b] 04:06:30.889 [ReconcilerExecutor-hivemq-controller-116] DEBUG c.h.p.operator.event.EventSender - [helmwebs] Creating K8s event hivemq-platform-invalid-configuration: [Start] Could not find ConfigMap 'hivemq-configuration-test-hivemq-platform' for HiveMQ Platform configuration
2025-01-30 04:06:30,893 INFO c.h.h.t.HelmChartContainer - [EVENT] Warning [Start] Could not find ConfigMap 'hivemq-configuration-test-hivemq-platform' for HiveMQ Platform configuration [helmwebsocketsit:test-hivemq-platform]
2025-01-30 04:06:30,894 INFO c.h.h.t.HelmChartContainer - [hivemq-test-hivemq-platform] [hivemq-platform-operator] [143e705b] 04:06:30.894 [ReconcilerExecutor-hivemq-controller-116] INFO  c.h.p.o.h.AbstractHiveMQReconcilerStateHandler - [helmwebs] Update HiveMQ Platform Status (RUNNING [READY] -> ERROR [INVALID_CONFIG_MAP]): Could not find ConfigMap 'hivemq-configuration-test-hivemq-platform' for HiveMQ Platform configuration
2025-01-30 04:06:30,983 INFO c.h.h.t.HelmChartContainer - [hivemq-test-hivemq-platform] [hivemq-platform-operator] [143e705b] 04:06:30.980 [ReconcilerExecutor-hivemq-controller-116] ERROR i.j.o.p.event.EventProcessor - Error during event processing ExecutionScope{ resource id: ResourceID{name='test-hivemq-platform', namespace='helmwebsocketsit'}, version: 1413}
2025-01-30 04:06:30,983 INFO c.h.h.t.HelmChartContainer - [hivemq-test-hivemq-platform] [hivemq-platform-operator] [143e705b] io.fabric8.kubernetes.client.KubernetesClientException: Failure executing: PUT at: https://10.43.0.1:443/apis/hivemq.com/v1/namespaces/helmwebsocketsit/hivemq-platforms/test-hivemq-platform/status. Message: Operation cannot be fulfilled on hivemq-platforms.hivemq.com "test-hivemq-platform": the object has been modified; please apply your changes to the latest version and try again. Received status: Status(apiVersion=v1, code=409, details=StatusDetails(causes=[], group=hivemq.com, kind=hivemq-platforms, name=test-hivemq-platform, retryAfterSeconds=null, uid=null, additionalProperties={}), kind=Status, message=Operation cannot be fulfilled on hivemq-platforms.hivemq.com "test-hivemq-platform": the object has been modified; please apply your changes to the latest version and try again, metadata=ListMeta(_continue=null, remainingItemCount=null, resourceVersion=null, selfLink=null, additionalProperties={}), reason=Conflict, status=Failure, additionalProperties={}).
2025-01-30 04:06:30,983 INFO c.h.h.t.HelmChartContainer - [hivemq-test-hivemq-platform] [hivemq-platform-operator] [143e705b] 	at io.fabric8.kubernetes.client.KubernetesClientException.copyAsCause(KubernetesClientException.java:238)
2025-01-30 04:06:30,983 INFO c.h.h.t.HelmChartContainer - [hivemq-test-hivemq-platform] [hivemq-platform-operator] [143e705b] 	at io.fabric8.kubernetes.client.dsl.internal.OperationSupport.waitForResult(OperationSupport.java:507)
2025-01-30 04:06:30,983 INFO c.h.h.t.HelmChartContainer - [hivemq-test-hivemq-platform] [hivemq-platform-operator] [143e705b] 	at io.fabric8.kubernetes.client.dsl.internal.OperationSupport.handleResponse(OperationSupport.java:524)
2025-01-30 04:06:30,983 INFO c.h.h.t.HelmChartContainer - [hivemq-test-hivemq-platform] [hivemq-platform-operator] [143e705b] 	at io.fabric8.kubernetes.client.dsl.internal.OperationSupport.handleUpdate(OperationSupport.java:358)
2025-01-30 04:06:30,983 INFO c.h.h.t.HelmChartContainer - [hivemq-test-hivemq-platform] [hivemq-platform-operator] [143e705b] 	at io.fabric8.kubernetes.client.dsl.internal.BaseOperation.handleUpdate(BaseOperation.java:759)
2025-01-30 04:06:30,983 INFO c.h.h.t.HelmChartContainer - [hivemq-test-hivemq-platform] [hivemq-platform-operator] [143e705b] 	at io.fabric8.kubernetes.client.dsl.internal.HasMetadataOperation.update(HasMetadataOperation.java:138)
2025-01-30 04:06:30,983 INFO c.h.h.t.HelmChartContainer - [hivemq-test-hivemq-platform] [hivemq-platform-operator] [143e705b] 	at io.fabric8.kubernetes.client.dsl.internal.HasMetadataOperation.update(HasMetadataOperation.java:121)
2025-01-30 04:06:30,983 INFO c.h.h.t.HelmChartContainer - [hivemq-test-hivemq-platform] [hivemq-platform-operator] [143e705b] 	at io.fabric8.kubernetes.client.dsl.internal.HasMetadataOperation.updateStatus(HasMetadataOperation.java:126)
2025-01-30 04:06:30,983 INFO c.h.h.t.HelmChartContainer - [hivemq-test-hivemq-platform] [hivemq-platform-operator] [143e705b] 	at io.fabric8.kubernetes.client.dsl.internal.HasMetadataOperation.updateStatus(HasMetadataOperation.java:44)
2025-01-30 04:06:30,983 INFO c.h.h.t.HelmChartContainer - [hivemq-test-hivemq-platform] [hivemq-platform-operator] [143e705b] 	at io.javaoperatorsdk.operator.processing.event.ReconciliationDispatcher$CustomResourceFacade.updateStatus(ReconciliationDispatcher.java:408)
2025-01-30 04:06:30,985 INFO c.h.h.t.HelmChartContainer - [hivemq-test-hivemq-platform] [hivemq-platform-operator] [143e705b] 	at io.javaoperatorsdk.operator.processing.event.ReconciliationDispatcher.updateStatusGenerationAware(ReconciliationDispatcher.java:228)
2025-01-30 04:06:30,985 INFO c.h.h.t.HelmChartContainer - [hivemq-test-hivemq-platform] [hivemq-platform-operator] [143e705b] 	at io.javaoperatorsdk.operator.processing.event.ReconciliationDispatcher.reconcileExecution(ReconciliationDispatcher.java:150)
2025-01-30 04:06:30,985 INFO c.h.h.t.HelmChartContainer - [hivemq-test-hivemq-platform] [hivemq-platform-operator] [143e705b] 	at io.javaoperatorsdk.operator.processing.event.ReconciliationDispatcher.handleReconcile(ReconciliationDispatcher.java:117)
2025-01-30 04:06:30,985 INFO c.h.h.t.HelmChartContainer - [hivemq-test-hivemq-platform] [hivemq-platform-operator] [143e705b] 	at io.javaoperatorsdk.operator.processing.event.ReconciliationDispatcher.handleDispatch(ReconciliationDispatcher.java:91)
2025-01-30 04:06:30,985 INFO c.h.h.t.HelmChartContainer - [hivemq-test-hivemq-platform] [hivemq-platform-operator] [143e705b] 	at io.javaoperatorsdk.operator.processing.event.ReconciliationDispatcher.handleExecution(ReconciliationDispatcher.java:64)
2025-01-30 04:06:30,985 INFO c.h.h.t.HelmChartContainer - [hivemq-test-hivemq-platform] [hivemq-platform-operator] [143e705b] 	at io.javaoperatorsdk.operator.processing.event.EventProcessor$ReconcilerExecutor.run(EventProcessor.java:452)
2025-01-30 04:06:30,985 INFO c.h.h.t.HelmChartContainer - [hivemq-test-hivemq-platform] [hivemq-platform-operator] [143e705b] 	at java.base/java.util.concurrent.ThreadPoolExecutor.runWorker(Unknown Source)
2025-01-30 04:06:30,985 INFO c.h.h.t.HelmChartContainer - [hivemq-test-hivemq-platform] [hivemq-platform-operator] [143e705b] 	at java.base/java.util.concurrent.ThreadPoolExecutor$Worker.run(Unknown Source)
2025-01-30 04:06:30,985 INFO c.h.h.t.HelmChartContainer - [hivemq-test-hivemq-platform] [hivemq-platform-operator] [143e705b] 	at java.base/java.lang.Thread.run(Unknown Source)
2025-01-30 04:06:30,985 INFO c.h.h.t.HelmChartContainer - [hivemq-test-hivemq-platform] [hivemq-platform-operator] [143e705b] Caused by: io.fabric8.kubernetes.client.KubernetesClientException: Failure executing: PUT at: https://10.43.0.1:443/apis/hivemq.com/v1/namespaces/helmwebsocketsit/hivemq-platforms/test-hivemq-platform/status. Message: Operation cannot be fulfilled on hivemq-platforms.hivemq.com "test-hivemq-platform": the object has been modified; please apply your changes to the latest version and try again. Received status: Status(apiVersion=v1, code=409, details=StatusDetails(causes=[], group=hivemq.com, kind=hivemq-platforms, name=test-hivemq-platform, retryAfterSeconds=null, uid=null, additionalProperties={}), kind=Status, message=Operation cannot be fulfilled on hivemq-platforms.hivemq.com "test-hivemq-platform": the object has been modified; please apply your changes to the latest version and try again, metadata=ListMeta(_continue=null, remainingItemCount=null, resourceVersion=null, selfLink=null, additionalProperties={}), reason=Conflict, status=Failure, additionalProperties={}).
2025-01-30 04:06:30,985 INFO c.h.h.t.HelmChartContainer - [hivemq-test-hivemq-platform] [hivemq-platform-operator] [143e705b] 	at io.fabric8.kubernetes.client.dsl.internal.OperationSupport.requestFailure(OperationSupport.java:660)
2025-01-30 04:06:30,985 INFO c.h.h.t.HelmChartContainer - [hivemq-test-hivemq-platform] [hivemq-platform-operator] [143e705b] 	at io.fabric8.kubernetes.client.dsl.internal.OperationSupport.requestFailure(OperationSupport.java:640)
2025-01-30 04:06:30,985 INFO c.h.h.t.HelmChartContainer - [hivemq-test-hivemq-platform] [hivemq-platform-operator] [143e705b] 	at io.fabric8.kubernetes.client.dsl.internal.OperationSupport.assertResponseCode(OperationSupport.java:589)
2025-01-30 04:06:30,986 INFO c.h.h.t.HelmChartContainer - [hivemq-test-hivemq-platform] [hivemq-platform-operator] [143e705b] 	at io.fabric8.kubernetes.client.dsl.internal.OperationSupport.lambda$handleResponse$0(OperationSupport.java:549)
2025-01-30 04:06:30,986 INFO c.h.h.t.HelmChartContainer - [hivemq-test-hivemq-platform] [hivemq-platform-operator] [143e705b] 	at java.base/java.util.concurrent.CompletableFuture$UniApply.tryFire(Unknown Source)
2025-01-30 04:06:30,986 INFO c.h.h.t.HelmChartContainer - [hivemq-test-hivemq-platform] [hivemq-platform-operator] [143e705b] 	at java.base/java.util.concurrent.CompletableFuture.postComplete(Unknown Source)
2025-01-30 04:06:30,986 INFO c.h.h.t.HelmChartContainer - [hivemq-test-hivemq-platform] [hivemq-platform-operator] [143e705b] 	at java.base/java.util.concurrent.CompletableFuture.complete(Unknown Source)
2025-01-30 04:06:30,986 INFO c.h.h.t.HelmChartContainer - [hivemq-test-hivemq-platform] [hivemq-platform-operator] [143e705b] 	at io.fabric8.kubernetes.client.http.StandardHttpClient.lambda$completeOrCancel$10(StandardHttpClient.java:141)
2025-01-30 04:06:30,986 INFO c.h.h.t.HelmChartContainer - [hivemq-test-hivemq-platform] [hivemq-platform-operator] [143e705b] 	at java.base/java.util.concurrent.CompletableFuture.uniWhenComplete(Unknown Source)
2025-01-30 04:06:30,986 INFO c.h.h.t.HelmChartContainer - [hivemq-test-hivemq-platform] [hivemq-platform-operator] [143e705b] 	at java.base/java.util.concurrent.CompletableFuture$UniWhenComplete.tryFire(Unknown Source)
2025-01-30 04:06:30,986 INFO c.h.h.t.HelmChartContainer - [hivemq-test-hivemq-platform] [hivemq-platform-operator] [143e705b] 	at java.base/java.util.concurrent.CompletableFuture.postComplete(Unknown Source)
2025-01-30 04:06:30,986 INFO c.h.h.t.HelmChartContainer - [hivemq-test-hivemq-platform] [hivemq-platform-operator] [143e705b] 	at java.base/java.util.concurrent.CompletableFuture.complete(Unknown Source)
2025-01-30 04:06:30,986 INFO c.h.h.t.HelmChartContainer - [hivemq-test-hivemq-platform] [hivemq-platform-operator] [143e705b] 	at io.fabric8.kubernetes.client.http.ByteArrayBodyHandler.onBodyDone(ByteArrayBodyHandler.java:51)
2025-01-30 04:06:30,986 INFO c.h.h.t.HelmChartContainer - [hivemq-test-hivemq-platform] [hivemq-platform-operator] [143e705b] 	at java.base/java.util.concurrent.CompletableFuture.uniWhenComplete(Unknown Source)
2025-01-30 04:06:30,986 INFO c.h.h.t.HelmChartContainer - [hivemq-test-hivemq-platform] [hivemq-platform-operator] [143e705b] 	at java.base/java.util.concurrent.CompletableFuture$UniWhenComplete.tryFire(Unknown Source)
2025-01-30 04:06:30,986 INFO c.h.h.t.HelmChartContainer - [hivemq-test-hivemq-platform] [hivemq-platform-operator] [143e705b] 	at java.base/java.util.concurrent.CompletableFuture.postComplete(Unknown Source)
2025-01-30 04:06:30,986 INFO c.h.h.t.HelmChartContainer - [hivemq-test-hivemq-platform] [hivemq-platform-operator] [143e705b] 	at java.base/java.util.concurrent.CompletableFuture.complete(Unknown Source)
2025-01-30 04:06:30,986 INFO c.h.h.t.HelmChartContainer - [hivemq-test-hivemq-platform] [hivemq-platform-operator] [143e705b] 	at io.fabric8.kubernetes.client.vertx.VertxHttpRequest.lambda$null$1(VertxHttpRequest.java:121)
2025-01-30 04:06:30,986 INFO c.h.h.t.HelmChartContainer - [hivemq-test-hivemq-platform] [hivemq-platform-operator] [143e705b] 	at io.vertx.core.impl.ContextInternal.dispatch(ContextInternal.java:279)
2025-01-30 04:06:30,986 INFO c.h.h.t.HelmChartContainer - [hivemq-test-hivemq-platform] [hivemq-platform-operator] [143e705b] 	at io.vertx.core.impl.ContextInternal.dispatch(ContextInternal.java:261)
2025-01-30 04:06:30,986 INFO c.h.h.t.HelmChartContainer - [hivemq-test-hivemq-platform] [hivemq-platform-operator] [143e705b] 	at io.vertx.core.http.impl.HttpEventHandler.handleEnd(HttpEventHandler.java:76)
2025-01-30 04:06:30,986 INFO c.h.h.t.HelmChartContainer - [hivemq-test-hivemq-platform] [hivemq-platform-operator] [143e705b] 	at io.vertx.core.http.impl.HttpClientResponseImpl.handleEnd(HttpClientResponseImpl.java:250)
2025-01-30 04:06:30,986 INFO c.h.h.t.HelmChartContainer - [hivemq-test-hivemq-platform] [hivemq-platform-operator] [143e705b] 	at io.vertx.core.http.impl.Http1xClientConnection$StreamImpl.lambda$new$0(Http1xClientConnection.java:421)
2025-01-30 04:06:30,986 INFO c.h.h.t.HelmChartContainer - [hivemq-test-hivemq-platform] [hivemq-platform-operator] [143e705b] 	at io.vertx.core.streams.impl.InboundBuffer.handleEvent(InboundBuffer.java:279)
2025-01-30 04:06:30,986 INFO c.h.h.t.HelmChartContainer - [hivemq-test-hivemq-platform] [hivemq-platform-operator] [143e705b] 	at io.vertx.core.streams.impl.InboundBuffer.write(InboundBuffer.java:157)
2025-01-30 04:06:30,986 INFO c.h.h.t.HelmChartContainer - [hivemq-test-hivemq-platform] [hivemq-platform-operator] [143e705b] 	at io.vertx.core.http.impl.Http1xClientConnection$StreamImpl.handleEnd(Http1xClientConnection.java:709)
2025-01-30 04:06:30,986 INFO c.h.h.t.HelmChartContainer - [hivemq-test-hivemq-platform] [hivemq-platform-operator] [143e705b] 	at io.vertx.core.impl.ContextImpl.execute(ContextImpl.java:313)
2025-01-30 04:06:30,986 INFO c.h.h.t.HelmChartContainer - [hivemq-test-hivemq-platform] [hivemq-platform-operator] [143e705b] 	at io.vertx.core.impl.ContextImpl.execute(ContextImpl.java:293)
2025-01-30 04:06:30,986 INFO c.h.h.t.HelmChartContainer - [hivemq-test-hivemq-platform] [hivemq-platform-operator] [143e705b] 	at io.vertx.core.http.impl.Http1xClientConnection.handleResponseEnd(Http1xClientConnection.java:940)
2025-01-30 04:06:30,986 INFO c.h.h.t.HelmChartContainer - [hivemq-test-hivemq-platform] [hivemq-platform-operator] [143e705b] 	at io.vertx.core.http.impl.Http1xClientConnection.handleHttpMessage(Http1xClientConnection.java:810)
2025-01-30 04:06:30,986 INFO c.h.h.t.HelmChartContainer - [hivemq-test-hivemq-platform] [hivemq-platform-operator] [143e705b] 	at io.vertx.core.http.impl.Http1xClientConnection.handleMessage(Http1xClientConnection.java:774)
2025-01-30 04:06:30,986 INFO c.h.h.t.HelmChartContainer - [hivemq-test-hivemq-platform] [hivemq-platform-operator] [143e705b] 	at io.vertx.core.net.impl.ConnectionBase.read(ConnectionBase.java:159)
2025-01-30 04:06:30,986 INFO c.h.h.t.HelmChartContainer - [hivemq-test-hivemq-platform] [hivemq-platform-operator] [143e705b] 	at io.vertx.core.net.impl.VertxHandler.channelRead(VertxHandler.java:153)
2025-01-30 04:06:30,986 INFO c.h.h.t.HelmChartContainer - [hivemq-test-hivemq-platform] [hivemq-platform-operator] [143e705b] 	at io.netty.channel.AbstractChannelHandlerContext.invokeChannelRead(AbstractChannelHandlerContext.java:442)
2025-01-30 04:06:30,986 INFO c.h.h.t.HelmChartContainer - [hivemq-test-hivemq-platform] [hivemq-platform-operator] [143e705b] 	at io.netty.channel.AbstractChannelHandlerContext.invokeChannelRead(AbstractChannelHandlerContext.java:420)
2025-01-30 04:06:30,986 INFO c.h.h.t.HelmChartContainer - [hivemq-test-hivemq-platform] [hivemq-platform-operator] [143e705b] 	at io.netty.channel.AbstractChannelHandlerContext.fireChannelRead(AbstractChannelHandlerContext.java:412)
2025-01-30 04:06:30,986 INFO c.h.h.t.HelmChartContainer - [hivemq-test-hivemq-platform] [hivemq-platform-operator] [143e705b] 	at io.netty.channel.CombinedChannelDuplexHandler$DelegatingChannelHandlerContext.fireChannelRead(CombinedChannelDuplexHandler.java:436)
2025-01-30 04:06:30,986 INFO c.h.h.t.HelmChartContainer - [hivemq-test-hivemq-platform] [hivemq-platform-operator] [143e705b] 	at io.netty.handler.codec.ByteToMessageDecoder.fireChannelRead(ByteToMessageDecoder.java:346)
2025-01-30 04:06:30,986 INFO c.h.h.t.HelmChartContainer - [hivemq-test-hivemq-platform] [hivemq-platform-operator] [143e705b] 	at io.netty.handler.codec.ByteToMessageDecoder.channelRead(ByteToMessageDecoder.java:318)
2025-01-30 04:06:30,986 INFO c.h.h.t.HelmChartContainer - [hivemq-test-hivemq-platform] [hivemq-platform-operator] [143e705b] 	at io.netty.channel.CombinedChannelDuplexHandler.channelRead(CombinedChannelDuplexHandler.java:251)
2025-01-30 04:06:30,986 INFO c.h.h.t.HelmChartContainer - [hivemq-test-hivemq-platform] [hivemq-platform-operator] [143e705b] 	at io.netty.channel.AbstractChannelHandlerContext.invokeChannelRead(AbstractChannelHandlerContext.java:442)
2025-01-30 04:06:30,986 INFO c.h.h.t.HelmChartContainer - [hivemq-test-hivemq-platform] [hivemq-platform-operator] [143e705b] 	at io.netty.channel.AbstractChannelHandlerContext.invokeChannelRead(AbstractChannelHandlerContext.java:420)
2025-01-30 04:06:30,986 INFO c.h.h.t.HelmChartContainer - [hivemq-test-hivemq-platform] [hivemq-platform-operator] [143e705b] 	at io.netty.channel.AbstractChannelHandlerContext.fireChannelRead(AbstractChannelHandlerContext.java:412)
2025-01-30 04:06:30,986 INFO c.h.h.t.HelmChartContainer - [hivemq-test-hivemq-platform] [hivemq-platform-operator] [143e705b] 	at io.netty.handler.ssl.SslHandler.unwrap(SslHandler.java:1475)
2025-01-30 04:06:30,986 INFO c.h.h.t.HelmChartContainer - [hivemq-test-hivemq-platform] [hivemq-platform-operator] [143e705b] 	at io.netty.handler.ssl.SslHandler.decodeJdkCompatible(SslHandler.java:1338)
2025-01-30 04:06:30,986 INFO c.h.h.t.HelmChartContainer - [hivemq-test-hivemq-platform] [hivemq-platform-operator] [143e705b] 	at io.netty.handler.ssl.SslHandler.decode(SslHandler.java:1387)
2025-01-30 04:06:30,986 INFO c.h.h.t.HelmChartContainer - [hivemq-test-hivemq-platform] [hivemq-platform-operator] [143e705b] 	at io.netty.handler.codec.ByteToMessageDecoder.decodeRemovalReentryProtection(ByteToMessageDecoder.java:530)
2025-01-30 04:06:30,986 INFO c.h.h.t.HelmChartContainer - [hivemq-test-hivemq-platform] [hivemq-platform-operator] [143e705b] 	at io.netty.handler.codec.ByteToMessageDecoder.callDecode(ByteToMessageDecoder.java:469)
2025-01-30 04:06:30,986 INFO c.h.h.t.HelmChartContainer - [hivemq-test-hivemq-platform] [hivemq-platform-operator] [143e705b] 	at io.netty.handler.codec.ByteToMessageDecoder.channelRead(ByteToMessageDecoder.java:290)
2025-01-30 04:06:30,986 INFO c.h.h.t.HelmChartContainer - [hivemq-test-hivemq-platform] [hivemq-platform-operator] [143e705b] 	at io.netty.channel.AbstractChannelHandlerContext.invokeChannelRead(AbstractChannelHandlerContext.java:444)
2025-01-30 04:06:30,986 INFO c.h.h.t.HelmChartContainer - [hivemq-test-hivemq-platform] [hivemq-platform-operator] [143e705b] 	at io.netty.channel.AbstractChannelHandlerContext.invokeChannelRead(AbstractChannelHandlerContext.java:420)
2025-01-30 04:06:30,986 INFO c.h.h.t.HelmChartContainer - [hivemq-test-hivemq-platform] [hivemq-platform-operator] [143e705b] 	at io.netty.channel.AbstractChannelHandlerContext.fireChannelRead(AbstractChannelHandlerContext.java:412)
2025-01-30 04:06:30,986 INFO c.h.h.t.HelmChartContainer - [hivemq-test-hivemq-platform] [hivemq-platform-operator] [143e705b] 	at io.netty.channel.DefaultChannelPipeline$HeadContext.channelRead(DefaultChannelPipeline.java:1407)
2025-01-30 04:06:30,986 INFO c.h.h.t.HelmChartContainer - [hivemq-test-hivemq-platform] [hivemq-platform-operator] [143e705b] 	at io.netty.channel.AbstractChannelHandlerContext.invokeChannelRead(AbstractChannelHandlerContext.java:440)
2025-01-30 04:06:30,986 INFO c.h.h.t.HelmChartContainer - [hivemq-test-hivemq-platform] [hivemq-platform-operator] [143e705b] 	at io.netty.channel.AbstractChannelHandlerContext.invokeChannelRead(AbstractChannelHandlerContext.java:420)
2025-01-30 04:06:30,986 INFO c.h.h.t.HelmChartContainer - [hivemq-test-hivemq-platform] [hivemq-platform-operator] [143e705b] 	at io.netty.channel.DefaultChannelPipeline.fireChannelRead(DefaultChannelPipeline.java:918)
2025-01-30 04:06:30,986 INFO c.h.h.t.HelmChartContainer - [hivemq-test-hivemq-platform] [hivemq-platform-operator] [143e705b] 	at io.netty.channel.nio.AbstractNioByteChannel$NioByteUnsafe.read(AbstractNioByteChannel.java:166)
2025-01-30 04:06:30,986 INFO c.h.h.t.HelmChartContainer - [hivemq-test-hivemq-platform] [hivemq-platform-operator] [143e705b] 	at io.netty.channel.nio.NioEventLoop.processSelectedKey(NioEventLoop.java:788)
2025-01-30 04:06:30,986 INFO c.h.h.t.HelmChartContainer - [hivemq-test-hivemq-platform] [hivemq-platform-operator] [143e705b] 	at io.netty.channel.nio.NioEventLoop.processSelectedKeysOptimized(NioEventLoop.java:724)
2025-01-30 04:06:30,986 INFO c.h.h.t.HelmChartContainer - [hivemq-test-hivemq-platform] [hivemq-platform-operator] [143e705b] 	at io.netty.channel.nio.NioEventLoop.processSelectedKeys(NioEventLoop.java:650)
2025-01-30 04:06:30,986 INFO c.h.h.t.HelmChartContainer - [hivemq-test-hivemq-platform] [hivemq-platform-operator] [143e705b] 	at io.netty.channel.nio.NioEventLoop.run(NioEventLoop.java:562)
2025-01-30 04:06:30,986 INFO c.h.h.t.HelmChartContainer - [hivemq-test-hivemq-platform] [hivemq-platform-operator] [143e705b] 	at io.netty.util.concurrent.SingleThreadEventExecutor$4.run(SingleThreadEventExecutor.java:997)
2025-01-30 04:06:30,986 INFO c.h.h.t.HelmChartContainer - [hivemq-test-hivemq-platform] [hivemq-platform-operator] [143e705b] 	at io.netty.util.internal.ThreadExecutorMap$2.run(ThreadExecutorMap.java:74)
2025-01-30 04:06:30,986 INFO c.h.h.t.HelmChartContainer - [hivemq-test-hivemq-platform] [hivemq-platform-operator] [143e705b] 	at io.netty.util.concurrent.FastThreadLocalRunnable.run(FastThreadLocalRunnable.java:30)
2025-01-30 04:06:30,986 INFO c.h.h.t.HelmChartContainer - [hivemq-test-hivemq-platform] [hivemq-platform-operator] [143e705b] 	... 1 common frames omitted
2025-01-30 04:06:30,989 INFO c.h.h.t.HelmChartContainer - [hivemq-test-hivemq-platform] [hivemq-platform-operator] [143e705b] 04:06:30.988 [ReconcilerExecutor-hivemq-controller-118] INFO  c.h.p.o.HiveMQPlatformReconciler - [helmwebs] Cleanup test-hivemq-platform - helmwebsocketsit HiveMQ Platform is shut down
2025-01-30 04:06:31,463 INFO c.h.h.t.HelmChartContainer - [EVENT] Normal [Killing] Stopping container hivemq [helmwebsocketsit:test-hivemq-platform-0]
2025-01-30 04:06:31,464 INFO c.h.h.t.HelmChartContainer - Received Killing event for container hivemq in pod test-hivemq-platform-0 [fb67b5e8-5174-479b-b8bc-61e9f1e2cb48]
2025-01-30 04:06:31,464 INFO c.h.h.t.HelmChartContainer - Container [test-hivemq-platform-0] [hivemq] [fb67b5e8-5174-479b-b8bc-61e9f1e2cb48] was terminated
2025-01-30 04:06:31,464 INFO c.h.h.t.HelmChartContainer - Stopped log watcher for hivemq in pod test-hivemq-platform-0 [fb67b5e8-5174-479b-b8bc-61e9f1e2cb48]
2025-01-30 04:06:31,477 INFO c.h.h.t.HelmChartContainer - [POD] test-hivemq-platform-0 [fb67b5e8-5174-479b-b8bc-61e9f1e2cb48] in helmwebsocketsit was MODIFIED
2025-01-30 04:06:31,477 INFO c.h.h.t.HelmChartContainer - [test-hivemq-platform] [hivemq] [fb67b5e8] INFO  - [HiveMQ Platform Operator Init App 1.7.0-SNAPSHOT] Shutting down
2025-01-30 04:06:31,478 INFO c.h.h.t.HelmChartContainer - [test-hivemq-platform] [hivemq] [fb67b5e8] INFO  - [HiveMQ Platform Operator Init App 1.7.0-SNAPSHOT] Stopping the HiveMQ Platform
2025-01-30 04:06:31,602 INFO c.h.h.t.HelmChartContainer - [test-hivemq-platform] [hivemq] [fb67b5e8] INFO  - Shutting down HiveMQ. Please wait, this could take a while...
2025-01-30 04:06:31,607 INFO c.h.h.t.HelmChartContainer - [test-hivemq-platform] [hivemq] [fb67b5e8] INFO  - Shutting down listeners and clients
2025-01-30 04:06:31,613 INFO c.h.h.t.HelmChartContainer - [test-hivemq-platform] [hivemq] [fb67b5e8] INFO  - Shutdown of listeners is done
2025-01-30 04:06:31,613 INFO c.h.h.t.HelmChartContainer - [test-hivemq-platform] [hivemq] [fb67b5e8] INFO  - No clients are connected, proceeding with shutdown
2025-01-30 04:06:32,431 INFO c.h.h.t.HelmChartContainer - [test-hivemq-platform] [hivemq] [fb67b5e8] INFO  - [HiveMQ Platform Operator Init App 1.7.0-SNAPSHOT] Returning shutdown Health API response 503 for readiness
2025-01-30 04:06:32,435 INFO c.h.h.t.HelmChartContainer - [EVENT] Warning [Unhealthy] Readiness probe failed: HTTP probe failed with statuscode: 503 [helmwebsocketsit:test-hivemq-platform-0]
2025-01-30 04:06:32,436 INFO c.h.h.t.HelmChartContainer - Received Unhealthy event for container hivemq in pod test-hivemq-platform-0 [fb67b5e8-5174-479b-b8bc-61e9f1e2cb48]
2025-01-30 04:06:32,796 INFO c.h.h.t.HelmChartContainer - Deleting namespace 'helmwebsocketsit'...
2025-01-30 04:06:32,930 INFO c.h.h.t.HelmChartContainer - [K3S] [authentication.go:74] "Unable to authenticate the request" err="[invalid bearer token, serviceaccounts \"hivemq-platform-pod-test-hivemq-platform\" not found]"
2025-01-30 04:06:32,949 INFO c.h.h.t.HelmChartContainer - [K3S] [authentication.go:74] "Unable to authenticate the request" err="[invalid bearer token, serviceaccounts \"hivemq-platform-pod-test-hivemq-platform\" not found]"
2025-01-30 04:06:33,022 INFO c.h.h.t.HelmChartContainer - [test-hivemq-platform] [hivemq] [fb67b5e8] WARN  - [HiveMQ Platform Operator Init App 1.7.0-SNAPSHOT] Could not update Pod annotations: Failure executing: GET at: https://10.43.0.1:443/api/v1/namespaces/helmwebsocketsit/pods/test-hivemq-platform-0. Message: Unauthorized. Received status: Status(apiVersion=v1, code=401, details=null, kind=Status, message=Unauthorized, metadata=ListMeta(_continue=null, remainingItemCount=null, resourceVersion=null, selfLink=null, additionalProperties={}), reason=Unauthorized, status=Failure, additionalProperties={}).
2025-01-30 04:06:34,918 INFO c.h.h.t.HelmChartContainer - [test-hivemq-platform] [hivemq] [fb67b5e8] INFO  - Shutting down extension system
2025-01-30 04:06:34,923 INFO c.h.h.t.HelmChartContainer - [test-hivemq-platform] [hivemq] [fb67b5e8] INFO  - Stopping extension with id hivemq-dns-cluster-discovery
2025-01-30 04:06:34,923 INFO c.h.h.t.HelmChartContainer - [test-hivemq-platform] [hivemq] [fb67b5e8] INFO  - Extension "DNS Cluster Discovery Extension" version 4.3.2 stopped successfully.
2025-01-30 04:06:34,924 INFO c.h.h.t.HelmChartContainer - [test-hivemq-platform] [hivemq] [fb67b5e8] INFO  - Stopping extension with id hivemq-prometheus-extension
2025-01-30 04:06:34,927 INFO c.h.h.t.HelmChartContainer - [test-hivemq-platform] [hivemq] [fb67b5e8] INFO  - Extension "Prometheus Monitoring Extension" version 4.0.12 stopped successfully.
2025-01-30 04:06:34,928 INFO c.h.h.t.HelmChartContainer - [test-hivemq-platform] [hivemq] [fb67b5e8] INFO  - Stopping extension with id hivemq-allow-all-extension
2025-01-30 04:06:34,928 INFO c.h.h.t.HelmChartContainer - [test-hivemq-platform] [hivemq] [fb67b5e8] INFO  - Extension "Allow All Extension" version 1.1.1 stopped successfully.
2025-01-30 04:06:37,199 INFO c.h.h.t.HelmChartContainer - [test-hivemq-platform] [hivemq] [fb67b5e8] INFO  - Shutdown completed.
2025-01-30 04:06:37,435 INFO c.h.h.t.HelmChartContainer - [EVENT] Warning [Unhealthy] Readiness probe failed: HTTP probe failed with statuscode: 503 [helmwebsocketsit:test-hivemq-platform-0]
2025-01-30 04:06:37,435 INFO c.h.h.t.HelmChartContainer - Received Unhealthy event for container hivemq in pod test-hivemq-platform-0 [fb67b5e8-5174-479b-b8bc-61e9f1e2cb48]
2025-01-30 04:06:37,547 INFO c.h.h.t.HelmChartContainer - [test-hivemq-platform] [hivemq] [fb67b5e8] INFO  - [HiveMQ Platform Operator Init App 1.7.0-SNAPSHOT] The HiveMQ Platform exited with code 143
2025-01-30 04:06:37,547 INFO c.h.h.t.HelmChartContainer - [test-hivemq-platform] [hivemq] [fb67b5e8] INFO  - [HiveMQ Platform Operator Init App 1.7.0-SNAPSHOT] Stopping the REST API
2025-01-30 04:06:37,554 INFO c.h.h.t.HelmChartContainer - [test-hivemq-platform] [hivemq] [fb67b5e8] INFO  - [HiveMQ Platform Operator Init App 1.7.0-SNAPSHOT] Shutdown complete
2025-01-30 04:06:37,842 INFO c.h.h.t.HelmChartContainer - [K3S] [stateful_set.go:466] "StatefulSet has been deleted" key="helmwebsocketsit/test-hivemq-platform"
2025-01-30 04:06:38,020 INFO c.h.h.t.HelmChartContainer - [POD] test-hivemq-platform-0 [fb67b5e8-5174-479b-b8bc-61e9f1e2cb48] in helmwebsocketsit was MODIFIED
2025-01-30 04:06:38,143 INFO c.h.h.t.HelmChartContainer - [K3S] [reconciler_common.go:162] "operationExecutor.UnmountVolume started for volume \"broker-configuration\" (UniqueName: \"kubernetes.io/configmap/fb67b5e8-5174-479b-b8bc-61e9f1e2cb48-broker-configuration\") pod \"fb67b5e8-5174-479b-b8bc-61e9f1e2cb48\" (UID: \"fb67b5e8-5174-479b-b8bc-61e9f1e2cb48\") "
2025-01-30 04:06:38,144 INFO c.h.h.t.HelmChartContainer - [K3S] [reconciler_common.go:162] "operationExecutor.UnmountVolume started for volume \"ws-truststore-8004\" (UniqueName: \"kubernetes.io/secret/fb67b5e8-5174-479b-b8bc-61e9f1e2cb48-ws-truststore-8004\") pod \"fb67b5e8-5174-479b-b8bc-61e9f1e2cb48\" (UID: \"fb67b5e8-5174-479b-b8bc-61e9f1e2cb48\") "
2025-01-30 04:06:38,144 INFO c.h.h.t.HelmChartContainer - [K3S] [reconciler_common.go:162] "operationExecutor.UnmountVolume started for volume \"ws-keystore-8003\" (UniqueName: \"kubernetes.io/secret/fb67b5e8-5174-479b-b8bc-61e9f1e2cb48-ws-keystore-8003\") pod \"fb67b5e8-5174-479b-b8bc-61e9f1e2cb48\" (UID: \"fb67b5e8-5174-479b-b8bc-61e9f1e2cb48\") "
2025-01-30 04:06:38,145 INFO c.h.h.t.HelmChartContainer - [K3S] [reconciler_common.go:162] "operationExecutor.UnmountVolume started for volume \"pod-info\" (UniqueName: \"kubernetes.io/configmap/fb67b5e8-5174-479b-b8bc-61e9f1e2cb48-pod-info\") pod \"fb67b5e8-5174-479b-b8bc-61e9f1e2cb48\" (UID: \"fb67b5e8-5174-479b-b8bc-61e9f1e2cb48\") "
2025-01-30 04:06:38,145 INFO c.h.h.t.HelmChartContainer - [K3S] [reconciler_common.go:162] "operationExecutor.UnmountVolume started for volume \"ws-truststore-8003\" (UniqueName: \"kubernetes.io/secret/fb67b5e8-5174-479b-b8bc-61e9f1e2cb48-ws-truststore-8003\") pod \"fb67b5e8-5174-479b-b8bc-61e9f1e2cb48\" (UID: \"fb67b5e8-5174-479b-b8bc-61e9f1e2cb48\") "
2025-01-30 04:06:38,145 INFO c.h.h.t.HelmChartContainer - [K3S] [reconciler_common.go:162] "operationExecutor.UnmountVolume started for volume \"kube-api-access-4xkgv\" (UniqueName: \"kubernetes.io/projected/fb67b5e8-5174-479b-b8bc-61e9f1e2cb48-kube-api-access-4xkgv\") pod \"fb67b5e8-5174-479b-b8bc-61e9f1e2cb48\" (UID: \"fb67b5e8-5174-479b-b8bc-61e9f1e2cb48\") "
2025-01-30 04:06:38,145 INFO c.h.h.t.HelmChartContainer - [K3S] [reconciler_common.go:162] "operationExecutor.UnmountVolume started for volume \"ws-keystore-8004\" (UniqueName: \"kubernetes.io/secret/fb67b5e8-5174-479b-b8bc-61e9f1e2cb48-ws-keystore-8004\") pod \"fb67b5e8-5174-479b-b8bc-61e9f1e2cb48\" (UID: \"fb67b5e8-5174-479b-b8bc-61e9f1e2cb48\") "
2025-01-30 04:06:38,145 INFO c.h.h.t.HelmChartContainer - [K3S] [reconciler_common.go:162] "operationExecutor.UnmountVolume started for volume \"operator-init\" (UniqueName: \"kubernetes.io/empty-dir/fb67b5e8-5174-479b-b8bc-61e9f1e2cb48-operator-init\") pod \"fb67b5e8-5174-479b-b8bc-61e9f1e2cb48\" (UID: \"fb67b5e8-5174-479b-b8bc-61e9f1e2cb48\") "
2025-01-30 04:06:38,244 INFO c.h.h.t.HelmChartContainer - [K3S] [reconciler_common.go:299] "Volume detached for volume \"broker-configuration\" (UniqueName: \"kubernetes.io/configmap/fb67b5e8-5174-479b-b8bc-61e9f1e2cb48-broker-configuration\") on node \"ac12081e87d3\" DevicePath \"\""
2025-01-30 04:06:38,244 INFO c.h.h.t.HelmChartContainer - [K3S] [reconciler_common.go:299] "Volume detached for volume \"ws-truststore-8004\" (UniqueName: \"kubernetes.io/secret/fb67b5e8-5174-479b-b8bc-61e9f1e2cb48-ws-truststore-8004\") on node \"ac12081e87d3\" DevicePath \"\""
2025-01-30 04:06:38,244 INFO c.h.h.t.HelmChartContainer - [K3S] [reconciler_common.go:299] "Volume detached for volume \"ws-keystore-8003\" (UniqueName: \"kubernetes.io/secret/fb67b5e8-5174-479b-b8bc-61e9f1e2cb48-ws-keystore-8003\") on node \"ac12081e87d3\" DevicePath \"\""
2025-01-30 04:06:38,244 INFO c.h.h.t.HelmChartContainer - [K3S] [reconciler_common.go:299] "Volume detached for volume \"pod-info\" (UniqueName: \"kubernetes.io/configmap/fb67b5e8-5174-479b-b8bc-61e9f1e2cb48-pod-info\") on node \"ac12081e87d3\" DevicePath \"\""
2025-01-30 04:06:38,244 INFO c.h.h.t.HelmChartContainer - [K3S] [reconciler_common.go:299] "Volume detached for volume \"ws-truststore-8003\" (UniqueName: \"kubernetes.io/secret/fb67b5e8-5174-479b-b8bc-61e9f1e2cb48-ws-truststore-8003\") on node \"ac12081e87d3\" DevicePath \"\""
2025-01-30 04:06:38,244 INFO c.h.h.t.HelmChartContainer - [K3S] [reconciler_common.go:299] "Volume detached for volume \"kube-api-access-4xkgv\" (UniqueName: \"kubernetes.io/projected/fb67b5e8-5174-479b-b8bc-61e9f1e2cb48-kube-api-access-4xkgv\") on node \"ac12081e87d3\" DevicePath \"\""
2025-01-30 04:06:38,244 INFO c.h.h.t.HelmChartContainer - [K3S] [reconciler_common.go:299] "Volume detached for volume \"ws-keystore-8004\" (UniqueName: \"kubernetes.io/secret/fb67b5e8-5174-479b-b8bc-61e9f1e2cb48-ws-keystore-8004\") on node \"ac12081e87d3\" DevicePath \"\""
2025-01-30 04:06:38,244 INFO c.h.h.t.HelmChartContainer - [K3S] [reconciler_common.go:299] "Volume detached for volume \"operator-init\" (UniqueName: \"kubernetes.io/empty-dir/fb67b5e8-5174-479b-b8bc-61e9f1e2cb48-operator-init\") on node \"ac12081e87d3\" DevicePath \"\""
2025-01-30 04:06:38,865 INFO c.h.h.t.HelmChartContainer - [K3S] [scope.go:117] "RemoveContainer" containerID="a7fba4e2176df1b20ee7c9274cbbd4c93570f18c610b78f08a5e4f2d09915aeb"
2025-01-30 04:06:38,876 INFO c.h.h.t.HelmChartContainer - [POD] test-hivemq-platform-0 [fb67b5e8-5174-479b-b8bc-61e9f1e2cb48] in helmwebsocketsit was MODIFIED
2025-01-30 04:06:38,879 INFO c.h.h.t.HelmChartContainer - [POD] test-hivemq-platform-0 [fb67b5e8-5174-479b-b8bc-61e9f1e2cb48] in helmwebsocketsit was DELETED
2025-01-30 04:06:38,970 INFO c.h.h.t.HelmChartContainer - [K3S] [scope.go:117] "RemoveContainer" containerID="e33eb9e7fdf6ef6d717321ca7137feb7372c69b572faf3c5b508fd7c7c85740e"
2025-01-30 04:06:38,972 INFO c.h.h.t.HelmChartContainer - [K3S] [scope.go:117] "RemoveContainer" containerID="a7fba4e2176df1b20ee7c9274cbbd4c93570f18c610b78f08a5e4f2d09915aeb"
2025-01-30 04:06:38,973 INFO c.h.h.t.HelmChartContainer - [K3S] [scope.go:117] "RemoveContainer" containerID="e33eb9e7fdf6ef6d717321ca7137feb7372c69b572faf3c5b508fd7c7c85740e"
2025-01-30 04:06:40,209 INFO c.h.h.t.HelmChartContainer - [K3S] [kubelet_volumes.go:163] "Cleaned up orphaned pod volumes dir" podUID="fb67b5e8-5174-479b-b8bc-61e9f1e2cb48" path="/var/lib/kubelet/pods/fb67b5e8-5174-479b-b8bc-61e9f1e2cb48/volumes"
2025-01-30 04:06:43,125 INFO c.h.h.t.HelmChartContainer - Namespace 'helmwebsocketsit' deleted
2025-01-30 04:06:43,125 INFO c.h.h.t.HelmChartContainer - Release 'test-hivemq-platform' in namespace 'helmwebsocketsit' is uninstalled
2025-01-30 04:06:43,125 INFO c.h.h.t.HelmChartContainer - Uninstalling release 'test-hivemq-platform-operator' in namespace 'helmwebsocketsit-operator'...
2025-01-30 04:06:43,125 DEBUG c.h.h.t.HelmChartContainer - Executing helm command: /bin/helm --kubeconfig /etc/rancher/k3s/k3s.yaml uninstall test-hivemq-platform-operator  --wait --timeout 5m0s --cascade foreground --namespace helmwebsocketsit-operator
2025-01-30 04:06:43,295 INFO c.h.h.t.HelmChartContainer - [K3S] [replica_set.go:679] "Finished syncing" kind="ReplicaSet" key="helmwebsocketsit-operator/hivemq-test-hivemq-platform-operator-6966f96d65" duration="7.493792ms"
2025-01-30 04:06:43,295 INFO c.h.h.t.HelmChartContainer - [K3S] [replica_set.go:679] "Finished syncing" kind="ReplicaSet" key="helmwebsocketsit-operator/hivemq-test-hivemq-platform-operator-6966f96d65" duration="34.275µs"
2025-01-30 04:06:43,305 INFO c.h.h.t.HelmChartContainer - [POD] hivemq-test-hivemq-platform-operator-6966f96d65-whlm9 [143e705b-0726-4091-9f82-895522fb2d93] in helmwebsocketsit-operator was MODIFIED
2025-01-30 04:06:43,317 INFO c.h.h.t.HelmChartContainer - [EVENT] Normal [Killing] Stopping container hivemq-platform-operator [helmwebsocketsit-operator:hivemq-test-hivemq-platform-operator-6966f96d65-whlm9]
2025-01-30 04:06:43,317 INFO c.h.h.t.HelmChartContainer - Received Killing event for container hivemq-platform-operator in pod hivemq-test-hivemq-platform-operator-6966f96d65-whlm9 [143e705b-0726-4091-9f82-895522fb2d93]
2025-01-30 04:06:43,317 INFO c.h.h.t.HelmChartContainer - Container [hivemq-test-hivemq-platform-operator-6966f96d65-whlm9] [hivemq-platform-operator] [143e705b-0726-4091-9f82-895522fb2d93] was terminated
2025-01-30 04:06:43,317 INFO c.h.h.t.HelmChartContainer - Stopped log watcher for hivemq-platform-operator in pod hivemq-test-hivemq-platform-operator-6966f96d65-whlm9 [143e705b-0726-4091-9f82-895522fb2d93]
2025-01-30 04:06:43,320 INFO c.h.h.t.HelmChartContainer - [K3S] [replica_set.go:679] "Finished syncing" kind="ReplicaSet" key="helmwebsocketsit-operator/hivemq-test-hivemq-platform-operator-6966f96d65" duration="13.214781ms"
2025-01-30 04:06:43,325 INFO c.h.h.t.HelmChartContainer - [K3S] [replica_set.go:679] "Finished syncing" kind="ReplicaSet" key="helmwebsocketsit-operator/hivemq-test-hivemq-platform-operator-6966f96d65" duration="29.315µs"
2025-01-30 04:06:43,353 INFO c.h.h.t.HelmChartContainer - [hivemq-test-hivemq-platform] [hivemq-platform-operator] [143e705b] 04:06:43.352 [application-shutdown-thread] INFO  c.h.p.o.HiveMQPlatformOperatorApplication - HiveMQ Platform Operator is stopping...
2025-01-30 04:06:43,353 INFO c.h.h.t.HelmChartContainer - [hivemq-test-hivemq-platform] [hivemq-platform-operator] [143e705b] 04:06:43.352 [application-shutdown-thread] INFO  i.javaoperatorsdk.operator.Operator - Operator SDK 4.9.7 is shutting down...
2025-01-30 04:06:43,610 INFO c.h.h.t.HelmChartContainer - [K3S] [replica_set.go:679] "Finished syncing" kind="ReplicaSet" key="helmwebsocketsit-operator/hivemq-test-hivemq-platform-operator-6966f96d65" duration="44.504µs"
2025-01-30 04:06:43,611 INFO c.h.h.t.HelmChartContainer - [POD] hivemq-test-hivemq-platform-operator-6966f96d65-whlm9 [143e705b-0726-4091-9f82-895522fb2d93] in helmwebsocketsit-operator was MODIFIED
2025-01-30 04:06:43,774 INFO c.h.h.t.HelmChartContainer - [K3S] [reconciler_common.go:162] "operationExecutor.UnmountVolume started for volume \"kube-api-access-4clxd\" (UniqueName: \"kubernetes.io/projected/143e705b-0726-4091-9f82-895522fb2d93-kube-api-access-4clxd\") pod \"143e705b-0726-4091-9f82-895522fb2d93\" (UID: \"143e705b-0726-4091-9f82-895522fb2d93\") "
2025-01-30 04:06:43,874 INFO c.h.h.t.HelmChartContainer - [K3S] [scope.go:117] "RemoveContainer" containerID="376a963bb5f2b81db4931a592b8b3c7a22d9a2a9954daeb2a0e4d5b44ae20e86"
2025-01-30 04:06:43,875 INFO c.h.h.t.HelmChartContainer - [K3S] [reconciler_common.go:299] "Volume detached for volume \"kube-api-access-4clxd\" (UniqueName: \"kubernetes.io/projected/143e705b-0726-4091-9f82-895522fb2d93-kube-api-access-4clxd\") on node \"ac12081e87d3\" DevicePath \"\""
2025-01-30 04:06:43,877 INFO c.h.h.t.HelmChartContainer - [K3S] [scope.go:117] "RemoveContainer" containerID="376a963bb5f2b81db4931a592b8b3c7a22d9a2a9954daeb2a0e4d5b44ae20e86"
2025-01-30 04:06:43,886 INFO c.h.h.t.HelmChartContainer - [K3S] [replica_set.go:679] "Finished syncing" kind="ReplicaSet" key="helmwebsocketsit-operator/hivemq-test-hivemq-platform-operator-6966f96d65" duration="49.352µs"
2025-01-30 04:06:43,886 INFO c.h.h.t.HelmChartContainer - [POD] hivemq-test-hivemq-platform-operator-6966f96d65-whlm9 [143e705b-0726-4091-9f82-895522fb2d93] in helmwebsocketsit-operator was MODIFIED
2025-01-30 04:06:43,889 INFO c.h.h.t.HelmChartContainer - [POD] hivemq-test-hivemq-platform-operator-6966f96d65-whlm9 [143e705b-0726-4091-9f82-895522fb2d93] in helmwebsocketsit-operator was DELETED
2025-01-30 04:06:43,889 INFO c.h.h.t.HelmChartContainer - [K3S] [replica_set.go:679] "Finished syncing" kind="ReplicaSet" key="helmwebsocketsit-operator/hivemq-test-hivemq-platform-operator-6966f96d65" duration="34.175µs"
2025-01-30 04:06:43,899 INFO c.h.h.t.HelmChartContainer - [K3S] [replica_set.go:679] "Finished syncing" kind="ReplicaSet" key="helmwebsocketsit-operator/hivemq-test-hivemq-platform-operator-6966f96d65" duration="6.272µs"
2025-01-30 04:06:44,208 INFO c.h.h.t.HelmChartContainer - [K3S] [kubelet_volumes.go:163] "Cleaned up orphaned pod volumes dir" podUID="143e705b-0726-4091-9f82-895522fb2d93" path="/var/lib/kubelet/pods/143e705b-0726-4091-9f82-895522fb2d93/volumes"
2025-01-30 04:06:45,353 INFO c.h.h.t.HelmChartContainer - Deleting namespace 'helmwebsocketsit-operator'...
2025-01-30 04:06:48,094 INFO c.h.h.t.HelmChartContainer - [K3S] [namespace_controller.go:187] "Namespace has been deleted" namespace="helmwebsocketsit"
2025-01-30 04:06:50,569 INFO c.h.h.t.HelmChartContainer - Namespace 'helmwebsocketsit-operator' deleted
2025-01-30 04:06:50,569 INFO c.h.h.t.HelmChartContainer - Release 'test-hivemq-platform-operator' in namespace 'helmwebsocketsit-operator' is uninstalled
2025-01-30 04:06:51,147 INFO c.h.helmcharts.AbstractHelmChartIT - Removed unused containers:

2025-01-30 04:06:55,474 INFO c.h.h.t.HelmChartContainer - [K3S] [namespace_controller.go:187] "Namespace has been deleted" namespace="helmwebsocketsit-operator"
2025-01-30 04:06:58,775 INFO c.h.helmcharts.AbstractHelmChartIT - Removed unused snapshots:
Removing snapshot sha256:018f968437de68bd741583adcd0fbfb655d84787e0d91247c941bd3d6a4c3c9f
Removing snapshot sha256:03af251906410714c5aef9fa705b63f6bbc39c4a5e787de7361eeb18886c2ed2
Removing snapshot sha256:0c46b3b43cce082ce5ec34ffc6c294e0417d17b9d1e6f366d114b6aadc4f96dc
Removing snapshot sha256:0ce761beee59082d6ed5bcebd3a805b8ddd9b3426b617e4809e7fb7c6587ffec
Removing snapshot sha256:0df91287303208332c8ff6ba40ae4710105201739addbfbddfb955f1ad593664
Removing snapshot sha256:1021ef88c7974bfff89c5a0ec4fd3160daac6c48a075f74cff721f85dd104e68
Removing snapshot sha256:10aba4953ddc18145dd38e3704709bc464aa20af60b56fe52caaff4b68411e62
Removing snapshot sha256:2573e0d8158209ed54ab25c87bcdcb00bd3d2539246960a3d592a1c599d70465
Removing snapshot sha256:362a8a37f8bbc31925a8146adcf7cf51f9882f5c1dcbef67c5baa03a297543c0
Removing snapshot sha256:3fa4ad33f0ddc8fd45b39b6b4640f82a3a83619606cd975bfe89d8710ad2d4cd
Removing snapshot sha256:43a7c979bbaba6838bc3102d6b10a1459f3ab050b87ccdfef84ef90cf43d3058
Removing snapshot sha256:4ab04491cdf0d3267f08206fe30bd48f49f94b9cab2f016d6739220f722a64af
Removing snapshot sha256:4b6068250e89c96f263060261819c7d912855bfbd64b3eb4c4a8483299b8c295
Removing snapshot sha256:580e69a0a8034ede1921139bbd2bfb72a69ebf276d008281896c32dd8bf74775
Removing snapshot sha256:5d30ba46b27fe37484567ccc5242cadc78217b8da605f3f195ef25cbf7487904
Removing snapshot sha256:63ca1fbb43ae5034640e5e6cb3e083e05c290072c5366fcaa9d62435a4cced85
Removing snapshot sha256:67f702c6baae873bceb19487c8b1f27bd2b86077e4f2f0e480e6d60ab508b8f5
Removing snapshot sha256:6864348dd42806d552efdec384f1274be15e2d0c10ce44c1f04347af004c10a9
Removing snapshot sha256:6c7dee8f2c39b84b7dc2711c01d33de93514d9055499173e9290176fbe484b6c
Removing snapshot sha256:82753493a6d61ded36556292f02f31841a14c20d2f279f19eaad65afb661d5cd
Removing snapshot sha256:8a10d3db42c505ee0fcfa98417bdd7e39b304f6bcc0a06bb1b220797ff2cc63c
Removing snapshot sha256:a21e5b12dbac529ad45d976eb9ce45c881f3bedcc500fb30aba1e52aa1813418
Removing snapshot sha256:b921e6c28969094157f9b8e7244677780319637afd14450b7cb6b2fdea558a0c
Removing snapshot sha256:bc27ecb5769a00e309cf99ebc763c4a4b958b618d1decc96ffac5bc05f02f5b7
Removing snapshot sha256:be3ccb6627a5332e309d45ef461d09b4879dd870c7394d89323d0ebc6ca6aa8a
Removing snapshot sha256:c261f7cbbc64211ee175ee47273acdb7b1a36a4450b397a064a8f2c026490095
Removing snapshot sha256:c34d9393647eea0c9e3557ab988efaf59f61d10a2a5613b439ef0958cca5ec10
Removing snapshot sha256:ccf3c4a0fa967a41c1c83497a2ce6fa5787965859df0adb32c4ca2cf7490bc2b
Removing snapshot sha256:cf92d33f869417309692088c341cd0f223c178ea78a125f757317b22aa8f90e9
Removing snapshot sha256:d0037344cf2fb078884f1849f6a1f8cf9a33a3b6139b6a85833e5ee528e1f9a8
Removing snapshot sha256:d3b36d5b79273b1e98e7700470eaeff05a882e777124d84cebcc1505b85ecb36
Removing snapshot sha256:d65a44a37914602d12c611e5e22a50f11451d847e63015cc1c2aef92dee777a4
Removing snapshot sha256:d70886b68d6e2ab2373dc9f029f3f386fedc177a7b98e0820b5c0a297fa3b3e6
Removing snapshot sha256:e2dc0bae2455930f23ae570e019b7f32edc75c0f2d71cab084db837ff9051796
Removing snapshot sha256:eccbd24a99c60cd9e86ee5305dbfc4a4dc89f5ab4fb1f06c8d64797cecedef34
Removing snapshot sha256:f144bb4c7c7f0d2aa7eeffd36d934ec40db1ee167be727e326aad9fdc616f475

]]></system-out>
  </testcase>
  <system-out><![CDATA[2025-01-30 04:03:29,919 INFO c.h.h.t.HelmChartContainerExtension - Using cached HelmChartContainer instance
]]></system-out>
  <system-err><![CDATA[]]></system-err>
</testsuite>
