<?xml version="1.0" encoding="UTF-8"?>
<testsuite name="com.hivemq.helmcharts.extensions.HelmUpgradeExtensionIT" tests="2" skipped="0" failures="0" errors="0" timestamp="2025-01-30T18:42:00" hostname="fv-az813-262" time="539.632">
  <properties/>
  <testcase name="withBridgeConfiguration_enableDisableBridge()" classname="com.hivemq.helmcharts.extensions.HelmUpgradeExtensionIT" time="213.198">
    <system-out><![CDATA[2025-01-30 18:42:00,067 INFO c.h.h.t.HelmChartContainer - Creating namespace 'helmupgradeextensionit-operator'...
2025-01-30 18:42:00,285 INFO c.h.h.t.HelmChartContainer - [POD] coredns-ff8999cc5-ft5x6 [4400f481-a281-402f-a7b5-c81bd062613f] in kube-system was ADDED
2025-01-30 18:42:00,287 INFO c.h.h.t.HelmChartContainer - Namespace 'helmupgradeextensionit-operator' created
2025-01-30 18:42:00,287 INFO c.h.h.t.HelmChartContainer - Creating namespace 'helmupgradeextensionit'...
2025-01-30 18:42:00,289 INFO c.h.h.t.HelmChartContainer - [POD] local-path-provisioner-698b58967b-dzmtx [3c91cc5d-01d5-4589-a1ca-e81ca6561339] in kube-system was ADDED
2025-01-30 18:42:00,291 INFO c.h.h.t.HelmChartContainer - [POD] metrics-server-8584b5786c-57b8t [06e3e478-2c56-435d-8d40-d502335da896] in kube-system was ADDED
2025-01-30 18:42:00,295 INFO c.h.h.t.HelmChartContainer - Namespace 'helmupgradeextensionit' created
2025-01-30 18:42:00,371 DEBUG c.h.h.t.HelmChartContainer - Executing helm command: /bin/helm --kubeconfig /etc/rancher/k3s/k3s.yaml install test-hivemq-platform-operator /charts/hivemq-platform-operator --wait --timeout 5m0s --set image.repository=docker.io/hivemq --set image.name=hivemq-platform-operator-test --set image.initImageName=hivemq-platform-operator-init-test --set image.tag=snapshot --set image.pullPolicy=Never --set logLevel=DEBUG --set resources.cpu=512m --namespace helmupgradeextensionit-operator
2025-01-30 18:42:02,726 INFO c.h.h.t.HelmChartContainer - [K3S] [alloc.go:330] "allocated clusterIPs" service="helmupgradeextensionit-operator/hivemq-platform-operator-test-hivemq-platform-operator" clusterIPs={"IPv4":"10.43.96.255"}
2025-01-30 18:42:02,743 INFO c.h.h.t.HelmChartContainer - [EVENT] Normal [ScalingReplicaSet] Scaled up replica set hivemq-test-hivemq-platform-operator-6966f96d65 from 0 to 1 [helmupgradeextensionit-operator:hivemq-test-hivemq-platform-operator]
2025-01-30 18:42:02,761 INFO c.h.h.t.HelmChartContainer - [POD] hivemq-test-hivemq-platform-operator-6966f96d65-zv2ll [e3f41db1-6613-4c84-9328-02c6f375b36f] in helmupgradeextensionit-operator was ADDED
2025-01-30 18:42:02,762 INFO c.h.h.t.HelmChartContainer - [POD] hivemq-test-hivemq-platform-operator-6966f96d65-zv2ll [e3f41db1-6613-4c84-9328-02c6f375b36f] in helmupgradeextensionit-operator was MODIFIED
2025-01-30 18:42:02,763 INFO c.h.h.t.HelmChartContainer - [EVENT] Normal [SuccessfulCreate] Created pod: hivemq-test-hivemq-platform-operator-6966f96d65-zv2ll [helmupgradeextensionit-operator:hivemq-test-hivemq-platform-operator-6966f96d65]
2025-01-30 18:42:02,769 INFO c.h.h.t.HelmChartContainer - [EVENT] Normal [Scheduled] Successfully assigned helmupgradeextensionit-operator/hivemq-test-hivemq-platform-operator-6966f96d65-zv2ll to 5efb8701c4a9 [helmupgradeextensionit-operator:hivemq-test-hivemq-platform-operator-6966f96d65-zv2ll]
2025-01-30 18:42:02,771 INFO c.h.h.t.HelmChartContainer - [K3S] [replica_set.go:679] "Finished syncing" kind="ReplicaSet" key="helmupgradeextensionit-operator/hivemq-test-hivemq-platform-operator-6966f96d65" duration="30.446022ms"
2025-01-30 18:42:02,776 INFO c.h.h.t.HelmChartContainer - [K3S] [replica_set.go:679] "Finished syncing" kind="ReplicaSet" key="helmupgradeextensionit-operator/hivemq-test-hivemq-platform-operator-6966f96d65" duration="6.180501ms"
2025-01-30 18:42:02,778 INFO c.h.h.t.HelmChartContainer - [K3S] [replica_set.go:679] "Finished syncing" kind="ReplicaSet" key="helmupgradeextensionit-operator/hivemq-test-hivemq-platform-operator-6966f96d65" duration="39.213µs"
2025-01-30 18:42:02,780 INFO c.h.h.t.HelmChartContainer - [K3S] [replica_set.go:679] "Finished syncing" kind="ReplicaSet" key="helmupgradeextensionit-operator/hivemq-test-hivemq-platform-operator-6966f96d65" duration="32.751µs"
2025-01-30 18:42:02,782 INFO c.h.h.t.HelmChartContainer - [POD] hivemq-test-hivemq-platform-operator-6966f96d65-zv2ll [e3f41db1-6613-4c84-9328-02c6f375b36f] in helmupgradeextensionit-operator was MODIFIED
2025-01-30 18:42:02,783 INFO c.h.h.t.HelmChartContainer - [K3S] [reconciler_common.go:251] "operationExecutor.VerifyControllerAttachedVolume started for volume \"kube-api-access-gvmhb\" (UniqueName: \"kubernetes.io/projected/e3f41db1-6613-4c84-9328-02c6f375b36f-kube-api-access-gvmhb\") pod \"hivemq-test-hivemq-platform-operator-6966f96d65-zv2ll\" (UID: \"e3f41db1-6613-4c84-9328-02c6f375b36f\") " pod="helmupgradeextensionit-operator/hivemq-test-hivemq-platform-operator-6966f96d65-zv2ll"
2025-01-30 18:42:03,156 INFO c.h.h.t.HelmChartContainer - [EVENT] Normal [Pulled] Container image "docker.io/hivemq/hivemq-platform-operator-test:snapshot" already present on machine [helmupgradeextensionit-operator:hivemq-test-hivemq-platform-operator-6966f96d65-zv2ll]
2025-01-30 18:42:03,156 INFO c.h.h.t.HelmChartContainer - Received Pulled event for container hivemq-platform-operator in pod hivemq-test-hivemq-platform-operator-6966f96d65-zv2ll [e3f41db1-6613-4c84-9328-02c6f375b36f]
2025-01-30 18:42:03,164 INFO c.h.h.t.HelmChartContainer - [EVENT] Normal [Created] Created container: hivemq-platform-operator [helmupgradeextensionit-operator:hivemq-test-hivemq-platform-operator-6966f96d65-zv2ll]
2025-01-30 18:42:03,164 INFO c.h.h.t.HelmChartContainer - Received Created event for container hivemq-platform-operator in pod hivemq-test-hivemq-platform-operator-6966f96d65-zv2ll [e3f41db1-6613-4c84-9328-02c6f375b36f]
2025-01-30 18:42:03,347 INFO c.h.h.t.HelmChartContainer - [K3S] [replica_set.go:679] "Finished syncing" kind="ReplicaSet" key="helmupgradeextensionit-operator/hivemq-test-hivemq-platform-operator-6966f96d65" duration="40.916µs"
2025-01-30 18:42:03,349 INFO c.h.h.t.HelmChartContainer - [POD] hivemq-test-hivemq-platform-operator-6966f96d65-zv2ll [e3f41db1-6613-4c84-9328-02c6f375b36f] in helmupgradeextensionit-operator was MODIFIED
2025-01-30 18:42:03,369 INFO c.h.h.t.HelmChartContainer - Started log watcher for hivemq-platform-operator in pod hivemq-test-hivemq-platform-operator-6966f96d65-zv2ll [e3f41db1-6613-4c84-9328-02c6f375b36f]
2025-01-30 18:42:03,369 INFO c.h.h.t.HelmChartContainer - [EVENT] Normal [Started] Started container hivemq-platform-operator [helmupgradeextensionit-operator:hivemq-test-hivemq-platform-operator-6966f96d65-zv2ll]
2025-01-30 18:42:03,370 INFO c.h.h.t.HelmChartContainer - Received Started event for container hivemq-platform-operator in pod hivemq-test-hivemq-platform-operator-6966f96d65-zv2ll [e3f41db1-6613-4c84-9328-02c6f375b36f]
2025-01-30 18:42:03,370 INFO c.h.h.t.HelmChartContainer - [hivemq-test-hivemq-platform] [hivemq-platform-operator] [e3f41db1] -------------------------------------------------------------------------
2025-01-30 18:42:03,370 INFO c.h.h.t.HelmChartContainer - [hivemq-test-hivemq-platform] [hivemq-platform-operator] [e3f41db1] 
2025-01-30 18:42:03,370 INFO c.h.h.t.HelmChartContainer - [hivemq-test-hivemq-platform] [hivemq-platform-operator] [e3f41db1]                   _    _  _              __  __   ____
2025-01-30 18:42:03,370 INFO c.h.h.t.HelmChartContainer - [hivemq-test-hivemq-platform] [hivemq-platform-operator] [e3f41db1]                  | |  | |(_)            |  \/  | / __ \
2025-01-30 18:42:03,370 INFO c.h.h.t.HelmChartContainer - [hivemq-test-hivemq-platform] [hivemq-platform-operator] [e3f41db1]                  | |__| | _ __   __ ___ | \  / || |  | |
2025-01-30 18:42:03,370 INFO c.h.h.t.HelmChartContainer - [hivemq-test-hivemq-platform] [hivemq-platform-operator] [e3f41db1]                  |  __  || |\ \ / // _ \| |\/| || |  | |
2025-01-30 18:42:03,370 INFO c.h.h.t.HelmChartContainer - [hivemq-test-hivemq-platform] [hivemq-platform-operator] [e3f41db1]                  | |  | || | \ V /|  __/| |  | || |__| |
2025-01-30 18:42:03,370 INFO c.h.h.t.HelmChartContainer - [hivemq-test-hivemq-platform] [hivemq-platform-operator] [e3f41db1]                  |_|  |_||_|  \_/  \___||_|  |_| \___\_\
2025-01-30 18:42:03,370 INFO c.h.h.t.HelmChartContainer - [hivemq-test-hivemq-platform] [hivemq-platform-operator] [e3f41db1] 
2025-01-30 18:42:03,370 INFO c.h.h.t.HelmChartContainer - [hivemq-test-hivemq-platform] [hivemq-platform-operator] [e3f41db1] -------------------------------------------------------------------------
2025-01-30 18:42:03,370 INFO c.h.h.t.HelmChartContainer - [hivemq-test-hivemq-platform] [hivemq-platform-operator] [e3f41db1] 
2025-01-30 18:42:03,370 INFO c.h.h.t.HelmChartContainer - [hivemq-test-hivemq-platform] [hivemq-platform-operator] [e3f41db1]   HiveMQ Platform Operator Start Script v1.0
2025-01-30 18:42:03,370 INFO c.h.h.t.HelmChartContainer - [hivemq-test-hivemq-platform] [hivemq-platform-operator] [e3f41db1] 
2025-01-30 18:42:03,370 INFO c.h.h.t.HelmChartContainer - [hivemq-test-hivemq-platform] [hivemq-platform-operator] [e3f41db1] -------------------------------------------------------------------------
2025-01-30 18:42:03,370 INFO c.h.h.t.HelmChartContainer - [hivemq-test-hivemq-platform] [hivemq-platform-operator] [e3f41db1] 
2025-01-30 18:42:03,370 INFO c.h.h.t.HelmChartContainer - [hivemq-test-hivemq-platform] [hivemq-platform-operator] [e3f41db1]   JAVA_OPTS: -XX:+UnlockExperimentalVMOptions -XX:InitialRAMPercentage=75 -XX:MaxRAMPercentage=75 -Duser.language=en -Duser.region=US
2025-01-30 18:42:03,370 INFO c.h.h.t.HelmChartContainer - [hivemq-test-hivemq-platform] [hivemq-platform-operator] [e3f41db1] 
2025-01-30 18:42:03,370 INFO c.h.h.t.HelmChartContainer - [hivemq-test-hivemq-platform] [hivemq-platform-operator] [e3f41db1]   JAVA_VERSION: 21
2025-01-30 18:42:03,370 INFO c.h.h.t.HelmChartContainer - [hivemq-test-hivemq-platform] [hivemq-platform-operator] [e3f41db1] 
2025-01-30 18:42:03,370 INFO c.h.h.t.HelmChartContainer - [hivemq-test-hivemq-platform] [hivemq-platform-operator] [e3f41db1] -------------------------------------------------------------------------
2025-01-30 18:42:03,370 INFO c.h.h.t.HelmChartContainer - [hivemq-test-hivemq-platform] [hivemq-platform-operator] [e3f41db1] 
2025-01-30 18:42:06,872 INFO c.h.h.t.HelmChartContainer - [hivemq-test-hivemq-platform] [hivemq-platform-operator] [e3f41db1] 18:42:06.852 [main] DEBUG org.jboss.logging - Logging Provider: org.jboss.logging.Slf4jLoggerProvider
2025-01-30 18:42:07,041 INFO c.h.h.t.HelmChartContainer - [hivemq-test-hivemq-platform] [hivemq-platform-operator] [e3f41db1] 18:42:07.039 [main] DEBUG io.smallrye.config - SRCFG01006: Loaded ConfigSource SysPropConfigSource with ordinal 400
2025-01-30 18:42:07,041 INFO c.h.h.t.HelmChartContainer - [hivemq-test-hivemq-platform] [hivemq-platform-operator] [e3f41db1] 18:42:07.040 [main] DEBUG io.smallrye.config - SRCFG01006: Loaded ConfigSource EnvConfigSource with ordinal 300
2025-01-30 18:42:07,042 INFO c.h.h.t.HelmChartContainer - [hivemq-test-hivemq-platform] [hivemq-platform-operator] [e3f41db1] 18:42:07.040 [main] DEBUG io.smallrye.config - SRCFG01006: Loaded ConfigSource PropertiesConfigSource[source=jar:file:///opt/hivemq-platform-operator/bin/hivemq-platform-operator.jar!/hivemq-platform-operator.properties] with ordinal 100
2025-01-30 18:42:07,042 INFO c.h.h.t.HelmChartContainer - [hivemq-test-hivemq-platform] [hivemq-platform-operator] [e3f41db1] 18:42:07.040 [main] DEBUG io.smallrye.config - SRCFG01006: Loaded ConfigSource DefaultValuesConfigSource with ordinal -2147483648
2025-01-30 18:42:07,147 INFO c.h.h.t.HelmChartContainer - [hivemq-test-hivemq-platform] [hivemq-platform-operator] [e3f41db1] 18:42:07.146 [main] DEBUG i.m.c.u.i.l.InternalLoggerFactory - Using SLF4J as the default logging framework
2025-01-30 18:42:07,261 INFO c.h.h.t.HelmChartContainer - [hivemq-test-hivemq-platform] [hivemq-platform-operator] [e3f41db1] 18:42:07.252 [main] INFO  c.h.p.o.HiveMQPlatformOperatorApplication - HiveMQ Platform Operator 1.7.0-SNAPSHOT (commit: 47e3375 on branch: HEAD) built on Thu Jan 30 03:55:50 UTC 2025
2025-01-30 18:42:07,262 INFO c.h.h.t.HelmChartContainer - [hivemq-test-hivemq-platform] [hivemq-platform-operator] [e3f41db1] 18:42:07.260 [main] INFO  c.h.p.o.HiveMQPlatformOperatorApplication - HiveMQ Platform Operator is running in namespace: helmupgradeextensionit-operator
2025-01-30 18:42:07,262 INFO c.h.h.t.HelmChartContainer - [hivemq-test-hivemq-platform] [hivemq-platform-operator] [e3f41db1] 18:42:07.260 [main] INFO  c.h.p.o.HiveMQPlatformOperatorApplication - Watching all namespaces
2025-01-30 18:42:07,262 INFO c.h.h.t.HelmChartContainer - [hivemq-test-hivemq-platform] [hivemq-platform-operator] [e3f41db1] 18:42:07.260 [main] INFO  c.h.p.o.HiveMQPlatformOperatorApplication - Log level: DEBUG
2025-01-30 18:42:07,262 INFO c.h.h.t.HelmChartContainer - [hivemq-test-hivemq-platform] [hivemq-platform-operator] [e3f41db1] 18:42:07.260 [main] INFO  c.h.p.o.HiveMQPlatformOperatorApplication - Release name: test-hivemq-platform-operator
2025-01-30 18:42:07,262 INFO c.h.h.t.HelmChartContainer - [hivemq-test-hivemq-platform] [hivemq-platform-operator] [e3f41db1] 18:42:07.261 [main] INFO  c.h.p.o.HiveMQPlatformOperatorApplication - HiveMQ Platform Operator Init image: docker.io/hivemq/hivemq-platform-operator-init-test:snapshot
2025-01-30 18:42:07,272 INFO c.h.h.t.HelmChartContainer - [hivemq-test-hivemq-platform] [hivemq-platform-operator] [e3f41db1] 18:42:07.261 [main] INFO  c.h.p.o.HiveMQPlatformOperatorApplication - HiveMQ Platform Operator Init App update URL: http://hivemq-platform-operator-test-hivemq-platform-operator.helmupgradeextensionit-operator.svc:8080/initAppUpdate/hivemq-platform-operator-init-app-1.7.0-SNAPSHOT.jar
2025-01-30 18:42:07,273 INFO c.h.h.t.HelmChartContainer - [hivemq-test-hivemq-platform] [hivemq-platform-operator] [e3f41db1] 18:42:07.270 [main] INFO  c.h.p.o.HiveMQPlatformOperatorApplication - Additional imagePullSecret for all Platform deployments: none
2025-01-30 18:42:07,274 INFO c.h.h.t.HelmChartContainer - [hivemq-test-hivemq-platform] [hivemq-platform-operator] [e3f41db1] 18:42:07.270 [main] INFO  c.h.p.o.HiveMQPlatformOperatorApplication - Apply HiveMQ Platform CRD: true
2025-01-30 18:42:07,274 INFO c.h.h.t.HelmChartContainer - [hivemq-test-hivemq-platform] [hivemq-platform-operator] [e3f41db1] 18:42:07.270 [main] INFO  c.h.p.o.HiveMQPlatformOperatorApplication - Create Platform ServiceAccount: true
2025-01-30 18:42:07,274 INFO c.h.h.t.HelmChartContainer - [hivemq-test-hivemq-platform] [hivemq-platform-operator] [e3f41db1] 18:42:07.270 [main] INFO  c.h.p.o.HiveMQPlatformOperatorApplication - Create Platform ServiceAccount permissions: true
2025-01-30 18:42:07,274 INFO c.h.h.t.HelmChartContainer - [hivemq-test-hivemq-platform] [hivemq-platform-operator] [e3f41db1] 18:42:07.270 [main] INFO  c.h.p.o.HiveMQPlatformOperatorApplication - Validate Platform ServiceAccount: true
2025-01-30 18:42:07,274 INFO c.h.h.t.HelmChartContainer - [hivemq-test-hivemq-platform] [hivemq-platform-operator] [e3f41db1] 18:42:07.270 [main] INFO  c.h.p.o.HiveMQPlatformOperatorApplication - Validate Platform ServiceAccount permissions: true
2025-01-30 18:42:07,334 INFO c.h.h.t.HelmChartContainer - [POD] metrics-server-8584b5786c-57b8t [06e3e478-2c56-435d-8d40-d502335da896] in kube-system was MODIFIED
2025-01-30 18:42:07,338 INFO c.h.h.t.HelmChartContainer - [K3S] [replica_set.go:679] "Finished syncing" kind="ReplicaSet" key="kube-system/metrics-server-8584b5786c" duration="6.422762ms"
2025-01-30 18:42:07,339 INFO c.h.h.t.HelmChartContainer - [K3S] [replica_set.go:679] "Finished syncing" kind="ReplicaSet" key="kube-system/metrics-server-8584b5786c" duration="34.384µs"
2025-01-30 18:42:07,449 INFO c.h.h.t.HelmChartContainer - [hivemq-test-hivemq-platform] [hivemq-platform-operator] [e3f41db1] 18:42:07.448 [main] INFO  c.h.platform.operator.util.CRDUtil - Verifying deployed HiveMQ Platform CRD...
2025-01-30 18:42:09,977 INFO c.h.h.t.HelmChartContainer - [hivemq-test-hivemq-platform] [hivemq-platform-operator] [e3f41db1] 18:42:09.975 [main] DEBUG c.h.platform.operator.util.CRDUtil - HiveMQ Platform CRD version v1 is up to date
2025-01-30 18:42:09,977 INFO c.h.h.t.HelmChartContainer - [hivemq-test-hivemq-platform] [hivemq-platform-operator] [e3f41db1] 18:42:09.975 [main] INFO  c.h.platform.operator.util.CRDUtil - HiveMQ Platform CRD is up to date (version: V1_6_0)
2025-01-30 18:42:09,977 INFO c.h.h.t.HelmChartContainer - [hivemq-test-hivemq-platform] [hivemq-platform-operator] [e3f41db1] 18:42:09.975 [main] INFO  c.h.platform.operator.util.CRDUtil - Waiting 10000 ms for HiveMQ Platform CRD 'hivemq-platforms.hivemq.com' to become ready...
2025-01-30 18:42:10,373 INFO c.h.h.t.HelmChartContainer - [hivemq-test-hivemq-platform] [hivemq-platform-operator] [e3f41db1] 18:42:10.371 [vert.x-eventloop-thread-1] DEBUG c.h.platform.operator.util.CRDUtil - Checking CRD condition 'NamesAccepted' (status: 'True')
2025-01-30 18:42:10,373 INFO c.h.h.t.HelmChartContainer - [hivemq-test-hivemq-platform] [hivemq-platform-operator] [e3f41db1] 18:42:10.371 [vert.x-eventloop-thread-1] DEBUG c.h.platform.operator.util.CRDUtil - Checking CRD condition 'Established' (status: 'True')
2025-01-30 18:42:10,373 INFO c.h.h.t.HelmChartContainer - [hivemq-test-hivemq-platform] [hivemq-platform-operator] [e3f41db1] 18:42:10.372 [main] INFO  c.h.platform.operator.util.CRDUtil - HiveMQ Platform CRD 'hivemq-platforms.hivemq.com' is ready
2025-01-30 18:42:10,578 INFO c.h.h.t.HelmChartContainer - [hivemq-test-hivemq-platform] [hivemq-platform-operator] [e3f41db1] 18:42:10.577 [main] INFO  c.h.p.o.HiveMQPlatformReconciler - HiveMQ Platform Operator is starting...
2025-01-30 18:42:10,740 INFO c.h.h.t.HelmChartContainer - [hivemq-test-hivemq-platform] [hivemq-platform-operator] [e3f41db1] 18:42:10.738 [main] WARN  Default ConfigurationService implementation - Configuration for reconciler 'hivemq-controller' was not found. Known reconcilers: None.
2025-01-30 18:42:10,749 INFO c.h.h.t.HelmChartContainer - [hivemq-test-hivemq-platform] [hivemq-platform-operator] [e3f41db1] 18:42:10.748 [main] INFO  Default ConfigurationService implementation - Created configuration for reconciler com.hivemq.platform.operator.HiveMQPlatformReconciler with name hivemq-controller
2025-01-30 18:42:10,877 INFO c.h.h.t.HelmChartContainer - [hivemq-test-hivemq-platform] [hivemq-platform-operator] [e3f41db1] 18:42:10.875 [main] DEBUG c.h.p.o.HiveMQPlatformReconciler - HiveMQ Platform Operator is preparing EventSources
2025-01-30 18:42:10,949 INFO c.h.h.t.HelmChartContainer - [hivemq-test-hivemq-platform] [hivemq-platform-operator] [e3f41db1] 18:42:10.947 [main] INFO  i.javaoperatorsdk.operator.Operator - Registered reconciler: 'hivemq-controller' for resource: 'class com.hivemq.platform.operator.v1.HiveMQPlatform' for namespace(s): [all namespaces]
2025-01-30 18:42:11,544 INFO c.h.h.t.HelmChartContainer - [hivemq-test-hivemq-platform] [hivemq-platform-operator] [e3f41db1] 18:42:11.543 [main] INFO  c.h.p.operator.webserver.JettyServer - Starting Jetty server on port 8080
2025-01-30 18:42:11,582 INFO c.h.h.t.HelmChartContainer - [hivemq-test-hivemq-platform] [hivemq-platform-operator] [e3f41db1] 18:42:11.581 [main] INFO  i.javaoperatorsdk.operator.Operator - Operator SDK 4.9.7 (commit: 2133d28) built on Wed Nov 20 12:56:20 UTC 2024 starting...
2025-01-30 18:42:11,582 INFO c.h.h.t.HelmChartContainer - [hivemq-test-hivemq-platform] [hivemq-platform-operator] [e3f41db1] 18:42:11.581 [main] INFO  i.javaoperatorsdk.operator.Operator - Client version: 6.13.5
2025-01-30 18:42:11,638 INFO c.h.h.t.HelmChartContainer - [hivemq-test-hivemq-platform] [hivemq-platform-operator] [e3f41db1] 18:42:11.636 [Controller Starter for: hivemq-controller] INFO  i.j.operator.processing.Controller - Starting 'hivemq-controller' controller for reconciler: com.hivemq.platform.operator.HiveMQPlatformReconciler, resource: com.hivemq.platform.operator.v1.HiveMQPlatform
2025-01-30 18:42:12,923 INFO c.h.h.t.HelmChartContainer - [K3S] [range_allocator.go:247] "Successfully synced" key="5efb8701c4a9"
2025-01-30 18:42:14,140 INFO c.h.h.t.HelmChartContainer - [hivemq-test-hivemq-platform] [hivemq-platform-operator] [e3f41db1] 18:42:14.137 [Controller Starter for: hivemq-controller] INFO  i.j.operator.processing.Controller - 'hivemq-controller' controller started
2025-01-30 18:42:14,140 INFO c.h.h.t.HelmChartContainer - [hivemq-test-hivemq-platform] [hivemq-platform-operator] [e3f41db1] 18:42:14.138 [main] INFO  c.h.p.o.HiveMQPlatformOperatorApplication - HiveMQ Platform Operator 1.7.0-SNAPSHOT started in 6885 ms
2025-01-30 18:42:14,358 INFO c.h.h.t.HelmChartContainer - [POD] hivemq-test-hivemq-platform-operator-6966f96d65-zv2ll [e3f41db1-6613-4c84-9328-02c6f375b36f] in helmupgradeextensionit-operator was MODIFIED
2025-01-30 18:42:14,367 INFO c.h.h.t.HelmChartContainer - [K3S] [replica_set.go:679] "Finished syncing" kind="ReplicaSet" key="helmupgradeextensionit-operator/hivemq-test-hivemq-platform-operator-6966f96d65" duration="11.753416ms"
2025-01-30 18:42:14,367 INFO c.h.h.t.HelmChartContainer - [K3S] [replica_set.go:679] "Finished syncing" kind="ReplicaSet" key="helmupgradeextensionit-operator/hivemq-test-hivemq-platform-operator-6966f96d65" duration="42.409µs"
2025-01-30 18:42:14,812 INFO c.h.h.testcontainer.LogWaiterUtil - TEST Waiting for log pattern on 'test-hivemq-platform-0': .*\[HiveMQ Platform Operator Init App [A-Z0-9.-]+\] Successfully enabled extension hivemq-bridge-extension
2025-01-30 18:42:14,812 INFO c.h.h.testcontainer.LogWaiterUtil - TEST Waiting for log pattern on 'test-hivemq-platform-0': .*Extension "HiveMQ Enterprise Bridge Extension" version .* started successfully.
2025-01-30 18:42:14,883 DEBUG c.h.h.t.HelmChartContainer - Executing helm command: /bin/helm --kubeconfig /etc/rancher/k3s/k3s.yaml install test-hivemq-platform /charts/hivemq-platform --wait --timeout 5m0s --set image.repository=docker.io/hivemq --set image.tag=4.36.0 --set image.pullPolicy=Never --set nodes.resources.cpu=512m -f /files/bridge-values.yaml --namespace helmupgradeextensionit
2025-01-30 18:42:15,240 INFO c.h.h.t.HelmChartContainer - [hivemq-test-hivemq-platform] [hivemq-platform-operator] [e3f41db1] 18:42:15.238 [-2082509879-pool-1-thread-2] WARN  i.m.p.PrometheusMeterRegistry - The meter (MeterId{name='operator.sdk.events.received', tags=[tag(action=ADDED),tag(event=ResourceEvent),tag(group=hivemq.com),tag(kind=HiveMQPlatform),tag(name=test-hivemq-platform),tag(namespace=helmupgradeextensionit),tag(scope=namespace),tag(version=v1)]}) registration has failed: Prometheus requires that all meters with the same name have the same set of tag keys. There is already an existing meter named 'operator.sdk.events.received' containing tag keys [event, group, kind, name, namespace, scope, version]. The meter you are attempting to register has keys [action, event, group, kind, name, namespace, scope, version]. Note that subsequent logs will be logged at debug level.
2025-01-30 18:42:15,748 INFO c.h.h.t.HelmChartContainer - [hivemq-test-hivemq-platform] [hivemq-platform-operator] [e3f41db1] 18:42:15.746 [pool-6-thread-3] DEBUG c.h.p.o.dependants.PodInfoConfigMap - [helmupgr] Desired PodInfo ConfigMap (1 extensions) (1 enabled)
2025-01-30 18:42:15,771 INFO c.h.h.t.HelmChartContainer - [hivemq-test-hivemq-platform] [hivemq-platform-operator] [e3f41db1] 18:42:15.770 [pool-6-thread-3] DEBUG c.h.p.o.dependants.PodInfoConfigMap - [helmupgr] Desired PodInfo ConfigMap (metrics port: 9399) (metrics path: /)
2025-01-30 18:42:15,772 INFO c.h.h.t.HelmChartContainer - [hivemq-test-hivemq-platform] [hivemq-platform-operator] [e3f41db1] 18:42:15.770 [pool-6-thread-3] DEBUG c.h.p.o.dependants.PodInfoConfigMap - [helmupgr] Desired PodInfo ConfigMap (extension state hash: 644225871)
2025-01-30 18:42:15,842 INFO c.h.h.t.HelmChartContainer - [hivemq-test-hivemq-platform] [hivemq-platform-operator] [e3f41db1] 18:42:15.837 [pool-6-thread-3] DEBUG c.h.p.o.dependants.PodInfoConfigMap - [helmupgr] Create PodInfo ConfigMap
2025-01-30 18:42:15,848 INFO c.h.h.t.HelmChartContainer - [hivemq-test-hivemq-platform] [hivemq-platform-operator] [e3f41db1] 18:42:15.844 [pool-6-thread-5] DEBUG c.h.p.o.dependants.PodRoleResource - [helmupgr] Create Role: Role(apiVersion=rbac.authorization.k8s.io/v1, kind=Role, metadata=ObjectMeta(annotations={meta.helm.sh/release-name=test-hivemq-platform, meta.helm.sh/release-namespace=helmupgradeextensionit}, creationTimestamp=null, deletionGracePeriodSeconds=null, deletionTimestamp=null, finalizers=[], generateName=null, generation=null, labels={helm.sh/chart=hivemq-platform-0.2.32, app.kubernetes.io/managed-by=Helm, app.kubernetes.io/name=hivemq-platform, hivemq-platform=test-hivemq-platform, app.kubernetes.io/instance=test-hivemq-platform, app.kubernetes.io/version=4.36.0}, managedFields=[], name=hivemq-platform-role-test-hivemq-platform, namespace=helmupgradeextensionit, ownerReferences=[OwnerReference(apiVersion=hivemq.com/v1, blockOwnerDeletion=null, controller=null, kind=HiveMQPlatform, name=test-hivemq-platform, uid=34198b1b-21f4-4455-b436-dfea3f1e9f4b, additionalProperties={})], resourceVersion=null, selfLink=null, uid=null, additionalProperties={}), rules=[PolicyRule(apiGroups=[], nonResourceURLs=[], resourceNames=[], resources=[pods], verbs=[get, patch, update], additionalProperties={})], additionalProperties={})
2025-01-30 18:42:16,040 INFO c.h.h.t.HelmChartContainer - [hivemq-test-hivemq-platform] [hivemq-platform-operator] [e3f41db1] 18:42:16.039 [pool-6-thread-7] DEBUG c.h.p.o.d.PodServiceAccountResource - [helmupgr] Desired PodServiceAccountResource (serviceAccountName: hivemq-platform-pod-test-hivemq-platform)
2025-01-30 18:42:16,042 INFO c.h.h.t.HelmChartContainer - [hivemq-test-hivemq-platform] [hivemq-platform-operator] [e3f41db1] 18:42:16.040 [pool-6-thread-7] DEBUG c.h.p.o.d.PodServiceAccountResource - [helmupgr] Create ServiceAccount 'hivemq-platform-pod-test-hivemq-platform'
2025-01-30 18:42:16,148 INFO c.h.h.t.HelmChartContainer - [hivemq-test-hivemq-platform] [hivemq-platform-operator] [e3f41db1] 18:42:16.147 [pool-6-thread-10] DEBUG c.h.p.o.d.PodRoleBindingResource - [helmupgr] Create RoleBinding: RoleBinding(apiVersion=rbac.authorization.k8s.io/v1, kind=RoleBinding, metadata=ObjectMeta(annotations={meta.helm.sh/release-name=test-hivemq-platform, meta.helm.sh/release-namespace=helmupgradeextensionit}, creationTimestamp=null, deletionGracePeriodSeconds=null, deletionTimestamp=null, finalizers=[], generateName=null, generation=null, labels={helm.sh/chart=hivemq-platform-0.2.32, app.kubernetes.io/managed-by=Helm, app.kubernetes.io/name=hivemq-platform, hivemq-platform=test-hivemq-platform, app.kubernetes.io/instance=test-hivemq-platform, app.kubernetes.io/version=4.36.0}, managedFields=[], name=hivemq-platform-role-binding-test-hivemq-platform, namespace=helmupgradeextensionit, ownerReferences=[OwnerReference(apiVersion=hivemq.com/v1, blockOwnerDeletion=null, controller=null, kind=HiveMQPlatform, name=test-hivemq-platform, uid=34198b1b-21f4-4455-b436-dfea3f1e9f4b, additionalProperties={})], resourceVersion=null, selfLink=null, uid=null, additionalProperties={}), roleRef=RoleRef(apiGroup=rbac.authorization.k8s.io, kind=Role, name=hivemq-platform-role-test-hivemq-platform, additionalProperties={}), subjects=[Subject(apiGroup=null, kind=ServiceAccount, name=hivemq-platform-pod-test-hivemq-platform, namespace=helmupgradeextensionit, additionalProperties={})], additionalProperties={})
2025-01-30 18:42:16,240 INFO c.h.h.t.HelmChartContainer - [hivemq-test-hivemq-platform] [hivemq-platform-operator] [e3f41db1] 18:42:16.238 [ReconcilerExecutor-hivemq-controller-55] INFO  c.h.p.o.HiveMQPlatformReconciler - [helmupgr] Reconciling HiveMQ Platform 'test-hivemq-platform' in namespace 'helmupgradeextensionit'
2025-01-30 18:42:16,241 INFO c.h.h.t.HelmChartContainer - [hivemq-test-hivemq-platform] [hivemq-platform-operator] [e3f41db1] 18:42:16.239 [ReconcilerExecutor-hivemq-controller-55] DEBUG c.h.p.o.HiveMQPlatformReconciler - [helmupgr] Custom Resource Status CREATED - HiveMQ Platform was created (READY)
2025-01-30 18:42:16,241 INFO c.h.h.t.HelmChartContainer - [hivemq-test-hivemq-platform] [hivemq-platform-operator] [e3f41db1] 18:42:16.239 [ReconcilerExecutor-hivemq-controller-55] DEBUG c.h.p.o.HiveMQPlatformReconciler - [helmupgr] Custom Resource Spec (replicas: 1) (extensions: 1)
2025-01-30 18:42:16,248 INFO c.h.h.t.HelmChartContainer - [hivemq-test-hivemq-platform] [hivemq-platform-operator] [e3f41db1] 18:42:16.246 [ReconcilerExecutor-hivemq-controller-55] INFO  c.h.p.o.h.HiveMQPlatformReconcilerBaseHandler - [helmupgr] HiveMQ Platform is starting
2025-01-30 18:42:16,438 INFO c.h.h.t.HelmChartContainer - [hivemq-test-hivemq-platform] [hivemq-platform-operator] [e3f41db1] 18:42:16.437 [ReconcilerExecutor-hivemq-controller-55] DEBUG c.h.p.operator.event.EventSender - [helmupgr] Creating K8s event hivemq-platform-starting: [Start] HiveMQ Platform is starting
2025-01-30 18:42:16,448 INFO c.h.h.t.HelmChartContainer - [EVENT] Normal [Start] HiveMQ Platform is starting [helmupgradeextensionit:test-hivemq-platform]
2025-01-30 18:42:16,453 INFO c.h.h.t.HelmChartContainer - [hivemq-test-hivemq-platform] [hivemq-platform-operator] [e3f41db1] 18:42:16.452 [ReconcilerExecutor-hivemq-controller-55] INFO  c.h.p.o.h.AbstractHiveMQReconcilerStateHandler - [helmupgr] Update HiveMQ Platform Status (CREATED [READY] -> STARTING [READY]): HiveMQ Platform is starting
2025-01-30 18:42:16,550 DEBUG com.hivemq.helmcharts.util.K8sUtil - Comparing actual state 'STARTING' and waiting for 'RUNNING'
2025-01-30 18:42:26,565 INFO c.h.h.t.HelmChartContainer - [hivemq-test-hivemq-platform] [hivemq-platform-operator] [e3f41db1] 18:42:26.559 [pool-6-thread-12] DEBUG c.h.p.o.d.PlatformServiceResource - [helmupgr] Desired Platform services (3 services)
2025-01-30 18:42:26,566 INFO c.h.h.t.HelmChartContainer - [hivemq-test-hivemq-platform] [hivemq-platform-operator] [e3f41db1] 18:42:26.562 [pool-6-thread-13] DEBUG c.h.p.o.dependants.PodInfoConfigMap - [helmupgr] Desired PodInfo ConfigMap (1 extensions) (1 enabled)
2025-01-30 18:42:26,566 INFO c.h.h.t.HelmChartContainer - [hivemq-test-hivemq-platform] [hivemq-platform-operator] [e3f41db1] 18:42:26.562 [pool-6-thread-13] DEBUG c.h.p.o.dependants.PodInfoConfigMap - [helmupgr] Desired PodInfo ConfigMap (metrics port: 9399) (metrics path: /)
2025-01-30 18:42:26,566 INFO c.h.h.t.HelmChartContainer - [hivemq-test-hivemq-platform] [hivemq-platform-operator] [e3f41db1] 18:42:26.562 [pool-6-thread-13] DEBUG c.h.p.o.dependants.PodInfoConfigMap - [helmupgr] Desired PodInfo ConfigMap (extension state hash: 644225871)
2025-01-30 18:42:26,568 INFO c.h.h.t.HelmChartContainer - [hivemq-test-hivemq-platform] [hivemq-platform-operator] [e3f41db1] 18:42:26.566 [pool-6-thread-17] DEBUG c.h.p.o.d.PodServiceAccountResource - [helmupgr] Desired PodServiceAccountResource (serviceAccountName: hivemq-platform-pod-test-hivemq-platform)
2025-01-30 18:42:26,572 INFO c.h.h.t.HelmChartContainer - [hivemq-test-hivemq-platform] [hivemq-platform-operator] [e3f41db1] 18:42:26.571 [pool-6-thread-13] DEBUG c.h.p.o.dependants.PodInfoConfigMap - [helmupgr] Update PodInfo ConfigMap
2025-01-30 18:42:26,647 INFO c.h.h.t.HelmChartContainer - [K3S] [alloc.go:330] "allocated clusterIPs" service="helmupgradeextensionit/hivemq-test-hivemq-platform-cc-8080" clusterIPs={"IPv4":"10.43.89.210"}
2025-01-30 18:42:26,664 INFO c.h.h.t.HelmChartContainer - [K3S] [alloc.go:330] "allocated clusterIPs" service="helmupgradeextensionit/hivemq-test-hivemq-platform-mqtt-1883" clusterIPs={"IPv4":"10.43.225.119"}
2025-01-30 18:42:26,745 INFO c.h.h.t.HelmChartContainer - [K3S] [alloc.go:330] "allocated clusterIPs" service="helmupgradeextensionit/hivemq-test-hivemq-platform-metrics-9399" clusterIPs={"IPv4":"10.43.87.16"}
2025-01-30 18:42:26,753 INFO c.h.h.t.HelmChartContainer - [hivemq-test-hivemq-platform] [hivemq-platform-operator] [e3f41db1] 18:42:26.750 [pool-6-thread-20] DEBUG c.h.p.o.d.StatefulSetResource - [helmupgr] Desired StatefulSet (1 replicas) for status STARTING (READY)
2025-01-30 18:42:26,847 INFO c.h.h.t.HelmChartContainer - [hivemq-test-hivemq-platform] [hivemq-platform-operator] [e3f41db1] 18:42:26.846 [pool-6-thread-20] DEBUG c.h.p.o.d.StatefulSetResource - [helmupgr] Create StatefulSet
2025-01-30 18:42:26,950 INFO c.h.h.t.HelmChartContainer - [hivemq-test-hivemq-platform] [hivemq-platform-operator] [e3f41db1] 18:42:26.948 [ReconcilerExecutor-hivemq-controller-66] INFO  c.h.p.o.HiveMQPlatformReconciler - [helmupgr] Reconciling HiveMQ Platform 'test-hivemq-platform' in namespace 'helmupgradeextensionit'
2025-01-30 18:42:26,950 INFO c.h.h.t.HelmChartContainer - [hivemq-test-hivemq-platform] [hivemq-platform-operator] [e3f41db1] 18:42:26.948 [ReconcilerExecutor-hivemq-controller-66] DEBUG c.h.p.o.HiveMQPlatformReconciler - [helmupgr] Custom Resource Status STARTING - HiveMQ Platform is starting (READY)
2025-01-30 18:42:26,950 INFO c.h.h.t.HelmChartContainer - [hivemq-test-hivemq-platform] [hivemq-platform-operator] [e3f41db1] 18:42:26.948 [ReconcilerExecutor-hivemq-controller-66] DEBUG c.h.p.o.HiveMQPlatformReconciler - [helmupgr] Custom Resource Spec (replicas: 1) (extensions: 1)
2025-01-30 18:42:26,962 INFO c.h.h.t.HelmChartContainer - [hivemq-test-hivemq-platform] [hivemq-platform-operator] [e3f41db1] 18:42:26.957 [ReconcilerExecutor-hivemq-controller-66] DEBUG c.h.p.o.HiveMQPlatformReconciler - [helmupgr] StatefulSet Status (revision: null, replicas: 0, available: 0, ready: 0, current: 0, updated: 0)
2025-01-30 18:42:26,962 INFO c.h.h.t.HelmChartContainer - [hivemq-test-hivemq-platform] [hivemq-platform-operator] [e3f41db1] 18:42:26.957 [ReconcilerExecutor-hivemq-controller-66] DEBUG c.h.p.o.HiveMQPlatformReconciler - [helmupgr] StatefulSet Spec (replicas: 1, init containers: 1, containers: 1, volumes: 4)
2025-01-30 18:42:26,962 INFO c.h.h.t.HelmChartContainer - [hivemq-test-hivemq-platform] [hivemq-platform-operator] [e3f41db1] 18:42:26.961 [ReconcilerExecutor-hivemq-controller-66] INFO  c.h.p.o.h.HiveMQPlatformReconcilerBaseHandler - [helmupgr] HiveMQ Platform is starting, 0 of 1 replicas are ready
2025-01-30 18:42:26,967 INFO c.h.h.t.HelmChartContainer - [POD] test-hivemq-platform-0 [da7b7f97-4da6-4b18-a6e4-baf87c7cb989] in helmupgradeextensionit was ADDED
2025-01-30 18:42:26,972 INFO c.h.h.t.HelmChartContainer - [POD] test-hivemq-platform-0 [da7b7f97-4da6-4b18-a6e4-baf87c7cb989] in helmupgradeextensionit was MODIFIED
2025-01-30 18:42:26,973 INFO c.h.h.t.HelmChartContainer - [EVENT] Normal [SuccessfulCreate] create Pod test-hivemq-platform-0 in StatefulSet test-hivemq-platform successful [helmupgradeextensionit:test-hivemq-platform]
2025-01-30 18:42:26,974 INFO c.h.h.t.HelmChartContainer - [EVENT] Normal [Scheduled] Successfully assigned helmupgradeextensionit/test-hivemq-platform-0 to 5efb8701c4a9 [helmupgradeextensionit:test-hivemq-platform-0]
2025-01-30 18:42:26,986 INFO c.h.h.t.HelmChartContainer - [POD] test-hivemq-platform-0 [da7b7f97-4da6-4b18-a6e4-baf87c7cb989] in helmupgradeextensionit was MODIFIED
2025-01-30 18:42:27,026 INFO c.h.h.t.HelmChartContainer - [K3S] [reconciler_common.go:251] "operationExecutor.VerifyControllerAttachedVolume started for volume \"extension-configuration-hivemq-bridge-extension\" (UniqueName: \"kubernetes.io/configmap/da7b7f97-4da6-4b18-a6e4-baf87c7cb989-extension-configuration-hivemq-bridge-extension\") pod \"test-hivemq-platform-0\" (UID: \"da7b7f97-4da6-4b18-a6e4-baf87c7cb989\") " pod="helmupgradeextensionit/test-hivemq-platform-0"
2025-01-30 18:42:27,026 INFO c.h.h.t.HelmChartContainer - [K3S] [reconciler_common.go:251] "operationExecutor.VerifyControllerAttachedVolume started for volume \"operator-init\" (UniqueName: \"kubernetes.io/empty-dir/da7b7f97-4da6-4b18-a6e4-baf87c7cb989-operator-init\") pod \"test-hivemq-platform-0\" (UID: \"da7b7f97-4da6-4b18-a6e4-baf87c7cb989\") " pod="helmupgradeextensionit/test-hivemq-platform-0"
2025-01-30 18:42:27,026 INFO c.h.h.t.HelmChartContainer - [K3S] [reconciler_common.go:251] "operationExecutor.VerifyControllerAttachedVolume started for volume \"broker-configuration\" (UniqueName: \"kubernetes.io/configmap/da7b7f97-4da6-4b18-a6e4-baf87c7cb989-broker-configuration\") pod \"test-hivemq-platform-0\" (UID: \"da7b7f97-4da6-4b18-a6e4-baf87c7cb989\") " pod="helmupgradeextensionit/test-hivemq-platform-0"
2025-01-30 18:42:27,026 INFO c.h.h.t.HelmChartContainer - [K3S] [reconciler_common.go:251] "operationExecutor.VerifyControllerAttachedVolume started for volume \"pod-info\" (UniqueName: \"kubernetes.io/configmap/da7b7f97-4da6-4b18-a6e4-baf87c7cb989-pod-info\") pod \"test-hivemq-platform-0\" (UID: \"da7b7f97-4da6-4b18-a6e4-baf87c7cb989\") " pod="helmupgradeextensionit/test-hivemq-platform-0"
2025-01-30 18:42:27,026 INFO c.h.h.t.HelmChartContainer - [K3S] [reconciler_common.go:251] "operationExecutor.VerifyControllerAttachedVolume started for volume \"kube-api-access-hxkgc\" (UniqueName: \"kubernetes.io/projected/da7b7f97-4da6-4b18-a6e4-baf87c7cb989-kube-api-access-hxkgc\") pod \"test-hivemq-platform-0\" (UID: \"da7b7f97-4da6-4b18-a6e4-baf87c7cb989\") " pod="helmupgradeextensionit/test-hivemq-platform-0"
2025-01-30 18:42:27,043 INFO c.h.h.t.HelmChartContainer - [hivemq-test-hivemq-platform] [hivemq-platform-operator] [e3f41db1] 18:42:27.039 [pool-6-thread-22] DEBUG c.h.p.o.d.PlatformServiceResource - [helmupgr] Desired Platform services (3 services)
2025-01-30 18:42:27,043 INFO c.h.h.t.HelmChartContainer - [hivemq-test-hivemq-platform] [hivemq-platform-operator] [e3f41db1] 18:42:27.041 [pool-6-thread-23] DEBUG c.h.p.o.dependants.PodInfoConfigMap - [helmupgr] Desired PodInfo ConfigMap (1 extensions) (1 enabled)
2025-01-30 18:42:27,046 INFO c.h.h.t.HelmChartContainer - [hivemq-test-hivemq-platform] [hivemq-platform-operator] [e3f41db1] 18:42:27.046 [pool-6-thread-23] DEBUG c.h.p.o.dependants.PodInfoConfigMap - [helmupgr] Desired PodInfo ConfigMap (metrics port: 9399) (metrics path: /)
2025-01-30 18:42:27,141 INFO c.h.h.t.HelmChartContainer - [hivemq-test-hivemq-platform] [hivemq-platform-operator] [e3f41db1] 18:42:27.136 [pool-6-thread-23] DEBUG c.h.p.o.dependants.PodInfoConfigMap - [helmupgr] Desired PodInfo ConfigMap (extension state hash: 644225871)
2025-01-30 18:42:27,144 INFO c.h.h.t.HelmChartContainer - [hivemq-test-hivemq-platform] [hivemq-platform-operator] [e3f41db1] 18:42:27.043 [pool-6-thread-27] DEBUG c.h.p.o.d.PodServiceAccountResource - [helmupgr] Desired PodServiceAccountResource (serviceAccountName: hivemq-platform-pod-test-hivemq-platform)
2025-01-30 18:42:27,144 INFO c.h.h.t.HelmChartContainer - [hivemq-test-hivemq-platform] [hivemq-platform-operator] [e3f41db1] 18:42:27.141 [pool-6-thread-30] DEBUG c.h.p.o.d.StatefulSetResource - [helmupgr] Desired StatefulSet (1 replicas) for status STARTING (READY)
2025-01-30 18:42:27,150 INFO c.h.h.t.HelmChartContainer - [hivemq-test-hivemq-platform] [hivemq-platform-operator] [e3f41db1] 18:42:27.149 [ReconcilerExecutor-hivemq-controller-77] INFO  c.h.p.o.HiveMQPlatformReconciler - [helmupgr] Reconciling HiveMQ Platform 'test-hivemq-platform' in namespace 'helmupgradeextensionit'
2025-01-30 18:42:27,151 INFO c.h.h.t.HelmChartContainer - [hivemq-test-hivemq-platform] [hivemq-platform-operator] [e3f41db1] 18:42:27.149 [ReconcilerExecutor-hivemq-controller-77] DEBUG c.h.p.o.HiveMQPlatformReconciler - [helmupgr] Custom Resource Status STARTING - HiveMQ Platform is starting (READY)
2025-01-30 18:42:27,151 INFO c.h.h.t.HelmChartContainer - [hivemq-test-hivemq-platform] [hivemq-platform-operator] [e3f41db1] 18:42:27.149 [ReconcilerExecutor-hivemq-controller-77] DEBUG c.h.p.o.HiveMQPlatformReconciler - [helmupgr] Custom Resource Spec (replicas: 1) (extensions: 1)
2025-01-30 18:42:27,241 INFO c.h.h.t.HelmChartContainer - [hivemq-test-hivemq-platform] [hivemq-platform-operator] [e3f41db1] 18:42:27.240 [ReconcilerExecutor-hivemq-controller-77] DEBUG c.h.p.o.HiveMQPlatformReconciler - [helmupgr] StatefulSet Status (revision: test-hivemq-platform-5b6c7575b6, replicas: 1, available: 0, ready: 0, current: 1, updated: 1)
2025-01-30 18:42:27,241 INFO c.h.h.t.HelmChartContainer - [hivemq-test-hivemq-platform] [hivemq-platform-operator] [e3f41db1] 18:42:27.240 [ReconcilerExecutor-hivemq-controller-77] DEBUG c.h.p.o.HiveMQPlatformReconciler - [helmupgr] StatefulSet Spec (replicas: 1, init containers: 1, containers: 1, volumes: 4)
2025-01-30 18:42:27,253 INFO c.h.h.t.HelmChartContainer - [hivemq-test-hivemq-platform] [hivemq-platform-operator] [e3f41db1] 18:42:27.252 [ReconcilerExecutor-hivemq-controller-77] DEBUG c.h.p.o.h.HiveMQPlatformReconcilerErrorHandler - [helmupgr] Pod 'test-hivemq-platform-0' phase Pending
2025-01-30 18:42:27,272 INFO c.h.h.t.HelmChartContainer - [hivemq-test-hivemq-platform] [hivemq-platform-operator] [e3f41db1] 18:42:27.270 [ReconcilerExecutor-hivemq-controller-77] DEBUG c.h.p.o.h.HiveMQPlatformReconcilerErrorHandler - [helmupgr] Pod 'test-hivemq-platform-0' condition 'PodReadyToStartContainers': False
2025-01-30 18:42:27,272 INFO c.h.h.t.HelmChartContainer - [hivemq-test-hivemq-platform] [hivemq-platform-operator] [e3f41db1] 18:42:27.271 [ReconcilerExecutor-hivemq-controller-77] DEBUG c.h.p.o.h.HiveMQPlatformReconcilerErrorHandler - [helmupgr] Pod 'test-hivemq-platform-0' condition 'Initialized': False
2025-01-30 18:42:27,272 INFO c.h.h.t.HelmChartContainer - [hivemq-test-hivemq-platform] [hivemq-platform-operator] [e3f41db1] 18:42:27.271 [ReconcilerExecutor-hivemq-controller-77] DEBUG c.h.p.o.h.HiveMQPlatformReconcilerErrorHandler - [helmupgr] Pod 'test-hivemq-platform-0' condition 'Ready': False
2025-01-30 18:42:27,272 INFO c.h.h.t.HelmChartContainer - [hivemq-test-hivemq-platform] [hivemq-platform-operator] [e3f41db1] 18:42:27.271 [ReconcilerExecutor-hivemq-controller-77] DEBUG c.h.p.o.h.HiveMQPlatformReconcilerErrorHandler - [helmupgr] Pod 'test-hivemq-platform-0' condition 'ContainersReady': False
2025-01-30 18:42:27,272 INFO c.h.h.t.HelmChartContainer - [hivemq-test-hivemq-platform] [hivemq-platform-operator] [e3f41db1] 18:42:27.271 [ReconcilerExecutor-hivemq-controller-77] DEBUG c.h.p.o.h.HiveMQPlatformReconcilerErrorHandler - [helmupgr] Pod 'test-hivemq-platform-0' condition 'PodScheduled': True
2025-01-30 18:42:27,272 INFO c.h.h.t.HelmChartContainer - [hivemq-test-hivemq-platform] [hivemq-platform-operator] [e3f41db1] 18:42:27.271 [ReconcilerExecutor-hivemq-controller-77] DEBUG c.h.p.o.h.HiveMQPlatformReconcilerErrorHandler - [helmupgr] Pod 'test-hivemq-platform-0' containerStatus 'hivemq' (started: false) (ready: false) (waiting: [PodInitializing] null)
2025-01-30 18:42:27,337 INFO c.h.h.t.HelmChartContainer - [hivemq-test-hivemq-platform] [hivemq-platform-operator] [e3f41db1] 18:42:27.336 [ReconcilerExecutor-hivemq-controller-77] INFO  c.h.p.o.h.HiveMQPlatformReconcilerBaseHandler - [helmupgr] HiveMQ Platform is starting, 0 of 1 replicas are ready
2025-01-30 18:42:27,347 INFO c.h.h.t.HelmChartContainer - [hivemq-test-hivemq-platform] [hivemq-platform-operator] [e3f41db1] 18:42:27.344 [pool-6-thread-32] DEBUG c.h.p.o.d.PlatformServiceResource - [helmupgr] Desired Platform services (3 services)
2025-01-30 18:42:27,350 INFO c.h.h.t.HelmChartContainer - [hivemq-test-hivemq-platform] [hivemq-platform-operator] [e3f41db1] 18:42:27.349 [pool-6-thread-33] DEBUG c.h.p.o.dependants.PodInfoConfigMap - [helmupgr] Desired PodInfo ConfigMap (1 extensions) (1 enabled)
2025-01-30 18:42:27,352 INFO c.h.h.t.HelmChartContainer - [hivemq-test-hivemq-platform] [hivemq-platform-operator] [e3f41db1] 18:42:27.351 [pool-6-thread-33] DEBUG c.h.p.o.dependants.PodInfoConfigMap - [helmupgr] Desired PodInfo ConfigMap (metrics port: 9399) (metrics path: /)
2025-01-30 18:42:27,353 INFO c.h.h.t.HelmChartContainer - [hivemq-test-hivemq-platform] [hivemq-platform-operator] [e3f41db1] 18:42:27.351 [pool-6-thread-33] DEBUG c.h.p.o.dependants.PodInfoConfigMap - [helmupgr] Desired PodInfo ConfigMap (extension state hash: 644225871)
2025-01-30 18:42:27,356 INFO c.h.h.t.HelmChartContainer - [hivemq-test-hivemq-platform] [hivemq-platform-operator] [e3f41db1] 18:42:27.355 [pool-6-thread-37] DEBUG c.h.p.o.d.PodServiceAccountResource - [helmupgr] Desired PodServiceAccountResource (serviceAccountName: hivemq-platform-pod-test-hivemq-platform)
2025-01-30 18:42:27,370 INFO c.h.h.t.HelmChartContainer - [EVENT] Normal [Pulled] Container image "docker.io/hivemq/hivemq-platform-operator-init-test:snapshot" already present on machine [helmupgradeextensionit:test-hivemq-platform-0]
2025-01-30 18:42:27,380 INFO c.h.h.t.HelmChartContainer - [EVENT] Normal [Created] Created container: hivemq-platform-operator-init [helmupgradeextensionit:test-hivemq-platform-0]
2025-01-30 18:42:27,426 INFO c.h.h.t.HelmChartContainer - [EVENT] Normal [Started] Started container hivemq-platform-operator-init [helmupgradeextensionit:test-hivemq-platform-0]
2025-01-30 18:42:27,447 INFO c.h.h.t.HelmChartContainer - [hivemq-test-hivemq-platform] [hivemq-platform-operator] [e3f41db1] 18:42:27.443 [pool-6-thread-40] DEBUG c.h.p.o.d.StatefulSetResource - [helmupgr] Desired StatefulSet (1 replicas) for status STARTING (READY)
2025-01-30 18:42:27,449 INFO c.h.h.t.HelmChartContainer - [hivemq-test-hivemq-platform] [hivemq-platform-operator] [e3f41db1] 18:42:27.447 [ReconcilerExecutor-hivemq-controller-88] INFO  c.h.p.o.HiveMQPlatformReconciler - [helmupgr] Reconciling HiveMQ Platform 'test-hivemq-platform' in namespace 'helmupgradeextensionit'
2025-01-30 18:42:27,451 INFO c.h.h.t.HelmChartContainer - [hivemq-test-hivemq-platform] [hivemq-platform-operator] [e3f41db1] 18:42:27.447 [ReconcilerExecutor-hivemq-controller-88] DEBUG c.h.p.o.HiveMQPlatformReconciler - [helmupgr] Custom Resource Status STARTING - HiveMQ Platform is starting (READY)
2025-01-30 18:42:27,451 INFO c.h.h.t.HelmChartContainer - [hivemq-test-hivemq-platform] [hivemq-platform-operator] [e3f41db1] 18:42:27.447 [ReconcilerExecutor-hivemq-controller-88] DEBUG c.h.p.o.HiveMQPlatformReconciler - [helmupgr] Custom Resource Spec (replicas: 1) (extensions: 1)
2025-01-30 18:42:27,454 INFO c.h.h.t.HelmChartContainer - [hivemq-test-hivemq-platform] [hivemq-platform-operator] [e3f41db1] 18:42:27.451 [ReconcilerExecutor-hivemq-controller-88] DEBUG c.h.p.o.HiveMQPlatformReconciler - [helmupgr] StatefulSet Status (revision: test-hivemq-platform-5b6c7575b6, replicas: 1, available: 0, ready: 0, current: 1, updated: 1)
2025-01-30 18:42:27,455 INFO c.h.h.t.HelmChartContainer - [hivemq-test-hivemq-platform] [hivemq-platform-operator] [e3f41db1] 18:42:27.451 [ReconcilerExecutor-hivemq-controller-88] DEBUG c.h.p.o.HiveMQPlatformReconciler - [helmupgr] StatefulSet Spec (replicas: 1, init containers: 1, containers: 1, volumes: 4)
2025-01-30 18:42:27,455 INFO c.h.h.t.HelmChartContainer - [hivemq-test-hivemq-platform] [hivemq-platform-operator] [e3f41db1] 18:42:27.452 [ReconcilerExecutor-hivemq-controller-88] DEBUG c.h.p.o.h.HiveMQPlatformReconcilerErrorHandler - [helmupgr] Pod 'test-hivemq-platform-0' phase Pending
2025-01-30 18:42:27,455 INFO c.h.h.t.HelmChartContainer - [hivemq-test-hivemq-platform] [hivemq-platform-operator] [e3f41db1] 18:42:27.452 [ReconcilerExecutor-hivemq-controller-88] DEBUG c.h.p.o.h.HiveMQPlatformReconcilerErrorHandler - [helmupgr] Pod 'test-hivemq-platform-0' condition 'PodReadyToStartContainers': False
2025-01-30 18:42:27,455 INFO c.h.h.t.HelmChartContainer - [hivemq-test-hivemq-platform] [hivemq-platform-operator] [e3f41db1] 18:42:27.452 [ReconcilerExecutor-hivemq-controller-88] DEBUG c.h.p.o.h.HiveMQPlatformReconcilerErrorHandler - [helmupgr] Pod 'test-hivemq-platform-0' condition 'Initialized': False
2025-01-30 18:42:27,455 INFO c.h.h.t.HelmChartContainer - [hivemq-test-hivemq-platform] [hivemq-platform-operator] [e3f41db1] 18:42:27.452 [ReconcilerExecutor-hivemq-controller-88] DEBUG c.h.p.o.h.HiveMQPlatformReconcilerErrorHandler - [helmupgr] Pod 'test-hivemq-platform-0' condition 'Ready': False
2025-01-30 18:42:27,455 INFO c.h.h.t.HelmChartContainer - [hivemq-test-hivemq-platform] [hivemq-platform-operator] [e3f41db1] 18:42:27.452 [ReconcilerExecutor-hivemq-controller-88] DEBUG c.h.p.o.h.HiveMQPlatformReconcilerErrorHandler - [helmupgr] Pod 'test-hivemq-platform-0' condition 'ContainersReady': False
2025-01-30 18:42:27,455 INFO c.h.h.t.HelmChartContainer - [hivemq-test-hivemq-platform] [hivemq-platform-operator] [e3f41db1] 18:42:27.452 [ReconcilerExecutor-hivemq-controller-88] DEBUG c.h.p.o.h.HiveMQPlatformReconcilerErrorHandler - [helmupgr] Pod 'test-hivemq-platform-0' condition 'PodScheduled': True
2025-01-30 18:42:27,455 INFO c.h.h.t.HelmChartContainer - [hivemq-test-hivemq-platform] [hivemq-platform-operator] [e3f41db1] 18:42:27.452 [ReconcilerExecutor-hivemq-controller-88] DEBUG c.h.p.o.h.HiveMQPlatformReconcilerErrorHandler - [helmupgr] Pod 'test-hivemq-platform-0' containerStatus 'hivemq' (started: false) (ready: false) (waiting: [PodInitializing] null)
2025-01-30 18:42:27,455 INFO c.h.h.t.HelmChartContainer - [hivemq-test-hivemq-platform] [hivemq-platform-operator] [e3f41db1] 18:42:27.453 [ReconcilerExecutor-hivemq-controller-88] INFO  c.h.p.o.h.HiveMQPlatformReconcilerBaseHandler - [helmupgr] HiveMQ Platform is starting, 0 of 1 replicas are ready
2025-01-30 18:42:28,385 INFO c.h.h.t.HelmChartContainer - [EVENT] Normal [Pulled] Container image "docker.io/hivemq/hivemq4:4.36.0" already present on machine [helmupgradeextensionit:test-hivemq-platform-0]
2025-01-30 18:42:28,385 INFO c.h.h.t.HelmChartContainer - Received Pulled event for container hivemq in pod test-hivemq-platform-0 [da7b7f97-4da6-4b18-a6e4-baf87c7cb989]
2025-01-30 18:42:28,400 INFO c.h.h.t.HelmChartContainer - [POD] test-hivemq-platform-0 [da7b7f97-4da6-4b18-a6e4-baf87c7cb989] in helmupgradeextensionit was MODIFIED
2025-01-30 18:42:28,415 INFO c.h.h.t.HelmChartContainer - [hivemq-test-hivemq-platform] [hivemq-platform-operator] [e3f41db1] 18:42:28.413 [pool-6-thread-42] DEBUG c.h.p.o.d.PlatformServiceResource - [helmupgr] Desired Platform services (3 services)
2025-01-30 18:42:28,416 INFO c.h.h.t.HelmChartContainer - [EVENT] Normal [Created] Created container: hivemq [helmupgradeextensionit:test-hivemq-platform-0]
2025-01-30 18:42:28,416 INFO c.h.h.t.HelmChartContainer - Received Created event for container hivemq in pod test-hivemq-platform-0 [da7b7f97-4da6-4b18-a6e4-baf87c7cb989]
2025-01-30 18:42:28,424 INFO c.h.h.t.HelmChartContainer - [hivemq-test-hivemq-platform] [hivemq-platform-operator] [e3f41db1] 18:42:28.421 [pool-6-thread-43] DEBUG c.h.p.o.dependants.PodInfoConfigMap - [helmupgr] Desired PodInfo ConfigMap (1 extensions) (1 enabled)
2025-01-30 18:42:28,425 INFO c.h.h.t.HelmChartContainer - [hivemq-test-hivemq-platform] [hivemq-platform-operator] [e3f41db1] 18:42:28.422 [pool-6-thread-43] DEBUG c.h.p.o.dependants.PodInfoConfigMap - [helmupgr] Desired PodInfo ConfigMap (metrics port: 9399) (metrics path: /)
2025-01-30 18:42:28,426 INFO c.h.h.t.HelmChartContainer - [hivemq-test-hivemq-platform] [hivemq-platform-operator] [e3f41db1] 18:42:28.422 [pool-6-thread-43] DEBUG c.h.p.o.dependants.PodInfoConfigMap - [helmupgr] Desired PodInfo ConfigMap (extension state hash: 644225871)
2025-01-30 18:42:28,426 INFO c.h.h.t.HelmChartContainer - [hivemq-test-hivemq-platform] [hivemq-platform-operator] [e3f41db1] 18:42:28.422 [pool-6-thread-47] DEBUG c.h.p.o.d.PodServiceAccountResource - [helmupgr] Desired PodServiceAccountResource (serviceAccountName: hivemq-platform-pod-test-hivemq-platform)
2025-01-30 18:42:28,480 INFO c.h.h.t.HelmChartContainer - [hivemq-test-hivemq-platform] [hivemq-platform-operator] [e3f41db1] 18:42:28.476 [pool-6-thread-50] DEBUG c.h.p.o.d.StatefulSetResource - [helmupgr] Desired StatefulSet (1 replicas) for status STARTING (READY)
2025-01-30 18:42:28,486 INFO c.h.h.t.HelmChartContainer - [hivemq-test-hivemq-platform] [hivemq-platform-operator] [e3f41db1] 18:42:28.483 [ReconcilerExecutor-hivemq-controller-99] INFO  c.h.p.o.HiveMQPlatformReconciler - [helmupgr] Reconciling HiveMQ Platform 'test-hivemq-platform' in namespace 'helmupgradeextensionit'
2025-01-30 18:42:28,486 INFO c.h.h.t.HelmChartContainer - [hivemq-test-hivemq-platform] [hivemq-platform-operator] [e3f41db1] 18:42:28.483 [ReconcilerExecutor-hivemq-controller-99] DEBUG c.h.p.o.HiveMQPlatformReconciler - [helmupgr] Custom Resource Status STARTING - HiveMQ Platform is starting (READY)
2025-01-30 18:42:28,502 INFO c.h.h.t.HelmChartContainer - [hivemq-test-hivemq-platform] [hivemq-platform-operator] [e3f41db1] 18:42:28.483 [ReconcilerExecutor-hivemq-controller-99] DEBUG c.h.p.o.HiveMQPlatformReconciler - [helmupgr] Custom Resource Spec (replicas: 1) (extensions: 1)
2025-01-30 18:42:28,503 INFO c.h.h.t.HelmChartContainer - [hivemq-test-hivemq-platform] [hivemq-platform-operator] [e3f41db1] 18:42:28.488 [ReconcilerExecutor-hivemq-controller-99] DEBUG c.h.p.o.HiveMQPlatformReconciler - [helmupgr] StatefulSet Status (revision: test-hivemq-platform-5b6c7575b6, replicas: 1, available: 0, ready: 0, current: 1, updated: 1)
2025-01-30 18:42:28,503 INFO c.h.h.t.HelmChartContainer - [hivemq-test-hivemq-platform] [hivemq-platform-operator] [e3f41db1] 18:42:28.489 [ReconcilerExecutor-hivemq-controller-99] DEBUG c.h.p.o.HiveMQPlatformReconciler - [helmupgr] StatefulSet Spec (replicas: 1, init containers: 1, containers: 1, volumes: 4)
2025-01-30 18:42:28,503 INFO c.h.h.t.HelmChartContainer - [hivemq-test-hivemq-platform] [hivemq-platform-operator] [e3f41db1] 18:42:28.493 [ReconcilerExecutor-hivemq-controller-99] DEBUG c.h.p.o.h.HiveMQPlatformReconcilerErrorHandler - [helmupgr] Pod 'test-hivemq-platform-0' phase Pending
2025-01-30 18:42:28,503 INFO c.h.h.t.HelmChartContainer - [hivemq-test-hivemq-platform] [hivemq-platform-operator] [e3f41db1] 18:42:28.495 [ReconcilerExecutor-hivemq-controller-99] DEBUG c.h.p.o.h.HiveMQPlatformReconcilerErrorHandler - [helmupgr] Pod 'test-hivemq-platform-0' condition 'PodReadyToStartContainers': True
2025-01-30 18:42:28,503 INFO c.h.h.t.HelmChartContainer - [hivemq-test-hivemq-platform] [hivemq-platform-operator] [e3f41db1] 18:42:28.496 [ReconcilerExecutor-hivemq-controller-99] DEBUG c.h.p.o.h.HiveMQPlatformReconcilerErrorHandler - [helmupgr] Pod 'test-hivemq-platform-0' condition 'Initialized': True
2025-01-30 18:42:28,575 INFO c.h.h.t.HelmChartContainer - [hivemq-test-hivemq-platform] [hivemq-platform-operator] [e3f41db1] 18:42:28.497 [ReconcilerExecutor-hivemq-controller-99] DEBUG c.h.p.o.h.HiveMQPlatformReconcilerErrorHandler - [helmupgr] Pod 'test-hivemq-platform-0' condition 'Ready': False
2025-01-30 18:42:28,575 INFO c.h.h.t.HelmChartContainer - [hivemq-test-hivemq-platform] [hivemq-platform-operator] [e3f41db1] 18:42:28.571 [ReconcilerExecutor-hivemq-controller-99] DEBUG c.h.p.o.h.HiveMQPlatformReconcilerErrorHandler - [helmupgr] Pod 'test-hivemq-platform-0' condition 'ContainersReady': False
2025-01-30 18:42:28,575 INFO c.h.h.t.HelmChartContainer - [hivemq-test-hivemq-platform] [hivemq-platform-operator] [e3f41db1] 18:42:28.571 [ReconcilerExecutor-hivemq-controller-99] DEBUG c.h.p.o.h.HiveMQPlatformReconcilerErrorHandler - [helmupgr] Pod 'test-hivemq-platform-0' condition 'PodScheduled': True
2025-01-30 18:42:28,575 INFO c.h.h.t.HelmChartContainer - [hivemq-test-hivemq-platform] [hivemq-platform-operator] [e3f41db1] 18:42:28.571 [ReconcilerExecutor-hivemq-controller-99] DEBUG c.h.p.o.h.HiveMQPlatformReconcilerErrorHandler - [helmupgr] Pod 'test-hivemq-platform-0' containerStatus 'hivemq' (started: false) (ready: false) (waiting: [PodInitializing] null)
2025-01-30 18:42:28,575 INFO c.h.h.t.HelmChartContainer - [hivemq-test-hivemq-platform] [hivemq-platform-operator] [e3f41db1] 18:42:28.573 [ReconcilerExecutor-hivemq-controller-99] INFO  c.h.p.o.h.HiveMQPlatformReconcilerBaseHandler - [helmupgr] HiveMQ Platform is starting, 0 of 1 replicas are ready
2025-01-30 18:42:29,397 INFO c.h.h.t.HelmChartContainer - [POD] test-hivemq-platform-0 [da7b7f97-4da6-4b18-a6e4-baf87c7cb989] in helmupgradeextensionit was MODIFIED
2025-01-30 18:42:29,408 INFO c.h.h.t.HelmChartContainer - [hivemq-test-hivemq-platform] [hivemq-platform-operator] [e3f41db1] 18:42:29.407 [pool-6-thread-8] DEBUG c.h.p.o.d.PlatformServiceResource - [helmupgr] Desired Platform services (3 services)
2025-01-30 18:42:29,413 INFO c.h.h.t.HelmChartContainer - [hivemq-test-hivemq-platform] [hivemq-platform-operator] [e3f41db1] 18:42:29.411 [pool-6-thread-3] DEBUG c.h.p.o.d.PodServiceAccountResource - [helmupgr] Desired PodServiceAccountResource (serviceAccountName: hivemq-platform-pod-test-hivemq-platform)
2025-01-30 18:42:29,414 INFO c.h.h.t.HelmChartContainer - Started log watcher for hivemq in pod test-hivemq-platform-0 [da7b7f97-4da6-4b18-a6e4-baf87c7cb989]
2025-01-30 18:42:29,415 INFO c.h.h.t.HelmChartContainer - [EVENT] Normal [Started] Started container hivemq [helmupgradeextensionit:test-hivemq-platform-0]
2025-01-30 18:42:29,415 INFO c.h.h.t.HelmChartContainer - Received Started event for container hivemq in pod test-hivemq-platform-0 [da7b7f97-4da6-4b18-a6e4-baf87c7cb989]
2025-01-30 18:42:29,420 INFO c.h.h.t.HelmChartContainer - [hivemq-test-hivemq-platform] [hivemq-platform-operator] [e3f41db1] 18:42:29.417 [pool-6-thread-9] DEBUG c.h.p.o.dependants.PodInfoConfigMap - [helmupgr] Desired PodInfo ConfigMap (1 extensions) (1 enabled)
2025-01-30 18:42:29,420 INFO c.h.h.t.HelmChartContainer - [hivemq-test-hivemq-platform] [hivemq-platform-operator] [e3f41db1] 18:42:29.418 [pool-6-thread-9] DEBUG c.h.p.o.dependants.PodInfoConfigMap - [helmupgr] Desired PodInfo ConfigMap (metrics port: 9399) (metrics path: /)
2025-01-30 18:42:29,420 INFO c.h.h.t.HelmChartContainer - [test-hivemq-platform] [hivemq] [da7b7f97] Adding pre-installed HiveMQ Platform Operator extensions
2025-01-30 18:42:29,420 INFO c.h.h.t.HelmChartContainer - [test-hivemq-platform] [hivemq] [da7b7f97] Running as user 10000
2025-01-30 18:42:29,420 INFO c.h.h.t.HelmChartContainer - [test-hivemq-platform] [hivemq] [da7b7f97] Starting HiveMQ Platform Operator Init
2025-01-30 18:42:29,421 INFO c.h.h.t.HelmChartContainer - [hivemq-test-hivemq-platform] [hivemq-platform-operator] [e3f41db1] 18:42:29.418 [pool-6-thread-9] DEBUG c.h.p.o.dependants.PodInfoConfigMap - [helmupgr] Desired PodInfo ConfigMap (extension state hash: 644225871)
2025-01-30 18:42:29,474 INFO c.h.h.t.HelmChartContainer - [hivemq-test-hivemq-platform] [hivemq-platform-operator] [e3f41db1] 18:42:29.473 [pool-6-thread-8] DEBUG c.h.p.o.d.StatefulSetResource - [helmupgr] Desired StatefulSet (1 replicas) for status STARTING (READY)
2025-01-30 18:42:29,484 INFO c.h.h.t.HelmChartContainer - [hivemq-test-hivemq-platform] [hivemq-platform-operator] [e3f41db1] 18:42:29.478 [ReconcilerExecutor-hivemq-controller-110] INFO  c.h.p.o.HiveMQPlatformReconciler - [helmupgr] Reconciling HiveMQ Platform 'test-hivemq-platform' in namespace 'helmupgradeextensionit'
2025-01-30 18:42:29,485 INFO c.h.h.t.HelmChartContainer - [hivemq-test-hivemq-platform] [hivemq-platform-operator] [e3f41db1] 18:42:29.478 [ReconcilerExecutor-hivemq-controller-110] DEBUG c.h.p.o.HiveMQPlatformReconciler - [helmupgr] Custom Resource Status STARTING - HiveMQ Platform is starting (READY)
2025-01-30 18:42:29,485 INFO c.h.h.t.HelmChartContainer - [hivemq-test-hivemq-platform] [hivemq-platform-operator] [e3f41db1] 18:42:29.478 [ReconcilerExecutor-hivemq-controller-110] DEBUG c.h.p.o.HiveMQPlatformReconciler - [helmupgr] Custom Resource Spec (replicas: 1) (extensions: 1)
2025-01-30 18:42:29,485 INFO c.h.h.t.HelmChartContainer - [hivemq-test-hivemq-platform] [hivemq-platform-operator] [e3f41db1] 18:42:29.481 [ReconcilerExecutor-hivemq-controller-110] DEBUG c.h.p.o.HiveMQPlatformReconciler - [helmupgr] StatefulSet Status (revision: test-hivemq-platform-5b6c7575b6, replicas: 1, available: 0, ready: 0, current: 1, updated: 1)
2025-01-30 18:42:29,485 INFO c.h.h.t.HelmChartContainer - [hivemq-test-hivemq-platform] [hivemq-platform-operator] [e3f41db1] 18:42:29.481 [ReconcilerExecutor-hivemq-controller-110] DEBUG c.h.p.o.HiveMQPlatformReconciler - [helmupgr] StatefulSet Spec (replicas: 1, init containers: 1, containers: 1, volumes: 4)
2025-01-30 18:42:29,486 INFO c.h.h.t.HelmChartContainer - [hivemq-test-hivemq-platform] [hivemq-platform-operator] [e3f41db1] 18:42:29.483 [ReconcilerExecutor-hivemq-controller-110] DEBUG c.h.p.o.h.HiveMQPlatformReconcilerErrorHandler - [helmupgr] Pod 'test-hivemq-platform-0' phase Running
2025-01-30 18:42:29,486 INFO c.h.h.t.HelmChartContainer - [hivemq-test-hivemq-platform] [hivemq-platform-operator] [e3f41db1] 18:42:29.484 [ReconcilerExecutor-hivemq-controller-110] INFO  c.h.p.o.h.HiveMQPlatformReconcilerBaseHandler - [helmupgr] HiveMQ Platform is starting, 0 of 1 replicas are ready
2025-01-30 18:42:29,822 INFO c.h.h.t.HelmChartContainer - [test-hivemq-platform] [hivemq] [da7b7f97] INFO  - [HiveMQ Platform Operator Init 1.7.0-SNAPSHOT] HiveMQ Platform Operator Init 1.7.0-SNAPSHOT (commit: 47e3375 on branch: HEAD) built on Thu Jan 30 03:55:50 UTC 2025
2025-01-30 18:42:30,916 INFO c.h.h.t.HelmChartContainer - [test-hivemq-platform] [hivemq] [da7b7f97] INFO  - [HiveMQ Platform Operator Init App 1.7.0-SNAPSHOT] Using bind address 10.42.0.6 from environment variable
2025-01-30 18:42:31,918 INFO c.h.h.t.HelmChartContainer - [test-hivemq-platform] [hivemq] [da7b7f97] INFO  - [HiveMQ Platform Operator Init App 1.7.0-SNAPSHOT] HiveMQ Platform Operator Init App 1.7.0-SNAPSHOT (commit: 47e3375 on branch: HEAD) built on Thu Jan 30 03:55:50 UTC 2025
2025-01-30 18:42:31,920 INFO c.h.h.t.HelmChartContainer - [test-hivemq-platform] [hivemq] [da7b7f97] INFO  - [HiveMQ Platform Operator Init App 1.7.0-SNAPSHOT] PodInfo ConfigMap directory: /etc/podinfo
2025-01-30 18:42:31,920 INFO c.h.h.t.HelmChartContainer - [test-hivemq-platform] [hivemq] [da7b7f97] INFO  - [HiveMQ Platform Operator Init App 1.7.0-SNAPSHOT] HiveMQ home directory: /opt/hivemq
2025-01-30 18:42:31,920 INFO c.h.h.t.HelmChartContainer - [test-hivemq-platform] [hivemq] [da7b7f97] INFO  - [HiveMQ Platform Operator Init App 1.7.0-SNAPSHOT] HiveMQ Logback folder: /opt/hivemq/conf
2025-01-30 18:42:31,921 INFO c.h.h.t.HelmChartContainer - [test-hivemq-platform] [hivemq] [da7b7f97] INFO  - [HiveMQ Platform Operator Init App 1.7.0-SNAPSHOT] HiveMQ Config folder: /opt/hivemq/conf-k8s
2025-01-30 18:42:31,921 INFO c.h.h.t.HelmChartContainer - [test-hivemq-platform] [hivemq] [da7b7f97] INFO  - [HiveMQ Platform Operator Init App 1.7.0-SNAPSHOT] Starting HiveMQ Platform Operator Init App
2025-01-30 18:42:31,921 INFO c.h.h.t.HelmChartContainer - [test-hivemq-platform] [hivemq] [da7b7f97] INFO  - [HiveMQ Platform Operator Init App 1.7.0-SNAPSHOT] Starting Pod reconciler
2025-01-30 18:42:33,041 INFO c.h.h.t.HelmChartContainer - [test-hivemq-platform] [hivemq] [da7b7f97] INFO  - [HiveMQ Platform Operator Init App 1.7.0-SNAPSHOT] Pod reconciler is scheduled (interval: 5000 ms)
2025-01-30 18:42:33,042 INFO c.h.h.t.HelmChartContainer - [test-hivemq-platform] [hivemq] [da7b7f97] INFO  - [HiveMQ Platform Operator Init App 1.7.0-SNAPSHOT] Starting the REST API on 10.42.0.6:7979
2025-01-30 18:42:33,045 INFO c.h.h.t.HelmChartContainer - [test-hivemq-platform] [hivemq] [da7b7f97] INFO  - [HiveMQ Platform Operator Init App 1.7.0-SNAPSHOT] Waiting up to 600s for at most 1 HiveMQ nodes in cluster service hivemq-test-hivemq-platform-cluster.helmupgradeextensionit.svc
2025-01-30 18:42:33,419 INFO c.h.h.t.HelmChartContainer - [test-hivemq-platform] [hivemq] [da7b7f97] INFO  - [HiveMQ Platform Operator Init App 1.7.0-SNAPSHOT] Resolved 1 IP addresses: [10.42.0.6]
2025-01-30 18:42:33,419 INFO c.h.h.t.HelmChartContainer - [test-hivemq-platform] [hivemq] [da7b7f97] INFO  - [HiveMQ Platform Operator Init App 1.7.0-SNAPSHOT] HiveMQ node count of 1 is within threshold of 1
2025-01-30 18:42:33,419 INFO c.h.h.t.HelmChartContainer - [test-hivemq-platform] [hivemq] [da7b7f97] INFO  - [HiveMQ Platform Operator Init App 1.7.0-SNAPSHOT] Proceeding with container start
2025-01-30 18:42:33,517 INFO c.h.h.t.HelmChartContainer - [test-hivemq-platform] [hivemq] [da7b7f97] INFO  - [HiveMQ Platform Operator Init App 1.7.0-SNAPSHOT] Initializing HiveMQ Platform extensions with initial configuration: {hivemq-bridge-extension={start-priority=-1, skip-https-hostname-verification=false, restart=true, config-version=519, header-version=0, c-uri=, priority=-1, uri=preinstalled, skip-https-certificate-validation=false, enabled=true}, hivemq-prometheus-extension={priority=-1, start-priority=-1, c-uri=, skip-https-hostname-verification=false, skip-https-certificate-validation=false, uri=preinstalled, request-header-path=no-request-headers, enabled=true, restart=true}}
2025-01-30 18:42:34,032 INFO c.h.h.t.HelmChartContainer - [test-hivemq-platform] [hivemq] [da7b7f97] INFO  - [HiveMQ Platform Operator Init App 1.7.0-SNAPSHOT] Successfully enabled extension hivemq-bridge-extension
2025-01-30 18:42:34,032 INFO c.h.h.testcontainer.LogWaiterUtil - TEST Found log pattern on 'test-hivemq-platform-0': .*\[HiveMQ Platform Operator Init App [A-Z0-9.-]+\] Successfully enabled extension hivemq-bridge-extension
2025-01-30 18:42:34,117 INFO c.h.h.t.HelmChartContainer - [test-hivemq-platform] [hivemq] [da7b7f97] INFO  - [HiveMQ Platform Operator Init App 1.7.0-SNAPSHOT] Successfully enabled extension hivemq-prometheus-extension
2025-01-30 18:42:34,119 INFO c.h.h.t.HelmChartContainer - [test-hivemq-platform] [hivemq] [da7b7f97] INFO  - [HiveMQ Platform Operator Init App 1.7.0-SNAPSHOT] Starting HiveMQ Platform version 4.36.0 (4.36.0)
2025-01-30 18:42:34,119 INFO c.h.h.t.HelmChartContainer - [test-hivemq-platform] [hivemq] [da7b7f97] INFO  - [HiveMQ Platform Operator Init App 1.7.0-SNAPSHOT] Configuring the HiveMQ Platform
2025-01-30 18:42:34,129 INFO c.h.h.t.HelmChartContainer - [test-hivemq-platform] [hivemq] [da7b7f97] INFO  - [HiveMQ Platform Operator Init App 1.7.0-SNAPSHOT] Changed logback.xml file scan period to 20 seconds
2025-01-30 18:42:34,217 INFO c.h.h.t.HelmChartContainer - [test-hivemq-platform] [hivemq] [da7b7f97] INFO  - [HiveMQ Platform Operator Init App 1.7.0-SNAPSHOT] Starting the HiveMQ Platform
2025-01-30 18:42:34,220 INFO c.h.h.t.HelmChartContainer - [test-hivemq-platform] [hivemq] [da7b7f97] -------------------------------------------------------------------------
2025-01-30 18:42:34,220 INFO c.h.h.t.HelmChartContainer - [test-hivemq-platform] [hivemq] [da7b7f97] 
2025-01-30 18:42:34,220 INFO c.h.h.t.HelmChartContainer - [test-hivemq-platform] [hivemq] [da7b7f97]                   _    _  _              __  __   ____
2025-01-30 18:42:34,220 INFO c.h.h.t.HelmChartContainer - [test-hivemq-platform] [hivemq] [da7b7f97]                  | |  | |(_)            |  \/  | / __ \
2025-01-30 18:42:34,220 INFO c.h.h.t.HelmChartContainer - [test-hivemq-platform] [hivemq] [da7b7f97]                  | |__| | _ __   __ ___ | \  / || |  | |
2025-01-30 18:42:34,220 INFO c.h.h.t.HelmChartContainer - [test-hivemq-platform] [hivemq] [da7b7f97]                  |  __  || |\ \ / // _ \| |\/| || |  | |
2025-01-30 18:42:34,220 INFO c.h.h.t.HelmChartContainer - [test-hivemq-platform] [hivemq] [da7b7f97]                  | |  | || | \ V /|  __/| |  | || |__| |
2025-01-30 18:42:34,220 INFO c.h.h.t.HelmChartContainer - [test-hivemq-platform] [hivemq] [da7b7f97]                  |_|  |_||_|  \_/  \___||_|  |_| \___\_\
2025-01-30 18:42:34,220 INFO c.h.h.t.HelmChartContainer - [test-hivemq-platform] [hivemq] [da7b7f97] 
2025-01-30 18:42:34,220 INFO c.h.h.t.HelmChartContainer - [test-hivemq-platform] [hivemq] [da7b7f97] -------------------------------------------------------------------------
2025-01-30 18:42:34,220 INFO c.h.h.t.HelmChartContainer - [test-hivemq-platform] [hivemq] [da7b7f97] 
2025-01-30 18:42:34,220 INFO c.h.h.t.HelmChartContainer - [test-hivemq-platform] [hivemq] [da7b7f97]   HiveMQ Start Script for Linux/Unix v1.14
2025-01-30 18:42:34,220 INFO c.h.h.t.HelmChartContainer - [test-hivemq-platform] [hivemq] [da7b7f97] 
2025-01-30 18:42:34,313 INFO c.h.h.t.HelmChartContainer - [test-hivemq-platform] [hivemq] [da7b7f97] -------------------------------------------------------------------------
2025-01-30 18:42:34,313 INFO c.h.h.t.HelmChartContainer - [test-hivemq-platform] [hivemq] [da7b7f97] 
2025-01-30 18:42:34,313 INFO c.h.h.t.HelmChartContainer - [test-hivemq-platform] [hivemq] [da7b7f97]   HIVEMQ_HOME: /opt/hivemq
2025-01-30 18:42:34,313 INFO c.h.h.t.HelmChartContainer - [test-hivemq-platform] [hivemq] [da7b7f97] 
2025-01-30 18:42:34,313 INFO c.h.h.t.HelmChartContainer - [test-hivemq-platform] [hivemq] [da7b7f97]   JAVA_OPTS: -XX:+UnlockExperimentalVMOptions -XX:InitialRAMPercentage=50 -XX:MaxRAMPercentage=50 -Djava.net.preferIPv4Stack=true --add-opens java.base/java.lang=ALL-UNNAMED --add-opens java.base/java.nio=ALL-UNNAMED --add-opens java.base/sun.nio.ch=ALL-UNNAMED --add-opens jdk.management/com.sun.management.internal=ALL-UNNAMED --add-exports java.base/jdk.internal.misc=ALL-UNNAMED -Djava.security.egd=file:/dev/./urandom -Dcom.sun.management.jmxremote -Dcom.sun.management.jmxremote.port=9010 -Dcom.sun.management.jmxremote.local.only=false -Dcom.sun.management.jmxremote.authenticate=false -Dcom.sun.management.jmxremote.ssl=false -Duser.language=en -Duser.region=US -XX:+CrashOnOutOfMemoryError -XX:+HeapDumpOnOutOfMemoryError
2025-01-30 18:42:34,313 INFO c.h.h.t.HelmChartContainer - [test-hivemq-platform] [hivemq] [da7b7f97] 
2025-01-30 18:42:34,313 INFO c.h.h.t.HelmChartContainer - [test-hivemq-platform] [hivemq] [da7b7f97]   JAVA_VERSION: 21
2025-01-30 18:42:34,313 INFO c.h.h.t.HelmChartContainer - [test-hivemq-platform] [hivemq] [da7b7f97] 
2025-01-30 18:42:34,313 INFO c.h.h.t.HelmChartContainer - [test-hivemq-platform] [hivemq] [da7b7f97] -------------------------------------------------------------------------
2025-01-30 18:42:34,313 INFO c.h.h.t.HelmChartContainer - [test-hivemq-platform] [hivemq] [da7b7f97] 
2025-01-30 18:42:35,422 INFO c.h.h.t.HelmChartContainer - [test-hivemq-platform] [hivemq] [da7b7f97] INFO  - [HiveMQ Platform Operator Init App 1.7.0-SNAPSHOT] Returning default Health API response 503 for readiness
2025-01-30 18:42:35,824 INFO c.h.h.t.HelmChartContainer - [EVENT] Warning [Unhealthy] Readiness probe failed: HTTP probe failed with statuscode: 503 [helmupgradeextensionit:test-hivemq-platform-0]
2025-01-30 18:42:35,824 INFO c.h.h.t.HelmChartContainer - Received Unhealthy event for container hivemq in pod test-hivemq-platform-0 [da7b7f97-4da6-4b18-a6e4-baf87c7cb989]
2025-01-30 18:42:37,018 INFO c.h.h.t.HelmChartContainer - [test-hivemq-platform] [hivemq] [da7b7f97] INFO  - Starting HiveMQ Enterprise Server
2025-01-30 18:42:37,023 INFO c.h.h.t.HelmChartContainer - [test-hivemq-platform] [hivemq] [da7b7f97] INFO  - HiveMQ version: 4.36.0
2025-01-30 18:42:37,024 INFO c.h.h.t.HelmChartContainer - [test-hivemq-platform] [hivemq] [da7b7f97] INFO  - HiveMQ home directory: /opt/hivemq
2025-01-30 18:42:37,024 INFO c.h.h.t.HelmChartContainer - [test-hivemq-platform] [hivemq] [da7b7f97] INFO  - Log Configuration was overridden by /opt/hivemq/conf/logback.xml
2025-01-30 18:42:38,419 INFO c.h.h.t.HelmChartContainer - [test-hivemq-platform] [hivemq] [da7b7f97] INFO  - Successfully loaded configuration from '/opt/hivemq/conf-k8s/config.xml'.
2025-01-30 18:42:39,021 INFO c.h.h.t.HelmChartContainer - [test-hivemq-platform] [hivemq] [da7b7f97] INFO  - This node's ID is 3mBNW
2025-01-30 18:42:39,021 INFO c.h.h.t.HelmChartContainer - [test-hivemq-platform] [hivemq] [da7b7f97] INFO  - Clustering is enabled
2025-01-30 18:42:39,490 INFO c.h.h.t.HelmChartContainer - [hivemq-test-hivemq-platform] [hivemq-platform-operator] [e3f41db1] 18:42:39.488 [pool-6-thread-11] DEBUG c.h.p.o.d.PlatformServiceResource - [helmupgr] Desired Platform services (3 services)
2025-01-30 18:42:39,493 INFO c.h.h.t.HelmChartContainer - [hivemq-test-hivemq-platform] [hivemq-platform-operator] [e3f41db1] 18:42:39.489 [pool-6-thread-15] DEBUG c.h.p.o.d.PodServiceAccountResource - [helmupgr] Desired PodServiceAccountResource (serviceAccountName: hivemq-platform-pod-test-hivemq-platform)
2025-01-30 18:42:39,493 INFO c.h.h.t.HelmChartContainer - [hivemq-test-hivemq-platform] [hivemq-platform-operator] [e3f41db1] 18:42:39.491 [pool-6-thread-19] DEBUG c.h.p.o.dependants.PodInfoConfigMap - [helmupgr] Desired PodInfo ConfigMap (1 extensions) (1 enabled)
2025-01-30 18:42:39,493 INFO c.h.h.t.HelmChartContainer - [hivemq-test-hivemq-platform] [hivemq-platform-operator] [e3f41db1] 18:42:39.491 [pool-6-thread-19] DEBUG c.h.p.o.dependants.PodInfoConfigMap - [helmupgr] Desired PodInfo ConfigMap (metrics port: 9399) (metrics path: /)
2025-01-30 18:42:39,493 INFO c.h.h.t.HelmChartContainer - [hivemq-test-hivemq-platform] [hivemq-platform-operator] [e3f41db1] 18:42:39.491 [pool-6-thread-19] DEBUG c.h.p.o.dependants.PodInfoConfigMap - [helmupgr] Desired PodInfo ConfigMap (extension state hash: 644225871)
2025-01-30 18:42:39,497 INFO c.h.h.t.HelmChartContainer - [hivemq-test-hivemq-platform] [hivemq-platform-operator] [e3f41db1] 18:42:39.496 [pool-6-thread-11] DEBUG c.h.p.o.d.StatefulSetResource - [helmupgr] Desired StatefulSet (1 replicas) for status STARTING (READY)
2025-01-30 18:42:39,506 INFO c.h.h.t.HelmChartContainer - [hivemq-test-hivemq-platform] [hivemq-platform-operator] [e3f41db1] 18:42:39.500 [ReconcilerExecutor-hivemq-controller-111] INFO  c.h.p.o.HiveMQPlatformReconciler - [helmupgr] Reconciling HiveMQ Platform 'test-hivemq-platform' in namespace 'helmupgradeextensionit'
2025-01-30 18:42:39,506 INFO c.h.h.t.HelmChartContainer - [hivemq-test-hivemq-platform] [hivemq-platform-operator] [e3f41db1] 18:42:39.500 [ReconcilerExecutor-hivemq-controller-111] DEBUG c.h.p.o.HiveMQPlatformReconciler - [helmupgr] Custom Resource Status STARTING - HiveMQ Platform is starting (READY)
2025-01-30 18:42:39,506 INFO c.h.h.t.HelmChartContainer - [hivemq-test-hivemq-platform] [hivemq-platform-operator] [e3f41db1] 18:42:39.500 [ReconcilerExecutor-hivemq-controller-111] DEBUG c.h.p.o.HiveMQPlatformReconciler - [helmupgr] Custom Resource Spec (replicas: 1) (extensions: 1)
2025-01-30 18:42:39,506 INFO c.h.h.t.HelmChartContainer - [hivemq-test-hivemq-platform] [hivemq-platform-operator] [e3f41db1] 18:42:39.502 [ReconcilerExecutor-hivemq-controller-111] DEBUG c.h.p.o.HiveMQPlatformReconciler - [helmupgr] StatefulSet Status (revision: test-hivemq-platform-5b6c7575b6, replicas: 1, available: 0, ready: 0, current: 1, updated: 1)
2025-01-30 18:42:39,506 INFO c.h.h.t.HelmChartContainer - [hivemq-test-hivemq-platform] [hivemq-platform-operator] [e3f41db1] 18:42:39.502 [ReconcilerExecutor-hivemq-controller-111] DEBUG c.h.p.o.HiveMQPlatformReconciler - [helmupgr] StatefulSet Spec (replicas: 1, init containers: 1, containers: 1, volumes: 4)
2025-01-30 18:42:39,506 INFO c.h.h.t.HelmChartContainer - [hivemq-test-hivemq-platform] [hivemq-platform-operator] [e3f41db1] 18:42:39.503 [ReconcilerExecutor-hivemq-controller-111] DEBUG c.h.p.o.h.HiveMQPlatformReconcilerErrorHandler - [helmupgr] Pod 'test-hivemq-platform-0' phase Running
2025-01-30 18:42:39,506 INFO c.h.h.t.HelmChartContainer - [hivemq-test-hivemq-platform] [hivemq-platform-operator] [e3f41db1] 18:42:39.505 [ReconcilerExecutor-hivemq-controller-111] INFO  c.h.p.o.h.HiveMQPlatformReconcilerBaseHandler - [helmupgr] HiveMQ Platform is starting, 0 of 1 replicas are ready
2025-01-30 18:42:40,825 INFO c.h.h.t.HelmChartContainer - [test-hivemq-platform] [hivemq] [da7b7f97] WARN  - [HiveMQ Platform Operator Init App 1.7.0-SNAPSHOT] Cannot connect to Health API for readiness: null
2025-01-30 18:42:40,921 INFO c.h.h.t.HelmChartContainer - [EVENT] Warning [Unhealthy] Readiness probe failed: HTTP probe failed with statuscode: 503 [helmupgradeextensionit:test-hivemq-platform-0]
2025-01-30 18:42:40,921 INFO c.h.h.t.HelmChartContainer - Received Unhealthy event for container hivemq in pod test-hivemq-platform-0 [da7b7f97-4da6-4b18-a6e4-baf87c7cb989]
2025-01-30 18:42:44,422 INFO c.h.h.t.HelmChartContainer - [test-hivemq-platform] [hivemq] [da7b7f97] Jan 30, 2025 6:42:44 PM io.vertx.core.impl.BlockedThreadChecker
2025-01-30 18:42:44,422 INFO c.h.h.t.HelmChartContainer - [test-hivemq-platform] [hivemq] [da7b7f97] WARNING: Thread Thread[vert.x-eventloop-thread-1,5,main] has been blocked for 2796 ms, time limit is 2000 ms
2025-01-30 18:42:44,724 INFO c.h.h.t.HelmChartContainer - [test-hivemq-platform] [hivemq] [da7b7f97] INFO  - [HiveMQ Platform Operator Init App 1.7.0-SNAPSHOT] Updating Pod HiveMQ Platform Operator Init App version annotation (version: 1.7.0-SNAPSHOT)
2025-01-30 18:42:45,342 INFO c.h.h.t.HelmChartContainer - [POD] test-hivemq-platform-0 [da7b7f97-4da6-4b18-a6e4-baf87c7cb989] in helmupgradeextensionit was MODIFIED
2025-01-30 18:42:45,352 INFO c.h.h.t.HelmChartContainer - [hivemq-test-hivemq-platform] [hivemq-platform-operator] [e3f41db1] 18:42:45.348 [pool-6-thread-25] DEBUG c.h.p.o.d.PlatformServiceResource - [helmupgr] Desired Platform services (3 services)
2025-01-30 18:42:45,352 INFO c.h.h.t.HelmChartContainer - [hivemq-test-hivemq-platform] [hivemq-platform-operator] [e3f41db1] 18:42:45.350 [pool-6-thread-26] DEBUG c.h.p.o.d.PodServiceAccountResource - [helmupgr] Desired PodServiceAccountResource (serviceAccountName: hivemq-platform-pod-test-hivemq-platform)
2025-01-30 18:42:45,354 INFO c.h.h.t.HelmChartContainer - [hivemq-test-hivemq-platform] [hivemq-platform-operator] [e3f41db1] 18:42:45.353 [pool-6-thread-29] DEBUG c.h.p.o.dependants.PodInfoConfigMap - [helmupgr] Desired PodInfo ConfigMap (1 extensions) (1 enabled)
2025-01-30 18:42:45,356 INFO c.h.h.t.HelmChartContainer - [hivemq-test-hivemq-platform] [hivemq-platform-operator] [e3f41db1] 18:42:45.353 [pool-6-thread-29] DEBUG c.h.p.o.dependants.PodInfoConfigMap - [helmupgr] Desired PodInfo ConfigMap (metrics port: 9399) (metrics path: /)
2025-01-30 18:42:45,357 INFO c.h.h.t.HelmChartContainer - [hivemq-test-hivemq-platform] [hivemq-platform-operator] [e3f41db1] 18:42:45.353 [pool-6-thread-29] DEBUG c.h.p.o.dependants.PodInfoConfigMap - [helmupgr] Desired PodInfo ConfigMap (extension state hash: 644225871)
2025-01-30 18:42:45,359 INFO c.h.h.t.HelmChartContainer - [hivemq-test-hivemq-platform] [hivemq-platform-operator] [e3f41db1] 18:42:45.358 [pool-6-thread-25] DEBUG c.h.p.o.d.StatefulSetResource - [helmupgr] Desired StatefulSet (1 replicas) for status STARTING (READY)
2025-01-30 18:42:45,420 INFO c.h.h.t.HelmChartContainer - [test-hivemq-platform] [hivemq] [da7b7f97] WARN  - [HiveMQ Platform Operator Init App 1.7.0-SNAPSHOT] Cannot connect to Health API for readiness: null
2025-01-30 18:42:45,423 INFO c.h.h.t.HelmChartContainer - [test-hivemq-platform] [hivemq] [da7b7f97] INFO  - [HiveMQ Platform Operator Init App 1.7.0-SNAPSHOT] Successfully updated Pod HiveMQ Platform Operator Init App version annotation (version: 1.7.0-SNAPSHOT)
2025-01-30 18:42:45,428 INFO c.h.h.t.HelmChartContainer - [EVENT] Warning [Unhealthy] Readiness probe failed: HTTP probe failed with statuscode: 503 [helmupgradeextensionit:test-hivemq-platform-0]
2025-01-30 18:42:45,429 INFO c.h.h.t.HelmChartContainer - Received Unhealthy event for container hivemq in pod test-hivemq-platform-0 [da7b7f97-4da6-4b18-a6e4-baf87c7cb989]
2025-01-30 18:42:45,437 INFO c.h.h.t.HelmChartContainer - [hivemq-test-hivemq-platform] [hivemq-platform-operator] [e3f41db1] 18:42:45.436 [ReconcilerExecutor-hivemq-controller-112] INFO  c.h.p.o.HiveMQPlatformReconciler - [helmupgr] Reconciling HiveMQ Platform 'test-hivemq-platform' in namespace 'helmupgradeextensionit'
2025-01-30 18:42:45,437 INFO c.h.h.t.HelmChartContainer - [hivemq-test-hivemq-platform] [hivemq-platform-operator] [e3f41db1] 18:42:45.436 [ReconcilerExecutor-hivemq-controller-112] DEBUG c.h.p.o.HiveMQPlatformReconciler - [helmupgr] Custom Resource Status STARTING - HiveMQ Platform is starting (READY)
2025-01-30 18:42:45,437 INFO c.h.h.t.HelmChartContainer - [hivemq-test-hivemq-platform] [hivemq-platform-operator] [e3f41db1] 18:42:45.436 [ReconcilerExecutor-hivemq-controller-112] DEBUG c.h.p.o.HiveMQPlatformReconciler - [helmupgr] Custom Resource Spec (replicas: 1) (extensions: 1)
2025-01-30 18:42:45,443 INFO c.h.h.t.HelmChartContainer - [hivemq-test-hivemq-platform] [hivemq-platform-operator] [e3f41db1] 18:42:45.441 [ReconcilerExecutor-hivemq-controller-112] DEBUG c.h.p.o.HiveMQPlatformReconciler - [helmupgr] StatefulSet Status (revision: test-hivemq-platform-5b6c7575b6, replicas: 1, available: 0, ready: 0, current: 1, updated: 1)
2025-01-30 18:42:45,443 INFO c.h.h.t.HelmChartContainer - [hivemq-test-hivemq-platform] [hivemq-platform-operator] [e3f41db1] 18:42:45.441 [ReconcilerExecutor-hivemq-controller-112] DEBUG c.h.p.o.HiveMQPlatformReconciler - [helmupgr] StatefulSet Spec (replicas: 1, init containers: 1, containers: 1, volumes: 4)
2025-01-30 18:42:45,444 INFO c.h.h.t.HelmChartContainer - [hivemq-test-hivemq-platform] [hivemq-platform-operator] [e3f41db1] 18:42:45.443 [ReconcilerExecutor-hivemq-controller-112] DEBUG c.h.p.o.h.HiveMQPlatformReconcilerErrorHandler - [helmupgr] Pod 'test-hivemq-platform-0' phase Running
2025-01-30 18:42:45,445 INFO c.h.h.t.HelmChartContainer - [hivemq-test-hivemq-platform] [hivemq-platform-operator] [e3f41db1] 18:42:45.444 [ReconcilerExecutor-hivemq-controller-112] INFO  c.h.p.o.h.HiveMQPlatformReconcilerBaseHandler - [helmupgr] HiveMQ Platform is starting, 0 of 1 replicas are ready
2025-01-30 18:42:50,418 INFO c.h.h.t.HelmChartContainer - [test-hivemq-platform] [hivemq] [da7b7f97] WARN  - [HiveMQ Platform Operator Init App 1.7.0-SNAPSHOT] Cannot connect to Health API for readiness: null
2025-01-30 18:42:50,423 INFO c.h.h.t.HelmChartContainer - [EVENT] Warning [Unhealthy] Readiness probe failed: HTTP probe failed with statuscode: 503 [helmupgradeextensionit:test-hivemq-platform-0]
2025-01-30 18:42:50,424 INFO c.h.h.t.HelmChartContainer - Received Unhealthy event for container hivemq in pod test-hivemq-platform-0 [da7b7f97-4da6-4b18-a6e4-baf87c7cb989]
2025-01-30 18:42:55,416 INFO c.h.h.t.HelmChartContainer - [test-hivemq-platform] [hivemq] [da7b7f97] WARN  - [HiveMQ Platform Operator Init App 1.7.0-SNAPSHOT] Cannot connect to Health API for readiness: null
2025-01-30 18:42:55,421 INFO c.h.h.t.HelmChartContainer - [EVENT] Warning [Unhealthy] Readiness probe failed: HTTP probe failed with statuscode: 503 [helmupgradeextensionit:test-hivemq-platform-0]
2025-01-30 18:42:55,421 INFO c.h.h.t.HelmChartContainer - Received Unhealthy event for container hivemq in pod test-hivemq-platform-0 [da7b7f97-4da6-4b18-a6e4-baf87c7cb989]
2025-01-30 18:42:55,449 INFO c.h.h.t.HelmChartContainer - [hivemq-test-hivemq-platform] [hivemq-platform-operator] [e3f41db1] 18:42:55.447 [pool-6-thread-33] DEBUG c.h.p.o.d.PlatformServiceResource - [helmupgr] Desired Platform services (3 services)
2025-01-30 18:42:55,450 INFO c.h.h.t.HelmChartContainer - [hivemq-test-hivemq-platform] [hivemq-platform-operator] [e3f41db1] 18:42:55.448 [pool-6-thread-32] DEBUG c.h.p.o.d.PodServiceAccountResource - [helmupgr] Desired PodServiceAccountResource (serviceAccountName: hivemq-platform-pod-test-hivemq-platform)
2025-01-30 18:42:55,452 INFO c.h.h.t.HelmChartContainer - [hivemq-test-hivemq-platform] [hivemq-platform-operator] [e3f41db1] 18:42:55.451 [pool-6-thread-36] DEBUG c.h.p.o.dependants.PodInfoConfigMap - [helmupgr] Desired PodInfo ConfigMap (1 extensions) (1 enabled)
2025-01-30 18:42:55,452 INFO c.h.h.t.HelmChartContainer - [hivemq-test-hivemq-platform] [hivemq-platform-operator] [e3f41db1] 18:42:55.451 [pool-6-thread-36] DEBUG c.h.p.o.dependants.PodInfoConfigMap - [helmupgr] Desired PodInfo ConfigMap (metrics port: 9399) (metrics path: /)
2025-01-30 18:42:55,453 INFO c.h.h.t.HelmChartContainer - [hivemq-test-hivemq-platform] [hivemq-platform-operator] [e3f41db1] 18:42:55.453 [pool-6-thread-36] DEBUG c.h.p.o.dependants.PodInfoConfigMap - [helmupgr] Desired PodInfo ConfigMap (extension state hash: 644225871)
2025-01-30 18:42:55,456 INFO c.h.h.t.HelmChartContainer - [hivemq-test-hivemq-platform] [hivemq-platform-operator] [e3f41db1] 18:42:55.455 [pool-6-thread-36] DEBUG c.h.p.o.d.StatefulSetResource - [helmupgr] Desired StatefulSet (1 replicas) for status STARTING (READY)
2025-01-30 18:42:55,462 INFO c.h.h.t.HelmChartContainer - [hivemq-test-hivemq-platform] [hivemq-platform-operator] [e3f41db1] 18:42:55.460 [ReconcilerExecutor-hivemq-controller-113] INFO  c.h.p.o.HiveMQPlatformReconciler - [helmupgr] Reconciling HiveMQ Platform 'test-hivemq-platform' in namespace 'helmupgradeextensionit'
2025-01-30 18:42:55,462 INFO c.h.h.t.HelmChartContainer - [hivemq-test-hivemq-platform] [hivemq-platform-operator] [e3f41db1] 18:42:55.460 [ReconcilerExecutor-hivemq-controller-113] DEBUG c.h.p.o.HiveMQPlatformReconciler - [helmupgr] Custom Resource Status STARTING - HiveMQ Platform is starting (READY)
2025-01-30 18:42:55,463 INFO c.h.h.t.HelmChartContainer - [hivemq-test-hivemq-platform] [hivemq-platform-operator] [e3f41db1] 18:42:55.460 [ReconcilerExecutor-hivemq-controller-113] DEBUG c.h.p.o.HiveMQPlatformReconciler - [helmupgr] Custom Resource Spec (replicas: 1) (extensions: 1)
2025-01-30 18:42:55,464 INFO c.h.h.t.HelmChartContainer - [hivemq-test-hivemq-platform] [hivemq-platform-operator] [e3f41db1] 18:42:55.461 [ReconcilerExecutor-hivemq-controller-113] DEBUG c.h.p.o.HiveMQPlatformReconciler - [helmupgr] StatefulSet Status (revision: test-hivemq-platform-5b6c7575b6, replicas: 1, available: 0, ready: 0, current: 1, updated: 1)
2025-01-30 18:42:55,464 INFO c.h.h.t.HelmChartContainer - [hivemq-test-hivemq-platform] [hivemq-platform-operator] [e3f41db1] 18:42:55.461 [ReconcilerExecutor-hivemq-controller-113] DEBUG c.h.p.o.HiveMQPlatformReconciler - [helmupgr] StatefulSet Spec (replicas: 1, init containers: 1, containers: 1, volumes: 4)
2025-01-30 18:42:55,538 INFO c.h.h.t.HelmChartContainer - [hivemq-test-hivemq-platform] [hivemq-platform-operator] [e3f41db1] 18:42:55.537 [ReconcilerExecutor-hivemq-controller-113] DEBUG c.h.p.o.h.HiveMQPlatformReconcilerErrorHandler - [helmupgr] Pod 'test-hivemq-platform-0' phase Running
2025-01-30 18:42:55,539 INFO c.h.h.t.HelmChartContainer - [hivemq-test-hivemq-platform] [hivemq-platform-operator] [e3f41db1] 18:42:55.538 [ReconcilerExecutor-hivemq-controller-113] INFO  c.h.p.o.h.HiveMQPlatformReconcilerBaseHandler - [helmupgr] HiveMQ Platform is starting, 0 of 1 replicas are ready
2025-01-30 18:42:57,119 INFO c.h.h.t.HelmChartContainer - [test-hivemq-platform] [hivemq] [da7b7f97] INFO  - No valid license file found. Using trial license, restricted to 25 connections.
2025-01-30 18:42:57,317 INFO c.h.h.t.HelmChartContainer - [test-hivemq-platform] [hivemq] [da7b7f97] WARN  - [HiveMQ Platform Operator Init App 1.7.0-SNAPSHOT] Cannot connect to Health API for liveness: null
2025-01-30 18:42:57,318 INFO c.h.h.t.HelmChartContainer - [test-hivemq-platform] [hivemq] [da7b7f97] INFO  - [HiveMQ Platform Operator Init App 1.7.0-SNAPSHOT] Returning default Health API response 200 for liveness
2025-01-30 18:43:00,418 INFO c.h.h.t.HelmChartContainer - [test-hivemq-platform] [hivemq] [da7b7f97] WARN  - [HiveMQ Platform Operator Init App 1.7.0-SNAPSHOT] Cannot connect to Health API for readiness: null
2025-01-30 18:43:00,421 INFO c.h.h.t.HelmChartContainer - [EVENT] Warning [Unhealthy] Readiness probe failed: HTTP probe failed with statuscode: 503 [helmupgradeextensionit:test-hivemq-platform-0]
2025-01-30 18:43:00,421 INFO c.h.h.t.HelmChartContainer - Received Unhealthy event for container hivemq in pod test-hivemq-platform-0 [da7b7f97-4da6-4b18-a6e4-baf87c7cb989]
2025-01-30 18:43:01,329 INFO c.h.h.t.HelmChartContainer - [test-hivemq-platform] [hivemq] [da7b7f97] INFO  - No valid license file for Data Hub found. Using free license, restricted to 1 policy.
2025-01-30 18:43:02,527 INFO c.h.h.t.HelmChartContainer - [test-hivemq-platform] [hivemq] [da7b7f97] INFO  - Audit Logger started.
2025-01-30 18:43:02,817 INFO c.h.h.t.HelmChartContainer - [test-hivemq-platform] [hivemq] [da7b7f97] INFO  - This node uses '1' CPU cores.
2025-01-30 18:43:02,822 INFO c.h.h.t.HelmChartContainer - [test-hivemq-platform] [hivemq] [da7b7f97] INFO  - Starting HiveMQ Health API on address 0.0.0.0 and port 8889
2025-01-30 18:43:03,718 INFO c.h.h.t.HelmChartContainer - [test-hivemq-platform] [hivemq] [da7b7f97] INFO  - Started HiveMQ Health API in 896ms
2025-01-30 18:43:04,237 INFO c.h.h.t.HelmChartContainer - [test-hivemq-platform] [hivemq] [da7b7f97] INFO  - Starting HiveMQ extension system.
2025-01-30 18:43:05,545 INFO c.h.h.t.HelmChartContainer - [hivemq-test-hivemq-platform] [hivemq-platform-operator] [e3f41db1] 18:43:05.541 [pool-6-thread-47] DEBUG c.h.p.o.d.PlatformServiceResource - [helmupgr] Desired Platform services (3 services)
2025-01-30 18:43:05,545 INFO c.h.h.t.HelmChartContainer - [hivemq-test-hivemq-platform] [hivemq-platform-operator] [e3f41db1] 18:43:05.542 [pool-6-thread-46] DEBUG c.h.p.o.dependants.PodInfoConfigMap - [helmupgr] Desired PodInfo ConfigMap (1 extensions) (1 enabled)
2025-01-30 18:43:05,545 INFO c.h.h.t.HelmChartContainer - [hivemq-test-hivemq-platform] [hivemq-platform-operator] [e3f41db1] 18:43:05.542 [pool-6-thread-46] DEBUG c.h.p.o.dependants.PodInfoConfigMap - [helmupgr] Desired PodInfo ConfigMap (metrics port: 9399) (metrics path: /)
2025-01-30 18:43:05,545 INFO c.h.h.t.HelmChartContainer - [hivemq-test-hivemq-platform] [hivemq-platform-operator] [e3f41db1] 18:43:05.542 [pool-6-thread-46] DEBUG c.h.p.o.dependants.PodInfoConfigMap - [helmupgr] Desired PodInfo ConfigMap (extension state hash: 644225871)
2025-01-30 18:43:05,546 INFO c.h.h.t.HelmChartContainer - [hivemq-test-hivemq-platform] [hivemq-platform-operator] [e3f41db1] 18:43:05.543 [pool-6-thread-46] DEBUG c.h.p.o.d.PodServiceAccountResource - [helmupgr] Desired PodServiceAccountResource (serviceAccountName: hivemq-platform-pod-test-hivemq-platform)
2025-01-30 18:43:05,549 INFO c.h.h.t.HelmChartContainer - [hivemq-test-hivemq-platform] [hivemq-platform-operator] [e3f41db1] 18:43:05.548 [pool-6-thread-47] DEBUG c.h.p.o.d.StatefulSetResource - [helmupgr] Desired StatefulSet (1 replicas) for status STARTING (READY)
2025-01-30 18:43:05,554 INFO c.h.h.t.HelmChartContainer - [hivemq-test-hivemq-platform] [hivemq-platform-operator] [e3f41db1] 18:43:05.553 [ReconcilerExecutor-hivemq-controller-114] INFO  c.h.p.o.HiveMQPlatformReconciler - [helmupgr] Reconciling HiveMQ Platform 'test-hivemq-platform' in namespace 'helmupgradeextensionit'
2025-01-30 18:43:05,555 INFO c.h.h.t.HelmChartContainer - [hivemq-test-hivemq-platform] [hivemq-platform-operator] [e3f41db1] 18:43:05.553 [ReconcilerExecutor-hivemq-controller-114] DEBUG c.h.p.o.HiveMQPlatformReconciler - [helmupgr] Custom Resource Status STARTING - HiveMQ Platform is starting (READY)
2025-01-30 18:43:05,556 INFO c.h.h.t.HelmChartContainer - [hivemq-test-hivemq-platform] [hivemq-platform-operator] [e3f41db1] 18:43:05.553 [ReconcilerExecutor-hivemq-controller-114] DEBUG c.h.p.o.HiveMQPlatformReconciler - [helmupgr] Custom Resource Spec (replicas: 1) (extensions: 1)
2025-01-30 18:43:05,640 INFO c.h.h.t.HelmChartContainer - [hivemq-test-hivemq-platform] [hivemq-platform-operator] [e3f41db1] 18:43:05.636 [ReconcilerExecutor-hivemq-controller-114] DEBUG c.h.p.o.HiveMQPlatformReconciler - [helmupgr] StatefulSet Status (revision: test-hivemq-platform-5b6c7575b6, replicas: 1, available: 0, ready: 0, current: 1, updated: 1)
2025-01-30 18:43:05,640 INFO c.h.h.t.HelmChartContainer - [hivemq-test-hivemq-platform] [hivemq-platform-operator] [e3f41db1] 18:43:05.636 [ReconcilerExecutor-hivemq-controller-114] DEBUG c.h.p.o.HiveMQPlatformReconciler - [helmupgr] StatefulSet Spec (replicas: 1, init containers: 1, containers: 1, volumes: 4)
2025-01-30 18:43:05,641 INFO c.h.h.t.HelmChartContainer - [hivemq-test-hivemq-platform] [hivemq-platform-operator] [e3f41db1] 18:43:05.638 [ReconcilerExecutor-hivemq-controller-114] DEBUG c.h.p.o.h.HiveMQPlatformReconcilerErrorHandler - [helmupgr] Pod 'test-hivemq-platform-0' phase Running
2025-01-30 18:43:05,641 INFO c.h.h.t.HelmChartContainer - [hivemq-test-hivemq-platform] [hivemq-platform-operator] [e3f41db1] 18:43:05.639 [ReconcilerExecutor-hivemq-controller-114] INFO  c.h.p.o.h.HiveMQPlatformReconcilerBaseHandler - [helmupgr] HiveMQ Platform is starting, 0 of 1 replicas are ready
2025-01-30 18:43:06,386 INFO c.h.h.t.HelmChartContainer - [EVENT] Warning [Unhealthy] Readiness probe failed: Get "http://10.42.0.6:7979/readiness": context deadline exceeded (Client.Timeout exceeded while awaiting headers) [helmupgradeextensionit:test-hivemq-platform-0]
2025-01-30 18:43:06,386 INFO c.h.h.t.HelmChartContainer - Received Unhealthy event for container hivemq in pod test-hivemq-platform-0 [da7b7f97-4da6-4b18-a6e4-baf87c7cb989]
2025-01-30 18:43:06,525 INFO c.h.h.t.HelmChartContainer - [test-hivemq-platform] [hivemq] [da7b7f97] INFO  - [HiveMQ Platform Operator Init App 1.7.0-SNAPSHOT] Returning Health API response 503 for readiness
2025-01-30 18:43:06,625 INFO c.h.h.t.HelmChartContainer - [test-hivemq-platform] [hivemq] [da7b7f97] INFO  - No license found for enterprise extension with name "HiveMQ Enterprise Bridge Extension". Entering extension trial mode. "HiveMQ Enterprise Bridge Extension" will be disabled in 5 hours.
2025-01-30 18:43:06,921 INFO c.h.h.t.HelmChartContainer - [test-hivemq-platform] [hivemq] [da7b7f97] INFO  - Starting extension with id "hivemq-dns-cluster-discovery" at /opt/hivemq/extensions/hivemq-dns-cluster-discovery
2025-01-30 18:43:07,520 INFO c.h.h.t.HelmChartContainer - [test-hivemq-platform] [hivemq] [da7b7f97] INFO  - Using TCP cluster transport on address 10.42.0.6 and port 7000
2025-01-30 18:43:07,527 INFO c.h.h.t.HelmChartContainer - [test-hivemq-platform] [hivemq] [da7b7f97] INFO  - Using extension cluster discovery
2025-01-30 18:43:07,626 INFO c.h.h.t.HelmChartContainer - [test-hivemq-platform] [hivemq] [da7b7f97] INFO  - Extension "DNS Cluster Discovery Extension" version 4.3.2 started successfully.
2025-01-30 18:43:07,626 INFO c.h.h.t.HelmChartContainer - [test-hivemq-platform] [hivemq] [da7b7f97] INFO  - Starting extension with id "hivemq-bridge-extension" at /opt/hivemq/extensions/hivemq-bridge-extension
2025-01-30 18:43:08,518 INFO c.h.h.t.HelmChartContainer - [test-hivemq-platform] [hivemq] [da7b7f97] INFO  - HiveMQ Enterprise Bridge Extension: Successfully loaded configuration from '/opt/hivemq/extensions/hivemq-bridge-extension/conf/config.xml'.
2025-01-30 18:43:09,229 INFO c.h.h.t.HelmChartContainer - [test-hivemq-platform] [hivemq] [da7b7f97] INFO  - Bridge Extension: Connecting to remote brokers...
2025-01-30 18:43:10,348 INFO c.h.h.t.HelmChartContainer - [EVENT] Warning [Unhealthy] Readiness probe failed: HTTP probe failed with statuscode: 503 [helmupgradeextensionit:test-hivemq-platform-0]
2025-01-30 18:43:10,349 INFO c.h.h.t.HelmChartContainer - Received Unhealthy event for container hivemq in pod test-hivemq-platform-0 [da7b7f97-4da6-4b18-a6e4-baf87c7cb989]
2025-01-30 18:43:11,015 INFO c.h.h.t.HelmChartContainer - [test-hivemq-platform] [hivemq] [da7b7f97] INFO  - 3mBNW: no members discovered after 2902 ms: creating cluster as first member
2025-01-30 18:43:11,022 INFO c.h.h.t.HelmChartContainer - [test-hivemq-platform] [hivemq] [da7b7f97] INFO  - Cluster nodes found by discovery: [3mBNW|0] (1) [3mBNW].
2025-01-30 18:43:15,348 INFO c.h.h.t.HelmChartContainer - [EVENT] Warning [Unhealthy] Readiness probe failed: HTTP probe failed with statuscode: 503 [helmupgradeextensionit:test-hivemq-platform-0]
2025-01-30 18:43:15,349 INFO c.h.h.t.HelmChartContainer - Received Unhealthy event for container hivemq in pod test-hivemq-platform-0 [da7b7f97-4da6-4b18-a6e4-baf87c7cb989]
2025-01-30 18:43:15,647 INFO c.h.h.t.HelmChartContainer - [hivemq-test-hivemq-platform] [hivemq-platform-operator] [e3f41db1] 18:43:15.643 [pool-6-thread-6] DEBUG c.h.p.o.d.PlatformServiceResource - [helmupgr] Desired Platform services (3 services)
2025-01-30 18:43:15,649 INFO c.h.h.t.HelmChartContainer - [hivemq-test-hivemq-platform] [hivemq-platform-operator] [e3f41db1] 18:43:15.644 [pool-6-thread-3] DEBUG c.h.p.o.dependants.PodInfoConfigMap - [helmupgr] Desired PodInfo ConfigMap (1 extensions) (1 enabled)
2025-01-30 18:43:15,649 INFO c.h.h.t.HelmChartContainer - [hivemq-test-hivemq-platform] [hivemq-platform-operator] [e3f41db1] 18:43:15.644 [pool-6-thread-3] DEBUG c.h.p.o.dependants.PodInfoConfigMap - [helmupgr] Desired PodInfo ConfigMap (metrics port: 9399) (metrics path: /)
2025-01-30 18:43:15,649 INFO c.h.h.t.HelmChartContainer - [hivemq-test-hivemq-platform] [hivemq-platform-operator] [e3f41db1] 18:43:15.644 [pool-6-thread-3] DEBUG c.h.p.o.dependants.PodInfoConfigMap - [helmupgr] Desired PodInfo ConfigMap (extension state hash: 644225871)
2025-01-30 18:43:15,649 INFO c.h.h.t.HelmChartContainer - [hivemq-test-hivemq-platform] [hivemq-platform-operator] [e3f41db1] 18:43:15.645 [pool-6-thread-4] DEBUG c.h.p.o.d.PodServiceAccountResource - [helmupgr] Desired PodServiceAccountResource (serviceAccountName: hivemq-platform-pod-test-hivemq-platform)
2025-01-30 18:43:15,652 INFO c.h.h.t.HelmChartContainer - [hivemq-test-hivemq-platform] [hivemq-platform-operator] [e3f41db1] 18:43:15.650 [pool-6-thread-3] DEBUG c.h.p.o.d.StatefulSetResource - [helmupgr] Desired StatefulSet (1 replicas) for status STARTING (READY)
2025-01-30 18:43:15,656 INFO c.h.h.t.HelmChartContainer - [hivemq-test-hivemq-platform] [hivemq-platform-operator] [e3f41db1] 18:43:15.655 [ReconcilerExecutor-hivemq-controller-115] INFO  c.h.p.o.HiveMQPlatformReconciler - [helmupgr] Reconciling HiveMQ Platform 'test-hivemq-platform' in namespace 'helmupgradeextensionit'
2025-01-30 18:43:15,657 INFO c.h.h.t.HelmChartContainer - [hivemq-test-hivemq-platform] [hivemq-platform-operator] [e3f41db1] 18:43:15.655 [ReconcilerExecutor-hivemq-controller-115] DEBUG c.h.p.o.HiveMQPlatformReconciler - [helmupgr] Custom Resource Status STARTING - HiveMQ Platform is starting (READY)
2025-01-30 18:43:15,657 INFO c.h.h.t.HelmChartContainer - [hivemq-test-hivemq-platform] [hivemq-platform-operator] [e3f41db1] 18:43:15.655 [ReconcilerExecutor-hivemq-controller-115] DEBUG c.h.p.o.HiveMQPlatformReconciler - [helmupgr] Custom Resource Spec (replicas: 1) (extensions: 1)
2025-01-30 18:43:15,659 INFO c.h.h.t.HelmChartContainer - [hivemq-test-hivemq-platform] [hivemq-platform-operator] [e3f41db1] 18:43:15.657 [ReconcilerExecutor-hivemq-controller-115] DEBUG c.h.p.o.HiveMQPlatformReconciler - [helmupgr] StatefulSet Status (revision: test-hivemq-platform-5b6c7575b6, replicas: 1, available: 0, ready: 0, current: 1, updated: 1)
2025-01-30 18:43:15,659 INFO c.h.h.t.HelmChartContainer - [hivemq-test-hivemq-platform] [hivemq-platform-operator] [e3f41db1] 18:43:15.658 [ReconcilerExecutor-hivemq-controller-115] DEBUG c.h.p.o.HiveMQPlatformReconciler - [helmupgr] StatefulSet Spec (replicas: 1, init containers: 1, containers: 1, volumes: 4)
2025-01-30 18:43:15,660 INFO c.h.h.t.HelmChartContainer - [hivemq-test-hivemq-platform] [hivemq-platform-operator] [e3f41db1] 18:43:15.659 [ReconcilerExecutor-hivemq-controller-115] DEBUG c.h.p.o.h.HiveMQPlatformReconcilerErrorHandler - [helmupgr] Pod 'test-hivemq-platform-0' phase Running
2025-01-30 18:43:15,661 INFO c.h.h.t.HelmChartContainer - [hivemq-test-hivemq-platform] [hivemq-platform-operator] [e3f41db1] 18:43:15.660 [ReconcilerExecutor-hivemq-controller-115] INFO  c.h.p.o.h.HiveMQPlatformReconcilerBaseHandler - [helmupgr] HiveMQ Platform is starting, 0 of 1 replicas are ready
2025-01-30 18:43:19,726 INFO c.h.h.t.HelmChartContainer - [test-hivemq-platform] [hivemq] [da7b7f97] WARN  - Bridge Extension: Connect to bridge 'testbridge' failed for the 1 time, reason: connection timed out after 10000 ms: /172.17.0.3:1883
2025-01-30 18:43:19,726 INFO c.h.h.t.HelmChartContainer - [test-hivemq-platform] [hivemq] [da7b7f97] WARN  - Bridge Extension: Connect to bridge 'testbridge' failed for the 1 time, reason: connection timed out after 10000 ms: /172.17.0.3:1883
2025-01-30 18:43:20,348 INFO c.h.h.t.HelmChartContainer - [EVENT] Warning [Unhealthy] Readiness probe failed: HTTP probe failed with statuscode: 503 [helmupgradeextensionit:test-hivemq-platform-0]
2025-01-30 18:43:20,348 INFO c.h.h.t.HelmChartContainer - Received Unhealthy event for container hivemq in pod test-hivemq-platform-0 [da7b7f97-4da6-4b18-a6e4-baf87c7cb989]
2025-01-30 18:43:25,347 INFO c.h.h.t.HelmChartContainer - [EVENT] Warning [Unhealthy] Readiness probe failed: HTTP probe failed with statuscode: 503 [helmupgradeextensionit:test-hivemq-platform-0]
2025-01-30 18:43:25,347 INFO c.h.h.t.HelmChartContainer - Received Unhealthy event for container hivemq in pod test-hivemq-platform-0 [da7b7f97-4da6-4b18-a6e4-baf87c7cb989]
2025-01-30 18:43:25,667 INFO c.h.h.t.HelmChartContainer - [hivemq-test-hivemq-platform] [hivemq-platform-operator] [e3f41db1] 18:43:25.663 [pool-6-thread-14] DEBUG c.h.p.o.d.PlatformServiceResource - [helmupgr] Desired Platform services (3 services)
2025-01-30 18:43:25,668 INFO c.h.h.t.HelmChartContainer - [hivemq-test-hivemq-platform] [hivemq-platform-operator] [e3f41db1] 18:43:25.664 [pool-6-thread-15] DEBUG c.h.p.o.dependants.PodInfoConfigMap - [helmupgr] Desired PodInfo ConfigMap (1 extensions) (1 enabled)
2025-01-30 18:43:25,668 INFO c.h.h.t.HelmChartContainer - [hivemq-test-hivemq-platform] [hivemq-platform-operator] [e3f41db1] 18:43:25.664 [pool-6-thread-15] DEBUG c.h.p.o.dependants.PodInfoConfigMap - [helmupgr] Desired PodInfo ConfigMap (metrics port: 9399) (metrics path: /)
2025-01-30 18:43:25,668 INFO c.h.h.t.HelmChartContainer - [hivemq-test-hivemq-platform] [hivemq-platform-operator] [e3f41db1] 18:43:25.664 [pool-6-thread-15] DEBUG c.h.p.o.dependants.PodInfoConfigMap - [helmupgr] Desired PodInfo ConfigMap (extension state hash: 644225871)
2025-01-30 18:43:25,668 INFO c.h.h.t.HelmChartContainer - [hivemq-test-hivemq-platform] [hivemq-platform-operator] [e3f41db1] 18:43:25.664 [pool-6-thread-16] DEBUG c.h.p.o.d.PodServiceAccountResource - [helmupgr] Desired PodServiceAccountResource (serviceAccountName: hivemq-platform-pod-test-hivemq-platform)
2025-01-30 18:43:25,672 INFO c.h.h.t.HelmChartContainer - [hivemq-test-hivemq-platform] [hivemq-platform-operator] [e3f41db1] 18:43:25.671 [pool-6-thread-14] DEBUG c.h.p.o.d.StatefulSetResource - [helmupgr] Desired StatefulSet (1 replicas) for status STARTING (READY)
2025-01-30 18:43:25,677 INFO c.h.h.t.HelmChartContainer - [hivemq-test-hivemq-platform] [hivemq-platform-operator] [e3f41db1] 18:43:25.675 [ReconcilerExecutor-hivemq-controller-116] INFO  c.h.p.o.HiveMQPlatformReconciler - [helmupgr] Reconciling HiveMQ Platform 'test-hivemq-platform' in namespace 'helmupgradeextensionit'
2025-01-30 18:43:25,677 INFO c.h.h.t.HelmChartContainer - [hivemq-test-hivemq-platform] [hivemq-platform-operator] [e3f41db1] 18:43:25.675 [ReconcilerExecutor-hivemq-controller-116] DEBUG c.h.p.o.HiveMQPlatformReconciler - [helmupgr] Custom Resource Status STARTING - HiveMQ Platform is starting (READY)
2025-01-30 18:43:25,677 INFO c.h.h.t.HelmChartContainer - [hivemq-test-hivemq-platform] [hivemq-platform-operator] [e3f41db1] 18:43:25.675 [ReconcilerExecutor-hivemq-controller-116] DEBUG c.h.p.o.HiveMQPlatformReconciler - [helmupgr] Custom Resource Spec (replicas: 1) (extensions: 1)
2025-01-30 18:43:25,678 INFO c.h.h.t.HelmChartContainer - [hivemq-test-hivemq-platform] [hivemq-platform-operator] [e3f41db1] 18:43:25.677 [ReconcilerExecutor-hivemq-controller-116] DEBUG c.h.p.o.HiveMQPlatformReconciler - [helmupgr] StatefulSet Status (revision: test-hivemq-platform-5b6c7575b6, replicas: 1, available: 0, ready: 0, current: 1, updated: 1)
2025-01-30 18:43:25,678 INFO c.h.h.t.HelmChartContainer - [hivemq-test-hivemq-platform] [hivemq-platform-operator] [e3f41db1] 18:43:25.677 [ReconcilerExecutor-hivemq-controller-116] DEBUG c.h.p.o.HiveMQPlatformReconciler - [helmupgr] StatefulSet Spec (replicas: 1, init containers: 1, containers: 1, volumes: 4)
2025-01-30 18:43:25,680 INFO c.h.h.t.HelmChartContainer - [hivemq-test-hivemq-platform] [hivemq-platform-operator] [e3f41db1] 18:43:25.678 [ReconcilerExecutor-hivemq-controller-116] DEBUG c.h.p.o.h.HiveMQPlatformReconcilerErrorHandler - [helmupgr] Pod 'test-hivemq-platform-0' phase Running
2025-01-30 18:43:25,680 INFO c.h.h.t.HelmChartContainer - [hivemq-test-hivemq-platform] [hivemq-platform-operator] [e3f41db1] 18:43:25.679 [ReconcilerExecutor-hivemq-controller-116] INFO  c.h.p.o.h.HiveMQPlatformReconcilerBaseHandler - [helmupgr] HiveMQ Platform is starting, 0 of 1 replicas are ready
2025-01-30 18:43:27,279 INFO c.h.h.t.HelmChartContainer - [test-hivemq-platform] [hivemq] [da7b7f97] INFO  - [HiveMQ Platform Operator Init App 1.7.0-SNAPSHOT] Returning Health API response 200 for liveness
2025-01-30 18:43:30,347 INFO c.h.h.t.HelmChartContainer - [EVENT] Warning [Unhealthy] Readiness probe failed: HTTP probe failed with statuscode: 503 [helmupgradeextensionit:test-hivemq-platform-0]
2025-01-30 18:43:30,348 INFO c.h.h.t.HelmChartContainer - Received Unhealthy event for container hivemq in pod test-hivemq-platform-0 [da7b7f97-4da6-4b18-a6e4-baf87c7cb989]
2025-01-30 18:43:31,453 INFO c.h.h.t.HelmChartContainer - [test-hivemq-platform] [hivemq] [da7b7f97] WARN  - Bridge Extension: Connect to bridge 'testbridge' failed for the 2 time, reason: connection timed out after 10000 ms: /172.17.0.3:1883
2025-01-30 18:43:32,208 INFO c.h.h.t.HelmChartContainer - [test-hivemq-platform] [hivemq] [da7b7f97] WARN  - Bridge Extension: Connect to bridge 'testbridge' failed for the 2 time, reason: connection timed out after 10000 ms: /172.17.0.3:1883
2025-01-30 18:43:32,208 INFO c.h.h.t.HelmChartContainer - [test-hivemq-platform] [hivemq] [da7b7f97] WARN  - Bridge Extension: Not all clients could connect successfully to remote brokers. The clients will retry the connection.
2025-01-30 18:43:32,313 INFO c.h.h.t.HelmChartContainer - [test-hivemq-platform] [hivemq] [da7b7f97] INFO  - Extension "HiveMQ Enterprise Bridge Extension" version 4.36.0 started successfully.
2025-01-30 18:43:32,314 INFO c.h.h.testcontainer.LogWaiterUtil - TEST Found log pattern on 'test-hivemq-platform-0': .*Extension "HiveMQ Enterprise Bridge Extension" version .* started successfully.
2025-01-30 18:43:32,314 INFO c.h.h.t.HelmChartContainer - [test-hivemq-platform] [hivemq] [da7b7f97] INFO  - Starting extension with id "hivemq-prometheus-extension" at /opt/hivemq/extensions/hivemq-prometheus-extension
2025-01-30 18:43:32,795 INFO c.h.h.t.HelmChartContainer - [test-hivemq-platform] [hivemq] [da7b7f97] INFO  - Started Jetty Server exposing Prometheus Servlet on URI http://0.0.0.0:9399/
2025-01-30 18:43:32,796 INFO c.h.h.t.HelmChartContainer - [test-hivemq-platform] [hivemq] [da7b7f97] INFO  - Extension "Prometheus Monitoring Extension" version 4.0.12 started successfully.
2025-01-30 18:43:32,796 INFO c.h.h.t.HelmChartContainer - [test-hivemq-platform] [hivemq] [da7b7f97] INFO  - Starting extension with id "hivemq-allow-all-extension" at /opt/hivemq/extensions/hivemq-allow-all-extension
2025-01-30 18:43:32,814 INFO c.h.h.t.HelmChartContainer - [test-hivemq-platform] [hivemq] [da7b7f97] WARN  - 
2025-01-30 18:43:32,814 INFO c.h.h.t.HelmChartContainer - [test-hivemq-platform] [hivemq] [da7b7f97] ################################################################################################################
2025-01-30 18:43:32,814 INFO c.h.h.t.HelmChartContainer - [test-hivemq-platform] [hivemq] [da7b7f97] # This HiveMQ deployment is not secure! You are lacking Authentication and Authorization.                      #
2025-01-30 18:43:32,814 INFO c.h.h.t.HelmChartContainer - [test-hivemq-platform] [hivemq] [da7b7f97] # Right now any MQTT client can connect to the broker with a full set of permissions.                          #
2025-01-30 18:43:32,814 INFO c.h.h.t.HelmChartContainer - [test-hivemq-platform] [hivemq] [da7b7f97] # For production usage, add an appropriate security extension and remove the hivemq-allow-all extension.       #
2025-01-30 18:43:32,814 INFO c.h.h.t.HelmChartContainer - [test-hivemq-platform] [hivemq] [da7b7f97] # You can download security extensions from the HiveMQ Marketplace (https://www.hivemq.com/extensions/).       #
2025-01-30 18:43:32,814 INFO c.h.h.t.HelmChartContainer - [test-hivemq-platform] [hivemq] [da7b7f97] ################################################################################################################
2025-01-30 18:43:32,814 INFO c.h.h.t.HelmChartContainer - [test-hivemq-platform] [hivemq] [da7b7f97] INFO  - Extension "Allow All Extension" version 1.1.1 started successfully.
2025-01-30 18:43:32,816 INFO c.h.h.t.HelmChartContainer - [test-hivemq-platform] [hivemq] [da7b7f97] WARN  - No user for HiveMQ Control Center configured. Starting with default user
2025-01-30 18:43:32,816 INFO c.h.h.t.HelmChartContainer - [test-hivemq-platform] [hivemq] [da7b7f97] INFO  - Starting HiveMQ Control Center on address 0.0.0.0 and port 8080
2025-01-30 18:43:32,825 INFO c.h.h.t.HelmChartContainer - [test-hivemq-platform] [hivemq] [da7b7f97] INFO  - Mounting HiveMQ Control Center V2 Preview
2025-01-30 18:43:33,519 INFO c.h.h.t.HelmChartContainer - [test-hivemq-platform] [hivemq] [da7b7f97] INFO  - Started HiveMQ Control Center in 703ms
2025-01-30 18:43:33,596 INFO c.h.h.t.HelmChartContainer - [test-hivemq-platform] [hivemq] [da7b7f97] INFO  - Starting TCP listener on address 0.0.0.0 and port 1883
2025-01-30 18:43:33,626 INFO c.h.h.t.HelmChartContainer - [test-hivemq-platform] [hivemq] [da7b7f97] INFO  - Started TCP Listener on address 0.0.0.0 and on port 1883.
2025-01-30 18:43:33,626 INFO c.h.h.t.HelmChartContainer - [test-hivemq-platform] [hivemq] [da7b7f97] INFO  - Started HiveMQ in 56997ms
2025-01-30 18:43:35,344 INFO c.h.h.t.HelmChartContainer - [test-hivemq-platform] [hivemq] [da7b7f97] INFO  - [HiveMQ Platform Operator Init App 1.7.0-SNAPSHOT] Returning Health API response 200 for readiness
2025-01-30 18:43:35,358 INFO c.h.h.t.HelmChartContainer - [POD] test-hivemq-platform-0 [da7b7f97-4da6-4b18-a6e4-baf87c7cb989] in helmupgradeextensionit was MODIFIED
2025-01-30 18:43:35,376 INFO c.h.h.t.HelmChartContainer - [hivemq-test-hivemq-platform] [hivemq-platform-operator] [e3f41db1] 18:43:35.367 [pool-6-thread-21] DEBUG c.h.p.o.d.PlatformServiceResource - [helmupgr] Desired Platform services (3 services)
2025-01-30 18:43:35,377 INFO c.h.h.t.HelmChartContainer - [hivemq-test-hivemq-platform] [hivemq-platform-operator] [e3f41db1] 18:43:35.371 [pool-6-thread-28] DEBUG c.h.p.o.d.PodServiceAccountResource - [helmupgr] Desired PodServiceAccountResource (serviceAccountName: hivemq-platform-pod-test-hivemq-platform)
2025-01-30 18:43:35,377 INFO c.h.h.t.HelmChartContainer - [hivemq-test-hivemq-platform] [hivemq-platform-operator] [e3f41db1] 18:43:35.371 [pool-6-thread-26] DEBUG c.h.p.o.dependants.PodInfoConfigMap - [helmupgr] Desired PodInfo ConfigMap (1 extensions) (1 enabled)
2025-01-30 18:43:35,377 INFO c.h.h.t.HelmChartContainer - [hivemq-test-hivemq-platform] [hivemq-platform-operator] [e3f41db1] 18:43:35.372 [pool-6-thread-26] DEBUG c.h.p.o.dependants.PodInfoConfigMap - [helmupgr] Desired PodInfo ConfigMap (metrics port: 9399) (metrics path: /)
2025-01-30 18:43:35,377 INFO c.h.h.t.HelmChartContainer - [hivemq-test-hivemq-platform] [hivemq-platform-operator] [e3f41db1] 18:43:35.373 [pool-6-thread-26] DEBUG c.h.p.o.dependants.PodInfoConfigMap - [helmupgr] Desired PodInfo ConfigMap (extension state hash: 644225871)
2025-01-30 18:43:35,381 INFO c.h.h.t.HelmChartContainer - [hivemq-test-hivemq-platform] [hivemq-platform-operator] [e3f41db1] 18:43:35.380 [pool-6-thread-21] DEBUG c.h.p.o.d.StatefulSetResource - [helmupgr] Desired StatefulSet (1 replicas) for status STARTING (READY)
2025-01-30 18:43:35,438 INFO c.h.h.t.HelmChartContainer - [hivemq-test-hivemq-platform] [hivemq-platform-operator] [e3f41db1] 18:43:35.437 [ReconcilerExecutor-hivemq-controller-117] INFO  c.h.p.o.HiveMQPlatformReconciler - [helmupgr] Reconciling HiveMQ Platform 'test-hivemq-platform' in namespace 'helmupgradeextensionit'
2025-01-30 18:43:35,438 INFO c.h.h.t.HelmChartContainer - [hivemq-test-hivemq-platform] [hivemq-platform-operator] [e3f41db1] 18:43:35.437 [ReconcilerExecutor-hivemq-controller-117] DEBUG c.h.p.o.HiveMQPlatformReconciler - [helmupgr] Custom Resource Status STARTING - HiveMQ Platform is starting (READY)
2025-01-30 18:43:35,438 INFO c.h.h.t.HelmChartContainer - [hivemq-test-hivemq-platform] [hivemq-platform-operator] [e3f41db1] 18:43:35.437 [ReconcilerExecutor-hivemq-controller-117] DEBUG c.h.p.o.HiveMQPlatformReconciler - [helmupgr] Custom Resource Spec (replicas: 1) (extensions: 1)
2025-01-30 18:43:35,442 INFO c.h.h.t.HelmChartContainer - [hivemq-test-hivemq-platform] [hivemq-platform-operator] [e3f41db1] 18:43:35.440 [ReconcilerExecutor-hivemq-controller-117] DEBUG c.h.p.o.HiveMQPlatformReconciler - [helmupgr] StatefulSet Status (revision: test-hivemq-platform-5b6c7575b6, replicas: 1, available: 1, ready: 1, current: 1, updated: 1)
2025-01-30 18:43:35,442 INFO c.h.h.t.HelmChartContainer - [hivemq-test-hivemq-platform] [hivemq-platform-operator] [e3f41db1] 18:43:35.440 [ReconcilerExecutor-hivemq-controller-117] DEBUG c.h.p.o.HiveMQPlatformReconciler - [helmupgr] StatefulSet Spec (replicas: 1, init containers: 1, containers: 1, volumes: 4)
2025-01-30 18:43:35,444 INFO c.h.h.t.HelmChartContainer - [hivemq-test-hivemq-platform] [hivemq-platform-operator] [e3f41db1] 18:43:35.442 [ReconcilerExecutor-hivemq-controller-117] DEBUG c.h.p.o.h.HiveMQPlatformReconcilerErrorHandler - [helmupgr] Pod 'test-hivemq-platform-0' phase Running
2025-01-30 18:43:35,445 INFO c.h.h.t.HelmChartContainer - [hivemq-test-hivemq-platform] [hivemq-platform-operator] [e3f41db1] 18:43:35.443 [ReconcilerExecutor-hivemq-controller-117] INFO  c.h.p.o.h.HiveMQPlatformReconcilerBaseHandler - [helmupgr] HiveMQ Platform started successfully
2025-01-30 18:43:35,572 INFO c.h.h.t.HelmChartContainer - [hivemq-test-hivemq-platform] [hivemq-platform-operator] [e3f41db1] 18:43:35.570 [ReconcilerExecutor-hivemq-controller-117] DEBUG c.h.p.operator.event.EventSender - [helmupgr] Creating K8s event hivemq-platform-ready: [Ready] HiveMQ Platform is ready
2025-01-30 18:43:35,576 INFO c.h.h.t.HelmChartContainer - [EVENT] Normal [Ready] HiveMQ Platform is ready [helmupgradeextensionit:test-hivemq-platform]
2025-01-30 18:43:35,578 INFO c.h.h.t.HelmChartContainer - [hivemq-test-hivemq-platform] [hivemq-platform-operator] [e3f41db1] 18:43:35.577 [ReconcilerExecutor-hivemq-controller-117] INFO  c.h.p.o.h.AbstractHiveMQReconcilerStateHandler - [helmupgr] Update HiveMQ Platform Status (STARTING [READY] -> RUNNING [READY]): HiveMQ Platform is ready
2025-01-30 18:43:35,646 DEBUG com.hivemq.helmcharts.util.K8sUtil - Comparing actual state 'RUNNING' and waiting for 'RUNNING'
2025-01-30 18:43:35,651 INFO c.h.h.t.HelmChartContainer - [hivemq-test-hivemq-platform] [hivemq-platform-operator] [e3f41db1] 18:43:35.650 [pool-6-thread-34] DEBUG c.h.p.o.d.PlatformServiceResource - [helmupgr] Desired Platform services (3 services)
2025-01-30 18:43:35,654 INFO c.h.h.t.HelmChartContainer - [hivemq-test-hivemq-platform] [hivemq-platform-operator] [e3f41db1] 18:43:35.653 [pool-6-thread-35] DEBUG c.h.p.o.dependants.PodInfoConfigMap - [helmupgr] Desired PodInfo ConfigMap (1 extensions) (1 enabled)
2025-01-30 18:43:35,655 INFO c.h.h.t.HelmChartContainer - [hivemq-test-hivemq-platform] [hivemq-platform-operator] [e3f41db1] 18:43:35.653 [pool-6-thread-35] DEBUG c.h.p.o.dependants.PodInfoConfigMap - [helmupgr] Desired PodInfo ConfigMap (metrics port: 9399) (metrics path: /)
2025-01-30 18:43:35,655 INFO c.h.h.t.HelmChartContainer - [hivemq-test-hivemq-platform] [hivemq-platform-operator] [e3f41db1] 18:43:35.653 [pool-6-thread-35] DEBUG c.h.p.o.dependants.PodInfoConfigMap - [helmupgr] Desired PodInfo ConfigMap (extension state hash: 644225871)
2025-01-30 18:43:35,672 INFO c.h.h.t.HelmChartContainer - [hivemq-test-hivemq-platform] [hivemq-platform-operator] [e3f41db1] 18:43:35.671 [pool-6-thread-35] DEBUG c.h.p.o.dependants.PodInfoConfigMap - [helmupgr] Update PodInfo ConfigMap
2025-01-30 18:43:35,674 INFO c.h.h.t.HelmChartContainer - [hivemq-test-hivemq-platform] [hivemq-platform-operator] [e3f41db1] 18:43:35.672 [pool-6-thread-34] DEBUG c.h.p.o.d.PodServiceAccountResource - [helmupgr] Desired PodServiceAccountResource (serviceAccountName: hivemq-platform-pod-test-hivemq-platform)
2025-01-30 18:43:35,739 INFO c.h.h.t.HelmChartContainer - [hivemq-test-hivemq-platform] [hivemq-platform-operator] [e3f41db1] 18:43:35.737 [pool-6-thread-35] DEBUG c.h.p.o.d.StatefulSetResource - [helmupgr] Desired StatefulSet (1 replicas) for status RUNNING (READY)
2025-01-30 18:43:35,742 INFO c.h.h.t.HelmChartContainer - [hivemq-test-hivemq-platform] [hivemq-platform-operator] [e3f41db1] 18:43:35.740 [ReconcilerExecutor-hivemq-controller-118] INFO  c.h.p.o.HiveMQPlatformReconciler - [helmupgr] Reconciling HiveMQ Platform 'test-hivemq-platform' in namespace 'helmupgradeextensionit'
2025-01-30 18:43:35,742 INFO c.h.h.t.HelmChartContainer - [hivemq-test-hivemq-platform] [hivemq-platform-operator] [e3f41db1] 18:43:35.740 [ReconcilerExecutor-hivemq-controller-118] DEBUG c.h.p.o.HiveMQPlatformReconciler - [helmupgr] Custom Resource Status RUNNING - HiveMQ Platform is ready (READY)
2025-01-30 18:43:35,743 INFO c.h.h.t.HelmChartContainer - [hivemq-test-hivemq-platform] [hivemq-platform-operator] [e3f41db1] 18:43:35.740 [ReconcilerExecutor-hivemq-controller-118] DEBUG c.h.p.o.HiveMQPlatformReconciler - [helmupgr] Custom Resource Spec (replicas: 1) (extensions: 1)
2025-01-30 18:43:35,744 INFO c.h.h.t.HelmChartContainer - [hivemq-test-hivemq-platform] [hivemq-platform-operator] [e3f41db1] 18:43:35.742 [ReconcilerExecutor-hivemq-controller-118] DEBUG c.h.p.o.HiveMQPlatformReconciler - [helmupgr] StatefulSet Status (revision: test-hivemq-platform-5b6c7575b6, replicas: 1, available: 1, ready: 1, current: 1, updated: 1)
2025-01-30 18:43:35,744 INFO c.h.h.t.HelmChartContainer - [hivemq-test-hivemq-platform] [hivemq-platform-operator] [e3f41db1] 18:43:35.742 [ReconcilerExecutor-hivemq-controller-118] DEBUG c.h.p.o.HiveMQPlatformReconciler - [helmupgr] StatefulSet Spec (replicas: 1, init containers: 1, containers: 1, volumes: 4)
2025-01-30 18:43:35,746 INFO c.h.h.t.HelmChartContainer - [hivemq-test-hivemq-platform] [hivemq-platform-operator] [e3f41db1] 18:43:35.744 [ReconcilerExecutor-hivemq-controller-118] DEBUG c.h.p.o.h.HiveMQPlatformReconcilerErrorHandler - [helmupgr] Pod 'test-hivemq-platform-0' phase Running
2025-01-30 18:43:39,666 INFO c.h.h.testcontainer.LogWaiterUtil - TEST Waiting for log pattern on 'test-hivemq-platform-0': .*Extension "HiveMQ Enterprise Bridge Extension" version .* stopped successfully.
2025-01-30 18:43:39,666 INFO c.h.h.testcontainer.LogWaiterUtil - TEST Waiting for log pattern on 'test-hivemq-platform-0': .*\[HiveMQ Platform Operator Init App [A-Z0-9.-]+\] Successfully stopped extension hivemq-bridge-extension
2025-01-30 18:43:39,666 INFO c.h.h.testcontainer.LogWaiterUtil - TEST Waiting for log pattern on 'test-hivemq-platform-0': .*\[HiveMQ Platform Operator Init App [A-Z0-9.-]+\] Extension update is done \(0 errors\)
2025-01-30 18:43:39,728 DEBUG c.h.h.t.HelmChartContainer - Executing helm command: /bin/helm --kubeconfig /etc/rancher/k3s/k3s.yaml upgrade test-hivemq-platform /charts/hivemq-platform --wait --timeout 5m0s --set image.repository=docker.io/hivemq --set image.tag=4.36.0 --set image.pullPolicy=Never --set nodes.resources.cpu=512m -f /files/disable-bridge-values.yaml --namespace helmupgradeextensionit
2025-01-30 18:43:40,068 INFO c.h.h.t.HelmChartContainer - [hivemq-test-hivemq-platform] [hivemq-platform-operator] [e3f41db1] 18:43:40.064 [pool-6-thread-45] DEBUG c.h.p.o.d.PlatformServiceResource - [helmupgr] Desired Platform services (3 services)
2025-01-30 18:43:40,071 INFO c.h.h.t.HelmChartContainer - [hivemq-test-hivemq-platform] [hivemq-platform-operator] [e3f41db1] 18:43:40.068 [pool-6-thread-48] DEBUG c.h.p.o.dependants.PodInfoConfigMap - [helmupgr] Desired PodInfo ConfigMap (1 extensions) (0 enabled)
2025-01-30 18:43:40,071 INFO c.h.h.t.HelmChartContainer - [hivemq-test-hivemq-platform] [hivemq-platform-operator] [e3f41db1] 18:43:40.070 [pool-6-thread-48] DEBUG c.h.p.o.dependants.PodInfoConfigMap - [helmupgr] Desired PodInfo ConfigMap (metrics port: 9399) (metrics path: /)
2025-01-30 18:43:40,073 INFO c.h.h.t.HelmChartContainer - [hivemq-test-hivemq-platform] [hivemq-platform-operator] [e3f41db1] 18:43:40.070 [pool-6-thread-48] DEBUG c.h.p.o.dependants.PodInfoConfigMap - [helmupgr] Desired PodInfo ConfigMap (extension state hash: 43655068)
2025-01-30 18:43:40,073 INFO c.h.h.t.HelmChartContainer - [hivemq-test-hivemq-platform] [hivemq-platform-operator] [e3f41db1] 18:43:40.069 [pool-6-thread-46] DEBUG c.h.p.o.d.PodServiceAccountResource - [helmupgr] Desired PodServiceAccountResource (serviceAccountName: hivemq-platform-pod-test-hivemq-platform)
2025-01-30 18:43:40,073 INFO c.h.h.t.HelmChartContainer - [hivemq-test-hivemq-platform] [hivemq-platform-operator] [e3f41db1] 18:43:40.071 [pool-6-thread-48] DEBUG c.h.p.o.dependants.PodInfoConfigMap - [helmupgr] Update PodInfo ConfigMap
2025-01-30 18:43:40,073 INFO c.h.h.t.HelmChartContainer - [hivemq-test-hivemq-platform] [hivemq-platform-operator] [e3f41db1] 18:43:40.071 [pool-6-thread-48] DEBUG c.h.p.o.dependants.PodInfoConfigMap - [helmupgr] Detected change in configuration of extension 'hivemq-bridge-extension' ({skip-https-hostname-verification=false, restart=true, config-version=519, header-version=0, c-uri=, uri=preinstalled, skip-https-certificate-validation=false, enabled=true} -> {skip-https-hostname-verification=false, restart=true, config-version=519, header-version=0, c-uri=, uri=preinstalled, skip-https-certificate-validation=false, enabled=false})
2025-01-30 18:43:40,073 INFO c.h.h.t.HelmChartContainer - [hivemq-test-hivemq-platform] [hivemq-platform-operator] [e3f41db1] 18:43:40.071 [pool-6-thread-48] INFO  c.h.p.o.dependants.PodInfoConfigMap - [helmupgr] Extension configuration was updated, restarting extensions: [hivemq-bridge-extension]
2025-01-30 18:43:40,143 INFO c.h.h.t.HelmChartContainer - [hivemq-test-hivemq-platform] [hivemq-platform-operator] [e3f41db1] 18:43:40.138 [pool-6-thread-48] DEBUG c.h.p.o.d.StatefulSetResource - [helmupgr] Desired StatefulSet (1 replicas) for status RUNNING (READY)
2025-01-30 18:43:40,143 INFO c.h.h.t.HelmChartContainer - [hivemq-test-hivemq-platform] [hivemq-platform-operator] [e3f41db1] 18:43:40.139 [pool-6-thread-48] DEBUG c.h.p.o.u.VolumeAndVolumeMountUtil - [helmupgr] Creating volume mount for available ConfigMap 'test-bridge-configuration' of disabled extension 'hivemq-bridge-extension'
2025-01-30 18:43:40,248 DEBUG com.hivemq.helmcharts.util.K8sUtil - Comparing actual state 'RUNNING' and waiting for 'RESTART_EXTENSIONS'
2025-01-30 18:43:40,252 INFO c.h.h.t.HelmChartContainer - [hivemq-test-hivemq-platform] [hivemq-platform-operator] [e3f41db1] 18:43:40.247 [ReconcilerExecutor-hivemq-controller-120] INFO  c.h.p.o.HiveMQPlatformReconciler - [helmupgr] Reconciling HiveMQ Platform 'test-hivemq-platform' in namespace 'helmupgradeextensionit'
2025-01-30 18:43:40,253 INFO c.h.h.t.HelmChartContainer - [hivemq-test-hivemq-platform] [hivemq-platform-operator] [e3f41db1] 18:43:40.247 [ReconcilerExecutor-hivemq-controller-120] DEBUG c.h.p.o.HiveMQPlatformReconciler - [helmupgr] Custom Resource Status RUNNING - HiveMQ Platform is ready (READY) (reconciliation requests: RESTART_EXTENSIONS, REQUESTS_UPDATED)
2025-01-30 18:43:40,253 INFO c.h.h.t.HelmChartContainer - [hivemq-test-hivemq-platform] [hivemq-platform-operator] [e3f41db1] 18:43:40.247 [ReconcilerExecutor-hivemq-controller-120] DEBUG c.h.p.o.HiveMQPlatformReconciler - [helmupgr] Custom Resource Spec (replicas: 1) (extensions: 1)
2025-01-30 18:43:40,254 INFO c.h.h.t.HelmChartContainer - [hivemq-test-hivemq-platform] [hivemq-platform-operator] [e3f41db1] 18:43:40.253 [ReconcilerExecutor-hivemq-controller-120] DEBUG c.h.p.o.HiveMQPlatformReconciler - [helmupgr] StatefulSet Status (revision: test-hivemq-platform-5b6c7575b6, replicas: 1, available: 1, ready: 1, current: 1, updated: 1)
2025-01-30 18:43:40,257 INFO c.h.h.t.HelmChartContainer - [hivemq-test-hivemq-platform] [hivemq-platform-operator] [e3f41db1] 18:43:40.253 [ReconcilerExecutor-hivemq-controller-120] DEBUG c.h.p.o.HiveMQPlatformReconciler - [helmupgr] StatefulSet Spec (replicas: 1, init containers: 1, containers: 1, volumes: 4)
2025-01-30 18:43:40,258 INFO c.h.h.t.HelmChartContainer - [hivemq-test-hivemq-platform] [hivemq-platform-operator] [e3f41db1] 18:43:40.257 [ReconcilerExecutor-hivemq-controller-120] DEBUG c.h.p.o.h.HiveMQPlatformReconcilerErrorHandler - [helmupgr] Pod 'test-hivemq-platform-0' phase Running
2025-01-30 18:43:40,352 INFO c.h.h.t.HelmChartContainer - [hivemq-test-hivemq-platform] [hivemq-platform-operator] [e3f41db1] 18:43:40.350 [ReconcilerExecutor-hivemq-controller-120] DEBUG c.h.p.operator.event.EventSender - [helmupgr] Creating K8s event restart-extension-started: [RestartExtension] HiveMQ Platform is restarting extensions (hivemq-bridge-extension)
2025-01-30 18:43:40,355 INFO c.h.h.t.HelmChartContainer - [EVENT] Normal [RestartExtension] HiveMQ Platform is restarting extensions (hivemq-bridge-extension) [helmupgradeextensionit:test-hivemq-platform]
2025-01-30 18:43:40,372 INFO c.h.h.t.HelmChartContainer - [hivemq-test-hivemq-platform] [hivemq-platform-operator] [e3f41db1] 18:43:40.371 [ReconcilerExecutor-hivemq-controller-120] INFO  c.h.p.o.h.AbstractHiveMQReconcilerStateHandler - [helmupgr] Update HiveMQ Platform Status (RUNNING [READY] -> RESTART_EXTENSIONS [RESTART_EXTENSIONS]): HiveMQ Platform is restarting extensions (hivemq-bridge-extension)
2025-01-30 18:43:40,443 DEBUG com.hivemq.helmcharts.util.K8sUtil - Comparing actual state 'RESTART_EXTENSIONS' and waiting for 'RESTART_EXTENSIONS'
2025-01-30 18:43:40,449 DEBUG com.hivemq.helmcharts.util.K8sUtil - Comparing actual state 'RESTART_EXTENSIONS' and waiting for 'RUNNING'
2025-01-30 18:43:45,777 INFO c.h.h.t.HelmChartContainer - [test-hivemq-platform] [hivemq] [da7b7f97] WARN  - Bridge Extension: Connect to bridge 'testbridge' failed for the 3 time, reason: connection timed out after 10000 ms: /172.17.0.3:1883
2025-01-30 18:43:46,138 INFO c.h.h.t.HelmChartContainer - [test-hivemq-platform] [hivemq] [da7b7f97] WARN  - Bridge Extension: Connect to bridge 'testbridge' failed for the 3 time, reason: connection timed out after 10000 ms: /172.17.0.3:1883
2025-01-30 18:43:50,543 INFO c.h.h.t.HelmChartContainer - [hivemq-test-hivemq-platform] [hivemq-platform-operator] [e3f41db1] 18:43:50.540 [pool-6-thread-6] DEBUG c.h.p.o.d.PlatformServiceResource - [helmupgr] Desired Platform services (3 services)
2025-01-30 18:43:50,544 INFO c.h.h.t.HelmChartContainer - [hivemq-test-hivemq-platform] [hivemq-platform-operator] [e3f41db1] 18:43:50.541 [pool-6-thread-1] DEBUG c.h.p.o.dependants.PodInfoConfigMap - [helmupgr] Desired PodInfo ConfigMap (1 extensions) (0 enabled)
2025-01-30 18:43:50,544 INFO c.h.h.t.HelmChartContainer - [hivemq-test-hivemq-platform] [hivemq-platform-operator] [e3f41db1] 18:43:50.541 [pool-6-thread-1] DEBUG c.h.p.o.dependants.PodInfoConfigMap - [helmupgr] Desired PodInfo ConfigMap (metrics port: 9399) (metrics path: /)
2025-01-30 18:43:50,544 INFO c.h.h.t.HelmChartContainer - [hivemq-test-hivemq-platform] [hivemq-platform-operator] [e3f41db1] 18:43:50.541 [pool-6-thread-1] DEBUG c.h.p.o.dependants.PodInfoConfigMap - [helmupgr] Desired PodInfo ConfigMap (extension state hash: 43655068)
2025-01-30 18:43:50,544 INFO c.h.h.t.HelmChartContainer - [hivemq-test-hivemq-platform] [hivemq-platform-operator] [e3f41db1] 18:43:50.541 [pool-6-thread-9] DEBUG c.h.p.o.d.PodServiceAccountResource - [helmupgr] Desired PodServiceAccountResource (serviceAccountName: hivemq-platform-pod-test-hivemq-platform)
2025-01-30 18:43:50,544 INFO c.h.h.t.HelmChartContainer - [hivemq-test-hivemq-platform] [hivemq-platform-operator] [e3f41db1] 18:43:50.541 [pool-6-thread-1] DEBUG c.h.p.o.dependants.PodInfoConfigMap - [helmupgr] Update PodInfo ConfigMap
2025-01-30 18:43:50,551 INFO c.h.h.t.HelmChartContainer - [hivemq-test-hivemq-platform] [hivemq-platform-operator] [e3f41db1] 18:43:50.550 [pool-6-thread-1] DEBUG c.h.p.o.d.StatefulSetResource - [helmupgr] Desired StatefulSet (1 replicas) for status RESTART_EXTENSIONS (RESTART_EXTENSIONS)
2025-01-30 18:43:50,552 INFO c.h.h.t.HelmChartContainer - [hivemq-test-hivemq-platform] [hivemq-platform-operator] [e3f41db1] 18:43:50.552 [pool-6-thread-1] DEBUG c.h.p.o.u.VolumeAndVolumeMountUtil - [helmupgr] Creating volume mount for available ConfigMap 'test-bridge-configuration' of disabled extension 'hivemq-bridge-extension'
2025-01-30 18:43:50,556 INFO c.h.h.t.HelmChartContainer - [hivemq-test-hivemq-platform] [hivemq-platform-operator] [e3f41db1] 18:43:50.555 [ReconcilerExecutor-hivemq-controller-121] INFO  c.h.p.o.HiveMQPlatformReconciler - [helmupgr] Reconciling HiveMQ Platform 'test-hivemq-platform' in namespace 'helmupgradeextensionit'
2025-01-30 18:43:50,557 INFO c.h.h.t.HelmChartContainer - [hivemq-test-hivemq-platform] [hivemq-platform-operator] [e3f41db1] 18:43:50.555 [ReconcilerExecutor-hivemq-controller-121] DEBUG c.h.p.o.HiveMQPlatformReconciler - [helmupgr] Custom Resource Status RESTART_EXTENSIONS - HiveMQ Platform is restarting extensions (hivemq-bridge-extension) (RESTART_EXTENSIONS)
2025-01-30 18:43:50,557 INFO c.h.h.t.HelmChartContainer - [hivemq-test-hivemq-platform] [hivemq-platform-operator] [e3f41db1] 18:43:50.555 [ReconcilerExecutor-hivemq-controller-121] DEBUG c.h.p.o.HiveMQPlatformReconciler - [helmupgr] Custom Resource Spec (replicas: 1) (extensions: 1)
2025-01-30 18:43:50,571 INFO c.h.h.t.HelmChartContainer - [hivemq-test-hivemq-platform] [hivemq-platform-operator] [e3f41db1] 18:43:50.570 [ReconcilerExecutor-hivemq-controller-121] DEBUG c.h.p.o.HiveMQPlatformReconciler - [helmupgr] StatefulSet Status (revision: test-hivemq-platform-5b6c7575b6, replicas: 1, available: 1, ready: 1, current: 1, updated: 1)
2025-01-30 18:43:50,571 INFO c.h.h.t.HelmChartContainer - [hivemq-test-hivemq-platform] [hivemq-platform-operator] [e3f41db1] 18:43:50.570 [ReconcilerExecutor-hivemq-controller-121] DEBUG c.h.p.o.HiveMQPlatformReconciler - [helmupgr] StatefulSet Spec (replicas: 1, init containers: 1, containers: 1, volumes: 4)
2025-01-30 18:43:50,636 INFO c.h.h.t.HelmChartContainer - [hivemq-test-hivemq-platform] [hivemq-platform-operator] [e3f41db1] 18:43:50.635 [ReconcilerExecutor-hivemq-controller-121] DEBUG c.h.p.o.h.HiveMQPlatformReconcilerErrorHandler - [helmupgr] Pod 'test-hivemq-platform-0' phase Running
2025-01-30 18:43:50,651 INFO c.h.h.t.HelmChartContainer - [hivemq-test-hivemq-platform] [hivemq-platform-operator] [e3f41db1] 18:43:50.648 [ReconcilerExecutor-hivemq-controller-121] DEBUG c.h.p.o.h.HiveMQPlatformReconcilerRestartExtensionsHandler - [helmupgr] Update extensions on Pod 'test-hivemq-platform-0'
2025-01-30 18:43:50,829 INFO c.h.h.t.HelmChartContainer - [test-hivemq-platform] [hivemq] [da7b7f97] INFO  - [HiveMQ Platform Operator Init App 1.7.0-SNAPSHOT] Updating HiveMQ Platform extensions: [hivemq-bridge-extension]
2025-01-30 18:43:50,852 INFO c.h.h.t.HelmChartContainer - [hivemq-test-hivemq-platform] [hivemq-platform-operator] [e3f41db1] 18:43:50.851 [vert.x-eventloop-thread-1] DEBUG c.h.platform.operator.util.PodUtil - Received status for command '[curl, -s, http://10.42.0.6:7979/updateExtension?hash=43655068&extensions=hivemq-bridge-extension]' on Pod 'test-hivemq-platform-0' (exit code: 0)
2025-01-30 18:43:51,831 INFO c.h.h.t.HelmChartContainer - [test-hivemq-platform] [hivemq] [da7b7f97] INFO  - [HiveMQ Platform Operator Init App 1.7.0-SNAPSHOT] Waiting for extension ConfigMap sync (expected hash: 43655068) (current hash: 644225871)
2025-01-30 18:43:51,845 INFO c.h.h.t.HelmChartContainer - [hivemq-test-hivemq-platform] [hivemq-platform-operator] [e3f41db1] 18:43:51.843 [pool-6-thread-15] DEBUG c.h.p.o.d.PlatformServiceResource - [helmupgr] Desired Platform services (3 services)
2025-01-30 18:43:51,845 INFO c.h.h.t.HelmChartContainer - [hivemq-test-hivemq-platform] [hivemq-platform-operator] [e3f41db1] 18:43:51.844 [pool-6-thread-13] DEBUG c.h.p.o.dependants.PodInfoConfigMap - [helmupgr] Desired PodInfo ConfigMap (1 extensions) (0 enabled)
2025-01-30 18:43:51,846 INFO c.h.h.t.HelmChartContainer - [hivemq-test-hivemq-platform] [hivemq-platform-operator] [e3f41db1] 18:43:51.844 [pool-6-thread-19] DEBUG c.h.p.o.d.PodServiceAccountResource - [helmupgr] Desired PodServiceAccountResource (serviceAccountName: hivemq-platform-pod-test-hivemq-platform)
2025-01-30 18:43:51,851 INFO c.h.h.t.HelmChartContainer - [hivemq-test-hivemq-platform] [hivemq-platform-operator] [e3f41db1] 18:43:51.845 [pool-6-thread-13] DEBUG c.h.p.o.dependants.PodInfoConfigMap - [helmupgr] Desired PodInfo ConfigMap (metrics port: 9399) (metrics path: /)
2025-01-30 18:43:51,851 INFO c.h.h.t.HelmChartContainer - [hivemq-test-hivemq-platform] [hivemq-platform-operator] [e3f41db1] 18:43:51.846 [pool-6-thread-13] DEBUG c.h.p.o.dependants.PodInfoConfigMap - [helmupgr] Desired PodInfo ConfigMap (extension state hash: 43655068)
2025-01-30 18:43:51,851 INFO c.h.h.t.HelmChartContainer - [hivemq-test-hivemq-platform] [hivemq-platform-operator] [e3f41db1] 18:43:51.848 [pool-6-thread-13] DEBUG c.h.p.o.d.StatefulSetResource - [helmupgr] Desired StatefulSet (1 replicas) for status RESTART_EXTENSIONS (RESTART_EXTENSIONS)
2025-01-30 18:43:51,851 INFO c.h.h.t.HelmChartContainer - [hivemq-test-hivemq-platform] [hivemq-platform-operator] [e3f41db1] 18:43:51.850 [pool-6-thread-13] DEBUG c.h.p.o.u.VolumeAndVolumeMountUtil - [helmupgr] Creating volume mount for available ConfigMap 'test-bridge-configuration' of disabled extension 'hivemq-bridge-extension'
2025-01-30 18:43:51,856 INFO c.h.h.t.HelmChartContainer - [hivemq-test-hivemq-platform] [hivemq-platform-operator] [e3f41db1] 18:43:51.855 [ReconcilerExecutor-hivemq-controller-122] INFO  c.h.p.o.HiveMQPlatformReconciler - [helmupgr] Reconciling HiveMQ Platform 'test-hivemq-platform' in namespace 'helmupgradeextensionit'
2025-01-30 18:43:51,856 INFO c.h.h.t.HelmChartContainer - [hivemq-test-hivemq-platform] [hivemq-platform-operator] [e3f41db1] 18:43:51.855 [ReconcilerExecutor-hivemq-controller-122] DEBUG c.h.p.o.HiveMQPlatformReconciler - [helmupgr] Custom Resource Status RESTART_EXTENSIONS - HiveMQ Platform is restarting extensions (hivemq-bridge-extension) (RESTART_EXTENSIONS)
2025-01-30 18:43:51,857 INFO c.h.h.t.HelmChartContainer - [hivemq-test-hivemq-platform] [hivemq-platform-operator] [e3f41db1] 18:43:51.855 [ReconcilerExecutor-hivemq-controller-122] DEBUG c.h.p.o.HiveMQPlatformReconciler - [helmupgr] Custom Resource Spec (replicas: 1) (extensions: 1)
2025-01-30 18:43:51,862 INFO c.h.h.t.HelmChartContainer - [hivemq-test-hivemq-platform] [hivemq-platform-operator] [e3f41db1] 18:43:51.859 [ReconcilerExecutor-hivemq-controller-122] DEBUG c.h.p.o.HiveMQPlatformReconciler - [helmupgr] StatefulSet Status (revision: test-hivemq-platform-5b6c7575b6, replicas: 1, available: 1, ready: 1, current: 1, updated: 1)
2025-01-30 18:43:51,862 INFO c.h.h.t.HelmChartContainer - [hivemq-test-hivemq-platform] [hivemq-platform-operator] [e3f41db1] 18:43:51.860 [ReconcilerExecutor-hivemq-controller-122] DEBUG c.h.p.o.HiveMQPlatformReconciler - [helmupgr] StatefulSet Spec (replicas: 1, init containers: 1, containers: 1, volumes: 4)
2025-01-30 18:43:51,863 INFO c.h.h.t.HelmChartContainer - [hivemq-test-hivemq-platform] [hivemq-platform-operator] [e3f41db1] 18:43:51.861 [ReconcilerExecutor-hivemq-controller-122] DEBUG c.h.p.o.h.HiveMQPlatformReconcilerErrorHandler - [helmupgr] Pod 'test-hivemq-platform-0' phase Running
2025-01-30 18:43:51,960 INFO c.h.h.t.HelmChartContainer - [hivemq-test-hivemq-platform] [hivemq-platform-operator] [e3f41db1] 18:43:51.959 [ReconcilerExecutor-hivemq-controller-122] DEBUG c.h.p.operator.event.EventSender - [helmupgr] Creating K8s event restart-extension-in-progress: [RestartExtension] HiveMQ Platform is waiting for extension restart (hivemq-bridge-extension)
2025-01-30 18:43:52,039 INFO c.h.h.t.HelmChartContainer - [EVENT] Normal [RestartExtension] HiveMQ Platform is waiting for extension restart (hivemq-bridge-extension) [helmupgradeextensionit:test-hivemq-platform]
2025-01-30 18:43:52,040 INFO c.h.h.t.HelmChartContainer - [hivemq-test-hivemq-platform] [hivemq-platform-operator] [e3f41db1] 18:43:52.039 [ReconcilerExecutor-hivemq-controller-122] INFO  c.h.p.o.h.AbstractHiveMQReconcilerStateHandler - [helmupgr] Update HiveMQ Platform Status (RESTART_EXTENSIONS [RESTART_EXTENSIONS] -> RESTART_EXTENSIONS [WAIT_FOR_EXTENSION_RESTART]): HiveMQ Platform is waiting for extension restart (hivemq-bridge-extension)
2025-01-30 18:43:52,048 DEBUG com.hivemq.helmcharts.util.K8sUtil - Comparing actual state 'RESTART_EXTENSIONS' and waiting for 'RUNNING'
2025-01-30 18:43:52,832 INFO c.h.h.t.HelmChartContainer - [test-hivemq-platform] [hivemq] [da7b7f97] INFO  - [HiveMQ Platform Operator Init App 1.7.0-SNAPSHOT] Waiting for extension ConfigMap sync (expected hash: 43655068) (current hash: 644225871)
2025-01-30 18:43:53,833 INFO c.h.h.t.HelmChartContainer - [test-hivemq-platform] [hivemq] [da7b7f97] INFO  - [HiveMQ Platform Operator Init App 1.7.0-SNAPSHOT] Waiting for extension ConfigMap sync (expected hash: 43655068) (current hash: 644225871)
2025-01-30 18:43:54,833 INFO c.h.h.t.HelmChartContainer - [test-hivemq-platform] [hivemq] [da7b7f97] INFO  - [HiveMQ Platform Operator Init App 1.7.0-SNAPSHOT] Waiting for extension ConfigMap sync (expected hash: 43655068) (current hash: 644225871)
2025-01-30 18:43:55,833 INFO c.h.h.t.HelmChartContainer - [test-hivemq-platform] [hivemq] [da7b7f97] INFO  - [HiveMQ Platform Operator Init App 1.7.0-SNAPSHOT] Waiting for extension ConfigMap sync (expected hash: 43655068) (current hash: 644225871)
2025-01-30 18:43:56,834 INFO c.h.h.t.HelmChartContainer - [test-hivemq-platform] [hivemq] [da7b7f97] INFO  - [HiveMQ Platform Operator Init App 1.7.0-SNAPSHOT] Waiting for extension ConfigMap sync (expected hash: 43655068) (current hash: 644225871)
2025-01-30 18:43:57,835 INFO c.h.h.t.HelmChartContainer - [test-hivemq-platform] [hivemq] [da7b7f97] INFO  - [HiveMQ Platform Operator Init App 1.7.0-SNAPSHOT] Waiting for extension ConfigMap sync (expected hash: 43655068) (current hash: 644225871)
2025-01-30 18:43:58,835 INFO c.h.h.t.HelmChartContainer - [test-hivemq-platform] [hivemq] [da7b7f97] INFO  - [HiveMQ Platform Operator Init App 1.7.0-SNAPSHOT] Waiting for extension ConfigMap sync (expected hash: 43655068) (current hash: 644225871)
2025-01-30 18:43:59,836 INFO c.h.h.t.HelmChartContainer - [test-hivemq-platform] [hivemq] [da7b7f97] INFO  - [HiveMQ Platform Operator Init App 1.7.0-SNAPSHOT] Waiting for extension ConfigMap sync (expected hash: 43655068) (current hash: 644225871)
2025-01-30 18:44:00,836 INFO c.h.h.t.HelmChartContainer - [test-hivemq-platform] [hivemq] [da7b7f97] INFO  - [HiveMQ Platform Operator Init App 1.7.0-SNAPSHOT] Waiting for extension ConfigMap sync (expected hash: 43655068) (current hash: 644225871)
2025-01-30 18:44:01,836 INFO c.h.h.t.HelmChartContainer - [test-hivemq-platform] [hivemq] [da7b7f97] INFO  - [HiveMQ Platform Operator Init App 1.7.0-SNAPSHOT] Waiting for extension ConfigMap sync (expected hash: 43655068) (current hash: 644225871)
2025-01-30 18:44:02,056 INFO c.h.h.t.HelmChartContainer - [hivemq-test-hivemq-platform] [hivemq-platform-operator] [e3f41db1] 18:44:02.050 [pool-6-thread-28] DEBUG c.h.p.o.d.PlatformServiceResource - [helmupgr] Desired Platform services (3 services)
2025-01-30 18:44:02,056 INFO c.h.h.t.HelmChartContainer - [hivemq-test-hivemq-platform] [hivemq-platform-operator] [e3f41db1] 18:44:02.051 [pool-6-thread-27] DEBUG c.h.p.o.dependants.PodInfoConfigMap - [helmupgr] Desired PodInfo ConfigMap (1 extensions) (0 enabled)
2025-01-30 18:44:02,057 INFO c.h.h.t.HelmChartContainer - [hivemq-test-hivemq-platform] [hivemq-platform-operator] [e3f41db1] 18:44:02.053 [pool-6-thread-27] DEBUG c.h.p.o.dependants.PodInfoConfigMap - [helmupgr] Desired PodInfo ConfigMap (metrics port: 9399) (metrics path: /)
2025-01-30 18:44:02,057 INFO c.h.h.t.HelmChartContainer - [hivemq-test-hivemq-platform] [hivemq-platform-operator] [e3f41db1] 18:44:02.054 [pool-6-thread-27] DEBUG c.h.p.o.dependants.PodInfoConfigMap - [helmupgr] Desired PodInfo ConfigMap (extension state hash: 43655068)
2025-01-30 18:44:02,057 INFO c.h.h.t.HelmChartContainer - [hivemq-test-hivemq-platform] [hivemq-platform-operator] [e3f41db1] 18:44:02.053 [pool-6-thread-24] DEBUG c.h.p.o.d.PodServiceAccountResource - [helmupgr] Desired PodServiceAccountResource (serviceAccountName: hivemq-platform-pod-test-hivemq-platform)
2025-01-30 18:44:02,058 INFO c.h.h.t.HelmChartContainer - [hivemq-test-hivemq-platform] [hivemq-platform-operator] [e3f41db1] 18:44:02.057 [pool-6-thread-21] DEBUG c.h.p.o.d.StatefulSetResource - [helmupgr] Desired StatefulSet (1 replicas) for status RESTART_EXTENSIONS (WAIT_FOR_EXTENSION_RESTART)
2025-01-30 18:44:02,059 INFO c.h.h.t.HelmChartContainer - [hivemq-test-hivemq-platform] [hivemq-platform-operator] [e3f41db1] 18:44:02.058 [pool-6-thread-21] DEBUG c.h.p.o.u.VolumeAndVolumeMountUtil - [helmupgr] Creating volume mount for available ConfigMap 'test-bridge-configuration' of disabled extension 'hivemq-bridge-extension'
2025-01-30 18:44:02,062 INFO c.h.h.t.HelmChartContainer - [hivemq-test-hivemq-platform] [hivemq-platform-operator] [e3f41db1] 18:44:02.060 [ReconcilerExecutor-hivemq-controller-123] INFO  c.h.p.o.HiveMQPlatformReconciler - [helmupgr] Reconciling HiveMQ Platform 'test-hivemq-platform' in namespace 'helmupgradeextensionit'
2025-01-30 18:44:02,062 INFO c.h.h.t.HelmChartContainer - [hivemq-test-hivemq-platform] [hivemq-platform-operator] [e3f41db1] 18:44:02.060 [ReconcilerExecutor-hivemq-controller-123] DEBUG c.h.p.o.HiveMQPlatformReconciler - [helmupgr] Custom Resource Status RESTART_EXTENSIONS - HiveMQ Platform is waiting for extension restart (hivemq-bridge-extension) (WAIT_FOR_EXTENSION_RESTART)
2025-01-30 18:44:02,062 INFO c.h.h.t.HelmChartContainer - [hivemq-test-hivemq-platform] [hivemq-platform-operator] [e3f41db1] 18:44:02.060 [ReconcilerExecutor-hivemq-controller-123] DEBUG c.h.p.o.HiveMQPlatformReconciler - [helmupgr] Custom Resource Spec (replicas: 1) (extensions: 1)
2025-01-30 18:44:02,063 INFO c.h.h.t.HelmChartContainer - [hivemq-test-hivemq-platform] [hivemq-platform-operator] [e3f41db1] 18:44:02.062 [ReconcilerExecutor-hivemq-controller-123] DEBUG c.h.p.o.HiveMQPlatformReconciler - [helmupgr] StatefulSet Status (revision: test-hivemq-platform-5b6c7575b6, replicas: 1, available: 1, ready: 1, current: 1, updated: 1)
2025-01-30 18:44:02,064 INFO c.h.h.t.HelmChartContainer - [hivemq-test-hivemq-platform] [hivemq-platform-operator] [e3f41db1] 18:44:02.062 [ReconcilerExecutor-hivemq-controller-123] DEBUG c.h.p.o.HiveMQPlatformReconciler - [helmupgr] StatefulSet Spec (replicas: 1, init containers: 1, containers: 1, volumes: 4)
2025-01-30 18:44:02,065 INFO c.h.h.t.HelmChartContainer - [hivemq-test-hivemq-platform] [hivemq-platform-operator] [e3f41db1] 18:44:02.063 [ReconcilerExecutor-hivemq-controller-123] DEBUG c.h.p.o.h.HiveMQPlatformReconcilerErrorHandler - [helmupgr] Pod 'test-hivemq-platform-0' phase Running
2025-01-30 18:44:02,070 INFO c.h.h.t.HelmChartContainer - [hivemq-test-hivemq-platform] [hivemq-platform-operator] [e3f41db1] 18:44:02.070 [ReconcilerExecutor-hivemq-controller-123] DEBUG c.h.p.o.h.HiveMQPlatformReconcilerRestartExtensionsHandler - [helmupgr] Checking update extension status on Pod 'test-hivemq-platform-0'
2025-01-30 18:44:02,188 INFO c.h.h.t.HelmChartContainer - [test-hivemq-platform] [hivemq] [da7b7f97] INFO  - [HiveMQ Platform Operator Init App 1.7.0-SNAPSHOT] Extension update is pending (0 errors)
2025-01-30 18:44:02,193 INFO c.h.h.t.HelmChartContainer - [hivemq-test-hivemq-platform] [hivemq-platform-operator] [e3f41db1] 18:44:02.192 [vert.x-eventloop-thread-1] DEBUG c.h.platform.operator.util.PodUtil - Received status for command '[curl, -s, http://10.42.0.6:7979/updateExtensionStatus]' on Pod 'test-hivemq-platform-0' (exit code: 0)
2025-01-30 18:44:02,837 INFO c.h.h.t.HelmChartContainer - [test-hivemq-platform] [hivemq] [da7b7f97] INFO  - [HiveMQ Platform Operator Init App 1.7.0-SNAPSHOT] Waiting for extension ConfigMap sync (expected hash: 43655068) (current hash: 644225871)
2025-01-30 18:44:03,242 INFO c.h.h.t.HelmChartContainer - [hivemq-test-hivemq-platform] [hivemq-platform-operator] [e3f41db1] 18:44:03.238 [pool-6-thread-31] DEBUG c.h.p.o.d.PlatformServiceResource - [helmupgr] Desired Platform services (3 services)
2025-01-30 18:44:03,243 INFO c.h.h.t.HelmChartContainer - [hivemq-test-hivemq-platform] [hivemq-platform-operator] [e3f41db1] 18:44:03.239 [pool-6-thread-32] DEBUG c.h.p.o.dependants.PodInfoConfigMap - [helmupgr] Desired PodInfo ConfigMap (1 extensions) (0 enabled)
2025-01-30 18:44:03,243 INFO c.h.h.t.HelmChartContainer - [hivemq-test-hivemq-platform] [hivemq-platform-operator] [e3f41db1] 18:44:03.240 [pool-6-thread-32] DEBUG c.h.p.o.dependants.PodInfoConfigMap - [helmupgr] Desired PodInfo ConfigMap (metrics port: 9399) (metrics path: /)
2025-01-30 18:44:03,243 INFO c.h.h.t.HelmChartContainer - [hivemq-test-hivemq-platform] [hivemq-platform-operator] [e3f41db1] 18:44:03.240 [pool-6-thread-32] DEBUG c.h.p.o.dependants.PodInfoConfigMap - [helmupgr] Desired PodInfo ConfigMap (extension state hash: 43655068)
2025-01-30 18:44:03,243 INFO c.h.h.t.HelmChartContainer - [hivemq-test-hivemq-platform] [hivemq-platform-operator] [e3f41db1] 18:44:03.241 [pool-6-thread-38] DEBUG c.h.p.o.d.PodServiceAccountResource - [helmupgr] Desired PodServiceAccountResource (serviceAccountName: hivemq-platform-pod-test-hivemq-platform)
2025-01-30 18:44:03,248 INFO c.h.h.t.HelmChartContainer - [hivemq-test-hivemq-platform] [hivemq-platform-operator] [e3f41db1] 18:44:03.247 [pool-6-thread-31] DEBUG c.h.p.o.d.StatefulSetResource - [helmupgr] Desired StatefulSet (1 replicas) for status RESTART_EXTENSIONS (WAIT_FOR_EXTENSION_RESTART)
2025-01-30 18:44:03,251 INFO c.h.h.t.HelmChartContainer - [hivemq-test-hivemq-platform] [hivemq-platform-operator] [e3f41db1] 18:44:03.248 [pool-6-thread-31] DEBUG c.h.p.o.u.VolumeAndVolumeMountUtil - [helmupgr] Creating volume mount for available ConfigMap 'test-bridge-configuration' of disabled extension 'hivemq-bridge-extension'
2025-01-30 18:44:03,253 INFO c.h.h.t.HelmChartContainer - [hivemq-test-hivemq-platform] [hivemq-platform-operator] [e3f41db1] 18:44:03.251 [ReconcilerExecutor-hivemq-controller-124] INFO  c.h.p.o.HiveMQPlatformReconciler - [helmupgr] Reconciling HiveMQ Platform 'test-hivemq-platform' in namespace 'helmupgradeextensionit'
2025-01-30 18:44:03,253 INFO c.h.h.t.HelmChartContainer - [hivemq-test-hivemq-platform] [hivemq-platform-operator] [e3f41db1] 18:44:03.251 [ReconcilerExecutor-hivemq-controller-124] DEBUG c.h.p.o.HiveMQPlatformReconciler - [helmupgr] Custom Resource Status RESTART_EXTENSIONS - HiveMQ Platform is waiting for extension restart (hivemq-bridge-extension) (WAIT_FOR_EXTENSION_RESTART)
2025-01-30 18:44:03,253 INFO c.h.h.t.HelmChartContainer - [hivemq-test-hivemq-platform] [hivemq-platform-operator] [e3f41db1] 18:44:03.252 [ReconcilerExecutor-hivemq-controller-124] DEBUG c.h.p.o.HiveMQPlatformReconciler - [helmupgr] Custom Resource Spec (replicas: 1) (extensions: 1)
2025-01-30 18:44:03,337 INFO c.h.h.t.HelmChartContainer - [hivemq-test-hivemq-platform] [hivemq-platform-operator] [e3f41db1] 18:44:03.336 [ReconcilerExecutor-hivemq-controller-124] DEBUG c.h.p.o.HiveMQPlatformReconciler - [helmupgr] StatefulSet Status (revision: test-hivemq-platform-5b6c7575b6, replicas: 1, available: 1, ready: 1, current: 1, updated: 1)
2025-01-30 18:44:03,337 INFO c.h.h.t.HelmChartContainer - [hivemq-test-hivemq-platform] [hivemq-platform-operator] [e3f41db1] 18:44:03.336 [ReconcilerExecutor-hivemq-controller-124] DEBUG c.h.p.o.HiveMQPlatformReconciler - [helmupgr] StatefulSet Spec (replicas: 1, init containers: 1, containers: 1, volumes: 4)
2025-01-30 18:44:03,339 INFO c.h.h.t.HelmChartContainer - [hivemq-test-hivemq-platform] [hivemq-platform-operator] [e3f41db1] 18:44:03.338 [ReconcilerExecutor-hivemq-controller-124] DEBUG c.h.p.o.h.HiveMQPlatformReconcilerErrorHandler - [helmupgr] Pod 'test-hivemq-platform-0' phase Running
2025-01-30 18:44:03,340 INFO c.h.h.t.HelmChartContainer - [hivemq-test-hivemq-platform] [hivemq-platform-operator] [e3f41db1] 18:44:03.339 [ReconcilerExecutor-hivemq-controller-124] INFO  c.h.p.o.h.HiveMQPlatformReconcilerRestartExtensionsHandler - [helmupgr] Extension update on Pod 'test-hivemq-platform-0' is still pending
2025-01-30 18:44:03,838 INFO c.h.h.t.HelmChartContainer - [test-hivemq-platform] [hivemq] [da7b7f97] INFO  - [HiveMQ Platform Operator Init App 1.7.0-SNAPSHOT] Waiting for extension ConfigMap sync (expected hash: 43655068) (current hash: 644225871)
2025-01-30 18:44:04,646 INFO c.h.h.t.HelmChartContainer - [test-hivemq-platform] [hivemq] [da7b7f97] WARN  - Bridge Extension: Connect to bridge 'testbridge' failed for the 4 time, reason: connection timed out after 10000 ms: /172.17.0.3:1883
2025-01-30 18:44:04,838 INFO c.h.h.t.HelmChartContainer - [test-hivemq-platform] [hivemq] [da7b7f97] INFO  - [HiveMQ Platform Operator Init App 1.7.0-SNAPSHOT] Waiting for extension ConfigMap sync (expected hash: 43655068) (current hash: 644225871)
2025-01-30 18:44:05,609 INFO c.h.h.t.HelmChartContainer - [test-hivemq-platform] [hivemq] [da7b7f97] WARN  - Bridge Extension: Connect to bridge 'testbridge' failed for the 4 time, reason: connection timed out after 10000 ms: /172.17.0.3:1883
2025-01-30 18:44:05,838 INFO c.h.h.t.HelmChartContainer - [test-hivemq-platform] [hivemq] [da7b7f97] INFO  - [HiveMQ Platform Operator Init App 1.7.0-SNAPSHOT] Waiting for extension ConfigMap sync (expected hash: 43655068) (current hash: 644225871)
2025-01-30 18:44:06,839 INFO c.h.h.t.HelmChartContainer - [test-hivemq-platform] [hivemq] [da7b7f97] INFO  - [HiveMQ Platform Operator Init App 1.7.0-SNAPSHOT] Waiting for extension ConfigMap sync (expected hash: 43655068) (current hash: 644225871)
2025-01-30 18:44:07,839 INFO c.h.h.t.HelmChartContainer - [test-hivemq-platform] [hivemq] [da7b7f97] INFO  - [HiveMQ Platform Operator Init App 1.7.0-SNAPSHOT] Waiting for extension ConfigMap sync (expected hash: 43655068) (current hash: 644225871)
2025-01-30 18:44:08,840 INFO c.h.h.t.HelmChartContainer - [test-hivemq-platform] [hivemq] [da7b7f97] INFO  - [HiveMQ Platform Operator Init App 1.7.0-SNAPSHOT] Waiting for extension ConfigMap sync (expected hash: 43655068) (current hash: 644225871)
2025-01-30 18:44:09,840 INFO c.h.h.t.HelmChartContainer - [test-hivemq-platform] [hivemq] [da7b7f97] INFO  - [HiveMQ Platform Operator Init App 1.7.0-SNAPSHOT] Waiting for extension ConfigMap sync (expected hash: 43655068) (current hash: 644225871)
2025-01-30 18:44:10,841 INFO c.h.h.t.HelmChartContainer - [test-hivemq-platform] [hivemq] [da7b7f97] INFO  - [HiveMQ Platform Operator Init App 1.7.0-SNAPSHOT] Waiting for extension ConfigMap sync (expected hash: 43655068) (current hash: 644225871)
2025-01-30 18:44:11,841 INFO c.h.h.t.HelmChartContainer - [test-hivemq-platform] [hivemq] [da7b7f97] INFO  - [HiveMQ Platform Operator Init App 1.7.0-SNAPSHOT] Waiting for extension ConfigMap sync (expected hash: 43655068) (current hash: 644225871)
2025-01-30 18:44:12,842 INFO c.h.h.t.HelmChartContainer - [test-hivemq-platform] [hivemq] [da7b7f97] INFO  - [HiveMQ Platform Operator Init App 1.7.0-SNAPSHOT] Waiting for extension ConfigMap sync (expected hash: 43655068) (current hash: 644225871)
2025-01-30 18:44:13,346 INFO c.h.h.t.HelmChartContainer - [hivemq-test-hivemq-platform] [hivemq-platform-operator] [e3f41db1] 18:44:13.342 [pool-6-thread-45] DEBUG c.h.p.o.d.PlatformServiceResource - [helmupgr] Desired Platform services (3 services)
2025-01-30 18:44:13,347 INFO c.h.h.t.HelmChartContainer - [hivemq-test-hivemq-platform] [hivemq-platform-operator] [e3f41db1] 18:44:13.343 [pool-6-thread-43] DEBUG c.h.p.o.dependants.PodInfoConfigMap - [helmupgr] Desired PodInfo ConfigMap (1 extensions) (0 enabled)
2025-01-30 18:44:13,347 INFO c.h.h.t.HelmChartContainer - [hivemq-test-hivemq-platform] [hivemq-platform-operator] [e3f41db1] 18:44:13.343 [pool-6-thread-43] DEBUG c.h.p.o.dependants.PodInfoConfigMap - [helmupgr] Desired PodInfo ConfigMap (metrics port: 9399) (metrics path: /)
2025-01-30 18:44:13,347 INFO c.h.h.t.HelmChartContainer - [hivemq-test-hivemq-platform] [hivemq-platform-operator] [e3f41db1] 18:44:13.343 [pool-6-thread-43] DEBUG c.h.p.o.dependants.PodInfoConfigMap - [helmupgr] Desired PodInfo ConfigMap (extension state hash: 43655068)
2025-01-30 18:44:13,347 INFO c.h.h.t.HelmChartContainer - [hivemq-test-hivemq-platform] [hivemq-platform-operator] [e3f41db1] 18:44:13.344 [pool-6-thread-42] DEBUG c.h.p.o.d.PodServiceAccountResource - [helmupgr] Desired PodServiceAccountResource (serviceAccountName: hivemq-platform-pod-test-hivemq-platform)
2025-01-30 18:44:13,348 INFO c.h.h.t.HelmChartContainer - [hivemq-test-hivemq-platform] [hivemq-platform-operator] [e3f41db1] 18:44:13.347 [pool-6-thread-44] DEBUG c.h.p.o.d.StatefulSetResource - [helmupgr] Desired StatefulSet (1 replicas) for status RESTART_EXTENSIONS (WAIT_FOR_EXTENSION_RESTART)
2025-01-30 18:44:13,350 INFO c.h.h.t.HelmChartContainer - [hivemq-test-hivemq-platform] [hivemq-platform-operator] [e3f41db1] 18:44:13.349 [pool-6-thread-44] DEBUG c.h.p.o.u.VolumeAndVolumeMountUtil - [helmupgr] Creating volume mount for available ConfigMap 'test-bridge-configuration' of disabled extension 'hivemq-bridge-extension'
2025-01-30 18:44:13,352 INFO c.h.h.t.HelmChartContainer - [hivemq-test-hivemq-platform] [hivemq-platform-operator] [e3f41db1] 18:44:13.352 [ReconcilerExecutor-hivemq-controller-125] INFO  c.h.p.o.HiveMQPlatformReconciler - [helmupgr] Reconciling HiveMQ Platform 'test-hivemq-platform' in namespace 'helmupgradeextensionit'
2025-01-30 18:44:13,354 INFO c.h.h.t.HelmChartContainer - [hivemq-test-hivemq-platform] [hivemq-platform-operator] [e3f41db1] 18:44:13.352 [ReconcilerExecutor-hivemq-controller-125] DEBUG c.h.p.o.HiveMQPlatformReconciler - [helmupgr] Custom Resource Status RESTART_EXTENSIONS - HiveMQ Platform is waiting for extension restart (hivemq-bridge-extension) (WAIT_FOR_EXTENSION_RESTART)
2025-01-30 18:44:13,354 INFO c.h.h.t.HelmChartContainer - [hivemq-test-hivemq-platform] [hivemq-platform-operator] [e3f41db1] 18:44:13.352 [ReconcilerExecutor-hivemq-controller-125] DEBUG c.h.p.o.HiveMQPlatformReconciler - [helmupgr] Custom Resource Spec (replicas: 1) (extensions: 1)
2025-01-30 18:44:13,355 INFO c.h.h.t.HelmChartContainer - [hivemq-test-hivemq-platform] [hivemq-platform-operator] [e3f41db1] 18:44:13.353 [ReconcilerExecutor-hivemq-controller-125] DEBUG c.h.p.o.HiveMQPlatformReconciler - [helmupgr] StatefulSet Status (revision: test-hivemq-platform-5b6c7575b6, replicas: 1, available: 1, ready: 1, current: 1, updated: 1)
2025-01-30 18:44:13,355 INFO c.h.h.t.HelmChartContainer - [hivemq-test-hivemq-platform] [hivemq-platform-operator] [e3f41db1] 18:44:13.353 [ReconcilerExecutor-hivemq-controller-125] DEBUG c.h.p.o.HiveMQPlatformReconciler - [helmupgr] StatefulSet Spec (replicas: 1, init containers: 1, containers: 1, volumes: 4)
2025-01-30 18:44:13,356 INFO c.h.h.t.HelmChartContainer - [hivemq-test-hivemq-platform] [hivemq-platform-operator] [e3f41db1] 18:44:13.354 [ReconcilerExecutor-hivemq-controller-125] DEBUG c.h.p.o.h.HiveMQPlatformReconcilerErrorHandler - [helmupgr] Pod 'test-hivemq-platform-0' phase Running
2025-01-30 18:44:13,361 INFO c.h.h.t.HelmChartContainer - [hivemq-test-hivemq-platform] [hivemq-platform-operator] [e3f41db1] 18:44:13.360 [ReconcilerExecutor-hivemq-controller-125] DEBUG c.h.p.o.h.HiveMQPlatformReconcilerRestartExtensionsHandler - [helmupgr] Checking update extension status on Pod 'test-hivemq-platform-0'
2025-01-30 18:44:13,488 INFO c.h.h.t.HelmChartContainer - [test-hivemq-platform] [hivemq] [da7b7f97] INFO  - [HiveMQ Platform Operator Init App 1.7.0-SNAPSHOT] Extension update is pending (0 errors)
2025-01-30 18:44:13,537 INFO c.h.h.t.HelmChartContainer - [hivemq-test-hivemq-platform] [hivemq-platform-operator] [e3f41db1] 18:44:13.536 [vert.x-eventloop-thread-0] DEBUG c.h.platform.operator.util.PodUtil - Received status for command '[curl, -s, http://10.42.0.6:7979/updateExtensionStatus]' on Pod 'test-hivemq-platform-0' (exit code: 0)
2025-01-30 18:44:13,842 INFO c.h.h.t.HelmChartContainer - [test-hivemq-platform] [hivemq] [da7b7f97] INFO  - [HiveMQ Platform Operator Init App 1.7.0-SNAPSHOT] Waiting for extension ConfigMap sync (expected hash: 43655068) (current hash: 644225871)
2025-01-30 18:44:14,465 INFO c.h.h.t.HelmChartContainer - [hivemq-test-hivemq-platform] [hivemq-platform-operator] [e3f41db1] 18:44:14.462 [pool-6-thread-8] DEBUG c.h.p.o.d.PodServiceAccountResource - [helmupgr] Desired PodServiceAccountResource (serviceAccountName: hivemq-platform-pod-test-hivemq-platform)
2025-01-30 18:44:14,465 INFO c.h.h.t.HelmChartContainer - [hivemq-test-hivemq-platform] [hivemq-platform-operator] [e3f41db1] 18:44:14.463 [pool-6-thread-10] DEBUG c.h.p.o.dependants.PodInfoConfigMap - [helmupgr] Desired PodInfo ConfigMap (1 extensions) (0 enabled)
2025-01-30 18:44:14,465 INFO c.h.h.t.HelmChartContainer - [hivemq-test-hivemq-platform] [hivemq-platform-operator] [e3f41db1] 18:44:14.463 [pool-6-thread-10] DEBUG c.h.p.o.dependants.PodInfoConfigMap - [helmupgr] Desired PodInfo ConfigMap (metrics port: 9399) (metrics path: /)
2025-01-30 18:44:14,465 INFO c.h.h.t.HelmChartContainer - [hivemq-test-hivemq-platform] [hivemq-platform-operator] [e3f41db1] 18:44:14.463 [pool-6-thread-10] DEBUG c.h.p.o.dependants.PodInfoConfigMap - [helmupgr] Desired PodInfo ConfigMap (extension state hash: 43655068)
2025-01-30 18:44:14,465 INFO c.h.h.t.HelmChartContainer - [hivemq-test-hivemq-platform] [hivemq-platform-operator] [e3f41db1] 18:44:14.463 [pool-6-thread-5] DEBUG c.h.p.o.d.PlatformServiceResource - [helmupgr] Desired Platform services (3 services)
2025-01-30 18:44:14,470 INFO c.h.h.t.HelmChartContainer - [hivemq-test-hivemq-platform] [hivemq-platform-operator] [e3f41db1] 18:44:14.469 [pool-6-thread-5] DEBUG c.h.p.o.d.StatefulSetResource - [helmupgr] Desired StatefulSet (1 replicas) for status RESTART_EXTENSIONS (WAIT_FOR_EXTENSION_RESTART)
2025-01-30 18:44:14,471 INFO c.h.h.t.HelmChartContainer - [hivemq-test-hivemq-platform] [hivemq-platform-operator] [e3f41db1] 18:44:14.470 [pool-6-thread-5] DEBUG c.h.p.o.u.VolumeAndVolumeMountUtil - [helmupgr] Creating volume mount for available ConfigMap 'test-bridge-configuration' of disabled extension 'hivemq-bridge-extension'
2025-01-30 18:44:14,474 INFO c.h.h.t.HelmChartContainer - [hivemq-test-hivemq-platform] [hivemq-platform-operator] [e3f41db1] 18:44:14.473 [ReconcilerExecutor-hivemq-controller-126] INFO  c.h.p.o.HiveMQPlatformReconciler - [helmupgr] Reconciling HiveMQ Platform 'test-hivemq-platform' in namespace 'helmupgradeextensionit'
2025-01-30 18:44:14,477 INFO c.h.h.t.HelmChartContainer - [hivemq-test-hivemq-platform] [hivemq-platform-operator] [e3f41db1] 18:44:14.473 [ReconcilerExecutor-hivemq-controller-126] DEBUG c.h.p.o.HiveMQPlatformReconciler - [helmupgr] Custom Resource Status RESTART_EXTENSIONS - HiveMQ Platform is waiting for extension restart (hivemq-bridge-extension) (WAIT_FOR_EXTENSION_RESTART)
2025-01-30 18:44:14,478 INFO c.h.h.t.HelmChartContainer - [hivemq-test-hivemq-platform] [hivemq-platform-operator] [e3f41db1] 18:44:14.473 [ReconcilerExecutor-hivemq-controller-126] DEBUG c.h.p.o.HiveMQPlatformReconciler - [helmupgr] Custom Resource Spec (replicas: 1) (extensions: 1)
2025-01-30 18:44:14,478 INFO c.h.h.t.HelmChartContainer - [hivemq-test-hivemq-platform] [hivemq-platform-operator] [e3f41db1] 18:44:14.475 [ReconcilerExecutor-hivemq-controller-126] DEBUG c.h.p.o.HiveMQPlatformReconciler - [helmupgr] StatefulSet Status (revision: test-hivemq-platform-5b6c7575b6, replicas: 1, available: 1, ready: 1, current: 1, updated: 1)
2025-01-30 18:44:14,479 INFO c.h.h.t.HelmChartContainer - [hivemq-test-hivemq-platform] [hivemq-platform-operator] [e3f41db1] 18:44:14.475 [ReconcilerExecutor-hivemq-controller-126] DEBUG c.h.p.o.HiveMQPlatformReconciler - [helmupgr] StatefulSet Spec (replicas: 1, init containers: 1, containers: 1, volumes: 4)
2025-01-30 18:44:14,480 INFO c.h.h.t.HelmChartContainer - [hivemq-test-hivemq-platform] [hivemq-platform-operator] [e3f41db1] 18:44:14.477 [ReconcilerExecutor-hivemq-controller-126] DEBUG c.h.p.o.h.HiveMQPlatformReconcilerErrorHandler - [helmupgr] Pod 'test-hivemq-platform-0' phase Running
2025-01-30 18:44:14,480 INFO c.h.h.t.HelmChartContainer - [hivemq-test-hivemq-platform] [hivemq-platform-operator] [e3f41db1] 18:44:14.478 [ReconcilerExecutor-hivemq-controller-126] INFO  c.h.p.o.h.HiveMQPlatformReconcilerRestartExtensionsHandler - [helmupgr] Extension update on Pod 'test-hivemq-platform-0' is still pending
2025-01-30 18:44:14,842 INFO c.h.h.t.HelmChartContainer - [test-hivemq-platform] [hivemq] [da7b7f97] INFO  - [HiveMQ Platform Operator Init App 1.7.0-SNAPSHOT] Waiting for extension ConfigMap sync (expected hash: 43655068) (current hash: 644225871)
2025-01-30 18:44:15,843 INFO c.h.h.t.HelmChartContainer - [test-hivemq-platform] [hivemq] [da7b7f97] INFO  - [HiveMQ Platform Operator Init App 1.7.0-SNAPSHOT] Waiting for extension ConfigMap sync (expected hash: 43655068) (current hash: 644225871)
2025-01-30 18:44:16,843 INFO c.h.h.t.HelmChartContainer - [test-hivemq-platform] [hivemq] [da7b7f97] INFO  - [HiveMQ Platform Operator Init App 1.7.0-SNAPSHOT] Waiting for extension ConfigMap sync (expected hash: 43655068) (current hash: 644225871)
2025-01-30 18:44:17,844 INFO c.h.h.t.HelmChartContainer - [test-hivemq-platform] [hivemq] [da7b7f97] INFO  - [HiveMQ Platform Operator Init App 1.7.0-SNAPSHOT] Waiting for extension ConfigMap sync (expected hash: 43655068) (current hash: 644225871)
2025-01-30 18:44:18,844 INFO c.h.h.t.HelmChartContainer - [test-hivemq-platform] [hivemq] [da7b7f97] INFO  - [HiveMQ Platform Operator Init App 1.7.0-SNAPSHOT] Waiting for extension ConfigMap sync (expected hash: 43655068) (current hash: 644225871)
2025-01-30 18:44:19,845 INFO c.h.h.t.HelmChartContainer - [test-hivemq-platform] [hivemq] [da7b7f97] INFO  - [HiveMQ Platform Operator Init App 1.7.0-SNAPSHOT] Waiting for extension ConfigMap sync (expected hash: 43655068) (current hash: 644225871)
2025-01-30 18:44:20,845 INFO c.h.h.t.HelmChartContainer - [test-hivemq-platform] [hivemq] [da7b7f97] INFO  - [HiveMQ Platform Operator Init App 1.7.0-SNAPSHOT] Waiting for extension ConfigMap sync (expected hash: 43655068) (current hash: 644225871)
2025-01-30 18:44:21,846 INFO c.h.h.t.HelmChartContainer - [test-hivemq-platform] [hivemq] [da7b7f97] INFO  - [HiveMQ Platform Operator Init App 1.7.0-SNAPSHOT] Waiting for extension ConfigMap sync (expected hash: 43655068) (current hash: 644225871)
2025-01-30 18:44:22,846 INFO c.h.h.t.HelmChartContainer - [test-hivemq-platform] [hivemq] [da7b7f97] INFO  - [HiveMQ Platform Operator Init App 1.7.0-SNAPSHOT] Waiting for extension ConfigMap sync (expected hash: 43655068) (current hash: 644225871)
2025-01-30 18:44:23,847 INFO c.h.h.t.HelmChartContainer - [test-hivemq-platform] [hivemq] [da7b7f97] INFO  - [HiveMQ Platform Operator Init App 1.7.0-SNAPSHOT] Waiting for extension ConfigMap sync (expected hash: 43655068) (current hash: 644225871)
2025-01-30 18:44:24,482 INFO c.h.h.t.HelmChartContainer - [hivemq-test-hivemq-platform] [hivemq-platform-operator] [e3f41db1] 18:44:24.481 [pool-6-thread-18] DEBUG c.h.p.o.d.PodServiceAccountResource - [helmupgr] Desired PodServiceAccountResource (serviceAccountName: hivemq-platform-pod-test-hivemq-platform)
2025-01-30 18:44:24,482 INFO c.h.h.t.HelmChartContainer - [hivemq-test-hivemq-platform] [hivemq-platform-operator] [e3f41db1] 18:44:24.480 [pool-6-thread-16] DEBUG c.h.p.o.d.PlatformServiceResource - [helmupgr] Desired Platform services (3 services)
2025-01-30 18:44:24,488 INFO c.h.h.t.HelmChartContainer - [hivemq-test-hivemq-platform] [hivemq-platform-operator] [e3f41db1] 18:44:24.481 [pool-6-thread-12] DEBUG c.h.p.o.dependants.PodInfoConfigMap - [helmupgr] Desired PodInfo ConfigMap (1 extensions) (0 enabled)
2025-01-30 18:44:24,488 INFO c.h.h.t.HelmChartContainer - [hivemq-test-hivemq-platform] [hivemq-platform-operator] [e3f41db1] 18:44:24.482 [pool-6-thread-12] DEBUG c.h.p.o.dependants.PodInfoConfigMap - [helmupgr] Desired PodInfo ConfigMap (metrics port: 9399) (metrics path: /)
2025-01-30 18:44:24,488 INFO c.h.h.t.HelmChartContainer - [hivemq-test-hivemq-platform] [hivemq-platform-operator] [e3f41db1] 18:44:24.483 [pool-6-thread-12] DEBUG c.h.p.o.dependants.PodInfoConfigMap - [helmupgr] Desired PodInfo ConfigMap (extension state hash: 43655068)
2025-01-30 18:44:24,488 INFO c.h.h.t.HelmChartContainer - [hivemq-test-hivemq-platform] [hivemq-platform-operator] [e3f41db1] 18:44:24.487 [pool-6-thread-16] DEBUG c.h.p.o.d.StatefulSetResource - [helmupgr] Desired StatefulSet (1 replicas) for status RESTART_EXTENSIONS (WAIT_FOR_EXTENSION_RESTART)
2025-01-30 18:44:24,490 INFO c.h.h.t.HelmChartContainer - [hivemq-test-hivemq-platform] [hivemq-platform-operator] [e3f41db1] 18:44:24.489 [pool-6-thread-16] DEBUG c.h.p.o.u.VolumeAndVolumeMountUtil - [helmupgr] Creating volume mount for available ConfigMap 'test-bridge-configuration' of disabled extension 'hivemq-bridge-extension'
2025-01-30 18:44:24,492 INFO c.h.h.t.HelmChartContainer - [hivemq-test-hivemq-platform] [hivemq-platform-operator] [e3f41db1] 18:44:24.491 [ReconcilerExecutor-hivemq-controller-127] INFO  c.h.p.o.HiveMQPlatformReconciler - [helmupgr] Reconciling HiveMQ Platform 'test-hivemq-platform' in namespace 'helmupgradeextensionit'
2025-01-30 18:44:24,492 INFO c.h.h.t.HelmChartContainer - [hivemq-test-hivemq-platform] [hivemq-platform-operator] [e3f41db1] 18:44:24.491 [ReconcilerExecutor-hivemq-controller-127] DEBUG c.h.p.o.HiveMQPlatformReconciler - [helmupgr] Custom Resource Status RESTART_EXTENSIONS - HiveMQ Platform is waiting for extension restart (hivemq-bridge-extension) (WAIT_FOR_EXTENSION_RESTART)
2025-01-30 18:44:24,494 INFO c.h.h.t.HelmChartContainer - [hivemq-test-hivemq-platform] [hivemq-platform-operator] [e3f41db1] 18:44:24.491 [ReconcilerExecutor-hivemq-controller-127] DEBUG c.h.p.o.HiveMQPlatformReconciler - [helmupgr] Custom Resource Spec (replicas: 1) (extensions: 1)
2025-01-30 18:44:24,494 INFO c.h.h.t.HelmChartContainer - [hivemq-test-hivemq-platform] [hivemq-platform-operator] [e3f41db1] 18:44:24.493 [ReconcilerExecutor-hivemq-controller-127] DEBUG c.h.p.o.HiveMQPlatformReconciler - [helmupgr] StatefulSet Status (revision: test-hivemq-platform-5b6c7575b6, replicas: 1, available: 1, ready: 1, current: 1, updated: 1)
2025-01-30 18:44:24,494 INFO c.h.h.t.HelmChartContainer - [hivemq-test-hivemq-platform] [hivemq-platform-operator] [e3f41db1] 18:44:24.493 [ReconcilerExecutor-hivemq-controller-127] DEBUG c.h.p.o.HiveMQPlatformReconciler - [helmupgr] StatefulSet Spec (replicas: 1, init containers: 1, containers: 1, volumes: 4)
2025-01-30 18:44:24,494 INFO c.h.h.t.HelmChartContainer - [hivemq-test-hivemq-platform] [hivemq-platform-operator] [e3f41db1] 18:44:24.494 [ReconcilerExecutor-hivemq-controller-127] DEBUG c.h.p.o.h.HiveMQPlatformReconcilerErrorHandler - [helmupgr] Pod 'test-hivemq-platform-0' phase Running
2025-01-30 18:44:24,572 INFO c.h.h.t.HelmChartContainer - [hivemq-test-hivemq-platform] [hivemq-platform-operator] [e3f41db1] 18:44:24.570 [ReconcilerExecutor-hivemq-controller-127] DEBUG c.h.p.o.h.HiveMQPlatformReconcilerRestartExtensionsHandler - [helmupgr] Checking update extension status on Pod 'test-hivemq-platform-0'
2025-01-30 18:44:24,621 INFO c.h.h.t.HelmChartContainer - [test-hivemq-platform] [hivemq] [da7b7f97] INFO  - [HiveMQ Platform Operator Init App 1.7.0-SNAPSHOT] Extension update is pending (0 errors)
2025-01-30 18:44:24,624 INFO c.h.h.t.HelmChartContainer - [hivemq-test-hivemq-platform] [hivemq-platform-operator] [e3f41db1] 18:44:24.623 [vert.x-eventloop-thread-1] DEBUG c.h.platform.operator.util.PodUtil - Received status for command '[curl, -s, http://10.42.0.6:7979/updateExtensionStatus]' on Pod 'test-hivemq-platform-0' (exit code: 0)
2025-01-30 18:44:24,847 INFO c.h.h.t.HelmChartContainer - [test-hivemq-platform] [hivemq] [da7b7f97] INFO  - [HiveMQ Platform Operator Init App 1.7.0-SNAPSHOT] Waiting for extension ConfigMap sync (expected hash: 43655068) (current hash: 644225871)
2025-01-30 18:44:25,597 INFO c.h.h.t.HelmChartContainer - [hivemq-test-hivemq-platform] [hivemq-platform-operator] [e3f41db1] 18:44:25.596 [pool-6-thread-22] DEBUG c.h.p.o.d.PlatformServiceResource - [helmupgr] Desired Platform services (3 services)
2025-01-30 18:44:25,597 INFO c.h.h.t.HelmChartContainer - [hivemq-test-hivemq-platform] [hivemq-platform-operator] [e3f41db1] 18:44:25.596 [pool-6-thread-30] DEBUG c.h.p.o.d.PodServiceAccountResource - [helmupgr] Desired PodServiceAccountResource (serviceAccountName: hivemq-platform-pod-test-hivemq-platform)
2025-01-30 18:44:25,599 INFO c.h.h.t.HelmChartContainer - [hivemq-test-hivemq-platform] [hivemq-platform-operator] [e3f41db1] 18:44:25.598 [pool-6-thread-29] DEBUG c.h.p.o.dependants.PodInfoConfigMap - [helmupgr] Desired PodInfo ConfigMap (1 extensions) (0 enabled)
2025-01-30 18:44:25,601 INFO c.h.h.t.HelmChartContainer - [hivemq-test-hivemq-platform] [hivemq-platform-operator] [e3f41db1] 18:44:25.598 [pool-6-thread-29] DEBUG c.h.p.o.dependants.PodInfoConfigMap - [helmupgr] Desired PodInfo ConfigMap (metrics port: 9399) (metrics path: /)
2025-01-30 18:44:25,601 INFO c.h.h.t.HelmChartContainer - [hivemq-test-hivemq-platform] [hivemq-platform-operator] [e3f41db1] 18:44:25.598 [pool-6-thread-29] DEBUG c.h.p.o.dependants.PodInfoConfigMap - [helmupgr] Desired PodInfo ConfigMap (extension state hash: 43655068)
2025-01-30 18:44:25,604 INFO c.h.h.t.HelmChartContainer - [hivemq-test-hivemq-platform] [hivemq-platform-operator] [e3f41db1] 18:44:25.603 [pool-6-thread-22] DEBUG c.h.p.o.d.StatefulSetResource - [helmupgr] Desired StatefulSet (1 replicas) for status RESTART_EXTENSIONS (WAIT_FOR_EXTENSION_RESTART)
2025-01-30 18:44:25,605 INFO c.h.h.t.HelmChartContainer - [hivemq-test-hivemq-platform] [hivemq-platform-operator] [e3f41db1] 18:44:25.604 [pool-6-thread-22] DEBUG c.h.p.o.u.VolumeAndVolumeMountUtil - [helmupgr] Creating volume mount for available ConfigMap 'test-bridge-configuration' of disabled extension 'hivemq-bridge-extension'
2025-01-30 18:44:25,608 INFO c.h.h.t.HelmChartContainer - [hivemq-test-hivemq-platform] [hivemq-platform-operator] [e3f41db1] 18:44:25.606 [ReconcilerExecutor-hivemq-controller-128] INFO  c.h.p.o.HiveMQPlatformReconciler - [helmupgr] Reconciling HiveMQ Platform 'test-hivemq-platform' in namespace 'helmupgradeextensionit'
2025-01-30 18:44:25,608 INFO c.h.h.t.HelmChartContainer - [hivemq-test-hivemq-platform] [hivemq-platform-operator] [e3f41db1] 18:44:25.607 [ReconcilerExecutor-hivemq-controller-128] DEBUG c.h.p.o.HiveMQPlatformReconciler - [helmupgr] Custom Resource Status RESTART_EXTENSIONS - HiveMQ Platform is waiting for extension restart (hivemq-bridge-extension) (WAIT_FOR_EXTENSION_RESTART)
2025-01-30 18:44:25,608 INFO c.h.h.t.HelmChartContainer - [hivemq-test-hivemq-platform] [hivemq-platform-operator] [e3f41db1] 18:44:25.607 [ReconcilerExecutor-hivemq-controller-128] DEBUG c.h.p.o.HiveMQPlatformReconciler - [helmupgr] Custom Resource Spec (replicas: 1) (extensions: 1)
2025-01-30 18:44:25,609 INFO c.h.h.t.HelmChartContainer - [hivemq-test-hivemq-platform] [hivemq-platform-operator] [e3f41db1] 18:44:25.608 [ReconcilerExecutor-hivemq-controller-128] DEBUG c.h.p.o.HiveMQPlatformReconciler - [helmupgr] StatefulSet Status (revision: test-hivemq-platform-5b6c7575b6, replicas: 1, available: 1, ready: 1, current: 1, updated: 1)
2025-01-30 18:44:25,610 INFO c.h.h.t.HelmChartContainer - [hivemq-test-hivemq-platform] [hivemq-platform-operator] [e3f41db1] 18:44:25.608 [ReconcilerExecutor-hivemq-controller-128] DEBUG c.h.p.o.HiveMQPlatformReconciler - [helmupgr] StatefulSet Spec (replicas: 1, init containers: 1, containers: 1, volumes: 4)
2025-01-30 18:44:25,611 INFO c.h.h.t.HelmChartContainer - [hivemq-test-hivemq-platform] [hivemq-platform-operator] [e3f41db1] 18:44:25.610 [ReconcilerExecutor-hivemq-controller-128] DEBUG c.h.p.o.h.HiveMQPlatformReconcilerErrorHandler - [helmupgr] Pod 'test-hivemq-platform-0' phase Running
2025-01-30 18:44:25,611 INFO c.h.h.t.HelmChartContainer - [hivemq-test-hivemq-platform] [hivemq-platform-operator] [e3f41db1] 18:44:25.611 [ReconcilerExecutor-hivemq-controller-128] INFO  c.h.p.o.h.HiveMQPlatformReconcilerRestartExtensionsHandler - [helmupgr] Extension update on Pod 'test-hivemq-platform-0' is still pending
2025-01-30 18:44:25,848 INFO c.h.h.t.HelmChartContainer - [test-hivemq-platform] [hivemq] [da7b7f97] INFO  - [HiveMQ Platform Operator Init App 1.7.0-SNAPSHOT] Waiting for extension ConfigMap sync (expected hash: 43655068) (current hash: 644225871)
2025-01-30 18:44:26,848 INFO c.h.h.t.HelmChartContainer - [test-hivemq-platform] [hivemq] [da7b7f97] INFO  - [HiveMQ Platform Operator Init App 1.7.0-SNAPSHOT] Waiting for extension ConfigMap sync (expected hash: 43655068) (current hash: 644225871)
2025-01-30 18:44:27,809 INFO c.h.h.t.HelmChartContainer - [test-hivemq-platform] [hivemq] [da7b7f97] WARN  - Bridge Extension: Connect to bridge 'testbridge' failed for the 5 time, reason: connection timed out after 10000 ms: /172.17.0.3:1883
2025-01-30 18:44:27,849 INFO c.h.h.t.HelmChartContainer - [test-hivemq-platform] [hivemq] [da7b7f97] INFO  - [HiveMQ Platform Operator Init App 1.7.0-SNAPSHOT] Waiting for extension ConfigMap sync (expected hash: 43655068) (current hash: 644225871)
2025-01-30 18:44:28,849 INFO c.h.h.t.HelmChartContainer - [test-hivemq-platform] [hivemq] [da7b7f97] INFO  - [HiveMQ Platform Operator Init App 1.7.0-SNAPSHOT] Waiting for extension ConfigMap sync (expected hash: 43655068) (current hash: 644225871)
2025-01-30 18:44:29,850 INFO c.h.h.t.HelmChartContainer - [test-hivemq-platform] [hivemq] [da7b7f97] INFO  - [HiveMQ Platform Operator Init App 1.7.0-SNAPSHOT] Waiting for extension ConfigMap sync (expected hash: 43655068) (current hash: 644225871)
2025-01-30 18:44:30,850 INFO c.h.h.t.HelmChartContainer - [test-hivemq-platform] [hivemq] [da7b7f97] INFO  - [HiveMQ Platform Operator Init App 1.7.0-SNAPSHOT] Waiting for extension ConfigMap sync (expected hash: 43655068) (current hash: 644225871)
2025-01-30 18:44:30,913 INFO c.h.h.t.HelmChartContainer - [test-hivemq-platform] [hivemq] [da7b7f97] WARN  - Bridge Extension: Connect to bridge 'testbridge' failed for the 5 time, reason: connection timed out after 10000 ms: /172.17.0.3:1883
2025-01-30 18:44:31,853 INFO c.h.h.t.HelmChartContainer - [test-hivemq-platform] [hivemq] [da7b7f97] INFO  - [HiveMQ Platform Operator Init App 1.7.0-SNAPSHOT] Waiting for extension ConfigMap sync (expected hash: 43655068) (current hash: 644225871)
2025-01-30 18:44:32,853 INFO c.h.h.t.HelmChartContainer - [test-hivemq-platform] [hivemq] [da7b7f97] INFO  - [HiveMQ Platform Operator Init App 1.7.0-SNAPSHOT] Waiting for extension ConfigMap sync (expected hash: 43655068) (current hash: 644225871)
2025-01-30 18:44:33,853 INFO c.h.h.t.HelmChartContainer - [test-hivemq-platform] [hivemq] [da7b7f97] INFO  - [HiveMQ Platform Operator Init App 1.7.0-SNAPSHOT] Waiting for extension ConfigMap sync (expected hash: 43655068) (current hash: 644225871)
2025-01-30 18:44:34,854 INFO c.h.h.t.HelmChartContainer - [test-hivemq-platform] [hivemq] [da7b7f97] INFO  - [HiveMQ Platform Operator Init App 1.7.0-SNAPSHOT] Waiting for extension ConfigMap sync (expected hash: 43655068) (current hash: 644225871)
2025-01-30 18:44:35,616 INFO c.h.h.t.HelmChartContainer - [hivemq-test-hivemq-platform] [hivemq-platform-operator] [e3f41db1] 18:44:35.613 [pool-6-thread-33] DEBUG c.h.p.o.d.PlatformServiceResource - [helmupgr] Desired Platform services (3 services)
2025-01-30 18:44:35,617 INFO c.h.h.t.HelmChartContainer - [hivemq-test-hivemq-platform] [hivemq-platform-operator] [e3f41db1] 18:44:35.614 [pool-6-thread-38] DEBUG c.h.p.o.d.PodServiceAccountResource - [helmupgr] Desired PodServiceAccountResource (serviceAccountName: hivemq-platform-pod-test-hivemq-platform)
2025-01-30 18:44:35,617 INFO c.h.h.t.HelmChartContainer - [hivemq-test-hivemq-platform] [hivemq-platform-operator] [e3f41db1] 18:44:35.615 [pool-6-thread-32] DEBUG c.h.p.o.dependants.PodInfoConfigMap - [helmupgr] Desired PodInfo ConfigMap (1 extensions) (0 enabled)
2025-01-30 18:44:35,617 INFO c.h.h.t.HelmChartContainer - [hivemq-test-hivemq-platform] [hivemq-platform-operator] [e3f41db1] 18:44:35.615 [pool-6-thread-32] DEBUG c.h.p.o.dependants.PodInfoConfigMap - [helmupgr] Desired PodInfo ConfigMap (metrics port: 9399) (metrics path: /)
2025-01-30 18:44:35,617 INFO c.h.h.t.HelmChartContainer - [hivemq-test-hivemq-platform] [hivemq-platform-operator] [e3f41db1] 18:44:35.615 [pool-6-thread-32] DEBUG c.h.p.o.dependants.PodInfoConfigMap - [helmupgr] Desired PodInfo ConfigMap (extension state hash: 43655068)
2025-01-30 18:44:35,618 INFO c.h.h.t.HelmChartContainer - [hivemq-test-hivemq-platform] [hivemq-platform-operator] [e3f41db1] 18:44:35.617 [pool-6-thread-33] DEBUG c.h.p.o.d.StatefulSetResource - [helmupgr] Desired StatefulSet (1 replicas) for status RESTART_EXTENSIONS (WAIT_FOR_EXTENSION_RESTART)
2025-01-30 18:44:35,620 INFO c.h.h.t.HelmChartContainer - [hivemq-test-hivemq-platform] [hivemq-platform-operator] [e3f41db1] 18:44:35.619 [pool-6-thread-33] DEBUG c.h.p.o.u.VolumeAndVolumeMountUtil - [helmupgr] Creating volume mount for available ConfigMap 'test-bridge-configuration' of disabled extension 'hivemq-bridge-extension'
2025-01-30 18:44:35,621 INFO c.h.h.t.HelmChartContainer - [hivemq-test-hivemq-platform] [hivemq-platform-operator] [e3f41db1] 18:44:35.621 [ReconcilerExecutor-hivemq-controller-129] INFO  c.h.p.o.HiveMQPlatformReconciler - [helmupgr] Reconciling HiveMQ Platform 'test-hivemq-platform' in namespace 'helmupgradeextensionit'
2025-01-30 18:44:35,621 INFO c.h.h.t.HelmChartContainer - [hivemq-test-hivemq-platform] [hivemq-platform-operator] [e3f41db1] 18:44:35.621 [ReconcilerExecutor-hivemq-controller-129] DEBUG c.h.p.o.HiveMQPlatformReconciler - [helmupgr] Custom Resource Status RESTART_EXTENSIONS - HiveMQ Platform is waiting for extension restart (hivemq-bridge-extension) (WAIT_FOR_EXTENSION_RESTART)
2025-01-30 18:44:35,622 INFO c.h.h.t.HelmChartContainer - [hivemq-test-hivemq-platform] [hivemq-platform-operator] [e3f41db1] 18:44:35.621 [ReconcilerExecutor-hivemq-controller-129] DEBUG c.h.p.o.HiveMQPlatformReconciler - [helmupgr] Custom Resource Spec (replicas: 1) (extensions: 1)
2025-01-30 18:44:35,623 INFO c.h.h.t.HelmChartContainer - [hivemq-test-hivemq-platform] [hivemq-platform-operator] [e3f41db1] 18:44:35.622 [ReconcilerExecutor-hivemq-controller-129] DEBUG c.h.p.o.HiveMQPlatformReconciler - [helmupgr] StatefulSet Status (revision: test-hivemq-platform-5b6c7575b6, replicas: 1, available: 1, ready: 1, current: 1, updated: 1)
2025-01-30 18:44:35,623 INFO c.h.h.t.HelmChartContainer - [hivemq-test-hivemq-platform] [hivemq-platform-operator] [e3f41db1] 18:44:35.622 [ReconcilerExecutor-hivemq-controller-129] DEBUG c.h.p.o.HiveMQPlatformReconciler - [helmupgr] StatefulSet Spec (replicas: 1, init containers: 1, containers: 1, volumes: 4)
2025-01-30 18:44:35,624 INFO c.h.h.t.HelmChartContainer - [hivemq-test-hivemq-platform] [hivemq-platform-operator] [e3f41db1] 18:44:35.623 [ReconcilerExecutor-hivemq-controller-129] DEBUG c.h.p.o.h.HiveMQPlatformReconcilerErrorHandler - [helmupgr] Pod 'test-hivemq-platform-0' phase Running
2025-01-30 18:44:35,630 INFO c.h.h.t.HelmChartContainer - [hivemq-test-hivemq-platform] [hivemq-platform-operator] [e3f41db1] 18:44:35.630 [ReconcilerExecutor-hivemq-controller-129] DEBUG c.h.p.o.h.HiveMQPlatformReconcilerRestartExtensionsHandler - [helmupgr] Checking update extension status on Pod 'test-hivemq-platform-0'
2025-01-30 18:44:35,716 INFO c.h.h.t.HelmChartContainer - [test-hivemq-platform] [hivemq] [da7b7f97] INFO  - [HiveMQ Platform Operator Init App 1.7.0-SNAPSHOT] Extension update is pending (0 errors)
2025-01-30 18:44:35,772 INFO c.h.h.t.HelmChartContainer - [hivemq-test-hivemq-platform] [hivemq-platform-operator] [e3f41db1] 18:44:35.770 [vert.x-eventloop-thread-0] DEBUG c.h.platform.operator.util.PodUtil - Received status for command '[curl, -s, http://10.42.0.6:7979/updateExtensionStatus]' on Pod 'test-hivemq-platform-0' (exit code: 0)
2025-01-30 18:44:35,854 INFO c.h.h.t.HelmChartContainer - [test-hivemq-platform] [hivemq] [da7b7f97] INFO  - [HiveMQ Platform Operator Init App 1.7.0-SNAPSHOT] Waiting for extension ConfigMap sync (expected hash: 43655068) (current hash: 644225871)
2025-01-30 18:44:36,695 INFO c.h.h.t.HelmChartContainer - [hivemq-test-hivemq-platform] [hivemq-platform-operator] [e3f41db1] 18:44:36.692 [pool-6-thread-42] DEBUG c.h.p.o.d.PlatformServiceResource - [helmupgr] Desired Platform services (3 services)
2025-01-30 18:44:36,695 INFO c.h.h.t.HelmChartContainer - [hivemq-test-hivemq-platform] [hivemq-platform-operator] [e3f41db1] 18:44:36.693 [pool-6-thread-45] DEBUG c.h.p.o.d.PodServiceAccountResource - [helmupgr] Desired PodServiceAccountResource (serviceAccountName: hivemq-platform-pod-test-hivemq-platform)
2025-01-30 18:44:36,696 INFO c.h.h.t.HelmChartContainer - [hivemq-test-hivemq-platform] [hivemq-platform-operator] [e3f41db1] 18:44:36.694 [pool-6-thread-50] DEBUG c.h.p.o.dependants.PodInfoConfigMap - [helmupgr] Desired PodInfo ConfigMap (1 extensions) (0 enabled)
2025-01-30 18:44:36,696 INFO c.h.h.t.HelmChartContainer - [hivemq-test-hivemq-platform] [hivemq-platform-operator] [e3f41db1] 18:44:36.694 [pool-6-thread-50] DEBUG c.h.p.o.dependants.PodInfoConfigMap - [helmupgr] Desired PodInfo ConfigMap (metrics port: 9399) (metrics path: /)
2025-01-30 18:44:36,696 INFO c.h.h.t.HelmChartContainer - [hivemq-test-hivemq-platform] [hivemq-platform-operator] [e3f41db1] 18:44:36.694 [pool-6-thread-50] DEBUG c.h.p.o.dependants.PodInfoConfigMap - [helmupgr] Desired PodInfo ConfigMap (extension state hash: 43655068)
2025-01-30 18:44:36,698 INFO c.h.h.t.HelmChartContainer - [hivemq-test-hivemq-platform] [hivemq-platform-operator] [e3f41db1] 18:44:36.697 [pool-6-thread-42] DEBUG c.h.p.o.d.StatefulSetResource - [helmupgr] Desired StatefulSet (1 replicas) for status RESTART_EXTENSIONS (WAIT_FOR_EXTENSION_RESTART)
2025-01-30 18:44:36,700 INFO c.h.h.t.HelmChartContainer - [hivemq-test-hivemq-platform] [hivemq-platform-operator] [e3f41db1] 18:44:36.698 [pool-6-thread-42] DEBUG c.h.p.o.u.VolumeAndVolumeMountUtil - [helmupgr] Creating volume mount for available ConfigMap 'test-bridge-configuration' of disabled extension 'hivemq-bridge-extension'
2025-01-30 18:44:36,702 INFO c.h.h.t.HelmChartContainer - [hivemq-test-hivemq-platform] [hivemq-platform-operator] [e3f41db1] 18:44:36.701 [ReconcilerExecutor-hivemq-controller-130] INFO  c.h.p.o.HiveMQPlatformReconciler - [helmupgr] Reconciling HiveMQ Platform 'test-hivemq-platform' in namespace 'helmupgradeextensionit'
2025-01-30 18:44:36,702 INFO c.h.h.t.HelmChartContainer - [hivemq-test-hivemq-platform] [hivemq-platform-operator] [e3f41db1] 18:44:36.701 [ReconcilerExecutor-hivemq-controller-130] DEBUG c.h.p.o.HiveMQPlatformReconciler - [helmupgr] Custom Resource Status RESTART_EXTENSIONS - HiveMQ Platform is waiting for extension restart (hivemq-bridge-extension) (WAIT_FOR_EXTENSION_RESTART)
2025-01-30 18:44:36,702 INFO c.h.h.t.HelmChartContainer - [hivemq-test-hivemq-platform] [hivemq-platform-operator] [e3f41db1] 18:44:36.701 [ReconcilerExecutor-hivemq-controller-130] DEBUG c.h.p.o.HiveMQPlatformReconciler - [helmupgr] Custom Resource Spec (replicas: 1) (extensions: 1)
2025-01-30 18:44:36,704 INFO c.h.h.t.HelmChartContainer - [hivemq-test-hivemq-platform] [hivemq-platform-operator] [e3f41db1] 18:44:36.702 [ReconcilerExecutor-hivemq-controller-130] DEBUG c.h.p.o.HiveMQPlatformReconciler - [helmupgr] StatefulSet Status (revision: test-hivemq-platform-5b6c7575b6, replicas: 1, available: 1, ready: 1, current: 1, updated: 1)
2025-01-30 18:44:36,704 INFO c.h.h.t.HelmChartContainer - [hivemq-test-hivemq-platform] [hivemq-platform-operator] [e3f41db1] 18:44:36.702 [ReconcilerExecutor-hivemq-controller-130] DEBUG c.h.p.o.HiveMQPlatformReconciler - [helmupgr] StatefulSet Spec (replicas: 1, init containers: 1, containers: 1, volumes: 4)
2025-01-30 18:44:36,705 INFO c.h.h.t.HelmChartContainer - [hivemq-test-hivemq-platform] [hivemq-platform-operator] [e3f41db1] 18:44:36.703 [ReconcilerExecutor-hivemq-controller-130] DEBUG c.h.p.o.h.HiveMQPlatformReconcilerErrorHandler - [helmupgr] Pod 'test-hivemq-platform-0' phase Running
2025-01-30 18:44:36,706 INFO c.h.h.t.HelmChartContainer - [hivemq-test-hivemq-platform] [hivemq-platform-operator] [e3f41db1] 18:44:36.704 [ReconcilerExecutor-hivemq-controller-130] INFO  c.h.p.o.h.HiveMQPlatformReconcilerRestartExtensionsHandler - [helmupgr] Extension update on Pod 'test-hivemq-platform-0' is still pending
2025-01-30 18:44:36,855 INFO c.h.h.t.HelmChartContainer - [test-hivemq-platform] [hivemq] [da7b7f97] INFO  - [HiveMQ Platform Operator Init App 1.7.0-SNAPSHOT] Waiting for extension ConfigMap sync (expected hash: 43655068) (current hash: 644225871)
2025-01-30 18:44:37,855 INFO c.h.h.t.HelmChartContainer - [test-hivemq-platform] [hivemq] [da7b7f97] INFO  - [HiveMQ Platform Operator Init App 1.7.0-SNAPSHOT] Waiting for extension ConfigMap sync (expected hash: 43655068) (current hash: 644225871)
2025-01-30 18:44:38,856 INFO c.h.h.t.HelmChartContainer - [test-hivemq-platform] [hivemq] [da7b7f97] INFO  - [HiveMQ Platform Operator Init App 1.7.0-SNAPSHOT] Waiting for extension ConfigMap sync (expected hash: 43655068) (current hash: 644225871)
2025-01-30 18:44:39,856 INFO c.h.h.t.HelmChartContainer - [test-hivemq-platform] [hivemq] [da7b7f97] INFO  - [HiveMQ Platform Operator Init App 1.7.0-SNAPSHOT] Waiting for extension ConfigMap sync (expected hash: 43655068) (current hash: 644225871)
2025-01-30 18:44:40,857 INFO c.h.h.t.HelmChartContainer - [test-hivemq-platform] [hivemq] [da7b7f97] INFO  - [HiveMQ Platform Operator Init App 1.7.0-SNAPSHOT] Waiting for extension ConfigMap sync (expected hash: 43655068) (current hash: 644225871)
2025-01-30 18:44:41,857 INFO c.h.h.t.HelmChartContainer - [test-hivemq-platform] [hivemq] [da7b7f97] INFO  - [HiveMQ Platform Operator Init App 1.7.0-SNAPSHOT] Waiting for extension ConfigMap sync (expected hash: 43655068) (current hash: 644225871)
2025-01-30 18:44:42,858 INFO c.h.h.t.HelmChartContainer - [test-hivemq-platform] [hivemq] [da7b7f97] INFO  - [HiveMQ Platform Operator Init App 1.7.0-SNAPSHOT] Waiting for extension ConfigMap sync (expected hash: 43655068) (current hash: 644225871)
2025-01-30 18:44:43,858 INFO c.h.h.t.HelmChartContainer - [test-hivemq-platform] [hivemq] [da7b7f97] INFO  - [HiveMQ Platform Operator Init App 1.7.0-SNAPSHOT] Waiting for extension ConfigMap sync (expected hash: 43655068) (current hash: 644225871)
2025-01-30 18:44:44,859 INFO c.h.h.t.HelmChartContainer - [test-hivemq-platform] [hivemq] [da7b7f97] INFO  - [HiveMQ Platform Operator Init App 1.7.0-SNAPSHOT] Waiting for extension ConfigMap sync (expected hash: 43655068) (current hash: 644225871)
2025-01-30 18:44:45,859 INFO c.h.h.t.HelmChartContainer - [test-hivemq-platform] [hivemq] [da7b7f97] INFO  - [HiveMQ Platform Operator Init App 1.7.0-SNAPSHOT] Waiting for extension ConfigMap sync (expected hash: 43655068) (current hash: 644225871)
2025-01-30 18:44:46,709 INFO c.h.h.t.HelmChartContainer - [hivemq-test-hivemq-platform] [hivemq-platform-operator] [e3f41db1] 18:44:46.707 [pool-6-thread-4] DEBUG c.h.p.o.d.PlatformServiceResource - [helmupgr] Desired Platform services (3 services)
2025-01-30 18:44:46,709 INFO c.h.h.t.HelmChartContainer - [hivemq-test-hivemq-platform] [hivemq-platform-operator] [e3f41db1] 18:44:46.707 [pool-6-thread-7] DEBUG c.h.p.o.dependants.PodInfoConfigMap - [helmupgr] Desired PodInfo ConfigMap (1 extensions) (0 enabled)
2025-01-30 18:44:46,709 INFO c.h.h.t.HelmChartContainer - [hivemq-test-hivemq-platform] [hivemq-platform-operator] [e3f41db1] 18:44:46.707 [pool-6-thread-7] DEBUG c.h.p.o.dependants.PodInfoConfigMap - [helmupgr] Desired PodInfo ConfigMap (metrics port: 9399) (metrics path: /)
2025-01-30 18:44:46,709 INFO c.h.h.t.HelmChartContainer - [hivemq-test-hivemq-platform] [hivemq-platform-operator] [e3f41db1] 18:44:46.707 [pool-6-thread-7] DEBUG c.h.p.o.dependants.PodInfoConfigMap - [helmupgr] Desired PodInfo ConfigMap (extension state hash: 43655068)
2025-01-30 18:44:46,709 INFO c.h.h.t.HelmChartContainer - [hivemq-test-hivemq-platform] [hivemq-platform-operator] [e3f41db1] 18:44:46.708 [pool-6-thread-8] DEBUG c.h.p.o.d.PodServiceAccountResource - [helmupgr] Desired PodServiceAccountResource (serviceAccountName: hivemq-platform-pod-test-hivemq-platform)
2025-01-30 18:44:46,713 INFO c.h.h.t.HelmChartContainer - [hivemq-test-hivemq-platform] [hivemq-platform-operator] [e3f41db1] 18:44:46.712 [pool-6-thread-5] DEBUG c.h.p.o.d.StatefulSetResource - [helmupgr] Desired StatefulSet (1 replicas) for status RESTART_EXTENSIONS (WAIT_FOR_EXTENSION_RESTART)
2025-01-30 18:44:46,714 INFO c.h.h.t.HelmChartContainer - [hivemq-test-hivemq-platform] [hivemq-platform-operator] [e3f41db1] 18:44:46.713 [pool-6-thread-5] DEBUG c.h.p.o.u.VolumeAndVolumeMountUtil - [helmupgr] Creating volume mount for available ConfigMap 'test-bridge-configuration' of disabled extension 'hivemq-bridge-extension'
2025-01-30 18:44:46,716 INFO c.h.h.t.HelmChartContainer - [hivemq-test-hivemq-platform] [hivemq-platform-operator] [e3f41db1] 18:44:46.715 [ReconcilerExecutor-hivemq-controller-131] INFO  c.h.p.o.HiveMQPlatformReconciler - [helmupgr] Reconciling HiveMQ Platform 'test-hivemq-platform' in namespace 'helmupgradeextensionit'
2025-01-30 18:44:46,717 INFO c.h.h.t.HelmChartContainer - [hivemq-test-hivemq-platform] [hivemq-platform-operator] [e3f41db1] 18:44:46.715 [ReconcilerExecutor-hivemq-controller-131] DEBUG c.h.p.o.HiveMQPlatformReconciler - [helmupgr] Custom Resource Status RESTART_EXTENSIONS - HiveMQ Platform is waiting for extension restart (hivemq-bridge-extension) (WAIT_FOR_EXTENSION_RESTART)
2025-01-30 18:44:46,717 INFO c.h.h.t.HelmChartContainer - [hivemq-test-hivemq-platform] [hivemq-platform-operator] [e3f41db1] 18:44:46.716 [ReconcilerExecutor-hivemq-controller-131] DEBUG c.h.p.o.HiveMQPlatformReconciler - [helmupgr] Custom Resource Spec (replicas: 1) (extensions: 1)
2025-01-30 18:44:46,718 INFO c.h.h.t.HelmChartContainer - [hivemq-test-hivemq-platform] [hivemq-platform-operator] [e3f41db1] 18:44:46.717 [ReconcilerExecutor-hivemq-controller-131] DEBUG c.h.p.o.HiveMQPlatformReconciler - [helmupgr] StatefulSet Status (revision: test-hivemq-platform-5b6c7575b6, replicas: 1, available: 1, ready: 1, current: 1, updated: 1)
2025-01-30 18:44:46,718 INFO c.h.h.t.HelmChartContainer - [hivemq-test-hivemq-platform] [hivemq-platform-operator] [e3f41db1] 18:44:46.717 [ReconcilerExecutor-hivemq-controller-131] DEBUG c.h.p.o.HiveMQPlatformReconciler - [helmupgr] StatefulSet Spec (replicas: 1, init containers: 1, containers: 1, volumes: 4)
2025-01-30 18:44:46,720 INFO c.h.h.t.HelmChartContainer - [hivemq-test-hivemq-platform] [hivemq-platform-operator] [e3f41db1] 18:44:46.719 [ReconcilerExecutor-hivemq-controller-131] DEBUG c.h.p.o.h.HiveMQPlatformReconcilerErrorHandler - [helmupgr] Pod 'test-hivemq-platform-0' phase Running
2025-01-30 18:44:46,726 INFO c.h.h.t.HelmChartContainer - [hivemq-test-hivemq-platform] [hivemq-platform-operator] [e3f41db1] 18:44:46.725 [ReconcilerExecutor-hivemq-controller-131] DEBUG c.h.p.o.h.HiveMQPlatformReconcilerRestartExtensionsHandler - [helmupgr] Checking update extension status on Pod 'test-hivemq-platform-0'
2025-01-30 18:44:46,817 INFO c.h.h.t.HelmChartContainer - [test-hivemq-platform] [hivemq] [da7b7f97] INFO  - [HiveMQ Platform Operator Init App 1.7.0-SNAPSHOT] Extension update is pending (0 errors)
2025-01-30 18:44:46,821 INFO c.h.h.t.HelmChartContainer - [hivemq-test-hivemq-platform] [hivemq-platform-operator] [e3f41db1] 18:44:46.820 [vert.x-eventloop-thread-1] DEBUG c.h.platform.operator.util.PodUtil - Received status for command '[curl, -s, http://10.42.0.6:7979/updateExtensionStatus]' on Pod 'test-hivemq-platform-0' (exit code: 0)
2025-01-30 18:44:46,859 INFO c.h.h.t.HelmChartContainer - [test-hivemq-platform] [hivemq] [da7b7f97] INFO  - [HiveMQ Platform Operator Init App 1.7.0-SNAPSHOT] Waiting for extension ConfigMap sync (expected hash: 43655068) (current hash: 644225871)
2025-01-30 18:44:47,796 INFO c.h.h.t.HelmChartContainer - [hivemq-test-hivemq-platform] [hivemq-platform-operator] [e3f41db1] 18:44:47.794 [pool-6-thread-15] DEBUG c.h.p.o.d.PlatformServiceResource - [helmupgr] Desired Platform services (3 services)
2025-01-30 18:44:47,797 INFO c.h.h.t.HelmChartContainer - [hivemq-test-hivemq-platform] [hivemq-platform-operator] [e3f41db1] 18:44:47.795 [pool-6-thread-11] DEBUG c.h.p.o.dependants.PodInfoConfigMap - [helmupgr] Desired PodInfo ConfigMap (1 extensions) (0 enabled)
2025-01-30 18:44:47,797 INFO c.h.h.t.HelmChartContainer - [hivemq-test-hivemq-platform] [hivemq-platform-operator] [e3f41db1] 18:44:47.795 [pool-6-thread-11] DEBUG c.h.p.o.dependants.PodInfoConfigMap - [helmupgr] Desired PodInfo ConfigMap (metrics port: 9399) (metrics path: /)
2025-01-30 18:44:47,797 INFO c.h.h.t.HelmChartContainer - [hivemq-test-hivemq-platform] [hivemq-platform-operator] [e3f41db1] 18:44:47.795 [pool-6-thread-11] DEBUG c.h.p.o.dependants.PodInfoConfigMap - [helmupgr] Desired PodInfo ConfigMap (extension state hash: 43655068)
2025-01-30 18:44:47,797 INFO c.h.h.t.HelmChartContainer - [hivemq-test-hivemq-platform] [hivemq-platform-operator] [e3f41db1] 18:44:47.796 [pool-6-thread-17] DEBUG c.h.p.o.d.PodServiceAccountResource - [helmupgr] Desired PodServiceAccountResource (serviceAccountName: hivemq-platform-pod-test-hivemq-platform)
2025-01-30 18:44:47,799 INFO c.h.h.t.HelmChartContainer - [hivemq-test-hivemq-platform] [hivemq-platform-operator] [e3f41db1] 18:44:47.799 [pool-6-thread-15] DEBUG c.h.p.o.d.StatefulSetResource - [helmupgr] Desired StatefulSet (1 replicas) for status RESTART_EXTENSIONS (WAIT_FOR_EXTENSION_RESTART)
2025-01-30 18:44:47,800 INFO c.h.h.t.HelmChartContainer - [hivemq-test-hivemq-platform] [hivemq-platform-operator] [e3f41db1] 18:44:47.800 [pool-6-thread-15] DEBUG c.h.p.o.u.VolumeAndVolumeMountUtil - [helmupgr] Creating volume mount for available ConfigMap 'test-bridge-configuration' of disabled extension 'hivemq-bridge-extension'
2025-01-30 18:44:47,803 INFO c.h.h.t.HelmChartContainer - [hivemq-test-hivemq-platform] [hivemq-platform-operator] [e3f41db1] 18:44:47.803 [ReconcilerExecutor-hivemq-controller-132] INFO  c.h.p.o.HiveMQPlatformReconciler - [helmupgr] Reconciling HiveMQ Platform 'test-hivemq-platform' in namespace 'helmupgradeextensionit'
2025-01-30 18:44:47,803 INFO c.h.h.t.HelmChartContainer - [hivemq-test-hivemq-platform] [hivemq-platform-operator] [e3f41db1] 18:44:47.803 [ReconcilerExecutor-hivemq-controller-132] DEBUG c.h.p.o.HiveMQPlatformReconciler - [helmupgr] Custom Resource Status RESTART_EXTENSIONS - HiveMQ Platform is waiting for extension restart (hivemq-bridge-extension) (WAIT_FOR_EXTENSION_RESTART)
2025-01-30 18:44:47,803 INFO c.h.h.t.HelmChartContainer - [hivemq-test-hivemq-platform] [hivemq-platform-operator] [e3f41db1] 18:44:47.803 [ReconcilerExecutor-hivemq-controller-132] DEBUG c.h.p.o.HiveMQPlatformReconciler - [helmupgr] Custom Resource Spec (replicas: 1) (extensions: 1)
2025-01-30 18:44:47,805 INFO c.h.h.t.HelmChartContainer - [hivemq-test-hivemq-platform] [hivemq-platform-operator] [e3f41db1] 18:44:47.804 [ReconcilerExecutor-hivemq-controller-132] DEBUG c.h.p.o.HiveMQPlatformReconciler - [helmupgr] StatefulSet Status (revision: test-hivemq-platform-5b6c7575b6, replicas: 1, available: 1, ready: 1, current: 1, updated: 1)
2025-01-30 18:44:47,805 INFO c.h.h.t.HelmChartContainer - [hivemq-test-hivemq-platform] [hivemq-platform-operator] [e3f41db1] 18:44:47.804 [ReconcilerExecutor-hivemq-controller-132] DEBUG c.h.p.o.HiveMQPlatformReconciler - [helmupgr] StatefulSet Spec (replicas: 1, init containers: 1, containers: 1, volumes: 4)
2025-01-30 18:44:47,806 INFO c.h.h.t.HelmChartContainer - [hivemq-test-hivemq-platform] [hivemq-platform-operator] [e3f41db1] 18:44:47.805 [ReconcilerExecutor-hivemq-controller-132] DEBUG c.h.p.o.h.HiveMQPlatformReconcilerErrorHandler - [helmupgr] Pod 'test-hivemq-platform-0' phase Running
2025-01-30 18:44:47,807 INFO c.h.h.t.HelmChartContainer - [hivemq-test-hivemq-platform] [hivemq-platform-operator] [e3f41db1] 18:44:47.806 [ReconcilerExecutor-hivemq-controller-132] INFO  c.h.p.o.h.HiveMQPlatformReconcilerRestartExtensionsHandler - [helmupgr] Extension update on Pod 'test-hivemq-platform-0' is still pending
2025-01-30 18:44:47,860 INFO c.h.h.t.HelmChartContainer - [test-hivemq-platform] [hivemq] [da7b7f97] INFO  - [HiveMQ Platform Operator Init App 1.7.0-SNAPSHOT] Waiting for extension ConfigMap sync (expected hash: 43655068) (current hash: 644225871)
2025-01-30 18:44:48,860 INFO c.h.h.t.HelmChartContainer - [test-hivemq-platform] [hivemq] [da7b7f97] INFO  - [HiveMQ Platform Operator Init App 1.7.0-SNAPSHOT] Waiting for extension ConfigMap sync (expected hash: 43655068) (current hash: 644225871)
2025-01-30 18:44:49,861 INFO c.h.h.t.HelmChartContainer - [test-hivemq-platform] [hivemq] [da7b7f97] INFO  - [HiveMQ Platform Operator Init App 1.7.0-SNAPSHOT] Waiting for extension ConfigMap sync (expected hash: 43655068) (current hash: 644225871)
2025-01-30 18:44:50,861 INFO c.h.h.t.HelmChartContainer - [test-hivemq-platform] [hivemq] [da7b7f97] INFO  - [HiveMQ Platform Operator Init App 1.7.0-SNAPSHOT] Waiting for extension ConfigMap sync (expected hash: 43655068) (current hash: 644225871)
2025-01-30 18:44:51,862 INFO c.h.h.t.HelmChartContainer - [test-hivemq-platform] [hivemq] [da7b7f97] INFO  - [HiveMQ Platform Operator Init App 1.7.0-SNAPSHOT] Waiting for extension ConfigMap sync (expected hash: 43655068) (current hash: 644225871)
2025-01-30 18:44:52,862 INFO c.h.h.t.HelmChartContainer - [test-hivemq-platform] [hivemq] [da7b7f97] INFO  - [HiveMQ Platform Operator Init App 1.7.0-SNAPSHOT] Waiting for extension ConfigMap sync (expected hash: 43655068) (current hash: 644225871)
2025-01-30 18:44:53,863 INFO c.h.h.t.HelmChartContainer - [test-hivemq-platform] [hivemq] [da7b7f97] INFO  - [HiveMQ Platform Operator Init App 1.7.0-SNAPSHOT] Waiting for extension ConfigMap sync (expected hash: 43655068) (current hash: 644225871)
2025-01-30 18:44:54,863 INFO c.h.h.t.HelmChartContainer - [test-hivemq-platform] [hivemq] [da7b7f97] INFO  - [HiveMQ Platform Operator Init App 1.7.0-SNAPSHOT] Waiting for extension ConfigMap sync (expected hash: 43655068) (current hash: 644225871)
2025-01-30 18:44:55,864 INFO c.h.h.t.HelmChartContainer - [test-hivemq-platform] [hivemq] [da7b7f97] INFO  - [HiveMQ Platform Operator Init App 1.7.0-SNAPSHOT] Waiting for extension ConfigMap sync (expected hash: 43655068) (current hash: 43655068)
2025-01-30 18:44:55,865 INFO c.h.h.t.HelmChartContainer - [test-hivemq-platform] [hivemq] [da7b7f97] INFO  - [HiveMQ Platform Operator Init App 1.7.0-SNAPSHOT] Updating HiveMQ Platform extension: hivemq-bridge-extension
2025-01-30 18:44:55,865 INFO c.h.h.t.HelmChartContainer - [test-hivemq-platform] [hivemq] [da7b7f97] INFO  - [HiveMQ Platform Operator Init App 1.7.0-SNAPSHOT] Stopping preinstalled extension hivemq-bridge-extension
2025-01-30 18:44:55,867 INFO c.h.h.t.HelmChartContainer - [test-hivemq-platform] [hivemq] [da7b7f97] INFO  - [HiveMQ Platform Operator Init App 1.7.0-SNAPSHOT] Successfully disabled extension hivemq-bridge-extension
2025-01-30 18:44:56,016 INFO c.h.h.t.HelmChartContainer - [test-hivemq-platform] [hivemq] [da7b7f97] INFO  - [HiveMQ Platform Operator Init App 1.7.0-SNAPSHOT] Waiting for extension hivemq-bridge-extension to stop
2025-01-30 18:44:56,018 INFO c.h.h.t.HelmChartContainer - [test-hivemq-platform] [hivemq] [da7b7f97] INFO  - Stopping extension with id hivemq-bridge-extension
2025-01-30 18:44:56,021 INFO c.h.h.t.HelmChartContainer - [test-hivemq-platform] [hivemq] [da7b7f97] INFO  - Bridge Extension: Stopping extension
2025-01-30 18:44:56,029 INFO c.h.h.t.HelmChartContainer - [test-hivemq-platform] [hivemq] [da7b7f97] ERROR - Bridge Extension: Error when disconnecting client "testbridge-0-34be8ed2-8aa9-44a1-a0f2-b81e88b7a2f5". Reason: MQTT client is not connected.
2025-01-30 18:44:56,030 INFO c.h.h.t.HelmChartContainer - [test-hivemq-platform] [hivemq] [da7b7f97] ERROR - Bridge Extension: Error when disconnecting client "testbridge-1-34be8ed2-8aa9-44a1-a0f2-b81e88b7a2f5". Reason: MQTT client is not connected.
2025-01-30 18:44:56,030 INFO c.h.h.t.HelmChartContainer - [test-hivemq-platform] [hivemq] [da7b7f97] INFO  - Extension "HiveMQ Enterprise Bridge Extension" version 4.36.0 stopped successfully.
2025-01-30 18:44:56,030 INFO c.h.h.testcontainer.LogWaiterUtil - TEST Found log pattern on 'test-hivemq-platform-0': .*Extension "HiveMQ Enterprise Bridge Extension" version .* stopped successfully.
2025-01-30 18:44:56,524 INFO c.h.h.t.HelmChartContainer - [test-hivemq-platform] [hivemq] [da7b7f97] INFO  - [HiveMQ Platform Operator Init App 1.7.0-SNAPSHOT] Successfully stopped extension hivemq-bridge-extension
2025-01-30 18:44:56,524 INFO c.h.h.testcontainer.LogWaiterUtil - TEST Found log pattern on 'test-hivemq-platform-0': .*\[HiveMQ Platform Operator Init App [A-Z0-9.-]+\] Successfully stopped extension hivemq-bridge-extension
2025-01-30 18:44:57,810 INFO c.h.h.t.HelmChartContainer - [hivemq-test-hivemq-platform] [hivemq-platform-operator] [e3f41db1] 18:44:57.809 [pool-6-thread-26] DEBUG c.h.p.o.d.PlatformServiceResource - [helmupgr] Desired Platform services (3 services)
2025-01-30 18:44:57,810 INFO c.h.h.t.HelmChartContainer - [hivemq-test-hivemq-platform] [hivemq-platform-operator] [e3f41db1] 18:44:57.809 [pool-6-thread-27] DEBUG c.h.p.o.d.PodServiceAccountResource - [helmupgr] Desired PodServiceAccountResource (serviceAccountName: hivemq-platform-pod-test-hivemq-platform)
2025-01-30 18:44:57,811 INFO c.h.h.t.HelmChartContainer - [hivemq-test-hivemq-platform] [hivemq-platform-operator] [e3f41db1] 18:44:57.811 [pool-6-thread-30] DEBUG c.h.p.o.dependants.PodInfoConfigMap - [helmupgr] Desired PodInfo ConfigMap (1 extensions) (0 enabled)
2025-01-30 18:44:57,812 INFO c.h.h.t.HelmChartContainer - [hivemq-test-hivemq-platform] [hivemq-platform-operator] [e3f41db1] 18:44:57.811 [pool-6-thread-30] DEBUG c.h.p.o.dependants.PodInfoConfigMap - [helmupgr] Desired PodInfo ConfigMap (metrics port: 9399) (metrics path: /)
2025-01-30 18:44:57,812 INFO c.h.h.t.HelmChartContainer - [hivemq-test-hivemq-platform] [hivemq-platform-operator] [e3f41db1] 18:44:57.811 [pool-6-thread-30] DEBUG c.h.p.o.dependants.PodInfoConfigMap - [helmupgr] Desired PodInfo ConfigMap (extension state hash: 43655068)
2025-01-30 18:44:57,815 INFO c.h.h.t.HelmChartContainer - [hivemq-test-hivemq-platform] [hivemq-platform-operator] [e3f41db1] 18:44:57.815 [pool-6-thread-30] DEBUG c.h.p.o.d.StatefulSetResource - [helmupgr] Desired StatefulSet (1 replicas) for status RESTART_EXTENSIONS (WAIT_FOR_EXTENSION_RESTART)
2025-01-30 18:44:57,817 INFO c.h.h.t.HelmChartContainer - [hivemq-test-hivemq-platform] [hivemq-platform-operator] [e3f41db1] 18:44:57.816 [pool-6-thread-30] DEBUG c.h.p.o.u.VolumeAndVolumeMountUtil - [helmupgr] Creating volume mount for available ConfigMap 'test-bridge-configuration' of disabled extension 'hivemq-bridge-extension'
2025-01-30 18:44:57,820 INFO c.h.h.t.HelmChartContainer - [hivemq-test-hivemq-platform] [hivemq-platform-operator] [e3f41db1] 18:44:57.819 [ReconcilerExecutor-hivemq-controller-133] INFO  c.h.p.o.HiveMQPlatformReconciler - [helmupgr] Reconciling HiveMQ Platform 'test-hivemq-platform' in namespace 'helmupgradeextensionit'
2025-01-30 18:44:57,820 INFO c.h.h.t.HelmChartContainer - [hivemq-test-hivemq-platform] [hivemq-platform-operator] [e3f41db1] 18:44:57.819 [ReconcilerExecutor-hivemq-controller-133] DEBUG c.h.p.o.HiveMQPlatformReconciler - [helmupgr] Custom Resource Status RESTART_EXTENSIONS - HiveMQ Platform is waiting for extension restart (hivemq-bridge-extension) (WAIT_FOR_EXTENSION_RESTART)
2025-01-30 18:44:57,820 INFO c.h.h.t.HelmChartContainer - [hivemq-test-hivemq-platform] [hivemq-platform-operator] [e3f41db1] 18:44:57.819 [ReconcilerExecutor-hivemq-controller-133] DEBUG c.h.p.o.HiveMQPlatformReconciler - [helmupgr] Custom Resource Spec (replicas: 1) (extensions: 1)
2025-01-30 18:44:57,822 INFO c.h.h.t.HelmChartContainer - [hivemq-test-hivemq-platform] [hivemq-platform-operator] [e3f41db1] 18:44:57.821 [ReconcilerExecutor-hivemq-controller-133] DEBUG c.h.p.o.HiveMQPlatformReconciler - [helmupgr] StatefulSet Status (revision: test-hivemq-platform-5b6c7575b6, replicas: 1, available: 1, ready: 1, current: 1, updated: 1)
2025-01-30 18:44:57,822 INFO c.h.h.t.HelmChartContainer - [hivemq-test-hivemq-platform] [hivemq-platform-operator] [e3f41db1] 18:44:57.821 [ReconcilerExecutor-hivemq-controller-133] DEBUG c.h.p.o.HiveMQPlatformReconciler - [helmupgr] StatefulSet Spec (replicas: 1, init containers: 1, containers: 1, volumes: 4)
2025-01-30 18:44:57,823 INFO c.h.h.t.HelmChartContainer - [hivemq-test-hivemq-platform] [hivemq-platform-operator] [e3f41db1] 18:44:57.822 [ReconcilerExecutor-hivemq-controller-133] DEBUG c.h.p.o.h.HiveMQPlatformReconcilerErrorHandler - [helmupgr] Pod 'test-hivemq-platform-0' phase Running
2025-01-30 18:44:57,828 INFO c.h.h.t.HelmChartContainer - [hivemq-test-hivemq-platform] [hivemq-platform-operator] [e3f41db1] 18:44:57.828 [ReconcilerExecutor-hivemq-controller-133] DEBUG c.h.p.o.h.HiveMQPlatformReconcilerRestartExtensionsHandler - [helmupgr] Checking update extension status on Pod 'test-hivemq-platform-0'
2025-01-30 18:44:57,911 INFO c.h.h.t.HelmChartContainer - [test-hivemq-platform] [hivemq] [da7b7f97] INFO  - [HiveMQ Platform Operator Init App 1.7.0-SNAPSHOT] Extension update is done (0 errors)
2025-01-30 18:44:57,911 INFO c.h.h.testcontainer.LogWaiterUtil - TEST Found log pattern on 'test-hivemq-platform-0': .*\[HiveMQ Platform Operator Init App [A-Z0-9.-]+\] Extension update is done \(0 errors\)
2025-01-30 18:44:57,914 INFO c.h.h.t.HelmChartContainer - [hivemq-test-hivemq-platform] [hivemq-platform-operator] [e3f41db1] 18:44:57.913 [vert.x-eventloop-thread-0] DEBUG c.h.platform.operator.util.PodUtil - Received status for command '[curl, -s, http://10.42.0.6:7979/updateExtensionStatus]' on Pod 'test-hivemq-platform-0' (exit code: 0)
2025-01-30 18:44:58,889 INFO c.h.h.t.HelmChartContainer - [hivemq-test-hivemq-platform] [hivemq-platform-operator] [e3f41db1] 18:44:58.886 [pool-6-thread-38] DEBUG c.h.p.o.d.PlatformServiceResource - [helmupgr] Desired Platform services (3 services)
2025-01-30 18:44:58,889 INFO c.h.h.t.HelmChartContainer - [hivemq-test-hivemq-platform] [hivemq-platform-operator] [e3f41db1] 18:44:58.887 [pool-6-thread-39] DEBUG c.h.p.o.dependants.PodInfoConfigMap - [helmupgr] Desired PodInfo ConfigMap (1 extensions) (0 enabled)
2025-01-30 18:44:58,889 INFO c.h.h.t.HelmChartContainer - [hivemq-test-hivemq-platform] [hivemq-platform-operator] [e3f41db1] 18:44:58.887 [pool-6-thread-39] DEBUG c.h.p.o.dependants.PodInfoConfigMap - [helmupgr] Desired PodInfo ConfigMap (metrics port: 9399) (metrics path: /)
2025-01-30 18:44:58,889 INFO c.h.h.t.HelmChartContainer - [hivemq-test-hivemq-platform] [hivemq-platform-operator] [e3f41db1] 18:44:58.887 [pool-6-thread-39] DEBUG c.h.p.o.dependants.PodInfoConfigMap - [helmupgr] Desired PodInfo ConfigMap (extension state hash: 43655068)
2025-01-30 18:44:58,890 INFO c.h.h.t.HelmChartContainer - [hivemq-test-hivemq-platform] [hivemq-platform-operator] [e3f41db1] 18:44:58.888 [pool-6-thread-40] DEBUG c.h.p.o.d.PodServiceAccountResource - [helmupgr] Desired PodServiceAccountResource (serviceAccountName: hivemq-platform-pod-test-hivemq-platform)
2025-01-30 18:44:58,893 INFO c.h.h.t.HelmChartContainer - [hivemq-test-hivemq-platform] [hivemq-platform-operator] [e3f41db1] 18:44:58.892 [pool-6-thread-38] DEBUG c.h.p.o.d.StatefulSetResource - [helmupgr] Desired StatefulSet (1 replicas) for status RESTART_EXTENSIONS (WAIT_FOR_EXTENSION_RESTART)
2025-01-30 18:44:58,894 INFO c.h.h.t.HelmChartContainer - [hivemq-test-hivemq-platform] [hivemq-platform-operator] [e3f41db1] 18:44:58.893 [pool-6-thread-38] DEBUG c.h.p.o.u.VolumeAndVolumeMountUtil - [helmupgr] Creating volume mount for available ConfigMap 'test-bridge-configuration' of disabled extension 'hivemq-bridge-extension'
2025-01-30 18:44:58,896 INFO c.h.h.t.HelmChartContainer - [hivemq-test-hivemq-platform] [hivemq-platform-operator] [e3f41db1] 18:44:58.895 [ReconcilerExecutor-hivemq-controller-134] INFO  c.h.p.o.HiveMQPlatformReconciler - [helmupgr] Reconciling HiveMQ Platform 'test-hivemq-platform' in namespace 'helmupgradeextensionit'
2025-01-30 18:44:58,897 INFO c.h.h.t.HelmChartContainer - [hivemq-test-hivemq-platform] [hivemq-platform-operator] [e3f41db1] 18:44:58.895 [ReconcilerExecutor-hivemq-controller-134] DEBUG c.h.p.o.HiveMQPlatformReconciler - [helmupgr] Custom Resource Status RESTART_EXTENSIONS - HiveMQ Platform is waiting for extension restart (hivemq-bridge-extension) (WAIT_FOR_EXTENSION_RESTART)
2025-01-30 18:44:58,897 INFO c.h.h.t.HelmChartContainer - [hivemq-test-hivemq-platform] [hivemq-platform-operator] [e3f41db1] 18:44:58.895 [ReconcilerExecutor-hivemq-controller-134] DEBUG c.h.p.o.HiveMQPlatformReconciler - [helmupgr] Custom Resource Spec (replicas: 1) (extensions: 1)
2025-01-30 18:44:58,897 INFO c.h.h.t.HelmChartContainer - [hivemq-test-hivemq-platform] [hivemq-platform-operator] [e3f41db1] 18:44:58.896 [ReconcilerExecutor-hivemq-controller-134] DEBUG c.h.p.o.HiveMQPlatformReconciler - [helmupgr] StatefulSet Status (revision: test-hivemq-platform-5b6c7575b6, replicas: 1, available: 1, ready: 1, current: 1, updated: 1)
2025-01-30 18:44:58,897 INFO c.h.h.t.HelmChartContainer - [hivemq-test-hivemq-platform] [hivemq-platform-operator] [e3f41db1] 18:44:58.896 [ReconcilerExecutor-hivemq-controller-134] DEBUG c.h.p.o.HiveMQPlatformReconciler - [helmupgr] StatefulSet Spec (replicas: 1, init containers: 1, containers: 1, volumes: 4)
2025-01-30 18:44:58,899 INFO c.h.h.t.HelmChartContainer - [hivemq-test-hivemq-platform] [hivemq-platform-operator] [e3f41db1] 18:44:58.898 [ReconcilerExecutor-hivemq-controller-134] DEBUG c.h.p.o.h.HiveMQPlatformReconcilerErrorHandler - [helmupgr] Pod 'test-hivemq-platform-0' phase Running
2025-01-30 18:44:58,900 INFO c.h.h.t.HelmChartContainer - [hivemq-test-hivemq-platform] [hivemq-platform-operator] [e3f41db1] 18:44:58.899 [ReconcilerExecutor-hivemq-controller-134] INFO  c.h.p.o.h.HiveMQPlatformReconcilerRestartExtensionsHandler - [helmupgr] Successfully updated extensions on all Pods
2025-01-30 18:44:58,909 INFO c.h.h.t.HelmChartContainer - [EVENT] Normal [Ready] HiveMQ Platform is ready [helmupgradeextensionit:test-hivemq-platform]
2025-01-30 18:44:58,973 INFO c.h.h.t.HelmChartContainer - [hivemq-test-hivemq-platform] [hivemq-platform-operator] [e3f41db1] 18:44:58.970 [ReconcilerExecutor-hivemq-controller-134] DEBUG c.h.p.operator.event.EventSender - [helmupgr] Updating K8s event hivemq-platform-ready: [Ready] HiveMQ Platform is ready
2025-01-30 18:44:58,973 INFO c.h.h.t.HelmChartContainer - [hivemq-test-hivemq-platform] [hivemq-platform-operator] [e3f41db1] 18:44:58.970 [ReconcilerExecutor-hivemq-controller-134] INFO  c.h.p.o.h.AbstractHiveMQReconcilerStateHandler - [helmupgr] Update HiveMQ Platform Status (RESTART_EXTENSIONS [WAIT_FOR_EXTENSION_RESTART] -> RUNNING [READY]): HiveMQ Platform is ready
2025-01-30 18:44:58,983 DEBUG com.hivemq.helmcharts.util.K8sUtil - Comparing actual state 'RUNNING' and waiting for 'RUNNING'
2025-01-30 18:45:04,993 INFO c.h.h.t.HelmChartContainer - Uninstalling release 'test-hivemq-platform' in namespace 'helmupgradeextensionit'...
2025-01-30 18:45:04,993 DEBUG c.h.h.t.HelmChartContainer - Executing helm command: /bin/helm --kubeconfig /etc/rancher/k3s/k3s.yaml uninstall test-hivemq-platform  --wait --timeout 5m0s --cascade foreground --namespace helmupgradeextensionit
2025-01-30 18:45:05,199 INFO c.h.h.t.HelmChartContainer - [hivemq-test-hivemq-platform] [hivemq-platform-operator] [e3f41db1] 18:45:05.193 [pool-6-thread-43] DEBUG c.h.p.o.d.PlatformServiceResource - [helmupgr] Desired Platform services (3 services)
2025-01-30 18:45:05,205 INFO c.h.h.t.HelmChartContainer - [hivemq-test-hivemq-platform] [hivemq-platform-operator] [e3f41db1] 18:45:05.194 [pool-6-thread-47] DEBUG c.h.p.o.dependants.PodInfoConfigMap - [helmupgr] Desired PodInfo ConfigMap (1 extensions) (0 enabled)
2025-01-30 18:45:05,208 INFO c.h.h.t.HelmChartContainer - [hivemq-test-hivemq-platform] [hivemq-platform-operator] [e3f41db1] 18:45:05.194 [pool-6-thread-47] DEBUG c.h.p.o.dependants.PodInfoConfigMap - [helmupgr] Desired PodInfo ConfigMap (metrics port: 9399) (metrics path: /)
2025-01-30 18:45:05,208 INFO c.h.h.t.HelmChartContainer - [hivemq-test-hivemq-platform] [hivemq-platform-operator] [e3f41db1] 18:45:05.194 [pool-6-thread-47] DEBUG c.h.p.o.dependants.PodInfoConfigMap - [helmupgr] Desired PodInfo ConfigMap (extension state hash: 43655068)
2025-01-30 18:45:05,208 INFO c.h.h.t.HelmChartContainer - [hivemq-test-hivemq-platform] [hivemq-platform-operator] [e3f41db1] 18:45:05.195 [pool-6-thread-47] DEBUG c.h.p.o.dependants.PodInfoConfigMap - [helmupgr] Update PodInfo ConfigMap
2025-01-30 18:45:05,208 INFO c.h.h.t.HelmChartContainer - [hivemq-test-hivemq-platform] [hivemq-platform-operator] [e3f41db1] 18:45:05.196 [pool-6-thread-46] DEBUG c.h.p.o.d.PodServiceAccountResource - [helmupgr] Desired PodServiceAccountResource (serviceAccountName: hivemq-platform-pod-test-hivemq-platform)
2025-01-30 18:45:05,219 INFO c.h.h.t.HelmChartContainer - [hivemq-test-hivemq-platform] [hivemq-platform-operator] [e3f41db1] 18:45:05.210 [pool-6-thread-47] DEBUG c.h.p.o.d.StatefulSetResource - [helmupgr] Desired StatefulSet (1 replicas) for status RUNNING (READY)
2025-01-30 18:45:05,219 INFO c.h.h.t.HelmChartContainer - [hivemq-test-hivemq-platform] [hivemq-platform-operator] [e3f41db1] 18:45:05.211 [pool-6-thread-47] DEBUG c.h.p.o.u.VolumeAndVolumeMountUtil - [helmupgr] Creating volume mount for available ConfigMap 'test-bridge-configuration' of disabled extension 'hivemq-bridge-extension'
2025-01-30 18:45:05,276 INFO c.h.h.t.HelmChartContainer - [hivemq-test-hivemq-platform] [hivemq-platform-operator] [e3f41db1] 18:45:05.275 [ReconcilerExecutor-hivemq-controller-136] INFO  c.h.p.o.HiveMQPlatformReconciler - [helmupgr] Reconciling HiveMQ Platform 'test-hivemq-platform' in namespace 'helmupgradeextensionit'
2025-01-30 18:45:05,276 INFO c.h.h.t.HelmChartContainer - [hivemq-test-hivemq-platform] [hivemq-platform-operator] [e3f41db1] 18:45:05.275 [ReconcilerExecutor-hivemq-controller-136] DEBUG c.h.p.o.HiveMQPlatformReconciler - [helmupgr] Custom Resource Status RUNNING - HiveMQ Platform is ready (READY)
2025-01-30 18:45:05,276 INFO c.h.h.t.HelmChartContainer - [hivemq-test-hivemq-platform] [hivemq-platform-operator] [e3f41db1] 18:45:05.275 [ReconcilerExecutor-hivemq-controller-136] DEBUG c.h.p.o.HiveMQPlatformReconciler - [helmupgr] Custom Resource Spec (replicas: 1) (extensions: 1)
2025-01-30 18:45:05,278 INFO c.h.h.t.HelmChartContainer - [hivemq-test-hivemq-platform] [hivemq-platform-operator] [e3f41db1] 18:45:05.276 [ReconcilerExecutor-hivemq-controller-136] WARN  c.h.p.o.h.HiveMQPlatformReconcilerErrorHandler - [helmupgr] Could not find ConfigMap 'hivemq-configuration-test-hivemq-platform' for HiveMQ Platform configuration
2025-01-30 18:45:05,381 INFO c.h.h.t.HelmChartContainer - [hivemq-test-hivemq-platform] [hivemq-platform-operator] [e3f41db1] 18:45:05.379 [ReconcilerExecutor-hivemq-controller-136] DEBUG c.h.p.operator.event.EventSender - [helmupgr] Creating K8s event hivemq-platform-invalid-configuration: [Start] Could not find ConfigMap 'hivemq-configuration-test-hivemq-platform' for HiveMQ Platform configuration
2025-01-30 18:45:05,386 INFO c.h.h.t.HelmChartContainer - [EVENT] Warning [Start] Could not find ConfigMap 'hivemq-configuration-test-hivemq-platform' for HiveMQ Platform configuration [helmupgradeextensionit:test-hivemq-platform]
2025-01-30 18:45:05,386 INFO c.h.h.t.HelmChartContainer - [hivemq-test-hivemq-platform] [hivemq-platform-operator] [e3f41db1] 18:45:05.384 [ReconcilerExecutor-hivemq-controller-136] INFO  c.h.p.o.h.AbstractHiveMQReconcilerStateHandler - [helmupgr] Update HiveMQ Platform Status (RUNNING [READY] -> ERROR [INVALID_CONFIG_MAP]): Could not find ConfigMap 'hivemq-configuration-test-hivemq-platform' for HiveMQ Platform configuration
2025-01-30 18:45:05,396 INFO c.h.h.t.HelmChartContainer - [hivemq-test-hivemq-platform] [hivemq-platform-operator] [e3f41db1] 18:45:05.391 [ReconcilerExecutor-hivemq-controller-136] ERROR i.j.o.p.event.EventProcessor - Error during event processing ExecutionScope{ resource id: ResourceID{name='test-hivemq-platform', namespace='helmupgradeextensionit'}, version: 656}
2025-01-30 18:45:05,396 INFO c.h.h.t.HelmChartContainer - [hivemq-test-hivemq-platform] [hivemq-platform-operator] [e3f41db1] io.fabric8.kubernetes.client.KubernetesClientException: Failure executing: PUT at: https://10.43.0.1:443/apis/hivemq.com/v1/namespaces/helmupgradeextensionit/hivemq-platforms/test-hivemq-platform/status. Message: Operation cannot be fulfilled on hivemq-platforms.hivemq.com "test-hivemq-platform": the object has been modified; please apply your changes to the latest version and try again. Received status: Status(apiVersion=v1, code=409, details=StatusDetails(causes=[], group=hivemq.com, kind=hivemq-platforms, name=test-hivemq-platform, retryAfterSeconds=null, uid=null, additionalProperties={}), kind=Status, message=Operation cannot be fulfilled on hivemq-platforms.hivemq.com "test-hivemq-platform": the object has been modified; please apply your changes to the latest version and try again, metadata=ListMeta(_continue=null, remainingItemCount=null, resourceVersion=null, selfLink=null, additionalProperties={}), reason=Conflict, status=Failure, additionalProperties={}).
2025-01-30 18:45:05,396 INFO c.h.h.t.HelmChartContainer - [hivemq-test-hivemq-platform] [hivemq-platform-operator] [e3f41db1] 	at io.fabric8.kubernetes.client.KubernetesClientException.copyAsCause(KubernetesClientException.java:238)
2025-01-30 18:45:05,396 INFO c.h.h.t.HelmChartContainer - [hivemq-test-hivemq-platform] [hivemq-platform-operator] [e3f41db1] 	at io.fabric8.kubernetes.client.dsl.internal.OperationSupport.waitForResult(OperationSupport.java:507)
2025-01-30 18:45:05,396 INFO c.h.h.t.HelmChartContainer - [hivemq-test-hivemq-platform] [hivemq-platform-operator] [e3f41db1] 	at io.fabric8.kubernetes.client.dsl.internal.OperationSupport.handleResponse(OperationSupport.java:524)
2025-01-30 18:45:05,396 INFO c.h.h.t.HelmChartContainer - [hivemq-test-hivemq-platform] [hivemq-platform-operator] [e3f41db1] 	at io.fabric8.kubernetes.client.dsl.internal.OperationSupport.handleUpdate(OperationSupport.java:358)
2025-01-30 18:45:05,396 INFO c.h.h.t.HelmChartContainer - [hivemq-test-hivemq-platform] [hivemq-platform-operator] [e3f41db1] 	at io.fabric8.kubernetes.client.dsl.internal.BaseOperation.handleUpdate(BaseOperation.java:759)
2025-01-30 18:45:05,396 INFO c.h.h.t.HelmChartContainer - [hivemq-test-hivemq-platform] [hivemq-platform-operator] [e3f41db1] 	at io.fabric8.kubernetes.client.dsl.internal.HasMetadataOperation.update(HasMetadataOperation.java:138)
2025-01-30 18:45:05,396 INFO c.h.h.t.HelmChartContainer - [hivemq-test-hivemq-platform] [hivemq-platform-operator] [e3f41db1] 	at io.fabric8.kubernetes.client.dsl.internal.HasMetadataOperation.update(HasMetadataOperation.java:121)
2025-01-30 18:45:05,396 INFO c.h.h.t.HelmChartContainer - [hivemq-test-hivemq-platform] [hivemq-platform-operator] [e3f41db1] 	at io.fabric8.kubernetes.client.dsl.internal.HasMetadataOperation.updateStatus(HasMetadataOperation.java:126)
2025-01-30 18:45:05,396 INFO c.h.h.t.HelmChartContainer - [hivemq-test-hivemq-platform] [hivemq-platform-operator] [e3f41db1] 	at io.fabric8.kubernetes.client.dsl.internal.HasMetadataOperation.updateStatus(HasMetadataOperation.java:44)
2025-01-30 18:45:05,396 INFO c.h.h.t.HelmChartContainer - [hivemq-test-hivemq-platform] [hivemq-platform-operator] [e3f41db1] 	at io.javaoperatorsdk.operator.processing.event.ReconciliationDispatcher$CustomResourceFacade.updateStatus(ReconciliationDispatcher.java:408)
2025-01-30 18:45:05,396 INFO c.h.h.t.HelmChartContainer - [hivemq-test-hivemq-platform] [hivemq-platform-operator] [e3f41db1] 	at io.javaoperatorsdk.operator.processing.event.ReconciliationDispatcher.updateStatusGenerationAware(ReconciliationDispatcher.java:228)
2025-01-30 18:45:05,396 INFO c.h.h.t.HelmChartContainer - [hivemq-test-hivemq-platform] [hivemq-platform-operator] [e3f41db1] 	at io.javaoperatorsdk.operator.processing.event.ReconciliationDispatcher.reconcileExecution(ReconciliationDispatcher.java:150)
2025-01-30 18:45:05,396 INFO c.h.h.t.HelmChartContainer - [hivemq-test-hivemq-platform] [hivemq-platform-operator] [e3f41db1] 	at io.javaoperatorsdk.operator.processing.event.ReconciliationDispatcher.handleReconcile(ReconciliationDispatcher.java:117)
2025-01-30 18:45:05,396 INFO c.h.h.t.HelmChartContainer - [hivemq-test-hivemq-platform] [hivemq-platform-operator] [e3f41db1] 	at io.javaoperatorsdk.operator.processing.event.ReconciliationDispatcher.handleDispatch(ReconciliationDispatcher.java:91)
2025-01-30 18:45:05,396 INFO c.h.h.t.HelmChartContainer - [hivemq-test-hivemq-platform] [hivemq-platform-operator] [e3f41db1] 	at io.javaoperatorsdk.operator.processing.event.ReconciliationDispatcher.handleExecution(ReconciliationDispatcher.java:64)
2025-01-30 18:45:05,396 INFO c.h.h.t.HelmChartContainer - [hivemq-test-hivemq-platform] [hivemq-platform-operator] [e3f41db1] 	at io.javaoperatorsdk.operator.processing.event.EventProcessor$ReconcilerExecutor.run(EventProcessor.java:452)
2025-01-30 18:45:05,396 INFO c.h.h.t.HelmChartContainer - [hivemq-test-hivemq-platform] [hivemq-platform-operator] [e3f41db1] 	at java.base/java.util.concurrent.ThreadPoolExecutor.runWorker(Unknown Source)
2025-01-30 18:45:05,396 INFO c.h.h.t.HelmChartContainer - [hivemq-test-hivemq-platform] [hivemq-platform-operator] [e3f41db1] 	at java.base/java.util.concurrent.ThreadPoolExecutor$Worker.run(Unknown Source)
2025-01-30 18:45:05,397 INFO c.h.h.t.HelmChartContainer - [hivemq-test-hivemq-platform] [hivemq-platform-operator] [e3f41db1] 	at java.base/java.lang.Thread.run(Unknown Source)
2025-01-30 18:45:05,397 INFO c.h.h.t.HelmChartContainer - [hivemq-test-hivemq-platform] [hivemq-platform-operator] [e3f41db1] Caused by: io.fabric8.kubernetes.client.KubernetesClientException: Failure executing: PUT at: https://10.43.0.1:443/apis/hivemq.com/v1/namespaces/helmupgradeextensionit/hivemq-platforms/test-hivemq-platform/status. Message: Operation cannot be fulfilled on hivemq-platforms.hivemq.com "test-hivemq-platform": the object has been modified; please apply your changes to the latest version and try again. Received status: Status(apiVersion=v1, code=409, details=StatusDetails(causes=[], group=hivemq.com, kind=hivemq-platforms, name=test-hivemq-platform, retryAfterSeconds=null, uid=null, additionalProperties={}), kind=Status, message=Operation cannot be fulfilled on hivemq-platforms.hivemq.com "test-hivemq-platform": the object has been modified; please apply your changes to the latest version and try again, metadata=ListMeta(_continue=null, remainingItemCount=null, resourceVersion=null, selfLink=null, additionalProperties={}), reason=Conflict, status=Failure, additionalProperties={}).
2025-01-30 18:45:05,397 INFO c.h.h.t.HelmChartContainer - [hivemq-test-hivemq-platform] [hivemq-platform-operator] [e3f41db1] 	at io.fabric8.kubernetes.client.dsl.internal.OperationSupport.requestFailure(OperationSupport.java:660)
2025-01-30 18:45:05,397 INFO c.h.h.t.HelmChartContainer - [hivemq-test-hivemq-platform] [hivemq-platform-operator] [e3f41db1] 	at io.fabric8.kubernetes.client.dsl.internal.OperationSupport.requestFailure(OperationSupport.java:640)
2025-01-30 18:45:05,397 INFO c.h.h.t.HelmChartContainer - [hivemq-test-hivemq-platform] [hivemq-platform-operator] [e3f41db1] 	at io.fabric8.kubernetes.client.dsl.internal.OperationSupport.assertResponseCode(OperationSupport.java:589)
2025-01-30 18:45:05,397 INFO c.h.h.t.HelmChartContainer - [hivemq-test-hivemq-platform] [hivemq-platform-operator] [e3f41db1] 	at io.fabric8.kubernetes.client.dsl.internal.OperationSupport.lambda$handleResponse$0(OperationSupport.java:549)
2025-01-30 18:45:05,397 INFO c.h.h.t.HelmChartContainer - [hivemq-test-hivemq-platform] [hivemq-platform-operator] [e3f41db1] 	at java.base/java.util.concurrent.CompletableFuture$UniApply.tryFire(Unknown Source)
2025-01-30 18:45:05,397 INFO c.h.h.t.HelmChartContainer - [hivemq-test-hivemq-platform] [hivemq-platform-operator] [e3f41db1] 	at java.base/java.util.concurrent.CompletableFuture.postComplete(Unknown Source)
2025-01-30 18:45:05,397 INFO c.h.h.t.HelmChartContainer - [hivemq-test-hivemq-platform] [hivemq-platform-operator] [e3f41db1] 	at java.base/java.util.concurrent.CompletableFuture.complete(Unknown Source)
2025-01-30 18:45:05,397 INFO c.h.h.t.HelmChartContainer - [hivemq-test-hivemq-platform] [hivemq-platform-operator] [e3f41db1] 	at io.fabric8.kubernetes.client.http.StandardHttpClient.lambda$completeOrCancel$10(StandardHttpClient.java:141)
2025-01-30 18:45:05,397 INFO c.h.h.t.HelmChartContainer - [hivemq-test-hivemq-platform] [hivemq-platform-operator] [e3f41db1] 	at java.base/java.util.concurrent.CompletableFuture.uniWhenComplete(Unknown Source)
2025-01-30 18:45:05,397 INFO c.h.h.t.HelmChartContainer - [hivemq-test-hivemq-platform] [hivemq-platform-operator] [e3f41db1] 	at java.base/java.util.concurrent.CompletableFuture$UniWhenComplete.tryFire(Unknown Source)
2025-01-30 18:45:05,397 INFO c.h.h.t.HelmChartContainer - [hivemq-test-hivemq-platform] [hivemq-platform-operator] [e3f41db1] 	at java.base/java.util.concurrent.CompletableFuture.postComplete(Unknown Source)
2025-01-30 18:45:05,397 INFO c.h.h.t.HelmChartContainer - [hivemq-test-hivemq-platform] [hivemq-platform-operator] [e3f41db1] 	at java.base/java.util.concurrent.CompletableFuture.complete(Unknown Source)
2025-01-30 18:45:05,397 INFO c.h.h.t.HelmChartContainer - [hivemq-test-hivemq-platform] [hivemq-platform-operator] [e3f41db1] 	at io.fabric8.kubernetes.client.http.ByteArrayBodyHandler.onBodyDone(ByteArrayBodyHandler.java:51)
2025-01-30 18:45:05,397 INFO c.h.h.t.HelmChartContainer - [hivemq-test-hivemq-platform] [hivemq-platform-operator] [e3f41db1] 	at java.base/java.util.concurrent.CompletableFuture.uniWhenComplete(Unknown Source)
2025-01-30 18:45:05,397 INFO c.h.h.t.HelmChartContainer - [hivemq-test-hivemq-platform] [hivemq-platform-operator] [e3f41db1] 	at java.base/java.util.concurrent.CompletableFuture$UniWhenComplete.tryFire(Unknown Source)
2025-01-30 18:45:05,397 INFO c.h.h.t.HelmChartContainer - [hivemq-test-hivemq-platform] [hivemq-platform-operator] [e3f41db1] 	at java.base/java.util.concurrent.CompletableFuture.postComplete(Unknown Source)
2025-01-30 18:45:05,397 INFO c.h.h.t.HelmChartContainer - [hivemq-test-hivemq-platform] [hivemq-platform-operator] [e3f41db1] 	at java.base/java.util.concurrent.CompletableFuture.complete(Unknown Source)
2025-01-30 18:45:05,397 INFO c.h.h.t.HelmChartContainer - [hivemq-test-hivemq-platform] [hivemq-platform-operator] [e3f41db1] 	at io.fabric8.kubernetes.client.vertx.VertxHttpRequest.lambda$null$1(VertxHttpRequest.java:121)
2025-01-30 18:45:05,397 INFO c.h.h.t.HelmChartContainer - [hivemq-test-hivemq-platform] [hivemq-platform-operator] [e3f41db1] 	at io.vertx.core.impl.ContextInternal.dispatch(ContextInternal.java:279)
2025-01-30 18:45:05,397 INFO c.h.h.t.HelmChartContainer - [hivemq-test-hivemq-platform] [hivemq-platform-operator] [e3f41db1] 	at io.vertx.core.impl.ContextInternal.dispatch(ContextInternal.java:261)
2025-01-30 18:45:05,397 INFO c.h.h.t.HelmChartContainer - [hivemq-test-hivemq-platform] [hivemq-platform-operator] [e3f41db1] 	at io.vertx.core.http.impl.HttpEventHandler.handleEnd(HttpEventHandler.java:76)
2025-01-30 18:45:05,397 INFO c.h.h.t.HelmChartContainer - [hivemq-test-hivemq-platform] [hivemq-platform-operator] [e3f41db1] 	at io.vertx.core.http.impl.HttpClientResponseImpl.handleEnd(HttpClientResponseImpl.java:250)
2025-01-30 18:45:05,397 INFO c.h.h.t.HelmChartContainer - [hivemq-test-hivemq-platform] [hivemq-platform-operator] [e3f41db1] 	at io.vertx.core.http.impl.Http1xClientConnection$StreamImpl.lambda$new$0(Http1xClientConnection.java:421)
2025-01-30 18:45:05,397 INFO c.h.h.t.HelmChartContainer - [hivemq-test-hivemq-platform] [hivemq-platform-operator] [e3f41db1] 	at io.vertx.core.streams.impl.InboundBuffer.handleEvent(InboundBuffer.java:279)
2025-01-30 18:45:05,397 INFO c.h.h.t.HelmChartContainer - [hivemq-test-hivemq-platform] [hivemq-platform-operator] [e3f41db1] 	at io.vertx.core.streams.impl.InboundBuffer.write(InboundBuffer.java:157)
2025-01-30 18:45:05,397 INFO c.h.h.t.HelmChartContainer - [hivemq-test-hivemq-platform] [hivemq-platform-operator] [e3f41db1] 	at io.vertx.core.http.impl.Http1xClientConnection$StreamImpl.handleEnd(Http1xClientConnection.java:709)
2025-01-30 18:45:05,397 INFO c.h.h.t.HelmChartContainer - [hivemq-test-hivemq-platform] [hivemq-platform-operator] [e3f41db1] 	at io.vertx.core.impl.ContextImpl.lambda$execute$4(ContextImpl.java:315)
2025-01-30 18:45:05,397 INFO c.h.h.t.HelmChartContainer - [hivemq-test-hivemq-platform] [hivemq-platform-operator] [e3f41db1] 	at io.netty.util.concurrent.AbstractEventExecutor.runTask(AbstractEventExecutor.java:173)
2025-01-30 18:45:05,397 INFO c.h.h.t.HelmChartContainer - [hivemq-test-hivemq-platform] [hivemq-platform-operator] [e3f41db1] 	at io.netty.util.concurrent.AbstractEventExecutor.safeExecute(AbstractEventExecutor.java:166)
2025-01-30 18:45:05,397 INFO c.h.h.t.HelmChartContainer - [hivemq-test-hivemq-platform] [hivemq-platform-operator] [e3f41db1] 	at io.netty.util.concurrent.SingleThreadEventExecutor.runAllTasks(SingleThreadEventExecutor.java:472)
2025-01-30 18:45:05,397 INFO c.h.h.t.HelmChartContainer - [hivemq-test-hivemq-platform] [hivemq-platform-operator] [e3f41db1] 	at io.netty.channel.nio.NioEventLoop.run(NioEventLoop.java:569)
2025-01-30 18:45:05,398 INFO c.h.h.t.HelmChartContainer - [hivemq-test-hivemq-platform] [hivemq-platform-operator] [e3f41db1] 	at io.netty.util.concurrent.SingleThreadEventExecutor$4.run(SingleThreadEventExecutor.java:997)
2025-01-30 18:45:05,398 INFO c.h.h.t.HelmChartContainer - [hivemq-test-hivemq-platform] [hivemq-platform-operator] [e3f41db1] 	at io.netty.util.internal.ThreadExecutorMap$2.run(ThreadExecutorMap.java:74)
2025-01-30 18:45:05,398 INFO c.h.h.t.HelmChartContainer - [hivemq-test-hivemq-platform] [hivemq-platform-operator] [e3f41db1] 	at io.netty.util.concurrent.FastThreadLocalRunnable.run(FastThreadLocalRunnable.java:30)
2025-01-30 18:45:05,398 INFO c.h.h.t.HelmChartContainer - [hivemq-test-hivemq-platform] [hivemq-platform-operator] [e3f41db1] 	... 1 common frames omitted
2025-01-30 18:45:05,400 INFO c.h.h.t.HelmChartContainer - [hivemq-test-hivemq-platform] [hivemq-platform-operator] [e3f41db1] 18:45:05.399 [ReconcilerExecutor-hivemq-controller-145] INFO  c.h.p.o.HiveMQPlatformReconciler - [helmupgr] Cleanup test-hivemq-platform - helmupgradeextensionit HiveMQ Platform is shut down
2025-01-30 18:45:05,869 INFO c.h.h.t.HelmChartContainer - [K3S] [authentication.go:74] "Unable to authenticate the request" err="[invalid bearer token, serviceaccounts \"hivemq-platform-pod-test-hivemq-platform\" not found]"
2025-01-30 18:45:05,885 INFO c.h.h.t.HelmChartContainer - [K3S] [authentication.go:74] "Unable to authenticate the request" err="[invalid bearer token, serviceaccounts \"hivemq-platform-pod-test-hivemq-platform\" not found]"
2025-01-30 18:45:05,921 INFO c.h.h.t.HelmChartContainer - [test-hivemq-platform] [hivemq] [da7b7f97] WARN  - [HiveMQ Platform Operator Init App 1.7.0-SNAPSHOT] Could not update Pod annotations: Failure executing: GET at: https://10.43.0.1:443/api/v1/namespaces/helmupgradeextensionit/pods/test-hivemq-platform-0. Message: Unauthorized. Received status: Status(apiVersion=v1, code=401, details=null, kind=Status, message=Unauthorized, metadata=ListMeta(_continue=null, remainingItemCount=null, resourceVersion=null, selfLink=null, additionalProperties={}), reason=Unauthorized, status=Failure, additionalProperties={}).
2025-01-30 18:45:05,931 INFO c.h.h.t.HelmChartContainer - [POD] test-hivemq-platform-0 [da7b7f97-4da6-4b18-a6e4-baf87c7cb989] in helmupgradeextensionit was MODIFIED
2025-01-30 18:45:05,944 INFO c.h.h.t.HelmChartContainer - [test-hivemq-platform] [hivemq] [da7b7f97] INFO  - [HiveMQ Platform Operator Init App 1.7.0-SNAPSHOT] Shutting down
2025-01-30 18:45:05,944 INFO c.h.h.t.HelmChartContainer - [test-hivemq-platform] [hivemq] [da7b7f97] INFO  - [HiveMQ Platform Operator Init App 1.7.0-SNAPSHOT] Stopping the HiveMQ Platform
2025-01-30 18:45:05,945 INFO c.h.h.t.HelmChartContainer - [EVENT] Normal [Killing] Stopping container hivemq [helmupgradeextensionit:test-hivemq-platform-0]
2025-01-30 18:45:05,945 INFO c.h.h.t.HelmChartContainer - Received Killing event for container hivemq in pod test-hivemq-platform-0 [da7b7f97-4da6-4b18-a6e4-baf87c7cb989]
2025-01-30 18:45:05,945 INFO c.h.h.t.HelmChartContainer - Container [test-hivemq-platform-0] [hivemq] [da7b7f97-4da6-4b18-a6e4-baf87c7cb989] was terminated
2025-01-30 18:45:05,945 INFO c.h.h.t.HelmChartContainer - Stopped log watcher for hivemq in pod test-hivemq-platform-0 [da7b7f97-4da6-4b18-a6e4-baf87c7cb989]
2025-01-30 18:45:06,218 INFO c.h.h.t.HelmChartContainer - [test-hivemq-platform] [hivemq] [da7b7f97] INFO  - Shutting down HiveMQ. Please wait, this could take a while...
2025-01-30 18:45:06,219 INFO c.h.h.t.HelmChartContainer - [test-hivemq-platform] [hivemq] [da7b7f97] INFO  - Shutting down listeners and clients
2025-01-30 18:45:06,220 INFO c.h.h.t.HelmChartContainer - [test-hivemq-platform] [hivemq] [da7b7f97] INFO  - Shutdown of listeners is done
2025-01-30 18:45:06,221 INFO c.h.h.t.HelmChartContainer - [test-hivemq-platform] [hivemq] [da7b7f97] INFO  - No clients are connected, proceeding with shutdown
2025-01-30 18:45:07,292 INFO c.h.h.t.HelmChartContainer - Deleting namespace 'helmupgradeextensionit'...
2025-01-30 18:45:09,331 INFO c.h.h.t.HelmChartContainer - [test-hivemq-platform] [hivemq] [da7b7f97] INFO  - Shutting down extension system
2025-01-30 18:45:09,332 INFO c.h.h.t.HelmChartContainer - [test-hivemq-platform] [hivemq] [da7b7f97] INFO  - Stopping extension with id hivemq-dns-cluster-discovery
2025-01-30 18:45:09,333 INFO c.h.h.t.HelmChartContainer - [test-hivemq-platform] [hivemq] [da7b7f97] INFO  - Extension "DNS Cluster Discovery Extension" version 4.3.2 stopped successfully.
2025-01-30 18:45:09,333 INFO c.h.h.t.HelmChartContainer - [test-hivemq-platform] [hivemq] [da7b7f97] INFO  - Stopping extension with id hivemq-prometheus-extension
2025-01-30 18:45:09,337 INFO c.h.h.t.HelmChartContainer - [test-hivemq-platform] [hivemq] [da7b7f97] INFO  - Extension "Prometheus Monitoring Extension" version 4.0.12 stopped successfully.
2025-01-30 18:45:09,337 INFO c.h.h.t.HelmChartContainer - [test-hivemq-platform] [hivemq] [da7b7f97] INFO  - Stopping extension with id hivemq-allow-all-extension
2025-01-30 18:45:09,338 INFO c.h.h.t.HelmChartContainer - [test-hivemq-platform] [hivemq] [da7b7f97] INFO  - Extension "Allow All Extension" version 1.1.1 stopped successfully.
2025-01-30 18:45:10,340 INFO c.h.h.t.HelmChartContainer - [test-hivemq-platform] [hivemq] [da7b7f97] INFO  - [HiveMQ Platform Operator Init App 1.7.0-SNAPSHOT] Returning shutdown Health API response 503 for readiness
2025-01-30 18:45:10,344 INFO c.h.h.t.HelmChartContainer - [EVENT] Warning [Unhealthy] Readiness probe failed: HTTP probe failed with statuscode: 503 [helmupgradeextensionit:test-hivemq-platform-0]
2025-01-30 18:45:10,344 INFO c.h.h.t.HelmChartContainer - Received Unhealthy event for container hivemq in pod test-hivemq-platform-0 [da7b7f97-4da6-4b18-a6e4-baf87c7cb989]
2025-01-30 18:45:10,924 INFO c.h.h.t.HelmChartContainer - [K3S] [authentication.go:74] "Unable to authenticate the request" err="[invalid bearer token, serviceaccounts \"hivemq-platform-pod-test-hivemq-platform\" not found]"
2025-01-30 18:45:10,936 INFO c.h.h.t.HelmChartContainer - [K3S] [authentication.go:74] "Unable to authenticate the request" err="[invalid bearer token, serviceaccounts \"hivemq-platform-pod-test-hivemq-platform\" not found]"
2025-01-30 18:45:10,938 INFO c.h.h.t.HelmChartContainer - [test-hivemq-platform] [hivemq] [da7b7f97] WARN  - [HiveMQ Platform Operator Init App 1.7.0-SNAPSHOT] Could not update Pod annotations: Failure executing: GET at: https://10.43.0.1:443/api/v1/namespaces/helmupgradeextensionit/pods/test-hivemq-platform-0. Message: Unauthorized. Received status: Status(apiVersion=v1, code=401, details=null, kind=Status, message=Unauthorized, metadata=ListMeta(_continue=null, remainingItemCount=null, resourceVersion=null, selfLink=null, additionalProperties={}), reason=Unauthorized, status=Failure, additionalProperties={}).
2025-01-30 18:45:11,694 INFO c.h.h.t.HelmChartContainer - [test-hivemq-platform] [hivemq] [da7b7f97] INFO  - Shutdown completed.
2025-01-30 18:45:12,058 INFO c.h.h.t.HelmChartContainer - [test-hivemq-platform] [hivemq] [da7b7f97] INFO  - [HiveMQ Platform Operator Init App 1.7.0-SNAPSHOT] The HiveMQ Platform exited with code 143
2025-01-30 18:45:12,058 INFO c.h.h.t.HelmChartContainer - [test-hivemq-platform] [hivemq] [da7b7f97] INFO  - [HiveMQ Platform Operator Init App 1.7.0-SNAPSHOT] Stopping the REST API
2025-01-30 18:45:12,116 INFO c.h.h.t.HelmChartContainer - [test-hivemq-platform] [hivemq] [da7b7f97] INFO  - [HiveMQ Platform Operator Init App 1.7.0-SNAPSHOT] Shutdown complete
2025-01-30 18:45:12,451 INFO c.h.h.t.HelmChartContainer - [K3S] [stateful_set.go:466] "StatefulSet has been deleted" key="helmupgradeextensionit/test-hivemq-platform"
2025-01-30 18:45:12,562 INFO c.h.h.t.HelmChartContainer - [POD] test-hivemq-platform-0 [da7b7f97-4da6-4b18-a6e4-baf87c7cb989] in helmupgradeextensionit was MODIFIED
2025-01-30 18:45:12,604 INFO c.h.h.t.HelmChartContainer - [K3S] [reconciler_common.go:162] "operationExecutor.UnmountVolume started for volume \"extension-configuration-hivemq-bridge-extension\" (UniqueName: \"kubernetes.io/configmap/da7b7f97-4da6-4b18-a6e4-baf87c7cb989-extension-configuration-hivemq-bridge-extension\") pod \"da7b7f97-4da6-4b18-a6e4-baf87c7cb989\" (UID: \"da7b7f97-4da6-4b18-a6e4-baf87c7cb989\") "
2025-01-30 18:45:12,604 INFO c.h.h.t.HelmChartContainer - [K3S] [reconciler_common.go:162] "operationExecutor.UnmountVolume started for volume \"operator-init\" (UniqueName: \"kubernetes.io/empty-dir/da7b7f97-4da6-4b18-a6e4-baf87c7cb989-operator-init\") pod \"da7b7f97-4da6-4b18-a6e4-baf87c7cb989\" (UID: \"da7b7f97-4da6-4b18-a6e4-baf87c7cb989\") "
2025-01-30 18:45:12,604 INFO c.h.h.t.HelmChartContainer - [K3S] [reconciler_common.go:162] "operationExecutor.UnmountVolume started for volume \"broker-configuration\" (UniqueName: \"kubernetes.io/configmap/da7b7f97-4da6-4b18-a6e4-baf87c7cb989-broker-configuration\") pod \"da7b7f97-4da6-4b18-a6e4-baf87c7cb989\" (UID: \"da7b7f97-4da6-4b18-a6e4-baf87c7cb989\") "
2025-01-30 18:45:12,605 INFO c.h.h.t.HelmChartContainer - [K3S] [reconciler_common.go:162] "operationExecutor.UnmountVolume started for volume \"pod-info\" (UniqueName: \"kubernetes.io/configmap/da7b7f97-4da6-4b18-a6e4-baf87c7cb989-pod-info\") pod \"da7b7f97-4da6-4b18-a6e4-baf87c7cb989\" (UID: \"da7b7f97-4da6-4b18-a6e4-baf87c7cb989\") "
2025-01-30 18:45:12,605 INFO c.h.h.t.HelmChartContainer - [K3S] [reconciler_common.go:162] "operationExecutor.UnmountVolume started for volume \"kube-api-access-hxkgc\" (UniqueName: \"kubernetes.io/projected/da7b7f97-4da6-4b18-a6e4-baf87c7cb989-kube-api-access-hxkgc\") pod \"da7b7f97-4da6-4b18-a6e4-baf87c7cb989\" (UID: \"da7b7f97-4da6-4b18-a6e4-baf87c7cb989\") "
2025-01-30 18:45:12,608 INFO c.h.h.t.HelmChartContainer - [K3S] [scope.go:117] "RemoveContainer" containerID="61fc2746ecae45e34493e9057e76c6f4acdd22714575d30d0d350854b1732d26"
2025-01-30 18:45:12,701 INFO c.h.h.t.HelmChartContainer - [K3S] [scope.go:117] "RemoveContainer" containerID="afa319d56984d0fdef04a7109af0c16693b3cee0b6275ccb49691748b52a2f08"
2025-01-30 18:45:12,704 INFO c.h.h.t.HelmChartContainer - [K3S] [scope.go:117] "RemoveContainer" containerID="61fc2746ecae45e34493e9057e76c6f4acdd22714575d30d0d350854b1732d26"
2025-01-30 18:45:12,704 INFO c.h.h.t.HelmChartContainer - [K3S] [reconciler_common.go:299] "Volume detached for volume \"kube-api-access-hxkgc\" (UniqueName: \"kubernetes.io/projected/da7b7f97-4da6-4b18-a6e4-baf87c7cb989-kube-api-access-hxkgc\") on node \"5efb8701c4a9\" DevicePath \"\""
2025-01-30 18:45:12,704 INFO c.h.h.t.HelmChartContainer - [K3S] [reconciler_common.go:299] "Volume detached for volume \"operator-init\" (UniqueName: \"kubernetes.io/empty-dir/da7b7f97-4da6-4b18-a6e4-baf87c7cb989-operator-init\") on node \"5efb8701c4a9\" DevicePath \"\""
2025-01-30 18:45:12,704 INFO c.h.h.t.HelmChartContainer - [K3S] [reconciler_common.go:299] "Volume detached for volume \"broker-configuration\" (UniqueName: \"kubernetes.io/configmap/da7b7f97-4da6-4b18-a6e4-baf87c7cb989-broker-configuration\") on node \"5efb8701c4a9\" DevicePath \"\""
2025-01-30 18:45:12,704 INFO c.h.h.t.HelmChartContainer - [K3S] [reconciler_common.go:299] "Volume detached for volume \"pod-info\" (UniqueName: \"kubernetes.io/configmap/da7b7f97-4da6-4b18-a6e4-baf87c7cb989-pod-info\") on node \"5efb8701c4a9\" DevicePath \"\""
2025-01-30 18:45:12,704 INFO c.h.h.t.HelmChartContainer - [K3S] [reconciler_common.go:299] "Volume detached for volume \"extension-configuration-hivemq-bridge-extension\" (UniqueName: \"kubernetes.io/configmap/da7b7f97-4da6-4b18-a6e4-baf87c7cb989-extension-configuration-hivemq-bridge-extension\") on node \"5efb8701c4a9\" DevicePath \"\""
2025-01-30 18:45:12,705 INFO c.h.h.t.HelmChartContainer - [K3S] [scope.go:117] "RemoveContainer" containerID="afa319d56984d0fdef04a7109af0c16693b3cee0b6275ccb49691748b52a2f08"
2025-01-30 18:45:12,921 INFO c.h.h.t.HelmChartContainer - [POD] test-hivemq-platform-0 [da7b7f97-4da6-4b18-a6e4-baf87c7cb989] in helmupgradeextensionit was MODIFIED
2025-01-30 18:45:12,924 INFO c.h.h.t.HelmChartContainer - [POD] test-hivemq-platform-0 [da7b7f97-4da6-4b18-a6e4-baf87c7cb989] in helmupgradeextensionit was DELETED
2025-01-30 18:45:14,284 INFO c.h.h.t.HelmChartContainer - [K3S] [kubelet_volumes.go:163] "Cleaned up orphaned pod volumes dir" podUID="da7b7f97-4da6-4b18-a6e4-baf87c7cb989" path="/var/lib/kubelet/pods/da7b7f97-4da6-4b18-a6e4-baf87c7cb989/volumes"
2025-01-30 18:45:17,561 INFO c.h.h.t.HelmChartContainer - Namespace 'helmupgradeextensionit' deleted
2025-01-30 18:45:17,561 INFO c.h.h.t.HelmChartContainer - Release 'test-hivemq-platform' in namespace 'helmupgradeextensionit' is uninstalled
2025-01-30 18:45:17,561 INFO c.h.h.t.HelmChartContainer - Uninstalling release 'test-hivemq-platform-operator' in namespace 'helmupgradeextensionit-operator'...
2025-01-30 18:45:17,561 DEBUG c.h.h.t.HelmChartContainer - Executing helm command: /bin/helm --kubeconfig /etc/rancher/k3s/k3s.yaml uninstall test-hivemq-platform-operator  --wait --timeout 5m0s --cascade foreground --namespace helmupgradeextensionit-operator
2025-01-30 18:45:17,718 INFO c.h.h.t.HelmChartContainer - [K3S] [replica_set.go:679] "Finished syncing" kind="ReplicaSet" key="helmupgradeextensionit-operator/hivemq-test-hivemq-platform-operator-6966f96d65" duration="8.746373ms"
2025-01-30 18:45:17,718 INFO c.h.h.t.HelmChartContainer - [K3S] [replica_set.go:679] "Finished syncing" kind="ReplicaSet" key="helmupgradeextensionit-operator/hivemq-test-hivemq-platform-operator-6966f96d65" duration="34.585µs"
2025-01-30 18:45:17,739 INFO c.h.h.t.HelmChartContainer - [POD] hivemq-test-hivemq-platform-operator-6966f96d65-zv2ll [e3f41db1-6613-4c84-9328-02c6f375b36f] in helmupgradeextensionit-operator was MODIFIED
2025-01-30 18:45:17,739 INFO c.h.h.t.HelmChartContainer - [EVENT] Normal [Killing] Stopping container hivemq-platform-operator [helmupgradeextensionit-operator:hivemq-test-hivemq-platform-operator-6966f96d65-zv2ll]
2025-01-30 18:45:17,739 INFO c.h.h.t.HelmChartContainer - Received Killing event for container hivemq-platform-operator in pod hivemq-test-hivemq-platform-operator-6966f96d65-zv2ll [e3f41db1-6613-4c84-9328-02c6f375b36f]
2025-01-30 18:45:17,739 INFO c.h.h.t.HelmChartContainer - Container [hivemq-test-hivemq-platform-operator-6966f96d65-zv2ll] [hivemq-platform-operator] [e3f41db1-6613-4c84-9328-02c6f375b36f] was terminated
2025-01-30 18:45:17,739 INFO c.h.h.t.HelmChartContainer - Stopped log watcher for hivemq-platform-operator in pod hivemq-test-hivemq-platform-operator-6966f96d65-zv2ll [e3f41db1-6613-4c84-9328-02c6f375b36f]
2025-01-30 18:45:17,757 INFO c.h.h.t.HelmChartContainer - [K3S] [replica_set.go:679] "Finished syncing" kind="ReplicaSet" key="helmupgradeextensionit-operator/hivemq-test-hivemq-platform-operator-6966f96d65" duration="24.384278ms"
2025-01-30 18:45:17,758 INFO c.h.h.t.HelmChartContainer - [K3S] [replica_set.go:679] "Finished syncing" kind="ReplicaSet" key="helmupgradeextensionit-operator/hivemq-test-hivemq-platform-operator-6966f96d65" duration="47.558µs"
2025-01-30 18:45:17,761 INFO c.h.h.t.HelmChartContainer - [hivemq-test-hivemq-platform] [hivemq-platform-operator] [e3f41db1] 18:45:17.750 [application-shutdown-thread] INFO  c.h.p.o.HiveMQPlatformOperatorApplication - HiveMQ Platform Operator is stopping...
2025-01-30 18:45:17,761 INFO c.h.h.t.HelmChartContainer - [hivemq-test-hivemq-platform] [hivemq-platform-operator] [e3f41db1] 18:45:17.750 [application-shutdown-thread] INFO  i.javaoperatorsdk.operator.Operator - Operator SDK 4.9.7 is shutting down...
2025-01-30 18:45:17,764 INFO c.h.h.t.HelmChartContainer - [EVENT] Warning [FailedToUpdateEndpoint] Failed to update endpoint helmupgradeextensionit-operator/hivemq-platform-operator-test-hivemq-platform-operator: Operation cannot be fulfilled on endpoints "hivemq-platform-operator-test-hivemq-platform-operator": StorageError: invalid object, Code: 4, Key: /registry/services/endpoints/helmupgradeextensionit-operator/hivemq-platform-operator-test-hivemq-platform-operator, ResourceVersion: 0, AdditionalErrorMsg: Precondition failed: UID in precondition: 808e678b-e67b-47d9-a76e-815cf7310621, UID in object meta:  [helmupgradeextensionit-operator:hivemq-platform-operator-test-hivemq-platform-operator]
2025-01-30 18:45:18,276 INFO c.h.h.t.HelmChartContainer - [K3S] [replica_set.go:679] "Finished syncing" kind="ReplicaSet" key="helmupgradeextensionit-operator/hivemq-test-hivemq-platform-operator-6966f96d65" duration="41.236µs"
2025-01-30 18:45:18,278 INFO c.h.h.t.HelmChartContainer - [POD] hivemq-test-hivemq-platform-operator-6966f96d65-zv2ll [e3f41db1-6613-4c84-9328-02c6f375b36f] in helmupgradeextensionit-operator was MODIFIED
2025-01-30 18:45:18,335 INFO c.h.h.t.HelmChartContainer - [K3S] [reconciler_common.go:162] "operationExecutor.UnmountVolume started for volume \"kube-api-access-gvmhb\" (UniqueName: \"kubernetes.io/projected/e3f41db1-6613-4c84-9328-02c6f375b36f-kube-api-access-gvmhb\") pod \"e3f41db1-6613-4c84-9328-02c6f375b36f\" (UID: \"e3f41db1-6613-4c84-9328-02c6f375b36f\") "
2025-01-30 18:45:18,435 INFO c.h.h.t.HelmChartContainer - [K3S] [reconciler_common.go:299] "Volume detached for volume \"kube-api-access-gvmhb\" (UniqueName: \"kubernetes.io/projected/e3f41db1-6613-4c84-9328-02c6f375b36f-kube-api-access-gvmhb\") on node \"5efb8701c4a9\" DevicePath \"\""
2025-01-30 18:45:18,617 INFO c.h.h.t.HelmChartContainer - [K3S] [scope.go:117] "RemoveContainer" containerID="4d936eb1e554465c23c0edab3aedd0872d28cd0452f85d981998c5ae4532ea1a"
2025-01-30 18:45:18,620 INFO c.h.h.t.HelmChartContainer - [K3S] [scope.go:117] "RemoveContainer" containerID="4d936eb1e554465c23c0edab3aedd0872d28cd0452f85d981998c5ae4532ea1a"
2025-01-30 18:45:18,628 INFO c.h.h.t.HelmChartContainer - [K3S] [replica_set.go:679] "Finished syncing" kind="ReplicaSet" key="helmupgradeextensionit-operator/hivemq-test-hivemq-platform-operator-6966f96d65" duration="41.327µs"
2025-01-30 18:45:18,629 INFO c.h.h.t.HelmChartContainer - [POD] hivemq-test-hivemq-platform-operator-6966f96d65-zv2ll [e3f41db1-6613-4c84-9328-02c6f375b36f] in helmupgradeextensionit-operator was MODIFIED
2025-01-30 18:45:18,631 INFO c.h.h.t.HelmChartContainer - [K3S] [replica_set.go:679] "Finished syncing" kind="ReplicaSet" key="helmupgradeextensionit-operator/hivemq-test-hivemq-platform-operator-6966f96d65" duration="28.433µs"
2025-01-30 18:45:18,632 INFO c.h.h.t.HelmChartContainer - [POD] hivemq-test-hivemq-platform-operator-6966f96d65-zv2ll [e3f41db1-6613-4c84-9328-02c6f375b36f] in helmupgradeextensionit-operator was DELETED
2025-01-30 18:45:18,643 INFO c.h.h.t.HelmChartContainer - [K3S] [replica_set.go:679] "Finished syncing" kind="ReplicaSet" key="helmupgradeextensionit-operator/hivemq-test-hivemq-platform-operator-6966f96d65" duration="7.284µs"
2025-01-30 18:45:19,767 INFO c.h.h.t.HelmChartContainer - Deleting namespace 'helmupgradeextensionit-operator'...
2025-01-30 18:45:20,285 INFO c.h.h.t.HelmChartContainer - [K3S] [kubelet_volumes.go:163] "Cleaned up orphaned pod volumes dir" podUID="e3f41db1-6613-4c84-9328-02c6f375b36f" path="/var/lib/kubelet/pods/e3f41db1-6613-4c84-9328-02c6f375b36f/volumes"
2025-01-30 18:45:22,550 INFO c.h.h.t.HelmChartContainer - [K3S] [namespace_controller.go:187] "Namespace has been deleted" namespace="helmupgradeextensionit"
2025-01-30 18:45:24,987 INFO c.h.h.t.HelmChartContainer - Namespace 'helmupgradeextensionit-operator' deleted
2025-01-30 18:45:24,987 INFO c.h.h.t.HelmChartContainer - Release 'test-hivemq-platform-operator' in namespace 'helmupgradeextensionit-operator' is uninstalled
2025-01-30 18:45:25,707 INFO c.h.helmcharts.AbstractHelmChartIT - Removed unused containers:

2025-01-30 18:45:29,886 INFO c.h.h.t.HelmChartContainer - [K3S] [namespace_controller.go:187] "Namespace has been deleted" namespace="helmupgradeextensionit-operator"
2025-01-30 18:45:33,252 INFO c.h.helmcharts.AbstractHelmChartIT - Removed unused snapshots:
Removing snapshot sha256:03af251906410714c5aef9fa705b63f6bbc39c4a5e787de7361eeb18886c2ed2
Removing snapshot sha256:0c46b3b43cce082ce5ec34ffc6c294e0417d17b9d1e6f366d114b6aadc4f96dc
Removing snapshot sha256:0ce761beee59082d6ed5bcebd3a805b8ddd9b3426b617e4809e7fb7c6587ffec
Removing snapshot sha256:0df91287303208332c8ff6ba40ae4710105201739addbfbddfb955f1ad593664
Removing snapshot sha256:1021ef88c7974bfff89c5a0ec4fd3160daac6c48a075f74cff721f85dd104e68
Removing snapshot sha256:10aba4953ddc18145dd38e3704709bc464aa20af60b56fe52caaff4b68411e62
Removing snapshot sha256:19a1c338f50c1cfaac319b9910ae954136794d0c0a8d1754b3157407b107d9ec
Removing snapshot sha256:362a8a37f8bbc31925a8146adcf7cf51f9882f5c1dcbef67c5baa03a297543c0
Removing snapshot sha256:43a0cec96d12c9236928f8ec07085aba6a6da20fed24ac4098836bf77aed9682
Removing snapshot sha256:43a7c979bbaba6838bc3102d6b10a1459f3ab050b87ccdfef84ef90cf43d3058
Removing snapshot sha256:4ab04491cdf0d3267f08206fe30bd48f49f94b9cab2f016d6739220f722a64af
Removing snapshot sha256:4b6068250e89c96f263060261819c7d912855bfbd64b3eb4c4a8483299b8c295
Removing snapshot sha256:580e69a0a8034ede1921139bbd2bfb72a69ebf276d008281896c32dd8bf74775
Removing snapshot sha256:5d30ba46b27fe37484567ccc5242cadc78217b8da605f3f195ef25cbf7487904
Removing snapshot sha256:63ca1fbb43ae5034640e5e6cb3e083e05c290072c5366fcaa9d62435a4cced85
Removing snapshot sha256:67f702c6baae873bceb19487c8b1f27bd2b86077e4f2f0e480e6d60ab508b8f5
Removing snapshot sha256:6864348dd42806d552efdec384f1274be15e2d0c10ce44c1f04347af004c10a9
Removing snapshot sha256:6c7dee8f2c39b84b7dc2711c01d33de93514d9055499173e9290176fbe484b6c
Removing snapshot sha256:82753493a6d61ded36556292f02f31841a14c20d2f279f19eaad65afb661d5cd
Removing snapshot sha256:8a10d3db42c505ee0fcfa98417bdd7e39b304f6bcc0a06bb1b220797ff2cc63c
Removing snapshot sha256:a21e5b12dbac529ad45d976eb9ce45c881f3bedcc500fb30aba1e52aa1813418
Removing snapshot sha256:b921e6c28969094157f9b8e7244677780319637afd14450b7cb6b2fdea558a0c
Removing snapshot sha256:bc27ecb5769a00e309cf99ebc763c4a4b958b618d1decc96ffac5bc05f02f5b7
Removing snapshot sha256:be3ccb6627a5332e309d45ef461d09b4879dd870c7394d89323d0ebc6ca6aa8a
Removing snapshot sha256:c261f7cbbc64211ee175ee47273acdb7b1a36a4450b397a064a8f2c026490095
Removing snapshot sha256:c34d9393647eea0c9e3557ab988efaf59f61d10a2a5613b439ef0958cca5ec10
Removing snapshot sha256:ccf3c4a0fa967a41c1c83497a2ce6fa5787965859df0adb32c4ca2cf7490bc2b
Removing snapshot sha256:cf92d33f869417309692088c341cd0f223c178ea78a125f757317b22aa8f90e9
Removing snapshot sha256:d0037344cf2fb078884f1849f6a1f8cf9a33a3b6139b6a85833e5ee528e1f9a8
Removing snapshot sha256:d3b36d5b79273b1e98e7700470eaeff05a882e777124d84cebcc1505b85ecb36
Removing snapshot sha256:d65a44a37914602d12c611e5e22a50f11451d847e63015cc1c2aef92dee777a4
Removing snapshot sha256:e2dc0bae2455930f23ae570e019b7f32edc75c0f2d71cab084db837ff9051796
Removing snapshot sha256:eccbd24a99c60cd9e86ee5305dbfc4a4dc89f5ab4fb1f06c8d64797cecedef34
Removing snapshot sha256:f144bb4c7c7f0d2aa7eeffd36d934ec40db1ee167be727e326aad9fdc616f475

]]></system-out>
  </testcase>
  <testcase name="withBridgeConfiguration_updateExtensionWithNewConfig()" classname="com.hivemq.helmcharts.extensions.HelmUpgradeExtensionIT" time="326.432">
    <system-out><![CDATA[2025-01-30 18:45:33,262 INFO c.h.h.t.HelmChartContainer - Creating namespace 'helmupgradeextensionit-operator'...
2025-01-30 18:45:33,266 INFO c.h.h.t.HelmChartContainer - Namespace 'helmupgradeextensionit-operator' created
2025-01-30 18:45:33,267 INFO c.h.h.t.HelmChartContainer - Creating namespace 'helmupgradeextensionit'...
2025-01-30 18:45:33,273 INFO c.h.h.t.HelmChartContainer - Namespace 'helmupgradeextensionit' created
2025-01-30 18:45:33,338 DEBUG c.h.h.t.HelmChartContainer - Executing helm command: /bin/helm --kubeconfig /etc/rancher/k3s/k3s.yaml install test-hivemq-platform-operator /charts/hivemq-platform-operator --wait --timeout 5m0s --set image.repository=docker.io/hivemq --set image.name=hivemq-platform-operator-test --set image.initImageName=hivemq-platform-operator-init-test --set image.tag=snapshot --set image.pullPolicy=Never --set logLevel=DEBUG --set resources.cpu=512m --namespace helmupgradeextensionit-operator
2025-01-30 18:45:33,641 INFO c.h.h.t.HelmChartContainer - [K3S] [alloc.go:330] "allocated clusterIPs" service="helmupgradeextensionit-operator/hivemq-platform-operator-test-hivemq-platform-operator" clusterIPs={"IPv4":"10.43.199.159"}
2025-01-30 18:45:33,659 INFO c.h.h.t.HelmChartContainer - [EVENT] Normal [ScalingReplicaSet] Scaled up replica set hivemq-test-hivemq-platform-operator-6966f96d65 from 0 to 1 [helmupgradeextensionit-operator:hivemq-test-hivemq-platform-operator]
2025-01-30 18:45:33,666 INFO c.h.h.t.HelmChartContainer - [POD] hivemq-test-hivemq-platform-operator-6966f96d65-zjtqk [56d0a44e-9049-45e2-8398-5499e6d512f8] in helmupgradeextensionit-operator was ADDED
2025-01-30 18:45:33,674 INFO c.h.h.t.HelmChartContainer - [EVENT] Normal [SuccessfulCreate] Created pod: hivemq-test-hivemq-platform-operator-6966f96d65-zjtqk [helmupgradeextensionit-operator:hivemq-test-hivemq-platform-operator-6966f96d65]
2025-01-30 18:45:33,675 INFO c.h.h.t.HelmChartContainer - [POD] hivemq-test-hivemq-platform-operator-6966f96d65-zjtqk [56d0a44e-9049-45e2-8398-5499e6d512f8] in helmupgradeextensionit-operator was MODIFIED
2025-01-30 18:45:33,675 INFO c.h.h.t.HelmChartContainer - [K3S] [memory_manager.go:355] "RemoveStaleState removing state" podUID="e3f41db1-6613-4c84-9328-02c6f375b36f" containerName="hivemq-platform-operator"
2025-01-30 18:45:33,675 INFO c.h.h.t.HelmChartContainer - [K3S] [memory_manager.go:355] "RemoveStaleState removing state" podUID="da7b7f97-4da6-4b18-a6e4-baf87c7cb989" containerName="hivemq"
2025-01-30 18:45:33,681 INFO c.h.h.t.HelmChartContainer - [K3S] [replica_set.go:679] "Finished syncing" kind="ReplicaSet" key="helmupgradeextensionit-operator/hivemq-test-hivemq-platform-operator-6966f96d65" duration="26.782921ms"
2025-01-30 18:45:33,689 INFO c.h.h.t.HelmChartContainer - [EVENT] Normal [Scheduled] Successfully assigned helmupgradeextensionit-operator/hivemq-test-hivemq-platform-operator-6966f96d65-zjtqk to 5efb8701c4a9 [helmupgradeextensionit-operator:hivemq-test-hivemq-platform-operator-6966f96d65-zjtqk]
2025-01-30 18:45:33,692 INFO c.h.h.t.HelmChartContainer - [K3S] [replica_set.go:679] "Finished syncing" kind="ReplicaSet" key="helmupgradeextensionit-operator/hivemq-test-hivemq-platform-operator-6966f96d65" duration="11.006849ms"
2025-01-30 18:45:33,692 INFO c.h.h.t.HelmChartContainer - [K3S] [replica_set.go:679] "Finished syncing" kind="ReplicaSet" key="helmupgradeextensionit-operator/hivemq-test-hivemq-platform-operator-6966f96d65" duration="36.658µs"
2025-01-30 18:45:33,694 INFO c.h.h.t.HelmChartContainer - [K3S] [replica_set.go:679] "Finished syncing" kind="ReplicaSet" key="helmupgradeextensionit-operator/hivemq-test-hivemq-platform-operator-6966f96d65" duration="34.294µs"
2025-01-30 18:45:33,696 INFO c.h.h.t.HelmChartContainer - [POD] hivemq-test-hivemq-platform-operator-6966f96d65-zjtqk [56d0a44e-9049-45e2-8398-5499e6d512f8] in helmupgradeextensionit-operator was MODIFIED
2025-01-30 18:45:33,730 INFO c.h.h.t.HelmChartContainer - [K3S] [reconciler_common.go:251] "operationExecutor.VerifyControllerAttachedVolume started for volume \"kube-api-access-jqnpj\" (UniqueName: \"kubernetes.io/projected/56d0a44e-9049-45e2-8398-5499e6d512f8-kube-api-access-jqnpj\") pod \"hivemq-test-hivemq-platform-operator-6966f96d65-zjtqk\" (UID: \"56d0a44e-9049-45e2-8398-5499e6d512f8\") " pod="helmupgradeextensionit-operator/hivemq-test-hivemq-platform-operator-6966f96d65-zjtqk"
2025-01-30 18:45:34,074 INFO c.h.h.t.HelmChartContainer - [EVENT] Normal [Pulled] Container image "docker.io/hivemq/hivemq-platform-operator-test:snapshot" already present on machine [helmupgradeextensionit-operator:hivemq-test-hivemq-platform-operator-6966f96d65-zjtqk]
2025-01-30 18:45:34,074 INFO c.h.h.t.HelmChartContainer - Received Pulled event for container hivemq-platform-operator in pod hivemq-test-hivemq-platform-operator-6966f96d65-zjtqk [56d0a44e-9049-45e2-8398-5499e6d512f8]
2025-01-30 18:45:35,479 INFO c.h.h.t.HelmChartContainer - [EVENT] Normal [Created] Created container: hivemq-platform-operator [helmupgradeextensionit-operator:hivemq-test-hivemq-platform-operator-6966f96d65-zjtqk]
2025-01-30 18:45:35,480 INFO c.h.h.t.HelmChartContainer - Received Created event for container hivemq-platform-operator in pod hivemq-test-hivemq-platform-operator-6966f96d65-zjtqk [56d0a44e-9049-45e2-8398-5499e6d512f8]
2025-01-30 18:45:35,668 INFO c.h.h.t.HelmChartContainer - [POD] hivemq-test-hivemq-platform-operator-6966f96d65-zjtqk [56d0a44e-9049-45e2-8398-5499e6d512f8] in helmupgradeextensionit-operator was MODIFIED
2025-01-30 18:45:35,676 INFO c.h.h.t.HelmChartContainer - [K3S] [replica_set.go:679] "Finished syncing" kind="ReplicaSet" key="helmupgradeextensionit-operator/hivemq-test-hivemq-platform-operator-6966f96d65" duration="109.644µs"
2025-01-30 18:45:35,691 INFO c.h.h.t.HelmChartContainer - Started log watcher for hivemq-platform-operator in pod hivemq-test-hivemq-platform-operator-6966f96d65-zjtqk [56d0a44e-9049-45e2-8398-5499e6d512f8]
2025-01-30 18:45:35,691 INFO c.h.h.t.HelmChartContainer - [EVENT] Normal [Started] Started container hivemq-platform-operator [helmupgradeextensionit-operator:hivemq-test-hivemq-platform-operator-6966f96d65-zjtqk]
2025-01-30 18:45:35,694 INFO c.h.h.t.HelmChartContainer - Received Started event for container hivemq-platform-operator in pod hivemq-test-hivemq-platform-operator-6966f96d65-zjtqk [56d0a44e-9049-45e2-8398-5499e6d512f8]
2025-01-30 18:45:35,698 INFO c.h.h.t.HelmChartContainer - [hivemq-test-hivemq-platform] [hivemq-platform-operator] [56d0a44e] -------------------------------------------------------------------------
2025-01-30 18:45:35,698 INFO c.h.h.t.HelmChartContainer - [hivemq-test-hivemq-platform] [hivemq-platform-operator] [56d0a44e] 
2025-01-30 18:45:35,698 INFO c.h.h.t.HelmChartContainer - [hivemq-test-hivemq-platform] [hivemq-platform-operator] [56d0a44e]                   _    _  _              __  __   ____
2025-01-30 18:45:35,698 INFO c.h.h.t.HelmChartContainer - [hivemq-test-hivemq-platform] [hivemq-platform-operator] [56d0a44e]                  | |  | |(_)            |  \/  | / __ \
2025-01-30 18:45:35,698 INFO c.h.h.t.HelmChartContainer - [hivemq-test-hivemq-platform] [hivemq-platform-operator] [56d0a44e]                  | |__| | _ __   __ ___ | \  / || |  | |
2025-01-30 18:45:35,698 INFO c.h.h.t.HelmChartContainer - [hivemq-test-hivemq-platform] [hivemq-platform-operator] [56d0a44e]                  |  __  || |\ \ / // _ \| |\/| || |  | |
2025-01-30 18:45:35,698 INFO c.h.h.t.HelmChartContainer - [hivemq-test-hivemq-platform] [hivemq-platform-operator] [56d0a44e]                  | |  | || | \ V /|  __/| |  | || |__| |
2025-01-30 18:45:35,698 INFO c.h.h.t.HelmChartContainer - [hivemq-test-hivemq-platform] [hivemq-platform-operator] [56d0a44e]                  |_|  |_||_|  \_/  \___||_|  |_| \___\_\
2025-01-30 18:45:35,698 INFO c.h.h.t.HelmChartContainer - [hivemq-test-hivemq-platform] [hivemq-platform-operator] [56d0a44e] 
2025-01-30 18:45:35,698 INFO c.h.h.t.HelmChartContainer - [hivemq-test-hivemq-platform] [hivemq-platform-operator] [56d0a44e] -------------------------------------------------------------------------
2025-01-30 18:45:35,698 INFO c.h.h.t.HelmChartContainer - [hivemq-test-hivemq-platform] [hivemq-platform-operator] [56d0a44e] 
2025-01-30 18:45:35,698 INFO c.h.h.t.HelmChartContainer - [hivemq-test-hivemq-platform] [hivemq-platform-operator] [56d0a44e]   HiveMQ Platform Operator Start Script v1.0
2025-01-30 18:45:35,698 INFO c.h.h.t.HelmChartContainer - [hivemq-test-hivemq-platform] [hivemq-platform-operator] [56d0a44e] 
2025-01-30 18:45:35,698 INFO c.h.h.t.HelmChartContainer - [hivemq-test-hivemq-platform] [hivemq-platform-operator] [56d0a44e] -------------------------------------------------------------------------
2025-01-30 18:45:35,698 INFO c.h.h.t.HelmChartContainer - [hivemq-test-hivemq-platform] [hivemq-platform-operator] [56d0a44e] 
2025-01-30 18:45:35,698 INFO c.h.h.t.HelmChartContainer - [hivemq-test-hivemq-platform] [hivemq-platform-operator] [56d0a44e]   JAVA_OPTS: -XX:+UnlockExperimentalVMOptions -XX:InitialRAMPercentage=75 -XX:MaxRAMPercentage=75 -Duser.language=en -Duser.region=US
2025-01-30 18:45:35,698 INFO c.h.h.t.HelmChartContainer - [hivemq-test-hivemq-platform] [hivemq-platform-operator] [56d0a44e] 
2025-01-30 18:45:35,698 INFO c.h.h.t.HelmChartContainer - [hivemq-test-hivemq-platform] [hivemq-platform-operator] [56d0a44e]   JAVA_VERSION: 21
2025-01-30 18:45:35,698 INFO c.h.h.t.HelmChartContainer - [hivemq-test-hivemq-platform] [hivemq-platform-operator] [56d0a44e] 
2025-01-30 18:45:35,698 INFO c.h.h.t.HelmChartContainer - [hivemq-test-hivemq-platform] [hivemq-platform-operator] [56d0a44e] -------------------------------------------------------------------------
2025-01-30 18:45:35,698 INFO c.h.h.t.HelmChartContainer - [hivemq-test-hivemq-platform] [hivemq-platform-operator] [56d0a44e] 
2025-01-30 18:45:38,856 INFO c.h.h.t.HelmChartContainer - [hivemq-test-hivemq-platform] [hivemq-platform-operator] [56d0a44e] 18:45:38.854 [main] DEBUG org.jboss.logging - Logging Provider: org.jboss.logging.Slf4jLoggerProvider
2025-01-30 18:45:38,957 INFO c.h.h.t.HelmChartContainer - [hivemq-test-hivemq-platform] [hivemq-platform-operator] [56d0a44e] 18:45:38.956 [main] DEBUG io.smallrye.config - SRCFG01006: Loaded ConfigSource SysPropConfigSource with ordinal 400
2025-01-30 18:45:38,957 INFO c.h.h.t.HelmChartContainer - [hivemq-test-hivemq-platform] [hivemq-platform-operator] [56d0a44e] 18:45:38.956 [main] DEBUG io.smallrye.config - SRCFG01006: Loaded ConfigSource EnvConfigSource with ordinal 300
2025-01-30 18:45:38,957 INFO c.h.h.t.HelmChartContainer - [hivemq-test-hivemq-platform] [hivemq-platform-operator] [56d0a44e] 18:45:38.956 [main] DEBUG io.smallrye.config - SRCFG01006: Loaded ConfigSource PropertiesConfigSource[source=jar:file:///opt/hivemq-platform-operator/bin/hivemq-platform-operator.jar!/hivemq-platform-operator.properties] with ordinal 100
2025-01-30 18:45:38,957 INFO c.h.h.t.HelmChartContainer - [hivemq-test-hivemq-platform] [hivemq-platform-operator] [56d0a44e] 18:45:38.956 [main] DEBUG io.smallrye.config - SRCFG01006: Loaded ConfigSource DefaultValuesConfigSource with ordinal -2147483648
2025-01-30 18:45:39,061 INFO c.h.h.t.HelmChartContainer - [hivemq-test-hivemq-platform] [hivemq-platform-operator] [56d0a44e] 18:45:39.060 [main] DEBUG i.m.c.u.i.l.InternalLoggerFactory - Using SLF4J as the default logging framework
2025-01-30 18:45:39,166 INFO c.h.h.t.HelmChartContainer - [hivemq-test-hivemq-platform] [hivemq-platform-operator] [56d0a44e] 18:45:39.160 [main] INFO  c.h.p.o.HiveMQPlatformOperatorApplication - HiveMQ Platform Operator 1.7.0-SNAPSHOT (commit: 47e3375 on branch: HEAD) built on Thu Jan 30 03:55:50 UTC 2025
2025-01-30 18:45:39,167 INFO c.h.h.t.HelmChartContainer - [hivemq-test-hivemq-platform] [hivemq-platform-operator] [56d0a44e] 18:45:39.166 [main] INFO  c.h.p.o.HiveMQPlatformOperatorApplication - HiveMQ Platform Operator is running in namespace: helmupgradeextensionit-operator
2025-01-30 18:45:39,167 INFO c.h.h.t.HelmChartContainer - [hivemq-test-hivemq-platform] [hivemq-platform-operator] [56d0a44e] 18:45:39.166 [main] INFO  c.h.p.o.HiveMQPlatformOperatorApplication - Watching all namespaces
2025-01-30 18:45:39,167 INFO c.h.h.t.HelmChartContainer - [hivemq-test-hivemq-platform] [hivemq-platform-operator] [56d0a44e] 18:45:39.166 [main] INFO  c.h.p.o.HiveMQPlatformOperatorApplication - Log level: DEBUG
2025-01-30 18:45:39,167 INFO c.h.h.t.HelmChartContainer - [hivemq-test-hivemq-platform] [hivemq-platform-operator] [56d0a44e] 18:45:39.166 [main] INFO  c.h.p.o.HiveMQPlatformOperatorApplication - Release name: test-hivemq-platform-operator
2025-01-30 18:45:39,167 INFO c.h.h.t.HelmChartContainer - [hivemq-test-hivemq-platform] [hivemq-platform-operator] [56d0a44e] 18:45:39.166 [main] INFO  c.h.p.o.HiveMQPlatformOperatorApplication - HiveMQ Platform Operator Init image: docker.io/hivemq/hivemq-platform-operator-init-test:snapshot
2025-01-30 18:45:39,167 INFO c.h.h.t.HelmChartContainer - [hivemq-test-hivemq-platform] [hivemq-platform-operator] [56d0a44e] 18:45:39.166 [main] INFO  c.h.p.o.HiveMQPlatformOperatorApplication - HiveMQ Platform Operator Init App update URL: http://hivemq-platform-operator-test-hivemq-platform-operator.helmupgradeextensionit-operator.svc:8080/initAppUpdate/hivemq-platform-operator-init-app-1.7.0-SNAPSHOT.jar
2025-01-30 18:45:39,167 INFO c.h.h.t.HelmChartContainer - [hivemq-test-hivemq-platform] [hivemq-platform-operator] [56d0a44e] 18:45:39.166 [main] INFO  c.h.p.o.HiveMQPlatformOperatorApplication - Additional imagePullSecret for all Platform deployments: none
2025-01-30 18:45:39,167 INFO c.h.h.t.HelmChartContainer - [hivemq-test-hivemq-platform] [hivemq-platform-operator] [56d0a44e] 18:45:39.166 [main] INFO  c.h.p.o.HiveMQPlatformOperatorApplication - Apply HiveMQ Platform CRD: true
2025-01-30 18:45:39,167 INFO c.h.h.t.HelmChartContainer - [hivemq-test-hivemq-platform] [hivemq-platform-operator] [56d0a44e] 18:45:39.166 [main] INFO  c.h.p.o.HiveMQPlatformOperatorApplication - Create Platform ServiceAccount: true
2025-01-30 18:45:39,167 INFO c.h.h.t.HelmChartContainer - [hivemq-test-hivemq-platform] [hivemq-platform-operator] [56d0a44e] 18:45:39.166 [main] INFO  c.h.p.o.HiveMQPlatformOperatorApplication - Create Platform ServiceAccount permissions: true
2025-01-30 18:45:39,167 INFO c.h.h.t.HelmChartContainer - [hivemq-test-hivemq-platform] [hivemq-platform-operator] [56d0a44e] 18:45:39.166 [main] INFO  c.h.p.o.HiveMQPlatformOperatorApplication - Validate Platform ServiceAccount: true
2025-01-30 18:45:39,167 INFO c.h.h.t.HelmChartContainer - [hivemq-test-hivemq-platform] [hivemq-platform-operator] [56d0a44e] 18:45:39.166 [main] INFO  c.h.p.o.HiveMQPlatformOperatorApplication - Validate Platform ServiceAccount permissions: true
2025-01-30 18:45:39,340 INFO c.h.h.t.HelmChartContainer - [hivemq-test-hivemq-platform] [hivemq-platform-operator] [56d0a44e] 18:45:39.339 [main] INFO  c.h.platform.operator.util.CRDUtil - Verifying deployed HiveMQ Platform CRD...
2025-01-30 18:45:41,863 INFO c.h.h.t.HelmChartContainer - [hivemq-test-hivemq-platform] [hivemq-platform-operator] [56d0a44e] 18:45:41.862 [main] DEBUG c.h.platform.operator.util.CRDUtil - HiveMQ Platform CRD version v1 is up to date
2025-01-30 18:45:41,863 INFO c.h.h.t.HelmChartContainer - [hivemq-test-hivemq-platform] [hivemq-platform-operator] [56d0a44e] 18:45:41.862 [main] INFO  c.h.platform.operator.util.CRDUtil - HiveMQ Platform CRD is up to date (version: V1_6_0)
2025-01-30 18:45:41,864 INFO c.h.h.t.HelmChartContainer - [hivemq-test-hivemq-platform] [hivemq-platform-operator] [56d0a44e] 18:45:41.862 [main] INFO  c.h.platform.operator.util.CRDUtil - Waiting 10000 ms for HiveMQ Platform CRD 'hivemq-platforms.hivemq.com' to become ready...
2025-01-30 18:45:42,159 INFO c.h.h.t.HelmChartContainer - [hivemq-test-hivemq-platform] [hivemq-platform-operator] [56d0a44e] 18:45:42.158 [vert.x-eventloop-thread-1] DEBUG c.h.platform.operator.util.CRDUtil - Checking CRD condition 'NamesAccepted' (status: 'True')
2025-01-30 18:45:42,161 INFO c.h.h.t.HelmChartContainer - [hivemq-test-hivemq-platform] [hivemq-platform-operator] [56d0a44e] 18:45:42.159 [vert.x-eventloop-thread-1] DEBUG c.h.platform.operator.util.CRDUtil - Checking CRD condition 'Established' (status: 'True')
2025-01-30 18:45:42,161 INFO c.h.h.t.HelmChartContainer - [hivemq-test-hivemq-platform] [hivemq-platform-operator] [56d0a44e] 18:45:42.160 [main] INFO  c.h.platform.operator.util.CRDUtil - HiveMQ Platform CRD 'hivemq-platforms.hivemq.com' is ready
2025-01-30 18:45:42,360 INFO c.h.h.t.HelmChartContainer - [hivemq-test-hivemq-platform] [hivemq-platform-operator] [56d0a44e] 18:45:42.358 [main] INFO  c.h.p.o.HiveMQPlatformReconciler - HiveMQ Platform Operator is starting...
2025-01-30 18:45:42,466 INFO c.h.h.t.HelmChartContainer - [hivemq-test-hivemq-platform] [hivemq-platform-operator] [56d0a44e] 18:45:42.465 [main] WARN  Default ConfigurationService implementation - Configuration for reconciler 'hivemq-controller' was not found. Known reconcilers: None.
2025-01-30 18:45:42,552 INFO c.h.h.t.HelmChartContainer - [hivemq-test-hivemq-platform] [hivemq-platform-operator] [56d0a44e] 18:45:42.551 [main] INFO  Default ConfigurationService implementation - Created configuration for reconciler com.hivemq.platform.operator.HiveMQPlatformReconciler with name hivemq-controller
2025-01-30 18:45:42,660 INFO c.h.h.t.HelmChartContainer - [hivemq-test-hivemq-platform] [hivemq-platform-operator] [56d0a44e] 18:45:42.659 [main] DEBUG c.h.p.o.HiveMQPlatformReconciler - HiveMQ Platform Operator is preparing EventSources
2025-01-30 18:45:42,672 INFO c.h.h.t.HelmChartContainer - [hivemq-test-hivemq-platform] [hivemq-platform-operator] [56d0a44e] 18:45:42.671 [main] INFO  i.javaoperatorsdk.operator.Operator - Registered reconciler: 'hivemq-controller' for resource: 'class com.hivemq.platform.operator.v1.HiveMQPlatform' for namespace(s): [all namespaces]
2025-01-30 18:45:43,339 INFO c.h.h.t.HelmChartContainer - [hivemq-test-hivemq-platform] [hivemq-platform-operator] [56d0a44e] 18:45:43.338 [main] INFO  c.h.p.operator.webserver.JettyServer - Starting Jetty server on port 8080
2025-01-30 18:45:43,439 INFO c.h.h.t.HelmChartContainer - [hivemq-test-hivemq-platform] [hivemq-platform-operator] [56d0a44e] 18:45:43.373 [main] INFO  i.javaoperatorsdk.operator.Operator - Operator SDK 4.9.7 (commit: 2133d28) built on Wed Nov 20 12:56:20 UTC 2024 starting...
2025-01-30 18:45:43,439 INFO c.h.h.t.HelmChartContainer - [hivemq-test-hivemq-platform] [hivemq-platform-operator] [56d0a44e] 18:45:43.438 [main] INFO  i.javaoperatorsdk.operator.Operator - Client version: 6.13.5
2025-01-30 18:45:43,453 INFO c.h.h.t.HelmChartContainer - [hivemq-test-hivemq-platform] [hivemq-platform-operator] [56d0a44e] 18:45:43.452 [Controller Starter for: hivemq-controller] INFO  i.j.operator.processing.Controller - Starting 'hivemq-controller' controller for reconciler: com.hivemq.platform.operator.HiveMQPlatformReconciler, resource: com.hivemq.platform.operator.v1.HiveMQPlatform
2025-01-30 18:45:45,765 INFO c.h.h.t.HelmChartContainer - [hivemq-test-hivemq-platform] [hivemq-platform-operator] [56d0a44e] 18:45:45.764 [Controller Starter for: hivemq-controller] INFO  i.j.operator.processing.Controller - 'hivemq-controller' controller started
2025-01-30 18:45:45,765 INFO c.h.h.t.HelmChartContainer - [hivemq-test-hivemq-platform] [hivemq-platform-operator] [56d0a44e] 18:45:45.764 [main] INFO  c.h.p.o.HiveMQPlatformOperatorApplication - HiveMQ Platform Operator 1.7.0-SNAPSHOT started in 6604 ms
2025-01-30 18:45:47,668 INFO c.h.h.t.HelmChartContainer - [POD] hivemq-test-hivemq-platform-operator-6966f96d65-zjtqk [56d0a44e-9049-45e2-8398-5499e6d512f8] in helmupgradeextensionit-operator was MODIFIED
2025-01-30 18:45:47,677 INFO c.h.h.t.HelmChartContainer - [K3S] [replica_set.go:679] "Finished syncing" kind="ReplicaSet" key="helmupgradeextensionit-operator/hivemq-test-hivemq-platform-operator-6966f96d65" duration="11.8038ms"
2025-01-30 18:45:47,677 INFO c.h.h.t.HelmChartContainer - [K3S] [replica_set.go:679] "Finished syncing" kind="ReplicaSet" key="helmupgradeextensionit-operator/hivemq-test-hivemq-platform-operator-6966f96d65" duration="45.254µs"
2025-01-30 18:45:49,718 INFO c.h.h.testcontainer.LogWaiterUtil - TEST Waiting for log pattern on 'test-hivemq-platform-0': .*\[HiveMQ Platform Operator Init App [A-Z0-9.-]+\] Successfully enabled extension hivemq-bridge-extension
2025-01-30 18:45:49,718 INFO c.h.h.testcontainer.LogWaiterUtil - TEST Waiting for log pattern on 'test-hivemq-platform-0': .*Extension "HiveMQ Enterprise Bridge Extension" version .* started successfully.
2025-01-30 18:45:49,780 DEBUG c.h.h.t.HelmChartContainer - Executing helm command: /bin/helm --kubeconfig /etc/rancher/k3s/k3s.yaml install test-hivemq-platform /charts/hivemq-platform --wait --timeout 5m0s --set image.repository=docker.io/hivemq --set image.tag=4.36.0 --set image.pullPolicy=Never --set nodes.resources.cpu=512m -f /files/bridge-values.yaml --namespace helmupgradeextensionit
2025-01-30 18:45:50,064 INFO c.h.h.t.HelmChartContainer - [hivemq-test-hivemq-platform] [hivemq-platform-operator] [56d0a44e] 18:45:50.056 [-2082509879-pool-1-thread-4] WARN  i.m.p.PrometheusMeterRegistry - The meter (MeterId{name='operator.sdk.events.received', tags=[tag(action=ADDED),tag(event=ResourceEvent),tag(group=hivemq.com),tag(kind=HiveMQPlatform),tag(name=test-hivemq-platform),tag(namespace=helmupgradeextensionit),tag(scope=namespace),tag(version=v1)]}) registration has failed: Prometheus requires that all meters with the same name have the same set of tag keys. There is already an existing meter named 'operator.sdk.events.received' containing tag keys [event, group, kind, name, namespace, scope, version]. The meter you are attempting to register has keys [action, event, group, kind, name, namespace, scope, version]. Note that subsequent logs will be logged at debug level.
2025-01-30 18:45:50,468 INFO c.h.h.t.HelmChartContainer - [hivemq-test-hivemq-platform] [hivemq-platform-operator] [56d0a44e] 18:45:50.465 [pool-6-thread-3] DEBUG c.h.p.o.dependants.PodInfoConfigMap - [helmupgr] Desired PodInfo ConfigMap (1 extensions) (1 enabled)
2025-01-30 18:45:50,468 INFO c.h.h.t.HelmChartContainer - [hivemq-test-hivemq-platform] [hivemq-platform-operator] [56d0a44e] 18:45:50.466 [pool-6-thread-3] DEBUG c.h.p.o.dependants.PodInfoConfigMap - [helmupgr] Desired PodInfo ConfigMap (metrics port: 9399) (metrics path: /)
2025-01-30 18:45:50,468 INFO c.h.h.t.HelmChartContainer - [hivemq-test-hivemq-platform] [hivemq-platform-operator] [56d0a44e] 18:45:50.466 [pool-6-thread-3] DEBUG c.h.p.o.dependants.PodInfoConfigMap - [helmupgr] Desired PodInfo ConfigMap (extension state hash: -796743002)
2025-01-30 18:45:50,468 INFO c.h.h.t.HelmChartContainer - [hivemq-test-hivemq-platform] [hivemq-platform-operator] [56d0a44e] 18:45:50.468 [pool-6-thread-3] DEBUG c.h.p.o.dependants.PodInfoConfigMap - [helmupgr] Create PodInfo ConfigMap
2025-01-30 18:45:50,565 INFO c.h.h.t.HelmChartContainer - [hivemq-test-hivemq-platform] [hivemq-platform-operator] [56d0a44e] 18:45:50.563 [pool-6-thread-5] DEBUG c.h.p.o.dependants.PodRoleResource - [helmupgr] Create Role: Role(apiVersion=rbac.authorization.k8s.io/v1, kind=Role, metadata=ObjectMeta(annotations={meta.helm.sh/release-name=test-hivemq-platform, meta.helm.sh/release-namespace=helmupgradeextensionit}, creationTimestamp=null, deletionGracePeriodSeconds=null, deletionTimestamp=null, finalizers=[], generateName=null, generation=null, labels={helm.sh/chart=hivemq-platform-0.2.32, app.kubernetes.io/managed-by=Helm, app.kubernetes.io/name=hivemq-platform, hivemq-platform=test-hivemq-platform, app.kubernetes.io/instance=test-hivemq-platform, app.kubernetes.io/version=4.36.0}, managedFields=[], name=hivemq-platform-role-test-hivemq-platform, namespace=helmupgradeextensionit, ownerReferences=[OwnerReference(apiVersion=hivemq.com/v1, blockOwnerDeletion=null, controller=null, kind=HiveMQPlatform, name=test-hivemq-platform, uid=33fe3bd6-9e94-4319-b500-a982c66e453f, additionalProperties={})], resourceVersion=null, selfLink=null, uid=null, additionalProperties={}), rules=[PolicyRule(apiGroups=[], nonResourceURLs=[], resourceNames=[], resources=[pods], verbs=[get, patch, update], additionalProperties={})], additionalProperties={})
2025-01-30 18:45:50,754 INFO c.h.h.t.HelmChartContainer - [hivemq-test-hivemq-platform] [hivemq-platform-operator] [56d0a44e] 18:45:50.751 [pool-6-thread-7] DEBUG c.h.p.o.d.PodServiceAccountResource - [helmupgr] Desired PodServiceAccountResource (serviceAccountName: hivemq-platform-pod-test-hivemq-platform)
2025-01-30 18:45:50,755 INFO c.h.h.t.HelmChartContainer - [hivemq-test-hivemq-platform] [hivemq-platform-operator] [56d0a44e] 18:45:50.752 [pool-6-thread-7] DEBUG c.h.p.o.d.PodServiceAccountResource - [helmupgr] Create ServiceAccount 'hivemq-platform-pod-test-hivemq-platform'
2025-01-30 18:45:50,855 INFO c.h.h.t.HelmChartContainer - [hivemq-test-hivemq-platform] [hivemq-platform-operator] [56d0a44e] 18:45:50.854 [pool-6-thread-9] DEBUG c.h.p.o.d.PodRoleBindingResource - [helmupgr] Create RoleBinding: RoleBinding(apiVersion=rbac.authorization.k8s.io/v1, kind=RoleBinding, metadata=ObjectMeta(annotations={meta.helm.sh/release-name=test-hivemq-platform, meta.helm.sh/release-namespace=helmupgradeextensionit}, creationTimestamp=null, deletionGracePeriodSeconds=null, deletionTimestamp=null, finalizers=[], generateName=null, generation=null, labels={helm.sh/chart=hivemq-platform-0.2.32, app.kubernetes.io/managed-by=Helm, app.kubernetes.io/name=hivemq-platform, hivemq-platform=test-hivemq-platform, app.kubernetes.io/instance=test-hivemq-platform, app.kubernetes.io/version=4.36.0}, managedFields=[], name=hivemq-platform-role-binding-test-hivemq-platform, namespace=helmupgradeextensionit, ownerReferences=[OwnerReference(apiVersion=hivemq.com/v1, blockOwnerDeletion=null, controller=null, kind=HiveMQPlatform, name=test-hivemq-platform, uid=33fe3bd6-9e94-4319-b500-a982c66e453f, additionalProperties={})], resourceVersion=null, selfLink=null, uid=null, additionalProperties={}), roleRef=RoleRef(apiGroup=rbac.authorization.k8s.io, kind=Role, name=hivemq-platform-role-test-hivemq-platform, additionalProperties={}), subjects=[Subject(apiGroup=null, kind=ServiceAccount, name=hivemq-platform-pod-test-hivemq-platform, namespace=helmupgradeextensionit, additionalProperties={})], additionalProperties={})
2025-01-30 18:45:50,874 INFO c.h.h.t.HelmChartContainer - [hivemq-test-hivemq-platform] [hivemq-platform-operator] [56d0a44e] 18:45:50.873 [ReconcilerExecutor-hivemq-controller-54] INFO  c.h.p.o.HiveMQPlatformReconciler - [helmupgr] Reconciling HiveMQ Platform 'test-hivemq-platform' in namespace 'helmupgradeextensionit'
2025-01-30 18:45:50,874 INFO c.h.h.t.HelmChartContainer - [hivemq-test-hivemq-platform] [hivemq-platform-operator] [56d0a44e] 18:45:50.873 [ReconcilerExecutor-hivemq-controller-54] DEBUG c.h.p.o.HiveMQPlatformReconciler - [helmupgr] Custom Resource Status CREATED - HiveMQ Platform was created (READY)
2025-01-30 18:45:50,875 INFO c.h.h.t.HelmChartContainer - [hivemq-test-hivemq-platform] [hivemq-platform-operator] [56d0a44e] 18:45:50.873 [ReconcilerExecutor-hivemq-controller-54] DEBUG c.h.p.o.HiveMQPlatformReconciler - [helmupgr] Custom Resource Spec (replicas: 1) (extensions: 1)
2025-01-30 18:45:50,878 INFO c.h.h.t.HelmChartContainer - [hivemq-test-hivemq-platform] [hivemq-platform-operator] [56d0a44e] 18:45:50.878 [ReconcilerExecutor-hivemq-controller-54] INFO  c.h.p.o.h.HiveMQPlatformReconcilerBaseHandler - [helmupgr] HiveMQ Platform is starting
2025-01-30 18:45:51,054 INFO c.h.h.t.HelmChartContainer - [hivemq-test-hivemq-platform] [hivemq-platform-operator] [56d0a44e] 18:45:51.053 [ReconcilerExecutor-hivemq-controller-54] DEBUG c.h.p.operator.event.EventSender - [helmupgr] Creating K8s event hivemq-platform-starting: [Start] HiveMQ Platform is starting
2025-01-30 18:45:51,063 INFO c.h.h.t.HelmChartContainer - [EVENT] Normal [Start] HiveMQ Platform is starting [helmupgradeextensionit:test-hivemq-platform]
2025-01-30 18:45:51,067 INFO c.h.h.t.HelmChartContainer - [hivemq-test-hivemq-platform] [hivemq-platform-operator] [56d0a44e] 18:45:51.065 [ReconcilerExecutor-hivemq-controller-54] INFO  c.h.p.o.h.AbstractHiveMQReconcilerStateHandler - [helmupgr] Update HiveMQ Platform Status (CREATED [READY] -> STARTING [READY]): HiveMQ Platform is starting
2025-01-30 18:45:51,162 DEBUG com.hivemq.helmcharts.util.K8sUtil - Comparing actual state 'STARTING' and waiting for 'RUNNING'
2025-01-30 18:46:01,171 INFO c.h.h.t.HelmChartContainer - [hivemq-test-hivemq-platform] [hivemq-platform-operator] [56d0a44e] 18:46:01.169 [pool-6-thread-12] DEBUG c.h.p.o.d.PlatformServiceResource - [helmupgr] Desired Platform services (3 services)
2025-01-30 18:46:01,175 INFO c.h.h.t.HelmChartContainer - [hivemq-test-hivemq-platform] [hivemq-platform-operator] [56d0a44e] 18:46:01.173 [pool-6-thread-13] DEBUG c.h.p.o.dependants.PodInfoConfigMap - [helmupgr] Desired PodInfo ConfigMap (1 extensions) (1 enabled)
2025-01-30 18:46:01,176 INFO c.h.h.t.HelmChartContainer - [hivemq-test-hivemq-platform] [hivemq-platform-operator] [56d0a44e] 18:46:01.173 [pool-6-thread-13] DEBUG c.h.p.o.dependants.PodInfoConfigMap - [helmupgr] Desired PodInfo ConfigMap (metrics port: 9399) (metrics path: /)
2025-01-30 18:46:01,176 INFO c.h.h.t.HelmChartContainer - [hivemq-test-hivemq-platform] [hivemq-platform-operator] [56d0a44e] 18:46:01.173 [pool-6-thread-13] DEBUG c.h.p.o.dependants.PodInfoConfigMap - [helmupgr] Desired PodInfo ConfigMap (extension state hash: -796743002)
2025-01-30 18:46:01,180 INFO c.h.h.t.HelmChartContainer - [hivemq-test-hivemq-platform] [hivemq-platform-operator] [56d0a44e] 18:46:01.176 [pool-6-thread-17] DEBUG c.h.p.o.d.PodServiceAccountResource - [helmupgr] Desired PodServiceAccountResource (serviceAccountName: hivemq-platform-pod-test-hivemq-platform)
2025-01-30 18:46:01,185 INFO c.h.h.t.HelmChartContainer - [K3S] [alloc.go:330] "allocated clusterIPs" service="helmupgradeextensionit/hivemq-test-hivemq-platform-cc-8080" clusterIPs={"IPv4":"10.43.32.114"}
2025-01-30 18:46:01,253 INFO c.h.h.t.HelmChartContainer - [hivemq-test-hivemq-platform] [hivemq-platform-operator] [56d0a44e] 18:46:01.185 [pool-6-thread-13] DEBUG c.h.p.o.dependants.PodInfoConfigMap - [helmupgr] Update PodInfo ConfigMap
2025-01-30 18:46:01,262 INFO c.h.h.t.HelmChartContainer - [K3S] [alloc.go:330] "allocated clusterIPs" service="helmupgradeextensionit/hivemq-test-hivemq-platform-mqtt-1883" clusterIPs={"IPv4":"10.43.71.113"}
2025-01-30 18:46:01,359 INFO c.h.h.t.HelmChartContainer - [K3S] [alloc.go:330] "allocated clusterIPs" service="helmupgradeextensionit/hivemq-test-hivemq-platform-metrics-9399" clusterIPs={"IPv4":"10.43.182.240"}
2025-01-30 18:46:01,367 INFO c.h.h.t.HelmChartContainer - [hivemq-test-hivemq-platform] [hivemq-platform-operator] [56d0a44e] 18:46:01.364 [pool-6-thread-20] DEBUG c.h.p.o.d.StatefulSetResource - [helmupgr] Desired StatefulSet (1 replicas) for status STARTING (READY)
2025-01-30 18:46:01,455 INFO c.h.h.t.HelmChartContainer - [hivemq-test-hivemq-platform] [hivemq-platform-operator] [56d0a44e] 18:46:01.453 [pool-6-thread-20] DEBUG c.h.p.o.d.StatefulSetResource - [helmupgr] Create StatefulSet
2025-01-30 18:46:01,483 INFO c.h.h.t.HelmChartContainer - [POD] test-hivemq-platform-0 [e68ec15a-5524-477a-a032-de18d4793e23] in helmupgradeextensionit was ADDED
2025-01-30 18:46:01,486 INFO c.h.h.t.HelmChartContainer - [EVENT] Normal [SuccessfulCreate] create Pod test-hivemq-platform-0 in StatefulSet test-hivemq-platform successful [helmupgradeextensionit:test-hivemq-platform]
2025-01-30 18:46:01,487 INFO c.h.h.t.HelmChartContainer - [EVENT] Normal [Scheduled] Successfully assigned helmupgradeextensionit/test-hivemq-platform-0 to 5efb8701c4a9 [helmupgradeextensionit:test-hivemq-platform-0]
2025-01-30 18:46:01,488 INFO c.h.h.t.HelmChartContainer - [POD] test-hivemq-platform-0 [e68ec15a-5524-477a-a032-de18d4793e23] in helmupgradeextensionit was MODIFIED
2025-01-30 18:46:01,497 INFO c.h.h.t.HelmChartContainer - [POD] test-hivemq-platform-0 [e68ec15a-5524-477a-a032-de18d4793e23] in helmupgradeextensionit was MODIFIED
2025-01-30 18:46:01,563 INFO c.h.h.t.HelmChartContainer - [hivemq-test-hivemq-platform] [hivemq-platform-operator] [56d0a44e] 18:46:01.562 [ReconcilerExecutor-hivemq-controller-65] INFO  c.h.p.o.HiveMQPlatformReconciler - [helmupgr] Reconciling HiveMQ Platform 'test-hivemq-platform' in namespace 'helmupgradeextensionit'
2025-01-30 18:46:01,563 INFO c.h.h.t.HelmChartContainer - [hivemq-test-hivemq-platform] [hivemq-platform-operator] [56d0a44e] 18:46:01.562 [ReconcilerExecutor-hivemq-controller-65] DEBUG c.h.p.o.HiveMQPlatformReconciler - [helmupgr] Custom Resource Status STARTING - HiveMQ Platform is starting (READY)
2025-01-30 18:46:01,563 INFO c.h.h.t.HelmChartContainer - [hivemq-test-hivemq-platform] [hivemq-platform-operator] [56d0a44e] 18:46:01.562 [ReconcilerExecutor-hivemq-controller-65] DEBUG c.h.p.o.HiveMQPlatformReconciler - [helmupgr] Custom Resource Spec (replicas: 1) (extensions: 1)
2025-01-30 18:46:01,587 INFO c.h.h.t.HelmChartContainer - [K3S] [reconciler_common.go:251] "operationExecutor.VerifyControllerAttachedVolume started for volume \"pod-info\" (UniqueName: \"kubernetes.io/configmap/e68ec15a-5524-477a-a032-de18d4793e23-pod-info\") pod \"test-hivemq-platform-0\" (UID: \"e68ec15a-5524-477a-a032-de18d4793e23\") " pod="helmupgradeextensionit/test-hivemq-platform-0"
2025-01-30 18:46:01,587 INFO c.h.h.t.HelmChartContainer - [K3S] [reconciler_common.go:251] "operationExecutor.VerifyControllerAttachedVolume started for volume \"broker-configuration\" (UniqueName: \"kubernetes.io/configmap/e68ec15a-5524-477a-a032-de18d4793e23-broker-configuration\") pod \"test-hivemq-platform-0\" (UID: \"e68ec15a-5524-477a-a032-de18d4793e23\") " pod="helmupgradeextensionit/test-hivemq-platform-0"
2025-01-30 18:46:01,587 INFO c.h.h.t.HelmChartContainer - [K3S] [reconciler_common.go:251] "operationExecutor.VerifyControllerAttachedVolume started for volume \"extension-configuration-hivemq-bridge-extension\" (UniqueName: \"kubernetes.io/configmap/e68ec15a-5524-477a-a032-de18d4793e23-extension-configuration-hivemq-bridge-extension\") pod \"test-hivemq-platform-0\" (UID: \"e68ec15a-5524-477a-a032-de18d4793e23\") " pod="helmupgradeextensionit/test-hivemq-platform-0"
2025-01-30 18:46:01,587 INFO c.h.h.t.HelmChartContainer - [K3S] [reconciler_common.go:251] "operationExecutor.VerifyControllerAttachedVolume started for volume \"operator-init\" (UniqueName: \"kubernetes.io/empty-dir/e68ec15a-5524-477a-a032-de18d4793e23-operator-init\") pod \"test-hivemq-platform-0\" (UID: \"e68ec15a-5524-477a-a032-de18d4793e23\") " pod="helmupgradeextensionit/test-hivemq-platform-0"
2025-01-30 18:46:01,587 INFO c.h.h.t.HelmChartContainer - [K3S] [reconciler_common.go:251] "operationExecutor.VerifyControllerAttachedVolume started for volume \"kube-api-access-vgcvm\" (UniqueName: \"kubernetes.io/projected/e68ec15a-5524-477a-a032-de18d4793e23-kube-api-access-vgcvm\") pod \"test-hivemq-platform-0\" (UID: \"e68ec15a-5524-477a-a032-de18d4793e23\") " pod="helmupgradeextensionit/test-hivemq-platform-0"
2025-01-30 18:46:01,654 INFO c.h.h.t.HelmChartContainer - [hivemq-test-hivemq-platform] [hivemq-platform-operator] [56d0a44e] 18:46:01.567 [ReconcilerExecutor-hivemq-controller-65] DEBUG c.h.p.o.HiveMQPlatformReconciler - [helmupgr] StatefulSet Status (revision: test-hivemq-platform-5b6c7575b6, replicas: 1, available: 0, ready: 0, current: 1, updated: 1)
2025-01-30 18:46:01,654 INFO c.h.h.t.HelmChartContainer - [hivemq-test-hivemq-platform] [hivemq-platform-operator] [56d0a44e] 18:46:01.651 [ReconcilerExecutor-hivemq-controller-65] DEBUG c.h.p.o.HiveMQPlatformReconciler - [helmupgr] StatefulSet Spec (replicas: 1, init containers: 1, containers: 1, volumes: 4)
2025-01-30 18:46:01,668 INFO c.h.h.t.HelmChartContainer - [hivemq-test-hivemq-platform] [hivemq-platform-operator] [56d0a44e] 18:46:01.666 [ReconcilerExecutor-hivemq-controller-65] DEBUG c.h.p.o.h.HiveMQPlatformReconcilerErrorHandler - [helmupgr] Pod 'test-hivemq-platform-0' phase Pending
2025-01-30 18:46:01,668 INFO c.h.h.t.HelmChartContainer - [hivemq-test-hivemq-platform] [hivemq-platform-operator] [56d0a44e] 18:46:01.667 [ReconcilerExecutor-hivemq-controller-65] DEBUG c.h.p.o.h.HiveMQPlatformReconcilerErrorHandler - [helmupgr] Pod 'test-hivemq-platform-0' condition 'PodReadyToStartContainers': False
2025-01-30 18:46:01,669 INFO c.h.h.t.HelmChartContainer - [hivemq-test-hivemq-platform] [hivemq-platform-operator] [56d0a44e] 18:46:01.667 [ReconcilerExecutor-hivemq-controller-65] DEBUG c.h.p.o.h.HiveMQPlatformReconcilerErrorHandler - [helmupgr] Pod 'test-hivemq-platform-0' condition 'Initialized': False
2025-01-30 18:46:01,669 INFO c.h.h.t.HelmChartContainer - [hivemq-test-hivemq-platform] [hivemq-platform-operator] [56d0a44e] 18:46:01.667 [ReconcilerExecutor-hivemq-controller-65] DEBUG c.h.p.o.h.HiveMQPlatformReconcilerErrorHandler - [helmupgr] Pod 'test-hivemq-platform-0' condition 'Ready': False
2025-01-30 18:46:01,670 INFO c.h.h.t.HelmChartContainer - [hivemq-test-hivemq-platform] [hivemq-platform-operator] [56d0a44e] 18:46:01.667 [ReconcilerExecutor-hivemq-controller-65] DEBUG c.h.p.o.h.HiveMQPlatformReconcilerErrorHandler - [helmupgr] Pod 'test-hivemq-platform-0' condition 'ContainersReady': False
2025-01-30 18:46:01,670 INFO c.h.h.t.HelmChartContainer - [hivemq-test-hivemq-platform] [hivemq-platform-operator] [56d0a44e] 18:46:01.668 [ReconcilerExecutor-hivemq-controller-65] DEBUG c.h.p.o.h.HiveMQPlatformReconcilerErrorHandler - [helmupgr] Pod 'test-hivemq-platform-0' condition 'PodScheduled': True
2025-01-30 18:46:01,670 INFO c.h.h.t.HelmChartContainer - [hivemq-test-hivemq-platform] [hivemq-platform-operator] [56d0a44e] 18:46:01.668 [ReconcilerExecutor-hivemq-controller-65] DEBUG c.h.p.o.h.HiveMQPlatformReconcilerErrorHandler - [helmupgr] Pod 'test-hivemq-platform-0' containerStatus 'hivemq' (started: false) (ready: false) (waiting: [PodInitializing] null)
2025-01-30 18:46:01,754 INFO c.h.h.t.HelmChartContainer - [hivemq-test-hivemq-platform] [hivemq-platform-operator] [56d0a44e] 18:46:01.752 [ReconcilerExecutor-hivemq-controller-65] INFO  c.h.p.o.h.HiveMQPlatformReconcilerBaseHandler - [helmupgr] HiveMQ Platform is starting, 0 of 1 replicas are ready
2025-01-30 18:46:01,759 INFO c.h.h.t.HelmChartContainer - [hivemq-test-hivemq-platform] [hivemq-platform-operator] [56d0a44e] 18:46:01.757 [pool-6-thread-22] DEBUG c.h.p.o.d.PlatformServiceResource - [helmupgr] Desired Platform services (3 services)
2025-01-30 18:46:01,761 INFO c.h.h.t.HelmChartContainer - [hivemq-test-hivemq-platform] [hivemq-platform-operator] [56d0a44e] 18:46:01.761 [pool-6-thread-23] DEBUG c.h.p.o.dependants.PodInfoConfigMap - [helmupgr] Desired PodInfo ConfigMap (1 extensions) (1 enabled)
2025-01-30 18:46:01,766 INFO c.h.h.t.HelmChartContainer - [hivemq-test-hivemq-platform] [hivemq-platform-operator] [56d0a44e] 18:46:01.764 [pool-6-thread-27] DEBUG c.h.p.o.d.PodServiceAccountResource - [helmupgr] Desired PodServiceAccountResource (serviceAccountName: hivemq-platform-pod-test-hivemq-platform)
2025-01-30 18:46:01,767 INFO c.h.h.t.HelmChartContainer - [hivemq-test-hivemq-platform] [hivemq-platform-operator] [56d0a44e] 18:46:01.764 [pool-6-thread-23] DEBUG c.h.p.o.dependants.PodInfoConfigMap - [helmupgr] Desired PodInfo ConfigMap (metrics port: 9399) (metrics path: /)
2025-01-30 18:46:01,767 INFO c.h.h.t.HelmChartContainer - [hivemq-test-hivemq-platform] [hivemq-platform-operator] [56d0a44e] 18:46:01.765 [pool-6-thread-23] DEBUG c.h.p.o.dependants.PodInfoConfigMap - [helmupgr] Desired PodInfo ConfigMap (extension state hash: -796743002)
2025-01-30 18:46:01,861 INFO c.h.h.t.HelmChartContainer - [hivemq-test-hivemq-platform] [hivemq-platform-operator] [56d0a44e] 18:46:01.857 [pool-6-thread-30] DEBUG c.h.p.o.d.StatefulSetResource - [helmupgr] Desired StatefulSet (1 replicas) for status STARTING (READY)
2025-01-30 18:46:01,865 INFO c.h.h.t.HelmChartContainer - [hivemq-test-hivemq-platform] [hivemq-platform-operator] [56d0a44e] 18:46:01.864 [ReconcilerExecutor-hivemq-controller-76] INFO  c.h.p.o.HiveMQPlatformReconciler - [helmupgr] Reconciling HiveMQ Platform 'test-hivemq-platform' in namespace 'helmupgradeextensionit'
2025-01-30 18:46:01,866 INFO c.h.h.t.HelmChartContainer - [hivemq-test-hivemq-platform] [hivemq-platform-operator] [56d0a44e] 18:46:01.864 [ReconcilerExecutor-hivemq-controller-76] DEBUG c.h.p.o.HiveMQPlatformReconciler - [helmupgr] Custom Resource Status STARTING - HiveMQ Platform is starting (READY)
2025-01-30 18:46:01,866 INFO c.h.h.t.HelmChartContainer - [hivemq-test-hivemq-platform] [hivemq-platform-operator] [56d0a44e] 18:46:01.864 [ReconcilerExecutor-hivemq-controller-76] DEBUG c.h.p.o.HiveMQPlatformReconciler - [helmupgr] Custom Resource Spec (replicas: 1) (extensions: 1)
2025-01-30 18:46:01,871 INFO c.h.h.t.HelmChartContainer - [hivemq-test-hivemq-platform] [hivemq-platform-operator] [56d0a44e] 18:46:01.868 [ReconcilerExecutor-hivemq-controller-76] DEBUG c.h.p.o.HiveMQPlatformReconciler - [helmupgr] StatefulSet Status (revision: test-hivemq-platform-5b6c7575b6, replicas: 1, available: 0, ready: 0, current: 1, updated: 1)
2025-01-30 18:46:01,871 INFO c.h.h.t.HelmChartContainer - [hivemq-test-hivemq-platform] [hivemq-platform-operator] [56d0a44e] 18:46:01.868 [ReconcilerExecutor-hivemq-controller-76] DEBUG c.h.p.o.HiveMQPlatformReconciler - [helmupgr] StatefulSet Spec (replicas: 1, init containers: 1, containers: 1, volumes: 4)
2025-01-30 18:46:01,871 INFO c.h.h.t.HelmChartContainer - [hivemq-test-hivemq-platform] [hivemq-platform-operator] [56d0a44e] 18:46:01.870 [ReconcilerExecutor-hivemq-controller-76] DEBUG c.h.p.o.h.HiveMQPlatformReconcilerErrorHandler - [helmupgr] Pod 'test-hivemq-platform-0' phase Pending
2025-01-30 18:46:01,872 INFO c.h.h.t.HelmChartContainer - [hivemq-test-hivemq-platform] [hivemq-platform-operator] [56d0a44e] 18:46:01.870 [ReconcilerExecutor-hivemq-controller-76] DEBUG c.h.p.o.h.HiveMQPlatformReconcilerErrorHandler - [helmupgr] Pod 'test-hivemq-platform-0' condition 'PodReadyToStartContainers': False
2025-01-30 18:46:01,872 INFO c.h.h.t.HelmChartContainer - [hivemq-test-hivemq-platform] [hivemq-platform-operator] [56d0a44e] 18:46:01.870 [ReconcilerExecutor-hivemq-controller-76] DEBUG c.h.p.o.h.HiveMQPlatformReconcilerErrorHandler - [helmupgr] Pod 'test-hivemq-platform-0' condition 'Initialized': False
2025-01-30 18:46:01,872 INFO c.h.h.t.HelmChartContainer - [hivemq-test-hivemq-platform] [hivemq-platform-operator] [56d0a44e] 18:46:01.870 [ReconcilerExecutor-hivemq-controller-76] DEBUG c.h.p.o.h.HiveMQPlatformReconcilerErrorHandler - [helmupgr] Pod 'test-hivemq-platform-0' condition 'Ready': False
2025-01-30 18:46:01,872 INFO c.h.h.t.HelmChartContainer - [hivemq-test-hivemq-platform] [hivemq-platform-operator] [56d0a44e] 18:46:01.871 [ReconcilerExecutor-hivemq-controller-76] DEBUG c.h.p.o.h.HiveMQPlatformReconcilerErrorHandler - [helmupgr] Pod 'test-hivemq-platform-0' condition 'ContainersReady': False
2025-01-30 18:46:01,872 INFO c.h.h.t.HelmChartContainer - [hivemq-test-hivemq-platform] [hivemq-platform-operator] [56d0a44e] 18:46:01.871 [ReconcilerExecutor-hivemq-controller-76] DEBUG c.h.p.o.h.HiveMQPlatformReconcilerErrorHandler - [helmupgr] Pod 'test-hivemq-platform-0' condition 'PodScheduled': True
2025-01-30 18:46:01,872 INFO c.h.h.t.HelmChartContainer - [hivemq-test-hivemq-platform] [hivemq-platform-operator] [56d0a44e] 18:46:01.871 [ReconcilerExecutor-hivemq-controller-76] DEBUG c.h.p.o.h.HiveMQPlatformReconcilerErrorHandler - [helmupgr] Pod 'test-hivemq-platform-0' containerStatus 'hivemq' (started: false) (ready: false) (waiting: [PodInitializing] null)
2025-01-30 18:46:01,873 INFO c.h.h.t.HelmChartContainer - [hivemq-test-hivemq-platform] [hivemq-platform-operator] [56d0a44e] 18:46:01.872 [ReconcilerExecutor-hivemq-controller-76] INFO  c.h.p.o.h.HiveMQPlatformReconcilerBaseHandler - [helmupgr] HiveMQ Platform is starting, 0 of 1 replicas are ready
2025-01-30 18:46:01,882 INFO c.h.h.t.HelmChartContainer - [EVENT] Normal [Pulled] Container image "docker.io/hivemq/hivemq-platform-operator-init-test:snapshot" already present on machine [helmupgradeextensionit:test-hivemq-platform-0]
2025-01-30 18:46:02,023 INFO c.h.h.t.HelmChartContainer - [EVENT] Normal [Created] Created container: hivemq-platform-operator-init [helmupgradeextensionit:test-hivemq-platform-0]
2025-01-30 18:46:02,064 INFO c.h.h.t.HelmChartContainer - [EVENT] Normal [Started] Started container hivemq-platform-operator-init [helmupgradeextensionit:test-hivemq-platform-0]
2025-01-30 18:46:02,686 INFO c.h.h.t.HelmChartContainer - [EVENT] Normal [Pulled] Container image "docker.io/hivemq/hivemq4:4.36.0" already present on machine [helmupgradeextensionit:test-hivemq-platform-0]
2025-01-30 18:46:02,686 INFO c.h.h.t.HelmChartContainer - Received Pulled event for container hivemq in pod test-hivemq-platform-0 [e68ec15a-5524-477a-a032-de18d4793e23]
2025-01-30 18:46:02,697 INFO c.h.h.t.HelmChartContainer - [POD] test-hivemq-platform-0 [e68ec15a-5524-477a-a032-de18d4793e23] in helmupgradeextensionit was MODIFIED
2025-01-30 18:46:02,726 INFO c.h.h.t.HelmChartContainer - [hivemq-test-hivemq-platform] [hivemq-platform-operator] [56d0a44e] 18:46:02.721 [pool-6-thread-32] DEBUG c.h.p.o.d.PlatformServiceResource - [helmupgr] Desired Platform services (3 services)
2025-01-30 18:46:02,727 INFO c.h.h.t.HelmChartContainer - [hivemq-test-hivemq-platform] [hivemq-platform-operator] [56d0a44e] 18:46:02.724 [pool-6-thread-33] DEBUG c.h.p.o.dependants.PodInfoConfigMap - [helmupgr] Desired PodInfo ConfigMap (1 extensions) (1 enabled)
2025-01-30 18:46:02,727 INFO c.h.h.t.HelmChartContainer - [hivemq-test-hivemq-platform] [hivemq-platform-operator] [56d0a44e] 18:46:02.724 [pool-6-thread-33] DEBUG c.h.p.o.dependants.PodInfoConfigMap - [helmupgr] Desired PodInfo ConfigMap (metrics port: 9399) (metrics path: /)
2025-01-30 18:46:02,727 INFO c.h.h.t.HelmChartContainer - [hivemq-test-hivemq-platform] [hivemq-platform-operator] [56d0a44e] 18:46:02.724 [pool-6-thread-33] DEBUG c.h.p.o.dependants.PodInfoConfigMap - [helmupgr] Desired PodInfo ConfigMap (extension state hash: -796743002)
2025-01-30 18:46:02,731 INFO c.h.h.t.HelmChartContainer - [hivemq-test-hivemq-platform] [hivemq-platform-operator] [56d0a44e] 18:46:02.730 [pool-6-thread-37] DEBUG c.h.p.o.d.PodServiceAccountResource - [helmupgr] Desired PodServiceAccountResource (serviceAccountName: hivemq-platform-pod-test-hivemq-platform)
2025-01-30 18:46:02,754 INFO c.h.h.t.HelmChartContainer - [hivemq-test-hivemq-platform] [hivemq-platform-operator] [56d0a44e] 18:46:02.753 [pool-6-thread-40] DEBUG c.h.p.o.d.StatefulSetResource - [helmupgr] Desired StatefulSet (1 replicas) for status STARTING (READY)
2025-01-30 18:46:02,760 INFO c.h.h.t.HelmChartContainer - [hivemq-test-hivemq-platform] [hivemq-platform-operator] [56d0a44e] 18:46:02.759 [ReconcilerExecutor-hivemq-controller-87] INFO  c.h.p.o.HiveMQPlatformReconciler - [helmupgr] Reconciling HiveMQ Platform 'test-hivemq-platform' in namespace 'helmupgradeextensionit'
2025-01-30 18:46:02,761 INFO c.h.h.t.HelmChartContainer - [hivemq-test-hivemq-platform] [hivemq-platform-operator] [56d0a44e] 18:46:02.760 [ReconcilerExecutor-hivemq-controller-87] DEBUG c.h.p.o.HiveMQPlatformReconciler - [helmupgr] Custom Resource Status STARTING - HiveMQ Platform is starting (READY)
2025-01-30 18:46:02,763 INFO c.h.h.t.HelmChartContainer - [hivemq-test-hivemq-platform] [hivemq-platform-operator] [56d0a44e] 18:46:02.760 [ReconcilerExecutor-hivemq-controller-87] DEBUG c.h.p.o.HiveMQPlatformReconciler - [helmupgr] Custom Resource Spec (replicas: 1) (extensions: 1)
2025-01-30 18:46:02,768 INFO c.h.h.t.HelmChartContainer - [hivemq-test-hivemq-platform] [hivemq-platform-operator] [56d0a44e] 18:46:02.764 [ReconcilerExecutor-hivemq-controller-87] DEBUG c.h.p.o.HiveMQPlatformReconciler - [helmupgr] StatefulSet Status (revision: test-hivemq-platform-5b6c7575b6, replicas: 1, available: 0, ready: 0, current: 1, updated: 1)
2025-01-30 18:46:02,768 INFO c.h.h.t.HelmChartContainer - [hivemq-test-hivemq-platform] [hivemq-platform-operator] [56d0a44e] 18:46:02.764 [ReconcilerExecutor-hivemq-controller-87] DEBUG c.h.p.o.HiveMQPlatformReconciler - [helmupgr] StatefulSet Spec (replicas: 1, init containers: 1, containers: 1, volumes: 4)
2025-01-30 18:46:02,770 INFO c.h.h.t.HelmChartContainer - [hivemq-test-hivemq-platform] [hivemq-platform-operator] [56d0a44e] 18:46:02.769 [ReconcilerExecutor-hivemq-controller-87] DEBUG c.h.p.o.h.HiveMQPlatformReconcilerErrorHandler - [helmupgr] Pod 'test-hivemq-platform-0' phase Pending
2025-01-30 18:46:02,771 INFO c.h.h.t.HelmChartContainer - [hivemq-test-hivemq-platform] [hivemq-platform-operator] [56d0a44e] 18:46:02.769 [ReconcilerExecutor-hivemq-controller-87] DEBUG c.h.p.o.h.HiveMQPlatformReconcilerErrorHandler - [helmupgr] Pod 'test-hivemq-platform-0' condition 'PodReadyToStartContainers': True
2025-01-30 18:46:02,771 INFO c.h.h.t.HelmChartContainer - [hivemq-test-hivemq-platform] [hivemq-platform-operator] [56d0a44e] 18:46:02.769 [ReconcilerExecutor-hivemq-controller-87] DEBUG c.h.p.o.h.HiveMQPlatformReconcilerErrorHandler - [helmupgr] Pod 'test-hivemq-platform-0' condition 'Initialized': True
2025-01-30 18:46:02,771 INFO c.h.h.t.HelmChartContainer - [hivemq-test-hivemq-platform] [hivemq-platform-operator] [56d0a44e] 18:46:02.769 [ReconcilerExecutor-hivemq-controller-87] DEBUG c.h.p.o.h.HiveMQPlatformReconcilerErrorHandler - [helmupgr] Pod 'test-hivemq-platform-0' condition 'Ready': False
2025-01-30 18:46:02,771 INFO c.h.h.t.HelmChartContainer - [hivemq-test-hivemq-platform] [hivemq-platform-operator] [56d0a44e] 18:46:02.770 [ReconcilerExecutor-hivemq-controller-87] DEBUG c.h.p.o.h.HiveMQPlatformReconcilerErrorHandler - [helmupgr] Pod 'test-hivemq-platform-0' condition 'ContainersReady': False
2025-01-30 18:46:02,773 INFO c.h.h.t.HelmChartContainer - [hivemq-test-hivemq-platform] [hivemq-platform-operator] [56d0a44e] 18:46:02.770 [ReconcilerExecutor-hivemq-controller-87] DEBUG c.h.p.o.h.HiveMQPlatformReconcilerErrorHandler - [helmupgr] Pod 'test-hivemq-platform-0' condition 'PodScheduled': True
2025-01-30 18:46:02,774 INFO c.h.h.t.HelmChartContainer - [hivemq-test-hivemq-platform] [hivemq-platform-operator] [56d0a44e] 18:46:02.770 [ReconcilerExecutor-hivemq-controller-87] DEBUG c.h.p.o.h.HiveMQPlatformReconcilerErrorHandler - [helmupgr] Pod 'test-hivemq-platform-0' containerStatus 'hivemq' (started: false) (ready: false) (waiting: [PodInitializing] null)
2025-01-30 18:46:02,774 INFO c.h.h.t.HelmChartContainer - [hivemq-test-hivemq-platform] [hivemq-platform-operator] [56d0a44e] 18:46:02.772 [ReconcilerExecutor-hivemq-controller-87] INFO  c.h.p.o.h.HiveMQPlatformReconcilerBaseHandler - [helmupgr] HiveMQ Platform is starting, 0 of 1 replicas are ready
2025-01-30 18:46:03,873 INFO c.h.h.t.HelmChartContainer - [EVENT] Normal [Created] Created container: hivemq [helmupgradeextensionit:test-hivemq-platform-0]
2025-01-30 18:46:03,873 INFO c.h.h.t.HelmChartContainer - Received Created event for container hivemq in pod test-hivemq-platform-0 [e68ec15a-5524-477a-a032-de18d4793e23]
2025-01-30 18:46:04,697 INFO c.h.h.t.HelmChartContainer - [POD] test-hivemq-platform-0 [e68ec15a-5524-477a-a032-de18d4793e23] in helmupgradeextensionit was MODIFIED
2025-01-30 18:46:04,708 INFO c.h.h.t.HelmChartContainer - [EVENT] Normal [Started] Started container hivemq [helmupgradeextensionit:test-hivemq-platform-0]
2025-01-30 18:46:04,709 INFO c.h.h.t.HelmChartContainer - Received Started event for container hivemq in pod test-hivemq-platform-0 [e68ec15a-5524-477a-a032-de18d4793e23]
2025-01-30 18:46:04,709 INFO c.h.h.t.HelmChartContainer - Started log watcher for hivemq in pod test-hivemq-platform-0 [e68ec15a-5524-477a-a032-de18d4793e23]
2025-01-30 18:46:04,711 INFO c.h.h.t.HelmChartContainer - [test-hivemq-platform] [hivemq] [e68ec15a] Adding pre-installed HiveMQ Platform Operator extensions
2025-01-30 18:46:04,711 INFO c.h.h.t.HelmChartContainer - [test-hivemq-platform] [hivemq] [e68ec15a] Running as user 10000
2025-01-30 18:46:04,711 INFO c.h.h.t.HelmChartContainer - [test-hivemq-platform] [hivemq] [e68ec15a] Starting HiveMQ Platform Operator Init
2025-01-30 18:46:04,712 INFO c.h.h.t.HelmChartContainer - [hivemq-test-hivemq-platform] [hivemq-platform-operator] [56d0a44e] 18:46:04.708 [pool-6-thread-42] DEBUG c.h.p.o.d.PlatformServiceResource - [helmupgr] Desired Platform services (3 services)
2025-01-30 18:46:04,712 INFO c.h.h.t.HelmChartContainer - [hivemq-test-hivemq-platform] [hivemq-platform-operator] [56d0a44e] 18:46:04.711 [pool-6-thread-43] DEBUG c.h.p.o.dependants.PodInfoConfigMap - [helmupgr] Desired PodInfo ConfigMap (1 extensions) (1 enabled)
2025-01-30 18:46:04,715 INFO c.h.h.t.HelmChartContainer - [hivemq-test-hivemq-platform] [hivemq-platform-operator] [56d0a44e] 18:46:04.711 [pool-6-thread-43] DEBUG c.h.p.o.dependants.PodInfoConfigMap - [helmupgr] Desired PodInfo ConfigMap (metrics port: 9399) (metrics path: /)
2025-01-30 18:46:04,715 INFO c.h.h.t.HelmChartContainer - [hivemq-test-hivemq-platform] [hivemq-platform-operator] [56d0a44e] 18:46:04.714 [pool-6-thread-43] DEBUG c.h.p.o.dependants.PodInfoConfigMap - [helmupgr] Desired PodInfo ConfigMap (extension state hash: -796743002)
2025-01-30 18:46:04,721 INFO c.h.h.t.HelmChartContainer - [hivemq-test-hivemq-platform] [hivemq-platform-operator] [56d0a44e] 18:46:04.719 [pool-6-thread-47] DEBUG c.h.p.o.d.PodServiceAccountResource - [helmupgr] Desired PodServiceAccountResource (serviceAccountName: hivemq-platform-pod-test-hivemq-platform)
2025-01-30 18:46:04,757 INFO c.h.h.t.HelmChartContainer - [hivemq-test-hivemq-platform] [hivemq-platform-operator] [56d0a44e] 18:46:04.755 [pool-6-thread-50] DEBUG c.h.p.o.d.StatefulSetResource - [helmupgr] Desired StatefulSet (1 replicas) for status STARTING (READY)
2025-01-30 18:46:04,761 INFO c.h.h.t.HelmChartContainer - [hivemq-test-hivemq-platform] [hivemq-platform-operator] [56d0a44e] 18:46:04.761 [ReconcilerExecutor-hivemq-controller-98] INFO  c.h.p.o.HiveMQPlatformReconciler - [helmupgr] Reconciling HiveMQ Platform 'test-hivemq-platform' in namespace 'helmupgradeextensionit'
2025-01-30 18:46:04,762 INFO c.h.h.t.HelmChartContainer - [hivemq-test-hivemq-platform] [hivemq-platform-operator] [56d0a44e] 18:46:04.761 [ReconcilerExecutor-hivemq-controller-98] DEBUG c.h.p.o.HiveMQPlatformReconciler - [helmupgr] Custom Resource Status STARTING - HiveMQ Platform is starting (READY)
2025-01-30 18:46:04,762 INFO c.h.h.t.HelmChartContainer - [hivemq-test-hivemq-platform] [hivemq-platform-operator] [56d0a44e] 18:46:04.761 [ReconcilerExecutor-hivemq-controller-98] DEBUG c.h.p.o.HiveMQPlatformReconciler - [helmupgr] Custom Resource Spec (replicas: 1) (extensions: 1)
2025-01-30 18:46:04,764 INFO c.h.h.t.HelmChartContainer - [hivemq-test-hivemq-platform] [hivemq-platform-operator] [56d0a44e] 18:46:04.763 [ReconcilerExecutor-hivemq-controller-98] DEBUG c.h.p.o.HiveMQPlatformReconciler - [helmupgr] StatefulSet Status (revision: test-hivemq-platform-5b6c7575b6, replicas: 1, available: 0, ready: 0, current: 1, updated: 1)
2025-01-30 18:46:04,764 INFO c.h.h.t.HelmChartContainer - [hivemq-test-hivemq-platform] [hivemq-platform-operator] [56d0a44e] 18:46:04.763 [ReconcilerExecutor-hivemq-controller-98] DEBUG c.h.p.o.HiveMQPlatformReconciler - [helmupgr] StatefulSet Spec (replicas: 1, init containers: 1, containers: 1, volumes: 4)
2025-01-30 18:46:04,767 INFO c.h.h.t.HelmChartContainer - [hivemq-test-hivemq-platform] [hivemq-platform-operator] [56d0a44e] 18:46:04.766 [ReconcilerExecutor-hivemq-controller-98] DEBUG c.h.p.o.h.HiveMQPlatformReconcilerErrorHandler - [helmupgr] Pod 'test-hivemq-platform-0' phase Running
2025-01-30 18:46:04,769 INFO c.h.h.t.HelmChartContainer - [hivemq-test-hivemq-platform] [hivemq-platform-operator] [56d0a44e] 18:46:04.767 [ReconcilerExecutor-hivemq-controller-98] INFO  c.h.p.o.h.HiveMQPlatformReconcilerBaseHandler - [helmupgr] HiveMQ Platform is starting, 0 of 1 replicas are ready
2025-01-30 18:46:05,114 INFO c.h.h.t.HelmChartContainer - [test-hivemq-platform] [hivemq] [e68ec15a] INFO  - [HiveMQ Platform Operator Init 1.7.0-SNAPSHOT] HiveMQ Platform Operator Init 1.7.0-SNAPSHOT (commit: 47e3375 on branch: HEAD) built on Thu Jan 30 03:55:50 UTC 2025
2025-01-30 18:46:06,339 INFO c.h.h.t.HelmChartContainer - [test-hivemq-platform] [hivemq] [e68ec15a] INFO  - [HiveMQ Platform Operator Init App 1.7.0-SNAPSHOT] Using bind address 10.42.0.8 from environment variable
2025-01-30 18:46:07,238 INFO c.h.h.t.HelmChartContainer - [test-hivemq-platform] [hivemq] [e68ec15a] INFO  - [HiveMQ Platform Operator Init App 1.7.0-SNAPSHOT] HiveMQ Platform Operator Init App 1.7.0-SNAPSHOT (commit: 47e3375 on branch: HEAD) built on Thu Jan 30 03:55:50 UTC 2025
2025-01-30 18:46:07,238 INFO c.h.h.t.HelmChartContainer - [test-hivemq-platform] [hivemq] [e68ec15a] INFO  - [HiveMQ Platform Operator Init App 1.7.0-SNAPSHOT] PodInfo ConfigMap directory: /etc/podinfo
2025-01-30 18:46:07,238 INFO c.h.h.t.HelmChartContainer - [test-hivemq-platform] [hivemq] [e68ec15a] INFO  - [HiveMQ Platform Operator Init App 1.7.0-SNAPSHOT] HiveMQ home directory: /opt/hivemq
2025-01-30 18:46:07,238 INFO c.h.h.t.HelmChartContainer - [test-hivemq-platform] [hivemq] [e68ec15a] INFO  - [HiveMQ Platform Operator Init App 1.7.0-SNAPSHOT] HiveMQ Logback folder: /opt/hivemq/conf
2025-01-30 18:46:07,238 INFO c.h.h.t.HelmChartContainer - [test-hivemq-platform] [hivemq] [e68ec15a] INFO  - [HiveMQ Platform Operator Init App 1.7.0-SNAPSHOT] HiveMQ Config folder: /opt/hivemq/conf-k8s
2025-01-30 18:46:07,239 INFO c.h.h.t.HelmChartContainer - [test-hivemq-platform] [hivemq] [e68ec15a] INFO  - [HiveMQ Platform Operator Init App 1.7.0-SNAPSHOT] Starting HiveMQ Platform Operator Init App
2025-01-30 18:46:07,239 INFO c.h.h.t.HelmChartContainer - [test-hivemq-platform] [hivemq] [e68ec15a] INFO  - [HiveMQ Platform Operator Init App 1.7.0-SNAPSHOT] Starting Pod reconciler
2025-01-30 18:46:08,508 INFO c.h.h.t.HelmChartContainer - [test-hivemq-platform] [hivemq] [e68ec15a] INFO  - [HiveMQ Platform Operator Init App 1.7.0-SNAPSHOT] Pod reconciler is scheduled (interval: 5000 ms)
2025-01-30 18:46:08,509 INFO c.h.h.t.HelmChartContainer - [test-hivemq-platform] [hivemq] [e68ec15a] INFO  - [HiveMQ Platform Operator Init App 1.7.0-SNAPSHOT] Starting the REST API on 10.42.0.8:7979
2025-01-30 18:46:08,511 INFO c.h.h.t.HelmChartContainer - [test-hivemq-platform] [hivemq] [e68ec15a] INFO  - [HiveMQ Platform Operator Init App 1.7.0-SNAPSHOT] Waiting up to 600s for at most 1 HiveMQ nodes in cluster service hivemq-test-hivemq-platform-cluster.helmupgradeextensionit.svc
2025-01-30 18:46:08,841 INFO c.h.h.t.HelmChartContainer - [test-hivemq-platform] [hivemq] [e68ec15a] INFO  - [HiveMQ Platform Operator Init App 1.7.0-SNAPSHOT] Resolved 1 IP addresses: [10.42.0.8]
2025-01-30 18:46:08,841 INFO c.h.h.t.HelmChartContainer - [test-hivemq-platform] [hivemq] [e68ec15a] INFO  - [HiveMQ Platform Operator Init App 1.7.0-SNAPSHOT] HiveMQ node count of 1 is within threshold of 1
2025-01-30 18:46:08,841 INFO c.h.h.t.HelmChartContainer - [test-hivemq-platform] [hivemq] [e68ec15a] INFO  - [HiveMQ Platform Operator Init App 1.7.0-SNAPSHOT] Proceeding with container start
2025-01-30 18:46:08,938 INFO c.h.h.t.HelmChartContainer - [test-hivemq-platform] [hivemq] [e68ec15a] INFO  - [HiveMQ Platform Operator Init App 1.7.0-SNAPSHOT] Initializing HiveMQ Platform extensions with initial configuration: {hivemq-bridge-extension={start-priority=-1, skip-https-hostname-verification=false, restart=true, config-version=832, header-version=0, c-uri=, priority=-1, uri=preinstalled, skip-https-certificate-validation=false, enabled=true}, hivemq-prometheus-extension={restart=true, priority=-1, start-priority=-1, c-uri=, skip-https-hostname-verification=false, skip-https-certificate-validation=false, uri=preinstalled, request-header-path=no-request-headers, enabled=true}}
2025-01-30 18:46:09,350 INFO c.h.h.t.HelmChartContainer - [test-hivemq-platform] [hivemq] [e68ec15a] INFO  - [HiveMQ Platform Operator Init App 1.7.0-SNAPSHOT] Successfully enabled extension hivemq-bridge-extension
2025-01-30 18:46:09,350 INFO c.h.h.testcontainer.LogWaiterUtil - TEST Found log pattern on 'test-hivemq-platform-0': .*\[HiveMQ Platform Operator Init App [A-Z0-9.-]+\] Successfully enabled extension hivemq-bridge-extension
2025-01-30 18:46:09,442 INFO c.h.h.t.HelmChartContainer - [test-hivemq-platform] [hivemq] [e68ec15a] INFO  - [HiveMQ Platform Operator Init App 1.7.0-SNAPSHOT] Successfully enabled extension hivemq-prometheus-extension
2025-01-30 18:46:09,443 INFO c.h.h.t.HelmChartContainer - [test-hivemq-platform] [hivemq] [e68ec15a] INFO  - [HiveMQ Platform Operator Init App 1.7.0-SNAPSHOT] Starting HiveMQ Platform version 4.36.0 (4.36.0)
2025-01-30 18:46:09,444 INFO c.h.h.t.HelmChartContainer - [test-hivemq-platform] [hivemq] [e68ec15a] INFO  - [HiveMQ Platform Operator Init App 1.7.0-SNAPSHOT] Configuring the HiveMQ Platform
2025-01-30 18:46:09,515 INFO c.h.h.t.HelmChartContainer - [test-hivemq-platform] [hivemq] [e68ec15a] INFO  - [HiveMQ Platform Operator Init App 1.7.0-SNAPSHOT] Changed logback.xml file scan period to 20 seconds
2025-01-30 18:46:09,608 INFO c.h.h.t.HelmChartContainer - [test-hivemq-platform] [hivemq] [e68ec15a] INFO  - [HiveMQ Platform Operator Init App 1.7.0-SNAPSHOT] Starting the HiveMQ Platform
2025-01-30 18:46:09,611 INFO c.h.h.t.HelmChartContainer - [test-hivemq-platform] [hivemq] [e68ec15a] -------------------------------------------------------------------------
2025-01-30 18:46:09,611 INFO c.h.h.t.HelmChartContainer - [test-hivemq-platform] [hivemq] [e68ec15a] 
2025-01-30 18:46:09,612 INFO c.h.h.t.HelmChartContainer - [test-hivemq-platform] [hivemq] [e68ec15a]                   _    _  _              __  __   ____
2025-01-30 18:46:09,612 INFO c.h.h.t.HelmChartContainer - [test-hivemq-platform] [hivemq] [e68ec15a]                  | |  | |(_)            |  \/  | / __ \
2025-01-30 18:46:09,612 INFO c.h.h.t.HelmChartContainer - [test-hivemq-platform] [hivemq] [e68ec15a]                  | |__| | _ __   __ ___ | \  / || |  | |
2025-01-30 18:46:09,612 INFO c.h.h.t.HelmChartContainer - [test-hivemq-platform] [hivemq] [e68ec15a]                  |  __  || |\ \ / // _ \| |\/| || |  | |
2025-01-30 18:46:09,612 INFO c.h.h.t.HelmChartContainer - [test-hivemq-platform] [hivemq] [e68ec15a]                  | |  | || | \ V /|  __/| |  | || |__| |
2025-01-30 18:46:09,612 INFO c.h.h.t.HelmChartContainer - [test-hivemq-platform] [hivemq] [e68ec15a]                  |_|  |_||_|  \_/  \___||_|  |_| \___\_\
2025-01-30 18:46:09,612 INFO c.h.h.t.HelmChartContainer - [test-hivemq-platform] [hivemq] [e68ec15a] 
2025-01-30 18:46:09,612 INFO c.h.h.t.HelmChartContainer - [test-hivemq-platform] [hivemq] [e68ec15a] -------------------------------------------------------------------------
2025-01-30 18:46:09,612 INFO c.h.h.t.HelmChartContainer - [test-hivemq-platform] [hivemq] [e68ec15a] 
2025-01-30 18:46:09,612 INFO c.h.h.t.HelmChartContainer - [test-hivemq-platform] [hivemq] [e68ec15a]   HiveMQ Start Script for Linux/Unix v1.14
2025-01-30 18:46:09,612 INFO c.h.h.t.HelmChartContainer - [test-hivemq-platform] [hivemq] [e68ec15a] 
2025-01-30 18:46:09,660 INFO c.h.h.t.HelmChartContainer - [test-hivemq-platform] [hivemq] [e68ec15a] -------------------------------------------------------------------------
2025-01-30 18:46:09,660 INFO c.h.h.t.HelmChartContainer - [test-hivemq-platform] [hivemq] [e68ec15a] 
2025-01-30 18:46:09,661 INFO c.h.h.t.HelmChartContainer - [test-hivemq-platform] [hivemq] [e68ec15a]   HIVEMQ_HOME: /opt/hivemq
2025-01-30 18:46:09,661 INFO c.h.h.t.HelmChartContainer - [test-hivemq-platform] [hivemq] [e68ec15a] 
2025-01-30 18:46:09,661 INFO c.h.h.t.HelmChartContainer - [test-hivemq-platform] [hivemq] [e68ec15a]   JAVA_OPTS: -XX:+UnlockExperimentalVMOptions -XX:InitialRAMPercentage=50 -XX:MaxRAMPercentage=50 -Djava.net.preferIPv4Stack=true --add-opens java.base/java.lang=ALL-UNNAMED --add-opens java.base/java.nio=ALL-UNNAMED --add-opens java.base/sun.nio.ch=ALL-UNNAMED --add-opens jdk.management/com.sun.management.internal=ALL-UNNAMED --add-exports java.base/jdk.internal.misc=ALL-UNNAMED -Djava.security.egd=file:/dev/./urandom -Dcom.sun.management.jmxremote -Dcom.sun.management.jmxremote.port=9010 -Dcom.sun.management.jmxremote.local.only=false -Dcom.sun.management.jmxremote.authenticate=false -Dcom.sun.management.jmxremote.ssl=false -Duser.language=en -Duser.region=US -XX:+CrashOnOutOfMemoryError -XX:+HeapDumpOnOutOfMemoryError
2025-01-30 18:46:09,661 INFO c.h.h.t.HelmChartContainer - [test-hivemq-platform] [hivemq] [e68ec15a] 
2025-01-30 18:46:09,661 INFO c.h.h.t.HelmChartContainer - [test-hivemq-platform] [hivemq] [e68ec15a]   JAVA_VERSION: 21
2025-01-30 18:46:09,661 INFO c.h.h.t.HelmChartContainer - [test-hivemq-platform] [hivemq] [e68ec15a] 
2025-01-30 18:46:09,661 INFO c.h.h.t.HelmChartContainer - [test-hivemq-platform] [hivemq] [e68ec15a] -------------------------------------------------------------------------
2025-01-30 18:46:09,661 INFO c.h.h.t.HelmChartContainer - [test-hivemq-platform] [hivemq] [e68ec15a] 
2025-01-30 18:46:10,741 INFO c.h.h.t.HelmChartContainer - [test-hivemq-platform] [hivemq] [e68ec15a] INFO  - [HiveMQ Platform Operator Init App 1.7.0-SNAPSHOT] Returning default Health API response 503 for readiness
2025-01-30 18:46:11,013 INFO c.h.h.t.HelmChartContainer - [EVENT] Warning [Unhealthy] Readiness probe failed: HTTP probe failed with statuscode: 503 [helmupgradeextensionit:test-hivemq-platform-0]
2025-01-30 18:46:11,013 INFO c.h.h.t.HelmChartContainer - Received Unhealthy event for container hivemq in pod test-hivemq-platform-0 [e68ec15a-5524-477a-a032-de18d4793e23]
2025-01-30 18:46:12,337 INFO c.h.h.t.HelmChartContainer - [test-hivemq-platform] [hivemq] [e68ec15a] INFO  - Starting HiveMQ Enterprise Server
2025-01-30 18:46:12,344 INFO c.h.h.t.HelmChartContainer - [test-hivemq-platform] [hivemq] [e68ec15a] INFO  - HiveMQ version: 4.36.0
2025-01-30 18:46:12,344 INFO c.h.h.t.HelmChartContainer - [test-hivemq-platform] [hivemq] [e68ec15a] INFO  - HiveMQ home directory: /opt/hivemq
2025-01-30 18:46:12,344 INFO c.h.h.t.HelmChartContainer - [test-hivemq-platform] [hivemq] [e68ec15a] INFO  - Log Configuration was overridden by /opt/hivemq/conf/logback.xml
2025-01-30 18:46:13,450 INFO c.h.h.t.HelmChartContainer - [test-hivemq-platform] [hivemq] [e68ec15a] INFO  - Successfully loaded configuration from '/opt/hivemq/conf-k8s/config.xml'.
2025-01-30 18:46:14,240 INFO c.h.h.t.HelmChartContainer - [test-hivemq-platform] [hivemq] [e68ec15a] INFO  - This node's ID is 1AA7j
2025-01-30 18:46:14,244 INFO c.h.h.t.HelmChartContainer - [test-hivemq-platform] [hivemq] [e68ec15a] INFO  - Clustering is enabled
2025-01-30 18:46:14,774 INFO c.h.h.t.HelmChartContainer - [hivemq-test-hivemq-platform] [hivemq-platform-operator] [56d0a44e] 18:46:14.771 [pool-6-thread-5] DEBUG c.h.p.o.d.PlatformServiceResource - [helmupgr] Desired Platform services (3 services)
2025-01-30 18:46:14,776 INFO c.h.h.t.HelmChartContainer - [hivemq-test-hivemq-platform] [hivemq-platform-operator] [56d0a44e] 18:46:14.773 [pool-6-thread-3] DEBUG c.h.p.o.dependants.PodInfoConfigMap - [helmupgr] Desired PodInfo ConfigMap (1 extensions) (1 enabled)
2025-01-30 18:46:14,776 INFO c.h.h.t.HelmChartContainer - [hivemq-test-hivemq-platform] [hivemq-platform-operator] [56d0a44e] 18:46:14.773 [pool-6-thread-3] DEBUG c.h.p.o.dependants.PodInfoConfigMap - [helmupgr] Desired PodInfo ConfigMap (metrics port: 9399) (metrics path: /)
2025-01-30 18:46:14,776 INFO c.h.h.t.HelmChartContainer - [hivemq-test-hivemq-platform] [hivemq-platform-operator] [56d0a44e] 18:46:14.773 [pool-6-thread-3] DEBUG c.h.p.o.dependants.PodInfoConfigMap - [helmupgr] Desired PodInfo ConfigMap (extension state hash: -796743002)
2025-01-30 18:46:14,776 INFO c.h.h.t.HelmChartContainer - [hivemq-test-hivemq-platform] [hivemq-platform-operator] [56d0a44e] 18:46:14.775 [pool-6-thread-6] DEBUG c.h.p.o.d.PodServiceAccountResource - [helmupgr] Desired PodServiceAccountResource (serviceAccountName: hivemq-platform-pod-test-hivemq-platform)
2025-01-30 18:46:14,779 INFO c.h.h.t.HelmChartContainer - [hivemq-test-hivemq-platform] [hivemq-platform-operator] [56d0a44e] 18:46:14.778 [pool-6-thread-5] DEBUG c.h.p.o.d.StatefulSetResource - [helmupgr] Desired StatefulSet (1 replicas) for status STARTING (READY)
2025-01-30 18:46:14,783 INFO c.h.h.t.HelmChartContainer - [hivemq-test-hivemq-platform] [hivemq-platform-operator] [56d0a44e] 18:46:14.782 [ReconcilerExecutor-hivemq-controller-109] INFO  c.h.p.o.HiveMQPlatformReconciler - [helmupgr] Reconciling HiveMQ Platform 'test-hivemq-platform' in namespace 'helmupgradeextensionit'
2025-01-30 18:46:14,783 INFO c.h.h.t.HelmChartContainer - [hivemq-test-hivemq-platform] [hivemq-platform-operator] [56d0a44e] 18:46:14.782 [ReconcilerExecutor-hivemq-controller-109] DEBUG c.h.p.o.HiveMQPlatformReconciler - [helmupgr] Custom Resource Status STARTING - HiveMQ Platform is starting (READY)
2025-01-30 18:46:14,783 INFO c.h.h.t.HelmChartContainer - [hivemq-test-hivemq-platform] [hivemq-platform-operator] [56d0a44e] 18:46:14.782 [ReconcilerExecutor-hivemq-controller-109] DEBUG c.h.p.o.HiveMQPlatformReconciler - [helmupgr] Custom Resource Spec (replicas: 1) (extensions: 1)
2025-01-30 18:46:14,786 INFO c.h.h.t.HelmChartContainer - [hivemq-test-hivemq-platform] [hivemq-platform-operator] [56d0a44e] 18:46:14.785 [ReconcilerExecutor-hivemq-controller-109] DEBUG c.h.p.o.HiveMQPlatformReconciler - [helmupgr] StatefulSet Status (revision: test-hivemq-platform-5b6c7575b6, replicas: 1, available: 0, ready: 0, current: 1, updated: 1)
2025-01-30 18:46:14,787 INFO c.h.h.t.HelmChartContainer - [hivemq-test-hivemq-platform] [hivemq-platform-operator] [56d0a44e] 18:46:14.785 [ReconcilerExecutor-hivemq-controller-109] DEBUG c.h.p.o.HiveMQPlatformReconciler - [helmupgr] StatefulSet Spec (replicas: 1, init containers: 1, containers: 1, volumes: 4)
2025-01-30 18:46:14,853 INFO c.h.h.t.HelmChartContainer - [hivemq-test-hivemq-platform] [hivemq-platform-operator] [56d0a44e] 18:46:14.852 [ReconcilerExecutor-hivemq-controller-109] DEBUG c.h.p.o.h.HiveMQPlatformReconcilerErrorHandler - [helmupgr] Pod 'test-hivemq-platform-0' phase Running
2025-01-30 18:46:14,854 INFO c.h.h.t.HelmChartContainer - [hivemq-test-hivemq-platform] [hivemq-platform-operator] [56d0a44e] 18:46:14.853 [ReconcilerExecutor-hivemq-controller-109] INFO  c.h.p.o.h.HiveMQPlatformReconcilerBaseHandler - [helmupgr] HiveMQ Platform is starting, 0 of 1 replicas are ready
2025-01-30 18:46:16,139 INFO c.h.h.t.HelmChartContainer - [test-hivemq-platform] [hivemq] [e68ec15a] WARN  - [HiveMQ Platform Operator Init App 1.7.0-SNAPSHOT] Cannot connect to Health API for readiness: null
2025-01-30 18:46:16,145 INFO c.h.h.t.HelmChartContainer - [EVENT] Warning [Unhealthy] Readiness probe failed: HTTP probe failed with statuscode: 503 [helmupgradeextensionit:test-hivemq-platform-0]
2025-01-30 18:46:16,145 INFO c.h.h.t.HelmChartContainer - Received Unhealthy event for container hivemq in pod test-hivemq-platform-0 [e68ec15a-5524-477a-a032-de18d4793e23]
2025-01-30 18:46:18,743 INFO c.h.h.t.HelmChartContainer - [test-hivemq-platform] [hivemq] [e68ec15a] Jan 30, 2025 6:46:18 PM io.vertx.core.impl.BlockedThreadChecker
2025-01-30 18:46:18,743 INFO c.h.h.t.HelmChartContainer - [test-hivemq-platform] [hivemq] [e68ec15a] WARNING: Thread Thread[vert.x-eventloop-thread-1,5,main] has been blocked for 2227 ms, time limit is 2000 ms
2025-01-30 18:46:19,537 INFO c.h.h.t.HelmChartContainer - [test-hivemq-platform] [hivemq] [e68ec15a] INFO  - [HiveMQ Platform Operator Init App 1.7.0-SNAPSHOT] Updating Pod HiveMQ Platform Operator Init App version annotation (version: 1.7.0-SNAPSHOT)
2025-01-30 18:46:20,153 INFO c.h.h.t.HelmChartContainer - [POD] test-hivemq-platform-0 [e68ec15a-5524-477a-a032-de18d4793e23] in helmupgradeextensionit was MODIFIED
2025-01-30 18:46:20,166 INFO c.h.h.t.HelmChartContainer - [hivemq-test-hivemq-platform] [hivemq-platform-operator] [56d0a44e] 18:46:20.162 [pool-6-thread-16] DEBUG c.h.p.o.d.PlatformServiceResource - [helmupgr] Desired Platform services (3 services)
2025-01-30 18:46:20,166 INFO c.h.h.t.HelmChartContainer - [hivemq-test-hivemq-platform] [hivemq-platform-operator] [56d0a44e] 18:46:20.163 [pool-6-thread-15] DEBUG c.h.p.o.dependants.PodInfoConfigMap - [helmupgr] Desired PodInfo ConfigMap (1 extensions) (1 enabled)
2025-01-30 18:46:20,166 INFO c.h.h.t.HelmChartContainer - [hivemq-test-hivemq-platform] [hivemq-platform-operator] [56d0a44e] 18:46:20.163 [pool-6-thread-15] DEBUG c.h.p.o.dependants.PodInfoConfigMap - [helmupgr] Desired PodInfo ConfigMap (metrics port: 9399) (metrics path: /)
2025-01-30 18:46:20,166 INFO c.h.h.t.HelmChartContainer - [hivemq-test-hivemq-platform] [hivemq-platform-operator] [56d0a44e] 18:46:20.163 [pool-6-thread-15] DEBUG c.h.p.o.dependants.PodInfoConfigMap - [helmupgr] Desired PodInfo ConfigMap (extension state hash: -796743002)
2025-01-30 18:46:20,173 INFO c.h.h.t.HelmChartContainer - [hivemq-test-hivemq-platform] [hivemq-platform-operator] [56d0a44e] 18:46:20.169 [pool-6-thread-15] DEBUG c.h.p.o.d.PodServiceAccountResource - [helmupgr] Desired PodServiceAccountResource (serviceAccountName: hivemq-platform-pod-test-hivemq-platform)
2025-01-30 18:46:20,175 INFO c.h.h.t.HelmChartContainer - [hivemq-test-hivemq-platform] [hivemq-platform-operator] [56d0a44e] 18:46:20.174 [pool-6-thread-16] DEBUG c.h.p.o.d.StatefulSetResource - [helmupgr] Desired StatefulSet (1 replicas) for status STARTING (READY)
2025-01-30 18:46:20,209 INFO c.h.h.t.HelmChartContainer - [test-hivemq-platform] [hivemq] [e68ec15a] WARN  - [HiveMQ Platform Operator Init App 1.7.0-SNAPSHOT] Cannot connect to Health API for readiness: null
2025-01-30 18:46:20,213 INFO c.h.h.t.HelmChartContainer - [EVENT] Warning [Unhealthy] Readiness probe failed: HTTP probe failed with statuscode: 503 [helmupgradeextensionit:test-hivemq-platform-0]
2025-01-30 18:46:20,213 INFO c.h.h.t.HelmChartContainer - Received Unhealthy event for container hivemq in pod test-hivemq-platform-0 [e68ec15a-5524-477a-a032-de18d4793e23]
2025-01-30 18:46:20,241 INFO c.h.h.t.HelmChartContainer - [test-hivemq-platform] [hivemq] [e68ec15a] INFO  - [HiveMQ Platform Operator Init App 1.7.0-SNAPSHOT] Successfully updated Pod HiveMQ Platform Operator Init App version annotation (version: 1.7.0-SNAPSHOT)
2025-01-30 18:46:20,256 INFO c.h.h.t.HelmChartContainer - [hivemq-test-hivemq-platform] [hivemq-platform-operator] [56d0a44e] 18:46:20.254 [ReconcilerExecutor-hivemq-controller-110] INFO  c.h.p.o.HiveMQPlatformReconciler - [helmupgr] Reconciling HiveMQ Platform 'test-hivemq-platform' in namespace 'helmupgradeextensionit'
2025-01-30 18:46:20,257 INFO c.h.h.t.HelmChartContainer - [hivemq-test-hivemq-platform] [hivemq-platform-operator] [56d0a44e] 18:46:20.254 [ReconcilerExecutor-hivemq-controller-110] DEBUG c.h.p.o.HiveMQPlatformReconciler - [helmupgr] Custom Resource Status STARTING - HiveMQ Platform is starting (READY)
2025-01-30 18:46:20,257 INFO c.h.h.t.HelmChartContainer - [hivemq-test-hivemq-platform] [hivemq-platform-operator] [56d0a44e] 18:46:20.254 [ReconcilerExecutor-hivemq-controller-110] DEBUG c.h.p.o.HiveMQPlatformReconciler - [helmupgr] Custom Resource Spec (replicas: 1) (extensions: 1)
2025-01-30 18:46:20,258 INFO c.h.h.t.HelmChartContainer - [hivemq-test-hivemq-platform] [hivemq-platform-operator] [56d0a44e] 18:46:20.258 [ReconcilerExecutor-hivemq-controller-110] DEBUG c.h.p.o.HiveMQPlatformReconciler - [helmupgr] StatefulSet Status (revision: test-hivemq-platform-5b6c7575b6, replicas: 1, available: 0, ready: 0, current: 1, updated: 1)
2025-01-30 18:46:20,261 INFO c.h.h.t.HelmChartContainer - [hivemq-test-hivemq-platform] [hivemq-platform-operator] [56d0a44e] 18:46:20.258 [ReconcilerExecutor-hivemq-controller-110] DEBUG c.h.p.o.HiveMQPlatformReconciler - [helmupgr] StatefulSet Spec (replicas: 1, init containers: 1, containers: 1, volumes: 4)
2025-01-30 18:46:20,261 INFO c.h.h.t.HelmChartContainer - [hivemq-test-hivemq-platform] [hivemq-platform-operator] [56d0a44e] 18:46:20.259 [ReconcilerExecutor-hivemq-controller-110] DEBUG c.h.p.o.h.HiveMQPlatformReconcilerErrorHandler - [helmupgr] Pod 'test-hivemq-platform-0' phase Running
2025-01-30 18:46:20,261 INFO c.h.h.t.HelmChartContainer - [hivemq-test-hivemq-platform] [hivemq-platform-operator] [56d0a44e] 18:46:20.261 [ReconcilerExecutor-hivemq-controller-110] INFO  c.h.p.o.h.HiveMQPlatformReconcilerBaseHandler - [helmupgr] HiveMQ Platform is starting, 0 of 1 replicas are ready
2025-01-30 18:46:25,207 INFO c.h.h.t.HelmChartContainer - [test-hivemq-platform] [hivemq] [e68ec15a] WARN  - [HiveMQ Platform Operator Init App 1.7.0-SNAPSHOT] Cannot connect to Health API for readiness: null
2025-01-30 18:46:25,212 INFO c.h.h.t.HelmChartContainer - [EVENT] Warning [Unhealthy] Readiness probe failed: HTTP probe failed with statuscode: 503 [helmupgradeextensionit:test-hivemq-platform-0]
2025-01-30 18:46:25,212 INFO c.h.h.t.HelmChartContainer - Received Unhealthy event for container hivemq in pod test-hivemq-platform-0 [e68ec15a-5524-477a-a032-de18d4793e23]
2025-01-30 18:46:30,212 INFO c.h.h.t.HelmChartContainer - [test-hivemq-platform] [hivemq] [e68ec15a] WARN  - [HiveMQ Platform Operator Init App 1.7.0-SNAPSHOT] Cannot connect to Health API for readiness: null
2025-01-30 18:46:30,215 INFO c.h.h.t.HelmChartContainer - [EVENT] Warning [Unhealthy] Readiness probe failed: HTTP probe failed with statuscode: 503 [helmupgradeextensionit:test-hivemq-platform-0]
2025-01-30 18:46:30,215 INFO c.h.h.t.HelmChartContainer - Received Unhealthy event for container hivemq in pod test-hivemq-platform-0 [e68ec15a-5524-477a-a032-de18d4793e23]
2025-01-30 18:46:30,268 INFO c.h.h.t.HelmChartContainer - [hivemq-test-hivemq-platform] [hivemq-platform-operator] [56d0a44e] 18:46:30.265 [pool-6-thread-24] DEBUG c.h.p.o.d.PlatformServiceResource - [helmupgr] Desired Platform services (3 services)
2025-01-30 18:46:30,268 INFO c.h.h.t.HelmChartContainer - [hivemq-test-hivemq-platform] [hivemq-platform-operator] [56d0a44e] 18:46:30.267 [pool-6-thread-27] DEBUG c.h.p.o.d.PodServiceAccountResource - [helmupgr] Desired PodServiceAccountResource (serviceAccountName: hivemq-platform-pod-test-hivemq-platform)
2025-01-30 18:46:30,272 INFO c.h.h.t.HelmChartContainer - [hivemq-test-hivemq-platform] [hivemq-platform-operator] [56d0a44e] 18:46:30.271 [pool-6-thread-21] DEBUG c.h.p.o.dependants.PodInfoConfigMap - [helmupgr] Desired PodInfo ConfigMap (1 extensions) (1 enabled)
2025-01-30 18:46:30,272 INFO c.h.h.t.HelmChartContainer - [hivemq-test-hivemq-platform] [hivemq-platform-operator] [56d0a44e] 18:46:30.271 [pool-6-thread-21] DEBUG c.h.p.o.dependants.PodInfoConfigMap - [helmupgr] Desired PodInfo ConfigMap (metrics port: 9399) (metrics path: /)
2025-01-30 18:46:30,272 INFO c.h.h.t.HelmChartContainer - [hivemq-test-hivemq-platform] [hivemq-platform-operator] [56d0a44e] 18:46:30.271 [pool-6-thread-21] DEBUG c.h.p.o.dependants.PodInfoConfigMap - [helmupgr] Desired PodInfo ConfigMap (extension state hash: -796743002)
2025-01-30 18:46:30,273 INFO c.h.h.t.HelmChartContainer - [hivemq-test-hivemq-platform] [hivemq-platform-operator] [56d0a44e] 18:46:30.272 [pool-6-thread-21] DEBUG c.h.p.o.d.StatefulSetResource - [helmupgr] Desired StatefulSet (1 replicas) for status STARTING (READY)
2025-01-30 18:46:30,280 INFO c.h.h.t.HelmChartContainer - [hivemq-test-hivemq-platform] [hivemq-platform-operator] [56d0a44e] 18:46:30.278 [ReconcilerExecutor-hivemq-controller-111] INFO  c.h.p.o.HiveMQPlatformReconciler - [helmupgr] Reconciling HiveMQ Platform 'test-hivemq-platform' in namespace 'helmupgradeextensionit'
2025-01-30 18:46:30,280 INFO c.h.h.t.HelmChartContainer - [hivemq-test-hivemq-platform] [hivemq-platform-operator] [56d0a44e] 18:46:30.279 [ReconcilerExecutor-hivemq-controller-111] DEBUG c.h.p.o.HiveMQPlatformReconciler - [helmupgr] Custom Resource Status STARTING - HiveMQ Platform is starting (READY)
2025-01-30 18:46:30,280 INFO c.h.h.t.HelmChartContainer - [hivemq-test-hivemq-platform] [hivemq-platform-operator] [56d0a44e] 18:46:30.279 [ReconcilerExecutor-hivemq-controller-111] DEBUG c.h.p.o.HiveMQPlatformReconciler - [helmupgr] Custom Resource Spec (replicas: 1) (extensions: 1)
2025-01-30 18:46:30,353 INFO c.h.h.t.HelmChartContainer - [hivemq-test-hivemq-platform] [hivemq-platform-operator] [56d0a44e] 18:46:30.352 [ReconcilerExecutor-hivemq-controller-111] DEBUG c.h.p.o.HiveMQPlatformReconciler - [helmupgr] StatefulSet Status (revision: test-hivemq-platform-5b6c7575b6, replicas: 1, available: 0, ready: 0, current: 1, updated: 1)
2025-01-30 18:46:30,354 INFO c.h.h.t.HelmChartContainer - [hivemq-test-hivemq-platform] [hivemq-platform-operator] [56d0a44e] 18:46:30.352 [ReconcilerExecutor-hivemq-controller-111] DEBUG c.h.p.o.HiveMQPlatformReconciler - [helmupgr] StatefulSet Spec (replicas: 1, init containers: 1, containers: 1, volumes: 4)
2025-01-30 18:46:30,354 INFO c.h.h.t.HelmChartContainer - [hivemq-test-hivemq-platform] [hivemq-platform-operator] [56d0a44e] 18:46:30.354 [ReconcilerExecutor-hivemq-controller-111] DEBUG c.h.p.o.h.HiveMQPlatformReconcilerErrorHandler - [helmupgr] Pod 'test-hivemq-platform-0' phase Running
2025-01-30 18:46:30,355 INFO c.h.h.t.HelmChartContainer - [hivemq-test-hivemq-platform] [hivemq-platform-operator] [56d0a44e] 18:46:30.355 [ReconcilerExecutor-hivemq-controller-111] INFO  c.h.p.o.h.HiveMQPlatformReconcilerBaseHandler - [helmupgr] HiveMQ Platform is starting, 0 of 1 replicas are ready
2025-01-30 18:46:31,809 INFO c.h.h.t.HelmChartContainer - [test-hivemq-platform] [hivemq] [e68ec15a] WARN  - [HiveMQ Platform Operator Init App 1.7.0-SNAPSHOT] Cannot connect to Health API for liveness: null
2025-01-30 18:46:31,810 INFO c.h.h.t.HelmChartContainer - [test-hivemq-platform] [hivemq] [e68ec15a] INFO  - [HiveMQ Platform Operator Init App 1.7.0-SNAPSHOT] Returning default Health API response 200 for liveness
2025-01-30 18:46:32,838 INFO c.h.h.t.HelmChartContainer - [test-hivemq-platform] [hivemq] [e68ec15a] INFO  - No valid license file found. Using trial license, restricted to 25 connections.
2025-01-30 18:46:35,211 INFO c.h.h.t.HelmChartContainer - [test-hivemq-platform] [hivemq] [e68ec15a] WARN  - [HiveMQ Platform Operator Init App 1.7.0-SNAPSHOT] Cannot connect to Health API for readiness: null
2025-01-30 18:46:35,215 INFO c.h.h.t.HelmChartContainer - [EVENT] Warning [Unhealthy] Readiness probe failed: HTTP probe failed with statuscode: 503 [helmupgradeextensionit:test-hivemq-platform-0]
2025-01-30 18:46:35,215 INFO c.h.h.t.HelmChartContainer - Received Unhealthy event for container hivemq in pod test-hivemq-platform-0 [e68ec15a-5524-477a-a032-de18d4793e23]
2025-01-30 18:46:37,409 INFO c.h.h.t.HelmChartContainer - [test-hivemq-platform] [hivemq] [e68ec15a] INFO  - No valid license file for Data Hub found. Using free license, restricted to 1 policy.
2025-01-30 18:46:38,648 INFO c.h.h.t.HelmChartContainer - [test-hivemq-platform] [hivemq] [e68ec15a] INFO  - Audit Logger started.
2025-01-30 18:46:39,016 INFO c.h.h.t.HelmChartContainer - [test-hivemq-platform] [hivemq] [e68ec15a] INFO  - This node uses '1' CPU cores.
2025-01-30 18:46:39,036 INFO c.h.h.t.HelmChartContainer - [test-hivemq-platform] [hivemq] [e68ec15a] INFO  - Starting HiveMQ Health API on address 0.0.0.0 and port 8889
2025-01-30 18:46:39,849 INFO c.h.h.t.HelmChartContainer - [test-hivemq-platform] [hivemq] [e68ec15a] INFO  - Started HiveMQ Health API in 813ms
2025-01-30 18:46:40,360 INFO c.h.h.t.HelmChartContainer - [hivemq-test-hivemq-platform] [hivemq-platform-operator] [56d0a44e] 18:46:40.358 [pool-6-thread-37] DEBUG c.h.p.o.d.PlatformServiceResource - [helmupgr] Desired Platform services (3 services)
2025-01-30 18:46:40,361 INFO c.h.h.t.HelmChartContainer - [hivemq-test-hivemq-platform] [hivemq-platform-operator] [56d0a44e] 18:46:40.359 [pool-6-thread-35] DEBUG c.h.p.o.dependants.PodInfoConfigMap - [helmupgr] Desired PodInfo ConfigMap (1 extensions) (1 enabled)
2025-01-30 18:46:40,361 INFO c.h.h.t.HelmChartContainer - [hivemq-test-hivemq-platform] [hivemq-platform-operator] [56d0a44e] 18:46:40.359 [pool-6-thread-35] DEBUG c.h.p.o.dependants.PodInfoConfigMap - [helmupgr] Desired PodInfo ConfigMap (metrics port: 9399) (metrics path: /)
2025-01-30 18:46:40,361 INFO c.h.h.t.HelmChartContainer - [hivemq-test-hivemq-platform] [hivemq-platform-operator] [56d0a44e] 18:46:40.359 [pool-6-thread-35] DEBUG c.h.p.o.dependants.PodInfoConfigMap - [helmupgr] Desired PodInfo ConfigMap (extension state hash: -796743002)
2025-01-30 18:46:40,365 INFO c.h.h.t.HelmChartContainer - [hivemq-test-hivemq-platform] [hivemq-platform-operator] [56d0a44e] 18:46:40.363 [pool-6-thread-32] DEBUG c.h.p.o.d.PodServiceAccountResource - [helmupgr] Desired PodServiceAccountResource (serviceAccountName: hivemq-platform-pod-test-hivemq-platform)
2025-01-30 18:46:40,367 INFO c.h.h.t.HelmChartContainer - [hivemq-test-hivemq-platform] [hivemq-platform-operator] [56d0a44e] 18:46:40.366 [pool-6-thread-39] DEBUG c.h.p.o.d.StatefulSetResource - [helmupgr] Desired StatefulSet (1 replicas) for status STARTING (READY)
2025-01-30 18:46:40,372 INFO c.h.h.t.HelmChartContainer - [hivemq-test-hivemq-platform] [hivemq-platform-operator] [56d0a44e] 18:46:40.371 [ReconcilerExecutor-hivemq-controller-112] INFO  c.h.p.o.HiveMQPlatformReconciler - [helmupgr] Reconciling HiveMQ Platform 'test-hivemq-platform' in namespace 'helmupgradeextensionit'
2025-01-30 18:46:40,373 INFO c.h.h.t.HelmChartContainer - [hivemq-test-hivemq-platform] [hivemq-platform-operator] [56d0a44e] 18:46:40.371 [ReconcilerExecutor-hivemq-controller-112] DEBUG c.h.p.o.HiveMQPlatformReconciler - [helmupgr] Custom Resource Status STARTING - HiveMQ Platform is starting (READY)
2025-01-30 18:46:40,373 INFO c.h.h.t.HelmChartContainer - [hivemq-test-hivemq-platform] [hivemq-platform-operator] [56d0a44e] 18:46:40.371 [ReconcilerExecutor-hivemq-controller-112] DEBUG c.h.p.o.HiveMQPlatformReconciler - [helmupgr] Custom Resource Spec (replicas: 1) (extensions: 1)
2025-01-30 18:46:40,374 INFO c.h.h.t.HelmChartContainer - [hivemq-test-hivemq-platform] [hivemq-platform-operator] [56d0a44e] 18:46:40.373 [ReconcilerExecutor-hivemq-controller-112] DEBUG c.h.p.o.HiveMQPlatformReconciler - [helmupgr] StatefulSet Status (revision: test-hivemq-platform-5b6c7575b6, replicas: 1, available: 0, ready: 0, current: 1, updated: 1)
2025-01-30 18:46:40,375 INFO c.h.h.t.HelmChartContainer - [hivemq-test-hivemq-platform] [hivemq-platform-operator] [56d0a44e] 18:46:40.373 [ReconcilerExecutor-hivemq-controller-112] DEBUG c.h.p.o.HiveMQPlatformReconciler - [helmupgr] StatefulSet Spec (replicas: 1, init containers: 1, containers: 1, volumes: 4)
2025-01-30 18:46:40,455 INFO c.h.h.t.HelmChartContainer - [hivemq-test-hivemq-platform] [hivemq-platform-operator] [56d0a44e] 18:46:40.453 [ReconcilerExecutor-hivemq-controller-112] DEBUG c.h.p.o.h.HiveMQPlatformReconcilerErrorHandler - [helmupgr] Pod 'test-hivemq-platform-0' phase Running
2025-01-30 18:46:40,455 INFO c.h.h.t.HelmChartContainer - [hivemq-test-hivemq-platform] [hivemq-platform-operator] [56d0a44e] 18:46:40.454 [ReconcilerExecutor-hivemq-controller-112] INFO  c.h.p.o.h.HiveMQPlatformReconcilerBaseHandler - [helmupgr] HiveMQ Platform is starting, 0 of 1 replicas are ready
2025-01-30 18:46:40,908 INFO c.h.h.t.HelmChartContainer - [test-hivemq-platform] [hivemq] [e68ec15a] INFO  - Starting HiveMQ extension system.
2025-01-30 18:46:41,038 INFO c.h.h.t.HelmChartContainer - [test-hivemq-platform] [hivemq] [e68ec15a] INFO  - [HiveMQ Platform Operator Init App 1.7.0-SNAPSHOT] Returning Health API response 503 for readiness
2025-01-30 18:46:41,045 INFO c.h.h.t.HelmChartContainer - [EVENT] Warning [Unhealthy] Readiness probe failed: HTTP probe failed with statuscode: 503 [helmupgradeextensionit:test-hivemq-platform-0]
2025-01-30 18:46:41,045 INFO c.h.h.t.HelmChartContainer - Received Unhealthy event for container hivemq in pod test-hivemq-platform-0 [e68ec15a-5524-477a-a032-de18d4793e23]
2025-01-30 18:46:42,317 INFO c.h.h.t.HelmChartContainer - [K3S] [info.go:53] Couldn't collect info from any of the files in "/etc/machine-id,/var/lib/dbus/machine-id"
2025-01-30 18:46:42,944 INFO c.h.h.t.HelmChartContainer - [test-hivemq-platform] [hivemq] [e68ec15a] INFO  - No license found for enterprise extension with name "HiveMQ Enterprise Bridge Extension". Entering extension trial mode. "HiveMQ Enterprise Bridge Extension" will be disabled in 5 hours.
2025-01-30 18:46:43,210 INFO c.h.h.t.HelmChartContainer - [test-hivemq-platform] [hivemq] [e68ec15a] INFO  - Starting extension with id "hivemq-dns-cluster-discovery" at /opt/hivemq/extensions/hivemq-dns-cluster-discovery
2025-01-30 18:46:43,648 INFO c.h.h.t.HelmChartContainer - [test-hivemq-platform] [hivemq] [e68ec15a] INFO  - Using TCP cluster transport on address 10.42.0.8 and port 7000
2025-01-30 18:46:43,737 INFO c.h.h.t.HelmChartContainer - [test-hivemq-platform] [hivemq] [e68ec15a] INFO  - Using extension cluster discovery
2025-01-30 18:46:43,808 INFO c.h.h.t.HelmChartContainer - [test-hivemq-platform] [hivemq] [e68ec15a] INFO  - Extension "DNS Cluster Discovery Extension" version 4.3.2 started successfully.
2025-01-30 18:46:43,808 INFO c.h.h.t.HelmChartContainer - [test-hivemq-platform] [hivemq] [e68ec15a] INFO  - Starting extension with id "hivemq-bridge-extension" at /opt/hivemq/extensions/hivemq-bridge-extension
2025-01-30 18:46:44,639 INFO c.h.h.t.HelmChartContainer - [test-hivemq-platform] [hivemq] [e68ec15a] INFO  - HiveMQ Enterprise Bridge Extension: Successfully loaded configuration from '/opt/hivemq/extensions/hivemq-bridge-extension/conf/config.xml'.
2025-01-30 18:46:45,247 INFO c.h.h.t.HelmChartContainer - [EVENT] Warning [Unhealthy] Readiness probe failed: HTTP probe failed with statuscode: 503 [helmupgradeextensionit:test-hivemq-platform-0]
2025-01-30 18:46:45,247 INFO c.h.h.t.HelmChartContainer - Received Unhealthy event for container hivemq in pod test-hivemq-platform-0 [e68ec15a-5524-477a-a032-de18d4793e23]
2025-01-30 18:46:45,337 INFO c.h.h.t.HelmChartContainer - [test-hivemq-platform] [hivemq] [e68ec15a] INFO  - Bridge Extension: Connecting to remote brokers...
2025-01-30 18:46:47,042 INFO c.h.h.t.HelmChartContainer - [test-hivemq-platform] [hivemq] [e68ec15a] INFO  - 1AA7j: no members discovered after 2897 ms: creating cluster as first member
2025-01-30 18:46:47,048 INFO c.h.h.t.HelmChartContainer - [test-hivemq-platform] [hivemq] [e68ec15a] INFO  - Cluster nodes found by discovery: [1AA7j|0] (1) [1AA7j].
2025-01-30 18:46:50,158 INFO c.h.h.t.HelmChartContainer - [EVENT] Warning [Unhealthy] Readiness probe failed: HTTP probe failed with statuscode: 503 [helmupgradeextensionit:test-hivemq-platform-0]
2025-01-30 18:46:50,158 INFO c.h.h.t.HelmChartContainer - Received Unhealthy event for container hivemq in pod test-hivemq-platform-0 [e68ec15a-5524-477a-a032-de18d4793e23]
2025-01-30 18:46:50,460 INFO c.h.h.t.HelmChartContainer - [hivemq-test-hivemq-platform] [hivemq-platform-operator] [56d0a44e] 18:46:50.458 [pool-6-thread-46] DEBUG c.h.p.o.d.PlatformServiceResource - [helmupgr] Desired Platform services (3 services)
2025-01-30 18:46:50,461 INFO c.h.h.t.HelmChartContainer - [hivemq-test-hivemq-platform] [hivemq-platform-operator] [56d0a44e] 18:46:50.460 [pool-6-thread-42] DEBUG c.h.p.o.d.PodServiceAccountResource - [helmupgr] Desired PodServiceAccountResource (serviceAccountName: hivemq-platform-pod-test-hivemq-platform)
2025-01-30 18:46:50,461 INFO c.h.h.t.HelmChartContainer - [hivemq-test-hivemq-platform] [hivemq-platform-operator] [56d0a44e] 18:46:50.460 [pool-6-thread-47] DEBUG c.h.p.o.dependants.PodInfoConfigMap - [helmupgr] Desired PodInfo ConfigMap (1 extensions) (1 enabled)
2025-01-30 18:46:50,461 INFO c.h.h.t.HelmChartContainer - [hivemq-test-hivemq-platform] [hivemq-platform-operator] [56d0a44e] 18:46:50.460 [pool-6-thread-47] DEBUG c.h.p.o.dependants.PodInfoConfigMap - [helmupgr] Desired PodInfo ConfigMap (metrics port: 9399) (metrics path: /)
2025-01-30 18:46:50,461 INFO c.h.h.t.HelmChartContainer - [hivemq-test-hivemq-platform] [hivemq-platform-operator] [56d0a44e] 18:46:50.460 [pool-6-thread-47] DEBUG c.h.p.o.dependants.PodInfoConfigMap - [helmupgr] Desired PodInfo ConfigMap (extension state hash: -796743002)
2025-01-30 18:46:50,468 INFO c.h.h.t.HelmChartContainer - [hivemq-test-hivemq-platform] [hivemq-platform-operator] [56d0a44e] 18:46:50.466 [pool-6-thread-46] DEBUG c.h.p.o.d.StatefulSetResource - [helmupgr] Desired StatefulSet (1 replicas) for status STARTING (READY)
2025-01-30 18:46:50,475 INFO c.h.h.t.HelmChartContainer - [hivemq-test-hivemq-platform] [hivemq-platform-operator] [56d0a44e] 18:46:50.474 [ReconcilerExecutor-hivemq-controller-113] INFO  c.h.p.o.HiveMQPlatformReconciler - [helmupgr] Reconciling HiveMQ Platform 'test-hivemq-platform' in namespace 'helmupgradeextensionit'
2025-01-30 18:46:50,476 INFO c.h.h.t.HelmChartContainer - [hivemq-test-hivemq-platform] [hivemq-platform-operator] [56d0a44e] 18:46:50.474 [ReconcilerExecutor-hivemq-controller-113] DEBUG c.h.p.o.HiveMQPlatformReconciler - [helmupgr] Custom Resource Status STARTING - HiveMQ Platform is starting (READY)
2025-01-30 18:46:50,476 INFO c.h.h.t.HelmChartContainer - [hivemq-test-hivemq-platform] [hivemq-platform-operator] [56d0a44e] 18:46:50.474 [ReconcilerExecutor-hivemq-controller-113] DEBUG c.h.p.o.HiveMQPlatformReconciler - [helmupgr] Custom Resource Spec (replicas: 1) (extensions: 1)
2025-01-30 18:46:50,555 INFO c.h.h.t.HelmChartContainer - [hivemq-test-hivemq-platform] [hivemq-platform-operator] [56d0a44e] 18:46:50.553 [ReconcilerExecutor-hivemq-controller-113] DEBUG c.h.p.o.HiveMQPlatformReconciler - [helmupgr] StatefulSet Status (revision: test-hivemq-platform-5b6c7575b6, replicas: 1, available: 0, ready: 0, current: 1, updated: 1)
2025-01-30 18:46:50,555 INFO c.h.h.t.HelmChartContainer - [hivemq-test-hivemq-platform] [hivemq-platform-operator] [56d0a44e] 18:46:50.553 [ReconcilerExecutor-hivemq-controller-113] DEBUG c.h.p.o.HiveMQPlatformReconciler - [helmupgr] StatefulSet Spec (replicas: 1, init containers: 1, containers: 1, volumes: 4)
2025-01-30 18:46:50,556 INFO c.h.h.t.HelmChartContainer - [hivemq-test-hivemq-platform] [hivemq-platform-operator] [56d0a44e] 18:46:50.556 [ReconcilerExecutor-hivemq-controller-113] DEBUG c.h.p.o.h.HiveMQPlatformReconcilerErrorHandler - [helmupgr] Pod 'test-hivemq-platform-0' phase Running
2025-01-30 18:46:50,558 INFO c.h.h.t.HelmChartContainer - [hivemq-test-hivemq-platform] [hivemq-platform-operator] [56d0a44e] 18:46:50.557 [ReconcilerExecutor-hivemq-controller-113] INFO  c.h.p.o.h.HiveMQPlatformReconcilerBaseHandler - [helmupgr] HiveMQ Platform is starting, 0 of 1 replicas are ready
2025-01-30 18:46:55,158 INFO c.h.h.t.HelmChartContainer - [EVENT] Warning [Unhealthy] Readiness probe failed: HTTP probe failed with statuscode: 503 [helmupgradeextensionit:test-hivemq-platform-0]
2025-01-30 18:46:55,158 INFO c.h.h.t.HelmChartContainer - Received Unhealthy event for container hivemq in pod test-hivemq-platform-0 [e68ec15a-5524-477a-a032-de18d4793e23]
2025-01-30 18:46:55,748 INFO c.h.h.t.HelmChartContainer - [test-hivemq-platform] [hivemq] [e68ec15a] WARN  - Bridge Extension: Connect to bridge 'testbridge' failed for the 1 time, reason: connection timed out after 10000 ms: /172.17.0.3:1883
2025-01-30 18:46:55,748 INFO c.h.h.t.HelmChartContainer - [test-hivemq-platform] [hivemq] [e68ec15a] WARN  - Bridge Extension: Connect to bridge 'testbridge' failed for the 1 time, reason: connection timed out after 10000 ms: /172.17.0.3:1883
2025-01-30 18:47:00,158 INFO c.h.h.t.HelmChartContainer - [EVENT] Warning [Unhealthy] Readiness probe failed: HTTP probe failed with statuscode: 503 [helmupgradeextensionit:test-hivemq-platform-0]
2025-01-30 18:47:00,158 INFO c.h.h.t.HelmChartContainer - Received Unhealthy event for container hivemq in pod test-hivemq-platform-0 [e68ec15a-5524-477a-a032-de18d4793e23]
2025-01-30 18:47:00,563 INFO c.h.h.t.HelmChartContainer - [hivemq-test-hivemq-platform] [hivemq-platform-operator] [56d0a44e] 18:47:00.560 [pool-6-thread-10] DEBUG c.h.p.o.d.PlatformServiceResource - [helmupgr] Desired Platform services (3 services)
2025-01-30 18:47:00,563 INFO c.h.h.t.HelmChartContainer - [hivemq-test-hivemq-platform] [hivemq-platform-operator] [56d0a44e] 18:47:00.561 [pool-6-thread-2] DEBUG c.h.p.o.dependants.PodInfoConfigMap - [helmupgr] Desired PodInfo ConfigMap (1 extensions) (1 enabled)
2025-01-30 18:47:00,563 INFO c.h.h.t.HelmChartContainer - [hivemq-test-hivemq-platform] [hivemq-platform-operator] [56d0a44e] 18:47:00.561 [pool-6-thread-2] DEBUG c.h.p.o.dependants.PodInfoConfigMap - [helmupgr] Desired PodInfo ConfigMap (metrics port: 9399) (metrics path: /)
2025-01-30 18:47:00,563 INFO c.h.h.t.HelmChartContainer - [hivemq-test-hivemq-platform] [hivemq-platform-operator] [56d0a44e] 18:47:00.561 [pool-6-thread-2] DEBUG c.h.p.o.dependants.PodInfoConfigMap - [helmupgr] Desired PodInfo ConfigMap (extension state hash: -796743002)
2025-01-30 18:47:00,565 INFO c.h.h.t.HelmChartContainer - [hivemq-test-hivemq-platform] [hivemq-platform-operator] [56d0a44e] 18:47:00.562 [pool-6-thread-3] DEBUG c.h.p.o.d.PodServiceAccountResource - [helmupgr] Desired PodServiceAccountResource (serviceAccountName: hivemq-platform-pod-test-hivemq-platform)
2025-01-30 18:47:00,569 INFO c.h.h.t.HelmChartContainer - [hivemq-test-hivemq-platform] [hivemq-platform-operator] [56d0a44e] 18:47:00.567 [pool-6-thread-10] DEBUG c.h.p.o.d.StatefulSetResource - [helmupgr] Desired StatefulSet (1 replicas) for status STARTING (READY)
2025-01-30 18:47:00,572 INFO c.h.h.t.HelmChartContainer - [hivemq-test-hivemq-platform] [hivemq-platform-operator] [56d0a44e] 18:47:00.571 [ReconcilerExecutor-hivemq-controller-114] INFO  c.h.p.o.HiveMQPlatformReconciler - [helmupgr] Reconciling HiveMQ Platform 'test-hivemq-platform' in namespace 'helmupgradeextensionit'
2025-01-30 18:47:00,572 INFO c.h.h.t.HelmChartContainer - [hivemq-test-hivemq-platform] [hivemq-platform-operator] [56d0a44e] 18:47:00.571 [ReconcilerExecutor-hivemq-controller-114] DEBUG c.h.p.o.HiveMQPlatformReconciler - [helmupgr] Custom Resource Status STARTING - HiveMQ Platform is starting (READY)
2025-01-30 18:47:00,572 INFO c.h.h.t.HelmChartContainer - [hivemq-test-hivemq-platform] [hivemq-platform-operator] [56d0a44e] 18:47:00.571 [ReconcilerExecutor-hivemq-controller-114] DEBUG c.h.p.o.HiveMQPlatformReconciler - [helmupgr] Custom Resource Spec (replicas: 1) (extensions: 1)
2025-01-30 18:47:00,574 INFO c.h.h.t.HelmChartContainer - [hivemq-test-hivemq-platform] [hivemq-platform-operator] [56d0a44e] 18:47:00.573 [ReconcilerExecutor-hivemq-controller-114] DEBUG c.h.p.o.HiveMQPlatformReconciler - [helmupgr] StatefulSet Status (revision: test-hivemq-platform-5b6c7575b6, replicas: 1, available: 0, ready: 0, current: 1, updated: 1)
2025-01-30 18:47:00,575 INFO c.h.h.t.HelmChartContainer - [hivemq-test-hivemq-platform] [hivemq-platform-operator] [56d0a44e] 18:47:00.573 [ReconcilerExecutor-hivemq-controller-114] DEBUG c.h.p.o.HiveMQPlatformReconciler - [helmupgr] StatefulSet Spec (replicas: 1, init containers: 1, containers: 1, volumes: 4)
2025-01-30 18:47:00,653 INFO c.h.h.t.HelmChartContainer - [hivemq-test-hivemq-platform] [hivemq-platform-operator] [56d0a44e] 18:47:00.652 [ReconcilerExecutor-hivemq-controller-114] DEBUG c.h.p.o.h.HiveMQPlatformReconcilerErrorHandler - [helmupgr] Pod 'test-hivemq-platform-0' phase Running
2025-01-30 18:47:00,654 INFO c.h.h.t.HelmChartContainer - [hivemq-test-hivemq-platform] [hivemq-platform-operator] [56d0a44e] 18:47:00.653 [ReconcilerExecutor-hivemq-controller-114] INFO  c.h.p.o.h.HiveMQPlatformReconcilerBaseHandler - [helmupgr] HiveMQ Platform is starting, 0 of 1 replicas are ready
2025-01-30 18:47:01,797 INFO c.h.h.t.HelmChartContainer - [test-hivemq-platform] [hivemq] [e68ec15a] INFO  - [HiveMQ Platform Operator Init App 1.7.0-SNAPSHOT] Returning Health API response 200 for liveness
2025-01-30 18:47:05,159 INFO c.h.h.t.HelmChartContainer - [EVENT] Warning [Unhealthy] Readiness probe failed: HTTP probe failed with statuscode: 503 [helmupgradeextensionit:test-hivemq-platform-0]
2025-01-30 18:47:05,159 INFO c.h.h.t.HelmChartContainer - Received Unhealthy event for container hivemq in pod test-hivemq-platform-0 [e68ec15a-5524-477a-a032-de18d4793e23]
2025-01-30 18:47:07,445 INFO c.h.h.t.HelmChartContainer - [test-hivemq-platform] [hivemq] [e68ec15a] WARN  - Bridge Extension: Connect to bridge 'testbridge' failed for the 2 time, reason: connection timed out after 10000 ms: /172.17.0.3:1883
2025-01-30 18:47:08,007 INFO c.h.h.t.HelmChartContainer - [test-hivemq-platform] [hivemq] [e68ec15a] WARN  - Bridge Extension: Connect to bridge 'testbridge' failed for the 2 time, reason: connection timed out after 10000 ms: /172.17.0.3:1883
2025-01-30 18:47:08,007 INFO c.h.h.t.HelmChartContainer - [test-hivemq-platform] [hivemq] [e68ec15a] WARN  - Bridge Extension: Not all clients could connect successfully to remote brokers. The clients will retry the connection.
2025-01-30 18:47:08,112 INFO c.h.h.t.HelmChartContainer - [test-hivemq-platform] [hivemq] [e68ec15a] INFO  - Extension "HiveMQ Enterprise Bridge Extension" version 4.36.0 started successfully.
2025-01-30 18:47:08,113 INFO c.h.h.testcontainer.LogWaiterUtil - TEST Found log pattern on 'test-hivemq-platform-0': .*Extension "HiveMQ Enterprise Bridge Extension" version .* started successfully.
2025-01-30 18:47:08,113 INFO c.h.h.t.HelmChartContainer - [test-hivemq-platform] [hivemq] [e68ec15a] INFO  - Starting extension with id "hivemq-prometheus-extension" at /opt/hivemq/extensions/hivemq-prometheus-extension
2025-01-30 18:47:08,512 INFO c.h.h.t.HelmChartContainer - [test-hivemq-platform] [hivemq] [e68ec15a] INFO  - Started Jetty Server exposing Prometheus Servlet on URI http://0.0.0.0:9399/
2025-01-30 18:47:08,514 INFO c.h.h.t.HelmChartContainer - [test-hivemq-platform] [hivemq] [e68ec15a] INFO  - Extension "Prometheus Monitoring Extension" version 4.0.12 started successfully.
2025-01-30 18:47:08,514 INFO c.h.h.t.HelmChartContainer - [test-hivemq-platform] [hivemq] [e68ec15a] INFO  - Starting extension with id "hivemq-allow-all-extension" at /opt/hivemq/extensions/hivemq-allow-all-extension
2025-01-30 18:47:08,514 INFO c.h.h.t.HelmChartContainer - [test-hivemq-platform] [hivemq] [e68ec15a] WARN  - 
2025-01-30 18:47:08,515 INFO c.h.h.t.HelmChartContainer - [test-hivemq-platform] [hivemq] [e68ec15a] ################################################################################################################
2025-01-30 18:47:08,515 INFO c.h.h.t.HelmChartContainer - [test-hivemq-platform] [hivemq] [e68ec15a] # This HiveMQ deployment is not secure! You are lacking Authentication and Authorization.                      #
2025-01-30 18:47:08,515 INFO c.h.h.t.HelmChartContainer - [test-hivemq-platform] [hivemq] [e68ec15a] # Right now any MQTT client can connect to the broker with a full set of permissions.                          #
2025-01-30 18:47:08,515 INFO c.h.h.t.HelmChartContainer - [test-hivemq-platform] [hivemq] [e68ec15a] # For production usage, add an appropriate security extension and remove the hivemq-allow-all extension.       #
2025-01-30 18:47:08,515 INFO c.h.h.t.HelmChartContainer - [test-hivemq-platform] [hivemq] [e68ec15a] # You can download security extensions from the HiveMQ Marketplace (https://www.hivemq.com/extensions/).       #
2025-01-30 18:47:08,515 INFO c.h.h.t.HelmChartContainer - [test-hivemq-platform] [hivemq] [e68ec15a] ################################################################################################################
2025-01-30 18:47:08,515 INFO c.h.h.t.HelmChartContainer - [test-hivemq-platform] [hivemq] [e68ec15a] INFO  - Extension "Allow All Extension" version 1.1.1 started successfully.
2025-01-30 18:47:08,515 INFO c.h.h.t.HelmChartContainer - [test-hivemq-platform] [hivemq] [e68ec15a] WARN  - No user for HiveMQ Control Center configured. Starting with default user
2025-01-30 18:47:08,515 INFO c.h.h.t.HelmChartContainer - [test-hivemq-platform] [hivemq] [e68ec15a] INFO  - Starting HiveMQ Control Center on address 0.0.0.0 and port 8080
2025-01-30 18:47:08,521 INFO c.h.h.t.HelmChartContainer - [test-hivemq-platform] [hivemq] [e68ec15a] INFO  - Mounting HiveMQ Control Center V2 Preview
2025-01-30 18:47:09,131 INFO c.h.h.t.HelmChartContainer - [test-hivemq-platform] [hivemq] [e68ec15a] INFO  - Started HiveMQ Control Center in 618ms
2025-01-30 18:47:09,217 INFO c.h.h.t.HelmChartContainer - [test-hivemq-platform] [hivemq] [e68ec15a] INFO  - Starting TCP listener on address 0.0.0.0 and port 1883
2025-01-30 18:47:09,231 INFO c.h.h.t.HelmChartContainer - [test-hivemq-platform] [hivemq] [e68ec15a] INFO  - Started TCP Listener on address 0.0.0.0 and on port 1883.
2025-01-30 18:47:09,231 INFO c.h.h.t.HelmChartContainer - [test-hivemq-platform] [hivemq] [e68ec15a] INFO  - Started HiveMQ in 57284ms
2025-01-30 18:47:10,154 INFO c.h.h.t.HelmChartContainer - [test-hivemq-platform] [hivemq] [e68ec15a] INFO  - [HiveMQ Platform Operator Init App 1.7.0-SNAPSHOT] Returning Health API response 200 for readiness
2025-01-30 18:47:10,164 INFO c.h.h.t.HelmChartContainer - [POD] test-hivemq-platform-0 [e68ec15a-5524-477a-a032-de18d4793e23] in helmupgradeextensionit was MODIFIED
2025-01-30 18:47:10,178 INFO c.h.h.t.HelmChartContainer - [hivemq-test-hivemq-platform] [hivemq-platform-operator] [56d0a44e] 18:47:10.173 [pool-6-thread-14] DEBUG c.h.p.o.d.PlatformServiceResource - [helmupgr] Desired Platform services (3 services)
2025-01-30 18:47:10,178 INFO c.h.h.t.HelmChartContainer - [hivemq-test-hivemq-platform] [hivemq-platform-operator] [56d0a44e] 18:47:10.175 [pool-6-thread-11] DEBUG c.h.p.o.dependants.PodInfoConfigMap - [helmupgr] Desired PodInfo ConfigMap (1 extensions) (1 enabled)
2025-01-30 18:47:10,178 INFO c.h.h.t.HelmChartContainer - [hivemq-test-hivemq-platform] [hivemq-platform-operator] [56d0a44e] 18:47:10.175 [pool-6-thread-11] DEBUG c.h.p.o.dependants.PodInfoConfigMap - [helmupgr] Desired PodInfo ConfigMap (metrics port: 9399) (metrics path: /)
2025-01-30 18:47:10,178 INFO c.h.h.t.HelmChartContainer - [hivemq-test-hivemq-platform] [hivemq-platform-operator] [56d0a44e] 18:47:10.175 [pool-6-thread-11] DEBUG c.h.p.o.dependants.PodInfoConfigMap - [helmupgr] Desired PodInfo ConfigMap (extension state hash: -796743002)
2025-01-30 18:47:10,178 INFO c.h.h.t.HelmChartContainer - [hivemq-test-hivemq-platform] [hivemq-platform-operator] [56d0a44e] 18:47:10.176 [pool-6-thread-11] DEBUG c.h.p.o.d.PodServiceAccountResource - [helmupgr] Desired PodServiceAccountResource (serviceAccountName: hivemq-platform-pod-test-hivemq-platform)
2025-01-30 18:47:10,254 INFO c.h.h.t.HelmChartContainer - [hivemq-test-hivemq-platform] [hivemq-platform-operator] [56d0a44e] 18:47:10.253 [pool-6-thread-14] DEBUG c.h.p.o.d.StatefulSetResource - [helmupgr] Desired StatefulSet (1 replicas) for status STARTING (READY)
2025-01-30 18:47:10,258 INFO c.h.h.t.HelmChartContainer - [hivemq-test-hivemq-platform] [hivemq-platform-operator] [56d0a44e] 18:47:10.257 [ReconcilerExecutor-hivemq-controller-115] INFO  c.h.p.o.HiveMQPlatformReconciler - [helmupgr] Reconciling HiveMQ Platform 'test-hivemq-platform' in namespace 'helmupgradeextensionit'
2025-01-30 18:47:10,258 INFO c.h.h.t.HelmChartContainer - [hivemq-test-hivemq-platform] [hivemq-platform-operator] [56d0a44e] 18:47:10.257 [ReconcilerExecutor-hivemq-controller-115] DEBUG c.h.p.o.HiveMQPlatformReconciler - [helmupgr] Custom Resource Status STARTING - HiveMQ Platform is starting (READY)
2025-01-30 18:47:10,259 INFO c.h.h.t.HelmChartContainer - [hivemq-test-hivemq-platform] [hivemq-platform-operator] [56d0a44e] 18:47:10.257 [ReconcilerExecutor-hivemq-controller-115] DEBUG c.h.p.o.HiveMQPlatformReconciler - [helmupgr] Custom Resource Spec (replicas: 1) (extensions: 1)
2025-01-30 18:47:10,261 INFO c.h.h.t.HelmChartContainer - [hivemq-test-hivemq-platform] [hivemq-platform-operator] [56d0a44e] 18:47:10.259 [ReconcilerExecutor-hivemq-controller-115] DEBUG c.h.p.o.HiveMQPlatformReconciler - [helmupgr] StatefulSet Status (revision: test-hivemq-platform-5b6c7575b6, replicas: 1, available: 1, ready: 1, current: 1, updated: 1)
2025-01-30 18:47:10,261 INFO c.h.h.t.HelmChartContainer - [hivemq-test-hivemq-platform] [hivemq-platform-operator] [56d0a44e] 18:47:10.260 [ReconcilerExecutor-hivemq-controller-115] DEBUG c.h.p.o.HiveMQPlatformReconciler - [helmupgr] StatefulSet Spec (replicas: 1, init containers: 1, containers: 1, volumes: 4)
2025-01-30 18:47:10,262 INFO c.h.h.t.HelmChartContainer - [hivemq-test-hivemq-platform] [hivemq-platform-operator] [56d0a44e] 18:47:10.261 [ReconcilerExecutor-hivemq-controller-115] DEBUG c.h.p.o.h.HiveMQPlatformReconcilerErrorHandler - [helmupgr] Pod 'test-hivemq-platform-0' phase Running
2025-01-30 18:47:10,263 INFO c.h.h.t.HelmChartContainer - [hivemq-test-hivemq-platform] [hivemq-platform-operator] [56d0a44e] 18:47:10.262 [ReconcilerExecutor-hivemq-controller-115] INFO  c.h.p.o.h.HiveMQPlatformReconcilerBaseHandler - [helmupgr] HiveMQ Platform started successfully
2025-01-30 18:47:10,365 INFO c.h.h.t.HelmChartContainer - [hivemq-test-hivemq-platform] [hivemq-platform-operator] [56d0a44e] 18:47:10.364 [ReconcilerExecutor-hivemq-controller-115] DEBUG c.h.p.operator.event.EventSender - [helmupgr] Creating K8s event hivemq-platform-ready: [Ready] HiveMQ Platform is ready
2025-01-30 18:47:10,371 INFO c.h.h.t.HelmChartContainer - [EVENT] Normal [Ready] HiveMQ Platform is ready [helmupgradeextensionit:test-hivemq-platform]
2025-01-30 18:47:10,372 INFO c.h.h.t.HelmChartContainer - [hivemq-test-hivemq-platform] [hivemq-platform-operator] [56d0a44e] 18:47:10.371 [ReconcilerExecutor-hivemq-controller-115] INFO  c.h.p.o.h.AbstractHiveMQReconcilerStateHandler - [helmupgr] Update HiveMQ Platform Status (STARTING [READY] -> RUNNING [READY]): HiveMQ Platform is ready
2025-01-30 18:47:10,380 DEBUG com.hivemq.helmcharts.util.K8sUtil - Comparing actual state 'RUNNING' and waiting for 'RUNNING'
2025-01-30 18:47:10,458 INFO c.h.h.t.HelmChartContainer - [hivemq-test-hivemq-platform] [hivemq-platform-operator] [56d0a44e] 18:47:10.454 [pool-6-thread-24] DEBUG c.h.p.o.d.PlatformServiceResource - [helmupgr] Desired Platform services (3 services)
2025-01-30 18:47:10,459 INFO c.h.h.t.HelmChartContainer - [hivemq-test-hivemq-platform] [hivemq-platform-operator] [56d0a44e] 18:47:10.454 [pool-6-thread-25] DEBUG c.h.p.o.d.PodServiceAccountResource - [helmupgr] Desired PodServiceAccountResource (serviceAccountName: hivemq-platform-pod-test-hivemq-platform)
2025-01-30 18:47:10,459 INFO c.h.h.t.HelmChartContainer - [hivemq-test-hivemq-platform] [hivemq-platform-operator] [56d0a44e] 18:47:10.455 [pool-6-thread-27] DEBUG c.h.p.o.dependants.PodInfoConfigMap - [helmupgr] Desired PodInfo ConfigMap (1 extensions) (1 enabled)
2025-01-30 18:47:10,459 INFO c.h.h.t.HelmChartContainer - [hivemq-test-hivemq-platform] [hivemq-platform-operator] [56d0a44e] 18:47:10.455 [pool-6-thread-27] DEBUG c.h.p.o.dependants.PodInfoConfigMap - [helmupgr] Desired PodInfo ConfigMap (metrics port: 9399) (metrics path: /)
2025-01-30 18:47:10,459 INFO c.h.h.t.HelmChartContainer - [hivemq-test-hivemq-platform] [hivemq-platform-operator] [56d0a44e] 18:47:10.455 [pool-6-thread-27] DEBUG c.h.p.o.dependants.PodInfoConfigMap - [helmupgr] Desired PodInfo ConfigMap (extension state hash: -796743002)
2025-01-30 18:47:10,459 INFO c.h.h.t.HelmChartContainer - [hivemq-test-hivemq-platform] [hivemq-platform-operator] [56d0a44e] 18:47:10.455 [pool-6-thread-27] DEBUG c.h.p.o.dependants.PodInfoConfigMap - [helmupgr] Update PodInfo ConfigMap
2025-01-30 18:47:10,467 INFO c.h.h.t.HelmChartContainer - [hivemq-test-hivemq-platform] [hivemq-platform-operator] [56d0a44e] 18:47:10.466 [pool-6-thread-27] DEBUG c.h.p.o.d.StatefulSetResource - [helmupgr] Desired StatefulSet (1 replicas) for status RUNNING (READY)
2025-01-30 18:47:10,554 INFO c.h.h.t.HelmChartContainer - [hivemq-test-hivemq-platform] [hivemq-platform-operator] [56d0a44e] 18:47:10.552 [ReconcilerExecutor-hivemq-controller-116] INFO  c.h.p.o.HiveMQPlatformReconciler - [helmupgr] Reconciling HiveMQ Platform 'test-hivemq-platform' in namespace 'helmupgradeextensionit'
2025-01-30 18:47:10,554 INFO c.h.h.t.HelmChartContainer - [hivemq-test-hivemq-platform] [hivemq-platform-operator] [56d0a44e] 18:47:10.552 [ReconcilerExecutor-hivemq-controller-116] DEBUG c.h.p.o.HiveMQPlatformReconciler - [helmupgr] Custom Resource Status RUNNING - HiveMQ Platform is ready (READY)
2025-01-30 18:47:10,554 INFO c.h.h.t.HelmChartContainer - [hivemq-test-hivemq-platform] [hivemq-platform-operator] [56d0a44e] 18:47:10.552 [ReconcilerExecutor-hivemq-controller-116] DEBUG c.h.p.o.HiveMQPlatformReconciler - [helmupgr] Custom Resource Spec (replicas: 1) (extensions: 1)
2025-01-30 18:47:10,555 INFO c.h.h.t.HelmChartContainer - [hivemq-test-hivemq-platform] [hivemq-platform-operator] [56d0a44e] 18:47:10.554 [ReconcilerExecutor-hivemq-controller-116] DEBUG c.h.p.o.HiveMQPlatformReconciler - [helmupgr] StatefulSet Status (revision: test-hivemq-platform-5b6c7575b6, replicas: 1, available: 1, ready: 1, current: 1, updated: 1)
2025-01-30 18:47:10,557 INFO c.h.h.t.HelmChartContainer - [hivemq-test-hivemq-platform] [hivemq-platform-operator] [56d0a44e] 18:47:10.555 [ReconcilerExecutor-hivemq-controller-116] DEBUG c.h.p.o.HiveMQPlatformReconciler - [helmupgr] StatefulSet Spec (replicas: 1, init containers: 1, containers: 1, volumes: 4)
2025-01-30 18:47:10,558 INFO c.h.h.t.HelmChartContainer - [hivemq-test-hivemq-platform] [hivemq-platform-operator] [56d0a44e] 18:47:10.556 [ReconcilerExecutor-hivemq-controller-116] DEBUG c.h.p.o.h.HiveMQPlatformReconcilerErrorHandler - [helmupgr] Pod 'test-hivemq-platform-0' phase Running
2025-01-30 18:47:14,393 INFO c.h.h.testcontainer.LogWaiterUtil - TEST Waiting for log pattern on 'test-hivemq-platform-0': .*\[HiveMQ Platform Operator Init App [A-Z0-9.-]+\] Successfully enabled extension hivemq-bridge-extension
2025-01-30 18:47:14,393 INFO c.h.h.testcontainer.LogWaiterUtil - TEST Waiting for log pattern on 'test-hivemq-platform-0': .*Extension "HiveMQ Enterprise Bridge Extension" version .* started successfully.
2025-01-30 18:47:14,458 DEBUG c.h.h.t.HelmChartContainer - Executing helm command: /bin/helm --kubeconfig /etc/rancher/k3s/k3s.yaml upgrade test-hivemq-platform /charts/hivemq-platform --wait --timeout 5m0s --set image.repository=docker.io/hivemq --set image.tag=4.36.0 --set image.pullPolicy=Never --set nodes.resources.cpu=512m -f /files/bridge-updated-values.yaml --namespace helmupgradeextensionit
2025-01-30 18:47:14,788 INFO c.h.h.t.HelmChartContainer - [hivemq-test-hivemq-platform] [hivemq-platform-operator] [56d0a44e] 18:47:14.786 [pool-6-thread-32] DEBUG c.h.p.o.d.PlatformServiceResource - [helmupgr] Desired Platform services (3 services)
2025-01-30 18:47:14,788 INFO c.h.h.t.HelmChartContainer - [hivemq-test-hivemq-platform] [hivemq-platform-operator] [56d0a44e] 18:47:14.786 [pool-6-thread-34] DEBUG c.h.p.o.d.PodServiceAccountResource - [helmupgr] Desired PodServiceAccountResource (serviceAccountName: hivemq-platform-pod-test-hivemq-platform)
2025-01-30 18:47:14,790 INFO c.h.h.t.HelmChartContainer - [hivemq-test-hivemq-platform] [hivemq-platform-operator] [56d0a44e] 18:47:14.789 [pool-6-thread-36] DEBUG c.h.p.o.dependants.PodInfoConfigMap - [helmupgr] Desired PodInfo ConfigMap (1 extensions) (1 enabled)
2025-01-30 18:47:14,791 INFO c.h.h.t.HelmChartContainer - [hivemq-test-hivemq-platform] [hivemq-platform-operator] [56d0a44e] 18:47:14.790 [pool-6-thread-36] DEBUG c.h.p.o.dependants.PodInfoConfigMap - [helmupgr] Desired PodInfo ConfigMap (metrics port: 9399) (metrics path: /)
2025-01-30 18:47:14,791 INFO c.h.h.t.HelmChartContainer - [hivemq-test-hivemq-platform] [hivemq-platform-operator] [56d0a44e] 18:47:14.790 [pool-6-thread-36] DEBUG c.h.p.o.dependants.PodInfoConfigMap - [helmupgr] Desired PodInfo ConfigMap (extension state hash: 1735936725)
2025-01-30 18:47:14,793 INFO c.h.h.t.HelmChartContainer - [hivemq-test-hivemq-platform] [hivemq-platform-operator] [56d0a44e] 18:47:14.792 [pool-6-thread-36] DEBUG c.h.p.o.dependants.PodInfoConfigMap - [helmupgr] Update PodInfo ConfigMap
2025-01-30 18:47:14,793 INFO c.h.h.t.HelmChartContainer - [hivemq-test-hivemq-platform] [hivemq-platform-operator] [56d0a44e] 18:47:14.792 [pool-6-thread-36] DEBUG c.h.p.o.dependants.PodInfoConfigMap - [helmupgr] Detected change in configuration of extension 'hivemq-bridge-extension' ({skip-https-hostname-verification=false, restart=true, config-version=832, header-version=0, c-uri=, uri=preinstalled, skip-https-certificate-validation=false, enabled=true} -> {skip-https-hostname-verification=false, restart=true, config-version=935, header-version=0, c-uri=, uri=preinstalled, skip-https-certificate-validation=false, enabled=true})
2025-01-30 18:47:14,793 INFO c.h.h.t.HelmChartContainer - [hivemq-test-hivemq-platform] [hivemq-platform-operator] [56d0a44e] 18:47:14.792 [pool-6-thread-36] INFO  c.h.p.o.dependants.PodInfoConfigMap - [helmupgr] Extension configuration was updated, restarting extensions: [hivemq-bridge-extension]
2025-01-30 18:47:14,858 INFO c.h.h.t.HelmChartContainer - [hivemq-test-hivemq-platform] [hivemq-platform-operator] [56d0a44e] 18:47:14.855 [pool-6-thread-36] DEBUG c.h.p.o.d.StatefulSetResource - [helmupgr] Desired StatefulSet (1 replicas) for status RUNNING (READY)
2025-01-30 18:47:14,862 INFO c.h.h.t.HelmChartContainer - [hivemq-test-hivemq-platform] [hivemq-platform-operator] [56d0a44e] 18:47:14.861 [pool-6-thread-36] DEBUG c.h.p.o.d.StatefulSetResource - [helmupgr] Update StatefulSet (replicas: 1 -> 1)
2025-01-30 18:47:14,971 INFO c.h.h.t.HelmChartContainer - [hivemq-test-hivemq-platform] [hivemq-platform-operator] [56d0a44e] 18:47:14.956 [pool-6-thread-36] DEBUG c.h.p.o.d.StatefulSetResource - [helmupgr] Detected change in StatefulSet specification (path: /template/spec/volumes/2/configMap/name) (actual value: "test-bridge-configuration") (target value: "updated-test-bridge-configuration")
2025-01-30 18:47:14,971 INFO c.h.h.t.HelmChartContainer - [hivemq-test-hivemq-platform] [hivemq-platform-operator] [56d0a44e] 18:47:14.967 [pool-6-thread-36] INFO  c.h.p.o.d.StatefulSetResource - [helmupgr] StatefulSet spec was updated, triggering rolling restart
2025-01-30 18:47:14,972 DEBUG com.hivemq.helmcharts.util.K8sUtil - Comparing actual state 'RUNNING' and waiting for 'ROLLING_RESTART'
2025-01-30 18:47:15,053 INFO c.h.h.t.HelmChartContainer - [hivemq-test-hivemq-platform] [hivemq-platform-operator] [56d0a44e] 18:47:15.051 [ReconcilerExecutor-hivemq-controller-117] INFO  c.h.p.o.HiveMQPlatformReconciler - [helmupgr] Reconciling HiveMQ Platform 'test-hivemq-platform' in namespace 'helmupgradeextensionit'
2025-01-30 18:47:15,055 INFO c.h.h.t.HelmChartContainer - [hivemq-test-hivemq-platform] [hivemq-platform-operator] [56d0a44e] 18:47:15.052 [ReconcilerExecutor-hivemq-controller-117] DEBUG c.h.p.o.HiveMQPlatformReconciler - [helmupgr] Custom Resource Status RUNNING - HiveMQ Platform is ready (READY) (reconciliation requests: REQUESTS_UPDATED, RESTART_EXTENSIONS, ROLLING_RESTART)
2025-01-30 18:47:15,055 INFO c.h.h.t.HelmChartContainer - [hivemq-test-hivemq-platform] [hivemq-platform-operator] [56d0a44e] 18:47:15.052 [ReconcilerExecutor-hivemq-controller-117] DEBUG c.h.p.o.HiveMQPlatformReconciler - [helmupgr] Custom Resource Spec (replicas: 1) (extensions: 1)
2025-01-30 18:47:15,059 INFO c.h.h.t.HelmChartContainer - [hivemq-test-hivemq-platform] [hivemq-platform-operator] [56d0a44e] 18:47:15.058 [ReconcilerExecutor-hivemq-controller-117] DEBUG c.h.p.o.HiveMQPlatformReconciler - [helmupgr] StatefulSet Status (revision: test-hivemq-platform-5b6c7575b6, replicas: 1, available: 1, ready: 1, current: 1, updated: 1)
2025-01-30 18:47:15,059 INFO c.h.h.t.HelmChartContainer - [hivemq-test-hivemq-platform] [hivemq-platform-operator] [56d0a44e] 18:47:15.058 [ReconcilerExecutor-hivemq-controller-117] DEBUG c.h.p.o.HiveMQPlatformReconciler - [helmupgr] StatefulSet Spec (replicas: 1, init containers: 1, containers: 1, volumes: 4)
2025-01-30 18:47:15,061 INFO c.h.h.t.HelmChartContainer - [hivemq-test-hivemq-platform] [hivemq-platform-operator] [56d0a44e] 18:47:15.060 [ReconcilerExecutor-hivemq-controller-117] DEBUG c.h.p.o.h.HiveMQPlatformReconcilerErrorHandler - [helmupgr] Pod 'test-hivemq-platform-0' phase Running
2025-01-30 18:47:15,061 INFO c.h.h.t.HelmChartContainer - [hivemq-test-hivemq-platform] [hivemq-platform-operator] [56d0a44e] 18:47:15.060 [ReconcilerExecutor-hivemq-controller-117] INFO  c.h.p.o.h.HiveMQPlatformReconcilerBaseHandler - [helmupgr] Started rolling restart (scaling to 2 replicas)
2025-01-30 18:47:15,153 INFO c.h.h.t.HelmChartContainer - [hivemq-test-hivemq-platform] [hivemq-platform-operator] [56d0a44e] 18:47:15.152 [ReconcilerExecutor-hivemq-controller-117] DEBUG c.h.p.operator.event.EventSender - [helmupgr] Creating K8s event rolling-restart-started: [RollingRestart] HiveMQ Platform is starting a surge Pod (rolling restart)
2025-01-30 18:47:15,157 INFO c.h.h.t.HelmChartContainer - [EVENT] Normal [RollingRestart] HiveMQ Platform is starting a surge Pod (rolling restart) [helmupgradeextensionit:test-hivemq-platform]
2025-01-30 18:47:15,159 INFO c.h.h.t.HelmChartContainer - [hivemq-test-hivemq-platform] [hivemq-platform-operator] [56d0a44e] 18:47:15.157 [ReconcilerExecutor-hivemq-controller-117] INFO  c.h.p.o.h.AbstractHiveMQReconcilerStateHandler - [helmupgr] Update HiveMQ Platform Status (RUNNING [READY] -> ROLLING_RESTART [SURGE_IN_PROGRESS]): HiveMQ Platform is starting a surge Pod (rolling restart)
2025-01-30 18:47:15,172 DEBUG com.hivemq.helmcharts.util.K8sUtil - Comparing actual state 'ROLLING_RESTART' and waiting for 'ROLLING_RESTART'
2025-01-30 18:47:15,178 DEBUG com.hivemq.helmcharts.util.K8sUtil - Comparing actual state 'ROLLING_RESTART' and waiting for 'RUNNING'
2025-01-30 18:47:15,257 INFO c.h.h.t.HelmChartContainer - [hivemq-test-hivemq-platform] [hivemq-platform-operator] [56d0a44e] 18:47:15.254 [pool-6-thread-44] DEBUG c.h.p.o.d.PlatformServiceResource - [helmupgr] Desired Platform services (3 services)
2025-01-30 18:47:15,258 INFO c.h.h.t.HelmChartContainer - [hivemq-test-hivemq-platform] [hivemq-platform-operator] [56d0a44e] 18:47:15.255 [pool-6-thread-42] DEBUG c.h.p.o.dependants.PodInfoConfigMap - [helmupgr] Desired PodInfo ConfigMap (1 extensions) (1 enabled)
2025-01-30 18:47:15,258 INFO c.h.h.t.HelmChartContainer - [hivemq-test-hivemq-platform] [hivemq-platform-operator] [56d0a44e] 18:47:15.255 [pool-6-thread-42] DEBUG c.h.p.o.dependants.PodInfoConfigMap - [helmupgr] Desired PodInfo ConfigMap (metrics port: 9399) (metrics path: /)
2025-01-30 18:47:15,258 INFO c.h.h.t.HelmChartContainer - [hivemq-test-hivemq-platform] [hivemq-platform-operator] [56d0a44e] 18:47:15.255 [pool-6-thread-42] DEBUG c.h.p.o.dependants.PodInfoConfigMap - [helmupgr] Desired PodInfo ConfigMap (extension state hash: 1735936725)
2025-01-30 18:47:15,259 INFO c.h.h.t.HelmChartContainer - [hivemq-test-hivemq-platform] [hivemq-platform-operator] [56d0a44e] 18:47:15.256 [pool-6-thread-42] DEBUG c.h.p.o.dependants.PodInfoConfigMap - [helmupgr] Update PodInfo ConfigMap
2025-01-30 18:47:15,260 INFO c.h.h.t.HelmChartContainer - [hivemq-test-hivemq-platform] [hivemq-platform-operator] [56d0a44e] 18:47:15.258 [pool-6-thread-41] DEBUG c.h.p.o.d.PodServiceAccountResource - [helmupgr] Desired PodServiceAccountResource (serviceAccountName: hivemq-platform-pod-test-hivemq-platform)
2025-01-30 18:47:15,269 INFO c.h.h.t.HelmChartContainer - [hivemq-test-hivemq-platform] [hivemq-platform-operator] [56d0a44e] 18:47:15.267 [pool-6-thread-42] DEBUG c.h.p.o.d.StatefulSetResource - [helmupgr] Desired StatefulSet (2 replicas) for status ROLLING_RESTART (SURGE_IN_PROGRESS)
2025-01-30 18:47:15,271 INFO c.h.h.t.HelmChartContainer - [hivemq-test-hivemq-platform] [hivemq-platform-operator] [56d0a44e] 18:47:15.271 [pool-6-thread-42] DEBUG c.h.p.o.d.StatefulSetResource - [helmupgr] Update StatefulSet (replicas: 1 -> 2)
2025-01-30 18:47:15,364 INFO c.h.h.t.HelmChartContainer - [hivemq-test-hivemq-platform] [hivemq-platform-operator] [56d0a44e] 18:47:15.361 [ReconcilerExecutor-hivemq-controller-118] INFO  c.h.p.o.HiveMQPlatformReconciler - [helmupgr] Reconciling HiveMQ Platform 'test-hivemq-platform' in namespace 'helmupgradeextensionit'
2025-01-30 18:47:15,364 INFO c.h.h.t.HelmChartContainer - [hivemq-test-hivemq-platform] [hivemq-platform-operator] [56d0a44e] 18:47:15.361 [ReconcilerExecutor-hivemq-controller-118] DEBUG c.h.p.o.HiveMQPlatformReconciler - [helmupgr] Custom Resource Status ROLLING_RESTART - HiveMQ Platform is starting a surge Pod (rolling restart) (SURGE_IN_PROGRESS)
2025-01-30 18:47:15,364 INFO c.h.h.t.HelmChartContainer - [hivemq-test-hivemq-platform] [hivemq-platform-operator] [56d0a44e] 18:47:15.362 [ReconcilerExecutor-hivemq-controller-118] DEBUG c.h.p.o.HiveMQPlatformReconciler - [helmupgr] Custom Resource Spec (replicas: 1) (extensions: 1)
2025-01-30 18:47:15,367 INFO c.h.h.t.HelmChartContainer - [hivemq-test-hivemq-platform] [hivemq-platform-operator] [56d0a44e] 18:47:15.366 [ReconcilerExecutor-hivemq-controller-118] DEBUG c.h.p.o.HiveMQPlatformReconciler - [helmupgr] StatefulSet Status (revision: test-hivemq-platform-7c6d7d4d7b, replicas: 1, available: 1, ready: 1, current: 1, updated: 0)
2025-01-30 18:47:15,375 INFO c.h.h.t.HelmChartContainer - [hivemq-test-hivemq-platform] [hivemq-platform-operator] [56d0a44e] 18:47:15.366 [ReconcilerExecutor-hivemq-controller-118] DEBUG c.h.p.o.HiveMQPlatformReconciler - [helmupgr] StatefulSet Spec (replicas: 2, init containers: 1, containers: 1, volumes: 4)
2025-01-30 18:47:15,375 INFO c.h.h.t.HelmChartContainer - [hivemq-test-hivemq-platform] [hivemq-platform-operator] [56d0a44e] 18:47:15.369 [ReconcilerExecutor-hivemq-controller-118] DEBUG c.h.p.o.h.HiveMQPlatformReconcilerErrorHandler - [helmupgr] Pod 'test-hivemq-platform-0' phase Running
2025-01-30 18:47:15,376 INFO c.h.h.t.HelmChartContainer - [POD] test-hivemq-platform-1 [25e4569e-d44c-41a2-8a37-428661d7b029] in helmupgradeextensionit was ADDED
2025-01-30 18:47:15,381 INFO c.h.h.t.HelmChartContainer - [POD] test-hivemq-platform-1 [25e4569e-d44c-41a2-8a37-428661d7b029] in helmupgradeextensionit was MODIFIED
2025-01-30 18:47:15,385 INFO c.h.h.t.HelmChartContainer - [EVENT] Normal [SuccessfulCreate] create Pod test-hivemq-platform-1 in StatefulSet test-hivemq-platform successful [helmupgradeextensionit:test-hivemq-platform]
2025-01-30 18:47:15,386 INFO c.h.h.t.HelmChartContainer - [EVENT] Normal [Scheduled] Successfully assigned helmupgradeextensionit/test-hivemq-platform-1 to 5efb8701c4a9 [helmupgradeextensionit:test-hivemq-platform-1]
2025-01-30 18:47:15,393 INFO c.h.h.t.HelmChartContainer - [POD] test-hivemq-platform-1 [25e4569e-d44c-41a2-8a37-428661d7b029] in helmupgradeextensionit was MODIFIED
2025-01-30 18:47:15,456 INFO c.h.h.t.HelmChartContainer - [hivemq-test-hivemq-platform] [hivemq-platform-operator] [56d0a44e] 18:47:15.454 [ReconcilerExecutor-hivemq-controller-118] DEBUG c.h.p.o.h.HiveMQPlatformReconcilerRollingRestartHandler - [helmupgr] Rolling restart is waiting for 1 of 2 replicas
2025-01-30 18:47:15,541 INFO c.h.h.t.HelmChartContainer - [K3S] [reconciler_common.go:251] "operationExecutor.VerifyControllerAttachedVolume started for volume \"pod-info\" (UniqueName: \"kubernetes.io/configmap/25e4569e-d44c-41a2-8a37-428661d7b029-pod-info\") pod \"test-hivemq-platform-1\" (UID: \"25e4569e-d44c-41a2-8a37-428661d7b029\") " pod="helmupgradeextensionit/test-hivemq-platform-1"
2025-01-30 18:47:15,541 INFO c.h.h.t.HelmChartContainer - [K3S] [reconciler_common.go:251] "operationExecutor.VerifyControllerAttachedVolume started for volume \"broker-configuration\" (UniqueName: \"kubernetes.io/configmap/25e4569e-d44c-41a2-8a37-428661d7b029-broker-configuration\") pod \"test-hivemq-platform-1\" (UID: \"25e4569e-d44c-41a2-8a37-428661d7b029\") " pod="helmupgradeextensionit/test-hivemq-platform-1"
2025-01-30 18:47:15,541 INFO c.h.h.t.HelmChartContainer - [K3S] [reconciler_common.go:251] "operationExecutor.VerifyControllerAttachedVolume started for volume \"operator-init\" (UniqueName: \"kubernetes.io/empty-dir/25e4569e-d44c-41a2-8a37-428661d7b029-operator-init\") pod \"test-hivemq-platform-1\" (UID: \"25e4569e-d44c-41a2-8a37-428661d7b029\") " pod="helmupgradeextensionit/test-hivemq-platform-1"
2025-01-30 18:47:15,541 INFO c.h.h.t.HelmChartContainer - [K3S] [reconciler_common.go:251] "operationExecutor.VerifyControllerAttachedVolume started for volume \"extension-configuration-hivemq-bridge-extension\" (UniqueName: \"kubernetes.io/configmap/25e4569e-d44c-41a2-8a37-428661d7b029-extension-configuration-hivemq-bridge-extension\") pod \"test-hivemq-platform-1\" (UID: \"25e4569e-d44c-41a2-8a37-428661d7b029\") " pod="helmupgradeextensionit/test-hivemq-platform-1"
2025-01-30 18:47:15,541 INFO c.h.h.t.HelmChartContainer - [K3S] [reconciler_common.go:251] "operationExecutor.VerifyControllerAttachedVolume started for volume \"kube-api-access-b95bx\" (UniqueName: \"kubernetes.io/projected/25e4569e-d44c-41a2-8a37-428661d7b029-kube-api-access-b95bx\") pod \"test-hivemq-platform-1\" (UID: \"25e4569e-d44c-41a2-8a37-428661d7b029\") " pod="helmupgradeextensionit/test-hivemq-platform-1"
2025-01-30 18:47:15,555 INFO c.h.h.t.HelmChartContainer - [hivemq-test-hivemq-platform] [hivemq-platform-operator] [56d0a44e] 18:47:15.552 [pool-6-thread-4] DEBUG c.h.p.o.d.PlatformServiceResource - [helmupgr] Desired Platform services (3 services)
2025-01-30 18:47:15,556 INFO c.h.h.t.HelmChartContainer - [hivemq-test-hivemq-platform] [hivemq-platform-operator] [56d0a44e] 18:47:15.553 [pool-6-thread-1] DEBUG c.h.p.o.dependants.PodInfoConfigMap - [helmupgr] Desired PodInfo ConfigMap (1 extensions) (1 enabled)
2025-01-30 18:47:15,557 INFO c.h.h.t.HelmChartContainer - [hivemq-test-hivemq-platform] [hivemq-platform-operator] [56d0a44e] 18:47:15.554 [pool-6-thread-1] DEBUG c.h.p.o.dependants.PodInfoConfigMap - [helmupgr] Desired PodInfo ConfigMap (metrics port: 9399) (metrics path: /)
2025-01-30 18:47:15,557 INFO c.h.h.t.HelmChartContainer - [hivemq-test-hivemq-platform] [hivemq-platform-operator] [56d0a44e] 18:47:15.554 [pool-6-thread-1] DEBUG c.h.p.o.dependants.PodInfoConfigMap - [helmupgr] Desired PodInfo ConfigMap (extension state hash: 1735936725)
2025-01-30 18:47:15,557 INFO c.h.h.t.HelmChartContainer - [hivemq-test-hivemq-platform] [hivemq-platform-operator] [56d0a44e] 18:47:15.554 [pool-6-thread-7] DEBUG c.h.p.o.d.PodServiceAccountResource - [helmupgr] Desired PodServiceAccountResource (serviceAccountName: hivemq-platform-pod-test-hivemq-platform)
2025-01-30 18:47:15,559 INFO c.h.h.t.HelmChartContainer - [hivemq-test-hivemq-platform] [hivemq-platform-operator] [56d0a44e] 18:47:15.558 [pool-6-thread-4] DEBUG c.h.p.o.d.StatefulSetResource - [helmupgr] Desired StatefulSet (2 replicas) for status ROLLING_RESTART (SURGE_IN_PROGRESS)
2025-01-30 18:47:15,562 INFO c.h.h.t.HelmChartContainer - [hivemq-test-hivemq-platform] [hivemq-platform-operator] [56d0a44e] 18:47:15.561 [ReconcilerExecutor-hivemq-controller-121] INFO  c.h.p.o.HiveMQPlatformReconciler - [helmupgr] Reconciling HiveMQ Platform 'test-hivemq-platform' in namespace 'helmupgradeextensionit'
2025-01-30 18:47:15,563 INFO c.h.h.t.HelmChartContainer - [hivemq-test-hivemq-platform] [hivemq-platform-operator] [56d0a44e] 18:47:15.561 [ReconcilerExecutor-hivemq-controller-121] DEBUG c.h.p.o.HiveMQPlatformReconciler - [helmupgr] Custom Resource Status ROLLING_RESTART - HiveMQ Platform is starting a surge Pod (rolling restart) (SURGE_IN_PROGRESS)
2025-01-30 18:47:15,563 INFO c.h.h.t.HelmChartContainer - [hivemq-test-hivemq-platform] [hivemq-platform-operator] [56d0a44e] 18:47:15.561 [ReconcilerExecutor-hivemq-controller-121] DEBUG c.h.p.o.HiveMQPlatformReconciler - [helmupgr] Custom Resource Spec (replicas: 1) (extensions: 1)
2025-01-30 18:47:15,565 INFO c.h.h.t.HelmChartContainer - [hivemq-test-hivemq-platform] [hivemq-platform-operator] [56d0a44e] 18:47:15.563 [ReconcilerExecutor-hivemq-controller-121] DEBUG c.h.p.o.HiveMQPlatformReconciler - [helmupgr] StatefulSet Status (revision: test-hivemq-platform-7c6d7d4d7b, replicas: 2, available: 1, ready: 1, current: 1, updated: 1)
2025-01-30 18:47:15,565 INFO c.h.h.t.HelmChartContainer - [hivemq-test-hivemq-platform] [hivemq-platform-operator] [56d0a44e] 18:47:15.563 [ReconcilerExecutor-hivemq-controller-121] DEBUG c.h.p.o.HiveMQPlatformReconciler - [helmupgr] StatefulSet Spec (replicas: 2, init containers: 1, containers: 1, volumes: 4)
2025-01-30 18:47:15,566 INFO c.h.h.t.HelmChartContainer - [hivemq-test-hivemq-platform] [hivemq-platform-operator] [56d0a44e] 18:47:15.564 [ReconcilerExecutor-hivemq-controller-121] DEBUG c.h.p.o.h.HiveMQPlatformReconcilerErrorHandler - [helmupgr] Pod 'test-hivemq-platform-1' phase Pending
2025-01-30 18:47:15,566 INFO c.h.h.t.HelmChartContainer - [hivemq-test-hivemq-platform] [hivemq-platform-operator] [56d0a44e] 18:47:15.564 [ReconcilerExecutor-hivemq-controller-121] DEBUG c.h.p.o.h.HiveMQPlatformReconcilerErrorHandler - [helmupgr] Pod 'test-hivemq-platform-1' condition 'PodReadyToStartContainers': False
2025-01-30 18:47:15,567 INFO c.h.h.t.HelmChartContainer - [hivemq-test-hivemq-platform] [hivemq-platform-operator] [56d0a44e] 18:47:15.565 [ReconcilerExecutor-hivemq-controller-121] DEBUG c.h.p.o.h.HiveMQPlatformReconcilerErrorHandler - [helmupgr] Pod 'test-hivemq-platform-1' condition 'Initialized': False
2025-01-30 18:47:15,567 INFO c.h.h.t.HelmChartContainer - [hivemq-test-hivemq-platform] [hivemq-platform-operator] [56d0a44e] 18:47:15.565 [ReconcilerExecutor-hivemq-controller-121] DEBUG c.h.p.o.h.HiveMQPlatformReconcilerErrorHandler - [helmupgr] Pod 'test-hivemq-platform-1' condition 'Ready': False
2025-01-30 18:47:15,567 INFO c.h.h.t.HelmChartContainer - [hivemq-test-hivemq-platform] [hivemq-platform-operator] [56d0a44e] 18:47:15.565 [ReconcilerExecutor-hivemq-controller-121] DEBUG c.h.p.o.h.HiveMQPlatformReconcilerErrorHandler - [helmupgr] Pod 'test-hivemq-platform-1' condition 'ContainersReady': False
2025-01-30 18:47:15,567 INFO c.h.h.t.HelmChartContainer - [hivemq-test-hivemq-platform] [hivemq-platform-operator] [56d0a44e] 18:47:15.565 [ReconcilerExecutor-hivemq-controller-121] DEBUG c.h.p.o.h.HiveMQPlatformReconcilerErrorHandler - [helmupgr] Pod 'test-hivemq-platform-1' condition 'PodScheduled': True
2025-01-30 18:47:15,567 INFO c.h.h.t.HelmChartContainer - [hivemq-test-hivemq-platform] [hivemq-platform-operator] [56d0a44e] 18:47:15.565 [ReconcilerExecutor-hivemq-controller-121] DEBUG c.h.p.o.h.HiveMQPlatformReconcilerErrorHandler - [helmupgr] Pod 'test-hivemq-platform-1' containerStatus 'hivemq' (started: false) (ready: false) (waiting: [PodInitializing] null)
2025-01-30 18:47:15,567 INFO c.h.h.t.HelmChartContainer - [hivemq-test-hivemq-platform] [hivemq-platform-operator] [56d0a44e] 18:47:15.566 [ReconcilerExecutor-hivemq-controller-121] DEBUG c.h.p.o.h.HiveMQPlatformReconcilerErrorHandler - [helmupgr] Pod 'test-hivemq-platform-0' phase Running
2025-01-30 18:47:15,568 INFO c.h.h.t.HelmChartContainer - [hivemq-test-hivemq-platform] [hivemq-platform-operator] [56d0a44e] 18:47:15.567 [ReconcilerExecutor-hivemq-controller-121] DEBUG c.h.p.o.h.HiveMQPlatformReconcilerRollingRestartHandler - [helmupgr] Rolling restart is waiting for 1 of 2 replicas
2025-01-30 18:47:15,654 INFO c.h.h.t.HelmChartContainer - [hivemq-test-hivemq-platform] [hivemq-platform-operator] [56d0a44e] 18:47:15.651 [pool-6-thread-19] DEBUG c.h.p.o.d.PlatformServiceResource - [helmupgr] Desired Platform services (3 services)
2025-01-30 18:47:15,655 INFO c.h.h.t.HelmChartContainer - [hivemq-test-hivemq-platform] [hivemq-platform-operator] [56d0a44e] 18:47:15.652 [pool-6-thread-11] DEBUG c.h.p.o.dependants.PodInfoConfigMap - [helmupgr] Desired PodInfo ConfigMap (1 extensions) (1 enabled)
2025-01-30 18:47:15,655 INFO c.h.h.t.HelmChartContainer - [hivemq-test-hivemq-platform] [hivemq-platform-operator] [56d0a44e] 18:47:15.652 [pool-6-thread-11] DEBUG c.h.p.o.dependants.PodInfoConfigMap - [helmupgr] Desired PodInfo ConfigMap (metrics port: 9399) (metrics path: /)
2025-01-30 18:47:15,655 INFO c.h.h.t.HelmChartContainer - [hivemq-test-hivemq-platform] [hivemq-platform-operator] [56d0a44e] 18:47:15.653 [pool-6-thread-11] DEBUG c.h.p.o.dependants.PodInfoConfigMap - [helmupgr] Desired PodInfo ConfigMap (extension state hash: 1735936725)
2025-01-30 18:47:15,656 INFO c.h.h.t.HelmChartContainer - [hivemq-test-hivemq-platform] [hivemq-platform-operator] [56d0a44e] 18:47:15.654 [pool-6-thread-18] DEBUG c.h.p.o.d.PodServiceAccountResource - [helmupgr] Desired PodServiceAccountResource (serviceAccountName: hivemq-platform-pod-test-hivemq-platform)
2025-01-30 18:47:15,660 INFO c.h.h.t.HelmChartContainer - [hivemq-test-hivemq-platform] [hivemq-platform-operator] [56d0a44e] 18:47:15.659 [pool-6-thread-19] DEBUG c.h.p.o.d.StatefulSetResource - [helmupgr] Desired StatefulSet (2 replicas) for status ROLLING_RESTART (SURGE_IN_PROGRESS)
2025-01-30 18:47:15,663 INFO c.h.h.t.HelmChartContainer - [hivemq-test-hivemq-platform] [hivemq-platform-operator] [56d0a44e] 18:47:15.663 [ReconcilerExecutor-hivemq-controller-122] INFO  c.h.p.o.HiveMQPlatformReconciler - [helmupgr] Reconciling HiveMQ Platform 'test-hivemq-platform' in namespace 'helmupgradeextensionit'
2025-01-30 18:47:15,664 INFO c.h.h.t.HelmChartContainer - [hivemq-test-hivemq-platform] [hivemq-platform-operator] [56d0a44e] 18:47:15.663 [ReconcilerExecutor-hivemq-controller-122] DEBUG c.h.p.o.HiveMQPlatformReconciler - [helmupgr] Custom Resource Status ROLLING_RESTART - HiveMQ Platform is starting a surge Pod (rolling restart) (SURGE_IN_PROGRESS)
2025-01-30 18:47:15,664 INFO c.h.h.t.HelmChartContainer - [hivemq-test-hivemq-platform] [hivemq-platform-operator] [56d0a44e] 18:47:15.663 [ReconcilerExecutor-hivemq-controller-122] DEBUG c.h.p.o.HiveMQPlatformReconciler - [helmupgr] Custom Resource Spec (replicas: 1) (extensions: 1)
2025-01-30 18:47:15,666 INFO c.h.h.t.HelmChartContainer - [hivemq-test-hivemq-platform] [hivemq-platform-operator] [56d0a44e] 18:47:15.664 [ReconcilerExecutor-hivemq-controller-122] DEBUG c.h.p.o.HiveMQPlatformReconciler - [helmupgr] StatefulSet Status (revision: test-hivemq-platform-7c6d7d4d7b, replicas: 2, available: 1, ready: 1, current: 1, updated: 1)
2025-01-30 18:47:15,666 INFO c.h.h.t.HelmChartContainer - [hivemq-test-hivemq-platform] [hivemq-platform-operator] [56d0a44e] 18:47:15.664 [ReconcilerExecutor-hivemq-controller-122] DEBUG c.h.p.o.HiveMQPlatformReconciler - [helmupgr] StatefulSet Spec (replicas: 2, init containers: 1, containers: 1, volumes: 4)
2025-01-30 18:47:15,667 INFO c.h.h.t.HelmChartContainer - [hivemq-test-hivemq-platform] [hivemq-platform-operator] [56d0a44e] 18:47:15.665 [ReconcilerExecutor-hivemq-controller-122] DEBUG c.h.p.o.h.HiveMQPlatformReconcilerErrorHandler - [helmupgr] Pod 'test-hivemq-platform-1' phase Pending
2025-01-30 18:47:15,667 INFO c.h.h.t.HelmChartContainer - [hivemq-test-hivemq-platform] [hivemq-platform-operator] [56d0a44e] 18:47:15.666 [ReconcilerExecutor-hivemq-controller-122] DEBUG c.h.p.o.h.HiveMQPlatformReconcilerErrorHandler - [helmupgr] Pod 'test-hivemq-platform-1' condition 'PodReadyToStartContainers': False
2025-01-30 18:47:15,667 INFO c.h.h.t.HelmChartContainer - [hivemq-test-hivemq-platform] [hivemq-platform-operator] [56d0a44e] 18:47:15.666 [ReconcilerExecutor-hivemq-controller-122] DEBUG c.h.p.o.h.HiveMQPlatformReconcilerErrorHandler - [helmupgr] Pod 'test-hivemq-platform-1' condition 'Initialized': False
2025-01-30 18:47:15,667 INFO c.h.h.t.HelmChartContainer - [hivemq-test-hivemq-platform] [hivemq-platform-operator] [56d0a44e] 18:47:15.666 [ReconcilerExecutor-hivemq-controller-122] DEBUG c.h.p.o.h.HiveMQPlatformReconcilerErrorHandler - [helmupgr] Pod 'test-hivemq-platform-1' condition 'Ready': False
2025-01-30 18:47:15,667 INFO c.h.h.t.HelmChartContainer - [hivemq-test-hivemq-platform] [hivemq-platform-operator] [56d0a44e] 18:47:15.666 [ReconcilerExecutor-hivemq-controller-122] DEBUG c.h.p.o.h.HiveMQPlatformReconcilerErrorHandler - [helmupgr] Pod 'test-hivemq-platform-1' condition 'ContainersReady': False
2025-01-30 18:47:15,667 INFO c.h.h.t.HelmChartContainer - [hivemq-test-hivemq-platform] [hivemq-platform-operator] [56d0a44e] 18:47:15.666 [ReconcilerExecutor-hivemq-controller-122] DEBUG c.h.p.o.h.HiveMQPlatformReconcilerErrorHandler - [helmupgr] Pod 'test-hivemq-platform-1' condition 'PodScheduled': True
2025-01-30 18:47:15,667 INFO c.h.h.t.HelmChartContainer - [hivemq-test-hivemq-platform] [hivemq-platform-operator] [56d0a44e] 18:47:15.666 [ReconcilerExecutor-hivemq-controller-122] DEBUG c.h.p.o.h.HiveMQPlatformReconcilerErrorHandler - [helmupgr] Pod 'test-hivemq-platform-1' containerStatus 'hivemq' (started: false) (ready: false) (waiting: [PodInitializing] null)
2025-01-30 18:47:15,668 INFO c.h.h.t.HelmChartContainer - [hivemq-test-hivemq-platform] [hivemq-platform-operator] [56d0a44e] 18:47:15.667 [ReconcilerExecutor-hivemq-controller-122] DEBUG c.h.p.o.h.HiveMQPlatformReconcilerErrorHandler - [helmupgr] Pod 'test-hivemq-platform-0' phase Running
2025-01-30 18:47:15,670 INFO c.h.h.t.HelmChartContainer - [hivemq-test-hivemq-platform] [hivemq-platform-operator] [56d0a44e] 18:47:15.667 [ReconcilerExecutor-hivemq-controller-122] DEBUG c.h.p.o.h.HiveMQPlatformReconcilerRollingRestartHandler - [helmupgr] Rolling restart is waiting for 1 of 2 replicas
2025-01-30 18:47:15,796 INFO c.h.h.t.HelmChartContainer - [EVENT] Normal [Pulled] Container image "docker.io/hivemq/hivemq-platform-operator-init-test:snapshot" already present on machine [helmupgradeextensionit:test-hivemq-platform-1]
2025-01-30 18:47:15,802 INFO c.h.h.t.HelmChartContainer - [EVENT] Normal [Created] Created container: hivemq-platform-operator-init [helmupgradeextensionit:test-hivemq-platform-1]
2025-01-30 18:47:15,840 INFO c.h.h.t.HelmChartContainer - [EVENT] Normal [Started] Started container hivemq-platform-operator-init [helmupgradeextensionit:test-hivemq-platform-1]
2025-01-30 18:47:16,794 INFO c.h.h.t.HelmChartContainer - [EVENT] Normal [Pulled] Container image "docker.io/hivemq/hivemq4:4.36.0" already present on machine [helmupgradeextensionit:test-hivemq-platform-1]
2025-01-30 18:47:16,795 INFO c.h.h.t.HelmChartContainer - Received Pulled event for container hivemq in pod test-hivemq-platform-1 [25e4569e-d44c-41a2-8a37-428661d7b029]
2025-01-30 18:47:16,806 INFO c.h.h.t.HelmChartContainer - [POD] test-hivemq-platform-1 [25e4569e-d44c-41a2-8a37-428661d7b029] in helmupgradeextensionit was MODIFIED
2025-01-30 18:47:16,827 INFO c.h.h.t.HelmChartContainer - [hivemq-test-hivemq-platform] [hivemq-platform-operator] [56d0a44e] 18:47:16.814 [pool-6-thread-22] DEBUG c.h.p.o.d.PlatformServiceResource - [helmupgr] Desired Platform services (3 services)
2025-01-30 18:47:16,832 INFO c.h.h.t.HelmChartContainer - [EVENT] Normal [Created] Created container: hivemq [helmupgradeextensionit:test-hivemq-platform-1]
2025-01-30 18:47:16,832 INFO c.h.h.t.HelmChartContainer - Received Created event for container hivemq in pod test-hivemq-platform-1 [25e4569e-d44c-41a2-8a37-428661d7b029]
2025-01-30 18:47:16,837 INFO c.h.h.t.HelmChartContainer - [hivemq-test-hivemq-platform] [hivemq-platform-operator] [56d0a44e] 18:47:16.817 [pool-6-thread-23] DEBUG c.h.p.o.dependants.PodInfoConfigMap - [helmupgr] Desired PodInfo ConfigMap (1 extensions) (1 enabled)
2025-01-30 18:47:16,837 INFO c.h.h.t.HelmChartContainer - [hivemq-test-hivemq-platform] [hivemq-platform-operator] [56d0a44e] 18:47:16.817 [pool-6-thread-23] DEBUG c.h.p.o.dependants.PodInfoConfigMap - [helmupgr] Desired PodInfo ConfigMap (metrics port: 9399) (metrics path: /)
2025-01-30 18:47:16,837 INFO c.h.h.t.HelmChartContainer - [hivemq-test-hivemq-platform] [hivemq-platform-operator] [56d0a44e] 18:47:16.817 [pool-6-thread-23] DEBUG c.h.p.o.dependants.PodInfoConfigMap - [helmupgr] Desired PodInfo ConfigMap (extension state hash: 1735936725)
2025-01-30 18:47:16,837 INFO c.h.h.t.HelmChartContainer - [hivemq-test-hivemq-platform] [hivemq-platform-operator] [56d0a44e] 18:47:16.819 [pool-6-thread-26] DEBUG c.h.p.o.d.PodServiceAccountResource - [helmupgr] Desired PodServiceAccountResource (serviceAccountName: hivemq-platform-pod-test-hivemq-platform)
2025-01-30 18:47:16,837 INFO c.h.h.t.HelmChartContainer - [hivemq-test-hivemq-platform] [hivemq-platform-operator] [56d0a44e] 18:47:16.822 [pool-6-thread-26] DEBUG c.h.p.o.d.StatefulSetResource - [helmupgr] Desired StatefulSet (2 replicas) for status ROLLING_RESTART (SURGE_IN_PROGRESS)
2025-01-30 18:47:16,837 INFO c.h.h.t.HelmChartContainer - [hivemq-test-hivemq-platform] [hivemq-platform-operator] [56d0a44e] 18:47:16.826 [ReconcilerExecutor-hivemq-controller-123] INFO  c.h.p.o.HiveMQPlatformReconciler - [helmupgr] Reconciling HiveMQ Platform 'test-hivemq-platform' in namespace 'helmupgradeextensionit'
2025-01-30 18:47:16,837 INFO c.h.h.t.HelmChartContainer - [hivemq-test-hivemq-platform] [hivemq-platform-operator] [56d0a44e] 18:47:16.826 [ReconcilerExecutor-hivemq-controller-123] DEBUG c.h.p.o.HiveMQPlatformReconciler - [helmupgr] Custom Resource Status ROLLING_RESTART - HiveMQ Platform is starting a surge Pod (rolling restart) (SURGE_IN_PROGRESS)
2025-01-30 18:47:16,837 INFO c.h.h.t.HelmChartContainer - [hivemq-test-hivemq-platform] [hivemq-platform-operator] [56d0a44e] 18:47:16.826 [ReconcilerExecutor-hivemq-controller-123] DEBUG c.h.p.o.HiveMQPlatformReconciler - [helmupgr] Custom Resource Spec (replicas: 1) (extensions: 1)
2025-01-30 18:47:16,837 INFO c.h.h.t.HelmChartContainer - [hivemq-test-hivemq-platform] [hivemq-platform-operator] [56d0a44e] 18:47:16.829 [ReconcilerExecutor-hivemq-controller-123] DEBUG c.h.p.o.HiveMQPlatformReconciler - [helmupgr] StatefulSet Status (revision: test-hivemq-platform-7c6d7d4d7b, replicas: 2, available: 1, ready: 1, current: 1, updated: 1)
2025-01-30 18:47:16,837 INFO c.h.h.t.HelmChartContainer - [hivemq-test-hivemq-platform] [hivemq-platform-operator] [56d0a44e] 18:47:16.829 [ReconcilerExecutor-hivemq-controller-123] DEBUG c.h.p.o.HiveMQPlatformReconciler - [helmupgr] StatefulSet Spec (replicas: 2, init containers: 1, containers: 1, volumes: 4)
2025-01-30 18:47:16,837 INFO c.h.h.t.HelmChartContainer - [hivemq-test-hivemq-platform] [hivemq-platform-operator] [56d0a44e] 18:47:16.833 [ReconcilerExecutor-hivemq-controller-123] DEBUG c.h.p.o.h.HiveMQPlatformReconcilerErrorHandler - [helmupgr] Pod 'test-hivemq-platform-1' phase Pending
2025-01-30 18:47:16,837 INFO c.h.h.t.HelmChartContainer - [hivemq-test-hivemq-platform] [hivemq-platform-operator] [56d0a44e] 18:47:16.833 [ReconcilerExecutor-hivemq-controller-123] DEBUG c.h.p.o.h.HiveMQPlatformReconcilerErrorHandler - [helmupgr] Pod 'test-hivemq-platform-1' condition 'PodReadyToStartContainers': True
2025-01-30 18:47:16,837 INFO c.h.h.t.HelmChartContainer - [hivemq-test-hivemq-platform] [hivemq-platform-operator] [56d0a44e] 18:47:16.833 [ReconcilerExecutor-hivemq-controller-123] DEBUG c.h.p.o.h.HiveMQPlatformReconcilerErrorHandler - [helmupgr] Pod 'test-hivemq-platform-1' condition 'Initialized': True
2025-01-30 18:47:16,837 INFO c.h.h.t.HelmChartContainer - [hivemq-test-hivemq-platform] [hivemq-platform-operator] [56d0a44e] 18:47:16.833 [ReconcilerExecutor-hivemq-controller-123] DEBUG c.h.p.o.h.HiveMQPlatformReconcilerErrorHandler - [helmupgr] Pod 'test-hivemq-platform-1' condition 'Ready': False
2025-01-30 18:47:16,837 INFO c.h.h.t.HelmChartContainer - [hivemq-test-hivemq-platform] [hivemq-platform-operator] [56d0a44e] 18:47:16.833 [ReconcilerExecutor-hivemq-controller-123] DEBUG c.h.p.o.h.HiveMQPlatformReconcilerErrorHandler - [helmupgr] Pod 'test-hivemq-platform-1' condition 'ContainersReady': False
2025-01-30 18:47:16,837 INFO c.h.h.t.HelmChartContainer - [hivemq-test-hivemq-platform] [hivemq-platform-operator] [56d0a44e] 18:47:16.833 [ReconcilerExecutor-hivemq-controller-123] DEBUG c.h.p.o.h.HiveMQPlatformReconcilerErrorHandler - [helmupgr] Pod 'test-hivemq-platform-1' condition 'PodScheduled': True
2025-01-30 18:47:16,837 INFO c.h.h.t.HelmChartContainer - [hivemq-test-hivemq-platform] [hivemq-platform-operator] [56d0a44e] 18:47:16.833 [ReconcilerExecutor-hivemq-controller-123] DEBUG c.h.p.o.h.HiveMQPlatformReconcilerErrorHandler - [helmupgr] Pod 'test-hivemq-platform-1' containerStatus 'hivemq' (started: false) (ready: false) (waiting: [PodInitializing] null)
2025-01-30 18:47:16,858 INFO c.h.h.t.HelmChartContainer - [hivemq-test-hivemq-platform] [hivemq-platform-operator] [56d0a44e] 18:47:16.854 [ReconcilerExecutor-hivemq-controller-123] DEBUG c.h.p.o.h.HiveMQPlatformReconcilerErrorHandler - [helmupgr] Pod 'test-hivemq-platform-0' phase Running
2025-01-30 18:47:16,858 INFO c.h.h.t.HelmChartContainer - [hivemq-test-hivemq-platform] [hivemq-platform-operator] [56d0a44e] 18:47:16.856 [ReconcilerExecutor-hivemq-controller-123] DEBUG c.h.p.o.h.HiveMQPlatformReconcilerRollingRestartHandler - [helmupgr] Rolling restart is waiting for 1 of 2 replicas
2025-01-30 18:47:17,807 INFO c.h.h.t.HelmChartContainer - [POD] test-hivemq-platform-1 [25e4569e-d44c-41a2-8a37-428661d7b029] in helmupgradeextensionit was MODIFIED
2025-01-30 18:47:17,818 INFO c.h.h.t.HelmChartContainer - [hivemq-test-hivemq-platform] [hivemq-platform-operator] [56d0a44e] 18:47:17.814 [pool-6-thread-38] DEBUG c.h.p.o.d.PlatformServiceResource - [helmupgr] Desired Platform services (3 services)
2025-01-30 18:47:17,818 INFO c.h.h.t.HelmChartContainer - [hivemq-test-hivemq-platform] [hivemq-platform-operator] [56d0a44e] 18:47:17.816 [pool-6-thread-31] DEBUG c.h.p.o.d.PodServiceAccountResource - [helmupgr] Desired PodServiceAccountResource (serviceAccountName: hivemq-platform-pod-test-hivemq-platform)
2025-01-30 18:47:17,819 INFO c.h.h.t.HelmChartContainer - [hivemq-test-hivemq-platform] [hivemq-platform-operator] [56d0a44e] 18:47:17.816 [pool-6-thread-33] DEBUG c.h.p.o.dependants.PodInfoConfigMap - [helmupgr] Desired PodInfo ConfigMap (1 extensions) (1 enabled)
2025-01-30 18:47:17,819 INFO c.h.h.t.HelmChartContainer - [hivemq-test-hivemq-platform] [hivemq-platform-operator] [56d0a44e] 18:47:17.819 [pool-6-thread-33] DEBUG c.h.p.o.dependants.PodInfoConfigMap - [helmupgr] Desired PodInfo ConfigMap (metrics port: 9399) (metrics path: /)
2025-01-30 18:47:17,821 INFO c.h.h.t.HelmChartContainer - [hivemq-test-hivemq-platform] [hivemq-platform-operator] [56d0a44e] 18:47:17.819 [pool-6-thread-33] DEBUG c.h.p.o.dependants.PodInfoConfigMap - [helmupgr] Desired PodInfo ConfigMap (extension state hash: 1735936725)
2025-01-30 18:47:17,825 INFO c.h.h.t.HelmChartContainer - [hivemq-test-hivemq-platform] [hivemq-platform-operator] [56d0a44e] 18:47:17.824 [pool-6-thread-33] DEBUG c.h.p.o.d.StatefulSetResource - [helmupgr] Desired StatefulSet (2 replicas) for status ROLLING_RESTART (SURGE_IN_PROGRESS)
2025-01-30 18:47:17,827 INFO c.h.h.t.HelmChartContainer - Started log watcher for hivemq in pod test-hivemq-platform-1 [25e4569e-d44c-41a2-8a37-428661d7b029]
2025-01-30 18:47:17,826 INFO c.h.h.t.HelmChartContainer - [EVENT] Normal [Started] Started container hivemq [helmupgradeextensionit:test-hivemq-platform-1]
2025-01-30 18:47:17,828 INFO c.h.h.t.HelmChartContainer - [test-hivemq-platform] [hivemq] [25e4569e] Adding pre-installed HiveMQ Platform Operator extensions
2025-01-30 18:47:17,829 INFO c.h.h.t.HelmChartContainer - Received Started event for container hivemq in pod test-hivemq-platform-1 [25e4569e-d44c-41a2-8a37-428661d7b029]
2025-01-30 18:47:17,829 INFO c.h.h.t.HelmChartContainer - [test-hivemq-platform] [hivemq] [25e4569e] Running as user 10000
2025-01-30 18:47:17,829 INFO c.h.h.t.HelmChartContainer - [test-hivemq-platform] [hivemq] [25e4569e] Starting HiveMQ Platform Operator Init
2025-01-30 18:47:17,832 INFO c.h.h.t.HelmChartContainer - [hivemq-test-hivemq-platform] [hivemq-platform-operator] [56d0a44e] 18:47:17.831 [ReconcilerExecutor-hivemq-controller-124] INFO  c.h.p.o.HiveMQPlatformReconciler - [helmupgr] Reconciling HiveMQ Platform 'test-hivemq-platform' in namespace 'helmupgradeextensionit'
2025-01-30 18:47:17,832 INFO c.h.h.t.HelmChartContainer - [hivemq-test-hivemq-platform] [hivemq-platform-operator] [56d0a44e] 18:47:17.831 [ReconcilerExecutor-hivemq-controller-124] DEBUG c.h.p.o.HiveMQPlatformReconciler - [helmupgr] Custom Resource Status ROLLING_RESTART - HiveMQ Platform is starting a surge Pod (rolling restart) (SURGE_IN_PROGRESS)
2025-01-30 18:47:17,832 INFO c.h.h.t.HelmChartContainer - [hivemq-test-hivemq-platform] [hivemq-platform-operator] [56d0a44e] 18:47:17.832 [ReconcilerExecutor-hivemq-controller-124] DEBUG c.h.p.o.HiveMQPlatformReconciler - [helmupgr] Custom Resource Spec (replicas: 1) (extensions: 1)
2025-01-30 18:47:17,834 INFO c.h.h.t.HelmChartContainer - [hivemq-test-hivemq-platform] [hivemq-platform-operator] [56d0a44e] 18:47:17.834 [ReconcilerExecutor-hivemq-controller-124] DEBUG c.h.p.o.HiveMQPlatformReconciler - [helmupgr] StatefulSet Status (revision: test-hivemq-platform-7c6d7d4d7b, replicas: 2, available: 1, ready: 1, current: 1, updated: 1)
2025-01-30 18:47:17,834 INFO c.h.h.t.HelmChartContainer - [hivemq-test-hivemq-platform] [hivemq-platform-operator] [56d0a44e] 18:47:17.834 [ReconcilerExecutor-hivemq-controller-124] DEBUG c.h.p.o.HiveMQPlatformReconciler - [helmupgr] StatefulSet Spec (replicas: 2, init containers: 1, containers: 1, volumes: 4)
2025-01-30 18:47:17,854 INFO c.h.h.t.HelmChartContainer - [hivemq-test-hivemq-platform] [hivemq-platform-operator] [56d0a44e] 18:47:17.851 [ReconcilerExecutor-hivemq-controller-124] DEBUG c.h.p.o.h.HiveMQPlatformReconcilerErrorHandler - [helmupgr] Pod 'test-hivemq-platform-1' phase Running
2025-01-30 18:47:17,854 INFO c.h.h.t.HelmChartContainer - [hivemq-test-hivemq-platform] [hivemq-platform-operator] [56d0a44e] 18:47:17.854 [ReconcilerExecutor-hivemq-controller-124] DEBUG c.h.p.o.h.HiveMQPlatformReconcilerErrorHandler - [helmupgr] Pod 'test-hivemq-platform-0' phase Running
2025-01-30 18:47:17,855 INFO c.h.h.t.HelmChartContainer - [hivemq-test-hivemq-platform] [hivemq-platform-operator] [56d0a44e] 18:47:17.855 [ReconcilerExecutor-hivemq-controller-124] DEBUG c.h.p.o.h.HiveMQPlatformReconcilerRollingRestartHandler - [helmupgr] Rolling restart is waiting for 1 of 2 replicas
2025-01-30 18:47:18,082 INFO c.h.h.t.HelmChartContainer - [test-hivemq-platform] [hivemq] [25e4569e] INFO  - [HiveMQ Platform Operator Init 1.7.0-SNAPSHOT] HiveMQ Platform Operator Init 1.7.0-SNAPSHOT (commit: 47e3375 on branch: HEAD) built on Thu Jan 30 03:55:50 UTC 2025
2025-01-30 18:47:19,206 INFO c.h.h.t.HelmChartContainer - [test-hivemq-platform] [hivemq] [25e4569e] INFO  - [HiveMQ Platform Operator Init App 1.7.0-SNAPSHOT] Using bind address 10.42.0.9 from environment variable
2025-01-30 18:47:20,114 INFO c.h.h.t.HelmChartContainer - [test-hivemq-platform] [hivemq] [25e4569e] INFO  - [HiveMQ Platform Operator Init App 1.7.0-SNAPSHOT] HiveMQ Platform Operator Init App 1.7.0-SNAPSHOT (commit: 47e3375 on branch: HEAD) built on Thu Jan 30 03:55:50 UTC 2025
2025-01-30 18:47:20,114 INFO c.h.h.t.HelmChartContainer - [test-hivemq-platform] [hivemq] [25e4569e] INFO  - [HiveMQ Platform Operator Init App 1.7.0-SNAPSHOT] PodInfo ConfigMap directory: /etc/podinfo
2025-01-30 18:47:20,176 INFO c.h.h.t.HelmChartContainer - [test-hivemq-platform] [hivemq] [25e4569e] INFO  - [HiveMQ Platform Operator Init App 1.7.0-SNAPSHOT] HiveMQ home directory: /opt/hivemq
2025-01-30 18:47:20,176 INFO c.h.h.t.HelmChartContainer - [test-hivemq-platform] [hivemq] [25e4569e] INFO  - [HiveMQ Platform Operator Init App 1.7.0-SNAPSHOT] HiveMQ Logback folder: /opt/hivemq/conf
2025-01-30 18:47:20,176 INFO c.h.h.t.HelmChartContainer - [test-hivemq-platform] [hivemq] [25e4569e] INFO  - [HiveMQ Platform Operator Init App 1.7.0-SNAPSHOT] HiveMQ Config folder: /opt/hivemq/conf-k8s
2025-01-30 18:47:20,176 INFO c.h.h.t.HelmChartContainer - [test-hivemq-platform] [hivemq] [25e4569e] INFO  - [HiveMQ Platform Operator Init App 1.7.0-SNAPSHOT] Starting HiveMQ Platform Operator Init App
2025-01-30 18:47:20,176 INFO c.h.h.t.HelmChartContainer - [test-hivemq-platform] [hivemq] [25e4569e] INFO  - [HiveMQ Platform Operator Init App 1.7.0-SNAPSHOT] Starting Pod reconciler
2025-01-30 18:47:21,402 INFO c.h.h.t.HelmChartContainer - [test-hivemq-platform] [hivemq] [25e4569e] INFO  - [HiveMQ Platform Operator Init App 1.7.0-SNAPSHOT] Pod reconciler is scheduled (interval: 5000 ms)
2025-01-30 18:47:21,403 INFO c.h.h.t.HelmChartContainer - [test-hivemq-platform] [hivemq] [25e4569e] INFO  - [HiveMQ Platform Operator Init App 1.7.0-SNAPSHOT] Starting the REST API on 10.42.0.9:7979
2025-01-30 18:47:21,406 INFO c.h.h.t.HelmChartContainer - [test-hivemq-platform] [hivemq] [25e4569e] INFO  - [HiveMQ Platform Operator Init App 1.7.0-SNAPSHOT] Waiting up to 600s for at most 2 HiveMQ nodes in cluster service hivemq-test-hivemq-platform-cluster.helmupgradeextensionit.svc
2025-01-30 18:47:21,687 INFO c.h.h.t.HelmChartContainer - [test-hivemq-platform] [hivemq] [e68ec15a] WARN  - Bridge Extension: Connect to bridge 'testbridge' failed for the 3 time, reason: connection timed out after 10000 ms: /172.17.0.3:1883
2025-01-30 18:47:21,807 INFO c.h.h.t.HelmChartContainer - [test-hivemq-platform] [hivemq] [25e4569e] INFO  - [HiveMQ Platform Operator Init App 1.7.0-SNAPSHOT] Resolved 2 IP addresses: [10.42.0.8, 10.42.0.9]
2025-01-30 18:47:21,807 INFO c.h.h.t.HelmChartContainer - [test-hivemq-platform] [hivemq] [25e4569e] INFO  - [HiveMQ Platform Operator Init App 1.7.0-SNAPSHOT] HiveMQ node count of 2 is within threshold of 2
2025-01-30 18:47:21,807 INFO c.h.h.t.HelmChartContainer - [test-hivemq-platform] [hivemq] [25e4569e] INFO  - [HiveMQ Platform Operator Init App 1.7.0-SNAPSHOT] Waiting 15s for previous shutdown replication to finish...
2025-01-30 18:47:22,654 INFO c.h.h.t.HelmChartContainer - [test-hivemq-platform] [hivemq] [e68ec15a] WARN  - Bridge Extension: Connect to bridge 'testbridge' failed for the 3 time, reason: connection timed out after 10000 ms: /172.17.0.3:1883
2025-01-30 18:47:23,805 INFO c.h.h.t.HelmChartContainer - [test-hivemq-platform] [hivemq] [25e4569e] INFO  - [HiveMQ Platform Operator Init App 1.7.0-SNAPSHOT] Returning default Health API response 503 for readiness
2025-01-30 18:47:23,910 INFO c.h.h.t.HelmChartContainer - [EVENT] Warning [Unhealthy] Readiness probe failed: HTTP probe failed with statuscode: 503 [helmupgradeextensionit:test-hivemq-platform-1]
2025-01-30 18:47:23,910 INFO c.h.h.t.HelmChartContainer - Received Unhealthy event for container hivemq in pod test-hivemq-platform-1 [25e4569e-d44c-41a2-8a37-428661d7b029]
2025-01-30 18:47:27,860 INFO c.h.h.t.HelmChartContainer - [hivemq-test-hivemq-platform] [hivemq-platform-operator] [56d0a44e] 18:47:27.857 [pool-6-thread-49] DEBUG c.h.p.o.d.PlatformServiceResource - [helmupgr] Desired Platform services (3 services)
2025-01-30 18:47:27,861 INFO c.h.h.t.HelmChartContainer - [hivemq-test-hivemq-platform] [hivemq-platform-operator] [56d0a44e] 18:47:27.858 [pool-6-thread-45] DEBUG c.h.p.o.dependants.PodInfoConfigMap - [helmupgr] Desired PodInfo ConfigMap (1 extensions) (1 enabled)
2025-01-30 18:47:27,861 INFO c.h.h.t.HelmChartContainer - [hivemq-test-hivemq-platform] [hivemq-platform-operator] [56d0a44e] 18:47:27.858 [pool-6-thread-45] DEBUG c.h.p.o.dependants.PodInfoConfigMap - [helmupgr] Desired PodInfo ConfigMap (metrics port: 9399) (metrics path: /)
2025-01-30 18:47:27,861 INFO c.h.h.t.HelmChartContainer - [hivemq-test-hivemq-platform] [hivemq-platform-operator] [56d0a44e] 18:47:27.858 [pool-6-thread-45] DEBUG c.h.p.o.dependants.PodInfoConfigMap - [helmupgr] Desired PodInfo ConfigMap (extension state hash: 1735936725)
2025-01-30 18:47:27,861 INFO c.h.h.t.HelmChartContainer - [hivemq-test-hivemq-platform] [hivemq-platform-operator] [56d0a44e] 18:47:27.859 [pool-6-thread-48] DEBUG c.h.p.o.d.PodServiceAccountResource - [helmupgr] Desired PodServiceAccountResource (serviceAccountName: hivemq-platform-pod-test-hivemq-platform)
2025-01-30 18:47:27,866 INFO c.h.h.t.HelmChartContainer - [hivemq-test-hivemq-platform] [hivemq-platform-operator] [56d0a44e] 18:47:27.863 [pool-6-thread-49] DEBUG c.h.p.o.d.StatefulSetResource - [helmupgr] Desired StatefulSet (2 replicas) for status ROLLING_RESTART (SURGE_IN_PROGRESS)
2025-01-30 18:47:27,868 INFO c.h.h.t.HelmChartContainer - [hivemq-test-hivemq-platform] [hivemq-platform-operator] [56d0a44e] 18:47:27.867 [ReconcilerExecutor-hivemq-controller-125] INFO  c.h.p.o.HiveMQPlatformReconciler - [helmupgr] Reconciling HiveMQ Platform 'test-hivemq-platform' in namespace 'helmupgradeextensionit'
2025-01-30 18:47:27,870 INFO c.h.h.t.HelmChartContainer - [hivemq-test-hivemq-platform] [hivemq-platform-operator] [56d0a44e] 18:47:27.867 [ReconcilerExecutor-hivemq-controller-125] DEBUG c.h.p.o.HiveMQPlatformReconciler - [helmupgr] Custom Resource Status ROLLING_RESTART - HiveMQ Platform is starting a surge Pod (rolling restart) (SURGE_IN_PROGRESS)
2025-01-30 18:47:27,870 INFO c.h.h.t.HelmChartContainer - [hivemq-test-hivemq-platform] [hivemq-platform-operator] [56d0a44e] 18:47:27.867 [ReconcilerExecutor-hivemq-controller-125] DEBUG c.h.p.o.HiveMQPlatformReconciler - [helmupgr] Custom Resource Spec (replicas: 1) (extensions: 1)
2025-01-30 18:47:27,870 INFO c.h.h.t.HelmChartContainer - [hivemq-test-hivemq-platform] [hivemq-platform-operator] [56d0a44e] 18:47:27.869 [ReconcilerExecutor-hivemq-controller-125] DEBUG c.h.p.o.HiveMQPlatformReconciler - [helmupgr] StatefulSet Status (revision: test-hivemq-platform-7c6d7d4d7b, replicas: 2, available: 1, ready: 1, current: 1, updated: 1)
2025-01-30 18:47:27,870 INFO c.h.h.t.HelmChartContainer - [hivemq-test-hivemq-platform] [hivemq-platform-operator] [56d0a44e] 18:47:27.869 [ReconcilerExecutor-hivemq-controller-125] DEBUG c.h.p.o.HiveMQPlatformReconciler - [helmupgr] StatefulSet Spec (replicas: 2, init containers: 1, containers: 1, volumes: 4)
2025-01-30 18:47:27,872 INFO c.h.h.t.HelmChartContainer - [hivemq-test-hivemq-platform] [hivemq-platform-operator] [56d0a44e] 18:47:27.870 [ReconcilerExecutor-hivemq-controller-125] DEBUG c.h.p.o.h.HiveMQPlatformReconcilerErrorHandler - [helmupgr] Pod 'test-hivemq-platform-1' phase Running
2025-01-30 18:47:27,873 INFO c.h.h.t.HelmChartContainer - [hivemq-test-hivemq-platform] [hivemq-platform-operator] [56d0a44e] 18:47:27.872 [ReconcilerExecutor-hivemq-controller-125] DEBUG c.h.p.o.h.HiveMQPlatformReconcilerErrorHandler - [helmupgr] Pod 'test-hivemq-platform-0' phase Running
2025-01-30 18:47:27,873 INFO c.h.h.t.HelmChartContainer - [hivemq-test-hivemq-platform] [hivemq-platform-operator] [56d0a44e] 18:47:27.872 [ReconcilerExecutor-hivemq-controller-125] DEBUG c.h.p.o.h.HiveMQPlatformReconcilerRollingRestartHandler - [helmupgr] Rolling restart is waiting for 1 of 2 replicas
2025-01-30 18:47:28,800 INFO c.h.h.t.HelmChartContainer - [test-hivemq-platform] [hivemq] [25e4569e] INFO  - [HiveMQ Platform Operator Init App 1.7.0-SNAPSHOT] Updating Pod HiveMQ Platform Operator Init App version annotation (version: 1.7.0-SNAPSHOT)
2025-01-30 18:47:28,804 INFO c.h.h.t.HelmChartContainer - [EVENT] Warning [Unhealthy] Readiness probe failed: HTTP probe failed with statuscode: 503 [helmupgradeextensionit:test-hivemq-platform-1]
2025-01-30 18:47:28,804 INFO c.h.h.t.HelmChartContainer - Received Unhealthy event for container hivemq in pod test-hivemq-platform-1 [25e4569e-d44c-41a2-8a37-428661d7b029]
2025-01-30 18:47:29,119 INFO c.h.h.t.HelmChartContainer - [POD] test-hivemq-platform-1 [25e4569e-d44c-41a2-8a37-428661d7b029] in helmupgradeextensionit was MODIFIED
2025-01-30 18:47:29,126 INFO c.h.h.t.HelmChartContainer - [hivemq-test-hivemq-platform] [hivemq-platform-operator] [56d0a44e] 18:47:29.124 [pool-6-thread-6] DEBUG c.h.p.o.d.PlatformServiceResource - [helmupgr] Desired Platform services (3 services)
2025-01-30 18:47:29,127 INFO c.h.h.t.HelmChartContainer - [EVENT] Warning [Unhealthy] Readiness probe failed: HTTP probe failed with statuscode: 503 [helmupgradeextensionit:test-hivemq-platform-1]
2025-01-30 18:47:29,127 INFO c.h.h.t.HelmChartContainer - Received Unhealthy event for container hivemq in pod test-hivemq-platform-1 [25e4569e-d44c-41a2-8a37-428661d7b029]
2025-01-30 18:47:29,129 INFO c.h.h.t.HelmChartContainer - [hivemq-test-hivemq-platform] [hivemq-platform-operator] [56d0a44e] 18:47:29.126 [pool-6-thread-8] DEBUG c.h.p.o.dependants.PodInfoConfigMap - [helmupgr] Desired PodInfo ConfigMap (1 extensions) (1 enabled)
2025-01-30 18:47:29,129 INFO c.h.h.t.HelmChartContainer - [hivemq-test-hivemq-platform] [hivemq-platform-operator] [56d0a44e] 18:47:29.127 [pool-6-thread-8] DEBUG c.h.p.o.dependants.PodInfoConfigMap - [helmupgr] Desired PodInfo ConfigMap (metrics port: 9399) (metrics path: /)
2025-01-30 18:47:29,129 INFO c.h.h.t.HelmChartContainer - [hivemq-test-hivemq-platform] [hivemq-platform-operator] [56d0a44e] 18:47:29.127 [pool-6-thread-8] DEBUG c.h.p.o.dependants.PodInfoConfigMap - [helmupgr] Desired PodInfo ConfigMap (extension state hash: 1735936725)
2025-01-30 18:47:29,129 INFO c.h.h.t.HelmChartContainer - [hivemq-test-hivemq-platform] [hivemq-platform-operator] [56d0a44e] 18:47:29.127 [pool-6-thread-9] DEBUG c.h.p.o.d.PodServiceAccountResource - [helmupgr] Desired PodServiceAccountResource (serviceAccountName: hivemq-platform-pod-test-hivemq-platform)
2025-01-30 18:47:29,134 INFO c.h.h.t.HelmChartContainer - [hivemq-test-hivemq-platform] [hivemq-platform-operator] [56d0a44e] 18:47:29.133 [pool-6-thread-6] DEBUG c.h.p.o.d.StatefulSetResource - [helmupgr] Desired StatefulSet (2 replicas) for status ROLLING_RESTART (SURGE_IN_PROGRESS)
2025-01-30 18:47:29,137 INFO c.h.h.t.HelmChartContainer - [hivemq-test-hivemq-platform] [hivemq-platform-operator] [56d0a44e] 18:47:29.136 [ReconcilerExecutor-hivemq-controller-126] INFO  c.h.p.o.HiveMQPlatformReconciler - [helmupgr] Reconciling HiveMQ Platform 'test-hivemq-platform' in namespace 'helmupgradeextensionit'
2025-01-30 18:47:29,137 INFO c.h.h.t.HelmChartContainer - [hivemq-test-hivemq-platform] [hivemq-platform-operator] [56d0a44e] 18:47:29.136 [ReconcilerExecutor-hivemq-controller-126] DEBUG c.h.p.o.HiveMQPlatformReconciler - [helmupgr] Custom Resource Status ROLLING_RESTART - HiveMQ Platform is starting a surge Pod (rolling restart) (SURGE_IN_PROGRESS)
2025-01-30 18:47:29,137 INFO c.h.h.t.HelmChartContainer - [hivemq-test-hivemq-platform] [hivemq-platform-operator] [56d0a44e] 18:47:29.136 [ReconcilerExecutor-hivemq-controller-126] DEBUG c.h.p.o.HiveMQPlatformReconciler - [helmupgr] Custom Resource Spec (replicas: 1) (extensions: 1)
2025-01-30 18:47:29,140 INFO c.h.h.t.HelmChartContainer - [hivemq-test-hivemq-platform] [hivemq-platform-operator] [56d0a44e] 18:47:29.138 [ReconcilerExecutor-hivemq-controller-126] DEBUG c.h.p.o.HiveMQPlatformReconciler - [helmupgr] StatefulSet Status (revision: test-hivemq-platform-7c6d7d4d7b, replicas: 2, available: 1, ready: 1, current: 1, updated: 1)
2025-01-30 18:47:29,140 INFO c.h.h.t.HelmChartContainer - [hivemq-test-hivemq-platform] [hivemq-platform-operator] [56d0a44e] 18:47:29.138 [ReconcilerExecutor-hivemq-controller-126] DEBUG c.h.p.o.HiveMQPlatformReconciler - [helmupgr] StatefulSet Spec (replicas: 2, init containers: 1, containers: 1, volumes: 4)
2025-01-30 18:47:29,141 INFO c.h.h.t.HelmChartContainer - [hivemq-test-hivemq-platform] [hivemq-platform-operator] [56d0a44e] 18:47:29.139 [ReconcilerExecutor-hivemq-controller-126] DEBUG c.h.p.o.h.HiveMQPlatformReconcilerErrorHandler - [helmupgr] Pod 'test-hivemq-platform-1' phase Running
2025-01-30 18:47:29,142 INFO c.h.h.t.HelmChartContainer - [hivemq-test-hivemq-platform] [hivemq-platform-operator] [56d0a44e] 18:47:29.141 [ReconcilerExecutor-hivemq-controller-126] DEBUG c.h.p.o.h.HiveMQPlatformReconcilerErrorHandler - [helmupgr] Pod 'test-hivemq-platform-0' phase Running
2025-01-30 18:47:29,143 INFO c.h.h.t.HelmChartContainer - [hivemq-test-hivemq-platform] [hivemq-platform-operator] [56d0a44e] 18:47:29.142 [ReconcilerExecutor-hivemq-controller-126] DEBUG c.h.p.o.h.HiveMQPlatformReconcilerRollingRestartHandler - [helmupgr] Rolling restart is waiting for 1 of 2 replicas
2025-01-30 18:47:29,200 INFO c.h.h.t.HelmChartContainer - [test-hivemq-platform] [hivemq] [25e4569e] INFO  - [HiveMQ Platform Operator Init App 1.7.0-SNAPSHOT] Successfully updated Pod HiveMQ Platform Operator Init App version annotation (version: 1.7.0-SNAPSHOT)
2025-01-30 18:47:34,124 INFO c.h.h.t.HelmChartContainer - [EVENT] Warning [Unhealthy] Readiness probe failed: HTTP probe failed with statuscode: 503 [helmupgradeextensionit:test-hivemq-platform-1]
2025-01-30 18:47:34,125 INFO c.h.h.t.HelmChartContainer - Received Unhealthy event for container hivemq in pod test-hivemq-platform-1 [25e4569e-d44c-41a2-8a37-428661d7b029]
2025-01-30 18:47:36,808 INFO c.h.h.t.HelmChartContainer - [test-hivemq-platform] [hivemq] [25e4569e] INFO  - [HiveMQ Platform Operator Init App 1.7.0-SNAPSHOT] Proceeding with container start
2025-01-30 18:47:36,810 INFO c.h.h.t.HelmChartContainer - [test-hivemq-platform] [hivemq] [25e4569e] INFO  - [HiveMQ Platform Operator Init App 1.7.0-SNAPSHOT] Initializing HiveMQ Platform extensions with initial configuration: {hivemq-bridge-extension={start-priority=-1, skip-https-hostname-verification=false, restart=true, config-version=935, header-version=0, c-uri=, priority=-1, uri=preinstalled, skip-https-certificate-validation=false, enabled=true}, hivemq-prometheus-extension={start-priority=-1, priority=-1, restart=true, enabled=true, request-header-path=no-request-headers, uri=preinstalled, skip-https-certificate-validation=false, skip-https-hostname-verification=false, c-uri=}}
2025-01-30 18:47:37,213 INFO c.h.h.t.HelmChartContainer - [test-hivemq-platform] [hivemq] [25e4569e] INFO  - [HiveMQ Platform Operator Init App 1.7.0-SNAPSHOT] Successfully enabled extension hivemq-bridge-extension
2025-01-30 18:47:37,300 INFO c.h.h.t.HelmChartContainer - [test-hivemq-platform] [hivemq] [25e4569e] INFO  - [HiveMQ Platform Operator Init App 1.7.0-SNAPSHOT] Successfully enabled extension hivemq-prometheus-extension
2025-01-30 18:47:37,302 INFO c.h.h.t.HelmChartContainer - [test-hivemq-platform] [hivemq] [25e4569e] INFO  - [HiveMQ Platform Operator Init App 1.7.0-SNAPSHOT] Starting HiveMQ Platform version 4.36.0 (4.36.0)
2025-01-30 18:47:37,302 INFO c.h.h.t.HelmChartContainer - [test-hivemq-platform] [hivemq] [25e4569e] INFO  - [HiveMQ Platform Operator Init App 1.7.0-SNAPSHOT] Configuring the HiveMQ Platform
2025-01-30 18:47:37,311 INFO c.h.h.t.HelmChartContainer - [test-hivemq-platform] [hivemq] [25e4569e] INFO  - [HiveMQ Platform Operator Init App 1.7.0-SNAPSHOT] Changed logback.xml file scan period to 20 seconds
2025-01-30 18:47:37,406 INFO c.h.h.t.HelmChartContainer - [test-hivemq-platform] [hivemq] [25e4569e] INFO  - [HiveMQ Platform Operator Init App 1.7.0-SNAPSHOT] Starting the HiveMQ Platform
2025-01-30 18:47:37,409 INFO c.h.h.t.HelmChartContainer - [test-hivemq-platform] [hivemq] [25e4569e] -------------------------------------------------------------------------
2025-01-30 18:47:37,410 INFO c.h.h.t.HelmChartContainer - [test-hivemq-platform] [hivemq] [25e4569e] 
2025-01-30 18:47:37,410 INFO c.h.h.t.HelmChartContainer - [test-hivemq-platform] [hivemq] [25e4569e]                   _    _  _              __  __   ____
2025-01-30 18:47:37,410 INFO c.h.h.t.HelmChartContainer - [test-hivemq-platform] [hivemq] [25e4569e]                  | |  | |(_)            |  \/  | / __ \
2025-01-30 18:47:37,410 INFO c.h.h.t.HelmChartContainer - [test-hivemq-platform] [hivemq] [25e4569e]                  | |__| | _ __   __ ___ | \  / || |  | |
2025-01-30 18:47:37,410 INFO c.h.h.t.HelmChartContainer - [test-hivemq-platform] [hivemq] [25e4569e]                  |  __  || |\ \ / // _ \| |\/| || |  | |
2025-01-30 18:47:37,410 INFO c.h.h.t.HelmChartContainer - [test-hivemq-platform] [hivemq] [25e4569e]                  | |  | || | \ V /|  __/| |  | || |__| |
2025-01-30 18:47:37,410 INFO c.h.h.t.HelmChartContainer - [test-hivemq-platform] [hivemq] [25e4569e]                  |_|  |_||_|  \_/  \___||_|  |_| \___\_\
2025-01-30 18:47:37,410 INFO c.h.h.t.HelmChartContainer - [test-hivemq-platform] [hivemq] [25e4569e] 
2025-01-30 18:47:37,410 INFO c.h.h.t.HelmChartContainer - [test-hivemq-platform] [hivemq] [25e4569e] -------------------------------------------------------------------------
2025-01-30 18:47:37,410 INFO c.h.h.t.HelmChartContainer - [test-hivemq-platform] [hivemq] [25e4569e] 
2025-01-30 18:47:37,410 INFO c.h.h.t.HelmChartContainer - [test-hivemq-platform] [hivemq] [25e4569e]   HiveMQ Start Script for Linux/Unix v1.14
2025-01-30 18:47:37,410 INFO c.h.h.t.HelmChartContainer - [test-hivemq-platform] [hivemq] [25e4569e] 
2025-01-30 18:47:37,521 INFO c.h.h.t.HelmChartContainer - [test-hivemq-platform] [hivemq] [25e4569e] -------------------------------------------------------------------------
2025-01-30 18:47:37,522 INFO c.h.h.t.HelmChartContainer - [test-hivemq-platform] [hivemq] [25e4569e] 
2025-01-30 18:47:37,522 INFO c.h.h.t.HelmChartContainer - [test-hivemq-platform] [hivemq] [25e4569e]   HIVEMQ_HOME: /opt/hivemq
2025-01-30 18:47:37,522 INFO c.h.h.t.HelmChartContainer - [test-hivemq-platform] [hivemq] [25e4569e] 
2025-01-30 18:47:37,522 INFO c.h.h.t.HelmChartContainer - [test-hivemq-platform] [hivemq] [25e4569e]   JAVA_OPTS: -XX:+UnlockExperimentalVMOptions -XX:InitialRAMPercentage=50 -XX:MaxRAMPercentage=50 -Djava.net.preferIPv4Stack=true --add-opens java.base/java.lang=ALL-UNNAMED --add-opens java.base/java.nio=ALL-UNNAMED --add-opens java.base/sun.nio.ch=ALL-UNNAMED --add-opens jdk.management/com.sun.management.internal=ALL-UNNAMED --add-exports java.base/jdk.internal.misc=ALL-UNNAMED -Djava.security.egd=file:/dev/./urandom -Dcom.sun.management.jmxremote -Dcom.sun.management.jmxremote.port=9010 -Dcom.sun.management.jmxremote.local.only=false -Dcom.sun.management.jmxremote.authenticate=false -Dcom.sun.management.jmxremote.ssl=false -Duser.language=en -Duser.region=US -XX:+CrashOnOutOfMemoryError -XX:+HeapDumpOnOutOfMemoryError
2025-01-30 18:47:37,522 INFO c.h.h.t.HelmChartContainer - [test-hivemq-platform] [hivemq] [25e4569e] 
2025-01-30 18:47:37,522 INFO c.h.h.t.HelmChartContainer - [test-hivemq-platform] [hivemq] [25e4569e]   JAVA_VERSION: 21
2025-01-30 18:47:37,522 INFO c.h.h.t.HelmChartContainer - [test-hivemq-platform] [hivemq] [25e4569e] 
2025-01-30 18:47:37,522 INFO c.h.h.t.HelmChartContainer - [test-hivemq-platform] [hivemq] [25e4569e] -------------------------------------------------------------------------
2025-01-30 18:47:37,522 INFO c.h.h.t.HelmChartContainer - [test-hivemq-platform] [hivemq] [25e4569e] 
2025-01-30 18:47:39,148 INFO c.h.h.t.HelmChartContainer - [hivemq-test-hivemq-platform] [hivemq-platform-operator] [56d0a44e] 18:47:39.145 [pool-6-thread-15] DEBUG c.h.p.o.d.PlatformServiceResource - [helmupgr] Desired Platform services (3 services)
2025-01-30 18:47:39,149 INFO c.h.h.t.HelmChartContainer - [hivemq-test-hivemq-platform] [hivemq-platform-operator] [56d0a44e] 18:47:39.145 [pool-6-thread-18] DEBUG c.h.p.o.dependants.PodInfoConfigMap - [helmupgr] Desired PodInfo ConfigMap (1 extensions) (1 enabled)
2025-01-30 18:47:39,149 INFO c.h.h.t.HelmChartContainer - [hivemq-test-hivemq-platform] [hivemq-platform-operator] [56d0a44e] 18:47:39.146 [pool-6-thread-18] DEBUG c.h.p.o.dependants.PodInfoConfigMap - [helmupgr] Desired PodInfo ConfigMap (metrics port: 9399) (metrics path: /)
2025-01-30 18:47:39,149 INFO c.h.h.t.HelmChartContainer - [hivemq-test-hivemq-platform] [hivemq-platform-operator] [56d0a44e] 18:47:39.146 [pool-6-thread-18] DEBUG c.h.p.o.dependants.PodInfoConfigMap - [helmupgr] Desired PodInfo ConfigMap (extension state hash: 1735936725)
2025-01-30 18:47:39,149 INFO c.h.h.t.HelmChartContainer - [hivemq-test-hivemq-platform] [hivemq-platform-operator] [56d0a44e] 18:47:39.146 [pool-6-thread-18] DEBUG c.h.p.o.d.PodServiceAccountResource - [helmupgr] Desired PodServiceAccountResource (serviceAccountName: hivemq-platform-pod-test-hivemq-platform)
2025-01-30 18:47:39,151 INFO c.h.h.t.HelmChartContainer - [hivemq-test-hivemq-platform] [hivemq-platform-operator] [56d0a44e] 18:47:39.150 [pool-6-thread-15] DEBUG c.h.p.o.d.StatefulSetResource - [helmupgr] Desired StatefulSet (2 replicas) for status ROLLING_RESTART (SURGE_IN_PROGRESS)
2025-01-30 18:47:39,154 INFO c.h.h.t.HelmChartContainer - [hivemq-test-hivemq-platform] [hivemq-platform-operator] [56d0a44e] 18:47:39.153 [ReconcilerExecutor-hivemq-controller-127] INFO  c.h.p.o.HiveMQPlatformReconciler - [helmupgr] Reconciling HiveMQ Platform 'test-hivemq-platform' in namespace 'helmupgradeextensionit'
2025-01-30 18:47:39,154 INFO c.h.h.t.HelmChartContainer - [hivemq-test-hivemq-platform] [hivemq-platform-operator] [56d0a44e] 18:47:39.153 [ReconcilerExecutor-hivemq-controller-127] DEBUG c.h.p.o.HiveMQPlatformReconciler - [helmupgr] Custom Resource Status ROLLING_RESTART - HiveMQ Platform is starting a surge Pod (rolling restart) (SURGE_IN_PROGRESS)
2025-01-30 18:47:39,154 INFO c.h.h.t.HelmChartContainer - [hivemq-test-hivemq-platform] [hivemq-platform-operator] [56d0a44e] 18:47:39.153 [ReconcilerExecutor-hivemq-controller-127] DEBUG c.h.p.o.HiveMQPlatformReconciler - [helmupgr] Custom Resource Spec (replicas: 1) (extensions: 1)
2025-01-30 18:47:39,157 INFO c.h.h.t.HelmChartContainer - [hivemq-test-hivemq-platform] [hivemq-platform-operator] [56d0a44e] 18:47:39.155 [ReconcilerExecutor-hivemq-controller-127] DEBUG c.h.p.o.HiveMQPlatformReconciler - [helmupgr] StatefulSet Status (revision: test-hivemq-platform-7c6d7d4d7b, replicas: 2, available: 1, ready: 1, current: 1, updated: 1)
2025-01-30 18:47:39,157 INFO c.h.h.t.HelmChartContainer - [hivemq-test-hivemq-platform] [hivemq-platform-operator] [56d0a44e] 18:47:39.155 [ReconcilerExecutor-hivemq-controller-127] DEBUG c.h.p.o.HiveMQPlatformReconciler - [helmupgr] StatefulSet Spec (replicas: 2, init containers: 1, containers: 1, volumes: 4)
2025-01-30 18:47:39,157 INFO c.h.h.t.HelmChartContainer - [hivemq-test-hivemq-platform] [hivemq-platform-operator] [56d0a44e] 18:47:39.156 [ReconcilerExecutor-hivemq-controller-127] DEBUG c.h.p.o.h.HiveMQPlatformReconcilerErrorHandler - [helmupgr] Pod 'test-hivemq-platform-1' phase Running
2025-01-30 18:47:39,158 INFO c.h.h.t.HelmChartContainer - [hivemq-test-hivemq-platform] [hivemq-platform-operator] [56d0a44e] 18:47:39.157 [ReconcilerExecutor-hivemq-controller-127] DEBUG c.h.p.o.h.HiveMQPlatformReconcilerErrorHandler - [helmupgr] Pod 'test-hivemq-platform-0' phase Running
2025-01-30 18:47:39,158 INFO c.h.h.t.HelmChartContainer - [hivemq-test-hivemq-platform] [hivemq-platform-operator] [56d0a44e] 18:47:39.157 [ReconcilerExecutor-hivemq-controller-127] DEBUG c.h.p.o.h.HiveMQPlatformReconcilerRollingRestartHandler - [helmupgr] Rolling restart is waiting for 1 of 2 replicas
2025-01-30 18:47:39,201 INFO c.h.h.t.HelmChartContainer - [EVENT] Warning [Unhealthy] Readiness probe failed: HTTP probe failed with statuscode: 503 [helmupgradeextensionit:test-hivemq-platform-1]
2025-01-30 18:47:39,201 INFO c.h.h.t.HelmChartContainer - Received Unhealthy event for container hivemq in pod test-hivemq-platform-1 [25e4569e-d44c-41a2-8a37-428661d7b029]
2025-01-30 18:47:40,103 INFO c.h.h.t.HelmChartContainer - [test-hivemq-platform] [hivemq] [25e4569e] INFO  - Starting HiveMQ Enterprise Server
2025-01-30 18:47:40,108 INFO c.h.h.t.HelmChartContainer - [test-hivemq-platform] [hivemq] [25e4569e] INFO  - HiveMQ version: 4.36.0
2025-01-30 18:47:40,109 INFO c.h.h.t.HelmChartContainer - [test-hivemq-platform] [hivemq] [25e4569e] INFO  - HiveMQ home directory: /opt/hivemq
2025-01-30 18:47:40,109 INFO c.h.h.t.HelmChartContainer - [test-hivemq-platform] [hivemq] [25e4569e] INFO  - Log Configuration was overridden by /opt/hivemq/conf/logback.xml
2025-01-30 18:47:40,227 INFO c.h.h.t.HelmChartContainer - [test-hivemq-platform] [hivemq] [e68ec15a] WARN  - Bridge Extension: Connect to bridge 'testbridge' failed for the 4 time, reason: connection timed out after 10000 ms: /172.17.0.3:1883
2025-01-30 18:47:41,124 INFO c.h.h.t.HelmChartContainer - [test-hivemq-platform] [hivemq] [e68ec15a] WARN  - Bridge Extension: Connect to bridge 'testbridge' failed for the 4 time, reason: connection timed out after 10000 ms: /172.17.0.3:1883
2025-01-30 18:47:41,312 INFO c.h.h.t.HelmChartContainer - [test-hivemq-platform] [hivemq] [25e4569e] INFO  - Successfully loaded configuration from '/opt/hivemq/conf-k8s/config.xml'.
2025-01-30 18:47:41,703 INFO c.h.h.t.HelmChartContainer - [test-hivemq-platform] [hivemq] [25e4569e] INFO  - This node's ID is rtbin
2025-01-30 18:47:41,704 INFO c.h.h.t.HelmChartContainer - [test-hivemq-platform] [hivemq] [25e4569e] INFO  - Clustering is enabled
2025-01-30 18:47:44,401 INFO c.h.h.t.HelmChartContainer - [test-hivemq-platform] [hivemq] [25e4569e] WARN  - [HiveMQ Platform Operator Init App 1.7.0-SNAPSHOT] Cannot connect to Health API for readiness: null
2025-01-30 18:47:44,406 INFO c.h.h.t.HelmChartContainer - [EVENT] Warning [Unhealthy] Readiness probe failed: HTTP probe failed with statuscode: 503 [helmupgradeextensionit:test-hivemq-platform-1]
2025-01-30 18:47:44,406 INFO c.h.h.t.HelmChartContainer - Received Unhealthy event for container hivemq in pod test-hivemq-platform-1 [25e4569e-d44c-41a2-8a37-428661d7b029]
2025-01-30 18:47:45,697 INFO c.h.h.t.HelmChartContainer - [test-hivemq-platform] [hivemq] [25e4569e] WARN  - [HiveMQ Platform Operator Init App 1.7.0-SNAPSHOT] Cannot connect to Health API for liveness: null
2025-01-30 18:47:45,697 INFO c.h.h.t.HelmChartContainer - [test-hivemq-platform] [hivemq] [25e4569e] INFO  - [HiveMQ Platform Operator Init App 1.7.0-SNAPSHOT] Returning default Health API response 200 for liveness
2025-01-30 18:47:49,123 INFO c.h.h.t.HelmChartContainer - [test-hivemq-platform] [hivemq] [25e4569e] WARN  - [HiveMQ Platform Operator Init App 1.7.0-SNAPSHOT] Cannot connect to Health API for readiness: null
2025-01-30 18:47:49,129 INFO c.h.h.t.HelmChartContainer - [EVENT] Warning [Unhealthy] Readiness probe failed: HTTP probe failed with statuscode: 503 [helmupgradeextensionit:test-hivemq-platform-1]
2025-01-30 18:47:49,129 INFO c.h.h.t.HelmChartContainer - Received Unhealthy event for container hivemq in pod test-hivemq-platform-1 [25e4569e-d44c-41a2-8a37-428661d7b029]
2025-01-30 18:47:49,164 INFO c.h.h.t.HelmChartContainer - [hivemq-test-hivemq-platform] [hivemq-platform-operator] [56d0a44e] 18:47:49.160 [pool-6-thread-29] DEBUG c.h.p.o.d.PlatformServiceResource - [helmupgr] Desired Platform services (3 services)
2025-01-30 18:47:49,164 INFO c.h.h.t.HelmChartContainer - [hivemq-test-hivemq-platform] [hivemq-platform-operator] [56d0a44e] 18:47:49.161 [pool-6-thread-30] DEBUG c.h.p.o.d.PodServiceAccountResource - [helmupgr] Desired PodServiceAccountResource (serviceAccountName: hivemq-platform-pod-test-hivemq-platform)
2025-01-30 18:47:49,164 INFO c.h.h.t.HelmChartContainer - [hivemq-test-hivemq-platform] [hivemq-platform-operator] [56d0a44e] 18:47:49.163 [pool-6-thread-28] DEBUG c.h.p.o.dependants.PodInfoConfigMap - [helmupgr] Desired PodInfo ConfigMap (1 extensions) (1 enabled)
2025-01-30 18:47:49,164 INFO c.h.h.t.HelmChartContainer - [hivemq-test-hivemq-platform] [hivemq-platform-operator] [56d0a44e] 18:47:49.163 [pool-6-thread-28] DEBUG c.h.p.o.dependants.PodInfoConfigMap - [helmupgr] Desired PodInfo ConfigMap (metrics port: 9399) (metrics path: /)
2025-01-30 18:47:49,164 INFO c.h.h.t.HelmChartContainer - [hivemq-test-hivemq-platform] [hivemq-platform-operator] [56d0a44e] 18:47:49.163 [pool-6-thread-28] DEBUG c.h.p.o.dependants.PodInfoConfigMap - [helmupgr] Desired PodInfo ConfigMap (extension state hash: 1735936725)
2025-01-30 18:47:49,166 INFO c.h.h.t.HelmChartContainer - [hivemq-test-hivemq-platform] [hivemq-platform-operator] [56d0a44e] 18:47:49.165 [pool-6-thread-26] DEBUG c.h.p.o.d.StatefulSetResource - [helmupgr] Desired StatefulSet (2 replicas) for status ROLLING_RESTART (SURGE_IN_PROGRESS)
2025-01-30 18:47:49,169 INFO c.h.h.t.HelmChartContainer - [hivemq-test-hivemq-platform] [hivemq-platform-operator] [56d0a44e] 18:47:49.168 [ReconcilerExecutor-hivemq-controller-128] INFO  c.h.p.o.HiveMQPlatformReconciler - [helmupgr] Reconciling HiveMQ Platform 'test-hivemq-platform' in namespace 'helmupgradeextensionit'
2025-01-30 18:47:49,169 INFO c.h.h.t.HelmChartContainer - [hivemq-test-hivemq-platform] [hivemq-platform-operator] [56d0a44e] 18:47:49.168 [ReconcilerExecutor-hivemq-controller-128] DEBUG c.h.p.o.HiveMQPlatformReconciler - [helmupgr] Custom Resource Status ROLLING_RESTART - HiveMQ Platform is starting a surge Pod (rolling restart) (SURGE_IN_PROGRESS)
2025-01-30 18:47:49,169 INFO c.h.h.t.HelmChartContainer - [hivemq-test-hivemq-platform] [hivemq-platform-operator] [56d0a44e] 18:47:49.168 [ReconcilerExecutor-hivemq-controller-128] DEBUG c.h.p.o.HiveMQPlatformReconciler - [helmupgr] Custom Resource Spec (replicas: 1) (extensions: 1)
2025-01-30 18:47:49,170 INFO c.h.h.t.HelmChartContainer - [hivemq-test-hivemq-platform] [hivemq-platform-operator] [56d0a44e] 18:47:49.169 [ReconcilerExecutor-hivemq-controller-128] DEBUG c.h.p.o.HiveMQPlatformReconciler - [helmupgr] StatefulSet Status (revision: test-hivemq-platform-7c6d7d4d7b, replicas: 2, available: 1, ready: 1, current: 1, updated: 1)
2025-01-30 18:47:49,170 INFO c.h.h.t.HelmChartContainer - [hivemq-test-hivemq-platform] [hivemq-platform-operator] [56d0a44e] 18:47:49.169 [ReconcilerExecutor-hivemq-controller-128] DEBUG c.h.p.o.HiveMQPlatformReconciler - [helmupgr] StatefulSet Spec (replicas: 2, init containers: 1, containers: 1, volumes: 4)
2025-01-30 18:47:49,171 INFO c.h.h.t.HelmChartContainer - [hivemq-test-hivemq-platform] [hivemq-platform-operator] [56d0a44e] 18:47:49.170 [ReconcilerExecutor-hivemq-controller-128] DEBUG c.h.p.o.h.HiveMQPlatformReconcilerErrorHandler - [helmupgr] Pod 'test-hivemq-platform-1' phase Running
2025-01-30 18:47:49,172 INFO c.h.h.t.HelmChartContainer - [hivemq-test-hivemq-platform] [hivemq-platform-operator] [56d0a44e] 18:47:49.171 [ReconcilerExecutor-hivemq-controller-128] DEBUG c.h.p.o.h.HiveMQPlatformReconcilerErrorHandler - [helmupgr] Pod 'test-hivemq-platform-0' phase Running
2025-01-30 18:47:49,173 INFO c.h.h.t.HelmChartContainer - [hivemq-test-hivemq-platform] [hivemq-platform-operator] [56d0a44e] 18:47:49.172 [ReconcilerExecutor-hivemq-controller-128] DEBUG c.h.p.o.h.HiveMQPlatformReconcilerRollingRestartHandler - [helmupgr] Rolling restart is waiting for 1 of 2 replicas
2025-01-30 18:47:54,200 INFO c.h.h.t.HelmChartContainer - [test-hivemq-platform] [hivemq] [25e4569e] WARN  - [HiveMQ Platform Operator Init App 1.7.0-SNAPSHOT] Cannot connect to Health API for readiness: null
2025-01-30 18:47:54,204 INFO c.h.h.t.HelmChartContainer - [EVENT] Warning [Unhealthy] Readiness probe failed: HTTP probe failed with statuscode: 503 [helmupgradeextensionit:test-hivemq-platform-1]
2025-01-30 18:47:54,204 INFO c.h.h.t.HelmChartContainer - Received Unhealthy event for container hivemq in pod test-hivemq-platform-1 [25e4569e-d44c-41a2-8a37-428661d7b029]
2025-01-30 18:47:55,296 INFO c.h.h.t.HelmChartContainer - [test-hivemq-platform] [hivemq] [25e4569e] INFO  - No valid license file found. Using trial license, restricted to 25 connections.
2025-01-30 18:47:58,405 INFO c.h.h.t.HelmChartContainer - [test-hivemq-platform] [hivemq] [25e4569e] INFO  - No valid license file for Data Hub found. Using free license, restricted to 1 policy.
2025-01-30 18:47:59,123 INFO c.h.h.t.HelmChartContainer - [test-hivemq-platform] [hivemq] [25e4569e] WARN  - [HiveMQ Platform Operator Init App 1.7.0-SNAPSHOT] Cannot connect to Health API for readiness: null
2025-01-30 18:47:59,127 INFO c.h.h.t.HelmChartContainer - [EVENT] Warning [Unhealthy] Readiness probe failed: HTTP probe failed with statuscode: 503 [helmupgradeextensionit:test-hivemq-platform-1]
2025-01-30 18:47:59,127 INFO c.h.h.t.HelmChartContainer - Received Unhealthy event for container hivemq in pod test-hivemq-platform-1 [25e4569e-d44c-41a2-8a37-428661d7b029]
2025-01-30 18:47:59,178 INFO c.h.h.t.HelmChartContainer - [hivemq-test-hivemq-platform] [hivemq-platform-operator] [56d0a44e] 18:47:59.175 [pool-6-thread-38] DEBUG c.h.p.o.d.PlatformServiceResource - [helmupgr] Desired Platform services (3 services)
2025-01-30 18:47:59,178 INFO c.h.h.t.HelmChartContainer - [hivemq-test-hivemq-platform] [hivemq-platform-operator] [56d0a44e] 18:47:59.175 [pool-6-thread-34] DEBUG c.h.p.o.dependants.PodInfoConfigMap - [helmupgr] Desired PodInfo ConfigMap (1 extensions) (1 enabled)
2025-01-30 18:47:59,179 INFO c.h.h.t.HelmChartContainer - [hivemq-test-hivemq-platform] [hivemq-platform-operator] [56d0a44e] 18:47:59.175 [pool-6-thread-34] DEBUG c.h.p.o.dependants.PodInfoConfigMap - [helmupgr] Desired PodInfo ConfigMap (metrics port: 9399) (metrics path: /)
2025-01-30 18:47:59,179 INFO c.h.h.t.HelmChartContainer - [hivemq-test-hivemq-platform] [hivemq-platform-operator] [56d0a44e] 18:47:59.175 [pool-6-thread-34] DEBUG c.h.p.o.dependants.PodInfoConfigMap - [helmupgr] Desired PodInfo ConfigMap (extension state hash: 1735936725)
2025-01-30 18:47:59,179 INFO c.h.h.t.HelmChartContainer - [hivemq-test-hivemq-platform] [hivemq-platform-operator] [56d0a44e] 18:47:59.176 [pool-6-thread-40] DEBUG c.h.p.o.d.PodServiceAccountResource - [helmupgr] Desired PodServiceAccountResource (serviceAccountName: hivemq-platform-pod-test-hivemq-platform)
2025-01-30 18:47:59,179 INFO c.h.h.t.HelmChartContainer - [hivemq-test-hivemq-platform] [hivemq-platform-operator] [56d0a44e] 18:47:59.179 [pool-6-thread-38] DEBUG c.h.p.o.d.StatefulSetResource - [helmupgr] Desired StatefulSet (2 replicas) for status ROLLING_RESTART (SURGE_IN_PROGRESS)
2025-01-30 18:47:59,183 INFO c.h.h.t.HelmChartContainer - [hivemq-test-hivemq-platform] [hivemq-platform-operator] [56d0a44e] 18:47:59.182 [ReconcilerExecutor-hivemq-controller-129] INFO  c.h.p.o.HiveMQPlatformReconciler - [helmupgr] Reconciling HiveMQ Platform 'test-hivemq-platform' in namespace 'helmupgradeextensionit'
2025-01-30 18:47:59,183 INFO c.h.h.t.HelmChartContainer - [hivemq-test-hivemq-platform] [hivemq-platform-operator] [56d0a44e] 18:47:59.182 [ReconcilerExecutor-hivemq-controller-129] DEBUG c.h.p.o.HiveMQPlatformReconciler - [helmupgr] Custom Resource Status ROLLING_RESTART - HiveMQ Platform is starting a surge Pod (rolling restart) (SURGE_IN_PROGRESS)
2025-01-30 18:47:59,183 INFO c.h.h.t.HelmChartContainer - [hivemq-test-hivemq-platform] [hivemq-platform-operator] [56d0a44e] 18:47:59.182 [ReconcilerExecutor-hivemq-controller-129] DEBUG c.h.p.o.HiveMQPlatformReconciler - [helmupgr] Custom Resource Spec (replicas: 1) (extensions: 1)
2025-01-30 18:47:59,184 INFO c.h.h.t.HelmChartContainer - [hivemq-test-hivemq-platform] [hivemq-platform-operator] [56d0a44e] 18:47:59.183 [ReconcilerExecutor-hivemq-controller-129] DEBUG c.h.p.o.HiveMQPlatformReconciler - [helmupgr] StatefulSet Status (revision: test-hivemq-platform-7c6d7d4d7b, replicas: 2, available: 1, ready: 1, current: 1, updated: 1)
2025-01-30 18:47:59,185 INFO c.h.h.t.HelmChartContainer - [hivemq-test-hivemq-platform] [hivemq-platform-operator] [56d0a44e] 18:47:59.184 [ReconcilerExecutor-hivemq-controller-129] DEBUG c.h.p.o.HiveMQPlatformReconciler - [helmupgr] StatefulSet Spec (replicas: 2, init containers: 1, containers: 1, volumes: 4)
2025-01-30 18:47:59,187 INFO c.h.h.t.HelmChartContainer - [hivemq-test-hivemq-platform] [hivemq-platform-operator] [56d0a44e] 18:47:59.186 [ReconcilerExecutor-hivemq-controller-129] DEBUG c.h.p.o.h.HiveMQPlatformReconcilerErrorHandler - [helmupgr] Pod 'test-hivemq-platform-1' phase Running
2025-01-30 18:47:59,188 INFO c.h.h.t.HelmChartContainer - [hivemq-test-hivemq-platform] [hivemq-platform-operator] [56d0a44e] 18:47:59.187 [ReconcilerExecutor-hivemq-controller-129] DEBUG c.h.p.o.h.HiveMQPlatformReconcilerErrorHandler - [helmupgr] Pod 'test-hivemq-platform-0' phase Running
2025-01-30 18:47:59,189 INFO c.h.h.t.HelmChartContainer - [hivemq-test-hivemq-platform] [hivemq-platform-operator] [56d0a44e] 18:47:59.188 [ReconcilerExecutor-hivemq-controller-129] DEBUG c.h.p.o.h.HiveMQPlatformReconcilerRollingRestartHandler - [helmupgr] Rolling restart is waiting for 1 of 2 replicas
2025-01-30 18:47:59,796 INFO c.h.h.t.HelmChartContainer - [test-hivemq-platform] [hivemq] [25e4569e] INFO  - Audit Logger started.
2025-01-30 18:48:00,122 INFO c.h.h.t.HelmChartContainer - [test-hivemq-platform] [hivemq] [25e4569e] INFO  - This node uses '1' CPU cores.
2025-01-30 18:48:00,198 INFO c.h.h.t.HelmChartContainer - [test-hivemq-platform] [hivemq] [25e4569e] INFO  - Starting HiveMQ Health API on address 0.0.0.0 and port 8889
2025-01-30 18:48:01,015 INFO c.h.h.t.HelmChartContainer - [test-hivemq-platform] [hivemq] [25e4569e] INFO  - Started HiveMQ Health API in 816ms
2025-01-30 18:48:01,814 INFO c.h.h.t.HelmChartContainer - [test-hivemq-platform] [hivemq] [25e4569e] INFO  - Starting HiveMQ extension system.
2025-01-30 18:48:02,787 INFO c.h.h.t.HelmChartContainer - [test-hivemq-platform] [hivemq] [e68ec15a] WARN  - Bridge Extension: Connect to bridge 'testbridge' failed for the 5 time, reason: connection timed out after 10000 ms: /172.17.0.3:1883
2025-01-30 18:48:03,697 INFO c.h.h.t.HelmChartContainer - [test-hivemq-platform] [hivemq] [25e4569e] INFO  - No license found for enterprise extension with name "HiveMQ Enterprise Bridge Extension". Entering extension trial mode. "HiveMQ Enterprise Bridge Extension" will be disabled in 5 hours.
2025-01-30 18:48:03,806 INFO c.h.h.t.HelmChartContainer - [test-hivemq-platform] [hivemq] [25e4569e] INFO  - Starting extension with id "hivemq-dns-cluster-discovery" at /opt/hivemq/extensions/hivemq-dns-cluster-discovery
2025-01-30 18:48:04,401 INFO c.h.h.t.HelmChartContainer - [test-hivemq-platform] [hivemq] [25e4569e] INFO  - Extension "DNS Cluster Discovery Extension" version 4.3.2 started successfully.
2025-01-30 18:48:04,402 INFO c.h.h.t.HelmChartContainer - [test-hivemq-platform] [hivemq] [25e4569e] INFO  - Starting extension with id "hivemq-bridge-extension" at /opt/hivemq/extensions/hivemq-bridge-extension
2025-01-30 18:48:04,577 INFO c.h.h.t.HelmChartContainer - [test-hivemq-platform] [hivemq] [25e4569e] INFO  - Using TCP cluster transport on address 10.42.0.9 and port 7000
2025-01-30 18:48:04,601 INFO c.h.h.t.HelmChartContainer - [test-hivemq-platform] [hivemq] [25e4569e] INFO  - Using extension cluster discovery
2025-01-30 18:48:05,164 INFO c.h.h.t.HelmChartContainer - [EVENT] Warning [Unhealthy] Readiness probe failed: Get "http://10.42.0.9:7979/readiness": context deadline exceeded (Client.Timeout exceeded while awaiting headers) [helmupgradeextensionit:test-hivemq-platform-1]
2025-01-30 18:48:05,164 INFO c.h.h.t.HelmChartContainer - Received Unhealthy event for container hivemq in pod test-hivemq-platform-1 [25e4569e-d44c-41a2-8a37-428661d7b029]
2025-01-30 18:48:05,699 INFO c.h.h.t.HelmChartContainer - [test-hivemq-platform] [hivemq] [25e4569e] INFO  - HiveMQ Enterprise Bridge Extension: Successfully loaded configuration from '/opt/hivemq/extensions/hivemq-bridge-extension/conf/config.xml'.
2025-01-30 18:48:05,897 INFO c.h.h.t.HelmChartContainer - [test-hivemq-platform] [hivemq] [25e4569e] INFO  - [HiveMQ Platform Operator Init App 1.7.0-SNAPSHOT] Returning Health API response 503 for readiness
2025-01-30 18:48:06,010 INFO c.h.h.t.HelmChartContainer - [test-hivemq-platform] [hivemq] [e68ec15a] INFO  - Cluster nodes found by discovery: [1AA7j|1] (2) [1AA7j, rtbin].
2025-01-30 18:48:06,202 INFO c.h.h.t.HelmChartContainer - [test-hivemq-platform] [hivemq] [25e4569e] INFO  - Cluster nodes found by discovery: [1AA7j|1] (2) [1AA7j, rtbin].
2025-01-30 18:48:06,600 INFO c.h.h.t.HelmChartContainer - [test-hivemq-platform] [hivemq] [25e4569e] INFO  - Cluster size = 1, members : [1AA7j].
2025-01-30 18:48:06,706 INFO c.h.h.t.HelmChartContainer - [test-hivemq-platform] [hivemq] [25e4569e] INFO  - Bridge Extension: Connecting to remote brokers...
2025-01-30 18:48:07,309 INFO c.h.h.t.HelmChartContainer - [test-hivemq-platform] [hivemq] [25e4569e] INFO  - Starting cluster join process. This may take a while. Please do not shut down HiveMQ.
2025-01-30 18:48:07,316 INFO c.h.h.t.HelmChartContainer - [test-hivemq-platform] [hivemq] [25e4569e] INFO  - Cluster join process is still ongoing. Please do not shut down HiveMQ.
2025-01-30 18:48:09,140 INFO c.h.h.t.HelmChartContainer - [EVENT] Warning [Unhealthy] Readiness probe failed: HTTP probe failed with statuscode: 503 [helmupgradeextensionit:test-hivemq-platform-1]
2025-01-30 18:48:09,140 INFO c.h.h.t.HelmChartContainer - Received Unhealthy event for container hivemq in pod test-hivemq-platform-1 [25e4569e-d44c-41a2-8a37-428661d7b029]
2025-01-30 18:48:09,194 INFO c.h.h.t.HelmChartContainer - [hivemq-test-hivemq-platform] [hivemq-platform-operator] [56d0a44e] 18:48:09.191 [pool-6-thread-44] DEBUG c.h.p.o.d.PlatformServiceResource - [helmupgr] Desired Platform services (3 services)
2025-01-30 18:48:09,194 INFO c.h.h.t.HelmChartContainer - [hivemq-test-hivemq-platform] [hivemq-platform-operator] [56d0a44e] 18:48:09.191 [pool-6-thread-48] DEBUG c.h.p.o.d.PodServiceAccountResource - [helmupgr] Desired PodServiceAccountResource (serviceAccountName: hivemq-platform-pod-test-hivemq-platform)
2025-01-30 18:48:09,194 INFO c.h.h.t.HelmChartContainer - [hivemq-test-hivemq-platform] [hivemq-platform-operator] [56d0a44e] 18:48:09.191 [pool-6-thread-50] DEBUG c.h.p.o.dependants.PodInfoConfigMap - [helmupgr] Desired PodInfo ConfigMap (1 extensions) (1 enabled)
2025-01-30 18:48:09,194 INFO c.h.h.t.HelmChartContainer - [hivemq-test-hivemq-platform] [hivemq-platform-operator] [56d0a44e] 18:48:09.191 [pool-6-thread-50] DEBUG c.h.p.o.dependants.PodInfoConfigMap - [helmupgr] Desired PodInfo ConfigMap (metrics port: 9399) (metrics path: /)
2025-01-30 18:48:09,194 INFO c.h.h.t.HelmChartContainer - [hivemq-test-hivemq-platform] [hivemq-platform-operator] [56d0a44e] 18:48:09.191 [pool-6-thread-50] DEBUG c.h.p.o.dependants.PodInfoConfigMap - [helmupgr] Desired PodInfo ConfigMap (extension state hash: 1735936725)
2025-01-30 18:48:09,196 INFO c.h.h.t.HelmChartContainer - [hivemq-test-hivemq-platform] [hivemq-platform-operator] [56d0a44e] 18:48:09.195 [pool-6-thread-44] DEBUG c.h.p.o.d.StatefulSetResource - [helmupgr] Desired StatefulSet (2 replicas) for status ROLLING_RESTART (SURGE_IN_PROGRESS)
2025-01-30 18:48:09,200 INFO c.h.h.t.HelmChartContainer - [hivemq-test-hivemq-platform] [hivemq-platform-operator] [56d0a44e] 18:48:09.198 [ReconcilerExecutor-hivemq-controller-130] INFO  c.h.p.o.HiveMQPlatformReconciler - [helmupgr] Reconciling HiveMQ Platform 'test-hivemq-platform' in namespace 'helmupgradeextensionit'
2025-01-30 18:48:09,200 INFO c.h.h.t.HelmChartContainer - [hivemq-test-hivemq-platform] [hivemq-platform-operator] [56d0a44e] 18:48:09.199 [ReconcilerExecutor-hivemq-controller-130] DEBUG c.h.p.o.HiveMQPlatformReconciler - [helmupgr] Custom Resource Status ROLLING_RESTART - HiveMQ Platform is starting a surge Pod (rolling restart) (SURGE_IN_PROGRESS)
2025-01-30 18:48:09,202 INFO c.h.h.t.HelmChartContainer - [hivemq-test-hivemq-platform] [hivemq-platform-operator] [56d0a44e] 18:48:09.199 [ReconcilerExecutor-hivemq-controller-130] DEBUG c.h.p.o.HiveMQPlatformReconciler - [helmupgr] Custom Resource Spec (replicas: 1) (extensions: 1)
2025-01-30 18:48:09,202 INFO c.h.h.t.HelmChartContainer - [hivemq-test-hivemq-platform] [hivemq-platform-operator] [56d0a44e] 18:48:09.200 [ReconcilerExecutor-hivemq-controller-130] DEBUG c.h.p.o.HiveMQPlatformReconciler - [helmupgr] StatefulSet Status (revision: test-hivemq-platform-7c6d7d4d7b, replicas: 2, available: 1, ready: 1, current: 1, updated: 1)
2025-01-30 18:48:09,202 INFO c.h.h.t.HelmChartContainer - [hivemq-test-hivemq-platform] [hivemq-platform-operator] [56d0a44e] 18:48:09.200 [ReconcilerExecutor-hivemq-controller-130] DEBUG c.h.p.o.HiveMQPlatformReconciler - [helmupgr] StatefulSet Spec (replicas: 2, init containers: 1, containers: 1, volumes: 4)
2025-01-30 18:48:09,203 INFO c.h.h.t.HelmChartContainer - [hivemq-test-hivemq-platform] [hivemq-platform-operator] [56d0a44e] 18:48:09.201 [ReconcilerExecutor-hivemq-controller-130] DEBUG c.h.p.o.h.HiveMQPlatformReconcilerErrorHandler - [helmupgr] Pod 'test-hivemq-platform-1' phase Running
2025-01-30 18:48:09,203 INFO c.h.h.t.HelmChartContainer - [hivemq-test-hivemq-platform] [hivemq-platform-operator] [56d0a44e] 18:48:09.202 [ReconcilerExecutor-hivemq-controller-130] DEBUG c.h.p.o.h.HiveMQPlatformReconcilerErrorHandler - [helmupgr] Pod 'test-hivemq-platform-0' phase Running
2025-01-30 18:48:09,204 INFO c.h.h.t.HelmChartContainer - [hivemq-test-hivemq-platform] [hivemq-platform-operator] [56d0a44e] 18:48:09.202 [ReconcilerExecutor-hivemq-controller-130] DEBUG c.h.p.o.h.HiveMQPlatformReconcilerRollingRestartHandler - [helmupgr] Rolling restart is waiting for 1 of 2 replicas
2025-01-30 18:48:09,321 INFO c.h.h.t.HelmChartContainer - [K3S] [range_allocator.go:247] "Successfully synced" key="5efb8701c4a9"
2025-01-30 18:48:09,323 INFO c.h.h.t.HelmChartContainer - [test-hivemq-platform] [hivemq] [e68ec15a] INFO  - Cluster size = 2, members : [1AA7j, rtbin].
2025-01-30 18:48:09,332 INFO c.h.h.t.HelmChartContainer - [test-hivemq-platform] [hivemq] [25e4569e] INFO  - Cluster size = 2, members : [1AA7j, rtbin].
2025-01-30 18:48:09,334 INFO c.h.h.t.HelmChartContainer - [test-hivemq-platform] [hivemq] [25e4569e] INFO  - Finished cluster join process successfully.
2025-01-30 18:48:09,467 INFO c.h.h.t.HelmChartContainer - [test-hivemq-platform] [hivemq] [e68ec15a] WARN  - Bridge Extension: Connect to bridge 'testbridge' failed for the 5 time, reason: connection timed out after 10000 ms: /172.17.0.3:1883
2025-01-30 18:48:14,128 INFO c.h.h.t.HelmChartContainer - [EVENT] Warning [Unhealthy] Readiness probe failed: HTTP probe failed with statuscode: 503 [helmupgradeextensionit:test-hivemq-platform-1]
2025-01-30 18:48:14,128 INFO c.h.h.t.HelmChartContainer - Received Unhealthy event for container hivemq in pod test-hivemq-platform-1 [25e4569e-d44c-41a2-8a37-428661d7b029]
2025-01-30 18:48:15,693 INFO c.h.h.t.HelmChartContainer - [test-hivemq-platform] [hivemq] [25e4569e] INFO  - [HiveMQ Platform Operator Init App 1.7.0-SNAPSHOT] Returning Health API response 200 for liveness
2025-01-30 18:48:17,602 INFO c.h.h.t.HelmChartContainer - [test-hivemq-platform] [hivemq] [25e4569e] WARN  - Bridge Extension: Connect to bridge 'testbridge' failed for the 1 time, reason: connection timed out after 10000 ms: /172.17.0.3:1883
2025-01-30 18:48:17,609 INFO c.h.h.t.HelmChartContainer - [test-hivemq-platform] [hivemq] [25e4569e] WARN  - Bridge Extension: Connect to bridge 'testbridge' failed for the 1 time, reason: connection timed out after 10000 ms: /172.17.0.3:1883
2025-01-30 18:48:19,128 INFO c.h.h.t.HelmChartContainer - [EVENT] Warning [Unhealthy] Readiness probe failed: HTTP probe failed with statuscode: 503 [helmupgradeextensionit:test-hivemq-platform-1]
2025-01-30 18:48:19,128 INFO c.h.h.t.HelmChartContainer - Received Unhealthy event for container hivemq in pod test-hivemq-platform-1 [25e4569e-d44c-41a2-8a37-428661d7b029]
2025-01-30 18:48:19,208 INFO c.h.h.t.HelmChartContainer - [hivemq-test-hivemq-platform] [hivemq-platform-operator] [56d0a44e] 18:48:19.205 [pool-6-thread-2] DEBUG c.h.p.o.d.PlatformServiceResource - [helmupgr] Desired Platform services (3 services)
2025-01-30 18:48:19,208 INFO c.h.h.t.HelmChartContainer - [hivemq-test-hivemq-platform] [hivemq-platform-operator] [56d0a44e] 18:48:19.207 [pool-6-thread-7] DEBUG c.h.p.o.d.PodServiceAccountResource - [helmupgr] Desired PodServiceAccountResource (serviceAccountName: hivemq-platform-pod-test-hivemq-platform)
2025-01-30 18:48:19,209 INFO c.h.h.t.HelmChartContainer - [hivemq-test-hivemq-platform] [hivemq-platform-operator] [56d0a44e] 18:48:19.208 [pool-6-thread-9] DEBUG c.h.p.o.dependants.PodInfoConfigMap - [helmupgr] Desired PodInfo ConfigMap (1 extensions) (1 enabled)
2025-01-30 18:48:19,209 INFO c.h.h.t.HelmChartContainer - [hivemq-test-hivemq-platform] [hivemq-platform-operator] [56d0a44e] 18:48:19.208 [pool-6-thread-9] DEBUG c.h.p.o.dependants.PodInfoConfigMap - [helmupgr] Desired PodInfo ConfigMap (metrics port: 9399) (metrics path: /)
2025-01-30 18:48:19,210 INFO c.h.h.t.HelmChartContainer - [hivemq-test-hivemq-platform] [hivemq-platform-operator] [56d0a44e] 18:48:19.208 [pool-6-thread-9] DEBUG c.h.p.o.dependants.PodInfoConfigMap - [helmupgr] Desired PodInfo ConfigMap (extension state hash: 1735936725)
2025-01-30 18:48:19,214 INFO c.h.h.t.HelmChartContainer - [hivemq-test-hivemq-platform] [hivemq-platform-operator] [56d0a44e] 18:48:19.213 [pool-6-thread-2] DEBUG c.h.p.o.d.StatefulSetResource - [helmupgr] Desired StatefulSet (2 replicas) for status ROLLING_RESTART (SURGE_IN_PROGRESS)
2025-01-30 18:48:19,217 INFO c.h.h.t.HelmChartContainer - [hivemq-test-hivemq-platform] [hivemq-platform-operator] [56d0a44e] 18:48:19.216 [ReconcilerExecutor-hivemq-controller-131] INFO  c.h.p.o.HiveMQPlatformReconciler - [helmupgr] Reconciling HiveMQ Platform 'test-hivemq-platform' in namespace 'helmupgradeextensionit'
2025-01-30 18:48:19,217 INFO c.h.h.t.HelmChartContainer - [hivemq-test-hivemq-platform] [hivemq-platform-operator] [56d0a44e] 18:48:19.216 [ReconcilerExecutor-hivemq-controller-131] DEBUG c.h.p.o.HiveMQPlatformReconciler - [helmupgr] Custom Resource Status ROLLING_RESTART - HiveMQ Platform is starting a surge Pod (rolling restart) (SURGE_IN_PROGRESS)
2025-01-30 18:48:19,217 INFO c.h.h.t.HelmChartContainer - [hivemq-test-hivemq-platform] [hivemq-platform-operator] [56d0a44e] 18:48:19.216 [ReconcilerExecutor-hivemq-controller-131] DEBUG c.h.p.o.HiveMQPlatformReconciler - [helmupgr] Custom Resource Spec (replicas: 1) (extensions: 1)
2025-01-30 18:48:19,219 INFO c.h.h.t.HelmChartContainer - [hivemq-test-hivemq-platform] [hivemq-platform-operator] [56d0a44e] 18:48:19.218 [ReconcilerExecutor-hivemq-controller-131] DEBUG c.h.p.o.HiveMQPlatformReconciler - [helmupgr] StatefulSet Status (revision: test-hivemq-platform-7c6d7d4d7b, replicas: 2, available: 1, ready: 1, current: 1, updated: 1)
2025-01-30 18:48:19,219 INFO c.h.h.t.HelmChartContainer - [hivemq-test-hivemq-platform] [hivemq-platform-operator] [56d0a44e] 18:48:19.218 [ReconcilerExecutor-hivemq-controller-131] DEBUG c.h.p.o.HiveMQPlatformReconciler - [helmupgr] StatefulSet Spec (replicas: 2, init containers: 1, containers: 1, volumes: 4)
2025-01-30 18:48:19,220 INFO c.h.h.t.HelmChartContainer - [hivemq-test-hivemq-platform] [hivemq-platform-operator] [56d0a44e] 18:48:19.219 [ReconcilerExecutor-hivemq-controller-131] DEBUG c.h.p.o.h.HiveMQPlatformReconcilerErrorHandler - [helmupgr] Pod 'test-hivemq-platform-1' phase Running
2025-01-30 18:48:19,221 INFO c.h.h.t.HelmChartContainer - [hivemq-test-hivemq-platform] [hivemq-platform-operator] [56d0a44e] 18:48:19.220 [ReconcilerExecutor-hivemq-controller-131] DEBUG c.h.p.o.h.HiveMQPlatformReconcilerErrorHandler - [helmupgr] Pod 'test-hivemq-platform-0' phase Running
2025-01-30 18:48:19,221 INFO c.h.h.t.HelmChartContainer - [hivemq-test-hivemq-platform] [hivemq-platform-operator] [56d0a44e] 18:48:19.220 [ReconcilerExecutor-hivemq-controller-131] DEBUG c.h.p.o.h.HiveMQPlatformReconcilerRollingRestartHandler - [helmupgr] Rolling restart is waiting for 1 of 2 replicas
2025-01-30 18:48:24,127 INFO c.h.h.t.HelmChartContainer - [EVENT] Warning [Unhealthy] Readiness probe failed: HTTP probe failed with statuscode: 503 [helmupgradeextensionit:test-hivemq-platform-1]
2025-01-30 18:48:24,127 INFO c.h.h.t.HelmChartContainer - Received Unhealthy event for container hivemq in pod test-hivemq-platform-1 [25e4569e-d44c-41a2-8a37-428661d7b029]
2025-01-30 18:48:29,127 INFO c.h.h.t.HelmChartContainer - [EVENT] Warning [Unhealthy] Readiness probe failed: HTTP probe failed with statuscode: 503 [helmupgradeextensionit:test-hivemq-platform-1]
2025-01-30 18:48:29,127 INFO c.h.h.t.HelmChartContainer - Received Unhealthy event for container hivemq in pod test-hivemq-platform-1 [25e4569e-d44c-41a2-8a37-428661d7b029]
2025-01-30 18:48:29,227 INFO c.h.h.t.HelmChartContainer - [hivemq-test-hivemq-platform] [hivemq-platform-operator] [56d0a44e] 18:48:29.225 [pool-6-thread-18] DEBUG c.h.p.o.d.PlatformServiceResource - [helmupgr] Desired Platform services (3 services)
2025-01-30 18:48:29,228 INFO c.h.h.t.HelmChartContainer - [hivemq-test-hivemq-platform] [hivemq-platform-operator] [56d0a44e] 18:48:29.226 [pool-6-thread-17] DEBUG c.h.p.o.d.PodServiceAccountResource - [helmupgr] Desired PodServiceAccountResource (serviceAccountName: hivemq-platform-pod-test-hivemq-platform)
2025-01-30 18:48:29,230 INFO c.h.h.t.HelmChartContainer - [hivemq-test-hivemq-platform] [hivemq-platform-operator] [56d0a44e] 18:48:29.227 [pool-6-thread-12] DEBUG c.h.p.o.dependants.PodInfoConfigMap - [helmupgr] Desired PodInfo ConfigMap (1 extensions) (1 enabled)
2025-01-30 18:48:29,230 INFO c.h.h.t.HelmChartContainer - [hivemq-test-hivemq-platform] [hivemq-platform-operator] [56d0a44e] 18:48:29.228 [pool-6-thread-12] DEBUG c.h.p.o.dependants.PodInfoConfigMap - [helmupgr] Desired PodInfo ConfigMap (metrics port: 9399) (metrics path: /)
2025-01-30 18:48:29,230 INFO c.h.h.t.HelmChartContainer - [hivemq-test-hivemq-platform] [hivemq-platform-operator] [56d0a44e] 18:48:29.229 [pool-6-thread-12] DEBUG c.h.p.o.dependants.PodInfoConfigMap - [helmupgr] Desired PodInfo ConfigMap (extension state hash: 1735936725)
2025-01-30 18:48:29,232 INFO c.h.h.t.HelmChartContainer - [hivemq-test-hivemq-platform] [hivemq-platform-operator] [56d0a44e] 18:48:29.231 [pool-6-thread-12] DEBUG c.h.p.o.d.StatefulSetResource - [helmupgr] Desired StatefulSet (2 replicas) for status ROLLING_RESTART (SURGE_IN_PROGRESS)
2025-01-30 18:48:29,236 INFO c.h.h.t.HelmChartContainer - [hivemq-test-hivemq-platform] [hivemq-platform-operator] [56d0a44e] 18:48:29.234 [ReconcilerExecutor-hivemq-controller-132] INFO  c.h.p.o.HiveMQPlatformReconciler - [helmupgr] Reconciling HiveMQ Platform 'test-hivemq-platform' in namespace 'helmupgradeextensionit'
2025-01-30 18:48:29,236 INFO c.h.h.t.HelmChartContainer - [hivemq-test-hivemq-platform] [hivemq-platform-operator] [56d0a44e] 18:48:29.235 [ReconcilerExecutor-hivemq-controller-132] DEBUG c.h.p.o.HiveMQPlatformReconciler - [helmupgr] Custom Resource Status ROLLING_RESTART - HiveMQ Platform is starting a surge Pod (rolling restart) (SURGE_IN_PROGRESS)
2025-01-30 18:48:29,236 INFO c.h.h.t.HelmChartContainer - [hivemq-test-hivemq-platform] [hivemq-platform-operator] [56d0a44e] 18:48:29.235 [ReconcilerExecutor-hivemq-controller-132] DEBUG c.h.p.o.HiveMQPlatformReconciler - [helmupgr] Custom Resource Spec (replicas: 1) (extensions: 1)
2025-01-30 18:48:29,237 INFO c.h.h.t.HelmChartContainer - [hivemq-test-hivemq-platform] [hivemq-platform-operator] [56d0a44e] 18:48:29.236 [ReconcilerExecutor-hivemq-controller-132] DEBUG c.h.p.o.HiveMQPlatformReconciler - [helmupgr] StatefulSet Status (revision: test-hivemq-platform-7c6d7d4d7b, replicas: 2, available: 1, ready: 1, current: 1, updated: 1)
2025-01-30 18:48:29,238 INFO c.h.h.t.HelmChartContainer - [hivemq-test-hivemq-platform] [hivemq-platform-operator] [56d0a44e] 18:48:29.236 [ReconcilerExecutor-hivemq-controller-132] DEBUG c.h.p.o.HiveMQPlatformReconciler - [helmupgr] StatefulSet Spec (replicas: 2, init containers: 1, containers: 1, volumes: 4)
2025-01-30 18:48:29,239 INFO c.h.h.t.HelmChartContainer - [hivemq-test-hivemq-platform] [hivemq-platform-operator] [56d0a44e] 18:48:29.238 [ReconcilerExecutor-hivemq-controller-132] DEBUG c.h.p.o.h.HiveMQPlatformReconcilerErrorHandler - [helmupgr] Pod 'test-hivemq-platform-1' phase Running
2025-01-30 18:48:29,239 INFO c.h.h.t.HelmChartContainer - [hivemq-test-hivemq-platform] [hivemq-platform-operator] [56d0a44e] 18:48:29.239 [ReconcilerExecutor-hivemq-controller-132] DEBUG c.h.p.o.h.HiveMQPlatformReconcilerErrorHandler - [helmupgr] Pod 'test-hivemq-platform-0' phase Running
2025-01-30 18:48:29,240 INFO c.h.h.t.HelmChartContainer - [hivemq-test-hivemq-platform] [hivemq-platform-operator] [56d0a44e] 18:48:29.239 [ReconcilerExecutor-hivemq-controller-132] DEBUG c.h.p.o.h.HiveMQPlatformReconcilerRollingRestartHandler - [helmupgr] Rolling restart is waiting for 1 of 2 replicas
2025-01-30 18:48:29,457 INFO c.h.h.t.HelmChartContainer - [test-hivemq-platform] [hivemq] [25e4569e] WARN  - Bridge Extension: Connect to bridge 'testbridge' failed for the 2 time, reason: connection timed out after 10000 ms: /172.17.0.3:1883
2025-01-30 18:48:29,618 INFO c.h.h.t.HelmChartContainer - [test-hivemq-platform] [hivemq] [25e4569e] WARN  - Bridge Extension: Connect to bridge 'testbridge' failed for the 2 time, reason: connection timed out after 10000 ms: /172.17.0.3:1883
2025-01-30 18:48:29,618 INFO c.h.h.t.HelmChartContainer - [test-hivemq-platform] [hivemq] [25e4569e] WARN  - Bridge Extension: Not all clients could connect successfully to remote brokers. The clients will retry the connection.
2025-01-30 18:48:29,636 INFO c.h.h.t.HelmChartContainer - [test-hivemq-platform] [hivemq] [25e4569e] INFO  - Extension "HiveMQ Enterprise Bridge Extension" version 4.36.0 started successfully.
2025-01-30 18:48:29,636 INFO c.h.h.t.HelmChartContainer - [test-hivemq-platform] [hivemq] [25e4569e] INFO  - Starting extension with id "hivemq-prometheus-extension" at /opt/hivemq/extensions/hivemq-prometheus-extension
2025-01-30 18:48:30,102 INFO c.h.h.t.HelmChartContainer - [test-hivemq-platform] [hivemq] [25e4569e] INFO  - Started Jetty Server exposing Prometheus Servlet on URI http://0.0.0.0:9399/
2025-01-30 18:48:30,103 INFO c.h.h.t.HelmChartContainer - [test-hivemq-platform] [hivemq] [25e4569e] INFO  - Extension "Prometheus Monitoring Extension" version 4.0.12 started successfully.
2025-01-30 18:48:30,103 INFO c.h.h.t.HelmChartContainer - [test-hivemq-platform] [hivemq] [25e4569e] INFO  - Starting extension with id "hivemq-allow-all-extension" at /opt/hivemq/extensions/hivemq-allow-all-extension
2025-01-30 18:48:30,103 INFO c.h.h.t.HelmChartContainer - [test-hivemq-platform] [hivemq] [25e4569e] WARN  - 
2025-01-30 18:48:30,103 INFO c.h.h.t.HelmChartContainer - [test-hivemq-platform] [hivemq] [25e4569e] ################################################################################################################
2025-01-30 18:48:30,103 INFO c.h.h.t.HelmChartContainer - [test-hivemq-platform] [hivemq] [25e4569e] # This HiveMQ deployment is not secure! You are lacking Authentication and Authorization.                      #
2025-01-30 18:48:30,103 INFO c.h.h.t.HelmChartContainer - [test-hivemq-platform] [hivemq] [25e4569e] # Right now any MQTT client can connect to the broker with a full set of permissions.                          #
2025-01-30 18:48:30,103 INFO c.h.h.t.HelmChartContainer - [test-hivemq-platform] [hivemq] [25e4569e] # For production usage, add an appropriate security extension and remove the hivemq-allow-all extension.       #
2025-01-30 18:48:30,103 INFO c.h.h.t.HelmChartContainer - [test-hivemq-platform] [hivemq] [25e4569e] # You can download security extensions from the HiveMQ Marketplace (https://www.hivemq.com/extensions/).       #
2025-01-30 18:48:30,103 INFO c.h.h.t.HelmChartContainer - [test-hivemq-platform] [hivemq] [25e4569e] ################################################################################################################
2025-01-30 18:48:30,103 INFO c.h.h.t.HelmChartContainer - [test-hivemq-platform] [hivemq] [25e4569e] INFO  - Extension "Allow All Extension" version 1.1.1 started successfully.
2025-01-30 18:48:30,105 INFO c.h.h.t.HelmChartContainer - [test-hivemq-platform] [hivemq] [25e4569e] WARN  - No user for HiveMQ Control Center configured. Starting with default user
2025-01-30 18:48:30,105 INFO c.h.h.t.HelmChartContainer - [test-hivemq-platform] [hivemq] [25e4569e] INFO  - Starting HiveMQ Control Center on address 0.0.0.0 and port 8080
2025-01-30 18:48:30,113 INFO c.h.h.t.HelmChartContainer - [test-hivemq-platform] [hivemq] [25e4569e] INFO  - Mounting HiveMQ Control Center V2 Preview
2025-01-30 18:48:30,807 INFO c.h.h.t.HelmChartContainer - [test-hivemq-platform] [hivemq] [25e4569e] INFO  - Started HiveMQ Control Center in 702ms
2025-01-30 18:48:30,906 INFO c.h.h.t.HelmChartContainer - [test-hivemq-platform] [hivemq] [25e4569e] INFO  - Starting TCP listener on address 0.0.0.0 and port 1883
2025-01-30 18:48:31,005 INFO c.h.h.t.HelmChartContainer - [test-hivemq-platform] [hivemq] [25e4569e] INFO  - Started TCP Listener on address 0.0.0.0 and on port 1883.
2025-01-30 18:48:31,005 INFO c.h.h.t.HelmChartContainer - [test-hivemq-platform] [hivemq] [25e4569e] INFO  - Started HiveMQ in 51291ms
2025-01-30 18:48:34,125 INFO c.h.h.t.HelmChartContainer - [test-hivemq-platform] [hivemq] [25e4569e] INFO  - [HiveMQ Platform Operator Init App 1.7.0-SNAPSHOT] Returning Health API response 200 for readiness
2025-01-30 18:48:34,141 INFO c.h.h.t.HelmChartContainer - [POD] test-hivemq-platform-1 [25e4569e-d44c-41a2-8a37-428661d7b029] in helmupgradeextensionit was MODIFIED
2025-01-30 18:48:34,154 INFO c.h.h.t.HelmChartContainer - [hivemq-test-hivemq-platform] [hivemq-platform-operator] [56d0a44e] 18:48:34.141 [pool-6-thread-24] DEBUG c.h.p.o.d.PlatformServiceResource - [helmupgr] Desired Platform services (3 services)
2025-01-30 18:48:34,154 INFO c.h.h.t.HelmChartContainer - [hivemq-test-hivemq-platform] [hivemq-platform-operator] [56d0a44e] 18:48:34.148 [pool-6-thread-25] DEBUG c.h.p.o.dependants.PodInfoConfigMap - [helmupgr] Desired PodInfo ConfigMap (1 extensions) (1 enabled)
2025-01-30 18:48:34,154 INFO c.h.h.t.HelmChartContainer - [hivemq-test-hivemq-platform] [hivemq-platform-operator] [56d0a44e] 18:48:34.148 [pool-6-thread-27] DEBUG c.h.p.o.d.PodServiceAccountResource - [helmupgr] Desired PodServiceAccountResource (serviceAccountName: hivemq-platform-pod-test-hivemq-platform)
2025-01-30 18:48:34,155 INFO c.h.h.t.HelmChartContainer - [hivemq-test-hivemq-platform] [hivemq-platform-operator] [56d0a44e] 18:48:34.148 [pool-6-thread-25] DEBUG c.h.p.o.dependants.PodInfoConfigMap - [helmupgr] Desired PodInfo ConfigMap (metrics port: 9399) (metrics path: /)
2025-01-30 18:48:34,155 INFO c.h.h.t.HelmChartContainer - [hivemq-test-hivemq-platform] [hivemq-platform-operator] [56d0a44e] 18:48:34.149 [pool-6-thread-25] DEBUG c.h.p.o.dependants.PodInfoConfigMap - [helmupgr] Desired PodInfo ConfigMap (extension state hash: 1735936725)
2025-01-30 18:48:34,155 INFO c.h.h.t.HelmChartContainer - [hivemq-test-hivemq-platform] [hivemq-platform-operator] [56d0a44e] 18:48:34.151 [pool-6-thread-24] DEBUG c.h.p.o.d.StatefulSetResource - [helmupgr] Desired StatefulSet (2 replicas) for status ROLLING_RESTART (SURGE_IN_PROGRESS)
2025-01-30 18:48:34,161 INFO c.h.h.t.HelmChartContainer - [hivemq-test-hivemq-platform] [hivemq-platform-operator] [56d0a44e] 18:48:34.154 [ReconcilerExecutor-hivemq-controller-135] INFO  c.h.p.o.HiveMQPlatformReconciler - [helmupgr] Reconciling HiveMQ Platform 'test-hivemq-platform' in namespace 'helmupgradeextensionit'
2025-01-30 18:48:34,161 INFO c.h.h.t.HelmChartContainer - [hivemq-test-hivemq-platform] [hivemq-platform-operator] [56d0a44e] 18:48:34.155 [ReconcilerExecutor-hivemq-controller-135] DEBUG c.h.p.o.HiveMQPlatformReconciler - [helmupgr] Custom Resource Status ROLLING_RESTART - HiveMQ Platform is starting a surge Pod (rolling restart) (SURGE_IN_PROGRESS)
2025-01-30 18:48:34,161 INFO c.h.h.t.HelmChartContainer - [hivemq-test-hivemq-platform] [hivemq-platform-operator] [56d0a44e] 18:48:34.155 [ReconcilerExecutor-hivemq-controller-135] DEBUG c.h.p.o.HiveMQPlatformReconciler - [helmupgr] Custom Resource Spec (replicas: 1) (extensions: 1)
2025-01-30 18:48:34,161 INFO c.h.h.t.HelmChartContainer - [hivemq-test-hivemq-platform] [hivemq-platform-operator] [56d0a44e] 18:48:34.157 [ReconcilerExecutor-hivemq-controller-135] DEBUG c.h.p.o.HiveMQPlatformReconciler - [helmupgr] StatefulSet Status (revision: test-hivemq-platform-7c6d7d4d7b, replicas: 2, available: 1, ready: 1, current: 1, updated: 1)
2025-01-30 18:48:34,164 INFO c.h.h.t.HelmChartContainer - [hivemq-test-hivemq-platform] [hivemq-platform-operator] [56d0a44e] 18:48:34.161 [ReconcilerExecutor-hivemq-controller-135] DEBUG c.h.p.o.HiveMQPlatformReconciler - [helmupgr] StatefulSet Spec (replicas: 2, init containers: 1, containers: 1, volumes: 4)
2025-01-30 18:48:34,169 INFO c.h.h.t.HelmChartContainer - [hivemq-test-hivemq-platform] [hivemq-platform-operator] [56d0a44e] 18:48:34.165 [ReconcilerExecutor-hivemq-controller-135] DEBUG c.h.p.o.h.HiveMQPlatformReconcilerErrorHandler - [helmupgr] Pod 'test-hivemq-platform-1' phase Running
2025-01-30 18:48:34,170 INFO c.h.h.t.HelmChartContainer - [hivemq-test-hivemq-platform] [hivemq-platform-operator] [56d0a44e] 18:48:34.166 [ReconcilerExecutor-hivemq-controller-135] DEBUG c.h.p.o.h.HiveMQPlatformReconcilerErrorHandler - [helmupgr] Pod 'test-hivemq-platform-0' phase Running
2025-01-30 18:48:34,170 INFO c.h.h.t.HelmChartContainer - [hivemq-test-hivemq-platform] [hivemq-platform-operator] [56d0a44e] 18:48:34.167 [ReconcilerExecutor-hivemq-controller-135] DEBUG c.h.p.o.h.HiveMQPlatformReconcilerRollingRestartHandler - [helmupgr] Rolling restart is waiting for 1 of 2 replicas
2025-01-30 18:48:34,240 INFO c.h.h.t.HelmChartContainer - [hivemq-test-hivemq-platform] [hivemq-platform-operator] [56d0a44e] 18:48:34.238 [pool-6-thread-31] DEBUG c.h.p.o.d.PlatformServiceResource - [helmupgr] Desired Platform services (3 services)
2025-01-30 18:48:34,240 INFO c.h.h.t.HelmChartContainer - [hivemq-test-hivemq-platform] [hivemq-platform-operator] [56d0a44e] 18:48:34.239 [pool-6-thread-34] DEBUG c.h.p.o.dependants.PodInfoConfigMap - [helmupgr] Desired PodInfo ConfigMap (1 extensions) (1 enabled)
2025-01-30 18:48:34,240 INFO c.h.h.t.HelmChartContainer - [hivemq-test-hivemq-platform] [hivemq-platform-operator] [56d0a44e] 18:48:34.239 [pool-6-thread-34] DEBUG c.h.p.o.dependants.PodInfoConfigMap - [helmupgr] Desired PodInfo ConfigMap (metrics port: 9399) (metrics path: /)
2025-01-30 18:48:34,240 INFO c.h.h.t.HelmChartContainer - [hivemq-test-hivemq-platform] [hivemq-platform-operator] [56d0a44e] 18:48:34.239 [pool-6-thread-34] DEBUG c.h.p.o.dependants.PodInfoConfigMap - [helmupgr] Desired PodInfo ConfigMap (extension state hash: 1735936725)
2025-01-30 18:48:34,241 INFO c.h.h.t.HelmChartContainer - [hivemq-test-hivemq-platform] [hivemq-platform-operator] [56d0a44e] 18:48:34.240 [pool-6-thread-34] DEBUG c.h.p.o.d.PodServiceAccountResource - [helmupgr] Desired PodServiceAccountResource (serviceAccountName: hivemq-platform-pod-test-hivemq-platform)
2025-01-30 18:48:34,253 INFO c.h.h.t.HelmChartContainer - [hivemq-test-hivemq-platform] [hivemq-platform-operator] [56d0a44e] 18:48:34.252 [pool-6-thread-31] DEBUG c.h.p.o.d.StatefulSetResource - [helmupgr] Desired StatefulSet (2 replicas) for status ROLLING_RESTART (SURGE_IN_PROGRESS)
2025-01-30 18:48:34,256 INFO c.h.h.t.HelmChartContainer - [hivemq-test-hivemq-platform] [hivemq-platform-operator] [56d0a44e] 18:48:34.254 [ReconcilerExecutor-hivemq-controller-136] INFO  c.h.p.o.HiveMQPlatformReconciler - [helmupgr] Reconciling HiveMQ Platform 'test-hivemq-platform' in namespace 'helmupgradeextensionit'
2025-01-30 18:48:34,257 INFO c.h.h.t.HelmChartContainer - [hivemq-test-hivemq-platform] [hivemq-platform-operator] [56d0a44e] 18:48:34.254 [ReconcilerExecutor-hivemq-controller-136] DEBUG c.h.p.o.HiveMQPlatformReconciler - [helmupgr] Custom Resource Status ROLLING_RESTART - HiveMQ Platform is starting a surge Pod (rolling restart) (SURGE_IN_PROGRESS)
2025-01-30 18:48:34,257 INFO c.h.h.t.HelmChartContainer - [hivemq-test-hivemq-platform] [hivemq-platform-operator] [56d0a44e] 18:48:34.254 [ReconcilerExecutor-hivemq-controller-136] DEBUG c.h.p.o.HiveMQPlatformReconciler - [helmupgr] Custom Resource Spec (replicas: 1) (extensions: 1)
2025-01-30 18:48:34,257 INFO c.h.h.t.HelmChartContainer - [hivemq-test-hivemq-platform] [hivemq-platform-operator] [56d0a44e] 18:48:34.255 [ReconcilerExecutor-hivemq-controller-136] DEBUG c.h.p.o.HiveMQPlatformReconciler - [helmupgr] StatefulSet Status (revision: test-hivemq-platform-7c6d7d4d7b, replicas: 2, available: 2, ready: 2, current: 1, updated: 1)
2025-01-30 18:48:34,257 INFO c.h.h.t.HelmChartContainer - [hivemq-test-hivemq-platform] [hivemq-platform-operator] [56d0a44e] 18:48:34.255 [ReconcilerExecutor-hivemq-controller-136] DEBUG c.h.p.o.HiveMQPlatformReconciler - [helmupgr] StatefulSet Spec (replicas: 2, init containers: 1, containers: 1, volumes: 4)
2025-01-30 18:48:34,258 INFO c.h.h.t.HelmChartContainer - [hivemq-test-hivemq-platform] [hivemq-platform-operator] [56d0a44e] 18:48:34.257 [ReconcilerExecutor-hivemq-controller-136] DEBUG c.h.p.o.h.HiveMQPlatformReconcilerErrorHandler - [helmupgr] Pod 'test-hivemq-platform-1' phase Running
2025-01-30 18:48:34,260 INFO c.h.h.t.HelmChartContainer - [hivemq-test-hivemq-platform] [hivemq-platform-operator] [56d0a44e] 18:48:34.259 [ReconcilerExecutor-hivemq-controller-136] DEBUG c.h.p.o.h.HiveMQPlatformReconcilerErrorHandler - [helmupgr] Pod 'test-hivemq-platform-0' phase Running
2025-01-30 18:48:34,261 INFO c.h.h.t.HelmChartContainer - [hivemq-test-hivemq-platform] [hivemq-platform-operator] [56d0a44e] 18:48:34.260 [ReconcilerExecutor-hivemq-controller-136] INFO  c.h.p.o.h.HiveMQPlatformReconcilerRollingRestartHandler - [helmupgr] Surge Pod started successfully
2025-01-30 18:48:34,359 INFO c.h.h.t.HelmChartContainer - [hivemq-test-hivemq-platform] [hivemq-platform-operator] [56d0a44e] 18:48:34.358 [ReconcilerExecutor-hivemq-controller-136] DEBUG c.h.p.operator.event.EventSender - [helmupgr] Creating K8s event rolling-restart-surge-in-progress: [RollingRestart] HiveMQ Platform is restarting Pods (rolling restart)
2025-01-30 18:48:34,363 INFO c.h.h.t.HelmChartContainer - [EVENT] Normal [RollingRestart] HiveMQ Platform is restarting Pods (rolling restart) [helmupgradeextensionit:test-hivemq-platform]
2025-01-30 18:48:34,364 INFO c.h.h.t.HelmChartContainer - [hivemq-test-hivemq-platform] [hivemq-platform-operator] [56d0a44e] 18:48:34.363 [ReconcilerExecutor-hivemq-controller-136] INFO  c.h.p.o.h.AbstractHiveMQReconcilerStateHandler - [helmupgr] Update HiveMQ Platform Status (ROLLING_RESTART [SURGE_IN_PROGRESS] -> ROLLING_RESTART [RESTART_PODS_IN_PROGRESS]): HiveMQ Platform is restarting Pods (rolling restart)
2025-01-30 18:48:34,370 DEBUG com.hivemq.helmcharts.util.K8sUtil - Comparing actual state 'ROLLING_RESTART' and waiting for 'RUNNING'
2025-01-30 18:48:39,772 INFO c.h.h.t.HelmChartContainer - [test-hivemq-platform] [hivemq] [e68ec15a] WARN  - Bridge Extension: Connect to bridge 'testbridge' failed for the 6 time, reason: connection timed out after 10000 ms: /172.17.0.3:1883
2025-01-30 18:48:43,607 INFO c.h.h.t.HelmChartContainer - [test-hivemq-platform] [hivemq] [25e4569e] WARN  - Bridge Extension: Connect to bridge 'testbridge' failed for the 3 time, reason: connection timed out after 10000 ms: /172.17.0.3:1883
2025-01-30 18:48:44,254 INFO c.h.h.t.HelmChartContainer - [test-hivemq-platform] [hivemq] [25e4569e] WARN  - Bridge Extension: Connect to bridge 'testbridge' failed for the 3 time, reason: connection timed out after 10000 ms: /172.17.0.3:1883
2025-01-30 18:48:44,444 INFO c.h.h.t.HelmChartContainer - [hivemq-test-hivemq-platform] [hivemq-platform-operator] [56d0a44e] 18:48:44.442 [pool-6-thread-46] DEBUG c.h.p.o.d.PlatformServiceResource - [helmupgr] Desired Platform services (3 services)
2025-01-30 18:48:44,444 INFO c.h.h.t.HelmChartContainer - [hivemq-test-hivemq-platform] [hivemq-platform-operator] [56d0a44e] 18:48:44.442 [pool-6-thread-42] DEBUG c.h.p.o.dependants.PodInfoConfigMap - [helmupgr] Desired PodInfo ConfigMap (1 extensions) (1 enabled)
2025-01-30 18:48:44,444 INFO c.h.h.t.HelmChartContainer - [hivemq-test-hivemq-platform] [hivemq-platform-operator] [56d0a44e] 18:48:44.442 [pool-6-thread-42] DEBUG c.h.p.o.dependants.PodInfoConfigMap - [helmupgr] Desired PodInfo ConfigMap (metrics port: 9399) (metrics path: /)
2025-01-30 18:48:44,444 INFO c.h.h.t.HelmChartContainer - [hivemq-test-hivemq-platform] [hivemq-platform-operator] [56d0a44e] 18:48:44.442 [pool-6-thread-42] DEBUG c.h.p.o.dependants.PodInfoConfigMap - [helmupgr] Desired PodInfo ConfigMap (extension state hash: 1735936725)
2025-01-30 18:48:44,444 INFO c.h.h.t.HelmChartContainer - [hivemq-test-hivemq-platform] [hivemq-platform-operator] [56d0a44e] 18:48:44.443 [pool-6-thread-43] DEBUG c.h.p.o.d.PodServiceAccountResource - [helmupgr] Desired PodServiceAccountResource (serviceAccountName: hivemq-platform-pod-test-hivemq-platform)
2025-01-30 18:48:44,448 INFO c.h.h.t.HelmChartContainer - [hivemq-test-hivemq-platform] [hivemq-platform-operator] [56d0a44e] 18:48:44.447 [pool-6-thread-46] DEBUG c.h.p.o.d.StatefulSetResource - [helmupgr] Desired StatefulSet (2 replicas) for status ROLLING_RESTART (RESTART_PODS_IN_PROGRESS)
2025-01-30 18:48:44,450 INFO c.h.h.t.HelmChartContainer - [hivemq-test-hivemq-platform] [hivemq-platform-operator] [56d0a44e] 18:48:44.449 [ReconcilerExecutor-hivemq-controller-137] INFO  c.h.p.o.HiveMQPlatformReconciler - [helmupgr] Reconciling HiveMQ Platform 'test-hivemq-platform' in namespace 'helmupgradeextensionit'
2025-01-30 18:48:44,450 INFO c.h.h.t.HelmChartContainer - [hivemq-test-hivemq-platform] [hivemq-platform-operator] [56d0a44e] 18:48:44.449 [ReconcilerExecutor-hivemq-controller-137] DEBUG c.h.p.o.HiveMQPlatformReconciler - [helmupgr] Custom Resource Status ROLLING_RESTART - HiveMQ Platform is restarting Pods (rolling restart) (RESTART_PODS_IN_PROGRESS)
2025-01-30 18:48:44,450 INFO c.h.h.t.HelmChartContainer - [hivemq-test-hivemq-platform] [hivemq-platform-operator] [56d0a44e] 18:48:44.449 [ReconcilerExecutor-hivemq-controller-137] DEBUG c.h.p.o.HiveMQPlatformReconciler - [helmupgr] Custom Resource Spec (replicas: 1) (extensions: 1)
2025-01-30 18:48:44,451 INFO c.h.h.t.HelmChartContainer - [hivemq-test-hivemq-platform] [hivemq-platform-operator] [56d0a44e] 18:48:44.451 [ReconcilerExecutor-hivemq-controller-137] DEBUG c.h.p.o.HiveMQPlatformReconciler - [helmupgr] StatefulSet Status (revision: test-hivemq-platform-7c6d7d4d7b, replicas: 2, available: 2, ready: 2, current: 1, updated: 1)
2025-01-30 18:48:44,451 INFO c.h.h.t.HelmChartContainer - [hivemq-test-hivemq-platform] [hivemq-platform-operator] [56d0a44e] 18:48:44.451 [ReconcilerExecutor-hivemq-controller-137] DEBUG c.h.p.o.HiveMQPlatformReconciler - [helmupgr] StatefulSet Spec (replicas: 2, init containers: 1, containers: 1, volumes: 4)
2025-01-30 18:48:44,453 INFO c.h.h.t.HelmChartContainer - [hivemq-test-hivemq-platform] [hivemq-platform-operator] [56d0a44e] 18:48:44.453 [ReconcilerExecutor-hivemq-controller-137] DEBUG c.h.p.o.h.HiveMQPlatformReconcilerErrorHandler - [helmupgr] Pod 'test-hivemq-platform-1' phase Running
2025-01-30 18:48:44,455 INFO c.h.h.t.HelmChartContainer - [hivemq-test-hivemq-platform] [hivemq-platform-operator] [56d0a44e] 18:48:44.453 [ReconcilerExecutor-hivemq-controller-137] DEBUG c.h.p.o.h.HiveMQPlatformReconcilerErrorHandler - [helmupgr] Pod 'test-hivemq-platform-0' phase Running
2025-01-30 18:48:44,460 INFO c.h.h.t.HelmChartContainer - [hivemq-test-hivemq-platform] [hivemq-platform-operator] [56d0a44e] 18:48:44.459 [ReconcilerExecutor-hivemq-controller-137] DEBUG c.h.p.o.h.HiveMQPlatformReconcilerRollingRestartHandler - [helmupgr] Skipping Pod test-hivemq-platform-1 as it's already on the controller update revision (update revision: test-hivemq-platform-7c6d7d4d7b, pod revision: test-hivemq-platform-7c6d7d4d7b)
2025-01-30 18:48:44,554 INFO c.h.h.t.HelmChartContainer - [hivemq-test-hivemq-platform] [hivemq-platform-operator] [56d0a44e] 18:48:44.552 [ReconcilerExecutor-hivemq-controller-137] DEBUG c.h.p.o.h.HiveMQPlatformReconcilerRollingRestartHandler - [helmupgr] The last Pod is running for 89 seconds, the next Pod can be restarted
2025-01-30 18:48:44,554 INFO c.h.h.t.HelmChartContainer - [hivemq-test-hivemq-platform] [hivemq-platform-operator] [56d0a44e] 18:48:44.552 [ReconcilerExecutor-hivemq-controller-137] INFO  c.h.p.o.h.HiveMQPlatformReconcilerRollingRestartHandler - [helmupgr] Restarting Pod test-hivemq-platform-0 as it's not matching the controller update revision (update revision: test-hivemq-platform-7c6d7d4d7b, pod revision: test-hivemq-platform-5b6c7575b6)
2025-01-30 18:48:44,565 INFO c.h.h.t.HelmChartContainer - [POD] test-hivemq-platform-0 [e68ec15a-5524-477a-a032-de18d4793e23] in helmupgradeextensionit was MODIFIED
2025-01-30 18:48:44,569 INFO c.h.h.t.HelmChartContainer - [EVENT] Normal [Killing] Stopping container hivemq [helmupgradeextensionit:test-hivemq-platform-0]
2025-01-30 18:48:44,569 INFO c.h.h.t.HelmChartContainer - Received Killing event for container hivemq in pod test-hivemq-platform-0 [e68ec15a-5524-477a-a032-de18d4793e23]
2025-01-30 18:48:44,569 INFO c.h.h.t.HelmChartContainer - Container [test-hivemq-platform-0] [hivemq] [e68ec15a-5524-477a-a032-de18d4793e23] was terminated
2025-01-30 18:48:44,569 INFO c.h.h.t.HelmChartContainer - Stopped log watcher for hivemq in pod test-hivemq-platform-0 [e68ec15a-5524-477a-a032-de18d4793e23]
2025-01-30 18:48:44,574 INFO c.h.h.t.HelmChartContainer - [test-hivemq-platform] [hivemq] [e68ec15a] INFO  - [HiveMQ Platform Operator Init App 1.7.0-SNAPSHOT] Shutting down
2025-01-30 18:48:44,578 INFO c.h.h.t.HelmChartContainer - [test-hivemq-platform] [hivemq] [e68ec15a] INFO  - [HiveMQ Platform Operator Init App 1.7.0-SNAPSHOT] Stopping the HiveMQ Platform
2025-01-30 18:48:44,649 INFO c.h.h.t.HelmChartContainer - [hivemq-test-hivemq-platform] [hivemq-platform-operator] [56d0a44e] 18:48:44.648 [pool-6-thread-3] DEBUG c.h.p.o.d.PlatformServiceResource - [helmupgr] Desired Platform services (3 services)
2025-01-30 18:48:44,652 INFO c.h.h.t.HelmChartContainer - [hivemq-test-hivemq-platform] [hivemq-platform-operator] [56d0a44e] 18:48:44.651 [pool-6-thread-10] DEBUG c.h.p.o.d.PodServiceAccountResource - [helmupgr] Desired PodServiceAccountResource (serviceAccountName: hivemq-platform-pod-test-hivemq-platform)
2025-01-30 18:48:44,654 INFO c.h.h.t.HelmChartContainer - [hivemq-test-hivemq-platform] [hivemq-platform-operator] [56d0a44e] 18:48:44.653 [pool-6-thread-7] DEBUG c.h.p.o.dependants.PodInfoConfigMap - [helmupgr] Desired PodInfo ConfigMap (1 extensions) (1 enabled)
2025-01-30 18:48:44,654 INFO c.h.h.t.HelmChartContainer - [hivemq-test-hivemq-platform] [hivemq-platform-operator] [56d0a44e] 18:48:44.653 [pool-6-thread-7] DEBUG c.h.p.o.dependants.PodInfoConfigMap - [helmupgr] Desired PodInfo ConfigMap (metrics port: 9399) (metrics path: /)
2025-01-30 18:48:44,654 INFO c.h.h.t.HelmChartContainer - [hivemq-test-hivemq-platform] [hivemq-platform-operator] [56d0a44e] 18:48:44.653 [pool-6-thread-7] DEBUG c.h.p.o.dependants.PodInfoConfigMap - [helmupgr] Desired PodInfo ConfigMap (extension state hash: 1735936725)
2025-01-30 18:48:44,656 INFO c.h.h.t.HelmChartContainer - [hivemq-test-hivemq-platform] [hivemq-platform-operator] [56d0a44e] 18:48:44.656 [pool-6-thread-10] DEBUG c.h.p.o.d.StatefulSetResource - [helmupgr] Desired StatefulSet (2 replicas) for status ROLLING_RESTART (RESTART_PODS_IN_PROGRESS)
2025-01-30 18:48:44,662 INFO c.h.h.t.HelmChartContainer - [hivemq-test-hivemq-platform] [hivemq-platform-operator] [56d0a44e] 18:48:44.660 [ReconcilerExecutor-hivemq-controller-138] INFO  c.h.p.o.HiveMQPlatformReconciler - [helmupgr] Reconciling HiveMQ Platform 'test-hivemq-platform' in namespace 'helmupgradeextensionit'
2025-01-30 18:48:44,663 INFO c.h.h.t.HelmChartContainer - [hivemq-test-hivemq-platform] [hivemq-platform-operator] [56d0a44e] 18:48:44.660 [ReconcilerExecutor-hivemq-controller-138] DEBUG c.h.p.o.HiveMQPlatformReconciler - [helmupgr] Custom Resource Status ROLLING_RESTART - HiveMQ Platform is restarting Pods (rolling restart) (RESTART_PODS_IN_PROGRESS)
2025-01-30 18:48:44,663 INFO c.h.h.t.HelmChartContainer - [hivemq-test-hivemq-platform] [hivemq-platform-operator] [56d0a44e] 18:48:44.660 [ReconcilerExecutor-hivemq-controller-138] DEBUG c.h.p.o.HiveMQPlatformReconciler - [helmupgr] Custom Resource Spec (replicas: 1) (extensions: 1)
2025-01-30 18:48:44,663 INFO c.h.h.t.HelmChartContainer - [hivemq-test-hivemq-platform] [hivemq-platform-operator] [56d0a44e] 18:48:44.661 [ReconcilerExecutor-hivemq-controller-138] DEBUG c.h.p.o.HiveMQPlatformReconciler - [helmupgr] StatefulSet Status (revision: test-hivemq-platform-7c6d7d4d7b, replicas: 2, available: 2, ready: 2, current: 0, updated: 1)
2025-01-30 18:48:44,663 INFO c.h.h.t.HelmChartContainer - [hivemq-test-hivemq-platform] [hivemq-platform-operator] [56d0a44e] 18:48:44.661 [ReconcilerExecutor-hivemq-controller-138] DEBUG c.h.p.o.HiveMQPlatformReconciler - [helmupgr] StatefulSet Spec (replicas: 2, init containers: 1, containers: 1, volumes: 4)
2025-01-30 18:48:44,664 INFO c.h.h.t.HelmChartContainer - [hivemq-test-hivemq-platform] [hivemq-platform-operator] [56d0a44e] 18:48:44.663 [ReconcilerExecutor-hivemq-controller-138] DEBUG c.h.p.o.h.HiveMQPlatformReconcilerErrorHandler - [helmupgr] Pod 'test-hivemq-platform-1' phase Running
2025-01-30 18:48:44,744 INFO c.h.h.t.HelmChartContainer - [hivemq-test-hivemq-platform] [hivemq-platform-operator] [56d0a44e] 18:48:44.739 [ReconcilerExecutor-hivemq-controller-138] DEBUG c.h.p.o.h.HiveMQPlatformReconcilerErrorHandler - [helmupgr] Pod 'test-hivemq-platform-0' phase Running
2025-01-30 18:48:44,748 INFO c.h.h.t.HelmChartContainer - [hivemq-test-hivemq-platform] [hivemq-platform-operator] [56d0a44e] 18:48:44.747 [ReconcilerExecutor-hivemq-controller-138] DEBUG c.h.p.o.h.HiveMQPlatformReconcilerRollingRestartHandler - [helmupgr] Skipping Pod test-hivemq-platform-1 as it's already on the controller update revision (update revision: test-hivemq-platform-7c6d7d4d7b, pod revision: test-hivemq-platform-7c6d7d4d7b)
2025-01-30 18:48:44,758 INFO c.h.h.t.HelmChartContainer - [test-hivemq-platform] [hivemq] [e68ec15a] INFO  - Shutting down HiveMQ. Please wait, this could take a while...
2025-01-30 18:48:44,763 INFO c.h.h.t.HelmChartContainer - [test-hivemq-platform] [hivemq] [e68ec15a] INFO  - Shutting down listeners and clients
2025-01-30 18:48:44,838 INFO c.h.h.t.HelmChartContainer - [test-hivemq-platform] [hivemq] [e68ec15a] INFO  - Shutdown of listeners is done
2025-01-30 18:48:44,838 INFO c.h.h.t.HelmChartContainer - [test-hivemq-platform] [hivemq] [e68ec15a] INFO  - No clients are connected, proceeding with shutdown
2025-01-30 18:48:44,843 INFO c.h.h.t.HelmChartContainer - [hivemq-test-hivemq-platform] [hivemq-platform-operator] [56d0a44e] 18:48:44.839 [ReconcilerExecutor-hivemq-controller-138] DEBUG c.h.p.o.h.HiveMQPlatformReconcilerRollingRestartHandler - [helmupgr] The last Pod is running for 89 seconds, the next Pod can be restarted
2025-01-30 18:48:44,843 INFO c.h.h.t.HelmChartContainer - [hivemq-test-hivemq-platform] [hivemq-platform-operator] [56d0a44e] 18:48:44.839 [ReconcilerExecutor-hivemq-controller-138] INFO  c.h.p.o.h.HiveMQPlatformReconcilerRollingRestartHandler - [helmupgr] Restarting Pod test-hivemq-platform-0 as it's not matching the controller update revision (update revision: test-hivemq-platform-7c6d7d4d7b, pod revision: test-hivemq-platform-5b6c7575b6)
2025-01-30 18:48:44,856 INFO c.h.h.t.HelmChartContainer - [hivemq-test-hivemq-platform] [hivemq-platform-operator] [56d0a44e] 18:48:44.853 [pool-6-thread-14] DEBUG c.h.p.o.d.PlatformServiceResource - [helmupgr] Desired Platform services (3 services)
2025-01-30 18:48:44,856 INFO c.h.h.t.HelmChartContainer - [hivemq-test-hivemq-platform] [hivemq-platform-operator] [56d0a44e] 18:48:44.855 [pool-6-thread-16] DEBUG c.h.p.o.dependants.PodInfoConfigMap - [helmupgr] Desired PodInfo ConfigMap (1 extensions) (1 enabled)
2025-01-30 18:48:44,857 INFO c.h.h.t.HelmChartContainer - [hivemq-test-hivemq-platform] [hivemq-platform-operator] [56d0a44e] 18:48:44.855 [pool-6-thread-13] DEBUG c.h.p.o.d.PodServiceAccountResource - [helmupgr] Desired PodServiceAccountResource (serviceAccountName: hivemq-platform-pod-test-hivemq-platform)
2025-01-30 18:48:44,857 INFO c.h.h.t.HelmChartContainer - [hivemq-test-hivemq-platform] [hivemq-platform-operator] [56d0a44e] 18:48:44.855 [pool-6-thread-16] DEBUG c.h.p.o.dependants.PodInfoConfigMap - [helmupgr] Desired PodInfo ConfigMap (metrics port: 9399) (metrics path: /)
2025-01-30 18:48:44,857 INFO c.h.h.t.HelmChartContainer - [hivemq-test-hivemq-platform] [hivemq-platform-operator] [56d0a44e] 18:48:44.855 [pool-6-thread-16] DEBUG c.h.p.o.dependants.PodInfoConfigMap - [helmupgr] Desired PodInfo ConfigMap (extension state hash: 1735936725)
2025-01-30 18:48:44,942 INFO c.h.h.t.HelmChartContainer - [hivemq-test-hivemq-platform] [hivemq-platform-operator] [56d0a44e] 18:48:44.941 [pool-6-thread-14] DEBUG c.h.p.o.d.StatefulSetResource - [helmupgr] Desired StatefulSet (2 replicas) for status ROLLING_RESTART (RESTART_PODS_IN_PROGRESS)
2025-01-30 18:48:44,946 INFO c.h.h.t.HelmChartContainer - [hivemq-test-hivemq-platform] [hivemq-platform-operator] [56d0a44e] 18:48:44.944 [ReconcilerExecutor-hivemq-controller-139] INFO  c.h.p.o.HiveMQPlatformReconciler - [helmupgr] Reconciling HiveMQ Platform 'test-hivemq-platform' in namespace 'helmupgradeextensionit'
2025-01-30 18:48:44,946 INFO c.h.h.t.HelmChartContainer - [hivemq-test-hivemq-platform] [hivemq-platform-operator] [56d0a44e] 18:48:44.944 [ReconcilerExecutor-hivemq-controller-139] DEBUG c.h.p.o.HiveMQPlatformReconciler - [helmupgr] Custom Resource Status ROLLING_RESTART - HiveMQ Platform is restarting Pods (rolling restart) (RESTART_PODS_IN_PROGRESS)
2025-01-30 18:48:44,946 INFO c.h.h.t.HelmChartContainer - [hivemq-test-hivemq-platform] [hivemq-platform-operator] [56d0a44e] 18:48:44.944 [ReconcilerExecutor-hivemq-controller-139] DEBUG c.h.p.o.HiveMQPlatformReconciler - [helmupgr] Custom Resource Spec (replicas: 1) (extensions: 1)
2025-01-30 18:48:44,946 INFO c.h.h.t.HelmChartContainer - [hivemq-test-hivemq-platform] [hivemq-platform-operator] [56d0a44e] 18:48:44.945 [ReconcilerExecutor-hivemq-controller-139] DEBUG c.h.p.o.HiveMQPlatformReconciler - [helmupgr] StatefulSet Status (revision: test-hivemq-platform-7c6d7d4d7b, replicas: 2, available: 2, ready: 2, current: 0, updated: 1)
2025-01-30 18:48:44,947 INFO c.h.h.t.HelmChartContainer - [hivemq-test-hivemq-platform] [hivemq-platform-operator] [56d0a44e] 18:48:44.946 [ReconcilerExecutor-hivemq-controller-139] DEBUG c.h.p.o.HiveMQPlatformReconciler - [helmupgr] StatefulSet Spec (replicas: 2, init containers: 1, containers: 1, volumes: 4)
2025-01-30 18:48:44,948 INFO c.h.h.t.HelmChartContainer - [hivemq-test-hivemq-platform] [hivemq-platform-operator] [56d0a44e] 18:48:44.947 [ReconcilerExecutor-hivemq-controller-139] DEBUG c.h.p.o.h.HiveMQPlatformReconcilerErrorHandler - [helmupgr] Pod 'test-hivemq-platform-1' phase Running
2025-01-30 18:48:44,949 INFO c.h.h.t.HelmChartContainer - [hivemq-test-hivemq-platform] [hivemq-platform-operator] [56d0a44e] 18:48:44.949 [ReconcilerExecutor-hivemq-controller-139] DEBUG c.h.p.o.h.HiveMQPlatformReconcilerErrorHandler - [helmupgr] Pod 'test-hivemq-platform-0' phase Running
2025-01-30 18:48:44,957 INFO c.h.h.t.HelmChartContainer - [hivemq-test-hivemq-platform] [hivemq-platform-operator] [56d0a44e] 18:48:44.956 [ReconcilerExecutor-hivemq-controller-139] DEBUG c.h.p.o.h.HiveMQPlatformReconcilerRollingRestartHandler - [helmupgr] Skipping Pod test-hivemq-platform-1 as it's already on the controller update revision (update revision: test-hivemq-platform-7c6d7d4d7b, pod revision: test-hivemq-platform-7c6d7d4d7b)
2025-01-30 18:48:45,040 INFO c.h.h.t.HelmChartContainer - [hivemq-test-hivemq-platform] [hivemq-platform-operator] [56d0a44e] 18:48:45.038 [ReconcilerExecutor-hivemq-controller-139] DEBUG c.h.p.o.h.HiveMQPlatformReconcilerRollingRestartHandler - [helmupgr] The last Pod is running for 90 seconds, the next Pod can be restarted
2025-01-30 18:48:45,041 INFO c.h.h.t.HelmChartContainer - [hivemq-test-hivemq-platform] [hivemq-platform-operator] [56d0a44e] 18:48:45.038 [ReconcilerExecutor-hivemq-controller-139] INFO  c.h.p.o.h.HiveMQPlatformReconcilerRollingRestartHandler - [helmupgr] Restarting Pod test-hivemq-platform-0 as it's not matching the controller update revision (update revision: test-hivemq-platform-7c6d7d4d7b, pod revision: test-hivemq-platform-5b6c7575b6)
2025-01-30 18:48:45,151 INFO c.h.h.t.HelmChartContainer - [test-hivemq-platform] [hivemq] [e68ec15a] INFO  - [HiveMQ Platform Operator Init App 1.7.0-SNAPSHOT] Returning shutdown Health API response 503 for readiness
2025-01-30 18:48:45,155 INFO c.h.h.t.HelmChartContainer - [EVENT] Warning [Unhealthy] Readiness probe failed: HTTP probe failed with statuscode: 503 [helmupgradeextensionit:test-hivemq-platform-0]
2025-01-30 18:48:45,155 INFO c.h.h.t.HelmChartContainer - Received Unhealthy event for container hivemq in pod test-hivemq-platform-0 [e68ec15a-5524-477a-a032-de18d4793e23]
2025-01-30 18:48:47,926 INFO c.h.h.t.HelmChartContainer - [test-hivemq-platform] [hivemq] [e68ec15a] INFO  - Shutting down extension system
2025-01-30 18:48:47,931 INFO c.h.h.t.HelmChartContainer - [test-hivemq-platform] [hivemq] [e68ec15a] INFO  - Stopping extension with id hivemq-dns-cluster-discovery
2025-01-30 18:48:47,932 INFO c.h.h.t.HelmChartContainer - [test-hivemq-platform] [hivemq] [e68ec15a] INFO  - Extension "DNS Cluster Discovery Extension" version 4.3.2 stopped successfully.
2025-01-30 18:48:47,933 INFO c.h.h.t.HelmChartContainer - [test-hivemq-platform] [hivemq] [e68ec15a] INFO  - Stopping extension with id hivemq-bridge-extension
2025-01-30 18:48:47,936 INFO c.h.h.t.HelmChartContainer - [test-hivemq-platform] [hivemq] [e68ec15a] INFO  - Bridge Extension: Stopping extension
2025-01-30 18:48:47,943 INFO c.h.h.t.HelmChartContainer - [test-hivemq-platform] [hivemq] [e68ec15a] ERROR - Bridge Extension: Error when disconnecting client "testbridge-0-7b69d489-01d6-4eba-b925-739495b8a000". Reason: MQTT client is not connected.
2025-01-30 18:48:47,944 INFO c.h.h.t.HelmChartContainer - [test-hivemq-platform] [hivemq] [e68ec15a] ERROR - Bridge Extension: Error when disconnecting client "testbridge-1-7b69d489-01d6-4eba-b925-739495b8a000". Reason: MQTT client is not connected.
2025-01-30 18:48:47,944 INFO c.h.h.t.HelmChartContainer - [test-hivemq-platform] [hivemq] [e68ec15a] INFO  - Extension "HiveMQ Enterprise Bridge Extension" version 4.36.0 stopped successfully.
2025-01-30 18:48:47,945 INFO c.h.h.t.HelmChartContainer - [test-hivemq-platform] [hivemq] [e68ec15a] INFO  - Stopping extension with id hivemq-prometheus-extension
2025-01-30 18:48:47,953 INFO c.h.h.t.HelmChartContainer - [test-hivemq-platform] [hivemq] [e68ec15a] INFO  - Extension "Prometheus Monitoring Extension" version 4.0.12 stopped successfully.
2025-01-30 18:48:47,953 INFO c.h.h.t.HelmChartContainer - [test-hivemq-platform] [hivemq] [e68ec15a] INFO  - Stopping extension with id hivemq-allow-all-extension
2025-01-30 18:48:47,953 INFO c.h.h.t.HelmChartContainer - [test-hivemq-platform] [hivemq] [e68ec15a] INFO  - Extension "Allow All Extension" version 1.1.1 stopped successfully.
2025-01-30 18:48:47,959 INFO c.h.h.t.HelmChartContainer - [test-hivemq-platform] [hivemq] [25e4569e] INFO  - Cluster nodes found by discovery: [rtbin|2] (1) [rtbin].
2025-01-30 18:48:47,963 INFO c.h.h.t.HelmChartContainer - [test-hivemq-platform] [hivemq] [25e4569e] INFO  - Cluster size = 1, members : [rtbin].
2025-01-30 18:48:50,155 INFO c.h.h.t.HelmChartContainer - [EVENT] Warning [Unhealthy] Readiness probe failed: HTTP probe failed with statuscode: 503 [helmupgradeextensionit:test-hivemq-platform-0]
2025-01-30 18:48:50,155 INFO c.h.h.t.HelmChartContainer - Received Unhealthy event for container hivemq in pod test-hivemq-platform-0 [e68ec15a-5524-477a-a032-de18d4793e23]
2025-01-30 18:48:50,337 INFO c.h.h.t.HelmChartContainer - [test-hivemq-platform] [hivemq] [e68ec15a] INFO  - Shutdown completed.
2025-01-30 18:48:50,697 INFO c.h.h.t.HelmChartContainer - [test-hivemq-platform] [hivemq] [e68ec15a] INFO  - [HiveMQ Platform Operator Init App 1.7.0-SNAPSHOT] The HiveMQ Platform exited with code 143
2025-01-30 18:48:50,697 INFO c.h.h.t.HelmChartContainer - [test-hivemq-platform] [hivemq] [e68ec15a] INFO  - [HiveMQ Platform Operator Init App 1.7.0-SNAPSHOT] Stopping the REST API
2025-01-30 18:48:50,738 INFO c.h.h.t.HelmChartContainer - [test-hivemq-platform] [hivemq] [e68ec15a] WARN  - [HiveMQ Platform Operator Init App 1.7.0-SNAPSHOT] Could not update Pod annotations: Operation: [get]  for kind: [Pod]  with name: [test-hivemq-platform-0]  in namespace: [helmupgradeextensionit]  failed.
2025-01-30 18:48:50,745 INFO c.h.h.t.HelmChartContainer - [test-hivemq-platform] [hivemq] [e68ec15a] INFO  - [HiveMQ Platform Operator Init App 1.7.0-SNAPSHOT] Shutdown complete
2025-01-30 18:48:51,184 INFO c.h.h.t.HelmChartContainer - [POD] test-hivemq-platform-0 [e68ec15a-5524-477a-a032-de18d4793e23] in helmupgradeextensionit was MODIFIED
2025-01-30 18:48:51,197 INFO c.h.h.t.HelmChartContainer - [hivemq-test-hivemq-platform] [hivemq-platform-operator] [56d0a44e] 18:48:51.187 [pool-6-thread-29] DEBUG c.h.p.o.d.PlatformServiceResource - [helmupgr] Desired Platform services (3 services)
2025-01-30 18:48:51,197 INFO c.h.h.t.HelmChartContainer - [hivemq-test-hivemq-platform] [hivemq-platform-operator] [56d0a44e] 18:48:51.189 [pool-6-thread-22] DEBUG c.h.p.o.dependants.PodInfoConfigMap - [helmupgr] Desired PodInfo ConfigMap (1 extensions) (1 enabled)
2025-01-30 18:48:51,197 INFO c.h.h.t.HelmChartContainer - [hivemq-test-hivemq-platform] [hivemq-platform-operator] [56d0a44e] 18:48:51.189 [pool-6-thread-22] DEBUG c.h.p.o.dependants.PodInfoConfigMap - [helmupgr] Desired PodInfo ConfigMap (metrics port: 9399) (metrics path: /)
2025-01-30 18:48:51,197 INFO c.h.h.t.HelmChartContainer - [hivemq-test-hivemq-platform] [hivemq-platform-operator] [56d0a44e] 18:48:51.189 [pool-6-thread-22] DEBUG c.h.p.o.dependants.PodInfoConfigMap - [helmupgr] Desired PodInfo ConfigMap (extension state hash: 1735936725)
2025-01-30 18:48:51,202 INFO c.h.h.t.HelmChartContainer - [hivemq-test-hivemq-platform] [hivemq-platform-operator] [56d0a44e] 18:48:51.193 [pool-6-thread-30] DEBUG c.h.p.o.d.PodServiceAccountResource - [helmupgr] Desired PodServiceAccountResource (serviceAccountName: hivemq-platform-pod-test-hivemq-platform)
2025-01-30 18:48:51,203 INFO c.h.h.t.HelmChartContainer - [hivemq-test-hivemq-platform] [hivemq-platform-operator] [56d0a44e] 18:48:51.200 [pool-6-thread-27] DEBUG c.h.p.o.d.StatefulSetResource - [helmupgr] Desired StatefulSet (2 replicas) for status ROLLING_RESTART (RESTART_PODS_IN_PROGRESS)
2025-01-30 18:48:51,209 INFO c.h.h.t.HelmChartContainer - [hivemq-test-hivemq-platform] [hivemq-platform-operator] [56d0a44e] 18:48:51.208 [ReconcilerExecutor-hivemq-controller-140] INFO  c.h.p.o.HiveMQPlatformReconciler - [helmupgr] Reconciling HiveMQ Platform 'test-hivemq-platform' in namespace 'helmupgradeextensionit'
2025-01-30 18:48:51,209 INFO c.h.h.t.HelmChartContainer - [hivemq-test-hivemq-platform] [hivemq-platform-operator] [56d0a44e] 18:48:51.208 [ReconcilerExecutor-hivemq-controller-140] DEBUG c.h.p.o.HiveMQPlatformReconciler - [helmupgr] Custom Resource Status ROLLING_RESTART - HiveMQ Platform is restarting Pods (rolling restart) (RESTART_PODS_IN_PROGRESS)
2025-01-30 18:48:51,212 INFO c.h.h.t.HelmChartContainer - [hivemq-test-hivemq-platform] [hivemq-platform-operator] [56d0a44e] 18:48:51.208 [ReconcilerExecutor-hivemq-controller-140] DEBUG c.h.p.o.HiveMQPlatformReconciler - [helmupgr] Custom Resource Spec (replicas: 1) (extensions: 1)
2025-01-30 18:48:51,212 INFO c.h.h.t.HelmChartContainer - [hivemq-test-hivemq-platform] [hivemq-platform-operator] [56d0a44e] 18:48:51.210 [ReconcilerExecutor-hivemq-controller-140] DEBUG c.h.p.o.HiveMQPlatformReconciler - [helmupgr] StatefulSet Status (revision: test-hivemq-platform-7c6d7d4d7b, replicas: 2, available: 1, ready: 1, current: 0, updated: 1)
2025-01-30 18:48:51,212 INFO c.h.h.t.HelmChartContainer - [hivemq-test-hivemq-platform] [hivemq-platform-operator] [56d0a44e] 18:48:51.210 [ReconcilerExecutor-hivemq-controller-140] DEBUG c.h.p.o.HiveMQPlatformReconciler - [helmupgr] StatefulSet Spec (replicas: 2, init containers: 1, containers: 1, volumes: 4)
2025-01-30 18:48:51,213 INFO c.h.h.t.HelmChartContainer - [hivemq-test-hivemq-platform] [hivemq-platform-operator] [56d0a44e] 18:48:51.211 [ReconcilerExecutor-hivemq-controller-140] DEBUG c.h.p.o.h.HiveMQPlatformReconcilerErrorHandler - [helmupgr] Pod 'test-hivemq-platform-1' phase Running
2025-01-30 18:48:51,214 INFO c.h.h.t.HelmChartContainer - [hivemq-test-hivemq-platform] [hivemq-platform-operator] [56d0a44e] 18:48:51.212 [ReconcilerExecutor-hivemq-controller-140] DEBUG c.h.p.o.h.HiveMQPlatformReconcilerErrorHandler - [helmupgr] Pod 'test-hivemq-platform-0' phase Failed
2025-01-30 18:48:51,214 INFO c.h.h.t.HelmChartContainer - [hivemq-test-hivemq-platform] [hivemq-platform-operator] [56d0a44e] 18:48:51.212 [ReconcilerExecutor-hivemq-controller-140] DEBUG c.h.p.o.h.HiveMQPlatformReconcilerErrorHandler - [helmupgr] Pod 'test-hivemq-platform-0' condition 'PodReadyToStartContainers': False
2025-01-30 18:48:51,214 INFO c.h.h.t.HelmChartContainer - [hivemq-test-hivemq-platform] [hivemq-platform-operator] [56d0a44e] 18:48:51.212 [ReconcilerExecutor-hivemq-controller-140] DEBUG c.h.p.o.h.HiveMQPlatformReconcilerErrorHandler - [helmupgr] Pod 'test-hivemq-platform-0' condition 'Initialized': True
2025-01-30 18:48:51,214 INFO c.h.h.t.HelmChartContainer - [hivemq-test-hivemq-platform] [hivemq-platform-operator] [56d0a44e] 18:48:51.212 [ReconcilerExecutor-hivemq-controller-140] DEBUG c.h.p.o.h.HiveMQPlatformReconcilerErrorHandler - [helmupgr] Pod 'test-hivemq-platform-0' condition 'Ready': False
2025-01-30 18:48:51,214 INFO c.h.h.t.HelmChartContainer - [hivemq-test-hivemq-platform] [hivemq-platform-operator] [56d0a44e] 18:48:51.212 [ReconcilerExecutor-hivemq-controller-140] DEBUG c.h.p.o.h.HiveMQPlatformReconcilerErrorHandler - [helmupgr] Pod 'test-hivemq-platform-0' condition 'ContainersReady': False
2025-01-30 18:48:51,214 INFO c.h.h.t.HelmChartContainer - [hivemq-test-hivemq-platform] [hivemq-platform-operator] [56d0a44e] 18:48:51.212 [ReconcilerExecutor-hivemq-controller-140] DEBUG c.h.p.o.h.HiveMQPlatformReconcilerErrorHandler - [helmupgr] Pod 'test-hivemq-platform-0' condition 'PodScheduled': True
2025-01-30 18:48:51,214 INFO c.h.h.t.HelmChartContainer - [hivemq-test-hivemq-platform] [hivemq-platform-operator] [56d0a44e] 18:48:51.212 [ReconcilerExecutor-hivemq-controller-140] DEBUG c.h.p.o.h.HiveMQPlatformReconcilerErrorHandler - [helmupgr] Pod 'test-hivemq-platform-0' containerStatus 'hivemq' (started: false) (ready: false) (waiting: [Unknown] no message)
2025-01-30 18:48:51,216 INFO c.h.h.t.HelmChartContainer - [hivemq-test-hivemq-platform] [hivemq-platform-operator] [56d0a44e] 18:48:51.213 [ReconcilerExecutor-hivemq-controller-140] DEBUG c.h.p.o.h.HiveMQPlatformReconcilerRollingRestartHandler - [helmupgr] Rolling restart is waiting for 1 of 2 replicas
2025-01-30 18:48:51,241 INFO c.h.h.t.HelmChartContainer - [hivemq-test-hivemq-platform] [hivemq-platform-operator] [56d0a44e] 18:48:51.240 [pool-6-thread-39] DEBUG c.h.p.o.dependants.PodInfoConfigMap - [helmupgr] Desired PodInfo ConfigMap (1 extensions) (1 enabled)
2025-01-30 18:48:51,241 INFO c.h.h.t.HelmChartContainer - [hivemq-test-hivemq-platform] [hivemq-platform-operator] [56d0a44e] 18:48:51.240 [pool-6-thread-39] DEBUG c.h.p.o.dependants.PodInfoConfigMap - [helmupgr] Desired PodInfo ConfigMap (metrics port: 9399) (metrics path: /)
2025-01-30 18:48:51,241 INFO c.h.h.t.HelmChartContainer - [hivemq-test-hivemq-platform] [hivemq-platform-operator] [56d0a44e] 18:48:51.240 [pool-6-thread-39] DEBUG c.h.p.o.dependants.PodInfoConfigMap - [helmupgr] Desired PodInfo ConfigMap (extension state hash: 1735936725)
2025-01-30 18:48:51,253 INFO c.h.h.t.HelmChartContainer - [hivemq-test-hivemq-platform] [hivemq-platform-operator] [56d0a44e] 18:48:51.252 [pool-6-thread-32] DEBUG c.h.p.o.d.PlatformServiceResource - [helmupgr] Desired Platform services (3 services)
2025-01-30 18:48:51,254 INFO c.h.h.t.HelmChartContainer - [hivemq-test-hivemq-platform] [hivemq-platform-operator] [56d0a44e] 18:48:51.252 [pool-6-thread-39] DEBUG c.h.p.o.d.PodServiceAccountResource - [helmupgr] Desired PodServiceAccountResource (serviceAccountName: hivemq-platform-pod-test-hivemq-platform)
2025-01-30 18:48:51,257 INFO c.h.h.t.HelmChartContainer - [hivemq-test-hivemq-platform] [hivemq-platform-operator] [56d0a44e] 18:48:51.256 [pool-6-thread-32] DEBUG c.h.p.o.d.StatefulSetResource - [helmupgr] Desired StatefulSet (2 replicas) for status ROLLING_RESTART (RESTART_PODS_IN_PROGRESS)
2025-01-30 18:48:51,260 INFO c.h.h.t.HelmChartContainer - [hivemq-test-hivemq-platform] [hivemq-platform-operator] [56d0a44e] 18:48:51.259 [ReconcilerExecutor-hivemq-controller-141] INFO  c.h.p.o.HiveMQPlatformReconciler - [helmupgr] Reconciling HiveMQ Platform 'test-hivemq-platform' in namespace 'helmupgradeextensionit'
2025-01-30 18:48:51,260 INFO c.h.h.t.HelmChartContainer - [hivemq-test-hivemq-platform] [hivemq-platform-operator] [56d0a44e] 18:48:51.259 [ReconcilerExecutor-hivemq-controller-141] DEBUG c.h.p.o.HiveMQPlatformReconciler - [helmupgr] Custom Resource Status ROLLING_RESTART - HiveMQ Platform is restarting Pods (rolling restart) (RESTART_PODS_IN_PROGRESS)
2025-01-30 18:48:51,261 INFO c.h.h.t.HelmChartContainer - [hivemq-test-hivemq-platform] [hivemq-platform-operator] [56d0a44e] 18:48:51.259 [ReconcilerExecutor-hivemq-controller-141] DEBUG c.h.p.o.HiveMQPlatformReconciler - [helmupgr] Custom Resource Spec (replicas: 1) (extensions: 1)
2025-01-30 18:48:51,261 INFO c.h.h.t.HelmChartContainer - [hivemq-test-hivemq-platform] [hivemq-platform-operator] [56d0a44e] 18:48:51.260 [ReconcilerExecutor-hivemq-controller-141] DEBUG c.h.p.o.HiveMQPlatformReconciler - [helmupgr] StatefulSet Status (revision: test-hivemq-platform-7c6d7d4d7b, replicas: 2, available: 1, ready: 1, current: 0, updated: 1)
2025-01-30 18:48:51,261 INFO c.h.h.t.HelmChartContainer - [hivemq-test-hivemq-platform] [hivemq-platform-operator] [56d0a44e] 18:48:51.260 [ReconcilerExecutor-hivemq-controller-141] DEBUG c.h.p.o.HiveMQPlatformReconciler - [helmupgr] StatefulSet Spec (replicas: 2, init containers: 1, containers: 1, volumes: 4)
2025-01-30 18:48:51,263 INFO c.h.h.t.HelmChartContainer - [hivemq-test-hivemq-platform] [hivemq-platform-operator] [56d0a44e] 18:48:51.261 [ReconcilerExecutor-hivemq-controller-141] DEBUG c.h.p.o.h.HiveMQPlatformReconcilerErrorHandler - [helmupgr] Pod 'test-hivemq-platform-1' phase Running
2025-01-30 18:48:51,263 INFO c.h.h.t.HelmChartContainer - [hivemq-test-hivemq-platform] [hivemq-platform-operator] [56d0a44e] 18:48:51.262 [ReconcilerExecutor-hivemq-controller-141] DEBUG c.h.p.o.h.HiveMQPlatformReconcilerErrorHandler - [helmupgr] Pod 'test-hivemq-platform-0' phase Failed
2025-01-30 18:48:51,264 INFO c.h.h.t.HelmChartContainer - [hivemq-test-hivemq-platform] [hivemq-platform-operator] [56d0a44e] 18:48:51.263 [ReconcilerExecutor-hivemq-controller-141] DEBUG c.h.p.o.h.HiveMQPlatformReconcilerErrorHandler - [helmupgr] Pod 'test-hivemq-platform-0' condition 'PodReadyToStartContainers': False
2025-01-30 18:48:51,264 INFO c.h.h.t.HelmChartContainer - [hivemq-test-hivemq-platform] [hivemq-platform-operator] [56d0a44e] 18:48:51.263 [ReconcilerExecutor-hivemq-controller-141] DEBUG c.h.p.o.h.HiveMQPlatformReconcilerErrorHandler - [helmupgr] Pod 'test-hivemq-platform-0' condition 'Initialized': True
2025-01-30 18:48:51,264 INFO c.h.h.t.HelmChartContainer - [hivemq-test-hivemq-platform] [hivemq-platform-operator] [56d0a44e] 18:48:51.263 [ReconcilerExecutor-hivemq-controller-141] DEBUG c.h.p.o.h.HiveMQPlatformReconcilerErrorHandler - [helmupgr] Pod 'test-hivemq-platform-0' condition 'Ready': False
2025-01-30 18:48:51,264 INFO c.h.h.t.HelmChartContainer - [hivemq-test-hivemq-platform] [hivemq-platform-operator] [56d0a44e] 18:48:51.263 [ReconcilerExecutor-hivemq-controller-141] DEBUG c.h.p.o.h.HiveMQPlatformReconcilerErrorHandler - [helmupgr] Pod 'test-hivemq-platform-0' condition 'ContainersReady': False
2025-01-30 18:48:51,264 INFO c.h.h.t.HelmChartContainer - [hivemq-test-hivemq-platform] [hivemq-platform-operator] [56d0a44e] 18:48:51.263 [ReconcilerExecutor-hivemq-controller-141] DEBUG c.h.p.o.h.HiveMQPlatformReconcilerErrorHandler - [helmupgr] Pod 'test-hivemq-platform-0' condition 'PodScheduled': True
2025-01-30 18:48:51,264 INFO c.h.h.t.HelmChartContainer - [hivemq-test-hivemq-platform] [hivemq-platform-operator] [56d0a44e] 18:48:51.263 [ReconcilerExecutor-hivemq-controller-141] DEBUG c.h.p.o.h.HiveMQPlatformReconcilerErrorHandler - [helmupgr] Pod 'test-hivemq-platform-0' containerStatus 'hivemq' (started: false) (ready: false) (waiting: [Unknown] no message)
2025-01-30 18:48:51,264 INFO c.h.h.t.HelmChartContainer - [hivemq-test-hivemq-platform] [hivemq-platform-operator] [56d0a44e] 18:48:51.263 [ReconcilerExecutor-hivemq-controller-141] DEBUG c.h.p.o.h.HiveMQPlatformReconcilerRollingRestartHandler - [helmupgr] Rolling restart is waiting for 1 of 2 replicas
2025-01-30 18:48:51,331 INFO c.h.h.t.HelmChartContainer - [K3S] [reconciler_common.go:162] "operationExecutor.UnmountVolume started for volume \"pod-info\" (UniqueName: \"kubernetes.io/configmap/e68ec15a-5524-477a-a032-de18d4793e23-pod-info\") pod \"e68ec15a-5524-477a-a032-de18d4793e23\" (UID: \"e68ec15a-5524-477a-a032-de18d4793e23\") "
2025-01-30 18:48:51,331 INFO c.h.h.t.HelmChartContainer - [K3S] [reconciler_common.go:162] "operationExecutor.UnmountVolume started for volume \"extension-configuration-hivemq-bridge-extension\" (UniqueName: \"kubernetes.io/configmap/e68ec15a-5524-477a-a032-de18d4793e23-extension-configuration-hivemq-bridge-extension\") pod \"e68ec15a-5524-477a-a032-de18d4793e23\" (UID: \"e68ec15a-5524-477a-a032-de18d4793e23\") "
2025-01-30 18:48:51,331 INFO c.h.h.t.HelmChartContainer - [K3S] [reconciler_common.go:162] "operationExecutor.UnmountVolume started for volume \"kube-api-access-vgcvm\" (UniqueName: \"kubernetes.io/projected/e68ec15a-5524-477a-a032-de18d4793e23-kube-api-access-vgcvm\") pod \"e68ec15a-5524-477a-a032-de18d4793e23\" (UID: \"e68ec15a-5524-477a-a032-de18d4793e23\") "
2025-01-30 18:48:51,331 INFO c.h.h.t.HelmChartContainer - [K3S] [reconciler_common.go:162] "operationExecutor.UnmountVolume started for volume \"broker-configuration\" (UniqueName: \"kubernetes.io/configmap/e68ec15a-5524-477a-a032-de18d4793e23-broker-configuration\") pod \"e68ec15a-5524-477a-a032-de18d4793e23\" (UID: \"e68ec15a-5524-477a-a032-de18d4793e23\") "
2025-01-30 18:48:51,331 INFO c.h.h.t.HelmChartContainer - [K3S] [reconciler_common.go:162] "operationExecutor.UnmountVolume started for volume \"operator-init\" (UniqueName: \"kubernetes.io/empty-dir/e68ec15a-5524-477a-a032-de18d4793e23-operator-init\") pod \"e68ec15a-5524-477a-a032-de18d4793e23\" (UID: \"e68ec15a-5524-477a-a032-de18d4793e23\") "
2025-01-30 18:48:51,432 INFO c.h.h.t.HelmChartContainer - [K3S] [reconciler_common.go:299] "Volume detached for volume \"pod-info\" (UniqueName: \"kubernetes.io/configmap/e68ec15a-5524-477a-a032-de18d4793e23-pod-info\") on node \"5efb8701c4a9\" DevicePath \"\""
2025-01-30 18:48:51,432 INFO c.h.h.t.HelmChartContainer - [K3S] [reconciler_common.go:299] "Volume detached for volume \"extension-configuration-hivemq-bridge-extension\" (UniqueName: \"kubernetes.io/configmap/e68ec15a-5524-477a-a032-de18d4793e23-extension-configuration-hivemq-bridge-extension\") on node \"5efb8701c4a9\" DevicePath \"\""
2025-01-30 18:48:51,432 INFO c.h.h.t.HelmChartContainer - [K3S] [reconciler_common.go:299] "Volume detached for volume \"kube-api-access-vgcvm\" (UniqueName: \"kubernetes.io/projected/e68ec15a-5524-477a-a032-de18d4793e23-kube-api-access-vgcvm\") on node \"5efb8701c4a9\" DevicePath \"\""
2025-01-30 18:48:51,432 INFO c.h.h.t.HelmChartContainer - [K3S] [reconciler_common.go:299] "Volume detached for volume \"broker-configuration\" (UniqueName: \"kubernetes.io/configmap/e68ec15a-5524-477a-a032-de18d4793e23-broker-configuration\") on node \"5efb8701c4a9\" DevicePath \"\""
2025-01-30 18:48:51,432 INFO c.h.h.t.HelmChartContainer - [K3S] [reconciler_common.go:299] "Volume detached for volume \"operator-init\" (UniqueName: \"kubernetes.io/empty-dir/e68ec15a-5524-477a-a032-de18d4793e23-operator-init\") on node \"5efb8701c4a9\" DevicePath \"\""
2025-01-30 18:48:51,931 INFO c.h.h.t.HelmChartContainer - [K3S] [scope.go:117] "RemoveContainer" containerID="1b1561fc8aa83bf45fb0d765417e8373dfaa5c147e87315f1b95dcb3f2d81a8e"
2025-01-30 18:48:51,952 INFO c.h.h.t.HelmChartContainer - [POD] test-hivemq-platform-0 [e68ec15a-5524-477a-a032-de18d4793e23] in helmupgradeextensionit was MODIFIED
2025-01-30 18:48:51,962 INFO c.h.h.t.HelmChartContainer - [hivemq-test-hivemq-platform] [hivemq-platform-operator] [56d0a44e] 18:48:51.957 [pool-6-thread-48] DEBUG c.h.p.o.d.PlatformServiceResource - [helmupgr] Desired Platform services (3 services)
2025-01-30 18:48:51,962 INFO c.h.h.t.HelmChartContainer - [hivemq-test-hivemq-platform] [hivemq-platform-operator] [56d0a44e] 18:48:51.958 [pool-6-thread-42] DEBUG c.h.p.o.dependants.PodInfoConfigMap - [helmupgr] Desired PodInfo ConfigMap (1 extensions) (1 enabled)
2025-01-30 18:48:51,962 INFO c.h.h.t.HelmChartContainer - [hivemq-test-hivemq-platform] [hivemq-platform-operator] [56d0a44e] 18:48:51.958 [pool-6-thread-42] DEBUG c.h.p.o.dependants.PodInfoConfigMap - [helmupgr] Desired PodInfo ConfigMap (metrics port: 9399) (metrics path: /)
2025-01-30 18:48:51,962 INFO c.h.h.t.HelmChartContainer - [hivemq-test-hivemq-platform] [hivemq-platform-operator] [56d0a44e] 18:48:51.958 [pool-6-thread-42] DEBUG c.h.p.o.dependants.PodInfoConfigMap - [helmupgr] Desired PodInfo ConfigMap (extension state hash: 1735936725)
2025-01-30 18:48:51,966 INFO c.h.h.t.HelmChartContainer - [POD] test-hivemq-platform-0 [e68ec15a-5524-477a-a032-de18d4793e23] in helmupgradeextensionit was DELETED
2025-01-30 18:48:51,973 INFO c.h.h.t.HelmChartContainer - [hivemq-test-hivemq-platform] [hivemq-platform-operator] [56d0a44e] 18:48:51.961 [pool-6-thread-50] DEBUG c.h.p.o.d.PodServiceAccountResource - [helmupgr] Desired PodServiceAccountResource (serviceAccountName: hivemq-platform-pod-test-hivemq-platform)
2025-01-30 18:48:51,980 INFO c.h.h.t.HelmChartContainer - [hivemq-test-hivemq-platform] [hivemq-platform-operator] [56d0a44e] 18:48:51.978 [pool-6-thread-50] DEBUG c.h.p.o.d.StatefulSetResource - [helmupgr] Desired StatefulSet (2 replicas) for status ROLLING_RESTART (RESTART_PODS_IN_PROGRESS)
2025-01-30 18:48:51,988 INFO c.h.h.t.HelmChartContainer - [POD] test-hivemq-platform-0 [7e81ed0d-5468-4c98-b726-785d1befd1f0] in helmupgradeextensionit was ADDED
2025-01-30 18:48:51,994 INFO c.h.h.t.HelmChartContainer - [EVENT] Normal [SuccessfulCreate] create Pod test-hivemq-platform-0 in StatefulSet test-hivemq-platform successful [helmupgradeextensionit:test-hivemq-platform]
2025-01-30 18:48:51,998 INFO c.h.h.t.HelmChartContainer - [POD] test-hivemq-platform-0 [7e81ed0d-5468-4c98-b726-785d1befd1f0] in helmupgradeextensionit was MODIFIED
2025-01-30 18:48:52,002 INFO c.h.h.t.HelmChartContainer - [K3S] [memory_manager.go:355] "RemoveStaleState removing state" podUID="e68ec15a-5524-477a-a032-de18d4793e23" containerName="hivemq"
2025-01-30 18:48:52,008 INFO c.h.h.t.HelmChartContainer - [EVENT] Normal [Scheduled] Successfully assigned helmupgradeextensionit/test-hivemq-platform-0 to 5efb8701c4a9 [helmupgradeextensionit:test-hivemq-platform-0]
2025-01-30 18:48:52,022 INFO c.h.h.t.HelmChartContainer - [POD] test-hivemq-platform-0 [7e81ed0d-5468-4c98-b726-785d1befd1f0] in helmupgradeextensionit was MODIFIED
2025-01-30 18:48:52,042 INFO c.h.h.t.HelmChartContainer - [hivemq-test-hivemq-platform] [hivemq-platform-operator] [56d0a44e] 18:48:52.038 [ReconcilerExecutor-hivemq-controller-142] INFO  c.h.p.o.HiveMQPlatformReconciler - [helmupgr] Reconciling HiveMQ Platform 'test-hivemq-platform' in namespace 'helmupgradeextensionit'
2025-01-30 18:48:52,042 INFO c.h.h.t.HelmChartContainer - [hivemq-test-hivemq-platform] [hivemq-platform-operator] [56d0a44e] 18:48:52.038 [ReconcilerExecutor-hivemq-controller-142] DEBUG c.h.p.o.HiveMQPlatformReconciler - [helmupgr] Custom Resource Status ROLLING_RESTART - HiveMQ Platform is restarting Pods (rolling restart) (RESTART_PODS_IN_PROGRESS)
2025-01-30 18:48:52,042 INFO c.h.h.t.HelmChartContainer - [hivemq-test-hivemq-platform] [hivemq-platform-operator] [56d0a44e] 18:48:52.038 [ReconcilerExecutor-hivemq-controller-142] DEBUG c.h.p.o.HiveMQPlatformReconciler - [helmupgr] Custom Resource Spec (replicas: 1) (extensions: 1)
2025-01-30 18:48:52,042 INFO c.h.h.t.HelmChartContainer - [hivemq-test-hivemq-platform] [hivemq-platform-operator] [56d0a44e] 18:48:52.040 [ReconcilerExecutor-hivemq-controller-142] DEBUG c.h.p.o.HiveMQPlatformReconciler - [helmupgr] StatefulSet Status (revision: test-hivemq-platform-7c6d7d4d7b, replicas: 2, available: 1, ready: 1, current: 0, updated: 1)
2025-01-30 18:48:52,042 INFO c.h.h.t.HelmChartContainer - [hivemq-test-hivemq-platform] [hivemq-platform-operator] [56d0a44e] 18:48:52.040 [ReconcilerExecutor-hivemq-controller-142] DEBUG c.h.p.o.HiveMQPlatformReconciler - [helmupgr] StatefulSet Spec (replicas: 2, init containers: 1, containers: 1, volumes: 4)
2025-01-30 18:48:52,058 INFO c.h.h.t.HelmChartContainer - [hivemq-test-hivemq-platform] [hivemq-platform-operator] [56d0a44e] 18:48:52.052 [ReconcilerExecutor-hivemq-controller-142] DEBUG c.h.p.o.h.HiveMQPlatformReconcilerErrorHandler - [helmupgr] Pod 'test-hivemq-platform-1' phase Running
2025-01-30 18:48:52,059 INFO c.h.h.t.HelmChartContainer - [hivemq-test-hivemq-platform] [hivemq-platform-operator] [56d0a44e] 18:48:52.054 [ReconcilerExecutor-hivemq-controller-142] DEBUG c.h.p.o.h.HiveMQPlatformReconcilerErrorHandler - [helmupgr] Pod 'test-hivemq-platform-0' phase Pending
2025-01-30 18:48:52,059 INFO c.h.h.t.HelmChartContainer - [hivemq-test-hivemq-platform] [hivemq-platform-operator] [56d0a44e] 18:48:52.055 [ReconcilerExecutor-hivemq-controller-142] DEBUG c.h.p.o.h.HiveMQPlatformReconcilerErrorHandler - [helmupgr] Pod 'test-hivemq-platform-0' condition 'PodReadyToStartContainers': False
2025-01-30 18:48:52,059 INFO c.h.h.t.HelmChartContainer - [hivemq-test-hivemq-platform] [hivemq-platform-operator] [56d0a44e] 18:48:52.055 [ReconcilerExecutor-hivemq-controller-142] DEBUG c.h.p.o.h.HiveMQPlatformReconcilerErrorHandler - [helmupgr] Pod 'test-hivemq-platform-0' condition 'Initialized': False
2025-01-30 18:48:52,059 INFO c.h.h.t.HelmChartContainer - [hivemq-test-hivemq-platform] [hivemq-platform-operator] [56d0a44e] 18:48:52.055 [ReconcilerExecutor-hivemq-controller-142] DEBUG c.h.p.o.h.HiveMQPlatformReconcilerErrorHandler - [helmupgr] Pod 'test-hivemq-platform-0' condition 'Ready': False
2025-01-30 18:48:52,059 INFO c.h.h.t.HelmChartContainer - [hivemq-test-hivemq-platform] [hivemq-platform-operator] [56d0a44e] 18:48:52.055 [ReconcilerExecutor-hivemq-controller-142] DEBUG c.h.p.o.h.HiveMQPlatformReconcilerErrorHandler - [helmupgr] Pod 'test-hivemq-platform-0' condition 'ContainersReady': False
2025-01-30 18:48:52,059 INFO c.h.h.t.HelmChartContainer - [hivemq-test-hivemq-platform] [hivemq-platform-operator] [56d0a44e] 18:48:52.055 [ReconcilerExecutor-hivemq-controller-142] DEBUG c.h.p.o.h.HiveMQPlatformReconcilerErrorHandler - [helmupgr] Pod 'test-hivemq-platform-0' condition 'PodScheduled': True
2025-01-30 18:48:52,059 INFO c.h.h.t.HelmChartContainer - [hivemq-test-hivemq-platform] [hivemq-platform-operator] [56d0a44e] 18:48:52.056 [ReconcilerExecutor-hivemq-controller-142] DEBUG c.h.p.o.h.HiveMQPlatformReconcilerErrorHandler - [helmupgr] Pod 'test-hivemq-platform-0' containerStatus 'hivemq' (started: false) (ready: false) (waiting: [PodInitializing] null)
2025-01-30 18:48:52,059 INFO c.h.h.t.HelmChartContainer - [hivemq-test-hivemq-platform] [hivemq-platform-operator] [56d0a44e] 18:48:52.056 [ReconcilerExecutor-hivemq-controller-142] DEBUG c.h.p.o.h.HiveMQPlatformReconcilerRollingRestartHandler - [helmupgr] Rolling restart is waiting for 1 of 2 replicas
2025-01-30 18:48:52,065 INFO c.h.h.t.HelmChartContainer - [hivemq-test-hivemq-platform] [hivemq-platform-operator] [56d0a44e] 18:48:52.061 [pool-6-thread-1] DEBUG c.h.p.o.d.PlatformServiceResource - [helmupgr] Desired Platform services (3 services)
2025-01-30 18:48:52,065 INFO c.h.h.t.HelmChartContainer - [hivemq-test-hivemq-platform] [hivemq-platform-operator] [56d0a44e] 18:48:52.063 [pool-6-thread-9] DEBUG c.h.p.o.d.PodServiceAccountResource - [helmupgr] Desired PodServiceAccountResource (serviceAccountName: hivemq-platform-pod-test-hivemq-platform)
2025-01-30 18:48:52,066 INFO c.h.h.t.HelmChartContainer - [hivemq-test-hivemq-platform] [hivemq-platform-operator] [56d0a44e] 18:48:52.065 [pool-6-thread-7] DEBUG c.h.p.o.dependants.PodInfoConfigMap - [helmupgr] Desired PodInfo ConfigMap (1 extensions) (1 enabled)
2025-01-30 18:48:52,066 INFO c.h.h.t.HelmChartContainer - [hivemq-test-hivemq-platform] [hivemq-platform-operator] [56d0a44e] 18:48:52.065 [pool-6-thread-7] DEBUG c.h.p.o.dependants.PodInfoConfigMap - [helmupgr] Desired PodInfo ConfigMap (metrics port: 9399) (metrics path: /)
2025-01-30 18:48:52,066 INFO c.h.h.t.HelmChartContainer - [hivemq-test-hivemq-platform] [hivemq-platform-operator] [56d0a44e] 18:48:52.065 [pool-6-thread-7] DEBUG c.h.p.o.dependants.PodInfoConfigMap - [helmupgr] Desired PodInfo ConfigMap (extension state hash: 1735936725)
2025-01-30 18:48:52,071 INFO c.h.h.t.HelmChartContainer - [hivemq-test-hivemq-platform] [hivemq-platform-operator] [56d0a44e] 18:48:52.069 [pool-6-thread-1] DEBUG c.h.p.o.d.StatefulSetResource - [helmupgr] Desired StatefulSet (2 replicas) for status ROLLING_RESTART (RESTART_PODS_IN_PROGRESS)
2025-01-30 18:48:52,078 INFO c.h.h.t.HelmChartContainer - [hivemq-test-hivemq-platform] [hivemq-platform-operator] [56d0a44e] 18:48:52.072 [ReconcilerExecutor-hivemq-controller-147] INFO  c.h.p.o.HiveMQPlatformReconciler - [helmupgr] Reconciling HiveMQ Platform 'test-hivemq-platform' in namespace 'helmupgradeextensionit'
2025-01-30 18:48:52,078 INFO c.h.h.t.HelmChartContainer - [hivemq-test-hivemq-platform] [hivemq-platform-operator] [56d0a44e] 18:48:52.073 [ReconcilerExecutor-hivemq-controller-147] DEBUG c.h.p.o.HiveMQPlatformReconciler - [helmupgr] Custom Resource Status ROLLING_RESTART - HiveMQ Platform is restarting Pods (rolling restart) (RESTART_PODS_IN_PROGRESS)
2025-01-30 18:48:52,078 INFO c.h.h.t.HelmChartContainer - [hivemq-test-hivemq-platform] [hivemq-platform-operator] [56d0a44e] 18:48:52.073 [ReconcilerExecutor-hivemq-controller-147] DEBUG c.h.p.o.HiveMQPlatformReconciler - [helmupgr] Custom Resource Spec (replicas: 1) (extensions: 1)
2025-01-30 18:48:52,078 INFO c.h.h.t.HelmChartContainer - [hivemq-test-hivemq-platform] [hivemq-platform-operator] [56d0a44e] 18:48:52.074 [ReconcilerExecutor-hivemq-controller-147] DEBUG c.h.p.o.HiveMQPlatformReconciler - [helmupgr] StatefulSet Status (revision: test-hivemq-platform-7c6d7d4d7b, replicas: 2, available: 1, ready: 1, current: 0, updated: 2)
2025-01-30 18:48:52,078 INFO c.h.h.t.HelmChartContainer - [hivemq-test-hivemq-platform] [hivemq-platform-operator] [56d0a44e] 18:48:52.074 [ReconcilerExecutor-hivemq-controller-147] DEBUG c.h.p.o.HiveMQPlatformReconciler - [helmupgr] StatefulSet Spec (replicas: 2, init containers: 1, containers: 1, volumes: 4)
2025-01-30 18:48:52,078 INFO c.h.h.t.HelmChartContainer - [hivemq-test-hivemq-platform] [hivemq-platform-operator] [56d0a44e] 18:48:52.075 [ReconcilerExecutor-hivemq-controller-147] DEBUG c.h.p.o.h.HiveMQPlatformReconcilerErrorHandler - [helmupgr] Pod 'test-hivemq-platform-1' phase Running
2025-01-30 18:48:52,078 INFO c.h.h.t.HelmChartContainer - [hivemq-test-hivemq-platform] [hivemq-platform-operator] [56d0a44e] 18:48:52.076 [ReconcilerExecutor-hivemq-controller-147] DEBUG c.h.p.o.h.HiveMQPlatformReconcilerErrorHandler - [helmupgr] Pod 'test-hivemq-platform-0' phase Pending
2025-01-30 18:48:52,078 INFO c.h.h.t.HelmChartContainer - [hivemq-test-hivemq-platform] [hivemq-platform-operator] [56d0a44e] 18:48:52.076 [ReconcilerExecutor-hivemq-controller-147] DEBUG c.h.p.o.h.HiveMQPlatformReconcilerErrorHandler - [helmupgr] Pod 'test-hivemq-platform-0' condition 'PodReadyToStartContainers': False
2025-01-30 18:48:52,078 INFO c.h.h.t.HelmChartContainer - [hivemq-test-hivemq-platform] [hivemq-platform-operator] [56d0a44e] 18:48:52.076 [ReconcilerExecutor-hivemq-controller-147] DEBUG c.h.p.o.h.HiveMQPlatformReconcilerErrorHandler - [helmupgr] Pod 'test-hivemq-platform-0' condition 'Initialized': False
2025-01-30 18:48:52,078 INFO c.h.h.t.HelmChartContainer - [hivemq-test-hivemq-platform] [hivemq-platform-operator] [56d0a44e] 18:48:52.076 [ReconcilerExecutor-hivemq-controller-147] DEBUG c.h.p.o.h.HiveMQPlatformReconcilerErrorHandler - [helmupgr] Pod 'test-hivemq-platform-0' condition 'Ready': False
2025-01-30 18:48:52,078 INFO c.h.h.t.HelmChartContainer - [hivemq-test-hivemq-platform] [hivemq-platform-operator] [56d0a44e] 18:48:52.076 [ReconcilerExecutor-hivemq-controller-147] DEBUG c.h.p.o.h.HiveMQPlatformReconcilerErrorHandler - [helmupgr] Pod 'test-hivemq-platform-0' condition 'ContainersReady': False
2025-01-30 18:48:52,078 INFO c.h.h.t.HelmChartContainer - [hivemq-test-hivemq-platform] [hivemq-platform-operator] [56d0a44e] 18:48:52.076 [ReconcilerExecutor-hivemq-controller-147] DEBUG c.h.p.o.h.HiveMQPlatformReconcilerErrorHandler - [helmupgr] Pod 'test-hivemq-platform-0' condition 'PodScheduled': True
2025-01-30 18:48:52,078 INFO c.h.h.t.HelmChartContainer - [hivemq-test-hivemq-platform] [hivemq-platform-operator] [56d0a44e] 18:48:52.076 [ReconcilerExecutor-hivemq-controller-147] DEBUG c.h.p.o.h.HiveMQPlatformReconcilerErrorHandler - [helmupgr] Pod 'test-hivemq-platform-0' containerStatus 'hivemq' (started: false) (ready: false) (waiting: [PodInitializing] null)
2025-01-30 18:48:52,078 INFO c.h.h.t.HelmChartContainer - [hivemq-test-hivemq-platform] [hivemq-platform-operator] [56d0a44e] 18:48:52.076 [ReconcilerExecutor-hivemq-controller-147] DEBUG c.h.p.o.h.HiveMQPlatformReconcilerRollingRestartHandler - [helmupgr] Rolling restart is waiting for 1 of 2 replicas
2025-01-30 18:48:52,084 INFO c.h.h.t.HelmChartContainer - [K3S] [scope.go:117] "RemoveContainer" containerID="c1944e259fb0f7b9ed940c1c7a6c6a11f070400e94fdeabc805443cc72d5ce5c"
2025-01-30 18:48:52,088 INFO c.h.h.t.HelmChartContainer - [K3S] [scope.go:117] "RemoveContainer" containerID="1b1561fc8aa83bf45fb0d765417e8373dfaa5c147e87315f1b95dcb3f2d81a8e"
2025-01-30 18:48:52,089 INFO c.h.h.t.HelmChartContainer - [K3S] [scope.go:117] "RemoveContainer" containerID="c1944e259fb0f7b9ed940c1c7a6c6a11f070400e94fdeabc805443cc72d5ce5c"
2025-01-30 18:48:52,138 INFO c.h.h.t.HelmChartContainer - [K3S] [reconciler_common.go:251] "operationExecutor.VerifyControllerAttachedVolume started for volume \"broker-configuration\" (UniqueName: \"kubernetes.io/configmap/7e81ed0d-5468-4c98-b726-785d1befd1f0-broker-configuration\") pod \"test-hivemq-platform-0\" (UID: \"7e81ed0d-5468-4c98-b726-785d1befd1f0\") " pod="helmupgradeextensionit/test-hivemq-platform-0"
2025-01-30 18:48:52,138 INFO c.h.h.t.HelmChartContainer - [K3S] [reconciler_common.go:251] "operationExecutor.VerifyControllerAttachedVolume started for volume \"kube-api-access-v9fx9\" (UniqueName: \"kubernetes.io/projected/7e81ed0d-5468-4c98-b726-785d1befd1f0-kube-api-access-v9fx9\") pod \"test-hivemq-platform-0\" (UID: \"7e81ed0d-5468-4c98-b726-785d1befd1f0\") " pod="helmupgradeextensionit/test-hivemq-platform-0"
2025-01-30 18:48:52,138 INFO c.h.h.t.HelmChartContainer - [K3S] [reconciler_common.go:251] "operationExecutor.VerifyControllerAttachedVolume started for volume \"extension-configuration-hivemq-bridge-extension\" (UniqueName: \"kubernetes.io/configmap/7e81ed0d-5468-4c98-b726-785d1befd1f0-extension-configuration-hivemq-bridge-extension\") pod \"test-hivemq-platform-0\" (UID: \"7e81ed0d-5468-4c98-b726-785d1befd1f0\") " pod="helmupgradeextensionit/test-hivemq-platform-0"
2025-01-30 18:48:52,138 INFO c.h.h.t.HelmChartContainer - [K3S] [reconciler_common.go:251] "operationExecutor.VerifyControllerAttachedVolume started for volume \"pod-info\" (UniqueName: \"kubernetes.io/configmap/7e81ed0d-5468-4c98-b726-785d1befd1f0-pod-info\") pod \"test-hivemq-platform-0\" (UID: \"7e81ed0d-5468-4c98-b726-785d1befd1f0\") " pod="helmupgradeextensionit/test-hivemq-platform-0"
2025-01-30 18:48:52,138 INFO c.h.h.t.HelmChartContainer - [K3S] [reconciler_common.go:251] "operationExecutor.VerifyControllerAttachedVolume started for volume \"operator-init\" (UniqueName: \"kubernetes.io/empty-dir/7e81ed0d-5468-4c98-b726-785d1befd1f0-operator-init\") pod \"test-hivemq-platform-0\" (UID: \"7e81ed0d-5468-4c98-b726-785d1befd1f0\") " pod="helmupgradeextensionit/test-hivemq-platform-0"
2025-01-30 18:48:52,284 INFO c.h.h.t.HelmChartContainer - [K3S] [kubelet_volumes.go:163] "Cleaned up orphaned pod volumes dir" podUID="e68ec15a-5524-477a-a032-de18d4793e23" path="/var/lib/kubelet/pods/e68ec15a-5524-477a-a032-de18d4793e23/volumes"
2025-01-30 18:48:52,403 INFO c.h.h.t.HelmChartContainer - [EVENT] Normal [Pulled] Container image "docker.io/hivemq/hivemq-platform-operator-init-test:snapshot" already present on machine [helmupgradeextensionit:test-hivemq-platform-0]
2025-01-30 18:48:52,410 INFO c.h.h.t.HelmChartContainer - [EVENT] Normal [Created] Created container: hivemq-platform-operator-init [helmupgradeextensionit:test-hivemq-platform-0]
2025-01-30 18:48:52,445 INFO c.h.h.t.HelmChartContainer - [EVENT] Normal [Started] Started container hivemq-platform-operator-init [helmupgradeextensionit:test-hivemq-platform-0]
2025-01-30 18:48:52,938 INFO c.h.h.t.HelmChartContainer - [EVENT] Normal [Pulled] Container image "docker.io/hivemq/hivemq4:4.36.0" already present on machine [helmupgradeextensionit:test-hivemq-platform-0]
2025-01-30 18:48:52,938 INFO c.h.h.t.HelmChartContainer - Received Pulled event for container hivemq in pod test-hivemq-platform-0 [7e81ed0d-5468-4c98-b726-785d1befd1f0]
2025-01-30 18:48:52,946 INFO c.h.h.t.HelmChartContainer - [POD] test-hivemq-platform-0 [7e81ed0d-5468-4c98-b726-785d1befd1f0] in helmupgradeextensionit was MODIFIED
2025-01-30 18:48:52,957 INFO c.h.h.t.HelmChartContainer - [hivemq-test-hivemq-platform] [hivemq-platform-operator] [56d0a44e] 18:48:52.949 [pool-6-thread-11] DEBUG c.h.p.o.d.PlatformServiceResource - [helmupgr] Desired Platform services (3 services)
2025-01-30 18:48:52,974 INFO c.h.h.t.HelmChartContainer - [hivemq-test-hivemq-platform] [hivemq-platform-operator] [56d0a44e] 18:48:52.951 [pool-6-thread-20] DEBUG c.h.p.o.d.PodServiceAccountResource - [helmupgr] Desired PodServiceAccountResource (serviceAccountName: hivemq-platform-pod-test-hivemq-platform)
2025-01-30 18:48:52,974 INFO c.h.h.t.HelmChartContainer - [hivemq-test-hivemq-platform] [hivemq-platform-operator] [56d0a44e] 18:48:52.954 [pool-6-thread-13] DEBUG c.h.p.o.dependants.PodInfoConfigMap - [helmupgr] Desired PodInfo ConfigMap (1 extensions) (1 enabled)
2025-01-30 18:48:52,974 INFO c.h.h.t.HelmChartContainer - [hivemq-test-hivemq-platform] [hivemq-platform-operator] [56d0a44e] 18:48:52.954 [pool-6-thread-13] DEBUG c.h.p.o.dependants.PodInfoConfigMap - [helmupgr] Desired PodInfo ConfigMap (metrics port: 9399) (metrics path: /)
2025-01-30 18:48:52,974 INFO c.h.h.t.HelmChartContainer - [hivemq-test-hivemq-platform] [hivemq-platform-operator] [56d0a44e] 18:48:52.954 [pool-6-thread-13] DEBUG c.h.p.o.dependants.PodInfoConfigMap - [helmupgr] Desired PodInfo ConfigMap (extension state hash: 1735936725)
2025-01-30 18:48:52,975 INFO c.h.h.t.HelmChartContainer - [hivemq-test-hivemq-platform] [hivemq-platform-operator] [56d0a44e] 18:48:52.956 [pool-6-thread-13] DEBUG c.h.p.o.d.StatefulSetResource - [helmupgr] Desired StatefulSet (2 replicas) for status ROLLING_RESTART (RESTART_PODS_IN_PROGRESS)
2025-01-30 18:48:52,975 INFO c.h.h.t.HelmChartContainer - [hivemq-test-hivemq-platform] [hivemq-platform-operator] [56d0a44e] 18:48:52.965 [ReconcilerExecutor-hivemq-controller-148] INFO  c.h.p.o.HiveMQPlatformReconciler - [helmupgr] Reconciling HiveMQ Platform 'test-hivemq-platform' in namespace 'helmupgradeextensionit'
2025-01-30 18:48:52,975 INFO c.h.h.t.HelmChartContainer - [hivemq-test-hivemq-platform] [hivemq-platform-operator] [56d0a44e] 18:48:52.965 [ReconcilerExecutor-hivemq-controller-148] DEBUG c.h.p.o.HiveMQPlatformReconciler - [helmupgr] Custom Resource Status ROLLING_RESTART - HiveMQ Platform is restarting Pods (rolling restart) (RESTART_PODS_IN_PROGRESS)
2025-01-30 18:48:52,975 INFO c.h.h.t.HelmChartContainer - [hivemq-test-hivemq-platform] [hivemq-platform-operator] [56d0a44e] 18:48:52.965 [ReconcilerExecutor-hivemq-controller-148] DEBUG c.h.p.o.HiveMQPlatformReconciler - [helmupgr] Custom Resource Spec (replicas: 1) (extensions: 1)
2025-01-30 18:48:52,975 INFO c.h.h.t.HelmChartContainer - [hivemq-test-hivemq-platform] [hivemq-platform-operator] [56d0a44e] 18:48:52.967 [ReconcilerExecutor-hivemq-controller-148] DEBUG c.h.p.o.HiveMQPlatformReconciler - [helmupgr] StatefulSet Status (revision: test-hivemq-platform-7c6d7d4d7b, replicas: 2, available: 1, ready: 1, current: 0, updated: 2)
2025-01-30 18:48:52,975 INFO c.h.h.t.HelmChartContainer - [hivemq-test-hivemq-platform] [hivemq-platform-operator] [56d0a44e] 18:48:52.967 [ReconcilerExecutor-hivemq-controller-148] DEBUG c.h.p.o.HiveMQPlatformReconciler - [helmupgr] StatefulSet Spec (replicas: 2, init containers: 1, containers: 1, volumes: 4)
2025-01-30 18:48:52,975 INFO c.h.h.t.HelmChartContainer - [hivemq-test-hivemq-platform] [hivemq-platform-operator] [56d0a44e] 18:48:52.971 [ReconcilerExecutor-hivemq-controller-148] DEBUG c.h.p.o.h.HiveMQPlatformReconcilerErrorHandler - [helmupgr] Pod 'test-hivemq-platform-1' phase Running
2025-01-30 18:48:52,979 INFO c.h.h.t.HelmChartContainer - [hivemq-test-hivemq-platform] [hivemq-platform-operator] [56d0a44e] 18:48:52.973 [ReconcilerExecutor-hivemq-controller-148] DEBUG c.h.p.o.h.HiveMQPlatformReconcilerErrorHandler - [helmupgr] Pod 'test-hivemq-platform-0' phase Pending
2025-01-30 18:48:52,979 INFO c.h.h.t.HelmChartContainer - [hivemq-test-hivemq-platform] [hivemq-platform-operator] [56d0a44e] 18:48:52.973 [ReconcilerExecutor-hivemq-controller-148] DEBUG c.h.p.o.h.HiveMQPlatformReconcilerErrorHandler - [helmupgr] Pod 'test-hivemq-platform-0' condition 'PodReadyToStartContainers': True
2025-01-30 18:48:52,979 INFO c.h.h.t.HelmChartContainer - [hivemq-test-hivemq-platform] [hivemq-platform-operator] [56d0a44e] 18:48:52.973 [ReconcilerExecutor-hivemq-controller-148] DEBUG c.h.p.o.h.HiveMQPlatformReconcilerErrorHandler - [helmupgr] Pod 'test-hivemq-platform-0' condition 'Initialized': True
2025-01-30 18:48:52,979 INFO c.h.h.t.HelmChartContainer - [hivemq-test-hivemq-platform] [hivemq-platform-operator] [56d0a44e] 18:48:52.974 [ReconcilerExecutor-hivemq-controller-148] DEBUG c.h.p.o.h.HiveMQPlatformReconcilerErrorHandler - [helmupgr] Pod 'test-hivemq-platform-0' condition 'Ready': False
2025-01-30 18:48:52,979 INFO c.h.h.t.HelmChartContainer - [hivemq-test-hivemq-platform] [hivemq-platform-operator] [56d0a44e] 18:48:52.974 [ReconcilerExecutor-hivemq-controller-148] DEBUG c.h.p.o.h.HiveMQPlatformReconcilerErrorHandler - [helmupgr] Pod 'test-hivemq-platform-0' condition 'ContainersReady': False
2025-01-30 18:48:52,979 INFO c.h.h.t.HelmChartContainer - [hivemq-test-hivemq-platform] [hivemq-platform-operator] [56d0a44e] 18:48:52.974 [ReconcilerExecutor-hivemq-controller-148] DEBUG c.h.p.o.h.HiveMQPlatformReconcilerErrorHandler - [helmupgr] Pod 'test-hivemq-platform-0' condition 'PodScheduled': True
2025-01-30 18:48:52,979 INFO c.h.h.t.HelmChartContainer - [hivemq-test-hivemq-platform] [hivemq-platform-operator] [56d0a44e] 18:48:52.974 [ReconcilerExecutor-hivemq-controller-148] DEBUG c.h.p.o.h.HiveMQPlatformReconcilerErrorHandler - [helmupgr] Pod 'test-hivemq-platform-0' containerStatus 'hivemq' (started: false) (ready: false) (waiting: [PodInitializing] null)
2025-01-30 18:48:52,979 INFO c.h.h.t.HelmChartContainer - [hivemq-test-hivemq-platform] [hivemq-platform-operator] [56d0a44e] 18:48:52.975 [ReconcilerExecutor-hivemq-controller-148] DEBUG c.h.p.o.h.HiveMQPlatformReconcilerRollingRestartHandler - [helmupgr] Rolling restart is waiting for 1 of 2 replicas
2025-01-30 18:48:52,984 INFO c.h.h.t.HelmChartContainer - [EVENT] Normal [Created] Created container: hivemq [helmupgradeextensionit:test-hivemq-platform-0]
2025-01-30 18:48:52,985 INFO c.h.h.t.HelmChartContainer - Received Created event for container hivemq in pod test-hivemq-platform-0 [7e81ed0d-5468-4c98-b726-785d1befd1f0]
2025-01-30 18:48:53,947 INFO c.h.h.t.HelmChartContainer - [POD] test-hivemq-platform-0 [7e81ed0d-5468-4c98-b726-785d1befd1f0] in helmupgradeextensionit was MODIFIED
2025-01-30 18:48:53,957 INFO c.h.h.t.HelmChartContainer - [hivemq-test-hivemq-platform] [hivemq-platform-operator] [56d0a44e] 18:48:53.955 [pool-6-thread-25] DEBUG c.h.p.o.d.PlatformServiceResource - [helmupgr] Desired Platform services (3 services)
2025-01-30 18:48:53,958 INFO c.h.h.t.HelmChartContainer - Started log watcher for hivemq in pod test-hivemq-platform-0 [7e81ed0d-5468-4c98-b726-785d1befd1f0]
2025-01-30 18:48:53,958 INFO c.h.h.t.HelmChartContainer - [test-hivemq-platform] [hivemq] [7e81ed0d] Adding pre-installed HiveMQ Platform Operator extensions
2025-01-30 18:48:53,958 INFO c.h.h.t.HelmChartContainer - [EVENT] Normal [Started] Started container hivemq [helmupgradeextensionit:test-hivemq-platform-0]
2025-01-30 18:48:53,958 INFO c.h.h.t.HelmChartContainer - Received Started event for container hivemq in pod test-hivemq-platform-0 [7e81ed0d-5468-4c98-b726-785d1befd1f0]
2025-01-30 18:48:53,958 INFO c.h.h.t.HelmChartContainer - [test-hivemq-platform] [hivemq] [7e81ed0d] Running as user 10000
2025-01-30 18:48:53,958 INFO c.h.h.t.HelmChartContainer - [test-hivemq-platform] [hivemq] [7e81ed0d] Starting HiveMQ Platform Operator Init
2025-01-30 18:48:53,960 INFO c.h.h.t.HelmChartContainer - [hivemq-test-hivemq-platform] [hivemq-platform-operator] [56d0a44e] 18:48:53.958 [pool-6-thread-26] DEBUG c.h.p.o.d.PodServiceAccountResource - [helmupgr] Desired PodServiceAccountResource (serviceAccountName: hivemq-platform-pod-test-hivemq-platform)
2025-01-30 18:48:53,962 INFO c.h.h.t.HelmChartContainer - [hivemq-test-hivemq-platform] [hivemq-platform-operator] [56d0a44e] 18:48:53.960 [pool-6-thread-22] DEBUG c.h.p.o.dependants.PodInfoConfigMap - [helmupgr] Desired PodInfo ConfigMap (1 extensions) (1 enabled)
2025-01-30 18:48:53,963 INFO c.h.h.t.HelmChartContainer - [hivemq-test-hivemq-platform] [hivemq-platform-operator] [56d0a44e] 18:48:53.960 [pool-6-thread-22] DEBUG c.h.p.o.dependants.PodInfoConfigMap - [helmupgr] Desired PodInfo ConfigMap (metrics port: 9399) (metrics path: /)
2025-01-30 18:48:53,963 INFO c.h.h.t.HelmChartContainer - [hivemq-test-hivemq-platform] [hivemq-platform-operator] [56d0a44e] 18:48:53.960 [pool-6-thread-22] DEBUG c.h.p.o.dependants.PodInfoConfigMap - [helmupgr] Desired PodInfo ConfigMap (extension state hash: 1735936725)
2025-01-30 18:48:53,969 INFO c.h.h.t.HelmChartContainer - [hivemq-test-hivemq-platform] [hivemq-platform-operator] [56d0a44e] 18:48:53.967 [pool-6-thread-25] DEBUG c.h.p.o.d.StatefulSetResource - [helmupgr] Desired StatefulSet (2 replicas) for status ROLLING_RESTART (RESTART_PODS_IN_PROGRESS)
2025-01-30 18:48:53,972 INFO c.h.h.t.HelmChartContainer - [hivemq-test-hivemq-platform] [hivemq-platform-operator] [56d0a44e] 18:48:53.970 [ReconcilerExecutor-hivemq-controller-149] INFO  c.h.p.o.HiveMQPlatformReconciler - [helmupgr] Reconciling HiveMQ Platform 'test-hivemq-platform' in namespace 'helmupgradeextensionit'
2025-01-30 18:48:53,973 INFO c.h.h.t.HelmChartContainer - [hivemq-test-hivemq-platform] [hivemq-platform-operator] [56d0a44e] 18:48:53.970 [ReconcilerExecutor-hivemq-controller-149] DEBUG c.h.p.o.HiveMQPlatformReconciler - [helmupgr] Custom Resource Status ROLLING_RESTART - HiveMQ Platform is restarting Pods (rolling restart) (RESTART_PODS_IN_PROGRESS)
2025-01-30 18:48:53,974 INFO c.h.h.t.HelmChartContainer - [hivemq-test-hivemq-platform] [hivemq-platform-operator] [56d0a44e] 18:48:53.970 [ReconcilerExecutor-hivemq-controller-149] DEBUG c.h.p.o.HiveMQPlatformReconciler - [helmupgr] Custom Resource Spec (replicas: 1) (extensions: 1)
2025-01-30 18:48:53,974 INFO c.h.h.t.HelmChartContainer - [hivemq-test-hivemq-platform] [hivemq-platform-operator] [56d0a44e] 18:48:53.972 [ReconcilerExecutor-hivemq-controller-149] DEBUG c.h.p.o.HiveMQPlatformReconciler - [helmupgr] StatefulSet Status (revision: test-hivemq-platform-7c6d7d4d7b, replicas: 2, available: 1, ready: 1, current: 0, updated: 2)
2025-01-30 18:48:53,974 INFO c.h.h.t.HelmChartContainer - [hivemq-test-hivemq-platform] [hivemq-platform-operator] [56d0a44e] 18:48:53.972 [ReconcilerExecutor-hivemq-controller-149] DEBUG c.h.p.o.HiveMQPlatformReconciler - [helmupgr] StatefulSet Spec (replicas: 2, init containers: 1, containers: 1, volumes: 4)
2025-01-30 18:48:53,977 INFO c.h.h.t.HelmChartContainer - [hivemq-test-hivemq-platform] [hivemq-platform-operator] [56d0a44e] 18:48:53.976 [ReconcilerExecutor-hivemq-controller-149] DEBUG c.h.p.o.h.HiveMQPlatformReconcilerErrorHandler - [helmupgr] Pod 'test-hivemq-platform-1' phase Running
2025-01-30 18:48:53,979 INFO c.h.h.t.HelmChartContainer - [hivemq-test-hivemq-platform] [hivemq-platform-operator] [56d0a44e] 18:48:53.978 [ReconcilerExecutor-hivemq-controller-149] DEBUG c.h.p.o.h.HiveMQPlatformReconcilerErrorHandler - [helmupgr] Pod 'test-hivemq-platform-0' phase Running
2025-01-30 18:48:53,979 INFO c.h.h.t.HelmChartContainer - [hivemq-test-hivemq-platform] [hivemq-platform-operator] [56d0a44e] 18:48:53.978 [ReconcilerExecutor-hivemq-controller-149] DEBUG c.h.p.o.h.HiveMQPlatformReconcilerRollingRestartHandler - [helmupgr] Rolling restart is waiting for 1 of 2 replicas
2025-01-30 18:48:54,251 INFO c.h.h.t.HelmChartContainer - [test-hivemq-platform] [hivemq] [7e81ed0d] INFO  - [HiveMQ Platform Operator Init 1.7.0-SNAPSHOT] HiveMQ Platform Operator Init 1.7.0-SNAPSHOT (commit: 47e3375 on branch: HEAD) built on Thu Jan 30 03:55:50 UTC 2025
2025-01-30 18:48:55,399 INFO c.h.h.t.HelmChartContainer - [test-hivemq-platform] [hivemq] [7e81ed0d] INFO  - [HiveMQ Platform Operator Init App 1.7.0-SNAPSHOT] Using bind address 10.42.0.10 from environment variable
2025-01-30 18:48:56,306 INFO c.h.h.t.HelmChartContainer - [test-hivemq-platform] [hivemq] [7e81ed0d] INFO  - [HiveMQ Platform Operator Init App 1.7.0-SNAPSHOT] HiveMQ Platform Operator Init App 1.7.0-SNAPSHOT (commit: 47e3375 on branch: HEAD) built on Thu Jan 30 03:55:50 UTC 2025
2025-01-30 18:48:56,307 INFO c.h.h.t.HelmChartContainer - [test-hivemq-platform] [hivemq] [7e81ed0d] INFO  - [HiveMQ Platform Operator Init App 1.7.0-SNAPSHOT] PodInfo ConfigMap directory: /etc/podinfo
2025-01-30 18:48:56,307 INFO c.h.h.t.HelmChartContainer - [test-hivemq-platform] [hivemq] [7e81ed0d] INFO  - [HiveMQ Platform Operator Init App 1.7.0-SNAPSHOT] HiveMQ home directory: /opt/hivemq
2025-01-30 18:48:56,307 INFO c.h.h.t.HelmChartContainer - [test-hivemq-platform] [hivemq] [7e81ed0d] INFO  - [HiveMQ Platform Operator Init App 1.7.0-SNAPSHOT] HiveMQ Logback folder: /opt/hivemq/conf
2025-01-30 18:48:56,307 INFO c.h.h.t.HelmChartContainer - [test-hivemq-platform] [hivemq] [7e81ed0d] INFO  - [HiveMQ Platform Operator Init App 1.7.0-SNAPSHOT] HiveMQ Config folder: /opt/hivemq/conf-k8s
2025-01-30 18:48:56,307 INFO c.h.h.t.HelmChartContainer - [test-hivemq-platform] [hivemq] [7e81ed0d] INFO  - [HiveMQ Platform Operator Init App 1.7.0-SNAPSHOT] Starting HiveMQ Platform Operator Init App
2025-01-30 18:48:56,307 INFO c.h.h.t.HelmChartContainer - [test-hivemq-platform] [hivemq] [7e81ed0d] INFO  - [HiveMQ Platform Operator Init App 1.7.0-SNAPSHOT] Starting Pod reconciler
2025-01-30 18:48:57,554 INFO c.h.h.t.HelmChartContainer - [test-hivemq-platform] [hivemq] [7e81ed0d] INFO  - [HiveMQ Platform Operator Init App 1.7.0-SNAPSHOT] Pod reconciler is scheduled (interval: 5000 ms)
2025-01-30 18:48:57,594 INFO c.h.h.t.HelmChartContainer - [test-hivemq-platform] [hivemq] [7e81ed0d] INFO  - [HiveMQ Platform Operator Init App 1.7.0-SNAPSHOT] Starting the REST API on 10.42.0.10:7979
2025-01-30 18:48:57,597 INFO c.h.h.t.HelmChartContainer - [test-hivemq-platform] [hivemq] [7e81ed0d] INFO  - [HiveMQ Platform Operator Init App 1.7.0-SNAPSHOT] Waiting up to 600s for at most 2 HiveMQ nodes in cluster service hivemq-test-hivemq-platform-cluster.helmupgradeextensionit.svc
2025-01-30 18:48:57,904 INFO c.h.h.t.HelmChartContainer - [test-hivemq-platform] [hivemq] [7e81ed0d] INFO  - [HiveMQ Platform Operator Init App 1.7.0-SNAPSHOT] Resolved 2 IP addresses: [10.42.0.9, 10.42.0.10]
2025-01-30 18:48:57,904 INFO c.h.h.t.HelmChartContainer - [test-hivemq-platform] [hivemq] [7e81ed0d] INFO  - [HiveMQ Platform Operator Init App 1.7.0-SNAPSHOT] HiveMQ node count of 2 is within threshold of 2
2025-01-30 18:48:57,904 INFO c.h.h.t.HelmChartContainer - [test-hivemq-platform] [hivemq] [7e81ed0d] INFO  - [HiveMQ Platform Operator Init App 1.7.0-SNAPSHOT] Waiting 15s for previous shutdown replication to finish...
2025-01-30 18:48:59,946 INFO c.h.h.t.HelmChartContainer - [test-hivemq-platform] [hivemq] [7e81ed0d] INFO  - [HiveMQ Platform Operator Init App 1.7.0-SNAPSHOT] Returning default Health API response 503 for readiness
2025-01-30 18:49:00,062 INFO c.h.h.t.HelmChartContainer - [EVENT] Warning [Unhealthy] Readiness probe failed: HTTP probe failed with statuscode: 503 [helmupgradeextensionit:test-hivemq-platform-0]
2025-01-30 18:49:00,062 INFO c.h.h.t.HelmChartContainer - Received Unhealthy event for container hivemq in pod test-hivemq-platform-0 [7e81ed0d-5468-4c98-b726-785d1befd1f0]
2025-01-30 18:49:02,311 INFO c.h.h.t.HelmChartContainer - [test-hivemq-platform] [hivemq] [25e4569e] WARN  - Bridge Extension: Connect to bridge 'testbridge' failed for the 4 time, reason: connection timed out after 10000 ms: /172.17.0.3:1883
2025-01-30 18:49:03,985 INFO c.h.h.t.HelmChartContainer - [hivemq-test-hivemq-platform] [hivemq-platform-operator] [56d0a44e] 18:49:03.981 [pool-6-thread-36] DEBUG c.h.p.o.d.PlatformServiceResource - [helmupgr] Desired Platform services (3 services)
2025-01-30 18:49:03,985 INFO c.h.h.t.HelmChartContainer - [hivemq-test-hivemq-platform] [hivemq-platform-operator] [56d0a44e] 18:49:03.982 [pool-6-thread-37] DEBUG c.h.p.o.dependants.PodInfoConfigMap - [helmupgr] Desired PodInfo ConfigMap (1 extensions) (1 enabled)
2025-01-30 18:49:03,985 INFO c.h.h.t.HelmChartContainer - [hivemq-test-hivemq-platform] [hivemq-platform-operator] [56d0a44e] 18:49:03.982 [pool-6-thread-37] DEBUG c.h.p.o.dependants.PodInfoConfigMap - [helmupgr] Desired PodInfo ConfigMap (metrics port: 9399) (metrics path: /)
2025-01-30 18:49:03,985 INFO c.h.h.t.HelmChartContainer - [hivemq-test-hivemq-platform] [hivemq-platform-operator] [56d0a44e] 18:49:03.982 [pool-6-thread-37] DEBUG c.h.p.o.dependants.PodInfoConfigMap - [helmupgr] Desired PodInfo ConfigMap (extension state hash: 1735936725)
2025-01-30 18:49:03,985 INFO c.h.h.t.HelmChartContainer - [hivemq-test-hivemq-platform] [hivemq-platform-operator] [56d0a44e] 18:49:03.984 [pool-6-thread-40] DEBUG c.h.p.o.d.PodServiceAccountResource - [helmupgr] Desired PodServiceAccountResource (serviceAccountName: hivemq-platform-pod-test-hivemq-platform)
2025-01-30 18:49:03,987 INFO c.h.h.t.HelmChartContainer - [hivemq-test-hivemq-platform] [hivemq-platform-operator] [56d0a44e] 18:49:03.986 [pool-6-thread-37] DEBUG c.h.p.o.d.StatefulSetResource - [helmupgr] Desired StatefulSet (2 replicas) for status ROLLING_RESTART (RESTART_PODS_IN_PROGRESS)
2025-01-30 18:49:03,989 INFO c.h.h.t.HelmChartContainer - [hivemq-test-hivemq-platform] [hivemq-platform-operator] [56d0a44e] 18:49:03.988 [ReconcilerExecutor-hivemq-controller-150] INFO  c.h.p.o.HiveMQPlatformReconciler - [helmupgr] Reconciling HiveMQ Platform 'test-hivemq-platform' in namespace 'helmupgradeextensionit'
2025-01-30 18:49:03,990 INFO c.h.h.t.HelmChartContainer - [hivemq-test-hivemq-platform] [hivemq-platform-operator] [56d0a44e] 18:49:03.988 [ReconcilerExecutor-hivemq-controller-150] DEBUG c.h.p.o.HiveMQPlatformReconciler - [helmupgr] Custom Resource Status ROLLING_RESTART - HiveMQ Platform is restarting Pods (rolling restart) (RESTART_PODS_IN_PROGRESS)
2025-01-30 18:49:03,990 INFO c.h.h.t.HelmChartContainer - [hivemq-test-hivemq-platform] [hivemq-platform-operator] [56d0a44e] 18:49:03.988 [ReconcilerExecutor-hivemq-controller-150] DEBUG c.h.p.o.HiveMQPlatformReconciler - [helmupgr] Custom Resource Spec (replicas: 1) (extensions: 1)
2025-01-30 18:49:03,990 INFO c.h.h.t.HelmChartContainer - [hivemq-test-hivemq-platform] [hivemq-platform-operator] [56d0a44e] 18:49:03.990 [ReconcilerExecutor-hivemq-controller-150] DEBUG c.h.p.o.HiveMQPlatformReconciler - [helmupgr] StatefulSet Status (revision: test-hivemq-platform-7c6d7d4d7b, replicas: 2, available: 1, ready: 1, current: 0, updated: 2)
2025-01-30 18:49:03,991 INFO c.h.h.t.HelmChartContainer - [hivemq-test-hivemq-platform] [hivemq-platform-operator] [56d0a44e] 18:49:03.990 [ReconcilerExecutor-hivemq-controller-150] DEBUG c.h.p.o.HiveMQPlatformReconciler - [helmupgr] StatefulSet Spec (replicas: 2, init containers: 1, containers: 1, volumes: 4)
2025-01-30 18:49:03,992 INFO c.h.h.t.HelmChartContainer - [hivemq-test-hivemq-platform] [hivemq-platform-operator] [56d0a44e] 18:49:03.991 [ReconcilerExecutor-hivemq-controller-150] DEBUG c.h.p.o.h.HiveMQPlatformReconcilerErrorHandler - [helmupgr] Pod 'test-hivemq-platform-1' phase Running
2025-01-30 18:49:03,993 INFO c.h.h.t.HelmChartContainer - [hivemq-test-hivemq-platform] [hivemq-platform-operator] [56d0a44e] 18:49:03.992 [ReconcilerExecutor-hivemq-controller-150] DEBUG c.h.p.o.h.HiveMQPlatformReconcilerErrorHandler - [helmupgr] Pod 'test-hivemq-platform-0' phase Running
2025-01-30 18:49:03,994 INFO c.h.h.t.HelmChartContainer - [hivemq-test-hivemq-platform] [hivemq-platform-operator] [56d0a44e] 18:49:03.992 [ReconcilerExecutor-hivemq-controller-150] DEBUG c.h.p.o.h.HiveMQPlatformReconcilerRollingRestartHandler - [helmupgr] Rolling restart is waiting for 1 of 2 replicas
2025-01-30 18:49:04,265 INFO c.h.h.t.HelmChartContainer - [test-hivemq-platform] [hivemq] [25e4569e] WARN  - Bridge Extension: Connect to bridge 'testbridge' failed for the 4 time, reason: connection timed out after 10000 ms: /172.17.0.3:1883
2025-01-30 18:49:04,953 INFO c.h.h.t.HelmChartContainer - [EVENT] Warning [Unhealthy] Readiness probe failed: HTTP probe failed with statuscode: 503 [helmupgradeextensionit:test-hivemq-platform-0]
2025-01-30 18:49:04,953 INFO c.h.h.t.HelmChartContainer - Received Unhealthy event for container hivemq in pod test-hivemq-platform-0 [7e81ed0d-5468-4c98-b726-785d1befd1f0]
2025-01-30 18:49:05,165 INFO c.h.h.t.HelmChartContainer - [test-hivemq-platform] [hivemq] [7e81ed0d] INFO  - [HiveMQ Platform Operator Init App 1.7.0-SNAPSHOT] Updating Pod HiveMQ Platform Operator Init App version annotation (version: 1.7.0-SNAPSHOT)
2025-01-30 18:49:05,562 INFO c.h.h.t.HelmChartContainer - [POD] test-hivemq-platform-0 [7e81ed0d-5468-4c98-b726-785d1befd1f0] in helmupgradeextensionit was MODIFIED
2025-01-30 18:49:05,565 INFO c.h.h.t.HelmChartContainer - [test-hivemq-platform] [hivemq] [7e81ed0d] INFO  - [HiveMQ Platform Operator Init App 1.7.0-SNAPSHOT] Successfully updated Pod HiveMQ Platform Operator Init App version annotation (version: 1.7.0-SNAPSHOT)
2025-01-30 18:49:05,567 INFO c.h.h.t.HelmChartContainer - [EVENT] Warning [Unhealthy] Readiness probe failed: HTTP probe failed with statuscode: 503 [helmupgradeextensionit:test-hivemq-platform-0]
2025-01-30 18:49:05,567 INFO c.h.h.t.HelmChartContainer - Received Unhealthy event for container hivemq in pod test-hivemq-platform-0 [7e81ed0d-5468-4c98-b726-785d1befd1f0]
2025-01-30 18:49:05,568 INFO c.h.h.t.HelmChartContainer - [hivemq-test-hivemq-platform] [hivemq-platform-operator] [56d0a44e] 18:49:05.566 [pool-6-thread-47] DEBUG c.h.p.o.d.PlatformServiceResource - [helmupgr] Desired Platform services (3 services)
2025-01-30 18:49:05,569 INFO c.h.h.t.HelmChartContainer - [hivemq-test-hivemq-platform] [hivemq-platform-operator] [56d0a44e] 18:49:05.568 [pool-6-thread-41] DEBUG c.h.p.o.dependants.PodInfoConfigMap - [helmupgr] Desired PodInfo ConfigMap (1 extensions) (1 enabled)
2025-01-30 18:49:05,570 INFO c.h.h.t.HelmChartContainer - [hivemq-test-hivemq-platform] [hivemq-platform-operator] [56d0a44e] 18:49:05.568 [pool-6-thread-41] DEBUG c.h.p.o.dependants.PodInfoConfigMap - [helmupgr] Desired PodInfo ConfigMap (metrics port: 9399) (metrics path: /)
2025-01-30 18:49:05,570 INFO c.h.h.t.HelmChartContainer - [hivemq-test-hivemq-platform] [hivemq-platform-operator] [56d0a44e] 18:49:05.568 [pool-6-thread-41] DEBUG c.h.p.o.dependants.PodInfoConfigMap - [helmupgr] Desired PodInfo ConfigMap (extension state hash: 1735936725)
2025-01-30 18:49:05,571 INFO c.h.h.t.HelmChartContainer - [hivemq-test-hivemq-platform] [hivemq-platform-operator] [56d0a44e] 18:49:05.569 [pool-6-thread-49] DEBUG c.h.p.o.d.PodServiceAccountResource - [helmupgr] Desired PodServiceAccountResource (serviceAccountName: hivemq-platform-pod-test-hivemq-platform)
2025-01-30 18:49:05,575 INFO c.h.h.t.HelmChartContainer - [hivemq-test-hivemq-platform] [hivemq-platform-operator] [56d0a44e] 18:49:05.573 [pool-6-thread-47] DEBUG c.h.p.o.d.StatefulSetResource - [helmupgr] Desired StatefulSet (2 replicas) for status ROLLING_RESTART (RESTART_PODS_IN_PROGRESS)
2025-01-30 18:49:05,577 INFO c.h.h.t.HelmChartContainer - [hivemq-test-hivemq-platform] [hivemq-platform-operator] [56d0a44e] 18:49:05.575 [ReconcilerExecutor-hivemq-controller-151] INFO  c.h.p.o.HiveMQPlatformReconciler - [helmupgr] Reconciling HiveMQ Platform 'test-hivemq-platform' in namespace 'helmupgradeextensionit'
2025-01-30 18:49:05,577 INFO c.h.h.t.HelmChartContainer - [hivemq-test-hivemq-platform] [hivemq-platform-operator] [56d0a44e] 18:49:05.576 [ReconcilerExecutor-hivemq-controller-151] DEBUG c.h.p.o.HiveMQPlatformReconciler - [helmupgr] Custom Resource Status ROLLING_RESTART - HiveMQ Platform is restarting Pods (rolling restart) (RESTART_PODS_IN_PROGRESS)
2025-01-30 18:49:05,577 INFO c.h.h.t.HelmChartContainer - [hivemq-test-hivemq-platform] [hivemq-platform-operator] [56d0a44e] 18:49:05.576 [ReconcilerExecutor-hivemq-controller-151] DEBUG c.h.p.o.HiveMQPlatformReconciler - [helmupgr] Custom Resource Spec (replicas: 1) (extensions: 1)
2025-01-30 18:49:05,578 INFO c.h.h.t.HelmChartContainer - [hivemq-test-hivemq-platform] [hivemq-platform-operator] [56d0a44e] 18:49:05.577 [ReconcilerExecutor-hivemq-controller-151] DEBUG c.h.p.o.HiveMQPlatformReconciler - [helmupgr] StatefulSet Status (revision: test-hivemq-platform-7c6d7d4d7b, replicas: 2, available: 1, ready: 1, current: 0, updated: 2)
2025-01-30 18:49:05,578 INFO c.h.h.t.HelmChartContainer - [hivemq-test-hivemq-platform] [hivemq-platform-operator] [56d0a44e] 18:49:05.577 [ReconcilerExecutor-hivemq-controller-151] DEBUG c.h.p.o.HiveMQPlatformReconciler - [helmupgr] StatefulSet Spec (replicas: 2, init containers: 1, containers: 1, volumes: 4)
2025-01-30 18:49:05,580 INFO c.h.h.t.HelmChartContainer - [hivemq-test-hivemq-platform] [hivemq-platform-operator] [56d0a44e] 18:49:05.578 [ReconcilerExecutor-hivemq-controller-151] DEBUG c.h.p.o.h.HiveMQPlatformReconcilerErrorHandler - [helmupgr] Pod 'test-hivemq-platform-1' phase Running
2025-01-30 18:49:05,582 INFO c.h.h.t.HelmChartContainer - [hivemq-test-hivemq-platform] [hivemq-platform-operator] [56d0a44e] 18:49:05.581 [ReconcilerExecutor-hivemq-controller-151] DEBUG c.h.p.o.h.HiveMQPlatformReconcilerErrorHandler - [helmupgr] Pod 'test-hivemq-platform-0' phase Running
2025-01-30 18:49:05,583 INFO c.h.h.t.HelmChartContainer - [hivemq-test-hivemq-platform] [hivemq-platform-operator] [56d0a44e] 18:49:05.582 [ReconcilerExecutor-hivemq-controller-151] DEBUG c.h.p.o.h.HiveMQPlatformReconcilerRollingRestartHandler - [helmupgr] Rolling restart is waiting for 1 of 2 replicas
2025-01-30 18:49:10,559 INFO c.h.h.t.HelmChartContainer - [EVENT] Warning [Unhealthy] Readiness probe failed: HTTP probe failed with statuscode: 503 [helmupgradeextensionit:test-hivemq-platform-0]
2025-01-30 18:49:10,560 INFO c.h.h.t.HelmChartContainer - Received Unhealthy event for container hivemq in pod test-hivemq-platform-0 [7e81ed0d-5468-4c98-b726-785d1befd1f0]
2025-01-30 18:49:12,904 INFO c.h.h.t.HelmChartContainer - [test-hivemq-platform] [hivemq] [7e81ed0d] INFO  - [HiveMQ Platform Operator Init App 1.7.0-SNAPSHOT] Proceeding with container start
2025-01-30 18:49:12,908 INFO c.h.h.t.HelmChartContainer - [test-hivemq-platform] [hivemq] [7e81ed0d] INFO  - [HiveMQ Platform Operator Init App 1.7.0-SNAPSHOT] Initializing HiveMQ Platform extensions with initial configuration: {hivemq-bridge-extension={start-priority=-1, skip-https-hostname-verification=false, restart=true, config-version=935, header-version=0, c-uri=, priority=-1, uri=preinstalled, skip-https-certificate-validation=false, enabled=true}, hivemq-prometheus-extension={start-priority=-1, c-uri=, skip-https-hostname-verification=false, skip-https-certificate-validation=false, uri=preinstalled, request-header-path=no-request-headers, enabled=true, restart=true, priority=-1}}
2025-01-30 18:49:13,399 INFO c.h.h.t.HelmChartContainer - [test-hivemq-platform] [hivemq] [7e81ed0d] INFO  - [HiveMQ Platform Operator Init App 1.7.0-SNAPSHOT] Successfully enabled extension hivemq-bridge-extension
2025-01-30 18:49:13,399 INFO c.h.h.testcontainer.LogWaiterUtil - TEST Found log pattern on 'test-hivemq-platform-0': .*\[HiveMQ Platform Operator Init App [A-Z0-9.-]+\] Successfully enabled extension hivemq-bridge-extension
2025-01-30 18:49:13,410 INFO c.h.h.t.HelmChartContainer - [test-hivemq-platform] [hivemq] [7e81ed0d] INFO  - [HiveMQ Platform Operator Init App 1.7.0-SNAPSHOT] Successfully enabled extension hivemq-prometheus-extension
2025-01-30 18:49:13,411 INFO c.h.h.t.HelmChartContainer - [test-hivemq-platform] [hivemq] [7e81ed0d] INFO  - [HiveMQ Platform Operator Init App 1.7.0-SNAPSHOT] Starting HiveMQ Platform version 4.36.0 (4.36.0)
2025-01-30 18:49:13,412 INFO c.h.h.t.HelmChartContainer - [test-hivemq-platform] [hivemq] [7e81ed0d] INFO  - [HiveMQ Platform Operator Init App 1.7.0-SNAPSHOT] Configuring the HiveMQ Platform
2025-01-30 18:49:13,505 INFO c.h.h.t.HelmChartContainer - [test-hivemq-platform] [hivemq] [7e81ed0d] INFO  - [HiveMQ Platform Operator Init App 1.7.0-SNAPSHOT] Changed logback.xml file scan period to 20 seconds
2025-01-30 18:49:13,598 INFO c.h.h.t.HelmChartContainer - [test-hivemq-platform] [hivemq] [7e81ed0d] INFO  - [HiveMQ Platform Operator Init App 1.7.0-SNAPSHOT] Starting the HiveMQ Platform
2025-01-30 18:49:13,601 INFO c.h.h.t.HelmChartContainer - [test-hivemq-platform] [hivemq] [7e81ed0d] -------------------------------------------------------------------------
2025-01-30 18:49:13,601 INFO c.h.h.t.HelmChartContainer - [test-hivemq-platform] [hivemq] [7e81ed0d] 
2025-01-30 18:49:13,601 INFO c.h.h.t.HelmChartContainer - [test-hivemq-platform] [hivemq] [7e81ed0d]                   _    _  _              __  __   ____
2025-01-30 18:49:13,601 INFO c.h.h.t.HelmChartContainer - [test-hivemq-platform] [hivemq] [7e81ed0d]                  | |  | |(_)            |  \/  | / __ \
2025-01-30 18:49:13,601 INFO c.h.h.t.HelmChartContainer - [test-hivemq-platform] [hivemq] [7e81ed0d]                  | |__| | _ __   __ ___ | \  / || |  | |
2025-01-30 18:49:13,601 INFO c.h.h.t.HelmChartContainer - [test-hivemq-platform] [hivemq] [7e81ed0d]                  |  __  || |\ \ / // _ \| |\/| || |  | |
2025-01-30 18:49:13,601 INFO c.h.h.t.HelmChartContainer - [test-hivemq-platform] [hivemq] [7e81ed0d]                  | |  | || | \ V /|  __/| |  | || |__| |
2025-01-30 18:49:13,601 INFO c.h.h.t.HelmChartContainer - [test-hivemq-platform] [hivemq] [7e81ed0d]                  |_|  |_||_|  \_/  \___||_|  |_| \___\_\
2025-01-30 18:49:13,601 INFO c.h.h.t.HelmChartContainer - [test-hivemq-platform] [hivemq] [7e81ed0d] 
2025-01-30 18:49:13,601 INFO c.h.h.t.HelmChartContainer - [test-hivemq-platform] [hivemq] [7e81ed0d] -------------------------------------------------------------------------
2025-01-30 18:49:13,601 INFO c.h.h.t.HelmChartContainer - [test-hivemq-platform] [hivemq] [7e81ed0d] 
2025-01-30 18:49:13,602 INFO c.h.h.t.HelmChartContainer - [test-hivemq-platform] [hivemq] [7e81ed0d]   HiveMQ Start Script for Linux/Unix v1.14
2025-01-30 18:49:13,602 INFO c.h.h.t.HelmChartContainer - [test-hivemq-platform] [hivemq] [7e81ed0d] 
2025-01-30 18:49:13,702 INFO c.h.h.t.HelmChartContainer - [test-hivemq-platform] [hivemq] [7e81ed0d] -------------------------------------------------------------------------
2025-01-30 18:49:13,702 INFO c.h.h.t.HelmChartContainer - [test-hivemq-platform] [hivemq] [7e81ed0d] 
2025-01-30 18:49:13,702 INFO c.h.h.t.HelmChartContainer - [test-hivemq-platform] [hivemq] [7e81ed0d]   HIVEMQ_HOME: /opt/hivemq
2025-01-30 18:49:13,702 INFO c.h.h.t.HelmChartContainer - [test-hivemq-platform] [hivemq] [7e81ed0d] 
2025-01-30 18:49:13,702 INFO c.h.h.t.HelmChartContainer - [test-hivemq-platform] [hivemq] [7e81ed0d]   JAVA_OPTS: -XX:+UnlockExperimentalVMOptions -XX:InitialRAMPercentage=50 -XX:MaxRAMPercentage=50 -Djava.net.preferIPv4Stack=true --add-opens java.base/java.lang=ALL-UNNAMED --add-opens java.base/java.nio=ALL-UNNAMED --add-opens java.base/sun.nio.ch=ALL-UNNAMED --add-opens jdk.management/com.sun.management.internal=ALL-UNNAMED --add-exports java.base/jdk.internal.misc=ALL-UNNAMED -Djava.security.egd=file:/dev/./urandom -Dcom.sun.management.jmxremote -Dcom.sun.management.jmxremote.port=9010 -Dcom.sun.management.jmxremote.local.only=false -Dcom.sun.management.jmxremote.authenticate=false -Dcom.sun.management.jmxremote.ssl=false -Duser.language=en -Duser.region=US -XX:+CrashOnOutOfMemoryError -XX:+HeapDumpOnOutOfMemoryError
2025-01-30 18:49:13,702 INFO c.h.h.t.HelmChartContainer - [test-hivemq-platform] [hivemq] [7e81ed0d] 
2025-01-30 18:49:13,702 INFO c.h.h.t.HelmChartContainer - [test-hivemq-platform] [hivemq] [7e81ed0d]   JAVA_VERSION: 21
2025-01-30 18:49:13,702 INFO c.h.h.t.HelmChartContainer - [test-hivemq-platform] [hivemq] [7e81ed0d] 
2025-01-30 18:49:13,702 INFO c.h.h.t.HelmChartContainer - [test-hivemq-platform] [hivemq] [7e81ed0d] -------------------------------------------------------------------------
2025-01-30 18:49:13,702 INFO c.h.h.t.HelmChartContainer - [test-hivemq-platform] [hivemq] [7e81ed0d] 
2025-01-30 18:49:15,586 INFO c.h.h.t.HelmChartContainer - [hivemq-test-hivemq-platform] [hivemq-platform-operator] [56d0a44e] 18:49:15.584 [pool-6-thread-8] DEBUG c.h.p.o.d.PlatformServiceResource - [helmupgr] Desired Platform services (3 services)
2025-01-30 18:49:15,586 INFO c.h.h.t.HelmChartContainer - [hivemq-test-hivemq-platform] [hivemq-platform-operator] [56d0a44e] 18:49:15.584 [pool-6-thread-4] DEBUG c.h.p.o.d.PodServiceAccountResource - [helmupgr] Desired PodServiceAccountResource (serviceAccountName: hivemq-platform-pod-test-hivemq-platform)
2025-01-30 18:49:15,586 INFO c.h.h.t.HelmChartContainer - [hivemq-test-hivemq-platform] [hivemq-platform-operator] [56d0a44e] 18:49:15.585 [pool-6-thread-7] DEBUG c.h.p.o.dependants.PodInfoConfigMap - [helmupgr] Desired PodInfo ConfigMap (1 extensions) (1 enabled)
2025-01-30 18:49:15,586 INFO c.h.h.t.HelmChartContainer - [hivemq-test-hivemq-platform] [hivemq-platform-operator] [56d0a44e] 18:49:15.585 [pool-6-thread-7] DEBUG c.h.p.o.dependants.PodInfoConfigMap - [helmupgr] Desired PodInfo ConfigMap (metrics port: 9399) (metrics path: /)
2025-01-30 18:49:15,586 INFO c.h.h.t.HelmChartContainer - [hivemq-test-hivemq-platform] [hivemq-platform-operator] [56d0a44e] 18:49:15.585 [pool-6-thread-7] DEBUG c.h.p.o.dependants.PodInfoConfigMap - [helmupgr] Desired PodInfo ConfigMap (extension state hash: 1735936725)
2025-01-30 18:49:15,588 INFO c.h.h.t.HelmChartContainer - [hivemq-test-hivemq-platform] [hivemq-platform-operator] [56d0a44e] 18:49:15.588 [pool-6-thread-1] DEBUG c.h.p.o.d.StatefulSetResource - [helmupgr] Desired StatefulSet (2 replicas) for status ROLLING_RESTART (RESTART_PODS_IN_PROGRESS)
2025-01-30 18:49:15,593 INFO c.h.h.t.HelmChartContainer - [hivemq-test-hivemq-platform] [hivemq-platform-operator] [56d0a44e] 18:49:15.590 [ReconcilerExecutor-hivemq-controller-152] INFO  c.h.p.o.HiveMQPlatformReconciler - [helmupgr] Reconciling HiveMQ Platform 'test-hivemq-platform' in namespace 'helmupgradeextensionit'
2025-01-30 18:49:15,593 INFO c.h.h.t.HelmChartContainer - [hivemq-test-hivemq-platform] [hivemq-platform-operator] [56d0a44e] 18:49:15.590 [ReconcilerExecutor-hivemq-controller-152] DEBUG c.h.p.o.HiveMQPlatformReconciler - [helmupgr] Custom Resource Status ROLLING_RESTART - HiveMQ Platform is restarting Pods (rolling restart) (RESTART_PODS_IN_PROGRESS)
2025-01-30 18:49:15,593 INFO c.h.h.t.HelmChartContainer - [hivemq-test-hivemq-platform] [hivemq-platform-operator] [56d0a44e] 18:49:15.590 [ReconcilerExecutor-hivemq-controller-152] DEBUG c.h.p.o.HiveMQPlatformReconciler - [helmupgr] Custom Resource Spec (replicas: 1) (extensions: 1)
2025-01-30 18:49:15,593 INFO c.h.h.t.HelmChartContainer - [hivemq-test-hivemq-platform] [hivemq-platform-operator] [56d0a44e] 18:49:15.591 [ReconcilerExecutor-hivemq-controller-152] DEBUG c.h.p.o.HiveMQPlatformReconciler - [helmupgr] StatefulSet Status (revision: test-hivemq-platform-7c6d7d4d7b, replicas: 2, available: 1, ready: 1, current: 0, updated: 2)
2025-01-30 18:49:15,593 INFO c.h.h.t.HelmChartContainer - [hivemq-test-hivemq-platform] [hivemq-platform-operator] [56d0a44e] 18:49:15.591 [ReconcilerExecutor-hivemq-controller-152] DEBUG c.h.p.o.HiveMQPlatformReconciler - [helmupgr] StatefulSet Spec (replicas: 2, init containers: 1, containers: 1, volumes: 4)
2025-01-30 18:49:15,594 INFO c.h.h.t.HelmChartContainer - [hivemq-test-hivemq-platform] [hivemq-platform-operator] [56d0a44e] 18:49:15.592 [ReconcilerExecutor-hivemq-controller-152] DEBUG c.h.p.o.h.HiveMQPlatformReconcilerErrorHandler - [helmupgr] Pod 'test-hivemq-platform-1' phase Running
2025-01-30 18:49:15,597 INFO c.h.h.t.HelmChartContainer - [hivemq-test-hivemq-platform] [hivemq-platform-operator] [56d0a44e] 18:49:15.595 [ReconcilerExecutor-hivemq-controller-152] DEBUG c.h.p.o.h.HiveMQPlatformReconcilerErrorHandler - [helmupgr] Pod 'test-hivemq-platform-0' phase Running
2025-01-30 18:49:15,598 INFO c.h.h.t.HelmChartContainer - [hivemq-test-hivemq-platform] [hivemq-platform-operator] [56d0a44e] 18:49:15.595 [ReconcilerExecutor-hivemq-controller-152] DEBUG c.h.p.o.h.HiveMQPlatformReconcilerRollingRestartHandler - [helmupgr] Rolling restart is waiting for 1 of 2 replicas
2025-01-30 18:49:15,615 INFO c.h.h.t.HelmChartContainer - [EVENT] Warning [Unhealthy] Readiness probe failed: HTTP probe failed with statuscode: 503 [helmupgradeextensionit:test-hivemq-platform-0]
2025-01-30 18:49:15,615 INFO c.h.h.t.HelmChartContainer - Received Unhealthy event for container hivemq in pod test-hivemq-platform-0 [7e81ed0d-5468-4c98-b726-785d1befd1f0]
2025-01-30 18:49:16,113 INFO c.h.h.t.HelmChartContainer - [test-hivemq-platform] [hivemq] [7e81ed0d] INFO  - Starting HiveMQ Enterprise Server
2025-01-30 18:49:16,199 INFO c.h.h.t.HelmChartContainer - [test-hivemq-platform] [hivemq] [7e81ed0d] INFO  - HiveMQ version: 4.36.0
2025-01-30 18:49:16,199 INFO c.h.h.t.HelmChartContainer - [test-hivemq-platform] [hivemq] [7e81ed0d] INFO  - HiveMQ home directory: /opt/hivemq
2025-01-30 18:49:16,199 INFO c.h.h.t.HelmChartContainer - [test-hivemq-platform] [hivemq] [7e81ed0d] INFO  - Log Configuration was overridden by /opt/hivemq/conf/logback.xml
2025-01-30 18:49:17,414 INFO c.h.h.t.HelmChartContainer - [test-hivemq-platform] [hivemq] [7e81ed0d] INFO  - Successfully loaded configuration from '/opt/hivemq/conf-k8s/config.xml'.
2025-01-30 18:49:17,797 INFO c.h.h.t.HelmChartContainer - [test-hivemq-platform] [hivemq] [7e81ed0d] INFO  - This node's ID is DT9d7
2025-01-30 18:49:17,797 INFO c.h.h.t.HelmChartContainer - [test-hivemq-platform] [hivemq] [7e81ed0d] INFO  - Clustering is enabled
2025-01-30 18:49:20,899 INFO c.h.h.t.HelmChartContainer - [test-hivemq-platform] [hivemq] [7e81ed0d] WARN  - [HiveMQ Platform Operator Init App 1.7.0-SNAPSHOT] Cannot connect to Health API for readiness: null
2025-01-30 18:49:20,905 INFO c.h.h.t.HelmChartContainer - [EVENT] Warning [Unhealthy] Readiness probe failed: HTTP probe failed with statuscode: 503 [helmupgradeextensionit:test-hivemq-platform-0]
2025-01-30 18:49:20,905 INFO c.h.h.t.HelmChartContainer - Received Unhealthy event for container hivemq in pod test-hivemq-platform-0 [7e81ed0d-5468-4c98-b726-785d1befd1f0]
2025-01-30 18:49:22,317 INFO c.h.h.t.HelmChartContainer - [test-hivemq-platform] [hivemq] [7e81ed0d] WARN  - [HiveMQ Platform Operator Init App 1.7.0-SNAPSHOT] Cannot connect to Health API for liveness: null
2025-01-30 18:49:22,317 INFO c.h.h.t.HelmChartContainer - [test-hivemq-platform] [hivemq] [7e81ed0d] INFO  - [HiveMQ Platform Operator Init App 1.7.0-SNAPSHOT] Returning default Health API response 200 for liveness
2025-01-30 18:49:25,606 INFO c.h.h.t.HelmChartContainer - [test-hivemq-platform] [hivemq] [7e81ed0d] WARN  - [HiveMQ Platform Operator Init App 1.7.0-SNAPSHOT] Cannot connect to Health API for readiness: null
2025-01-30 18:49:25,607 INFO c.h.h.t.HelmChartContainer - [hivemq-test-hivemq-platform] [hivemq-platform-operator] [56d0a44e] 18:49:25.606 [pool-6-thread-17] DEBUG c.h.p.o.d.PodServiceAccountResource - [helmupgr] Desired PodServiceAccountResource (serviceAccountName: hivemq-platform-pod-test-hivemq-platform)
2025-01-30 18:49:25,609 INFO c.h.h.t.HelmChartContainer - [hivemq-test-hivemq-platform] [hivemq-platform-operator] [56d0a44e] 18:49:25.608 [pool-6-thread-19] DEBUG c.h.p.o.dependants.PodInfoConfigMap - [helmupgr] Desired PodInfo ConfigMap (1 extensions) (1 enabled)
2025-01-30 18:49:25,609 INFO c.h.h.t.HelmChartContainer - [hivemq-test-hivemq-platform] [hivemq-platform-operator] [56d0a44e] 18:49:25.608 [pool-6-thread-19] DEBUG c.h.p.o.dependants.PodInfoConfigMap - [helmupgr] Desired PodInfo ConfigMap (metrics port: 9399) (metrics path: /)
2025-01-30 18:49:25,610 INFO c.h.h.t.HelmChartContainer - [hivemq-test-hivemq-platform] [hivemq-platform-operator] [56d0a44e] 18:49:25.608 [pool-6-thread-19] DEBUG c.h.p.o.dependants.PodInfoConfigMap - [helmupgr] Desired PodInfo ConfigMap (extension state hash: 1735936725)
2025-01-30 18:49:25,610 INFO c.h.h.t.HelmChartContainer - [hivemq-test-hivemq-platform] [hivemq-platform-operator] [56d0a44e] 18:49:25.609 [pool-6-thread-18] DEBUG c.h.p.o.d.PlatformServiceResource - [helmupgr] Desired Platform services (3 services)
2025-01-30 18:49:25,616 INFO c.h.h.t.HelmChartContainer - [hivemq-test-hivemq-platform] [hivemq-platform-operator] [56d0a44e] 18:49:25.613 [pool-6-thread-18] DEBUG c.h.p.o.d.StatefulSetResource - [helmupgr] Desired StatefulSet (2 replicas) for status ROLLING_RESTART (RESTART_PODS_IN_PROGRESS)
2025-01-30 18:49:25,617 INFO c.h.h.t.HelmChartContainer - [hivemq-test-hivemq-platform] [hivemq-platform-operator] [56d0a44e] 18:49:25.616 [ReconcilerExecutor-hivemq-controller-153] INFO  c.h.p.o.HiveMQPlatformReconciler - [helmupgr] Reconciling HiveMQ Platform 'test-hivemq-platform' in namespace 'helmupgradeextensionit'
2025-01-30 18:49:25,619 INFO c.h.h.t.HelmChartContainer - [EVENT] Warning [Unhealthy] Readiness probe failed: HTTP probe failed with statuscode: 503 [helmupgradeextensionit:test-hivemq-platform-0]
2025-01-30 18:49:25,619 INFO c.h.h.t.HelmChartContainer - Received Unhealthy event for container hivemq in pod test-hivemq-platform-0 [7e81ed0d-5468-4c98-b726-785d1befd1f0]
2025-01-30 18:49:25,619 INFO c.h.h.t.HelmChartContainer - [hivemq-test-hivemq-platform] [hivemq-platform-operator] [56d0a44e] 18:49:25.616 [ReconcilerExecutor-hivemq-controller-153] DEBUG c.h.p.o.HiveMQPlatformReconciler - [helmupgr] Custom Resource Status ROLLING_RESTART - HiveMQ Platform is restarting Pods (rolling restart) (RESTART_PODS_IN_PROGRESS)
2025-01-30 18:49:25,619 INFO c.h.h.t.HelmChartContainer - [hivemq-test-hivemq-platform] [hivemq-platform-operator] [56d0a44e] 18:49:25.616 [ReconcilerExecutor-hivemq-controller-153] DEBUG c.h.p.o.HiveMQPlatformReconciler - [helmupgr] Custom Resource Spec (replicas: 1) (extensions: 1)
2025-01-30 18:49:25,619 INFO c.h.h.t.HelmChartContainer - [hivemq-test-hivemq-platform] [hivemq-platform-operator] [56d0a44e] 18:49:25.617 [ReconcilerExecutor-hivemq-controller-153] DEBUG c.h.p.o.HiveMQPlatformReconciler - [helmupgr] StatefulSet Status (revision: test-hivemq-platform-7c6d7d4d7b, replicas: 2, available: 1, ready: 1, current: 0, updated: 2)
2025-01-30 18:49:25,620 INFO c.h.h.t.HelmChartContainer - [hivemq-test-hivemq-platform] [hivemq-platform-operator] [56d0a44e] 18:49:25.617 [ReconcilerExecutor-hivemq-controller-153] DEBUG c.h.p.o.HiveMQPlatformReconciler - [helmupgr] StatefulSet Spec (replicas: 2, init containers: 1, containers: 1, volumes: 4)
2025-01-30 18:49:25,620 INFO c.h.h.t.HelmChartContainer - [hivemq-test-hivemq-platform] [hivemq-platform-operator] [56d0a44e] 18:49:25.618 [ReconcilerExecutor-hivemq-controller-153] DEBUG c.h.p.o.h.HiveMQPlatformReconcilerErrorHandler - [helmupgr] Pod 'test-hivemq-platform-1' phase Running
2025-01-30 18:49:25,620 INFO c.h.h.t.HelmChartContainer - [hivemq-test-hivemq-platform] [hivemq-platform-operator] [56d0a44e] 18:49:25.619 [ReconcilerExecutor-hivemq-controller-153] DEBUG c.h.p.o.h.HiveMQPlatformReconcilerErrorHandler - [helmupgr] Pod 'test-hivemq-platform-0' phase Running
2025-01-30 18:49:25,621 INFO c.h.h.t.HelmChartContainer - [hivemq-test-hivemq-platform] [hivemq-platform-operator] [56d0a44e] 18:49:25.620 [ReconcilerExecutor-hivemq-controller-153] DEBUG c.h.p.o.h.HiveMQPlatformReconcilerRollingRestartHandler - [helmupgr] Rolling restart is waiting for 1 of 2 replicas
2025-01-30 18:49:28,811 INFO c.h.h.t.HelmChartContainer - [test-hivemq-platform] [hivemq] [25e4569e] WARN  - Bridge Extension: Connect to bridge 'testbridge' failed for the 5 time, reason: connection timed out after 10000 ms: /172.17.0.3:1883
2025-01-30 18:49:30,600 INFO c.h.h.t.HelmChartContainer - [test-hivemq-platform] [hivemq] [7e81ed0d] WARN  - [HiveMQ Platform Operator Init App 1.7.0-SNAPSHOT] Cannot connect to Health API for readiness: null
2025-01-30 18:49:30,603 INFO c.h.h.t.HelmChartContainer - [EVENT] Warning [Unhealthy] Readiness probe failed: HTTP probe failed with statuscode: 503 [helmupgradeextensionit:test-hivemq-platform-0]
2025-01-30 18:49:30,603 INFO c.h.h.t.HelmChartContainer - Received Unhealthy event for container hivemq in pod test-hivemq-platform-0 [7e81ed0d-5468-4c98-b726-785d1befd1f0]
2025-01-30 18:49:31,705 INFO c.h.h.t.HelmChartContainer - [test-hivemq-platform] [hivemq] [7e81ed0d] INFO  - No valid license file found. Using trial license, restricted to 25 connections.
2025-01-30 18:49:31,963 INFO c.h.h.t.HelmChartContainer - [test-hivemq-platform] [hivemq] [25e4569e] WARN  - Bridge Extension: Connect to bridge 'testbridge' failed for the 5 time, reason: connection timed out after 10000 ms: /172.17.0.3:1883
2025-01-30 18:49:34,610 INFO c.h.h.t.HelmChartContainer - [test-hivemq-platform] [hivemq] [7e81ed0d] INFO  - No valid license file for Data Hub found. Using free license, restricted to 1 policy.
2025-01-30 18:49:35,596 INFO c.h.h.t.HelmChartContainer - [test-hivemq-platform] [hivemq] [7e81ed0d] WARN  - [HiveMQ Platform Operator Init App 1.7.0-SNAPSHOT] Cannot connect to Health API for readiness: null
2025-01-30 18:49:35,601 INFO c.h.h.t.HelmChartContainer - [EVENT] Warning [Unhealthy] Readiness probe failed: HTTP probe failed with statuscode: 503 [helmupgradeextensionit:test-hivemq-platform-0]
2025-01-30 18:49:35,601 INFO c.h.h.t.HelmChartContainer - Received Unhealthy event for container hivemq in pod test-hivemq-platform-0 [7e81ed0d-5468-4c98-b726-785d1befd1f0]
2025-01-30 18:49:35,626 INFO c.h.h.t.HelmChartContainer - [hivemq-test-hivemq-platform] [hivemq-platform-operator] [56d0a44e] 18:49:35.623 [pool-6-thread-30] DEBUG c.h.p.o.d.PlatformServiceResource - [helmupgr] Desired Platform services (3 services)
2025-01-30 18:49:35,626 INFO c.h.h.t.HelmChartContainer - [hivemq-test-hivemq-platform] [hivemq-platform-operator] [56d0a44e] 18:49:35.623 [pool-6-thread-29] DEBUG c.h.p.o.d.PodServiceAccountResource - [helmupgr] Desired PodServiceAccountResource (serviceAccountName: hivemq-platform-pod-test-hivemq-platform)
2025-01-30 18:49:35,628 INFO c.h.h.t.HelmChartContainer - [hivemq-test-hivemq-platform] [hivemq-platform-operator] [56d0a44e] 18:49:35.626 [pool-6-thread-24] DEBUG c.h.p.o.dependants.PodInfoConfigMap - [helmupgr] Desired PodInfo ConfigMap (1 extensions) (1 enabled)
2025-01-30 18:49:35,628 INFO c.h.h.t.HelmChartContainer - [hivemq-test-hivemq-platform] [hivemq-platform-operator] [56d0a44e] 18:49:35.626 [pool-6-thread-24] DEBUG c.h.p.o.dependants.PodInfoConfigMap - [helmupgr] Desired PodInfo ConfigMap (metrics port: 9399) (metrics path: /)
2025-01-30 18:49:35,629 INFO c.h.h.t.HelmChartContainer - [hivemq-test-hivemq-platform] [hivemq-platform-operator] [56d0a44e] 18:49:35.627 [pool-6-thread-24] DEBUG c.h.p.o.dependants.PodInfoConfigMap - [helmupgr] Desired PodInfo ConfigMap (extension state hash: 1735936725)
2025-01-30 18:49:35,633 INFO c.h.h.t.HelmChartContainer - [hivemq-test-hivemq-platform] [hivemq-platform-operator] [56d0a44e] 18:49:35.631 [pool-6-thread-24] DEBUG c.h.p.o.d.StatefulSetResource - [helmupgr] Desired StatefulSet (2 replicas) for status ROLLING_RESTART (RESTART_PODS_IN_PROGRESS)
2025-01-30 18:49:35,636 INFO c.h.h.t.HelmChartContainer - [hivemq-test-hivemq-platform] [hivemq-platform-operator] [56d0a44e] 18:49:35.635 [ReconcilerExecutor-hivemq-controller-154] INFO  c.h.p.o.HiveMQPlatformReconciler - [helmupgr] Reconciling HiveMQ Platform 'test-hivemq-platform' in namespace 'helmupgradeextensionit'
2025-01-30 18:49:35,636 INFO c.h.h.t.HelmChartContainer - [hivemq-test-hivemq-platform] [hivemq-platform-operator] [56d0a44e] 18:49:35.635 [ReconcilerExecutor-hivemq-controller-154] DEBUG c.h.p.o.HiveMQPlatformReconciler - [helmupgr] Custom Resource Status ROLLING_RESTART - HiveMQ Platform is restarting Pods (rolling restart) (RESTART_PODS_IN_PROGRESS)
2025-01-30 18:49:35,636 INFO c.h.h.t.HelmChartContainer - [hivemq-test-hivemq-platform] [hivemq-platform-operator] [56d0a44e] 18:49:35.635 [ReconcilerExecutor-hivemq-controller-154] DEBUG c.h.p.o.HiveMQPlatformReconciler - [helmupgr] Custom Resource Spec (replicas: 1) (extensions: 1)
2025-01-30 18:49:35,638 INFO c.h.h.t.HelmChartContainer - [hivemq-test-hivemq-platform] [hivemq-platform-operator] [56d0a44e] 18:49:35.637 [ReconcilerExecutor-hivemq-controller-154] DEBUG c.h.p.o.HiveMQPlatformReconciler - [helmupgr] StatefulSet Status (revision: test-hivemq-platform-7c6d7d4d7b, replicas: 2, available: 1, ready: 1, current: 0, updated: 2)
2025-01-30 18:49:35,638 INFO c.h.h.t.HelmChartContainer - [hivemq-test-hivemq-platform] [hivemq-platform-operator] [56d0a44e] 18:49:35.637 [ReconcilerExecutor-hivemq-controller-154] DEBUG c.h.p.o.HiveMQPlatformReconciler - [helmupgr] StatefulSet Spec (replicas: 2, init containers: 1, containers: 1, volumes: 4)
2025-01-30 18:49:35,639 INFO c.h.h.t.HelmChartContainer - [hivemq-test-hivemq-platform] [hivemq-platform-operator] [56d0a44e] 18:49:35.638 [ReconcilerExecutor-hivemq-controller-154] DEBUG c.h.p.o.h.HiveMQPlatformReconcilerErrorHandler - [helmupgr] Pod 'test-hivemq-platform-1' phase Running
2025-01-30 18:49:35,641 INFO c.h.h.t.HelmChartContainer - [hivemq-test-hivemq-platform] [hivemq-platform-operator] [56d0a44e] 18:49:35.640 [ReconcilerExecutor-hivemq-controller-154] DEBUG c.h.p.o.h.HiveMQPlatformReconcilerErrorHandler - [helmupgr] Pod 'test-hivemq-platform-0' phase Running
2025-01-30 18:49:35,641 INFO c.h.h.t.HelmChartContainer - [hivemq-test-hivemq-platform] [hivemq-platform-operator] [56d0a44e] 18:49:35.640 [ReconcilerExecutor-hivemq-controller-154] DEBUG c.h.p.o.h.HiveMQPlatformReconcilerRollingRestartHandler - [helmupgr] Rolling restart is waiting for 1 of 2 replicas
2025-01-30 18:49:35,895 INFO c.h.h.t.HelmChartContainer - [test-hivemq-platform] [hivemq] [7e81ed0d] INFO  - Audit Logger started.
2025-01-30 18:49:36,217 INFO c.h.h.t.HelmChartContainer - [test-hivemq-platform] [hivemq] [7e81ed0d] INFO  - This node uses '1' CPU cores.
2025-01-30 18:49:36,222 INFO c.h.h.t.HelmChartContainer - [test-hivemq-platform] [hivemq] [7e81ed0d] INFO  - Starting HiveMQ Health API on address 0.0.0.0 and port 8889
2025-01-30 18:49:37,104 INFO c.h.h.t.HelmChartContainer - [test-hivemq-platform] [hivemq] [7e81ed0d] INFO  - Started HiveMQ Health API in 881ms
2025-01-30 18:49:37,898 INFO c.h.h.t.HelmChartContainer - [test-hivemq-platform] [hivemq] [7e81ed0d] INFO  - Starting HiveMQ extension system.
2025-01-30 18:49:39,801 INFO c.h.h.t.HelmChartContainer - [test-hivemq-platform] [hivemq] [7e81ed0d] INFO  - No license found for enterprise extension with name "HiveMQ Enterprise Bridge Extension". Entering extension trial mode. "HiveMQ Enterprise Bridge Extension" will be disabled in 5 hours.
2025-01-30 18:49:40,001 INFO c.h.h.t.HelmChartContainer - [test-hivemq-platform] [hivemq] [7e81ed0d] INFO  - Starting extension with id "hivemq-dns-cluster-discovery" at /opt/hivemq/extensions/hivemq-dns-cluster-discovery
2025-01-30 18:49:40,500 INFO c.h.h.t.HelmChartContainer - [test-hivemq-platform] [hivemq] [7e81ed0d] INFO  - Extension "DNS Cluster Discovery Extension" version 4.3.2 started successfully.
2025-01-30 18:49:40,501 INFO c.h.h.t.HelmChartContainer - [test-hivemq-platform] [hivemq] [7e81ed0d] INFO  - Starting extension with id "hivemq-bridge-extension" at /opt/hivemq/extensions/hivemq-bridge-extension
2025-01-30 18:49:40,501 INFO c.h.h.t.HelmChartContainer - [test-hivemq-platform] [hivemq] [7e81ed0d] INFO  - Using TCP cluster transport on address 10.42.0.10 and port 7000
2025-01-30 18:49:40,506 INFO c.h.h.t.HelmChartContainer - [test-hivemq-platform] [hivemq] [7e81ed0d] INFO  - Using extension cluster discovery
2025-01-30 18:49:41,600 INFO c.h.h.t.HelmChartContainer - [EVENT] Warning [Unhealthy] Readiness probe failed: Get "http://10.42.0.10:7979/readiness": context deadline exceeded (Client.Timeout exceeded while awaiting headers) [helmupgradeextensionit:test-hivemq-platform-0]
2025-01-30 18:49:41,600 INFO c.h.h.t.HelmChartContainer - Received Unhealthy event for container hivemq in pod test-hivemq-platform-0 [7e81ed0d-5468-4c98-b726-785d1befd1f0]
2025-01-30 18:49:41,705 INFO c.h.h.t.HelmChartContainer - [test-hivemq-platform] [hivemq] [7e81ed0d] INFO  - HiveMQ Enterprise Bridge Extension: Successfully loaded configuration from '/opt/hivemq/extensions/hivemq-bridge-extension/conf/config.xml'.
2025-01-30 18:49:42,197 INFO c.h.h.t.HelmChartContainer - [test-hivemq-platform] [hivemq] [7e81ed0d] INFO  - [HiveMQ Platform Operator Init App 1.7.0-SNAPSHOT] Returning Health API response 503 for readiness
2025-01-30 18:49:42,199 INFO c.h.h.t.HelmChartContainer - [test-hivemq-platform] [hivemq] [25e4569e] INFO  - Cluster nodes found by discovery: [rtbin|3] (2) [rtbin, DT9d7].
2025-01-30 18:49:42,304 INFO c.h.h.t.HelmChartContainer - [test-hivemq-platform] [hivemq] [7e81ed0d] INFO  - Cluster nodes found by discovery: [rtbin|3] (2) [rtbin, DT9d7].
2025-01-30 18:49:42,746 INFO c.h.h.t.HelmChartContainer - [test-hivemq-platform] [hivemq] [7e81ed0d] INFO  - Cluster size = 1, members : [rtbin].
2025-01-30 18:49:42,899 INFO c.h.h.t.HelmChartContainer - [test-hivemq-platform] [hivemq] [7e81ed0d] INFO  - Bridge Extension: Connecting to remote brokers...
2025-01-30 18:49:43,309 INFO c.h.h.t.HelmChartContainer - [test-hivemq-platform] [hivemq] [7e81ed0d] INFO  - Starting cluster join process. This may take a while. Please do not shut down HiveMQ.
2025-01-30 18:49:43,397 INFO c.h.h.t.HelmChartContainer - [test-hivemq-platform] [hivemq] [7e81ed0d] INFO  - Cluster join process is still ongoing. Please do not shut down HiveMQ.
2025-01-30 18:49:45,401 INFO c.h.h.t.HelmChartContainer - [test-hivemq-platform] [hivemq] [25e4569e] INFO  - Cluster size = 2, members : [rtbin, DT9d7].
2025-01-30 18:49:45,411 INFO c.h.h.t.HelmChartContainer - [test-hivemq-platform] [hivemq] [7e81ed0d] INFO  - Cluster size = 2, members : [rtbin, DT9d7].
2025-01-30 18:49:45,415 INFO c.h.h.t.HelmChartContainer - [test-hivemq-platform] [hivemq] [7e81ed0d] INFO  - Finished cluster join process successfully.
2025-01-30 18:49:45,563 INFO c.h.h.t.HelmChartContainer - [EVENT] Warning [Unhealthy] Readiness probe failed: HTTP probe failed with statuscode: 503 [helmupgradeextensionit:test-hivemq-platform-0]
2025-01-30 18:49:45,563 INFO c.h.h.t.HelmChartContainer - Received Unhealthy event for container hivemq in pod test-hivemq-platform-0 [7e81ed0d-5468-4c98-b726-785d1befd1f0]
2025-01-30 18:49:45,644 INFO c.h.h.t.HelmChartContainer - [hivemq-test-hivemq-platform] [hivemq-platform-operator] [56d0a44e] 18:49:45.643 [pool-6-thread-34] DEBUG c.h.p.o.d.PlatformServiceResource - [helmupgr] Desired Platform services (3 services)
2025-01-30 18:49:45,645 INFO c.h.h.t.HelmChartContainer - [hivemq-test-hivemq-platform] [hivemq-platform-operator] [56d0a44e] 18:49:45.643 [pool-6-thread-38] DEBUG c.h.p.o.dependants.PodInfoConfigMap - [helmupgr] Desired PodInfo ConfigMap (1 extensions) (1 enabled)
2025-01-30 18:49:45,646 INFO c.h.h.t.HelmChartContainer - [hivemq-test-hivemq-platform] [hivemq-platform-operator] [56d0a44e] 18:49:45.643 [pool-6-thread-38] DEBUG c.h.p.o.dependants.PodInfoConfigMap - [helmupgr] Desired PodInfo ConfigMap (metrics port: 9399) (metrics path: /)
2025-01-30 18:49:45,646 INFO c.h.h.t.HelmChartContainer - [hivemq-test-hivemq-platform] [hivemq-platform-operator] [56d0a44e] 18:49:45.643 [pool-6-thread-38] DEBUG c.h.p.o.dependants.PodInfoConfigMap - [helmupgr] Desired PodInfo ConfigMap (extension state hash: 1735936725)
2025-01-30 18:49:45,648 INFO c.h.h.t.HelmChartContainer - [hivemq-test-hivemq-platform] [hivemq-platform-operator] [56d0a44e] 18:49:45.646 [pool-6-thread-38] DEBUG c.h.p.o.d.PodServiceAccountResource - [helmupgr] Desired PodServiceAccountResource (serviceAccountName: hivemq-platform-pod-test-hivemq-platform)
2025-01-30 18:49:45,651 INFO c.h.h.t.HelmChartContainer - [hivemq-test-hivemq-platform] [hivemq-platform-operator] [56d0a44e] 18:49:45.650 [pool-6-thread-34] DEBUG c.h.p.o.d.StatefulSetResource - [helmupgr] Desired StatefulSet (2 replicas) for status ROLLING_RESTART (RESTART_PODS_IN_PROGRESS)
2025-01-30 18:49:45,653 INFO c.h.h.t.HelmChartContainer - [hivemq-test-hivemq-platform] [hivemq-platform-operator] [56d0a44e] 18:49:45.652 [ReconcilerExecutor-hivemq-controller-155] INFO  c.h.p.o.HiveMQPlatformReconciler - [helmupgr] Reconciling HiveMQ Platform 'test-hivemq-platform' in namespace 'helmupgradeextensionit'
2025-01-30 18:49:45,655 INFO c.h.h.t.HelmChartContainer - [hivemq-test-hivemq-platform] [hivemq-platform-operator] [56d0a44e] 18:49:45.653 [ReconcilerExecutor-hivemq-controller-155] DEBUG c.h.p.o.HiveMQPlatformReconciler - [helmupgr] Custom Resource Status ROLLING_RESTART - HiveMQ Platform is restarting Pods (rolling restart) (RESTART_PODS_IN_PROGRESS)
2025-01-30 18:49:45,655 INFO c.h.h.t.HelmChartContainer - [hivemq-test-hivemq-platform] [hivemq-platform-operator] [56d0a44e] 18:49:45.653 [ReconcilerExecutor-hivemq-controller-155] DEBUG c.h.p.o.HiveMQPlatformReconciler - [helmupgr] Custom Resource Spec (replicas: 1) (extensions: 1)
2025-01-30 18:49:45,655 INFO c.h.h.t.HelmChartContainer - [hivemq-test-hivemq-platform] [hivemq-platform-operator] [56d0a44e] 18:49:45.654 [ReconcilerExecutor-hivemq-controller-155] DEBUG c.h.p.o.HiveMQPlatformReconciler - [helmupgr] StatefulSet Status (revision: test-hivemq-platform-7c6d7d4d7b, replicas: 2, available: 1, ready: 1, current: 0, updated: 2)
2025-01-30 18:49:45,655 INFO c.h.h.t.HelmChartContainer - [hivemq-test-hivemq-platform] [hivemq-platform-operator] [56d0a44e] 18:49:45.654 [ReconcilerExecutor-hivemq-controller-155] DEBUG c.h.p.o.HiveMQPlatformReconciler - [helmupgr] StatefulSet Spec (replicas: 2, init containers: 1, containers: 1, volumes: 4)
2025-01-30 18:49:45,656 INFO c.h.h.t.HelmChartContainer - [hivemq-test-hivemq-platform] [hivemq-platform-operator] [56d0a44e] 18:49:45.655 [ReconcilerExecutor-hivemq-controller-155] DEBUG c.h.p.o.h.HiveMQPlatformReconcilerErrorHandler - [helmupgr] Pod 'test-hivemq-platform-1' phase Running
2025-01-30 18:49:45,657 INFO c.h.h.t.HelmChartContainer - [hivemq-test-hivemq-platform] [hivemq-platform-operator] [56d0a44e] 18:49:45.656 [ReconcilerExecutor-hivemq-controller-155] DEBUG c.h.p.o.h.HiveMQPlatformReconcilerErrorHandler - [helmupgr] Pod 'test-hivemq-platform-0' phase Running
2025-01-30 18:49:45,658 INFO c.h.h.t.HelmChartContainer - [hivemq-test-hivemq-platform] [hivemq-platform-operator] [56d0a44e] 18:49:45.657 [ReconcilerExecutor-hivemq-controller-155] DEBUG c.h.p.o.h.HiveMQPlatformReconcilerRollingRestartHandler - [helmupgr] Rolling restart is waiting for 1 of 2 replicas
2025-01-30 18:49:50,563 INFO c.h.h.t.HelmChartContainer - [EVENT] Warning [Unhealthy] Readiness probe failed: HTTP probe failed with statuscode: 503 [helmupgradeextensionit:test-hivemq-platform-0]
2025-01-30 18:49:50,563 INFO c.h.h.t.HelmChartContainer - Received Unhealthy event for container hivemq in pod test-hivemq-platform-0 [7e81ed0d-5468-4c98-b726-785d1befd1f0]
2025-01-30 18:49:52,320 INFO c.h.h.t.HelmChartContainer - [test-hivemq-platform] [hivemq] [7e81ed0d] INFO  - [HiveMQ Platform Operator Init App 1.7.0-SNAPSHOT] Returning Health API response 200 for liveness
2025-01-30 18:49:53,629 INFO c.h.h.t.HelmChartContainer - [test-hivemq-platform] [hivemq] [7e81ed0d] WARN  - Bridge Extension: Connect to bridge 'testbridge' failed for the 1 time, reason: connection timed out after 10000 ms: /172.17.0.3:1883
2025-01-30 18:49:53,634 INFO c.h.h.t.HelmChartContainer - [test-hivemq-platform] [hivemq] [7e81ed0d] WARN  - Bridge Extension: Connect to bridge 'testbridge' failed for the 1 time, reason: connection timed out after 10000 ms: /172.17.0.3:1883
2025-01-30 18:49:55,563 INFO c.h.h.t.HelmChartContainer - [EVENT] Warning [Unhealthy] Readiness probe failed: HTTP probe failed with statuscode: 503 [helmupgradeextensionit:test-hivemq-platform-0]
2025-01-30 18:49:55,563 INFO c.h.h.t.HelmChartContainer - Received Unhealthy event for container hivemq in pod test-hivemq-platform-0 [7e81ed0d-5468-4c98-b726-785d1befd1f0]
2025-01-30 18:49:55,662 INFO c.h.h.t.HelmChartContainer - [hivemq-test-hivemq-platform] [hivemq-platform-operator] [56d0a44e] 18:49:55.659 [pool-6-thread-43] DEBUG c.h.p.o.d.PlatformServiceResource - [helmupgr] Desired Platform services (3 services)
2025-01-30 18:49:55,662 INFO c.h.h.t.HelmChartContainer - [hivemq-test-hivemq-platform] [hivemq-platform-operator] [56d0a44e] 18:49:55.660 [pool-6-thread-48] DEBUG c.h.p.o.d.PodServiceAccountResource - [helmupgr] Desired PodServiceAccountResource (serviceAccountName: hivemq-platform-pod-test-hivemq-platform)
2025-01-30 18:49:55,663 INFO c.h.h.t.HelmChartContainer - [hivemq-test-hivemq-platform] [hivemq-platform-operator] [56d0a44e] 18:49:55.661 [pool-6-thread-42] DEBUG c.h.p.o.dependants.PodInfoConfigMap - [helmupgr] Desired PodInfo ConfigMap (1 extensions) (1 enabled)
2025-01-30 18:49:55,663 INFO c.h.h.t.HelmChartContainer - [hivemq-test-hivemq-platform] [hivemq-platform-operator] [56d0a44e] 18:49:55.661 [pool-6-thread-42] DEBUG c.h.p.o.dependants.PodInfoConfigMap - [helmupgr] Desired PodInfo ConfigMap (metrics port: 9399) (metrics path: /)
2025-01-30 18:49:55,663 INFO c.h.h.t.HelmChartContainer - [hivemq-test-hivemq-platform] [hivemq-platform-operator] [56d0a44e] 18:49:55.661 [pool-6-thread-42] DEBUG c.h.p.o.dependants.PodInfoConfigMap - [helmupgr] Desired PodInfo ConfigMap (extension state hash: 1735936725)
2025-01-30 18:49:55,666 INFO c.h.h.t.HelmChartContainer - [hivemq-test-hivemq-platform] [hivemq-platform-operator] [56d0a44e] 18:49:55.664 [pool-6-thread-42] DEBUG c.h.p.o.d.StatefulSetResource - [helmupgr] Desired StatefulSet (2 replicas) for status ROLLING_RESTART (RESTART_PODS_IN_PROGRESS)
2025-01-30 18:49:55,667 INFO c.h.h.t.HelmChartContainer - [hivemq-test-hivemq-platform] [hivemq-platform-operator] [56d0a44e] 18:49:55.666 [ReconcilerExecutor-hivemq-controller-156] INFO  c.h.p.o.HiveMQPlatformReconciler - [helmupgr] Reconciling HiveMQ Platform 'test-hivemq-platform' in namespace 'helmupgradeextensionit'
2025-01-30 18:49:55,667 INFO c.h.h.t.HelmChartContainer - [hivemq-test-hivemq-platform] [hivemq-platform-operator] [56d0a44e] 18:49:55.666 [ReconcilerExecutor-hivemq-controller-156] DEBUG c.h.p.o.HiveMQPlatformReconciler - [helmupgr] Custom Resource Status ROLLING_RESTART - HiveMQ Platform is restarting Pods (rolling restart) (RESTART_PODS_IN_PROGRESS)
2025-01-30 18:49:55,667 INFO c.h.h.t.HelmChartContainer - [hivemq-test-hivemq-platform] [hivemq-platform-operator] [56d0a44e] 18:49:55.666 [ReconcilerExecutor-hivemq-controller-156] DEBUG c.h.p.o.HiveMQPlatformReconciler - [helmupgr] Custom Resource Spec (replicas: 1) (extensions: 1)
2025-01-30 18:49:55,668 INFO c.h.h.t.HelmChartContainer - [hivemq-test-hivemq-platform] [hivemq-platform-operator] [56d0a44e] 18:49:55.667 [ReconcilerExecutor-hivemq-controller-156] DEBUG c.h.p.o.HiveMQPlatformReconciler - [helmupgr] StatefulSet Status (revision: test-hivemq-platform-7c6d7d4d7b, replicas: 2, available: 1, ready: 1, current: 0, updated: 2)
2025-01-30 18:49:55,668 INFO c.h.h.t.HelmChartContainer - [hivemq-test-hivemq-platform] [hivemq-platform-operator] [56d0a44e] 18:49:55.667 [ReconcilerExecutor-hivemq-controller-156] DEBUG c.h.p.o.HiveMQPlatformReconciler - [helmupgr] StatefulSet Spec (replicas: 2, init containers: 1, containers: 1, volumes: 4)
2025-01-30 18:49:55,670 INFO c.h.h.t.HelmChartContainer - [hivemq-test-hivemq-platform] [hivemq-platform-operator] [56d0a44e] 18:49:55.668 [ReconcilerExecutor-hivemq-controller-156] DEBUG c.h.p.o.h.HiveMQPlatformReconcilerErrorHandler - [helmupgr] Pod 'test-hivemq-platform-1' phase Running
2025-01-30 18:49:55,670 INFO c.h.h.t.HelmChartContainer - [hivemq-test-hivemq-platform] [hivemq-platform-operator] [56d0a44e] 18:49:55.669 [ReconcilerExecutor-hivemq-controller-156] DEBUG c.h.p.o.h.HiveMQPlatformReconcilerErrorHandler - [helmupgr] Pod 'test-hivemq-platform-0' phase Running
2025-01-30 18:49:55,670 INFO c.h.h.t.HelmChartContainer - [hivemq-test-hivemq-platform] [hivemq-platform-operator] [56d0a44e] 18:49:55.669 [ReconcilerExecutor-hivemq-controller-156] DEBUG c.h.p.o.h.HiveMQPlatformReconcilerRollingRestartHandler - [helmupgr] Rolling restart is waiting for 1 of 2 replicas
2025-01-30 18:50:00,562 INFO c.h.h.t.HelmChartContainer - [EVENT] Warning [Unhealthy] Readiness probe failed: HTTP probe failed with statuscode: 503 [helmupgradeextensionit:test-hivemq-platform-0]
2025-01-30 18:50:00,562 INFO c.h.h.t.HelmChartContainer - Received Unhealthy event for container hivemq in pod test-hivemq-platform-0 [7e81ed0d-5468-4c98-b726-785d1befd1f0]
2025-01-30 18:50:05,516 INFO c.h.h.t.HelmChartContainer - [test-hivemq-platform] [hivemq] [7e81ed0d] WARN  - Bridge Extension: Connect to bridge 'testbridge' failed for the 2 time, reason: connection timed out after 10000 ms: /172.17.0.3:1883
2025-01-30 18:50:05,562 INFO c.h.h.t.HelmChartContainer - [EVENT] Warning [Unhealthy] Readiness probe failed: HTTP probe failed with statuscode: 503 [helmupgradeextensionit:test-hivemq-platform-0]
2025-01-30 18:50:05,563 INFO c.h.h.t.HelmChartContainer - Received Unhealthy event for container hivemq in pod test-hivemq-platform-0 [7e81ed0d-5468-4c98-b726-785d1befd1f0]
2025-01-30 18:50:05,674 INFO c.h.h.t.HelmChartContainer - [hivemq-test-hivemq-platform] [hivemq-platform-operator] [56d0a44e] 18:50:05.672 [pool-6-thread-7] DEBUG c.h.p.o.d.PlatformServiceResource - [helmupgr] Desired Platform services (3 services)
2025-01-30 18:50:05,675 INFO c.h.h.t.HelmChartContainer - [hivemq-test-hivemq-platform] [hivemq-platform-operator] [56d0a44e] 18:50:05.672 [pool-6-thread-4] DEBUG c.h.p.o.d.PodServiceAccountResource - [helmupgr] Desired PodServiceAccountResource (serviceAccountName: hivemq-platform-pod-test-hivemq-platform)
2025-01-30 18:50:05,675 INFO c.h.h.t.HelmChartContainer - [hivemq-test-hivemq-platform] [hivemq-platform-operator] [56d0a44e] 18:50:05.673 [pool-6-thread-3] DEBUG c.h.p.o.dependants.PodInfoConfigMap - [helmupgr] Desired PodInfo ConfigMap (1 extensions) (1 enabled)
2025-01-30 18:50:05,675 INFO c.h.h.t.HelmChartContainer - [hivemq-test-hivemq-platform] [hivemq-platform-operator] [56d0a44e] 18:50:05.674 [pool-6-thread-3] DEBUG c.h.p.o.dependants.PodInfoConfigMap - [helmupgr] Desired PodInfo ConfigMap (metrics port: 9399) (metrics path: /)
2025-01-30 18:50:05,675 INFO c.h.h.t.HelmChartContainer - [hivemq-test-hivemq-platform] [hivemq-platform-operator] [56d0a44e] 18:50:05.674 [pool-6-thread-3] DEBUG c.h.p.o.dependants.PodInfoConfigMap - [helmupgr] Desired PodInfo ConfigMap (extension state hash: 1735936725)
2025-01-30 18:50:05,677 INFO c.h.h.t.HelmChartContainer - [hivemq-test-hivemq-platform] [hivemq-platform-operator] [56d0a44e] 18:50:05.677 [pool-6-thread-7] DEBUG c.h.p.o.d.StatefulSetResource - [helmupgr] Desired StatefulSet (2 replicas) for status ROLLING_RESTART (RESTART_PODS_IN_PROGRESS)
2025-01-30 18:50:05,679 INFO c.h.h.t.HelmChartContainer - [hivemq-test-hivemq-platform] [hivemq-platform-operator] [56d0a44e] 18:50:05.679 [ReconcilerExecutor-hivemq-controller-157] INFO  c.h.p.o.HiveMQPlatformReconciler - [helmupgr] Reconciling HiveMQ Platform 'test-hivemq-platform' in namespace 'helmupgradeextensionit'
2025-01-30 18:50:05,680 INFO c.h.h.t.HelmChartContainer - [hivemq-test-hivemq-platform] [hivemq-platform-operator] [56d0a44e] 18:50:05.679 [ReconcilerExecutor-hivemq-controller-157] DEBUG c.h.p.o.HiveMQPlatformReconciler - [helmupgr] Custom Resource Status ROLLING_RESTART - HiveMQ Platform is restarting Pods (rolling restart) (RESTART_PODS_IN_PROGRESS)
2025-01-30 18:50:05,680 INFO c.h.h.t.HelmChartContainer - [hivemq-test-hivemq-platform] [hivemq-platform-operator] [56d0a44e] 18:50:05.679 [ReconcilerExecutor-hivemq-controller-157] DEBUG c.h.p.o.HiveMQPlatformReconciler - [helmupgr] Custom Resource Spec (replicas: 1) (extensions: 1)
2025-01-30 18:50:05,681 INFO c.h.h.t.HelmChartContainer - [hivemq-test-hivemq-platform] [hivemq-platform-operator] [56d0a44e] 18:50:05.680 [ReconcilerExecutor-hivemq-controller-157] DEBUG c.h.p.o.HiveMQPlatformReconciler - [helmupgr] StatefulSet Status (revision: test-hivemq-platform-7c6d7d4d7b, replicas: 2, available: 1, ready: 1, current: 0, updated: 2)
2025-01-30 18:50:05,681 INFO c.h.h.t.HelmChartContainer - [hivemq-test-hivemq-platform] [hivemq-platform-operator] [56d0a44e] 18:50:05.680 [ReconcilerExecutor-hivemq-controller-157] DEBUG c.h.p.o.HiveMQPlatformReconciler - [helmupgr] StatefulSet Spec (replicas: 2, init containers: 1, containers: 1, volumes: 4)
2025-01-30 18:50:05,682 INFO c.h.h.t.HelmChartContainer - [hivemq-test-hivemq-platform] [hivemq-platform-operator] [56d0a44e] 18:50:05.682 [ReconcilerExecutor-hivemq-controller-157] DEBUG c.h.p.o.h.HiveMQPlatformReconcilerErrorHandler - [helmupgr] Pod 'test-hivemq-platform-1' phase Running
2025-01-30 18:50:05,683 INFO c.h.h.t.HelmChartContainer - [hivemq-test-hivemq-platform] [hivemq-platform-operator] [56d0a44e] 18:50:05.683 [ReconcilerExecutor-hivemq-controller-157] DEBUG c.h.p.o.h.HiveMQPlatformReconcilerErrorHandler - [helmupgr] Pod 'test-hivemq-platform-0' phase Running
2025-01-30 18:50:05,684 INFO c.h.h.t.HelmChartContainer - [hivemq-test-hivemq-platform] [hivemq-platform-operator] [56d0a44e] 18:50:05.683 [ReconcilerExecutor-hivemq-controller-157] DEBUG c.h.p.o.h.HiveMQPlatformReconcilerRollingRestartHandler - [helmupgr] Rolling restart is waiting for 1 of 2 replicas
2025-01-30 18:50:05,806 INFO c.h.h.t.HelmChartContainer - [test-hivemq-platform] [hivemq] [7e81ed0d] WARN  - Bridge Extension: Not all clients could connect successfully to remote brokers. The clients will retry the connection.
2025-01-30 18:50:05,806 INFO c.h.h.t.HelmChartContainer - [test-hivemq-platform] [hivemq] [7e81ed0d] WARN  - Bridge Extension: Connect to bridge 'testbridge' failed for the 2 time, reason: connection timed out after 10000 ms: /172.17.0.3:1883
2025-01-30 18:50:05,823 INFO c.h.h.t.HelmChartContainer - [test-hivemq-platform] [hivemq] [7e81ed0d] INFO  - Extension "HiveMQ Enterprise Bridge Extension" version 4.36.0 started successfully.
2025-01-30 18:50:05,823 INFO c.h.h.testcontainer.LogWaiterUtil - TEST Found log pattern on 'test-hivemq-platform-0': .*Extension "HiveMQ Enterprise Bridge Extension" version .* started successfully.
2025-01-30 18:50:05,823 INFO c.h.h.t.HelmChartContainer - [test-hivemq-platform] [hivemq] [7e81ed0d] INFO  - Starting extension with id "hivemq-prometheus-extension" at /opt/hivemq/extensions/hivemq-prometheus-extension
2025-01-30 18:50:06,209 INFO c.h.h.t.HelmChartContainer - [test-hivemq-platform] [hivemq] [7e81ed0d] INFO  - Started Jetty Server exposing Prometheus Servlet on URI http://0.0.0.0:9399/
2025-01-30 18:50:06,209 INFO c.h.h.t.HelmChartContainer - [test-hivemq-platform] [hivemq] [7e81ed0d] INFO  - Extension "Prometheus Monitoring Extension" version 4.0.12 started successfully.
2025-01-30 18:50:06,209 INFO c.h.h.t.HelmChartContainer - [test-hivemq-platform] [hivemq] [7e81ed0d] INFO  - Starting extension with id "hivemq-allow-all-extension" at /opt/hivemq/extensions/hivemq-allow-all-extension
2025-01-30 18:50:06,209 INFO c.h.h.t.HelmChartContainer - [test-hivemq-platform] [hivemq] [7e81ed0d] WARN  - 
2025-01-30 18:50:06,209 INFO c.h.h.t.HelmChartContainer - [test-hivemq-platform] [hivemq] [7e81ed0d] ################################################################################################################
2025-01-30 18:50:06,210 INFO c.h.h.t.HelmChartContainer - [test-hivemq-platform] [hivemq] [7e81ed0d] # This HiveMQ deployment is not secure! You are lacking Authentication and Authorization.                      #
2025-01-30 18:50:06,210 INFO c.h.h.t.HelmChartContainer - [test-hivemq-platform] [hivemq] [7e81ed0d] # Right now any MQTT client can connect to the broker with a full set of permissions.                          #
2025-01-30 18:50:06,210 INFO c.h.h.t.HelmChartContainer - [test-hivemq-platform] [hivemq] [7e81ed0d] # For production usage, add an appropriate security extension and remove the hivemq-allow-all extension.       #
2025-01-30 18:50:06,210 INFO c.h.h.t.HelmChartContainer - [test-hivemq-platform] [hivemq] [7e81ed0d] # You can download security extensions from the HiveMQ Marketplace (https://www.hivemq.com/extensions/).       #
2025-01-30 18:50:06,210 INFO c.h.h.t.HelmChartContainer - [test-hivemq-platform] [hivemq] [7e81ed0d] ################################################################################################################
2025-01-30 18:50:06,210 INFO c.h.h.t.HelmChartContainer - [test-hivemq-platform] [hivemq] [7e81ed0d] INFO  - Extension "Allow All Extension" version 1.1.1 started successfully.
2025-01-30 18:50:06,210 INFO c.h.h.t.HelmChartContainer - [test-hivemq-platform] [hivemq] [7e81ed0d] WARN  - No user for HiveMQ Control Center configured. Starting with default user
2025-01-30 18:50:06,210 INFO c.h.h.t.HelmChartContainer - [test-hivemq-platform] [hivemq] [7e81ed0d] INFO  - Starting HiveMQ Control Center on address 0.0.0.0 and port 8080
2025-01-30 18:50:06,218 INFO c.h.h.t.HelmChartContainer - [test-hivemq-platform] [hivemq] [7e81ed0d] INFO  - Mounting HiveMQ Control Center V2 Preview
2025-01-30 18:50:06,899 INFO c.h.h.t.HelmChartContainer - [test-hivemq-platform] [hivemq] [7e81ed0d] INFO  - Started HiveMQ Control Center in 689ms
2025-01-30 18:50:06,914 INFO c.h.h.t.HelmChartContainer - [test-hivemq-platform] [hivemq] [7e81ed0d] INFO  - Starting TCP listener on address 0.0.0.0 and port 1883
2025-01-30 18:50:06,997 INFO c.h.h.t.HelmChartContainer - [test-hivemq-platform] [hivemq] [7e81ed0d] INFO  - Started TCP Listener on address 0.0.0.0 and on port 1883.
2025-01-30 18:50:06,997 INFO c.h.h.t.HelmChartContainer - [test-hivemq-platform] [hivemq] [7e81ed0d] INFO  - Started HiveMQ in 51198ms
2025-01-30 18:50:08,487 INFO c.h.h.t.HelmChartContainer - [test-hivemq-platform] [hivemq] [25e4569e] WARN  - Bridge Extension: Connect to bridge 'testbridge' failed for the 6 time, reason: connection timed out after 10000 ms: /172.17.0.3:1883
2025-01-30 18:50:10,559 INFO c.h.h.t.HelmChartContainer - [test-hivemq-platform] [hivemq] [7e81ed0d] INFO  - [HiveMQ Platform Operator Init App 1.7.0-SNAPSHOT] Returning Health API response 200 for readiness
2025-01-30 18:50:10,574 INFO c.h.h.t.HelmChartContainer - [POD] test-hivemq-platform-0 [7e81ed0d-5468-4c98-b726-785d1befd1f0] in helmupgradeextensionit was MODIFIED
2025-01-30 18:50:10,594 INFO c.h.h.t.HelmChartContainer - [hivemq-test-hivemq-platform] [hivemq-platform-operator] [56d0a44e] 18:50:10.580 [pool-6-thread-15] DEBUG c.h.p.o.d.PlatformServiceResource - [helmupgr] Desired Platform services (3 services)
2025-01-30 18:50:10,594 INFO c.h.h.t.HelmChartContainer - [hivemq-test-hivemq-platform] [hivemq-platform-operator] [56d0a44e] 18:50:10.583 [pool-6-thread-20] DEBUG c.h.p.o.dependants.PodInfoConfigMap - [helmupgr] Desired PodInfo ConfigMap (1 extensions) (1 enabled)
2025-01-30 18:50:10,594 INFO c.h.h.t.HelmChartContainer - [hivemq-test-hivemq-platform] [hivemq-platform-operator] [56d0a44e] 18:50:10.583 [pool-6-thread-20] DEBUG c.h.p.o.dependants.PodInfoConfigMap - [helmupgr] Desired PodInfo ConfigMap (metrics port: 9399) (metrics path: /)
2025-01-30 18:50:10,594 INFO c.h.h.t.HelmChartContainer - [hivemq-test-hivemq-platform] [hivemq-platform-operator] [56d0a44e] 18:50:10.583 [pool-6-thread-20] DEBUG c.h.p.o.dependants.PodInfoConfigMap - [helmupgr] Desired PodInfo ConfigMap (extension state hash: 1735936725)
2025-01-30 18:50:10,594 INFO c.h.h.t.HelmChartContainer - [hivemq-test-hivemq-platform] [hivemq-platform-operator] [56d0a44e] 18:50:10.584 [pool-6-thread-20] DEBUG c.h.p.o.d.PodServiceAccountResource - [helmupgr] Desired PodServiceAccountResource (serviceAccountName: hivemq-platform-pod-test-hivemq-platform)
2025-01-30 18:50:10,594 INFO c.h.h.t.HelmChartContainer - [hivemq-test-hivemq-platform] [hivemq-platform-operator] [56d0a44e] 18:50:10.587 [pool-6-thread-12] DEBUG c.h.p.o.d.StatefulSetResource - [helmupgr] Desired StatefulSet (2 replicas) for status ROLLING_RESTART (RESTART_PODS_IN_PROGRESS)
2025-01-30 18:50:10,594 INFO c.h.h.t.HelmChartContainer - [hivemq-test-hivemq-platform] [hivemq-platform-operator] [56d0a44e] 18:50:10.590 [ReconcilerExecutor-hivemq-controller-160] INFO  c.h.p.o.HiveMQPlatformReconciler - [helmupgr] Reconciling HiveMQ Platform 'test-hivemq-platform' in namespace 'helmupgradeextensionit'
2025-01-30 18:50:10,594 INFO c.h.h.t.HelmChartContainer - [hivemq-test-hivemq-platform] [hivemq-platform-operator] [56d0a44e] 18:50:10.590 [ReconcilerExecutor-hivemq-controller-160] DEBUG c.h.p.o.HiveMQPlatformReconciler - [helmupgr] Custom Resource Status ROLLING_RESTART - HiveMQ Platform is restarting Pods (rolling restart) (RESTART_PODS_IN_PROGRESS)
2025-01-30 18:50:10,594 INFO c.h.h.t.HelmChartContainer - [hivemq-test-hivemq-platform] [hivemq-platform-operator] [56d0a44e] 18:50:10.590 [ReconcilerExecutor-hivemq-controller-160] DEBUG c.h.p.o.HiveMQPlatformReconciler - [helmupgr] Custom Resource Spec (replicas: 1) (extensions: 1)
2025-01-30 18:50:10,595 INFO c.h.h.t.HelmChartContainer - [hivemq-test-hivemq-platform] [hivemq-platform-operator] [56d0a44e] 18:50:10.591 [ReconcilerExecutor-hivemq-controller-160] DEBUG c.h.p.o.HiveMQPlatformReconciler - [helmupgr] StatefulSet Status (revision: test-hivemq-platform-7c6d7d4d7b, replicas: 2, available: 1, ready: 1, current: 0, updated: 2)
2025-01-30 18:50:10,595 INFO c.h.h.t.HelmChartContainer - [hivemq-test-hivemq-platform] [hivemq-platform-operator] [56d0a44e] 18:50:10.591 [ReconcilerExecutor-hivemq-controller-160] DEBUG c.h.p.o.HiveMQPlatformReconciler - [helmupgr] StatefulSet Spec (replicas: 2, init containers: 1, containers: 1, volumes: 4)
2025-01-30 18:50:10,598 INFO c.h.h.t.HelmChartContainer - [hivemq-test-hivemq-platform] [hivemq-platform-operator] [56d0a44e] 18:50:10.597 [ReconcilerExecutor-hivemq-controller-160] DEBUG c.h.p.o.h.HiveMQPlatformReconcilerErrorHandler - [helmupgr] Pod 'test-hivemq-platform-1' phase Running
2025-01-30 18:50:10,600 INFO c.h.h.t.HelmChartContainer - [hivemq-test-hivemq-platform] [hivemq-platform-operator] [56d0a44e] 18:50:10.599 [ReconcilerExecutor-hivemq-controller-160] DEBUG c.h.p.o.h.HiveMQPlatformReconcilerErrorHandler - [helmupgr] Pod 'test-hivemq-platform-0' phase Running
2025-01-30 18:50:10,602 INFO c.h.h.t.HelmChartContainer - [hivemq-test-hivemq-platform] [hivemq-platform-operator] [56d0a44e] 18:50:10.601 [ReconcilerExecutor-hivemq-controller-160] DEBUG c.h.p.o.h.HiveMQPlatformReconcilerRollingRestartHandler - [helmupgr] Rolling restart is waiting for 1 of 2 replicas
2025-01-30 18:50:10,658 INFO c.h.h.t.HelmChartContainer - [hivemq-test-hivemq-platform] [hivemq-platform-operator] [56d0a44e] 18:50:10.653 [pool-6-thread-23] DEBUG c.h.p.o.d.PlatformServiceResource - [helmupgr] Desired Platform services (3 services)
2025-01-30 18:50:10,658 INFO c.h.h.t.HelmChartContainer - [hivemq-test-hivemq-platform] [hivemq-platform-operator] [56d0a44e] 18:50:10.654 [pool-6-thread-22] DEBUG c.h.p.o.dependants.PodInfoConfigMap - [helmupgr] Desired PodInfo ConfigMap (1 extensions) (1 enabled)
2025-01-30 18:50:10,658 INFO c.h.h.t.HelmChartContainer - [hivemq-test-hivemq-platform] [hivemq-platform-operator] [56d0a44e] 18:50:10.654 [pool-6-thread-22] DEBUG c.h.p.o.dependants.PodInfoConfigMap - [helmupgr] Desired PodInfo ConfigMap (metrics port: 9399) (metrics path: /)
2025-01-30 18:50:10,658 INFO c.h.h.t.HelmChartContainer - [hivemq-test-hivemq-platform] [hivemq-platform-operator] [56d0a44e] 18:50:10.654 [pool-6-thread-22] DEBUG c.h.p.o.dependants.PodInfoConfigMap - [helmupgr] Desired PodInfo ConfigMap (extension state hash: 1735936725)
2025-01-30 18:50:10,658 INFO c.h.h.t.HelmChartContainer - [hivemq-test-hivemq-platform] [hivemq-platform-operator] [56d0a44e] 18:50:10.654 [pool-6-thread-30] DEBUG c.h.p.o.d.PodServiceAccountResource - [helmupgr] Desired PodServiceAccountResource (serviceAccountName: hivemq-platform-pod-test-hivemq-platform)
2025-01-30 18:50:10,659 INFO c.h.h.t.HelmChartContainer - [hivemq-test-hivemq-platform] [hivemq-platform-operator] [56d0a44e] 18:50:10.656 [pool-6-thread-23] DEBUG c.h.p.o.d.StatefulSetResource - [helmupgr] Desired StatefulSet (2 replicas) for status ROLLING_RESTART (RESTART_PODS_IN_PROGRESS)
2025-01-30 18:50:10,660 INFO c.h.h.t.HelmChartContainer - [hivemq-test-hivemq-platform] [hivemq-platform-operator] [56d0a44e] 18:50:10.659 [ReconcilerExecutor-hivemq-controller-161] INFO  c.h.p.o.HiveMQPlatformReconciler - [helmupgr] Reconciling HiveMQ Platform 'test-hivemq-platform' in namespace 'helmupgradeextensionit'
2025-01-30 18:50:10,660 INFO c.h.h.t.HelmChartContainer - [hivemq-test-hivemq-platform] [hivemq-platform-operator] [56d0a44e] 18:50:10.659 [ReconcilerExecutor-hivemq-controller-161] DEBUG c.h.p.o.HiveMQPlatformReconciler - [helmupgr] Custom Resource Status ROLLING_RESTART - HiveMQ Platform is restarting Pods (rolling restart) (RESTART_PODS_IN_PROGRESS)
2025-01-30 18:50:10,660 INFO c.h.h.t.HelmChartContainer - [hivemq-test-hivemq-platform] [hivemq-platform-operator] [56d0a44e] 18:50:10.659 [ReconcilerExecutor-hivemq-controller-161] DEBUG c.h.p.o.HiveMQPlatformReconciler - [helmupgr] Custom Resource Spec (replicas: 1) (extensions: 1)
2025-01-30 18:50:10,661 INFO c.h.h.t.HelmChartContainer - [hivemq-test-hivemq-platform] [hivemq-platform-operator] [56d0a44e] 18:50:10.660 [ReconcilerExecutor-hivemq-controller-161] DEBUG c.h.p.o.HiveMQPlatformReconciler - [helmupgr] StatefulSet Status (revision: test-hivemq-platform-7c6d7d4d7b, replicas: 2, available: 2, ready: 2, current: 0, updated: 2)
2025-01-30 18:50:10,661 INFO c.h.h.t.HelmChartContainer - [hivemq-test-hivemq-platform] [hivemq-platform-operator] [56d0a44e] 18:50:10.660 [ReconcilerExecutor-hivemq-controller-161] DEBUG c.h.p.o.HiveMQPlatformReconciler - [helmupgr] StatefulSet Spec (replicas: 2, init containers: 1, containers: 1, volumes: 4)
2025-01-30 18:50:10,664 INFO c.h.h.t.HelmChartContainer - [hivemq-test-hivemq-platform] [hivemq-platform-operator] [56d0a44e] 18:50:10.662 [ReconcilerExecutor-hivemq-controller-161] DEBUG c.h.p.o.h.HiveMQPlatformReconcilerErrorHandler - [helmupgr] Pod 'test-hivemq-platform-1' phase Running
2025-01-30 18:50:10,664 INFO c.h.h.t.HelmChartContainer - [hivemq-test-hivemq-platform] [hivemq-platform-operator] [56d0a44e] 18:50:10.663 [ReconcilerExecutor-hivemq-controller-161] DEBUG c.h.p.o.h.HiveMQPlatformReconcilerErrorHandler - [helmupgr] Pod 'test-hivemq-platform-0' phase Running
2025-01-30 18:50:10,754 INFO c.h.h.t.HelmChartContainer - [hivemq-test-hivemq-platform] [hivemq-platform-operator] [56d0a44e] 18:50:10.753 [ReconcilerExecutor-hivemq-controller-161] DEBUG c.h.p.o.h.HiveMQPlatformReconcilerRollingRestartHandler - [helmupgr] Skipping Pod test-hivemq-platform-1 as it's already on the controller update revision (update revision: test-hivemq-platform-7c6d7d4d7b, pod revision: test-hivemq-platform-7c6d7d4d7b)
2025-01-30 18:50:10,758 INFO c.h.h.t.HelmChartContainer - [hivemq-test-hivemq-platform] [hivemq-platform-operator] [56d0a44e] 18:50:10.758 [ReconcilerExecutor-hivemq-controller-161] DEBUG c.h.p.o.h.HiveMQPlatformReconcilerRollingRestartHandler - [helmupgr] Skipping Pod test-hivemq-platform-0 as it's already on the controller update revision (update revision: test-hivemq-platform-7c6d7d4d7b, pod revision: test-hivemq-platform-7c6d7d4d7b)
2025-01-30 18:50:10,759 INFO c.h.h.t.HelmChartContainer - [hivemq-test-hivemq-platform] [hivemq-platform-operator] [56d0a44e] 18:50:10.758 [ReconcilerExecutor-hivemq-controller-161] INFO  c.h.p.o.h.HiveMQPlatformReconcilerRollingRestartHandler - [helmupgr] Stopping surge Pod
2025-01-30 18:50:10,772 INFO c.h.h.t.HelmChartContainer - [hivemq-test-hivemq-platform] [hivemq-platform-operator] [56d0a44e] 18:50:10.771 [ReconcilerExecutor-hivemq-controller-161] DEBUG c.h.p.operator.event.EventSender - [helmupgr] Creating K8s event rolling-restart-scale-down-in-progress: [RollingRestart] HiveMQ Platform is stopping the surge Pod (rolling restart)
2025-01-30 18:50:10,779 INFO c.h.h.t.HelmChartContainer - [hivemq-test-hivemq-platform] [hivemq-platform-operator] [56d0a44e] 18:50:10.778 [ReconcilerExecutor-hivemq-controller-161] INFO  c.h.p.o.h.AbstractHiveMQReconcilerStateHandler - [helmupgr] Update HiveMQ Platform Status (ROLLING_RESTART [RESTART_PODS_IN_PROGRESS] -> ROLLING_RESTART [SCALE_DOWN_IN_PROGRESS]): HiveMQ Platform is stopping the surge Pod (rolling restart)
2025-01-30 18:50:10,780 INFO c.h.h.t.HelmChartContainer - [EVENT] Normal [RollingRestart] HiveMQ Platform is stopping the surge Pod (rolling restart) [helmupgradeextensionit:test-hivemq-platform]
2025-01-30 18:50:10,786 DEBUG com.hivemq.helmcharts.util.K8sUtil - Comparing actual state 'ROLLING_RESTART' and waiting for 'RUNNING'
2025-01-30 18:50:14,037 INFO c.h.h.t.HelmChartContainer - [test-hivemq-platform] [hivemq] [25e4569e] WARN  - Bridge Extension: Connect to bridge 'testbridge' failed for the 6 time, reason: connection timed out after 10000 ms: /172.17.0.3:1883
2025-01-30 18:50:19,055 INFO c.h.h.t.HelmChartContainer - [test-hivemq-platform] [hivemq] [7e81ed0d] WARN  - Bridge Extension: Connect to bridge 'testbridge' failed for the 3 time, reason: connection timed out after 10000 ms: /172.17.0.3:1883
2025-01-30 18:50:19,653 INFO c.h.h.t.HelmChartContainer - [test-hivemq-platform] [hivemq] [7e81ed0d] WARN  - Bridge Extension: Connect to bridge 'testbridge' failed for the 3 time, reason: connection timed out after 10000 ms: /172.17.0.3:1883
2025-01-30 18:50:20,793 INFO c.h.h.t.HelmChartContainer - [hivemq-test-hivemq-platform] [hivemq-platform-operator] [56d0a44e] 18:50:20.791 [pool-6-thread-40] DEBUG c.h.p.o.d.PlatformServiceResource - [helmupgr] Desired Platform services (3 services)
2025-01-30 18:50:20,794 INFO c.h.h.t.HelmChartContainer - [hivemq-test-hivemq-platform] [hivemq-platform-operator] [56d0a44e] 18:50:20.791 [pool-6-thread-31] DEBUG c.h.p.o.d.PodServiceAccountResource - [helmupgr] Desired PodServiceAccountResource (serviceAccountName: hivemq-platform-pod-test-hivemq-platform)
2025-01-30 18:50:20,794 INFO c.h.h.t.HelmChartContainer - [hivemq-test-hivemq-platform] [hivemq-platform-operator] [56d0a44e] 18:50:20.791 [pool-6-thread-35] DEBUG c.h.p.o.dependants.PodInfoConfigMap - [helmupgr] Desired PodInfo ConfigMap (1 extensions) (1 enabled)
2025-01-30 18:50:20,794 INFO c.h.h.t.HelmChartContainer - [hivemq-test-hivemq-platform] [hivemq-platform-operator] [56d0a44e] 18:50:20.791 [pool-6-thread-35] DEBUG c.h.p.o.dependants.PodInfoConfigMap - [helmupgr] Desired PodInfo ConfigMap (metrics port: 9399) (metrics path: /)
2025-01-30 18:50:20,794 INFO c.h.h.t.HelmChartContainer - [hivemq-test-hivemq-platform] [hivemq-platform-operator] [56d0a44e] 18:50:20.791 [pool-6-thread-35] DEBUG c.h.p.o.dependants.PodInfoConfigMap - [helmupgr] Desired PodInfo ConfigMap (extension state hash: 1735936725)
2025-01-30 18:50:20,794 INFO c.h.h.t.HelmChartContainer - [hivemq-test-hivemq-platform] [hivemq-platform-operator] [56d0a44e] 18:50:20.792 [pool-6-thread-35] DEBUG c.h.p.o.dependants.PodInfoConfigMap - [helmupgr] Update PodInfo ConfigMap
2025-01-30 18:50:20,801 INFO c.h.h.t.HelmChartContainer - [hivemq-test-hivemq-platform] [hivemq-platform-operator] [56d0a44e] 18:50:20.800 [pool-6-thread-35] DEBUG c.h.p.o.d.StatefulSetResource - [helmupgr] Desired StatefulSet (1 replicas) for status ROLLING_RESTART (SCALE_DOWN_IN_PROGRESS)
2025-01-30 18:50:20,803 INFO c.h.h.t.HelmChartContainer - [hivemq-test-hivemq-platform] [hivemq-platform-operator] [56d0a44e] 18:50:20.802 [pool-6-thread-35] DEBUG c.h.p.o.d.StatefulSetResource - [helmupgr] Update StatefulSet (replicas: 2 -> 1)
2025-01-30 18:50:20,817 INFO c.h.h.t.HelmChartContainer - [hivemq-test-hivemq-platform] [hivemq-platform-operator] [56d0a44e] 18:50:20.815 [ReconcilerExecutor-hivemq-controller-162] INFO  c.h.p.o.HiveMQPlatformReconciler - [helmupgr] Reconciling HiveMQ Platform 'test-hivemq-platform' in namespace 'helmupgradeextensionit'
2025-01-30 18:50:20,817 INFO c.h.h.t.HelmChartContainer - [hivemq-test-hivemq-platform] [hivemq-platform-operator] [56d0a44e] 18:50:20.815 [ReconcilerExecutor-hivemq-controller-162] DEBUG c.h.p.o.HiveMQPlatformReconciler - [helmupgr] Custom Resource Status ROLLING_RESTART - HiveMQ Platform is stopping the surge Pod (rolling restart) (SCALE_DOWN_IN_PROGRESS)
2025-01-30 18:50:20,817 INFO c.h.h.t.HelmChartContainer - [hivemq-test-hivemq-platform] [hivemq-platform-operator] [56d0a44e] 18:50:20.815 [ReconcilerExecutor-hivemq-controller-162] DEBUG c.h.p.o.HiveMQPlatformReconciler - [helmupgr] Custom Resource Spec (replicas: 1) (extensions: 1)
2025-01-30 18:50:20,817 INFO c.h.h.t.HelmChartContainer - [hivemq-test-hivemq-platform] [hivemq-platform-operator] [56d0a44e] 18:50:20.816 [ReconcilerExecutor-hivemq-controller-162] DEBUG c.h.p.o.HiveMQPlatformReconciler - [helmupgr] StatefulSet Status (revision: test-hivemq-platform-7c6d7d4d7b, replicas: 2, available: 2, ready: 2, current: 0, updated: 2)
2025-01-30 18:50:20,817 INFO c.h.h.t.HelmChartContainer - [hivemq-test-hivemq-platform] [hivemq-platform-operator] [56d0a44e] 18:50:20.816 [ReconcilerExecutor-hivemq-controller-162] DEBUG c.h.p.o.HiveMQPlatformReconciler - [helmupgr] StatefulSet Spec (replicas: 1, init containers: 1, containers: 1, volumes: 4)
2025-01-30 18:50:20,824 INFO c.h.h.t.HelmChartContainer - [hivemq-test-hivemq-platform] [hivemq-platform-operator] [56d0a44e] 18:50:20.821 [ReconcilerExecutor-hivemq-controller-162] DEBUG c.h.p.o.h.HiveMQPlatformReconcilerErrorHandler - [helmupgr] Pod 'test-hivemq-platform-0' phase Running
2025-01-30 18:50:20,824 INFO c.h.h.t.HelmChartContainer - [hivemq-test-hivemq-platform] [hivemq-platform-operator] [56d0a44e] 18:50:20.821 [ReconcilerExecutor-hivemq-controller-162] DEBUG c.h.p.o.h.HiveMQPlatformReconcilerRollingRestartHandler - [helmupgr] Rolling restart is waiting for 2 of 1 replicas
2025-01-30 18:50:20,825 INFO c.h.h.t.HelmChartContainer - [EVENT] Normal [SuccessfulDelete] delete Pod test-hivemq-platform-1 in StatefulSet test-hivemq-platform successful [helmupgradeextensionit:test-hivemq-platform]
2025-01-30 18:50:20,826 INFO c.h.h.t.HelmChartContainer - [POD] test-hivemq-platform-1 [25e4569e-d44c-41a2-8a37-428661d7b029] in helmupgradeextensionit was MODIFIED
2025-01-30 18:50:20,840 INFO c.h.h.t.HelmChartContainer - [EVENT] Normal [Killing] Stopping container hivemq [helmupgradeextensionit:test-hivemq-platform-1]
2025-01-30 18:50:20,840 INFO c.h.h.t.HelmChartContainer - Received Killing event for container hivemq in pod test-hivemq-platform-1 [25e4569e-d44c-41a2-8a37-428661d7b029]
2025-01-30 18:50:20,840 INFO c.h.h.t.HelmChartContainer - Container [test-hivemq-platform-1] [hivemq] [25e4569e-d44c-41a2-8a37-428661d7b029] was terminated
2025-01-30 18:50:20,840 INFO c.h.h.t.HelmChartContainer - Stopped log watcher for hivemq in pod test-hivemq-platform-1 [25e4569e-d44c-41a2-8a37-428661d7b029]
2025-01-30 18:50:20,841 INFO c.h.h.t.HelmChartContainer - [test-hivemq-platform] [hivemq] [25e4569e] INFO  - [HiveMQ Platform Operator Init App 1.7.0-SNAPSHOT] Shutting down
2025-01-30 18:50:20,841 INFO c.h.h.t.HelmChartContainer - [test-hivemq-platform] [hivemq] [25e4569e] INFO  - [HiveMQ Platform Operator Init App 1.7.0-SNAPSHOT] Stopping the HiveMQ Platform
2025-01-30 18:50:20,859 INFO c.h.h.t.HelmChartContainer - [hivemq-test-hivemq-platform] [hivemq-platform-operator] [56d0a44e] 18:50:20.857 [pool-6-thread-41] DEBUG c.h.p.o.dependants.PodInfoConfigMap - [helmupgr] Desired PodInfo ConfigMap (1 extensions) (1 enabled)
2025-01-30 18:50:20,863 INFO c.h.h.t.HelmChartContainer - [hivemq-test-hivemq-platform] [hivemq-platform-operator] [56d0a44e] 18:50:20.862 [pool-6-thread-41] DEBUG c.h.p.o.dependants.PodInfoConfigMap - [helmupgr] Desired PodInfo ConfigMap (metrics port: 9399) (metrics path: /)
2025-01-30 18:50:20,863 INFO c.h.h.t.HelmChartContainer - [hivemq-test-hivemq-platform] [hivemq-platform-operator] [56d0a44e] 18:50:20.862 [pool-6-thread-41] DEBUG c.h.p.o.dependants.PodInfoConfigMap - [helmupgr] Desired PodInfo ConfigMap (extension state hash: 1735936725)
2025-01-30 18:50:20,865 INFO c.h.h.t.HelmChartContainer - [hivemq-test-hivemq-platform] [hivemq-platform-operator] [56d0a44e] 18:50:20.858 [pool-6-thread-48] DEBUG c.h.p.o.d.PodServiceAccountResource - [helmupgr] Desired PodServiceAccountResource (serviceAccountName: hivemq-platform-pod-test-hivemq-platform)
2025-01-30 18:50:20,865 INFO c.h.h.t.HelmChartContainer - [hivemq-test-hivemq-platform] [hivemq-platform-operator] [56d0a44e] 18:50:20.859 [pool-6-thread-46] DEBUG c.h.p.o.d.PlatformServiceResource - [helmupgr] Desired Platform services (3 services)
2025-01-30 18:50:20,869 INFO c.h.h.t.HelmChartContainer - [hivemq-test-hivemq-platform] [hivemq-platform-operator] [56d0a44e] 18:50:20.867 [pool-6-thread-47] DEBUG c.h.p.o.d.StatefulSetResource - [helmupgr] Desired StatefulSet (1 replicas) for status ROLLING_RESTART (SCALE_DOWN_IN_PROGRESS)
2025-01-30 18:50:20,872 INFO c.h.h.t.HelmChartContainer - [hivemq-test-hivemq-platform] [hivemq-platform-operator] [56d0a44e] 18:50:20.872 [ReconcilerExecutor-hivemq-controller-53] INFO  c.h.p.o.HiveMQPlatformReconciler - [helmupgr] Reconciling HiveMQ Platform 'test-hivemq-platform' in namespace 'helmupgradeextensionit'
2025-01-30 18:50:20,873 INFO c.h.h.t.HelmChartContainer - [hivemq-test-hivemq-platform] [hivemq-platform-operator] [56d0a44e] 18:50:20.872 [ReconcilerExecutor-hivemq-controller-53] DEBUG c.h.p.o.HiveMQPlatformReconciler - [helmupgr] Custom Resource Status ROLLING_RESTART - HiveMQ Platform is stopping the surge Pod (rolling restart) (SCALE_DOWN_IN_PROGRESS)
2025-01-30 18:50:20,873 INFO c.h.h.t.HelmChartContainer - [hivemq-test-hivemq-platform] [hivemq-platform-operator] [56d0a44e] 18:50:20.872 [ReconcilerExecutor-hivemq-controller-53] DEBUG c.h.p.o.HiveMQPlatformReconciler - [helmupgr] Custom Resource Spec (replicas: 1) (extensions: 1)
2025-01-30 18:50:20,875 INFO c.h.h.t.HelmChartContainer - [hivemq-test-hivemq-platform] [hivemq-platform-operator] [56d0a44e] 18:50:20.874 [ReconcilerExecutor-hivemq-controller-53] DEBUG c.h.p.o.HiveMQPlatformReconciler - [helmupgr] StatefulSet Status (revision: test-hivemq-platform-7c6d7d4d7b, replicas: 2, available: 2, ready: 2, current: 0, updated: 1)
2025-01-30 18:50:20,875 INFO c.h.h.t.HelmChartContainer - [hivemq-test-hivemq-platform] [hivemq-platform-operator] [56d0a44e] 18:50:20.874 [ReconcilerExecutor-hivemq-controller-53] DEBUG c.h.p.o.HiveMQPlatformReconciler - [helmupgr] StatefulSet Spec (replicas: 1, init containers: 1, containers: 1, volumes: 4)
2025-01-30 18:50:20,878 INFO c.h.h.t.HelmChartContainer - [hivemq-test-hivemq-platform] [hivemq-platform-operator] [56d0a44e] 18:50:20.878 [ReconcilerExecutor-hivemq-controller-53] DEBUG c.h.p.o.h.HiveMQPlatformReconcilerErrorHandler - [helmupgr] Pod 'test-hivemq-platform-0' phase Running
2025-01-30 18:50:20,879 INFO c.h.h.t.HelmChartContainer - [hivemq-test-hivemq-platform] [hivemq-platform-operator] [56d0a44e] 18:50:20.878 [ReconcilerExecutor-hivemq-controller-53] DEBUG c.h.p.o.h.HiveMQPlatformReconcilerRollingRestartHandler - [helmupgr] Rolling restart is waiting for 2 of 1 replicas
2025-01-30 18:50:20,913 INFO c.h.h.t.HelmChartContainer - [test-hivemq-platform] [hivemq] [25e4569e] INFO  - Shutting down HiveMQ. Please wait, this could take a while...
2025-01-30 18:50:20,916 INFO c.h.h.t.HelmChartContainer - [test-hivemq-platform] [hivemq] [25e4569e] INFO  - Shutting down listeners and clients
2025-01-30 18:50:20,956 INFO c.h.h.t.HelmChartContainer - [hivemq-test-hivemq-platform] [hivemq-platform-operator] [56d0a44e] 18:50:20.953 [pool-6-thread-6] DEBUG c.h.p.o.d.PlatformServiceResource - [helmupgr] Desired Platform services (3 services)
2025-01-30 18:50:20,956 INFO c.h.h.t.HelmChartContainer - [hivemq-test-hivemq-platform] [hivemq-platform-operator] [56d0a44e] 18:50:20.954 [pool-6-thread-9] DEBUG c.h.p.o.dependants.PodInfoConfigMap - [helmupgr] Desired PodInfo ConfigMap (1 extensions) (1 enabled)
2025-01-30 18:50:20,956 INFO c.h.h.t.HelmChartContainer - [hivemq-test-hivemq-platform] [hivemq-platform-operator] [56d0a44e] 18:50:20.954 [pool-6-thread-9] DEBUG c.h.p.o.dependants.PodInfoConfigMap - [helmupgr] Desired PodInfo ConfigMap (metrics port: 9399) (metrics path: /)
2025-01-30 18:50:20,956 INFO c.h.h.t.HelmChartContainer - [hivemq-test-hivemq-platform] [hivemq-platform-operator] [56d0a44e] 18:50:20.954 [pool-6-thread-9] DEBUG c.h.p.o.dependants.PodInfoConfigMap - [helmupgr] Desired PodInfo ConfigMap (extension state hash: 1735936725)
2025-01-30 18:50:20,956 INFO c.h.h.t.HelmChartContainer - [hivemq-test-hivemq-platform] [hivemq-platform-operator] [56d0a44e] 18:50:20.954 [pool-6-thread-9] DEBUG c.h.p.o.d.PodServiceAccountResource - [helmupgr] Desired PodServiceAccountResource (serviceAccountName: hivemq-platform-pod-test-hivemq-platform)
2025-01-30 18:50:20,958 INFO c.h.h.t.HelmChartContainer - [hivemq-test-hivemq-platform] [hivemq-platform-operator] [56d0a44e] 18:50:20.958 [pool-6-thread-7] DEBUG c.h.p.o.d.StatefulSetResource - [helmupgr] Desired StatefulSet (1 replicas) for status ROLLING_RESTART (SCALE_DOWN_IN_PROGRESS)
2025-01-30 18:50:20,960 INFO c.h.h.t.HelmChartContainer - [hivemq-test-hivemq-platform] [hivemq-platform-operator] [56d0a44e] 18:50:20.960 [ReconcilerExecutor-hivemq-controller-53] INFO  c.h.p.o.HiveMQPlatformReconciler - [helmupgr] Reconciling HiveMQ Platform 'test-hivemq-platform' in namespace 'helmupgradeextensionit'
2025-01-30 18:50:20,961 INFO c.h.h.t.HelmChartContainer - [hivemq-test-hivemq-platform] [hivemq-platform-operator] [56d0a44e] 18:50:20.960 [ReconcilerExecutor-hivemq-controller-53] DEBUG c.h.p.o.HiveMQPlatformReconciler - [helmupgr] Custom Resource Status ROLLING_RESTART - HiveMQ Platform is stopping the surge Pod (rolling restart) (SCALE_DOWN_IN_PROGRESS)
2025-01-30 18:50:20,961 INFO c.h.h.t.HelmChartContainer - [hivemq-test-hivemq-platform] [hivemq-platform-operator] [56d0a44e] 18:50:20.960 [ReconcilerExecutor-hivemq-controller-53] DEBUG c.h.p.o.HiveMQPlatformReconciler - [helmupgr] Custom Resource Spec (replicas: 1) (extensions: 1)
2025-01-30 18:50:20,963 INFO c.h.h.t.HelmChartContainer - [hivemq-test-hivemq-platform] [hivemq-platform-operator] [56d0a44e] 18:50:20.962 [ReconcilerExecutor-hivemq-controller-53] DEBUG c.h.p.o.HiveMQPlatformReconciler - [helmupgr] StatefulSet Status (revision: test-hivemq-platform-7c6d7d4d7b, replicas: 2, available: 2, ready: 2, current: 0, updated: 1)
2025-01-30 18:50:20,963 INFO c.h.h.t.HelmChartContainer - [hivemq-test-hivemq-platform] [hivemq-platform-operator] [56d0a44e] 18:50:20.962 [ReconcilerExecutor-hivemq-controller-53] DEBUG c.h.p.o.HiveMQPlatformReconciler - [helmupgr] StatefulSet Spec (replicas: 1, init containers: 1, containers: 1, volumes: 4)
2025-01-30 18:50:20,964 INFO c.h.h.t.HelmChartContainer - [hivemq-test-hivemq-platform] [hivemq-platform-operator] [56d0a44e] 18:50:20.963 [ReconcilerExecutor-hivemq-controller-53] DEBUG c.h.p.o.h.HiveMQPlatformReconcilerErrorHandler - [helmupgr] Pod 'test-hivemq-platform-0' phase Running
2025-01-30 18:50:20,965 INFO c.h.h.t.HelmChartContainer - [hivemq-test-hivemq-platform] [hivemq-platform-operator] [56d0a44e] 18:50:20.965 [ReconcilerExecutor-hivemq-controller-53] DEBUG c.h.p.o.h.HiveMQPlatformReconcilerRollingRestartHandler - [helmupgr] Rolling restart is waiting for 2 of 1 replicas
2025-01-30 18:50:20,995 INFO c.h.h.t.HelmChartContainer - [test-hivemq-platform] [hivemq] [25e4569e] INFO  - Shutdown of listeners is done
2025-01-30 18:50:20,996 INFO c.h.h.t.HelmChartContainer - [test-hivemq-platform] [hivemq] [25e4569e] INFO  - No clients are connected, proceeding with shutdown
2025-01-30 18:50:23,914 INFO c.h.h.t.HelmChartContainer - [test-hivemq-platform] [hivemq] [25e4569e] INFO  - Shutting down extension system
2025-01-30 18:50:23,923 INFO c.h.h.t.HelmChartContainer - [test-hivemq-platform] [hivemq] [25e4569e] INFO  - Stopping extension with id hivemq-dns-cluster-discovery
2025-01-30 18:50:23,925 INFO c.h.h.t.HelmChartContainer - [test-hivemq-platform] [hivemq] [25e4569e] INFO  - Extension "DNS Cluster Discovery Extension" version 4.3.2 stopped successfully.
2025-01-30 18:50:23,926 INFO c.h.h.t.HelmChartContainer - [test-hivemq-platform] [hivemq] [25e4569e] INFO  - Stopping extension with id hivemq-bridge-extension
2025-01-30 18:50:23,929 INFO c.h.h.t.HelmChartContainer - [test-hivemq-platform] [hivemq] [25e4569e] INFO  - Bridge Extension: Stopping extension
2025-01-30 18:50:24,001 INFO c.h.h.t.HelmChartContainer - [test-hivemq-platform] [hivemq] [25e4569e] ERROR - Bridge Extension: Error when disconnecting client "testbridge-0-a42130b1-66b1-4c0e-89ac-6da415c3adc4". Reason: MQTT client is not connected.
2025-01-30 18:50:24,001 INFO c.h.h.t.HelmChartContainer - [test-hivemq-platform] [hivemq] [25e4569e] ERROR - Bridge Extension: Error when disconnecting client "testbridge-1-a42130b1-66b1-4c0e-89ac-6da415c3adc4". Reason: MQTT client is not connected.
2025-01-30 18:50:24,001 INFO c.h.h.t.HelmChartContainer - [test-hivemq-platform] [hivemq] [25e4569e] INFO  - Extension "HiveMQ Enterprise Bridge Extension" version 4.36.0 stopped successfully.
2025-01-30 18:50:24,001 INFO c.h.h.t.HelmChartContainer - [test-hivemq-platform] [hivemq] [25e4569e] INFO  - Stopping extension with id hivemq-prometheus-extension
2025-01-30 18:50:24,006 INFO c.h.h.t.HelmChartContainer - [test-hivemq-platform] [hivemq] [25e4569e] INFO  - Extension "Prometheus Monitoring Extension" version 4.0.12 stopped successfully.
2025-01-30 18:50:24,006 INFO c.h.h.t.HelmChartContainer - [test-hivemq-platform] [hivemq] [25e4569e] INFO  - Stopping extension with id hivemq-allow-all-extension
2025-01-30 18:50:24,006 INFO c.h.h.t.HelmChartContainer - [test-hivemq-platform] [hivemq] [25e4569e] INFO  - Extension "Allow All Extension" version 1.1.1 stopped successfully.
2025-01-30 18:50:24,011 INFO c.h.h.t.HelmChartContainer - [test-hivemq-platform] [hivemq] [7e81ed0d] INFO  - Cluster nodes found by discovery: [DT9d7|4] (1) [DT9d7].
2025-01-30 18:50:24,015 INFO c.h.h.t.HelmChartContainer - [test-hivemq-platform] [hivemq] [7e81ed0d] INFO  - Cluster size = 1, members : [DT9d7].
2025-01-30 18:50:24,121 INFO c.h.h.t.HelmChartContainer - [test-hivemq-platform] [hivemq] [25e4569e] INFO  - [HiveMQ Platform Operator Init App 1.7.0-SNAPSHOT] Returning shutdown Health API response 503 for readiness
2025-01-30 18:50:24,125 INFO c.h.h.t.HelmChartContainer - [EVENT] Warning [Unhealthy] Readiness probe failed: HTTP probe failed with statuscode: 503 [helmupgradeextensionit:test-hivemq-platform-1]
2025-01-30 18:50:24,125 INFO c.h.h.t.HelmChartContainer - Received Unhealthy event for container hivemq in pod test-hivemq-platform-1 [25e4569e-d44c-41a2-8a37-428661d7b029]
2025-01-30 18:50:26,297 INFO c.h.h.t.HelmChartContainer - [test-hivemq-platform] [hivemq] [25e4569e] INFO  - Shutdown completed.
2025-01-30 18:50:26,666 INFO c.h.h.t.HelmChartContainer - [test-hivemq-platform] [hivemq] [25e4569e] INFO  - [HiveMQ Platform Operator Init App 1.7.0-SNAPSHOT] The HiveMQ Platform exited with code 143
2025-01-30 18:50:26,666 INFO c.h.h.t.HelmChartContainer - [test-hivemq-platform] [hivemq] [25e4569e] INFO  - [HiveMQ Platform Operator Init App 1.7.0-SNAPSHOT] Stopping the REST API
2025-01-30 18:50:26,700 INFO c.h.h.t.HelmChartContainer - [test-hivemq-platform] [hivemq] [25e4569e] INFO  - [HiveMQ Platform Operator Init App 1.7.0-SNAPSHOT] Shutdown complete
2025-01-30 18:50:27,164 INFO c.h.h.t.HelmChartContainer - [POD] test-hivemq-platform-1 [25e4569e-d44c-41a2-8a37-428661d7b029] in helmupgradeextensionit was MODIFIED
2025-01-30 18:50:27,175 INFO c.h.h.t.HelmChartContainer - [hivemq-test-hivemq-platform] [hivemq-platform-operator] [56d0a44e] 18:50:27.165 [pool-6-thread-16] DEBUG c.h.p.o.d.PlatformServiceResource - [helmupgr] Desired Platform services (3 services)
2025-01-30 18:50:27,179 INFO c.h.h.t.HelmChartContainer - [hivemq-test-hivemq-platform] [hivemq-platform-operator] [56d0a44e] 18:50:27.167 [pool-6-thread-11] DEBUG c.h.p.o.dependants.PodInfoConfigMap - [helmupgr] Desired PodInfo ConfigMap (1 extensions) (1 enabled)
2025-01-30 18:50:27,185 INFO c.h.h.t.HelmChartContainer - [hivemq-test-hivemq-platform] [hivemq-platform-operator] [56d0a44e] 18:50:27.167 [pool-6-thread-11] DEBUG c.h.p.o.dependants.PodInfoConfigMap - [helmupgr] Desired PodInfo ConfigMap (metrics port: 9399) (metrics path: /)
2025-01-30 18:50:27,185 INFO c.h.h.t.HelmChartContainer - [hivemq-test-hivemq-platform] [hivemq-platform-operator] [56d0a44e] 18:50:27.167 [pool-6-thread-11] DEBUG c.h.p.o.dependants.PodInfoConfigMap - [helmupgr] Desired PodInfo ConfigMap (extension state hash: 1735936725)
2025-01-30 18:50:27,185 INFO c.h.h.t.HelmChartContainer - [hivemq-test-hivemq-platform] [hivemq-platform-operator] [56d0a44e] 18:50:27.173 [pool-6-thread-14] DEBUG c.h.p.o.d.PodServiceAccountResource - [helmupgr] Desired PodServiceAccountResource (serviceAccountName: hivemq-platform-pod-test-hivemq-platform)
2025-01-30 18:50:27,185 INFO c.h.h.t.HelmChartContainer - [hivemq-test-hivemq-platform] [hivemq-platform-operator] [56d0a44e] 18:50:27.177 [pool-6-thread-11] DEBUG c.h.p.o.d.StatefulSetResource - [helmupgr] Desired StatefulSet (1 replicas) for status ROLLING_RESTART (SCALE_DOWN_IN_PROGRESS)
2025-01-30 18:50:27,185 INFO c.h.h.t.HelmChartContainer - [hivemq-test-hivemq-platform] [hivemq-platform-operator] [56d0a44e] 18:50:27.180 [ReconcilerExecutor-hivemq-controller-65] INFO  c.h.p.o.HiveMQPlatformReconciler - [helmupgr] Reconciling HiveMQ Platform 'test-hivemq-platform' in namespace 'helmupgradeextensionit'
2025-01-30 18:50:27,187 INFO c.h.h.t.HelmChartContainer - [hivemq-test-hivemq-platform] [hivemq-platform-operator] [56d0a44e] 18:50:27.180 [ReconcilerExecutor-hivemq-controller-65] DEBUG c.h.p.o.HiveMQPlatformReconciler - [helmupgr] Custom Resource Status ROLLING_RESTART - HiveMQ Platform is stopping the surge Pod (rolling restart) (SCALE_DOWN_IN_PROGRESS)
2025-01-30 18:50:27,187 INFO c.h.h.t.HelmChartContainer - [hivemq-test-hivemq-platform] [hivemq-platform-operator] [56d0a44e] 18:50:27.180 [ReconcilerExecutor-hivemq-controller-65] DEBUG c.h.p.o.HiveMQPlatformReconciler - [helmupgr] Custom Resource Spec (replicas: 1) (extensions: 1)
2025-01-30 18:50:27,187 INFO c.h.h.t.HelmChartContainer - [hivemq-test-hivemq-platform] [hivemq-platform-operator] [56d0a44e] 18:50:27.183 [ReconcilerExecutor-hivemq-controller-65] DEBUG c.h.p.o.HiveMQPlatformReconciler - [helmupgr] StatefulSet Status (revision: test-hivemq-platform-7c6d7d4d7b, replicas: 2, available: 2, ready: 2, current: 0, updated: 1)
2025-01-30 18:50:27,187 INFO c.h.h.t.HelmChartContainer - [hivemq-test-hivemq-platform] [hivemq-platform-operator] [56d0a44e] 18:50:27.183 [ReconcilerExecutor-hivemq-controller-65] DEBUG c.h.p.o.HiveMQPlatformReconciler - [helmupgr] StatefulSet Spec (replicas: 1, init containers: 1, containers: 1, volumes: 4)
2025-01-30 18:50:27,188 INFO c.h.h.t.HelmChartContainer - [hivemq-test-hivemq-platform] [hivemq-platform-operator] [56d0a44e] 18:50:27.186 [ReconcilerExecutor-hivemq-controller-65] DEBUG c.h.p.o.h.HiveMQPlatformReconcilerErrorHandler - [helmupgr] Pod 'test-hivemq-platform-0' phase Running
2025-01-30 18:50:27,188 INFO c.h.h.t.HelmChartContainer - [hivemq-test-hivemq-platform] [hivemq-platform-operator] [56d0a44e] 18:50:27.186 [ReconcilerExecutor-hivemq-controller-65] DEBUG c.h.p.o.h.HiveMQPlatformReconcilerRollingRestartHandler - [helmupgr] Rolling restart is waiting for 2 of 1 replicas
2025-01-30 18:50:27,214 INFO c.h.h.t.HelmChartContainer - [K3S] [reconciler_common.go:162] "operationExecutor.UnmountVolume started for volume \"extension-configuration-hivemq-bridge-extension\" (UniqueName: \"kubernetes.io/configmap/25e4569e-d44c-41a2-8a37-428661d7b029-extension-configuration-hivemq-bridge-extension\") pod \"25e4569e-d44c-41a2-8a37-428661d7b029\" (UID: \"25e4569e-d44c-41a2-8a37-428661d7b029\") "
2025-01-30 18:50:27,214 INFO c.h.h.t.HelmChartContainer - [K3S] [reconciler_common.go:162] "operationExecutor.UnmountVolume started for volume \"kube-api-access-b95bx\" (UniqueName: \"kubernetes.io/projected/25e4569e-d44c-41a2-8a37-428661d7b029-kube-api-access-b95bx\") pod \"25e4569e-d44c-41a2-8a37-428661d7b029\" (UID: \"25e4569e-d44c-41a2-8a37-428661d7b029\") "
2025-01-30 18:50:27,216 INFO c.h.h.t.HelmChartContainer - [K3S] [reconciler_common.go:162] "operationExecutor.UnmountVolume started for volume \"broker-configuration\" (UniqueName: \"kubernetes.io/configmap/25e4569e-d44c-41a2-8a37-428661d7b029-broker-configuration\") pod \"25e4569e-d44c-41a2-8a37-428661d7b029\" (UID: \"25e4569e-d44c-41a2-8a37-428661d7b029\") "
2025-01-30 18:50:27,216 INFO c.h.h.t.HelmChartContainer - [K3S] [reconciler_common.go:162] "operationExecutor.UnmountVolume started for volume \"operator-init\" (UniqueName: \"kubernetes.io/empty-dir/25e4569e-d44c-41a2-8a37-428661d7b029-operator-init\") pod \"25e4569e-d44c-41a2-8a37-428661d7b029\" (UID: \"25e4569e-d44c-41a2-8a37-428661d7b029\") "
2025-01-30 18:50:27,216 INFO c.h.h.t.HelmChartContainer - [K3S] [reconciler_common.go:162] "operationExecutor.UnmountVolume started for volume \"pod-info\" (UniqueName: \"kubernetes.io/configmap/25e4569e-d44c-41a2-8a37-428661d7b029-pod-info\") pod \"25e4569e-d44c-41a2-8a37-428661d7b029\" (UID: \"25e4569e-d44c-41a2-8a37-428661d7b029\") "
2025-01-30 18:50:27,257 INFO c.h.h.t.HelmChartContainer - [hivemq-test-hivemq-platform] [hivemq-platform-operator] [56d0a44e] 18:50:27.256 [pool-6-thread-28] DEBUG c.h.p.o.d.PodServiceAccountResource - [helmupgr] Desired PodServiceAccountResource (serviceAccountName: hivemq-platform-pod-test-hivemq-platform)
2025-01-30 18:50:27,259 INFO c.h.h.t.HelmChartContainer - [hivemq-test-hivemq-platform] [hivemq-platform-operator] [56d0a44e] 18:50:27.256 [pool-6-thread-29] DEBUG c.h.p.o.dependants.PodInfoConfigMap - [helmupgr] Desired PodInfo ConfigMap (1 extensions) (1 enabled)
2025-01-30 18:50:27,259 INFO c.h.h.t.HelmChartContainer - [hivemq-test-hivemq-platform] [hivemq-platform-operator] [56d0a44e] 18:50:27.256 [pool-6-thread-29] DEBUG c.h.p.o.dependants.PodInfoConfigMap - [helmupgr] Desired PodInfo ConfigMap (metrics port: 9399) (metrics path: /)
2025-01-30 18:50:27,259 INFO c.h.h.t.HelmChartContainer - [hivemq-test-hivemq-platform] [hivemq-platform-operator] [56d0a44e] 18:50:27.256 [pool-6-thread-29] DEBUG c.h.p.o.dependants.PodInfoConfigMap - [helmupgr] Desired PodInfo ConfigMap (extension state hash: 1735936725)
2025-01-30 18:50:27,259 INFO c.h.h.t.HelmChartContainer - [hivemq-test-hivemq-platform] [hivemq-platform-operator] [56d0a44e] 18:50:27.257 [pool-6-thread-22] DEBUG c.h.p.o.d.PlatformServiceResource - [helmupgr] Desired Platform services (3 services)
2025-01-30 18:50:27,264 INFO c.h.h.t.HelmChartContainer - [hivemq-test-hivemq-platform] [hivemq-platform-operator] [56d0a44e] 18:50:27.263 [pool-6-thread-22] DEBUG c.h.p.o.d.StatefulSetResource - [helmupgr] Desired StatefulSet (1 replicas) for status ROLLING_RESTART (SCALE_DOWN_IN_PROGRESS)
2025-01-30 18:50:27,266 INFO c.h.h.t.HelmChartContainer - [hivemq-test-hivemq-platform] [hivemq-platform-operator] [56d0a44e] 18:50:27.266 [ReconcilerExecutor-hivemq-controller-76] INFO  c.h.p.o.HiveMQPlatformReconciler - [helmupgr] Reconciling HiveMQ Platform 'test-hivemq-platform' in namespace 'helmupgradeextensionit'
2025-01-30 18:50:27,268 INFO c.h.h.t.HelmChartContainer - [hivemq-test-hivemq-platform] [hivemq-platform-operator] [56d0a44e] 18:50:27.266 [ReconcilerExecutor-hivemq-controller-76] DEBUG c.h.p.o.HiveMQPlatformReconciler - [helmupgr] Custom Resource Status ROLLING_RESTART - HiveMQ Platform is stopping the surge Pod (rolling restart) (SCALE_DOWN_IN_PROGRESS)
2025-01-30 18:50:27,268 INFO c.h.h.t.HelmChartContainer - [hivemq-test-hivemq-platform] [hivemq-platform-operator] [56d0a44e] 18:50:27.266 [ReconcilerExecutor-hivemq-controller-76] DEBUG c.h.p.o.HiveMQPlatformReconciler - [helmupgr] Custom Resource Spec (replicas: 1) (extensions: 1)
2025-01-30 18:50:27,268 INFO c.h.h.t.HelmChartContainer - [hivemq-test-hivemq-platform] [hivemq-platform-operator] [56d0a44e] 18:50:27.267 [ReconcilerExecutor-hivemq-controller-76] DEBUG c.h.p.o.HiveMQPlatformReconciler - [helmupgr] StatefulSet Status (revision: test-hivemq-platform-7c6d7d4d7b, replicas: 2, available: 1, ready: 1, current: 0, updated: 1)
2025-01-30 18:50:27,268 INFO c.h.h.t.HelmChartContainer - [hivemq-test-hivemq-platform] [hivemq-platform-operator] [56d0a44e] 18:50:27.267 [ReconcilerExecutor-hivemq-controller-76] DEBUG c.h.p.o.HiveMQPlatformReconciler - [helmupgr] StatefulSet Spec (replicas: 1, init containers: 1, containers: 1, volumes: 4)
2025-01-30 18:50:27,271 INFO c.h.h.t.HelmChartContainer - [hivemq-test-hivemq-platform] [hivemq-platform-operator] [56d0a44e] 18:50:27.269 [ReconcilerExecutor-hivemq-controller-76] DEBUG c.h.p.o.h.HiveMQPlatformReconcilerErrorHandler - [helmupgr] Pod 'test-hivemq-platform-0' phase Running
2025-01-30 18:50:27,271 INFO c.h.h.t.HelmChartContainer - [hivemq-test-hivemq-platform] [hivemq-platform-operator] [56d0a44e] 18:50:27.270 [ReconcilerExecutor-hivemq-controller-76] INFO  c.h.p.o.h.HiveMQPlatformReconcilerRollingRestartHandler - [helmupgr] Rolling restart is done
2025-01-30 18:50:27,280 INFO c.h.h.t.HelmChartContainer - [EVENT] Normal [Ready] HiveMQ Platform is ready [helmupgradeextensionit:test-hivemq-platform]
2025-01-30 18:50:27,315 INFO c.h.h.t.HelmChartContainer - [K3S] [reconciler_common.go:299] "Volume detached for volume \"kube-api-access-b95bx\" (UniqueName: \"kubernetes.io/projected/25e4569e-d44c-41a2-8a37-428661d7b029-kube-api-access-b95bx\") on node \"5efb8701c4a9\" DevicePath \"\""
2025-01-30 18:50:27,315 INFO c.h.h.t.HelmChartContainer - [K3S] [reconciler_common.go:299] "Volume detached for volume \"broker-configuration\" (UniqueName: \"kubernetes.io/configmap/25e4569e-d44c-41a2-8a37-428661d7b029-broker-configuration\") on node \"5efb8701c4a9\" DevicePath \"\""
2025-01-30 18:50:27,315 INFO c.h.h.t.HelmChartContainer - [K3S] [reconciler_common.go:299] "Volume detached for volume \"operator-init\" (UniqueName: \"kubernetes.io/empty-dir/25e4569e-d44c-41a2-8a37-428661d7b029-operator-init\") on node \"5efb8701c4a9\" DevicePath \"\""
2025-01-30 18:50:27,315 INFO c.h.h.t.HelmChartContainer - [K3S] [reconciler_common.go:299] "Volume detached for volume \"pod-info\" (UniqueName: \"kubernetes.io/configmap/25e4569e-d44c-41a2-8a37-428661d7b029-pod-info\") on node \"5efb8701c4a9\" DevicePath \"\""
2025-01-30 18:50:27,315 INFO c.h.h.t.HelmChartContainer - [K3S] [reconciler_common.go:299] "Volume detached for volume \"extension-configuration-hivemq-bridge-extension\" (UniqueName: \"kubernetes.io/configmap/25e4569e-d44c-41a2-8a37-428661d7b029-extension-configuration-hivemq-bridge-extension\") on node \"5efb8701c4a9\" DevicePath \"\""
2025-01-30 18:50:27,354 INFO c.h.h.t.HelmChartContainer - [hivemq-test-hivemq-platform] [hivemq-platform-operator] [56d0a44e] 18:50:27.352 [ReconcilerExecutor-hivemq-controller-76] DEBUG c.h.p.operator.event.EventSender - [helmupgr] Updating K8s event hivemq-platform-ready: [Ready] HiveMQ Platform is ready
2025-01-30 18:50:27,354 INFO c.h.h.t.HelmChartContainer - [hivemq-test-hivemq-platform] [hivemq-platform-operator] [56d0a44e] 18:50:27.352 [ReconcilerExecutor-hivemq-controller-76] INFO  c.h.p.o.h.AbstractHiveMQReconcilerStateHandler - [helmupgr] Update HiveMQ Platform Status (ROLLING_RESTART [SCALE_DOWN_IN_PROGRESS] -> RUNNING [READY]): HiveMQ Platform is ready
2025-01-30 18:50:27,361 DEBUG com.hivemq.helmcharts.util.K8sUtil - Comparing actual state 'RUNNING' and waiting for 'RUNNING'
2025-01-30 18:50:28,075 INFO c.h.h.t.HelmChartContainer - [K3S] [scope.go:117] "RemoveContainer" containerID="b57277269203ffa9089f62b407ee15f9f7341432e261b3f99f92d9771c6ca9d6"
2025-01-30 18:50:28,093 INFO c.h.h.t.HelmChartContainer - [POD] test-hivemq-platform-1 [25e4569e-d44c-41a2-8a37-428661d7b029] in helmupgradeextensionit was MODIFIED
2025-01-30 18:50:28,100 INFO c.h.h.t.HelmChartContainer - [POD] test-hivemq-platform-1 [25e4569e-d44c-41a2-8a37-428661d7b029] in helmupgradeextensionit was DELETED
2025-01-30 18:50:28,108 INFO c.h.h.t.HelmChartContainer - [hivemq-test-hivemq-platform] [hivemq-platform-operator] [56d0a44e] 18:50:28.097 [pool-6-thread-36] DEBUG c.h.p.o.d.PlatformServiceResource - [helmupgr] Desired Platform services (3 services)
2025-01-30 18:50:28,108 INFO c.h.h.t.HelmChartContainer - [hivemq-test-hivemq-platform] [hivemq-platform-operator] [56d0a44e] 18:50:28.101 [pool-6-thread-32] DEBUG c.h.p.o.dependants.PodInfoConfigMap - [helmupgr] Desired PodInfo ConfigMap (1 extensions) (1 enabled)
2025-01-30 18:50:28,108 INFO c.h.h.t.HelmChartContainer - [hivemq-test-hivemq-platform] [hivemq-platform-operator] [56d0a44e] 18:50:28.101 [pool-6-thread-32] DEBUG c.h.p.o.dependants.PodInfoConfigMap - [helmupgr] Desired PodInfo ConfigMap (metrics port: 9399) (metrics path: /)
2025-01-30 18:50:28,114 INFO c.h.h.t.HelmChartContainer - [hivemq-test-hivemq-platform] [hivemq-platform-operator] [56d0a44e] 18:50:28.101 [pool-6-thread-32] DEBUG c.h.p.o.dependants.PodInfoConfigMap - [helmupgr] Desired PodInfo ConfigMap (extension state hash: 1735936725)
2025-01-30 18:50:28,114 INFO c.h.h.t.HelmChartContainer - [hivemq-test-hivemq-platform] [hivemq-platform-operator] [56d0a44e] 18:50:28.101 [pool-6-thread-32] DEBUG c.h.p.o.dependants.PodInfoConfigMap - [helmupgr] Update PodInfo ConfigMap
2025-01-30 18:50:28,114 INFO c.h.h.t.HelmChartContainer - [hivemq-test-hivemq-platform] [hivemq-platform-operator] [56d0a44e] 18:50:28.101 [pool-6-thread-38] DEBUG c.h.p.o.d.PodServiceAccountResource - [helmupgr] Desired PodServiceAccountResource (serviceAccountName: hivemq-platform-pod-test-hivemq-platform)
2025-01-30 18:50:28,155 INFO c.h.h.t.HelmChartContainer - [hivemq-test-hivemq-platform] [hivemq-platform-operator] [56d0a44e] 18:50:28.152 [pool-6-thread-32] DEBUG c.h.p.o.d.StatefulSetResource - [helmupgr] Desired StatefulSet (1 replicas) for status RUNNING (READY)
2025-01-30 18:50:28,161 INFO c.h.h.t.HelmChartContainer - [hivemq-test-hivemq-platform] [hivemq-platform-operator] [56d0a44e] 18:50:28.155 [ReconcilerExecutor-hivemq-controller-87] INFO  c.h.p.o.HiveMQPlatformReconciler - [helmupgr] Reconciling HiveMQ Platform 'test-hivemq-platform' in namespace 'helmupgradeextensionit'
2025-01-30 18:50:28,161 INFO c.h.h.t.HelmChartContainer - [hivemq-test-hivemq-platform] [hivemq-platform-operator] [56d0a44e] 18:50:28.155 [ReconcilerExecutor-hivemq-controller-87] DEBUG c.h.p.o.HiveMQPlatformReconciler - [helmupgr] Custom Resource Status RUNNING - HiveMQ Platform is ready (READY)
2025-01-30 18:50:28,161 INFO c.h.h.t.HelmChartContainer - [hivemq-test-hivemq-platform] [hivemq-platform-operator] [56d0a44e] 18:50:28.155 [ReconcilerExecutor-hivemq-controller-87] DEBUG c.h.p.o.HiveMQPlatformReconciler - [helmupgr] Custom Resource Spec (replicas: 1) (extensions: 1)
2025-01-30 18:50:28,161 INFO c.h.h.t.HelmChartContainer - [hivemq-test-hivemq-platform] [hivemq-platform-operator] [56d0a44e] 18:50:28.156 [ReconcilerExecutor-hivemq-controller-87] DEBUG c.h.p.o.HiveMQPlatformReconciler - [helmupgr] StatefulSet Status (revision: test-hivemq-platform-7c6d7d4d7b, replicas: 1, available: 1, ready: 1, current: 0, updated: 1)
2025-01-30 18:50:28,161 INFO c.h.h.t.HelmChartContainer - [hivemq-test-hivemq-platform] [hivemq-platform-operator] [56d0a44e] 18:50:28.156 [ReconcilerExecutor-hivemq-controller-87] DEBUG c.h.p.o.HiveMQPlatformReconciler - [helmupgr] StatefulSet Spec (replicas: 1, init containers: 1, containers: 1, volumes: 4)
2025-01-30 18:50:28,168 INFO c.h.h.t.HelmChartContainer - [hivemq-test-hivemq-platform] [hivemq-platform-operator] [56d0a44e] 18:50:28.160 [ReconcilerExecutor-hivemq-controller-87] DEBUG c.h.p.o.h.HiveMQPlatformReconcilerErrorHandler - [helmupgr] Pod 'test-hivemq-platform-0' phase Running
2025-01-30 18:50:28,170 INFO c.h.h.t.HelmChartContainer - [hivemq-test-hivemq-platform] [hivemq-platform-operator] [56d0a44e] 18:50:28.162 [pool-6-thread-50] DEBUG c.h.p.o.d.PlatformServiceResource - [helmupgr] Desired Platform services (3 services)
2025-01-30 18:50:28,170 INFO c.h.h.t.HelmChartContainer - [hivemq-test-hivemq-platform] [hivemq-platform-operator] [56d0a44e] 18:50:28.163 [pool-6-thread-43] DEBUG c.h.p.o.d.PodServiceAccountResource - [helmupgr] Desired PodServiceAccountResource (serviceAccountName: hivemq-platform-pod-test-hivemq-platform)
2025-01-30 18:50:28,170 INFO c.h.h.t.HelmChartContainer - [hivemq-test-hivemq-platform] [hivemq-platform-operator] [56d0a44e] 18:50:28.163 [pool-6-thread-44] DEBUG c.h.p.o.dependants.PodInfoConfigMap - [helmupgr] Desired PodInfo ConfigMap (1 extensions) (1 enabled)
2025-01-30 18:50:28,170 INFO c.h.h.t.HelmChartContainer - [hivemq-test-hivemq-platform] [hivemq-platform-operator] [56d0a44e] 18:50:28.163 [pool-6-thread-44] DEBUG c.h.p.o.dependants.PodInfoConfigMap - [helmupgr] Desired PodInfo ConfigMap (metrics port: 9399) (metrics path: /)
2025-01-30 18:50:28,170 INFO c.h.h.t.HelmChartContainer - [hivemq-test-hivemq-platform] [hivemq-platform-operator] [56d0a44e] 18:50:28.163 [pool-6-thread-44] DEBUG c.h.p.o.dependants.PodInfoConfigMap - [helmupgr] Desired PodInfo ConfigMap (extension state hash: 1735936725)
2025-01-30 18:50:28,177 INFO c.h.h.t.HelmChartContainer - [hivemq-test-hivemq-platform] [hivemq-platform-operator] [56d0a44e] 18:50:28.169 [pool-6-thread-50] DEBUG c.h.p.o.d.StatefulSetResource - [helmupgr] Desired StatefulSet (1 replicas) for status RUNNING (READY)
2025-01-30 18:50:28,177 INFO c.h.h.t.HelmChartContainer - [hivemq-test-hivemq-platform] [hivemq-platform-operator] [56d0a44e] 18:50:28.173 [ReconcilerExecutor-hivemq-controller-87] INFO  c.h.p.o.HiveMQPlatformReconciler - [helmupgr] Reconciling HiveMQ Platform 'test-hivemq-platform' in namespace 'helmupgradeextensionit'
2025-01-30 18:50:28,177 INFO c.h.h.t.HelmChartContainer - [hivemq-test-hivemq-platform] [hivemq-platform-operator] [56d0a44e] 18:50:28.173 [ReconcilerExecutor-hivemq-controller-87] DEBUG c.h.p.o.HiveMQPlatformReconciler - [helmupgr] Custom Resource Status RUNNING - HiveMQ Platform is ready (READY)
2025-01-30 18:50:28,177 INFO c.h.h.t.HelmChartContainer - [hivemq-test-hivemq-platform] [hivemq-platform-operator] [56d0a44e] 18:50:28.173 [ReconcilerExecutor-hivemq-controller-87] DEBUG c.h.p.o.HiveMQPlatformReconciler - [helmupgr] Custom Resource Spec (replicas: 1) (extensions: 1)
2025-01-30 18:50:28,223 INFO c.h.h.t.HelmChartContainer - [K3S] [scope.go:117] "RemoveContainer" containerID="e56f19db3950310f0c22d05b019c2cba6a7abe177474fe4873c52157f1688509"
2025-01-30 18:50:28,226 INFO c.h.h.t.HelmChartContainer - [K3S] [scope.go:117] "RemoveContainer" containerID="b57277269203ffa9089f62b407ee15f9f7341432e261b3f99f92d9771c6ca9d6"
2025-01-30 18:50:28,226 INFO c.h.h.t.HelmChartContainer - [K3S] [scope.go:117] "RemoveContainer" containerID="e56f19db3950310f0c22d05b019c2cba6a7abe177474fe4873c52157f1688509"
2025-01-30 18:50:28,239 INFO c.h.h.t.HelmChartContainer - [hivemq-test-hivemq-platform] [hivemq-platform-operator] [56d0a44e] 18:50:28.238 [ReconcilerExecutor-hivemq-controller-87] DEBUG c.h.p.o.HiveMQPlatformReconciler - [helmupgr] StatefulSet Status (revision: test-hivemq-platform-7c6d7d4d7b, replicas: 1, available: 1, ready: 1, current: 0, updated: 1)
2025-01-30 18:50:28,239 INFO c.h.h.t.HelmChartContainer - [hivemq-test-hivemq-platform] [hivemq-platform-operator] [56d0a44e] 18:50:28.238 [ReconcilerExecutor-hivemq-controller-87] DEBUG c.h.p.o.HiveMQPlatformReconciler - [helmupgr] StatefulSet Spec (replicas: 1, init containers: 1, containers: 1, volumes: 4)
2025-01-30 18:50:28,253 INFO c.h.h.t.HelmChartContainer - [hivemq-test-hivemq-platform] [hivemq-platform-operator] [56d0a44e] 18:50:28.252 [ReconcilerExecutor-hivemq-controller-87] DEBUG c.h.p.o.h.HiveMQPlatformReconcilerErrorHandler - [helmupgr] Pod 'test-hivemq-platform-0' phase Running
2025-01-30 18:50:28,284 INFO c.h.h.t.HelmChartContainer - [K3S] [kubelet_volumes.go:163] "Cleaned up orphaned pod volumes dir" podUID="25e4569e-d44c-41a2-8a37-428661d7b029" path="/var/lib/kubelet/pods/25e4569e-d44c-41a2-8a37-428661d7b029/volumes"
2025-01-30 18:50:31,390 INFO c.h.h.t.HelmChartContainer - Uninstalling release 'test-hivemq-platform' in namespace 'helmupgradeextensionit'...
2025-01-30 18:50:31,390 DEBUG c.h.h.t.HelmChartContainer - Executing helm command: /bin/helm --kubeconfig /etc/rancher/k3s/k3s.yaml uninstall test-hivemq-platform  --wait --timeout 5m0s --cascade foreground --namespace helmupgradeextensionit
2025-01-30 18:50:31,605 INFO c.h.h.t.HelmChartContainer - [hivemq-test-hivemq-platform] [hivemq-platform-operator] [56d0a44e] 18:50:31.599 [pool-6-thread-8] DEBUG c.h.p.o.d.PlatformServiceResource - [helmupgr] Desired Platform services (3 services)
2025-01-30 18:50:31,609 INFO c.h.h.t.HelmChartContainer - [hivemq-test-hivemq-platform] [hivemq-platform-operator] [56d0a44e] 18:50:31.601 [pool-6-thread-4] DEBUG c.h.p.o.d.PodServiceAccountResource - [helmupgr] Desired PodServiceAccountResource (serviceAccountName: hivemq-platform-pod-test-hivemq-platform)
2025-01-30 18:50:31,610 INFO c.h.h.t.HelmChartContainer - [hivemq-test-hivemq-platform] [hivemq-platform-operator] [56d0a44e] 18:50:31.601 [pool-6-thread-2] DEBUG c.h.p.o.dependants.PodInfoConfigMap - [helmupgr] Desired PodInfo ConfigMap (1 extensions) (1 enabled)
2025-01-30 18:50:31,610 INFO c.h.h.t.HelmChartContainer - [hivemq-test-hivemq-platform] [hivemq-platform-operator] [56d0a44e] 18:50:31.603 [pool-6-thread-2] DEBUG c.h.p.o.dependants.PodInfoConfigMap - [helmupgr] Desired PodInfo ConfigMap (metrics port: 9399) (metrics path: /)
2025-01-30 18:50:31,610 INFO c.h.h.t.HelmChartContainer - [hivemq-test-hivemq-platform] [hivemq-platform-operator] [56d0a44e] 18:50:31.603 [pool-6-thread-2] DEBUG c.h.p.o.dependants.PodInfoConfigMap - [helmupgr] Desired PodInfo ConfigMap (extension state hash: 1735936725)
2025-01-30 18:50:31,610 INFO c.h.h.t.HelmChartContainer - [hivemq-test-hivemq-platform] [hivemq-platform-operator] [56d0a44e] 18:50:31.605 [pool-6-thread-2] DEBUG c.h.p.o.d.StatefulSetResource - [helmupgr] Desired StatefulSet (1 replicas) for status RUNNING (READY)
2025-01-30 18:50:31,617 INFO c.h.h.t.HelmChartContainer - [hivemq-test-hivemq-platform] [hivemq-platform-operator] [56d0a44e] 18:50:31.610 [ReconcilerExecutor-hivemq-controller-109] INFO  c.h.p.o.HiveMQPlatformReconciler - [helmupgr] Reconciling HiveMQ Platform 'test-hivemq-platform' in namespace 'helmupgradeextensionit'
2025-01-30 18:50:31,617 INFO c.h.h.t.HelmChartContainer - [hivemq-test-hivemq-platform] [hivemq-platform-operator] [56d0a44e] 18:50:31.610 [ReconcilerExecutor-hivemq-controller-109] DEBUG c.h.p.o.HiveMQPlatformReconciler - [helmupgr] Custom Resource Status RUNNING - HiveMQ Platform is ready (READY)
2025-01-30 18:50:31,617 INFO c.h.h.t.HelmChartContainer - [hivemq-test-hivemq-platform] [hivemq-platform-operator] [56d0a44e] 18:50:31.610 [ReconcilerExecutor-hivemq-controller-109] DEBUG c.h.p.o.HiveMQPlatformReconciler - [helmupgr] Custom Resource Spec (replicas: 1) (extensions: 1)
2025-01-30 18:50:31,617 INFO c.h.h.t.HelmChartContainer - [hivemq-test-hivemq-platform] [hivemq-platform-operator] [56d0a44e] 18:50:31.613 [ReconcilerExecutor-hivemq-controller-109] DEBUG c.h.p.o.HiveMQPlatformReconciler - [helmupgr] StatefulSet Status (revision: test-hivemq-platform-7c6d7d4d7b, replicas: 1, available: 1, ready: 1, current: 0, updated: 1)
2025-01-30 18:50:31,655 INFO c.h.h.t.HelmChartContainer - [hivemq-test-hivemq-platform] [hivemq-platform-operator] [56d0a44e] 18:50:31.651 [ReconcilerExecutor-hivemq-controller-109] DEBUG c.h.p.o.HiveMQPlatformReconciler - [helmupgr] StatefulSet Spec (replicas: 1, init containers: 1, containers: 1, volumes: 4)
2025-01-30 18:50:31,658 INFO c.h.h.t.HelmChartContainer - [hivemq-test-hivemq-platform] [hivemq-platform-operator] [56d0a44e] 18:50:31.656 [ReconcilerExecutor-hivemq-controller-109] DEBUG c.h.p.o.h.HiveMQPlatformReconcilerErrorHandler - [helmupgr] Pod 'test-hivemq-platform-0' phase Running
2025-01-30 18:50:31,658 INFO c.h.h.t.HelmChartContainer - [hivemq-test-hivemq-platform] [hivemq-platform-operator] [56d0a44e] 18:50:31.657 [ReconcilerExecutor-hivemq-controller-109] DEBUG c.h.p.o.HiveMQPlatformReconciler - [helmupgr] PodInfoConfigMap is not ready yet
2025-01-30 18:50:31,662 INFO c.h.h.t.HelmChartContainer - [hivemq-test-hivemq-platform] [hivemq-platform-operator] [56d0a44e] 18:50:31.661 [ReconcilerExecutor-hivemq-controller-110] INFO  c.h.p.o.HiveMQPlatformReconciler - [helmupgr] Cleanup test-hivemq-platform - helmupgradeextensionit HiveMQ Platform is shut down
2025-01-30 18:50:32,305 INFO c.h.h.t.HelmChartContainer - [POD] test-hivemq-platform-0 [7e81ed0d-5468-4c98-b726-785d1befd1f0] in helmupgradeextensionit was MODIFIED
2025-01-30 18:50:32,311 INFO c.h.h.t.HelmChartContainer - [EVENT] Normal [Killing] Stopping container hivemq [helmupgradeextensionit:test-hivemq-platform-0]
2025-01-30 18:50:32,311 INFO c.h.h.t.HelmChartContainer - Received Killing event for container hivemq in pod test-hivemq-platform-0 [7e81ed0d-5468-4c98-b726-785d1befd1f0]
2025-01-30 18:50:32,311 INFO c.h.h.t.HelmChartContainer - Container [test-hivemq-platform-0] [hivemq] [7e81ed0d-5468-4c98-b726-785d1befd1f0] was terminated
2025-01-30 18:50:32,311 INFO c.h.h.t.HelmChartContainer - Stopped log watcher for hivemq in pod test-hivemq-platform-0 [7e81ed0d-5468-4c98-b726-785d1befd1f0]
2025-01-30 18:50:32,317 INFO c.h.h.t.HelmChartContainer - [test-hivemq-platform] [hivemq] [7e81ed0d] INFO  - [HiveMQ Platform Operator Init App 1.7.0-SNAPSHOT] Shutting down
2025-01-30 18:50:32,317 INFO c.h.h.t.HelmChartContainer - [test-hivemq-platform] [hivemq] [7e81ed0d] INFO  - [HiveMQ Platform Operator Init App 1.7.0-SNAPSHOT] Stopping the HiveMQ Platform
2025-01-30 18:50:32,498 INFO c.h.h.t.HelmChartContainer - [test-hivemq-platform] [hivemq] [7e81ed0d] INFO  - Shutting down HiveMQ. Please wait, this could take a while...
2025-01-30 18:50:32,503 INFO c.h.h.t.HelmChartContainer - [test-hivemq-platform] [hivemq] [7e81ed0d] INFO  - Shutting down listeners and clients
2025-01-30 18:50:32,504 INFO c.h.h.t.HelmChartContainer - [test-hivemq-platform] [hivemq] [7e81ed0d] INFO  - Shutdown of listeners is done
2025-01-30 18:50:32,504 INFO c.h.h.t.HelmChartContainer - [test-hivemq-platform] [hivemq] [7e81ed0d] INFO  - No clients are connected, proceeding with shutdown
2025-01-30 18:50:33,696 INFO c.h.h.t.HelmChartContainer - Deleting namespace 'helmupgradeextensionit'...
2025-01-30 18:50:35,555 INFO c.h.h.t.HelmChartContainer - [test-hivemq-platform] [hivemq] [7e81ed0d] INFO  - [HiveMQ Platform Operator Init App 1.7.0-SNAPSHOT] Returning shutdown Health API response 503 for readiness
2025-01-30 18:50:35,560 INFO c.h.h.t.HelmChartContainer - [EVENT] Warning [Unhealthy] Readiness probe failed: HTTP probe failed with statuscode: 503 [helmupgradeextensionit:test-hivemq-platform-0]
2025-01-30 18:50:35,560 INFO c.h.h.t.HelmChartContainer - Received Unhealthy event for container hivemq in pod test-hivemq-platform-0 [7e81ed0d-5468-4c98-b726-785d1befd1f0]
2025-01-30 18:50:35,908 INFO c.h.h.t.HelmChartContainer - [test-hivemq-platform] [hivemq] [7e81ed0d] INFO  - Shutting down extension system
2025-01-30 18:50:35,915 INFO c.h.h.t.HelmChartContainer - [test-hivemq-platform] [hivemq] [7e81ed0d] INFO  - Stopping extension with id hivemq-dns-cluster-discovery
2025-01-30 18:50:35,915 INFO c.h.h.t.HelmChartContainer - [test-hivemq-platform] [hivemq] [7e81ed0d] INFO  - Extension "DNS Cluster Discovery Extension" version 4.3.2 stopped successfully.
2025-01-30 18:50:35,916 INFO c.h.h.t.HelmChartContainer - [test-hivemq-platform] [hivemq] [7e81ed0d] INFO  - Stopping extension with id hivemq-bridge-extension
2025-01-30 18:50:35,919 INFO c.h.h.t.HelmChartContainer - [test-hivemq-platform] [hivemq] [7e81ed0d] INFO  - Bridge Extension: Stopping extension
2025-01-30 18:50:35,928 INFO c.h.h.t.HelmChartContainer - [test-hivemq-platform] [hivemq] [7e81ed0d] ERROR - Bridge Extension: Error when disconnecting client "testbridge-0-3d4cf5a1-1420-4f86-988d-ed9c379a278a". Reason: MQTT client is not connected.
2025-01-30 18:50:35,929 INFO c.h.h.t.HelmChartContainer - [test-hivemq-platform] [hivemq] [7e81ed0d] ERROR - Bridge Extension: Error when disconnecting client "testbridge-1-3d4cf5a1-1420-4f86-988d-ed9c379a278a". Reason: MQTT client is not connected.
2025-01-30 18:50:35,929 INFO c.h.h.t.HelmChartContainer - [test-hivemq-platform] [hivemq] [7e81ed0d] INFO  - Extension "HiveMQ Enterprise Bridge Extension" version 4.36.0 stopped successfully.
2025-01-30 18:50:35,929 INFO c.h.h.t.HelmChartContainer - [test-hivemq-platform] [hivemq] [7e81ed0d] INFO  - Stopping extension with id hivemq-prometheus-extension
2025-01-30 18:50:35,932 INFO c.h.h.t.HelmChartContainer - [test-hivemq-platform] [hivemq] [7e81ed0d] INFO  - Extension "Prometheus Monitoring Extension" version 4.0.12 stopped successfully.
2025-01-30 18:50:35,933 INFO c.h.h.t.HelmChartContainer - [test-hivemq-platform] [hivemq] [7e81ed0d] INFO  - Stopping extension with id hivemq-allow-all-extension
2025-01-30 18:50:35,934 INFO c.h.h.t.HelmChartContainer - [test-hivemq-platform] [hivemq] [7e81ed0d] INFO  - Extension "Allow All Extension" version 1.1.1 stopped successfully.
2025-01-30 18:50:36,238 INFO c.h.h.t.HelmChartContainer - [K3S] [authentication.go:74] "Unable to authenticate the request" err="[invalid bearer token, serviceaccounts \"hivemq-platform-pod-test-hivemq-platform\" not found]"
2025-01-30 18:50:36,255 INFO c.h.h.t.HelmChartContainer - [K3S] [authentication.go:74] "Unable to authenticate the request" err="[invalid bearer token, serviceaccounts \"hivemq-platform-pod-test-hivemq-platform\" not found]"
2025-01-30 18:50:36,301 INFO c.h.h.t.HelmChartContainer - [test-hivemq-platform] [hivemq] [7e81ed0d] WARN  - [HiveMQ Platform Operator Init App 1.7.0-SNAPSHOT] Could not update Pod annotations: Failure executing: GET at: https://10.43.0.1:443/api/v1/namespaces/helmupgradeextensionit/pods/test-hivemq-platform-0. Message: Unauthorized. Received status: Status(apiVersion=v1, code=401, details=null, kind=Status, message=Unauthorized, metadata=ListMeta(_continue=null, remainingItemCount=null, resourceVersion=null, selfLink=null, additionalProperties={}), reason=Unauthorized, status=Failure, additionalProperties={}).
2025-01-30 18:50:38,258 INFO c.h.h.t.HelmChartContainer - [test-hivemq-platform] [hivemq] [7e81ed0d] INFO  - Shutdown completed.
2025-01-30 18:50:38,622 INFO c.h.h.t.HelmChartContainer - [test-hivemq-platform] [hivemq] [7e81ed0d] INFO  - [HiveMQ Platform Operator Init App 1.7.0-SNAPSHOT] The HiveMQ Platform exited with code 143
2025-01-30 18:50:38,622 INFO c.h.h.t.HelmChartContainer - [test-hivemq-platform] [hivemq] [7e81ed0d] INFO  - [HiveMQ Platform Operator Init App 1.7.0-SNAPSHOT] Stopping the REST API
2025-01-30 18:50:38,651 INFO c.h.h.t.HelmChartContainer - [test-hivemq-platform] [hivemq] [7e81ed0d] INFO  - [HiveMQ Platform Operator Init App 1.7.0-SNAPSHOT] Shutdown complete
2025-01-30 18:50:38,912 INFO c.h.h.t.HelmChartContainer - [K3S] [stateful_set.go:466] "StatefulSet has been deleted" key="helmupgradeextensionit/test-hivemq-platform"
2025-01-30 18:50:39,092 INFO c.h.h.t.HelmChartContainer - [K3S] [pod_container_deletor.go:80] "Container not found in pod's containers" containerID="09af7d6919544286cb9fbcf5b490874af2d627192e8ad7943ecc7c9d65118af7"
2025-01-30 18:50:39,110 INFO c.h.h.t.HelmChartContainer - [POD] test-hivemq-platform-0 [7e81ed0d-5468-4c98-b726-785d1befd1f0] in helmupgradeextensionit was MODIFIED
2025-01-30 18:50:39,187 INFO c.h.h.t.HelmChartContainer - [K3S] [reconciler_common.go:162] "operationExecutor.UnmountVolume started for volume \"pod-info\" (UniqueName: \"kubernetes.io/configmap/7e81ed0d-5468-4c98-b726-785d1befd1f0-pod-info\") pod \"7e81ed0d-5468-4c98-b726-785d1befd1f0\" (UID: \"7e81ed0d-5468-4c98-b726-785d1befd1f0\") "
2025-01-30 18:50:39,188 INFO c.h.h.t.HelmChartContainer - [K3S] [reconciler_common.go:162] "operationExecutor.UnmountVolume started for volume \"extension-configuration-hivemq-bridge-extension\" (UniqueName: \"kubernetes.io/configmap/7e81ed0d-5468-4c98-b726-785d1befd1f0-extension-configuration-hivemq-bridge-extension\") pod \"7e81ed0d-5468-4c98-b726-785d1befd1f0\" (UID: \"7e81ed0d-5468-4c98-b726-785d1befd1f0\") "
2025-01-30 18:50:39,188 INFO c.h.h.t.HelmChartContainer - [K3S] [reconciler_common.go:162] "operationExecutor.UnmountVolume started for volume \"kube-api-access-v9fx9\" (UniqueName: \"kubernetes.io/projected/7e81ed0d-5468-4c98-b726-785d1befd1f0-kube-api-access-v9fx9\") pod \"7e81ed0d-5468-4c98-b726-785d1befd1f0\" (UID: \"7e81ed0d-5468-4c98-b726-785d1befd1f0\") "
2025-01-30 18:50:39,189 INFO c.h.h.t.HelmChartContainer - [K3S] [reconciler_common.go:162] "operationExecutor.UnmountVolume started for volume \"operator-init\" (UniqueName: \"kubernetes.io/empty-dir/7e81ed0d-5468-4c98-b726-785d1befd1f0-operator-init\") pod \"7e81ed0d-5468-4c98-b726-785d1befd1f0\" (UID: \"7e81ed0d-5468-4c98-b726-785d1befd1f0\") "
2025-01-30 18:50:39,189 INFO c.h.h.t.HelmChartContainer - [K3S] [reconciler_common.go:162] "operationExecutor.UnmountVolume started for volume \"broker-configuration\" (UniqueName: \"kubernetes.io/configmap/7e81ed0d-5468-4c98-b726-785d1befd1f0-broker-configuration\") pod \"7e81ed0d-5468-4c98-b726-785d1befd1f0\" (UID: \"7e81ed0d-5468-4c98-b726-785d1befd1f0\") "
2025-01-30 18:50:39,287 INFO c.h.h.t.HelmChartContainer - [K3S] [reconciler_common.go:299] "Volume detached for volume \"kube-api-access-v9fx9\" (UniqueName: \"kubernetes.io/projected/7e81ed0d-5468-4c98-b726-785d1befd1f0-kube-api-access-v9fx9\") on node \"5efb8701c4a9\" DevicePath \"\""
2025-01-30 18:50:39,287 INFO c.h.h.t.HelmChartContainer - [K3S] [reconciler_common.go:299] "Volume detached for volume \"operator-init\" (UniqueName: \"kubernetes.io/empty-dir/7e81ed0d-5468-4c98-b726-785d1befd1f0-operator-init\") on node \"5efb8701c4a9\" DevicePath \"\""
2025-01-30 18:50:39,287 INFO c.h.h.t.HelmChartContainer - [K3S] [reconciler_common.go:299] "Volume detached for volume \"broker-configuration\" (UniqueName: \"kubernetes.io/configmap/7e81ed0d-5468-4c98-b726-785d1befd1f0-broker-configuration\") on node \"5efb8701c4a9\" DevicePath \"\""
2025-01-30 18:50:39,287 INFO c.h.h.t.HelmChartContainer - [K3S] [reconciler_common.go:299] "Volume detached for volume \"pod-info\" (UniqueName: \"kubernetes.io/configmap/7e81ed0d-5468-4c98-b726-785d1befd1f0-pod-info\") on node \"5efb8701c4a9\" DevicePath \"\""
2025-01-30 18:50:39,287 INFO c.h.h.t.HelmChartContainer - [K3S] [reconciler_common.go:299] "Volume detached for volume \"extension-configuration-hivemq-bridge-extension\" (UniqueName: \"kubernetes.io/configmap/7e81ed0d-5468-4c98-b726-785d1befd1f0-extension-configuration-hivemq-bridge-extension\") on node \"5efb8701c4a9\" DevicePath \"\""
2025-01-30 18:50:40,107 INFO c.h.h.t.HelmChartContainer - [POD] test-hivemq-platform-0 [7e81ed0d-5468-4c98-b726-785d1befd1f0] in helmupgradeextensionit was MODIFIED
2025-01-30 18:50:40,109 INFO c.h.h.t.HelmChartContainer - [POD] test-hivemq-platform-0 [7e81ed0d-5468-4c98-b726-785d1befd1f0] in helmupgradeextensionit was DELETED
2025-01-30 18:50:40,285 INFO c.h.h.t.HelmChartContainer - [K3S] [kubelet_volumes.go:163] "Cleaned up orphaned pod volumes dir" podUID="7e81ed0d-5468-4c98-b726-785d1befd1f0" path="/var/lib/kubelet/pods/7e81ed0d-5468-4c98-b726-785d1befd1f0/volumes"
2025-01-30 18:50:42,336 INFO c.h.h.t.HelmChartContainer - [K3S] [scope.go:117] "RemoveContainer" containerID="e02b16e6888fb388627a47196b7d42dbcafa7b59043a7c2e55a3e213c207af7a"
2025-01-30 18:50:42,424 INFO c.h.h.t.HelmChartContainer - [K3S] [scope.go:117] "RemoveContainer" containerID="6a2d6f9a58afbaf52a76a8335c22b11594118e7edbff8f42f6092473c781404f"
2025-01-30 18:50:44,129 INFO c.h.h.t.HelmChartContainer - Namespace 'helmupgradeextensionit' deleted
2025-01-30 18:50:44,129 INFO c.h.h.t.HelmChartContainer - Release 'test-hivemq-platform' in namespace 'helmupgradeextensionit' is uninstalled
2025-01-30 18:50:44,129 INFO c.h.h.t.HelmChartContainer - Uninstalling release 'test-hivemq-platform-operator' in namespace 'helmupgradeextensionit-operator'...
2025-01-30 18:50:44,129 DEBUG c.h.h.t.HelmChartContainer - Executing helm command: /bin/helm --kubeconfig /etc/rancher/k3s/k3s.yaml uninstall test-hivemq-platform-operator  --wait --timeout 5m0s --cascade foreground --namespace helmupgradeextensionit-operator
2025-01-30 18:50:44,291 INFO c.h.h.t.HelmChartContainer - [K3S] [replica_set.go:679] "Finished syncing" kind="ReplicaSet" key="helmupgradeextensionit-operator/hivemq-test-hivemq-platform-operator-6966f96d65" duration="13.960431ms"
2025-01-30 18:50:44,291 INFO c.h.h.t.HelmChartContainer - [K3S] [replica_set.go:679] "Finished syncing" kind="ReplicaSet" key="helmupgradeextensionit-operator/hivemq-test-hivemq-platform-operator-6966f96d65" duration="40.225µs"
2025-01-30 18:50:44,309 INFO c.h.h.t.HelmChartContainer - [POD] hivemq-test-hivemq-platform-operator-6966f96d65-zjtqk [56d0a44e-9049-45e2-8398-5499e6d512f8] in helmupgradeextensionit-operator was MODIFIED
2025-01-30 18:50:44,317 INFO c.h.h.t.HelmChartContainer - [K3S] [replica_set.go:679] "Finished syncing" kind="ReplicaSet" key="helmupgradeextensionit-operator/hivemq-test-hivemq-platform-operator-6966f96d65" duration="11.898412ms"
2025-01-30 18:50:44,320 INFO c.h.h.t.HelmChartContainer - [K3S] [replica_set.go:679] "Finished syncing" kind="ReplicaSet" key="helmupgradeextensionit-operator/hivemq-test-hivemq-platform-operator-6966f96d65" duration="48.51µs"
2025-01-30 18:50:44,327 INFO c.h.h.t.HelmChartContainer - [EVENT] Normal [Killing] Stopping container hivemq-platform-operator [helmupgradeextensionit-operator:hivemq-test-hivemq-platform-operator-6966f96d65-zjtqk]
2025-01-30 18:50:44,327 INFO c.h.h.t.HelmChartContainer - Received Killing event for container hivemq-platform-operator in pod hivemq-test-hivemq-platform-operator-6966f96d65-zjtqk [56d0a44e-9049-45e2-8398-5499e6d512f8]
2025-01-30 18:50:44,327 INFO c.h.h.t.HelmChartContainer - Container [hivemq-test-hivemq-platform-operator-6966f96d65-zjtqk] [hivemq-platform-operator] [56d0a44e-9049-45e2-8398-5499e6d512f8] was terminated
2025-01-30 18:50:44,327 INFO c.h.h.t.HelmChartContainer - Stopped log watcher for hivemq-platform-operator in pod hivemq-test-hivemq-platform-operator-6966f96d65-zjtqk [56d0a44e-9049-45e2-8398-5499e6d512f8]
2025-01-30 18:50:44,328 INFO c.h.h.t.HelmChartContainer - [hivemq-test-hivemq-platform] [hivemq-platform-operator] [56d0a44e] 18:50:44.318 [application-shutdown-thread] INFO  c.h.p.o.HiveMQPlatformOperatorApplication - HiveMQ Platform Operator is stopping...
2025-01-30 18:50:44,330 INFO c.h.h.t.HelmChartContainer - [hivemq-test-hivemq-platform] [hivemq-platform-operator] [56d0a44e] 18:50:44.318 [application-shutdown-thread] INFO  i.javaoperatorsdk.operator.Operator - Operator SDK 4.9.7 is shutting down...
2025-01-30 18:50:44,801 INFO c.h.h.t.HelmChartContainer - [K3S] [replica_set.go:679] "Finished syncing" kind="ReplicaSet" key="helmupgradeextensionit-operator/hivemq-test-hivemq-platform-operator-6966f96d65" duration="35.356µs"
2025-01-30 18:50:44,802 INFO c.h.h.t.HelmChartContainer - [POD] hivemq-test-hivemq-platform-operator-6966f96d65-zjtqk [56d0a44e-9049-45e2-8398-5499e6d512f8] in helmupgradeextensionit-operator was MODIFIED
2025-01-30 18:50:44,916 INFO c.h.h.t.HelmChartContainer - [K3S] [reconciler_common.go:162] "operationExecutor.UnmountVolume started for volume \"kube-api-access-jqnpj\" (UniqueName: \"kubernetes.io/projected/56d0a44e-9049-45e2-8398-5499e6d512f8-kube-api-access-jqnpj\") pod \"56d0a44e-9049-45e2-8398-5499e6d512f8\" (UID: \"56d0a44e-9049-45e2-8398-5499e6d512f8\") "
2025-01-30 18:50:45,017 INFO c.h.h.t.HelmChartContainer - [K3S] [reconciler_common.go:299] "Volume detached for volume \"kube-api-access-jqnpj\" (UniqueName: \"kubernetes.io/projected/56d0a44e-9049-45e2-8398-5499e6d512f8-kube-api-access-jqnpj\") on node \"5efb8701c4a9\" DevicePath \"\""
2025-01-30 18:50:45,101 INFO c.h.h.t.HelmChartContainer - [K3S] [scope.go:117] "RemoveContainer" containerID="e52a735aacd8fc4c0350aaca4661304d2a42956cc58073bc705f406cc70d5d0d"
2025-01-30 18:50:45,104 INFO c.h.h.t.HelmChartContainer - [K3S] [scope.go:117] "RemoveContainer" containerID="e52a735aacd8fc4c0350aaca4661304d2a42956cc58073bc705f406cc70d5d0d"
2025-01-30 18:50:45,112 INFO c.h.h.t.HelmChartContainer - [K3S] [replica_set.go:679] "Finished syncing" kind="ReplicaSet" key="helmupgradeextensionit-operator/hivemq-test-hivemq-platform-operator-6966f96d65" duration="40.966µs"
2025-01-30 18:50:45,113 INFO c.h.h.t.HelmChartContainer - [POD] hivemq-test-hivemq-platform-operator-6966f96d65-zjtqk [56d0a44e-9049-45e2-8398-5499e6d512f8] in helmupgradeextensionit-operator was MODIFIED
2025-01-30 18:50:45,114 INFO c.h.h.t.HelmChartContainer - [POD] hivemq-test-hivemq-platform-operator-6966f96d65-zjtqk [56d0a44e-9049-45e2-8398-5499e6d512f8] in helmupgradeextensionit-operator was DELETED
2025-01-30 18:50:45,115 INFO c.h.h.t.HelmChartContainer - [K3S] [replica_set.go:679] "Finished syncing" kind="ReplicaSet" key="helmupgradeextensionit-operator/hivemq-test-hivemq-platform-operator-6966f96d65" duration="31.208µs"
2025-01-30 18:50:45,124 INFO c.h.h.t.HelmChartContainer - [K3S] [replica_set.go:679] "Finished syncing" kind="ReplicaSet" key="helmupgradeextensionit-operator/hivemq-test-hivemq-platform-operator-6966f96d65" duration="6.793µs"
2025-01-30 18:50:46,284 INFO c.h.h.t.HelmChartContainer - [K3S] [kubelet_volumes.go:163] "Cleaned up orphaned pod volumes dir" podUID="56d0a44e-9049-45e2-8398-5499e6d512f8" path="/var/lib/kubelet/pods/56d0a44e-9049-45e2-8398-5499e6d512f8/volumes"
2025-01-30 18:50:46,328 INFO c.h.h.t.HelmChartContainer - Deleting namespace 'helmupgradeextensionit-operator'...
2025-01-30 18:50:49,026 INFO c.h.h.t.HelmChartContainer - [K3S] [namespace_controller.go:187] "Namespace has been deleted" namespace="helmupgradeextensionit"
2025-01-30 18:50:51,545 INFO c.h.h.t.HelmChartContainer - Namespace 'helmupgradeextensionit-operator' deleted
2025-01-30 18:50:51,545 INFO c.h.h.t.HelmChartContainer - Release 'test-hivemq-platform-operator' in namespace 'helmupgradeextensionit-operator' is uninstalled
2025-01-30 18:50:52,205 INFO c.h.helmcharts.AbstractHelmChartIT - Removed unused containers:

2025-01-30 18:50:56,448 INFO c.h.h.t.HelmChartContainer - [K3S] [namespace_controller.go:187] "Namespace has been deleted" namespace="helmupgradeextensionit-operator"
2025-01-30 18:50:59,693 INFO c.h.helmcharts.AbstractHelmChartIT - Removed unused snapshots:
Removing snapshot sha256:03af251906410714c5aef9fa705b63f6bbc39c4a5e787de7361eeb18886c2ed2
Removing snapshot sha256:0c46b3b43cce082ce5ec34ffc6c294e0417d17b9d1e6f366d114b6aadc4f96dc
Removing snapshot sha256:0ce761beee59082d6ed5bcebd3a805b8ddd9b3426b617e4809e7fb7c6587ffec
Removing snapshot sha256:0df91287303208332c8ff6ba40ae4710105201739addbfbddfb955f1ad593664
Removing snapshot sha256:1021ef88c7974bfff89c5a0ec4fd3160daac6c48a075f74cff721f85dd104e68
Removing snapshot sha256:10aba4953ddc18145dd38e3704709bc464aa20af60b56fe52caaff4b68411e62
Removing snapshot sha256:19a1c338f50c1cfaac319b9910ae954136794d0c0a8d1754b3157407b107d9ec
Removing snapshot sha256:2573e0d8158209ed54ab25c87bcdcb00bd3d2539246960a3d592a1c599d70465
Removing snapshot sha256:362a8a37f8bbc31925a8146adcf7cf51f9882f5c1dcbef67c5baa03a297543c0
Removing snapshot sha256:43a0cec96d12c9236928f8ec07085aba6a6da20fed24ac4098836bf77aed9682
Removing snapshot sha256:43a7c979bbaba6838bc3102d6b10a1459f3ab050b87ccdfef84ef90cf43d3058
Removing snapshot sha256:4ab04491cdf0d3267f08206fe30bd48f49f94b9cab2f016d6739220f722a64af
Removing snapshot sha256:4b6068250e89c96f263060261819c7d912855bfbd64b3eb4c4a8483299b8c295
Removing snapshot sha256:580e69a0a8034ede1921139bbd2bfb72a69ebf276d008281896c32dd8bf74775
Removing snapshot sha256:5d30ba46b27fe37484567ccc5242cadc78217b8da605f3f195ef25cbf7487904
Removing snapshot sha256:63ca1fbb43ae5034640e5e6cb3e083e05c290072c5366fcaa9d62435a4cced85
Removing snapshot sha256:67f702c6baae873bceb19487c8b1f27bd2b86077e4f2f0e480e6d60ab508b8f5
Removing snapshot sha256:6864348dd42806d552efdec384f1274be15e2d0c10ce44c1f04347af004c10a9
Removing snapshot sha256:6c7dee8f2c39b84b7dc2711c01d33de93514d9055499173e9290176fbe484b6c
Removing snapshot sha256:82753493a6d61ded36556292f02f31841a14c20d2f279f19eaad65afb661d5cd
Removing snapshot sha256:8a10d3db42c505ee0fcfa98417bdd7e39b304f6bcc0a06bb1b220797ff2cc63c
Removing snapshot sha256:a21e5b12dbac529ad45d976eb9ce45c881f3bedcc500fb30aba1e52aa1813418
Removing snapshot sha256:b921e6c28969094157f9b8e7244677780319637afd14450b7cb6b2fdea558a0c
Removing snapshot sha256:bc27ecb5769a00e309cf99ebc763c4a4b958b618d1decc96ffac5bc05f02f5b7
Removing snapshot sha256:be3ccb6627a5332e309d45ef461d09b4879dd870c7394d89323d0ebc6ca6aa8a
Removing snapshot sha256:c261f7cbbc64211ee175ee47273acdb7b1a36a4450b397a064a8f2c026490095
Removing snapshot sha256:c34d9393647eea0c9e3557ab988efaf59f61d10a2a5613b439ef0958cca5ec10
Removing snapshot sha256:ccf3c4a0fa967a41c1c83497a2ce6fa5787965859df0adb32c4ca2cf7490bc2b
Removing snapshot sha256:cf92d33f869417309692088c341cd0f223c178ea78a125f757317b22aa8f90e9
Removing snapshot sha256:d0037344cf2fb078884f1849f6a1f8cf9a33a3b6139b6a85833e5ee528e1f9a8
Removing snapshot sha256:d3b36d5b79273b1e98e7700470eaeff05a882e777124d84cebcc1505b85ecb36
Removing snapshot sha256:d65a44a37914602d12c611e5e22a50f11451d847e63015cc1c2aef92dee777a4
Removing snapshot sha256:e2dc0bae2455930f23ae570e019b7f32edc75c0f2d71cab084db837ff9051796
Removing snapshot sha256:eccbd24a99c60cd9e86ee5305dbfc4a4dc89f5ab4fb1f06c8d64797cecedef34
Removing snapshot sha256:f144bb4c7c7f0d2aa7eeffd36d934ec40db1ee167be727e326aad9fdc616f475

]]></system-out>
  </testcase>
  <system-out><![CDATA[2025-01-30 18:41:09,053 INFO o.testcontainers.images.PullPolicy - Image pull policy will be performed by: DefaultPullPolicy()
2025-01-30 18:41:09,057 INFO o.t.utility.ImageNameSubstitutor - Image name substitution will be performed by: DefaultImageNameSubstitutor (composite of 'ConfigurationFileImageNameSubstitutor' and 'PrefixingImageNameSubstitutor')
2025-01-30 18:41:09,065 INFO o.testcontainers.DockerClientFactory - Testcontainers version: 1.20.4
2025-01-30 18:41:09,437 INFO o.t.d.DockerClientProviderStrategy - Found Docker environment with local Unix socket (unix:///var/run/docker.sock)
2025-01-30 18:41:09,445 INFO o.testcontainers.DockerClientFactory - Docker host IP address is localhost
2025-01-30 18:41:09,460 INFO o.testcontainers.DockerClientFactory - Connected to docker: 
  Server Version: 26.1.3
  API Version: 1.45
  Operating System: Ubuntu 24.04.1 LTS
  Total Memory: 15990 MB
2025-01-30 18:41:09,489 INFO tc.testcontainers/ryuk:0.11.0 - Pulling docker image: testcontainers/ryuk:0.11.0. Please be patient; this may take some time but only needs to be done once.
2025-01-30 18:41:09,787 INFO tc.testcontainers/ryuk:0.11.0 - Starting to pull image
2025-01-30 18:41:09,801 INFO tc.testcontainers/ryuk:0.11.0 - Pulling image layers:  0 pending,  0 downloaded,  0 extracted, (0 bytes/0 bytes)
2025-01-30 18:41:09,960 INFO tc.testcontainers/ryuk:0.11.0 - Pulling image layers:  2 pending,  1 downloaded,  0 extracted, (116 KB/? MB)
2025-01-30 18:41:10,022 INFO tc.testcontainers/ryuk:0.11.0 - Pulling image layers:  1 pending,  2 downloaded,  0 extracted, (116 KB/? MB)
2025-01-30 18:41:10,041 INFO tc.testcontainers/ryuk:0.11.0 - Pulling image layers:  0 pending,  3 downloaded,  0 extracted, (116 KB/10 MB)
2025-01-30 18:41:10,147 INFO tc.testcontainers/ryuk:0.11.0 - Pulling image layers:  0 pending,  3 downloaded,  1 extracted, (3 MB/10 MB)
2025-01-30 18:41:10,285 INFO tc.testcontainers/ryuk:0.11.0 - Pulling image layers:  0 pending,  3 downloaded,  2 extracted, (4 MB/10 MB)
2025-01-30 18:41:10,325 INFO tc.testcontainers/ryuk:0.11.0 - Pulling image layers:  0 pending,  3 downloaded,  3 extracted, (10 MB/10 MB)
2025-01-30 18:41:10,333 INFO tc.testcontainers/ryuk:0.11.0 - Image testcontainers/ryuk:0.11.0 pull took PT0.843455695S
2025-01-30 18:41:10,354 INFO tc.testcontainers/ryuk:0.11.0 - Creating container for image: testcontainers/ryuk:0.11.0
2025-01-30 18:41:10,415 INFO tc.testcontainers/ryuk:0.11.0 - Container testcontainers/ryuk:0.11.0 is starting: 8baaa98e4018c79c58c421fcad2a1d182150c1d352979c4be4625988e653df0f
2025-01-30 18:41:10,673 INFO tc.testcontainers/ryuk:0.11.0 - Container testcontainers/ryuk:0.11.0 started in PT0.319771047S
2025-01-30 18:41:10,677 INFO o.t.utility.RyukResourceReaper - Ryuk started - will monitor and terminate Testcontainers containers on JVM exit
2025-01-30 18:41:10,677 INFO o.testcontainers.DockerClientFactory - Checking the system...
2025-01-30 18:41:10,678 INFO o.testcontainers.DockerClientFactory - ✔︎ Docker server version should be at least 1.6.0
2025-01-30 18:41:10,679 INFO tc.hivemq/hivemq4:4.36.0 - Creating container for image: hivemq/hivemq4:4.36.0
2025-01-30 18:41:10,698 INFO tc.hivemq/hivemq4:4.36.0 - Container hivemq/hivemq4:4.36.0 is starting: 5e43e2953f2d5bb5d2212e08ffa248302e7367a91b4c7a31d493cadac8313ed2
2025-01-30 18:41:18,598 INFO tc.hivemq/hivemq4:4.36.0 - Container hivemq/hivemq4:4.36.0 started in PT7.919662595S
2025-01-30 18:41:18,600 INFO c.h.h.t.HelmChartContainerExtension - Using cached HelmChartContainer instance
2025-01-30 18:41:18,602 INFO c.h.h.t.HelmChartContainerExtension - Creating cached HelmChartContainer instance
2025-01-30 18:41:18,678 INFO o.t.i.builder.ImageFromDockerfile - Pre-emptively checking local images for 'ubuntu:noble-20241118.1@sha256:80dd3c3b9c6cecb9f1667e9290b3bc61b78c2678c02cbdae5f0fea92cc6734ab', referenced via a Dockerfile. If not available, it will be pulled.
2025-01-30 18:41:18,680 INFO t.u.1@sha256:80dd3c... - Pulling docker image: ubuntu:noble-20241118.1@sha256:80dd3c3b9c6cecb9f1667e9290b3bc61b78c2678c02cbdae5f0fea92cc6734ab. Please be patient; this may take some time but only needs to be done once.
2025-01-30 18:41:18,822 INFO t.u.1@sha256:80dd3c... - Starting to pull image
2025-01-30 18:41:18,823 INFO t.u.1@sha256:80dd3c... - Pulling image layers:  0 pending,  0 downloaded,  0 extracted, (0 bytes/0 bytes)
2025-01-30 18:41:19,490 INFO t.u.1@sha256:80dd3c... - Pulling image layers:  0 pending,  1 downloaded,  0 extracted, (25 MB/28 MB)
2025-01-30 18:41:20,423 INFO t.u.1@sha256:80dd3c... - Pulling image layers:  0 pending,  1 downloaded,  1 extracted, (28 MB/28 MB)
2025-01-30 18:41:20,429 INFO t.u.1@sha256:80dd3c... - Pull complete. 1 layers, pulled in 1s (downloaded 28 MB at 28 MB/s)
2025-01-30 18:41:20,429 INFO t.u.1@sha256:80dd3c... - Image ubuntu:noble-20241118.1@sha256:80dd3c3b9c6cecb9f1667e9290b3bc61b78c2678c02cbdae5f0fea92cc6734ab pull took PT1.748054522S
2025-01-30 18:41:20,431 INFO o.t.i.builder.ImageFromDockerfile - Pre-emptively checking local images for 'rancher/k3s:v1.32.1-k3s1', referenced via a Dockerfile. If not available, it will be pulled.
2025-01-30 18:41:20,432 INFO tc.rancher/k3s:v1.32.1-k3s1 - Pulling docker image: rancher/k3s:v1.32.1-k3s1. Please be patient; this may take some time but only needs to be done once.
2025-01-30 18:41:20,660 INFO tc.rancher/k3s:v1.32.1-k3s1 - Starting to pull image
2025-01-30 18:41:20,661 INFO tc.rancher/k3s:v1.32.1-k3s1 - Pulling image layers:  0 pending,  0 downloaded,  0 extracted, (0 bytes/0 bytes)
2025-01-30 18:41:21,543 INFO tc.rancher/k3s:v1.32.1-k3s1 - Pulling image layers:  0 pending,  1 downloaded,  0 extracted, (63 MB/71 MB)
2025-01-30 18:41:22,593 INFO tc.rancher/k3s:v1.32.1-k3s1 - Pulling image layers:  0 pending,  1 downloaded,  1 extracted, (71 MB/71 MB)
2025-01-30 18:41:22,599 INFO tc.rancher/k3s:v1.32.1-k3s1 - Image rancher/k3s:v1.32.1-k3s1 pull took PT2.16669049S
2025-01-30 18:41:22,599 INFO tc.rancher/k3s:v1.32.1-k3s1 - Pull complete. 1 layers, pulled in 1s (downloaded 71 MB at 71 MB/s)
2025-01-30 18:41:22,607 INFO o.t.i.builder.ImageFromDockerfile - Transferred 0 bytes to Docker daemon
2025-01-30 18:41:38,018 INFO c.h.h.t.HelmChartContainer - Starting HelmChartContainer...
2025-01-30 18:41:38,020 INFO t.localhost/testcontainers/qwgssbs7bdwrgvuq:latest - Creating container for image: localhost/testcontainers/qwgssbs7bdwrgvuq:latest
2025-01-30 18:41:38,095 INFO tc.alpine:3.17 - Pulling docker image: alpine:3.17. Please be patient; this may take some time but only needs to be done once.
2025-01-30 18:41:38,362 INFO tc.alpine:3.17 - Starting to pull image
2025-01-30 18:41:38,363 INFO tc.alpine:3.17 - Pulling image layers:  0 pending,  0 downloaded,  0 extracted, (0 bytes/0 bytes)
2025-01-30 18:41:38,563 INFO tc.alpine:3.17 - Pulling image layers:  0 pending,  1 downloaded,  0 extracted, (33 KB/3 MB)
2025-01-30 18:41:38,659 INFO tc.alpine:3.17 - Pulling image layers:  0 pending,  1 downloaded,  1 extracted, (3 MB/3 MB)
2025-01-30 18:41:38,667 INFO tc.alpine:3.17 - Image alpine:3.17 pull took PT0.571544229S
2025-01-30 18:41:39,233 INFO t.localhost/testcontainers/qwgssbs7bdwrgvuq:latest - Container localhost/testcontainers/qwgssbs7bdwrgvuq:latest is starting: 5efb8701c4a91c56071fb5ac482d81cb34d94328ee45dab9412defa04f59ca40
2025-01-30 18:41:39,593 INFO c.h.h.t.HelmChartContainer - [K3S] [INFO] Starting k3s v1.32.1+k3s1 (6a322f12)
2025-01-30 18:41:39,596 INFO c.h.h.t.HelmChartContainer - [K3S] [INFO] Configuring sqlite3 database connection pooling: maxIdleConns=2, maxOpenConns=0, connMaxLifetime=0s
2025-01-30 18:41:39,597 INFO c.h.h.t.HelmChartContainer - [K3S] [INFO] Configuring database table schema and indexes, this may take a moment...
2025-01-30 18:41:39,600 INFO c.h.h.t.HelmChartContainer - [K3S] [INFO] Database tables and indexes are up to date
2025-01-30 18:41:39,603 INFO c.h.h.t.HelmChartContainer - [K3S] [INFO] Kine available at unix://kine.sock
2025-01-30 18:41:39,800 INFO c.h.h.t.HelmChartContainer - [K3S] [INFO] Saving cluster bootstrap data to datastore
2025-01-30 18:41:39,801 INFO c.h.h.t.HelmChartContainer - [K3S] [WARNING] dynamiclistener [::]:6443: no cached certificate available for preload - deferring certificate load until storage initialization or first client request
2025-01-30 18:41:39,801 INFO c.h.h.t.HelmChartContainer - [K3S] [INFO] Active TLS secret / (ver=) (count 10): map[listener.cattle.io/cn-10.43.0.1:10.43.0.1 listener.cattle.io/cn-127.0.0.1:127.0.0.1 listener.cattle.io/cn-172.18.0.2:172.18.0.2 listener.cattle.io/cn-5efb8701c4a9:5efb8701c4a9 listener.cattle.io/cn-__1-f16284:::1 listener.cattle.io/cn-kubernetes:kubernetes listener.cattle.io/cn-kubernetes.default:kubernetes.default listener.cattle.io/cn-kubernetes.default.svc:kubernetes.default.svc listener.cattle.io/cn-kubernetes.default.svc.cluster.local:kubernetes.default.svc.cluster.local listener.cattle.io/cn-localhost:localhost listener.cattle.io/fingerprint:SHA1=64FAD414280C5685A268FE3E766E2328015044F8]
2025-01-30 18:41:39,962 INFO c.h.h.t.HelmChartContainer - [K3S] [INFO] Running kube-apiserver --advertise-port=6443 --allow-privileged=true --anonymous-auth=false --api-audiences=https://kubernetes.default.svc.cluster.local,k3s --authorization-mode=Node,RBAC --bind-address=127.0.0.1 --cert-dir=/var/lib/rancher/k3s/server/tls/temporary-certs --client-ca-file=/var/lib/rancher/k3s/server/tls/client-ca.crt --egress-selector-config-file=/var/lib/rancher/k3s/server/etc/egress-selector-config.yaml --enable-admission-plugins=NodeRestriction --enable-aggregator-routing=true --enable-bootstrap-token-auth=true --etcd-compaction-interval=0s --etcd-servers=unix://kine.sock --kubelet-certificate-authority=/var/lib/rancher/k3s/server/tls/server-ca.crt --kubelet-client-certificate=/var/lib/rancher/k3s/server/tls/client-kube-apiserver.crt --kubelet-client-key=/var/lib/rancher/k3s/server/tls/client-kube-apiserver.key --kubelet-preferred-address-types=InternalIP,ExternalIP,Hostname --profiling=false --proxy-client-cert-file=/var/lib/rancher/k3s/server/tls/client-auth-proxy.crt --proxy-client-key-file=/var/lib/rancher/k3s/server/tls/client-auth-proxy.key --requestheader-allowed-names=system:auth-proxy --requestheader-client-ca-file=/var/lib/rancher/k3s/server/tls/request-header-ca.crt --requestheader-extra-headers-prefix=X-Remote-Extra- --requestheader-group-headers=X-Remote-Group --requestheader-username-headers=X-Remote-User --secure-port=6444 --service-account-issuer=https://kubernetes.default.svc.cluster.local --service-account-key-file=/var/lib/rancher/k3s/server/tls/service.key --service-account-signing-key-file=/var/lib/rancher/k3s/server/tls/service.current.key --service-cluster-ip-range=10.43.0.0/16 --service-node-port-range=30000-32767 --storage-backend=etcd3 --tls-cert-file=/var/lib/rancher/k3s/server/tls/serving-kube-apiserver.crt --tls-cipher-suites=TLS_ECDHE_ECDSA_WITH_AES_256_GCM_SHA384,TLS_ECDHE_RSA_WITH_AES_256_GCM_SHA384,TLS_ECDHE_ECDSA_WITH_AES_128_GCM_SHA256,TLS_ECDHE_RSA_WITH_AES_128_GCM_SHA256,TLS_ECDHE_ECDSA_WITH_CHACHA20_POLY1305,TLS_ECDHE_RSA_WITH_CHACHA20_POLY1305 --tls-private-key-file=/var/lib/rancher/k3s/server/tls/serving-kube-apiserver.key
2025-01-30 18:41:39,963 INFO c.h.h.t.HelmChartContainer - [K3S] [INFO] Running kube-scheduler --authentication-kubeconfig=/var/lib/rancher/k3s/server/cred/scheduler.kubeconfig --authorization-kubeconfig=/var/lib/rancher/k3s/server/cred/scheduler.kubeconfig --bind-address=127.0.0.1 --kubeconfig=/var/lib/rancher/k3s/server/cred/scheduler.kubeconfig --leader-elect=false --profiling=false --secure-port=10259
2025-01-30 18:41:39,964 INFO c.h.h.t.HelmChartContainer - [K3S] [registry.go:256] calling componentGlobalsRegistry.AddFlags more than once, the registry will be set by the latest flags
2025-01-30 18:41:39,964 INFO c.h.h.t.HelmChartContainer - [K3S] [INFO] Waiting for API server to become available
2025-01-30 18:41:39,964 INFO c.h.h.t.HelmChartContainer - [K3S] [INFO] Running kube-controller-manager --allocate-node-cidrs=true --authentication-kubeconfig=/var/lib/rancher/k3s/server/cred/controller.kubeconfig --authorization-kubeconfig=/var/lib/rancher/k3s/server/cred/controller.kubeconfig --bind-address=127.0.0.1 --cluster-cidr=10.42.0.0/16 --cluster-signing-kube-apiserver-client-cert-file=/var/lib/rancher/k3s/server/tls/client-ca.nochain.crt --cluster-signing-kube-apiserver-client-key-file=/var/lib/rancher/k3s/server/tls/client-ca.key --cluster-signing-kubelet-client-cert-file=/var/lib/rancher/k3s/server/tls/client-ca.nochain.crt --cluster-signing-kubelet-client-key-file=/var/lib/rancher/k3s/server/tls/client-ca.key --cluster-signing-kubelet-serving-cert-file=/var/lib/rancher/k3s/server/tls/server-ca.nochain.crt --cluster-signing-kubelet-serving-key-file=/var/lib/rancher/k3s/server/tls/server-ca.key --cluster-signing-legacy-unknown-cert-file=/var/lib/rancher/k3s/server/tls/server-ca.nochain.crt --cluster-signing-legacy-unknown-key-file=/var/lib/rancher/k3s/server/tls/server-ca.key --configure-cloud-routes=false --controllers=*,tokencleaner,-service,-route,-cloud-node-lifecycle --kubeconfig=/var/lib/rancher/k3s/server/cred/controller.kubeconfig --leader-elect=false --profiling=false --root-ca-file=/var/lib/rancher/k3s/server/tls/server-ca.crt --secure-port=10257 --service-account-private-key-file=/var/lib/rancher/k3s/server/tls/service.current.key --service-cluster-ip-range=10.43.0.0/16 --use-service-account-credentials=true
2025-01-30 18:41:39,964 INFO c.h.h.t.HelmChartContainer - [K3S] [options.go:299] unable to set WatchListClient feature gate, err: cannot override default for feature "WatchListClient": gates already added to a flag set
2025-01-30 18:41:39,965 INFO c.h.h.t.HelmChartContainer - [K3S] [registry.go:256] calling componentGlobalsRegistry.AddFlags more than once, the registry will be set by the latest flags
2025-01-30 18:41:39,965 INFO c.h.h.t.HelmChartContainer - [K3S] [registry.go:256] calling componentGlobalsRegistry.AddFlags more than once, the registry will be set by the latest flags
2025-01-30 18:41:39,965 INFO c.h.h.t.HelmChartContainer - [K3S] [INFO] Running cloud-controller-manager --allocate-node-cidrs=true --authentication-kubeconfig=/var/lib/rancher/k3s/server/cred/cloud-controller.kubeconfig --authorization-kubeconfig=/var/lib/rancher/k3s/server/cred/cloud-controller.kubeconfig --bind-address=127.0.0.1 --cloud-config=/var/lib/rancher/k3s/server/etc/cloud-config.yaml --cloud-provider=k3s --cluster-cidr=10.42.0.0/16 --configure-cloud-routes=false --controllers=*,-route --kubeconfig=/var/lib/rancher/k3s/server/cred/cloud-controller.kubeconfig --leader-elect=false --leader-elect-resource-name=k3s-cloud-controller-manager --node-status-update-frequency=1m0s --profiling=false
2025-01-30 18:41:39,968 INFO c.h.h.t.HelmChartContainer - [K3S] [INFO] Server node token is available at /var/lib/rancher/k3s/server/token
2025-01-30 18:41:39,968 INFO c.h.h.t.HelmChartContainer - [K3S] [INFO] To join server node to cluster: k3s server -s https://172.18.0.2:6443 -t ${SERVER_NODE_TOKEN}
2025-01-30 18:41:39,968 INFO c.h.h.t.HelmChartContainer - [K3S] [INFO] Agent node token is available at /var/lib/rancher/k3s/server/agent-token
2025-01-30 18:41:39,968 INFO c.h.h.t.HelmChartContainer - [K3S] [INFO] To join agent node to cluster: k3s agent -s https://172.18.0.2:6443 -t ${AGENT_NODE_TOKEN}
2025-01-30 18:41:39,968 INFO c.h.h.t.HelmChartContainer - [K3S] [options.go:238] external host was not specified, using 172.18.0.2
2025-01-30 18:41:39,968 INFO c.h.h.t.HelmChartContainer - [K3S] [INFO] Wrote kubeconfig /etc/rancher/k3s/k3s.yaml
2025-01-30 18:41:39,969 INFO c.h.h.t.HelmChartContainer - [K3S] [INFO] Run: k3s kubectl
2025-01-30 18:41:39,971 INFO c.h.h.t.HelmChartContainer - [K3S] [server.go:151] Version: v1.32.1+k3s1
2025-01-30 18:41:39,971 INFO c.h.h.t.HelmChartContainer - [K3S] [server.go:153] "Golang settings" GOGC="" GOMAXPROCS="" GOTRACEBACK=""
2025-01-30 18:41:40,246 INFO c.h.h.t.HelmChartContainer - [K3S] [plugins.go:157] Loaded 13 mutating admission controller(s) successfully in the following order: NamespaceLifecycle,LimitRanger,ServiceAccount,NodeRestriction,TaintNodesByCondition,Priority,DefaultTolerationSeconds,DefaultStorageClass,StorageObjectInUseProtection,RuntimeClass,DefaultIngressClass,MutatingAdmissionPolicy,MutatingAdmissionWebhook.
2025-01-30 18:41:40,246 INFO c.h.h.t.HelmChartContainer - [K3S] [plugins.go:160] Loaded 13 validating admission controller(s) successfully in the following order: LimitRanger,ServiceAccount,PodSecurity,Priority,PersistentVolumeClaimResize,RuntimeClass,CertificateApproval,CertificateSigning,ClusterTrustBundleAttest,CertificateSubjectRestriction,ValidatingAdmissionPolicy,ValidatingAdmissionWebhook,ResourceQuota.
2025-01-30 18:41:40,246 INFO c.h.h.t.HelmChartContainer - [K3S] [instance.go:233] Using reconciler: lease
2025-01-30 18:41:40,310 INFO c.h.h.t.HelmChartContainer - [K3S] [apis.go:106] API group "internal.apiserver.k8s.io" is not enabled, skipping.
2025-01-30 18:41:40,351 INFO c.h.h.t.HelmChartContainer - [K3S] [apis.go:106] API group "storagemigration.k8s.io" is not enabled, skipping.
2025-01-30 18:41:40,380 INFO c.h.h.t.HelmChartContainer - [K3S] [apis.go:106] API group "resource.k8s.io" is not enabled, skipping.
2025-01-30 18:41:40,606 INFO c.h.h.t.HelmChartContainer - [K3S] [INFO] Password verified locally for node 5efb8701c4a9
2025-01-30 18:41:40,715 INFO c.h.h.t.HelmChartContainer - [K3S] [secure_serving.go:213] Serving securely on 127.0.0.1:6444
2025-01-30 18:41:40,715 INFO c.h.h.t.HelmChartContainer - [K3S] [dynamic_cafile_content.go:161] "Starting controller" name="request-header::/var/lib/rancher/k3s/server/tls/request-header-ca.crt"
2025-01-30 18:41:40,717 INFO c.h.h.t.HelmChartContainer - [K3S] [dynamic_serving_content.go:135] "Starting controller" name="serving-cert::/var/lib/rancher/k3s/server/tls/serving-kube-apiserver.crt::/var/lib/rancher/k3s/server/tls/serving-kube-apiserver.key"
2025-01-30 18:41:40,717 INFO c.h.h.t.HelmChartContainer - [K3S] [tlsconfig.go:243] "Starting DynamicServingCertificateController"
2025-01-30 18:41:40,718 INFO c.h.h.t.HelmChartContainer - [K3S] [system_namespaces_controller.go:66] Starting system namespaces controller
2025-01-30 18:41:40,718 INFO c.h.h.t.HelmChartContainer - [K3S] [aggregator.go:169] waiting for initial CRD sync...
2025-01-30 18:41:40,718 INFO c.h.h.t.HelmChartContainer - [K3S] [customresource_discovery_controller.go:292] Starting DiscoveryController
2025-01-30 18:41:40,718 INFO c.h.h.t.HelmChartContainer - [K3S] [dynamic_serving_content.go:135] "Starting controller" name="aggregator-proxy-cert::/var/lib/rancher/k3s/server/tls/client-auth-proxy.crt::/var/lib/rancher/k3s/server/tls/client-auth-proxy.key"
2025-01-30 18:41:40,718 INFO c.h.h.t.HelmChartContainer - [K3S] [apf_controller.go:377] Starting API Priority and Fairness config controller
2025-01-30 18:41:40,718 INFO c.h.h.t.HelmChartContainer - [K3S] [gc_controller.go:78] Starting apiserver lease garbage collector
2025-01-30 18:41:40,719 INFO c.h.h.t.HelmChartContainer - [K3S] [apiservice_controller.go:100] Starting APIServiceRegistrationController
2025-01-30 18:41:40,719 INFO c.h.h.t.HelmChartContainer - [K3S] [cluster_authentication_trust_controller.go:462] Starting cluster_authentication_trust_controller controller
2025-01-30 18:41:40,719 INFO c.h.h.t.HelmChartContainer - [K3S] [remote_available_controller.go:411] Starting RemoteAvailability controller
2025-01-30 18:41:40,719 INFO c.h.h.t.HelmChartContainer - [K3S] [controller.go:78] Starting OpenAPI AggregationController
2025-01-30 18:41:40,719 INFO c.h.h.t.HelmChartContainer - [K3S] [controller.go:119] Starting legacy_token_tracking_controller
2025-01-30 18:41:40,719 INFO c.h.h.t.HelmChartContainer - [K3S] [local_available_controller.go:156] Starting LocalAvailability controller
2025-01-30 18:41:40,719 INFO c.h.h.t.HelmChartContainer - [K3S] [controller.go:80] Starting OpenAPI V3 AggregationController
2025-01-30 18:41:40,719 INFO c.h.h.t.HelmChartContainer - [K3S] [dynamic_cafile_content.go:161] "Starting controller" name="client-ca-bundle::/var/lib/rancher/k3s/server/tls/client-ca.crt"
2025-01-30 18:41:40,723 INFO c.h.h.t.HelmChartContainer - [K3S] [crdregistration_controller.go:114] Starting crd-autoregister controller
2025-01-30 18:41:40,724 INFO c.h.h.t.HelmChartContainer - [K3S] [controller.go:142] Starting OpenAPI controller
2025-01-30 18:41:40,724 INFO c.h.h.t.HelmChartContainer - [K3S] [controller.go:90] Starting OpenAPI V3 controller
2025-01-30 18:41:40,724 INFO c.h.h.t.HelmChartContainer - [K3S] [naming_controller.go:294] Starting NamingConditionController
2025-01-30 18:41:40,724 INFO c.h.h.t.HelmChartContainer - [K3S] [establishing_controller.go:81] Starting EstablishingController
2025-01-30 18:41:40,724 INFO c.h.h.t.HelmChartContainer - [K3S] [nonstructuralschema_controller.go:195] Starting NonStructuralSchemaConditionController
2025-01-30 18:41:40,725 INFO c.h.h.t.HelmChartContainer - [K3S] [apiapproval_controller.go:189] Starting KubernetesAPIApprovalPolicyConformantConditionController
2025-01-30 18:41:40,725 INFO c.h.h.t.HelmChartContainer - [K3S] [crd_finalizer.go:269] Starting CRDFinalizer
2025-01-30 18:41:40,725 INFO c.h.h.t.HelmChartContainer - [K3S] [dynamic_cafile_content.go:161] "Starting controller" name="client-ca-bundle::/var/lib/rancher/k3s/server/tls/client-ca.crt"
2025-01-30 18:41:40,725 INFO c.h.h.t.HelmChartContainer - [K3S] [dynamic_cafile_content.go:161] "Starting controller" name="request-header::/var/lib/rancher/k3s/server/tls/request-header-ca.crt"
2025-01-30 18:41:40,817 INFO c.h.h.t.HelmChartContainer - [K3S] [apf_controller.go:382] Running API Priority and Fairness config worker
2025-01-30 18:41:40,817 INFO c.h.h.t.HelmChartContainer - [K3S] [apf_controller.go:385] Running API Priority and Fairness periodic rebalancing process
2025-01-30 18:41:40,818 INFO c.h.h.t.HelmChartContainer - [K3S] [handler_discovery.go:451] Starting ResourceDiscoveryManager
2025-01-30 18:41:40,825 INFO c.h.h.t.HelmChartContainer - [K3S] [aggregator.go:171] initial CRD sync complete...
2025-01-30 18:41:40,825 INFO c.h.h.t.HelmChartContainer - [K3S] [autoregister_controller.go:144] Starting autoregister controller
2025-01-30 18:41:40,835 INFO c.h.h.t.HelmChartContainer - [K3S] [controller.go:145] "Failed to ensure lease exists, will retry" err="namespaces \"kube-system\" not found" interval="200ms"
2025-01-30 18:41:40,839 INFO c.h.h.t.HelmChartContainer - [K3S] [policy_source.go:240] refreshing policies
2025-01-30 18:41:40,872 INFO c.h.h.t.HelmChartContainer - [K3S] [controller.go:148] "Unhandled Error" err="while syncing ConfigMap \"kube-system/kube-apiserver-legacy-service-account-token-tracking\", err: namespaces \"kube-system\" not found" logger="UnhandledError"
2025-01-30 18:41:40,873 INFO c.h.h.t.HelmChartContainer - [K3S] [controller.go:95] Unable to perform initial Kubernetes service initialization: namespaces "default" not found
2025-01-30 18:41:41,153 INFO c.h.h.t.HelmChartContainer - [K3S] [WARNING] Host resolv.conf includes loopback or multicast nameservers - kubelet will use autogenerated resolv.conf with nameserver 8.8.8.8
2025-01-30 18:41:41,162 INFO c.h.h.t.HelmChartContainer - [K3S] [INFO] Module overlay was already loaded
2025-01-30 18:41:41,162 INFO c.h.h.t.HelmChartContainer - [K3S] [INFO] Module nf_conntrack was already loaded
2025-01-30 18:41:41,162 INFO c.h.h.t.HelmChartContainer - [K3S] [INFO] Module br_netfilter was already loaded
2025-01-30 18:41:41,168 INFO c.h.h.t.HelmChartContainer - [K3S] [INFO] Set sysctl 'net/netfilter/nf_conntrack_max' to 131072
2025-01-30 18:41:41,169 INFO c.h.h.t.HelmChartContainer - [K3S] [INFO] Set sysctl 'net/netfilter/nf_conntrack_tcp_timeout_established' to 86400
2025-01-30 18:41:41,169 INFO c.h.h.t.HelmChartContainer - [K3S] [INFO] Set sysctl 'net/netfilter/nf_conntrack_tcp_timeout_close_wait' to 3600
2025-01-30 18:41:41,171 INFO c.h.h.t.HelmChartContainer - [K3S] [INFO] Logging containerd to /var/lib/rancher/k3s/agent/containerd/containerd.log
2025-01-30 18:41:41,171 INFO c.h.h.t.HelmChartContainer - [K3S] [INFO] Running containerd -c /var/lib/rancher/k3s/agent/etc/containerd/config.toml -a /run/k3s/containerd/containerd.sock --state /run/k3s/containerd --root /var/lib/rancher/k3s/agent/containerd
2025-01-30 18:41:41,719 INFO c.h.h.t.HelmChartContainer - [K3S] [storage_scheduling.go:95] created PriorityClass system-node-critical with value 2000001000
2025-01-30 18:41:41,723 INFO c.h.h.t.HelmChartContainer - [K3S] [storage_scheduling.go:95] created PriorityClass system-cluster-critical with value 2000000000
2025-01-30 18:41:41,724 INFO c.h.h.t.HelmChartContainer - [K3S] [storage_scheduling.go:111] all system priority classes are created successfully or already exist.
2025-01-30 18:41:42,174 INFO c.h.h.t.HelmChartContainer - [K3S] [INFO] containerd is now running
2025-01-30 18:41:42,178 INFO c.h.h.t.HelmChartContainer - [K3S] [INFO] Connecting to proxy" url="wss://127.0.0.1:6443/v1-k3s/connect
2025-01-30 18:41:42,179 INFO c.h.h.t.HelmChartContainer - [K3S] [INFO] Creating k3s-cert-monitor event broadcaster
2025-01-30 18:41:42,184 INFO c.h.h.t.HelmChartContainer - [K3S] [INFO] Running kubelet --cloud-provider=external --config-dir=/var/lib/rancher/k3s/agent/etc/kubelet.conf.d --containerd=/run/k3s/containerd/containerd.sock --hostname-override=5efb8701c4a9 --kubeconfig=/var/lib/rancher/k3s/agent/kubelet.kubeconfig --node-ip=172.18.0.2 --node-labels=
2025-01-30 18:41:42,184 INFO c.h.h.t.HelmChartContainer - [K3S] [INFO] Handling backend connection request [5efb8701c4a9]
2025-01-30 18:41:42,184 INFO c.h.h.t.HelmChartContainer - [K3S] [INFO] Remotedialer connected to proxy" url="wss://127.0.0.1:6443/v1-k3s/connect
2025-01-30 18:41:42,185 INFO c.h.h.t.HelmChartContainer - [K3S] [alloc.go:330] "allocated clusterIPs" service="default/kubernetes" clusterIPs={"IPv4":"10.43.0.1"}
2025-01-30 18:41:42,189 INFO c.h.h.t.HelmChartContainer - [K3S] Flag --containerd has been deprecated, This is a cadvisor flag that was mistakenly registered with the Kubelet. Due to legacy concerns, it will follow the standard CLI deprecation timeline before being removed.
2025-01-30 18:41:42,194 INFO c.h.h.t.HelmChartContainer - [K3S] [server.go:515] "Kubelet version" kubeletVersion="v1.32.1+k3s1"
2025-01-30 18:41:42,194 INFO c.h.h.t.HelmChartContainer - [K3S] [server.go:517] "Golang settings" GOGC="" GOMAXPROCS="" GOTRACEBACK=""
2025-01-30 18:41:42,199 INFO c.h.h.t.HelmChartContainer - [K3S] [dynamic_cafile_content.go:161] "Starting controller" name="client-ca-bundle::/var/lib/rancher/k3s/agent/client-ca.crt"
2025-01-30 18:41:42,199 INFO c.h.h.t.HelmChartContainer - [K3S] [lease.go:265] Resetting endpoints for master service "kubernetes" to [172.18.0.2]
2025-01-30 18:41:42,212 INFO c.h.h.t.HelmChartContainer - [K3S] [log.go:32] "RuntimeConfig from runtime service failed" err="rpc error: code = Unimplemented desc = method RuntimeConfig not implemented"
2025-01-30 18:41:42,212 INFO c.h.h.t.HelmChartContainer - [K3S] [server.go:1416] "CRI implementation should be updated to support RuntimeConfig when KubeletCgroupDriverFromCRI feature gate has been enabled. Falling back to using cgroupDriver from kubelet config."
2025-01-30 18:41:42,227 INFO c.h.h.t.HelmChartContainer - [K3S] [info.go:53] Couldn't collect info from any of the files in "/etc/machine-id,/var/lib/dbus/machine-id"
2025-01-30 18:41:42,227 INFO c.h.h.t.HelmChartContainer - [K3S] [server.go:767] "--cgroups-per-qos enabled, but --cgroup-root was not specified.  defaulting to /"
2025-01-30 18:41:42,227 INFO c.h.h.t.HelmChartContainer - [K3S] [server.go:836] "NoSwap is set due to memorySwapBehavior not specified" memorySwapBehavior="" FailSwapOn=false
2025-01-30 18:41:42,227 INFO c.h.h.t.HelmChartContainer - [K3S] [swap_util.go:115] "Swap is on" /proc/swaps contents=<
2025-01-30 18:41:42,227 INFO c.h.h.t.HelmChartContainer - [K3S] 	Filename				Type		Size		Used		Priority
2025-01-30 18:41:42,228 INFO c.h.h.t.HelmChartContainer - [K3S] 	/mnt/swapfile                           file		4194300		0		-2
2025-01-30 18:41:42,228 INFO c.h.h.t.HelmChartContainer - [K3S]  >
2025-01-30 18:41:42,231 INFO c.h.h.t.HelmChartContainer - [K3S] [container_manager_linux.go:268] "Container manager verified user specified cgroup-root exists" cgroupRoot=[]
2025-01-30 18:41:42,231 INFO c.h.h.t.HelmChartContainer - [K3S] [container_manager_linux.go:273] "Creating Container Manager object based on Node Config" nodeConfig={"NodeName":"5efb8701c4a9","RuntimeCgroupsName":"","SystemCgroupsName":"","KubeletCgroupsName":"/k3s","KubeletOOMScoreAdj":-999,"ContainerRuntime":"","CgroupsPerQOS":true,"CgroupRoot":"/","CgroupDriver":"cgroupfs","KubeletRootDir":"/var/lib/kubelet","ProtectKernelDefaults":false,"KubeReservedCgroupName":"","SystemReservedCgroupName":"","ReservedSystemCPUs":{},"EnforceNodeAllocatable":{"pods":{}},"KubeReserved":null,"SystemReserved":null,"HardEvictionThresholds":[{"Signal":"imagefs.available","Operator":"LessThan","Value":{"Quantity":null,"Percentage":0.05},"GracePeriod":0,"MinReclaim":null},{"Signal":"nodefs.available","Operator":"LessThan","Value":{"Quantity":null,"Percentage":0.05},"GracePeriod":0,"MinReclaim":null}],"QOSReserved":{},"CPUManagerPolicy":"none","CPUManagerPolicyOptions":null,"TopologyManagerScope":"container","CPUManagerReconcilePeriod":10000000000,"ExperimentalMemoryManagerPolicy":"None","ExperimentalMemoryManagerReservedMemory":null,"PodPidsLimit":-1,"EnforceCPULimits":true,"CPUCFSQuotaPeriod":100000000,"TopologyManagerPolicy":"none","TopologyManagerPolicyOptions":null,"CgroupVersion":2}
2025-01-30 18:41:42,232 INFO c.h.h.t.HelmChartContainer - [K3S] [topology_manager.go:138] "Creating topology manager with none policy"
2025-01-30 18:41:42,232 INFO c.h.h.t.HelmChartContainer - [K3S] [container_manager_linux.go:304] "Creating device plugin manager"
2025-01-30 18:41:42,232 INFO c.h.h.t.HelmChartContainer - [K3S] [state_mem.go:36] "Initialized new in-memory state store"
2025-01-30 18:41:42,232 INFO c.h.h.t.HelmChartContainer - [K3S] [kubelet.go:446] "Attempting to sync node with API server"
2025-01-30 18:41:42,232 INFO c.h.h.t.HelmChartContainer - [K3S] [kubelet.go:341] "Adding static pod path" path="/var/lib/rancher/k3s/agent/pod-manifests"
2025-01-30 18:41:42,232 INFO c.h.h.t.HelmChartContainer - [K3S] [kubelet.go:352] "Adding apiserver pod source"
2025-01-30 18:41:42,232 INFO c.h.h.t.HelmChartContainer - [K3S] [apiserver.go:42] "Waiting for node sync before watching apiserver pods"
2025-01-30 18:41:42,234 INFO c.h.h.t.HelmChartContainer - [K3S] [kuberuntime_manager.go:269] "Container runtime initialized" containerRuntime="containerd" version="v1.7.23-k3s2" apiVersion="v1"
2025-01-30 18:41:42,235 INFO c.h.h.t.HelmChartContainer - [K3S] [kubelet.go:890] "Not starting ClusterTrustBundle informer because we are in static kubelet mode"
2025-01-30 18:41:42,241 INFO c.h.h.t.HelmChartContainer - [K3S] [probe.go:272] Flexvolume plugin directory at /usr/libexec/kubernetes/kubelet-plugins/volume/exec/ does not exist. Recreating.
2025-01-30 18:41:42,241 INFO c.h.h.t.HelmChartContainer - [K3S] [watchdog_linux.go:99] "Systemd watchdog is not enabled"
2025-01-30 18:41:42,241 INFO c.h.h.t.HelmChartContainer - [K3S] [server.go:1282] "Started kubelet"
2025-01-30 18:41:42,241 INFO c.h.h.t.HelmChartContainer - [K3S] [fs_resource_analyzer.go:67] "Starting FS ResourceAnalyzer"
2025-01-30 18:41:42,247 INFO c.h.h.t.HelmChartContainer - [K3S] [kubelet.go:1561] "Image garbage collection failed once. Stats initialization may not have completed yet" err="invalid capacity 0 on image filesystem"
2025-01-30 18:41:42,254 INFO c.h.h.t.HelmChartContainer - [K3S] [server.go:169] "Starting to listen" address="0.0.0.0" port=10250
2025-01-30 18:41:42,256 INFO c.h.h.t.HelmChartContainer - [K3S] [server.go:490] "Adding debug handlers to kubelet server"
2025-01-30 18:41:42,257 INFO c.h.h.t.HelmChartContainer - [K3S] [server.go:208] "Starting to listen read-only" address="0.0.0.0" port=10255
2025-01-30 18:41:42,258 INFO c.h.h.t.HelmChartContainer - [K3S] [ratelimit.go:55] "Setting rate limiting for endpoint" service="podresources" qps=100 burstTokens=10
2025-01-30 18:41:42,259 INFO c.h.h.t.HelmChartContainer - [K3S] [server.go:243] "Starting to serve the podresources API" endpoint="unix:/var/lib/kubelet/pod-resources/kubelet.sock"
2025-01-30 18:41:42,261 INFO c.h.h.t.HelmChartContainer - [K3S] [dynamic_serving_content.go:135] "Starting controller" name="kubelet-server-cert-files::/var/lib/rancher/k3s/agent/serving-kubelet.crt::/var/lib/rancher/k3s/agent/serving-kubelet.key"
2025-01-30 18:41:42,264 INFO c.h.h.t.HelmChartContainer - [K3S] [volume_manager.go:297] "Starting Kubelet Volume Manager"
2025-01-30 18:41:42,264 INFO c.h.h.t.HelmChartContainer - [K3S] [kubelet_node_status.go:467] "Error getting the current node from lister" err="node \"5efb8701c4a9\" not found"
2025-01-30 18:41:42,267 INFO c.h.h.t.HelmChartContainer - [K3S] [desired_state_of_world_populator.go:149] "Desired state populator starts to run"
2025-01-30 18:41:42,267 INFO c.h.h.t.HelmChartContainer - [K3S] [reconciler.go:26] "Reconciler: start to sync state"
2025-01-30 18:41:42,271 INFO c.h.h.t.HelmChartContainer - [K3S] [factory.go:221] Registration of the containerd container factory successfully
2025-01-30 18:41:42,271 INFO c.h.h.t.HelmChartContainer - [K3S] [factory.go:221] Registration of the systemd container factory successfully
2025-01-30 18:41:42,271 INFO c.h.h.t.HelmChartContainer - [K3S] [factory.go:219] Registration of the crio container factory failed: Get "http://%2Fvar%2Frun%2Fcrio%2Fcrio.sock/info": dial unix /var/run/crio/crio.sock: connect: no such file or directory
2025-01-30 18:41:42,280 INFO c.h.h.t.HelmChartContainer - [K3S] [kubelet_network_linux.go:50] "Initialized iptables rules." protocol="IPv4"
2025-01-30 18:41:42,283 INFO c.h.h.t.HelmChartContainer - [K3S] [kubelet_network_linux.go:50] "Initialized iptables rules." protocol="IPv6"
2025-01-30 18:41:42,283 INFO c.h.h.t.HelmChartContainer - [K3S] [status_manager.go:227] "Starting to sync pod status with apiserver"
2025-01-30 18:41:42,284 INFO c.h.h.t.HelmChartContainer - [K3S] [watchdog_linux.go:127] "Systemd watchdog is not enabled or the interval is invalid, so health checking will not be started."
2025-01-30 18:41:42,284 INFO c.h.h.t.HelmChartContainer - [K3S] [kubelet.go:2388] "Starting kubelet main sync loop"
2025-01-30 18:41:42,284 INFO c.h.h.t.HelmChartContainer - [K3S] [kubelet.go:2412] "Skipping pod synchronization" err="[container runtime status check may not have completed yet, PLEG is not healthy: pleg has yet to be successful]"
2025-01-30 18:41:42,308 INFO c.h.h.t.HelmChartContainer - [K3S] [nodelease.go:49] "Failed to get node when trying to set owner ref to the node lease" err="nodes \"5efb8701c4a9\" not found" node="5efb8701c4a9"
2025-01-30 18:41:42,317 INFO c.h.h.t.HelmChartContainer - [K3S] [cpu_manager.go:221] "Starting CPU manager" policy="none"
2025-01-30 18:41:42,317 INFO c.h.h.t.HelmChartContainer - [K3S] [cpu_manager.go:222] "Reconciling" reconcilePeriod="10s"
2025-01-30 18:41:42,318 INFO c.h.h.t.HelmChartContainer - [K3S] [state_mem.go:36] "Initialized new in-memory state store"
2025-01-30 18:41:42,324 INFO c.h.h.t.HelmChartContainer - [K3S] [policy_none.go:49] "None policy: Start"
2025-01-30 18:41:42,324 INFO c.h.h.t.HelmChartContainer - [K3S] [memory_manager.go:186] "Starting memorymanager" policy="None"
2025-01-30 18:41:42,324 INFO c.h.h.t.HelmChartContainer - [K3S] [state_mem.go:35] "Initializing new in-memory state store"
2025-01-30 18:41:42,329 INFO c.h.h.t.HelmChartContainer - [K3S] [manager.go:519] "Failed to read data from checkpoint" checkpoint="kubelet_internal_checkpoint" err="checkpoint is not found"
2025-01-30 18:41:42,331 INFO c.h.h.t.HelmChartContainer - [K3S] [eviction_manager.go:189] "Eviction manager: starting control loop"
2025-01-30 18:41:42,331 INFO c.h.h.t.HelmChartContainer - [K3S] [container_log_manager.go:189] "Initializing container log rotate workers" workers=1 monitorPeriod="10s"
2025-01-30 18:41:42,335 INFO c.h.h.t.HelmChartContainer - [K3S] [plugin_manager.go:118] "Starting Kubelet Plugin Manager"
2025-01-30 18:41:42,340 INFO c.h.h.t.HelmChartContainer - [K3S] [eviction_manager.go:267] "eviction manager: failed to check if we have separate container filesystem. Ignoring." err="no imagefs label for configured runtime"
2025-01-30 18:41:42,341 INFO c.h.h.t.HelmChartContainer - [K3S] [eviction_manager.go:292] "Eviction manager: failed to get summary stats" err="failed to get node info: node \"5efb8701c4a9\" not found"
2025-01-30 18:41:42,384 INFO c.h.h.t.HelmChartContainer - [K3S] [ERROR] Sending HTTP/1.1 503 response to 127.0.0.1:43294: runtime core not ready
2025-01-30 18:41:42,431 INFO c.h.h.t.HelmChartContainer - [K3S] [kubelet_node_status.go:76] "Attempting to register node" node="5efb8701c4a9"
2025-01-30 18:41:42,437 INFO c.h.h.t.HelmChartContainer - [K3S] [kubelet_node_status.go:79] "Successfully registered node" node="5efb8701c4a9"
2025-01-30 18:41:42,442 INFO c.h.h.t.HelmChartContainer - [K3S] [INFO] Annotations and labels have been set successfully on node: 5efb8701c4a9
2025-01-30 18:41:42,442 INFO c.h.h.t.HelmChartContainer - [K3S] [INFO] Starting flannel with backend vxlan
2025-01-30 18:41:42,481 INFO c.h.h.t.HelmChartContainer - [K3S] [INFO] Running kube-proxy --cluster-cidr=10.42.0.0/16 --conntrack-max-per-core=0 --conntrack-tcp-timeout-close-wait=0s --conntrack-tcp-timeout-established=0s --healthz-bind-address=127.0.0.1 --hostname-override=5efb8701c4a9 --kubeconfig=/var/lib/rancher/k3s/agent/kubeproxy.kubeconfig --proxy-mode=iptables
2025-01-30 18:41:42,540 INFO c.h.h.t.HelmChartContainer - [K3S] [server.go:698] "Successfully retrieved node IP(s)" IPs=["172.18.0.2"]
2025-01-30 18:41:42,541 INFO c.h.h.t.HelmChartContainer - [K3S] [server.go:234] "Kube-proxy configuration may be incomplete or incorrect" err="nodePortAddresses is unset; NodePort connections will be accepted on all local IPs. Consider using `--nodeport-addresses primary`"
2025-01-30 18:41:42,544 INFO c.h.h.t.HelmChartContainer - [K3S] [server.go:243] "kube-proxy running in dual-stack mode" primary ipFamily="IPv4"
2025-01-30 18:41:42,544 INFO c.h.h.t.HelmChartContainer - [K3S] [server_linux.go:170] "Using iptables Proxier"
2025-01-30 18:41:42,545 INFO c.h.h.t.HelmChartContainer - [K3S] [proxier.go:255] "Setting route_localnet=1 to allow node-ports on localhost; to change this either disable iptables.localhostNodePorts (--iptables-localhost-nodeports) or set nodePortAddresses (--nodeport-addresses) to filter loopback addresses"
2025-01-30 18:41:42,549 INFO c.h.h.t.HelmChartContainer - [K3S] [server.go:497] "Version info" version="v1.32.1+k3s1"
2025-01-30 18:41:42,550 INFO c.h.h.t.HelmChartContainer - [K3S] [server.go:499] "Golang settings" GOGC="" GOMAXPROCS="" GOTRACEBACK=""
2025-01-30 18:41:42,550 INFO c.h.h.t.HelmChartContainer - [K3S] [config.go:199] "Starting service config controller"
2025-01-30 18:41:42,550 INFO c.h.h.t.HelmChartContainer - [K3S] [config.go:105] "Starting endpoint slice config controller"
2025-01-30 18:41:42,551 INFO c.h.h.t.HelmChartContainer - [K3S] [config.go:329] "Starting node config controller"
2025-01-30 18:41:42,645 INFO c.h.h.t.HelmChartContainer - [K3S] [kubelet_node_status.go:502] "Fast updating node status as it just became ready"
2025-01-30 18:41:42,971 INFO c.h.h.t.HelmChartContainer - [K3S] [INFO] Waiting for untainted node
2025-01-30 18:41:42,972 INFO c.h.h.t.HelmChartContainer - [K3S] [INFO] Kube API server is now running
2025-01-30 18:41:42,972 INFO c.h.h.t.HelmChartContainer - [K3S] [INFO] ETCD server is now running
2025-01-30 18:41:42,972 INFO c.h.h.t.HelmChartContainer - [K3S] [INFO] k3s is up and running
2025-01-30 18:41:42,976 INFO c.h.h.t.HelmChartContainer - [K3S] [INFO] Waiting for cloud-controller-manager privileges to become available
2025-01-30 18:41:42,976 INFO c.h.h.t.HelmChartContainer - [K3S] [INFO] Creating k3s-supervisor event broadcaster
2025-01-30 18:41:42,982 INFO c.h.h.t.HelmChartContainer - [K3S] [INFO] Applying CRD addons.k3s.cattle.io
2025-01-30 18:41:42,993 INFO c.h.h.t.HelmChartContainer - [K3S] [INFO] Applying CRD etcdsnapshotfiles.k3s.cattle.io
2025-01-30 18:41:43,004 INFO c.h.h.t.HelmChartContainer - [K3S] [INFO] Applying CRD helmcharts.helm.cattle.io
2025-01-30 18:41:43,018 INFO c.h.h.t.HelmChartContainer - [K3S] [INFO] Applying CRD helmchartconfigs.helm.cattle.io
2025-01-30 18:41:43,035 INFO c.h.h.t.HelmChartContainer - [K3S] [INFO] Waiting for CRD helmcharts.helm.cattle.io to become available
2025-01-30 18:41:43,232 INFO c.h.h.t.HelmChartContainer - [K3S] [apiserver.go:52] "Watching apiserver"
2025-01-30 18:41:43,244 INFO c.h.h.t.HelmChartContainer - [K3S] [serving.go:392] Generated self-signed cert in-memory
2025-01-30 18:41:43,267 INFO c.h.h.t.HelmChartContainer - [K3S] [desired_state_of_world_populator.go:157] "Finished populating initial desired state of world"
2025-01-30 18:41:43,475 INFO c.h.h.t.HelmChartContainer - [K3S] [controllermanager.go:185] "Starting" version="v1.32.1+k3s1"
2025-01-30 18:41:43,475 INFO c.h.h.t.HelmChartContainer - [K3S] [controllermanager.go:187] "Golang settings" GOGC="" GOMAXPROCS="" GOTRACEBACK=""
2025-01-30 18:41:43,477 INFO c.h.h.t.HelmChartContainer - [K3S] [requestheader_controller.go:180] Starting RequestHeaderAuthRequestController
2025-01-30 18:41:43,480 INFO c.h.h.t.HelmChartContainer - [K3S] [configmap_cafile_content.go:205] "Starting controller" name="client-ca::kube-system::extension-apiserver-authentication::client-ca-file"
2025-01-30 18:41:43,480 INFO c.h.h.t.HelmChartContainer - [K3S] [configmap_cafile_content.go:205] "Starting controller" name="client-ca::kube-system::extension-apiserver-authentication::requestheader-client-ca-file"
2025-01-30 18:41:43,480 INFO c.h.h.t.HelmChartContainer - [K3S] [secure_serving.go:213] Serving securely on 127.0.0.1:10257
2025-01-30 18:41:43,481 INFO c.h.h.t.HelmChartContainer - [K3S] [tlsconfig.go:243] "Starting DynamicServingCertificateController"
2025-01-30 18:41:43,482 INFO c.h.h.t.HelmChartContainer - [K3S] [controllermanager.go:765] "Started controller" controller="serviceaccount-token-controller"
2025-01-30 18:41:43,489 INFO c.h.h.t.HelmChartContainer - [K3S] [controllermanager.go:765] "Started controller" controller="endpointslice-mirroring-controller"
2025-01-30 18:41:43,489 INFO c.h.h.t.HelmChartContainer - [K3S] [endpointslicemirroring_controller.go:227] "Starting EndpointSliceMirroring controller"
2025-01-30 18:41:43,494 INFO c.h.h.t.HelmChartContainer - [K3S] [controllermanager.go:765] "Started controller" controller="daemonset-controller"
2025-01-30 18:41:43,494 INFO c.h.h.t.HelmChartContainer - [K3S] [daemon_controller.go:294] "Starting daemon sets controller"
2025-01-30 18:41:43,503 INFO c.h.h.t.HelmChartContainer - [K3S] [controllermanager.go:765] "Started controller" controller="statefulset-controller"
2025-01-30 18:41:43,503 INFO c.h.h.t.HelmChartContainer - [K3S] [stateful_set.go:166] "Starting stateful set controller"
2025-01-30 18:41:43,508 INFO c.h.h.t.HelmChartContainer - [K3S] [controllermanager.go:765] "Started controller" controller="certificatesigningrequest-cleaner-controller"
2025-01-30 18:41:43,508 INFO c.h.h.t.HelmChartContainer - [K3S] [controllermanager.go:723] "Skipping a cloud provider controller" controller="cloud-node-lifecycle-controller"
2025-01-30 18:41:43,508 INFO c.h.h.t.HelmChartContainer - [K3S] [cleaner.go:83] "Starting CSR cleaner controller"
2025-01-30 18:41:43,514 INFO c.h.h.t.HelmChartContainer - [K3S] [controllermanager.go:765] "Started controller" controller="ephemeral-volume-controller"
2025-01-30 18:41:43,514 INFO c.h.h.t.HelmChartContainer - [K3S] [controller.go:173] "Starting ephemeral volume controller"
2025-01-30 18:41:43,520 INFO c.h.h.t.HelmChartContainer - [K3S] [controllermanager.go:765] "Started controller" controller="endpoints-controller"
2025-01-30 18:41:43,520 INFO c.h.h.t.HelmChartContainer - [K3S] [endpoints_controller.go:182] "Starting endpoint controller"
2025-01-30 18:41:43,525 INFO c.h.h.t.HelmChartContainer - [K3S] [controllermanager.go:765] "Started controller" controller="endpointslice-controller"
2025-01-30 18:41:43,525 INFO c.h.h.t.HelmChartContainer - [K3S] [endpointslice_controller.go:281] "Starting endpoint slice controller"
2025-01-30 18:41:43,531 INFO c.h.h.t.HelmChartContainer - [K3S] [controllermanager.go:765] "Started controller" controller="replicationcontroller-controller"
2025-01-30 18:41:43,532 INFO c.h.h.t.HelmChartContainer - [K3S] [replica_set.go:217] "Starting controller" name="replicationcontroller"
2025-01-30 18:41:43,536 INFO c.h.h.t.HelmChartContainer - [K3S] [controllermanager.go:765] "Started controller" controller="pod-garbage-collector-controller"
2025-01-30 18:41:43,537 INFO c.h.h.t.HelmChartContainer - [K3S] [gc_controller.go:99] "Starting GC controller"
2025-01-30 18:41:43,537 INFO c.h.h.t.HelmChartContainer - [K3S] [INFO] Done waiting for CRD helmcharts.helm.cattle.io to become available
2025-01-30 18:41:43,537 INFO c.h.h.t.HelmChartContainer - [K3S] [INFO] Waiting for CRD helmchartconfigs.helm.cattle.io to become available
2025-01-30 18:41:43,638 INFO c.h.h.t.HelmChartContainer - [K3S] [controllermanager.go:765] "Started controller" controller="horizontal-pod-autoscaler-controller"
2025-01-30 18:41:43,638 INFO c.h.h.t.HelmChartContainer - [K3S] [horizontal.go:201] "Starting HPA controller"
2025-01-30 18:41:43,785 INFO c.h.h.t.HelmChartContainer - [K3S] [controllermanager.go:765] "Started controller" controller="persistentvolume-expander-controller"
2025-01-30 18:41:43,785 INFO c.h.h.t.HelmChartContainer - [K3S] [controllermanager.go:717] "Controller is disabled by a feature gate" controller="resourceclaim-controller" requiredFeatureGates=["DynamicResourceAllocation"]
2025-01-30 18:41:43,786 INFO c.h.h.t.HelmChartContainer - [K3S] [expand_controller.go:329] "Starting expand controller"
2025-01-30 18:41:44,035 INFO c.h.h.t.HelmChartContainer - [K3S] [graph_builder.go:351] "Running" component="GraphBuilder"
2025-01-30 18:41:44,035 INFO c.h.h.t.HelmChartContainer - [K3S] [controllermanager.go:765] "Started controller" controller="garbage-collector-controller"
2025-01-30 18:41:44,039 INFO c.h.h.t.HelmChartContainer - [K3S] [INFO] Done waiting for CRD helmchartconfigs.helm.cattle.io to become available
2025-01-30 18:41:44,040 INFO c.h.h.t.HelmChartContainer - [K3S] [INFO] Writing static file: /var/lib/rancher/k3s/server/static/charts/traefik-27.0.201+up27.0.2.tgz
2025-01-30 18:41:44,041 INFO c.h.h.t.HelmChartContainer - [K3S] [INFO] Writing static file: /var/lib/rancher/k3s/server/static/charts/traefik-crd-27.0.201+up27.0.2.tgz
2025-01-30 18:41:44,042 INFO c.h.h.t.HelmChartContainer - [K3S] [INFO] Writing manifest: /var/lib/rancher/k3s/server/manifests/local-storage.yaml
2025-01-30 18:41:44,042 INFO c.h.h.t.HelmChartContainer - [K3S] [INFO] Writing manifest: /var/lib/rancher/k3s/server/manifests/metrics-server/auth-delegator.yaml
2025-01-30 18:41:44,042 INFO c.h.h.t.HelmChartContainer - [K3S] [INFO] Writing manifest: /var/lib/rancher/k3s/server/manifests/metrics-server/auth-reader.yaml
2025-01-30 18:41:44,042 INFO c.h.h.t.HelmChartContainer - [K3S] [INFO] Writing manifest: /var/lib/rancher/k3s/server/manifests/metrics-server/metrics-server-deployment.yaml
2025-01-30 18:41:44,042 INFO c.h.h.t.HelmChartContainer - [K3S] [INFO] Writing manifest: /var/lib/rancher/k3s/server/manifests/runtimes.yaml
2025-01-30 18:41:44,042 INFO c.h.h.t.HelmChartContainer - [K3S] [INFO] Writing manifest: /var/lib/rancher/k3s/server/manifests/ccm.yaml
2025-01-30 18:41:44,044 INFO c.h.h.t.HelmChartContainer - [K3S] [INFO] Writing manifest: /var/lib/rancher/k3s/server/manifests/metrics-server/aggregated-metrics-reader.yaml
2025-01-30 18:41:44,044 INFO c.h.h.t.HelmChartContainer - [K3S] [INFO] Writing manifest: /var/lib/rancher/k3s/server/manifests/metrics-server/metrics-apiservice.yaml
2025-01-30 18:41:44,044 INFO c.h.h.t.HelmChartContainer - [K3S] [INFO] Writing manifest: /var/lib/rancher/k3s/server/manifests/metrics-server/metrics-server-service.yaml
2025-01-30 18:41:44,044 INFO c.h.h.t.HelmChartContainer - [K3S] [INFO] Writing manifest: /var/lib/rancher/k3s/server/manifests/metrics-server/resource-reader.yaml
2025-01-30 18:41:44,045 INFO c.h.h.t.HelmChartContainer - [K3S] [INFO] Writing manifest: /var/lib/rancher/k3s/server/manifests/rolebindings.yaml
2025-01-30 18:41:44,046 INFO c.h.h.t.HelmChartContainer - [K3S] [INFO] Writing manifest: /var/lib/rancher/k3s/server/manifests/coredns.yaml
2025-01-30 18:41:44,048 INFO c.h.h.t.HelmChartContainer - [K3S] [INFO] Starting dynamiclistener CN filter node controller with SANs: [localhost 127.0.0.1 ::1 localhost 5efb8701c4a9 172.18.0.2 10.43.0.1 kubernetes kubernetes.default kubernetes.default.svc kubernetes.default.svc.cluster.local]
2025-01-30 18:41:44,048 INFO c.h.h.t.HelmChartContainer - [K3S] [INFO] Tunnel server egress proxy mode: agent
2025-01-30 18:41:44,086 INFO c.h.h.t.HelmChartContainer - [K3S] [certificate_controller.go:120] "Starting certificate controller" name="csrsigning-kubelet-serving"
2025-01-30 18:41:44,086 INFO c.h.h.t.HelmChartContainer - [K3S] [dynamic_serving_content.go:135] "Starting controller" name="csr-controller::/var/lib/rancher/k3s/server/tls/server-ca.nochain.crt::/var/lib/rancher/k3s/server/tls/server-ca.key"
2025-01-30 18:41:44,086 INFO c.h.h.t.HelmChartContainer - [K3S] [certificate_controller.go:120] "Starting certificate controller" name="csrsigning-kubelet-client"
2025-01-30 18:41:44,086 INFO c.h.h.t.HelmChartContainer - [K3S] [dynamic_serving_content.go:135] "Starting controller" name="csr-controller::/var/lib/rancher/k3s/server/tls/client-ca.nochain.crt::/var/lib/rancher/k3s/server/tls/client-ca.key"
2025-01-30 18:41:44,086 INFO c.h.h.t.HelmChartContainer - [K3S] [certificate_controller.go:120] "Starting certificate controller" name="csrsigning-kube-apiserver-client"
2025-01-30 18:41:44,086 INFO c.h.h.t.HelmChartContainer - [K3S] [dynamic_serving_content.go:135] "Starting controller" name="csr-controller::/var/lib/rancher/k3s/server/tls/client-ca.nochain.crt::/var/lib/rancher/k3s/server/tls/client-ca.key"
2025-01-30 18:41:44,086 INFO c.h.h.t.HelmChartContainer - [K3S] [controllermanager.go:765] "Started controller" controller="certificatesigningrequest-signing-controller"
2025-01-30 18:41:44,086 INFO c.h.h.t.HelmChartContainer - [K3S] [certificate_controller.go:120] "Starting certificate controller" name="csrsigning-legacy-unknown"
2025-01-30 18:41:44,086 INFO c.h.h.t.HelmChartContainer - [K3S] [dynamic_serving_content.go:135] "Starting controller" name="csr-controller::/var/lib/rancher/k3s/server/tls/server-ca.nochain.crt::/var/lib/rancher/k3s/server/tls/server-ca.key"
2025-01-30 18:41:44,151 INFO c.h.h.t.HelmChartContainer - [K3S] [INFO] Starting k3s.cattle.io/v1, Kind=Addon controller
2025-01-30 18:41:44,151 INFO c.h.h.t.HelmChartContainer - [K3S] [INFO] Creating deploy event broadcaster
2025-01-30 18:41:44,161 INFO c.h.h.t.HelmChartContainer - [K3S] [event.go:389] "Event occurred" object="kube-system/ccm" fieldPath="" kind="Addon" apiVersion="k3s.cattle.io/v1" type="Normal" reason="ApplyingManifest" message="Applying manifest at \"/var/lib/rancher/k3s/server/manifests/ccm.yaml\""
2025-01-30 18:41:44,181 INFO c.h.h.t.HelmChartContainer - [K3S] [event.go:389] "Event occurred" object="kube-system/ccm" fieldPath="" kind="Addon" apiVersion="k3s.cattle.io/v1" type="Normal" reason="AppliedManifest" message="Applied manifest at \"/var/lib/rancher/k3s/server/manifests/ccm.yaml\""
2025-01-30 18:41:44,186 INFO c.h.h.t.HelmChartContainer - [K3S] [controllermanager.go:765] "Started controller" controller="certificatesigningrequest-approving-controller"
2025-01-30 18:41:44,186 INFO c.h.h.t.HelmChartContainer - [K3S] [controllermanager.go:717] "Controller is disabled by a feature gate" controller="selinux-warning-controller" requiredFeatureGates=["SELinuxChangePolicy"]
2025-01-30 18:41:44,186 INFO c.h.h.t.HelmChartContainer - [K3S] [certificate_controller.go:120] "Starting certificate controller" name="csrapproving"
2025-01-30 18:41:44,191 INFO c.h.h.t.HelmChartContainer - [K3S] [event.go:389] "Event occurred" object="kube-system/coredns" fieldPath="" kind="Addon" apiVersion="k3s.cattle.io/v1" type="Normal" reason="ApplyingManifest" message="Applying manifest at \"/var/lib/rancher/k3s/server/manifests/coredns.yaml\""
2025-01-30 18:41:44,253 INFO c.h.h.t.HelmChartContainer - [K3S] [INFO] Starting /v1, Kind=Node controller
2025-01-30 18:41:44,255 INFO c.h.h.t.HelmChartContainer - [K3S] [INFO] Creating helm-controller event broadcaster
2025-01-30 18:41:44,268 INFO c.h.h.t.HelmChartContainer - [K3S] [INFO] Cluster dns configmap has been set successfully
2025-01-30 18:41:44,271 INFO c.h.h.t.HelmChartContainer - [K3S] [INFO] Labels and annotations have been set successfully on node: 5efb8701c4a9
2025-01-30 18:41:44,364 INFO c.h.h.t.HelmChartContainer - [K3S] [INFO] Starting helm.cattle.io/v1, Kind=HelmChart controller
2025-01-30 18:41:44,365 INFO c.h.h.t.HelmChartContainer - [K3S] [INFO] Starting helm.cattle.io/v1, Kind=HelmChartConfig controller
2025-01-30 18:41:44,367 INFO c.h.h.t.HelmChartContainer - [K3S] [INFO] Starting rbac.authorization.k8s.io/v1, Kind=ClusterRoleBinding controller
2025-01-30 18:41:44,370 INFO c.h.h.t.HelmChartContainer - [K3S] [INFO] Starting batch/v1, Kind=Job controller
2025-01-30 18:41:44,370 INFO c.h.h.t.HelmChartContainer - [K3S] [INFO] Starting /v1, Kind=ConfigMap controller
2025-01-30 18:41:44,370 INFO c.h.h.t.HelmChartContainer - [K3S] [INFO] Starting /v1, Kind=ServiceAccount controller
2025-01-30 18:41:44,370 INFO c.h.h.t.HelmChartContainer - [K3S] [INFO] Starting /v1, Kind=Secret controller
2025-01-30 18:41:44,386 INFO c.h.h.t.HelmChartContainer - [K3S] [node_lifecycle_controller.go:432] "Controller will reconcile labels"
2025-01-30 18:41:44,386 INFO c.h.h.t.HelmChartContainer - [K3S] [controllermanager.go:765] "Started controller" controller="node-lifecycle-controller"
2025-01-30 18:41:44,386 INFO c.h.h.t.HelmChartContainer - [K3S] [controllermanager.go:723] "Skipping a cloud provider controller" controller="service-lb-controller"
2025-01-30 18:41:44,386 INFO c.h.h.t.HelmChartContainer - [K3S] [node_lifecycle_controller.go:466] "Sending events to api server"
2025-01-30 18:41:44,386 INFO c.h.h.t.HelmChartContainer - [K3S] [node_lifecycle_controller.go:477] "Starting node controller"
2025-01-30 18:41:44,395 INFO c.h.h.t.HelmChartContainer - [K3S] [alloc.go:330] "allocated clusterIPs" service="kube-system/kube-dns" clusterIPs={"IPv4":"10.43.0.10"}
2025-01-30 18:41:44,396 INFO c.h.h.t.HelmChartContainer - [K3S] [event.go:389] "Event occurred" object="kube-system/coredns" fieldPath="" kind="Addon" apiVersion="k3s.cattle.io/v1" type="Normal" reason="AppliedManifest" message="Applied manifest at \"/var/lib/rancher/k3s/server/manifests/coredns.yaml\""
2025-01-30 18:41:44,405 INFO c.h.h.t.HelmChartContainer - [K3S] [event.go:389] "Event occurred" object="kube-system/local-storage" fieldPath="" kind="Addon" apiVersion="k3s.cattle.io/v1" type="Normal" reason="ApplyingManifest" message="Applying manifest at \"/var/lib/rancher/k3s/server/manifests/local-storage.yaml\""
2025-01-30 18:41:44,499 INFO c.h.h.t.HelmChartContainer - [K3S] [event.go:389] "Event occurred" object="kube-system/local-storage" fieldPath="" kind="Addon" apiVersion="k3s.cattle.io/v1" type="Normal" reason="AppliedManifest" message="Applied manifest at \"/var/lib/rancher/k3s/server/manifests/local-storage.yaml\""
2025-01-30 18:41:44,504 INFO c.h.h.t.HelmChartContainer - [K3S] [event.go:389] "Event occurred" object="kube-system/aggregated-metrics-reader" fieldPath="" kind="Addon" apiVersion="k3s.cattle.io/v1" type="Normal" reason="ApplyingManifest" message="Applying manifest at \"/var/lib/rancher/k3s/server/manifests/metrics-server/aggregated-metrics-reader.yaml\""
2025-01-30 18:41:44,517 INFO c.h.h.t.HelmChartContainer - [K3S] [event.go:389] "Event occurred" object="kube-system/aggregated-metrics-reader" fieldPath="" kind="Addon" apiVersion="k3s.cattle.io/v1" type="Normal" reason="AppliedManifest" message="Applied manifest at \"/var/lib/rancher/k3s/server/manifests/metrics-server/aggregated-metrics-reader.yaml\""
2025-01-30 18:41:44,522 INFO c.h.h.t.HelmChartContainer - [K3S] [event.go:389] "Event occurred" object="kube-system/auth-delegator" fieldPath="" kind="Addon" apiVersion="k3s.cattle.io/v1" type="Normal" reason="ApplyingManifest" message="Applying manifest at \"/var/lib/rancher/k3s/server/manifests/metrics-server/auth-delegator.yaml\""
2025-01-30 18:41:44,535 INFO c.h.h.t.HelmChartContainer - [K3S] [controllermanager.go:765] "Started controller" controller="clusterrole-aggregation-controller"
2025-01-30 18:41:44,536 INFO c.h.h.t.HelmChartContainer - [K3S] [controllermanager.go:717] "Controller is disabled by a feature gate" controller="volumeattributesclass-protection-controller" requiredFeatureGates=["VolumeAttributesClass"]
2025-01-30 18:41:44,536 INFO c.h.h.t.HelmChartContainer - [K3S] [clusterroleaggregation_controller.go:194] "Starting ClusterRoleAggregator controller"
2025-01-30 18:41:44,575 INFO c.h.h.t.HelmChartContainer - [K3S] [event.go:389] "Event occurred" object="kube-system/auth-delegator" fieldPath="" kind="Addon" apiVersion="k3s.cattle.io/v1" type="Normal" reason="AppliedManifest" message="Applied manifest at \"/var/lib/rancher/k3s/server/manifests/metrics-server/auth-delegator.yaml\""
2025-01-30 18:41:44,580 INFO c.h.h.t.HelmChartContainer - [K3S] [event.go:389] "Event occurred" object="kube-system/auth-reader" fieldPath="" kind="Addon" apiVersion="k3s.cattle.io/v1" type="Normal" reason="ApplyingManifest" message="Applying manifest at \"/var/lib/rancher/k3s/server/manifests/metrics-server/auth-reader.yaml\""
2025-01-30 18:41:44,585 INFO c.h.h.t.HelmChartContainer - [K3S] [event.go:389] "Event occurred" object="kube-system/auth-reader" fieldPath="" kind="Addon" apiVersion="k3s.cattle.io/v1" type="Normal" reason="AppliedManifest" message="Applied manifest at \"/var/lib/rancher/k3s/server/manifests/metrics-server/auth-reader.yaml\""
2025-01-30 18:41:44,591 INFO c.h.h.t.HelmChartContainer - [K3S] [event.go:389] "Event occurred" object="kube-system/metrics-apiservice" fieldPath="" kind="Addon" apiVersion="k3s.cattle.io/v1" type="Normal" reason="ApplyingManifest" message="Applying manifest at \"/var/lib/rancher/k3s/server/manifests/metrics-server/metrics-apiservice.yaml\""
2025-01-30 18:41:44,597 INFO c.h.h.t.HelmChartContainer - [K3S] [event.go:389] "Event occurred" object="kube-system/metrics-apiservice" fieldPath="" kind="Addon" apiVersion="k3s.cattle.io/v1" type="Normal" reason="AppliedManifest" message="Applied manifest at \"/var/lib/rancher/k3s/server/manifests/metrics-server/metrics-apiservice.yaml\""
2025-01-30 18:41:44,603 INFO c.h.h.t.HelmChartContainer - [K3S] [handler_proxy.go:99] no RequestInfo found in the context
2025-01-30 18:41:44,603 INFO c.h.h.t.HelmChartContainer - [K3S] [controller.go:146] "Unhandled Error" err=<
2025-01-30 18:41:44,603 INFO c.h.h.t.HelmChartContainer - [K3S] 	, Header: map[Content-Type:[text/plain; charset=utf-8] X-Content-Type-Options:[nosniff]]
2025-01-30 18:41:44,603 INFO c.h.h.t.HelmChartContainer - [K3S]  >
2025-01-30 18:41:44,605 INFO c.h.h.t.HelmChartContainer - [K3S] [handler_proxy.go:143] error resolving kube-system/metrics-server: service "metrics-server" not found
2025-01-30 18:41:44,608 INFO c.h.h.t.HelmChartContainer - [K3S] [event.go:389] "Event occurred" object="kube-system/metrics-server-deployment" fieldPath="" kind="Addon" apiVersion="k3s.cattle.io/v1" type="Normal" reason="ApplyingManifest" message="Applying manifest at \"/var/lib/rancher/k3s/server/manifests/metrics-server/metrics-server-deployment.yaml\""
2025-01-30 18:41:44,619 INFO c.h.h.t.HelmChartContainer - [K3S] [event.go:389] "Event occurred" object="kube-system/metrics-server-deployment" fieldPath="" kind="Addon" apiVersion="k3s.cattle.io/v1" type="Normal" reason="AppliedManifest" message="Applied manifest at \"/var/lib/rancher/k3s/server/manifests/metrics-server/metrics-server-deployment.yaml\""
2025-01-30 18:41:44,624 INFO c.h.h.t.HelmChartContainer - [K3S] [event.go:389] "Event occurred" object="kube-system/metrics-server-service" fieldPath="" kind="Addon" apiVersion="k3s.cattle.io/v1" type="Normal" reason="ApplyingManifest" message="Applying manifest at \"/var/lib/rancher/k3s/server/manifests/metrics-server/metrics-server-service.yaml\""
2025-01-30 18:41:44,630 INFO c.h.h.t.HelmChartContainer - [K3S] [alloc.go:330] "allocated clusterIPs" service="kube-system/metrics-server" clusterIPs={"IPv4":"10.43.81.67"}
2025-01-30 18:41:44,632 INFO c.h.h.t.HelmChartContainer - [K3S] [event.go:389] "Event occurred" object="kube-system/metrics-server-service" fieldPath="" kind="Addon" apiVersion="k3s.cattle.io/v1" type="Normal" reason="AppliedManifest" message="Applied manifest at \"/var/lib/rancher/k3s/server/manifests/metrics-server/metrics-server-service.yaml\""
2025-01-30 18:41:44,635 INFO c.h.h.t.HelmChartContainer - [K3S] [handler_proxy.go:99] no RequestInfo found in the context
2025-01-30 18:41:44,639 INFO c.h.h.t.HelmChartContainer - [K3S] [controller.go:146] "Unhandled Error" err=<
2025-01-30 18:41:44,640 INFO c.h.h.t.HelmChartContainer - [K3S] 	, Header: map[Content-Type:[text/plain; charset=utf-8] X-Content-Type-Options:[nosniff]]
2025-01-30 18:41:44,640 INFO c.h.h.t.HelmChartContainer - [K3S]  >
2025-01-30 18:41:44,640 INFO c.h.h.t.HelmChartContainer - [K3S] [handler_proxy.go:143] error resolving kube-system/metrics-server: endpoints "metrics-server" not found
2025-01-30 18:41:44,642 INFO c.h.h.t.HelmChartContainer - [K3S] [event.go:389] "Event occurred" object="kube-system/resource-reader" fieldPath="" kind="Addon" apiVersion="k3s.cattle.io/v1" type="Normal" reason="ApplyingManifest" message="Applying manifest at \"/var/lib/rancher/k3s/server/manifests/metrics-server/resource-reader.yaml\""
2025-01-30 18:41:44,674 INFO c.h.h.t.HelmChartContainer - [K3S] [event.go:389] "Event occurred" object="kube-system/resource-reader" fieldPath="" kind="Addon" apiVersion="k3s.cattle.io/v1" type="Normal" reason="AppliedManifest" message="Applied manifest at \"/var/lib/rancher/k3s/server/manifests/metrics-server/resource-reader.yaml\""
2025-01-30 18:41:44,681 INFO c.h.h.t.HelmChartContainer - [K3S] [event.go:389] "Event occurred" object="kube-system/rolebindings" fieldPath="" kind="Addon" apiVersion="k3s.cattle.io/v1" type="Normal" reason="ApplyingManifest" message="Applying manifest at \"/var/lib/rancher/k3s/server/manifests/rolebindings.yaml\""
2025-01-30 18:41:44,806 INFO c.h.h.t.HelmChartContainer - [K3S] [event.go:389] "Event occurred" object="kube-system/rolebindings" fieldPath="" kind="Addon" apiVersion="k3s.cattle.io/v1" type="Normal" reason="AppliedManifest" message="Applied manifest at \"/var/lib/rancher/k3s/server/manifests/rolebindings.yaml\""
2025-01-30 18:41:44,817 INFO c.h.h.t.HelmChartContainer - [K3S] [INFO] Updating TLS secret for kube-system/k3s-serving (count: 10): map[listener.cattle.io/cn-10.43.0.1:10.43.0.1 listener.cattle.io/cn-127.0.0.1:127.0.0.1 listener.cattle.io/cn-172.18.0.2:172.18.0.2 listener.cattle.io/cn-5efb8701c4a9:5efb8701c4a9 listener.cattle.io/cn-__1-f16284:::1 listener.cattle.io/cn-kubernetes:kubernetes listener.cattle.io/cn-kubernetes.default:kubernetes.default listener.cattle.io/cn-kubernetes.default.svc:kubernetes.default.svc listener.cattle.io/cn-kubernetes.default.svc.cluster.local:kubernetes.default.svc.cluster.local listener.cattle.io/cn-localhost:localhost listener.cattle.io/fingerprint:SHA1=64FAD414280C5685A268FE3E766E2328015044F8]
2025-01-30 18:41:44,821 INFO c.h.h.t.HelmChartContainer - [K3S] [event.go:389] "Event occurred" object="kube-system/runtimes" fieldPath="" kind="Addon" apiVersion="k3s.cattle.io/v1" type="Normal" reason="ApplyingManifest" message="Applying manifest at \"/var/lib/rancher/k3s/server/manifests/runtimes.yaml\""
2025-01-30 18:41:44,824 INFO c.h.h.t.HelmChartContainer - [K3S] [INFO] Active TLS secret kube-system/k3s-serving (ver=322) (count 10): map[listener.cattle.io/cn-10.43.0.1:10.43.0.1 listener.cattle.io/cn-127.0.0.1:127.0.0.1 listener.cattle.io/cn-172.18.0.2:172.18.0.2 listener.cattle.io/cn-5efb8701c4a9:5efb8701c4a9 listener.cattle.io/cn-__1-f16284:::1 listener.cattle.io/cn-kubernetes:kubernetes listener.cattle.io/cn-kubernetes.default:kubernetes.default listener.cattle.io/cn-kubernetes.default.svc:kubernetes.default.svc listener.cattle.io/cn-kubernetes.default.svc.cluster.local:kubernetes.default.svc.cluster.local listener.cattle.io/cn-localhost:localhost listener.cattle.io/fingerprint:SHA1=64FAD414280C5685A268FE3E766E2328015044F8]
2025-01-30 18:41:44,845 INFO c.h.h.t.HelmChartContainer - [K3S] [controllermanager.go:765] "Started controller" controller="resourcequota-controller"
2025-01-30 18:41:44,845 INFO c.h.h.t.HelmChartContainer - [K3S] [resource_quota_controller.go:300] "Starting resource quota controller"
2025-01-30 18:41:44,853 INFO c.h.h.t.HelmChartContainer - [K3S] [event.go:389] "Event occurred" object="kube-system/runtimes" fieldPath="" kind="Addon" apiVersion="k3s.cattle.io/v1" type="Normal" reason="AppliedManifest" message="Applied manifest at \"/var/lib/rancher/k3s/server/manifests/runtimes.yaml\""
2025-01-30 18:41:44,904 INFO c.h.h.t.HelmChartContainer - [K3S] [INFO] Updating TLS secret for kube-system/k3s-serving (count: 10): map[listener.cattle.io/cn-10.43.0.1:10.43.0.1 listener.cattle.io/cn-127.0.0.1:127.0.0.1 listener.cattle.io/cn-172.18.0.2:172.18.0.2 listener.cattle.io/cn-5efb8701c4a9:5efb8701c4a9 listener.cattle.io/cn-__1-f16284:::1 listener.cattle.io/cn-kubernetes:kubernetes listener.cattle.io/cn-kubernetes.default:kubernetes.default listener.cattle.io/cn-kubernetes.default.svc:kubernetes.default.svc listener.cattle.io/cn-kubernetes.default.svc.cluster.local:kubernetes.default.svc.cluster.local listener.cattle.io/cn-localhost:localhost listener.cattle.io/fingerprint:SHA1=64FAD414280C5685A268FE3E766E2328015044F8]
2025-01-30 18:41:45,091 INFO c.h.h.t.HelmChartContainer - [K3S] [controllermanager.go:765] "Started controller" controller="namespace-controller"
2025-01-30 18:41:45,091 INFO c.h.h.t.HelmChartContainer - [K3S] [namespace_controller.go:202] "Starting namespace controller"
2025-01-30 18:41:45,194 INFO c.h.h.t.HelmChartContainer - [K3S] [INFO] Tunnel authorizer set Kubelet Port 0.0.0.0:10250
2025-01-30 18:41:45,238 INFO c.h.h.t.HelmChartContainer - [K3S] [controllermanager.go:765] "Started controller" controller="replicaset-controller"
2025-01-30 18:41:45,239 INFO c.h.h.t.HelmChartContainer - [K3S] [controllermanager.go:717] "Controller is disabled by a feature gate" controller="storageversion-garbage-collector-controller" requiredFeatureGates=["APIServerIdentity","StorageVersionAPI"]
2025-01-30 18:41:45,239 INFO c.h.h.t.HelmChartContainer - [K3S] [replica_set.go:217] "Starting controller" name="replicaset"
2025-01-30 18:41:45,287 INFO c.h.h.t.HelmChartContainer - [K3S] [serving.go:392] Generated self-signed cert in-memory
2025-01-30 18:41:45,386 INFO c.h.h.t.HelmChartContainer - [K3S] [controllermanager.go:765] "Started controller" controller="cronjob-controller"
2025-01-30 18:41:45,387 INFO c.h.h.t.HelmChartContainer - [K3S] [controllermanager.go:728] "Warning: controller is disabled" controller="bootstrap-signer-controller"
2025-01-30 18:41:45,387 INFO c.h.h.t.HelmChartContainer - [K3S] [cronjob_controllerv2.go:145] "Starting cronjob controller v2"
2025-01-30 18:41:45,487 INFO c.h.h.t.HelmChartContainer - [K3S] [serving.go:392] Generated self-signed cert in-memory
2025-01-30 18:41:45,536 INFO c.h.h.t.HelmChartContainer - [K3S] [controllermanager.go:765] "Started controller" controller="root-ca-certificate-publisher-controller"
2025-01-30 18:41:45,536 INFO c.h.h.t.HelmChartContainer - [K3S] [controllermanager.go:743] "Warning: skipping controller" controller="storage-version-migrator-controller"
2025-01-30 18:41:45,536 INFO c.h.h.t.HelmChartContainer - [K3S] [publisher.go:107] "Starting root CA cert publisher controller"
2025-01-30 18:41:45,599 INFO c.h.h.t.HelmChartContainer - [K3S] [handler_proxy.go:99] no RequestInfo found in the context
2025-01-30 18:41:45,599 INFO c.h.h.t.HelmChartContainer - [K3S] [handler_proxy.go:99] no RequestInfo found in the context
2025-01-30 18:41:45,599 INFO c.h.h.t.HelmChartContainer - [K3S] [controller.go:102] "Unhandled Error" err=<
2025-01-30 18:41:45,599 INFO c.h.h.t.HelmChartContainer - [K3S] 	, Header: map[Content-Type:[text/plain; charset=utf-8] X-Content-Type-Options:[nosniff]]
2025-01-30 18:41:45,600 INFO c.h.h.t.HelmChartContainer - [K3S]  >
2025-01-30 18:41:45,688 INFO c.h.h.t.HelmChartContainer - [K3S] [controllermanager.go:765] "Started controller" controller="serviceaccount-controller"
2025-01-30 18:41:45,688 INFO c.h.h.t.HelmChartContainer - [K3S] [serviceaccounts_controller.go:114] "Starting service account controller"
2025-01-30 18:41:45,727 INFO c.h.h.t.HelmChartContainer - [K3S] [event.go:389] "Event occurred" object="5efb8701c4a9" fieldPath="" kind="Node" apiVersion="" type="Normal" reason="NodePasswordValidationComplete" message="Deferred node password secret validation complete"
2025-01-30 18:41:45,885 INFO c.h.h.t.HelmChartContainer - [K3S] [controllermanager.go:765] "Started controller" controller="disruption-controller"
2025-01-30 18:41:45,886 INFO c.h.h.t.HelmChartContainer - [K3S] [disruption.go:452] "Sending events to api server."
2025-01-30 18:41:45,886 INFO c.h.h.t.HelmChartContainer - [K3S] [disruption.go:463] "Starting disruption controller"
2025-01-30 18:41:46,039 INFO c.h.h.t.HelmChartContainer - [K3S] [controllermanager.go:765] "Started controller" controller="token-cleaner-controller"
2025-01-30 18:41:46,040 INFO c.h.h.t.HelmChartContainer - [K3S] [tokencleaner.go:117] "Starting token cleaner controller"
2025-01-30 18:41:46,066 INFO c.h.h.t.HelmChartContainer - [K3S] [controllermanager.go:160] Version: v1.32.1+k3s1
2025-01-30 18:41:46,070 INFO c.h.h.t.HelmChartContainer - [K3S] [requestheader_controller.go:180] Starting RequestHeaderAuthRequestController
2025-01-30 18:41:46,070 INFO c.h.h.t.HelmChartContainer - [K3S] [configmap_cafile_content.go:205] "Starting controller" name="client-ca::kube-system::extension-apiserver-authentication::client-ca-file"
2025-01-30 18:41:46,070 INFO c.h.h.t.HelmChartContainer - [K3S] [configmap_cafile_content.go:205] "Starting controller" name="client-ca::kube-system::extension-apiserver-authentication::requestheader-client-ca-file"
2025-01-30 18:41:46,070 INFO c.h.h.t.HelmChartContainer - [K3S] [secure_serving.go:213] Serving securely on 127.0.0.1:10258
2025-01-30 18:41:46,073 INFO c.h.h.t.HelmChartContainer - [K3S] [tlsconfig.go:243] "Starting DynamicServingCertificateController"
2025-01-30 18:41:46,076 INFO c.h.h.t.HelmChartContainer - [K3S] [INFO] Creating service-lb-controller event broadcaster
2025-01-30 18:41:46,189 INFO c.h.h.t.HelmChartContainer - [K3S] [range_allocator.go:112] "No Secondary Service CIDR provided. Skipping filtering out secondary service addresses"
2025-01-30 18:41:46,190 INFO c.h.h.t.HelmChartContainer - [K3S] [controllermanager.go:765] "Started controller" controller="node-ipam-controller"
2025-01-30 18:41:46,190 INFO c.h.h.t.HelmChartContainer - [K3S] [controllermanager.go:723] "Skipping a cloud provider controller" controller="node-route-controller"
2025-01-30 18:41:46,190 INFO c.h.h.t.HelmChartContainer - [K3S] [node_ipam_controller.go:141] "Starting ipam controller"
2025-01-30 18:41:46,193 INFO c.h.h.t.HelmChartContainer - [K3S] [INFO] Started tunnel to 172.18.0.2:6443
2025-01-30 18:41:46,195 INFO c.h.h.t.HelmChartContainer - [K3S] [INFO] Stopped tunnel to 127.0.0.1:6443
2025-01-30 18:41:46,195 INFO c.h.h.t.HelmChartContainer - [K3S] [INFO] Connecting to proxy" url="wss://172.18.0.2:6443/v1-k3s/connect
2025-01-30 18:41:46,195 INFO c.h.h.t.HelmChartContainer - [K3S] [INFO] Proxy done" err="context canceled" url="wss://127.0.0.1:6443/v1-k3s/connect
2025-01-30 18:41:46,195 INFO c.h.h.t.HelmChartContainer - [K3S] [INFO] error in remotedialer server [400]: websocket: close 1006 (abnormal closure): unexpected EOF
2025-01-30 18:41:46,196 INFO c.h.h.t.HelmChartContainer - [K3S] [INFO] Handling backend connection request [5efb8701c4a9]
2025-01-30 18:41:46,197 INFO c.h.h.t.HelmChartContainer - [K3S] [INFO] Remotedialer connected to proxy" url="wss://172.18.0.2:6443/v1-k3s/connect
2025-01-30 18:41:46,197 INFO c.h.h.t.HelmChartContainer - [K3S] [INFO] Starting /v1, Kind=Node controller
2025-01-30 18:41:46,200 INFO c.h.h.t.HelmChartContainer - [K3S] [INFO] Starting /v1, Kind=Pod controller
2025-01-30 18:41:46,203 INFO c.h.h.t.HelmChartContainer - [K3S] [INFO] Starting apps/v1, Kind=DaemonSet controller
2025-01-30 18:41:46,227 INFO c.h.h.t.HelmChartContainer - [K3S] [controllermanager.go:329] Started "service-lb-controller"
2025-01-30 18:41:46,227 INFO c.h.h.t.HelmChartContainer - [K3S] [controllermanager.go:306] "node-route-controller" is disabled
2025-01-30 18:41:46,227 INFO c.h.h.t.HelmChartContainer - [K3S] [controllermanager.go:329] Started "cloud-node-controller"
2025-01-30 18:41:46,227 INFO c.h.h.t.HelmChartContainer - [K3S] [controllermanager.go:329] Started "cloud-node-lifecycle-controller"
2025-01-30 18:41:46,228 INFO c.h.h.t.HelmChartContainer - [K3S] [INFO] Starting discovery.k8s.io/v1, Kind=EndpointSlice controller
2025-01-30 18:41:46,228 INFO c.h.h.t.HelmChartContainer - [K3S] [node_controller.go:176] Sending events to api server.
2025-01-30 18:41:46,228 INFO c.h.h.t.HelmChartContainer - [K3S] [node_lifecycle_controller.go:112] Sending events to api server
2025-01-30 18:41:46,228 INFO c.h.h.t.HelmChartContainer - [K3S] [node_controller.go:185] Waiting for informer caches to sync
2025-01-30 18:41:46,228 INFO c.h.h.t.HelmChartContainer - [K3S] [controller.go:234] Starting service controller
2025-01-30 18:41:46,328 INFO c.h.h.t.HelmChartContainer - [K3S] [node_controller.go:429] Initializing node 5efb8701c4a9 with cloud provider
2025-01-30 18:41:46,334 INFO c.h.h.t.HelmChartContainer - [K3S] [node_controller.go:474] Successfully initialized node 5efb8701c4a9 with cloud provider
2025-01-30 18:41:46,334 INFO c.h.h.t.HelmChartContainer - [K3S] [event.go:389] "Event occurred" object="5efb8701c4a9" fieldPath="" kind="Node" apiVersion="v1" type="Normal" reason="Synced" message="Node synced successfully"
2025-01-30 18:41:46,336 INFO c.h.h.t.HelmChartContainer - [K3S] [controllermanager.go:765] "Started controller" controller="persistentvolume-attach-detach-controller"
2025-01-30 18:41:46,336 INFO c.h.h.t.HelmChartContainer - [K3S] [attach_detach_controller.go:338] "Starting attach detach controller"
2025-01-30 18:41:46,347 INFO c.h.h.t.HelmChartContainer - [K3S] [INFO] Updated coredns NodeHosts entry for 5efb8701c4a9
2025-01-30 18:41:46,486 INFO c.h.h.t.HelmChartContainer - [K3S] [controllermanager.go:765] "Started controller" controller="persistentvolume-protection-controller"
2025-01-30 18:41:46,486 INFO c.h.h.t.HelmChartContainer - [K3S] [pv_protection_controller.go:81] "Starting PV protection controller"
2025-01-30 18:41:46,643 INFO c.h.h.t.HelmChartContainer - [K3S] [controllermanager.go:765] "Started controller" controller="legacy-serviceaccount-token-cleaner-controller"
2025-01-30 18:41:46,643 INFO c.h.h.t.HelmChartContainer - [K3S] [legacy_serviceaccount_token_cleaner.go:103] "Starting legacy service account token cleaner controller"
2025-01-30 18:41:46,715 INFO c.h.h.t.HelmChartContainer - [K3S] [serving.go:392] Generated self-signed cert in-memory
2025-01-30 18:41:46,835 INFO c.h.h.t.HelmChartContainer - [K3S] [controllermanager.go:765] "Started controller" controller="validatingadmissionpolicy-status-controller"
2025-01-30 18:41:46,835 INFO c.h.h.t.HelmChartContainer - [K3S] [controllermanager.go:717] "Controller is disabled by a feature gate" controller="service-cidr-controller" requiredFeatureGates=["MultiCIDRServiceAllocator"]
2025-01-30 18:41:46,951 INFO c.h.h.t.HelmChartContainer - [K3S] [server.go:164] "Starting Kubernetes Scheduler" version="v1.32.1+k3s1"
2025-01-30 18:41:46,951 INFO c.h.h.t.HelmChartContainer - [K3S] [server.go:166] "Golang settings" GOGC="" GOMAXPROCS="" GOTRACEBACK=""
2025-01-30 18:41:46,954 INFO c.h.h.t.HelmChartContainer - [K3S] [requestheader_controller.go:180] Starting RequestHeaderAuthRequestController
2025-01-30 18:41:46,955 INFO c.h.h.t.HelmChartContainer - [K3S] [configmap_cafile_content.go:205] "Starting controller" name="client-ca::kube-system::extension-apiserver-authentication::requestheader-client-ca-file"
2025-01-30 18:41:46,957 INFO c.h.h.t.HelmChartContainer - [K3S] [configmap_cafile_content.go:205] "Starting controller" name="client-ca::kube-system::extension-apiserver-authentication::client-ca-file"
2025-01-30 18:41:46,957 INFO c.h.h.t.HelmChartContainer - [K3S] [secure_serving.go:213] Serving securely on 127.0.0.1:10259
2025-01-30 18:41:46,957 INFO c.h.h.t.HelmChartContainer - [K3S] [tlsconfig.go:243] "Starting DynamicServingCertificateController"
2025-01-30 18:41:46,985 INFO c.h.h.t.HelmChartContainer - [K3S] [controllermanager.go:765] "Started controller" controller="job-controller"
2025-01-30 18:41:46,985 INFO c.h.h.t.HelmChartContainer - [K3S] [job_controller.go:243] "Starting job controller"
2025-01-30 18:41:47,135 INFO c.h.h.t.HelmChartContainer - [K3S] [controllermanager.go:765] "Started controller" controller="deployment-controller"
2025-01-30 18:41:47,135 INFO c.h.h.t.HelmChartContainer - [K3S] [deployment_controller.go:173] "Starting controller" controller="deployment"
2025-01-30 18:41:47,285 INFO c.h.h.t.HelmChartContainer - [K3S] [controllermanager.go:765] "Started controller" controller="ttl-controller"
2025-01-30 18:41:47,285 INFO c.h.h.t.HelmChartContainer - [K3S] [ttl_controller.go:127] "Starting TTL controller"
2025-01-30 18:41:47,435 INFO c.h.h.t.HelmChartContainer - [K3S] [controllermanager.go:765] "Started controller" controller="persistentvolume-binder-controller"
2025-01-30 18:41:47,435 INFO c.h.h.t.HelmChartContainer - [K3S] [pv_controller_base.go:308] "Starting persistent volume controller"
2025-01-30 18:41:47,585 INFO c.h.h.t.HelmChartContainer - [K3S] [controllermanager.go:765] "Started controller" controller="persistentvolumeclaim-protection-controller"
2025-01-30 18:41:47,585 INFO c.h.h.t.HelmChartContainer - [K3S] [pvc_protection_controller.go:168] "Starting PVC protection controller"
2025-01-30 18:41:47,736 INFO c.h.h.t.HelmChartContainer - [K3S] [controllermanager.go:765] "Started controller" controller="ttl-after-finished-controller"
2025-01-30 18:41:47,736 INFO c.h.h.t.HelmChartContainer - [K3S] [ttlafterfinished_controller.go:112] "Starting TTL after finished controller"
2025-01-30 18:41:47,736 INFO c.h.h.t.HelmChartContainer - [K3S] [controllermanager.go:717] "Controller is disabled by a feature gate" controller="kube-apiserver-serving-clustertrustbundle-publisher-controller" requiredFeatureGates=["ClusterTrustBundle"]
2025-01-30 18:41:47,785 INFO c.h.h.t.HelmChartContainer - [K3S] [controllermanager.go:765] "Started controller" controller="taint-eviction-controller"
2025-01-30 18:41:47,785 INFO c.h.h.t.HelmChartContainer - [K3S] [taint_eviction.go:281] "Starting" controller="taint-eviction-controller"
2025-01-30 18:41:47,785 INFO c.h.h.t.HelmChartContainer - [K3S] [taint_eviction.go:287] "Sending events to api server"
2025-01-30 18:41:47,802 INFO c.h.h.t.HelmChartContainer - [K3S] [actual_state_of_world.go:541] "Failed to update statusUpdateNeeded field in actual state of world" err="Failed to set statusUpdateNeeded to needed true, because nodeName=\"5efb8701c4a9\" does not exist"
2025-01-30 18:41:47,890 INFO c.h.h.t.HelmChartContainer - [K3S] [range_allocator.go:177] "Sending events to api server"
2025-01-30 18:41:47,890 INFO c.h.h.t.HelmChartContainer - [K3S] [range_allocator.go:183] "Starting range CIDR allocator"
2025-01-30 18:41:47,893 INFO c.h.h.t.HelmChartContainer - [K3S] [range_allocator.go:428] "Set node PodCIDR" node="5efb8701c4a9" podCIDRs=["10.42.0.0/24"]
2025-01-30 18:41:47,893 INFO c.h.h.t.HelmChartContainer - [K3S] [range_allocator.go:247] "Successfully synced" key="5efb8701c4a9"
2025-01-30 18:41:47,894 INFO c.h.h.t.HelmChartContainer - [K3S] [range_allocator.go:247] "Successfully synced" key="5efb8701c4a9"
2025-01-30 18:41:47,894 INFO c.h.h.t.HelmChartContainer - [K3S] [INFO] Flannel found PodCIDR assigned for node 5efb8701c4a9
2025-01-30 18:41:47,894 INFO c.h.h.t.HelmChartContainer - [K3S] [INFO] The interface eth0 with ipv4 address 172.18.0.2 will be used by flannel
2025-01-30 18:41:47,896 INFO c.h.h.t.HelmChartContainer - [K3S] [kube.go:139] Waiting 10m0s for node controller to sync
2025-01-30 18:41:47,896 INFO c.h.h.t.HelmChartContainer - [K3S] [kube.go:469] Starting kube subnet manager
2025-01-30 18:41:47,986 INFO c.h.h.t.HelmChartContainer - [K3S] [node_lifecycle_controller.go:1234] "Initializing eviction metric for zone" zone=""
2025-01-30 18:41:47,986 INFO c.h.h.t.HelmChartContainer - [K3S] [node_lifecycle_controller.go:886] "Missing timestamp for Node. Assuming now as a timestamp" node="5efb8701c4a9"
2025-01-30 18:41:47,986 INFO c.h.h.t.HelmChartContainer - [K3S] [node_lifecycle_controller.go:1080] "Controller detected that zone is now in new state" zone="" newState="Normal"
2025-01-30 18:41:47,991 INFO c.h.h.t.HelmChartContainer - [K3S] [range_allocator.go:247] "Successfully synced" key="5efb8701c4a9"
2025-01-30 18:41:48,008 INFO c.h.h.t.HelmChartContainer - [K3S] [INFO] Starting network policy controller version v2.2.1, built on 2025-01-28T18:27:08Z, go1.23.4
2025-01-30 18:41:48,008 INFO c.h.h.t.HelmChartContainer - [K3S] [network_policy_controller.go:164] Starting network policy controller
2025-01-30 18:41:48,038 INFO c.h.h.t.HelmChartContainer - [K3S] [network_policy_controller.go:176] Starting network policy controller full sync goroutine
2025-01-30 18:41:48,340 INFO c.h.h.t.HelmChartContainer - [K3S] [range_allocator.go:247] "Successfully synced" key="5efb8701c4a9"
2025-01-30 18:41:48,597 INFO c.h.h.t.HelmChartContainer - [K3S] [replica_set.go:679] "Finished syncing" kind="ReplicaSet" key="kube-system/coredns-ff8999cc5" duration="552.803677ms"
2025-01-30 18:41:48,604 INFO c.h.h.t.HelmChartContainer - [K3S] [replica_set.go:679] "Finished syncing" kind="ReplicaSet" key="kube-system/metrics-server-8584b5786c" duration="559.242668ms"
2025-01-30 18:41:48,607 INFO c.h.h.t.HelmChartContainer - [K3S] [replica_set.go:679] "Finished syncing" kind="ReplicaSet" key="kube-system/local-path-provisioner-698b58967b" duration="563.185607ms"
2025-01-30 18:41:48,612 INFO c.h.h.t.HelmChartContainer - [K3S] [replica_set.go:679] "Finished syncing" kind="ReplicaSet" key="kube-system/local-path-provisioner-698b58967b" duration="4.408853ms"
2025-01-30 18:41:48,615 INFO c.h.h.t.HelmChartContainer - [K3S] [replica_set.go:679] "Finished syncing" kind="ReplicaSet" key="kube-system/local-path-provisioner-698b58967b" duration="19.015µs"
2025-01-30 18:41:48,623 INFO c.h.h.t.HelmChartContainer - [K3S] [replica_set.go:679] "Finished syncing" kind="ReplicaSet" key="kube-system/coredns-ff8999cc5" duration="26.06068ms"
2025-01-30 18:41:48,623 INFO c.h.h.t.HelmChartContainer - [K3S] [replica_set.go:679] "Finished syncing" kind="ReplicaSet" key="kube-system/coredns-ff8999cc5" duration="27.09µs"
2025-01-30 18:41:48,625 INFO c.h.h.t.HelmChartContainer - [K3S] [replica_set.go:679] "Finished syncing" kind="ReplicaSet" key="kube-system/metrics-server-8584b5786c" duration="21.430016ms"
2025-01-30 18:41:48,625 INFO c.h.h.t.HelmChartContainer - [K3S] [replica_set.go:679] "Finished syncing" kind="ReplicaSet" key="kube-system/metrics-server-8584b5786c" duration="23.734µs"
2025-01-30 18:41:48,646 INFO c.h.h.t.HelmChartContainer - [K3S] [replica_set.go:679] "Finished syncing" kind="ReplicaSet" key="kube-system/metrics-server-8584b5786c" duration="107.46µs"
2025-01-30 18:41:48,656 INFO c.h.h.t.HelmChartContainer - [K3S] [replica_set.go:679] "Finished syncing" kind="ReplicaSet" key="kube-system/coredns-ff8999cc5" duration="116.496µs"
2025-01-30 18:41:48,661 INFO c.h.h.t.HelmChartContainer - [K3S] [handler_proxy.go:99] no RequestInfo found in the context
2025-01-30 18:41:48,661 INFO c.h.h.t.HelmChartContainer - [K3S] [controller.go:146] "Unhandled Error" err=<
2025-01-30 18:41:48,661 INFO c.h.h.t.HelmChartContainer - [K3S] 	, Header: map[Content-Type:[text/plain; charset=utf-8] X-Content-Type-Options:[nosniff]]
2025-01-30 18:41:48,661 INFO c.h.h.t.HelmChartContainer - [K3S]  >
2025-01-30 18:41:48,661 INFO c.h.h.t.HelmChartContainer - [K3S] [handler_proxy.go:143] error resolving kube-system/metrics-server: no endpoints available for service "metrics-server"
2025-01-30 18:41:48,677 INFO c.h.h.t.HelmChartContainer - [K3S] [replica_set.go:679] "Finished syncing" kind="ReplicaSet" key="kube-system/local-path-provisioner-698b58967b" duration="56.706µs"
2025-01-30 18:41:48,701 INFO c.h.h.t.HelmChartContainer - [K3S] [reconciler_common.go:251] "operationExecutor.VerifyControllerAttachedVolume started for volume \"custom-config-volume\" (UniqueName: \"kubernetes.io/configmap/4400f481-a281-402f-a7b5-c81bd062613f-custom-config-volume\") pod \"coredns-ff8999cc5-ft5x6\" (UID: \"4400f481-a281-402f-a7b5-c81bd062613f\") " pod="kube-system/coredns-ff8999cc5-ft5x6"
2025-01-30 18:41:48,701 INFO c.h.h.t.HelmChartContainer - [K3S] [reconciler_common.go:251] "operationExecutor.VerifyControllerAttachedVolume started for volume \"kube-api-access-zzjhm\" (UniqueName: \"kubernetes.io/projected/4400f481-a281-402f-a7b5-c81bd062613f-kube-api-access-zzjhm\") pod \"coredns-ff8999cc5-ft5x6\" (UID: \"4400f481-a281-402f-a7b5-c81bd062613f\") " pod="kube-system/coredns-ff8999cc5-ft5x6"
2025-01-30 18:41:48,701 INFO c.h.h.t.HelmChartContainer - [K3S] [reconciler_common.go:251] "operationExecutor.VerifyControllerAttachedVolume started for volume \"config-volume\" (UniqueName: \"kubernetes.io/configmap/3c91cc5d-01d5-4589-a1ca-e81ca6561339-config-volume\") pod \"local-path-provisioner-698b58967b-dzmtx\" (UID: \"3c91cc5d-01d5-4589-a1ca-e81ca6561339\") " pod="kube-system/local-path-provisioner-698b58967b-dzmtx"
2025-01-30 18:41:48,701 INFO c.h.h.t.HelmChartContainer - [K3S] [reconciler_common.go:251] "operationExecutor.VerifyControllerAttachedVolume started for volume \"kube-api-access-896pk\" (UniqueName: \"kubernetes.io/projected/3c91cc5d-01d5-4589-a1ca-e81ca6561339-kube-api-access-896pk\") pod \"local-path-provisioner-698b58967b-dzmtx\" (UID: \"3c91cc5d-01d5-4589-a1ca-e81ca6561339\") " pod="kube-system/local-path-provisioner-698b58967b-dzmtx"
2025-01-30 18:41:48,701 INFO c.h.h.t.HelmChartContainer - [K3S] [reconciler_common.go:251] "operationExecutor.VerifyControllerAttachedVolume started for volume \"tmp-dir\" (UniqueName: \"kubernetes.io/empty-dir/06e3e478-2c56-435d-8d40-d502335da896-tmp-dir\") pod \"metrics-server-8584b5786c-57b8t\" (UID: \"06e3e478-2c56-435d-8d40-d502335da896\") " pod="kube-system/metrics-server-8584b5786c-57b8t"
2025-01-30 18:41:48,702 INFO c.h.h.t.HelmChartContainer - [K3S] [reconciler_common.go:251] "operationExecutor.VerifyControllerAttachedVolume started for volume \"kube-api-access-t9h92\" (UniqueName: \"kubernetes.io/projected/06e3e478-2c56-435d-8d40-d502335da896-kube-api-access-t9h92\") pod \"metrics-server-8584b5786c-57b8t\" (UID: \"06e3e478-2c56-435d-8d40-d502335da896\") " pod="kube-system/metrics-server-8584b5786c-57b8t"
2025-01-30 18:41:48,702 INFO c.h.h.t.HelmChartContainer - [K3S] [reconciler_common.go:251] "operationExecutor.VerifyControllerAttachedVolume started for volume \"config-volume\" (UniqueName: \"kubernetes.io/configmap/4400f481-a281-402f-a7b5-c81bd062613f-config-volume\") pod \"coredns-ff8999cc5-ft5x6\" (UID: \"4400f481-a281-402f-a7b5-c81bd062613f\") " pod="kube-system/coredns-ff8999cc5-ft5x6"
2025-01-30 18:41:48,705 INFO c.h.h.t.HelmChartContainer - [K3S] [endpointslice_controller.go:344] "Error syncing endpoint slices for service, retrying" key="kube-system/kube-dns" err="EndpointSlice informer cache is out of date"
2025-01-30 18:41:48,897 INFO c.h.h.t.HelmChartContainer - [K3S] [kube.go:146] Node controller sync successful
2025-01-30 18:41:48,897 INFO c.h.h.t.HelmChartContainer - [K3S] [vxlan.go:141] VXLAN config: VNI=1 Port=0 GBP=false Learning=false DirectRouting=false
2025-01-30 18:41:48,899 INFO c.h.h.t.HelmChartContainer - [K3S] [kube.go:636] List of node(5efb8701c4a9) annotations: map[string]string{"alpha.kubernetes.io/provided-node-ip":"172.18.0.2", "k3s.io/hostname":"5efb8701c4a9", "k3s.io/internal-ip":"172.18.0.2", "k3s.io/node-args":"[\"server\",\"--etcd-arg\",\"unsafe-no-fsync\",\"--etcd-arg\",\"snapshot-count=10000\",\"--etcd-arg\",\"auto-compaction-mode=revision\",\"--etcd-arg\",\"auto-compaction-retention=1000000\",\"--kube-apiserver-arg\",\"etcd-compaction-interval=0s\",\"--disable\",\"traefik\",\"--tls-san\",\"localhost\"]", "k3s.io/node-config-hash":"2QNNT5M5XUBFOLO5XPGEVGOM5UDLHHTIVMSRUPAUHE5DU3HUYQUQ====", "k3s.io/node-env":"{}", "node.alpha.kubernetes.io/ttl":"0", "volumes.kubernetes.io/controller-managed-attach-detach":"true"}
2025-01-30 18:41:48,905 INFO c.h.h.t.HelmChartContainer - [K3S] [kube.go:490] Creating the node lease for IPv4. This is the n.Spec.PodCIDRs: [10.42.0.0/24]
2025-01-30 18:41:48,905 INFO c.h.h.t.HelmChartContainer - [K3S] [iptables.go:51] Starting flannel in iptables mode...
2025-01-30 18:41:48,905 INFO c.h.h.t.HelmChartContainer - [K3S] [WARNING] no subnet found for key: FLANNEL_NETWORK in file: /run/flannel/subnet.env
2025-01-30 18:41:48,905 INFO c.h.h.t.HelmChartContainer - [K3S] [WARNING] no subnet found for key: FLANNEL_SUBNET in file: /run/flannel/subnet.env
2025-01-30 18:41:48,905 INFO c.h.h.t.HelmChartContainer - [K3S] [WARNING] no subnet found for key: FLANNEL_IPV6_NETWORK in file: /run/flannel/subnet.env
2025-01-30 18:41:48,905 INFO c.h.h.t.HelmChartContainer - [K3S] [WARNING] no subnet found for key: FLANNEL_IPV6_SUBNET in file: /run/flannel/subnet.env
2025-01-30 18:41:48,905 INFO c.h.h.t.HelmChartContainer - [K3S] [range_allocator.go:247] "Successfully synced" key="5efb8701c4a9"
2025-01-30 18:41:48,905 INFO c.h.h.t.HelmChartContainer - [K3S] [iptables.go:115] Current network or subnet (10.42.0.0/16, 10.42.0.0/24) is not equal to previous one (0.0.0.0/0, 0.0.0.0/0), trying to recycle old iptables rules
2025-01-30 18:41:48,916 INFO c.h.h.t.HelmChartContainer - [K3S] [iptables.go:125] Setting up masking rules
2025-01-30 18:41:48,918 INFO c.h.h.t.HelmChartContainer - [K3S] [iptables.go:226] Changing default FORWARD chain policy to ACCEPT
2025-01-30 18:41:48,922 INFO c.h.h.t.HelmChartContainer - [K3S] [INFO] Wrote flannel subnet file to /run/flannel/subnet.env
2025-01-30 18:41:48,924 INFO c.h.h.t.HelmChartContainer - [K3S] [INFO] Running flannel backend.
2025-01-30 18:41:48,924 INFO c.h.h.t.HelmChartContainer - [K3S] [vxlan_network.go:65] watching for new subnet leases
2025-01-30 18:41:48,939 INFO c.h.h.t.HelmChartContainer - [K3S] [iptables.go:372] bootstrap done
2025-01-30 18:41:48,947 INFO c.h.h.t.HelmChartContainer - [K3S] [iptables.go:372] bootstrap done
2025-01-30 18:41:49,659 INFO c.h.h.t.HelmChartContainer - [K3S] [handler_proxy.go:99] no RequestInfo found in the context
2025-01-30 18:41:49,659 INFO c.h.h.t.HelmChartContainer - [K3S] [handler_proxy.go:99] no RequestInfo found in the context
2025-01-30 18:41:49,659 INFO c.h.h.t.HelmChartContainer - [K3S] [controller.go:102] "Unhandled Error" err=<
2025-01-30 18:41:49,659 INFO c.h.h.t.HelmChartContainer - [K3S] 	, Header: map[Content-Type:[text/plain; charset=utf-8] X-Content-Type-Options:[nosniff]]
2025-01-30 18:41:49,659 INFO c.h.h.t.HelmChartContainer - [K3S]  >
2025-01-30 18:41:51,334 INFO c.h.h.t.HelmChartContainer - [K3S] [replica_set.go:679] "Finished syncing" kind="ReplicaSet" key="kube-system/local-path-provisioner-698b58967b" duration="5.137496ms"
2025-01-30 18:41:51,336 INFO c.h.h.t.HelmChartContainer - [K3S] [replica_set.go:679] "Finished syncing" kind="ReplicaSet" key="kube-system/local-path-provisioner-698b58967b" duration="34.755µs"
2025-01-30 18:41:52,332 INFO c.h.h.t.HelmChartContainer - [K3S] [replica_set.go:679] "Finished syncing" kind="ReplicaSet" key="kube-system/coredns-ff8999cc5" duration="42.378µs"
2025-01-30 18:41:52,346 INFO c.h.h.t.HelmChartContainer - [K3S] [replica_set.go:679] "Finished syncing" kind="ReplicaSet" key="kube-system/metrics-server-8584b5786c" duration="35.215µs"
2025-01-30 18:41:52,365 INFO c.h.h.t.HelmChartContainer - [K3S] [replica_set.go:679] "Finished syncing" kind="ReplicaSet" key="kube-system/coredns-ff8999cc5" duration="8.783624ms"
2025-01-30 18:41:52,366 INFO c.h.h.t.HelmChartContainer - [K3S] [replica_set.go:679] "Finished syncing" kind="ReplicaSet" key="kube-system/coredns-ff8999cc5" duration="38.551µs"
2025-01-30 18:41:52,633 INFO c.h.h.t.HelmChartContainer - [K3S] [kuberuntime_manager.go:1702] "Updating runtime config through cri with podcidr" CIDR="10.42.0.0/24"
2025-01-30 18:41:52,634 INFO c.h.h.t.HelmChartContainer - [K3S] [kubelet_network.go:61] "Updating Pod CIDR" originalPodCIDR="" newPodCIDR="10.42.0.0/24"
2025-01-30 18:41:52,648 INFO c.h.h.t.HelmChartContainer - [K3S] [range_allocator.go:247] "Successfully synced" key="5efb8701c4a9"
2025-01-30 18:41:52,650 DEBUG c.h.h.t.HelmChartContainer - Image file loaded 'hivemq-platform-operator.tar'
2025-01-30 18:41:53,093 DEBUG c.h.h.t.HelmChartContainer - Image file loaded 'hivemq-platform-operator-init.tar'
2025-01-30 18:41:58,524 DEBUG c.h.h.t.HelmChartContainer - Image file loaded 'hivemq-platform.tar'
2025-01-30 18:41:58,524 DEBUG c.h.h.t.HelmChartContainer - Successful Helm chart Container startup
2025-01-30 18:41:58,530 INFO t.localhost/testcontainers/qwgssbs7bdwrgvuq:latest - Container localhost/testcontainers/qwgssbs7bdwrgvuq:latest started in PT20.509595142S
2025-01-30 18:41:58,543 DEBUG c.h.h.t.HelmChartContainer - Executing helm command: /bin/helm --kubeconfig /etc/rancher/k3s/k3s.yaml repo add hivemq https://hivemq.github.io/helm-charts
2025-01-30 18:42:00,020 INFO c.h.h.t.HelmChartContainer - [EVENT] Normal [Starting] Starting kubelet. [null:5efb8701c4a9]
2025-01-30 18:42:00,021 INFO c.h.h.t.HelmChartContainer - [EVENT] Warning [InvalidDiskCapacity] invalid capacity 0 on image filesystem [null:5efb8701c4a9]
2025-01-30 18:42:00,023 INFO c.h.h.t.HelmChartContainer - [EVENT] Normal [NodeHasSufficientMemory] Node 5efb8701c4a9 status is now: NodeHasSufficientMemory [null:5efb8701c4a9]
2025-01-30 18:42:00,023 INFO c.h.h.t.HelmChartContainer - [EVENT] Normal [NodeHasNoDiskPressure] Node 5efb8701c4a9 status is now: NodeHasNoDiskPressure [null:5efb8701c4a9]
2025-01-30 18:42:00,024 INFO c.h.h.t.HelmChartContainer - [EVENT] Normal [NodeHasSufficientPID] Node 5efb8701c4a9 status is now: NodeHasSufficientPID [null:5efb8701c4a9]
2025-01-30 18:42:00,024 INFO c.h.h.t.HelmChartContainer - [EVENT] Normal [NodeAllocatableEnforced] Updated Node Allocatable limit across pods [null:5efb8701c4a9]
2025-01-30 18:42:00,027 INFO c.h.h.t.HelmChartContainer - [EVENT] Normal [NodeReady] Node 5efb8701c4a9 status is now: NodeReady [null:5efb8701c4a9]
2025-01-30 18:42:00,030 INFO c.h.h.t.HelmChartContainer - [EVENT] Normal [NodePasswordValidationComplete] Deferred node password secret validation complete [null:5efb8701c4a9]
2025-01-30 18:42:00,031 INFO c.h.h.t.HelmChartContainer - Saved kubeconfig file on /tmp/kubeconfig-12340007026123248275.yaml
2025-01-30 18:42:00,031 INFO c.h.h.t.HelmChartContainer - HelmChartContainer is started
2025-01-30 18:42:00,033 INFO c.h.h.t.HelmChartContainer - [EVENT] Normal [Synced] Node synced successfully [null:5efb8701c4a9]
2025-01-30 18:42:00,033 INFO c.h.h.t.HelmChartContainer - [EVENT] Normal [RegisteredNode] Node 5efb8701c4a9 event: Registered Node 5efb8701c4a9 in Controller [null:5efb8701c4a9]
2025-01-30 18:42:00,033 INFO c.h.h.t.HelmChartContainer - [EVENT] Warning [FailedToCreateEndpoint] Failed to create endpoint for service kube-system/kube-dns: endpoints "kube-dns" already exists [null:kube-dns]
2025-01-30 18:42:00,033 INFO c.h.h.t.HelmChartContainer - [EVENT] Warning [FailedToCreateEndpoint] Failed to create endpoint for service kube-system/metrics-server: endpoints "metrics-server" already exists [null:metrics-server]
]]></system-out>
  <system-err><![CDATA[]]></system-err>
</testsuite>
