<?xml version="1.0" encoding="UTF-8"?>
<testsuite name="com.hivemq.helmcharts.migration.HelmLegacyStatefulSetMigrationIT" tests="1" skipped="0" failures="0" errors="0" timestamp="2025-01-29T18:37:35" hostname="fv-az2020-579" time="339.046">
  <properties/>
  <testcase name="migrateToCurrentPlatformOperator()" classname="com.hivemq.helmcharts.migration.HelmLegacyStatefulSetMigrationIT" time="339.046">
    <system-out><![CDATA[2025-01-29 18:37:35,452 INFO c.h.h.t.HelmChartContainer - Creating namespace 'helmlegacystatefulsetmigrationit-operator'...
2025-01-29 18:37:35,649 INFO c.h.h.t.HelmChartContainer - Namespace 'helmlegacystatefulsetmigrationit-operator' created
2025-01-29 18:37:35,650 INFO c.h.h.t.HelmChartContainer - Creating namespace 'helmlegacystatefulsetmigrationit'...
2025-01-29 18:37:35,650 INFO c.h.h.t.HelmChartContainer - [POD] coredns-ff8999cc5-tfnwb [6cf54471-6111-444e-a2af-ab5f1ca6952b] in kube-system was ADDED
2025-01-29 18:37:35,653 INFO c.h.h.t.HelmChartContainer - [POD] local-path-provisioner-698b58967b-ds5k6 [7544ae2f-6de2-403d-93fb-082dde93d0c8] in kube-system was ADDED
2025-01-29 18:37:35,655 INFO c.h.h.t.HelmChartContainer - [POD] metrics-server-8584b5786c-jt5r9 [fee4fa47-4525-41a3-84fd-eb099105b7c4] in kube-system was ADDED
2025-01-29 18:37:35,658 INFO c.h.h.t.HelmChartContainer - Namespace 'helmlegacystatefulsetmigrationit' created
2025-01-29 18:37:35,729 DEBUG c.h.h.t.HelmChartContainer - Executing helm command: /bin/helm --kubeconfig /etc/rancher/k3s/k3s.yaml install test-hivemq-platform-operator /charts/hivemq-platform-operator --wait --timeout 5m0s --set image.repository=docker.io/hivemq --set image.name=hivemq-platform-operator-test --set image.initImageName=hivemq-platform-operator-init-test --set image.tag=snapshot --set image.pullPolicy=Never --set logLevel=DEBUG --set resources.cpu=512m --namespace helmlegacystatefulsetmigrationit-operator
2025-01-29 18:37:38,077 INFO c.h.h.t.HelmChartContainer - [K3S] [alloc.go:330] "allocated clusterIPs" service="helmlegacystatefulsetmigrationit-operator/hivemq-platform-operator-test-hivemq-platform-operator" clusterIPs={"IPv4":"10.43.147.129"}
2025-01-29 18:37:38,096 INFO c.h.h.t.HelmChartContainer - [POD] hivemq-test-hivemq-platform-operator-6966f96d65-lf2vc [d3bb76c6-6896-4e1a-b920-d56de4b27f60] in helmlegacystatefulsetmigrationit-operator was ADDED
2025-01-29 18:37:38,097 INFO c.h.h.t.HelmChartContainer - [EVENT] Normal [ScalingReplicaSet] Scaled up replica set hivemq-test-hivemq-platform-operator-6966f96d65 from 0 to 1 [helmlegacystatefulsetmigrationit-operator:hivemq-test-hivemq-platform-operator]
2025-01-29 18:37:38,098 INFO c.h.h.t.HelmChartContainer - [EVENT] Normal [SuccessfulCreate] Created pod: hivemq-test-hivemq-platform-operator-6966f96d65-lf2vc [helmlegacystatefulsetmigrationit-operator:hivemq-test-hivemq-platform-operator-6966f96d65]
2025-01-29 18:37:38,101 INFO c.h.h.t.HelmChartContainer - [K3S] [replica_set.go:679] "Finished syncing" kind="ReplicaSet" key="helmlegacystatefulsetmigrationit-operator/hivemq-test-hivemq-platform-operator-6966f96d65" duration="13.264428ms"
2025-01-29 18:37:38,108 INFO c.h.h.t.HelmChartContainer - [POD] hivemq-test-hivemq-platform-operator-6966f96d65-lf2vc [d3bb76c6-6896-4e1a-b920-d56de4b27f60] in helmlegacystatefulsetmigrationit-operator was MODIFIED
2025-01-29 18:37:38,112 INFO c.h.h.t.HelmChartContainer - [EVENT] Normal [Scheduled] Successfully assigned helmlegacystatefulsetmigrationit-operator/hivemq-test-hivemq-platform-operator-6966f96d65-lf2vc to b7418fb8ab78 [helmlegacystatefulsetmigrationit-operator:hivemq-test-hivemq-platform-operator-6966f96d65-lf2vc]
2025-01-29 18:37:38,112 INFO c.h.h.t.HelmChartContainer - [K3S] [replica_set.go:679] "Finished syncing" kind="ReplicaSet" key="helmlegacystatefulsetmigrationit-operator/hivemq-test-hivemq-platform-operator-6966f96d65" duration="11.719125ms"
2025-01-29 18:37:38,112 INFO c.h.h.t.HelmChartContainer - [K3S] [replica_set.go:679] "Finished syncing" kind="ReplicaSet" key="helmlegacystatefulsetmigrationit-operator/hivemq-test-hivemq-platform-operator-6966f96d65" duration="37.981µs"
2025-01-29 18:37:38,128 INFO c.h.h.t.HelmChartContainer - [K3S] [replica_set.go:679] "Finished syncing" kind="ReplicaSet" key="helmlegacystatefulsetmigrationit-operator/hivemq-test-hivemq-platform-operator-6966f96d65" duration="39.945µs"
2025-01-29 18:37:38,131 INFO c.h.h.t.HelmChartContainer - [POD] hivemq-test-hivemq-platform-operator-6966f96d65-lf2vc [d3bb76c6-6896-4e1a-b920-d56de4b27f60] in helmlegacystatefulsetmigrationit-operator was MODIFIED
2025-01-29 18:37:38,186 INFO c.h.h.t.HelmChartContainer - [K3S] [reconciler_common.go:251] "operationExecutor.VerifyControllerAttachedVolume started for volume \"kube-api-access-wph74\" (UniqueName: \"kubernetes.io/projected/d3bb76c6-6896-4e1a-b920-d56de4b27f60-kube-api-access-wph74\") pod \"hivemq-test-hivemq-platform-operator-6966f96d65-lf2vc\" (UID: \"d3bb76c6-6896-4e1a-b920-d56de4b27f60\") " pod="helmlegacystatefulsetmigrationit-operator/hivemq-test-hivemq-platform-operator-6966f96d65-lf2vc"
2025-01-29 18:37:38,500 INFO c.h.h.t.HelmChartContainer - [EVENT] Normal [Pulled] Container image "docker.io/hivemq/hivemq-platform-operator-test:snapshot" already present on machine [helmlegacystatefulsetmigrationit-operator:hivemq-test-hivemq-platform-operator-6966f96d65-lf2vc]
2025-01-29 18:37:38,500 INFO c.h.h.t.HelmChartContainer - Received Pulled event for container hivemq-platform-operator in pod hivemq-test-hivemq-platform-operator-6966f96d65-lf2vc [d3bb76c6-6896-4e1a-b920-d56de4b27f60]
2025-01-29 18:37:38,507 INFO c.h.h.t.HelmChartContainer - [EVENT] Normal [Created] Created container: hivemq-platform-operator [helmlegacystatefulsetmigrationit-operator:hivemq-test-hivemq-platform-operator-6966f96d65-lf2vc]
2025-01-29 18:37:38,508 INFO c.h.h.t.HelmChartContainer - Received Created event for container hivemq-platform-operator in pod hivemq-test-hivemq-platform-operator-6966f96d65-lf2vc [d3bb76c6-6896-4e1a-b920-d56de4b27f60]
2025-01-29 18:37:39,557 INFO c.h.h.t.HelmChartContainer - [K3S] [replica_set.go:679] "Finished syncing" kind="ReplicaSet" key="helmlegacystatefulsetmigrationit-operator/hivemq-test-hivemq-platform-operator-6966f96d65" duration="49.112µs"
2025-01-29 18:37:39,564 INFO c.h.h.t.HelmChartContainer - [POD] hivemq-test-hivemq-platform-operator-6966f96d65-lf2vc [d3bb76c6-6896-4e1a-b920-d56de4b27f60] in helmlegacystatefulsetmigrationit-operator was MODIFIED
2025-01-29 18:37:39,583 INFO c.h.h.t.HelmChartContainer - Started log watcher for hivemq-platform-operator in pod hivemq-test-hivemq-platform-operator-6966f96d65-lf2vc [d3bb76c6-6896-4e1a-b920-d56de4b27f60]
2025-01-29 18:37:39,583 INFO c.h.h.t.HelmChartContainer - [EVENT] Normal [Started] Started container hivemq-platform-operator [helmlegacystatefulsetmigrationit-operator:hivemq-test-hivemq-platform-operator-6966f96d65-lf2vc]
2025-01-29 18:37:39,583 INFO c.h.h.t.HelmChartContainer - Received Started event for container hivemq-platform-operator in pod hivemq-test-hivemq-platform-operator-6966f96d65-lf2vc [d3bb76c6-6896-4e1a-b920-d56de4b27f60]
2025-01-29 18:37:39,584 INFO c.h.h.t.HelmChartContainer - [hivemq-test-hivemq-platform] [hivemq-platform-operator] [d3bb76c6] -------------------------------------------------------------------------
2025-01-29 18:37:39,584 INFO c.h.h.t.HelmChartContainer - [hivemq-test-hivemq-platform] [hivemq-platform-operator] [d3bb76c6] 
2025-01-29 18:37:39,584 INFO c.h.h.t.HelmChartContainer - [hivemq-test-hivemq-platform] [hivemq-platform-operator] [d3bb76c6]                   _    _  _              __  __   ____
2025-01-29 18:37:39,584 INFO c.h.h.t.HelmChartContainer - [hivemq-test-hivemq-platform] [hivemq-platform-operator] [d3bb76c6]                  | |  | |(_)            |  \/  | / __ \
2025-01-29 18:37:39,584 INFO c.h.h.t.HelmChartContainer - [hivemq-test-hivemq-platform] [hivemq-platform-operator] [d3bb76c6]                  | |__| | _ __   __ ___ | \  / || |  | |
2025-01-29 18:37:39,584 INFO c.h.h.t.HelmChartContainer - [hivemq-test-hivemq-platform] [hivemq-platform-operator] [d3bb76c6]                  |  __  || |\ \ / // _ \| |\/| || |  | |
2025-01-29 18:37:39,584 INFO c.h.h.t.HelmChartContainer - [hivemq-test-hivemq-platform] [hivemq-platform-operator] [d3bb76c6]                  | |  | || | \ V /|  __/| |  | || |__| |
2025-01-29 18:37:39,584 INFO c.h.h.t.HelmChartContainer - [hivemq-test-hivemq-platform] [hivemq-platform-operator] [d3bb76c6]                  |_|  |_||_|  \_/  \___||_|  |_| \___\_\
2025-01-29 18:37:39,584 INFO c.h.h.t.HelmChartContainer - [hivemq-test-hivemq-platform] [hivemq-platform-operator] [d3bb76c6] 
2025-01-29 18:37:39,584 INFO c.h.h.t.HelmChartContainer - [hivemq-test-hivemq-platform] [hivemq-platform-operator] [d3bb76c6] -------------------------------------------------------------------------
2025-01-29 18:37:39,584 INFO c.h.h.t.HelmChartContainer - [hivemq-test-hivemq-platform] [hivemq-platform-operator] [d3bb76c6] 
2025-01-29 18:37:39,584 INFO c.h.h.t.HelmChartContainer - [hivemq-test-hivemq-platform] [hivemq-platform-operator] [d3bb76c6]   HiveMQ Platform Operator Start Script v1.0
2025-01-29 18:37:39,584 INFO c.h.h.t.HelmChartContainer - [hivemq-test-hivemq-platform] [hivemq-platform-operator] [d3bb76c6] 
2025-01-29 18:37:39,584 INFO c.h.h.t.HelmChartContainer - [hivemq-test-hivemq-platform] [hivemq-platform-operator] [d3bb76c6] -------------------------------------------------------------------------
2025-01-29 18:37:39,584 INFO c.h.h.t.HelmChartContainer - [hivemq-test-hivemq-platform] [hivemq-platform-operator] [d3bb76c6] 
2025-01-29 18:37:39,584 INFO c.h.h.t.HelmChartContainer - [hivemq-test-hivemq-platform] [hivemq-platform-operator] [d3bb76c6]   JAVA_OPTS: -XX:+UnlockExperimentalVMOptions -XX:InitialRAMPercentage=75 -XX:MaxRAMPercentage=75 -Duser.language=en -Duser.region=US
2025-01-29 18:37:39,584 INFO c.h.h.t.HelmChartContainer - [hivemq-test-hivemq-platform] [hivemq-platform-operator] [d3bb76c6] 
2025-01-29 18:37:39,584 INFO c.h.h.t.HelmChartContainer - [hivemq-test-hivemq-platform] [hivemq-platform-operator] [d3bb76c6]   JAVA_VERSION: 21
2025-01-29 18:37:39,584 INFO c.h.h.t.HelmChartContainer - [hivemq-test-hivemq-platform] [hivemq-platform-operator] [d3bb76c6] 
2025-01-29 18:37:39,584 INFO c.h.h.t.HelmChartContainer - [hivemq-test-hivemq-platform] [hivemq-platform-operator] [d3bb76c6] -------------------------------------------------------------------------
2025-01-29 18:37:39,584 INFO c.h.h.t.HelmChartContainer - [hivemq-test-hivemq-platform] [hivemq-platform-operator] [d3bb76c6] 
2025-01-29 18:37:41,950 INFO c.h.h.t.HelmChartContainer - [hivemq-test-hivemq-platform] [hivemq-platform-operator] [d3bb76c6] 18:37:41.947 [main] DEBUG org.jboss.logging - Logging Provider: org.jboss.logging.Slf4jLoggerProvider
2025-01-29 18:37:42,056 INFO c.h.h.t.HelmChartContainer - [hivemq-test-hivemq-platform] [hivemq-platform-operator] [d3bb76c6] 18:37:42.054 [main] DEBUG io.smallrye.config - SRCFG01006: Loaded ConfigSource SysPropConfigSource with ordinal 400
2025-01-29 18:37:42,056 INFO c.h.h.t.HelmChartContainer - [hivemq-test-hivemq-platform] [hivemq-platform-operator] [d3bb76c6] 18:37:42.054 [main] DEBUG io.smallrye.config - SRCFG01006: Loaded ConfigSource EnvConfigSource with ordinal 300
2025-01-29 18:37:42,056 INFO c.h.h.t.HelmChartContainer - [hivemq-test-hivemq-platform] [hivemq-platform-operator] [d3bb76c6] 18:37:42.054 [main] DEBUG io.smallrye.config - SRCFG01006: Loaded ConfigSource PropertiesConfigSource[source=jar:file:///opt/hivemq-platform-operator/bin/hivemq-platform-operator.jar!/hivemq-platform-operator.properties] with ordinal 100
2025-01-29 18:37:42,056 INFO c.h.h.t.HelmChartContainer - [hivemq-test-hivemq-platform] [hivemq-platform-operator] [d3bb76c6] 18:37:42.054 [main] DEBUG io.smallrye.config - SRCFG01006: Loaded ConfigSource DefaultValuesConfigSource with ordinal -2147483648
2025-01-29 18:37:42,166 INFO c.h.h.t.HelmChartContainer - [hivemq-test-hivemq-platform] [hivemq-platform-operator] [d3bb76c6] 18:37:42.164 [main] DEBUG i.m.c.u.i.l.InternalLoggerFactory - Using SLF4J as the default logging framework
2025-01-29 18:37:42,348 INFO c.h.h.t.HelmChartContainer - [hivemq-test-hivemq-platform] [hivemq-platform-operator] [d3bb76c6] 18:37:42.259 [main] INFO  c.h.p.o.HiveMQPlatformOperatorApplication - HiveMQ Platform Operator 1.7.0-SNAPSHOT (commit: b1b9591 on branch: HEAD) built on Wed Jan 29 18:32:18 UTC 2025
2025-01-29 18:37:42,350 INFO c.h.h.t.HelmChartContainer - [hivemq-test-hivemq-platform] [hivemq-platform-operator] [d3bb76c6] 18:37:42.345 [main] INFO  c.h.p.o.HiveMQPlatformOperatorApplication - HiveMQ Platform Operator is running in namespace: helmlegacystatefulsetmigrationit-operator
2025-01-29 18:37:42,350 INFO c.h.h.t.HelmChartContainer - [hivemq-test-hivemq-platform] [hivemq-platform-operator] [d3bb76c6] 18:37:42.346 [main] INFO  c.h.p.o.HiveMQPlatformOperatorApplication - Watching all namespaces
2025-01-29 18:37:42,350 INFO c.h.h.t.HelmChartContainer - [hivemq-test-hivemq-platform] [hivemq-platform-operator] [d3bb76c6] 18:37:42.346 [main] INFO  c.h.p.o.HiveMQPlatformOperatorApplication - Log level: DEBUG
2025-01-29 18:37:42,350 INFO c.h.h.t.HelmChartContainer - [hivemq-test-hivemq-platform] [hivemq-platform-operator] [d3bb76c6] 18:37:42.346 [main] INFO  c.h.p.o.HiveMQPlatformOperatorApplication - Release name: test-hivemq-platform-operator
2025-01-29 18:37:42,350 INFO c.h.h.t.HelmChartContainer - [hivemq-test-hivemq-platform] [hivemq-platform-operator] [d3bb76c6] 18:37:42.346 [main] INFO  c.h.p.o.HiveMQPlatformOperatorApplication - HiveMQ Platform Operator Init image: docker.io/hivemq/hivemq-platform-operator-init-test:snapshot
2025-01-29 18:37:42,350 INFO c.h.h.t.HelmChartContainer - [hivemq-test-hivemq-platform] [hivemq-platform-operator] [d3bb76c6] 18:37:42.346 [main] INFO  c.h.p.o.HiveMQPlatformOperatorApplication - HiveMQ Platform Operator Init App update URL: http://hivemq-platform-operator-test-hivemq-platform-operator.helmlegacystatefulsetmigrationit-operator.svc:8080/initAppUpdate/hivemq-platform-operator-init-app-1.7.0-SNAPSHOT.jar
2025-01-29 18:37:42,350 INFO c.h.h.t.HelmChartContainer - [hivemq-test-hivemq-platform] [hivemq-platform-operator] [d3bb76c6] 18:37:42.346 [main] INFO  c.h.p.o.HiveMQPlatformOperatorApplication - Additional imagePullSecret for all Platform deployments: none
2025-01-29 18:37:42,350 INFO c.h.h.t.HelmChartContainer - [hivemq-test-hivemq-platform] [hivemq-platform-operator] [d3bb76c6] 18:37:42.346 [main] INFO  c.h.p.o.HiveMQPlatformOperatorApplication - Apply HiveMQ Platform CRD: true
2025-01-29 18:37:42,351 INFO c.h.h.t.HelmChartContainer - [hivemq-test-hivemq-platform] [hivemq-platform-operator] [d3bb76c6] 18:37:42.346 [main] INFO  c.h.p.o.HiveMQPlatformOperatorApplication - Create Platform ServiceAccount: true
2025-01-29 18:37:42,351 INFO c.h.h.t.HelmChartContainer - [hivemq-test-hivemq-platform] [hivemq-platform-operator] [d3bb76c6] 18:37:42.346 [main] INFO  c.h.p.o.HiveMQPlatformOperatorApplication - Create Platform ServiceAccount permissions: true
2025-01-29 18:37:42,351 INFO c.h.h.t.HelmChartContainer - [hivemq-test-hivemq-platform] [hivemq-platform-operator] [d3bb76c6] 18:37:42.346 [main] INFO  c.h.p.o.HiveMQPlatformOperatorApplication - Validate Platform ServiceAccount: true
2025-01-29 18:37:42,351 INFO c.h.h.t.HelmChartContainer - [hivemq-test-hivemq-platform] [hivemq-platform-operator] [d3bb76c6] 18:37:42.346 [main] INFO  c.h.p.o.HiveMQPlatformOperatorApplication - Validate Platform ServiceAccount permissions: true
2025-01-29 18:37:42,465 INFO c.h.h.t.HelmChartContainer - [hivemq-test-hivemq-platform] [hivemq-platform-operator] [d3bb76c6] 18:37:42.464 [main] INFO  c.h.platform.operator.util.CRDUtil - Verifying deployed HiveMQ Platform CRD...
2025-01-29 18:37:45,142 INFO c.h.h.t.HelmChartContainer - [hivemq-test-hivemq-platform] [hivemq-platform-operator] [d3bb76c6] 18:37:45.141 [main] DEBUG c.h.platform.operator.util.CRDUtil - HiveMQ Platform CRD version v1 is up to date
2025-01-29 18:37:45,143 INFO c.h.h.t.HelmChartContainer - [hivemq-test-hivemq-platform] [hivemq-platform-operator] [d3bb76c6] 18:37:45.141 [main] INFO  c.h.platform.operator.util.CRDUtil - HiveMQ Platform CRD is up to date (version: V1_6_0)
2025-01-29 18:37:45,143 INFO c.h.h.t.HelmChartContainer - [hivemq-test-hivemq-platform] [hivemq-platform-operator] [d3bb76c6] 18:37:45.141 [main] INFO  c.h.platform.operator.util.CRDUtil - Waiting 10000 ms for HiveMQ Platform CRD 'hivemq-platforms.hivemq.com' to become ready...
2025-01-29 18:37:45,359 INFO c.h.h.t.HelmChartContainer - [hivemq-test-hivemq-platform] [hivemq-platform-operator] [d3bb76c6] 18:37:45.358 [vert.x-eventloop-thread-1] DEBUG c.h.platform.operator.util.CRDUtil - Checking CRD condition 'NamesAccepted' (status: 'True')
2025-01-29 18:37:45,360 INFO c.h.h.t.HelmChartContainer - [hivemq-test-hivemq-platform] [hivemq-platform-operator] [d3bb76c6] 18:37:45.358 [vert.x-eventloop-thread-1] DEBUG c.h.platform.operator.util.CRDUtil - Checking CRD condition 'Established' (status: 'True')
2025-01-29 18:37:45,360 INFO c.h.h.t.HelmChartContainer - [hivemq-test-hivemq-platform] [hivemq-platform-operator] [d3bb76c6] 18:37:45.359 [main] INFO  c.h.platform.operator.util.CRDUtil - HiveMQ Platform CRD 'hivemq-platforms.hivemq.com' is ready
2025-01-29 18:37:45,561 INFO c.h.h.t.HelmChartContainer - [hivemq-test-hivemq-platform] [hivemq-platform-operator] [d3bb76c6] 18:37:45.560 [main] INFO  c.h.p.o.HiveMQPlatformReconciler - HiveMQ Platform Operator is starting...
2025-01-29 18:37:45,743 INFO c.h.h.t.HelmChartContainer - [hivemq-test-hivemq-platform] [hivemq-platform-operator] [d3bb76c6] 18:37:45.742 [main] WARN  Default ConfigurationService implementation - Configuration for reconciler 'hivemq-controller' was not found. Known reconcilers: None.
2025-01-29 18:37:45,750 INFO c.h.h.t.HelmChartContainer - [hivemq-test-hivemq-platform] [hivemq-platform-operator] [d3bb76c6] 18:37:45.749 [main] INFO  Default ConfigurationService implementation - Created configuration for reconciler com.hivemq.platform.operator.HiveMQPlatformReconciler with name hivemq-controller
2025-01-29 18:37:45,851 INFO c.h.h.t.HelmChartContainer - [hivemq-test-hivemq-platform] [hivemq-platform-operator] [d3bb76c6] 18:37:45.850 [main] DEBUG c.h.p.o.HiveMQPlatformReconciler - HiveMQ Platform Operator is preparing EventSources
2025-01-29 18:37:45,863 INFO c.h.h.t.HelmChartContainer - [hivemq-test-hivemq-platform] [hivemq-platform-operator] [d3bb76c6] 18:37:45.861 [main] INFO  i.javaoperatorsdk.operator.Operator - Registered reconciler: 'hivemq-controller' for resource: 'class com.hivemq.platform.operator.v1.HiveMQPlatform' for namespace(s): [all namespaces]
2025-01-29 18:37:46,464 INFO c.h.h.t.HelmChartContainer - [hivemq-test-hivemq-platform] [hivemq-platform-operator] [d3bb76c6] 18:37:46.463 [main] INFO  c.h.p.operator.webserver.JettyServer - Starting Jetty server on port 8080
2025-01-29 18:37:46,560 INFO c.h.h.t.HelmChartContainer - [hivemq-test-hivemq-platform] [hivemq-platform-operator] [d3bb76c6] 18:37:46.558 [main] INFO  i.javaoperatorsdk.operator.Operator - Operator SDK 4.9.7 (commit: 2133d28) built on Wed Nov 20 12:56:20 UTC 2024 starting...
2025-01-29 18:37:46,560 INFO c.h.h.t.HelmChartContainer - [hivemq-test-hivemq-platform] [hivemq-platform-operator] [d3bb76c6] 18:37:46.559 [main] INFO  i.javaoperatorsdk.operator.Operator - Client version: 6.13.5
2025-01-29 18:37:46,561 INFO c.h.h.t.HelmChartContainer - [hivemq-test-hivemq-platform] [hivemq-platform-operator] [d3bb76c6] 18:37:46.560 [Controller Starter for: hivemq-controller] INFO  i.j.operator.processing.Controller - Starting 'hivemq-controller' controller for reconciler: com.hivemq.platform.operator.HiveMQPlatformReconciler, resource: com.hivemq.platform.operator.v1.HiveMQPlatform
2025-01-29 18:37:47,534 INFO c.h.h.t.HelmChartContainer - [POD] metrics-server-8584b5786c-jt5r9 [fee4fa47-4525-41a3-84fd-eb099105b7c4] in kube-system was MODIFIED
2025-01-29 18:37:47,550 INFO c.h.h.t.HelmChartContainer - [K3S] [replica_set.go:679] "Finished syncing" kind="ReplicaSet" key="kube-system/metrics-server-8584b5786c" duration="13.789809ms"
2025-01-29 18:37:47,551 INFO c.h.h.t.HelmChartContainer - [K3S] [replica_set.go:679] "Finished syncing" kind="ReplicaSet" key="kube-system/metrics-server-8584b5786c" duration="27.712µs"
2025-01-29 18:37:48,192 INFO c.h.h.t.HelmChartContainer - [K3S] [range_allocator.go:247] "Successfully synced" key="b7418fb8ab78"
2025-01-29 18:37:49,152 INFO c.h.h.t.HelmChartContainer - [hivemq-test-hivemq-platform] [hivemq-platform-operator] [d3bb76c6] 18:37:49.151 [Controller Starter for: hivemq-controller] INFO  i.j.operator.processing.Controller - 'hivemq-controller' controller started
2025-01-29 18:37:49,153 INFO c.h.h.t.HelmChartContainer - [hivemq-test-hivemq-platform] [hivemq-platform-operator] [d3bb76c6] 18:37:49.151 [main] INFO  c.h.p.o.HiveMQPlatformOperatorApplication - HiveMQ Platform Operator 1.7.0-SNAPSHOT started in 6892 ms
2025-01-29 18:37:50,557 INFO c.h.h.t.HelmChartContainer - [POD] hivemq-test-hivemq-platform-operator-6966f96d65-lf2vc [d3bb76c6-6896-4e1a-b920-d56de4b27f60] in helmlegacystatefulsetmigrationit-operator was MODIFIED
2025-01-29 18:37:50,562 INFO c.h.h.t.HelmChartContainer - [K3S] [replica_set.go:679] "Finished syncing" kind="ReplicaSet" key="helmlegacystatefulsetmigrationit-operator/hivemq-test-hivemq-platform-operator-6966f96d65" duration="6.759093ms"
2025-01-29 18:37:50,562 INFO c.h.h.t.HelmChartContainer - [K3S] [replica_set.go:679] "Finished syncing" kind="ReplicaSet" key="helmlegacystatefulsetmigrationit-operator/hivemq-test-hivemq-platform-operator-6966f96d65" duration="39.744µs"
2025-01-29 18:37:54,352 DEBUG c.h.h.t.HelmChartContainer - Executing helm command: /bin/helm --kubeconfig /etc/rancher/k3s/k3s.yaml install test-hivemq-legacy-platform /charts/hivemq-operator --wait --timeout 5m0s -f /files/migration-legacy-stateful-set-values.yaml --namespace helmlegacystatefulsetmigrationit-operator
2025-01-29 18:37:57,018 INFO c.h.h.t.HelmChartContainer - [K3S] [alloc.go:330] "allocated clusterIPs" service="helmlegacystatefulsetmigrationit-operator/test-hivemq-legacy-platform-hivemq-operator-operator" clusterIPs={"IPv4":"10.43.218.101"}
2025-01-29 18:37:57,034 INFO c.h.h.t.HelmChartContainer - [POD] test-hivemq-legacy-platform-hivemq-operator-operator-56c5brgnbg [eb2f9efe-3946-4a13-9e19-e92d91b2932f] in helmlegacystatefulsetmigrationit-operator was ADDED
2025-01-29 18:37:57,036 INFO c.h.h.t.HelmChartContainer - [EVENT] Normal [ScalingReplicaSet] Scaled up replica set test-hivemq-legacy-platform-hivemq-operator-operator-56c5b9f7b7 from 0 to 1 [helmlegacystatefulsetmigrationit-operator:test-hivemq-legacy-platform-hivemq-operator-operator]
2025-01-29 18:37:57,038 INFO c.h.h.t.HelmChartContainer - [EVENT] Normal [SuccessfulCreate] Created pod: test-hivemq-legacy-platform-hivemq-operator-operator-56c5brgnbg [helmlegacystatefulsetmigrationit-operator:test-hivemq-legacy-platform-hivemq-operator-operator-56c5b9f7b7]
2025-01-29 18:37:57,039 INFO c.h.h.t.HelmChartContainer - [K3S] [replica_set.go:679] "Finished syncing" kind="ReplicaSet" key="helmlegacystatefulsetmigrationit-operator/test-hivemq-legacy-platform-hivemq-operator-operator-56c5b9f7b7" duration="12.240468ms"
2025-01-29 18:37:57,044 INFO c.h.h.t.HelmChartContainer - [POD] test-hivemq-legacy-platform-hivemq-operator-operator-56c5brgnbg [eb2f9efe-3946-4a13-9e19-e92d91b2932f] in helmlegacystatefulsetmigrationit-operator was MODIFIED
2025-01-29 18:37:57,053 INFO c.h.h.t.HelmChartContainer - [EVENT] Normal [Scheduled] Successfully assigned helmlegacystatefulsetmigrationit-operator/test-hivemq-legacy-platform-hivemq-operator-operator-56c5brgnbg to b7418fb8ab78 [helmlegacystatefulsetmigrationit-operator:test-hivemq-legacy-platform-hivemq-operator-operator-56c5brgnbg]
2025-01-29 18:37:57,064 INFO c.h.h.t.HelmChartContainer - [K3S] [replica_set.go:679] "Finished syncing" kind="ReplicaSet" key="helmlegacystatefulsetmigrationit-operator/test-hivemq-legacy-platform-hivemq-operator-operator-56c5b9f7b7" duration="21.315522ms"
2025-01-29 18:37:57,074 INFO c.h.h.t.HelmChartContainer - [POD] test-hivemq-legacy-platform-hivemq-operator-operator-56c5brgnbg [eb2f9efe-3946-4a13-9e19-e92d91b2932f] in helmlegacystatefulsetmigrationit-operator was MODIFIED
2025-01-29 18:37:57,086 INFO c.h.h.t.HelmChartContainer - [K3S] [replica_set.go:679] "Finished syncing" kind="ReplicaSet" key="helmlegacystatefulsetmigrationit-operator/test-hivemq-legacy-platform-hivemq-operator-operator-56c5b9f7b7" duration="24.591215ms"
2025-01-29 18:37:57,088 INFO c.h.h.t.HelmChartContainer - [K3S] [replica_set.go:679] "Finished syncing" kind="ReplicaSet" key="helmlegacystatefulsetmigrationit-operator/test-hivemq-legacy-platform-hivemq-operator-operator-56c5b9f7b7" duration="30.487µs"
2025-01-29 18:37:57,102 INFO c.h.h.t.HelmChartContainer - [K3S] [reconciler_common.go:251] "operationExecutor.VerifyControllerAttachedVolume started for volume \"templates\" (UniqueName: \"kubernetes.io/configmap/eb2f9efe-3946-4a13-9e19-e92d91b2932f-templates\") pod \"test-hivemq-legacy-platform-hivemq-operator-operator-56c5brgnbg\" (UID: \"eb2f9efe-3946-4a13-9e19-e92d91b2932f\") " pod="helmlegacystatefulsetmigrationit-operator/test-hivemq-legacy-platform-hivemq-operator-operator-56c5brgnbg"
2025-01-29 18:37:57,102 INFO c.h.h.t.HelmChartContainer - [K3S] [reconciler_common.go:251] "operationExecutor.VerifyControllerAttachedVolume started for volume \"kube-api-access-48rcj\" (UniqueName: \"kubernetes.io/projected/eb2f9efe-3946-4a13-9e19-e92d91b2932f-kube-api-access-48rcj\") pod \"test-hivemq-legacy-platform-hivemq-operator-operator-56c5brgnbg\" (UID: \"eb2f9efe-3946-4a13-9e19-e92d91b2932f\") " pod="helmlegacystatefulsetmigrationit-operator/test-hivemq-legacy-platform-hivemq-operator-operator-56c5brgnbg"
2025-01-29 18:37:57,433 INFO c.h.h.t.HelmChartContainer - [EVENT] Normal [Pulling] Pulling image "hivemq/hivemq-operator:4.7.10" [helmlegacystatefulsetmigrationit-operator:test-hivemq-legacy-platform-hivemq-operator-operator-56c5brgnbg]
2025-01-29 18:37:57,433 INFO c.h.h.t.HelmChartContainer - Received Pulling event for container operator in pod test-hivemq-legacy-platform-hivemq-operator-operator-56c5brgnbg [eb2f9efe-3946-4a13-9e19-e92d91b2932f]
2025-01-29 18:38:01,609 INFO c.h.h.t.HelmChartContainer - [EVENT] Normal [Pulled] Successfully pulled image "hivemq/hivemq-operator:4.7.10" in 4.174s (4.174s including waiting). Image size: 133174259 bytes. [helmlegacystatefulsetmigrationit-operator:test-hivemq-legacy-platform-hivemq-operator-operator-56c5brgnbg]
2025-01-29 18:38:01,609 INFO c.h.h.t.HelmChartContainer - Received Pulled event for container operator in pod test-hivemq-legacy-platform-hivemq-operator-operator-56c5brgnbg [eb2f9efe-3946-4a13-9e19-e92d91b2932f]
2025-01-29 18:38:01,631 INFO c.h.h.t.HelmChartContainer - [EVENT] Normal [Created] Created container: operator [helmlegacystatefulsetmigrationit-operator:test-hivemq-legacy-platform-hivemq-operator-operator-56c5brgnbg]
2025-01-29 18:38:01,632 INFO c.h.h.t.HelmChartContainer - Received Created event for container operator in pod test-hivemq-legacy-platform-hivemq-operator-operator-56c5brgnbg [eb2f9efe-3946-4a13-9e19-e92d91b2932f]
2025-01-29 18:38:02,599 INFO c.h.h.t.HelmChartContainer - [POD] test-hivemq-legacy-platform-hivemq-operator-operator-56c5brgnbg [eb2f9efe-3946-4a13-9e19-e92d91b2932f] in helmlegacystatefulsetmigrationit-operator was MODIFIED
2025-01-29 18:38:02,615 INFO c.h.h.t.HelmChartContainer - [K3S] [replica_set.go:679] "Finished syncing" kind="ReplicaSet" key="helmlegacystatefulsetmigrationit-operator/test-hivemq-legacy-platform-hivemq-operator-operator-56c5b9f7b7" duration="18.391607ms"
2025-01-29 18:38:02,616 INFO c.h.h.t.HelmChartContainer - [EVENT] Normal [Started] Started container operator [helmlegacystatefulsetmigrationit-operator:test-hivemq-legacy-platform-hivemq-operator-operator-56c5brgnbg]
2025-01-29 18:38:02,617 INFO c.h.h.t.HelmChartContainer - Received Started event for container operator in pod test-hivemq-legacy-platform-hivemq-operator-operator-56c5brgnbg [eb2f9efe-3946-4a13-9e19-e92d91b2932f]
2025-01-29 18:38:02,617 INFO c.h.h.t.HelmChartContainer - Started log watcher for operator in pod test-hivemq-legacy-platform-hivemq-operator-operator-56c5brgnbg [eb2f9efe-3946-4a13-9e19-e92d91b2932f]
2025-01-29 18:38:02,620 INFO c.h.h.t.HelmChartContainer - [K3S] [replica_set.go:679] "Finished syncing" kind="ReplicaSet" key="helmlegacystatefulsetmigrationit-operator/test-hivemq-legacy-platform-hivemq-operator-operator-56c5b9f7b7" duration="27.582µs"
2025-01-29 18:38:02,624 INFO c.h.h.t.HelmChartContainer - [test-hivemq-legacy-platform] [operator] [eb2f9efe] Picked up JAVA_TOOL_OPTIONS: -XX:+UnlockExperimentalVMOptions -XX:InitialRAMPercentage=75 -XX:MaxRAMPercentage=75
2025-01-29 18:38:03,092 INFO c.h.h.t.HelmChartContainer - [test-hivemq-legacy-platform] [operator] [eb2f9efe]  __  __ _                                  _   
2025-01-29 18:38:03,094 INFO c.h.h.t.HelmChartContainer - [test-hivemq-legacy-platform] [operator] [eb2f9efe] |  \/  (_) ___ _ __ ___  _ __   __ _ _   _| |_ 
2025-01-29 18:38:03,094 INFO c.h.h.t.HelmChartContainer - [test-hivemq-legacy-platform] [operator] [eb2f9efe] | |\/| | |/ __| '__/ _ \| '_ \ / _` | | | | __|
2025-01-29 18:38:03,094 INFO c.h.h.t.HelmChartContainer - [test-hivemq-legacy-platform] [operator] [eb2f9efe] | |  | | | (__| | | (_) | | | | (_| | |_| | |_ 
2025-01-29 18:38:03,094 INFO c.h.h.t.HelmChartContainer - [test-hivemq-legacy-platform] [operator] [eb2f9efe] |_|  |_|_|\___|_|  \___/|_| |_|\__,_|\__,_|\__|
2025-01-29 18:38:03,096 INFO c.h.h.t.HelmChartContainer - [test-hivemq-legacy-platform] [operator] [eb2f9efe]   Micronaut (v3.5.2)
2025-01-29 18:38:03,096 INFO c.h.h.t.HelmChartContainer - [test-hivemq-legacy-platform] [operator] [eb2f9efe] 
2025-01-29 18:38:03,165 INFO com.hivemq.helmcharts.util.K8sUtil - Pod 'test-hivemq-legacy-platform-hivemq-operator-operator-56c5brgnbg' is ready
2025-01-29 18:38:05,291 INFO c.h.h.t.HelmChartContainer - [test-hivemq-legacy-platform] [operator] [eb2f9efe] ?[36m18:38:05.287?[0;39m ?[1;30m[main]?[0;39m ?[34mINFO ?[0;39m ?[35mio.micronaut.runtime.Micronaut?[0;39m - Startup completed in 2206ms. Server Running: http://test-hivemq-legacy-platform-hivemq-operator-operator-56c5brgnbg:8443
2025-01-29 18:38:06,307 INFO c.h.h.t.HelmChartContainer - [test-hivemq-legacy-platform] [operator] [eb2f9efe] ?[36m18:38:06.305?[0;39m ?[1;30m[main]?[0;39m ?[34mINFO ?[0;39m ?[35mcom.hivemq.Operator?[0;39m - Initializing HiveMQ operator
2025-01-29 18:38:07,389 INFO c.h.h.t.HelmChartContainer - [test-hivemq-legacy-platform] [operator] [eb2f9efe] ?[36m18:38:07.387?[0;39m ?[1;30m[main]?[0;39m ?[34mINFO ?[0;39m ?[35mcom.hivemq.Operator?[0;39m - Operating from namespace 'helmlegacystatefulsetmigrationit-operator'
2025-01-29 18:38:07,501 INFO c.h.h.t.HelmChartContainer - [test-hivemq-legacy-platform] [operator] [eb2f9efe] ?[36m18:38:07.500?[0;39m ?[1;30m[pool-3-thread-1]?[0;39m ?[34mINFO ?[0;39m ?[35mcom.hivemq.AbstractWatcher?[0;39m - CustomResource watcher running for kinds HiveMQCluster
2025-01-29 18:38:08,039 INFO c.h.h.t.HelmChartContainer - [test-hivemq-legacy-platform] [operator] [eb2f9efe] ?[36m18:38:08.037?[0;39m ?[1;30m[main]?[0;39m ?[34mINFO ?[0;39m ?[35mcom.hivemq.Operator?[0;39m - Operator started in 1732ms
2025-01-29 18:38:08,394 INFO c.h.h.t.HelmChartContainer - [test-hivemq-legacy-platform] [operator] [eb2f9efe] ?[36m18:38:08.392?[0;39m ?[1;30m[pool-3-thread-2]?[0;39m ?[34mINFO ?[0;39m ?[35mcom.hivemq.Operator?[0;39m - Syncing state for cluster 'test-hivemq-legacy-platform' in namespace 'helmlegacystatefulsetmigrationit-operator'
2025-01-29 18:38:08,713 INFO c.h.h.t.HelmChartContainer - [K3S] [alloc.go:330] "allocated clusterIPs" service="helmlegacystatefulsetmigrationit-operator/hivemq-test-hivemq-legacy-platform-cc" clusterIPs={"IPv4":"10.43.130.157"}
2025-01-29 18:38:08,795 INFO c.h.h.t.HelmChartContainer - [K3S] [alloc.go:330] "allocated clusterIPs" service="helmlegacystatefulsetmigrationit-operator/hivemq-test-hivemq-legacy-platform-metrics" clusterIPs={"IPv4":"10.43.137.170"}
2025-01-29 18:38:08,804 INFO c.h.h.t.HelmChartContainer - [K3S] [alloc.go:330] "allocated clusterIPs" service="helmlegacystatefulsetmigrationit-operator/hivemq-test-hivemq-legacy-platform-mqtt" clusterIPs={"IPv4":"10.43.148.134"}
2025-01-29 18:38:08,807 INFO c.h.h.t.HelmChartContainer - [K3S] [alloc.go:330] "allocated clusterIPs" service="helmlegacystatefulsetmigrationit-operator/hivemq-test-hivemq-legacy-platform-api" clusterIPs={"IPv4":"10.43.90.73"}
2025-01-29 18:38:09,105 DEBUG com.hivemq.helmcharts.util.K8sUtil - Comparing actual state 'Pending' and waiting for 'Running'
2025-01-29 18:38:10,152 DEBUG com.hivemq.helmcharts.util.K8sUtil - Comparing actual state 'Pending' and waiting for 'Running'
2025-01-29 18:38:10,394 INFO c.h.h.t.HelmChartContainer - [test-hivemq-legacy-platform] [operator] [eb2f9efe] ?[36m18:38:10.389?[0;39m ?[1;30m[pool-3-thread-9]?[0;39m ?[34mINFO ?[0;39m ?[35mcom.hivemq.Operator?[0;39m - Syncing state for cluster 'test-hivemq-legacy-platform' in namespace 'helmlegacystatefulsetmigrationit-operator'
2025-01-29 18:38:10,720 INFO c.h.h.t.HelmChartContainer - [EVENT] Normal [SuccessfulCreate] create Claim data-test-hivemq-legacy-platform-0 Pod test-hivemq-legacy-platform-0 in StatefulSet test-hivemq-legacy-platform success [helmlegacystatefulsetmigrationit-operator:test-hivemq-legacy-platform]
2025-01-29 18:38:10,730 INFO c.h.h.t.HelmChartContainer - [EVENT] Normal [WaitForFirstConsumer] waiting for first consumer to be created before binding [helmlegacystatefulsetmigrationit-operator:data-test-hivemq-legacy-platform-0]
2025-01-29 18:38:10,733 INFO c.h.h.t.HelmChartContainer - [POD] test-hivemq-legacy-platform-0 [f4805ab6-8fc1-4628-bc88-ffd714109d7f] in helmlegacystatefulsetmigrationit-operator was ADDED
2025-01-29 18:38:10,733 INFO c.h.h.t.HelmChartContainer - [EVENT] Normal [SuccessfulCreate] create Pod test-hivemq-legacy-platform-0 in StatefulSet test-hivemq-legacy-platform successful [helmlegacystatefulsetmigrationit-operator:test-hivemq-legacy-platform]
2025-01-29 18:38:10,752 INFO c.h.h.t.HelmChartContainer - [EVENT] Normal [ExternalProvisioning] Waiting for a volume to be created either by the external provisioner 'rancher.io/local-path' or manually by the system administrator. If volume creation is delayed, please verify that the provisioner is running and correctly registered. [helmlegacystatefulsetmigrationit-operator:data-test-hivemq-legacy-platform-0]
2025-01-29 18:38:10,758 INFO c.h.h.t.HelmChartContainer - [EVENT] Normal [Provisioning] External provisioner is provisioning volume for claim "helmlegacystatefulsetmigrationit-operator/data-test-hivemq-legacy-platform-0" [helmlegacystatefulsetmigrationit-operator:data-test-hivemq-legacy-platform-0]
2025-01-29 18:38:10,823 INFO c.h.h.t.HelmChartContainer - [POD] helper-pod-create-pvc-406d3ea1-0a15-485f-bb4b-4ee52a9ecc99 [3b23ec9a-dc48-4614-9bee-c597dcd9f03a] in kube-system was ADDED
2025-01-29 18:38:10,835 INFO c.h.h.t.HelmChartContainer - [POD] helper-pod-create-pvc-406d3ea1-0a15-485f-bb4b-4ee52a9ecc99 [3b23ec9a-dc48-4614-9bee-c597dcd9f03a] in kube-system was MODIFIED
2025-01-29 18:38:10,885 INFO c.h.h.t.HelmChartContainer - [K3S] [reconciler_common.go:251] "operationExecutor.VerifyControllerAttachedVolume started for volume \"script\" (UniqueName: \"kubernetes.io/configmap/3b23ec9a-dc48-4614-9bee-c597dcd9f03a-script\") pod \"helper-pod-create-pvc-406d3ea1-0a15-485f-bb4b-4ee52a9ecc99\" (UID: \"3b23ec9a-dc48-4614-9bee-c597dcd9f03a\") " pod="kube-system/helper-pod-create-pvc-406d3ea1-0a15-485f-bb4b-4ee52a9ecc99"
2025-01-29 18:38:10,885 INFO c.h.h.t.HelmChartContainer - [K3S] [reconciler_common.go:251] "operationExecutor.VerifyControllerAttachedVolume started for volume \"kube-api-access-2nlrs\" (UniqueName: \"kubernetes.io/projected/3b23ec9a-dc48-4614-9bee-c597dcd9f03a-kube-api-access-2nlrs\") pod \"helper-pod-create-pvc-406d3ea1-0a15-485f-bb4b-4ee52a9ecc99\" (UID: \"3b23ec9a-dc48-4614-9bee-c597dcd9f03a\") " pod="kube-system/helper-pod-create-pvc-406d3ea1-0a15-485f-bb4b-4ee52a9ecc99"
2025-01-29 18:38:10,885 INFO c.h.h.t.HelmChartContainer - [K3S] [reconciler_common.go:251] "operationExecutor.VerifyControllerAttachedVolume started for volume \"data\" (UniqueName: \"kubernetes.io/host-path/3b23ec9a-dc48-4614-9bee-c597dcd9f03a-data\") pod \"helper-pod-create-pvc-406d3ea1-0a15-485f-bb4b-4ee52a9ecc99\" (UID: \"3b23ec9a-dc48-4614-9bee-c597dcd9f03a\") " pod="kube-system/helper-pod-create-pvc-406d3ea1-0a15-485f-bb4b-4ee52a9ecc99"
2025-01-29 18:38:11,224 DEBUG com.hivemq.helmcharts.util.K8sUtil - Comparing actual state 'Pending' and waiting for 'Running'
2025-01-29 18:38:11,820 DEBUG com.hivemq.helmcharts.util.K8sUtil - Comparing actual state 'Updating' and waiting for 'Running'
2025-01-29 18:38:13,615 INFO c.h.h.t.HelmChartContainer - [POD] helper-pod-create-pvc-406d3ea1-0a15-485f-bb4b-4ee52a9ecc99 [3b23ec9a-dc48-4614-9bee-c597dcd9f03a] in kube-system was MODIFIED
2025-01-29 18:38:14,677 INFO c.h.h.t.HelmChartContainer - [POD] helper-pod-create-pvc-406d3ea1-0a15-485f-bb4b-4ee52a9ecc99 [3b23ec9a-dc48-4614-9bee-c597dcd9f03a] in kube-system was MODIFIED
2025-01-29 18:38:14,713 INFO c.h.h.t.HelmChartContainer - [K3S] [reconciler_common.go:162] "operationExecutor.UnmountVolume started for volume \"script\" (UniqueName: \"kubernetes.io/configmap/3b23ec9a-dc48-4614-9bee-c597dcd9f03a-script\") pod \"3b23ec9a-dc48-4614-9bee-c597dcd9f03a\" (UID: \"3b23ec9a-dc48-4614-9bee-c597dcd9f03a\") "
2025-01-29 18:38:14,713 INFO c.h.h.t.HelmChartContainer - [K3S] [reconciler_common.go:162] "operationExecutor.UnmountVolume started for volume \"kube-api-access-2nlrs\" (UniqueName: \"kubernetes.io/projected/3b23ec9a-dc48-4614-9bee-c597dcd9f03a-kube-api-access-2nlrs\") pod \"3b23ec9a-dc48-4614-9bee-c597dcd9f03a\" (UID: \"3b23ec9a-dc48-4614-9bee-c597dcd9f03a\") "
2025-01-29 18:38:14,713 INFO c.h.h.t.HelmChartContainer - [K3S] [reconciler_common.go:162] "operationExecutor.UnmountVolume started for volume \"data\" (UniqueName: \"kubernetes.io/host-path/3b23ec9a-dc48-4614-9bee-c597dcd9f03a-data\") pod \"3b23ec9a-dc48-4614-9bee-c597dcd9f03a\" (UID: \"3b23ec9a-dc48-4614-9bee-c597dcd9f03a\") "
2025-01-29 18:38:14,813 INFO c.h.h.t.HelmChartContainer - [K3S] [reconciler_common.go:299] "Volume detached for volume \"data\" (UniqueName: \"kubernetes.io/host-path/3b23ec9a-dc48-4614-9bee-c597dcd9f03a-data\") on node \"b7418fb8ab78\" DevicePath \"\""
2025-01-29 18:38:14,814 INFO c.h.h.t.HelmChartContainer - [K3S] [reconciler_common.go:299] "Volume detached for volume \"script\" (UniqueName: \"kubernetes.io/configmap/3b23ec9a-dc48-4614-9bee-c597dcd9f03a-script\") on node \"b7418fb8ab78\" DevicePath \"\""
2025-01-29 18:38:14,814 INFO c.h.h.t.HelmChartContainer - [K3S] [reconciler_common.go:299] "Volume detached for volume \"kube-api-access-2nlrs\" (UniqueName: \"kubernetes.io/projected/3b23ec9a-dc48-4614-9bee-c597dcd9f03a-kube-api-access-2nlrs\") on node \"b7418fb8ab78\" DevicePath \"\""
2025-01-29 18:38:14,848 INFO c.h.h.t.HelmChartContainer - [POD] helper-pod-create-pvc-406d3ea1-0a15-485f-bb4b-4ee52a9ecc99 [3b23ec9a-dc48-4614-9bee-c597dcd9f03a] in kube-system was MODIFIED
2025-01-29 18:38:14,856 INFO c.h.h.t.HelmChartContainer - [POD] helper-pod-create-pvc-406d3ea1-0a15-485f-bb4b-4ee52a9ecc99 [3b23ec9a-dc48-4614-9bee-c597dcd9f03a] in kube-system was DELETED
2025-01-29 18:38:14,878 INFO c.h.h.t.HelmChartContainer - [EVENT] Normal [ProvisioningSucceeded] Successfully provisioned volume pvc-406d3ea1-0a15-485f-bb4b-4ee52a9ecc99 [helmlegacystatefulsetmigrationit-operator:data-test-hivemq-legacy-platform-0]
2025-01-29 18:38:15,467 INFO c.h.h.t.HelmChartContainer - [K3S] [kubelet_volumes.go:163] "Cleaned up orphaned pod volumes dir" podUID="3b23ec9a-dc48-4614-9bee-c597dcd9f03a" path="/var/lib/kubelet/pods/3b23ec9a-dc48-4614-9bee-c597dcd9f03a/volumes"
2025-01-29 18:38:15,609 INFO c.h.h.t.HelmChartContainer - [K3S] [scope.go:117] "RemoveContainer" containerID="bce7879d893818c38b043f57a2b8f643d5b62faf79e621b821c93a9603acbd8b"
2025-01-29 18:38:15,738 INFO c.h.h.t.HelmChartContainer - [K3S] [memory_manager.go:355] "RemoveStaleState removing state" podUID="3b23ec9a-dc48-4614-9bee-c597dcd9f03a" containerName="helper-pod"
2025-01-29 18:38:15,745 INFO c.h.h.t.HelmChartContainer - [EVENT] Normal [Scheduled] Successfully assigned helmlegacystatefulsetmigrationit-operator/test-hivemq-legacy-platform-0 to b7418fb8ab78 [helmlegacystatefulsetmigrationit-operator:test-hivemq-legacy-platform-0]
2025-01-29 18:38:15,750 INFO c.h.h.t.HelmChartContainer - [POD] test-hivemq-legacy-platform-0 [f4805ab6-8fc1-4628-bc88-ffd714109d7f] in helmlegacystatefulsetmigrationit-operator was MODIFIED
2025-01-29 18:38:15,765 INFO c.h.h.t.HelmChartContainer - [POD] test-hivemq-legacy-platform-0 [f4805ab6-8fc1-4628-bc88-ffd714109d7f] in helmlegacystatefulsetmigrationit-operator was MODIFIED
2025-01-29 18:38:15,823 INFO c.h.h.t.HelmChartContainer - [K3S] [reconciler_common.go:251] "operationExecutor.VerifyControllerAttachedVolume started for volume \"pvc-406d3ea1-0a15-485f-bb4b-4ee52a9ecc99\" (UniqueName: \"kubernetes.io/local-volume/pvc-406d3ea1-0a15-485f-bb4b-4ee52a9ecc99\") pod \"test-hivemq-legacy-platform-0\" (UID: \"f4805ab6-8fc1-4628-bc88-ffd714109d7f\") " pod="helmlegacystatefulsetmigrationit-operator/test-hivemq-legacy-platform-0"
2025-01-29 18:38:15,824 INFO c.h.h.t.HelmChartContainer - [K3S] [reconciler_common.go:251] "operationExecutor.VerifyControllerAttachedVolume started for volume \"backup\" (UniqueName: \"kubernetes.io/empty-dir/f4805ab6-8fc1-4628-bc88-ffd714109d7f-backup\") pod \"test-hivemq-legacy-platform-0\" (UID: \"f4805ab6-8fc1-4628-bc88-ffd714109d7f\") " pod="helmlegacystatefulsetmigrationit-operator/test-hivemq-legacy-platform-0"
2025-01-29 18:38:15,824 INFO c.h.h.t.HelmChartContainer - [K3S] [reconciler_common.go:251] "operationExecutor.VerifyControllerAttachedVolume started for volume \"log\" (UniqueName: \"kubernetes.io/empty-dir/f4805ab6-8fc1-4628-bc88-ffd714109d7f-log\") pod \"test-hivemq-legacy-platform-0\" (UID: \"f4805ab6-8fc1-4628-bc88-ffd714109d7f\") " pod="helmlegacystatefulsetmigrationit-operator/test-hivemq-legacy-platform-0"
2025-01-29 18:38:15,824 INFO c.h.h.t.HelmChartContainer - [K3S] [reconciler_common.go:251] "operationExecutor.VerifyControllerAttachedVolume started for volume \"heap-dumps\" (UniqueName: \"kubernetes.io/empty-dir/f4805ab6-8fc1-4628-bc88-ffd714109d7f-heap-dumps\") pod \"test-hivemq-legacy-platform-0\" (UID: \"f4805ab6-8fc1-4628-bc88-ffd714109d7f\") " pod="helmlegacystatefulsetmigrationit-operator/test-hivemq-legacy-platform-0"
2025-01-29 18:38:15,824 INFO c.h.h.t.HelmChartContainer - [K3S] [reconciler_common.go:251] "operationExecutor.VerifyControllerAttachedVolume started for volume \"dns-wait-config\" (UniqueName: \"kubernetes.io/configmap/f4805ab6-8fc1-4628-bc88-ffd714109d7f-dns-wait-config\") pod \"test-hivemq-legacy-platform-0\" (UID: \"f4805ab6-8fc1-4628-bc88-ffd714109d7f\") " pod="helmlegacystatefulsetmigrationit-operator/test-hivemq-legacy-platform-0"
2025-01-29 18:38:15,824 INFO c.h.h.t.HelmChartContainer - [K3S] [reconciler_common.go:251] "operationExecutor.VerifyControllerAttachedVolume started for volume \"shared-data\" (UniqueName: \"kubernetes.io/empty-dir/f4805ab6-8fc1-4628-bc88-ffd714109d7f-shared-data\") pod \"test-hivemq-legacy-platform-0\" (UID: \"f4805ab6-8fc1-4628-bc88-ffd714109d7f\") " pod="helmlegacystatefulsetmigrationit-operator/test-hivemq-legacy-platform-0"
2025-01-29 18:38:15,824 INFO c.h.h.t.HelmChartContainer - [K3S] [reconciler_common.go:251] "operationExecutor.VerifyControllerAttachedVolume started for volume \"conf-override\" (UniqueName: \"kubernetes.io/empty-dir/f4805ab6-8fc1-4628-bc88-ffd714109d7f-conf-override\") pod \"test-hivemq-legacy-platform-0\" (UID: \"f4805ab6-8fc1-4628-bc88-ffd714109d7f\") " pod="helmlegacystatefulsetmigrationit-operator/test-hivemq-legacy-platform-0"
2025-01-29 18:38:15,824 INFO c.h.h.t.HelmChartContainer - [K3S] [reconciler_common.go:251] "operationExecutor.VerifyControllerAttachedVolume started for volume \"audit\" (UniqueName: \"kubernetes.io/empty-dir/f4805ab6-8fc1-4628-bc88-ffd714109d7f-audit\") pod \"test-hivemq-legacy-platform-0\" (UID: \"f4805ab6-8fc1-4628-bc88-ffd714109d7f\") " pod="helmlegacystatefulsetmigrationit-operator/test-hivemq-legacy-platform-0"
2025-01-29 18:38:15,824 INFO c.h.h.t.HelmChartContainer - [K3S] [reconciler_common.go:251] "operationExecutor.VerifyControllerAttachedVolume started for volume \"ese-file-realm\" (UniqueName: \"kubernetes.io/configmap/f4805ab6-8fc1-4628-bc88-ffd714109d7f-ese-file-realm\") pod \"test-hivemq-legacy-platform-0\" (UID: \"f4805ab6-8fc1-4628-bc88-ffd714109d7f\") " pod="helmlegacystatefulsetmigrationit-operator/test-hivemq-legacy-platform-0"
2025-01-29 18:38:15,824 INFO c.h.h.t.HelmChartContainer - [K3S] [reconciler_common.go:251] "operationExecutor.VerifyControllerAttachedVolume started for volume \"kube-api-access-7xx9v\" (UniqueName: \"kubernetes.io/projected/f4805ab6-8fc1-4628-bc88-ffd714109d7f-kube-api-access-7xx9v\") pod \"test-hivemq-legacy-platform-0\" (UID: \"f4805ab6-8fc1-4628-bc88-ffd714109d7f\") " pod="helmlegacystatefulsetmigrationit-operator/test-hivemq-legacy-platform-0"
2025-01-29 18:38:15,824 INFO c.h.h.t.HelmChartContainer - [K3S] [reconciler_common.go:251] "operationExecutor.VerifyControllerAttachedVolume started for volume \"live-info\" (UniqueName: \"kubernetes.io/configmap/f4805ab6-8fc1-4628-bc88-ffd714109d7f-live-info\") pod \"test-hivemq-legacy-platform-0\" (UID: \"f4805ab6-8fc1-4628-bc88-ffd714109d7f\") " pod="helmlegacystatefulsetmigrationit-operator/test-hivemq-legacy-platform-0"
2025-01-29 18:38:15,824 INFO c.h.h.t.HelmChartContainer - [K3S] [reconciler_common.go:251] "operationExecutor.VerifyControllerAttachedVolume started for volume \"ese-configuration\" (UniqueName: \"kubernetes.io/configmap/f4805ab6-8fc1-4628-bc88-ffd714109d7f-ese-configuration\") pod \"test-hivemq-legacy-platform-0\" (UID: \"f4805ab6-8fc1-4628-bc88-ffd714109d7f\") " pod="helmlegacystatefulsetmigrationit-operator/test-hivemq-legacy-platform-0"
2025-01-29 18:38:16,135 INFO c.h.h.t.HelmChartContainer - [EVENT] Normal [Pulling] Pulling image "busybox:latest" [helmlegacystatefulsetmigrationit-operator:test-hivemq-legacy-platform-0]
2025-01-29 18:38:17,844 INFO c.h.h.t.HelmChartContainer - [EVENT] Normal [Pulled] Successfully pulled image "busybox:latest" in 1.708s (1.708s including waiting). Image size: 2167089 bytes. [helmlegacystatefulsetmigrationit-operator:test-hivemq-legacy-platform-0]
2025-01-29 18:38:17,856 INFO c.h.h.t.HelmChartContainer - [EVENT] Normal [Created] Created container: init-shared [helmlegacystatefulsetmigrationit-operator:test-hivemq-legacy-platform-0]
2025-01-29 18:38:17,897 INFO c.h.h.t.HelmChartContainer - [EVENT] Normal [Started] Started container init-shared [helmlegacystatefulsetmigrationit-operator:test-hivemq-legacy-platform-0]
2025-01-29 18:38:18,622 INFO c.h.h.t.HelmChartContainer - [EVENT] Normal [Pulling] Pulling image "hivemq/init-dns-wait:1.0.0" [helmlegacystatefulsetmigrationit-operator:test-hivemq-legacy-platform-0]
2025-01-29 18:38:18,622 INFO c.h.h.t.HelmChartContainer - [K3S] [range_allocator.go:247] "Successfully synced" key="b7418fb8ab78"
2025-01-29 18:38:18,650 INFO c.h.h.t.HelmChartContainer - [POD] test-hivemq-legacy-platform-0 [f4805ab6-8fc1-4628-bc88-ffd714109d7f] in helmlegacystatefulsetmigrationit-operator was MODIFIED
2025-01-29 18:38:20,444 INFO c.h.h.t.HelmChartContainer - [EVENT] Normal [Pulled] Successfully pulled image "hivemq/init-dns-wait:1.0.0" in 1.823s (1.823s including waiting). Image size: 9765054 bytes. [helmlegacystatefulsetmigrationit-operator:test-hivemq-legacy-platform-0]
2025-01-29 18:38:20,450 INFO c.h.h.t.HelmChartContainer - [EVENT] Normal [Created] Created container: dns-wait [helmlegacystatefulsetmigrationit-operator:test-hivemq-legacy-platform-0]
2025-01-29 18:38:20,490 INFO c.h.h.t.HelmChartContainer - [EVENT] Normal [Started] Started container dns-wait [helmlegacystatefulsetmigrationit-operator:test-hivemq-legacy-platform-0]
2025-01-29 18:38:20,637 INFO c.h.h.t.HelmChartContainer - [POD] test-hivemq-legacy-platform-0 [f4805ab6-8fc1-4628-bc88-ffd714109d7f] in helmlegacystatefulsetmigrationit-operator was MODIFIED
2025-01-29 18:38:30,639 INFO c.h.h.t.HelmChartContainer - [EVENT] Normal [Pulling] Pulling image "hivemq/hivemq4:k8s-4.36.0" [helmlegacystatefulsetmigrationit-operator:test-hivemq-legacy-platform-0]
2025-01-29 18:38:30,639 INFO c.h.h.t.HelmChartContainer - Received Pulling event for container hivemq in pod test-hivemq-legacy-platform-0 [f4805ab6-8fc1-4628-bc88-ffd714109d7f]
2025-01-29 18:38:30,652 INFO c.h.h.t.HelmChartContainer - [POD] test-hivemq-legacy-platform-0 [f4805ab6-8fc1-4628-bc88-ffd714109d7f] in helmlegacystatefulsetmigrationit-operator was MODIFIED
2025-01-29 18:38:32,571 INFO c.h.h.t.HelmChartContainer - [EVENT] Normal [Pulled] Successfully pulled image "hivemq/hivemq4:k8s-4.36.0" in 1.931s (1.931s including waiting). Image size: 699327787 bytes. [helmlegacystatefulsetmigrationit-operator:test-hivemq-legacy-platform-0]
2025-01-29 18:38:32,571 INFO c.h.h.t.HelmChartContainer - Received Pulled event for container hivemq in pod test-hivemq-legacy-platform-0 [f4805ab6-8fc1-4628-bc88-ffd714109d7f]
2025-01-29 18:38:32,579 INFO c.h.h.t.HelmChartContainer - [EVENT] Normal [Created] Created container: hivemq [helmlegacystatefulsetmigrationit-operator:test-hivemq-legacy-platform-0]
2025-01-29 18:38:32,579 INFO c.h.h.t.HelmChartContainer - Received Created event for container hivemq in pod test-hivemq-legacy-platform-0 [f4805ab6-8fc1-4628-bc88-ffd714109d7f]
2025-01-29 18:38:32,661 INFO c.h.h.t.HelmChartContainer - [POD] test-hivemq-legacy-platform-0 [f4805ab6-8fc1-4628-bc88-ffd714109d7f] in helmlegacystatefulsetmigrationit-operator was MODIFIED
2025-01-29 18:38:32,674 INFO c.h.h.t.HelmChartContainer - [EVENT] Normal [Started] Started container hivemq [helmlegacystatefulsetmigrationit-operator:test-hivemq-legacy-platform-0]
2025-01-29 18:38:32,674 INFO c.h.h.t.HelmChartContainer - Started log watcher for hivemq in pod test-hivemq-legacy-platform-0 [f4805ab6-8fc1-4628-bc88-ffd714109d7f]
2025-01-29 18:38:32,674 INFO c.h.h.t.HelmChartContainer - Received Started event for container hivemq in pod test-hivemq-legacy-platform-0 [f4805ab6-8fc1-4628-bc88-ffd714109d7f]
2025-01-29 18:38:32,674 INFO c.h.h.t.HelmChartContainer - [test-hivemq-legacy-platform] [hivemq] [f4805ab6] Copying external files
2025-01-29 18:38:32,675 INFO c.h.h.t.HelmChartContainer - [test-hivemq-legacy-platform] [hivemq] [f4805ab6] '/conf-override/extensions/hivemq-enterprise-security-extension/..data' -> '/opt/hivemq/extensions/hivemq-enterprise-security-extension/..data'
2025-01-29 18:38:32,675 INFO c.h.h.t.HelmChartContainer - [test-hivemq-legacy-platform] [hivemq] [f4805ab6] '/conf-override/extensions/hivemq-enterprise-security-extension/enterprise-security-extension.xml' -> '/opt/hivemq/extensions/hivemq-enterprise-security-extension/enterprise-security-extension.xml'
2025-01-29 18:38:32,675 INFO c.h.h.t.HelmChartContainer - [test-hivemq-legacy-platform] [hivemq] [f4805ab6] '/conf-override/extensions/hivemq-enterprise-security-extension/..2025_01_29_18_38_15.973779084' -> '/opt/hivemq/extensions/hivemq-enterprise-security-extension/..2025_01_29_18_38_15.973779084'
2025-01-29 18:38:32,675 INFO c.h.h.t.HelmChartContainer - [test-hivemq-legacy-platform] [hivemq] [f4805ab6] '/conf-override/extensions/hivemq-enterprise-security-extension/..2025_01_29_18_38_15.973779084/enterprise-security-extension.xml' -> '/opt/hivemq/extensions/hivemq-enterprise-security-extension/..2025_01_29_18_38_15.973779084/enterprise-security-extension.xml'
2025-01-29 18:38:32,675 INFO c.h.h.t.HelmChartContainer - [test-hivemq-legacy-platform] [hivemq] [f4805ab6] Rewriting config.xml...
2025-01-29 18:38:32,675 INFO c.h.h.t.HelmChartContainer - [test-hivemq-legacy-platform] [hivemq] [f4805ab6] Creating initial lastUpdate files...
2025-01-29 18:38:32,675 INFO c.h.h.t.HelmChartContainer - [test-hivemq-legacy-platform] [hivemq] [f4805ab6] '/conf-override/extensions/hivemq-enterprise-security-extension/..2025_01_29_18_38_15.973779084/enterprise-security-extension.xml' -> '/opt/hivemq/extensions/hivemq-enterprise-security-extension/..2025_01_29_18_38_15.973779084/enterprise-security-extension.xml.lastUpdate'
2025-01-29 18:38:32,675 INFO c.h.h.t.HelmChartContainer - [test-hivemq-legacy-platform] [hivemq] [f4805ab6] Pod info:
2025-01-29 18:38:32,675 INFO c.h.h.t.HelmChartContainer - [test-hivemq-legacy-platform] [hivemq] [f4805ab6] extension-names=hivemq-enterprise-security-extension
2025-01-29 18:38:32,675 INFO c.h.h.t.HelmChartContainer - [test-hivemq-legacy-platform] [hivemq] [f4805ab6] extension-uris=preinstalled
2025-01-29 18:38:32,675 INFO c.h.h.t.HelmChartContainer - [test-hivemq-legacy-platform] [hivemq] [f4805ab6] extension-states=true
2025-01-29 18:38:32,675 INFO c.h.h.t.HelmChartContainer - [test-hivemq-legacy-platform] [hivemq] [f4805ab6] extensions-static=false
2025-01-29 18:38:32,675 INFO c.h.h.t.HelmChartContainer - [test-hivemq-legacy-platform] [hivemq] [f4805ab6] Installing extension #0 with name: hivemq-enterprise-security-extension, URI: preinstalled, enabled state: true
2025-01-29 18:38:32,677 INFO c.h.h.t.HelmChartContainer - [test-hivemq-legacy-platform] [hivemq] [f4805ab6] + [[ 3 != 3 ]]
2025-01-29 18:38:32,677 INFO c.h.h.t.HelmChartContainer - [test-hivemq-legacy-platform] [hivemq] [f4805ab6] + EXTENSION_URI=preinstalled
2025-01-29 18:38:32,677 INFO c.h.h.t.HelmChartContainer - [test-hivemq-legacy-platform] [hivemq] [f4805ab6] + EXTENSION_NAME=hivemq-enterprise-security-extension
2025-01-29 18:38:32,677 INFO c.h.h.t.HelmChartContainer - [test-hivemq-legacy-platform] [hivemq] [f4805ab6] + TARGET_STATE=true
2025-01-29 18:38:32,677 INFO c.h.h.t.HelmChartContainer - [test-hivemq-legacy-platform] [hivemq] [f4805ab6] + TARGET_DIR=/opt/hivemq/extensions/hivemq-enterprise-security-extension
2025-01-29 18:38:32,678 INFO c.h.h.t.HelmChartContainer - [test-hivemq-legacy-platform] [hivemq] [f4805ab6] ++ mktemp -d
2025-01-29 18:38:32,679 INFO c.h.h.t.HelmChartContainer - [test-hivemq-legacy-platform] [hivemq] [f4805ab6] + install_dir=/tmp/tmp.0vXQRJLLnf
2025-01-29 18:38:32,679 INFO c.h.h.t.HelmChartContainer - [test-hivemq-legacy-platform] [hivemq] [f4805ab6] + set +e
2025-01-29 18:38:32,679 INFO c.h.h.t.HelmChartContainer - [test-hivemq-legacy-platform] [hivemq] [f4805ab6] + [[ -f /opt/hivemq/extensions/hivemq-enterprise-security-extension/DISABLED ]]
2025-01-29 18:38:32,679 INFO c.h.h.t.HelmChartContainer - [test-hivemq-legacy-platform] [hivemq] [f4805ab6] + was_enabled=0
2025-01-29 18:38:32,679 INFO c.h.h.t.HelmChartContainer - [test-hivemq-legacy-platform] [hivemq] [f4805ab6] + set -e
2025-01-29 18:38:32,679 INFO c.h.h.t.HelmChartContainer - [test-hivemq-legacy-platform] [hivemq] [f4805ab6] + [[ preinstalled != \p\r\e\i\n\s\t\a\l\l\e\d ]]
2025-01-29 18:38:32,679 INFO c.h.h.t.HelmChartContainer - [test-hivemq-legacy-platform] [hivemq] [f4805ab6] + [[ true == \f\a\l\s\e ]]
2025-01-29 18:38:32,679 INFO c.h.h.t.HelmChartContainer - [test-hivemq-legacy-platform] [hivemq] [f4805ab6] + [[ -f /opt/hivemq/extensions/hivemq-enterprise-security-extension/DISABLED ]]
2025-01-29 18:38:32,679 INFO c.h.h.t.HelmChartContainer - [test-hivemq-legacy-platform] [hivemq] [f4805ab6] + rm -f /opt/hivemq/extensions/hivemq-enterprise-security-extension/DISABLED
2025-01-29 18:38:32,681 INFO c.h.h.t.HelmChartContainer - [test-hivemq-legacy-platform] [hivemq] [f4805ab6] + was_enabled=0
2025-01-29 18:38:32,681 INFO c.h.h.t.HelmChartContainer - [test-hivemq-legacy-platform] [hivemq] [f4805ab6] + [[ preinstalled != \p\r\e\i\n\s\t\a\l\l\e\d ]]
2025-01-29 18:38:32,681 INFO c.h.h.t.HelmChartContainer - [test-hivemq-legacy-platform] [hivemq] [f4805ab6] + /opt/hivemq/bin/run_initialization.sh hivemq-enterprise-security-extension
2025-01-29 18:38:32,683 INFO c.h.h.t.HelmChartContainer - [test-hivemq-legacy-platform] [hivemq] [f4805ab6] + EXTENSION_NAME=hivemq-enterprise-security-extension
2025-01-29 18:38:32,683 INFO c.h.h.t.HelmChartContainer - [test-hivemq-legacy-platform] [hivemq] [f4805ab6] + TARGET_DIR=/opt/hivemq/extensions/hivemq-enterprise-security-extension
2025-01-29 18:38:32,684 INFO c.h.h.t.HelmChartContainer - [test-hivemq-legacy-platform] [hivemq] [f4805ab6] + cd /opt/hivemq/extensions/hivemq-enterprise-security-extension
2025-01-29 18:38:32,684 INFO c.h.h.t.HelmChartContainer - [test-hivemq-legacy-platform] [hivemq] [f4805ab6] + [[ -f init_tmp ]]
2025-01-29 18:38:32,684 INFO c.h.h.t.HelmChartContainer - [test-hivemq-legacy-platform] [hivemq] [f4805ab6] + [[ -f /etc/podinfo/init-extension-hivemq-enterprise-security-extension ]]
2025-01-29 18:38:32,690 INFO c.h.h.t.HelmChartContainer - [test-hivemq-legacy-platform] [hivemq] [f4805ab6] /conf-override/extensions/hivemq-enterprise-security-extension/:/opt/hivemq/extensions/hivemq-enterprise-security-extension
2025-01-29 18:38:32,693 INFO c.h.h.t.HelmChartContainer - [test-hivemq-legacy-platform] [hivemq] [f4805ab6] Disabling allow all extension
2025-01-29 18:38:32,694 INFO c.h.h.t.HelmChartContainer - [test-hivemq-legacy-platform] [hivemq] [f4805ab6] Enabling REST API in config.xml...
2025-01-29 18:38:32,702 INFO c.h.h.t.HelmChartContainer - [test-hivemq-legacy-platform] [hivemq] [f4805ab6] -------------------------------------------------------------------------
2025-01-29 18:38:32,702 INFO c.h.h.t.HelmChartContainer - [test-hivemq-legacy-platform] [hivemq] [f4805ab6] 
2025-01-29 18:38:32,702 INFO c.h.h.t.HelmChartContainer - [test-hivemq-legacy-platform] [hivemq] [f4805ab6]                   _    _  _              __  __   ____
2025-01-29 18:38:32,702 INFO c.h.h.t.HelmChartContainer - [test-hivemq-legacy-platform] [hivemq] [f4805ab6]                  | |  | |(_)            |  \/  | / __ \
2025-01-29 18:38:32,702 INFO c.h.h.t.HelmChartContainer - [test-hivemq-legacy-platform] [hivemq] [f4805ab6]                  | |__| | _ __   __ ___ | \  / || |  | |
2025-01-29 18:38:32,702 INFO c.h.h.t.HelmChartContainer - [test-hivemq-legacy-platform] [hivemq] [f4805ab6]                  |  __  || |\ \ / // _ \| |\/| || |  | |
2025-01-29 18:38:32,702 INFO c.h.h.t.HelmChartContainer - [test-hivemq-legacy-platform] [hivemq] [f4805ab6]                  | |  | || | \ V /|  __/| |  | || |__| |
2025-01-29 18:38:32,702 INFO c.h.h.t.HelmChartContainer - [test-hivemq-legacy-platform] [hivemq] [f4805ab6]                  |_|  |_||_|  \_/  \___||_|  |_| \___\_\
2025-01-29 18:38:32,703 INFO c.h.h.t.HelmChartContainer - [test-hivemq-legacy-platform] [hivemq] [f4805ab6] 
2025-01-29 18:38:32,703 INFO c.h.h.t.HelmChartContainer - [test-hivemq-legacy-platform] [hivemq] [f4805ab6] -------------------------------------------------------------------------
2025-01-29 18:38:32,703 INFO c.h.h.t.HelmChartContainer - [test-hivemq-legacy-platform] [hivemq] [f4805ab6] 
2025-01-29 18:38:32,703 INFO c.h.h.t.HelmChartContainer - [test-hivemq-legacy-platform] [hivemq] [f4805ab6]   HiveMQ Start Script for Linux/Unix v1.14
2025-01-29 18:38:32,703 INFO c.h.h.t.HelmChartContainer - [test-hivemq-legacy-platform] [hivemq] [f4805ab6] 
2025-01-29 18:38:32,784 INFO c.h.h.t.HelmChartContainer - [test-hivemq-legacy-platform] [hivemq] [f4805ab6] -------------------------------------------------------------------------
2025-01-29 18:38:32,784 INFO c.h.h.t.HelmChartContainer - [test-hivemq-legacy-platform] [hivemq] [f4805ab6] 
2025-01-29 18:38:32,784 INFO c.h.h.t.HelmChartContainer - [test-hivemq-legacy-platform] [hivemq] [f4805ab6]   HIVEMQ_HOME: /opt/hivemq
2025-01-29 18:38:32,784 INFO c.h.h.t.HelmChartContainer - [test-hivemq-legacy-platform] [hivemq] [f4805ab6] 
2025-01-29 18:38:32,784 INFO c.h.h.t.HelmChartContainer - [test-hivemq-legacy-platform] [hivemq] [f4805ab6]   JAVA_OPTS: -XX:+UnlockExperimentalVMOptions -XX:InitialRAMPercentage=40 -XX:MaxRAMPercentage=50 -XX:MinRAMPercentage=30 -Djava.net.preferIPv4Stack=true --add-opens java.base/java.lang=ALL-UNNAMED --add-opens java.base/java.nio=ALL-UNNAMED --add-opens java.base/sun.nio.ch=ALL-UNNAMED --add-opens jdk.management/com.sun.management.internal=ALL-UNNAMED --add-exports java.base/jdk.internal.misc=ALL-UNNAMED -Djava.security.egd=file:/dev/./urandom -Dcom.sun.management.jmxremote -Dcom.sun.management.jmxremote.port=9010 -Dcom.sun.management.jmxremote.local.only=false -Dcom.sun.management.jmxremote.authenticate=false -Dcom.sun.management.jmxremote.ssl=false -Duser.language=en -Duser.region=US -XX:+CrashOnOutOfMemoryError -XX:+HeapDumpOnOutOfMemoryError
2025-01-29 18:38:32,784 INFO c.h.h.t.HelmChartContainer - [test-hivemq-legacy-platform] [hivemq] [f4805ab6] 
2025-01-29 18:38:32,784 INFO c.h.h.t.HelmChartContainer - [test-hivemq-legacy-platform] [hivemq] [f4805ab6]   JAVA_VERSION: 21
2025-01-29 18:38:32,784 INFO c.h.h.t.HelmChartContainer - [test-hivemq-legacy-platform] [hivemq] [f4805ab6] 
2025-01-29 18:38:32,784 INFO c.h.h.t.HelmChartContainer - [test-hivemq-legacy-platform] [hivemq] [f4805ab6] -------------------------------------------------------------------------
2025-01-29 18:38:32,784 INFO c.h.h.t.HelmChartContainer - [test-hivemq-legacy-platform] [hivemq] [f4805ab6] 
2025-01-29 18:38:35,178 INFO c.h.h.t.HelmChartContainer - [test-hivemq-legacy-platform] [hivemq] [f4805ab6] INFO  - Starting HiveMQ Enterprise Server
2025-01-29 18:38:35,266 INFO c.h.h.t.HelmChartContainer - [test-hivemq-legacy-platform] [hivemq] [f4805ab6] INFO  - HiveMQ version: 4.36.0
2025-01-29 18:38:35,267 INFO c.h.h.t.HelmChartContainer - [test-hivemq-legacy-platform] [hivemq] [f4805ab6] INFO  - HiveMQ home directory: /opt/hivemq
2025-01-29 18:38:35,267 INFO c.h.h.t.HelmChartContainer - [test-hivemq-legacy-platform] [hivemq] [f4805ab6] INFO  - Log Configuration was overridden by /opt/hivemq/conf/logback.xml
2025-01-29 18:38:36,567 INFO c.h.h.t.HelmChartContainer - [test-hivemq-legacy-platform] [hivemq] [f4805ab6] INFO  - Successfully loaded configuration from '/opt/hivemq/conf/config.xml'.
2025-01-29 18:38:36,792 INFO c.h.h.t.HelmChartContainer - [test-hivemq-legacy-platform] [hivemq] [f4805ab6] INFO  - This node's ID is POKoj
2025-01-29 18:38:36,863 INFO c.h.h.t.HelmChartContainer - [test-hivemq-legacy-platform] [hivemq] [f4805ab6] INFO  - Clustering is enabled
2025-01-29 18:38:38,775 INFO c.h.h.t.HelmChartContainer - [EVENT] Warning [Unhealthy] Readiness probe failed: Log statement not present (yet)
 [helmlegacystatefulsetmigrationit-operator:test-hivemq-legacy-platform-0]
2025-01-29 18:38:38,775 INFO c.h.h.t.HelmChartContainer - Received Unhealthy event for container hivemq in pod test-hivemq-legacy-platform-0 [f4805ab6-8fc1-4628-bc88-ffd714109d7f]
2025-01-29 18:38:43,683 INFO c.h.h.t.HelmChartContainer - [EVENT] Warning [Unhealthy] Readiness probe failed: Log statement not present (yet)
 [helmlegacystatefulsetmigrationit-operator:test-hivemq-legacy-platform-0]
2025-01-29 18:38:43,683 INFO c.h.h.t.HelmChartContainer - Received Unhealthy event for container hivemq in pod test-hivemq-legacy-platform-0 [f4805ab6-8fc1-4628-bc88-ffd714109d7f]
2025-01-29 18:38:48,781 INFO c.h.h.t.HelmChartContainer - [EVENT] Warning [Unhealthy] Readiness probe failed: Log statement not present (yet)
 [helmlegacystatefulsetmigrationit-operator:test-hivemq-legacy-platform-0]
2025-01-29 18:38:48,782 INFO c.h.h.t.HelmChartContainer - Received Unhealthy event for container hivemq in pod test-hivemq-legacy-platform-0 [f4805ab6-8fc1-4628-bc88-ffd714109d7f]
2025-01-29 18:38:49,532 INFO c.h.h.t.HelmChartContainer - [K3S] [range_allocator.go:247] "Successfully synced" key="b7418fb8ab78"
2025-01-29 18:38:50,571 INFO c.h.h.t.HelmChartContainer - [test-hivemq-legacy-platform] [hivemq] [f4805ab6] INFO  - No valid license file found. Using trial license, restricted to 25 connections.
2025-01-29 18:38:53,676 INFO c.h.h.t.HelmChartContainer - [test-hivemq-legacy-platform] [hivemq] [f4805ab6] INFO  - No valid license file for Data Hub found. Using free license, restricted to 1 policy.
2025-01-29 18:38:53,775 INFO c.h.h.t.HelmChartContainer - [EVENT] Warning [Unhealthy] Readiness probe failed: Log statement not present (yet)
 [helmlegacystatefulsetmigrationit-operator:test-hivemq-legacy-platform-0]
2025-01-29 18:38:53,776 INFO c.h.h.t.HelmChartContainer - Received Unhealthy event for container hivemq in pod test-hivemq-legacy-platform-0 [f4805ab6-8fc1-4628-bc88-ffd714109d7f]
2025-01-29 18:38:54,885 INFO c.h.h.t.HelmChartContainer - [test-hivemq-legacy-platform] [hivemq] [f4805ab6] INFO  - Audit Logger started.
2025-01-29 18:38:55,190 INFO c.h.h.t.HelmChartContainer - [test-hivemq-legacy-platform] [hivemq] [f4805ab6] INFO  - This node uses '1' CPU cores.
2025-01-29 18:38:55,703 INFO c.h.h.t.HelmChartContainer - [test-hivemq-legacy-platform] [hivemq] [f4805ab6] INFO  - Starting HiveMQ extension system.
2025-01-29 18:38:58,571 INFO c.h.h.t.HelmChartContainer - [test-hivemq-legacy-platform] [hivemq] [f4805ab6] INFO  - No license found for enterprise extension with name "HiveMQ Enterprise Security Extension". Entering extension trial mode. "HiveMQ Enterprise Security Extension" will be disabled in 5 hours.
2025-01-29 18:38:58,777 INFO c.h.h.t.HelmChartContainer - [EVENT] Warning [Unhealthy] Readiness probe failed: Log statement not present (yet)
 [helmlegacystatefulsetmigrationit-operator:test-hivemq-legacy-platform-0]
2025-01-29 18:38:58,777 INFO c.h.h.t.HelmChartContainer - Received Unhealthy event for container hivemq in pod test-hivemq-legacy-platform-0 [f4805ab6-8fc1-4628-bc88-ffd714109d7f]
2025-01-29 18:38:58,866 INFO c.h.h.t.HelmChartContainer - [test-hivemq-legacy-platform] [hivemq] [f4805ab6] INFO  - Starting extension with id "hivemq-dns-cluster-discovery" at /opt/hivemq/extensions/hivemq-dns-cluster-discovery
2025-01-29 18:38:59,278 INFO c.h.h.t.HelmChartContainer - [test-hivemq-legacy-platform] [hivemq] [f4805ab6] INFO  - Extension "DNS Cluster Discovery Extension" version 4.3.3 started successfully.
2025-01-29 18:38:59,278 INFO c.h.h.t.HelmChartContainer - [test-hivemq-legacy-platform] [hivemq] [f4805ab6] INFO  - Starting extension with id "hivemq-enterprise-security-extension" at /opt/hivemq/extensions/hivemq-enterprise-security-extension
2025-01-29 18:38:59,374 INFO c.h.h.t.HelmChartContainer - [test-hivemq-legacy-platform] [hivemq] [f4805ab6] INFO  - Using TCP cluster transport on address 10.42.0.8 and port 7000
2025-01-29 18:38:59,470 INFO c.h.h.t.HelmChartContainer - [test-hivemq-legacy-platform] [hivemq] [f4805ab6] INFO  - Using extension cluster discovery
2025-01-29 18:39:00,672 INFO c.h.h.t.HelmChartContainer - [test-hivemq-legacy-platform] [hivemq] [f4805ab6] WARN  - HiveMQ Enterprise Security Extension: The configuration file is placed at the legacy location '/opt/hivemq/extensions/hivemq-enterprise-security-extension/enterprise-security-extension.xml'. Please move the configuration file to the new location '/opt/hivemq/extensions/hivemq-enterprise-security-extension/conf/config.xml'. Support for the legacy location will be removed in a future release.
2025-01-29 18:39:00,773 INFO c.h.h.t.HelmChartContainer - [test-hivemq-legacy-platform] [hivemq] [f4805ab6] INFO  - HiveMQ Enterprise Security Extension: Successfully loaded configuration from '/opt/hivemq/extensions/hivemq-enterprise-security-extension/enterprise-security-extension.xml'.
2025-01-29 18:39:00,775 INFO c.h.h.t.HelmChartContainer - [test-hivemq-legacy-platform] [hivemq] [f4805ab6] INFO  - HiveMQ Enterprise Security Extension: Starting HiveMQ Enterprise Security Extension.
2025-01-29 18:39:00,972 INFO c.h.h.t.HelmChartContainer - [test-hivemq-legacy-platform] [hivemq] [f4805ab6] INFO  - HiveMQ Enterprise Security Extension: Access log is written to /opt/hivemq/log/access/access.log.
2025-01-29 18:39:01,186 INFO c.h.h.t.HelmChartContainer - [test-hivemq-legacy-platform] [hivemq] [f4805ab6] INFO  - HiveMQ Enterprise Security Extension: Started HiveMQ Enterprise Security Extension successfully in 1820ms.
2025-01-29 18:39:01,187 INFO c.h.h.t.HelmChartContainer - [test-hivemq-legacy-platform] [hivemq] [f4805ab6] INFO  - Extension "HiveMQ Enterprise Security Extension" version 4.36.0 started successfully.
2025-01-29 18:39:01,187 INFO c.h.h.t.HelmChartContainer - [test-hivemq-legacy-platform] [hivemq] [f4805ab6] INFO  - Starting extension with id "hivemq-k8s-sync-extension" at /opt/hivemq/extensions/hivemq-k8s-sync-extension
2025-01-29 18:39:01,571 INFO c.h.h.t.HelmChartContainer - [test-hivemq-legacy-platform] [hivemq] [f4805ab6] INFO  - Started HiveMQ Kubernetes State Synchronization Extension:1.0.3
2025-01-29 18:39:01,571 INFO c.h.h.t.HelmChartContainer - [test-hivemq-legacy-platform] [hivemq] [f4805ab6] INFO  - Extension "HiveMQ Kubernetes State Synchronization Extension" version 1.0.3 started successfully.
2025-01-29 18:39:01,571 INFO c.h.h.t.HelmChartContainer - [test-hivemq-legacy-platform] [hivemq] [f4805ab6] INFO  - Starting extension with id "hivemq-prometheus-extension" at /opt/hivemq/extensions/hivemq-prometheus-extension
2025-01-29 18:39:02,069 INFO c.h.h.t.HelmChartContainer - [test-hivemq-legacy-platform] [hivemq] [f4805ab6] INFO  - Started Jetty Server exposing Prometheus Servlet on URI http://0.0.0.0:9399/
2025-01-29 18:39:02,069 INFO c.h.h.t.HelmChartContainer - [test-hivemq-legacy-platform] [hivemq] [f4805ab6] INFO  - Extension "Prometheus Monitoring Extension" version 4.0.13 started successfully.
2025-01-29 18:39:02,464 INFO c.h.h.t.HelmChartContainer - [test-hivemq-legacy-platform] [hivemq] [f4805ab6] INFO  - POKoj: no members discovered after 2489 ms: creating cluster as first member
2025-01-29 18:39:02,471 INFO c.h.h.t.HelmChartContainer - [test-hivemq-legacy-platform] [hivemq] [f4805ab6] INFO  - Cluster nodes found by discovery: [POKoj|0] (1) [POKoj].
2025-01-29 18:39:02,488 INFO c.h.h.t.HelmChartContainer - [test-hivemq-legacy-platform] [hivemq] [f4805ab6] INFO  - Starting HiveMQ REST API on address 0.0.0.0 and port 8888
2025-01-29 18:39:03,570 INFO c.h.h.t.HelmChartContainer - [test-hivemq-legacy-platform] [hivemq] [f4805ab6] INFO  - Started HiveMQ REST API in 1081ms
2025-01-29 18:39:03,570 INFO c.h.h.t.HelmChartContainer - [test-hivemq-legacy-platform] [hivemq] [f4805ab6] WARN  - No user for HiveMQ Control Center configured. Starting with default user
2025-01-29 18:39:03,570 INFO c.h.h.t.HelmChartContainer - [test-hivemq-legacy-platform] [hivemq] [f4805ab6] INFO  - Starting HiveMQ Control Center on address 0.0.0.0 and port 8080
2025-01-29 18:39:03,573 INFO c.h.h.t.HelmChartContainer - [test-hivemq-legacy-platform] [hivemq] [f4805ab6] INFO  - Mounting HiveMQ Control Center V2 Preview
2025-01-29 18:39:03,771 INFO c.h.h.t.HelmChartContainer - [EVENT] Warning [Unhealthy] Readiness probe failed: Log statement not present (yet)
 [helmlegacystatefulsetmigrationit-operator:test-hivemq-legacy-platform-0]
2025-01-29 18:39:03,771 INFO c.h.h.t.HelmChartContainer - Received Unhealthy event for container hivemq in pod test-hivemq-legacy-platform-0 [f4805ab6-8fc1-4628-bc88-ffd714109d7f]
2025-01-29 18:39:04,278 INFO c.h.h.t.HelmChartContainer - [test-hivemq-legacy-platform] [hivemq] [f4805ab6] INFO  - Started HiveMQ Control Center in 709ms
2025-01-29 18:39:04,368 INFO c.h.h.t.HelmChartContainer - [test-hivemq-legacy-platform] [hivemq] [f4805ab6] INFO  - Starting TCP listener on address 0.0.0.0 and port 1883
2025-01-29 18:39:04,383 INFO c.h.h.t.HelmChartContainer - [test-hivemq-legacy-platform] [hivemq] [f4805ab6] INFO  - Started TCP Listener on address 0.0.0.0 and on port 1883.
2025-01-29 18:39:04,383 INFO c.h.h.t.HelmChartContainer - [test-hivemq-legacy-platform] [hivemq] [f4805ab6] INFO  - Started HiveMQ in 29605ms
2025-01-29 18:39:08,685 INFO c.h.h.t.HelmChartContainer - [POD] test-hivemq-legacy-platform-0 [f4805ab6-8fc1-4628-bc88-ffd714109d7f] in helmlegacystatefulsetmigrationit-operator was MODIFIED
2025-01-29 18:39:08,906 DEBUG com.hivemq.helmcharts.util.K8sUtil - Comparing actual state 'Updating' and waiting for 'Running'
2025-01-29 18:39:08,953 DEBUG com.hivemq.helmcharts.util.K8sUtil - Comparing actual state 'Running' and waiting for 'Running'
2025-01-29 18:39:09,040 INFO c.h.h.t.HelmChartContainer - [test-hivemq-legacy-platform] [operator] [eb2f9efe] ?[36m18:39:09.038?[0;39m ?[1;30m[pool-3-thread-9]?[0;39m ?[31mWARN ?[0;39m ?[35mc.h.operations.MonitoringOperable?[0;39m - Prometheus Operator ServiceMonitor CRD not found with v1 api, will try with v1beta1
2025-01-29 18:39:09,063 INFO c.h.h.util.ControlCenterUtil - Log into CC on hivemq-test-hivemq-legacy-platform-cc:8080 (username: admin) (password: hivemq) (TLS: false)
2025-01-29 18:39:09,094 INFO c.h.h.t.HelmChartContainer - [test-hivemq-legacy-platform] [operator] [eb2f9efe] ?[36m18:39:09.090?[0;39m ?[1;30m[pool-3-thread-9]?[0;39m ?[31mWARN ?[0;39m ?[35mc.h.operations.MonitoringOperable?[0;39m - Prometheus Operator Prometheus CRD (prometheuses.monitoring.coreos.com) not found with v1beta1 api, can not auto-integrate with Prometheus using ServiceMonitor resource.
2025-01-29 18:39:09,094 INFO c.h.h.t.HelmChartContainer - [test-hivemq-legacy-platform] [operator] [eb2f9efe] ?[36m18:39:09.090?[0;39m ?[1;30m[pool-3-thread-9]?[0;39m ?[34mINFO ?[0;39m ?[35mcom.hivemq.Operator?[0;39m - State synchronization complete for cluster 'test-hivemq-legacy-platform' in namespace 'helmlegacystatefulsetmigrationit-operator' in 58701ms
2025-01-29 18:39:09,149 INFO c.h.h.t.HelmChartContainer - [test-hivemq-legacy-platform] [operator] [eb2f9efe] ?[36m18:39:09.146?[0;39m ?[1;30m[pool-3-thread-2]?[0;39m ?[31mWARN ?[0;39m ?[35mc.h.operations.MonitoringOperable?[0;39m - Prometheus Operator ServiceMonitor CRD not found with v1 api, will try with v1beta1
2025-01-29 18:39:09,189 INFO c.h.h.t.HelmChartContainer - [test-hivemq-legacy-platform] [operator] [eb2f9efe] ?[36m18:39:09.187?[0;39m ?[1;30m[pool-3-thread-2]?[0;39m ?[31mWARN ?[0;39m ?[35mc.h.operations.MonitoringOperable?[0;39m - Prometheus Operator Prometheus CRD (prometheuses.monitoring.coreos.com) not found with v1beta1 api, can not auto-integrate with Prometheus using ServiceMonitor resource.
2025-01-29 18:39:09,189 INFO c.h.h.t.HelmChartContainer - [test-hivemq-legacy-platform] [operator] [eb2f9efe] ?[36m18:39:09.187?[0;39m ?[1;30m[pool-3-thread-2]?[0;39m ?[34mINFO ?[0;39m ?[35mcom.hivemq.Operator?[0;39m - State synchronization complete for cluster 'test-hivemq-legacy-platform' in namespace 'helmlegacystatefulsetmigrationit-operator' in 60795ms
2025-01-29 18:39:12,670 INFO c.h.h.util.ControlCenterUtil - Login attempt 1 was successful
2025-01-29 18:39:12,673 INFO com.hivemq.helmcharts.util.MqttUtil - Publishing retained messages to 30 topics...
2025-01-29 18:39:12,676 INFO c.h.h.t.HelmChartContainer - [K3S] [upgradeaware.go:427] Error proxying data from client to backend: remote error: tls: user canceled
2025-01-29 18:39:12,676 INFO c.h.h.t.HelmChartContainer - [K3S] [upgradeaware.go:427] Error proxying data from client to backend: remote error: tls: user canceled
2025-01-29 18:39:14,472 INFO com.hivemq.helmcharts.util.MqttUtil - Published retained messages to topics (1799 ms): [svjlwdpzmszmihq, dlsdwqrzestkipu, ivpooexlyaeiiot, usisdivyovepgxx, vgiyusgdvskgqlv, wjvefmduqoiztgk, ilqbrhnscqzjpxh, wztljgpylujfnse, zgmouhjzvraifya, fasmbplujmlypsb, tpkhgwxbomagwku, ayoeksivhjhmdjj, rixcwylbedxdjtw, yrmeaxngdgksjpv, dehpxmnnwuzvkpr, mpxhaskboxmbahk, nwzdsfiybjzfekl, gxzytglhwtddiov, ljxntqlglhidbem, dnvialkltnlwlcy, khycocosklfqbts, ihiubqjnlgfizco, rhijfybjvkyedhz, qsxtjpzctqixhrq, skdtvqtweimqttq, nqwtjfledgtzxke, fzcdpmnmbkhvwjz, hwkslsiggqhktig, rhxdyvtxuxuepsg, jxvlsbevfpvwjon]
2025-01-29 18:39:14,472 INFO c.hivemq.helmcharts.util.RestAPIUtil - Checking authorization for REST API on hivemq-test-hivemq-legacy-platform-api:8888 (username: user) (password: password) (endpoint path: /api/v1/mqtt/clients)
2025-01-29 18:39:15,528 INFO c.h.helmcharts.util.MonitoringUtil - Asserting Prometheus publishes metrics...
2025-01-29 18:39:16,300 INFO c.h.helmcharts.util.MonitoringUtil - Asserted publishes metrics (771 ms)
2025-01-29 18:39:16,361 INFO c.h.h.t.HelmChartContainer - [EVENT] Normal [ScalingReplicaSet] Scaled down replica set test-hivemq-legacy-platform-hivemq-operator-operator-56c5b9f7b7 from 1 to 0 [helmlegacystatefulsetmigrationit-operator:test-hivemq-legacy-platform-hivemq-operator-operator]
2025-01-29 18:39:16,365 INFO c.h.h.t.HelmChartContainer - [EVENT] Normal [SuccessfulDelete] Deleted pod: test-hivemq-legacy-platform-hivemq-operator-operator-56c5brgnbg [helmlegacystatefulsetmigrationit-operator:test-hivemq-legacy-platform-hivemq-operator-operator-56c5b9f7b7]
2025-01-29 18:39:16,370 INFO c.h.h.t.HelmChartContainer - [POD] test-hivemq-legacy-platform-hivemq-operator-operator-56c5brgnbg [eb2f9efe-3946-4a13-9e19-e92d91b2932f] in helmlegacystatefulsetmigrationit-operator was MODIFIED
2025-01-29 18:39:16,372 INFO c.h.h.t.HelmChartContainer - [K3S] [replica_set.go:679] "Finished syncing" kind="ReplicaSet" key="helmlegacystatefulsetmigrationit-operator/test-hivemq-legacy-platform-hivemq-operator-operator-56c5b9f7b7" duration="20.862603ms"
2025-01-29 18:39:16,376 INFO c.h.h.t.HelmChartContainer - [EVENT] Normal [Killing] Stopping container operator [helmlegacystatefulsetmigrationit-operator:test-hivemq-legacy-platform-hivemq-operator-operator-56c5brgnbg]
2025-01-29 18:39:16,376 INFO c.h.h.t.HelmChartContainer - Received Killing event for container operator in pod test-hivemq-legacy-platform-hivemq-operator-operator-56c5brgnbg [eb2f9efe-3946-4a13-9e19-e92d91b2932f]
2025-01-29 18:39:16,377 INFO c.h.h.t.HelmChartContainer - Container [test-hivemq-legacy-platform-hivemq-operator-operator-56c5brgnbg] [operator] [eb2f9efe-3946-4a13-9e19-e92d91b2932f] was terminated
2025-01-29 18:39:16,377 INFO c.h.h.t.HelmChartContainer - Stopped log watcher for operator in pod test-hivemq-legacy-platform-hivemq-operator-operator-56c5brgnbg [eb2f9efe-3946-4a13-9e19-e92d91b2932f]
2025-01-29 18:39:16,385 INFO c.h.h.t.HelmChartContainer - [test-hivemq-legacy-platform] [operator] [eb2f9efe] ?[36m18:39:16.381?[0;39m ?[1;30m[Thread-0]?[0;39m ?[34mINFO ?[0;39m ?[35mio.micronaut.runtime.Micronaut?[0;39m - Embedded Application shutting down
2025-01-29 18:39:16,385 INFO c.h.h.t.HelmChartContainer - [K3S] [replica_set.go:679] "Finished syncing" kind="ReplicaSet" key="helmlegacystatefulsetmigrationit-operator/test-hivemq-legacy-platform-hivemq-operator-operator-56c5b9f7b7" duration="12.640257ms"
2025-01-29 18:39:16,400 INFO c.h.h.t.HelmChartContainer - [K3S] [replica_set.go:679] "Finished syncing" kind="ReplicaSet" key="helmlegacystatefulsetmigrationit-operator/test-hivemq-legacy-platform-hivemq-operator-operator-56c5b9f7b7" duration="16.240629ms"
2025-01-29 18:39:16,401 INFO c.h.h.t.HelmChartContainer - [K3S] [replica_set.go:679] "Finished syncing" kind="ReplicaSet" key="helmlegacystatefulsetmigrationit-operator/test-hivemq-legacy-platform-hivemq-operator-operator-56c5b9f7b7" duration="36.097µs"
2025-01-29 18:39:16,840 INFO c.h.h.t.HelmChartContainer - [K3S] [replica_set.go:679] "Finished syncing" kind="ReplicaSet" key="helmlegacystatefulsetmigrationit-operator/test-hivemq-legacy-platform-hivemq-operator-operator-56c5b9f7b7" duration="37.5µs"
2025-01-29 18:39:16,846 INFO c.h.h.t.HelmChartContainer - [POD] test-hivemq-legacy-platform-hivemq-operator-operator-56c5brgnbg [eb2f9efe-3946-4a13-9e19-e92d91b2932f] in helmlegacystatefulsetmigrationit-operator was MODIFIED
2025-01-29 18:39:16,991 INFO c.h.h.t.HelmChartContainer - [K3S] [reconciler_common.go:162] "operationExecutor.UnmountVolume started for volume \"kube-api-access-48rcj\" (UniqueName: \"kubernetes.io/projected/eb2f9efe-3946-4a13-9e19-e92d91b2932f-kube-api-access-48rcj\") pod \"eb2f9efe-3946-4a13-9e19-e92d91b2932f\" (UID: \"eb2f9efe-3946-4a13-9e19-e92d91b2932f\") "
2025-01-29 18:39:16,992 INFO c.h.h.t.HelmChartContainer - [K3S] [reconciler_common.go:162] "operationExecutor.UnmountVolume started for volume \"templates\" (UniqueName: \"kubernetes.io/configmap/eb2f9efe-3946-4a13-9e19-e92d91b2932f-templates\") pod \"eb2f9efe-3946-4a13-9e19-e92d91b2932f\" (UID: \"eb2f9efe-3946-4a13-9e19-e92d91b2932f\") "
2025-01-29 18:39:17,092 INFO c.h.h.t.HelmChartContainer - [K3S] [reconciler_common.go:299] "Volume detached for volume \"kube-api-access-48rcj\" (UniqueName: \"kubernetes.io/projected/eb2f9efe-3946-4a13-9e19-e92d91b2932f-kube-api-access-48rcj\") on node \"b7418fb8ab78\" DevicePath \"\""
2025-01-29 18:39:17,092 INFO c.h.h.t.HelmChartContainer - [K3S] [reconciler_common.go:299] "Volume detached for volume \"templates\" (UniqueName: \"kubernetes.io/configmap/eb2f9efe-3946-4a13-9e19-e92d91b2932f-templates\") on node \"b7418fb8ab78\" DevicePath \"\""
2025-01-29 18:39:17,466 INFO c.h.h.t.HelmChartContainer - [K3S] [scope.go:117] "RemoveContainer" containerID="580ef79c357db90386b30cd338f61c40a3daeeaa36d371aaeae59dd17297c360"
2025-01-29 18:39:17,717 INFO c.h.h.t.HelmChartContainer - [K3S] [replica_set.go:679] "Finished syncing" kind="ReplicaSet" key="helmlegacystatefulsetmigrationit-operator/test-hivemq-legacy-platform-hivemq-operator-operator-56c5b9f7b7" duration="32.121µs"
2025-01-29 18:39:17,717 INFO c.h.h.t.HelmChartContainer - [POD] test-hivemq-legacy-platform-hivemq-operator-operator-56c5brgnbg [eb2f9efe-3946-4a13-9e19-e92d91b2932f] in helmlegacystatefulsetmigrationit-operator was MODIFIED
2025-01-29 18:39:17,725 INFO c.h.h.t.HelmChartContainer - [K3S] [replica_set.go:679] "Finished syncing" kind="ReplicaSet" key="helmlegacystatefulsetmigrationit-operator/test-hivemq-legacy-platform-hivemq-operator-operator-56c5b9f7b7" duration="38.552µs"
2025-01-29 18:39:17,725 INFO c.h.h.t.HelmChartContainer - [POD] test-hivemq-legacy-platform-hivemq-operator-operator-56c5brgnbg [eb2f9efe-3946-4a13-9e19-e92d91b2932f] in helmlegacystatefulsetmigrationit-operator was MODIFIED
2025-01-29 18:39:17,730 INFO c.h.h.t.HelmChartContainer - [K3S] [replica_set.go:679] "Finished syncing" kind="ReplicaSet" key="helmlegacystatefulsetmigrationit-operator/test-hivemq-legacy-platform-hivemq-operator-operator-56c5b9f7b7" duration="34.965µs"
2025-01-29 18:39:17,732 INFO c.h.h.t.HelmChartContainer - [POD] test-hivemq-legacy-platform-hivemq-operator-operator-56c5brgnbg [eb2f9efe-3946-4a13-9e19-e92d91b2932f] in helmlegacystatefulsetmigrationit-operator was DELETED
2025-01-29 18:39:17,854 INFO c.h.h.t.HelmChartContainer - [EVENT] Normal [ScalingReplicaSet] Scaled up replica set test-hivemq-legacy-platform-hivemq-operator-operator-56c5b9f7b7 from 0 to 1 [helmlegacystatefulsetmigrationit-operator:test-hivemq-legacy-platform-hivemq-operator-operator]
2025-01-29 18:39:17,855 INFO c.h.h.t.HelmChartContainer - [POD] test-hivemq-legacy-platform-hivemq-operator-operator-56c5b2tbn4 [ca73677e-fd7d-4a96-b52b-23a76138e219] in helmlegacystatefulsetmigrationit-operator was ADDED
2025-01-29 18:39:17,856 INFO c.h.h.t.HelmChartContainer - [K3S] [replica_set.go:679] "Finished syncing" kind="ReplicaSet" key="helmlegacystatefulsetmigrationit-operator/test-hivemq-legacy-platform-hivemq-operator-operator-56c5b9f7b7" duration="13.693201ms"
2025-01-29 18:39:17,857 INFO c.h.h.t.HelmChartContainer - [EVENT] Normal [SuccessfulCreate] Created pod: test-hivemq-legacy-platform-hivemq-operator-operator-56c5b2tbn4 [helmlegacystatefulsetmigrationit-operator:test-hivemq-legacy-platform-hivemq-operator-operator-56c5b9f7b7]
2025-01-29 18:39:17,859 INFO c.h.h.t.HelmChartContainer - [K3S] [memory_manager.go:355] "RemoveStaleState removing state" podUID="eb2f9efe-3946-4a13-9e19-e92d91b2932f" containerName="operator"
2025-01-29 18:39:17,861 INFO c.h.h.t.HelmChartContainer - [POD] test-hivemq-legacy-platform-hivemq-operator-operator-56c5b2tbn4 [ca73677e-fd7d-4a96-b52b-23a76138e219] in helmlegacystatefulsetmigrationit-operator was MODIFIED
2025-01-29 18:39:17,868 INFO c.h.h.t.HelmChartContainer - [EVENT] Normal [Scheduled] Successfully assigned helmlegacystatefulsetmigrationit-operator/test-hivemq-legacy-platform-hivemq-operator-operator-56c5b2tbn4 to b7418fb8ab78 [helmlegacystatefulsetmigrationit-operator:test-hivemq-legacy-platform-hivemq-operator-operator-56c5b2tbn4]
2025-01-29 18:39:17,870 INFO c.h.h.t.HelmChartContainer - [K3S] [replica_set.go:679] "Finished syncing" kind="ReplicaSet" key="helmlegacystatefulsetmigrationit-operator/test-hivemq-legacy-platform-hivemq-operator-operator-56c5b9f7b7" duration="12.244957ms"
2025-01-29 18:39:17,870 INFO c.h.h.t.HelmChartContainer - [K3S] [replica_set.go:679] "Finished syncing" kind="ReplicaSet" key="helmlegacystatefulsetmigrationit-operator/test-hivemq-legacy-platform-hivemq-operator-operator-56c5b9f7b7" duration="32.221µs"
2025-01-29 18:39:17,872 INFO c.h.h.t.HelmChartContainer - [K3S] [replica_set.go:679] "Finished syncing" kind="ReplicaSet" key="helmlegacystatefulsetmigrationit-operator/test-hivemq-legacy-platform-hivemq-operator-operator-56c5b9f7b7" duration="27.542µs"
2025-01-29 18:39:17,875 INFO c.h.h.t.HelmChartContainer - [POD] test-hivemq-legacy-platform-hivemq-operator-operator-56c5b2tbn4 [ca73677e-fd7d-4a96-b52b-23a76138e219] in helmlegacystatefulsetmigrationit-operator was MODIFIED
2025-01-29 18:39:17,893 ERROR i.f.k.c.d.i.AbstractWatchManager - Unhandled exception encountered in watcher event handler
java.util.concurrent.RejectedExecutionException: null
	at io.fabric8.kubernetes.client.utils.internal.SerialExecutor.execute(SerialExecutor.java:47)
	at io.fabric8.kubernetes.client.dsl.internal.AbstractWatchManager$SerialWatcher.eventReceived(AbstractWatchManager.java:70)
	at io.fabric8.kubernetes.client.dsl.internal.AbstractWatchManager.eventReceived(AbstractWatchManager.java:292)
	at io.fabric8.kubernetes.client.dsl.internal.AbstractWatchManager.onMessage(AbstractWatchManager.java:377)
	at io.fabric8.kubernetes.client.dsl.internal.WatcherWebSocketListener.onMessage(WatcherWebSocketListener.java:52)
	at io.fabric8.kubernetes.client.okhttp.OkHttpWebSocketImpl$1.onMessage(OkHttpWebSocketImpl.java:115)
	at okhttp3.internal.ws.RealWebSocket.onReadMessage(RealWebSocket.java:323)
	at okhttp3.internal.ws.WebSocketReader.readMessageFrame(WebSocketReader.java:219)
	at okhttp3.internal.ws.WebSocketReader.processNextFrame(WebSocketReader.java:105)
	at okhttp3.internal.ws.RealWebSocket.loopReader(RealWebSocket.java:274)
	at okhttp3.internal.ws.RealWebSocket$2.onResponse(RealWebSocket.java:214)
	at okhttp3.RealCall$AsyncCall.execute(RealCall.java:203)
	at okhttp3.internal.NamedRunnable.run(NamedRunnable.java:32)
	at java.base/java.util.concurrent.ThreadPoolExecutor.runWorker(ThreadPoolExecutor.java:1144)
	at java.base/java.util.concurrent.ThreadPoolExecutor$Worker.run(ThreadPoolExecutor.java:642)
	at java.base/java.lang.Thread.run(Thread.java:1583)
2025-01-29 18:39:17,997 INFO c.h.h.t.HelmChartContainer - [K3S] [reconciler_common.go:251] "operationExecutor.VerifyControllerAttachedVolume started for volume \"kube-api-access-bjv69\" (UniqueName: \"kubernetes.io/projected/ca73677e-fd7d-4a96-b52b-23a76138e219-kube-api-access-bjv69\") pod \"test-hivemq-legacy-platform-hivemq-operator-operator-56c5b2tbn4\" (UID: \"ca73677e-fd7d-4a96-b52b-23a76138e219\") " pod="helmlegacystatefulsetmigrationit-operator/test-hivemq-legacy-platform-hivemq-operator-operator-56c5b2tbn4"
2025-01-29 18:39:17,997 INFO c.h.h.t.HelmChartContainer - [K3S] [reconciler_common.go:251] "operationExecutor.VerifyControllerAttachedVolume started for volume \"templates\" (UniqueName: \"kubernetes.io/configmap/ca73677e-fd7d-4a96-b52b-23a76138e219-templates\") pod \"test-hivemq-legacy-platform-hivemq-operator-operator-56c5b2tbn4\" (UID: \"ca73677e-fd7d-4a96-b52b-23a76138e219\") " pod="helmlegacystatefulsetmigrationit-operator/test-hivemq-legacy-platform-hivemq-operator-operator-56c5b2tbn4"
2025-01-29 18:39:18,086 DEBUG c.h.h.t.HelmChartContainer - Executing helm command: /bin/helm --kubeconfig /etc/rancher/k3s/k3s.yaml install test-hivemq-legacy-platform /charts/hivemq-platform --wait --timeout 5m0s --set image.repository=docker.io/hivemq --set image.tag=4.36.0 --set image.pullPolicy=Never --set nodes.resources.cpu=512m -f /files/migration-platform-stateful-set-values.yaml --namespace helmlegacystatefulsetmigrationit-operator
2025-01-29 18:39:18,267 INFO c.h.h.t.HelmChartContainer - [EVENT] Normal [Pulled] Container image "hivemq/hivemq-operator:4.7.10" already present on machine [helmlegacystatefulsetmigrationit-operator:test-hivemq-legacy-platform-hivemq-operator-operator-56c5b2tbn4]
2025-01-29 18:39:18,267 INFO c.h.h.t.HelmChartContainer - Received Pulled event for container operator in pod test-hivemq-legacy-platform-hivemq-operator-operator-56c5b2tbn4 [ca73677e-fd7d-4a96-b52b-23a76138e219]
2025-01-29 18:39:18,278 INFO c.h.h.t.HelmChartContainer - [EVENT] Normal [Created] Created container: operator [helmlegacystatefulsetmigrationit-operator:test-hivemq-legacy-platform-hivemq-operator-operator-56c5b2tbn4]
2025-01-29 18:39:18,278 INFO c.h.h.t.HelmChartContainer - Received Created event for container operator in pod test-hivemq-legacy-platform-hivemq-operator-operator-56c5b2tbn4 [ca73677e-fd7d-4a96-b52b-23a76138e219]
2025-01-29 18:39:18,409 INFO c.h.h.t.HelmChartContainer - [hivemq-test-hivemq-platform] [hivemq-platform-operator] [d3bb76c6] 18:39:18.408 [-2082509879-pool-1-thread-5] WARN  i.m.p.PrometheusMeterRegistry - The meter (MeterId{name='operator.sdk.events.received', tags=[tag(action=ADDED),tag(event=ResourceEvent),tag(group=hivemq.com),tag(kind=HiveMQPlatform),tag(name=test-hivemq-legacy-platform),tag(namespace=helmlegacystatefulsetmigrationit-operator),tag(scope=namespace),tag(version=v1)]}) registration has failed: Prometheus requires that all meters with the same name have the same set of tag keys. There is already an existing meter named 'operator.sdk.events.received' containing tag keys [event, group, kind, name, namespace, scope, version]. The meter you are attempting to register has keys [action, event, group, kind, name, namespace, scope, version]. Note that subsequent logs will be logged at debug level.
2025-01-29 18:39:18,727 INFO c.h.h.t.HelmChartContainer - [POD] test-hivemq-legacy-platform-hivemq-operator-operator-56c5b2tbn4 [ca73677e-fd7d-4a96-b52b-23a76138e219] in helmlegacystatefulsetmigrationit-operator was MODIFIED
2025-01-29 18:39:18,769 INFO c.h.h.t.HelmChartContainer - [K3S] [replica_set.go:679] "Finished syncing" kind="ReplicaSet" key="helmlegacystatefulsetmigrationit-operator/test-hivemq-legacy-platform-hivemq-operator-operator-56c5b9f7b7" duration="45.837459ms"
2025-01-29 18:39:18,770 INFO c.h.h.t.HelmChartContainer - [K3S] [replica_set.go:679] "Finished syncing" kind="ReplicaSet" key="helmlegacystatefulsetmigrationit-operator/test-hivemq-legacy-platform-hivemq-operator-operator-56c5b9f7b7" duration="94.758µs"
2025-01-29 18:39:18,773 INFO c.h.h.t.HelmChartContainer - Started log watcher for operator in pod test-hivemq-legacy-platform-hivemq-operator-operator-56c5b2tbn4 [ca73677e-fd7d-4a96-b52b-23a76138e219]
2025-01-29 18:39:18,773 INFO c.h.h.t.HelmChartContainer - [EVENT] Normal [Started] Started container operator [helmlegacystatefulsetmigrationit-operator:test-hivemq-legacy-platform-hivemq-operator-operator-56c5b2tbn4]
2025-01-29 18:39:18,773 INFO c.h.h.t.HelmChartContainer - Received Started event for container operator in pod test-hivemq-legacy-platform-hivemq-operator-operator-56c5b2tbn4 [ca73677e-fd7d-4a96-b52b-23a76138e219]
2025-01-29 18:39:18,789 INFO c.h.h.t.HelmChartContainer - [test-hivemq-legacy-platform] [operator] [ca73677e] Picked up JAVA_TOOL_OPTIONS: -XX:+UnlockExperimentalVMOptions -XX:InitialRAMPercentage=75 -XX:MaxRAMPercentage=75
2025-01-29 18:39:19,048 INFO c.h.h.t.HelmChartContainer - [hivemq-test-hivemq-platform] [hivemq-platform-operator] [d3bb76c6] 18:39:18.966 [pool-6-thread-3] DEBUG c.h.p.o.dependants.PodInfoConfigMap - [helmlega] Desired PodInfo ConfigMap (2 extensions) (1 enabled)
2025-01-29 18:39:19,048 INFO c.h.h.t.HelmChartContainer - [hivemq-test-hivemq-platform] [hivemq-platform-operator] [d3bb76c6] 18:39:19.041 [pool-6-thread-3] DEBUG c.h.p.o.dependants.PodInfoConfigMap - [helmlega] Desired PodInfo ConfigMap (metrics port: 9399) (metrics path: /)
2025-01-29 18:39:19,048 INFO c.h.h.t.HelmChartContainer - [hivemq-test-hivemq-platform] [hivemq-platform-operator] [d3bb76c6] 18:39:19.041 [pool-6-thread-3] DEBUG c.h.p.o.dependants.PodInfoConfigMap - [helmlega] Desired PodInfo ConfigMap (extension state hash: -1203431371)
2025-01-29 18:39:19,048 INFO c.h.h.t.HelmChartContainer - [hivemq-test-hivemq-platform] [hivemq-platform-operator] [d3bb76c6] 18:39:19.045 [pool-6-thread-3] DEBUG c.h.p.o.dependants.PodInfoConfigMap - [helmlega] Create PodInfo ConfigMap
2025-01-29 18:39:19,149 INFO c.h.h.t.HelmChartContainer - [hivemq-test-hivemq-platform] [hivemq-platform-operator] [d3bb76c6] 18:39:19.146 [pool-6-thread-5] DEBUG c.h.p.o.dependants.PodRoleResource - [helmlega] Create Role: Role(apiVersion=rbac.authorization.k8s.io/v1, kind=Role, metadata=ObjectMeta(annotations={meta.helm.sh/release-name=test-hivemq-legacy-platform, meta.helm.sh/release-namespace=helmlegacystatefulsetmigrationit-operator}, creationTimestamp=null, deletionGracePeriodSeconds=null, deletionTimestamp=null, finalizers=[], generateName=null, generation=null, labels={helm.sh/chart=hivemq-platform-0.2.32, app.kubernetes.io/managed-by=Helm, app.kubernetes.io/name=hivemq-platform, hivemq-platform=test-hivemq-legacy-platform, app.kubernetes.io/instance=test-hivemq-legacy-platform, app.kubernetes.io/version=4.36.0}, managedFields=[], name=hivemq-platform-role-test-hivemq-legacy-platform, namespace=helmlegacystatefulsetmigrationit-operator, ownerReferences=[OwnerReference(apiVersion=hivemq.com/v1, blockOwnerDeletion=null, controller=null, kind=HiveMQPlatform, name=test-hivemq-legacy-platform, uid=06c00648-7765-4153-b237-8d03ab49153e, additionalProperties={})], resourceVersion=null, selfLink=null, uid=null, additionalProperties={}), rules=[PolicyRule(apiGroups=[], nonResourceURLs=[], resourceNames=[], resources=[pods], verbs=[get, patch, update], additionalProperties={})], additionalProperties={})
2025-01-29 18:39:19,345 INFO c.h.h.t.HelmChartContainer - [hivemq-test-hivemq-platform] [hivemq-platform-operator] [d3bb76c6] 18:39:19.342 [pool-6-thread-7] DEBUG c.h.p.o.d.PodServiceAccountResource - [helmlega] Desired PodServiceAccountResource (serviceAccountName: hivemq-platform-pod-test-hivemq-legacy-platform)
2025-01-29 18:39:19,346 INFO c.h.h.t.HelmChartContainer - [hivemq-test-hivemq-platform] [hivemq-platform-operator] [d3bb76c6] 18:39:19.343 [pool-6-thread-7] DEBUG c.h.p.o.d.PodServiceAccountResource - [helmlega] Create ServiceAccount 'hivemq-platform-pod-test-hivemq-legacy-platform'
2025-01-29 18:39:19,461 INFO c.h.h.t.HelmChartContainer - [hivemq-test-hivemq-platform] [hivemq-platform-operator] [d3bb76c6] 18:39:19.458 [pool-6-thread-10] DEBUG c.h.p.o.d.PodRoleBindingResource - [helmlega] Create RoleBinding: RoleBinding(apiVersion=rbac.authorization.k8s.io/v1, kind=RoleBinding, metadata=ObjectMeta(annotations={meta.helm.sh/release-name=test-hivemq-legacy-platform, meta.helm.sh/release-namespace=helmlegacystatefulsetmigrationit-operator}, creationTimestamp=null, deletionGracePeriodSeconds=null, deletionTimestamp=null, finalizers=[], generateName=null, generation=null, labels={helm.sh/chart=hivemq-platform-0.2.32, app.kubernetes.io/managed-by=Helm, app.kubernetes.io/name=hivemq-platform, hivemq-platform=test-hivemq-legacy-platform, app.kubernetes.io/instance=test-hivemq-legacy-platform, app.kubernetes.io/version=4.36.0}, managedFields=[], name=hivemq-platform-role-binding-test-hivemq-legacy-platform, namespace=helmlegacystatefulsetmigrationit-operator, ownerReferences=[OwnerReference(apiVersion=hivemq.com/v1, blockOwnerDeletion=null, controller=null, kind=HiveMQPlatform, name=test-hivemq-legacy-platform, uid=06c00648-7765-4153-b237-8d03ab49153e, additionalProperties={})], resourceVersion=null, selfLink=null, uid=null, additionalProperties={}), roleRef=RoleRef(apiGroup=rbac.authorization.k8s.io, kind=Role, name=hivemq-platform-role-test-hivemq-legacy-platform, additionalProperties={}), subjects=[Subject(apiGroup=null, kind=ServiceAccount, name=hivemq-platform-pod-test-hivemq-legacy-platform, namespace=helmlegacystatefulsetmigrationit-operator, additionalProperties={})], additionalProperties={})
2025-01-29 18:39:19,469 INFO c.h.h.t.HelmChartContainer - [K3S] [kubelet_volumes.go:163] "Cleaned up orphaned pod volumes dir" podUID="eb2f9efe-3946-4a13-9e19-e92d91b2932f" path="/var/lib/kubelet/pods/eb2f9efe-3946-4a13-9e19-e92d91b2932f/volumes"
2025-01-29 18:39:19,547 INFO c.h.h.t.HelmChartContainer - [hivemq-test-hivemq-platform] [hivemq-platform-operator] [d3bb76c6] 18:39:19.545 [ReconcilerExecutor-hivemq-controller-54] INFO  c.h.p.o.HiveMQPlatformReconciler - [helmlega] Reconciling HiveMQ Platform 'test-hivemq-legacy-platform' in namespace 'helmlegacystatefulsetmigrationit-operator'
2025-01-29 18:39:19,547 INFO c.h.h.t.HelmChartContainer - [hivemq-test-hivemq-platform] [hivemq-platform-operator] [d3bb76c6] 18:39:19.545 [ReconcilerExecutor-hivemq-controller-54] DEBUG c.h.p.o.HiveMQPlatformReconciler - [helmlega] Custom Resource Status CREATED - HiveMQ Platform was created (READY)
2025-01-29 18:39:19,547 INFO c.h.h.t.HelmChartContainer - [hivemq-test-hivemq-platform] [hivemq-platform-operator] [d3bb76c6] 18:39:19.545 [ReconcilerExecutor-hivemq-controller-54] DEBUG c.h.p.o.HiveMQPlatformReconciler - [helmlega] Custom Resource Spec (replicas: 1) (extensions: 2)
2025-01-29 18:39:19,556 INFO c.h.h.t.HelmChartContainer - [hivemq-test-hivemq-platform] [hivemq-platform-operator] [d3bb76c6] 18:39:19.553 [ReconcilerExecutor-hivemq-controller-54] INFO  c.h.p.o.h.HiveMQPlatformReconcilerBaseHandler - [helmlega] HiveMQ Platform is migrating from a HiveMQ Operator with StatefulSet installation
2025-01-29 18:39:19,753 INFO c.h.h.t.HelmChartContainer - [hivemq-test-hivemq-platform] [hivemq-platform-operator] [d3bb76c6] 18:39:19.750 [ReconcilerExecutor-hivemq-controller-54] DEBUG c.h.p.operator.event.EventSender - [helmlega] Creating K8s event hivemq-platform-statefulset-migration-started: [StatefulSetMigration] HiveMQ Platform is starting a migration of a HiveMQ Cluster with StatefulSet
2025-01-29 18:39:19,764 INFO c.h.h.t.HelmChartContainer - [EVENT] Normal [StatefulSetMigration] HiveMQ Platform is starting a migration of a HiveMQ Cluster with StatefulSet [helmlegacystatefulsetmigrationit-operator:test-hivemq-legacy-platform]
2025-01-29 18:39:19,772 INFO c.h.h.t.HelmChartContainer - [hivemq-test-hivemq-platform] [hivemq-platform-operator] [d3bb76c6] 18:39:19.769 [ReconcilerExecutor-hivemq-controller-54] INFO  c.h.p.o.h.AbstractHiveMQReconcilerStateHandler - [helmlega] Update HiveMQ Platform Status (CREATED [READY] -> STATEFULSET_MIGRATION [STATEFULSET_MIGRATION_STARTING]): HiveMQ Platform is starting a migration of a HiveMQ Cluster with StatefulSet
2025-01-29 18:39:19,777 INFO c.h.h.t.HelmChartContainer - [test-hivemq-legacy-platform] [operator] [ca73677e]  __  __ _                                  _   
2025-01-29 18:39:19,778 INFO c.h.h.t.HelmChartContainer - [test-hivemq-legacy-platform] [operator] [ca73677e] |  \/  (_) ___ _ __ ___  _ __   __ _ _   _| |_ 
2025-01-29 18:39:19,778 INFO c.h.h.t.HelmChartContainer - [test-hivemq-legacy-platform] [operator] [ca73677e] | |\/| | |/ __| '__/ _ \| '_ \ / _` | | | | __|
2025-01-29 18:39:19,778 INFO c.h.h.t.HelmChartContainer - [test-hivemq-legacy-platform] [operator] [ca73677e] | |  | | | (__| | | (_) | | | | (_| | |_| | |_ 
2025-01-29 18:39:19,778 INFO c.h.h.t.HelmChartContainer - [test-hivemq-legacy-platform] [operator] [ca73677e] |_|  |_|_|\___|_|  \___/|_| |_|\__,_|\__,_|\__|
2025-01-29 18:39:19,779 INFO c.h.h.t.HelmChartContainer - [test-hivemq-legacy-platform] [operator] [ca73677e]   Micronaut (v3.5.2)
2025-01-29 18:39:19,780 INFO c.h.h.t.HelmChartContainer - [test-hivemq-legacy-platform] [operator] [ca73677e] 
2025-01-29 18:39:19,859 DEBUG com.hivemq.helmcharts.util.K8sUtil - Comparing actual state 'STATEFULSET_MIGRATION' and waiting for 'STATEFULSET_MIGRATION'
2025-01-29 18:39:19,886 DEBUG com.hivemq.helmcharts.util.K8sUtil - Comparing actual state 'STATEFULSET_MIGRATION' and waiting for 'ROLLING_RESTART'
2025-01-29 18:39:21,966 INFO c.h.h.t.HelmChartContainer - [test-hivemq-legacy-platform] [operator] [ca73677e] ?[36m18:39:21.962?[0;39m ?[1;30m[main]?[0;39m ?[34mINFO ?[0;39m ?[35mio.micronaut.runtime.Micronaut?[0;39m - Startup completed in 2206ms. Server Running: http://test-hivemq-legacy-platform-hivemq-operator-operator-56c5b2tbn4:8443
2025-01-29 18:39:23,060 INFO c.h.h.t.HelmChartContainer - [test-hivemq-legacy-platform] [operator] [ca73677e] ?[36m18:39:23.059?[0;39m ?[1;30m[main]?[0;39m ?[34mINFO ?[0;39m ?[35mcom.hivemq.Operator?[0;39m - Initializing HiveMQ operator
2025-01-29 18:39:24,137 INFO c.h.h.t.HelmChartContainer - [test-hivemq-legacy-platform] [operator] [ca73677e] ?[36m18:39:24.135?[0;39m ?[1;30m[main]?[0;39m ?[34mINFO ?[0;39m ?[35mcom.hivemq.Operator?[0;39m - Operating from namespace 'helmlegacystatefulsetmigrationit-operator'
2025-01-29 18:39:24,254 INFO c.h.h.t.HelmChartContainer - [test-hivemq-legacy-platform] [operator] [ca73677e] ?[36m18:39:24.252?[0;39m ?[1;30m[pool-3-thread-1]?[0;39m ?[34mINFO ?[0;39m ?[35mcom.hivemq.AbstractWatcher?[0;39m - CustomResource watcher running for kinds HiveMQCluster
2025-01-29 18:39:24,840 INFO c.h.h.t.HelmChartContainer - [test-hivemq-legacy-platform] [operator] [ca73677e] ?[36m18:39:24.838?[0;39m ?[1;30m[main]?[0;39m ?[34mINFO ?[0;39m ?[35mcom.hivemq.Operator?[0;39m - Operator started in 1779ms
2025-01-29 18:39:29,951 INFO c.h.h.t.HelmChartContainer - [hivemq-test-hivemq-platform] [hivemq-platform-operator] [d3bb76c6] 18:39:29.950 [ReconcilerExecutor-hivemq-controller-66] INFO  c.h.p.o.HiveMQPlatformReconciler - [helmlega] Reconciling HiveMQ Platform 'test-hivemq-legacy-platform' in namespace 'helmlegacystatefulsetmigrationit-operator'
2025-01-29 18:39:29,951 INFO c.h.h.t.HelmChartContainer - [hivemq-test-hivemq-platform] [hivemq-platform-operator] [d3bb76c6] 18:39:29.950 [ReconcilerExecutor-hivemq-controller-66] DEBUG c.h.p.o.HiveMQPlatformReconciler - [helmlega] Custom Resource Status STATEFULSET_MIGRATION - HiveMQ Platform is starting a migration of a HiveMQ Cluster with StatefulSet (STATEFULSET_MIGRATION_STARTING)
2025-01-29 18:39:29,952 INFO c.h.h.t.HelmChartContainer - [hivemq-test-hivemq-platform] [hivemq-platform-operator] [d3bb76c6] 18:39:29.950 [ReconcilerExecutor-hivemq-controller-66] DEBUG c.h.p.o.HiveMQPlatformReconciler - [helmlega] Custom Resource Spec (replicas: 1) (extensions: 2)
2025-01-29 18:39:29,953 INFO c.h.h.t.HelmChartContainer - [hivemq-test-hivemq-platform] [hivemq-platform-operator] [d3bb76c6] 18:39:29.952 [ReconcilerExecutor-hivemq-controller-66] INFO  c.h.p.o.h.HiveMQPlatformReconcilerMigrationHandler - [helmlega] Starting migration of HiveMQ Cluster test-hivemq-legacy-platform with StatefulSet
2025-01-29 18:39:30,138 INFO c.h.h.t.HelmChartContainer - [hivemq-test-hivemq-platform] [hivemq-platform-operator] [d3bb76c6] 18:39:30.137 [ReconcilerExecutor-hivemq-controller-66] INFO  c.h.p.o.h.HiveMQPlatformReconcilerMigrationHandler - [helmlega] HiveMQ Cluster test-hivemq-legacy-platform with StatefulSet is ready for migration
2025-01-29 18:39:30,156 INFO c.h.h.t.HelmChartContainer - [hivemq-test-hivemq-platform] [hivemq-platform-operator] [d3bb76c6] 18:39:30.154 [ReconcilerExecutor-hivemq-controller-66] DEBUG c.h.p.operator.event.EventSender - [helmlega] Creating K8s event hivemq-platform-statefulset-migration-in-progress: [StatefulSetMigration] HiveMQ Platform is migrating from a HiveMQ Cluster with StatefulSet
2025-01-29 18:39:30,158 INFO c.h.h.t.HelmChartContainer - [EVENT] Normal [StatefulSetMigration] HiveMQ Platform is migrating from a HiveMQ Cluster with StatefulSet [helmlegacystatefulsetmigrationit-operator:test-hivemq-legacy-platform]
2025-01-29 18:39:30,159 INFO c.h.h.t.HelmChartContainer - [hivemq-test-hivemq-platform] [hivemq-platform-operator] [d3bb76c6] 18:39:30.158 [ReconcilerExecutor-hivemq-controller-66] INFO  c.h.p.o.h.AbstractHiveMQReconcilerStateHandler - [helmlega] Update HiveMQ Platform Status (STATEFULSET_MIGRATION [STATEFULSET_MIGRATION_STARTING] -> STATEFULSET_MIGRATION [STATEFULSET_MIGRATION_IN_PROGRESS]): HiveMQ Platform is migrating from a HiveMQ Cluster with StatefulSet
2025-01-29 18:39:30,167 DEBUG com.hivemq.helmcharts.util.K8sUtil - Comparing actual state 'STATEFULSET_MIGRATION' and waiting for 'ROLLING_RESTART'
2025-01-29 18:39:40,256 INFO c.h.h.t.HelmChartContainer - [hivemq-test-hivemq-platform] [hivemq-platform-operator] [d3bb76c6] 18:39:40.253 [ReconcilerExecutor-hivemq-controller-77] INFO  c.h.p.o.HiveMQPlatformReconciler - [helmlega] Reconciling HiveMQ Platform 'test-hivemq-legacy-platform' in namespace 'helmlegacystatefulsetmigrationit-operator'
2025-01-29 18:39:40,256 INFO c.h.h.t.HelmChartContainer - [hivemq-test-hivemq-platform] [hivemq-platform-operator] [d3bb76c6] 18:39:40.253 [ReconcilerExecutor-hivemq-controller-77] DEBUG c.h.p.o.HiveMQPlatformReconciler - [helmlega] Custom Resource Status STATEFULSET_MIGRATION - HiveMQ Platform is migrating from a HiveMQ Cluster with StatefulSet (STATEFULSET_MIGRATION_IN_PROGRESS)
2025-01-29 18:39:40,256 INFO c.h.h.t.HelmChartContainer - [hivemq-test-hivemq-platform] [hivemq-platform-operator] [d3bb76c6] 18:39:40.253 [ReconcilerExecutor-hivemq-controller-77] DEBUG c.h.p.o.HiveMQPlatformReconciler - [helmlega] Custom Resource Spec (replicas: 1) (extensions: 2)
2025-01-29 18:39:40,256 INFO c.h.h.t.HelmChartContainer - [hivemq-test-hivemq-platform] [hivemq-platform-operator] [d3bb76c6] 18:39:40.255 [ReconcilerExecutor-hivemq-controller-77] INFO  c.h.p.o.h.HiveMQPlatformReconcilerMigrationHandler - [helmlega] Migration of HiveMQ Cluster test-hivemq-legacy-platform with StatefulSet
2025-01-29 18:39:40,447 INFO c.h.h.t.HelmChartContainer - [hivemq-test-hivemq-platform] [hivemq-platform-operator] [d3bb76c6] 18:39:40.443 [ReconcilerExecutor-hivemq-controller-77] DEBUG c.h.p.o.h.HiveMQPlatformReconcilerMigrationHandler - [helmlega] Successfully migrated StatefulSet 'test-hivemq-legacy-platform' (resourceVersion: 719 -> 770)
2025-01-29 18:39:40,563 INFO c.h.h.t.HelmChartContainer - [POD] test-hivemq-legacy-platform-0 [f4805ab6-8fc1-4628-bc88-ffd714109d7f] in helmlegacystatefulsetmigrationit-operator was MODIFIED
2025-01-29 18:39:40,569 INFO c.h.h.t.HelmChartContainer - [hivemq-test-hivemq-platform] [hivemq-platform-operator] [d3bb76c6] 18:39:40.568 [ReconcilerExecutor-hivemq-controller-77] DEBUG c.h.p.o.h.HiveMQPlatformReconcilerMigrationHandler - [helmlega] Successfully migrated Pod 'test-hivemq-legacy-platform-0' (resourceVersion: 680 -> 771)
2025-01-29 18:39:40,660 INFO c.h.h.t.HelmChartContainer - [hivemq-test-hivemq-platform] [hivemq-platform-operator] [d3bb76c6] 18:39:40.655 [ReconcilerExecutor-hivemq-controller-77] DEBUG c.h.p.o.h.HiveMQPlatformReconcilerMigrationHandler - [helmlega] Successfully migrated Service 'hivemq-test-hivemq-legacy-platform-mqtt' (resourceVersion: 722 -> 772)
2025-01-29 18:39:40,751 INFO c.h.h.t.HelmChartContainer - [hivemq-test-hivemq-platform] [hivemq-platform-operator] [d3bb76c6] 18:39:40.747 [ReconcilerExecutor-hivemq-controller-77] DEBUG c.h.p.o.h.HiveMQPlatformReconcilerMigrationHandler - [helmlega] Successfully migrated Service 'hivemq-test-hivemq-legacy-platform-cc' (resourceVersion: 721 -> 775)
2025-01-29 18:39:40,764 INFO c.h.h.t.HelmChartContainer - [hivemq-test-hivemq-platform] [hivemq-platform-operator] [d3bb76c6] 18:39:40.759 [ReconcilerExecutor-hivemq-controller-77] DEBUG c.h.p.o.h.HiveMQPlatformReconcilerMigrationHandler - [helmlega] Successfully migrated Service 'hivemq-test-hivemq-legacy-platform-metrics' (resourceVersion: 724 -> 778)
2025-01-29 18:39:40,846 INFO c.h.h.t.HelmChartContainer - [hivemq-test-hivemq-platform] [hivemq-platform-operator] [d3bb76c6] 18:39:40.845 [ReconcilerExecutor-hivemq-controller-77] DEBUG c.h.p.o.h.HiveMQPlatformReconcilerMigrationHandler - [helmlega] Successfully migrated Service 'hivemq-test-hivemq-legacy-platform-api' (resourceVersion: 723 -> 781)
2025-01-29 18:39:40,859 INFO c.h.h.t.HelmChartContainer - [hivemq-test-hivemq-platform] [hivemq-platform-operator] [d3bb76c6] 18:39:40.858 [ReconcilerExecutor-hivemq-controller-77] DEBUG c.h.p.o.h.HiveMQPlatformReconcilerMigrationHandler - [helmlega] Successfully migrated Service 'hivemq-test-hivemq-legacy-platform-cluster' (resourceVersion: 720 -> 784)
2025-01-29 18:39:40,861 INFO c.h.h.t.HelmChartContainer - [hivemq-test-hivemq-platform] [hivemq-platform-operator] [d3bb76c6] 18:39:40.859 [ReconcilerExecutor-hivemq-controller-77] INFO  c.h.p.o.h.HiveMQPlatformReconcilerMigrationHandler - [helmlega] Migration of HiveMQ Cluster test-hivemq-legacy-platform with StatefulSet was successful
2025-01-29 18:39:40,954 INFO c.h.h.t.HelmChartContainer - [hivemq-test-hivemq-platform] [hivemq-platform-operator] [d3bb76c6] 18:39:40.953 [ReconcilerExecutor-hivemq-controller-77] DEBUG c.h.p.operator.event.EventSender - [helmlega] Creating K8s event hivemq-platform-statefulset-migration-validation: [StatefulSetMigration] HiveMQ Platform is validating a migration of a HiveMQ Cluster with StatefulSet
2025-01-29 18:39:40,958 INFO c.h.h.t.HelmChartContainer - [EVENT] Normal [StatefulSetMigration] HiveMQ Platform is validating a migration of a HiveMQ Cluster with StatefulSet [helmlegacystatefulsetmigrationit-operator:test-hivemq-legacy-platform]
2025-01-29 18:39:40,959 INFO c.h.h.t.HelmChartContainer - [hivemq-test-hivemq-platform] [hivemq-platform-operator] [d3bb76c6] 18:39:40.958 [ReconcilerExecutor-hivemq-controller-77] INFO  c.h.p.o.h.AbstractHiveMQReconcilerStateHandler - [helmlega] Update HiveMQ Platform Status (STATEFULSET_MIGRATION [STATEFULSET_MIGRATION_IN_PROGRESS] -> STATEFULSET_MIGRATION [STATEFULSET_MIGRATION_VALIDATION]): HiveMQ Platform is validating a migration of a HiveMQ Cluster with StatefulSet
2025-01-29 18:39:41,050 DEBUG com.hivemq.helmcharts.util.K8sUtil - Comparing actual state 'STATEFULSET_MIGRATION' and waiting for 'ROLLING_RESTART'
2025-01-29 18:39:41,059 INFO c.h.h.t.HelmChartContainer - [hivemq-test-hivemq-platform] [hivemq-platform-operator] [d3bb76c6] 18:39:41.058 [ReconcilerExecutor-hivemq-controller-89] INFO  c.h.p.o.HiveMQPlatformReconciler - [helmlega] Reconciling HiveMQ Platform 'test-hivemq-legacy-platform' in namespace 'helmlegacystatefulsetmigrationit-operator'
2025-01-29 18:39:41,060 INFO c.h.h.t.HelmChartContainer - [hivemq-test-hivemq-platform] [hivemq-platform-operator] [d3bb76c6] 18:39:41.058 [ReconcilerExecutor-hivemq-controller-89] DEBUG c.h.p.o.HiveMQPlatformReconciler - [helmlega] Custom Resource Status STATEFULSET_MIGRATION - HiveMQ Platform is validating a migration of a HiveMQ Cluster with StatefulSet (STATEFULSET_MIGRATION_VALIDATION)
2025-01-29 18:39:41,060 INFO c.h.h.t.HelmChartContainer - [hivemq-test-hivemq-platform] [hivemq-platform-operator] [d3bb76c6] 18:39:41.058 [ReconcilerExecutor-hivemq-controller-89] DEBUG c.h.p.o.HiveMQPlatformReconciler - [helmlega] Custom Resource Spec (replicas: 1) (extensions: 2)
2025-01-29 18:39:41,149 INFO c.h.h.t.HelmChartContainer - [hivemq-test-hivemq-platform] [hivemq-platform-operator] [d3bb76c6] 18:39:41.146 [ReconcilerExecutor-hivemq-controller-89] DEBUG c.h.p.o.h.HiveMQPlatformReconcilerMigrationHandler - [helmlega] Validation of migrated StatefulSet 'test-hivemq-legacy-platform' of HiveMQ Platform 'test-hivemq-legacy-platform'
2025-01-29 18:39:41,154 INFO c.h.h.t.HelmChartContainer - [hivemq-test-hivemq-platform] [hivemq-platform-operator] [d3bb76c6] 18:39:41.153 [ReconcilerExecutor-hivemq-controller-89] DEBUG c.h.p.o.h.HiveMQPlatformReconcilerMigrationHandler - [helmlega] Validation of migrated Pod 'test-hivemq-legacy-platform-0' of HiveMQ Platform 'test-hivemq-legacy-platform'
2025-01-29 18:39:41,242 INFO c.h.h.t.HelmChartContainer - [hivemq-test-hivemq-platform] [hivemq-platform-operator] [d3bb76c6] 18:39:41.240 [ReconcilerExecutor-hivemq-controller-89] DEBUG c.h.p.o.h.HiveMQPlatformReconcilerMigrationHandler - [helmlega] Validation of migrated Service 'hivemq-test-hivemq-legacy-platform-cc' of HiveMQ Platform 'test-hivemq-legacy-platform'
2025-01-29 18:39:41,243 INFO c.h.h.t.HelmChartContainer - [hivemq-test-hivemq-platform] [hivemq-platform-operator] [d3bb76c6] 18:39:41.241 [ReconcilerExecutor-hivemq-controller-89] DEBUG c.h.p.o.h.HiveMQPlatformReconcilerMigrationHandler - [helmlega] Validation of migrated Service 'hivemq-test-hivemq-legacy-platform-metrics' of HiveMQ Platform 'test-hivemq-legacy-platform'
2025-01-29 18:39:41,243 INFO c.h.h.t.HelmChartContainer - [hivemq-test-hivemq-platform] [hivemq-platform-operator] [d3bb76c6] 18:39:41.241 [ReconcilerExecutor-hivemq-controller-89] DEBUG c.h.p.o.h.HiveMQPlatformReconcilerMigrationHandler - [helmlega] Validation of migrated Service 'hivemq-test-hivemq-legacy-platform-cluster' of HiveMQ Platform 'test-hivemq-legacy-platform'
2025-01-29 18:39:41,244 INFO c.h.h.t.HelmChartContainer - [hivemq-test-hivemq-platform] [hivemq-platform-operator] [d3bb76c6] 18:39:41.241 [ReconcilerExecutor-hivemq-controller-89] DEBUG c.h.p.o.h.HiveMQPlatformReconcilerMigrationHandler - [helmlega] Validation of migrated Service 'hivemq-test-hivemq-legacy-platform-mqtt' of HiveMQ Platform 'test-hivemq-legacy-platform'
2025-01-29 18:39:41,244 INFO c.h.h.t.HelmChartContainer - [hivemq-test-hivemq-platform] [hivemq-platform-operator] [d3bb76c6] 18:39:41.241 [ReconcilerExecutor-hivemq-controller-89] DEBUG c.h.p.o.h.HiveMQPlatformReconcilerMigrationHandler - [helmlega] Validation of migrated Service 'hivemq-test-hivemq-legacy-platform-api' of HiveMQ Platform 'test-hivemq-legacy-platform'
2025-01-29 18:39:41,244 INFO c.h.h.t.HelmChartContainer - [hivemq-test-hivemq-platform] [hivemq-platform-operator] [d3bb76c6] 18:39:41.241 [ReconcilerExecutor-hivemq-controller-89] INFO  c.h.p.o.h.HiveMQPlatformReconcilerMigrationHandler - [helmlega] Migration of HiveMQ Cluster test-hivemq-legacy-platform with StatefulSet validated successfully
2025-01-29 18:39:41,258 INFO c.h.h.t.HelmChartContainer - [hivemq-test-hivemq-platform] [hivemq-platform-operator] [d3bb76c6] 18:39:41.257 [ReconcilerExecutor-hivemq-controller-89] DEBUG c.h.p.operator.event.EventSender - [helmlega] Creating K8s event hivemq-platform-ready: [Ready] HiveMQ Platform is ready
2025-01-29 18:39:41,262 INFO c.h.h.t.HelmChartContainer - [EVENT] Normal [Ready] HiveMQ Platform is ready [helmlegacystatefulsetmigrationit-operator:test-hivemq-legacy-platform]
2025-01-29 18:39:41,263 INFO c.h.h.t.HelmChartContainer - [hivemq-test-hivemq-platform] [hivemq-platform-operator] [d3bb76c6] 18:39:41.262 [ReconcilerExecutor-hivemq-controller-89] INFO  c.h.p.o.h.AbstractHiveMQReconcilerStateHandler - [helmlega] Update HiveMQ Platform Status (STATEFULSET_MIGRATION [STATEFULSET_MIGRATION_VALIDATION] -> RUNNING [READY]): HiveMQ Platform is ready
2025-01-29 18:39:41,348 DEBUG com.hivemq.helmcharts.util.K8sUtil - Comparing actual state 'RUNNING' and waiting for 'ROLLING_RESTART'
2025-01-29 18:39:51,358 INFO c.h.h.t.HelmChartContainer - [hivemq-test-hivemq-platform] [hivemq-platform-operator] [d3bb76c6] 18:39:51.355 [pool-6-thread-42] DEBUG c.h.p.o.d.PlatformServiceResource - [helmlega] Desired Platform services (4 services)
2025-01-29 18:39:51,358 INFO c.h.h.t.HelmChartContainer - [hivemq-test-hivemq-platform] [hivemq-platform-operator] [d3bb76c6] 18:39:51.357 [pool-6-thread-43] DEBUG c.h.p.o.dependants.PodInfoConfigMap - [helmlega] Desired PodInfo ConfigMap (2 extensions) (1 enabled)
2025-01-29 18:39:51,358 INFO c.h.h.t.HelmChartContainer - [hivemq-test-hivemq-platform] [hivemq-platform-operator] [d3bb76c6] 18:39:51.357 [pool-6-thread-43] DEBUG c.h.p.o.dependants.PodInfoConfigMap - [helmlega] Desired PodInfo ConfigMap (metrics port: 9399) (metrics path: /)
2025-01-29 18:39:51,358 INFO c.h.h.t.HelmChartContainer - [hivemq-test-hivemq-platform] [hivemq-platform-operator] [d3bb76c6] 18:39:51.357 [pool-6-thread-43] DEBUG c.h.p.o.dependants.PodInfoConfigMap - [helmlega] Desired PodInfo ConfigMap (extension state hash: -1203431371)
2025-01-29 18:39:51,363 INFO c.h.h.t.HelmChartContainer - [hivemq-test-hivemq-platform] [hivemq-platform-operator] [d3bb76c6] 18:39:51.362 [pool-6-thread-47] DEBUG c.h.p.o.d.PodServiceAccountResource - [helmlega] Desired PodServiceAccountResource (serviceAccountName: hivemq-platform-pod-test-hivemq-legacy-platform)
2025-01-29 18:39:51,368 INFO c.h.h.t.HelmChartContainer - [hivemq-test-hivemq-platform] [hivemq-platform-operator] [d3bb76c6] 18:39:51.367 [pool-6-thread-43] DEBUG c.h.p.o.dependants.PodInfoConfigMap - [helmlega] Update PodInfo ConfigMap
2025-01-29 18:39:51,649 INFO c.h.h.t.HelmChartContainer - [hivemq-test-hivemq-platform] [hivemq-platform-operator] [d3bb76c6] 18:39:51.647 [pool-6-thread-50] DEBUG c.h.p.o.d.StatefulSetResource - [helmlega] Actual selector match labels: {app=hivemq, hivemq-cluster=test-hivemq-legacy-platform}
2025-01-29 18:39:51,649 INFO c.h.h.t.HelmChartContainer - [hivemq-test-hivemq-platform] [hivemq-platform-operator] [d3bb76c6] 18:39:51.647 [pool-6-thread-50] DEBUG c.h.p.o.d.StatefulSetResource - [helmlega] Target selector match labels: {hivemq-platform=test-hivemq-legacy-platform}
2025-01-29 18:39:51,649 INFO c.h.h.t.HelmChartContainer - [hivemq-test-hivemq-platform] [hivemq-platform-operator] [d3bb76c6] 18:39:51.647 [pool-6-thread-50] INFO  c.h.p.o.d.StatefulSetResource - [helmlega] Detected change of immutable fields in StatefulSet specification, will re-create the StatefulSet
2025-01-29 18:39:51,657 INFO c.h.h.t.HelmChartContainer - [hivemq-test-hivemq-platform] [hivemq-platform-operator] [d3bb76c6] 18:39:51.655 [pool-6-thread-50] INFO  c.h.p.o.d.StatefulSetResource - [helmlega] Fixing labels on Pod 'test-hivemq-legacy-platform-0'
2025-01-29 18:39:51,672 INFO c.h.h.t.HelmChartContainer - [POD] test-hivemq-legacy-platform-0 [f4805ab6-8fc1-4628-bc88-ffd714109d7f] in helmlegacystatefulsetmigrationit-operator was MODIFIED
2025-01-29 18:39:51,778 INFO c.h.h.t.HelmChartContainer - [POD] test-hivemq-legacy-platform-0 [f4805ab6-8fc1-4628-bc88-ffd714109d7f] in helmlegacystatefulsetmigrationit-operator was MODIFIED
2025-01-29 18:39:51,778 INFO c.h.h.t.HelmChartContainer - [K3S] [stateful_set.go:438] "Unhandled Error" err="error syncing StatefulSet helmlegacystatefulsetmigrationit-operator/test-hivemq-legacy-platform, requeuing: can't adopt ControllerRevisions: helmlegacystatefulsetmigrationit-operator/test-hivemq-legacy-platform has just been deleted at 2025-01-29 18:39:51 +0000 UTC"
2025-01-29 18:39:51,781 INFO c.h.h.t.HelmChartContainer - [K3S] [stateful_set.go:438] "Unhandled Error" err="error syncing StatefulSet helmlegacystatefulsetmigrationit-operator/test-hivemq-legacy-platform, requeuing: can't adopt ControllerRevisions: helmlegacystatefulsetmigrationit-operator/test-hivemq-legacy-platform has just been deleted at 2025-01-29 18:39:51 +0000 UTC"
2025-01-29 18:39:51,786 INFO c.h.h.t.HelmChartContainer - [K3S] [stateful_set.go:438] "Unhandled Error" err="error syncing StatefulSet helmlegacystatefulsetmigrationit-operator/test-hivemq-legacy-platform, requeuing: can't adopt ControllerRevisions: helmlegacystatefulsetmigrationit-operator/test-hivemq-legacy-platform has just been deleted at 2025-01-29 18:39:51 +0000 UTC"
2025-01-29 18:39:51,795 INFO c.h.h.t.HelmChartContainer - [K3S] [stateful_set.go:466] "StatefulSet has been deleted" key="helmlegacystatefulsetmigrationit-operator/test-hivemq-legacy-platform"
2025-01-29 18:39:51,809 INFO c.h.h.t.HelmChartContainer - [K3S] [stateful_set.go:466] "StatefulSet has been deleted" key="helmlegacystatefulsetmigrationit-operator/test-hivemq-legacy-platform"
2025-01-29 18:39:51,847 INFO c.h.h.t.HelmChartContainer - [hivemq-test-hivemq-platform] [hivemq-platform-operator] [d3bb76c6] 18:39:51.845 [pool-6-thread-50] INFO  c.h.p.o.d.StatefulSetResource - [helmlega] StatefulSet needs to be re-created, stopping current reconciliation
2025-01-29 18:39:51,849 INFO c.h.h.t.HelmChartContainer - [hivemq-test-hivemq-platform] [hivemq-platform-operator] [d3bb76c6] 18:39:51.845 [ReconcilerExecutor-hivemq-controller-100] INFO  c.h.p.o.HiveMQPlatformReconciler - [helmlega] Reconciling HiveMQ Platform 'test-hivemq-legacy-platform' in namespace 'helmlegacystatefulsetmigrationit-operator'
2025-01-29 18:39:51,849 INFO c.h.h.t.HelmChartContainer - [hivemq-test-hivemq-platform] [hivemq-platform-operator] [d3bb76c6] 18:39:51.847 [ReconcilerExecutor-hivemq-controller-100] DEBUG c.h.p.o.HiveMQPlatformReconciler - [helmlega] Custom Resource Status RUNNING - HiveMQ Platform is ready (READY) (reconciliation requests: ROLLING_RESTART, REQUESTS_UPDATED)
2025-01-29 18:39:51,849 INFO c.h.h.t.HelmChartContainer - [hivemq-test-hivemq-platform] [hivemq-platform-operator] [d3bb76c6] 18:39:51.847 [ReconcilerExecutor-hivemq-controller-100] DEBUG c.h.p.o.HiveMQPlatformReconciler - [helmlega] Custom Resource Spec (replicas: 1) (extensions: 2)
2025-01-29 18:39:51,854 INFO c.h.h.t.HelmChartContainer - [hivemq-test-hivemq-platform] [hivemq-platform-operator] [d3bb76c6] 18:39:51.853 [ReconcilerExecutor-hivemq-controller-100] DEBUG c.h.p.o.HiveMQPlatformReconciler - [helmlega] StatefulSet Status (revision: test-hivemq-legacy-platform-84fd8d4856, replicas: 1, available: 1, ready: 1, current: 1, updated: 1)
2025-01-29 18:39:51,856 INFO c.h.h.t.HelmChartContainer - [hivemq-test-hivemq-platform] [hivemq-platform-operator] [d3bb76c6] 18:39:51.854 [ReconcilerExecutor-hivemq-controller-100] DEBUG c.h.p.o.HiveMQPlatformReconciler - [helmlega] StatefulSet Spec (replicas: 1, init containers: 2, containers: 1, volumes: 10)
2025-01-29 18:39:51,969 INFO c.h.h.t.HelmChartContainer - [hivemq-test-hivemq-platform] [hivemq-platform-operator] [d3bb76c6] 18:39:51.965 [ReconcilerExecutor-hivemq-controller-100] DEBUG c.h.p.o.h.HiveMQPlatformReconcilerErrorHandler - [helmlega] Pod 'test-hivemq-legacy-platform-0' phase Running
2025-01-29 18:39:51,969 INFO c.h.h.t.HelmChartContainer - [hivemq-test-hivemq-platform] [hivemq-platform-operator] [d3bb76c6] 18:39:51.967 [ReconcilerExecutor-hivemq-controller-100] INFO  c.h.p.o.h.HiveMQPlatformReconcilerBaseHandler - [helmlega] Started rolling restart (scaling to 2 replicas)
2025-01-29 18:39:52,050 INFO c.h.h.t.HelmChartContainer - [hivemq-test-hivemq-platform] [hivemq-platform-operator] [d3bb76c6] 18:39:52.049 [ReconcilerExecutor-hivemq-controller-100] DEBUG c.h.p.operator.event.EventSender - [helmlega] Creating K8s event rolling-restart-started: [RollingRestart] HiveMQ Platform is starting a surge Pod (rolling restart)
2025-01-29 18:39:52,054 INFO c.h.h.t.HelmChartContainer - [EVENT] Normal [RollingRestart] HiveMQ Platform is starting a surge Pod (rolling restart) [helmlegacystatefulsetmigrationit-operator:test-hivemq-legacy-platform]
2025-01-29 18:39:52,056 INFO c.h.h.t.HelmChartContainer - [hivemq-test-hivemq-platform] [hivemq-platform-operator] [d3bb76c6] 18:39:52.054 [ReconcilerExecutor-hivemq-controller-100] INFO  c.h.p.o.h.AbstractHiveMQReconcilerStateHandler - [helmlega] Update HiveMQ Platform Status (RUNNING [READY] -> ROLLING_RESTART [SURGE_IN_PROGRESS]): HiveMQ Platform is starting a surge Pod (rolling restart)
2025-01-29 18:39:52,065 DEBUG com.hivemq.helmcharts.util.K8sUtil - Comparing actual state 'ROLLING_RESTART' and waiting for 'ROLLING_RESTART'
2025-01-29 18:39:52,076 DEBUG com.hivemq.helmcharts.util.K8sUtil - Comparing actual state 'ROLLING_RESTART' and waiting for 'RUNNING'
2025-01-29 18:39:52,148 INFO c.h.h.t.HelmChartContainer - [hivemq-test-hivemq-platform] [hivemq-platform-operator] [d3bb76c6] 18:39:52.144 [pool-6-thread-5] DEBUG c.h.p.o.d.PlatformServiceResource - [helmlega] Desired Platform services (4 services)
2025-01-29 18:39:52,148 INFO c.h.h.t.HelmChartContainer - [hivemq-test-hivemq-platform] [hivemq-platform-operator] [d3bb76c6] 18:39:52.145 [pool-6-thread-8] DEBUG c.h.p.o.dependants.PodInfoConfigMap - [helmlega] Desired PodInfo ConfigMap (2 extensions) (1 enabled)
2025-01-29 18:39:52,148 INFO c.h.h.t.HelmChartContainer - [hivemq-test-hivemq-platform] [hivemq-platform-operator] [d3bb76c6] 18:39:52.145 [pool-6-thread-8] DEBUG c.h.p.o.dependants.PodInfoConfigMap - [helmlega] Desired PodInfo ConfigMap (metrics port: 9399) (metrics path: /)
2025-01-29 18:39:52,148 INFO c.h.h.t.HelmChartContainer - [hivemq-test-hivemq-platform] [hivemq-platform-operator] [d3bb76c6] 18:39:52.145 [pool-6-thread-8] DEBUG c.h.p.o.dependants.PodInfoConfigMap - [helmlega] Desired PodInfo ConfigMap (extension state hash: -1203431371)
2025-01-29 18:39:52,148 INFO c.h.h.t.HelmChartContainer - [hivemq-test-hivemq-platform] [hivemq-platform-operator] [d3bb76c6] 18:39:52.146 [pool-6-thread-3] DEBUG c.h.p.o.d.PodServiceAccountResource - [helmlega] Desired PodServiceAccountResource (serviceAccountName: hivemq-platform-pod-test-hivemq-legacy-platform)
2025-01-29 18:39:52,148 INFO c.h.h.t.HelmChartContainer - [hivemq-test-hivemq-platform] [hivemq-platform-operator] [d3bb76c6] 18:39:52.146 [pool-6-thread-8] DEBUG c.h.p.o.dependants.PodInfoConfigMap - [helmlega] Update PodInfo ConfigMap
2025-01-29 18:39:52,237 INFO c.h.h.t.HelmChartContainer - [hivemq-test-hivemq-platform] [hivemq-platform-operator] [d3bb76c6] 18:39:52.156 [pool-6-thread-8] DEBUG c.h.p.o.d.StatefulSetResource - [helmlega] Desired StatefulSet (2 replicas) for status ROLLING_RESTART (SURGE_IN_PROGRESS)
2025-01-29 18:39:52,253 INFO c.h.h.t.HelmChartContainer - [hivemq-test-hivemq-platform] [hivemq-platform-operator] [d3bb76c6] 18:39:52.252 [pool-6-thread-8] DEBUG c.h.p.o.d.StatefulSetResource - [helmlega] Create StatefulSet
2025-01-29 18:39:52,276 INFO c.h.h.t.HelmChartContainer - [POD] test-hivemq-legacy-platform-0 [f4805ab6-8fc1-4628-bc88-ffd714109d7f] in helmlegacystatefulsetmigrationit-operator was MODIFIED
2025-01-29 18:39:52,285 INFO c.h.h.t.HelmChartContainer - [EVENT] Normal [SuccessfulCreate] create Claim data-test-hivemq-legacy-platform-1 Pod test-hivemq-legacy-platform-1 in StatefulSet test-hivemq-legacy-platform success [helmlegacystatefulsetmigrationit-operator:test-hivemq-legacy-platform]
2025-01-29 18:39:52,286 INFO c.h.h.t.HelmChartContainer - [EVENT] Normal [WaitForFirstConsumer] waiting for first consumer to be created before binding [helmlegacystatefulsetmigrationit-operator:data-test-hivemq-legacy-platform-1]
2025-01-29 18:39:52,289 INFO c.h.h.t.HelmChartContainer - [POD] test-hivemq-legacy-platform-1 [72aeed9e-d82b-4122-a634-0f240d1bd4dd] in helmlegacystatefulsetmigrationit-operator was ADDED
2025-01-29 18:39:52,290 INFO c.h.h.t.HelmChartContainer - [EVENT] Normal [SuccessfulCreate] create Pod test-hivemq-legacy-platform-1 in StatefulSet test-hivemq-legacy-platform successful [helmlegacystatefulsetmigrationit-operator:test-hivemq-legacy-platform]
2025-01-29 18:39:52,300 INFO c.h.h.t.HelmChartContainer - [EVENT] Normal [ExternalProvisioning] Waiting for a volume to be created either by the external provisioner 'rancher.io/local-path' or manually by the system administrator. If volume creation is delayed, please verify that the provisioner is running and correctly registered. [helmlegacystatefulsetmigrationit-operator:data-test-hivemq-legacy-platform-1]
2025-01-29 18:39:52,301 INFO c.h.h.t.HelmChartContainer - [EVENT] Normal [ExternalProvisioning] Waiting for a volume to be created either by the external provisioner 'rancher.io/local-path' or manually by the system administrator. If volume creation is delayed, please verify that the provisioner is running and correctly registered. [helmlegacystatefulsetmigrationit-operator:data-test-hivemq-legacy-platform-1]
2025-01-29 18:39:52,304 INFO c.h.h.t.HelmChartContainer - [EVENT] Normal [Provisioning] External provisioner is provisioning volume for claim "helmlegacystatefulsetmigrationit-operator/data-test-hivemq-legacy-platform-1" [helmlegacystatefulsetmigrationit-operator:data-test-hivemq-legacy-platform-1]
2025-01-29 18:39:52,344 INFO c.h.h.t.HelmChartContainer - [hivemq-test-hivemq-platform] [hivemq-platform-operator] [d3bb76c6] 18:39:52.341 [ReconcilerExecutor-hivemq-controller-111] INFO  c.h.p.o.HiveMQPlatformReconciler - [helmlega] Reconciling HiveMQ Platform 'test-hivemq-legacy-platform' in namespace 'helmlegacystatefulsetmigrationit-operator'
2025-01-29 18:39:52,346 INFO c.h.h.t.HelmChartContainer - [hivemq-test-hivemq-platform] [hivemq-platform-operator] [d3bb76c6] 18:39:52.342 [ReconcilerExecutor-hivemq-controller-111] DEBUG c.h.p.o.HiveMQPlatformReconciler - [helmlega] Custom Resource Status ROLLING_RESTART - HiveMQ Platform is starting a surge Pod (rolling restart) (SURGE_IN_PROGRESS)
2025-01-29 18:39:52,346 INFO c.h.h.t.HelmChartContainer - [hivemq-test-hivemq-platform] [hivemq-platform-operator] [d3bb76c6] 18:39:52.342 [ReconcilerExecutor-hivemq-controller-111] DEBUG c.h.p.o.HiveMQPlatformReconciler - [helmlega] Custom Resource Spec (replicas: 1) (extensions: 2)
2025-01-29 18:39:52,347 INFO c.h.h.t.HelmChartContainer - [hivemq-test-hivemq-platform] [hivemq-platform-operator] [d3bb76c6] 18:39:52.346 [ReconcilerExecutor-hivemq-controller-111] DEBUG c.h.p.o.HiveMQPlatformReconciler - [helmlega] StatefulSet Status (revision: null, replicas: 0, available: 0, ready: 0, current: 0, updated: 0)
2025-01-29 18:39:52,348 INFO c.h.h.t.HelmChartContainer - [hivemq-test-hivemq-platform] [hivemq-platform-operator] [d3bb76c6] 18:39:52.347 [ReconcilerExecutor-hivemq-controller-111] DEBUG c.h.p.o.HiveMQPlatformReconciler - [helmlega] StatefulSet Spec (replicas: 2, init containers: 1, containers: 1, volumes: 6)
2025-01-29 18:39:52,351 INFO c.h.h.t.HelmChartContainer - [hivemq-test-hivemq-platform] [hivemq-platform-operator] [d3bb76c6] 18:39:52.350 [ReconcilerExecutor-hivemq-controller-111] DEBUG c.h.p.o.h.HiveMQPlatformReconcilerErrorHandler - [helmlega] Pod 'test-hivemq-legacy-platform-0' phase Running
2025-01-29 18:39:52,353 INFO c.h.h.t.HelmChartContainer - [hivemq-test-hivemq-platform] [hivemq-platform-operator] [d3bb76c6] 18:39:52.352 [ReconcilerExecutor-hivemq-controller-111] DEBUG c.h.p.o.h.HiveMQPlatformReconcilerRollingRestartHandler - [helmlega] Rolling restart is waiting for 0 of 2 replicas
2025-01-29 18:39:52,386 INFO c.h.h.t.HelmChartContainer - [POD] helper-pod-create-pvc-edd45a52-47ff-4a21-98d7-0eb61a219e3e [9f891277-14b2-45fa-b446-a992feb3b109] in kube-system was ADDED
2025-01-29 18:39:52,393 INFO c.h.h.t.HelmChartContainer - [POD] helper-pod-create-pvc-edd45a52-47ff-4a21-98d7-0eb61a219e3e [9f891277-14b2-45fa-b446-a992feb3b109] in kube-system was MODIFIED
2025-01-29 18:39:52,447 INFO c.h.h.t.HelmChartContainer - [hivemq-test-hivemq-platform] [hivemq-platform-operator] [d3bb76c6] 18:39:52.445 [pool-6-thread-17] DEBUG c.h.p.o.d.PlatformServiceResource - [helmlega] Desired Platform services (4 services)
2025-01-29 18:39:52,450 INFO c.h.h.t.HelmChartContainer - [hivemq-test-hivemq-platform] [hivemq-platform-operator] [d3bb76c6] 18:39:52.446 [pool-6-thread-15] DEBUG c.h.p.o.dependants.PodInfoConfigMap - [helmlega] Desired PodInfo ConfigMap (2 extensions) (1 enabled)
2025-01-29 18:39:52,450 INFO c.h.h.t.HelmChartContainer - [hivemq-test-hivemq-platform] [hivemq-platform-operator] [d3bb76c6] 18:39:52.446 [pool-6-thread-15] DEBUG c.h.p.o.dependants.PodInfoConfigMap - [helmlega] Desired PodInfo ConfigMap (metrics port: 9399) (metrics path: /)
2025-01-29 18:39:52,450 INFO c.h.h.t.HelmChartContainer - [hivemq-test-hivemq-platform] [hivemq-platform-operator] [d3bb76c6] 18:39:52.446 [pool-6-thread-15] DEBUG c.h.p.o.dependants.PodInfoConfigMap - [helmlega] Desired PodInfo ConfigMap (extension state hash: -1203431371)
2025-01-29 18:39:52,453 INFO c.h.h.t.HelmChartContainer - [hivemq-test-hivemq-platform] [hivemq-platform-operator] [d3bb76c6] 18:39:52.448 [pool-6-thread-14] DEBUG c.h.p.o.d.PodServiceAccountResource - [helmlega] Desired PodServiceAccountResource (serviceAccountName: hivemq-platform-pod-test-hivemq-legacy-platform)
2025-01-29 18:39:52,458 INFO c.h.h.t.HelmChartContainer - [hivemq-test-hivemq-platform] [hivemq-platform-operator] [d3bb76c6] 18:39:52.457 [pool-6-thread-17] DEBUG c.h.p.o.d.StatefulSetResource - [helmlega] Desired StatefulSet (2 replicas) for status ROLLING_RESTART (SURGE_IN_PROGRESS)
2025-01-29 18:39:52,502 INFO c.h.h.t.HelmChartContainer - [K3S] [reconciler_common.go:251] "operationExecutor.VerifyControllerAttachedVolume started for volume \"script\" (UniqueName: \"kubernetes.io/configmap/9f891277-14b2-45fa-b446-a992feb3b109-script\") pod \"helper-pod-create-pvc-edd45a52-47ff-4a21-98d7-0eb61a219e3e\" (UID: \"9f891277-14b2-45fa-b446-a992feb3b109\") " pod="kube-system/helper-pod-create-pvc-edd45a52-47ff-4a21-98d7-0eb61a219e3e"
2025-01-29 18:39:52,502 INFO c.h.h.t.HelmChartContainer - [K3S] [reconciler_common.go:251] "operationExecutor.VerifyControllerAttachedVolume started for volume \"kube-api-access-27rtj\" (UniqueName: \"kubernetes.io/projected/9f891277-14b2-45fa-b446-a992feb3b109-kube-api-access-27rtj\") pod \"helper-pod-create-pvc-edd45a52-47ff-4a21-98d7-0eb61a219e3e\" (UID: \"9f891277-14b2-45fa-b446-a992feb3b109\") " pod="kube-system/helper-pod-create-pvc-edd45a52-47ff-4a21-98d7-0eb61a219e3e"
2025-01-29 18:39:52,502 INFO c.h.h.t.HelmChartContainer - [K3S] [reconciler_common.go:251] "operationExecutor.VerifyControllerAttachedVolume started for volume \"data\" (UniqueName: \"kubernetes.io/host-path/9f891277-14b2-45fa-b446-a992feb3b109-data\") pod \"helper-pod-create-pvc-edd45a52-47ff-4a21-98d7-0eb61a219e3e\" (UID: \"9f891277-14b2-45fa-b446-a992feb3b109\") " pod="kube-system/helper-pod-create-pvc-edd45a52-47ff-4a21-98d7-0eb61a219e3e"
2025-01-29 18:39:52,549 INFO c.h.h.t.HelmChartContainer - [hivemq-test-hivemq-platform] [hivemq-platform-operator] [d3bb76c6] 18:39:52.545 [ReconcilerExecutor-hivemq-controller-112] INFO  c.h.p.o.HiveMQPlatformReconciler - [helmlega] Reconciling HiveMQ Platform 'test-hivemq-legacy-platform' in namespace 'helmlegacystatefulsetmigrationit-operator'
2025-01-29 18:39:52,549 INFO c.h.h.t.HelmChartContainer - [hivemq-test-hivemq-platform] [hivemq-platform-operator] [d3bb76c6] 18:39:52.546 [ReconcilerExecutor-hivemq-controller-112] DEBUG c.h.p.o.HiveMQPlatformReconciler - [helmlega] Custom Resource Status ROLLING_RESTART - HiveMQ Platform is starting a surge Pod (rolling restart) (SURGE_IN_PROGRESS)
2025-01-29 18:39:52,549 INFO c.h.h.t.HelmChartContainer - [hivemq-test-hivemq-platform] [hivemq-platform-operator] [d3bb76c6] 18:39:52.546 [ReconcilerExecutor-hivemq-controller-112] DEBUG c.h.p.o.HiveMQPlatformReconciler - [helmlega] Custom Resource Spec (replicas: 1) (extensions: 2)
2025-01-29 18:39:52,549 INFO c.h.h.t.HelmChartContainer - [hivemq-test-hivemq-platform] [hivemq-platform-operator] [d3bb76c6] 18:39:52.548 [ReconcilerExecutor-hivemq-controller-112] DEBUG c.h.p.o.HiveMQPlatformReconciler - [helmlega] StatefulSet Status (revision: test-hivemq-legacy-platform-65df8dcb7f, replicas: 2, available: 1, ready: 1, current: 1, updated: 1)
2025-01-29 18:39:52,551 INFO c.h.h.t.HelmChartContainer - [hivemq-test-hivemq-platform] [hivemq-platform-operator] [d3bb76c6] 18:39:52.548 [ReconcilerExecutor-hivemq-controller-112] DEBUG c.h.p.o.HiveMQPlatformReconciler - [helmlega] StatefulSet Spec (replicas: 2, init containers: 1, containers: 1, volumes: 6)
2025-01-29 18:39:52,554 INFO c.h.h.t.HelmChartContainer - [hivemq-test-hivemq-platform] [hivemq-platform-operator] [d3bb76c6] 18:39:52.549 [ReconcilerExecutor-hivemq-controller-112] DEBUG c.h.p.o.h.HiveMQPlatformReconcilerErrorHandler - [helmlega] Pod 'test-hivemq-legacy-platform-1' phase Pending
2025-01-29 18:39:52,555 INFO c.h.h.t.HelmChartContainer - [hivemq-test-hivemq-platform] [hivemq-platform-operator] [d3bb76c6] 18:39:52.552 [ReconcilerExecutor-hivemq-controller-112] DEBUG c.h.p.o.h.HiveMQPlatformReconcilerErrorHandler - [helmlega] Pod 'test-hivemq-legacy-platform-0' phase Running
2025-01-29 18:39:52,555 INFO c.h.h.t.HelmChartContainer - [hivemq-test-hivemq-platform] [hivemq-platform-operator] [d3bb76c6] 18:39:52.552 [ReconcilerExecutor-hivemq-controller-112] DEBUG c.h.p.o.h.HiveMQPlatformReconcilerRollingRestartHandler - [helmlega] Rolling restart is waiting for 1 of 2 replicas
2025-01-29 18:39:52,646 INFO c.h.h.t.HelmChartContainer - [hivemq-test-hivemq-platform] [hivemq-platform-operator] [d3bb76c6] 18:39:52.640 [pool-6-thread-24] DEBUG c.h.p.o.d.PlatformServiceResource - [helmlega] Desired Platform services (4 services)
2025-01-29 18:39:52,646 INFO c.h.h.t.HelmChartContainer - [hivemq-test-hivemq-platform] [hivemq-platform-operator] [d3bb76c6] 18:39:52.642 [pool-6-thread-25] DEBUG c.h.p.o.dependants.PodInfoConfigMap - [helmlega] Desired PodInfo ConfigMap (2 extensions) (1 enabled)
2025-01-29 18:39:52,646 INFO c.h.h.t.HelmChartContainer - [hivemq-test-hivemq-platform] [hivemq-platform-operator] [d3bb76c6] 18:39:52.642 [pool-6-thread-25] DEBUG c.h.p.o.dependants.PodInfoConfigMap - [helmlega] Desired PodInfo ConfigMap (metrics port: 9399) (metrics path: /)
2025-01-29 18:39:52,646 INFO c.h.h.t.HelmChartContainer - [hivemq-test-hivemq-platform] [hivemq-platform-operator] [d3bb76c6] 18:39:52.642 [pool-6-thread-25] DEBUG c.h.p.o.dependants.PodInfoConfigMap - [helmlega] Desired PodInfo ConfigMap (extension state hash: -1203431371)
2025-01-29 18:39:52,646 INFO c.h.h.t.HelmChartContainer - [hivemq-test-hivemq-platform] [hivemq-platform-operator] [d3bb76c6] 18:39:52.643 [pool-6-thread-25] DEBUG c.h.p.o.d.PodServiceAccountResource - [helmlega] Desired PodServiceAccountResource (serviceAccountName: hivemq-platform-pod-test-hivemq-legacy-platform)
2025-01-29 18:39:52,650 INFO c.h.h.t.HelmChartContainer - [hivemq-test-hivemq-platform] [hivemq-platform-operator] [d3bb76c6] 18:39:52.648 [pool-6-thread-24] DEBUG c.h.p.o.d.StatefulSetResource - [helmlega] Desired StatefulSet (2 replicas) for status ROLLING_RESTART (SURGE_IN_PROGRESS)
2025-01-29 18:39:52,654 INFO c.h.h.t.HelmChartContainer - [hivemq-test-hivemq-platform] [hivemq-platform-operator] [d3bb76c6] 18:39:52.653 [ReconcilerExecutor-hivemq-controller-113] INFO  c.h.p.o.HiveMQPlatformReconciler - [helmlega] Reconciling HiveMQ Platform 'test-hivemq-legacy-platform' in namespace 'helmlegacystatefulsetmigrationit-operator'
2025-01-29 18:39:52,655 INFO c.h.h.t.HelmChartContainer - [hivemq-test-hivemq-platform] [hivemq-platform-operator] [d3bb76c6] 18:39:52.654 [ReconcilerExecutor-hivemq-controller-113] DEBUG c.h.p.o.HiveMQPlatformReconciler - [helmlega] Custom Resource Status ROLLING_RESTART - HiveMQ Platform is starting a surge Pod (rolling restart) (SURGE_IN_PROGRESS)
2025-01-29 18:39:52,656 INFO c.h.h.t.HelmChartContainer - [hivemq-test-hivemq-platform] [hivemq-platform-operator] [d3bb76c6] 18:39:52.654 [ReconcilerExecutor-hivemq-controller-113] DEBUG c.h.p.o.HiveMQPlatformReconciler - [helmlega] Custom Resource Spec (replicas: 1) (extensions: 2)
2025-01-29 18:39:52,658 INFO c.h.h.t.HelmChartContainer - [hivemq-test-hivemq-platform] [hivemq-platform-operator] [d3bb76c6] 18:39:52.657 [ReconcilerExecutor-hivemq-controller-113] DEBUG c.h.p.o.HiveMQPlatformReconciler - [helmlega] StatefulSet Status (revision: test-hivemq-legacy-platform-65df8dcb7f, replicas: 2, available: 1, ready: 1, current: 1, updated: 1)
2025-01-29 18:39:52,738 INFO c.h.h.t.HelmChartContainer - [hivemq-test-hivemq-platform] [hivemq-platform-operator] [d3bb76c6] 18:39:52.658 [ReconcilerExecutor-hivemq-controller-113] DEBUG c.h.p.o.HiveMQPlatformReconciler - [helmlega] StatefulSet Spec (replicas: 2, init containers: 1, containers: 1, volumes: 6)
2025-01-29 18:39:52,741 INFO c.h.h.t.HelmChartContainer - [hivemq-test-hivemq-platform] [hivemq-platform-operator] [d3bb76c6] 18:39:52.741 [ReconcilerExecutor-hivemq-controller-113] DEBUG c.h.p.o.h.HiveMQPlatformReconcilerErrorHandler - [helmlega] Pod 'test-hivemq-legacy-platform-1' phase Pending
2025-01-29 18:39:52,745 INFO c.h.h.t.HelmChartContainer - [hivemq-test-hivemq-platform] [hivemq-platform-operator] [d3bb76c6] 18:39:52.743 [ReconcilerExecutor-hivemq-controller-113] DEBUG c.h.p.o.h.HiveMQPlatformReconcilerErrorHandler - [helmlega] Pod 'test-hivemq-legacy-platform-0' phase Running
2025-01-29 18:39:52,745 INFO c.h.h.t.HelmChartContainer - [hivemq-test-hivemq-platform] [hivemq-platform-operator] [d3bb76c6] 18:39:52.744 [ReconcilerExecutor-hivemq-controller-113] DEBUG c.h.p.o.h.HiveMQPlatformReconcilerRollingRestartHandler - [helmlega] Rolling restart is waiting for 1 of 2 replicas
2025-01-29 18:39:53,396 INFO c.h.h.t.HelmChartContainer - [EVENT] Normal [ExternalProvisioning] Waiting for a volume to be created either by the external provisioner 'rancher.io/local-path' or manually by the system administrator. If volume creation is delayed, please verify that the provisioner is running and correctly registered. [helmlegacystatefulsetmigrationit-operator:data-test-hivemq-legacy-platform-1]
2025-01-29 18:39:53,774 INFO c.h.h.t.HelmChartContainer - [POD] helper-pod-create-pvc-edd45a52-47ff-4a21-98d7-0eb61a219e3e [9f891277-14b2-45fa-b446-a992feb3b109] in kube-system was MODIFIED
2025-01-29 18:39:54,842 INFO c.h.h.t.HelmChartContainer - [POD] helper-pod-create-pvc-edd45a52-47ff-4a21-98d7-0eb61a219e3e [9f891277-14b2-45fa-b446-a992feb3b109] in kube-system was MODIFIED
2025-01-29 18:39:54,917 INFO c.h.h.t.HelmChartContainer - [K3S] [reconciler_common.go:162] "operationExecutor.UnmountVolume started for volume \"data\" (UniqueName: \"kubernetes.io/host-path/9f891277-14b2-45fa-b446-a992feb3b109-data\") pod \"9f891277-14b2-45fa-b446-a992feb3b109\" (UID: \"9f891277-14b2-45fa-b446-a992feb3b109\") "
2025-01-29 18:39:54,917 INFO c.h.h.t.HelmChartContainer - [K3S] [reconciler_common.go:162] "operationExecutor.UnmountVolume started for volume \"script\" (UniqueName: \"kubernetes.io/configmap/9f891277-14b2-45fa-b446-a992feb3b109-script\") pod \"9f891277-14b2-45fa-b446-a992feb3b109\" (UID: \"9f891277-14b2-45fa-b446-a992feb3b109\") "
2025-01-29 18:39:54,917 INFO c.h.h.t.HelmChartContainer - [K3S] [reconciler_common.go:162] "operationExecutor.UnmountVolume started for volume \"kube-api-access-27rtj\" (UniqueName: \"kubernetes.io/projected/9f891277-14b2-45fa-b446-a992feb3b109-kube-api-access-27rtj\") pod \"9f891277-14b2-45fa-b446-a992feb3b109\" (UID: \"9f891277-14b2-45fa-b446-a992feb3b109\") "
2025-01-29 18:39:55,017 INFO c.h.h.t.HelmChartContainer - [K3S] [reconciler_common.go:299] "Volume detached for volume \"script\" (UniqueName: \"kubernetes.io/configmap/9f891277-14b2-45fa-b446-a992feb3b109-script\") on node \"b7418fb8ab78\" DevicePath \"\""
2025-01-29 18:39:55,017 INFO c.h.h.t.HelmChartContainer - [K3S] [reconciler_common.go:299] "Volume detached for volume \"kube-api-access-27rtj\" (UniqueName: \"kubernetes.io/projected/9f891277-14b2-45fa-b446-a992feb3b109-kube-api-access-27rtj\") on node \"b7418fb8ab78\" DevicePath \"\""
2025-01-29 18:39:55,018 INFO c.h.h.t.HelmChartContainer - [K3S] [reconciler_common.go:299] "Volume detached for volume \"data\" (UniqueName: \"kubernetes.io/host-path/9f891277-14b2-45fa-b446-a992feb3b109-data\") on node \"b7418fb8ab78\" DevicePath \"\""
2025-01-29 18:39:55,404 INFO c.h.h.t.HelmChartContainer - [POD] helper-pod-create-pvc-edd45a52-47ff-4a21-98d7-0eb61a219e3e [9f891277-14b2-45fa-b446-a992feb3b109] in kube-system was MODIFIED
2025-01-29 18:39:55,407 INFO c.h.h.t.HelmChartContainer - [POD] helper-pod-create-pvc-edd45a52-47ff-4a21-98d7-0eb61a219e3e [9f891277-14b2-45fa-b446-a992feb3b109] in kube-system was DELETED
2025-01-29 18:39:55,415 INFO c.h.h.t.HelmChartContainer - [EVENT] Normal [ProvisioningSucceeded] Successfully provisioned volume pvc-edd45a52-47ff-4a21-98d7-0eb61a219e3e [helmlegacystatefulsetmigrationit-operator:data-test-hivemq-legacy-platform-1]
2025-01-29 18:39:55,467 INFO c.h.h.t.HelmChartContainer - [K3S] [kubelet_volumes.go:163] "Cleaned up orphaned pod volumes dir" podUID="9f891277-14b2-45fa-b446-a992feb3b109" path="/var/lib/kubelet/pods/9f891277-14b2-45fa-b446-a992feb3b109/volumes"
2025-01-29 18:39:55,770 INFO c.h.h.t.HelmChartContainer - [K3S] [scope.go:117] "RemoveContainer" containerID="2d982bc81c78313f97bb7c3a7d2a76259365755239816f6db0acf7c79956b128"
2025-01-29 18:39:56,296 INFO c.h.h.t.HelmChartContainer - [K3S] [memory_manager.go:355] "RemoveStaleState removing state" podUID="9f891277-14b2-45fa-b446-a992feb3b109" containerName="helper-pod"
2025-01-29 18:39:56,300 INFO c.h.h.t.HelmChartContainer - [POD] test-hivemq-legacy-platform-1 [72aeed9e-d82b-4122-a634-0f240d1bd4dd] in helmlegacystatefulsetmigrationit-operator was MODIFIED
2025-01-29 18:39:56,303 INFO c.h.h.t.HelmChartContainer - [EVENT] Normal [Scheduled] Successfully assigned helmlegacystatefulsetmigrationit-operator/test-hivemq-legacy-platform-1 to b7418fb8ab78 [helmlegacystatefulsetmigrationit-operator:test-hivemq-legacy-platform-1]
2025-01-29 18:39:56,318 INFO c.h.h.t.HelmChartContainer - [hivemq-test-hivemq-platform] [hivemq-platform-operator] [d3bb76c6] 18:39:56.313 [pool-6-thread-37] DEBUG c.h.p.o.d.PlatformServiceResource - [helmlega] Desired Platform services (4 services)
2025-01-29 18:39:56,323 INFO c.h.h.t.HelmChartContainer - [POD] test-hivemq-legacy-platform-1 [72aeed9e-d82b-4122-a634-0f240d1bd4dd] in helmlegacystatefulsetmigrationit-operator was MODIFIED
2025-01-29 18:39:56,324 INFO c.h.h.t.HelmChartContainer - [hivemq-test-hivemq-platform] [hivemq-platform-operator] [d3bb76c6] 18:39:56.323 [pool-6-thread-33] DEBUG c.h.p.o.d.PodServiceAccountResource - [helmlega] Desired PodServiceAccountResource (serviceAccountName: hivemq-platform-pod-test-hivemq-legacy-platform)
2025-01-29 18:39:56,330 INFO c.h.h.t.HelmChartContainer - [hivemq-test-hivemq-platform] [hivemq-platform-operator] [d3bb76c6] 18:39:56.323 [pool-6-thread-35] DEBUG c.h.p.o.dependants.PodInfoConfigMap - [helmlega] Desired PodInfo ConfigMap (2 extensions) (1 enabled)
2025-01-29 18:39:56,333 INFO c.h.h.t.HelmChartContainer - [hivemq-test-hivemq-platform] [hivemq-platform-operator] [d3bb76c6] 18:39:56.329 [pool-6-thread-35] DEBUG c.h.p.o.dependants.PodInfoConfigMap - [helmlega] Desired PodInfo ConfigMap (metrics port: 9399) (metrics path: /)
2025-01-29 18:39:56,333 INFO c.h.h.t.HelmChartContainer - [hivemq-test-hivemq-platform] [hivemq-platform-operator] [d3bb76c6] 18:39:56.329 [pool-6-thread-35] DEBUG c.h.p.o.dependants.PodInfoConfigMap - [helmlega] Desired PodInfo ConfigMap (extension state hash: -1203431371)
2025-01-29 18:39:56,363 INFO c.h.h.t.HelmChartContainer - [hivemq-test-hivemq-platform] [hivemq-platform-operator] [d3bb76c6] 18:39:56.361 [pool-6-thread-37] DEBUG c.h.p.o.d.StatefulSetResource - [helmlega] Desired StatefulSet (2 replicas) for status ROLLING_RESTART (SURGE_IN_PROGRESS)
2025-01-29 18:39:56,389 INFO c.h.h.t.HelmChartContainer - [hivemq-test-hivemq-platform] [hivemq-platform-operator] [d3bb76c6] 18:39:56.381 [ReconcilerExecutor-hivemq-controller-114] INFO  c.h.p.o.HiveMQPlatformReconciler - [helmlega] Reconciling HiveMQ Platform 'test-hivemq-legacy-platform' in namespace 'helmlegacystatefulsetmigrationit-operator'
2025-01-29 18:39:56,389 INFO c.h.h.t.HelmChartContainer - [hivemq-test-hivemq-platform] [hivemq-platform-operator] [d3bb76c6] 18:39:56.381 [ReconcilerExecutor-hivemq-controller-114] DEBUG c.h.p.o.HiveMQPlatformReconciler - [helmlega] Custom Resource Status ROLLING_RESTART - HiveMQ Platform is starting a surge Pod (rolling restart) (SURGE_IN_PROGRESS)
2025-01-29 18:39:56,389 INFO c.h.h.t.HelmChartContainer - [hivemq-test-hivemq-platform] [hivemq-platform-operator] [d3bb76c6] 18:39:56.381 [ReconcilerExecutor-hivemq-controller-114] DEBUG c.h.p.o.HiveMQPlatformReconciler - [helmlega] Custom Resource Spec (replicas: 1) (extensions: 2)
2025-01-29 18:39:56,390 INFO c.h.h.t.HelmChartContainer - [hivemq-test-hivemq-platform] [hivemq-platform-operator] [d3bb76c6] 18:39:56.387 [ReconcilerExecutor-hivemq-controller-114] DEBUG c.h.p.o.HiveMQPlatformReconciler - [helmlega] StatefulSet Status (revision: test-hivemq-legacy-platform-65df8dcb7f, replicas: 2, available: 1, ready: 1, current: 1, updated: 1)
2025-01-29 18:39:56,392 INFO c.h.h.t.HelmChartContainer - [hivemq-test-hivemq-platform] [hivemq-platform-operator] [d3bb76c6] 18:39:56.389 [ReconcilerExecutor-hivemq-controller-114] DEBUG c.h.p.o.HiveMQPlatformReconciler - [helmlega] StatefulSet Spec (replicas: 2, init containers: 1, containers: 1, volumes: 6)
2025-01-29 18:39:56,427 INFO c.h.h.t.HelmChartContainer - [K3S] [reconciler_common.go:251] "operationExecutor.VerifyControllerAttachedVolume started for volume \"pvc-edd45a52-47ff-4a21-98d7-0eb61a219e3e\" (UniqueName: \"kubernetes.io/local-volume/pvc-edd45a52-47ff-4a21-98d7-0eb61a219e3e\") pod \"test-hivemq-legacy-platform-1\" (UID: \"72aeed9e-d82b-4122-a634-0f240d1bd4dd\") " pod="helmlegacystatefulsetmigrationit-operator/test-hivemq-legacy-platform-1"
2025-01-29 18:39:56,427 INFO c.h.h.t.HelmChartContainer - [K3S] [reconciler_common.go:251] "operationExecutor.VerifyControllerAttachedVolume started for volume \"extension-configuration-hivemq-enterprise-security-extension\" (UniqueName: \"kubernetes.io/configmap/72aeed9e-d82b-4122-a634-0f240d1bd4dd-extension-configuration-hivemq-enterprise-security-extension\") pod \"test-hivemq-legacy-platform-1\" (UID: \"72aeed9e-d82b-4122-a634-0f240d1bd4dd\") " pod="helmlegacystatefulsetmigrationit-operator/test-hivemq-legacy-platform-1"
2025-01-29 18:39:56,428 INFO c.h.h.t.HelmChartContainer - [K3S] [reconciler_common.go:251] "operationExecutor.VerifyControllerAttachedVolume started for volume \"kube-api-access-jkvc5\" (UniqueName: \"kubernetes.io/projected/72aeed9e-d82b-4122-a634-0f240d1bd4dd-kube-api-access-jkvc5\") pod \"test-hivemq-legacy-platform-1\" (UID: \"72aeed9e-d82b-4122-a634-0f240d1bd4dd\") " pod="helmlegacystatefulsetmigrationit-operator/test-hivemq-legacy-platform-1"
2025-01-29 18:39:56,428 INFO c.h.h.t.HelmChartContainer - [K3S] [reconciler_common.go:251] "operationExecutor.VerifyControllerAttachedVolume started for volume \"pod-info\" (UniqueName: \"kubernetes.io/configmap/72aeed9e-d82b-4122-a634-0f240d1bd4dd-pod-info\") pod \"test-hivemq-legacy-platform-1\" (UID: \"72aeed9e-d82b-4122-a634-0f240d1bd4dd\") " pod="helmlegacystatefulsetmigrationit-operator/test-hivemq-legacy-platform-1"
2025-01-29 18:39:56,428 INFO c.h.h.t.HelmChartContainer - [K3S] [reconciler_common.go:251] "operationExecutor.VerifyControllerAttachedVolume started for volume \"operator-init\" (UniqueName: \"kubernetes.io/empty-dir/72aeed9e-d82b-4122-a634-0f240d1bd4dd-operator-init\") pod \"test-hivemq-legacy-platform-1\" (UID: \"72aeed9e-d82b-4122-a634-0f240d1bd4dd\") " pod="helmlegacystatefulsetmigrationit-operator/test-hivemq-legacy-platform-1"
2025-01-29 18:39:56,428 INFO c.h.h.t.HelmChartContainer - [K3S] [reconciler_common.go:251] "operationExecutor.VerifyControllerAttachedVolume started for volume \"broker-configuration\" (UniqueName: \"kubernetes.io/configmap/72aeed9e-d82b-4122-a634-0f240d1bd4dd-broker-configuration\") pod \"test-hivemq-legacy-platform-1\" (UID: \"72aeed9e-d82b-4122-a634-0f240d1bd4dd\") " pod="helmlegacystatefulsetmigrationit-operator/test-hivemq-legacy-platform-1"
2025-01-29 18:39:56,428 INFO c.h.h.t.HelmChartContainer - [K3S] [reconciler_common.go:251] "operationExecutor.VerifyControllerAttachedVolume started for volume \"ese-file-realm\" (UniqueName: \"kubernetes.io/configmap/72aeed9e-d82b-4122-a634-0f240d1bd4dd-ese-file-realm\") pod \"test-hivemq-legacy-platform-1\" (UID: \"72aeed9e-d82b-4122-a634-0f240d1bd4dd\") " pod="helmlegacystatefulsetmigrationit-operator/test-hivemq-legacy-platform-1"
2025-01-29 18:39:56,444 INFO c.h.h.t.HelmChartContainer - [hivemq-test-hivemq-platform] [hivemq-platform-operator] [d3bb76c6] 18:39:56.442 [ReconcilerExecutor-hivemq-controller-114] DEBUG c.h.p.o.h.HiveMQPlatformReconcilerErrorHandler - [helmlega] Pod 'test-hivemq-legacy-platform-1' phase Pending
2025-01-29 18:39:56,444 INFO c.h.h.t.HelmChartContainer - [hivemq-test-hivemq-platform] [hivemq-platform-operator] [d3bb76c6] 18:39:56.442 [ReconcilerExecutor-hivemq-controller-114] DEBUG c.h.p.o.h.HiveMQPlatformReconcilerErrorHandler - [helmlega] Pod 'test-hivemq-legacy-platform-1' condition 'PodReadyToStartContainers': False
2025-01-29 18:39:56,445 INFO c.h.h.t.HelmChartContainer - [hivemq-test-hivemq-platform] [hivemq-platform-operator] [d3bb76c6] 18:39:56.443 [ReconcilerExecutor-hivemq-controller-114] DEBUG c.h.p.o.h.HiveMQPlatformReconcilerErrorHandler - [helmlega] Pod 'test-hivemq-legacy-platform-1' condition 'Initialized': False
2025-01-29 18:39:56,445 INFO c.h.h.t.HelmChartContainer - [hivemq-test-hivemq-platform] [hivemq-platform-operator] [d3bb76c6] 18:39:56.443 [ReconcilerExecutor-hivemq-controller-114] DEBUG c.h.p.o.h.HiveMQPlatformReconcilerErrorHandler - [helmlega] Pod 'test-hivemq-legacy-platform-1' condition 'Ready': False
2025-01-29 18:39:56,445 INFO c.h.h.t.HelmChartContainer - [hivemq-test-hivemq-platform] [hivemq-platform-operator] [d3bb76c6] 18:39:56.443 [ReconcilerExecutor-hivemq-controller-114] DEBUG c.h.p.o.h.HiveMQPlatformReconcilerErrorHandler - [helmlega] Pod 'test-hivemq-legacy-platform-1' condition 'ContainersReady': False
2025-01-29 18:39:56,445 INFO c.h.h.t.HelmChartContainer - [hivemq-test-hivemq-platform] [hivemq-platform-operator] [d3bb76c6] 18:39:56.443 [ReconcilerExecutor-hivemq-controller-114] DEBUG c.h.p.o.h.HiveMQPlatformReconcilerErrorHandler - [helmlega] Pod 'test-hivemq-legacy-platform-1' condition 'PodScheduled': True
2025-01-29 18:39:56,445 INFO c.h.h.t.HelmChartContainer - [hivemq-test-hivemq-platform] [hivemq-platform-operator] [d3bb76c6] 18:39:56.443 [ReconcilerExecutor-hivemq-controller-114] DEBUG c.h.p.o.h.HiveMQPlatformReconcilerErrorHandler - [helmlega] Pod 'test-hivemq-legacy-platform-1' containerStatus 'hivemq' (started: false) (ready: false) (waiting: [PodInitializing] null)
2025-01-29 18:39:56,452 INFO c.h.h.t.HelmChartContainer - [hivemq-test-hivemq-platform] [hivemq-platform-operator] [d3bb76c6] 18:39:56.450 [ReconcilerExecutor-hivemq-controller-114] DEBUG c.h.p.o.h.HiveMQPlatformReconcilerErrorHandler - [helmlega] Pod 'test-hivemq-legacy-platform-0' phase Running
2025-01-29 18:39:56,454 INFO c.h.h.t.HelmChartContainer - [hivemq-test-hivemq-platform] [hivemq-platform-operator] [d3bb76c6] 18:39:56.452 [ReconcilerExecutor-hivemq-controller-114] DEBUG c.h.p.o.h.HiveMQPlatformReconcilerRollingRestartHandler - [helmlega] Rolling restart is waiting for 1 of 2 replicas
2025-01-29 18:39:56,458 INFO c.h.h.t.HelmChartContainer - [hivemq-test-hivemq-platform] [hivemq-platform-operator] [d3bb76c6] 18:39:56.456 [pool-6-thread-41] DEBUG c.h.p.o.d.PlatformServiceResource - [helmlega] Desired Platform services (4 services)
2025-01-29 18:39:56,459 INFO c.h.h.t.HelmChartContainer - [hivemq-test-hivemq-platform] [hivemq-platform-operator] [d3bb76c6] 18:39:56.457 [pool-6-thread-44] DEBUG c.h.p.o.dependants.PodInfoConfigMap - [helmlega] Desired PodInfo ConfigMap (2 extensions) (1 enabled)
2025-01-29 18:39:56,459 INFO c.h.h.t.HelmChartContainer - [hivemq-test-hivemq-platform] [hivemq-platform-operator] [d3bb76c6] 18:39:56.457 [pool-6-thread-44] DEBUG c.h.p.o.dependants.PodInfoConfigMap - [helmlega] Desired PodInfo ConfigMap (metrics port: 9399) (metrics path: /)
2025-01-29 18:39:56,460 INFO c.h.h.t.HelmChartContainer - [hivemq-test-hivemq-platform] [hivemq-platform-operator] [d3bb76c6] 18:39:56.457 [pool-6-thread-44] DEBUG c.h.p.o.dependants.PodInfoConfigMap - [helmlega] Desired PodInfo ConfigMap (extension state hash: -1203431371)
2025-01-29 18:39:56,460 INFO c.h.h.t.HelmChartContainer - [hivemq-test-hivemq-platform] [hivemq-platform-operator] [d3bb76c6] 18:39:56.457 [pool-6-thread-48] DEBUG c.h.p.o.d.PodServiceAccountResource - [helmlega] Desired PodServiceAccountResource (serviceAccountName: hivemq-platform-pod-test-hivemq-legacy-platform)
2025-01-29 18:39:56,546 INFO c.h.h.t.HelmChartContainer - [hivemq-test-hivemq-platform] [hivemq-platform-operator] [d3bb76c6] 18:39:56.545 [pool-6-thread-41] DEBUG c.h.p.o.d.StatefulSetResource - [helmlega] Desired StatefulSet (2 replicas) for status ROLLING_RESTART (SURGE_IN_PROGRESS)
2025-01-29 18:39:56,553 INFO c.h.h.t.HelmChartContainer - [hivemq-test-hivemq-platform] [hivemq-platform-operator] [d3bb76c6] 18:39:56.550 [ReconcilerExecutor-hivemq-controller-115] INFO  c.h.p.o.HiveMQPlatformReconciler - [helmlega] Reconciling HiveMQ Platform 'test-hivemq-legacy-platform' in namespace 'helmlegacystatefulsetmigrationit-operator'
2025-01-29 18:39:56,553 INFO c.h.h.t.HelmChartContainer - [hivemq-test-hivemq-platform] [hivemq-platform-operator] [d3bb76c6] 18:39:56.550 [ReconcilerExecutor-hivemq-controller-115] DEBUG c.h.p.o.HiveMQPlatformReconciler - [helmlega] Custom Resource Status ROLLING_RESTART - HiveMQ Platform is starting a surge Pod (rolling restart) (SURGE_IN_PROGRESS)
2025-01-29 18:39:56,553 INFO c.h.h.t.HelmChartContainer - [hivemq-test-hivemq-platform] [hivemq-platform-operator] [d3bb76c6] 18:39:56.550 [ReconcilerExecutor-hivemq-controller-115] DEBUG c.h.p.o.HiveMQPlatformReconciler - [helmlega] Custom Resource Spec (replicas: 1) (extensions: 2)
2025-01-29 18:39:56,554 INFO c.h.h.t.HelmChartContainer - [hivemq-test-hivemq-platform] [hivemq-platform-operator] [d3bb76c6] 18:39:56.552 [ReconcilerExecutor-hivemq-controller-115] DEBUG c.h.p.o.HiveMQPlatformReconciler - [helmlega] StatefulSet Status (revision: test-hivemq-legacy-platform-65df8dcb7f, replicas: 2, available: 1, ready: 1, current: 1, updated: 1)
2025-01-29 18:39:56,556 INFO c.h.h.t.HelmChartContainer - [hivemq-test-hivemq-platform] [hivemq-platform-operator] [d3bb76c6] 18:39:56.552 [ReconcilerExecutor-hivemq-controller-115] DEBUG c.h.p.o.HiveMQPlatformReconciler - [helmlega] StatefulSet Spec (replicas: 2, init containers: 1, containers: 1, volumes: 6)
2025-01-29 18:39:56,556 INFO c.h.h.t.HelmChartContainer - [hivemq-test-hivemq-platform] [hivemq-platform-operator] [d3bb76c6] 18:39:56.554 [ReconcilerExecutor-hivemq-controller-115] DEBUG c.h.p.o.h.HiveMQPlatformReconcilerErrorHandler - [helmlega] Pod 'test-hivemq-legacy-platform-1' phase Pending
2025-01-29 18:39:56,556 INFO c.h.h.t.HelmChartContainer - [hivemq-test-hivemq-platform] [hivemq-platform-operator] [d3bb76c6] 18:39:56.554 [ReconcilerExecutor-hivemq-controller-115] DEBUG c.h.p.o.h.HiveMQPlatformReconcilerErrorHandler - [helmlega] Pod 'test-hivemq-legacy-platform-1' condition 'PodReadyToStartContainers': False
2025-01-29 18:39:56,556 INFO c.h.h.t.HelmChartContainer - [hivemq-test-hivemq-platform] [hivemq-platform-operator] [d3bb76c6] 18:39:56.554 [ReconcilerExecutor-hivemq-controller-115] DEBUG c.h.p.o.h.HiveMQPlatformReconcilerErrorHandler - [helmlega] Pod 'test-hivemq-legacy-platform-1' condition 'Initialized': False
2025-01-29 18:39:56,556 INFO c.h.h.t.HelmChartContainer - [hivemq-test-hivemq-platform] [hivemq-platform-operator] [d3bb76c6] 18:39:56.554 [ReconcilerExecutor-hivemq-controller-115] DEBUG c.h.p.o.h.HiveMQPlatformReconcilerErrorHandler - [helmlega] Pod 'test-hivemq-legacy-platform-1' condition 'Ready': False
2025-01-29 18:39:56,557 INFO c.h.h.t.HelmChartContainer - [hivemq-test-hivemq-platform] [hivemq-platform-operator] [d3bb76c6] 18:39:56.554 [ReconcilerExecutor-hivemq-controller-115] DEBUG c.h.p.o.h.HiveMQPlatformReconcilerErrorHandler - [helmlega] Pod 'test-hivemq-legacy-platform-1' condition 'ContainersReady': False
2025-01-29 18:39:56,557 INFO c.h.h.t.HelmChartContainer - [hivemq-test-hivemq-platform] [hivemq-platform-operator] [d3bb76c6] 18:39:56.554 [ReconcilerExecutor-hivemq-controller-115] DEBUG c.h.p.o.h.HiveMQPlatformReconcilerErrorHandler - [helmlega] Pod 'test-hivemq-legacy-platform-1' condition 'PodScheduled': True
2025-01-29 18:39:56,557 INFO c.h.h.t.HelmChartContainer - [hivemq-test-hivemq-platform] [hivemq-platform-operator] [d3bb76c6] 18:39:56.554 [ReconcilerExecutor-hivemq-controller-115] DEBUG c.h.p.o.h.HiveMQPlatformReconcilerErrorHandler - [helmlega] Pod 'test-hivemq-legacy-platform-1' containerStatus 'hivemq' (started: false) (ready: false) (waiting: [PodInitializing] null)
2025-01-29 18:39:56,558 INFO c.h.h.t.HelmChartContainer - [hivemq-test-hivemq-platform] [hivemq-platform-operator] [d3bb76c6] 18:39:56.556 [ReconcilerExecutor-hivemq-controller-115] DEBUG c.h.p.o.h.HiveMQPlatformReconcilerErrorHandler - [helmlega] Pod 'test-hivemq-legacy-platform-0' phase Running
2025-01-29 18:39:56,558 INFO c.h.h.t.HelmChartContainer - [hivemq-test-hivemq-platform] [hivemq-platform-operator] [d3bb76c6] 18:39:56.557 [ReconcilerExecutor-hivemq-controller-115] DEBUG c.h.p.o.h.HiveMQPlatformReconcilerRollingRestartHandler - [helmlega] Rolling restart is waiting for 1 of 2 replicas
2025-01-29 18:39:56,694 INFO c.h.h.t.HelmChartContainer - [EVENT] Normal [Pulled] Container image "docker.io/hivemq/hivemq-platform-operator-init-test:snapshot" already present on machine [helmlegacystatefulsetmigrationit-operator:test-hivemq-legacy-platform-1]
2025-01-29 18:39:56,701 INFO c.h.h.t.HelmChartContainer - [EVENT] Normal [Created] Created container: hivemq-platform-operator-init [helmlegacystatefulsetmigrationit-operator:test-hivemq-legacy-platform-1]
2025-01-29 18:39:56,741 INFO c.h.h.t.HelmChartContainer - [EVENT] Normal [Started] Started container hivemq-platform-operator-init [helmlegacystatefulsetmigrationit-operator:test-hivemq-legacy-platform-1]
2025-01-29 18:39:56,787 INFO c.h.h.t.HelmChartContainer - [POD] test-hivemq-legacy-platform-1 [72aeed9e-d82b-4122-a634-0f240d1bd4dd] in helmlegacystatefulsetmigrationit-operator was MODIFIED
2025-01-29 18:39:56,822 INFO c.h.h.t.HelmChartContainer - [hivemq-test-hivemq-platform] [hivemq-platform-operator] [d3bb76c6] 18:39:56.805 [pool-6-thread-2] DEBUG c.h.p.o.dependants.PodInfoConfigMap - [helmlega] Desired PodInfo ConfigMap (2 extensions) (1 enabled)
2025-01-29 18:39:56,822 INFO c.h.h.t.HelmChartContainer - [hivemq-test-hivemq-platform] [hivemq-platform-operator] [d3bb76c6] 18:39:56.807 [pool-6-thread-2] DEBUG c.h.p.o.dependants.PodInfoConfigMap - [helmlega] Desired PodInfo ConfigMap (metrics port: 9399) (metrics path: /)
2025-01-29 18:39:56,822 INFO c.h.h.t.HelmChartContainer - [hivemq-test-hivemq-platform] [hivemq-platform-operator] [d3bb76c6] 18:39:56.807 [pool-6-thread-2] DEBUG c.h.p.o.dependants.PodInfoConfigMap - [helmlega] Desired PodInfo ConfigMap (extension state hash: -1203431371)
2025-01-29 18:39:56,822 INFO c.h.h.t.HelmChartContainer - [hivemq-test-hivemq-platform] [hivemq-platform-operator] [d3bb76c6] 18:39:56.805 [pool-6-thread-4] DEBUG c.h.p.o.d.PodServiceAccountResource - [helmlega] Desired PodServiceAccountResource (serviceAccountName: hivemq-platform-pod-test-hivemq-legacy-platform)
2025-01-29 18:39:56,822 INFO c.h.h.t.HelmChartContainer - [hivemq-test-hivemq-platform] [hivemq-platform-operator] [d3bb76c6] 18:39:56.807 [pool-6-thread-1] DEBUG c.h.p.o.d.PlatformServiceResource - [helmlega] Desired Platform services (4 services)
2025-01-29 18:39:56,830 INFO c.h.h.t.HelmChartContainer - [hivemq-test-hivemq-platform] [hivemq-platform-operator] [d3bb76c6] 18:39:56.823 [pool-6-thread-1] DEBUG c.h.p.o.d.StatefulSetResource - [helmlega] Desired StatefulSet (2 replicas) for status ROLLING_RESTART (SURGE_IN_PROGRESS)
2025-01-29 18:39:56,843 INFO c.h.h.t.HelmChartContainer - [hivemq-test-hivemq-platform] [hivemq-platform-operator] [d3bb76c6] 18:39:56.842 [ReconcilerExecutor-hivemq-controller-116] INFO  c.h.p.o.HiveMQPlatformReconciler - [helmlega] Reconciling HiveMQ Platform 'test-hivemq-legacy-platform' in namespace 'helmlegacystatefulsetmigrationit-operator'
2025-01-29 18:39:56,846 INFO c.h.h.t.HelmChartContainer - [hivemq-test-hivemq-platform] [hivemq-platform-operator] [d3bb76c6] 18:39:56.842 [ReconcilerExecutor-hivemq-controller-116] DEBUG c.h.p.o.HiveMQPlatformReconciler - [helmlega] Custom Resource Status ROLLING_RESTART - HiveMQ Platform is starting a surge Pod (rolling restart) (SURGE_IN_PROGRESS)
2025-01-29 18:39:56,846 INFO c.h.h.t.HelmChartContainer - [hivemq-test-hivemq-platform] [hivemq-platform-operator] [d3bb76c6] 18:39:56.842 [ReconcilerExecutor-hivemq-controller-116] DEBUG c.h.p.o.HiveMQPlatformReconciler - [helmlega] Custom Resource Spec (replicas: 1) (extensions: 2)
2025-01-29 18:39:56,846 INFO c.h.h.t.HelmChartContainer - [hivemq-test-hivemq-platform] [hivemq-platform-operator] [d3bb76c6] 18:39:56.845 [ReconcilerExecutor-hivemq-controller-116] DEBUG c.h.p.o.HiveMQPlatformReconciler - [helmlega] StatefulSet Status (revision: test-hivemq-legacy-platform-65df8dcb7f, replicas: 2, available: 1, ready: 1, current: 1, updated: 1)
2025-01-29 18:39:56,850 INFO c.h.h.t.HelmChartContainer - [hivemq-test-hivemq-platform] [hivemq-platform-operator] [d3bb76c6] 18:39:56.845 [ReconcilerExecutor-hivemq-controller-116] DEBUG c.h.p.o.HiveMQPlatformReconciler - [helmlega] StatefulSet Spec (replicas: 2, init containers: 1, containers: 1, volumes: 6)
2025-01-29 18:39:56,854 INFO c.h.h.t.HelmChartContainer - [hivemq-test-hivemq-platform] [hivemq-platform-operator] [d3bb76c6] 18:39:56.849 [ReconcilerExecutor-hivemq-controller-116] DEBUG c.h.p.o.h.HiveMQPlatformReconcilerErrorHandler - [helmlega] Pod 'test-hivemq-legacy-platform-1' phase Pending
2025-01-29 18:39:56,854 INFO c.h.h.t.HelmChartContainer - [hivemq-test-hivemq-platform] [hivemq-platform-operator] [d3bb76c6] 18:39:56.849 [ReconcilerExecutor-hivemq-controller-116] DEBUG c.h.p.o.h.HiveMQPlatformReconcilerErrorHandler - [helmlega] Pod 'test-hivemq-legacy-platform-1' condition 'PodReadyToStartContainers': True
2025-01-29 18:39:56,854 INFO c.h.h.t.HelmChartContainer - [hivemq-test-hivemq-platform] [hivemq-platform-operator] [d3bb76c6] 18:39:56.849 [ReconcilerExecutor-hivemq-controller-116] DEBUG c.h.p.o.h.HiveMQPlatformReconcilerErrorHandler - [helmlega] Pod 'test-hivemq-legacy-platform-1' condition 'Initialized': False
2025-01-29 18:39:56,854 INFO c.h.h.t.HelmChartContainer - [hivemq-test-hivemq-platform] [hivemq-platform-operator] [d3bb76c6] 18:39:56.849 [ReconcilerExecutor-hivemq-controller-116] DEBUG c.h.p.o.h.HiveMQPlatformReconcilerErrorHandler - [helmlega] Pod 'test-hivemq-legacy-platform-1' condition 'Ready': False
2025-01-29 18:39:56,854 INFO c.h.h.t.HelmChartContainer - [hivemq-test-hivemq-platform] [hivemq-platform-operator] [d3bb76c6] 18:39:56.849 [ReconcilerExecutor-hivemq-controller-116] DEBUG c.h.p.o.h.HiveMQPlatformReconcilerErrorHandler - [helmlega] Pod 'test-hivemq-legacy-platform-1' condition 'ContainersReady': False
2025-01-29 18:39:56,854 INFO c.h.h.t.HelmChartContainer - [hivemq-test-hivemq-platform] [hivemq-platform-operator] [d3bb76c6] 18:39:56.849 [ReconcilerExecutor-hivemq-controller-116] DEBUG c.h.p.o.h.HiveMQPlatformReconcilerErrorHandler - [helmlega] Pod 'test-hivemq-legacy-platform-1' condition 'PodScheduled': True
2025-01-29 18:39:56,854 INFO c.h.h.t.HelmChartContainer - [hivemq-test-hivemq-platform] [hivemq-platform-operator] [d3bb76c6] 18:39:56.849 [ReconcilerExecutor-hivemq-controller-116] DEBUG c.h.p.o.h.HiveMQPlatformReconcilerErrorHandler - [helmlega] Pod 'test-hivemq-legacy-platform-1' containerStatus 'hivemq' (started: false) (ready: false) (waiting: [PodInitializing] null)
2025-01-29 18:39:56,858 INFO c.h.h.t.HelmChartContainer - [hivemq-test-hivemq-platform] [hivemq-platform-operator] [d3bb76c6] 18:39:56.857 [ReconcilerExecutor-hivemq-controller-116] DEBUG c.h.p.o.h.HiveMQPlatformReconcilerErrorHandler - [helmlega] Pod 'test-hivemq-legacy-platform-0' phase Running
2025-01-29 18:39:56,859 INFO c.h.h.t.HelmChartContainer - [hivemq-test-hivemq-platform] [hivemq-platform-operator] [d3bb76c6] 18:39:56.858 [ReconcilerExecutor-hivemq-controller-116] DEBUG c.h.p.o.h.HiveMQPlatformReconcilerRollingRestartHandler - [helmlega] Rolling restart is waiting for 1 of 2 replicas
2025-01-29 18:39:57,780 INFO c.h.h.t.HelmChartContainer - [EVENT] Normal [Pulled] Container image "docker.io/hivemq/hivemq4:4.36.0" already present on machine [helmlegacystatefulsetmigrationit-operator:test-hivemq-legacy-platform-1]
2025-01-29 18:39:57,780 INFO c.h.h.t.HelmChartContainer - Received Pulled event for container hivemq in pod test-hivemq-legacy-platform-1 [72aeed9e-d82b-4122-a634-0f240d1bd4dd]
2025-01-29 18:39:57,787 INFO c.h.h.t.HelmChartContainer - [POD] test-hivemq-legacy-platform-1 [72aeed9e-d82b-4122-a634-0f240d1bd4dd] in helmlegacystatefulsetmigrationit-operator was MODIFIED
2025-01-29 18:39:57,792 INFO c.h.h.t.HelmChartContainer - [EVENT] Normal [Created] Created container: hivemq [helmlegacystatefulsetmigrationit-operator:test-hivemq-legacy-platform-1]
2025-01-29 18:39:57,792 INFO c.h.h.t.HelmChartContainer - Received Created event for container hivemq in pod test-hivemq-legacy-platform-1 [72aeed9e-d82b-4122-a634-0f240d1bd4dd]
2025-01-29 18:39:57,806 INFO c.h.h.t.HelmChartContainer - [hivemq-test-hivemq-platform] [hivemq-platform-operator] [d3bb76c6] 18:39:57.798 [pool-6-thread-20] DEBUG c.h.p.o.d.PlatformServiceResource - [helmlega] Desired Platform services (4 services)
2025-01-29 18:39:57,806 INFO c.h.h.t.HelmChartContainer - [hivemq-test-hivemq-platform] [hivemq-platform-operator] [d3bb76c6] 18:39:57.800 [pool-6-thread-11] DEBUG c.h.p.o.dependants.PodInfoConfigMap - [helmlega] Desired PodInfo ConfigMap (2 extensions) (1 enabled)
2025-01-29 18:39:57,806 INFO c.h.h.t.HelmChartContainer - [hivemq-test-hivemq-platform] [hivemq-platform-operator] [d3bb76c6] 18:39:57.800 [pool-6-thread-11] DEBUG c.h.p.o.dependants.PodInfoConfigMap - [helmlega] Desired PodInfo ConfigMap (metrics port: 9399) (metrics path: /)
2025-01-29 18:39:57,806 INFO c.h.h.t.HelmChartContainer - [hivemq-test-hivemq-platform] [hivemq-platform-operator] [d3bb76c6] 18:39:57.800 [pool-6-thread-11] DEBUG c.h.p.o.dependants.PodInfoConfigMap - [helmlega] Desired PodInfo ConfigMap (extension state hash: -1203431371)
2025-01-29 18:39:57,807 INFO c.h.h.t.HelmChartContainer - [hivemq-test-hivemq-platform] [hivemq-platform-operator] [d3bb76c6] 18:39:57.803 [pool-6-thread-15] DEBUG c.h.p.o.d.PodServiceAccountResource - [helmlega] Desired PodServiceAccountResource (serviceAccountName: hivemq-platform-pod-test-hivemq-legacy-platform)
2025-01-29 18:39:57,811 INFO c.h.h.t.HelmChartContainer - [hivemq-test-hivemq-platform] [hivemq-platform-operator] [d3bb76c6] 18:39:57.810 [pool-6-thread-20] DEBUG c.h.p.o.d.StatefulSetResource - [helmlega] Desired StatefulSet (2 replicas) for status ROLLING_RESTART (SURGE_IN_PROGRESS)
2025-01-29 18:39:57,842 INFO c.h.h.t.HelmChartContainer - [hivemq-test-hivemq-platform] [hivemq-platform-operator] [d3bb76c6] 18:39:57.840 [ReconcilerExecutor-hivemq-controller-117] INFO  c.h.p.o.HiveMQPlatformReconciler - [helmlega] Reconciling HiveMQ Platform 'test-hivemq-legacy-platform' in namespace 'helmlegacystatefulsetmigrationit-operator'
2025-01-29 18:39:57,844 INFO c.h.h.t.HelmChartContainer - [hivemq-test-hivemq-platform] [hivemq-platform-operator] [d3bb76c6] 18:39:57.841 [ReconcilerExecutor-hivemq-controller-117] DEBUG c.h.p.o.HiveMQPlatformReconciler - [helmlega] Custom Resource Status ROLLING_RESTART - HiveMQ Platform is starting a surge Pod (rolling restart) (SURGE_IN_PROGRESS)
2025-01-29 18:39:57,844 INFO c.h.h.t.HelmChartContainer - [hivemq-test-hivemq-platform] [hivemq-platform-operator] [d3bb76c6] 18:39:57.841 [ReconcilerExecutor-hivemq-controller-117] DEBUG c.h.p.o.HiveMQPlatformReconciler - [helmlega] Custom Resource Spec (replicas: 1) (extensions: 2)
2025-01-29 18:39:57,846 INFO c.h.h.t.HelmChartContainer - [hivemq-test-hivemq-platform] [hivemq-platform-operator] [d3bb76c6] 18:39:57.843 [ReconcilerExecutor-hivemq-controller-117] DEBUG c.h.p.o.HiveMQPlatformReconciler - [helmlega] StatefulSet Status (revision: test-hivemq-legacy-platform-65df8dcb7f, replicas: 2, available: 1, ready: 1, current: 1, updated: 1)
2025-01-29 18:39:57,846 INFO c.h.h.t.HelmChartContainer - [hivemq-test-hivemq-platform] [hivemq-platform-operator] [d3bb76c6] 18:39:57.843 [ReconcilerExecutor-hivemq-controller-117] DEBUG c.h.p.o.HiveMQPlatformReconciler - [helmlega] StatefulSet Spec (replicas: 2, init containers: 1, containers: 1, volumes: 6)
2025-01-29 18:39:57,852 INFO c.h.h.t.HelmChartContainer - [hivemq-test-hivemq-platform] [hivemq-platform-operator] [d3bb76c6] 18:39:57.846 [ReconcilerExecutor-hivemq-controller-117] DEBUG c.h.p.o.h.HiveMQPlatformReconcilerErrorHandler - [helmlega] Pod 'test-hivemq-legacy-platform-1' phase Pending
2025-01-29 18:39:57,852 INFO c.h.h.t.HelmChartContainer - [hivemq-test-hivemq-platform] [hivemq-platform-operator] [d3bb76c6] 18:39:57.846 [ReconcilerExecutor-hivemq-controller-117] DEBUG c.h.p.o.h.HiveMQPlatformReconcilerErrorHandler - [helmlega] Pod 'test-hivemq-legacy-platform-1' condition 'PodReadyToStartContainers': True
2025-01-29 18:39:57,852 INFO c.h.h.t.HelmChartContainer - [hivemq-test-hivemq-platform] [hivemq-platform-operator] [d3bb76c6] 18:39:57.846 [ReconcilerExecutor-hivemq-controller-117] DEBUG c.h.p.o.h.HiveMQPlatformReconcilerErrorHandler - [helmlega] Pod 'test-hivemq-legacy-platform-1' condition 'Initialized': True
2025-01-29 18:39:57,852 INFO c.h.h.t.HelmChartContainer - [hivemq-test-hivemq-platform] [hivemq-platform-operator] [d3bb76c6] 18:39:57.846 [ReconcilerExecutor-hivemq-controller-117] DEBUG c.h.p.o.h.HiveMQPlatformReconcilerErrorHandler - [helmlega] Pod 'test-hivemq-legacy-platform-1' condition 'Ready': False
2025-01-29 18:39:57,852 INFO c.h.h.t.HelmChartContainer - [hivemq-test-hivemq-platform] [hivemq-platform-operator] [d3bb76c6] 18:39:57.846 [ReconcilerExecutor-hivemq-controller-117] DEBUG c.h.p.o.h.HiveMQPlatformReconcilerErrorHandler - [helmlega] Pod 'test-hivemq-legacy-platform-1' condition 'ContainersReady': False
2025-01-29 18:39:57,852 INFO c.h.h.t.HelmChartContainer - [hivemq-test-hivemq-platform] [hivemq-platform-operator] [d3bb76c6] 18:39:57.846 [ReconcilerExecutor-hivemq-controller-117] DEBUG c.h.p.o.h.HiveMQPlatformReconcilerErrorHandler - [helmlega] Pod 'test-hivemq-legacy-platform-1' condition 'PodScheduled': True
2025-01-29 18:39:57,852 INFO c.h.h.t.HelmChartContainer - [hivemq-test-hivemq-platform] [hivemq-platform-operator] [d3bb76c6] 18:39:57.847 [ReconcilerExecutor-hivemq-controller-117] DEBUG c.h.p.o.h.HiveMQPlatformReconcilerErrorHandler - [helmlega] Pod 'test-hivemq-legacy-platform-1' containerStatus 'hivemq' (started: false) (ready: false) (waiting: [PodInitializing] null)
2025-01-29 18:39:57,852 INFO c.h.h.t.HelmChartContainer - [hivemq-test-hivemq-platform] [hivemq-platform-operator] [d3bb76c6] 18:39:57.850 [ReconcilerExecutor-hivemq-controller-117] DEBUG c.h.p.o.h.HiveMQPlatformReconcilerErrorHandler - [helmlega] Pod 'test-hivemq-legacy-platform-0' phase Running
2025-01-29 18:39:57,854 INFO c.h.h.t.HelmChartContainer - [hivemq-test-hivemq-platform] [hivemq-platform-operator] [d3bb76c6] 18:39:57.851 [ReconcilerExecutor-hivemq-controller-117] DEBUG c.h.p.o.h.HiveMQPlatformReconcilerRollingRestartHandler - [helmlega] Rolling restart is waiting for 1 of 2 replicas
2025-01-29 18:39:58,798 INFO c.h.h.t.HelmChartContainer - [POD] test-hivemq-legacy-platform-1 [72aeed9e-d82b-4122-a634-0f240d1bd4dd] in helmlegacystatefulsetmigrationit-operator was MODIFIED
2025-01-29 18:39:58,804 INFO c.h.h.t.HelmChartContainer - [hivemq-test-hivemq-platform] [hivemq-platform-operator] [d3bb76c6] 18:39:58.801 [pool-6-thread-29] DEBUG c.h.p.o.d.PlatformServiceResource - [helmlega] Desired Platform services (4 services)
2025-01-29 18:39:58,809 INFO c.h.h.t.HelmChartContainer - [hivemq-test-hivemq-platform] [hivemq-platform-operator] [d3bb76c6] 18:39:58.807 [pool-6-thread-29] DEBUG c.h.p.o.d.PodServiceAccountResource - [helmlega] Desired PodServiceAccountResource (serviceAccountName: hivemq-platform-pod-test-hivemq-legacy-platform)
2025-01-29 18:39:58,811 INFO c.h.h.t.HelmChartContainer - [hivemq-test-hivemq-platform] [hivemq-platform-operator] [d3bb76c6] 18:39:58.810 [pool-6-thread-27] DEBUG c.h.p.o.dependants.PodInfoConfigMap - [helmlega] Desired PodInfo ConfigMap (2 extensions) (1 enabled)
2025-01-29 18:39:58,811 INFO c.h.h.t.HelmChartContainer - Started log watcher for hivemq in pod test-hivemq-legacy-platform-1 [72aeed9e-d82b-4122-a634-0f240d1bd4dd]
2025-01-29 18:39:58,814 INFO c.h.h.t.HelmChartContainer - [test-hivemq-legacy-platform] [hivemq] [72aeed9e] Adding pre-installed HiveMQ Platform Operator extensions
2025-01-29 18:39:58,811 INFO c.h.h.t.HelmChartContainer - [EVENT] Normal [Started] Started container hivemq [helmlegacystatefulsetmigrationit-operator:test-hivemq-legacy-platform-1]
2025-01-29 18:39:58,814 INFO c.h.h.t.HelmChartContainer - Received Started event for container hivemq in pod test-hivemq-legacy-platform-1 [72aeed9e-d82b-4122-a634-0f240d1bd4dd]
2025-01-29 18:39:58,815 INFO c.h.h.t.HelmChartContainer - [hivemq-test-hivemq-platform] [hivemq-platform-operator] [d3bb76c6] 18:39:58.811 [pool-6-thread-27] DEBUG c.h.p.o.dependants.PodInfoConfigMap - [helmlega] Desired PodInfo ConfigMap (metrics port: 9399) (metrics path: /)
2025-01-29 18:39:58,815 INFO c.h.h.t.HelmChartContainer - [hivemq-test-hivemq-platform] [hivemq-platform-operator] [d3bb76c6] 18:39:58.812 [pool-6-thread-27] DEBUG c.h.p.o.dependants.PodInfoConfigMap - [helmlega] Desired PodInfo ConfigMap (extension state hash: -1203431371)
2025-01-29 18:39:58,815 INFO c.h.h.t.HelmChartContainer - [test-hivemq-legacy-platform] [hivemq] [72aeed9e] Running as user 10000
2025-01-29 18:39:58,815 INFO c.h.h.t.HelmChartContainer - [test-hivemq-legacy-platform] [hivemq] [72aeed9e] Starting HiveMQ Platform Operator Init
2025-01-29 18:39:58,819 INFO c.h.h.t.HelmChartContainer - [hivemq-test-hivemq-platform] [hivemq-platform-operator] [d3bb76c6] 18:39:58.818 [pool-6-thread-27] DEBUG c.h.p.o.d.StatefulSetResource - [helmlega] Desired StatefulSet (2 replicas) for status ROLLING_RESTART (SURGE_IN_PROGRESS)
2025-01-29 18:39:58,847 INFO c.h.h.t.HelmChartContainer - [hivemq-test-hivemq-platform] [hivemq-platform-operator] [d3bb76c6] 18:39:58.846 [ReconcilerExecutor-hivemq-controller-118] INFO  c.h.p.o.HiveMQPlatformReconciler - [helmlega] Reconciling HiveMQ Platform 'test-hivemq-legacy-platform' in namespace 'helmlegacystatefulsetmigrationit-operator'
2025-01-29 18:39:58,850 INFO c.h.h.t.HelmChartContainer - [hivemq-test-hivemq-platform] [hivemq-platform-operator] [d3bb76c6] 18:39:58.846 [ReconcilerExecutor-hivemq-controller-118] DEBUG c.h.p.o.HiveMQPlatformReconciler - [helmlega] Custom Resource Status ROLLING_RESTART - HiveMQ Platform is starting a surge Pod (rolling restart) (SURGE_IN_PROGRESS)
2025-01-29 18:39:58,850 INFO c.h.h.t.HelmChartContainer - [hivemq-test-hivemq-platform] [hivemq-platform-operator] [d3bb76c6] 18:39:58.846 [ReconcilerExecutor-hivemq-controller-118] DEBUG c.h.p.o.HiveMQPlatformReconciler - [helmlega] Custom Resource Spec (replicas: 1) (extensions: 2)
2025-01-29 18:39:58,855 INFO c.h.h.t.HelmChartContainer - [hivemq-test-hivemq-platform] [hivemq-platform-operator] [d3bb76c6] 18:39:58.853 [ReconcilerExecutor-hivemq-controller-118] DEBUG c.h.p.o.HiveMQPlatformReconciler - [helmlega] StatefulSet Status (revision: test-hivemq-legacy-platform-65df8dcb7f, replicas: 2, available: 1, ready: 1, current: 1, updated: 1)
2025-01-29 18:39:58,856 INFO c.h.h.t.HelmChartContainer - [hivemq-test-hivemq-platform] [hivemq-platform-operator] [d3bb76c6] 18:39:58.853 [ReconcilerExecutor-hivemq-controller-118] DEBUG c.h.p.o.HiveMQPlatformReconciler - [helmlega] StatefulSet Spec (replicas: 2, init containers: 1, containers: 1, volumes: 6)
2025-01-29 18:39:58,858 INFO c.h.h.t.HelmChartContainer - [hivemq-test-hivemq-platform] [hivemq-platform-operator] [d3bb76c6] 18:39:58.857 [ReconcilerExecutor-hivemq-controller-118] DEBUG c.h.p.o.h.HiveMQPlatformReconcilerErrorHandler - [helmlega] Pod 'test-hivemq-legacy-platform-1' phase Running
2025-01-29 18:39:58,862 INFO c.h.h.t.HelmChartContainer - [hivemq-test-hivemq-platform] [hivemq-platform-operator] [d3bb76c6] 18:39:58.861 [ReconcilerExecutor-hivemq-controller-118] DEBUG c.h.p.o.h.HiveMQPlatformReconcilerErrorHandler - [helmlega] Pod 'test-hivemq-legacy-platform-0' phase Running
2025-01-29 18:39:58,863 INFO c.h.h.t.HelmChartContainer - [hivemq-test-hivemq-platform] [hivemq-platform-operator] [d3bb76c6] 18:39:58.862 [ReconcilerExecutor-hivemq-controller-118] DEBUG c.h.p.o.h.HiveMQPlatformReconcilerRollingRestartHandler - [helmlega] Rolling restart is waiting for 1 of 2 replicas
2025-01-29 18:39:59,089 INFO c.h.h.t.HelmChartContainer - [test-hivemq-legacy-platform] [hivemq] [72aeed9e] INFO  - [HiveMQ Platform Operator Init 1.7.0-SNAPSHOT] HiveMQ Platform Operator Init 1.7.0-SNAPSHOT (commit: b1b9591 on branch: HEAD) built on Wed Jan 29 18:32:18 UTC 2025
2025-01-29 18:40:00,281 INFO c.h.h.t.HelmChartContainer - [test-hivemq-legacy-platform] [hivemq] [72aeed9e] INFO  - [HiveMQ Platform Operator Init App 1.7.0-SNAPSHOT] Using bind address 10.42.0.11 from environment variable
2025-01-29 18:40:01,084 INFO c.h.h.t.HelmChartContainer - [test-hivemq-legacy-platform] [hivemq] [72aeed9e] INFO  - [HiveMQ Platform Operator Init App 1.7.0-SNAPSHOT] HiveMQ Platform Operator Init App 1.7.0-SNAPSHOT (commit: b1b9591 on branch: HEAD) built on Wed Jan 29 18:32:18 UTC 2025
2025-01-29 18:40:01,084 INFO c.h.h.t.HelmChartContainer - [test-hivemq-legacy-platform] [hivemq] [72aeed9e] INFO  - [HiveMQ Platform Operator Init App 1.7.0-SNAPSHOT] PodInfo ConfigMap directory: /etc/podinfo
2025-01-29 18:40:01,084 INFO c.h.h.t.HelmChartContainer - [test-hivemq-legacy-platform] [hivemq] [72aeed9e] INFO  - [HiveMQ Platform Operator Init App 1.7.0-SNAPSHOT] HiveMQ home directory: /opt/hivemq
2025-01-29 18:40:01,084 INFO c.h.h.t.HelmChartContainer - [test-hivemq-legacy-platform] [hivemq] [72aeed9e] INFO  - [HiveMQ Platform Operator Init App 1.7.0-SNAPSHOT] HiveMQ Logback folder: /opt/hivemq/conf
2025-01-29 18:40:01,084 INFO c.h.h.t.HelmChartContainer - [test-hivemq-legacy-platform] [hivemq] [72aeed9e] INFO  - [HiveMQ Platform Operator Init App 1.7.0-SNAPSHOT] HiveMQ Config folder: /opt/hivemq/conf-k8s
2025-01-29 18:40:01,084 INFO c.h.h.t.HelmChartContainer - [test-hivemq-legacy-platform] [hivemq] [72aeed9e] INFO  - [HiveMQ Platform Operator Init App 1.7.0-SNAPSHOT] Starting HiveMQ Platform Operator Init App
2025-01-29 18:40:01,084 INFO c.h.h.t.HelmChartContainer - [test-hivemq-legacy-platform] [hivemq] [72aeed9e] INFO  - [HiveMQ Platform Operator Init App 1.7.0-SNAPSHOT] Starting Pod reconciler
2025-01-29 18:40:02,409 INFO c.h.h.t.HelmChartContainer - [test-hivemq-legacy-platform] [hivemq] [72aeed9e] INFO  - [HiveMQ Platform Operator Init App 1.7.0-SNAPSHOT] Pod reconciler is scheduled (interval: 5000 ms)
2025-01-29 18:40:02,429 INFO c.h.h.t.HelmChartContainer - [test-hivemq-legacy-platform] [hivemq] [72aeed9e] INFO  - [HiveMQ Platform Operator Init App 1.7.0-SNAPSHOT] Starting the REST API on 10.42.0.11:7979
2025-01-29 18:40:02,432 INFO c.h.h.t.HelmChartContainer - [test-hivemq-legacy-platform] [hivemq] [72aeed9e] INFO  - [HiveMQ Platform Operator Init App 1.7.0-SNAPSHOT] Waiting up to 600s for at most 2 HiveMQ nodes in cluster service hivemq-test-hivemq-legacy-platform-cluster.helmlegacystatefulsetmigrationit-operator.svc
2025-01-29 18:40:02,799 INFO c.h.h.t.HelmChartContainer - [test-hivemq-legacy-platform] [hivemq] [72aeed9e] INFO  - [HiveMQ Platform Operator Init App 1.7.0-SNAPSHOT] Resolved 2 IP addresses: [10.42.0.8, 10.42.0.11]
2025-01-29 18:40:02,800 INFO c.h.h.t.HelmChartContainer - [test-hivemq-legacy-platform] [hivemq] [72aeed9e] INFO  - [HiveMQ Platform Operator Init App 1.7.0-SNAPSHOT] HiveMQ node count of 2 is within threshold of 2
2025-01-29 18:40:02,800 INFO c.h.h.t.HelmChartContainer - [test-hivemq-legacy-platform] [hivemq] [72aeed9e] INFO  - [HiveMQ Platform Operator Init App 1.7.0-SNAPSHOT] Waiting 15s for previous shutdown replication to finish...
2025-01-29 18:40:04,791 INFO c.h.h.t.HelmChartContainer - [test-hivemq-legacy-platform] [hivemq] [72aeed9e] INFO  - [HiveMQ Platform Operator Init App 1.7.0-SNAPSHOT] Returning default Health API response 503 for readiness
2025-01-29 18:40:04,893 INFO c.h.h.t.HelmChartContainer - [EVENT] Warning [Unhealthy] Readiness probe failed: HTTP probe failed with statuscode: 503 [helmlegacystatefulsetmigrationit-operator:test-hivemq-legacy-platform-1]
2025-01-29 18:40:04,893 INFO c.h.h.t.HelmChartContainer - Received Unhealthy event for container hivemq in pod test-hivemq-legacy-platform-1 [72aeed9e-d82b-4122-a634-0f240d1bd4dd]
2025-01-29 18:40:08,868 INFO c.h.h.t.HelmChartContainer - [hivemq-test-hivemq-platform] [hivemq-platform-operator] [d3bb76c6] 18:40:08.867 [pool-6-thread-33] DEBUG c.h.p.o.d.PlatformServiceResource - [helmlega] Desired Platform services (4 services)
2025-01-29 18:40:08,869 INFO c.h.h.t.HelmChartContainer - [hivemq-test-hivemq-platform] [hivemq-platform-operator] [d3bb76c6] 18:40:08.867 [pool-6-thread-31] DEBUG c.h.p.o.dependants.PodInfoConfigMap - [helmlega] Desired PodInfo ConfigMap (2 extensions) (1 enabled)
2025-01-29 18:40:08,870 INFO c.h.h.t.HelmChartContainer - [hivemq-test-hivemq-platform] [hivemq-platform-operator] [d3bb76c6] 18:40:08.868 [pool-6-thread-31] DEBUG c.h.p.o.dependants.PodInfoConfigMap - [helmlega] Desired PodInfo ConfigMap (metrics port: 9399) (metrics path: /)
2025-01-29 18:40:08,870 INFO c.h.h.t.HelmChartContainer - [hivemq-test-hivemq-platform] [hivemq-platform-operator] [d3bb76c6] 18:40:08.869 [pool-6-thread-31] DEBUG c.h.p.o.dependants.PodInfoConfigMap - [helmlega] Desired PodInfo ConfigMap (extension state hash: -1203431371)
2025-01-29 18:40:08,872 INFO c.h.h.t.HelmChartContainer - [hivemq-test-hivemq-platform] [hivemq-platform-operator] [d3bb76c6] 18:40:08.869 [pool-6-thread-36] DEBUG c.h.p.o.d.PodServiceAccountResource - [helmlega] Desired PodServiceAccountResource (serviceAccountName: hivemq-platform-pod-test-hivemq-legacy-platform)
2025-01-29 18:40:08,876 INFO c.h.h.t.HelmChartContainer - [hivemq-test-hivemq-platform] [hivemq-platform-operator] [d3bb76c6] 18:40:08.875 [pool-6-thread-33] DEBUG c.h.p.o.d.StatefulSetResource - [helmlega] Desired StatefulSet (2 replicas) for status ROLLING_RESTART (SURGE_IN_PROGRESS)
2025-01-29 18:40:08,880 INFO c.h.h.t.HelmChartContainer - [hivemq-test-hivemq-platform] [hivemq-platform-operator] [d3bb76c6] 18:40:08.879 [ReconcilerExecutor-hivemq-controller-119] INFO  c.h.p.o.HiveMQPlatformReconciler - [helmlega] Reconciling HiveMQ Platform 'test-hivemq-legacy-platform' in namespace 'helmlegacystatefulsetmigrationit-operator'
2025-01-29 18:40:08,881 INFO c.h.h.t.HelmChartContainer - [hivemq-test-hivemq-platform] [hivemq-platform-operator] [d3bb76c6] 18:40:08.879 [ReconcilerExecutor-hivemq-controller-119] DEBUG c.h.p.o.HiveMQPlatformReconciler - [helmlega] Custom Resource Status ROLLING_RESTART - HiveMQ Platform is starting a surge Pod (rolling restart) (SURGE_IN_PROGRESS)
2025-01-29 18:40:08,882 INFO c.h.h.t.HelmChartContainer - [hivemq-test-hivemq-platform] [hivemq-platform-operator] [d3bb76c6] 18:40:08.879 [ReconcilerExecutor-hivemq-controller-119] DEBUG c.h.p.o.HiveMQPlatformReconciler - [helmlega] Custom Resource Spec (replicas: 1) (extensions: 2)
2025-01-29 18:40:08,884 INFO c.h.h.t.HelmChartContainer - [hivemq-test-hivemq-platform] [hivemq-platform-operator] [d3bb76c6] 18:40:08.881 [ReconcilerExecutor-hivemq-controller-119] DEBUG c.h.p.o.HiveMQPlatformReconciler - [helmlega] StatefulSet Status (revision: test-hivemq-legacy-platform-65df8dcb7f, replicas: 2, available: 1, ready: 1, current: 1, updated: 1)
2025-01-29 18:40:08,886 INFO c.h.h.t.HelmChartContainer - [hivemq-test-hivemq-platform] [hivemq-platform-operator] [d3bb76c6] 18:40:08.881 [ReconcilerExecutor-hivemq-controller-119] DEBUG c.h.p.o.HiveMQPlatformReconciler - [helmlega] StatefulSet Spec (replicas: 2, init containers: 1, containers: 1, volumes: 6)
2025-01-29 18:40:08,886 INFO c.h.h.t.HelmChartContainer - [hivemq-test-hivemq-platform] [hivemq-platform-operator] [d3bb76c6] 18:40:08.883 [ReconcilerExecutor-hivemq-controller-119] DEBUG c.h.p.o.h.HiveMQPlatformReconcilerErrorHandler - [helmlega] Pod 'test-hivemq-legacy-platform-1' phase Running
2025-01-29 18:40:08,946 INFO c.h.h.t.HelmChartContainer - [hivemq-test-hivemq-platform] [hivemq-platform-operator] [d3bb76c6] 18:40:08.942 [ReconcilerExecutor-hivemq-controller-119] DEBUG c.h.p.o.h.HiveMQPlatformReconcilerErrorHandler - [helmlega] Pod 'test-hivemq-legacy-platform-0' phase Running
2025-01-29 18:40:08,946 INFO c.h.h.t.HelmChartContainer - [hivemq-test-hivemq-platform] [hivemq-platform-operator] [d3bb76c6] 18:40:08.944 [ReconcilerExecutor-hivemq-controller-119] DEBUG c.h.p.o.h.HiveMQPlatformReconcilerRollingRestartHandler - [helmlega] Rolling restart is waiting for 1 of 2 replicas
2025-01-29 18:40:09,788 INFO c.h.h.t.HelmChartContainer - [EVENT] Warning [Unhealthy] Readiness probe failed: HTTP probe failed with statuscode: 503 [helmlegacystatefulsetmigrationit-operator:test-hivemq-legacy-platform-1]
2025-01-29 18:40:09,788 INFO c.h.h.t.HelmChartContainer - Received Unhealthy event for container hivemq in pod test-hivemq-legacy-platform-1 [72aeed9e-d82b-4122-a634-0f240d1bd4dd]
2025-01-29 18:40:09,942 INFO c.h.h.t.HelmChartContainer - [test-hivemq-legacy-platform] [hivemq] [72aeed9e] INFO  - [HiveMQ Platform Operator Init App 1.7.0-SNAPSHOT] Updating Pod HiveMQ Platform Operator Init App version annotation (version: 1.7.0-SNAPSHOT)
2025-01-29 18:40:10,339 INFO c.h.h.t.HelmChartContainer - [POD] test-hivemq-legacy-platform-1 [72aeed9e-d82b-4122-a634-0f240d1bd4dd] in helmlegacystatefulsetmigrationit-operator was MODIFIED
2025-01-29 18:40:10,348 INFO c.h.h.t.HelmChartContainer - [hivemq-test-hivemq-platform] [hivemq-platform-operator] [d3bb76c6] 18:40:10.345 [pool-6-thread-48] DEBUG c.h.p.o.d.PlatformServiceResource - [helmlega] Desired Platform services (4 services)
2025-01-29 18:40:10,350 INFO c.h.h.t.HelmChartContainer - [hivemq-test-hivemq-platform] [hivemq-platform-operator] [d3bb76c6] 18:40:10.348 [pool-6-thread-45] DEBUG c.h.p.o.dependants.PodInfoConfigMap - [helmlega] Desired PodInfo ConfigMap (2 extensions) (1 enabled)
2025-01-29 18:40:10,350 INFO c.h.h.t.HelmChartContainer - [hivemq-test-hivemq-platform] [hivemq-platform-operator] [d3bb76c6] 18:40:10.349 [pool-6-thread-45] DEBUG c.h.p.o.dependants.PodInfoConfigMap - [helmlega] Desired PodInfo ConfigMap (metrics port: 9399) (metrics path: /)
2025-01-29 18:40:10,350 INFO c.h.h.t.HelmChartContainer - [hivemq-test-hivemq-platform] [hivemq-platform-operator] [d3bb76c6] 18:40:10.350 [pool-6-thread-45] DEBUG c.h.p.o.dependants.PodInfoConfigMap - [helmlega] Desired PodInfo ConfigMap (extension state hash: -1203431371)
2025-01-29 18:40:10,353 INFO c.h.h.t.HelmChartContainer - [hivemq-test-hivemq-platform] [hivemq-platform-operator] [d3bb76c6] 18:40:10.349 [pool-6-thread-49] DEBUG c.h.p.o.d.PodServiceAccountResource - [helmlega] Desired PodServiceAccountResource (serviceAccountName: hivemq-platform-pod-test-hivemq-legacy-platform)
2025-01-29 18:40:10,357 INFO c.h.h.t.HelmChartContainer - [hivemq-test-hivemq-platform] [hivemq-platform-operator] [d3bb76c6] 18:40:10.356 [pool-6-thread-48] DEBUG c.h.p.o.d.StatefulSetResource - [helmlega] Desired StatefulSet (2 replicas) for status ROLLING_RESTART (SURGE_IN_PROGRESS)
2025-01-29 18:40:10,362 INFO c.h.h.t.HelmChartContainer - [hivemq-test-hivemq-platform] [hivemq-platform-operator] [d3bb76c6] 18:40:10.361 [ReconcilerExecutor-hivemq-controller-120] INFO  c.h.p.o.HiveMQPlatformReconciler - [helmlega] Reconciling HiveMQ Platform 'test-hivemq-legacy-platform' in namespace 'helmlegacystatefulsetmigrationit-operator'
2025-01-29 18:40:10,362 INFO c.h.h.t.HelmChartContainer - [hivemq-test-hivemq-platform] [hivemq-platform-operator] [d3bb76c6] 18:40:10.361 [ReconcilerExecutor-hivemq-controller-120] DEBUG c.h.p.o.HiveMQPlatformReconciler - [helmlega] Custom Resource Status ROLLING_RESTART - HiveMQ Platform is starting a surge Pod (rolling restart) (SURGE_IN_PROGRESS)
2025-01-29 18:40:10,362 INFO c.h.h.t.HelmChartContainer - [hivemq-test-hivemq-platform] [hivemq-platform-operator] [d3bb76c6] 18:40:10.361 [ReconcilerExecutor-hivemq-controller-120] DEBUG c.h.p.o.HiveMQPlatformReconciler - [helmlega] Custom Resource Spec (replicas: 1) (extensions: 2)
2025-01-29 18:40:10,383 INFO c.h.h.t.HelmChartContainer - [test-hivemq-legacy-platform] [hivemq] [72aeed9e] INFO  - [HiveMQ Platform Operator Init App 1.7.0-SNAPSHOT] Successfully updated Pod HiveMQ Platform Operator Init App version annotation (version: 1.7.0-SNAPSHOT)
2025-01-29 18:40:10,384 INFO c.h.h.t.HelmChartContainer - [EVENT] Warning [Unhealthy] Readiness probe failed: HTTP probe failed with statuscode: 503 [helmlegacystatefulsetmigrationit-operator:test-hivemq-legacy-platform-1]
2025-01-29 18:40:10,384 INFO c.h.h.t.HelmChartContainer - Received Unhealthy event for container hivemq in pod test-hivemq-legacy-platform-1 [72aeed9e-d82b-4122-a634-0f240d1bd4dd]
2025-01-29 18:40:10,447 INFO c.h.h.t.HelmChartContainer - [hivemq-test-hivemq-platform] [hivemq-platform-operator] [d3bb76c6] 18:40:10.442 [ReconcilerExecutor-hivemq-controller-120] DEBUG c.h.p.o.HiveMQPlatformReconciler - [helmlega] StatefulSet Status (revision: test-hivemq-legacy-platform-65df8dcb7f, replicas: 2, available: 1, ready: 1, current: 1, updated: 1)
2025-01-29 18:40:10,447 INFO c.h.h.t.HelmChartContainer - [hivemq-test-hivemq-platform] [hivemq-platform-operator] [d3bb76c6] 18:40:10.442 [ReconcilerExecutor-hivemq-controller-120] DEBUG c.h.p.o.HiveMQPlatformReconciler - [helmlega] StatefulSet Spec (replicas: 2, init containers: 1, containers: 1, volumes: 6)
2025-01-29 18:40:10,447 INFO c.h.h.t.HelmChartContainer - [hivemq-test-hivemq-platform] [hivemq-platform-operator] [d3bb76c6] 18:40:10.445 [ReconcilerExecutor-hivemq-controller-120] DEBUG c.h.p.o.h.HiveMQPlatformReconcilerErrorHandler - [helmlega] Pod 'test-hivemq-legacy-platform-1' phase Running
2025-01-29 18:40:10,454 INFO c.h.h.t.HelmChartContainer - [hivemq-test-hivemq-platform] [hivemq-platform-operator] [d3bb76c6] 18:40:10.453 [ReconcilerExecutor-hivemq-controller-120] DEBUG c.h.p.o.h.HiveMQPlatformReconcilerErrorHandler - [helmlega] Pod 'test-hivemq-legacy-platform-0' phase Running
2025-01-29 18:40:10,456 INFO c.h.h.t.HelmChartContainer - [hivemq-test-hivemq-platform] [hivemq-platform-operator] [d3bb76c6] 18:40:10.455 [ReconcilerExecutor-hivemq-controller-120] DEBUG c.h.p.o.h.HiveMQPlatformReconcilerRollingRestartHandler - [helmlega] Rolling restart is waiting for 1 of 2 replicas
2025-01-29 18:40:15,343 INFO c.h.h.t.HelmChartContainer - [EVENT] Warning [Unhealthy] Readiness probe failed: HTTP probe failed with statuscode: 503 [helmlegacystatefulsetmigrationit-operator:test-hivemq-legacy-platform-1]
2025-01-29 18:40:15,343 INFO c.h.h.t.HelmChartContainer - Received Unhealthy event for container hivemq in pod test-hivemq-legacy-platform-1 [72aeed9e-d82b-4122-a634-0f240d1bd4dd]
2025-01-29 18:40:17,800 INFO c.h.h.t.HelmChartContainer - [test-hivemq-legacy-platform] [hivemq] [72aeed9e] INFO  - [HiveMQ Platform Operator Init App 1.7.0-SNAPSHOT] Proceeding with container start
2025-01-29 18:40:17,803 INFO c.h.h.t.HelmChartContainer - [test-hivemq-legacy-platform] [hivemq] [72aeed9e] INFO  - [HiveMQ Platform Operator Init App 1.7.0-SNAPSHOT] Initializing HiveMQ Platform extensions with initial configuration: {hivemq-allow-all-extension={start-priority=-1, skip-https-hostname-verification=false, restart=true, config-version=0, header-version=0, c-uri=, priority=-1, uri=preinstalled, skip-https-certificate-validation=false, enabled=false}, hivemq-enterprise-security-extension={start-priority=-1, skip-https-hostname-verification=false, restart=true, config-version=740, header-version=0, c-uri=, priority=-1, uri=preinstalled, skip-https-certificate-validation=false, enabled=true}, hivemq-prometheus-extension={request-header-path=no-request-headers, enabled=true, restart=true, priority=-1, start-priority=-1, c-uri=, skip-https-hostname-verification=false, skip-https-certificate-validation=false, uri=preinstalled}}
2025-01-29 18:40:17,805 INFO c.h.h.t.HelmChartContainer - [test-hivemq-legacy-platform] [hivemq] [72aeed9e] INFO  - [HiveMQ Platform Operator Init App 1.7.0-SNAPSHOT] Successfully disabled extension hivemq-allow-all-extension
2025-01-29 18:40:18,188 INFO c.h.h.t.HelmChartContainer - [test-hivemq-legacy-platform] [hivemq] [72aeed9e] INFO  - [HiveMQ Platform Operator Init App 1.7.0-SNAPSHOT] Successfully enabled extension hivemq-enterprise-security-extension
2025-01-29 18:40:18,198 INFO c.h.h.t.HelmChartContainer - [test-hivemq-legacy-platform] [hivemq] [72aeed9e] INFO  - [HiveMQ Platform Operator Init App 1.7.0-SNAPSHOT] Successfully enabled extension hivemq-prometheus-extension
2025-01-29 18:40:18,229 INFO c.h.h.t.HelmChartContainer - [test-hivemq-legacy-platform] [hivemq] [72aeed9e] INFO  - [HiveMQ Platform Operator Init App 1.7.0-SNAPSHOT] Starting HiveMQ Platform version 4.36.0 (4.36.0)
2025-01-29 18:40:18,229 INFO c.h.h.t.HelmChartContainer - [test-hivemq-legacy-platform] [hivemq] [72aeed9e] INFO  - [HiveMQ Platform Operator Init App 1.7.0-SNAPSHOT] Configuring the HiveMQ Platform
2025-01-29 18:40:18,287 INFO c.h.h.t.HelmChartContainer - [test-hivemq-legacy-platform] [hivemq] [72aeed9e] INFO  - [HiveMQ Platform Operator Init App 1.7.0-SNAPSHOT] Changed logback.xml file scan period to 20 seconds
2025-01-29 18:40:18,379 INFO c.h.h.t.HelmChartContainer - [test-hivemq-legacy-platform] [hivemq] [72aeed9e] INFO  - [HiveMQ Platform Operator Init App 1.7.0-SNAPSHOT] Starting the HiveMQ Platform
2025-01-29 18:40:18,383 INFO c.h.h.t.HelmChartContainer - [test-hivemq-legacy-platform] [hivemq] [72aeed9e] -------------------------------------------------------------------------
2025-01-29 18:40:18,383 INFO c.h.h.t.HelmChartContainer - [test-hivemq-legacy-platform] [hivemq] [72aeed9e] 
2025-01-29 18:40:18,383 INFO c.h.h.t.HelmChartContainer - [test-hivemq-legacy-platform] [hivemq] [72aeed9e]                   _    _  _              __  __   ____
2025-01-29 18:40:18,383 INFO c.h.h.t.HelmChartContainer - [test-hivemq-legacy-platform] [hivemq] [72aeed9e]                  | |  | |(_)            |  \/  | / __ \
2025-01-29 18:40:18,383 INFO c.h.h.t.HelmChartContainer - [test-hivemq-legacy-platform] [hivemq] [72aeed9e]                  | |__| | _ __   __ ___ | \  / || |  | |
2025-01-29 18:40:18,383 INFO c.h.h.t.HelmChartContainer - [test-hivemq-legacy-platform] [hivemq] [72aeed9e]                  |  __  || |\ \ / // _ \| |\/| || |  | |
2025-01-29 18:40:18,383 INFO c.h.h.t.HelmChartContainer - [test-hivemq-legacy-platform] [hivemq] [72aeed9e]                  | |  | || | \ V /|  __/| |  | || |__| |
2025-01-29 18:40:18,383 INFO c.h.h.t.HelmChartContainer - [test-hivemq-legacy-platform] [hivemq] [72aeed9e]                  |_|  |_||_|  \_/  \___||_|  |_| \___\_\
2025-01-29 18:40:18,383 INFO c.h.h.t.HelmChartContainer - [test-hivemq-legacy-platform] [hivemq] [72aeed9e] 
2025-01-29 18:40:18,383 INFO c.h.h.t.HelmChartContainer - [test-hivemq-legacy-platform] [hivemq] [72aeed9e] -------------------------------------------------------------------------
2025-01-29 18:40:18,383 INFO c.h.h.t.HelmChartContainer - [test-hivemq-legacy-platform] [hivemq] [72aeed9e] 
2025-01-29 18:40:18,383 INFO c.h.h.t.HelmChartContainer - [test-hivemq-legacy-platform] [hivemq] [72aeed9e]   HiveMQ Start Script for Linux/Unix v1.14
2025-01-29 18:40:18,383 INFO c.h.h.t.HelmChartContainer - [test-hivemq-legacy-platform] [hivemq] [72aeed9e] 
2025-01-29 18:40:18,493 INFO c.h.h.t.HelmChartContainer - [test-hivemq-legacy-platform] [hivemq] [72aeed9e] -------------------------------------------------------------------------
2025-01-29 18:40:18,493 INFO c.h.h.t.HelmChartContainer - [test-hivemq-legacy-platform] [hivemq] [72aeed9e] 
2025-01-29 18:40:18,493 INFO c.h.h.t.HelmChartContainer - [test-hivemq-legacy-platform] [hivemq] [72aeed9e]   HIVEMQ_HOME: /opt/hivemq
2025-01-29 18:40:18,493 INFO c.h.h.t.HelmChartContainer - [test-hivemq-legacy-platform] [hivemq] [72aeed9e] 
2025-01-29 18:40:18,493 INFO c.h.h.t.HelmChartContainer - [test-hivemq-legacy-platform] [hivemq] [72aeed9e]   JAVA_OPTS: -XX:+UnlockExperimentalVMOptions -XX:InitialRAMPercentage=50 -XX:MaxRAMPercentage=50 -Djava.net.preferIPv4Stack=true --add-opens java.base/java.lang=ALL-UNNAMED --add-opens java.base/java.nio=ALL-UNNAMED --add-opens java.base/sun.nio.ch=ALL-UNNAMED --add-opens jdk.management/com.sun.management.internal=ALL-UNNAMED --add-exports java.base/jdk.internal.misc=ALL-UNNAMED -Djava.security.egd=file:/dev/./urandom -Dcom.sun.management.jmxremote -Dcom.sun.management.jmxremote.port=9010 -Dcom.sun.management.jmxremote.local.only=false -Dcom.sun.management.jmxremote.authenticate=false -Dcom.sun.management.jmxremote.ssl=false -Duser.language=en -Duser.region=US -XX:+CrashOnOutOfMemoryError -XX:+HeapDumpOnOutOfMemoryError
2025-01-29 18:40:18,493 INFO c.h.h.t.HelmChartContainer - [test-hivemq-legacy-platform] [hivemq] [72aeed9e] 
2025-01-29 18:40:18,493 INFO c.h.h.t.HelmChartContainer - [test-hivemq-legacy-platform] [hivemq] [72aeed9e]   JAVA_VERSION: 21
2025-01-29 18:40:18,493 INFO c.h.h.t.HelmChartContainer - [test-hivemq-legacy-platform] [hivemq] [72aeed9e] 
2025-01-29 18:40:18,493 INFO c.h.h.t.HelmChartContainer - [test-hivemq-legacy-platform] [hivemq] [72aeed9e] -------------------------------------------------------------------------
2025-01-29 18:40:18,493 INFO c.h.h.t.HelmChartContainer - [test-hivemq-legacy-platform] [hivemq] [72aeed9e] 
2025-01-29 18:40:20,387 INFO c.h.h.t.HelmChartContainer - [EVENT] Warning [Unhealthy] Readiness probe failed: HTTP probe failed with statuscode: 503 [helmlegacystatefulsetmigrationit-operator:test-hivemq-legacy-platform-1]
2025-01-29 18:40:20,387 INFO c.h.h.t.HelmChartContainer - Received Unhealthy event for container hivemq in pod test-hivemq-legacy-platform-1 [72aeed9e-d82b-4122-a634-0f240d1bd4dd]
2025-01-29 18:40:20,467 INFO c.h.h.t.HelmChartContainer - [hivemq-test-hivemq-platform] [hivemq-platform-operator] [d3bb76c6] 18:40:20.463 [pool-6-thread-6] DEBUG c.h.p.o.d.PlatformServiceResource - [helmlega] Desired Platform services (4 services)
2025-01-29 18:40:20,467 INFO c.h.h.t.HelmChartContainer - [hivemq-test-hivemq-platform] [hivemq-platform-operator] [d3bb76c6] 18:40:20.465 [pool-6-thread-3] DEBUG c.h.p.o.dependants.PodInfoConfigMap - [helmlega] Desired PodInfo ConfigMap (2 extensions) (1 enabled)
2025-01-29 18:40:20,469 INFO c.h.h.t.HelmChartContainer - [hivemq-test-hivemq-platform] [hivemq-platform-operator] [d3bb76c6] 18:40:20.466 [pool-6-thread-3] DEBUG c.h.p.o.dependants.PodInfoConfigMap - [helmlega] Desired PodInfo ConfigMap (metrics port: 9399) (metrics path: /)
2025-01-29 18:40:20,469 INFO c.h.h.t.HelmChartContainer - [hivemq-test-hivemq-platform] [hivemq-platform-operator] [d3bb76c6] 18:40:20.467 [pool-6-thread-3] DEBUG c.h.p.o.dependants.PodInfoConfigMap - [helmlega] Desired PodInfo ConfigMap (extension state hash: -1203431371)
2025-01-29 18:40:20,470 INFO c.h.h.t.HelmChartContainer - [hivemq-test-hivemq-platform] [hivemq-platform-operator] [d3bb76c6] 18:40:20.469 [pool-6-thread-5] DEBUG c.h.p.o.d.PodServiceAccountResource - [helmlega] Desired PodServiceAccountResource (serviceAccountName: hivemq-platform-pod-test-hivemq-legacy-platform)
2025-01-29 18:40:20,472 INFO c.h.h.t.HelmChartContainer - [hivemq-test-hivemq-platform] [hivemq-platform-operator] [d3bb76c6] 18:40:20.472 [pool-6-thread-8] DEBUG c.h.p.o.d.StatefulSetResource - [helmlega] Desired StatefulSet (2 replicas) for status ROLLING_RESTART (SURGE_IN_PROGRESS)
2025-01-29 18:40:20,477 INFO c.h.h.t.HelmChartContainer - [hivemq-test-hivemq-platform] [hivemq-platform-operator] [d3bb76c6] 18:40:20.476 [ReconcilerExecutor-hivemq-controller-121] INFO  c.h.p.o.HiveMQPlatformReconciler - [helmlega] Reconciling HiveMQ Platform 'test-hivemq-legacy-platform' in namespace 'helmlegacystatefulsetmigrationit-operator'
2025-01-29 18:40:20,477 INFO c.h.h.t.HelmChartContainer - [hivemq-test-hivemq-platform] [hivemq-platform-operator] [d3bb76c6] 18:40:20.476 [ReconcilerExecutor-hivemq-controller-121] DEBUG c.h.p.o.HiveMQPlatformReconciler - [helmlega] Custom Resource Status ROLLING_RESTART - HiveMQ Platform is starting a surge Pod (rolling restart) (SURGE_IN_PROGRESS)
2025-01-29 18:40:20,477 INFO c.h.h.t.HelmChartContainer - [hivemq-test-hivemq-platform] [hivemq-platform-operator] [d3bb76c6] 18:40:20.476 [ReconcilerExecutor-hivemq-controller-121] DEBUG c.h.p.o.HiveMQPlatformReconciler - [helmlega] Custom Resource Spec (replicas: 1) (extensions: 2)
2025-01-29 18:40:20,543 INFO c.h.h.t.HelmChartContainer - [hivemq-test-hivemq-platform] [hivemq-platform-operator] [d3bb76c6] 18:40:20.541 [ReconcilerExecutor-hivemq-controller-121] DEBUG c.h.p.o.HiveMQPlatformReconciler - [helmlega] StatefulSet Status (revision: test-hivemq-legacy-platform-65df8dcb7f, replicas: 2, available: 1, ready: 1, current: 1, updated: 1)
2025-01-29 18:40:20,543 INFO c.h.h.t.HelmChartContainer - [hivemq-test-hivemq-platform] [hivemq-platform-operator] [d3bb76c6] 18:40:20.541 [ReconcilerExecutor-hivemq-controller-121] DEBUG c.h.p.o.HiveMQPlatformReconciler - [helmlega] StatefulSet Spec (replicas: 2, init containers: 1, containers: 1, volumes: 6)
2025-01-29 18:40:20,544 INFO c.h.h.t.HelmChartContainer - [hivemq-test-hivemq-platform] [hivemq-platform-operator] [d3bb76c6] 18:40:20.543 [ReconcilerExecutor-hivemq-controller-121] DEBUG c.h.p.o.h.HiveMQPlatformReconcilerErrorHandler - [helmlega] Pod 'test-hivemq-legacy-platform-1' phase Running
2025-01-29 18:40:20,546 INFO c.h.h.t.HelmChartContainer - [hivemq-test-hivemq-platform] [hivemq-platform-operator] [d3bb76c6] 18:40:20.546 [ReconcilerExecutor-hivemq-controller-121] DEBUG c.h.p.o.h.HiveMQPlatformReconcilerErrorHandler - [helmlega] Pod 'test-hivemq-legacy-platform-0' phase Running
2025-01-29 18:40:20,547 INFO c.h.h.t.HelmChartContainer - [hivemq-test-hivemq-platform] [hivemq-platform-operator] [d3bb76c6] 18:40:20.547 [ReconcilerExecutor-hivemq-controller-121] DEBUG c.h.p.o.h.HiveMQPlatformReconcilerRollingRestartHandler - [helmlega] Rolling restart is waiting for 1 of 2 replicas
2025-01-29 18:40:21,037 INFO c.h.h.t.HelmChartContainer - [test-hivemq-legacy-platform] [hivemq] [72aeed9e] INFO  - Starting HiveMQ Enterprise Server
2025-01-29 18:40:21,084 INFO c.h.h.t.HelmChartContainer - [test-hivemq-legacy-platform] [hivemq] [72aeed9e] INFO  - HiveMQ version: 4.36.0
2025-01-29 18:40:21,084 INFO c.h.h.t.HelmChartContainer - [test-hivemq-legacy-platform] [hivemq] [72aeed9e] INFO  - HiveMQ home directory: /opt/hivemq
2025-01-29 18:40:21,084 INFO c.h.h.t.HelmChartContainer - [test-hivemq-legacy-platform] [hivemq] [72aeed9e] INFO  - Log Configuration was overridden by /opt/hivemq/conf/logback.xml
2025-01-29 18:40:22,291 INFO c.h.h.t.HelmChartContainer - [test-hivemq-legacy-platform] [hivemq] [72aeed9e] INFO  - Successfully loaded configuration from '/opt/hivemq/conf-k8s/config.xml'.
2025-01-29 18:40:22,585 INFO c.h.h.t.HelmChartContainer - [test-hivemq-legacy-platform] [hivemq] [72aeed9e] INFO  - This node's ID is QqVXX
2025-01-29 18:40:22,586 INFO c.h.h.t.HelmChartContainer - [test-hivemq-legacy-platform] [hivemq] [72aeed9e] INFO  - Clustering is enabled
2025-01-29 18:40:25,681 INFO c.h.h.t.HelmChartContainer - [test-hivemq-legacy-platform] [hivemq] [72aeed9e] WARN  - [HiveMQ Platform Operator Init App 1.7.0-SNAPSHOT] Cannot connect to Health API for readiness: null
2025-01-29 18:40:25,685 INFO c.h.h.t.HelmChartContainer - [EVENT] Warning [Unhealthy] Readiness probe failed: HTTP probe failed with statuscode: 503 [helmlegacystatefulsetmigrationit-operator:test-hivemq-legacy-platform-1]
2025-01-29 18:40:25,685 INFO c.h.h.t.HelmChartContainer - Received Unhealthy event for container hivemq in pod test-hivemq-legacy-platform-1 [72aeed9e-d82b-4122-a634-0f240d1bd4dd]
2025-01-29 18:40:26,633 INFO c.h.h.t.HelmChartContainer - [test-hivemq-legacy-platform] [hivemq] [72aeed9e] WARN  - [HiveMQ Platform Operator Init App 1.7.0-SNAPSHOT] Cannot connect to Health API for liveness: null
2025-01-29 18:40:26,634 INFO c.h.h.t.HelmChartContainer - [test-hivemq-legacy-platform] [hivemq] [72aeed9e] INFO  - [HiveMQ Platform Operator Init App 1.7.0-SNAPSHOT] Returning default Health API response 200 for liveness
2025-01-29 18:40:30,385 INFO c.h.h.t.HelmChartContainer - [test-hivemq-legacy-platform] [hivemq] [72aeed9e] WARN  - [HiveMQ Platform Operator Init App 1.7.0-SNAPSHOT] Cannot connect to Health API for readiness: null
2025-01-29 18:40:30,388 INFO c.h.h.t.HelmChartContainer - [EVENT] Warning [Unhealthy] Readiness probe failed: HTTP probe failed with statuscode: 503 [helmlegacystatefulsetmigrationit-operator:test-hivemq-legacy-platform-1]
2025-01-29 18:40:30,389 INFO c.h.h.t.HelmChartContainer - Received Unhealthy event for container hivemq in pod test-hivemq-legacy-platform-1 [72aeed9e-d82b-4122-a634-0f240d1bd4dd]
2025-01-29 18:40:30,558 INFO c.h.h.t.HelmChartContainer - [hivemq-test-hivemq-platform] [hivemq-platform-operator] [d3bb76c6] 18:40:30.552 [pool-6-thread-15] DEBUG c.h.p.o.d.PlatformServiceResource - [helmlega] Desired Platform services (4 services)
2025-01-29 18:40:30,558 INFO c.h.h.t.HelmChartContainer - [hivemq-test-hivemq-platform] [hivemq-platform-operator] [d3bb76c6] 18:40:30.553 [pool-6-thread-12] DEBUG c.h.p.o.dependants.PodInfoConfigMap - [helmlega] Desired PodInfo ConfigMap (2 extensions) (1 enabled)
2025-01-29 18:40:30,558 INFO c.h.h.t.HelmChartContainer - [hivemq-test-hivemq-platform] [hivemq-platform-operator] [d3bb76c6] 18:40:30.553 [pool-6-thread-12] DEBUG c.h.p.o.dependants.PodInfoConfigMap - [helmlega] Desired PodInfo ConfigMap (metrics port: 9399) (metrics path: /)
2025-01-29 18:40:30,558 INFO c.h.h.t.HelmChartContainer - [hivemq-test-hivemq-platform] [hivemq-platform-operator] [d3bb76c6] 18:40:30.553 [pool-6-thread-12] DEBUG c.h.p.o.dependants.PodInfoConfigMap - [helmlega] Desired PodInfo ConfigMap (extension state hash: -1203431371)
2025-01-29 18:40:30,558 INFO c.h.h.t.HelmChartContainer - [hivemq-test-hivemq-platform] [hivemq-platform-operator] [d3bb76c6] 18:40:30.553 [pool-6-thread-18] DEBUG c.h.p.o.d.PodServiceAccountResource - [helmlega] Desired PodServiceAccountResource (serviceAccountName: hivemq-platform-pod-test-hivemq-legacy-platform)
2025-01-29 18:40:30,560 INFO c.h.h.t.HelmChartContainer - [hivemq-test-hivemq-platform] [hivemq-platform-operator] [d3bb76c6] 18:40:30.559 [pool-6-thread-15] DEBUG c.h.p.o.d.StatefulSetResource - [helmlega] Desired StatefulSet (2 replicas) for status ROLLING_RESTART (SURGE_IN_PROGRESS)
2025-01-29 18:40:30,566 INFO c.h.h.t.HelmChartContainer - [hivemq-test-hivemq-platform] [hivemq-platform-operator] [d3bb76c6] 18:40:30.563 [ReconcilerExecutor-hivemq-controller-122] INFO  c.h.p.o.HiveMQPlatformReconciler - [helmlega] Reconciling HiveMQ Platform 'test-hivemq-legacy-platform' in namespace 'helmlegacystatefulsetmigrationit-operator'
2025-01-29 18:40:30,566 INFO c.h.h.t.HelmChartContainer - [hivemq-test-hivemq-platform] [hivemq-platform-operator] [d3bb76c6] 18:40:30.563 [ReconcilerExecutor-hivemq-controller-122] DEBUG c.h.p.o.HiveMQPlatformReconciler - [helmlega] Custom Resource Status ROLLING_RESTART - HiveMQ Platform is starting a surge Pod (rolling restart) (SURGE_IN_PROGRESS)
2025-01-29 18:40:30,566 INFO c.h.h.t.HelmChartContainer - [hivemq-test-hivemq-platform] [hivemq-platform-operator] [d3bb76c6] 18:40:30.563 [ReconcilerExecutor-hivemq-controller-122] DEBUG c.h.p.o.HiveMQPlatformReconciler - [helmlega] Custom Resource Spec (replicas: 1) (extensions: 2)
2025-01-29 18:40:30,566 INFO c.h.h.t.HelmChartContainer - [hivemq-test-hivemq-platform] [hivemq-platform-operator] [d3bb76c6] 18:40:30.565 [ReconcilerExecutor-hivemq-controller-122] DEBUG c.h.p.o.HiveMQPlatformReconciler - [helmlega] StatefulSet Status (revision: test-hivemq-legacy-platform-65df8dcb7f, replicas: 2, available: 1, ready: 1, current: 1, updated: 1)
2025-01-29 18:40:30,566 INFO c.h.h.t.HelmChartContainer - [hivemq-test-hivemq-platform] [hivemq-platform-operator] [d3bb76c6] 18:40:30.565 [ReconcilerExecutor-hivemq-controller-122] DEBUG c.h.p.o.HiveMQPlatformReconciler - [helmlega] StatefulSet Spec (replicas: 2, init containers: 1, containers: 1, volumes: 6)
2025-01-29 18:40:30,568 INFO c.h.h.t.HelmChartContainer - [hivemq-test-hivemq-platform] [hivemq-platform-operator] [d3bb76c6] 18:40:30.567 [ReconcilerExecutor-hivemq-controller-122] DEBUG c.h.p.o.h.HiveMQPlatformReconcilerErrorHandler - [helmlega] Pod 'test-hivemq-legacy-platform-1' phase Running
2025-01-29 18:40:30,570 INFO c.h.h.t.HelmChartContainer - [hivemq-test-hivemq-platform] [hivemq-platform-operator] [d3bb76c6] 18:40:30.569 [ReconcilerExecutor-hivemq-controller-122] DEBUG c.h.p.o.h.HiveMQPlatformReconcilerErrorHandler - [helmlega] Pod 'test-hivemq-legacy-platform-0' phase Running
2025-01-29 18:40:30,642 INFO c.h.h.t.HelmChartContainer - [hivemq-test-hivemq-platform] [hivemq-platform-operator] [d3bb76c6] 18:40:30.641 [ReconcilerExecutor-hivemq-controller-122] DEBUG c.h.p.o.h.HiveMQPlatformReconcilerRollingRestartHandler - [helmlega] Rolling restart is waiting for 1 of 2 replicas
2025-01-29 18:40:35,383 INFO c.h.h.t.HelmChartContainer - [test-hivemq-legacy-platform] [hivemq] [72aeed9e] WARN  - [HiveMQ Platform Operator Init App 1.7.0-SNAPSHOT] Cannot connect to Health API for readiness: null
2025-01-29 18:40:35,388 INFO c.h.h.t.HelmChartContainer - [EVENT] Warning [Unhealthy] Readiness probe failed: HTTP probe failed with statuscode: 503 [helmlegacystatefulsetmigrationit-operator:test-hivemq-legacy-platform-1]
2025-01-29 18:40:35,388 INFO c.h.h.t.HelmChartContainer - Received Unhealthy event for container hivemq in pod test-hivemq-legacy-platform-1 [72aeed9e-d82b-4122-a634-0f240d1bd4dd]
2025-01-29 18:40:36,082 INFO c.h.h.t.HelmChartContainer - [test-hivemq-legacy-platform] [hivemq] [72aeed9e] INFO  - No valid license file found. Using trial license, restricted to 25 connections.
2025-01-29 18:40:40,095 INFO c.h.h.t.HelmChartContainer - [test-hivemq-legacy-platform] [hivemq] [72aeed9e] INFO  - No valid license file for Data Hub found. Using free license, restricted to 1 policy.
2025-01-29 18:40:40,385 INFO c.h.h.t.HelmChartContainer - [test-hivemq-legacy-platform] [hivemq] [72aeed9e] WARN  - [HiveMQ Platform Operator Init App 1.7.0-SNAPSHOT] Cannot connect to Health API for readiness: null
2025-01-29 18:40:40,390 INFO c.h.h.t.HelmChartContainer - [EVENT] Warning [Unhealthy] Readiness probe failed: HTTP probe failed with statuscode: 503 [helmlegacystatefulsetmigrationit-operator:test-hivemq-legacy-platform-1]
2025-01-29 18:40:40,390 INFO c.h.h.t.HelmChartContainer - Received Unhealthy event for container hivemq in pod test-hivemq-legacy-platform-1 [72aeed9e-d82b-4122-a634-0f240d1bd4dd]
2025-01-29 18:40:40,647 INFO c.h.h.t.HelmChartContainer - [hivemq-test-hivemq-platform] [hivemq-platform-operator] [d3bb76c6] 18:40:40.645 [pool-6-thread-28] DEBUG c.h.p.o.d.PodServiceAccountResource - [helmlega] Desired PodServiceAccountResource (serviceAccountName: hivemq-platform-pod-test-hivemq-legacy-platform)
2025-01-29 18:40:40,649 INFO c.h.h.t.HelmChartContainer - [hivemq-test-hivemq-platform] [hivemq-platform-operator] [d3bb76c6] 18:40:40.645 [pool-6-thread-30] DEBUG c.h.p.o.d.PlatformServiceResource - [helmlega] Desired Platform services (4 services)
2025-01-29 18:40:40,649 INFO c.h.h.t.HelmChartContainer - [hivemq-test-hivemq-platform] [hivemq-platform-operator] [d3bb76c6] 18:40:40.646 [pool-6-thread-29] DEBUG c.h.p.o.dependants.PodInfoConfigMap - [helmlega] Desired PodInfo ConfigMap (2 extensions) (1 enabled)
2025-01-29 18:40:40,649 INFO c.h.h.t.HelmChartContainer - [hivemq-test-hivemq-platform] [hivemq-platform-operator] [d3bb76c6] 18:40:40.646 [pool-6-thread-29] DEBUG c.h.p.o.dependants.PodInfoConfigMap - [helmlega] Desired PodInfo ConfigMap (metrics port: 9399) (metrics path: /)
2025-01-29 18:40:40,649 INFO c.h.h.t.HelmChartContainer - [hivemq-test-hivemq-platform] [hivemq-platform-operator] [d3bb76c6] 18:40:40.646 [pool-6-thread-29] DEBUG c.h.p.o.dependants.PodInfoConfigMap - [helmlega] Desired PodInfo ConfigMap (extension state hash: -1203431371)
2025-01-29 18:40:40,654 INFO c.h.h.t.HelmChartContainer - [hivemq-test-hivemq-platform] [hivemq-platform-operator] [d3bb76c6] 18:40:40.653 [pool-6-thread-30] DEBUG c.h.p.o.d.StatefulSetResource - [helmlega] Desired StatefulSet (2 replicas) for status ROLLING_RESTART (SURGE_IN_PROGRESS)
2025-01-29 18:40:40,659 INFO c.h.h.t.HelmChartContainer - [hivemq-test-hivemq-platform] [hivemq-platform-operator] [d3bb76c6] 18:40:40.658 [ReconcilerExecutor-hivemq-controller-123] INFO  c.h.p.o.HiveMQPlatformReconciler - [helmlega] Reconciling HiveMQ Platform 'test-hivemq-legacy-platform' in namespace 'helmlegacystatefulsetmigrationit-operator'
2025-01-29 18:40:40,659 INFO c.h.h.t.HelmChartContainer - [hivemq-test-hivemq-platform] [hivemq-platform-operator] [d3bb76c6] 18:40:40.658 [ReconcilerExecutor-hivemq-controller-123] DEBUG c.h.p.o.HiveMQPlatformReconciler - [helmlega] Custom Resource Status ROLLING_RESTART - HiveMQ Platform is starting a surge Pod (rolling restart) (SURGE_IN_PROGRESS)
2025-01-29 18:40:40,659 INFO c.h.h.t.HelmChartContainer - [hivemq-test-hivemq-platform] [hivemq-platform-operator] [d3bb76c6] 18:40:40.658 [ReconcilerExecutor-hivemq-controller-123] DEBUG c.h.p.o.HiveMQPlatformReconciler - [helmlega] Custom Resource Spec (replicas: 1) (extensions: 2)
2025-01-29 18:40:40,661 INFO c.h.h.t.HelmChartContainer - [hivemq-test-hivemq-platform] [hivemq-platform-operator] [d3bb76c6] 18:40:40.659 [ReconcilerExecutor-hivemq-controller-123] DEBUG c.h.p.o.HiveMQPlatformReconciler - [helmlega] StatefulSet Status (revision: test-hivemq-legacy-platform-65df8dcb7f, replicas: 2, available: 1, ready: 1, current: 1, updated: 1)
2025-01-29 18:40:40,662 INFO c.h.h.t.HelmChartContainer - [hivemq-test-hivemq-platform] [hivemq-platform-operator] [d3bb76c6] 18:40:40.659 [ReconcilerExecutor-hivemq-controller-123] DEBUG c.h.p.o.HiveMQPlatformReconciler - [helmlega] StatefulSet Spec (replicas: 2, init containers: 1, containers: 1, volumes: 6)
2025-01-29 18:40:40,663 INFO c.h.h.t.HelmChartContainer - [hivemq-test-hivemq-platform] [hivemq-platform-operator] [d3bb76c6] 18:40:40.662 [ReconcilerExecutor-hivemq-controller-123] DEBUG c.h.p.o.h.HiveMQPlatformReconcilerErrorHandler - [helmlega] Pod 'test-hivemq-legacy-platform-1' phase Running
2025-01-29 18:40:40,664 INFO c.h.h.t.HelmChartContainer - [hivemq-test-hivemq-platform] [hivemq-platform-operator] [d3bb76c6] 18:40:40.664 [ReconcilerExecutor-hivemq-controller-123] DEBUG c.h.p.o.h.HiveMQPlatformReconcilerErrorHandler - [helmlega] Pod 'test-hivemq-legacy-platform-0' phase Running
2025-01-29 18:40:40,743 INFO c.h.h.t.HelmChartContainer - [hivemq-test-hivemq-platform] [hivemq-platform-operator] [d3bb76c6] 18:40:40.740 [ReconcilerExecutor-hivemq-controller-123] DEBUG c.h.p.o.h.HiveMQPlatformReconcilerRollingRestartHandler - [helmlega] Rolling restart is waiting for 1 of 2 replicas
2025-01-29 18:40:41,491 INFO c.h.h.t.HelmChartContainer - [test-hivemq-legacy-platform] [hivemq] [72aeed9e] INFO  - Audit Logger started.
2025-01-29 18:40:41,896 INFO c.h.h.t.HelmChartContainer - [test-hivemq-legacy-platform] [hivemq] [72aeed9e] INFO  - This node uses '1' CPU cores.
2025-01-29 18:40:41,982 INFO c.h.h.t.HelmChartContainer - [test-hivemq-legacy-platform] [hivemq] [72aeed9e] INFO  - Starting HiveMQ Health API on address 0.0.0.0 and port 8889
2025-01-29 18:40:43,080 INFO c.h.h.t.HelmChartContainer - [test-hivemq-legacy-platform] [hivemq] [72aeed9e] INFO  - Started HiveMQ Health API in 1098ms
2025-01-29 18:40:43,881 INFO c.h.h.t.HelmChartContainer - [test-hivemq-legacy-platform] [hivemq] [72aeed9e] INFO  - Starting HiveMQ extension system.
2025-01-29 18:40:46,285 INFO c.h.h.t.HelmChartContainer - [test-hivemq-legacy-platform] [hivemq] [72aeed9e] INFO  - [HiveMQ Platform Operator Init App 1.7.0-SNAPSHOT] Returning Health API response 503 for readiness
2025-01-29 18:40:46,293 INFO c.h.h.t.HelmChartContainer - [EVENT] Warning [Unhealthy] Readiness probe failed: HTTP probe failed with statuscode: 503 [helmlegacystatefulsetmigrationit-operator:test-hivemq-legacy-platform-1]
2025-01-29 18:40:46,294 INFO c.h.h.t.HelmChartContainer - Received Unhealthy event for container hivemq in pod test-hivemq-legacy-platform-1 [72aeed9e-d82b-4122-a634-0f240d1bd4dd]
2025-01-29 18:40:47,193 INFO c.h.h.t.HelmChartContainer - [test-hivemq-legacy-platform] [hivemq] [72aeed9e] INFO  - No license found for enterprise extension with name "HiveMQ Enterprise Security Extension". Entering extension trial mode. "HiveMQ Enterprise Security Extension" will be disabled in 5 hours.
2025-01-29 18:40:47,388 INFO c.h.h.t.HelmChartContainer - [test-hivemq-legacy-platform] [hivemq] [72aeed9e] INFO  - Starting extension with id "hivemq-dns-cluster-discovery" at /opt/hivemq/extensions/hivemq-dns-cluster-discovery
2025-01-29 18:40:47,830 INFO c.h.h.t.HelmChartContainer - [test-hivemq-legacy-platform] [hivemq] [72aeed9e] INFO  - Extension "DNS Cluster Discovery Extension" version 4.3.2 started successfully.
2025-01-29 18:40:47,830 INFO c.h.h.t.HelmChartContainer - [test-hivemq-legacy-platform] [hivemq] [72aeed9e] INFO  - Starting extension with id "hivemq-enterprise-security-extension" at /opt/hivemq/extensions/hivemq-enterprise-security-extension
2025-01-29 18:40:47,930 INFO c.h.h.t.HelmChartContainer - [test-hivemq-legacy-platform] [hivemq] [72aeed9e] INFO  - Using TCP cluster transport on address 10.42.0.11 and port 7000
2025-01-29 18:40:47,983 INFO c.h.h.t.HelmChartContainer - [test-hivemq-legacy-platform] [hivemq] [72aeed9e] INFO  - Using extension cluster discovery
2025-01-29 18:40:49,088 INFO c.h.h.t.HelmChartContainer - [test-hivemq-legacy-platform] [hivemq] [f4805ab6] INFO  - Cluster nodes found by discovery: [POKoj|1] (2) [POKoj, QqVXX].
2025-01-29 18:40:49,187 INFO c.h.h.t.HelmChartContainer - [test-hivemq-legacy-platform] [hivemq] [72aeed9e] INFO  - Cluster nodes found by discovery: [POKoj|1] (2) [POKoj, QqVXX].
2025-01-29 18:40:49,482 INFO c.h.h.t.HelmChartContainer - [test-hivemq-legacy-platform] [hivemq] [72aeed9e] INFO  - Cluster size = 1, members : [POKoj].
2025-01-29 18:40:49,531 INFO c.h.h.t.HelmChartContainer - [test-hivemq-legacy-platform] [hivemq] [72aeed9e] WARN  - HiveMQ Enterprise Security Extension: The configuration file is placed at the legacy location '/opt/hivemq/extensions/hivemq-enterprise-security-extension/conf/enterprise-security-extension.xml'. Please move the configuration file to the new location '/opt/hivemq/extensions/hivemq-enterprise-security-extension/conf/config.xml'. Support for the legacy location will be removed in a future release.
2025-01-29 18:40:49,695 INFO c.h.h.t.HelmChartContainer - [test-hivemq-legacy-platform] [hivemq] [72aeed9e] INFO  - HiveMQ Enterprise Security Extension: Successfully loaded configuration from '/opt/hivemq/extensions/hivemq-enterprise-security-extension/conf/enterprise-security-extension.xml'.
2025-01-29 18:40:49,729 INFO c.h.h.t.HelmChartContainer - [test-hivemq-legacy-platform] [hivemq] [72aeed9e] INFO  - HiveMQ Enterprise Security Extension: Starting HiveMQ Enterprise Security Extension.
2025-01-29 18:40:50,082 INFO c.h.h.t.HelmChartContainer - [test-hivemq-legacy-platform] [hivemq] [72aeed9e] INFO  - Starting cluster join process. This may take a while. Please do not shut down HiveMQ.
2025-01-29 18:40:50,083 INFO c.h.h.t.HelmChartContainer - [test-hivemq-legacy-platform] [hivemq] [72aeed9e] INFO  - Cluster join process is still ongoing. Please do not shut down HiveMQ.
2025-01-29 18:40:50,088 INFO c.h.h.t.HelmChartContainer - [test-hivemq-legacy-platform] [hivemq] [72aeed9e] INFO  - HiveMQ Enterprise Security Extension: Access log is written to /opt/hivemq/log/access/access.log.
2025-01-29 18:40:50,397 INFO c.h.h.t.HelmChartContainer - [EVENT] Warning [Unhealthy] Readiness probe failed: HTTP probe failed with statuscode: 503 [helmlegacystatefulsetmigrationit-operator:test-hivemq-legacy-platform-1]
2025-01-29 18:40:50,397 INFO c.h.h.t.HelmChartContainer - Received Unhealthy event for container hivemq in pod test-hivemq-legacy-platform-1 [72aeed9e-d82b-4122-a634-0f240d1bd4dd]
2025-01-29 18:40:50,483 INFO c.h.h.t.HelmChartContainer - [test-hivemq-legacy-platform] [hivemq] [72aeed9e] INFO  - HiveMQ Enterprise Security Extension: Started HiveMQ Enterprise Security Extension successfully in 2648ms.
2025-01-29 18:40:50,483 INFO c.h.h.t.HelmChartContainer - [test-hivemq-legacy-platform] [hivemq] [72aeed9e] INFO  - Extension "HiveMQ Enterprise Security Extension" version 4.36.0 started successfully.
2025-01-29 18:40:50,483 INFO c.h.h.t.HelmChartContainer - [test-hivemq-legacy-platform] [hivemq] [72aeed9e] INFO  - Starting extension with id "hivemq-prometheus-extension" at /opt/hivemq/extensions/hivemq-prometheus-extension
2025-01-29 18:40:50,749 INFO c.h.h.t.HelmChartContainer - [hivemq-test-hivemq-platform] [hivemq-platform-operator] [d3bb76c6] 18:40:50.744 [pool-6-thread-32] DEBUG c.h.p.o.d.PlatformServiceResource - [helmlega] Desired Platform services (4 services)
2025-01-29 18:40:50,749 INFO c.h.h.t.HelmChartContainer - [hivemq-test-hivemq-platform] [hivemq-platform-operator] [d3bb76c6] 18:40:50.745 [pool-6-thread-34] DEBUG c.h.p.o.dependants.PodInfoConfigMap - [helmlega] Desired PodInfo ConfigMap (2 extensions) (1 enabled)
2025-01-29 18:40:50,749 INFO c.h.h.t.HelmChartContainer - [hivemq-test-hivemq-platform] [hivemq-platform-operator] [d3bb76c6] 18:40:50.745 [pool-6-thread-34] DEBUG c.h.p.o.dependants.PodInfoConfigMap - [helmlega] Desired PodInfo ConfigMap (metrics port: 9399) (metrics path: /)
2025-01-29 18:40:50,749 INFO c.h.h.t.HelmChartContainer - [hivemq-test-hivemq-platform] [hivemq-platform-operator] [d3bb76c6] 18:40:50.745 [pool-6-thread-34] DEBUG c.h.p.o.dependants.PodInfoConfigMap - [helmlega] Desired PodInfo ConfigMap (extension state hash: -1203431371)
2025-01-29 18:40:50,749 INFO c.h.h.t.HelmChartContainer - [hivemq-test-hivemq-platform] [hivemq-platform-operator] [d3bb76c6] 18:40:50.746 [pool-6-thread-38] DEBUG c.h.p.o.d.PodServiceAccountResource - [helmlega] Desired PodServiceAccountResource (serviceAccountName: hivemq-platform-pod-test-hivemq-legacy-platform)
2025-01-29 18:40:50,752 INFO c.h.h.t.HelmChartContainer - [hivemq-test-hivemq-platform] [hivemq-platform-operator] [d3bb76c6] 18:40:50.751 [pool-6-thread-32] DEBUG c.h.p.o.d.StatefulSetResource - [helmlega] Desired StatefulSet (2 replicas) for status ROLLING_RESTART (SURGE_IN_PROGRESS)
2025-01-29 18:40:50,757 INFO c.h.h.t.HelmChartContainer - [hivemq-test-hivemq-platform] [hivemq-platform-operator] [d3bb76c6] 18:40:50.755 [ReconcilerExecutor-hivemq-controller-124] INFO  c.h.p.o.HiveMQPlatformReconciler - [helmlega] Reconciling HiveMQ Platform 'test-hivemq-legacy-platform' in namespace 'helmlegacystatefulsetmigrationit-operator'
2025-01-29 18:40:50,757 INFO c.h.h.t.HelmChartContainer - [hivemq-test-hivemq-platform] [hivemq-platform-operator] [d3bb76c6] 18:40:50.755 [ReconcilerExecutor-hivemq-controller-124] DEBUG c.h.p.o.HiveMQPlatformReconciler - [helmlega] Custom Resource Status ROLLING_RESTART - HiveMQ Platform is starting a surge Pod (rolling restart) (SURGE_IN_PROGRESS)
2025-01-29 18:40:50,757 INFO c.h.h.t.HelmChartContainer - [hivemq-test-hivemq-platform] [hivemq-platform-operator] [d3bb76c6] 18:40:50.755 [ReconcilerExecutor-hivemq-controller-124] DEBUG c.h.p.o.HiveMQPlatformReconciler - [helmlega] Custom Resource Spec (replicas: 1) (extensions: 2)
2025-01-29 18:40:50,758 INFO c.h.h.t.HelmChartContainer - [hivemq-test-hivemq-platform] [hivemq-platform-operator] [d3bb76c6] 18:40:50.757 [ReconcilerExecutor-hivemq-controller-124] DEBUG c.h.p.o.HiveMQPlatformReconciler - [helmlega] StatefulSet Status (revision: test-hivemq-legacy-platform-65df8dcb7f, replicas: 2, available: 1, ready: 1, current: 1, updated: 1)
2025-01-29 18:40:50,758 INFO c.h.h.t.HelmChartContainer - [hivemq-test-hivemq-platform] [hivemq-platform-operator] [d3bb76c6] 18:40:50.757 [ReconcilerExecutor-hivemq-controller-124] DEBUG c.h.p.o.HiveMQPlatformReconciler - [helmlega] StatefulSet Spec (replicas: 2, init containers: 1, containers: 1, volumes: 6)
2025-01-29 18:40:50,759 INFO c.h.h.t.HelmChartContainer - [hivemq-test-hivemq-platform] [hivemq-platform-operator] [d3bb76c6] 18:40:50.759 [ReconcilerExecutor-hivemq-controller-124] DEBUG c.h.p.o.h.HiveMQPlatformReconcilerErrorHandler - [helmlega] Pod 'test-hivemq-legacy-platform-1' phase Running
2025-01-29 18:40:50,761 INFO c.h.h.t.HelmChartContainer - [hivemq-test-hivemq-platform] [hivemq-platform-operator] [d3bb76c6] 18:40:50.760 [ReconcilerExecutor-hivemq-controller-124] DEBUG c.h.p.o.h.HiveMQPlatformReconcilerErrorHandler - [helmlega] Pod 'test-hivemq-legacy-platform-0' phase Running
2025-01-29 18:40:50,762 INFO c.h.h.t.HelmChartContainer - [hivemq-test-hivemq-platform] [hivemq-platform-operator] [d3bb76c6] 18:40:50.761 [ReconcilerExecutor-hivemq-controller-124] DEBUG c.h.p.o.h.HiveMQPlatformReconcilerRollingRestartHandler - [helmlega] Rolling restart is waiting for 1 of 2 replicas
2025-01-29 18:40:50,888 INFO c.h.h.t.HelmChartContainer - [test-hivemq-legacy-platform] [hivemq] [72aeed9e] INFO  - Started Jetty Server exposing Prometheus Servlet on URI http://0.0.0.0:9399/
2025-01-29 18:40:50,888 INFO c.h.h.t.HelmChartContainer - [test-hivemq-legacy-platform] [hivemq] [72aeed9e] INFO  - Extension "Prometheus Monitoring Extension" version 4.0.12 started successfully.
2025-01-29 18:40:52,242 INFO c.h.h.t.HelmChartContainer - [test-hivemq-legacy-platform] [hivemq] [f4805ab6] INFO  - Cluster size = 2, members : [POKoj, QqVXX].
2025-01-29 18:40:52,253 INFO c.h.h.t.HelmChartContainer - [test-hivemq-legacy-platform] [hivemq] [72aeed9e] INFO  - Cluster size = 2, members : [POKoj, QqVXX].
2025-01-29 18:40:52,281 INFO c.h.h.t.HelmChartContainer - [test-hivemq-legacy-platform] [hivemq] [72aeed9e] INFO  - Finished cluster join process successfully.
2025-01-29 18:40:52,283 INFO c.h.h.t.HelmChartContainer - [test-hivemq-legacy-platform] [hivemq] [72aeed9e] INFO  - Starting HiveMQ REST API on address 0.0.0.0 and port 8888
2025-01-29 18:40:52,882 INFO c.h.h.t.HelmChartContainer - [test-hivemq-legacy-platform] [hivemq] [72aeed9e] INFO  - Started HiveMQ REST API in 599ms
2025-01-29 18:40:52,883 INFO c.h.h.t.HelmChartContainer - [test-hivemq-legacy-platform] [hivemq] [72aeed9e] WARN  - No user for HiveMQ Control Center configured. Starting with default user
2025-01-29 18:40:52,884 INFO c.h.h.t.HelmChartContainer - [test-hivemq-legacy-platform] [hivemq] [72aeed9e] INFO  - Starting HiveMQ Control Center on address 0.0.0.0 and port 8080
2025-01-29 18:40:52,888 INFO c.h.h.t.HelmChartContainer - [test-hivemq-legacy-platform] [hivemq] [72aeed9e] INFO  - Mounting HiveMQ Control Center V2 Preview
2025-01-29 18:40:53,537 INFO c.h.h.t.HelmChartContainer - [test-hivemq-legacy-platform] [hivemq] [72aeed9e] INFO  - Started HiveMQ Control Center in 654ms
2025-01-29 18:40:53,590 INFO c.h.h.t.HelmChartContainer - [test-hivemq-legacy-platform] [hivemq] [72aeed9e] INFO  - Starting TCP listener on address 0.0.0.0 and port 1883
2025-01-29 18:40:53,682 INFO c.h.h.t.HelmChartContainer - [test-hivemq-legacy-platform] [hivemq] [72aeed9e] INFO  - Started TCP Listener on address 0.0.0.0 and on port 1883.
2025-01-29 18:40:53,682 INFO c.h.h.t.HelmChartContainer - [test-hivemq-legacy-platform] [hivemq] [72aeed9e] INFO  - Started HiveMQ in 33050ms
2025-01-29 18:40:55,342 INFO c.h.h.t.HelmChartContainer - [test-hivemq-legacy-platform] [hivemq] [72aeed9e] INFO  - [HiveMQ Platform Operator Init App 1.7.0-SNAPSHOT] Returning Health API response 200 for readiness
2025-01-29 18:40:55,352 INFO c.h.h.t.HelmChartContainer - [POD] test-hivemq-legacy-platform-1 [72aeed9e-d82b-4122-a634-0f240d1bd4dd] in helmlegacystatefulsetmigrationit-operator was MODIFIED
2025-01-29 18:40:55,370 INFO c.h.h.t.HelmChartContainer - [hivemq-test-hivemq-platform] [hivemq-platform-operator] [d3bb76c6] 18:40:55.359 [pool-6-thread-49] DEBUG c.h.p.o.d.PlatformServiceResource - [helmlega] Desired Platform services (4 services)
2025-01-29 18:40:55,370 INFO c.h.h.t.HelmChartContainer - [hivemq-test-hivemq-platform] [hivemq-platform-operator] [d3bb76c6] 18:40:55.360 [pool-6-thread-46] DEBUG c.h.p.o.dependants.PodInfoConfigMap - [helmlega] Desired PodInfo ConfigMap (2 extensions) (1 enabled)
2025-01-29 18:40:55,370 INFO c.h.h.t.HelmChartContainer - [hivemq-test-hivemq-platform] [hivemq-platform-operator] [d3bb76c6] 18:40:55.360 [pool-6-thread-46] DEBUG c.h.p.o.dependants.PodInfoConfigMap - [helmlega] Desired PodInfo ConfigMap (metrics port: 9399) (metrics path: /)
2025-01-29 18:40:55,370 INFO c.h.h.t.HelmChartContainer - [hivemq-test-hivemq-platform] [hivemq-platform-operator] [d3bb76c6] 18:40:55.360 [pool-6-thread-46] DEBUG c.h.p.o.dependants.PodInfoConfigMap - [helmlega] Desired PodInfo ConfigMap (extension state hash: -1203431371)
2025-01-29 18:40:55,370 INFO c.h.h.t.HelmChartContainer - [hivemq-test-hivemq-platform] [hivemq-platform-operator] [d3bb76c6] 18:40:55.361 [pool-6-thread-46] DEBUG c.h.p.o.d.PodServiceAccountResource - [helmlega] Desired PodServiceAccountResource (serviceAccountName: hivemq-platform-pod-test-hivemq-legacy-platform)
2025-01-29 18:40:55,373 INFO c.h.h.t.HelmChartContainer - [hivemq-test-hivemq-platform] [hivemq-platform-operator] [d3bb76c6] 18:40:55.367 [pool-6-thread-49] DEBUG c.h.p.o.d.StatefulSetResource - [helmlega] Desired StatefulSet (2 replicas) for status ROLLING_RESTART (SURGE_IN_PROGRESS)
2025-01-29 18:40:55,378 INFO c.h.h.t.HelmChartContainer - [hivemq-test-hivemq-platform] [hivemq-platform-operator] [d3bb76c6] 18:40:55.375 [ReconcilerExecutor-hivemq-controller-125] INFO  c.h.p.o.HiveMQPlatformReconciler - [helmlega] Reconciling HiveMQ Platform 'test-hivemq-legacy-platform' in namespace 'helmlegacystatefulsetmigrationit-operator'
2025-01-29 18:40:55,378 INFO c.h.h.t.HelmChartContainer - [hivemq-test-hivemq-platform] [hivemq-platform-operator] [d3bb76c6] 18:40:55.375 [ReconcilerExecutor-hivemq-controller-125] DEBUG c.h.p.o.HiveMQPlatformReconciler - [helmlega] Custom Resource Status ROLLING_RESTART - HiveMQ Platform is starting a surge Pod (rolling restart) (SURGE_IN_PROGRESS)
2025-01-29 18:40:55,378 INFO c.h.h.t.HelmChartContainer - [hivemq-test-hivemq-platform] [hivemq-platform-operator] [d3bb76c6] 18:40:55.375 [ReconcilerExecutor-hivemq-controller-125] DEBUG c.h.p.o.HiveMQPlatformReconciler - [helmlega] Custom Resource Spec (replicas: 1) (extensions: 2)
2025-01-29 18:40:55,381 INFO c.h.h.t.HelmChartContainer - [hivemq-test-hivemq-platform] [hivemq-platform-operator] [d3bb76c6] 18:40:55.380 [ReconcilerExecutor-hivemq-controller-125] DEBUG c.h.p.o.HiveMQPlatformReconciler - [helmlega] StatefulSet Status (revision: test-hivemq-legacy-platform-65df8dcb7f, replicas: 2, available: 1, ready: 1, current: 1, updated: 1)
2025-01-29 18:40:55,382 INFO c.h.h.t.HelmChartContainer - [hivemq-test-hivemq-platform] [hivemq-platform-operator] [d3bb76c6] 18:40:55.380 [ReconcilerExecutor-hivemq-controller-125] DEBUG c.h.p.o.HiveMQPlatformReconciler - [helmlega] StatefulSet Spec (replicas: 2, init containers: 1, containers: 1, volumes: 6)
2025-01-29 18:40:55,445 INFO c.h.h.t.HelmChartContainer - [hivemq-test-hivemq-platform] [hivemq-platform-operator] [d3bb76c6] 18:40:55.443 [ReconcilerExecutor-hivemq-controller-125] DEBUG c.h.p.o.h.HiveMQPlatformReconcilerErrorHandler - [helmlega] Pod 'test-hivemq-legacy-platform-1' phase Running
2025-01-29 18:40:55,446 INFO c.h.h.t.HelmChartContainer - [hivemq-test-hivemq-platform] [hivemq-platform-operator] [d3bb76c6] 18:40:55.445 [ReconcilerExecutor-hivemq-controller-125] DEBUG c.h.p.o.h.HiveMQPlatformReconcilerErrorHandler - [helmlega] Pod 'test-hivemq-legacy-platform-0' phase Running
2025-01-29 18:40:55,447 INFO c.h.h.t.HelmChartContainer - [hivemq-test-hivemq-platform] [hivemq-platform-operator] [d3bb76c6] 18:40:55.446 [ReconcilerExecutor-hivemq-controller-125] DEBUG c.h.p.o.h.HiveMQPlatformReconcilerRollingRestartHandler - [helmlega] Rolling restart is waiting for 1 of 2 replicas
2025-01-29 18:40:55,451 INFO c.h.h.t.HelmChartContainer - [hivemq-test-hivemq-platform] [hivemq-platform-operator] [d3bb76c6] 18:40:55.448 [pool-6-thread-9] DEBUG c.h.p.o.d.PlatformServiceResource - [helmlega] Desired Platform services (4 services)
2025-01-29 18:40:55,451 INFO c.h.h.t.HelmChartContainer - [hivemq-test-hivemq-platform] [hivemq-platform-operator] [d3bb76c6] 18:40:55.449 [pool-6-thread-4] DEBUG c.h.p.o.dependants.PodInfoConfigMap - [helmlega] Desired PodInfo ConfigMap (2 extensions) (1 enabled)
2025-01-29 18:40:55,451 INFO c.h.h.t.HelmChartContainer - [hivemq-test-hivemq-platform] [hivemq-platform-operator] [d3bb76c6] 18:40:55.449 [pool-6-thread-4] DEBUG c.h.p.o.dependants.PodInfoConfigMap - [helmlega] Desired PodInfo ConfigMap (metrics port: 9399) (metrics path: /)
2025-01-29 18:40:55,451 INFO c.h.h.t.HelmChartContainer - [hivemq-test-hivemq-platform] [hivemq-platform-operator] [d3bb76c6] 18:40:55.449 [pool-6-thread-4] DEBUG c.h.p.o.dependants.PodInfoConfigMap - [helmlega] Desired PodInfo ConfigMap (extension state hash: -1203431371)
2025-01-29 18:40:55,453 INFO c.h.h.t.HelmChartContainer - [hivemq-test-hivemq-platform] [hivemq-platform-operator] [d3bb76c6] 18:40:55.453 [pool-6-thread-10] DEBUG c.h.p.o.d.PodServiceAccountResource - [helmlega] Desired PodServiceAccountResource (serviceAccountName: hivemq-platform-pod-test-hivemq-legacy-platform)
2025-01-29 18:40:55,456 INFO c.h.h.t.HelmChartContainer - [hivemq-test-hivemq-platform] [hivemq-platform-operator] [d3bb76c6] 18:40:55.456 [pool-6-thread-9] DEBUG c.h.p.o.d.StatefulSetResource - [helmlega] Desired StatefulSet (2 replicas) for status ROLLING_RESTART (SURGE_IN_PROGRESS)
2025-01-29 18:40:55,459 INFO c.h.h.t.HelmChartContainer - [hivemq-test-hivemq-platform] [hivemq-platform-operator] [d3bb76c6] 18:40:55.458 [ReconcilerExecutor-hivemq-controller-126] INFO  c.h.p.o.HiveMQPlatformReconciler - [helmlega] Reconciling HiveMQ Platform 'test-hivemq-legacy-platform' in namespace 'helmlegacystatefulsetmigrationit-operator'
2025-01-29 18:40:55,459 INFO c.h.h.t.HelmChartContainer - [hivemq-test-hivemq-platform] [hivemq-platform-operator] [d3bb76c6] 18:40:55.459 [ReconcilerExecutor-hivemq-controller-126] DEBUG c.h.p.o.HiveMQPlatformReconciler - [helmlega] Custom Resource Status ROLLING_RESTART - HiveMQ Platform is starting a surge Pod (rolling restart) (SURGE_IN_PROGRESS)
2025-01-29 18:40:55,459 INFO c.h.h.t.HelmChartContainer - [hivemq-test-hivemq-platform] [hivemq-platform-operator] [d3bb76c6] 18:40:55.459 [ReconcilerExecutor-hivemq-controller-126] DEBUG c.h.p.o.HiveMQPlatformReconciler - [helmlega] Custom Resource Spec (replicas: 1) (extensions: 2)
2025-01-29 18:40:55,461 INFO c.h.h.t.HelmChartContainer - [hivemq-test-hivemq-platform] [hivemq-platform-operator] [d3bb76c6] 18:40:55.460 [ReconcilerExecutor-hivemq-controller-126] DEBUG c.h.p.o.HiveMQPlatformReconciler - [helmlega] StatefulSet Status (revision: test-hivemq-legacy-platform-65df8dcb7f, replicas: 2, available: 2, ready: 2, current: 1, updated: 1)
2025-01-29 18:40:55,461 INFO c.h.h.t.HelmChartContainer - [hivemq-test-hivemq-platform] [hivemq-platform-operator] [d3bb76c6] 18:40:55.460 [ReconcilerExecutor-hivemq-controller-126] DEBUG c.h.p.o.HiveMQPlatformReconciler - [helmlega] StatefulSet Spec (replicas: 2, init containers: 1, containers: 1, volumes: 6)
2025-01-29 18:40:55,543 INFO c.h.h.t.HelmChartContainer - [hivemq-test-hivemq-platform] [hivemq-platform-operator] [d3bb76c6] 18:40:55.542 [ReconcilerExecutor-hivemq-controller-126] DEBUG c.h.p.o.h.HiveMQPlatformReconcilerErrorHandler - [helmlega] Pod 'test-hivemq-legacy-platform-1' phase Running
2025-01-29 18:40:55,544 INFO c.h.h.t.HelmChartContainer - [hivemq-test-hivemq-platform] [hivemq-platform-operator] [d3bb76c6] 18:40:55.543 [ReconcilerExecutor-hivemq-controller-126] DEBUG c.h.p.o.h.HiveMQPlatformReconcilerErrorHandler - [helmlega] Pod 'test-hivemq-legacy-platform-0' phase Running
2025-01-29 18:40:55,546 INFO c.h.h.t.HelmChartContainer - [hivemq-test-hivemq-platform] [hivemq-platform-operator] [d3bb76c6] 18:40:55.544 [ReconcilerExecutor-hivemq-controller-126] INFO  c.h.p.o.h.HiveMQPlatformReconcilerRollingRestartHandler - [helmlega] Surge Pod started successfully
2025-01-29 18:40:55,644 INFO c.h.h.t.HelmChartContainer - [hivemq-test-hivemq-platform] [hivemq-platform-operator] [d3bb76c6] 18:40:55.643 [ReconcilerExecutor-hivemq-controller-126] DEBUG c.h.p.operator.event.EventSender - [helmlega] Creating K8s event rolling-restart-surge-in-progress: [RollingRestart] HiveMQ Platform is restarting Pods (rolling restart)
2025-01-29 18:40:55,650 INFO c.h.h.t.HelmChartContainer - [EVENT] Normal [RollingRestart] HiveMQ Platform is restarting Pods (rolling restart) [helmlegacystatefulsetmigrationit-operator:test-hivemq-legacy-platform]
2025-01-29 18:40:55,651 INFO c.h.h.t.HelmChartContainer - [hivemq-test-hivemq-platform] [hivemq-platform-operator] [d3bb76c6] 18:40:55.651 [ReconcilerExecutor-hivemq-controller-126] INFO  c.h.p.o.h.AbstractHiveMQReconcilerStateHandler - [helmlega] Update HiveMQ Platform Status (ROLLING_RESTART [SURGE_IN_PROGRESS] -> ROLLING_RESTART [RESTART_PODS_IN_PROGRESS]): HiveMQ Platform is restarting Pods (rolling restart)
2025-01-29 18:40:55,662 DEBUG com.hivemq.helmcharts.util.K8sUtil - Comparing actual state 'ROLLING_RESTART' and waiting for 'RUNNING'
2025-01-29 18:40:56,608 INFO c.h.h.t.HelmChartContainer - [test-hivemq-legacy-platform] [hivemq] [72aeed9e] INFO  - [HiveMQ Platform Operator Init App 1.7.0-SNAPSHOT] Returning Health API response 200 for liveness
2025-01-29 18:41:05,669 INFO c.h.h.t.HelmChartContainer - [hivemq-test-hivemq-platform] [hivemq-platform-operator] [d3bb76c6] 18:41:05.666 [pool-6-thread-14] DEBUG c.h.p.o.d.PlatformServiceResource - [helmlega] Desired Platform services (4 services)
2025-01-29 18:41:05,669 INFO c.h.h.t.HelmChartContainer - [hivemq-test-hivemq-platform] [hivemq-platform-operator] [d3bb76c6] 18:41:05.666 [pool-6-thread-16] DEBUG c.h.p.o.d.PodServiceAccountResource - [helmlega] Desired PodServiceAccountResource (serviceAccountName: hivemq-platform-pod-test-hivemq-legacy-platform)
2025-01-29 18:41:05,669 INFO c.h.h.t.HelmChartContainer - [hivemq-test-hivemq-platform] [hivemq-platform-operator] [d3bb76c6] 18:41:05.667 [pool-6-thread-18] DEBUG c.h.p.o.dependants.PodInfoConfigMap - [helmlega] Desired PodInfo ConfigMap (2 extensions) (1 enabled)
2025-01-29 18:41:05,669 INFO c.h.h.t.HelmChartContainer - [hivemq-test-hivemq-platform] [hivemq-platform-operator] [d3bb76c6] 18:41:05.667 [pool-6-thread-18] DEBUG c.h.p.o.dependants.PodInfoConfigMap - [helmlega] Desired PodInfo ConfigMap (metrics port: 9399) (metrics path: /)
2025-01-29 18:41:05,669 INFO c.h.h.t.HelmChartContainer - [hivemq-test-hivemq-platform] [hivemq-platform-operator] [d3bb76c6] 18:41:05.667 [pool-6-thread-18] DEBUG c.h.p.o.dependants.PodInfoConfigMap - [helmlega] Desired PodInfo ConfigMap (extension state hash: -1203431371)
2025-01-29 18:41:05,674 INFO c.h.h.t.HelmChartContainer - [hivemq-test-hivemq-platform] [hivemq-platform-operator] [d3bb76c6] 18:41:05.673 [pool-6-thread-14] DEBUG c.h.p.o.d.StatefulSetResource - [helmlega] Desired StatefulSet (2 replicas) for status ROLLING_RESTART (RESTART_PODS_IN_PROGRESS)
2025-01-29 18:41:05,677 INFO c.h.h.t.HelmChartContainer - [hivemq-test-hivemq-platform] [hivemq-platform-operator] [d3bb76c6] 18:41:05.676 [ReconcilerExecutor-hivemq-controller-127] INFO  c.h.p.o.HiveMQPlatformReconciler - [helmlega] Reconciling HiveMQ Platform 'test-hivemq-legacy-platform' in namespace 'helmlegacystatefulsetmigrationit-operator'
2025-01-29 18:41:05,677 INFO c.h.h.t.HelmChartContainer - [hivemq-test-hivemq-platform] [hivemq-platform-operator] [d3bb76c6] 18:41:05.676 [ReconcilerExecutor-hivemq-controller-127] DEBUG c.h.p.o.HiveMQPlatformReconciler - [helmlega] Custom Resource Status ROLLING_RESTART - HiveMQ Platform is restarting Pods (rolling restart) (RESTART_PODS_IN_PROGRESS)
2025-01-29 18:41:05,677 INFO c.h.h.t.HelmChartContainer - [hivemq-test-hivemq-platform] [hivemq-platform-operator] [d3bb76c6] 18:41:05.676 [ReconcilerExecutor-hivemq-controller-127] DEBUG c.h.p.o.HiveMQPlatformReconciler - [helmlega] Custom Resource Spec (replicas: 1) (extensions: 2)
2025-01-29 18:41:05,679 INFO c.h.h.t.HelmChartContainer - [hivemq-test-hivemq-platform] [hivemq-platform-operator] [d3bb76c6] 18:41:05.678 [ReconcilerExecutor-hivemq-controller-127] DEBUG c.h.p.o.HiveMQPlatformReconciler - [helmlega] StatefulSet Status (revision: test-hivemq-legacy-platform-65df8dcb7f, replicas: 2, available: 2, ready: 2, current: 1, updated: 1)
2025-01-29 18:41:05,680 INFO c.h.h.t.HelmChartContainer - [hivemq-test-hivemq-platform] [hivemq-platform-operator] [d3bb76c6] 18:41:05.678 [ReconcilerExecutor-hivemq-controller-127] DEBUG c.h.p.o.HiveMQPlatformReconciler - [helmlega] StatefulSet Spec (replicas: 2, init containers: 1, containers: 1, volumes: 6)
2025-01-29 18:41:05,681 INFO c.h.h.t.HelmChartContainer - [hivemq-test-hivemq-platform] [hivemq-platform-operator] [d3bb76c6] 18:41:05.679 [ReconcilerExecutor-hivemq-controller-127] DEBUG c.h.p.o.h.HiveMQPlatformReconcilerErrorHandler - [helmlega] Pod 'test-hivemq-legacy-platform-1' phase Running
2025-01-29 18:41:05,681 INFO c.h.h.t.HelmChartContainer - [hivemq-test-hivemq-platform] [hivemq-platform-operator] [d3bb76c6] 18:41:05.681 [ReconcilerExecutor-hivemq-controller-127] DEBUG c.h.p.o.h.HiveMQPlatformReconcilerErrorHandler - [helmlega] Pod 'test-hivemq-legacy-platform-0' phase Running
2025-01-29 18:41:05,744 INFO c.h.h.t.HelmChartContainer - [hivemq-test-hivemq-platform] [hivemq-platform-operator] [d3bb76c6] 18:41:05.742 [ReconcilerExecutor-hivemq-controller-127] DEBUG c.h.p.o.h.HiveMQPlatformReconcilerRollingRestartHandler - [helmlega] Skipping Pod test-hivemq-legacy-platform-1 as it's already on the controller update revision (update revision: test-hivemq-legacy-platform-65df8dcb7f, pod revision: test-hivemq-legacy-platform-65df8dcb7f)
2025-01-29 18:41:05,756 INFO c.h.h.t.HelmChartContainer - [hivemq-test-hivemq-platform] [hivemq-platform-operator] [d3bb76c6] 18:41:05.755 [ReconcilerExecutor-hivemq-controller-127] DEBUG c.h.p.o.h.HiveMQPlatformReconcilerRollingRestartHandler - [helmlega] The last Pod is running for 69 seconds, the next Pod can be restarted
2025-01-29 18:41:05,757 INFO c.h.h.t.HelmChartContainer - [hivemq-test-hivemq-platform] [hivemq-platform-operator] [d3bb76c6] 18:41:05.755 [ReconcilerExecutor-hivemq-controller-127] INFO  c.h.p.o.h.HiveMQPlatformReconcilerRollingRestartHandler - [helmlega] Restarting Pod test-hivemq-legacy-platform-0 as it's not matching the controller update revision (update revision: test-hivemq-legacy-platform-65df8dcb7f, pod revision: test-hivemq-legacy-platform-84fd8d4856)
2025-01-29 18:41:05,768 INFO c.h.h.t.HelmChartContainer - [POD] test-hivemq-legacy-platform-0 [f4805ab6-8fc1-4628-bc88-ffd714109d7f] in helmlegacystatefulsetmigrationit-operator was MODIFIED
2025-01-29 18:41:05,773 INFO c.h.h.t.HelmChartContainer - [EVENT] Normal [Killing] Stopping container hivemq [helmlegacystatefulsetmigrationit-operator:test-hivemq-legacy-platform-0]
2025-01-29 18:41:05,773 INFO c.h.h.t.HelmChartContainer - Received Killing event for container hivemq in pod test-hivemq-legacy-platform-0 [f4805ab6-8fc1-4628-bc88-ffd714109d7f]
2025-01-29 18:41:05,773 INFO c.h.h.t.HelmChartContainer - Container [test-hivemq-legacy-platform-0] [hivemq] [f4805ab6-8fc1-4628-bc88-ffd714109d7f] was terminated
2025-01-29 18:41:05,773 INFO c.h.h.t.HelmChartContainer - Stopped log watcher for hivemq in pod test-hivemq-legacy-platform-0 [f4805ab6-8fc1-4628-bc88-ffd714109d7f]
2025-01-29 18:41:05,847 INFO c.h.h.t.HelmChartContainer - [hivemq-test-hivemq-platform] [hivemq-platform-operator] [d3bb76c6] 18:41:05.843 [pool-6-thread-28] DEBUG c.h.p.o.d.PlatformServiceResource - [helmlega] Desired Platform services (4 services)
2025-01-29 18:41:05,849 INFO c.h.h.t.HelmChartContainer - [hivemq-test-hivemq-platform] [hivemq-platform-operator] [d3bb76c6] 18:41:05.844 [pool-6-thread-21] DEBUG c.h.p.o.dependants.PodInfoConfigMap - [helmlega] Desired PodInfo ConfigMap (2 extensions) (1 enabled)
2025-01-29 18:41:05,849 INFO c.h.h.t.HelmChartContainer - [hivemq-test-hivemq-platform] [hivemq-platform-operator] [d3bb76c6] 18:41:05.844 [pool-6-thread-21] DEBUG c.h.p.o.dependants.PodInfoConfigMap - [helmlega] Desired PodInfo ConfigMap (metrics port: 9399) (metrics path: /)
2025-01-29 18:41:05,849 INFO c.h.h.t.HelmChartContainer - [hivemq-test-hivemq-platform] [hivemq-platform-operator] [d3bb76c6] 18:41:05.844 [pool-6-thread-21] DEBUG c.h.p.o.dependants.PodInfoConfigMap - [helmlega] Desired PodInfo ConfigMap (extension state hash: -1203431371)
2025-01-29 18:41:05,849 INFO c.h.h.t.HelmChartContainer - [hivemq-test-hivemq-platform] [hivemq-platform-operator] [d3bb76c6] 18:41:05.845 [pool-6-thread-26] DEBUG c.h.p.o.d.PodServiceAccountResource - [helmlega] Desired PodServiceAccountResource (serviceAccountName: hivemq-platform-pod-test-hivemq-legacy-platform)
2025-01-29 18:41:05,851 INFO c.h.h.t.HelmChartContainer - [hivemq-test-hivemq-platform] [hivemq-platform-operator] [d3bb76c6] 18:41:05.850 [pool-6-thread-30] DEBUG c.h.p.o.d.StatefulSetResource - [helmlega] Desired StatefulSet (2 replicas) for status ROLLING_RESTART (RESTART_PODS_IN_PROGRESS)
2025-01-29 18:41:05,858 INFO c.h.h.t.HelmChartContainer - [hivemq-test-hivemq-platform] [hivemq-platform-operator] [d3bb76c6] 18:41:05.856 [ReconcilerExecutor-hivemq-controller-128] INFO  c.h.p.o.HiveMQPlatformReconciler - [helmlega] Reconciling HiveMQ Platform 'test-hivemq-legacy-platform' in namespace 'helmlegacystatefulsetmigrationit-operator'
2025-01-29 18:41:05,858 INFO c.h.h.t.HelmChartContainer - [hivemq-test-hivemq-platform] [hivemq-platform-operator] [d3bb76c6] 18:41:05.856 [ReconcilerExecutor-hivemq-controller-128] DEBUG c.h.p.o.HiveMQPlatformReconciler - [helmlega] Custom Resource Status ROLLING_RESTART - HiveMQ Platform is restarting Pods (rolling restart) (RESTART_PODS_IN_PROGRESS)
2025-01-29 18:41:05,858 INFO c.h.h.t.HelmChartContainer - [hivemq-test-hivemq-platform] [hivemq-platform-operator] [d3bb76c6] 18:41:05.856 [ReconcilerExecutor-hivemq-controller-128] DEBUG c.h.p.o.HiveMQPlatformReconciler - [helmlega] Custom Resource Spec (replicas: 1) (extensions: 2)
2025-01-29 18:41:05,859 INFO c.h.h.t.HelmChartContainer - [hivemq-test-hivemq-platform] [hivemq-platform-operator] [d3bb76c6] 18:41:05.857 [ReconcilerExecutor-hivemq-controller-128] DEBUG c.h.p.o.HiveMQPlatformReconciler - [helmlega] StatefulSet Status (revision: test-hivemq-legacy-platform-65df8dcb7f, replicas: 2, available: 2, ready: 2, current: 1, updated: 1)
2025-01-29 18:41:05,859 INFO c.h.h.t.HelmChartContainer - [hivemq-test-hivemq-platform] [hivemq-platform-operator] [d3bb76c6] 18:41:05.858 [ReconcilerExecutor-hivemq-controller-128] DEBUG c.h.p.o.HiveMQPlatformReconciler - [helmlega] StatefulSet Spec (replicas: 2, init containers: 1, containers: 1, volumes: 6)
2025-01-29 18:41:05,860 INFO c.h.h.t.HelmChartContainer - [hivemq-test-hivemq-platform] [hivemq-platform-operator] [d3bb76c6] 18:41:05.859 [ReconcilerExecutor-hivemq-controller-128] DEBUG c.h.p.o.h.HiveMQPlatformReconcilerErrorHandler - [helmlega] Pod 'test-hivemq-legacy-platform-1' phase Running
2025-01-29 18:41:05,861 INFO c.h.h.t.HelmChartContainer - [hivemq-test-hivemq-platform] [hivemq-platform-operator] [d3bb76c6] 18:41:05.861 [ReconcilerExecutor-hivemq-controller-128] DEBUG c.h.p.o.h.HiveMQPlatformReconcilerErrorHandler - [helmlega] Pod 'test-hivemq-legacy-platform-0' phase Running
2025-01-29 18:41:05,943 INFO c.h.h.t.HelmChartContainer - [hivemq-test-hivemq-platform] [hivemq-platform-operator] [d3bb76c6] 18:41:05.941 [ReconcilerExecutor-hivemq-controller-128] DEBUG c.h.p.o.h.HiveMQPlatformReconcilerRollingRestartHandler - [helmlega] Skipping Pod test-hivemq-legacy-platform-1 as it's already on the controller update revision (update revision: test-hivemq-legacy-platform-65df8dcb7f, pod revision: test-hivemq-legacy-platform-65df8dcb7f)
2025-01-29 18:41:05,956 INFO c.h.h.t.HelmChartContainer - [hivemq-test-hivemq-platform] [hivemq-platform-operator] [d3bb76c6] 18:41:05.955 [ReconcilerExecutor-hivemq-controller-128] DEBUG c.h.p.o.h.HiveMQPlatformReconcilerRollingRestartHandler - [helmlega] The last Pod is running for 69 seconds, the next Pod can be restarted
2025-01-29 18:41:05,956 INFO c.h.h.t.HelmChartContainer - [hivemq-test-hivemq-platform] [hivemq-platform-operator] [d3bb76c6] 18:41:05.955 [ReconcilerExecutor-hivemq-controller-128] INFO  c.h.p.o.h.HiveMQPlatformReconcilerRollingRestartHandler - [helmlega] Restarting Pod test-hivemq-legacy-platform-0 as it's not matching the controller update revision (update revision: test-hivemq-legacy-platform-65df8dcb7f, pod revision: test-hivemq-legacy-platform-84fd8d4856)
2025-01-29 18:41:06,082 INFO c.h.h.t.HelmChartContainer - [test-hivemq-legacy-platform] [hivemq] [f4805ab6] INFO  - Shutting down HiveMQ. Please wait, this could take a while...
2025-01-29 18:41:06,172 INFO c.h.h.t.HelmChartContainer - [test-hivemq-legacy-platform] [hivemq] [f4805ab6] INFO  - Shutting down listeners and clients
2025-01-29 18:41:06,172 INFO c.h.h.t.HelmChartContainer - [test-hivemq-legacy-platform] [hivemq] [f4805ab6] INFO  - Shutdown of listeners is done
2025-01-29 18:41:06,173 INFO c.h.h.t.HelmChartContainer - [test-hivemq-legacy-platform] [hivemq] [f4805ab6] INFO  - No clients are connected, proceeding with shutdown
2025-01-29 18:41:09,827 INFO c.h.h.t.HelmChartContainer - [test-hivemq-legacy-platform] [hivemq] [f4805ab6] INFO  - Shutting down extension system
2025-01-29 18:41:09,829 INFO c.h.h.t.HelmChartContainer - [test-hivemq-legacy-platform] [hivemq] [f4805ab6] INFO  - Stopping extension with id hivemq-dns-cluster-discovery
2025-01-29 18:41:09,830 INFO c.h.h.t.HelmChartContainer - [test-hivemq-legacy-platform] [hivemq] [f4805ab6] INFO  - Extension "DNS Cluster Discovery Extension" version 4.3.3 stopped successfully.
2025-01-29 18:41:09,830 INFO c.h.h.t.HelmChartContainer - [test-hivemq-legacy-platform] [hivemq] [f4805ab6] INFO  - Stopping extension with id hivemq-prometheus-extension
2025-01-29 18:41:09,834 INFO c.h.h.t.HelmChartContainer - [test-hivemq-legacy-platform] [hivemq] [f4805ab6] INFO  - Extension "Prometheus Monitoring Extension" version 4.0.13 stopped successfully.
2025-01-29 18:41:09,834 INFO c.h.h.t.HelmChartContainer - [test-hivemq-legacy-platform] [hivemq] [f4805ab6] INFO  - Stopping extension with id hivemq-k8s-sync-extension
2025-01-29 18:41:09,835 INFO c.h.h.t.HelmChartContainer - [test-hivemq-legacy-platform] [hivemq] [f4805ab6] INFO  - Stopped HiveMQ Kubernetes State Synchronization Extension:1.0.3
2025-01-29 18:41:09,836 INFO c.h.h.t.HelmChartContainer - [test-hivemq-legacy-platform] [hivemq] [f4805ab6] INFO  - Extension "HiveMQ Kubernetes State Synchronization Extension" version 1.0.3 stopped successfully.
2025-01-29 18:41:09,836 INFO c.h.h.t.HelmChartContainer - [test-hivemq-legacy-platform] [hivemq] [f4805ab6] INFO  - Stopping extension with id hivemq-enterprise-security-extension
2025-01-29 18:41:09,836 INFO c.h.h.t.HelmChartContainer - [test-hivemq-legacy-platform] [hivemq] [f4805ab6] INFO  - HiveMQ Enterprise Security Extension: Shutting down HiveMQ Enterprise Security Extension.
2025-01-29 18:41:12,837 INFO c.h.h.t.HelmChartContainer - [test-hivemq-legacy-platform] [hivemq] [f4805ab6] INFO  - HiveMQ Enterprise Security Extension: Stopped HiveMQ Enterprise Security Extension successfully in 3002ms.
2025-01-29 18:41:12,838 INFO c.h.h.t.HelmChartContainer - [test-hivemq-legacy-platform] [hivemq] [f4805ab6] INFO  - Extension "HiveMQ Enterprise Security Extension" version 4.36.0 stopped successfully.
2025-01-29 18:41:12,844 INFO c.h.h.t.HelmChartContainer - [test-hivemq-legacy-platform] [hivemq] [72aeed9e] INFO  - Cluster nodes found by discovery: [QqVXX|2] (1) [QqVXX].
2025-01-29 18:41:12,849 INFO c.h.h.t.HelmChartContainer - [test-hivemq-legacy-platform] [hivemq] [72aeed9e] INFO  - Cluster size = 1, members : [QqVXX].
2025-01-29 18:41:15,367 INFO c.h.h.t.HelmChartContainer - [test-hivemq-legacy-platform] [hivemq] [f4805ab6] INFO  - Shutdown completed.
2025-01-29 18:41:15,909 INFO c.h.h.t.HelmChartContainer - [K3S] [pod_container_deletor.go:80] "Container not found in pod's containers" containerID="28b447412f646d7fcd556300adadd401d51c5e8195a6166415e7b27dccad1677"
2025-01-29 18:41:15,931 INFO c.h.h.t.HelmChartContainer - [POD] test-hivemq-legacy-platform-0 [f4805ab6-8fc1-4628-bc88-ffd714109d7f] in helmlegacystatefulsetmigrationit-operator was MODIFIED
2025-01-29 18:41:15,934 INFO c.h.h.t.HelmChartContainer - [K3S] [reconciler_common.go:162] "operationExecutor.UnmountVolume started for volume \"conf-override\" (UniqueName: \"kubernetes.io/empty-dir/f4805ab6-8fc1-4628-bc88-ffd714109d7f-conf-override\") pod \"f4805ab6-8fc1-4628-bc88-ffd714109d7f\" (UID: \"f4805ab6-8fc1-4628-bc88-ffd714109d7f\") "
2025-01-29 18:41:15,935 INFO c.h.h.t.HelmChartContainer - [K3S] [reconciler_common.go:162] "operationExecutor.UnmountVolume started for volume \"kube-api-access-7xx9v\" (UniqueName: \"kubernetes.io/projected/f4805ab6-8fc1-4628-bc88-ffd714109d7f-kube-api-access-7xx9v\") pod \"f4805ab6-8fc1-4628-bc88-ffd714109d7f\" (UID: \"f4805ab6-8fc1-4628-bc88-ffd714109d7f\") "
2025-01-29 18:41:15,945 INFO c.h.h.t.HelmChartContainer - [K3S] [reconciler_common.go:162] "operationExecutor.UnmountVolume started for volume \"dns-wait-config\" (UniqueName: \"kubernetes.io/configmap/f4805ab6-8fc1-4628-bc88-ffd714109d7f-dns-wait-config\") pod \"f4805ab6-8fc1-4628-bc88-ffd714109d7f\" (UID: \"f4805ab6-8fc1-4628-bc88-ffd714109d7f\") "
2025-01-29 18:41:15,947 INFO c.h.h.t.HelmChartContainer - [K3S] [reconciler_common.go:162] "operationExecutor.UnmountVolume started for volume \"shared-data\" (UniqueName: \"kubernetes.io/empty-dir/f4805ab6-8fc1-4628-bc88-ffd714109d7f-shared-data\") pod \"f4805ab6-8fc1-4628-bc88-ffd714109d7f\" (UID: \"f4805ab6-8fc1-4628-bc88-ffd714109d7f\") "
2025-01-29 18:41:15,947 INFO c.h.h.t.HelmChartContainer - [K3S] [reconciler_common.go:162] "operationExecutor.UnmountVolume started for volume \"backup\" (UniqueName: \"kubernetes.io/empty-dir/f4805ab6-8fc1-4628-bc88-ffd714109d7f-backup\") pod \"f4805ab6-8fc1-4628-bc88-ffd714109d7f\" (UID: \"f4805ab6-8fc1-4628-bc88-ffd714109d7f\") "
2025-01-29 18:41:15,947 INFO c.h.h.t.HelmChartContainer - [K3S] [reconciler_common.go:162] "operationExecutor.UnmountVolume started for volume \"heap-dumps\" (UniqueName: \"kubernetes.io/empty-dir/f4805ab6-8fc1-4628-bc88-ffd714109d7f-heap-dumps\") pod \"f4805ab6-8fc1-4628-bc88-ffd714109d7f\" (UID: \"f4805ab6-8fc1-4628-bc88-ffd714109d7f\") "
2025-01-29 18:41:15,947 INFO c.h.h.t.HelmChartContainer - [K3S] [reconciler_common.go:162] "operationExecutor.UnmountVolume started for volume \"ese-file-realm\" (UniqueName: \"kubernetes.io/configmap/f4805ab6-8fc1-4628-bc88-ffd714109d7f-ese-file-realm\") pod \"f4805ab6-8fc1-4628-bc88-ffd714109d7f\" (UID: \"f4805ab6-8fc1-4628-bc88-ffd714109d7f\") "
2025-01-29 18:41:15,948 INFO c.h.h.t.HelmChartContainer - [K3S] [reconciler_common.go:162] "operationExecutor.UnmountVolume started for volume \"data\" (UniqueName: \"kubernetes.io/local-volume/pvc-406d3ea1-0a15-485f-bb4b-4ee52a9ecc99\") pod \"f4805ab6-8fc1-4628-bc88-ffd714109d7f\" (UID: \"f4805ab6-8fc1-4628-bc88-ffd714109d7f\") "
2025-01-29 18:41:15,948 INFO c.h.h.t.HelmChartContainer - [K3S] [reconciler_common.go:162] "operationExecutor.UnmountVolume started for volume \"log\" (UniqueName: \"kubernetes.io/empty-dir/f4805ab6-8fc1-4628-bc88-ffd714109d7f-log\") pod \"f4805ab6-8fc1-4628-bc88-ffd714109d7f\" (UID: \"f4805ab6-8fc1-4628-bc88-ffd714109d7f\") "
2025-01-29 18:41:15,948 INFO c.h.h.t.HelmChartContainer - [K3S] [reconciler_common.go:162] "operationExecutor.UnmountVolume started for volume \"audit\" (UniqueName: \"kubernetes.io/empty-dir/f4805ab6-8fc1-4628-bc88-ffd714109d7f-audit\") pod \"f4805ab6-8fc1-4628-bc88-ffd714109d7f\" (UID: \"f4805ab6-8fc1-4628-bc88-ffd714109d7f\") "
2025-01-29 18:41:15,948 INFO c.h.h.t.HelmChartContainer - [K3S] [reconciler_common.go:162] "operationExecutor.UnmountVolume started for volume \"ese-configuration\" (UniqueName: \"kubernetes.io/configmap/f4805ab6-8fc1-4628-bc88-ffd714109d7f-ese-configuration\") pod \"f4805ab6-8fc1-4628-bc88-ffd714109d7f\" (UID: \"f4805ab6-8fc1-4628-bc88-ffd714109d7f\") "
2025-01-29 18:41:15,948 INFO c.h.h.t.HelmChartContainer - [K3S] [reconciler_common.go:162] "operationExecutor.UnmountVolume started for volume \"live-info\" (UniqueName: \"kubernetes.io/configmap/f4805ab6-8fc1-4628-bc88-ffd714109d7f-live-info\") pod \"f4805ab6-8fc1-4628-bc88-ffd714109d7f\" (UID: \"f4805ab6-8fc1-4628-bc88-ffd714109d7f\") "
2025-01-29 18:41:15,948 INFO c.h.h.t.HelmChartContainer - [K3S] [reconciler_common.go:299] "Volume detached for volume \"conf-override\" (UniqueName: \"kubernetes.io/empty-dir/f4805ab6-8fc1-4628-bc88-ffd714109d7f-conf-override\") on node \"b7418fb8ab78\" DevicePath \"\""
2025-01-29 18:41:15,948 INFO c.h.h.t.HelmChartContainer - [K3S] [reconciler_common.go:299] "Volume detached for volume \"kube-api-access-7xx9v\" (UniqueName: \"kubernetes.io/projected/f4805ab6-8fc1-4628-bc88-ffd714109d7f-kube-api-access-7xx9v\") on node \"b7418fb8ab78\" DevicePath \"\""
2025-01-29 18:41:15,970 INFO c.h.h.t.HelmChartContainer - [hivemq-test-hivemq-platform] [hivemq-platform-operator] [d3bb76c6] 18:41:15.937 [pool-6-thread-35] DEBUG c.h.p.o.d.PlatformServiceResource - [helmlega] Desired Platform services (4 services)
2025-01-29 18:41:15,970 INFO c.h.h.t.HelmChartContainer - [hivemq-test-hivemq-platform] [hivemq-platform-operator] [d3bb76c6] 18:41:15.949 [pool-6-thread-34] DEBUG c.h.p.o.dependants.PodInfoConfigMap - [helmlega] Desired PodInfo ConfigMap (2 extensions) (1 enabled)
2025-01-29 18:41:15,970 INFO c.h.h.t.HelmChartContainer - [hivemq-test-hivemq-platform] [hivemq-platform-operator] [d3bb76c6] 18:41:15.949 [pool-6-thread-36] DEBUG c.h.p.o.d.PodServiceAccountResource - [helmlega] Desired PodServiceAccountResource (serviceAccountName: hivemq-platform-pod-test-hivemq-legacy-platform)
2025-01-29 18:41:15,970 INFO c.h.h.t.HelmChartContainer - [hivemq-test-hivemq-platform] [hivemq-platform-operator] [d3bb76c6] 18:41:15.953 [pool-6-thread-34] DEBUG c.h.p.o.dependants.PodInfoConfigMap - [helmlega] Desired PodInfo ConfigMap (metrics port: 9399) (metrics path: /)
2025-01-29 18:41:15,970 INFO c.h.h.t.HelmChartContainer - [hivemq-test-hivemq-platform] [hivemq-platform-operator] [d3bb76c6] 18:41:15.953 [pool-6-thread-34] DEBUG c.h.p.o.dependants.PodInfoConfigMap - [helmlega] Desired PodInfo ConfigMap (extension state hash: -1203431371)
2025-01-29 18:41:15,970 INFO c.h.h.t.HelmChartContainer - [hivemq-test-hivemq-platform] [hivemq-platform-operator] [d3bb76c6] 18:41:15.966 [pool-6-thread-32] DEBUG c.h.p.o.d.StatefulSetResource - [helmlega] Desired StatefulSet (2 replicas) for status ROLLING_RESTART (RESTART_PODS_IN_PROGRESS)
2025-01-29 18:41:15,978 INFO c.h.h.t.HelmChartContainer - [hivemq-test-hivemq-platform] [hivemq-platform-operator] [d3bb76c6] 18:41:15.975 [ReconcilerExecutor-hivemq-controller-129] INFO  c.h.p.o.HiveMQPlatformReconciler - [helmlega] Reconciling HiveMQ Platform 'test-hivemq-legacy-platform' in namespace 'helmlegacystatefulsetmigrationit-operator'
2025-01-29 18:41:15,978 INFO c.h.h.t.HelmChartContainer - [hivemq-test-hivemq-platform] [hivemq-platform-operator] [d3bb76c6] 18:41:15.976 [ReconcilerExecutor-hivemq-controller-129] DEBUG c.h.p.o.HiveMQPlatformReconciler - [helmlega] Custom Resource Status ROLLING_RESTART - HiveMQ Platform is restarting Pods (rolling restart) (RESTART_PODS_IN_PROGRESS)
2025-01-29 18:41:15,979 INFO c.h.h.t.HelmChartContainer - [hivemq-test-hivemq-platform] [hivemq-platform-operator] [d3bb76c6] 18:41:15.976 [ReconcilerExecutor-hivemq-controller-129] DEBUG c.h.p.o.HiveMQPlatformReconciler - [helmlega] Custom Resource Spec (replicas: 1) (extensions: 2)
2025-01-29 18:41:15,980 INFO c.h.h.t.HelmChartContainer - [hivemq-test-hivemq-platform] [hivemq-platform-operator] [d3bb76c6] 18:41:15.979 [ReconcilerExecutor-hivemq-controller-129] DEBUG c.h.p.o.HiveMQPlatformReconciler - [helmlega] StatefulSet Status (revision: test-hivemq-legacy-platform-65df8dcb7f, replicas: 2, available: 1, ready: 1, current: 1, updated: 1)
2025-01-29 18:41:15,980 INFO c.h.h.t.HelmChartContainer - [hivemq-test-hivemq-platform] [hivemq-platform-operator] [d3bb76c6] 18:41:15.979 [ReconcilerExecutor-hivemq-controller-129] DEBUG c.h.p.o.HiveMQPlatformReconciler - [helmlega] StatefulSet Spec (replicas: 2, init containers: 1, containers: 1, volumes: 6)
2025-01-29 18:41:15,988 INFO c.h.h.t.HelmChartContainer - [hivemq-test-hivemq-platform] [hivemq-platform-operator] [d3bb76c6] 18:41:15.983 [ReconcilerExecutor-hivemq-controller-129] DEBUG c.h.p.o.h.HiveMQPlatformReconcilerErrorHandler - [helmlega] Pod 'test-hivemq-legacy-platform-1' phase Running
2025-01-29 18:41:15,989 INFO c.h.h.t.HelmChartContainer - [hivemq-test-hivemq-platform] [hivemq-platform-operator] [d3bb76c6] 18:41:15.986 [ReconcilerExecutor-hivemq-controller-129] DEBUG c.h.p.o.h.HiveMQPlatformReconcilerErrorHandler - [helmlega] Pod 'test-hivemq-legacy-platform-0' phase Failed
2025-01-29 18:41:15,989 INFO c.h.h.t.HelmChartContainer - [hivemq-test-hivemq-platform] [hivemq-platform-operator] [d3bb76c6] 18:41:15.986 [ReconcilerExecutor-hivemq-controller-129] DEBUG c.h.p.o.h.HiveMQPlatformReconcilerErrorHandler - [helmlega] Pod 'test-hivemq-legacy-platform-0' condition 'PodReadyToStartContainers': False
2025-01-29 18:41:15,989 INFO c.h.h.t.HelmChartContainer - [hivemq-test-hivemq-platform] [hivemq-platform-operator] [d3bb76c6] 18:41:15.986 [ReconcilerExecutor-hivemq-controller-129] DEBUG c.h.p.o.h.HiveMQPlatformReconcilerErrorHandler - [helmlega] Pod 'test-hivemq-legacy-platform-0' condition 'Initialized': True
2025-01-29 18:41:15,989 INFO c.h.h.t.HelmChartContainer - [hivemq-test-hivemq-platform] [hivemq-platform-operator] [d3bb76c6] 18:41:15.986 [ReconcilerExecutor-hivemq-controller-129] DEBUG c.h.p.o.h.HiveMQPlatformReconcilerErrorHandler - [helmlega] Pod 'test-hivemq-legacy-platform-0' condition 'Ready': False
2025-01-29 18:41:15,989 INFO c.h.h.t.HelmChartContainer - [hivemq-test-hivemq-platform] [hivemq-platform-operator] [d3bb76c6] 18:41:15.986 [ReconcilerExecutor-hivemq-controller-129] DEBUG c.h.p.o.h.HiveMQPlatformReconcilerErrorHandler - [helmlega] Pod 'test-hivemq-legacy-platform-0' condition 'ContainersReady': False
2025-01-29 18:41:15,989 INFO c.h.h.t.HelmChartContainer - [hivemq-test-hivemq-platform] [hivemq-platform-operator] [d3bb76c6] 18:41:15.986 [ReconcilerExecutor-hivemq-controller-129] DEBUG c.h.p.o.h.HiveMQPlatformReconcilerErrorHandler - [helmlega] Pod 'test-hivemq-legacy-platform-0' condition 'PodScheduled': True
2025-01-29 18:41:15,989 INFO c.h.h.t.HelmChartContainer - [hivemq-test-hivemq-platform] [hivemq-platform-operator] [d3bb76c6] 18:41:15.986 [ReconcilerExecutor-hivemq-controller-129] DEBUG c.h.p.o.h.HiveMQPlatformReconcilerErrorHandler - [helmlega] Pod 'test-hivemq-legacy-platform-0' containerStatus 'hivemq' (started: false) (ready: false) (waiting: [Unknown] no message)
2025-01-29 18:41:15,989 INFO c.h.h.t.HelmChartContainer - [hivemq-test-hivemq-platform] [hivemq-platform-operator] [d3bb76c6] 18:41:15.986 [ReconcilerExecutor-hivemq-controller-129] DEBUG c.h.p.o.h.HiveMQPlatformReconcilerRollingRestartHandler - [helmlega] Rolling restart is waiting for 1 of 2 replicas
2025-01-29 18:41:16,045 INFO c.h.h.t.HelmChartContainer - [hivemq-test-hivemq-platform] [hivemq-platform-operator] [d3bb76c6] 18:41:16.042 [pool-6-thread-42] DEBUG c.h.p.o.d.PlatformServiceResource - [helmlega] Desired Platform services (4 services)
2025-01-29 18:41:16,050 INFO c.h.h.t.HelmChartContainer - [K3S] [reconciler_common.go:299] "Volume detached for volume \"audit\" (UniqueName: \"kubernetes.io/empty-dir/f4805ab6-8fc1-4628-bc88-ffd714109d7f-audit\") on node \"b7418fb8ab78\" DevicePath \"\""
2025-01-29 18:41:16,050 INFO c.h.h.t.HelmChartContainer - [K3S] [reconciler_common.go:299] "Volume detached for volume \"ese-configuration\" (UniqueName: \"kubernetes.io/configmap/f4805ab6-8fc1-4628-bc88-ffd714109d7f-ese-configuration\") on node \"b7418fb8ab78\" DevicePath \"\""
2025-01-29 18:41:16,050 INFO c.h.h.t.HelmChartContainer - [K3S] [reconciler_common.go:299] "Volume detached for volume \"live-info\" (UniqueName: \"kubernetes.io/configmap/f4805ab6-8fc1-4628-bc88-ffd714109d7f-live-info\") on node \"b7418fb8ab78\" DevicePath \"\""
2025-01-29 18:41:16,050 INFO c.h.h.t.HelmChartContainer - [K3S] [reconciler_common.go:299] "Volume detached for volume \"dns-wait-config\" (UniqueName: \"kubernetes.io/configmap/f4805ab6-8fc1-4628-bc88-ffd714109d7f-dns-wait-config\") on node \"b7418fb8ab78\" DevicePath \"\""
2025-01-29 18:41:16,050 INFO c.h.h.t.HelmChartContainer - [K3S] [reconciler_common.go:299] "Volume detached for volume \"shared-data\" (UniqueName: \"kubernetes.io/empty-dir/f4805ab6-8fc1-4628-bc88-ffd714109d7f-shared-data\") on node \"b7418fb8ab78\" DevicePath \"\""
2025-01-29 18:41:16,050 INFO c.h.h.t.HelmChartContainer - [K3S] [reconciler_common.go:299] "Volume detached for volume \"backup\" (UniqueName: \"kubernetes.io/empty-dir/f4805ab6-8fc1-4628-bc88-ffd714109d7f-backup\") on node \"b7418fb8ab78\" DevicePath \"\""
2025-01-29 18:41:16,050 INFO c.h.h.t.HelmChartContainer - [K3S] [reconciler_common.go:299] "Volume detached for volume \"heap-dumps\" (UniqueName: \"kubernetes.io/empty-dir/f4805ab6-8fc1-4628-bc88-ffd714109d7f-heap-dumps\") on node \"b7418fb8ab78\" DevicePath \"\""
2025-01-29 18:41:16,050 INFO c.h.h.t.HelmChartContainer - [K3S] [reconciler_common.go:299] "Volume detached for volume \"ese-file-realm\" (UniqueName: \"kubernetes.io/configmap/f4805ab6-8fc1-4628-bc88-ffd714109d7f-ese-file-realm\") on node \"b7418fb8ab78\" DevicePath \"\""
2025-01-29 18:41:16,050 INFO c.h.h.t.HelmChartContainer - [K3S] [reconciler_common.go:292] "operationExecutor.UnmountDevice started for volume \"pvc-406d3ea1-0a15-485f-bb4b-4ee52a9ecc99\" (UniqueName: \"kubernetes.io/local-volume/pvc-406d3ea1-0a15-485f-bb4b-4ee52a9ecc99\") on node \"b7418fb8ab78\" "
2025-01-29 18:41:16,050 INFO c.h.h.t.HelmChartContainer - [K3S] [reconciler_common.go:299] "Volume detached for volume \"log\" (UniqueName: \"kubernetes.io/empty-dir/f4805ab6-8fc1-4628-bc88-ffd714109d7f-log\") on node \"b7418fb8ab78\" DevicePath \"\""
2025-01-29 18:41:16,051 INFO c.h.h.t.HelmChartContainer - [hivemq-test-hivemq-platform] [hivemq-platform-operator] [d3bb76c6] 18:41:16.045 [pool-6-thread-45] DEBUG c.h.p.o.d.PodServiceAccountResource - [helmlega] Desired PodServiceAccountResource (serviceAccountName: hivemq-platform-pod-test-hivemq-legacy-platform)
2025-01-29 18:41:16,051 INFO c.h.h.t.HelmChartContainer - [hivemq-test-hivemq-platform] [hivemq-platform-operator] [d3bb76c6] 18:41:16.046 [pool-6-thread-44] DEBUG c.h.p.o.dependants.PodInfoConfigMap - [helmlega] Desired PodInfo ConfigMap (2 extensions) (1 enabled)
2025-01-29 18:41:16,051 INFO c.h.h.t.HelmChartContainer - [hivemq-test-hivemq-platform] [hivemq-platform-operator] [d3bb76c6] 18:41:16.047 [pool-6-thread-44] DEBUG c.h.p.o.dependants.PodInfoConfigMap - [helmlega] Desired PodInfo ConfigMap (metrics port: 9399) (metrics path: /)
2025-01-29 18:41:16,051 INFO c.h.h.t.HelmChartContainer - [hivemq-test-hivemq-platform] [hivemq-platform-operator] [d3bb76c6] 18:41:16.047 [pool-6-thread-44] DEBUG c.h.p.o.dependants.PodInfoConfigMap - [helmlega] Desired PodInfo ConfigMap (extension state hash: -1203431371)
2025-01-29 18:41:16,053 INFO c.h.h.t.HelmChartContainer - [hivemq-test-hivemq-platform] [hivemq-platform-operator] [d3bb76c6] 18:41:16.052 [pool-6-thread-47] DEBUG c.h.p.o.d.StatefulSetResource - [helmlega] Desired StatefulSet (2 replicas) for status ROLLING_RESTART (RESTART_PODS_IN_PROGRESS)
2025-01-29 18:41:16,138 INFO c.h.h.t.HelmChartContainer - [hivemq-test-hivemq-platform] [hivemq-platform-operator] [d3bb76c6] 18:41:16.137 [ReconcilerExecutor-hivemq-controller-130] INFO  c.h.p.o.HiveMQPlatformReconciler - [helmlega] Reconciling HiveMQ Platform 'test-hivemq-legacy-platform' in namespace 'helmlegacystatefulsetmigrationit-operator'
2025-01-29 18:41:16,139 INFO c.h.h.t.HelmChartContainer - [hivemq-test-hivemq-platform] [hivemq-platform-operator] [d3bb76c6] 18:41:16.138 [ReconcilerExecutor-hivemq-controller-130] DEBUG c.h.p.o.HiveMQPlatformReconciler - [helmlega] Custom Resource Status ROLLING_RESTART - HiveMQ Platform is restarting Pods (rolling restart) (RESTART_PODS_IN_PROGRESS)
2025-01-29 18:41:16,139 INFO c.h.h.t.HelmChartContainer - [hivemq-test-hivemq-platform] [hivemq-platform-operator] [d3bb76c6] 18:41:16.138 [ReconcilerExecutor-hivemq-controller-130] DEBUG c.h.p.o.HiveMQPlatformReconciler - [helmlega] Custom Resource Spec (replicas: 1) (extensions: 2)
2025-01-29 18:41:16,140 INFO c.h.h.t.HelmChartContainer - [hivemq-test-hivemq-platform] [hivemq-platform-operator] [d3bb76c6] 18:41:16.140 [ReconcilerExecutor-hivemq-controller-130] DEBUG c.h.p.o.HiveMQPlatformReconciler - [helmlega] StatefulSet Status (revision: test-hivemq-legacy-platform-65df8dcb7f, replicas: 2, available: 1, ready: 1, current: 1, updated: 1)
2025-01-29 18:41:16,140 INFO c.h.h.t.HelmChartContainer - [hivemq-test-hivemq-platform] [hivemq-platform-operator] [d3bb76c6] 18:41:16.140 [ReconcilerExecutor-hivemq-controller-130] DEBUG c.h.p.o.HiveMQPlatformReconciler - [helmlega] StatefulSet Spec (replicas: 2, init containers: 1, containers: 1, volumes: 6)
2025-01-29 18:41:16,142 INFO c.h.h.t.HelmChartContainer - [hivemq-test-hivemq-platform] [hivemq-platform-operator] [d3bb76c6] 18:41:16.141 [ReconcilerExecutor-hivemq-controller-130] DEBUG c.h.p.o.h.HiveMQPlatformReconcilerErrorHandler - [helmlega] Pod 'test-hivemq-legacy-platform-1' phase Running
2025-01-29 18:41:16,144 INFO c.h.h.t.HelmChartContainer - [hivemq-test-hivemq-platform] [hivemq-platform-operator] [d3bb76c6] 18:41:16.143 [ReconcilerExecutor-hivemq-controller-130] DEBUG c.h.p.o.h.HiveMQPlatformReconcilerErrorHandler - [helmlega] Pod 'test-hivemq-legacy-platform-0' phase Failed
2025-01-29 18:41:16,146 INFO c.h.h.t.HelmChartContainer - [hivemq-test-hivemq-platform] [hivemq-platform-operator] [d3bb76c6] 18:41:16.144 [ReconcilerExecutor-hivemq-controller-130] DEBUG c.h.p.o.h.HiveMQPlatformReconcilerErrorHandler - [helmlega] Pod 'test-hivemq-legacy-platform-0' condition 'PodReadyToStartContainers': False
2025-01-29 18:41:16,146 INFO c.h.h.t.HelmChartContainer - [hivemq-test-hivemq-platform] [hivemq-platform-operator] [d3bb76c6] 18:41:16.144 [ReconcilerExecutor-hivemq-controller-130] DEBUG c.h.p.o.h.HiveMQPlatformReconcilerErrorHandler - [helmlega] Pod 'test-hivemq-legacy-platform-0' condition 'Initialized': True
2025-01-29 18:41:16,146 INFO c.h.h.t.HelmChartContainer - [hivemq-test-hivemq-platform] [hivemq-platform-operator] [d3bb76c6] 18:41:16.144 [ReconcilerExecutor-hivemq-controller-130] DEBUG c.h.p.o.h.HiveMQPlatformReconcilerErrorHandler - [helmlega] Pod 'test-hivemq-legacy-platform-0' condition 'Ready': False
2025-01-29 18:41:16,146 INFO c.h.h.t.HelmChartContainer - [hivemq-test-hivemq-platform] [hivemq-platform-operator] [d3bb76c6] 18:41:16.144 [ReconcilerExecutor-hivemq-controller-130] DEBUG c.h.p.o.h.HiveMQPlatformReconcilerErrorHandler - [helmlega] Pod 'test-hivemq-legacy-platform-0' condition 'ContainersReady': False
2025-01-29 18:41:16,146 INFO c.h.h.t.HelmChartContainer - [hivemq-test-hivemq-platform] [hivemq-platform-operator] [d3bb76c6] 18:41:16.144 [ReconcilerExecutor-hivemq-controller-130] DEBUG c.h.p.o.h.HiveMQPlatformReconcilerErrorHandler - [helmlega] Pod 'test-hivemq-legacy-platform-0' condition 'PodScheduled': True
2025-01-29 18:41:16,146 INFO c.h.h.t.HelmChartContainer - [hivemq-test-hivemq-platform] [hivemq-platform-operator] [d3bb76c6] 18:41:16.144 [ReconcilerExecutor-hivemq-controller-130] DEBUG c.h.p.o.h.HiveMQPlatformReconcilerErrorHandler - [helmlega] Pod 'test-hivemq-legacy-platform-0' containerStatus 'hivemq' (started: false) (ready: false) (waiting: [Unknown] no message)
2025-01-29 18:41:16,146 INFO c.h.h.t.HelmChartContainer - [hivemq-test-hivemq-platform] [hivemq-platform-operator] [d3bb76c6] 18:41:16.144 [ReconcilerExecutor-hivemq-controller-130] DEBUG c.h.p.o.h.HiveMQPlatformReconcilerRollingRestartHandler - [helmlega] Rolling restart is waiting for 1 of 2 replicas
2025-01-29 18:41:16,148 INFO c.h.h.t.HelmChartContainer - [K3S] [reconciler_common.go:299] "Volume detached for volume \"pvc-406d3ea1-0a15-485f-bb4b-4ee52a9ecc99\" (UniqueName: \"kubernetes.io/local-volume/pvc-406d3ea1-0a15-485f-bb4b-4ee52a9ecc99\") on node \"b7418fb8ab78\" DevicePath \"\""
2025-01-29 18:41:16,926 INFO c.h.h.t.HelmChartContainer - [POD] test-hivemq-legacy-platform-0 [f4805ab6-8fc1-4628-bc88-ffd714109d7f] in helmlegacystatefulsetmigrationit-operator was MODIFIED
2025-01-29 18:41:16,938 INFO c.h.h.t.HelmChartContainer - [POD] test-hivemq-legacy-platform-0 [f4805ab6-8fc1-4628-bc88-ffd714109d7f] in helmlegacystatefulsetmigrationit-operator was DELETED
2025-01-29 18:41:16,940 INFO c.h.h.t.HelmChartContainer - [hivemq-test-hivemq-platform] [hivemq-platform-operator] [d3bb76c6] 18:41:16.935 [pool-6-thread-3] DEBUG c.h.p.o.d.PlatformServiceResource - [helmlega] Desired Platform services (4 services)
2025-01-29 18:41:16,941 INFO c.h.h.t.HelmChartContainer - [hivemq-test-hivemq-platform] [hivemq-platform-operator] [d3bb76c6] 18:41:16.939 [pool-6-thread-4] DEBUG c.h.p.o.dependants.PodInfoConfigMap - [helmlega] Desired PodInfo ConfigMap (2 extensions) (1 enabled)
2025-01-29 18:41:16,945 INFO c.h.h.t.HelmChartContainer - [hivemq-test-hivemq-platform] [hivemq-platform-operator] [d3bb76c6] 18:41:16.939 [pool-6-thread-7] DEBUG c.h.p.o.d.PodServiceAccountResource - [helmlega] Desired PodServiceAccountResource (serviceAccountName: hivemq-platform-pod-test-hivemq-legacy-platform)
2025-01-29 18:41:16,945 INFO c.h.h.t.HelmChartContainer - [hivemq-test-hivemq-platform] [hivemq-platform-operator] [d3bb76c6] 18:41:16.940 [pool-6-thread-4] DEBUG c.h.p.o.dependants.PodInfoConfigMap - [helmlega] Desired PodInfo ConfigMap (metrics port: 9399) (metrics path: /)
2025-01-29 18:41:16,945 INFO c.h.h.t.HelmChartContainer - [hivemq-test-hivemq-platform] [hivemq-platform-operator] [d3bb76c6] 18:41:16.940 [pool-6-thread-4] DEBUG c.h.p.o.dependants.PodInfoConfigMap - [helmlega] Desired PodInfo ConfigMap (extension state hash: -1203431371)
2025-01-29 18:41:16,954 INFO c.h.h.t.HelmChartContainer - [hivemq-test-hivemq-platform] [hivemq-platform-operator] [d3bb76c6] 18:41:16.951 [pool-6-thread-3] DEBUG c.h.p.o.d.StatefulSetResource - [helmlega] Desired StatefulSet (2 replicas) for status ROLLING_RESTART (RESTART_PODS_IN_PROGRESS)
2025-01-29 18:41:16,968 INFO c.h.h.t.HelmChartContainer - [EVENT] Normal [SuccessfulCreate] create Pod test-hivemq-legacy-platform-0 in StatefulSet test-hivemq-legacy-platform successful [helmlegacystatefulsetmigrationit-operator:test-hivemq-legacy-platform]
2025-01-29 18:41:16,970 INFO c.h.h.t.HelmChartContainer - [POD] test-hivemq-legacy-platform-0 [0769f6a4-7e20-439f-82a8-d2823e1e8854] in helmlegacystatefulsetmigrationit-operator was ADDED
2025-01-29 18:41:16,979 INFO c.h.h.t.HelmChartContainer - [hivemq-test-hivemq-platform] [hivemq-platform-operator] [d3bb76c6] 18:41:16.969 [ReconcilerExecutor-hivemq-controller-131] INFO  c.h.p.o.HiveMQPlatformReconciler - [helmlega] Reconciling HiveMQ Platform 'test-hivemq-legacy-platform' in namespace 'helmlegacystatefulsetmigrationit-operator'
2025-01-29 18:41:16,979 INFO c.h.h.t.HelmChartContainer - [hivemq-test-hivemq-platform] [hivemq-platform-operator] [d3bb76c6] 18:41:16.969 [ReconcilerExecutor-hivemq-controller-131] DEBUG c.h.p.o.HiveMQPlatformReconciler - [helmlega] Custom Resource Status ROLLING_RESTART - HiveMQ Platform is restarting Pods (rolling restart) (RESTART_PODS_IN_PROGRESS)
2025-01-29 18:41:16,979 INFO c.h.h.t.HelmChartContainer - [hivemq-test-hivemq-platform] [hivemq-platform-operator] [d3bb76c6] 18:41:16.969 [ReconcilerExecutor-hivemq-controller-131] DEBUG c.h.p.o.HiveMQPlatformReconciler - [helmlega] Custom Resource Spec (replicas: 1) (extensions: 2)
2025-01-29 18:41:16,979 INFO c.h.h.t.HelmChartContainer - [hivemq-test-hivemq-platform] [hivemq-platform-operator] [d3bb76c6] 18:41:16.974 [ReconcilerExecutor-hivemq-controller-131] DEBUG c.h.p.o.HiveMQPlatformReconciler - [helmlega] StatefulSet Status (revision: test-hivemq-legacy-platform-65df8dcb7f, replicas: 2, available: 1, ready: 1, current: 1, updated: 1)
2025-01-29 18:41:16,979 INFO c.h.h.t.HelmChartContainer - [hivemq-test-hivemq-platform] [hivemq-platform-operator] [d3bb76c6] 18:41:16.974 [ReconcilerExecutor-hivemq-controller-131] DEBUG c.h.p.o.HiveMQPlatformReconciler - [helmlega] StatefulSet Spec (replicas: 2, init containers: 1, containers: 1, volumes: 6)
2025-01-29 18:41:16,979 INFO c.h.h.t.HelmChartContainer - [hivemq-test-hivemq-platform] [hivemq-platform-operator] [d3bb76c6] 18:41:16.976 [ReconcilerExecutor-hivemq-controller-131] DEBUG c.h.p.o.h.HiveMQPlatformReconcilerErrorHandler - [helmlega] Pod 'test-hivemq-legacy-platform-1' phase Running
2025-01-29 18:41:16,979 INFO c.h.h.t.HelmChartContainer - [hivemq-test-hivemq-platform] [hivemq-platform-operator] [d3bb76c6] 18:41:16.977 [ReconcilerExecutor-hivemq-controller-131] DEBUG c.h.p.o.h.HiveMQPlatformReconcilerErrorHandler - [helmlega] Pod 'test-hivemq-legacy-platform-0' phase Pending
2025-01-29 18:41:16,985 INFO c.h.h.t.HelmChartContainer - [K3S] [memory_manager.go:355] "RemoveStaleState removing state" podUID="f4805ab6-8fc1-4628-bc88-ffd714109d7f" containerName="hivemq"
2025-01-29 18:41:16,985 INFO c.h.h.t.HelmChartContainer - [POD] test-hivemq-legacy-platform-0 [0769f6a4-7e20-439f-82a8-d2823e1e8854] in helmlegacystatefulsetmigrationit-operator was MODIFIED
2025-01-29 18:41:16,987 INFO c.h.h.t.HelmChartContainer - [EVENT] Normal [Scheduled] Successfully assigned helmlegacystatefulsetmigrationit-operator/test-hivemq-legacy-platform-0 to b7418fb8ab78 [helmlegacystatefulsetmigrationit-operator:test-hivemq-legacy-platform-0]
2025-01-29 18:41:17,000 INFO c.h.h.t.HelmChartContainer - [POD] test-hivemq-legacy-platform-0 [0769f6a4-7e20-439f-82a8-d2823e1e8854] in helmlegacystatefulsetmigrationit-operator was MODIFIED
2025-01-29 18:41:17,039 INFO c.h.h.t.HelmChartContainer - [hivemq-test-hivemq-platform] [hivemq-platform-operator] [d3bb76c6] 18:41:17.037 [ReconcilerExecutor-hivemq-controller-131] DEBUG c.h.p.o.h.HiveMQPlatformReconcilerRollingRestartHandler - [helmlega] Rolling restart is waiting for 1 of 2 replicas
2025-01-29 18:41:17,049 INFO c.h.h.t.HelmChartContainer - [hivemq-test-hivemq-platform] [hivemq-platform-operator] [d3bb76c6] 18:41:17.048 [pool-6-thread-16] DEBUG c.h.p.o.d.PlatformServiceResource - [helmlega] Desired Platform services (4 services)
2025-01-29 18:41:17,052 INFO c.h.h.t.HelmChartContainer - [hivemq-test-hivemq-platform] [hivemq-platform-operator] [d3bb76c6] 18:41:17.049 [pool-6-thread-18] DEBUG c.h.p.o.dependants.PodInfoConfigMap - [helmlega] Desired PodInfo ConfigMap (2 extensions) (1 enabled)
2025-01-29 18:41:17,053 INFO c.h.h.t.HelmChartContainer - [K3S] [reconciler_common.go:251] "operationExecutor.VerifyControllerAttachedVolume started for volume \"pod-info\" (UniqueName: \"kubernetes.io/configmap/0769f6a4-7e20-439f-82a8-d2823e1e8854-pod-info\") pod \"test-hivemq-legacy-platform-0\" (UID: \"0769f6a4-7e20-439f-82a8-d2823e1e8854\") " pod="helmlegacystatefulsetmigrationit-operator/test-hivemq-legacy-platform-0"
2025-01-29 18:41:17,054 INFO c.h.h.t.HelmChartContainer - [K3S] [reconciler_common.go:251] "operationExecutor.VerifyControllerAttachedVolume started for volume \"broker-configuration\" (UniqueName: \"kubernetes.io/configmap/0769f6a4-7e20-439f-82a8-d2823e1e8854-broker-configuration\") pod \"test-hivemq-legacy-platform-0\" (UID: \"0769f6a4-7e20-439f-82a8-d2823e1e8854\") " pod="helmlegacystatefulsetmigrationit-operator/test-hivemq-legacy-platform-0"
2025-01-29 18:41:17,055 INFO c.h.h.t.HelmChartContainer - [K3S] [reconciler_common.go:251] "operationExecutor.VerifyControllerAttachedVolume started for volume \"extension-configuration-hivemq-enterprise-security-extension\" (UniqueName: \"kubernetes.io/configmap/0769f6a4-7e20-439f-82a8-d2823e1e8854-extension-configuration-hivemq-enterprise-security-extension\") pod \"test-hivemq-legacy-platform-0\" (UID: \"0769f6a4-7e20-439f-82a8-d2823e1e8854\") " pod="helmlegacystatefulsetmigrationit-operator/test-hivemq-legacy-platform-0"
2025-01-29 18:41:17,056 INFO c.h.h.t.HelmChartContainer - [K3S] [reconciler_common.go:251] "operationExecutor.VerifyControllerAttachedVolume started for volume \"kube-api-access-hgk2p\" (UniqueName: \"kubernetes.io/projected/0769f6a4-7e20-439f-82a8-d2823e1e8854-kube-api-access-hgk2p\") pod \"test-hivemq-legacy-platform-0\" (UID: \"0769f6a4-7e20-439f-82a8-d2823e1e8854\") " pod="helmlegacystatefulsetmigrationit-operator/test-hivemq-legacy-platform-0"
2025-01-29 18:41:17,056 INFO c.h.h.t.HelmChartContainer - [K3S] [reconciler_common.go:251] "operationExecutor.VerifyControllerAttachedVolume started for volume \"ese-file-realm\" (UniqueName: \"kubernetes.io/configmap/0769f6a4-7e20-439f-82a8-d2823e1e8854-ese-file-realm\") pod \"test-hivemq-legacy-platform-0\" (UID: \"0769f6a4-7e20-439f-82a8-d2823e1e8854\") " pod="helmlegacystatefulsetmigrationit-operator/test-hivemq-legacy-platform-0"
2025-01-29 18:41:17,057 INFO c.h.h.t.HelmChartContainer - [K3S] [reconciler_common.go:251] "operationExecutor.VerifyControllerAttachedVolume started for volume \"pvc-406d3ea1-0a15-485f-bb4b-4ee52a9ecc99\" (UniqueName: \"kubernetes.io/local-volume/pvc-406d3ea1-0a15-485f-bb4b-4ee52a9ecc99\") pod \"test-hivemq-legacy-platform-0\" (UID: \"0769f6a4-7e20-439f-82a8-d2823e1e8854\") " pod="helmlegacystatefulsetmigrationit-operator/test-hivemq-legacy-platform-0"
2025-01-29 18:41:17,057 INFO c.h.h.t.HelmChartContainer - [K3S] [reconciler_common.go:251] "operationExecutor.VerifyControllerAttachedVolume started for volume \"operator-init\" (UniqueName: \"kubernetes.io/empty-dir/0769f6a4-7e20-439f-82a8-d2823e1e8854-operator-init\") pod \"test-hivemq-legacy-platform-0\" (UID: \"0769f6a4-7e20-439f-82a8-d2823e1e8854\") " pod="helmlegacystatefulsetmigrationit-operator/test-hivemq-legacy-platform-0"
2025-01-29 18:41:17,057 INFO c.h.h.t.HelmChartContainer - [hivemq-test-hivemq-platform] [hivemq-platform-operator] [d3bb76c6] 18:41:17.052 [pool-6-thread-18] DEBUG c.h.p.o.dependants.PodInfoConfigMap - [helmlega] Desired PodInfo ConfigMap (metrics port: 9399) (metrics path: /)
2025-01-29 18:41:17,057 INFO c.h.h.t.HelmChartContainer - [hivemq-test-hivemq-platform] [hivemq-platform-operator] [d3bb76c6] 18:41:17.052 [pool-6-thread-18] DEBUG c.h.p.o.dependants.PodInfoConfigMap - [helmlega] Desired PodInfo ConfigMap (extension state hash: -1203431371)
2025-01-29 18:41:17,057 INFO c.h.h.t.HelmChartContainer - [hivemq-test-hivemq-platform] [hivemq-platform-operator] [d3bb76c6] 18:41:17.050 [pool-6-thread-19] DEBUG c.h.p.o.d.PodServiceAccountResource - [helmlega] Desired PodServiceAccountResource (serviceAccountName: hivemq-platform-pod-test-hivemq-legacy-platform)
2025-01-29 18:41:17,059 INFO c.h.h.t.HelmChartContainer - [hivemq-test-hivemq-platform] [hivemq-platform-operator] [d3bb76c6] 18:41:17.057 [pool-6-thread-16] DEBUG c.h.p.o.d.StatefulSetResource - [helmlega] Desired StatefulSet (2 replicas) for status ROLLING_RESTART (RESTART_PODS_IN_PROGRESS)
2025-01-29 18:41:17,062 INFO c.h.h.t.HelmChartContainer - [hivemq-test-hivemq-platform] [hivemq-platform-operator] [d3bb76c6] 18:41:17.061 [ReconcilerExecutor-hivemq-controller-132] INFO  c.h.p.o.HiveMQPlatformReconciler - [helmlega] Reconciling HiveMQ Platform 'test-hivemq-legacy-platform' in namespace 'helmlegacystatefulsetmigrationit-operator'
2025-01-29 18:41:17,062 INFO c.h.h.t.HelmChartContainer - [hivemq-test-hivemq-platform] [hivemq-platform-operator] [d3bb76c6] 18:41:17.061 [ReconcilerExecutor-hivemq-controller-132] DEBUG c.h.p.o.HiveMQPlatformReconciler - [helmlega] Custom Resource Status ROLLING_RESTART - HiveMQ Platform is restarting Pods (rolling restart) (RESTART_PODS_IN_PROGRESS)
2025-01-29 18:41:17,062 INFO c.h.h.t.HelmChartContainer - [hivemq-test-hivemq-platform] [hivemq-platform-operator] [d3bb76c6] 18:41:17.061 [ReconcilerExecutor-hivemq-controller-132] DEBUG c.h.p.o.HiveMQPlatformReconciler - [helmlega] Custom Resource Spec (replicas: 1) (extensions: 2)
2025-01-29 18:41:17,063 INFO c.h.h.t.HelmChartContainer - [hivemq-test-hivemq-platform] [hivemq-platform-operator] [d3bb76c6] 18:41:17.063 [ReconcilerExecutor-hivemq-controller-132] DEBUG c.h.p.o.HiveMQPlatformReconciler - [helmlega] StatefulSet Status (revision: test-hivemq-legacy-platform-65df8dcb7f, replicas: 2, available: 1, ready: 1, current: 2, updated: 2)
2025-01-29 18:41:17,064 INFO c.h.h.t.HelmChartContainer - [hivemq-test-hivemq-platform] [hivemq-platform-operator] [d3bb76c6] 18:41:17.063 [ReconcilerExecutor-hivemq-controller-132] DEBUG c.h.p.o.HiveMQPlatformReconciler - [helmlega] StatefulSet Spec (replicas: 2, init containers: 1, containers: 1, volumes: 6)
2025-01-29 18:41:17,139 INFO c.h.h.t.HelmChartContainer - [hivemq-test-hivemq-platform] [hivemq-platform-operator] [d3bb76c6] 18:41:17.137 [ReconcilerExecutor-hivemq-controller-132] DEBUG c.h.p.o.h.HiveMQPlatformReconcilerErrorHandler - [helmlega] Pod 'test-hivemq-legacy-platform-1' phase Running
2025-01-29 18:41:17,143 INFO c.h.h.t.HelmChartContainer - [hivemq-test-hivemq-platform] [hivemq-platform-operator] [d3bb76c6] 18:41:17.141 [ReconcilerExecutor-hivemq-controller-132] DEBUG c.h.p.o.h.HiveMQPlatformReconcilerErrorHandler - [helmlega] Pod 'test-hivemq-legacy-platform-0' phase Pending
2025-01-29 18:41:17,144 INFO c.h.h.t.HelmChartContainer - [hivemq-test-hivemq-platform] [hivemq-platform-operator] [d3bb76c6] 18:41:17.141 [ReconcilerExecutor-hivemq-controller-132] DEBUG c.h.p.o.h.HiveMQPlatformReconcilerErrorHandler - [helmlega] Pod 'test-hivemq-legacy-platform-0' condition 'PodReadyToStartContainers': False
2025-01-29 18:41:17,144 INFO c.h.h.t.HelmChartContainer - [hivemq-test-hivemq-platform] [hivemq-platform-operator] [d3bb76c6] 18:41:17.141 [ReconcilerExecutor-hivemq-controller-132] DEBUG c.h.p.o.h.HiveMQPlatformReconcilerErrorHandler - [helmlega] Pod 'test-hivemq-legacy-platform-0' condition 'Initialized': False
2025-01-29 18:41:17,144 INFO c.h.h.t.HelmChartContainer - [hivemq-test-hivemq-platform] [hivemq-platform-operator] [d3bb76c6] 18:41:17.141 [ReconcilerExecutor-hivemq-controller-132] DEBUG c.h.p.o.h.HiveMQPlatformReconcilerErrorHandler - [helmlega] Pod 'test-hivemq-legacy-platform-0' condition 'Ready': False
2025-01-29 18:41:17,144 INFO c.h.h.t.HelmChartContainer - [hivemq-test-hivemq-platform] [hivemq-platform-operator] [d3bb76c6] 18:41:17.141 [ReconcilerExecutor-hivemq-controller-132] DEBUG c.h.p.o.h.HiveMQPlatformReconcilerErrorHandler - [helmlega] Pod 'test-hivemq-legacy-platform-0' condition 'ContainersReady': False
2025-01-29 18:41:17,144 INFO c.h.h.t.HelmChartContainer - [hivemq-test-hivemq-platform] [hivemq-platform-operator] [d3bb76c6] 18:41:17.141 [ReconcilerExecutor-hivemq-controller-132] DEBUG c.h.p.o.h.HiveMQPlatformReconcilerErrorHandler - [helmlega] Pod 'test-hivemq-legacy-platform-0' condition 'PodScheduled': True
2025-01-29 18:41:17,144 INFO c.h.h.t.HelmChartContainer - [hivemq-test-hivemq-platform] [hivemq-platform-operator] [d3bb76c6] 18:41:17.141 [ReconcilerExecutor-hivemq-controller-132] DEBUG c.h.p.o.h.HiveMQPlatformReconcilerErrorHandler - [helmlega] Pod 'test-hivemq-legacy-platform-0' containerStatus 'hivemq' (started: false) (ready: false) (waiting: [PodInitializing] null)
2025-01-29 18:41:17,144 INFO c.h.h.t.HelmChartContainer - [hivemq-test-hivemq-platform] [hivemq-platform-operator] [d3bb76c6] 18:41:17.142 [ReconcilerExecutor-hivemq-controller-132] DEBUG c.h.p.o.h.HiveMQPlatformReconcilerRollingRestartHandler - [helmlega] Rolling restart is waiting for 1 of 2 replicas
2025-01-29 18:41:17,150 INFO c.h.h.t.HelmChartContainer - [hivemq-test-hivemq-platform] [hivemq-platform-operator] [d3bb76c6] 18:41:17.146 [pool-6-thread-24] DEBUG c.h.p.o.d.PlatformServiceResource - [helmlega] Desired Platform services (4 services)
2025-01-29 18:41:17,154 INFO c.h.h.t.HelmChartContainer - [hivemq-test-hivemq-platform] [hivemq-platform-operator] [d3bb76c6] 18:41:17.147 [pool-6-thread-29] DEBUG c.h.p.o.d.PodServiceAccountResource - [helmlega] Desired PodServiceAccountResource (serviceAccountName: hivemq-platform-pod-test-hivemq-legacy-platform)
2025-01-29 18:41:17,156 INFO c.h.h.t.HelmChartContainer - [hivemq-test-hivemq-platform] [hivemq-platform-operator] [d3bb76c6] 18:41:17.147 [pool-6-thread-26] DEBUG c.h.p.o.dependants.PodInfoConfigMap - [helmlega] Desired PodInfo ConfigMap (2 extensions) (1 enabled)
2025-01-29 18:41:17,156 INFO c.h.h.t.HelmChartContainer - [hivemq-test-hivemq-platform] [hivemq-platform-operator] [d3bb76c6] 18:41:17.152 [pool-6-thread-26] DEBUG c.h.p.o.dependants.PodInfoConfigMap - [helmlega] Desired PodInfo ConfigMap (metrics port: 9399) (metrics path: /)
2025-01-29 18:41:17,156 INFO c.h.h.t.HelmChartContainer - [hivemq-test-hivemq-platform] [hivemq-platform-operator] [d3bb76c6] 18:41:17.152 [pool-6-thread-26] DEBUG c.h.p.o.dependants.PodInfoConfigMap - [helmlega] Desired PodInfo ConfigMap (extension state hash: -1203431371)
2025-01-29 18:41:17,159 INFO c.h.h.t.HelmChartContainer - [hivemq-test-hivemq-platform] [hivemq-platform-operator] [d3bb76c6] 18:41:17.156 [pool-6-thread-24] DEBUG c.h.p.o.d.StatefulSetResource - [helmlega] Desired StatefulSet (2 replicas) for status ROLLING_RESTART (RESTART_PODS_IN_PROGRESS)
2025-01-29 18:41:17,243 INFO c.h.h.t.HelmChartContainer - [hivemq-test-hivemq-platform] [hivemq-platform-operator] [d3bb76c6] 18:41:17.241 [ReconcilerExecutor-hivemq-controller-136] INFO  c.h.p.o.HiveMQPlatformReconciler - [helmlega] Reconciling HiveMQ Platform 'test-hivemq-legacy-platform' in namespace 'helmlegacystatefulsetmigrationit-operator'
2025-01-29 18:41:17,243 INFO c.h.h.t.HelmChartContainer - [hivemq-test-hivemq-platform] [hivemq-platform-operator] [d3bb76c6] 18:41:17.242 [ReconcilerExecutor-hivemq-controller-136] DEBUG c.h.p.o.HiveMQPlatformReconciler - [helmlega] Custom Resource Status ROLLING_RESTART - HiveMQ Platform is restarting Pods (rolling restart) (RESTART_PODS_IN_PROGRESS)
2025-01-29 18:41:17,243 INFO c.h.h.t.HelmChartContainer - [hivemq-test-hivemq-platform] [hivemq-platform-operator] [d3bb76c6] 18:41:17.242 [ReconcilerExecutor-hivemq-controller-136] DEBUG c.h.p.o.HiveMQPlatformReconciler - [helmlega] Custom Resource Spec (replicas: 1) (extensions: 2)
2025-01-29 18:41:17,244 INFO c.h.h.t.HelmChartContainer - [hivemq-test-hivemq-platform] [hivemq-platform-operator] [d3bb76c6] 18:41:17.244 [ReconcilerExecutor-hivemq-controller-136] DEBUG c.h.p.o.HiveMQPlatformReconciler - [helmlega] StatefulSet Status (revision: test-hivemq-legacy-platform-65df8dcb7f, replicas: 2, available: 1, ready: 1, current: 2, updated: 2)
2025-01-29 18:41:17,245 INFO c.h.h.t.HelmChartContainer - [hivemq-test-hivemq-platform] [hivemq-platform-operator] [d3bb76c6] 18:41:17.244 [ReconcilerExecutor-hivemq-controller-136] DEBUG c.h.p.o.HiveMQPlatformReconciler - [helmlega] StatefulSet Spec (replicas: 2, init containers: 1, containers: 1, volumes: 6)
2025-01-29 18:41:17,246 INFO c.h.h.t.HelmChartContainer - [hivemq-test-hivemq-platform] [hivemq-platform-operator] [d3bb76c6] 18:41:17.245 [ReconcilerExecutor-hivemq-controller-136] DEBUG c.h.p.o.h.HiveMQPlatformReconcilerErrorHandler - [helmlega] Pod 'test-hivemq-legacy-platform-1' phase Running
2025-01-29 18:41:17,247 INFO c.h.h.t.HelmChartContainer - [hivemq-test-hivemq-platform] [hivemq-platform-operator] [d3bb76c6] 18:41:17.246 [ReconcilerExecutor-hivemq-controller-136] DEBUG c.h.p.o.h.HiveMQPlatformReconcilerErrorHandler - [helmlega] Pod 'test-hivemq-legacy-platform-0' phase Pending
2025-01-29 18:41:17,247 INFO c.h.h.t.HelmChartContainer - [hivemq-test-hivemq-platform] [hivemq-platform-operator] [d3bb76c6] 18:41:17.246 [ReconcilerExecutor-hivemq-controller-136] DEBUG c.h.p.o.h.HiveMQPlatformReconcilerErrorHandler - [helmlega] Pod 'test-hivemq-legacy-platform-0' condition 'PodReadyToStartContainers': False
2025-01-29 18:41:17,248 INFO c.h.h.t.HelmChartContainer - [hivemq-test-hivemq-platform] [hivemq-platform-operator] [d3bb76c6] 18:41:17.246 [ReconcilerExecutor-hivemq-controller-136] DEBUG c.h.p.o.h.HiveMQPlatformReconcilerErrorHandler - [helmlega] Pod 'test-hivemq-legacy-platform-0' condition 'Initialized': False
2025-01-29 18:41:17,248 INFO c.h.h.t.HelmChartContainer - [hivemq-test-hivemq-platform] [hivemq-platform-operator] [d3bb76c6] 18:41:17.246 [ReconcilerExecutor-hivemq-controller-136] DEBUG c.h.p.o.h.HiveMQPlatformReconcilerErrorHandler - [helmlega] Pod 'test-hivemq-legacy-platform-0' condition 'Ready': False
2025-01-29 18:41:17,248 INFO c.h.h.t.HelmChartContainer - [hivemq-test-hivemq-platform] [hivemq-platform-operator] [d3bb76c6] 18:41:17.246 [ReconcilerExecutor-hivemq-controller-136] DEBUG c.h.p.o.h.HiveMQPlatformReconcilerErrorHandler - [helmlega] Pod 'test-hivemq-legacy-platform-0' condition 'ContainersReady': False
2025-01-29 18:41:17,248 INFO c.h.h.t.HelmChartContainer - [hivemq-test-hivemq-platform] [hivemq-platform-operator] [d3bb76c6] 18:41:17.246 [ReconcilerExecutor-hivemq-controller-136] DEBUG c.h.p.o.h.HiveMQPlatformReconcilerErrorHandler - [helmlega] Pod 'test-hivemq-legacy-platform-0' condition 'PodScheduled': True
2025-01-29 18:41:17,248 INFO c.h.h.t.HelmChartContainer - [hivemq-test-hivemq-platform] [hivemq-platform-operator] [d3bb76c6] 18:41:17.246 [ReconcilerExecutor-hivemq-controller-136] DEBUG c.h.p.o.h.HiveMQPlatformReconcilerErrorHandler - [helmlega] Pod 'test-hivemq-legacy-platform-0' containerStatus 'hivemq' (started: false) (ready: false) (waiting: [PodInitializing] null)
2025-01-29 18:41:17,248 INFO c.h.h.t.HelmChartContainer - [hivemq-test-hivemq-platform] [hivemq-platform-operator] [d3bb76c6] 18:41:17.247 [ReconcilerExecutor-hivemq-controller-136] DEBUG c.h.p.o.h.HiveMQPlatformReconcilerRollingRestartHandler - [helmlega] Rolling restart is waiting for 1 of 2 replicas
2025-01-29 18:41:17,383 INFO c.h.h.t.HelmChartContainer - [EVENT] Normal [Pulled] Container image "docker.io/hivemq/hivemq-platform-operator-init-test:snapshot" already present on machine [helmlegacystatefulsetmigrationit-operator:test-hivemq-legacy-platform-0]
2025-01-29 18:41:17,390 INFO c.h.h.t.HelmChartContainer - [EVENT] Normal [Created] Created container: hivemq-platform-operator-init [helmlegacystatefulsetmigrationit-operator:test-hivemq-legacy-platform-0]
2025-01-29 18:41:17,429 INFO c.h.h.t.HelmChartContainer - [EVENT] Normal [Started] Started container hivemq-platform-operator-init [helmlegacystatefulsetmigrationit-operator:test-hivemq-legacy-platform-0]
2025-01-29 18:41:17,468 INFO c.h.h.t.HelmChartContainer - [K3S] [kubelet_volumes.go:163] "Cleaned up orphaned pod volumes dir" podUID="f4805ab6-8fc1-4628-bc88-ffd714109d7f" path="/var/lib/kubelet/pods/f4805ab6-8fc1-4628-bc88-ffd714109d7f/volumes"
2025-01-29 18:41:17,517 INFO c.h.h.t.HelmChartContainer - [K3S] [scope.go:117] "RemoveContainer" containerID="a23ab443a11037dfba2c2b42332be3758c6ffa8c21026c9e175f0e4b049b5c9a"
2025-01-29 18:41:17,529 INFO c.h.h.t.HelmChartContainer - [K3S] [scope.go:117] "RemoveContainer" containerID="9cd1087097917048a09218ffd2b4a2ecfeeca97020a1c4187b199cccea0d1953"
2025-01-29 18:41:17,534 INFO c.h.h.t.HelmChartContainer - [K3S] [scope.go:117] "RemoveContainer" containerID="e43cd3663d56aa2c31687497813dcf173a4a89db5f0fba7d0f51a4fa42d721aa"
2025-01-29 18:41:17,917 INFO c.h.h.t.HelmChartContainer - [EVENT] Normal [Pulled] Container image "docker.io/hivemq/hivemq4:4.36.0" already present on machine [helmlegacystatefulsetmigrationit-operator:test-hivemq-legacy-platform-0]
2025-01-29 18:41:17,917 INFO c.h.h.t.HelmChartContainer - Received Pulled event for container hivemq in pod test-hivemq-legacy-platform-0 [0769f6a4-7e20-439f-82a8-d2823e1e8854]
2025-01-29 18:41:17,931 INFO c.h.h.t.HelmChartContainer - [POD] test-hivemq-legacy-platform-0 [0769f6a4-7e20-439f-82a8-d2823e1e8854] in helmlegacystatefulsetmigrationit-operator was MODIFIED
2025-01-29 18:41:17,935 INFO c.h.h.t.HelmChartContainer - [EVENT] Normal [Created] Created container: hivemq [helmlegacystatefulsetmigrationit-operator:test-hivemq-legacy-platform-0]
2025-01-29 18:41:17,938 INFO c.h.h.t.HelmChartContainer - Received Created event for container hivemq in pod test-hivemq-legacy-platform-0 [0769f6a4-7e20-439f-82a8-d2823e1e8854]
2025-01-29 18:41:17,953 INFO c.h.h.t.HelmChartContainer - [hivemq-test-hivemq-platform] [hivemq-platform-operator] [d3bb76c6] 18:41:17.938 [pool-6-thread-39] DEBUG c.h.p.o.d.PlatformServiceResource - [helmlega] Desired Platform services (4 services)
2025-01-29 18:41:17,953 INFO c.h.h.t.HelmChartContainer - [hivemq-test-hivemq-platform] [hivemq-platform-operator] [d3bb76c6] 18:41:17.941 [pool-6-thread-37] DEBUG c.h.p.o.d.PodServiceAccountResource - [helmlega] Desired PodServiceAccountResource (serviceAccountName: hivemq-platform-pod-test-hivemq-legacy-platform)
2025-01-29 18:41:17,953 INFO c.h.h.t.HelmChartContainer - [hivemq-test-hivemq-platform] [hivemq-platform-operator] [d3bb76c6] 18:41:17.948 [pool-6-thread-40] DEBUG c.h.p.o.dependants.PodInfoConfigMap - [helmlega] Desired PodInfo ConfigMap (2 extensions) (1 enabled)
2025-01-29 18:41:17,953 INFO c.h.h.t.HelmChartContainer - [hivemq-test-hivemq-platform] [hivemq-platform-operator] [d3bb76c6] 18:41:17.948 [pool-6-thread-40] DEBUG c.h.p.o.dependants.PodInfoConfigMap - [helmlega] Desired PodInfo ConfigMap (metrics port: 9399) (metrics path: /)
2025-01-29 18:41:17,953 INFO c.h.h.t.HelmChartContainer - [hivemq-test-hivemq-platform] [hivemq-platform-operator] [d3bb76c6] 18:41:17.948 [pool-6-thread-40] DEBUG c.h.p.o.dependants.PodInfoConfigMap - [helmlega] Desired PodInfo ConfigMap (extension state hash: -1203431371)
2025-01-29 18:41:17,964 INFO c.h.h.t.HelmChartContainer - [hivemq-test-hivemq-platform] [hivemq-platform-operator] [d3bb76c6] 18:41:17.951 [pool-6-thread-39] DEBUG c.h.p.o.d.StatefulSetResource - [helmlega] Desired StatefulSet (2 replicas) for status ROLLING_RESTART (RESTART_PODS_IN_PROGRESS)
2025-01-29 18:41:17,978 INFO c.h.h.t.HelmChartContainer - [hivemq-test-hivemq-platform] [hivemq-platform-operator] [d3bb76c6] 18:41:17.955 [ReconcilerExecutor-hivemq-controller-137] INFO  c.h.p.o.HiveMQPlatformReconciler - [helmlega] Reconciling HiveMQ Platform 'test-hivemq-legacy-platform' in namespace 'helmlegacystatefulsetmigrationit-operator'
2025-01-29 18:41:17,978 INFO c.h.h.t.HelmChartContainer - [hivemq-test-hivemq-platform] [hivemq-platform-operator] [d3bb76c6] 18:41:17.955 [ReconcilerExecutor-hivemq-controller-137] DEBUG c.h.p.o.HiveMQPlatformReconciler - [helmlega] Custom Resource Status ROLLING_RESTART - HiveMQ Platform is restarting Pods (rolling restart) (RESTART_PODS_IN_PROGRESS)
2025-01-29 18:41:17,978 INFO c.h.h.t.HelmChartContainer - [hivemq-test-hivemq-platform] [hivemq-platform-operator] [d3bb76c6] 18:41:17.955 [ReconcilerExecutor-hivemq-controller-137] DEBUG c.h.p.o.HiveMQPlatformReconciler - [helmlega] Custom Resource Spec (replicas: 1) (extensions: 2)
2025-01-29 18:41:17,978 INFO c.h.h.t.HelmChartContainer - [hivemq-test-hivemq-platform] [hivemq-platform-operator] [d3bb76c6] 18:41:17.957 [ReconcilerExecutor-hivemq-controller-137] DEBUG c.h.p.o.HiveMQPlatformReconciler - [helmlega] StatefulSet Status (revision: test-hivemq-legacy-platform-65df8dcb7f, replicas: 2, available: 1, ready: 1, current: 2, updated: 2)
2025-01-29 18:41:17,979 INFO c.h.h.t.HelmChartContainer - [hivemq-test-hivemq-platform] [hivemq-platform-operator] [d3bb76c6] 18:41:17.957 [ReconcilerExecutor-hivemq-controller-137] DEBUG c.h.p.o.HiveMQPlatformReconciler - [helmlega] StatefulSet Spec (replicas: 2, init containers: 1, containers: 1, volumes: 6)
2025-01-29 18:41:17,979 INFO c.h.h.t.HelmChartContainer - [hivemq-test-hivemq-platform] [hivemq-platform-operator] [d3bb76c6] 18:41:17.959 [ReconcilerExecutor-hivemq-controller-137] DEBUG c.h.p.o.h.HiveMQPlatformReconcilerErrorHandler - [helmlega] Pod 'test-hivemq-legacy-platform-1' phase Running
2025-01-29 18:41:17,979 INFO c.h.h.t.HelmChartContainer - [hivemq-test-hivemq-platform] [hivemq-platform-operator] [d3bb76c6] 18:41:17.962 [ReconcilerExecutor-hivemq-controller-137] DEBUG c.h.p.o.h.HiveMQPlatformReconcilerErrorHandler - [helmlega] Pod 'test-hivemq-legacy-platform-0' phase Pending
2025-01-29 18:41:17,979 INFO c.h.h.t.HelmChartContainer - [hivemq-test-hivemq-platform] [hivemq-platform-operator] [d3bb76c6] 18:41:17.962 [ReconcilerExecutor-hivemq-controller-137] DEBUG c.h.p.o.h.HiveMQPlatformReconcilerErrorHandler - [helmlega] Pod 'test-hivemq-legacy-platform-0' condition 'PodReadyToStartContainers': True
2025-01-29 18:41:17,979 INFO c.h.h.t.HelmChartContainer - [hivemq-test-hivemq-platform] [hivemq-platform-operator] [d3bb76c6] 18:41:17.962 [ReconcilerExecutor-hivemq-controller-137] DEBUG c.h.p.o.h.HiveMQPlatformReconcilerErrorHandler - [helmlega] Pod 'test-hivemq-legacy-platform-0' condition 'Initialized': True
2025-01-29 18:41:17,979 INFO c.h.h.t.HelmChartContainer - [hivemq-test-hivemq-platform] [hivemq-platform-operator] [d3bb76c6] 18:41:17.962 [ReconcilerExecutor-hivemq-controller-137] DEBUG c.h.p.o.h.HiveMQPlatformReconcilerErrorHandler - [helmlega] Pod 'test-hivemq-legacy-platform-0' condition 'Ready': False
2025-01-29 18:41:17,979 INFO c.h.h.t.HelmChartContainer - [hivemq-test-hivemq-platform] [hivemq-platform-operator] [d3bb76c6] 18:41:17.962 [ReconcilerExecutor-hivemq-controller-137] DEBUG c.h.p.o.h.HiveMQPlatformReconcilerErrorHandler - [helmlega] Pod 'test-hivemq-legacy-platform-0' condition 'ContainersReady': False
2025-01-29 18:41:17,979 INFO c.h.h.t.HelmChartContainer - [hivemq-test-hivemq-platform] [hivemq-platform-operator] [d3bb76c6] 18:41:17.962 [ReconcilerExecutor-hivemq-controller-137] DEBUG c.h.p.o.h.HiveMQPlatformReconcilerErrorHandler - [helmlega] Pod 'test-hivemq-legacy-platform-0' condition 'PodScheduled': True
2025-01-29 18:41:17,979 INFO c.h.h.t.HelmChartContainer - [hivemq-test-hivemq-platform] [hivemq-platform-operator] [d3bb76c6] 18:41:17.962 [ReconcilerExecutor-hivemq-controller-137] DEBUG c.h.p.o.h.HiveMQPlatformReconcilerErrorHandler - [helmlega] Pod 'test-hivemq-legacy-platform-0' containerStatus 'hivemq' (started: false) (ready: false) (waiting: [PodInitializing] null)
2025-01-29 18:41:17,979 INFO c.h.h.t.HelmChartContainer - [hivemq-test-hivemq-platform] [hivemq-platform-operator] [d3bb76c6] 18:41:17.963 [ReconcilerExecutor-hivemq-controller-137] DEBUG c.h.p.o.h.HiveMQPlatformReconcilerRollingRestartHandler - [helmlega] Rolling restart is waiting for 1 of 2 replicas
2025-01-29 18:41:18,926 INFO c.h.h.t.HelmChartContainer - [POD] test-hivemq-legacy-platform-0 [0769f6a4-7e20-439f-82a8-d2823e1e8854] in helmlegacystatefulsetmigrationit-operator was MODIFIED
2025-01-29 18:41:18,933 INFO c.h.h.t.HelmChartContainer - [hivemq-test-hivemq-platform] [hivemq-platform-operator] [d3bb76c6] 18:41:18.931 [pool-6-thread-43] DEBUG c.h.p.o.d.PlatformServiceResource - [helmlega] Desired Platform services (4 services)
2025-01-29 18:41:18,933 INFO c.h.h.t.HelmChartContainer - [hivemq-test-hivemq-platform] [hivemq-platform-operator] [d3bb76c6] 18:41:18.931 [pool-6-thread-41] DEBUG c.h.p.o.dependants.PodInfoConfigMap - [helmlega] Desired PodInfo ConfigMap (2 extensions) (1 enabled)
2025-01-29 18:41:18,933 INFO c.h.h.t.HelmChartContainer - [hivemq-test-hivemq-platform] [hivemq-platform-operator] [d3bb76c6] 18:41:18.932 [pool-6-thread-41] DEBUG c.h.p.o.dependants.PodInfoConfigMap - [helmlega] Desired PodInfo ConfigMap (metrics port: 9399) (metrics path: /)
2025-01-29 18:41:18,933 INFO c.h.h.t.HelmChartContainer - [hivemq-test-hivemq-platform] [hivemq-platform-operator] [d3bb76c6] 18:41:18.932 [pool-6-thread-41] DEBUG c.h.p.o.dependants.PodInfoConfigMap - [helmlega] Desired PodInfo ConfigMap (extension state hash: -1203431371)
2025-01-29 18:41:18,938 INFO c.h.h.t.HelmChartContainer - [EVENT] Normal [Started] Started container hivemq [helmlegacystatefulsetmigrationit-operator:test-hivemq-legacy-platform-0]
2025-01-29 18:41:18,939 INFO c.h.h.t.HelmChartContainer - [hivemq-test-hivemq-platform] [hivemq-platform-operator] [d3bb76c6] 18:41:18.933 [pool-6-thread-41] DEBUG c.h.p.o.d.PodServiceAccountResource - [helmlega] Desired PodServiceAccountResource (serviceAccountName: hivemq-platform-pod-test-hivemq-legacy-platform)
2025-01-29 18:41:18,939 INFO c.h.h.t.HelmChartContainer - Received Started event for container hivemq in pod test-hivemq-legacy-platform-0 [0769f6a4-7e20-439f-82a8-d2823e1e8854]
2025-01-29 18:41:18,939 INFO c.h.h.t.HelmChartContainer - Started log watcher for hivemq in pod test-hivemq-legacy-platform-0 [0769f6a4-7e20-439f-82a8-d2823e1e8854]
2025-01-29 18:41:18,940 INFO c.h.h.t.HelmChartContainer - [test-hivemq-legacy-platform] [hivemq] [0769f6a4] Adding pre-installed HiveMQ Platform Operator extensions
2025-01-29 18:41:18,940 INFO c.h.h.t.HelmChartContainer - [test-hivemq-legacy-platform] [hivemq] [0769f6a4] Running as user 10000
2025-01-29 18:41:18,940 INFO c.h.h.t.HelmChartContainer - [test-hivemq-legacy-platform] [hivemq] [0769f6a4] Starting HiveMQ Platform Operator Init
2025-01-29 18:41:18,942 INFO c.h.h.t.HelmChartContainer - [hivemq-test-hivemq-platform] [hivemq-platform-operator] [d3bb76c6] 18:41:18.939 [pool-6-thread-43] DEBUG c.h.p.o.d.StatefulSetResource - [helmlega] Desired StatefulSet (2 replicas) for status ROLLING_RESTART (RESTART_PODS_IN_PROGRESS)
2025-01-29 18:41:18,944 INFO c.h.h.t.HelmChartContainer - [hivemq-test-hivemq-platform] [hivemq-platform-operator] [d3bb76c6] 18:41:18.943 [ReconcilerExecutor-hivemq-controller-138] INFO  c.h.p.o.HiveMQPlatformReconciler - [helmlega] Reconciling HiveMQ Platform 'test-hivemq-legacy-platform' in namespace 'helmlegacystatefulsetmigrationit-operator'
2025-01-29 18:41:18,944 INFO c.h.h.t.HelmChartContainer - [hivemq-test-hivemq-platform] [hivemq-platform-operator] [d3bb76c6] 18:41:18.943 [ReconcilerExecutor-hivemq-controller-138] DEBUG c.h.p.o.HiveMQPlatformReconciler - [helmlega] Custom Resource Status ROLLING_RESTART - HiveMQ Platform is restarting Pods (rolling restart) (RESTART_PODS_IN_PROGRESS)
2025-01-29 18:41:18,944 INFO c.h.h.t.HelmChartContainer - [hivemq-test-hivemq-platform] [hivemq-platform-operator] [d3bb76c6] 18:41:18.943 [ReconcilerExecutor-hivemq-controller-138] DEBUG c.h.p.o.HiveMQPlatformReconciler - [helmlega] Custom Resource Spec (replicas: 1) (extensions: 2)
2025-01-29 18:41:18,947 INFO c.h.h.t.HelmChartContainer - [hivemq-test-hivemq-platform] [hivemq-platform-operator] [d3bb76c6] 18:41:18.945 [ReconcilerExecutor-hivemq-controller-138] DEBUG c.h.p.o.HiveMQPlatformReconciler - [helmlega] StatefulSet Status (revision: test-hivemq-legacy-platform-65df8dcb7f, replicas: 2, available: 1, ready: 1, current: 2, updated: 2)
2025-01-29 18:41:18,947 INFO c.h.h.t.HelmChartContainer - [hivemq-test-hivemq-platform] [hivemq-platform-operator] [d3bb76c6] 18:41:18.946 [ReconcilerExecutor-hivemq-controller-138] DEBUG c.h.p.o.HiveMQPlatformReconciler - [helmlega] StatefulSet Spec (replicas: 2, init containers: 1, containers: 1, volumes: 6)
2025-01-29 18:41:18,948 INFO c.h.h.t.HelmChartContainer - [hivemq-test-hivemq-platform] [hivemq-platform-operator] [d3bb76c6] 18:41:18.947 [ReconcilerExecutor-hivemq-controller-138] DEBUG c.h.p.o.h.HiveMQPlatformReconcilerErrorHandler - [helmlega] Pod 'test-hivemq-legacy-platform-1' phase Running
2025-01-29 18:41:18,950 INFO c.h.h.t.HelmChartContainer - [hivemq-test-hivemq-platform] [hivemq-platform-operator] [d3bb76c6] 18:41:18.949 [ReconcilerExecutor-hivemq-controller-138] DEBUG c.h.p.o.h.HiveMQPlatformReconcilerErrorHandler - [helmlega] Pod 'test-hivemq-legacy-platform-0' phase Running
2025-01-29 18:41:18,951 INFO c.h.h.t.HelmChartContainer - [hivemq-test-hivemq-platform] [hivemq-platform-operator] [d3bb76c6] 18:41:18.949 [ReconcilerExecutor-hivemq-controller-138] DEBUG c.h.p.o.h.HiveMQPlatformReconcilerRollingRestartHandler - [helmlega] Rolling restart is waiting for 1 of 2 replicas
2025-01-29 18:41:19,298 INFO c.h.h.t.HelmChartContainer - [test-hivemq-legacy-platform] [hivemq] [0769f6a4] INFO  - [HiveMQ Platform Operator Init 1.7.0-SNAPSHOT] HiveMQ Platform Operator Init 1.7.0-SNAPSHOT (commit: b1b9591 on branch: HEAD) built on Wed Jan 29 18:32:18 UTC 2025
2025-01-29 18:41:20,509 INFO c.h.h.t.HelmChartContainer - [test-hivemq-legacy-platform] [hivemq] [0769f6a4] INFO  - [HiveMQ Platform Operator Init App 1.7.0-SNAPSHOT] Using bind address 10.42.0.12 from environment variable
2025-01-29 18:41:21,502 INFO c.h.h.t.HelmChartContainer - [test-hivemq-legacy-platform] [hivemq] [0769f6a4] INFO  - [HiveMQ Platform Operator Init App 1.7.0-SNAPSHOT] HiveMQ Platform Operator Init App 1.7.0-SNAPSHOT (commit: b1b9591 on branch: HEAD) built on Wed Jan 29 18:32:18 UTC 2025
2025-01-29 18:41:21,502 INFO c.h.h.t.HelmChartContainer - [test-hivemq-legacy-platform] [hivemq] [0769f6a4] INFO  - [HiveMQ Platform Operator Init App 1.7.0-SNAPSHOT] PodInfo ConfigMap directory: /etc/podinfo
2025-01-29 18:41:21,502 INFO c.h.h.t.HelmChartContainer - [test-hivemq-legacy-platform] [hivemq] [0769f6a4] INFO  - [HiveMQ Platform Operator Init App 1.7.0-SNAPSHOT] HiveMQ home directory: /opt/hivemq
2025-01-29 18:41:21,502 INFO c.h.h.t.HelmChartContainer - [test-hivemq-legacy-platform] [hivemq] [0769f6a4] INFO  - [HiveMQ Platform Operator Init App 1.7.0-SNAPSHOT] HiveMQ Logback folder: /opt/hivemq/conf
2025-01-29 18:41:21,502 INFO c.h.h.t.HelmChartContainer - [test-hivemq-legacy-platform] [hivemq] [0769f6a4] INFO  - [HiveMQ Platform Operator Init App 1.7.0-SNAPSHOT] HiveMQ Config folder: /opt/hivemq/conf-k8s
2025-01-29 18:41:21,502 INFO c.h.h.t.HelmChartContainer - [test-hivemq-legacy-platform] [hivemq] [0769f6a4] INFO  - [HiveMQ Platform Operator Init App 1.7.0-SNAPSHOT] Starting HiveMQ Platform Operator Init App
2025-01-29 18:41:21,502 INFO c.h.h.t.HelmChartContainer - [test-hivemq-legacy-platform] [hivemq] [0769f6a4] INFO  - [HiveMQ Platform Operator Init App 1.7.0-SNAPSHOT] Starting Pod reconciler
2025-01-29 18:41:22,702 INFO c.h.h.t.HelmChartContainer - [test-hivemq-legacy-platform] [hivemq] [0769f6a4] INFO  - [HiveMQ Platform Operator Init App 1.7.0-SNAPSHOT] Pod reconciler is scheduled (interval: 5000 ms)
2025-01-29 18:41:22,703 INFO c.h.h.t.HelmChartContainer - [test-hivemq-legacy-platform] [hivemq] [0769f6a4] INFO  - [HiveMQ Platform Operator Init App 1.7.0-SNAPSHOT] Starting the REST API on 10.42.0.12:7979
2025-01-29 18:41:22,706 INFO c.h.h.t.HelmChartContainer - [test-hivemq-legacy-platform] [hivemq] [0769f6a4] INFO  - [HiveMQ Platform Operator Init App 1.7.0-SNAPSHOT] Waiting up to 600s for at most 2 HiveMQ nodes in cluster service hivemq-test-hivemq-legacy-platform-cluster.helmlegacystatefulsetmigrationit-operator.svc
2025-01-29 18:41:23,043 INFO c.h.h.t.HelmChartContainer - [test-hivemq-legacy-platform] [hivemq] [0769f6a4] INFO  - [HiveMQ Platform Operator Init App 1.7.0-SNAPSHOT] Resolved 2 IP addresses: [10.42.0.12, 10.42.0.11]
2025-01-29 18:41:23,043 INFO c.h.h.t.HelmChartContainer - [test-hivemq-legacy-platform] [hivemq] [0769f6a4] INFO  - [HiveMQ Platform Operator Init App 1.7.0-SNAPSHOT] HiveMQ node count of 2 is within threshold of 2
2025-01-29 18:41:23,043 INFO c.h.h.t.HelmChartContainer - [test-hivemq-legacy-platform] [hivemq] [0769f6a4] INFO  - [HiveMQ Platform Operator Init App 1.7.0-SNAPSHOT] Waiting 15s for previous shutdown replication to finish...
2025-01-29 18:41:24,927 INFO c.h.h.t.HelmChartContainer - [test-hivemq-legacy-platform] [hivemq] [0769f6a4] INFO  - [HiveMQ Platform Operator Init App 1.7.0-SNAPSHOT] Returning default Health API response 503 for readiness
2025-01-29 18:41:25,013 INFO c.h.h.t.HelmChartContainer - [EVENT] Warning [Unhealthy] Readiness probe failed: HTTP probe failed with statuscode: 503 [helmlegacystatefulsetmigrationit-operator:test-hivemq-legacy-platform-0]
2025-01-29 18:41:25,013 INFO c.h.h.t.HelmChartContainer - Received Unhealthy event for container hivemq in pod test-hivemq-legacy-platform-0 [0769f6a4-7e20-439f-82a8-d2823e1e8854]
2025-01-29 18:41:28,959 INFO c.h.h.t.HelmChartContainer - [hivemq-test-hivemq-platform] [hivemq-platform-operator] [d3bb76c6] 18:41:28.956 [pool-6-thread-2] DEBUG c.h.p.o.d.PlatformServiceResource - [helmlega] Desired Platform services (4 services)
2025-01-29 18:41:28,959 INFO c.h.h.t.HelmChartContainer - [hivemq-test-hivemq-platform] [hivemq-platform-operator] [d3bb76c6] 18:41:28.956 [pool-6-thread-1] DEBUG c.h.p.o.dependants.PodInfoConfigMap - [helmlega] Desired PodInfo ConfigMap (2 extensions) (1 enabled)
2025-01-29 18:41:28,960 INFO c.h.h.t.HelmChartContainer - [hivemq-test-hivemq-platform] [hivemq-platform-operator] [d3bb76c6] 18:41:28.956 [pool-6-thread-1] DEBUG c.h.p.o.dependants.PodInfoConfigMap - [helmlega] Desired PodInfo ConfigMap (metrics port: 9399) (metrics path: /)
2025-01-29 18:41:28,960 INFO c.h.h.t.HelmChartContainer - [hivemq-test-hivemq-platform] [hivemq-platform-operator] [d3bb76c6] 18:41:28.956 [pool-6-thread-1] DEBUG c.h.p.o.dependants.PodInfoConfigMap - [helmlega] Desired PodInfo ConfigMap (extension state hash: -1203431371)
2025-01-29 18:41:28,960 INFO c.h.h.t.HelmChartContainer - [hivemq-test-hivemq-platform] [hivemq-platform-operator] [d3bb76c6] 18:41:28.958 [pool-6-thread-1] DEBUG c.h.p.o.d.PodServiceAccountResource - [helmlega] Desired PodServiceAccountResource (serviceAccountName: hivemq-platform-pod-test-hivemq-legacy-platform)
2025-01-29 18:41:28,963 INFO c.h.h.t.HelmChartContainer - [hivemq-test-hivemq-platform] [hivemq-platform-operator] [d3bb76c6] 18:41:28.963 [pool-6-thread-1] DEBUG c.h.p.o.d.StatefulSetResource - [helmlega] Desired StatefulSet (2 replicas) for status ROLLING_RESTART (RESTART_PODS_IN_PROGRESS)
2025-01-29 18:41:28,967 INFO c.h.h.t.HelmChartContainer - [hivemq-test-hivemq-platform] [hivemq-platform-operator] [d3bb76c6] 18:41:28.966 [ReconcilerExecutor-hivemq-controller-139] INFO  c.h.p.o.HiveMQPlatformReconciler - [helmlega] Reconciling HiveMQ Platform 'test-hivemq-legacy-platform' in namespace 'helmlegacystatefulsetmigrationit-operator'
2025-01-29 18:41:28,967 INFO c.h.h.t.HelmChartContainer - [hivemq-test-hivemq-platform] [hivemq-platform-operator] [d3bb76c6] 18:41:28.967 [ReconcilerExecutor-hivemq-controller-139] DEBUG c.h.p.o.HiveMQPlatformReconciler - [helmlega] Custom Resource Status ROLLING_RESTART - HiveMQ Platform is restarting Pods (rolling restart) (RESTART_PODS_IN_PROGRESS)
2025-01-29 18:41:28,967 INFO c.h.h.t.HelmChartContainer - [hivemq-test-hivemq-platform] [hivemq-platform-operator] [d3bb76c6] 18:41:28.967 [ReconcilerExecutor-hivemq-controller-139] DEBUG c.h.p.o.HiveMQPlatformReconciler - [helmlega] Custom Resource Spec (replicas: 1) (extensions: 2)
2025-01-29 18:41:28,969 INFO c.h.h.t.HelmChartContainer - [hivemq-test-hivemq-platform] [hivemq-platform-operator] [d3bb76c6] 18:41:28.968 [ReconcilerExecutor-hivemq-controller-139] DEBUG c.h.p.o.HiveMQPlatformReconciler - [helmlega] StatefulSet Status (revision: test-hivemq-legacy-platform-65df8dcb7f, replicas: 2, available: 1, ready: 1, current: 2, updated: 2)
2025-01-29 18:41:28,969 INFO c.h.h.t.HelmChartContainer - [hivemq-test-hivemq-platform] [hivemq-platform-operator] [d3bb76c6] 18:41:28.968 [ReconcilerExecutor-hivemq-controller-139] DEBUG c.h.p.o.HiveMQPlatformReconciler - [helmlega] StatefulSet Spec (replicas: 2, init containers: 1, containers: 1, volumes: 6)
2025-01-29 18:41:28,971 INFO c.h.h.t.HelmChartContainer - [hivemq-test-hivemq-platform] [hivemq-platform-operator] [d3bb76c6] 18:41:28.970 [ReconcilerExecutor-hivemq-controller-139] DEBUG c.h.p.o.h.HiveMQPlatformReconcilerErrorHandler - [helmlega] Pod 'test-hivemq-legacy-platform-1' phase Running
2025-01-29 18:41:28,973 INFO c.h.h.t.HelmChartContainer - [hivemq-test-hivemq-platform] [hivemq-platform-operator] [d3bb76c6] 18:41:28.972 [ReconcilerExecutor-hivemq-controller-139] DEBUG c.h.p.o.h.HiveMQPlatformReconcilerErrorHandler - [helmlega] Pod 'test-hivemq-legacy-platform-0' phase Running
2025-01-29 18:41:28,973 INFO c.h.h.t.HelmChartContainer - [hivemq-test-hivemq-platform] [hivemq-platform-operator] [d3bb76c6] 18:41:28.972 [ReconcilerExecutor-hivemq-controller-139] DEBUG c.h.p.o.h.HiveMQPlatformReconcilerRollingRestartHandler - [helmlega] Rolling restart is waiting for 1 of 2 replicas
2025-01-29 18:41:30,003 INFO c.h.h.t.HelmChartContainer - [EVENT] Warning [Unhealthy] Readiness probe failed: HTTP probe failed with statuscode: 503 [helmlegacystatefulsetmigrationit-operator:test-hivemq-legacy-platform-0]
2025-01-29 18:41:30,003 INFO c.h.h.t.HelmChartContainer - Received Unhealthy event for container hivemq in pod test-hivemq-legacy-platform-0 [0769f6a4-7e20-439f-82a8-d2823e1e8854]
2025-01-29 18:41:30,007 INFO c.h.h.t.HelmChartContainer - [test-hivemq-legacy-platform] [hivemq] [0769f6a4] INFO  - [HiveMQ Platform Operator Init App 1.7.0-SNAPSHOT] Updating Pod HiveMQ Platform Operator Init App version annotation (version: 1.7.0-SNAPSHOT)
2025-01-29 18:41:30,408 INFO c.h.h.t.HelmChartContainer - [POD] test-hivemq-legacy-platform-0 [0769f6a4-7e20-439f-82a8-d2823e1e8854] in helmlegacystatefulsetmigrationit-operator was MODIFIED
2025-01-29 18:41:30,411 INFO c.h.h.t.HelmChartContainer - [EVENT] Warning [Unhealthy] Readiness probe failed: HTTP probe failed with statuscode: 503 [helmlegacystatefulsetmigrationit-operator:test-hivemq-legacy-platform-0]
2025-01-29 18:41:30,411 INFO c.h.h.t.HelmChartContainer - Received Unhealthy event for container hivemq in pod test-hivemq-legacy-platform-0 [0769f6a4-7e20-439f-82a8-d2823e1e8854]
2025-01-29 18:41:30,417 INFO c.h.h.t.HelmChartContainer - [hivemq-test-hivemq-platform] [hivemq-platform-operator] [d3bb76c6] 18:41:30.414 [pool-6-thread-11] DEBUG c.h.p.o.d.PlatformServiceResource - [helmlega] Desired Platform services (4 services)
2025-01-29 18:41:30,417 INFO c.h.h.t.HelmChartContainer - [hivemq-test-hivemq-platform] [hivemq-platform-operator] [d3bb76c6] 18:41:30.416 [pool-6-thread-19] DEBUG c.h.p.o.dependants.PodInfoConfigMap - [helmlega] Desired PodInfo ConfigMap (2 extensions) (1 enabled)
2025-01-29 18:41:30,418 INFO c.h.h.t.HelmChartContainer - [hivemq-test-hivemq-platform] [hivemq-platform-operator] [d3bb76c6] 18:41:30.417 [pool-6-thread-19] DEBUG c.h.p.o.dependants.PodInfoConfigMap - [helmlega] Desired PodInfo ConfigMap (metrics port: 9399) (metrics path: /)
2025-01-29 18:41:30,418 INFO c.h.h.t.HelmChartContainer - [hivemq-test-hivemq-platform] [hivemq-platform-operator] [d3bb76c6] 18:41:30.417 [pool-6-thread-19] DEBUG c.h.p.o.dependants.PodInfoConfigMap - [helmlega] Desired PodInfo ConfigMap (extension state hash: -1203431371)
2025-01-29 18:41:30,419 INFO c.h.h.t.HelmChartContainer - [hivemq-test-hivemq-platform] [hivemq-platform-operator] [d3bb76c6] 18:41:30.416 [pool-6-thread-17] DEBUG c.h.p.o.d.PodServiceAccountResource - [helmlega] Desired PodServiceAccountResource (serviceAccountName: hivemq-platform-pod-test-hivemq-legacy-platform)
2025-01-29 18:41:30,422 INFO c.h.h.t.HelmChartContainer - [hivemq-test-hivemq-platform] [hivemq-platform-operator] [d3bb76c6] 18:41:30.422 [pool-6-thread-11] DEBUG c.h.p.o.d.StatefulSetResource - [helmlega] Desired StatefulSet (2 replicas) for status ROLLING_RESTART (RESTART_PODS_IN_PROGRESS)
2025-01-29 18:41:30,426 INFO c.h.h.t.HelmChartContainer - [hivemq-test-hivemq-platform] [hivemq-platform-operator] [d3bb76c6] 18:41:30.425 [ReconcilerExecutor-hivemq-controller-140] INFO  c.h.p.o.HiveMQPlatformReconciler - [helmlega] Reconciling HiveMQ Platform 'test-hivemq-legacy-platform' in namespace 'helmlegacystatefulsetmigrationit-operator'
2025-01-29 18:41:30,427 INFO c.h.h.t.HelmChartContainer - [hivemq-test-hivemq-platform] [hivemq-platform-operator] [d3bb76c6] 18:41:30.425 [ReconcilerExecutor-hivemq-controller-140] DEBUG c.h.p.o.HiveMQPlatformReconciler - [helmlega] Custom Resource Status ROLLING_RESTART - HiveMQ Platform is restarting Pods (rolling restart) (RESTART_PODS_IN_PROGRESS)
2025-01-29 18:41:30,427 INFO c.h.h.t.HelmChartContainer - [hivemq-test-hivemq-platform] [hivemq-platform-operator] [d3bb76c6] 18:41:30.425 [ReconcilerExecutor-hivemq-controller-140] DEBUG c.h.p.o.HiveMQPlatformReconciler - [helmlega] Custom Resource Spec (replicas: 1) (extensions: 2)
2025-01-29 18:41:30,428 INFO c.h.h.t.HelmChartContainer - [hivemq-test-hivemq-platform] [hivemq-platform-operator] [d3bb76c6] 18:41:30.427 [ReconcilerExecutor-hivemq-controller-140] DEBUG c.h.p.o.HiveMQPlatformReconciler - [helmlega] StatefulSet Status (revision: test-hivemq-legacy-platform-65df8dcb7f, replicas: 2, available: 1, ready: 1, current: 2, updated: 2)
2025-01-29 18:41:30,429 INFO c.h.h.t.HelmChartContainer - [hivemq-test-hivemq-platform] [hivemq-platform-operator] [d3bb76c6] 18:41:30.427 [ReconcilerExecutor-hivemq-controller-140] DEBUG c.h.p.o.HiveMQPlatformReconciler - [helmlega] StatefulSet Spec (replicas: 2, init containers: 1, containers: 1, volumes: 6)
2025-01-29 18:41:30,441 INFO c.h.h.t.HelmChartContainer - [hivemq-test-hivemq-platform] [hivemq-platform-operator] [d3bb76c6] 18:41:30.440 [ReconcilerExecutor-hivemq-controller-140] DEBUG c.h.p.o.h.HiveMQPlatformReconcilerErrorHandler - [helmlega] Pod 'test-hivemq-legacy-platform-1' phase Running
2025-01-29 18:41:30,444 INFO c.h.h.t.HelmChartContainer - [hivemq-test-hivemq-platform] [hivemq-platform-operator] [d3bb76c6] 18:41:30.443 [ReconcilerExecutor-hivemq-controller-140] DEBUG c.h.p.o.h.HiveMQPlatformReconcilerErrorHandler - [helmlega] Pod 'test-hivemq-legacy-platform-0' phase Running
2025-01-29 18:41:30,445 INFO c.h.h.t.HelmChartContainer - [hivemq-test-hivemq-platform] [hivemq-platform-operator] [d3bb76c6] 18:41:30.444 [ReconcilerExecutor-hivemq-controller-140] DEBUG c.h.p.o.h.HiveMQPlatformReconcilerRollingRestartHandler - [helmlega] Rolling restart is waiting for 1 of 2 replicas
2025-01-29 18:41:30,446 INFO c.h.h.t.HelmChartContainer - [test-hivemq-legacy-platform] [hivemq] [0769f6a4] INFO  - [HiveMQ Platform Operator Init App 1.7.0-SNAPSHOT] Successfully updated Pod HiveMQ Platform Operator Init App version annotation (version: 1.7.0-SNAPSHOT)
2025-01-29 18:41:35,409 INFO c.h.h.t.HelmChartContainer - [EVENT] Warning [Unhealthy] Readiness probe failed: HTTP probe failed with statuscode: 503 [helmlegacystatefulsetmigrationit-operator:test-hivemq-legacy-platform-0]
2025-01-29 18:41:35,409 INFO c.h.h.t.HelmChartContainer - Received Unhealthy event for container hivemq in pod test-hivemq-legacy-platform-0 [0769f6a4-7e20-439f-82a8-d2823e1e8854]
2025-01-29 18:41:38,043 INFO c.h.h.t.HelmChartContainer - [test-hivemq-legacy-platform] [hivemq] [0769f6a4] INFO  - [HiveMQ Platform Operator Init App 1.7.0-SNAPSHOT] Proceeding with container start
2025-01-29 18:41:38,046 INFO c.h.h.t.HelmChartContainer - [test-hivemq-legacy-platform] [hivemq] [0769f6a4] INFO  - [HiveMQ Platform Operator Init App 1.7.0-SNAPSHOT] Initializing HiveMQ Platform extensions with initial configuration: {hivemq-allow-all-extension={start-priority=-1, skip-https-hostname-verification=false, restart=true, config-version=0, header-version=0, c-uri=, priority=-1, uri=preinstalled, skip-https-certificate-validation=false, enabled=false}, hivemq-enterprise-security-extension={start-priority=-1, skip-https-hostname-verification=false, restart=true, config-version=740, header-version=0, c-uri=, priority=-1, uri=preinstalled, skip-https-certificate-validation=false, enabled=true}, hivemq-prometheus-extension={priority=-1, start-priority=-1, c-uri=, skip-https-hostname-verification=false, skip-https-certificate-validation=false, uri=preinstalled, request-header-path=no-request-headers, enabled=true, restart=true}}
2025-01-29 18:41:38,048 INFO c.h.h.t.HelmChartContainer - [test-hivemq-legacy-platform] [hivemq] [0769f6a4] INFO  - [HiveMQ Platform Operator Init App 1.7.0-SNAPSHOT] Successfully disabled extension hivemq-allow-all-extension
2025-01-29 18:41:38,457 INFO c.h.h.t.HelmChartContainer - [test-hivemq-legacy-platform] [hivemq] [0769f6a4] INFO  - [HiveMQ Platform Operator Init App 1.7.0-SNAPSHOT] Successfully enabled extension hivemq-enterprise-security-extension
2025-01-29 18:41:38,547 INFO c.h.h.t.HelmChartContainer - [test-hivemq-legacy-platform] [hivemq] [0769f6a4] INFO  - [HiveMQ Platform Operator Init App 1.7.0-SNAPSHOT] Successfully enabled extension hivemq-prometheus-extension
2025-01-29 18:41:38,548 INFO c.h.h.t.HelmChartContainer - [test-hivemq-legacy-platform] [hivemq] [0769f6a4] INFO  - [HiveMQ Platform Operator Init App 1.7.0-SNAPSHOT] Starting HiveMQ Platform version 4.36.0 (4.36.0)
2025-01-29 18:41:38,548 INFO c.h.h.t.HelmChartContainer - [test-hivemq-legacy-platform] [hivemq] [0769f6a4] INFO  - [HiveMQ Platform Operator Init App 1.7.0-SNAPSHOT] Configuring the HiveMQ Platform
2025-01-29 18:41:38,557 INFO c.h.h.t.HelmChartContainer - [test-hivemq-legacy-platform] [hivemq] [0769f6a4] INFO  - [HiveMQ Platform Operator Init App 1.7.0-SNAPSHOT] Changed logback.xml file scan period to 20 seconds
2025-01-29 18:41:38,654 INFO c.h.h.t.HelmChartContainer - [test-hivemq-legacy-platform] [hivemq] [0769f6a4] INFO  - [HiveMQ Platform Operator Init App 1.7.0-SNAPSHOT] Starting the HiveMQ Platform
2025-01-29 18:41:38,656 INFO c.h.h.t.HelmChartContainer - [test-hivemq-legacy-platform] [hivemq] [0769f6a4] -------------------------------------------------------------------------
2025-01-29 18:41:38,658 INFO c.h.h.t.HelmChartContainer - [test-hivemq-legacy-platform] [hivemq] [0769f6a4] 
2025-01-29 18:41:38,658 INFO c.h.h.t.HelmChartContainer - [test-hivemq-legacy-platform] [hivemq] [0769f6a4]                   _    _  _              __  __   ____
2025-01-29 18:41:38,658 INFO c.h.h.t.HelmChartContainer - [test-hivemq-legacy-platform] [hivemq] [0769f6a4]                  | |  | |(_)            |  \/  | / __ \
2025-01-29 18:41:38,658 INFO c.h.h.t.HelmChartContainer - [test-hivemq-legacy-platform] [hivemq] [0769f6a4]                  | |__| | _ __   __ ___ | \  / || |  | |
2025-01-29 18:41:38,658 INFO c.h.h.t.HelmChartContainer - [test-hivemq-legacy-platform] [hivemq] [0769f6a4]                  |  __  || |\ \ / // _ \| |\/| || |  | |
2025-01-29 18:41:38,658 INFO c.h.h.t.HelmChartContainer - [test-hivemq-legacy-platform] [hivemq] [0769f6a4]                  | |  | || | \ V /|  __/| |  | || |__| |
2025-01-29 18:41:38,659 INFO c.h.h.t.HelmChartContainer - [test-hivemq-legacy-platform] [hivemq] [0769f6a4]                  |_|  |_||_|  \_/  \___||_|  |_| \___\_\
2025-01-29 18:41:38,659 INFO c.h.h.t.HelmChartContainer - [test-hivemq-legacy-platform] [hivemq] [0769f6a4] 
2025-01-29 18:41:38,659 INFO c.h.h.t.HelmChartContainer - [test-hivemq-legacy-platform] [hivemq] [0769f6a4] -------------------------------------------------------------------------
2025-01-29 18:41:38,659 INFO c.h.h.t.HelmChartContainer - [test-hivemq-legacy-platform] [hivemq] [0769f6a4] 
2025-01-29 18:41:38,659 INFO c.h.h.t.HelmChartContainer - [test-hivemq-legacy-platform] [hivemq] [0769f6a4]   HiveMQ Start Script for Linux/Unix v1.14
2025-01-29 18:41:38,659 INFO c.h.h.t.HelmChartContainer - [test-hivemq-legacy-platform] [hivemq] [0769f6a4] 
2025-01-29 18:41:38,768 INFO c.h.h.t.HelmChartContainer - [test-hivemq-legacy-platform] [hivemq] [0769f6a4] -------------------------------------------------------------------------
2025-01-29 18:41:38,768 INFO c.h.h.t.HelmChartContainer - [test-hivemq-legacy-platform] [hivemq] [0769f6a4] 
2025-01-29 18:41:38,768 INFO c.h.h.t.HelmChartContainer - [test-hivemq-legacy-platform] [hivemq] [0769f6a4]   HIVEMQ_HOME: /opt/hivemq
2025-01-29 18:41:38,768 INFO c.h.h.t.HelmChartContainer - [test-hivemq-legacy-platform] [hivemq] [0769f6a4] 
2025-01-29 18:41:38,768 INFO c.h.h.t.HelmChartContainer - [test-hivemq-legacy-platform] [hivemq] [0769f6a4]   JAVA_OPTS: -XX:+UnlockExperimentalVMOptions -XX:InitialRAMPercentage=50 -XX:MaxRAMPercentage=50 -Djava.net.preferIPv4Stack=true --add-opens java.base/java.lang=ALL-UNNAMED --add-opens java.base/java.nio=ALL-UNNAMED --add-opens java.base/sun.nio.ch=ALL-UNNAMED --add-opens jdk.management/com.sun.management.internal=ALL-UNNAMED --add-exports java.base/jdk.internal.misc=ALL-UNNAMED -Djava.security.egd=file:/dev/./urandom -Dcom.sun.management.jmxremote -Dcom.sun.management.jmxremote.port=9010 -Dcom.sun.management.jmxremote.local.only=false -Dcom.sun.management.jmxremote.authenticate=false -Dcom.sun.management.jmxremote.ssl=false -Duser.language=en -Duser.region=US -XX:+CrashOnOutOfMemoryError -XX:+HeapDumpOnOutOfMemoryError
2025-01-29 18:41:38,768 INFO c.h.h.t.HelmChartContainer - [test-hivemq-legacy-platform] [hivemq] [0769f6a4] 
2025-01-29 18:41:38,768 INFO c.h.h.t.HelmChartContainer - [test-hivemq-legacy-platform] [hivemq] [0769f6a4]   JAVA_VERSION: 21
2025-01-29 18:41:38,768 INFO c.h.h.t.HelmChartContainer - [test-hivemq-legacy-platform] [hivemq] [0769f6a4] 
2025-01-29 18:41:38,768 INFO c.h.h.t.HelmChartContainer - [test-hivemq-legacy-platform] [hivemq] [0769f6a4] -------------------------------------------------------------------------
2025-01-29 18:41:38,768 INFO c.h.h.t.HelmChartContainer - [test-hivemq-legacy-platform] [hivemq] [0769f6a4] 
2025-01-29 18:41:40,448 INFO c.h.h.t.HelmChartContainer - [EVENT] Warning [Unhealthy] Readiness probe failed: HTTP probe failed with statuscode: 503 [helmlegacystatefulsetmigrationit-operator:test-hivemq-legacy-platform-0]
2025-01-29 18:41:40,448 INFO c.h.h.t.HelmChartContainer - Received Unhealthy event for container hivemq in pod test-hivemq-legacy-platform-0 [0769f6a4-7e20-439f-82a8-d2823e1e8854]
2025-01-29 18:41:40,450 INFO c.h.h.t.HelmChartContainer - [hivemq-test-hivemq-platform] [hivemq-platform-operator] [d3bb76c6] 18:41:40.449 [pool-6-thread-25] DEBUG c.h.p.o.d.PlatformServiceResource - [helmlega] Desired Platform services (4 services)
2025-01-29 18:41:40,452 INFO c.h.h.t.HelmChartContainer - [hivemq-test-hivemq-platform] [hivemq-platform-operator] [d3bb76c6] 18:41:40.451 [pool-6-thread-27] DEBUG c.h.p.o.d.PodServiceAccountResource - [helmlega] Desired PodServiceAccountResource (serviceAccountName: hivemq-platform-pod-test-hivemq-legacy-platform)
2025-01-29 18:41:40,455 INFO c.h.h.t.HelmChartContainer - [hivemq-test-hivemq-platform] [hivemq-platform-operator] [d3bb76c6] 18:41:40.453 [pool-6-thread-23] DEBUG c.h.p.o.dependants.PodInfoConfigMap - [helmlega] Desired PodInfo ConfigMap (2 extensions) (1 enabled)
2025-01-29 18:41:40,457 INFO c.h.h.t.HelmChartContainer - [hivemq-test-hivemq-platform] [hivemq-platform-operator] [d3bb76c6] 18:41:40.453 [pool-6-thread-23] DEBUG c.h.p.o.dependants.PodInfoConfigMap - [helmlega] Desired PodInfo ConfigMap (metrics port: 9399) (metrics path: /)
2025-01-29 18:41:40,457 INFO c.h.h.t.HelmChartContainer - [hivemq-test-hivemq-platform] [hivemq-platform-operator] [d3bb76c6] 18:41:40.453 [pool-6-thread-23] DEBUG c.h.p.o.dependants.PodInfoConfigMap - [helmlega] Desired PodInfo ConfigMap (extension state hash: -1203431371)
2025-01-29 18:41:40,463 INFO c.h.h.t.HelmChartContainer - [hivemq-test-hivemq-platform] [hivemq-platform-operator] [d3bb76c6] 18:41:40.461 [pool-6-thread-28] DEBUG c.h.p.o.d.StatefulSetResource - [helmlega] Desired StatefulSet (2 replicas) for status ROLLING_RESTART (RESTART_PODS_IN_PROGRESS)
2025-01-29 18:41:40,468 INFO c.h.h.t.HelmChartContainer - [hivemq-test-hivemq-platform] [hivemq-platform-operator] [d3bb76c6] 18:41:40.464 [ReconcilerExecutor-hivemq-controller-141] INFO  c.h.p.o.HiveMQPlatformReconciler - [helmlega] Reconciling HiveMQ Platform 'test-hivemq-legacy-platform' in namespace 'helmlegacystatefulsetmigrationit-operator'
2025-01-29 18:41:40,470 INFO c.h.h.t.HelmChartContainer - [hivemq-test-hivemq-platform] [hivemq-platform-operator] [d3bb76c6] 18:41:40.464 [ReconcilerExecutor-hivemq-controller-141] DEBUG c.h.p.o.HiveMQPlatformReconciler - [helmlega] Custom Resource Status ROLLING_RESTART - HiveMQ Platform is restarting Pods (rolling restart) (RESTART_PODS_IN_PROGRESS)
2025-01-29 18:41:40,470 INFO c.h.h.t.HelmChartContainer - [hivemq-test-hivemq-platform] [hivemq-platform-operator] [d3bb76c6] 18:41:40.464 [ReconcilerExecutor-hivemq-controller-141] DEBUG c.h.p.o.HiveMQPlatformReconciler - [helmlega] Custom Resource Spec (replicas: 1) (extensions: 2)
2025-01-29 18:41:40,470 INFO c.h.h.t.HelmChartContainer - [hivemq-test-hivemq-platform] [hivemq-platform-operator] [d3bb76c6] 18:41:40.466 [ReconcilerExecutor-hivemq-controller-141] DEBUG c.h.p.o.HiveMQPlatformReconciler - [helmlega] StatefulSet Status (revision: test-hivemq-legacy-platform-65df8dcb7f, replicas: 2, available: 1, ready: 1, current: 2, updated: 2)
2025-01-29 18:41:40,470 INFO c.h.h.t.HelmChartContainer - [hivemq-test-hivemq-platform] [hivemq-platform-operator] [d3bb76c6] 18:41:40.466 [ReconcilerExecutor-hivemq-controller-141] DEBUG c.h.p.o.HiveMQPlatformReconciler - [helmlega] StatefulSet Spec (replicas: 2, init containers: 1, containers: 1, volumes: 6)
2025-01-29 18:41:40,470 INFO c.h.h.t.HelmChartContainer - [hivemq-test-hivemq-platform] [hivemq-platform-operator] [d3bb76c6] 18:41:40.467 [ReconcilerExecutor-hivemq-controller-141] DEBUG c.h.p.o.h.HiveMQPlatformReconcilerErrorHandler - [helmlega] Pod 'test-hivemq-legacy-platform-1' phase Running
2025-01-29 18:41:40,470 INFO c.h.h.t.HelmChartContainer - [hivemq-test-hivemq-platform] [hivemq-platform-operator] [d3bb76c6] 18:41:40.468 [ReconcilerExecutor-hivemq-controller-141] DEBUG c.h.p.o.h.HiveMQPlatformReconcilerErrorHandler - [helmlega] Pod 'test-hivemq-legacy-platform-0' phase Running
2025-01-29 18:41:40,470 INFO c.h.h.t.HelmChartContainer - [hivemq-test-hivemq-platform] [hivemq-platform-operator] [d3bb76c6] 18:41:40.469 [ReconcilerExecutor-hivemq-controller-141] DEBUG c.h.p.o.h.HiveMQPlatformReconcilerRollingRestartHandler - [helmlega] Rolling restart is waiting for 1 of 2 replicas
2025-01-29 18:41:41,549 INFO c.h.h.t.HelmChartContainer - [test-hivemq-legacy-platform] [hivemq] [0769f6a4] INFO  - Starting HiveMQ Enterprise Server
2025-01-29 18:41:41,555 INFO c.h.h.t.HelmChartContainer - [test-hivemq-legacy-platform] [hivemq] [0769f6a4] INFO  - HiveMQ version: 4.36.0
2025-01-29 18:41:41,555 INFO c.h.h.t.HelmChartContainer - [test-hivemq-legacy-platform] [hivemq] [0769f6a4] INFO  - HiveMQ home directory: /opt/hivemq
2025-01-29 18:41:41,555 INFO c.h.h.t.HelmChartContainer - [test-hivemq-legacy-platform] [hivemq] [0769f6a4] INFO  - Log Configuration was overridden by /opt/hivemq/conf/logback.xml
2025-01-29 18:41:42,761 INFO c.h.h.t.HelmChartContainer - [test-hivemq-legacy-platform] [hivemq] [0769f6a4] INFO  - Successfully loaded configuration from '/opt/hivemq/conf-k8s/config.xml'.
2025-01-29 18:41:43,059 INFO c.h.h.t.HelmChartContainer - [test-hivemq-legacy-platform] [hivemq] [0769f6a4] INFO  - This node's ID is 3sw9u
2025-01-29 18:41:43,345 INFO c.h.h.t.HelmChartContainer - [test-hivemq-legacy-platform] [hivemq] [0769f6a4] INFO  - Clustering is enabled
2025-01-29 18:41:45,945 INFO c.h.h.t.HelmChartContainer - [test-hivemq-legacy-platform] [hivemq] [0769f6a4] WARN  - [HiveMQ Platform Operator Init App 1.7.0-SNAPSHOT] Cannot connect to Health API for readiness: null
2025-01-29 18:41:45,956 INFO c.h.h.t.HelmChartContainer - [EVENT] Warning [Unhealthy] Readiness probe failed: HTTP probe failed with statuscode: 503 [helmlegacystatefulsetmigrationit-operator:test-hivemq-legacy-platform-0]
2025-01-29 18:41:45,956 INFO c.h.h.t.HelmChartContainer - Received Unhealthy event for container hivemq in pod test-hivemq-legacy-platform-0 [0769f6a4-7e20-439f-82a8-d2823e1e8854]
2025-01-29 18:41:47,346 INFO c.h.h.t.HelmChartContainer - [test-hivemq-legacy-platform] [hivemq] [0769f6a4] WARN  - [HiveMQ Platform Operator Init App 1.7.0-SNAPSHOT] Cannot connect to Health API for liveness: null
2025-01-29 18:41:47,346 INFO c.h.h.t.HelmChartContainer - [test-hivemq-legacy-platform] [hivemq] [0769f6a4] INFO  - [HiveMQ Platform Operator Init App 1.7.0-SNAPSHOT] Returning default Health API response 200 for liveness
2025-01-29 18:41:50,446 INFO c.h.h.t.HelmChartContainer - [test-hivemq-legacy-platform] [hivemq] [0769f6a4] WARN  - [HiveMQ Platform Operator Init App 1.7.0-SNAPSHOT] Cannot connect to Health API for readiness: null
2025-01-29 18:41:50,478 INFO c.h.h.t.HelmChartContainer - [hivemq-test-hivemq-platform] [hivemq-platform-operator] [d3bb76c6] 18:41:50.473 [pool-6-thread-40] DEBUG c.h.p.o.d.PodServiceAccountResource - [helmlega] Desired PodServiceAccountResource (serviceAccountName: hivemq-platform-pod-test-hivemq-legacy-platform)
2025-01-29 18:41:50,478 INFO c.h.h.t.HelmChartContainer - [hivemq-test-hivemq-platform] [hivemq-platform-operator] [d3bb76c6] 18:41:50.473 [pool-6-thread-37] DEBUG c.h.p.o.dependants.PodInfoConfigMap - [helmlega] Desired PodInfo ConfigMap (2 extensions) (1 enabled)
2025-01-29 18:41:50,478 INFO c.h.h.t.HelmChartContainer - [hivemq-test-hivemq-platform] [hivemq-platform-operator] [d3bb76c6] 18:41:50.473 [pool-6-thread-33] DEBUG c.h.p.o.d.PlatformServiceResource - [helmlega] Desired Platform services (4 services)
2025-01-29 18:41:50,478 INFO c.h.h.t.HelmChartContainer - [hivemq-test-hivemq-platform] [hivemq-platform-operator] [d3bb76c6] 18:41:50.474 [pool-6-thread-37] DEBUG c.h.p.o.dependants.PodInfoConfigMap - [helmlega] Desired PodInfo ConfigMap (metrics port: 9399) (metrics path: /)
2025-01-29 18:41:50,478 INFO c.h.h.t.HelmChartContainer - [hivemq-test-hivemq-platform] [hivemq-platform-operator] [d3bb76c6] 18:41:50.474 [pool-6-thread-37] DEBUG c.h.p.o.dependants.PodInfoConfigMap - [helmlega] Desired PodInfo ConfigMap (extension state hash: -1203431371)
2025-01-29 18:41:50,479 INFO c.h.h.t.HelmChartContainer - [EVENT] Warning [Unhealthy] Readiness probe failed: HTTP probe failed with statuscode: 503 [helmlegacystatefulsetmigrationit-operator:test-hivemq-legacy-platform-0]
2025-01-29 18:41:50,479 INFO c.h.h.t.HelmChartContainer - Received Unhealthy event for container hivemq in pod test-hivemq-legacy-platform-0 [0769f6a4-7e20-439f-82a8-d2823e1e8854]
2025-01-29 18:41:50,481 INFO c.h.h.t.HelmChartContainer - [hivemq-test-hivemq-platform] [hivemq-platform-operator] [d3bb76c6] 18:41:50.480 [pool-6-thread-33] DEBUG c.h.p.o.d.StatefulSetResource - [helmlega] Desired StatefulSet (2 replicas) for status ROLLING_RESTART (RESTART_PODS_IN_PROGRESS)
2025-01-29 18:41:50,486 INFO c.h.h.t.HelmChartContainer - [hivemq-test-hivemq-platform] [hivemq-platform-operator] [d3bb76c6] 18:41:50.484 [ReconcilerExecutor-hivemq-controller-142] INFO  c.h.p.o.HiveMQPlatformReconciler - [helmlega] Reconciling HiveMQ Platform 'test-hivemq-legacy-platform' in namespace 'helmlegacystatefulsetmigrationit-operator'
2025-01-29 18:41:50,486 INFO c.h.h.t.HelmChartContainer - [hivemq-test-hivemq-platform] [hivemq-platform-operator] [d3bb76c6] 18:41:50.484 [ReconcilerExecutor-hivemq-controller-142] DEBUG c.h.p.o.HiveMQPlatformReconciler - [helmlega] Custom Resource Status ROLLING_RESTART - HiveMQ Platform is restarting Pods (rolling restart) (RESTART_PODS_IN_PROGRESS)
2025-01-29 18:41:50,486 INFO c.h.h.t.HelmChartContainer - [hivemq-test-hivemq-platform] [hivemq-platform-operator] [d3bb76c6] 18:41:50.484 [ReconcilerExecutor-hivemq-controller-142] DEBUG c.h.p.o.HiveMQPlatformReconciler - [helmlega] Custom Resource Spec (replicas: 1) (extensions: 2)
2025-01-29 18:41:50,488 INFO c.h.h.t.HelmChartContainer - [hivemq-test-hivemq-platform] [hivemq-platform-operator] [d3bb76c6] 18:41:50.487 [ReconcilerExecutor-hivemq-controller-142] DEBUG c.h.p.o.HiveMQPlatformReconciler - [helmlega] StatefulSet Status (revision: test-hivemq-legacy-platform-65df8dcb7f, replicas: 2, available: 1, ready: 1, current: 2, updated: 2)
2025-01-29 18:41:50,488 INFO c.h.h.t.HelmChartContainer - [hivemq-test-hivemq-platform] [hivemq-platform-operator] [d3bb76c6] 18:41:50.487 [ReconcilerExecutor-hivemq-controller-142] DEBUG c.h.p.o.HiveMQPlatformReconciler - [helmlega] StatefulSet Spec (replicas: 2, init containers: 1, containers: 1, volumes: 6)
2025-01-29 18:41:50,491 INFO c.h.h.t.HelmChartContainer - [hivemq-test-hivemq-platform] [hivemq-platform-operator] [d3bb76c6] 18:41:50.489 [ReconcilerExecutor-hivemq-controller-142] DEBUG c.h.p.o.h.HiveMQPlatformReconcilerErrorHandler - [helmlega] Pod 'test-hivemq-legacy-platform-1' phase Running
2025-01-29 18:41:50,492 INFO c.h.h.t.HelmChartContainer - [hivemq-test-hivemq-platform] [hivemq-platform-operator] [d3bb76c6] 18:41:50.491 [ReconcilerExecutor-hivemq-controller-142] DEBUG c.h.p.o.h.HiveMQPlatformReconcilerErrorHandler - [helmlega] Pod 'test-hivemq-legacy-platform-0' phase Running
2025-01-29 18:41:50,493 INFO c.h.h.t.HelmChartContainer - [hivemq-test-hivemq-platform] [hivemq-platform-operator] [d3bb76c6] 18:41:50.491 [ReconcilerExecutor-hivemq-controller-142] DEBUG c.h.p.o.h.HiveMQPlatformReconcilerRollingRestartHandler - [helmlega] Rolling restart is waiting for 1 of 2 replicas
2025-01-29 18:41:53,780 INFO c.h.h.t.HelmChartContainer - [K3S] [range_allocator.go:247] "Successfully synced" key="b7418fb8ab78"
2025-01-29 18:41:55,447 INFO c.h.h.t.HelmChartContainer - [test-hivemq-legacy-platform] [hivemq] [0769f6a4] WARN  - [HiveMQ Platform Operator Init App 1.7.0-SNAPSHOT] Cannot connect to Health API for readiness: null
2025-01-29 18:41:55,494 INFO c.h.h.t.HelmChartContainer - [EVENT] Warning [Unhealthy] Readiness probe failed: HTTP probe failed with statuscode: 503 [helmlegacystatefulsetmigrationit-operator:test-hivemq-legacy-platform-0]
2025-01-29 18:41:55,494 INFO c.h.h.t.HelmChartContainer - Received Unhealthy event for container hivemq in pod test-hivemq-legacy-platform-0 [0769f6a4-7e20-439f-82a8-d2823e1e8854]
2025-01-29 18:41:58,896 INFO c.h.h.t.HelmChartContainer - [test-hivemq-legacy-platform] [hivemq] [0769f6a4] INFO  - No valid license file found. Using trial license, restricted to 25 connections.
2025-01-29 18:42:00,490 INFO c.h.h.t.HelmChartContainer - [test-hivemq-legacy-platform] [hivemq] [0769f6a4] WARN  - [HiveMQ Platform Operator Init App 1.7.0-SNAPSHOT] Cannot connect to Health API for readiness: null
2025-01-29 18:42:00,494 INFO c.h.h.t.HelmChartContainer - [EVENT] Warning [Unhealthy] Readiness probe failed: HTTP probe failed with statuscode: 503 [helmlegacystatefulsetmigrationit-operator:test-hivemq-legacy-platform-0]
2025-01-29 18:42:00,494 INFO c.h.h.t.HelmChartContainer - Received Unhealthy event for container hivemq in pod test-hivemq-legacy-platform-0 [0769f6a4-7e20-439f-82a8-d2823e1e8854]
2025-01-29 18:42:00,499 INFO c.h.h.t.HelmChartContainer - [hivemq-test-hivemq-platform] [hivemq-platform-operator] [d3bb76c6] 18:42:00.497 [pool-6-thread-50] DEBUG c.h.p.o.d.PlatformServiceResource - [helmlega] Desired Platform services (4 services)
2025-01-29 18:42:00,499 INFO c.h.h.t.HelmChartContainer - [hivemq-test-hivemq-platform] [hivemq-platform-operator] [d3bb76c6] 18:42:00.497 [pool-6-thread-41] DEBUG c.h.p.o.dependants.PodInfoConfigMap - [helmlega] Desired PodInfo ConfigMap (2 extensions) (1 enabled)
2025-01-29 18:42:00,499 INFO c.h.h.t.HelmChartContainer - [hivemq-test-hivemq-platform] [hivemq-platform-operator] [d3bb76c6] 18:42:00.497 [pool-6-thread-41] DEBUG c.h.p.o.dependants.PodInfoConfigMap - [helmlega] Desired PodInfo ConfigMap (metrics port: 9399) (metrics path: /)
2025-01-29 18:42:00,499 INFO c.h.h.t.HelmChartContainer - [hivemq-test-hivemq-platform] [hivemq-platform-operator] [d3bb76c6] 18:42:00.497 [pool-6-thread-41] DEBUG c.h.p.o.dependants.PodInfoConfigMap - [helmlega] Desired PodInfo ConfigMap (extension state hash: -1203431371)
2025-01-29 18:42:00,502 INFO c.h.h.t.HelmChartContainer - [hivemq-test-hivemq-platform] [hivemq-platform-operator] [d3bb76c6] 18:42:00.501 [pool-6-thread-45] DEBUG c.h.p.o.d.PodServiceAccountResource - [helmlega] Desired PodServiceAccountResource (serviceAccountName: hivemq-platform-pod-test-hivemq-legacy-platform)
2025-01-29 18:42:00,507 INFO c.h.h.t.HelmChartContainer - [hivemq-test-hivemq-platform] [hivemq-platform-operator] [d3bb76c6] 18:42:00.504 [pool-6-thread-50] DEBUG c.h.p.o.d.StatefulSetResource - [helmlega] Desired StatefulSet (2 replicas) for status ROLLING_RESTART (RESTART_PODS_IN_PROGRESS)
2025-01-29 18:42:00,507 INFO c.h.h.t.HelmChartContainer - [hivemq-test-hivemq-platform] [hivemq-platform-operator] [d3bb76c6] 18:42:00.507 [ReconcilerExecutor-hivemq-controller-143] INFO  c.h.p.o.HiveMQPlatformReconciler - [helmlega] Reconciling HiveMQ Platform 'test-hivemq-legacy-platform' in namespace 'helmlegacystatefulsetmigrationit-operator'
2025-01-29 18:42:00,508 INFO c.h.h.t.HelmChartContainer - [hivemq-test-hivemq-platform] [hivemq-platform-operator] [d3bb76c6] 18:42:00.507 [ReconcilerExecutor-hivemq-controller-143] DEBUG c.h.p.o.HiveMQPlatformReconciler - [helmlega] Custom Resource Status ROLLING_RESTART - HiveMQ Platform is restarting Pods (rolling restart) (RESTART_PODS_IN_PROGRESS)
2025-01-29 18:42:00,508 INFO c.h.h.t.HelmChartContainer - [hivemq-test-hivemq-platform] [hivemq-platform-operator] [d3bb76c6] 18:42:00.507 [ReconcilerExecutor-hivemq-controller-143] DEBUG c.h.p.o.HiveMQPlatformReconciler - [helmlega] Custom Resource Spec (replicas: 1) (extensions: 2)
2025-01-29 18:42:00,509 INFO c.h.h.t.HelmChartContainer - [hivemq-test-hivemq-platform] [hivemq-platform-operator] [d3bb76c6] 18:42:00.508 [ReconcilerExecutor-hivemq-controller-143] DEBUG c.h.p.o.HiveMQPlatformReconciler - [helmlega] StatefulSet Status (revision: test-hivemq-legacy-platform-65df8dcb7f, replicas: 2, available: 1, ready: 1, current: 2, updated: 2)
2025-01-29 18:42:00,510 INFO c.h.h.t.HelmChartContainer - [hivemq-test-hivemq-platform] [hivemq-platform-operator] [d3bb76c6] 18:42:00.508 [ReconcilerExecutor-hivemq-controller-143] DEBUG c.h.p.o.HiveMQPlatformReconciler - [helmlega] StatefulSet Spec (replicas: 2, init containers: 1, containers: 1, volumes: 6)
2025-01-29 18:42:00,510 INFO c.h.h.t.HelmChartContainer - [hivemq-test-hivemq-platform] [hivemq-platform-operator] [d3bb76c6] 18:42:00.509 [ReconcilerExecutor-hivemq-controller-143] DEBUG c.h.p.o.h.HiveMQPlatformReconcilerErrorHandler - [helmlega] Pod 'test-hivemq-legacy-platform-1' phase Running
2025-01-29 18:42:00,512 INFO c.h.h.t.HelmChartContainer - [hivemq-test-hivemq-platform] [hivemq-platform-operator] [d3bb76c6] 18:42:00.510 [ReconcilerExecutor-hivemq-controller-143] DEBUG c.h.p.o.h.HiveMQPlatformReconcilerErrorHandler - [helmlega] Pod 'test-hivemq-legacy-platform-0' phase Running
2025-01-29 18:42:00,512 INFO c.h.h.t.HelmChartContainer - [hivemq-test-hivemq-platform] [hivemq-platform-operator] [d3bb76c6] 18:42:00.511 [ReconcilerExecutor-hivemq-controller-143] DEBUG c.h.p.o.h.HiveMQPlatformReconcilerRollingRestartHandler - [helmlega] Rolling restart is waiting for 1 of 2 replicas
2025-01-29 18:42:02,947 INFO c.h.h.t.HelmChartContainer - [test-hivemq-legacy-platform] [hivemq] [0769f6a4] INFO  - No valid license file for Data Hub found. Using free license, restricted to 1 policy.
2025-01-29 18:42:04,145 INFO c.h.h.t.HelmChartContainer - [test-hivemq-legacy-platform] [hivemq] [0769f6a4] INFO  - Audit Logger started.
2025-01-29 18:42:04,444 INFO c.h.h.t.HelmChartContainer - [test-hivemq-legacy-platform] [hivemq] [0769f6a4] INFO  - This node uses '1' CPU cores.
2025-01-29 18:42:04,449 INFO c.h.h.t.HelmChartContainer - [test-hivemq-legacy-platform] [hivemq] [0769f6a4] INFO  - Starting HiveMQ Health API on address 0.0.0.0 and port 8889
2025-01-29 18:42:05,292 INFO c.h.h.t.HelmChartContainer - [test-hivemq-legacy-platform] [hivemq] [0769f6a4] INFO  - Started HiveMQ Health API in 843ms
2025-01-29 18:42:06,449 INFO c.h.h.t.HelmChartContainer - [EVENT] Warning [Unhealthy] Readiness probe failed: Get "http://10.42.0.12:7979/readiness": context deadline exceeded (Client.Timeout exceeded while awaiting headers) [helmlegacystatefulsetmigrationit-operator:test-hivemq-legacy-platform-0]
2025-01-29 18:42:06,449 INFO c.h.h.t.HelmChartContainer - Received Unhealthy event for container hivemq in pod test-hivemq-legacy-platform-0 [0769f6a4-7e20-439f-82a8-d2823e1e8854]
2025-01-29 18:42:06,500 INFO c.h.h.t.HelmChartContainer - [test-hivemq-legacy-platform] [hivemq] [0769f6a4] INFO  - [HiveMQ Platform Operator Init App 1.7.0-SNAPSHOT] Returning Health API response 503 for readiness
2025-01-29 18:42:06,745 INFO c.h.h.t.HelmChartContainer - [test-hivemq-legacy-platform] [hivemq] [0769f6a4] INFO  - Starting HiveMQ extension system.
2025-01-29 18:42:09,297 INFO c.h.h.t.HelmChartContainer - [test-hivemq-legacy-platform] [hivemq] [0769f6a4] INFO  - No license found for enterprise extension with name "HiveMQ Enterprise Security Extension". Entering extension trial mode. "HiveMQ Enterprise Security Extension" will be disabled in 5 hours.
2025-01-29 18:42:09,547 INFO c.h.h.t.HelmChartContainer - [test-hivemq-legacy-platform] [hivemq] [0769f6a4] INFO  - Starting extension with id "hivemq-dns-cluster-discovery" at /opt/hivemq/extensions/hivemq-dns-cluster-discovery
2025-01-29 18:42:10,045 INFO c.h.h.t.HelmChartContainer - [test-hivemq-legacy-platform] [hivemq] [0769f6a4] INFO  - Extension "DNS Cluster Discovery Extension" version 4.3.2 started successfully.
2025-01-29 18:42:10,045 INFO c.h.h.t.HelmChartContainer - [test-hivemq-legacy-platform] [hivemq] [0769f6a4] INFO  - Starting extension with id "hivemq-enterprise-security-extension" at /opt/hivemq/extensions/hivemq-enterprise-security-extension
2025-01-29 18:42:10,194 INFO c.h.h.t.HelmChartContainer - [test-hivemq-legacy-platform] [hivemq] [0769f6a4] INFO  - Using TCP cluster transport on address 10.42.0.12 and port 7000
2025-01-29 18:42:10,291 INFO c.h.h.t.HelmChartContainer - [test-hivemq-legacy-platform] [hivemq] [0769f6a4] INFO  - Using extension cluster discovery
2025-01-29 18:42:10,516 INFO c.h.h.t.HelmChartContainer - [hivemq-test-hivemq-platform] [hivemq-platform-operator] [d3bb76c6] 18:42:10.514 [pool-6-thread-5] DEBUG c.h.p.o.d.PlatformServiceResource - [helmlega] Desired Platform services (4 services)
2025-01-29 18:42:10,516 INFO c.h.h.t.HelmChartContainer - [hivemq-test-hivemq-platform] [hivemq-platform-operator] [d3bb76c6] 18:42:10.515 [pool-6-thread-7] DEBUG c.h.p.o.d.PodServiceAccountResource - [helmlega] Desired PodServiceAccountResource (serviceAccountName: hivemq-platform-pod-test-hivemq-legacy-platform)
2025-01-29 18:42:10,519 INFO c.h.h.t.HelmChartContainer - [hivemq-test-hivemq-platform] [hivemq-platform-operator] [d3bb76c6] 18:42:10.517 [pool-6-thread-10] DEBUG c.h.p.o.dependants.PodInfoConfigMap - [helmlega] Desired PodInfo ConfigMap (2 extensions) (1 enabled)
2025-01-29 18:42:10,520 INFO c.h.h.t.HelmChartContainer - [hivemq-test-hivemq-platform] [hivemq-platform-operator] [d3bb76c6] 18:42:10.517 [pool-6-thread-10] DEBUG c.h.p.o.dependants.PodInfoConfigMap - [helmlega] Desired PodInfo ConfigMap (metrics port: 9399) (metrics path: /)
2025-01-29 18:42:10,520 INFO c.h.h.t.HelmChartContainer - [hivemq-test-hivemq-platform] [hivemq-platform-operator] [d3bb76c6] 18:42:10.517 [pool-6-thread-10] DEBUG c.h.p.o.dependants.PodInfoConfigMap - [helmlega] Desired PodInfo ConfigMap (extension state hash: -1203431371)
2025-01-29 18:42:10,521 INFO c.h.h.t.HelmChartContainer - [hivemq-test-hivemq-platform] [hivemq-platform-operator] [d3bb76c6] 18:42:10.520 [pool-6-thread-5] DEBUG c.h.p.o.d.StatefulSetResource - [helmlega] Desired StatefulSet (2 replicas) for status ROLLING_RESTART (RESTART_PODS_IN_PROGRESS)
2025-01-29 18:42:10,524 INFO c.h.h.t.HelmChartContainer - [hivemq-test-hivemq-platform] [hivemq-platform-operator] [d3bb76c6] 18:42:10.523 [ReconcilerExecutor-hivemq-controller-144] INFO  c.h.p.o.HiveMQPlatformReconciler - [helmlega] Reconciling HiveMQ Platform 'test-hivemq-legacy-platform' in namespace 'helmlegacystatefulsetmigrationit-operator'
2025-01-29 18:42:10,524 INFO c.h.h.t.HelmChartContainer - [hivemq-test-hivemq-platform] [hivemq-platform-operator] [d3bb76c6] 18:42:10.523 [ReconcilerExecutor-hivemq-controller-144] DEBUG c.h.p.o.HiveMQPlatformReconciler - [helmlega] Custom Resource Status ROLLING_RESTART - HiveMQ Platform is restarting Pods (rolling restart) (RESTART_PODS_IN_PROGRESS)
2025-01-29 18:42:10,524 INFO c.h.h.t.HelmChartContainer - [hivemq-test-hivemq-platform] [hivemq-platform-operator] [d3bb76c6] 18:42:10.523 [ReconcilerExecutor-hivemq-controller-144] DEBUG c.h.p.o.HiveMQPlatformReconciler - [helmlega] Custom Resource Spec (replicas: 1) (extensions: 2)
2025-01-29 18:42:10,528 INFO c.h.h.t.HelmChartContainer - [hivemq-test-hivemq-platform] [hivemq-platform-operator] [d3bb76c6] 18:42:10.525 [ReconcilerExecutor-hivemq-controller-144] DEBUG c.h.p.o.HiveMQPlatformReconciler - [helmlega] StatefulSet Status (revision: test-hivemq-legacy-platform-65df8dcb7f, replicas: 2, available: 1, ready: 1, current: 2, updated: 2)
2025-01-29 18:42:10,529 INFO c.h.h.t.HelmChartContainer - [hivemq-test-hivemq-platform] [hivemq-platform-operator] [d3bb76c6] 18:42:10.525 [ReconcilerExecutor-hivemq-controller-144] DEBUG c.h.p.o.HiveMQPlatformReconciler - [helmlega] StatefulSet Spec (replicas: 2, init containers: 1, containers: 1, volumes: 6)
2025-01-29 18:42:10,529 INFO c.h.h.t.HelmChartContainer - [hivemq-test-hivemq-platform] [hivemq-platform-operator] [d3bb76c6] 18:42:10.526 [ReconcilerExecutor-hivemq-controller-144] DEBUG c.h.p.o.h.HiveMQPlatformReconcilerErrorHandler - [helmlega] Pod 'test-hivemq-legacy-platform-1' phase Running
2025-01-29 18:42:10,529 INFO c.h.h.t.HelmChartContainer - [hivemq-test-hivemq-platform] [hivemq-platform-operator] [d3bb76c6] 18:42:10.528 [ReconcilerExecutor-hivemq-controller-144] DEBUG c.h.p.o.h.HiveMQPlatformReconcilerErrorHandler - [helmlega] Pod 'test-hivemq-legacy-platform-0' phase Running
2025-01-29 18:42:10,530 INFO c.h.h.t.HelmChartContainer - [hivemq-test-hivemq-platform] [hivemq-platform-operator] [d3bb76c6] 18:42:10.529 [ReconcilerExecutor-hivemq-controller-144] DEBUG c.h.p.o.h.HiveMQPlatformReconcilerRollingRestartHandler - [helmlega] Rolling restart is waiting for 1 of 2 replicas
2025-01-29 18:42:10,553 INFO c.h.h.t.HelmChartContainer - [EVENT] Warning [Unhealthy] Readiness probe failed: HTTP probe failed with statuscode: 503 [helmlegacystatefulsetmigrationit-operator:test-hivemq-legacy-platform-0]
2025-01-29 18:42:10,554 INFO c.h.h.t.HelmChartContainer - Received Unhealthy event for container hivemq in pod test-hivemq-legacy-platform-0 [0769f6a4-7e20-439f-82a8-d2823e1e8854]
2025-01-29 18:42:11,592 INFO c.h.h.t.HelmChartContainer - [test-hivemq-legacy-platform] [hivemq] [72aeed9e] INFO  - Cluster nodes found by discovery: [QqVXX|3] (2) [QqVXX, 3sw9u].
2025-01-29 18:42:11,648 INFO c.h.h.t.HelmChartContainer - [test-hivemq-legacy-platform] [hivemq] [0769f6a4] INFO  - Cluster nodes found by discovery: [QqVXX|3] (2) [QqVXX, 3sw9u].
2025-01-29 18:42:11,790 INFO c.h.h.t.HelmChartContainer - [test-hivemq-legacy-platform] [hivemq] [0769f6a4] WARN  - HiveMQ Enterprise Security Extension: The configuration file is placed at the legacy location '/opt/hivemq/extensions/hivemq-enterprise-security-extension/conf/enterprise-security-extension.xml'. Please move the configuration file to the new location '/opt/hivemq/extensions/hivemq-enterprise-security-extension/conf/config.xml'. Support for the legacy location will be removed in a future release.
2025-01-29 18:42:11,894 INFO c.h.h.t.HelmChartContainer - [test-hivemq-legacy-platform] [hivemq] [0769f6a4] INFO  - Cluster size = 1, members : [QqVXX].
2025-01-29 18:42:12,052 INFO c.h.h.t.HelmChartContainer - [test-hivemq-legacy-platform] [hivemq] [0769f6a4] INFO  - HiveMQ Enterprise Security Extension: Successfully loaded configuration from '/opt/hivemq/extensions/hivemq-enterprise-security-extension/conf/enterprise-security-extension.xml'.
2025-01-29 18:42:12,091 INFO c.h.h.t.HelmChartContainer - [test-hivemq-legacy-platform] [hivemq] [0769f6a4] INFO  - HiveMQ Enterprise Security Extension: Starting HiveMQ Enterprise Security Extension.
2025-01-29 18:42:12,390 INFO c.h.h.t.HelmChartContainer - [test-hivemq-legacy-platform] [hivemq] [0769f6a4] INFO  - Starting cluster join process. This may take a while. Please do not shut down HiveMQ.
2025-01-29 18:42:12,394 INFO c.h.h.t.HelmChartContainer - [test-hivemq-legacy-platform] [hivemq] [0769f6a4] INFO  - Cluster join process is still ongoing. Please do not shut down HiveMQ.
2025-01-29 18:42:12,447 INFO c.h.h.t.HelmChartContainer - [test-hivemq-legacy-platform] [hivemq] [0769f6a4] INFO  - HiveMQ Enterprise Security Extension: Access log is written to /opt/hivemq/log/access/access.log.
2025-01-29 18:42:12,947 INFO c.h.h.t.HelmChartContainer - [test-hivemq-legacy-platform] [hivemq] [0769f6a4] INFO  - HiveMQ Enterprise Security Extension: Started HiveMQ Enterprise Security Extension successfully in 2898ms.
2025-01-29 18:42:12,948 INFO c.h.h.t.HelmChartContainer - [test-hivemq-legacy-platform] [hivemq] [0769f6a4] INFO  - Extension "HiveMQ Enterprise Security Extension" version 4.36.0 started successfully.
2025-01-29 18:42:12,948 INFO c.h.h.t.HelmChartContainer - [test-hivemq-legacy-platform] [hivemq] [0769f6a4] INFO  - Starting extension with id "hivemq-prometheus-extension" at /opt/hivemq/extensions/hivemq-prometheus-extension
2025-01-29 18:42:13,350 INFO c.h.h.t.HelmChartContainer - [test-hivemq-legacy-platform] [hivemq] [0769f6a4] INFO  - Started Jetty Server exposing Prometheus Servlet on URI http://0.0.0.0:9399/
2025-01-29 18:42:13,351 INFO c.h.h.t.HelmChartContainer - [test-hivemq-legacy-platform] [hivemq] [0769f6a4] INFO  - Extension "Prometheus Monitoring Extension" version 4.0.12 started successfully.
2025-01-29 18:42:14,509 INFO c.h.h.t.HelmChartContainer - [test-hivemq-legacy-platform] [hivemq] [72aeed9e] INFO  - Cluster size = 2, members : [3sw9u, QqVXX].
2025-01-29 18:42:14,517 INFO c.h.h.t.HelmChartContainer - [test-hivemq-legacy-platform] [hivemq] [0769f6a4] INFO  - Cluster size = 2, members : [3sw9u, QqVXX].
2025-01-29 18:42:14,547 INFO c.h.h.t.HelmChartContainer - [test-hivemq-legacy-platform] [hivemq] [0769f6a4] INFO  - Finished cluster join process successfully.
2025-01-29 18:42:14,588 INFO c.h.h.t.HelmChartContainer - [test-hivemq-legacy-platform] [hivemq] [0769f6a4] INFO  - Starting HiveMQ REST API on address 0.0.0.0 and port 8888
2025-01-29 18:42:15,144 INFO c.h.h.t.HelmChartContainer - [test-hivemq-legacy-platform] [hivemq] [0769f6a4] INFO  - Started HiveMQ REST API in 555ms
2025-01-29 18:42:15,144 INFO c.h.h.t.HelmChartContainer - [test-hivemq-legacy-platform] [hivemq] [0769f6a4] WARN  - No user for HiveMQ Control Center configured. Starting with default user
2025-01-29 18:42:15,145 INFO c.h.h.t.HelmChartContainer - [test-hivemq-legacy-platform] [hivemq] [0769f6a4] INFO  - Starting HiveMQ Control Center on address 0.0.0.0 and port 8080
2025-01-29 18:42:15,148 INFO c.h.h.t.HelmChartContainer - [test-hivemq-legacy-platform] [hivemq] [0769f6a4] INFO  - Mounting HiveMQ Control Center V2 Preview
2025-01-29 18:42:15,494 INFO c.h.h.t.HelmChartContainer - [EVENT] Warning [Unhealthy] Readiness probe failed: HTTP probe failed with statuscode: 503 [helmlegacystatefulsetmigrationit-operator:test-hivemq-legacy-platform-0]
2025-01-29 18:42:15,494 INFO c.h.h.t.HelmChartContainer - Received Unhealthy event for container hivemq in pod test-hivemq-legacy-platform-0 [0769f6a4-7e20-439f-82a8-d2823e1e8854]
2025-01-29 18:42:15,892 INFO c.h.h.t.HelmChartContainer - [test-hivemq-legacy-platform] [hivemq] [0769f6a4] INFO  - Started HiveMQ Control Center in 747ms
2025-01-29 18:42:15,944 INFO c.h.h.t.HelmChartContainer - [test-hivemq-legacy-platform] [hivemq] [0769f6a4] INFO  - Starting TCP listener on address 0.0.0.0 and port 1883
2025-01-29 18:42:16,000 INFO c.h.h.t.HelmChartContainer - [test-hivemq-legacy-platform] [hivemq] [0769f6a4] INFO  - Started TCP Listener on address 0.0.0.0 and on port 1883.
2025-01-29 18:42:16,000 INFO c.h.h.t.HelmChartContainer - [test-hivemq-legacy-platform] [hivemq] [0769f6a4] INFO  - Started HiveMQ in 34844ms
2025-01-29 18:42:17,296 INFO c.h.h.t.HelmChartContainer - [test-hivemq-legacy-platform] [hivemq] [0769f6a4] INFO  - [HiveMQ Platform Operator Init App 1.7.0-SNAPSHOT] Returning Health API response 200 for liveness
2025-01-29 18:42:17,481 INFO c.h.h.t.HelmChartContainer - [K3S] [info.go:53] Couldn't collect info from any of the files in "/etc/machine-id,/var/lib/dbus/machine-id"
2025-01-29 18:42:20,408 INFO c.h.h.t.HelmChartContainer - [test-hivemq-legacy-platform] [hivemq] [0769f6a4] INFO  - [HiveMQ Platform Operator Init App 1.7.0-SNAPSHOT] Returning Health API response 200 for readiness
2025-01-29 18:42:20,425 INFO c.h.h.t.HelmChartContainer - [POD] test-hivemq-legacy-platform-0 [0769f6a4-7e20-439f-82a8-d2823e1e8854] in helmlegacystatefulsetmigrationit-operator was MODIFIED
2025-01-29 18:42:20,449 INFO c.h.h.t.HelmChartContainer - [hivemq-test-hivemq-platform] [hivemq-platform-operator] [d3bb76c6] 18:42:20.429 [pool-6-thread-13] DEBUG c.h.p.o.d.PlatformServiceResource - [helmlega] Desired Platform services (4 services)
2025-01-29 18:42:20,449 INFO c.h.h.t.HelmChartContainer - [hivemq-test-hivemq-platform] [hivemq-platform-operator] [d3bb76c6] 18:42:20.431 [pool-6-thread-15] DEBUG c.h.p.o.dependants.PodInfoConfigMap - [helmlega] Desired PodInfo ConfigMap (2 extensions) (1 enabled)
2025-01-29 18:42:20,449 INFO c.h.h.t.HelmChartContainer - [hivemq-test-hivemq-platform] [hivemq-platform-operator] [d3bb76c6] 18:42:20.434 [pool-6-thread-15] DEBUG c.h.p.o.dependants.PodInfoConfigMap - [helmlega] Desired PodInfo ConfigMap (metrics port: 9399) (metrics path: /)
2025-01-29 18:42:20,449 INFO c.h.h.t.HelmChartContainer - [hivemq-test-hivemq-platform] [hivemq-platform-operator] [d3bb76c6] 18:42:20.434 [pool-6-thread-15] DEBUG c.h.p.o.dependants.PodInfoConfigMap - [helmlega] Desired PodInfo ConfigMap (extension state hash: -1203431371)
2025-01-29 18:42:20,449 INFO c.h.h.t.HelmChartContainer - [hivemq-test-hivemq-platform] [hivemq-platform-operator] [d3bb76c6] 18:42:20.434 [pool-6-thread-18] DEBUG c.h.p.o.d.PodServiceAccountResource - [helmlega] Desired PodServiceAccountResource (serviceAccountName: hivemq-platform-pod-test-hivemq-legacy-platform)
2025-01-29 18:42:20,449 INFO c.h.h.t.HelmChartContainer - [hivemq-test-hivemq-platform] [hivemq-platform-operator] [d3bb76c6] 18:42:20.438 [pool-6-thread-15] DEBUG c.h.p.o.d.StatefulSetResource - [helmlega] Desired StatefulSet (2 replicas) for status ROLLING_RESTART (RESTART_PODS_IN_PROGRESS)
2025-01-29 18:42:20,450 INFO c.h.h.t.HelmChartContainer - [hivemq-test-hivemq-platform] [hivemq-platform-operator] [d3bb76c6] 18:42:20.442 [ReconcilerExecutor-hivemq-controller-145] INFO  c.h.p.o.HiveMQPlatformReconciler - [helmlega] Reconciling HiveMQ Platform 'test-hivemq-legacy-platform' in namespace 'helmlegacystatefulsetmigrationit-operator'
2025-01-29 18:42:20,451 INFO c.h.h.t.HelmChartContainer - [hivemq-test-hivemq-platform] [hivemq-platform-operator] [d3bb76c6] 18:42:20.442 [ReconcilerExecutor-hivemq-controller-145] DEBUG c.h.p.o.HiveMQPlatformReconciler - [helmlega] Custom Resource Status ROLLING_RESTART - HiveMQ Platform is restarting Pods (rolling restart) (RESTART_PODS_IN_PROGRESS)
2025-01-29 18:42:20,451 INFO c.h.h.t.HelmChartContainer - [hivemq-test-hivemq-platform] [hivemq-platform-operator] [d3bb76c6] 18:42:20.442 [ReconcilerExecutor-hivemq-controller-145] DEBUG c.h.p.o.HiveMQPlatformReconciler - [helmlega] Custom Resource Spec (replicas: 1) (extensions: 2)
2025-01-29 18:42:20,451 INFO c.h.h.t.HelmChartContainer - [hivemq-test-hivemq-platform] [hivemq-platform-operator] [d3bb76c6] 18:42:20.443 [ReconcilerExecutor-hivemq-controller-145] DEBUG c.h.p.o.HiveMQPlatformReconciler - [helmlega] StatefulSet Status (revision: test-hivemq-legacy-platform-65df8dcb7f, replicas: 2, available: 1, ready: 1, current: 2, updated: 2)
2025-01-29 18:42:20,451 INFO c.h.h.t.HelmChartContainer - [hivemq-test-hivemq-platform] [hivemq-platform-operator] [d3bb76c6] 18:42:20.443 [ReconcilerExecutor-hivemq-controller-145] DEBUG c.h.p.o.HiveMQPlatformReconciler - [helmlega] StatefulSet Spec (replicas: 2, init containers: 1, containers: 1, volumes: 6)
2025-01-29 18:42:20,451 INFO c.h.h.t.HelmChartContainer - [hivemq-test-hivemq-platform] [hivemq-platform-operator] [d3bb76c6] 18:42:20.445 [ReconcilerExecutor-hivemq-controller-145] DEBUG c.h.p.o.h.HiveMQPlatformReconcilerErrorHandler - [helmlega] Pod 'test-hivemq-legacy-platform-1' phase Running
2025-01-29 18:42:20,451 INFO c.h.h.t.HelmChartContainer - [hivemq-test-hivemq-platform] [hivemq-platform-operator] [d3bb76c6] 18:42:20.447 [ReconcilerExecutor-hivemq-controller-145] DEBUG c.h.p.o.h.HiveMQPlatformReconcilerErrorHandler - [helmlega] Pod 'test-hivemq-legacy-platform-0' phase Running
2025-01-29 18:42:20,451 INFO c.h.h.t.HelmChartContainer - [hivemq-test-hivemq-platform] [hivemq-platform-operator] [d3bb76c6] 18:42:20.447 [ReconcilerExecutor-hivemq-controller-145] DEBUG c.h.p.o.h.HiveMQPlatformReconcilerRollingRestartHandler - [helmlega] Rolling restart is waiting for 1 of 2 replicas
2025-01-29 18:42:20,456 INFO c.h.h.t.HelmChartContainer - [hivemq-test-hivemq-platform] [hivemq-platform-operator] [d3bb76c6] 18:42:20.455 [pool-6-thread-27] DEBUG c.h.p.o.d.PlatformServiceResource - [helmlega] Desired Platform services (4 services)
2025-01-29 18:42:20,459 INFO c.h.h.t.HelmChartContainer - [hivemq-test-hivemq-platform] [hivemq-platform-operator] [d3bb76c6] 18:42:20.456 [pool-6-thread-21] DEBUG c.h.p.o.d.PodServiceAccountResource - [helmlega] Desired PodServiceAccountResource (serviceAccountName: hivemq-platform-pod-test-hivemq-legacy-platform)
2025-01-29 18:42:20,459 INFO c.h.h.t.HelmChartContainer - [hivemq-test-hivemq-platform] [hivemq-platform-operator] [d3bb76c6] 18:42:20.458 [pool-6-thread-22] DEBUG c.h.p.o.dependants.PodInfoConfigMap - [helmlega] Desired PodInfo ConfigMap (2 extensions) (1 enabled)
2025-01-29 18:42:20,459 INFO c.h.h.t.HelmChartContainer - [hivemq-test-hivemq-platform] [hivemq-platform-operator] [d3bb76c6] 18:42:20.458 [pool-6-thread-22] DEBUG c.h.p.o.dependants.PodInfoConfigMap - [helmlega] Desired PodInfo ConfigMap (metrics port: 9399) (metrics path: /)
2025-01-29 18:42:20,459 INFO c.h.h.t.HelmChartContainer - [hivemq-test-hivemq-platform] [hivemq-platform-operator] [d3bb76c6] 18:42:20.458 [pool-6-thread-22] DEBUG c.h.p.o.dependants.PodInfoConfigMap - [helmlega] Desired PodInfo ConfigMap (extension state hash: -1203431371)
2025-01-29 18:42:20,464 INFO c.h.h.t.HelmChartContainer - [hivemq-test-hivemq-platform] [hivemq-platform-operator] [d3bb76c6] 18:42:20.463 [pool-6-thread-27] DEBUG c.h.p.o.d.StatefulSetResource - [helmlega] Desired StatefulSet (2 replicas) for status ROLLING_RESTART (RESTART_PODS_IN_PROGRESS)
2025-01-29 18:42:20,466 INFO c.h.h.t.HelmChartContainer - [hivemq-test-hivemq-platform] [hivemq-platform-operator] [d3bb76c6] 18:42:20.466 [ReconcilerExecutor-hivemq-controller-146] INFO  c.h.p.o.HiveMQPlatformReconciler - [helmlega] Reconciling HiveMQ Platform 'test-hivemq-legacy-platform' in namespace 'helmlegacystatefulsetmigrationit-operator'
2025-01-29 18:42:20,467 INFO c.h.h.t.HelmChartContainer - [hivemq-test-hivemq-platform] [hivemq-platform-operator] [d3bb76c6] 18:42:20.466 [ReconcilerExecutor-hivemq-controller-146] DEBUG c.h.p.o.HiveMQPlatformReconciler - [helmlega] Custom Resource Status ROLLING_RESTART - HiveMQ Platform is restarting Pods (rolling restart) (RESTART_PODS_IN_PROGRESS)
2025-01-29 18:42:20,467 INFO c.h.h.t.HelmChartContainer - [hivemq-test-hivemq-platform] [hivemq-platform-operator] [d3bb76c6] 18:42:20.466 [ReconcilerExecutor-hivemq-controller-146] DEBUG c.h.p.o.HiveMQPlatformReconciler - [helmlega] Custom Resource Spec (replicas: 1) (extensions: 2)
2025-01-29 18:42:20,468 INFO c.h.h.t.HelmChartContainer - [hivemq-test-hivemq-platform] [hivemq-platform-operator] [d3bb76c6] 18:42:20.467 [ReconcilerExecutor-hivemq-controller-146] DEBUG c.h.p.o.HiveMQPlatformReconciler - [helmlega] StatefulSet Status (revision: test-hivemq-legacy-platform-65df8dcb7f, replicas: 2, available: 2, ready: 2, current: 2, updated: 2)
2025-01-29 18:42:20,468 INFO c.h.h.t.HelmChartContainer - [hivemq-test-hivemq-platform] [hivemq-platform-operator] [d3bb76c6] 18:42:20.467 [ReconcilerExecutor-hivemq-controller-146] DEBUG c.h.p.o.HiveMQPlatformReconciler - [helmlega] StatefulSet Spec (replicas: 2, init containers: 1, containers: 1, volumes: 6)
2025-01-29 18:42:20,469 INFO c.h.h.t.HelmChartContainer - [hivemq-test-hivemq-platform] [hivemq-platform-operator] [d3bb76c6] 18:42:20.468 [ReconcilerExecutor-hivemq-controller-146] DEBUG c.h.p.o.h.HiveMQPlatformReconcilerErrorHandler - [helmlega] Pod 'test-hivemq-legacy-platform-1' phase Running
2025-01-29 18:42:20,471 INFO c.h.h.t.HelmChartContainer - [hivemq-test-hivemq-platform] [hivemq-platform-operator] [d3bb76c6] 18:42:20.470 [ReconcilerExecutor-hivemq-controller-146] DEBUG c.h.p.o.h.HiveMQPlatformReconcilerErrorHandler - [helmlega] Pod 'test-hivemq-legacy-platform-0' phase Running
2025-01-29 18:42:20,553 INFO c.h.h.t.HelmChartContainer - [hivemq-test-hivemq-platform] [hivemq-platform-operator] [d3bb76c6] 18:42:20.552 [ReconcilerExecutor-hivemq-controller-146] DEBUG c.h.p.o.h.HiveMQPlatformReconcilerRollingRestartHandler - [helmlega] Skipping Pod test-hivemq-legacy-platform-1 as it's already on the controller update revision (update revision: test-hivemq-legacy-platform-65df8dcb7f, pod revision: test-hivemq-legacy-platform-65df8dcb7f)
2025-01-29 18:42:20,557 INFO c.h.h.t.HelmChartContainer - [hivemq-test-hivemq-platform] [hivemq-platform-operator] [d3bb76c6] 18:42:20.556 [ReconcilerExecutor-hivemq-controller-146] DEBUG c.h.p.o.h.HiveMQPlatformReconcilerRollingRestartHandler - [helmlega] Skipping Pod test-hivemq-legacy-platform-0 as it's already on the controller update revision (update revision: test-hivemq-legacy-platform-65df8dcb7f, pod revision: test-hivemq-legacy-platform-65df8dcb7f)
2025-01-29 18:42:20,557 INFO c.h.h.t.HelmChartContainer - [hivemq-test-hivemq-platform] [hivemq-platform-operator] [d3bb76c6] 18:42:20.556 [ReconcilerExecutor-hivemq-controller-146] INFO  c.h.p.o.h.HiveMQPlatformReconcilerRollingRestartHandler - [helmlega] Stopping surge Pod
2025-01-29 18:42:20,567 INFO c.h.h.t.HelmChartContainer - [hivemq-test-hivemq-platform] [hivemq-platform-operator] [d3bb76c6] 18:42:20.567 [ReconcilerExecutor-hivemq-controller-146] DEBUG c.h.p.operator.event.EventSender - [helmlega] Creating K8s event rolling-restart-scale-down-in-progress: [RollingRestart] HiveMQ Platform is stopping the surge Pod (rolling restart)
2025-01-29 18:42:20,570 INFO c.h.h.t.HelmChartContainer - [EVENT] Normal [RollingRestart] HiveMQ Platform is stopping the surge Pod (rolling restart) [helmlegacystatefulsetmigrationit-operator:test-hivemq-legacy-platform]
2025-01-29 18:42:20,571 INFO c.h.h.t.HelmChartContainer - [hivemq-test-hivemq-platform] [hivemq-platform-operator] [d3bb76c6] 18:42:20.570 [ReconcilerExecutor-hivemq-controller-146] INFO  c.h.p.o.h.AbstractHiveMQReconcilerStateHandler - [helmlega] Update HiveMQ Platform Status (ROLLING_RESTART [RESTART_PODS_IN_PROGRESS] -> ROLLING_RESTART [SCALE_DOWN_IN_PROGRESS]): HiveMQ Platform is stopping the surge Pod (rolling restart)
2025-01-29 18:42:20,578 DEBUG com.hivemq.helmcharts.util.K8sUtil - Comparing actual state 'ROLLING_RESTART' and waiting for 'RUNNING'
2025-01-29 18:42:30,647 INFO c.h.h.t.HelmChartContainer - [hivemq-test-hivemq-platform] [hivemq-platform-operator] [d3bb76c6] 18:42:30.644 [pool-6-thread-34] DEBUG c.h.p.o.d.PlatformServiceResource - [helmlega] Desired Platform services (4 services)
2025-01-29 18:42:30,648 INFO c.h.h.t.HelmChartContainer - [hivemq-test-hivemq-platform] [hivemq-platform-operator] [d3bb76c6] 18:42:30.644 [pool-6-thread-35] DEBUG c.h.p.o.dependants.PodInfoConfigMap - [helmlega] Desired PodInfo ConfigMap (2 extensions) (1 enabled)
2025-01-29 18:42:30,648 INFO c.h.h.t.HelmChartContainer - [hivemq-test-hivemq-platform] [hivemq-platform-operator] [d3bb76c6] 18:42:30.644 [pool-6-thread-35] DEBUG c.h.p.o.dependants.PodInfoConfigMap - [helmlega] Desired PodInfo ConfigMap (metrics port: 9399) (metrics path: /)
2025-01-29 18:42:30,648 INFO c.h.h.t.HelmChartContainer - [hivemq-test-hivemq-platform] [hivemq-platform-operator] [d3bb76c6] 18:42:30.644 [pool-6-thread-35] DEBUG c.h.p.o.dependants.PodInfoConfigMap - [helmlega] Desired PodInfo ConfigMap (extension state hash: -1203431371)
2025-01-29 18:42:30,648 INFO c.h.h.t.HelmChartContainer - [hivemq-test-hivemq-platform] [hivemq-platform-operator] [d3bb76c6] 18:42:30.645 [pool-6-thread-35] DEBUG c.h.p.o.dependants.PodInfoConfigMap - [helmlega] Update PodInfo ConfigMap
2025-01-29 18:42:30,648 INFO c.h.h.t.HelmChartContainer - [hivemq-test-hivemq-platform] [hivemq-platform-operator] [d3bb76c6] 18:42:30.645 [pool-6-thread-31] DEBUG c.h.p.o.d.PodServiceAccountResource - [helmlega] Desired PodServiceAccountResource (serviceAccountName: hivemq-platform-pod-test-hivemq-legacy-platform)
2025-01-29 18:42:30,655 INFO c.h.h.t.HelmChartContainer - [hivemq-test-hivemq-platform] [hivemq-platform-operator] [d3bb76c6] 18:42:30.654 [pool-6-thread-35] DEBUG c.h.p.o.d.StatefulSetResource - [helmlega] Desired StatefulSet (1 replicas) for status ROLLING_RESTART (SCALE_DOWN_IN_PROGRESS)
2025-01-29 18:42:30,658 INFO c.h.h.t.HelmChartContainer - [hivemq-test-hivemq-platform] [hivemq-platform-operator] [d3bb76c6] 18:42:30.657 [pool-6-thread-35] DEBUG c.h.p.o.d.StatefulSetResource - [helmlega] Update StatefulSet (replicas: 2 -> 1)
2025-01-29 18:42:30,685 INFO c.h.h.t.HelmChartContainer - [POD] test-hivemq-legacy-platform-1 [72aeed9e-d82b-4122-a634-0f240d1bd4dd] in helmlegacystatefulsetmigrationit-operator was MODIFIED
2025-01-29 18:42:30,693 INFO c.h.h.t.HelmChartContainer - [EVENT] Normal [SuccessfulDelete] delete Pod test-hivemq-legacy-platform-1 in StatefulSet test-hivemq-legacy-platform successful [helmlegacystatefulsetmigrationit-operator:test-hivemq-legacy-platform]
2025-01-29 18:42:30,693 INFO c.h.h.t.HelmChartContainer - [EVENT] Normal [Killing] Stopping container hivemq [helmlegacystatefulsetmigrationit-operator:test-hivemq-legacy-platform-1]
2025-01-29 18:42:30,693 INFO c.h.h.t.HelmChartContainer - Received Killing event for container hivemq in pod test-hivemq-legacy-platform-1 [72aeed9e-d82b-4122-a634-0f240d1bd4dd]
2025-01-29 18:42:30,693 INFO c.h.h.t.HelmChartContainer - Container [test-hivemq-legacy-platform-1] [hivemq] [72aeed9e-d82b-4122-a634-0f240d1bd4dd] was terminated
2025-01-29 18:42:30,693 INFO c.h.h.t.HelmChartContainer - Stopped log watcher for hivemq in pod test-hivemq-legacy-platform-1 [72aeed9e-d82b-4122-a634-0f240d1bd4dd]
2025-01-29 18:42:30,705 INFO c.h.h.t.HelmChartContainer - [test-hivemq-legacy-platform] [hivemq] [72aeed9e] INFO  - [HiveMQ Platform Operator Init App 1.7.0-SNAPSHOT] Shutting down
2025-01-29 18:42:30,705 INFO c.h.h.t.HelmChartContainer - [test-hivemq-legacy-platform] [hivemq] [72aeed9e] INFO  - [HiveMQ Platform Operator Init App 1.7.0-SNAPSHOT] Stopping the HiveMQ Platform
2025-01-29 18:42:30,748 INFO c.h.h.t.HelmChartContainer - [hivemq-test-hivemq-platform] [hivemq-platform-operator] [d3bb76c6] 18:42:30.746 [ReconcilerExecutor-hivemq-controller-147] INFO  c.h.p.o.HiveMQPlatformReconciler - [helmlega] Reconciling HiveMQ Platform 'test-hivemq-legacy-platform' in namespace 'helmlegacystatefulsetmigrationit-operator'
2025-01-29 18:42:30,748 INFO c.h.h.t.HelmChartContainer - [hivemq-test-hivemq-platform] [hivemq-platform-operator] [d3bb76c6] 18:42:30.746 [ReconcilerExecutor-hivemq-controller-147] DEBUG c.h.p.o.HiveMQPlatformReconciler - [helmlega] Custom Resource Status ROLLING_RESTART - HiveMQ Platform is stopping the surge Pod (rolling restart) (SCALE_DOWN_IN_PROGRESS)
2025-01-29 18:42:30,748 INFO c.h.h.t.HelmChartContainer - [hivemq-test-hivemq-platform] [hivemq-platform-operator] [d3bb76c6] 18:42:30.747 [ReconcilerExecutor-hivemq-controller-147] DEBUG c.h.p.o.HiveMQPlatformReconciler - [helmlega] Custom Resource Spec (replicas: 1) (extensions: 2)
2025-01-29 18:42:30,750 INFO c.h.h.t.HelmChartContainer - [hivemq-test-hivemq-platform] [hivemq-platform-operator] [d3bb76c6] 18:42:30.749 [ReconcilerExecutor-hivemq-controller-147] DEBUG c.h.p.o.HiveMQPlatformReconciler - [helmlega] StatefulSet Status (revision: test-hivemq-legacy-platform-65df8dcb7f, replicas: 2, available: 2, ready: 2, current: 1, updated: 1)
2025-01-29 18:42:30,750 INFO c.h.h.t.HelmChartContainer - [hivemq-test-hivemq-platform] [hivemq-platform-operator] [d3bb76c6] 18:42:30.749 [ReconcilerExecutor-hivemq-controller-147] DEBUG c.h.p.o.HiveMQPlatformReconciler - [helmlega] StatefulSet Spec (replicas: 1, init containers: 1, containers: 1, volumes: 6)
2025-01-29 18:42:30,751 INFO c.h.h.t.HelmChartContainer - [hivemq-test-hivemq-platform] [hivemq-platform-operator] [d3bb76c6] 18:42:30.750 [ReconcilerExecutor-hivemq-controller-147] DEBUG c.h.p.o.h.HiveMQPlatformReconcilerErrorHandler - [helmlega] Pod 'test-hivemq-legacy-platform-0' phase Running
2025-01-29 18:42:30,751 INFO c.h.h.t.HelmChartContainer - [hivemq-test-hivemq-platform] [hivemq-platform-operator] [d3bb76c6] 18:42:30.751 [ReconcilerExecutor-hivemq-controller-147] DEBUG c.h.p.o.h.HiveMQPlatformReconcilerRollingRestartHandler - [helmlega] Rolling restart is waiting for 2 of 1 replicas
2025-01-29 18:42:30,756 INFO c.h.h.t.HelmChartContainer - [hivemq-test-hivemq-platform] [hivemq-platform-operator] [d3bb76c6] 18:42:30.753 [pool-6-thread-42] DEBUG c.h.p.o.d.PlatformServiceResource - [helmlega] Desired Platform services (4 services)
2025-01-29 18:42:30,757 INFO c.h.h.t.HelmChartContainer - [hivemq-test-hivemq-platform] [hivemq-platform-operator] [d3bb76c6] 18:42:30.756 [pool-6-thread-46] DEBUG c.h.p.o.dependants.PodInfoConfigMap - [helmlega] Desired PodInfo ConfigMap (2 extensions) (1 enabled)
2025-01-29 18:42:30,757 INFO c.h.h.t.HelmChartContainer - [hivemq-test-hivemq-platform] [hivemq-platform-operator] [d3bb76c6] 18:42:30.756 [pool-6-thread-46] DEBUG c.h.p.o.dependants.PodInfoConfigMap - [helmlega] Desired PodInfo ConfigMap (metrics port: 9399) (metrics path: /)
2025-01-29 18:42:30,757 INFO c.h.h.t.HelmChartContainer - [hivemq-test-hivemq-platform] [hivemq-platform-operator] [d3bb76c6] 18:42:30.756 [pool-6-thread-46] DEBUG c.h.p.o.dependants.PodInfoConfigMap - [helmlega] Desired PodInfo ConfigMap (extension state hash: -1203431371)
2025-01-29 18:42:30,757 INFO c.h.h.t.HelmChartContainer - [hivemq-test-hivemq-platform] [hivemq-platform-operator] [d3bb76c6] 18:42:30.756 [pool-6-thread-44] DEBUG c.h.p.o.d.PodServiceAccountResource - [helmlega] Desired PodServiceAccountResource (serviceAccountName: hivemq-platform-pod-test-hivemq-legacy-platform)
2025-01-29 18:42:30,759 INFO c.h.h.t.HelmChartContainer - [hivemq-test-hivemq-platform] [hivemq-platform-operator] [d3bb76c6] 18:42:30.758 [pool-6-thread-48] DEBUG c.h.p.o.d.StatefulSetResource - [helmlega] Desired StatefulSet (1 replicas) for status ROLLING_RESTART (SCALE_DOWN_IN_PROGRESS)
2025-01-29 18:42:30,764 INFO c.h.h.t.HelmChartContainer - [hivemq-test-hivemq-platform] [hivemq-platform-operator] [d3bb76c6] 18:42:30.761 [ReconcilerExecutor-hivemq-controller-149] INFO  c.h.p.o.HiveMQPlatformReconciler - [helmlega] Reconciling HiveMQ Platform 'test-hivemq-legacy-platform' in namespace 'helmlegacystatefulsetmigrationit-operator'
2025-01-29 18:42:30,764 INFO c.h.h.t.HelmChartContainer - [hivemq-test-hivemq-platform] [hivemq-platform-operator] [d3bb76c6] 18:42:30.761 [ReconcilerExecutor-hivemq-controller-149] DEBUG c.h.p.o.HiveMQPlatformReconciler - [helmlega] Custom Resource Status ROLLING_RESTART - HiveMQ Platform is stopping the surge Pod (rolling restart) (SCALE_DOWN_IN_PROGRESS)
2025-01-29 18:42:30,765 INFO c.h.h.t.HelmChartContainer - [hivemq-test-hivemq-platform] [hivemq-platform-operator] [d3bb76c6] 18:42:30.761 [ReconcilerExecutor-hivemq-controller-149] DEBUG c.h.p.o.HiveMQPlatformReconciler - [helmlega] Custom Resource Spec (replicas: 1) (extensions: 2)
2025-01-29 18:42:30,765 INFO c.h.h.t.HelmChartContainer - [hivemq-test-hivemq-platform] [hivemq-platform-operator] [d3bb76c6] 18:42:30.762 [ReconcilerExecutor-hivemq-controller-149] DEBUG c.h.p.o.HiveMQPlatformReconciler - [helmlega] StatefulSet Status (revision: test-hivemq-legacy-platform-65df8dcb7f, replicas: 2, available: 2, ready: 2, current: 1, updated: 1)
2025-01-29 18:42:30,765 INFO c.h.h.t.HelmChartContainer - [hivemq-test-hivemq-platform] [hivemq-platform-operator] [d3bb76c6] 18:42:30.762 [ReconcilerExecutor-hivemq-controller-149] DEBUG c.h.p.o.HiveMQPlatformReconciler - [helmlega] StatefulSet Spec (replicas: 1, init containers: 1, containers: 1, volumes: 6)
2025-01-29 18:42:30,765 INFO c.h.h.t.HelmChartContainer - [hivemq-test-hivemq-platform] [hivemq-platform-operator] [d3bb76c6] 18:42:30.763 [ReconcilerExecutor-hivemq-controller-149] DEBUG c.h.p.o.h.HiveMQPlatformReconcilerErrorHandler - [helmlega] Pod 'test-hivemq-legacy-platform-0' phase Running
2025-01-29 18:42:30,765 INFO c.h.h.t.HelmChartContainer - [hivemq-test-hivemq-platform] [hivemq-platform-operator] [d3bb76c6] 18:42:30.763 [ReconcilerExecutor-hivemq-controller-149] DEBUG c.h.p.o.h.HiveMQPlatformReconcilerRollingRestartHandler - [helmlega] Rolling restart is waiting for 2 of 1 replicas
2025-01-29 18:42:30,800 INFO c.h.h.t.HelmChartContainer - [test-hivemq-legacy-platform] [hivemq] [72aeed9e] INFO  - Shutting down HiveMQ. Please wait, this could take a while...
2025-01-29 18:42:30,887 INFO c.h.h.t.HelmChartContainer - [test-hivemq-legacy-platform] [hivemq] [72aeed9e] INFO  - Shutting down listeners and clients
2025-01-29 18:42:30,887 INFO c.h.h.t.HelmChartContainer - [test-hivemq-legacy-platform] [hivemq] [72aeed9e] INFO  - Shutdown of listeners is done
2025-01-29 18:42:30,887 INFO c.h.h.t.HelmChartContainer - [test-hivemq-legacy-platform] [hivemq] [72aeed9e] INFO  - No clients are connected, proceeding with shutdown
2025-01-29 18:42:33,940 INFO c.h.h.t.HelmChartContainer - [test-hivemq-legacy-platform] [hivemq] [72aeed9e] INFO  - Shutting down extension system
2025-01-29 18:42:33,942 INFO c.h.h.t.HelmChartContainer - [test-hivemq-legacy-platform] [hivemq] [72aeed9e] INFO  - Stopping extension with id hivemq-dns-cluster-discovery
2025-01-29 18:42:33,943 INFO c.h.h.t.HelmChartContainer - [test-hivemq-legacy-platform] [hivemq] [72aeed9e] INFO  - Extension "DNS Cluster Discovery Extension" version 4.3.2 stopped successfully.
2025-01-29 18:42:33,944 INFO c.h.h.t.HelmChartContainer - [test-hivemq-legacy-platform] [hivemq] [72aeed9e] INFO  - Stopping extension with id hivemq-prometheus-extension
2025-01-29 18:42:33,948 INFO c.h.h.t.HelmChartContainer - [test-hivemq-legacy-platform] [hivemq] [72aeed9e] INFO  - Extension "Prometheus Monitoring Extension" version 4.0.12 stopped successfully.
2025-01-29 18:42:33,948 INFO c.h.h.t.HelmChartContainer - [test-hivemq-legacy-platform] [hivemq] [72aeed9e] INFO  - Stopping extension with id hivemq-enterprise-security-extension
2025-01-29 18:42:33,948 INFO c.h.h.t.HelmChartContainer - [test-hivemq-legacy-platform] [hivemq] [72aeed9e] INFO  - HiveMQ Enterprise Security Extension: Shutting down HiveMQ Enterprise Security Extension.
2025-01-29 18:42:35,339 INFO c.h.h.t.HelmChartContainer - [test-hivemq-legacy-platform] [hivemq] [72aeed9e] INFO  - [HiveMQ Platform Operator Init App 1.7.0-SNAPSHOT] Returning shutdown Health API response 503 for readiness
2025-01-29 18:42:35,344 INFO c.h.h.t.HelmChartContainer - [EVENT] Warning [Unhealthy] Readiness probe failed: HTTP probe failed with statuscode: 503 [helmlegacystatefulsetmigrationit-operator:test-hivemq-legacy-platform-1]
2025-01-29 18:42:35,344 INFO c.h.h.t.HelmChartContainer - Received Unhealthy event for container hivemq in pod test-hivemq-legacy-platform-1 [72aeed9e-d82b-4122-a634-0f240d1bd4dd]
2025-01-29 18:42:36,951 INFO c.h.h.t.HelmChartContainer - [test-hivemq-legacy-platform] [hivemq] [72aeed9e] INFO  - HiveMQ Enterprise Security Extension: Stopped HiveMQ Enterprise Security Extension successfully in 3002ms.
2025-01-29 18:42:36,951 INFO c.h.h.t.HelmChartContainer - [test-hivemq-legacy-platform] [hivemq] [72aeed9e] INFO  - Extension "HiveMQ Enterprise Security Extension" version 4.36.0 stopped successfully.
2025-01-29 18:42:36,958 INFO c.h.h.t.HelmChartContainer - [test-hivemq-legacy-platform] [hivemq] [0769f6a4] INFO  - Cluster nodes found by discovery: [3sw9u|4] (1) [3sw9u].
2025-01-29 18:42:36,961 INFO c.h.h.t.HelmChartContainer - [test-hivemq-legacy-platform] [hivemq] [0769f6a4] INFO  - Cluster size = 1, members : [3sw9u].
2025-01-29 18:42:40,195 INFO c.h.h.t.HelmChartContainer - [test-hivemq-legacy-platform] [hivemq] [72aeed9e] INFO  - Shutdown completed.
2025-01-29 18:42:40,343 INFO c.h.h.t.HelmChartContainer - [EVENT] Warning [Unhealthy] Readiness probe failed: HTTP probe failed with statuscode: 503 [helmlegacystatefulsetmigrationit-operator:test-hivemq-legacy-platform-1]
2025-01-29 18:42:40,343 INFO c.h.h.t.HelmChartContainer - Received Unhealthy event for container hivemq in pod test-hivemq-legacy-platform-1 [72aeed9e-d82b-4122-a634-0f240d1bd4dd]
2025-01-29 18:42:40,593 INFO c.h.h.t.HelmChartContainer - [test-hivemq-legacy-platform] [hivemq] [72aeed9e] INFO  - [HiveMQ Platform Operator Init App 1.7.0-SNAPSHOT] The HiveMQ Platform exited with code 143
2025-01-29 18:42:40,593 INFO c.h.h.t.HelmChartContainer - [test-hivemq-legacy-platform] [hivemq] [72aeed9e] INFO  - [HiveMQ Platform Operator Init App 1.7.0-SNAPSHOT] Stopping the REST API
2025-01-29 18:42:40,637 INFO c.h.h.t.HelmChartContainer - [test-hivemq-legacy-platform] [hivemq] [72aeed9e] INFO  - [HiveMQ Platform Operator Init App 1.7.0-SNAPSHOT] Shutdown complete
2025-01-29 18:42:40,769 INFO c.h.h.t.HelmChartContainer - [hivemq-test-hivemq-platform] [hivemq-platform-operator] [d3bb76c6] 18:42:40.767 [pool-6-thread-8] DEBUG c.h.p.o.d.PlatformServiceResource - [helmlega] Desired Platform services (4 services)
2025-01-29 18:42:40,769 INFO c.h.h.t.HelmChartContainer - [hivemq-test-hivemq-platform] [hivemq-platform-operator] [d3bb76c6] 18:42:40.767 [pool-6-thread-9] DEBUG c.h.p.o.d.PodServiceAccountResource - [helmlega] Desired PodServiceAccountResource (serviceAccountName: hivemq-platform-pod-test-hivemq-legacy-platform)
2025-01-29 18:42:40,769 INFO c.h.h.t.HelmChartContainer - [hivemq-test-hivemq-platform] [hivemq-platform-operator] [d3bb76c6] 18:42:40.767 [pool-6-thread-4] DEBUG c.h.p.o.dependants.PodInfoConfigMap - [helmlega] Desired PodInfo ConfigMap (2 extensions) (1 enabled)
2025-01-29 18:42:40,769 INFO c.h.h.t.HelmChartContainer - [hivemq-test-hivemq-platform] [hivemq-platform-operator] [d3bb76c6] 18:42:40.767 [pool-6-thread-4] DEBUG c.h.p.o.dependants.PodInfoConfigMap - [helmlega] Desired PodInfo ConfigMap (metrics port: 9399) (metrics path: /)
2025-01-29 18:42:40,769 INFO c.h.h.t.HelmChartContainer - [hivemq-test-hivemq-platform] [hivemq-platform-operator] [d3bb76c6] 18:42:40.767 [pool-6-thread-4] DEBUG c.h.p.o.dependants.PodInfoConfigMap - [helmlega] Desired PodInfo ConfigMap (extension state hash: -1203431371)
2025-01-29 18:42:40,773 INFO c.h.h.t.HelmChartContainer - [hivemq-test-hivemq-platform] [hivemq-platform-operator] [d3bb76c6] 18:42:40.771 [pool-6-thread-8] DEBUG c.h.p.o.d.StatefulSetResource - [helmlega] Desired StatefulSet (1 replicas) for status ROLLING_RESTART (SCALE_DOWN_IN_PROGRESS)
2025-01-29 18:42:40,777 INFO c.h.h.t.HelmChartContainer - [hivemq-test-hivemq-platform] [hivemq-platform-operator] [d3bb76c6] 18:42:40.775 [ReconcilerExecutor-hivemq-controller-150] INFO  c.h.p.o.HiveMQPlatformReconciler - [helmlega] Reconciling HiveMQ Platform 'test-hivemq-legacy-platform' in namespace 'helmlegacystatefulsetmigrationit-operator'
2025-01-29 18:42:40,777 INFO c.h.h.t.HelmChartContainer - [hivemq-test-hivemq-platform] [hivemq-platform-operator] [d3bb76c6] 18:42:40.775 [ReconcilerExecutor-hivemq-controller-150] DEBUG c.h.p.o.HiveMQPlatformReconciler - [helmlega] Custom Resource Status ROLLING_RESTART - HiveMQ Platform is stopping the surge Pod (rolling restart) (SCALE_DOWN_IN_PROGRESS)
2025-01-29 18:42:40,777 INFO c.h.h.t.HelmChartContainer - [hivemq-test-hivemq-platform] [hivemq-platform-operator] [d3bb76c6] 18:42:40.775 [ReconcilerExecutor-hivemq-controller-150] DEBUG c.h.p.o.HiveMQPlatformReconciler - [helmlega] Custom Resource Spec (replicas: 1) (extensions: 2)
2025-01-29 18:42:40,778 INFO c.h.h.t.HelmChartContainer - [hivemq-test-hivemq-platform] [hivemq-platform-operator] [d3bb76c6] 18:42:40.777 [ReconcilerExecutor-hivemq-controller-150] DEBUG c.h.p.o.HiveMQPlatformReconciler - [helmlega] StatefulSet Status (revision: test-hivemq-legacy-platform-65df8dcb7f, replicas: 2, available: 2, ready: 2, current: 1, updated: 1)
2025-01-29 18:42:40,778 INFO c.h.h.t.HelmChartContainer - [hivemq-test-hivemq-platform] [hivemq-platform-operator] [d3bb76c6] 18:42:40.777 [ReconcilerExecutor-hivemq-controller-150] DEBUG c.h.p.o.HiveMQPlatformReconciler - [helmlega] StatefulSet Spec (replicas: 1, init containers: 1, containers: 1, volumes: 6)
2025-01-29 18:42:40,779 INFO c.h.h.t.HelmChartContainer - [hivemq-test-hivemq-platform] [hivemq-platform-operator] [d3bb76c6] 18:42:40.778 [ReconcilerExecutor-hivemq-controller-150] DEBUG c.h.p.o.h.HiveMQPlatformReconcilerErrorHandler - [helmlega] Pod 'test-hivemq-legacy-platform-0' phase Running
2025-01-29 18:42:40,780 INFO c.h.h.t.HelmChartContainer - [hivemq-test-hivemq-platform] [hivemq-platform-operator] [d3bb76c6] 18:42:40.779 [ReconcilerExecutor-hivemq-controller-150] DEBUG c.h.p.o.h.HiveMQPlatformReconcilerRollingRestartHandler - [helmlega] Rolling restart is waiting for 2 of 1 replicas
2025-01-29 18:42:41,134 INFO c.h.h.t.HelmChartContainer - [POD] test-hivemq-legacy-platform-1 [72aeed9e-d82b-4122-a634-0f240d1bd4dd] in helmlegacystatefulsetmigrationit-operator was MODIFIED
2025-01-29 18:42:41,149 INFO c.h.h.t.HelmChartContainer - [hivemq-test-hivemq-platform] [hivemq-platform-operator] [d3bb76c6] 18:42:41.138 [pool-6-thread-19] DEBUG c.h.p.o.d.PlatformServiceResource - [helmlega] Desired Platform services (4 services)
2025-01-29 18:42:41,149 INFO c.h.h.t.HelmChartContainer - [hivemq-test-hivemq-platform] [hivemq-platform-operator] [d3bb76c6] 18:42:41.139 [pool-6-thread-13] DEBUG c.h.p.o.dependants.PodInfoConfigMap - [helmlega] Desired PodInfo ConfigMap (2 extensions) (1 enabled)
2025-01-29 18:42:41,149 INFO c.h.h.t.HelmChartContainer - [hivemq-test-hivemq-platform] [hivemq-platform-operator] [d3bb76c6] 18:42:41.139 [pool-6-thread-13] DEBUG c.h.p.o.dependants.PodInfoConfigMap - [helmlega] Desired PodInfo ConfigMap (metrics port: 9399) (metrics path: /)
2025-01-29 18:42:41,149 INFO c.h.h.t.HelmChartContainer - [hivemq-test-hivemq-platform] [hivemq-platform-operator] [d3bb76c6] 18:42:41.139 [pool-6-thread-13] DEBUG c.h.p.o.dependants.PodInfoConfigMap - [helmlega] Desired PodInfo ConfigMap (extension state hash: -1203431371)
2025-01-29 18:42:41,149 INFO c.h.h.t.HelmChartContainer - [hivemq-test-hivemq-platform] [hivemq-platform-operator] [d3bb76c6] 18:42:41.140 [pool-6-thread-13] DEBUG c.h.p.o.d.PodServiceAccountResource - [helmlega] Desired PodServiceAccountResource (serviceAccountName: hivemq-platform-pod-test-hivemq-legacy-platform)
2025-01-29 18:42:41,149 INFO c.h.h.t.HelmChartContainer - [hivemq-test-hivemq-platform] [hivemq-platform-operator] [d3bb76c6] 18:42:41.143 [pool-6-thread-19] DEBUG c.h.p.o.d.StatefulSetResource - [helmlega] Desired StatefulSet (1 replicas) for status ROLLING_RESTART (SCALE_DOWN_IN_PROGRESS)
2025-01-29 18:42:41,149 INFO c.h.h.t.HelmChartContainer - [hivemq-test-hivemq-platform] [hivemq-platform-operator] [d3bb76c6] 18:42:41.147 [ReconcilerExecutor-hivemq-controller-151] INFO  c.h.p.o.HiveMQPlatformReconciler - [helmlega] Reconciling HiveMQ Platform 'test-hivemq-legacy-platform' in namespace 'helmlegacystatefulsetmigrationit-operator'
2025-01-29 18:42:41,149 INFO c.h.h.t.HelmChartContainer - [hivemq-test-hivemq-platform] [hivemq-platform-operator] [d3bb76c6] 18:42:41.148 [ReconcilerExecutor-hivemq-controller-151] DEBUG c.h.p.o.HiveMQPlatformReconciler - [helmlega] Custom Resource Status ROLLING_RESTART - HiveMQ Platform is stopping the surge Pod (rolling restart) (SCALE_DOWN_IN_PROGRESS)
2025-01-29 18:42:41,152 INFO c.h.h.t.HelmChartContainer - [hivemq-test-hivemq-platform] [hivemq-platform-operator] [d3bb76c6] 18:42:41.148 [ReconcilerExecutor-hivemq-controller-151] DEBUG c.h.p.o.HiveMQPlatformReconciler - [helmlega] Custom Resource Spec (replicas: 1) (extensions: 2)
2025-01-29 18:42:41,152 INFO c.h.h.t.HelmChartContainer - [hivemq-test-hivemq-platform] [hivemq-platform-operator] [d3bb76c6] 18:42:41.149 [ReconcilerExecutor-hivemq-controller-151] DEBUG c.h.p.o.HiveMQPlatformReconciler - [helmlega] StatefulSet Status (revision: test-hivemq-legacy-platform-65df8dcb7f, replicas: 2, available: 1, ready: 1, current: 1, updated: 1)
2025-01-29 18:42:41,155 INFO c.h.h.t.HelmChartContainer - [hivemq-test-hivemq-platform] [hivemq-platform-operator] [d3bb76c6] 18:42:41.149 [ReconcilerExecutor-hivemq-controller-151] DEBUG c.h.p.o.HiveMQPlatformReconciler - [helmlega] StatefulSet Spec (replicas: 1, init containers: 1, containers: 1, volumes: 6)
2025-01-29 18:42:41,155 INFO c.h.h.t.HelmChartContainer - [hivemq-test-hivemq-platform] [hivemq-platform-operator] [d3bb76c6] 18:42:41.151 [ReconcilerExecutor-hivemq-controller-151] DEBUG c.h.p.o.h.HiveMQPlatformReconcilerErrorHandler - [helmlega] Pod 'test-hivemq-legacy-platform-0' phase Running
2025-01-29 18:42:41,155 INFO c.h.h.t.HelmChartContainer - [hivemq-test-hivemq-platform] [hivemq-platform-operator] [d3bb76c6] 18:42:41.151 [ReconcilerExecutor-hivemq-controller-151] INFO  c.h.p.o.h.HiveMQPlatformReconcilerRollingRestartHandler - [helmlega] Rolling restart is done
2025-01-29 18:42:41,163 INFO c.h.h.t.HelmChartContainer - [EVENT] Normal [Ready] HiveMQ Platform is ready [helmlegacystatefulsetmigrationit-operator:test-hivemq-legacy-platform]
2025-01-29 18:42:41,164 INFO c.h.h.t.HelmChartContainer - [hivemq-test-hivemq-platform] [hivemq-platform-operator] [d3bb76c6] 18:42:41.163 [ReconcilerExecutor-hivemq-controller-151] DEBUG c.h.p.operator.event.EventSender - [helmlega] Updating K8s event hivemq-platform-ready: [Ready] HiveMQ Platform is ready
2025-01-29 18:42:41,164 INFO c.h.h.t.HelmChartContainer - [hivemq-test-hivemq-platform] [hivemq-platform-operator] [d3bb76c6] 18:42:41.163 [ReconcilerExecutor-hivemq-controller-151] INFO  c.h.p.o.h.AbstractHiveMQReconcilerStateHandler - [helmlega] Update HiveMQ Platform Status (ROLLING_RESTART [SCALE_DOWN_IN_PROGRESS] -> RUNNING [READY]): HiveMQ Platform is ready
2025-01-29 18:42:41,168 INFO c.h.h.t.HelmChartContainer - [K3S] [reconciler_common.go:162] "operationExecutor.UnmountVolume started for volume \"ese-file-realm\" (UniqueName: \"kubernetes.io/configmap/72aeed9e-d82b-4122-a634-0f240d1bd4dd-ese-file-realm\") pod \"72aeed9e-d82b-4122-a634-0f240d1bd4dd\" (UID: \"72aeed9e-d82b-4122-a634-0f240d1bd4dd\") "
2025-01-29 18:42:41,168 INFO c.h.h.t.HelmChartContainer - [K3S] [reconciler_common.go:162] "operationExecutor.UnmountVolume started for volume \"extension-configuration-hivemq-enterprise-security-extension\" (UniqueName: \"kubernetes.io/configmap/72aeed9e-d82b-4122-a634-0f240d1bd4dd-extension-configuration-hivemq-enterprise-security-extension\") pod \"72aeed9e-d82b-4122-a634-0f240d1bd4dd\" (UID: \"72aeed9e-d82b-4122-a634-0f240d1bd4dd\") "
2025-01-29 18:42:41,168 INFO c.h.h.t.HelmChartContainer - [K3S] [reconciler_common.go:162] "operationExecutor.UnmountVolume started for volume \"pod-info\" (UniqueName: \"kubernetes.io/configmap/72aeed9e-d82b-4122-a634-0f240d1bd4dd-pod-info\") pod \"72aeed9e-d82b-4122-a634-0f240d1bd4dd\" (UID: \"72aeed9e-d82b-4122-a634-0f240d1bd4dd\") "
2025-01-29 18:42:41,168 INFO c.h.h.t.HelmChartContainer - [K3S] [reconciler_common.go:162] "operationExecutor.UnmountVolume started for volume \"operator-init\" (UniqueName: \"kubernetes.io/empty-dir/72aeed9e-d82b-4122-a634-0f240d1bd4dd-operator-init\") pod \"72aeed9e-d82b-4122-a634-0f240d1bd4dd\" (UID: \"72aeed9e-d82b-4122-a634-0f240d1bd4dd\") "
2025-01-29 18:42:41,168 INFO c.h.h.t.HelmChartContainer - [K3S] [reconciler_common.go:162] "operationExecutor.UnmountVolume started for volume \"broker-configuration\" (UniqueName: \"kubernetes.io/configmap/72aeed9e-d82b-4122-a634-0f240d1bd4dd-broker-configuration\") pod \"72aeed9e-d82b-4122-a634-0f240d1bd4dd\" (UID: \"72aeed9e-d82b-4122-a634-0f240d1bd4dd\") "
2025-01-29 18:42:41,168 INFO c.h.h.t.HelmChartContainer - [K3S] [reconciler_common.go:162] "operationExecutor.UnmountVolume started for volume \"kube-api-access-jkvc5\" (UniqueName: \"kubernetes.io/projected/72aeed9e-d82b-4122-a634-0f240d1bd4dd-kube-api-access-jkvc5\") pod \"72aeed9e-d82b-4122-a634-0f240d1bd4dd\" (UID: \"72aeed9e-d82b-4122-a634-0f240d1bd4dd\") "
2025-01-29 18:42:41,168 INFO c.h.h.t.HelmChartContainer - [K3S] [reconciler_common.go:162] "operationExecutor.UnmountVolume started for volume \"data\" (UniqueName: \"kubernetes.io/local-volume/pvc-edd45a52-47ff-4a21-98d7-0eb61a219e3e\") pod \"72aeed9e-d82b-4122-a634-0f240d1bd4dd\" (UID: \"72aeed9e-d82b-4122-a634-0f240d1bd4dd\") "
2025-01-29 18:42:41,175 DEBUG com.hivemq.helmcharts.util.K8sUtil - Comparing actual state 'RUNNING' and waiting for 'RUNNING'
2025-01-29 18:42:41,183 INFO c.h.h.t.HelmChartContainer - [hivemq-test-hivemq-platform] [hivemq-platform-operator] [d3bb76c6] 18:42:41.181 [pool-6-thread-26] DEBUG c.h.p.o.d.PlatformServiceResource - [helmlega] Desired Platform services (4 services)
2025-01-29 18:42:41,212 INFO c.h.h.util.ControlCenterUtil - Log into CC on hivemq-test-hivemq-legacy-platform-cc:8080 (username: admin) (password: hivemq) (TLS: false)
2025-01-29 18:42:41,240 INFO c.h.h.t.HelmChartContainer - [hivemq-test-hivemq-platform] [hivemq-platform-operator] [d3bb76c6] 18:42:41.238 [pool-6-thread-21] DEBUG c.h.p.o.d.PodServiceAccountResource - [helmlega] Desired PodServiceAccountResource (serviceAccountName: hivemq-platform-pod-test-hivemq-legacy-platform)
2025-01-29 18:42:41,242 INFO c.h.h.t.HelmChartContainer - [hivemq-test-hivemq-platform] [hivemq-platform-operator] [d3bb76c6] 18:42:41.241 [pool-6-thread-30] DEBUG c.h.p.o.dependants.PodInfoConfigMap - [helmlega] Desired PodInfo ConfigMap (2 extensions) (1 enabled)
2025-01-29 18:42:41,244 INFO c.h.h.t.HelmChartContainer - [hivemq-test-hivemq-platform] [hivemq-platform-operator] [d3bb76c6] 18:42:41.241 [pool-6-thread-30] DEBUG c.h.p.o.dependants.PodInfoConfigMap - [helmlega] Desired PodInfo ConfigMap (metrics port: 9399) (metrics path: /)
2025-01-29 18:42:41,244 INFO c.h.h.t.HelmChartContainer - [hivemq-test-hivemq-platform] [hivemq-platform-operator] [d3bb76c6] 18:42:41.241 [pool-6-thread-30] DEBUG c.h.p.o.dependants.PodInfoConfigMap - [helmlega] Desired PodInfo ConfigMap (extension state hash: -1203431371)
2025-01-29 18:42:41,245 INFO c.h.h.t.HelmChartContainer - [hivemq-test-hivemq-platform] [hivemq-platform-operator] [d3bb76c6] 18:42:41.241 [pool-6-thread-30] DEBUG c.h.p.o.dependants.PodInfoConfigMap - [helmlega] Update PodInfo ConfigMap
2025-01-29 18:42:41,259 INFO c.h.h.t.HelmChartContainer - [hivemq-test-hivemq-platform] [hivemq-platform-operator] [d3bb76c6] 18:42:41.256 [pool-6-thread-30] DEBUG c.h.p.o.d.StatefulSetResource - [helmlega] Desired StatefulSet (1 replicas) for status RUNNING (READY)
2025-01-29 18:42:41,266 INFO c.h.h.t.HelmChartContainer - [hivemq-test-hivemq-platform] [hivemq-platform-operator] [d3bb76c6] 18:42:41.261 [ReconcilerExecutor-hivemq-controller-152] INFO  c.h.p.o.HiveMQPlatformReconciler - [helmlega] Reconciling HiveMQ Platform 'test-hivemq-legacy-platform' in namespace 'helmlegacystatefulsetmigrationit-operator'
2025-01-29 18:42:41,267 INFO c.h.h.t.HelmChartContainer - [hivemq-test-hivemq-platform] [hivemq-platform-operator] [d3bb76c6] 18:42:41.262 [ReconcilerExecutor-hivemq-controller-152] DEBUG c.h.p.o.HiveMQPlatformReconciler - [helmlega] Custom Resource Status RUNNING - HiveMQ Platform is ready (READY)
2025-01-29 18:42:41,269 INFO c.h.h.t.HelmChartContainer - [hivemq-test-hivemq-platform] [hivemq-platform-operator] [d3bb76c6] 18:42:41.262 [ReconcilerExecutor-hivemq-controller-152] DEBUG c.h.p.o.HiveMQPlatformReconciler - [helmlega] Custom Resource Spec (replicas: 1) (extensions: 2)
2025-01-29 18:42:41,269 INFO c.h.h.t.HelmChartContainer - [hivemq-test-hivemq-platform] [hivemq-platform-operator] [d3bb76c6] 18:42:41.263 [ReconcilerExecutor-hivemq-controller-152] DEBUG c.h.p.o.HiveMQPlatformReconciler - [helmlega] StatefulSet Status (revision: test-hivemq-legacy-platform-65df8dcb7f, replicas: 2, available: 1, ready: 1, current: 1, updated: 1)
2025-01-29 18:42:41,269 INFO c.h.h.t.HelmChartContainer - [hivemq-test-hivemq-platform] [hivemq-platform-operator] [d3bb76c6] 18:42:41.263 [ReconcilerExecutor-hivemq-controller-152] DEBUG c.h.p.o.HiveMQPlatformReconciler - [helmlega] StatefulSet Spec (replicas: 1, init containers: 1, containers: 1, volumes: 6)
2025-01-29 18:42:41,269 INFO c.h.h.t.HelmChartContainer - [hivemq-test-hivemq-platform] [hivemq-platform-operator] [d3bb76c6] 18:42:41.265 [ReconcilerExecutor-hivemq-controller-152] DEBUG c.h.p.o.h.HiveMQPlatformReconcilerErrorHandler - [helmlega] Pod 'test-hivemq-legacy-platform-0' phase Running
2025-01-29 18:42:41,269 INFO c.h.h.t.HelmChartContainer - [K3S] [reconciler_common.go:292] "operationExecutor.UnmountDevice started for volume \"pvc-edd45a52-47ff-4a21-98d7-0eb61a219e3e\" (UniqueName: \"kubernetes.io/local-volume/pvc-edd45a52-47ff-4a21-98d7-0eb61a219e3e\") on node \"b7418fb8ab78\" "
2025-01-29 18:42:41,269 INFO c.h.h.t.HelmChartContainer - [K3S] [reconciler_common.go:299] "Volume detached for volume \"ese-file-realm\" (UniqueName: \"kubernetes.io/configmap/72aeed9e-d82b-4122-a634-0f240d1bd4dd-ese-file-realm\") on node \"b7418fb8ab78\" DevicePath \"\""
2025-01-29 18:42:41,269 INFO c.h.h.t.HelmChartContainer - [K3S] [reconciler_common.go:299] "Volume detached for volume \"extension-configuration-hivemq-enterprise-security-extension\" (UniqueName: \"kubernetes.io/configmap/72aeed9e-d82b-4122-a634-0f240d1bd4dd-extension-configuration-hivemq-enterprise-security-extension\") on node \"b7418fb8ab78\" DevicePath \"\""
2025-01-29 18:42:41,269 INFO c.h.h.t.HelmChartContainer - [K3S] [reconciler_common.go:299] "Volume detached for volume \"pod-info\" (UniqueName: \"kubernetes.io/configmap/72aeed9e-d82b-4122-a634-0f240d1bd4dd-pod-info\") on node \"b7418fb8ab78\" DevicePath \"\""
2025-01-29 18:42:41,270 INFO c.h.h.t.HelmChartContainer - [K3S] [reconciler_common.go:299] "Volume detached for volume \"operator-init\" (UniqueName: \"kubernetes.io/empty-dir/72aeed9e-d82b-4122-a634-0f240d1bd4dd-operator-init\") on node \"b7418fb8ab78\" DevicePath \"\""
2025-01-29 18:42:41,270 INFO c.h.h.t.HelmChartContainer - [K3S] [reconciler_common.go:299] "Volume detached for volume \"broker-configuration\" (UniqueName: \"kubernetes.io/configmap/72aeed9e-d82b-4122-a634-0f240d1bd4dd-broker-configuration\") on node \"b7418fb8ab78\" DevicePath \"\""
2025-01-29 18:42:41,270 INFO c.h.h.t.HelmChartContainer - [K3S] [reconciler_common.go:299] "Volume detached for volume \"kube-api-access-jkvc5\" (UniqueName: \"kubernetes.io/projected/72aeed9e-d82b-4122-a634-0f240d1bd4dd-kube-api-access-jkvc5\") on node \"b7418fb8ab78\" DevicePath \"\""
2025-01-29 18:42:41,369 INFO c.h.h.t.HelmChartContainer - [K3S] [reconciler_common.go:299] "Volume detached for volume \"pvc-edd45a52-47ff-4a21-98d7-0eb61a219e3e\" (UniqueName: \"kubernetes.io/local-volume/pvc-edd45a52-47ff-4a21-98d7-0eb61a219e3e\") on node \"b7418fb8ab78\" DevicePath \"\""
2025-01-29 18:42:42,054 INFO c.h.h.t.HelmChartContainer - [K3S] [scope.go:117] "RemoveContainer" containerID="969946d55e5e249e7ef87ae9e74caa51830ab4b3cb8e9e7a1d7b0c806d8eea13"
2025-01-29 18:42:42,058 INFO c.h.h.t.HelmChartContainer - [K3S] [scope.go:117] "RemoveContainer" containerID="7086398186a5b4eb3eae133c9d5c821023135cd5886d12989fbcd4425af8b985"
2025-01-29 18:42:42,063 INFO c.h.h.t.HelmChartContainer - [K3S] [scope.go:117] "RemoveContainer" containerID="969946d55e5e249e7ef87ae9e74caa51830ab4b3cb8e9e7a1d7b0c806d8eea13"
2025-01-29 18:42:42,065 INFO c.h.h.t.HelmChartContainer - [K3S] [scope.go:117] "RemoveContainer" containerID="7086398186a5b4eb3eae133c9d5c821023135cd5886d12989fbcd4425af8b985"
2025-01-29 18:42:42,073 INFO c.h.h.t.HelmChartContainer - [POD] test-hivemq-legacy-platform-1 [72aeed9e-d82b-4122-a634-0f240d1bd4dd] in helmlegacystatefulsetmigrationit-operator was MODIFIED
2025-01-29 18:42:42,074 INFO c.h.h.t.HelmChartContainer - [POD] test-hivemq-legacy-platform-1 [72aeed9e-d82b-4122-a634-0f240d1bd4dd] in helmlegacystatefulsetmigrationit-operator was DELETED
2025-01-29 18:42:42,084 INFO c.h.h.t.HelmChartContainer - [hivemq-test-hivemq-platform] [hivemq-platform-operator] [d3bb76c6] 18:42:42.082 [pool-6-thread-36] DEBUG c.h.p.o.d.PlatformServiceResource - [helmlega] Desired Platform services (4 services)
2025-01-29 18:42:42,086 INFO c.h.h.t.HelmChartContainer - [hivemq-test-hivemq-platform] [hivemq-platform-operator] [d3bb76c6] 18:42:42.083 [pool-6-thread-40] DEBUG c.h.p.o.dependants.PodInfoConfigMap - [helmlega] Desired PodInfo ConfigMap (2 extensions) (1 enabled)
2025-01-29 18:42:42,088 INFO c.h.h.t.HelmChartContainer - [hivemq-test-hivemq-platform] [hivemq-platform-operator] [d3bb76c6] 18:42:42.084 [pool-6-thread-40] DEBUG c.h.p.o.dependants.PodInfoConfigMap - [helmlega] Desired PodInfo ConfigMap (metrics port: 9399) (metrics path: /)
2025-01-29 18:42:42,089 INFO c.h.h.t.HelmChartContainer - [hivemq-test-hivemq-platform] [hivemq-platform-operator] [d3bb76c6] 18:42:42.084 [pool-6-thread-40] DEBUG c.h.p.o.dependants.PodInfoConfigMap - [helmlega] Desired PodInfo ConfigMap (extension state hash: -1203431371)
2025-01-29 18:42:42,089 INFO c.h.h.t.HelmChartContainer - [hivemq-test-hivemq-platform] [hivemq-platform-operator] [d3bb76c6] 18:42:42.086 [pool-6-thread-32] DEBUG c.h.p.o.d.PodServiceAccountResource - [helmlega] Desired PodServiceAccountResource (serviceAccountName: hivemq-platform-pod-test-hivemq-legacy-platform)
2025-01-29 18:42:42,098 INFO c.h.h.t.HelmChartContainer - [hivemq-test-hivemq-platform] [hivemq-platform-operator] [d3bb76c6] 18:42:42.094 [pool-6-thread-36] DEBUG c.h.p.o.d.StatefulSetResource - [helmlega] Desired StatefulSet (1 replicas) for status RUNNING (READY)
2025-01-29 18:42:42,098 INFO c.h.h.t.HelmChartContainer - [hivemq-test-hivemq-platform] [hivemq-platform-operator] [d3bb76c6] 18:42:42.097 [ReconcilerExecutor-hivemq-controller-153] INFO  c.h.p.o.HiveMQPlatformReconciler - [helmlega] Reconciling HiveMQ Platform 'test-hivemq-legacy-platform' in namespace 'helmlegacystatefulsetmigrationit-operator'
2025-01-29 18:42:42,099 INFO c.h.h.t.HelmChartContainer - [hivemq-test-hivemq-platform] [hivemq-platform-operator] [d3bb76c6] 18:42:42.098 [ReconcilerExecutor-hivemq-controller-153] DEBUG c.h.p.o.HiveMQPlatformReconciler - [helmlega] Custom Resource Status RUNNING - HiveMQ Platform is ready (READY)
2025-01-29 18:42:42,099 INFO c.h.h.t.HelmChartContainer - [hivemq-test-hivemq-platform] [hivemq-platform-operator] [d3bb76c6] 18:42:42.098 [ReconcilerExecutor-hivemq-controller-153] DEBUG c.h.p.o.HiveMQPlatformReconciler - [helmlega] Custom Resource Spec (replicas: 1) (extensions: 2)
2025-01-29 18:42:42,100 INFO c.h.h.t.HelmChartContainer - [hivemq-test-hivemq-platform] [hivemq-platform-operator] [d3bb76c6] 18:42:42.100 [ReconcilerExecutor-hivemq-controller-153] DEBUG c.h.p.o.HiveMQPlatformReconciler - [helmlega] StatefulSet Status (revision: test-hivemq-legacy-platform-65df8dcb7f, replicas: 1, available: 1, ready: 1, current: 1, updated: 1)
2025-01-29 18:42:42,101 INFO c.h.h.t.HelmChartContainer - [hivemq-test-hivemq-platform] [hivemq-platform-operator] [d3bb76c6] 18:42:42.100 [ReconcilerExecutor-hivemq-controller-153] DEBUG c.h.p.o.HiveMQPlatformReconciler - [helmlega] StatefulSet Spec (replicas: 1, init containers: 1, containers: 1, volumes: 6)
2025-01-29 18:42:42,103 INFO c.h.h.t.HelmChartContainer - [hivemq-test-hivemq-platform] [hivemq-platform-operator] [d3bb76c6] 18:42:42.101 [ReconcilerExecutor-hivemq-controller-153] DEBUG c.h.p.o.h.HiveMQPlatformReconcilerErrorHandler - [helmlega] Pod 'test-hivemq-legacy-platform-0' phase Running
2025-01-29 18:42:42,145 INFO c.h.h.t.HelmChartContainer - [hivemq-test-hivemq-platform] [hivemq-platform-operator] [d3bb76c6] 18:42:42.142 [pool-6-thread-45] DEBUG c.h.p.o.d.PlatformServiceResource - [helmlega] Desired Platform services (4 services)
2025-01-29 18:42:42,146 INFO c.h.h.t.HelmChartContainer - [hivemq-test-hivemq-platform] [hivemq-platform-operator] [d3bb76c6] 18:42:42.143 [pool-6-thread-46] DEBUG c.h.p.o.dependants.PodInfoConfigMap - [helmlega] Desired PodInfo ConfigMap (2 extensions) (1 enabled)
2025-01-29 18:42:42,146 INFO c.h.h.t.HelmChartContainer - [hivemq-test-hivemq-platform] [hivemq-platform-operator] [d3bb76c6] 18:42:42.143 [pool-6-thread-46] DEBUG c.h.p.o.dependants.PodInfoConfigMap - [helmlega] Desired PodInfo ConfigMap (metrics port: 9399) (metrics path: /)
2025-01-29 18:42:42,146 INFO c.h.h.t.HelmChartContainer - [hivemq-test-hivemq-platform] [hivemq-platform-operator] [d3bb76c6] 18:42:42.143 [pool-6-thread-46] DEBUG c.h.p.o.dependants.PodInfoConfigMap - [helmlega] Desired PodInfo ConfigMap (extension state hash: -1203431371)
2025-01-29 18:42:42,146 INFO c.h.h.t.HelmChartContainer - [hivemq-test-hivemq-platform] [hivemq-platform-operator] [d3bb76c6] 18:42:42.143 [pool-6-thread-42] DEBUG c.h.p.o.d.PodServiceAccountResource - [helmlega] Desired PodServiceAccountResource (serviceAccountName: hivemq-platform-pod-test-hivemq-legacy-platform)
2025-01-29 18:42:42,150 INFO c.h.h.t.HelmChartContainer - [hivemq-test-hivemq-platform] [hivemq-platform-operator] [d3bb76c6] 18:42:42.150 [pool-6-thread-45] DEBUG c.h.p.o.d.StatefulSetResource - [helmlega] Desired StatefulSet (1 replicas) for status RUNNING (READY)
2025-01-29 18:42:42,155 INFO c.h.h.t.HelmChartContainer - [hivemq-test-hivemq-platform] [hivemq-platform-operator] [d3bb76c6] 18:42:42.154 [ReconcilerExecutor-hivemq-controller-154] INFO  c.h.p.o.HiveMQPlatformReconciler - [helmlega] Reconciling HiveMQ Platform 'test-hivemq-legacy-platform' in namespace 'helmlegacystatefulsetmigrationit-operator'
2025-01-29 18:42:42,157 INFO c.h.h.t.HelmChartContainer - [hivemq-test-hivemq-platform] [hivemq-platform-operator] [d3bb76c6] 18:42:42.154 [ReconcilerExecutor-hivemq-controller-154] DEBUG c.h.p.o.HiveMQPlatformReconciler - [helmlega] Custom Resource Status RUNNING - HiveMQ Platform is ready (READY)
2025-01-29 18:42:42,157 INFO c.h.h.t.HelmChartContainer - [hivemq-test-hivemq-platform] [hivemq-platform-operator] [d3bb76c6] 18:42:42.154 [ReconcilerExecutor-hivemq-controller-154] DEBUG c.h.p.o.HiveMQPlatformReconciler - [helmlega] Custom Resource Spec (replicas: 1) (extensions: 2)
2025-01-29 18:42:42,161 INFO c.h.h.t.HelmChartContainer - [hivemq-test-hivemq-platform] [hivemq-platform-operator] [d3bb76c6] 18:42:42.159 [ReconcilerExecutor-hivemq-controller-154] DEBUG c.h.p.o.HiveMQPlatformReconciler - [helmlega] StatefulSet Status (revision: test-hivemq-legacy-platform-65df8dcb7f, replicas: 1, available: 1, ready: 1, current: 1, updated: 1)
2025-01-29 18:42:42,161 INFO c.h.h.t.HelmChartContainer - [hivemq-test-hivemq-platform] [hivemq-platform-operator] [d3bb76c6] 18:42:42.160 [ReconcilerExecutor-hivemq-controller-154] DEBUG c.h.p.o.HiveMQPlatformReconciler - [helmlega] StatefulSet Spec (replicas: 1, init containers: 1, containers: 1, volumes: 6)
2025-01-29 18:42:42,165 INFO c.h.h.t.HelmChartContainer - [hivemq-test-hivemq-platform] [hivemq-platform-operator] [d3bb76c6] 18:42:42.164 [ReconcilerExecutor-hivemq-controller-154] DEBUG c.h.p.o.h.HiveMQPlatformReconcilerErrorHandler - [helmlega] Pod 'test-hivemq-legacy-platform-0' phase Running
2025-01-29 18:42:43,468 INFO c.h.h.t.HelmChartContainer - [K3S] [kubelet_volumes.go:163] "Cleaned up orphaned pod volumes dir" podUID="72aeed9e-d82b-4122-a634-0f240d1bd4dd" path="/var/lib/kubelet/pods/72aeed9e-d82b-4122-a634-0f240d1bd4dd/volumes"
2025-01-29 18:42:43,607 INFO c.h.h.util.ControlCenterUtil - Login attempt 1 was successful
2025-01-29 18:42:43,607 INFO com.hivemq.helmcharts.util.MqttUtil - Asserting retained messages on 30 topics...
2025-01-29 18:42:45,523 INFO com.hivemq.helmcharts.util.MqttUtil - Asserted retained messages (1915 ms)
2025-01-29 18:42:45,523 INFO c.hivemq.helmcharts.util.RestAPIUtil - Checking authorization for REST API on hivemq-test-hivemq-legacy-platform-api:8888 (username: user) (password: password) (endpoint path: /api/v1/mqtt/clients)
2025-01-29 18:42:45,691 INFO c.h.helmcharts.util.MonitoringUtil - Asserting Prometheus subscribes metrics...
2025-01-29 18:42:46,368 INFO c.h.helmcharts.util.MonitoringUtil - Asserted subscribes metrics (677 ms)
2025-01-29 18:42:46,371 INFO c.h.h.t.HelmChartContainer - Uninstalling release 'test-hivemq-legacy-platform' in namespace 'helmlegacystatefulsetmigrationit-operator'...
2025-01-29 18:42:46,371 DEBUG c.h.h.t.HelmChartContainer - Executing helm command: /bin/helm --kubeconfig /etc/rancher/k3s/k3s.yaml uninstall test-hivemq-legacy-platform  --wait --timeout 5m0s --cascade foreground --namespace helmlegacystatefulsetmigrationit-operator
2025-01-29 18:42:46,554 INFO c.h.h.t.HelmChartContainer - [hivemq-test-hivemq-platform] [hivemq-platform-operator] [d3bb76c6] 18:42:46.553 [pool-6-thread-9] DEBUG c.h.p.o.d.PlatformServiceResource - [helmlega] Desired Platform services (4 services)
2025-01-29 18:42:46,565 INFO c.h.h.t.HelmChartContainer - [hivemq-test-hivemq-platform] [hivemq-platform-operator] [d3bb76c6] 18:42:46.556 [pool-6-thread-10] DEBUG c.h.p.o.d.PodServiceAccountResource - [helmlega] Desired PodServiceAccountResource (serviceAccountName: hivemq-platform-pod-test-hivemq-legacy-platform)
2025-01-29 18:42:46,571 INFO c.h.h.t.HelmChartContainer - [hivemq-test-hivemq-platform] [hivemq-platform-operator] [d3bb76c6] 18:42:46.559 [pool-6-thread-4] DEBUG c.h.p.o.dependants.PodInfoConfigMap - [helmlega] Desired PodInfo ConfigMap (2 extensions) (1 enabled)
2025-01-29 18:42:46,571 INFO c.h.h.t.HelmChartContainer - [hivemq-test-hivemq-platform] [hivemq-platform-operator] [d3bb76c6] 18:42:46.560 [pool-6-thread-4] DEBUG c.h.p.o.dependants.PodInfoConfigMap - [helmlega] Desired PodInfo ConfigMap (metrics port: 9399) (metrics path: /)
2025-01-29 18:42:46,571 INFO c.h.h.t.HelmChartContainer - [hivemq-test-hivemq-platform] [hivemq-platform-operator] [d3bb76c6] 18:42:46.561 [pool-6-thread-4] DEBUG c.h.p.o.dependants.PodInfoConfigMap - [helmlega] Desired PodInfo ConfigMap (extension state hash: -1203431371)
2025-01-29 18:42:46,571 INFO c.h.h.t.HelmChartContainer - [hivemq-test-hivemq-platform] [hivemq-platform-operator] [d3bb76c6] 18:42:46.562 [pool-6-thread-9] DEBUG c.h.p.o.d.StatefulSetResource - [helmlega] Desired StatefulSet (1 replicas) for status RUNNING (READY)
2025-01-29 18:42:46,571 INFO c.h.h.t.HelmChartContainer - [hivemq-test-hivemq-platform] [hivemq-platform-operator] [d3bb76c6] 18:42:46.566 [ReconcilerExecutor-hivemq-controller-155] INFO  c.h.p.o.HiveMQPlatformReconciler - [helmlega] Reconciling HiveMQ Platform 'test-hivemq-legacy-platform' in namespace 'helmlegacystatefulsetmigrationit-operator'
2025-01-29 18:42:46,571 INFO c.h.h.t.HelmChartContainer - [hivemq-test-hivemq-platform] [hivemq-platform-operator] [d3bb76c6] 18:42:46.566 [ReconcilerExecutor-hivemq-controller-155] DEBUG c.h.p.o.HiveMQPlatformReconciler - [helmlega] Custom Resource Status RUNNING - HiveMQ Platform is ready (READY)
2025-01-29 18:42:46,571 INFO c.h.h.t.HelmChartContainer - [hivemq-test-hivemq-platform] [hivemq-platform-operator] [d3bb76c6] 18:42:46.566 [ReconcilerExecutor-hivemq-controller-155] DEBUG c.h.p.o.HiveMQPlatformReconciler - [helmlega] Custom Resource Spec (replicas: 1) (extensions: 2)
2025-01-29 18:42:46,571 INFO c.h.h.t.HelmChartContainer - [hivemq-test-hivemq-platform] [hivemq-platform-operator] [d3bb76c6] 18:42:46.567 [ReconcilerExecutor-hivemq-controller-155] DEBUG c.h.p.o.HiveMQPlatformReconciler - [helmlega] StatefulSet Status (revision: test-hivemq-legacy-platform-65df8dcb7f, replicas: 1, available: 1, ready: 1, current: 1, updated: 1)
2025-01-29 18:42:46,571 INFO c.h.h.t.HelmChartContainer - [hivemq-test-hivemq-platform] [hivemq-platform-operator] [d3bb76c6] 18:42:46.567 [ReconcilerExecutor-hivemq-controller-155] DEBUG c.h.p.o.HiveMQPlatformReconciler - [helmlega] StatefulSet Spec (replicas: 1, init containers: 1, containers: 1, volumes: 6)
2025-01-29 18:42:46,571 INFO c.h.h.t.HelmChartContainer - [hivemq-test-hivemq-platform] [hivemq-platform-operator] [d3bb76c6] 18:42:46.569 [ReconcilerExecutor-hivemq-controller-155] DEBUG c.h.p.o.h.HiveMQPlatformReconcilerErrorHandler - [helmlega] Pod 'test-hivemq-legacy-platform-0' phase Running
2025-01-29 18:42:46,578 INFO c.h.h.t.HelmChartContainer - [hivemq-test-hivemq-platform] [hivemq-platform-operator] [d3bb76c6] 18:42:46.575 [ReconcilerExecutor-hivemq-controller-156] INFO  c.h.p.o.HiveMQPlatformReconciler - [helmlega] Cleanup test-hivemq-legacy-platform - helmlegacystatefulsetmigrationit-operator HiveMQ Platform is shut down
2025-01-29 18:42:47,459 INFO c.h.h.t.HelmChartContainer - [POD] test-hivemq-legacy-platform-0 [0769f6a4-7e20-439f-82a8-d2823e1e8854] in helmlegacystatefulsetmigrationit-operator was MODIFIED
2025-01-29 18:42:47,463 INFO c.h.h.t.HelmChartContainer - [EVENT] Normal [Killing] Stopping container hivemq [helmlegacystatefulsetmigrationit-operator:test-hivemq-legacy-platform-0]
2025-01-29 18:42:47,463 INFO c.h.h.t.HelmChartContainer - Received Killing event for container hivemq in pod test-hivemq-legacy-platform-0 [0769f6a4-7e20-439f-82a8-d2823e1e8854]
2025-01-29 18:42:47,463 INFO c.h.h.t.HelmChartContainer - Container [test-hivemq-legacy-platform-0] [hivemq] [0769f6a4-7e20-439f-82a8-d2823e1e8854] was terminated
2025-01-29 18:42:47,463 INFO c.h.h.t.HelmChartContainer - Stopped log watcher for hivemq in pod test-hivemq-legacy-platform-0 [0769f6a4-7e20-439f-82a8-d2823e1e8854]
2025-01-29 18:42:47,474 INFO c.h.h.t.HelmChartContainer - [test-hivemq-legacy-platform] [hivemq] [0769f6a4] INFO  - [HiveMQ Platform Operator Init App 1.7.0-SNAPSHOT] Shutting down
2025-01-29 18:42:47,474 INFO c.h.h.t.HelmChartContainer - [test-hivemq-legacy-platform] [hivemq] [0769f6a4] INFO  - [HiveMQ Platform Operator Init App 1.7.0-SNAPSHOT] Stopping the HiveMQ Platform
2025-01-29 18:42:47,649 INFO c.h.h.t.HelmChartContainer - [test-hivemq-legacy-platform] [hivemq] [0769f6a4] INFO  - Shutting down HiveMQ. Please wait, this could take a while...
2025-01-29 18:42:47,693 INFO c.h.h.t.HelmChartContainer - [test-hivemq-legacy-platform] [hivemq] [0769f6a4] INFO  - Shutting down listeners and clients
2025-01-29 18:42:47,694 INFO c.h.h.t.HelmChartContainer - [test-hivemq-legacy-platform] [hivemq] [0769f6a4] INFO  - Shutdown of listeners is done
2025-01-29 18:42:47,694 INFO c.h.h.t.HelmChartContainer - [test-hivemq-legacy-platform] [hivemq] [0769f6a4] INFO  - No clients are connected, proceeding with shutdown
2025-01-29 18:42:48,608 INFO c.h.h.t.HelmChartContainer - Release 'test-hivemq-legacy-platform' in namespace 'helmlegacystatefulsetmigrationit-operator' is uninstalled
2025-01-29 18:42:48,608 INFO c.h.h.t.HelmChartContainer - Uninstalling release 'test-hivemq-platform-operator' in namespace 'helmlegacystatefulsetmigrationit-operator'...
2025-01-29 18:42:48,608 DEBUG c.h.h.t.HelmChartContainer - Executing helm command: /bin/helm --kubeconfig /etc/rancher/k3s/k3s.yaml uninstall test-hivemq-platform-operator  --wait --timeout 5m0s --cascade foreground --namespace helmlegacystatefulsetmigrationit-operator
2025-01-29 18:42:48,766 INFO c.h.h.t.HelmChartContainer - [K3S] [replica_set.go:679] "Finished syncing" kind="ReplicaSet" key="helmlegacystatefulsetmigrationit-operator/hivemq-test-hivemq-platform-operator-6966f96d65" duration="9.597412ms"
2025-01-29 18:42:48,767 INFO c.h.h.t.HelmChartContainer - [K3S] [replica_set.go:679] "Finished syncing" kind="ReplicaSet" key="helmlegacystatefulsetmigrationit-operator/hivemq-test-hivemq-platform-operator-6966f96d65" duration="31.55µs"
2025-01-29 18:42:48,907 INFO c.h.h.t.HelmChartContainer - [POD] hivemq-test-hivemq-platform-operator-6966f96d65-lf2vc [d3bb76c6-6896-4e1a-b920-d56de4b27f60] in helmlegacystatefulsetmigrationit-operator was MODIFIED
2025-01-29 18:42:48,910 INFO c.h.h.t.HelmChartContainer - [K3S] [replica_set.go:679] "Finished syncing" kind="ReplicaSet" key="helmlegacystatefulsetmigrationit-operator/hivemq-test-hivemq-platform-operator-6966f96d65" duration="4.197931ms"
2025-01-29 18:42:48,911 INFO c.h.h.t.HelmChartContainer - [K3S] [replica_set.go:679] "Finished syncing" kind="ReplicaSet" key="helmlegacystatefulsetmigrationit-operator/hivemq-test-hivemq-platform-operator-6966f96d65" duration="36.789µs"
2025-01-29 18:42:49,069 INFO c.h.h.t.HelmChartContainer - [EVENT] Normal [Killing] Stopping container hivemq-platform-operator [helmlegacystatefulsetmigrationit-operator:hivemq-test-hivemq-platform-operator-6966f96d65-lf2vc]
2025-01-29 18:42:49,069 INFO c.h.h.t.HelmChartContainer - Received Killing event for container hivemq-platform-operator in pod hivemq-test-hivemq-platform-operator-6966f96d65-lf2vc [d3bb76c6-6896-4e1a-b920-d56de4b27f60]
2025-01-29 18:42:49,069 INFO c.h.h.t.HelmChartContainer - Container [hivemq-test-hivemq-platform-operator-6966f96d65-lf2vc] [hivemq-platform-operator] [d3bb76c6-6896-4e1a-b920-d56de4b27f60] was terminated
2025-01-29 18:42:49,069 INFO c.h.h.t.HelmChartContainer - Stopped log watcher for hivemq-platform-operator in pod hivemq-test-hivemq-platform-operator-6966f96d65-lf2vc [d3bb76c6-6896-4e1a-b920-d56de4b27f60]
2025-01-29 18:42:49,073 INFO c.h.h.t.HelmChartContainer - [hivemq-test-hivemq-platform] [hivemq-platform-operator] [d3bb76c6] 18:42:49.072 [application-shutdown-thread] INFO  c.h.p.o.HiveMQPlatformOperatorApplication - HiveMQ Platform Operator is stopping...
2025-01-29 18:42:49,073 INFO c.h.h.t.HelmChartContainer - [hivemq-test-hivemq-platform] [hivemq-platform-operator] [d3bb76c6] 18:42:49.072 [application-shutdown-thread] INFO  i.javaoperatorsdk.operator.Operator - Operator SDK 4.9.7 is shutting down...
2025-01-29 18:42:49,608 INFO c.h.h.t.HelmChartContainer - [K3S] [replica_set.go:679] "Finished syncing" kind="ReplicaSet" key="helmlegacystatefulsetmigrationit-operator/hivemq-test-hivemq-platform-operator-6966f96d65" duration="40.246µs"
2025-01-29 18:42:49,609 INFO c.h.h.t.HelmChartContainer - [POD] hivemq-test-hivemq-platform-operator-6966f96d65-lf2vc [d3bb76c6-6896-4e1a-b920-d56de4b27f60] in helmlegacystatefulsetmigrationit-operator was MODIFIED
2025-01-29 18:42:49,714 INFO c.h.h.t.HelmChartContainer - [K3S] [reconciler_common.go:162] "operationExecutor.UnmountVolume started for volume \"kube-api-access-wph74\" (UniqueName: \"kubernetes.io/projected/d3bb76c6-6896-4e1a-b920-d56de4b27f60-kube-api-access-wph74\") pod \"d3bb76c6-6896-4e1a-b920-d56de4b27f60\" (UID: \"d3bb76c6-6896-4e1a-b920-d56de4b27f60\") "
2025-01-29 18:42:49,814 INFO c.h.h.t.HelmChartContainer - [K3S] [reconciler_common.go:299] "Volume detached for volume \"kube-api-access-wph74\" (UniqueName: \"kubernetes.io/projected/d3bb76c6-6896-4e1a-b920-d56de4b27f60-kube-api-access-wph74\") on node \"b7418fb8ab78\" DevicePath \"\""
2025-01-29 18:42:50,068 INFO c.h.h.t.HelmChartContainer - [K3S] [scope.go:117] "RemoveContainer" containerID="2a02d50b17e481dfb9a56271a15ed2b752775d611d2368672df70023d6234441"
2025-01-29 18:42:50,072 INFO c.h.h.t.HelmChartContainer - [K3S] [scope.go:117] "RemoveContainer" containerID="2a02d50b17e481dfb9a56271a15ed2b752775d611d2368672df70023d6234441"
2025-01-29 18:42:50,080 INFO c.h.h.t.HelmChartContainer - [K3S] [replica_set.go:679] "Finished syncing" kind="ReplicaSet" key="helmlegacystatefulsetmigrationit-operator/hivemq-test-hivemq-platform-operator-6966f96d65" duration="44.644µs"
2025-01-29 18:42:50,081 INFO c.h.h.t.HelmChartContainer - [POD] hivemq-test-hivemq-platform-operator-6966f96d65-lf2vc [d3bb76c6-6896-4e1a-b920-d56de4b27f60] in helmlegacystatefulsetmigrationit-operator was MODIFIED
2025-01-29 18:42:50,083 INFO c.h.h.t.HelmChartContainer - [POD] hivemq-test-hivemq-platform-operator-6966f96d65-lf2vc [d3bb76c6-6896-4e1a-b920-d56de4b27f60] in helmlegacystatefulsetmigrationit-operator was DELETED
2025-01-29 18:42:50,083 INFO c.h.h.t.HelmChartContainer - [K3S] [replica_set.go:679] "Finished syncing" kind="ReplicaSet" key="helmlegacystatefulsetmigrationit-operator/hivemq-test-hivemq-platform-operator-6966f96d65" duration="28.624µs"
2025-01-29 18:42:50,092 INFO c.h.h.t.HelmChartContainer - [K3S] [replica_set.go:679] "Finished syncing" kind="ReplicaSet" key="helmlegacystatefulsetmigrationit-operator/hivemq-test-hivemq-platform-operator-6966f96d65" duration="5.671µs"
2025-01-29 18:42:50,404 INFO c.h.h.t.HelmChartContainer - [test-hivemq-legacy-platform] [hivemq] [0769f6a4] INFO  - [HiveMQ Platform Operator Init App 1.7.0-SNAPSHOT] Returning shutdown Health API response 503 for readiness
2025-01-29 18:42:50,408 INFO c.h.h.t.HelmChartContainer - [EVENT] Warning [Unhealthy] Readiness probe failed: HTTP probe failed with statuscode: 503 [helmlegacystatefulsetmigrationit-operator:test-hivemq-legacy-platform-0]
2025-01-29 18:42:50,408 INFO c.h.h.t.HelmChartContainer - Received Unhealthy event for container hivemq in pod test-hivemq-legacy-platform-0 [0769f6a4-7e20-439f-82a8-d2823e1e8854]
2025-01-29 18:42:50,753 INFO c.h.h.t.HelmChartContainer - [test-hivemq-legacy-platform] [hivemq] [0769f6a4] INFO  - Shutting down extension system
2025-01-29 18:42:50,758 INFO c.h.h.t.HelmChartContainer - [test-hivemq-legacy-platform] [hivemq] [0769f6a4] INFO  - Stopping extension with id hivemq-dns-cluster-discovery
2025-01-29 18:42:50,760 INFO c.h.h.t.HelmChartContainer - [test-hivemq-legacy-platform] [hivemq] [0769f6a4] INFO  - Extension "DNS Cluster Discovery Extension" version 4.3.2 stopped successfully.
2025-01-29 18:42:50,760 INFO c.h.h.t.HelmChartContainer - [test-hivemq-legacy-platform] [hivemq] [0769f6a4] INFO  - Stopping extension with id hivemq-prometheus-extension
2025-01-29 18:42:50,763 INFO c.h.h.t.HelmChartContainer - [test-hivemq-legacy-platform] [hivemq] [0769f6a4] INFO  - Extension "Prometheus Monitoring Extension" version 4.0.12 stopped successfully.
2025-01-29 18:42:50,763 INFO c.h.h.t.HelmChartContainer - [test-hivemq-legacy-platform] [hivemq] [0769f6a4] INFO  - Stopping extension with id hivemq-enterprise-security-extension
2025-01-29 18:42:50,763 INFO c.h.h.t.HelmChartContainer - [test-hivemq-legacy-platform] [hivemq] [0769f6a4] INFO  - HiveMQ Enterprise Security Extension: Shutting down HiveMQ Enterprise Security Extension.
2025-01-29 18:42:50,807 INFO c.h.h.t.HelmChartContainer - Deleting namespace 'helmlegacystatefulsetmigrationit-operator'...
2025-01-29 18:42:51,358 INFO c.h.h.t.HelmChartContainer - [K3S] [authentication.go:74] "Unable to authenticate the request" err="[invalid bearer token, serviceaccounts \"hivemq-platform-pod-test-hivemq-legacy-platform\" not found]"
2025-01-29 18:42:51,375 INFO c.h.h.t.HelmChartContainer - [K3S] [authentication.go:74] "Unable to authenticate the request" err="[invalid bearer token, serviceaccounts \"hivemq-platform-pod-test-hivemq-legacy-platform\" not found]"
2025-01-29 18:42:51,384 INFO c.h.h.t.HelmChartContainer - [test-hivemq-legacy-platform] [hivemq] [0769f6a4] WARN  - [HiveMQ Platform Operator Init App 1.7.0-SNAPSHOT] Could not update Pod annotations: Failure executing: GET at: https://10.43.0.1:443/api/v1/namespaces/helmlegacystatefulsetmigrationit-operator/pods/test-hivemq-legacy-platform-0. Message: Unauthorized. Received status: Status(apiVersion=v1, code=401, details=null, kind=Status, message=Unauthorized, metadata=ListMeta(_continue=null, remainingItemCount=null, resourceVersion=null, selfLink=null, additionalProperties={}), reason=Unauthorized, status=Failure, additionalProperties={}).
2025-01-29 18:42:51,467 INFO c.h.h.t.HelmChartContainer - [K3S] [kubelet_volumes.go:163] "Cleaned up orphaned pod volumes dir" podUID="d3bb76c6-6896-4e1a-b920-d56de4b27f60" path="/var/lib/kubelet/pods/d3bb76c6-6896-4e1a-b920-d56de4b27f60/volumes"
2025-01-29 18:42:53,765 INFO c.h.h.t.HelmChartContainer - [test-hivemq-legacy-platform] [hivemq] [0769f6a4] INFO  - HiveMQ Enterprise Security Extension: Stopped HiveMQ Enterprise Security Extension successfully in 3002ms.
2025-01-29 18:42:53,766 INFO c.h.h.t.HelmChartContainer - [test-hivemq-legacy-platform] [hivemq] [0769f6a4] INFO  - Extension "HiveMQ Enterprise Security Extension" version 4.36.0 stopped successfully.
2025-01-29 18:42:55,408 INFO c.h.h.t.HelmChartContainer - [EVENT] Warning [Unhealthy] Readiness probe failed: HTTP probe failed with statuscode: 503 [helmlegacystatefulsetmigrationit-operator:test-hivemq-legacy-platform-0]
2025-01-29 18:42:55,408 INFO c.h.h.t.HelmChartContainer - Received Unhealthy event for container hivemq in pod test-hivemq-legacy-platform-0 [0769f6a4-7e20-439f-82a8-d2823e1e8854]
2025-01-29 18:42:56,061 INFO c.h.h.t.HelmChartContainer - [K3S] [replica_set.go:679] "Finished syncing" kind="ReplicaSet" key="helmlegacystatefulsetmigrationit-operator/test-hivemq-legacy-platform-hivemq-operator-operator-56c5b9f7b7" duration="5.601µs"
2025-01-29 18:42:56,069 INFO c.h.h.t.HelmChartContainer - [POD] test-hivemq-legacy-platform-hivemq-operator-operator-56c5b2tbn4 [ca73677e-fd7d-4a96-b52b-23a76138e219] in helmlegacystatefulsetmigrationit-operator was MODIFIED
2025-01-29 18:42:56,078 INFO c.h.h.t.HelmChartContainer - [test-hivemq-legacy-platform] [operator] [ca73677e] ?[36m18:42:56.076?[0;39m ?[1;30m[Thread-0]?[0;39m ?[34mINFO ?[0;39m ?[35mio.micronaut.runtime.Micronaut?[0;39m - Embedded Application shutting down
2025-01-29 18:42:56,232 INFO c.h.h.t.HelmChartContainer - [K3S] [stateful_set.go:466] "StatefulSet has been deleted" key="helmlegacystatefulsetmigrationit-operator/test-hivemq-legacy-platform"
2025-01-29 18:42:56,324 INFO c.h.h.t.HelmChartContainer - [K3S] [memory_manager.go:355] "RemoveStaleState removing state" podUID="d3bb76c6-6896-4e1a-b920-d56de4b27f60" containerName="hivemq-platform-operator"
2025-01-29 18:42:56,324 INFO c.h.h.t.HelmChartContainer - [K3S] [memory_manager.go:355] "RemoveStaleState removing state" podUID="72aeed9e-d82b-4122-a634-0f240d1bd4dd" containerName="hivemq"
2025-01-29 18:42:56,325 INFO c.h.h.t.HelmChartContainer - [POD] helper-pod-delete-pvc-edd45a52-47ff-4a21-98d7-0eb61a219e3e [ae95dbd2-9bb6-48e6-958a-f0af717ef87f] in kube-system was ADDED
2025-01-29 18:42:56,335 INFO c.h.h.t.HelmChartContainer - [POD] helper-pod-delete-pvc-edd45a52-47ff-4a21-98d7-0eb61a219e3e [ae95dbd2-9bb6-48e6-958a-f0af717ef87f] in kube-system was MODIFIED
2025-01-29 18:42:56,353 INFO c.h.h.t.HelmChartContainer - [K3S] [reconciler_common.go:251] "operationExecutor.VerifyControllerAttachedVolume started for volume \"kube-api-access-n7d9f\" (UniqueName: \"kubernetes.io/projected/ae95dbd2-9bb6-48e6-958a-f0af717ef87f-kube-api-access-n7d9f\") pod \"helper-pod-delete-pvc-edd45a52-47ff-4a21-98d7-0eb61a219e3e\" (UID: \"ae95dbd2-9bb6-48e6-958a-f0af717ef87f\") " pod="kube-system/helper-pod-delete-pvc-edd45a52-47ff-4a21-98d7-0eb61a219e3e"
2025-01-29 18:42:56,353 INFO c.h.h.t.HelmChartContainer - [K3S] [reconciler_common.go:251] "operationExecutor.VerifyControllerAttachedVolume started for volume \"script\" (UniqueName: \"kubernetes.io/configmap/ae95dbd2-9bb6-48e6-958a-f0af717ef87f-script\") pod \"helper-pod-delete-pvc-edd45a52-47ff-4a21-98d7-0eb61a219e3e\" (UID: \"ae95dbd2-9bb6-48e6-958a-f0af717ef87f\") " pod="kube-system/helper-pod-delete-pvc-edd45a52-47ff-4a21-98d7-0eb61a219e3e"
2025-01-29 18:42:56,353 INFO c.h.h.t.HelmChartContainer - [K3S] [reconciler_common.go:251] "operationExecutor.VerifyControllerAttachedVolume started for volume \"data\" (UniqueName: \"kubernetes.io/host-path/ae95dbd2-9bb6-48e6-958a-f0af717ef87f-data\") pod \"helper-pod-delete-pvc-edd45a52-47ff-4a21-98d7-0eb61a219e3e\" (UID: \"ae95dbd2-9bb6-48e6-958a-f0af717ef87f\") " pod="kube-system/helper-pod-delete-pvc-edd45a52-47ff-4a21-98d7-0eb61a219e3e"
2025-01-29 18:42:56,389 INFO c.h.h.t.HelmChartContainer - [K3S] [authentication.go:74] "Unable to authenticate the request" err="[invalid bearer token, serviceaccounts \"hivemq-platform-pod-test-hivemq-legacy-platform\" not found]"
2025-01-29 18:42:56,407 INFO c.h.h.t.HelmChartContainer - [K3S] [authentication.go:74] "Unable to authenticate the request" err="[invalid bearer token, serviceaccounts \"hivemq-platform-pod-test-hivemq-legacy-platform\" not found]"
2025-01-29 18:42:56,443 INFO c.h.h.t.HelmChartContainer - [test-hivemq-legacy-platform] [hivemq] [0769f6a4] WARN  - [HiveMQ Platform Operator Init App 1.7.0-SNAPSHOT] Could not update Pod annotations: Failure executing: GET at: https://10.43.0.1:443/api/v1/namespaces/helmlegacystatefulsetmigrationit-operator/pods/test-hivemq-legacy-platform-0. Message: Unauthorized. Received status: Status(apiVersion=v1, code=401, details=null, kind=Status, message=Unauthorized, metadata=ListMeta(_continue=null, remainingItemCount=null, resourceVersion=null, selfLink=null, additionalProperties={}), reason=Unauthorized, status=Failure, additionalProperties={}).
2025-01-29 18:42:56,566 INFO c.h.h.t.HelmChartContainer - [POD] test-hivemq-legacy-platform-hivemq-operator-operator-56c5b2tbn4 [ca73677e-fd7d-4a96-b52b-23a76138e219] in helmlegacystatefulsetmigrationit-operator was MODIFIED
2025-01-29 18:42:56,755 INFO c.h.h.t.HelmChartContainer - [K3S] [reconciler_common.go:162] "operationExecutor.UnmountVolume started for volume \"kube-api-access-bjv69\" (UniqueName: \"kubernetes.io/projected/ca73677e-fd7d-4a96-b52b-23a76138e219-kube-api-access-bjv69\") pod \"ca73677e-fd7d-4a96-b52b-23a76138e219\" (UID: \"ca73677e-fd7d-4a96-b52b-23a76138e219\") "
2025-01-29 18:42:56,755 INFO c.h.h.t.HelmChartContainer - [K3S] [reconciler_common.go:162] "operationExecutor.UnmountVolume started for volume \"templates\" (UniqueName: \"kubernetes.io/configmap/ca73677e-fd7d-4a96-b52b-23a76138e219-templates\") pod \"ca73677e-fd7d-4a96-b52b-23a76138e219\" (UID: \"ca73677e-fd7d-4a96-b52b-23a76138e219\") "
2025-01-29 18:42:56,803 INFO c.h.h.t.HelmChartContainer - [test-hivemq-legacy-platform] [hivemq] [0769f6a4] INFO  - Shutdown completed.
2025-01-29 18:42:56,855 INFO c.h.h.t.HelmChartContainer - [K3S] [reconciler_common.go:299] "Volume detached for volume \"kube-api-access-bjv69\" (UniqueName: \"kubernetes.io/projected/ca73677e-fd7d-4a96-b52b-23a76138e219-kube-api-access-bjv69\") on node \"b7418fb8ab78\" DevicePath \"\""
2025-01-29 18:42:56,856 INFO c.h.h.t.HelmChartContainer - [K3S] [reconciler_common.go:299] "Volume detached for volume \"templates\" (UniqueName: \"kubernetes.io/configmap/ca73677e-fd7d-4a96-b52b-23a76138e219-templates\") on node \"b7418fb8ab78\" DevicePath \"\""
2025-01-29 18:42:57,081 INFO c.h.h.t.HelmChartContainer - Stopped log watcher for operator in pod test-hivemq-legacy-platform-hivemq-operator-operator-56c5b2tbn4 [ca73677e-fd7d-4a96-b52b-23a76138e219]
2025-01-29 18:42:57,083 INFO c.h.h.t.HelmChartContainer - [K3S] [scope.go:117] "RemoveContainer" containerID="cbcde4315e6cd761162a1b20424ab4dbe30ae9f6c7c5c5757a3b10da3fe6ae69"
2025-01-29 18:42:57,085 INFO c.h.h.t.HelmChartContainer - [K3S] [scope.go:117] "RemoveContainer" containerID="cbcde4315e6cd761162a1b20424ab4dbe30ae9f6c7c5c5757a3b10da3fe6ae69"
2025-01-29 18:42:57,092 INFO c.h.h.t.HelmChartContainer - [POD] helper-pod-delete-pvc-edd45a52-47ff-4a21-98d7-0eb61a219e3e [ae95dbd2-9bb6-48e6-958a-f0af717ef87f] in kube-system was MODIFIED
2025-01-29 18:42:57,097 INFO c.h.h.t.HelmChartContainer - [POD] test-hivemq-legacy-platform-hivemq-operator-operator-56c5b2tbn4 [ca73677e-fd7d-4a96-b52b-23a76138e219] in helmlegacystatefulsetmigrationit-operator was MODIFIED
2025-01-29 18:42:57,100 INFO c.h.h.t.HelmChartContainer - [POD] test-hivemq-legacy-platform-hivemq-operator-operator-56c5b2tbn4 [ca73677e-fd7d-4a96-b52b-23a76138e219] in helmlegacystatefulsetmigrationit-operator was DELETED
2025-01-29 18:42:57,169 INFO c.h.h.t.HelmChartContainer - [test-hivemq-legacy-platform] [hivemq] [0769f6a4] INFO  - [HiveMQ Platform Operator Init App 1.7.0-SNAPSHOT] The HiveMQ Platform exited with code 143
2025-01-29 18:42:57,169 INFO c.h.h.t.HelmChartContainer - [test-hivemq-legacy-platform] [hivemq] [0769f6a4] INFO  - [HiveMQ Platform Operator Init App 1.7.0-SNAPSHOT] Stopping the REST API
2025-01-29 18:42:57,195 INFO c.h.h.t.HelmChartContainer - [test-hivemq-legacy-platform] [hivemq] [0769f6a4] INFO  - [HiveMQ Platform Operator Init App 1.7.0-SNAPSHOT] Shutdown complete
2025-01-29 18:42:57,467 INFO c.h.h.t.HelmChartContainer - [K3S] [kubelet_volumes.go:163] "Cleaned up orphaned pod volumes dir" podUID="ca73677e-fd7d-4a96-b52b-23a76138e219" path="/var/lib/kubelet/pods/ca73677e-fd7d-4a96-b52b-23a76138e219/volumes"
2025-01-29 18:42:57,613 INFO c.h.h.t.HelmChartContainer - [POD] test-hivemq-legacy-platform-0 [0769f6a4-7e20-439f-82a8-d2823e1e8854] in helmlegacystatefulsetmigrationit-operator was MODIFIED
2025-01-29 18:42:57,761 INFO c.h.h.t.HelmChartContainer - [K3S] [reconciler_common.go:162] "operationExecutor.UnmountVolume started for volume \"operator-init\" (UniqueName: \"kubernetes.io/empty-dir/0769f6a4-7e20-439f-82a8-d2823e1e8854-operator-init\") pod \"0769f6a4-7e20-439f-82a8-d2823e1e8854\" (UID: \"0769f6a4-7e20-439f-82a8-d2823e1e8854\") "
2025-01-29 18:42:57,761 INFO c.h.h.t.HelmChartContainer - [K3S] [reconciler_common.go:162] "operationExecutor.UnmountVolume started for volume \"kube-api-access-hgk2p\" (UniqueName: \"kubernetes.io/projected/0769f6a4-7e20-439f-82a8-d2823e1e8854-kube-api-access-hgk2p\") pod \"0769f6a4-7e20-439f-82a8-d2823e1e8854\" (UID: \"0769f6a4-7e20-439f-82a8-d2823e1e8854\") "
2025-01-29 18:42:57,761 INFO c.h.h.t.HelmChartContainer - [K3S] [reconciler_common.go:162] "operationExecutor.UnmountVolume started for volume \"ese-file-realm\" (UniqueName: \"kubernetes.io/configmap/0769f6a4-7e20-439f-82a8-d2823e1e8854-ese-file-realm\") pod \"0769f6a4-7e20-439f-82a8-d2823e1e8854\" (UID: \"0769f6a4-7e20-439f-82a8-d2823e1e8854\") "
2025-01-29 18:42:57,761 INFO c.h.h.t.HelmChartContainer - [K3S] [reconciler_common.go:162] "operationExecutor.UnmountVolume started for volume \"broker-configuration\" (UniqueName: \"kubernetes.io/configmap/0769f6a4-7e20-439f-82a8-d2823e1e8854-broker-configuration\") pod \"0769f6a4-7e20-439f-82a8-d2823e1e8854\" (UID: \"0769f6a4-7e20-439f-82a8-d2823e1e8854\") "
2025-01-29 18:42:57,761 INFO c.h.h.t.HelmChartContainer - [K3S] [reconciler_common.go:162] "operationExecutor.UnmountVolume started for volume \"data\" (UniqueName: \"kubernetes.io/local-volume/pvc-406d3ea1-0a15-485f-bb4b-4ee52a9ecc99\") pod \"0769f6a4-7e20-439f-82a8-d2823e1e8854\" (UID: \"0769f6a4-7e20-439f-82a8-d2823e1e8854\") "
2025-01-29 18:42:57,762 INFO c.h.h.t.HelmChartContainer - [K3S] [reconciler_common.go:162] "operationExecutor.UnmountVolume started for volume \"pod-info\" (UniqueName: \"kubernetes.io/configmap/0769f6a4-7e20-439f-82a8-d2823e1e8854-pod-info\") pod \"0769f6a4-7e20-439f-82a8-d2823e1e8854\" (UID: \"0769f6a4-7e20-439f-82a8-d2823e1e8854\") "
2025-01-29 18:42:57,762 INFO c.h.h.t.HelmChartContainer - [K3S] [reconciler_common.go:162] "operationExecutor.UnmountVolume started for volume \"extension-configuration-hivemq-enterprise-security-extension\" (UniqueName: \"kubernetes.io/configmap/0769f6a4-7e20-439f-82a8-d2823e1e8854-extension-configuration-hivemq-enterprise-security-extension\") pod \"0769f6a4-7e20-439f-82a8-d2823e1e8854\" (UID: \"0769f6a4-7e20-439f-82a8-d2823e1e8854\") "
2025-01-29 18:42:57,861 INFO c.h.h.t.HelmChartContainer - [K3S] [reconciler_common.go:299] "Volume detached for volume \"broker-configuration\" (UniqueName: \"kubernetes.io/configmap/0769f6a4-7e20-439f-82a8-d2823e1e8854-broker-configuration\") on node \"b7418fb8ab78\" DevicePath \"\""
2025-01-29 18:42:57,862 INFO c.h.h.t.HelmChartContainer - [K3S] [reconciler_common.go:292] "operationExecutor.UnmountDevice started for volume \"pvc-406d3ea1-0a15-485f-bb4b-4ee52a9ecc99\" (UniqueName: \"kubernetes.io/local-volume/pvc-406d3ea1-0a15-485f-bb4b-4ee52a9ecc99\") on node \"b7418fb8ab78\" "
2025-01-29 18:42:57,862 INFO c.h.h.t.HelmChartContainer - [K3S] [reconciler_common.go:299] "Volume detached for volume \"pod-info\" (UniqueName: \"kubernetes.io/configmap/0769f6a4-7e20-439f-82a8-d2823e1e8854-pod-info\") on node \"b7418fb8ab78\" DevicePath \"\""
2025-01-29 18:42:57,862 INFO c.h.h.t.HelmChartContainer - [K3S] [reconciler_common.go:299] "Volume detached for volume \"extension-configuration-hivemq-enterprise-security-extension\" (UniqueName: \"kubernetes.io/configmap/0769f6a4-7e20-439f-82a8-d2823e1e8854-extension-configuration-hivemq-enterprise-security-extension\") on node \"b7418fb8ab78\" DevicePath \"\""
2025-01-29 18:42:57,862 INFO c.h.h.t.HelmChartContainer - [K3S] [reconciler_common.go:299] "Volume detached for volume \"operator-init\" (UniqueName: \"kubernetes.io/empty-dir/0769f6a4-7e20-439f-82a8-d2823e1e8854-operator-init\") on node \"b7418fb8ab78\" DevicePath \"\""
2025-01-29 18:42:57,862 INFO c.h.h.t.HelmChartContainer - [K3S] [reconciler_common.go:299] "Volume detached for volume \"ese-file-realm\" (UniqueName: \"kubernetes.io/configmap/0769f6a4-7e20-439f-82a8-d2823e1e8854-ese-file-realm\") on node \"b7418fb8ab78\" DevicePath \"\""
2025-01-29 18:42:57,862 INFO c.h.h.t.HelmChartContainer - [K3S] [reconciler_common.go:299] "Volume detached for volume \"kube-api-access-hgk2p\" (UniqueName: \"kubernetes.io/projected/0769f6a4-7e20-439f-82a8-d2823e1e8854-kube-api-access-hgk2p\") on node \"b7418fb8ab78\" DevicePath \"\""
2025-01-29 18:42:57,962 INFO c.h.h.t.HelmChartContainer - [K3S] [reconciler_common.go:299] "Volume detached for volume \"pvc-406d3ea1-0a15-485f-bb4b-4ee52a9ecc99\" (UniqueName: \"kubernetes.io/local-volume/pvc-406d3ea1-0a15-485f-bb4b-4ee52a9ecc99\") on node \"b7418fb8ab78\" DevicePath \"\""
2025-01-29 18:42:58,087 INFO c.h.h.t.HelmChartContainer - [K3S] [scope.go:117] "RemoveContainer" containerID="ec3bae97c7b128268ec120465ca1ec97c4d8dd302aefd20c7cf22c44bda80ba7"
2025-01-29 18:42:58,091 INFO c.h.h.t.HelmChartContainer - [K3S] [scope.go:117] "RemoveContainer" containerID="94688dc4eae67dabe0339fb1637dce8e99b0ab7076ca979092361839a514122a"
2025-01-29 18:42:58,095 INFO c.h.h.t.HelmChartContainer - [K3S] [scope.go:117] "RemoveContainer" containerID="ec3bae97c7b128268ec120465ca1ec97c4d8dd302aefd20c7cf22c44bda80ba7"
2025-01-29 18:42:58,096 INFO c.h.h.t.HelmChartContainer - [K3S] [scope.go:117] "RemoveContainer" containerID="94688dc4eae67dabe0339fb1637dce8e99b0ab7076ca979092361839a514122a"
2025-01-29 18:42:58,101 INFO c.h.h.t.HelmChartContainer - [POD] test-hivemq-legacy-platform-0 [0769f6a4-7e20-439f-82a8-d2823e1e8854] in helmlegacystatefulsetmigrationit-operator was MODIFIED
2025-01-29 18:42:58,104 INFO c.h.h.t.HelmChartContainer - [POD] test-hivemq-legacy-platform-0 [0769f6a4-7e20-439f-82a8-d2823e1e8854] in helmlegacystatefulsetmigrationit-operator was DELETED
2025-01-29 18:42:58,125 INFO c.h.h.t.HelmChartContainer - [K3S] [memory_manager.go:355] "RemoveStaleState removing state" podUID="ca73677e-fd7d-4a96-b52b-23a76138e219" containerName="operator"
2025-01-29 18:42:58,125 INFO c.h.h.t.HelmChartContainer - [K3S] [memory_manager.go:355] "RemoveStaleState removing state" podUID="0769f6a4-7e20-439f-82a8-d2823e1e8854" containerName="hivemq"
2025-01-29 18:42:58,126 INFO c.h.h.t.HelmChartContainer - [POD] helper-pod-delete-pvc-406d3ea1-0a15-485f-bb4b-4ee52a9ecc99 [211a930b-b8db-4119-ba2a-4a26af9cc416] in kube-system was ADDED
2025-01-29 18:42:58,134 INFO c.h.h.t.HelmChartContainer - [POD] helper-pod-delete-pvc-406d3ea1-0a15-485f-bb4b-4ee52a9ecc99 [211a930b-b8db-4119-ba2a-4a26af9cc416] in kube-system was MODIFIED
2025-01-29 18:42:58,163 INFO c.h.h.t.HelmChartContainer - [K3S] [reconciler_common.go:251] "operationExecutor.VerifyControllerAttachedVolume started for volume \"data\" (UniqueName: \"kubernetes.io/host-path/211a930b-b8db-4119-ba2a-4a26af9cc416-data\") pod \"helper-pod-delete-pvc-406d3ea1-0a15-485f-bb4b-4ee52a9ecc99\" (UID: \"211a930b-b8db-4119-ba2a-4a26af9cc416\") " pod="kube-system/helper-pod-delete-pvc-406d3ea1-0a15-485f-bb4b-4ee52a9ecc99"
2025-01-29 18:42:58,163 INFO c.h.h.t.HelmChartContainer - [K3S] [reconciler_common.go:251] "operationExecutor.VerifyControllerAttachedVolume started for volume \"kube-api-access-p7k98\" (UniqueName: \"kubernetes.io/projected/211a930b-b8db-4119-ba2a-4a26af9cc416-kube-api-access-p7k98\") pod \"helper-pod-delete-pvc-406d3ea1-0a15-485f-bb4b-4ee52a9ecc99\" (UID: \"211a930b-b8db-4119-ba2a-4a26af9cc416\") " pod="kube-system/helper-pod-delete-pvc-406d3ea1-0a15-485f-bb4b-4ee52a9ecc99"
2025-01-29 18:42:58,163 INFO c.h.h.t.HelmChartContainer - [K3S] [reconciler_common.go:251] "operationExecutor.VerifyControllerAttachedVolume started for volume \"script\" (UniqueName: \"kubernetes.io/configmap/211a930b-b8db-4119-ba2a-4a26af9cc416-script\") pod \"helper-pod-delete-pvc-406d3ea1-0a15-485f-bb4b-4ee52a9ecc99\" (UID: \"211a930b-b8db-4119-ba2a-4a26af9cc416\") " pod="kube-system/helper-pod-delete-pvc-406d3ea1-0a15-485f-bb4b-4ee52a9ecc99"
2025-01-29 18:42:58,192 INFO c.h.h.t.HelmChartContainer - [POD] helper-pod-delete-pvc-edd45a52-47ff-4a21-98d7-0eb61a219e3e [ae95dbd2-9bb6-48e6-958a-f0af717ef87f] in kube-system was MODIFIED
2025-01-29 18:42:58,339 INFO c.h.h.t.HelmChartContainer - [POD] helper-pod-delete-pvc-edd45a52-47ff-4a21-98d7-0eb61a219e3e [ae95dbd2-9bb6-48e6-958a-f0af717ef87f] in kube-system was MODIFIED
2025-01-29 18:42:58,342 INFO c.h.h.t.HelmChartContainer - [POD] helper-pod-delete-pvc-edd45a52-47ff-4a21-98d7-0eb61a219e3e [ae95dbd2-9bb6-48e6-958a-f0af717ef87f] in kube-system was DELETED
2025-01-29 18:42:58,364 INFO c.h.h.t.HelmChartContainer - [K3S] [reconciler_common.go:162] "operationExecutor.UnmountVolume started for volume \"data\" (UniqueName: \"kubernetes.io/host-path/ae95dbd2-9bb6-48e6-958a-f0af717ef87f-data\") pod \"ae95dbd2-9bb6-48e6-958a-f0af717ef87f\" (UID: \"ae95dbd2-9bb6-48e6-958a-f0af717ef87f\") "
2025-01-29 18:42:58,364 INFO c.h.h.t.HelmChartContainer - [K3S] [reconciler_common.go:162] "operationExecutor.UnmountVolume started for volume \"script\" (UniqueName: \"kubernetes.io/configmap/ae95dbd2-9bb6-48e6-958a-f0af717ef87f-script\") pod \"ae95dbd2-9bb6-48e6-958a-f0af717ef87f\" (UID: \"ae95dbd2-9bb6-48e6-958a-f0af717ef87f\") "
2025-01-29 18:42:58,364 INFO c.h.h.t.HelmChartContainer - [K3S] [reconciler_common.go:162] "operationExecutor.UnmountVolume started for volume \"kube-api-access-n7d9f\" (UniqueName: \"kubernetes.io/projected/ae95dbd2-9bb6-48e6-958a-f0af717ef87f-kube-api-access-n7d9f\") pod \"ae95dbd2-9bb6-48e6-958a-f0af717ef87f\" (UID: \"ae95dbd2-9bb6-48e6-958a-f0af717ef87f\") "
2025-01-29 18:42:58,464 INFO c.h.h.t.HelmChartContainer - [K3S] [reconciler_common.go:299] "Volume detached for volume \"data\" (UniqueName: \"kubernetes.io/host-path/ae95dbd2-9bb6-48e6-958a-f0af717ef87f-data\") on node \"b7418fb8ab78\" DevicePath \"\""
2025-01-29 18:42:58,464 INFO c.h.h.t.HelmChartContainer - [K3S] [reconciler_common.go:299] "Volume detached for volume \"script\" (UniqueName: \"kubernetes.io/configmap/ae95dbd2-9bb6-48e6-958a-f0af717ef87f-script\") on node \"b7418fb8ab78\" DevicePath \"\""
2025-01-29 18:42:58,464 INFO c.h.h.t.HelmChartContainer - [K3S] [reconciler_common.go:299] "Volume detached for volume \"kube-api-access-n7d9f\" (UniqueName: \"kubernetes.io/projected/ae95dbd2-9bb6-48e6-958a-f0af717ef87f-kube-api-access-n7d9f\") on node \"b7418fb8ab78\" DevicePath \"\""
2025-01-29 18:42:59,092 INFO c.h.h.t.HelmChartContainer - [K3S] [pod_container_deletor.go:80] "Container not found in pod's containers" containerID="940adcb8e33822b1ce30098fde84245cd6515d34b6403ae08c47cc12cef4ae6f"
2025-01-29 18:42:59,100 INFO c.h.h.t.HelmChartContainer - [POD] helper-pod-delete-pvc-406d3ea1-0a15-485f-bb4b-4ee52a9ecc99 [211a930b-b8db-4119-ba2a-4a26af9cc416] in kube-system was MODIFIED
2025-01-29 18:42:59,100 INFO c.h.h.t.HelmChartContainer - [K3S] [status_manager.go:890] "Failed to get status for pod" podUID="ae95dbd2-9bb6-48e6-958a-f0af717ef87f" pod="kube-system/helper-pod-delete-pvc-edd45a52-47ff-4a21-98d7-0eb61a219e3e" err="pods \"helper-pod-delete-pvc-edd45a52-47ff-4a21-98d7-0eb61a219e3e\" is forbidden: User \"system:node:b7418fb8ab78\" cannot get resource \"pods\" in API group \"\" in the namespace \"kube-system\": no relationship found between node 'b7418fb8ab78' and this object"
2025-01-29 18:42:59,467 INFO c.h.h.t.HelmChartContainer - [K3S] [kubelet_volumes.go:163] "Cleaned up orphaned pod volumes dir" podUID="0769f6a4-7e20-439f-82a8-d2823e1e8854" path="/var/lib/kubelet/pods/0769f6a4-7e20-439f-82a8-d2823e1e8854/volumes"
2025-01-29 18:42:59,467 INFO c.h.h.t.HelmChartContainer - [K3S] [kubelet_volumes.go:163] "Cleaned up orphaned pod volumes dir" podUID="ae95dbd2-9bb6-48e6-958a-f0af717ef87f" path="/var/lib/kubelet/pods/ae95dbd2-9bb6-48e6-958a-f0af717ef87f/volumes"
2025-01-29 18:43:00,167 INFO c.h.h.t.HelmChartContainer - [POD] helper-pod-delete-pvc-406d3ea1-0a15-485f-bb4b-4ee52a9ecc99 [211a930b-b8db-4119-ba2a-4a26af9cc416] in kube-system was MODIFIED
2025-01-29 18:43:00,173 INFO c.h.h.t.HelmChartContainer - [K3S] [reconciler_common.go:162] "operationExecutor.UnmountVolume started for volume \"data\" (UniqueName: \"kubernetes.io/host-path/211a930b-b8db-4119-ba2a-4a26af9cc416-data\") pod \"211a930b-b8db-4119-ba2a-4a26af9cc416\" (UID: \"211a930b-b8db-4119-ba2a-4a26af9cc416\") "
2025-01-29 18:43:00,173 INFO c.h.h.t.HelmChartContainer - [K3S] [reconciler_common.go:162] "operationExecutor.UnmountVolume started for volume \"kube-api-access-p7k98\" (UniqueName: \"kubernetes.io/projected/211a930b-b8db-4119-ba2a-4a26af9cc416-kube-api-access-p7k98\") pod \"211a930b-b8db-4119-ba2a-4a26af9cc416\" (UID: \"211a930b-b8db-4119-ba2a-4a26af9cc416\") "
2025-01-29 18:43:00,173 INFO c.h.h.t.HelmChartContainer - [K3S] [reconciler_common.go:162] "operationExecutor.UnmountVolume started for volume \"script\" (UniqueName: \"kubernetes.io/configmap/211a930b-b8db-4119-ba2a-4a26af9cc416-script\") pod \"211a930b-b8db-4119-ba2a-4a26af9cc416\" (UID: \"211a930b-b8db-4119-ba2a-4a26af9cc416\") "
2025-01-29 18:43:00,173 INFO c.h.h.t.HelmChartContainer - [K3S] [reconciler_common.go:299] "Volume detached for volume \"data\" (UniqueName: \"kubernetes.io/host-path/211a930b-b8db-4119-ba2a-4a26af9cc416-data\") on node \"b7418fb8ab78\" DevicePath \"\""
2025-01-29 18:43:00,273 INFO c.h.h.t.HelmChartContainer - [K3S] [reconciler_common.go:299] "Volume detached for volume \"script\" (UniqueName: \"kubernetes.io/configmap/211a930b-b8db-4119-ba2a-4a26af9cc416-script\") on node \"b7418fb8ab78\" DevicePath \"\""
2025-01-29 18:43:00,274 INFO c.h.h.t.HelmChartContainer - [K3S] [reconciler_common.go:299] "Volume detached for volume \"kube-api-access-p7k98\" (UniqueName: \"kubernetes.io/projected/211a930b-b8db-4119-ba2a-4a26af9cc416-kube-api-access-p7k98\") on node \"b7418fb8ab78\" DevicePath \"\""
2025-01-29 18:43:01,096 INFO c.h.h.t.HelmChartContainer - [K3S] [pod_container_deletor.go:80] "Container not found in pod's containers" containerID="5dbac9f37e960e1578bb0672c942716842153108b68f4de28ee21617b0b079b4"
2025-01-29 18:43:01,145 INFO c.h.h.t.HelmChartContainer - [POD] helper-pod-delete-pvc-406d3ea1-0a15-485f-bb4b-4ee52a9ecc99 [211a930b-b8db-4119-ba2a-4a26af9cc416] in kube-system was MODIFIED
2025-01-29 18:43:01,148 INFO c.h.h.t.HelmChartContainer - [POD] helper-pod-delete-pvc-406d3ea1-0a15-485f-bb4b-4ee52a9ecc99 [211a930b-b8db-4119-ba2a-4a26af9cc416] in kube-system was DELETED
2025-01-29 18:43:01,466 INFO c.h.h.t.HelmChartContainer - [K3S] [kubelet_volumes.go:163] "Cleaned up orphaned pod volumes dir" podUID="211a930b-b8db-4119-ba2a-4a26af9cc416" path="/var/lib/kubelet/pods/211a930b-b8db-4119-ba2a-4a26af9cc416/volumes"
2025-01-29 18:43:01,535 INFO c.h.h.t.HelmChartContainer - Namespace 'helmlegacystatefulsetmigrationit-operator' deleted
2025-01-29 18:43:01,536 INFO c.h.h.t.HelmChartContainer - Release 'test-hivemq-platform-operator' in namespace 'helmlegacystatefulsetmigrationit-operator' is uninstalled
2025-01-29 18:43:02,742 INFO c.h.helmcharts.AbstractHelmChartIT - Removed unused containers:

2025-01-29 18:43:06,489 INFO c.h.h.t.HelmChartContainer - [K3S] [namespace_controller.go:187] "Namespace has been deleted" namespace="helmlegacystatefulsetmigrationit-operator"
2025-01-29 18:43:14,485 INFO c.h.helmcharts.AbstractHelmChartIT - Removed unused snapshots:
Removing snapshot sha256:03af251906410714c5aef9fa705b63f6bbc39c4a5e787de7361eeb18886c2ed2
Removing snapshot sha256:0c46b3b43cce082ce5ec34ffc6c294e0417d17b9d1e6f366d114b6aadc4f96dc
Removing snapshot sha256:0ce761beee59082d6ed5bcebd3a805b8ddd9b3426b617e4809e7fb7c6587ffec
Removing snapshot sha256:0df91287303208332c8ff6ba40ae4710105201739addbfbddfb955f1ad593664
Removing snapshot sha256:1021ef88c7974bfff89c5a0ec4fd3160daac6c48a075f74cff721f85dd104e68
Removing snapshot sha256:10aba4953ddc18145dd38e3704709bc464aa20af60b56fe52caaff4b68411e62
Removing snapshot sha256:1bdd80f07f6ff7dd5733bbb4c112c7b754d41c08707e22a0cec038c88792c7b4
Removing snapshot sha256:1d5cf3e3eb812061f06c49abff02b68d81953942566ded85fcc9c1f47b13186a
Removing snapshot sha256:202fe64c3ce39b94d8beda7d7506ccdfcf7a59f02f17c915078e4c62b5c2ed11
Removing snapshot sha256:211719a067844f37d3a87d652081adb4e1dbe1f0369a0f74bbfa03ea6a491a25
Removing snapshot sha256:24159a7fcc265e27ce90b7e2af0a37a176cf9689be7496d6654efa8cacd3db13
Removing snapshot sha256:2573e0d8158209ed54ab25c87bcdcb00bd3d2539246960a3d592a1c599d70465
Removing snapshot sha256:2944c0692f0b3f4c958b09e4bf315ac3616ed274898af04494fcd963a879bca5
Removing snapshot sha256:29ca722de2d10e44fb7779bcc47bffeaa4b29534f98dd1defe69cb1a08f94721
Removing snapshot sha256:310c61cc983be7b5dfaf552c80a87d1989e9da7ec32068a247fa2ce92714f45b
Removing snapshot sha256:362a8a37f8bbc31925a8146adcf7cf51f9882f5c1dcbef67c5baa03a297543c0
Removing snapshot sha256:3fa4ad33f0ddc8fd45b39b6b4640f82a3a83619606cd975bfe89d8710ad2d4cd
Removing snapshot sha256:43a7c979bbaba6838bc3102d6b10a1459f3ab050b87ccdfef84ef90cf43d3058
Removing snapshot sha256:4ab04491cdf0d3267f08206fe30bd48f49f94b9cab2f016d6739220f722a64af
Removing snapshot sha256:4b6068250e89c96f263060261819c7d912855bfbd64b3eb4c4a8483299b8c295
Removing snapshot sha256:580e69a0a8034ede1921139bbd2bfb72a69ebf276d008281896c32dd8bf74775
Removing snapshot sha256:595756d28ed36d6b35bc20c2f5cde24d9d5d3529fd9f0e72578c5dcc714a6670
Removing snapshot sha256:59654b79daad74c77dc2e28502ca577ba8ce73276720002234a23fc60ee92692
Removing snapshot sha256:5a3228bf75a16fc5ec5b3d4ca301ab7ef2ca3bc2a3e8bf0a02733adfe43e5980
Removing snapshot sha256:5d30ba46b27fe37484567ccc5242cadc78217b8da605f3f195ef25cbf7487904
Removing snapshot sha256:63ca1fbb43ae5034640e5e6cb3e083e05c290072c5366fcaa9d62435a4cced85
Removing snapshot sha256:66140dc7271ceb0a9b5e521509e7d96b916d4182681f723881bfae89675de7f6
Removing snapshot sha256:67f702c6baae873bceb19487c8b1f27bd2b86077e4f2f0e480e6d60ab508b8f5
Removing snapshot sha256:6864348dd42806d552efdec384f1274be15e2d0c10ce44c1f04347af004c10a9
Removing snapshot sha256:6c7dee8f2c39b84b7dc2711c01d33de93514d9055499173e9290176fbe484b6c
Removing snapshot sha256:7e57011d0da6c0c4df8e42eb50382537fbe22057f96283bb1135faf39006e06c
Removing snapshot sha256:82753493a6d61ded36556292f02f31841a14c20d2f279f19eaad65afb661d5cd
Removing snapshot sha256:84e1a755f007b73ee24c1c8955818471b986436582ec3b3f6a0a899bea373917
Removing snapshot sha256:8a10d3db42c505ee0fcfa98417bdd7e39b304f6bcc0a06bb1b220797ff2cc63c
Removing snapshot sha256:8bd9d778dd3aef4d3b4c77ee426be03092ca88acfd9bcf279d0631dd96d6df44
Removing snapshot sha256:8d0525d6afb8a8b5d1ea6cd936cc26682368a2535ade71e6dd8d8695ab2b0c69
Removing snapshot sha256:8eed3c0b435850e9a00be0139a9a847ca108037e5fa832424a4e194c78ba59c4
Removing snapshot sha256:9b6f048201798a9c57b6316cb427a1e0aeb399d74aa15ca9e1519e77e2a2269e
Removing snapshot sha256:a21e5b12dbac529ad45d976eb9ce45c881f3bedcc500fb30aba1e52aa1813418
Removing snapshot sha256:ab252baf4e5de5aaea9ee70236e159dbf16fd0a2394f5e27a579881aadfd4f49
Removing snapshot sha256:b921e6c28969094157f9b8e7244677780319637afd14450b7cb6b2fdea558a0c
Removing snapshot sha256:bb15cd8b3dc7216c815ebfe5c6f9117f0ed1a78426f6bbc69b702d898dec8bae
Removing snapshot sha256:bc27ecb5769a00e309cf99ebc763c4a4b958b618d1decc96ffac5bc05f02f5b7
Removing snapshot sha256:be3ccb6627a5332e309d45ef461d09b4879dd870c7394d89323d0ebc6ca6aa8a
Removing snapshot sha256:c0c5b7491e705290b7ad3cce5c420f88ca1c74090e2726894a1baef025c52f43
Removing snapshot sha256:c261f7cbbc64211ee175ee47273acdb7b1a36a4450b397a064a8f2c026490095
Removing snapshot sha256:c34d9393647eea0c9e3557ab988efaf59f61d10a2a5613b439ef0958cca5ec10
Removing snapshot sha256:c4d5383ee8eaca294a64b01d37df59eac0a3e2a9779e67c450767218d0c4b36a
Removing snapshot sha256:ccf3c4a0fa967a41c1c83497a2ce6fa5787965859df0adb32c4ca2cf7490bc2b
Removing snapshot sha256:cf92d33f869417309692088c341cd0f223c178ea78a125f757317b22aa8f90e9
Removing snapshot sha256:d0037344cf2fb078884f1849f6a1f8cf9a33a3b6139b6a85833e5ee528e1f9a8
Removing snapshot sha256:d3b36d5b79273b1e98e7700470eaeff05a882e777124d84cebcc1505b85ecb36
Removing snapshot sha256:d65a44a37914602d12c611e5e22a50f11451d847e63015cc1c2aef92dee777a4
Removing snapshot sha256:d933c5f7d93a7a4196b76b559685f889b7b388041ac839bb7e19f6495750c4ef
Removing snapshot sha256:e2dc0bae2455930f23ae570e019b7f32edc75c0f2d71cab084db837ff9051796
Removing snapshot sha256:e31519795c7e3df686c447a21ec8d2eb301388a5e39ccf7f20a25c6f6ce3a522
Removing snapshot sha256:e4f954326774f256e539cb77d7b760593e89bbc63ca7a5ee0814ba1906135a09
Removing snapshot sha256:e9e86ed11d9bebc0707dd6f1166c51237ebb44f98657241f943261b2675a5449
Removing snapshot sha256:eabc2b3c5c963907b3f557933a60ab243515007cd7c28ba909692f5627b3bd32
Removing snapshot sha256:ecbf3b59a2be12efa647dc6cafe74dc73897de364be1037d9f880482d1ce011f
Removing snapshot sha256:eccbd24a99c60cd9e86ee5305dbfc4a4dc89f5ab4fb1f06c8d64797cecedef34
Removing snapshot sha256:edd1404c718ab99ca3456bdf222065033800bb67d4334a9642746685a24394cd
Removing snapshot sha256:f144bb4c7c7f0d2aa7eeffd36d934ec40db1ee167be727e326aad9fdc616f475
Removing snapshot sha256:ff3d1afd12e9b5642bc649cf82e7302d95c47a7a41fdfb3f34b284058e6b2790

2025-01-29 18:43:14,486 WARN c.h.helmcharts.AbstractHelmChartIT - Error during removal of snapshots:
ctr: failed to remove "sha256:03af251906410714c5aef9fa705b63f6bbc39c4a5e787de7361eeb18886c2ed2": cannot remove snapshot with child: failed precondition
ctr: failed to remove "sha256:0c46b3b43cce082ce5ec34ffc6c294e0417d17b9d1e6f366d114b6aadc4f96dc": cannot remove snapshot with child: failed precondition
ctr: failed to remove "sha256:0ce761beee59082d6ed5bcebd3a805b8ddd9b3426b617e4809e7fb7c6587ffec": cannot remove snapshot with child: failed precondition
ctr: failed to remove "sha256:0df91287303208332c8ff6ba40ae4710105201739addbfbddfb955f1ad593664": cannot remove snapshot with child: failed precondition
ctr: failed to remove "sha256:1021ef88c7974bfff89c5a0ec4fd3160daac6c48a075f74cff721f85dd104e68": cannot remove snapshot with child: failed precondition
ctr: failed to remove "sha256:10aba4953ddc18145dd38e3704709bc464aa20af60b56fe52caaff4b68411e62": cannot remove snapshot with child: failed precondition
ctr: failed to remove "sha256:1d5cf3e3eb812061f06c49abff02b68d81953942566ded85fcc9c1f47b13186a": cannot remove snapshot with child: failed precondition
ctr: failed to remove "sha256:202fe64c3ce39b94d8beda7d7506ccdfcf7a59f02f17c915078e4c62b5c2ed11": cannot remove snapshot with child: failed precondition
ctr: failed to remove "sha256:211719a067844f37d3a87d652081adb4e1dbe1f0369a0f74bbfa03ea6a491a25": cannot remove snapshot with child: failed precondition
ctr: failed to remove "sha256:2573e0d8158209ed54ab25c87bcdcb00bd3d2539246960a3d592a1c599d70465": cannot remove snapshot with child: failed precondition
ctr: failed to remove "sha256:2944c0692f0b3f4c958b09e4bf315ac3616ed274898af04494fcd963a879bca5": cannot remove snapshot with child: failed precondition
ctr: failed to remove "sha256:29ca722de2d10e44fb7779bcc47bffeaa4b29534f98dd1defe69cb1a08f94721": cannot remove snapshot with child: failed precondition
ctr: failed to remove "sha256:310c61cc983be7b5dfaf552c80a87d1989e9da7ec32068a247fa2ce92714f45b": cannot remove snapshot with child: failed precondition
ctr: failed to remove "sha256:362a8a37f8bbc31925a8146adcf7cf51f9882f5c1dcbef67c5baa03a297543c0": cannot remove snapshot with child: failed precondition
ctr: failed to remove "sha256:3fa4ad33f0ddc8fd45b39b6b4640f82a3a83619606cd975bfe89d8710ad2d4cd": cannot remove snapshot with child: failed precondition
ctr: failed to remove "sha256:43a7c979bbaba6838bc3102d6b10a1459f3ab050b87ccdfef84ef90cf43d3058": cannot remove snapshot with child: failed precondition
ctr: failed to remove "sha256:4ab04491cdf0d3267f08206fe30bd48f49f94b9cab2f016d6739220f722a64af": cannot remove snapshot with child: failed precondition
ctr: failed to remove "sha256:4b6068250e89c96f263060261819c7d912855bfbd64b3eb4c4a8483299b8c295": cannot remove snapshot with child: failed precondition
ctr: failed to remove "sha256:580e69a0a8034ede1921139bbd2bfb72a69ebf276d008281896c32dd8bf74775": cannot remove snapshot with child: failed precondition
ctr: failed to remove "sha256:5a3228bf75a16fc5ec5b3d4ca301ab7ef2ca3bc2a3e8bf0a02733adfe43e5980": cannot remove snapshot with child: failed precondition
ctr: failed to remove "sha256:5d30ba46b27fe37484567ccc5242cadc78217b8da605f3f195ef25cbf7487904": cannot remove snapshot with child: failed precondition
ctr: failed to remove "sha256:63ca1fbb43ae5034640e5e6cb3e083e05c290072c5366fcaa9d62435a4cced85": cannot remove snapshot with child: failed precondition
ctr: failed to remove "sha256:66140dc7271ceb0a9b5e521509e7d96b916d4182681f723881bfae89675de7f6": cannot remove snapshot with child: failed precondition
ctr: failed to remove "sha256:67f702c6baae873bceb19487c8b1f27bd2b86077e4f2f0e480e6d60ab508b8f5": cannot remove snapshot with child: failed precondition
ctr: failed to remove "sha256:6864348dd42806d552efdec384f1274be15e2d0c10ce44c1f04347af004c10a9": cannot remove snapshot with child: failed precondition
ctr: failed to remove "sha256:6c7dee8f2c39b84b7dc2711c01d33de93514d9055499173e9290176fbe484b6c": cannot remove snapshot with child: failed precondition
ctr: failed to remove "sha256:82753493a6d61ded36556292f02f31841a14c20d2f279f19eaad65afb661d5cd": cannot remove snapshot with child: failed precondition
ctr: failed to remove "sha256:84e1a755f007b73ee24c1c8955818471b986436582ec3b3f6a0a899bea373917": cannot remove snapshot with child: failed precondition
ctr: failed to remove "sha256:8a10d3db42c505ee0fcfa98417bdd7e39b304f6bcc0a06bb1b220797ff2cc63c": cannot remove snapshot with child: failed precondition
ctr: failed to remove "sha256:8bd9d778dd3aef4d3b4c77ee426be03092ca88acfd9bcf279d0631dd96d6df44": cannot remove snapshot with child: failed precondition
ctr: failed to remove "sha256:8d0525d6afb8a8b5d1ea6cd936cc26682368a2535ade71e6dd8d8695ab2b0c69": cannot remove snapshot with child: failed precondition
ctr: failed to remove "sha256:8eed3c0b435850e9a00be0139a9a847ca108037e5fa832424a4e194c78ba59c4": cannot remove snapshot with child: failed precondition
ctr: failed to remove "sha256:9b6f048201798a9c57b6316cb427a1e0aeb399d74aa15ca9e1519e77e2a2269e": cannot remove snapshot with child: failed precondition
ctr: failed to remove "sha256:a21e5b12dbac529ad45d976eb9ce45c881f3bedcc500fb30aba1e52aa1813418": cannot remove snapshot with child: failed precondition
ctr: failed to remove "sha256:ab252baf4e5de5aaea9ee70236e159dbf16fd0a2394f5e27a579881aadfd4f49": cannot remove snapshot with child: failed precondition
ctr: failed to remove "sha256:b921e6c28969094157f9b8e7244677780319637afd14450b7cb6b2fdea558a0c": cannot remove snapshot with child: failed precondition
ctr: failed to remove "sha256:bc27ecb5769a00e309cf99ebc763c4a4b958b618d1decc96ffac5bc05f02f5b7": cannot remove snapshot with child: failed precondition
ctr: failed to remove "sha256:be3ccb6627a5332e309d45ef461d09b4879dd870c7394d89323d0ebc6ca6aa8a": cannot remove snapshot with child: failed precondition
ctr: failed to remove "sha256:c0c5b7491e705290b7ad3cce5c420f88ca1c74090e2726894a1baef025c52f43": cannot remove snapshot with child: failed precondition
ctr: failed to remove "sha256:c261f7cbbc64211ee175ee47273acdb7b1a36a4450b397a064a8f2c026490095": cannot remove snapshot with child: failed precondition
ctr: failed to remove "sha256:c34d9393647eea0c9e3557ab988efaf59f61d10a2a5613b439ef0958cca5ec10": cannot remove snapshot with child: failed precondition
ctr: failed to remove "sha256:c4d5383ee8eaca294a64b01d37df59eac0a3e2a9779e67c450767218d0c4b36a": cannot remove snapshot with child: failed precondition
ctr: failed to remove "sha256:ccf3c4a0fa967a41c1c83497a2ce6fa5787965859df0adb32c4ca2cf7490bc2b": cannot remove snapshot with child: failed precondition
ctr: failed to remove "sha256:cf92d33f869417309692088c341cd0f223c178ea78a125f757317b22aa8f90e9": cannot remove snapshot with child: failed precondition
ctr: failed to remove "sha256:d0037344cf2fb078884f1849f6a1f8cf9a33a3b6139b6a85833e5ee528e1f9a8": cannot remove snapshot with child: failed precondition
ctr: failed to remove "sha256:d3b36d5b79273b1e98e7700470eaeff05a882e777124d84cebcc1505b85ecb36": cannot remove snapshot with child: failed precondition
ctr: failed to remove "sha256:d65a44a37914602d12c611e5e22a50f11451d847e63015cc1c2aef92dee777a4": cannot remove snapshot with child: failed precondition
ctr: failed to remove "sha256:d933c5f7d93a7a4196b76b559685f889b7b388041ac839bb7e19f6495750c4ef": cannot remove snapshot with child: failed precondition
ctr: failed to remove "sha256:e2dc0bae2455930f23ae570e019b7f32edc75c0f2d71cab084db837ff9051796": cannot remove snapshot with child: failed precondition
ctr: failed to remove "sha256:e31519795c7e3df686c447a21ec8d2eb301388a5e39ccf7f20a25c6f6ce3a522": cannot remove snapshot with child: failed precondition
ctr: failed to remove "sha256:e4f954326774f256e539cb77d7b760593e89bbc63ca7a5ee0814ba1906135a09": cannot remove snapshot with child: failed precondition
ctr: failed to remove "sha256:e9e86ed11d9bebc0707dd6f1166c51237ebb44f98657241f943261b2675a5449": cannot remove snapshot with child: failed precondition
ctr: failed to remove "sha256:eabc2b3c5c963907b3f557933a60ab243515007cd7c28ba909692f5627b3bd32": cannot remove snapshot with child: failed precondition
ctr: failed to remove "sha256:ecbf3b59a2be12efa647dc6cafe74dc73897de364be1037d9f880482d1ce011f": cannot remove snapshot with child: failed precondition
ctr: failed to remove "sha256:eccbd24a99c60cd9e86ee5305dbfc4a4dc89f5ab4fb1f06c8d64797cecedef34": cannot remove snapshot with child: failed precondition
ctr: failed to remove "sha256:edd1404c718ab99ca3456bdf222065033800bb67d4334a9642746685a24394cd": cannot remove snapshot with child: failed precondition
ctr: failed to remove "sha256:f144bb4c7c7f0d2aa7eeffd36d934ec40db1ee167be727e326aad9fdc616f475": cannot remove snapshot with child: failed precondition
ctr: failed to remove "sha256:ff3d1afd12e9b5642bc649cf82e7302d95c47a7a41fdfb3f34b284058e6b2790": cannot remove snapshot with child: failed precondition

]]></system-out>
  </testcase>
  <system-out><![CDATA[2025-01-29 18:36:22,564 INFO o.testcontainers.images.PullPolicy - Image pull policy will be performed by: DefaultPullPolicy()
2025-01-29 18:36:22,570 INFO o.t.utility.ImageNameSubstitutor - Image name substitution will be performed by: DefaultImageNameSubstitutor (composite of 'ConfigurationFileImageNameSubstitutor' and 'PrefixingImageNameSubstitutor')
2025-01-29 18:36:22,583 INFO o.testcontainers.DockerClientFactory - Testcontainers version: 1.20.4
2025-01-29 18:36:23,009 INFO o.t.d.DockerClientProviderStrategy - Found Docker environment with local Unix socket (unix:///var/run/docker.sock)
2025-01-29 18:36:23,016 INFO o.testcontainers.DockerClientFactory - Docker host IP address is localhost
2025-01-29 18:36:23,032 INFO o.testcontainers.DockerClientFactory - Connected to docker: 
  Server Version: 26.1.3
  API Version: 1.45
  Operating System: Ubuntu 24.04.1 LTS
  Total Memory: 15990 MB
2025-01-29 18:36:23,060 INFO tc.testcontainers/ryuk:0.11.0 - Pulling docker image: testcontainers/ryuk:0.11.0. Please be patient; this may take some time but only needs to be done once.
2025-01-29 18:36:24,057 INFO tc.testcontainers/ryuk:0.11.0 - Starting to pull image
2025-01-29 18:36:24,075 INFO tc.testcontainers/ryuk:0.11.0 - Pulling image layers:  0 pending,  0 downloaded,  0 extracted, (0 bytes/0 bytes)
2025-01-29 18:36:24,580 INFO tc.testcontainers/ryuk:0.11.0 - Pulling image layers:  2 pending,  1 downloaded,  0 extracted, (842 KB/? MB)
2025-01-29 18:36:24,621 INFO tc.testcontainers/ryuk:0.11.0 - Pulling image layers:  1 pending,  2 downloaded,  0 extracted, (879 KB/? MB)
2025-01-29 18:36:24,633 INFO tc.testcontainers/ryuk:0.11.0 - Pulling image layers:  0 pending,  3 downloaded,  0 extracted, (906 KB/10 MB)
2025-01-29 18:36:24,722 INFO tc.testcontainers/ryuk:0.11.0 - Pulling image layers:  0 pending,  3 downloaded,  1 extracted, (4 MB/10 MB)
2025-01-29 18:36:24,869 INFO tc.testcontainers/ryuk:0.11.0 - Pulling image layers:  0 pending,  3 downloaded,  2 extracted, (4 MB/10 MB)
2025-01-29 18:36:24,911 INFO tc.testcontainers/ryuk:0.11.0 - Pulling image layers:  0 pending,  3 downloaded,  3 extracted, (10 MB/10 MB)
2025-01-29 18:36:24,919 INFO tc.testcontainers/ryuk:0.11.0 - Image testcontainers/ryuk:0.11.0 pull took PT1.85911236S
2025-01-29 18:36:24,935 INFO tc.testcontainers/ryuk:0.11.0 - Creating container for image: testcontainers/ryuk:0.11.0
2025-01-29 18:36:24,985 INFO tc.testcontainers/ryuk:0.11.0 - Container testcontainers/ryuk:0.11.0 is starting: 2fb529d9c301ee9dbd2702d3a28afe6df723cdffe2b65d62a96abff3d58aa898
2025-01-29 18:36:25,254 INFO tc.testcontainers/ryuk:0.11.0 - Container testcontainers/ryuk:0.11.0 started in PT0.319450058S
2025-01-29 18:36:25,259 INFO o.t.utility.RyukResourceReaper - Ryuk started - will monitor and terminate Testcontainers containers on JVM exit
2025-01-29 18:36:25,259 INFO o.testcontainers.DockerClientFactory - Checking the system...
2025-01-29 18:36:25,259 INFO o.testcontainers.DockerClientFactory - ✔︎ Docker server version should be at least 1.6.0
2025-01-29 18:36:25,470 INFO o.t.containers.SeleniumUtils - Selenium API version 4.28.1 detected on classpath
2025-01-29 18:36:25,481 INFO t.selenium/standalone-chrome:4.28.1 - Pulling docker image: selenium/standalone-chrome:4.28.1. Please be patient; this may take some time but only needs to be done once.
2025-01-29 18:36:26,453 INFO t.selenium/standalone-chrome:4.28.1 - Starting to pull image
2025-01-29 18:36:26,453 INFO t.selenium/standalone-chrome:4.28.1 - Pulling image layers:  0 pending,  0 downloaded,  0 extracted, (0 bytes/0 bytes)
2025-01-29 18:36:27,347 INFO t.selenium/standalone-chrome:4.28.1 - Pulling image layers: 32 pending,  1 downloaded,  0 extracted, (85 MB/? MB)
2025-01-29 18:36:27,604 INFO t.selenium/standalone-chrome:4.28.1 - Pulling image layers: 31 pending,  2 downloaded,  0 extracted, (125 MB/? MB)
2025-01-29 18:36:27,908 INFO t.selenium/standalone-chrome:4.28.1 - Pulling image layers: 30 pending,  3 downloaded,  0 extracted, (181 MB/? MB)
2025-01-29 18:36:28,165 INFO t.selenium/standalone-chrome:4.28.1 - Pulling image layers: 29 pending,  4 downloaded,  0 extracted, (227 MB/? MB)
2025-01-29 18:36:28,401 INFO t.selenium/standalone-chrome:4.28.1 - Pulling image layers: 29 pending,  4 downloaded,  1 extracted, (247 MB/? MB)
2025-01-29 18:36:28,437 INFO t.selenium/standalone-chrome:4.28.1 - Pulling image layers: 28 pending,  5 downloaded,  1 extracted, (247 MB/? MB)
2025-01-29 18:36:28,586 INFO t.selenium/standalone-chrome:4.28.1 - Pulling image layers: 27 pending,  6 downloaded,  1 extracted, (275 MB/? MB)
2025-01-29 18:36:28,720 INFO t.selenium/standalone-chrome:4.28.1 - Pulling image layers: 26 pending,  7 downloaded,  1 extracted, (287 MB/? MB)
2025-01-29 18:36:28,835 INFO t.selenium/standalone-chrome:4.28.1 - Pulling image layers: 25 pending,  8 downloaded,  1 extracted, (290 MB/? MB)
2025-01-29 18:36:28,979 INFO t.selenium/standalone-chrome:4.28.1 - Pulling image layers: 24 pending,  9 downloaded,  1 extracted, (296 MB/? MB)
2025-01-29 18:36:29,116 INFO t.selenium/standalone-chrome:4.28.1 - Pulling image layers: 23 pending, 10 downloaded,  1 extracted, (313 MB/? MB)
2025-01-29 18:36:29,376 INFO t.selenium/standalone-chrome:4.28.1 - Pulling image layers: 22 pending, 11 downloaded,  1 extracted, (329 MB/? MB)
2025-01-29 18:36:29,635 INFO t.selenium/standalone-chrome:4.28.1 - Pulling image layers: 21 pending, 12 downloaded,  1 extracted, (354 MB/? MB)
2025-01-29 18:36:29,769 INFO t.selenium/standalone-chrome:4.28.1 - Pulling image layers: 20 pending, 13 downloaded,  1 extracted, (373 MB/? MB)
2025-01-29 18:36:29,896 INFO t.selenium/standalone-chrome:4.28.1 - Pulling image layers: 19 pending, 14 downloaded,  1 extracted, (380 MB/? MB)
2025-01-29 18:36:30,038 INFO t.selenium/standalone-chrome:4.28.1 - Pulling image layers: 18 pending, 15 downloaded,  1 extracted, (382 MB/? MB)
2025-01-29 18:36:30,949 INFO t.selenium/standalone-chrome:4.28.1 - Pulling image layers: 17 pending, 16 downloaded,  1 extracted, (485 MB/? MB)
2025-01-29 18:36:31,216 INFO t.selenium/standalone-chrome:4.28.1 - Pulling image layers: 16 pending, 17 downloaded,  1 extracted, (522 MB/? MB)
2025-01-29 18:36:31,232 INFO t.selenium/standalone-chrome:4.28.1 - Pulling image layers: 15 pending, 18 downloaded,  1 extracted, (522 MB/? MB)
2025-01-29 18:36:31,485 INFO t.selenium/standalone-chrome:4.28.1 - Pulling image layers: 14 pending, 19 downloaded,  1 extracted, (552 MB/? MB)
2025-01-29 18:36:31,486 INFO t.selenium/standalone-chrome:4.28.1 - Pulling image layers: 13 pending, 20 downloaded,  1 extracted, (552 MB/? MB)
2025-01-29 18:36:31,751 INFO t.selenium/standalone-chrome:4.28.1 - Pulling image layers: 12 pending, 21 downloaded,  1 extracted, (568 MB/? MB)
2025-01-29 18:36:31,945 INFO t.selenium/standalone-chrome:4.28.1 - Pulling image layers: 11 pending, 22 downloaded,  1 extracted, (592 MB/? MB)
2025-01-29 18:36:32,027 INFO t.selenium/standalone-chrome:4.28.1 - Pulling image layers: 10 pending, 23 downloaded,  1 extracted, (596 MB/? MB)
2025-01-29 18:36:32,257 INFO t.selenium/standalone-chrome:4.28.1 - Pulling image layers:  9 pending, 24 downloaded,  1 extracted, (599 MB/? MB)
2025-01-29 18:36:32,285 INFO t.selenium/standalone-chrome:4.28.1 - Pulling image layers:  8 pending, 25 downloaded,  1 extracted, (601 MB/? MB)
2025-01-29 18:36:32,731 INFO t.selenium/standalone-chrome:4.28.1 - Pulling image layers:  7 pending, 26 downloaded,  1 extracted, (608 MB/? MB)
2025-01-29 18:36:32,732 INFO t.selenium/standalone-chrome:4.28.1 - Pulling image layers:  6 pending, 27 downloaded,  1 extracted, (608 MB/? MB)
2025-01-29 18:36:32,982 INFO t.selenium/standalone-chrome:4.28.1 - Pulling image layers:  5 pending, 28 downloaded,  1 extracted, (631 MB/? MB)
2025-01-29 18:36:33,025 INFO t.selenium/standalone-chrome:4.28.1 - Pulling image layers:  4 pending, 29 downloaded,  1 extracted, (631 MB/? MB)
2025-01-29 18:36:33,246 INFO t.selenium/standalone-chrome:4.28.1 - Pulling image layers:  3 pending, 30 downloaded,  1 extracted, (645 MB/? MB)
2025-01-29 18:36:33,284 INFO t.selenium/standalone-chrome:4.28.1 - Pulling image layers:  2 pending, 31 downloaded,  1 extracted, (652 MB/? MB)
2025-01-29 18:36:33,499 INFO t.selenium/standalone-chrome:4.28.1 - Pulling image layers:  1 pending, 32 downloaded,  1 extracted, (660 MB/? MB)
2025-01-29 18:36:33,524 INFO t.selenium/standalone-chrome:4.28.1 - Pulling image layers:  1 pending, 32 downloaded,  2 extracted, (660 MB/? MB)
2025-01-29 18:36:34,877 INFO t.selenium/standalone-chrome:4.28.1 - Pulling image layers:  1 pending, 32 downloaded,  3 extracted, (747 MB/? MB)
2025-01-29 18:36:34,879 INFO t.selenium/standalone-chrome:4.28.1 - Pulling image layers:  0 pending, 33 downloaded,  3 extracted, (747 MB/781 MB)
2025-01-29 18:36:34,900 INFO t.selenium/standalone-chrome:4.28.1 - Pulling image layers:  0 pending, 33 downloaded,  4 extracted, (747 MB/781 MB)
2025-01-29 18:36:34,930 INFO t.selenium/standalone-chrome:4.28.1 - Pulling image layers:  0 pending, 33 downloaded,  5 extracted, (747 MB/781 MB)
2025-01-29 18:36:34,941 INFO t.selenium/standalone-chrome:4.28.1 - Pulling image layers:  0 pending, 33 downloaded,  6 extracted, (747 MB/781 MB)
2025-01-29 18:36:34,950 INFO t.selenium/standalone-chrome:4.28.1 - Pulling image layers:  0 pending, 33 downloaded,  7 extracted, (747 MB/781 MB)
2025-01-29 18:36:34,959 INFO t.selenium/standalone-chrome:4.28.1 - Pulling image layers:  0 pending, 33 downloaded,  8 extracted, (747 MB/781 MB)
2025-01-29 18:36:34,969 INFO t.selenium/standalone-chrome:4.28.1 - Pulling image layers:  0 pending, 33 downloaded,  9 extracted, (747 MB/781 MB)
2025-01-29 18:36:35,042 INFO t.selenium/standalone-chrome:4.28.1 - Pulling image layers:  0 pending, 33 downloaded, 10 extracted, (748 MB/781 MB)
2025-01-29 18:36:35,206 INFO t.selenium/standalone-chrome:4.28.1 - Pulling image layers:  0 pending, 33 downloaded, 11 extracted, (750 MB/781 MB)
2025-01-29 18:36:35,617 INFO t.selenium/standalone-chrome:4.28.1 - Pulling image layers:  0 pending, 33 downloaded, 12 extracted, (750 MB/781 MB)
2025-01-29 18:36:37,993 INFO t.selenium/standalone-chrome:4.28.1 - Pulling image layers:  0 pending, 33 downloaded, 13 extracted, (754 MB/781 MB)
2025-01-29 18:36:38,003 INFO t.selenium/standalone-chrome:4.28.1 - Pulling image layers:  0 pending, 33 downloaded, 14 extracted, (754 MB/781 MB)
2025-01-29 18:36:38,015 INFO t.selenium/standalone-chrome:4.28.1 - Pulling image layers:  0 pending, 33 downloaded, 15 extracted, (754 MB/781 MB)
2025-01-29 18:36:38,026 INFO t.selenium/standalone-chrome:4.28.1 - Pulling image layers:  0 pending, 33 downloaded, 16 extracted, (754 MB/781 MB)
2025-01-29 18:36:41,582 INFO t.selenium/standalone-chrome:4.28.1 - Pulling image layers:  0 pending, 33 downloaded, 17 extracted, (757 MB/781 MB)
2025-01-29 18:36:42,538 INFO t.selenium/standalone-chrome:4.28.1 - Pulling image layers:  0 pending, 33 downloaded, 18 extracted, (764 MB/781 MB)
2025-01-29 18:36:42,555 INFO t.selenium/standalone-chrome:4.28.1 - Pulling image layers:  0 pending, 33 downloaded, 19 extracted, (764 MB/781 MB)
2025-01-29 18:36:42,567 INFO t.selenium/standalone-chrome:4.28.1 - Pulling image layers:  0 pending, 33 downloaded, 20 extracted, (764 MB/781 MB)
2025-01-29 18:36:42,577 INFO t.selenium/standalone-chrome:4.28.1 - Pulling image layers:  0 pending, 33 downloaded, 21 extracted, (764 MB/781 MB)
2025-01-29 18:36:47,293 INFO t.selenium/standalone-chrome:4.28.1 - Pulling image layers:  0 pending, 33 downloaded, 22 extracted, (772 MB/781 MB)
2025-01-29 18:36:47,303 INFO t.selenium/standalone-chrome:4.28.1 - Pulling image layers:  0 pending, 33 downloaded, 23 extracted, (772 MB/781 MB)
2025-01-29 18:36:47,314 INFO t.selenium/standalone-chrome:4.28.1 - Pulling image layers:  0 pending, 33 downloaded, 24 extracted, (772 MB/781 MB)
2025-01-29 18:36:47,432 INFO t.selenium/standalone-chrome:4.28.1 - Pulling image layers:  0 pending, 33 downloaded, 25 extracted, (781 MB/781 MB)
2025-01-29 18:36:47,442 INFO t.selenium/standalone-chrome:4.28.1 - Pulling image layers:  0 pending, 33 downloaded, 26 extracted, (781 MB/781 MB)
2025-01-29 18:36:47,453 INFO t.selenium/standalone-chrome:4.28.1 - Pulling image layers:  0 pending, 33 downloaded, 27 extracted, (781 MB/781 MB)
2025-01-29 18:36:47,466 INFO t.selenium/standalone-chrome:4.28.1 - Pulling image layers:  0 pending, 33 downloaded, 28 extracted, (781 MB/781 MB)
2025-01-29 18:36:47,475 INFO t.selenium/standalone-chrome:4.28.1 - Pulling image layers:  0 pending, 33 downloaded, 29 extracted, (781 MB/781 MB)
2025-01-29 18:36:47,487 INFO t.selenium/standalone-chrome:4.28.1 - Pulling image layers:  0 pending, 33 downloaded, 30 extracted, (781 MB/781 MB)
2025-01-29 18:36:47,498 INFO t.selenium/standalone-chrome:4.28.1 - Pulling image layers:  0 pending, 33 downloaded, 31 extracted, (781 MB/781 MB)
2025-01-29 18:36:47,508 INFO t.selenium/standalone-chrome:4.28.1 - Pulling image layers:  0 pending, 33 downloaded, 32 extracted, (781 MB/781 MB)
2025-01-29 18:36:47,519 INFO t.selenium/standalone-chrome:4.28.1 - Pulling image layers:  0 pending, 33 downloaded, 33 extracted, (781 MB/781 MB)
2025-01-29 18:36:47,525 INFO t.selenium/standalone-chrome:4.28.1 - Pull complete. 33 layers, pulled in 21s (downloaded 781 MB at 37 MB/s)
2025-01-29 18:36:47,526 INFO t.selenium/standalone-chrome:4.28.1 - Image selenium/standalone-chrome:4.28.1 pull took PT22.044292622S
2025-01-29 18:36:47,529 INFO t.selenium/standalone-chrome:4.28.1 - Creating container for image: selenium/standalone-chrome:4.28.1
2025-01-29 18:36:47,532 INFO tc.alpine:3.17 - Pulling docker image: alpine:3.17. Please be patient; this may take some time but only needs to be done once.
2025-01-29 18:36:48,503 INFO tc.alpine:3.17 - Starting to pull image
2025-01-29 18:36:48,503 INFO tc.alpine:3.17 - Pulling image layers:  0 pending,  0 downloaded,  0 extracted, (0 bytes/0 bytes)
2025-01-29 18:36:49,041 INFO tc.alpine:3.17 - Pulling image layers:  0 pending,  1 downloaded,  0 extracted, (33 KB/3 MB)
2025-01-29 18:36:49,138 INFO tc.alpine:3.17 - Pulling image layers:  0 pending,  1 downloaded,  1 extracted, (3 MB/3 MB)
2025-01-29 18:36:49,144 INFO tc.alpine:3.17 - Image alpine:3.17 pull took PT1.612117475S
2025-01-29 18:36:49,421 INFO t.selenium/standalone-chrome:4.28.1 - Container selenium/standalone-chrome:4.28.1 is starting: a8a1dbd53cdf9bbd6c2864daa772fb902d1abecf74b6dc5b4efd4b095f609e86
2025-01-29 18:36:52,165 INFO t.selenium/standalone-chrome:4.28.1 - Container selenium/standalone-chrome:4.28.1 started in PT4.636802837S
2025-01-29 18:36:52,167 INFO c.h.h.t.HelmChartContainerExtension - Using cached HelmChartContainer instance
2025-01-29 18:36:52,168 INFO c.h.h.t.HelmChartContainerExtension - Creating cached HelmChartContainer instance
2025-01-29 18:36:52,253 INFO o.t.i.builder.ImageFromDockerfile - Pre-emptively checking local images for 'ubuntu:noble-20241118.1@sha256:80dd3c3b9c6cecb9f1667e9290b3bc61b78c2678c02cbdae5f0fea92cc6734ab', referenced via a Dockerfile. If not available, it will be pulled.
2025-01-29 18:36:52,255 INFO t.u.1@sha256:80dd3c... - Pulling docker image: ubuntu:noble-20241118.1@sha256:80dd3c3b9c6cecb9f1667e9290b3bc61b78c2678c02cbdae5f0fea92cc6734ab. Please be patient; this may take some time but only needs to be done once.
2025-01-29 18:36:52,951 INFO t.u.1@sha256:80dd3c... - Starting to pull image
2025-01-29 18:36:52,952 INFO t.u.1@sha256:80dd3c... - Pulling image layers:  0 pending,  0 downloaded,  0 extracted, (0 bytes/0 bytes)
2025-01-29 18:36:53,497 INFO t.u.1@sha256:80dd3c... - Image ubuntu:noble-20241118.1@sha256:80dd3c3b9c6cecb9f1667e9290b3bc61b78c2678c02cbdae5f0fea92cc6734ab pull took PT1.241684087S
2025-01-29 18:36:53,499 INFO o.t.i.builder.ImageFromDockerfile - Pre-emptively checking local images for 'rancher/k3s:v1.32.1-k3s1', referenced via a Dockerfile. If not available, it will be pulled.
2025-01-29 18:36:53,500 INFO tc.rancher/k3s:v1.32.1-k3s1 - Pulling docker image: rancher/k3s:v1.32.1-k3s1. Please be patient; this may take some time but only needs to be done once.
2025-01-29 18:36:54,462 INFO tc.rancher/k3s:v1.32.1-k3s1 - Starting to pull image
2025-01-29 18:36:54,463 INFO tc.rancher/k3s:v1.32.1-k3s1 - Pulling image layers:  0 pending,  0 downloaded,  0 extracted, (0 bytes/0 bytes)
2025-01-29 18:36:55,744 INFO tc.rancher/k3s:v1.32.1-k3s1 - Pulling image layers:  0 pending,  1 downloaded,  0 extracted, (67 MB/71 MB)
2025-01-29 18:36:56,792 INFO tc.rancher/k3s:v1.32.1-k3s1 - Pulling image layers:  0 pending,  1 downloaded,  1 extracted, (71 MB/71 MB)
2025-01-29 18:36:56,798 INFO tc.rancher/k3s:v1.32.1-k3s1 - Pull complete. 1 layers, pulled in 2s (downloaded 71 MB at 35 MB/s)
2025-01-29 18:36:56,798 INFO tc.rancher/k3s:v1.32.1-k3s1 - Image rancher/k3s:v1.32.1-k3s1 pull took PT3.297968797S
2025-01-29 18:36:56,802 INFO o.t.i.builder.ImageFromDockerfile - Transferred 0 bytes to Docker daemon
2025-01-29 18:37:14,017 INFO c.h.h.t.HelmChartContainer - Starting HelmChartContainer...
2025-01-29 18:37:14,020 INFO t.localhost/testcontainers/lkpe7yjsgskjskph:latest - Creating container for image: localhost/testcontainers/lkpe7yjsgskjskph:latest
2025-01-29 18:37:14,355 INFO t.localhost/testcontainers/lkpe7yjsgskjskph:latest - Container localhost/testcontainers/lkpe7yjsgskjskph:latest is starting: b7418fb8ab78e3ed4669cf9cd074d22eb9a684de5dca110c468391e6ede4896d
2025-01-29 18:37:14,730 INFO c.h.h.t.HelmChartContainer - [K3S] [INFO] Starting k3s v1.32.1+k3s1 (6a322f12)
2025-01-29 18:37:14,733 INFO c.h.h.t.HelmChartContainer - [K3S] [INFO] Configuring sqlite3 database connection pooling: maxIdleConns=2, maxOpenConns=0, connMaxLifetime=0s
2025-01-29 18:37:14,733 INFO c.h.h.t.HelmChartContainer - [K3S] [INFO] Configuring database table schema and indexes, this may take a moment...
2025-01-29 18:37:14,736 INFO c.h.h.t.HelmChartContainer - [K3S] [INFO] Database tables and indexes are up to date
2025-01-29 18:37:14,739 INFO c.h.h.t.HelmChartContainer - [K3S] [INFO] Kine available at unix://kine.sock
2025-01-29 18:37:14,987 INFO c.h.h.t.HelmChartContainer - [K3S] [INFO] Saving cluster bootstrap data to datastore
2025-01-29 18:37:14,988 INFO c.h.h.t.HelmChartContainer - [K3S] [WARNING] dynamiclistener [::]:6443: no cached certificate available for preload - deferring certificate load until storage initialization or first client request
2025-01-29 18:37:14,988 INFO c.h.h.t.HelmChartContainer - [K3S] [INFO] Active TLS secret / (ver=) (count 10): map[listener.cattle.io/cn-10.43.0.1:10.43.0.1 listener.cattle.io/cn-127.0.0.1:127.0.0.1 listener.cattle.io/cn-172.18.0.2:172.18.0.2 listener.cattle.io/cn-__1-f16284:::1 listener.cattle.io/cn-b7418fb8ab78:b7418fb8ab78 listener.cattle.io/cn-kubernetes:kubernetes listener.cattle.io/cn-kubernetes.default:kubernetes.default listener.cattle.io/cn-kubernetes.default.svc:kubernetes.default.svc listener.cattle.io/cn-kubernetes.default.svc.cluster.local:kubernetes.default.svc.cluster.local listener.cattle.io/cn-localhost:localhost listener.cattle.io/fingerprint:SHA1=AACA1C13F3C71003EABD623EBAE865F08A07BF6E]
2025-01-29 18:37:15,149 INFO c.h.h.t.HelmChartContainer - [K3S] [INFO] Running kube-apiserver --advertise-port=6443 --allow-privileged=true --anonymous-auth=false --api-audiences=https://kubernetes.default.svc.cluster.local,k3s --authorization-mode=Node,RBAC --bind-address=127.0.0.1 --cert-dir=/var/lib/rancher/k3s/server/tls/temporary-certs --client-ca-file=/var/lib/rancher/k3s/server/tls/client-ca.crt --egress-selector-config-file=/var/lib/rancher/k3s/server/etc/egress-selector-config.yaml --enable-admission-plugins=NodeRestriction --enable-aggregator-routing=true --enable-bootstrap-token-auth=true --etcd-compaction-interval=0s --etcd-servers=unix://kine.sock --kubelet-certificate-authority=/var/lib/rancher/k3s/server/tls/server-ca.crt --kubelet-client-certificate=/var/lib/rancher/k3s/server/tls/client-kube-apiserver.crt --kubelet-client-key=/var/lib/rancher/k3s/server/tls/client-kube-apiserver.key --kubelet-preferred-address-types=InternalIP,ExternalIP,Hostname --profiling=false --proxy-client-cert-file=/var/lib/rancher/k3s/server/tls/client-auth-proxy.crt --proxy-client-key-file=/var/lib/rancher/k3s/server/tls/client-auth-proxy.key --requestheader-allowed-names=system:auth-proxy --requestheader-client-ca-file=/var/lib/rancher/k3s/server/tls/request-header-ca.crt --requestheader-extra-headers-prefix=X-Remote-Extra- --requestheader-group-headers=X-Remote-Group --requestheader-username-headers=X-Remote-User --secure-port=6444 --service-account-issuer=https://kubernetes.default.svc.cluster.local --service-account-key-file=/var/lib/rancher/k3s/server/tls/service.key --service-account-signing-key-file=/var/lib/rancher/k3s/server/tls/service.current.key --service-cluster-ip-range=10.43.0.0/16 --service-node-port-range=30000-32767 --storage-backend=etcd3 --tls-cert-file=/var/lib/rancher/k3s/server/tls/serving-kube-apiserver.crt --tls-cipher-suites=TLS_ECDHE_ECDSA_WITH_AES_256_GCM_SHA384,TLS_ECDHE_RSA_WITH_AES_256_GCM_SHA384,TLS_ECDHE_ECDSA_WITH_AES_128_GCM_SHA256,TLS_ECDHE_RSA_WITH_AES_128_GCM_SHA256,TLS_ECDHE_ECDSA_WITH_CHACHA20_POLY1305,TLS_ECDHE_RSA_WITH_CHACHA20_POLY1305 --tls-private-key-file=/var/lib/rancher/k3s/server/tls/serving-kube-apiserver.key
2025-01-29 18:37:15,150 INFO c.h.h.t.HelmChartContainer - [K3S] [INFO] Running kube-scheduler --authentication-kubeconfig=/var/lib/rancher/k3s/server/cred/scheduler.kubeconfig --authorization-kubeconfig=/var/lib/rancher/k3s/server/cred/scheduler.kubeconfig --bind-address=127.0.0.1 --kubeconfig=/var/lib/rancher/k3s/server/cred/scheduler.kubeconfig --leader-elect=false --profiling=false --secure-port=10259
2025-01-29 18:37:15,150 INFO c.h.h.t.HelmChartContainer - [K3S] [INFO] Waiting for API server to become available
2025-01-29 18:37:15,150 INFO c.h.h.t.HelmChartContainer - [K3S] [registry.go:256] calling componentGlobalsRegistry.AddFlags more than once, the registry will be set by the latest flags
2025-01-29 18:37:15,151 INFO c.h.h.t.HelmChartContainer - [K3S] [INFO] Running kube-controller-manager --allocate-node-cidrs=true --authentication-kubeconfig=/var/lib/rancher/k3s/server/cred/controller.kubeconfig --authorization-kubeconfig=/var/lib/rancher/k3s/server/cred/controller.kubeconfig --bind-address=127.0.0.1 --cluster-cidr=10.42.0.0/16 --cluster-signing-kube-apiserver-client-cert-file=/var/lib/rancher/k3s/server/tls/client-ca.nochain.crt --cluster-signing-kube-apiserver-client-key-file=/var/lib/rancher/k3s/server/tls/client-ca.key --cluster-signing-kubelet-client-cert-file=/var/lib/rancher/k3s/server/tls/client-ca.nochain.crt --cluster-signing-kubelet-client-key-file=/var/lib/rancher/k3s/server/tls/client-ca.key --cluster-signing-kubelet-serving-cert-file=/var/lib/rancher/k3s/server/tls/server-ca.nochain.crt --cluster-signing-kubelet-serving-key-file=/var/lib/rancher/k3s/server/tls/server-ca.key --cluster-signing-legacy-unknown-cert-file=/var/lib/rancher/k3s/server/tls/server-ca.nochain.crt --cluster-signing-legacy-unknown-key-file=/var/lib/rancher/k3s/server/tls/server-ca.key --configure-cloud-routes=false --controllers=*,tokencleaner,-service,-route,-cloud-node-lifecycle --kubeconfig=/var/lib/rancher/k3s/server/cred/controller.kubeconfig --leader-elect=false --profiling=false --root-ca-file=/var/lib/rancher/k3s/server/tls/server-ca.crt --secure-port=10257 --service-account-private-key-file=/var/lib/rancher/k3s/server/tls/service.current.key --service-cluster-ip-range=10.43.0.0/16 --use-service-account-credentials=true
2025-01-29 18:37:15,151 INFO c.h.h.t.HelmChartContainer - [K3S] [registry.go:256] calling componentGlobalsRegistry.AddFlags more than once, the registry will be set by the latest flags
2025-01-29 18:37:15,151 INFO c.h.h.t.HelmChartContainer - [K3S] [options.go:299] unable to set WatchListClient feature gate, err: cannot override default for feature "WatchListClient": gates already added to a flag set
2025-01-29 18:37:15,151 INFO c.h.h.t.HelmChartContainer - [K3S] [options.go:238] external host was not specified, using 172.18.0.2
2025-01-29 18:37:15,152 INFO c.h.h.t.HelmChartContainer - [K3S] [registry.go:256] calling componentGlobalsRegistry.AddFlags more than once, the registry will be set by the latest flags
2025-01-29 18:37:15,155 INFO c.h.h.t.HelmChartContainer - [K3S] [INFO] Running cloud-controller-manager --allocate-node-cidrs=true --authentication-kubeconfig=/var/lib/rancher/k3s/server/cred/cloud-controller.kubeconfig --authorization-kubeconfig=/var/lib/rancher/k3s/server/cred/cloud-controller.kubeconfig --bind-address=127.0.0.1 --cloud-config=/var/lib/rancher/k3s/server/etc/cloud-config.yaml --cloud-provider=k3s --cluster-cidr=10.42.0.0/16 --configure-cloud-routes=false --controllers=*,-route --kubeconfig=/var/lib/rancher/k3s/server/cred/cloud-controller.kubeconfig --leader-elect=false --leader-elect-resource-name=k3s-cloud-controller-manager --node-status-update-frequency=1m0s --profiling=false
2025-01-29 18:37:15,156 INFO c.h.h.t.HelmChartContainer - [K3S] [server.go:151] Version: v1.32.1+k3s1
2025-01-29 18:37:15,157 INFO c.h.h.t.HelmChartContainer - [K3S] [server.go:153] "Golang settings" GOGC="" GOMAXPROCS="" GOTRACEBACK=""
2025-01-29 18:37:15,157 INFO c.h.h.t.HelmChartContainer - [K3S] [INFO] Server node token is available at /var/lib/rancher/k3s/server/token
2025-01-29 18:37:15,157 INFO c.h.h.t.HelmChartContainer - [K3S] [INFO] To join server node to cluster: k3s server -s https://172.18.0.2:6443 -t ${SERVER_NODE_TOKEN}
2025-01-29 18:37:15,157 INFO c.h.h.t.HelmChartContainer - [K3S] [INFO] Agent node token is available at /var/lib/rancher/k3s/server/agent-token
2025-01-29 18:37:15,157 INFO c.h.h.t.HelmChartContainer - [K3S] [INFO] To join agent node to cluster: k3s agent -s https://172.18.0.2:6443 -t ${AGENT_NODE_TOKEN}
2025-01-29 18:37:15,159 INFO c.h.h.t.HelmChartContainer - [K3S] [INFO] Wrote kubeconfig /etc/rancher/k3s/k3s.yaml
2025-01-29 18:37:15,160 INFO c.h.h.t.HelmChartContainer - [K3S] [INFO] Run: k3s kubectl
2025-01-29 18:37:15,466 INFO c.h.h.t.HelmChartContainer - [K3S] [plugins.go:157] Loaded 13 mutating admission controller(s) successfully in the following order: NamespaceLifecycle,LimitRanger,ServiceAccount,NodeRestriction,TaintNodesByCondition,Priority,DefaultTolerationSeconds,DefaultStorageClass,StorageObjectInUseProtection,RuntimeClass,DefaultIngressClass,MutatingAdmissionPolicy,MutatingAdmissionWebhook.
2025-01-29 18:37:15,466 INFO c.h.h.t.HelmChartContainer - [K3S] [plugins.go:160] Loaded 13 validating admission controller(s) successfully in the following order: LimitRanger,ServiceAccount,PodSecurity,Priority,PersistentVolumeClaimResize,RuntimeClass,CertificateApproval,CertificateSigning,ClusterTrustBundleAttest,CertificateSubjectRestriction,ValidatingAdmissionPolicy,ValidatingAdmissionWebhook,ResourceQuota.
2025-01-29 18:37:15,469 INFO c.h.h.t.HelmChartContainer - [K3S] [instance.go:233] Using reconciler: lease
2025-01-29 18:37:15,535 INFO c.h.h.t.HelmChartContainer - [K3S] [apis.go:106] API group "internal.apiserver.k8s.io" is not enabled, skipping.
2025-01-29 18:37:15,593 INFO c.h.h.t.HelmChartContainer - [K3S] [apis.go:106] API group "storagemigration.k8s.io" is not enabled, skipping.
2025-01-29 18:37:15,626 INFO c.h.h.t.HelmChartContainer - [K3S] [apis.go:106] API group "resource.k8s.io" is not enabled, skipping.
2025-01-29 18:37:15,840 INFO c.h.h.t.HelmChartContainer - [K3S] [INFO] Password verified locally for node b7418fb8ab78
2025-01-29 18:37:15,954 INFO c.h.h.t.HelmChartContainer - [K3S] [dynamic_cafile_content.go:161] "Starting controller" name="request-header::/var/lib/rancher/k3s/server/tls/request-header-ca.crt"
2025-01-29 18:37:15,954 INFO c.h.h.t.HelmChartContainer - [K3S] [dynamic_cafile_content.go:161] "Starting controller" name="client-ca-bundle::/var/lib/rancher/k3s/server/tls/client-ca.crt"
2025-01-29 18:37:15,954 INFO c.h.h.t.HelmChartContainer - [K3S] [dynamic_serving_content.go:135] "Starting controller" name="serving-cert::/var/lib/rancher/k3s/server/tls/serving-kube-apiserver.crt::/var/lib/rancher/k3s/server/tls/serving-kube-apiserver.key"
2025-01-29 18:37:15,955 INFO c.h.h.t.HelmChartContainer - [K3S] [secure_serving.go:213] Serving securely on 127.0.0.1:6444
2025-01-29 18:37:15,955 INFO c.h.h.t.HelmChartContainer - [K3S] [tlsconfig.go:243] "Starting DynamicServingCertificateController"
2025-01-29 18:37:15,955 INFO c.h.h.t.HelmChartContainer - [K3S] [apf_controller.go:377] Starting API Priority and Fairness config controller
2025-01-29 18:37:15,955 INFO c.h.h.t.HelmChartContainer - [K3S] [remote_available_controller.go:411] Starting RemoteAvailability controller
2025-01-29 18:37:15,955 INFO c.h.h.t.HelmChartContainer - [K3S] [controller.go:80] Starting OpenAPI V3 AggregationController
2025-01-29 18:37:15,955 INFO c.h.h.t.HelmChartContainer - [K3S] [gc_controller.go:78] Starting apiserver lease garbage collector
2025-01-29 18:37:15,955 INFO c.h.h.t.HelmChartContainer - [K3S] [cluster_authentication_trust_controller.go:462] Starting cluster_authentication_trust_controller controller
2025-01-29 18:37:15,955 INFO c.h.h.t.HelmChartContainer - [K3S] [customresource_discovery_controller.go:292] Starting DiscoveryController
2025-01-29 18:37:15,955 INFO c.h.h.t.HelmChartContainer - [K3S] [dynamic_serving_content.go:135] "Starting controller" name="aggregator-proxy-cert::/var/lib/rancher/k3s/server/tls/client-auth-proxy.crt::/var/lib/rancher/k3s/server/tls/client-auth-proxy.key"
2025-01-29 18:37:15,955 INFO c.h.h.t.HelmChartContainer - [K3S] [system_namespaces_controller.go:66] Starting system namespaces controller
2025-01-29 18:37:15,955 INFO c.h.h.t.HelmChartContainer - [K3S] [local_available_controller.go:156] Starting LocalAvailability controller
2025-01-29 18:37:15,956 INFO c.h.h.t.HelmChartContainer - [K3S] [apiservice_controller.go:100] Starting APIServiceRegistrationController
2025-01-29 18:37:15,956 INFO c.h.h.t.HelmChartContainer - [K3S] [aggregator.go:169] waiting for initial CRD sync...
2025-01-29 18:37:15,956 INFO c.h.h.t.HelmChartContainer - [K3S] [controller.go:78] Starting OpenAPI AggregationController
2025-01-29 18:37:15,960 INFO c.h.h.t.HelmChartContainer - [K3S] [controller.go:119] Starting legacy_token_tracking_controller
2025-01-29 18:37:15,961 INFO c.h.h.t.HelmChartContainer - [K3S] [controller.go:142] Starting OpenAPI controller
2025-01-29 18:37:15,961 INFO c.h.h.t.HelmChartContainer - [K3S] [controller.go:90] Starting OpenAPI V3 controller
2025-01-29 18:37:15,962 INFO c.h.h.t.HelmChartContainer - [K3S] [naming_controller.go:294] Starting NamingConditionController
2025-01-29 18:37:15,962 INFO c.h.h.t.HelmChartContainer - [K3S] [dynamic_cafile_content.go:161] "Starting controller" name="client-ca-bundle::/var/lib/rancher/k3s/server/tls/client-ca.crt"
2025-01-29 18:37:15,963 INFO c.h.h.t.HelmChartContainer - [K3S] [establishing_controller.go:81] Starting EstablishingController
2025-01-29 18:37:15,963 INFO c.h.h.t.HelmChartContainer - [K3S] [nonstructuralschema_controller.go:195] Starting NonStructuralSchemaConditionController
2025-01-29 18:37:15,963 INFO c.h.h.t.HelmChartContainer - [K3S] [apiapproval_controller.go:189] Starting KubernetesAPIApprovalPolicyConformantConditionController
2025-01-29 18:37:15,963 INFO c.h.h.t.HelmChartContainer - [K3S] [crd_finalizer.go:269] Starting CRDFinalizer
2025-01-29 18:37:15,963 INFO c.h.h.t.HelmChartContainer - [K3S] [dynamic_cafile_content.go:161] "Starting controller" name="request-header::/var/lib/rancher/k3s/server/tls/request-header-ca.crt"
2025-01-29 18:37:15,963 INFO c.h.h.t.HelmChartContainer - [K3S] [crdregistration_controller.go:114] Starting crd-autoregister controller
2025-01-29 18:37:16,056 INFO c.h.h.t.HelmChartContainer - [K3S] [apf_controller.go:382] Running API Priority and Fairness config worker
2025-01-29 18:37:16,056 INFO c.h.h.t.HelmChartContainer - [K3S] [apf_controller.go:385] Running API Priority and Fairness periodic rebalancing process
2025-01-29 18:37:16,057 INFO c.h.h.t.HelmChartContainer - [K3S] [handler_discovery.go:451] Starting ResourceDiscoveryManager
2025-01-29 18:37:16,057 INFO c.h.h.t.HelmChartContainer - [K3S] [aggregator.go:171] initial CRD sync complete...
2025-01-29 18:37:16,057 INFO c.h.h.t.HelmChartContainer - [K3S] [autoregister_controller.go:144] Starting autoregister controller
2025-01-29 18:37:16,060 INFO c.h.h.t.HelmChartContainer - [K3S] [policy_source.go:240] refreshing policies
2025-01-29 18:37:16,107 INFO c.h.h.t.HelmChartContainer - [K3S] [controller.go:148] "Unhandled Error" err="while syncing ConfigMap \"kube-system/kube-apiserver-legacy-service-account-token-tracking\", err: namespaces \"kube-system\" not found" logger="UnhandledError"
2025-01-29 18:37:16,107 INFO c.h.h.t.HelmChartContainer - [K3S] [controller.go:95] Unable to perform initial Kubernetes service initialization: namespaces "default" not found
2025-01-29 18:37:16,131 INFO c.h.h.t.HelmChartContainer - [K3S] [controller.go:145] "Failed to ensure lease exists, will retry" err="namespaces \"kube-system\" not found" interval="200ms"
2025-01-29 18:37:16,383 INFO c.h.h.t.HelmChartContainer - [K3S] [WARNING] Host resolv.conf includes loopback or multicast nameservers - kubelet will use autogenerated resolv.conf with nameserver 8.8.8.8
2025-01-29 18:37:16,392 INFO c.h.h.t.HelmChartContainer - [K3S] [INFO] Module overlay was already loaded
2025-01-29 18:37:16,392 INFO c.h.h.t.HelmChartContainer - [K3S] [INFO] Module nf_conntrack was already loaded
2025-01-29 18:37:16,392 INFO c.h.h.t.HelmChartContainer - [K3S] [INFO] Module br_netfilter was already loaded
2025-01-29 18:37:16,396 INFO c.h.h.t.HelmChartContainer - [K3S] [INFO] Set sysctl 'net/netfilter/nf_conntrack_max' to 131072
2025-01-29 18:37:16,396 INFO c.h.h.t.HelmChartContainer - [K3S] [INFO] Set sysctl 'net/netfilter/nf_conntrack_tcp_timeout_established' to 86400
2025-01-29 18:37:16,396 INFO c.h.h.t.HelmChartContainer - [K3S] [INFO] Set sysctl 'net/netfilter/nf_conntrack_tcp_timeout_close_wait' to 3600
2025-01-29 18:37:16,398 INFO c.h.h.t.HelmChartContainer - [K3S] [INFO] Logging containerd to /var/lib/rancher/k3s/agent/containerd/containerd.log
2025-01-29 18:37:16,398 INFO c.h.h.t.HelmChartContainer - [K3S] [INFO] Running containerd -c /var/lib/rancher/k3s/agent/etc/containerd/config.toml -a /run/k3s/containerd/containerd.sock --state /run/k3s/containerd --root /var/lib/rancher/k3s/agent/containerd
2025-01-29 18:37:16,956 INFO c.h.h.t.HelmChartContainer - [K3S] [storage_scheduling.go:95] created PriorityClass system-node-critical with value 2000001000
2025-01-29 18:37:16,960 INFO c.h.h.t.HelmChartContainer - [K3S] [storage_scheduling.go:95] created PriorityClass system-cluster-critical with value 2000000000
2025-01-29 18:37:16,960 INFO c.h.h.t.HelmChartContainer - [K3S] [storage_scheduling.go:111] all system priority classes are created successfully or already exist.
2025-01-29 18:37:17,311 INFO c.h.h.t.HelmChartContainer - [K3S] [alloc.go:330] "allocated clusterIPs" service="default/kubernetes" clusterIPs={"IPv4":"10.43.0.1"}
2025-01-29 18:37:17,315 INFO c.h.h.t.HelmChartContainer - [K3S] [lease.go:265] Resetting endpoints for master service "kubernetes" to [172.18.0.2]
2025-01-29 18:37:17,407 INFO c.h.h.t.HelmChartContainer - [K3S] [INFO] containerd is now running
2025-01-29 18:37:17,409 INFO c.h.h.t.HelmChartContainer - [K3S] [INFO] Connecting to proxy" url="wss://127.0.0.1:6443/v1-k3s/connect
2025-01-29 18:37:17,410 INFO c.h.h.t.HelmChartContainer - [K3S] [INFO] Creating k3s-cert-monitor event broadcaster
2025-01-29 18:37:17,412 INFO c.h.h.t.HelmChartContainer - [K3S] [INFO] Handling backend connection request [b7418fb8ab78]
2025-01-29 18:37:17,412 INFO c.h.h.t.HelmChartContainer - [K3S] [INFO] Remotedialer connected to proxy" url="wss://127.0.0.1:6443/v1-k3s/connect
2025-01-29 18:37:17,412 INFO c.h.h.t.HelmChartContainer - [K3S] [INFO] Running kubelet --cloud-provider=external --config-dir=/var/lib/rancher/k3s/agent/etc/kubelet.conf.d --containerd=/run/k3s/containerd/containerd.sock --hostname-override=b7418fb8ab78 --kubeconfig=/var/lib/rancher/k3s/agent/kubelet.kubeconfig --node-ip=172.18.0.2 --node-labels=
2025-01-29 18:37:17,418 INFO c.h.h.t.HelmChartContainer - [K3S] Flag --containerd has been deprecated, This is a cadvisor flag that was mistakenly registered with the Kubelet. Due to legacy concerns, it will follow the standard CLI deprecation timeline before being removed.
2025-01-29 18:37:17,421 INFO c.h.h.t.HelmChartContainer - [K3S] [server.go:515] "Kubelet version" kubeletVersion="v1.32.1+k3s1"
2025-01-29 18:37:17,421 INFO c.h.h.t.HelmChartContainer - [K3S] [server.go:517] "Golang settings" GOGC="" GOMAXPROCS="" GOTRACEBACK=""
2025-01-29 18:37:17,423 INFO c.h.h.t.HelmChartContainer - [K3S] [dynamic_cafile_content.go:161] "Starting controller" name="client-ca-bundle::/var/lib/rancher/k3s/agent/client-ca.crt"
2025-01-29 18:37:17,425 INFO c.h.h.t.HelmChartContainer - [K3S] [log.go:32] "RuntimeConfig from runtime service failed" err="rpc error: code = Unimplemented desc = method RuntimeConfig not implemented"
2025-01-29 18:37:17,425 INFO c.h.h.t.HelmChartContainer - [K3S] [server.go:1416] "CRI implementation should be updated to support RuntimeConfig when KubeletCgroupDriverFromCRI feature gate has been enabled. Falling back to using cgroupDriver from kubelet config."
2025-01-29 18:37:17,429 INFO c.h.h.t.HelmChartContainer - [K3S] [info.go:53] Couldn't collect info from any of the files in "/etc/machine-id,/var/lib/dbus/machine-id"
2025-01-29 18:37:17,429 INFO c.h.h.t.HelmChartContainer - [K3S] [server.go:767] "--cgroups-per-qos enabled, but --cgroup-root was not specified.  defaulting to /"
2025-01-29 18:37:17,429 INFO c.h.h.t.HelmChartContainer - [K3S] [server.go:836] "NoSwap is set due to memorySwapBehavior not specified" memorySwapBehavior="" FailSwapOn=false
2025-01-29 18:37:17,429 INFO c.h.h.t.HelmChartContainer - [K3S] [swap_util.go:115] "Swap is on" /proc/swaps contents=<
2025-01-29 18:37:17,429 INFO c.h.h.t.HelmChartContainer - [K3S] 	Filename				Type		Size		Used		Priority
2025-01-29 18:37:17,429 INFO c.h.h.t.HelmChartContainer - [K3S] 	/mnt/swapfile                           file		4194300		268		-2
2025-01-29 18:37:17,430 INFO c.h.h.t.HelmChartContainer - [K3S]  >
2025-01-29 18:37:17,430 INFO c.h.h.t.HelmChartContainer - [K3S] [container_manager_linux.go:268] "Container manager verified user specified cgroup-root exists" cgroupRoot=[]
2025-01-29 18:37:17,431 INFO c.h.h.t.HelmChartContainer - [K3S] [container_manager_linux.go:273] "Creating Container Manager object based on Node Config" nodeConfig={"NodeName":"b7418fb8ab78","RuntimeCgroupsName":"","SystemCgroupsName":"","KubeletCgroupsName":"/k3s","KubeletOOMScoreAdj":-999,"ContainerRuntime":"","CgroupsPerQOS":true,"CgroupRoot":"/","CgroupDriver":"cgroupfs","KubeletRootDir":"/var/lib/kubelet","ProtectKernelDefaults":false,"KubeReservedCgroupName":"","SystemReservedCgroupName":"","ReservedSystemCPUs":{},"EnforceNodeAllocatable":{"pods":{}},"KubeReserved":null,"SystemReserved":null,"HardEvictionThresholds":[{"Signal":"imagefs.available","Operator":"LessThan","Value":{"Quantity":null,"Percentage":0.05},"GracePeriod":0,"MinReclaim":null},{"Signal":"nodefs.available","Operator":"LessThan","Value":{"Quantity":null,"Percentage":0.05},"GracePeriod":0,"MinReclaim":null}],"QOSReserved":{},"CPUManagerPolicy":"none","CPUManagerPolicyOptions":null,"TopologyManagerScope":"container","CPUManagerReconcilePeriod":10000000000,"ExperimentalMemoryManagerPolicy":"None","ExperimentalMemoryManagerReservedMemory":null,"PodPidsLimit":-1,"EnforceCPULimits":true,"CPUCFSQuotaPeriod":100000000,"TopologyManagerPolicy":"none","TopologyManagerPolicyOptions":null,"CgroupVersion":2}
2025-01-29 18:37:17,431 INFO c.h.h.t.HelmChartContainer - [K3S] [topology_manager.go:138] "Creating topology manager with none policy"
2025-01-29 18:37:17,431 INFO c.h.h.t.HelmChartContainer - [K3S] [container_manager_linux.go:304] "Creating device plugin manager"
2025-01-29 18:37:17,431 INFO c.h.h.t.HelmChartContainer - [K3S] [state_mem.go:36] "Initialized new in-memory state store"
2025-01-29 18:37:17,432 INFO c.h.h.t.HelmChartContainer - [K3S] [kubelet.go:446] "Attempting to sync node with API server"
2025-01-29 18:37:17,432 INFO c.h.h.t.HelmChartContainer - [K3S] [kubelet.go:341] "Adding static pod path" path="/var/lib/rancher/k3s/agent/pod-manifests"
2025-01-29 18:37:17,432 INFO c.h.h.t.HelmChartContainer - [K3S] [kubelet.go:352] "Adding apiserver pod source"
2025-01-29 18:37:17,432 INFO c.h.h.t.HelmChartContainer - [K3S] [apiserver.go:42] "Waiting for node sync before watching apiserver pods"
2025-01-29 18:37:17,433 INFO c.h.h.t.HelmChartContainer - [K3S] [kuberuntime_manager.go:269] "Container runtime initialized" containerRuntime="containerd" version="v1.7.23-k3s2" apiVersion="v1"
2025-01-29 18:37:17,433 INFO c.h.h.t.HelmChartContainer - [K3S] [kubelet.go:890] "Not starting ClusterTrustBundle informer because we are in static kubelet mode"
2025-01-29 18:37:17,433 INFO c.h.h.t.HelmChartContainer - [K3S] [probe.go:272] Flexvolume plugin directory at /usr/libexec/kubernetes/kubelet-plugins/volume/exec/ does not exist. Recreating.
2025-01-29 18:37:17,433 INFO c.h.h.t.HelmChartContainer - [K3S] [watchdog_linux.go:99] "Systemd watchdog is not enabled"
2025-01-29 18:37:17,433 INFO c.h.h.t.HelmChartContainer - [K3S] [server.go:1282] "Started kubelet"
2025-01-29 18:37:17,435 INFO c.h.h.t.HelmChartContainer - [K3S] [ratelimit.go:55] "Setting rate limiting for endpoint" service="podresources" qps=100 burstTokens=10
2025-01-29 18:37:17,436 INFO c.h.h.t.HelmChartContainer - [K3S] [server.go:243] "Starting to serve the podresources API" endpoint="unix:/var/lib/kubelet/pod-resources/kubelet.sock"
2025-01-29 18:37:17,437 INFO c.h.h.t.HelmChartContainer - [K3S] [server.go:169] "Starting to listen" address="0.0.0.0" port=10250
2025-01-29 18:37:17,438 INFO c.h.h.t.HelmChartContainer - [K3S] [fs_resource_analyzer.go:67] "Starting FS ResourceAnalyzer"
2025-01-29 18:37:17,438 INFO c.h.h.t.HelmChartContainer - [K3S] [server.go:490] "Adding debug handlers to kubelet server"
2025-01-29 18:37:17,439 INFO c.h.h.t.HelmChartContainer - [K3S] [server.go:208] "Starting to listen read-only" address="0.0.0.0" port=10255
2025-01-29 18:37:17,441 INFO c.h.h.t.HelmChartContainer - [K3S] [dynamic_serving_content.go:135] "Starting controller" name="kubelet-server-cert-files::/var/lib/rancher/k3s/agent/serving-kubelet.crt::/var/lib/rancher/k3s/agent/serving-kubelet.key"
2025-01-29 18:37:17,444 INFO c.h.h.t.HelmChartContainer - [K3S] [kubelet.go:1561] "Image garbage collection failed once. Stats initialization may not have completed yet" err="invalid capacity 0 on image filesystem"
2025-01-29 18:37:17,445 INFO c.h.h.t.HelmChartContainer - [K3S] [volume_manager.go:297] "Starting Kubelet Volume Manager"
2025-01-29 18:37:17,445 INFO c.h.h.t.HelmChartContainer - [K3S] [kubelet_node_status.go:467] "Error getting the current node from lister" err="node \"b7418fb8ab78\" not found"
2025-01-29 18:37:17,446 INFO c.h.h.t.HelmChartContainer - [K3S] [factory.go:221] Registration of the systemd container factory successfully
2025-01-29 18:37:17,447 INFO c.h.h.t.HelmChartContainer - [K3S] [factory.go:219] Registration of the crio container factory failed: Get "http://%2Fvar%2Frun%2Fcrio%2Fcrio.sock/info": dial unix /var/run/crio/crio.sock: connect: no such file or directory
2025-01-29 18:37:17,449 INFO c.h.h.t.HelmChartContainer - [K3S] [factory.go:221] Registration of the containerd container factory successfully
2025-01-29 18:37:17,450 INFO c.h.h.t.HelmChartContainer - [K3S] [desired_state_of_world_populator.go:149] "Desired state populator starts to run"
2025-01-29 18:37:17,451 INFO c.h.h.t.HelmChartContainer - [K3S] [reconciler.go:26] "Reconciler: start to sync state"
2025-01-29 18:37:17,458 INFO c.h.h.t.HelmChartContainer - [K3S] [nodelease.go:49] "Failed to get node when trying to set owner ref to the node lease" err="nodes \"b7418fb8ab78\" not found" node="b7418fb8ab78"
2025-01-29 18:37:17,462 INFO c.h.h.t.HelmChartContainer - [K3S] [kubelet_network_linux.go:50] "Initialized iptables rules." protocol="IPv4"
2025-01-29 18:37:17,464 INFO c.h.h.t.HelmChartContainer - [K3S] [kubelet_network_linux.go:50] "Initialized iptables rules." protocol="IPv6"
2025-01-29 18:37:17,464 INFO c.h.h.t.HelmChartContainer - [K3S] [status_manager.go:227] "Starting to sync pod status with apiserver"
2025-01-29 18:37:17,464 INFO c.h.h.t.HelmChartContainer - [K3S] [watchdog_linux.go:127] "Systemd watchdog is not enabled or the interval is invalid, so health checking will not be started."
2025-01-29 18:37:17,464 INFO c.h.h.t.HelmChartContainer - [K3S] [kubelet.go:2388] "Starting kubelet main sync loop"
2025-01-29 18:37:17,464 INFO c.h.h.t.HelmChartContainer - [K3S] [kubelet.go:2412] "Skipping pod synchronization" err="[container runtime status check may not have completed yet, PLEG is not healthy: pleg has yet to be successful]"
2025-01-29 18:37:17,479 INFO c.h.h.t.HelmChartContainer - [K3S] [cpu_manager.go:221] "Starting CPU manager" policy="none"
2025-01-29 18:37:17,479 INFO c.h.h.t.HelmChartContainer - [K3S] [cpu_manager.go:222] "Reconciling" reconcilePeriod="10s"
2025-01-29 18:37:17,479 INFO c.h.h.t.HelmChartContainer - [K3S] [state_mem.go:36] "Initialized new in-memory state store"
2025-01-29 18:37:17,480 INFO c.h.h.t.HelmChartContainer - [K3S] [policy_none.go:49] "None policy: Start"
2025-01-29 18:37:17,481 INFO c.h.h.t.HelmChartContainer - [K3S] [memory_manager.go:186] "Starting memorymanager" policy="None"
2025-01-29 18:37:17,481 INFO c.h.h.t.HelmChartContainer - [K3S] [state_mem.go:35] "Initializing new in-memory state store"
2025-01-29 18:37:17,483 INFO c.h.h.t.HelmChartContainer - [K3S] [manager.go:519] "Failed to read data from checkpoint" checkpoint="kubelet_internal_checkpoint" err="checkpoint is not found"
2025-01-29 18:37:17,483 INFO c.h.h.t.HelmChartContainer - [K3S] [eviction_manager.go:189] "Eviction manager: starting control loop"
2025-01-29 18:37:17,483 INFO c.h.h.t.HelmChartContainer - [K3S] [container_log_manager.go:189] "Initializing container log rotate workers" workers=1 monitorPeriod="10s"
2025-01-29 18:37:17,491 INFO c.h.h.t.HelmChartContainer - [K3S] [plugin_manager.go:118] "Starting Kubelet Plugin Manager"
2025-01-29 18:37:17,492 INFO c.h.h.t.HelmChartContainer - [K3S] [eviction_manager.go:267] "eviction manager: failed to check if we have separate container filesystem. Ignoring." err="no imagefs label for configured runtime"
2025-01-29 18:37:17,493 INFO c.h.h.t.HelmChartContainer - [K3S] [eviction_manager.go:292] "Eviction manager: failed to get summary stats" err="failed to get node info: node \"b7418fb8ab78\" not found"
2025-01-29 18:37:17,525 INFO c.h.h.t.HelmChartContainer - [K3S] [ERROR] Sending HTTP/1.1 503 response to 127.0.0.1:44336: runtime core not ready
2025-01-29 18:37:17,585 INFO c.h.h.t.HelmChartContainer - [K3S] [kubelet_node_status.go:76] "Attempting to register node" node="b7418fb8ab78"
2025-01-29 18:37:17,589 INFO c.h.h.t.HelmChartContainer - [K3S] [kubelet_node_status.go:79] "Successfully registered node" node="b7418fb8ab78"
2025-01-29 18:37:17,589 INFO c.h.h.t.HelmChartContainer - [K3S] [kubelet_node_status.go:549] "Error updating node status, will retry" err="error getting node \"b7418fb8ab78\": node \"b7418fb8ab78\" not found"
2025-01-29 18:37:17,593 INFO c.h.h.t.HelmChartContainer - [K3S] [INFO] Annotations and labels have been set successfully on node: b7418fb8ab78
2025-01-29 18:37:17,593 INFO c.h.h.t.HelmChartContainer - [K3S] [INFO] Starting flannel with backend vxlan
2025-01-29 18:37:17,627 INFO c.h.h.t.HelmChartContainer - [K3S] [INFO] Running kube-proxy --cluster-cidr=10.42.0.0/16 --conntrack-max-per-core=0 --conntrack-tcp-timeout-close-wait=0s --conntrack-tcp-timeout-established=0s --healthz-bind-address=127.0.0.1 --hostname-override=b7418fb8ab78 --kubeconfig=/var/lib/rancher/k3s/agent/kubeproxy.kubeconfig --proxy-mode=iptables
2025-01-29 18:37:17,689 INFO c.h.h.t.HelmChartContainer - [K3S] [server.go:698] "Successfully retrieved node IP(s)" IPs=["172.18.0.2"]
2025-01-29 18:37:17,689 INFO c.h.h.t.HelmChartContainer - [K3S] [server.go:234] "Kube-proxy configuration may be incomplete or incorrect" err="nodePortAddresses is unset; NodePort connections will be accepted on all local IPs. Consider using `--nodeport-addresses primary`"
2025-01-29 18:37:17,692 INFO c.h.h.t.HelmChartContainer - [K3S] [server.go:243] "kube-proxy running in dual-stack mode" primary ipFamily="IPv4"
2025-01-29 18:37:17,692 INFO c.h.h.t.HelmChartContainer - [K3S] [server_linux.go:170] "Using iptables Proxier"
2025-01-29 18:37:17,693 INFO c.h.h.t.HelmChartContainer - [K3S] [proxier.go:255] "Setting route_localnet=1 to allow node-ports on localhost; to change this either disable iptables.localhostNodePorts (--iptables-localhost-nodeports) or set nodePortAddresses (--nodeport-addresses) to filter loopback addresses"
2025-01-29 18:37:17,700 INFO c.h.h.t.HelmChartContainer - [K3S] [server.go:497] "Version info" version="v1.32.1+k3s1"
2025-01-29 18:37:17,700 INFO c.h.h.t.HelmChartContainer - [K3S] [server.go:499] "Golang settings" GOGC="" GOMAXPROCS="" GOTRACEBACK=""
2025-01-29 18:37:17,700 INFO c.h.h.t.HelmChartContainer - [K3S] [config.go:199] "Starting service config controller"
2025-01-29 18:37:17,700 INFO c.h.h.t.HelmChartContainer - [K3S] [config.go:105] "Starting endpoint slice config controller"
2025-01-29 18:37:17,700 INFO c.h.h.t.HelmChartContainer - [K3S] [config.go:329] "Starting node config controller"
2025-01-29 18:37:17,895 INFO c.h.h.t.HelmChartContainer - [K3S] [kubelet_node_status.go:502] "Fast updating node status as it just became ready"
2025-01-29 18:37:18,156 INFO c.h.h.t.HelmChartContainer - [K3S] [INFO] Waiting for untainted node
2025-01-29 18:37:18,156 INFO c.h.h.t.HelmChartContainer - [K3S] [INFO] Waiting for cloud-controller-manager privileges to become available
2025-01-29 18:37:18,156 INFO c.h.h.t.HelmChartContainer - [K3S] [INFO] Kube API server is now running
2025-01-29 18:37:18,156 INFO c.h.h.t.HelmChartContainer - [K3S] [INFO] ETCD server is now running
2025-01-29 18:37:18,156 INFO c.h.h.t.HelmChartContainer - [K3S] [INFO] k3s is up and running
2025-01-29 18:37:18,157 INFO c.h.h.t.HelmChartContainer - [K3S] [INFO] Creating k3s-supervisor event broadcaster
2025-01-29 18:37:18,163 INFO c.h.h.t.HelmChartContainer - [K3S] [INFO] Applying CRD addons.k3s.cattle.io
2025-01-29 18:37:18,172 INFO c.h.h.t.HelmChartContainer - [K3S] [INFO] Applying CRD etcdsnapshotfiles.k3s.cattle.io
2025-01-29 18:37:18,181 INFO c.h.h.t.HelmChartContainer - [K3S] [INFO] Applying CRD helmcharts.helm.cattle.io
2025-01-29 18:37:18,197 INFO c.h.h.t.HelmChartContainer - [K3S] [INFO] Applying CRD helmchartconfigs.helm.cattle.io
2025-01-29 18:37:18,211 INFO c.h.h.t.HelmChartContainer - [K3S] [INFO] Waiting for CRD helmcharts.helm.cattle.io to become available
2025-01-29 18:37:18,431 INFO c.h.h.t.HelmChartContainer - [K3S] [apiserver.go:52] "Watching apiserver"
2025-01-29 18:37:18,451 INFO c.h.h.t.HelmChartContainer - [K3S] [desired_state_of_world_populator.go:157] "Finished populating initial desired state of world"
2025-01-29 18:37:18,466 INFO c.h.h.t.HelmChartContainer - [K3S] [serving.go:392] Generated self-signed cert in-memory
2025-01-29 18:37:18,714 INFO c.h.h.t.HelmChartContainer - [K3S] [INFO] Done waiting for CRD helmcharts.helm.cattle.io to become available
2025-01-29 18:37:18,714 INFO c.h.h.t.HelmChartContainer - [K3S] [INFO] Waiting for CRD helmchartconfigs.helm.cattle.io to become available
2025-01-29 18:37:18,777 INFO c.h.h.t.HelmChartContainer - [K3S] [controllermanager.go:185] "Starting" version="v1.32.1+k3s1"
2025-01-29 18:37:18,778 INFO c.h.h.t.HelmChartContainer - [K3S] [controllermanager.go:187] "Golang settings" GOGC="" GOMAXPROCS="" GOTRACEBACK=""
2025-01-29 18:37:18,780 INFO c.h.h.t.HelmChartContainer - [K3S] [configmap_cafile_content.go:205] "Starting controller" name="client-ca::kube-system::extension-apiserver-authentication::client-ca-file"
2025-01-29 18:37:18,780 INFO c.h.h.t.HelmChartContainer - [K3S] [configmap_cafile_content.go:205] "Starting controller" name="client-ca::kube-system::extension-apiserver-authentication::requestheader-client-ca-file"
2025-01-29 18:37:18,780 INFO c.h.h.t.HelmChartContainer - [K3S] [requestheader_controller.go:180] Starting RequestHeaderAuthRequestController
2025-01-29 18:37:18,780 INFO c.h.h.t.HelmChartContainer - [K3S] [tlsconfig.go:243] "Starting DynamicServingCertificateController"
2025-01-29 18:37:18,781 INFO c.h.h.t.HelmChartContainer - [K3S] [secure_serving.go:213] Serving securely on 127.0.0.1:10257
2025-01-29 18:37:18,784 INFO c.h.h.t.HelmChartContainer - [K3S] [controllermanager.go:765] "Started controller" controller="serviceaccount-token-controller"
2025-01-29 18:37:18,792 INFO c.h.h.t.HelmChartContainer - [K3S] [graph_builder.go:351] "Running" component="GraphBuilder"
2025-01-29 18:37:18,792 INFO c.h.h.t.HelmChartContainer - [K3S] [controllermanager.go:765] "Started controller" controller="garbage-collector-controller"
2025-01-29 18:37:18,798 INFO c.h.h.t.HelmChartContainer - [K3S] [controllermanager.go:765] "Started controller" controller="statefulset-controller"
2025-01-29 18:37:18,799 INFO c.h.h.t.HelmChartContainer - [K3S] [controllermanager.go:723] "Skipping a cloud provider controller" controller="service-lb-controller"
2025-01-29 18:37:18,799 INFO c.h.h.t.HelmChartContainer - [K3S] [controllermanager.go:723] "Skipping a cloud provider controller" controller="node-route-controller"
2025-01-29 18:37:18,799 INFO c.h.h.t.HelmChartContainer - [K3S] [stateful_set.go:166] "Starting stateful set controller"
2025-01-29 18:37:18,804 INFO c.h.h.t.HelmChartContainer - [K3S] [controllermanager.go:765] "Started controller" controller="root-ca-certificate-publisher-controller"
2025-01-29 18:37:18,804 INFO c.h.h.t.HelmChartContainer - [K3S] [controllermanager.go:717] "Controller is disabled by a feature gate" controller="storageversion-garbage-collector-controller" requiredFeatureGates=["APIServerIdentity","StorageVersionAPI"]
2025-01-29 18:37:18,804 INFO c.h.h.t.HelmChartContainer - [K3S] [controllermanager.go:743] "Warning: skipping controller" controller="storage-version-migrator-controller"
2025-01-29 18:37:18,804 INFO c.h.h.t.HelmChartContainer - [K3S] [publisher.go:107] "Starting root CA cert publisher controller"
2025-01-29 18:37:18,817 INFO c.h.h.t.HelmChartContainer - [K3S] [controllermanager.go:765] "Started controller" controller="resourcequota-controller"
2025-01-29 18:37:18,817 INFO c.h.h.t.HelmChartContainer - [K3S] [resource_quota_controller.go:300] "Starting resource quota controller"
2025-01-29 18:37:18,822 INFO c.h.h.t.HelmChartContainer - [K3S] [controllermanager.go:765] "Started controller" controller="endpointslice-mirroring-controller"
2025-01-29 18:37:18,822 INFO c.h.h.t.HelmChartContainer - [K3S] [endpointslicemirroring_controller.go:227] "Starting EndpointSliceMirroring controller"
2025-01-29 18:37:18,827 INFO c.h.h.t.HelmChartContainer - [K3S] [controllermanager.go:765] "Started controller" controller="daemonset-controller"
2025-01-29 18:37:18,827 INFO c.h.h.t.HelmChartContainer - [K3S] [daemon_controller.go:294] "Starting daemon sets controller"
2025-01-29 18:37:18,833 INFO c.h.h.t.HelmChartContainer - [K3S] [controllermanager.go:765] "Started controller" controller="disruption-controller"
2025-01-29 18:37:18,833 INFO c.h.h.t.HelmChartContainer - [K3S] [disruption.go:452] "Sending events to api server."
2025-01-29 18:37:18,833 INFO c.h.h.t.HelmChartContainer - [K3S] [disruption.go:463] "Starting disruption controller"
2025-01-29 18:37:18,887 INFO c.h.h.t.HelmChartContainer - [K3S] [controllermanager.go:765] "Started controller" controller="certificatesigningrequest-approving-controller"
2025-01-29 18:37:18,887 INFO c.h.h.t.HelmChartContainer - [K3S] [certificate_controller.go:120] "Starting certificate controller" name="csrapproving"
2025-01-29 18:37:19,037 INFO c.h.h.t.HelmChartContainer - [K3S] [controllermanager.go:765] "Started controller" controller="token-cleaner-controller"
2025-01-29 18:37:19,037 INFO c.h.h.t.HelmChartContainer - [K3S] [tokencleaner.go:117] "Starting token cleaner controller"
2025-01-29 18:37:19,186 INFO c.h.h.t.HelmChartContainer - [K3S] [controllermanager.go:765] "Started controller" controller="ephemeral-volume-controller"
2025-01-29 18:37:19,186 INFO c.h.h.t.HelmChartContainer - [K3S] [controller.go:173] "Starting ephemeral volume controller"
2025-01-29 18:37:19,217 INFO c.h.h.t.HelmChartContainer - [K3S] [INFO] Done waiting for CRD helmchartconfigs.helm.cattle.io to become available
2025-01-29 18:37:19,217 INFO c.h.h.t.HelmChartContainer - [K3S] [INFO] Writing static file: /var/lib/rancher/k3s/server/static/charts/traefik-27.0.201+up27.0.2.tgz
2025-01-29 18:37:19,218 INFO c.h.h.t.HelmChartContainer - [K3S] [INFO] Writing static file: /var/lib/rancher/k3s/server/static/charts/traefik-crd-27.0.201+up27.0.2.tgz
2025-01-29 18:37:19,218 INFO c.h.h.t.HelmChartContainer - [K3S] [INFO] Writing manifest: /var/lib/rancher/k3s/server/manifests/runtimes.yaml
2025-01-29 18:37:19,219 INFO c.h.h.t.HelmChartContainer - [K3S] [INFO] Writing manifest: /var/lib/rancher/k3s/server/manifests/coredns.yaml
2025-01-29 18:37:19,219 INFO c.h.h.t.HelmChartContainer - [K3S] [INFO] Writing manifest: /var/lib/rancher/k3s/server/manifests/local-storage.yaml
2025-01-29 18:37:19,219 INFO c.h.h.t.HelmChartContainer - [K3S] [INFO] Writing manifest: /var/lib/rancher/k3s/server/manifests/metrics-server/aggregated-metrics-reader.yaml
2025-01-29 18:37:19,219 INFO c.h.h.t.HelmChartContainer - [K3S] [INFO] Writing manifest: /var/lib/rancher/k3s/server/manifests/metrics-server/auth-delegator.yaml
2025-01-29 18:37:19,219 INFO c.h.h.t.HelmChartContainer - [K3S] [INFO] Writing manifest: /var/lib/rancher/k3s/server/manifests/metrics-server/metrics-server-service.yaml
2025-01-29 18:37:19,219 INFO c.h.h.t.HelmChartContainer - [K3S] [INFO] Writing manifest: /var/lib/rancher/k3s/server/manifests/rolebindings.yaml
2025-01-29 18:37:19,219 INFO c.h.h.t.HelmChartContainer - [K3S] [INFO] Writing manifest: /var/lib/rancher/k3s/server/manifests/ccm.yaml
2025-01-29 18:37:19,219 INFO c.h.h.t.HelmChartContainer - [K3S] [INFO] Writing manifest: /var/lib/rancher/k3s/server/manifests/metrics-server/auth-reader.yaml
2025-01-29 18:37:19,219 INFO c.h.h.t.HelmChartContainer - [K3S] [INFO] Writing manifest: /var/lib/rancher/k3s/server/manifests/metrics-server/metrics-apiservice.yaml
2025-01-29 18:37:19,219 INFO c.h.h.t.HelmChartContainer - [K3S] [INFO] Writing manifest: /var/lib/rancher/k3s/server/manifests/metrics-server/metrics-server-deployment.yaml
2025-01-29 18:37:19,220 INFO c.h.h.t.HelmChartContainer - [K3S] [INFO] Writing manifest: /var/lib/rancher/k3s/server/manifests/metrics-server/resource-reader.yaml
2025-01-29 18:37:19,221 INFO c.h.h.t.HelmChartContainer - [K3S] [INFO] Starting dynamiclistener CN filter node controller with SANs: [localhost 127.0.0.1 ::1 localhost b7418fb8ab78 172.18.0.2 10.43.0.1 kubernetes kubernetes.default kubernetes.default.svc kubernetes.default.svc.cluster.local]
2025-01-29 18:37:19,221 INFO c.h.h.t.HelmChartContainer - [K3S] [INFO] Tunnel server egress proxy mode: agent
2025-01-29 18:37:19,325 INFO c.h.h.t.HelmChartContainer - [K3S] [INFO] Starting k3s.cattle.io/v1, Kind=Addon controller
2025-01-29 18:37:19,326 INFO c.h.h.t.HelmChartContainer - [K3S] [INFO] Creating deploy event broadcaster
2025-01-29 18:37:19,336 INFO c.h.h.t.HelmChartContainer - [K3S] [controllermanager.go:765] "Started controller" controller="endpoints-controller"
2025-01-29 18:37:19,336 INFO c.h.h.t.HelmChartContainer - [K3S] [endpoints_controller.go:182] "Starting endpoint controller"
2025-01-29 18:37:19,429 INFO c.h.h.t.HelmChartContainer - [K3S] [INFO] Starting /v1, Kind=Node controller
2025-01-29 18:37:19,430 INFO c.h.h.t.HelmChartContainer - [K3S] [INFO] Creating helm-controller event broadcaster
2025-01-29 18:37:19,445 INFO c.h.h.t.HelmChartContainer - [K3S] [INFO] Cluster dns configmap has been set successfully
2025-01-29 18:37:19,451 INFO c.h.h.t.HelmChartContainer - [K3S] [INFO] Labels and annotations have been set successfully on node: b7418fb8ab78
2025-01-29 18:37:19,540 INFO c.h.h.t.HelmChartContainer - [K3S] [INFO] Starting helm.cattle.io/v1, Kind=HelmChartConfig controller
2025-01-29 18:37:19,540 INFO c.h.h.t.HelmChartContainer - [K3S] [INFO] Starting helm.cattle.io/v1, Kind=HelmChart controller
2025-01-29 18:37:19,543 INFO c.h.h.t.HelmChartContainer - [K3S] [INFO] Starting rbac.authorization.k8s.io/v1, Kind=ClusterRoleBinding controller
2025-01-29 18:37:19,545 INFO c.h.h.t.HelmChartContainer - [K3S] [INFO] Starting batch/v1, Kind=Job controller
2025-01-29 18:37:19,545 INFO c.h.h.t.HelmChartContainer - [K3S] [INFO] Starting /v1, Kind=ConfigMap controller
2025-01-29 18:37:19,545 INFO c.h.h.t.HelmChartContainer - [K3S] [INFO] Starting /v1, Kind=ServiceAccount controller
2025-01-29 18:37:19,545 INFO c.h.h.t.HelmChartContainer - [K3S] [INFO] Starting /v1, Kind=Secret controller
2025-01-29 18:37:19,589 INFO c.h.h.t.HelmChartContainer - [K3S] [controllermanager.go:765] "Started controller" controller="namespace-controller"
2025-01-29 18:37:19,589 INFO c.h.h.t.HelmChartContainer - [K3S] [namespace_controller.go:202] "Starting namespace controller"
2025-01-29 18:37:19,887 INFO c.h.h.t.HelmChartContainer - [K3S] [horizontal.go:201] "Starting HPA controller"
2025-01-29 18:37:19,887 INFO c.h.h.t.HelmChartContainer - [K3S] [controllermanager.go:765] "Started controller" controller="horizontal-pod-autoscaler-controller"
2025-01-29 18:37:19,888 INFO c.h.h.t.HelmChartContainer - [K3S] [controllermanager.go:723] "Skipping a cloud provider controller" controller="cloud-node-lifecycle-controller"
2025-01-29 18:37:19,992 INFO c.h.h.t.HelmChartContainer - [K3S] [INFO] Updating TLS secret for kube-system/k3s-serving (count: 10): map[listener.cattle.io/cn-10.43.0.1:10.43.0.1 listener.cattle.io/cn-127.0.0.1:127.0.0.1 listener.cattle.io/cn-172.18.0.2:172.18.0.2 listener.cattle.io/cn-__1-f16284:::1 listener.cattle.io/cn-b7418fb8ab78:b7418fb8ab78 listener.cattle.io/cn-kubernetes:kubernetes listener.cattle.io/cn-kubernetes.default:kubernetes.default listener.cattle.io/cn-kubernetes.default.svc:kubernetes.default.svc listener.cattle.io/cn-kubernetes.default.svc.cluster.local:kubernetes.default.svc.cluster.local listener.cattle.io/cn-localhost:localhost listener.cattle.io/fingerprint:SHA1=AACA1C13F3C71003EABD623EBAE865F08A07BF6E]
2025-01-29 18:37:19,995 INFO c.h.h.t.HelmChartContainer - [K3S] [INFO] Active TLS secret kube-system/k3s-serving (ver=243) (count 10): map[listener.cattle.io/cn-10.43.0.1:10.43.0.1 listener.cattle.io/cn-127.0.0.1:127.0.0.1 listener.cattle.io/cn-172.18.0.2:172.18.0.2 listener.cattle.io/cn-__1-f16284:::1 listener.cattle.io/cn-b7418fb8ab78:b7418fb8ab78 listener.cattle.io/cn-kubernetes:kubernetes listener.cattle.io/cn-kubernetes.default:kubernetes.default listener.cattle.io/cn-kubernetes.default.svc:kubernetes.default.svc listener.cattle.io/cn-kubernetes.default.svc.cluster.local:kubernetes.default.svc.cluster.local listener.cattle.io/cn-localhost:localhost listener.cattle.io/fingerprint:SHA1=AACA1C13F3C71003EABD623EBAE865F08A07BF6E]
2025-01-29 18:37:20,036 INFO c.h.h.t.HelmChartContainer - [K3S] [controllermanager.go:765] "Started controller" controller="legacy-serviceaccount-token-cleaner-controller"
2025-01-29 18:37:20,037 INFO c.h.h.t.HelmChartContainer - [K3S] [legacy_serviceaccount_token_cleaner.go:103] "Starting legacy service account token cleaner controller"
2025-01-29 18:37:20,090 INFO c.h.h.t.HelmChartContainer - [K3S] [INFO] Updating TLS secret for kube-system/k3s-serving (count: 10): map[listener.cattle.io/cn-10.43.0.1:10.43.0.1 listener.cattle.io/cn-127.0.0.1:127.0.0.1 listener.cattle.io/cn-172.18.0.2:172.18.0.2 listener.cattle.io/cn-__1-f16284:::1 listener.cattle.io/cn-b7418fb8ab78:b7418fb8ab78 listener.cattle.io/cn-kubernetes:kubernetes listener.cattle.io/cn-kubernetes.default:kubernetes.default listener.cattle.io/cn-kubernetes.default.svc:kubernetes.default.svc listener.cattle.io/cn-kubernetes.default.svc.cluster.local:kubernetes.default.svc.cluster.local listener.cattle.io/cn-localhost:localhost listener.cattle.io/fingerprint:SHA1=AACA1C13F3C71003EABD623EBAE865F08A07BF6E]
2025-01-29 18:37:20,187 INFO c.h.h.t.HelmChartContainer - [K3S] [controllermanager.go:765] "Started controller" controller="persistentvolume-binder-controller"
2025-01-29 18:37:20,187 INFO c.h.h.t.HelmChartContainer - [K3S] [pv_controller_base.go:308] "Starting persistent volume controller"
2025-01-29 18:37:20,337 INFO c.h.h.t.HelmChartContainer - [K3S] [controllermanager.go:765] "Started controller" controller="persistentvolumeclaim-protection-controller"
2025-01-29 18:37:20,338 INFO c.h.h.t.HelmChartContainer - [K3S] [pvc_protection_controller.go:168] "Starting PVC protection controller"
2025-01-29 18:37:20,487 INFO c.h.h.t.HelmChartContainer - [K3S] [controllermanager.go:765] "Started controller" controller="persistentvolume-protection-controller"
2025-01-29 18:37:20,487 INFO c.h.h.t.HelmChartContainer - [K3S] [controllermanager.go:717] "Controller is disabled by a feature gate" controller="volumeattributesclass-protection-controller" requiredFeatureGates=["VolumeAttributesClass"]
2025-01-29 18:37:20,487 INFO c.h.h.t.HelmChartContainer - [K3S] [pv_protection_controller.go:81] "Starting PV protection controller"
2025-01-29 18:37:20,686 INFO c.h.h.t.HelmChartContainer - [K3S] [controllermanager.go:765] "Started controller" controller="validatingadmissionpolicy-status-controller"
2025-01-29 18:37:20,837 INFO c.h.h.t.HelmChartContainer - [K3S] [controllermanager.go:765] "Started controller" controller="taint-eviction-controller"
2025-01-29 18:37:20,837 INFO c.h.h.t.HelmChartContainer - [K3S] [taint_eviction.go:281] "Starting" controller="taint-eviction-controller"
2025-01-29 18:37:20,837 INFO c.h.h.t.HelmChartContainer - [K3S] [taint_eviction.go:287] "Sending events to api server"
2025-01-29 18:37:20,888 INFO c.h.h.t.HelmChartContainer - [K3S] [certificate_controller.go:120] "Starting certificate controller" name="csrsigning-kubelet-serving"
2025-01-29 18:37:20,888 INFO c.h.h.t.HelmChartContainer - [K3S] [dynamic_serving_content.go:135] "Starting controller" name="csr-controller::/var/lib/rancher/k3s/server/tls/server-ca.nochain.crt::/var/lib/rancher/k3s/server/tls/server-ca.key"
2025-01-29 18:37:20,888 INFO c.h.h.t.HelmChartContainer - [K3S] [certificate_controller.go:120] "Starting certificate controller" name="csrsigning-kubelet-client"
2025-01-29 18:37:20,888 INFO c.h.h.t.HelmChartContainer - [K3S] [dynamic_serving_content.go:135] "Starting controller" name="csr-controller::/var/lib/rancher/k3s/server/tls/client-ca.nochain.crt::/var/lib/rancher/k3s/server/tls/client-ca.key"
2025-01-29 18:37:20,888 INFO c.h.h.t.HelmChartContainer - [K3S] [certificate_controller.go:120] "Starting certificate controller" name="csrsigning-kube-apiserver-client"
2025-01-29 18:37:20,888 INFO c.h.h.t.HelmChartContainer - [K3S] [dynamic_serving_content.go:135] "Starting controller" name="csr-controller::/var/lib/rancher/k3s/server/tls/client-ca.nochain.crt::/var/lib/rancher/k3s/server/tls/client-ca.key"
2025-01-29 18:37:20,888 INFO c.h.h.t.HelmChartContainer - [K3S] [controllermanager.go:765] "Started controller" controller="certificatesigningrequest-signing-controller"
2025-01-29 18:37:20,888 INFO c.h.h.t.HelmChartContainer - [K3S] [certificate_controller.go:120] "Starting certificate controller" name="csrsigning-legacy-unknown"
2025-01-29 18:37:20,888 INFO c.h.h.t.HelmChartContainer - [K3S] [dynamic_serving_content.go:135] "Starting controller" name="csr-controller::/var/lib/rancher/k3s/server/tls/server-ca.nochain.crt::/var/lib/rancher/k3s/server/tls/server-ca.key"
2025-01-29 18:37:20,937 INFO c.h.h.t.HelmChartContainer - [K3S] [node_lifecycle_controller.go:432] "Controller will reconcile labels"
2025-01-29 18:37:20,938 INFO c.h.h.t.HelmChartContainer - [K3S] [controllermanager.go:765] "Started controller" controller="node-lifecycle-controller"
2025-01-29 18:37:20,938 INFO c.h.h.t.HelmChartContainer - [K3S] [controllermanager.go:717] "Controller is disabled by a feature gate" controller="selinux-warning-controller" requiredFeatureGates=["SELinuxChangePolicy"]
2025-01-29 18:37:20,938 INFO c.h.h.t.HelmChartContainer - [K3S] [node_lifecycle_controller.go:466] "Sending events to api server"
2025-01-29 18:37:20,939 INFO c.h.h.t.HelmChartContainer - [K3S] [node_lifecycle_controller.go:477] "Starting node controller"
2025-01-29 18:37:20,950 INFO c.h.h.t.HelmChartContainer - [K3S] [event.go:389] "Event occurred" object="b7418fb8ab78" fieldPath="" kind="Node" apiVersion="" type="Normal" reason="NodePasswordValidationComplete" message="Deferred node password secret validation complete"
2025-01-29 18:37:20,986 INFO c.h.h.t.HelmChartContainer - [K3S] [controllermanager.go:765] "Started controller" controller="certificatesigningrequest-cleaner-controller"
2025-01-29 18:37:20,986 INFO c.h.h.t.HelmChartContainer - [K3S] [cleaner.go:83] "Starting CSR cleaner controller"
2025-01-29 18:37:21,137 INFO c.h.h.t.HelmChartContainer - [K3S] [controllermanager.go:765] "Started controller" controller="cronjob-controller"
2025-01-29 18:37:21,137 INFO c.h.h.t.HelmChartContainer - [K3S] [cronjob_controllerv2.go:145] "Starting cronjob controller v2"
2025-01-29 18:37:21,286 INFO c.h.h.t.HelmChartContainer - [K3S] [controllermanager.go:765] "Started controller" controller="ttl-after-finished-controller"
2025-01-29 18:37:21,287 INFO c.h.h.t.HelmChartContainer - [K3S] [controllermanager.go:717] "Controller is disabled by a feature gate" controller="service-cidr-controller" requiredFeatureGates=["MultiCIDRServiceAllocator"]
2025-01-29 18:37:21,287 INFO c.h.h.t.HelmChartContainer - [K3S] [ttlafterfinished_controller.go:112] "Starting TTL after finished controller"
2025-01-29 18:37:21,329 INFO c.h.h.t.HelmChartContainer - [K3S] [event.go:389] "Event occurred" object="kube-system/ccm" fieldPath="" kind="Addon" apiVersion="k3s.cattle.io/v1" type="Normal" reason="ApplyingManifest" message="Applying manifest at \"/var/lib/rancher/k3s/server/manifests/ccm.yaml\""
2025-01-29 18:37:21,347 INFO c.h.h.t.HelmChartContainer - [K3S] [event.go:389] "Event occurred" object="kube-system/ccm" fieldPath="" kind="Addon" apiVersion="k3s.cattle.io/v1" type="Normal" reason="AppliedManifest" message="Applied manifest at \"/var/lib/rancher/k3s/server/manifests/ccm.yaml\""
2025-01-29 18:37:21,355 INFO c.h.h.t.HelmChartContainer - [K3S] [event.go:389] "Event occurred" object="kube-system/coredns" fieldPath="" kind="Addon" apiVersion="k3s.cattle.io/v1" type="Normal" reason="ApplyingManifest" message="Applying manifest at \"/var/lib/rancher/k3s/server/manifests/coredns.yaml\""
2025-01-29 18:37:21,437 INFO c.h.h.t.HelmChartContainer - [K3S] [controllermanager.go:765] "Started controller" controller="endpointslice-controller"
2025-01-29 18:37:21,437 INFO c.h.h.t.HelmChartContainer - [K3S] [controllermanager.go:728] "Warning: controller is disabled" controller="bootstrap-signer-controller"
2025-01-29 18:37:21,437 INFO c.h.h.t.HelmChartContainer - [K3S] [endpointslice_controller.go:281] "Starting endpoint slice controller"
2025-01-29 18:37:21,461 INFO c.h.h.t.HelmChartContainer - [K3S] [alloc.go:330] "allocated clusterIPs" service="kube-system/kube-dns" clusterIPs={"IPv4":"10.43.0.10"}
2025-01-29 18:37:21,463 INFO c.h.h.t.HelmChartContainer - [K3S] [event.go:389] "Event occurred" object="kube-system/coredns" fieldPath="" kind="Addon" apiVersion="k3s.cattle.io/v1" type="Normal" reason="AppliedManifest" message="Applied manifest at \"/var/lib/rancher/k3s/server/manifests/coredns.yaml\""
2025-01-29 18:37:21,472 INFO c.h.h.t.HelmChartContainer - [K3S] [event.go:389] "Event occurred" object="kube-system/local-storage" fieldPath="" kind="Addon" apiVersion="k3s.cattle.io/v1" type="Normal" reason="ApplyingManifest" message="Applying manifest at \"/var/lib/rancher/k3s/server/manifests/local-storage.yaml\""
2025-01-29 18:37:21,563 INFO c.h.h.t.HelmChartContainer - [K3S] [event.go:389] "Event occurred" object="kube-system/local-storage" fieldPath="" kind="Addon" apiVersion="k3s.cattle.io/v1" type="Normal" reason="AppliedManifest" message="Applied manifest at \"/var/lib/rancher/k3s/server/manifests/local-storage.yaml\""
2025-01-29 18:37:21,568 INFO c.h.h.t.HelmChartContainer - [K3S] [event.go:389] "Event occurred" object="kube-system/aggregated-metrics-reader" fieldPath="" kind="Addon" apiVersion="k3s.cattle.io/v1" type="Normal" reason="ApplyingManifest" message="Applying manifest at \"/var/lib/rancher/k3s/server/manifests/metrics-server/aggregated-metrics-reader.yaml\""
2025-01-29 18:37:21,590 INFO c.h.h.t.HelmChartContainer - [K3S] [range_allocator.go:112] "No Secondary Service CIDR provided. Skipping filtering out secondary service addresses"
2025-01-29 18:37:21,590 INFO c.h.h.t.HelmChartContainer - [K3S] [controllermanager.go:765] "Started controller" controller="node-ipam-controller"
2025-01-29 18:37:21,590 INFO c.h.h.t.HelmChartContainer - [K3S] [node_ipam_controller.go:141] "Starting ipam controller"
2025-01-29 18:37:21,636 INFO c.h.h.t.HelmChartContainer - [K3S] [event.go:389] "Event occurred" object="kube-system/aggregated-metrics-reader" fieldPath="" kind="Addon" apiVersion="k3s.cattle.io/v1" type="Normal" reason="AppliedManifest" message="Applied manifest at \"/var/lib/rancher/k3s/server/manifests/metrics-server/aggregated-metrics-reader.yaml\""
2025-01-29 18:37:21,643 INFO c.h.h.t.HelmChartContainer - [K3S] [event.go:389] "Event occurred" object="kube-system/auth-delegator" fieldPath="" kind="Addon" apiVersion="k3s.cattle.io/v1" type="Normal" reason="ApplyingManifest" message="Applying manifest at \"/var/lib/rancher/k3s/server/manifests/metrics-server/auth-delegator.yaml\""
2025-01-29 18:37:21,649 INFO c.h.h.t.HelmChartContainer - [K3S] [event.go:389] "Event occurred" object="kube-system/auth-delegator" fieldPath="" kind="Addon" apiVersion="k3s.cattle.io/v1" type="Normal" reason="AppliedManifest" message="Applied manifest at \"/var/lib/rancher/k3s/server/manifests/metrics-server/auth-delegator.yaml\""
2025-01-29 18:37:21,654 INFO c.h.h.t.HelmChartContainer - [K3S] [event.go:389] "Event occurred" object="kube-system/auth-reader" fieldPath="" kind="Addon" apiVersion="k3s.cattle.io/v1" type="Normal" reason="ApplyingManifest" message="Applying manifest at \"/var/lib/rancher/k3s/server/manifests/metrics-server/auth-reader.yaml\""
2025-01-29 18:37:21,658 INFO c.h.h.t.HelmChartContainer - [K3S] [event.go:389] "Event occurred" object="kube-system/auth-reader" fieldPath="" kind="Addon" apiVersion="k3s.cattle.io/v1" type="Normal" reason="AppliedManifest" message="Applied manifest at \"/var/lib/rancher/k3s/server/manifests/metrics-server/auth-reader.yaml\""
2025-01-29 18:37:21,664 INFO c.h.h.t.HelmChartContainer - [K3S] [event.go:389] "Event occurred" object="kube-system/metrics-apiservice" fieldPath="" kind="Addon" apiVersion="k3s.cattle.io/v1" type="Normal" reason="ApplyingManifest" message="Applying manifest at \"/var/lib/rancher/k3s/server/manifests/metrics-server/metrics-apiservice.yaml\""
2025-01-29 18:37:21,672 INFO c.h.h.t.HelmChartContainer - [K3S] [event.go:389] "Event occurred" object="kube-system/metrics-apiservice" fieldPath="" kind="Addon" apiVersion="k3s.cattle.io/v1" type="Normal" reason="AppliedManifest" message="Applied manifest at \"/var/lib/rancher/k3s/server/manifests/metrics-server/metrics-apiservice.yaml\""
2025-01-29 18:37:21,675 INFO c.h.h.t.HelmChartContainer - [K3S] [handler_proxy.go:99] no RequestInfo found in the context
2025-01-29 18:37:21,675 INFO c.h.h.t.HelmChartContainer - [K3S] [controller.go:146] "Unhandled Error" err=<
2025-01-29 18:37:21,675 INFO c.h.h.t.HelmChartContainer - [K3S] 	, Header: map[Content-Type:[text/plain; charset=utf-8] X-Content-Type-Options:[nosniff]]
2025-01-29 18:37:21,681 INFO c.h.h.t.HelmChartContainer - [K3S]  >
2025-01-29 18:37:21,681 INFO c.h.h.t.HelmChartContainer - [K3S] [handler_proxy.go:143] error resolving kube-system/metrics-server: service "metrics-server" not found
2025-01-29 18:37:21,681 INFO c.h.h.t.HelmChartContainer - [K3S] [event.go:389] "Event occurred" object="kube-system/metrics-server-deployment" fieldPath="" kind="Addon" apiVersion="k3s.cattle.io/v1" type="Normal" reason="ApplyingManifest" message="Applying manifest at \"/var/lib/rancher/k3s/server/manifests/metrics-server/metrics-server-deployment.yaml\""
2025-01-29 18:37:21,691 INFO c.h.h.t.HelmChartContainer - [K3S] [event.go:389] "Event occurred" object="kube-system/metrics-server-deployment" fieldPath="" kind="Addon" apiVersion="k3s.cattle.io/v1" type="Normal" reason="AppliedManifest" message="Applied manifest at \"/var/lib/rancher/k3s/server/manifests/metrics-server/metrics-server-deployment.yaml\""
2025-01-29 18:37:21,695 INFO c.h.h.t.HelmChartContainer - [K3S] [event.go:389] "Event occurred" object="kube-system/metrics-server-service" fieldPath="" kind="Addon" apiVersion="k3s.cattle.io/v1" type="Normal" reason="ApplyingManifest" message="Applying manifest at \"/var/lib/rancher/k3s/server/manifests/metrics-server/metrics-server-service.yaml\""
2025-01-29 18:37:21,701 INFO c.h.h.t.HelmChartContainer - [K3S] [alloc.go:330] "allocated clusterIPs" service="kube-system/metrics-server" clusterIPs={"IPv4":"10.43.109.200"}
2025-01-29 18:37:21,703 INFO c.h.h.t.HelmChartContainer - [K3S] [event.go:389] "Event occurred" object="kube-system/metrics-server-service" fieldPath="" kind="Addon" apiVersion="k3s.cattle.io/v1" type="Normal" reason="AppliedManifest" message="Applied manifest at \"/var/lib/rancher/k3s/server/manifests/metrics-server/metrics-server-service.yaml\""
2025-01-29 18:37:21,709 INFO c.h.h.t.HelmChartContainer - [K3S] [handler_proxy.go:99] no RequestInfo found in the context
2025-01-29 18:37:21,709 INFO c.h.h.t.HelmChartContainer - [K3S] [controller.go:146] "Unhandled Error" err=<
2025-01-29 18:37:21,709 INFO c.h.h.t.HelmChartContainer - [K3S] 	, Header: map[Content-Type:[text/plain; charset=utf-8] X-Content-Type-Options:[nosniff]]
2025-01-29 18:37:21,709 INFO c.h.h.t.HelmChartContainer - [K3S]  >
2025-01-29 18:37:21,711 INFO c.h.h.t.HelmChartContainer - [K3S] [handler_proxy.go:143] error resolving kube-system/metrics-server: endpoints "metrics-server" not found
2025-01-29 18:37:21,712 INFO c.h.h.t.HelmChartContainer - [K3S] [event.go:389] "Event occurred" object="kube-system/resource-reader" fieldPath="" kind="Addon" apiVersion="k3s.cattle.io/v1" type="Normal" reason="ApplyingManifest" message="Applying manifest at \"/var/lib/rancher/k3s/server/manifests/metrics-server/resource-reader.yaml\""
2025-01-29 18:37:21,737 INFO c.h.h.t.HelmChartContainer - [K3S] [controllermanager.go:765] "Started controller" controller="persistentvolume-attach-detach-controller"
2025-01-29 18:37:21,737 INFO c.h.h.t.HelmChartContainer - [K3S] [attach_detach_controller.go:338] "Starting attach detach controller"
2025-01-29 18:37:21,750 INFO c.h.h.t.HelmChartContainer - [K3S] [event.go:389] "Event occurred" object="kube-system/resource-reader" fieldPath="" kind="Addon" apiVersion="k3s.cattle.io/v1" type="Normal" reason="AppliedManifest" message="Applied manifest at \"/var/lib/rancher/k3s/server/manifests/metrics-server/resource-reader.yaml\""
2025-01-29 18:37:21,755 INFO c.h.h.t.HelmChartContainer - [K3S] [event.go:389] "Event occurred" object="kube-system/rolebindings" fieldPath="" kind="Addon" apiVersion="k3s.cattle.io/v1" type="Normal" reason="ApplyingManifest" message="Applying manifest at \"/var/lib/rancher/k3s/server/manifests/rolebindings.yaml\""
2025-01-29 18:37:21,861 INFO c.h.h.t.HelmChartContainer - [K3S] [event.go:389] "Event occurred" object="kube-system/rolebindings" fieldPath="" kind="Addon" apiVersion="k3s.cattle.io/v1" type="Normal" reason="AppliedManifest" message="Applied manifest at \"/var/lib/rancher/k3s/server/manifests/rolebindings.yaml\""
2025-01-29 18:37:21,867 INFO c.h.h.t.HelmChartContainer - [K3S] [event.go:389] "Event occurred" object="kube-system/runtimes" fieldPath="" kind="Addon" apiVersion="k3s.cattle.io/v1" type="Normal" reason="ApplyingManifest" message="Applying manifest at \"/var/lib/rancher/k3s/server/manifests/runtimes.yaml\""
2025-01-29 18:37:21,890 INFO c.h.h.t.HelmChartContainer - [K3S] [controllermanager.go:765] "Started controller" controller="clusterrole-aggregation-controller"
2025-01-29 18:37:21,890 INFO c.h.h.t.HelmChartContainer - [K3S] [controllermanager.go:717] "Controller is disabled by a feature gate" controller="kube-apiserver-serving-clustertrustbundle-publisher-controller" requiredFeatureGates=["ClusterTrustBundle"]
2025-01-29 18:37:21,893 INFO c.h.h.t.HelmChartContainer - [K3S] [clusterroleaggregation_controller.go:194] "Starting ClusterRoleAggregator controller"
2025-01-29 18:37:21,905 INFO c.h.h.t.HelmChartContainer - [K3S] [event.go:389] "Event occurred" object="kube-system/runtimes" fieldPath="" kind="Addon" apiVersion="k3s.cattle.io/v1" type="Normal" reason="AppliedManifest" message="Applied manifest at \"/var/lib/rancher/k3s/server/manifests/runtimes.yaml\""
2025-01-29 18:37:22,037 INFO c.h.h.t.HelmChartContainer - [K3S] [controllermanager.go:765] "Started controller" controller="job-controller"
2025-01-29 18:37:22,037 INFO c.h.h.t.HelmChartContainer - [K3S] [job_controller.go:243] "Starting job controller"
2025-01-29 18:37:22,188 INFO c.h.h.t.HelmChartContainer - [K3S] [controllermanager.go:765] "Started controller" controller="pod-garbage-collector-controller"
2025-01-29 18:37:22,189 INFO c.h.h.t.HelmChartContainer - [K3S] [gc_controller.go:99] "Starting GC controller"
2025-01-29 18:37:22,336 INFO c.h.h.t.HelmChartContainer - [K3S] [controllermanager.go:765] "Started controller" controller="serviceaccount-controller"
2025-01-29 18:37:22,337 INFO c.h.h.t.HelmChartContainer - [K3S] [serviceaccounts_controller.go:114] "Starting service account controller"
2025-01-29 18:37:22,419 INFO c.h.h.t.HelmChartContainer - [K3S] [INFO] Tunnel authorizer set Kubelet Port 0.0.0.0:10250
2025-01-29 18:37:22,487 INFO c.h.h.t.HelmChartContainer - [K3S] [controllermanager.go:765] "Started controller" controller="deployment-controller"
2025-01-29 18:37:22,488 INFO c.h.h.t.HelmChartContainer - [K3S] [deployment_controller.go:173] "Starting controller" controller="deployment"
2025-01-29 18:37:22,549 INFO c.h.h.t.HelmChartContainer - [K3S] [serving.go:392] Generated self-signed cert in-memory
2025-01-29 18:37:22,637 INFO c.h.h.t.HelmChartContainer - [K3S] [controllermanager.go:765] "Started controller" controller="replicaset-controller"
2025-01-29 18:37:22,637 INFO c.h.h.t.HelmChartContainer - [K3S] [replica_set.go:217] "Starting controller" name="replicaset"
2025-01-29 18:37:22,672 INFO c.h.h.t.HelmChartContainer - [K3S] [handler_proxy.go:99] no RequestInfo found in the context
2025-01-29 18:37:22,672 INFO c.h.h.t.HelmChartContainer - [K3S] [handler_proxy.go:99] no RequestInfo found in the context
2025-01-29 18:37:22,672 INFO c.h.h.t.HelmChartContainer - [K3S] [controller.go:102] "Unhandled Error" err=<
2025-01-29 18:37:22,672 INFO c.h.h.t.HelmChartContainer - [K3S] 	, Header: map[Content-Type:[text/plain; charset=utf-8] X-Content-Type-Options:[nosniff]]
2025-01-29 18:37:22,672 INFO c.h.h.t.HelmChartContainer - [K3S]  >
2025-01-29 18:37:22,793 INFO c.h.h.t.HelmChartContainer - [K3S] [controllermanager.go:765] "Started controller" controller="ttl-controller"
2025-01-29 18:37:22,793 INFO c.h.h.t.HelmChartContainer - [K3S] [ttl_controller.go:127] "Starting TTL controller"
2025-01-29 18:37:22,938 INFO c.h.h.t.HelmChartContainer - [K3S] [controllermanager.go:765] "Started controller" controller="persistentvolume-expander-controller"
2025-01-29 18:37:22,938 INFO c.h.h.t.HelmChartContainer - [K3S] [expand_controller.go:329] "Starting expand controller"
2025-01-29 18:37:22,938 INFO c.h.h.t.HelmChartContainer - [K3S] [controllermanager.go:717] "Controller is disabled by a feature gate" controller="resourceclaim-controller" requiredFeatureGates=["DynamicResourceAllocation"]
2025-01-29 18:37:23,022 INFO c.h.h.t.HelmChartContainer - [K3S] [serving.go:392] Generated self-signed cert in-memory
2025-01-29 18:37:23,087 INFO c.h.h.t.HelmChartContainer - [K3S] [controllermanager.go:765] "Started controller" controller="replicationcontroller-controller"
2025-01-29 18:37:23,087 INFO c.h.h.t.HelmChartContainer - [K3S] [replica_set.go:217] "Starting controller" name="replicationcontroller"
2025-01-29 18:37:23,122 INFO c.h.h.t.HelmChartContainer - [K3S] [actual_state_of_world.go:541] "Failed to update statusUpdateNeeded field in actual state of world" err="Failed to set statusUpdateNeeded to needed true, because nodeName=\"b7418fb8ab78\" does not exist"
2025-01-29 18:37:23,192 INFO c.h.h.t.HelmChartContainer - [K3S] [range_allocator.go:177] "Sending events to api server"
2025-01-29 18:37:23,194 INFO c.h.h.t.HelmChartContainer - [K3S] [range_allocator.go:183] "Starting range CIDR allocator"
2025-01-29 18:37:23,196 INFO c.h.h.t.HelmChartContainer - [K3S] [range_allocator.go:428] "Set node PodCIDR" node="b7418fb8ab78" podCIDRs=["10.42.0.0/24"]
2025-01-29 18:37:23,196 INFO c.h.h.t.HelmChartContainer - [K3S] [range_allocator.go:247] "Successfully synced" key="b7418fb8ab78"
2025-01-29 18:37:23,199 INFO c.h.h.t.HelmChartContainer - [K3S] [INFO] Flannel found PodCIDR assigned for node b7418fb8ab78
2025-01-29 18:37:23,201 INFO c.h.h.t.HelmChartContainer - [K3S] [range_allocator.go:247] "Successfully synced" key="b7418fb8ab78"
2025-01-29 18:37:23,201 INFO c.h.h.t.HelmChartContainer - [K3S] [INFO] The interface eth0 with ipv4 address 172.18.0.2 will be used by flannel
2025-01-29 18:37:23,201 INFO c.h.h.t.HelmChartContainer - [K3S] [kube.go:139] Waiting 10m0s for node controller to sync
2025-01-29 18:37:23,201 INFO c.h.h.t.HelmChartContainer - [K3S] [kube.go:469] Starting kube subnet manager
2025-01-29 18:37:23,208 INFO c.h.h.t.HelmChartContainer - [K3S] [INFO] Updated coredns NodeHosts entry for b7418fb8ab78
2025-01-29 18:37:23,215 INFO c.h.h.t.HelmChartContainer - [K3S] [INFO] Network policy controller waiting for removal of node.cloudprovider.kubernetes.io/uninitialized taint
2025-01-29 18:37:23,258 INFO c.h.h.t.HelmChartContainer - [K3S] [controllermanager.go:160] Version: v1.32.1+k3s1
2025-01-29 18:37:23,260 INFO c.h.h.t.HelmChartContainer - [K3S] [requestheader_controller.go:180] Starting RequestHeaderAuthRequestController
2025-01-29 18:37:23,260 INFO c.h.h.t.HelmChartContainer - [K3S] [configmap_cafile_content.go:205] "Starting controller" name="client-ca::kube-system::extension-apiserver-authentication::requestheader-client-ca-file"
2025-01-29 18:37:23,260 INFO c.h.h.t.HelmChartContainer - [K3S] [configmap_cafile_content.go:205] "Starting controller" name="client-ca::kube-system::extension-apiserver-authentication::client-ca-file"
2025-01-29 18:37:23,260 INFO c.h.h.t.HelmChartContainer - [K3S] [secure_serving.go:213] Serving securely on 127.0.0.1:10258
2025-01-29 18:37:23,260 INFO c.h.h.t.HelmChartContainer - [K3S] [tlsconfig.go:243] "Starting DynamicServingCertificateController"
2025-01-29 18:37:23,265 INFO c.h.h.t.HelmChartContainer - [K3S] [INFO] Creating service-lb-controller event broadcaster
2025-01-29 18:37:23,340 INFO c.h.h.t.HelmChartContainer - [K3S] [node_lifecycle_controller.go:1234] "Initializing eviction metric for zone" zone=""
2025-01-29 18:37:23,340 INFO c.h.h.t.HelmChartContainer - [K3S] [node_lifecycle_controller.go:886] "Missing timestamp for Node. Assuming now as a timestamp" node="b7418fb8ab78"
2025-01-29 18:37:23,340 INFO c.h.h.t.HelmChartContainer - [K3S] [node_lifecycle_controller.go:1080] "Controller detected that zone is now in new state" zone="" newState="Normal"
2025-01-29 18:37:23,347 INFO c.h.h.t.HelmChartContainer - [K3S] [range_allocator.go:247] "Successfully synced" key="b7418fb8ab78"
2025-01-29 18:37:23,378 INFO c.h.h.t.HelmChartContainer - [K3S] [INFO] Starting /v1, Kind=Node controller
2025-01-29 18:37:23,381 INFO c.h.h.t.HelmChartContainer - [K3S] [INFO] Starting /v1, Kind=Pod controller
2025-01-29 18:37:23,384 INFO c.h.h.t.HelmChartContainer - [K3S] [INFO] Starting apps/v1, Kind=DaemonSet controller
2025-01-29 18:37:23,388 INFO c.h.h.t.HelmChartContainer - [K3S] [INFO] Starting discovery.k8s.io/v1, Kind=EndpointSlice controller
2025-01-29 18:37:23,389 INFO c.h.h.t.HelmChartContainer - [K3S] [controllermanager.go:329] Started "cloud-node-controller"
2025-01-29 18:37:23,389 INFO c.h.h.t.HelmChartContainer - [K3S] [node_controller.go:176] Sending events to api server.
2025-01-29 18:37:23,389 INFO c.h.h.t.HelmChartContainer - [K3S] [node_controller.go:185] Waiting for informer caches to sync
2025-01-29 18:37:23,391 INFO c.h.h.t.HelmChartContainer - [K3S] [controllermanager.go:329] Started "cloud-node-lifecycle-controller"
2025-01-29 18:37:23,392 INFO c.h.h.t.HelmChartContainer - [K3S] [node_lifecycle_controller.go:112] Sending events to api server
2025-01-29 18:37:23,392 INFO c.h.h.t.HelmChartContainer - [K3S] [controllermanager.go:329] Started "service-lb-controller"
2025-01-29 18:37:23,392 INFO c.h.h.t.HelmChartContainer - [K3S] [controllermanager.go:306] "node-route-controller" is disabled
2025-01-29 18:37:23,392 INFO c.h.h.t.HelmChartContainer - [K3S] [controller.go:234] Starting service controller
2025-01-29 18:37:23,420 INFO c.h.h.t.HelmChartContainer - [K3S] [INFO] Started tunnel to 172.18.0.2:6443
2025-01-29 18:37:23,420 INFO c.h.h.t.HelmChartContainer - [K3S] [INFO] Stopped tunnel to 127.0.0.1:6443
2025-01-29 18:37:23,420 INFO c.h.h.t.HelmChartContainer - [K3S] [INFO] Connecting to proxy" url="wss://172.18.0.2:6443/v1-k3s/connect
2025-01-29 18:37:23,420 INFO c.h.h.t.HelmChartContainer - [K3S] [INFO] Proxy done" err="context canceled" url="wss://127.0.0.1:6443/v1-k3s/connect
2025-01-29 18:37:23,420 INFO c.h.h.t.HelmChartContainer - [K3S] [INFO] error in remotedialer server [400]: websocket: close 1006 (abnormal closure): unexpected EOF
2025-01-29 18:37:23,422 INFO c.h.h.t.HelmChartContainer - [K3S] [INFO] Handling backend connection request [b7418fb8ab78]
2025-01-29 18:37:23,422 INFO c.h.h.t.HelmChartContainer - [K3S] [INFO] Remotedialer connected to proxy" url="wss://172.18.0.2:6443/v1-k3s/connect
2025-01-29 18:37:23,489 INFO c.h.h.t.HelmChartContainer - [K3S] [node_controller.go:429] Initializing node b7418fb8ab78 with cloud provider
2025-01-29 18:37:23,493 INFO c.h.h.t.HelmChartContainer - [K3S] [range_allocator.go:247] "Successfully synced" key="b7418fb8ab78"
2025-01-29 18:37:23,496 INFO c.h.h.t.HelmChartContainer - [K3S] [node_controller.go:474] Successfully initialized node b7418fb8ab78 with cloud provider
2025-01-29 18:37:23,498 INFO c.h.h.t.HelmChartContainer - [K3S] [event.go:389] "Event occurred" object="b7418fb8ab78" fieldPath="" kind="Node" apiVersion="v1" type="Normal" reason="Synced" message="Node synced successfully"
2025-01-29 18:37:23,693 INFO c.h.h.t.HelmChartContainer - [K3S] [range_allocator.go:247] "Successfully synced" key="b7418fb8ab78"
2025-01-29 18:37:23,739 INFO c.h.h.t.HelmChartContainer - [K3S] [serving.go:392] Generated self-signed cert in-memory
2025-01-29 18:37:23,849 INFO c.h.h.t.HelmChartContainer - [K3S] [handler_proxy.go:99] no RequestInfo found in the context
2025-01-29 18:37:23,849 INFO c.h.h.t.HelmChartContainer - [K3S] [controller.go:146] "Unhandled Error" err=<
2025-01-29 18:37:23,849 INFO c.h.h.t.HelmChartContainer - [K3S] 	, Header: map[Content-Type:[text/plain; charset=utf-8] X-Content-Type-Options:[nosniff]]
2025-01-29 18:37:23,849 INFO c.h.h.t.HelmChartContainer - [K3S]  >
2025-01-29 18:37:23,850 INFO c.h.h.t.HelmChartContainer - [K3S] [handler_proxy.go:143] error resolving kube-system/metrics-server: no endpoints available for service "metrics-server"
2025-01-29 18:37:24,004 INFO c.h.h.t.HelmChartContainer - [K3S] [replica_set.go:679] "Finished syncing" kind="ReplicaSet" key="kube-system/coredns-ff8999cc5" duration="257.089603ms"
2025-01-29 18:37:24,004 INFO c.h.h.t.HelmChartContainer - [K3S] [replica_set.go:679] "Finished syncing" kind="ReplicaSet" key="kube-system/local-path-provisioner-698b58967b" duration="258.01227ms"
2025-01-29 18:37:24,004 INFO c.h.h.t.HelmChartContainer - [K3S] [replica_set.go:679] "Finished syncing" kind="ReplicaSet" key="kube-system/metrics-server-8584b5786c" duration="258.304126ms"
2025-01-29 18:37:24,009 INFO c.h.h.t.HelmChartContainer - [K3S] [replica_set.go:679] "Finished syncing" kind="ReplicaSet" key="kube-system/coredns-ff8999cc5" duration="6.988238ms"
2025-01-29 18:37:24,010 INFO c.h.h.t.HelmChartContainer - [K3S] [replica_set.go:679] "Finished syncing" kind="ReplicaSet" key="kube-system/coredns-ff8999cc5" duration="29.776µs"
2025-01-29 18:37:24,014 INFO c.h.h.t.HelmChartContainer - [K3S] [replica_set.go:679] "Finished syncing" kind="ReplicaSet" key="kube-system/metrics-server-8584b5786c" duration="10.568209ms"
2025-01-29 18:37:24,014 INFO c.h.h.t.HelmChartContainer - [K3S] [replica_set.go:679] "Finished syncing" kind="ReplicaSet" key="kube-system/metrics-server-8584b5786c" duration="65.305µs"
2025-01-29 18:37:24,018 INFO c.h.h.t.HelmChartContainer - [K3S] [replica_set.go:679] "Finished syncing" kind="ReplicaSet" key="kube-system/local-path-provisioner-698b58967b" duration="15.011872ms"
2025-01-29 18:37:24,018 INFO c.h.h.t.HelmChartContainer - [K3S] [replica_set.go:679] "Finished syncing" kind="ReplicaSet" key="kube-system/local-path-provisioner-698b58967b" duration="43.041µs"
2025-01-29 18:37:24,123 INFO c.h.h.t.HelmChartContainer - [K3S] [server.go:164] "Starting Kubernetes Scheduler" version="v1.32.1+k3s1"
2025-01-29 18:37:24,124 INFO c.h.h.t.HelmChartContainer - [K3S] [server.go:166] "Golang settings" GOGC="" GOMAXPROCS="" GOTRACEBACK=""
2025-01-29 18:37:24,127 INFO c.h.h.t.HelmChartContainer - [K3S] [requestheader_controller.go:180] Starting RequestHeaderAuthRequestController
2025-01-29 18:37:24,127 INFO c.h.h.t.HelmChartContainer - [K3S] [configmap_cafile_content.go:205] "Starting controller" name="client-ca::kube-system::extension-apiserver-authentication::requestheader-client-ca-file"
2025-01-29 18:37:24,127 INFO c.h.h.t.HelmChartContainer - [K3S] [configmap_cafile_content.go:205] "Starting controller" name="client-ca::kube-system::extension-apiserver-authentication::client-ca-file"
2025-01-29 18:37:24,127 INFO c.h.h.t.HelmChartContainer - [K3S] [secure_serving.go:213] Serving securely on 127.0.0.1:10259
2025-01-29 18:37:24,127 INFO c.h.h.t.HelmChartContainer - [K3S] [tlsconfig.go:243] "Starting DynamicServingCertificateController"
2025-01-29 18:37:24,201 INFO c.h.h.t.HelmChartContainer - [K3S] [kube.go:146] Node controller sync successful
2025-01-29 18:37:24,201 INFO c.h.h.t.HelmChartContainer - [K3S] [vxlan.go:141] VXLAN config: VNI=1 Port=0 GBP=false Learning=false DirectRouting=false
2025-01-29 18:37:24,203 INFO c.h.h.t.HelmChartContainer - [K3S] [kube.go:636] List of node(b7418fb8ab78) annotations: map[string]string{"alpha.kubernetes.io/provided-node-ip":"172.18.0.2", "k3s.io/hostname":"b7418fb8ab78", "k3s.io/internal-ip":"172.18.0.2", "k3s.io/node-args":"[\"server\",\"--etcd-arg\",\"unsafe-no-fsync\",\"--etcd-arg\",\"snapshot-count=10000\",\"--etcd-arg\",\"auto-compaction-mode=revision\",\"--etcd-arg\",\"auto-compaction-retention=1000000\",\"--kube-apiserver-arg\",\"etcd-compaction-interval=0s\",\"--disable\",\"traefik\",\"--tls-san\",\"localhost\"]", "k3s.io/node-config-hash":"2QNNT5M5XUBFOLO5XPGEVGOM5UDLHHTIVMSRUPAUHE5DU3HUYQUQ====", "k3s.io/node-env":"{}", "node.alpha.kubernetes.io/ttl":"0", "volumes.kubernetes.io/controller-managed-attach-detach":"true"}
2025-01-29 18:37:24,209 INFO c.h.h.t.HelmChartContainer - [K3S] [iptables.go:51] Starting flannel in iptables mode...
2025-01-29 18:37:24,209 INFO c.h.h.t.HelmChartContainer - [K3S] [WARNING] no subnet found for key: FLANNEL_NETWORK in file: /run/flannel/subnet.env
2025-01-29 18:37:24,209 INFO c.h.h.t.HelmChartContainer - [K3S] [WARNING] no subnet found for key: FLANNEL_SUBNET in file: /run/flannel/subnet.env
2025-01-29 18:37:24,209 INFO c.h.h.t.HelmChartContainer - [K3S] [WARNING] no subnet found for key: FLANNEL_IPV6_NETWORK in file: /run/flannel/subnet.env
2025-01-29 18:37:24,209 INFO c.h.h.t.HelmChartContainer - [K3S] [WARNING] no subnet found for key: FLANNEL_IPV6_SUBNET in file: /run/flannel/subnet.env
2025-01-29 18:37:24,209 INFO c.h.h.t.HelmChartContainer - [K3S] [iptables.go:115] Current network or subnet (10.42.0.0/16, 10.42.0.0/24) is not equal to previous one (0.0.0.0/0, 0.0.0.0/0), trying to recycle old iptables rules
2025-01-29 18:37:24,209 INFO c.h.h.t.HelmChartContainer - [K3S] [range_allocator.go:247] "Successfully synced" key="b7418fb8ab78"
2025-01-29 18:37:24,210 INFO c.h.h.t.HelmChartContainer - [K3S] [kube.go:490] Creating the node lease for IPv4. This is the n.Spec.PodCIDRs: [10.42.0.0/24]
2025-01-29 18:37:24,216 INFO c.h.h.t.HelmChartContainer - [K3S] [iptables.go:125] Setting up masking rules
2025-01-29 18:37:24,218 INFO c.h.h.t.HelmChartContainer - [K3S] [iptables.go:226] Changing default FORWARD chain policy to ACCEPT
2025-01-29 18:37:24,220 INFO c.h.h.t.HelmChartContainer - [K3S] [INFO] Wrote flannel subnet file to /run/flannel/subnet.env
2025-01-29 18:37:24,221 INFO c.h.h.t.HelmChartContainer - [K3S] [INFO] Running flannel backend.
2025-01-29 18:37:24,221 INFO c.h.h.t.HelmChartContainer - [K3S] [vxlan_network.go:65] watching for new subnet leases
2025-01-29 18:37:24,230 INFO c.h.h.t.HelmChartContainer - [K3S] [iptables.go:372] bootstrap done
2025-01-29 18:37:24,233 INFO c.h.h.t.HelmChartContainer - [K3S] [replica_set.go:679] "Finished syncing" kind="ReplicaSet" key="kube-system/metrics-server-8584b5786c" duration="43.241µs"
2025-01-29 18:37:24,240 INFO c.h.h.t.HelmChartContainer - [K3S] [replica_set.go:679] "Finished syncing" kind="ReplicaSet" key="kube-system/local-path-provisioner-698b58967b" duration="29.395µs"
2025-01-29 18:37:24,240 INFO c.h.h.t.HelmChartContainer - [K3S] [replica_set.go:679] "Finished syncing" kind="ReplicaSet" key="kube-system/coredns-ff8999cc5" duration="33.092µs"
2025-01-29 18:37:24,247 INFO c.h.h.t.HelmChartContainer - [K3S] [iptables.go:372] bootstrap done
2025-01-29 18:37:24,262 INFO c.h.h.t.HelmChartContainer - [K3S] [replica_set.go:679] "Finished syncing" kind="ReplicaSet" key="kube-system/metrics-server-8584b5786c" duration="36.087µs"
2025-01-29 18:37:24,268 INFO c.h.h.t.HelmChartContainer - [K3S] [replica_set.go:679] "Finished syncing" kind="ReplicaSet" key="kube-system/local-path-provisioner-698b58967b" duration="27.892µs"
2025-01-29 18:37:24,276 INFO c.h.h.t.HelmChartContainer - [K3S] [replica_set.go:679] "Finished syncing" kind="ReplicaSet" key="kube-system/coredns-ff8999cc5" duration="38.602µs"
2025-01-29 18:37:24,299 INFO c.h.h.t.HelmChartContainer - [K3S] [reconciler_common.go:251] "operationExecutor.VerifyControllerAttachedVolume started for volume \"config-volume\" (UniqueName: \"kubernetes.io/configmap/6cf54471-6111-444e-a2af-ab5f1ca6952b-config-volume\") pod \"coredns-ff8999cc5-tfnwb\" (UID: \"6cf54471-6111-444e-a2af-ab5f1ca6952b\") " pod="kube-system/coredns-ff8999cc5-tfnwb"
2025-01-29 18:37:24,300 INFO c.h.h.t.HelmChartContainer - [K3S] [reconciler_common.go:251] "operationExecutor.VerifyControllerAttachedVolume started for volume \"custom-config-volume\" (UniqueName: \"kubernetes.io/configmap/6cf54471-6111-444e-a2af-ab5f1ca6952b-custom-config-volume\") pod \"coredns-ff8999cc5-tfnwb\" (UID: \"6cf54471-6111-444e-a2af-ab5f1ca6952b\") " pod="kube-system/coredns-ff8999cc5-tfnwb"
2025-01-29 18:37:24,300 INFO c.h.h.t.HelmChartContainer - [K3S] [reconciler_common.go:251] "operationExecutor.VerifyControllerAttachedVolume started for volume \"kube-api-access-bjdvv\" (UniqueName: \"kubernetes.io/projected/6cf54471-6111-444e-a2af-ab5f1ca6952b-kube-api-access-bjdvv\") pod \"coredns-ff8999cc5-tfnwb\" (UID: \"6cf54471-6111-444e-a2af-ab5f1ca6952b\") " pod="kube-system/coredns-ff8999cc5-tfnwb"
2025-01-29 18:37:24,300 INFO c.h.h.t.HelmChartContainer - [K3S] [reconciler_common.go:251] "operationExecutor.VerifyControllerAttachedVolume started for volume \"tmp-dir\" (UniqueName: \"kubernetes.io/empty-dir/fee4fa47-4525-41a3-84fd-eb099105b7c4-tmp-dir\") pod \"metrics-server-8584b5786c-jt5r9\" (UID: \"fee4fa47-4525-41a3-84fd-eb099105b7c4\") " pod="kube-system/metrics-server-8584b5786c-jt5r9"
2025-01-29 18:37:24,300 INFO c.h.h.t.HelmChartContainer - [K3S] [reconciler_common.go:251] "operationExecutor.VerifyControllerAttachedVolume started for volume \"kube-api-access-8nrsb\" (UniqueName: \"kubernetes.io/projected/fee4fa47-4525-41a3-84fd-eb099105b7c4-kube-api-access-8nrsb\") pod \"metrics-server-8584b5786c-jt5r9\" (UID: \"fee4fa47-4525-41a3-84fd-eb099105b7c4\") " pod="kube-system/metrics-server-8584b5786c-jt5r9"
2025-01-29 18:37:24,300 INFO c.h.h.t.HelmChartContainer - [K3S] [reconciler_common.go:251] "operationExecutor.VerifyControllerAttachedVolume started for volume \"config-volume\" (UniqueName: \"kubernetes.io/configmap/7544ae2f-6de2-403d-93fb-082dde93d0c8-config-volume\") pod \"local-path-provisioner-698b58967b-ds5k6\" (UID: \"7544ae2f-6de2-403d-93fb-082dde93d0c8\") " pod="kube-system/local-path-provisioner-698b58967b-ds5k6"
2025-01-29 18:37:24,300 INFO c.h.h.t.HelmChartContainer - [K3S] [reconciler_common.go:251] "operationExecutor.VerifyControllerAttachedVolume started for volume \"kube-api-access-4j628\" (UniqueName: \"kubernetes.io/projected/7544ae2f-6de2-403d-93fb-082dde93d0c8-kube-api-access-4j628\") pod \"local-path-provisioner-698b58967b-ds5k6\" (UID: \"7544ae2f-6de2-403d-93fb-082dde93d0c8\") " pod="kube-system/local-path-provisioner-698b58967b-ds5k6"
2025-01-29 18:37:24,851 INFO c.h.h.t.HelmChartContainer - [K3S] [handler_proxy.go:99] no RequestInfo found in the context
2025-01-29 18:37:24,851 INFO c.h.h.t.HelmChartContainer - [K3S] [handler_proxy.go:99] no RequestInfo found in the context
2025-01-29 18:37:24,851 INFO c.h.h.t.HelmChartContainer - [K3S] [controller.go:102] "Unhandled Error" err=<
2025-01-29 18:37:24,851 INFO c.h.h.t.HelmChartContainer - [K3S] 	, Header: map[Content-Type:[text/plain; charset=utf-8] X-Content-Type-Options:[nosniff]]
2025-01-29 18:37:24,851 INFO c.h.h.t.HelmChartContainer - [K3S]  >
2025-01-29 18:37:25,320 INFO c.h.h.t.HelmChartContainer - [K3S] [INFO] Starting network policy controller version v2.2.1, built on 2025-01-28T18:27:08Z, go1.23.4
2025-01-29 18:37:25,321 INFO c.h.h.t.HelmChartContainer - [K3S] [network_policy_controller.go:164] Starting network policy controller
2025-01-29 18:37:25,357 INFO c.h.h.t.HelmChartContainer - [K3S] [network_policy_controller.go:176] Starting network policy controller full sync goroutine
2025-01-29 18:37:27,522 DEBUG c.h.h.t.HelmChartContainer - Image file loaded 'hivemq-platform-operator.tar'
2025-01-29 18:37:27,729 INFO c.h.h.t.HelmChartContainer - [K3S] [kuberuntime_manager.go:1702] "Updating runtime config through cri with podcidr" CIDR="10.42.0.0/24"
2025-01-29 18:37:27,729 INFO c.h.h.t.HelmChartContainer - [K3S] [kubelet_network.go:61] "Updating Pod CIDR" originalPodCIDR="" newPodCIDR="10.42.0.0/24"
2025-01-29 18:37:27,736 INFO c.h.h.t.HelmChartContainer - [K3S] [range_allocator.go:247] "Successfully synced" key="b7418fb8ab78"
2025-01-29 18:37:27,966 DEBUG c.h.h.t.HelmChartContainer - Image file loaded 'hivemq-platform-operator-init.tar'
2025-01-29 18:37:29,515 INFO c.h.h.t.HelmChartContainer - [K3S] [replica_set.go:679] "Finished syncing" kind="ReplicaSet" key="kube-system/metrics-server-8584b5786c" duration="34.004µs"
2025-01-29 18:37:29,542 INFO c.h.h.t.HelmChartContainer - [K3S] [replica_set.go:679] "Finished syncing" kind="ReplicaSet" key="kube-system/local-path-provisioner-698b58967b" duration="5.243ms"
2025-01-29 18:37:29,544 INFO c.h.h.t.HelmChartContainer - [K3S] [replica_set.go:679] "Finished syncing" kind="ReplicaSet" key="kube-system/local-path-provisioner-698b58967b" duration="25.287µs"
2025-01-29 18:37:30,528 INFO c.h.h.t.HelmChartContainer - [K3S] [replica_set.go:679] "Finished syncing" kind="ReplicaSet" key="kube-system/coredns-ff8999cc5" duration="37.71µs"
2025-01-29 18:37:31,539 INFO c.h.h.t.HelmChartContainer - [K3S] [replica_set.go:679] "Finished syncing" kind="ReplicaSet" key="kube-system/coredns-ff8999cc5" duration="7.020999ms"
2025-01-29 18:37:31,539 INFO c.h.h.t.HelmChartContainer - [K3S] [replica_set.go:679] "Finished syncing" kind="ReplicaSet" key="kube-system/coredns-ff8999cc5" duration="31.389µs"
2025-01-29 18:37:34,140 DEBUG c.h.h.t.HelmChartContainer - Image file loaded 'hivemq-platform.tar'
2025-01-29 18:37:34,140 DEBUG c.h.h.t.HelmChartContainer - Successful Helm chart Container startup
2025-01-29 18:37:34,153 INFO t.localhost/testcontainers/lkpe7yjsgskjskph:latest - Container localhost/testcontainers/lkpe7yjsgskjskph:latest started in PT20.133347778S
2025-01-29 18:37:34,161 DEBUG c.h.h.t.HelmChartContainer - Executing helm command: /bin/helm --kubeconfig /etc/rancher/k3s/k3s.yaml repo add hivemq https://hivemq.github.io/helm-charts
2025-01-29 18:37:35,403 INFO c.h.h.t.HelmChartContainer - [EVENT] Normal [Starting] Starting kubelet. [null:b7418fb8ab78]
2025-01-29 18:37:35,405 INFO c.h.h.t.HelmChartContainer - Saved kubeconfig file on /tmp/kubeconfig-8470243731128591739.yaml
2025-01-29 18:37:35,405 INFO c.h.h.t.HelmChartContainer - HelmChartContainer is started
2025-01-29 18:37:35,407 INFO c.h.h.t.HelmChartContainer - [EVENT] Warning [InvalidDiskCapacity] invalid capacity 0 on image filesystem [null:b7418fb8ab78]
2025-01-29 18:37:35,408 INFO c.h.h.t.HelmChartContainer - [EVENT] Normal [NodeHasSufficientMemory] Node b7418fb8ab78 status is now: NodeHasSufficientMemory [null:b7418fb8ab78]
2025-01-29 18:37:35,408 INFO c.h.h.t.HelmChartContainer - [EVENT] Normal [NodeHasNoDiskPressure] Node b7418fb8ab78 status is now: NodeHasNoDiskPressure [null:b7418fb8ab78]
2025-01-29 18:37:35,409 INFO c.h.h.t.HelmChartContainer - [EVENT] Normal [NodeHasSufficientPID] Node b7418fb8ab78 status is now: NodeHasSufficientPID [null:b7418fb8ab78]
2025-01-29 18:37:35,409 INFO c.h.h.t.HelmChartContainer - [EVENT] Normal [NodeAllocatableEnforced] Updated Node Allocatable limit across pods [null:b7418fb8ab78]
2025-01-29 18:37:35,411 INFO c.h.h.t.HelmChartContainer - [EVENT] Normal [NodeReady] Node b7418fb8ab78 status is now: NodeReady [null:b7418fb8ab78]
2025-01-29 18:37:35,413 INFO c.h.h.t.HelmChartContainer - [EVENT] Normal [NodePasswordValidationComplete] Deferred node password secret validation complete [null:b7418fb8ab78]
2025-01-29 18:37:35,414 INFO c.h.h.t.HelmChartContainer - [EVENT] Normal [RegisteredNode] Node b7418fb8ab78 event: Registered Node b7418fb8ab78 in Controller [null:b7418fb8ab78]
2025-01-29 18:37:35,415 INFO c.h.h.t.HelmChartContainer - [EVENT] Normal [Synced] Node synced successfully [null:b7418fb8ab78]
]]></system-out>
  <system-err><![CDATA[]]></system-err>
</testsuite>
