<?xml version="1.0" encoding="UTF-8"?>
<testsuite name="com.hivemq.helmcharts.services.HelmWebsocketsIT" tests="2" skipped="0" failures="0" errors="0" timestamp="2025-08-29T15:49:49" hostname="pkrvmccyg1gnepe" time="187.839">
  <properties/>
  <testcase name="platformChart_whenMtlsWebsocketEnabledWithDifferentPrivateKey_thenSendsReceivesMessage()" classname="com.hivemq.helmcharts.services.HelmWebsocketsIT" time="94.104"/>
  <testcase name="platformChart_whenMtlsWebsocketEnabled_thenSendsReceivesMessage()" classname="com.hivemq.helmcharts.services.HelmWebsocketsIT" time="93.735"/>
</testsuite>
