<?xml version="1.0" encoding="UTF-8"?>
<testsuite name="com.hivemq.helmcharts.services.HelmMetricsServiceIT" tests="2" skipped="0" failures="0" errors="0" timestamp="2025-03-16T03:17:37" hostname="fv-az1712-414" time="215.188">
  <properties/>
  <testcase name="platformChart_withCustomServiceName_thenMetricsAvailable()" classname="com.hivemq.helmcharts.services.HelmMetricsServiceIT" time="112.578"/>
  <testcase name="platformChart_withCustomMetrics_thenMetricsAvailable()" classname="com.hivemq.helmcharts.services.HelmMetricsServiceIT" time="102.61"/>
</testsuite>
