<?xml version="1.0" encoding="UTF-8"?>
<testsuite name="com.hivemq.helmcharts.volumes.HelmVolumeClaimTemplatesIT" tests="1" skipped="0" failures="0" errors="0" timestamp="2025-01-30T18:29:55" hostname="fv-az810-215" time="347.969">
  <properties/>
  <testcase name="platform_whenVolumeClaimTemplateIsConfigured_withAdditionalVolumes_thenPersistentVolumeClaimsCreated()" classname="com.hivemq.helmcharts.volumes.HelmVolumeClaimTemplatesIT" time="347.969">
    <system-out><![CDATA[2025-01-30 18:29:55,837 INFO c.h.h.t.HelmChartContainer - Creating namespace 'helmvolumeclaimtemplatesit-operator'...
2025-01-30 18:29:55,843 INFO c.h.h.t.HelmChartContainer - Namespace 'helmvolumeclaimtemplatesit-operator' created
2025-01-30 18:29:55,843 INFO c.h.h.t.HelmChartContainer - Creating namespace 'helmvolumeclaimtemplatesit'...
2025-01-30 18:29:55,851 INFO c.h.h.t.HelmChartContainer - Namespace 'helmvolumeclaimtemplatesit' created
2025-01-30 18:29:55,912 DEBUG c.h.h.t.HelmChartContainer - Executing helm command: /bin/helm --kubeconfig /etc/rancher/k3s/k3s.yaml install test-hivemq-platform-operator /charts/hivemq-platform-operator --wait --timeout 5m0s --set image.repository=docker.io/hivemq --set image.name=hivemq-platform-operator-test --set image.initImageName=hivemq-platform-operator-init-test --set image.tag=snapshot --set image.pullPolicy=Never --set logLevel=DEBUG --set resources.cpu=512m --namespace helmvolumeclaimtemplatesit-operator
2025-01-30 18:29:56,231 INFO c.h.h.t.HelmChartContainer - [K3S] [alloc.go:330] "allocated clusterIPs" service="helmvolumeclaimtemplatesit-operator/hivemq-platform-operator-test-hivemq-platform-operator" clusterIPs={"IPv4":"10.43.201.253"}
2025-01-30 18:29:56,243 INFO c.h.h.t.HelmChartContainer - [EVENT] Normal [ScalingReplicaSet] Scaled up replica set hivemq-test-hivemq-platform-operator-6966f96d65 from 0 to 1 [helmvolumeclaimtemplatesit-operator:hivemq-test-hivemq-platform-operator]
2025-01-30 18:29:56,256 INFO c.h.h.t.HelmChartContainer - [K3S] [replica_set.go:679] "Finished syncing" kind="ReplicaSet" key="helmvolumeclaimtemplatesit-operator/hivemq-test-hivemq-platform-operator-6966f96d65" duration="16.462401ms"
2025-01-30 18:29:56,260 INFO c.h.h.t.HelmChartContainer - [POD] hivemq-test-hivemq-platform-operator-6966f96d65-xtswf [2f3f9aef-afed-4e4d-956c-f3493b7118eb] in helmvolumeclaimtemplatesit-operator was ADDED
2025-01-30 18:29:56,260 INFO c.h.h.t.HelmChartContainer - [EVENT] Normal [SuccessfulCreate] Created pod: hivemq-test-hivemq-platform-operator-6966f96d65-xtswf [helmvolumeclaimtemplatesit-operator:hivemq-test-hivemq-platform-operator-6966f96d65]
2025-01-30 18:29:56,261 INFO c.h.h.t.HelmChartContainer - [POD] hivemq-test-hivemq-platform-operator-6966f96d65-xtswf [2f3f9aef-afed-4e4d-956c-f3493b7118eb] in helmvolumeclaimtemplatesit-operator was MODIFIED
2025-01-30 18:29:56,261 INFO c.h.h.t.HelmChartContainer - [K3S] [memory_manager.go:355] "RemoveStaleState removing state" podUID="5acb0571-0634-408c-865e-fc5d28110f12" containerName="hivemq-platform-operator"
2025-01-30 18:29:56,261 INFO c.h.h.t.HelmChartContainer - [K3S] [memory_manager.go:355] "RemoveStaleState removing state" podUID="f3fd13ce-e8d7-4116-a56b-a4dd56bc02dd" containerName="helper-pod"
2025-01-30 18:29:56,275 INFO c.h.h.t.HelmChartContainer - [EVENT] Normal [Scheduled] Successfully assigned helmvolumeclaimtemplatesit-operator/hivemq-test-hivemq-platform-operator-6966f96d65-xtswf to c1f759053570 [helmvolumeclaimtemplatesit-operator:hivemq-test-hivemq-platform-operator-6966f96d65-xtswf]
2025-01-30 18:29:56,278 INFO c.h.h.t.HelmChartContainer - [K3S] [replica_set.go:679] "Finished syncing" kind="ReplicaSet" key="helmvolumeclaimtemplatesit-operator/hivemq-test-hivemq-platform-operator-6966f96d65" duration="18.540878ms"
2025-01-30 18:29:56,282 INFO c.h.h.t.HelmChartContainer - [POD] hivemq-test-hivemq-platform-operator-6966f96d65-xtswf [2f3f9aef-afed-4e4d-956c-f3493b7118eb] in helmvolumeclaimtemplatesit-operator was MODIFIED
2025-01-30 18:29:56,293 INFO c.h.h.t.HelmChartContainer - [K3S] [replica_set.go:679] "Finished syncing" kind="ReplicaSet" key="helmvolumeclaimtemplatesit-operator/hivemq-test-hivemq-platform-operator-6966f96d65" duration="15.366002ms"
2025-01-30 18:29:56,293 INFO c.h.h.t.HelmChartContainer - [K3S] [replica_set.go:679] "Finished syncing" kind="ReplicaSet" key="helmvolumeclaimtemplatesit-operator/hivemq-test-hivemq-platform-operator-6966f96d65" duration="32.521µs"
2025-01-30 18:29:56,339 INFO c.h.h.t.HelmChartContainer - [K3S] [reconciler_common.go:251] "operationExecutor.VerifyControllerAttachedVolume started for volume \"kube-api-access-pn44r\" (UniqueName: \"kubernetes.io/projected/2f3f9aef-afed-4e4d-956c-f3493b7118eb-kube-api-access-pn44r\") pod \"hivemq-test-hivemq-platform-operator-6966f96d65-xtswf\" (UID: \"2f3f9aef-afed-4e4d-956c-f3493b7118eb\") " pod="helmvolumeclaimtemplatesit-operator/hivemq-test-hivemq-platform-operator-6966f96d65-xtswf"
2025-01-30 18:29:56,650 INFO c.h.h.t.HelmChartContainer - [EVENT] Normal [Pulled] Container image "docker.io/hivemq/hivemq-platform-operator-test:snapshot" already present on machine [helmvolumeclaimtemplatesit-operator:hivemq-test-hivemq-platform-operator-6966f96d65-xtswf]
2025-01-30 18:29:56,651 INFO c.h.h.t.HelmChartContainer - Received Pulled event for container hivemq-platform-operator in pod hivemq-test-hivemq-platform-operator-6966f96d65-xtswf [2f3f9aef-afed-4e4d-956c-f3493b7118eb]
2025-01-30 18:29:57,911 INFO c.h.h.t.HelmChartContainer - [EVENT] Normal [Created] Created container: hivemq-platform-operator [helmvolumeclaimtemplatesit-operator:hivemq-test-hivemq-platform-operator-6966f96d65-xtswf]
2025-01-30 18:29:57,912 INFO c.h.h.t.HelmChartContainer - Received Created event for container hivemq-platform-operator in pod hivemq-test-hivemq-platform-operator-6966f96d65-xtswf [2f3f9aef-afed-4e4d-956c-f3493b7118eb]
2025-01-30 18:29:58,351 INFO c.h.h.t.HelmChartContainer - [K3S] [replica_set.go:679] "Finished syncing" kind="ReplicaSet" key="helmvolumeclaimtemplatesit-operator/hivemq-test-hivemq-platform-operator-6966f96d65" duration="49.753µs"
2025-01-30 18:29:58,355 INFO c.h.h.t.HelmChartContainer - [POD] hivemq-test-hivemq-platform-operator-6966f96d65-xtswf [2f3f9aef-afed-4e4d-956c-f3493b7118eb] in helmvolumeclaimtemplatesit-operator was MODIFIED
2025-01-30 18:29:58,365 INFO c.h.h.t.HelmChartContainer - Started log watcher for hivemq-platform-operator in pod hivemq-test-hivemq-platform-operator-6966f96d65-xtswf [2f3f9aef-afed-4e4d-956c-f3493b7118eb]
2025-01-30 18:29:58,365 INFO c.h.h.t.HelmChartContainer - [EVENT] Normal [Started] Started container hivemq-platform-operator [helmvolumeclaimtemplatesit-operator:hivemq-test-hivemq-platform-operator-6966f96d65-xtswf]
2025-01-30 18:29:58,366 INFO c.h.h.t.HelmChartContainer - [hivemq-test-hivemq-platform] [hivemq-platform-operator] [2f3f9aef] -------------------------------------------------------------------------
2025-01-30 18:29:58,366 INFO c.h.h.t.HelmChartContainer - [hivemq-test-hivemq-platform] [hivemq-platform-operator] [2f3f9aef] 
2025-01-30 18:29:58,366 INFO c.h.h.t.HelmChartContainer - Received Started event for container hivemq-platform-operator in pod hivemq-test-hivemq-platform-operator-6966f96d65-xtswf [2f3f9aef-afed-4e4d-956c-f3493b7118eb]
2025-01-30 18:29:58,366 INFO c.h.h.t.HelmChartContainer - [hivemq-test-hivemq-platform] [hivemq-platform-operator] [2f3f9aef]                   _    _  _              __  __   ____
2025-01-30 18:29:58,366 INFO c.h.h.t.HelmChartContainer - [hivemq-test-hivemq-platform] [hivemq-platform-operator] [2f3f9aef]                  | |  | |(_)            |  \/  | / __ \
2025-01-30 18:29:58,366 INFO c.h.h.t.HelmChartContainer - [hivemq-test-hivemq-platform] [hivemq-platform-operator] [2f3f9aef]                  | |__| | _ __   __ ___ | \  / || |  | |
2025-01-30 18:29:58,366 INFO c.h.h.t.HelmChartContainer - [hivemq-test-hivemq-platform] [hivemq-platform-operator] [2f3f9aef]                  |  __  || |\ \ / // _ \| |\/| || |  | |
2025-01-30 18:29:58,366 INFO c.h.h.t.HelmChartContainer - [hivemq-test-hivemq-platform] [hivemq-platform-operator] [2f3f9aef]                  | |  | || | \ V /|  __/| |  | || |__| |
2025-01-30 18:29:58,366 INFO c.h.h.t.HelmChartContainer - [hivemq-test-hivemq-platform] [hivemq-platform-operator] [2f3f9aef]                  |_|  |_||_|  \_/  \___||_|  |_| \___\_\
2025-01-30 18:29:58,366 INFO c.h.h.t.HelmChartContainer - [hivemq-test-hivemq-platform] [hivemq-platform-operator] [2f3f9aef] 
2025-01-30 18:29:58,366 INFO c.h.h.t.HelmChartContainer - [hivemq-test-hivemq-platform] [hivemq-platform-operator] [2f3f9aef] -------------------------------------------------------------------------
2025-01-30 18:29:58,366 INFO c.h.h.t.HelmChartContainer - [hivemq-test-hivemq-platform] [hivemq-platform-operator] [2f3f9aef] 
2025-01-30 18:29:58,366 INFO c.h.h.t.HelmChartContainer - [hivemq-test-hivemq-platform] [hivemq-platform-operator] [2f3f9aef]   HiveMQ Platform Operator Start Script v1.0
2025-01-30 18:29:58,366 INFO c.h.h.t.HelmChartContainer - [hivemq-test-hivemq-platform] [hivemq-platform-operator] [2f3f9aef] 
2025-01-30 18:29:58,366 INFO c.h.h.t.HelmChartContainer - [hivemq-test-hivemq-platform] [hivemq-platform-operator] [2f3f9aef] -------------------------------------------------------------------------
2025-01-30 18:29:58,366 INFO c.h.h.t.HelmChartContainer - [hivemq-test-hivemq-platform] [hivemq-platform-operator] [2f3f9aef] 
2025-01-30 18:29:58,366 INFO c.h.h.t.HelmChartContainer - [hivemq-test-hivemq-platform] [hivemq-platform-operator] [2f3f9aef]   JAVA_OPTS: -XX:+UnlockExperimentalVMOptions -XX:InitialRAMPercentage=75 -XX:MaxRAMPercentage=75 -Duser.language=en -Duser.region=US
2025-01-30 18:29:58,366 INFO c.h.h.t.HelmChartContainer - [hivemq-test-hivemq-platform] [hivemq-platform-operator] [2f3f9aef] 
2025-01-30 18:29:58,366 INFO c.h.h.t.HelmChartContainer - [hivemq-test-hivemq-platform] [hivemq-platform-operator] [2f3f9aef]   JAVA_VERSION: 21
2025-01-30 18:29:58,366 INFO c.h.h.t.HelmChartContainer - [hivemq-test-hivemq-platform] [hivemq-platform-operator] [2f3f9aef] 
2025-01-30 18:29:58,366 INFO c.h.h.t.HelmChartContainer - [hivemq-test-hivemq-platform] [hivemq-platform-operator] [2f3f9aef] -------------------------------------------------------------------------
2025-01-30 18:29:58,366 INFO c.h.h.t.HelmChartContainer - [hivemq-test-hivemq-platform] [hivemq-platform-operator] [2f3f9aef] 
2025-01-30 18:30:01,267 INFO c.h.h.t.HelmChartContainer - [hivemq-test-hivemq-platform] [hivemq-platform-operator] [2f3f9aef] 18:30:01.250 [main] DEBUG org.jboss.logging - Logging Provider: org.jboss.logging.Slf4jLoggerProvider
2025-01-30 18:30:01,354 INFO c.h.h.t.HelmChartContainer - [hivemq-test-hivemq-platform] [hivemq-platform-operator] [2f3f9aef] 18:30:01.353 [main] DEBUG io.smallrye.config - SRCFG01006: Loaded ConfigSource SysPropConfigSource with ordinal 400
2025-01-30 18:30:01,354 INFO c.h.h.t.HelmChartContainer - [hivemq-test-hivemq-platform] [hivemq-platform-operator] [2f3f9aef] 18:30:01.354 [main] DEBUG io.smallrye.config - SRCFG01006: Loaded ConfigSource EnvConfigSource with ordinal 300
2025-01-30 18:30:01,355 INFO c.h.h.t.HelmChartContainer - [hivemq-test-hivemq-platform] [hivemq-platform-operator] [2f3f9aef] 18:30:01.354 [main] DEBUG io.smallrye.config - SRCFG01006: Loaded ConfigSource PropertiesConfigSource[source=jar:file:///opt/hivemq-platform-operator/bin/hivemq-platform-operator.jar!/hivemq-platform-operator.properties] with ordinal 100
2025-01-30 18:30:01,355 INFO c.h.h.t.HelmChartContainer - [hivemq-test-hivemq-platform] [hivemq-platform-operator] [2f3f9aef] 18:30:01.354 [main] DEBUG io.smallrye.config - SRCFG01006: Loaded ConfigSource DefaultValuesConfigSource with ordinal -2147483648
2025-01-30 18:30:01,476 INFO c.h.h.t.HelmChartContainer - [hivemq-test-hivemq-platform] [hivemq-platform-operator] [2f3f9aef] 18:30:01.475 [main] DEBUG i.m.c.u.i.l.InternalLoggerFactory - Using SLF4J as the default logging framework
2025-01-30 18:30:01,577 INFO c.h.h.t.HelmChartContainer - [hivemq-test-hivemq-platform] [hivemq-platform-operator] [2f3f9aef] 18:30:01.570 [main] INFO  c.h.p.o.HiveMQPlatformOperatorApplication - HiveMQ Platform Operator 1.7.0-SNAPSHOT (commit: 47e3375 on branch: HEAD) built on Thu Jan 30 03:55:50 UTC 2025
2025-01-30 18:30:01,577 INFO c.h.h.t.HelmChartContainer - [hivemq-test-hivemq-platform] [hivemq-platform-operator] [2f3f9aef] 18:30:01.576 [main] INFO  c.h.p.o.HiveMQPlatformOperatorApplication - HiveMQ Platform Operator is running in namespace: helmvolumeclaimtemplatesit-operator
2025-01-30 18:30:01,578 INFO c.h.h.t.HelmChartContainer - [hivemq-test-hivemq-platform] [hivemq-platform-operator] [2f3f9aef] 18:30:01.576 [main] INFO  c.h.p.o.HiveMQPlatformOperatorApplication - Watching all namespaces
2025-01-30 18:30:01,578 INFO c.h.h.t.HelmChartContainer - [hivemq-test-hivemq-platform] [hivemq-platform-operator] [2f3f9aef] 18:30:01.576 [main] INFO  c.h.p.o.HiveMQPlatformOperatorApplication - Log level: DEBUG
2025-01-30 18:30:01,578 INFO c.h.h.t.HelmChartContainer - [hivemq-test-hivemq-platform] [hivemq-platform-operator] [2f3f9aef] 18:30:01.576 [main] INFO  c.h.p.o.HiveMQPlatformOperatorApplication - Release name: test-hivemq-platform-operator
2025-01-30 18:30:01,578 INFO c.h.h.t.HelmChartContainer - [hivemq-test-hivemq-platform] [hivemq-platform-operator] [2f3f9aef] 18:30:01.576 [main] INFO  c.h.p.o.HiveMQPlatformOperatorApplication - HiveMQ Platform Operator Init image: docker.io/hivemq/hivemq-platform-operator-init-test:snapshot
2025-01-30 18:30:01,578 INFO c.h.h.t.HelmChartContainer - [hivemq-test-hivemq-platform] [hivemq-platform-operator] [2f3f9aef] 18:30:01.576 [main] INFO  c.h.p.o.HiveMQPlatformOperatorApplication - HiveMQ Platform Operator Init App update URL: http://hivemq-platform-operator-test-hivemq-platform-operator.helmvolumeclaimtemplatesit-operator.svc:8080/initAppUpdate/hivemq-platform-operator-init-app-1.7.0-SNAPSHOT.jar
2025-01-30 18:30:01,578 INFO c.h.h.t.HelmChartContainer - [hivemq-test-hivemq-platform] [hivemq-platform-operator] [2f3f9aef] 18:30:01.576 [main] INFO  c.h.p.o.HiveMQPlatformOperatorApplication - Additional imagePullSecret for all Platform deployments: none
2025-01-30 18:30:01,578 INFO c.h.h.t.HelmChartContainer - [hivemq-test-hivemq-platform] [hivemq-platform-operator] [2f3f9aef] 18:30:01.576 [main] INFO  c.h.p.o.HiveMQPlatformOperatorApplication - Apply HiveMQ Platform CRD: true
2025-01-30 18:30:01,578 INFO c.h.h.t.HelmChartContainer - [hivemq-test-hivemq-platform] [hivemq-platform-operator] [2f3f9aef] 18:30:01.576 [main] INFO  c.h.p.o.HiveMQPlatformOperatorApplication - Create Platform ServiceAccount: true
2025-01-30 18:30:01,578 INFO c.h.h.t.HelmChartContainer - [hivemq-test-hivemq-platform] [hivemq-platform-operator] [2f3f9aef] 18:30:01.576 [main] INFO  c.h.p.o.HiveMQPlatformOperatorApplication - Create Platform ServiceAccount permissions: true
2025-01-30 18:30:01,578 INFO c.h.h.t.HelmChartContainer - [hivemq-test-hivemq-platform] [hivemq-platform-operator] [2f3f9aef] 18:30:01.576 [main] INFO  c.h.p.o.HiveMQPlatformOperatorApplication - Validate Platform ServiceAccount: true
2025-01-30 18:30:01,578 INFO c.h.h.t.HelmChartContainer - [hivemq-test-hivemq-platform] [hivemq-platform-operator] [2f3f9aef] 18:30:01.576 [main] INFO  c.h.p.o.HiveMQPlatformOperatorApplication - Validate Platform ServiceAccount permissions: true
2025-01-30 18:30:01,770 INFO c.h.h.t.HelmChartContainer - [hivemq-test-hivemq-platform] [hivemq-platform-operator] [2f3f9aef] 18:30:01.768 [main] INFO  c.h.platform.operator.util.CRDUtil - Verifying deployed HiveMQ Platform CRD...
2025-01-30 18:30:04,069 INFO c.h.h.t.HelmChartContainer - [hivemq-test-hivemq-platform] [hivemq-platform-operator] [2f3f9aef] 18:30:04.067 [main] DEBUG c.h.platform.operator.util.CRDUtil - HiveMQ Platform CRD version v1 is up to date
2025-01-30 18:30:04,069 INFO c.h.h.t.HelmChartContainer - [hivemq-test-hivemq-platform] [hivemq-platform-operator] [2f3f9aef] 18:30:04.067 [main] INFO  c.h.platform.operator.util.CRDUtil - HiveMQ Platform CRD is up to date (version: V1_6_0)
2025-01-30 18:30:04,069 INFO c.h.h.t.HelmChartContainer - [hivemq-test-hivemq-platform] [hivemq-platform-operator] [2f3f9aef] 18:30:04.067 [main] INFO  c.h.platform.operator.util.CRDUtil - Waiting 10000 ms for HiveMQ Platform CRD 'hivemq-platforms.hivemq.com' to become ready...
2025-01-30 18:30:04,372 INFO c.h.h.t.HelmChartContainer - [hivemq-test-hivemq-platform] [hivemq-platform-operator] [2f3f9aef] 18:30:04.370 [vert.x-eventloop-thread-1] DEBUG c.h.platform.operator.util.CRDUtil - Checking CRD condition 'NamesAccepted' (status: 'True')
2025-01-30 18:30:04,373 INFO c.h.h.t.HelmChartContainer - [hivemq-test-hivemq-platform] [hivemq-platform-operator] [2f3f9aef] 18:30:04.371 [vert.x-eventloop-thread-1] DEBUG c.h.platform.operator.util.CRDUtil - Checking CRD condition 'Established' (status: 'True')
2025-01-30 18:30:04,374 INFO c.h.h.t.HelmChartContainer - [hivemq-test-hivemq-platform] [hivemq-platform-operator] [2f3f9aef] 18:30:04.373 [main] INFO  c.h.platform.operator.util.CRDUtil - HiveMQ Platform CRD 'hivemq-platforms.hivemq.com' is ready
2025-01-30 18:30:04,479 INFO c.h.h.t.HelmChartContainer - [hivemq-test-hivemq-platform] [hivemq-platform-operator] [2f3f9aef] 18:30:04.478 [main] INFO  c.h.p.o.HiveMQPlatformReconciler - HiveMQ Platform Operator is starting...
2025-01-30 18:30:04,572 INFO c.h.h.t.HelmChartContainer - [hivemq-test-hivemq-platform] [hivemq-platform-operator] [2f3f9aef] 18:30:04.571 [main] WARN  Default ConfigurationService implementation - Configuration for reconciler 'hivemq-controller' was not found. Known reconcilers: None.
2025-01-30 18:30:04,578 INFO c.h.h.t.HelmChartContainer - [hivemq-test-hivemq-platform] [hivemq-platform-operator] [2f3f9aef] 18:30:04.577 [main] INFO  Default ConfigurationService implementation - Created configuration for reconciler com.hivemq.platform.operator.HiveMQPlatformReconciler with name hivemq-controller
2025-01-30 18:30:04,681 INFO c.h.h.t.HelmChartContainer - [hivemq-test-hivemq-platform] [hivemq-platform-operator] [2f3f9aef] 18:30:04.681 [main] DEBUG c.h.p.o.HiveMQPlatformReconciler - HiveMQ Platform Operator is preparing EventSources
2025-01-30 18:30:04,751 INFO c.h.h.t.HelmChartContainer - [hivemq-test-hivemq-platform] [hivemq-platform-operator] [2f3f9aef] 18:30:04.750 [main] INFO  i.javaoperatorsdk.operator.Operator - Registered reconciler: 'hivemq-controller' for resource: 'class com.hivemq.platform.operator.v1.HiveMQPlatform' for namespace(s): [all namespaces]
2025-01-30 18:30:05,275 INFO c.h.h.t.HelmChartContainer - [hivemq-test-hivemq-platform] [hivemq-platform-operator] [2f3f9aef] 18:30:05.274 [main] INFO  c.h.p.operator.webserver.JettyServer - Starting Jetty server on port 8080
2025-01-30 18:30:05,374 INFO c.h.h.t.HelmChartContainer - [hivemq-test-hivemq-platform] [hivemq-platform-operator] [2f3f9aef] 18:30:05.372 [main] INFO  i.javaoperatorsdk.operator.Operator - Operator SDK 4.9.7 (commit: 2133d28) built on Wed Nov 20 12:56:20 UTC 2024 starting...
2025-01-30 18:30:05,374 INFO c.h.h.t.HelmChartContainer - [hivemq-test-hivemq-platform] [hivemq-platform-operator] [2f3f9aef] 18:30:05.372 [main] INFO  i.javaoperatorsdk.operator.Operator - Client version: 6.13.5
2025-01-30 18:30:05,375 INFO c.h.h.t.HelmChartContainer - [hivemq-test-hivemq-platform] [hivemq-platform-operator] [2f3f9aef] 18:30:05.374 [Controller Starter for: hivemq-controller] INFO  i.j.operator.processing.Controller - Starting 'hivemq-controller' controller for reconciler: com.hivemq.platform.operator.HiveMQPlatformReconciler, resource: com.hivemq.platform.operator.v1.HiveMQPlatform
2025-01-30 18:30:07,676 INFO c.h.h.t.HelmChartContainer - [hivemq-test-hivemq-platform] [hivemq-platform-operator] [2f3f9aef] 18:30:07.674 [Controller Starter for: hivemq-controller] INFO  i.j.operator.processing.Controller - 'hivemq-controller' controller started
2025-01-30 18:30:07,676 INFO c.h.h.t.HelmChartContainer - [hivemq-test-hivemq-platform] [hivemq-platform-operator] [2f3f9aef] 18:30:07.675 [main] INFO  c.h.p.o.HiveMQPlatformOperatorApplication - HiveMQ Platform Operator 1.7.0-SNAPSHOT started in 6104 ms
2025-01-30 18:30:09,360 INFO c.h.h.t.HelmChartContainer - [POD] hivemq-test-hivemq-platform-operator-6966f96d65-xtswf [2f3f9aef-afed-4e4d-956c-f3493b7118eb] in helmvolumeclaimtemplatesit-operator was MODIFIED
2025-01-30 18:30:09,366 INFO c.h.h.t.HelmChartContainer - [K3S] [replica_set.go:679] "Finished syncing" kind="ReplicaSet" key="helmvolumeclaimtemplatesit-operator/hivemq-test-hivemq-platform-operator-6966f96d65" duration="10.107443ms"
2025-01-30 18:30:09,366 INFO c.h.h.t.HelmChartContainer - [K3S] [replica_set.go:679] "Finished syncing" kind="ReplicaSet" key="helmvolumeclaimtemplatesit-operator/hivemq-test-hivemq-platform-operator-6966f96d65" duration="39.544µs"
2025-01-30 18:30:10,363 DEBUG c.h.h.t.HelmChartContainer - Executing helm command: /bin/helm --kubeconfig /etc/rancher/k3s/k3s.yaml install test-hivemq-platform /charts/hivemq-platform --wait --timeout 5m0s --set image.repository=docker.io/hivemq --set image.tag=4.36.0 --set image.pullPolicy=Never --set nodes.resources.cpu=512m -f /files/volumes-claim-templates-values.yaml --namespace helmvolumeclaimtemplatesit
2025-01-30 18:30:10,589 INFO c.h.h.t.HelmChartContainer - [hivemq-test-hivemq-platform] [hivemq-platform-operator] [2f3f9aef] 18:30:10.587 [-2082509879-pool-1-thread-2] WARN  i.m.p.PrometheusMeterRegistry - The meter (MeterId{name='operator.sdk.events.received', tags=[tag(action=ADDED),tag(event=ResourceEvent),tag(group=hivemq.com),tag(kind=HiveMQPlatform),tag(name=test-hivemq-platform),tag(namespace=helmvolumeclaimtemplatesit),tag(scope=namespace),tag(version=v1)]}) registration has failed: Prometheus requires that all meters with the same name have the same set of tag keys. There is already an existing meter named 'operator.sdk.events.received' containing tag keys [event, group, kind, name, namespace, scope, version]. The meter you are attempting to register has keys [action, event, group, kind, name, namespace, scope, version]. Note that subsequent logs will be logged at debug level.
2025-01-30 18:30:11,174 INFO c.h.h.t.HelmChartContainer - [hivemq-test-hivemq-platform] [hivemq-platform-operator] [2f3f9aef] 18:30:11.172 [pool-6-thread-3] DEBUG c.h.p.o.dependants.PodInfoConfigMap - [helmvolu] Desired PodInfo ConfigMap (1 extensions) (1 enabled)
2025-01-30 18:30:11,174 INFO c.h.h.t.HelmChartContainer - [hivemq-test-hivemq-platform] [hivemq-platform-operator] [2f3f9aef] 18:30:11.172 [pool-6-thread-3] DEBUG c.h.p.o.dependants.PodInfoConfigMap - [helmvolu] Desired PodInfo ConfigMap (metrics port: 9399) (metrics path: /)
2025-01-30 18:30:11,174 INFO c.h.h.t.HelmChartContainer - [hivemq-test-hivemq-platform] [hivemq-platform-operator] [2f3f9aef] 18:30:11.172 [pool-6-thread-3] DEBUG c.h.p.o.dependants.PodInfoConfigMap - [helmvolu] Desired PodInfo ConfigMap (extension state hash: -1817474005)
2025-01-30 18:30:11,174 INFO c.h.h.t.HelmChartContainer - [hivemq-test-hivemq-platform] [hivemq-platform-operator] [2f3f9aef] 18:30:11.174 [pool-6-thread-3] DEBUG c.h.p.o.dependants.PodInfoConfigMap - [helmvolu] Create PodInfo ConfigMap
2025-01-30 18:30:11,276 INFO c.h.h.t.HelmChartContainer - [hivemq-test-hivemq-platform] [hivemq-platform-operator] [2f3f9aef] 18:30:11.274 [pool-6-thread-5] DEBUG c.h.p.o.dependants.PodRoleResource - [helmvolu] Create Role: Role(apiVersion=rbac.authorization.k8s.io/v1, kind=Role, metadata=ObjectMeta(annotations={meta.helm.sh/release-name=test-hivemq-platform, meta.helm.sh/release-namespace=helmvolumeclaimtemplatesit}, creationTimestamp=null, deletionGracePeriodSeconds=null, deletionTimestamp=null, finalizers=[], generateName=null, generation=null, labels={helm.sh/chart=hivemq-platform-0.2.32, app.kubernetes.io/managed-by=Helm, app.kubernetes.io/name=hivemq-platform, hivemq-platform=test-hivemq-platform, app.kubernetes.io/instance=test-hivemq-platform, app.kubernetes.io/version=4.36.0}, managedFields=[], name=hivemq-platform-role-test-hivemq-platform, namespace=helmvolumeclaimtemplatesit, ownerReferences=[OwnerReference(apiVersion=hivemq.com/v1, blockOwnerDeletion=null, controller=null, kind=HiveMQPlatform, name=test-hivemq-platform, uid=ccd87cb5-72a3-4ebd-863b-6c2b309aff6c, additionalProperties={})], resourceVersion=null, selfLink=null, uid=null, additionalProperties={}), rules=[PolicyRule(apiGroups=[], nonResourceURLs=[], resourceNames=[], resources=[pods], verbs=[get, patch, update], additionalProperties={})], additionalProperties={})
2025-01-30 18:30:11,382 INFO c.h.h.t.HelmChartContainer - [hivemq-test-hivemq-platform] [hivemq-platform-operator] [2f3f9aef] 18:30:11.380 [pool-6-thread-7] DEBUG c.h.p.o.d.PodServiceAccountResource - [helmvolu] Desired PodServiceAccountResource (serviceAccountName: hivemq-platform-pod-test-hivemq-platform)
2025-01-30 18:30:11,383 INFO c.h.h.t.HelmChartContainer - [hivemq-test-hivemq-platform] [hivemq-platform-operator] [2f3f9aef] 18:30:11.381 [pool-6-thread-7] DEBUG c.h.p.o.d.PodServiceAccountResource - [helmvolu] Create ServiceAccount 'hivemq-platform-pod-test-hivemq-platform'
2025-01-30 18:30:11,570 INFO c.h.h.t.HelmChartContainer - [hivemq-test-hivemq-platform] [hivemq-platform-operator] [2f3f9aef] 18:30:11.569 [pool-6-thread-10] DEBUG c.h.p.o.d.PodRoleBindingResource - [helmvolu] Create RoleBinding: RoleBinding(apiVersion=rbac.authorization.k8s.io/v1, kind=RoleBinding, metadata=ObjectMeta(annotations={meta.helm.sh/release-name=test-hivemq-platform, meta.helm.sh/release-namespace=helmvolumeclaimtemplatesit}, creationTimestamp=null, deletionGracePeriodSeconds=null, deletionTimestamp=null, finalizers=[], generateName=null, generation=null, labels={helm.sh/chart=hivemq-platform-0.2.32, app.kubernetes.io/managed-by=Helm, app.kubernetes.io/name=hivemq-platform, hivemq-platform=test-hivemq-platform, app.kubernetes.io/instance=test-hivemq-platform, app.kubernetes.io/version=4.36.0}, managedFields=[], name=hivemq-platform-role-binding-test-hivemq-platform, namespace=helmvolumeclaimtemplatesit, ownerReferences=[OwnerReference(apiVersion=hivemq.com/v1, blockOwnerDeletion=null, controller=null, kind=HiveMQPlatform, name=test-hivemq-platform, uid=ccd87cb5-72a3-4ebd-863b-6c2b309aff6c, additionalProperties={})], resourceVersion=null, selfLink=null, uid=null, additionalProperties={}), roleRef=RoleRef(apiGroup=rbac.authorization.k8s.io, kind=Role, name=hivemq-platform-role-test-hivemq-platform, additionalProperties={}), subjects=[Subject(apiGroup=null, kind=ServiceAccount, name=hivemq-platform-pod-test-hivemq-platform, namespace=helmvolumeclaimtemplatesit, additionalProperties={})], additionalProperties={})
2025-01-30 18:30:11,589 INFO c.h.h.t.HelmChartContainer - [hivemq-test-hivemq-platform] [hivemq-platform-operator] [2f3f9aef] 18:30:11.588 [ReconcilerExecutor-hivemq-controller-53] INFO  c.h.p.o.HiveMQPlatformReconciler - [helmvolu] Reconciling HiveMQ Platform 'test-hivemq-platform' in namespace 'helmvolumeclaimtemplatesit'
2025-01-30 18:30:11,645 INFO c.h.h.t.HelmChartContainer - [hivemq-test-hivemq-platform] [hivemq-platform-operator] [2f3f9aef] 18:30:11.644 [ReconcilerExecutor-hivemq-controller-53] DEBUG c.h.p.o.HiveMQPlatformReconciler - [helmvolu] Custom Resource Status CREATED - HiveMQ Platform was created (READY)
2025-01-30 18:30:11,645 INFO c.h.h.t.HelmChartContainer - [hivemq-test-hivemq-platform] [hivemq-platform-operator] [2f3f9aef] 18:30:11.644 [ReconcilerExecutor-hivemq-controller-53] DEBUG c.h.p.o.HiveMQPlatformReconciler - [helmvolu] Custom Resource Spec (replicas: 2) (extensions: 1)
2025-01-30 18:30:11,670 INFO c.h.h.t.HelmChartContainer - [hivemq-test-hivemq-platform] [hivemq-platform-operator] [2f3f9aef] 18:30:11.669 [ReconcilerExecutor-hivemq-controller-53] INFO  c.h.p.o.h.HiveMQPlatformReconcilerBaseHandler - [helmvolu] HiveMQ Platform is starting
2025-01-30 18:30:11,772 INFO c.h.h.t.HelmChartContainer - [hivemq-test-hivemq-platform] [hivemq-platform-operator] [2f3f9aef] 18:30:11.771 [ReconcilerExecutor-hivemq-controller-53] DEBUG c.h.p.operator.event.EventSender - [helmvolu] Creating K8s event hivemq-platform-starting: [Start] HiveMQ Platform is starting
2025-01-30 18:30:11,780 INFO c.h.h.t.HelmChartContainer - [EVENT] Normal [Start] HiveMQ Platform is starting [helmvolumeclaimtemplatesit:test-hivemq-platform]
2025-01-30 18:30:11,785 INFO c.h.h.t.HelmChartContainer - [hivemq-test-hivemq-platform] [hivemq-platform-operator] [2f3f9aef] 18:30:11.784 [ReconcilerExecutor-hivemq-controller-53] INFO  c.h.p.o.h.AbstractHiveMQReconcilerStateHandler - [helmvolu] Update HiveMQ Platform Status (CREATED [READY] -> STARTING [READY]): HiveMQ Platform is starting
2025-01-30 18:30:11,875 DEBUG com.hivemq.helmcharts.util.K8sUtil - Comparing actual state 'STARTING' and waiting for 'RUNNING'
2025-01-30 18:30:21,890 INFO c.h.h.t.HelmChartContainer - [hivemq-test-hivemq-platform] [hivemq-platform-operator] [2f3f9aef] 18:30:21.886 [pool-6-thread-12] DEBUG c.h.p.o.d.PlatformServiceResource - [helmvolu] Desired Platform services (3 services)
2025-01-30 18:30:21,890 INFO c.h.h.t.HelmChartContainer - [hivemq-test-hivemq-platform] [hivemq-platform-operator] [2f3f9aef] 18:30:21.889 [pool-6-thread-17] DEBUG c.h.p.o.d.PodServiceAccountResource - [helmvolu] Desired PodServiceAccountResource (serviceAccountName: hivemq-platform-pod-test-hivemq-platform)
2025-01-30 18:30:21,893 INFO c.h.h.t.HelmChartContainer - [hivemq-test-hivemq-platform] [hivemq-platform-operator] [2f3f9aef] 18:30:21.892 [pool-6-thread-13] DEBUG c.h.p.o.dependants.PodInfoConfigMap - [helmvolu] Desired PodInfo ConfigMap (1 extensions) (1 enabled)
2025-01-30 18:30:21,894 INFO c.h.h.t.HelmChartContainer - [hivemq-test-hivemq-platform] [hivemq-platform-operator] [2f3f9aef] 18:30:21.892 [pool-6-thread-13] DEBUG c.h.p.o.dependants.PodInfoConfigMap - [helmvolu] Desired PodInfo ConfigMap (metrics port: 9399) (metrics path: /)
2025-01-30 18:30:21,896 INFO c.h.h.t.HelmChartContainer - [hivemq-test-hivemq-platform] [hivemq-platform-operator] [2f3f9aef] 18:30:21.892 [pool-6-thread-13] DEBUG c.h.p.o.dependants.PodInfoConfigMap - [helmvolu] Desired PodInfo ConfigMap (extension state hash: -1817474005)
2025-01-30 18:30:21,902 INFO c.h.h.t.HelmChartContainer - [K3S] [alloc.go:330] "allocated clusterIPs" service="helmvolumeclaimtemplatesit/hivemq-test-hivemq-platform-cc-8080" clusterIPs={"IPv4":"10.43.124.205"}
2025-01-30 18:30:21,972 INFO c.h.h.t.HelmChartContainer - [hivemq-test-hivemq-platform] [hivemq-platform-operator] [2f3f9aef] 18:30:21.971 [pool-6-thread-13] DEBUG c.h.p.o.dependants.PodInfoConfigMap - [helmvolu] Update PodInfo ConfigMap
2025-01-30 18:30:21,985 INFO c.h.h.t.HelmChartContainer - [K3S] [alloc.go:330] "allocated clusterIPs" service="helmvolumeclaimtemplatesit/hivemq-test-hivemq-platform-metrics-9399" clusterIPs={"IPv4":"10.43.149.60"}
2025-01-30 18:30:22,074 INFO c.h.h.t.HelmChartContainer - [K3S] [alloc.go:330] "allocated clusterIPs" service="helmvolumeclaimtemplatesit/hivemq-test-hivemq-platform-mqtt-1883" clusterIPs={"IPv4":"10.43.57.107"}
2025-01-30 18:30:22,090 INFO c.h.h.t.HelmChartContainer - [hivemq-test-hivemq-platform] [hivemq-platform-operator] [2f3f9aef] 18:30:22.089 [pool-6-thread-20] DEBUG c.h.p.o.d.StatefulSetResource - [helmvolu] Desired StatefulSet (2 replicas) for status STARTING (READY)
2025-01-30 18:30:22,173 INFO c.h.h.t.HelmChartContainer - [hivemq-test-hivemq-platform] [hivemq-platform-operator] [2f3f9aef] 18:30:22.172 [pool-6-thread-20] DEBUG c.h.p.o.d.StatefulSetResource - [helmvolu] Create StatefulSet
2025-01-30 18:30:22,199 INFO c.h.h.t.HelmChartContainer - [EVENT] Normal [SuccessfulCreate] create Claim hivemq-pvc-data-test-hivemq-platform-0 Pod test-hivemq-platform-0 in StatefulSet test-hivemq-platform success [helmvolumeclaimtemplatesit:test-hivemq-platform]
2025-01-30 18:30:22,200 INFO c.h.h.t.HelmChartContainer - [EVENT] Normal [WaitForFirstConsumer] waiting for first consumer to be created before binding [helmvolumeclaimtemplatesit:hivemq-pvc-data-test-hivemq-platform-0]
2025-01-30 18:30:22,202 INFO c.h.h.t.HelmChartContainer - [POD] test-hivemq-platform-0 [82e05549-2552-4c6e-b6f5-d6da92e287eb] in helmvolumeclaimtemplatesit was ADDED
2025-01-30 18:30:22,203 INFO c.h.h.t.HelmChartContainer - [EVENT] Normal [SuccessfulCreate] create Pod test-hivemq-platform-0 in StatefulSet test-hivemq-platform successful [helmvolumeclaimtemplatesit:test-hivemq-platform]
2025-01-30 18:30:22,209 INFO c.h.h.t.HelmChartContainer - [EVENT] Normal [ExternalProvisioning] Waiting for a volume to be created either by the external provisioner 'rancher.io/local-path' or manually by the system administrator. If volume creation is delayed, please verify that the provisioner is running and correctly registered. [helmvolumeclaimtemplatesit:hivemq-pvc-data-test-hivemq-platform-0]
2025-01-30 18:30:22,214 INFO c.h.h.t.HelmChartContainer - [EVENT] Normal [Provisioning] External provisioner is provisioning volume for claim "helmvolumeclaimtemplatesit/hivemq-pvc-data-test-hivemq-platform-0" [helmvolumeclaimtemplatesit:hivemq-pvc-data-test-hivemq-platform-0]
2025-01-30 18:30:22,214 INFO c.h.h.t.HelmChartContainer - [EVENT] Normal [ExternalProvisioning] Waiting for a volume to be created either by the external provisioner 'rancher.io/local-path' or manually by the system administrator. If volume creation is delayed, please verify that the provisioner is running and correctly registered. [helmvolumeclaimtemplatesit:hivemq-pvc-data-test-hivemq-platform-0]
2025-01-30 18:30:22,269 INFO c.h.h.t.HelmChartContainer - [hivemq-test-hivemq-platform] [hivemq-platform-operator] [2f3f9aef] 18:30:22.268 [ReconcilerExecutor-hivemq-controller-64] INFO  c.h.p.o.HiveMQPlatformReconciler - [helmvolu] Reconciling HiveMQ Platform 'test-hivemq-platform' in namespace 'helmvolumeclaimtemplatesit'
2025-01-30 18:30:22,273 INFO c.h.h.t.HelmChartContainer - [hivemq-test-hivemq-platform] [hivemq-platform-operator] [2f3f9aef] 18:30:22.268 [ReconcilerExecutor-hivemq-controller-64] DEBUG c.h.p.o.HiveMQPlatformReconciler - [helmvolu] Custom Resource Status STARTING - HiveMQ Platform is starting (READY)
2025-01-30 18:30:22,273 INFO c.h.h.t.HelmChartContainer - [hivemq-test-hivemq-platform] [hivemq-platform-operator] [2f3f9aef] 18:30:22.268 [ReconcilerExecutor-hivemq-controller-64] DEBUG c.h.p.o.HiveMQPlatformReconciler - [helmvolu] Custom Resource Spec (replicas: 2) (extensions: 1)
2025-01-30 18:30:22,279 INFO c.h.h.t.HelmChartContainer - [hivemq-test-hivemq-platform] [hivemq-platform-operator] [2f3f9aef] 18:30:22.276 [ReconcilerExecutor-hivemq-controller-64] DEBUG c.h.p.o.HiveMQPlatformReconciler - [helmvolu] StatefulSet Status (revision: null, replicas: 0, available: 0, ready: 0, current: 0, updated: 0)
2025-01-30 18:30:22,279 INFO c.h.h.t.HelmChartContainer - [hivemq-test-hivemq-platform] [hivemq-platform-operator] [2f3f9aef] 18:30:22.276 [ReconcilerExecutor-hivemq-controller-64] DEBUG c.h.p.o.HiveMQPlatformReconciler - [helmvolu] StatefulSet Spec (replicas: 2, init containers: 1, containers: 1, volumes: 4)
2025-01-30 18:30:22,302 INFO c.h.h.t.HelmChartContainer - [POD] helper-pod-create-pvc-6c859c0b-f580-49e5-904b-f080d6c5c3c3 [a66e2d55-d650-4fed-ac65-2fbeccc959a1] in kube-system was ADDED
2025-01-30 18:30:22,309 INFO c.h.h.t.HelmChartContainer - [POD] helper-pod-create-pvc-6c859c0b-f580-49e5-904b-f080d6c5c3c3 [a66e2d55-d650-4fed-ac65-2fbeccc959a1] in kube-system was MODIFIED
2025-01-30 18:30:22,370 INFO c.h.h.t.HelmChartContainer - [hivemq-test-hivemq-platform] [hivemq-platform-operator] [2f3f9aef] 18:30:22.369 [ReconcilerExecutor-hivemq-controller-64] DEBUG c.h.p.o.h.HiveMQPlatformReconcilerErrorHandler - [helmvolu] Pod 'test-hivemq-platform-0' phase Pending
2025-01-30 18:30:22,373 INFO c.h.h.t.HelmChartContainer - [hivemq-test-hivemq-platform] [hivemq-platform-operator] [2f3f9aef] 18:30:22.372 [ReconcilerExecutor-hivemq-controller-64] INFO  c.h.p.o.h.HiveMQPlatformReconcilerBaseHandler - [helmvolu] HiveMQ Platform is starting, 0 of 2 replicas are ready
2025-01-30 18:30:22,377 INFO c.h.h.t.HelmChartContainer - [hivemq-test-hivemq-platform] [hivemq-platform-operator] [2f3f9aef] 18:30:22.376 [pool-6-thread-22] DEBUG c.h.p.o.d.PlatformServiceResource - [helmvolu] Desired Platform services (3 services)
2025-01-30 18:30:22,379 INFO c.h.h.t.HelmChartContainer - [hivemq-test-hivemq-platform] [hivemq-platform-operator] [2f3f9aef] 18:30:22.378 [pool-6-thread-23] DEBUG c.h.p.o.dependants.PodInfoConfigMap - [helmvolu] Desired PodInfo ConfigMap (1 extensions) (1 enabled)
2025-01-30 18:30:22,379 INFO c.h.h.t.HelmChartContainer - [hivemq-test-hivemq-platform] [hivemq-platform-operator] [2f3f9aef] 18:30:22.378 [pool-6-thread-23] DEBUG c.h.p.o.dependants.PodInfoConfigMap - [helmvolu] Desired PodInfo ConfigMap (metrics port: 9399) (metrics path: /)
2025-01-30 18:30:22,379 INFO c.h.h.t.HelmChartContainer - [hivemq-test-hivemq-platform] [hivemq-platform-operator] [2f3f9aef] 18:30:22.378 [pool-6-thread-23] DEBUG c.h.p.o.dependants.PodInfoConfigMap - [helmvolu] Desired PodInfo ConfigMap (extension state hash: -1817474005)
2025-01-30 18:30:22,387 INFO c.h.h.t.HelmChartContainer - [K3S] [reconciler_common.go:251] "operationExecutor.VerifyControllerAttachedVolume started for volume \"script\" (UniqueName: \"kubernetes.io/configmap/a66e2d55-d650-4fed-ac65-2fbeccc959a1-script\") pod \"helper-pod-create-pvc-6c859c0b-f580-49e5-904b-f080d6c5c3c3\" (UID: \"a66e2d55-d650-4fed-ac65-2fbeccc959a1\") " pod="kube-system/helper-pod-create-pvc-6c859c0b-f580-49e5-904b-f080d6c5c3c3"
2025-01-30 18:30:22,387 INFO c.h.h.t.HelmChartContainer - [K3S] [reconciler_common.go:251] "operationExecutor.VerifyControllerAttachedVolume started for volume \"kube-api-access-6zm7w\" (UniqueName: \"kubernetes.io/projected/a66e2d55-d650-4fed-ac65-2fbeccc959a1-kube-api-access-6zm7w\") pod \"helper-pod-create-pvc-6c859c0b-f580-49e5-904b-f080d6c5c3c3\" (UID: \"a66e2d55-d650-4fed-ac65-2fbeccc959a1\") " pod="kube-system/helper-pod-create-pvc-6c859c0b-f580-49e5-904b-f080d6c5c3c3"
2025-01-30 18:30:22,387 INFO c.h.h.t.HelmChartContainer - [K3S] [reconciler_common.go:251] "operationExecutor.VerifyControllerAttachedVolume started for volume \"data\" (UniqueName: \"kubernetes.io/host-path/a66e2d55-d650-4fed-ac65-2fbeccc959a1-data\") pod \"helper-pod-create-pvc-6c859c0b-f580-49e5-904b-f080d6c5c3c3\" (UID: \"a66e2d55-d650-4fed-ac65-2fbeccc959a1\") " pod="kube-system/helper-pod-create-pvc-6c859c0b-f580-49e5-904b-f080d6c5c3c3"
2025-01-30 18:30:22,469 INFO c.h.h.t.HelmChartContainer - [hivemq-test-hivemq-platform] [hivemq-platform-operator] [2f3f9aef] 18:30:22.466 [pool-6-thread-27] DEBUG c.h.p.o.d.PodServiceAccountResource - [helmvolu] Desired PodServiceAccountResource (serviceAccountName: hivemq-platform-pod-test-hivemq-platform)
2025-01-30 18:30:22,475 INFO c.h.h.t.HelmChartContainer - [hivemq-test-hivemq-platform] [hivemq-platform-operator] [2f3f9aef] 18:30:22.474 [pool-6-thread-30] DEBUG c.h.p.o.d.StatefulSetResource - [helmvolu] Desired StatefulSet (2 replicas) for status STARTING (READY)
2025-01-30 18:30:22,546 INFO c.h.h.t.HelmChartContainer - [hivemq-test-hivemq-platform] [hivemq-platform-operator] [2f3f9aef] 18:30:22.544 [ReconcilerExecutor-hivemq-controller-75] INFO  c.h.p.o.HiveMQPlatformReconciler - [helmvolu] Reconciling HiveMQ Platform 'test-hivemq-platform' in namespace 'helmvolumeclaimtemplatesit'
2025-01-30 18:30:22,546 INFO c.h.h.t.HelmChartContainer - [hivemq-test-hivemq-platform] [hivemq-platform-operator] [2f3f9aef] 18:30:22.544 [ReconcilerExecutor-hivemq-controller-75] DEBUG c.h.p.o.HiveMQPlatformReconciler - [helmvolu] Custom Resource Status STARTING - HiveMQ Platform is starting (READY)
2025-01-30 18:30:22,546 INFO c.h.h.t.HelmChartContainer - [hivemq-test-hivemq-platform] [hivemq-platform-operator] [2f3f9aef] 18:30:22.544 [ReconcilerExecutor-hivemq-controller-75] DEBUG c.h.p.o.HiveMQPlatformReconciler - [helmvolu] Custom Resource Spec (replicas: 2) (extensions: 1)
2025-01-30 18:30:22,569 INFO c.h.h.t.HelmChartContainer - [hivemq-test-hivemq-platform] [hivemq-platform-operator] [2f3f9aef] 18:30:22.568 [ReconcilerExecutor-hivemq-controller-75] DEBUG c.h.p.o.HiveMQPlatformReconciler - [helmvolu] StatefulSet Status (revision: test-hivemq-platform-6c7bb94cbd, replicas: 1, available: 0, ready: 0, current: 1, updated: 1)
2025-01-30 18:30:22,569 INFO c.h.h.t.HelmChartContainer - [hivemq-test-hivemq-platform] [hivemq-platform-operator] [2f3f9aef] 18:30:22.568 [ReconcilerExecutor-hivemq-controller-75] DEBUG c.h.p.o.HiveMQPlatformReconciler - [helmvolu] StatefulSet Spec (replicas: 2, init containers: 1, containers: 1, volumes: 4)
2025-01-30 18:30:22,571 INFO c.h.h.t.HelmChartContainer - [hivemq-test-hivemq-platform] [hivemq-platform-operator] [2f3f9aef] 18:30:22.570 [ReconcilerExecutor-hivemq-controller-75] DEBUG c.h.p.o.h.HiveMQPlatformReconcilerErrorHandler - [helmvolu] Pod 'test-hivemq-platform-0' phase Pending
2025-01-30 18:30:22,572 INFO c.h.h.t.HelmChartContainer - [hivemq-test-hivemq-platform] [hivemq-platform-operator] [2f3f9aef] 18:30:22.571 [ReconcilerExecutor-hivemq-controller-75] INFO  c.h.p.o.h.HiveMQPlatformReconcilerBaseHandler - [helmvolu] HiveMQ Platform is starting, 0 of 2 replicas are ready
2025-01-30 18:30:23,381 INFO c.h.h.t.HelmChartContainer - [POD] helper-pod-create-pvc-6c859c0b-f580-49e5-904b-f080d6c5c3c3 [a66e2d55-d650-4fed-ac65-2fbeccc959a1] in kube-system was MODIFIED
2025-01-30 18:30:24,383 INFO c.h.h.t.HelmChartContainer - [POD] helper-pod-create-pvc-6c859c0b-f580-49e5-904b-f080d6c5c3c3 [a66e2d55-d650-4fed-ac65-2fbeccc959a1] in kube-system was MODIFIED
2025-01-30 18:30:25,444 INFO c.h.h.t.HelmChartContainer - [POD] helper-pod-create-pvc-6c859c0b-f580-49e5-904b-f080d6c5c3c3 [a66e2d55-d650-4fed-ac65-2fbeccc959a1] in kube-system was MODIFIED
2025-01-30 18:30:25,505 INFO c.h.h.t.HelmChartContainer - [K3S] [reconciler_common.go:162] "operationExecutor.UnmountVolume started for volume \"script\" (UniqueName: \"kubernetes.io/configmap/a66e2d55-d650-4fed-ac65-2fbeccc959a1-script\") pod \"a66e2d55-d650-4fed-ac65-2fbeccc959a1\" (UID: \"a66e2d55-d650-4fed-ac65-2fbeccc959a1\") "
2025-01-30 18:30:25,505 INFO c.h.h.t.HelmChartContainer - [K3S] [reconciler_common.go:162] "operationExecutor.UnmountVolume started for volume \"data\" (UniqueName: \"kubernetes.io/host-path/a66e2d55-d650-4fed-ac65-2fbeccc959a1-data\") pod \"a66e2d55-d650-4fed-ac65-2fbeccc959a1\" (UID: \"a66e2d55-d650-4fed-ac65-2fbeccc959a1\") "
2025-01-30 18:30:25,505 INFO c.h.h.t.HelmChartContainer - [K3S] [reconciler_common.go:162] "operationExecutor.UnmountVolume started for volume \"kube-api-access-6zm7w\" (UniqueName: \"kubernetes.io/projected/a66e2d55-d650-4fed-ac65-2fbeccc959a1-kube-api-access-6zm7w\") pod \"a66e2d55-d650-4fed-ac65-2fbeccc959a1\" (UID: \"a66e2d55-d650-4fed-ac65-2fbeccc959a1\") "
2025-01-30 18:30:25,605 INFO c.h.h.t.HelmChartContainer - [K3S] [reconciler_common.go:299] "Volume detached for volume \"script\" (UniqueName: \"kubernetes.io/configmap/a66e2d55-d650-4fed-ac65-2fbeccc959a1-script\") on node \"c1f759053570\" DevicePath \"\""
2025-01-30 18:30:25,605 INFO c.h.h.t.HelmChartContainer - [K3S] [reconciler_common.go:299] "Volume detached for volume \"data\" (UniqueName: \"kubernetes.io/host-path/a66e2d55-d650-4fed-ac65-2fbeccc959a1-data\") on node \"c1f759053570\" DevicePath \"\""
2025-01-30 18:30:25,605 INFO c.h.h.t.HelmChartContainer - [K3S] [reconciler_common.go:299] "Volume detached for volume \"kube-api-access-6zm7w\" (UniqueName: \"kubernetes.io/projected/a66e2d55-d650-4fed-ac65-2fbeccc959a1-kube-api-access-6zm7w\") on node \"c1f759053570\" DevicePath \"\""
2025-01-30 18:30:26,090 INFO c.h.h.t.HelmChartContainer - [EVENT] Normal [ExternalProvisioning] Waiting for a volume to be created either by the external provisioner 'rancher.io/local-path' or manually by the system administrator. If volume creation is delayed, please verify that the provisioner is running and correctly registered. [helmvolumeclaimtemplatesit:hivemq-pvc-data-test-hivemq-platform-0]
2025-01-30 18:30:26,320 INFO c.h.h.t.HelmChartContainer - [POD] helper-pod-create-pvc-6c859c0b-f580-49e5-904b-f080d6c5c3c3 [a66e2d55-d650-4fed-ac65-2fbeccc959a1] in kube-system was MODIFIED
2025-01-30 18:30:26,326 INFO c.h.h.t.HelmChartContainer - [POD] helper-pod-create-pvc-6c859c0b-f580-49e5-904b-f080d6c5c3c3 [a66e2d55-d650-4fed-ac65-2fbeccc959a1] in kube-system was DELETED
2025-01-30 18:30:26,329 INFO c.h.h.t.HelmChartContainer - [EVENT] Normal [ProvisioningSucceeded] Successfully provisioned volume pvc-6c859c0b-f580-49e5-904b-f080d6c5c3c3 [helmvolumeclaimtemplatesit:hivemq-pvc-data-test-hivemq-platform-0]
2025-01-30 18:30:26,380 INFO c.h.h.t.HelmChartContainer - [K3S] [pod_container_deletor.go:80] "Container not found in pod's containers" containerID="af99aa93f0e0d14935598e2afecd2751c9098f382bd5fa198ea29b7317c6927e"
2025-01-30 18:30:26,381 INFO c.h.h.t.HelmChartContainer - [K3S] [status_manager.go:890] "Failed to get status for pod" podUID="a66e2d55-d650-4fed-ac65-2fbeccc959a1" pod="kube-system/helper-pod-create-pvc-6c859c0b-f580-49e5-904b-f080d6c5c3c3" err="pods \"helper-pod-create-pvc-6c859c0b-f580-49e5-904b-f080d6c5c3c3\" is forbidden: User \"system:node:c1f759053570\" cannot get resource \"pods\" in API group \"\" in the namespace \"kube-system\": no relationship found between node 'c1f759053570' and this object"
2025-01-30 18:30:27,212 INFO c.h.h.t.HelmChartContainer - [EVENT] Normal [Scheduled] Successfully assigned helmvolumeclaimtemplatesit/test-hivemq-platform-0 to c1f759053570 [helmvolumeclaimtemplatesit:test-hivemq-platform-0]
2025-01-30 18:30:27,212 INFO c.h.h.t.HelmChartContainer - [K3S] [memory_manager.go:355] "RemoveStaleState removing state" podUID="a66e2d55-d650-4fed-ac65-2fbeccc959a1" containerName="helper-pod"
2025-01-30 18:30:27,213 INFO c.h.h.t.HelmChartContainer - [POD] test-hivemq-platform-0 [82e05549-2552-4c6e-b6f5-d6da92e287eb] in helmvolumeclaimtemplatesit was MODIFIED
2025-01-30 18:30:27,214 INFO c.h.h.t.HelmChartContainer - [K3S] [status_manager.go:890] "Failed to get status for pod" podUID="a66e2d55-d650-4fed-ac65-2fbeccc959a1" pod="kube-system/helper-pod-create-pvc-6c859c0b-f580-49e5-904b-f080d6c5c3c3" err="pods \"helper-pod-create-pvc-6c859c0b-f580-49e5-904b-f080d6c5c3c3\" is forbidden: User \"system:node:c1f759053570\" cannot get resource \"pods\" in API group \"\" in the namespace \"kube-system\": no relationship found between node 'c1f759053570' and this object"
2025-01-30 18:30:27,226 INFO c.h.h.t.HelmChartContainer - [hivemq-test-hivemq-platform] [hivemq-platform-operator] [2f3f9aef] 18:30:27.222 [pool-6-thread-32] DEBUG c.h.p.o.d.PlatformServiceResource - [helmvolu] Desired Platform services (3 services)
2025-01-30 18:30:27,226 INFO c.h.h.t.HelmChartContainer - [hivemq-test-hivemq-platform] [hivemq-platform-operator] [2f3f9aef] 18:30:27.223 [pool-6-thread-33] DEBUG c.h.p.o.dependants.PodInfoConfigMap - [helmvolu] Desired PodInfo ConfigMap (1 extensions) (1 enabled)
2025-01-30 18:30:27,230 INFO c.h.h.t.HelmChartContainer - [POD] test-hivemq-platform-0 [82e05549-2552-4c6e-b6f5-d6da92e287eb] in helmvolumeclaimtemplatesit was MODIFIED
2025-01-30 18:30:27,230 INFO c.h.h.t.HelmChartContainer - [hivemq-test-hivemq-platform] [hivemq-platform-operator] [2f3f9aef] 18:30:27.225 [pool-6-thread-33] DEBUG c.h.p.o.dependants.PodInfoConfigMap - [helmvolu] Desired PodInfo ConfigMap (metrics port: 9399) (metrics path: /)
2025-01-30 18:30:27,230 INFO c.h.h.t.HelmChartContainer - [hivemq-test-hivemq-platform] [hivemq-platform-operator] [2f3f9aef] 18:30:27.225 [pool-6-thread-33] DEBUG c.h.p.o.dependants.PodInfoConfigMap - [helmvolu] Desired PodInfo ConfigMap (extension state hash: -1817474005)
2025-01-30 18:30:27,269 INFO c.h.h.t.HelmChartContainer - [hivemq-test-hivemq-platform] [hivemq-platform-operator] [2f3f9aef] 18:30:27.267 [pool-6-thread-37] DEBUG c.h.p.o.d.PodServiceAccountResource - [helmvolu] Desired PodServiceAccountResource (serviceAccountName: hivemq-platform-pod-test-hivemq-platform)
2025-01-30 18:30:27,276 INFO c.h.h.t.HelmChartContainer - [hivemq-test-hivemq-platform] [hivemq-platform-operator] [2f3f9aef] 18:30:27.274 [pool-6-thread-40] DEBUG c.h.p.o.d.StatefulSetResource - [helmvolu] Desired StatefulSet (2 replicas) for status STARTING (READY)
2025-01-30 18:30:27,282 INFO c.h.h.t.HelmChartContainer - [hivemq-test-hivemq-platform] [hivemq-platform-operator] [2f3f9aef] 18:30:27.279 [ReconcilerExecutor-hivemq-controller-86] INFO  c.h.p.o.HiveMQPlatformReconciler - [helmvolu] Reconciling HiveMQ Platform 'test-hivemq-platform' in namespace 'helmvolumeclaimtemplatesit'
2025-01-30 18:30:27,282 INFO c.h.h.t.HelmChartContainer - [hivemq-test-hivemq-platform] [hivemq-platform-operator] [2f3f9aef] 18:30:27.280 [ReconcilerExecutor-hivemq-controller-86] DEBUG c.h.p.o.HiveMQPlatformReconciler - [helmvolu] Custom Resource Status STARTING - HiveMQ Platform is starting (READY)
2025-01-30 18:30:27,282 INFO c.h.h.t.HelmChartContainer - [hivemq-test-hivemq-platform] [hivemq-platform-operator] [2f3f9aef] 18:30:27.280 [ReconcilerExecutor-hivemq-controller-86] DEBUG c.h.p.o.HiveMQPlatformReconciler - [helmvolu] Custom Resource Spec (replicas: 2) (extensions: 1)
2025-01-30 18:30:27,283 INFO c.h.h.t.HelmChartContainer - [hivemq-test-hivemq-platform] [hivemq-platform-operator] [2f3f9aef] 18:30:27.282 [ReconcilerExecutor-hivemq-controller-86] DEBUG c.h.p.o.HiveMQPlatformReconciler - [helmvolu] StatefulSet Status (revision: test-hivemq-platform-6c7bb94cbd, replicas: 1, available: 0, ready: 0, current: 1, updated: 1)
2025-01-30 18:30:27,284 INFO c.h.h.t.HelmChartContainer - [hivemq-test-hivemq-platform] [hivemq-platform-operator] [2f3f9aef] 18:30:27.283 [ReconcilerExecutor-hivemq-controller-86] DEBUG c.h.p.o.HiveMQPlatformReconciler - [helmvolu] StatefulSet Spec (replicas: 2, init containers: 1, containers: 1, volumes: 4)
2025-01-30 18:30:27,288 INFO c.h.h.t.HelmChartContainer - [hivemq-test-hivemq-platform] [hivemq-platform-operator] [2f3f9aef] 18:30:27.287 [ReconcilerExecutor-hivemq-controller-86] DEBUG c.h.p.o.h.HiveMQPlatformReconcilerErrorHandler - [helmvolu] Pod 'test-hivemq-platform-0' phase Pending
2025-01-30 18:30:27,289 INFO c.h.h.t.HelmChartContainer - [hivemq-test-hivemq-platform] [hivemq-platform-operator] [2f3f9aef] 18:30:27.288 [ReconcilerExecutor-hivemq-controller-86] DEBUG c.h.p.o.h.HiveMQPlatformReconcilerErrorHandler - [helmvolu] Pod 'test-hivemq-platform-0' condition 'PodReadyToStartContainers': False
2025-01-30 18:30:27,289 INFO c.h.h.t.HelmChartContainer - [hivemq-test-hivemq-platform] [hivemq-platform-operator] [2f3f9aef] 18:30:27.288 [ReconcilerExecutor-hivemq-controller-86] DEBUG c.h.p.o.h.HiveMQPlatformReconcilerErrorHandler - [helmvolu] Pod 'test-hivemq-platform-0' condition 'Initialized': False
2025-01-30 18:30:27,289 INFO c.h.h.t.HelmChartContainer - [hivemq-test-hivemq-platform] [hivemq-platform-operator] [2f3f9aef] 18:30:27.288 [ReconcilerExecutor-hivemq-controller-86] DEBUG c.h.p.o.h.HiveMQPlatformReconcilerErrorHandler - [helmvolu] Pod 'test-hivemq-platform-0' condition 'Ready': False
2025-01-30 18:30:27,289 INFO c.h.h.t.HelmChartContainer - [hivemq-test-hivemq-platform] [hivemq-platform-operator] [2f3f9aef] 18:30:27.288 [ReconcilerExecutor-hivemq-controller-86] DEBUG c.h.p.o.h.HiveMQPlatformReconcilerErrorHandler - [helmvolu] Pod 'test-hivemq-platform-0' condition 'ContainersReady': False
2025-01-30 18:30:27,289 INFO c.h.h.t.HelmChartContainer - [hivemq-test-hivemq-platform] [hivemq-platform-operator] [2f3f9aef] 18:30:27.288 [ReconcilerExecutor-hivemq-controller-86] DEBUG c.h.p.o.h.HiveMQPlatformReconcilerErrorHandler - [helmvolu] Pod 'test-hivemq-platform-0' condition 'PodScheduled': True
2025-01-30 18:30:27,289 INFO c.h.h.t.HelmChartContainer - [hivemq-test-hivemq-platform] [hivemq-platform-operator] [2f3f9aef] 18:30:27.288 [ReconcilerExecutor-hivemq-controller-86] DEBUG c.h.p.o.h.HiveMQPlatformReconcilerErrorHandler - [helmvolu] Pod 'test-hivemq-platform-0' containerStatus 'hivemq' (started: false) (ready: false) (waiting: [PodInitializing] null)
2025-01-30 18:30:27,314 INFO c.h.h.t.HelmChartContainer - [K3S] [reconciler_common.go:251] "operationExecutor.VerifyControllerAttachedVolume started for volume \"operator-init\" (UniqueName: \"kubernetes.io/empty-dir/82e05549-2552-4c6e-b6f5-d6da92e287eb-operator-init\") pod \"test-hivemq-platform-0\" (UID: \"82e05549-2552-4c6e-b6f5-d6da92e287eb\") " pod="helmvolumeclaimtemplatesit/test-hivemq-platform-0"
2025-01-30 18:30:27,314 INFO c.h.h.t.HelmChartContainer - [K3S] [reconciler_common.go:251] "operationExecutor.VerifyControllerAttachedVolume started for volume \"pod-info\" (UniqueName: \"kubernetes.io/configmap/82e05549-2552-4c6e-b6f5-d6da92e287eb-pod-info\") pod \"test-hivemq-platform-0\" (UID: \"82e05549-2552-4c6e-b6f5-d6da92e287eb\") " pod="helmvolumeclaimtemplatesit/test-hivemq-platform-0"
2025-01-30 18:30:27,315 INFO c.h.h.t.HelmChartContainer - [K3S] [reconciler_common.go:251] "operationExecutor.VerifyControllerAttachedVolume started for volume \"kube-api-access-n9hsd\" (UniqueName: \"kubernetes.io/projected/82e05549-2552-4c6e-b6f5-d6da92e287eb-kube-api-access-n9hsd\") pod \"test-hivemq-platform-0\" (UID: \"82e05549-2552-4c6e-b6f5-d6da92e287eb\") " pod="helmvolumeclaimtemplatesit/test-hivemq-platform-0"
2025-01-30 18:30:27,315 INFO c.h.h.t.HelmChartContainer - [K3S] [reconciler_common.go:251] "operationExecutor.VerifyControllerAttachedVolume started for volume \"broker-configuration\" (UniqueName: \"kubernetes.io/configmap/82e05549-2552-4c6e-b6f5-d6da92e287eb-broker-configuration\") pod \"test-hivemq-platform-0\" (UID: \"82e05549-2552-4c6e-b6f5-d6da92e287eb\") " pod="helmvolumeclaimtemplatesit/test-hivemq-platform-0"
2025-01-30 18:30:27,315 INFO c.h.h.t.HelmChartContainer - [K3S] [reconciler_common.go:251] "operationExecutor.VerifyControllerAttachedVolume started for volume \"pvc-6c859c0b-f580-49e5-904b-f080d6c5c3c3\" (UniqueName: \"kubernetes.io/local-volume/pvc-6c859c0b-f580-49e5-904b-f080d6c5c3c3\") pod \"test-hivemq-platform-0\" (UID: \"82e05549-2552-4c6e-b6f5-d6da92e287eb\") " pod="helmvolumeclaimtemplatesit/test-hivemq-platform-0"
2025-01-30 18:30:27,369 INFO c.h.h.t.HelmChartContainer - [hivemq-test-hivemq-platform] [hivemq-platform-operator] [2f3f9aef] 18:30:27.368 [ReconcilerExecutor-hivemq-controller-86] INFO  c.h.p.o.h.HiveMQPlatformReconcilerBaseHandler - [helmvolu] HiveMQ Platform is starting, 0 of 2 replicas are ready
2025-01-30 18:30:27,374 INFO c.h.h.t.HelmChartContainer - [hivemq-test-hivemq-platform] [hivemq-platform-operator] [2f3f9aef] 18:30:27.374 [pool-6-thread-42] DEBUG c.h.p.o.d.PlatformServiceResource - [helmvolu] Desired Platform services (3 services)
2025-01-30 18:30:27,377 INFO c.h.h.t.HelmChartContainer - [hivemq-test-hivemq-platform] [hivemq-platform-operator] [2f3f9aef] 18:30:27.375 [pool-6-thread-43] DEBUG c.h.p.o.dependants.PodInfoConfigMap - [helmvolu] Desired PodInfo ConfigMap (1 extensions) (1 enabled)
2025-01-30 18:30:27,378 INFO c.h.h.t.HelmChartContainer - [hivemq-test-hivemq-platform] [hivemq-platform-operator] [2f3f9aef] 18:30:27.375 [pool-6-thread-43] DEBUG c.h.p.o.dependants.PodInfoConfigMap - [helmvolu] Desired PodInfo ConfigMap (metrics port: 9399) (metrics path: /)
2025-01-30 18:30:27,378 INFO c.h.h.t.HelmChartContainer - [hivemq-test-hivemq-platform] [hivemq-platform-operator] [2f3f9aef] 18:30:27.375 [pool-6-thread-43] DEBUG c.h.p.o.dependants.PodInfoConfigMap - [helmvolu] Desired PodInfo ConfigMap (extension state hash: -1817474005)
2025-01-30 18:30:27,383 INFO c.h.h.t.HelmChartContainer - [hivemq-test-hivemq-platform] [hivemq-platform-operator] [2f3f9aef] 18:30:27.381 [pool-6-thread-47] DEBUG c.h.p.o.d.PodServiceAccountResource - [helmvolu] Desired PodServiceAccountResource (serviceAccountName: hivemq-platform-pod-test-hivemq-platform)
2025-01-30 18:30:27,472 INFO c.h.h.t.HelmChartContainer - [hivemq-test-hivemq-platform] [hivemq-platform-operator] [2f3f9aef] 18:30:27.470 [pool-6-thread-50] DEBUG c.h.p.o.d.StatefulSetResource - [helmvolu] Desired StatefulSet (2 replicas) for status STARTING (READY)
2025-01-30 18:30:27,476 INFO c.h.h.t.HelmChartContainer - [hivemq-test-hivemq-platform] [hivemq-platform-operator] [2f3f9aef] 18:30:27.476 [ReconcilerExecutor-hivemq-controller-97] INFO  c.h.p.o.HiveMQPlatformReconciler - [helmvolu] Reconciling HiveMQ Platform 'test-hivemq-platform' in namespace 'helmvolumeclaimtemplatesit'
2025-01-30 18:30:27,477 INFO c.h.h.t.HelmChartContainer - [hivemq-test-hivemq-platform] [hivemq-platform-operator] [2f3f9aef] 18:30:27.477 [ReconcilerExecutor-hivemq-controller-97] DEBUG c.h.p.o.HiveMQPlatformReconciler - [helmvolu] Custom Resource Status STARTING - HiveMQ Platform is starting (READY)
2025-01-30 18:30:27,478 INFO c.h.h.t.HelmChartContainer - [hivemq-test-hivemq-platform] [hivemq-platform-operator] [2f3f9aef] 18:30:27.477 [ReconcilerExecutor-hivemq-controller-97] DEBUG c.h.p.o.HiveMQPlatformReconciler - [helmvolu] Custom Resource Spec (replicas: 2) (extensions: 1)
2025-01-30 18:30:27,480 INFO c.h.h.t.HelmChartContainer - [hivemq-test-hivemq-platform] [hivemq-platform-operator] [2f3f9aef] 18:30:27.479 [ReconcilerExecutor-hivemq-controller-97] DEBUG c.h.p.o.HiveMQPlatformReconciler - [helmvolu] StatefulSet Status (revision: test-hivemq-platform-6c7bb94cbd, replicas: 1, available: 0, ready: 0, current: 1, updated: 1)
2025-01-30 18:30:27,481 INFO c.h.h.t.HelmChartContainer - [hivemq-test-hivemq-platform] [hivemq-platform-operator] [2f3f9aef] 18:30:27.479 [ReconcilerExecutor-hivemq-controller-97] DEBUG c.h.p.o.HiveMQPlatformReconciler - [helmvolu] StatefulSet Spec (replicas: 2, init containers: 1, containers: 1, volumes: 4)
2025-01-30 18:30:27,484 INFO c.h.h.t.HelmChartContainer - [hivemq-test-hivemq-platform] [hivemq-platform-operator] [2f3f9aef] 18:30:27.482 [ReconcilerExecutor-hivemq-controller-97] DEBUG c.h.p.o.h.HiveMQPlatformReconcilerErrorHandler - [helmvolu] Pod 'test-hivemq-platform-0' phase Pending
2025-01-30 18:30:27,484 INFO c.h.h.t.HelmChartContainer - [hivemq-test-hivemq-platform] [hivemq-platform-operator] [2f3f9aef] 18:30:27.483 [ReconcilerExecutor-hivemq-controller-97] DEBUG c.h.p.o.h.HiveMQPlatformReconcilerErrorHandler - [helmvolu] Pod 'test-hivemq-platform-0' condition 'PodReadyToStartContainers': False
2025-01-30 18:30:27,484 INFO c.h.h.t.HelmChartContainer - [hivemq-test-hivemq-platform] [hivemq-platform-operator] [2f3f9aef] 18:30:27.483 [ReconcilerExecutor-hivemq-controller-97] DEBUG c.h.p.o.h.HiveMQPlatformReconcilerErrorHandler - [helmvolu] Pod 'test-hivemq-platform-0' condition 'Initialized': False
2025-01-30 18:30:27,484 INFO c.h.h.t.HelmChartContainer - [hivemq-test-hivemq-platform] [hivemq-platform-operator] [2f3f9aef] 18:30:27.483 [ReconcilerExecutor-hivemq-controller-97] DEBUG c.h.p.o.h.HiveMQPlatformReconcilerErrorHandler - [helmvolu] Pod 'test-hivemq-platform-0' condition 'Ready': False
2025-01-30 18:30:27,485 INFO c.h.h.t.HelmChartContainer - [hivemq-test-hivemq-platform] [hivemq-platform-operator] [2f3f9aef] 18:30:27.483 [ReconcilerExecutor-hivemq-controller-97] DEBUG c.h.p.o.h.HiveMQPlatformReconcilerErrorHandler - [helmvolu] Pod 'test-hivemq-platform-0' condition 'ContainersReady': False
2025-01-30 18:30:27,485 INFO c.h.h.t.HelmChartContainer - [hivemq-test-hivemq-platform] [hivemq-platform-operator] [2f3f9aef] 18:30:27.483 [ReconcilerExecutor-hivemq-controller-97] DEBUG c.h.p.o.h.HiveMQPlatformReconcilerErrorHandler - [helmvolu] Pod 'test-hivemq-platform-0' condition 'PodScheduled': True
2025-01-30 18:30:27,485 INFO c.h.h.t.HelmChartContainer - [hivemq-test-hivemq-platform] [hivemq-platform-operator] [2f3f9aef] 18:30:27.483 [ReconcilerExecutor-hivemq-controller-97] DEBUG c.h.p.o.h.HiveMQPlatformReconcilerErrorHandler - [helmvolu] Pod 'test-hivemq-platform-0' containerStatus 'hivemq' (started: false) (ready: false) (waiting: [PodInitializing] null)
2025-01-30 18:30:27,569 INFO c.h.h.t.HelmChartContainer - [hivemq-test-hivemq-platform] [hivemq-platform-operator] [2f3f9aef] 18:30:27.568 [ReconcilerExecutor-hivemq-controller-97] INFO  c.h.p.o.h.HiveMQPlatformReconcilerBaseHandler - [helmvolu] HiveMQ Platform is starting, 0 of 2 replicas are ready
2025-01-30 18:30:27,596 INFO c.h.h.t.HelmChartContainer - [EVENT] Normal [Pulled] Container image "docker.io/hivemq/hivemq-platform-operator-init-test:snapshot" already present on machine [helmvolumeclaimtemplatesit:test-hivemq-platform-0]
2025-01-30 18:30:27,748 INFO c.h.h.t.HelmChartContainer - [EVENT] Normal [Created] Created container: hivemq-platform-operator-init [helmvolumeclaimtemplatesit:test-hivemq-platform-0]
2025-01-30 18:30:27,796 INFO c.h.h.t.HelmChartContainer - [EVENT] Normal [Started] Started container hivemq-platform-operator-init [helmvolumeclaimtemplatesit:test-hivemq-platform-0]
2025-01-30 18:30:28,126 INFO c.h.h.t.HelmChartContainer - [K3S] [kubelet_volumes.go:163] "Cleaned up orphaned pod volumes dir" podUID="a66e2d55-d650-4fed-ac65-2fbeccc959a1" path="/var/lib/kubelet/pods/a66e2d55-d650-4fed-ac65-2fbeccc959a1/volumes"
2025-01-30 18:30:28,388 INFO c.h.h.t.HelmChartContainer - [EVENT] Normal [Pulled] Container image "docker.io/hivemq/hivemq4:4.36.0" already present on machine [helmvolumeclaimtemplatesit:test-hivemq-platform-0]
2025-01-30 18:30:28,389 INFO c.h.h.t.HelmChartContainer - Received Pulled event for container hivemq in pod test-hivemq-platform-0 [82e05549-2552-4c6e-b6f5-d6da92e287eb]
2025-01-30 18:30:28,397 INFO c.h.h.t.HelmChartContainer - [POD] test-hivemq-platform-0 [82e05549-2552-4c6e-b6f5-d6da92e287eb] in helmvolumeclaimtemplatesit was MODIFIED
2025-01-30 18:30:28,417 INFO c.h.h.t.HelmChartContainer - [hivemq-test-hivemq-platform] [hivemq-platform-operator] [2f3f9aef] 18:30:28.412 [pool-6-thread-9] DEBUG c.h.p.o.dependants.PodInfoConfigMap - [helmvolu] Desired PodInfo ConfigMap (1 extensions) (1 enabled)
2025-01-30 18:30:28,417 INFO c.h.h.t.HelmChartContainer - [hivemq-test-hivemq-platform] [hivemq-platform-operator] [2f3f9aef] 18:30:28.413 [pool-6-thread-9] DEBUG c.h.p.o.dependants.PodInfoConfigMap - [helmvolu] Desired PodInfo ConfigMap (metrics port: 9399) (metrics path: /)
2025-01-30 18:30:28,417 INFO c.h.h.t.HelmChartContainer - [hivemq-test-hivemq-platform] [hivemq-platform-operator] [2f3f9aef] 18:30:28.413 [pool-6-thread-9] DEBUG c.h.p.o.dependants.PodInfoConfigMap - [helmvolu] Desired PodInfo ConfigMap (extension state hash: -1817474005)
2025-01-30 18:30:28,417 INFO c.h.h.t.HelmChartContainer - [hivemq-test-hivemq-platform] [hivemq-platform-operator] [2f3f9aef] 18:30:28.411 [pool-6-thread-8] DEBUG c.h.p.o.d.PlatformServiceResource - [helmvolu] Desired Platform services (3 services)
2025-01-30 18:30:28,422 INFO c.h.h.t.HelmChartContainer - [hivemq-test-hivemq-platform] [hivemq-platform-operator] [2f3f9aef] 18:30:28.419 [pool-6-thread-3] DEBUG c.h.p.o.d.PodServiceAccountResource - [helmvolu] Desired PodServiceAccountResource (serviceAccountName: hivemq-platform-pod-test-hivemq-platform)
2025-01-30 18:30:28,468 INFO c.h.h.t.HelmChartContainer - [hivemq-test-hivemq-platform] [hivemq-platform-operator] [2f3f9aef] 18:30:28.466 [pool-6-thread-8] DEBUG c.h.p.o.d.StatefulSetResource - [helmvolu] Desired StatefulSet (2 replicas) for status STARTING (READY)
2025-01-30 18:30:28,474 INFO c.h.h.t.HelmChartContainer - [hivemq-test-hivemq-platform] [hivemq-platform-operator] [2f3f9aef] 18:30:28.472 [ReconcilerExecutor-hivemq-controller-108] INFO  c.h.p.o.HiveMQPlatformReconciler - [helmvolu] Reconciling HiveMQ Platform 'test-hivemq-platform' in namespace 'helmvolumeclaimtemplatesit'
2025-01-30 18:30:28,475 INFO c.h.h.t.HelmChartContainer - [hivemq-test-hivemq-platform] [hivemq-platform-operator] [2f3f9aef] 18:30:28.473 [ReconcilerExecutor-hivemq-controller-108] DEBUG c.h.p.o.HiveMQPlatformReconciler - [helmvolu] Custom Resource Status STARTING - HiveMQ Platform is starting (READY)
2025-01-30 18:30:28,477 INFO c.h.h.t.HelmChartContainer - [hivemq-test-hivemq-platform] [hivemq-platform-operator] [2f3f9aef] 18:30:28.473 [ReconcilerExecutor-hivemq-controller-108] DEBUG c.h.p.o.HiveMQPlatformReconciler - [helmvolu] Custom Resource Spec (replicas: 2) (extensions: 1)
2025-01-30 18:30:28,478 INFO c.h.h.t.HelmChartContainer - [hivemq-test-hivemq-platform] [hivemq-platform-operator] [2f3f9aef] 18:30:28.477 [ReconcilerExecutor-hivemq-controller-108] DEBUG c.h.p.o.HiveMQPlatformReconciler - [helmvolu] StatefulSet Status (revision: test-hivemq-platform-6c7bb94cbd, replicas: 1, available: 0, ready: 0, current: 1, updated: 1)
2025-01-30 18:30:28,480 INFO c.h.h.t.HelmChartContainer - [hivemq-test-hivemq-platform] [hivemq-platform-operator] [2f3f9aef] 18:30:28.477 [ReconcilerExecutor-hivemq-controller-108] DEBUG c.h.p.o.HiveMQPlatformReconciler - [helmvolu] StatefulSet Spec (replicas: 2, init containers: 1, containers: 1, volumes: 4)
2025-01-30 18:30:28,491 INFO c.h.h.t.HelmChartContainer - [hivemq-test-hivemq-platform] [hivemq-platform-operator] [2f3f9aef] 18:30:28.488 [ReconcilerExecutor-hivemq-controller-108] DEBUG c.h.p.o.h.HiveMQPlatformReconcilerErrorHandler - [helmvolu] Pod 'test-hivemq-platform-0' phase Pending
2025-01-30 18:30:28,492 INFO c.h.h.t.HelmChartContainer - [hivemq-test-hivemq-platform] [hivemq-platform-operator] [2f3f9aef] 18:30:28.489 [ReconcilerExecutor-hivemq-controller-108] DEBUG c.h.p.o.h.HiveMQPlatformReconcilerErrorHandler - [helmvolu] Pod 'test-hivemq-platform-0' condition 'PodReadyToStartContainers': True
2025-01-30 18:30:28,492 INFO c.h.h.t.HelmChartContainer - [hivemq-test-hivemq-platform] [hivemq-platform-operator] [2f3f9aef] 18:30:28.489 [ReconcilerExecutor-hivemq-controller-108] DEBUG c.h.p.o.h.HiveMQPlatformReconcilerErrorHandler - [helmvolu] Pod 'test-hivemq-platform-0' condition 'Initialized': True
2025-01-30 18:30:28,492 INFO c.h.h.t.HelmChartContainer - [hivemq-test-hivemq-platform] [hivemq-platform-operator] [2f3f9aef] 18:30:28.489 [ReconcilerExecutor-hivemq-controller-108] DEBUG c.h.p.o.h.HiveMQPlatformReconcilerErrorHandler - [helmvolu] Pod 'test-hivemq-platform-0' condition 'Ready': False
2025-01-30 18:30:28,492 INFO c.h.h.t.HelmChartContainer - [hivemq-test-hivemq-platform] [hivemq-platform-operator] [2f3f9aef] 18:30:28.489 [ReconcilerExecutor-hivemq-controller-108] DEBUG c.h.p.o.h.HiveMQPlatformReconcilerErrorHandler - [helmvolu] Pod 'test-hivemq-platform-0' condition 'ContainersReady': False
2025-01-30 18:30:28,492 INFO c.h.h.t.HelmChartContainer - [hivemq-test-hivemq-platform] [hivemq-platform-operator] [2f3f9aef] 18:30:28.489 [ReconcilerExecutor-hivemq-controller-108] DEBUG c.h.p.o.h.HiveMQPlatformReconcilerErrorHandler - [helmvolu] Pod 'test-hivemq-platform-0' condition 'PodScheduled': True
2025-01-30 18:30:28,492 INFO c.h.h.t.HelmChartContainer - [hivemq-test-hivemq-platform] [hivemq-platform-operator] [2f3f9aef] 18:30:28.489 [ReconcilerExecutor-hivemq-controller-108] DEBUG c.h.p.o.h.HiveMQPlatformReconcilerErrorHandler - [helmvolu] Pod 'test-hivemq-platform-0' containerStatus 'hivemq' (started: false) (ready: false) (waiting: [PodInitializing] null)
2025-01-30 18:30:28,492 INFO c.h.h.t.HelmChartContainer - [hivemq-test-hivemq-platform] [hivemq-platform-operator] [2f3f9aef] 18:30:28.490 [ReconcilerExecutor-hivemq-controller-108] INFO  c.h.p.o.h.HiveMQPlatformReconcilerBaseHandler - [helmvolu] HiveMQ Platform is starting, 0 of 2 replicas are ready
2025-01-30 18:30:29,806 INFO c.h.h.t.HelmChartContainer - [EVENT] Normal [Created] Created container: hivemq [helmvolumeclaimtemplatesit:test-hivemq-platform-0]
2025-01-30 18:30:29,806 INFO c.h.h.t.HelmChartContainer - Received Created event for container hivemq in pod test-hivemq-platform-0 [82e05549-2552-4c6e-b6f5-d6da92e287eb]
2025-01-30 18:30:30,404 INFO c.h.h.t.HelmChartContainer - [POD] test-hivemq-platform-0 [82e05549-2552-4c6e-b6f5-d6da92e287eb] in helmvolumeclaimtemplatesit was MODIFIED
2025-01-30 18:30:30,416 INFO c.h.h.t.HelmChartContainer - [EVENT] Normal [Started] Started container hivemq [helmvolumeclaimtemplatesit:test-hivemq-platform-0]
2025-01-30 18:30:30,416 INFO c.h.h.t.HelmChartContainer - Received Started event for container hivemq in pod test-hivemq-platform-0 [82e05549-2552-4c6e-b6f5-d6da92e287eb]
2025-01-30 18:30:30,417 INFO c.h.h.t.HelmChartContainer - Started log watcher for hivemq in pod test-hivemq-platform-0 [82e05549-2552-4c6e-b6f5-d6da92e287eb]
2025-01-30 18:30:30,417 INFO c.h.h.t.HelmChartContainer - [test-hivemq-platform] [hivemq] [82e05549] Adding pre-installed HiveMQ Platform Operator extensions
2025-01-30 18:30:30,417 INFO c.h.h.t.HelmChartContainer - [test-hivemq-platform] [hivemq] [82e05549] Running as user 10000
2025-01-30 18:30:30,417 INFO c.h.h.t.HelmChartContainer - [test-hivemq-platform] [hivemq] [82e05549] Starting HiveMQ Platform Operator Init
2025-01-30 18:30:30,421 INFO c.h.h.t.HelmChartContainer - [hivemq-test-hivemq-platform] [hivemq-platform-operator] [2f3f9aef] 18:30:30.418 [pool-6-thread-15] DEBUG c.h.p.o.d.PlatformServiceResource - [helmvolu] Desired Platform services (3 services)
2025-01-30 18:30:30,424 INFO c.h.h.t.HelmChartContainer - [hivemq-test-hivemq-platform] [hivemq-platform-operator] [2f3f9aef] 18:30:30.422 [pool-6-thread-17] DEBUG c.h.p.o.dependants.PodInfoConfigMap - [helmvolu] Desired PodInfo ConfigMap (1 extensions) (1 enabled)
2025-01-30 18:30:30,427 INFO c.h.h.t.HelmChartContainer - [hivemq-test-hivemq-platform] [hivemq-platform-operator] [2f3f9aef] 18:30:30.423 [pool-6-thread-17] DEBUG c.h.p.o.dependants.PodInfoConfigMap - [helmvolu] Desired PodInfo ConfigMap (metrics port: 9399) (metrics path: /)
2025-01-30 18:30:30,427 INFO c.h.h.t.HelmChartContainer - [hivemq-test-hivemq-platform] [hivemq-platform-operator] [2f3f9aef] 18:30:30.423 [pool-6-thread-17] DEBUG c.h.p.o.dependants.PodInfoConfigMap - [helmvolu] Desired PodInfo ConfigMap (extension state hash: -1817474005)
2025-01-30 18:30:30,429 INFO c.h.h.t.HelmChartContainer - [hivemq-test-hivemq-platform] [hivemq-platform-operator] [2f3f9aef] 18:30:30.425 [pool-6-thread-19] DEBUG c.h.p.o.d.PodServiceAccountResource - [helmvolu] Desired PodServiceAccountResource (serviceAccountName: hivemq-platform-pod-test-hivemq-platform)
2025-01-30 18:30:30,435 INFO c.h.h.t.HelmChartContainer - [hivemq-test-hivemq-platform] [hivemq-platform-operator] [2f3f9aef] 18:30:30.434 [pool-6-thread-15] DEBUG c.h.p.o.d.StatefulSetResource - [helmvolu] Desired StatefulSet (2 replicas) for status STARTING (READY)
2025-01-30 18:30:30,472 INFO c.h.h.t.HelmChartContainer - [hivemq-test-hivemq-platform] [hivemq-platform-operator] [2f3f9aef] 18:30:30.470 [ReconcilerExecutor-hivemq-controller-109] INFO  c.h.p.o.HiveMQPlatformReconciler - [helmvolu] Reconciling HiveMQ Platform 'test-hivemq-platform' in namespace 'helmvolumeclaimtemplatesit'
2025-01-30 18:30:30,474 INFO c.h.h.t.HelmChartContainer - [hivemq-test-hivemq-platform] [hivemq-platform-operator] [2f3f9aef] 18:30:30.471 [ReconcilerExecutor-hivemq-controller-109] DEBUG c.h.p.o.HiveMQPlatformReconciler - [helmvolu] Custom Resource Status STARTING - HiveMQ Platform is starting (READY)
2025-01-30 18:30:30,474 INFO c.h.h.t.HelmChartContainer - [hivemq-test-hivemq-platform] [hivemq-platform-operator] [2f3f9aef] 18:30:30.471 [ReconcilerExecutor-hivemq-controller-109] DEBUG c.h.p.o.HiveMQPlatformReconciler - [helmvolu] Custom Resource Spec (replicas: 2) (extensions: 1)
2025-01-30 18:30:30,474 INFO c.h.h.t.HelmChartContainer - [hivemq-test-hivemq-platform] [hivemq-platform-operator] [2f3f9aef] 18:30:30.473 [ReconcilerExecutor-hivemq-controller-109] DEBUG c.h.p.o.HiveMQPlatformReconciler - [helmvolu] StatefulSet Status (revision: test-hivemq-platform-6c7bb94cbd, replicas: 1, available: 0, ready: 0, current: 1, updated: 1)
2025-01-30 18:30:30,475 INFO c.h.h.t.HelmChartContainer - [hivemq-test-hivemq-platform] [hivemq-platform-operator] [2f3f9aef] 18:30:30.473 [ReconcilerExecutor-hivemq-controller-109] DEBUG c.h.p.o.HiveMQPlatformReconciler - [helmvolu] StatefulSet Spec (replicas: 2, init containers: 1, containers: 1, volumes: 4)
2025-01-30 18:30:30,478 INFO c.h.h.t.HelmChartContainer - [hivemq-test-hivemq-platform] [hivemq-platform-operator] [2f3f9aef] 18:30:30.477 [ReconcilerExecutor-hivemq-controller-109] DEBUG c.h.p.o.h.HiveMQPlatformReconcilerErrorHandler - [helmvolu] Pod 'test-hivemq-platform-0' phase Running
2025-01-30 18:30:30,479 INFO c.h.h.t.HelmChartContainer - [hivemq-test-hivemq-platform] [hivemq-platform-operator] [2f3f9aef] 18:30:30.477 [ReconcilerExecutor-hivemq-controller-109] INFO  c.h.p.o.h.HiveMQPlatformReconcilerBaseHandler - [helmvolu] HiveMQ Platform is starting, 0 of 2 replicas are ready
2025-01-30 18:30:30,994 INFO c.h.h.t.HelmChartContainer - [test-hivemq-platform] [hivemq] [82e05549] INFO  - [HiveMQ Platform Operator Init 1.7.0-SNAPSHOT] HiveMQ Platform Operator Init 1.7.0-SNAPSHOT (commit: 47e3375 on branch: HEAD) built on Thu Jan 30 03:55:50 UTC 2025
2025-01-30 18:30:32,180 INFO c.h.h.t.HelmChartContainer - [test-hivemq-platform] [hivemq] [82e05549] INFO  - [HiveMQ Platform Operator Init App 1.7.0-SNAPSHOT] Using bind address 10.42.0.11 from environment variable
2025-01-30 18:30:33,098 INFO c.h.h.t.HelmChartContainer - [test-hivemq-platform] [hivemq] [82e05549] INFO  - [HiveMQ Platform Operator Init App 1.7.0-SNAPSHOT] HiveMQ Platform Operator Init App 1.7.0-SNAPSHOT (commit: 47e3375 on branch: HEAD) built on Thu Jan 30 03:55:50 UTC 2025
2025-01-30 18:30:33,100 INFO c.h.h.t.HelmChartContainer - [test-hivemq-platform] [hivemq] [82e05549] INFO  - [HiveMQ Platform Operator Init App 1.7.0-SNAPSHOT] PodInfo ConfigMap directory: /etc/podinfo
2025-01-30 18:30:33,100 INFO c.h.h.t.HelmChartContainer - [test-hivemq-platform] [hivemq] [82e05549] INFO  - [HiveMQ Platform Operator Init App 1.7.0-SNAPSHOT] HiveMQ home directory: /opt/hivemq
2025-01-30 18:30:33,100 INFO c.h.h.t.HelmChartContainer - [test-hivemq-platform] [hivemq] [82e05549] INFO  - [HiveMQ Platform Operator Init App 1.7.0-SNAPSHOT] HiveMQ Logback folder: /opt/hivemq/conf
2025-01-30 18:30:33,100 INFO c.h.h.t.HelmChartContainer - [test-hivemq-platform] [hivemq] [82e05549] INFO  - [HiveMQ Platform Operator Init App 1.7.0-SNAPSHOT] HiveMQ Config folder: /opt/hivemq/conf-k8s
2025-01-30 18:30:33,100 INFO c.h.h.t.HelmChartContainer - [test-hivemq-platform] [hivemq] [82e05549] INFO  - [HiveMQ Platform Operator Init App 1.7.0-SNAPSHOT] Starting HiveMQ Platform Operator Init App
2025-01-30 18:30:33,100 INFO c.h.h.t.HelmChartContainer - [test-hivemq-platform] [hivemq] [82e05549] INFO  - [HiveMQ Platform Operator Init App 1.7.0-SNAPSHOT] Starting Pod reconciler
2025-01-30 18:30:34,290 INFO c.h.h.t.HelmChartContainer - [test-hivemq-platform] [hivemq] [82e05549] INFO  - [HiveMQ Platform Operator Init App 1.7.0-SNAPSHOT] Pod reconciler is scheduled (interval: 5000 ms)
2025-01-30 18:30:34,291 INFO c.h.h.t.HelmChartContainer - [test-hivemq-platform] [hivemq] [82e05549] INFO  - [HiveMQ Platform Operator Init App 1.7.0-SNAPSHOT] Starting the REST API on 10.42.0.11:7979
2025-01-30 18:30:34,293 INFO c.h.h.t.HelmChartContainer - [test-hivemq-platform] [hivemq] [82e05549] INFO  - [HiveMQ Platform Operator Init App 1.7.0-SNAPSHOT] Waiting up to 600s for at most 2 HiveMQ nodes in cluster service hivemq-test-hivemq-platform-cluster.helmvolumeclaimtemplatesit.svc
2025-01-30 18:30:34,604 INFO c.h.h.t.HelmChartContainer - [test-hivemq-platform] [hivemq] [82e05549] INFO  - [HiveMQ Platform Operator Init App 1.7.0-SNAPSHOT] Resolved 1 IP addresses: [10.42.0.11]
2025-01-30 18:30:34,604 INFO c.h.h.t.HelmChartContainer - [test-hivemq-platform] [hivemq] [82e05549] INFO  - [HiveMQ Platform Operator Init App 1.7.0-SNAPSHOT] HiveMQ node count of 1 is within threshold of 2
2025-01-30 18:30:34,604 INFO c.h.h.t.HelmChartContainer - [test-hivemq-platform] [hivemq] [82e05549] INFO  - [HiveMQ Platform Operator Init App 1.7.0-SNAPSHOT] Proceeding with container start
2025-01-30 18:30:34,698 INFO c.h.h.t.HelmChartContainer - [test-hivemq-platform] [hivemq] [82e05549] INFO  - [HiveMQ Platform Operator Init App 1.7.0-SNAPSHOT] Initializing HiveMQ Platform extensions with initial configuration: {hivemq-allow-all-extension={start-priority=-1, skip-https-hostname-verification=false, restart=true, config-version=0, header-version=0, c-uri=, priority=-1, uri=preinstalled, skip-https-certificate-validation=false, enabled=true}, hivemq-prometheus-extension={priority=-1, start-priority=-1, c-uri=, skip-https-hostname-verification=false, skip-https-certificate-validation=false, uri=preinstalled, request-header-path=no-request-headers, enabled=true, restart=true}}
2025-01-30 18:30:35,104 INFO c.h.h.t.HelmChartContainer - [test-hivemq-platform] [hivemq] [82e05549] INFO  - [HiveMQ Platform Operator Init App 1.7.0-SNAPSHOT] Extension hivemq-allow-all-extension was already enabled
2025-01-30 18:30:35,197 INFO c.h.h.t.HelmChartContainer - [test-hivemq-platform] [hivemq] [82e05549] INFO  - [HiveMQ Platform Operator Init App 1.7.0-SNAPSHOT] Successfully enabled extension hivemq-prometheus-extension
2025-01-30 18:30:35,198 INFO c.h.h.t.HelmChartContainer - [test-hivemq-platform] [hivemq] [82e05549] INFO  - [HiveMQ Platform Operator Init App 1.7.0-SNAPSHOT] Starting HiveMQ Platform version 4.36.0 (4.36.0)
2025-01-30 18:30:35,198 INFO c.h.h.t.HelmChartContainer - [test-hivemq-platform] [hivemq] [82e05549] INFO  - [HiveMQ Platform Operator Init App 1.7.0-SNAPSHOT] Configuring the HiveMQ Platform
2025-01-30 18:30:35,293 INFO c.h.h.t.HelmChartContainer - [test-hivemq-platform] [hivemq] [82e05549] INFO  - [HiveMQ Platform Operator Init App 1.7.0-SNAPSHOT] Changed logback.xml file scan period to 20 seconds
2025-01-30 18:30:35,380 INFO c.h.h.t.HelmChartContainer - [test-hivemq-platform] [hivemq] [82e05549] INFO  - [HiveMQ Platform Operator Init App 1.7.0-SNAPSHOT] Starting the HiveMQ Platform
2025-01-30 18:30:35,388 INFO c.h.h.t.HelmChartContainer - [test-hivemq-platform] [hivemq] [82e05549] -------------------------------------------------------------------------
2025-01-30 18:30:35,388 INFO c.h.h.t.HelmChartContainer - [test-hivemq-platform] [hivemq] [82e05549] 
2025-01-30 18:30:35,389 INFO c.h.h.t.HelmChartContainer - [test-hivemq-platform] [hivemq] [82e05549]                   _    _  _              __  __   ____
2025-01-30 18:30:35,389 INFO c.h.h.t.HelmChartContainer - [test-hivemq-platform] [hivemq] [82e05549]                  | |  | |(_)            |  \/  | / __ \
2025-01-30 18:30:35,389 INFO c.h.h.t.HelmChartContainer - [test-hivemq-platform] [hivemq] [82e05549]                  | |__| | _ __   __ ___ | \  / || |  | |
2025-01-30 18:30:35,389 INFO c.h.h.t.HelmChartContainer - [test-hivemq-platform] [hivemq] [82e05549]                  |  __  || |\ \ / // _ \| |\/| || |  | |
2025-01-30 18:30:35,389 INFO c.h.h.t.HelmChartContainer - [test-hivemq-platform] [hivemq] [82e05549]                  | |  | || | \ V /|  __/| |  | || |__| |
2025-01-30 18:30:35,389 INFO c.h.h.t.HelmChartContainer - [test-hivemq-platform] [hivemq] [82e05549]                  |_|  |_||_|  \_/  \___||_|  |_| \___\_\
2025-01-30 18:30:35,389 INFO c.h.h.t.HelmChartContainer - [test-hivemq-platform] [hivemq] [82e05549] 
2025-01-30 18:30:35,389 INFO c.h.h.t.HelmChartContainer - [test-hivemq-platform] [hivemq] [82e05549] -------------------------------------------------------------------------
2025-01-30 18:30:35,389 INFO c.h.h.t.HelmChartContainer - [test-hivemq-platform] [hivemq] [82e05549] 
2025-01-30 18:30:35,389 INFO c.h.h.t.HelmChartContainer - [test-hivemq-platform] [hivemq] [82e05549]   HiveMQ Start Script for Linux/Unix v1.14
2025-01-30 18:30:35,389 INFO c.h.h.t.HelmChartContainer - [test-hivemq-platform] [hivemq] [82e05549] 
2025-01-30 18:30:35,480 INFO c.h.h.t.HelmChartContainer - [test-hivemq-platform] [hivemq] [82e05549] -------------------------------------------------------------------------
2025-01-30 18:30:35,480 INFO c.h.h.t.HelmChartContainer - [test-hivemq-platform] [hivemq] [82e05549] 
2025-01-30 18:30:35,480 INFO c.h.h.t.HelmChartContainer - [test-hivemq-platform] [hivemq] [82e05549]   HIVEMQ_HOME: /opt/hivemq
2025-01-30 18:30:35,480 INFO c.h.h.t.HelmChartContainer - [test-hivemq-platform] [hivemq] [82e05549] 
2025-01-30 18:30:35,480 INFO c.h.h.t.HelmChartContainer - [test-hivemq-platform] [hivemq] [82e05549]   JAVA_OPTS: -XX:+UnlockExperimentalVMOptions -XX:InitialRAMPercentage=50 -XX:MaxRAMPercentage=50 -Djava.net.preferIPv4Stack=true --add-opens java.base/java.lang=ALL-UNNAMED --add-opens java.base/java.nio=ALL-UNNAMED --add-opens java.base/sun.nio.ch=ALL-UNNAMED --add-opens jdk.management/com.sun.management.internal=ALL-UNNAMED --add-exports java.base/jdk.internal.misc=ALL-UNNAMED -Djava.security.egd=file:/dev/./urandom -Dcom.sun.management.jmxremote -Dcom.sun.management.jmxremote.port=9010 -Dcom.sun.management.jmxremote.local.only=false -Dcom.sun.management.jmxremote.authenticate=false -Dcom.sun.management.jmxremote.ssl=false -Duser.language=en -Duser.region=US -XX:+CrashOnOutOfMemoryError -XX:+HeapDumpOnOutOfMemoryError
2025-01-30 18:30:35,480 INFO c.h.h.t.HelmChartContainer - [test-hivemq-platform] [hivemq] [82e05549] 
2025-01-30 18:30:35,480 INFO c.h.h.t.HelmChartContainer - [test-hivemq-platform] [hivemq] [82e05549]   JAVA_VERSION: 21
2025-01-30 18:30:35,480 INFO c.h.h.t.HelmChartContainer - [test-hivemq-platform] [hivemq] [82e05549] 
2025-01-30 18:30:35,480 INFO c.h.h.t.HelmChartContainer - [test-hivemq-platform] [hivemq] [82e05549] -------------------------------------------------------------------------
2025-01-30 18:30:35,480 INFO c.h.h.t.HelmChartContainer - [test-hivemq-platform] [hivemq] [82e05549] 
2025-01-30 18:30:36,401 INFO c.h.h.t.HelmChartContainer - [test-hivemq-platform] [hivemq] [82e05549] INFO  - [HiveMQ Platform Operator Init App 1.7.0-SNAPSHOT] Returning default Health API response 503 for readiness
2025-01-30 18:30:36,793 INFO c.h.h.t.HelmChartContainer - [EVENT] Warning [Unhealthy] Readiness probe failed: HTTP probe failed with statuscode: 503 [helmvolumeclaimtemplatesit:test-hivemq-platform-0]
2025-01-30 18:30:36,793 INFO c.h.h.t.HelmChartContainer - Received Unhealthy event for container hivemq in pod test-hivemq-platform-0 [82e05549-2552-4c6e-b6f5-d6da92e287eb]
2025-01-30 18:30:38,096 INFO c.h.h.t.HelmChartContainer - [test-hivemq-platform] [hivemq] [82e05549] INFO  - Starting HiveMQ Enterprise Server
2025-01-30 18:30:38,178 INFO c.h.h.t.HelmChartContainer - [test-hivemq-platform] [hivemq] [82e05549] INFO  - HiveMQ version: 4.36.0
2025-01-30 18:30:38,178 INFO c.h.h.t.HelmChartContainer - [test-hivemq-platform] [hivemq] [82e05549] INFO  - HiveMQ home directory: /opt/hivemq
2025-01-30 18:30:38,178 INFO c.h.h.t.HelmChartContainer - [test-hivemq-platform] [hivemq] [82e05549] INFO  - Log Configuration was overridden by /opt/hivemq/conf/logback.xml
2025-01-30 18:30:39,204 INFO c.h.h.t.HelmChartContainer - [test-hivemq-platform] [hivemq] [82e05549] INFO  - Successfully loaded configuration from '/opt/hivemq/conf-k8s/config.xml'.
2025-01-30 18:30:39,894 INFO c.h.h.t.HelmChartContainer - [test-hivemq-platform] [hivemq] [82e05549] INFO  - This node's ID is iQ2xN
2025-01-30 18:30:39,896 INFO c.h.h.t.HelmChartContainer - [test-hivemq-platform] [hivemq] [82e05549] INFO  - Clustering is enabled
2025-01-30 18:30:40,483 INFO c.h.h.t.HelmChartContainer - [hivemq-test-hivemq-platform] [hivemq-platform-operator] [2f3f9aef] 18:30:40.482 [pool-6-thread-25] DEBUG c.h.p.o.d.PlatformServiceResource - [helmvolu] Desired Platform services (3 services)
2025-01-30 18:30:40,484 INFO c.h.h.t.HelmChartContainer - [hivemq-test-hivemq-platform] [hivemq-platform-operator] [2f3f9aef] 18:30:40.483 [pool-6-thread-26] DEBUG c.h.p.o.dependants.PodInfoConfigMap - [helmvolu] Desired PodInfo ConfigMap (1 extensions) (1 enabled)
2025-01-30 18:30:40,488 INFO c.h.h.t.HelmChartContainer - [hivemq-test-hivemq-platform] [hivemq-platform-operator] [2f3f9aef] 18:30:40.485 [pool-6-thread-26] DEBUG c.h.p.o.dependants.PodInfoConfigMap - [helmvolu] Desired PodInfo ConfigMap (metrics port: 9399) (metrics path: /)
2025-01-30 18:30:40,489 INFO c.h.h.t.HelmChartContainer - [hivemq-test-hivemq-platform] [hivemq-platform-operator] [2f3f9aef] 18:30:40.488 [pool-6-thread-26] DEBUG c.h.p.o.dependants.PodInfoConfigMap - [helmvolu] Desired PodInfo ConfigMap (extension state hash: -1817474005)
2025-01-30 18:30:40,493 INFO c.h.h.t.HelmChartContainer - [hivemq-test-hivemq-platform] [hivemq-platform-operator] [2f3f9aef] 18:30:40.489 [pool-6-thread-23] DEBUG c.h.p.o.d.PodServiceAccountResource - [helmvolu] Desired PodServiceAccountResource (serviceAccountName: hivemq-platform-pod-test-hivemq-platform)
2025-01-30 18:30:40,500 INFO c.h.h.t.HelmChartContainer - [hivemq-test-hivemq-platform] [hivemq-platform-operator] [2f3f9aef] 18:30:40.496 [pool-6-thread-25] DEBUG c.h.p.o.d.StatefulSetResource - [helmvolu] Desired StatefulSet (2 replicas) for status STARTING (READY)
2025-01-30 18:30:40,505 INFO c.h.h.t.HelmChartContainer - [hivemq-test-hivemq-platform] [hivemq-platform-operator] [2f3f9aef] 18:30:40.503 [ReconcilerExecutor-hivemq-controller-110] INFO  c.h.p.o.HiveMQPlatformReconciler - [helmvolu] Reconciling HiveMQ Platform 'test-hivemq-platform' in namespace 'helmvolumeclaimtemplatesit'
2025-01-30 18:30:40,507 INFO c.h.h.t.HelmChartContainer - [hivemq-test-hivemq-platform] [hivemq-platform-operator] [2f3f9aef] 18:30:40.503 [ReconcilerExecutor-hivemq-controller-110] DEBUG c.h.p.o.HiveMQPlatformReconciler - [helmvolu] Custom Resource Status STARTING - HiveMQ Platform is starting (READY)
2025-01-30 18:30:40,507 INFO c.h.h.t.HelmChartContainer - [hivemq-test-hivemq-platform] [hivemq-platform-operator] [2f3f9aef] 18:30:40.503 [ReconcilerExecutor-hivemq-controller-110] DEBUG c.h.p.o.HiveMQPlatformReconciler - [helmvolu] Custom Resource Spec (replicas: 2) (extensions: 1)
2025-01-30 18:30:40,507 INFO c.h.h.t.HelmChartContainer - [hivemq-test-hivemq-platform] [hivemq-platform-operator] [2f3f9aef] 18:30:40.505 [ReconcilerExecutor-hivemq-controller-110] DEBUG c.h.p.o.HiveMQPlatformReconciler - [helmvolu] StatefulSet Status (revision: test-hivemq-platform-6c7bb94cbd, replicas: 1, available: 0, ready: 0, current: 1, updated: 1)
2025-01-30 18:30:40,507 INFO c.h.h.t.HelmChartContainer - [hivemq-test-hivemq-platform] [hivemq-platform-operator] [2f3f9aef] 18:30:40.505 [ReconcilerExecutor-hivemq-controller-110] DEBUG c.h.p.o.HiveMQPlatformReconciler - [helmvolu] StatefulSet Spec (replicas: 2, init containers: 1, containers: 1, volumes: 4)
2025-01-30 18:30:40,508 INFO c.h.h.t.HelmChartContainer - [hivemq-test-hivemq-platform] [hivemq-platform-operator] [2f3f9aef] 18:30:40.506 [ReconcilerExecutor-hivemq-controller-110] DEBUG c.h.p.o.h.HiveMQPlatformReconcilerErrorHandler - [helmvolu] Pod 'test-hivemq-platform-0' phase Running
2025-01-30 18:30:40,508 INFO c.h.h.t.HelmChartContainer - [hivemq-test-hivemq-platform] [hivemq-platform-operator] [2f3f9aef] 18:30:40.507 [ReconcilerExecutor-hivemq-controller-110] INFO  c.h.p.o.h.HiveMQPlatformReconcilerBaseHandler - [helmvolu] HiveMQ Platform is starting, 0 of 2 replicas are ready
2025-01-30 18:30:41,896 INFO c.h.h.t.HelmChartContainer - [test-hivemq-platform] [hivemq] [82e05549] WARN  - [HiveMQ Platform Operator Init App 1.7.0-SNAPSHOT] Cannot connect to Health API for readiness: null
2025-01-30 18:30:41,902 INFO c.h.h.t.HelmChartContainer - [EVENT] Warning [Unhealthy] Readiness probe failed: HTTP probe failed with statuscode: 503 [helmvolumeclaimtemplatesit:test-hivemq-platform-0]
2025-01-30 18:30:41,902 INFO c.h.h.t.HelmChartContainer - Received Unhealthy event for container hivemq in pod test-hivemq-platform-0 [82e05549-2552-4c6e-b6f5-d6da92e287eb]
2025-01-30 18:30:44,675 INFO c.h.h.t.HelmChartContainer - [test-hivemq-platform] [hivemq] [82e05549] Jan 30, 2025 6:30:44 PM io.vertx.core.impl.BlockedThreadChecker
2025-01-30 18:30:44,675 INFO c.h.h.t.HelmChartContainer - [test-hivemq-platform] [hivemq] [82e05549] WARNING: Thread Thread[vert.x-eventloop-thread-1,5,main] has been blocked for 2294 ms, time limit is 2000 ms
2025-01-30 18:30:45,589 INFO c.h.h.t.HelmChartContainer - [test-hivemq-platform] [hivemq] [82e05549] Jan 30, 2025 6:30:45 PM io.vertx.core.impl.BlockedThreadChecker
2025-01-30 18:30:45,589 INFO c.h.h.t.HelmChartContainer - [test-hivemq-platform] [hivemq] [82e05549] WARNING: Thread Thread[vert.x-eventloop-thread-1,5,main] has been blocked for 3294 ms, time limit is 2000 ms
2025-01-30 18:30:45,694 INFO c.h.h.t.HelmChartContainer - [test-hivemq-platform] [hivemq] [82e05549] INFO  - [HiveMQ Platform Operator Init App 1.7.0-SNAPSHOT] Updating Pod HiveMQ Platform Operator Init App version annotation (version: 1.7.0-SNAPSHOT)
2025-01-30 18:30:46,296 INFO c.h.h.t.HelmChartContainer - [POD] test-hivemq-platform-0 [82e05549-2552-4c6e-b6f5-d6da92e287eb] in helmvolumeclaimtemplatesit was MODIFIED
2025-01-30 18:30:46,304 INFO c.h.h.t.HelmChartContainer - [test-hivemq-platform] [hivemq] [82e05549] INFO  - [HiveMQ Platform Operator Init App 1.7.0-SNAPSHOT] Successfully updated Pod HiveMQ Platform Operator Init App version annotation (version: 1.7.0-SNAPSHOT)
2025-01-30 18:30:46,306 INFO c.h.h.t.HelmChartContainer - [test-hivemq-platform] [hivemq] [82e05549] WARN  - [HiveMQ Platform Operator Init App 1.7.0-SNAPSHOT] Cannot connect to Health API for readiness: null
2025-01-30 18:30:46,308 INFO c.h.h.t.HelmChartContainer - [hivemq-test-hivemq-platform] [hivemq-platform-operator] [2f3f9aef] 18:30:46.305 [pool-6-thread-33] DEBUG c.h.p.o.d.PlatformServiceResource - [helmvolu] Desired Platform services (3 services)
2025-01-30 18:30:46,313 INFO c.h.h.t.HelmChartContainer - [hivemq-test-hivemq-platform] [hivemq-platform-operator] [2f3f9aef] 18:30:46.308 [pool-6-thread-35] DEBUG c.h.p.o.d.PodServiceAccountResource - [helmvolu] Desired PodServiceAccountResource (serviceAccountName: hivemq-platform-pod-test-hivemq-platform)
2025-01-30 18:30:46,375 INFO c.h.h.t.HelmChartContainer - [hivemq-test-hivemq-platform] [hivemq-platform-operator] [2f3f9aef] 18:30:46.309 [pool-6-thread-36] DEBUG c.h.p.o.dependants.PodInfoConfigMap - [helmvolu] Desired PodInfo ConfigMap (1 extensions) (1 enabled)
2025-01-30 18:30:46,375 INFO c.h.h.t.HelmChartContainer - [hivemq-test-hivemq-platform] [hivemq-platform-operator] [2f3f9aef] 18:30:46.310 [pool-6-thread-36] DEBUG c.h.p.o.dependants.PodInfoConfigMap - [helmvolu] Desired PodInfo ConfigMap (metrics port: 9399) (metrics path: /)
2025-01-30 18:30:46,375 INFO c.h.h.t.HelmChartContainer - [hivemq-test-hivemq-platform] [hivemq-platform-operator] [2f3f9aef] 18:30:46.311 [pool-6-thread-36] DEBUG c.h.p.o.dependants.PodInfoConfigMap - [helmvolu] Desired PodInfo ConfigMap (extension state hash: -1817474005)
2025-01-30 18:30:46,376 INFO c.h.h.t.HelmChartContainer - [hivemq-test-hivemq-platform] [hivemq-platform-operator] [2f3f9aef] 18:30:46.317 [pool-6-thread-33] DEBUG c.h.p.o.d.StatefulSetResource - [helmvolu] Desired StatefulSet (2 replicas) for status STARTING (READY)
2025-01-30 18:30:46,376 INFO c.h.h.t.HelmChartContainer - [hivemq-test-hivemq-platform] [hivemq-platform-operator] [2f3f9aef] 18:30:46.367 [ReconcilerExecutor-hivemq-controller-111] INFO  c.h.p.o.HiveMQPlatformReconciler - [helmvolu] Reconciling HiveMQ Platform 'test-hivemq-platform' in namespace 'helmvolumeclaimtemplatesit'
2025-01-30 18:30:46,376 INFO c.h.h.t.HelmChartContainer - [EVENT] Warning [Unhealthy] Readiness probe failed: HTTP probe failed with statuscode: 503 [helmvolumeclaimtemplatesit:test-hivemq-platform-0]
2025-01-30 18:30:46,376 INFO c.h.h.t.HelmChartContainer - Received Unhealthy event for container hivemq in pod test-hivemq-platform-0 [82e05549-2552-4c6e-b6f5-d6da92e287eb]
2025-01-30 18:30:46,376 INFO c.h.h.t.HelmChartContainer - [hivemq-test-hivemq-platform] [hivemq-platform-operator] [2f3f9aef] 18:30:46.368 [ReconcilerExecutor-hivemq-controller-111] DEBUG c.h.p.o.HiveMQPlatformReconciler - [helmvolu] Custom Resource Status STARTING - HiveMQ Platform is starting (READY)
2025-01-30 18:30:46,376 INFO c.h.h.t.HelmChartContainer - [hivemq-test-hivemq-platform] [hivemq-platform-operator] [2f3f9aef] 18:30:46.368 [ReconcilerExecutor-hivemq-controller-111] DEBUG c.h.p.o.HiveMQPlatformReconciler - [helmvolu] Custom Resource Spec (replicas: 2) (extensions: 1)
2025-01-30 18:30:46,376 INFO c.h.h.t.HelmChartContainer - [hivemq-test-hivemq-platform] [hivemq-platform-operator] [2f3f9aef] 18:30:46.370 [ReconcilerExecutor-hivemq-controller-111] DEBUG c.h.p.o.HiveMQPlatformReconciler - [helmvolu] StatefulSet Status (revision: test-hivemq-platform-6c7bb94cbd, replicas: 1, available: 0, ready: 0, current: 1, updated: 1)
2025-01-30 18:30:46,376 INFO c.h.h.t.HelmChartContainer - [hivemq-test-hivemq-platform] [hivemq-platform-operator] [2f3f9aef] 18:30:46.370 [ReconcilerExecutor-hivemq-controller-111] DEBUG c.h.p.o.HiveMQPlatformReconciler - [helmvolu] StatefulSet Spec (replicas: 2, init containers: 1, containers: 1, volumes: 4)
2025-01-30 18:30:46,376 INFO c.h.h.t.HelmChartContainer - [hivemq-test-hivemq-platform] [hivemq-platform-operator] [2f3f9aef] 18:30:46.372 [ReconcilerExecutor-hivemq-controller-111] DEBUG c.h.p.o.h.HiveMQPlatformReconcilerErrorHandler - [helmvolu] Pod 'test-hivemq-platform-0' phase Running
2025-01-30 18:30:46,376 INFO c.h.h.t.HelmChartContainer - [hivemq-test-hivemq-platform] [hivemq-platform-operator] [2f3f9aef] 18:30:46.372 [ReconcilerExecutor-hivemq-controller-111] INFO  c.h.p.o.h.HiveMQPlatformReconcilerBaseHandler - [helmvolu] HiveMQ Platform is starting, 0 of 2 replicas are ready
2025-01-30 18:30:50,234 INFO c.h.h.t.HelmChartContainer - [K3S] [scope.go:117] "RemoveContainer" containerID="ecf6b94d067b3059d7558bda13c47e3cab7b455371430d5c9da6d9f9eb8490c9"
2025-01-30 18:30:51,301 INFO c.h.h.t.HelmChartContainer - [test-hivemq-platform] [hivemq] [82e05549] WARN  - [HiveMQ Platform Operator Init App 1.7.0-SNAPSHOT] Cannot connect to Health API for readiness: null
2025-01-30 18:30:51,305 INFO c.h.h.t.HelmChartContainer - [EVENT] Warning [Unhealthy] Readiness probe failed: HTTP probe failed with statuscode: 503 [helmvolumeclaimtemplatesit:test-hivemq-platform-0]
2025-01-30 18:30:51,305 INFO c.h.h.t.HelmChartContainer - Received Unhealthy event for container hivemq in pod test-hivemq-platform-0 [82e05549-2552-4c6e-b6f5-d6da92e287eb]
2025-01-30 18:30:56,300 INFO c.h.h.t.HelmChartContainer - [test-hivemq-platform] [hivemq] [82e05549] WARN  - [HiveMQ Platform Operator Init App 1.7.0-SNAPSHOT] Cannot connect to Health API for readiness: null
2025-01-30 18:30:56,304 INFO c.h.h.t.HelmChartContainer - [EVENT] Warning [Unhealthy] Readiness probe failed: HTTP probe failed with statuscode: 503 [helmvolumeclaimtemplatesit:test-hivemq-platform-0]
2025-01-30 18:30:56,304 INFO c.h.h.t.HelmChartContainer - Received Unhealthy event for container hivemq in pod test-hivemq-platform-0 [82e05549-2552-4c6e-b6f5-d6da92e287eb]
2025-01-30 18:30:56,380 INFO c.h.h.t.HelmChartContainer - [hivemq-test-hivemq-platform] [hivemq-platform-operator] [2f3f9aef] 18:30:56.378 [pool-6-thread-46] DEBUG c.h.p.o.dependants.PodInfoConfigMap - [helmvolu] Desired PodInfo ConfigMap (1 extensions) (1 enabled)
2025-01-30 18:30:56,382 INFO c.h.h.t.HelmChartContainer - [hivemq-test-hivemq-platform] [hivemq-platform-operator] [2f3f9aef] 18:30:56.378 [pool-6-thread-46] DEBUG c.h.p.o.dependants.PodInfoConfigMap - [helmvolu] Desired PodInfo ConfigMap (metrics port: 9399) (metrics path: /)
2025-01-30 18:30:56,382 INFO c.h.h.t.HelmChartContainer - [hivemq-test-hivemq-platform] [hivemq-platform-operator] [2f3f9aef] 18:30:56.378 [pool-6-thread-46] DEBUG c.h.p.o.dependants.PodInfoConfigMap - [helmvolu] Desired PodInfo ConfigMap (extension state hash: -1817474005)
2025-01-30 18:30:56,382 INFO c.h.h.t.HelmChartContainer - [hivemq-test-hivemq-platform] [hivemq-platform-operator] [2f3f9aef] 18:30:56.379 [pool-6-thread-42] DEBUG c.h.p.o.d.PlatformServiceResource - [helmvolu] Desired Platform services (3 services)
2025-01-30 18:30:56,382 INFO c.h.h.t.HelmChartContainer - [hivemq-test-hivemq-platform] [hivemq-platform-operator] [2f3f9aef] 18:30:56.380 [pool-6-thread-44] DEBUG c.h.p.o.d.PodServiceAccountResource - [helmvolu] Desired PodServiceAccountResource (serviceAccountName: hivemq-platform-pod-test-hivemq-platform)
2025-01-30 18:30:56,388 INFO c.h.h.t.HelmChartContainer - [hivemq-test-hivemq-platform] [hivemq-platform-operator] [2f3f9aef] 18:30:56.387 [pool-6-thread-42] DEBUG c.h.p.o.d.StatefulSetResource - [helmvolu] Desired StatefulSet (2 replicas) for status STARTING (READY)
2025-01-30 18:30:56,468 INFO c.h.h.t.HelmChartContainer - [hivemq-test-hivemq-platform] [hivemq-platform-operator] [2f3f9aef] 18:30:56.466 [ReconcilerExecutor-hivemq-controller-112] INFO  c.h.p.o.HiveMQPlatformReconciler - [helmvolu] Reconciling HiveMQ Platform 'test-hivemq-platform' in namespace 'helmvolumeclaimtemplatesit'
2025-01-30 18:30:56,470 INFO c.h.h.t.HelmChartContainer - [hivemq-test-hivemq-platform] [hivemq-platform-operator] [2f3f9aef] 18:30:56.467 [ReconcilerExecutor-hivemq-controller-112] DEBUG c.h.p.o.HiveMQPlatformReconciler - [helmvolu] Custom Resource Status STARTING - HiveMQ Platform is starting (READY)
2025-01-30 18:30:56,471 INFO c.h.h.t.HelmChartContainer - [hivemq-test-hivemq-platform] [hivemq-platform-operator] [2f3f9aef] 18:30:56.467 [ReconcilerExecutor-hivemq-controller-112] DEBUG c.h.p.o.HiveMQPlatformReconciler - [helmvolu] Custom Resource Spec (replicas: 2) (extensions: 1)
2025-01-30 18:30:56,471 INFO c.h.h.t.HelmChartContainer - [hivemq-test-hivemq-platform] [hivemq-platform-operator] [2f3f9aef] 18:30:56.469 [ReconcilerExecutor-hivemq-controller-112] DEBUG c.h.p.o.HiveMQPlatformReconciler - [helmvolu] StatefulSet Status (revision: test-hivemq-platform-6c7bb94cbd, replicas: 1, available: 0, ready: 0, current: 1, updated: 1)
2025-01-30 18:30:56,473 INFO c.h.h.t.HelmChartContainer - [hivemq-test-hivemq-platform] [hivemq-platform-operator] [2f3f9aef] 18:30:56.469 [ReconcilerExecutor-hivemq-controller-112] DEBUG c.h.p.o.HiveMQPlatformReconciler - [helmvolu] StatefulSet Spec (replicas: 2, init containers: 1, containers: 1, volumes: 4)
2025-01-30 18:30:56,473 INFO c.h.h.t.HelmChartContainer - [hivemq-test-hivemq-platform] [hivemq-platform-operator] [2f3f9aef] 18:30:56.470 [ReconcilerExecutor-hivemq-controller-112] DEBUG c.h.p.o.h.HiveMQPlatformReconcilerErrorHandler - [helmvolu] Pod 'test-hivemq-platform-0' phase Running
2025-01-30 18:30:56,473 INFO c.h.h.t.HelmChartContainer - [hivemq-test-hivemq-platform] [hivemq-platform-operator] [2f3f9aef] 18:30:56.471 [ReconcilerExecutor-hivemq-controller-112] INFO  c.h.p.o.h.HiveMQPlatformReconcilerBaseHandler - [helmvolu] HiveMQ Platform is starting, 0 of 2 replicas are ready
2025-01-30 18:30:56,675 INFO c.h.h.t.HelmChartContainer - [test-hivemq-platform] [hivemq] [82e05549] INFO  - No valid license file found. Using trial license, restricted to 25 connections.
2025-01-30 18:30:57,587 INFO c.h.h.t.HelmChartContainer - [test-hivemq-platform] [hivemq] [82e05549] WARN  - [HiveMQ Platform Operator Init App 1.7.0-SNAPSHOT] Cannot connect to Health API for liveness: null
2025-01-30 18:30:57,587 INFO c.h.h.t.HelmChartContainer - [test-hivemq-platform] [hivemq] [82e05549] INFO  - [HiveMQ Platform Operator Init App 1.7.0-SNAPSHOT] Returning default Health API response 200 for liveness
2025-01-30 18:31:00,189 INFO c.h.h.t.HelmChartContainer - [test-hivemq-platform] [hivemq] [82e05549] INFO  - No valid license file for Data Hub found. Using free license, restricted to 1 policy.
2025-01-30 18:31:01,208 INFO c.h.h.t.HelmChartContainer - [test-hivemq-platform] [hivemq] [82e05549] INFO  - Audit Logger started.
2025-01-30 18:31:01,301 INFO c.h.h.t.HelmChartContainer - [test-hivemq-platform] [hivemq] [82e05549] WARN  - [HiveMQ Platform Operator Init App 1.7.0-SNAPSHOT] Cannot connect to Health API for readiness: null
2025-01-30 18:31:01,305 INFO c.h.h.t.HelmChartContainer - [EVENT] Warning [Unhealthy] Readiness probe failed: HTTP probe failed with statuscode: 503 [helmvolumeclaimtemplatesit:test-hivemq-platform-0]
2025-01-30 18:31:01,305 INFO c.h.h.t.HelmChartContainer - Received Unhealthy event for container hivemq in pod test-hivemq-platform-0 [82e05549-2552-4c6e-b6f5-d6da92e287eb]
2025-01-30 18:31:01,518 INFO c.h.h.t.HelmChartContainer - [test-hivemq-platform] [hivemq] [82e05549] INFO  - This node uses '1' CPU cores.
2025-01-30 18:31:01,522 INFO c.h.h.t.HelmChartContainer - [test-hivemq-platform] [hivemq] [82e05549] INFO  - Starting HiveMQ Health API on address 0.0.0.0 and port 8889
2025-01-30 18:31:02,307 INFO c.h.h.t.HelmChartContainer - [test-hivemq-platform] [hivemq] [82e05549] INFO  - Started HiveMQ Health API in 785ms
2025-01-30 18:31:03,187 INFO c.h.h.t.HelmChartContainer - [test-hivemq-platform] [hivemq] [82e05549] INFO  - Starting HiveMQ extension system.
2025-01-30 18:31:03,398 INFO c.h.h.t.HelmChartContainer - [test-hivemq-platform] [hivemq] [82e05549] INFO  - Starting extension with id "hivemq-dns-cluster-discovery" at /opt/hivemq/extensions/hivemq-dns-cluster-discovery
2025-01-30 18:31:03,896 INFO c.h.h.t.HelmChartContainer - [test-hivemq-platform] [hivemq] [82e05549] INFO  - Using TCP cluster transport on address 10.42.0.11 and port 7000
2025-01-30 18:31:03,989 INFO c.h.h.t.HelmChartContainer - [test-hivemq-platform] [hivemq] [82e05549] INFO  - Extension "DNS Cluster Discovery Extension" version 4.3.2 started successfully.
2025-01-30 18:31:03,990 INFO c.h.h.t.HelmChartContainer - [test-hivemq-platform] [hivemq] [82e05549] INFO  - Starting extension with id "hivemq-prometheus-extension" at /opt/hivemq/extensions/hivemq-prometheus-extension
2025-01-30 18:31:03,990 INFO c.h.h.t.HelmChartContainer - [test-hivemq-platform] [hivemq] [82e05549] INFO  - Using extension cluster discovery
2025-01-30 18:31:04,786 INFO c.h.h.t.HelmChartContainer - [test-hivemq-platform] [hivemq] [82e05549] INFO  - Started Jetty Server exposing Prometheus Servlet on URI http://0.0.0.0:9399/
2025-01-30 18:31:04,786 INFO c.h.h.t.HelmChartContainer - [test-hivemq-platform] [hivemq] [82e05549] INFO  - Extension "Prometheus Monitoring Extension" version 4.0.12 started successfully.
2025-01-30 18:31:04,786 INFO c.h.h.t.HelmChartContainer - [test-hivemq-platform] [hivemq] [82e05549] INFO  - Starting extension with id "hivemq-allow-all-extension" at /opt/hivemq/extensions/hivemq-allow-all-extension
2025-01-30 18:31:04,787 INFO c.h.h.t.HelmChartContainer - [test-hivemq-platform] [hivemq] [82e05549] WARN  - 
2025-01-30 18:31:04,787 INFO c.h.h.t.HelmChartContainer - [test-hivemq-platform] [hivemq] [82e05549] ################################################################################################################
2025-01-30 18:31:04,787 INFO c.h.h.t.HelmChartContainer - [test-hivemq-platform] [hivemq] [82e05549] # This HiveMQ deployment is not secure! You are lacking Authentication and Authorization.                      #
2025-01-30 18:31:04,787 INFO c.h.h.t.HelmChartContainer - [test-hivemq-platform] [hivemq] [82e05549] # Right now any MQTT client can connect to the broker with a full set of permissions.                          #
2025-01-30 18:31:04,787 INFO c.h.h.t.HelmChartContainer - [test-hivemq-platform] [hivemq] [82e05549] # For production usage, add an appropriate security extension and remove the hivemq-allow-all extension.       #
2025-01-30 18:31:04,787 INFO c.h.h.t.HelmChartContainer - [test-hivemq-platform] [hivemq] [82e05549] # You can download security extensions from the HiveMQ Marketplace (https://www.hivemq.com/extensions/).       #
2025-01-30 18:31:04,787 INFO c.h.h.t.HelmChartContainer - [test-hivemq-platform] [hivemq] [82e05549] ################################################################################################################
2025-01-30 18:31:04,787 INFO c.h.h.t.HelmChartContainer - [test-hivemq-platform] [hivemq] [82e05549] INFO  - Extension "Allow All Extension" version 1.1.1 started successfully.
2025-01-30 18:31:06,479 INFO c.h.h.t.HelmChartContainer - [hivemq-test-hivemq-platform] [hivemq-platform-operator] [2f3f9aef] 18:31:06.475 [pool-6-thread-4] DEBUG c.h.p.o.d.PlatformServiceResource - [helmvolu] Desired Platform services (3 services)
2025-01-30 18:31:06,479 INFO c.h.h.t.HelmChartContainer - [hivemq-test-hivemq-platform] [hivemq-platform-operator] [2f3f9aef] 18:31:06.475 [pool-6-thread-2] DEBUG c.h.p.o.dependants.PodInfoConfigMap - [helmvolu] Desired PodInfo ConfigMap (1 extensions) (1 enabled)
2025-01-30 18:31:06,479 INFO c.h.h.t.HelmChartContainer - [hivemq-test-hivemq-platform] [hivemq-platform-operator] [2f3f9aef] 18:31:06.475 [pool-6-thread-2] DEBUG c.h.p.o.dependants.PodInfoConfigMap - [helmvolu] Desired PodInfo ConfigMap (metrics port: 9399) (metrics path: /)
2025-01-30 18:31:06,479 INFO c.h.h.t.HelmChartContainer - [hivemq-test-hivemq-platform] [hivemq-platform-operator] [2f3f9aef] 18:31:06.475 [pool-6-thread-2] DEBUG c.h.p.o.dependants.PodInfoConfigMap - [helmvolu] Desired PodInfo ConfigMap (extension state hash: -1817474005)
2025-01-30 18:31:06,479 INFO c.h.h.t.HelmChartContainer - [hivemq-test-hivemq-platform] [hivemq-platform-operator] [2f3f9aef] 18:31:06.476 [pool-6-thread-2] DEBUG c.h.p.o.d.PodServiceAccountResource - [helmvolu] Desired PodServiceAccountResource (serviceAccountName: hivemq-platform-pod-test-hivemq-platform)
2025-01-30 18:31:06,481 INFO c.h.h.t.HelmChartContainer - [hivemq-test-hivemq-platform] [hivemq-platform-operator] [2f3f9aef] 18:31:06.480 [pool-6-thread-4] DEBUG c.h.p.o.d.StatefulSetResource - [helmvolu] Desired StatefulSet (2 replicas) for status STARTING (READY)
2025-01-30 18:31:06,484 INFO c.h.h.t.HelmChartContainer - [hivemq-test-hivemq-platform] [hivemq-platform-operator] [2f3f9aef] 18:31:06.483 [ReconcilerExecutor-hivemq-controller-113] INFO  c.h.p.o.HiveMQPlatformReconciler - [helmvolu] Reconciling HiveMQ Platform 'test-hivemq-platform' in namespace 'helmvolumeclaimtemplatesit'
2025-01-30 18:31:06,488 INFO c.h.h.t.HelmChartContainer - [hivemq-test-hivemq-platform] [hivemq-platform-operator] [2f3f9aef] 18:31:06.483 [ReconcilerExecutor-hivemq-controller-113] DEBUG c.h.p.o.HiveMQPlatformReconciler - [helmvolu] Custom Resource Status STARTING - HiveMQ Platform is starting (READY)
2025-01-30 18:31:06,488 INFO c.h.h.t.HelmChartContainer - [hivemq-test-hivemq-platform] [hivemq-platform-operator] [2f3f9aef] 18:31:06.483 [ReconcilerExecutor-hivemq-controller-113] DEBUG c.h.p.o.HiveMQPlatformReconciler - [helmvolu] Custom Resource Spec (replicas: 2) (extensions: 1)
2025-01-30 18:31:06,488 INFO c.h.h.t.HelmChartContainer - [hivemq-test-hivemq-platform] [hivemq-platform-operator] [2f3f9aef] 18:31:06.485 [ReconcilerExecutor-hivemq-controller-113] DEBUG c.h.p.o.HiveMQPlatformReconciler - [helmvolu] StatefulSet Status (revision: test-hivemq-platform-6c7bb94cbd, replicas: 1, available: 0, ready: 0, current: 1, updated: 1)
2025-01-30 18:31:06,488 INFO c.h.h.t.HelmChartContainer - [hivemq-test-hivemq-platform] [hivemq-platform-operator] [2f3f9aef] 18:31:06.485 [ReconcilerExecutor-hivemq-controller-113] DEBUG c.h.p.o.HiveMQPlatformReconciler - [helmvolu] StatefulSet Spec (replicas: 2, init containers: 1, containers: 1, volumes: 4)
2025-01-30 18:31:06,488 INFO c.h.h.t.HelmChartContainer - [hivemq-test-hivemq-platform] [hivemq-platform-operator] [2f3f9aef] 18:31:06.486 [ReconcilerExecutor-hivemq-controller-113] DEBUG c.h.p.o.h.HiveMQPlatformReconcilerErrorHandler - [helmvolu] Pod 'test-hivemq-platform-0' phase Running
2025-01-30 18:31:06,488 INFO c.h.h.t.HelmChartContainer - [hivemq-test-hivemq-platform] [hivemq-platform-operator] [2f3f9aef] 18:31:06.487 [ReconcilerExecutor-hivemq-controller-113] INFO  c.h.p.o.h.HiveMQPlatformReconcilerBaseHandler - [helmvolu] HiveMQ Platform is starting, 0 of 2 replicas are ready
2025-01-30 18:31:06,786 INFO c.h.h.t.HelmChartContainer - [test-hivemq-platform] [hivemq] [82e05549] INFO  - [HiveMQ Platform Operator Init App 1.7.0-SNAPSHOT] Returning Health API response 503 for readiness
2025-01-30 18:31:06,790 INFO c.h.h.t.HelmChartContainer - [EVENT] Warning [Unhealthy] Readiness probe failed: HTTP probe failed with statuscode: 503 [helmvolumeclaimtemplatesit:test-hivemq-platform-0]
2025-01-30 18:31:06,790 INFO c.h.h.t.HelmChartContainer - Received Unhealthy event for container hivemq in pod test-hivemq-platform-0 [82e05549-2552-4c6e-b6f5-d6da92e287eb]
2025-01-30 18:31:06,999 INFO c.h.h.t.HelmChartContainer - [test-hivemq-platform] [hivemq] [82e05549] INFO  - iQ2xN: no members discovered after 2511 ms: creating cluster as first member
2025-01-30 18:31:07,004 INFO c.h.h.t.HelmChartContainer - [test-hivemq-platform] [hivemq] [82e05549] INFO  - Cluster nodes found by discovery: [iQ2xN|0] (1) [iQ2xN].
2025-01-30 18:31:07,089 INFO c.h.h.t.HelmChartContainer - [test-hivemq-platform] [hivemq] [82e05549] WARN  - No user for HiveMQ Control Center configured. Starting with default user
2025-01-30 18:31:07,089 INFO c.h.h.t.HelmChartContainer - [test-hivemq-platform] [hivemq] [82e05549] INFO  - Starting HiveMQ Control Center on address 0.0.0.0 and port 8080
2025-01-30 18:31:07,095 INFO c.h.h.t.HelmChartContainer - [test-hivemq-platform] [hivemq] [82e05549] INFO  - Mounting HiveMQ Control Center V2 Preview
2025-01-30 18:31:07,785 INFO c.h.h.t.HelmChartContainer - [test-hivemq-platform] [hivemq] [82e05549] INFO  - Started HiveMQ Control Center in 697ms
2025-01-30 18:31:07,803 INFO c.h.h.t.HelmChartContainer - [test-hivemq-platform] [hivemq] [82e05549] INFO  - Starting TCP listener on address 0.0.0.0 and port 1883
2025-01-30 18:31:07,901 INFO c.h.h.t.HelmChartContainer - [test-hivemq-platform] [hivemq] [82e05549] INFO  - Started TCP Listener on address 0.0.0.0 and on port 1883.
2025-01-30 18:31:07,901 INFO c.h.h.t.HelmChartContainer - [test-hivemq-platform] [hivemq] [82e05549] INFO  - Started HiveMQ in 30111ms
2025-01-30 18:31:11,301 INFO c.h.h.t.HelmChartContainer - [test-hivemq-platform] [hivemq] [82e05549] INFO  - [HiveMQ Platform Operator Init App 1.7.0-SNAPSHOT] Returning Health API response 200 for readiness
2025-01-30 18:31:11,312 INFO c.h.h.t.HelmChartContainer - [POD] test-hivemq-platform-0 [82e05549-2552-4c6e-b6f5-d6da92e287eb] in helmvolumeclaimtemplatesit was MODIFIED
2025-01-30 18:31:11,322 INFO c.h.h.t.HelmChartContainer - [hivemq-test-hivemq-platform] [hivemq-platform-operator] [2f3f9aef] 18:31:11.319 [pool-6-thread-16] DEBUG c.h.p.o.d.PlatformServiceResource - [helmvolu] Desired Platform services (3 services)
2025-01-30 18:31:11,333 INFO c.h.h.t.HelmChartContainer - [hivemq-test-hivemq-platform] [hivemq-platform-operator] [2f3f9aef] 18:31:11.320 [pool-6-thread-19] DEBUG c.h.p.o.dependants.PodInfoConfigMap - [helmvolu] Desired PodInfo ConfigMap (1 extensions) (1 enabled)
2025-01-30 18:31:11,334 INFO c.h.h.t.HelmChartContainer - [hivemq-test-hivemq-platform] [hivemq-platform-operator] [2f3f9aef] 18:31:11.322 [pool-6-thread-19] DEBUG c.h.p.o.dependants.PodInfoConfigMap - [helmvolu] Desired PodInfo ConfigMap (metrics port: 9399) (metrics path: /)
2025-01-30 18:31:11,334 INFO c.h.h.t.HelmChartContainer - [hivemq-test-hivemq-platform] [hivemq-platform-operator] [2f3f9aef] 18:31:11.323 [pool-6-thread-19] DEBUG c.h.p.o.dependants.PodInfoConfigMap - [helmvolu] Desired PodInfo ConfigMap (extension state hash: -1817474005)
2025-01-30 18:31:11,334 INFO c.h.h.t.HelmChartContainer - [hivemq-test-hivemq-platform] [hivemq-platform-operator] [2f3f9aef] 18:31:11.324 [pool-6-thread-14] DEBUG c.h.p.o.d.PodServiceAccountResource - [helmvolu] Desired PodServiceAccountResource (serviceAccountName: hivemq-platform-pod-test-hivemq-platform)
2025-01-30 18:31:11,336 INFO c.h.h.t.HelmChartContainer - [hivemq-test-hivemq-platform] [hivemq-platform-operator] [2f3f9aef] 18:31:11.332 [pool-6-thread-11] DEBUG c.h.p.o.d.StatefulSetResource - [helmvolu] Desired StatefulSet (2 replicas) for status STARTING (READY)
2025-01-30 18:31:11,349 INFO c.h.h.t.HelmChartContainer - [EVENT] Normal [SuccessfulCreate] create Claim hivemq-pvc-data-test-hivemq-platform-1 Pod test-hivemq-platform-1 in StatefulSet test-hivemq-platform success [helmvolumeclaimtemplatesit:test-hivemq-platform]
2025-01-30 18:31:11,349 INFO c.h.h.t.HelmChartContainer - [EVENT] Normal [WaitForFirstConsumer] waiting for first consumer to be created before binding [helmvolumeclaimtemplatesit:hivemq-pvc-data-test-hivemq-platform-1]
2025-01-30 18:31:11,349 INFO c.h.h.t.HelmChartContainer - [POD] test-hivemq-platform-1 [e3f97d6d-f52b-43f9-851b-85ba8d199743] in helmvolumeclaimtemplatesit was ADDED
2025-01-30 18:31:11,357 INFO c.h.h.t.HelmChartContainer - [EVENT] Normal [SuccessfulCreate] create Pod test-hivemq-platform-1 in StatefulSet test-hivemq-platform successful [helmvolumeclaimtemplatesit:test-hivemq-platform]
2025-01-30 18:31:11,383 INFO c.h.h.t.HelmChartContainer - [hivemq-test-hivemq-platform] [hivemq-platform-operator] [2f3f9aef] 18:31:11.382 [ReconcilerExecutor-hivemq-controller-114] INFO  c.h.p.o.HiveMQPlatformReconciler - [helmvolu] Reconciling HiveMQ Platform 'test-hivemq-platform' in namespace 'helmvolumeclaimtemplatesit'
2025-01-30 18:31:11,384 INFO c.h.h.t.HelmChartContainer - [hivemq-test-hivemq-platform] [hivemq-platform-operator] [2f3f9aef] 18:31:11.382 [ReconcilerExecutor-hivemq-controller-114] DEBUG c.h.p.o.HiveMQPlatformReconciler - [helmvolu] Custom Resource Status STARTING - HiveMQ Platform is starting (READY)
2025-01-30 18:31:11,384 INFO c.h.h.t.HelmChartContainer - [hivemq-test-hivemq-platform] [hivemq-platform-operator] [2f3f9aef] 18:31:11.382 [ReconcilerExecutor-hivemq-controller-114] DEBUG c.h.p.o.HiveMQPlatformReconciler - [helmvolu] Custom Resource Spec (replicas: 2) (extensions: 1)
2025-01-30 18:31:11,390 INFO c.h.h.t.HelmChartContainer - [hivemq-test-hivemq-platform] [hivemq-platform-operator] [2f3f9aef] 18:31:11.385 [ReconcilerExecutor-hivemq-controller-114] DEBUG c.h.p.o.HiveMQPlatformReconciler - [helmvolu] StatefulSet Status (revision: test-hivemq-platform-6c7bb94cbd, replicas: 1, available: 1, ready: 1, current: 1, updated: 1)
2025-01-30 18:31:11,390 INFO c.h.h.t.HelmChartContainer - [hivemq-test-hivemq-platform] [hivemq-platform-operator] [2f3f9aef] 18:31:11.385 [ReconcilerExecutor-hivemq-controller-114] DEBUG c.h.p.o.HiveMQPlatformReconciler - [helmvolu] StatefulSet Spec (replicas: 2, init containers: 1, containers: 1, volumes: 4)
2025-01-30 18:31:11,390 INFO c.h.h.t.HelmChartContainer - [hivemq-test-hivemq-platform] [hivemq-platform-operator] [2f3f9aef] 18:31:11.386 [ReconcilerExecutor-hivemq-controller-114] DEBUG c.h.p.o.h.HiveMQPlatformReconcilerErrorHandler - [helmvolu] Pod 'test-hivemq-platform-1' phase Pending
2025-01-30 18:31:11,390 INFO c.h.h.t.HelmChartContainer - [hivemq-test-hivemq-platform] [hivemq-platform-operator] [2f3f9aef] 18:31:11.387 [ReconcilerExecutor-hivemq-controller-114] DEBUG c.h.p.o.h.HiveMQPlatformReconcilerErrorHandler - [helmvolu] Pod 'test-hivemq-platform-0' phase Running
2025-01-30 18:31:11,390 INFO c.h.h.t.HelmChartContainer - [hivemq-test-hivemq-platform] [hivemq-platform-operator] [2f3f9aef] 18:31:11.388 [ReconcilerExecutor-hivemq-controller-114] INFO  c.h.p.o.h.HiveMQPlatformReconcilerBaseHandler - [helmvolu] HiveMQ Platform is starting, 1 of 2 replicas are ready
2025-01-30 18:31:11,399 INFO c.h.h.t.HelmChartContainer - [hivemq-test-hivemq-platform] [hivemq-platform-operator] [2f3f9aef] 18:31:11.398 [pool-6-thread-21] DEBUG c.h.p.o.d.PlatformServiceResource - [helmvolu] Desired Platform services (3 services)
2025-01-30 18:31:11,404 INFO c.h.h.t.HelmChartContainer - [EVENT] Normal [ExternalProvisioning] Waiting for a volume to be created either by the external provisioner 'rancher.io/local-path' or manually by the system administrator. If volume creation is delayed, please verify that the provisioner is running and correctly registered. [helmvolumeclaimtemplatesit:hivemq-pvc-data-test-hivemq-platform-1]
2025-01-30 18:31:11,405 INFO c.h.h.t.HelmChartContainer - [EVENT] Normal [Provisioning] External provisioner is provisioning volume for claim "helmvolumeclaimtemplatesit/hivemq-pvc-data-test-hivemq-platform-1" [helmvolumeclaimtemplatesit:hivemq-pvc-data-test-hivemq-platform-1]
2025-01-30 18:31:11,440 INFO c.h.h.t.HelmChartContainer - [POD] helper-pod-create-pvc-1951f59c-c34e-4e1b-a2e0-f714f0de174f [db3a675b-c48c-408f-8def-eb0f3b413441] in kube-system was ADDED
2025-01-30 18:31:11,446 INFO c.h.h.t.HelmChartContainer - [POD] helper-pod-create-pvc-1951f59c-c34e-4e1b-a2e0-f714f0de174f [db3a675b-c48c-408f-8def-eb0f3b413441] in kube-system was MODIFIED
2025-01-30 18:31:11,471 INFO c.h.h.t.HelmChartContainer - [hivemq-test-hivemq-platform] [hivemq-platform-operator] [2f3f9aef] 18:31:11.468 [pool-6-thread-24] DEBUG c.h.p.o.d.PodServiceAccountResource - [helmvolu] Desired PodServiceAccountResource (serviceAccountName: hivemq-platform-pod-test-hivemq-platform)
2025-01-30 18:31:11,471 INFO c.h.h.t.HelmChartContainer - [hivemq-test-hivemq-platform] [hivemq-platform-operator] [2f3f9aef] 18:31:11.400 [pool-6-thread-28] DEBUG c.h.p.o.dependants.PodInfoConfigMap - [helmvolu] Desired PodInfo ConfigMap (1 extensions) (1 enabled)
2025-01-30 18:31:11,471 INFO c.h.h.t.HelmChartContainer - [hivemq-test-hivemq-platform] [hivemq-platform-operator] [2f3f9aef] 18:31:11.469 [pool-6-thread-28] DEBUG c.h.p.o.dependants.PodInfoConfigMap - [helmvolu] Desired PodInfo ConfigMap (metrics port: 9399) (metrics path: /)
2025-01-30 18:31:11,471 INFO c.h.h.t.HelmChartContainer - [hivemq-test-hivemq-platform] [hivemq-platform-operator] [2f3f9aef] 18:31:11.470 [pool-6-thread-28] DEBUG c.h.p.o.dependants.PodInfoConfigMap - [helmvolu] Desired PodInfo ConfigMap (extension state hash: -1817474005)
2025-01-30 18:31:11,476 INFO c.h.h.t.HelmChartContainer - [hivemq-test-hivemq-platform] [hivemq-platform-operator] [2f3f9aef] 18:31:11.474 [pool-6-thread-21] DEBUG c.h.p.o.d.StatefulSetResource - [helmvolu] Desired StatefulSet (2 replicas) for status STARTING (READY)
2025-01-30 18:31:11,480 INFO c.h.h.t.HelmChartContainer - [hivemq-test-hivemq-platform] [hivemq-platform-operator] [2f3f9aef] 18:31:11.479 [ReconcilerExecutor-hivemq-controller-115] INFO  c.h.p.o.HiveMQPlatformReconciler - [helmvolu] Reconciling HiveMQ Platform 'test-hivemq-platform' in namespace 'helmvolumeclaimtemplatesit'
2025-01-30 18:31:11,480 INFO c.h.h.t.HelmChartContainer - [hivemq-test-hivemq-platform] [hivemq-platform-operator] [2f3f9aef] 18:31:11.479 [ReconcilerExecutor-hivemq-controller-115] DEBUG c.h.p.o.HiveMQPlatformReconciler - [helmvolu] Custom Resource Status STARTING - HiveMQ Platform is starting (READY)
2025-01-30 18:31:11,480 INFO c.h.h.t.HelmChartContainer - [hivemq-test-hivemq-platform] [hivemq-platform-operator] [2f3f9aef] 18:31:11.479 [ReconcilerExecutor-hivemq-controller-115] DEBUG c.h.p.o.HiveMQPlatformReconciler - [helmvolu] Custom Resource Spec (replicas: 2) (extensions: 1)
2025-01-30 18:31:11,482 INFO c.h.h.t.HelmChartContainer - [hivemq-test-hivemq-platform] [hivemq-platform-operator] [2f3f9aef] 18:31:11.481 [ReconcilerExecutor-hivemq-controller-115] DEBUG c.h.p.o.HiveMQPlatformReconciler - [helmvolu] StatefulSet Status (revision: test-hivemq-platform-6c7bb94cbd, replicas: 2, available: 1, ready: 1, current: 2, updated: 2)
2025-01-30 18:31:11,483 INFO c.h.h.t.HelmChartContainer - [hivemq-test-hivemq-platform] [hivemq-platform-operator] [2f3f9aef] 18:31:11.482 [ReconcilerExecutor-hivemq-controller-115] DEBUG c.h.p.o.HiveMQPlatformReconciler - [helmvolu] StatefulSet Spec (replicas: 2, init containers: 1, containers: 1, volumes: 4)
2025-01-30 18:31:11,484 INFO c.h.h.t.HelmChartContainer - [hivemq-test-hivemq-platform] [hivemq-platform-operator] [2f3f9aef] 18:31:11.483 [ReconcilerExecutor-hivemq-controller-115] DEBUG c.h.p.o.h.HiveMQPlatformReconcilerErrorHandler - [helmvolu] Pod 'test-hivemq-platform-1' phase Pending
2025-01-30 18:31:11,487 INFO c.h.h.t.HelmChartContainer - [hivemq-test-hivemq-platform] [hivemq-platform-operator] [2f3f9aef] 18:31:11.485 [ReconcilerExecutor-hivemq-controller-115] DEBUG c.h.p.o.h.HiveMQPlatformReconcilerErrorHandler - [helmvolu] Pod 'test-hivemq-platform-0' phase Running
2025-01-30 18:31:11,566 INFO c.h.h.t.HelmChartContainer - [K3S] [reconciler_common.go:251] "operationExecutor.VerifyControllerAttachedVolume started for volume \"data\" (UniqueName: \"kubernetes.io/host-path/db3a675b-c48c-408f-8def-eb0f3b413441-data\") pod \"helper-pod-create-pvc-1951f59c-c34e-4e1b-a2e0-f714f0de174f\" (UID: \"db3a675b-c48c-408f-8def-eb0f3b413441\") " pod="kube-system/helper-pod-create-pvc-1951f59c-c34e-4e1b-a2e0-f714f0de174f"
2025-01-30 18:31:11,566 INFO c.h.h.t.HelmChartContainer - [K3S] [reconciler_common.go:251] "operationExecutor.VerifyControllerAttachedVolume started for volume \"kube-api-access-ssgxx\" (UniqueName: \"kubernetes.io/projected/db3a675b-c48c-408f-8def-eb0f3b413441-kube-api-access-ssgxx\") pod \"helper-pod-create-pvc-1951f59c-c34e-4e1b-a2e0-f714f0de174f\" (UID: \"db3a675b-c48c-408f-8def-eb0f3b413441\") " pod="kube-system/helper-pod-create-pvc-1951f59c-c34e-4e1b-a2e0-f714f0de174f"
2025-01-30 18:31:11,566 INFO c.h.h.t.HelmChartContainer - [K3S] [reconciler_common.go:251] "operationExecutor.VerifyControllerAttachedVolume started for volume \"script\" (UniqueName: \"kubernetes.io/configmap/db3a675b-c48c-408f-8def-eb0f3b413441-script\") pod \"helper-pod-create-pvc-1951f59c-c34e-4e1b-a2e0-f714f0de174f\" (UID: \"db3a675b-c48c-408f-8def-eb0f3b413441\") " pod="kube-system/helper-pod-create-pvc-1951f59c-c34e-4e1b-a2e0-f714f0de174f"
2025-01-30 18:31:11,567 INFO c.h.h.t.HelmChartContainer - [hivemq-test-hivemq-platform] [hivemq-platform-operator] [2f3f9aef] 18:31:11.487 [ReconcilerExecutor-hivemq-controller-115] INFO  c.h.p.o.h.HiveMQPlatformReconcilerBaseHandler - [helmvolu] HiveMQ Platform is starting, 1 of 2 replicas are ready
2025-01-30 18:31:11,574 INFO c.h.h.t.HelmChartContainer - [hivemq-test-hivemq-platform] [hivemq-platform-operator] [2f3f9aef] 18:31:11.571 [pool-6-thread-31] DEBUG c.h.p.o.dependants.PodInfoConfigMap - [helmvolu] Desired PodInfo ConfigMap (1 extensions) (1 enabled)
2025-01-30 18:31:11,574 INFO c.h.h.t.HelmChartContainer - [hivemq-test-hivemq-platform] [hivemq-platform-operator] [2f3f9aef] 18:31:11.572 [pool-6-thread-37] DEBUG c.h.p.o.d.PlatformServiceResource - [helmvolu] Desired Platform services (3 services)
2025-01-30 18:31:11,574 INFO c.h.h.t.HelmChartContainer - [hivemq-test-hivemq-platform] [hivemq-platform-operator] [2f3f9aef] 18:31:11.572 [pool-6-thread-31] DEBUG c.h.p.o.dependants.PodInfoConfigMap - [helmvolu] Desired PodInfo ConfigMap (metrics port: 9399) (metrics path: /)
2025-01-30 18:31:11,574 INFO c.h.h.t.HelmChartContainer - [hivemq-test-hivemq-platform] [hivemq-platform-operator] [2f3f9aef] 18:31:11.572 [pool-6-thread-31] DEBUG c.h.p.o.dependants.PodInfoConfigMap - [helmvolu] Desired PodInfo ConfigMap (extension state hash: -1817474005)
2025-01-30 18:31:11,575 INFO c.h.h.t.HelmChartContainer - [hivemq-test-hivemq-platform] [hivemq-platform-operator] [2f3f9aef] 18:31:11.574 [pool-6-thread-39] DEBUG c.h.p.o.d.PodServiceAccountResource - [helmvolu] Desired PodServiceAccountResource (serviceAccountName: hivemq-platform-pod-test-hivemq-platform)
2025-01-30 18:31:11,578 INFO c.h.h.t.HelmChartContainer - [hivemq-test-hivemq-platform] [hivemq-platform-operator] [2f3f9aef] 18:31:11.577 [pool-6-thread-37] DEBUG c.h.p.o.d.StatefulSetResource - [helmvolu] Desired StatefulSet (2 replicas) for status STARTING (READY)
2025-01-30 18:31:11,582 INFO c.h.h.t.HelmChartContainer - [hivemq-test-hivemq-platform] [hivemq-platform-operator] [2f3f9aef] 18:31:11.581 [ReconcilerExecutor-hivemq-controller-116] INFO  c.h.p.o.HiveMQPlatformReconciler - [helmvolu] Reconciling HiveMQ Platform 'test-hivemq-platform' in namespace 'helmvolumeclaimtemplatesit'
2025-01-30 18:31:11,583 INFO c.h.h.t.HelmChartContainer - [hivemq-test-hivemq-platform] [hivemq-platform-operator] [2f3f9aef] 18:31:11.581 [ReconcilerExecutor-hivemq-controller-116] DEBUG c.h.p.o.HiveMQPlatformReconciler - [helmvolu] Custom Resource Status STARTING - HiveMQ Platform is starting (READY)
2025-01-30 18:31:11,583 INFO c.h.h.t.HelmChartContainer - [hivemq-test-hivemq-platform] [hivemq-platform-operator] [2f3f9aef] 18:31:11.581 [ReconcilerExecutor-hivemq-controller-116] DEBUG c.h.p.o.HiveMQPlatformReconciler - [helmvolu] Custom Resource Spec (replicas: 2) (extensions: 1)
2025-01-30 18:31:11,585 INFO c.h.h.t.HelmChartContainer - [hivemq-test-hivemq-platform] [hivemq-platform-operator] [2f3f9aef] 18:31:11.585 [ReconcilerExecutor-hivemq-controller-116] DEBUG c.h.p.o.HiveMQPlatformReconciler - [helmvolu] StatefulSet Status (revision: test-hivemq-platform-6c7bb94cbd, replicas: 2, available: 1, ready: 1, current: 2, updated: 2)
2025-01-30 18:31:11,586 INFO c.h.h.t.HelmChartContainer - [hivemq-test-hivemq-platform] [hivemq-platform-operator] [2f3f9aef] 18:31:11.585 [ReconcilerExecutor-hivemq-controller-116] DEBUG c.h.p.o.HiveMQPlatformReconciler - [helmvolu] StatefulSet Spec (replicas: 2, init containers: 1, containers: 1, volumes: 4)
2025-01-30 18:31:11,586 INFO c.h.h.t.HelmChartContainer - [hivemq-test-hivemq-platform] [hivemq-platform-operator] [2f3f9aef] 18:31:11.586 [ReconcilerExecutor-hivemq-controller-116] DEBUG c.h.p.o.h.HiveMQPlatformReconcilerErrorHandler - [helmvolu] Pod 'test-hivemq-platform-1' phase Pending
2025-01-30 18:31:11,669 INFO c.h.h.t.HelmChartContainer - [hivemq-test-hivemq-platform] [hivemq-platform-operator] [2f3f9aef] 18:31:11.666 [ReconcilerExecutor-hivemq-controller-116] DEBUG c.h.p.o.h.HiveMQPlatformReconcilerErrorHandler - [helmvolu] Pod 'test-hivemq-platform-0' phase Running
2025-01-30 18:31:11,669 INFO c.h.h.t.HelmChartContainer - [hivemq-test-hivemq-platform] [hivemq-platform-operator] [2f3f9aef] 18:31:11.667 [ReconcilerExecutor-hivemq-controller-116] INFO  c.h.p.o.h.HiveMQPlatformReconcilerBaseHandler - [helmvolu] HiveMQ Platform is starting, 1 of 2 replicas are ready
2025-01-30 18:31:12,452 INFO c.h.h.t.HelmChartContainer - [POD] helper-pod-create-pvc-1951f59c-c34e-4e1b-a2e0-f714f0de174f [db3a675b-c48c-408f-8def-eb0f3b413441] in kube-system was MODIFIED
2025-01-30 18:31:13,517 INFO c.h.h.t.HelmChartContainer - [POD] helper-pod-create-pvc-1951f59c-c34e-4e1b-a2e0-f714f0de174f [db3a675b-c48c-408f-8def-eb0f3b413441] in kube-system was MODIFIED
2025-01-30 18:31:13,682 INFO c.h.h.t.HelmChartContainer - [K3S] [reconciler_common.go:162] "operationExecutor.UnmountVolume started for volume \"script\" (UniqueName: \"kubernetes.io/configmap/db3a675b-c48c-408f-8def-eb0f3b413441-script\") pod \"db3a675b-c48c-408f-8def-eb0f3b413441\" (UID: \"db3a675b-c48c-408f-8def-eb0f3b413441\") "
2025-01-30 18:31:13,682 INFO c.h.h.t.HelmChartContainer - [K3S] [reconciler_common.go:162] "operationExecutor.UnmountVolume started for volume \"kube-api-access-ssgxx\" (UniqueName: \"kubernetes.io/projected/db3a675b-c48c-408f-8def-eb0f3b413441-kube-api-access-ssgxx\") pod \"db3a675b-c48c-408f-8def-eb0f3b413441\" (UID: \"db3a675b-c48c-408f-8def-eb0f3b413441\") "
2025-01-30 18:31:13,682 INFO c.h.h.t.HelmChartContainer - [K3S] [reconciler_common.go:162] "operationExecutor.UnmountVolume started for volume \"data\" (UniqueName: \"kubernetes.io/host-path/db3a675b-c48c-408f-8def-eb0f3b413441-data\") pod \"db3a675b-c48c-408f-8def-eb0f3b413441\" (UID: \"db3a675b-c48c-408f-8def-eb0f3b413441\") "
2025-01-30 18:31:13,782 INFO c.h.h.t.HelmChartContainer - [K3S] [reconciler_common.go:299] "Volume detached for volume \"kube-api-access-ssgxx\" (UniqueName: \"kubernetes.io/projected/db3a675b-c48c-408f-8def-eb0f3b413441-kube-api-access-ssgxx\") on node \"c1f759053570\" DevicePath \"\""
2025-01-30 18:31:13,782 INFO c.h.h.t.HelmChartContainer - [K3S] [reconciler_common.go:299] "Volume detached for volume \"data\" (UniqueName: \"kubernetes.io/host-path/db3a675b-c48c-408f-8def-eb0f3b413441-data\") on node \"c1f759053570\" DevicePath \"\""
2025-01-30 18:31:13,782 INFO c.h.h.t.HelmChartContainer - [K3S] [reconciler_common.go:299] "Volume detached for volume \"script\" (UniqueName: \"kubernetes.io/configmap/db3a675b-c48c-408f-8def-eb0f3b413441-script\") on node \"c1f759053570\" DevicePath \"\""
2025-01-30 18:31:14,448 INFO c.h.h.t.HelmChartContainer - [K3S] [pod_container_deletor.go:80] "Container not found in pod's containers" containerID="ce241b735280686f44098f0cd7f1ef4ce08a8dff3ae426df61674aec423a26a8"
2025-01-30 18:31:14,458 INFO c.h.h.t.HelmChartContainer - [POD] helper-pod-create-pvc-1951f59c-c34e-4e1b-a2e0-f714f0de174f [db3a675b-c48c-408f-8def-eb0f3b413441] in kube-system was MODIFIED
2025-01-30 18:31:14,464 INFO c.h.h.t.HelmChartContainer - [POD] helper-pod-create-pvc-1951f59c-c34e-4e1b-a2e0-f714f0de174f [db3a675b-c48c-408f-8def-eb0f3b413441] in kube-system was DELETED
2025-01-30 18:31:14,471 INFO c.h.h.t.HelmChartContainer - [EVENT] Normal [ProvisioningSucceeded] Successfully provisioned volume pvc-1951f59c-c34e-4e1b-a2e0-f714f0de174f [helmvolumeclaimtemplatesit:hivemq-pvc-data-test-hivemq-platform-1]
2025-01-30 18:31:15,369 INFO c.h.h.t.HelmChartContainer - [K3S] [memory_manager.go:355] "RemoveStaleState removing state" podUID="db3a675b-c48c-408f-8def-eb0f3b413441" containerName="helper-pod"
2025-01-30 18:31:15,370 INFO c.h.h.t.HelmChartContainer - [POD] test-hivemq-platform-1 [e3f97d6d-f52b-43f9-851b-85ba8d199743] in helmvolumeclaimtemplatesit was MODIFIED
2025-01-30 18:31:15,370 INFO c.h.h.t.HelmChartContainer - [EVENT] Normal [Scheduled] Successfully assigned helmvolumeclaimtemplatesit/test-hivemq-platform-1 to c1f759053570 [helmvolumeclaimtemplatesit:test-hivemq-platform-1]
2025-01-30 18:31:15,383 INFO c.h.h.t.HelmChartContainer - [POD] test-hivemq-platform-1 [e3f97d6d-f52b-43f9-851b-85ba8d199743] in helmvolumeclaimtemplatesit was MODIFIED
2025-01-30 18:31:15,383 INFO c.h.h.t.HelmChartContainer - [hivemq-test-hivemq-platform] [hivemq-platform-operator] [2f3f9aef] 18:31:15.382 [pool-6-thread-41] DEBUG c.h.p.o.d.PlatformServiceResource - [helmvolu] Desired Platform services (3 services)
2025-01-30 18:31:15,389 INFO c.h.h.t.HelmChartContainer - [hivemq-test-hivemq-platform] [hivemq-platform-operator] [2f3f9aef] 18:31:15.385 [pool-6-thread-48] DEBUG c.h.p.o.dependants.PodInfoConfigMap - [helmvolu] Desired PodInfo ConfigMap (1 extensions) (1 enabled)
2025-01-30 18:31:15,389 INFO c.h.h.t.HelmChartContainer - [hivemq-test-hivemq-platform] [hivemq-platform-operator] [2f3f9aef] 18:31:15.386 [pool-6-thread-48] DEBUG c.h.p.o.dependants.PodInfoConfigMap - [helmvolu] Desired PodInfo ConfigMap (metrics port: 9399) (metrics path: /)
2025-01-30 18:31:15,391 INFO c.h.h.t.HelmChartContainer - [hivemq-test-hivemq-platform] [hivemq-platform-operator] [2f3f9aef] 18:31:15.386 [pool-6-thread-48] DEBUG c.h.p.o.dependants.PodInfoConfigMap - [helmvolu] Desired PodInfo ConfigMap (extension state hash: -1817474005)
2025-01-30 18:31:15,391 INFO c.h.h.t.HelmChartContainer - [hivemq-test-hivemq-platform] [hivemq-platform-operator] [2f3f9aef] 18:31:15.389 [pool-6-thread-47] DEBUG c.h.p.o.d.PodServiceAccountResource - [helmvolu] Desired PodServiceAccountResource (serviceAccountName: hivemq-platform-pod-test-hivemq-platform)
2025-01-30 18:31:15,473 INFO c.h.h.t.HelmChartContainer - [hivemq-test-hivemq-platform] [hivemq-platform-operator] [2f3f9aef] 18:31:15.468 [pool-6-thread-41] DEBUG c.h.p.o.d.StatefulSetResource - [helmvolu] Desired StatefulSet (2 replicas) for status STARTING (READY)
2025-01-30 18:31:15,473 INFO c.h.h.t.HelmChartContainer - [hivemq-test-hivemq-platform] [hivemq-platform-operator] [2f3f9aef] 18:31:15.472 [ReconcilerExecutor-hivemq-controller-117] INFO  c.h.p.o.HiveMQPlatformReconciler - [helmvolu] Reconciling HiveMQ Platform 'test-hivemq-platform' in namespace 'helmvolumeclaimtemplatesit'
2025-01-30 18:31:15,474 INFO c.h.h.t.HelmChartContainer - [hivemq-test-hivemq-platform] [hivemq-platform-operator] [2f3f9aef] 18:31:15.472 [ReconcilerExecutor-hivemq-controller-117] DEBUG c.h.p.o.HiveMQPlatformReconciler - [helmvolu] Custom Resource Status STARTING - HiveMQ Platform is starting (READY)
2025-01-30 18:31:15,474 INFO c.h.h.t.HelmChartContainer - [hivemq-test-hivemq-platform] [hivemq-platform-operator] [2f3f9aef] 18:31:15.472 [ReconcilerExecutor-hivemq-controller-117] DEBUG c.h.p.o.HiveMQPlatformReconciler - [helmvolu] Custom Resource Spec (replicas: 2) (extensions: 1)
2025-01-30 18:31:15,476 INFO c.h.h.t.HelmChartContainer - [hivemq-test-hivemq-platform] [hivemq-platform-operator] [2f3f9aef] 18:31:15.474 [ReconcilerExecutor-hivemq-controller-117] DEBUG c.h.p.o.HiveMQPlatformReconciler - [helmvolu] StatefulSet Status (revision: test-hivemq-platform-6c7bb94cbd, replicas: 2, available: 1, ready: 1, current: 2, updated: 2)
2025-01-30 18:31:15,476 INFO c.h.h.t.HelmChartContainer - [hivemq-test-hivemq-platform] [hivemq-platform-operator] [2f3f9aef] 18:31:15.474 [ReconcilerExecutor-hivemq-controller-117] DEBUG c.h.p.o.HiveMQPlatformReconciler - [helmvolu] StatefulSet Spec (replicas: 2, init containers: 1, containers: 1, volumes: 4)
2025-01-30 18:31:15,479 INFO c.h.h.t.HelmChartContainer - [hivemq-test-hivemq-platform] [hivemq-platform-operator] [2f3f9aef] 18:31:15.478 [ReconcilerExecutor-hivemq-controller-117] DEBUG c.h.p.o.h.HiveMQPlatformReconcilerErrorHandler - [helmvolu] Pod 'test-hivemq-platform-1' phase Pending
2025-01-30 18:31:15,479 INFO c.h.h.t.HelmChartContainer - [hivemq-test-hivemq-platform] [hivemq-platform-operator] [2f3f9aef] 18:31:15.478 [ReconcilerExecutor-hivemq-controller-117] DEBUG c.h.p.o.h.HiveMQPlatformReconcilerErrorHandler - [helmvolu] Pod 'test-hivemq-platform-1' condition 'PodReadyToStartContainers': False
2025-01-30 18:31:15,481 INFO c.h.h.t.HelmChartContainer - [hivemq-test-hivemq-platform] [hivemq-platform-operator] [2f3f9aef] 18:31:15.478 [ReconcilerExecutor-hivemq-controller-117] DEBUG c.h.p.o.h.HiveMQPlatformReconcilerErrorHandler - [helmvolu] Pod 'test-hivemq-platform-1' condition 'Initialized': False
2025-01-30 18:31:15,481 INFO c.h.h.t.HelmChartContainer - [hivemq-test-hivemq-platform] [hivemq-platform-operator] [2f3f9aef] 18:31:15.478 [ReconcilerExecutor-hivemq-controller-117] DEBUG c.h.p.o.h.HiveMQPlatformReconcilerErrorHandler - [helmvolu] Pod 'test-hivemq-platform-1' condition 'Ready': False
2025-01-30 18:31:15,481 INFO c.h.h.t.HelmChartContainer - [hivemq-test-hivemq-platform] [hivemq-platform-operator] [2f3f9aef] 18:31:15.478 [ReconcilerExecutor-hivemq-controller-117] DEBUG c.h.p.o.h.HiveMQPlatformReconcilerErrorHandler - [helmvolu] Pod 'test-hivemq-platform-1' condition 'ContainersReady': False
2025-01-30 18:31:15,481 INFO c.h.h.t.HelmChartContainer - [hivemq-test-hivemq-platform] [hivemq-platform-operator] [2f3f9aef] 18:31:15.478 [ReconcilerExecutor-hivemq-controller-117] DEBUG c.h.p.o.h.HiveMQPlatformReconcilerErrorHandler - [helmvolu] Pod 'test-hivemq-platform-1' condition 'PodScheduled': True
2025-01-30 18:31:15,481 INFO c.h.h.t.HelmChartContainer - [hivemq-test-hivemq-platform] [hivemq-platform-operator] [2f3f9aef] 18:31:15.478 [ReconcilerExecutor-hivemq-controller-117] DEBUG c.h.p.o.h.HiveMQPlatformReconcilerErrorHandler - [helmvolu] Pod 'test-hivemq-platform-1' containerStatus 'hivemq' (started: false) (ready: false) (waiting: [PodInitializing] null)
2025-01-30 18:31:15,481 INFO c.h.h.t.HelmChartContainer - [hivemq-test-hivemq-platform] [hivemq-platform-operator] [2f3f9aef] 18:31:15.480 [ReconcilerExecutor-hivemq-controller-117] DEBUG c.h.p.o.h.HiveMQPlatformReconcilerErrorHandler - [helmvolu] Pod 'test-hivemq-platform-0' phase Running
2025-01-30 18:31:15,483 INFO c.h.h.t.HelmChartContainer - [hivemq-test-hivemq-platform] [hivemq-platform-operator] [2f3f9aef] 18:31:15.481 [ReconcilerExecutor-hivemq-controller-117] INFO  c.h.p.o.h.HiveMQPlatformReconcilerBaseHandler - [helmvolu] HiveMQ Platform is starting, 1 of 2 replicas are ready
2025-01-30 18:31:15,487 INFO c.h.h.t.HelmChartContainer - [hivemq-test-hivemq-platform] [hivemq-platform-operator] [2f3f9aef] 18:31:15.485 [pool-6-thread-9] DEBUG c.h.p.o.d.PlatformServiceResource - [helmvolu] Desired Platform services (3 services)
2025-01-30 18:31:15,488 INFO c.h.h.t.HelmChartContainer - [hivemq-test-hivemq-platform] [hivemq-platform-operator] [2f3f9aef] 18:31:15.487 [pool-6-thread-2] DEBUG c.h.p.o.dependants.PodInfoConfigMap - [helmvolu] Desired PodInfo ConfigMap (1 extensions) (1 enabled)
2025-01-30 18:31:15,490 INFO c.h.h.t.HelmChartContainer - [hivemq-test-hivemq-platform] [hivemq-platform-operator] [2f3f9aef] 18:31:15.489 [pool-6-thread-9] DEBUG c.h.p.o.d.PodServiceAccountResource - [helmvolu] Desired PodServiceAccountResource (serviceAccountName: hivemq-platform-pod-test-hivemq-platform)
2025-01-30 18:31:15,492 INFO c.h.h.t.HelmChartContainer - [K3S] [reconciler_common.go:251] "operationExecutor.VerifyControllerAttachedVolume started for volume \"kube-api-access-84pjj\" (UniqueName: \"kubernetes.io/projected/e3f97d6d-f52b-43f9-851b-85ba8d199743-kube-api-access-84pjj\") pod \"test-hivemq-platform-1\" (UID: \"e3f97d6d-f52b-43f9-851b-85ba8d199743\") " pod="helmvolumeclaimtemplatesit/test-hivemq-platform-1"
2025-01-30 18:31:15,492 INFO c.h.h.t.HelmChartContainer - [K3S] [reconciler_common.go:251] "operationExecutor.VerifyControllerAttachedVolume started for volume \"broker-configuration\" (UniqueName: \"kubernetes.io/configmap/e3f97d6d-f52b-43f9-851b-85ba8d199743-broker-configuration\") pod \"test-hivemq-platform-1\" (UID: \"e3f97d6d-f52b-43f9-851b-85ba8d199743\") " pod="helmvolumeclaimtemplatesit/test-hivemq-platform-1"
2025-01-30 18:31:15,492 INFO c.h.h.t.HelmChartContainer - [K3S] [reconciler_common.go:251] "operationExecutor.VerifyControllerAttachedVolume started for volume \"operator-init\" (UniqueName: \"kubernetes.io/empty-dir/e3f97d6d-f52b-43f9-851b-85ba8d199743-operator-init\") pod \"test-hivemq-platform-1\" (UID: \"e3f97d6d-f52b-43f9-851b-85ba8d199743\") " pod="helmvolumeclaimtemplatesit/test-hivemq-platform-1"
2025-01-30 18:31:15,492 INFO c.h.h.t.HelmChartContainer - [K3S] [reconciler_common.go:251] "operationExecutor.VerifyControllerAttachedVolume started for volume \"pod-info\" (UniqueName: \"kubernetes.io/configmap/e3f97d6d-f52b-43f9-851b-85ba8d199743-pod-info\") pod \"test-hivemq-platform-1\" (UID: \"e3f97d6d-f52b-43f9-851b-85ba8d199743\") " pod="helmvolumeclaimtemplatesit/test-hivemq-platform-1"
2025-01-30 18:31:15,493 INFO c.h.h.t.HelmChartContainer - [K3S] [reconciler_common.go:251] "operationExecutor.VerifyControllerAttachedVolume started for volume \"pvc-1951f59c-c34e-4e1b-a2e0-f714f0de174f\" (UniqueName: \"kubernetes.io/local-volume/pvc-1951f59c-c34e-4e1b-a2e0-f714f0de174f\") pod \"test-hivemq-platform-1\" (UID: \"e3f97d6d-f52b-43f9-851b-85ba8d199743\") " pod="helmvolumeclaimtemplatesit/test-hivemq-platform-1"
2025-01-30 18:31:15,569 INFO c.h.h.t.HelmChartContainer - [hivemq-test-hivemq-platform] [hivemq-platform-operator] [2f3f9aef] 18:31:15.566 [pool-6-thread-2] DEBUG c.h.p.o.dependants.PodInfoConfigMap - [helmvolu] Desired PodInfo ConfigMap (metrics port: 9399) (metrics path: /)
2025-01-30 18:31:15,569 INFO c.h.h.t.HelmChartContainer - [hivemq-test-hivemq-platform] [hivemq-platform-operator] [2f3f9aef] 18:31:15.567 [pool-6-thread-2] DEBUG c.h.p.o.dependants.PodInfoConfigMap - [helmvolu] Desired PodInfo ConfigMap (extension state hash: -1817474005)
2025-01-30 18:31:15,571 INFO c.h.h.t.HelmChartContainer - [hivemq-test-hivemq-platform] [hivemq-platform-operator] [2f3f9aef] 18:31:15.570 [pool-6-thread-6] DEBUG c.h.p.o.d.StatefulSetResource - [helmvolu] Desired StatefulSet (2 replicas) for status STARTING (READY)
2025-01-30 18:31:15,575 INFO c.h.h.t.HelmChartContainer - [hivemq-test-hivemq-platform] [hivemq-platform-operator] [2f3f9aef] 18:31:15.574 [ReconcilerExecutor-hivemq-controller-118] INFO  c.h.p.o.HiveMQPlatformReconciler - [helmvolu] Reconciling HiveMQ Platform 'test-hivemq-platform' in namespace 'helmvolumeclaimtemplatesit'
2025-01-30 18:31:15,575 INFO c.h.h.t.HelmChartContainer - [hivemq-test-hivemq-platform] [hivemq-platform-operator] [2f3f9aef] 18:31:15.574 [ReconcilerExecutor-hivemq-controller-118] DEBUG c.h.p.o.HiveMQPlatformReconciler - [helmvolu] Custom Resource Status STARTING - HiveMQ Platform is starting (READY)
2025-01-30 18:31:15,575 INFO c.h.h.t.HelmChartContainer - [hivemq-test-hivemq-platform] [hivemq-platform-operator] [2f3f9aef] 18:31:15.574 [ReconcilerExecutor-hivemq-controller-118] DEBUG c.h.p.o.HiveMQPlatformReconciler - [helmvolu] Custom Resource Spec (replicas: 2) (extensions: 1)
2025-01-30 18:31:15,577 INFO c.h.h.t.HelmChartContainer - [hivemq-test-hivemq-platform] [hivemq-platform-operator] [2f3f9aef] 18:31:15.576 [ReconcilerExecutor-hivemq-controller-118] DEBUG c.h.p.o.HiveMQPlatformReconciler - [helmvolu] StatefulSet Status (revision: test-hivemq-platform-6c7bb94cbd, replicas: 2, available: 1, ready: 1, current: 2, updated: 2)
2025-01-30 18:31:15,577 INFO c.h.h.t.HelmChartContainer - [hivemq-test-hivemq-platform] [hivemq-platform-operator] [2f3f9aef] 18:31:15.576 [ReconcilerExecutor-hivemq-controller-118] DEBUG c.h.p.o.HiveMQPlatformReconciler - [helmvolu] StatefulSet Spec (replicas: 2, init containers: 1, containers: 1, volumes: 4)
2025-01-30 18:31:15,578 INFO c.h.h.t.HelmChartContainer - [hivemq-test-hivemq-platform] [hivemq-platform-operator] [2f3f9aef] 18:31:15.578 [ReconcilerExecutor-hivemq-controller-118] DEBUG c.h.p.o.h.HiveMQPlatformReconcilerErrorHandler - [helmvolu] Pod 'test-hivemq-platform-1' phase Pending
2025-01-30 18:31:15,579 INFO c.h.h.t.HelmChartContainer - [hivemq-test-hivemq-platform] [hivemq-platform-operator] [2f3f9aef] 18:31:15.578 [ReconcilerExecutor-hivemq-controller-118] DEBUG c.h.p.o.h.HiveMQPlatformReconcilerErrorHandler - [helmvolu] Pod 'test-hivemq-platform-1' condition 'PodReadyToStartContainers': False
2025-01-30 18:31:15,579 INFO c.h.h.t.HelmChartContainer - [hivemq-test-hivemq-platform] [hivemq-platform-operator] [2f3f9aef] 18:31:15.578 [ReconcilerExecutor-hivemq-controller-118] DEBUG c.h.p.o.h.HiveMQPlatformReconcilerErrorHandler - [helmvolu] Pod 'test-hivemq-platform-1' condition 'Initialized': False
2025-01-30 18:31:15,579 INFO c.h.h.t.HelmChartContainer - [hivemq-test-hivemq-platform] [hivemq-platform-operator] [2f3f9aef] 18:31:15.578 [ReconcilerExecutor-hivemq-controller-118] DEBUG c.h.p.o.h.HiveMQPlatformReconcilerErrorHandler - [helmvolu] Pod 'test-hivemq-platform-1' condition 'Ready': False
2025-01-30 18:31:15,580 INFO c.h.h.t.HelmChartContainer - [hivemq-test-hivemq-platform] [hivemq-platform-operator] [2f3f9aef] 18:31:15.578 [ReconcilerExecutor-hivemq-controller-118] DEBUG c.h.p.o.h.HiveMQPlatformReconcilerErrorHandler - [helmvolu] Pod 'test-hivemq-platform-1' condition 'ContainersReady': False
2025-01-30 18:31:15,580 INFO c.h.h.t.HelmChartContainer - [hivemq-test-hivemq-platform] [hivemq-platform-operator] [2f3f9aef] 18:31:15.578 [ReconcilerExecutor-hivemq-controller-118] DEBUG c.h.p.o.h.HiveMQPlatformReconcilerErrorHandler - [helmvolu] Pod 'test-hivemq-platform-1' condition 'PodScheduled': True
2025-01-30 18:31:15,580 INFO c.h.h.t.HelmChartContainer - [hivemq-test-hivemq-platform] [hivemq-platform-operator] [2f3f9aef] 18:31:15.578 [ReconcilerExecutor-hivemq-controller-118] DEBUG c.h.p.o.h.HiveMQPlatformReconcilerErrorHandler - [helmvolu] Pod 'test-hivemq-platform-1' containerStatus 'hivemq' (started: false) (ready: false) (waiting: [PodInitializing] null)
2025-01-30 18:31:15,581 INFO c.h.h.t.HelmChartContainer - [hivemq-test-hivemq-platform] [hivemq-platform-operator] [2f3f9aef] 18:31:15.579 [ReconcilerExecutor-hivemq-controller-118] DEBUG c.h.p.o.h.HiveMQPlatformReconcilerErrorHandler - [helmvolu] Pod 'test-hivemq-platform-0' phase Running
2025-01-30 18:31:15,582 INFO c.h.h.t.HelmChartContainer - [hivemq-test-hivemq-platform] [hivemq-platform-operator] [2f3f9aef] 18:31:15.581 [ReconcilerExecutor-hivemq-controller-118] INFO  c.h.p.o.h.HiveMQPlatformReconcilerBaseHandler - [helmvolu] HiveMQ Platform is starting, 1 of 2 replicas are ready
2025-01-30 18:31:15,752 INFO c.h.h.t.HelmChartContainer - [EVENT] Normal [Pulled] Container image "docker.io/hivemq/hivemq-platform-operator-init-test:snapshot" already present on machine [helmvolumeclaimtemplatesit:test-hivemq-platform-1]
2025-01-30 18:31:15,759 INFO c.h.h.t.HelmChartContainer - [EVENT] Normal [Created] Created container: hivemq-platform-operator-init [helmvolumeclaimtemplatesit:test-hivemq-platform-1]
2025-01-30 18:31:15,793 INFO c.h.h.t.HelmChartContainer - [EVENT] Normal [Started] Started container hivemq-platform-operator-init [helmvolumeclaimtemplatesit:test-hivemq-platform-1]
2025-01-30 18:31:16,125 INFO c.h.h.t.HelmChartContainer - [K3S] [kubelet_volumes.go:163] "Cleaned up orphaned pod volumes dir" podUID="db3a675b-c48c-408f-8def-eb0f3b413441" path="/var/lib/kubelet/pods/db3a675b-c48c-408f-8def-eb0f3b413441/volumes"
2025-01-30 18:31:16,457 INFO c.h.h.t.HelmChartContainer - [EVENT] Normal [Pulled] Container image "docker.io/hivemq/hivemq4:4.36.0" already present on machine [helmvolumeclaimtemplatesit:test-hivemq-platform-1]
2025-01-30 18:31:16,457 INFO c.h.h.t.HelmChartContainer - Received Pulled event for container hivemq in pod test-hivemq-platform-1 [e3f97d6d-f52b-43f9-851b-85ba8d199743]
2025-01-30 18:31:16,466 INFO c.h.h.t.HelmChartContainer - [POD] test-hivemq-platform-1 [e3f97d6d-f52b-43f9-851b-85ba8d199743] in helmvolumeclaimtemplatesit was MODIFIED
2025-01-30 18:31:16,475 INFO c.h.h.t.HelmChartContainer - [EVENT] Normal [Created] Created container: hivemq [helmvolumeclaimtemplatesit:test-hivemq-platform-1]
2025-01-30 18:31:16,475 INFO c.h.h.t.HelmChartContainer - Received Created event for container hivemq in pod test-hivemq-platform-1 [e3f97d6d-f52b-43f9-851b-85ba8d199743]
2025-01-30 18:31:16,485 INFO c.h.h.t.HelmChartContainer - [hivemq-test-hivemq-platform] [hivemq-platform-operator] [2f3f9aef] 18:31:16.483 [pool-6-thread-19] DEBUG c.h.p.o.d.PlatformServiceResource - [helmvolu] Desired Platform services (3 services)
2025-01-30 18:31:16,505 INFO c.h.h.t.HelmChartContainer - [hivemq-test-hivemq-platform] [hivemq-platform-operator] [2f3f9aef] 18:31:16.491 [pool-6-thread-18] DEBUG c.h.p.o.dependants.PodInfoConfigMap - [helmvolu] Desired PodInfo ConfigMap (1 extensions) (1 enabled)
2025-01-30 18:31:16,506 INFO c.h.h.t.HelmChartContainer - [hivemq-test-hivemq-platform] [hivemq-platform-operator] [2f3f9aef] 18:31:16.491 [pool-6-thread-18] DEBUG c.h.p.o.dependants.PodInfoConfigMap - [helmvolu] Desired PodInfo ConfigMap (metrics port: 9399) (metrics path: /)
2025-01-30 18:31:16,506 INFO c.h.h.t.HelmChartContainer - [hivemq-test-hivemq-platform] [hivemq-platform-operator] [2f3f9aef] 18:31:16.491 [pool-6-thread-18] DEBUG c.h.p.o.dependants.PodInfoConfigMap - [helmvolu] Desired PodInfo ConfigMap (extension state hash: -1817474005)
2025-01-30 18:31:16,506 INFO c.h.h.t.HelmChartContainer - [hivemq-test-hivemq-platform] [hivemq-platform-operator] [2f3f9aef] 18:31:16.485 [pool-6-thread-13] DEBUG c.h.p.o.d.PodServiceAccountResource - [helmvolu] Desired PodServiceAccountResource (serviceAccountName: hivemq-platform-pod-test-hivemq-platform)
2025-01-30 18:31:16,548 INFO c.h.h.t.HelmChartContainer - [hivemq-test-hivemq-platform] [hivemq-platform-operator] [2f3f9aef] 18:31:16.545 [pool-6-thread-19] DEBUG c.h.p.o.d.StatefulSetResource - [helmvolu] Desired StatefulSet (2 replicas) for status STARTING (READY)
2025-01-30 18:31:16,572 INFO c.h.h.t.HelmChartContainer - [hivemq-test-hivemq-platform] [hivemq-platform-operator] [2f3f9aef] 18:31:16.569 [ReconcilerExecutor-hivemq-controller-119] INFO  c.h.p.o.HiveMQPlatformReconciler - [helmvolu] Reconciling HiveMQ Platform 'test-hivemq-platform' in namespace 'helmvolumeclaimtemplatesit'
2025-01-30 18:31:16,573 INFO c.h.h.t.HelmChartContainer - [hivemq-test-hivemq-platform] [hivemq-platform-operator] [2f3f9aef] 18:31:16.569 [ReconcilerExecutor-hivemq-controller-119] DEBUG c.h.p.o.HiveMQPlatformReconciler - [helmvolu] Custom Resource Status STARTING - HiveMQ Platform is starting (READY)
2025-01-30 18:31:16,573 INFO c.h.h.t.HelmChartContainer - [hivemq-test-hivemq-platform] [hivemq-platform-operator] [2f3f9aef] 18:31:16.569 [ReconcilerExecutor-hivemq-controller-119] DEBUG c.h.p.o.HiveMQPlatformReconciler - [helmvolu] Custom Resource Spec (replicas: 2) (extensions: 1)
2025-01-30 18:31:16,573 INFO c.h.h.t.HelmChartContainer - [hivemq-test-hivemq-platform] [hivemq-platform-operator] [2f3f9aef] 18:31:16.571 [ReconcilerExecutor-hivemq-controller-119] DEBUG c.h.p.o.HiveMQPlatformReconciler - [helmvolu] StatefulSet Status (revision: test-hivemq-platform-6c7bb94cbd, replicas: 2, available: 1, ready: 1, current: 2, updated: 2)
2025-01-30 18:31:16,573 INFO c.h.h.t.HelmChartContainer - [hivemq-test-hivemq-platform] [hivemq-platform-operator] [2f3f9aef] 18:31:16.571 [ReconcilerExecutor-hivemq-controller-119] DEBUG c.h.p.o.HiveMQPlatformReconciler - [helmvolu] StatefulSet Spec (replicas: 2, init containers: 1, containers: 1, volumes: 4)
2025-01-30 18:31:16,574 INFO c.h.h.t.HelmChartContainer - [hivemq-test-hivemq-platform] [hivemq-platform-operator] [2f3f9aef] 18:31:16.573 [ReconcilerExecutor-hivemq-controller-119] DEBUG c.h.p.o.h.HiveMQPlatformReconcilerErrorHandler - [helmvolu] Pod 'test-hivemq-platform-1' phase Pending
2025-01-30 18:31:16,575 INFO c.h.h.t.HelmChartContainer - [hivemq-test-hivemq-platform] [hivemq-platform-operator] [2f3f9aef] 18:31:16.573 [ReconcilerExecutor-hivemq-controller-119] DEBUG c.h.p.o.h.HiveMQPlatformReconcilerErrorHandler - [helmvolu] Pod 'test-hivemq-platform-1' condition 'PodReadyToStartContainers': True
2025-01-30 18:31:16,575 INFO c.h.h.t.HelmChartContainer - [hivemq-test-hivemq-platform] [hivemq-platform-operator] [2f3f9aef] 18:31:16.573 [ReconcilerExecutor-hivemq-controller-119] DEBUG c.h.p.o.h.HiveMQPlatformReconcilerErrorHandler - [helmvolu] Pod 'test-hivemq-platform-1' condition 'Initialized': True
2025-01-30 18:31:16,575 INFO c.h.h.t.HelmChartContainer - [hivemq-test-hivemq-platform] [hivemq-platform-operator] [2f3f9aef] 18:31:16.573 [ReconcilerExecutor-hivemq-controller-119] DEBUG c.h.p.o.h.HiveMQPlatformReconcilerErrorHandler - [helmvolu] Pod 'test-hivemq-platform-1' condition 'Ready': False
2025-01-30 18:31:16,575 INFO c.h.h.t.HelmChartContainer - [hivemq-test-hivemq-platform] [hivemq-platform-operator] [2f3f9aef] 18:31:16.573 [ReconcilerExecutor-hivemq-controller-119] DEBUG c.h.p.o.h.HiveMQPlatformReconcilerErrorHandler - [helmvolu] Pod 'test-hivemq-platform-1' condition 'ContainersReady': False
2025-01-30 18:31:16,576 INFO c.h.h.t.HelmChartContainer - [hivemq-test-hivemq-platform] [hivemq-platform-operator] [2f3f9aef] 18:31:16.574 [ReconcilerExecutor-hivemq-controller-119] DEBUG c.h.p.o.h.HiveMQPlatformReconcilerErrorHandler - [helmvolu] Pod 'test-hivemq-platform-1' condition 'PodScheduled': True
2025-01-30 18:31:16,576 INFO c.h.h.t.HelmChartContainer - [hivemq-test-hivemq-platform] [hivemq-platform-operator] [2f3f9aef] 18:31:16.574 [ReconcilerExecutor-hivemq-controller-119] DEBUG c.h.p.o.h.HiveMQPlatformReconcilerErrorHandler - [helmvolu] Pod 'test-hivemq-platform-1' containerStatus 'hivemq' (started: false) (ready: false) (waiting: [PodInitializing] null)
2025-01-30 18:31:16,577 INFO c.h.h.t.HelmChartContainer - [hivemq-test-hivemq-platform] [hivemq-platform-operator] [2f3f9aef] 18:31:16.576 [ReconcilerExecutor-hivemq-controller-119] DEBUG c.h.p.o.h.HiveMQPlatformReconcilerErrorHandler - [helmvolu] Pod 'test-hivemq-platform-0' phase Running
2025-01-30 18:31:16,579 INFO c.h.h.t.HelmChartContainer - [hivemq-test-hivemq-platform] [hivemq-platform-operator] [2f3f9aef] 18:31:16.577 [ReconcilerExecutor-hivemq-controller-119] INFO  c.h.p.o.h.HiveMQPlatformReconcilerBaseHandler - [helmvolu] HiveMQ Platform is starting, 1 of 2 replicas are ready
2025-01-30 18:31:17,468 INFO c.h.h.t.HelmChartContainer - [POD] test-hivemq-platform-1 [e3f97d6d-f52b-43f9-851b-85ba8d199743] in helmvolumeclaimtemplatesit was MODIFIED
2025-01-30 18:31:17,476 INFO c.h.h.t.HelmChartContainer - [hivemq-test-hivemq-platform] [hivemq-platform-operator] [2f3f9aef] 18:31:17.472 [pool-6-thread-23] DEBUG c.h.p.o.d.PlatformServiceResource - [helmvolu] Desired Platform services (3 services)
2025-01-30 18:31:17,476 INFO c.h.h.t.HelmChartContainer - [hivemq-test-hivemq-platform] [hivemq-platform-operator] [2f3f9aef] 18:31:17.473 [pool-6-thread-30] DEBUG c.h.p.o.dependants.PodInfoConfigMap - [helmvolu] Desired PodInfo ConfigMap (1 extensions) (1 enabled)
2025-01-30 18:31:17,476 INFO c.h.h.t.HelmChartContainer - [hivemq-test-hivemq-platform] [hivemq-platform-operator] [2f3f9aef] 18:31:17.474 [pool-6-thread-30] DEBUG c.h.p.o.dependants.PodInfoConfigMap - [helmvolu] Desired PodInfo ConfigMap (metrics port: 9399) (metrics path: /)
2025-01-30 18:31:17,480 INFO c.h.h.t.HelmChartContainer - [hivemq-test-hivemq-platform] [hivemq-platform-operator] [2f3f9aef] 18:31:17.474 [pool-6-thread-30] DEBUG c.h.p.o.dependants.PodInfoConfigMap - [helmvolu] Desired PodInfo ConfigMap (extension state hash: -1817474005)
2025-01-30 18:31:17,481 INFO c.h.h.t.HelmChartContainer - Started log watcher for hivemq in pod test-hivemq-platform-1 [e3f97d6d-f52b-43f9-851b-85ba8d199743]
2025-01-30 18:31:17,481 INFO c.h.h.t.HelmChartContainer - [test-hivemq-platform] [hivemq] [e3f97d6d] Adding pre-installed HiveMQ Platform Operator extensions
2025-01-30 18:31:17,481 INFO c.h.h.t.HelmChartContainer - [test-hivemq-platform] [hivemq] [e3f97d6d] Running as user 10000
2025-01-30 18:31:17,481 INFO c.h.h.t.HelmChartContainer - [test-hivemq-platform] [hivemq] [e3f97d6d] Starting HiveMQ Platform Operator Init
2025-01-30 18:31:17,481 INFO c.h.h.t.HelmChartContainer - [EVENT] Normal [Started] Started container hivemq [helmvolumeclaimtemplatesit:test-hivemq-platform-1]
2025-01-30 18:31:17,481 INFO c.h.h.t.HelmChartContainer - Received Started event for container hivemq in pod test-hivemq-platform-1 [e3f97d6d-f52b-43f9-851b-85ba8d199743]
2025-01-30 18:31:17,482 INFO c.h.h.t.HelmChartContainer - [hivemq-test-hivemq-platform] [hivemq-platform-operator] [2f3f9aef] 18:31:17.477 [pool-6-thread-28] DEBUG c.h.p.o.d.PodServiceAccountResource - [helmvolu] Desired PodServiceAccountResource (serviceAccountName: hivemq-platform-pod-test-hivemq-platform)
2025-01-30 18:31:17,483 INFO c.h.h.t.HelmChartContainer - [hivemq-test-hivemq-platform] [hivemq-platform-operator] [2f3f9aef] 18:31:17.482 [pool-6-thread-23] DEBUG c.h.p.o.d.StatefulSetResource - [helmvolu] Desired StatefulSet (2 replicas) for status STARTING (READY)
2025-01-30 18:31:17,490 INFO c.h.h.t.HelmChartContainer - [hivemq-test-hivemq-platform] [hivemq-platform-operator] [2f3f9aef] 18:31:17.486 [ReconcilerExecutor-hivemq-controller-120] INFO  c.h.p.o.HiveMQPlatformReconciler - [helmvolu] Reconciling HiveMQ Platform 'test-hivemq-platform' in namespace 'helmvolumeclaimtemplatesit'
2025-01-30 18:31:17,490 INFO c.h.h.t.HelmChartContainer - [hivemq-test-hivemq-platform] [hivemq-platform-operator] [2f3f9aef] 18:31:17.486 [ReconcilerExecutor-hivemq-controller-120] DEBUG c.h.p.o.HiveMQPlatformReconciler - [helmvolu] Custom Resource Status STARTING - HiveMQ Platform is starting (READY)
2025-01-30 18:31:17,491 INFO c.h.h.t.HelmChartContainer - [hivemq-test-hivemq-platform] [hivemq-platform-operator] [2f3f9aef] 18:31:17.486 [ReconcilerExecutor-hivemq-controller-120] DEBUG c.h.p.o.HiveMQPlatformReconciler - [helmvolu] Custom Resource Spec (replicas: 2) (extensions: 1)
2025-01-30 18:31:17,491 INFO c.h.h.t.HelmChartContainer - [hivemq-test-hivemq-platform] [hivemq-platform-operator] [2f3f9aef] 18:31:17.488 [ReconcilerExecutor-hivemq-controller-120] DEBUG c.h.p.o.HiveMQPlatformReconciler - [helmvolu] StatefulSet Status (revision: test-hivemq-platform-6c7bb94cbd, replicas: 2, available: 1, ready: 1, current: 2, updated: 2)
2025-01-30 18:31:17,491 INFO c.h.h.t.HelmChartContainer - [hivemq-test-hivemq-platform] [hivemq-platform-operator] [2f3f9aef] 18:31:17.488 [ReconcilerExecutor-hivemq-controller-120] DEBUG c.h.p.o.HiveMQPlatformReconciler - [helmvolu] StatefulSet Spec (replicas: 2, init containers: 1, containers: 1, volumes: 4)
2025-01-30 18:31:17,492 INFO c.h.h.t.HelmChartContainer - [hivemq-test-hivemq-platform] [hivemq-platform-operator] [2f3f9aef] 18:31:17.491 [ReconcilerExecutor-hivemq-controller-120] DEBUG c.h.p.o.h.HiveMQPlatformReconcilerErrorHandler - [helmvolu] Pod 'test-hivemq-platform-1' phase Running
2025-01-30 18:31:17,496 INFO c.h.h.t.HelmChartContainer - [hivemq-test-hivemq-platform] [hivemq-platform-operator] [2f3f9aef] 18:31:17.495 [ReconcilerExecutor-hivemq-controller-120] DEBUG c.h.p.o.h.HiveMQPlatformReconcilerErrorHandler - [helmvolu] Pod 'test-hivemq-platform-0' phase Running
2025-01-30 18:31:17,496 INFO c.h.h.t.HelmChartContainer - [hivemq-test-hivemq-platform] [hivemq-platform-operator] [2f3f9aef] 18:31:17.495 [ReconcilerExecutor-hivemq-controller-120] INFO  c.h.p.o.h.HiveMQPlatformReconcilerBaseHandler - [helmvolu] HiveMQ Platform is starting, 1 of 2 replicas are ready
2025-01-30 18:31:17,712 INFO c.h.h.t.HelmChartContainer - [test-hivemq-platform] [hivemq] [e3f97d6d] INFO  - [HiveMQ Platform Operator Init 1.7.0-SNAPSHOT] HiveMQ Platform Operator Init 1.7.0-SNAPSHOT (commit: 47e3375 on branch: HEAD) built on Thu Jan 30 03:55:50 UTC 2025
2025-01-30 18:31:18,845 INFO c.h.h.t.HelmChartContainer - [test-hivemq-platform] [hivemq] [e3f97d6d] INFO  - [HiveMQ Platform Operator Init App 1.7.0-SNAPSHOT] Using bind address 10.42.0.13 from environment variable
2025-01-30 18:31:19,806 INFO c.h.h.t.HelmChartContainer - [test-hivemq-platform] [hivemq] [e3f97d6d] INFO  - [HiveMQ Platform Operator Init App 1.7.0-SNAPSHOT] HiveMQ Platform Operator Init App 1.7.0-SNAPSHOT (commit: 47e3375 on branch: HEAD) built on Thu Jan 30 03:55:50 UTC 2025
2025-01-30 18:31:19,806 INFO c.h.h.t.HelmChartContainer - [test-hivemq-platform] [hivemq] [e3f97d6d] INFO  - [HiveMQ Platform Operator Init App 1.7.0-SNAPSHOT] PodInfo ConfigMap directory: /etc/podinfo
2025-01-30 18:31:19,806 INFO c.h.h.t.HelmChartContainer - [test-hivemq-platform] [hivemq] [e3f97d6d] INFO  - [HiveMQ Platform Operator Init App 1.7.0-SNAPSHOT] HiveMQ home directory: /opt/hivemq
2025-01-30 18:31:19,807 INFO c.h.h.t.HelmChartContainer - [test-hivemq-platform] [hivemq] [e3f97d6d] INFO  - [HiveMQ Platform Operator Init App 1.7.0-SNAPSHOT] HiveMQ Logback folder: /opt/hivemq/conf
2025-01-30 18:31:19,807 INFO c.h.h.t.HelmChartContainer - [test-hivemq-platform] [hivemq] [e3f97d6d] INFO  - [HiveMQ Platform Operator Init App 1.7.0-SNAPSHOT] HiveMQ Config folder: /opt/hivemq/conf-k8s
2025-01-30 18:31:19,808 INFO c.h.h.t.HelmChartContainer - [test-hivemq-platform] [hivemq] [e3f97d6d] INFO  - [HiveMQ Platform Operator Init App 1.7.0-SNAPSHOT] Starting HiveMQ Platform Operator Init App
2025-01-30 18:31:19,808 INFO c.h.h.t.HelmChartContainer - [test-hivemq-platform] [hivemq] [e3f97d6d] INFO  - [HiveMQ Platform Operator Init App 1.7.0-SNAPSHOT] Starting Pod reconciler
2025-01-30 18:31:20,927 INFO c.h.h.t.HelmChartContainer - [test-hivemq-platform] [hivemq] [e3f97d6d] INFO  - [HiveMQ Platform Operator Init App 1.7.0-SNAPSHOT] Pod reconciler is scheduled (interval: 5000 ms)
2025-01-30 18:31:20,928 INFO c.h.h.t.HelmChartContainer - [test-hivemq-platform] [hivemq] [e3f97d6d] INFO  - [HiveMQ Platform Operator Init App 1.7.0-SNAPSHOT] Starting the REST API on 10.42.0.13:7979
2025-01-30 18:31:20,930 INFO c.h.h.t.HelmChartContainer - [test-hivemq-platform] [hivemq] [e3f97d6d] INFO  - [HiveMQ Platform Operator Init App 1.7.0-SNAPSHOT] Waiting up to 600s for at most 2 HiveMQ nodes in cluster service hivemq-test-hivemq-platform-cluster.helmvolumeclaimtemplatesit.svc
2025-01-30 18:31:21,225 INFO c.h.h.t.HelmChartContainer - [test-hivemq-platform] [hivemq] [e3f97d6d] INFO  - [HiveMQ Platform Operator Init App 1.7.0-SNAPSHOT] Resolved 2 IP addresses: [10.42.0.11, 10.42.0.13]
2025-01-30 18:31:21,225 INFO c.h.h.t.HelmChartContainer - [test-hivemq-platform] [hivemq] [e3f97d6d] INFO  - [HiveMQ Platform Operator Init App 1.7.0-SNAPSHOT] HiveMQ node count of 2 is within threshold of 2
2025-01-30 18:31:21,225 INFO c.h.h.t.HelmChartContainer - [test-hivemq-platform] [hivemq] [e3f97d6d] INFO  - [HiveMQ Platform Operator Init App 1.7.0-SNAPSHOT] Proceeding with container start
2025-01-30 18:31:21,325 INFO c.h.h.t.HelmChartContainer - [test-hivemq-platform] [hivemq] [e3f97d6d] INFO  - [HiveMQ Platform Operator Init App 1.7.0-SNAPSHOT] Initializing HiveMQ Platform extensions with initial configuration: {hivemq-allow-all-extension={start-priority=-1, skip-https-hostname-verification=false, restart=true, config-version=0, header-version=0, c-uri=, priority=-1, uri=preinstalled, skip-https-certificate-validation=false, enabled=true}, hivemq-prometheus-extension={restart=true, priority=-1, start-priority=-1, c-uri=, skip-https-hostname-verification=false, skip-https-certificate-validation=false, uri=preinstalled, request-header-path=no-request-headers, enabled=true}}
2025-01-30 18:31:21,803 INFO c.h.h.t.HelmChartContainer - [test-hivemq-platform] [hivemq] [e3f97d6d] INFO  - [HiveMQ Platform Operator Init App 1.7.0-SNAPSHOT] Extension hivemq-allow-all-extension was already enabled
2025-01-30 18:31:21,815 INFO c.h.h.t.HelmChartContainer - [test-hivemq-platform] [hivemq] [e3f97d6d] INFO  - [HiveMQ Platform Operator Init App 1.7.0-SNAPSHOT] Successfully enabled extension hivemq-prometheus-extension
2025-01-30 18:31:21,817 INFO c.h.h.t.HelmChartContainer - [test-hivemq-platform] [hivemq] [e3f97d6d] INFO  - [HiveMQ Platform Operator Init App 1.7.0-SNAPSHOT] Starting HiveMQ Platform version 4.36.0 (4.36.0)
2025-01-30 18:31:21,817 INFO c.h.h.t.HelmChartContainer - [test-hivemq-platform] [hivemq] [e3f97d6d] INFO  - [HiveMQ Platform Operator Init App 1.7.0-SNAPSHOT] Configuring the HiveMQ Platform
2025-01-30 18:31:21,913 INFO c.h.h.t.HelmChartContainer - [test-hivemq-platform] [hivemq] [e3f97d6d] INFO  - [HiveMQ Platform Operator Init App 1.7.0-SNAPSHOT] Changed logback.xml file scan period to 20 seconds
2025-01-30 18:31:22,005 INFO c.h.h.t.HelmChartContainer - [test-hivemq-platform] [hivemq] [e3f97d6d] INFO  - [HiveMQ Platform Operator Init App 1.7.0-SNAPSHOT] Starting the HiveMQ Platform
2025-01-30 18:31:22,008 INFO c.h.h.t.HelmChartContainer - [test-hivemq-platform] [hivemq] [e3f97d6d] -------------------------------------------------------------------------
2025-01-30 18:31:22,008 INFO c.h.h.t.HelmChartContainer - [test-hivemq-platform] [hivemq] [e3f97d6d] 
2025-01-30 18:31:22,008 INFO c.h.h.t.HelmChartContainer - [test-hivemq-platform] [hivemq] [e3f97d6d]                   _    _  _              __  __   ____
2025-01-30 18:31:22,008 INFO c.h.h.t.HelmChartContainer - [test-hivemq-platform] [hivemq] [e3f97d6d]                  | |  | |(_)            |  \/  | / __ \
2025-01-30 18:31:22,008 INFO c.h.h.t.HelmChartContainer - [test-hivemq-platform] [hivemq] [e3f97d6d]                  | |__| | _ __   __ ___ | \  / || |  | |
2025-01-30 18:31:22,010 INFO c.h.h.t.HelmChartContainer - [test-hivemq-platform] [hivemq] [e3f97d6d]                  |  __  || |\ \ / // _ \| |\/| || |  | |
2025-01-30 18:31:22,010 INFO c.h.h.t.HelmChartContainer - [test-hivemq-platform] [hivemq] [e3f97d6d]                  | |  | || | \ V /|  __/| |  | || |__| |
2025-01-30 18:31:22,010 INFO c.h.h.t.HelmChartContainer - [test-hivemq-platform] [hivemq] [e3f97d6d]                  |_|  |_||_|  \_/  \___||_|  |_| \___\_\
2025-01-30 18:31:22,010 INFO c.h.h.t.HelmChartContainer - [test-hivemq-platform] [hivemq] [e3f97d6d] 
2025-01-30 18:31:22,010 INFO c.h.h.t.HelmChartContainer - [test-hivemq-platform] [hivemq] [e3f97d6d] -------------------------------------------------------------------------
2025-01-30 18:31:22,010 INFO c.h.h.t.HelmChartContainer - [test-hivemq-platform] [hivemq] [e3f97d6d] 
2025-01-30 18:31:22,011 INFO c.h.h.t.HelmChartContainer - [test-hivemq-platform] [hivemq] [e3f97d6d]   HiveMQ Start Script for Linux/Unix v1.14
2025-01-30 18:31:22,011 INFO c.h.h.t.HelmChartContainer - [test-hivemq-platform] [hivemq] [e3f97d6d] 
2025-01-30 18:31:22,108 INFO c.h.h.t.HelmChartContainer - [test-hivemq-platform] [hivemq] [e3f97d6d] -------------------------------------------------------------------------
2025-01-30 18:31:22,108 INFO c.h.h.t.HelmChartContainer - [test-hivemq-platform] [hivemq] [e3f97d6d] 
2025-01-30 18:31:22,108 INFO c.h.h.t.HelmChartContainer - [test-hivemq-platform] [hivemq] [e3f97d6d]   HIVEMQ_HOME: /opt/hivemq
2025-01-30 18:31:22,108 INFO c.h.h.t.HelmChartContainer - [test-hivemq-platform] [hivemq] [e3f97d6d] 
2025-01-30 18:31:22,108 INFO c.h.h.t.HelmChartContainer - [test-hivemq-platform] [hivemq] [e3f97d6d]   JAVA_OPTS: -XX:+UnlockExperimentalVMOptions -XX:InitialRAMPercentage=50 -XX:MaxRAMPercentage=50 -Djava.net.preferIPv4Stack=true --add-opens java.base/java.lang=ALL-UNNAMED --add-opens java.base/java.nio=ALL-UNNAMED --add-opens java.base/sun.nio.ch=ALL-UNNAMED --add-opens jdk.management/com.sun.management.internal=ALL-UNNAMED --add-exports java.base/jdk.internal.misc=ALL-UNNAMED -Djava.security.egd=file:/dev/./urandom -Dcom.sun.management.jmxremote -Dcom.sun.management.jmxremote.port=9010 -Dcom.sun.management.jmxremote.local.only=false -Dcom.sun.management.jmxremote.authenticate=false -Dcom.sun.management.jmxremote.ssl=false -Duser.language=en -Duser.region=US -XX:+CrashOnOutOfMemoryError -XX:+HeapDumpOnOutOfMemoryError
2025-01-30 18:31:22,108 INFO c.h.h.t.HelmChartContainer - [test-hivemq-platform] [hivemq] [e3f97d6d] 
2025-01-30 18:31:22,108 INFO c.h.h.t.HelmChartContainer - [test-hivemq-platform] [hivemq] [e3f97d6d]   JAVA_VERSION: 21
2025-01-30 18:31:22,108 INFO c.h.h.t.HelmChartContainer - [test-hivemq-platform] [hivemq] [e3f97d6d] 
2025-01-30 18:31:22,108 INFO c.h.h.t.HelmChartContainer - [test-hivemq-platform] [hivemq] [e3f97d6d] -------------------------------------------------------------------------
2025-01-30 18:31:22,108 INFO c.h.h.t.HelmChartContainer - [test-hivemq-platform] [hivemq] [e3f97d6d] 
2025-01-30 18:31:23,512 INFO c.h.h.t.HelmChartContainer - [test-hivemq-platform] [hivemq] [e3f97d6d] INFO  - [HiveMQ Platform Operator Init App 1.7.0-SNAPSHOT] Returning default Health API response 503 for readiness
2025-01-30 18:31:23,808 INFO c.h.h.t.HelmChartContainer - [EVENT] Warning [Unhealthy] Readiness probe failed: HTTP probe failed with statuscode: 503 [helmvolumeclaimtemplatesit:test-hivemq-platform-1]
2025-01-30 18:31:23,809 INFO c.h.h.t.HelmChartContainer - Received Unhealthy event for container hivemq in pod test-hivemq-platform-1 [e3f97d6d-f52b-43f9-851b-85ba8d199743]
2025-01-30 18:31:24,717 INFO c.h.h.t.HelmChartContainer - [test-hivemq-platform] [hivemq] [e3f97d6d] INFO  - Starting HiveMQ Enterprise Server
2025-01-30 18:31:24,803 INFO c.h.h.t.HelmChartContainer - [test-hivemq-platform] [hivemq] [e3f97d6d] INFO  - HiveMQ version: 4.36.0
2025-01-30 18:31:24,803 INFO c.h.h.t.HelmChartContainer - [test-hivemq-platform] [hivemq] [e3f97d6d] INFO  - HiveMQ home directory: /opt/hivemq
2025-01-30 18:31:24,804 INFO c.h.h.t.HelmChartContainer - [test-hivemq-platform] [hivemq] [e3f97d6d] INFO  - Log Configuration was overridden by /opt/hivemq/conf/logback.xml
2025-01-30 18:31:25,920 INFO c.h.h.t.HelmChartContainer - [test-hivemq-platform] [hivemq] [e3f97d6d] INFO  - Successfully loaded configuration from '/opt/hivemq/conf-k8s/config.xml'.
2025-01-30 18:31:26,508 INFO c.h.h.t.HelmChartContainer - [test-hivemq-platform] [hivemq] [e3f97d6d] INFO  - This node's ID is dqUgT
2025-01-30 18:31:26,511 INFO c.h.h.t.HelmChartContainer - [test-hivemq-platform] [hivemq] [e3f97d6d] INFO  - Clustering is enabled
2025-01-30 18:31:27,506 INFO c.h.h.t.HelmChartContainer - [hivemq-test-hivemq-platform] [hivemq-platform-operator] [2f3f9aef] 18:31:27.500 [pool-6-thread-38] DEBUG c.h.p.o.d.PlatformServiceResource - [helmvolu] Desired Platform services (3 services)
2025-01-30 18:31:27,507 INFO c.h.h.t.HelmChartContainer - [hivemq-test-hivemq-platform] [hivemq-platform-operator] [2f3f9aef] 18:31:27.501 [pool-6-thread-39] DEBUG c.h.p.o.dependants.PodInfoConfigMap - [helmvolu] Desired PodInfo ConfigMap (1 extensions) (1 enabled)
2025-01-30 18:31:27,507 INFO c.h.h.t.HelmChartContainer - [hivemq-test-hivemq-platform] [hivemq-platform-operator] [2f3f9aef] 18:31:27.501 [pool-6-thread-39] DEBUG c.h.p.o.dependants.PodInfoConfigMap - [helmvolu] Desired PodInfo ConfigMap (metrics port: 9399) (metrics path: /)
2025-01-30 18:31:27,508 INFO c.h.h.t.HelmChartContainer - [hivemq-test-hivemq-platform] [hivemq-platform-operator] [2f3f9aef] 18:31:27.501 [pool-6-thread-39] DEBUG c.h.p.o.dependants.PodInfoConfigMap - [helmvolu] Desired PodInfo ConfigMap (extension state hash: -1817474005)
2025-01-30 18:31:27,508 INFO c.h.h.t.HelmChartContainer - [hivemq-test-hivemq-platform] [hivemq-platform-operator] [2f3f9aef] 18:31:27.503 [pool-6-thread-32] DEBUG c.h.p.o.d.PodServiceAccountResource - [helmvolu] Desired PodServiceAccountResource (serviceAccountName: hivemq-platform-pod-test-hivemq-platform)
2025-01-30 18:31:27,524 INFO c.h.h.t.HelmChartContainer - [hivemq-test-hivemq-platform] [hivemq-platform-operator] [2f3f9aef] 18:31:27.519 [pool-6-thread-38] DEBUG c.h.p.o.d.StatefulSetResource - [helmvolu] Desired StatefulSet (2 replicas) for status STARTING (READY)
2025-01-30 18:31:27,528 INFO c.h.h.t.HelmChartContainer - [hivemq-test-hivemq-platform] [hivemq-platform-operator] [2f3f9aef] 18:31:27.525 [ReconcilerExecutor-hivemq-controller-121] INFO  c.h.p.o.HiveMQPlatformReconciler - [helmvolu] Reconciling HiveMQ Platform 'test-hivemq-platform' in namespace 'helmvolumeclaimtemplatesit'
2025-01-30 18:31:27,528 INFO c.h.h.t.HelmChartContainer - [hivemq-test-hivemq-platform] [hivemq-platform-operator] [2f3f9aef] 18:31:27.526 [ReconcilerExecutor-hivemq-controller-121] DEBUG c.h.p.o.HiveMQPlatformReconciler - [helmvolu] Custom Resource Status STARTING - HiveMQ Platform is starting (READY)
2025-01-30 18:31:27,528 INFO c.h.h.t.HelmChartContainer - [hivemq-test-hivemq-platform] [hivemq-platform-operator] [2f3f9aef] 18:31:27.526 [ReconcilerExecutor-hivemq-controller-121] DEBUG c.h.p.o.HiveMQPlatformReconciler - [helmvolu] Custom Resource Spec (replicas: 2) (extensions: 1)
2025-01-30 18:31:27,528 INFO c.h.h.t.HelmChartContainer - [hivemq-test-hivemq-platform] [hivemq-platform-operator] [2f3f9aef] 18:31:27.527 [ReconcilerExecutor-hivemq-controller-121] DEBUG c.h.p.o.HiveMQPlatformReconciler - [helmvolu] StatefulSet Status (revision: test-hivemq-platform-6c7bb94cbd, replicas: 2, available: 1, ready: 1, current: 2, updated: 2)
2025-01-30 18:31:27,528 INFO c.h.h.t.HelmChartContainer - [hivemq-test-hivemq-platform] [hivemq-platform-operator] [2f3f9aef] 18:31:27.527 [ReconcilerExecutor-hivemq-controller-121] DEBUG c.h.p.o.HiveMQPlatformReconciler - [helmvolu] StatefulSet Spec (replicas: 2, init containers: 1, containers: 1, volumes: 4)
2025-01-30 18:31:27,531 INFO c.h.h.t.HelmChartContainer - [test-hivemq-platform] [hivemq] [82e05549] INFO  - [HiveMQ Platform Operator Init App 1.7.0-SNAPSHOT] Returning Health API response 200 for liveness
2025-01-30 18:31:27,532 INFO c.h.h.t.HelmChartContainer - [hivemq-test-hivemq-platform] [hivemq-platform-operator] [2f3f9aef] 18:31:27.531 [ReconcilerExecutor-hivemq-controller-121] DEBUG c.h.p.o.h.HiveMQPlatformReconcilerErrorHandler - [helmvolu] Pod 'test-hivemq-platform-1' phase Running
2025-01-30 18:31:27,535 INFO c.h.h.t.HelmChartContainer - [hivemq-test-hivemq-platform] [hivemq-platform-operator] [2f3f9aef] 18:31:27.533 [ReconcilerExecutor-hivemq-controller-121] DEBUG c.h.p.o.h.HiveMQPlatformReconcilerErrorHandler - [helmvolu] Pod 'test-hivemq-platform-0' phase Running
2025-01-30 18:31:27,536 INFO c.h.h.t.HelmChartContainer - [hivemq-test-hivemq-platform] [hivemq-platform-operator] [2f3f9aef] 18:31:27.534 [ReconcilerExecutor-hivemq-controller-121] INFO  c.h.p.o.h.HiveMQPlatformReconcilerBaseHandler - [helmvolu] HiveMQ Platform is starting, 1 of 2 replicas are ready
2025-01-30 18:31:28,812 INFO c.h.h.t.HelmChartContainer - [test-hivemq-platform] [hivemq] [e3f97d6d] WARN  - [HiveMQ Platform Operator Init App 1.7.0-SNAPSHOT] Cannot connect to Health API for readiness: null
2025-01-30 18:31:28,815 INFO c.h.h.t.HelmChartContainer - [EVENT] Warning [Unhealthy] Readiness probe failed: HTTP probe failed with statuscode: 503 [helmvolumeclaimtemplatesit:test-hivemq-platform-1]
2025-01-30 18:31:28,815 INFO c.h.h.t.HelmChartContainer - Received Unhealthy event for container hivemq in pod test-hivemq-platform-1 [e3f97d6d-f52b-43f9-851b-85ba8d199743]
2025-01-30 18:31:31,313 INFO c.h.h.t.HelmChartContainer - [test-hivemq-platform] [hivemq] [e3f97d6d] Jan 30, 2025 6:31:31 PM io.vertx.core.impl.BlockedThreadChecker
2025-01-30 18:31:31,314 INFO c.h.h.t.HelmChartContainer - [test-hivemq-platform] [hivemq] [e3f97d6d] WARNING: Thread Thread[vert.x-eventloop-thread-1,5,main] has been blocked for 2121 ms, time limit is 2000 ms
2025-01-30 18:31:31,987 INFO c.h.h.t.HelmChartContainer - [test-hivemq-platform] [hivemq] [e3f97d6d] INFO  - [HiveMQ Platform Operator Init App 1.7.0-SNAPSHOT] Updating Pod HiveMQ Platform Operator Init App version annotation (version: 1.7.0-SNAPSHOT)
2025-01-30 18:31:32,513 INFO c.h.h.t.HelmChartContainer - [POD] test-hivemq-platform-1 [e3f97d6d-f52b-43f9-851b-85ba8d199743] in helmvolumeclaimtemplatesit was MODIFIED
2025-01-30 18:31:32,521 INFO c.h.h.t.HelmChartContainer - [test-hivemq-platform] [hivemq] [e3f97d6d] INFO  - [HiveMQ Platform Operator Init App 1.7.0-SNAPSHOT] Successfully updated Pod HiveMQ Platform Operator Init App version annotation (version: 1.7.0-SNAPSHOT)
2025-01-30 18:31:32,522 INFO c.h.h.t.HelmChartContainer - [hivemq-test-hivemq-platform] [hivemq-platform-operator] [2f3f9aef] 18:31:32.518 [pool-6-thread-43] DEBUG c.h.p.o.d.PlatformServiceResource - [helmvolu] Desired Platform services (3 services)
2025-01-30 18:31:32,526 INFO c.h.h.t.HelmChartContainer - [hivemq-test-hivemq-platform] [hivemq-platform-operator] [2f3f9aef] 18:31:32.522 [pool-6-thread-44] DEBUG c.h.p.o.dependants.PodInfoConfigMap - [helmvolu] Desired PodInfo ConfigMap (1 extensions) (1 enabled)
2025-01-30 18:31:32,527 INFO c.h.h.t.HelmChartContainer - [hivemq-test-hivemq-platform] [hivemq-platform-operator] [2f3f9aef] 18:31:32.522 [pool-6-thread-44] DEBUG c.h.p.o.dependants.PodInfoConfigMap - [helmvolu] Desired PodInfo ConfigMap (metrics port: 9399) (metrics path: /)
2025-01-30 18:31:32,527 INFO c.h.h.t.HelmChartContainer - [hivemq-test-hivemq-platform] [hivemq-platform-operator] [2f3f9aef] 18:31:32.522 [pool-6-thread-44] DEBUG c.h.p.o.dependants.PodInfoConfigMap - [helmvolu] Desired PodInfo ConfigMap (extension state hash: -1817474005)
2025-01-30 18:31:32,527 INFO c.h.h.t.HelmChartContainer - [hivemq-test-hivemq-platform] [hivemq-platform-operator] [2f3f9aef] 18:31:32.525 [pool-6-thread-44] DEBUG c.h.p.o.d.PodServiceAccountResource - [helmvolu] Desired PodServiceAccountResource (serviceAccountName: hivemq-platform-pod-test-hivemq-platform)
2025-01-30 18:31:32,533 INFO c.h.h.t.HelmChartContainer - [hivemq-test-hivemq-platform] [hivemq-platform-operator] [2f3f9aef] 18:31:32.530 [pool-6-thread-43] DEBUG c.h.p.o.d.StatefulSetResource - [helmvolu] Desired StatefulSet (2 replicas) for status STARTING (READY)
2025-01-30 18:31:32,534 INFO c.h.h.t.HelmChartContainer - [hivemq-test-hivemq-platform] [hivemq-platform-operator] [2f3f9aef] 18:31:32.534 [ReconcilerExecutor-hivemq-controller-122] INFO  c.h.p.o.HiveMQPlatformReconciler - [helmvolu] Reconciling HiveMQ Platform 'test-hivemq-platform' in namespace 'helmvolumeclaimtemplatesit'
2025-01-30 18:31:32,537 INFO c.h.h.t.HelmChartContainer - [hivemq-test-hivemq-platform] [hivemq-platform-operator] [2f3f9aef] 18:31:32.534 [ReconcilerExecutor-hivemq-controller-122] DEBUG c.h.p.o.HiveMQPlatformReconciler - [helmvolu] Custom Resource Status STARTING - HiveMQ Platform is starting (READY)
2025-01-30 18:31:32,537 INFO c.h.h.t.HelmChartContainer - [hivemq-test-hivemq-platform] [hivemq-platform-operator] [2f3f9aef] 18:31:32.534 [ReconcilerExecutor-hivemq-controller-122] DEBUG c.h.p.o.HiveMQPlatformReconciler - [helmvolu] Custom Resource Spec (replicas: 2) (extensions: 1)
2025-01-30 18:31:32,538 INFO c.h.h.t.HelmChartContainer - [hivemq-test-hivemq-platform] [hivemq-platform-operator] [2f3f9aef] 18:31:32.536 [ReconcilerExecutor-hivemq-controller-122] DEBUG c.h.p.o.HiveMQPlatformReconciler - [helmvolu] StatefulSet Status (revision: test-hivemq-platform-6c7bb94cbd, replicas: 2, available: 1, ready: 1, current: 2, updated: 2)
2025-01-30 18:31:32,538 INFO c.h.h.t.HelmChartContainer - [hivemq-test-hivemq-platform] [hivemq-platform-operator] [2f3f9aef] 18:31:32.536 [ReconcilerExecutor-hivemq-controller-122] DEBUG c.h.p.o.HiveMQPlatformReconciler - [helmvolu] StatefulSet Spec (replicas: 2, init containers: 1, containers: 1, volumes: 4)
2025-01-30 18:31:32,539 INFO c.h.h.t.HelmChartContainer - [hivemq-test-hivemq-platform] [hivemq-platform-operator] [2f3f9aef] 18:31:32.538 [ReconcilerExecutor-hivemq-controller-122] DEBUG c.h.p.o.h.HiveMQPlatformReconcilerErrorHandler - [helmvolu] Pod 'test-hivemq-platform-1' phase Running
2025-01-30 18:31:32,540 INFO c.h.h.t.HelmChartContainer - [hivemq-test-hivemq-platform] [hivemq-platform-operator] [2f3f9aef] 18:31:32.539 [ReconcilerExecutor-hivemq-controller-122] DEBUG c.h.p.o.h.HiveMQPlatformReconcilerErrorHandler - [helmvolu] Pod 'test-hivemq-platform-0' phase Running
2025-01-30 18:31:32,567 INFO c.h.h.t.HelmChartContainer - [hivemq-test-hivemq-platform] [hivemq-platform-operator] [2f3f9aef] 18:31:32.540 [ReconcilerExecutor-hivemq-controller-122] INFO  c.h.p.o.h.HiveMQPlatformReconcilerBaseHandler - [helmvolu] HiveMQ Platform is starting, 1 of 2 replicas are ready
2025-01-30 18:31:32,602 INFO c.h.h.t.HelmChartContainer - [test-hivemq-platform] [hivemq] [e3f97d6d] WARN  - [HiveMQ Platform Operator Init App 1.7.0-SNAPSHOT] Cannot connect to Health API for readiness: null
2025-01-30 18:31:32,608 INFO c.h.h.t.HelmChartContainer - [EVENT] Warning [Unhealthy] Readiness probe failed: HTTP probe failed with statuscode: 503 [helmvolumeclaimtemplatesit:test-hivemq-platform-1]
2025-01-30 18:31:32,608 INFO c.h.h.t.HelmChartContainer - Received Unhealthy event for container hivemq in pod test-hivemq-platform-1 [e3f97d6d-f52b-43f9-851b-85ba8d199743]
2025-01-30 18:31:37,514 INFO c.h.h.t.HelmChartContainer - [test-hivemq-platform] [hivemq] [e3f97d6d] WARN  - [HiveMQ Platform Operator Init App 1.7.0-SNAPSHOT] Cannot connect to Health API for readiness: null
2025-01-30 18:31:37,518 INFO c.h.h.t.HelmChartContainer - [EVENT] Warning [Unhealthy] Readiness probe failed: HTTP probe failed with statuscode: 503 [helmvolumeclaimtemplatesit:test-hivemq-platform-1]
2025-01-30 18:31:37,518 INFO c.h.h.t.HelmChartContainer - Received Unhealthy event for container hivemq in pod test-hivemq-platform-1 [e3f97d6d-f52b-43f9-851b-85ba8d199743]
2025-01-30 18:31:42,515 INFO c.h.h.t.HelmChartContainer - [test-hivemq-platform] [hivemq] [e3f97d6d] WARN  - [HiveMQ Platform Operator Init App 1.7.0-SNAPSHOT] Cannot connect to Health API for readiness: null
2025-01-30 18:31:42,520 INFO c.h.h.t.HelmChartContainer - [EVENT] Warning [Unhealthy] Readiness probe failed: HTTP probe failed with statuscode: 503 [helmvolumeclaimtemplatesit:test-hivemq-platform-1]
2025-01-30 18:31:42,520 INFO c.h.h.t.HelmChartContainer - Received Unhealthy event for container hivemq in pod test-hivemq-platform-1 [e3f97d6d-f52b-43f9-851b-85ba8d199743]
2025-01-30 18:31:42,575 INFO c.h.h.t.HelmChartContainer - [hivemq-test-hivemq-platform] [hivemq-platform-operator] [2f3f9aef] 18:31:42.572 [pool-6-thread-5] DEBUG c.h.p.o.d.PlatformServiceResource - [helmvolu] Desired Platform services (3 services)
2025-01-30 18:31:42,575 INFO c.h.h.t.HelmChartContainer - [hivemq-test-hivemq-platform] [hivemq-platform-operator] [2f3f9aef] 18:31:42.573 [pool-6-thread-7] DEBUG c.h.p.o.dependants.PodInfoConfigMap - [helmvolu] Desired PodInfo ConfigMap (1 extensions) (1 enabled)
2025-01-30 18:31:42,575 INFO c.h.h.t.HelmChartContainer - [hivemq-test-hivemq-platform] [hivemq-platform-operator] [2f3f9aef] 18:31:42.573 [pool-6-thread-7] DEBUG c.h.p.o.dependants.PodInfoConfigMap - [helmvolu] Desired PodInfo ConfigMap (metrics port: 9399) (metrics path: /)
2025-01-30 18:31:42,575 INFO c.h.h.t.HelmChartContainer - [hivemq-test-hivemq-platform] [hivemq-platform-operator] [2f3f9aef] 18:31:42.573 [pool-6-thread-7] DEBUG c.h.p.o.dependants.PodInfoConfigMap - [helmvolu] Desired PodInfo ConfigMap (extension state hash: -1817474005)
2025-01-30 18:31:42,575 INFO c.h.h.t.HelmChartContainer - [hivemq-test-hivemq-platform] [hivemq-platform-operator] [2f3f9aef] 18:31:42.574 [pool-6-thread-3] DEBUG c.h.p.o.d.PodServiceAccountResource - [helmvolu] Desired PodServiceAccountResource (serviceAccountName: hivemq-platform-pod-test-hivemq-platform)
2025-01-30 18:31:42,578 INFO c.h.h.t.HelmChartContainer - [hivemq-test-hivemq-platform] [hivemq-platform-operator] [2f3f9aef] 18:31:42.577 [pool-6-thread-5] DEBUG c.h.p.o.d.StatefulSetResource - [helmvolu] Desired StatefulSet (2 replicas) for status STARTING (READY)
2025-01-30 18:31:42,584 INFO c.h.h.t.HelmChartContainer - [hivemq-test-hivemq-platform] [hivemq-platform-operator] [2f3f9aef] 18:31:42.583 [ReconcilerExecutor-hivemq-controller-123] INFO  c.h.p.o.HiveMQPlatformReconciler - [helmvolu] Reconciling HiveMQ Platform 'test-hivemq-platform' in namespace 'helmvolumeclaimtemplatesit'
2025-01-30 18:31:42,584 INFO c.h.h.t.HelmChartContainer - [hivemq-test-hivemq-platform] [hivemq-platform-operator] [2f3f9aef] 18:31:42.583 [ReconcilerExecutor-hivemq-controller-123] DEBUG c.h.p.o.HiveMQPlatformReconciler - [helmvolu] Custom Resource Status STARTING - HiveMQ Platform is starting (READY)
2025-01-30 18:31:42,584 INFO c.h.h.t.HelmChartContainer - [hivemq-test-hivemq-platform] [hivemq-platform-operator] [2f3f9aef] 18:31:42.583 [ReconcilerExecutor-hivemq-controller-123] DEBUG c.h.p.o.HiveMQPlatformReconciler - [helmvolu] Custom Resource Spec (replicas: 2) (extensions: 1)
2025-01-30 18:31:42,585 INFO c.h.h.t.HelmChartContainer - [hivemq-test-hivemq-platform] [hivemq-platform-operator] [2f3f9aef] 18:31:42.584 [ReconcilerExecutor-hivemq-controller-123] DEBUG c.h.p.o.HiveMQPlatformReconciler - [helmvolu] StatefulSet Status (revision: test-hivemq-platform-6c7bb94cbd, replicas: 2, available: 1, ready: 1, current: 2, updated: 2)
2025-01-30 18:31:42,585 INFO c.h.h.t.HelmChartContainer - [hivemq-test-hivemq-platform] [hivemq-platform-operator] [2f3f9aef] 18:31:42.584 [ReconcilerExecutor-hivemq-controller-123] DEBUG c.h.p.o.HiveMQPlatformReconciler - [helmvolu] StatefulSet Spec (replicas: 2, init containers: 1, containers: 1, volumes: 4)
2025-01-30 18:31:42,669 INFO c.h.h.t.HelmChartContainer - [hivemq-test-hivemq-platform] [hivemq-platform-operator] [2f3f9aef] 18:31:42.667 [ReconcilerExecutor-hivemq-controller-123] DEBUG c.h.p.o.h.HiveMQPlatformReconcilerErrorHandler - [helmvolu] Pod 'test-hivemq-platform-1' phase Running
2025-01-30 18:31:42,670 INFO c.h.h.t.HelmChartContainer - [hivemq-test-hivemq-platform] [hivemq-platform-operator] [2f3f9aef] 18:31:42.669 [ReconcilerExecutor-hivemq-controller-123] DEBUG c.h.p.o.h.HiveMQPlatformReconcilerErrorHandler - [helmvolu] Pod 'test-hivemq-platform-0' phase Running
2025-01-30 18:31:42,670 INFO c.h.h.t.HelmChartContainer - [hivemq-test-hivemq-platform] [hivemq-platform-operator] [2f3f9aef] 18:31:42.669 [ReconcilerExecutor-hivemq-controller-123] INFO  c.h.p.o.h.HiveMQPlatformReconcilerBaseHandler - [helmvolu] HiveMQ Platform is starting, 1 of 2 replicas are ready
2025-01-30 18:31:43,832 INFO c.h.h.t.HelmChartContainer - [test-hivemq-platform] [hivemq] [e3f97d6d] INFO  - No valid license file found. Using trial license, restricted to 25 connections.
2025-01-30 18:31:45,704 INFO c.h.h.t.HelmChartContainer - [test-hivemq-platform] [hivemq] [e3f97d6d] WARN  - [HiveMQ Platform Operator Init App 1.7.0-SNAPSHOT] Cannot connect to Health API for liveness: null
2025-01-30 18:31:45,706 INFO c.h.h.t.HelmChartContainer - [test-hivemq-platform] [hivemq] [e3f97d6d] INFO  - [HiveMQ Platform Operator Init App 1.7.0-SNAPSHOT] Returning default Health API response 200 for liveness
2025-01-30 18:31:47,516 INFO c.h.h.t.HelmChartContainer - [test-hivemq-platform] [hivemq] [e3f97d6d] WARN  - [HiveMQ Platform Operator Init App 1.7.0-SNAPSHOT] Cannot connect to Health API for readiness: null
2025-01-30 18:31:47,520 INFO c.h.h.t.HelmChartContainer - [EVENT] Warning [Unhealthy] Readiness probe failed: HTTP probe failed with statuscode: 503 [helmvolumeclaimtemplatesit:test-hivemq-platform-1]
2025-01-30 18:31:47,520 INFO c.h.h.t.HelmChartContainer - Received Unhealthy event for container hivemq in pod test-hivemq-platform-1 [e3f97d6d-f52b-43f9-851b-85ba8d199743]
2025-01-30 18:31:47,620 INFO c.h.h.t.HelmChartContainer - [test-hivemq-platform] [hivemq] [e3f97d6d] INFO  - No valid license file for Data Hub found. Using free license, restricted to 1 policy.
2025-01-30 18:31:48,727 INFO c.h.h.t.HelmChartContainer - [test-hivemq-platform] [hivemq] [e3f97d6d] INFO  - Audit Logger started.
2025-01-30 18:31:49,010 INFO c.h.h.t.HelmChartContainer - [test-hivemq-platform] [hivemq] [e3f97d6d] INFO  - This node uses '1' CPU cores.
2025-01-30 18:31:49,014 INFO c.h.h.t.HelmChartContainer - [test-hivemq-platform] [hivemq] [e3f97d6d] INFO  - Starting HiveMQ Health API on address 0.0.0.0 and port 8889
2025-01-30 18:31:49,707 INFO c.h.h.t.HelmChartContainer - [test-hivemq-platform] [hivemq] [e3f97d6d] INFO  - Started HiveMQ Health API in 693ms
2025-01-30 18:31:50,259 INFO c.h.h.t.HelmChartContainer - [K3S] [scope.go:117] "RemoveContainer" containerID="662736911cf105ad2e21fc699450f7f50cee92730391ee865593903a5570ef6f"
2025-01-30 18:31:50,508 INFO c.h.h.t.HelmChartContainer - [test-hivemq-platform] [hivemq] [e3f97d6d] INFO  - Starting HiveMQ extension system.
2025-01-30 18:31:50,803 INFO c.h.h.t.HelmChartContainer - [test-hivemq-platform] [hivemq] [e3f97d6d] INFO  - Starting extension with id "hivemq-dns-cluster-discovery" at /opt/hivemq/extensions/hivemq-dns-cluster-discovery
2025-01-30 18:31:51,205 INFO c.h.h.t.HelmChartContainer - [test-hivemq-platform] [hivemq] [e3f97d6d] INFO  - Using TCP cluster transport on address 10.42.0.13 and port 7000
2025-01-30 18:31:51,212 INFO c.h.h.t.HelmChartContainer - [test-hivemq-platform] [hivemq] [e3f97d6d] INFO  - Using extension cluster discovery
2025-01-30 18:31:51,404 INFO c.h.h.t.HelmChartContainer - [test-hivemq-platform] [hivemq] [e3f97d6d] INFO  - Extension "DNS Cluster Discovery Extension" version 4.3.2 started successfully.
2025-01-30 18:31:51,405 INFO c.h.h.t.HelmChartContainer - [test-hivemq-platform] [hivemq] [e3f97d6d] INFO  - Starting extension with id "hivemq-prometheus-extension" at /opt/hivemq/extensions/hivemq-prometheus-extension
2025-01-30 18:31:52,313 INFO c.h.h.t.HelmChartContainer - [test-hivemq-platform] [hivemq] [e3f97d6d] INFO  - Started Jetty Server exposing Prometheus Servlet on URI http://0.0.0.0:9399/
2025-01-30 18:31:52,313 INFO c.h.h.t.HelmChartContainer - [test-hivemq-platform] [hivemq] [e3f97d6d] INFO  - Extension "Prometheus Monitoring Extension" version 4.0.12 started successfully.
2025-01-30 18:31:52,314 INFO c.h.h.t.HelmChartContainer - [test-hivemq-platform] [hivemq] [e3f97d6d] INFO  - Starting extension with id "hivemq-allow-all-extension" at /opt/hivemq/extensions/hivemq-allow-all-extension
2025-01-30 18:31:52,401 INFO c.h.h.t.HelmChartContainer - [test-hivemq-platform] [hivemq] [e3f97d6d] WARN  - 
2025-01-30 18:31:52,402 INFO c.h.h.t.HelmChartContainer - [test-hivemq-platform] [hivemq] [e3f97d6d] ################################################################################################################
2025-01-30 18:31:52,402 INFO c.h.h.t.HelmChartContainer - [test-hivemq-platform] [hivemq] [e3f97d6d] # This HiveMQ deployment is not secure! You are lacking Authentication and Authorization.                      #
2025-01-30 18:31:52,403 INFO c.h.h.t.HelmChartContainer - [test-hivemq-platform] [hivemq] [e3f97d6d] # Right now any MQTT client can connect to the broker with a full set of permissions.                          #
2025-01-30 18:31:52,403 INFO c.h.h.t.HelmChartContainer - [test-hivemq-platform] [hivemq] [e3f97d6d] # For production usage, add an appropriate security extension and remove the hivemq-allow-all extension.       #
2025-01-30 18:31:52,403 INFO c.h.h.t.HelmChartContainer - [test-hivemq-platform] [hivemq] [e3f97d6d] # You can download security extensions from the HiveMQ Marketplace (https://www.hivemq.com/extensions/).       #
2025-01-30 18:31:52,403 INFO c.h.h.t.HelmChartContainer - [test-hivemq-platform] [hivemq] [e3f97d6d] ################################################################################################################
2025-01-30 18:31:52,403 INFO c.h.h.t.HelmChartContainer - [test-hivemq-platform] [hivemq] [e3f97d6d] INFO  - Extension "Allow All Extension" version 1.1.1 started successfully.
2025-01-30 18:31:52,510 INFO c.h.h.t.HelmChartContainer - [test-hivemq-platform] [hivemq] [82e05549] INFO  - Cluster nodes found by discovery: [iQ2xN|1] (2) [iQ2xN, dqUgT].
2025-01-30 18:31:52,606 INFO c.h.h.t.HelmChartContainer - [test-hivemq-platform] [hivemq] [e3f97d6d] INFO  - Cluster nodes found by discovery: [iQ2xN|1] (2) [iQ2xN, dqUgT].
2025-01-30 18:31:52,676 INFO c.h.h.t.HelmChartContainer - [hivemq-test-hivemq-platform] [hivemq-platform-operator] [2f3f9aef] 18:31:52.673 [pool-6-thread-18] DEBUG c.h.p.o.d.PlatformServiceResource - [helmvolu] Desired Platform services (3 services)
2025-01-30 18:31:52,676 INFO c.h.h.t.HelmChartContainer - [hivemq-test-hivemq-platform] [hivemq-platform-operator] [2f3f9aef] 18:31:52.673 [pool-6-thread-14] DEBUG c.h.p.o.dependants.PodInfoConfigMap - [helmvolu] Desired PodInfo ConfigMap (1 extensions) (1 enabled)
2025-01-30 18:31:52,676 INFO c.h.h.t.HelmChartContainer - [hivemq-test-hivemq-platform] [hivemq-platform-operator] [2f3f9aef] 18:31:52.673 [pool-6-thread-14] DEBUG c.h.p.o.dependants.PodInfoConfigMap - [helmvolu] Desired PodInfo ConfigMap (metrics port: 9399) (metrics path: /)
2025-01-30 18:31:52,676 INFO c.h.h.t.HelmChartContainer - [hivemq-test-hivemq-platform] [hivemq-platform-operator] [2f3f9aef] 18:31:52.674 [pool-6-thread-14] DEBUG c.h.p.o.dependants.PodInfoConfigMap - [helmvolu] Desired PodInfo ConfigMap (extension state hash: -1817474005)
2025-01-30 18:31:52,676 INFO c.h.h.t.HelmChartContainer - [hivemq-test-hivemq-platform] [hivemq-platform-operator] [2f3f9aef] 18:31:52.674 [pool-6-thread-17] DEBUG c.h.p.o.d.PodServiceAccountResource - [helmvolu] Desired PodServiceAccountResource (serviceAccountName: hivemq-platform-pod-test-hivemq-platform)
2025-01-30 18:31:52,681 INFO c.h.h.t.HelmChartContainer - [hivemq-test-hivemq-platform] [hivemq-platform-operator] [2f3f9aef] 18:31:52.680 [pool-6-thread-18] DEBUG c.h.p.o.d.StatefulSetResource - [helmvolu] Desired StatefulSet (2 replicas) for status STARTING (READY)
2025-01-30 18:31:52,686 INFO c.h.h.t.HelmChartContainer - [hivemq-test-hivemq-platform] [hivemq-platform-operator] [2f3f9aef] 18:31:52.685 [ReconcilerExecutor-hivemq-controller-124] INFO  c.h.p.o.HiveMQPlatformReconciler - [helmvolu] Reconciling HiveMQ Platform 'test-hivemq-platform' in namespace 'helmvolumeclaimtemplatesit'
2025-01-30 18:31:52,686 INFO c.h.h.t.HelmChartContainer - [hivemq-test-hivemq-platform] [hivemq-platform-operator] [2f3f9aef] 18:31:52.685 [ReconcilerExecutor-hivemq-controller-124] DEBUG c.h.p.o.HiveMQPlatformReconciler - [helmvolu] Custom Resource Status STARTING - HiveMQ Platform is starting (READY)
2025-01-30 18:31:52,686 INFO c.h.h.t.HelmChartContainer - [hivemq-test-hivemq-platform] [hivemq-platform-operator] [2f3f9aef] 18:31:52.685 [ReconcilerExecutor-hivemq-controller-124] DEBUG c.h.p.o.HiveMQPlatformReconciler - [helmvolu] Custom Resource Spec (replicas: 2) (extensions: 1)
2025-01-30 18:31:52,687 INFO c.h.h.t.HelmChartContainer - [hivemq-test-hivemq-platform] [hivemq-platform-operator] [2f3f9aef] 18:31:52.686 [ReconcilerExecutor-hivemq-controller-124] DEBUG c.h.p.o.HiveMQPlatformReconciler - [helmvolu] StatefulSet Status (revision: test-hivemq-platform-6c7bb94cbd, replicas: 2, available: 1, ready: 1, current: 2, updated: 2)
2025-01-30 18:31:52,687 INFO c.h.h.t.HelmChartContainer - [hivemq-test-hivemq-platform] [hivemq-platform-operator] [2f3f9aef] 18:31:52.686 [ReconcilerExecutor-hivemq-controller-124] DEBUG c.h.p.o.HiveMQPlatformReconciler - [helmvolu] StatefulSet Spec (replicas: 2, init containers: 1, containers: 1, volumes: 4)
2025-01-30 18:31:52,690 INFO c.h.h.t.HelmChartContainer - [hivemq-test-hivemq-platform] [hivemq-platform-operator] [2f3f9aef] 18:31:52.689 [ReconcilerExecutor-hivemq-controller-124] DEBUG c.h.p.o.h.HiveMQPlatformReconcilerErrorHandler - [helmvolu] Pod 'test-hivemq-platform-1' phase Running
2025-01-30 18:31:52,691 INFO c.h.h.t.HelmChartContainer - [hivemq-test-hivemq-platform] [hivemq-platform-operator] [2f3f9aef] 18:31:52.690 [ReconcilerExecutor-hivemq-controller-124] DEBUG c.h.p.o.h.HiveMQPlatformReconcilerErrorHandler - [helmvolu] Pod 'test-hivemq-platform-0' phase Running
2025-01-30 18:31:52,691 INFO c.h.h.t.HelmChartContainer - [hivemq-test-hivemq-platform] [hivemq-platform-operator] [2f3f9aef] 18:31:52.691 [ReconcilerExecutor-hivemq-controller-124] INFO  c.h.p.o.h.HiveMQPlatformReconcilerBaseHandler - [helmvolu] HiveMQ Platform is starting, 1 of 2 replicas are ready
2025-01-30 18:31:52,907 INFO c.h.h.t.HelmChartContainer - [test-hivemq-platform] [hivemq] [e3f97d6d] INFO  - Cluster size = 1, members : [iQ2xN].
2025-01-30 18:31:53,415 INFO c.h.h.t.HelmChartContainer - [test-hivemq-platform] [hivemq] [e3f97d6d] INFO  - [HiveMQ Platform Operator Init App 1.7.0-SNAPSHOT] Returning Health API response 503 for readiness
2025-01-30 18:31:53,421 INFO c.h.h.t.HelmChartContainer - [EVENT] Warning [Unhealthy] Readiness probe failed: HTTP probe failed with statuscode: 503 [helmvolumeclaimtemplatesit:test-hivemq-platform-1]
2025-01-30 18:31:53,421 INFO c.h.h.t.HelmChartContainer - Received Unhealthy event for container hivemq in pod test-hivemq-platform-1 [e3f97d6d-f52b-43f9-851b-85ba8d199743]
2025-01-30 18:31:53,517 INFO c.h.h.t.HelmChartContainer - [test-hivemq-platform] [hivemq] [e3f97d6d] INFO  - Starting cluster join process. This may take a while. Please do not shut down HiveMQ.
2025-01-30 18:31:53,587 INFO c.h.h.t.HelmChartContainer - [test-hivemq-platform] [hivemq] [e3f97d6d] INFO  - Cluster join process is still ongoing. Please do not shut down HiveMQ.
2025-01-30 18:31:55,528 INFO c.h.h.t.HelmChartContainer - [test-hivemq-platform] [hivemq] [82e05549] INFO  - Cluster size = 2, members : [dqUgT, iQ2xN].
2025-01-30 18:31:55,541 INFO c.h.h.t.HelmChartContainer - [test-hivemq-platform] [hivemq] [e3f97d6d] INFO  - Cluster size = 2, members : [dqUgT, iQ2xN].
2025-01-30 18:31:55,547 INFO c.h.h.t.HelmChartContainer - [test-hivemq-platform] [hivemq] [e3f97d6d] INFO  - Finished cluster join process successfully.
2025-01-30 18:31:55,605 INFO c.h.h.t.HelmChartContainer - [test-hivemq-platform] [hivemq] [e3f97d6d] WARN  - No user for HiveMQ Control Center configured. Starting with default user
2025-01-30 18:31:55,606 INFO c.h.h.t.HelmChartContainer - [test-hivemq-platform] [hivemq] [e3f97d6d] INFO  - Starting HiveMQ Control Center on address 0.0.0.0 and port 8080
2025-01-30 18:31:55,612 INFO c.h.h.t.HelmChartContainer - [test-hivemq-platform] [hivemq] [e3f97d6d] INFO  - Mounting HiveMQ Control Center V2 Preview
2025-01-30 18:31:56,215 INFO c.h.h.t.HelmChartContainer - [test-hivemq-platform] [hivemq] [e3f97d6d] INFO  - Started HiveMQ Control Center in 612ms
2025-01-30 18:31:56,310 INFO c.h.h.t.HelmChartContainer - [test-hivemq-platform] [hivemq] [e3f97d6d] INFO  - Starting TCP listener on address 0.0.0.0 and port 1883
2025-01-30 18:31:56,401 INFO c.h.h.t.HelmChartContainer - [test-hivemq-platform] [hivemq] [e3f97d6d] INFO  - Started TCP Listener on address 0.0.0.0 and on port 1883.
2025-01-30 18:31:56,401 INFO c.h.h.t.HelmChartContainer - [test-hivemq-platform] [hivemq] [e3f97d6d] INFO  - Started HiveMQ in 32081ms
2025-01-30 18:31:57,517 INFO c.h.h.t.HelmChartContainer - [test-hivemq-platform] [hivemq] [e3f97d6d] INFO  - [HiveMQ Platform Operator Init App 1.7.0-SNAPSHOT] Returning Health API response 200 for readiness
2025-01-30 18:31:57,529 INFO c.h.h.t.HelmChartContainer - [POD] test-hivemq-platform-1 [e3f97d6d-f52b-43f9-851b-85ba8d199743] in helmvolumeclaimtemplatesit was MODIFIED
2025-01-30 18:31:57,581 INFO c.h.h.t.HelmChartContainer - [hivemq-test-hivemq-platform] [hivemq-platform-operator] [2f3f9aef] 18:31:57.578 [pool-6-thread-30] DEBUG c.h.p.o.d.PlatformServiceResource - [helmvolu] Desired Platform services (3 services)
2025-01-30 18:31:57,582 INFO c.h.h.t.HelmChartContainer - [hivemq-test-hivemq-platform] [hivemq-platform-operator] [2f3f9aef] 18:31:57.580 [pool-6-thread-22] DEBUG c.h.p.o.d.PodServiceAccountResource - [helmvolu] Desired PodServiceAccountResource (serviceAccountName: hivemq-platform-pod-test-hivemq-platform)
2025-01-30 18:31:57,582 INFO c.h.h.t.HelmChartContainer - [hivemq-test-hivemq-platform] [hivemq-platform-operator] [2f3f9aef] 18:31:57.581 [pool-6-thread-24] DEBUG c.h.p.o.dependants.PodInfoConfigMap - [helmvolu] Desired PodInfo ConfigMap (1 extensions) (1 enabled)
2025-01-30 18:31:57,582 INFO c.h.h.t.HelmChartContainer - [hivemq-test-hivemq-platform] [hivemq-platform-operator] [2f3f9aef] 18:31:57.581 [pool-6-thread-24] DEBUG c.h.p.o.dependants.PodInfoConfigMap - [helmvolu] Desired PodInfo ConfigMap (metrics port: 9399) (metrics path: /)
2025-01-30 18:31:57,583 INFO c.h.h.t.HelmChartContainer - [hivemq-test-hivemq-platform] [hivemq-platform-operator] [2f3f9aef] 18:31:57.582 [pool-6-thread-24] DEBUG c.h.p.o.dependants.PodInfoConfigMap - [helmvolu] Desired PodInfo ConfigMap (extension state hash: -1817474005)
2025-01-30 18:31:57,648 INFO c.h.h.t.HelmChartContainer - [hivemq-test-hivemq-platform] [hivemq-platform-operator] [2f3f9aef] 18:31:57.645 [pool-6-thread-26] DEBUG c.h.p.o.d.StatefulSetResource - [helmvolu] Desired StatefulSet (2 replicas) for status STARTING (READY)
2025-01-30 18:31:57,650 INFO c.h.h.t.HelmChartContainer - [hivemq-test-hivemq-platform] [hivemq-platform-operator] [2f3f9aef] 18:31:57.649 [ReconcilerExecutor-hivemq-controller-125] INFO  c.h.p.o.HiveMQPlatformReconciler - [helmvolu] Reconciling HiveMQ Platform 'test-hivemq-platform' in namespace 'helmvolumeclaimtemplatesit'
2025-01-30 18:31:57,650 INFO c.h.h.t.HelmChartContainer - [hivemq-test-hivemq-platform] [hivemq-platform-operator] [2f3f9aef] 18:31:57.649 [ReconcilerExecutor-hivemq-controller-125] DEBUG c.h.p.o.HiveMQPlatformReconciler - [helmvolu] Custom Resource Status STARTING - HiveMQ Platform is starting (READY)
2025-01-30 18:31:57,651 INFO c.h.h.t.HelmChartContainer - [hivemq-test-hivemq-platform] [hivemq-platform-operator] [2f3f9aef] 18:31:57.649 [ReconcilerExecutor-hivemq-controller-125] DEBUG c.h.p.o.HiveMQPlatformReconciler - [helmvolu] Custom Resource Spec (replicas: 2) (extensions: 1)
2025-01-30 18:31:57,674 INFO c.h.h.t.HelmChartContainer - [hivemq-test-hivemq-platform] [hivemq-platform-operator] [2f3f9aef] 18:31:57.652 [ReconcilerExecutor-hivemq-controller-125] DEBUG c.h.p.o.HiveMQPlatformReconciler - [helmvolu] StatefulSet Status (revision: test-hivemq-platform-6c7bb94cbd, replicas: 2, available: 2, ready: 2, current: 2, updated: 2)
2025-01-30 18:31:57,674 INFO c.h.h.t.HelmChartContainer - [hivemq-test-hivemq-platform] [hivemq-platform-operator] [2f3f9aef] 18:31:57.668 [ReconcilerExecutor-hivemq-controller-125] DEBUG c.h.p.o.HiveMQPlatformReconciler - [helmvolu] StatefulSet Spec (replicas: 2, init containers: 1, containers: 1, volumes: 4)
2025-01-30 18:31:57,674 INFO c.h.h.t.HelmChartContainer - [hivemq-test-hivemq-platform] [hivemq-platform-operator] [2f3f9aef] 18:31:57.669 [ReconcilerExecutor-hivemq-controller-125] DEBUG c.h.p.o.h.HiveMQPlatformReconcilerErrorHandler - [helmvolu] Pod 'test-hivemq-platform-1' phase Running
2025-01-30 18:31:57,674 INFO c.h.h.t.HelmChartContainer - [hivemq-test-hivemq-platform] [hivemq-platform-operator] [2f3f9aef] 18:31:57.671 [ReconcilerExecutor-hivemq-controller-125] DEBUG c.h.p.o.h.HiveMQPlatformReconcilerErrorHandler - [helmvolu] Pod 'test-hivemq-platform-0' phase Running
2025-01-30 18:31:57,674 INFO c.h.h.t.HelmChartContainer - [hivemq-test-hivemq-platform] [hivemq-platform-operator] [2f3f9aef] 18:31:57.671 [ReconcilerExecutor-hivemq-controller-125] INFO  c.h.p.o.h.HiveMQPlatformReconcilerBaseHandler - [helmvolu] HiveMQ Platform started successfully
2025-01-30 18:31:57,767 INFO c.h.h.t.HelmChartContainer - [hivemq-test-hivemq-platform] [hivemq-platform-operator] [2f3f9aef] 18:31:57.754 [ReconcilerExecutor-hivemq-controller-125] DEBUG c.h.p.operator.event.EventSender - [helmvolu] Creating K8s event hivemq-platform-ready: [Ready] HiveMQ Platform is ready
2025-01-30 18:31:57,771 INFO c.h.h.t.HelmChartContainer - [EVENT] Normal [Ready] HiveMQ Platform is ready [helmvolumeclaimtemplatesit:test-hivemq-platform]
2025-01-30 18:31:57,772 INFO c.h.h.t.HelmChartContainer - [hivemq-test-hivemq-platform] [hivemq-platform-operator] [2f3f9aef] 18:31:57.771 [ReconcilerExecutor-hivemq-controller-125] INFO  c.h.p.o.h.AbstractHiveMQReconcilerStateHandler - [helmvolu] Update HiveMQ Platform Status (STARTING [READY] -> RUNNING [READY]): HiveMQ Platform is ready
2025-01-30 18:31:57,852 DEBUG com.hivemq.helmcharts.util.K8sUtil - Comparing actual state 'RUNNING' and waiting for 'RUNNING'
2025-01-30 18:31:57,870 INFO c.h.h.t.HelmChartContainer - [hivemq-test-hivemq-platform] [hivemq-platform-operator] [2f3f9aef] 18:31:57.867 [pool-6-thread-35] DEBUG c.h.p.o.d.PlatformServiceResource - [helmvolu] Desired Platform services (3 services)
2025-01-30 18:31:57,870 INFO c.h.h.t.HelmChartContainer - [hivemq-test-hivemq-platform] [hivemq-platform-operator] [2f3f9aef] 18:31:57.868 [pool-6-thread-34] DEBUG c.h.p.o.dependants.PodInfoConfigMap - [helmvolu] Desired PodInfo ConfigMap (1 extensions) (1 enabled)
2025-01-30 18:31:57,871 INFO c.h.h.t.HelmChartContainer - [hivemq-test-hivemq-platform] [hivemq-platform-operator] [2f3f9aef] 18:31:57.868 [pool-6-thread-34] DEBUG c.h.p.o.dependants.PodInfoConfigMap - [helmvolu] Desired PodInfo ConfigMap (metrics port: 9399) (metrics path: /)
2025-01-30 18:31:57,871 INFO c.h.h.t.HelmChartContainer - [hivemq-test-hivemq-platform] [hivemq-platform-operator] [2f3f9aef] 18:31:57.868 [pool-6-thread-34] DEBUG c.h.p.o.dependants.PodInfoConfigMap - [helmvolu] Desired PodInfo ConfigMap (extension state hash: -1817474005)
2025-01-30 18:31:57,872 INFO c.h.h.t.HelmChartContainer - [hivemq-test-hivemq-platform] [hivemq-platform-operator] [2f3f9aef] 18:31:57.869 [pool-6-thread-34] DEBUG c.h.p.o.dependants.PodInfoConfigMap - [helmvolu] Update PodInfo ConfigMap
2025-01-30 18:31:57,872 INFO c.h.h.t.HelmChartContainer - [hivemq-test-hivemq-platform] [hivemq-platform-operator] [2f3f9aef] 18:31:57.870 [pool-6-thread-40] DEBUG c.h.p.o.d.PodServiceAccountResource - [helmvolu] Desired PodServiceAccountResource (serviceAccountName: hivemq-platform-pod-test-hivemq-platform)
2025-01-30 18:31:57,946 INFO c.h.h.t.HelmChartContainer - [hivemq-test-hivemq-platform] [hivemq-platform-operator] [2f3f9aef] 18:31:57.945 [pool-6-thread-34] DEBUG c.h.p.o.d.StatefulSetResource - [helmvolu] Desired StatefulSet (2 replicas) for status RUNNING (READY)
2025-01-30 18:31:57,950 INFO c.h.h.t.HelmChartContainer - [hivemq-test-hivemq-platform] [hivemq-platform-operator] [2f3f9aef] 18:31:57.949 [ReconcilerExecutor-hivemq-controller-126] INFO  c.h.p.o.HiveMQPlatformReconciler - [helmvolu] Reconciling HiveMQ Platform 'test-hivemq-platform' in namespace 'helmvolumeclaimtemplatesit'
2025-01-30 18:31:57,950 INFO c.h.h.t.HelmChartContainer - [hivemq-test-hivemq-platform] [hivemq-platform-operator] [2f3f9aef] 18:31:57.949 [ReconcilerExecutor-hivemq-controller-126] DEBUG c.h.p.o.HiveMQPlatformReconciler - [helmvolu] Custom Resource Status RUNNING - HiveMQ Platform is ready (READY)
2025-01-30 18:31:57,950 INFO c.h.h.t.HelmChartContainer - [hivemq-test-hivemq-platform] [hivemq-platform-operator] [2f3f9aef] 18:31:57.949 [ReconcilerExecutor-hivemq-controller-126] DEBUG c.h.p.o.HiveMQPlatformReconciler - [helmvolu] Custom Resource Spec (replicas: 2) (extensions: 1)
2025-01-30 18:31:57,951 INFO c.h.h.t.HelmChartContainer - [hivemq-test-hivemq-platform] [hivemq-platform-operator] [2f3f9aef] 18:31:57.950 [ReconcilerExecutor-hivemq-controller-126] DEBUG c.h.p.o.HiveMQPlatformReconciler - [helmvolu] StatefulSet Status (revision: test-hivemq-platform-6c7bb94cbd, replicas: 2, available: 2, ready: 2, current: 2, updated: 2)
2025-01-30 18:31:57,953 INFO c.h.h.t.HelmChartContainer - [hivemq-test-hivemq-platform] [hivemq-platform-operator] [2f3f9aef] 18:31:57.950 [ReconcilerExecutor-hivemq-controller-126] DEBUG c.h.p.o.HiveMQPlatformReconciler - [helmvolu] StatefulSet Spec (replicas: 2, init containers: 1, containers: 1, volumes: 4)
2025-01-30 18:31:57,953 INFO c.h.h.t.HelmChartContainer - [hivemq-test-hivemq-platform] [hivemq-platform-operator] [2f3f9aef] 18:31:57.951 [ReconcilerExecutor-hivemq-controller-126] DEBUG c.h.p.o.h.HiveMQPlatformReconcilerErrorHandler - [helmvolu] Pod 'test-hivemq-platform-1' phase Running
2025-01-30 18:31:57,953 INFO c.h.h.t.HelmChartContainer - [hivemq-test-hivemq-platform] [hivemq-platform-operator] [2f3f9aef] 18:31:57.952 [ReconcilerExecutor-hivemq-controller-126] DEBUG c.h.p.o.h.HiveMQPlatformReconcilerErrorHandler - [helmvolu] Pod 'test-hivemq-platform-0' phase Running
2025-01-30 18:31:59,967 DEBUG com.hivemq.helmcharts.util.PodUtil - Received status for command '[touch, /opt/hivemq/data/test-hivemq-platform-0.txt]' on pod 'test-hivemq-platform-0' (exit code: 0)
2025-01-30 18:32:00,052 DEBUG com.hivemq.helmcharts.util.PodUtil - Received status for command '[sh, -c, echo -n 'Persisted content for pod test-hivemq-platform-0' >> /opt/hivemq/data/test-hivemq-platform-0.txt]' on pod 'test-hivemq-platform-0' (exit code: 0)
2025-01-30 18:32:00,135 DEBUG com.hivemq.helmcharts.util.PodUtil - Received status for command '[touch, /opt/hivemq/data/test-hivemq-platform-1.txt]' on pod 'test-hivemq-platform-1' (exit code: 0)
2025-01-30 18:32:00,221 DEBUG com.hivemq.helmcharts.util.PodUtil - Received status for command '[sh, -c, echo -n 'Persisted content for pod test-hivemq-platform-1' >> /opt/hivemq/data/test-hivemq-platform-1.txt]' on pod 'test-hivemq-platform-1' (exit code: 0)
2025-01-30 18:32:00,247 DEBUG com.hivemq.helmcharts.util.K8sUtil - Comparing actual state 'RUNNING' and waiting for 'ROLLING_RESTART'
2025-01-30 18:32:00,248 INFO c.h.h.t.HelmChartContainer - [hivemq-test-hivemq-platform] [hivemq-platform-operator] [2f3f9aef] 18:32:00.241 [pool-6-thread-44] DEBUG c.h.p.o.d.PlatformServiceResource - [helmvolu] Desired Platform services (3 services)
2025-01-30 18:32:00,249 INFO c.h.h.t.HelmChartContainer - [hivemq-test-hivemq-platform] [hivemq-platform-operator] [2f3f9aef] 18:32:00.242 [pool-6-thread-48] DEBUG c.h.p.o.dependants.PodInfoConfigMap - [helmvolu] Desired PodInfo ConfigMap (1 extensions) (1 enabled)
2025-01-30 18:32:00,249 INFO c.h.h.t.HelmChartContainer - [hivemq-test-hivemq-platform] [hivemq-platform-operator] [2f3f9aef] 18:32:00.242 [pool-6-thread-48] DEBUG c.h.p.o.dependants.PodInfoConfigMap - [helmvolu] Desired PodInfo ConfigMap (metrics port: 9399) (metrics path: /)
2025-01-30 18:32:00,249 INFO c.h.h.t.HelmChartContainer - [hivemq-test-hivemq-platform] [hivemq-platform-operator] [2f3f9aef] 18:32:00.242 [pool-6-thread-48] DEBUG c.h.p.o.dependants.PodInfoConfigMap - [helmvolu] Desired PodInfo ConfigMap (extension state hash: -1817474005)
2025-01-30 18:32:00,249 INFO c.h.h.t.HelmChartContainer - [hivemq-test-hivemq-platform] [hivemq-platform-operator] [2f3f9aef] 18:32:00.242 [pool-6-thread-45] DEBUG c.h.p.o.d.PodServiceAccountResource - [helmvolu] Desired PodServiceAccountResource (serviceAccountName: hivemq-platform-pod-test-hivemq-platform)
2025-01-30 18:32:00,249 INFO c.h.h.t.HelmChartContainer - [hivemq-test-hivemq-platform] [hivemq-platform-operator] [2f3f9aef] 18:32:00.246 [pool-6-thread-44] DEBUG c.h.p.o.d.StatefulSetResource - [helmvolu] Desired StatefulSet (2 replicas) for status RUNNING (READY)
2025-01-30 18:32:00,252 INFO c.h.h.t.HelmChartContainer - [hivemq-test-hivemq-platform] [hivemq-platform-operator] [2f3f9aef] 18:32:00.250 [pool-6-thread-44] DEBUG c.h.p.o.d.StatefulSetResource - [helmvolu] Update StatefulSet (replicas: 2 -> 2)
2025-01-30 18:32:00,253 INFO c.h.h.t.HelmChartContainer - [hivemq-test-hivemq-platform] [hivemq-platform-operator] [2f3f9aef] 18:32:00.251 [pool-6-thread-44] DEBUG c.h.p.o.d.StatefulSetResource - [helmvolu] Detected change in StatefulSet specification (path: /template/metadata/annotations/kubernetes-resource-versions) (actual value: {broker-configuration-v2=-2089688360}) (target value: {broker-configuration-v2=1242811043})
2025-01-30 18:32:00,253 INFO c.h.h.t.HelmChartContainer - [hivemq-test-hivemq-platform] [hivemq-platform-operator] [2f3f9aef] 18:32:00.251 [pool-6-thread-44] INFO  c.h.p.o.d.StatefulSetResource - [helmvolu] StatefulSet spec was updated, triggering rolling restart
2025-01-30 18:32:00,271 INFO c.h.h.t.HelmChartContainer - [hivemq-test-hivemq-platform] [hivemq-platform-operator] [2f3f9aef] 18:32:00.269 [ReconcilerExecutor-hivemq-controller-127] INFO  c.h.p.o.HiveMQPlatformReconciler - [helmvolu] Reconciling HiveMQ Platform 'test-hivemq-platform' in namespace 'helmvolumeclaimtemplatesit'
2025-01-30 18:32:00,272 INFO c.h.h.t.HelmChartContainer - [hivemq-test-hivemq-platform] [hivemq-platform-operator] [2f3f9aef] 18:32:00.269 [ReconcilerExecutor-hivemq-controller-127] DEBUG c.h.p.o.HiveMQPlatformReconciler - [helmvolu] Custom Resource Status RUNNING - HiveMQ Platform is ready (READY) (reconciliation requests: REQUESTS_UPDATED, ROLLING_RESTART)
2025-01-30 18:32:00,272 INFO c.h.h.t.HelmChartContainer - [hivemq-test-hivemq-platform] [hivemq-platform-operator] [2f3f9aef] 18:32:00.269 [ReconcilerExecutor-hivemq-controller-127] DEBUG c.h.p.o.HiveMQPlatformReconciler - [helmvolu] Custom Resource Spec (replicas: 2) (extensions: 1)
2025-01-30 18:32:00,272 INFO c.h.h.t.HelmChartContainer - [hivemq-test-hivemq-platform] [hivemq-platform-operator] [2f3f9aef] 18:32:00.270 [ReconcilerExecutor-hivemq-controller-127] DEBUG c.h.p.o.HiveMQPlatformReconciler - [helmvolu] StatefulSet Status (revision: test-hivemq-platform-6c7bb94cbd, replicas: 2, available: 2, ready: 2, current: 2, updated: 2)
2025-01-30 18:32:00,272 INFO c.h.h.t.HelmChartContainer - [hivemq-test-hivemq-platform] [hivemq-platform-operator] [2f3f9aef] 18:32:00.270 [ReconcilerExecutor-hivemq-controller-127] DEBUG c.h.p.o.HiveMQPlatformReconciler - [helmvolu] StatefulSet Spec (replicas: 2, init containers: 1, containers: 1, volumes: 4)
2025-01-30 18:32:00,276 INFO c.h.h.t.HelmChartContainer - [hivemq-test-hivemq-platform] [hivemq-platform-operator] [2f3f9aef] 18:32:00.271 [ReconcilerExecutor-hivemq-controller-127] DEBUG c.h.p.o.h.HiveMQPlatformReconcilerErrorHandler - [helmvolu] Pod 'test-hivemq-platform-1' phase Running
2025-01-30 18:32:00,277 INFO c.h.h.t.HelmChartContainer - [hivemq-test-hivemq-platform] [hivemq-platform-operator] [2f3f9aef] 18:32:00.273 [ReconcilerExecutor-hivemq-controller-127] DEBUG c.h.p.o.h.HiveMQPlatformReconcilerErrorHandler - [helmvolu] Pod 'test-hivemq-platform-0' phase Running
2025-01-30 18:32:00,277 INFO c.h.h.t.HelmChartContainer - [hivemq-test-hivemq-platform] [hivemq-platform-operator] [2f3f9aef] 18:32:00.274 [ReconcilerExecutor-hivemq-controller-127] INFO  c.h.p.o.h.HiveMQPlatformReconcilerBaseHandler - [helmvolu] Started rolling restart (scaling to 3 replicas)
2025-01-30 18:32:00,373 INFO c.h.h.t.HelmChartContainer - [hivemq-test-hivemq-platform] [hivemq-platform-operator] [2f3f9aef] 18:32:00.371 [ReconcilerExecutor-hivemq-controller-127] DEBUG c.h.p.operator.event.EventSender - [helmvolu] Creating K8s event rolling-restart-started: [RollingRestart] HiveMQ Platform is starting a surge Pod (rolling restart)
2025-01-30 18:32:00,376 INFO c.h.h.t.HelmChartContainer - [EVENT] Normal [RollingRestart] HiveMQ Platform is starting a surge Pod (rolling restart) [helmvolumeclaimtemplatesit:test-hivemq-platform]
2025-01-30 18:32:00,377 INFO c.h.h.t.HelmChartContainer - [hivemq-test-hivemq-platform] [hivemq-platform-operator] [2f3f9aef] 18:32:00.377 [ReconcilerExecutor-hivemq-controller-127] INFO  c.h.p.o.h.AbstractHiveMQReconcilerStateHandler - [helmvolu] Update HiveMQ Platform Status (RUNNING [READY] -> ROLLING_RESTART [SURGE_IN_PROGRESS]): HiveMQ Platform is starting a surge Pod (rolling restart)
2025-01-30 18:32:00,386 DEBUG com.hivemq.helmcharts.util.K8sUtil - Comparing actual state 'ROLLING_RESTART' and waiting for 'ROLLING_RESTART'
2025-01-30 18:32:00,391 DEBUG com.hivemq.helmcharts.util.K8sUtil - Comparing actual state 'ROLLING_RESTART' and waiting for 'RUNNING'
2025-01-30 18:32:00,451 INFO c.h.h.t.HelmChartContainer - [hivemq-test-hivemq-platform] [hivemq-platform-operator] [2f3f9aef] 18:32:00.448 [pool-6-thread-9] DEBUG c.h.p.o.d.PlatformServiceResource - [helmvolu] Desired Platform services (3 services)
2025-01-30 18:32:00,452 INFO c.h.h.t.HelmChartContainer - [hivemq-test-hivemq-platform] [hivemq-platform-operator] [2f3f9aef] 18:32:00.448 [pool-6-thread-7] DEBUG c.h.p.o.dependants.PodInfoConfigMap - [helmvolu] Desired PodInfo ConfigMap (1 extensions) (1 enabled)
2025-01-30 18:32:00,452 INFO c.h.h.t.HelmChartContainer - [hivemq-test-hivemq-platform] [hivemq-platform-operator] [2f3f9aef] 18:32:00.448 [pool-6-thread-7] DEBUG c.h.p.o.dependants.PodInfoConfigMap - [helmvolu] Desired PodInfo ConfigMap (metrics port: 9399) (metrics path: /)
2025-01-30 18:32:00,452 INFO c.h.h.t.HelmChartContainer - [hivemq-test-hivemq-platform] [hivemq-platform-operator] [2f3f9aef] 18:32:00.448 [pool-6-thread-7] DEBUG c.h.p.o.dependants.PodInfoConfigMap - [helmvolu] Desired PodInfo ConfigMap (extension state hash: -1817474005)
2025-01-30 18:32:00,452 INFO c.h.h.t.HelmChartContainer - [hivemq-test-hivemq-platform] [hivemq-platform-operator] [2f3f9aef] 18:32:00.449 [pool-6-thread-7] DEBUG c.h.p.o.dependants.PodInfoConfigMap - [helmvolu] Update PodInfo ConfigMap
2025-01-30 18:32:00,452 INFO c.h.h.t.HelmChartContainer - [hivemq-test-hivemq-platform] [hivemq-platform-operator] [2f3f9aef] 18:32:00.449 [pool-6-thread-2] DEBUG c.h.p.o.d.PodServiceAccountResource - [helmvolu] Desired PodServiceAccountResource (serviceAccountName: hivemq-platform-pod-test-hivemq-platform)
2025-01-30 18:32:00,471 INFO c.h.h.t.HelmChartContainer - [hivemq-test-hivemq-platform] [hivemq-platform-operator] [2f3f9aef] 18:32:00.470 [pool-6-thread-9] DEBUG c.h.p.o.d.StatefulSetResource - [helmvolu] Desired StatefulSet (3 replicas) for status ROLLING_RESTART (SURGE_IN_PROGRESS)
2025-01-30 18:32:00,473 INFO c.h.h.t.HelmChartContainer - [hivemq-test-hivemq-platform] [hivemq-platform-operator] [2f3f9aef] 18:32:00.473 [pool-6-thread-9] DEBUG c.h.p.o.d.StatefulSetResource - [helmvolu] Update StatefulSet (replicas: 2 -> 3)
2025-01-30 18:32:00,488 INFO c.h.h.t.HelmChartContainer - [EVENT] Normal [SuccessfulCreate] create Claim hivemq-pvc-data-test-hivemq-platform-2 Pod test-hivemq-platform-2 in StatefulSet test-hivemq-platform success [helmvolumeclaimtemplatesit:test-hivemq-platform]
2025-01-30 18:32:00,490 INFO c.h.h.t.HelmChartContainer - [EVENT] Normal [WaitForFirstConsumer] waiting for first consumer to be created before binding [helmvolumeclaimtemplatesit:hivemq-pvc-data-test-hivemq-platform-2]
2025-01-30 18:32:00,493 INFO c.h.h.t.HelmChartContainer - [POD] test-hivemq-platform-2 [38b67c1e-f02b-4da1-a826-d7cb17921229] in helmvolumeclaimtemplatesit was ADDED
2025-01-30 18:32:00,501 INFO c.h.h.t.HelmChartContainer - [EVENT] Normal [SuccessfulCreate] create Pod test-hivemq-platform-2 in StatefulSet test-hivemq-platform successful [helmvolumeclaimtemplatesit:test-hivemq-platform]
2025-01-30 18:32:00,521 INFO c.h.h.t.HelmChartContainer - [EVENT] Normal [ExternalProvisioning] Waiting for a volume to be created either by the external provisioner 'rancher.io/local-path' or manually by the system administrator. If volume creation is delayed, please verify that the provisioner is running and correctly registered. [helmvolumeclaimtemplatesit:hivemq-pvc-data-test-hivemq-platform-2]
2025-01-30 18:32:00,531 INFO c.h.h.t.HelmChartContainer - [EVENT] Normal [ExternalProvisioning] Waiting for a volume to be created either by the external provisioner 'rancher.io/local-path' or manually by the system administrator. If volume creation is delayed, please verify that the provisioner is running and correctly registered. [helmvolumeclaimtemplatesit:hivemq-pvc-data-test-hivemq-platform-2]
2025-01-30 18:32:00,531 INFO c.h.h.t.HelmChartContainer - [EVENT] Normal [Provisioning] External provisioner is provisioning volume for claim "helmvolumeclaimtemplatesit/hivemq-pvc-data-test-hivemq-platform-2" [helmvolumeclaimtemplatesit:hivemq-pvc-data-test-hivemq-platform-2]
2025-01-30 18:32:00,556 INFO c.h.h.t.HelmChartContainer - [hivemq-test-hivemq-platform] [hivemq-platform-operator] [2f3f9aef] 18:32:00.550 [ReconcilerExecutor-hivemq-controller-128] INFO  c.h.p.o.HiveMQPlatformReconciler - [helmvolu] Reconciling HiveMQ Platform 'test-hivemq-platform' in namespace 'helmvolumeclaimtemplatesit'
2025-01-30 18:32:00,556 INFO c.h.h.t.HelmChartContainer - [hivemq-test-hivemq-platform] [hivemq-platform-operator] [2f3f9aef] 18:32:00.550 [ReconcilerExecutor-hivemq-controller-128] DEBUG c.h.p.o.HiveMQPlatformReconciler - [helmvolu] Custom Resource Status ROLLING_RESTART - HiveMQ Platform is starting a surge Pod (rolling restart) (SURGE_IN_PROGRESS)
2025-01-30 18:32:00,556 INFO c.h.h.t.HelmChartContainer - [hivemq-test-hivemq-platform] [hivemq-platform-operator] [2f3f9aef] 18:32:00.550 [ReconcilerExecutor-hivemq-controller-128] DEBUG c.h.p.o.HiveMQPlatformReconciler - [helmvolu] Custom Resource Spec (replicas: 2) (extensions: 1)
2025-01-30 18:32:00,556 INFO c.h.h.t.HelmChartContainer - [hivemq-test-hivemq-platform] [hivemq-platform-operator] [2f3f9aef] 18:32:00.551 [ReconcilerExecutor-hivemq-controller-128] DEBUG c.h.p.o.HiveMQPlatformReconciler - [helmvolu] StatefulSet Status (revision: test-hivemq-platform-59475f86c9, replicas: 3, available: 2, ready: 2, current: 2, updated: 1)
2025-01-30 18:32:00,556 INFO c.h.h.t.HelmChartContainer - [hivemq-test-hivemq-platform] [hivemq-platform-operator] [2f3f9aef] 18:32:00.551 [ReconcilerExecutor-hivemq-controller-128] DEBUG c.h.p.o.HiveMQPlatformReconciler - [helmvolu] StatefulSet Spec (replicas: 3, init containers: 1, containers: 1, volumes: 4)
2025-01-30 18:32:00,568 INFO c.h.h.t.HelmChartContainer - [hivemq-test-hivemq-platform] [hivemq-platform-operator] [2f3f9aef] 18:32:00.567 [ReconcilerExecutor-hivemq-controller-128] DEBUG c.h.p.o.h.HiveMQPlatformReconcilerErrorHandler - [helmvolu] Pod 'test-hivemq-platform-2' phase Pending
2025-01-30 18:32:00,570 INFO c.h.h.t.HelmChartContainer - [hivemq-test-hivemq-platform] [hivemq-platform-operator] [2f3f9aef] 18:32:00.569 [ReconcilerExecutor-hivemq-controller-128] DEBUG c.h.p.o.h.HiveMQPlatformReconcilerErrorHandler - [helmvolu] Pod 'test-hivemq-platform-1' phase Running
2025-01-30 18:32:00,574 INFO c.h.h.t.HelmChartContainer - [hivemq-test-hivemq-platform] [hivemq-platform-operator] [2f3f9aef] 18:32:00.573 [ReconcilerExecutor-hivemq-controller-128] DEBUG c.h.p.o.h.HiveMQPlatformReconcilerErrorHandler - [helmvolu] Pod 'test-hivemq-platform-0' phase Running
2025-01-30 18:32:00,575 INFO c.h.h.t.HelmChartContainer - [hivemq-test-hivemq-platform] [hivemq-platform-operator] [2f3f9aef] 18:32:00.574 [ReconcilerExecutor-hivemq-controller-128] DEBUG c.h.p.o.h.HiveMQPlatformReconcilerRollingRestartHandler - [helmvolu] Rolling restart is waiting for 2 of 3 replicas
2025-01-30 18:32:00,586 INFO c.h.h.t.HelmChartContainer - [hivemq-test-hivemq-platform] [hivemq-platform-operator] [2f3f9aef] 18:32:00.579 [pool-6-thread-13] DEBUG c.h.p.o.d.PlatformServiceResource - [helmvolu] Desired Platform services (3 services)
2025-01-30 18:32:00,586 INFO c.h.h.t.HelmChartContainer - [hivemq-test-hivemq-platform] [hivemq-platform-operator] [2f3f9aef] 18:32:00.579 [pool-6-thread-20] DEBUG c.h.p.o.dependants.PodInfoConfigMap - [helmvolu] Desired PodInfo ConfigMap (1 extensions) (1 enabled)
2025-01-30 18:32:00,586 INFO c.h.h.t.HelmChartContainer - [hivemq-test-hivemq-platform] [hivemq-platform-operator] [2f3f9aef] 18:32:00.579 [pool-6-thread-20] DEBUG c.h.p.o.dependants.PodInfoConfigMap - [helmvolu] Desired PodInfo ConfigMap (metrics port: 9399) (metrics path: /)
2025-01-30 18:32:00,586 INFO c.h.h.t.HelmChartContainer - [hivemq-test-hivemq-platform] [hivemq-platform-operator] [2f3f9aef] 18:32:00.579 [pool-6-thread-20] DEBUG c.h.p.o.dependants.PodInfoConfigMap - [helmvolu] Desired PodInfo ConfigMap (extension state hash: -1817474005)
2025-01-30 18:32:00,589 INFO c.h.h.t.HelmChartContainer - [hivemq-test-hivemq-platform] [hivemq-platform-operator] [2f3f9aef] 18:32:00.586 [pool-6-thread-20] DEBUG c.h.p.o.d.StatefulSetResource - [helmvolu] Desired StatefulSet (3 replicas) for status ROLLING_RESTART (SURGE_IN_PROGRESS)
2025-01-30 18:32:00,593 INFO c.h.h.t.HelmChartContainer - [POD] helper-pod-create-pvc-62980791-972a-43fe-a424-8404742d3cc7 [ee566723-2e83-4e2c-adc7-b18f0e4f6365] in kube-system was ADDED
2025-01-30 18:32:00,614 INFO c.h.h.t.HelmChartContainer - [POD] helper-pod-create-pvc-62980791-972a-43fe-a424-8404742d3cc7 [ee566723-2e83-4e2c-adc7-b18f0e4f6365] in kube-system was MODIFIED
2025-01-30 18:32:00,650 INFO c.h.h.t.HelmChartContainer - [hivemq-test-hivemq-platform] [hivemq-platform-operator] [2f3f9aef] 18:32:00.582 [pool-6-thread-13] DEBUG c.h.p.o.d.PodServiceAccountResource - [helmvolu] Desired PodServiceAccountResource (serviceAccountName: hivemq-platform-pod-test-hivemq-platform)
2025-01-30 18:32:00,651 INFO c.h.h.t.HelmChartContainer - [hivemq-test-hivemq-platform] [hivemq-platform-operator] [2f3f9aef] 18:32:00.648 [ReconcilerExecutor-hivemq-controller-130] INFO  c.h.p.o.HiveMQPlatformReconciler - [helmvolu] Reconciling HiveMQ Platform 'test-hivemq-platform' in namespace 'helmvolumeclaimtemplatesit'
2025-01-30 18:32:00,652 INFO c.h.h.t.HelmChartContainer - [hivemq-test-hivemq-platform] [hivemq-platform-operator] [2f3f9aef] 18:32:00.648 [ReconcilerExecutor-hivemq-controller-130] DEBUG c.h.p.o.HiveMQPlatformReconciler - [helmvolu] Custom Resource Status ROLLING_RESTART - HiveMQ Platform is starting a surge Pod (rolling restart) (SURGE_IN_PROGRESS)
2025-01-30 18:32:00,652 INFO c.h.h.t.HelmChartContainer - [hivemq-test-hivemq-platform] [hivemq-platform-operator] [2f3f9aef] 18:32:00.648 [ReconcilerExecutor-hivemq-controller-130] DEBUG c.h.p.o.HiveMQPlatformReconciler - [helmvolu] Custom Resource Spec (replicas: 2) (extensions: 1)
2025-01-30 18:32:00,652 INFO c.h.h.t.HelmChartContainer - [hivemq-test-hivemq-platform] [hivemq-platform-operator] [2f3f9aef] 18:32:00.649 [ReconcilerExecutor-hivemq-controller-130] DEBUG c.h.p.o.HiveMQPlatformReconciler - [helmvolu] StatefulSet Status (revision: test-hivemq-platform-59475f86c9, replicas: 3, available: 2, ready: 2, current: 2, updated: 1)
2025-01-30 18:32:00,652 INFO c.h.h.t.HelmChartContainer - [hivemq-test-hivemq-platform] [hivemq-platform-operator] [2f3f9aef] 18:32:00.649 [ReconcilerExecutor-hivemq-controller-130] DEBUG c.h.p.o.HiveMQPlatformReconciler - [helmvolu] StatefulSet Spec (replicas: 3, init containers: 1, containers: 1, volumes: 4)
2025-01-30 18:32:00,653 INFO c.h.h.t.HelmChartContainer - [hivemq-test-hivemq-platform] [hivemq-platform-operator] [2f3f9aef] 18:32:00.650 [ReconcilerExecutor-hivemq-controller-130] DEBUG c.h.p.o.h.HiveMQPlatformReconcilerErrorHandler - [helmvolu] Pod 'test-hivemq-platform-2' phase Pending
2025-01-30 18:32:00,654 INFO c.h.h.t.HelmChartContainer - [hivemq-test-hivemq-platform] [hivemq-platform-operator] [2f3f9aef] 18:32:00.653 [ReconcilerExecutor-hivemq-controller-130] DEBUG c.h.p.o.h.HiveMQPlatformReconcilerErrorHandler - [helmvolu] Pod 'test-hivemq-platform-1' phase Running
2025-01-30 18:32:00,669 INFO c.h.h.t.HelmChartContainer - [hivemq-test-hivemq-platform] [hivemq-platform-operator] [2f3f9aef] 18:32:00.668 [ReconcilerExecutor-hivemq-controller-130] DEBUG c.h.p.o.h.HiveMQPlatformReconcilerErrorHandler - [helmvolu] Pod 'test-hivemq-platform-0' phase Running
2025-01-30 18:32:00,669 INFO c.h.h.t.HelmChartContainer - [hivemq-test-hivemq-platform] [hivemq-platform-operator] [2f3f9aef] 18:32:00.668 [ReconcilerExecutor-hivemq-controller-130] DEBUG c.h.p.o.h.HiveMQPlatformReconcilerRollingRestartHandler - [helmvolu] Rolling restart is waiting for 2 of 3 replicas
2025-01-30 18:32:00,773 INFO c.h.h.t.HelmChartContainer - [K3S] [reconciler_common.go:251] "operationExecutor.VerifyControllerAttachedVolume started for volume \"script\" (UniqueName: \"kubernetes.io/configmap/ee566723-2e83-4e2c-adc7-b18f0e4f6365-script\") pod \"helper-pod-create-pvc-62980791-972a-43fe-a424-8404742d3cc7\" (UID: \"ee566723-2e83-4e2c-adc7-b18f0e4f6365\") " pod="kube-system/helper-pod-create-pvc-62980791-972a-43fe-a424-8404742d3cc7"
2025-01-30 18:32:00,773 INFO c.h.h.t.HelmChartContainer - [K3S] [reconciler_common.go:251] "operationExecutor.VerifyControllerAttachedVolume started for volume \"data\" (UniqueName: \"kubernetes.io/host-path/ee566723-2e83-4e2c-adc7-b18f0e4f6365-data\") pod \"helper-pod-create-pvc-62980791-972a-43fe-a424-8404742d3cc7\" (UID: \"ee566723-2e83-4e2c-adc7-b18f0e4f6365\") " pod="kube-system/helper-pod-create-pvc-62980791-972a-43fe-a424-8404742d3cc7"
2025-01-30 18:32:00,773 INFO c.h.h.t.HelmChartContainer - [K3S] [reconciler_common.go:251] "operationExecutor.VerifyControllerAttachedVolume started for volume \"kube-api-access-t2f6n\" (UniqueName: \"kubernetes.io/projected/ee566723-2e83-4e2c-adc7-b18f0e4f6365-kube-api-access-t2f6n\") pod \"helper-pod-create-pvc-62980791-972a-43fe-a424-8404742d3cc7\" (UID: \"ee566723-2e83-4e2c-adc7-b18f0e4f6365\") " pod="kube-system/helper-pod-create-pvc-62980791-972a-43fe-a424-8404742d3cc7"
2025-01-30 18:32:01,536 INFO c.h.h.t.HelmChartContainer - [POD] helper-pod-create-pvc-62980791-972a-43fe-a424-8404742d3cc7 [ee566723-2e83-4e2c-adc7-b18f0e4f6365] in kube-system was MODIFIED
2025-01-30 18:32:02,607 INFO c.h.h.t.HelmChartContainer - [POD] helper-pod-create-pvc-62980791-972a-43fe-a424-8404742d3cc7 [ee566723-2e83-4e2c-adc7-b18f0e4f6365] in kube-system was MODIFIED
2025-01-30 18:32:02,686 INFO c.h.h.t.HelmChartContainer - [K3S] [reconciler_common.go:162] "operationExecutor.UnmountVolume started for volume \"script\" (UniqueName: \"kubernetes.io/configmap/ee566723-2e83-4e2c-adc7-b18f0e4f6365-script\") pod \"ee566723-2e83-4e2c-adc7-b18f0e4f6365\" (UID: \"ee566723-2e83-4e2c-adc7-b18f0e4f6365\") "
2025-01-30 18:32:02,686 INFO c.h.h.t.HelmChartContainer - [K3S] [reconciler_common.go:162] "operationExecutor.UnmountVolume started for volume \"data\" (UniqueName: \"kubernetes.io/host-path/ee566723-2e83-4e2c-adc7-b18f0e4f6365-data\") pod \"ee566723-2e83-4e2c-adc7-b18f0e4f6365\" (UID: \"ee566723-2e83-4e2c-adc7-b18f0e4f6365\") "
2025-01-30 18:32:02,686 INFO c.h.h.t.HelmChartContainer - [K3S] [reconciler_common.go:162] "operationExecutor.UnmountVolume started for volume \"kube-api-access-t2f6n\" (UniqueName: \"kubernetes.io/projected/ee566723-2e83-4e2c-adc7-b18f0e4f6365-kube-api-access-t2f6n\") pod \"ee566723-2e83-4e2c-adc7-b18f0e4f6365\" (UID: \"ee566723-2e83-4e2c-adc7-b18f0e4f6365\") "
2025-01-30 18:32:02,787 INFO c.h.h.t.HelmChartContainer - [K3S] [reconciler_common.go:299] "Volume detached for volume \"data\" (UniqueName: \"kubernetes.io/host-path/ee566723-2e83-4e2c-adc7-b18f0e4f6365-data\") on node \"c1f759053570\" DevicePath \"\""
2025-01-30 18:32:02,787 INFO c.h.h.t.HelmChartContainer - [K3S] [reconciler_common.go:299] "Volume detached for volume \"kube-api-access-t2f6n\" (UniqueName: \"kubernetes.io/projected/ee566723-2e83-4e2c-adc7-b18f0e4f6365-kube-api-access-t2f6n\") on node \"c1f759053570\" DevicePath \"\""
2025-01-30 18:32:02,787 INFO c.h.h.t.HelmChartContainer - [K3S] [reconciler_common.go:299] "Volume detached for volume \"script\" (UniqueName: \"kubernetes.io/configmap/ee566723-2e83-4e2c-adc7-b18f0e4f6365-script\") on node \"c1f759053570\" DevicePath \"\""
2025-01-30 18:32:03,531 INFO c.h.h.t.HelmChartContainer - [K3S] [pod_container_deletor.go:80] "Container not found in pod's containers" containerID="1be471e86067035ea29c8f39b253a517d93a0d2ed3ccd5792bf8a12b8df77199"
2025-01-30 18:32:03,613 INFO c.h.h.t.HelmChartContainer - [POD] helper-pod-create-pvc-62980791-972a-43fe-a424-8404742d3cc7 [ee566723-2e83-4e2c-adc7-b18f0e4f6365] in kube-system was MODIFIED
2025-01-30 18:32:03,621 INFO c.h.h.t.HelmChartContainer - [POD] helper-pod-create-pvc-62980791-972a-43fe-a424-8404742d3cc7 [ee566723-2e83-4e2c-adc7-b18f0e4f6365] in kube-system was DELETED
2025-01-30 18:32:03,629 INFO c.h.h.t.HelmChartContainer - [EVENT] Normal [ProvisioningSucceeded] Successfully provisioned volume pvc-62980791-972a-43fe-a424-8404742d3cc7 [helmvolumeclaimtemplatesit:hivemq-pvc-data-test-hivemq-platform-2]
2025-01-30 18:32:04,125 INFO c.h.h.t.HelmChartContainer - [K3S] [kubelet_volumes.go:163] "Cleaned up orphaned pod volumes dir" podUID="ee566723-2e83-4e2c-adc7-b18f0e4f6365" path="/var/lib/kubelet/pods/ee566723-2e83-4e2c-adc7-b18f0e4f6365/volumes"
2025-01-30 18:32:04,503 INFO c.h.h.t.HelmChartContainer - [K3S] [memory_manager.go:355] "RemoveStaleState removing state" podUID="ee566723-2e83-4e2c-adc7-b18f0e4f6365" containerName="helper-pod"
2025-01-30 18:32:04,505 INFO c.h.h.t.HelmChartContainer - [EVENT] Normal [Scheduled] Successfully assigned helmvolumeclaimtemplatesit/test-hivemq-platform-2 to c1f759053570 [helmvolumeclaimtemplatesit:test-hivemq-platform-2]
2025-01-30 18:32:04,506 INFO c.h.h.t.HelmChartContainer - [POD] test-hivemq-platform-2 [38b67c1e-f02b-4da1-a826-d7cb17921229] in helmvolumeclaimtemplatesit was MODIFIED
2025-01-30 18:32:04,514 INFO c.h.h.t.HelmChartContainer - [hivemq-test-hivemq-platform] [hivemq-platform-operator] [2f3f9aef] 18:32:04.509 [pool-6-thread-29] DEBUG c.h.p.o.d.PlatformServiceResource - [helmvolu] Desired Platform services (3 services)
2025-01-30 18:32:04,514 INFO c.h.h.t.HelmChartContainer - [hivemq-test-hivemq-platform] [hivemq-platform-operator] [2f3f9aef] 18:32:04.512 [pool-6-thread-27] DEBUG c.h.p.o.dependants.PodInfoConfigMap - [helmvolu] Desired PodInfo ConfigMap (1 extensions) (1 enabled)
2025-01-30 18:32:04,514 INFO c.h.h.t.HelmChartContainer - [hivemq-test-hivemq-platform] [hivemq-platform-operator] [2f3f9aef] 18:32:04.512 [pool-6-thread-27] DEBUG c.h.p.o.dependants.PodInfoConfigMap - [helmvolu] Desired PodInfo ConfigMap (metrics port: 9399) (metrics path: /)
2025-01-30 18:32:04,514 INFO c.h.h.t.HelmChartContainer - [hivemq-test-hivemq-platform] [hivemq-platform-operator] [2f3f9aef] 18:32:04.512 [pool-6-thread-27] DEBUG c.h.p.o.dependants.PodInfoConfigMap - [helmvolu] Desired PodInfo ConfigMap (extension state hash: -1817474005)
2025-01-30 18:32:04,514 INFO c.h.h.t.HelmChartContainer - [hivemq-test-hivemq-platform] [hivemq-platform-operator] [2f3f9aef] 18:32:04.512 [pool-6-thread-30] DEBUG c.h.p.o.d.PodServiceAccountResource - [helmvolu] Desired PodServiceAccountResource (serviceAccountName: hivemq-platform-pod-test-hivemq-platform)
2025-01-30 18:32:04,519 INFO c.h.h.t.HelmChartContainer - [hivemq-test-hivemq-platform] [hivemq-platform-operator] [2f3f9aef] 18:32:04.516 [pool-6-thread-22] DEBUG c.h.p.o.d.StatefulSetResource - [helmvolu] Desired StatefulSet (3 replicas) for status ROLLING_RESTART (SURGE_IN_PROGRESS)
2025-01-30 18:32:04,520 INFO c.h.h.t.HelmChartContainer - [POD] test-hivemq-platform-2 [38b67c1e-f02b-4da1-a826-d7cb17921229] in helmvolumeclaimtemplatesit was MODIFIED
2025-01-30 18:32:04,527 INFO c.h.h.t.HelmChartContainer - [hivemq-test-hivemq-platform] [hivemq-platform-operator] [2f3f9aef] 18:32:04.526 [ReconcilerExecutor-hivemq-controller-131] INFO  c.h.p.o.HiveMQPlatformReconciler - [helmvolu] Reconciling HiveMQ Platform 'test-hivemq-platform' in namespace 'helmvolumeclaimtemplatesit'
2025-01-30 18:32:04,529 INFO c.h.h.t.HelmChartContainer - [hivemq-test-hivemq-platform] [hivemq-platform-operator] [2f3f9aef] 18:32:04.526 [ReconcilerExecutor-hivemq-controller-131] DEBUG c.h.p.o.HiveMQPlatformReconciler - [helmvolu] Custom Resource Status ROLLING_RESTART - HiveMQ Platform is starting a surge Pod (rolling restart) (SURGE_IN_PROGRESS)
2025-01-30 18:32:04,529 INFO c.h.h.t.HelmChartContainer - [hivemq-test-hivemq-platform] [hivemq-platform-operator] [2f3f9aef] 18:32:04.526 [ReconcilerExecutor-hivemq-controller-131] DEBUG c.h.p.o.HiveMQPlatformReconciler - [helmvolu] Custom Resource Spec (replicas: 2) (extensions: 1)
2025-01-30 18:32:04,529 INFO c.h.h.t.HelmChartContainer - [hivemq-test-hivemq-platform] [hivemq-platform-operator] [2f3f9aef] 18:32:04.528 [ReconcilerExecutor-hivemq-controller-131] DEBUG c.h.p.o.HiveMQPlatformReconciler - [helmvolu] StatefulSet Status (revision: test-hivemq-platform-59475f86c9, replicas: 3, available: 2, ready: 2, current: 2, updated: 1)
2025-01-30 18:32:04,529 INFO c.h.h.t.HelmChartContainer - [hivemq-test-hivemq-platform] [hivemq-platform-operator] [2f3f9aef] 18:32:04.528 [ReconcilerExecutor-hivemq-controller-131] DEBUG c.h.p.o.HiveMQPlatformReconciler - [helmvolu] StatefulSet Spec (replicas: 3, init containers: 1, containers: 1, volumes: 4)
2025-01-30 18:32:04,530 INFO c.h.h.t.HelmChartContainer - [hivemq-test-hivemq-platform] [hivemq-platform-operator] [2f3f9aef] 18:32:04.529 [ReconcilerExecutor-hivemq-controller-131] DEBUG c.h.p.o.h.HiveMQPlatformReconcilerErrorHandler - [helmvolu] Pod 'test-hivemq-platform-2' phase Pending
2025-01-30 18:32:04,530 INFO c.h.h.t.HelmChartContainer - [hivemq-test-hivemq-platform] [hivemq-platform-operator] [2f3f9aef] 18:32:04.530 [ReconcilerExecutor-hivemq-controller-131] DEBUG c.h.p.o.h.HiveMQPlatformReconcilerErrorHandler - [helmvolu] Pod 'test-hivemq-platform-2' condition 'PodReadyToStartContainers': False
2025-01-30 18:32:04,530 INFO c.h.h.t.HelmChartContainer - [hivemq-test-hivemq-platform] [hivemq-platform-operator] [2f3f9aef] 18:32:04.530 [ReconcilerExecutor-hivemq-controller-131] DEBUG c.h.p.o.h.HiveMQPlatformReconcilerErrorHandler - [helmvolu] Pod 'test-hivemq-platform-2' condition 'Initialized': False
2025-01-30 18:32:04,530 INFO c.h.h.t.HelmChartContainer - [hivemq-test-hivemq-platform] [hivemq-platform-operator] [2f3f9aef] 18:32:04.530 [ReconcilerExecutor-hivemq-controller-131] DEBUG c.h.p.o.h.HiveMQPlatformReconcilerErrorHandler - [helmvolu] Pod 'test-hivemq-platform-2' condition 'Ready': False
2025-01-30 18:32:04,530 INFO c.h.h.t.HelmChartContainer - [hivemq-test-hivemq-platform] [hivemq-platform-operator] [2f3f9aef] 18:32:04.530 [ReconcilerExecutor-hivemq-controller-131] DEBUG c.h.p.o.h.HiveMQPlatformReconcilerErrorHandler - [helmvolu] Pod 'test-hivemq-platform-2' condition 'ContainersReady': False
2025-01-30 18:32:04,530 INFO c.h.h.t.HelmChartContainer - [hivemq-test-hivemq-platform] [hivemq-platform-operator] [2f3f9aef] 18:32:04.530 [ReconcilerExecutor-hivemq-controller-131] DEBUG c.h.p.o.h.HiveMQPlatformReconcilerErrorHandler - [helmvolu] Pod 'test-hivemq-platform-2' condition 'PodScheduled': True
2025-01-30 18:32:04,530 INFO c.h.h.t.HelmChartContainer - [hivemq-test-hivemq-platform] [hivemq-platform-operator] [2f3f9aef] 18:32:04.530 [ReconcilerExecutor-hivemq-controller-131] DEBUG c.h.p.o.h.HiveMQPlatformReconcilerErrorHandler - [helmvolu] Pod 'test-hivemq-platform-2' containerStatus 'hivemq' (started: false) (ready: false) (waiting: [PodInitializing] null)
2025-01-30 18:32:04,569 INFO c.h.h.t.HelmChartContainer - [hivemq-test-hivemq-platform] [hivemq-platform-operator] [2f3f9aef] 18:32:04.568 [ReconcilerExecutor-hivemq-controller-131] DEBUG c.h.p.o.h.HiveMQPlatformReconcilerErrorHandler - [helmvolu] Pod 'test-hivemq-platform-1' phase Running
2025-01-30 18:32:04,571 INFO c.h.h.t.HelmChartContainer - [hivemq-test-hivemq-platform] [hivemq-platform-operator] [2f3f9aef] 18:32:04.569 [ReconcilerExecutor-hivemq-controller-131] DEBUG c.h.p.o.h.HiveMQPlatformReconcilerErrorHandler - [helmvolu] Pod 'test-hivemq-platform-0' phase Running
2025-01-30 18:32:04,571 INFO c.h.h.t.HelmChartContainer - [hivemq-test-hivemq-platform] [hivemq-platform-operator] [2f3f9aef] 18:32:04.570 [ReconcilerExecutor-hivemq-controller-131] DEBUG c.h.p.o.h.HiveMQPlatformReconcilerRollingRestartHandler - [helmvolu] Rolling restart is waiting for 2 of 3 replicas
2025-01-30 18:32:04,576 INFO c.h.h.t.HelmChartContainer - [hivemq-test-hivemq-platform] [hivemq-platform-operator] [2f3f9aef] 18:32:04.573 [pool-6-thread-40] DEBUG c.h.p.o.d.PlatformServiceResource - [helmvolu] Desired Platform services (3 services)
2025-01-30 18:32:04,577 INFO c.h.h.t.HelmChartContainer - [hivemq-test-hivemq-platform] [hivemq-platform-operator] [2f3f9aef] 18:32:04.573 [pool-6-thread-31] DEBUG c.h.p.o.dependants.PodInfoConfigMap - [helmvolu] Desired PodInfo ConfigMap (1 extensions) (1 enabled)
2025-01-30 18:32:04,577 INFO c.h.h.t.HelmChartContainer - [hivemq-test-hivemq-platform] [hivemq-platform-operator] [2f3f9aef] 18:32:04.573 [pool-6-thread-31] DEBUG c.h.p.o.dependants.PodInfoConfigMap - [helmvolu] Desired PodInfo ConfigMap (metrics port: 9399) (metrics path: /)
2025-01-30 18:32:04,577 INFO c.h.h.t.HelmChartContainer - [hivemq-test-hivemq-platform] [hivemq-platform-operator] [2f3f9aef] 18:32:04.573 [pool-6-thread-31] DEBUG c.h.p.o.dependants.PodInfoConfigMap - [helmvolu] Desired PodInfo ConfigMap (extension state hash: -1817474005)
2025-01-30 18:32:04,577 INFO c.h.h.t.HelmChartContainer - [hivemq-test-hivemq-platform] [hivemq-platform-operator] [2f3f9aef] 18:32:04.575 [pool-6-thread-31] DEBUG c.h.p.o.d.PodServiceAccountResource - [helmvolu] Desired PodServiceAccountResource (serviceAccountName: hivemq-platform-pod-test-hivemq-platform)
2025-01-30 18:32:04,580 INFO c.h.h.t.HelmChartContainer - [hivemq-test-hivemq-platform] [hivemq-platform-operator] [2f3f9aef] 18:32:04.579 [pool-6-thread-31] DEBUG c.h.p.o.d.StatefulSetResource - [helmvolu] Desired StatefulSet (3 replicas) for status ROLLING_RESTART (SURGE_IN_PROGRESS)
2025-01-30 18:32:04,582 INFO c.h.h.t.HelmChartContainer - [hivemq-test-hivemq-platform] [hivemq-platform-operator] [2f3f9aef] 18:32:04.581 [ReconcilerExecutor-hivemq-controller-132] INFO  c.h.p.o.HiveMQPlatformReconciler - [helmvolu] Reconciling HiveMQ Platform 'test-hivemq-platform' in namespace 'helmvolumeclaimtemplatesit'
2025-01-30 18:32:04,582 INFO c.h.h.t.HelmChartContainer - [hivemq-test-hivemq-platform] [hivemq-platform-operator] [2f3f9aef] 18:32:04.582 [ReconcilerExecutor-hivemq-controller-132] DEBUG c.h.p.o.HiveMQPlatformReconciler - [helmvolu] Custom Resource Status ROLLING_RESTART - HiveMQ Platform is starting a surge Pod (rolling restart) (SURGE_IN_PROGRESS)
2025-01-30 18:32:04,582 INFO c.h.h.t.HelmChartContainer - [hivemq-test-hivemq-platform] [hivemq-platform-operator] [2f3f9aef] 18:32:04.582 [ReconcilerExecutor-hivemq-controller-132] DEBUG c.h.p.o.HiveMQPlatformReconciler - [helmvolu] Custom Resource Spec (replicas: 2) (extensions: 1)
2025-01-30 18:32:04,583 INFO c.h.h.t.HelmChartContainer - [hivemq-test-hivemq-platform] [hivemq-platform-operator] [2f3f9aef] 18:32:04.583 [ReconcilerExecutor-hivemq-controller-132] DEBUG c.h.p.o.HiveMQPlatformReconciler - [helmvolu] StatefulSet Status (revision: test-hivemq-platform-59475f86c9, replicas: 3, available: 2, ready: 2, current: 2, updated: 1)
2025-01-30 18:32:04,583 INFO c.h.h.t.HelmChartContainer - [hivemq-test-hivemq-platform] [hivemq-platform-operator] [2f3f9aef] 18:32:04.583 [ReconcilerExecutor-hivemq-controller-132] DEBUG c.h.p.o.HiveMQPlatformReconciler - [helmvolu] StatefulSet Spec (replicas: 3, init containers: 1, containers: 1, volumes: 4)
2025-01-30 18:32:04,584 INFO c.h.h.t.HelmChartContainer - [hivemq-test-hivemq-platform] [hivemq-platform-operator] [2f3f9aef] 18:32:04.584 [ReconcilerExecutor-hivemq-controller-132] DEBUG c.h.p.o.h.HiveMQPlatformReconcilerErrorHandler - [helmvolu] Pod 'test-hivemq-platform-2' phase Pending
2025-01-30 18:32:04,585 INFO c.h.h.t.HelmChartContainer - [hivemq-test-hivemq-platform] [hivemq-platform-operator] [2f3f9aef] 18:32:04.584 [ReconcilerExecutor-hivemq-controller-132] DEBUG c.h.p.o.h.HiveMQPlatformReconcilerErrorHandler - [helmvolu] Pod 'test-hivemq-platform-2' condition 'PodReadyToStartContainers': False
2025-01-30 18:32:04,585 INFO c.h.h.t.HelmChartContainer - [hivemq-test-hivemq-platform] [hivemq-platform-operator] [2f3f9aef] 18:32:04.584 [ReconcilerExecutor-hivemq-controller-132] DEBUG c.h.p.o.h.HiveMQPlatformReconcilerErrorHandler - [helmvolu] Pod 'test-hivemq-platform-2' condition 'Initialized': False
2025-01-30 18:32:04,585 INFO c.h.h.t.HelmChartContainer - [hivemq-test-hivemq-platform] [hivemq-platform-operator] [2f3f9aef] 18:32:04.584 [ReconcilerExecutor-hivemq-controller-132] DEBUG c.h.p.o.h.HiveMQPlatformReconcilerErrorHandler - [helmvolu] Pod 'test-hivemq-platform-2' condition 'Ready': False
2025-01-30 18:32:04,586 INFO c.h.h.t.HelmChartContainer - [hivemq-test-hivemq-platform] [hivemq-platform-operator] [2f3f9aef] 18:32:04.584 [ReconcilerExecutor-hivemq-controller-132] DEBUG c.h.p.o.h.HiveMQPlatformReconcilerErrorHandler - [helmvolu] Pod 'test-hivemq-platform-2' condition 'ContainersReady': False
2025-01-30 18:32:04,586 INFO c.h.h.t.HelmChartContainer - [hivemq-test-hivemq-platform] [hivemq-platform-operator] [2f3f9aef] 18:32:04.584 [ReconcilerExecutor-hivemq-controller-132] DEBUG c.h.p.o.h.HiveMQPlatformReconcilerErrorHandler - [helmvolu] Pod 'test-hivemq-platform-2' condition 'PodScheduled': True
2025-01-30 18:32:04,586 INFO c.h.h.t.HelmChartContainer - [hivemq-test-hivemq-platform] [hivemq-platform-operator] [2f3f9aef] 18:32:04.584 [ReconcilerExecutor-hivemq-controller-132] DEBUG c.h.p.o.h.HiveMQPlatformReconcilerErrorHandler - [helmvolu] Pod 'test-hivemq-platform-2' containerStatus 'hivemq' (started: false) (ready: false) (waiting: [PodInitializing] null)
2025-01-30 18:32:04,586 INFO c.h.h.t.HelmChartContainer - [hivemq-test-hivemq-platform] [hivemq-platform-operator] [2f3f9aef] 18:32:04.585 [ReconcilerExecutor-hivemq-controller-132] DEBUG c.h.p.o.h.HiveMQPlatformReconcilerErrorHandler - [helmvolu] Pod 'test-hivemq-platform-1' phase Running
2025-01-30 18:32:04,599 INFO c.h.h.t.HelmChartContainer - [K3S] [reconciler_common.go:251] "operationExecutor.VerifyControllerAttachedVolume started for volume \"broker-configuration\" (UniqueName: \"kubernetes.io/configmap/38b67c1e-f02b-4da1-a826-d7cb17921229-broker-configuration\") pod \"test-hivemq-platform-2\" (UID: \"38b67c1e-f02b-4da1-a826-d7cb17921229\") " pod="helmvolumeclaimtemplatesit/test-hivemq-platform-2"
2025-01-30 18:32:04,599 INFO c.h.h.t.HelmChartContainer - [K3S] [reconciler_common.go:251] "operationExecutor.VerifyControllerAttachedVolume started for volume \"kube-api-access-89gk8\" (UniqueName: \"kubernetes.io/projected/38b67c1e-f02b-4da1-a826-d7cb17921229-kube-api-access-89gk8\") pod \"test-hivemq-platform-2\" (UID: \"38b67c1e-f02b-4da1-a826-d7cb17921229\") " pod="helmvolumeclaimtemplatesit/test-hivemq-platform-2"
2025-01-30 18:32:04,599 INFO c.h.h.t.HelmChartContainer - [K3S] [reconciler_common.go:251] "operationExecutor.VerifyControllerAttachedVolume started for volume \"operator-init\" (UniqueName: \"kubernetes.io/empty-dir/38b67c1e-f02b-4da1-a826-d7cb17921229-operator-init\") pod \"test-hivemq-platform-2\" (UID: \"38b67c1e-f02b-4da1-a826-d7cb17921229\") " pod="helmvolumeclaimtemplatesit/test-hivemq-platform-2"
2025-01-30 18:32:04,599 INFO c.h.h.t.HelmChartContainer - [K3S] [reconciler_common.go:251] "operationExecutor.VerifyControllerAttachedVolume started for volume \"pvc-62980791-972a-43fe-a424-8404742d3cc7\" (UniqueName: \"kubernetes.io/local-volume/pvc-62980791-972a-43fe-a424-8404742d3cc7\") pod \"test-hivemq-platform-2\" (UID: \"38b67c1e-f02b-4da1-a826-d7cb17921229\") " pod="helmvolumeclaimtemplatesit/test-hivemq-platform-2"
2025-01-30 18:32:04,599 INFO c.h.h.t.HelmChartContainer - [K3S] [reconciler_common.go:251] "operationExecutor.VerifyControllerAttachedVolume started for volume \"pod-info\" (UniqueName: \"kubernetes.io/configmap/38b67c1e-f02b-4da1-a826-d7cb17921229-pod-info\") pod \"test-hivemq-platform-2\" (UID: \"38b67c1e-f02b-4da1-a826-d7cb17921229\") " pod="helmvolumeclaimtemplatesit/test-hivemq-platform-2"
2025-01-30 18:32:04,670 INFO c.h.h.t.HelmChartContainer - [hivemq-test-hivemq-platform] [hivemq-platform-operator] [2f3f9aef] 18:32:04.669 [ReconcilerExecutor-hivemq-controller-132] DEBUG c.h.p.o.h.HiveMQPlatformReconcilerErrorHandler - [helmvolu] Pod 'test-hivemq-platform-0' phase Running
2025-01-30 18:32:04,671 INFO c.h.h.t.HelmChartContainer - [hivemq-test-hivemq-platform] [hivemq-platform-operator] [2f3f9aef] 18:32:04.670 [ReconcilerExecutor-hivemq-controller-132] DEBUG c.h.p.o.h.HiveMQPlatformReconcilerRollingRestartHandler - [helmvolu] Rolling restart is waiting for 2 of 3 replicas
2025-01-30 18:32:04,894 INFO c.h.h.t.HelmChartContainer - [EVENT] Normal [Pulled] Container image "docker.io/hivemq/hivemq-platform-operator-init-test:snapshot" already present on machine [helmvolumeclaimtemplatesit:test-hivemq-platform-2]
2025-01-30 18:32:04,902 INFO c.h.h.t.HelmChartContainer - [EVENT] Normal [Created] Created container: hivemq-platform-operator-init [helmvolumeclaimtemplatesit:test-hivemq-platform-2]
2025-01-30 18:32:04,941 INFO c.h.h.t.HelmChartContainer - [EVENT] Normal [Started] Started container hivemq-platform-operator-init [helmvolumeclaimtemplatesit:test-hivemq-platform-2]
2025-01-30 18:32:05,539 INFO c.h.h.t.HelmChartContainer - [EVENT] Normal [Pulled] Container image "docker.io/hivemq/hivemq4:4.36.0" already present on machine [helmvolumeclaimtemplatesit:test-hivemq-platform-2]
2025-01-30 18:32:05,539 INFO c.h.h.t.HelmChartContainer - Received Pulled event for container hivemq in pod test-hivemq-platform-2 [38b67c1e-f02b-4da1-a826-d7cb17921229]
2025-01-30 18:32:05,550 INFO c.h.h.t.HelmChartContainer - [POD] test-hivemq-platform-2 [38b67c1e-f02b-4da1-a826-d7cb17921229] in helmvolumeclaimtemplatesit was MODIFIED
2025-01-30 18:32:05,574 INFO c.h.h.t.HelmChartContainer - [EVENT] Normal [Created] Created container: hivemq [helmvolumeclaimtemplatesit:test-hivemq-platform-2]
2025-01-30 18:32:05,574 INFO c.h.h.t.HelmChartContainer - [hivemq-test-hivemq-platform] [hivemq-platform-operator] [2f3f9aef] 18:32:05.557 [pool-6-thread-48] DEBUG c.h.p.o.dependants.PodInfoConfigMap - [helmvolu] Desired PodInfo ConfigMap (1 extensions) (1 enabled)
2025-01-30 18:32:05,574 INFO c.h.h.t.HelmChartContainer - [hivemq-test-hivemq-platform] [hivemq-platform-operator] [2f3f9aef] 18:32:05.557 [pool-6-thread-48] DEBUG c.h.p.o.dependants.PodInfoConfigMap - [helmvolu] Desired PodInfo ConfigMap (metrics port: 9399) (metrics path: /)
2025-01-30 18:32:05,574 INFO c.h.h.t.HelmChartContainer - [hivemq-test-hivemq-platform] [hivemq-platform-operator] [2f3f9aef] 18:32:05.557 [pool-6-thread-48] DEBUG c.h.p.o.dependants.PodInfoConfigMap - [helmvolu] Desired PodInfo ConfigMap (extension state hash: -1817474005)
2025-01-30 18:32:05,574 INFO c.h.h.t.HelmChartContainer - [hivemq-test-hivemq-platform] [hivemq-platform-operator] [2f3f9aef] 18:32:05.558 [pool-6-thread-48] DEBUG c.h.p.o.d.PodServiceAccountResource - [helmvolu] Desired PodServiceAccountResource (serviceAccountName: hivemq-platform-pod-test-hivemq-platform)
2025-01-30 18:32:05,574 INFO c.h.h.t.HelmChartContainer - [hivemq-test-hivemq-platform] [hivemq-platform-operator] [2f3f9aef] 18:32:05.559 [pool-6-thread-46] DEBUG c.h.p.o.d.PlatformServiceResource - [helmvolu] Desired Platform services (3 services)
2025-01-30 18:32:05,574 INFO c.h.h.t.HelmChartContainer - Received Created event for container hivemq in pod test-hivemq-platform-2 [38b67c1e-f02b-4da1-a826-d7cb17921229]
2025-01-30 18:32:05,574 INFO c.h.h.t.HelmChartContainer - [hivemq-test-hivemq-platform] [hivemq-platform-operator] [2f3f9aef] 18:32:05.567 [pool-6-thread-46] DEBUG c.h.p.o.d.StatefulSetResource - [helmvolu] Desired StatefulSet (3 replicas) for status ROLLING_RESTART (SURGE_IN_PROGRESS)
2025-01-30 18:32:05,587 INFO c.h.h.t.HelmChartContainer - [hivemq-test-hivemq-platform] [hivemq-platform-operator] [2f3f9aef] 18:32:05.579 [ReconcilerExecutor-hivemq-controller-133] INFO  c.h.p.o.HiveMQPlatformReconciler - [helmvolu] Reconciling HiveMQ Platform 'test-hivemq-platform' in namespace 'helmvolumeclaimtemplatesit'
2025-01-30 18:32:05,587 INFO c.h.h.t.HelmChartContainer - [hivemq-test-hivemq-platform] [hivemq-platform-operator] [2f3f9aef] 18:32:05.579 [ReconcilerExecutor-hivemq-controller-133] DEBUG c.h.p.o.HiveMQPlatformReconciler - [helmvolu] Custom Resource Status ROLLING_RESTART - HiveMQ Platform is starting a surge Pod (rolling restart) (SURGE_IN_PROGRESS)
2025-01-30 18:32:05,587 INFO c.h.h.t.HelmChartContainer - [hivemq-test-hivemq-platform] [hivemq-platform-operator] [2f3f9aef] 18:32:05.579 [ReconcilerExecutor-hivemq-controller-133] DEBUG c.h.p.o.HiveMQPlatformReconciler - [helmvolu] Custom Resource Spec (replicas: 2) (extensions: 1)
2025-01-30 18:32:05,588 INFO c.h.h.t.HelmChartContainer - [hivemq-test-hivemq-platform] [hivemq-platform-operator] [2f3f9aef] 18:32:05.582 [ReconcilerExecutor-hivemq-controller-133] DEBUG c.h.p.o.HiveMQPlatformReconciler - [helmvolu] StatefulSet Status (revision: test-hivemq-platform-59475f86c9, replicas: 3, available: 2, ready: 2, current: 2, updated: 1)
2025-01-30 18:32:05,588 INFO c.h.h.t.HelmChartContainer - [hivemq-test-hivemq-platform] [hivemq-platform-operator] [2f3f9aef] 18:32:05.582 [ReconcilerExecutor-hivemq-controller-133] DEBUG c.h.p.o.HiveMQPlatformReconciler - [helmvolu] StatefulSet Spec (replicas: 3, init containers: 1, containers: 1, volumes: 4)
2025-01-30 18:32:05,588 INFO c.h.h.t.HelmChartContainer - [hivemq-test-hivemq-platform] [hivemq-platform-operator] [2f3f9aef] 18:32:05.586 [ReconcilerExecutor-hivemq-controller-133] DEBUG c.h.p.o.h.HiveMQPlatformReconcilerErrorHandler - [helmvolu] Pod 'test-hivemq-platform-2' phase Pending
2025-01-30 18:32:05,645 INFO c.h.h.t.HelmChartContainer - [hivemq-test-hivemq-platform] [hivemq-platform-operator] [2f3f9aef] 18:32:05.644 [ReconcilerExecutor-hivemq-controller-133] DEBUG c.h.p.o.h.HiveMQPlatformReconcilerErrorHandler - [helmvolu] Pod 'test-hivemq-platform-2' condition 'PodReadyToStartContainers': True
2025-01-30 18:32:05,645 INFO c.h.h.t.HelmChartContainer - [hivemq-test-hivemq-platform] [hivemq-platform-operator] [2f3f9aef] 18:32:05.644 [ReconcilerExecutor-hivemq-controller-133] DEBUG c.h.p.o.h.HiveMQPlatformReconcilerErrorHandler - [helmvolu] Pod 'test-hivemq-platform-2' condition 'Initialized': True
2025-01-30 18:32:05,648 INFO c.h.h.t.HelmChartContainer - [hivemq-test-hivemq-platform] [hivemq-platform-operator] [2f3f9aef] 18:32:05.644 [ReconcilerExecutor-hivemq-controller-133] DEBUG c.h.p.o.h.HiveMQPlatformReconcilerErrorHandler - [helmvolu] Pod 'test-hivemq-platform-2' condition 'Ready': False
2025-01-30 18:32:05,648 INFO c.h.h.t.HelmChartContainer - [hivemq-test-hivemq-platform] [hivemq-platform-operator] [2f3f9aef] 18:32:05.644 [ReconcilerExecutor-hivemq-controller-133] DEBUG c.h.p.o.h.HiveMQPlatformReconcilerErrorHandler - [helmvolu] Pod 'test-hivemq-platform-2' condition 'ContainersReady': False
2025-01-30 18:32:05,648 INFO c.h.h.t.HelmChartContainer - [hivemq-test-hivemq-platform] [hivemq-platform-operator] [2f3f9aef] 18:32:05.644 [ReconcilerExecutor-hivemq-controller-133] DEBUG c.h.p.o.h.HiveMQPlatformReconcilerErrorHandler - [helmvolu] Pod 'test-hivemq-platform-2' condition 'PodScheduled': True
2025-01-30 18:32:05,648 INFO c.h.h.t.HelmChartContainer - [hivemq-test-hivemq-platform] [hivemq-platform-operator] [2f3f9aef] 18:32:05.644 [ReconcilerExecutor-hivemq-controller-133] DEBUG c.h.p.o.h.HiveMQPlatformReconcilerErrorHandler - [helmvolu] Pod 'test-hivemq-platform-2' containerStatus 'hivemq' (started: false) (ready: false) (waiting: [PodInitializing] null)
2025-01-30 18:32:05,648 INFO c.h.h.t.HelmChartContainer - [hivemq-test-hivemq-platform] [hivemq-platform-operator] [2f3f9aef] 18:32:05.646 [ReconcilerExecutor-hivemq-controller-133] DEBUG c.h.p.o.h.HiveMQPlatformReconcilerErrorHandler - [helmvolu] Pod 'test-hivemq-platform-1' phase Running
2025-01-30 18:32:05,650 INFO c.h.h.t.HelmChartContainer - [hivemq-test-hivemq-platform] [hivemq-platform-operator] [2f3f9aef] 18:32:05.647 [ReconcilerExecutor-hivemq-controller-133] DEBUG c.h.p.o.h.HiveMQPlatformReconcilerErrorHandler - [helmvolu] Pod 'test-hivemq-platform-0' phase Running
2025-01-30 18:32:05,650 INFO c.h.h.t.HelmChartContainer - [hivemq-test-hivemq-platform] [hivemq-platform-operator] [2f3f9aef] 18:32:05.647 [ReconcilerExecutor-hivemq-controller-133] DEBUG c.h.p.o.h.HiveMQPlatformReconcilerRollingRestartHandler - [helmvolu] Rolling restart is waiting for 2 of 3 replicas
2025-01-30 18:32:06,549 INFO c.h.h.t.HelmChartContainer - [POD] test-hivemq-platform-2 [38b67c1e-f02b-4da1-a826-d7cb17921229] in helmvolumeclaimtemplatesit was MODIFIED
2025-01-30 18:32:06,560 INFO c.h.h.t.HelmChartContainer - [hivemq-test-hivemq-platform] [hivemq-platform-operator] [2f3f9aef] 18:32:06.557 [pool-6-thread-10] DEBUG c.h.p.o.d.PlatformServiceResource - [helmvolu] Desired Platform services (3 services)
2025-01-30 18:32:06,562 INFO c.h.h.t.HelmChartContainer - [EVENT] Normal [Started] Started container hivemq [helmvolumeclaimtemplatesit:test-hivemq-platform-2]
2025-01-30 18:32:06,562 INFO c.h.h.t.HelmChartContainer - Received Started event for container hivemq in pod test-hivemq-platform-2 [38b67c1e-f02b-4da1-a826-d7cb17921229]
2025-01-30 18:32:06,562 INFO c.h.h.t.HelmChartContainer - Started log watcher for hivemq in pod test-hivemq-platform-2 [38b67c1e-f02b-4da1-a826-d7cb17921229]
2025-01-30 18:32:06,565 INFO c.h.h.t.HelmChartContainer - [test-hivemq-platform] [hivemq] [38b67c1e] Adding pre-installed HiveMQ Platform Operator extensions
2025-01-30 18:32:06,565 INFO c.h.h.t.HelmChartContainer - [test-hivemq-platform] [hivemq] [38b67c1e] Running as user 10000
2025-01-30 18:32:06,565 INFO c.h.h.t.HelmChartContainer - [test-hivemq-platform] [hivemq] [38b67c1e] Starting HiveMQ Platform Operator Init
2025-01-30 18:32:06,571 INFO c.h.h.t.HelmChartContainer - [hivemq-test-hivemq-platform] [hivemq-platform-operator] [2f3f9aef] 18:32:06.563 [pool-6-thread-2] DEBUG c.h.p.o.dependants.PodInfoConfigMap - [helmvolu] Desired PodInfo ConfigMap (1 extensions) (1 enabled)
2025-01-30 18:32:06,571 INFO c.h.h.t.HelmChartContainer - [hivemq-test-hivemq-platform] [hivemq-platform-operator] [2f3f9aef] 18:32:06.563 [pool-6-thread-2] DEBUG c.h.p.o.dependants.PodInfoConfigMap - [helmvolu] Desired PodInfo ConfigMap (metrics port: 9399) (metrics path: /)
2025-01-30 18:32:06,571 INFO c.h.h.t.HelmChartContainer - [hivemq-test-hivemq-platform] [hivemq-platform-operator] [2f3f9aef] 18:32:06.563 [pool-6-thread-2] DEBUG c.h.p.o.dependants.PodInfoConfigMap - [helmvolu] Desired PodInfo ConfigMap (extension state hash: -1817474005)
2025-01-30 18:32:06,571 INFO c.h.h.t.HelmChartContainer - [hivemq-test-hivemq-platform] [hivemq-platform-operator] [2f3f9aef] 18:32:06.567 [pool-6-thread-8] DEBUG c.h.p.o.d.PodServiceAccountResource - [helmvolu] Desired PodServiceAccountResource (serviceAccountName: hivemq-platform-pod-test-hivemq-platform)
2025-01-30 18:32:06,575 INFO c.h.h.t.HelmChartContainer - [hivemq-test-hivemq-platform] [hivemq-platform-operator] [2f3f9aef] 18:32:06.570 [pool-6-thread-2] DEBUG c.h.p.o.d.StatefulSetResource - [helmvolu] Desired StatefulSet (3 replicas) for status ROLLING_RESTART (SURGE_IN_PROGRESS)
2025-01-30 18:32:06,577 INFO c.h.h.t.HelmChartContainer - [hivemq-test-hivemq-platform] [hivemq-platform-operator] [2f3f9aef] 18:32:06.576 [ReconcilerExecutor-hivemq-controller-134] INFO  c.h.p.o.HiveMQPlatformReconciler - [helmvolu] Reconciling HiveMQ Platform 'test-hivemq-platform' in namespace 'helmvolumeclaimtemplatesit'
2025-01-30 18:32:06,579 INFO c.h.h.t.HelmChartContainer - [hivemq-test-hivemq-platform] [hivemq-platform-operator] [2f3f9aef] 18:32:06.576 [ReconcilerExecutor-hivemq-controller-134] DEBUG c.h.p.o.HiveMQPlatformReconciler - [helmvolu] Custom Resource Status ROLLING_RESTART - HiveMQ Platform is starting a surge Pod (rolling restart) (SURGE_IN_PROGRESS)
2025-01-30 18:32:06,579 INFO c.h.h.t.HelmChartContainer - [hivemq-test-hivemq-platform] [hivemq-platform-operator] [2f3f9aef] 18:32:06.576 [ReconcilerExecutor-hivemq-controller-134] DEBUG c.h.p.o.HiveMQPlatformReconciler - [helmvolu] Custom Resource Spec (replicas: 2) (extensions: 1)
2025-01-30 18:32:06,579 INFO c.h.h.t.HelmChartContainer - [hivemq-test-hivemq-platform] [hivemq-platform-operator] [2f3f9aef] 18:32:06.578 [ReconcilerExecutor-hivemq-controller-134] DEBUG c.h.p.o.HiveMQPlatformReconciler - [helmvolu] StatefulSet Status (revision: test-hivemq-platform-59475f86c9, replicas: 3, available: 2, ready: 2, current: 2, updated: 1)
2025-01-30 18:32:06,579 INFO c.h.h.t.HelmChartContainer - [hivemq-test-hivemq-platform] [hivemq-platform-operator] [2f3f9aef] 18:32:06.578 [ReconcilerExecutor-hivemq-controller-134] DEBUG c.h.p.o.HiveMQPlatformReconciler - [helmvolu] StatefulSet Spec (replicas: 3, init containers: 1, containers: 1, volumes: 4)
2025-01-30 18:32:06,580 INFO c.h.h.t.HelmChartContainer - [hivemq-test-hivemq-platform] [hivemq-platform-operator] [2f3f9aef] 18:32:06.579 [ReconcilerExecutor-hivemq-controller-134] DEBUG c.h.p.o.h.HiveMQPlatformReconcilerErrorHandler - [helmvolu] Pod 'test-hivemq-platform-2' phase Running
2025-01-30 18:32:06,581 INFO c.h.h.t.HelmChartContainer - [hivemq-test-hivemq-platform] [hivemq-platform-operator] [2f3f9aef] 18:32:06.581 [ReconcilerExecutor-hivemq-controller-134] DEBUG c.h.p.o.h.HiveMQPlatformReconcilerErrorHandler - [helmvolu] Pod 'test-hivemq-platform-1' phase Running
2025-01-30 18:32:06,583 INFO c.h.h.t.HelmChartContainer - [hivemq-test-hivemq-platform] [hivemq-platform-operator] [2f3f9aef] 18:32:06.582 [ReconcilerExecutor-hivemq-controller-134] DEBUG c.h.p.o.h.HiveMQPlatformReconcilerErrorHandler - [helmvolu] Pod 'test-hivemq-platform-0' phase Running
2025-01-30 18:32:06,585 INFO c.h.h.t.HelmChartContainer - [hivemq-test-hivemq-platform] [hivemq-platform-operator] [2f3f9aef] 18:32:06.583 [ReconcilerExecutor-hivemq-controller-134] DEBUG c.h.p.o.h.HiveMQPlatformReconcilerRollingRestartHandler - [helmvolu] Rolling restart is waiting for 2 of 3 replicas
2025-01-30 18:32:06,834 INFO c.h.h.t.HelmChartContainer - [test-hivemq-platform] [hivemq] [38b67c1e] INFO  - [HiveMQ Platform Operator Init 1.7.0-SNAPSHOT] HiveMQ Platform Operator Init 1.7.0-SNAPSHOT (commit: 47e3375 on branch: HEAD) built on Thu Jan 30 03:55:50 UTC 2025
2025-01-30 18:32:08,039 INFO c.h.h.t.HelmChartContainer - [test-hivemq-platform] [hivemq] [38b67c1e] INFO  - [HiveMQ Platform Operator Init App 1.7.0-SNAPSHOT] Using bind address 10.42.0.15 from environment variable
2025-01-30 18:32:08,931 INFO c.h.h.t.HelmChartContainer - [test-hivemq-platform] [hivemq] [38b67c1e] INFO  - [HiveMQ Platform Operator Init App 1.7.0-SNAPSHOT] HiveMQ Platform Operator Init App 1.7.0-SNAPSHOT (commit: 47e3375 on branch: HEAD) built on Thu Jan 30 03:55:50 UTC 2025
2025-01-30 18:32:08,932 INFO c.h.h.t.HelmChartContainer - [test-hivemq-platform] [hivemq] [38b67c1e] INFO  - [HiveMQ Platform Operator Init App 1.7.0-SNAPSHOT] PodInfo ConfigMap directory: /etc/podinfo
2025-01-30 18:32:08,932 INFO c.h.h.t.HelmChartContainer - [test-hivemq-platform] [hivemq] [38b67c1e] INFO  - [HiveMQ Platform Operator Init App 1.7.0-SNAPSHOT] HiveMQ home directory: /opt/hivemq
2025-01-30 18:32:08,932 INFO c.h.h.t.HelmChartContainer - [test-hivemq-platform] [hivemq] [38b67c1e] INFO  - [HiveMQ Platform Operator Init App 1.7.0-SNAPSHOT] HiveMQ Logback folder: /opt/hivemq/conf
2025-01-30 18:32:08,932 INFO c.h.h.t.HelmChartContainer - [test-hivemq-platform] [hivemq] [38b67c1e] INFO  - [HiveMQ Platform Operator Init App 1.7.0-SNAPSHOT] HiveMQ Config folder: /opt/hivemq/conf-k8s
2025-01-30 18:32:08,932 INFO c.h.h.t.HelmChartContainer - [test-hivemq-platform] [hivemq] [38b67c1e] INFO  - [HiveMQ Platform Operator Init App 1.7.0-SNAPSHOT] Starting HiveMQ Platform Operator Init App
2025-01-30 18:32:08,932 INFO c.h.h.t.HelmChartContainer - [test-hivemq-platform] [hivemq] [38b67c1e] INFO  - [HiveMQ Platform Operator Init App 1.7.0-SNAPSHOT] Starting Pod reconciler
2025-01-30 18:32:10,263 INFO c.h.h.t.HelmChartContainer - [test-hivemq-platform] [hivemq] [38b67c1e] INFO  - [HiveMQ Platform Operator Init App 1.7.0-SNAPSHOT] Pod reconciler is scheduled (interval: 5000 ms)
2025-01-30 18:32:10,264 INFO c.h.h.t.HelmChartContainer - [test-hivemq-platform] [hivemq] [38b67c1e] INFO  - [HiveMQ Platform Operator Init App 1.7.0-SNAPSHOT] Starting the REST API on 10.42.0.15:7979
2025-01-30 18:32:10,324 INFO c.h.h.t.HelmChartContainer - [test-hivemq-platform] [hivemq] [38b67c1e] INFO  - [HiveMQ Platform Operator Init App 1.7.0-SNAPSHOT] Waiting up to 600s for at most 3 HiveMQ nodes in cluster service hivemq-test-hivemq-platform-cluster.helmvolumeclaimtemplatesit.svc
2025-01-30 18:32:10,656 INFO c.h.h.t.HelmChartContainer - [test-hivemq-platform] [hivemq] [38b67c1e] INFO  - [HiveMQ Platform Operator Init App 1.7.0-SNAPSHOT] Resolved 3 IP addresses: [10.42.0.15, 10.42.0.13, 10.42.0.11]
2025-01-30 18:32:10,656 INFO c.h.h.t.HelmChartContainer - [test-hivemq-platform] [hivemq] [38b67c1e] INFO  - [HiveMQ Platform Operator Init App 1.7.0-SNAPSHOT] HiveMQ node count of 3 is within threshold of 3
2025-01-30 18:32:10,656 INFO c.h.h.t.HelmChartContainer - [test-hivemq-platform] [hivemq] [38b67c1e] INFO  - [HiveMQ Platform Operator Init App 1.7.0-SNAPSHOT] Waiting 15s for previous shutdown replication to finish...
2025-01-30 18:32:12,547 INFO c.h.h.t.HelmChartContainer - [test-hivemq-platform] [hivemq] [38b67c1e] INFO  - [HiveMQ Platform Operator Init App 1.7.0-SNAPSHOT] Returning default Health API response 503 for readiness
2025-01-30 18:32:12,659 INFO c.h.h.t.HelmChartContainer - [EVENT] Warning [Unhealthy] Readiness probe failed: HTTP probe failed with statuscode: 503 [helmvolumeclaimtemplatesit:test-hivemq-platform-2]
2025-01-30 18:32:12,659 INFO c.h.h.t.HelmChartContainer - Received Unhealthy event for container hivemq in pod test-hivemq-platform-2 [38b67c1e-f02b-4da1-a826-d7cb17921229]
2025-01-30 18:32:15,679 INFO c.h.h.t.HelmChartContainer - [test-hivemq-platform] [hivemq] [e3f97d6d] INFO  - [HiveMQ Platform Operator Init App 1.7.0-SNAPSHOT] Returning Health API response 200 for liveness
2025-01-30 18:32:16,592 INFO c.h.h.t.HelmChartContainer - [hivemq-test-hivemq-platform] [hivemq-platform-operator] [2f3f9aef] 18:32:16.589 [pool-6-thread-15] DEBUG c.h.p.o.d.PlatformServiceResource - [helmvolu] Desired Platform services (3 services)
2025-01-30 18:32:16,593 INFO c.h.h.t.HelmChartContainer - [hivemq-test-hivemq-platform] [hivemq-platform-operator] [2f3f9aef] 18:32:16.590 [pool-6-thread-16] DEBUG c.h.p.o.dependants.PodInfoConfigMap - [helmvolu] Desired PodInfo ConfigMap (1 extensions) (1 enabled)
2025-01-30 18:32:16,593 INFO c.h.h.t.HelmChartContainer - [hivemq-test-hivemq-platform] [hivemq-platform-operator] [2f3f9aef] 18:32:16.590 [pool-6-thread-16] DEBUG c.h.p.o.dependants.PodInfoConfigMap - [helmvolu] Desired PodInfo ConfigMap (metrics port: 9399) (metrics path: /)
2025-01-30 18:32:16,593 INFO c.h.h.t.HelmChartContainer - [hivemq-test-hivemq-platform] [hivemq-platform-operator] [2f3f9aef] 18:32:16.590 [pool-6-thread-16] DEBUG c.h.p.o.dependants.PodInfoConfigMap - [helmvolu] Desired PodInfo ConfigMap (extension state hash: -1817474005)
2025-01-30 18:32:16,593 INFO c.h.h.t.HelmChartContainer - [hivemq-test-hivemq-platform] [hivemq-platform-operator] [2f3f9aef] 18:32:16.590 [pool-6-thread-17] DEBUG c.h.p.o.d.PodServiceAccountResource - [helmvolu] Desired PodServiceAccountResource (serviceAccountName: hivemq-platform-pod-test-hivemq-platform)
2025-01-30 18:32:16,595 INFO c.h.h.t.HelmChartContainer - [hivemq-test-hivemq-platform] [hivemq-platform-operator] [2f3f9aef] 18:32:16.594 [pool-6-thread-15] DEBUG c.h.p.o.d.StatefulSetResource - [helmvolu] Desired StatefulSet (3 replicas) for status ROLLING_RESTART (SURGE_IN_PROGRESS)
2025-01-30 18:32:16,598 INFO c.h.h.t.HelmChartContainer - [hivemq-test-hivemq-platform] [hivemq-platform-operator] [2f3f9aef] 18:32:16.597 [ReconcilerExecutor-hivemq-controller-135] INFO  c.h.p.o.HiveMQPlatformReconciler - [helmvolu] Reconciling HiveMQ Platform 'test-hivemq-platform' in namespace 'helmvolumeclaimtemplatesit'
2025-01-30 18:32:16,598 INFO c.h.h.t.HelmChartContainer - [hivemq-test-hivemq-platform] [hivemq-platform-operator] [2f3f9aef] 18:32:16.597 [ReconcilerExecutor-hivemq-controller-135] DEBUG c.h.p.o.HiveMQPlatformReconciler - [helmvolu] Custom Resource Status ROLLING_RESTART - HiveMQ Platform is starting a surge Pod (rolling restart) (SURGE_IN_PROGRESS)
2025-01-30 18:32:16,599 INFO c.h.h.t.HelmChartContainer - [hivemq-test-hivemq-platform] [hivemq-platform-operator] [2f3f9aef] 18:32:16.597 [ReconcilerExecutor-hivemq-controller-135] DEBUG c.h.p.o.HiveMQPlatformReconciler - [helmvolu] Custom Resource Spec (replicas: 2) (extensions: 1)
2025-01-30 18:32:16,599 INFO c.h.h.t.HelmChartContainer - [hivemq-test-hivemq-platform] [hivemq-platform-operator] [2f3f9aef] 18:32:16.598 [ReconcilerExecutor-hivemq-controller-135] DEBUG c.h.p.o.HiveMQPlatformReconciler - [helmvolu] StatefulSet Status (revision: test-hivemq-platform-59475f86c9, replicas: 3, available: 2, ready: 2, current: 2, updated: 1)
2025-01-30 18:32:16,602 INFO c.h.h.t.HelmChartContainer - [hivemq-test-hivemq-platform] [hivemq-platform-operator] [2f3f9aef] 18:32:16.598 [ReconcilerExecutor-hivemq-controller-135] DEBUG c.h.p.o.HiveMQPlatformReconciler - [helmvolu] StatefulSet Spec (replicas: 3, init containers: 1, containers: 1, volumes: 4)
2025-01-30 18:32:16,602 INFO c.h.h.t.HelmChartContainer - [hivemq-test-hivemq-platform] [hivemq-platform-operator] [2f3f9aef] 18:32:16.601 [ReconcilerExecutor-hivemq-controller-135] DEBUG c.h.p.o.h.HiveMQPlatformReconcilerErrorHandler - [helmvolu] Pod 'test-hivemq-platform-2' phase Running
2025-01-30 18:32:16,669 INFO c.h.h.t.HelmChartContainer - [hivemq-test-hivemq-platform] [hivemq-platform-operator] [2f3f9aef] 18:32:16.668 [ReconcilerExecutor-hivemq-controller-135] DEBUG c.h.p.o.h.HiveMQPlatformReconcilerErrorHandler - [helmvolu] Pod 'test-hivemq-platform-1' phase Running
2025-01-30 18:32:16,671 INFO c.h.h.t.HelmChartContainer - [hivemq-test-hivemq-platform] [hivemq-platform-operator] [2f3f9aef] 18:32:16.670 [ReconcilerExecutor-hivemq-controller-135] DEBUG c.h.p.o.h.HiveMQPlatformReconcilerErrorHandler - [helmvolu] Pod 'test-hivemq-platform-0' phase Running
2025-01-30 18:32:16,672 INFO c.h.h.t.HelmChartContainer - [hivemq-test-hivemq-platform] [hivemq-platform-operator] [2f3f9aef] 18:32:16.671 [ReconcilerExecutor-hivemq-controller-135] DEBUG c.h.p.o.h.HiveMQPlatformReconcilerRollingRestartHandler - [helmvolu] Rolling restart is waiting for 2 of 3 replicas
2025-01-30 18:32:17,557 INFO c.h.h.t.HelmChartContainer - [EVENT] Warning [Unhealthy] Readiness probe failed: HTTP probe failed with statuscode: 503 [helmvolumeclaimtemplatesit:test-hivemq-platform-2]
2025-01-30 18:32:17,557 INFO c.h.h.t.HelmChartContainer - Received Unhealthy event for container hivemq in pod test-hivemq-platform-2 [38b67c1e-f02b-4da1-a826-d7cb17921229]
2025-01-30 18:32:17,855 INFO c.h.h.t.HelmChartContainer - [test-hivemq-platform] [hivemq] [38b67c1e] INFO  - [HiveMQ Platform Operator Init App 1.7.0-SNAPSHOT] Updating Pod HiveMQ Platform Operator Init App version annotation (version: 1.7.0-SNAPSHOT)
2025-01-30 18:32:18,174 INFO c.h.h.t.HelmChartContainer - [POD] test-hivemq-platform-2 [38b67c1e-f02b-4da1-a826-d7cb17921229] in helmvolumeclaimtemplatesit was MODIFIED
2025-01-30 18:32:18,181 INFO c.h.h.t.HelmChartContainer - [hivemq-test-hivemq-platform] [hivemq-platform-operator] [2f3f9aef] 18:32:18.179 [pool-6-thread-25] DEBUG c.h.p.o.d.PlatformServiceResource - [helmvolu] Desired Platform services (3 services)
2025-01-30 18:32:18,182 INFO c.h.h.t.HelmChartContainer - [hivemq-test-hivemq-platform] [hivemq-platform-operator] [2f3f9aef] 18:32:18.180 [pool-6-thread-21] DEBUG c.h.p.o.d.PodServiceAccountResource - [helmvolu] Desired PodServiceAccountResource (serviceAccountName: hivemq-platform-pod-test-hivemq-platform)
2025-01-30 18:32:18,182 INFO c.h.h.t.HelmChartContainer - [hivemq-test-hivemq-platform] [hivemq-platform-operator] [2f3f9aef] 18:32:18.181 [pool-6-thread-28] DEBUG c.h.p.o.dependants.PodInfoConfigMap - [helmvolu] Desired PodInfo ConfigMap (1 extensions) (1 enabled)
2025-01-30 18:32:18,182 INFO c.h.h.t.HelmChartContainer - [hivemq-test-hivemq-platform] [hivemq-platform-operator] [2f3f9aef] 18:32:18.181 [pool-6-thread-28] DEBUG c.h.p.o.dependants.PodInfoConfigMap - [helmvolu] Desired PodInfo ConfigMap (metrics port: 9399) (metrics path: /)
2025-01-30 18:32:18,182 INFO c.h.h.t.HelmChartContainer - [hivemq-test-hivemq-platform] [hivemq-platform-operator] [2f3f9aef] 18:32:18.181 [pool-6-thread-28] DEBUG c.h.p.o.dependants.PodInfoConfigMap - [helmvolu] Desired PodInfo ConfigMap (extension state hash: -1817474005)
2025-01-30 18:32:18,184 INFO c.h.h.t.HelmChartContainer - [hivemq-test-hivemq-platform] [hivemq-platform-operator] [2f3f9aef] 18:32:18.184 [pool-6-thread-25] DEBUG c.h.p.o.d.StatefulSetResource - [helmvolu] Desired StatefulSet (3 replicas) for status ROLLING_RESTART (SURGE_IN_PROGRESS)
2025-01-30 18:32:18,189 INFO c.h.h.t.HelmChartContainer - [hivemq-test-hivemq-platform] [hivemq-platform-operator] [2f3f9aef] 18:32:18.188 [ReconcilerExecutor-hivemq-controller-136] INFO  c.h.p.o.HiveMQPlatformReconciler - [helmvolu] Reconciling HiveMQ Platform 'test-hivemq-platform' in namespace 'helmvolumeclaimtemplatesit'
2025-01-30 18:32:18,190 INFO c.h.h.t.HelmChartContainer - [hivemq-test-hivemq-platform] [hivemq-platform-operator] [2f3f9aef] 18:32:18.188 [ReconcilerExecutor-hivemq-controller-136] DEBUG c.h.p.o.HiveMQPlatformReconciler - [helmvolu] Custom Resource Status ROLLING_RESTART - HiveMQ Platform is starting a surge Pod (rolling restart) (SURGE_IN_PROGRESS)
2025-01-30 18:32:18,190 INFO c.h.h.t.HelmChartContainer - [hivemq-test-hivemq-platform] [hivemq-platform-operator] [2f3f9aef] 18:32:18.188 [ReconcilerExecutor-hivemq-controller-136] DEBUG c.h.p.o.HiveMQPlatformReconciler - [helmvolu] Custom Resource Spec (replicas: 2) (extensions: 1)
2025-01-30 18:32:18,191 INFO c.h.h.t.HelmChartContainer - [hivemq-test-hivemq-platform] [hivemq-platform-operator] [2f3f9aef] 18:32:18.190 [ReconcilerExecutor-hivemq-controller-136] DEBUG c.h.p.o.HiveMQPlatformReconciler - [helmvolu] StatefulSet Status (revision: test-hivemq-platform-59475f86c9, replicas: 3, available: 2, ready: 2, current: 2, updated: 1)
2025-01-30 18:32:18,191 INFO c.h.h.t.HelmChartContainer - [hivemq-test-hivemq-platform] [hivemq-platform-operator] [2f3f9aef] 18:32:18.190 [ReconcilerExecutor-hivemq-controller-136] DEBUG c.h.p.o.HiveMQPlatformReconciler - [helmvolu] StatefulSet Spec (replicas: 3, init containers: 1, containers: 1, volumes: 4)
2025-01-30 18:32:18,193 INFO c.h.h.t.HelmChartContainer - [hivemq-test-hivemq-platform] [hivemq-platform-operator] [2f3f9aef] 18:32:18.192 [ReconcilerExecutor-hivemq-controller-136] DEBUG c.h.p.o.h.HiveMQPlatformReconcilerErrorHandler - [helmvolu] Pod 'test-hivemq-platform-2' phase Running
2025-01-30 18:32:18,194 INFO c.h.h.t.HelmChartContainer - [hivemq-test-hivemq-platform] [hivemq-platform-operator] [2f3f9aef] 18:32:18.193 [ReconcilerExecutor-hivemq-controller-136] DEBUG c.h.p.o.h.HiveMQPlatformReconcilerErrorHandler - [helmvolu] Pod 'test-hivemq-platform-1' phase Running
2025-01-30 18:32:18,195 INFO c.h.h.t.HelmChartContainer - [hivemq-test-hivemq-platform] [hivemq-platform-operator] [2f3f9aef] 18:32:18.194 [ReconcilerExecutor-hivemq-controller-136] DEBUG c.h.p.o.h.HiveMQPlatformReconcilerErrorHandler - [helmvolu] Pod 'test-hivemq-platform-0' phase Running
2025-01-30 18:32:18,252 INFO c.h.h.t.HelmChartContainer - [test-hivemq-platform] [hivemq] [38b67c1e] INFO  - [HiveMQ Platform Operator Init App 1.7.0-SNAPSHOT] Successfully updated Pod HiveMQ Platform Operator Init App version annotation (version: 1.7.0-SNAPSHOT)
2025-01-30 18:32:18,256 INFO c.h.h.t.HelmChartContainer - [EVENT] Warning [Unhealthy] Readiness probe failed: HTTP probe failed with statuscode: 503 [helmvolumeclaimtemplatesit:test-hivemq-platform-2]
2025-01-30 18:32:18,256 INFO c.h.h.t.HelmChartContainer - Received Unhealthy event for container hivemq in pod test-hivemq-platform-2 [38b67c1e-f02b-4da1-a826-d7cb17921229]
2025-01-30 18:32:18,268 INFO c.h.h.t.HelmChartContainer - [hivemq-test-hivemq-platform] [hivemq-platform-operator] [2f3f9aef] 18:32:18.267 [ReconcilerExecutor-hivemq-controller-136] DEBUG c.h.p.o.h.HiveMQPlatformReconcilerRollingRestartHandler - [helmvolu] Rolling restart is waiting for 2 of 3 replicas
2025-01-30 18:32:23,178 INFO c.h.h.t.HelmChartContainer - [EVENT] Warning [Unhealthy] Readiness probe failed: HTTP probe failed with statuscode: 503 [helmvolumeclaimtemplatesit:test-hivemq-platform-2]
2025-01-30 18:32:23,178 INFO c.h.h.t.HelmChartContainer - Received Unhealthy event for container hivemq in pod test-hivemq-platform-2 [38b67c1e-f02b-4da1-a826-d7cb17921229]
2025-01-30 18:32:25,657 INFO c.h.h.t.HelmChartContainer - [test-hivemq-platform] [hivemq] [38b67c1e] INFO  - [HiveMQ Platform Operator Init App 1.7.0-SNAPSHOT] Proceeding with container start
2025-01-30 18:32:25,660 INFO c.h.h.t.HelmChartContainer - [test-hivemq-platform] [hivemq] [38b67c1e] INFO  - [HiveMQ Platform Operator Init App 1.7.0-SNAPSHOT] Initializing HiveMQ Platform extensions with initial configuration: {hivemq-allow-all-extension={start-priority=-1, skip-https-hostname-verification=false, restart=true, config-version=0, header-version=0, c-uri=, priority=-1, uri=preinstalled, skip-https-certificate-validation=false, enabled=true}, hivemq-prometheus-extension={priority=-1, start-priority=-1, c-uri=, skip-https-hostname-verification=false, skip-https-certificate-validation=false, uri=preinstalled, request-header-path=no-request-headers, enabled=true, restart=true}}
2025-01-30 18:32:26,071 INFO c.h.h.t.HelmChartContainer - [test-hivemq-platform] [hivemq] [38b67c1e] INFO  - [HiveMQ Platform Operator Init App 1.7.0-SNAPSHOT] Extension hivemq-allow-all-extension was already enabled
2025-01-30 18:32:26,155 INFO c.h.h.t.HelmChartContainer - [test-hivemq-platform] [hivemq] [38b67c1e] INFO  - [HiveMQ Platform Operator Init App 1.7.0-SNAPSHOT] Successfully enabled extension hivemq-prometheus-extension
2025-01-30 18:32:26,158 INFO c.h.h.t.HelmChartContainer - [test-hivemq-platform] [hivemq] [38b67c1e] INFO  - [HiveMQ Platform Operator Init App 1.7.0-SNAPSHOT] Starting HiveMQ Platform version 4.36.0 (4.36.0)
2025-01-30 18:32:26,159 INFO c.h.h.t.HelmChartContainer - [test-hivemq-platform] [hivemq] [38b67c1e] INFO  - [HiveMQ Platform Operator Init App 1.7.0-SNAPSHOT] Configuring the HiveMQ Platform
2025-01-30 18:32:26,167 INFO c.h.h.t.HelmChartContainer - [test-hivemq-platform] [hivemq] [38b67c1e] INFO  - [HiveMQ Platform Operator Init App 1.7.0-SNAPSHOT] Changed logback.xml file scan period to 20 seconds
2025-01-30 18:32:26,258 INFO c.h.h.t.HelmChartContainer - [test-hivemq-platform] [hivemq] [38b67c1e] INFO  - [HiveMQ Platform Operator Init App 1.7.0-SNAPSHOT] Starting the HiveMQ Platform
2025-01-30 18:32:26,261 INFO c.h.h.t.HelmChartContainer - [test-hivemq-platform] [hivemq] [38b67c1e] -------------------------------------------------------------------------
2025-01-30 18:32:26,261 INFO c.h.h.t.HelmChartContainer - [test-hivemq-platform] [hivemq] [38b67c1e] 
2025-01-30 18:32:26,261 INFO c.h.h.t.HelmChartContainer - [test-hivemq-platform] [hivemq] [38b67c1e]                   _    _  _              __  __   ____
2025-01-30 18:32:26,262 INFO c.h.h.t.HelmChartContainer - [test-hivemq-platform] [hivemq] [38b67c1e]                  | |  | |(_)            |  \/  | / __ \
2025-01-30 18:32:26,262 INFO c.h.h.t.HelmChartContainer - [test-hivemq-platform] [hivemq] [38b67c1e]                  | |__| | _ __   __ ___ | \  / || |  | |
2025-01-30 18:32:26,262 INFO c.h.h.t.HelmChartContainer - [test-hivemq-platform] [hivemq] [38b67c1e]                  |  __  || |\ \ / // _ \| |\/| || |  | |
2025-01-30 18:32:26,262 INFO c.h.h.t.HelmChartContainer - [test-hivemq-platform] [hivemq] [38b67c1e]                  | |  | || | \ V /|  __/| |  | || |__| |
2025-01-30 18:32:26,262 INFO c.h.h.t.HelmChartContainer - [test-hivemq-platform] [hivemq] [38b67c1e]                  |_|  |_||_|  \_/  \___||_|  |_| \___\_\
2025-01-30 18:32:26,262 INFO c.h.h.t.HelmChartContainer - [test-hivemq-platform] [hivemq] [38b67c1e] 
2025-01-30 18:32:26,262 INFO c.h.h.t.HelmChartContainer - [test-hivemq-platform] [hivemq] [38b67c1e] -------------------------------------------------------------------------
2025-01-30 18:32:26,262 INFO c.h.h.t.HelmChartContainer - [test-hivemq-platform] [hivemq] [38b67c1e] 
2025-01-30 18:32:26,262 INFO c.h.h.t.HelmChartContainer - [test-hivemq-platform] [hivemq] [38b67c1e]   HiveMQ Start Script for Linux/Unix v1.14
2025-01-30 18:32:26,262 INFO c.h.h.t.HelmChartContainer - [test-hivemq-platform] [hivemq] [38b67c1e] 
2025-01-30 18:32:26,368 INFO c.h.h.t.HelmChartContainer - [test-hivemq-platform] [hivemq] [38b67c1e] -------------------------------------------------------------------------
2025-01-30 18:32:26,368 INFO c.h.h.t.HelmChartContainer - [test-hivemq-platform] [hivemq] [38b67c1e] 
2025-01-30 18:32:26,368 INFO c.h.h.t.HelmChartContainer - [test-hivemq-platform] [hivemq] [38b67c1e]   HIVEMQ_HOME: /opt/hivemq
2025-01-30 18:32:26,368 INFO c.h.h.t.HelmChartContainer - [test-hivemq-platform] [hivemq] [38b67c1e] 
2025-01-30 18:32:26,368 INFO c.h.h.t.HelmChartContainer - [test-hivemq-platform] [hivemq] [38b67c1e]   JAVA_OPTS: -XX:+UnlockExperimentalVMOptions -XX:InitialRAMPercentage=50 -XX:MaxRAMPercentage=50 -Djava.net.preferIPv4Stack=true --add-opens java.base/java.lang=ALL-UNNAMED --add-opens java.base/java.nio=ALL-UNNAMED --add-opens java.base/sun.nio.ch=ALL-UNNAMED --add-opens jdk.management/com.sun.management.internal=ALL-UNNAMED --add-exports java.base/jdk.internal.misc=ALL-UNNAMED -Djava.security.egd=file:/dev/./urandom -Dcom.sun.management.jmxremote -Dcom.sun.management.jmxremote.port=9010 -Dcom.sun.management.jmxremote.local.only=false -Dcom.sun.management.jmxremote.authenticate=false -Dcom.sun.management.jmxremote.ssl=false -Duser.language=en -Duser.region=US -XX:+CrashOnOutOfMemoryError -XX:+HeapDumpOnOutOfMemoryError
2025-01-30 18:32:26,368 INFO c.h.h.t.HelmChartContainer - [test-hivemq-platform] [hivemq] [38b67c1e] 
2025-01-30 18:32:26,368 INFO c.h.h.t.HelmChartContainer - [test-hivemq-platform] [hivemq] [38b67c1e]   JAVA_VERSION: 21
2025-01-30 18:32:26,368 INFO c.h.h.t.HelmChartContainer - [test-hivemq-platform] [hivemq] [38b67c1e] 
2025-01-30 18:32:26,368 INFO c.h.h.t.HelmChartContainer - [test-hivemq-platform] [hivemq] [38b67c1e] -------------------------------------------------------------------------
2025-01-30 18:32:26,368 INFO c.h.h.t.HelmChartContainer - [test-hivemq-platform] [hivemq] [38b67c1e] 
2025-01-30 18:32:28,258 INFO c.h.h.t.HelmChartContainer - [EVENT] Warning [Unhealthy] Readiness probe failed: HTTP probe failed with statuscode: 503 [helmvolumeclaimtemplatesit:test-hivemq-platform-2]
2025-01-30 18:32:28,258 INFO c.h.h.t.HelmChartContainer - Received Unhealthy event for container hivemq in pod test-hivemq-platform-2 [38b67c1e-f02b-4da1-a826-d7cb17921229]
2025-01-30 18:32:28,277 INFO c.h.h.t.HelmChartContainer - [hivemq-test-hivemq-platform] [hivemq-platform-operator] [2f3f9aef] 18:32:28.275 [pool-6-thread-36] DEBUG c.h.p.o.d.PlatformServiceResource - [helmvolu] Desired Platform services (3 services)
2025-01-30 18:32:28,278 INFO c.h.h.t.HelmChartContainer - [hivemq-test-hivemq-platform] [hivemq-platform-operator] [2f3f9aef] 18:32:28.277 [pool-6-thread-33] DEBUG c.h.p.o.dependants.PodInfoConfigMap - [helmvolu] Desired PodInfo ConfigMap (1 extensions) (1 enabled)
2025-01-30 18:32:28,280 INFO c.h.h.t.HelmChartContainer - [hivemq-test-hivemq-platform] [hivemq-platform-operator] [2f3f9aef] 18:32:28.277 [pool-6-thread-33] DEBUG c.h.p.o.dependants.PodInfoConfigMap - [helmvolu] Desired PodInfo ConfigMap (metrics port: 9399) (metrics path: /)
2025-01-30 18:32:28,280 INFO c.h.h.t.HelmChartContainer - [hivemq-test-hivemq-platform] [hivemq-platform-operator] [2f3f9aef] 18:32:28.277 [pool-6-thread-33] DEBUG c.h.p.o.dependants.PodInfoConfigMap - [helmvolu] Desired PodInfo ConfigMap (extension state hash: -1817474005)
2025-01-30 18:32:28,282 INFO c.h.h.t.HelmChartContainer - [hivemq-test-hivemq-platform] [hivemq-platform-operator] [2f3f9aef] 18:32:28.281 [pool-6-thread-37] DEBUG c.h.p.o.d.PodServiceAccountResource - [helmvolu] Desired PodServiceAccountResource (serviceAccountName: hivemq-platform-pod-test-hivemq-platform)
2025-01-30 18:32:28,283 INFO c.h.h.t.HelmChartContainer - [hivemq-test-hivemq-platform] [hivemq-platform-operator] [2f3f9aef] 18:32:28.282 [pool-6-thread-36] DEBUG c.h.p.o.d.StatefulSetResource - [helmvolu] Desired StatefulSet (3 replicas) for status ROLLING_RESTART (SURGE_IN_PROGRESS)
2025-01-30 18:32:28,286 INFO c.h.h.t.HelmChartContainer - [hivemq-test-hivemq-platform] [hivemq-platform-operator] [2f3f9aef] 18:32:28.285 [ReconcilerExecutor-hivemq-controller-137] INFO  c.h.p.o.HiveMQPlatformReconciler - [helmvolu] Reconciling HiveMQ Platform 'test-hivemq-platform' in namespace 'helmvolumeclaimtemplatesit'
2025-01-30 18:32:28,287 INFO c.h.h.t.HelmChartContainer - [hivemq-test-hivemq-platform] [hivemq-platform-operator] [2f3f9aef] 18:32:28.285 [ReconcilerExecutor-hivemq-controller-137] DEBUG c.h.p.o.HiveMQPlatformReconciler - [helmvolu] Custom Resource Status ROLLING_RESTART - HiveMQ Platform is starting a surge Pod (rolling restart) (SURGE_IN_PROGRESS)
2025-01-30 18:32:28,287 INFO c.h.h.t.HelmChartContainer - [hivemq-test-hivemq-platform] [hivemq-platform-operator] [2f3f9aef] 18:32:28.285 [ReconcilerExecutor-hivemq-controller-137] DEBUG c.h.p.o.HiveMQPlatformReconciler - [helmvolu] Custom Resource Spec (replicas: 2) (extensions: 1)
2025-01-30 18:32:28,368 INFO c.h.h.t.HelmChartContainer - [hivemq-test-hivemq-platform] [hivemq-platform-operator] [2f3f9aef] 18:32:28.286 [ReconcilerExecutor-hivemq-controller-137] DEBUG c.h.p.o.HiveMQPlatformReconciler - [helmvolu] StatefulSet Status (revision: test-hivemq-platform-59475f86c9, replicas: 3, available: 2, ready: 2, current: 2, updated: 1)
2025-01-30 18:32:28,369 INFO c.h.h.t.HelmChartContainer - [hivemq-test-hivemq-platform] [hivemq-platform-operator] [2f3f9aef] 18:32:28.367 [ReconcilerExecutor-hivemq-controller-137] DEBUG c.h.p.o.HiveMQPlatformReconciler - [helmvolu] StatefulSet Spec (replicas: 3, init containers: 1, containers: 1, volumes: 4)
2025-01-30 18:32:28,370 INFO c.h.h.t.HelmChartContainer - [hivemq-test-hivemq-platform] [hivemq-platform-operator] [2f3f9aef] 18:32:28.369 [ReconcilerExecutor-hivemq-controller-137] DEBUG c.h.p.o.h.HiveMQPlatformReconcilerErrorHandler - [helmvolu] Pod 'test-hivemq-platform-2' phase Running
2025-01-30 18:32:28,372 INFO c.h.h.t.HelmChartContainer - [hivemq-test-hivemq-platform] [hivemq-platform-operator] [2f3f9aef] 18:32:28.371 [ReconcilerExecutor-hivemq-controller-137] DEBUG c.h.p.o.h.HiveMQPlatformReconcilerErrorHandler - [helmvolu] Pod 'test-hivemq-platform-1' phase Running
2025-01-30 18:32:28,373 INFO c.h.h.t.HelmChartContainer - [hivemq-test-hivemq-platform] [hivemq-platform-operator] [2f3f9aef] 18:32:28.372 [ReconcilerExecutor-hivemq-controller-137] DEBUG c.h.p.o.h.HiveMQPlatformReconcilerErrorHandler - [helmvolu] Pod 'test-hivemq-platform-0' phase Running
2025-01-30 18:32:28,373 INFO c.h.h.t.HelmChartContainer - [hivemq-test-hivemq-platform] [hivemq-platform-operator] [2f3f9aef] 18:32:28.372 [ReconcilerExecutor-hivemq-controller-137] DEBUG c.h.p.o.h.HiveMQPlatformReconcilerRollingRestartHandler - [helmvolu] Rolling restart is waiting for 2 of 3 replicas
2025-01-30 18:32:28,867 INFO c.h.h.t.HelmChartContainer - [test-hivemq-platform] [hivemq] [38b67c1e] INFO  - Starting HiveMQ Enterprise Server
2025-01-30 18:32:28,873 INFO c.h.h.t.HelmChartContainer - [test-hivemq-platform] [hivemq] [38b67c1e] INFO  - HiveMQ version: 4.36.0
2025-01-30 18:32:28,873 INFO c.h.h.t.HelmChartContainer - [test-hivemq-platform] [hivemq] [38b67c1e] INFO  - HiveMQ home directory: /opt/hivemq
2025-01-30 18:32:28,873 INFO c.h.h.t.HelmChartContainer - [test-hivemq-platform] [hivemq] [38b67c1e] INFO  - Log Configuration was overridden by /opt/hivemq/conf/logback.xml
2025-01-30 18:32:30,153 INFO c.h.h.t.HelmChartContainer - [test-hivemq-platform] [hivemq] [38b67c1e] INFO  - Successfully loaded configuration from '/opt/hivemq/conf-k8s/config.xml'.
2025-01-30 18:32:30,553 INFO c.h.h.t.HelmChartContainer - [test-hivemq-platform] [hivemq] [38b67c1e] INFO  - This node's ID is IXwde
2025-01-30 18:32:30,554 INFO c.h.h.t.HelmChartContainer - [test-hivemq-platform] [hivemq] [38b67c1e] INFO  - Clustering is enabled
2025-01-30 18:32:33,469 INFO c.h.h.t.HelmChartContainer - [test-hivemq-platform] [hivemq] [38b67c1e] WARN  - [HiveMQ Platform Operator Init App 1.7.0-SNAPSHOT] Cannot connect to Health API for readiness: null
2025-01-30 18:32:33,469 INFO c.h.h.t.HelmChartContainer - [EVENT] Warning [Unhealthy] Readiness probe failed: HTTP probe failed with statuscode: 503 [helmvolumeclaimtemplatesit:test-hivemq-platform-2]
2025-01-30 18:32:33,469 INFO c.h.h.t.HelmChartContainer - Received Unhealthy event for container hivemq in pod test-hivemq-platform-2 [38b67c1e-f02b-4da1-a826-d7cb17921229]
2025-01-30 18:32:34,855 INFO c.h.h.t.HelmChartContainer - [test-hivemq-platform] [hivemq] [38b67c1e] WARN  - [HiveMQ Platform Operator Init App 1.7.0-SNAPSHOT] Cannot connect to Health API for liveness: null
2025-01-30 18:32:34,855 INFO c.h.h.t.HelmChartContainer - [test-hivemq-platform] [hivemq] [38b67c1e] INFO  - [HiveMQ Platform Operator Init App 1.7.0-SNAPSHOT] Returning default Health API response 200 for liveness
2025-01-30 18:32:38,256 INFO c.h.h.t.HelmChartContainer - [test-hivemq-platform] [hivemq] [38b67c1e] WARN  - [HiveMQ Platform Operator Init App 1.7.0-SNAPSHOT] Cannot connect to Health API for readiness: null
2025-01-30 18:32:38,262 INFO c.h.h.t.HelmChartContainer - [EVENT] Warning [Unhealthy] Readiness probe failed: HTTP probe failed with statuscode: 503 [helmvolumeclaimtemplatesit:test-hivemq-platform-2]
2025-01-30 18:32:38,262 INFO c.h.h.t.HelmChartContainer - Received Unhealthy event for container hivemq in pod test-hivemq-platform-2 [38b67c1e-f02b-4da1-a826-d7cb17921229]
2025-01-30 18:32:38,378 INFO c.h.h.t.HelmChartContainer - [hivemq-test-hivemq-platform] [hivemq-platform-operator] [2f3f9aef] 18:32:38.375 [pool-6-thread-47] DEBUG c.h.p.o.d.PlatformServiceResource - [helmvolu] Desired Platform services (3 services)
2025-01-30 18:32:38,379 INFO c.h.h.t.HelmChartContainer - [hivemq-test-hivemq-platform] [hivemq-platform-operator] [2f3f9aef] 18:32:38.376 [pool-6-thread-42] DEBUG c.h.p.o.d.PodServiceAccountResource - [helmvolu] Desired PodServiceAccountResource (serviceAccountName: hivemq-platform-pod-test-hivemq-platform)
2025-01-30 18:32:38,379 INFO c.h.h.t.HelmChartContainer - [hivemq-test-hivemq-platform] [hivemq-platform-operator] [2f3f9aef] 18:32:38.377 [pool-6-thread-49] DEBUG c.h.p.o.dependants.PodInfoConfigMap - [helmvolu] Desired PodInfo ConfigMap (1 extensions) (1 enabled)
2025-01-30 18:32:38,379 INFO c.h.h.t.HelmChartContainer - [hivemq-test-hivemq-platform] [hivemq-platform-operator] [2f3f9aef] 18:32:38.377 [pool-6-thread-49] DEBUG c.h.p.o.dependants.PodInfoConfigMap - [helmvolu] Desired PodInfo ConfigMap (metrics port: 9399) (metrics path: /)
2025-01-30 18:32:38,379 INFO c.h.h.t.HelmChartContainer - [hivemq-test-hivemq-platform] [hivemq-platform-operator] [2f3f9aef] 18:32:38.377 [pool-6-thread-49] DEBUG c.h.p.o.dependants.PodInfoConfigMap - [helmvolu] Desired PodInfo ConfigMap (extension state hash: -1817474005)
2025-01-30 18:32:38,382 INFO c.h.h.t.HelmChartContainer - [hivemq-test-hivemq-platform] [hivemq-platform-operator] [2f3f9aef] 18:32:38.380 [pool-6-thread-47] DEBUG c.h.p.o.d.StatefulSetResource - [helmvolu] Desired StatefulSet (3 replicas) for status ROLLING_RESTART (SURGE_IN_PROGRESS)
2025-01-30 18:32:38,384 INFO c.h.h.t.HelmChartContainer - [hivemq-test-hivemq-platform] [hivemq-platform-operator] [2f3f9aef] 18:32:38.383 [ReconcilerExecutor-hivemq-controller-138] INFO  c.h.p.o.HiveMQPlatformReconciler - [helmvolu] Reconciling HiveMQ Platform 'test-hivemq-platform' in namespace 'helmvolumeclaimtemplatesit'
2025-01-30 18:32:38,384 INFO c.h.h.t.HelmChartContainer - [hivemq-test-hivemq-platform] [hivemq-platform-operator] [2f3f9aef] 18:32:38.383 [ReconcilerExecutor-hivemq-controller-138] DEBUG c.h.p.o.HiveMQPlatformReconciler - [helmvolu] Custom Resource Status ROLLING_RESTART - HiveMQ Platform is starting a surge Pod (rolling restart) (SURGE_IN_PROGRESS)
2025-01-30 18:32:38,384 INFO c.h.h.t.HelmChartContainer - [hivemq-test-hivemq-platform] [hivemq-platform-operator] [2f3f9aef] 18:32:38.383 [ReconcilerExecutor-hivemq-controller-138] DEBUG c.h.p.o.HiveMQPlatformReconciler - [helmvolu] Custom Resource Spec (replicas: 2) (extensions: 1)
2025-01-30 18:32:38,388 INFO c.h.h.t.HelmChartContainer - [hivemq-test-hivemq-platform] [hivemq-platform-operator] [2f3f9aef] 18:32:38.385 [ReconcilerExecutor-hivemq-controller-138] DEBUG c.h.p.o.HiveMQPlatformReconciler - [helmvolu] StatefulSet Status (revision: test-hivemq-platform-59475f86c9, replicas: 3, available: 2, ready: 2, current: 2, updated: 1)
2025-01-30 18:32:38,388 INFO c.h.h.t.HelmChartContainer - [hivemq-test-hivemq-platform] [hivemq-platform-operator] [2f3f9aef] 18:32:38.385 [ReconcilerExecutor-hivemq-controller-138] DEBUG c.h.p.o.HiveMQPlatformReconciler - [helmvolu] StatefulSet Spec (replicas: 3, init containers: 1, containers: 1, volumes: 4)
2025-01-30 18:32:38,388 INFO c.h.h.t.HelmChartContainer - [hivemq-test-hivemq-platform] [hivemq-platform-operator] [2f3f9aef] 18:32:38.386 [ReconcilerExecutor-hivemq-controller-138] DEBUG c.h.p.o.h.HiveMQPlatformReconcilerErrorHandler - [helmvolu] Pod 'test-hivemq-platform-2' phase Running
2025-01-30 18:32:38,389 INFO c.h.h.t.HelmChartContainer - [hivemq-test-hivemq-platform] [hivemq-platform-operator] [2f3f9aef] 18:32:38.387 [ReconcilerExecutor-hivemq-controller-138] DEBUG c.h.p.o.h.HiveMQPlatformReconcilerErrorHandler - [helmvolu] Pod 'test-hivemq-platform-1' phase Running
2025-01-30 18:32:38,389 INFO c.h.h.t.HelmChartContainer - [hivemq-test-hivemq-platform] [hivemq-platform-operator] [2f3f9aef] 18:32:38.388 [ReconcilerExecutor-hivemq-controller-138] DEBUG c.h.p.o.h.HiveMQPlatformReconcilerErrorHandler - [helmvolu] Pod 'test-hivemq-platform-0' phase Running
2025-01-30 18:32:38,391 INFO c.h.h.t.HelmChartContainer - [hivemq-test-hivemq-platform] [hivemq-platform-operator] [2f3f9aef] 18:32:38.389 [ReconcilerExecutor-hivemq-controller-138] DEBUG c.h.p.o.h.HiveMQPlatformReconcilerRollingRestartHandler - [helmvolu] Rolling restart is waiting for 2 of 3 replicas
2025-01-30 18:32:43,253 INFO c.h.h.t.HelmChartContainer - [test-hivemq-platform] [hivemq] [38b67c1e] WARN  - [HiveMQ Platform Operator Init App 1.7.0-SNAPSHOT] Cannot connect to Health API for readiness: null
2025-01-30 18:32:43,258 INFO c.h.h.t.HelmChartContainer - [EVENT] Warning [Unhealthy] Readiness probe failed: HTTP probe failed with statuscode: 503 [helmvolumeclaimtemplatesit:test-hivemq-platform-2]
2025-01-30 18:32:43,258 INFO c.h.h.t.HelmChartContainer - Received Unhealthy event for container hivemq in pod test-hivemq-platform-2 [38b67c1e-f02b-4da1-a826-d7cb17921229]
2025-01-30 18:32:43,767 INFO c.h.h.t.HelmChartContainer - [test-hivemq-platform] [hivemq] [38b67c1e] INFO  - No valid license file found. Using trial license, restricted to 25 connections.
2025-01-30 18:32:47,588 INFO c.h.h.t.HelmChartContainer - [K3S] [INFO] COMPACT compactRev=0 targetCompactRev=2 currentRev=1086
2025-01-30 18:32:47,588 INFO c.h.h.t.HelmChartContainer - [K3S] [INFO] COMPACT deleted 0 rows from 2 revisions in 454.219µs - compacted to 2/1086
2025-01-30 18:32:47,588 INFO c.h.h.t.HelmChartContainer - [K3S] [INFO] COMPACT compacted from 0 to 2 in 1 transactions over 1ms
2025-01-30 18:32:47,754 INFO c.h.h.t.HelmChartContainer - [test-hivemq-platform] [hivemq] [38b67c1e] INFO  - No valid license file for Data Hub found. Using free license, restricted to 1 policy.
2025-01-30 18:32:48,256 INFO c.h.h.t.HelmChartContainer - [test-hivemq-platform] [hivemq] [38b67c1e] WARN  - [HiveMQ Platform Operator Init App 1.7.0-SNAPSHOT] Cannot connect to Health API for readiness: null
2025-01-30 18:32:48,262 INFO c.h.h.t.HelmChartContainer - [EVENT] Warning [Unhealthy] Readiness probe failed: HTTP probe failed with statuscode: 503 [helmvolumeclaimtemplatesit:test-hivemq-platform-2]
2025-01-30 18:32:48,262 INFO c.h.h.t.HelmChartContainer - Received Unhealthy event for container hivemq in pod test-hivemq-platform-2 [38b67c1e-f02b-4da1-a826-d7cb17921229]
2025-01-30 18:32:48,396 INFO c.h.h.t.HelmChartContainer - [hivemq-test-hivemq-platform] [hivemq-platform-operator] [2f3f9aef] 18:32:48.392 [pool-6-thread-10] DEBUG c.h.p.o.d.PlatformServiceResource - [helmvolu] Desired Platform services (3 services)
2025-01-30 18:32:48,396 INFO c.h.h.t.HelmChartContainer - [hivemq-test-hivemq-platform] [hivemq-platform-operator] [2f3f9aef] 18:32:48.393 [pool-6-thread-1] DEBUG c.h.p.o.dependants.PodInfoConfigMap - [helmvolu] Desired PodInfo ConfigMap (1 extensions) (1 enabled)
2025-01-30 18:32:48,396 INFO c.h.h.t.HelmChartContainer - [hivemq-test-hivemq-platform] [hivemq-platform-operator] [2f3f9aef] 18:32:48.393 [pool-6-thread-1] DEBUG c.h.p.o.dependants.PodInfoConfigMap - [helmvolu] Desired PodInfo ConfigMap (metrics port: 9399) (metrics path: /)
2025-01-30 18:32:48,396 INFO c.h.h.t.HelmChartContainer - [hivemq-test-hivemq-platform] [hivemq-platform-operator] [2f3f9aef] 18:32:48.394 [pool-6-thread-1] DEBUG c.h.p.o.dependants.PodInfoConfigMap - [helmvolu] Desired PodInfo ConfigMap (extension state hash: -1817474005)
2025-01-30 18:32:48,396 INFO c.h.h.t.HelmChartContainer - [hivemq-test-hivemq-platform] [hivemq-platform-operator] [2f3f9aef] 18:32:48.394 [pool-6-thread-8] DEBUG c.h.p.o.d.PodServiceAccountResource - [helmvolu] Desired PodServiceAccountResource (serviceAccountName: hivemq-platform-pod-test-hivemq-platform)
2025-01-30 18:32:48,398 INFO c.h.h.t.HelmChartContainer - [hivemq-test-hivemq-platform] [hivemq-platform-operator] [2f3f9aef] 18:32:48.397 [pool-6-thread-10] DEBUG c.h.p.o.d.StatefulSetResource - [helmvolu] Desired StatefulSet (3 replicas) for status ROLLING_RESTART (SURGE_IN_PROGRESS)
2025-01-30 18:32:48,402 INFO c.h.h.t.HelmChartContainer - [hivemq-test-hivemq-platform] [hivemq-platform-operator] [2f3f9aef] 18:32:48.400 [ReconcilerExecutor-hivemq-controller-139] INFO  c.h.p.o.HiveMQPlatformReconciler - [helmvolu] Reconciling HiveMQ Platform 'test-hivemq-platform' in namespace 'helmvolumeclaimtemplatesit'
2025-01-30 18:32:48,403 INFO c.h.h.t.HelmChartContainer - [hivemq-test-hivemq-platform] [hivemq-platform-operator] [2f3f9aef] 18:32:48.400 [ReconcilerExecutor-hivemq-controller-139] DEBUG c.h.p.o.HiveMQPlatformReconciler - [helmvolu] Custom Resource Status ROLLING_RESTART - HiveMQ Platform is starting a surge Pod (rolling restart) (SURGE_IN_PROGRESS)
2025-01-30 18:32:48,404 INFO c.h.h.t.HelmChartContainer - [hivemq-test-hivemq-platform] [hivemq-platform-operator] [2f3f9aef] 18:32:48.400 [ReconcilerExecutor-hivemq-controller-139] DEBUG c.h.p.o.HiveMQPlatformReconciler - [helmvolu] Custom Resource Spec (replicas: 2) (extensions: 1)
2025-01-30 18:32:48,404 INFO c.h.h.t.HelmChartContainer - [hivemq-test-hivemq-platform] [hivemq-platform-operator] [2f3f9aef] 18:32:48.401 [ReconcilerExecutor-hivemq-controller-139] DEBUG c.h.p.o.HiveMQPlatformReconciler - [helmvolu] StatefulSet Status (revision: test-hivemq-platform-59475f86c9, replicas: 3, available: 2, ready: 2, current: 2, updated: 1)
2025-01-30 18:32:48,404 INFO c.h.h.t.HelmChartContainer - [hivemq-test-hivemq-platform] [hivemq-platform-operator] [2f3f9aef] 18:32:48.401 [ReconcilerExecutor-hivemq-controller-139] DEBUG c.h.p.o.HiveMQPlatformReconciler - [helmvolu] StatefulSet Spec (replicas: 3, init containers: 1, containers: 1, volumes: 4)
2025-01-30 18:32:48,405 INFO c.h.h.t.HelmChartContainer - [hivemq-test-hivemq-platform] [hivemq-platform-operator] [2f3f9aef] 18:32:48.402 [ReconcilerExecutor-hivemq-controller-139] DEBUG c.h.p.o.h.HiveMQPlatformReconcilerErrorHandler - [helmvolu] Pod 'test-hivemq-platform-2' phase Running
2025-01-30 18:32:48,405 INFO c.h.h.t.HelmChartContainer - [hivemq-test-hivemq-platform] [hivemq-platform-operator] [2f3f9aef] 18:32:48.403 [ReconcilerExecutor-hivemq-controller-139] DEBUG c.h.p.o.h.HiveMQPlatformReconcilerErrorHandler - [helmvolu] Pod 'test-hivemq-platform-1' phase Running
2025-01-30 18:32:48,407 INFO c.h.h.t.HelmChartContainer - [hivemq-test-hivemq-platform] [hivemq-platform-operator] [2f3f9aef] 18:32:48.406 [ReconcilerExecutor-hivemq-controller-139] DEBUG c.h.p.o.h.HiveMQPlatformReconcilerErrorHandler - [helmvolu] Pod 'test-hivemq-platform-0' phase Running
2025-01-30 18:32:48,407 INFO c.h.h.t.HelmChartContainer - [hivemq-test-hivemq-platform] [hivemq-platform-operator] [2f3f9aef] 18:32:48.407 [ReconcilerExecutor-hivemq-controller-139] DEBUG c.h.p.o.h.HiveMQPlatformReconcilerRollingRestartHandler - [helmvolu] Rolling restart is waiting for 2 of 3 replicas
2025-01-30 18:32:49,067 INFO c.h.h.t.HelmChartContainer - [test-hivemq-platform] [hivemq] [38b67c1e] INFO  - Audit Logger started.
2025-01-30 18:32:49,359 INFO c.h.h.t.HelmChartContainer - [test-hivemq-platform] [hivemq] [38b67c1e] INFO  - This node uses '1' CPU cores.
2025-01-30 18:32:49,364 INFO c.h.h.t.HelmChartContainer - [test-hivemq-platform] [hivemq] [38b67c1e] INFO  - Starting HiveMQ Health API on address 0.0.0.0 and port 8889
2025-01-30 18:32:50,062 INFO c.h.h.t.HelmChartContainer - [test-hivemq-platform] [hivemq] [38b67c1e] INFO  - Started HiveMQ Health API in 697ms
2025-01-30 18:32:50,147 INFO c.h.h.t.HelmChartContainer - [K3S] [info.go:53] Couldn't collect info from any of the files in "/etc/machine-id,/var/lib/dbus/machine-id"
2025-01-30 18:32:50,285 INFO c.h.h.t.HelmChartContainer - [K3S] [scope.go:117] "RemoveContainer" containerID="99c5d1e6c9f4cd4b8a56f1e001009f657a0763c42a76cae1be0c2084c08abd50"
2025-01-30 18:32:50,851 INFO c.h.h.t.HelmChartContainer - [test-hivemq-platform] [hivemq] [38b67c1e] INFO  - Starting HiveMQ extension system.
2025-01-30 18:32:51,060 INFO c.h.h.t.HelmChartContainer - [test-hivemq-platform] [hivemq] [38b67c1e] INFO  - Starting extension with id "hivemq-dns-cluster-discovery" at /opt/hivemq/extensions/hivemq-dns-cluster-discovery
2025-01-30 18:32:51,526 INFO c.h.h.t.HelmChartContainer - [test-hivemq-platform] [hivemq] [38b67c1e] INFO  - Extension "DNS Cluster Discovery Extension" version 4.3.2 started successfully.
2025-01-30 18:32:51,527 INFO c.h.h.t.HelmChartContainer - [test-hivemq-platform] [hivemq] [38b67c1e] INFO  - Starting extension with id "hivemq-prometheus-extension" at /opt/hivemq/extensions/hivemq-prometheus-extension
2025-01-30 18:32:51,659 INFO c.h.h.t.HelmChartContainer - [test-hivemq-platform] [hivemq] [38b67c1e] INFO  - Using TCP cluster transport on address 10.42.0.15 and port 7000
2025-01-30 18:32:51,755 INFO c.h.h.t.HelmChartContainer - [test-hivemq-platform] [hivemq] [38b67c1e] INFO  - Using extension cluster discovery
2025-01-30 18:32:52,561 INFO c.h.h.t.HelmChartContainer - [test-hivemq-platform] [hivemq] [38b67c1e] INFO  - Started Jetty Server exposing Prometheus Servlet on URI http://0.0.0.0:9399/
2025-01-30 18:32:52,561 INFO c.h.h.t.HelmChartContainer - [test-hivemq-platform] [hivemq] [38b67c1e] INFO  - Extension "Prometheus Monitoring Extension" version 4.0.12 started successfully.
2025-01-30 18:32:52,562 INFO c.h.h.t.HelmChartContainer - [test-hivemq-platform] [hivemq] [38b67c1e] INFO  - Starting extension with id "hivemq-allow-all-extension" at /opt/hivemq/extensions/hivemq-allow-all-extension
2025-01-30 18:32:52,563 INFO c.h.h.t.HelmChartContainer - [test-hivemq-platform] [hivemq] [38b67c1e] WARN  - 
2025-01-30 18:32:52,563 INFO c.h.h.t.HelmChartContainer - [test-hivemq-platform] [hivemq] [38b67c1e] ################################################################################################################
2025-01-30 18:32:52,563 INFO c.h.h.t.HelmChartContainer - [test-hivemq-platform] [hivemq] [38b67c1e] # This HiveMQ deployment is not secure! You are lacking Authentication and Authorization.                      #
2025-01-30 18:32:52,563 INFO c.h.h.t.HelmChartContainer - [test-hivemq-platform] [hivemq] [38b67c1e] # Right now any MQTT client can connect to the broker with a full set of permissions.                          #
2025-01-30 18:32:52,563 INFO c.h.h.t.HelmChartContainer - [test-hivemq-platform] [hivemq] [38b67c1e] # For production usage, add an appropriate security extension and remove the hivemq-allow-all extension.       #
2025-01-30 18:32:52,563 INFO c.h.h.t.HelmChartContainer - [test-hivemq-platform] [hivemq] [38b67c1e] # You can download security extensions from the HiveMQ Marketplace (https://www.hivemq.com/extensions/).       #
2025-01-30 18:32:52,563 INFO c.h.h.t.HelmChartContainer - [test-hivemq-platform] [hivemq] [38b67c1e] ################################################################################################################
2025-01-30 18:32:52,563 INFO c.h.h.t.HelmChartContainer - [test-hivemq-platform] [hivemq] [38b67c1e] INFO  - Extension "Allow All Extension" version 1.1.1 started successfully.
2025-01-30 18:32:52,654 INFO c.h.h.t.HelmChartContainer - [test-hivemq-platform] [hivemq] [82e05549] INFO  - Cluster nodes found by discovery: [iQ2xN|2] (3) [iQ2xN, dqUgT, IXwde].
2025-01-30 18:32:52,656 INFO c.h.h.t.HelmChartContainer - [test-hivemq-platform] [hivemq] [e3f97d6d] INFO  - Cluster nodes found by discovery: [iQ2xN|2] (3) [iQ2xN, dqUgT, IXwde].
2025-01-30 18:32:52,666 INFO c.h.h.t.HelmChartContainer - [test-hivemq-platform] [hivemq] [38b67c1e] INFO  - Cluster nodes found by discovery: [iQ2xN|2] (3) [iQ2xN, dqUgT, IXwde].
2025-01-30 18:32:52,773 INFO c.h.h.t.HelmChartContainer - [test-hivemq-platform] [hivemq] [38b67c1e] INFO  - Cluster size = 1, members : [dqUgT].
2025-01-30 18:32:52,855 INFO c.h.h.t.HelmChartContainer - [test-hivemq-platform] [hivemq] [38b67c1e] INFO  - Cluster size = 2, members : [dqUgT, iQ2xN].
2025-01-30 18:32:53,152 INFO c.h.h.t.HelmChartContainer - [test-hivemq-platform] [hivemq] [38b67c1e] INFO  - Starting cluster join process. This may take a while. Please do not shut down HiveMQ.
2025-01-30 18:32:53,155 INFO c.h.h.t.HelmChartContainer - [test-hivemq-platform] [hivemq] [38b67c1e] INFO  - Cluster join process is still ongoing. Please do not shut down HiveMQ.
2025-01-30 18:32:54,027 INFO c.h.h.t.HelmChartContainer - [test-hivemq-platform] [hivemq] [38b67c1e] INFO  - [HiveMQ Platform Operator Init App 1.7.0-SNAPSHOT] Returning Health API response 503 for readiness
2025-01-30 18:32:54,031 INFO c.h.h.t.HelmChartContainer - [EVENT] Warning [Unhealthy] Readiness probe failed: HTTP probe failed with statuscode: 503 [helmvolumeclaimtemplatesit:test-hivemq-platform-2]
2025-01-30 18:32:54,031 INFO c.h.h.t.HelmChartContainer - Received Unhealthy event for container hivemq in pod test-hivemq-platform-2 [38b67c1e-f02b-4da1-a826-d7cb17921229]
2025-01-30 18:32:55,161 INFO c.h.h.t.HelmChartContainer - [test-hivemq-platform] [hivemq] [82e05549] INFO  - Cluster size = 3, members : [dqUgT, IXwde, iQ2xN].
2025-01-30 18:32:55,169 INFO c.h.h.t.HelmChartContainer - [test-hivemq-platform] [hivemq] [e3f97d6d] INFO  - Cluster size = 3, members : [dqUgT, IXwde, iQ2xN].
2025-01-30 18:32:55,180 INFO c.h.h.t.HelmChartContainer - [test-hivemq-platform] [hivemq] [38b67c1e] INFO  - Cluster size = 3, members : [dqUgT, IXwde, iQ2xN].
2025-01-30 18:32:55,182 INFO c.h.h.t.HelmChartContainer - [test-hivemq-platform] [hivemq] [38b67c1e] INFO  - Finished cluster join process successfully.
2025-01-30 18:32:55,185 INFO c.h.h.t.HelmChartContainer - [test-hivemq-platform] [hivemq] [38b67c1e] WARN  - No user for HiveMQ Control Center configured. Starting with default user
2025-01-30 18:32:55,185 INFO c.h.h.t.HelmChartContainer - [test-hivemq-platform] [hivemq] [38b67c1e] INFO  - Starting HiveMQ Control Center on address 0.0.0.0 and port 8080
2025-01-30 18:32:55,253 INFO c.h.h.t.HelmChartContainer - [test-hivemq-platform] [hivemq] [38b67c1e] INFO  - Mounting HiveMQ Control Center V2 Preview
2025-01-30 18:32:55,959 INFO c.h.h.t.HelmChartContainer - [test-hivemq-platform] [hivemq] [38b67c1e] INFO  - Started HiveMQ Control Center in 776ms
2025-01-30 18:32:55,973 INFO c.h.h.t.HelmChartContainer - [test-hivemq-platform] [hivemq] [38b67c1e] INFO  - Starting TCP listener on address 0.0.0.0 and port 1884
2025-01-30 18:32:56,066 INFO c.h.h.t.HelmChartContainer - [test-hivemq-platform] [hivemq] [38b67c1e] INFO  - Started TCP Listener on address 0.0.0.0 and on port 1884.
2025-01-30 18:32:56,066 INFO c.h.h.t.HelmChartContainer - [test-hivemq-platform] [hivemq] [38b67c1e] INFO  - Started HiveMQ in 27596ms
2025-01-30 18:32:58,179 INFO c.h.h.t.HelmChartContainer - [test-hivemq-platform] [hivemq] [38b67c1e] INFO  - [HiveMQ Platform Operator Init App 1.7.0-SNAPSHOT] Returning Health API response 200 for readiness
2025-01-30 18:32:58,198 INFO c.h.h.t.HelmChartContainer - [POD] test-hivemq-platform-2 [38b67c1e-f02b-4da1-a826-d7cb17921229] in helmvolumeclaimtemplatesit was MODIFIED
2025-01-30 18:32:58,204 INFO c.h.h.t.HelmChartContainer - [hivemq-test-hivemq-platform] [hivemq-platform-operator] [2f3f9aef] 18:32:58.194 [pool-6-thread-11] DEBUG c.h.p.o.d.PlatformServiceResource - [helmvolu] Desired Platform services (3 services)
2025-01-30 18:32:58,204 INFO c.h.h.t.HelmChartContainer - [hivemq-test-hivemq-platform] [hivemq-platform-operator] [2f3f9aef] 18:32:58.198 [pool-6-thread-14] DEBUG c.h.p.o.dependants.PodInfoConfigMap - [helmvolu] Desired PodInfo ConfigMap (1 extensions) (1 enabled)
2025-01-30 18:32:58,204 INFO c.h.h.t.HelmChartContainer - [hivemq-test-hivemq-platform] [hivemq-platform-operator] [2f3f9aef] 18:32:58.198 [pool-6-thread-14] DEBUG c.h.p.o.dependants.PodInfoConfigMap - [helmvolu] Desired PodInfo ConfigMap (metrics port: 9399) (metrics path: /)
2025-01-30 18:32:58,204 INFO c.h.h.t.HelmChartContainer - [hivemq-test-hivemq-platform] [hivemq-platform-operator] [2f3f9aef] 18:32:58.198 [pool-6-thread-14] DEBUG c.h.p.o.dependants.PodInfoConfigMap - [helmvolu] Desired PodInfo ConfigMap (extension state hash: -1817474005)
2025-01-30 18:32:58,204 INFO c.h.h.t.HelmChartContainer - [hivemq-test-hivemq-platform] [hivemq-platform-operator] [2f3f9aef] 18:32:58.199 [pool-6-thread-20] DEBUG c.h.p.o.d.PodServiceAccountResource - [helmvolu] Desired PodServiceAccountResource (serviceAccountName: hivemq-platform-pod-test-hivemq-platform)
2025-01-30 18:32:58,211 INFO c.h.h.t.HelmChartContainer - [hivemq-test-hivemq-platform] [hivemq-platform-operator] [2f3f9aef] 18:32:58.207 [pool-6-thread-15] DEBUG c.h.p.o.d.StatefulSetResource - [helmvolu] Desired StatefulSet (3 replicas) for status ROLLING_RESTART (SURGE_IN_PROGRESS)
2025-01-30 18:32:58,215 INFO c.h.h.t.HelmChartContainer - [hivemq-test-hivemq-platform] [hivemq-platform-operator] [2f3f9aef] 18:32:58.212 [ReconcilerExecutor-hivemq-controller-140] INFO  c.h.p.o.HiveMQPlatformReconciler - [helmvolu] Reconciling HiveMQ Platform 'test-hivemq-platform' in namespace 'helmvolumeclaimtemplatesit'
2025-01-30 18:32:58,215 INFO c.h.h.t.HelmChartContainer - [hivemq-test-hivemq-platform] [hivemq-platform-operator] [2f3f9aef] 18:32:58.213 [ReconcilerExecutor-hivemq-controller-140] DEBUG c.h.p.o.HiveMQPlatformReconciler - [helmvolu] Custom Resource Status ROLLING_RESTART - HiveMQ Platform is starting a surge Pod (rolling restart) (SURGE_IN_PROGRESS)
2025-01-30 18:32:58,215 INFO c.h.h.t.HelmChartContainer - [hivemq-test-hivemq-platform] [hivemq-platform-operator] [2f3f9aef] 18:32:58.213 [ReconcilerExecutor-hivemq-controller-140] DEBUG c.h.p.o.HiveMQPlatformReconciler - [helmvolu] Custom Resource Spec (replicas: 2) (extensions: 1)
2025-01-30 18:32:58,216 INFO c.h.h.t.HelmChartContainer - [hivemq-test-hivemq-platform] [hivemq-platform-operator] [2f3f9aef] 18:32:58.214 [ReconcilerExecutor-hivemq-controller-140] DEBUG c.h.p.o.HiveMQPlatformReconciler - [helmvolu] StatefulSet Status (revision: test-hivemq-platform-59475f86c9, replicas: 3, available: 3, ready: 3, current: 2, updated: 1)
2025-01-30 18:32:58,216 INFO c.h.h.t.HelmChartContainer - [hivemq-test-hivemq-platform] [hivemq-platform-operator] [2f3f9aef] 18:32:58.214 [ReconcilerExecutor-hivemq-controller-140] DEBUG c.h.p.o.HiveMQPlatformReconciler - [helmvolu] StatefulSet Spec (replicas: 3, init containers: 1, containers: 1, volumes: 4)
2025-01-30 18:32:58,216 INFO c.h.h.t.HelmChartContainer - [hivemq-test-hivemq-platform] [hivemq-platform-operator] [2f3f9aef] 18:32:58.216 [ReconcilerExecutor-hivemq-controller-140] DEBUG c.h.p.o.h.HiveMQPlatformReconcilerErrorHandler - [helmvolu] Pod 'test-hivemq-platform-2' phase Running
2025-01-30 18:32:58,218 INFO c.h.h.t.HelmChartContainer - [hivemq-test-hivemq-platform] [hivemq-platform-operator] [2f3f9aef] 18:32:58.216 [ReconcilerExecutor-hivemq-controller-140] DEBUG c.h.p.o.h.HiveMQPlatformReconcilerErrorHandler - [helmvolu] Pod 'test-hivemq-platform-1' phase Running
2025-01-30 18:32:58,218 INFO c.h.h.t.HelmChartContainer - [hivemq-test-hivemq-platform] [hivemq-platform-operator] [2f3f9aef] 18:32:58.217 [ReconcilerExecutor-hivemq-controller-140] DEBUG c.h.p.o.h.HiveMQPlatformReconcilerErrorHandler - [helmvolu] Pod 'test-hivemq-platform-0' phase Running
2025-01-30 18:32:58,219 INFO c.h.h.t.HelmChartContainer - [hivemq-test-hivemq-platform] [hivemq-platform-operator] [2f3f9aef] 18:32:58.218 [ReconcilerExecutor-hivemq-controller-140] INFO  c.h.p.o.h.HiveMQPlatformReconcilerRollingRestartHandler - [helmvolu] Surge Pod started successfully
2025-01-30 18:32:58,281 INFO c.h.h.t.HelmChartContainer - [hivemq-test-hivemq-platform] [hivemq-platform-operator] [2f3f9aef] 18:32:58.280 [ReconcilerExecutor-hivemq-controller-140] DEBUG c.h.p.operator.event.EventSender - [helmvolu] Creating K8s event rolling-restart-surge-in-progress: [RollingRestart] HiveMQ Platform is restarting Pods (rolling restart)
2025-01-30 18:32:58,285 INFO c.h.h.t.HelmChartContainer - [EVENT] Normal [RollingRestart] HiveMQ Platform is restarting Pods (rolling restart) [helmvolumeclaimtemplatesit:test-hivemq-platform]
2025-01-30 18:32:58,286 INFO c.h.h.t.HelmChartContainer - [hivemq-test-hivemq-platform] [hivemq-platform-operator] [2f3f9aef] 18:32:58.285 [ReconcilerExecutor-hivemq-controller-140] INFO  c.h.p.o.h.AbstractHiveMQReconcilerStateHandler - [helmvolu] Update HiveMQ Platform Status (ROLLING_RESTART [SURGE_IN_PROGRESS] -> ROLLING_RESTART [RESTART_PODS_IN_PROGRESS]): HiveMQ Platform is restarting Pods (rolling restart)
2025-01-30 18:32:58,374 DEBUG com.hivemq.helmcharts.util.K8sUtil - Comparing actual state 'ROLLING_RESTART' and waiting for 'RUNNING'
2025-01-30 18:32:58,378 INFO c.h.h.t.HelmChartContainer - [hivemq-test-hivemq-platform] [hivemq-platform-operator] [2f3f9aef] 18:32:58.376 [pool-6-thread-28] DEBUG c.h.p.o.d.PlatformServiceResource - [helmvolu] Desired Platform services (3 services)
2025-01-30 18:32:58,378 INFO c.h.h.t.HelmChartContainer - [hivemq-test-hivemq-platform] [hivemq-platform-operator] [2f3f9aef] 18:32:58.377 [pool-6-thread-29] DEBUG c.h.p.o.dependants.PodInfoConfigMap - [helmvolu] Desired PodInfo ConfigMap (1 extensions) (1 enabled)
2025-01-30 18:32:58,380 INFO c.h.h.t.HelmChartContainer - [hivemq-test-hivemq-platform] [hivemq-platform-operator] [2f3f9aef] 18:32:58.377 [pool-6-thread-29] DEBUG c.h.p.o.dependants.PodInfoConfigMap - [helmvolu] Desired PodInfo ConfigMap (metrics port: 9399) (metrics path: /)
2025-01-30 18:32:58,380 INFO c.h.h.t.HelmChartContainer - [hivemq-test-hivemq-platform] [hivemq-platform-operator] [2f3f9aef] 18:32:58.377 [pool-6-thread-29] DEBUG c.h.p.o.dependants.PodInfoConfigMap - [helmvolu] Desired PodInfo ConfigMap (extension state hash: -1817474005)
2025-01-30 18:32:58,380 INFO c.h.h.t.HelmChartContainer - [hivemq-test-hivemq-platform] [hivemq-platform-operator] [2f3f9aef] 18:32:58.379 [pool-6-thread-23] DEBUG c.h.p.o.d.PodServiceAccountResource - [helmvolu] Desired PodServiceAccountResource (serviceAccountName: hivemq-platform-pod-test-hivemq-platform)
2025-01-30 18:32:58,385 INFO c.h.h.t.HelmChartContainer - [hivemq-test-hivemq-platform] [hivemq-platform-operator] [2f3f9aef] 18:32:58.384 [pool-6-thread-28] DEBUG c.h.p.o.d.StatefulSetResource - [helmvolu] Desired StatefulSet (3 replicas) for status ROLLING_RESTART (RESTART_PODS_IN_PROGRESS)
2025-01-30 18:32:58,388 INFO c.h.h.t.HelmChartContainer - [hivemq-test-hivemq-platform] [hivemq-platform-operator] [2f3f9aef] 18:32:58.387 [ReconcilerExecutor-hivemq-controller-141] INFO  c.h.p.o.HiveMQPlatformReconciler - [helmvolu] Reconciling HiveMQ Platform 'test-hivemq-platform' in namespace 'helmvolumeclaimtemplatesit'
2025-01-30 18:32:58,389 INFO c.h.h.t.HelmChartContainer - [hivemq-test-hivemq-platform] [hivemq-platform-operator] [2f3f9aef] 18:32:58.387 [ReconcilerExecutor-hivemq-controller-141] DEBUG c.h.p.o.HiveMQPlatformReconciler - [helmvolu] Custom Resource Status ROLLING_RESTART - HiveMQ Platform is restarting Pods (rolling restart) (RESTART_PODS_IN_PROGRESS)
2025-01-30 18:32:58,390 INFO c.h.h.t.HelmChartContainer - [hivemq-test-hivemq-platform] [hivemq-platform-operator] [2f3f9aef] 18:32:58.387 [ReconcilerExecutor-hivemq-controller-141] DEBUG c.h.p.o.HiveMQPlatformReconciler - [helmvolu] Custom Resource Spec (replicas: 2) (extensions: 1)
2025-01-30 18:32:58,390 INFO c.h.h.t.HelmChartContainer - [hivemq-test-hivemq-platform] [hivemq-platform-operator] [2f3f9aef] 18:32:58.388 [ReconcilerExecutor-hivemq-controller-141] DEBUG c.h.p.o.HiveMQPlatformReconciler - [helmvolu] StatefulSet Status (revision: test-hivemq-platform-59475f86c9, replicas: 3, available: 3, ready: 3, current: 2, updated: 1)
2025-01-30 18:32:58,390 INFO c.h.h.t.HelmChartContainer - [hivemq-test-hivemq-platform] [hivemq-platform-operator] [2f3f9aef] 18:32:58.388 [ReconcilerExecutor-hivemq-controller-141] DEBUG c.h.p.o.HiveMQPlatformReconciler - [helmvolu] StatefulSet Spec (replicas: 3, init containers: 1, containers: 1, volumes: 4)
2025-01-30 18:32:58,390 INFO c.h.h.t.HelmChartContainer - [hivemq-test-hivemq-platform] [hivemq-platform-operator] [2f3f9aef] 18:32:58.389 [ReconcilerExecutor-hivemq-controller-141] DEBUG c.h.p.o.h.HiveMQPlatformReconcilerErrorHandler - [helmvolu] Pod 'test-hivemq-platform-2' phase Running
2025-01-30 18:32:58,390 INFO c.h.h.t.HelmChartContainer - [hivemq-test-hivemq-platform] [hivemq-platform-operator] [2f3f9aef] 18:32:58.390 [ReconcilerExecutor-hivemq-controller-141] DEBUG c.h.p.o.h.HiveMQPlatformReconcilerErrorHandler - [helmvolu] Pod 'test-hivemq-platform-1' phase Running
2025-01-30 18:32:58,468 INFO c.h.h.t.HelmChartContainer - [hivemq-test-hivemq-platform] [hivemq-platform-operator] [2f3f9aef] 18:32:58.467 [ReconcilerExecutor-hivemq-controller-141] DEBUG c.h.p.o.h.HiveMQPlatformReconcilerErrorHandler - [helmvolu] Pod 'test-hivemq-platform-0' phase Running
2025-01-30 18:32:58,473 INFO c.h.h.t.HelmChartContainer - [hivemq-test-hivemq-platform] [hivemq-platform-operator] [2f3f9aef] 18:32:58.472 [ReconcilerExecutor-hivemq-controller-141] DEBUG c.h.p.o.h.HiveMQPlatformReconcilerRollingRestartHandler - [helmvolu] Skipping Pod test-hivemq-platform-2 as it's already on the controller update revision (update revision: test-hivemq-platform-59475f86c9, pod revision: test-hivemq-platform-59475f86c9)
2025-01-30 18:32:58,485 INFO c.h.h.t.HelmChartContainer - [hivemq-test-hivemq-platform] [hivemq-platform-operator] [2f3f9aef] 18:32:58.483 [ReconcilerExecutor-hivemq-controller-141] DEBUG c.h.p.o.h.HiveMQPlatformReconcilerRollingRestartHandler - [helmvolu] The last Pod is running for 54 seconds, the next Pod can be restarted
2025-01-30 18:32:58,485 INFO c.h.h.t.HelmChartContainer - [hivemq-test-hivemq-platform] [hivemq-platform-operator] [2f3f9aef] 18:32:58.484 [ReconcilerExecutor-hivemq-controller-141] INFO  c.h.p.o.h.HiveMQPlatformReconcilerRollingRestartHandler - [helmvolu] Restarting Pod test-hivemq-platform-1 as it's not matching the controller update revision (update revision: test-hivemq-platform-59475f86c9, pod revision: test-hivemq-platform-6c7bb94cbd)
2025-01-30 18:32:58,577 INFO c.h.h.t.HelmChartContainer - [POD] test-hivemq-platform-1 [e3f97d6d-f52b-43f9-851b-85ba8d199743] in helmvolumeclaimtemplatesit was MODIFIED
2025-01-30 18:32:58,582 INFO c.h.h.t.HelmChartContainer - [EVENT] Normal [Killing] Stopping container hivemq [helmvolumeclaimtemplatesit:test-hivemq-platform-1]
2025-01-30 18:32:58,584 INFO c.h.h.t.HelmChartContainer - Received Killing event for container hivemq in pod test-hivemq-platform-1 [e3f97d6d-f52b-43f9-851b-85ba8d199743]
2025-01-30 18:32:58,584 INFO c.h.h.t.HelmChartContainer - Container [test-hivemq-platform-1] [hivemq] [e3f97d6d-f52b-43f9-851b-85ba8d199743] was terminated
2025-01-30 18:32:58,585 INFO c.h.h.t.HelmChartContainer - Stopped log watcher for hivemq in pod test-hivemq-platform-1 [e3f97d6d-f52b-43f9-851b-85ba8d199743]
2025-01-30 18:32:58,596 INFO c.h.h.t.HelmChartContainer - [hivemq-test-hivemq-platform] [hivemq-platform-operator] [2f3f9aef] 18:32:58.594 [pool-6-thread-40] DEBUG c.h.p.o.d.PlatformServiceResource - [helmvolu] Desired Platform services (3 services)
2025-01-30 18:32:58,598 INFO c.h.h.t.HelmChartContainer - [test-hivemq-platform] [hivemq] [e3f97d6d] INFO  - [HiveMQ Platform Operator Init App 1.7.0-SNAPSHOT] Shutting down
2025-01-30 18:32:58,598 INFO c.h.h.t.HelmChartContainer - [test-hivemq-platform] [hivemq] [e3f97d6d] INFO  - [HiveMQ Platform Operator Init App 1.7.0-SNAPSHOT] Stopping the HiveMQ Platform
2025-01-30 18:32:58,600 INFO c.h.h.t.HelmChartContainer - [hivemq-test-hivemq-platform] [hivemq-platform-operator] [2f3f9aef] 18:32:58.598 [pool-6-thread-32] DEBUG c.h.p.o.dependants.PodInfoConfigMap - [helmvolu] Desired PodInfo ConfigMap (1 extensions) (1 enabled)
2025-01-30 18:32:58,600 INFO c.h.h.t.HelmChartContainer - [hivemq-test-hivemq-platform] [hivemq-platform-operator] [2f3f9aef] 18:32:58.598 [pool-6-thread-32] DEBUG c.h.p.o.dependants.PodInfoConfigMap - [helmvolu] Desired PodInfo ConfigMap (metrics port: 9399) (metrics path: /)
2025-01-30 18:32:58,600 INFO c.h.h.t.HelmChartContainer - [hivemq-test-hivemq-platform] [hivemq-platform-operator] [2f3f9aef] 18:32:58.598 [pool-6-thread-32] DEBUG c.h.p.o.dependants.PodInfoConfigMap - [helmvolu] Desired PodInfo ConfigMap (extension state hash: -1817474005)
2025-01-30 18:32:58,601 INFO c.h.h.t.HelmChartContainer - [hivemq-test-hivemq-platform] [hivemq-platform-operator] [2f3f9aef] 18:32:58.599 [pool-6-thread-33] DEBUG c.h.p.o.d.PodServiceAccountResource - [helmvolu] Desired PodServiceAccountResource (serviceAccountName: hivemq-platform-pod-test-hivemq-platform)
2025-01-30 18:32:58,671 INFO c.h.h.t.HelmChartContainer - [hivemq-test-hivemq-platform] [hivemq-platform-operator] [2f3f9aef] 18:32:58.670 [pool-6-thread-35] DEBUG c.h.p.o.d.StatefulSetResource - [helmvolu] Desired StatefulSet (3 replicas) for status ROLLING_RESTART (RESTART_PODS_IN_PROGRESS)
2025-01-30 18:32:58,676 INFO c.h.h.t.HelmChartContainer - [hivemq-test-hivemq-platform] [hivemq-platform-operator] [2f3f9aef] 18:32:58.673 [ReconcilerExecutor-hivemq-controller-142] INFO  c.h.p.o.HiveMQPlatformReconciler - [helmvolu] Reconciling HiveMQ Platform 'test-hivemq-platform' in namespace 'helmvolumeclaimtemplatesit'
2025-01-30 18:32:58,676 INFO c.h.h.t.HelmChartContainer - [hivemq-test-hivemq-platform] [hivemq-platform-operator] [2f3f9aef] 18:32:58.673 [ReconcilerExecutor-hivemq-controller-142] DEBUG c.h.p.o.HiveMQPlatformReconciler - [helmvolu] Custom Resource Status ROLLING_RESTART - HiveMQ Platform is restarting Pods (rolling restart) (RESTART_PODS_IN_PROGRESS)
2025-01-30 18:32:58,676 INFO c.h.h.t.HelmChartContainer - [hivemq-test-hivemq-platform] [hivemq-platform-operator] [2f3f9aef] 18:32:58.673 [ReconcilerExecutor-hivemq-controller-142] DEBUG c.h.p.o.HiveMQPlatformReconciler - [helmvolu] Custom Resource Spec (replicas: 2) (extensions: 1)
2025-01-30 18:32:58,676 INFO c.h.h.t.HelmChartContainer - [hivemq-test-hivemq-platform] [hivemq-platform-operator] [2f3f9aef] 18:32:58.674 [ReconcilerExecutor-hivemq-controller-142] DEBUG c.h.p.o.HiveMQPlatformReconciler - [helmvolu] StatefulSet Status (revision: test-hivemq-platform-59475f86c9, replicas: 3, available: 3, ready: 3, current: 1, updated: 1)
2025-01-30 18:32:58,676 INFO c.h.h.t.HelmChartContainer - [hivemq-test-hivemq-platform] [hivemq-platform-operator] [2f3f9aef] 18:32:58.674 [ReconcilerExecutor-hivemq-controller-142] DEBUG c.h.p.o.HiveMQPlatformReconciler - [helmvolu] StatefulSet Spec (replicas: 3, init containers: 1, containers: 1, volumes: 4)
2025-01-30 18:32:58,677 INFO c.h.h.t.HelmChartContainer - [hivemq-test-hivemq-platform] [hivemq-platform-operator] [2f3f9aef] 18:32:58.675 [ReconcilerExecutor-hivemq-controller-142] DEBUG c.h.p.o.h.HiveMQPlatformReconcilerErrorHandler - [helmvolu] Pod 'test-hivemq-platform-2' phase Running
2025-01-30 18:32:58,679 INFO c.h.h.t.HelmChartContainer - [hivemq-test-hivemq-platform] [hivemq-platform-operator] [2f3f9aef] 18:32:58.677 [ReconcilerExecutor-hivemq-controller-142] DEBUG c.h.p.o.h.HiveMQPlatformReconcilerErrorHandler - [helmvolu] Pod 'test-hivemq-platform-1' phase Running
2025-01-30 18:32:58,679 INFO c.h.h.t.HelmChartContainer - [hivemq-test-hivemq-platform] [hivemq-platform-operator] [2f3f9aef] 18:32:58.679 [ReconcilerExecutor-hivemq-controller-142] DEBUG c.h.p.o.h.HiveMQPlatformReconcilerErrorHandler - [helmvolu] Pod 'test-hivemq-platform-0' phase Running
2025-01-30 18:32:58,686 INFO c.h.h.t.HelmChartContainer - [hivemq-test-hivemq-platform] [hivemq-platform-operator] [2f3f9aef] 18:32:58.684 [ReconcilerExecutor-hivemq-controller-142] DEBUG c.h.p.o.h.HiveMQPlatformReconcilerRollingRestartHandler - [helmvolu] Skipping Pod test-hivemq-platform-2 as it's already on the controller update revision (update revision: test-hivemq-platform-59475f86c9, pod revision: test-hivemq-platform-59475f86c9)
2025-01-30 18:32:58,720 INFO c.h.h.t.HelmChartContainer - [test-hivemq-platform] [hivemq] [e3f97d6d] INFO  - Shutting down HiveMQ. Please wait, this could take a while...
2025-01-30 18:32:58,769 INFO c.h.h.t.HelmChartContainer - [hivemq-test-hivemq-platform] [hivemq-platform-operator] [2f3f9aef] 18:32:58.769 [ReconcilerExecutor-hivemq-controller-142] DEBUG c.h.p.o.h.HiveMQPlatformReconcilerRollingRestartHandler - [helmvolu] The last Pod is running for 54 seconds, the next Pod can be restarted
2025-01-30 18:32:58,770 INFO c.h.h.t.HelmChartContainer - [hivemq-test-hivemq-platform] [hivemq-platform-operator] [2f3f9aef] 18:32:58.769 [ReconcilerExecutor-hivemq-controller-142] INFO  c.h.p.o.h.HiveMQPlatformReconcilerRollingRestartHandler - [helmvolu] Restarting Pod test-hivemq-platform-1 as it's not matching the controller update revision (update revision: test-hivemq-platform-59475f86c9, pod revision: test-hivemq-platform-6c7bb94cbd)
2025-01-30 18:32:58,778 INFO c.h.h.t.HelmChartContainer - [hivemq-test-hivemq-platform] [hivemq-platform-operator] [2f3f9aef] 18:32:58.777 [pool-6-thread-50] DEBUG c.h.p.o.d.PlatformServiceResource - [helmvolu] Desired Platform services (3 services)
2025-01-30 18:32:58,779 INFO c.h.h.t.HelmChartContainer - [hivemq-test-hivemq-platform] [hivemq-platform-operator] [2f3f9aef] 18:32:58.777 [pool-6-thread-42] DEBUG c.h.p.o.dependants.PodInfoConfigMap - [helmvolu] Desired PodInfo ConfigMap (1 extensions) (1 enabled)
2025-01-30 18:32:58,779 INFO c.h.h.t.HelmChartContainer - [hivemq-test-hivemq-platform] [hivemq-platform-operator] [2f3f9aef] 18:32:58.777 [pool-6-thread-42] DEBUG c.h.p.o.dependants.PodInfoConfigMap - [helmvolu] Desired PodInfo ConfigMap (metrics port: 9399) (metrics path: /)
2025-01-30 18:32:58,779 INFO c.h.h.t.HelmChartContainer - [hivemq-test-hivemq-platform] [hivemq-platform-operator] [2f3f9aef] 18:32:58.777 [pool-6-thread-42] DEBUG c.h.p.o.dependants.PodInfoConfigMap - [helmvolu] Desired PodInfo ConfigMap (extension state hash: -1817474005)
2025-01-30 18:32:58,780 INFO c.h.h.t.HelmChartContainer - [hivemq-test-hivemq-platform] [hivemq-platform-operator] [2f3f9aef] 18:32:58.780 [pool-6-thread-41] DEBUG c.h.p.o.d.PodServiceAccountResource - [helmvolu] Desired PodServiceAccountResource (serviceAccountName: hivemq-platform-pod-test-hivemq-platform)
2025-01-30 18:32:58,784 INFO c.h.h.t.HelmChartContainer - [hivemq-test-hivemq-platform] [hivemq-platform-operator] [2f3f9aef] 18:32:58.783 [pool-6-thread-50] DEBUG c.h.p.o.d.StatefulSetResource - [helmvolu] Desired StatefulSet (3 replicas) for status ROLLING_RESTART (RESTART_PODS_IN_PROGRESS)
2025-01-30 18:32:58,787 INFO c.h.h.t.HelmChartContainer - [hivemq-test-hivemq-platform] [hivemq-platform-operator] [2f3f9aef] 18:32:58.786 [ReconcilerExecutor-hivemq-controller-143] INFO  c.h.p.o.HiveMQPlatformReconciler - [helmvolu] Reconciling HiveMQ Platform 'test-hivemq-platform' in namespace 'helmvolumeclaimtemplatesit'
2025-01-30 18:32:58,787 INFO c.h.h.t.HelmChartContainer - [hivemq-test-hivemq-platform] [hivemq-platform-operator] [2f3f9aef] 18:32:58.786 [ReconcilerExecutor-hivemq-controller-143] DEBUG c.h.p.o.HiveMQPlatformReconciler - [helmvolu] Custom Resource Status ROLLING_RESTART - HiveMQ Platform is restarting Pods (rolling restart) (RESTART_PODS_IN_PROGRESS)
2025-01-30 18:32:58,787 INFO c.h.h.t.HelmChartContainer - [hivemq-test-hivemq-platform] [hivemq-platform-operator] [2f3f9aef] 18:32:58.786 [ReconcilerExecutor-hivemq-controller-143] DEBUG c.h.p.o.HiveMQPlatformReconciler - [helmvolu] Custom Resource Spec (replicas: 2) (extensions: 1)
2025-01-30 18:32:58,788 INFO c.h.h.t.HelmChartContainer - [hivemq-test-hivemq-platform] [hivemq-platform-operator] [2f3f9aef] 18:32:58.787 [ReconcilerExecutor-hivemq-controller-143] DEBUG c.h.p.o.HiveMQPlatformReconciler - [helmvolu] StatefulSet Status (revision: test-hivemq-platform-59475f86c9, replicas: 3, available: 3, ready: 3, current: 1, updated: 1)
2025-01-30 18:32:58,788 INFO c.h.h.t.HelmChartContainer - [hivemq-test-hivemq-platform] [hivemq-platform-operator] [2f3f9aef] 18:32:58.787 [ReconcilerExecutor-hivemq-controller-143] DEBUG c.h.p.o.HiveMQPlatformReconciler - [helmvolu] StatefulSet Spec (replicas: 3, init containers: 1, containers: 1, volumes: 4)
2025-01-30 18:32:58,789 INFO c.h.h.t.HelmChartContainer - [hivemq-test-hivemq-platform] [hivemq-platform-operator] [2f3f9aef] 18:32:58.788 [ReconcilerExecutor-hivemq-controller-143] DEBUG c.h.p.o.h.HiveMQPlatformReconcilerErrorHandler - [helmvolu] Pod 'test-hivemq-platform-2' phase Running
2025-01-30 18:32:58,790 INFO c.h.h.t.HelmChartContainer - [hivemq-test-hivemq-platform] [hivemq-platform-operator] [2f3f9aef] 18:32:58.789 [ReconcilerExecutor-hivemq-controller-143] DEBUG c.h.p.o.h.HiveMQPlatformReconcilerErrorHandler - [helmvolu] Pod 'test-hivemq-platform-1' phase Running
2025-01-30 18:32:58,791 INFO c.h.h.t.HelmChartContainer - [hivemq-test-hivemq-platform] [hivemq-platform-operator] [2f3f9aef] 18:32:58.790 [ReconcilerExecutor-hivemq-controller-143] DEBUG c.h.p.o.h.HiveMQPlatformReconcilerErrorHandler - [helmvolu] Pod 'test-hivemq-platform-0' phase Running
2025-01-30 18:32:58,803 INFO c.h.h.t.HelmChartContainer - [test-hivemq-platform] [hivemq] [e3f97d6d] INFO  - Shutting down listeners and clients
2025-01-30 18:32:58,803 INFO c.h.h.t.HelmChartContainer - [test-hivemq-platform] [hivemq] [e3f97d6d] INFO  - Shutdown of listeners is done
2025-01-30 18:32:58,804 INFO c.h.h.t.HelmChartContainer - [test-hivemq-platform] [hivemq] [e3f97d6d] INFO  - No clients are connected, proceeding with shutdown
2025-01-30 18:32:58,870 INFO c.h.h.t.HelmChartContainer - [hivemq-test-hivemq-platform] [hivemq-platform-operator] [2f3f9aef] 18:32:58.868 [ReconcilerExecutor-hivemq-controller-143] DEBUG c.h.p.o.h.HiveMQPlatformReconcilerRollingRestartHandler - [helmvolu] Skipping Pod test-hivemq-platform-2 as it's already on the controller update revision (update revision: test-hivemq-platform-59475f86c9, pod revision: test-hivemq-platform-59475f86c9)
2025-01-30 18:32:58,881 INFO c.h.h.t.HelmChartContainer - [hivemq-test-hivemq-platform] [hivemq-platform-operator] [2f3f9aef] 18:32:58.880 [ReconcilerExecutor-hivemq-controller-143] DEBUG c.h.p.o.h.HiveMQPlatformReconcilerRollingRestartHandler - [helmvolu] The last Pod is running for 54 seconds, the next Pod can be restarted
2025-01-30 18:32:58,881 INFO c.h.h.t.HelmChartContainer - [hivemq-test-hivemq-platform] [hivemq-platform-operator] [2f3f9aef] 18:32:58.880 [ReconcilerExecutor-hivemq-controller-143] INFO  c.h.p.o.h.HiveMQPlatformReconcilerRollingRestartHandler - [helmvolu] Restarting Pod test-hivemq-platform-1 as it's not matching the controller update revision (update revision: test-hivemq-platform-59475f86c9, pod revision: test-hivemq-platform-6c7bb94cbd)
2025-01-30 18:33:01,523 INFO c.h.h.t.HelmChartContainer - [test-hivemq-platform] [hivemq] [e3f97d6d] INFO  - Shutting down extension system
2025-01-30 18:33:01,525 INFO c.h.h.t.HelmChartContainer - [test-hivemq-platform] [hivemq] [e3f97d6d] INFO  - Stopping extension with id hivemq-dns-cluster-discovery
2025-01-30 18:33:01,526 INFO c.h.h.t.HelmChartContainer - [test-hivemq-platform] [hivemq] [e3f97d6d] INFO  - Extension "DNS Cluster Discovery Extension" version 4.3.2 stopped successfully.
2025-01-30 18:33:01,526 INFO c.h.h.t.HelmChartContainer - [test-hivemq-platform] [hivemq] [e3f97d6d] INFO  - Stopping extension with id hivemq-prometheus-extension
2025-01-30 18:33:01,531 INFO c.h.h.t.HelmChartContainer - [test-hivemq-platform] [hivemq] [e3f97d6d] INFO  - Extension "Prometheus Monitoring Extension" version 4.0.12 stopped successfully.
2025-01-30 18:33:01,531 INFO c.h.h.t.HelmChartContainer - [test-hivemq-platform] [hivemq] [e3f97d6d] INFO  - Stopping extension with id hivemq-allow-all-extension
2025-01-30 18:33:01,531 INFO c.h.h.t.HelmChartContainer - [test-hivemq-platform] [hivemq] [e3f97d6d] INFO  - Extension "Allow All Extension" version 1.1.1 stopped successfully.
2025-01-30 18:33:01,539 INFO c.h.h.t.HelmChartContainer - [test-hivemq-platform] [hivemq] [82e05549] INFO  - Cluster nodes found by discovery: [iQ2xN|3] (2) [iQ2xN, IXwde].
2025-01-30 18:33:01,540 INFO c.h.h.t.HelmChartContainer - [test-hivemq-platform] [hivemq] [82e05549] INFO  - Cluster size = 2, members : [IXwde, iQ2xN].
2025-01-30 18:33:01,545 INFO c.h.h.t.HelmChartContainer - [test-hivemq-platform] [hivemq] [82e05549] INFO  - Starting cluster replication process. This may take a while. Please do not shut down HiveMQ.
2025-01-30 18:33:01,546 INFO c.h.h.t.HelmChartContainer - [test-hivemq-platform] [hivemq] [38b67c1e] INFO  - Cluster nodes found by discovery: [iQ2xN|3] (2) [iQ2xN, IXwde].
2025-01-30 18:33:01,559 INFO c.h.h.t.HelmChartContainer - [test-hivemq-platform] [hivemq] [38b67c1e] INFO  - Cluster size = 2, members : [IXwde, iQ2xN].
2025-01-30 18:33:01,563 INFO c.h.h.t.HelmChartContainer - [test-hivemq-platform] [hivemq] [38b67c1e] INFO  - Starting cluster replication process. This may take a while. Please do not shut down HiveMQ.
2025-01-30 18:33:01,863 INFO c.h.h.t.HelmChartContainer - [test-hivemq-platform] [hivemq] [82e05549] INFO  - Finished cluster replication successfully in 318 ms.
2025-01-30 18:33:01,956 INFO c.h.h.t.HelmChartContainer - [test-hivemq-platform] [hivemq] [38b67c1e] INFO  - Finished cluster replication successfully in 392 ms.
2025-01-30 18:33:02,511 INFO c.h.h.t.HelmChartContainer - [test-hivemq-platform] [hivemq] [e3f97d6d] INFO  - [HiveMQ Platform Operator Init App 1.7.0-SNAPSHOT] Returning shutdown Health API response 503 for readiness
2025-01-30 18:33:02,516 INFO c.h.h.t.HelmChartContainer - [EVENT] Warning [Unhealthy] Readiness probe failed: HTTP probe failed with statuscode: 503 [helmvolumeclaimtemplatesit:test-hivemq-platform-1]
2025-01-30 18:33:02,516 INFO c.h.h.t.HelmChartContainer - Received Unhealthy event for container hivemq in pod test-hivemq-platform-1 [e3f97d6d-f52b-43f9-851b-85ba8d199743]
2025-01-30 18:33:03,809 INFO c.h.h.t.HelmChartContainer - [test-hivemq-platform] [hivemq] [e3f97d6d] INFO  - Shutdown completed.
2025-01-30 18:33:04,157 INFO c.h.h.t.HelmChartContainer - [test-hivemq-platform] [hivemq] [e3f97d6d] INFO  - [HiveMQ Platform Operator Init App 1.7.0-SNAPSHOT] The HiveMQ Platform exited with code 143
2025-01-30 18:33:04,157 INFO c.h.h.t.HelmChartContainer - [test-hivemq-platform] [hivemq] [e3f97d6d] INFO  - [HiveMQ Platform Operator Init App 1.7.0-SNAPSHOT] Stopping the REST API
2025-01-30 18:33:04,166 INFO c.h.h.t.HelmChartContainer - [test-hivemq-platform] [hivemq] [e3f97d6d] INFO  - [HiveMQ Platform Operator Init App 1.7.0-SNAPSHOT] Shutdown complete
2025-01-30 18:33:04,695 INFO c.h.h.t.HelmChartContainer - [POD] test-hivemq-platform-1 [e3f97d6d-f52b-43f9-851b-85ba8d199743] in helmvolumeclaimtemplatesit was MODIFIED
2025-01-30 18:33:04,705 INFO c.h.h.t.HelmChartContainer - [hivemq-test-hivemq-platform] [hivemq-platform-operator] [2f3f9aef] 18:33:04.701 [pool-6-thread-6] DEBUG c.h.p.o.d.PlatformServiceResource - [helmvolu] Desired Platform services (3 services)
2025-01-30 18:33:04,705 INFO c.h.h.t.HelmChartContainer - [hivemq-test-hivemq-platform] [hivemq-platform-operator] [2f3f9aef] 18:33:04.702 [pool-6-thread-4] DEBUG c.h.p.o.dependants.PodInfoConfigMap - [helmvolu] Desired PodInfo ConfigMap (1 extensions) (1 enabled)
2025-01-30 18:33:04,705 INFO c.h.h.t.HelmChartContainer - [hivemq-test-hivemq-platform] [hivemq-platform-operator] [2f3f9aef] 18:33:04.702 [pool-6-thread-4] DEBUG c.h.p.o.dependants.PodInfoConfigMap - [helmvolu] Desired PodInfo ConfigMap (metrics port: 9399) (metrics path: /)
2025-01-30 18:33:04,705 INFO c.h.h.t.HelmChartContainer - [hivemq-test-hivemq-platform] [hivemq-platform-operator] [2f3f9aef] 18:33:04.702 [pool-6-thread-4] DEBUG c.h.p.o.dependants.PodInfoConfigMap - [helmvolu] Desired PodInfo ConfigMap (extension state hash: -1817474005)
2025-01-30 18:33:04,710 INFO c.h.h.t.HelmChartContainer - [hivemq-test-hivemq-platform] [hivemq-platform-operator] [2f3f9aef] 18:33:04.702 [pool-6-thread-5] DEBUG c.h.p.o.d.PodServiceAccountResource - [helmvolu] Desired PodServiceAccountResource (serviceAccountName: hivemq-platform-pod-test-hivemq-platform)
2025-01-30 18:33:04,716 INFO c.h.h.t.HelmChartContainer - [hivemq-test-hivemq-platform] [hivemq-platform-operator] [2f3f9aef] 18:33:04.712 [pool-6-thread-6] DEBUG c.h.p.o.d.StatefulSetResource - [helmvolu] Desired StatefulSet (3 replicas) for status ROLLING_RESTART (RESTART_PODS_IN_PROGRESS)
2025-01-30 18:33:04,719 INFO c.h.h.t.HelmChartContainer - [hivemq-test-hivemq-platform] [hivemq-platform-operator] [2f3f9aef] 18:33:04.715 [ReconcilerExecutor-hivemq-controller-144] INFO  c.h.p.o.HiveMQPlatformReconciler - [helmvolu] Reconciling HiveMQ Platform 'test-hivemq-platform' in namespace 'helmvolumeclaimtemplatesit'
2025-01-30 18:33:04,719 INFO c.h.h.t.HelmChartContainer - [hivemq-test-hivemq-platform] [hivemq-platform-operator] [2f3f9aef] 18:33:04.715 [ReconcilerExecutor-hivemq-controller-144] DEBUG c.h.p.o.HiveMQPlatformReconciler - [helmvolu] Custom Resource Status ROLLING_RESTART - HiveMQ Platform is restarting Pods (rolling restart) (RESTART_PODS_IN_PROGRESS)
2025-01-30 18:33:04,719 INFO c.h.h.t.HelmChartContainer - [hivemq-test-hivemq-platform] [hivemq-platform-operator] [2f3f9aef] 18:33:04.715 [ReconcilerExecutor-hivemq-controller-144] DEBUG c.h.p.o.HiveMQPlatformReconciler - [helmvolu] Custom Resource Spec (replicas: 2) (extensions: 1)
2025-01-30 18:33:04,719 INFO c.h.h.t.HelmChartContainer - [hivemq-test-hivemq-platform] [hivemq-platform-operator] [2f3f9aef] 18:33:04.716 [ReconcilerExecutor-hivemq-controller-144] DEBUG c.h.p.o.HiveMQPlatformReconciler - [helmvolu] StatefulSet Status (revision: test-hivemq-platform-59475f86c9, replicas: 3, available: 2, ready: 2, current: 1, updated: 1)
2025-01-30 18:33:04,719 INFO c.h.h.t.HelmChartContainer - [hivemq-test-hivemq-platform] [hivemq-platform-operator] [2f3f9aef] 18:33:04.716 [ReconcilerExecutor-hivemq-controller-144] DEBUG c.h.p.o.HiveMQPlatformReconciler - [helmvolu] StatefulSet Spec (replicas: 3, init containers: 1, containers: 1, volumes: 4)
2025-01-30 18:33:04,720 INFO c.h.h.t.HelmChartContainer - [hivemq-test-hivemq-platform] [hivemq-platform-operator] [2f3f9aef] 18:33:04.717 [ReconcilerExecutor-hivemq-controller-144] DEBUG c.h.p.o.h.HiveMQPlatformReconcilerErrorHandler - [helmvolu] Pod 'test-hivemq-platform-2' phase Running
2025-01-30 18:33:04,720 INFO c.h.h.t.HelmChartContainer - [hivemq-test-hivemq-platform] [hivemq-platform-operator] [2f3f9aef] 18:33:04.718 [ReconcilerExecutor-hivemq-controller-144] DEBUG c.h.p.o.h.HiveMQPlatformReconcilerErrorHandler - [helmvolu] Pod 'test-hivemq-platform-1' phase Failed
2025-01-30 18:33:04,720 INFO c.h.h.t.HelmChartContainer - [hivemq-test-hivemq-platform] [hivemq-platform-operator] [2f3f9aef] 18:33:04.719 [ReconcilerExecutor-hivemq-controller-144] DEBUG c.h.p.o.h.HiveMQPlatformReconcilerErrorHandler - [helmvolu] Pod 'test-hivemq-platform-1' condition 'PodReadyToStartContainers': False
2025-01-30 18:33:04,720 INFO c.h.h.t.HelmChartContainer - [hivemq-test-hivemq-platform] [hivemq-platform-operator] [2f3f9aef] 18:33:04.719 [ReconcilerExecutor-hivemq-controller-144] DEBUG c.h.p.o.h.HiveMQPlatformReconcilerErrorHandler - [helmvolu] Pod 'test-hivemq-platform-1' condition 'Initialized': True
2025-01-30 18:33:04,720 INFO c.h.h.t.HelmChartContainer - [hivemq-test-hivemq-platform] [hivemq-platform-operator] [2f3f9aef] 18:33:04.719 [ReconcilerExecutor-hivemq-controller-144] DEBUG c.h.p.o.h.HiveMQPlatformReconcilerErrorHandler - [helmvolu] Pod 'test-hivemq-platform-1' condition 'Ready': False
2025-01-30 18:33:04,720 INFO c.h.h.t.HelmChartContainer - [hivemq-test-hivemq-platform] [hivemq-platform-operator] [2f3f9aef] 18:33:04.719 [ReconcilerExecutor-hivemq-controller-144] DEBUG c.h.p.o.h.HiveMQPlatformReconcilerErrorHandler - [helmvolu] Pod 'test-hivemq-platform-1' condition 'ContainersReady': False
2025-01-30 18:33:04,720 INFO c.h.h.t.HelmChartContainer - [hivemq-test-hivemq-platform] [hivemq-platform-operator] [2f3f9aef] 18:33:04.719 [ReconcilerExecutor-hivemq-controller-144] DEBUG c.h.p.o.h.HiveMQPlatformReconcilerErrorHandler - [helmvolu] Pod 'test-hivemq-platform-1' condition 'PodScheduled': True
2025-01-30 18:33:04,720 INFO c.h.h.t.HelmChartContainer - [hivemq-test-hivemq-platform] [hivemq-platform-operator] [2f3f9aef] 18:33:04.719 [ReconcilerExecutor-hivemq-controller-144] DEBUG c.h.p.o.h.HiveMQPlatformReconcilerErrorHandler - [helmvolu] Pod 'test-hivemq-platform-1' containerStatus 'hivemq' (started: false) (ready: false) (waiting: [Unknown] no message)
2025-01-30 18:33:04,721 INFO c.h.h.t.HelmChartContainer - [hivemq-test-hivemq-platform] [hivemq-platform-operator] [2f3f9aef] 18:33:04.720 [ReconcilerExecutor-hivemq-controller-144] DEBUG c.h.p.o.h.HiveMQPlatformReconcilerErrorHandler - [helmvolu] Pod 'test-hivemq-platform-0' phase Running
2025-01-30 18:33:04,721 INFO c.h.h.t.HelmChartContainer - [hivemq-test-hivemq-platform] [hivemq-platform-operator] [2f3f9aef] 18:33:04.720 [ReconcilerExecutor-hivemq-controller-144] DEBUG c.h.p.o.h.HiveMQPlatformReconcilerRollingRestartHandler - [helmvolu] Rolling restart is waiting for 2 of 3 replicas
2025-01-30 18:33:04,728 INFO c.h.h.t.HelmChartContainer - [hivemq-test-hivemq-platform] [hivemq-platform-operator] [2f3f9aef] 18:33:04.726 [pool-6-thread-20] DEBUG c.h.p.o.dependants.PodInfoConfigMap - [helmvolu] Desired PodInfo ConfigMap (1 extensions) (1 enabled)
2025-01-30 18:33:04,729 INFO c.h.h.t.HelmChartContainer - [hivemq-test-hivemq-platform] [hivemq-platform-operator] [2f3f9aef] 18:33:04.726 [pool-6-thread-20] DEBUG c.h.p.o.dependants.PodInfoConfigMap - [helmvolu] Desired PodInfo ConfigMap (metrics port: 9399) (metrics path: /)
2025-01-30 18:33:04,729 INFO c.h.h.t.HelmChartContainer - [hivemq-test-hivemq-platform] [hivemq-platform-operator] [2f3f9aef] 18:33:04.726 [pool-6-thread-20] DEBUG c.h.p.o.dependants.PodInfoConfigMap - [helmvolu] Desired PodInfo ConfigMap (extension state hash: -1817474005)
2025-01-30 18:33:04,729 INFO c.h.h.t.HelmChartContainer - [hivemq-test-hivemq-platform] [hivemq-platform-operator] [2f3f9aef] 18:33:04.728 [pool-6-thread-16] DEBUG c.h.p.o.d.PlatformServiceResource - [helmvolu] Desired Platform services (3 services)
2025-01-30 18:33:04,731 INFO c.h.h.t.HelmChartContainer - [hivemq-test-hivemq-platform] [hivemq-platform-operator] [2f3f9aef] 18:33:04.729 [pool-6-thread-12] DEBUG c.h.p.o.d.PodServiceAccountResource - [helmvolu] Desired PodServiceAccountResource (serviceAccountName: hivemq-platform-pod-test-hivemq-platform)
2025-01-30 18:33:04,734 INFO c.h.h.t.HelmChartContainer - [hivemq-test-hivemq-platform] [hivemq-platform-operator] [2f3f9aef] 18:33:04.732 [pool-6-thread-15] DEBUG c.h.p.o.d.StatefulSetResource - [helmvolu] Desired StatefulSet (3 replicas) for status ROLLING_RESTART (RESTART_PODS_IN_PROGRESS)
2025-01-30 18:33:04,770 INFO c.h.h.t.HelmChartContainer - [hivemq-test-hivemq-platform] [hivemq-platform-operator] [2f3f9aef] 18:33:04.769 [ReconcilerExecutor-hivemq-controller-145] INFO  c.h.p.o.HiveMQPlatformReconciler - [helmvolu] Reconciling HiveMQ Platform 'test-hivemq-platform' in namespace 'helmvolumeclaimtemplatesit'
2025-01-30 18:33:04,771 INFO c.h.h.t.HelmChartContainer - [hivemq-test-hivemq-platform] [hivemq-platform-operator] [2f3f9aef] 18:33:04.769 [ReconcilerExecutor-hivemq-controller-145] DEBUG c.h.p.o.HiveMQPlatformReconciler - [helmvolu] Custom Resource Status ROLLING_RESTART - HiveMQ Platform is restarting Pods (rolling restart) (RESTART_PODS_IN_PROGRESS)
2025-01-30 18:33:04,772 INFO c.h.h.t.HelmChartContainer - [hivemq-test-hivemq-platform] [hivemq-platform-operator] [2f3f9aef] 18:33:04.769 [ReconcilerExecutor-hivemq-controller-145] DEBUG c.h.p.o.HiveMQPlatformReconciler - [helmvolu] Custom Resource Spec (replicas: 2) (extensions: 1)
2025-01-30 18:33:04,772 INFO c.h.h.t.HelmChartContainer - [hivemq-test-hivemq-platform] [hivemq-platform-operator] [2f3f9aef] 18:33:04.770 [ReconcilerExecutor-hivemq-controller-145] DEBUG c.h.p.o.HiveMQPlatformReconciler - [helmvolu] StatefulSet Status (revision: test-hivemq-platform-59475f86c9, replicas: 3, available: 2, ready: 2, current: 1, updated: 1)
2025-01-30 18:33:04,772 INFO c.h.h.t.HelmChartContainer - [hivemq-test-hivemq-platform] [hivemq-platform-operator] [2f3f9aef] 18:33:04.771 [ReconcilerExecutor-hivemq-controller-145] DEBUG c.h.p.o.HiveMQPlatformReconciler - [helmvolu] StatefulSet Spec (replicas: 3, init containers: 1, containers: 1, volumes: 4)
2025-01-30 18:33:04,774 INFO c.h.h.t.HelmChartContainer - [hivemq-test-hivemq-platform] [hivemq-platform-operator] [2f3f9aef] 18:33:04.773 [ReconcilerExecutor-hivemq-controller-145] DEBUG c.h.p.o.h.HiveMQPlatformReconcilerErrorHandler - [helmvolu] Pod 'test-hivemq-platform-2' phase Running
2025-01-30 18:33:04,775 INFO c.h.h.t.HelmChartContainer - [hivemq-test-hivemq-platform] [hivemq-platform-operator] [2f3f9aef] 18:33:04.774 [ReconcilerExecutor-hivemq-controller-145] DEBUG c.h.p.o.h.HiveMQPlatformReconcilerErrorHandler - [helmvolu] Pod 'test-hivemq-platform-1' phase Failed
2025-01-30 18:33:04,776 INFO c.h.h.t.HelmChartContainer - [hivemq-test-hivemq-platform] [hivemq-platform-operator] [2f3f9aef] 18:33:04.775 [ReconcilerExecutor-hivemq-controller-145] DEBUG c.h.p.o.h.HiveMQPlatformReconcilerErrorHandler - [helmvolu] Pod 'test-hivemq-platform-1' condition 'PodReadyToStartContainers': False
2025-01-30 18:33:04,777 INFO c.h.h.t.HelmChartContainer - [hivemq-test-hivemq-platform] [hivemq-platform-operator] [2f3f9aef] 18:33:04.775 [ReconcilerExecutor-hivemq-controller-145] DEBUG c.h.p.o.h.HiveMQPlatformReconcilerErrorHandler - [helmvolu] Pod 'test-hivemq-platform-1' condition 'Initialized': True
2025-01-30 18:33:04,779 INFO c.h.h.t.HelmChartContainer - [hivemq-test-hivemq-platform] [hivemq-platform-operator] [2f3f9aef] 18:33:04.775 [ReconcilerExecutor-hivemq-controller-145] DEBUG c.h.p.o.h.HiveMQPlatformReconcilerErrorHandler - [helmvolu] Pod 'test-hivemq-platform-1' condition 'Ready': False
2025-01-30 18:33:04,779 INFO c.h.h.t.HelmChartContainer - [hivemq-test-hivemq-platform] [hivemq-platform-operator] [2f3f9aef] 18:33:04.775 [ReconcilerExecutor-hivemq-controller-145] DEBUG c.h.p.o.h.HiveMQPlatformReconcilerErrorHandler - [helmvolu] Pod 'test-hivemq-platform-1' condition 'ContainersReady': False
2025-01-30 18:33:04,780 INFO c.h.h.t.HelmChartContainer - [hivemq-test-hivemq-platform] [hivemq-platform-operator] [2f3f9aef] 18:33:04.775 [ReconcilerExecutor-hivemq-controller-145] DEBUG c.h.p.o.h.HiveMQPlatformReconcilerErrorHandler - [helmvolu] Pod 'test-hivemq-platform-1' condition 'PodScheduled': True
2025-01-30 18:33:04,780 INFO c.h.h.t.HelmChartContainer - [hivemq-test-hivemq-platform] [hivemq-platform-operator] [2f3f9aef] 18:33:04.775 [ReconcilerExecutor-hivemq-controller-145] DEBUG c.h.p.o.h.HiveMQPlatformReconcilerErrorHandler - [helmvolu] Pod 'test-hivemq-platform-1' containerStatus 'hivemq' (started: false) (ready: false) (waiting: [Unknown] no message)
2025-01-30 18:33:04,780 INFO c.h.h.t.HelmChartContainer - [hivemq-test-hivemq-platform] [hivemq-platform-operator] [2f3f9aef] 18:33:04.777 [ReconcilerExecutor-hivemq-controller-145] DEBUG c.h.p.o.h.HiveMQPlatformReconcilerErrorHandler - [helmvolu] Pod 'test-hivemq-platform-0' phase Running
2025-01-30 18:33:04,780 INFO c.h.h.t.HelmChartContainer - [hivemq-test-hivemq-platform] [hivemq-platform-operator] [2f3f9aef] 18:33:04.779 [ReconcilerExecutor-hivemq-controller-145] DEBUG c.h.p.o.h.HiveMQPlatformReconcilerRollingRestartHandler - [helmvolu] Rolling restart is waiting for 2 of 3 replicas
2025-01-30 18:33:04,791 INFO c.h.h.t.HelmChartContainer - [K3S] [reconciler_common.go:162] "operationExecutor.UnmountVolume started for volume \"operator-init\" (UniqueName: \"kubernetes.io/empty-dir/e3f97d6d-f52b-43f9-851b-85ba8d199743-operator-init\") pod \"e3f97d6d-f52b-43f9-851b-85ba8d199743\" (UID: \"e3f97d6d-f52b-43f9-851b-85ba8d199743\") "
2025-01-30 18:33:04,791 INFO c.h.h.t.HelmChartContainer - [K3S] [reconciler_common.go:162] "operationExecutor.UnmountVolume started for volume \"kube-api-access-84pjj\" (UniqueName: \"kubernetes.io/projected/e3f97d6d-f52b-43f9-851b-85ba8d199743-kube-api-access-84pjj\") pod \"e3f97d6d-f52b-43f9-851b-85ba8d199743\" (UID: \"e3f97d6d-f52b-43f9-851b-85ba8d199743\") "
2025-01-30 18:33:04,791 INFO c.h.h.t.HelmChartContainer - [K3S] [reconciler_common.go:162] "operationExecutor.UnmountVolume started for volume \"pod-info\" (UniqueName: \"kubernetes.io/configmap/e3f97d6d-f52b-43f9-851b-85ba8d199743-pod-info\") pod \"e3f97d6d-f52b-43f9-851b-85ba8d199743\" (UID: \"e3f97d6d-f52b-43f9-851b-85ba8d199743\") "
2025-01-30 18:33:04,791 INFO c.h.h.t.HelmChartContainer - [K3S] [reconciler_common.go:162] "operationExecutor.UnmountVolume started for volume \"broker-configuration\" (UniqueName: \"kubernetes.io/configmap/e3f97d6d-f52b-43f9-851b-85ba8d199743-broker-configuration\") pod \"e3f97d6d-f52b-43f9-851b-85ba8d199743\" (UID: \"e3f97d6d-f52b-43f9-851b-85ba8d199743\") "
2025-01-30 18:33:04,791 INFO c.h.h.t.HelmChartContainer - [K3S] [reconciler_common.go:162] "operationExecutor.UnmountVolume started for volume \"hivemq-pvc-data\" (UniqueName: \"kubernetes.io/local-volume/pvc-1951f59c-c34e-4e1b-a2e0-f714f0de174f\") pod \"e3f97d6d-f52b-43f9-851b-85ba8d199743\" (UID: \"e3f97d6d-f52b-43f9-851b-85ba8d199743\") "
2025-01-30 18:33:04,814 INFO c.h.h.t.HelmChartContainer - [test-hivemq-platform] [hivemq] [38b67c1e] INFO  - [HiveMQ Platform Operator Init App 1.7.0-SNAPSHOT] Returning Health API response 200 for liveness
2025-01-30 18:33:04,891 INFO c.h.h.t.HelmChartContainer - [K3S] [reconciler_common.go:299] "Volume detached for volume \"kube-api-access-84pjj\" (UniqueName: \"kubernetes.io/projected/e3f97d6d-f52b-43f9-851b-85ba8d199743-kube-api-access-84pjj\") on node \"c1f759053570\" DevicePath \"\""
2025-01-30 18:33:04,891 INFO c.h.h.t.HelmChartContainer - [K3S] [reconciler_common.go:299] "Volume detached for volume \"pod-info\" (UniqueName: \"kubernetes.io/configmap/e3f97d6d-f52b-43f9-851b-85ba8d199743-pod-info\") on node \"c1f759053570\" DevicePath \"\""
2025-01-30 18:33:04,891 INFO c.h.h.t.HelmChartContainer - [K3S] [reconciler_common.go:299] "Volume detached for volume \"broker-configuration\" (UniqueName: \"kubernetes.io/configmap/e3f97d6d-f52b-43f9-851b-85ba8d199743-broker-configuration\") on node \"c1f759053570\" DevicePath \"\""
2025-01-30 18:33:04,891 INFO c.h.h.t.HelmChartContainer - [K3S] [reconciler_common.go:292] "operationExecutor.UnmountDevice started for volume \"pvc-1951f59c-c34e-4e1b-a2e0-f714f0de174f\" (UniqueName: \"kubernetes.io/local-volume/pvc-1951f59c-c34e-4e1b-a2e0-f714f0de174f\") on node \"c1f759053570\" "
2025-01-30 18:33:04,891 INFO c.h.h.t.HelmChartContainer - [K3S] [reconciler_common.go:299] "Volume detached for volume \"operator-init\" (UniqueName: \"kubernetes.io/empty-dir/e3f97d6d-f52b-43f9-851b-85ba8d199743-operator-init\") on node \"c1f759053570\" DevicePath \"\""
2025-01-30 18:33:04,992 INFO c.h.h.t.HelmChartContainer - [K3S] [reconciler_common.go:299] "Volume detached for volume \"pvc-1951f59c-c34e-4e1b-a2e0-f714f0de174f\" (UniqueName: \"kubernetes.io/local-volume/pvc-1951f59c-c34e-4e1b-a2e0-f714f0de174f\") on node \"c1f759053570\" DevicePath \"\""
2025-01-30 18:33:05,623 INFO c.h.h.t.HelmChartContainer - [K3S] [scope.go:117] "RemoveContainer" containerID="63490ab561cb17db582ae18ebc609f78df8fdc61c38563c277337cd56b7a9ae1"
2025-01-30 18:33:05,627 INFO c.h.h.t.HelmChartContainer - [K3S] [scope.go:117] "RemoveContainer" containerID="acc66e4400ccebca2fac176e63c89dd92e39b5b335d3c335f0fe0fecf26d9e3f"
2025-01-30 18:33:05,636 INFO c.h.h.t.HelmChartContainer - [POD] test-hivemq-platform-1 [e3f97d6d-f52b-43f9-851b-85ba8d199743] in helmvolumeclaimtemplatesit was MODIFIED
2025-01-30 18:33:05,642 INFO c.h.h.t.HelmChartContainer - [POD] test-hivemq-platform-1 [e3f97d6d-f52b-43f9-851b-85ba8d199743] in helmvolumeclaimtemplatesit was DELETED
2025-01-30 18:33:05,656 INFO c.h.h.t.HelmChartContainer - [hivemq-test-hivemq-platform] [hivemq-platform-operator] [2f3f9aef] 18:33:05.650 [pool-6-thread-26] DEBUG c.h.p.o.d.PlatformServiceResource - [helmvolu] Desired Platform services (3 services)
2025-01-30 18:33:05,656 INFO c.h.h.t.HelmChartContainer - [hivemq-test-hivemq-platform] [hivemq-platform-operator] [2f3f9aef] 18:33:05.653 [pool-6-thread-23] DEBUG c.h.p.o.d.PodServiceAccountResource - [helmvolu] Desired PodServiceAccountResource (serviceAccountName: hivemq-platform-pod-test-hivemq-platform)
2025-01-30 18:33:05,656 INFO c.h.h.t.HelmChartContainer - [POD] test-hivemq-platform-1 [4911ff26-9e57-4828-85d2-28363c73e46a] in helmvolumeclaimtemplatesit was ADDED
2025-01-30 18:33:05,663 INFO c.h.h.t.HelmChartContainer - [EVENT] Normal [SuccessfulCreate] create Pod test-hivemq-platform-1 in StatefulSet test-hivemq-platform successful [helmvolumeclaimtemplatesit:test-hivemq-platform]
2025-01-30 18:33:05,665 INFO c.h.h.t.HelmChartContainer - [hivemq-test-hivemq-platform] [hivemq-platform-operator] [2f3f9aef] 18:33:05.654 [pool-6-thread-22] DEBUG c.h.p.o.dependants.PodInfoConfigMap - [helmvolu] Desired PodInfo ConfigMap (1 extensions) (1 enabled)
2025-01-30 18:33:05,666 INFO c.h.h.t.HelmChartContainer - [hivemq-test-hivemq-platform] [hivemq-platform-operator] [2f3f9aef] 18:33:05.654 [pool-6-thread-22] DEBUG c.h.p.o.dependants.PodInfoConfigMap - [helmvolu] Desired PodInfo ConfigMap (metrics port: 9399) (metrics path: /)
2025-01-30 18:33:05,666 INFO c.h.h.t.HelmChartContainer - [hivemq-test-hivemq-platform] [hivemq-platform-operator] [2f3f9aef] 18:33:05.654 [pool-6-thread-22] DEBUG c.h.p.o.dependants.PodInfoConfigMap - [helmvolu] Desired PodInfo ConfigMap (extension state hash: -1817474005)
2025-01-30 18:33:05,667 INFO c.h.h.t.HelmChartContainer - [hivemq-test-hivemq-platform] [hivemq-platform-operator] [2f3f9aef] 18:33:05.661 [pool-6-thread-26] DEBUG c.h.p.o.d.StatefulSetResource - [helmvolu] Desired StatefulSet (3 replicas) for status ROLLING_RESTART (RESTART_PODS_IN_PROGRESS)
2025-01-30 18:33:05,671 INFO c.h.h.t.HelmChartContainer - [hivemq-test-hivemq-platform] [hivemq-platform-operator] [2f3f9aef] 18:33:05.665 [ReconcilerExecutor-hivemq-controller-147] INFO  c.h.p.o.HiveMQPlatformReconciler - [helmvolu] Reconciling HiveMQ Platform 'test-hivemq-platform' in namespace 'helmvolumeclaimtemplatesit'
2025-01-30 18:33:05,672 INFO c.h.h.t.HelmChartContainer - [K3S] [memory_manager.go:355] "RemoveStaleState removing state" podUID="e3f97d6d-f52b-43f9-851b-85ba8d199743" containerName="hivemq"
2025-01-30 18:33:05,673 INFO c.h.h.t.HelmChartContainer - [POD] test-hivemq-platform-1 [4911ff26-9e57-4828-85d2-28363c73e46a] in helmvolumeclaimtemplatesit was MODIFIED
2025-01-30 18:33:05,675 INFO c.h.h.t.HelmChartContainer - [hivemq-test-hivemq-platform] [hivemq-platform-operator] [2f3f9aef] 18:33:05.669 [ReconcilerExecutor-hivemq-controller-147] DEBUG c.h.p.o.HiveMQPlatformReconciler - [helmvolu] Custom Resource Status ROLLING_RESTART - HiveMQ Platform is restarting Pods (rolling restart) (RESTART_PODS_IN_PROGRESS)
2025-01-30 18:33:05,675 INFO c.h.h.t.HelmChartContainer - [hivemq-test-hivemq-platform] [hivemq-platform-operator] [2f3f9aef] 18:33:05.669 [ReconcilerExecutor-hivemq-controller-147] DEBUG c.h.p.o.HiveMQPlatformReconciler - [helmvolu] Custom Resource Spec (replicas: 2) (extensions: 1)
2025-01-30 18:33:05,677 INFO c.h.h.t.HelmChartContainer - [EVENT] Normal [Scheduled] Successfully assigned helmvolumeclaimtemplatesit/test-hivemq-platform-1 to c1f759053570 [helmvolumeclaimtemplatesit:test-hivemq-platform-1]
2025-01-30 18:33:05,690 INFO c.h.h.t.HelmChartContainer - [POD] test-hivemq-platform-1 [4911ff26-9e57-4828-85d2-28363c73e46a] in helmvolumeclaimtemplatesit was MODIFIED
2025-01-30 18:33:05,747 INFO c.h.h.t.HelmChartContainer - [hivemq-test-hivemq-platform] [hivemq-platform-operator] [2f3f9aef] 18:33:05.744 [ReconcilerExecutor-hivemq-controller-147] DEBUG c.h.p.o.HiveMQPlatformReconciler - [helmvolu] StatefulSet Status (revision: test-hivemq-platform-59475f86c9, replicas: 3, available: 2, ready: 2, current: 1, updated: 1)
2025-01-30 18:33:05,747 INFO c.h.h.t.HelmChartContainer - [hivemq-test-hivemq-platform] [hivemq-platform-operator] [2f3f9aef] 18:33:05.744 [ReconcilerExecutor-hivemq-controller-147] DEBUG c.h.p.o.HiveMQPlatformReconciler - [helmvolu] StatefulSet Spec (replicas: 3, init containers: 1, containers: 1, volumes: 4)
2025-01-30 18:33:05,748 INFO c.h.h.t.HelmChartContainer - [hivemq-test-hivemq-platform] [hivemq-platform-operator] [2f3f9aef] 18:33:05.747 [ReconcilerExecutor-hivemq-controller-147] DEBUG c.h.p.o.h.HiveMQPlatformReconcilerErrorHandler - [helmvolu] Pod 'test-hivemq-platform-2' phase Running
2025-01-30 18:33:05,750 INFO c.h.h.t.HelmChartContainer - [hivemq-test-hivemq-platform] [hivemq-platform-operator] [2f3f9aef] 18:33:05.749 [ReconcilerExecutor-hivemq-controller-147] DEBUG c.h.p.o.h.HiveMQPlatformReconcilerErrorHandler - [helmvolu] Pod 'test-hivemq-platform-1' phase Pending
2025-01-30 18:33:05,754 INFO c.h.h.t.HelmChartContainer - [hivemq-test-hivemq-platform] [hivemq-platform-operator] [2f3f9aef] 18:33:05.750 [ReconcilerExecutor-hivemq-controller-147] DEBUG c.h.p.o.h.HiveMQPlatformReconcilerErrorHandler - [helmvolu] Pod 'test-hivemq-platform-1' condition 'PodScheduled': True
2025-01-30 18:33:05,754 INFO c.h.h.t.HelmChartContainer - [hivemq-test-hivemq-platform] [hivemq-platform-operator] [2f3f9aef] 18:33:05.751 [ReconcilerExecutor-hivemq-controller-147] DEBUG c.h.p.o.h.HiveMQPlatformReconcilerErrorHandler - [helmvolu] Pod 'test-hivemq-platform-0' phase Running
2025-01-30 18:33:05,754 INFO c.h.h.t.HelmChartContainer - [hivemq-test-hivemq-platform] [hivemq-platform-operator] [2f3f9aef] 18:33:05.751 [ReconcilerExecutor-hivemq-controller-147] DEBUG c.h.p.o.h.HiveMQPlatformReconcilerRollingRestartHandler - [helmvolu] Rolling restart is waiting for 2 of 3 replicas
2025-01-30 18:33:05,756 INFO c.h.h.t.HelmChartContainer - [hivemq-test-hivemq-platform] [hivemq-platform-operator] [2f3f9aef] 18:33:05.754 [pool-6-thread-34] DEBUG c.h.p.o.dependants.PodInfoConfigMap - [helmvolu] Desired PodInfo ConfigMap (1 extensions) (1 enabled)
2025-01-30 18:33:05,756 INFO c.h.h.t.HelmChartContainer - [hivemq-test-hivemq-platform] [hivemq-platform-operator] [2f3f9aef] 18:33:05.754 [pool-6-thread-32] DEBUG c.h.p.o.d.PodServiceAccountResource - [helmvolu] Desired PodServiceAccountResource (serviceAccountName: hivemq-platform-pod-test-hivemq-platform)
2025-01-30 18:33:05,757 INFO c.h.h.t.HelmChartContainer - [hivemq-test-hivemq-platform] [hivemq-platform-operator] [2f3f9aef] 18:33:05.754 [pool-6-thread-34] DEBUG c.h.p.o.dependants.PodInfoConfigMap - [helmvolu] Desired PodInfo ConfigMap (metrics port: 9399) (metrics path: /)
2025-01-30 18:33:05,757 INFO c.h.h.t.HelmChartContainer - [hivemq-test-hivemq-platform] [hivemq-platform-operator] [2f3f9aef] 18:33:05.754 [pool-6-thread-34] DEBUG c.h.p.o.dependants.PodInfoConfigMap - [helmvolu] Desired PodInfo ConfigMap (extension state hash: -1817474005)
2025-01-30 18:33:05,757 INFO c.h.h.t.HelmChartContainer - [hivemq-test-hivemq-platform] [hivemq-platform-operator] [2f3f9aef] 18:33:05.755 [pool-6-thread-38] DEBUG c.h.p.o.d.PlatformServiceResource - [helmvolu] Desired Platform services (3 services)
2025-01-30 18:33:05,770 INFO c.h.h.t.HelmChartContainer - [hivemq-test-hivemq-platform] [hivemq-platform-operator] [2f3f9aef] 18:33:05.768 [pool-6-thread-38] DEBUG c.h.p.o.d.StatefulSetResource - [helmvolu] Desired StatefulSet (3 replicas) for status ROLLING_RESTART (RESTART_PODS_IN_PROGRESS)
2025-01-30 18:33:05,799 INFO c.h.h.t.HelmChartContainer - [K3S] [reconciler_common.go:251] "operationExecutor.VerifyControllerAttachedVolume started for volume \"operator-init\" (UniqueName: \"kubernetes.io/empty-dir/4911ff26-9e57-4828-85d2-28363c73e46a-operator-init\") pod \"test-hivemq-platform-1\" (UID: \"4911ff26-9e57-4828-85d2-28363c73e46a\") " pod="helmvolumeclaimtemplatesit/test-hivemq-platform-1"
2025-01-30 18:33:05,799 INFO c.h.h.t.HelmChartContainer - [K3S] [reconciler_common.go:251] "operationExecutor.VerifyControllerAttachedVolume started for volume \"kube-api-access-t6r7b\" (UniqueName: \"kubernetes.io/projected/4911ff26-9e57-4828-85d2-28363c73e46a-kube-api-access-t6r7b\") pod \"test-hivemq-platform-1\" (UID: \"4911ff26-9e57-4828-85d2-28363c73e46a\") " pod="helmvolumeclaimtemplatesit/test-hivemq-platform-1"
2025-01-30 18:33:05,799 INFO c.h.h.t.HelmChartContainer - [K3S] [reconciler_common.go:251] "operationExecutor.VerifyControllerAttachedVolume started for volume \"pvc-1951f59c-c34e-4e1b-a2e0-f714f0de174f\" (UniqueName: \"kubernetes.io/local-volume/pvc-1951f59c-c34e-4e1b-a2e0-f714f0de174f\") pod \"test-hivemq-platform-1\" (UID: \"4911ff26-9e57-4828-85d2-28363c73e46a\") " pod="helmvolumeclaimtemplatesit/test-hivemq-platform-1"
2025-01-30 18:33:05,799 INFO c.h.h.t.HelmChartContainer - [K3S] [reconciler_common.go:251] "operationExecutor.VerifyControllerAttachedVolume started for volume \"pod-info\" (UniqueName: \"kubernetes.io/configmap/4911ff26-9e57-4828-85d2-28363c73e46a-pod-info\") pod \"test-hivemq-platform-1\" (UID: \"4911ff26-9e57-4828-85d2-28363c73e46a\") " pod="helmvolumeclaimtemplatesit/test-hivemq-platform-1"
2025-01-30 18:33:05,799 INFO c.h.h.t.HelmChartContainer - [K3S] [reconciler_common.go:251] "operationExecutor.VerifyControllerAttachedVolume started for volume \"broker-configuration\" (UniqueName: \"kubernetes.io/configmap/4911ff26-9e57-4828-85d2-28363c73e46a-broker-configuration\") pod \"test-hivemq-platform-1\" (UID: \"4911ff26-9e57-4828-85d2-28363c73e46a\") " pod="helmvolumeclaimtemplatesit/test-hivemq-platform-1"
2025-01-30 18:33:05,846 INFO c.h.h.t.HelmChartContainer - [hivemq-test-hivemq-platform] [hivemq-platform-operator] [2f3f9aef] 18:33:05.844 [ReconcilerExecutor-hivemq-controller-148] INFO  c.h.p.o.HiveMQPlatformReconciler - [helmvolu] Reconciling HiveMQ Platform 'test-hivemq-platform' in namespace 'helmvolumeclaimtemplatesit'
2025-01-30 18:33:05,846 INFO c.h.h.t.HelmChartContainer - [hivemq-test-hivemq-platform] [hivemq-platform-operator] [2f3f9aef] 18:33:05.844 [ReconcilerExecutor-hivemq-controller-148] DEBUG c.h.p.o.HiveMQPlatformReconciler - [helmvolu] Custom Resource Status ROLLING_RESTART - HiveMQ Platform is restarting Pods (rolling restart) (RESTART_PODS_IN_PROGRESS)
2025-01-30 18:33:05,846 INFO c.h.h.t.HelmChartContainer - [hivemq-test-hivemq-platform] [hivemq-platform-operator] [2f3f9aef] 18:33:05.844 [ReconcilerExecutor-hivemq-controller-148] DEBUG c.h.p.o.HiveMQPlatformReconciler - [helmvolu] Custom Resource Spec (replicas: 2) (extensions: 1)
2025-01-30 18:33:05,851 INFO c.h.h.t.HelmChartContainer - [hivemq-test-hivemq-platform] [hivemq-platform-operator] [2f3f9aef] 18:33:05.848 [ReconcilerExecutor-hivemq-controller-148] DEBUG c.h.p.o.HiveMQPlatformReconciler - [helmvolu] StatefulSet Status (revision: test-hivemq-platform-59475f86c9, replicas: 3, available: 2, ready: 2, current: 1, updated: 2)
2025-01-30 18:33:05,851 INFO c.h.h.t.HelmChartContainer - [hivemq-test-hivemq-platform] [hivemq-platform-operator] [2f3f9aef] 18:33:05.849 [ReconcilerExecutor-hivemq-controller-148] DEBUG c.h.p.o.HiveMQPlatformReconciler - [helmvolu] StatefulSet Spec (replicas: 3, init containers: 1, containers: 1, volumes: 4)
2025-01-30 18:33:05,851 INFO c.h.h.t.HelmChartContainer - [hivemq-test-hivemq-platform] [hivemq-platform-operator] [2f3f9aef] 18:33:05.850 [ReconcilerExecutor-hivemq-controller-148] DEBUG c.h.p.o.h.HiveMQPlatformReconcilerErrorHandler - [helmvolu] Pod 'test-hivemq-platform-2' phase Running
2025-01-30 18:33:05,852 INFO c.h.h.t.HelmChartContainer - [hivemq-test-hivemq-platform] [hivemq-platform-operator] [2f3f9aef] 18:33:05.851 [ReconcilerExecutor-hivemq-controller-148] DEBUG c.h.p.o.h.HiveMQPlatformReconcilerErrorHandler - [helmvolu] Pod 'test-hivemq-platform-1' phase Pending
2025-01-30 18:33:05,854 INFO c.h.h.t.HelmChartContainer - [hivemq-test-hivemq-platform] [hivemq-platform-operator] [2f3f9aef] 18:33:05.851 [ReconcilerExecutor-hivemq-controller-148] DEBUG c.h.p.o.h.HiveMQPlatformReconcilerErrorHandler - [helmvolu] Pod 'test-hivemq-platform-1' condition 'PodReadyToStartContainers': False
2025-01-30 18:33:05,854 INFO c.h.h.t.HelmChartContainer - [hivemq-test-hivemq-platform] [hivemq-platform-operator] [2f3f9aef] 18:33:05.851 [ReconcilerExecutor-hivemq-controller-148] DEBUG c.h.p.o.h.HiveMQPlatformReconcilerErrorHandler - [helmvolu] Pod 'test-hivemq-platform-1' condition 'Initialized': False
2025-01-30 18:33:05,854 INFO c.h.h.t.HelmChartContainer - [hivemq-test-hivemq-platform] [hivemq-platform-operator] [2f3f9aef] 18:33:05.851 [ReconcilerExecutor-hivemq-controller-148] DEBUG c.h.p.o.h.HiveMQPlatformReconcilerErrorHandler - [helmvolu] Pod 'test-hivemq-platform-1' condition 'Ready': False
2025-01-30 18:33:05,855 INFO c.h.h.t.HelmChartContainer - [hivemq-test-hivemq-platform] [hivemq-platform-operator] [2f3f9aef] 18:33:05.851 [ReconcilerExecutor-hivemq-controller-148] DEBUG c.h.p.o.h.HiveMQPlatformReconcilerErrorHandler - [helmvolu] Pod 'test-hivemq-platform-1' condition 'ContainersReady': False
2025-01-30 18:33:05,855 INFO c.h.h.t.HelmChartContainer - [hivemq-test-hivemq-platform] [hivemq-platform-operator] [2f3f9aef] 18:33:05.851 [ReconcilerExecutor-hivemq-controller-148] DEBUG c.h.p.o.h.HiveMQPlatformReconcilerErrorHandler - [helmvolu] Pod 'test-hivemq-platform-1' condition 'PodScheduled': True
2025-01-30 18:33:05,855 INFO c.h.h.t.HelmChartContainer - [hivemq-test-hivemq-platform] [hivemq-platform-operator] [2f3f9aef] 18:33:05.852 [ReconcilerExecutor-hivemq-controller-148] DEBUG c.h.p.o.h.HiveMQPlatformReconcilerErrorHandler - [helmvolu] Pod 'test-hivemq-platform-1' containerStatus 'hivemq' (started: false) (ready: false) (waiting: [PodInitializing] null)
2025-01-30 18:33:05,855 INFO c.h.h.t.HelmChartContainer - [hivemq-test-hivemq-platform] [hivemq-platform-operator] [2f3f9aef] 18:33:05.852 [ReconcilerExecutor-hivemq-controller-148] DEBUG c.h.p.o.h.HiveMQPlatformReconcilerErrorHandler - [helmvolu] Pod 'test-hivemq-platform-0' phase Running
2025-01-30 18:33:05,855 INFO c.h.h.t.HelmChartContainer - [hivemq-test-hivemq-platform] [hivemq-platform-operator] [2f3f9aef] 18:33:05.853 [ReconcilerExecutor-hivemq-controller-148] DEBUG c.h.p.o.h.HiveMQPlatformReconcilerRollingRestartHandler - [helmvolu] Rolling restart is waiting for 2 of 3 replicas
2025-01-30 18:33:06,068 INFO c.h.h.t.HelmChartContainer - [EVENT] Normal [Pulled] Container image "docker.io/hivemq/hivemq-platform-operator-init-test:snapshot" already present on machine [helmvolumeclaimtemplatesit:test-hivemq-platform-1]
2025-01-30 18:33:06,074 INFO c.h.h.t.HelmChartContainer - [EVENT] Normal [Created] Created container: hivemq-platform-operator-init [helmvolumeclaimtemplatesit:test-hivemq-platform-1]
2025-01-30 18:33:06,112 INFO c.h.h.t.HelmChartContainer - [EVENT] Normal [Started] Started container hivemq-platform-operator-init [helmvolumeclaimtemplatesit:test-hivemq-platform-1]
2025-01-30 18:33:06,125 INFO c.h.h.t.HelmChartContainer - [K3S] [kubelet_volumes.go:163] "Cleaned up orphaned pod volumes dir" podUID="e3f97d6d-f52b-43f9-851b-85ba8d199743" path="/var/lib/kubelet/pods/e3f97d6d-f52b-43f9-851b-85ba8d199743/volumes"
2025-01-30 18:33:06,630 INFO c.h.h.t.HelmChartContainer - [EVENT] Normal [Pulled] Container image "docker.io/hivemq/hivemq4:4.36.0" already present on machine [helmvolumeclaimtemplatesit:test-hivemq-platform-1]
2025-01-30 18:33:06,630 INFO c.h.h.t.HelmChartContainer - Received Pulled event for container hivemq in pod test-hivemq-platform-1 [4911ff26-9e57-4828-85d2-28363c73e46a]
2025-01-30 18:33:06,638 INFO c.h.h.t.HelmChartContainer - [POD] test-hivemq-platform-1 [4911ff26-9e57-4828-85d2-28363c73e46a] in helmvolumeclaimtemplatesit was MODIFIED
2025-01-30 18:33:06,648 INFO c.h.h.t.HelmChartContainer - [EVENT] Normal [Created] Created container: hivemq [helmvolumeclaimtemplatesit:test-hivemq-platform-1]
2025-01-30 18:33:06,648 INFO c.h.h.t.HelmChartContainer - Received Created event for container hivemq in pod test-hivemq-platform-1 [4911ff26-9e57-4828-85d2-28363c73e46a]
2025-01-30 18:33:06,665 INFO c.h.h.t.HelmChartContainer - [hivemq-test-hivemq-platform] [hivemq-platform-operator] [2f3f9aef] 18:33:06.647 [pool-6-thread-44] DEBUG c.h.p.o.d.PlatformServiceResource - [helmvolu] Desired Platform services (3 services)
2025-01-30 18:33:06,665 INFO c.h.h.t.HelmChartContainer - [hivemq-test-hivemq-platform] [hivemq-platform-operator] [2f3f9aef] 18:33:06.647 [pool-6-thread-46] DEBUG c.h.p.o.dependants.PodInfoConfigMap - [helmvolu] Desired PodInfo ConfigMap (1 extensions) (1 enabled)
2025-01-30 18:33:06,665 INFO c.h.h.t.HelmChartContainer - [hivemq-test-hivemq-platform] [hivemq-platform-operator] [2f3f9aef] 18:33:06.647 [pool-6-thread-46] DEBUG c.h.p.o.dependants.PodInfoConfigMap - [helmvolu] Desired PodInfo ConfigMap (metrics port: 9399) (metrics path: /)
2025-01-30 18:33:06,665 INFO c.h.h.t.HelmChartContainer - [hivemq-test-hivemq-platform] [hivemq-platform-operator] [2f3f9aef] 18:33:06.647 [pool-6-thread-46] DEBUG c.h.p.o.dependants.PodInfoConfigMap - [helmvolu] Desired PodInfo ConfigMap (extension state hash: -1817474005)
2025-01-30 18:33:06,665 INFO c.h.h.t.HelmChartContainer - [hivemq-test-hivemq-platform] [hivemq-platform-operator] [2f3f9aef] 18:33:06.649 [pool-6-thread-44] DEBUG c.h.p.o.d.PodServiceAccountResource - [helmvolu] Desired PodServiceAccountResource (serviceAccountName: hivemq-platform-pod-test-hivemq-platform)
2025-01-30 18:33:06,665 INFO c.h.h.t.HelmChartContainer - [hivemq-test-hivemq-platform] [hivemq-platform-operator] [2f3f9aef] 18:33:06.652 [pool-6-thread-44] DEBUG c.h.p.o.d.StatefulSetResource - [helmvolu] Desired StatefulSet (3 replicas) for status ROLLING_RESTART (RESTART_PODS_IN_PROGRESS)
2025-01-30 18:33:06,665 INFO c.h.h.t.HelmChartContainer - [hivemq-test-hivemq-platform] [hivemq-platform-operator] [2f3f9aef] 18:33:06.657 [ReconcilerExecutor-hivemq-controller-149] INFO  c.h.p.o.HiveMQPlatformReconciler - [helmvolu] Reconciling HiveMQ Platform 'test-hivemq-platform' in namespace 'helmvolumeclaimtemplatesit'
2025-01-30 18:33:06,665 INFO c.h.h.t.HelmChartContainer - [hivemq-test-hivemq-platform] [hivemq-platform-operator] [2f3f9aef] 18:33:06.657 [ReconcilerExecutor-hivemq-controller-149] DEBUG c.h.p.o.HiveMQPlatformReconciler - [helmvolu] Custom Resource Status ROLLING_RESTART - HiveMQ Platform is restarting Pods (rolling restart) (RESTART_PODS_IN_PROGRESS)
2025-01-30 18:33:06,665 INFO c.h.h.t.HelmChartContainer - [hivemq-test-hivemq-platform] [hivemq-platform-operator] [2f3f9aef] 18:33:06.657 [ReconcilerExecutor-hivemq-controller-149] DEBUG c.h.p.o.HiveMQPlatformReconciler - [helmvolu] Custom Resource Spec (replicas: 2) (extensions: 1)
2025-01-30 18:33:06,665 INFO c.h.h.t.HelmChartContainer - [hivemq-test-hivemq-platform] [hivemq-platform-operator] [2f3f9aef] 18:33:06.659 [ReconcilerExecutor-hivemq-controller-149] DEBUG c.h.p.o.HiveMQPlatformReconciler - [helmvolu] StatefulSet Status (revision: test-hivemq-platform-59475f86c9, replicas: 3, available: 2, ready: 2, current: 1, updated: 2)
2025-01-30 18:33:06,665 INFO c.h.h.t.HelmChartContainer - [hivemq-test-hivemq-platform] [hivemq-platform-operator] [2f3f9aef] 18:33:06.659 [ReconcilerExecutor-hivemq-controller-149] DEBUG c.h.p.o.HiveMQPlatformReconciler - [helmvolu] StatefulSet Spec (replicas: 3, init containers: 1, containers: 1, volumes: 4)
2025-01-30 18:33:06,665 INFO c.h.h.t.HelmChartContainer - [hivemq-test-hivemq-platform] [hivemq-platform-operator] [2f3f9aef] 18:33:06.661 [ReconcilerExecutor-hivemq-controller-149] DEBUG c.h.p.o.h.HiveMQPlatformReconcilerErrorHandler - [helmvolu] Pod 'test-hivemq-platform-2' phase Running
2025-01-30 18:33:06,675 INFO c.h.h.t.HelmChartContainer - [hivemq-test-hivemq-platform] [hivemq-platform-operator] [2f3f9aef] 18:33:06.663 [ReconcilerExecutor-hivemq-controller-149] DEBUG c.h.p.o.h.HiveMQPlatformReconcilerErrorHandler - [helmvolu] Pod 'test-hivemq-platform-1' phase Pending
2025-01-30 18:33:06,675 INFO c.h.h.t.HelmChartContainer - [hivemq-test-hivemq-platform] [hivemq-platform-operator] [2f3f9aef] 18:33:06.663 [ReconcilerExecutor-hivemq-controller-149] DEBUG c.h.p.o.h.HiveMQPlatformReconcilerErrorHandler - [helmvolu] Pod 'test-hivemq-platform-1' condition 'PodReadyToStartContainers': True
2025-01-30 18:33:06,675 INFO c.h.h.t.HelmChartContainer - [hivemq-test-hivemq-platform] [hivemq-platform-operator] [2f3f9aef] 18:33:06.663 [ReconcilerExecutor-hivemq-controller-149] DEBUG c.h.p.o.h.HiveMQPlatformReconcilerErrorHandler - [helmvolu] Pod 'test-hivemq-platform-1' condition 'Initialized': True
2025-01-30 18:33:06,675 INFO c.h.h.t.HelmChartContainer - [hivemq-test-hivemq-platform] [hivemq-platform-operator] [2f3f9aef] 18:33:06.663 [ReconcilerExecutor-hivemq-controller-149] DEBUG c.h.p.o.h.HiveMQPlatformReconcilerErrorHandler - [helmvolu] Pod 'test-hivemq-platform-1' condition 'Ready': False
2025-01-30 18:33:06,675 INFO c.h.h.t.HelmChartContainer - [hivemq-test-hivemq-platform] [hivemq-platform-operator] [2f3f9aef] 18:33:06.663 [ReconcilerExecutor-hivemq-controller-149] DEBUG c.h.p.o.h.HiveMQPlatformReconcilerErrorHandler - [helmvolu] Pod 'test-hivemq-platform-1' condition 'ContainersReady': False
2025-01-30 18:33:06,675 INFO c.h.h.t.HelmChartContainer - [hivemq-test-hivemq-platform] [hivemq-platform-operator] [2f3f9aef] 18:33:06.663 [ReconcilerExecutor-hivemq-controller-149] DEBUG c.h.p.o.h.HiveMQPlatformReconcilerErrorHandler - [helmvolu] Pod 'test-hivemq-platform-1' condition 'PodScheduled': True
2025-01-30 18:33:06,675 INFO c.h.h.t.HelmChartContainer - [hivemq-test-hivemq-platform] [hivemq-platform-operator] [2f3f9aef] 18:33:06.663 [ReconcilerExecutor-hivemq-controller-149] DEBUG c.h.p.o.h.HiveMQPlatformReconcilerErrorHandler - [helmvolu] Pod 'test-hivemq-platform-1' containerStatus 'hivemq' (started: false) (ready: false) (waiting: [PodInitializing] null)
2025-01-30 18:33:06,675 INFO c.h.h.t.HelmChartContainer - [hivemq-test-hivemq-platform] [hivemq-platform-operator] [2f3f9aef] 18:33:06.664 [ReconcilerExecutor-hivemq-controller-149] DEBUG c.h.p.o.h.HiveMQPlatformReconcilerErrorHandler - [helmvolu] Pod 'test-hivemq-platform-0' phase Running
2025-01-30 18:33:06,675 INFO c.h.h.t.HelmChartContainer - [hivemq-test-hivemq-platform] [hivemq-platform-operator] [2f3f9aef] 18:33:06.664 [ReconcilerExecutor-hivemq-controller-149] DEBUG c.h.p.o.h.HiveMQPlatformReconcilerRollingRestartHandler - [helmvolu] Rolling restart is waiting for 2 of 3 replicas
2025-01-30 18:33:07,646 INFO c.h.h.t.HelmChartContainer - [POD] test-hivemq-platform-1 [4911ff26-9e57-4828-85d2-28363c73e46a] in helmvolumeclaimtemplatesit was MODIFIED
2025-01-30 18:33:07,651 INFO c.h.h.t.HelmChartContainer - [hivemq-test-hivemq-platform] [hivemq-platform-operator] [2f3f9aef] 18:33:07.649 [pool-6-thread-1] DEBUG c.h.p.o.dependants.PodInfoConfigMap - [helmvolu] Desired PodInfo ConfigMap (1 extensions) (1 enabled)
2025-01-30 18:33:07,652 INFO c.h.h.t.HelmChartContainer - [hivemq-test-hivemq-platform] [hivemq-platform-operator] [2f3f9aef] 18:33:07.651 [pool-6-thread-5] DEBUG c.h.p.o.d.PlatformServiceResource - [helmvolu] Desired Platform services (3 services)
2025-01-30 18:33:07,655 INFO c.h.h.t.HelmChartContainer - [hivemq-test-hivemq-platform] [hivemq-platform-operator] [2f3f9aef] 18:33:07.651 [pool-6-thread-3] DEBUG c.h.p.o.d.PodServiceAccountResource - [helmvolu] Desired PodServiceAccountResource (serviceAccountName: hivemq-platform-pod-test-hivemq-platform)
2025-01-30 18:33:07,655 INFO c.h.h.t.HelmChartContainer - [hivemq-test-hivemq-platform] [hivemq-platform-operator] [2f3f9aef] 18:33:07.653 [pool-6-thread-1] DEBUG c.h.p.o.dependants.PodInfoConfigMap - [helmvolu] Desired PodInfo ConfigMap (metrics port: 9399) (metrics path: /)
2025-01-30 18:33:07,655 INFO c.h.h.t.HelmChartContainer - [hivemq-test-hivemq-platform] [hivemq-platform-operator] [2f3f9aef] 18:33:07.653 [pool-6-thread-1] DEBUG c.h.p.o.dependants.PodInfoConfigMap - [helmvolu] Desired PodInfo ConfigMap (extension state hash: -1817474005)
2025-01-30 18:33:07,659 INFO c.h.h.t.HelmChartContainer - Started log watcher for hivemq in pod test-hivemq-platform-1 [4911ff26-9e57-4828-85d2-28363c73e46a]
2025-01-30 18:33:07,659 INFO c.h.h.t.HelmChartContainer - [EVENT] Normal [Started] Started container hivemq [helmvolumeclaimtemplatesit:test-hivemq-platform-1]
2025-01-30 18:33:07,659 INFO c.h.h.t.HelmChartContainer - Received Started event for container hivemq in pod test-hivemq-platform-1 [4911ff26-9e57-4828-85d2-28363c73e46a]
2025-01-30 18:33:07,660 INFO c.h.h.t.HelmChartContainer - [hivemq-test-hivemq-platform] [hivemq-platform-operator] [2f3f9aef] 18:33:07.657 [pool-6-thread-6] DEBUG c.h.p.o.d.StatefulSetResource - [helmvolu] Desired StatefulSet (3 replicas) for status ROLLING_RESTART (RESTART_PODS_IN_PROGRESS)
2025-01-30 18:33:07,664 INFO c.h.h.t.HelmChartContainer - [hivemq-test-hivemq-platform] [hivemq-platform-operator] [2f3f9aef] 18:33:07.662 [ReconcilerExecutor-hivemq-controller-150] INFO  c.h.p.o.HiveMQPlatformReconciler - [helmvolu] Reconciling HiveMQ Platform 'test-hivemq-platform' in namespace 'helmvolumeclaimtemplatesit'
2025-01-30 18:33:07,664 INFO c.h.h.t.HelmChartContainer - [hivemq-test-hivemq-platform] [hivemq-platform-operator] [2f3f9aef] 18:33:07.662 [ReconcilerExecutor-hivemq-controller-150] DEBUG c.h.p.o.HiveMQPlatformReconciler - [helmvolu] Custom Resource Status ROLLING_RESTART - HiveMQ Platform is restarting Pods (rolling restart) (RESTART_PODS_IN_PROGRESS)
2025-01-30 18:33:07,664 INFO c.h.h.t.HelmChartContainer - [hivemq-test-hivemq-platform] [hivemq-platform-operator] [2f3f9aef] 18:33:07.662 [ReconcilerExecutor-hivemq-controller-150] DEBUG c.h.p.o.HiveMQPlatformReconciler - [helmvolu] Custom Resource Spec (replicas: 2) (extensions: 1)
2025-01-30 18:33:07,664 INFO c.h.h.t.HelmChartContainer - [test-hivemq-platform] [hivemq] [4911ff26] Adding pre-installed HiveMQ Platform Operator extensions
2025-01-30 18:33:07,664 INFO c.h.h.t.HelmChartContainer - [test-hivemq-platform] [hivemq] [4911ff26] Running as user 10000
2025-01-30 18:33:07,664 INFO c.h.h.t.HelmChartContainer - [test-hivemq-platform] [hivemq] [4911ff26] Starting HiveMQ Platform Operator Init
2025-01-30 18:33:07,665 INFO c.h.h.t.HelmChartContainer - [hivemq-test-hivemq-platform] [hivemq-platform-operator] [2f3f9aef] 18:33:07.664 [ReconcilerExecutor-hivemq-controller-150] DEBUG c.h.p.o.HiveMQPlatformReconciler - [helmvolu] StatefulSet Status (revision: test-hivemq-platform-59475f86c9, replicas: 3, available: 2, ready: 2, current: 1, updated: 2)
2025-01-30 18:33:07,673 INFO c.h.h.t.HelmChartContainer - [hivemq-test-hivemq-platform] [hivemq-platform-operator] [2f3f9aef] 18:33:07.665 [ReconcilerExecutor-hivemq-controller-150] DEBUG c.h.p.o.HiveMQPlatformReconciler - [helmvolu] StatefulSet Spec (replicas: 3, init containers: 1, containers: 1, volumes: 4)
2025-01-30 18:33:07,673 INFO c.h.h.t.HelmChartContainer - [hivemq-test-hivemq-platform] [hivemq-platform-operator] [2f3f9aef] 18:33:07.669 [ReconcilerExecutor-hivemq-controller-150] DEBUG c.h.p.o.h.HiveMQPlatformReconcilerErrorHandler - [helmvolu] Pod 'test-hivemq-platform-2' phase Running
2025-01-30 18:33:07,673 INFO c.h.h.t.HelmChartContainer - [hivemq-test-hivemq-platform] [hivemq-platform-operator] [2f3f9aef] 18:33:07.671 [ReconcilerExecutor-hivemq-controller-150] DEBUG c.h.p.o.h.HiveMQPlatformReconcilerErrorHandler - [helmvolu] Pod 'test-hivemq-platform-1' phase Running
2025-01-30 18:33:07,673 INFO c.h.h.t.HelmChartContainer - [hivemq-test-hivemq-platform] [hivemq-platform-operator] [2f3f9aef] 18:33:07.672 [ReconcilerExecutor-hivemq-controller-150] DEBUG c.h.p.o.h.HiveMQPlatformReconcilerErrorHandler - [helmvolu] Pod 'test-hivemq-platform-0' phase Running
2025-01-30 18:33:07,673 INFO c.h.h.t.HelmChartContainer - [hivemq-test-hivemq-platform] [hivemq-platform-operator] [2f3f9aef] 18:33:07.672 [ReconcilerExecutor-hivemq-controller-150] DEBUG c.h.p.o.h.HiveMQPlatformReconcilerRollingRestartHandler - [helmvolu] Rolling restart is waiting for 2 of 3 replicas
2025-01-30 18:33:07,922 INFO c.h.h.t.HelmChartContainer - [test-hivemq-platform] [hivemq] [4911ff26] INFO  - [HiveMQ Platform Operator Init 1.7.0-SNAPSHOT] HiveMQ Platform Operator Init 1.7.0-SNAPSHOT (commit: 47e3375 on branch: HEAD) built on Thu Jan 30 03:55:50 UTC 2025
2025-01-30 18:33:09,029 INFO c.h.h.t.HelmChartContainer - [test-hivemq-platform] [hivemq] [4911ff26] INFO  - [HiveMQ Platform Operator Init App 1.7.0-SNAPSHOT] Using bind address 10.42.0.16 from environment variable
2025-01-30 18:33:09,939 INFO c.h.h.t.HelmChartContainer - [test-hivemq-platform] [hivemq] [4911ff26] INFO  - [HiveMQ Platform Operator Init App 1.7.0-SNAPSHOT] HiveMQ Platform Operator Init App 1.7.0-SNAPSHOT (commit: 47e3375 on branch: HEAD) built on Thu Jan 30 03:55:50 UTC 2025
2025-01-30 18:33:09,939 INFO c.h.h.t.HelmChartContainer - [test-hivemq-platform] [hivemq] [4911ff26] INFO  - [HiveMQ Platform Operator Init App 1.7.0-SNAPSHOT] PodInfo ConfigMap directory: /etc/podinfo
2025-01-30 18:33:09,939 INFO c.h.h.t.HelmChartContainer - [test-hivemq-platform] [hivemq] [4911ff26] INFO  - [HiveMQ Platform Operator Init App 1.7.0-SNAPSHOT] HiveMQ home directory: /opt/hivemq
2025-01-30 18:33:09,939 INFO c.h.h.t.HelmChartContainer - [test-hivemq-platform] [hivemq] [4911ff26] INFO  - [HiveMQ Platform Operator Init App 1.7.0-SNAPSHOT] HiveMQ Logback folder: /opt/hivemq/conf
2025-01-30 18:33:09,939 INFO c.h.h.t.HelmChartContainer - [test-hivemq-platform] [hivemq] [4911ff26] INFO  - [HiveMQ Platform Operator Init App 1.7.0-SNAPSHOT] HiveMQ Config folder: /opt/hivemq/conf-k8s
2025-01-30 18:33:09,940 INFO c.h.h.t.HelmChartContainer - [test-hivemq-platform] [hivemq] [4911ff26] INFO  - [HiveMQ Platform Operator Init App 1.7.0-SNAPSHOT] Starting HiveMQ Platform Operator Init App
2025-01-30 18:33:09,940 INFO c.h.h.t.HelmChartContainer - [test-hivemq-platform] [hivemq] [4911ff26] INFO  - [HiveMQ Platform Operator Init App 1.7.0-SNAPSHOT] Starting Pod reconciler
2025-01-30 18:33:11,227 INFO c.h.h.t.HelmChartContainer - [test-hivemq-platform] [hivemq] [4911ff26] INFO  - [HiveMQ Platform Operator Init App 1.7.0-SNAPSHOT] Pod reconciler is scheduled (interval: 5000 ms)
2025-01-30 18:33:11,228 INFO c.h.h.t.HelmChartContainer - [test-hivemq-platform] [hivemq] [4911ff26] INFO  - [HiveMQ Platform Operator Init App 1.7.0-SNAPSHOT] Starting the REST API on 10.42.0.16:7979
2025-01-30 18:33:11,234 INFO c.h.h.t.HelmChartContainer - [test-hivemq-platform] [hivemq] [4911ff26] INFO  - [HiveMQ Platform Operator Init App 1.7.0-SNAPSHOT] Waiting up to 600s for at most 3 HiveMQ nodes in cluster service hivemq-test-hivemq-platform-cluster.helmvolumeclaimtemplatesit.svc
2025-01-30 18:33:11,546 INFO c.h.h.t.HelmChartContainer - [test-hivemq-platform] [hivemq] [4911ff26] INFO  - [HiveMQ Platform Operator Init App 1.7.0-SNAPSHOT] Resolved 3 IP addresses: [10.42.0.11, 10.42.0.15, 10.42.0.16]
2025-01-30 18:33:11,546 INFO c.h.h.t.HelmChartContainer - [test-hivemq-platform] [hivemq] [4911ff26] INFO  - [HiveMQ Platform Operator Init App 1.7.0-SNAPSHOT] HiveMQ node count of 3 is within threshold of 3
2025-01-30 18:33:11,546 INFO c.h.h.t.HelmChartContainer - [test-hivemq-platform] [hivemq] [4911ff26] INFO  - [HiveMQ Platform Operator Init App 1.7.0-SNAPSHOT] Waiting 15s for previous shutdown replication to finish...
2025-01-30 18:33:13,640 INFO c.h.h.t.HelmChartContainer - [test-hivemq-platform] [hivemq] [4911ff26] INFO  - [HiveMQ Platform Operator Init App 1.7.0-SNAPSHOT] Returning default Health API response 503 for readiness
2025-01-30 18:33:13,746 INFO c.h.h.t.HelmChartContainer - [EVENT] Warning [Unhealthy] Readiness probe failed: HTTP probe failed with statuscode: 503 [helmvolumeclaimtemplatesit:test-hivemq-platform-1]
2025-01-30 18:33:13,746 INFO c.h.h.t.HelmChartContainer - Received Unhealthy event for container hivemq in pod test-hivemq-platform-1 [4911ff26-9e57-4828-85d2-28363c73e46a]
2025-01-30 18:33:17,678 INFO c.h.h.t.HelmChartContainer - [hivemq-test-hivemq-platform] [hivemq-platform-operator] [2f3f9aef] 18:33:17.676 [pool-6-thread-18] DEBUG c.h.p.o.d.PlatformServiceResource - [helmvolu] Desired Platform services (3 services)
2025-01-30 18:33:17,679 INFO c.h.h.t.HelmChartContainer - [hivemq-test-hivemq-platform] [hivemq-platform-operator] [2f3f9aef] 18:33:17.676 [pool-6-thread-11] DEBUG c.h.p.o.dependants.PodInfoConfigMap - [helmvolu] Desired PodInfo ConfigMap (1 extensions) (1 enabled)
2025-01-30 18:33:17,679 INFO c.h.h.t.HelmChartContainer - [hivemq-test-hivemq-platform] [hivemq-platform-operator] [2f3f9aef] 18:33:17.676 [pool-6-thread-11] DEBUG c.h.p.o.dependants.PodInfoConfigMap - [helmvolu] Desired PodInfo ConfigMap (metrics port: 9399) (metrics path: /)
2025-01-30 18:33:17,679 INFO c.h.h.t.HelmChartContainer - [hivemq-test-hivemq-platform] [hivemq-platform-operator] [2f3f9aef] 18:33:17.676 [pool-6-thread-11] DEBUG c.h.p.o.dependants.PodInfoConfigMap - [helmvolu] Desired PodInfo ConfigMap (extension state hash: -1817474005)
2025-01-30 18:33:17,679 INFO c.h.h.t.HelmChartContainer - [hivemq-test-hivemq-platform] [hivemq-platform-operator] [2f3f9aef] 18:33:17.677 [pool-6-thread-12] DEBUG c.h.p.o.d.PodServiceAccountResource - [helmvolu] Desired PodServiceAccountResource (serviceAccountName: hivemq-platform-pod-test-hivemq-platform)
2025-01-30 18:33:17,681 INFO c.h.h.t.HelmChartContainer - [hivemq-test-hivemq-platform] [hivemq-platform-operator] [2f3f9aef] 18:33:17.680 [pool-6-thread-18] DEBUG c.h.p.o.d.StatefulSetResource - [helmvolu] Desired StatefulSet (3 replicas) for status ROLLING_RESTART (RESTART_PODS_IN_PROGRESS)
2025-01-30 18:33:17,683 INFO c.h.h.t.HelmChartContainer - [hivemq-test-hivemq-platform] [hivemq-platform-operator] [2f3f9aef] 18:33:17.682 [ReconcilerExecutor-hivemq-controller-151] INFO  c.h.p.o.HiveMQPlatformReconciler - [helmvolu] Reconciling HiveMQ Platform 'test-hivemq-platform' in namespace 'helmvolumeclaimtemplatesit'
2025-01-30 18:33:17,683 INFO c.h.h.t.HelmChartContainer - [hivemq-test-hivemq-platform] [hivemq-platform-operator] [2f3f9aef] 18:33:17.682 [ReconcilerExecutor-hivemq-controller-151] DEBUG c.h.p.o.HiveMQPlatformReconciler - [helmvolu] Custom Resource Status ROLLING_RESTART - HiveMQ Platform is restarting Pods (rolling restart) (RESTART_PODS_IN_PROGRESS)
2025-01-30 18:33:17,683 INFO c.h.h.t.HelmChartContainer - [hivemq-test-hivemq-platform] [hivemq-platform-operator] [2f3f9aef] 18:33:17.682 [ReconcilerExecutor-hivemq-controller-151] DEBUG c.h.p.o.HiveMQPlatformReconciler - [helmvolu] Custom Resource Spec (replicas: 2) (extensions: 1)
2025-01-30 18:33:17,684 INFO c.h.h.t.HelmChartContainer - [hivemq-test-hivemq-platform] [hivemq-platform-operator] [2f3f9aef] 18:33:17.683 [ReconcilerExecutor-hivemq-controller-151] DEBUG c.h.p.o.HiveMQPlatformReconciler - [helmvolu] StatefulSet Status (revision: test-hivemq-platform-59475f86c9, replicas: 3, available: 2, ready: 2, current: 1, updated: 2)
2025-01-30 18:33:17,685 INFO c.h.h.t.HelmChartContainer - [hivemq-test-hivemq-platform] [hivemq-platform-operator] [2f3f9aef] 18:33:17.683 [ReconcilerExecutor-hivemq-controller-151] DEBUG c.h.p.o.HiveMQPlatformReconciler - [helmvolu] StatefulSet Spec (replicas: 3, init containers: 1, containers: 1, volumes: 4)
2025-01-30 18:33:17,686 INFO c.h.h.t.HelmChartContainer - [hivemq-test-hivemq-platform] [hivemq-platform-operator] [2f3f9aef] 18:33:17.685 [ReconcilerExecutor-hivemq-controller-151] DEBUG c.h.p.o.h.HiveMQPlatformReconcilerErrorHandler - [helmvolu] Pod 'test-hivemq-platform-2' phase Running
2025-01-30 18:33:17,686 INFO c.h.h.t.HelmChartContainer - [hivemq-test-hivemq-platform] [hivemq-platform-operator] [2f3f9aef] 18:33:17.686 [ReconcilerExecutor-hivemq-controller-151] DEBUG c.h.p.o.h.HiveMQPlatformReconcilerErrorHandler - [helmvolu] Pod 'test-hivemq-platform-1' phase Running
2025-01-30 18:33:17,687 INFO c.h.h.t.HelmChartContainer - [hivemq-test-hivemq-platform] [hivemq-platform-operator] [2f3f9aef] 18:33:17.686 [ReconcilerExecutor-hivemq-controller-151] DEBUG c.h.p.o.h.HiveMQPlatformReconcilerErrorHandler - [helmvolu] Pod 'test-hivemq-platform-0' phase Running
2025-01-30 18:33:17,688 INFO c.h.h.t.HelmChartContainer - [hivemq-test-hivemq-platform] [hivemq-platform-operator] [2f3f9aef] 18:33:17.687 [ReconcilerExecutor-hivemq-controller-151] DEBUG c.h.p.o.h.HiveMQPlatformReconcilerRollingRestartHandler - [helmvolu] Rolling restart is waiting for 2 of 3 replicas
2025-01-30 18:33:18,641 INFO c.h.h.t.HelmChartContainer - [EVENT] Warning [Unhealthy] Readiness probe failed: HTTP probe failed with statuscode: 503 [helmvolumeclaimtemplatesit:test-hivemq-platform-1]
2025-01-30 18:33:18,641 INFO c.h.h.t.HelmChartContainer - Received Unhealthy event for container hivemq in pod test-hivemq-platform-1 [4911ff26-9e57-4828-85d2-28363c73e46a]
2025-01-30 18:33:18,934 INFO c.h.h.t.HelmChartContainer - [test-hivemq-platform] [hivemq] [4911ff26] INFO  - [HiveMQ Platform Operator Init App 1.7.0-SNAPSHOT] Updating Pod HiveMQ Platform Operator Init App version annotation (version: 1.7.0-SNAPSHOT)
2025-01-30 18:33:19,245 INFO c.h.h.t.HelmChartContainer - [POD] test-hivemq-platform-1 [4911ff26-9e57-4828-85d2-28363c73e46a] in helmvolumeclaimtemplatesit was MODIFIED
2025-01-30 18:33:19,253 INFO c.h.h.t.HelmChartContainer - [hivemq-test-hivemq-platform] [hivemq-platform-operator] [2f3f9aef] 18:33:19.250 [pool-6-thread-27] DEBUG c.h.p.o.d.PlatformServiceResource - [helmvolu] Desired Platform services (3 services)
2025-01-30 18:33:19,254 INFO c.h.h.t.HelmChartContainer - [hivemq-test-hivemq-platform] [hivemq-platform-operator] [2f3f9aef] 18:33:19.252 [pool-6-thread-27] DEBUG c.h.p.o.dependants.PodInfoConfigMap - [helmvolu] Desired PodInfo ConfigMap (1 extensions) (1 enabled)
2025-01-30 18:33:19,254 INFO c.h.h.t.HelmChartContainer - [hivemq-test-hivemq-platform] [hivemq-platform-operator] [2f3f9aef] 18:33:19.254 [pool-6-thread-24] DEBUG c.h.p.o.d.PodServiceAccountResource - [helmvolu] Desired PodServiceAccountResource (serviceAccountName: hivemq-platform-pod-test-hivemq-platform)
2025-01-30 18:33:19,257 INFO c.h.h.t.HelmChartContainer - [EVENT] Warning [Unhealthy] Readiness probe failed: HTTP probe failed with statuscode: 503 [helmvolumeclaimtemplatesit:test-hivemq-platform-1]
2025-01-30 18:33:19,257 INFO c.h.h.t.HelmChartContainer - Received Unhealthy event for container hivemq in pod test-hivemq-platform-1 [4911ff26-9e57-4828-85d2-28363c73e46a]
2025-01-30 18:33:19,258 INFO c.h.h.t.HelmChartContainer - [test-hivemq-platform] [hivemq] [4911ff26] INFO  - [HiveMQ Platform Operator Init App 1.7.0-SNAPSHOT] Successfully updated Pod HiveMQ Platform Operator Init App version annotation (version: 1.7.0-SNAPSHOT)
2025-01-30 18:33:19,260 INFO c.h.h.t.HelmChartContainer - [hivemq-test-hivemq-platform] [hivemq-platform-operator] [2f3f9aef] 18:33:19.259 [pool-6-thread-27] DEBUG c.h.p.o.dependants.PodInfoConfigMap - [helmvolu] Desired PodInfo ConfigMap (metrics port: 9399) (metrics path: /)
2025-01-30 18:33:19,261 INFO c.h.h.t.HelmChartContainer - [hivemq-test-hivemq-platform] [hivemq-platform-operator] [2f3f9aef] 18:33:19.259 [pool-6-thread-27] DEBUG c.h.p.o.dependants.PodInfoConfigMap - [helmvolu] Desired PodInfo ConfigMap (extension state hash: -1817474005)
2025-01-30 18:33:19,262 INFO c.h.h.t.HelmChartContainer - [hivemq-test-hivemq-platform] [hivemq-platform-operator] [2f3f9aef] 18:33:19.262 [pool-6-thread-27] DEBUG c.h.p.o.d.StatefulSetResource - [helmvolu] Desired StatefulSet (3 replicas) for status ROLLING_RESTART (RESTART_PODS_IN_PROGRESS)
2025-01-30 18:33:19,267 INFO c.h.h.t.HelmChartContainer - [hivemq-test-hivemq-platform] [hivemq-platform-operator] [2f3f9aef] 18:33:19.266 [ReconcilerExecutor-hivemq-controller-152] INFO  c.h.p.o.HiveMQPlatformReconciler - [helmvolu] Reconciling HiveMQ Platform 'test-hivemq-platform' in namespace 'helmvolumeclaimtemplatesit'
2025-01-30 18:33:19,267 INFO c.h.h.t.HelmChartContainer - [hivemq-test-hivemq-platform] [hivemq-platform-operator] [2f3f9aef] 18:33:19.266 [ReconcilerExecutor-hivemq-controller-152] DEBUG c.h.p.o.HiveMQPlatformReconciler - [helmvolu] Custom Resource Status ROLLING_RESTART - HiveMQ Platform is restarting Pods (rolling restart) (RESTART_PODS_IN_PROGRESS)
2025-01-30 18:33:19,267 INFO c.h.h.t.HelmChartContainer - [hivemq-test-hivemq-platform] [hivemq-platform-operator] [2f3f9aef] 18:33:19.266 [ReconcilerExecutor-hivemq-controller-152] DEBUG c.h.p.o.HiveMQPlatformReconciler - [helmvolu] Custom Resource Spec (replicas: 2) (extensions: 1)
2025-01-30 18:33:19,268 INFO c.h.h.t.HelmChartContainer - [hivemq-test-hivemq-platform] [hivemq-platform-operator] [2f3f9aef] 18:33:19.267 [ReconcilerExecutor-hivemq-controller-152] DEBUG c.h.p.o.HiveMQPlatformReconciler - [helmvolu] StatefulSet Status (revision: test-hivemq-platform-59475f86c9, replicas: 3, available: 2, ready: 2, current: 1, updated: 2)
2025-01-30 18:33:19,270 INFO c.h.h.t.HelmChartContainer - [hivemq-test-hivemq-platform] [hivemq-platform-operator] [2f3f9aef] 18:33:19.267 [ReconcilerExecutor-hivemq-controller-152] DEBUG c.h.p.o.HiveMQPlatformReconciler - [helmvolu] StatefulSet Spec (replicas: 3, init containers: 1, containers: 1, volumes: 4)
2025-01-30 18:33:19,270 INFO c.h.h.t.HelmChartContainer - [hivemq-test-hivemq-platform] [hivemq-platform-operator] [2f3f9aef] 18:33:19.268 [ReconcilerExecutor-hivemq-controller-152] DEBUG c.h.p.o.h.HiveMQPlatformReconcilerErrorHandler - [helmvolu] Pod 'test-hivemq-platform-2' phase Running
2025-01-30 18:33:19,271 INFO c.h.h.t.HelmChartContainer - [hivemq-test-hivemq-platform] [hivemq-platform-operator] [2f3f9aef] 18:33:19.269 [ReconcilerExecutor-hivemq-controller-152] DEBUG c.h.p.o.h.HiveMQPlatformReconcilerErrorHandler - [helmvolu] Pod 'test-hivemq-platform-1' phase Running
2025-01-30 18:33:19,271 INFO c.h.h.t.HelmChartContainer - [hivemq-test-hivemq-platform] [hivemq-platform-operator] [2f3f9aef] 18:33:19.270 [ReconcilerExecutor-hivemq-controller-152] DEBUG c.h.p.o.h.HiveMQPlatformReconcilerErrorHandler - [helmvolu] Pod 'test-hivemq-platform-0' phase Running
2025-01-30 18:33:19,271 INFO c.h.h.t.HelmChartContainer - [hivemq-test-hivemq-platform] [hivemq-platform-operator] [2f3f9aef] 18:33:19.271 [ReconcilerExecutor-hivemq-controller-152] DEBUG c.h.p.o.h.HiveMQPlatformReconcilerRollingRestartHandler - [helmvolu] Rolling restart is waiting for 2 of 3 replicas
2025-01-30 18:33:24,250 INFO c.h.h.t.HelmChartContainer - [EVENT] Warning [Unhealthy] Readiness probe failed: HTTP probe failed with statuscode: 503 [helmvolumeclaimtemplatesit:test-hivemq-platform-1]
2025-01-30 18:33:24,250 INFO c.h.h.t.HelmChartContainer - Received Unhealthy event for container hivemq in pod test-hivemq-platform-1 [4911ff26-9e57-4828-85d2-28363c73e46a]
2025-01-30 18:33:26,547 INFO c.h.h.t.HelmChartContainer - [test-hivemq-platform] [hivemq] [4911ff26] INFO  - [HiveMQ Platform Operator Init App 1.7.0-SNAPSHOT] Proceeding with container start
2025-01-30 18:33:26,550 INFO c.h.h.t.HelmChartContainer - [test-hivemq-platform] [hivemq] [4911ff26] INFO  - [HiveMQ Platform Operator Init App 1.7.0-SNAPSHOT] Initializing HiveMQ Platform extensions with initial configuration: {hivemq-allow-all-extension={start-priority=-1, skip-https-hostname-verification=false, restart=true, config-version=0, header-version=0, c-uri=, priority=-1, uri=preinstalled, skip-https-certificate-validation=false, enabled=true}, hivemq-prometheus-extension={skip-https-certificate-validation=false, skip-https-hostname-verification=false, c-uri=, start-priority=-1, priority=-1, restart=true, enabled=true, request-header-path=no-request-headers, uri=preinstalled}}
2025-01-30 18:33:26,945 INFO c.h.h.t.HelmChartContainer - [test-hivemq-platform] [hivemq] [4911ff26] INFO  - [HiveMQ Platform Operator Init App 1.7.0-SNAPSHOT] Extension hivemq-allow-all-extension was already enabled
2025-01-30 18:33:27,037 INFO c.h.h.t.HelmChartContainer - [test-hivemq-platform] [hivemq] [4911ff26] INFO  - [HiveMQ Platform Operator Init App 1.7.0-SNAPSHOT] Successfully enabled extension hivemq-prometheus-extension
2025-01-30 18:33:27,038 INFO c.h.h.t.HelmChartContainer - [test-hivemq-platform] [hivemq] [4911ff26] INFO  - [HiveMQ Platform Operator Init App 1.7.0-SNAPSHOT] Starting HiveMQ Platform version 4.36.0 (4.36.0)
2025-01-30 18:33:27,039 INFO c.h.h.t.HelmChartContainer - [test-hivemq-platform] [hivemq] [4911ff26] INFO  - [HiveMQ Platform Operator Init App 1.7.0-SNAPSHOT] Configuring the HiveMQ Platform
2025-01-30 18:33:27,050 INFO c.h.h.t.HelmChartContainer - [test-hivemq-platform] [hivemq] [4911ff26] INFO  - [HiveMQ Platform Operator Init App 1.7.0-SNAPSHOT] Changed logback.xml file scan period to 20 seconds
2025-01-30 18:33:27,146 INFO c.h.h.t.HelmChartContainer - [test-hivemq-platform] [hivemq] [4911ff26] INFO  - [HiveMQ Platform Operator Init App 1.7.0-SNAPSHOT] Starting the HiveMQ Platform
2025-01-30 18:33:27,149 INFO c.h.h.t.HelmChartContainer - [test-hivemq-platform] [hivemq] [4911ff26] -------------------------------------------------------------------------
2025-01-30 18:33:27,149 INFO c.h.h.t.HelmChartContainer - [test-hivemq-platform] [hivemq] [4911ff26] 
2025-01-30 18:33:27,149 INFO c.h.h.t.HelmChartContainer - [test-hivemq-platform] [hivemq] [4911ff26]                   _    _  _              __  __   ____
2025-01-30 18:33:27,149 INFO c.h.h.t.HelmChartContainer - [test-hivemq-platform] [hivemq] [4911ff26]                  | |  | |(_)            |  \/  | / __ \
2025-01-30 18:33:27,149 INFO c.h.h.t.HelmChartContainer - [test-hivemq-platform] [hivemq] [4911ff26]                  | |__| | _ __   __ ___ | \  / || |  | |
2025-01-30 18:33:27,149 INFO c.h.h.t.HelmChartContainer - [test-hivemq-platform] [hivemq] [4911ff26]                  |  __  || |\ \ / // _ \| |\/| || |  | |
2025-01-30 18:33:27,149 INFO c.h.h.t.HelmChartContainer - [test-hivemq-platform] [hivemq] [4911ff26]                  | |  | || | \ V /|  __/| |  | || |__| |
2025-01-30 18:33:27,149 INFO c.h.h.t.HelmChartContainer - [test-hivemq-platform] [hivemq] [4911ff26]                  |_|  |_||_|  \_/  \___||_|  |_| \___\_\
2025-01-30 18:33:27,149 INFO c.h.h.t.HelmChartContainer - [test-hivemq-platform] [hivemq] [4911ff26] 
2025-01-30 18:33:27,149 INFO c.h.h.t.HelmChartContainer - [test-hivemq-platform] [hivemq] [4911ff26] -------------------------------------------------------------------------
2025-01-30 18:33:27,149 INFO c.h.h.t.HelmChartContainer - [test-hivemq-platform] [hivemq] [4911ff26] 
2025-01-30 18:33:27,149 INFO c.h.h.t.HelmChartContainer - [test-hivemq-platform] [hivemq] [4911ff26]   HiveMQ Start Script for Linux/Unix v1.14
2025-01-30 18:33:27,149 INFO c.h.h.t.HelmChartContainer - [test-hivemq-platform] [hivemq] [4911ff26] 
2025-01-30 18:33:27,252 INFO c.h.h.t.HelmChartContainer - [test-hivemq-platform] [hivemq] [4911ff26] -------------------------------------------------------------------------
2025-01-30 18:33:27,252 INFO c.h.h.t.HelmChartContainer - [test-hivemq-platform] [hivemq] [4911ff26] 
2025-01-30 18:33:27,252 INFO c.h.h.t.HelmChartContainer - [test-hivemq-platform] [hivemq] [4911ff26]   HIVEMQ_HOME: /opt/hivemq
2025-01-30 18:33:27,252 INFO c.h.h.t.HelmChartContainer - [test-hivemq-platform] [hivemq] [4911ff26] 
2025-01-30 18:33:27,252 INFO c.h.h.t.HelmChartContainer - [test-hivemq-platform] [hivemq] [4911ff26]   JAVA_OPTS: -XX:+UnlockExperimentalVMOptions -XX:InitialRAMPercentage=50 -XX:MaxRAMPercentage=50 -Djava.net.preferIPv4Stack=true --add-opens java.base/java.lang=ALL-UNNAMED --add-opens java.base/java.nio=ALL-UNNAMED --add-opens java.base/sun.nio.ch=ALL-UNNAMED --add-opens jdk.management/com.sun.management.internal=ALL-UNNAMED --add-exports java.base/jdk.internal.misc=ALL-UNNAMED -Djava.security.egd=file:/dev/./urandom -Dcom.sun.management.jmxremote -Dcom.sun.management.jmxremote.port=9010 -Dcom.sun.management.jmxremote.local.only=false -Dcom.sun.management.jmxremote.authenticate=false -Dcom.sun.management.jmxremote.ssl=false -Duser.language=en -Duser.region=US -XX:+CrashOnOutOfMemoryError -XX:+HeapDumpOnOutOfMemoryError
2025-01-30 18:33:27,252 INFO c.h.h.t.HelmChartContainer - [test-hivemq-platform] [hivemq] [4911ff26] 
2025-01-30 18:33:27,252 INFO c.h.h.t.HelmChartContainer - [test-hivemq-platform] [hivemq] [4911ff26]   JAVA_VERSION: 21
2025-01-30 18:33:27,252 INFO c.h.h.t.HelmChartContainer - [test-hivemq-platform] [hivemq] [4911ff26] 
2025-01-30 18:33:27,252 INFO c.h.h.t.HelmChartContainer - [test-hivemq-platform] [hivemq] [4911ff26] -------------------------------------------------------------------------
2025-01-30 18:33:27,252 INFO c.h.h.t.HelmChartContainer - [test-hivemq-platform] [hivemq] [4911ff26] 
2025-01-30 18:33:29,252 INFO c.h.h.t.HelmChartContainer - [EVENT] Warning [Unhealthy] Readiness probe failed: HTTP probe failed with statuscode: 503 [helmvolumeclaimtemplatesit:test-hivemq-platform-1]
2025-01-30 18:33:29,252 INFO c.h.h.t.HelmChartContainer - Received Unhealthy event for container hivemq in pod test-hivemq-platform-1 [4911ff26-9e57-4828-85d2-28363c73e46a]
2025-01-30 18:33:29,275 INFO c.h.h.t.HelmChartContainer - [hivemq-test-hivemq-platform] [hivemq-platform-operator] [2f3f9aef] 18:33:29.274 [pool-6-thread-37] DEBUG c.h.p.o.dependants.PodInfoConfigMap - [helmvolu] Desired PodInfo ConfigMap (1 extensions) (1 enabled)
2025-01-30 18:33:29,276 INFO c.h.h.t.HelmChartContainer - [hivemq-test-hivemq-platform] [hivemq-platform-operator] [2f3f9aef] 18:33:29.274 [pool-6-thread-37] DEBUG c.h.p.o.dependants.PodInfoConfigMap - [helmvolu] Desired PodInfo ConfigMap (metrics port: 9399) (metrics path: /)
2025-01-30 18:33:29,276 INFO c.h.h.t.HelmChartContainer - [hivemq-test-hivemq-platform] [hivemq-platform-operator] [2f3f9aef] 18:33:29.274 [pool-6-thread-37] DEBUG c.h.p.o.dependants.PodInfoConfigMap - [helmvolu] Desired PodInfo ConfigMap (extension state hash: -1817474005)
2025-01-30 18:33:29,277 INFO c.h.h.t.HelmChartContainer - [hivemq-test-hivemq-platform] [hivemq-platform-operator] [2f3f9aef] 18:33:29.274 [pool-6-thread-40] DEBUG c.h.p.o.d.PlatformServiceResource - [helmvolu] Desired Platform services (3 services)
2025-01-30 18:33:29,278 INFO c.h.h.t.HelmChartContainer - [hivemq-test-hivemq-platform] [hivemq-platform-operator] [2f3f9aef] 18:33:29.276 [pool-6-thread-39] DEBUG c.h.p.o.d.PodServiceAccountResource - [helmvolu] Desired PodServiceAccountResource (serviceAccountName: hivemq-platform-pod-test-hivemq-platform)
2025-01-30 18:33:29,279 INFO c.h.h.t.HelmChartContainer - [hivemq-test-hivemq-platform] [hivemq-platform-operator] [2f3f9aef] 18:33:29.278 [pool-6-thread-40] DEBUG c.h.p.o.d.StatefulSetResource - [helmvolu] Desired StatefulSet (3 replicas) for status ROLLING_RESTART (RESTART_PODS_IN_PROGRESS)
2025-01-30 18:33:29,283 INFO c.h.h.t.HelmChartContainer - [hivemq-test-hivemq-platform] [hivemq-platform-operator] [2f3f9aef] 18:33:29.281 [ReconcilerExecutor-hivemq-controller-153] INFO  c.h.p.o.HiveMQPlatformReconciler - [helmvolu] Reconciling HiveMQ Platform 'test-hivemq-platform' in namespace 'helmvolumeclaimtemplatesit'
2025-01-30 18:33:29,285 INFO c.h.h.t.HelmChartContainer - [hivemq-test-hivemq-platform] [hivemq-platform-operator] [2f3f9aef] 18:33:29.281 [ReconcilerExecutor-hivemq-controller-153] DEBUG c.h.p.o.HiveMQPlatformReconciler - [helmvolu] Custom Resource Status ROLLING_RESTART - HiveMQ Platform is restarting Pods (rolling restart) (RESTART_PODS_IN_PROGRESS)
2025-01-30 18:33:29,285 INFO c.h.h.t.HelmChartContainer - [hivemq-test-hivemq-platform] [hivemq-platform-operator] [2f3f9aef] 18:33:29.281 [ReconcilerExecutor-hivemq-controller-153] DEBUG c.h.p.o.HiveMQPlatformReconciler - [helmvolu] Custom Resource Spec (replicas: 2) (extensions: 1)
2025-01-30 18:33:29,285 INFO c.h.h.t.HelmChartContainer - [hivemq-test-hivemq-platform] [hivemq-platform-operator] [2f3f9aef] 18:33:29.281 [ReconcilerExecutor-hivemq-controller-153] DEBUG c.h.p.o.HiveMQPlatformReconciler - [helmvolu] StatefulSet Status (revision: test-hivemq-platform-59475f86c9, replicas: 3, available: 2, ready: 2, current: 1, updated: 2)
2025-01-30 18:33:29,285 INFO c.h.h.t.HelmChartContainer - [hivemq-test-hivemq-platform] [hivemq-platform-operator] [2f3f9aef] 18:33:29.282 [ReconcilerExecutor-hivemq-controller-153] DEBUG c.h.p.o.HiveMQPlatformReconciler - [helmvolu] StatefulSet Spec (replicas: 3, init containers: 1, containers: 1, volumes: 4)
2025-01-30 18:33:29,285 INFO c.h.h.t.HelmChartContainer - [hivemq-test-hivemq-platform] [hivemq-platform-operator] [2f3f9aef] 18:33:29.283 [ReconcilerExecutor-hivemq-controller-153] DEBUG c.h.p.o.h.HiveMQPlatformReconcilerErrorHandler - [helmvolu] Pod 'test-hivemq-platform-2' phase Running
2025-01-30 18:33:29,285 INFO c.h.h.t.HelmChartContainer - [hivemq-test-hivemq-platform] [hivemq-platform-operator] [2f3f9aef] 18:33:29.284 [ReconcilerExecutor-hivemq-controller-153] DEBUG c.h.p.o.h.HiveMQPlatformReconcilerErrorHandler - [helmvolu] Pod 'test-hivemq-platform-1' phase Running
2025-01-30 18:33:29,286 INFO c.h.h.t.HelmChartContainer - [hivemq-test-hivemq-platform] [hivemq-platform-operator] [2f3f9aef] 18:33:29.284 [ReconcilerExecutor-hivemq-controller-153] DEBUG c.h.p.o.h.HiveMQPlatformReconcilerErrorHandler - [helmvolu] Pod 'test-hivemq-platform-0' phase Running
2025-01-30 18:33:29,287 INFO c.h.h.t.HelmChartContainer - [hivemq-test-hivemq-platform] [hivemq-platform-operator] [2f3f9aef] 18:33:29.285 [ReconcilerExecutor-hivemq-controller-153] DEBUG c.h.p.o.h.HiveMQPlatformReconcilerRollingRestartHandler - [helmvolu] Rolling restart is waiting for 2 of 3 replicas
2025-01-30 18:33:29,837 INFO c.h.h.t.HelmChartContainer - [test-hivemq-platform] [hivemq] [4911ff26] INFO  - Starting HiveMQ Enterprise Server
2025-01-30 18:33:29,843 INFO c.h.h.t.HelmChartContainer - [test-hivemq-platform] [hivemq] [4911ff26] INFO  - HiveMQ version: 4.36.0
2025-01-30 18:33:29,844 INFO c.h.h.t.HelmChartContainer - [test-hivemq-platform] [hivemq] [4911ff26] INFO  - HiveMQ home directory: /opt/hivemq
2025-01-30 18:33:29,844 INFO c.h.h.t.HelmChartContainer - [test-hivemq-platform] [hivemq] [4911ff26] INFO  - Log Configuration was overridden by /opt/hivemq/conf/logback.xml
2025-01-30 18:33:31,218 INFO c.h.h.t.HelmChartContainer - [test-hivemq-platform] [hivemq] [4911ff26] INFO  - Successfully loaded configuration from '/opt/hivemq/conf-k8s/config.xml'.
2025-01-30 18:33:31,539 INFO c.h.h.t.HelmChartContainer - [test-hivemq-platform] [hivemq] [4911ff26] INFO  - This node's ID is ZGSur
2025-01-30 18:33:31,845 INFO c.h.h.t.HelmChartContainer - [test-hivemq-platform] [hivemq] [4911ff26] INFO  - Clustering is enabled
2025-01-30 18:33:34,447 INFO c.h.h.t.HelmChartContainer - [test-hivemq-platform] [hivemq] [4911ff26] WARN  - [HiveMQ Platform Operator Init App 1.7.0-SNAPSHOT] Cannot connect to Health API for readiness: null
2025-01-30 18:33:34,451 INFO c.h.h.t.HelmChartContainer - [EVENT] Warning [Unhealthy] Readiness probe failed: HTTP probe failed with statuscode: 503 [helmvolumeclaimtemplatesit:test-hivemq-platform-1]
2025-01-30 18:33:34,451 INFO c.h.h.t.HelmChartContainer - Received Unhealthy event for container hivemq in pod test-hivemq-platform-1 [4911ff26-9e57-4828-85d2-28363c73e46a]
2025-01-30 18:33:36,036 INFO c.h.h.t.HelmChartContainer - [test-hivemq-platform] [hivemq] [4911ff26] WARN  - [HiveMQ Platform Operator Init App 1.7.0-SNAPSHOT] Cannot connect to Health API for liveness: null
2025-01-30 18:33:36,037 INFO c.h.h.t.HelmChartContainer - [test-hivemq-platform] [hivemq] [4911ff26] INFO  - [HiveMQ Platform Operator Init App 1.7.0-SNAPSHOT] Returning default Health API response 200 for liveness
2025-01-30 18:33:39,295 INFO c.h.h.t.HelmChartContainer - [hivemq-test-hivemq-platform] [hivemq-platform-operator] [2f3f9aef] 18:33:39.292 [pool-6-thread-42] DEBUG c.h.p.o.d.PlatformServiceResource - [helmvolu] Desired Platform services (3 services)
2025-01-30 18:33:39,295 INFO c.h.h.t.HelmChartContainer - [hivemq-test-hivemq-platform] [hivemq-platform-operator] [2f3f9aef] 18:33:39.293 [pool-6-thread-41] DEBUG c.h.p.o.d.PodServiceAccountResource - [helmvolu] Desired PodServiceAccountResource (serviceAccountName: hivemq-platform-pod-test-hivemq-platform)
2025-01-30 18:33:39,295 INFO c.h.h.t.HelmChartContainer - [hivemq-test-hivemq-platform] [hivemq-platform-operator] [2f3f9aef] 18:33:39.294 [pool-6-thread-46] DEBUG c.h.p.o.dependants.PodInfoConfigMap - [helmvolu] Desired PodInfo ConfigMap (1 extensions) (1 enabled)
2025-01-30 18:33:39,295 INFO c.h.h.t.HelmChartContainer - [hivemq-test-hivemq-platform] [hivemq-platform-operator] [2f3f9aef] 18:33:39.294 [pool-6-thread-46] DEBUG c.h.p.o.dependants.PodInfoConfigMap - [helmvolu] Desired PodInfo ConfigMap (metrics port: 9399) (metrics path: /)
2025-01-30 18:33:39,295 INFO c.h.h.t.HelmChartContainer - [hivemq-test-hivemq-platform] [hivemq-platform-operator] [2f3f9aef] 18:33:39.294 [pool-6-thread-46] DEBUG c.h.p.o.dependants.PodInfoConfigMap - [helmvolu] Desired PodInfo ConfigMap (extension state hash: -1817474005)
2025-01-30 18:33:39,297 INFO c.h.h.t.HelmChartContainer - [hivemq-test-hivemq-platform] [hivemq-platform-operator] [2f3f9aef] 18:33:39.296 [pool-6-thread-44] DEBUG c.h.p.o.d.StatefulSetResource - [helmvolu] Desired StatefulSet (3 replicas) for status ROLLING_RESTART (RESTART_PODS_IN_PROGRESS)
2025-01-30 18:33:39,299 INFO c.h.h.t.HelmChartContainer - [hivemq-test-hivemq-platform] [hivemq-platform-operator] [2f3f9aef] 18:33:39.298 [ReconcilerExecutor-hivemq-controller-52] INFO  c.h.p.o.HiveMQPlatformReconciler - [helmvolu] Reconciling HiveMQ Platform 'test-hivemq-platform' in namespace 'helmvolumeclaimtemplatesit'
2025-01-30 18:33:39,299 INFO c.h.h.t.HelmChartContainer - [hivemq-test-hivemq-platform] [hivemq-platform-operator] [2f3f9aef] 18:33:39.298 [ReconcilerExecutor-hivemq-controller-52] DEBUG c.h.p.o.HiveMQPlatformReconciler - [helmvolu] Custom Resource Status ROLLING_RESTART - HiveMQ Platform is restarting Pods (rolling restart) (RESTART_PODS_IN_PROGRESS)
2025-01-30 18:33:39,299 INFO c.h.h.t.HelmChartContainer - [hivemq-test-hivemq-platform] [hivemq-platform-operator] [2f3f9aef] 18:33:39.298 [ReconcilerExecutor-hivemq-controller-52] DEBUG c.h.p.o.HiveMQPlatformReconciler - [helmvolu] Custom Resource Spec (replicas: 2) (extensions: 1)
2025-01-30 18:33:39,300 INFO c.h.h.t.HelmChartContainer - [hivemq-test-hivemq-platform] [hivemq-platform-operator] [2f3f9aef] 18:33:39.299 [ReconcilerExecutor-hivemq-controller-52] DEBUG c.h.p.o.HiveMQPlatformReconciler - [helmvolu] StatefulSet Status (revision: test-hivemq-platform-59475f86c9, replicas: 3, available: 2, ready: 2, current: 1, updated: 2)
2025-01-30 18:33:39,300 INFO c.h.h.t.HelmChartContainer - [hivemq-test-hivemq-platform] [hivemq-platform-operator] [2f3f9aef] 18:33:39.299 [ReconcilerExecutor-hivemq-controller-52] DEBUG c.h.p.o.HiveMQPlatformReconciler - [helmvolu] StatefulSet Spec (replicas: 3, init containers: 1, containers: 1, volumes: 4)
2025-01-30 18:33:39,301 INFO c.h.h.t.HelmChartContainer - [hivemq-test-hivemq-platform] [hivemq-platform-operator] [2f3f9aef] 18:33:39.301 [ReconcilerExecutor-hivemq-controller-52] DEBUG c.h.p.o.h.HiveMQPlatformReconcilerErrorHandler - [helmvolu] Pod 'test-hivemq-platform-2' phase Running
2025-01-30 18:33:39,302 INFO c.h.h.t.HelmChartContainer - [hivemq-test-hivemq-platform] [hivemq-platform-operator] [2f3f9aef] 18:33:39.301 [ReconcilerExecutor-hivemq-controller-52] DEBUG c.h.p.o.h.HiveMQPlatformReconcilerErrorHandler - [helmvolu] Pod 'test-hivemq-platform-1' phase Running
2025-01-30 18:33:39,303 INFO c.h.h.t.HelmChartContainer - [hivemq-test-hivemq-platform] [hivemq-platform-operator] [2f3f9aef] 18:33:39.302 [ReconcilerExecutor-hivemq-controller-52] DEBUG c.h.p.o.h.HiveMQPlatformReconcilerErrorHandler - [helmvolu] Pod 'test-hivemq-platform-0' phase Running
2025-01-30 18:33:39,304 INFO c.h.h.t.HelmChartContainer - [hivemq-test-hivemq-platform] [hivemq-platform-operator] [2f3f9aef] 18:33:39.303 [ReconcilerExecutor-hivemq-controller-52] DEBUG c.h.p.o.h.HiveMQPlatformReconcilerRollingRestartHandler - [helmvolu] Rolling restart is waiting for 2 of 3 replicas
2025-01-30 18:33:39,336 INFO c.h.h.t.HelmChartContainer - [test-hivemq-platform] [hivemq] [4911ff26] WARN  - [HiveMQ Platform Operator Init App 1.7.0-SNAPSHOT] Cannot connect to Health API for readiness: null
2025-01-30 18:33:39,343 INFO c.h.h.t.HelmChartContainer - [EVENT] Warning [Unhealthy] Readiness probe failed: HTTP probe failed with statuscode: 503 [helmvolumeclaimtemplatesit:test-hivemq-platform-1]
2025-01-30 18:33:39,343 INFO c.h.h.t.HelmChartContainer - Received Unhealthy event for container hivemq in pod test-hivemq-platform-1 [4911ff26-9e57-4828-85d2-28363c73e46a]
2025-01-30 18:33:44,334 INFO c.h.h.t.HelmChartContainer - [test-hivemq-platform] [hivemq] [4911ff26] WARN  - [HiveMQ Platform Operator Init App 1.7.0-SNAPSHOT] Cannot connect to Health API for readiness: null
2025-01-30 18:33:44,338 INFO c.h.h.t.HelmChartContainer - [EVENT] Warning [Unhealthy] Readiness probe failed: HTTP probe failed with statuscode: 503 [helmvolumeclaimtemplatesit:test-hivemq-platform-1]
2025-01-30 18:33:44,338 INFO c.h.h.t.HelmChartContainer - Received Unhealthy event for container hivemq in pod test-hivemq-platform-1 [4911ff26-9e57-4828-85d2-28363c73e46a]
2025-01-30 18:33:44,643 INFO c.h.h.t.HelmChartContainer - [test-hivemq-platform] [hivemq] [4911ff26] INFO  - No valid license file found. Using trial license, restricted to 25 connections.
2025-01-30 18:33:48,135 INFO c.h.h.t.HelmChartContainer - [test-hivemq-platform] [hivemq] [4911ff26] INFO  - No valid license file for Data Hub found. Using free license, restricted to 1 policy.
2025-01-30 18:33:49,309 INFO c.h.h.t.HelmChartContainer - [hivemq-test-hivemq-platform] [hivemq-platform-operator] [2f3f9aef] 18:33:49.306 [pool-6-thread-8] DEBUG c.h.p.o.d.PlatformServiceResource - [helmvolu] Desired Platform services (3 services)
2025-01-30 18:33:49,309 INFO c.h.h.t.HelmChartContainer - [hivemq-test-hivemq-platform] [hivemq-platform-operator] [2f3f9aef] 18:33:49.306 [pool-6-thread-7] DEBUG c.h.p.o.d.PodServiceAccountResource - [helmvolu] Desired PodServiceAccountResource (serviceAccountName: hivemq-platform-pod-test-hivemq-platform)
2025-01-30 18:33:49,309 INFO c.h.h.t.HelmChartContainer - [hivemq-test-hivemq-platform] [hivemq-platform-operator] [2f3f9aef] 18:33:49.306 [pool-6-thread-3] DEBUG c.h.p.o.dependants.PodInfoConfigMap - [helmvolu] Desired PodInfo ConfigMap (1 extensions) (1 enabled)
2025-01-30 18:33:49,309 INFO c.h.h.t.HelmChartContainer - [hivemq-test-hivemq-platform] [hivemq-platform-operator] [2f3f9aef] 18:33:49.306 [pool-6-thread-3] DEBUG c.h.p.o.dependants.PodInfoConfigMap - [helmvolu] Desired PodInfo ConfigMap (metrics port: 9399) (metrics path: /)
2025-01-30 18:33:49,309 INFO c.h.h.t.HelmChartContainer - [hivemq-test-hivemq-platform] [hivemq-platform-operator] [2f3f9aef] 18:33:49.306 [pool-6-thread-3] DEBUG c.h.p.o.dependants.PodInfoConfigMap - [helmvolu] Desired PodInfo ConfigMap (extension state hash: -1817474005)
2025-01-30 18:33:49,310 INFO c.h.h.t.HelmChartContainer - [hivemq-test-hivemq-platform] [hivemq-platform-operator] [2f3f9aef] 18:33:49.309 [pool-6-thread-8] DEBUG c.h.p.o.d.StatefulSetResource - [helmvolu] Desired StatefulSet (3 replicas) for status ROLLING_RESTART (RESTART_PODS_IN_PROGRESS)
2025-01-30 18:33:49,312 INFO c.h.h.t.HelmChartContainer - [hivemq-test-hivemq-platform] [hivemq-platform-operator] [2f3f9aef] 18:33:49.311 [ReconcilerExecutor-hivemq-controller-53] INFO  c.h.p.o.HiveMQPlatformReconciler - [helmvolu] Reconciling HiveMQ Platform 'test-hivemq-platform' in namespace 'helmvolumeclaimtemplatesit'
2025-01-30 18:33:49,312 INFO c.h.h.t.HelmChartContainer - [hivemq-test-hivemq-platform] [hivemq-platform-operator] [2f3f9aef] 18:33:49.311 [ReconcilerExecutor-hivemq-controller-53] DEBUG c.h.p.o.HiveMQPlatformReconciler - [helmvolu] Custom Resource Status ROLLING_RESTART - HiveMQ Platform is restarting Pods (rolling restart) (RESTART_PODS_IN_PROGRESS)
2025-01-30 18:33:49,312 INFO c.h.h.t.HelmChartContainer - [hivemq-test-hivemq-platform] [hivemq-platform-operator] [2f3f9aef] 18:33:49.311 [ReconcilerExecutor-hivemq-controller-53] DEBUG c.h.p.o.HiveMQPlatformReconciler - [helmvolu] Custom Resource Spec (replicas: 2) (extensions: 1)
2025-01-30 18:33:49,313 INFO c.h.h.t.HelmChartContainer - [hivemq-test-hivemq-platform] [hivemq-platform-operator] [2f3f9aef] 18:33:49.312 [ReconcilerExecutor-hivemq-controller-53] DEBUG c.h.p.o.HiveMQPlatformReconciler - [helmvolu] StatefulSet Status (revision: test-hivemq-platform-59475f86c9, replicas: 3, available: 2, ready: 2, current: 1, updated: 2)
2025-01-30 18:33:49,313 INFO c.h.h.t.HelmChartContainer - [hivemq-test-hivemq-platform] [hivemq-platform-operator] [2f3f9aef] 18:33:49.312 [ReconcilerExecutor-hivemq-controller-53] DEBUG c.h.p.o.HiveMQPlatformReconciler - [helmvolu] StatefulSet Spec (replicas: 3, init containers: 1, containers: 1, volumes: 4)
2025-01-30 18:33:49,314 INFO c.h.h.t.HelmChartContainer - [hivemq-test-hivemq-platform] [hivemq-platform-operator] [2f3f9aef] 18:33:49.314 [ReconcilerExecutor-hivemq-controller-53] DEBUG c.h.p.o.h.HiveMQPlatformReconcilerErrorHandler - [helmvolu] Pod 'test-hivemq-platform-2' phase Running
2025-01-30 18:33:49,315 INFO c.h.h.t.HelmChartContainer - [hivemq-test-hivemq-platform] [hivemq-platform-operator] [2f3f9aef] 18:33:49.314 [ReconcilerExecutor-hivemq-controller-53] DEBUG c.h.p.o.h.HiveMQPlatformReconcilerErrorHandler - [helmvolu] Pod 'test-hivemq-platform-1' phase Running
2025-01-30 18:33:49,317 INFO c.h.h.t.HelmChartContainer - [hivemq-test-hivemq-platform] [hivemq-platform-operator] [2f3f9aef] 18:33:49.316 [ReconcilerExecutor-hivemq-controller-53] DEBUG c.h.p.o.h.HiveMQPlatformReconcilerErrorHandler - [helmvolu] Pod 'test-hivemq-platform-0' phase Running
2025-01-30 18:33:49,317 INFO c.h.h.t.HelmChartContainer - [hivemq-test-hivemq-platform] [hivemq-platform-operator] [2f3f9aef] 18:33:49.316 [ReconcilerExecutor-hivemq-controller-53] DEBUG c.h.p.o.h.HiveMQPlatformReconcilerRollingRestartHandler - [helmvolu] Rolling restart is waiting for 2 of 3 replicas
2025-01-30 18:33:49,341 INFO c.h.h.t.HelmChartContainer - [test-hivemq-platform] [hivemq] [4911ff26] WARN  - [HiveMQ Platform Operator Init App 1.7.0-SNAPSHOT] Cannot connect to Health API for readiness: null
2025-01-30 18:33:49,422 INFO c.h.h.t.HelmChartContainer - [EVENT] Warning [Unhealthy] Readiness probe failed: HTTP probe failed with statuscode: 503 [helmvolumeclaimtemplatesit:test-hivemq-platform-1]
2025-01-30 18:33:49,422 INFO c.h.h.t.HelmChartContainer - Received Unhealthy event for container hivemq in pod test-hivemq-platform-1 [4911ff26-9e57-4828-85d2-28363c73e46a]
2025-01-30 18:33:49,445 INFO c.h.h.t.HelmChartContainer - [test-hivemq-platform] [hivemq] [4911ff26] INFO  - Audit Logger started.
2025-01-30 18:33:49,831 INFO c.h.h.t.HelmChartContainer - [test-hivemq-platform] [hivemq] [4911ff26] INFO  - This node uses '1' CPU cores.
2025-01-30 18:33:49,834 INFO c.h.h.t.HelmChartContainer - [test-hivemq-platform] [hivemq] [4911ff26] INFO  - Starting HiveMQ Health API on address 0.0.0.0 and port 8889
2025-01-30 18:33:50,719 INFO c.h.h.t.HelmChartContainer - [test-hivemq-platform] [hivemq] [4911ff26] INFO  - Started HiveMQ Health API in 883ms
2025-01-30 18:33:51,636 INFO c.h.h.t.HelmChartContainer - [test-hivemq-platform] [hivemq] [4911ff26] INFO  - Starting HiveMQ extension system.
2025-01-30 18:33:51,920 INFO c.h.h.t.HelmChartContainer - [test-hivemq-platform] [hivemq] [4911ff26] INFO  - Starting extension with id "hivemq-dns-cluster-discovery" at /opt/hivemq/extensions/hivemq-dns-cluster-discovery
2025-01-30 18:33:52,434 INFO c.h.h.t.HelmChartContainer - [test-hivemq-platform] [hivemq] [4911ff26] INFO  - Using TCP cluster transport on address 10.42.0.16 and port 7000
2025-01-30 18:33:52,435 INFO c.h.h.t.HelmChartContainer - [test-hivemq-platform] [hivemq] [4911ff26] INFO  - Extension "DNS Cluster Discovery Extension" version 4.3.2 started successfully.
2025-01-30 18:33:52,436 INFO c.h.h.t.HelmChartContainer - [test-hivemq-platform] [hivemq] [4911ff26] INFO  - Starting extension with id "hivemq-prometheus-extension" at /opt/hivemq/extensions/hivemq-prometheus-extension
2025-01-30 18:33:52,520 INFO c.h.h.t.HelmChartContainer - [test-hivemq-platform] [hivemq] [4911ff26] INFO  - Using extension cluster discovery
2025-01-30 18:33:53,336 INFO c.h.h.t.HelmChartContainer - [test-hivemq-platform] [hivemq] [4911ff26] INFO  - Started Jetty Server exposing Prometheus Servlet on URI http://0.0.0.0:9399/
2025-01-30 18:33:53,338 INFO c.h.h.t.HelmChartContainer - [test-hivemq-platform] [hivemq] [4911ff26] INFO  - Extension "Prometheus Monitoring Extension" version 4.0.12 started successfully.
2025-01-30 18:33:53,338 INFO c.h.h.t.HelmChartContainer - [test-hivemq-platform] [hivemq] [4911ff26] INFO  - Starting extension with id "hivemq-allow-all-extension" at /opt/hivemq/extensions/hivemq-allow-all-extension
2025-01-30 18:33:53,339 INFO c.h.h.t.HelmChartContainer - [test-hivemq-platform] [hivemq] [4911ff26] WARN  - 
2025-01-30 18:33:53,339 INFO c.h.h.t.HelmChartContainer - [test-hivemq-platform] [hivemq] [4911ff26] ################################################################################################################
2025-01-30 18:33:53,339 INFO c.h.h.t.HelmChartContainer - [test-hivemq-platform] [hivemq] [4911ff26] # This HiveMQ deployment is not secure! You are lacking Authentication and Authorization.                      #
2025-01-30 18:33:53,339 INFO c.h.h.t.HelmChartContainer - [test-hivemq-platform] [hivemq] [4911ff26] # Right now any MQTT client can connect to the broker with a full set of permissions.                          #
2025-01-30 18:33:53,339 INFO c.h.h.t.HelmChartContainer - [test-hivemq-platform] [hivemq] [4911ff26] # For production usage, add an appropriate security extension and remove the hivemq-allow-all extension.       #
2025-01-30 18:33:53,339 INFO c.h.h.t.HelmChartContainer - [test-hivemq-platform] [hivemq] [4911ff26] # You can download security extensions from the HiveMQ Marketplace (https://www.hivemq.com/extensions/).       #
2025-01-30 18:33:53,339 INFO c.h.h.t.HelmChartContainer - [test-hivemq-platform] [hivemq] [4911ff26] ################################################################################################################
2025-01-30 18:33:53,339 INFO c.h.h.t.HelmChartContainer - [test-hivemq-platform] [hivemq] [4911ff26] INFO  - Extension "Allow All Extension" version 1.1.1 started successfully.
2025-01-30 18:33:53,522 INFO c.h.h.t.HelmChartContainer - [test-hivemq-platform] [hivemq] [82e05549] INFO  - Cluster nodes found by discovery: [iQ2xN|4] (3) [iQ2xN, IXwde, ZGSur].
2025-01-30 18:33:53,525 INFO c.h.h.t.HelmChartContainer - [test-hivemq-platform] [hivemq] [38b67c1e] INFO  - Cluster nodes found by discovery: [iQ2xN|4] (3) [iQ2xN, IXwde, ZGSur].
2025-01-30 18:33:53,540 INFO c.h.h.t.HelmChartContainer - [test-hivemq-platform] [hivemq] [4911ff26] INFO  - Cluster nodes found by discovery: [iQ2xN|4] (3) [iQ2xN, IXwde, ZGSur].
2025-01-30 18:33:53,719 INFO c.h.h.t.HelmChartContainer - [test-hivemq-platform] [hivemq] [4911ff26] INFO  - Cluster size = 1, members : [iQ2xN].
2025-01-30 18:33:53,720 INFO c.h.h.t.HelmChartContainer - [test-hivemq-platform] [hivemq] [4911ff26] INFO  - Cluster size = 2, members : [IXwde, iQ2xN].
2025-01-30 18:33:53,953 INFO c.h.h.t.HelmChartContainer - [test-hivemq-platform] [hivemq] [4911ff26] INFO  - Starting cluster join process. This may take a while. Please do not shut down HiveMQ.
2025-01-30 18:33:54,022 INFO c.h.h.t.HelmChartContainer - [test-hivemq-platform] [hivemq] [4911ff26] INFO  - Cluster join process is still ongoing. Please do not shut down HiveMQ.
2025-01-30 18:33:54,743 INFO c.h.h.t.HelmChartContainer - [test-hivemq-platform] [hivemq] [4911ff26] INFO  - [HiveMQ Platform Operator Init App 1.7.0-SNAPSHOT] Returning Health API response 503 for readiness
2025-01-30 18:33:54,749 INFO c.h.h.t.HelmChartContainer - [EVENT] Warning [Unhealthy] Readiness probe failed: HTTP probe failed with statuscode: 503 [helmvolumeclaimtemplatesit:test-hivemq-platform-1]
2025-01-30 18:33:54,749 INFO c.h.h.t.HelmChartContainer - Received Unhealthy event for container hivemq in pod test-hivemq-platform-1 [4911ff26-9e57-4828-85d2-28363c73e46a]
2025-01-30 18:33:55,962 INFO c.h.h.t.HelmChartContainer - [test-hivemq-platform] [hivemq] [82e05549] INFO  - Cluster size = 3, members : [ZGSur, IXwde, iQ2xN].
2025-01-30 18:33:55,970 INFO c.h.h.t.HelmChartContainer - [test-hivemq-platform] [hivemq] [38b67c1e] INFO  - Cluster size = 3, members : [ZGSur, IXwde, iQ2xN].
2025-01-30 18:33:55,977 INFO c.h.h.t.HelmChartContainer - [test-hivemq-platform] [hivemq] [4911ff26] INFO  - Cluster size = 3, members : [ZGSur, IXwde, iQ2xN].
2025-01-30 18:33:55,981 INFO c.h.h.t.HelmChartContainer - [test-hivemq-platform] [hivemq] [4911ff26] INFO  - Finished cluster join process successfully.
2025-01-30 18:33:55,983 INFO c.h.h.t.HelmChartContainer - [test-hivemq-platform] [hivemq] [4911ff26] WARN  - No user for HiveMQ Control Center configured. Starting with default user
2025-01-30 18:33:55,983 INFO c.h.h.t.HelmChartContainer - [test-hivemq-platform] [hivemq] [4911ff26] INFO  - Starting HiveMQ Control Center on address 0.0.0.0 and port 8080
2025-01-30 18:33:56,036 INFO c.h.h.t.HelmChartContainer - [test-hivemq-platform] [hivemq] [4911ff26] INFO  - Mounting HiveMQ Control Center V2 Preview
2025-01-30 18:33:56,647 INFO c.h.h.t.HelmChartContainer - [test-hivemq-platform] [hivemq] [4911ff26] INFO  - Started HiveMQ Control Center in 664ms
2025-01-30 18:33:56,736 INFO c.h.h.t.HelmChartContainer - [test-hivemq-platform] [hivemq] [4911ff26] INFO  - Starting TCP listener on address 0.0.0.0 and port 1884
2025-01-30 18:33:56,750 INFO c.h.h.t.HelmChartContainer - [test-hivemq-platform] [hivemq] [4911ff26] INFO  - Started TCP Listener on address 0.0.0.0 and on port 1884.
2025-01-30 18:33:56,750 INFO c.h.h.t.HelmChartContainer - [test-hivemq-platform] [hivemq] [4911ff26] INFO  - Started HiveMQ in 27406ms
2025-01-30 18:33:59,250 INFO c.h.h.t.HelmChartContainer - [test-hivemq-platform] [hivemq] [4911ff26] INFO  - [HiveMQ Platform Operator Init App 1.7.0-SNAPSHOT] Returning Health API response 200 for readiness
2025-01-30 18:33:59,259 INFO c.h.h.t.HelmChartContainer - [POD] test-hivemq-platform-1 [4911ff26-9e57-4828-85d2-28363c73e46a] in helmvolumeclaimtemplatesit was MODIFIED
2025-01-30 18:33:59,279 INFO c.h.h.t.HelmChartContainer - [hivemq-test-hivemq-platform] [hivemq-platform-operator] [2f3f9aef] 18:33:59.272 [pool-6-thread-12] DEBUG c.h.p.o.d.PlatformServiceResource - [helmvolu] Desired Platform services (3 services)
2025-01-30 18:33:59,279 INFO c.h.h.t.HelmChartContainer - [hivemq-test-hivemq-platform] [hivemq-platform-operator] [2f3f9aef] 18:33:59.272 [pool-6-thread-11] DEBUG c.h.p.o.d.PodServiceAccountResource - [helmvolu] Desired PodServiceAccountResource (serviceAccountName: hivemq-platform-pod-test-hivemq-platform)
2025-01-30 18:33:59,279 INFO c.h.h.t.HelmChartContainer - [hivemq-test-hivemq-platform] [hivemq-platform-operator] [2f3f9aef] 18:33:59.272 [pool-6-thread-19] DEBUG c.h.p.o.dependants.PodInfoConfigMap - [helmvolu] Desired PodInfo ConfigMap (1 extensions) (1 enabled)
2025-01-30 18:33:59,279 INFO c.h.h.t.HelmChartContainer - [hivemq-test-hivemq-platform] [hivemq-platform-operator] [2f3f9aef] 18:33:59.272 [pool-6-thread-19] DEBUG c.h.p.o.dependants.PodInfoConfigMap - [helmvolu] Desired PodInfo ConfigMap (metrics port: 9399) (metrics path: /)
2025-01-30 18:33:59,279 INFO c.h.h.t.HelmChartContainer - [hivemq-test-hivemq-platform] [hivemq-platform-operator] [2f3f9aef] 18:33:59.272 [pool-6-thread-19] DEBUG c.h.p.o.dependants.PodInfoConfigMap - [helmvolu] Desired PodInfo ConfigMap (extension state hash: -1817474005)
2025-01-30 18:33:59,279 INFO c.h.h.t.HelmChartContainer - [hivemq-test-hivemq-platform] [hivemq-platform-operator] [2f3f9aef] 18:33:59.275 [pool-6-thread-12] DEBUG c.h.p.o.d.StatefulSetResource - [helmvolu] Desired StatefulSet (3 replicas) for status ROLLING_RESTART (RESTART_PODS_IN_PROGRESS)
2025-01-30 18:33:59,285 INFO c.h.h.t.HelmChartContainer - [hivemq-test-hivemq-platform] [hivemq-platform-operator] [2f3f9aef] 18:33:59.283 [ReconcilerExecutor-hivemq-controller-64] INFO  c.h.p.o.HiveMQPlatformReconciler - [helmvolu] Reconciling HiveMQ Platform 'test-hivemq-platform' in namespace 'helmvolumeclaimtemplatesit'
2025-01-30 18:33:59,285 INFO c.h.h.t.HelmChartContainer - [hivemq-test-hivemq-platform] [hivemq-platform-operator] [2f3f9aef] 18:33:59.284 [ReconcilerExecutor-hivemq-controller-64] DEBUG c.h.p.o.HiveMQPlatformReconciler - [helmvolu] Custom Resource Status ROLLING_RESTART - HiveMQ Platform is restarting Pods (rolling restart) (RESTART_PODS_IN_PROGRESS)
2025-01-30 18:33:59,285 INFO c.h.h.t.HelmChartContainer - [hivemq-test-hivemq-platform] [hivemq-platform-operator] [2f3f9aef] 18:33:59.284 [ReconcilerExecutor-hivemq-controller-64] DEBUG c.h.p.o.HiveMQPlatformReconciler - [helmvolu] Custom Resource Spec (replicas: 2) (extensions: 1)
2025-01-30 18:33:59,290 INFO c.h.h.t.HelmChartContainer - [hivemq-test-hivemq-platform] [hivemq-platform-operator] [2f3f9aef] 18:33:59.287 [ReconcilerExecutor-hivemq-controller-64] DEBUG c.h.p.o.HiveMQPlatformReconciler - [helmvolu] StatefulSet Status (revision: test-hivemq-platform-59475f86c9, replicas: 3, available: 3, ready: 3, current: 1, updated: 2)
2025-01-30 18:33:59,290 INFO c.h.h.t.HelmChartContainer - [hivemq-test-hivemq-platform] [hivemq-platform-operator] [2f3f9aef] 18:33:59.287 [ReconcilerExecutor-hivemq-controller-64] DEBUG c.h.p.o.HiveMQPlatformReconciler - [helmvolu] StatefulSet Spec (replicas: 3, init containers: 1, containers: 1, volumes: 4)
2025-01-30 18:33:59,291 INFO c.h.h.t.HelmChartContainer - [hivemq-test-hivemq-platform] [hivemq-platform-operator] [2f3f9aef] 18:33:59.290 [ReconcilerExecutor-hivemq-controller-64] DEBUG c.h.p.o.h.HiveMQPlatformReconcilerErrorHandler - [helmvolu] Pod 'test-hivemq-platform-2' phase Running
2025-01-30 18:33:59,294 INFO c.h.h.t.HelmChartContainer - [hivemq-test-hivemq-platform] [hivemq-platform-operator] [2f3f9aef] 18:33:59.293 [ReconcilerExecutor-hivemq-controller-64] DEBUG c.h.p.o.h.HiveMQPlatformReconcilerErrorHandler - [helmvolu] Pod 'test-hivemq-platform-1' phase Running
2025-01-30 18:33:59,294 INFO c.h.h.t.HelmChartContainer - [hivemq-test-hivemq-platform] [hivemq-platform-operator] [2f3f9aef] 18:33:59.293 [ReconcilerExecutor-hivemq-controller-64] DEBUG c.h.p.o.h.HiveMQPlatformReconcilerErrorHandler - [helmvolu] Pod 'test-hivemq-platform-0' phase Running
2025-01-30 18:33:59,378 INFO c.h.h.t.HelmChartContainer - [hivemq-test-hivemq-platform] [hivemq-platform-operator] [2f3f9aef] 18:33:59.375 [ReconcilerExecutor-hivemq-controller-64] DEBUG c.h.p.o.h.HiveMQPlatformReconcilerRollingRestartHandler - [helmvolu] Skipping Pod test-hivemq-platform-2 as it's already on the controller update revision (update revision: test-hivemq-platform-59475f86c9, pod revision: test-hivemq-platform-59475f86c9)
2025-01-30 18:33:59,381 INFO c.h.h.t.HelmChartContainer - [hivemq-test-hivemq-platform] [hivemq-platform-operator] [2f3f9aef] 18:33:59.380 [ReconcilerExecutor-hivemq-controller-64] DEBUG c.h.p.o.h.HiveMQPlatformReconcilerRollingRestartHandler - [helmvolu] Skipping Pod test-hivemq-platform-1 as it's already on the controller update revision (update revision: test-hivemq-platform-59475f86c9, pod revision: test-hivemq-platform-59475f86c9)
2025-01-30 18:33:59,446 INFO c.h.h.t.HelmChartContainer - [hivemq-test-hivemq-platform] [hivemq-platform-operator] [2f3f9aef] 18:33:59.445 [ReconcilerExecutor-hivemq-controller-64] DEBUG c.h.p.o.h.HiveMQPlatformReconcilerRollingRestartHandler - [helmvolu] The last Pod is running for 54 seconds, the next Pod can be restarted
2025-01-30 18:33:59,446 INFO c.h.h.t.HelmChartContainer - [hivemq-test-hivemq-platform] [hivemq-platform-operator] [2f3f9aef] 18:33:59.445 [ReconcilerExecutor-hivemq-controller-64] INFO  c.h.p.o.h.HiveMQPlatformReconcilerRollingRestartHandler - [helmvolu] Restarting Pod test-hivemq-platform-0 as it's not matching the controller update revision (update revision: test-hivemq-platform-59475f86c9, pod revision: test-hivemq-platform-6c7bb94cbd)
2025-01-30 18:33:59,475 INFO c.h.h.t.HelmChartContainer - [POD] test-hivemq-platform-0 [82e05549-2552-4c6e-b6f5-d6da92e287eb] in helmvolumeclaimtemplatesit was MODIFIED
2025-01-30 18:33:59,481 INFO c.h.h.t.HelmChartContainer - [EVENT] Normal [Killing] Stopping container hivemq [helmvolumeclaimtemplatesit:test-hivemq-platform-0]
2025-01-30 18:33:59,481 INFO c.h.h.t.HelmChartContainer - Received Killing event for container hivemq in pod test-hivemq-platform-0 [82e05549-2552-4c6e-b6f5-d6da92e287eb]
2025-01-30 18:33:59,481 INFO c.h.h.t.HelmChartContainer - Container [test-hivemq-platform-0] [hivemq] [82e05549-2552-4c6e-b6f5-d6da92e287eb] was terminated
2025-01-30 18:33:59,483 INFO c.h.h.t.HelmChartContainer - Stopped log watcher for hivemq in pod test-hivemq-platform-0 [82e05549-2552-4c6e-b6f5-d6da92e287eb]
2025-01-30 18:33:59,488 INFO c.h.h.t.HelmChartContainer - [test-hivemq-platform] [hivemq] [82e05549] INFO  - [HiveMQ Platform Operator Init App 1.7.0-SNAPSHOT] Shutting down
2025-01-30 18:33:59,488 INFO c.h.h.t.HelmChartContainer - [test-hivemq-platform] [hivemq] [82e05549] INFO  - [HiveMQ Platform Operator Init App 1.7.0-SNAPSHOT] Stopping the HiveMQ Platform
2025-01-30 18:33:59,488 INFO c.h.h.t.HelmChartContainer - [hivemq-test-hivemq-platform] [hivemq-platform-operator] [2f3f9aef] 18:33:59.485 [pool-6-thread-21] DEBUG c.h.p.o.d.PlatformServiceResource - [helmvolu] Desired Platform services (3 services)
2025-01-30 18:33:59,488 INFO c.h.h.t.HelmChartContainer - [hivemq-test-hivemq-platform] [hivemq-platform-operator] [2f3f9aef] 18:33:59.486 [pool-6-thread-24] DEBUG c.h.p.o.dependants.PodInfoConfigMap - [helmvolu] Desired PodInfo ConfigMap (1 extensions) (1 enabled)
2025-01-30 18:33:59,489 INFO c.h.h.t.HelmChartContainer - [hivemq-test-hivemq-platform] [hivemq-platform-operator] [2f3f9aef] 18:33:59.486 [pool-6-thread-24] DEBUG c.h.p.o.dependants.PodInfoConfigMap - [helmvolu] Desired PodInfo ConfigMap (metrics port: 9399) (metrics path: /)
2025-01-30 18:33:59,489 INFO c.h.h.t.HelmChartContainer - [hivemq-test-hivemq-platform] [hivemq-platform-operator] [2f3f9aef] 18:33:59.486 [pool-6-thread-24] DEBUG c.h.p.o.dependants.PodInfoConfigMap - [helmvolu] Desired PodInfo ConfigMap (extension state hash: -1817474005)
2025-01-30 18:33:59,493 INFO c.h.h.t.HelmChartContainer - [hivemq-test-hivemq-platform] [hivemq-platform-operator] [2f3f9aef] 18:33:59.492 [pool-6-thread-24] DEBUG c.h.p.o.d.PodServiceAccountResource - [helmvolu] Desired PodServiceAccountResource (serviceAccountName: hivemq-platform-pod-test-hivemq-platform)
2025-01-30 18:33:59,494 INFO c.h.h.t.HelmChartContainer - [hivemq-test-hivemq-platform] [hivemq-platform-operator] [2f3f9aef] 18:33:59.493 [pool-6-thread-22] DEBUG c.h.p.o.d.StatefulSetResource - [helmvolu] Desired StatefulSet (3 replicas) for status ROLLING_RESTART (RESTART_PODS_IN_PROGRESS)
2025-01-30 18:33:59,505 INFO c.h.h.t.HelmChartContainer - [hivemq-test-hivemq-platform] [hivemq-platform-operator] [2f3f9aef] 18:33:59.502 [ReconcilerExecutor-hivemq-controller-64] INFO  c.h.p.o.HiveMQPlatformReconciler - [helmvolu] Reconciling HiveMQ Platform 'test-hivemq-platform' in namespace 'helmvolumeclaimtemplatesit'
2025-01-30 18:33:59,505 INFO c.h.h.t.HelmChartContainer - [hivemq-test-hivemq-platform] [hivemq-platform-operator] [2f3f9aef] 18:33:59.502 [ReconcilerExecutor-hivemq-controller-64] DEBUG c.h.p.o.HiveMQPlatformReconciler - [helmvolu] Custom Resource Status ROLLING_RESTART - HiveMQ Platform is restarting Pods (rolling restart) (RESTART_PODS_IN_PROGRESS)
2025-01-30 18:33:59,505 INFO c.h.h.t.HelmChartContainer - [hivemq-test-hivemq-platform] [hivemq-platform-operator] [2f3f9aef] 18:33:59.502 [ReconcilerExecutor-hivemq-controller-64] DEBUG c.h.p.o.HiveMQPlatformReconciler - [helmvolu] Custom Resource Spec (replicas: 2) (extensions: 1)
2025-01-30 18:33:59,508 INFO c.h.h.t.HelmChartContainer - [hivemq-test-hivemq-platform] [hivemq-platform-operator] [2f3f9aef] 18:33:59.506 [ReconcilerExecutor-hivemq-controller-64] DEBUG c.h.p.o.HiveMQPlatformReconciler - [helmvolu] StatefulSet Status (revision: test-hivemq-platform-59475f86c9, replicas: 3, available: 3, ready: 3, current: 1, updated: 2)
2025-01-30 18:33:59,508 INFO c.h.h.t.HelmChartContainer - [hivemq-test-hivemq-platform] [hivemq-platform-operator] [2f3f9aef] 18:33:59.506 [ReconcilerExecutor-hivemq-controller-64] DEBUG c.h.p.o.HiveMQPlatformReconciler - [helmvolu] StatefulSet Spec (replicas: 3, init containers: 1, containers: 1, volumes: 4)
2025-01-30 18:33:59,545 INFO c.h.h.t.HelmChartContainer - [hivemq-test-hivemq-platform] [hivemq-platform-operator] [2f3f9aef] 18:33:59.544 [ReconcilerExecutor-hivemq-controller-64] DEBUG c.h.p.o.h.HiveMQPlatformReconcilerErrorHandler - [helmvolu] Pod 'test-hivemq-platform-2' phase Running
2025-01-30 18:33:59,546 INFO c.h.h.t.HelmChartContainer - [hivemq-test-hivemq-platform] [hivemq-platform-operator] [2f3f9aef] 18:33:59.546 [ReconcilerExecutor-hivemq-controller-64] DEBUG c.h.p.o.h.HiveMQPlatformReconcilerErrorHandler - [helmvolu] Pod 'test-hivemq-platform-1' phase Running
2025-01-30 18:33:59,547 INFO c.h.h.t.HelmChartContainer - [hivemq-test-hivemq-platform] [hivemq-platform-operator] [2f3f9aef] 18:33:59.547 [ReconcilerExecutor-hivemq-controller-64] DEBUG c.h.p.o.h.HiveMQPlatformReconcilerErrorHandler - [helmvolu] Pod 'test-hivemq-platform-0' phase Running
2025-01-30 18:33:59,569 INFO c.h.h.t.HelmChartContainer - [hivemq-test-hivemq-platform] [hivemq-platform-operator] [2f3f9aef] 18:33:59.567 [ReconcilerExecutor-hivemq-controller-64] DEBUG c.h.p.o.h.HiveMQPlatformReconcilerRollingRestartHandler - [helmvolu] Skipping Pod test-hivemq-platform-2 as it's already on the controller update revision (update revision: test-hivemq-platform-59475f86c9, pod revision: test-hivemq-platform-59475f86c9)
2025-01-30 18:33:59,572 INFO c.h.h.t.HelmChartContainer - [hivemq-test-hivemq-platform] [hivemq-platform-operator] [2f3f9aef] 18:33:59.571 [ReconcilerExecutor-hivemq-controller-64] DEBUG c.h.p.o.h.HiveMQPlatformReconcilerRollingRestartHandler - [helmvolu] Skipping Pod test-hivemq-platform-1 as it's already on the controller update revision (update revision: test-hivemq-platform-59475f86c9, pod revision: test-hivemq-platform-59475f86c9)
2025-01-30 18:33:59,583 INFO c.h.h.t.HelmChartContainer - [hivemq-test-hivemq-platform] [hivemq-platform-operator] [2f3f9aef] 18:33:59.581 [ReconcilerExecutor-hivemq-controller-64] DEBUG c.h.p.o.h.HiveMQPlatformReconcilerRollingRestartHandler - [helmvolu] The last Pod is running for 54 seconds, the next Pod can be restarted
2025-01-30 18:33:59,584 INFO c.h.h.t.HelmChartContainer - [hivemq-test-hivemq-platform] [hivemq-platform-operator] [2f3f9aef] 18:33:59.581 [ReconcilerExecutor-hivemq-controller-64] INFO  c.h.p.o.h.HiveMQPlatformReconcilerRollingRestartHandler - [helmvolu] Restarting Pod test-hivemq-platform-0 as it's not matching the controller update revision (update revision: test-hivemq-platform-59475f86c9, pod revision: test-hivemq-platform-6c7bb94cbd)
2025-01-30 18:33:59,668 INFO c.h.h.t.HelmChartContainer - [hivemq-test-hivemq-platform] [hivemq-platform-operator] [2f3f9aef] 18:33:59.666 [pool-6-thread-33] DEBUG c.h.p.o.d.PlatformServiceResource - [helmvolu] Desired Platform services (3 services)
2025-01-30 18:33:59,670 INFO c.h.h.t.HelmChartContainer - [hivemq-test-hivemq-platform] [hivemq-platform-operator] [2f3f9aef] 18:33:59.668 [pool-6-thread-35] DEBUG c.h.p.o.d.PodServiceAccountResource - [helmvolu] Desired PodServiceAccountResource (serviceAccountName: hivemq-platform-pod-test-hivemq-platform)
2025-01-30 18:33:59,670 INFO c.h.h.t.HelmChartContainer - [hivemq-test-hivemq-platform] [hivemq-platform-operator] [2f3f9aef] 18:33:59.670 [pool-6-thread-32] DEBUG c.h.p.o.dependants.PodInfoConfigMap - [helmvolu] Desired PodInfo ConfigMap (1 extensions) (1 enabled)
2025-01-30 18:33:59,671 INFO c.h.h.t.HelmChartContainer - [hivemq-test-hivemq-platform] [hivemq-platform-operator] [2f3f9aef] 18:33:59.670 [pool-6-thread-32] DEBUG c.h.p.o.dependants.PodInfoConfigMap - [helmvolu] Desired PodInfo ConfigMap (metrics port: 9399) (metrics path: /)
2025-01-30 18:33:59,672 INFO c.h.h.t.HelmChartContainer - [hivemq-test-hivemq-platform] [hivemq-platform-operator] [2f3f9aef] 18:33:59.670 [pool-6-thread-32] DEBUG c.h.p.o.dependants.PodInfoConfigMap - [helmvolu] Desired PodInfo ConfigMap (extension state hash: -1817474005)
2025-01-30 18:33:59,673 INFO c.h.h.t.HelmChartContainer - [hivemq-test-hivemq-platform] [hivemq-platform-operator] [2f3f9aef] 18:33:59.672 [pool-6-thread-32] DEBUG c.h.p.o.d.StatefulSetResource - [helmvolu] Desired StatefulSet (3 replicas) for status ROLLING_RESTART (RESTART_PODS_IN_PROGRESS)
2025-01-30 18:33:59,675 INFO c.h.h.t.HelmChartContainer - [hivemq-test-hivemq-platform] [hivemq-platform-operator] [2f3f9aef] 18:33:59.674 [ReconcilerExecutor-hivemq-controller-64] INFO  c.h.p.o.HiveMQPlatformReconciler - [helmvolu] Reconciling HiveMQ Platform 'test-hivemq-platform' in namespace 'helmvolumeclaimtemplatesit'
2025-01-30 18:33:59,676 INFO c.h.h.t.HelmChartContainer - [hivemq-test-hivemq-platform] [hivemq-platform-operator] [2f3f9aef] 18:33:59.674 [ReconcilerExecutor-hivemq-controller-64] DEBUG c.h.p.o.HiveMQPlatformReconciler - [helmvolu] Custom Resource Status ROLLING_RESTART - HiveMQ Platform is restarting Pods (rolling restart) (RESTART_PODS_IN_PROGRESS)
2025-01-30 18:33:59,678 INFO c.h.h.t.HelmChartContainer - [hivemq-test-hivemq-platform] [hivemq-platform-operator] [2f3f9aef] 18:33:59.674 [ReconcilerExecutor-hivemq-controller-64] DEBUG c.h.p.o.HiveMQPlatformReconciler - [helmvolu] Custom Resource Spec (replicas: 2) (extensions: 1)
2025-01-30 18:33:59,681 INFO c.h.h.t.HelmChartContainer - [hivemq-test-hivemq-platform] [hivemq-platform-operator] [2f3f9aef] 18:33:59.676 [ReconcilerExecutor-hivemq-controller-64] DEBUG c.h.p.o.HiveMQPlatformReconciler - [helmvolu] StatefulSet Status (revision: test-hivemq-platform-59475f86c9, replicas: 3, available: 3, ready: 3, current: 0, updated: 2)
2025-01-30 18:33:59,681 INFO c.h.h.t.HelmChartContainer - [hivemq-test-hivemq-platform] [hivemq-platform-operator] [2f3f9aef] 18:33:59.676 [ReconcilerExecutor-hivemq-controller-64] DEBUG c.h.p.o.HiveMQPlatformReconciler - [helmvolu] StatefulSet Spec (replicas: 3, init containers: 1, containers: 1, volumes: 4)
2025-01-30 18:33:59,681 INFO c.h.h.t.HelmChartContainer - [hivemq-test-hivemq-platform] [hivemq-platform-operator] [2f3f9aef] 18:33:59.677 [ReconcilerExecutor-hivemq-controller-64] DEBUG c.h.p.o.h.HiveMQPlatformReconcilerErrorHandler - [helmvolu] Pod 'test-hivemq-platform-2' phase Running
2025-01-30 18:33:59,682 INFO c.h.h.t.HelmChartContainer - [hivemq-test-hivemq-platform] [hivemq-platform-operator] [2f3f9aef] 18:33:59.678 [ReconcilerExecutor-hivemq-controller-64] DEBUG c.h.p.o.h.HiveMQPlatformReconcilerErrorHandler - [helmvolu] Pod 'test-hivemq-platform-1' phase Running
2025-01-30 18:33:59,682 INFO c.h.h.t.HelmChartContainer - [hivemq-test-hivemq-platform] [hivemq-platform-operator] [2f3f9aef] 18:33:59.679 [ReconcilerExecutor-hivemq-controller-64] DEBUG c.h.p.o.h.HiveMQPlatformReconcilerErrorHandler - [helmvolu] Pod 'test-hivemq-platform-0' phase Running
2025-01-30 18:33:59,691 INFO c.h.h.t.HelmChartContainer - [test-hivemq-platform] [hivemq] [82e05549] INFO  - Shutting down HiveMQ. Please wait, this could take a while...
2025-01-30 18:33:59,694 INFO c.h.h.t.HelmChartContainer - [test-hivemq-platform] [hivemq] [82e05549] INFO  - Shutting down listeners and clients
2025-01-30 18:33:59,696 INFO c.h.h.t.HelmChartContainer - [test-hivemq-platform] [hivemq] [82e05549] INFO  - Shutdown of listeners is done
2025-01-30 18:33:59,696 INFO c.h.h.t.HelmChartContainer - [test-hivemq-platform] [hivemq] [82e05549] INFO  - No clients are connected, proceeding with shutdown
2025-01-30 18:33:59,746 INFO c.h.h.t.HelmChartContainer - [hivemq-test-hivemq-platform] [hivemq-platform-operator] [2f3f9aef] 18:33:59.746 [ReconcilerExecutor-hivemq-controller-64] DEBUG c.h.p.o.h.HiveMQPlatformReconcilerRollingRestartHandler - [helmvolu] Skipping Pod test-hivemq-platform-2 as it's already on the controller update revision (update revision: test-hivemq-platform-59475f86c9, pod revision: test-hivemq-platform-59475f86c9)
2025-01-30 18:33:59,772 INFO c.h.h.t.HelmChartContainer - [hivemq-test-hivemq-platform] [hivemq-platform-operator] [2f3f9aef] 18:33:59.771 [ReconcilerExecutor-hivemq-controller-64] DEBUG c.h.p.o.h.HiveMQPlatformReconcilerRollingRestartHandler - [helmvolu] Skipping Pod test-hivemq-platform-1 as it's already on the controller update revision (update revision: test-hivemq-platform-59475f86c9, pod revision: test-hivemq-platform-59475f86c9)
2025-01-30 18:33:59,782 INFO c.h.h.t.HelmChartContainer - [hivemq-test-hivemq-platform] [hivemq-platform-operator] [2f3f9aef] 18:33:59.781 [ReconcilerExecutor-hivemq-controller-64] DEBUG c.h.p.o.h.HiveMQPlatformReconcilerRollingRestartHandler - [helmvolu] The last Pod is running for 54 seconds, the next Pod can be restarted
2025-01-30 18:33:59,782 INFO c.h.h.t.HelmChartContainer - [hivemq-test-hivemq-platform] [hivemq-platform-operator] [2f3f9aef] 18:33:59.781 [ReconcilerExecutor-hivemq-controller-64] INFO  c.h.p.o.h.HiveMQPlatformReconcilerRollingRestartHandler - [helmvolu] Restarting Pod test-hivemq-platform-0 as it's not matching the controller update revision (update revision: test-hivemq-platform-59475f86c9, pod revision: test-hivemq-platform-6c7bb94cbd)
2025-01-30 18:34:01,297 INFO c.h.h.t.HelmChartContainer - [test-hivemq-platform] [hivemq] [82e05549] INFO  - [HiveMQ Platform Operator Init App 1.7.0-SNAPSHOT] Returning shutdown Health API response 503 for readiness
2025-01-30 18:34:01,301 INFO c.h.h.t.HelmChartContainer - [EVENT] Warning [Unhealthy] Readiness probe failed: HTTP probe failed with statuscode: 503 [helmvolumeclaimtemplatesit:test-hivemq-platform-0]
2025-01-30 18:34:01,301 INFO c.h.h.t.HelmChartContainer - Received Unhealthy event for container hivemq in pod test-hivemq-platform-0 [82e05549-2552-4c6e-b6f5-d6da92e287eb]
2025-01-30 18:34:02,206 INFO c.h.h.t.HelmChartContainer - [test-hivemq-platform] [hivemq] [82e05549] INFO  - Shutting down extension system
2025-01-30 18:34:02,213 INFO c.h.h.t.HelmChartContainer - [test-hivemq-platform] [hivemq] [82e05549] INFO  - Stopping extension with id hivemq-dns-cluster-discovery
2025-01-30 18:34:02,214 INFO c.h.h.t.HelmChartContainer - [test-hivemq-platform] [hivemq] [82e05549] INFO  - Extension "DNS Cluster Discovery Extension" version 4.3.2 stopped successfully.
2025-01-30 18:34:02,214 INFO c.h.h.t.HelmChartContainer - [test-hivemq-platform] [hivemq] [82e05549] INFO  - Stopping extension with id hivemq-prometheus-extension
2025-01-30 18:34:02,221 INFO c.h.h.t.HelmChartContainer - [test-hivemq-platform] [hivemq] [82e05549] INFO  - Extension "Prometheus Monitoring Extension" version 4.0.12 stopped successfully.
2025-01-30 18:34:02,221 INFO c.h.h.t.HelmChartContainer - [test-hivemq-platform] [hivemq] [82e05549] INFO  - Stopping extension with id hivemq-allow-all-extension
2025-01-30 18:34:02,221 INFO c.h.h.t.HelmChartContainer - [test-hivemq-platform] [hivemq] [82e05549] INFO  - Extension "Allow All Extension" version 1.1.1 stopped successfully.
2025-01-30 18:34:02,228 INFO c.h.h.t.HelmChartContainer - [test-hivemq-platform] [hivemq] [38b67c1e] INFO  - Cluster nodes found by discovery: [IXwde|5] (2) [IXwde, ZGSur].
2025-01-30 18:34:02,232 INFO c.h.h.t.HelmChartContainer - [test-hivemq-platform] [hivemq] [38b67c1e] INFO  - Cluster size = 2, members : [ZGSur, IXwde].
2025-01-30 18:34:02,238 INFO c.h.h.t.HelmChartContainer - [test-hivemq-platform] [hivemq] [4911ff26] INFO  - Cluster nodes found by discovery: [IXwde|5] (2) [IXwde, ZGSur].
2025-01-30 18:34:02,238 INFO c.h.h.t.HelmChartContainer - [test-hivemq-platform] [hivemq] [38b67c1e] INFO  - Starting cluster replication process. This may take a while. Please do not shut down HiveMQ.
2025-01-30 18:34:02,248 INFO c.h.h.t.HelmChartContainer - [test-hivemq-platform] [hivemq] [4911ff26] INFO  - Cluster size = 2, members : [ZGSur, IXwde].
2025-01-30 18:34:02,252 INFO c.h.h.t.HelmChartContainer - [test-hivemq-platform] [hivemq] [4911ff26] INFO  - Starting cluster replication process. This may take a while. Please do not shut down HiveMQ.
2025-01-30 18:34:02,526 INFO c.h.h.t.HelmChartContainer - [test-hivemq-platform] [hivemq] [38b67c1e] INFO  - Finished cluster replication successfully in 286 ms.
2025-01-30 18:34:02,543 INFO c.h.h.t.HelmChartContainer - [test-hivemq-platform] [hivemq] [4911ff26] INFO  - Finished cluster replication successfully in 294 ms.
2025-01-30 18:34:04,514 INFO c.h.h.t.HelmChartContainer - [test-hivemq-platform] [hivemq] [82e05549] INFO  - Shutdown completed.
2025-01-30 18:34:04,863 INFO c.h.h.t.HelmChartContainer - [test-hivemq-platform] [hivemq] [82e05549] INFO  - [HiveMQ Platform Operator Init App 1.7.0-SNAPSHOT] The HiveMQ Platform exited with code 143
2025-01-30 18:34:04,863 INFO c.h.h.t.HelmChartContainer - [test-hivemq-platform] [hivemq] [82e05549] INFO  - [HiveMQ Platform Operator Init App 1.7.0-SNAPSHOT] Stopping the REST API
2025-01-30 18:34:04,886 INFO c.h.h.t.HelmChartContainer - [test-hivemq-platform] [hivemq] [82e05549] INFO  - [HiveMQ Platform Operator Init App 1.7.0-SNAPSHOT] Shutdown complete
2025-01-30 18:34:05,333 INFO c.h.h.t.HelmChartContainer - [POD] test-hivemq-platform-0 [82e05549-2552-4c6e-b6f5-d6da92e287eb] in helmvolumeclaimtemplatesit was MODIFIED
2025-01-30 18:34:05,345 INFO c.h.h.t.HelmChartContainer - [hivemq-test-hivemq-platform] [hivemq-platform-operator] [2f3f9aef] 18:34:05.336 [pool-6-thread-41] DEBUG c.h.p.o.d.PlatformServiceResource - [helmvolu] Desired Platform services (3 services)
2025-01-30 18:34:05,345 INFO c.h.h.t.HelmChartContainer - [hivemq-test-hivemq-platform] [hivemq-platform-operator] [2f3f9aef] 18:34:05.337 [pool-6-thread-48] DEBUG c.h.p.o.dependants.PodInfoConfigMap - [helmvolu] Desired PodInfo ConfigMap (1 extensions) (1 enabled)
2025-01-30 18:34:05,345 INFO c.h.h.t.HelmChartContainer - [hivemq-test-hivemq-platform] [hivemq-platform-operator] [2f3f9aef] 18:34:05.337 [pool-6-thread-48] DEBUG c.h.p.o.dependants.PodInfoConfigMap - [helmvolu] Desired PodInfo ConfigMap (metrics port: 9399) (metrics path: /)
2025-01-30 18:34:05,345 INFO c.h.h.t.HelmChartContainer - [hivemq-test-hivemq-platform] [hivemq-platform-operator] [2f3f9aef] 18:34:05.337 [pool-6-thread-48] DEBUG c.h.p.o.dependants.PodInfoConfigMap - [helmvolu] Desired PodInfo ConfigMap (extension state hash: -1817474005)
2025-01-30 18:34:05,345 INFO c.h.h.t.HelmChartContainer - [hivemq-test-hivemq-platform] [hivemq-platform-operator] [2f3f9aef] 18:34:05.338 [pool-6-thread-48] DEBUG c.h.p.o.d.PodServiceAccountResource - [helmvolu] Desired PodServiceAccountResource (serviceAccountName: hivemq-platform-pod-test-hivemq-platform)
2025-01-30 18:34:05,349 INFO c.h.h.t.HelmChartContainer - [hivemq-test-hivemq-platform] [hivemq-platform-operator] [2f3f9aef] 18:34:05.347 [pool-6-thread-41] DEBUG c.h.p.o.d.StatefulSetResource - [helmvolu] Desired StatefulSet (3 replicas) for status ROLLING_RESTART (RESTART_PODS_IN_PROGRESS)
2025-01-30 18:34:05,356 INFO c.h.h.t.HelmChartContainer - [hivemq-test-hivemq-platform] [hivemq-platform-operator] [2f3f9aef] 18:34:05.352 [ReconcilerExecutor-hivemq-controller-97] INFO  c.h.p.o.HiveMQPlatformReconciler - [helmvolu] Reconciling HiveMQ Platform 'test-hivemq-platform' in namespace 'helmvolumeclaimtemplatesit'
2025-01-30 18:34:05,356 INFO c.h.h.t.HelmChartContainer - [hivemq-test-hivemq-platform] [hivemq-platform-operator] [2f3f9aef] 18:34:05.352 [ReconcilerExecutor-hivemq-controller-97] DEBUG c.h.p.o.HiveMQPlatformReconciler - [helmvolu] Custom Resource Status ROLLING_RESTART - HiveMQ Platform is restarting Pods (rolling restart) (RESTART_PODS_IN_PROGRESS)
2025-01-30 18:34:05,357 INFO c.h.h.t.HelmChartContainer - [hivemq-test-hivemq-platform] [hivemq-platform-operator] [2f3f9aef] 18:34:05.352 [ReconcilerExecutor-hivemq-controller-97] DEBUG c.h.p.o.HiveMQPlatformReconciler - [helmvolu] Custom Resource Spec (replicas: 2) (extensions: 1)
2025-01-30 18:34:05,357 INFO c.h.h.t.HelmChartContainer - [hivemq-test-hivemq-platform] [hivemq-platform-operator] [2f3f9aef] 18:34:05.353 [ReconcilerExecutor-hivemq-controller-97] DEBUG c.h.p.o.HiveMQPlatformReconciler - [helmvolu] StatefulSet Status (revision: test-hivemq-platform-59475f86c9, replicas: 3, available: 2, ready: 2, current: 0, updated: 2)
2025-01-30 18:34:05,357 INFO c.h.h.t.HelmChartContainer - [hivemq-test-hivemq-platform] [hivemq-platform-operator] [2f3f9aef] 18:34:05.353 [ReconcilerExecutor-hivemq-controller-97] DEBUG c.h.p.o.HiveMQPlatformReconciler - [helmvolu] StatefulSet Spec (replicas: 3, init containers: 1, containers: 1, volumes: 4)
2025-01-30 18:34:05,357 INFO c.h.h.t.HelmChartContainer - [hivemq-test-hivemq-platform] [hivemq-platform-operator] [2f3f9aef] 18:34:05.354 [ReconcilerExecutor-hivemq-controller-97] DEBUG c.h.p.o.h.HiveMQPlatformReconcilerErrorHandler - [helmvolu] Pod 'test-hivemq-platform-2' phase Running
2025-01-30 18:34:05,359 INFO c.h.h.t.HelmChartContainer - [hivemq-test-hivemq-platform] [hivemq-platform-operator] [2f3f9aef] 18:34:05.355 [ReconcilerExecutor-hivemq-controller-97] DEBUG c.h.p.o.h.HiveMQPlatformReconcilerErrorHandler - [helmvolu] Pod 'test-hivemq-platform-1' phase Running
2025-01-30 18:34:05,363 INFO c.h.h.t.HelmChartContainer - [hivemq-test-hivemq-platform] [hivemq-platform-operator] [2f3f9aef] 18:34:05.361 [ReconcilerExecutor-hivemq-controller-97] DEBUG c.h.p.o.h.HiveMQPlatformReconcilerErrorHandler - [helmvolu] Pod 'test-hivemq-platform-0' phase Failed
2025-01-30 18:34:05,363 INFO c.h.h.t.HelmChartContainer - [hivemq-test-hivemq-platform] [hivemq-platform-operator] [2f3f9aef] 18:34:05.362 [ReconcilerExecutor-hivemq-controller-97] DEBUG c.h.p.o.h.HiveMQPlatformReconcilerErrorHandler - [helmvolu] Pod 'test-hivemq-platform-0' condition 'PodReadyToStartContainers': False
2025-01-30 18:34:05,363 INFO c.h.h.t.HelmChartContainer - [hivemq-test-hivemq-platform] [hivemq-platform-operator] [2f3f9aef] 18:34:05.362 [ReconcilerExecutor-hivemq-controller-97] DEBUG c.h.p.o.h.HiveMQPlatformReconcilerErrorHandler - [helmvolu] Pod 'test-hivemq-platform-0' condition 'Initialized': True
2025-01-30 18:34:05,363 INFO c.h.h.t.HelmChartContainer - [hivemq-test-hivemq-platform] [hivemq-platform-operator] [2f3f9aef] 18:34:05.362 [ReconcilerExecutor-hivemq-controller-97] DEBUG c.h.p.o.h.HiveMQPlatformReconcilerErrorHandler - [helmvolu] Pod 'test-hivemq-platform-0' condition 'Ready': False
2025-01-30 18:34:05,363 INFO c.h.h.t.HelmChartContainer - [hivemq-test-hivemq-platform] [hivemq-platform-operator] [2f3f9aef] 18:34:05.362 [ReconcilerExecutor-hivemq-controller-97] DEBUG c.h.p.o.h.HiveMQPlatformReconcilerErrorHandler - [helmvolu] Pod 'test-hivemq-platform-0' condition 'ContainersReady': False
2025-01-30 18:34:05,363 INFO c.h.h.t.HelmChartContainer - [hivemq-test-hivemq-platform] [hivemq-platform-operator] [2f3f9aef] 18:34:05.362 [ReconcilerExecutor-hivemq-controller-97] DEBUG c.h.p.o.h.HiveMQPlatformReconcilerErrorHandler - [helmvolu] Pod 'test-hivemq-platform-0' condition 'PodScheduled': True
2025-01-30 18:34:05,363 INFO c.h.h.t.HelmChartContainer - [hivemq-test-hivemq-platform] [hivemq-platform-operator] [2f3f9aef] 18:34:05.362 [ReconcilerExecutor-hivemq-controller-97] DEBUG c.h.p.o.h.HiveMQPlatformReconcilerErrorHandler - [helmvolu] Pod 'test-hivemq-platform-0' containerStatus 'hivemq' (started: false) (ready: false) (waiting: [Unknown] no message)
2025-01-30 18:34:05,363 INFO c.h.h.t.HelmChartContainer - [hivemq-test-hivemq-platform] [hivemq-platform-operator] [2f3f9aef] 18:34:05.362 [ReconcilerExecutor-hivemq-controller-97] DEBUG c.h.p.o.h.HiveMQPlatformReconcilerRollingRestartHandler - [helmvolu] Rolling restart is waiting for 2 of 3 replicas
2025-01-30 18:34:05,366 INFO c.h.h.t.HelmChartContainer - [hivemq-test-hivemq-platform] [hivemq-platform-operator] [2f3f9aef] 18:34:05.364 [pool-6-thread-3] DEBUG c.h.p.o.d.PlatformServiceResource - [helmvolu] Desired Platform services (3 services)
2025-01-30 18:34:05,366 INFO c.h.h.t.HelmChartContainer - [hivemq-test-hivemq-platform] [hivemq-platform-operator] [2f3f9aef] 18:34:05.365 [pool-6-thread-7] DEBUG c.h.p.o.dependants.PodInfoConfigMap - [helmvolu] Desired PodInfo ConfigMap (1 extensions) (1 enabled)
2025-01-30 18:34:05,366 INFO c.h.h.t.HelmChartContainer - [hivemq-test-hivemq-platform] [hivemq-platform-operator] [2f3f9aef] 18:34:05.365 [pool-6-thread-7] DEBUG c.h.p.o.dependants.PodInfoConfigMap - [helmvolu] Desired PodInfo ConfigMap (metrics port: 9399) (metrics path: /)
2025-01-30 18:34:05,366 INFO c.h.h.t.HelmChartContainer - [hivemq-test-hivemq-platform] [hivemq-platform-operator] [2f3f9aef] 18:34:05.365 [pool-6-thread-7] DEBUG c.h.p.o.dependants.PodInfoConfigMap - [helmvolu] Desired PodInfo ConfigMap (extension state hash: -1817474005)
2025-01-30 18:34:05,366 INFO c.h.h.t.HelmChartContainer - [hivemq-test-hivemq-platform] [hivemq-platform-operator] [2f3f9aef] 18:34:05.365 [pool-6-thread-10] DEBUG c.h.p.o.d.PodServiceAccountResource - [helmvolu] Desired PodServiceAccountResource (serviceAccountName: hivemq-platform-pod-test-hivemq-platform)
2025-01-30 18:34:05,372 INFO c.h.h.t.HelmChartContainer - [hivemq-test-hivemq-platform] [hivemq-platform-operator] [2f3f9aef] 18:34:05.369 [pool-6-thread-3] DEBUG c.h.p.o.d.StatefulSetResource - [helmvolu] Desired StatefulSet (3 replicas) for status ROLLING_RESTART (RESTART_PODS_IN_PROGRESS)
2025-01-30 18:34:05,373 INFO c.h.h.t.HelmChartContainer - [hivemq-test-hivemq-platform] [hivemq-platform-operator] [2f3f9aef] 18:34:05.373 [ReconcilerExecutor-hivemq-controller-97] INFO  c.h.p.o.HiveMQPlatformReconciler - [helmvolu] Reconciling HiveMQ Platform 'test-hivemq-platform' in namespace 'helmvolumeclaimtemplatesit'
2025-01-30 18:34:05,375 INFO c.h.h.t.HelmChartContainer - [hivemq-test-hivemq-platform] [hivemq-platform-operator] [2f3f9aef] 18:34:05.373 [ReconcilerExecutor-hivemq-controller-97] DEBUG c.h.p.o.HiveMQPlatformReconciler - [helmvolu] Custom Resource Status ROLLING_RESTART - HiveMQ Platform is restarting Pods (rolling restart) (RESTART_PODS_IN_PROGRESS)
2025-01-30 18:34:05,375 INFO c.h.h.t.HelmChartContainer - [hivemq-test-hivemq-platform] [hivemq-platform-operator] [2f3f9aef] 18:34:05.373 [ReconcilerExecutor-hivemq-controller-97] DEBUG c.h.p.o.HiveMQPlatformReconciler - [helmvolu] Custom Resource Spec (replicas: 2) (extensions: 1)
2025-01-30 18:34:05,375 INFO c.h.h.t.HelmChartContainer - [hivemq-test-hivemq-platform] [hivemq-platform-operator] [2f3f9aef] 18:34:05.374 [ReconcilerExecutor-hivemq-controller-97] DEBUG c.h.p.o.HiveMQPlatformReconciler - [helmvolu] StatefulSet Status (revision: test-hivemq-platform-59475f86c9, replicas: 3, available: 2, ready: 2, current: 0, updated: 2)
2025-01-30 18:34:05,375 INFO c.h.h.t.HelmChartContainer - [hivemq-test-hivemq-platform] [hivemq-platform-operator] [2f3f9aef] 18:34:05.374 [ReconcilerExecutor-hivemq-controller-97] DEBUG c.h.p.o.HiveMQPlatformReconciler - [helmvolu] StatefulSet Spec (replicas: 3, init containers: 1, containers: 1, volumes: 4)
2025-01-30 18:34:05,376 INFO c.h.h.t.HelmChartContainer - [hivemq-test-hivemq-platform] [hivemq-platform-operator] [2f3f9aef] 18:34:05.375 [ReconcilerExecutor-hivemq-controller-97] DEBUG c.h.p.o.h.HiveMQPlatformReconcilerErrorHandler - [helmvolu] Pod 'test-hivemq-platform-2' phase Running
2025-01-30 18:34:05,445 INFO c.h.h.t.HelmChartContainer - [hivemq-test-hivemq-platform] [hivemq-platform-operator] [2f3f9aef] 18:34:05.444 [ReconcilerExecutor-hivemq-controller-97] DEBUG c.h.p.o.h.HiveMQPlatformReconcilerErrorHandler - [helmvolu] Pod 'test-hivemq-platform-1' phase Running
2025-01-30 18:34:05,446 INFO c.h.h.t.HelmChartContainer - [hivemq-test-hivemq-platform] [hivemq-platform-operator] [2f3f9aef] 18:34:05.446 [ReconcilerExecutor-hivemq-controller-97] DEBUG c.h.p.o.h.HiveMQPlatformReconcilerErrorHandler - [helmvolu] Pod 'test-hivemq-platform-0' phase Failed
2025-01-30 18:34:05,447 INFO c.h.h.t.HelmChartContainer - [hivemq-test-hivemq-platform] [hivemq-platform-operator] [2f3f9aef] 18:34:05.446 [ReconcilerExecutor-hivemq-controller-97] DEBUG c.h.p.o.h.HiveMQPlatformReconcilerErrorHandler - [helmvolu] Pod 'test-hivemq-platform-0' condition 'PodReadyToStartContainers': False
2025-01-30 18:34:05,447 INFO c.h.h.t.HelmChartContainer - [hivemq-test-hivemq-platform] [hivemq-platform-operator] [2f3f9aef] 18:34:05.446 [ReconcilerExecutor-hivemq-controller-97] DEBUG c.h.p.o.h.HiveMQPlatformReconcilerErrorHandler - [helmvolu] Pod 'test-hivemq-platform-0' condition 'Initialized': True
2025-01-30 18:34:05,447 INFO c.h.h.t.HelmChartContainer - [hivemq-test-hivemq-platform] [hivemq-platform-operator] [2f3f9aef] 18:34:05.446 [ReconcilerExecutor-hivemq-controller-97] DEBUG c.h.p.o.h.HiveMQPlatformReconcilerErrorHandler - [helmvolu] Pod 'test-hivemq-platform-0' condition 'Ready': False
2025-01-30 18:34:05,447 INFO c.h.h.t.HelmChartContainer - [hivemq-test-hivemq-platform] [hivemq-platform-operator] [2f3f9aef] 18:34:05.446 [ReconcilerExecutor-hivemq-controller-97] DEBUG c.h.p.o.h.HiveMQPlatformReconcilerErrorHandler - [helmvolu] Pod 'test-hivemq-platform-0' condition 'ContainersReady': False
2025-01-30 18:34:05,447 INFO c.h.h.t.HelmChartContainer - [hivemq-test-hivemq-platform] [hivemq-platform-operator] [2f3f9aef] 18:34:05.446 [ReconcilerExecutor-hivemq-controller-97] DEBUG c.h.p.o.h.HiveMQPlatformReconcilerErrorHandler - [helmvolu] Pod 'test-hivemq-platform-0' condition 'PodScheduled': True
2025-01-30 18:34:05,447 INFO c.h.h.t.HelmChartContainer - [hivemq-test-hivemq-platform] [hivemq-platform-operator] [2f3f9aef] 18:34:05.446 [ReconcilerExecutor-hivemq-controller-97] DEBUG c.h.p.o.h.HiveMQPlatformReconcilerErrorHandler - [helmvolu] Pod 'test-hivemq-platform-0' containerStatus 'hivemq' (started: false) (ready: false) (waiting: [Unknown] no message)
2025-01-30 18:34:05,447 INFO c.h.h.t.HelmChartContainer - [hivemq-test-hivemq-platform] [hivemq-platform-operator] [2f3f9aef] 18:34:05.446 [ReconcilerExecutor-hivemq-controller-97] DEBUG c.h.p.o.h.HiveMQPlatformReconcilerRollingRestartHandler - [helmvolu] Rolling restart is waiting for 2 of 3 replicas
2025-01-30 18:34:05,469 INFO c.h.h.t.HelmChartContainer - [K3S] [reconciler_common.go:162] "operationExecutor.UnmountVolume started for volume \"kube-api-access-n9hsd\" (UniqueName: \"kubernetes.io/projected/82e05549-2552-4c6e-b6f5-d6da92e287eb-kube-api-access-n9hsd\") pod \"82e05549-2552-4c6e-b6f5-d6da92e287eb\" (UID: \"82e05549-2552-4c6e-b6f5-d6da92e287eb\") "
2025-01-30 18:34:05,469 INFO c.h.h.t.HelmChartContainer - [K3S] [reconciler_common.go:162] "operationExecutor.UnmountVolume started for volume \"pod-info\" (UniqueName: \"kubernetes.io/configmap/82e05549-2552-4c6e-b6f5-d6da92e287eb-pod-info\") pod \"82e05549-2552-4c6e-b6f5-d6da92e287eb\" (UID: \"82e05549-2552-4c6e-b6f5-d6da92e287eb\") "
2025-01-30 18:34:05,470 INFO c.h.h.t.HelmChartContainer - [K3S] [reconciler_common.go:162] "operationExecutor.UnmountVolume started for volume \"broker-configuration\" (UniqueName: \"kubernetes.io/configmap/82e05549-2552-4c6e-b6f5-d6da92e287eb-broker-configuration\") pod \"82e05549-2552-4c6e-b6f5-d6da92e287eb\" (UID: \"82e05549-2552-4c6e-b6f5-d6da92e287eb\") "
2025-01-30 18:34:05,470 INFO c.h.h.t.HelmChartContainer - [K3S] [reconciler_common.go:162] "operationExecutor.UnmountVolume started for volume \"operator-init\" (UniqueName: \"kubernetes.io/empty-dir/82e05549-2552-4c6e-b6f5-d6da92e287eb-operator-init\") pod \"82e05549-2552-4c6e-b6f5-d6da92e287eb\" (UID: \"82e05549-2552-4c6e-b6f5-d6da92e287eb\") "
2025-01-30 18:34:05,470 INFO c.h.h.t.HelmChartContainer - [K3S] [reconciler_common.go:162] "operationExecutor.UnmountVolume started for volume \"hivemq-pvc-data\" (UniqueName: \"kubernetes.io/local-volume/pvc-6c859c0b-f580-49e5-904b-f080d6c5c3c3\") pod \"82e05549-2552-4c6e-b6f5-d6da92e287eb\" (UID: \"82e05549-2552-4c6e-b6f5-d6da92e287eb\") "
2025-01-30 18:34:05,570 INFO c.h.h.t.HelmChartContainer - [K3S] [reconciler_common.go:299] "Volume detached for volume \"operator-init\" (UniqueName: \"kubernetes.io/empty-dir/82e05549-2552-4c6e-b6f5-d6da92e287eb-operator-init\") on node \"c1f759053570\" DevicePath \"\""
2025-01-30 18:34:05,570 INFO c.h.h.t.HelmChartContainer - [K3S] [reconciler_common.go:292] "operationExecutor.UnmountDevice started for volume \"pvc-6c859c0b-f580-49e5-904b-f080d6c5c3c3\" (UniqueName: \"kubernetes.io/local-volume/pvc-6c859c0b-f580-49e5-904b-f080d6c5c3c3\") on node \"c1f759053570\" "
2025-01-30 18:34:05,570 INFO c.h.h.t.HelmChartContainer - [K3S] [reconciler_common.go:299] "Volume detached for volume \"kube-api-access-n9hsd\" (UniqueName: \"kubernetes.io/projected/82e05549-2552-4c6e-b6f5-d6da92e287eb-kube-api-access-n9hsd\") on node \"c1f759053570\" DevicePath \"\""
2025-01-30 18:34:05,570 INFO c.h.h.t.HelmChartContainer - [K3S] [reconciler_common.go:299] "Volume detached for volume \"pod-info\" (UniqueName: \"kubernetes.io/configmap/82e05549-2552-4c6e-b6f5-d6da92e287eb-pod-info\") on node \"c1f759053570\" DevicePath \"\""
2025-01-30 18:34:05,570 INFO c.h.h.t.HelmChartContainer - [K3S] [reconciler_common.go:299] "Volume detached for volume \"broker-configuration\" (UniqueName: \"kubernetes.io/configmap/82e05549-2552-4c6e-b6f5-d6da92e287eb-broker-configuration\") on node \"c1f759053570\" DevicePath \"\""
2025-01-30 18:34:05,670 INFO c.h.h.t.HelmChartContainer - [K3S] [reconciler_common.go:299] "Volume detached for volume \"pvc-6c859c0b-f580-49e5-904b-f080d6c5c3c3\" (UniqueName: \"kubernetes.io/local-volume/pvc-6c859c0b-f580-49e5-904b-f080d6c5c3c3\") on node \"c1f759053570\" DevicePath \"\""
2025-01-30 18:34:05,713 INFO c.h.h.t.HelmChartContainer - [K3S] [scope.go:117] "RemoveContainer" containerID="4ffd690f74494f9ec7e7a8417ce98484e8b47c65ce6be3ac45eed5524cdc7d58"
2025-01-30 18:34:05,718 INFO c.h.h.t.HelmChartContainer - [K3S] [scope.go:117] "RemoveContainer" containerID="3afd376ad07250a3291a1ef1a6e6690f8b37b3d0eaf234a6eff2a2e58b84abf5"
2025-01-30 18:34:05,722 INFO c.h.h.t.HelmChartContainer - [K3S] [scope.go:117] "RemoveContainer" containerID="4ffd690f74494f9ec7e7a8417ce98484e8b47c65ce6be3ac45eed5524cdc7d58"
2025-01-30 18:34:05,723 INFO c.h.h.t.HelmChartContainer - [K3S] [scope.go:117] "RemoveContainer" containerID="3afd376ad07250a3291a1ef1a6e6690f8b37b3d0eaf234a6eff2a2e58b84abf5"
2025-01-30 18:34:05,740 INFO c.h.h.t.HelmChartContainer - [POD] test-hivemq-platform-0 [82e05549-2552-4c6e-b6f5-d6da92e287eb] in helmvolumeclaimtemplatesit was MODIFIED
2025-01-30 18:34:05,740 INFO c.h.h.t.HelmChartContainer - [hivemq-test-hivemq-platform] [hivemq-platform-operator] [2f3f9aef] 18:34:05.736 [pool-6-thread-17] DEBUG c.h.p.o.d.PlatformServiceResource - [helmvolu] Desired Platform services (3 services)
2025-01-30 18:34:05,740 INFO c.h.h.t.HelmChartContainer - [hivemq-test-hivemq-platform] [hivemq-platform-operator] [2f3f9aef] 18:34:05.737 [pool-6-thread-20] DEBUG c.h.p.o.dependants.PodInfoConfigMap - [helmvolu] Desired PodInfo ConfigMap (1 extensions) (1 enabled)
2025-01-30 18:34:05,744 INFO c.h.h.t.HelmChartContainer - [POD] test-hivemq-platform-0 [82e05549-2552-4c6e-b6f5-d6da92e287eb] in helmvolumeclaimtemplatesit was DELETED
2025-01-30 18:34:05,751 INFO c.h.h.t.HelmChartContainer - [hivemq-test-hivemq-platform] [hivemq-platform-operator] [2f3f9aef] 18:34:05.742 [pool-6-thread-20] DEBUG c.h.p.o.dependants.PodInfoConfigMap - [helmvolu] Desired PodInfo ConfigMap (metrics port: 9399) (metrics path: /)
2025-01-30 18:34:05,752 INFO c.h.h.t.HelmChartContainer - [hivemq-test-hivemq-platform] [hivemq-platform-operator] [2f3f9aef] 18:34:05.742 [pool-6-thread-20] DEBUG c.h.p.o.dependants.PodInfoConfigMap - [helmvolu] Desired PodInfo ConfigMap (extension state hash: -1817474005)
2025-01-30 18:34:05,752 INFO c.h.h.t.HelmChartContainer - [hivemq-test-hivemq-platform] [hivemq-platform-operator] [2f3f9aef] 18:34:05.739 [pool-6-thread-14] DEBUG c.h.p.o.d.PodServiceAccountResource - [helmvolu] Desired PodServiceAccountResource (serviceAccountName: hivemq-platform-pod-test-hivemq-platform)
2025-01-30 18:34:05,752 INFO c.h.h.t.HelmChartContainer - [hivemq-test-hivemq-platform] [hivemq-platform-operator] [2f3f9aef] 18:34:05.744 [pool-6-thread-20] DEBUG c.h.p.o.d.StatefulSetResource - [helmvolu] Desired StatefulSet (3 replicas) for status ROLLING_RESTART (RESTART_PODS_IN_PROGRESS)
2025-01-30 18:34:05,752 INFO c.h.h.t.HelmChartContainer - [hivemq-test-hivemq-platform] [hivemq-platform-operator] [2f3f9aef] 18:34:05.746 [ReconcilerExecutor-hivemq-controller-109] INFO  c.h.p.o.HiveMQPlatformReconciler - [helmvolu] Reconciling HiveMQ Platform 'test-hivemq-platform' in namespace 'helmvolumeclaimtemplatesit'
2025-01-30 18:34:05,752 INFO c.h.h.t.HelmChartContainer - [hivemq-test-hivemq-platform] [hivemq-platform-operator] [2f3f9aef] 18:34:05.747 [ReconcilerExecutor-hivemq-controller-109] DEBUG c.h.p.o.HiveMQPlatformReconciler - [helmvolu] Custom Resource Status ROLLING_RESTART - HiveMQ Platform is restarting Pods (rolling restart) (RESTART_PODS_IN_PROGRESS)
2025-01-30 18:34:05,752 INFO c.h.h.t.HelmChartContainer - [hivemq-test-hivemq-platform] [hivemq-platform-operator] [2f3f9aef] 18:34:05.747 [ReconcilerExecutor-hivemq-controller-109] DEBUG c.h.p.o.HiveMQPlatformReconciler - [helmvolu] Custom Resource Spec (replicas: 2) (extensions: 1)
2025-01-30 18:34:05,752 INFO c.h.h.t.HelmChartContainer - [hivemq-test-hivemq-platform] [hivemq-platform-operator] [2f3f9aef] 18:34:05.748 [ReconcilerExecutor-hivemq-controller-109] DEBUG c.h.p.o.HiveMQPlatformReconciler - [helmvolu] StatefulSet Status (revision: test-hivemq-platform-59475f86c9, replicas: 3, available: 2, ready: 2, current: 0, updated: 2)
2025-01-30 18:34:05,752 INFO c.h.h.t.HelmChartContainer - [POD] test-hivemq-platform-0 [be762aa7-8cbf-41d6-a6b7-da8074bdf6f0] in helmvolumeclaimtemplatesit was ADDED
2025-01-30 18:34:05,755 INFO c.h.h.t.HelmChartContainer - [hivemq-test-hivemq-platform] [hivemq-platform-operator] [2f3f9aef] 18:34:05.750 [ReconcilerExecutor-hivemq-controller-109] DEBUG c.h.p.o.HiveMQPlatformReconciler - [helmvolu] StatefulSet Spec (replicas: 3, init containers: 1, containers: 1, volumes: 4)
2025-01-30 18:34:05,758 INFO c.h.h.t.HelmChartContainer - [hivemq-test-hivemq-platform] [hivemq-platform-operator] [2f3f9aef] 18:34:05.755 [ReconcilerExecutor-hivemq-controller-109] DEBUG c.h.p.o.h.HiveMQPlatformReconcilerErrorHandler - [helmvolu] Pod 'test-hivemq-platform-2' phase Running
2025-01-30 18:34:05,758 INFO c.h.h.t.HelmChartContainer - [hivemq-test-hivemq-platform] [hivemq-platform-operator] [2f3f9aef] 18:34:05.756 [ReconcilerExecutor-hivemq-controller-109] DEBUG c.h.p.o.h.HiveMQPlatformReconcilerErrorHandler - [helmvolu] Pod 'test-hivemq-platform-1' phase Running
2025-01-30 18:34:05,765 INFO c.h.h.t.HelmChartContainer - [POD] test-hivemq-platform-0 [be762aa7-8cbf-41d6-a6b7-da8074bdf6f0] in helmvolumeclaimtemplatesit was MODIFIED
2025-01-30 18:34:05,767 INFO c.h.h.t.HelmChartContainer - [K3S] [memory_manager.go:355] "RemoveStaleState removing state" podUID="82e05549-2552-4c6e-b6f5-d6da92e287eb" containerName="hivemq"
2025-01-30 18:34:05,768 INFO c.h.h.t.HelmChartContainer - [EVENT] Normal [SuccessfulCreate] create Pod test-hivemq-platform-0 in StatefulSet test-hivemq-platform successful [helmvolumeclaimtemplatesit:test-hivemq-platform]
2025-01-30 18:34:05,768 INFO c.h.h.t.HelmChartContainer - [hivemq-test-hivemq-platform] [hivemq-platform-operator] [2f3f9aef] 18:34:05.758 [ReconcilerExecutor-hivemq-controller-109] DEBUG c.h.p.o.h.HiveMQPlatformReconcilerErrorHandler - [helmvolu] Pod 'test-hivemq-platform-0' phase Pending
2025-01-30 18:34:05,768 INFO c.h.h.t.HelmChartContainer - [hivemq-test-hivemq-platform] [hivemq-platform-operator] [2f3f9aef] 18:34:05.758 [ReconcilerExecutor-hivemq-controller-109] DEBUG c.h.p.o.h.HiveMQPlatformReconcilerRollingRestartHandler - [helmvolu] Rolling restart is waiting for 2 of 3 replicas
2025-01-30 18:34:05,768 INFO c.h.h.t.HelmChartContainer - [hivemq-test-hivemq-platform] [hivemq-platform-operator] [2f3f9aef] 18:34:05.763 [pool-6-thread-29] DEBUG c.h.p.o.d.PlatformServiceResource - [helmvolu] Desired Platform services (3 services)
2025-01-30 18:34:05,768 INFO c.h.h.t.HelmChartContainer - [hivemq-test-hivemq-platform] [hivemq-platform-operator] [2f3f9aef] 18:34:05.765 [pool-6-thread-30] DEBUG c.h.p.o.dependants.PodInfoConfigMap - [helmvolu] Desired PodInfo ConfigMap (1 extensions) (1 enabled)
2025-01-30 18:34:05,769 INFO c.h.h.t.HelmChartContainer - [hivemq-test-hivemq-platform] [hivemq-platform-operator] [2f3f9aef] 18:34:05.766 [pool-6-thread-28] DEBUG c.h.p.o.d.PodServiceAccountResource - [helmvolu] Desired PodServiceAccountResource (serviceAccountName: hivemq-platform-pod-test-hivemq-platform)
2025-01-30 18:34:05,769 INFO c.h.h.t.HelmChartContainer - [hivemq-test-hivemq-platform] [hivemq-platform-operator] [2f3f9aef] 18:34:05.767 [pool-6-thread-30] DEBUG c.h.p.o.dependants.PodInfoConfigMap - [helmvolu] Desired PodInfo ConfigMap (metrics port: 9399) (metrics path: /)
2025-01-30 18:34:05,770 INFO c.h.h.t.HelmChartContainer - [hivemq-test-hivemq-platform] [hivemq-platform-operator] [2f3f9aef] 18:34:05.767 [pool-6-thread-30] DEBUG c.h.p.o.dependants.PodInfoConfigMap - [helmvolu] Desired PodInfo ConfigMap (extension state hash: -1817474005)
2025-01-30 18:34:05,775 INFO c.h.h.t.HelmChartContainer - [EVENT] Normal [Scheduled] Successfully assigned helmvolumeclaimtemplatesit/test-hivemq-platform-0 to c1f759053570 [helmvolumeclaimtemplatesit:test-hivemq-platform-0]
2025-01-30 18:34:05,776 INFO c.h.h.t.HelmChartContainer - [hivemq-test-hivemq-platform] [hivemq-platform-operator] [2f3f9aef] 18:34:05.773 [pool-6-thread-30] DEBUG c.h.p.o.d.StatefulSetResource - [helmvolu] Desired StatefulSet (3 replicas) for status ROLLING_RESTART (RESTART_PODS_IN_PROGRESS)
2025-01-30 18:34:05,778 INFO c.h.h.t.HelmChartContainer - [hivemq-test-hivemq-platform] [hivemq-platform-operator] [2f3f9aef] 18:34:05.776 [ReconcilerExecutor-hivemq-controller-110] INFO  c.h.p.o.HiveMQPlatformReconciler - [helmvolu] Reconciling HiveMQ Platform 'test-hivemq-platform' in namespace 'helmvolumeclaimtemplatesit'
2025-01-30 18:34:05,779 INFO c.h.h.t.HelmChartContainer - [hivemq-test-hivemq-platform] [hivemq-platform-operator] [2f3f9aef] 18:34:05.776 [ReconcilerExecutor-hivemq-controller-110] DEBUG c.h.p.o.HiveMQPlatformReconciler - [helmvolu] Custom Resource Status ROLLING_RESTART - HiveMQ Platform is restarting Pods (rolling restart) (RESTART_PODS_IN_PROGRESS)
2025-01-30 18:34:05,779 INFO c.h.h.t.HelmChartContainer - [hivemq-test-hivemq-platform] [hivemq-platform-operator] [2f3f9aef] 18:34:05.776 [ReconcilerExecutor-hivemq-controller-110] DEBUG c.h.p.o.HiveMQPlatformReconciler - [helmvolu] Custom Resource Spec (replicas: 2) (extensions: 1)
2025-01-30 18:34:05,779 INFO c.h.h.t.HelmChartContainer - [hivemq-test-hivemq-platform] [hivemq-platform-operator] [2f3f9aef] 18:34:05.776 [ReconcilerExecutor-hivemq-controller-110] DEBUG c.h.p.o.HiveMQPlatformReconciler - [helmvolu] StatefulSet Status (revision: test-hivemq-platform-59475f86c9, replicas: 3, available: 2, ready: 2, current: 0, updated: 2)
2025-01-30 18:34:05,779 INFO c.h.h.t.HelmChartContainer - [hivemq-test-hivemq-platform] [hivemq-platform-operator] [2f3f9aef] 18:34:05.776 [ReconcilerExecutor-hivemq-controller-110] DEBUG c.h.p.o.HiveMQPlatformReconciler - [helmvolu] StatefulSet Spec (replicas: 3, init containers: 1, containers: 1, volumes: 4)
2025-01-30 18:34:05,780 INFO c.h.h.t.HelmChartContainer - [hivemq-test-hivemq-platform] [hivemq-platform-operator] [2f3f9aef] 18:34:05.779 [ReconcilerExecutor-hivemq-controller-110] DEBUG c.h.p.o.h.HiveMQPlatformReconcilerErrorHandler - [helmvolu] Pod 'test-hivemq-platform-2' phase Running
2025-01-30 18:34:05,781 INFO c.h.h.t.HelmChartContainer - [hivemq-test-hivemq-platform] [hivemq-platform-operator] [2f3f9aef] 18:34:05.780 [ReconcilerExecutor-hivemq-controller-110] DEBUG c.h.p.o.h.HiveMQPlatformReconcilerErrorHandler - [helmvolu] Pod 'test-hivemq-platform-1' phase Running
2025-01-30 18:34:05,781 INFO c.h.h.t.HelmChartContainer - [hivemq-test-hivemq-platform] [hivemq-platform-operator] [2f3f9aef] 18:34:05.781 [ReconcilerExecutor-hivemq-controller-110] DEBUG c.h.p.o.h.HiveMQPlatformReconcilerErrorHandler - [helmvolu] Pod 'test-hivemq-platform-0' phase Pending
2025-01-30 18:34:05,781 INFO c.h.h.t.HelmChartContainer - [hivemq-test-hivemq-platform] [hivemq-platform-operator] [2f3f9aef] 18:34:05.781 [ReconcilerExecutor-hivemq-controller-110] DEBUG c.h.p.o.h.HiveMQPlatformReconcilerErrorHandler - [helmvolu] Pod 'test-hivemq-platform-0' condition 'PodScheduled': True
2025-01-30 18:34:05,785 INFO c.h.h.t.HelmChartContainer - [hivemq-test-hivemq-platform] [hivemq-platform-operator] [2f3f9aef] 18:34:05.781 [ReconcilerExecutor-hivemq-controller-110] DEBUG c.h.p.o.h.HiveMQPlatformReconcilerRollingRestartHandler - [helmvolu] Rolling restart is waiting for 2 of 3 replicas
2025-01-30 18:34:05,785 INFO c.h.h.t.HelmChartContainer - [hivemq-test-hivemq-platform] [hivemq-platform-operator] [2f3f9aef] 18:34:05.784 [pool-6-thread-33] DEBUG c.h.p.o.d.PlatformServiceResource - [helmvolu] Desired Platform services (3 services)
2025-01-30 18:34:05,792 INFO c.h.h.t.HelmChartContainer - [POD] test-hivemq-platform-0 [be762aa7-8cbf-41d6-a6b7-da8074bdf6f0] in helmvolumeclaimtemplatesit was MODIFIED
2025-01-30 18:34:05,850 INFO c.h.h.t.HelmChartContainer - [hivemq-test-hivemq-platform] [hivemq-platform-operator] [2f3f9aef] 18:34:05.846 [pool-6-thread-33] DEBUG c.h.p.o.dependants.PodInfoConfigMap - [helmvolu] Desired PodInfo ConfigMap (1 extensions) (1 enabled)
2025-01-30 18:34:05,851 INFO c.h.h.t.HelmChartContainer - [hivemq-test-hivemq-platform] [hivemq-platform-operator] [2f3f9aef] 18:34:05.846 [pool-6-thread-33] DEBUG c.h.p.o.dependants.PodInfoConfigMap - [helmvolu] Desired PodInfo ConfigMap (metrics port: 9399) (metrics path: /)
2025-01-30 18:34:05,851 INFO c.h.h.t.HelmChartContainer - [hivemq-test-hivemq-platform] [hivemq-platform-operator] [2f3f9aef] 18:34:05.846 [pool-6-thread-33] DEBUG c.h.p.o.dependants.PodInfoConfigMap - [helmvolu] Desired PodInfo ConfigMap (extension state hash: -1817474005)
2025-01-30 18:34:05,851 INFO c.h.h.t.HelmChartContainer - [hivemq-test-hivemq-platform] [hivemq-platform-operator] [2f3f9aef] 18:34:05.847 [pool-6-thread-35] DEBUG c.h.p.o.d.PodServiceAccountResource - [helmvolu] Desired PodServiceAccountResource (serviceAccountName: hivemq-platform-pod-test-hivemq-platform)
2025-01-30 18:34:05,853 INFO c.h.h.t.HelmChartContainer - [hivemq-test-hivemq-platform] [hivemq-platform-operator] [2f3f9aef] 18:34:05.851 [pool-6-thread-33] DEBUG c.h.p.o.d.StatefulSetResource - [helmvolu] Desired StatefulSet (3 replicas) for status ROLLING_RESTART (RESTART_PODS_IN_PROGRESS)
2025-01-30 18:34:05,854 INFO c.h.h.t.HelmChartContainer - [hivemq-test-hivemq-platform] [hivemq-platform-operator] [2f3f9aef] 18:34:05.854 [ReconcilerExecutor-hivemq-controller-110] INFO  c.h.p.o.HiveMQPlatformReconciler - [helmvolu] Reconciling HiveMQ Platform 'test-hivemq-platform' in namespace 'helmvolumeclaimtemplatesit'
2025-01-30 18:34:05,855 INFO c.h.h.t.HelmChartContainer - [hivemq-test-hivemq-platform] [hivemq-platform-operator] [2f3f9aef] 18:34:05.854 [ReconcilerExecutor-hivemq-controller-110] DEBUG c.h.p.o.HiveMQPlatformReconciler - [helmvolu] Custom Resource Status ROLLING_RESTART - HiveMQ Platform is restarting Pods (rolling restart) (RESTART_PODS_IN_PROGRESS)
2025-01-30 18:34:05,855 INFO c.h.h.t.HelmChartContainer - [hivemq-test-hivemq-platform] [hivemq-platform-operator] [2f3f9aef] 18:34:05.854 [ReconcilerExecutor-hivemq-controller-110] DEBUG c.h.p.o.HiveMQPlatformReconciler - [helmvolu] Custom Resource Spec (replicas: 2) (extensions: 1)
2025-01-30 18:34:05,857 INFO c.h.h.t.HelmChartContainer - [hivemq-test-hivemq-platform] [hivemq-platform-operator] [2f3f9aef] 18:34:05.855 [ReconcilerExecutor-hivemq-controller-110] DEBUG c.h.p.o.HiveMQPlatformReconciler - [helmvolu] StatefulSet Status (revision: test-hivemq-platform-59475f86c9, replicas: 3, available: 2, ready: 2, current: 0, updated: 3)
2025-01-30 18:34:05,857 INFO c.h.h.t.HelmChartContainer - [hivemq-test-hivemq-platform] [hivemq-platform-operator] [2f3f9aef] 18:34:05.855 [ReconcilerExecutor-hivemq-controller-110] DEBUG c.h.p.o.HiveMQPlatformReconciler - [helmvolu] StatefulSet Spec (replicas: 3, init containers: 1, containers: 1, volumes: 4)
2025-01-30 18:34:05,857 INFO c.h.h.t.HelmChartContainer - [hivemq-test-hivemq-platform] [hivemq-platform-operator] [2f3f9aef] 18:34:05.856 [ReconcilerExecutor-hivemq-controller-110] DEBUG c.h.p.o.h.HiveMQPlatformReconcilerErrorHandler - [helmvolu] Pod 'test-hivemq-platform-2' phase Running
2025-01-30 18:34:05,869 INFO c.h.h.t.HelmChartContainer - [hivemq-test-hivemq-platform] [hivemq-platform-operator] [2f3f9aef] 18:34:05.868 [ReconcilerExecutor-hivemq-controller-110] DEBUG c.h.p.o.h.HiveMQPlatformReconcilerErrorHandler - [helmvolu] Pod 'test-hivemq-platform-1' phase Running
2025-01-30 18:34:05,871 INFO c.h.h.t.HelmChartContainer - [hivemq-test-hivemq-platform] [hivemq-platform-operator] [2f3f9aef] 18:34:05.869 [ReconcilerExecutor-hivemq-controller-110] DEBUG c.h.p.o.h.HiveMQPlatformReconcilerErrorHandler - [helmvolu] Pod 'test-hivemq-platform-0' phase Pending
2025-01-30 18:34:05,871 INFO c.h.h.t.HelmChartContainer - [hivemq-test-hivemq-platform] [hivemq-platform-operator] [2f3f9aef] 18:34:05.869 [ReconcilerExecutor-hivemq-controller-110] DEBUG c.h.p.o.h.HiveMQPlatformReconcilerErrorHandler - [helmvolu] Pod 'test-hivemq-platform-0' condition 'PodReadyToStartContainers': False
2025-01-30 18:34:05,871 INFO c.h.h.t.HelmChartContainer - [hivemq-test-hivemq-platform] [hivemq-platform-operator] [2f3f9aef] 18:34:05.869 [ReconcilerExecutor-hivemq-controller-110] DEBUG c.h.p.o.h.HiveMQPlatformReconcilerErrorHandler - [helmvolu] Pod 'test-hivemq-platform-0' condition 'Initialized': False
2025-01-30 18:34:05,871 INFO c.h.h.t.HelmChartContainer - [hivemq-test-hivemq-platform] [hivemq-platform-operator] [2f3f9aef] 18:34:05.869 [ReconcilerExecutor-hivemq-controller-110] DEBUG c.h.p.o.h.HiveMQPlatformReconcilerErrorHandler - [helmvolu] Pod 'test-hivemq-platform-0' condition 'Ready': False
2025-01-30 18:34:05,871 INFO c.h.h.t.HelmChartContainer - [hivemq-test-hivemq-platform] [hivemq-platform-operator] [2f3f9aef] 18:34:05.869 [ReconcilerExecutor-hivemq-controller-110] DEBUG c.h.p.o.h.HiveMQPlatformReconcilerErrorHandler - [helmvolu] Pod 'test-hivemq-platform-0' condition 'ContainersReady': False
2025-01-30 18:34:05,871 INFO c.h.h.t.HelmChartContainer - [hivemq-test-hivemq-platform] [hivemq-platform-operator] [2f3f9aef] 18:34:05.869 [ReconcilerExecutor-hivemq-controller-110] DEBUG c.h.p.o.h.HiveMQPlatformReconcilerErrorHandler - [helmvolu] Pod 'test-hivemq-platform-0' condition 'PodScheduled': True
2025-01-30 18:34:05,871 INFO c.h.h.t.HelmChartContainer - [hivemq-test-hivemq-platform] [hivemq-platform-operator] [2f3f9aef] 18:34:05.869 [ReconcilerExecutor-hivemq-controller-110] DEBUG c.h.p.o.h.HiveMQPlatformReconcilerErrorHandler - [helmvolu] Pod 'test-hivemq-platform-0' containerStatus 'hivemq' (started: false) (ready: false) (waiting: [PodInitializing] null)
2025-01-30 18:34:05,871 INFO c.h.h.t.HelmChartContainer - [hivemq-test-hivemq-platform] [hivemq-platform-operator] [2f3f9aef] 18:34:05.869 [ReconcilerExecutor-hivemq-controller-110] DEBUG c.h.p.o.h.HiveMQPlatformReconcilerRollingRestartHandler - [helmvolu] Rolling restart is waiting for 2 of 3 replicas
2025-01-30 18:34:05,875 INFO c.h.h.t.HelmChartContainer - [hivemq-test-hivemq-platform] [hivemq-platform-operator] [2f3f9aef] 18:34:05.871 [pool-6-thread-48] DEBUG c.h.p.o.d.PlatformServiceResource - [helmvolu] Desired Platform services (3 services)
2025-01-30 18:34:05,875 INFO c.h.h.t.HelmChartContainer - [hivemq-test-hivemq-platform] [hivemq-platform-operator] [2f3f9aef] 18:34:05.874 [pool-6-thread-48] DEBUG c.h.p.o.dependants.PodInfoConfigMap - [helmvolu] Desired PodInfo ConfigMap (1 extensions) (1 enabled)
2025-01-30 18:34:05,875 INFO c.h.h.t.HelmChartContainer - [hivemq-test-hivemq-platform] [hivemq-platform-operator] [2f3f9aef] 18:34:05.874 [pool-6-thread-48] DEBUG c.h.p.o.dependants.PodInfoConfigMap - [helmvolu] Desired PodInfo ConfigMap (metrics port: 9399) (metrics path: /)
2025-01-30 18:34:05,875 INFO c.h.h.t.HelmChartContainer - [hivemq-test-hivemq-platform] [hivemq-platform-operator] [2f3f9aef] 18:34:05.874 [pool-6-thread-48] DEBUG c.h.p.o.dependants.PodInfoConfigMap - [helmvolu] Desired PodInfo ConfigMap (extension state hash: -1817474005)
2025-01-30 18:34:05,875 INFO c.h.h.t.HelmChartContainer - [K3S] [reconciler_common.go:251] "operationExecutor.VerifyControllerAttachedVolume started for volume \"pod-info\" (UniqueName: \"kubernetes.io/configmap/be762aa7-8cbf-41d6-a6b7-da8074bdf6f0-pod-info\") pod \"test-hivemq-platform-0\" (UID: \"be762aa7-8cbf-41d6-a6b7-da8074bdf6f0\") " pod="helmvolumeclaimtemplatesit/test-hivemq-platform-0"
2025-01-30 18:34:05,876 INFO c.h.h.t.HelmChartContainer - [K3S] [reconciler_common.go:251] "operationExecutor.VerifyControllerAttachedVolume started for volume \"kube-api-access-74lb5\" (UniqueName: \"kubernetes.io/projected/be762aa7-8cbf-41d6-a6b7-da8074bdf6f0-kube-api-access-74lb5\") pod \"test-hivemq-platform-0\" (UID: \"be762aa7-8cbf-41d6-a6b7-da8074bdf6f0\") " pod="helmvolumeclaimtemplatesit/test-hivemq-platform-0"
2025-01-30 18:34:05,876 INFO c.h.h.t.HelmChartContainer - [K3S] [reconciler_common.go:251] "operationExecutor.VerifyControllerAttachedVolume started for volume \"operator-init\" (UniqueName: \"kubernetes.io/empty-dir/be762aa7-8cbf-41d6-a6b7-da8074bdf6f0-operator-init\") pod \"test-hivemq-platform-0\" (UID: \"be762aa7-8cbf-41d6-a6b7-da8074bdf6f0\") " pod="helmvolumeclaimtemplatesit/test-hivemq-platform-0"
2025-01-30 18:34:05,876 INFO c.h.h.t.HelmChartContainer - [K3S] [reconciler_common.go:251] "operationExecutor.VerifyControllerAttachedVolume started for volume \"broker-configuration\" (UniqueName: \"kubernetes.io/configmap/be762aa7-8cbf-41d6-a6b7-da8074bdf6f0-broker-configuration\") pod \"test-hivemq-platform-0\" (UID: \"be762aa7-8cbf-41d6-a6b7-da8074bdf6f0\") " pod="helmvolumeclaimtemplatesit/test-hivemq-platform-0"
2025-01-30 18:34:05,877 INFO c.h.h.t.HelmChartContainer - [K3S] [reconciler_common.go:251] "operationExecutor.VerifyControllerAttachedVolume started for volume \"pvc-6c859c0b-f580-49e5-904b-f080d6c5c3c3\" (UniqueName: \"kubernetes.io/local-volume/pvc-6c859c0b-f580-49e5-904b-f080d6c5c3c3\") pod \"test-hivemq-platform-0\" (UID: \"be762aa7-8cbf-41d6-a6b7-da8074bdf6f0\") " pod="helmvolumeclaimtemplatesit/test-hivemq-platform-0"
2025-01-30 18:34:05,877 INFO c.h.h.t.HelmChartContainer - [hivemq-test-hivemq-platform] [hivemq-platform-operator] [2f3f9aef] 18:34:05.875 [pool-6-thread-43] DEBUG c.h.p.o.d.PodServiceAccountResource - [helmvolu] Desired PodServiceAccountResource (serviceAccountName: hivemq-platform-pod-test-hivemq-platform)
2025-01-30 18:34:05,946 INFO c.h.h.t.HelmChartContainer - [hivemq-test-hivemq-platform] [hivemq-platform-operator] [2f3f9aef] 18:34:05.945 [pool-6-thread-41] DEBUG c.h.p.o.d.StatefulSetResource - [helmvolu] Desired StatefulSet (3 replicas) for status ROLLING_RESTART (RESTART_PODS_IN_PROGRESS)
2025-01-30 18:34:05,949 INFO c.h.h.t.HelmChartContainer - [hivemq-test-hivemq-platform] [hivemq-platform-operator] [2f3f9aef] 18:34:05.948 [ReconcilerExecutor-hivemq-controller-110] INFO  c.h.p.o.HiveMQPlatformReconciler - [helmvolu] Reconciling HiveMQ Platform 'test-hivemq-platform' in namespace 'helmvolumeclaimtemplatesit'
2025-01-30 18:34:05,949 INFO c.h.h.t.HelmChartContainer - [hivemq-test-hivemq-platform] [hivemq-platform-operator] [2f3f9aef] 18:34:05.948 [ReconcilerExecutor-hivemq-controller-110] DEBUG c.h.p.o.HiveMQPlatformReconciler - [helmvolu] Custom Resource Status ROLLING_RESTART - HiveMQ Platform is restarting Pods (rolling restart) (RESTART_PODS_IN_PROGRESS)
2025-01-30 18:34:05,949 INFO c.h.h.t.HelmChartContainer - [hivemq-test-hivemq-platform] [hivemq-platform-operator] [2f3f9aef] 18:34:05.948 [ReconcilerExecutor-hivemq-controller-110] DEBUG c.h.p.o.HiveMQPlatformReconciler - [helmvolu] Custom Resource Spec (replicas: 2) (extensions: 1)
2025-01-30 18:34:05,950 INFO c.h.h.t.HelmChartContainer - [hivemq-test-hivemq-platform] [hivemq-platform-operator] [2f3f9aef] 18:34:05.949 [ReconcilerExecutor-hivemq-controller-110] DEBUG c.h.p.o.HiveMQPlatformReconciler - [helmvolu] StatefulSet Status (revision: test-hivemq-platform-59475f86c9, replicas: 3, available: 2, ready: 2, current: 0, updated: 3)
2025-01-30 18:34:05,950 INFO c.h.h.t.HelmChartContainer - [hivemq-test-hivemq-platform] [hivemq-platform-operator] [2f3f9aef] 18:34:05.949 [ReconcilerExecutor-hivemq-controller-110] DEBUG c.h.p.o.HiveMQPlatformReconciler - [helmvolu] StatefulSet Spec (replicas: 3, init containers: 1, containers: 1, volumes: 4)
2025-01-30 18:34:05,951 INFO c.h.h.t.HelmChartContainer - [hivemq-test-hivemq-platform] [hivemq-platform-operator] [2f3f9aef] 18:34:05.950 [ReconcilerExecutor-hivemq-controller-110] DEBUG c.h.p.o.h.HiveMQPlatformReconcilerErrorHandler - [helmvolu] Pod 'test-hivemq-platform-2' phase Running
2025-01-30 18:34:05,952 INFO c.h.h.t.HelmChartContainer - [hivemq-test-hivemq-platform] [hivemq-platform-operator] [2f3f9aef] 18:34:05.952 [ReconcilerExecutor-hivemq-controller-110] DEBUG c.h.p.o.h.HiveMQPlatformReconcilerErrorHandler - [helmvolu] Pod 'test-hivemq-platform-1' phase Running
2025-01-30 18:34:05,953 INFO c.h.h.t.HelmChartContainer - [hivemq-test-hivemq-platform] [hivemq-platform-operator] [2f3f9aef] 18:34:05.953 [ReconcilerExecutor-hivemq-controller-110] DEBUG c.h.p.o.h.HiveMQPlatformReconcilerErrorHandler - [helmvolu] Pod 'test-hivemq-platform-0' phase Pending
2025-01-30 18:34:05,954 INFO c.h.h.t.HelmChartContainer - [hivemq-test-hivemq-platform] [hivemq-platform-operator] [2f3f9aef] 18:34:05.953 [ReconcilerExecutor-hivemq-controller-110] DEBUG c.h.p.o.h.HiveMQPlatformReconcilerErrorHandler - [helmvolu] Pod 'test-hivemq-platform-0' condition 'PodReadyToStartContainers': False
2025-01-30 18:34:05,954 INFO c.h.h.t.HelmChartContainer - [hivemq-test-hivemq-platform] [hivemq-platform-operator] [2f3f9aef] 18:34:05.953 [ReconcilerExecutor-hivemq-controller-110] DEBUG c.h.p.o.h.HiveMQPlatformReconcilerErrorHandler - [helmvolu] Pod 'test-hivemq-platform-0' condition 'Initialized': False
2025-01-30 18:34:05,954 INFO c.h.h.t.HelmChartContainer - [hivemq-test-hivemq-platform] [hivemq-platform-operator] [2f3f9aef] 18:34:05.953 [ReconcilerExecutor-hivemq-controller-110] DEBUG c.h.p.o.h.HiveMQPlatformReconcilerErrorHandler - [helmvolu] Pod 'test-hivemq-platform-0' condition 'Ready': False
2025-01-30 18:34:05,954 INFO c.h.h.t.HelmChartContainer - [hivemq-test-hivemq-platform] [hivemq-platform-operator] [2f3f9aef] 18:34:05.953 [ReconcilerExecutor-hivemq-controller-110] DEBUG c.h.p.o.h.HiveMQPlatformReconcilerErrorHandler - [helmvolu] Pod 'test-hivemq-platform-0' condition 'ContainersReady': False
2025-01-30 18:34:05,954 INFO c.h.h.t.HelmChartContainer - [hivemq-test-hivemq-platform] [hivemq-platform-operator] [2f3f9aef] 18:34:05.953 [ReconcilerExecutor-hivemq-controller-110] DEBUG c.h.p.o.h.HiveMQPlatformReconcilerErrorHandler - [helmvolu] Pod 'test-hivemq-platform-0' condition 'PodScheduled': True
2025-01-30 18:34:05,954 INFO c.h.h.t.HelmChartContainer - [hivemq-test-hivemq-platform] [hivemq-platform-operator] [2f3f9aef] 18:34:05.953 [ReconcilerExecutor-hivemq-controller-110] DEBUG c.h.p.o.h.HiveMQPlatformReconcilerErrorHandler - [helmvolu] Pod 'test-hivemq-platform-0' containerStatus 'hivemq' (started: false) (ready: false) (waiting: [PodInitializing] null)
2025-01-30 18:34:05,954 INFO c.h.h.t.HelmChartContainer - [hivemq-test-hivemq-platform] [hivemq-platform-operator] [2f3f9aef] 18:34:05.953 [ReconcilerExecutor-hivemq-controller-110] DEBUG c.h.p.o.h.HiveMQPlatformReconcilerRollingRestartHandler - [helmvolu] Rolling restart is waiting for 2 of 3 replicas
2025-01-30 18:34:05,987 INFO c.h.h.t.HelmChartContainer - [test-hivemq-platform] [hivemq] [4911ff26] INFO  - [HiveMQ Platform Operator Init App 1.7.0-SNAPSHOT] Returning Health API response 200 for liveness
2025-01-30 18:34:06,126 INFO c.h.h.t.HelmChartContainer - [K3S] [kubelet_volumes.go:163] "Cleaned up orphaned pod volumes dir" podUID="82e05549-2552-4c6e-b6f5-d6da92e287eb" path="/var/lib/kubelet/pods/82e05549-2552-4c6e-b6f5-d6da92e287eb/volumes"
2025-01-30 18:34:06,157 INFO c.h.h.t.HelmChartContainer - [EVENT] Normal [Pulled] Container image "docker.io/hivemq/hivemq-platform-operator-init-test:snapshot" already present on machine [helmvolumeclaimtemplatesit:test-hivemq-platform-0]
2025-01-30 18:34:06,164 INFO c.h.h.t.HelmChartContainer - [EVENT] Normal [Created] Created container: hivemq-platform-operator-init [helmvolumeclaimtemplatesit:test-hivemq-platform-0]
2025-01-30 18:34:06,203 INFO c.h.h.t.HelmChartContainer - [EVENT] Normal [Started] Started container hivemq-platform-operator-init [helmvolumeclaimtemplatesit:test-hivemq-platform-0]
2025-01-30 18:34:06,720 INFO c.h.h.t.HelmChartContainer - [EVENT] Normal [Pulled] Container image "docker.io/hivemq/hivemq4:4.36.0" already present on machine [helmvolumeclaimtemplatesit:test-hivemq-platform-0]
2025-01-30 18:34:06,720 INFO c.h.h.t.HelmChartContainer - Received Pulled event for container hivemq in pod test-hivemq-platform-0 [be762aa7-8cbf-41d6-a6b7-da8074bdf6f0]
2025-01-30 18:34:06,728 INFO c.h.h.t.HelmChartContainer - [POD] test-hivemq-platform-0 [be762aa7-8cbf-41d6-a6b7-da8074bdf6f0] in helmvolumeclaimtemplatesit was MODIFIED
2025-01-30 18:34:06,732 INFO c.h.h.t.HelmChartContainer - [EVENT] Normal [Created] Created container: hivemq [helmvolumeclaimtemplatesit:test-hivemq-platform-0]
2025-01-30 18:34:06,732 INFO c.h.h.t.HelmChartContainer - Received Created event for container hivemq in pod test-hivemq-platform-0 [be762aa7-8cbf-41d6-a6b7-da8074bdf6f0]
2025-01-30 18:34:06,752 INFO c.h.h.t.HelmChartContainer - [hivemq-test-hivemq-platform] [hivemq-platform-operator] [2f3f9aef] 18:34:06.738 [pool-6-thread-7] DEBUG c.h.p.o.d.PlatformServiceResource - [helmvolu] Desired Platform services (3 services)
2025-01-30 18:34:06,755 INFO c.h.h.t.HelmChartContainer - [hivemq-test-hivemq-platform] [hivemq-platform-operator] [2f3f9aef] 18:34:06.739 [pool-6-thread-5] DEBUG c.h.p.o.dependants.PodInfoConfigMap - [helmvolu] Desired PodInfo ConfigMap (1 extensions) (1 enabled)
2025-01-30 18:34:06,755 INFO c.h.h.t.HelmChartContainer - [hivemq-test-hivemq-platform] [hivemq-platform-operator] [2f3f9aef] 18:34:06.740 [pool-6-thread-5] DEBUG c.h.p.o.dependants.PodInfoConfigMap - [helmvolu] Desired PodInfo ConfigMap (metrics port: 9399) (metrics path: /)
2025-01-30 18:34:06,755 INFO c.h.h.t.HelmChartContainer - [hivemq-test-hivemq-platform] [hivemq-platform-operator] [2f3f9aef] 18:34:06.740 [pool-6-thread-5] DEBUG c.h.p.o.dependants.PodInfoConfigMap - [helmvolu] Desired PodInfo ConfigMap (extension state hash: -1817474005)
2025-01-30 18:34:06,755 INFO c.h.h.t.HelmChartContainer - [hivemq-test-hivemq-platform] [hivemq-platform-operator] [2f3f9aef] 18:34:06.740 [pool-6-thread-6] DEBUG c.h.p.o.d.PodServiceAccountResource - [helmvolu] Desired PodServiceAccountResource (serviceAccountName: hivemq-platform-pod-test-hivemq-platform)
2025-01-30 18:34:06,755 INFO c.h.h.t.HelmChartContainer - [hivemq-test-hivemq-platform] [hivemq-platform-operator] [2f3f9aef] 18:34:06.743 [pool-6-thread-7] DEBUG c.h.p.o.d.StatefulSetResource - [helmvolu] Desired StatefulSet (3 replicas) for status ROLLING_RESTART (RESTART_PODS_IN_PROGRESS)
2025-01-30 18:34:06,755 INFO c.h.h.t.HelmChartContainer - [hivemq-test-hivemq-platform] [hivemq-platform-operator] [2f3f9aef] 18:34:06.745 [ReconcilerExecutor-hivemq-controller-113] INFO  c.h.p.o.HiveMQPlatformReconciler - [helmvolu] Reconciling HiveMQ Platform 'test-hivemq-platform' in namespace 'helmvolumeclaimtemplatesit'
2025-01-30 18:34:06,755 INFO c.h.h.t.HelmChartContainer - [hivemq-test-hivemq-platform] [hivemq-platform-operator] [2f3f9aef] 18:34:06.746 [ReconcilerExecutor-hivemq-controller-113] DEBUG c.h.p.o.HiveMQPlatformReconciler - [helmvolu] Custom Resource Status ROLLING_RESTART - HiveMQ Platform is restarting Pods (rolling restart) (RESTART_PODS_IN_PROGRESS)
2025-01-30 18:34:06,755 INFO c.h.h.t.HelmChartContainer - [hivemq-test-hivemq-platform] [hivemq-platform-operator] [2f3f9aef] 18:34:06.746 [ReconcilerExecutor-hivemq-controller-113] DEBUG c.h.p.o.HiveMQPlatformReconciler - [helmvolu] Custom Resource Spec (replicas: 2) (extensions: 1)
2025-01-30 18:34:06,755 INFO c.h.h.t.HelmChartContainer - [hivemq-test-hivemq-platform] [hivemq-platform-operator] [2f3f9aef] 18:34:06.747 [ReconcilerExecutor-hivemq-controller-113] DEBUG c.h.p.o.HiveMQPlatformReconciler - [helmvolu] StatefulSet Status (revision: test-hivemq-platform-59475f86c9, replicas: 3, available: 2, ready: 2, current: 0, updated: 3)
2025-01-30 18:34:06,758 INFO c.h.h.t.HelmChartContainer - [hivemq-test-hivemq-platform] [hivemq-platform-operator] [2f3f9aef] 18:34:06.747 [ReconcilerExecutor-hivemq-controller-113] DEBUG c.h.p.o.HiveMQPlatformReconciler - [helmvolu] StatefulSet Spec (replicas: 3, init containers: 1, containers: 1, volumes: 4)
2025-01-30 18:34:06,758 INFO c.h.h.t.HelmChartContainer - [hivemq-test-hivemq-platform] [hivemq-platform-operator] [2f3f9aef] 18:34:06.748 [ReconcilerExecutor-hivemq-controller-113] DEBUG c.h.p.o.h.HiveMQPlatformReconcilerErrorHandler - [helmvolu] Pod 'test-hivemq-platform-2' phase Running
2025-01-30 18:34:06,758 INFO c.h.h.t.HelmChartContainer - [hivemq-test-hivemq-platform] [hivemq-platform-operator] [2f3f9aef] 18:34:06.749 [ReconcilerExecutor-hivemq-controller-113] DEBUG c.h.p.o.h.HiveMQPlatformReconcilerErrorHandler - [helmvolu] Pod 'test-hivemq-platform-1' phase Running
2025-01-30 18:34:06,758 INFO c.h.h.t.HelmChartContainer - [hivemq-test-hivemq-platform] [hivemq-platform-operator] [2f3f9aef] 18:34:06.750 [ReconcilerExecutor-hivemq-controller-113] DEBUG c.h.p.o.h.HiveMQPlatformReconcilerErrorHandler - [helmvolu] Pod 'test-hivemq-platform-0' phase Pending
2025-01-30 18:34:06,758 INFO c.h.h.t.HelmChartContainer - [hivemq-test-hivemq-platform] [hivemq-platform-operator] [2f3f9aef] 18:34:06.750 [ReconcilerExecutor-hivemq-controller-113] DEBUG c.h.p.o.h.HiveMQPlatformReconcilerErrorHandler - [helmvolu] Pod 'test-hivemq-platform-0' condition 'PodReadyToStartContainers': True
2025-01-30 18:34:06,758 INFO c.h.h.t.HelmChartContainer - [hivemq-test-hivemq-platform] [hivemq-platform-operator] [2f3f9aef] 18:34:06.751 [ReconcilerExecutor-hivemq-controller-113] DEBUG c.h.p.o.h.HiveMQPlatformReconcilerErrorHandler - [helmvolu] Pod 'test-hivemq-platform-0' condition 'Initialized': True
2025-01-30 18:34:06,758 INFO c.h.h.t.HelmChartContainer - [hivemq-test-hivemq-platform] [hivemq-platform-operator] [2f3f9aef] 18:34:06.751 [ReconcilerExecutor-hivemq-controller-113] DEBUG c.h.p.o.h.HiveMQPlatformReconcilerErrorHandler - [helmvolu] Pod 'test-hivemq-platform-0' condition 'Ready': False
2025-01-30 18:34:06,759 INFO c.h.h.t.HelmChartContainer - [hivemq-test-hivemq-platform] [hivemq-platform-operator] [2f3f9aef] 18:34:06.751 [ReconcilerExecutor-hivemq-controller-113] DEBUG c.h.p.o.h.HiveMQPlatformReconcilerErrorHandler - [helmvolu] Pod 'test-hivemq-platform-0' condition 'ContainersReady': False
2025-01-30 18:34:06,764 INFO c.h.h.t.HelmChartContainer - [hivemq-test-hivemq-platform] [hivemq-platform-operator] [2f3f9aef] 18:34:06.751 [ReconcilerExecutor-hivemq-controller-113] DEBUG c.h.p.o.h.HiveMQPlatformReconcilerErrorHandler - [helmvolu] Pod 'test-hivemq-platform-0' condition 'PodScheduled': True
2025-01-30 18:34:06,764 INFO c.h.h.t.HelmChartContainer - [hivemq-test-hivemq-platform] [hivemq-platform-operator] [2f3f9aef] 18:34:06.751 [ReconcilerExecutor-hivemq-controller-113] DEBUG c.h.p.o.h.HiveMQPlatformReconcilerErrorHandler - [helmvolu] Pod 'test-hivemq-platform-0' containerStatus 'hivemq' (started: false) (ready: false) (waiting: [PodInitializing] null)
2025-01-30 18:34:06,764 INFO c.h.h.t.HelmChartContainer - [hivemq-test-hivemq-platform] [hivemq-platform-operator] [2f3f9aef] 18:34:06.751 [ReconcilerExecutor-hivemq-controller-113] DEBUG c.h.p.o.h.HiveMQPlatformReconcilerRollingRestartHandler - [helmvolu] Rolling restart is waiting for 2 of 3 replicas
2025-01-30 18:34:07,740 INFO c.h.h.t.HelmChartContainer - [POD] test-hivemq-platform-0 [be762aa7-8cbf-41d6-a6b7-da8074bdf6f0] in helmvolumeclaimtemplatesit was MODIFIED
2025-01-30 18:34:07,740 INFO c.h.h.t.HelmChartContainer - [hivemq-test-hivemq-platform] [hivemq-platform-operator] [2f3f9aef] 18:34:07.733 [pool-6-thread-13] DEBUG c.h.p.o.d.PlatformServiceResource - [helmvolu] Desired Platform services (3 services)
2025-01-30 18:34:07,740 INFO c.h.h.t.HelmChartContainer - [hivemq-test-hivemq-platform] [hivemq-platform-operator] [2f3f9aef] 18:34:07.733 [pool-6-thread-17] DEBUG c.h.p.o.dependants.PodInfoConfigMap - [helmvolu] Desired PodInfo ConfigMap (1 extensions) (1 enabled)
2025-01-30 18:34:07,740 INFO c.h.h.t.HelmChartContainer - [hivemq-test-hivemq-platform] [hivemq-platform-operator] [2f3f9aef] 18:34:07.733 [pool-6-thread-17] DEBUG c.h.p.o.dependants.PodInfoConfigMap - [helmvolu] Desired PodInfo ConfigMap (metrics port: 9399) (metrics path: /)
2025-01-30 18:34:07,740 INFO c.h.h.t.HelmChartContainer - [hivemq-test-hivemq-platform] [hivemq-platform-operator] [2f3f9aef] 18:34:07.733 [pool-6-thread-17] DEBUG c.h.p.o.dependants.PodInfoConfigMap - [helmvolu] Desired PodInfo ConfigMap (extension state hash: -1817474005)
2025-01-30 18:34:07,740 INFO c.h.h.t.HelmChartContainer - [hivemq-test-hivemq-platform] [hivemq-platform-operator] [2f3f9aef] 18:34:07.734 [pool-6-thread-17] DEBUG c.h.p.o.d.PodServiceAccountResource - [helmvolu] Desired PodServiceAccountResource (serviceAccountName: hivemq-platform-pod-test-hivemq-platform)
2025-01-30 18:34:07,740 INFO c.h.h.t.HelmChartContainer - [hivemq-test-hivemq-platform] [hivemq-platform-operator] [2f3f9aef] 18:34:07.736 [pool-6-thread-15] DEBUG c.h.p.o.d.StatefulSetResource - [helmvolu] Desired StatefulSet (3 replicas) for status ROLLING_RESTART (RESTART_PODS_IN_PROGRESS)
2025-01-30 18:34:07,746 INFO c.h.h.t.HelmChartContainer - [hivemq-test-hivemq-platform] [hivemq-platform-operator] [2f3f9aef] 18:34:07.743 [ReconcilerExecutor-hivemq-controller-114] INFO  c.h.p.o.HiveMQPlatformReconciler - [helmvolu] Reconciling HiveMQ Platform 'test-hivemq-platform' in namespace 'helmvolumeclaimtemplatesit'
2025-01-30 18:34:07,747 INFO c.h.h.t.HelmChartContainer - [hivemq-test-hivemq-platform] [hivemq-platform-operator] [2f3f9aef] 18:34:07.743 [ReconcilerExecutor-hivemq-controller-114] DEBUG c.h.p.o.HiveMQPlatformReconciler - [helmvolu] Custom Resource Status ROLLING_RESTART - HiveMQ Platform is restarting Pods (rolling restart) (RESTART_PODS_IN_PROGRESS)
2025-01-30 18:34:07,747 INFO c.h.h.t.HelmChartContainer - [hivemq-test-hivemq-platform] [hivemq-platform-operator] [2f3f9aef] 18:34:07.743 [ReconcilerExecutor-hivemq-controller-114] DEBUG c.h.p.o.HiveMQPlatformReconciler - [helmvolu] Custom Resource Spec (replicas: 2) (extensions: 1)
2025-01-30 18:34:07,747 INFO c.h.h.t.HelmChartContainer - [hivemq-test-hivemq-platform] [hivemq-platform-operator] [2f3f9aef] 18:34:07.744 [ReconcilerExecutor-hivemq-controller-114] DEBUG c.h.p.o.HiveMQPlatformReconciler - [helmvolu] StatefulSet Status (revision: test-hivemq-platform-59475f86c9, replicas: 3, available: 2, ready: 2, current: 0, updated: 3)
2025-01-30 18:34:07,747 INFO c.h.h.t.HelmChartContainer - [hivemq-test-hivemq-platform] [hivemq-platform-operator] [2f3f9aef] 18:34:07.744 [ReconcilerExecutor-hivemq-controller-114] DEBUG c.h.p.o.HiveMQPlatformReconciler - [helmvolu] StatefulSet Spec (replicas: 3, init containers: 1, containers: 1, volumes: 4)
2025-01-30 18:34:07,747 INFO c.h.h.t.HelmChartContainer - [hivemq-test-hivemq-platform] [hivemq-platform-operator] [2f3f9aef] 18:34:07.745 [ReconcilerExecutor-hivemq-controller-114] DEBUG c.h.p.o.h.HiveMQPlatformReconcilerErrorHandler - [helmvolu] Pod 'test-hivemq-platform-2' phase Running
2025-01-30 18:34:07,753 INFO c.h.h.t.HelmChartContainer - [hivemq-test-hivemq-platform] [hivemq-platform-operator] [2f3f9aef] 18:34:07.750 [ReconcilerExecutor-hivemq-controller-114] DEBUG c.h.p.o.h.HiveMQPlatformReconcilerErrorHandler - [helmvolu] Pod 'test-hivemq-platform-1' phase Running
2025-01-30 18:34:07,753 INFO c.h.h.t.HelmChartContainer - [hivemq-test-hivemq-platform] [hivemq-platform-operator] [2f3f9aef] 18:34:07.751 [ReconcilerExecutor-hivemq-controller-114] DEBUG c.h.p.o.h.HiveMQPlatformReconcilerErrorHandler - [helmvolu] Pod 'test-hivemq-platform-0' phase Running
2025-01-30 18:34:07,753 INFO c.h.h.t.HelmChartContainer - [hivemq-test-hivemq-platform] [hivemq-platform-operator] [2f3f9aef] 18:34:07.751 [ReconcilerExecutor-hivemq-controller-114] DEBUG c.h.p.o.h.HiveMQPlatformReconcilerRollingRestartHandler - [helmvolu] Rolling restart is waiting for 2 of 3 replicas
2025-01-30 18:34:07,755 INFO c.h.h.t.HelmChartContainer - Started log watcher for hivemq in pod test-hivemq-platform-0 [be762aa7-8cbf-41d6-a6b7-da8074bdf6f0]
2025-01-30 18:34:07,755 INFO c.h.h.t.HelmChartContainer - [EVENT] Normal [Started] Started container hivemq [helmvolumeclaimtemplatesit:test-hivemq-platform-0]
2025-01-30 18:34:07,755 INFO c.h.h.t.HelmChartContainer - [test-hivemq-platform] [hivemq] [be762aa7] Adding pre-installed HiveMQ Platform Operator extensions
2025-01-30 18:34:07,756 INFO c.h.h.t.HelmChartContainer - [test-hivemq-platform] [hivemq] [be762aa7] Running as user 10000
2025-01-30 18:34:07,756 INFO c.h.h.t.HelmChartContainer - [test-hivemq-platform] [hivemq] [be762aa7] Starting HiveMQ Platform Operator Init
2025-01-30 18:34:07,756 INFO c.h.h.t.HelmChartContainer - Received Started event for container hivemq in pod test-hivemq-platform-0 [be762aa7-8cbf-41d6-a6b7-da8074bdf6f0]
2025-01-30 18:34:07,976 INFO c.h.h.t.HelmChartContainer - [test-hivemq-platform] [hivemq] [be762aa7] INFO  - [HiveMQ Platform Operator Init 1.7.0-SNAPSHOT] HiveMQ Platform Operator Init 1.7.0-SNAPSHOT (commit: 47e3375 on branch: HEAD) built on Thu Jan 30 03:55:50 UTC 2025
2025-01-30 18:34:09,103 INFO c.h.h.t.HelmChartContainer - [test-hivemq-platform] [hivemq] [be762aa7] INFO  - [HiveMQ Platform Operator Init App 1.7.0-SNAPSHOT] Using bind address 10.42.0.17 from environment variable
2025-01-30 18:34:10,094 INFO c.h.h.t.HelmChartContainer - [test-hivemq-platform] [hivemq] [be762aa7] INFO  - [HiveMQ Platform Operator Init App 1.7.0-SNAPSHOT] HiveMQ Platform Operator Init App 1.7.0-SNAPSHOT (commit: 47e3375 on branch: HEAD) built on Thu Jan 30 03:55:50 UTC 2025
2025-01-30 18:34:10,094 INFO c.h.h.t.HelmChartContainer - [test-hivemq-platform] [hivemq] [be762aa7] INFO  - [HiveMQ Platform Operator Init App 1.7.0-SNAPSHOT] PodInfo ConfigMap directory: /etc/podinfo
2025-01-30 18:34:10,094 INFO c.h.h.t.HelmChartContainer - [test-hivemq-platform] [hivemq] [be762aa7] INFO  - [HiveMQ Platform Operator Init App 1.7.0-SNAPSHOT] HiveMQ home directory: /opt/hivemq
2025-01-30 18:34:10,094 INFO c.h.h.t.HelmChartContainer - [test-hivemq-platform] [hivemq] [be762aa7] INFO  - [HiveMQ Platform Operator Init App 1.7.0-SNAPSHOT] HiveMQ Logback folder: /opt/hivemq/conf
2025-01-30 18:34:10,094 INFO c.h.h.t.HelmChartContainer - [test-hivemq-platform] [hivemq] [be762aa7] INFO  - [HiveMQ Platform Operator Init App 1.7.0-SNAPSHOT] HiveMQ Config folder: /opt/hivemq/conf-k8s
2025-01-30 18:34:10,095 INFO c.h.h.t.HelmChartContainer - [test-hivemq-platform] [hivemq] [be762aa7] INFO  - [HiveMQ Platform Operator Init App 1.7.0-SNAPSHOT] Starting HiveMQ Platform Operator Init App
2025-01-30 18:34:10,095 INFO c.h.h.t.HelmChartContainer - [test-hivemq-platform] [hivemq] [be762aa7] INFO  - [HiveMQ Platform Operator Init App 1.7.0-SNAPSHOT] Starting Pod reconciler
2025-01-30 18:34:11,272 INFO c.h.h.t.HelmChartContainer - [test-hivemq-platform] [hivemq] [be762aa7] INFO  - [HiveMQ Platform Operator Init App 1.7.0-SNAPSHOT] Pod reconciler is scheduled (interval: 5000 ms)
2025-01-30 18:34:11,273 INFO c.h.h.t.HelmChartContainer - [test-hivemq-platform] [hivemq] [be762aa7] INFO  - [HiveMQ Platform Operator Init App 1.7.0-SNAPSHOT] Starting the REST API on 10.42.0.17:7979
2025-01-30 18:34:11,275 INFO c.h.h.t.HelmChartContainer - [test-hivemq-platform] [hivemq] [be762aa7] INFO  - [HiveMQ Platform Operator Init App 1.7.0-SNAPSHOT] Waiting up to 600s for at most 3 HiveMQ nodes in cluster service hivemq-test-hivemq-platform-cluster.helmvolumeclaimtemplatesit.svc
2025-01-30 18:34:11,671 INFO c.h.h.t.HelmChartContainer - [test-hivemq-platform] [hivemq] [be762aa7] INFO  - [HiveMQ Platform Operator Init App 1.7.0-SNAPSHOT] Resolved 3 IP addresses: [10.42.0.16, 10.42.0.17, 10.42.0.15]
2025-01-30 18:34:11,671 INFO c.h.h.t.HelmChartContainer - [test-hivemq-platform] [hivemq] [be762aa7] INFO  - [HiveMQ Platform Operator Init App 1.7.0-SNAPSHOT] HiveMQ node count of 3 is within threshold of 3
2025-01-30 18:34:11,671 INFO c.h.h.t.HelmChartContainer - [test-hivemq-platform] [hivemq] [be762aa7] INFO  - [HiveMQ Platform Operator Init App 1.7.0-SNAPSHOT] Waiting 15s for previous shutdown replication to finish...
2025-01-30 18:34:13,730 INFO c.h.h.t.HelmChartContainer - [test-hivemq-platform] [hivemq] [be762aa7] INFO  - [HiveMQ Platform Operator Init App 1.7.0-SNAPSHOT] Returning default Health API response 503 for readiness
2025-01-30 18:34:13,834 INFO c.h.h.t.HelmChartContainer - [EVENT] Warning [Unhealthy] Readiness probe failed: HTTP probe failed with statuscode: 503 [helmvolumeclaimtemplatesit:test-hivemq-platform-0]
2025-01-30 18:34:13,834 INFO c.h.h.t.HelmChartContainer - Received Unhealthy event for container hivemq in pod test-hivemq-platform-0 [be762aa7-8cbf-41d6-a6b7-da8074bdf6f0]
2025-01-30 18:34:17,756 INFO c.h.h.t.HelmChartContainer - [hivemq-test-hivemq-platform] [hivemq-platform-operator] [2f3f9aef] 18:34:17.753 [pool-6-thread-26] DEBUG c.h.p.o.d.PlatformServiceResource - [helmvolu] Desired Platform services (3 services)
2025-01-30 18:34:17,756 INFO c.h.h.t.HelmChartContainer - [hivemq-test-hivemq-platform] [hivemq-platform-operator] [2f3f9aef] 18:34:17.753 [pool-6-thread-23] DEBUG c.h.p.o.dependants.PodInfoConfigMap - [helmvolu] Desired PodInfo ConfigMap (1 extensions) (1 enabled)
2025-01-30 18:34:17,756 INFO c.h.h.t.HelmChartContainer - [hivemq-test-hivemq-platform] [hivemq-platform-operator] [2f3f9aef] 18:34:17.753 [pool-6-thread-23] DEBUG c.h.p.o.dependants.PodInfoConfigMap - [helmvolu] Desired PodInfo ConfigMap (metrics port: 9399) (metrics path: /)
2025-01-30 18:34:17,756 INFO c.h.h.t.HelmChartContainer - [hivemq-test-hivemq-platform] [hivemq-platform-operator] [2f3f9aef] 18:34:17.753 [pool-6-thread-23] DEBUG c.h.p.o.dependants.PodInfoConfigMap - [helmvolu] Desired PodInfo ConfigMap (extension state hash: -1817474005)
2025-01-30 18:34:17,756 INFO c.h.h.t.HelmChartContainer - [hivemq-test-hivemq-platform] [hivemq-platform-operator] [2f3f9aef] 18:34:17.754 [pool-6-thread-23] DEBUG c.h.p.o.d.PodServiceAccountResource - [helmvolu] Desired PodServiceAccountResource (serviceAccountName: hivemq-platform-pod-test-hivemq-platform)
2025-01-30 18:34:17,756 INFO c.h.h.t.HelmChartContainer - [hivemq-test-hivemq-platform] [hivemq-platform-operator] [2f3f9aef] 18:34:17.756 [pool-6-thread-26] DEBUG c.h.p.o.d.StatefulSetResource - [helmvolu] Desired StatefulSet (3 replicas) for status ROLLING_RESTART (RESTART_PODS_IN_PROGRESS)
2025-01-30 18:34:17,759 INFO c.h.h.t.HelmChartContainer - [hivemq-test-hivemq-platform] [hivemq-platform-operator] [2f3f9aef] 18:34:17.758 [ReconcilerExecutor-hivemq-controller-115] INFO  c.h.p.o.HiveMQPlatformReconciler - [helmvolu] Reconciling HiveMQ Platform 'test-hivemq-platform' in namespace 'helmvolumeclaimtemplatesit'
2025-01-30 18:34:17,759 INFO c.h.h.t.HelmChartContainer - [hivemq-test-hivemq-platform] [hivemq-platform-operator] [2f3f9aef] 18:34:17.758 [ReconcilerExecutor-hivemq-controller-115] DEBUG c.h.p.o.HiveMQPlatformReconciler - [helmvolu] Custom Resource Status ROLLING_RESTART - HiveMQ Platform is restarting Pods (rolling restart) (RESTART_PODS_IN_PROGRESS)
2025-01-30 18:34:17,759 INFO c.h.h.t.HelmChartContainer - [hivemq-test-hivemq-platform] [hivemq-platform-operator] [2f3f9aef] 18:34:17.758 [ReconcilerExecutor-hivemq-controller-115] DEBUG c.h.p.o.HiveMQPlatformReconciler - [helmvolu] Custom Resource Spec (replicas: 2) (extensions: 1)
2025-01-30 18:34:17,760 INFO c.h.h.t.HelmChartContainer - [hivemq-test-hivemq-platform] [hivemq-platform-operator] [2f3f9aef] 18:34:17.759 [ReconcilerExecutor-hivemq-controller-115] DEBUG c.h.p.o.HiveMQPlatformReconciler - [helmvolu] StatefulSet Status (revision: test-hivemq-platform-59475f86c9, replicas: 3, available: 2, ready: 2, current: 0, updated: 3)
2025-01-30 18:34:17,762 INFO c.h.h.t.HelmChartContainer - [hivemq-test-hivemq-platform] [hivemq-platform-operator] [2f3f9aef] 18:34:17.759 [ReconcilerExecutor-hivemq-controller-115] DEBUG c.h.p.o.HiveMQPlatformReconciler - [helmvolu] StatefulSet Spec (replicas: 3, init containers: 1, containers: 1, volumes: 4)
2025-01-30 18:34:17,762 INFO c.h.h.t.HelmChartContainer - [hivemq-test-hivemq-platform] [hivemq-platform-operator] [2f3f9aef] 18:34:17.761 [ReconcilerExecutor-hivemq-controller-115] DEBUG c.h.p.o.h.HiveMQPlatformReconcilerErrorHandler - [helmvolu] Pod 'test-hivemq-platform-2' phase Running
2025-01-30 18:34:17,763 INFO c.h.h.t.HelmChartContainer - [hivemq-test-hivemq-platform] [hivemq-platform-operator] [2f3f9aef] 18:34:17.763 [ReconcilerExecutor-hivemq-controller-115] DEBUG c.h.p.o.h.HiveMQPlatformReconcilerErrorHandler - [helmvolu] Pod 'test-hivemq-platform-1' phase Running
2025-01-30 18:34:17,765 INFO c.h.h.t.HelmChartContainer - [hivemq-test-hivemq-platform] [hivemq-platform-operator] [2f3f9aef] 18:34:17.763 [ReconcilerExecutor-hivemq-controller-115] DEBUG c.h.p.o.h.HiveMQPlatformReconcilerErrorHandler - [helmvolu] Pod 'test-hivemq-platform-0' phase Running
2025-01-30 18:34:17,765 INFO c.h.h.t.HelmChartContainer - [hivemq-test-hivemq-platform] [hivemq-platform-operator] [2f3f9aef] 18:34:17.764 [ReconcilerExecutor-hivemq-controller-115] DEBUG c.h.p.o.h.HiveMQPlatformReconcilerRollingRestartHandler - [helmvolu] Rolling restart is waiting for 2 of 3 replicas
2025-01-30 18:34:18,769 INFO c.h.h.t.HelmChartContainer - [test-hivemq-platform] [hivemq] [be762aa7] INFO  - [HiveMQ Platform Operator Init App 1.7.0-SNAPSHOT] Updating Pod HiveMQ Platform Operator Init App version annotation (version: 1.7.0-SNAPSHOT)
2025-01-30 18:34:18,777 INFO c.h.h.t.HelmChartContainer - [EVENT] Warning [Unhealthy] Readiness probe failed: HTTP probe failed with statuscode: 503 [helmvolumeclaimtemplatesit:test-hivemq-platform-0]
2025-01-30 18:34:18,777 INFO c.h.h.t.HelmChartContainer - Received Unhealthy event for container hivemq in pod test-hivemq-platform-0 [be762aa7-8cbf-41d6-a6b7-da8074bdf6f0]
2025-01-30 18:34:19,177 INFO c.h.h.t.HelmChartContainer - [POD] test-hivemq-platform-0 [be762aa7-8cbf-41d6-a6b7-da8074bdf6f0] in helmvolumeclaimtemplatesit was MODIFIED
2025-01-30 18:34:19,183 INFO c.h.h.t.HelmChartContainer - [hivemq-test-hivemq-platform] [hivemq-platform-operator] [2f3f9aef] 18:34:19.182 [pool-6-thread-37] DEBUG c.h.p.o.d.PlatformServiceResource - [helmvolu] Desired Platform services (3 services)
2025-01-30 18:34:19,185 INFO c.h.h.t.HelmChartContainer - [hivemq-test-hivemq-platform] [hivemq-platform-operator] [2f3f9aef] 18:34:19.184 [pool-6-thread-39] DEBUG c.h.p.o.d.PodServiceAccountResource - [helmvolu] Desired PodServiceAccountResource (serviceAccountName: hivemq-platform-pod-test-hivemq-platform)
2025-01-30 18:34:19,187 INFO c.h.h.t.HelmChartContainer - [hivemq-test-hivemq-platform] [hivemq-platform-operator] [2f3f9aef] 18:34:19.183 [pool-6-thread-36] DEBUG c.h.p.o.dependants.PodInfoConfigMap - [helmvolu] Desired PodInfo ConfigMap (1 extensions) (1 enabled)
2025-01-30 18:34:19,187 INFO c.h.h.t.HelmChartContainer - [test-hivemq-platform] [hivemq] [be762aa7] INFO  - [HiveMQ Platform Operator Init App 1.7.0-SNAPSHOT] Successfully updated Pod HiveMQ Platform Operator Init App version annotation (version: 1.7.0-SNAPSHOT)
2025-01-30 18:34:19,189 INFO c.h.h.t.HelmChartContainer - [hivemq-test-hivemq-platform] [hivemq-platform-operator] [2f3f9aef] 18:34:19.187 [pool-6-thread-36] DEBUG c.h.p.o.dependants.PodInfoConfigMap - [helmvolu] Desired PodInfo ConfigMap (metrics port: 9399) (metrics path: /)
2025-01-30 18:34:19,189 INFO c.h.h.t.HelmChartContainer - [hivemq-test-hivemq-platform] [hivemq-platform-operator] [2f3f9aef] 18:34:19.187 [pool-6-thread-36] DEBUG c.h.p.o.dependants.PodInfoConfigMap - [helmvolu] Desired PodInfo ConfigMap (extension state hash: -1817474005)
2025-01-30 18:34:19,191 INFO c.h.h.t.HelmChartContainer - [EVENT] Warning [Unhealthy] Readiness probe failed: HTTP probe failed with statuscode: 503 [helmvolumeclaimtemplatesit:test-hivemq-platform-0]
2025-01-30 18:34:19,191 INFO c.h.h.t.HelmChartContainer - Received Unhealthy event for container hivemq in pod test-hivemq-platform-0 [be762aa7-8cbf-41d6-a6b7-da8074bdf6f0]
2025-01-30 18:34:19,196 INFO c.h.h.t.HelmChartContainer - [hivemq-test-hivemq-platform] [hivemq-platform-operator] [2f3f9aef] 18:34:19.193 [pool-6-thread-37] DEBUG c.h.p.o.d.StatefulSetResource - [helmvolu] Desired StatefulSet (3 replicas) for status ROLLING_RESTART (RESTART_PODS_IN_PROGRESS)
2025-01-30 18:34:19,197 INFO c.h.h.t.HelmChartContainer - [hivemq-test-hivemq-platform] [hivemq-platform-operator] [2f3f9aef] 18:34:19.195 [ReconcilerExecutor-hivemq-controller-116] INFO  c.h.p.o.HiveMQPlatformReconciler - [helmvolu] Reconciling HiveMQ Platform 'test-hivemq-platform' in namespace 'helmvolumeclaimtemplatesit'
2025-01-30 18:34:19,197 INFO c.h.h.t.HelmChartContainer - [hivemq-test-hivemq-platform] [hivemq-platform-operator] [2f3f9aef] 18:34:19.195 [ReconcilerExecutor-hivemq-controller-116] DEBUG c.h.p.o.HiveMQPlatformReconciler - [helmvolu] Custom Resource Status ROLLING_RESTART - HiveMQ Platform is restarting Pods (rolling restart) (RESTART_PODS_IN_PROGRESS)
2025-01-30 18:34:19,197 INFO c.h.h.t.HelmChartContainer - [hivemq-test-hivemq-platform] [hivemq-platform-operator] [2f3f9aef] 18:34:19.195 [ReconcilerExecutor-hivemq-controller-116] DEBUG c.h.p.o.HiveMQPlatformReconciler - [helmvolu] Custom Resource Spec (replicas: 2) (extensions: 1)
2025-01-30 18:34:19,198 INFO c.h.h.t.HelmChartContainer - [hivemq-test-hivemq-platform] [hivemq-platform-operator] [2f3f9aef] 18:34:19.196 [ReconcilerExecutor-hivemq-controller-116] DEBUG c.h.p.o.HiveMQPlatformReconciler - [helmvolu] StatefulSet Status (revision: test-hivemq-platform-59475f86c9, replicas: 3, available: 2, ready: 2, current: 0, updated: 3)
2025-01-30 18:34:19,199 INFO c.h.h.t.HelmChartContainer - [hivemq-test-hivemq-platform] [hivemq-platform-operator] [2f3f9aef] 18:34:19.196 [ReconcilerExecutor-hivemq-controller-116] DEBUG c.h.p.o.HiveMQPlatformReconciler - [helmvolu] StatefulSet Spec (replicas: 3, init containers: 1, containers: 1, volumes: 4)
2025-01-30 18:34:19,199 INFO c.h.h.t.HelmChartContainer - [hivemq-test-hivemq-platform] [hivemq-platform-operator] [2f3f9aef] 18:34:19.198 [ReconcilerExecutor-hivemq-controller-116] DEBUG c.h.p.o.h.HiveMQPlatformReconcilerErrorHandler - [helmvolu] Pod 'test-hivemq-platform-2' phase Running
2025-01-30 18:34:19,199 INFO c.h.h.t.HelmChartContainer - [hivemq-test-hivemq-platform] [hivemq-platform-operator] [2f3f9aef] 18:34:19.199 [ReconcilerExecutor-hivemq-controller-116] DEBUG c.h.p.o.h.HiveMQPlatformReconcilerErrorHandler - [helmvolu] Pod 'test-hivemq-platform-1' phase Running
2025-01-30 18:34:19,200 INFO c.h.h.t.HelmChartContainer - [hivemq-test-hivemq-platform] [hivemq-platform-operator] [2f3f9aef] 18:34:19.199 [ReconcilerExecutor-hivemq-controller-116] DEBUG c.h.p.o.h.HiveMQPlatformReconcilerErrorHandler - [helmvolu] Pod 'test-hivemq-platform-0' phase Running
2025-01-30 18:34:19,200 INFO c.h.h.t.HelmChartContainer - [hivemq-test-hivemq-platform] [hivemq-platform-operator] [2f3f9aef] 18:34:19.200 [ReconcilerExecutor-hivemq-controller-116] DEBUG c.h.p.o.h.HiveMQPlatformReconcilerRollingRestartHandler - [helmvolu] Rolling restart is waiting for 2 of 3 replicas
2025-01-30 18:34:24,183 INFO c.h.h.t.HelmChartContainer - [EVENT] Warning [Unhealthy] Readiness probe failed: HTTP probe failed with statuscode: 503 [helmvolumeclaimtemplatesit:test-hivemq-platform-0]
2025-01-30 18:34:24,183 INFO c.h.h.t.HelmChartContainer - Received Unhealthy event for container hivemq in pod test-hivemq-platform-0 [be762aa7-8cbf-41d6-a6b7-da8074bdf6f0]
2025-01-30 18:34:26,672 INFO c.h.h.t.HelmChartContainer - [test-hivemq-platform] [hivemq] [be762aa7] INFO  - [HiveMQ Platform Operator Init App 1.7.0-SNAPSHOT] Proceeding with container start
2025-01-30 18:34:26,674 INFO c.h.h.t.HelmChartContainer - [test-hivemq-platform] [hivemq] [be762aa7] INFO  - [HiveMQ Platform Operator Init App 1.7.0-SNAPSHOT] Initializing HiveMQ Platform extensions with initial configuration: {hivemq-allow-all-extension={start-priority=-1, skip-https-hostname-verification=false, restart=true, config-version=0, header-version=0, c-uri=, priority=-1, uri=preinstalled, skip-https-certificate-validation=false, enabled=true}, hivemq-prometheus-extension={c-uri=, start-priority=-1, priority=-1, restart=true, enabled=true, request-header-path=no-request-headers, uri=preinstalled, skip-https-certificate-validation=false, skip-https-hostname-verification=false}}
2025-01-30 18:34:26,860 INFO c.h.h.t.HelmChartContainer - [K3S] [range_allocator.go:247] "Successfully synced" key="c1f759053570"
2025-01-30 18:34:27,075 INFO c.h.h.t.HelmChartContainer - [test-hivemq-platform] [hivemq] [be762aa7] INFO  - [HiveMQ Platform Operator Init App 1.7.0-SNAPSHOT] Extension hivemq-allow-all-extension was already enabled
2025-01-30 18:34:27,086 INFO c.h.h.t.HelmChartContainer - [test-hivemq-platform] [hivemq] [be762aa7] INFO  - [HiveMQ Platform Operator Init App 1.7.0-SNAPSHOT] Successfully enabled extension hivemq-prometheus-extension
2025-01-30 18:34:27,167 INFO c.h.h.t.HelmChartContainer - [test-hivemq-platform] [hivemq] [be762aa7] INFO  - [HiveMQ Platform Operator Init App 1.7.0-SNAPSHOT] Starting HiveMQ Platform version 4.36.0 (4.36.0)
2025-01-30 18:34:27,167 INFO c.h.h.t.HelmChartContainer - [test-hivemq-platform] [hivemq] [be762aa7] INFO  - [HiveMQ Platform Operator Init App 1.7.0-SNAPSHOT] Configuring the HiveMQ Platform
2025-01-30 18:34:27,179 INFO c.h.h.t.HelmChartContainer - [test-hivemq-platform] [hivemq] [be762aa7] INFO  - [HiveMQ Platform Operator Init App 1.7.0-SNAPSHOT] Changed logback.xml file scan period to 20 seconds
2025-01-30 18:34:27,275 INFO c.h.h.t.HelmChartContainer - [test-hivemq-platform] [hivemq] [be762aa7] INFO  - [HiveMQ Platform Operator Init App 1.7.0-SNAPSHOT] Starting the HiveMQ Platform
2025-01-30 18:34:27,278 INFO c.h.h.t.HelmChartContainer - [test-hivemq-platform] [hivemq] [be762aa7] -------------------------------------------------------------------------
2025-01-30 18:34:27,278 INFO c.h.h.t.HelmChartContainer - [test-hivemq-platform] [hivemq] [be762aa7] 
2025-01-30 18:34:27,278 INFO c.h.h.t.HelmChartContainer - [test-hivemq-platform] [hivemq] [be762aa7]                   _    _  _              __  __   ____
2025-01-30 18:34:27,278 INFO c.h.h.t.HelmChartContainer - [test-hivemq-platform] [hivemq] [be762aa7]                  | |  | |(_)            |  \/  | / __ \
2025-01-30 18:34:27,278 INFO c.h.h.t.HelmChartContainer - [test-hivemq-platform] [hivemq] [be762aa7]                  | |__| | _ __   __ ___ | \  / || |  | |
2025-01-30 18:34:27,278 INFO c.h.h.t.HelmChartContainer - [test-hivemq-platform] [hivemq] [be762aa7]                  |  __  || |\ \ / // _ \| |\/| || |  | |
2025-01-30 18:34:27,278 INFO c.h.h.t.HelmChartContainer - [test-hivemq-platform] [hivemq] [be762aa7]                  | |  | || | \ V /|  __/| |  | || |__| |
2025-01-30 18:34:27,278 INFO c.h.h.t.HelmChartContainer - [test-hivemq-platform] [hivemq] [be762aa7]                  |_|  |_||_|  \_/  \___||_|  |_| \___\_\
2025-01-30 18:34:27,279 INFO c.h.h.t.HelmChartContainer - [test-hivemq-platform] [hivemq] [be762aa7] 
2025-01-30 18:34:27,279 INFO c.h.h.t.HelmChartContainer - [test-hivemq-platform] [hivemq] [be762aa7] -------------------------------------------------------------------------
2025-01-30 18:34:27,279 INFO c.h.h.t.HelmChartContainer - [test-hivemq-platform] [hivemq] [be762aa7] 
2025-01-30 18:34:27,279 INFO c.h.h.t.HelmChartContainer - [test-hivemq-platform] [hivemq] [be762aa7]   HiveMQ Start Script for Linux/Unix v1.14
2025-01-30 18:34:27,279 INFO c.h.h.t.HelmChartContainer - [test-hivemq-platform] [hivemq] [be762aa7] 
2025-01-30 18:34:27,381 INFO c.h.h.t.HelmChartContainer - [test-hivemq-platform] [hivemq] [be762aa7] -------------------------------------------------------------------------
2025-01-30 18:34:27,381 INFO c.h.h.t.HelmChartContainer - [test-hivemq-platform] [hivemq] [be762aa7] 
2025-01-30 18:34:27,381 INFO c.h.h.t.HelmChartContainer - [test-hivemq-platform] [hivemq] [be762aa7]   HIVEMQ_HOME: /opt/hivemq
2025-01-30 18:34:27,381 INFO c.h.h.t.HelmChartContainer - [test-hivemq-platform] [hivemq] [be762aa7] 
2025-01-30 18:34:27,381 INFO c.h.h.t.HelmChartContainer - [test-hivemq-platform] [hivemq] [be762aa7]   JAVA_OPTS: -XX:+UnlockExperimentalVMOptions -XX:InitialRAMPercentage=50 -XX:MaxRAMPercentage=50 -Djava.net.preferIPv4Stack=true --add-opens java.base/java.lang=ALL-UNNAMED --add-opens java.base/java.nio=ALL-UNNAMED --add-opens java.base/sun.nio.ch=ALL-UNNAMED --add-opens jdk.management/com.sun.management.internal=ALL-UNNAMED --add-exports java.base/jdk.internal.misc=ALL-UNNAMED -Djava.security.egd=file:/dev/./urandom -Dcom.sun.management.jmxremote -Dcom.sun.management.jmxremote.port=9010 -Dcom.sun.management.jmxremote.local.only=false -Dcom.sun.management.jmxremote.authenticate=false -Dcom.sun.management.jmxremote.ssl=false -Duser.language=en -Duser.region=US -XX:+CrashOnOutOfMemoryError -XX:+HeapDumpOnOutOfMemoryError
2025-01-30 18:34:27,381 INFO c.h.h.t.HelmChartContainer - [test-hivemq-platform] [hivemq] [be762aa7] 
2025-01-30 18:34:27,381 INFO c.h.h.t.HelmChartContainer - [test-hivemq-platform] [hivemq] [be762aa7]   JAVA_VERSION: 21
2025-01-30 18:34:27,381 INFO c.h.h.t.HelmChartContainer - [test-hivemq-platform] [hivemq] [be762aa7] 
2025-01-30 18:34:27,381 INFO c.h.h.t.HelmChartContainer - [test-hivemq-platform] [hivemq] [be762aa7] -------------------------------------------------------------------------
2025-01-30 18:34:27,381 INFO c.h.h.t.HelmChartContainer - [test-hivemq-platform] [hivemq] [be762aa7] 
2025-01-30 18:34:29,187 INFO c.h.h.t.HelmChartContainer - [EVENT] Warning [Unhealthy] Readiness probe failed: HTTP probe failed with statuscode: 503 [helmvolumeclaimtemplatesit:test-hivemq-platform-0]
2025-01-30 18:34:29,187 INFO c.h.h.t.HelmChartContainer - Received Unhealthy event for container hivemq in pod test-hivemq-platform-0 [be762aa7-8cbf-41d6-a6b7-da8074bdf6f0]
2025-01-30 18:34:29,208 INFO c.h.h.t.HelmChartContainer - [hivemq-test-hivemq-platform] [hivemq-platform-operator] [2f3f9aef] 18:34:29.204 [pool-6-thread-42] DEBUG c.h.p.o.dependants.PodInfoConfigMap - [helmvolu] Desired PodInfo ConfigMap (1 extensions) (1 enabled)
2025-01-30 18:34:29,208 INFO c.h.h.t.HelmChartContainer - [hivemq-test-hivemq-platform] [hivemq-platform-operator] [2f3f9aef] 18:34:29.204 [pool-6-thread-42] DEBUG c.h.p.o.dependants.PodInfoConfigMap - [helmvolu] Desired PodInfo ConfigMap (metrics port: 9399) (metrics path: /)
2025-01-30 18:34:29,208 INFO c.h.h.t.HelmChartContainer - [hivemq-test-hivemq-platform] [hivemq-platform-operator] [2f3f9aef] 18:34:29.204 [pool-6-thread-42] DEBUG c.h.p.o.dependants.PodInfoConfigMap - [helmvolu] Desired PodInfo ConfigMap (extension state hash: -1817474005)
2025-01-30 18:34:29,208 INFO c.h.h.t.HelmChartContainer - [hivemq-test-hivemq-platform] [hivemq-platform-operator] [2f3f9aef] 18:34:29.204 [pool-6-thread-44] DEBUG c.h.p.o.d.PodServiceAccountResource - [helmvolu] Desired PodServiceAccountResource (serviceAccountName: hivemq-platform-pod-test-hivemq-platform)
2025-01-30 18:34:29,208 INFO c.h.h.t.HelmChartContainer - [hivemq-test-hivemq-platform] [hivemq-platform-operator] [2f3f9aef] 18:34:29.205 [pool-6-thread-46] DEBUG c.h.p.o.d.PlatformServiceResource - [helmvolu] Desired Platform services (3 services)
2025-01-30 18:34:29,209 INFO c.h.h.t.HelmChartContainer - [hivemq-test-hivemq-platform] [hivemq-platform-operator] [2f3f9aef] 18:34:29.208 [pool-6-thread-46] DEBUG c.h.p.o.d.StatefulSetResource - [helmvolu] Desired StatefulSet (3 replicas) for status ROLLING_RESTART (RESTART_PODS_IN_PROGRESS)
2025-01-30 18:34:29,212 INFO c.h.h.t.HelmChartContainer - [hivemq-test-hivemq-platform] [hivemq-platform-operator] [2f3f9aef] 18:34:29.211 [ReconcilerExecutor-hivemq-controller-117] INFO  c.h.p.o.HiveMQPlatformReconciler - [helmvolu] Reconciling HiveMQ Platform 'test-hivemq-platform' in namespace 'helmvolumeclaimtemplatesit'
2025-01-30 18:34:29,212 INFO c.h.h.t.HelmChartContainer - [hivemq-test-hivemq-platform] [hivemq-platform-operator] [2f3f9aef] 18:34:29.211 [ReconcilerExecutor-hivemq-controller-117] DEBUG c.h.p.o.HiveMQPlatformReconciler - [helmvolu] Custom Resource Status ROLLING_RESTART - HiveMQ Platform is restarting Pods (rolling restart) (RESTART_PODS_IN_PROGRESS)
2025-01-30 18:34:29,212 INFO c.h.h.t.HelmChartContainer - [hivemq-test-hivemq-platform] [hivemq-platform-operator] [2f3f9aef] 18:34:29.211 [ReconcilerExecutor-hivemq-controller-117] DEBUG c.h.p.o.HiveMQPlatformReconciler - [helmvolu] Custom Resource Spec (replicas: 2) (extensions: 1)
2025-01-30 18:34:29,214 INFO c.h.h.t.HelmChartContainer - [hivemq-test-hivemq-platform] [hivemq-platform-operator] [2f3f9aef] 18:34:29.212 [ReconcilerExecutor-hivemq-controller-117] DEBUG c.h.p.o.HiveMQPlatformReconciler - [helmvolu] StatefulSet Status (revision: test-hivemq-platform-59475f86c9, replicas: 3, available: 2, ready: 2, current: 0, updated: 3)
2025-01-30 18:34:29,214 INFO c.h.h.t.HelmChartContainer - [hivemq-test-hivemq-platform] [hivemq-platform-operator] [2f3f9aef] 18:34:29.212 [ReconcilerExecutor-hivemq-controller-117] DEBUG c.h.p.o.HiveMQPlatformReconciler - [helmvolu] StatefulSet Spec (replicas: 3, init containers: 1, containers: 1, volumes: 4)
2025-01-30 18:34:29,215 INFO c.h.h.t.HelmChartContainer - [hivemq-test-hivemq-platform] [hivemq-platform-operator] [2f3f9aef] 18:34:29.214 [ReconcilerExecutor-hivemq-controller-117] DEBUG c.h.p.o.h.HiveMQPlatformReconcilerErrorHandler - [helmvolu] Pod 'test-hivemq-platform-2' phase Running
2025-01-30 18:34:29,216 INFO c.h.h.t.HelmChartContainer - [hivemq-test-hivemq-platform] [hivemq-platform-operator] [2f3f9aef] 18:34:29.215 [ReconcilerExecutor-hivemq-controller-117] DEBUG c.h.p.o.h.HiveMQPlatformReconcilerErrorHandler - [helmvolu] Pod 'test-hivemq-platform-1' phase Running
2025-01-30 18:34:29,217 INFO c.h.h.t.HelmChartContainer - [hivemq-test-hivemq-platform] [hivemq-platform-operator] [2f3f9aef] 18:34:29.216 [ReconcilerExecutor-hivemq-controller-117] DEBUG c.h.p.o.h.HiveMQPlatformReconcilerErrorHandler - [helmvolu] Pod 'test-hivemq-platform-0' phase Running
2025-01-30 18:34:29,217 INFO c.h.h.t.HelmChartContainer - [hivemq-test-hivemq-platform] [hivemq-platform-operator] [2f3f9aef] 18:34:29.216 [ReconcilerExecutor-hivemq-controller-117] DEBUG c.h.p.o.h.HiveMQPlatformReconcilerRollingRestartHandler - [helmvolu] Rolling restart is waiting for 2 of 3 replicas
2025-01-30 18:34:29,781 INFO c.h.h.t.HelmChartContainer - [test-hivemq-platform] [hivemq] [be762aa7] INFO  - Starting HiveMQ Enterprise Server
2025-01-30 18:34:29,786 INFO c.h.h.t.HelmChartContainer - [test-hivemq-platform] [hivemq] [be762aa7] INFO  - HiveMQ version: 4.36.0
2025-01-30 18:34:29,786 INFO c.h.h.t.HelmChartContainer - [test-hivemq-platform] [hivemq] [be762aa7] INFO  - HiveMQ home directory: /opt/hivemq
2025-01-30 18:34:29,787 INFO c.h.h.t.HelmChartContainer - [test-hivemq-platform] [hivemq] [be762aa7] INFO  - Log Configuration was overridden by /opt/hivemq/conf/logback.xml
2025-01-30 18:34:31,177 INFO c.h.h.t.HelmChartContainer - [test-hivemq-platform] [hivemq] [be762aa7] INFO  - Successfully loaded configuration from '/opt/hivemq/conf-k8s/config.xml'.
2025-01-30 18:34:31,574 INFO c.h.h.t.HelmChartContainer - [test-hivemq-platform] [hivemq] [be762aa7] INFO  - This node's ID is 8kYaF
2025-01-30 18:34:31,789 INFO c.h.h.t.HelmChartContainer - [test-hivemq-platform] [hivemq] [be762aa7] INFO  - Clustering is enabled
2025-01-30 18:34:34,568 INFO c.h.h.t.HelmChartContainer - [test-hivemq-platform] [hivemq] [be762aa7] WARN  - [HiveMQ Platform Operator Init App 1.7.0-SNAPSHOT] Cannot connect to Health API for readiness: null
2025-01-30 18:34:34,574 INFO c.h.h.t.HelmChartContainer - [EVENT] Warning [Unhealthy] Readiness probe failed: HTTP probe failed with statuscode: 503 [helmvolumeclaimtemplatesit:test-hivemq-platform-0]
2025-01-30 18:34:34,574 INFO c.h.h.t.HelmChartContainer - Received Unhealthy event for container hivemq in pod test-hivemq-platform-0 [be762aa7-8cbf-41d6-a6b7-da8074bdf6f0]
2025-01-30 18:34:36,071 INFO c.h.h.t.HelmChartContainer - [test-hivemq-platform] [hivemq] [be762aa7] WARN  - [HiveMQ Platform Operator Init App 1.7.0-SNAPSHOT] Cannot connect to Health API for liveness: null
2025-01-30 18:34:36,071 INFO c.h.h.t.HelmChartContainer - [test-hivemq-platform] [hivemq] [be762aa7] INFO  - [HiveMQ Platform Operator Init App 1.7.0-SNAPSHOT] Returning default Health API response 200 for liveness
2025-01-30 18:34:39,181 INFO c.h.h.t.HelmChartContainer - [test-hivemq-platform] [hivemq] [be762aa7] WARN  - [HiveMQ Platform Operator Init App 1.7.0-SNAPSHOT] Cannot connect to Health API for readiness: null
2025-01-30 18:34:39,185 INFO c.h.h.t.HelmChartContainer - [EVENT] Warning [Unhealthy] Readiness probe failed: HTTP probe failed with statuscode: 503 [helmvolumeclaimtemplatesit:test-hivemq-platform-0]
2025-01-30 18:34:39,185 INFO c.h.h.t.HelmChartContainer - Received Unhealthy event for container hivemq in pod test-hivemq-platform-0 [be762aa7-8cbf-41d6-a6b7-da8074bdf6f0]
2025-01-30 18:34:39,222 INFO c.h.h.t.HelmChartContainer - [hivemq-test-hivemq-platform] [hivemq-platform-operator] [2f3f9aef] 18:34:39.219 [pool-6-thread-10] DEBUG c.h.p.o.d.PlatformServiceResource - [helmvolu] Desired Platform services (3 services)
2025-01-30 18:34:39,222 INFO c.h.h.t.HelmChartContainer - [hivemq-test-hivemq-platform] [hivemq-platform-operator] [2f3f9aef] 18:34:39.219 [pool-6-thread-5] DEBUG c.h.p.o.dependants.PodInfoConfigMap - [helmvolu] Desired PodInfo ConfigMap (1 extensions) (1 enabled)
2025-01-30 18:34:39,222 INFO c.h.h.t.HelmChartContainer - [hivemq-test-hivemq-platform] [hivemq-platform-operator] [2f3f9aef] 18:34:39.219 [pool-6-thread-5] DEBUG c.h.p.o.dependants.PodInfoConfigMap - [helmvolu] Desired PodInfo ConfigMap (metrics port: 9399) (metrics path: /)
2025-01-30 18:34:39,222 INFO c.h.h.t.HelmChartContainer - [hivemq-test-hivemq-platform] [hivemq-platform-operator] [2f3f9aef] 18:34:39.219 [pool-6-thread-5] DEBUG c.h.p.o.dependants.PodInfoConfigMap - [helmvolu] Desired PodInfo ConfigMap (extension state hash: -1817474005)
2025-01-30 18:34:39,222 INFO c.h.h.t.HelmChartContainer - [hivemq-test-hivemq-platform] [hivemq-platform-operator] [2f3f9aef] 18:34:39.220 [pool-6-thread-4] DEBUG c.h.p.o.d.PodServiceAccountResource - [helmvolu] Desired PodServiceAccountResource (serviceAccountName: hivemq-platform-pod-test-hivemq-platform)
2025-01-30 18:34:39,224 INFO c.h.h.t.HelmChartContainer - [hivemq-test-hivemq-platform] [hivemq-platform-operator] [2f3f9aef] 18:34:39.222 [pool-6-thread-9] DEBUG c.h.p.o.d.StatefulSetResource - [helmvolu] Desired StatefulSet (3 replicas) for status ROLLING_RESTART (RESTART_PODS_IN_PROGRESS)
2025-01-30 18:34:39,226 INFO c.h.h.t.HelmChartContainer - [hivemq-test-hivemq-platform] [hivemq-platform-operator] [2f3f9aef] 18:34:39.224 [ReconcilerExecutor-hivemq-controller-118] INFO  c.h.p.o.HiveMQPlatformReconciler - [helmvolu] Reconciling HiveMQ Platform 'test-hivemq-platform' in namespace 'helmvolumeclaimtemplatesit'
2025-01-30 18:34:39,226 INFO c.h.h.t.HelmChartContainer - [hivemq-test-hivemq-platform] [hivemq-platform-operator] [2f3f9aef] 18:34:39.224 [ReconcilerExecutor-hivemq-controller-118] DEBUG c.h.p.o.HiveMQPlatformReconciler - [helmvolu] Custom Resource Status ROLLING_RESTART - HiveMQ Platform is restarting Pods (rolling restart) (RESTART_PODS_IN_PROGRESS)
2025-01-30 18:34:39,227 INFO c.h.h.t.HelmChartContainer - [hivemq-test-hivemq-platform] [hivemq-platform-operator] [2f3f9aef] 18:34:39.224 [ReconcilerExecutor-hivemq-controller-118] DEBUG c.h.p.o.HiveMQPlatformReconciler - [helmvolu] Custom Resource Spec (replicas: 2) (extensions: 1)
2025-01-30 18:34:39,227 INFO c.h.h.t.HelmChartContainer - [hivemq-test-hivemq-platform] [hivemq-platform-operator] [2f3f9aef] 18:34:39.225 [ReconcilerExecutor-hivemq-controller-118] DEBUG c.h.p.o.HiveMQPlatformReconciler - [helmvolu] StatefulSet Status (revision: test-hivemq-platform-59475f86c9, replicas: 3, available: 2, ready: 2, current: 0, updated: 3)
2025-01-30 18:34:39,227 INFO c.h.h.t.HelmChartContainer - [hivemq-test-hivemq-platform] [hivemq-platform-operator] [2f3f9aef] 18:34:39.226 [ReconcilerExecutor-hivemq-controller-118] DEBUG c.h.p.o.HiveMQPlatformReconciler - [helmvolu] StatefulSet Spec (replicas: 3, init containers: 1, containers: 1, volumes: 4)
2025-01-30 18:34:39,228 INFO c.h.h.t.HelmChartContainer - [hivemq-test-hivemq-platform] [hivemq-platform-operator] [2f3f9aef] 18:34:39.227 [ReconcilerExecutor-hivemq-controller-118] DEBUG c.h.p.o.h.HiveMQPlatformReconcilerErrorHandler - [helmvolu] Pod 'test-hivemq-platform-2' phase Running
2025-01-30 18:34:39,230 INFO c.h.h.t.HelmChartContainer - [hivemq-test-hivemq-platform] [hivemq-platform-operator] [2f3f9aef] 18:34:39.228 [ReconcilerExecutor-hivemq-controller-118] DEBUG c.h.p.o.h.HiveMQPlatformReconcilerErrorHandler - [helmvolu] Pod 'test-hivemq-platform-1' phase Running
2025-01-30 18:34:39,230 INFO c.h.h.t.HelmChartContainer - [hivemq-test-hivemq-platform] [hivemq-platform-operator] [2f3f9aef] 18:34:39.229 [ReconcilerExecutor-hivemq-controller-118] DEBUG c.h.p.o.h.HiveMQPlatformReconcilerErrorHandler - [helmvolu] Pod 'test-hivemq-platform-0' phase Running
2025-01-30 18:34:39,230 INFO c.h.h.t.HelmChartContainer - [hivemq-test-hivemq-platform] [hivemq-platform-operator] [2f3f9aef] 18:34:39.229 [ReconcilerExecutor-hivemq-controller-118] DEBUG c.h.p.o.h.HiveMQPlatformReconcilerRollingRestartHandler - [helmvolu] Rolling restart is waiting for 2 of 3 replicas
2025-01-30 18:34:44,181 INFO c.h.h.t.HelmChartContainer - [test-hivemq-platform] [hivemq] [be762aa7] WARN  - [HiveMQ Platform Operator Init App 1.7.0-SNAPSHOT] Cannot connect to Health API for readiness: null
2025-01-30 18:34:44,185 INFO c.h.h.t.HelmChartContainer - [EVENT] Warning [Unhealthy] Readiness probe failed: HTTP probe failed with statuscode: 503 [helmvolumeclaimtemplatesit:test-hivemq-platform-0]
2025-01-30 18:34:44,185 INFO c.h.h.t.HelmChartContainer - Received Unhealthy event for container hivemq in pod test-hivemq-platform-0 [be762aa7-8cbf-41d6-a6b7-da8074bdf6f0]
2025-01-30 18:34:44,870 INFO c.h.h.t.HelmChartContainer - [test-hivemq-platform] [hivemq] [be762aa7] INFO  - No valid license file found. Using trial license, restricted to 25 connections.
2025-01-30 18:34:48,675 INFO c.h.h.t.HelmChartContainer - [test-hivemq-platform] [hivemq] [be762aa7] INFO  - No valid license file for Data Hub found. Using free license, restricted to 1 policy.
2025-01-30 18:34:49,181 INFO c.h.h.t.HelmChartContainer - [test-hivemq-platform] [hivemq] [be762aa7] WARN  - [HiveMQ Platform Operator Init App 1.7.0-SNAPSHOT] Cannot connect to Health API for readiness: null
2025-01-30 18:34:49,185 INFO c.h.h.t.HelmChartContainer - [EVENT] Warning [Unhealthy] Readiness probe failed: HTTP probe failed with statuscode: 503 [helmvolumeclaimtemplatesit:test-hivemq-platform-0]
2025-01-30 18:34:49,185 INFO c.h.h.t.HelmChartContainer - Received Unhealthy event for container hivemq in pod test-hivemq-platform-0 [be762aa7-8cbf-41d6-a6b7-da8074bdf6f0]
2025-01-30 18:34:49,234 INFO c.h.h.t.HelmChartContainer - [hivemq-test-hivemq-platform] [hivemq-platform-operator] [2f3f9aef] 18:34:49.232 [pool-6-thread-16] DEBUG c.h.p.o.d.PlatformServiceResource - [helmvolu] Desired Platform services (3 services)
2025-01-30 18:34:49,234 INFO c.h.h.t.HelmChartContainer - [hivemq-test-hivemq-platform] [hivemq-platform-operator] [2f3f9aef] 18:34:49.232 [pool-6-thread-17] DEBUG c.h.p.o.dependants.PodInfoConfigMap - [helmvolu] Desired PodInfo ConfigMap (1 extensions) (1 enabled)
2025-01-30 18:34:49,235 INFO c.h.h.t.HelmChartContainer - [hivemq-test-hivemq-platform] [hivemq-platform-operator] [2f3f9aef] 18:34:49.232 [pool-6-thread-17] DEBUG c.h.p.o.dependants.PodInfoConfigMap - [helmvolu] Desired PodInfo ConfigMap (metrics port: 9399) (metrics path: /)
2025-01-30 18:34:49,235 INFO c.h.h.t.HelmChartContainer - [hivemq-test-hivemq-platform] [hivemq-platform-operator] [2f3f9aef] 18:34:49.232 [pool-6-thread-17] DEBUG c.h.p.o.dependants.PodInfoConfigMap - [helmvolu] Desired PodInfo ConfigMap (extension state hash: -1817474005)
2025-01-30 18:34:49,235 INFO c.h.h.t.HelmChartContainer - [hivemq-test-hivemq-platform] [hivemq-platform-operator] [2f3f9aef] 18:34:49.234 [pool-6-thread-19] DEBUG c.h.p.o.d.PodServiceAccountResource - [helmvolu] Desired PodServiceAccountResource (serviceAccountName: hivemq-platform-pod-test-hivemq-platform)
2025-01-30 18:34:49,237 INFO c.h.h.t.HelmChartContainer - [hivemq-test-hivemq-platform] [hivemq-platform-operator] [2f3f9aef] 18:34:49.236 [pool-6-thread-15] DEBUG c.h.p.o.d.StatefulSetResource - [helmvolu] Desired StatefulSet (3 replicas) for status ROLLING_RESTART (RESTART_PODS_IN_PROGRESS)
2025-01-30 18:34:49,239 INFO c.h.h.t.HelmChartContainer - [hivemq-test-hivemq-platform] [hivemq-platform-operator] [2f3f9aef] 18:34:49.238 [ReconcilerExecutor-hivemq-controller-119] INFO  c.h.p.o.HiveMQPlatformReconciler - [helmvolu] Reconciling HiveMQ Platform 'test-hivemq-platform' in namespace 'helmvolumeclaimtemplatesit'
2025-01-30 18:34:49,239 INFO c.h.h.t.HelmChartContainer - [hivemq-test-hivemq-platform] [hivemq-platform-operator] [2f3f9aef] 18:34:49.238 [ReconcilerExecutor-hivemq-controller-119] DEBUG c.h.p.o.HiveMQPlatformReconciler - [helmvolu] Custom Resource Status ROLLING_RESTART - HiveMQ Platform is restarting Pods (rolling restart) (RESTART_PODS_IN_PROGRESS)
2025-01-30 18:34:49,239 INFO c.h.h.t.HelmChartContainer - [hivemq-test-hivemq-platform] [hivemq-platform-operator] [2f3f9aef] 18:34:49.238 [ReconcilerExecutor-hivemq-controller-119] DEBUG c.h.p.o.HiveMQPlatformReconciler - [helmvolu] Custom Resource Spec (replicas: 2) (extensions: 1)
2025-01-30 18:34:49,239 INFO c.h.h.t.HelmChartContainer - [hivemq-test-hivemq-platform] [hivemq-platform-operator] [2f3f9aef] 18:34:49.239 [ReconcilerExecutor-hivemq-controller-119] DEBUG c.h.p.o.HiveMQPlatformReconciler - [helmvolu] StatefulSet Status (revision: test-hivemq-platform-59475f86c9, replicas: 3, available: 2, ready: 2, current: 0, updated: 3)
2025-01-30 18:34:49,239 INFO c.h.h.t.HelmChartContainer - [hivemq-test-hivemq-platform] [hivemq-platform-operator] [2f3f9aef] 18:34:49.239 [ReconcilerExecutor-hivemq-controller-119] DEBUG c.h.p.o.HiveMQPlatformReconciler - [helmvolu] StatefulSet Spec (replicas: 3, init containers: 1, containers: 1, volumes: 4)
2025-01-30 18:34:49,241 INFO c.h.h.t.HelmChartContainer - [hivemq-test-hivemq-platform] [hivemq-platform-operator] [2f3f9aef] 18:34:49.240 [ReconcilerExecutor-hivemq-controller-119] DEBUG c.h.p.o.h.HiveMQPlatformReconcilerErrorHandler - [helmvolu] Pod 'test-hivemq-platform-2' phase Running
2025-01-30 18:34:49,242 INFO c.h.h.t.HelmChartContainer - [hivemq-test-hivemq-platform] [hivemq-platform-operator] [2f3f9aef] 18:34:49.241 [ReconcilerExecutor-hivemq-controller-119] DEBUG c.h.p.o.h.HiveMQPlatformReconcilerErrorHandler - [helmvolu] Pod 'test-hivemq-platform-1' phase Running
2025-01-30 18:34:49,243 INFO c.h.h.t.HelmChartContainer - [hivemq-test-hivemq-platform] [hivemq-platform-operator] [2f3f9aef] 18:34:49.242 [ReconcilerExecutor-hivemq-controller-119] DEBUG c.h.p.o.h.HiveMQPlatformReconcilerErrorHandler - [helmvolu] Pod 'test-hivemq-platform-0' phase Running
2025-01-30 18:34:49,243 INFO c.h.h.t.HelmChartContainer - [hivemq-test-hivemq-platform] [hivemq-platform-operator] [2f3f9aef] 18:34:49.242 [ReconcilerExecutor-hivemq-controller-119] DEBUG c.h.p.o.h.HiveMQPlatformReconcilerRollingRestartHandler - [helmvolu] Rolling restart is waiting for 2 of 3 replicas
2025-01-30 18:34:49,883 INFO c.h.h.t.HelmChartContainer - [test-hivemq-platform] [hivemq] [be762aa7] INFO  - Audit Logger started.
2025-01-30 18:34:50,272 INFO c.h.h.t.HelmChartContainer - [test-hivemq-platform] [hivemq] [be762aa7] INFO  - This node uses '1' CPU cores.
2025-01-30 18:34:50,278 INFO c.h.h.t.HelmChartContainer - [test-hivemq-platform] [hivemq] [be762aa7] INFO  - Starting HiveMQ Health API on address 0.0.0.0 and port 8889
2025-01-30 18:34:51,077 INFO c.h.h.t.HelmChartContainer - [test-hivemq-platform] [hivemq] [be762aa7] INFO  - Started HiveMQ Health API in 798ms
2025-01-30 18:34:52,017 INFO c.h.h.t.HelmChartContainer - [test-hivemq-platform] [hivemq] [be762aa7] INFO  - Starting HiveMQ extension system.
2025-01-30 18:34:52,277 INFO c.h.h.t.HelmChartContainer - [test-hivemq-platform] [hivemq] [be762aa7] INFO  - Starting extension with id "hivemq-dns-cluster-discovery" at /opt/hivemq/extensions/hivemq-dns-cluster-discovery
2025-01-30 18:34:52,772 INFO c.h.h.t.HelmChartContainer - [test-hivemq-platform] [hivemq] [be762aa7] INFO  - Extension "DNS Cluster Discovery Extension" version 4.3.2 started successfully.
2025-01-30 18:34:52,774 INFO c.h.h.t.HelmChartContainer - [test-hivemq-platform] [hivemq] [be762aa7] INFO  - Starting extension with id "hivemq-prometheus-extension" at /opt/hivemq/extensions/hivemq-prometheus-extension
2025-01-30 18:34:52,874 INFO c.h.h.t.HelmChartContainer - [test-hivemq-platform] [hivemq] [be762aa7] INFO  - Using TCP cluster transport on address 10.42.0.17 and port 7000
2025-01-30 18:34:52,920 INFO c.h.h.t.HelmChartContainer - [test-hivemq-platform] [hivemq] [be762aa7] INFO  - Using extension cluster discovery
2025-01-30 18:34:53,769 INFO c.h.h.t.HelmChartContainer - [test-hivemq-platform] [hivemq] [be762aa7] INFO  - Started Jetty Server exposing Prometheus Servlet on URI http://0.0.0.0:9399/
2025-01-30 18:34:53,769 INFO c.h.h.t.HelmChartContainer - [test-hivemq-platform] [hivemq] [be762aa7] INFO  - Extension "Prometheus Monitoring Extension" version 4.0.12 started successfully.
2025-01-30 18:34:53,769 INFO c.h.h.t.HelmChartContainer - [test-hivemq-platform] [hivemq] [be762aa7] INFO  - Starting extension with id "hivemq-allow-all-extension" at /opt/hivemq/extensions/hivemq-allow-all-extension
2025-01-30 18:34:53,769 INFO c.h.h.t.HelmChartContainer - [test-hivemq-platform] [hivemq] [be762aa7] WARN  - 
2025-01-30 18:34:53,769 INFO c.h.h.t.HelmChartContainer - [test-hivemq-platform] [hivemq] [be762aa7] ################################################################################################################
2025-01-30 18:34:53,769 INFO c.h.h.t.HelmChartContainer - [test-hivemq-platform] [hivemq] [be762aa7] # This HiveMQ deployment is not secure! You are lacking Authentication and Authorization.                      #
2025-01-30 18:34:53,769 INFO c.h.h.t.HelmChartContainer - [test-hivemq-platform] [hivemq] [be762aa7] # Right now any MQTT client can connect to the broker with a full set of permissions.                          #
2025-01-30 18:34:53,769 INFO c.h.h.t.HelmChartContainer - [test-hivemq-platform] [hivemq] [be762aa7] # For production usage, add an appropriate security extension and remove the hivemq-allow-all extension.       #
2025-01-30 18:34:53,769 INFO c.h.h.t.HelmChartContainer - [test-hivemq-platform] [hivemq] [be762aa7] # You can download security extensions from the HiveMQ Marketplace (https://www.hivemq.com/extensions/).       #
2025-01-30 18:34:53,769 INFO c.h.h.t.HelmChartContainer - [test-hivemq-platform] [hivemq] [be762aa7] ################################################################################################################
2025-01-30 18:34:53,769 INFO c.h.h.t.HelmChartContainer - [test-hivemq-platform] [hivemq] [be762aa7] INFO  - Extension "Allow All Extension" version 1.1.1 started successfully.
2025-01-30 18:34:53,877 INFO c.h.h.t.HelmChartContainer - [test-hivemq-platform] [hivemq] [38b67c1e] INFO  - Cluster nodes found by discovery: [IXwde|6] (3) [IXwde, ZGSur, 8kYaF].
2025-01-30 18:34:53,879 INFO c.h.h.t.HelmChartContainer - [test-hivemq-platform] [hivemq] [4911ff26] INFO  - Cluster nodes found by discovery: [IXwde|6] (3) [IXwde, ZGSur, 8kYaF].
2025-01-30 18:34:53,918 INFO c.h.h.t.HelmChartContainer - [test-hivemq-platform] [hivemq] [be762aa7] INFO  - Cluster nodes found by discovery: [IXwde|6] (3) [IXwde, ZGSur, 8kYaF].
2025-01-30 18:34:54,076 INFO c.h.h.t.HelmChartContainer - [test-hivemq-platform] [hivemq] [be762aa7] INFO  - Cluster size = 1, members : [ZGSur].
2025-01-30 18:34:54,117 INFO c.h.h.t.HelmChartContainer - [test-hivemq-platform] [hivemq] [be762aa7] INFO  - Cluster size = 2, members : [ZGSur, IXwde].
2025-01-30 18:34:54,669 INFO c.h.h.t.HelmChartContainer - [test-hivemq-platform] [hivemq] [be762aa7] INFO  - Starting cluster join process. This may take a while. Please do not shut down HiveMQ.
2025-01-30 18:34:54,670 INFO c.h.h.t.HelmChartContainer - [test-hivemq-platform] [hivemq] [be762aa7] INFO  - Cluster join process is still ongoing. Please do not shut down HiveMQ.
2025-01-30 18:34:55,174 INFO c.h.h.t.HelmChartContainer - [test-hivemq-platform] [hivemq] [be762aa7] INFO  - [HiveMQ Platform Operator Init App 1.7.0-SNAPSHOT] Returning Health API response 503 for readiness
2025-01-30 18:34:55,180 INFO c.h.h.t.HelmChartContainer - [EVENT] Warning [Unhealthy] Readiness probe failed: HTTP probe failed with statuscode: 503 [helmvolumeclaimtemplatesit:test-hivemq-platform-0]
2025-01-30 18:34:55,180 INFO c.h.h.t.HelmChartContainer - Received Unhealthy event for container hivemq in pod test-hivemq-platform-0 [be762aa7-8cbf-41d6-a6b7-da8074bdf6f0]
2025-01-30 18:34:56,675 INFO c.h.h.t.HelmChartContainer - [test-hivemq-platform] [hivemq] [38b67c1e] INFO  - Cluster size = 3, members : [ZGSur, IXwde, 8kYaF].
2025-01-30 18:34:56,681 INFO c.h.h.t.HelmChartContainer - [test-hivemq-platform] [hivemq] [4911ff26] INFO  - Cluster size = 3, members : [ZGSur, IXwde, 8kYaF].
2025-01-30 18:34:56,687 INFO c.h.h.t.HelmChartContainer - [test-hivemq-platform] [hivemq] [be762aa7] INFO  - Cluster size = 3, members : [ZGSur, IXwde, 8kYaF].
2025-01-30 18:34:56,695 INFO c.h.h.t.HelmChartContainer - [test-hivemq-platform] [hivemq] [be762aa7] INFO  - Finished cluster join process successfully.
2025-01-30 18:34:56,697 INFO c.h.h.t.HelmChartContainer - [test-hivemq-platform] [hivemq] [be762aa7] WARN  - No user for HiveMQ Control Center configured. Starting with default user
2025-01-30 18:34:56,698 INFO c.h.h.t.HelmChartContainer - [test-hivemq-platform] [hivemq] [be762aa7] INFO  - Starting HiveMQ Control Center on address 0.0.0.0 and port 8080
2025-01-30 18:34:56,775 INFO c.h.h.t.HelmChartContainer - [test-hivemq-platform] [hivemq] [be762aa7] INFO  - Mounting HiveMQ Control Center V2 Preview
2025-01-30 18:34:57,371 INFO c.h.h.t.HelmChartContainer - [test-hivemq-platform] [hivemq] [be762aa7] INFO  - Started HiveMQ Control Center in 674ms
2025-01-30 18:34:57,385 INFO c.h.h.t.HelmChartContainer - [test-hivemq-platform] [hivemq] [be762aa7] INFO  - Starting TCP listener on address 0.0.0.0 and port 1884
2025-01-30 18:34:57,416 INFO c.h.h.t.HelmChartContainer - [test-hivemq-platform] [hivemq] [be762aa7] INFO  - Started TCP Listener on address 0.0.0.0 and on port 1884.
2025-01-30 18:34:57,417 INFO c.h.h.t.HelmChartContainer - [test-hivemq-platform] [hivemq] [be762aa7] INFO  - Started HiveMQ in 27949ms
2025-01-30 18:34:59,183 INFO c.h.h.t.HelmChartContainer - [test-hivemq-platform] [hivemq] [be762aa7] INFO  - [HiveMQ Platform Operator Init App 1.7.0-SNAPSHOT] Returning Health API response 200 for readiness
2025-01-30 18:34:59,198 INFO c.h.h.t.HelmChartContainer - [POD] test-hivemq-platform-0 [be762aa7-8cbf-41d6-a6b7-da8074bdf6f0] in helmvolumeclaimtemplatesit was MODIFIED
2025-01-30 18:34:59,216 INFO c.h.h.t.HelmChartContainer - [hivemq-test-hivemq-platform] [hivemq-platform-operator] [2f3f9aef] 18:34:59.198 [pool-6-thread-24] DEBUG c.h.p.o.d.PlatformServiceResource - [helmvolu] Desired Platform services (3 services)
2025-01-30 18:34:59,216 INFO c.h.h.t.HelmChartContainer - [hivemq-test-hivemq-platform] [hivemq-platform-operator] [2f3f9aef] 18:34:59.199 [pool-6-thread-23] DEBUG c.h.p.o.dependants.PodInfoConfigMap - [helmvolu] Desired PodInfo ConfigMap (1 extensions) (1 enabled)
2025-01-30 18:34:59,216 INFO c.h.h.t.HelmChartContainer - [hivemq-test-hivemq-platform] [hivemq-platform-operator] [2f3f9aef] 18:34:59.202 [pool-6-thread-23] DEBUG c.h.p.o.dependants.PodInfoConfigMap - [helmvolu] Desired PodInfo ConfigMap (metrics port: 9399) (metrics path: /)
2025-01-30 18:34:59,216 INFO c.h.h.t.HelmChartContainer - [hivemq-test-hivemq-platform] [hivemq-platform-operator] [2f3f9aef] 18:34:59.202 [pool-6-thread-23] DEBUG c.h.p.o.dependants.PodInfoConfigMap - [helmvolu] Desired PodInfo ConfigMap (extension state hash: -1817474005)
2025-01-30 18:34:59,216 INFO c.h.h.t.HelmChartContainer - [hivemq-test-hivemq-platform] [hivemq-platform-operator] [2f3f9aef] 18:34:59.200 [pool-6-thread-28] DEBUG c.h.p.o.d.PodServiceAccountResource - [helmvolu] Desired PodServiceAccountResource (serviceAccountName: hivemq-platform-pod-test-hivemq-platform)
2025-01-30 18:34:59,216 INFO c.h.h.t.HelmChartContainer - [hivemq-test-hivemq-platform] [hivemq-platform-operator] [2f3f9aef] 18:34:59.206 [pool-6-thread-23] DEBUG c.h.p.o.d.StatefulSetResource - [helmvolu] Desired StatefulSet (3 replicas) for status ROLLING_RESTART (RESTART_PODS_IN_PROGRESS)
2025-01-30 18:34:59,216 INFO c.h.h.t.HelmChartContainer - [hivemq-test-hivemq-platform] [hivemq-platform-operator] [2f3f9aef] 18:34:59.209 [ReconcilerExecutor-hivemq-controller-120] INFO  c.h.p.o.HiveMQPlatformReconciler - [helmvolu] Reconciling HiveMQ Platform 'test-hivemq-platform' in namespace 'helmvolumeclaimtemplatesit'
2025-01-30 18:34:59,216 INFO c.h.h.t.HelmChartContainer - [hivemq-test-hivemq-platform] [hivemq-platform-operator] [2f3f9aef] 18:34:59.209 [ReconcilerExecutor-hivemq-controller-120] DEBUG c.h.p.o.HiveMQPlatformReconciler - [helmvolu] Custom Resource Status ROLLING_RESTART - HiveMQ Platform is restarting Pods (rolling restart) (RESTART_PODS_IN_PROGRESS)
2025-01-30 18:34:59,216 INFO c.h.h.t.HelmChartContainer - [hivemq-test-hivemq-platform] [hivemq-platform-operator] [2f3f9aef] 18:34:59.209 [ReconcilerExecutor-hivemq-controller-120] DEBUG c.h.p.o.HiveMQPlatformReconciler - [helmvolu] Custom Resource Spec (replicas: 2) (extensions: 1)
2025-01-30 18:34:59,216 INFO c.h.h.t.HelmChartContainer - [hivemq-test-hivemq-platform] [hivemq-platform-operator] [2f3f9aef] 18:34:59.210 [ReconcilerExecutor-hivemq-controller-120] DEBUG c.h.p.o.HiveMQPlatformReconciler - [helmvolu] StatefulSet Status (revision: test-hivemq-platform-59475f86c9, replicas: 3, available: 2, ready: 2, current: 0, updated: 3)
2025-01-30 18:34:59,216 INFO c.h.h.t.HelmChartContainer - [hivemq-test-hivemq-platform] [hivemq-platform-operator] [2f3f9aef] 18:34:59.210 [ReconcilerExecutor-hivemq-controller-120] DEBUG c.h.p.o.HiveMQPlatformReconciler - [helmvolu] StatefulSet Spec (replicas: 3, init containers: 1, containers: 1, volumes: 4)
2025-01-30 18:34:59,216 INFO c.h.h.t.HelmChartContainer - [hivemq-test-hivemq-platform] [hivemq-platform-operator] [2f3f9aef] 18:34:59.211 [ReconcilerExecutor-hivemq-controller-120] DEBUG c.h.p.o.h.HiveMQPlatformReconcilerErrorHandler - [helmvolu] Pod 'test-hivemq-platform-2' phase Running
2025-01-30 18:34:59,216 INFO c.h.h.t.HelmChartContainer - [hivemq-test-hivemq-platform] [hivemq-platform-operator] [2f3f9aef] 18:34:59.212 [ReconcilerExecutor-hivemq-controller-120] DEBUG c.h.p.o.h.HiveMQPlatformReconcilerErrorHandler - [helmvolu] Pod 'test-hivemq-platform-1' phase Running
2025-01-30 18:34:59,216 INFO c.h.h.t.HelmChartContainer - [hivemq-test-hivemq-platform] [hivemq-platform-operator] [2f3f9aef] 18:34:59.212 [ReconcilerExecutor-hivemq-controller-120] DEBUG c.h.p.o.h.HiveMQPlatformReconcilerErrorHandler - [helmvolu] Pod 'test-hivemq-platform-0' phase Running
2025-01-30 18:34:59,216 INFO c.h.h.t.HelmChartContainer - [hivemq-test-hivemq-platform] [hivemq-platform-operator] [2f3f9aef] 18:34:59.213 [ReconcilerExecutor-hivemq-controller-120] DEBUG c.h.p.o.h.HiveMQPlatformReconcilerRollingRestartHandler - [helmvolu] Rolling restart is waiting for 2 of 3 replicas
2025-01-30 18:34:59,218 INFO c.h.h.t.HelmChartContainer - [hivemq-test-hivemq-platform] [hivemq-platform-operator] [2f3f9aef] 18:34:59.216 [pool-6-thread-39] DEBUG c.h.p.o.d.PodServiceAccountResource - [helmvolu] Desired PodServiceAccountResource (serviceAccountName: hivemq-platform-pod-test-hivemq-platform)
2025-01-30 18:34:59,218 INFO c.h.h.t.HelmChartContainer - [hivemq-test-hivemq-platform] [hivemq-platform-operator] [2f3f9aef] 18:34:59.217 [pool-6-thread-32] DEBUG c.h.p.o.dependants.PodInfoConfigMap - [helmvolu] Desired PodInfo ConfigMap (1 extensions) (1 enabled)
2025-01-30 18:34:59,218 INFO c.h.h.t.HelmChartContainer - [hivemq-test-hivemq-platform] [hivemq-platform-operator] [2f3f9aef] 18:34:59.217 [pool-6-thread-32] DEBUG c.h.p.o.dependants.PodInfoConfigMap - [helmvolu] Desired PodInfo ConfigMap (metrics port: 9399) (metrics path: /)
2025-01-30 18:34:59,218 INFO c.h.h.t.HelmChartContainer - [hivemq-test-hivemq-platform] [hivemq-platform-operator] [2f3f9aef] 18:34:59.217 [pool-6-thread-32] DEBUG c.h.p.o.dependants.PodInfoConfigMap - [helmvolu] Desired PodInfo ConfigMap (extension state hash: -1817474005)
2025-01-30 18:34:59,221 INFO c.h.h.t.HelmChartContainer - [hivemq-test-hivemq-platform] [hivemq-platform-operator] [2f3f9aef] 18:34:59.218 [pool-6-thread-40] DEBUG c.h.p.o.d.PlatformServiceResource - [helmvolu] Desired Platform services (3 services)
2025-01-30 18:34:59,223 INFO c.h.h.t.HelmChartContainer - [hivemq-test-hivemq-platform] [hivemq-platform-operator] [2f3f9aef] 18:34:59.221 [pool-6-thread-37] DEBUG c.h.p.o.d.StatefulSetResource - [helmvolu] Desired StatefulSet (3 replicas) for status ROLLING_RESTART (RESTART_PODS_IN_PROGRESS)
2025-01-30 18:34:59,223 INFO c.h.h.t.HelmChartContainer - [hivemq-test-hivemq-platform] [hivemq-platform-operator] [2f3f9aef] 18:34:59.223 [ReconcilerExecutor-hivemq-controller-120] INFO  c.h.p.o.HiveMQPlatformReconciler - [helmvolu] Reconciling HiveMQ Platform 'test-hivemq-platform' in namespace 'helmvolumeclaimtemplatesit'
2025-01-30 18:34:59,224 INFO c.h.h.t.HelmChartContainer - [hivemq-test-hivemq-platform] [hivemq-platform-operator] [2f3f9aef] 18:34:59.223 [ReconcilerExecutor-hivemq-controller-120] DEBUG c.h.p.o.HiveMQPlatformReconciler - [helmvolu] Custom Resource Status ROLLING_RESTART - HiveMQ Platform is restarting Pods (rolling restart) (RESTART_PODS_IN_PROGRESS)
2025-01-30 18:34:59,224 INFO c.h.h.t.HelmChartContainer - [hivemq-test-hivemq-platform] [hivemq-platform-operator] [2f3f9aef] 18:34:59.223 [ReconcilerExecutor-hivemq-controller-120] DEBUG c.h.p.o.HiveMQPlatformReconciler - [helmvolu] Custom Resource Spec (replicas: 2) (extensions: 1)
2025-01-30 18:34:59,226 INFO c.h.h.t.HelmChartContainer - [hivemq-test-hivemq-platform] [hivemq-platform-operator] [2f3f9aef] 18:34:59.225 [ReconcilerExecutor-hivemq-controller-120] DEBUG c.h.p.o.HiveMQPlatformReconciler - [helmvolu] StatefulSet Status (revision: test-hivemq-platform-59475f86c9, replicas: 3, available: 3, ready: 3, current: 0, updated: 3)
2025-01-30 18:34:59,226 INFO c.h.h.t.HelmChartContainer - [hivemq-test-hivemq-platform] [hivemq-platform-operator] [2f3f9aef] 18:34:59.225 [ReconcilerExecutor-hivemq-controller-120] DEBUG c.h.p.o.HiveMQPlatformReconciler - [helmvolu] StatefulSet Spec (replicas: 3, init containers: 1, containers: 1, volumes: 4)
2025-01-30 18:34:59,227 INFO c.h.h.t.HelmChartContainer - [hivemq-test-hivemq-platform] [hivemq-platform-operator] [2f3f9aef] 18:34:59.226 [ReconcilerExecutor-hivemq-controller-120] DEBUG c.h.p.o.h.HiveMQPlatformReconcilerErrorHandler - [helmvolu] Pod 'test-hivemq-platform-2' phase Running
2025-01-30 18:34:59,228 INFO c.h.h.t.HelmChartContainer - [hivemq-test-hivemq-platform] [hivemq-platform-operator] [2f3f9aef] 18:34:59.227 [ReconcilerExecutor-hivemq-controller-120] DEBUG c.h.p.o.h.HiveMQPlatformReconcilerErrorHandler - [helmvolu] Pod 'test-hivemq-platform-1' phase Running
2025-01-30 18:34:59,229 INFO c.h.h.t.HelmChartContainer - [hivemq-test-hivemq-platform] [hivemq-platform-operator] [2f3f9aef] 18:34:59.228 [ReconcilerExecutor-hivemq-controller-120] DEBUG c.h.p.o.h.HiveMQPlatformReconcilerErrorHandler - [helmvolu] Pod 'test-hivemq-platform-0' phase Running
2025-01-30 18:34:59,269 INFO c.h.h.t.HelmChartContainer - [hivemq-test-hivemq-platform] [hivemq-platform-operator] [2f3f9aef] 18:34:59.268 [ReconcilerExecutor-hivemq-controller-120] DEBUG c.h.p.o.h.HiveMQPlatformReconcilerRollingRestartHandler - [helmvolu] Skipping Pod test-hivemq-platform-2 as it's already on the controller update revision (update revision: test-hivemq-platform-59475f86c9, pod revision: test-hivemq-platform-59475f86c9)
2025-01-30 18:34:59,274 INFO c.h.h.t.HelmChartContainer - [hivemq-test-hivemq-platform] [hivemq-platform-operator] [2f3f9aef] 18:34:59.273 [ReconcilerExecutor-hivemq-controller-120] DEBUG c.h.p.o.h.HiveMQPlatformReconcilerRollingRestartHandler - [helmvolu] Skipping Pod test-hivemq-platform-1 as it's already on the controller update revision (update revision: test-hivemq-platform-59475f86c9, pod revision: test-hivemq-platform-59475f86c9)
2025-01-30 18:34:59,278 INFO c.h.h.t.HelmChartContainer - [hivemq-test-hivemq-platform] [hivemq-platform-operator] [2f3f9aef] 18:34:59.277 [ReconcilerExecutor-hivemq-controller-120] DEBUG c.h.p.o.h.HiveMQPlatformReconcilerRollingRestartHandler - [helmvolu] Skipping Pod test-hivemq-platform-0 as it's already on the controller update revision (update revision: test-hivemq-platform-59475f86c9, pod revision: test-hivemq-platform-59475f86c9)
2025-01-30 18:34:59,278 INFO c.h.h.t.HelmChartContainer - [hivemq-test-hivemq-platform] [hivemq-platform-operator] [2f3f9aef] 18:34:59.277 [ReconcilerExecutor-hivemq-controller-120] INFO  c.h.p.o.h.HiveMQPlatformReconcilerRollingRestartHandler - [helmvolu] Stopping surge Pod
2025-01-30 18:34:59,289 INFO c.h.h.t.HelmChartContainer - [hivemq-test-hivemq-platform] [hivemq-platform-operator] [2f3f9aef] 18:34:59.288 [ReconcilerExecutor-hivemq-controller-120] DEBUG c.h.p.operator.event.EventSender - [helmvolu] Creating K8s event rolling-restart-scale-down-in-progress: [RollingRestart] HiveMQ Platform is stopping the surge Pod (rolling restart)
2025-01-30 18:34:59,296 INFO c.h.h.t.HelmChartContainer - [EVENT] Normal [RollingRestart] HiveMQ Platform is stopping the surge Pod (rolling restart) [helmvolumeclaimtemplatesit:test-hivemq-platform]
2025-01-30 18:34:59,297 INFO c.h.h.t.HelmChartContainer - [hivemq-test-hivemq-platform] [hivemq-platform-operator] [2f3f9aef] 18:34:59.296 [ReconcilerExecutor-hivemq-controller-120] INFO  c.h.p.o.h.AbstractHiveMQReconcilerStateHandler - [helmvolu] Update HiveMQ Platform Status (ROLLING_RESTART [RESTART_PODS_IN_PROGRESS] -> ROLLING_RESTART [SCALE_DOWN_IN_PROGRESS]): HiveMQ Platform is stopping the surge Pod (rolling restart)
2025-01-30 18:34:59,304 DEBUG com.hivemq.helmcharts.util.K8sUtil - Comparing actual state 'ROLLING_RESTART' and waiting for 'RUNNING'
2025-01-30 18:35:06,074 INFO c.h.h.t.HelmChartContainer - [test-hivemq-platform] [hivemq] [be762aa7] INFO  - [HiveMQ Platform Operator Init App 1.7.0-SNAPSHOT] Returning Health API response 200 for liveness
2025-01-30 18:35:09,309 INFO c.h.h.t.HelmChartContainer - [hivemq-test-hivemq-platform] [hivemq-platform-operator] [2f3f9aef] 18:35:09.307 [pool-6-thread-45] DEBUG c.h.p.o.d.PlatformServiceResource - [helmvolu] Desired Platform services (3 services)
2025-01-30 18:35:09,309 INFO c.h.h.t.HelmChartContainer - [hivemq-test-hivemq-platform] [hivemq-platform-operator] [2f3f9aef] 18:35:09.307 [pool-6-thread-43] DEBUG c.h.p.o.d.PodServiceAccountResource - [helmvolu] Desired PodServiceAccountResource (serviceAccountName: hivemq-platform-pod-test-hivemq-platform)
2025-01-30 18:35:09,311 INFO c.h.h.t.HelmChartContainer - [hivemq-test-hivemq-platform] [hivemq-platform-operator] [2f3f9aef] 18:35:09.308 [pool-6-thread-42] DEBUG c.h.p.o.dependants.PodInfoConfigMap - [helmvolu] Desired PodInfo ConfigMap (1 extensions) (1 enabled)
2025-01-30 18:35:09,311 INFO c.h.h.t.HelmChartContainer - [hivemq-test-hivemq-platform] [hivemq-platform-operator] [2f3f9aef] 18:35:09.308 [pool-6-thread-42] DEBUG c.h.p.o.dependants.PodInfoConfigMap - [helmvolu] Desired PodInfo ConfigMap (metrics port: 9399) (metrics path: /)
2025-01-30 18:35:09,311 INFO c.h.h.t.HelmChartContainer - [hivemq-test-hivemq-platform] [hivemq-platform-operator] [2f3f9aef] 18:35:09.308 [pool-6-thread-42] DEBUG c.h.p.o.dependants.PodInfoConfigMap - [helmvolu] Desired PodInfo ConfigMap (extension state hash: -1817474005)
2025-01-30 18:35:09,311 INFO c.h.h.t.HelmChartContainer - [hivemq-test-hivemq-platform] [hivemq-platform-operator] [2f3f9aef] 18:35:09.308 [pool-6-thread-42] DEBUG c.h.p.o.dependants.PodInfoConfigMap - [helmvolu] Update PodInfo ConfigMap
2025-01-30 18:35:09,318 INFO c.h.h.t.HelmChartContainer - [hivemq-test-hivemq-platform] [hivemq-platform-operator] [2f3f9aef] 18:35:09.318 [pool-6-thread-42] DEBUG c.h.p.o.d.StatefulSetResource - [helmvolu] Desired StatefulSet (2 replicas) for status ROLLING_RESTART (SCALE_DOWN_IN_PROGRESS)
2025-01-30 18:35:09,320 INFO c.h.h.t.HelmChartContainer - [hivemq-test-hivemq-platform] [hivemq-platform-operator] [2f3f9aef] 18:35:09.320 [pool-6-thread-42] DEBUG c.h.p.o.d.StatefulSetResource - [helmvolu] Update StatefulSet (replicas: 3 -> 2)
2025-01-30 18:35:09,339 INFO c.h.h.t.HelmChartContainer - [hivemq-test-hivemq-platform] [hivemq-platform-operator] [2f3f9aef] 18:35:09.338 [ReconcilerExecutor-hivemq-controller-122] INFO  c.h.p.o.HiveMQPlatformReconciler - [helmvolu] Reconciling HiveMQ Platform 'test-hivemq-platform' in namespace 'helmvolumeclaimtemplatesit'
2025-01-30 18:35:09,339 INFO c.h.h.t.HelmChartContainer - [hivemq-test-hivemq-platform] [hivemq-platform-operator] [2f3f9aef] 18:35:09.338 [ReconcilerExecutor-hivemq-controller-122] DEBUG c.h.p.o.HiveMQPlatformReconciler - [helmvolu] Custom Resource Status ROLLING_RESTART - HiveMQ Platform is stopping the surge Pod (rolling restart) (SCALE_DOWN_IN_PROGRESS)
2025-01-30 18:35:09,339 INFO c.h.h.t.HelmChartContainer - [hivemq-test-hivemq-platform] [hivemq-platform-operator] [2f3f9aef] 18:35:09.338 [ReconcilerExecutor-hivemq-controller-122] DEBUG c.h.p.o.HiveMQPlatformReconciler - [helmvolu] Custom Resource Spec (replicas: 2) (extensions: 1)
2025-01-30 18:35:09,341 INFO c.h.h.t.HelmChartContainer - [hivemq-test-hivemq-platform] [hivemq-platform-operator] [2f3f9aef] 18:35:09.339 [ReconcilerExecutor-hivemq-controller-122] DEBUG c.h.p.o.HiveMQPlatformReconciler - [helmvolu] StatefulSet Status (revision: test-hivemq-platform-59475f86c9, replicas: 3, available: 3, ready: 3, current: 0, updated: 3)
2025-01-30 18:35:09,341 INFO c.h.h.t.HelmChartContainer - [hivemq-test-hivemq-platform] [hivemq-platform-operator] [2f3f9aef] 18:35:09.339 [ReconcilerExecutor-hivemq-controller-122] DEBUG c.h.p.o.HiveMQPlatformReconciler - [helmvolu] StatefulSet Spec (replicas: 2, init containers: 1, containers: 1, volumes: 4)
2025-01-30 18:35:09,342 INFO c.h.h.t.HelmChartContainer - [hivemq-test-hivemq-platform] [hivemq-platform-operator] [2f3f9aef] 18:35:09.340 [ReconcilerExecutor-hivemq-controller-122] DEBUG c.h.p.o.h.HiveMQPlatformReconcilerErrorHandler - [helmvolu] Pod 'test-hivemq-platform-1' phase Running
2025-01-30 18:35:09,342 INFO c.h.h.t.HelmChartContainer - [hivemq-test-hivemq-platform] [hivemq-platform-operator] [2f3f9aef] 18:35:09.341 [ReconcilerExecutor-hivemq-controller-122] DEBUG c.h.p.o.h.HiveMQPlatformReconcilerErrorHandler - [helmvolu] Pod 'test-hivemq-platform-0' phase Running
2025-01-30 18:35:09,346 INFO c.h.h.t.HelmChartContainer - [POD] test-hivemq-platform-2 [38b67c1e-f02b-4da1-a826-d7cb17921229] in helmvolumeclaimtemplatesit was MODIFIED
2025-01-30 18:35:09,350 INFO c.h.h.t.HelmChartContainer - [EVENT] Normal [SuccessfulDelete] delete Pod test-hivemq-platform-2 in StatefulSet test-hivemq-platform successful [helmvolumeclaimtemplatesit:test-hivemq-platform]
2025-01-30 18:35:09,360 INFO c.h.h.t.HelmChartContainer - [test-hivemq-platform] [hivemq] [38b67c1e] INFO  - [HiveMQ Platform Operator Init App 1.7.0-SNAPSHOT] Shutting down
2025-01-30 18:35:09,360 INFO c.h.h.t.HelmChartContainer - [test-hivemq-platform] [hivemq] [38b67c1e] INFO  - [HiveMQ Platform Operator Init App 1.7.0-SNAPSHOT] Stopping the HiveMQ Platform
2025-01-30 18:35:09,363 INFO c.h.h.t.HelmChartContainer - [EVENT] Normal [Killing] Stopping container hivemq [helmvolumeclaimtemplatesit:test-hivemq-platform-2]
2025-01-30 18:35:09,363 INFO c.h.h.t.HelmChartContainer - Received Killing event for container hivemq in pod test-hivemq-platform-2 [38b67c1e-f02b-4da1-a826-d7cb17921229]
2025-01-30 18:35:09,363 INFO c.h.h.t.HelmChartContainer - Container [test-hivemq-platform-2] [hivemq] [38b67c1e-f02b-4da1-a826-d7cb17921229] was terminated
2025-01-30 18:35:09,363 INFO c.h.h.t.HelmChartContainer - Stopped log watcher for hivemq in pod test-hivemq-platform-2 [38b67c1e-f02b-4da1-a826-d7cb17921229]
2025-01-30 18:35:09,369 INFO c.h.h.t.HelmChartContainer - [hivemq-test-hivemq-platform] [hivemq-platform-operator] [2f3f9aef] 18:35:09.366 [ReconcilerExecutor-hivemq-controller-122] DEBUG c.h.p.o.h.HiveMQPlatformReconcilerRollingRestartHandler - [helmvolu] Rolling restart is waiting for 3 of 2 replicas
2025-01-30 18:35:09,377 INFO c.h.h.t.HelmChartContainer - [hivemq-test-hivemq-platform] [hivemq-platform-operator] [2f3f9aef] 18:35:09.377 [pool-6-thread-5] DEBUG c.h.p.o.d.PlatformServiceResource - [helmvolu] Desired Platform services (3 services)
2025-01-30 18:35:09,384 INFO c.h.h.t.HelmChartContainer - [hivemq-test-hivemq-platform] [hivemq-platform-operator] [2f3f9aef] 18:35:09.380 [pool-6-thread-4] DEBUG c.h.p.o.d.PodServiceAccountResource - [helmvolu] Desired PodServiceAccountResource (serviceAccountName: hivemq-platform-pod-test-hivemq-platform)
2025-01-30 18:35:09,384 INFO c.h.h.t.HelmChartContainer - [hivemq-test-hivemq-platform] [hivemq-platform-operator] [2f3f9aef] 18:35:09.377 [pool-6-thread-10] DEBUG c.h.p.o.dependants.PodInfoConfigMap - [helmvolu] Desired PodInfo ConfigMap (1 extensions) (1 enabled)
2025-01-30 18:35:09,384 INFO c.h.h.t.HelmChartContainer - [hivemq-test-hivemq-platform] [hivemq-platform-operator] [2f3f9aef] 18:35:09.382 [pool-6-thread-10] DEBUG c.h.p.o.dependants.PodInfoConfigMap - [helmvolu] Desired PodInfo ConfigMap (metrics port: 9399) (metrics path: /)
2025-01-30 18:35:09,384 INFO c.h.h.t.HelmChartContainer - [hivemq-test-hivemq-platform] [hivemq-platform-operator] [2f3f9aef] 18:35:09.382 [pool-6-thread-10] DEBUG c.h.p.o.dependants.PodInfoConfigMap - [helmvolu] Desired PodInfo ConfigMap (extension state hash: -1817474005)
2025-01-30 18:35:09,387 INFO c.h.h.t.HelmChartContainer - [hivemq-test-hivemq-platform] [hivemq-platform-operator] [2f3f9aef] 18:35:09.385 [pool-6-thread-10] DEBUG c.h.p.o.d.StatefulSetResource - [helmvolu] Desired StatefulSet (2 replicas) for status ROLLING_RESTART (SCALE_DOWN_IN_PROGRESS)
2025-01-30 18:35:09,391 INFO c.h.h.t.HelmChartContainer - [hivemq-test-hivemq-platform] [hivemq-platform-operator] [2f3f9aef] 18:35:09.390 [ReconcilerExecutor-hivemq-controller-123] INFO  c.h.p.o.HiveMQPlatformReconciler - [helmvolu] Reconciling HiveMQ Platform 'test-hivemq-platform' in namespace 'helmvolumeclaimtemplatesit'
2025-01-30 18:35:09,392 INFO c.h.h.t.HelmChartContainer - [hivemq-test-hivemq-platform] [hivemq-platform-operator] [2f3f9aef] 18:35:09.390 [ReconcilerExecutor-hivemq-controller-123] DEBUG c.h.p.o.HiveMQPlatformReconciler - [helmvolu] Custom Resource Status ROLLING_RESTART - HiveMQ Platform is stopping the surge Pod (rolling restart) (SCALE_DOWN_IN_PROGRESS)
2025-01-30 18:35:09,392 INFO c.h.h.t.HelmChartContainer - [hivemq-test-hivemq-platform] [hivemq-platform-operator] [2f3f9aef] 18:35:09.390 [ReconcilerExecutor-hivemq-controller-123] DEBUG c.h.p.o.HiveMQPlatformReconciler - [helmvolu] Custom Resource Spec (replicas: 2) (extensions: 1)
2025-01-30 18:35:09,393 INFO c.h.h.t.HelmChartContainer - [hivemq-test-hivemq-platform] [hivemq-platform-operator] [2f3f9aef] 18:35:09.391 [ReconcilerExecutor-hivemq-controller-123] DEBUG c.h.p.o.HiveMQPlatformReconciler - [helmvolu] StatefulSet Status (revision: test-hivemq-platform-59475f86c9, replicas: 3, available: 3, ready: 3, current: 0, updated: 2)
2025-01-30 18:35:09,393 INFO c.h.h.t.HelmChartContainer - [hivemq-test-hivemq-platform] [hivemq-platform-operator] [2f3f9aef] 18:35:09.391 [ReconcilerExecutor-hivemq-controller-123] DEBUG c.h.p.o.HiveMQPlatformReconciler - [helmvolu] StatefulSet Spec (replicas: 2, init containers: 1, containers: 1, volumes: 4)
2025-01-30 18:35:09,393 INFO c.h.h.t.HelmChartContainer - [hivemq-test-hivemq-platform] [hivemq-platform-operator] [2f3f9aef] 18:35:09.393 [ReconcilerExecutor-hivemq-controller-123] DEBUG c.h.p.o.h.HiveMQPlatformReconcilerErrorHandler - [helmvolu] Pod 'test-hivemq-platform-1' phase Running
2025-01-30 18:35:09,395 INFO c.h.h.t.HelmChartContainer - [hivemq-test-hivemq-platform] [hivemq-platform-operator] [2f3f9aef] 18:35:09.394 [ReconcilerExecutor-hivemq-controller-123] DEBUG c.h.p.o.h.HiveMQPlatformReconcilerErrorHandler - [helmvolu] Pod 'test-hivemq-platform-0' phase Running
2025-01-30 18:35:09,395 INFO c.h.h.t.HelmChartContainer - [hivemq-test-hivemq-platform] [hivemq-platform-operator] [2f3f9aef] 18:35:09.394 [ReconcilerExecutor-hivemq-controller-123] DEBUG c.h.p.o.h.HiveMQPlatformReconcilerRollingRestartHandler - [helmvolu] Rolling restart is waiting for 3 of 2 replicas
2025-01-30 18:35:09,400 INFO c.h.h.t.HelmChartContainer - [hivemq-test-hivemq-platform] [hivemq-platform-operator] [2f3f9aef] 18:35:09.396 [pool-6-thread-11] DEBUG c.h.p.o.d.PlatformServiceResource - [helmvolu] Desired Platform services (3 services)
2025-01-30 18:35:09,400 INFO c.h.h.t.HelmChartContainer - [hivemq-test-hivemq-platform] [hivemq-platform-operator] [2f3f9aef] 18:35:09.397 [pool-6-thread-13] DEBUG c.h.p.o.dependants.PodInfoConfigMap - [helmvolu] Desired PodInfo ConfigMap (1 extensions) (1 enabled)
2025-01-30 18:35:09,400 INFO c.h.h.t.HelmChartContainer - [hivemq-test-hivemq-platform] [hivemq-platform-operator] [2f3f9aef] 18:35:09.397 [pool-6-thread-13] DEBUG c.h.p.o.dependants.PodInfoConfigMap - [helmvolu] Desired PodInfo ConfigMap (metrics port: 9399) (metrics path: /)
2025-01-30 18:35:09,400 INFO c.h.h.t.HelmChartContainer - [hivemq-test-hivemq-platform] [hivemq-platform-operator] [2f3f9aef] 18:35:09.397 [pool-6-thread-14] DEBUG c.h.p.o.d.PodServiceAccountResource - [helmvolu] Desired PodServiceAccountResource (serviceAccountName: hivemq-platform-pod-test-hivemq-platform)
2025-01-30 18:35:09,400 INFO c.h.h.t.HelmChartContainer - [hivemq-test-hivemq-platform] [hivemq-platform-operator] [2f3f9aef] 18:35:09.397 [pool-6-thread-13] DEBUG c.h.p.o.dependants.PodInfoConfigMap - [helmvolu] Desired PodInfo ConfigMap (extension state hash: -1817474005)
2025-01-30 18:35:09,401 INFO c.h.h.t.HelmChartContainer - [hivemq-test-hivemq-platform] [hivemq-platform-operator] [2f3f9aef] 18:35:09.400 [pool-6-thread-11] DEBUG c.h.p.o.d.StatefulSetResource - [helmvolu] Desired StatefulSet (2 replicas) for status ROLLING_RESTART (SCALE_DOWN_IN_PROGRESS)
2025-01-30 18:35:09,469 INFO c.h.h.t.HelmChartContainer - [hivemq-test-hivemq-platform] [hivemq-platform-operator] [2f3f9aef] 18:35:09.467 [ReconcilerExecutor-hivemq-controller-123] INFO  c.h.p.o.HiveMQPlatformReconciler - [helmvolu] Reconciling HiveMQ Platform 'test-hivemq-platform' in namespace 'helmvolumeclaimtemplatesit'
2025-01-30 18:35:09,469 INFO c.h.h.t.HelmChartContainer - [hivemq-test-hivemq-platform] [hivemq-platform-operator] [2f3f9aef] 18:35:09.467 [ReconcilerExecutor-hivemq-controller-123] DEBUG c.h.p.o.HiveMQPlatformReconciler - [helmvolu] Custom Resource Status ROLLING_RESTART - HiveMQ Platform is stopping the surge Pod (rolling restart) (SCALE_DOWN_IN_PROGRESS)
2025-01-30 18:35:09,469 INFO c.h.h.t.HelmChartContainer - [hivemq-test-hivemq-platform] [hivemq-platform-operator] [2f3f9aef] 18:35:09.467 [ReconcilerExecutor-hivemq-controller-123] DEBUG c.h.p.o.HiveMQPlatformReconciler - [helmvolu] Custom Resource Spec (replicas: 2) (extensions: 1)
2025-01-30 18:35:09,469 INFO c.h.h.t.HelmChartContainer - [hivemq-test-hivemq-platform] [hivemq-platform-operator] [2f3f9aef] 18:35:09.469 [ReconcilerExecutor-hivemq-controller-123] DEBUG c.h.p.o.HiveMQPlatformReconciler - [helmvolu] StatefulSet Status (revision: test-hivemq-platform-59475f86c9, replicas: 3, available: 3, ready: 3, current: 0, updated: 2)
2025-01-30 18:35:09,470 INFO c.h.h.t.HelmChartContainer - [hivemq-test-hivemq-platform] [hivemq-platform-operator] [2f3f9aef] 18:35:09.469 [ReconcilerExecutor-hivemq-controller-123] DEBUG c.h.p.o.HiveMQPlatformReconciler - [helmvolu] StatefulSet Spec (replicas: 2, init containers: 1, containers: 1, volumes: 4)
2025-01-30 18:35:09,473 INFO c.h.h.t.HelmChartContainer - [hivemq-test-hivemq-platform] [hivemq-platform-operator] [2f3f9aef] 18:35:09.472 [ReconcilerExecutor-hivemq-controller-123] DEBUG c.h.p.o.h.HiveMQPlatformReconcilerErrorHandler - [helmvolu] Pod 'test-hivemq-platform-1' phase Running
2025-01-30 18:35:09,474 INFO c.h.h.t.HelmChartContainer - [hivemq-test-hivemq-platform] [hivemq-platform-operator] [2f3f9aef] 18:35:09.474 [ReconcilerExecutor-hivemq-controller-123] DEBUG c.h.p.o.h.HiveMQPlatformReconcilerErrorHandler - [helmvolu] Pod 'test-hivemq-platform-0' phase Running
2025-01-30 18:35:09,475 INFO c.h.h.t.HelmChartContainer - [hivemq-test-hivemq-platform] [hivemq-platform-operator] [2f3f9aef] 18:35:09.474 [ReconcilerExecutor-hivemq-controller-123] DEBUG c.h.p.o.h.HiveMQPlatformReconcilerRollingRestartHandler - [helmvolu] Rolling restart is waiting for 3 of 2 replicas
2025-01-30 18:35:09,561 INFO c.h.h.t.HelmChartContainer - [test-hivemq-platform] [hivemq] [38b67c1e] INFO  - Shutting down HiveMQ. Please wait, this could take a while...
2025-01-30 18:35:09,565 INFO c.h.h.t.HelmChartContainer - [test-hivemq-platform] [hivemq] [38b67c1e] INFO  - Shutting down listeners and clients
2025-01-30 18:35:09,566 INFO c.h.h.t.HelmChartContainer - [test-hivemq-platform] [hivemq] [38b67c1e] INFO  - Shutdown of listeners is done
2025-01-30 18:35:09,567 INFO c.h.h.t.HelmChartContainer - [test-hivemq-platform] [hivemq] [38b67c1e] INFO  - No clients are connected, proceeding with shutdown
2025-01-30 18:35:12,872 INFO c.h.h.t.HelmChartContainer - [test-hivemq-platform] [hivemq] [38b67c1e] INFO  - Shutting down extension system
2025-01-30 18:35:12,877 INFO c.h.h.t.HelmChartContainer - [test-hivemq-platform] [hivemq] [38b67c1e] INFO  - Stopping extension with id hivemq-dns-cluster-discovery
2025-01-30 18:35:12,877 INFO c.h.h.t.HelmChartContainer - [test-hivemq-platform] [hivemq] [38b67c1e] INFO  - Extension "DNS Cluster Discovery Extension" version 4.3.2 stopped successfully.
2025-01-30 18:35:12,877 INFO c.h.h.t.HelmChartContainer - [test-hivemq-platform] [hivemq] [38b67c1e] INFO  - Stopping extension with id hivemq-prometheus-extension
2025-01-30 18:35:12,882 INFO c.h.h.t.HelmChartContainer - [test-hivemq-platform] [hivemq] [38b67c1e] INFO  - Extension "Prometheus Monitoring Extension" version 4.0.12 stopped successfully.
2025-01-30 18:35:12,882 INFO c.h.h.t.HelmChartContainer - [test-hivemq-platform] [hivemq] [38b67c1e] INFO  - Stopping extension with id hivemq-allow-all-extension
2025-01-30 18:35:12,882 INFO c.h.h.t.HelmChartContainer - [test-hivemq-platform] [hivemq] [38b67c1e] INFO  - Extension "Allow All Extension" version 1.1.1 stopped successfully.
2025-01-30 18:35:12,888 INFO c.h.h.t.HelmChartContainer - [test-hivemq-platform] [hivemq] [4911ff26] INFO  - Cluster nodes found by discovery: [ZGSur|7] (2) [ZGSur, 8kYaF].
2025-01-30 18:35:12,892 INFO c.h.h.t.HelmChartContainer - [test-hivemq-platform] [hivemq] [be762aa7] INFO  - Cluster nodes found by discovery: [ZGSur|7] (2) [ZGSur, 8kYaF].
2025-01-30 18:35:12,894 INFO c.h.h.t.HelmChartContainer - [test-hivemq-platform] [hivemq] [4911ff26] INFO  - Cluster size = 2, members : [ZGSur, 8kYaF].
2025-01-30 18:35:12,899 INFO c.h.h.t.HelmChartContainer - [test-hivemq-platform] [hivemq] [4911ff26] INFO  - Starting cluster replication process. This may take a while. Please do not shut down HiveMQ.
2025-01-30 18:35:12,902 INFO c.h.h.t.HelmChartContainer - [test-hivemq-platform] [hivemq] [be762aa7] INFO  - Cluster size = 2, members : [ZGSur, 8kYaF].
2025-01-30 18:35:12,904 INFO c.h.h.t.HelmChartContainer - [test-hivemq-platform] [hivemq] [be762aa7] INFO  - Starting cluster replication process. This may take a while. Please do not shut down HiveMQ.
2025-01-30 18:35:13,174 INFO c.h.h.t.HelmChartContainer - [test-hivemq-platform] [hivemq] [4911ff26] INFO  - Finished cluster replication successfully in 273 ms.
2025-01-30 18:35:13,177 INFO c.h.h.t.HelmChartContainer - [test-hivemq-platform] [hivemq] [38b67c1e] INFO  - [HiveMQ Platform Operator Init App 1.7.0-SNAPSHOT] Returning shutdown Health API response 503 for readiness
2025-01-30 18:35:13,183 INFO c.h.h.t.HelmChartContainer - [EVENT] Warning [Unhealthy] Readiness probe failed: HTTP probe failed with statuscode: 503 [helmvolumeclaimtemplatesit:test-hivemq-platform-2]
2025-01-30 18:35:13,183 INFO c.h.h.t.HelmChartContainer - Received Unhealthy event for container hivemq in pod test-hivemq-platform-2 [38b67c1e-f02b-4da1-a826-d7cb17921229]
2025-01-30 18:35:13,186 INFO c.h.h.t.HelmChartContainer - [test-hivemq-platform] [hivemq] [be762aa7] INFO  - Finished cluster replication successfully in 281 ms.
2025-01-30 18:35:15,229 INFO c.h.h.t.HelmChartContainer - [test-hivemq-platform] [hivemq] [38b67c1e] INFO  - Shutdown completed.
2025-01-30 18:35:15,578 INFO c.h.h.t.HelmChartContainer - [test-hivemq-platform] [hivemq] [38b67c1e] INFO  - [HiveMQ Platform Operator Init App 1.7.0-SNAPSHOT] The HiveMQ Platform exited with code 143
2025-01-30 18:35:15,578 INFO c.h.h.t.HelmChartContainer - [test-hivemq-platform] [hivemq] [38b67c1e] INFO  - [HiveMQ Platform Operator Init App 1.7.0-SNAPSHOT] Stopping the REST API
2025-01-30 18:35:15,594 INFO c.h.h.t.HelmChartContainer - [test-hivemq-platform] [hivemq] [38b67c1e] INFO  - [HiveMQ Platform Operator Init App 1.7.0-SNAPSHOT] Shutdown complete
2025-01-30 18:35:16,097 INFO c.h.h.t.HelmChartContainer - [POD] test-hivemq-platform-2 [38b67c1e-f02b-4da1-a826-d7cb17921229] in helmvolumeclaimtemplatesit was MODIFIED
2025-01-30 18:35:16,108 INFO c.h.h.t.HelmChartContainer - [hivemq-test-hivemq-platform] [hivemq-platform-operator] [2f3f9aef] 18:35:16.102 [pool-6-thread-29] DEBUG c.h.p.o.d.PlatformServiceResource - [helmvolu] Desired Platform services (3 services)
2025-01-30 18:35:16,112 INFO c.h.h.t.HelmChartContainer - [hivemq-test-hivemq-platform] [hivemq-platform-operator] [2f3f9aef] 18:35:16.103 [pool-6-thread-25] DEBUG c.h.p.o.dependants.PodInfoConfigMap - [helmvolu] Desired PodInfo ConfigMap (1 extensions) (1 enabled)
2025-01-30 18:35:16,112 INFO c.h.h.t.HelmChartContainer - [hivemq-test-hivemq-platform] [hivemq-platform-operator] [2f3f9aef] 18:35:16.104 [pool-6-thread-25] DEBUG c.h.p.o.dependants.PodInfoConfigMap - [helmvolu] Desired PodInfo ConfigMap (metrics port: 9399) (metrics path: /)
2025-01-30 18:35:16,112 INFO c.h.h.t.HelmChartContainer - [hivemq-test-hivemq-platform] [hivemq-platform-operator] [2f3f9aef] 18:35:16.105 [pool-6-thread-25] DEBUG c.h.p.o.dependants.PodInfoConfigMap - [helmvolu] Desired PodInfo ConfigMap (extension state hash: -1817474005)
2025-01-30 18:35:16,112 INFO c.h.h.t.HelmChartContainer - [hivemq-test-hivemq-platform] [hivemq-platform-operator] [2f3f9aef] 18:35:16.105 [pool-6-thread-24] DEBUG c.h.p.o.d.PodServiceAccountResource - [helmvolu] Desired PodServiceAccountResource (serviceAccountName: hivemq-platform-pod-test-hivemq-platform)
2025-01-30 18:35:16,112 INFO c.h.h.t.HelmChartContainer - [hivemq-test-hivemq-platform] [hivemq-platform-operator] [2f3f9aef] 18:35:16.108 [pool-6-thread-29] DEBUG c.h.p.o.d.StatefulSetResource - [helmvolu] Desired StatefulSet (2 replicas) for status ROLLING_RESTART (SCALE_DOWN_IN_PROGRESS)
2025-01-30 18:35:16,116 INFO c.h.h.t.HelmChartContainer - [hivemq-test-hivemq-platform] [hivemq-platform-operator] [2f3f9aef] 18:35:16.112 [ReconcilerExecutor-hivemq-controller-125] INFO  c.h.p.o.HiveMQPlatformReconciler - [helmvolu] Reconciling HiveMQ Platform 'test-hivemq-platform' in namespace 'helmvolumeclaimtemplatesit'
2025-01-30 18:35:16,116 INFO c.h.h.t.HelmChartContainer - [hivemq-test-hivemq-platform] [hivemq-platform-operator] [2f3f9aef] 18:35:16.114 [ReconcilerExecutor-hivemq-controller-125] DEBUG c.h.p.o.HiveMQPlatformReconciler - [helmvolu] Custom Resource Status ROLLING_RESTART - HiveMQ Platform is stopping the surge Pod (rolling restart) (SCALE_DOWN_IN_PROGRESS)
2025-01-30 18:35:16,116 INFO c.h.h.t.HelmChartContainer - [hivemq-test-hivemq-platform] [hivemq-platform-operator] [2f3f9aef] 18:35:16.114 [ReconcilerExecutor-hivemq-controller-125] DEBUG c.h.p.o.HiveMQPlatformReconciler - [helmvolu] Custom Resource Spec (replicas: 2) (extensions: 1)
2025-01-30 18:35:16,117 INFO c.h.h.t.HelmChartContainer - [hivemq-test-hivemq-platform] [hivemq-platform-operator] [2f3f9aef] 18:35:16.115 [ReconcilerExecutor-hivemq-controller-125] DEBUG c.h.p.o.HiveMQPlatformReconciler - [helmvolu] StatefulSet Status (revision: test-hivemq-platform-59475f86c9, replicas: 3, available: 2, ready: 2, current: 0, updated: 2)
2025-01-30 18:35:16,117 INFO c.h.h.t.HelmChartContainer - [hivemq-test-hivemq-platform] [hivemq-platform-operator] [2f3f9aef] 18:35:16.115 [ReconcilerExecutor-hivemq-controller-125] DEBUG c.h.p.o.HiveMQPlatformReconciler - [helmvolu] StatefulSet Spec (replicas: 2, init containers: 1, containers: 1, volumes: 4)
2025-01-30 18:35:16,118 INFO c.h.h.t.HelmChartContainer - [hivemq-test-hivemq-platform] [hivemq-platform-operator] [2f3f9aef] 18:35:16.117 [ReconcilerExecutor-hivemq-controller-125] DEBUG c.h.p.o.h.HiveMQPlatformReconcilerErrorHandler - [helmvolu] Pod 'test-hivemq-platform-1' phase Running
2025-01-30 18:35:16,121 INFO c.h.h.t.HelmChartContainer - [hivemq-test-hivemq-platform] [hivemq-platform-operator] [2f3f9aef] 18:35:16.118 [ReconcilerExecutor-hivemq-controller-125] DEBUG c.h.p.o.h.HiveMQPlatformReconcilerErrorHandler - [helmvolu] Pod 'test-hivemq-platform-0' phase Running
2025-01-30 18:35:16,121 INFO c.h.h.t.HelmChartContainer - [hivemq-test-hivemq-platform] [hivemq-platform-operator] [2f3f9aef] 18:35:16.119 [ReconcilerExecutor-hivemq-controller-125] INFO  c.h.p.o.h.HiveMQPlatformReconcilerRollingRestartHandler - [helmvolu] Rolling restart is done
2025-01-30 18:35:16,131 INFO c.h.h.t.HelmChartContainer - [EVENT] Normal [Ready] HiveMQ Platform is ready [helmvolumeclaimtemplatesit:test-hivemq-platform]
2025-01-30 18:35:16,173 INFO c.h.h.t.HelmChartContainer - [hivemq-test-hivemq-platform] [hivemq-platform-operator] [2f3f9aef] 18:35:16.167 [ReconcilerExecutor-hivemq-controller-125] DEBUG c.h.p.operator.event.EventSender - [helmvolu] Updating K8s event hivemq-platform-ready: [Ready] HiveMQ Platform is ready
2025-01-30 18:35:16,173 INFO c.h.h.t.HelmChartContainer - [hivemq-test-hivemq-platform] [hivemq-platform-operator] [2f3f9aef] 18:35:16.168 [ReconcilerExecutor-hivemq-controller-125] INFO  c.h.p.o.h.AbstractHiveMQReconcilerStateHandler - [helmvolu] Update HiveMQ Platform Status (ROLLING_RESTART [SCALE_DOWN_IN_PROGRESS] -> RUNNING [READY]): HiveMQ Platform is ready
2025-01-30 18:35:16,191 DEBUG com.hivemq.helmcharts.util.K8sUtil - Comparing actual state 'RUNNING' and waiting for 'RUNNING'
2025-01-30 18:35:16,198 INFO c.h.h.t.HelmChartContainer - [hivemq-test-hivemq-platform] [hivemq-platform-operator] [2f3f9aef] 18:35:16.195 [pool-6-thread-32] DEBUG c.h.p.o.d.PlatformServiceResource - [helmvolu] Desired Platform services (3 services)
2025-01-30 18:35:16,198 INFO c.h.h.t.HelmChartContainer - [hivemq-test-hivemq-platform] [hivemq-platform-operator] [2f3f9aef] 18:35:16.196 [pool-6-thread-39] DEBUG c.h.p.o.dependants.PodInfoConfigMap - [helmvolu] Desired PodInfo ConfigMap (1 extensions) (1 enabled)
2025-01-30 18:35:16,198 INFO c.h.h.t.HelmChartContainer - [hivemq-test-hivemq-platform] [hivemq-platform-operator] [2f3f9aef] 18:35:16.196 [pool-6-thread-39] DEBUG c.h.p.o.dependants.PodInfoConfigMap - [helmvolu] Desired PodInfo ConfigMap (metrics port: 9399) (metrics path: /)
2025-01-30 18:35:16,201 INFO c.h.h.t.HelmChartContainer - [hivemq-test-hivemq-platform] [hivemq-platform-operator] [2f3f9aef] 18:35:16.198 [pool-6-thread-39] DEBUG c.h.p.o.dependants.PodInfoConfigMap - [helmvolu] Desired PodInfo ConfigMap (extension state hash: -1817474005)
2025-01-30 18:35:16,201 INFO c.h.h.t.HelmChartContainer - [hivemq-test-hivemq-platform] [hivemq-platform-operator] [2f3f9aef] 18:35:16.198 [pool-6-thread-39] DEBUG c.h.p.o.dependants.PodInfoConfigMap - [helmvolu] Update PodInfo ConfigMap
2025-01-30 18:35:16,201 INFO c.h.h.t.HelmChartContainer - [hivemq-test-hivemq-platform] [hivemq-platform-operator] [2f3f9aef] 18:35:16.199 [pool-6-thread-32] DEBUG c.h.p.o.d.PodServiceAccountResource - [helmvolu] Desired PodServiceAccountResource (serviceAccountName: hivemq-platform-pod-test-hivemq-platform)
2025-01-30 18:35:16,209 INFO c.h.h.t.HelmChartContainer - [hivemq-test-hivemq-platform] [hivemq-platform-operator] [2f3f9aef] 18:35:16.208 [pool-6-thread-37] DEBUG c.h.p.o.d.StatefulSetResource - [helmvolu] Desired StatefulSet (2 replicas) for status RUNNING (READY)
2025-01-30 18:35:16,214 INFO c.h.h.t.HelmChartContainer - [K3S] [reconciler_common.go:162] "operationExecutor.UnmountVolume started for volume \"broker-configuration\" (UniqueName: \"kubernetes.io/configmap/38b67c1e-f02b-4da1-a826-d7cb17921229-broker-configuration\") pod \"38b67c1e-f02b-4da1-a826-d7cb17921229\" (UID: \"38b67c1e-f02b-4da1-a826-d7cb17921229\") "
2025-01-30 18:35:16,214 INFO c.h.h.t.HelmChartContainer - [K3S] [reconciler_common.go:162] "operationExecutor.UnmountVolume started for volume \"operator-init\" (UniqueName: \"kubernetes.io/empty-dir/38b67c1e-f02b-4da1-a826-d7cb17921229-operator-init\") pod \"38b67c1e-f02b-4da1-a826-d7cb17921229\" (UID: \"38b67c1e-f02b-4da1-a826-d7cb17921229\") "
2025-01-30 18:35:16,215 INFO c.h.h.t.HelmChartContainer - [K3S] [reconciler_common.go:162] "operationExecutor.UnmountVolume started for volume \"hivemq-pvc-data\" (UniqueName: \"kubernetes.io/local-volume/pvc-62980791-972a-43fe-a424-8404742d3cc7\") pod \"38b67c1e-f02b-4da1-a826-d7cb17921229\" (UID: \"38b67c1e-f02b-4da1-a826-d7cb17921229\") "
2025-01-30 18:35:16,215 INFO c.h.h.t.HelmChartContainer - [K3S] [reconciler_common.go:162] "operationExecutor.UnmountVolume started for volume \"kube-api-access-89gk8\" (UniqueName: \"kubernetes.io/projected/38b67c1e-f02b-4da1-a826-d7cb17921229-kube-api-access-89gk8\") pod \"38b67c1e-f02b-4da1-a826-d7cb17921229\" (UID: \"38b67c1e-f02b-4da1-a826-d7cb17921229\") "
2025-01-30 18:35:16,216 INFO c.h.h.t.HelmChartContainer - [K3S] [reconciler_common.go:162] "operationExecutor.UnmountVolume started for volume \"pod-info\" (UniqueName: \"kubernetes.io/configmap/38b67c1e-f02b-4da1-a826-d7cb17921229-pod-info\") pod \"38b67c1e-f02b-4da1-a826-d7cb17921229\" (UID: \"38b67c1e-f02b-4da1-a826-d7cb17921229\") "
2025-01-30 18:35:16,270 INFO c.h.h.t.HelmChartContainer - [hivemq-test-hivemq-platform] [hivemq-platform-operator] [2f3f9aef] 18:35:16.269 [ReconcilerExecutor-hivemq-controller-126] INFO  c.h.p.o.HiveMQPlatformReconciler - [helmvolu] Reconciling HiveMQ Platform 'test-hivemq-platform' in namespace 'helmvolumeclaimtemplatesit'
2025-01-30 18:35:16,270 INFO c.h.h.t.HelmChartContainer - [hivemq-test-hivemq-platform] [hivemq-platform-operator] [2f3f9aef] 18:35:16.269 [ReconcilerExecutor-hivemq-controller-126] DEBUG c.h.p.o.HiveMQPlatformReconciler - [helmvolu] Custom Resource Status RUNNING - HiveMQ Platform is ready (READY)
2025-01-30 18:35:16,270 INFO c.h.h.t.HelmChartContainer - [hivemq-test-hivemq-platform] [hivemq-platform-operator] [2f3f9aef] 18:35:16.269 [ReconcilerExecutor-hivemq-controller-126] DEBUG c.h.p.o.HiveMQPlatformReconciler - [helmvolu] Custom Resource Spec (replicas: 2) (extensions: 1)
2025-01-30 18:35:16,271 INFO c.h.h.t.HelmChartContainer - [hivemq-test-hivemq-platform] [hivemq-platform-operator] [2f3f9aef] 18:35:16.270 [ReconcilerExecutor-hivemq-controller-126] DEBUG c.h.p.o.HiveMQPlatformReconciler - [helmvolu] StatefulSet Status (revision: test-hivemq-platform-59475f86c9, replicas: 3, available: 2, ready: 2, current: 0, updated: 2)
2025-01-30 18:35:16,271 INFO c.h.h.t.HelmChartContainer - [hivemq-test-hivemq-platform] [hivemq-platform-operator] [2f3f9aef] 18:35:16.270 [ReconcilerExecutor-hivemq-controller-126] DEBUG c.h.p.o.HiveMQPlatformReconciler - [helmvolu] StatefulSet Spec (replicas: 2, init containers: 1, containers: 1, volumes: 4)
2025-01-30 18:35:16,272 INFO c.h.h.t.HelmChartContainer - [hivemq-test-hivemq-platform] [hivemq-platform-operator] [2f3f9aef] 18:35:16.271 [ReconcilerExecutor-hivemq-controller-126] DEBUG c.h.p.o.h.HiveMQPlatformReconcilerErrorHandler - [helmvolu] Pod 'test-hivemq-platform-1' phase Running
2025-01-30 18:35:16,273 INFO c.h.h.t.HelmChartContainer - [hivemq-test-hivemq-platform] [hivemq-platform-operator] [2f3f9aef] 18:35:16.272 [ReconcilerExecutor-hivemq-controller-126] DEBUG c.h.p.o.h.HiveMQPlatformReconcilerErrorHandler - [helmvolu] Pod 'test-hivemq-platform-0' phase Running
2025-01-30 18:35:16,317 INFO c.h.h.t.HelmChartContainer - [K3S] [reconciler_common.go:299] "Volume detached for volume \"broker-configuration\" (UniqueName: \"kubernetes.io/configmap/38b67c1e-f02b-4da1-a826-d7cb17921229-broker-configuration\") on node \"c1f759053570\" DevicePath \"\""
2025-01-30 18:35:16,317 INFO c.h.h.t.HelmChartContainer - [K3S] [reconciler_common.go:299] "Volume detached for volume \"operator-init\" (UniqueName: \"kubernetes.io/empty-dir/38b67c1e-f02b-4da1-a826-d7cb17921229-operator-init\") on node \"c1f759053570\" DevicePath \"\""
2025-01-30 18:35:16,317 INFO c.h.h.t.HelmChartContainer - [K3S] [reconciler_common.go:292] "operationExecutor.UnmountDevice started for volume \"pvc-62980791-972a-43fe-a424-8404742d3cc7\" (UniqueName: \"kubernetes.io/local-volume/pvc-62980791-972a-43fe-a424-8404742d3cc7\") on node \"c1f759053570\" "
2025-01-30 18:35:16,317 INFO c.h.h.t.HelmChartContainer - [K3S] [reconciler_common.go:299] "Volume detached for volume \"pod-info\" (UniqueName: \"kubernetes.io/configmap/38b67c1e-f02b-4da1-a826-d7cb17921229-pod-info\") on node \"c1f759053570\" DevicePath \"\""
2025-01-30 18:35:16,317 INFO c.h.h.t.HelmChartContainer - [K3S] [reconciler_common.go:299] "Volume detached for volume \"kube-api-access-89gk8\" (UniqueName: \"kubernetes.io/projected/38b67c1e-f02b-4da1-a826-d7cb17921229-kube-api-access-89gk8\") on node \"c1f759053570\" DevicePath \"\""
2025-01-30 18:35:16,417 INFO c.h.h.t.HelmChartContainer - [K3S] [reconciler_common.go:299] "Volume detached for volume \"pvc-62980791-972a-43fe-a424-8404742d3cc7\" (UniqueName: \"kubernetes.io/local-volume/pvc-62980791-972a-43fe-a424-8404742d3cc7\") on node \"c1f759053570\" DevicePath \"\""
2025-01-30 18:35:16,823 INFO c.h.h.t.HelmChartContainer - [K3S] [scope.go:117] "RemoveContainer" containerID="8aa26b5343c64a65c30c2e465c1b709cbef60a9916a00c506ffb979339a216ef"
2025-01-30 18:35:16,828 INFO c.h.h.t.HelmChartContainer - [K3S] [scope.go:117] "RemoveContainer" containerID="041474cc59116bcb2496b83cc7cf4e4346eb80d72cc35b026f4bf0195724b04c"
2025-01-30 18:35:16,831 INFO c.h.h.t.HelmChartContainer - [K3S] [scope.go:117] "RemoveContainer" containerID="8aa26b5343c64a65c30c2e465c1b709cbef60a9916a00c506ffb979339a216ef"
2025-01-30 18:35:16,832 INFO c.h.h.t.HelmChartContainer - [K3S] [scope.go:117] "RemoveContainer" containerID="041474cc59116bcb2496b83cc7cf4e4346eb80d72cc35b026f4bf0195724b04c"
2025-01-30 18:35:16,845 INFO c.h.h.t.HelmChartContainer - [POD] test-hivemq-platform-2 [38b67c1e-f02b-4da1-a826-d7cb17921229] in helmvolumeclaimtemplatesit was MODIFIED
2025-01-30 18:35:16,847 INFO c.h.h.t.HelmChartContainer - [POD] test-hivemq-platform-2 [38b67c1e-f02b-4da1-a826-d7cb17921229] in helmvolumeclaimtemplatesit was DELETED
2025-01-30 18:35:16,851 INFO c.h.h.t.HelmChartContainer - [hivemq-test-hivemq-platform] [hivemq-platform-operator] [2f3f9aef] 18:35:16.843 [pool-6-thread-49] DEBUG c.h.p.o.d.PlatformServiceResource - [helmvolu] Desired Platform services (3 services)
2025-01-30 18:35:16,851 INFO c.h.h.t.HelmChartContainer - [hivemq-test-hivemq-platform] [hivemq-platform-operator] [2f3f9aef] 18:35:16.844 [pool-6-thread-41] DEBUG c.h.p.o.d.PodServiceAccountResource - [helmvolu] Desired PodServiceAccountResource (serviceAccountName: hivemq-platform-pod-test-hivemq-platform)
2025-01-30 18:35:16,851 INFO c.h.h.t.HelmChartContainer - [hivemq-test-hivemq-platform] [hivemq-platform-operator] [2f3f9aef] 18:35:16.845 [pool-6-thread-50] DEBUG c.h.p.o.dependants.PodInfoConfigMap - [helmvolu] Desired PodInfo ConfigMap (1 extensions) (1 enabled)
2025-01-30 18:35:16,851 INFO c.h.h.t.HelmChartContainer - [hivemq-test-hivemq-platform] [hivemq-platform-operator] [2f3f9aef] 18:35:16.845 [pool-6-thread-50] DEBUG c.h.p.o.dependants.PodInfoConfigMap - [helmvolu] Desired PodInfo ConfigMap (metrics port: 9399) (metrics path: /)
2025-01-30 18:35:16,851 INFO c.h.h.t.HelmChartContainer - [hivemq-test-hivemq-platform] [hivemq-platform-operator] [2f3f9aef] 18:35:16.845 [pool-6-thread-50] DEBUG c.h.p.o.dependants.PodInfoConfigMap - [helmvolu] Desired PodInfo ConfigMap (extension state hash: -1817474005)
2025-01-30 18:35:16,858 INFO c.h.h.t.HelmChartContainer - [hivemq-test-hivemq-platform] [hivemq-platform-operator] [2f3f9aef] 18:35:16.853 [pool-6-thread-41] DEBUG c.h.p.o.d.StatefulSetResource - [helmvolu] Desired StatefulSet (2 replicas) for status RUNNING (READY)
2025-01-30 18:35:16,861 INFO c.h.h.t.HelmChartContainer - [hivemq-test-hivemq-platform] [hivemq-platform-operator] [2f3f9aef] 18:35:16.858 [ReconcilerExecutor-hivemq-controller-127] INFO  c.h.p.o.HiveMQPlatformReconciler - [helmvolu] Reconciling HiveMQ Platform 'test-hivemq-platform' in namespace 'helmvolumeclaimtemplatesit'
2025-01-30 18:35:16,861 INFO c.h.h.t.HelmChartContainer - [hivemq-test-hivemq-platform] [hivemq-platform-operator] [2f3f9aef] 18:35:16.859 [ReconcilerExecutor-hivemq-controller-127] DEBUG c.h.p.o.HiveMQPlatformReconciler - [helmvolu] Custom Resource Status RUNNING - HiveMQ Platform is ready (READY)
2025-01-30 18:35:16,861 INFO c.h.h.t.HelmChartContainer - [hivemq-test-hivemq-platform] [hivemq-platform-operator] [2f3f9aef] 18:35:16.859 [ReconcilerExecutor-hivemq-controller-127] DEBUG c.h.p.o.HiveMQPlatformReconciler - [helmvolu] Custom Resource Spec (replicas: 2) (extensions: 1)
2025-01-30 18:35:16,861 INFO c.h.h.t.HelmChartContainer - [hivemq-test-hivemq-platform] [hivemq-platform-operator] [2f3f9aef] 18:35:16.860 [ReconcilerExecutor-hivemq-controller-127] DEBUG c.h.p.o.HiveMQPlatformReconciler - [helmvolu] StatefulSet Status (revision: test-hivemq-platform-59475f86c9, replicas: 2, available: 2, ready: 2, current: 0, updated: 2)
2025-01-30 18:35:16,863 INFO c.h.h.t.HelmChartContainer - [hivemq-test-hivemq-platform] [hivemq-platform-operator] [2f3f9aef] 18:35:16.861 [ReconcilerExecutor-hivemq-controller-127] DEBUG c.h.p.o.HiveMQPlatformReconciler - [helmvolu] StatefulSet Spec (replicas: 2, init containers: 1, containers: 1, volumes: 4)
2025-01-30 18:35:16,864 INFO c.h.h.t.HelmChartContainer - [hivemq-test-hivemq-platform] [hivemq-platform-operator] [2f3f9aef] 18:35:16.863 [ReconcilerExecutor-hivemq-controller-127] DEBUG c.h.p.o.h.HiveMQPlatformReconcilerErrorHandler - [helmvolu] Pod 'test-hivemq-platform-1' phase Running
2025-01-30 18:35:16,867 INFO c.h.h.t.HelmChartContainer - [hivemq-test-hivemq-platform] [hivemq-platform-operator] [2f3f9aef] 18:35:16.866 [ReconcilerExecutor-hivemq-controller-127] DEBUG c.h.p.o.h.HiveMQPlatformReconcilerErrorHandler - [helmvolu] Pod 'test-hivemq-platform-0' phase Running
2025-01-30 18:35:16,870 INFO c.h.h.t.HelmChartContainer - [hivemq-test-hivemq-platform] [hivemq-platform-operator] [2f3f9aef] 18:35:16.868 [pool-6-thread-6] DEBUG c.h.p.o.d.PlatformServiceResource - [helmvolu] Desired Platform services (3 services)
2025-01-30 18:35:16,872 INFO c.h.h.t.HelmChartContainer - [hivemq-test-hivemq-platform] [hivemq-platform-operator] [2f3f9aef] 18:35:16.870 [pool-6-thread-1] DEBUG c.h.p.o.dependants.PodInfoConfigMap - [helmvolu] Desired PodInfo ConfigMap (1 extensions) (1 enabled)
2025-01-30 18:35:16,873 INFO c.h.h.t.HelmChartContainer - [hivemq-test-hivemq-platform] [hivemq-platform-operator] [2f3f9aef] 18:35:16.871 [pool-6-thread-1] DEBUG c.h.p.o.dependants.PodInfoConfigMap - [helmvolu] Desired PodInfo ConfigMap (metrics port: 9399) (metrics path: /)
2025-01-30 18:35:16,873 INFO c.h.h.t.HelmChartContainer - [hivemq-test-hivemq-platform] [hivemq-platform-operator] [2f3f9aef] 18:35:16.871 [pool-6-thread-1] DEBUG c.h.p.o.dependants.PodInfoConfigMap - [helmvolu] Desired PodInfo ConfigMap (extension state hash: -1817474005)
2025-01-30 18:35:16,875 INFO c.h.h.t.HelmChartContainer - [hivemq-test-hivemq-platform] [hivemq-platform-operator] [2f3f9aef] 18:35:16.873 [pool-6-thread-2] DEBUG c.h.p.o.d.PodServiceAccountResource - [helmvolu] Desired PodServiceAccountResource (serviceAccountName: hivemq-platform-pod-test-hivemq-platform)
2025-01-30 18:35:16,875 INFO c.h.h.t.HelmChartContainer - [hivemq-test-hivemq-platform] [hivemq-platform-operator] [2f3f9aef] 18:35:16.874 [pool-6-thread-1] DEBUG c.h.p.o.d.StatefulSetResource - [helmvolu] Desired StatefulSet (2 replicas) for status RUNNING (READY)
2025-01-30 18:35:16,946 INFO c.h.h.t.HelmChartContainer - [hivemq-test-hivemq-platform] [hivemq-platform-operator] [2f3f9aef] 18:35:16.944 [ReconcilerExecutor-hivemq-controller-127] INFO  c.h.p.o.HiveMQPlatformReconciler - [helmvolu] Reconciling HiveMQ Platform 'test-hivemq-platform' in namespace 'helmvolumeclaimtemplatesit'
2025-01-30 18:35:16,948 INFO c.h.h.t.HelmChartContainer - [hivemq-test-hivemq-platform] [hivemq-platform-operator] [2f3f9aef] 18:35:16.944 [ReconcilerExecutor-hivemq-controller-127] DEBUG c.h.p.o.HiveMQPlatformReconciler - [helmvolu] Custom Resource Status RUNNING - HiveMQ Platform is ready (READY)
2025-01-30 18:35:16,948 INFO c.h.h.t.HelmChartContainer - [hivemq-test-hivemq-platform] [hivemq-platform-operator] [2f3f9aef] 18:35:16.944 [ReconcilerExecutor-hivemq-controller-127] DEBUG c.h.p.o.HiveMQPlatformReconciler - [helmvolu] Custom Resource Spec (replicas: 2) (extensions: 1)
2025-01-30 18:35:16,949 INFO c.h.h.t.HelmChartContainer - [hivemq-test-hivemq-platform] [hivemq-platform-operator] [2f3f9aef] 18:35:16.946 [ReconcilerExecutor-hivemq-controller-127] DEBUG c.h.p.o.HiveMQPlatformReconciler - [helmvolu] StatefulSet Status (revision: test-hivemq-platform-59475f86c9, replicas: 2, available: 2, ready: 2, current: 0, updated: 2)
2025-01-30 18:35:16,949 INFO c.h.h.t.HelmChartContainer - [hivemq-test-hivemq-platform] [hivemq-platform-operator] [2f3f9aef] 18:35:16.946 [ReconcilerExecutor-hivemq-controller-127] DEBUG c.h.p.o.HiveMQPlatformReconciler - [helmvolu] StatefulSet Spec (replicas: 2, init containers: 1, containers: 1, volumes: 4)
2025-01-30 18:35:16,950 INFO c.h.h.t.HelmChartContainer - [hivemq-test-hivemq-platform] [hivemq-platform-operator] [2f3f9aef] 18:35:16.948 [ReconcilerExecutor-hivemq-controller-127] DEBUG c.h.p.o.h.HiveMQPlatformReconcilerErrorHandler - [helmvolu] Pod 'test-hivemq-platform-1' phase Running
2025-01-30 18:35:16,950 INFO c.h.h.t.HelmChartContainer - [hivemq-test-hivemq-platform] [hivemq-platform-operator] [2f3f9aef] 18:35:16.948 [ReconcilerExecutor-hivemq-controller-127] DEBUG c.h.p.o.h.HiveMQPlatformReconcilerErrorHandler - [helmvolu] Pod 'test-hivemq-platform-0' phase Running
2025-01-30 18:35:18,125 INFO c.h.h.t.HelmChartContainer - [K3S] [kubelet_volumes.go:163] "Cleaned up orphaned pod volumes dir" podUID="38b67c1e-f02b-4da1-a826-d7cb17921229" path="/var/lib/kubelet/pods/38b67c1e-f02b-4da1-a826-d7cb17921229/volumes"
2025-01-30 18:35:18,282 DEBUG com.hivemq.helmcharts.util.PodUtil - Received status for command '[cat, /opt/hivemq/data/test-hivemq-platform-0.txt]' on pod 'test-hivemq-platform-0' (exit code: 0)
2025-01-30 18:35:18,366 DEBUG com.hivemq.helmcharts.util.PodUtil - Received status for command '[cat, /opt/hivemq/data/test-hivemq-platform-1.txt]' on pod 'test-hivemq-platform-1' (exit code: 0)
2025-01-30 18:35:18,367 INFO c.h.h.t.HelmChartContainer - Uninstalling release 'test-hivemq-platform' in namespace 'helmvolumeclaimtemplatesit'...
2025-01-30 18:35:18,367 DEBUG c.h.h.t.HelmChartContainer - Executing helm command: /bin/helm --kubeconfig /etc/rancher/k3s/k3s.yaml uninstall test-hivemq-platform  --wait --timeout 5m0s --cascade foreground --namespace helmvolumeclaimtemplatesit
2025-01-30 18:35:18,558 INFO c.h.h.t.HelmChartContainer - [hivemq-test-hivemq-platform] [hivemq-platform-operator] [2f3f9aef] 18:35:18.555 [pool-6-thread-13] DEBUG c.h.p.o.d.PlatformServiceResource - [helmvolu] Desired Platform services (3 services)
2025-01-30 18:35:18,558 INFO c.h.h.t.HelmChartContainer - [hivemq-test-hivemq-platform] [hivemq-platform-operator] [2f3f9aef] 18:35:18.556 [pool-6-thread-14] DEBUG c.h.p.o.dependants.PodInfoConfigMap - [helmvolu] Desired PodInfo ConfigMap (1 extensions) (1 enabled)
2025-01-30 18:35:18,558 INFO c.h.h.t.HelmChartContainer - [hivemq-test-hivemq-platform] [hivemq-platform-operator] [2f3f9aef] 18:35:18.556 [pool-6-thread-14] DEBUG c.h.p.o.dependants.PodInfoConfigMap - [helmvolu] Desired PodInfo ConfigMap (metrics port: 9399) (metrics path: /)
2025-01-30 18:35:18,558 INFO c.h.h.t.HelmChartContainer - [hivemq-test-hivemq-platform] [hivemq-platform-operator] [2f3f9aef] 18:35:18.556 [pool-6-thread-14] DEBUG c.h.p.o.dependants.PodInfoConfigMap - [helmvolu] Desired PodInfo ConfigMap (extension state hash: -1817474005)
2025-01-30 18:35:18,558 INFO c.h.h.t.HelmChartContainer - [hivemq-test-hivemq-platform] [hivemq-platform-operator] [2f3f9aef] 18:35:18.557 [pool-6-thread-13] DEBUG c.h.p.o.d.PodServiceAccountResource - [helmvolu] Desired PodServiceAccountResource (serviceAccountName: hivemq-platform-pod-test-hivemq-platform)
2025-01-30 18:35:18,584 INFO c.h.h.t.HelmChartContainer - [hivemq-test-hivemq-platform] [hivemq-platform-operator] [2f3f9aef] 18:35:18.561 [pool-6-thread-14] DEBUG c.h.p.o.d.StatefulSetResource - [helmvolu] Desired StatefulSet (2 replicas) for status RUNNING (READY)
2025-01-30 18:35:18,584 INFO c.h.h.t.HelmChartContainer - [hivemq-test-hivemq-platform] [hivemq-platform-operator] [2f3f9aef] 18:35:18.563 [ReconcilerExecutor-hivemq-controller-130] INFO  c.h.p.o.HiveMQPlatformReconciler - [helmvolu] Reconciling HiveMQ Platform 'test-hivemq-platform' in namespace 'helmvolumeclaimtemplatesit'
2025-01-30 18:35:18,584 INFO c.h.h.t.HelmChartContainer - [hivemq-test-hivemq-platform] [hivemq-platform-operator] [2f3f9aef] 18:35:18.563 [ReconcilerExecutor-hivemq-controller-130] DEBUG c.h.p.o.HiveMQPlatformReconciler - [helmvolu] Custom Resource Status RUNNING - HiveMQ Platform is ready (READY)
2025-01-30 18:35:18,584 INFO c.h.h.t.HelmChartContainer - [hivemq-test-hivemq-platform] [hivemq-platform-operator] [2f3f9aef] 18:35:18.563 [ReconcilerExecutor-hivemq-controller-130] DEBUG c.h.p.o.HiveMQPlatformReconciler - [helmvolu] Custom Resource Spec (replicas: 2) (extensions: 1)
2025-01-30 18:35:18,584 INFO c.h.h.t.HelmChartContainer - [hivemq-test-hivemq-platform] [hivemq-platform-operator] [2f3f9aef] 18:35:18.564 [ReconcilerExecutor-hivemq-controller-130] DEBUG c.h.p.o.HiveMQPlatformReconciler - [helmvolu] StatefulSet Status (revision: test-hivemq-platform-59475f86c9, replicas: 2, available: 2, ready: 2, current: 0, updated: 2)
2025-01-30 18:35:18,584 INFO c.h.h.t.HelmChartContainer - [hivemq-test-hivemq-platform] [hivemq-platform-operator] [2f3f9aef] 18:35:18.564 [ReconcilerExecutor-hivemq-controller-130] DEBUG c.h.p.o.HiveMQPlatformReconciler - [helmvolu] StatefulSet Spec (replicas: 2, init containers: 1, containers: 1, volumes: 4)
2025-01-30 18:35:18,584 INFO c.h.h.t.HelmChartContainer - [hivemq-test-hivemq-platform] [hivemq-platform-operator] [2f3f9aef] 18:35:18.566 [ReconcilerExecutor-hivemq-controller-130] DEBUG c.h.p.o.h.HiveMQPlatformReconcilerErrorHandler - [helmvolu] Pod 'test-hivemq-platform-1' phase Running
2025-01-30 18:35:18,584 INFO c.h.h.t.HelmChartContainer - [hivemq-test-hivemq-platform] [hivemq-platform-operator] [2f3f9aef] 18:35:18.567 [ReconcilerExecutor-hivemq-controller-130] DEBUG c.h.p.o.h.HiveMQPlatformReconcilerErrorHandler - [helmvolu] Pod 'test-hivemq-platform-0' phase Running
2025-01-30 18:35:18,584 INFO c.h.h.t.HelmChartContainer - [hivemq-test-hivemq-platform] [hivemq-platform-operator] [2f3f9aef] 18:35:18.570 [ReconcilerExecutor-hivemq-controller-130] INFO  c.h.p.o.HiveMQPlatformReconciler - [helmvolu] Cleanup test-hivemq-platform - helmvolumeclaimtemplatesit HiveMQ Platform is shut down
2025-01-30 18:35:19,040 INFO c.h.h.t.HelmChartContainer - [POD] test-hivemq-platform-0 [be762aa7-8cbf-41d6-a6b7-da8074bdf6f0] in helmvolumeclaimtemplatesit was MODIFIED
2025-01-30 18:35:19,045 INFO c.h.h.t.HelmChartContainer - [EVENT] Normal [Killing] Stopping container hivemq [helmvolumeclaimtemplatesit:test-hivemq-platform-0]
2025-01-30 18:35:19,045 INFO c.h.h.t.HelmChartContainer - Received Killing event for container hivemq in pod test-hivemq-platform-0 [be762aa7-8cbf-41d6-a6b7-da8074bdf6f0]
2025-01-30 18:35:19,045 INFO c.h.h.t.HelmChartContainer - Container [test-hivemq-platform-0] [hivemq] [be762aa7-8cbf-41d6-a6b7-da8074bdf6f0] was terminated
2025-01-30 18:35:19,045 INFO c.h.h.t.HelmChartContainer - Stopped log watcher for hivemq in pod test-hivemq-platform-0 [be762aa7-8cbf-41d6-a6b7-da8074bdf6f0]
2025-01-30 18:35:19,051 INFO c.h.h.t.HelmChartContainer - [test-hivemq-platform] [hivemq] [be762aa7] INFO  - [HiveMQ Platform Operator Init App 1.7.0-SNAPSHOT] Shutting down
2025-01-30 18:35:19,051 INFO c.h.h.t.HelmChartContainer - [test-hivemq-platform] [hivemq] [be762aa7] INFO  - [HiveMQ Platform Operator Init App 1.7.0-SNAPSHOT] Stopping the HiveMQ Platform
2025-01-30 18:35:19,065 INFO c.h.h.t.HelmChartContainer - [POD] test-hivemq-platform-1 [4911ff26-9e57-4828-85d2-28363c73e46a] in helmvolumeclaimtemplatesit was MODIFIED
2025-01-30 18:35:19,078 INFO c.h.h.t.HelmChartContainer - [EVENT] Normal [Killing] Stopping container hivemq [helmvolumeclaimtemplatesit:test-hivemq-platform-1]
2025-01-30 18:35:19,078 INFO c.h.h.t.HelmChartContainer - Received Killing event for container hivemq in pod test-hivemq-platform-1 [4911ff26-9e57-4828-85d2-28363c73e46a]
2025-01-30 18:35:19,079 INFO c.h.h.t.HelmChartContainer - Container [test-hivemq-platform-1] [hivemq] [4911ff26-9e57-4828-85d2-28363c73e46a] was terminated
2025-01-30 18:35:19,079 INFO c.h.h.t.HelmChartContainer - Stopped log watcher for hivemq in pod test-hivemq-platform-1 [4911ff26-9e57-4828-85d2-28363c73e46a]
2025-01-30 18:35:19,088 INFO c.h.h.t.HelmChartContainer - [test-hivemq-platform] [hivemq] [4911ff26] INFO  - [HiveMQ Platform Operator Init App 1.7.0-SNAPSHOT] Shutting down
2025-01-30 18:35:19,089 INFO c.h.h.t.HelmChartContainer - [test-hivemq-platform] [hivemq] [4911ff26] INFO  - [HiveMQ Platform Operator Init App 1.7.0-SNAPSHOT] Stopping the HiveMQ Platform
2025-01-30 18:35:19,220 INFO c.h.h.t.HelmChartContainer - [test-hivemq-platform] [hivemq] [be762aa7] INFO  - Shutting down HiveMQ. Please wait, this could take a while...
2025-01-30 18:35:19,220 INFO c.h.h.t.HelmChartContainer - [test-hivemq-platform] [hivemq] [be762aa7] INFO  - [HiveMQ Platform Operator Init App 1.7.0-SNAPSHOT] Returning shutdown Health API response 503 for readiness
2025-01-30 18:35:19,227 INFO c.h.h.t.HelmChartContainer - [EVENT] Warning [Unhealthy] Readiness probe failed: HTTP probe failed with statuscode: 503 [helmvolumeclaimtemplatesit:test-hivemq-platform-0]
2025-01-30 18:35:19,227 INFO c.h.h.t.HelmChartContainer - Received Unhealthy event for container hivemq in pod test-hivemq-platform-0 [be762aa7-8cbf-41d6-a6b7-da8074bdf6f0]
2025-01-30 18:35:19,245 INFO c.h.h.t.HelmChartContainer - [test-hivemq-platform] [hivemq] [4911ff26] INFO  - Shutting down HiveMQ. Please wait, this could take a while...
2025-01-30 18:35:19,248 INFO c.h.h.t.HelmChartContainer - [test-hivemq-platform] [hivemq] [4911ff26] INFO  - [HiveMQ Platform Operator Init App 1.7.0-SNAPSHOT] Returning shutdown Health API response 503 for readiness
2025-01-30 18:35:19,248 INFO c.h.h.t.HelmChartContainer - [test-hivemq-platform] [hivemq] [4911ff26] INFO  - Shutting down listeners and clients
2025-01-30 18:35:19,251 INFO c.h.h.t.HelmChartContainer - [test-hivemq-platform] [hivemq] [4911ff26] INFO  - Shutdown of listeners is done
2025-01-30 18:35:19,251 INFO c.h.h.t.HelmChartContainer - [test-hivemq-platform] [hivemq] [4911ff26] INFO  - No clients are connected, proceeding with shutdown
2025-01-30 18:35:19,254 INFO c.h.h.t.HelmChartContainer - [EVENT] Warning [Unhealthy] Readiness probe failed: HTTP probe failed with statuscode: 503 [helmvolumeclaimtemplatesit:test-hivemq-platform-1]
2025-01-30 18:35:19,254 INFO c.h.h.t.HelmChartContainer - Received Unhealthy event for container hivemq in pod test-hivemq-platform-1 [4911ff26-9e57-4828-85d2-28363c73e46a]
2025-01-30 18:35:19,268 INFO c.h.h.t.HelmChartContainer - [test-hivemq-platform] [hivemq] [be762aa7] INFO  - Shutting down listeners and clients
2025-01-30 18:35:19,269 INFO c.h.h.t.HelmChartContainer - [test-hivemq-platform] [hivemq] [be762aa7] INFO  - Shutdown of listeners is done
2025-01-30 18:35:19,269 INFO c.h.h.t.HelmChartContainer - [test-hivemq-platform] [hivemq] [be762aa7] INFO  - No clients are connected, proceeding with shutdown
2025-01-30 18:35:19,759 INFO c.h.h.t.HelmChartContainer - [K3S] [authentication.go:74] "Unable to authenticate the request" err="[invalid bearer token, serviceaccounts \"hivemq-platform-pod-test-hivemq-platform\" not found]"
2025-01-30 18:35:19,774 INFO c.h.h.t.HelmChartContainer - [K3S] [authentication.go:74] "Unable to authenticate the request" err="[invalid bearer token, serviceaccounts \"hivemq-platform-pod-test-hivemq-platform\" not found]"
2025-01-30 18:35:19,842 INFO c.h.h.t.HelmChartContainer - [test-hivemq-platform] [hivemq] [4911ff26] WARN  - [HiveMQ Platform Operator Init App 1.7.0-SNAPSHOT] Could not update Pod annotations: Failure executing: GET at: https://10.43.0.1:443/api/v1/namespaces/helmvolumeclaimtemplatesit/pods/test-hivemq-platform-1. Message: Unauthorized. Received status: Status(apiVersion=v1, code=401, details=null, kind=Status, message=Unauthorized, metadata=ListMeta(_continue=null, remainingItemCount=null, resourceVersion=null, selfLink=null, additionalProperties={}), reason=Unauthorized, status=Failure, additionalProperties={}).
2025-01-30 18:35:19,898 INFO c.h.h.t.HelmChartContainer - [K3S] [authentication.go:74] "Unable to authenticate the request" err="[invalid bearer token, serviceaccounts \"hivemq-platform-pod-test-hivemq-platform\" not found]"
2025-01-30 18:35:19,914 INFO c.h.h.t.HelmChartContainer - [K3S] [authentication.go:74] "Unable to authenticate the request" err="[invalid bearer token, serviceaccounts \"hivemq-platform-pod-test-hivemq-platform\" not found]"
2025-01-30 18:35:19,968 INFO c.h.h.t.HelmChartContainer - [test-hivemq-platform] [hivemq] [be762aa7] WARN  - [HiveMQ Platform Operator Init App 1.7.0-SNAPSHOT] Could not update Pod annotations: Failure executing: GET at: https://10.43.0.1:443/api/v1/namespaces/helmvolumeclaimtemplatesit/pods/test-hivemq-platform-0. Message: Unauthorized. Received status: Status(apiVersion=v1, code=401, details=null, kind=Status, message=Unauthorized, metadata=ListMeta(_continue=null, remainingItemCount=null, resourceVersion=null, selfLink=null, additionalProperties={}), reason=Unauthorized, status=Failure, additionalProperties={}).
2025-01-30 18:35:20,610 INFO c.h.h.t.HelmChartContainer - Deleting namespace 'helmvolumeclaimtemplatesit'...
2025-01-30 18:35:22,076 INFO c.h.h.t.HelmChartContainer - [test-hivemq-platform] [hivemq] [be762aa7] INFO  - Shutting down extension system
2025-01-30 18:35:22,079 INFO c.h.h.t.HelmChartContainer - [test-hivemq-platform] [hivemq] [be762aa7] INFO  - Stopping extension with id hivemq-dns-cluster-discovery
2025-01-30 18:35:22,079 INFO c.h.h.t.HelmChartContainer - [test-hivemq-platform] [hivemq] [be762aa7] INFO  - Extension "DNS Cluster Discovery Extension" version 4.3.2 stopped successfully.
2025-01-30 18:35:22,080 INFO c.h.h.t.HelmChartContainer - [test-hivemq-platform] [hivemq] [be762aa7] INFO  - Stopping extension with id hivemq-prometheus-extension
2025-01-30 18:35:22,083 INFO c.h.h.t.HelmChartContainer - [test-hivemq-platform] [hivemq] [be762aa7] INFO  - Extension "Prometheus Monitoring Extension" version 4.0.12 stopped successfully.
2025-01-30 18:35:22,084 INFO c.h.h.t.HelmChartContainer - [test-hivemq-platform] [hivemq] [be762aa7] INFO  - Stopping extension with id hivemq-allow-all-extension
2025-01-30 18:35:22,084 INFO c.h.h.t.HelmChartContainer - [test-hivemq-platform] [hivemq] [be762aa7] INFO  - Extension "Allow All Extension" version 1.1.1 stopped successfully.
2025-01-30 18:35:22,087 INFO c.h.h.t.HelmChartContainer - [test-hivemq-platform] [hivemq] [4911ff26] INFO  - Cluster nodes found by discovery: [ZGSur|8] (1) [ZGSur].
2025-01-30 18:35:22,089 INFO c.h.h.t.HelmChartContainer - [test-hivemq-platform] [hivemq] [4911ff26] INFO  - Cluster size = 1, members : [ZGSur].
2025-01-30 18:35:22,650 INFO c.h.h.t.HelmChartContainer - [test-hivemq-platform] [hivemq] [4911ff26] INFO  - Shutting down extension system
2025-01-30 18:35:22,656 INFO c.h.h.t.HelmChartContainer - [test-hivemq-platform] [hivemq] [4911ff26] INFO  - Stopping extension with id hivemq-dns-cluster-discovery
2025-01-30 18:35:22,656 INFO c.h.h.t.HelmChartContainer - [test-hivemq-platform] [hivemq] [4911ff26] INFO  - Extension "DNS Cluster Discovery Extension" version 4.3.2 stopped successfully.
2025-01-30 18:35:22,657 INFO c.h.h.t.HelmChartContainer - [test-hivemq-platform] [hivemq] [4911ff26] INFO  - Stopping extension with id hivemq-prometheus-extension
2025-01-30 18:35:22,660 INFO c.h.h.t.HelmChartContainer - [test-hivemq-platform] [hivemq] [4911ff26] INFO  - Extension "Prometheus Monitoring Extension" version 4.0.12 stopped successfully.
2025-01-30 18:35:22,661 INFO c.h.h.t.HelmChartContainer - [test-hivemq-platform] [hivemq] [4911ff26] INFO  - Stopping extension with id hivemq-allow-all-extension
2025-01-30 18:35:22,661 INFO c.h.h.t.HelmChartContainer - [test-hivemq-platform] [hivemq] [4911ff26] INFO  - Extension "Allow All Extension" version 1.1.1 stopped successfully.
2025-01-30 18:35:24,183 INFO c.h.h.t.HelmChartContainer - [EVENT] Warning [Unhealthy] Readiness probe failed: HTTP probe failed with statuscode: 503 [helmvolumeclaimtemplatesit:test-hivemq-platform-0]
2025-01-30 18:35:24,183 INFO c.h.h.t.HelmChartContainer - Received Unhealthy event for container hivemq in pod test-hivemq-platform-0 [be762aa7-8cbf-41d6-a6b7-da8074bdf6f0]
2025-01-30 18:35:24,250 INFO c.h.h.t.HelmChartContainer - [EVENT] Warning [Unhealthy] Readiness probe failed: HTTP probe failed with statuscode: 503 [helmvolumeclaimtemplatesit:test-hivemq-platform-1]
2025-01-30 18:35:24,250 INFO c.h.h.t.HelmChartContainer - Received Unhealthy event for container hivemq in pod test-hivemq-platform-1 [4911ff26-9e57-4828-85d2-28363c73e46a]
2025-01-30 18:35:24,374 INFO c.h.h.t.HelmChartContainer - [test-hivemq-platform] [hivemq] [be762aa7] INFO  - Shutdown completed.
2025-01-30 18:35:24,724 INFO c.h.h.t.HelmChartContainer - [test-hivemq-platform] [hivemq] [be762aa7] INFO  - [HiveMQ Platform Operator Init App 1.7.0-SNAPSHOT] The HiveMQ Platform exited with code 143
2025-01-30 18:35:24,724 INFO c.h.h.t.HelmChartContainer - [test-hivemq-platform] [hivemq] [be762aa7] INFO  - [HiveMQ Platform Operator Init App 1.7.0-SNAPSHOT] Stopping the REST API
2025-01-30 18:35:24,730 INFO c.h.h.t.HelmChartContainer - [test-hivemq-platform] [hivemq] [be762aa7] INFO  - [HiveMQ Platform Operator Init App 1.7.0-SNAPSHOT] Shutdown complete
2025-01-30 18:35:24,845 INFO c.h.h.t.HelmChartContainer - [K3S] [authentication.go:74] "Unable to authenticate the request" err="[invalid bearer token, serviceaccounts \"hivemq-platform-pod-test-hivemq-platform\" not found]"
2025-01-30 18:35:24,922 INFO c.h.h.t.HelmChartContainer - [K3S] [authentication.go:74] "Unable to authenticate the request" err="[invalid bearer token, serviceaccounts \"hivemq-platform-pod-test-hivemq-platform\" not found]"
2025-01-30 18:35:24,923 INFO c.h.h.t.HelmChartContainer - [test-hivemq-platform] [hivemq] [4911ff26] WARN  - [HiveMQ Platform Operator Init App 1.7.0-SNAPSHOT] Could not update Pod annotations: Failure executing: GET at: https://10.43.0.1:443/api/v1/namespaces/helmvolumeclaimtemplatesit/pods/test-hivemq-platform-1. Message: Unauthorized. Received status: Status(apiVersion=v1, code=401, details=null, kind=Status, message=Unauthorized, metadata=ListMeta(_continue=null, remainingItemCount=null, resourceVersion=null, selfLink=null, additionalProperties={}), reason=Unauthorized, status=Failure, additionalProperties={}).
2025-01-30 18:35:25,043 INFO c.h.h.t.HelmChartContainer - [test-hivemq-platform] [hivemq] [4911ff26] INFO  - Shutdown completed.
2025-01-30 18:35:25,264 INFO c.h.h.t.HelmChartContainer - [POD] test-hivemq-platform-0 [be762aa7-8cbf-41d6-a6b7-da8074bdf6f0] in helmvolumeclaimtemplatesit was MODIFIED
2025-01-30 18:35:25,265 INFO c.h.h.t.HelmChartContainer - [K3S] [stateful_set.go:438] "Unhandled Error" err="error syncing StatefulSet helmvolumeclaimtemplatesit/test-hivemq-platform, requeuing: controllerrevisions.apps \"test-hivemq-platform-59475f86c9\" is forbidden: unable to create new content in namespace helmvolumeclaimtemplatesit because it is being terminated"
2025-01-30 18:35:25,273 INFO c.h.h.t.HelmChartContainer - [K3S] [stateful_set.go:438] "Unhandled Error" err="error syncing StatefulSet helmvolumeclaimtemplatesit/test-hivemq-platform, requeuing: controllerrevisions.apps \"test-hivemq-platform-59475f86c9\" is forbidden: unable to create new content in namespace helmvolumeclaimtemplatesit because it is being terminated"
2025-01-30 18:35:25,287 INFO c.h.h.t.HelmChartContainer - [K3S] [stateful_set.go:438] "Unhandled Error" err="error syncing StatefulSet helmvolumeclaimtemplatesit/test-hivemq-platform, requeuing: controllerrevisions.apps \"test-hivemq-platform-59475f86c9\" is forbidden: unable to create new content in namespace helmvolumeclaimtemplatesit because it is being terminated"
2025-01-30 18:35:25,310 INFO c.h.h.t.HelmChartContainer - [K3S] [stateful_set.go:438] "Unhandled Error" err="error syncing StatefulSet helmvolumeclaimtemplatesit/test-hivemq-platform, requeuing: controllerrevisions.apps \"test-hivemq-platform-59475f86c9\" is forbidden: unable to create new content in namespace helmvolumeclaimtemplatesit because it is being terminated"
2025-01-30 18:35:25,354 INFO c.h.h.t.HelmChartContainer - [K3S] [stateful_set.go:438] "Unhandled Error" err="error syncing StatefulSet helmvolumeclaimtemplatesit/test-hivemq-platform, requeuing: controllerrevisions.apps \"test-hivemq-platform-59475f86c9\" is forbidden: unable to create new content in namespace helmvolumeclaimtemplatesit because it is being terminated"
2025-01-30 18:35:25,367 INFO c.h.h.t.HelmChartContainer - [K3S] [reconciler_common.go:162] "operationExecutor.UnmountVolume started for volume \"kube-api-access-74lb5\" (UniqueName: \"kubernetes.io/projected/be762aa7-8cbf-41d6-a6b7-da8074bdf6f0-kube-api-access-74lb5\") pod \"be762aa7-8cbf-41d6-a6b7-da8074bdf6f0\" (UID: \"be762aa7-8cbf-41d6-a6b7-da8074bdf6f0\") "
2025-01-30 18:35:25,368 INFO c.h.h.t.HelmChartContainer - [K3S] [reconciler_common.go:162] "operationExecutor.UnmountVolume started for volume \"hivemq-pvc-data\" (UniqueName: \"kubernetes.io/local-volume/pvc-6c859c0b-f580-49e5-904b-f080d6c5c3c3\") pod \"be762aa7-8cbf-41d6-a6b7-da8074bdf6f0\" (UID: \"be762aa7-8cbf-41d6-a6b7-da8074bdf6f0\") "
2025-01-30 18:35:25,368 INFO c.h.h.t.HelmChartContainer - [K3S] [reconciler_common.go:162] "operationExecutor.UnmountVolume started for volume \"pod-info\" (UniqueName: \"kubernetes.io/configmap/be762aa7-8cbf-41d6-a6b7-da8074bdf6f0-pod-info\") pod \"be762aa7-8cbf-41d6-a6b7-da8074bdf6f0\" (UID: \"be762aa7-8cbf-41d6-a6b7-da8074bdf6f0\") "
2025-01-30 18:35:25,368 INFO c.h.h.t.HelmChartContainer - [K3S] [reconciler_common.go:162] "operationExecutor.UnmountVolume started for volume \"broker-configuration\" (UniqueName: \"kubernetes.io/configmap/be762aa7-8cbf-41d6-a6b7-da8074bdf6f0-broker-configuration\") pod \"be762aa7-8cbf-41d6-a6b7-da8074bdf6f0\" (UID: \"be762aa7-8cbf-41d6-a6b7-da8074bdf6f0\") "
2025-01-30 18:35:25,368 INFO c.h.h.t.HelmChartContainer - [K3S] [reconciler_common.go:162] "operationExecutor.UnmountVolume started for volume \"operator-init\" (UniqueName: \"kubernetes.io/empty-dir/be762aa7-8cbf-41d6-a6b7-da8074bdf6f0-operator-init\") pod \"be762aa7-8cbf-41d6-a6b7-da8074bdf6f0\" (UID: \"be762aa7-8cbf-41d6-a6b7-da8074bdf6f0\") "
2025-01-30 18:35:25,396 INFO c.h.h.t.HelmChartContainer - [test-hivemq-platform] [hivemq] [4911ff26] INFO  - [HiveMQ Platform Operator Init App 1.7.0-SNAPSHOT] The HiveMQ Platform exited with code 143
2025-01-30 18:35:25,396 INFO c.h.h.t.HelmChartContainer - [test-hivemq-platform] [hivemq] [4911ff26] INFO  - [HiveMQ Platform Operator Init App 1.7.0-SNAPSHOT] Stopping the REST API
2025-01-30 18:35:25,435 INFO c.h.h.t.HelmChartContainer - [test-hivemq-platform] [hivemq] [4911ff26] INFO  - [HiveMQ Platform Operator Init App 1.7.0-SNAPSHOT] Shutdown complete
2025-01-30 18:35:25,437 INFO c.h.h.t.HelmChartContainer - [K3S] [stateful_set.go:438] "Unhandled Error" err="error syncing StatefulSet helmvolumeclaimtemplatesit/test-hivemq-platform, requeuing: controllerrevisions.apps \"test-hivemq-platform-59475f86c9\" is forbidden: unable to create new content in namespace helmvolumeclaimtemplatesit because it is being terminated"
2025-01-30 18:35:25,468 INFO c.h.h.t.HelmChartContainer - [K3S] [reconciler_common.go:299] "Volume detached for volume \"kube-api-access-74lb5\" (UniqueName: \"kubernetes.io/projected/be762aa7-8cbf-41d6-a6b7-da8074bdf6f0-kube-api-access-74lb5\") on node \"c1f759053570\" DevicePath \"\""
2025-01-30 18:35:25,468 INFO c.h.h.t.HelmChartContainer - [K3S] [reconciler_common.go:292] "operationExecutor.UnmountDevice started for volume \"pvc-6c859c0b-f580-49e5-904b-f080d6c5c3c3\" (UniqueName: \"kubernetes.io/local-volume/pvc-6c859c0b-f580-49e5-904b-f080d6c5c3c3\") on node \"c1f759053570\" "
2025-01-30 18:35:25,468 INFO c.h.h.t.HelmChartContainer - [K3S] [reconciler_common.go:299] "Volume detached for volume \"operator-init\" (UniqueName: \"kubernetes.io/empty-dir/be762aa7-8cbf-41d6-a6b7-da8074bdf6f0-operator-init\") on node \"c1f759053570\" DevicePath \"\""
2025-01-30 18:35:25,468 INFO c.h.h.t.HelmChartContainer - [K3S] [reconciler_common.go:299] "Volume detached for volume \"pod-info\" (UniqueName: \"kubernetes.io/configmap/be762aa7-8cbf-41d6-a6b7-da8074bdf6f0-pod-info\") on node \"c1f759053570\" DevicePath \"\""
2025-01-30 18:35:25,468 INFO c.h.h.t.HelmChartContainer - [K3S] [reconciler_common.go:299] "Volume detached for volume \"broker-configuration\" (UniqueName: \"kubernetes.io/configmap/be762aa7-8cbf-41d6-a6b7-da8074bdf6f0-broker-configuration\") on node \"c1f759053570\" DevicePath \"\""
2025-01-30 18:35:25,568 INFO c.h.h.t.HelmChartContainer - [K3S] [reconciler_common.go:299] "Volume detached for volume \"pvc-6c859c0b-f580-49e5-904b-f080d6c5c3c3\" (UniqueName: \"kubernetes.io/local-volume/pvc-6c859c0b-f580-49e5-904b-f080d6c5c3c3\") on node \"c1f759053570\" DevicePath \"\""
2025-01-30 18:35:25,601 INFO c.h.h.t.HelmChartContainer - [K3S] [stateful_set.go:438] "Unhandled Error" err="error syncing StatefulSet helmvolumeclaimtemplatesit/test-hivemq-platform, requeuing: controllerrevisions.apps \"test-hivemq-platform-59475f86c9\" is forbidden: unable to create new content in namespace helmvolumeclaimtemplatesit because it is being terminated"
2025-01-30 18:35:25,638 INFO c.h.h.t.HelmChartContainer - [K3S] [stateful_set.go:466] "StatefulSet has been deleted" key="helmvolumeclaimtemplatesit/test-hivemq-platform"
2025-01-30 18:35:25,841 INFO c.h.h.t.HelmChartContainer - [K3S] [scope.go:117] "RemoveContainer" containerID="f377a0a434c314b95f207d5e79d1a9cc62bf48acd1ddac48d05f409a6c7ee71e"
2025-01-30 18:35:25,847 INFO c.h.h.t.HelmChartContainer - [K3S] [scope.go:117] "RemoveContainer" containerID="27f0660204643bf0f604c2574fef7b19be1c0f34970038b23b1b1a1935831cd5"
2025-01-30 18:35:25,853 INFO c.h.h.t.HelmChartContainer - [K3S] [scope.go:117] "RemoveContainer" containerID="f377a0a434c314b95f207d5e79d1a9cc62bf48acd1ddac48d05f409a6c7ee71e"
2025-01-30 18:35:25,854 INFO c.h.h.t.HelmChartContainer - [K3S] [scope.go:117] "RemoveContainer" containerID="27f0660204643bf0f604c2574fef7b19be1c0f34970038b23b1b1a1935831cd5"
2025-01-30 18:35:25,861 INFO c.h.h.t.HelmChartContainer - [POD] test-hivemq-platform-0 [be762aa7-8cbf-41d6-a6b7-da8074bdf6f0] in helmvolumeclaimtemplatesit was MODIFIED
2025-01-30 18:35:25,869 INFO c.h.h.t.HelmChartContainer - [POD] test-hivemq-platform-0 [be762aa7-8cbf-41d6-a6b7-da8074bdf6f0] in helmvolumeclaimtemplatesit was DELETED
2025-01-30 18:35:25,898 INFO c.h.h.t.HelmChartContainer - [POD] test-hivemq-platform-1 [4911ff26-9e57-4828-85d2-28363c73e46a] in helmvolumeclaimtemplatesit was MODIFIED
2025-01-30 18:35:25,922 INFO c.h.h.t.HelmChartContainer - [K3S] [stateful_set.go:466] "StatefulSet has been deleted" key="helmvolumeclaimtemplatesit/test-hivemq-platform"
2025-01-30 18:35:25,971 INFO c.h.h.t.HelmChartContainer - [K3S] [reconciler_common.go:162] "operationExecutor.UnmountVolume started for volume \"broker-configuration\" (UniqueName: \"kubernetes.io/configmap/4911ff26-9e57-4828-85d2-28363c73e46a-broker-configuration\") pod \"4911ff26-9e57-4828-85d2-28363c73e46a\" (UID: \"4911ff26-9e57-4828-85d2-28363c73e46a\") "
2025-01-30 18:35:25,971 INFO c.h.h.t.HelmChartContainer - [K3S] [reconciler_common.go:162] "operationExecutor.UnmountVolume started for volume \"operator-init\" (UniqueName: \"kubernetes.io/empty-dir/4911ff26-9e57-4828-85d2-28363c73e46a-operator-init\") pod \"4911ff26-9e57-4828-85d2-28363c73e46a\" (UID: \"4911ff26-9e57-4828-85d2-28363c73e46a\") "
2025-01-30 18:35:25,971 INFO c.h.h.t.HelmChartContainer - [K3S] [reconciler_common.go:162] "operationExecutor.UnmountVolume started for volume \"pod-info\" (UniqueName: \"kubernetes.io/configmap/4911ff26-9e57-4828-85d2-28363c73e46a-pod-info\") pod \"4911ff26-9e57-4828-85d2-28363c73e46a\" (UID: \"4911ff26-9e57-4828-85d2-28363c73e46a\") "
2025-01-30 18:35:25,971 INFO c.h.h.t.HelmChartContainer - [K3S] [reconciler_common.go:162] "operationExecutor.UnmountVolume started for volume \"hivemq-pvc-data\" (UniqueName: \"kubernetes.io/local-volume/pvc-1951f59c-c34e-4e1b-a2e0-f714f0de174f\") pod \"4911ff26-9e57-4828-85d2-28363c73e46a\" (UID: \"4911ff26-9e57-4828-85d2-28363c73e46a\") "
2025-01-30 18:35:25,971 INFO c.h.h.t.HelmChartContainer - [K3S] [reconciler_common.go:162] "operationExecutor.UnmountVolume started for volume \"kube-api-access-t6r7b\" (UniqueName: \"kubernetes.io/projected/4911ff26-9e57-4828-85d2-28363c73e46a-kube-api-access-t6r7b\") pod \"4911ff26-9e57-4828-85d2-28363c73e46a\" (UID: \"4911ff26-9e57-4828-85d2-28363c73e46a\") "
2025-01-30 18:35:26,061 INFO c.h.h.t.HelmChartContainer - [POD] helper-pod-delete-pvc-6c859c0b-f580-49e5-904b-f080d6c5c3c3 [27438b68-06c7-45aa-bc07-8399ea1ef311] in kube-system was ADDED
2025-01-30 18:35:26,062 INFO c.h.h.t.HelmChartContainer - [K3S] [memory_manager.go:355] "RemoveStaleState removing state" podUID="be762aa7-8cbf-41d6-a6b7-da8074bdf6f0" containerName="hivemq"
2025-01-30 18:35:26,062 INFO c.h.h.t.HelmChartContainer - [K3S] [memory_manager.go:355] "RemoveStaleState removing state" podUID="4911ff26-9e57-4828-85d2-28363c73e46a" containerName="hivemq"
2025-01-30 18:35:26,062 INFO c.h.h.t.HelmChartContainer - [K3S] [memory_manager.go:355] "RemoveStaleState removing state" podUID="38b67c1e-f02b-4da1-a826-d7cb17921229" containerName="hivemq"
2025-01-30 18:35:26,070 INFO c.h.h.t.HelmChartContainer - [K3S] [reconciler_common.go:299] "Volume detached for volume \"kube-api-access-t6r7b\" (UniqueName: \"kubernetes.io/projected/4911ff26-9e57-4828-85d2-28363c73e46a-kube-api-access-t6r7b\") on node \"c1f759053570\" DevicePath \"\""
2025-01-30 18:35:26,070 INFO c.h.h.t.HelmChartContainer - [K3S] [reconciler_common.go:299] "Volume detached for volume \"broker-configuration\" (UniqueName: \"kubernetes.io/configmap/4911ff26-9e57-4828-85d2-28363c73e46a-broker-configuration\") on node \"c1f759053570\" DevicePath \"\""
2025-01-30 18:35:26,070 INFO c.h.h.t.HelmChartContainer - [K3S] [reconciler_common.go:299] "Volume detached for volume \"operator-init\" (UniqueName: \"kubernetes.io/empty-dir/4911ff26-9e57-4828-85d2-28363c73e46a-operator-init\") on node \"c1f759053570\" DevicePath \"\""
2025-01-30 18:35:26,070 INFO c.h.h.t.HelmChartContainer - [K3S] [reconciler_common.go:299] "Volume detached for volume \"pod-info\" (UniqueName: \"kubernetes.io/configmap/4911ff26-9e57-4828-85d2-28363c73e46a-pod-info\") on node \"c1f759053570\" DevicePath \"\""
2025-01-30 18:35:26,071 INFO c.h.h.t.HelmChartContainer - [K3S] [reconciler_common.go:292] "operationExecutor.UnmountDevice started for volume \"pvc-1951f59c-c34e-4e1b-a2e0-f714f0de174f\" (UniqueName: \"kubernetes.io/local-volume/pvc-1951f59c-c34e-4e1b-a2e0-f714f0de174f\") on node \"c1f759053570\" "
2025-01-30 18:35:26,074 INFO c.h.h.t.HelmChartContainer - [POD] helper-pod-delete-pvc-6c859c0b-f580-49e5-904b-f080d6c5c3c3 [27438b68-06c7-45aa-bc07-8399ea1ef311] in kube-system was MODIFIED
2025-01-30 18:35:26,078 INFO c.h.h.t.HelmChartContainer - [POD] helper-pod-delete-pvc-62980791-972a-43fe-a424-8404742d3cc7 [f70e452c-d1dd-43a5-896c-60a185e6377b] in kube-system was ADDED
2025-01-30 18:35:26,088 INFO c.h.h.t.HelmChartContainer - [POD] helper-pod-delete-pvc-62980791-972a-43fe-a424-8404742d3cc7 [f70e452c-d1dd-43a5-896c-60a185e6377b] in kube-system was MODIFIED
2025-01-30 18:35:26,126 INFO c.h.h.t.HelmChartContainer - [K3S] [kubelet_volumes.go:163] "Cleaned up orphaned pod volumes dir" podUID="be762aa7-8cbf-41d6-a6b7-da8074bdf6f0" path="/var/lib/kubelet/pods/be762aa7-8cbf-41d6-a6b7-da8074bdf6f0/volumes"
2025-01-30 18:35:26,164 INFO c.h.h.t.HelmChartContainer - [K3S] [namespace_controller.go:164] "Unhandled Error" err="deletion of namespace helmvolumeclaimtemplatesit failed: unexpected items still remain in namespace: helmvolumeclaimtemplatesit for gvr: /v1, Resource=pods"
2025-01-30 18:35:26,170 INFO c.h.h.t.HelmChartContainer - [K3S] [reconciler_common.go:251] "operationExecutor.VerifyControllerAttachedVolume started for volume \"kube-api-access-fn29q\" (UniqueName: \"kubernetes.io/projected/f70e452c-d1dd-43a5-896c-60a185e6377b-kube-api-access-fn29q\") pod \"helper-pod-delete-pvc-62980791-972a-43fe-a424-8404742d3cc7\" (UID: \"f70e452c-d1dd-43a5-896c-60a185e6377b\") " pod="kube-system/helper-pod-delete-pvc-62980791-972a-43fe-a424-8404742d3cc7"
2025-01-30 18:35:26,170 INFO c.h.h.t.HelmChartContainer - [K3S] [reconciler_common.go:251] "operationExecutor.VerifyControllerAttachedVolume started for volume \"kube-api-access-9rlb2\" (UniqueName: \"kubernetes.io/projected/27438b68-06c7-45aa-bc07-8399ea1ef311-kube-api-access-9rlb2\") pod \"helper-pod-delete-pvc-6c859c0b-f580-49e5-904b-f080d6c5c3c3\" (UID: \"27438b68-06c7-45aa-bc07-8399ea1ef311\") " pod="kube-system/helper-pod-delete-pvc-6c859c0b-f580-49e5-904b-f080d6c5c3c3"
2025-01-30 18:35:26,170 INFO c.h.h.t.HelmChartContainer - [K3S] [reconciler_common.go:251] "operationExecutor.VerifyControllerAttachedVolume started for volume \"data\" (UniqueName: \"kubernetes.io/host-path/27438b68-06c7-45aa-bc07-8399ea1ef311-data\") pod \"helper-pod-delete-pvc-6c859c0b-f580-49e5-904b-f080d6c5c3c3\" (UID: \"27438b68-06c7-45aa-bc07-8399ea1ef311\") " pod="kube-system/helper-pod-delete-pvc-6c859c0b-f580-49e5-904b-f080d6c5c3c3"
2025-01-30 18:35:26,170 INFO c.h.h.t.HelmChartContainer - [K3S] [reconciler_common.go:251] "operationExecutor.VerifyControllerAttachedVolume started for volume \"script\" (UniqueName: \"kubernetes.io/configmap/27438b68-06c7-45aa-bc07-8399ea1ef311-script\") pod \"helper-pod-delete-pvc-6c859c0b-f580-49e5-904b-f080d6c5c3c3\" (UID: \"27438b68-06c7-45aa-bc07-8399ea1ef311\") " pod="kube-system/helper-pod-delete-pvc-6c859c0b-f580-49e5-904b-f080d6c5c3c3"
2025-01-30 18:35:26,170 INFO c.h.h.t.HelmChartContainer - [K3S] [reconciler_common.go:251] "operationExecutor.VerifyControllerAttachedVolume started for volume \"script\" (UniqueName: \"kubernetes.io/configmap/f70e452c-d1dd-43a5-896c-60a185e6377b-script\") pod \"helper-pod-delete-pvc-62980791-972a-43fe-a424-8404742d3cc7\" (UID: \"f70e452c-d1dd-43a5-896c-60a185e6377b\") " pod="kube-system/helper-pod-delete-pvc-62980791-972a-43fe-a424-8404742d3cc7"
2025-01-30 18:35:26,170 INFO c.h.h.t.HelmChartContainer - [K3S] [reconciler_common.go:251] "operationExecutor.VerifyControllerAttachedVolume started for volume \"data\" (UniqueName: \"kubernetes.io/host-path/f70e452c-d1dd-43a5-896c-60a185e6377b-data\") pod \"helper-pod-delete-pvc-62980791-972a-43fe-a424-8404742d3cc7\" (UID: \"f70e452c-d1dd-43a5-896c-60a185e6377b\") " pod="kube-system/helper-pod-delete-pvc-62980791-972a-43fe-a424-8404742d3cc7"
2025-01-30 18:35:26,170 INFO c.h.h.t.HelmChartContainer - [K3S] [reconciler_common.go:299] "Volume detached for volume \"pvc-1951f59c-c34e-4e1b-a2e0-f714f0de174f\" (UniqueName: \"kubernetes.io/local-volume/pvc-1951f59c-c34e-4e1b-a2e0-f714f0de174f\") on node \"c1f759053570\" DevicePath \"\""
2025-01-30 18:35:26,365 INFO c.h.h.t.HelmChartContainer - [K3S] [namespace_controller.go:164] "Unhandled Error" err="deletion of namespace helmvolumeclaimtemplatesit failed: unexpected items still remain in namespace: helmvolumeclaimtemplatesit for gvr: /v1, Resource=pods"
2025-01-30 18:35:26,684 INFO c.h.h.t.HelmChartContainer - [K3S] [namespace_controller.go:164] "Unhandled Error" err="deletion of namespace helmvolumeclaimtemplatesit failed: unexpected items still remain in namespace: helmvolumeclaimtemplatesit for gvr: /v1, Resource=pods"
2025-01-30 18:35:26,817 INFO c.h.h.t.HelmChartContainer - [K3S] [namespace_controller.go:164] "Unhandled Error" err="deletion of namespace helmvolumeclaimtemplatesit failed: unexpected items still remain in namespace: helmvolumeclaimtemplatesit for gvr: /v1, Resource=pods"
2025-01-30 18:35:26,846 INFO c.h.h.t.HelmChartContainer - [K3S] [scope.go:117] "RemoveContainer" containerID="fa322a985e3437bb901a8a291c41ca5aa5bd74187a3069d18b379a2769062771"
2025-01-30 18:35:26,850 INFO c.h.h.t.HelmChartContainer - [K3S] [scope.go:117] "RemoveContainer" containerID="3ca2cf1aaf91b3024c8e29dda3ca3a5fd05ad72502ce6bbf5dbd8cbffe1a13b6"
2025-01-30 18:35:26,858 INFO c.h.h.t.HelmChartContainer - [POD] helper-pod-delete-pvc-6c859c0b-f580-49e5-904b-f080d6c5c3c3 [27438b68-06c7-45aa-bc07-8399ea1ef311] in kube-system was MODIFIED
2025-01-30 18:35:26,864 INFO c.h.h.t.HelmChartContainer - [POD] helper-pod-delete-pvc-62980791-972a-43fe-a424-8404742d3cc7 [f70e452c-d1dd-43a5-896c-60a185e6377b] in kube-system was MODIFIED
2025-01-30 18:35:26,872 INFO c.h.h.t.HelmChartContainer - [POD] test-hivemq-platform-1 [4911ff26-9e57-4828-85d2-28363c73e46a] in helmvolumeclaimtemplatesit was MODIFIED
2025-01-30 18:35:26,876 INFO c.h.h.t.HelmChartContainer - [POD] test-hivemq-platform-1 [4911ff26-9e57-4828-85d2-28363c73e46a] in helmvolumeclaimtemplatesit was DELETED
2025-01-30 18:35:26,890 INFO c.h.h.t.HelmChartContainer - [POD] helper-pod-delete-pvc-1951f59c-c34e-4e1b-a2e0-f714f0de174f [fa743a55-e62f-4c4d-8c2d-a2aa2c182f03] in kube-system was ADDED
2025-01-30 18:35:26,899 INFO c.h.h.t.HelmChartContainer - [POD] helper-pod-delete-pvc-1951f59c-c34e-4e1b-a2e0-f714f0de174f [fa743a55-e62f-4c4d-8c2d-a2aa2c182f03] in kube-system was MODIFIED
2025-01-30 18:35:26,976 INFO c.h.h.t.HelmChartContainer - [K3S] [reconciler_common.go:251] "operationExecutor.VerifyControllerAttachedVolume started for volume \"kube-api-access-h6j86\" (UniqueName: \"kubernetes.io/projected/fa743a55-e62f-4c4d-8c2d-a2aa2c182f03-kube-api-access-h6j86\") pod \"helper-pod-delete-pvc-1951f59c-c34e-4e1b-a2e0-f714f0de174f\" (UID: \"fa743a55-e62f-4c4d-8c2d-a2aa2c182f03\") " pod="kube-system/helper-pod-delete-pvc-1951f59c-c34e-4e1b-a2e0-f714f0de174f"
2025-01-30 18:35:26,976 INFO c.h.h.t.HelmChartContainer - [K3S] [reconciler_common.go:251] "operationExecutor.VerifyControllerAttachedVolume started for volume \"script\" (UniqueName: \"kubernetes.io/configmap/fa743a55-e62f-4c4d-8c2d-a2aa2c182f03-script\") pod \"helper-pod-delete-pvc-1951f59c-c34e-4e1b-a2e0-f714f0de174f\" (UID: \"fa743a55-e62f-4c4d-8c2d-a2aa2c182f03\") " pod="kube-system/helper-pod-delete-pvc-1951f59c-c34e-4e1b-a2e0-f714f0de174f"
2025-01-30 18:35:26,976 INFO c.h.h.t.HelmChartContainer - [K3S] [reconciler_common.go:251] "operationExecutor.VerifyControllerAttachedVolume started for volume \"data\" (UniqueName: \"kubernetes.io/host-path/fa743a55-e62f-4c4d-8c2d-a2aa2c182f03-data\") pod \"helper-pod-delete-pvc-1951f59c-c34e-4e1b-a2e0-f714f0de174f\" (UID: \"fa743a55-e62f-4c4d-8c2d-a2aa2c182f03\") " pod="kube-system/helper-pod-delete-pvc-1951f59c-c34e-4e1b-a2e0-f714f0de174f"
2025-01-30 18:35:27,135 INFO c.h.h.t.HelmChartContainer - Namespace 'helmvolumeclaimtemplatesit' deleted
2025-01-30 18:35:27,135 INFO c.h.h.t.HelmChartContainer - Release 'test-hivemq-platform' in namespace 'helmvolumeclaimtemplatesit' is uninstalled
2025-01-30 18:35:27,135 INFO c.h.h.t.HelmChartContainer - Uninstalling release 'test-hivemq-platform-operator' in namespace 'helmvolumeclaimtemplatesit-operator'...
2025-01-30 18:35:27,135 DEBUG c.h.h.t.HelmChartContainer - Executing helm command: /bin/helm --kubeconfig /etc/rancher/k3s/k3s.yaml uninstall test-hivemq-platform-operator  --wait --timeout 5m0s --cascade foreground --namespace helmvolumeclaimtemplatesit-operator
2025-01-30 18:35:27,334 INFO c.h.h.t.HelmChartContainer - [K3S] [replica_set.go:679] "Finished syncing" kind="ReplicaSet" key="helmvolumeclaimtemplatesit-operator/hivemq-test-hivemq-platform-operator-6966f96d65" duration="12.940468ms"
2025-01-30 18:35:27,337 INFO c.h.h.t.HelmChartContainer - [K3S] [replica_set.go:679] "Finished syncing" kind="ReplicaSet" key="helmvolumeclaimtemplatesit-operator/hivemq-test-hivemq-platform-operator-6966f96d65" duration="58.71µs"
2025-01-30 18:35:27,368 INFO c.h.h.t.HelmChartContainer - [POD] hivemq-test-hivemq-platform-operator-6966f96d65-xtswf [2f3f9aef-afed-4e4d-956c-f3493b7118eb] in helmvolumeclaimtemplatesit-operator was MODIFIED
2025-01-30 18:35:27,371 INFO c.h.h.t.HelmChartContainer - [hivemq-test-hivemq-platform] [hivemq-platform-operator] [2f3f9aef] 18:35:27.369 [application-shutdown-thread] INFO  c.h.p.o.HiveMQPlatformOperatorApplication - HiveMQ Platform Operator is stopping...
2025-01-30 18:35:27,371 INFO c.h.h.t.HelmChartContainer - [hivemq-test-hivemq-platform] [hivemq-platform-operator] [2f3f9aef] 18:35:27.370 [application-shutdown-thread] INFO  i.javaoperatorsdk.operator.Operator - Operator SDK 4.9.7 is shutting down...
2025-01-30 18:35:27,377 INFO c.h.h.t.HelmChartContainer - [K3S] [replica_set.go:679] "Finished syncing" kind="ReplicaSet" key="helmvolumeclaimtemplatesit-operator/hivemq-test-hivemq-platform-operator-6966f96d65" duration="14.216403ms"
2025-01-30 18:35:27,378 INFO c.h.h.t.HelmChartContainer - [EVENT] Normal [Killing] Stopping container hivemq-platform-operator [helmvolumeclaimtemplatesit-operator:hivemq-test-hivemq-platform-operator-6966f96d65-xtswf]
2025-01-30 18:35:27,378 INFO c.h.h.t.HelmChartContainer - Received Killing event for container hivemq-platform-operator in pod hivemq-test-hivemq-platform-operator-6966f96d65-xtswf [2f3f9aef-afed-4e4d-956c-f3493b7118eb]
2025-01-30 18:35:27,378 INFO c.h.h.t.HelmChartContainer - Container [hivemq-test-hivemq-platform-operator-6966f96d65-xtswf] [hivemq-platform-operator] [2f3f9aef-afed-4e4d-956c-f3493b7118eb] was terminated
2025-01-30 18:35:27,378 INFO c.h.h.t.HelmChartContainer - Stopped log watcher for hivemq-platform-operator in pod hivemq-test-hivemq-platform-operator-6966f96d65-xtswf [2f3f9aef-afed-4e4d-956c-f3493b7118eb]
2025-01-30 18:35:27,378 INFO c.h.h.t.HelmChartContainer - [K3S] [replica_set.go:679] "Finished syncing" kind="ReplicaSet" key="helmvolumeclaimtemplatesit-operator/hivemq-test-hivemq-platform-operator-6966f96d65" duration="37.179µs"
2025-01-30 18:35:27,703 INFO c.h.h.t.HelmChartContainer - [K3S] [replica_set.go:679] "Finished syncing" kind="ReplicaSet" key="helmvolumeclaimtemplatesit-operator/hivemq-test-hivemq-platform-operator-6966f96d65" duration="42.279µs"
2025-01-30 18:35:27,704 INFO c.h.h.t.HelmChartContainer - [POD] hivemq-test-hivemq-platform-operator-6966f96d65-xtswf [2f3f9aef-afed-4e4d-956c-f3493b7118eb] in helmvolumeclaimtemplatesit-operator was MODIFIED
2025-01-30 18:35:27,780 INFO c.h.h.t.HelmChartContainer - [K3S] [reconciler_common.go:162] "operationExecutor.UnmountVolume started for volume \"kube-api-access-pn44r\" (UniqueName: \"kubernetes.io/projected/2f3f9aef-afed-4e4d-956c-f3493b7118eb-kube-api-access-pn44r\") pod \"2f3f9aef-afed-4e4d-956c-f3493b7118eb\" (UID: \"2f3f9aef-afed-4e4d-956c-f3493b7118eb\") "
2025-01-30 18:35:27,849 INFO c.h.h.t.HelmChartContainer - [K3S] [scope.go:117] "RemoveContainer" containerID="ba98048f43f55d9cd8d012dcaa1e99eef5e2a5d79523fa680c7481f427edc236"
2025-01-30 18:35:27,856 INFO c.h.h.t.HelmChartContainer - [K3S] [scope.go:117] "RemoveContainer" containerID="ba98048f43f55d9cd8d012dcaa1e99eef5e2a5d79523fa680c7481f427edc236"
2025-01-30 18:35:27,865 INFO c.h.h.t.HelmChartContainer - [POD] helper-pod-delete-pvc-1951f59c-c34e-4e1b-a2e0-f714f0de174f [fa743a55-e62f-4c4d-8c2d-a2aa2c182f03] in kube-system was MODIFIED
2025-01-30 18:35:27,872 INFO c.h.h.t.HelmChartContainer - [POD] hivemq-test-hivemq-platform-operator-6966f96d65-xtswf [2f3f9aef-afed-4e4d-956c-f3493b7118eb] in helmvolumeclaimtemplatesit-operator was MODIFIED
2025-01-30 18:35:27,872 INFO c.h.h.t.HelmChartContainer - [K3S] [replica_set.go:679] "Finished syncing" kind="ReplicaSet" key="helmvolumeclaimtemplatesit-operator/hivemq-test-hivemq-platform-operator-6966f96d65" duration="44.874µs"
2025-01-30 18:35:27,877 INFO c.h.h.t.HelmChartContainer - [K3S] [replica_set.go:679] "Finished syncing" kind="ReplicaSet" key="helmvolumeclaimtemplatesit-operator/hivemq-test-hivemq-platform-operator-6966f96d65" duration="43.441µs"
2025-01-30 18:35:27,878 INFO c.h.h.t.HelmChartContainer - [POD] hivemq-test-hivemq-platform-operator-6966f96d65-xtswf [2f3f9aef-afed-4e4d-956c-f3493b7118eb] in helmvolumeclaimtemplatesit-operator was DELETED
2025-01-30 18:35:27,880 INFO c.h.h.t.HelmChartContainer - [K3S] [reconciler_common.go:299] "Volume detached for volume \"kube-api-access-pn44r\" (UniqueName: \"kubernetes.io/projected/2f3f9aef-afed-4e4d-956c-f3493b7118eb-kube-api-access-pn44r\") on node \"c1f759053570\" DevicePath \"\""
2025-01-30 18:35:27,892 INFO c.h.h.t.HelmChartContainer - [K3S] [replica_set.go:679] "Finished syncing" kind="ReplicaSet" key="helmvolumeclaimtemplatesit-operator/hivemq-test-hivemq-platform-operator-6966f96d65" duration="5.751µs"
2025-01-30 18:35:27,949 INFO c.h.h.t.HelmChartContainer - [POD] helper-pod-delete-pvc-6c859c0b-f580-49e5-904b-f080d6c5c3c3 [27438b68-06c7-45aa-bc07-8399ea1ef311] in kube-system was MODIFIED
2025-01-30 18:35:27,956 INFO c.h.h.t.HelmChartContainer - [POD] helper-pod-delete-pvc-62980791-972a-43fe-a424-8404742d3cc7 [f70e452c-d1dd-43a5-896c-60a185e6377b] in kube-system was MODIFIED
2025-01-30 18:35:28,077 INFO c.h.h.t.HelmChartContainer - [POD] helper-pod-delete-pvc-6c859c0b-f580-49e5-904b-f080d6c5c3c3 [27438b68-06c7-45aa-bc07-8399ea1ef311] in kube-system was MODIFIED
2025-01-30 18:35:28,079 INFO c.h.h.t.HelmChartContainer - [POD] helper-pod-delete-pvc-6c859c0b-f580-49e5-904b-f080d6c5c3c3 [27438b68-06c7-45aa-bc07-8399ea1ef311] in kube-system was DELETED
2025-01-30 18:35:28,082 INFO c.h.h.t.HelmChartContainer - [K3S] [reconciler_common.go:162] "operationExecutor.UnmountVolume started for volume \"data\" (UniqueName: \"kubernetes.io/host-path/27438b68-06c7-45aa-bc07-8399ea1ef311-data\") pod \"27438b68-06c7-45aa-bc07-8399ea1ef311\" (UID: \"27438b68-06c7-45aa-bc07-8399ea1ef311\") "
2025-01-30 18:35:28,082 INFO c.h.h.t.HelmChartContainer - [K3S] [reconciler_common.go:162] "operationExecutor.UnmountVolume started for volume \"script\" (UniqueName: \"kubernetes.io/configmap/f70e452c-d1dd-43a5-896c-60a185e6377b-script\") pod \"f70e452c-d1dd-43a5-896c-60a185e6377b\" (UID: \"f70e452c-d1dd-43a5-896c-60a185e6377b\") "
2025-01-30 18:35:28,082 INFO c.h.h.t.HelmChartContainer - [K3S] [reconciler_common.go:162] "operationExecutor.UnmountVolume started for volume \"kube-api-access-fn29q\" (UniqueName: \"kubernetes.io/projected/f70e452c-d1dd-43a5-896c-60a185e6377b-kube-api-access-fn29q\") pod \"f70e452c-d1dd-43a5-896c-60a185e6377b\" (UID: \"f70e452c-d1dd-43a5-896c-60a185e6377b\") "
2025-01-30 18:35:28,082 INFO c.h.h.t.HelmChartContainer - [K3S] [reconciler_common.go:162] "operationExecutor.UnmountVolume started for volume \"kube-api-access-9rlb2\" (UniqueName: \"kubernetes.io/projected/27438b68-06c7-45aa-bc07-8399ea1ef311-kube-api-access-9rlb2\") pod \"27438b68-06c7-45aa-bc07-8399ea1ef311\" (UID: \"27438b68-06c7-45aa-bc07-8399ea1ef311\") "
2025-01-30 18:35:28,082 INFO c.h.h.t.HelmChartContainer - [K3S] [reconciler_common.go:162] "operationExecutor.UnmountVolume started for volume \"script\" (UniqueName: \"kubernetes.io/configmap/27438b68-06c7-45aa-bc07-8399ea1ef311-script\") pod \"27438b68-06c7-45aa-bc07-8399ea1ef311\" (UID: \"27438b68-06c7-45aa-bc07-8399ea1ef311\") "
2025-01-30 18:35:28,082 INFO c.h.h.t.HelmChartContainer - [K3S] [reconciler_common.go:162] "operationExecutor.UnmountVolume started for volume \"data\" (UniqueName: \"kubernetes.io/host-path/f70e452c-d1dd-43a5-896c-60a185e6377b-data\") pod \"f70e452c-d1dd-43a5-896c-60a185e6377b\" (UID: \"f70e452c-d1dd-43a5-896c-60a185e6377b\") "
2025-01-30 18:35:28,083 INFO c.h.h.t.HelmChartContainer - [K3S] [reconciler_common.go:299] "Volume detached for volume \"data\" (UniqueName: \"kubernetes.io/host-path/27438b68-06c7-45aa-bc07-8399ea1ef311-data\") on node \"c1f759053570\" DevicePath \"\""
2025-01-30 18:35:28,099 INFO c.h.h.t.HelmChartContainer - [POD] helper-pod-delete-pvc-62980791-972a-43fe-a424-8404742d3cc7 [f70e452c-d1dd-43a5-896c-60a185e6377b] in kube-system was MODIFIED
2025-01-30 18:35:28,099 INFO c.h.h.t.HelmChartContainer - [POD] helper-pod-delete-pvc-62980791-972a-43fe-a424-8404742d3cc7 [f70e452c-d1dd-43a5-896c-60a185e6377b] in kube-system was DELETED
2025-01-30 18:35:28,126 INFO c.h.h.t.HelmChartContainer - [K3S] [kubelet_volumes.go:163] "Cleaned up orphaned pod volumes dir" podUID="27438b68-06c7-45aa-bc07-8399ea1ef311" path="/var/lib/kubelet/pods/27438b68-06c7-45aa-bc07-8399ea1ef311/volumes"
2025-01-30 18:35:28,126 INFO c.h.h.t.HelmChartContainer - [K3S] [kubelet_volumes.go:163] "Cleaned up orphaned pod volumes dir" podUID="2f3f9aef-afed-4e4d-956c-f3493b7118eb" path="/var/lib/kubelet/pods/2f3f9aef-afed-4e4d-956c-f3493b7118eb/volumes"
2025-01-30 18:35:28,127 INFO c.h.h.t.HelmChartContainer - [K3S] [kubelet_volumes.go:163] "Cleaned up orphaned pod volumes dir" podUID="4911ff26-9e57-4828-85d2-28363c73e46a" path="/var/lib/kubelet/pods/4911ff26-9e57-4828-85d2-28363c73e46a/volumes"
2025-01-30 18:35:28,128 INFO c.h.h.t.HelmChartContainer - [K3S] [kubelet_volumes.go:163] "Cleaned up orphaned pod volumes dir" podUID="f70e452c-d1dd-43a5-896c-60a185e6377b" path="/var/lib/kubelet/pods/f70e452c-d1dd-43a5-896c-60a185e6377b/volumes"
2025-01-30 18:35:28,182 INFO c.h.h.t.HelmChartContainer - [K3S] [reconciler_common.go:299] "Volume detached for volume \"script\" (UniqueName: \"kubernetes.io/configmap/f70e452c-d1dd-43a5-896c-60a185e6377b-script\") on node \"c1f759053570\" DevicePath \"\""
2025-01-30 18:35:28,182 INFO c.h.h.t.HelmChartContainer - [K3S] [reconciler_common.go:299] "Volume detached for volume \"kube-api-access-fn29q\" (UniqueName: \"kubernetes.io/projected/f70e452c-d1dd-43a5-896c-60a185e6377b-kube-api-access-fn29q\") on node \"c1f759053570\" DevicePath \"\""
2025-01-30 18:35:28,182 INFO c.h.h.t.HelmChartContainer - [K3S] [reconciler_common.go:299] "Volume detached for volume \"kube-api-access-9rlb2\" (UniqueName: \"kubernetes.io/projected/27438b68-06c7-45aa-bc07-8399ea1ef311-kube-api-access-9rlb2\") on node \"c1f759053570\" DevicePath \"\""
2025-01-30 18:35:28,182 INFO c.h.h.t.HelmChartContainer - [K3S] [reconciler_common.go:299] "Volume detached for volume \"script\" (UniqueName: \"kubernetes.io/configmap/27438b68-06c7-45aa-bc07-8399ea1ef311-script\") on node \"c1f759053570\" DevicePath \"\""
2025-01-30 18:35:28,182 INFO c.h.h.t.HelmChartContainer - [K3S] [reconciler_common.go:299] "Volume detached for volume \"data\" (UniqueName: \"kubernetes.io/host-path/f70e452c-d1dd-43a5-896c-60a185e6377b-data\") on node \"c1f759053570\" DevicePath \"\""
2025-01-30 18:35:28,855 INFO c.h.h.t.HelmChartContainer - [K3S] [scope.go:117] "RemoveContainer" containerID="d593b2349c07dc7120c21e768546e74e5d68670c22e4579c9fb6e0b5aee1dcc1"
2025-01-30 18:35:28,858 INFO c.h.h.t.HelmChartContainer - [K3S] [scope.go:117] "RemoveContainer" containerID="0b1a143d9100cefa52bfc2482a0b461adefbd40643af8387543eae87536f7b37"
2025-01-30 18:35:28,923 INFO c.h.h.t.HelmChartContainer - [POD] helper-pod-delete-pvc-1951f59c-c34e-4e1b-a2e0-f714f0de174f [fa743a55-e62f-4c4d-8c2d-a2aa2c182f03] in kube-system was MODIFIED
2025-01-30 18:35:29,086 INFO c.h.h.t.HelmChartContainer - [K3S] [reconciler_common.go:162] "operationExecutor.UnmountVolume started for volume \"script\" (UniqueName: \"kubernetes.io/configmap/fa743a55-e62f-4c4d-8c2d-a2aa2c182f03-script\") pod \"fa743a55-e62f-4c4d-8c2d-a2aa2c182f03\" (UID: \"fa743a55-e62f-4c4d-8c2d-a2aa2c182f03\") "
2025-01-30 18:35:29,087 INFO c.h.h.t.HelmChartContainer - [K3S] [reconciler_common.go:162] "operationExecutor.UnmountVolume started for volume \"data\" (UniqueName: \"kubernetes.io/host-path/fa743a55-e62f-4c4d-8c2d-a2aa2c182f03-data\") pod \"fa743a55-e62f-4c4d-8c2d-a2aa2c182f03\" (UID: \"fa743a55-e62f-4c4d-8c2d-a2aa2c182f03\") "
2025-01-30 18:35:29,087 INFO c.h.h.t.HelmChartContainer - [K3S] [reconciler_common.go:162] "operationExecutor.UnmountVolume started for volume \"kube-api-access-h6j86\" (UniqueName: \"kubernetes.io/projected/fa743a55-e62f-4c4d-8c2d-a2aa2c182f03-kube-api-access-h6j86\") pod \"fa743a55-e62f-4c4d-8c2d-a2aa2c182f03\" (UID: \"fa743a55-e62f-4c4d-8c2d-a2aa2c182f03\") "
2025-01-30 18:35:29,187 INFO c.h.h.t.HelmChartContainer - [K3S] [reconciler_common.go:299] "Volume detached for volume \"kube-api-access-h6j86\" (UniqueName: \"kubernetes.io/projected/fa743a55-e62f-4c4d-8c2d-a2aa2c182f03-kube-api-access-h6j86\") on node \"c1f759053570\" DevicePath \"\""
2025-01-30 18:35:29,187 INFO c.h.h.t.HelmChartContainer - [K3S] [reconciler_common.go:299] "Volume detached for volume \"script\" (UniqueName: \"kubernetes.io/configmap/fa743a55-e62f-4c4d-8c2d-a2aa2c182f03-script\") on node \"c1f759053570\" DevicePath \"\""
2025-01-30 18:35:29,187 INFO c.h.h.t.HelmChartContainer - [K3S] [reconciler_common.go:299] "Volume detached for volume \"data\" (UniqueName: \"kubernetes.io/host-path/fa743a55-e62f-4c4d-8c2d-a2aa2c182f03-data\") on node \"c1f759053570\" DevicePath \"\""
2025-01-30 18:35:29,367 INFO c.h.h.t.HelmChartContainer - Deleting namespace 'helmvolumeclaimtemplatesit-operator'...
2025-01-30 18:35:29,861 INFO c.h.h.t.HelmChartContainer - [K3S] [pod_container_deletor.go:80] "Container not found in pod's containers" containerID="dc07f10340e68cc53b64af389f0faa700cdd34f7a0d61ed2ac9f4553b83ac002"
2025-01-30 18:35:29,910 INFO c.h.h.t.HelmChartContainer - [POD] helper-pod-delete-pvc-1951f59c-c34e-4e1b-a2e0-f714f0de174f [fa743a55-e62f-4c4d-8c2d-a2aa2c182f03] in kube-system was MODIFIED
2025-01-30 18:35:29,914 INFO c.h.h.t.HelmChartContainer - [POD] helper-pod-delete-pvc-1951f59c-c34e-4e1b-a2e0-f714f0de174f [fa743a55-e62f-4c4d-8c2d-a2aa2c182f03] in kube-system was DELETED
2025-01-30 18:35:30,126 INFO c.h.h.t.HelmChartContainer - [K3S] [kubelet_volumes.go:163] "Cleaned up orphaned pod volumes dir" podUID="fa743a55-e62f-4c4d-8c2d-a2aa2c182f03" path="/var/lib/kubelet/pods/fa743a55-e62f-4c4d-8c2d-a2aa2c182f03/volumes"
2025-01-30 18:35:32,087 INFO c.h.h.t.HelmChartContainer - [K3S] [namespace_controller.go:187] "Namespace has been deleted" namespace="helmvolumeclaimtemplatesit"
2025-01-30 18:35:34,583 INFO c.h.h.t.HelmChartContainer - Namespace 'helmvolumeclaimtemplatesit-operator' deleted
2025-01-30 18:35:34,583 INFO c.h.h.t.HelmChartContainer - Release 'test-hivemq-platform-operator' in namespace 'helmvolumeclaimtemplatesit-operator' is uninstalled
2025-01-30 18:35:35,756 INFO c.h.helmcharts.AbstractHelmChartIT - Removed unused containers:

2025-01-30 18:35:39,496 INFO c.h.h.t.HelmChartContainer - [K3S] [namespace_controller.go:187] "Namespace has been deleted" namespace="helmvolumeclaimtemplatesit-operator"
2025-01-30 18:35:43,804 INFO c.h.helmcharts.AbstractHelmChartIT - Removed unused snapshots:
Removing snapshot sha256:03af251906410714c5aef9fa705b63f6bbc39c4a5e787de7361eeb18886c2ed2
Removing snapshot sha256:0c46b3b43cce082ce5ec34ffc6c294e0417d17b9d1e6f366d114b6aadc4f96dc
Removing snapshot sha256:0ce761beee59082d6ed5bcebd3a805b8ddd9b3426b617e4809e7fb7c6587ffec
Removing snapshot sha256:0df91287303208332c8ff6ba40ae4710105201739addbfbddfb955f1ad593664
Removing snapshot sha256:1021ef88c7974bfff89c5a0ec4fd3160daac6c48a075f74cff721f85dd104e68
Removing snapshot sha256:10aba4953ddc18145dd38e3704709bc464aa20af60b56fe52caaff4b68411e62
Removing snapshot sha256:14027d372a6b5c04d2a88e39a80971544a9df4fbdc30697a49801994196a469d
Removing snapshot sha256:362a8a37f8bbc31925a8146adcf7cf51f9882f5c1dcbef67c5baa03a297543c0
Removing snapshot sha256:43a7c979bbaba6838bc3102d6b10a1459f3ab050b87ccdfef84ef90cf43d3058
Removing snapshot sha256:4ab04491cdf0d3267f08206fe30bd48f49f94b9cab2f016d6739220f722a64af
Removing snapshot sha256:4b6068250e89c96f263060261819c7d912855bfbd64b3eb4c4a8483299b8c295
Removing snapshot sha256:580e69a0a8034ede1921139bbd2bfb72a69ebf276d008281896c32dd8bf74775
Removing snapshot sha256:5d30ba46b27fe37484567ccc5242cadc78217b8da605f3f195ef25cbf7487904
Removing snapshot sha256:63ca1fbb43ae5034640e5e6cb3e083e05c290072c5366fcaa9d62435a4cced85
Removing snapshot sha256:66140dc7271ceb0a9b5e521509e7d96b916d4182681f723881bfae89675de7f6
Removing snapshot sha256:67f702c6baae873bceb19487c8b1f27bd2b86077e4f2f0e480e6d60ab508b8f5
Removing snapshot sha256:6864348dd42806d552efdec384f1274be15e2d0c10ce44c1f04347af004c10a9
Removing snapshot sha256:6c7dee8f2c39b84b7dc2711c01d33de93514d9055499173e9290176fbe484b6c
Removing snapshot sha256:780f74e8179cb4165c49a54fe1769e8aee54e7ac5ca4056720419bf902ab2c93
Removing snapshot sha256:82753493a6d61ded36556292f02f31841a14c20d2f279f19eaad65afb661d5cd
Removing snapshot sha256:8a10d3db42c505ee0fcfa98417bdd7e39b304f6bcc0a06bb1b220797ff2cc63c
Removing snapshot sha256:a21e5b12dbac529ad45d976eb9ce45c881f3bedcc500fb30aba1e52aa1813418
Removing snapshot sha256:b921e6c28969094157f9b8e7244677780319637afd14450b7cb6b2fdea558a0c
Removing snapshot sha256:bc27ecb5769a00e309cf99ebc763c4a4b958b618d1decc96ffac5bc05f02f5b7
Removing snapshot sha256:be3ccb6627a5332e309d45ef461d09b4879dd870c7394d89323d0ebc6ca6aa8a
Removing snapshot sha256:c261f7cbbc64211ee175ee47273acdb7b1a36a4450b397a064a8f2c026490095
Removing snapshot sha256:c34d9393647eea0c9e3557ab988efaf59f61d10a2a5613b439ef0958cca5ec10
Removing snapshot sha256:ccf3c4a0fa967a41c1c83497a2ce6fa5787965859df0adb32c4ca2cf7490bc2b
Removing snapshot sha256:cf92d33f869417309692088c341cd0f223c178ea78a125f757317b22aa8f90e9
Removing snapshot sha256:d0037344cf2fb078884f1849f6a1f8cf9a33a3b6139b6a85833e5ee528e1f9a8
Removing snapshot sha256:d3b36d5b79273b1e98e7700470eaeff05a882e777124d84cebcc1505b85ecb36
Removing snapshot sha256:d65a44a37914602d12c611e5e22a50f11451d847e63015cc1c2aef92dee777a4
Removing snapshot sha256:e2dc0bae2455930f23ae570e019b7f32edc75c0f2d71cab084db837ff9051796
Removing snapshot sha256:eccbd24a99c60cd9e86ee5305dbfc4a4dc89f5ab4fb1f06c8d64797cecedef34
Removing snapshot sha256:f144bb4c7c7f0d2aa7eeffd36d934ec40db1ee167be727e326aad9fdc616f475

]]></system-out>
  </testcase>
  <system-out><![CDATA[2025-01-30 18:29:55,834 INFO c.h.h.t.HelmChartContainerExtension - Using cached HelmChartContainer instance
]]></system-out>
  <system-err><![CDATA[]]></system-err>
</testsuite>
