<?xml version="1.0" encoding="UTF-8"?>
<testsuite name="com.hivemq.helmcharts.extensions.HelmCustomExtensionIT" tests="3" skipped="0" failures="0" errors="0" timestamp="2025-03-14T17:04:28" hostname="fv-az807-929" time="343.467">
  <properties/>
  <testcase name="platformChart_whenCustomExtensionIsConfigured_withHttpBasicAuth_thenStartsUpSuccessfully()" classname="com.hivemq.helmcharts.extensions.HelmCustomExtensionIT" time="119.837"/>
  <testcase name="platformChart_whenCustomExtensionIsConfigured_withHttp_thenStartsUpSuccessfully()" classname="com.hivemq.helmcharts.extensions.HelmCustomExtensionIT" time="102.14"/>
  <testcase name="platformChart_whenCustomExtensionIsConfigured_withHttps_thenStartsUpSuccessfully()" classname="com.hivemq.helmcharts.extensions.HelmCustomExtensionIT" time="121.489"/>
</testsuite>
