<?xml version="1.0" encoding="UTF-8"?>
<testsuite name="com.hivemq.helmcharts.extensions.HelmUpgradeExtensionIT" tests="2" skipped="0" failures="0" errors="0" timestamp="2025-08-13T06:34:52" hostname="pkrvmsl9tci6h6u" time="418.691">
  <properties/>
  <testcase name="withBridgeConfiguration_enableDisableBridge()" classname="com.hivemq.helmcharts.extensions.HelmUpgradeExtensionIT" time="143.227"/>
  <testcase name="withBridgeConfiguration_updateExtensionWithNewConfig()" classname="com.hivemq.helmcharts.extensions.HelmUpgradeExtensionIT" time="275.462"/>
</testsuite>
