<?xml version="1.0" encoding="UTF-8"?>
<testsuite name="com.hivemq.helmcharts.serviceaccount.HelmCustomServiceAccountDisabledCreationAndValidationIT" tests="1" skipped="0" failures="0" errors="0" timestamp="2025-09-08T11:22:40" hostname="pkrvm7jw40e0xgp" time="84.091">
  <properties/>
  <testcase name="platformCharts_withCreationAndValidationDisabled_withCorrectExternalPermissions_hivemqRunning()" classname="com.hivemq.helmcharts.serviceaccount.HelmCustomServiceAccountDisabledCreationAndValidationIT" time="84.091"/>
</testsuite>
