<?xml version="1.0" encoding="UTF-8"?>
<testsuite name="com.hivemq.helmcharts.license.HelmExtensionLicensesIT" tests="2" skipped="0" failures="0" errors="0" timestamp="2025-01-28T23:55:32" hostname="fv-az792-223" time="218.342">
  <properties/>
  <testcase name="withExtensionLicenseFileContent_statefulSetWithLicenseSecretMounted()" classname="com.hivemq.helmcharts.license.HelmExtensionLicensesIT" time="106.947">
    <system-out><![CDATA[2025-01-28 23:55:32,133 INFO c.h.h.t.HelmChartContainer - Creating namespace 'helmextensionlicensesit-operator'...
2025-01-28 23:55:32,140 INFO c.h.h.t.HelmChartContainer - Namespace 'helmextensionlicensesit-operator' created
2025-01-28 23:55:32,140 INFO c.h.h.t.HelmChartContainer - Creating namespace 'helmextensionlicensesit'...
2025-01-28 23:55:32,148 INFO c.h.h.t.HelmChartContainer - Namespace 'helmextensionlicensesit' created
2025-01-28 23:55:32,220 DEBUG c.h.h.t.HelmChartContainer - Executing helm command: /bin/helm --kubeconfig /etc/rancher/k3s/k3s.yaml install test-hivemq-platform-operator /charts/hivemq-platform-operator --wait --timeout 5m0s --set image.repository=docker.io/hivemq --set image.name=hivemq-platform-operator-test --set image.initImageName=hivemq-platform-operator-init-test --set image.tag=snapshot --set image.pullPolicy=Never --set logLevel=DEBUG --set resources.cpu=512m --namespace helmextensionlicensesit-operator
2025-01-28 23:55:32,572 INFO c.h.h.t.HelmChartContainer - [K3S] [alloc.go:330] "allocated clusterIPs" service="helmextensionlicensesit-operator/hivemq-platform-operator-test-hivemq-platform-operator" clusterIPs={"IPv4":"10.43.31.6"}
2025-01-28 23:55:32,597 INFO c.h.h.t.HelmChartContainer - [POD] hivemq-test-hivemq-platform-operator-6966f96d65-pmggq [799d8856-6bd4-4d4c-adfc-20f96dd6ff08] in helmextensionlicensesit-operator was ADDED
2025-01-28 23:55:32,598 INFO c.h.h.t.HelmChartContainer - [EVENT] Normal [SuccessfulCreate] Created pod: hivemq-test-hivemq-platform-operator-6966f96d65-pmggq [helmextensionlicensesit-operator:hivemq-test-hivemq-platform-operator-6966f96d65]
2025-01-28 23:55:32,599 INFO c.h.h.t.HelmChartContainer - [K3S] [replica_set.go:679] "Finished syncing" kind="ReplicaSet" key="helmextensionlicensesit-operator/hivemq-test-hivemq-platform-operator-6966f96d65" duration="15.710868ms"
2025-01-28 23:55:32,602 INFO c.h.h.t.HelmChartContainer - [POD] hivemq-test-hivemq-platform-operator-6966f96d65-pmggq [799d8856-6bd4-4d4c-adfc-20f96dd6ff08] in helmextensionlicensesit-operator was MODIFIED
2025-01-28 23:55:32,602 INFO c.h.h.t.HelmChartContainer - [K3S] [memory_manager.go:355] "RemoveStaleState removing state" podUID="c090439f-4816-40d5-8a07-83315bf576bd" containerName="hivemq"
2025-01-28 23:55:32,604 INFO c.h.h.t.HelmChartContainer - [K3S] [memory_manager.go:355] "RemoveStaleState removing state" podUID="daff2c30-08b4-4944-b135-d0b52702d868" containerName="hivemq-platform-operator"
2025-01-28 23:55:32,609 INFO c.h.h.t.HelmChartContainer - [EVENT] Normal [Scheduled] Successfully assigned helmextensionlicensesit-operator/hivemq-test-hivemq-platform-operator-6966f96d65-pmggq to 6701628649ec [helmextensionlicensesit-operator:hivemq-test-hivemq-platform-operator-6966f96d65-pmggq]
2025-01-28 23:55:32,613 INFO c.h.h.t.HelmChartContainer - [K3S] [replica_set.go:679] "Finished syncing" kind="ReplicaSet" key="helmextensionlicensesit-operator/hivemq-test-hivemq-platform-operator-6966f96d65" duration="14.007416ms"
2025-01-28 23:55:32,614 INFO c.h.h.t.HelmChartContainer - [EVENT] Normal [ScalingReplicaSet] Scaled up replica set hivemq-test-hivemq-platform-operator-6966f96d65 from 0 to 1 [helmextensionlicensesit-operator:hivemq-test-hivemq-platform-operator]
2025-01-28 23:55:32,621 INFO c.h.h.t.HelmChartContainer - [POD] hivemq-test-hivemq-platform-operator-6966f96d65-pmggq [799d8856-6bd4-4d4c-adfc-20f96dd6ff08] in helmextensionlicensesit-operator was MODIFIED
2025-01-28 23:55:32,629 INFO c.h.h.t.HelmChartContainer - [K3S] [replica_set.go:679] "Finished syncing" kind="ReplicaSet" key="helmextensionlicensesit-operator/hivemq-test-hivemq-platform-operator-6966f96d65" duration="15.191059ms"
2025-01-28 23:55:32,629 INFO c.h.h.t.HelmChartContainer - [K3S] [replica_set.go:679] "Finished syncing" kind="ReplicaSet" key="helmextensionlicensesit-operator/hivemq-test-hivemq-platform-operator-6966f96d65" duration="39.543µs"
2025-01-28 23:55:32,700 INFO c.h.h.t.HelmChartContainer - [K3S] [reconciler_common.go:251] "operationExecutor.VerifyControllerAttachedVolume started for volume \"kube-api-access-6rtch\" (UniqueName: \"kubernetes.io/projected/799d8856-6bd4-4d4c-adfc-20f96dd6ff08-kube-api-access-6rtch\") pod \"hivemq-test-hivemq-platform-operator-6966f96d65-pmggq\" (UID: \"799d8856-6bd4-4d4c-adfc-20f96dd6ff08\") " pod="helmextensionlicensesit-operator/hivemq-test-hivemq-platform-operator-6966f96d65-pmggq"
2025-01-28 23:55:32,993 INFO c.h.h.t.HelmChartContainer - [EVENT] Normal [Pulled] Container image "docker.io/hivemq/hivemq-platform-operator-test:snapshot" already present on machine [helmextensionlicensesit-operator:hivemq-test-hivemq-platform-operator-6966f96d65-pmggq]
2025-01-28 23:55:32,993 INFO c.h.h.t.HelmChartContainer - Received Pulled event for container hivemq-platform-operator in pod hivemq-test-hivemq-platform-operator-6966f96d65-pmggq [799d8856-6bd4-4d4c-adfc-20f96dd6ff08]
2025-01-28 23:55:34,262 INFO c.h.h.t.HelmChartContainer - [EVENT] Normal [Created] Created container: hivemq-platform-operator [helmextensionlicensesit-operator:hivemq-test-hivemq-platform-operator-6966f96d65-pmggq]
2025-01-28 23:55:34,262 INFO c.h.h.t.HelmChartContainer - Received Created event for container hivemq-platform-operator in pod hivemq-test-hivemq-platform-operator-6966f96d65-pmggq [799d8856-6bd4-4d4c-adfc-20f96dd6ff08]
2025-01-28 23:55:34,561 INFO c.h.h.t.HelmChartContainer - [K3S] [replica_set.go:679] "Finished syncing" kind="ReplicaSet" key="helmextensionlicensesit-operator/hivemq-test-hivemq-platform-operator-6966f96d65" duration="49.192µs"
2025-01-28 23:55:34,562 INFO c.h.h.t.HelmChartContainer - [POD] hivemq-test-hivemq-platform-operator-6966f96d65-pmggq [799d8856-6bd4-4d4c-adfc-20f96dd6ff08] in helmextensionlicensesit-operator was MODIFIED
2025-01-28 23:55:34,574 INFO c.h.h.t.HelmChartContainer - Started log watcher for hivemq-platform-operator in pod hivemq-test-hivemq-platform-operator-6966f96d65-pmggq [799d8856-6bd4-4d4c-adfc-20f96dd6ff08]
2025-01-28 23:55:34,575 INFO c.h.h.t.HelmChartContainer - [EVENT] Normal [Started] Started container hivemq-platform-operator [helmextensionlicensesit-operator:hivemq-test-hivemq-platform-operator-6966f96d65-pmggq]
2025-01-28 23:55:34,575 INFO c.h.h.t.HelmChartContainer - Received Started event for container hivemq-platform-operator in pod hivemq-test-hivemq-platform-operator-6966f96d65-pmggq [799d8856-6bd4-4d4c-adfc-20f96dd6ff08]
2025-01-28 23:55:34,576 INFO c.h.h.t.HelmChartContainer - [hivemq-test-hivemq-platform] [hivemq-platform-operator] [799d8856] -------------------------------------------------------------------------
2025-01-28 23:55:34,576 INFO c.h.h.t.HelmChartContainer - [hivemq-test-hivemq-platform] [hivemq-platform-operator] [799d8856] 
2025-01-28 23:55:34,576 INFO c.h.h.t.HelmChartContainer - [hivemq-test-hivemq-platform] [hivemq-platform-operator] [799d8856]                   _    _  _              __  __   ____
2025-01-28 23:55:34,576 INFO c.h.h.t.HelmChartContainer - [hivemq-test-hivemq-platform] [hivemq-platform-operator] [799d8856]                  | |  | |(_)            |  \/  | / __ \
2025-01-28 23:55:34,577 INFO c.h.h.t.HelmChartContainer - [hivemq-test-hivemq-platform] [hivemq-platform-operator] [799d8856]                  | |__| | _ __   __ ___ | \  / || |  | |
2025-01-28 23:55:34,577 INFO c.h.h.t.HelmChartContainer - [hivemq-test-hivemq-platform] [hivemq-platform-operator] [799d8856]                  |  __  || |\ \ / // _ \| |\/| || |  | |
2025-01-28 23:55:34,577 INFO c.h.h.t.HelmChartContainer - [hivemq-test-hivemq-platform] [hivemq-platform-operator] [799d8856]                  | |  | || | \ V /|  __/| |  | || |__| |
2025-01-28 23:55:34,577 INFO c.h.h.t.HelmChartContainer - [hivemq-test-hivemq-platform] [hivemq-platform-operator] [799d8856]                  |_|  |_||_|  \_/  \___||_|  |_| \___\_\
2025-01-28 23:55:34,577 INFO c.h.h.t.HelmChartContainer - [hivemq-test-hivemq-platform] [hivemq-platform-operator] [799d8856] 
2025-01-28 23:55:34,577 INFO c.h.h.t.HelmChartContainer - [hivemq-test-hivemq-platform] [hivemq-platform-operator] [799d8856] -------------------------------------------------------------------------
2025-01-28 23:55:34,577 INFO c.h.h.t.HelmChartContainer - [hivemq-test-hivemq-platform] [hivemq-platform-operator] [799d8856] 
2025-01-28 23:55:34,577 INFO c.h.h.t.HelmChartContainer - [hivemq-test-hivemq-platform] [hivemq-platform-operator] [799d8856]   HiveMQ Platform Operator Start Script v1.0
2025-01-28 23:55:34,577 INFO c.h.h.t.HelmChartContainer - [hivemq-test-hivemq-platform] [hivemq-platform-operator] [799d8856] 
2025-01-28 23:55:34,577 INFO c.h.h.t.HelmChartContainer - [hivemq-test-hivemq-platform] [hivemq-platform-operator] [799d8856] -------------------------------------------------------------------------
2025-01-28 23:55:34,577 INFO c.h.h.t.HelmChartContainer - [hivemq-test-hivemq-platform] [hivemq-platform-operator] [799d8856] 
2025-01-28 23:55:34,577 INFO c.h.h.t.HelmChartContainer - [hivemq-test-hivemq-platform] [hivemq-platform-operator] [799d8856]   JAVA_OPTS: -XX:+UnlockExperimentalVMOptions -XX:InitialRAMPercentage=75 -XX:MaxRAMPercentage=75 -Duser.language=en -Duser.region=US
2025-01-28 23:55:34,577 INFO c.h.h.t.HelmChartContainer - [hivemq-test-hivemq-platform] [hivemq-platform-operator] [799d8856] 
2025-01-28 23:55:34,577 INFO c.h.h.t.HelmChartContainer - [hivemq-test-hivemq-platform] [hivemq-platform-operator] [799d8856]   JAVA_VERSION: 21
2025-01-28 23:55:34,577 INFO c.h.h.t.HelmChartContainer - [hivemq-test-hivemq-platform] [hivemq-platform-operator] [799d8856] 
2025-01-28 23:55:34,577 INFO c.h.h.t.HelmChartContainer - [hivemq-test-hivemq-platform] [hivemq-platform-operator] [799d8856] -------------------------------------------------------------------------
2025-01-28 23:55:34,577 INFO c.h.h.t.HelmChartContainer - [hivemq-test-hivemq-platform] [hivemq-platform-operator] [799d8856] 
2025-01-28 23:55:37,817 INFO c.h.h.t.HelmChartContainer - [hivemq-test-hivemq-platform] [hivemq-platform-operator] [799d8856] 23:55:37.815 [main] DEBUG org.jboss.logging - Logging Provider: org.jboss.logging.Slf4jLoggerProvider
2025-01-28 23:55:37,922 INFO c.h.h.t.HelmChartContainer - [hivemq-test-hivemq-platform] [hivemq-platform-operator] [799d8856] 23:55:37.921 [main] DEBUG io.smallrye.config - SRCFG01006: Loaded ConfigSource SysPropConfigSource with ordinal 400
2025-01-28 23:55:37,922 INFO c.h.h.t.HelmChartContainer - [hivemq-test-hivemq-platform] [hivemq-platform-operator] [799d8856] 23:55:37.921 [main] DEBUG io.smallrye.config - SRCFG01006: Loaded ConfigSource EnvConfigSource with ordinal 300
2025-01-28 23:55:37,922 INFO c.h.h.t.HelmChartContainer - [hivemq-test-hivemq-platform] [hivemq-platform-operator] [799d8856] 23:55:37.921 [main] DEBUG io.smallrye.config - SRCFG01006: Loaded ConfigSource PropertiesConfigSource[source=jar:file:///opt/hivemq-platform-operator/bin/hivemq-platform-operator.jar!/hivemq-platform-operator.properties] with ordinal 100
2025-01-28 23:55:37,923 INFO c.h.h.t.HelmChartContainer - [hivemq-test-hivemq-platform] [hivemq-platform-operator] [799d8856] 23:55:37.921 [main] DEBUG io.smallrye.config - SRCFG01006: Loaded ConfigSource DefaultValuesConfigSource with ordinal -2147483648
2025-01-28 23:55:38,026 INFO c.h.h.t.HelmChartContainer - [hivemq-test-hivemq-platform] [hivemq-platform-operator] [799d8856] 23:55:38.025 [main] DEBUG i.m.c.u.i.l.InternalLoggerFactory - Using SLF4J as the default logging framework
2025-01-28 23:55:38,215 INFO c.h.h.t.HelmChartContainer - [hivemq-test-hivemq-platform] [hivemq-platform-operator] [799d8856] 23:55:38.163 [main] INFO  c.h.p.o.HiveMQPlatformOperatorApplication - HiveMQ Platform Operator 1.7.0-SNAPSHOT (commit: bebf408 on branch: HEAD) built on Sun Jan 26 20:47:47 UTC 2025
2025-01-28 23:55:38,216 INFO c.h.h.t.HelmChartContainer - [hivemq-test-hivemq-platform] [hivemq-platform-operator] [799d8856] 23:55:38.214 [main] INFO  c.h.p.o.HiveMQPlatformOperatorApplication - HiveMQ Platform Operator is running in namespace: helmextensionlicensesit-operator
2025-01-28 23:55:38,216 INFO c.h.h.t.HelmChartContainer - [hivemq-test-hivemq-platform] [hivemq-platform-operator] [799d8856] 23:55:38.214 [main] INFO  c.h.p.o.HiveMQPlatformOperatorApplication - Watching all namespaces
2025-01-28 23:55:38,216 INFO c.h.h.t.HelmChartContainer - [hivemq-test-hivemq-platform] [hivemq-platform-operator] [799d8856] 23:55:38.214 [main] INFO  c.h.p.o.HiveMQPlatformOperatorApplication - Log level: DEBUG
2025-01-28 23:55:38,216 INFO c.h.h.t.HelmChartContainer - [hivemq-test-hivemq-platform] [hivemq-platform-operator] [799d8856] 23:55:38.214 [main] INFO  c.h.p.o.HiveMQPlatformOperatorApplication - Release name: test-hivemq-platform-operator
2025-01-28 23:55:38,216 INFO c.h.h.t.HelmChartContainer - [hivemq-test-hivemq-platform] [hivemq-platform-operator] [799d8856] 23:55:38.215 [main] INFO  c.h.p.o.HiveMQPlatformOperatorApplication - HiveMQ Platform Operator Init image: docker.io/hivemq/hivemq-platform-operator-init-test:snapshot
2025-01-28 23:55:38,216 INFO c.h.h.t.HelmChartContainer - [hivemq-test-hivemq-platform] [hivemq-platform-operator] [799d8856] 23:55:38.215 [main] INFO  c.h.p.o.HiveMQPlatformOperatorApplication - HiveMQ Platform Operator Init App update URL: http://hivemq-platform-operator-test-hivemq-platform-operator.helmextensionlicensesit-operator.svc:8080/initAppUpdate/hivemq-platform-operator-init-app-1.7.0-SNAPSHOT.jar
2025-01-28 23:55:38,216 INFO c.h.h.t.HelmChartContainer - [hivemq-test-hivemq-platform] [hivemq-platform-operator] [799d8856] 23:55:38.215 [main] INFO  c.h.p.o.HiveMQPlatformOperatorApplication - Additional imagePullSecret for all Platform deployments: none
2025-01-28 23:55:38,217 INFO c.h.h.t.HelmChartContainer - [hivemq-test-hivemq-platform] [hivemq-platform-operator] [799d8856] 23:55:38.215 [main] INFO  c.h.p.o.HiveMQPlatformOperatorApplication - Apply HiveMQ Platform CRD: true
2025-01-28 23:55:38,217 INFO c.h.h.t.HelmChartContainer - [hivemq-test-hivemq-platform] [hivemq-platform-operator] [799d8856] 23:55:38.215 [main] INFO  c.h.p.o.HiveMQPlatformOperatorApplication - Create Platform ServiceAccount: true
2025-01-28 23:55:38,217 INFO c.h.h.t.HelmChartContainer - [hivemq-test-hivemq-platform] [hivemq-platform-operator] [799d8856] 23:55:38.215 [main] INFO  c.h.p.o.HiveMQPlatformOperatorApplication - Create Platform ServiceAccount permissions: true
2025-01-28 23:55:38,217 INFO c.h.h.t.HelmChartContainer - [hivemq-test-hivemq-platform] [hivemq-platform-operator] [799d8856] 23:55:38.215 [main] INFO  c.h.p.o.HiveMQPlatformOperatorApplication - Validate Platform ServiceAccount: true
2025-01-28 23:55:38,217 INFO c.h.h.t.HelmChartContainer - [hivemq-test-hivemq-platform] [hivemq-platform-operator] [799d8856] 23:55:38.215 [main] INFO  c.h.p.o.HiveMQPlatformOperatorApplication - Validate Platform ServiceAccount permissions: true
2025-01-28 23:55:38,368 INFO c.h.h.t.HelmChartContainer - [hivemq-test-hivemq-platform] [hivemq-platform-operator] [799d8856] 23:55:38.367 [main] INFO  c.h.platform.operator.util.CRDUtil - Verifying deployed HiveMQ Platform CRD...
2025-01-28 23:55:40,916 INFO c.h.h.t.HelmChartContainer - [hivemq-test-hivemq-platform] [hivemq-platform-operator] [799d8856] 23:55:40.914 [main] DEBUG c.h.platform.operator.util.CRDUtil - HiveMQ Platform CRD version v1 is up to date
2025-01-28 23:55:40,916 INFO c.h.h.t.HelmChartContainer - [hivemq-test-hivemq-platform] [hivemq-platform-operator] [799d8856] 23:55:40.914 [main] INFO  c.h.platform.operator.util.CRDUtil - HiveMQ Platform CRD is up to date (version: V1_6_0)
2025-01-28 23:55:40,917 INFO c.h.h.t.HelmChartContainer - [hivemq-test-hivemq-platform] [hivemq-platform-operator] [799d8856] 23:55:40.915 [main] INFO  c.h.platform.operator.util.CRDUtil - Waiting 10000 ms for HiveMQ Platform CRD 'hivemq-platforms.hivemq.com' to become ready...
2025-01-28 23:55:41,262 INFO c.h.h.t.HelmChartContainer - [hivemq-test-hivemq-platform] [hivemq-platform-operator] [799d8856] 23:55:41.259 [vert.x-eventloop-thread-1] DEBUG c.h.platform.operator.util.CRDUtil - Checking CRD condition 'NamesAccepted' (status: 'True')
2025-01-28 23:55:41,262 INFO c.h.h.t.HelmChartContainer - [hivemq-test-hivemq-platform] [hivemq-platform-operator] [799d8856] 23:55:41.259 [vert.x-eventloop-thread-1] DEBUG c.h.platform.operator.util.CRDUtil - Checking CRD condition 'Established' (status: 'True')
2025-01-28 23:55:41,262 INFO c.h.h.t.HelmChartContainer - [hivemq-test-hivemq-platform] [hivemq-platform-operator] [799d8856] 23:55:41.260 [main] INFO  c.h.platform.operator.util.CRDUtil - HiveMQ Platform CRD 'hivemq-platforms.hivemq.com' is ready
2025-01-28 23:55:41,510 INFO c.h.h.t.HelmChartContainer - [hivemq-test-hivemq-platform] [hivemq-platform-operator] [799d8856] 23:55:41.509 [main] INFO  c.h.p.o.HiveMQPlatformReconciler - HiveMQ Platform Operator is starting...
2025-01-28 23:55:41,615 INFO c.h.h.t.HelmChartContainer - [hivemq-test-hivemq-platform] [hivemq-platform-operator] [799d8856] 23:55:41.614 [main] WARN  Default ConfigurationService implementation - Configuration for reconciler 'hivemq-controller' was not found. Known reconcilers: None.
2025-01-28 23:55:41,623 INFO c.h.h.t.HelmChartContainer - [hivemq-test-hivemq-platform] [hivemq-platform-operator] [799d8856] 23:55:41.621 [main] INFO  Default ConfigurationService implementation - Created configuration for reconciler com.hivemq.platform.operator.HiveMQPlatformReconciler with name hivemq-controller
2025-01-28 23:55:41,762 INFO c.h.h.t.HelmChartContainer - [hivemq-test-hivemq-platform] [hivemq-platform-operator] [799d8856] 23:55:41.760 [main] DEBUG c.h.p.o.HiveMQPlatformReconciler - HiveMQ Platform Operator is preparing EventSources
2025-01-28 23:55:41,821 INFO c.h.h.t.HelmChartContainer - [hivemq-test-hivemq-platform] [hivemq-platform-operator] [799d8856] 23:55:41.820 [main] INFO  i.javaoperatorsdk.operator.Operator - Registered reconciler: 'hivemq-controller' for resource: 'class com.hivemq.platform.operator.v1.HiveMQPlatform' for namespace(s): [all namespaces]
2025-01-28 23:55:42,462 INFO c.h.h.t.HelmChartContainer - [hivemq-test-hivemq-platform] [hivemq-platform-operator] [799d8856] 23:55:42.461 [main] INFO  c.h.p.operator.webserver.JettyServer - Starting Jetty server on port 8080
2025-01-28 23:55:42,562 INFO c.h.h.t.HelmChartContainer - [hivemq-test-hivemq-platform] [hivemq-platform-operator] [799d8856] 23:55:42.561 [main] INFO  i.javaoperatorsdk.operator.Operator - Operator SDK 4.9.7 (commit: 2133d28) built on Wed Nov 20 12:56:20 UTC 2024 starting...
2025-01-28 23:55:42,562 INFO c.h.h.t.HelmChartContainer - [hivemq-test-hivemq-platform] [hivemq-platform-operator] [799d8856] 23:55:42.561 [main] INFO  i.javaoperatorsdk.operator.Operator - Client version: 6.13.4
2025-01-28 23:55:42,611 INFO c.h.h.t.HelmChartContainer - [hivemq-test-hivemq-platform] [hivemq-platform-operator] [799d8856] 23:55:42.610 [Controller Starter for: hivemq-controller] INFO  i.j.operator.processing.Controller - Starting 'hivemq-controller' controller for reconciler: com.hivemq.platform.operator.HiveMQPlatformReconciler, resource: com.hivemq.platform.operator.v1.HiveMQPlatform
2025-01-28 23:55:45,259 INFO c.h.h.t.HelmChartContainer - [hivemq-test-hivemq-platform] [hivemq-platform-operator] [799d8856] 23:55:45.257 [Controller Starter for: hivemq-controller] INFO  i.j.operator.processing.Controller - 'hivemq-controller' controller started
2025-01-28 23:55:45,260 INFO c.h.h.t.HelmChartContainer - [hivemq-test-hivemq-platform] [hivemq-platform-operator] [799d8856] 23:55:45.258 [main] INFO  c.h.p.o.HiveMQPlatformOperatorApplication - HiveMQ Platform Operator 1.7.0-SNAPSHOT started in 7094 ms
2025-01-28 23:55:45,571 INFO c.h.h.t.HelmChartContainer - [POD] hivemq-test-hivemq-platform-operator-6966f96d65-pmggq [799d8856-6bd4-4d4c-adfc-20f96dd6ff08] in helmextensionlicensesit-operator was MODIFIED
2025-01-28 23:55:45,575 INFO c.h.h.t.HelmChartContainer - [K3S] [replica_set.go:679] "Finished syncing" kind="ReplicaSet" key="helmextensionlicensesit-operator/hivemq-test-hivemq-platform-operator-6966f96d65" duration="5.433997ms"
2025-01-28 23:55:45,575 INFO c.h.h.t.HelmChartContainer - [K3S] [replica_set.go:679] "Finished syncing" kind="ReplicaSet" key="helmextensionlicensesit-operator/hivemq-test-hivemq-platform-operator-6966f96d65" duration="38.792µs"
2025-01-28 23:55:46,665 INFO c.h.h.testcontainer.LogWaiterUtil - TEST Waiting for log pattern on 'test-hivemq-platform-0': .*Extension "HiveMQ Enterprise Distributed Tracing Extension" version .* started successfully.
2025-01-28 23:55:46,666 INFO c.h.h.testcontainer.LogWaiterUtil - TEST Waiting for log pattern on 'test-hivemq-platform-0': .*License file tracing.elic is corrupt.
2025-01-28 23:55:46,736 DEBUG c.h.h.t.HelmChartContainer - Executing helm command: /bin/helm --kubeconfig /etc/rancher/k3s/k3s.yaml install test-hivemq-platform /charts/hivemq-platform --wait --timeout 5m0s --set image.repository=docker.io/hivemq --set image.tag=4.36.0 --set image.pullPolicy=Never --set nodes.resources.cpu=512m -f /files/distributed-tracing-extension-values.yaml --set license.create=true --set-file license.extensions.tracing.overrideLicense=/files/mock-extension-license.elic --namespace helmextensionlicensesit
2025-01-28 23:55:47,064 INFO c.h.h.t.HelmChartContainer - [hivemq-test-hivemq-platform] [hivemq-platform-operator] [799d8856] 23:55:47.062 [-373097727-pool-1-thread-2] WARN  i.m.p.PrometheusMeterRegistry - The meter (MeterId{name='operator.sdk.events.received', tags=[tag(action=ADDED),tag(event=ResourceEvent),tag(group=hivemq.com),tag(kind=HiveMQPlatform),tag(name=test-hivemq-platform),tag(namespace=helmextensionlicensesit),tag(scope=namespace),tag(version=v1)]}) registration has failed: Prometheus requires that all meters with the same name have the same set of tag keys. There is already an existing meter named 'operator.sdk.events.received' containing tag keys [event, group, kind, name, namespace, scope, version]. The meter you are attempting to register has keys [action, event, group, kind, name, namespace, scope, version]. Note that subsequent logs will be logged at debug level.
2025-01-28 23:55:47,567 INFO c.h.h.t.HelmChartContainer - [hivemq-test-hivemq-platform] [hivemq-platform-operator] [799d8856] 23:55:47.564 [pool-6-thread-3] DEBUG c.h.p.o.dependants.PodInfoConfigMap - [helmexte] Desired PodInfo ConfigMap (1 extensions) (1 enabled)
2025-01-28 23:55:47,567 INFO c.h.h.t.HelmChartContainer - [hivemq-test-hivemq-platform] [hivemq-platform-operator] [799d8856] 23:55:47.564 [pool-6-thread-3] DEBUG c.h.p.o.dependants.PodInfoConfigMap - [helmexte] Desired PodInfo ConfigMap (metrics port: 9399) (metrics path: /)
2025-01-28 23:55:47,567 INFO c.h.h.t.HelmChartContainer - [hivemq-test-hivemq-platform] [hivemq-platform-operator] [799d8856] 23:55:47.564 [pool-6-thread-3] DEBUG c.h.p.o.dependants.PodInfoConfigMap - [helmexte] Desired PodInfo ConfigMap (extension state hash: 1553907181)
2025-01-28 23:55:47,568 INFO c.h.h.t.HelmChartContainer - [hivemq-test-hivemq-platform] [hivemq-platform-operator] [799d8856] 23:55:47.566 [pool-6-thread-3] DEBUG c.h.p.o.dependants.PodInfoConfigMap - [helmexte] Create PodInfo ConfigMap
2025-01-28 23:55:47,666 INFO c.h.h.t.HelmChartContainer - [hivemq-test-hivemq-platform] [hivemq-platform-operator] [799d8856] 23:55:47.664 [pool-6-thread-5] DEBUG c.h.p.o.dependants.PodRoleResource - [helmexte] Create Role: Role(apiVersion=rbac.authorization.k8s.io/v1, kind=Role, metadata=ObjectMeta(annotations={meta.helm.sh/release-name=test-hivemq-platform, meta.helm.sh/release-namespace=helmextensionlicensesit}, creationTimestamp=null, deletionGracePeriodSeconds=null, deletionTimestamp=null, finalizers=[], generateName=null, generation=null, labels={helm.sh/chart=hivemq-platform-0.2.32, app.kubernetes.io/managed-by=Helm, app.kubernetes.io/name=hivemq-platform, hivemq-platform=test-hivemq-platform, app.kubernetes.io/instance=test-hivemq-platform, app.kubernetes.io/version=4.36.0}, managedFields=[], name=hivemq-platform-role-test-hivemq-platform, namespace=helmextensionlicensesit, ownerReferences=[OwnerReference(apiVersion=hivemq.com/v1, blockOwnerDeletion=null, controller=null, kind=HiveMQPlatform, name=test-hivemq-platform, uid=8526bc8e-696e-4905-bd72-f91eb8276deb, additionalProperties={})], resourceVersion=null, selfLink=null, uid=null, additionalProperties={}), rules=[PolicyRule(apiGroups=[], nonResourceURLs=[], resourceNames=[], resources=[pods], verbs=[get, patch, update], additionalProperties={})], additionalProperties={})
2025-01-28 23:55:47,775 INFO c.h.h.t.HelmChartContainer - [hivemq-test-hivemq-platform] [hivemq-platform-operator] [799d8856] 23:55:47.773 [pool-6-thread-7] DEBUG c.h.p.o.d.PodServiceAccountResource - [helmexte] Desired PodServiceAccountResource (serviceAccountName: hivemq-platform-pod-test-hivemq-platform)
2025-01-28 23:55:47,775 INFO c.h.h.t.HelmChartContainer - [hivemq-test-hivemq-platform] [hivemq-platform-operator] [799d8856] 23:55:47.774 [pool-6-thread-7] DEBUG c.h.p.o.d.PodServiceAccountResource - [helmexte] Create ServiceAccount 'hivemq-platform-pod-test-hivemq-platform'
2025-01-28 23:55:47,964 INFO c.h.h.t.HelmChartContainer - [hivemq-test-hivemq-platform] [hivemq-platform-operator] [799d8856] 23:55:47.962 [pool-6-thread-9] DEBUG c.h.p.o.d.PodRoleBindingResource - [helmexte] Create RoleBinding: RoleBinding(apiVersion=rbac.authorization.k8s.io/v1, kind=RoleBinding, metadata=ObjectMeta(annotations={meta.helm.sh/release-name=test-hivemq-platform, meta.helm.sh/release-namespace=helmextensionlicensesit}, creationTimestamp=null, deletionGracePeriodSeconds=null, deletionTimestamp=null, finalizers=[], generateName=null, generation=null, labels={helm.sh/chart=hivemq-platform-0.2.32, app.kubernetes.io/managed-by=Helm, app.kubernetes.io/name=hivemq-platform, hivemq-platform=test-hivemq-platform, app.kubernetes.io/instance=test-hivemq-platform, app.kubernetes.io/version=4.36.0}, managedFields=[], name=hivemq-platform-role-binding-test-hivemq-platform, namespace=helmextensionlicensesit, ownerReferences=[OwnerReference(apiVersion=hivemq.com/v1, blockOwnerDeletion=null, controller=null, kind=HiveMQPlatform, name=test-hivemq-platform, uid=8526bc8e-696e-4905-bd72-f91eb8276deb, additionalProperties={})], resourceVersion=null, selfLink=null, uid=null, additionalProperties={}), roleRef=RoleRef(apiGroup=rbac.authorization.k8s.io, kind=Role, name=hivemq-platform-role-test-hivemq-platform, additionalProperties={}), subjects=[Subject(apiGroup=null, kind=ServiceAccount, name=hivemq-platform-pod-test-hivemq-platform, namespace=helmextensionlicensesit, additionalProperties={})], additionalProperties={})
2025-01-28 23:55:48,059 INFO c.h.h.t.HelmChartContainer - [hivemq-test-hivemq-platform] [hivemq-platform-operator] [799d8856] 23:55:48.057 [ReconcilerExecutor-hivemq-controller-53] INFO  c.h.p.o.HiveMQPlatformReconciler - [helmexte] Reconciling HiveMQ Platform 'test-hivemq-platform' in namespace 'helmextensionlicensesit'
2025-01-28 23:55:48,059 INFO c.h.h.t.HelmChartContainer - [hivemq-test-hivemq-platform] [hivemq-platform-operator] [799d8856] 23:55:48.058 [ReconcilerExecutor-hivemq-controller-53] DEBUG c.h.p.o.HiveMQPlatformReconciler - [helmexte] Custom Resource Status CREATED - HiveMQ Platform was created (READY)
2025-01-28 23:55:48,059 INFO c.h.h.t.HelmChartContainer - [hivemq-test-hivemq-platform] [hivemq-platform-operator] [799d8856] 23:55:48.058 [ReconcilerExecutor-hivemq-controller-53] DEBUG c.h.p.o.HiveMQPlatformReconciler - [helmexte] Custom Resource Spec (replicas: 1) (extensions: 1)
2025-01-28 23:55:48,063 INFO c.h.h.t.HelmChartContainer - [hivemq-test-hivemq-platform] [hivemq-platform-operator] [799d8856] 23:55:48.062 [ReconcilerExecutor-hivemq-controller-53] INFO  c.h.p.o.h.HiveMQPlatformReconcilerBaseHandler - [helmexte] HiveMQ Platform is starting
2025-01-28 23:55:48,173 INFO c.h.h.t.HelmChartContainer - [hivemq-test-hivemq-platform] [hivemq-platform-operator] [799d8856] 23:55:48.172 [ReconcilerExecutor-hivemq-controller-53] DEBUG c.h.p.operator.event.EventSender - [helmexte] Creating K8s event hivemq-platform-starting: [Start] HiveMQ Platform is starting
2025-01-28 23:55:48,182 INFO c.h.h.t.HelmChartContainer - [EVENT] Normal [Start] HiveMQ Platform is starting [helmextensionlicensesit:test-hivemq-platform]
2025-01-28 23:55:48,263 INFO c.h.h.t.HelmChartContainer - [hivemq-test-hivemq-platform] [hivemq-platform-operator] [799d8856] 23:55:48.261 [ReconcilerExecutor-hivemq-controller-53] INFO  c.h.p.o.h.AbstractHiveMQReconcilerStateHandler - [helmexte] Update HiveMQ Platform Status (CREATED [READY] -> STARTING [READY]): HiveMQ Platform is starting
2025-01-28 23:55:48,276 DEBUG com.hivemq.helmcharts.util.K8sUtil - Comparing actual state 'STARTING' and waiting for 'RUNNING'
2025-01-28 23:55:58,368 INFO c.h.h.t.HelmChartContainer - [hivemq-test-hivemq-platform] [hivemq-platform-operator] [799d8856] 23:55:58.366 [pool-6-thread-12] DEBUG c.h.p.o.d.PlatformServiceResource - [helmexte] Desired Platform services (3 services)
2025-01-28 23:55:58,373 INFO c.h.h.t.HelmChartContainer - [hivemq-test-hivemq-platform] [hivemq-platform-operator] [799d8856] 23:55:58.369 [pool-6-thread-13] DEBUG c.h.p.o.dependants.PodInfoConfigMap - [helmexte] Desired PodInfo ConfigMap (1 extensions) (1 enabled)
2025-01-28 23:55:58,373 INFO c.h.h.t.HelmChartContainer - [hivemq-test-hivemq-platform] [hivemq-platform-operator] [799d8856] 23:55:58.371 [pool-6-thread-13] DEBUG c.h.p.o.dependants.PodInfoConfigMap - [helmexte] Desired PodInfo ConfigMap (metrics port: 9399) (metrics path: /)
2025-01-28 23:55:58,373 INFO c.h.h.t.HelmChartContainer - [hivemq-test-hivemq-platform] [hivemq-platform-operator] [799d8856] 23:55:58.371 [pool-6-thread-13] DEBUG c.h.p.o.dependants.PodInfoConfigMap - [helmexte] Desired PodInfo ConfigMap (extension state hash: 1553907181)
2025-01-28 23:55:58,374 INFO c.h.h.t.HelmChartContainer - [hivemq-test-hivemq-platform] [hivemq-platform-operator] [799d8856] 23:55:58.372 [pool-6-thread-17] DEBUG c.h.p.o.d.PodServiceAccountResource - [helmexte] Desired PodServiceAccountResource (serviceAccountName: hivemq-platform-pod-test-hivemq-platform)
2025-01-28 23:55:58,462 INFO c.h.h.t.HelmChartContainer - [hivemq-test-hivemq-platform] [hivemq-platform-operator] [799d8856] 23:55:58.459 [pool-6-thread-13] DEBUG c.h.p.o.dependants.PodInfoConfigMap - [helmexte] Update PodInfo ConfigMap
2025-01-28 23:55:58,467 INFO c.h.h.t.HelmChartContainer - [K3S] [alloc.go:330] "allocated clusterIPs" service="helmextensionlicensesit/hivemq-test-hivemq-platform-metrics-9399" clusterIPs={"IPv4":"10.43.22.12"}
2025-01-28 23:55:58,565 INFO c.h.h.t.HelmChartContainer - [K3S] [alloc.go:330] "allocated clusterIPs" service="helmextensionlicensesit/hivemq-test-hivemq-platform-cc-8080" clusterIPs={"IPv4":"10.43.3.223"}
2025-01-28 23:55:58,582 INFO c.h.h.t.HelmChartContainer - [K3S] [alloc.go:330] "allocated clusterIPs" service="helmextensionlicensesit/hivemq-test-hivemq-platform-mqtt-1883" clusterIPs={"IPv4":"10.43.66.158"}
2025-01-28 23:55:58,662 INFO c.h.h.t.HelmChartContainer - [hivemq-test-hivemq-platform] [hivemq-platform-operator] [799d8856] 23:55:58.660 [pool-6-thread-20] DEBUG c.h.p.o.d.StatefulSetResource - [helmexte] Desired StatefulSet (1 replicas) for status STARTING (READY)
2025-01-28 23:55:58,674 INFO c.h.h.t.HelmChartContainer - [hivemq-test-hivemq-platform] [hivemq-platform-operator] [799d8856] 23:55:58.673 [pool-6-thread-20] DEBUG c.h.p.o.d.StatefulSetResource - [helmexte] Create StatefulSet
2025-01-28 23:55:58,777 INFO c.h.h.t.HelmChartContainer - [hivemq-test-hivemq-platform] [hivemq-platform-operator] [799d8856] 23:55:58.775 [ReconcilerExecutor-hivemq-controller-64] INFO  c.h.p.o.HiveMQPlatformReconciler - [helmexte] Reconciling HiveMQ Platform 'test-hivemq-platform' in namespace 'helmextensionlicensesit'
2025-01-28 23:55:58,777 INFO c.h.h.t.HelmChartContainer - [hivemq-test-hivemq-platform] [hivemq-platform-operator] [799d8856] 23:55:58.775 [ReconcilerExecutor-hivemq-controller-64] DEBUG c.h.p.o.HiveMQPlatformReconciler - [helmexte] Custom Resource Status STARTING - HiveMQ Platform is starting (READY)
2025-01-28 23:55:58,779 INFO c.h.h.t.HelmChartContainer - [hivemq-test-hivemq-platform] [hivemq-platform-operator] [799d8856] 23:55:58.776 [ReconcilerExecutor-hivemq-controller-64] DEBUG c.h.p.o.HiveMQPlatformReconciler - [helmexte] Custom Resource Spec (replicas: 1) (extensions: 1)
2025-01-28 23:55:58,784 INFO c.h.h.t.HelmChartContainer - [POD] test-hivemq-platform-0 [8a51bc38-8970-46d0-beaa-16346b208934] in helmextensionlicensesit was ADDED
2025-01-28 23:55:58,784 INFO c.h.h.t.HelmChartContainer - [EVENT] Normal [SuccessfulCreate] create Pod test-hivemq-platform-0 in StatefulSet test-hivemq-platform successful [helmextensionlicensesit:test-hivemq-platform]
2025-01-28 23:55:58,787 INFO c.h.h.t.HelmChartContainer - [POD] test-hivemq-platform-0 [8a51bc38-8970-46d0-beaa-16346b208934] in helmextensionlicensesit was MODIFIED
2025-01-28 23:55:58,789 INFO c.h.h.t.HelmChartContainer - [EVENT] Normal [Scheduled] Successfully assigned helmextensionlicensesit/test-hivemq-platform-0 to 6701628649ec [helmextensionlicensesit:test-hivemq-platform-0]
2025-01-28 23:55:58,802 INFO c.h.h.t.HelmChartContainer - [POD] test-hivemq-platform-0 [8a51bc38-8970-46d0-beaa-16346b208934] in helmextensionlicensesit was MODIFIED
2025-01-28 23:55:58,863 INFO c.h.h.t.HelmChartContainer - [hivemq-test-hivemq-platform] [hivemq-platform-operator] [799d8856] 23:55:58.860 [ReconcilerExecutor-hivemq-controller-64] DEBUG c.h.p.o.HiveMQPlatformReconciler - [helmexte] StatefulSet Status (revision: null, replicas: 0, available: 0, ready: 0, current: 0, updated: 0)
2025-01-28 23:55:58,863 INFO c.h.h.t.HelmChartContainer - [hivemq-test-hivemq-platform] [hivemq-platform-operator] [799d8856] 23:55:58.860 [ReconcilerExecutor-hivemq-controller-64] DEBUG c.h.p.o.HiveMQPlatformReconciler - [helmexte] StatefulSet Spec (replicas: 1, init containers: 1, containers: 1, volumes: 5)
2025-01-28 23:55:58,954 INFO c.h.h.t.HelmChartContainer - [K3S] [reconciler_common.go:251] "operationExecutor.VerifyControllerAttachedVolume started for volume \"licenses\" (UniqueName: \"kubernetes.io/secret/8a51bc38-8970-46d0-beaa-16346b208934-licenses\") pod \"test-hivemq-platform-0\" (UID: \"8a51bc38-8970-46d0-beaa-16346b208934\") " pod="helmextensionlicensesit/test-hivemq-platform-0"
2025-01-28 23:55:58,954 INFO c.h.h.t.HelmChartContainer - [K3S] [reconciler_common.go:251] "operationExecutor.VerifyControllerAttachedVolume started for volume \"operator-init\" (UniqueName: \"kubernetes.io/empty-dir/8a51bc38-8970-46d0-beaa-16346b208934-operator-init\") pod \"test-hivemq-platform-0\" (UID: \"8a51bc38-8970-46d0-beaa-16346b208934\") " pod="helmextensionlicensesit/test-hivemq-platform-0"
2025-01-28 23:55:58,954 INFO c.h.h.t.HelmChartContainer - [K3S] [reconciler_common.go:251] "operationExecutor.VerifyControllerAttachedVolume started for volume \"kube-api-access-88lq9\" (UniqueName: \"kubernetes.io/projected/8a51bc38-8970-46d0-beaa-16346b208934-kube-api-access-88lq9\") pod \"test-hivemq-platform-0\" (UID: \"8a51bc38-8970-46d0-beaa-16346b208934\") " pod="helmextensionlicensesit/test-hivemq-platform-0"
2025-01-28 23:55:58,954 INFO c.h.h.t.HelmChartContainer - [K3S] [reconciler_common.go:251] "operationExecutor.VerifyControllerAttachedVolume started for volume \"extension-configuration-hivemq-distributed-tracing-extension\" (UniqueName: \"kubernetes.io/configmap/8a51bc38-8970-46d0-beaa-16346b208934-extension-configuration-hivemq-distributed-tracing-extension\") pod \"test-hivemq-platform-0\" (UID: \"8a51bc38-8970-46d0-beaa-16346b208934\") " pod="helmextensionlicensesit/test-hivemq-platform-0"
2025-01-28 23:55:58,954 INFO c.h.h.t.HelmChartContainer - [K3S] [reconciler_common.go:251] "operationExecutor.VerifyControllerAttachedVolume started for volume \"pod-info\" (UniqueName: \"kubernetes.io/configmap/8a51bc38-8970-46d0-beaa-16346b208934-pod-info\") pod \"test-hivemq-platform-0\" (UID: \"8a51bc38-8970-46d0-beaa-16346b208934\") " pod="helmextensionlicensesit/test-hivemq-platform-0"
2025-01-28 23:55:58,955 INFO c.h.h.t.HelmChartContainer - [K3S] [reconciler_common.go:251] "operationExecutor.VerifyControllerAttachedVolume started for volume \"broker-configuration\" (UniqueName: \"kubernetes.io/configmap/8a51bc38-8970-46d0-beaa-16346b208934-broker-configuration\") pod \"test-hivemq-platform-0\" (UID: \"8a51bc38-8970-46d0-beaa-16346b208934\") " pod="helmextensionlicensesit/test-hivemq-platform-0"
2025-01-28 23:55:58,965 INFO c.h.h.t.HelmChartContainer - [hivemq-test-hivemq-platform] [hivemq-platform-operator] [799d8856] 23:55:58.960 [ReconcilerExecutor-hivemq-controller-64] DEBUG c.h.p.o.h.HiveMQPlatformReconcilerErrorHandler - [helmexte] Pod 'test-hivemq-platform-0' phase Pending
2025-01-28 23:55:58,965 INFO c.h.h.t.HelmChartContainer - [hivemq-test-hivemq-platform] [hivemq-platform-operator] [799d8856] 23:55:58.961 [ReconcilerExecutor-hivemq-controller-64] DEBUG c.h.p.o.h.HiveMQPlatformReconcilerErrorHandler - [helmexte] Pod 'test-hivemq-platform-0' condition 'PodReadyToStartContainers': False
2025-01-28 23:55:58,965 INFO c.h.h.t.HelmChartContainer - [hivemq-test-hivemq-platform] [hivemq-platform-operator] [799d8856] 23:55:58.961 [ReconcilerExecutor-hivemq-controller-64] DEBUG c.h.p.o.h.HiveMQPlatformReconcilerErrorHandler - [helmexte] Pod 'test-hivemq-platform-0' condition 'Initialized': False
2025-01-28 23:55:58,965 INFO c.h.h.t.HelmChartContainer - [hivemq-test-hivemq-platform] [hivemq-platform-operator] [799d8856] 23:55:58.961 [ReconcilerExecutor-hivemq-controller-64] DEBUG c.h.p.o.h.HiveMQPlatformReconcilerErrorHandler - [helmexte] Pod 'test-hivemq-platform-0' condition 'Ready': False
2025-01-28 23:55:58,965 INFO c.h.h.t.HelmChartContainer - [hivemq-test-hivemq-platform] [hivemq-platform-operator] [799d8856] 23:55:58.961 [ReconcilerExecutor-hivemq-controller-64] DEBUG c.h.p.o.h.HiveMQPlatformReconcilerErrorHandler - [helmexte] Pod 'test-hivemq-platform-0' condition 'ContainersReady': False
2025-01-28 23:55:58,965 INFO c.h.h.t.HelmChartContainer - [hivemq-test-hivemq-platform] [hivemq-platform-operator] [799d8856] 23:55:58.961 [ReconcilerExecutor-hivemq-controller-64] DEBUG c.h.p.o.h.HiveMQPlatformReconcilerErrorHandler - [helmexte] Pod 'test-hivemq-platform-0' condition 'PodScheduled': True
2025-01-28 23:55:58,965 INFO c.h.h.t.HelmChartContainer - [hivemq-test-hivemq-platform] [hivemq-platform-operator] [799d8856] 23:55:58.961 [ReconcilerExecutor-hivemq-controller-64] DEBUG c.h.p.o.h.HiveMQPlatformReconcilerErrorHandler - [helmexte] Pod 'test-hivemq-platform-0' containerStatus 'hivemq' (started: false) (ready: false) (waiting: [PodInitializing] null)
2025-01-28 23:55:58,967 INFO c.h.h.t.HelmChartContainer - [hivemq-test-hivemq-platform] [hivemq-platform-operator] [799d8856] 23:55:58.965 [ReconcilerExecutor-hivemq-controller-64] INFO  c.h.p.o.h.HiveMQPlatformReconcilerBaseHandler - [helmexte] HiveMQ Platform is starting, 0 of 1 replicas are ready
2025-01-28 23:55:58,974 INFO c.h.h.t.HelmChartContainer - [hivemq-test-hivemq-platform] [hivemq-platform-operator] [799d8856] 23:55:58.971 [pool-6-thread-22] DEBUG c.h.p.o.d.PlatformServiceResource - [helmexte] Desired Platform services (3 services)
2025-01-28 23:55:59,065 INFO c.h.h.t.HelmChartContainer - [hivemq-test-hivemq-platform] [hivemq-platform-operator] [799d8856] 23:55:59.057 [pool-6-thread-23] DEBUG c.h.p.o.dependants.PodInfoConfigMap - [helmexte] Desired PodInfo ConfigMap (1 extensions) (1 enabled)
2025-01-28 23:55:59,065 INFO c.h.h.t.HelmChartContainer - [hivemq-test-hivemq-platform] [hivemq-platform-operator] [799d8856] 23:55:59.057 [pool-6-thread-23] DEBUG c.h.p.o.dependants.PodInfoConfigMap - [helmexte] Desired PodInfo ConfigMap (metrics port: 9399) (metrics path: /)
2025-01-28 23:55:59,065 INFO c.h.h.t.HelmChartContainer - [hivemq-test-hivemq-platform] [hivemq-platform-operator] [799d8856] 23:55:59.057 [pool-6-thread-23] DEBUG c.h.p.o.dependants.PodInfoConfigMap - [helmexte] Desired PodInfo ConfigMap (extension state hash: 1553907181)
2025-01-28 23:55:59,068 INFO c.h.h.t.HelmChartContainer - [hivemq-test-hivemq-platform] [hivemq-platform-operator] [799d8856] 23:55:59.065 [pool-6-thread-27] DEBUG c.h.p.o.d.PodServiceAccountResource - [helmexte] Desired PodServiceAccountResource (serviceAccountName: hivemq-platform-pod-test-hivemq-platform)
2025-01-28 23:55:59,076 INFO c.h.h.t.HelmChartContainer - [hivemq-test-hivemq-platform] [hivemq-platform-operator] [799d8856] 23:55:59.073 [pool-6-thread-30] DEBUG c.h.p.o.d.StatefulSetResource - [helmexte] Desired StatefulSet (1 replicas) for status STARTING (READY)
2025-01-28 23:55:59,164 INFO c.h.h.t.HelmChartContainer - [hivemq-test-hivemq-platform] [hivemq-platform-operator] [799d8856] 23:55:59.163 [ReconcilerExecutor-hivemq-controller-76] INFO  c.h.p.o.HiveMQPlatformReconciler - [helmexte] Reconciling HiveMQ Platform 'test-hivemq-platform' in namespace 'helmextensionlicensesit'
2025-01-28 23:55:59,166 INFO c.h.h.t.HelmChartContainer - [hivemq-test-hivemq-platform] [hivemq-platform-operator] [799d8856] 23:55:59.163 [ReconcilerExecutor-hivemq-controller-76] DEBUG c.h.p.o.HiveMQPlatformReconciler - [helmexte] Custom Resource Status STARTING - HiveMQ Platform is starting (READY)
2025-01-28 23:55:59,166 INFO c.h.h.t.HelmChartContainer - [hivemq-test-hivemq-platform] [hivemq-platform-operator] [799d8856] 23:55:59.164 [ReconcilerExecutor-hivemq-controller-76] DEBUG c.h.p.o.HiveMQPlatformReconciler - [helmexte] Custom Resource Spec (replicas: 1) (extensions: 1)
2025-01-28 23:55:59,168 INFO c.h.h.t.HelmChartContainer - [hivemq-test-hivemq-platform] [hivemq-platform-operator] [799d8856] 23:55:59.167 [ReconcilerExecutor-hivemq-controller-76] DEBUG c.h.p.o.HiveMQPlatformReconciler - [helmexte] StatefulSet Status (revision: test-hivemq-platform-6bcc7896c5, replicas: 1, available: 0, ready: 0, current: 1, updated: 1)
2025-01-28 23:55:59,169 INFO c.h.h.t.HelmChartContainer - [hivemq-test-hivemq-platform] [hivemq-platform-operator] [799d8856] 23:55:59.168 [ReconcilerExecutor-hivemq-controller-76] DEBUG c.h.p.o.HiveMQPlatformReconciler - [helmexte] StatefulSet Spec (replicas: 1, init containers: 1, containers: 1, volumes: 5)
2025-01-28 23:55:59,170 INFO c.h.h.t.HelmChartContainer - [hivemq-test-hivemq-platform] [hivemq-platform-operator] [799d8856] 23:55:59.169 [ReconcilerExecutor-hivemq-controller-76] DEBUG c.h.p.o.h.HiveMQPlatformReconcilerErrorHandler - [helmexte] Pod 'test-hivemq-platform-0' phase Pending
2025-01-28 23:55:59,171 INFO c.h.h.t.HelmChartContainer - [hivemq-test-hivemq-platform] [hivemq-platform-operator] [799d8856] 23:55:59.170 [ReconcilerExecutor-hivemq-controller-76] DEBUG c.h.p.o.h.HiveMQPlatformReconcilerErrorHandler - [helmexte] Pod 'test-hivemq-platform-0' condition 'PodReadyToStartContainers': False
2025-01-28 23:55:59,173 INFO c.h.h.t.HelmChartContainer - [hivemq-test-hivemq-platform] [hivemq-platform-operator] [799d8856] 23:55:59.170 [ReconcilerExecutor-hivemq-controller-76] DEBUG c.h.p.o.h.HiveMQPlatformReconcilerErrorHandler - [helmexte] Pod 'test-hivemq-platform-0' condition 'Initialized': False
2025-01-28 23:55:59,173 INFO c.h.h.t.HelmChartContainer - [hivemq-test-hivemq-platform] [hivemq-platform-operator] [799d8856] 23:55:59.170 [ReconcilerExecutor-hivemq-controller-76] DEBUG c.h.p.o.h.HiveMQPlatformReconcilerErrorHandler - [helmexte] Pod 'test-hivemq-platform-0' condition 'Ready': False
2025-01-28 23:55:59,173 INFO c.h.h.t.HelmChartContainer - [hivemq-test-hivemq-platform] [hivemq-platform-operator] [799d8856] 23:55:59.170 [ReconcilerExecutor-hivemq-controller-76] DEBUG c.h.p.o.h.HiveMQPlatformReconcilerErrorHandler - [helmexte] Pod 'test-hivemq-platform-0' condition 'ContainersReady': False
2025-01-28 23:55:59,173 INFO c.h.h.t.HelmChartContainer - [hivemq-test-hivemq-platform] [hivemq-platform-operator] [799d8856] 23:55:59.170 [ReconcilerExecutor-hivemq-controller-76] DEBUG c.h.p.o.h.HiveMQPlatformReconcilerErrorHandler - [helmexte] Pod 'test-hivemq-platform-0' condition 'PodScheduled': True
2025-01-28 23:55:59,173 INFO c.h.h.t.HelmChartContainer - [hivemq-test-hivemq-platform] [hivemq-platform-operator] [799d8856] 23:55:59.170 [ReconcilerExecutor-hivemq-controller-76] DEBUG c.h.p.o.h.HiveMQPlatformReconcilerErrorHandler - [helmexte] Pod 'test-hivemq-platform-0' containerStatus 'hivemq' (started: false) (ready: false) (waiting: [PodInitializing] null)
2025-01-28 23:55:59,173 INFO c.h.h.t.HelmChartContainer - [hivemq-test-hivemq-platform] [hivemq-platform-operator] [799d8856] 23:55:59.171 [ReconcilerExecutor-hivemq-controller-76] INFO  c.h.p.o.h.HiveMQPlatformReconcilerBaseHandler - [helmexte] HiveMQ Platform is starting, 0 of 1 replicas are ready
2025-01-28 23:55:59,187 INFO c.h.h.t.HelmChartContainer - [EVENT] Normal [Pulled] Container image "docker.io/hivemq/hivemq-platform-operator-init-test:snapshot" already present on machine [helmextensionlicensesit:test-hivemq-platform-0]
2025-01-28 23:55:59,303 INFO c.h.h.t.HelmChartContainer - [EVENT] Normal [Created] Created container: hivemq-platform-operator-init [helmextensionlicensesit:test-hivemq-platform-0]
2025-01-28 23:55:59,342 INFO c.h.h.t.HelmChartContainer - [EVENT] Normal [Started] Started container hivemq-platform-operator-init [helmextensionlicensesit:test-hivemq-platform-0]
2025-01-28 23:55:59,611 INFO c.h.h.t.HelmChartContainer - [POD] test-hivemq-platform-0 [8a51bc38-8970-46d0-beaa-16346b208934] in helmextensionlicensesit was MODIFIED
2025-01-28 23:55:59,630 INFO c.h.h.t.HelmChartContainer - [hivemq-test-hivemq-platform] [hivemq-platform-operator] [799d8856] 23:55:59.621 [pool-6-thread-32] DEBUG c.h.p.o.d.PlatformServiceResource - [helmexte] Desired Platform services (3 services)
2025-01-28 23:55:59,630 INFO c.h.h.t.HelmChartContainer - [hivemq-test-hivemq-platform] [hivemq-platform-operator] [799d8856] 23:55:59.626 [pool-6-thread-33] DEBUG c.h.p.o.dependants.PodInfoConfigMap - [helmexte] Desired PodInfo ConfigMap (1 extensions) (1 enabled)
2025-01-28 23:55:59,634 INFO c.h.h.t.HelmChartContainer - [hivemq-test-hivemq-platform] [hivemq-platform-operator] [799d8856] 23:55:59.630 [pool-6-thread-33] DEBUG c.h.p.o.dependants.PodInfoConfigMap - [helmexte] Desired PodInfo ConfigMap (metrics port: 9399) (metrics path: /)
2025-01-28 23:55:59,640 INFO c.h.h.t.HelmChartContainer - [hivemq-test-hivemq-platform] [hivemq-platform-operator] [799d8856] 23:55:59.638 [pool-6-thread-33] DEBUG c.h.p.o.dependants.PodInfoConfigMap - [helmexte] Desired PodInfo ConfigMap (extension state hash: 1553907181)
2025-01-28 23:55:59,642 INFO c.h.h.t.HelmChartContainer - [hivemq-test-hivemq-platform] [hivemq-platform-operator] [799d8856] 23:55:59.640 [pool-6-thread-37] DEBUG c.h.p.o.d.PodServiceAccountResource - [helmexte] Desired PodServiceAccountResource (serviceAccountName: hivemq-platform-pod-test-hivemq-platform)
2025-01-28 23:55:59,717 INFO c.h.h.t.HelmChartContainer - [hivemq-test-hivemq-platform] [hivemq-platform-operator] [799d8856] 23:55:59.714 [pool-6-thread-40] DEBUG c.h.p.o.d.StatefulSetResource - [helmexte] Desired StatefulSet (1 replicas) for status STARTING (READY)
2025-01-28 23:55:59,723 INFO c.h.h.t.HelmChartContainer - [hivemq-test-hivemq-platform] [hivemq-platform-operator] [799d8856] 23:55:59.720 [ReconcilerExecutor-hivemq-controller-87] INFO  c.h.p.o.HiveMQPlatformReconciler - [helmexte] Reconciling HiveMQ Platform 'test-hivemq-platform' in namespace 'helmextensionlicensesit'
2025-01-28 23:55:59,723 INFO c.h.h.t.HelmChartContainer - [hivemq-test-hivemq-platform] [hivemq-platform-operator] [799d8856] 23:55:59.720 [ReconcilerExecutor-hivemq-controller-87] DEBUG c.h.p.o.HiveMQPlatformReconciler - [helmexte] Custom Resource Status STARTING - HiveMQ Platform is starting (READY)
2025-01-28 23:55:59,723 INFO c.h.h.t.HelmChartContainer - [hivemq-test-hivemq-platform] [hivemq-platform-operator] [799d8856] 23:55:59.720 [ReconcilerExecutor-hivemq-controller-87] DEBUG c.h.p.o.HiveMQPlatformReconciler - [helmexte] Custom Resource Spec (replicas: 1) (extensions: 1)
2025-01-28 23:55:59,727 INFO c.h.h.t.HelmChartContainer - [hivemq-test-hivemq-platform] [hivemq-platform-operator] [799d8856] 23:55:59.725 [ReconcilerExecutor-hivemq-controller-87] DEBUG c.h.p.o.HiveMQPlatformReconciler - [helmexte] StatefulSet Status (revision: test-hivemq-platform-6bcc7896c5, replicas: 1, available: 0, ready: 0, current: 1, updated: 1)
2025-01-28 23:55:59,728 INFO c.h.h.t.HelmChartContainer - [hivemq-test-hivemq-platform] [hivemq-platform-operator] [799d8856] 23:55:59.726 [ReconcilerExecutor-hivemq-controller-87] DEBUG c.h.p.o.HiveMQPlatformReconciler - [helmexte] StatefulSet Spec (replicas: 1, init containers: 1, containers: 1, volumes: 5)
2025-01-28 23:55:59,761 INFO c.h.h.t.HelmChartContainer - [hivemq-test-hivemq-platform] [hivemq-platform-operator] [799d8856] 23:55:59.759 [ReconcilerExecutor-hivemq-controller-87] DEBUG c.h.p.o.h.HiveMQPlatformReconcilerErrorHandler - [helmexte] Pod 'test-hivemq-platform-0' phase Pending
2025-01-28 23:55:59,761 INFO c.h.h.t.HelmChartContainer - [hivemq-test-hivemq-platform] [hivemq-platform-operator] [799d8856] 23:55:59.759 [ReconcilerExecutor-hivemq-controller-87] DEBUG c.h.p.o.h.HiveMQPlatformReconcilerErrorHandler - [helmexte] Pod 'test-hivemq-platform-0' condition 'PodReadyToStartContainers': True
2025-01-28 23:55:59,761 INFO c.h.h.t.HelmChartContainer - [hivemq-test-hivemq-platform] [hivemq-platform-operator] [799d8856] 23:55:59.759 [ReconcilerExecutor-hivemq-controller-87] DEBUG c.h.p.o.h.HiveMQPlatformReconcilerErrorHandler - [helmexte] Pod 'test-hivemq-platform-0' condition 'Initialized': False
2025-01-28 23:55:59,761 INFO c.h.h.t.HelmChartContainer - [hivemq-test-hivemq-platform] [hivemq-platform-operator] [799d8856] 23:55:59.759 [ReconcilerExecutor-hivemq-controller-87] DEBUG c.h.p.o.h.HiveMQPlatformReconcilerErrorHandler - [helmexte] Pod 'test-hivemq-platform-0' condition 'Ready': False
2025-01-28 23:55:59,761 INFO c.h.h.t.HelmChartContainer - [hivemq-test-hivemq-platform] [hivemq-platform-operator] [799d8856] 23:55:59.759 [ReconcilerExecutor-hivemq-controller-87] DEBUG c.h.p.o.h.HiveMQPlatformReconcilerErrorHandler - [helmexte] Pod 'test-hivemq-platform-0' condition 'ContainersReady': False
2025-01-28 23:55:59,761 INFO c.h.h.t.HelmChartContainer - [hivemq-test-hivemq-platform] [hivemq-platform-operator] [799d8856] 23:55:59.759 [ReconcilerExecutor-hivemq-controller-87] DEBUG c.h.p.o.h.HiveMQPlatformReconcilerErrorHandler - [helmexte] Pod 'test-hivemq-platform-0' condition 'PodScheduled': True
2025-01-28 23:55:59,761 INFO c.h.h.t.HelmChartContainer - [hivemq-test-hivemq-platform] [hivemq-platform-operator] [799d8856] 23:55:59.759 [ReconcilerExecutor-hivemq-controller-87] DEBUG c.h.p.o.h.HiveMQPlatformReconcilerErrorHandler - [helmexte] Pod 'test-hivemq-platform-0' containerStatus 'hivemq' (started: false) (ready: false) (waiting: [PodInitializing] null)
2025-01-28 23:55:59,811 INFO c.h.h.t.HelmChartContainer - [hivemq-test-hivemq-platform] [hivemq-platform-operator] [799d8856] 23:55:59.810 [ReconcilerExecutor-hivemq-controller-87] INFO  c.h.p.o.h.HiveMQPlatformReconcilerBaseHandler - [helmexte] HiveMQ Platform is starting, 0 of 1 replicas are ready
2025-01-28 23:56:00,594 INFO c.h.h.t.HelmChartContainer - [EVENT] Normal [Pulled] Container image "docker.io/hivemq/hivemq4:4.36.0" already present on machine [helmextensionlicensesit:test-hivemq-platform-0]
2025-01-28 23:56:00,594 INFO c.h.h.t.HelmChartContainer - Received Pulled event for container hivemq in pod test-hivemq-platform-0 [8a51bc38-8970-46d0-beaa-16346b208934]
2025-01-28 23:56:00,603 INFO c.h.h.t.HelmChartContainer - [POD] test-hivemq-platform-0 [8a51bc38-8970-46d0-beaa-16346b208934] in helmextensionlicensesit was MODIFIED
2025-01-28 23:56:00,613 INFO c.h.h.t.HelmChartContainer - [hivemq-test-hivemq-platform] [hivemq-platform-operator] [799d8856] 23:56:00.609 [pool-6-thread-42] DEBUG c.h.p.o.d.PlatformServiceResource - [helmexte] Desired Platform services (3 services)
2025-01-28 23:56:00,615 INFO c.h.h.t.HelmChartContainer - [hivemq-test-hivemq-platform] [hivemq-platform-operator] [799d8856] 23:56:00.614 [pool-6-thread-43] DEBUG c.h.p.o.dependants.PodInfoConfigMap - [helmexte] Desired PodInfo ConfigMap (1 extensions) (1 enabled)
2025-01-28 23:56:00,615 INFO c.h.h.t.HelmChartContainer - [hivemq-test-hivemq-platform] [hivemq-platform-operator] [799d8856] 23:56:00.614 [pool-6-thread-43] DEBUG c.h.p.o.dependants.PodInfoConfigMap - [helmexte] Desired PodInfo ConfigMap (metrics port: 9399) (metrics path: /)
2025-01-28 23:56:00,615 INFO c.h.h.t.HelmChartContainer - [hivemq-test-hivemq-platform] [hivemq-platform-operator] [799d8856] 23:56:00.614 [pool-6-thread-43] DEBUG c.h.p.o.dependants.PodInfoConfigMap - [helmexte] Desired PodInfo ConfigMap (extension state hash: 1553907181)
2025-01-28 23:56:00,620 INFO c.h.h.t.HelmChartContainer - [hivemq-test-hivemq-platform] [hivemq-platform-operator] [799d8856] 23:56:00.617 [pool-6-thread-47] DEBUG c.h.p.o.d.PodServiceAccountResource - [helmexte] Desired PodServiceAccountResource (serviceAccountName: hivemq-platform-pod-test-hivemq-platform)
2025-01-28 23:56:00,663 INFO c.h.h.t.HelmChartContainer - [hivemq-test-hivemq-platform] [hivemq-platform-operator] [799d8856] 23:56:00.661 [pool-6-thread-50] DEBUG c.h.p.o.d.StatefulSetResource - [helmexte] Desired StatefulSet (1 replicas) for status STARTING (READY)
2025-01-28 23:56:00,717 INFO c.h.h.t.HelmChartContainer - [hivemq-test-hivemq-platform] [hivemq-platform-operator] [799d8856] 23:56:00.712 [ReconcilerExecutor-hivemq-controller-98] INFO  c.h.p.o.HiveMQPlatformReconciler - [helmexte] Reconciling HiveMQ Platform 'test-hivemq-platform' in namespace 'helmextensionlicensesit'
2025-01-28 23:56:00,717 INFO c.h.h.t.HelmChartContainer - [hivemq-test-hivemq-platform] [hivemq-platform-operator] [799d8856] 23:56:00.712 [ReconcilerExecutor-hivemq-controller-98] DEBUG c.h.p.o.HiveMQPlatformReconciler - [helmexte] Custom Resource Status STARTING - HiveMQ Platform is starting (READY)
2025-01-28 23:56:00,717 INFO c.h.h.t.HelmChartContainer - [hivemq-test-hivemq-platform] [hivemq-platform-operator] [799d8856] 23:56:00.712 [ReconcilerExecutor-hivemq-controller-98] DEBUG c.h.p.o.HiveMQPlatformReconciler - [helmexte] Custom Resource Spec (replicas: 1) (extensions: 1)
2025-01-28 23:56:00,717 INFO c.h.h.t.HelmChartContainer - [hivemq-test-hivemq-platform] [hivemq-platform-operator] [799d8856] 23:56:00.715 [ReconcilerExecutor-hivemq-controller-98] DEBUG c.h.p.o.HiveMQPlatformReconciler - [helmexte] StatefulSet Status (revision: test-hivemq-platform-6bcc7896c5, replicas: 1, available: 0, ready: 0, current: 1, updated: 1)
2025-01-28 23:56:00,718 INFO c.h.h.t.HelmChartContainer - [hivemq-test-hivemq-platform] [hivemq-platform-operator] [799d8856] 23:56:00.715 [ReconcilerExecutor-hivemq-controller-98] DEBUG c.h.p.o.HiveMQPlatformReconciler - [helmexte] StatefulSet Spec (replicas: 1, init containers: 1, containers: 1, volumes: 5)
2025-01-28 23:56:00,762 INFO c.h.h.t.HelmChartContainer - [hivemq-test-hivemq-platform] [hivemq-platform-operator] [799d8856] 23:56:00.759 [ReconcilerExecutor-hivemq-controller-98] DEBUG c.h.p.o.h.HiveMQPlatformReconcilerErrorHandler - [helmexte] Pod 'test-hivemq-platform-0' phase Pending
2025-01-28 23:56:00,762 INFO c.h.h.t.HelmChartContainer - [hivemq-test-hivemq-platform] [hivemq-platform-operator] [799d8856] 23:56:00.759 [ReconcilerExecutor-hivemq-controller-98] DEBUG c.h.p.o.h.HiveMQPlatformReconcilerErrorHandler - [helmexte] Pod 'test-hivemq-platform-0' condition 'PodReadyToStartContainers': True
2025-01-28 23:56:00,762 INFO c.h.h.t.HelmChartContainer - [hivemq-test-hivemq-platform] [hivemq-platform-operator] [799d8856] 23:56:00.759 [ReconcilerExecutor-hivemq-controller-98] DEBUG c.h.p.o.h.HiveMQPlatformReconcilerErrorHandler - [helmexte] Pod 'test-hivemq-platform-0' condition 'Initialized': True
2025-01-28 23:56:00,762 INFO c.h.h.t.HelmChartContainer - [hivemq-test-hivemq-platform] [hivemq-platform-operator] [799d8856] 23:56:00.759 [ReconcilerExecutor-hivemq-controller-98] DEBUG c.h.p.o.h.HiveMQPlatformReconcilerErrorHandler - [helmexte] Pod 'test-hivemq-platform-0' condition 'Ready': False
2025-01-28 23:56:00,762 INFO c.h.h.t.HelmChartContainer - [hivemq-test-hivemq-platform] [hivemq-platform-operator] [799d8856] 23:56:00.760 [ReconcilerExecutor-hivemq-controller-98] DEBUG c.h.p.o.h.HiveMQPlatformReconcilerErrorHandler - [helmexte] Pod 'test-hivemq-platform-0' condition 'ContainersReady': False
2025-01-28 23:56:00,762 INFO c.h.h.t.HelmChartContainer - [hivemq-test-hivemq-platform] [hivemq-platform-operator] [799d8856] 23:56:00.760 [ReconcilerExecutor-hivemq-controller-98] DEBUG c.h.p.o.h.HiveMQPlatformReconcilerErrorHandler - [helmexte] Pod 'test-hivemq-platform-0' condition 'PodScheduled': True
2025-01-28 23:56:00,763 INFO c.h.h.t.HelmChartContainer - [hivemq-test-hivemq-platform] [hivemq-platform-operator] [799d8856] 23:56:00.761 [ReconcilerExecutor-hivemq-controller-98] DEBUG c.h.p.o.h.HiveMQPlatformReconcilerErrorHandler - [helmexte] Pod 'test-hivemq-platform-0' containerStatus 'hivemq' (started: false) (ready: false) (waiting: [PodInitializing] null)
2025-01-28 23:56:00,764 INFO c.h.h.t.HelmChartContainer - [hivemq-test-hivemq-platform] [hivemq-platform-operator] [799d8856] 23:56:00.763 [ReconcilerExecutor-hivemq-controller-98] INFO  c.h.p.o.h.HiveMQPlatformReconcilerBaseHandler - [helmexte] HiveMQ Platform is starting, 0 of 1 replicas are ready
2025-01-28 23:56:01,856 INFO c.h.h.t.HelmChartContainer - [EVENT] Normal [Created] Created container: hivemq [helmextensionlicensesit:test-hivemq-platform-0]
2025-01-28 23:56:01,856 INFO c.h.h.t.HelmChartContainer - Received Created event for container hivemq in pod test-hivemq-platform-0 [8a51bc38-8970-46d0-beaa-16346b208934]
2025-01-28 23:56:02,608 INFO c.h.h.t.HelmChartContainer - [POD] test-hivemq-platform-0 [8a51bc38-8970-46d0-beaa-16346b208934] in helmextensionlicensesit was MODIFIED
2025-01-28 23:56:02,622 INFO c.h.h.t.HelmChartContainer - [hivemq-test-hivemq-platform] [hivemq-platform-operator] [799d8856] 23:56:02.618 [pool-6-thread-3] DEBUG c.h.p.o.d.PlatformServiceResource - [helmexte] Desired Platform services (3 services)
2025-01-28 23:56:02,623 INFO c.h.h.t.HelmChartContainer - [EVENT] Normal [Started] Started container hivemq [helmextensionlicensesit:test-hivemq-platform-0]
2025-01-28 23:56:02,623 INFO c.h.h.t.HelmChartContainer - Started log watcher for hivemq in pod test-hivemq-platform-0 [8a51bc38-8970-46d0-beaa-16346b208934]
2025-01-28 23:56:02,623 INFO c.h.h.t.HelmChartContainer - [test-hivemq-platform] [hivemq] [8a51bc38] Adding pre-installed HiveMQ Platform Operator extensions
2025-01-28 23:56:02,623 INFO c.h.h.t.HelmChartContainer - Received Started event for container hivemq in pod test-hivemq-platform-0 [8a51bc38-8970-46d0-beaa-16346b208934]
2025-01-28 23:56:02,623 INFO c.h.h.t.HelmChartContainer - [test-hivemq-platform] [hivemq] [8a51bc38] Running as user 10000
2025-01-28 23:56:02,623 INFO c.h.h.t.HelmChartContainer - [test-hivemq-platform] [hivemq] [8a51bc38] Starting HiveMQ Platform Operator Init
2025-01-28 23:56:02,628 INFO c.h.h.t.HelmChartContainer - [hivemq-test-hivemq-platform] [hivemq-platform-operator] [799d8856] 23:56:02.626 [pool-6-thread-10] DEBUG c.h.p.o.dependants.PodInfoConfigMap - [helmexte] Desired PodInfo ConfigMap (1 extensions) (1 enabled)
2025-01-28 23:56:02,628 INFO c.h.h.t.HelmChartContainer - [hivemq-test-hivemq-platform] [hivemq-platform-operator] [799d8856] 23:56:02.626 [pool-6-thread-10] DEBUG c.h.p.o.dependants.PodInfoConfigMap - [helmexte] Desired PodInfo ConfigMap (metrics port: 9399) (metrics path: /)
2025-01-28 23:56:02,628 INFO c.h.h.t.HelmChartContainer - [hivemq-test-hivemq-platform] [hivemq-platform-operator] [799d8856] 23:56:02.626 [pool-6-thread-10] DEBUG c.h.p.o.dependants.PodInfoConfigMap - [helmexte] Desired PodInfo ConfigMap (extension state hash: 1553907181)
2025-01-28 23:56:02,632 INFO c.h.h.t.HelmChartContainer - [hivemq-test-hivemq-platform] [hivemq-platform-operator] [799d8856] 23:56:02.630 [pool-6-thread-4] DEBUG c.h.p.o.d.PodServiceAccountResource - [helmexte] Desired PodServiceAccountResource (serviceAccountName: hivemq-platform-pod-test-hivemq-platform)
2025-01-28 23:56:02,712 INFO c.h.h.t.HelmChartContainer - [hivemq-test-hivemq-platform] [hivemq-platform-operator] [799d8856] 23:56:02.711 [pool-6-thread-2] DEBUG c.h.p.o.d.StatefulSetResource - [helmexte] Desired StatefulSet (1 replicas) for status STARTING (READY)
2025-01-28 23:56:02,718 INFO c.h.h.t.HelmChartContainer - [hivemq-test-hivemq-platform] [hivemq-platform-operator] [799d8856] 23:56:02.716 [ReconcilerExecutor-hivemq-controller-109] INFO  c.h.p.o.HiveMQPlatformReconciler - [helmexte] Reconciling HiveMQ Platform 'test-hivemq-platform' in namespace 'helmextensionlicensesit'
2025-01-28 23:56:02,720 INFO c.h.h.t.HelmChartContainer - [hivemq-test-hivemq-platform] [hivemq-platform-operator] [799d8856] 23:56:02.716 [ReconcilerExecutor-hivemq-controller-109] DEBUG c.h.p.o.HiveMQPlatformReconciler - [helmexte] Custom Resource Status STARTING - HiveMQ Platform is starting (READY)
2025-01-28 23:56:02,721 INFO c.h.h.t.HelmChartContainer - [hivemq-test-hivemq-platform] [hivemq-platform-operator] [799d8856] 23:56:02.716 [ReconcilerExecutor-hivemq-controller-109] DEBUG c.h.p.o.HiveMQPlatformReconciler - [helmexte] Custom Resource Spec (replicas: 1) (extensions: 1)
2025-01-28 23:56:02,723 INFO c.h.h.t.HelmChartContainer - [hivemq-test-hivemq-platform] [hivemq-platform-operator] [799d8856] 23:56:02.719 [ReconcilerExecutor-hivemq-controller-109] DEBUG c.h.p.o.HiveMQPlatformReconciler - [helmexte] StatefulSet Status (revision: test-hivemq-platform-6bcc7896c5, replicas: 1, available: 0, ready: 0, current: 1, updated: 1)
2025-01-28 23:56:02,723 INFO c.h.h.t.HelmChartContainer - [hivemq-test-hivemq-platform] [hivemq-platform-operator] [799d8856] 23:56:02.719 [ReconcilerExecutor-hivemq-controller-109] DEBUG c.h.p.o.HiveMQPlatformReconciler - [helmexte] StatefulSet Spec (replicas: 1, init containers: 1, containers: 1, volumes: 5)
2025-01-28 23:56:02,723 INFO c.h.h.t.HelmChartContainer - [hivemq-test-hivemq-platform] [hivemq-platform-operator] [799d8856] 23:56:02.721 [ReconcilerExecutor-hivemq-controller-109] DEBUG c.h.p.o.h.HiveMQPlatformReconcilerErrorHandler - [helmexte] Pod 'test-hivemq-platform-0' phase Running
2025-01-28 23:56:02,723 INFO c.h.h.t.HelmChartContainer - [hivemq-test-hivemq-platform] [hivemq-platform-operator] [799d8856] 23:56:02.722 [ReconcilerExecutor-hivemq-controller-109] INFO  c.h.p.o.h.HiveMQPlatformReconcilerBaseHandler - [helmexte] HiveMQ Platform is starting, 0 of 1 replicas are ready
2025-01-28 23:56:03,092 INFO c.h.h.t.HelmChartContainer - [test-hivemq-platform] [hivemq] [8a51bc38] INFO  - [HiveMQ Platform Operator Init 1.7.0-SNAPSHOT] HiveMQ Platform Operator Init 1.7.0-SNAPSHOT (commit: bebf408 on branch: HEAD) built on Sun Jan 26 20:47:47 UTC 2025
2025-01-28 23:56:04,326 INFO c.h.h.t.HelmChartContainer - [test-hivemq-platform] [hivemq] [8a51bc38] INFO  - [HiveMQ Platform Operator Init App 1.7.0-SNAPSHOT] Using bind address 10.42.0.10 from environment variable
2025-01-28 23:56:05,208 INFO c.h.h.t.HelmChartContainer - [test-hivemq-platform] [hivemq] [8a51bc38] INFO  - [HiveMQ Platform Operator Init App 1.7.0-SNAPSHOT] HiveMQ Platform Operator Init App 1.7.0-SNAPSHOT (commit: bebf408 on branch: HEAD) built on Sun Jan 26 20:47:47 UTC 2025
2025-01-28 23:56:05,208 INFO c.h.h.t.HelmChartContainer - [test-hivemq-platform] [hivemq] [8a51bc38] INFO  - [HiveMQ Platform Operator Init App 1.7.0-SNAPSHOT] PodInfo ConfigMap directory: /etc/podinfo
2025-01-28 23:56:05,208 INFO c.h.h.t.HelmChartContainer - [test-hivemq-platform] [hivemq] [8a51bc38] INFO  - [HiveMQ Platform Operator Init App 1.7.0-SNAPSHOT] HiveMQ home directory: /opt/hivemq
2025-01-28 23:56:05,208 INFO c.h.h.t.HelmChartContainer - [test-hivemq-platform] [hivemq] [8a51bc38] INFO  - [HiveMQ Platform Operator Init App 1.7.0-SNAPSHOT] HiveMQ Logback folder: /opt/hivemq/conf
2025-01-28 23:56:05,208 INFO c.h.h.t.HelmChartContainer - [test-hivemq-platform] [hivemq] [8a51bc38] INFO  - [HiveMQ Platform Operator Init App 1.7.0-SNAPSHOT] HiveMQ Config folder: /opt/hivemq/conf-k8s
2025-01-28 23:56:05,209 INFO c.h.h.t.HelmChartContainer - [test-hivemq-platform] [hivemq] [8a51bc38] INFO  - [HiveMQ Platform Operator Init App 1.7.0-SNAPSHOT] Starting HiveMQ Platform Operator Init App
2025-01-28 23:56:05,209 INFO c.h.h.t.HelmChartContainer - [test-hivemq-platform] [hivemq] [8a51bc38] INFO  - [HiveMQ Platform Operator Init App 1.7.0-SNAPSHOT] Starting Pod reconciler
2025-01-28 23:56:06,584 INFO c.h.h.t.HelmChartContainer - [test-hivemq-platform] [hivemq] [8a51bc38] INFO  - [HiveMQ Platform Operator Init App 1.7.0-SNAPSHOT] Pod reconciler is scheduled (interval: 5000 ms)
2025-01-28 23:56:06,585 INFO c.h.h.t.HelmChartContainer - [test-hivemq-platform] [hivemq] [8a51bc38] INFO  - [HiveMQ Platform Operator Init App 1.7.0-SNAPSHOT] Starting the REST API on 10.42.0.10:7979
2025-01-28 23:56:06,587 INFO c.h.h.t.HelmChartContainer - [test-hivemq-platform] [hivemq] [8a51bc38] INFO  - [HiveMQ Platform Operator Init App 1.7.0-SNAPSHOT] Waiting up to 600s for at most 1 HiveMQ nodes in cluster service hivemq-test-hivemq-platform-cluster.helmextensionlicensesit.svc
2025-01-28 23:56:06,986 INFO c.h.h.t.HelmChartContainer - [test-hivemq-platform] [hivemq] [8a51bc38] INFO  - [HiveMQ Platform Operator Init App 1.7.0-SNAPSHOT] Resolved 1 IP addresses: [10.42.0.10]
2025-01-28 23:56:06,986 INFO c.h.h.t.HelmChartContainer - [test-hivemq-platform] [hivemq] [8a51bc38] INFO  - [HiveMQ Platform Operator Init App 1.7.0-SNAPSHOT] HiveMQ node count of 1 is within threshold of 1
2025-01-28 23:56:06,986 INFO c.h.h.t.HelmChartContainer - [test-hivemq-platform] [hivemq] [8a51bc38] INFO  - [HiveMQ Platform Operator Init App 1.7.0-SNAPSHOT] Proceeding with container start
2025-01-28 23:56:07,010 INFO c.h.h.t.HelmChartContainer - [test-hivemq-platform] [hivemq] [8a51bc38] INFO  - [HiveMQ Platform Operator Init App 1.7.0-SNAPSHOT] Initializing HiveMQ Platform extensions with initial configuration: {hivemq-distributed-tracing-extension={start-priority=-1, skip-https-hostname-verification=false, restart=false, config-version=1042, header-version=0, c-uri=, priority=-1, uri=preinstalled, skip-https-certificate-validation=false, enabled=true}, hivemq-prometheus-extension={skip-https-hostname-verification=false, skip-https-certificate-validation=false, uri=preinstalled, request-header-path=no-request-headers, enabled=true, restart=true, priority=-1, start-priority=-1, c-uri=}}
2025-01-28 23:56:07,492 INFO c.h.h.t.HelmChartContainer - [test-hivemq-platform] [hivemq] [8a51bc38] INFO  - [HiveMQ Platform Operator Init App 1.7.0-SNAPSHOT] Successfully enabled extension hivemq-distributed-tracing-extension
2025-01-28 23:56:07,588 INFO c.h.h.t.HelmChartContainer - [test-hivemq-platform] [hivemq] [8a51bc38] INFO  - [HiveMQ Platform Operator Init App 1.7.0-SNAPSHOT] Successfully enabled extension hivemq-prometheus-extension
2025-01-28 23:56:07,590 INFO c.h.h.t.HelmChartContainer - [test-hivemq-platform] [hivemq] [8a51bc38] INFO  - [HiveMQ Platform Operator Init App 1.7.0-SNAPSHOT] Starting HiveMQ Platform version 4.36.0 (4.36.0)
2025-01-28 23:56:07,591 INFO c.h.h.t.HelmChartContainer - [test-hivemq-platform] [hivemq] [8a51bc38] INFO  - [HiveMQ Platform Operator Init App 1.7.0-SNAPSHOT] Configuring the HiveMQ Platform
2025-01-28 23:56:07,686 INFO c.h.h.t.HelmChartContainer - [test-hivemq-platform] [hivemq] [8a51bc38] INFO  - [HiveMQ Platform Operator Init App 1.7.0-SNAPSHOT] Changed logback.xml file scan period to 20 seconds
2025-01-28 23:56:07,784 INFO c.h.h.t.HelmChartContainer - [test-hivemq-platform] [hivemq] [8a51bc38] INFO  - [HiveMQ Platform Operator Init App 1.7.0-SNAPSHOT] Starting the HiveMQ Platform
2025-01-28 23:56:07,788 INFO c.h.h.t.HelmChartContainer - [test-hivemq-platform] [hivemq] [8a51bc38] -------------------------------------------------------------------------
2025-01-28 23:56:07,788 INFO c.h.h.t.HelmChartContainer - [test-hivemq-platform] [hivemq] [8a51bc38] 
2025-01-28 23:56:07,789 INFO c.h.h.t.HelmChartContainer - [test-hivemq-platform] [hivemq] [8a51bc38]                   _    _  _              __  __   ____
2025-01-28 23:56:07,789 INFO c.h.h.t.HelmChartContainer - [test-hivemq-platform] [hivemq] [8a51bc38]                  | |  | |(_)            |  \/  | / __ \
2025-01-28 23:56:07,789 INFO c.h.h.t.HelmChartContainer - [test-hivemq-platform] [hivemq] [8a51bc38]                  | |__| | _ __   __ ___ | \  / || |  | |
2025-01-28 23:56:07,789 INFO c.h.h.t.HelmChartContainer - [test-hivemq-platform] [hivemq] [8a51bc38]                  |  __  || |\ \ / // _ \| |\/| || |  | |
2025-01-28 23:56:07,789 INFO c.h.h.t.HelmChartContainer - [test-hivemq-platform] [hivemq] [8a51bc38]                  | |  | || | \ V /|  __/| |  | || |__| |
2025-01-28 23:56:07,789 INFO c.h.h.t.HelmChartContainer - [test-hivemq-platform] [hivemq] [8a51bc38]                  |_|  |_||_|  \_/  \___||_|  |_| \___\_\
2025-01-28 23:56:07,789 INFO c.h.h.t.HelmChartContainer - [test-hivemq-platform] [hivemq] [8a51bc38] 
2025-01-28 23:56:07,789 INFO c.h.h.t.HelmChartContainer - [test-hivemq-platform] [hivemq] [8a51bc38] -------------------------------------------------------------------------
2025-01-28 23:56:07,789 INFO c.h.h.t.HelmChartContainer - [test-hivemq-platform] [hivemq] [8a51bc38] 
2025-01-28 23:56:07,789 INFO c.h.h.t.HelmChartContainer - [test-hivemq-platform] [hivemq] [8a51bc38]   HiveMQ Start Script for Linux/Unix v1.14
2025-01-28 23:56:07,789 INFO c.h.h.t.HelmChartContainer - [test-hivemq-platform] [hivemq] [8a51bc38] 
2025-01-28 23:56:07,888 INFO c.h.h.t.HelmChartContainer - [test-hivemq-platform] [hivemq] [8a51bc38] -------------------------------------------------------------------------
2025-01-28 23:56:07,888 INFO c.h.h.t.HelmChartContainer - [test-hivemq-platform] [hivemq] [8a51bc38] 
2025-01-28 23:56:07,888 INFO c.h.h.t.HelmChartContainer - [test-hivemq-platform] [hivemq] [8a51bc38]   HIVEMQ_HOME: /opt/hivemq
2025-01-28 23:56:07,888 INFO c.h.h.t.HelmChartContainer - [test-hivemq-platform] [hivemq] [8a51bc38] 
2025-01-28 23:56:07,888 INFO c.h.h.t.HelmChartContainer - [test-hivemq-platform] [hivemq] [8a51bc38]   JAVA_OPTS: -XX:+UnlockExperimentalVMOptions -XX:InitialRAMPercentage=50 -XX:MaxRAMPercentage=50 -Djava.net.preferIPv4Stack=true --add-opens java.base/java.lang=ALL-UNNAMED --add-opens java.base/java.nio=ALL-UNNAMED --add-opens java.base/sun.nio.ch=ALL-UNNAMED --add-opens jdk.management/com.sun.management.internal=ALL-UNNAMED --add-exports java.base/jdk.internal.misc=ALL-UNNAMED -Djava.security.egd=file:/dev/./urandom -Dcom.sun.management.jmxremote -Dcom.sun.management.jmxremote.port=9010 -Dcom.sun.management.jmxremote.local.only=false -Dcom.sun.management.jmxremote.authenticate=false -Dcom.sun.management.jmxremote.ssl=false -Duser.language=en -Duser.region=US -XX:+CrashOnOutOfMemoryError -XX:+HeapDumpOnOutOfMemoryError
2025-01-28 23:56:07,888 INFO c.h.h.t.HelmChartContainer - [test-hivemq-platform] [hivemq] [8a51bc38] 
2025-01-28 23:56:07,888 INFO c.h.h.t.HelmChartContainer - [test-hivemq-platform] [hivemq] [8a51bc38]   JAVA_VERSION: 21
2025-01-28 23:56:07,888 INFO c.h.h.t.HelmChartContainer - [test-hivemq-platform] [hivemq] [8a51bc38] 
2025-01-28 23:56:07,888 INFO c.h.h.t.HelmChartContainer - [test-hivemq-platform] [hivemq] [8a51bc38] -------------------------------------------------------------------------
2025-01-28 23:56:07,888 INFO c.h.h.t.HelmChartContainer - [test-hivemq-platform] [hivemq] [8a51bc38] 
2025-01-28 23:56:08,689 INFO c.h.h.t.HelmChartContainer - [test-hivemq-platform] [hivemq] [8a51bc38] INFO  - [HiveMQ Platform Operator Init App 1.7.0-SNAPSHOT] Returning default Health API response 503 for readiness
2025-01-28 23:56:09,192 INFO c.h.h.t.HelmChartContainer - [EVENT] Warning [Unhealthy] Readiness probe failed: HTTP probe failed with statuscode: 503 [helmextensionlicensesit:test-hivemq-platform-0]
2025-01-28 23:56:09,192 INFO c.h.h.t.HelmChartContainer - Received Unhealthy event for container hivemq in pod test-hivemq-platform-0 [8a51bc38-8970-46d0-beaa-16346b208934]
2025-01-28 23:56:10,690 INFO c.h.h.t.HelmChartContainer - [test-hivemq-platform] [hivemq] [8a51bc38] INFO  - Starting HiveMQ Enterprise Server
2025-01-28 23:56:10,696 INFO c.h.h.t.HelmChartContainer - [test-hivemq-platform] [hivemq] [8a51bc38] INFO  - HiveMQ version: 4.36.0
2025-01-28 23:56:10,697 INFO c.h.h.t.HelmChartContainer - [test-hivemq-platform] [hivemq] [8a51bc38] INFO  - HiveMQ home directory: /opt/hivemq
2025-01-28 23:56:10,697 INFO c.h.h.t.HelmChartContainer - [test-hivemq-platform] [hivemq] [8a51bc38] INFO  - Log Configuration was overridden by /opt/hivemq/conf/logback.xml
2025-01-28 23:56:12,482 INFO c.h.h.t.HelmChartContainer - [test-hivemq-platform] [hivemq] [8a51bc38] INFO  - Successfully loaded configuration from '/opt/hivemq/conf-k8s/config.xml'.
2025-01-28 23:56:12,728 INFO c.h.h.t.HelmChartContainer - [hivemq-test-hivemq-platform] [hivemq-platform-operator] [799d8856] 23:56:12.725 [pool-6-thread-16] DEBUG c.h.p.o.d.PlatformServiceResource - [helmexte] Desired Platform services (3 services)
2025-01-28 23:56:12,736 INFO c.h.h.t.HelmChartContainer - [hivemq-test-hivemq-platform] [hivemq-platform-operator] [799d8856] 23:56:12.733 [pool-6-thread-17] DEBUG c.h.p.o.d.PodServiceAccountResource - [helmexte] Desired PodServiceAccountResource (serviceAccountName: hivemq-platform-pod-test-hivemq-platform)
2025-01-28 23:56:12,736 INFO c.h.h.t.HelmChartContainer - [hivemq-test-hivemq-platform] [hivemq-platform-operator] [799d8856] 23:56:12.734 [pool-6-thread-14] DEBUG c.h.p.o.dependants.PodInfoConfigMap - [helmexte] Desired PodInfo ConfigMap (1 extensions) (1 enabled)
2025-01-28 23:56:12,736 INFO c.h.h.t.HelmChartContainer - [hivemq-test-hivemq-platform] [hivemq-platform-operator] [799d8856] 23:56:12.734 [pool-6-thread-14] DEBUG c.h.p.o.dependants.PodInfoConfigMap - [helmexte] Desired PodInfo ConfigMap (metrics port: 9399) (metrics path: /)
2025-01-28 23:56:12,736 INFO c.h.h.t.HelmChartContainer - [hivemq-test-hivemq-platform] [hivemq-platform-operator] [799d8856] 23:56:12.734 [pool-6-thread-14] DEBUG c.h.p.o.dependants.PodInfoConfigMap - [helmexte] Desired PodInfo ConfigMap (extension state hash: 1553907181)
2025-01-28 23:56:12,739 INFO c.h.h.t.HelmChartContainer - [hivemq-test-hivemq-platform] [hivemq-platform-operator] [799d8856] 23:56:12.738 [pool-6-thread-15] DEBUG c.h.p.o.d.StatefulSetResource - [helmexte] Desired StatefulSet (1 replicas) for status STARTING (READY)
2025-01-28 23:56:12,810 INFO c.h.h.t.HelmChartContainer - [hivemq-test-hivemq-platform] [hivemq-platform-operator] [799d8856] 23:56:12.809 [ReconcilerExecutor-hivemq-controller-110] INFO  c.h.p.o.HiveMQPlatformReconciler - [helmexte] Reconciling HiveMQ Platform 'test-hivemq-platform' in namespace 'helmextensionlicensesit'
2025-01-28 23:56:12,811 INFO c.h.h.t.HelmChartContainer - [hivemq-test-hivemq-platform] [hivemq-platform-operator] [799d8856] 23:56:12.810 [ReconcilerExecutor-hivemq-controller-110] DEBUG c.h.p.o.HiveMQPlatformReconciler - [helmexte] Custom Resource Status STARTING - HiveMQ Platform is starting (READY)
2025-01-28 23:56:12,812 INFO c.h.h.t.HelmChartContainer - [hivemq-test-hivemq-platform] [hivemq-platform-operator] [799d8856] 23:56:12.810 [ReconcilerExecutor-hivemq-controller-110] DEBUG c.h.p.o.HiveMQPlatformReconciler - [helmexte] Custom Resource Spec (replicas: 1) (extensions: 1)
2025-01-28 23:56:12,815 INFO c.h.h.t.HelmChartContainer - [hivemq-test-hivemq-platform] [hivemq-platform-operator] [799d8856] 23:56:12.813 [ReconcilerExecutor-hivemq-controller-110] DEBUG c.h.p.o.HiveMQPlatformReconciler - [helmexte] StatefulSet Status (revision: test-hivemq-platform-6bcc7896c5, replicas: 1, available: 0, ready: 0, current: 1, updated: 1)
2025-01-28 23:56:12,815 INFO c.h.h.t.HelmChartContainer - [hivemq-test-hivemq-platform] [hivemq-platform-operator] [799d8856] 23:56:12.813 [ReconcilerExecutor-hivemq-controller-110] DEBUG c.h.p.o.HiveMQPlatformReconciler - [helmexte] StatefulSet Spec (replicas: 1, init containers: 1, containers: 1, volumes: 5)
2025-01-28 23:56:12,815 INFO c.h.h.t.HelmChartContainer - [hivemq-test-hivemq-platform] [hivemq-platform-operator] [799d8856] 23:56:12.815 [ReconcilerExecutor-hivemq-controller-110] DEBUG c.h.p.o.h.HiveMQPlatformReconcilerErrorHandler - [helmexte] Pod 'test-hivemq-platform-0' phase Running
2025-01-28 23:56:12,817 INFO c.h.h.t.HelmChartContainer - [hivemq-test-hivemq-platform] [hivemq-platform-operator] [799d8856] 23:56:12.816 [ReconcilerExecutor-hivemq-controller-110] INFO  c.h.p.o.h.HiveMQPlatformReconcilerBaseHandler - [helmexte] HiveMQ Platform is starting, 0 of 1 replicas are ready
2025-01-28 23:56:13,389 INFO c.h.h.t.HelmChartContainer - [test-hivemq-platform] [hivemq] [8a51bc38] INFO  - This node's ID is BV9sp
2025-01-28 23:56:13,389 INFO c.h.h.t.HelmChartContainer - [test-hivemq-platform] [hivemq] [8a51bc38] INFO  - Clustering is enabled
2025-01-28 23:56:14,226 INFO c.h.h.t.HelmChartContainer - [test-hivemq-platform] [hivemq] [8a51bc38] WARN  - [HiveMQ Platform Operator Init App 1.7.0-SNAPSHOT] Cannot connect to Health API for readiness: null
2025-01-28 23:56:14,288 INFO c.h.h.t.HelmChartContainer - [EVENT] Warning [Unhealthy] Readiness probe failed: HTTP probe failed with statuscode: 503 [helmextensionlicensesit:test-hivemq-platform-0]
2025-01-28 23:56:14,288 INFO c.h.h.t.HelmChartContainer - Received Unhealthy event for container hivemq in pod test-hivemq-platform-0 [8a51bc38-8970-46d0-beaa-16346b208934]
2025-01-28 23:56:16,884 INFO c.h.h.t.HelmChartContainer - [test-hivemq-platform] [hivemq] [8a51bc38] Jan 28, 2025 11:56:16 PM io.vertx.core.impl.BlockedThreadChecker
2025-01-28 23:56:16,884 INFO c.h.h.t.HelmChartContainer - [test-hivemq-platform] [hivemq] [8a51bc38] WARNING: Thread Thread[vert.x-eventloop-thread-1,5,main] has been blocked for 2189 ms, time limit is 2000 ms
2025-01-28 23:56:17,784 INFO c.h.h.t.HelmChartContainer - [test-hivemq-platform] [hivemq] [8a51bc38] Jan 28, 2025 11:56:17 PM io.vertx.core.impl.BlockedThreadChecker
2025-01-28 23:56:17,784 INFO c.h.h.t.HelmChartContainer - [test-hivemq-platform] [hivemq] [8a51bc38] WARNING: Thread Thread[vert.x-eventloop-thread-1,5,main] has been blocked for 3189 ms, time limit is 2000 ms
2025-01-28 23:56:17,884 INFO c.h.h.t.HelmChartContainer - [test-hivemq-platform] [hivemq] [8a51bc38] INFO  - [HiveMQ Platform Operator Init App 1.7.0-SNAPSHOT] Updating Pod HiveMQ Platform Operator Init App version annotation (version: 1.7.0-SNAPSHOT)
2025-01-28 23:56:18,497 INFO c.h.h.t.HelmChartContainer - [POD] test-hivemq-platform-0 [8a51bc38-8970-46d0-beaa-16346b208934] in helmextensionlicensesit was MODIFIED
2025-01-28 23:56:18,503 INFO c.h.h.t.HelmChartContainer - [hivemq-test-hivemq-platform] [hivemq-platform-operator] [799d8856] 23:56:18.502 [pool-6-thread-26] DEBUG c.h.p.o.d.PlatformServiceResource - [helmexte] Desired Platform services (3 services)
2025-01-28 23:56:18,505 INFO c.h.h.t.HelmChartContainer - [hivemq-test-hivemq-platform] [hivemq-platform-operator] [799d8856] 23:56:18.504 [pool-6-thread-27] DEBUG c.h.p.o.dependants.PodInfoConfigMap - [helmexte] Desired PodInfo ConfigMap (1 extensions) (1 enabled)
2025-01-28 23:56:18,505 INFO c.h.h.t.HelmChartContainer - [hivemq-test-hivemq-platform] [hivemq-platform-operator] [799d8856] 23:56:18.504 [pool-6-thread-27] DEBUG c.h.p.o.dependants.PodInfoConfigMap - [helmexte] Desired PodInfo ConfigMap (metrics port: 9399) (metrics path: /)
2025-01-28 23:56:18,505 INFO c.h.h.t.HelmChartContainer - [hivemq-test-hivemq-platform] [hivemq-platform-operator] [799d8856] 23:56:18.504 [pool-6-thread-27] DEBUG c.h.p.o.dependants.PodInfoConfigMap - [helmexte] Desired PodInfo ConfigMap (extension state hash: 1553907181)
2025-01-28 23:56:18,506 INFO c.h.h.t.HelmChartContainer - [hivemq-test-hivemq-platform] [hivemq-platform-operator] [799d8856] 23:56:18.506 [pool-6-thread-28] DEBUG c.h.p.o.d.PodServiceAccountResource - [helmexte] Desired PodServiceAccountResource (serviceAccountName: hivemq-platform-pod-test-hivemq-platform)
2025-01-28 23:56:18,511 INFO c.h.h.t.HelmChartContainer - [hivemq-test-hivemq-platform] [hivemq-platform-operator] [799d8856] 23:56:18.511 [pool-6-thread-30] DEBUG c.h.p.o.d.StatefulSetResource - [helmexte] Desired StatefulSet (1 replicas) for status STARTING (READY)
2025-01-28 23:56:18,557 INFO c.h.h.t.HelmChartContainer - [hivemq-test-hivemq-platform] [hivemq-platform-operator] [799d8856] 23:56:18.556 [ReconcilerExecutor-hivemq-controller-111] INFO  c.h.p.o.HiveMQPlatformReconciler - [helmexte] Reconciling HiveMQ Platform 'test-hivemq-platform' in namespace 'helmextensionlicensesit'
2025-01-28 23:56:18,558 INFO c.h.h.t.HelmChartContainer - [hivemq-test-hivemq-platform] [hivemq-platform-operator] [799d8856] 23:56:18.557 [ReconcilerExecutor-hivemq-controller-111] DEBUG c.h.p.o.HiveMQPlatformReconciler - [helmexte] Custom Resource Status STARTING - HiveMQ Platform is starting (READY)
2025-01-28 23:56:18,558 INFO c.h.h.t.HelmChartContainer - [hivemq-test-hivemq-platform] [hivemq-platform-operator] [799d8856] 23:56:18.557 [ReconcilerExecutor-hivemq-controller-111] DEBUG c.h.p.o.HiveMQPlatformReconciler - [helmexte] Custom Resource Spec (replicas: 1) (extensions: 1)
2025-01-28 23:56:18,561 INFO c.h.h.t.HelmChartContainer - [hivemq-test-hivemq-platform] [hivemq-platform-operator] [799d8856] 23:56:18.560 [ReconcilerExecutor-hivemq-controller-111] DEBUG c.h.p.o.HiveMQPlatformReconciler - [helmexte] StatefulSet Status (revision: test-hivemq-platform-6bcc7896c5, replicas: 1, available: 0, ready: 0, current: 1, updated: 1)
2025-01-28 23:56:18,561 INFO c.h.h.t.HelmChartContainer - [hivemq-test-hivemq-platform] [hivemq-platform-operator] [799d8856] 23:56:18.560 [ReconcilerExecutor-hivemq-controller-111] DEBUG c.h.p.o.HiveMQPlatformReconciler - [helmexte] StatefulSet Spec (replicas: 1, init containers: 1, containers: 1, volumes: 5)
2025-01-28 23:56:18,562 INFO c.h.h.t.HelmChartContainer - [hivemq-test-hivemq-platform] [hivemq-platform-operator] [799d8856] 23:56:18.561 [ReconcilerExecutor-hivemq-controller-111] DEBUG c.h.p.o.h.HiveMQPlatformReconcilerErrorHandler - [helmexte] Pod 'test-hivemq-platform-0' phase Running
2025-01-28 23:56:18,564 INFO c.h.h.t.HelmChartContainer - [hivemq-test-hivemq-platform] [hivemq-platform-operator] [799d8856] 23:56:18.562 [ReconcilerExecutor-hivemq-controller-111] INFO  c.h.p.o.h.HiveMQPlatformReconcilerBaseHandler - [helmexte] HiveMQ Platform is starting, 0 of 1 replicas are ready
2025-01-28 23:56:18,590 INFO c.h.h.t.HelmChartContainer - [test-hivemq-platform] [hivemq] [8a51bc38] WARN  - [HiveMQ Platform Operator Init App 1.7.0-SNAPSHOT] Cannot connect to Health API for readiness: null
2025-01-28 23:56:18,593 INFO c.h.h.t.HelmChartContainer - [test-hivemq-platform] [hivemq] [8a51bc38] INFO  - [HiveMQ Platform Operator Init App 1.7.0-SNAPSHOT] Successfully updated Pod HiveMQ Platform Operator Init App version annotation (version: 1.7.0-SNAPSHOT)
2025-01-28 23:56:18,595 INFO c.h.h.t.HelmChartContainer - [EVENT] Warning [Unhealthy] Readiness probe failed: HTTP probe failed with statuscode: 503 [helmextensionlicensesit:test-hivemq-platform-0]
2025-01-28 23:56:18,596 INFO c.h.h.t.HelmChartContainer - Received Unhealthy event for container hivemq in pod test-hivemq-platform-0 [8a51bc38-8970-46d0-beaa-16346b208934]
2025-01-28 23:56:23,527 INFO c.h.h.t.HelmChartContainer - [test-hivemq-platform] [hivemq] [8a51bc38] WARN  - [HiveMQ Platform Operator Init App 1.7.0-SNAPSHOT] Cannot connect to Health API for readiness: null
2025-01-28 23:56:23,583 INFO c.h.h.t.HelmChartContainer - [EVENT] Warning [Unhealthy] Readiness probe failed: HTTP probe failed with statuscode: 503 [helmextensionlicensesit:test-hivemq-platform-0]
2025-01-28 23:56:23,583 INFO c.h.h.t.HelmChartContainer - Received Unhealthy event for container hivemq in pod test-hivemq-platform-0 [8a51bc38-8970-46d0-beaa-16346b208934]
2025-01-28 23:56:28,569 INFO c.h.h.t.HelmChartContainer - [hivemq-test-hivemq-platform] [hivemq-platform-operator] [799d8856] 23:56:28.567 [pool-6-thread-34] DEBUG c.h.p.o.d.PlatformServiceResource - [helmexte] Desired Platform services (3 services)
2025-01-28 23:56:28,571 INFO c.h.h.t.HelmChartContainer - [hivemq-test-hivemq-platform] [hivemq-platform-operator] [799d8856] 23:56:28.569 [pool-6-thread-39] DEBUG c.h.p.o.d.PodServiceAccountResource - [helmexte] Desired PodServiceAccountResource (serviceAccountName: hivemq-platform-pod-test-hivemq-platform)
2025-01-28 23:56:28,572 INFO c.h.h.t.HelmChartContainer - [hivemq-test-hivemq-platform] [hivemq-platform-operator] [799d8856] 23:56:28.569 [pool-6-thread-35] DEBUG c.h.p.o.dependants.PodInfoConfigMap - [helmexte] Desired PodInfo ConfigMap (1 extensions) (1 enabled)
2025-01-28 23:56:28,573 INFO c.h.h.t.HelmChartContainer - [hivemq-test-hivemq-platform] [hivemq-platform-operator] [799d8856] 23:56:28.571 [pool-6-thread-35] DEBUG c.h.p.o.dependants.PodInfoConfigMap - [helmexte] Desired PodInfo ConfigMap (metrics port: 9399) (metrics path: /)
2025-01-28 23:56:28,573 INFO c.h.h.t.HelmChartContainer - [hivemq-test-hivemq-platform] [hivemq-platform-operator] [799d8856] 23:56:28.571 [pool-6-thread-35] DEBUG c.h.p.o.dependants.PodInfoConfigMap - [helmexte] Desired PodInfo ConfigMap (extension state hash: 1553907181)
2025-01-28 23:56:28,578 INFO c.h.h.t.HelmChartContainer - [hivemq-test-hivemq-platform] [hivemq-platform-operator] [799d8856] 23:56:28.577 [pool-6-thread-34] DEBUG c.h.p.o.d.StatefulSetResource - [helmexte] Desired StatefulSet (1 replicas) for status STARTING (READY)
2025-01-28 23:56:28,587 INFO c.h.h.t.HelmChartContainer - [test-hivemq-platform] [hivemq] [8a51bc38] WARN  - [HiveMQ Platform Operator Init App 1.7.0-SNAPSHOT] Cannot connect to Health API for readiness: null
2025-01-28 23:56:28,594 INFO c.h.h.t.HelmChartContainer - [EVENT] Warning [Unhealthy] Readiness probe failed: HTTP probe failed with statuscode: 503 [helmextensionlicensesit:test-hivemq-platform-0]
2025-01-28 23:56:28,594 INFO c.h.h.t.HelmChartContainer - Received Unhealthy event for container hivemq in pod test-hivemq-platform-0 [8a51bc38-8970-46d0-beaa-16346b208934]
2025-01-28 23:56:28,660 INFO c.h.h.t.HelmChartContainer - [hivemq-test-hivemq-platform] [hivemq-platform-operator] [799d8856] 23:56:28.658 [ReconcilerExecutor-hivemq-controller-112] INFO  c.h.p.o.HiveMQPlatformReconciler - [helmexte] Reconciling HiveMQ Platform 'test-hivemq-platform' in namespace 'helmextensionlicensesit'
2025-01-28 23:56:28,660 INFO c.h.h.t.HelmChartContainer - [hivemq-test-hivemq-platform] [hivemq-platform-operator] [799d8856] 23:56:28.658 [ReconcilerExecutor-hivemq-controller-112] DEBUG c.h.p.o.HiveMQPlatformReconciler - [helmexte] Custom Resource Status STARTING - HiveMQ Platform is starting (READY)
2025-01-28 23:56:28,661 INFO c.h.h.t.HelmChartContainer - [hivemq-test-hivemq-platform] [hivemq-platform-operator] [799d8856] 23:56:28.658 [ReconcilerExecutor-hivemq-controller-112] DEBUG c.h.p.o.HiveMQPlatformReconciler - [helmexte] Custom Resource Spec (replicas: 1) (extensions: 1)
2025-01-28 23:56:28,663 INFO c.h.h.t.HelmChartContainer - [hivemq-test-hivemq-platform] [hivemq-platform-operator] [799d8856] 23:56:28.662 [ReconcilerExecutor-hivemq-controller-112] DEBUG c.h.p.o.HiveMQPlatformReconciler - [helmexte] StatefulSet Status (revision: test-hivemq-platform-6bcc7896c5, replicas: 1, available: 0, ready: 0, current: 1, updated: 1)
2025-01-28 23:56:28,664 INFO c.h.h.t.HelmChartContainer - [hivemq-test-hivemq-platform] [hivemq-platform-operator] [799d8856] 23:56:28.662 [ReconcilerExecutor-hivemq-controller-112] DEBUG c.h.p.o.HiveMQPlatformReconciler - [helmexte] StatefulSet Spec (replicas: 1, init containers: 1, containers: 1, volumes: 5)
2025-01-28 23:56:28,666 INFO c.h.h.t.HelmChartContainer - [hivemq-test-hivemq-platform] [hivemq-platform-operator] [799d8856] 23:56:28.665 [ReconcilerExecutor-hivemq-controller-112] DEBUG c.h.p.o.h.HiveMQPlatformReconcilerErrorHandler - [helmexte] Pod 'test-hivemq-platform-0' phase Running
2025-01-28 23:56:28,668 INFO c.h.h.t.HelmChartContainer - [hivemq-test-hivemq-platform] [hivemq-platform-operator] [799d8856] 23:56:28.666 [ReconcilerExecutor-hivemq-controller-112] INFO  c.h.p.o.h.HiveMQPlatformReconcilerBaseHandler - [helmexte] HiveMQ Platform is starting, 0 of 1 replicas are ready
2025-01-28 23:56:29,188 INFO c.h.h.t.HelmChartContainer - [test-hivemq-platform] [hivemq] [8a51bc38] WARN  - [HiveMQ Platform Operator Init App 1.7.0-SNAPSHOT] Cannot connect to Health API for liveness: null
2025-01-28 23:56:29,188 INFO c.h.h.t.HelmChartContainer - [test-hivemq-platform] [hivemq] [8a51bc38] INFO  - [HiveMQ Platform Operator Init App 1.7.0-SNAPSHOT] Returning default Health API response 200 for liveness
2025-01-28 23:56:30,551 INFO c.h.h.t.HelmChartContainer - [K3S] [INFO] COMPACT compactRev=0 targetCompactRev=2 currentRev=1116
2025-01-28 23:56:30,551 INFO c.h.h.t.HelmChartContainer - [K3S] [INFO] COMPACT deleted 0 rows from 2 revisions in 481.767µs - compacted to 2/1116
2025-01-28 23:56:30,551 INFO c.h.h.t.HelmChartContainer - [K3S] [INFO] COMPACT compacted from 0 to 2 in 1 transactions over 1ms
2025-01-28 23:56:32,097 INFO c.h.h.t.HelmChartContainer - [test-hivemq-platform] [hivemq] [8a51bc38] INFO  - No valid license file found. Using trial license, restricted to 25 connections.
2025-01-28 23:56:33,152 INFO c.h.h.t.HelmChartContainer - [K3S] [info.go:53] Couldn't collect info from any of the files in "/etc/machine-id,/var/lib/dbus/machine-id"
2025-01-28 23:56:33,583 INFO c.h.h.t.HelmChartContainer - [test-hivemq-platform] [hivemq] [8a51bc38] WARN  - [HiveMQ Platform Operator Init App 1.7.0-SNAPSHOT] Cannot connect to Health API for readiness: null
2025-01-28 23:56:33,591 INFO c.h.h.t.HelmChartContainer - [EVENT] Warning [Unhealthy] Readiness probe failed: HTTP probe failed with statuscode: 503 [helmextensionlicensesit:test-hivemq-platform-0]
2025-01-28 23:56:33,591 INFO c.h.h.t.HelmChartContainer - Received Unhealthy event for container hivemq in pod test-hivemq-platform-0 [8a51bc38-8970-46d0-beaa-16346b208934]
2025-01-28 23:56:37,128 INFO c.h.h.t.HelmChartContainer - [test-hivemq-platform] [hivemq] [8a51bc38] INFO  - No valid license file for Data Hub found. Using free license, restricted to 1 policy.
2025-01-28 23:56:38,586 INFO c.h.h.t.HelmChartContainer - [test-hivemq-platform] [hivemq] [8a51bc38] WARN  - [HiveMQ Platform Operator Init App 1.7.0-SNAPSHOT] Cannot connect to Health API for readiness: null
2025-01-28 23:56:38,589 INFO c.h.h.t.HelmChartContainer - [EVENT] Warning [Unhealthy] Readiness probe failed: HTTP probe failed with statuscode: 503 [helmextensionlicensesit:test-hivemq-platform-0]
2025-01-28 23:56:38,589 INFO c.h.h.t.HelmChartContainer - [test-hivemq-platform] [hivemq] [8a51bc38] INFO  - Audit Logger started.
2025-01-28 23:56:38,589 INFO c.h.h.t.HelmChartContainer - Received Unhealthy event for container hivemq in pod test-hivemq-platform-0 [8a51bc38-8970-46d0-beaa-16346b208934]
2025-01-28 23:56:38,676 INFO c.h.h.t.HelmChartContainer - [hivemq-test-hivemq-platform] [hivemq-platform-operator] [799d8856] 23:56:38.671 [pool-6-thread-42] DEBUG c.h.p.o.d.PlatformServiceResource - [helmexte] Desired Platform services (3 services)
2025-01-28 23:56:38,676 INFO c.h.h.t.HelmChartContainer - [hivemq-test-hivemq-platform] [hivemq-platform-operator] [799d8856] 23:56:38.672 [pool-6-thread-46] DEBUG c.h.p.o.d.PodServiceAccountResource - [helmexte] Desired PodServiceAccountResource (serviceAccountName: hivemq-platform-pod-test-hivemq-platform)
2025-01-28 23:56:38,677 INFO c.h.h.t.HelmChartContainer - [hivemq-test-hivemq-platform] [hivemq-platform-operator] [799d8856] 23:56:38.675 [pool-6-thread-47] DEBUG c.h.p.o.dependants.PodInfoConfigMap - [helmexte] Desired PodInfo ConfigMap (1 extensions) (1 enabled)
2025-01-28 23:56:38,677 INFO c.h.h.t.HelmChartContainer - [hivemq-test-hivemq-platform] [hivemq-platform-operator] [799d8856] 23:56:38.675 [pool-6-thread-47] DEBUG c.h.p.o.dependants.PodInfoConfigMap - [helmexte] Desired PodInfo ConfigMap (metrics port: 9399) (metrics path: /)
2025-01-28 23:56:38,677 INFO c.h.h.t.HelmChartContainer - [hivemq-test-hivemq-platform] [hivemq-platform-operator] [799d8856] 23:56:38.675 [pool-6-thread-47] DEBUG c.h.p.o.dependants.PodInfoConfigMap - [helmexte] Desired PodInfo ConfigMap (extension state hash: 1553907181)
2025-01-28 23:56:38,678 INFO c.h.h.t.HelmChartContainer - [hivemq-test-hivemq-platform] [hivemq-platform-operator] [799d8856] 23:56:38.677 [pool-6-thread-47] DEBUG c.h.p.o.d.StatefulSetResource - [helmexte] Desired StatefulSet (1 replicas) for status STARTING (READY)
2025-01-28 23:56:38,688 INFO c.h.h.t.HelmChartContainer - [hivemq-test-hivemq-platform] [hivemq-platform-operator] [799d8856] 23:56:38.687 [ReconcilerExecutor-hivemq-controller-113] INFO  c.h.p.o.HiveMQPlatformReconciler - [helmexte] Reconciling HiveMQ Platform 'test-hivemq-platform' in namespace 'helmextensionlicensesit'
2025-01-28 23:56:38,688 INFO c.h.h.t.HelmChartContainer - [hivemq-test-hivemq-platform] [hivemq-platform-operator] [799d8856] 23:56:38.687 [ReconcilerExecutor-hivemq-controller-113] DEBUG c.h.p.o.HiveMQPlatformReconciler - [helmexte] Custom Resource Status STARTING - HiveMQ Platform is starting (READY)
2025-01-28 23:56:38,688 INFO c.h.h.t.HelmChartContainer - [hivemq-test-hivemq-platform] [hivemq-platform-operator] [799d8856] 23:56:38.687 [ReconcilerExecutor-hivemq-controller-113] DEBUG c.h.p.o.HiveMQPlatformReconciler - [helmexte] Custom Resource Spec (replicas: 1) (extensions: 1)
2025-01-28 23:56:38,759 INFO c.h.h.t.HelmChartContainer - [hivemq-test-hivemq-platform] [hivemq-platform-operator] [799d8856] 23:56:38.757 [ReconcilerExecutor-hivemq-controller-113] DEBUG c.h.p.o.HiveMQPlatformReconciler - [helmexte] StatefulSet Status (revision: test-hivemq-platform-6bcc7896c5, replicas: 1, available: 0, ready: 0, current: 1, updated: 1)
2025-01-28 23:56:38,760 INFO c.h.h.t.HelmChartContainer - [hivemq-test-hivemq-platform] [hivemq-platform-operator] [799d8856] 23:56:38.758 [ReconcilerExecutor-hivemq-controller-113] DEBUG c.h.p.o.HiveMQPlatformReconciler - [helmexte] StatefulSet Spec (replicas: 1, init containers: 1, containers: 1, volumes: 5)
2025-01-28 23:56:38,760 INFO c.h.h.t.HelmChartContainer - [hivemq-test-hivemq-platform] [hivemq-platform-operator] [799d8856] 23:56:38.760 [ReconcilerExecutor-hivemq-controller-113] DEBUG c.h.p.o.h.HiveMQPlatformReconcilerErrorHandler - [helmexte] Pod 'test-hivemq-platform-0' phase Running
2025-01-28 23:56:38,762 INFO c.h.h.t.HelmChartContainer - [hivemq-test-hivemq-platform] [hivemq-platform-operator] [799d8856] 23:56:38.760 [ReconcilerExecutor-hivemq-controller-113] INFO  c.h.p.o.h.HiveMQPlatformReconcilerBaseHandler - [helmexte] HiveMQ Platform is starting, 0 of 1 replicas are ready
2025-01-28 23:56:38,915 INFO c.h.h.t.HelmChartContainer - [test-hivemq-platform] [hivemq] [8a51bc38] INFO  - This node uses '1' CPU cores.
2025-01-28 23:56:38,919 INFO c.h.h.t.HelmChartContainer - [test-hivemq-platform] [hivemq] [8a51bc38] INFO  - Starting HiveMQ Health API on address 0.0.0.0 and port 8889
2025-01-28 23:56:39,799 INFO c.h.h.t.HelmChartContainer - [test-hivemq-platform] [hivemq] [8a51bc38] INFO  - Started HiveMQ Health API in 878ms
2025-01-28 23:56:40,480 INFO c.h.h.t.HelmChartContainer - [test-hivemq-platform] [hivemq] [8a51bc38] INFO  - Starting HiveMQ extension system.
2025-01-28 23:56:42,531 INFO c.h.h.t.HelmChartContainer - [test-hivemq-platform] [hivemq] [8a51bc38] WARN  - License file tracing.elic is corrupt.
2025-01-28 23:56:42,531 INFO c.h.h.testcontainer.LogWaiterUtil - TEST Found log pattern on 'test-hivemq-platform-0': .*License file tracing.elic is corrupt.
2025-01-28 23:56:42,531 INFO c.h.h.t.HelmChartContainer - [test-hivemq-platform] [hivemq] [8a51bc38] INFO  - No license found for enterprise extension with name "HiveMQ Enterprise Distributed Tracing Extension". Entering extension trial mode. "HiveMQ Enterprise Distributed Tracing Extension" will be disabled in 5 hours.
2025-01-28 23:56:42,692 INFO c.h.h.t.HelmChartContainer - [test-hivemq-platform] [hivemq] [8a51bc38] INFO  - Starting extension with id "hivemq-dns-cluster-discovery" at /opt/hivemq/extensions/hivemq-dns-cluster-discovery
2025-01-28 23:56:43,127 INFO c.h.h.t.HelmChartContainer - [test-hivemq-platform] [hivemq] [8a51bc38] INFO  - Using TCP cluster transport on address 10.42.0.10 and port 7000
2025-01-28 23:56:43,184 INFO c.h.h.t.HelmChartContainer - [test-hivemq-platform] [hivemq] [8a51bc38] INFO  - Using extension cluster discovery
2025-01-28 23:56:43,285 INFO c.h.h.t.HelmChartContainer - [test-hivemq-platform] [hivemq] [8a51bc38] INFO  - Extension "DNS Cluster Discovery Extension" version 4.3.2 started successfully.
2025-01-28 23:56:43,285 INFO c.h.h.t.HelmChartContainer - [test-hivemq-platform] [hivemq] [8a51bc38] INFO  - Starting extension with id "hivemq-distributed-tracing-extension" at /opt/hivemq/extensions/hivemq-distributed-tracing-extension
2025-01-28 23:56:44,541 INFO c.h.h.t.HelmChartContainer - [EVENT] Warning [Unhealthy] Readiness probe failed: Get "http://10.42.0.10:7979/readiness": context deadline exceeded (Client.Timeout exceeded while awaiting headers) [helmextensionlicensesit:test-hivemq-platform-0]
2025-01-28 23:56:44,542 INFO c.h.h.t.HelmChartContainer - Received Unhealthy event for container hivemq in pod test-hivemq-platform-0 [8a51bc38-8970-46d0-beaa-16346b208934]
2025-01-28 23:56:44,983 INFO c.h.h.t.HelmChartContainer - [test-hivemq-platform] [hivemq] [8a51bc38] INFO  - [HiveMQ Platform Operator Init App 1.7.0-SNAPSHOT] Returning Health API response 503 for readiness
2025-01-28 23:56:46,286 INFO c.h.h.t.HelmChartContainer - [test-hivemq-platform] [hivemq] [8a51bc38] INFO  - HiveMQ Enterprise Distributed Tracing Extension: Successfully loaded configuration from '/opt/hivemq/extensions/hivemq-distributed-tracing-extension/conf/config.xml'.
2025-01-28 23:56:46,290 INFO c.h.h.t.HelmChartContainer - [test-hivemq-platform] [hivemq] [8a51bc38] INFO  - HiveMQ Enterprise Distributed Tracing Extension: Configured OTLP gRPC exporter 'my-otlp-grpc-exporter'.
2025-01-28 23:56:46,387 INFO c.h.h.t.HelmChartContainer - [test-hivemq-platform] [hivemq] [8a51bc38] INFO  - HiveMQ Enterprise Distributed Tracing Extension: Configured W3C trace propagation.
2025-01-28 23:56:46,389 INFO c.h.h.t.HelmChartContainer - [test-hivemq-platform] [hivemq] [8a51bc38] INFO  - Extension "HiveMQ Enterprise Distributed Tracing Extension" version 4.36.0 started successfully.
2025-01-28 23:56:46,389 INFO c.h.h.testcontainer.LogWaiterUtil - TEST Found log pattern on 'test-hivemq-platform-0': .*Extension "HiveMQ Enterprise Distributed Tracing Extension" version .* started successfully.
2025-01-28 23:56:46,389 INFO c.h.h.t.HelmChartContainer - [test-hivemq-platform] [hivemq] [8a51bc38] INFO  - Starting extension with id "hivemq-prometheus-extension" at /opt/hivemq/extensions/hivemq-prometheus-extension
2025-01-28 23:56:46,826 INFO c.h.h.t.HelmChartContainer - [test-hivemq-platform] [hivemq] [8a51bc38] INFO  - Started Jetty Server exposing Prometheus Servlet on URI http://0.0.0.0:9399/
2025-01-28 23:56:46,826 INFO c.h.h.t.HelmChartContainer - [test-hivemq-platform] [hivemq] [8a51bc38] INFO  - Extension "Prometheus Monitoring Extension" version 4.0.12 started successfully.
2025-01-28 23:56:46,826 INFO c.h.h.t.HelmChartContainer - [test-hivemq-platform] [hivemq] [8a51bc38] INFO  - Starting extension with id "hivemq-allow-all-extension" at /opt/hivemq/extensions/hivemq-allow-all-extension
2025-01-28 23:56:46,827 INFO c.h.h.t.HelmChartContainer - [test-hivemq-platform] [hivemq] [8a51bc38] WARN  - 
2025-01-28 23:56:46,827 INFO c.h.h.t.HelmChartContainer - [test-hivemq-platform] [hivemq] [8a51bc38] ################################################################################################################
2025-01-28 23:56:46,827 INFO c.h.h.t.HelmChartContainer - [test-hivemq-platform] [hivemq] [8a51bc38] # This HiveMQ deployment is not secure! You are lacking Authentication and Authorization.                      #
2025-01-28 23:56:46,827 INFO c.h.h.t.HelmChartContainer - [test-hivemq-platform] [hivemq] [8a51bc38] # Right now any MQTT client can connect to the broker with a full set of permissions.                          #
2025-01-28 23:56:46,827 INFO c.h.h.t.HelmChartContainer - [test-hivemq-platform] [hivemq] [8a51bc38] # For production usage, add an appropriate security extension and remove the hivemq-allow-all extension.       #
2025-01-28 23:56:46,827 INFO c.h.h.t.HelmChartContainer - [test-hivemq-platform] [hivemq] [8a51bc38] # You can download security extensions from the HiveMQ Marketplace (https://www.hivemq.com/extensions/).       #
2025-01-28 23:56:46,827 INFO c.h.h.t.HelmChartContainer - [test-hivemq-platform] [hivemq] [8a51bc38] ################################################################################################################
2025-01-28 23:56:46,827 INFO c.h.h.t.HelmChartContainer - [test-hivemq-platform] [hivemq] [8a51bc38] INFO  - Extension "Allow All Extension" version 1.1.1 started successfully.
2025-01-28 23:56:46,994 INFO c.h.h.t.HelmChartContainer - [test-hivemq-platform] [hivemq] [8a51bc38] INFO  - BV9sp: no members discovered after 3303 ms: creating cluster as first member
2025-01-28 23:56:47,000 INFO c.h.h.t.HelmChartContainer - [test-hivemq-platform] [hivemq] [8a51bc38] INFO  - Cluster nodes found by discovery: [BV9sp|0] (1) [BV9sp].
2025-01-28 23:56:47,095 INFO c.h.h.t.HelmChartContainer - [test-hivemq-platform] [hivemq] [8a51bc38] INFO  - Updated rules for sampling and tracing propagation.
2025-01-28 23:56:47,096 INFO c.h.h.t.HelmChartContainer - [test-hivemq-platform] [hivemq] [8a51bc38] INFO  - HiveMQ: Successfully loaded configuration from '/opt/hivemq/conf-k8s/tracing.xml'.
2025-01-28 23:56:47,181 INFO c.h.h.t.HelmChartContainer - [test-hivemq-platform] [hivemq] [8a51bc38] WARN  - No user for HiveMQ Control Center configured. Starting with default user
2025-01-28 23:56:47,182 INFO c.h.h.t.HelmChartContainer - [test-hivemq-platform] [hivemq] [8a51bc38] INFO  - Starting HiveMQ Control Center on address 0.0.0.0 and port 8080
2025-01-28 23:56:47,185 INFO c.h.h.t.HelmChartContainer - [test-hivemq-platform] [hivemq] [8a51bc38] INFO  - Mounting HiveMQ Control Center V2 Preview
2025-01-28 23:56:47,792 INFO c.h.h.t.HelmChartContainer - [test-hivemq-platform] [hivemq] [8a51bc38] INFO  - Started HiveMQ Control Center in 612ms
2025-01-28 23:56:47,807 INFO c.h.h.t.HelmChartContainer - [test-hivemq-platform] [hivemq] [8a51bc38] INFO  - Starting TCP listener on address 0.0.0.0 and port 1883
2025-01-28 23:56:47,891 INFO c.h.h.t.HelmChartContainer - [test-hivemq-platform] [hivemq] [8a51bc38] INFO  - Started TCP Listener on address 0.0.0.0 and on port 1883.
2025-01-28 23:56:47,892 INFO c.h.h.t.HelmChartContainer - [test-hivemq-platform] [hivemq] [8a51bc38] INFO  - Started HiveMQ in 37564ms
2025-01-28 23:56:48,502 INFO c.h.h.t.HelmChartContainer - [test-hivemq-platform] [hivemq] [8a51bc38] INFO  - [HiveMQ Platform Operator Init App 1.7.0-SNAPSHOT] Returning Health API response 200 for readiness
2025-01-28 23:56:48,521 INFO c.h.h.t.HelmChartContainer - [POD] test-hivemq-platform-0 [8a51bc38-8970-46d0-beaa-16346b208934] in helmextensionlicensesit was MODIFIED
2025-01-28 23:56:48,537 INFO c.h.h.t.HelmChartContainer - [hivemq-test-hivemq-platform] [hivemq-platform-operator] [799d8856] 23:56:48.523 [pool-6-thread-10] DEBUG c.h.p.o.d.PlatformServiceResource - [helmexte] Desired Platform services (3 services)
2025-01-28 23:56:48,537 INFO c.h.h.t.HelmChartContainer - [hivemq-test-hivemq-platform] [hivemq-platform-operator] [799d8856] 23:56:48.527 [pool-6-thread-10] DEBUG c.h.p.o.d.PodServiceAccountResource - [helmexte] Desired PodServiceAccountResource (serviceAccountName: hivemq-platform-pod-test-hivemq-platform)
2025-01-28 23:56:48,537 INFO c.h.h.t.HelmChartContainer - [hivemq-test-hivemq-platform] [hivemq-platform-operator] [799d8856] 23:56:48.525 [pool-6-thread-7] DEBUG c.h.p.o.dependants.PodInfoConfigMap - [helmexte] Desired PodInfo ConfigMap (1 extensions) (1 enabled)
2025-01-28 23:56:48,537 INFO c.h.h.t.HelmChartContainer - [hivemq-test-hivemq-platform] [hivemq-platform-operator] [799d8856] 23:56:48.528 [pool-6-thread-7] DEBUG c.h.p.o.dependants.PodInfoConfigMap - [helmexte] Desired PodInfo ConfigMap (metrics port: 9399) (metrics path: /)
2025-01-28 23:56:48,537 INFO c.h.h.t.HelmChartContainer - [hivemq-test-hivemq-platform] [hivemq-platform-operator] [799d8856] 23:56:48.528 [pool-6-thread-7] DEBUG c.h.p.o.dependants.PodInfoConfigMap - [helmexte] Desired PodInfo ConfigMap (extension state hash: 1553907181)
2025-01-28 23:56:48,537 INFO c.h.h.t.HelmChartContainer - [hivemq-test-hivemq-platform] [hivemq-platform-operator] [799d8856] 23:56:48.532 [pool-6-thread-8] DEBUG c.h.p.o.d.StatefulSetResource - [helmexte] Desired StatefulSet (1 replicas) for status STARTING (READY)
2025-01-28 23:56:48,610 INFO c.h.h.t.HelmChartContainer - [hivemq-test-hivemq-platform] [hivemq-platform-operator] [799d8856] 23:56:48.608 [ReconcilerExecutor-hivemq-controller-114] INFO  c.h.p.o.HiveMQPlatformReconciler - [helmexte] Reconciling HiveMQ Platform 'test-hivemq-platform' in namespace 'helmextensionlicensesit'
2025-01-28 23:56:48,611 INFO c.h.h.t.HelmChartContainer - [hivemq-test-hivemq-platform] [hivemq-platform-operator] [799d8856] 23:56:48.609 [ReconcilerExecutor-hivemq-controller-114] DEBUG c.h.p.o.HiveMQPlatformReconciler - [helmexte] Custom Resource Status STARTING - HiveMQ Platform is starting (READY)
2025-01-28 23:56:48,611 INFO c.h.h.t.HelmChartContainer - [hivemq-test-hivemq-platform] [hivemq-platform-operator] [799d8856] 23:56:48.609 [ReconcilerExecutor-hivemq-controller-114] DEBUG c.h.p.o.HiveMQPlatformReconciler - [helmexte] Custom Resource Spec (replicas: 1) (extensions: 1)
2025-01-28 23:56:48,614 INFO c.h.h.t.HelmChartContainer - [hivemq-test-hivemq-platform] [hivemq-platform-operator] [799d8856] 23:56:48.613 [ReconcilerExecutor-hivemq-controller-114] DEBUG c.h.p.o.HiveMQPlatformReconciler - [helmexte] StatefulSet Status (revision: test-hivemq-platform-6bcc7896c5, replicas: 1, available: 1, ready: 1, current: 1, updated: 1)
2025-01-28 23:56:48,615 INFO c.h.h.t.HelmChartContainer - [hivemq-test-hivemq-platform] [hivemq-platform-operator] [799d8856] 23:56:48.613 [ReconcilerExecutor-hivemq-controller-114] DEBUG c.h.p.o.HiveMQPlatformReconciler - [helmexte] StatefulSet Spec (replicas: 1, init containers: 1, containers: 1, volumes: 5)
2025-01-28 23:56:48,616 INFO c.h.h.t.HelmChartContainer - [hivemq-test-hivemq-platform] [hivemq-platform-operator] [799d8856] 23:56:48.615 [ReconcilerExecutor-hivemq-controller-114] DEBUG c.h.p.o.h.HiveMQPlatformReconcilerErrorHandler - [helmexte] Pod 'test-hivemq-platform-0' phase Running
2025-01-28 23:56:48,618 INFO c.h.h.t.HelmChartContainer - [hivemq-test-hivemq-platform] [hivemq-platform-operator] [799d8856] 23:56:48.617 [ReconcilerExecutor-hivemq-controller-114] INFO  c.h.p.o.h.HiveMQPlatformReconcilerBaseHandler - [helmexte] HiveMQ Platform started successfully
2025-01-28 23:56:48,722 INFO c.h.h.t.HelmChartContainer - [hivemq-test-hivemq-platform] [hivemq-platform-operator] [799d8856] 23:56:48.720 [ReconcilerExecutor-hivemq-controller-114] DEBUG c.h.p.operator.event.EventSender - [helmexte] Creating K8s event hivemq-platform-ready: [Ready] HiveMQ Platform is ready
2025-01-28 23:56:48,725 INFO c.h.h.t.HelmChartContainer - [EVENT] Normal [Ready] HiveMQ Platform is ready [helmextensionlicensesit:test-hivemq-platform]
2025-01-28 23:56:48,727 INFO c.h.h.t.HelmChartContainer - [hivemq-test-hivemq-platform] [hivemq-platform-operator] [799d8856] 23:56:48.726 [ReconcilerExecutor-hivemq-controller-114] INFO  c.h.p.o.h.AbstractHiveMQReconcilerStateHandler - [helmexte] Update HiveMQ Platform Status (STARTING [READY] -> RUNNING [READY]): HiveMQ Platform is ready
2025-01-28 23:56:48,737 DEBUG com.hivemq.helmcharts.util.K8sUtil - Comparing actual state 'RUNNING' and waiting for 'RUNNING'
2025-01-28 23:56:48,814 INFO c.h.h.t.HelmChartContainer - [hivemq-test-hivemq-platform] [hivemq-platform-operator] [799d8856] 23:56:48.812 [pool-6-thread-17] DEBUG c.h.p.o.d.PlatformServiceResource - [helmexte] Desired Platform services (3 services)
2025-01-28 23:56:48,818 INFO c.h.h.t.HelmChartContainer - [hivemq-test-hivemq-platform] [hivemq-platform-operator] [799d8856] 23:56:48.815 [pool-6-thread-19] DEBUG c.h.p.o.dependants.PodInfoConfigMap - [helmexte] Desired PodInfo ConfigMap (1 extensions) (1 enabled)
2025-01-28 23:56:48,818 INFO c.h.h.t.HelmChartContainer - [hivemq-test-hivemq-platform] [hivemq-platform-operator] [799d8856] 23:56:48.815 [pool-6-thread-19] DEBUG c.h.p.o.dependants.PodInfoConfigMap - [helmexte] Desired PodInfo ConfigMap (metrics port: 9399) (metrics path: /)
2025-01-28 23:56:48,818 INFO c.h.h.t.HelmChartContainer - [hivemq-test-hivemq-platform] [hivemq-platform-operator] [799d8856] 23:56:48.815 [pool-6-thread-19] DEBUG c.h.p.o.dependants.PodInfoConfigMap - [helmexte] Desired PodInfo ConfigMap (extension state hash: 1553907181)
2025-01-28 23:56:48,818 INFO c.h.h.t.HelmChartContainer - [hivemq-test-hivemq-platform] [hivemq-platform-operator] [799d8856] 23:56:48.815 [pool-6-thread-16] DEBUG c.h.p.o.d.PodServiceAccountResource - [helmexte] Desired PodServiceAccountResource (serviceAccountName: hivemq-platform-pod-test-hivemq-platform)
2025-01-28 23:56:48,818 INFO c.h.h.t.HelmChartContainer - [hivemq-test-hivemq-platform] [hivemq-platform-operator] [799d8856] 23:56:48.816 [pool-6-thread-19] DEBUG c.h.p.o.dependants.PodInfoConfigMap - [helmexte] Update PodInfo ConfigMap
2025-01-28 23:56:48,827 INFO c.h.h.t.HelmChartContainer - [hivemq-test-hivemq-platform] [hivemq-platform-operator] [799d8856] 23:56:48.826 [pool-6-thread-19] DEBUG c.h.p.o.d.StatefulSetResource - [helmexte] Desired StatefulSet (1 replicas) for status RUNNING (READY)
2025-01-28 23:56:48,913 INFO c.h.h.t.HelmChartContainer - [hivemq-test-hivemq-platform] [hivemq-platform-operator] [799d8856] 23:56:48.911 [ReconcilerExecutor-hivemq-controller-115] INFO  c.h.p.o.HiveMQPlatformReconciler - [helmexte] Reconciling HiveMQ Platform 'test-hivemq-platform' in namespace 'helmextensionlicensesit'
2025-01-28 23:56:48,913 INFO c.h.h.t.HelmChartContainer - [hivemq-test-hivemq-platform] [hivemq-platform-operator] [799d8856] 23:56:48.911 [ReconcilerExecutor-hivemq-controller-115] DEBUG c.h.p.o.HiveMQPlatformReconciler - [helmexte] Custom Resource Status RUNNING - HiveMQ Platform is ready (READY)
2025-01-28 23:56:48,914 INFO c.h.h.t.HelmChartContainer - [hivemq-test-hivemq-platform] [hivemq-platform-operator] [799d8856] 23:56:48.911 [ReconcilerExecutor-hivemq-controller-115] DEBUG c.h.p.o.HiveMQPlatformReconciler - [helmexte] Custom Resource Spec (replicas: 1) (extensions: 1)
2025-01-28 23:56:48,915 INFO c.h.h.t.HelmChartContainer - [hivemq-test-hivemq-platform] [hivemq-platform-operator] [799d8856] 23:56:48.914 [ReconcilerExecutor-hivemq-controller-115] DEBUG c.h.p.o.HiveMQPlatformReconciler - [helmexte] StatefulSet Status (revision: test-hivemq-platform-6bcc7896c5, replicas: 1, available: 1, ready: 1, current: 1, updated: 1)
2025-01-28 23:56:48,915 INFO c.h.h.t.HelmChartContainer - [hivemq-test-hivemq-platform] [hivemq-platform-operator] [799d8856] 23:56:48.914 [ReconcilerExecutor-hivemq-controller-115] DEBUG c.h.p.o.HiveMQPlatformReconciler - [helmexte] StatefulSet Spec (replicas: 1, init containers: 1, containers: 1, volumes: 5)
2025-01-28 23:56:48,917 INFO c.h.h.t.HelmChartContainer - [hivemq-test-hivemq-platform] [hivemq-platform-operator] [799d8856] 23:56:48.916 [ReconcilerExecutor-hivemq-controller-115] DEBUG c.h.p.o.h.HiveMQPlatformReconcilerErrorHandler - [helmexte] Pod 'test-hivemq-platform-0' phase Running
2025-01-28 23:56:54,758 INFO c.h.h.t.HelmChartContainer - Uninstalling release 'test-hivemq-platform' in namespace 'helmextensionlicensesit'...
2025-01-28 23:56:54,759 DEBUG c.h.h.t.HelmChartContainer - Executing helm command: /bin/helm --kubeconfig /etc/rancher/k3s/k3s.yaml uninstall test-hivemq-platform  --wait --timeout 5m0s --cascade foreground --namespace helmextensionlicensesit
2025-01-28 23:56:54,987 INFO c.h.h.t.HelmChartContainer - [hivemq-test-hivemq-platform] [hivemq-platform-operator] [799d8856] 23:56:54.976 [pool-6-thread-28] DEBUG c.h.p.o.d.PlatformServiceResource - [helmexte] Desired Platform services (3 services)
2025-01-28 23:56:54,987 INFO c.h.h.t.HelmChartContainer - [hivemq-test-hivemq-platform] [hivemq-platform-operator] [799d8856] 23:56:54.978 [pool-6-thread-21] DEBUG c.h.p.o.d.PodServiceAccountResource - [helmexte] Desired PodServiceAccountResource (serviceAccountName: hivemq-platform-pod-test-hivemq-platform)
2025-01-28 23:56:55,001 INFO c.h.h.t.HelmChartContainer - [hivemq-test-hivemq-platform] [hivemq-platform-operator] [799d8856] 23:56:54.982 [pool-6-thread-23] DEBUG c.h.p.o.dependants.PodInfoConfigMap - [helmexte] Desired PodInfo ConfigMap (1 extensions) (1 enabled)
2025-01-28 23:56:55,001 INFO c.h.h.t.HelmChartContainer - [hivemq-test-hivemq-platform] [hivemq-platform-operator] [799d8856] 23:56:54.982 [pool-6-thread-23] DEBUG c.h.p.o.dependants.PodInfoConfigMap - [helmexte] Desired PodInfo ConfigMap (metrics port: 9399) (metrics path: /)
2025-01-28 23:56:55,001 INFO c.h.h.t.HelmChartContainer - [hivemq-test-hivemq-platform] [hivemq-platform-operator] [799d8856] 23:56:54.983 [pool-6-thread-23] DEBUG c.h.p.o.dependants.PodInfoConfigMap - [helmexte] Desired PodInfo ConfigMap (extension state hash: 1553907181)
2025-01-28 23:56:55,001 INFO c.h.h.t.HelmChartContainer - [hivemq-test-hivemq-platform] [hivemq-platform-operator] [799d8856] 23:56:54.989 [pool-6-thread-21] DEBUG c.h.p.o.d.StatefulSetResource - [helmexte] Desired StatefulSet (1 replicas) for status RUNNING (READY)
2025-01-28 23:56:55,027 INFO c.h.h.t.HelmChartContainer - [hivemq-test-hivemq-platform] [hivemq-platform-operator] [799d8856] 23:56:55.017 [ReconcilerExecutor-hivemq-controller-116] INFO  c.h.p.o.HiveMQPlatformReconciler - [helmexte] Reconciling HiveMQ Platform 'test-hivemq-platform' in namespace 'helmextensionlicensesit'
2025-01-28 23:56:55,027 INFO c.h.h.t.HelmChartContainer - [hivemq-test-hivemq-platform] [hivemq-platform-operator] [799d8856] 23:56:55.017 [ReconcilerExecutor-hivemq-controller-116] DEBUG c.h.p.o.HiveMQPlatformReconciler - [helmexte] Custom Resource Status RUNNING - HiveMQ Platform is ready (READY)
2025-01-28 23:56:55,027 INFO c.h.h.t.HelmChartContainer - [hivemq-test-hivemq-platform] [hivemq-platform-operator] [799d8856] 23:56:55.017 [ReconcilerExecutor-hivemq-controller-116] DEBUG c.h.p.o.HiveMQPlatformReconciler - [helmexte] Custom Resource Spec (replicas: 1) (extensions: 1)
2025-01-28 23:56:55,039 INFO c.h.h.t.HelmChartContainer - [hivemq-test-hivemq-platform] [hivemq-platform-operator] [799d8856] 23:56:55.019 [ReconcilerExecutor-hivemq-controller-116] DEBUG c.h.p.o.HiveMQPlatformReconciler - [helmexte] StatefulSet Status (revision: test-hivemq-platform-6bcc7896c5, replicas: 1, available: 1, ready: 1, current: 1, updated: 1)
2025-01-28 23:56:55,039 INFO c.h.h.t.HelmChartContainer - [hivemq-test-hivemq-platform] [hivemq-platform-operator] [799d8856] 23:56:55.022 [ReconcilerExecutor-hivemq-controller-116] DEBUG c.h.p.o.HiveMQPlatformReconciler - [helmexte] StatefulSet Spec (replicas: 1, init containers: 1, containers: 1, volumes: 5)
2025-01-28 23:56:55,039 INFO c.h.h.t.HelmChartContainer - [hivemq-test-hivemq-platform] [hivemq-platform-operator] [799d8856] 23:56:55.024 [ReconcilerExecutor-hivemq-controller-116] DEBUG c.h.p.o.h.HiveMQPlatformReconcilerErrorHandler - [helmexte] Pod 'test-hivemq-platform-0' phase Running
2025-01-28 23:56:55,064 INFO c.h.h.t.HelmChartContainer - [hivemq-test-hivemq-platform] [hivemq-platform-operator] [799d8856] 23:56:55.060 [ReconcilerExecutor-hivemq-controller-117] INFO  c.h.p.o.HiveMQPlatformReconciler - [helmexte] Cleanup test-hivemq-platform - helmextensionlicensesit HiveMQ Platform is shut down
2025-01-28 23:56:55,840 INFO c.h.h.t.HelmChartContainer - [POD] test-hivemq-platform-0 [8a51bc38-8970-46d0-beaa-16346b208934] in helmextensionlicensesit was MODIFIED
2025-01-28 23:56:55,850 INFO c.h.h.t.HelmChartContainer - [EVENT] Normal [Killing] Stopping container hivemq [helmextensionlicensesit:test-hivemq-platform-0]
2025-01-28 23:56:55,850 INFO c.h.h.t.HelmChartContainer - Received Killing event for container hivemq in pod test-hivemq-platform-0 [8a51bc38-8970-46d0-beaa-16346b208934]
2025-01-28 23:56:55,850 INFO c.h.h.t.HelmChartContainer - Container [test-hivemq-platform-0] [hivemq] [8a51bc38-8970-46d0-beaa-16346b208934] was terminated
2025-01-28 23:56:55,850 INFO c.h.h.t.HelmChartContainer - Stopped log watcher for hivemq in pod test-hivemq-platform-0 [8a51bc38-8970-46d0-beaa-16346b208934]
2025-01-28 23:56:55,852 INFO c.h.h.t.HelmChartContainer - [test-hivemq-platform] [hivemq] [8a51bc38] INFO  - [HiveMQ Platform Operator Init App 1.7.0-SNAPSHOT] Shutting down
2025-01-28 23:56:55,852 INFO c.h.h.t.HelmChartContainer - [test-hivemq-platform] [hivemq] [8a51bc38] INFO  - [HiveMQ Platform Operator Init App 1.7.0-SNAPSHOT] Stopping the HiveMQ Platform
2025-01-28 23:56:55,981 INFO c.h.h.t.HelmChartContainer - [test-hivemq-platform] [hivemq] [8a51bc38] INFO  - Shutting down HiveMQ. Please wait, this could take a while...
2025-01-28 23:56:56,032 INFO c.h.h.t.HelmChartContainer - [test-hivemq-platform] [hivemq] [8a51bc38] INFO  - Shutting down listeners and clients
2025-01-28 23:56:56,034 INFO c.h.h.t.HelmChartContainer - [test-hivemq-platform] [hivemq] [8a51bc38] INFO  - Shutdown of listeners is done
2025-01-28 23:56:56,034 INFO c.h.h.t.HelmChartContainer - [test-hivemq-platform] [hivemq] [8a51bc38] INFO  - No clients are connected, proceeding with shutdown
2025-01-28 23:56:57,055 INFO c.h.h.t.HelmChartContainer - Deleting namespace 'helmextensionlicensesit'...
2025-01-28 23:56:58,487 INFO c.h.h.t.HelmChartContainer - [test-hivemq-platform] [hivemq] [8a51bc38] INFO  - Shutting down extension system
2025-01-28 23:56:58,490 INFO c.h.h.t.HelmChartContainer - [test-hivemq-platform] [hivemq] [8a51bc38] INFO  - Stopping extension with id hivemq-dns-cluster-discovery
2025-01-28 23:56:58,490 INFO c.h.h.t.HelmChartContainer - [test-hivemq-platform] [hivemq] [8a51bc38] INFO  - Extension "DNS Cluster Discovery Extension" version 4.3.2 stopped successfully.
2025-01-28 23:56:58,491 INFO c.h.h.t.HelmChartContainer - [test-hivemq-platform] [hivemq] [8a51bc38] INFO  - Stopping extension with id hivemq-distributed-tracing-extension
2025-01-28 23:56:58,492 INFO c.h.h.t.HelmChartContainer - [test-hivemq-platform] [hivemq] [8a51bc38] INFO  - Extension "HiveMQ Enterprise Distributed Tracing Extension" version 4.36.0 stopped successfully.
2025-01-28 23:56:58,493 INFO c.h.h.t.HelmChartContainer - [test-hivemq-platform] [hivemq] [8a51bc38] INFO  - Stopping extension with id hivemq-prometheus-extension
2025-01-28 23:56:58,498 INFO c.h.h.t.HelmChartContainer - [test-hivemq-platform] [hivemq] [8a51bc38] INFO  - [HiveMQ Platform Operator Init App 1.7.0-SNAPSHOT] Returning shutdown Health API response 503 for readiness
2025-01-28 23:56:58,500 INFO c.h.h.t.HelmChartContainer - [test-hivemq-platform] [hivemq] [8a51bc38] INFO  - Extension "Prometheus Monitoring Extension" version 4.0.12 stopped successfully.
2025-01-28 23:56:58,500 INFO c.h.h.t.HelmChartContainer - [test-hivemq-platform] [hivemq] [8a51bc38] INFO  - Stopping extension with id hivemq-allow-all-extension
2025-01-28 23:56:58,500 INFO c.h.h.t.HelmChartContainer - [test-hivemq-platform] [hivemq] [8a51bc38] INFO  - Extension "Allow All Extension" version 1.1.1 stopped successfully.
2025-01-28 23:56:58,505 INFO c.h.h.t.HelmChartContainer - [EVENT] Warning [Unhealthy] Readiness probe failed: HTTP probe failed with statuscode: 503 [helmextensionlicensesit:test-hivemq-platform-0]
2025-01-28 23:56:58,505 INFO c.h.h.t.HelmChartContainer - Received Unhealthy event for container hivemq in pod test-hivemq-platform-0 [8a51bc38-8970-46d0-beaa-16346b208934]
2025-01-28 23:56:58,910 INFO c.h.h.t.HelmChartContainer - [K3S] [authentication.go:74] "Unable to authenticate the request" err="[invalid bearer token, serviceaccounts \"hivemq-platform-pod-test-hivemq-platform\" not found]"
2025-01-28 23:56:58,928 INFO c.h.h.t.HelmChartContainer - [K3S] [authentication.go:74] "Unable to authenticate the request" err="[invalid bearer token, serviceaccounts \"hivemq-platform-pod-test-hivemq-platform\" not found]"
2025-01-28 23:56:58,991 INFO c.h.h.t.HelmChartContainer - [test-hivemq-platform] [hivemq] [8a51bc38] WARN  - [HiveMQ Platform Operator Init App 1.7.0-SNAPSHOT] Could not update Pod annotations: Failure executing: GET at: https://10.43.0.1:443/api/v1/namespaces/helmextensionlicensesit/pods/test-hivemq-platform-0. Message: Unauthorized. Received status: Status(apiVersion=v1, code=401, details=null, kind=Status, message=Unauthorized, metadata=ListMeta(_continue=null, remainingItemCount=null, resourceVersion=null, selfLink=null, additionalProperties={}), reason=Unauthorized, status=Failure, additionalProperties={}).
2025-01-28 23:57:00,936 INFO c.h.h.t.HelmChartContainer - [test-hivemq-platform] [hivemq] [8a51bc38] INFO  - Shutdown completed.
2025-01-28 23:57:01,296 INFO c.h.h.t.HelmChartContainer - [test-hivemq-platform] [hivemq] [8a51bc38] INFO  - [HiveMQ Platform Operator Init App 1.7.0-SNAPSHOT] The HiveMQ Platform exited with code 143
2025-01-28 23:57:01,296 INFO c.h.h.t.HelmChartContainer - [test-hivemq-platform] [hivemq] [8a51bc38] INFO  - [HiveMQ Platform Operator Init App 1.7.0-SNAPSHOT] Stopping the REST API
2025-01-28 23:57:01,329 INFO c.h.h.t.HelmChartContainer - [test-hivemq-platform] [hivemq] [8a51bc38] INFO  - [HiveMQ Platform Operator Init App 1.7.0-SNAPSHOT] Shutdown complete
2025-01-28 23:57:01,779 INFO c.h.h.t.HelmChartContainer - [POD] test-hivemq-platform-0 [8a51bc38-8970-46d0-beaa-16346b208934] in helmextensionlicensesit was MODIFIED
2025-01-28 23:57:01,779 INFO c.h.h.t.HelmChartContainer - [K3S] [stateful_set.go:438] "Unhandled Error" err="error syncing StatefulSet helmextensionlicensesit/test-hivemq-platform, requeuing: controllerrevisions.apps \"test-hivemq-platform-6bcc7896c5\" is forbidden: unable to create new content in namespace helmextensionlicensesit because it is being terminated"
2025-01-28 23:57:01,788 INFO c.h.h.t.HelmChartContainer - [K3S] [stateful_set.go:438] "Unhandled Error" err="error syncing StatefulSet helmextensionlicensesit/test-hivemq-platform, requeuing: controllerrevisions.apps \"test-hivemq-platform-6bcc7896c5\" is forbidden: unable to create new content in namespace helmextensionlicensesit because it is being terminated"
2025-01-28 23:57:01,803 INFO c.h.h.t.HelmChartContainer - [K3S] [stateful_set.go:438] "Unhandled Error" err="error syncing StatefulSet helmextensionlicensesit/test-hivemq-platform, requeuing: controllerrevisions.apps \"test-hivemq-platform-6bcc7896c5\" is forbidden: unable to create new content in namespace helmextensionlicensesit because it is being terminated"
2025-01-28 23:57:01,826 INFO c.h.h.t.HelmChartContainer - [K3S] [stateful_set.go:438] "Unhandled Error" err="error syncing StatefulSet helmextensionlicensesit/test-hivemq-platform, requeuing: controllerrevisions.apps \"test-hivemq-platform-6bcc7896c5\" is forbidden: unable to create new content in namespace helmextensionlicensesit because it is being terminated"
2025-01-28 23:57:01,870 INFO c.h.h.t.HelmChartContainer - [K3S] [stateful_set.go:438] "Unhandled Error" err="error syncing StatefulSet helmextensionlicensesit/test-hivemq-platform, requeuing: controllerrevisions.apps \"test-hivemq-platform-6bcc7896c5\" is forbidden: unable to create new content in namespace helmextensionlicensesit because it is being terminated"
2025-01-28 23:57:01,934 INFO c.h.h.t.HelmChartContainer - [K3S] [reconciler_common.go:162] "operationExecutor.UnmountVolume started for volume \"pod-info\" (UniqueName: \"kubernetes.io/configmap/8a51bc38-8970-46d0-beaa-16346b208934-pod-info\") pod \"8a51bc38-8970-46d0-beaa-16346b208934\" (UID: \"8a51bc38-8970-46d0-beaa-16346b208934\") "
2025-01-28 23:57:01,934 INFO c.h.h.t.HelmChartContainer - [K3S] [reconciler_common.go:162] "operationExecutor.UnmountVolume started for volume \"extension-configuration-hivemq-distributed-tracing-extension\" (UniqueName: \"kubernetes.io/configmap/8a51bc38-8970-46d0-beaa-16346b208934-extension-configuration-hivemq-distributed-tracing-extension\") pod \"8a51bc38-8970-46d0-beaa-16346b208934\" (UID: \"8a51bc38-8970-46d0-beaa-16346b208934\") "
2025-01-28 23:57:01,934 INFO c.h.h.t.HelmChartContainer - [K3S] [reconciler_common.go:162] "operationExecutor.UnmountVolume started for volume \"operator-init\" (UniqueName: \"kubernetes.io/empty-dir/8a51bc38-8970-46d0-beaa-16346b208934-operator-init\") pod \"8a51bc38-8970-46d0-beaa-16346b208934\" (UID: \"8a51bc38-8970-46d0-beaa-16346b208934\") "
2025-01-28 23:57:01,934 INFO c.h.h.t.HelmChartContainer - [K3S] [reconciler_common.go:162] "operationExecutor.UnmountVolume started for volume \"kube-api-access-88lq9\" (UniqueName: \"kubernetes.io/projected/8a51bc38-8970-46d0-beaa-16346b208934-kube-api-access-88lq9\") pod \"8a51bc38-8970-46d0-beaa-16346b208934\" (UID: \"8a51bc38-8970-46d0-beaa-16346b208934\") "
2025-01-28 23:57:01,934 INFO c.h.h.t.HelmChartContainer - [K3S] [reconciler_common.go:162] "operationExecutor.UnmountVolume started for volume \"licenses\" (UniqueName: \"kubernetes.io/secret/8a51bc38-8970-46d0-beaa-16346b208934-licenses\") pod \"8a51bc38-8970-46d0-beaa-16346b208934\" (UID: \"8a51bc38-8970-46d0-beaa-16346b208934\") "
2025-01-28 23:57:01,934 INFO c.h.h.t.HelmChartContainer - [K3S] [reconciler_common.go:162] "operationExecutor.UnmountVolume started for volume \"broker-configuration\" (UniqueName: \"kubernetes.io/configmap/8a51bc38-8970-46d0-beaa-16346b208934-broker-configuration\") pod \"8a51bc38-8970-46d0-beaa-16346b208934\" (UID: \"8a51bc38-8970-46d0-beaa-16346b208934\") "
2025-01-28 23:57:01,954 INFO c.h.h.t.HelmChartContainer - [K3S] [stateful_set.go:438] "Unhandled Error" err="error syncing StatefulSet helmextensionlicensesit/test-hivemq-platform, requeuing: controllerrevisions.apps \"test-hivemq-platform-6bcc7896c5\" is forbidden: unable to create new content in namespace helmextensionlicensesit because it is being terminated"
2025-01-28 23:57:02,035 INFO c.h.h.t.HelmChartContainer - [K3S] [reconciler_common.go:299] "Volume detached for volume \"licenses\" (UniqueName: \"kubernetes.io/secret/8a51bc38-8970-46d0-beaa-16346b208934-licenses\") on node \"6701628649ec\" DevicePath \"\""
2025-01-28 23:57:02,035 INFO c.h.h.t.HelmChartContainer - [K3S] [reconciler_common.go:299] "Volume detached for volume \"broker-configuration\" (UniqueName: \"kubernetes.io/configmap/8a51bc38-8970-46d0-beaa-16346b208934-broker-configuration\") on node \"6701628649ec\" DevicePath \"\""
2025-01-28 23:57:02,035 INFO c.h.h.t.HelmChartContainer - [K3S] [reconciler_common.go:299] "Volume detached for volume \"operator-init\" (UniqueName: \"kubernetes.io/empty-dir/8a51bc38-8970-46d0-beaa-16346b208934-operator-init\") on node \"6701628649ec\" DevicePath \"\""
2025-01-28 23:57:02,035 INFO c.h.h.t.HelmChartContainer - [K3S] [reconciler_common.go:299] "Volume detached for volume \"kube-api-access-88lq9\" (UniqueName: \"kubernetes.io/projected/8a51bc38-8970-46d0-beaa-16346b208934-kube-api-access-88lq9\") on node \"6701628649ec\" DevicePath \"\""
2025-01-28 23:57:02,035 INFO c.h.h.t.HelmChartContainer - [K3S] [reconciler_common.go:299] "Volume detached for volume \"pod-info\" (UniqueName: \"kubernetes.io/configmap/8a51bc38-8970-46d0-beaa-16346b208934-pod-info\") on node \"6701628649ec\" DevicePath \"\""
2025-01-28 23:57:02,035 INFO c.h.h.t.HelmChartContainer - [K3S] [reconciler_common.go:299] "Volume detached for volume \"extension-configuration-hivemq-distributed-tracing-extension\" (UniqueName: \"kubernetes.io/configmap/8a51bc38-8970-46d0-beaa-16346b208934-extension-configuration-hivemq-distributed-tracing-extension\") on node \"6701628649ec\" DevicePath \"\""
2025-01-28 23:57:02,088 INFO c.h.h.t.HelmChartContainer - [K3S] [stateful_set.go:466] "StatefulSet has been deleted" key="helmextensionlicensesit/test-hivemq-platform"
2025-01-28 23:57:02,116 INFO c.h.h.t.HelmChartContainer - [K3S] [stateful_set.go:466] "StatefulSet has been deleted" key="helmextensionlicensesit/test-hivemq-platform"
2025-01-28 23:57:02,213 INFO c.h.h.t.HelmChartContainer - [K3S] [namespace_controller.go:164] "Unhandled Error" err="deletion of namespace helmextensionlicensesit failed: unexpected items still remain in namespace: helmextensionlicensesit for gvr: /v1, Resource=pods"
2025-01-28 23:57:02,396 INFO c.h.h.t.HelmChartContainer - [K3S] [namespace_controller.go:164] "Unhandled Error" err="deletion of namespace helmextensionlicensesit failed: unexpected items still remain in namespace: helmextensionlicensesit for gvr: /v1, Resource=pods"
2025-01-28 23:57:02,498 INFO c.h.h.t.HelmChartContainer - [K3S] [namespace_controller.go:164] "Unhandled Error" err="deletion of namespace helmextensionlicensesit failed: unexpected items still remain in namespace: helmextensionlicensesit for gvr: /v1, Resource=pods"
2025-01-28 23:57:02,609 INFO c.h.h.t.HelmChartContainer - [K3S] [namespace_controller.go:164] "Unhandled Error" err="deletion of namespace helmextensionlicensesit failed: unexpected items still remain in namespace: helmextensionlicensesit for gvr: /v1, Resource=pods"
2025-01-28 23:57:02,685 INFO c.h.h.t.HelmChartContainer - [K3S] [scope.go:117] "RemoveContainer" containerID="d685d7aebfd73185ca7a38940c0d333ee3e4617c0a0a36919bd945c7effa8ea2"
2025-01-28 23:57:02,706 INFO c.h.h.t.HelmChartContainer - [K3S] [status_manager.go:946] "Failed to delete status for pod" pod="helmextensionlicensesit/test-hivemq-platform-0" err="pod \"test-hivemq-platform-0\" not found"
2025-01-28 23:57:02,706 INFO c.h.h.t.HelmChartContainer - [POD] test-hivemq-platform-0 [8a51bc38-8970-46d0-beaa-16346b208934] in helmextensionlicensesit was MODIFIED
2025-01-28 23:57:02,709 INFO c.h.h.t.HelmChartContainer - [POD] test-hivemq-platform-0 [8a51bc38-8970-46d0-beaa-16346b208934] in helmextensionlicensesit was DELETED
2025-01-28 23:57:02,782 INFO c.h.h.t.HelmChartContainer - Namespace 'helmextensionlicensesit' deleted
2025-01-28 23:57:02,782 INFO c.h.h.t.HelmChartContainer - Release 'test-hivemq-platform' in namespace 'helmextensionlicensesit' is uninstalled
2025-01-28 23:57:02,782 INFO c.h.h.t.HelmChartContainer - Uninstalling release 'test-hivemq-platform-operator' in namespace 'helmextensionlicensesit-operator'...
2025-01-28 23:57:02,782 DEBUG c.h.h.t.HelmChartContainer - Executing helm command: /bin/helm --kubeconfig /etc/rancher/k3s/k3s.yaml uninstall test-hivemq-platform-operator  --wait --timeout 5m0s --cascade foreground --namespace helmextensionlicensesit-operator
2025-01-28 23:57:02,816 INFO c.h.h.t.HelmChartContainer - [K3S] [scope.go:117] "RemoveContainer" containerID="e1e58d203a83ebb54ece33975b76bc6a7f73757d157a9c03f52413a6c7cc7b52"
2025-01-28 23:57:02,823 INFO c.h.h.t.HelmChartContainer - [K3S] [scope.go:117] "RemoveContainer" containerID="d685d7aebfd73185ca7a38940c0d333ee3e4617c0a0a36919bd945c7effa8ea2"
2025-01-28 23:57:02,823 INFO c.h.h.t.HelmChartContainer - [K3S] [scope.go:117] "RemoveContainer" containerID="e1e58d203a83ebb54ece33975b76bc6a7f73757d157a9c03f52413a6c7cc7b52"
2025-01-28 23:57:02,967 INFO c.h.h.t.HelmChartContainer - [K3S] [replica_set.go:679] "Finished syncing" kind="ReplicaSet" key="helmextensionlicensesit-operator/hivemq-test-hivemq-platform-operator-6966f96d65" duration="11.349672ms"
2025-01-28 23:57:02,967 INFO c.h.h.t.HelmChartContainer - [K3S] [replica_set.go:679] "Finished syncing" kind="ReplicaSet" key="helmextensionlicensesit-operator/hivemq-test-hivemq-platform-operator-6966f96d65" duration="39.524µs"
2025-01-28 23:57:02,988 INFO c.h.h.t.HelmChartContainer - [POD] hivemq-test-hivemq-platform-operator-6966f96d65-pmggq [799d8856-6bd4-4d4c-adfc-20f96dd6ff08] in helmextensionlicensesit-operator was MODIFIED
2025-01-28 23:57:02,988 INFO c.h.h.t.HelmChartContainer - [EVENT] Normal [Killing] Stopping container hivemq-platform-operator [helmextensionlicensesit-operator:hivemq-test-hivemq-platform-operator-6966f96d65-pmggq]
2025-01-28 23:57:02,989 INFO c.h.h.t.HelmChartContainer - Received Killing event for container hivemq-platform-operator in pod hivemq-test-hivemq-platform-operator-6966f96d65-pmggq [799d8856-6bd4-4d4c-adfc-20f96dd6ff08]
2025-01-28 23:57:02,989 INFO c.h.h.t.HelmChartContainer - Container [hivemq-test-hivemq-platform-operator-6966f96d65-pmggq] [hivemq-platform-operator] [799d8856-6bd4-4d4c-adfc-20f96dd6ff08] was terminated
2025-01-28 23:57:02,989 INFO c.h.h.t.HelmChartContainer - Stopped log watcher for hivemq-platform-operator in pod hivemq-test-hivemq-platform-operator-6966f96d65-pmggq [799d8856-6bd4-4d4c-adfc-20f96dd6ff08]
2025-01-28 23:57:02,990 INFO c.h.h.t.HelmChartContainer - [K3S] [replica_set.go:679] "Finished syncing" kind="ReplicaSet" key="helmextensionlicensesit-operator/hivemq-test-hivemq-platform-operator-6966f96d65" duration="5.850621ms"
2025-01-28 23:57:02,990 INFO c.h.h.t.HelmChartContainer - [K3S] [replica_set.go:679] "Finished syncing" kind="ReplicaSet" key="helmextensionlicensesit-operator/hivemq-test-hivemq-platform-operator-6966f96d65" duration="215.17µs"
2025-01-28 23:57:03,024 INFO c.h.h.t.HelmChartContainer - [hivemq-test-hivemq-platform] [hivemq-platform-operator] [799d8856] 23:57:03.023 [application-shutdown-thread] INFO  c.h.p.o.HiveMQPlatformOperatorApplication - HiveMQ Platform Operator is stopping...
2025-01-28 23:57:03,025 INFO c.h.h.t.HelmChartContainer - [hivemq-test-hivemq-platform] [hivemq-platform-operator] [799d8856] 23:57:03.023 [application-shutdown-thread] INFO  i.javaoperatorsdk.operator.Operator - Operator SDK 4.9.7 is shutting down...
2025-01-28 23:57:03,144 INFO c.h.h.t.HelmChartContainer - [K3S] [kubelet_volumes.go:163] "Cleaned up orphaned pod volumes dir" podUID="8a51bc38-8970-46d0-beaa-16346b208934" path="/var/lib/kubelet/pods/8a51bc38-8970-46d0-beaa-16346b208934/volumes"
2025-01-28 23:57:03,592 INFO c.h.h.t.HelmChartContainer - [K3S] [replica_set.go:679] "Finished syncing" kind="ReplicaSet" key="helmextensionlicensesit-operator/hivemq-test-hivemq-platform-operator-6966f96d65" duration="41.908µs"
2025-01-28 23:57:03,592 INFO c.h.h.t.HelmChartContainer - [POD] hivemq-test-hivemq-platform-operator-6966f96d65-pmggq [799d8856-6bd4-4d4c-adfc-20f96dd6ff08] in helmextensionlicensesit-operator was MODIFIED
2025-01-28 23:57:03,687 INFO c.h.h.t.HelmChartContainer - [K3S] [scope.go:117] "RemoveContainer" containerID="288c6e556721e881b9aef2a3c919049aa20b4d124b8b05bce50296bd0b490d48"
2025-01-28 23:57:03,690 INFO c.h.h.t.HelmChartContainer - [K3S] [scope.go:117] "RemoveContainer" containerID="288c6e556721e881b9aef2a3c919049aa20b4d124b8b05bce50296bd0b490d48"
2025-01-28 23:57:03,741 INFO c.h.h.t.HelmChartContainer - [K3S] [reconciler_common.go:162] "operationExecutor.UnmountVolume started for volume \"kube-api-access-6rtch\" (UniqueName: \"kubernetes.io/projected/799d8856-6bd4-4d4c-adfc-20f96dd6ff08-kube-api-access-6rtch\") pod \"799d8856-6bd4-4d4c-adfc-20f96dd6ff08\" (UID: \"799d8856-6bd4-4d4c-adfc-20f96dd6ff08\") "
2025-01-28 23:57:03,841 INFO c.h.h.t.HelmChartContainer - [K3S] [reconciler_common.go:299] "Volume detached for volume \"kube-api-access-6rtch\" (UniqueName: \"kubernetes.io/projected/799d8856-6bd4-4d4c-adfc-20f96dd6ff08-kube-api-access-6rtch\") on node \"6701628649ec\" DevicePath \"\""
2025-01-28 23:57:03,999 INFO c.h.h.t.HelmChartContainer - [POD] hivemq-test-hivemq-platform-operator-6966f96d65-pmggq [799d8856-6bd4-4d4c-adfc-20f96dd6ff08] in helmextensionlicensesit-operator was MODIFIED
2025-01-28 23:57:04,000 INFO c.h.h.t.HelmChartContainer - [K3S] [replica_set.go:679] "Finished syncing" kind="ReplicaSet" key="helmextensionlicensesit-operator/hivemq-test-hivemq-platform-operator-6966f96d65" duration="44.523µs"
2025-01-28 23:57:04,003 INFO c.h.h.t.HelmChartContainer - [K3S] [replica_set.go:679] "Finished syncing" kind="ReplicaSet" key="helmextensionlicensesit-operator/hivemq-test-hivemq-platform-operator-6966f96d65" duration="64.931µs"
2025-01-28 23:57:04,003 INFO c.h.h.t.HelmChartContainer - [POD] hivemq-test-hivemq-platform-operator-6966f96d65-pmggq [799d8856-6bd4-4d4c-adfc-20f96dd6ff08] in helmextensionlicensesit-operator was DELETED
2025-01-28 23:57:04,013 INFO c.h.h.t.HelmChartContainer - [K3S] [replica_set.go:679] "Finished syncing" kind="ReplicaSet" key="helmextensionlicensesit-operator/hivemq-test-hivemq-platform-operator-6966f96d65" duration="6.702µs"
2025-01-28 23:57:05,006 INFO c.h.h.t.HelmChartContainer - Deleting namespace 'helmextensionlicensesit-operator'...
2025-01-28 23:57:05,143 INFO c.h.h.t.HelmChartContainer - [K3S] [kubelet_volumes.go:163] "Cleaned up orphaned pod volumes dir" podUID="799d8856-6bd4-4d4c-adfc-20f96dd6ff08" path="/var/lib/kubelet/pods/799d8856-6bd4-4d4c-adfc-20f96dd6ff08/volumes"
2025-01-28 23:57:07,770 INFO c.h.h.t.HelmChartContainer - [K3S] [namespace_controller.go:187] "Namespace has been deleted" namespace="helmextensionlicensesit"
2025-01-28 23:57:10,224 INFO c.h.h.t.HelmChartContainer - Namespace 'helmextensionlicensesit-operator' deleted
2025-01-28 23:57:10,224 INFO c.h.h.t.HelmChartContainer - Release 'test-hivemq-platform-operator' in namespace 'helmextensionlicensesit-operator' is uninstalled
2025-01-28 23:57:10,976 INFO c.h.helmcharts.AbstractHelmChartIT - Removed unused containers:

2025-01-28 23:57:15,132 INFO c.h.h.t.HelmChartContainer - [K3S] [namespace_controller.go:187] "Namespace has been deleted" namespace="helmextensionlicensesit-operator"
2025-01-28 23:57:19,078 INFO c.h.helmcharts.AbstractHelmChartIT - Removed unused snapshots:
Removing snapshot sha256:03af251906410714c5aef9fa705b63f6bbc39c4a5e787de7361eeb18886c2ed2
Removing snapshot sha256:0c46b3b43cce082ce5ec34ffc6c294e0417d17b9d1e6f366d114b6aadc4f96dc
Removing snapshot sha256:0ce761beee59082d6ed5bcebd3a805b8ddd9b3426b617e4809e7fb7c6587ffec
Removing snapshot sha256:0df91287303208332c8ff6ba40ae4710105201739addbfbddfb955f1ad593664
Removing snapshot sha256:1021ef88c7974bfff89c5a0ec4fd3160daac6c48a075f74cff721f85dd104e68
Removing snapshot sha256:10aba4953ddc18145dd38e3704709bc464aa20af60b56fe52caaff4b68411e62
Removing snapshot sha256:2573e0d8158209ed54ab25c87bcdcb00bd3d2539246960a3d592a1c599d70465
Removing snapshot sha256:362a8a37f8bbc31925a8146adcf7cf51f9882f5c1dcbef67c5baa03a297543c0
Removing snapshot sha256:3fa4ad33f0ddc8fd45b39b6b4640f82a3a83619606cd975bfe89d8710ad2d4cd
Removing snapshot sha256:43a7c979bbaba6838bc3102d6b10a1459f3ab050b87ccdfef84ef90cf43d3058
Removing snapshot sha256:4ab04491cdf0d3267f08206fe30bd48f49f94b9cab2f016d6739220f722a64af
Removing snapshot sha256:4b6068250e89c96f263060261819c7d912855bfbd64b3eb4c4a8483299b8c295
Removing snapshot sha256:580e69a0a8034ede1921139bbd2bfb72a69ebf276d008281896c32dd8bf74775
Removing snapshot sha256:5d30ba46b27fe37484567ccc5242cadc78217b8da605f3f195ef25cbf7487904
Removing snapshot sha256:63ca1fbb43ae5034640e5e6cb3e083e05c290072c5366fcaa9d62435a4cced85
Removing snapshot sha256:67f702c6baae873bceb19487c8b1f27bd2b86077e4f2f0e480e6d60ab508b8f5
Removing snapshot sha256:6864348dd42806d552efdec384f1274be15e2d0c10ce44c1f04347af004c10a9
Removing snapshot sha256:6c7dee8f2c39b84b7dc2711c01d33de93514d9055499173e9290176fbe484b6c
Removing snapshot sha256:82753493a6d61ded36556292f02f31841a14c20d2f279f19eaad65afb661d5cd
Removing snapshot sha256:8a10d3db42c505ee0fcfa98417bdd7e39b304f6bcc0a06bb1b220797ff2cc63c
Removing snapshot sha256:9f50a704209878c34ee7f087a937f7c72a8d8ebfc624e23899f60b954e6d38a8
Removing snapshot sha256:a0904247e36a7726c03c71ee48f3e64462021c88dafeb13f37fdaf613b27f11c
Removing snapshot sha256:a21e5b12dbac529ad45d976eb9ce45c881f3bedcc500fb30aba1e52aa1813418
Removing snapshot sha256:b921e6c28969094157f9b8e7244677780319637afd14450b7cb6b2fdea558a0c
Removing snapshot sha256:bc27ecb5769a00e309cf99ebc763c4a4b958b618d1decc96ffac5bc05f02f5b7
Removing snapshot sha256:be3ccb6627a5332e309d45ef461d09b4879dd870c7394d89323d0ebc6ca6aa8a
Removing snapshot sha256:c261f7cbbc64211ee175ee47273acdb7b1a36a4450b397a064a8f2c026490095
Removing snapshot sha256:c34d9393647eea0c9e3557ab988efaf59f61d10a2a5613b439ef0958cca5ec10
Removing snapshot sha256:ccf3c4a0fa967a41c1c83497a2ce6fa5787965859df0adb32c4ca2cf7490bc2b
Removing snapshot sha256:ce52eff58bdd62103cf30c71199c3758d7420eef9474144f0565dcdc2eb9086b
Removing snapshot sha256:cf92d33f869417309692088c341cd0f223c178ea78a125f757317b22aa8f90e9
Removing snapshot sha256:d0037344cf2fb078884f1849f6a1f8cf9a33a3b6139b6a85833e5ee528e1f9a8
Removing snapshot sha256:d3b36d5b79273b1e98e7700470eaeff05a882e777124d84cebcc1505b85ecb36
Removing snapshot sha256:d65a44a37914602d12c611e5e22a50f11451d847e63015cc1c2aef92dee777a4
Removing snapshot sha256:e2dc0bae2455930f23ae570e019b7f32edc75c0f2d71cab084db837ff9051796
Removing snapshot sha256:eccbd24a99c60cd9e86ee5305dbfc4a4dc89f5ab4fb1f06c8d64797cecedef34
Removing snapshot sha256:f144bb4c7c7f0d2aa7eeffd36d934ec40db1ee167be727e326aad9fdc616f475

]]></system-out>
  </testcase>
  <testcase name="withExistingExtensionLicenseSecret_statefulSetWithLicenseSecretMounted()" classname="com.hivemq.helmcharts.license.HelmExtensionLicensesIT" time="111.395">
    <system-out><![CDATA[2025-01-28 23:57:19,080 INFO c.h.h.t.HelmChartContainer - Creating namespace 'helmextensionlicensesit-operator'...
2025-01-28 23:57:19,089 INFO c.h.h.t.HelmChartContainer - Namespace 'helmextensionlicensesit-operator' created
2025-01-28 23:57:19,089 INFO c.h.h.t.HelmChartContainer - Creating namespace 'helmextensionlicensesit'...
2025-01-28 23:57:19,101 INFO c.h.h.t.HelmChartContainer - Namespace 'helmextensionlicensesit' created
2025-01-28 23:57:19,198 DEBUG c.h.h.t.HelmChartContainer - Executing helm command: /bin/helm --kubeconfig /etc/rancher/k3s/k3s.yaml install test-hivemq-platform-operator /charts/hivemq-platform-operator --wait --timeout 5m0s --set image.repository=docker.io/hivemq --set image.name=hivemq-platform-operator-test --set image.initImageName=hivemq-platform-operator-init-test --set image.tag=snapshot --set image.pullPolicy=Never --set logLevel=DEBUG --set resources.cpu=512m --namespace helmextensionlicensesit-operator
2025-01-28 23:57:19,534 INFO c.h.h.t.HelmChartContainer - [K3S] [alloc.go:330] "allocated clusterIPs" service="helmextensionlicensesit-operator/hivemq-platform-operator-test-hivemq-platform-operator" clusterIPs={"IPv4":"10.43.64.200"}
2025-01-28 23:57:19,556 INFO c.h.h.t.HelmChartContainer - [EVENT] Normal [ScalingReplicaSet] Scaled up replica set hivemq-test-hivemq-platform-operator-6966f96d65 from 0 to 1 [helmextensionlicensesit-operator:hivemq-test-hivemq-platform-operator]
2025-01-28 23:57:19,563 INFO c.h.h.t.HelmChartContainer - [POD] hivemq-test-hivemq-platform-operator-6966f96d65-cjj95 [04661a7e-755d-4849-84b5-2cbef9357615] in helmextensionlicensesit-operator was ADDED
2025-01-28 23:57:19,571 INFO c.h.h.t.HelmChartContainer - [K3S] [memory_manager.go:355] "RemoveStaleState removing state" podUID="799d8856-6bd4-4d4c-adfc-20f96dd6ff08" containerName="hivemq-platform-operator"
2025-01-28 23:57:19,571 INFO c.h.h.t.HelmChartContainer - [EVENT] Normal [SuccessfulCreate] Created pod: hivemq-test-hivemq-platform-operator-6966f96d65-cjj95 [helmextensionlicensesit-operator:hivemq-test-hivemq-platform-operator-6966f96d65]
2025-01-28 23:57:19,571 INFO c.h.h.t.HelmChartContainer - [POD] hivemq-test-hivemq-platform-operator-6966f96d65-cjj95 [04661a7e-755d-4849-84b5-2cbef9357615] in helmextensionlicensesit-operator was MODIFIED
2025-01-28 23:57:19,572 INFO c.h.h.t.HelmChartContainer - [K3S] [memory_manager.go:355] "RemoveStaleState removing state" podUID="8a51bc38-8970-46d0-beaa-16346b208934" containerName="hivemq"
2025-01-28 23:57:19,573 INFO c.h.h.t.HelmChartContainer - [K3S] [replica_set.go:679] "Finished syncing" kind="ReplicaSet" key="helmextensionlicensesit-operator/hivemq-test-hivemq-platform-operator-6966f96d65" duration="22.813813ms"
2025-01-28 23:57:19,580 INFO c.h.h.t.HelmChartContainer - [EVENT] Normal [Scheduled] Successfully assigned helmextensionlicensesit-operator/hivemq-test-hivemq-platform-operator-6966f96d65-cjj95 to 6701628649ec [helmextensionlicensesit-operator:hivemq-test-hivemq-platform-operator-6966f96d65-cjj95]
2025-01-28 23:57:19,589 INFO c.h.h.t.HelmChartContainer - [POD] hivemq-test-hivemq-platform-operator-6966f96d65-cjj95 [04661a7e-755d-4849-84b5-2cbef9357615] in helmextensionlicensesit-operator was MODIFIED
2025-01-28 23:57:19,596 INFO c.h.h.t.HelmChartContainer - [K3S] [replica_set.go:679] "Finished syncing" kind="ReplicaSet" key="helmextensionlicensesit-operator/hivemq-test-hivemq-platform-operator-6966f96d65" duration="23.571827ms"
2025-01-28 23:57:19,611 INFO c.h.h.t.HelmChartContainer - [K3S] [replica_set.go:679] "Finished syncing" kind="ReplicaSet" key="helmextensionlicensesit-operator/hivemq-test-hivemq-platform-operator-6966f96d65" duration="14.816689ms"
2025-01-28 23:57:19,611 INFO c.h.h.t.HelmChartContainer - [K3S] [replica_set.go:679] "Finished syncing" kind="ReplicaSet" key="helmextensionlicensesit-operator/hivemq-test-hivemq-platform-operator-6966f96d65" duration="34.073µs"
2025-01-28 23:57:19,735 INFO c.h.h.t.HelmChartContainer - [K3S] [reconciler_common.go:251] "operationExecutor.VerifyControllerAttachedVolume started for volume \"kube-api-access-bgbf8\" (UniqueName: \"kubernetes.io/projected/04661a7e-755d-4849-84b5-2cbef9357615-kube-api-access-bgbf8\") pod \"hivemq-test-hivemq-platform-operator-6966f96d65-cjj95\" (UID: \"04661a7e-755d-4849-84b5-2cbef9357615\") " pod="helmextensionlicensesit-operator/hivemq-test-hivemq-platform-operator-6966f96d65-cjj95"
2025-01-28 23:57:19,967 INFO c.h.h.t.HelmChartContainer - [EVENT] Normal [Pulled] Container image "docker.io/hivemq/hivemq-platform-operator-test:snapshot" already present on machine [helmextensionlicensesit-operator:hivemq-test-hivemq-platform-operator-6966f96d65-cjj95]
2025-01-28 23:57:19,967 INFO c.h.h.t.HelmChartContainer - Received Pulled event for container hivemq-platform-operator in pod hivemq-test-hivemq-platform-operator-6966f96d65-cjj95 [04661a7e-755d-4849-84b5-2cbef9357615]
2025-01-28 23:57:21,213 INFO c.h.h.t.HelmChartContainer - [EVENT] Normal [Created] Created container: hivemq-platform-operator [helmextensionlicensesit-operator:hivemq-test-hivemq-platform-operator-6966f96d65-cjj95]
2025-01-28 23:57:21,213 INFO c.h.h.t.HelmChartContainer - Received Created event for container hivemq-platform-operator in pod hivemq-test-hivemq-platform-operator-6966f96d65-cjj95 [04661a7e-755d-4849-84b5-2cbef9357615]
2025-01-28 23:57:21,727 INFO c.h.h.t.HelmChartContainer - [K3S] [replica_set.go:679] "Finished syncing" kind="ReplicaSet" key="helmextensionlicensesit-operator/hivemq-test-hivemq-platform-operator-6966f96d65" duration="48.039µs"
2025-01-28 23:57:21,730 INFO c.h.h.t.HelmChartContainer - [POD] hivemq-test-hivemq-platform-operator-6966f96d65-cjj95 [04661a7e-755d-4849-84b5-2cbef9357615] in helmextensionlicensesit-operator was MODIFIED
2025-01-28 23:57:21,740 INFO c.h.h.t.HelmChartContainer - [EVENT] Normal [Started] Started container hivemq-platform-operator [helmextensionlicensesit-operator:hivemq-test-hivemq-platform-operator-6966f96d65-cjj95]
2025-01-28 23:57:21,740 INFO c.h.h.t.HelmChartContainer - Started log watcher for hivemq-platform-operator in pod hivemq-test-hivemq-platform-operator-6966f96d65-cjj95 [04661a7e-755d-4849-84b5-2cbef9357615]
2025-01-28 23:57:21,741 INFO c.h.h.t.HelmChartContainer - Received Started event for container hivemq-platform-operator in pod hivemq-test-hivemq-platform-operator-6966f96d65-cjj95 [04661a7e-755d-4849-84b5-2cbef9357615]
2025-01-28 23:57:21,741 INFO c.h.h.t.HelmChartContainer - [hivemq-test-hivemq-platform] [hivemq-platform-operator] [04661a7e] -------------------------------------------------------------------------
2025-01-28 23:57:21,741 INFO c.h.h.t.HelmChartContainer - [hivemq-test-hivemq-platform] [hivemq-platform-operator] [04661a7e] 
2025-01-28 23:57:21,741 INFO c.h.h.t.HelmChartContainer - [hivemq-test-hivemq-platform] [hivemq-platform-operator] [04661a7e]                   _    _  _              __  __   ____
2025-01-28 23:57:21,741 INFO c.h.h.t.HelmChartContainer - [hivemq-test-hivemq-platform] [hivemq-platform-operator] [04661a7e]                  | |  | |(_)            |  \/  | / __ \
2025-01-28 23:57:21,741 INFO c.h.h.t.HelmChartContainer - [hivemq-test-hivemq-platform] [hivemq-platform-operator] [04661a7e]                  | |__| | _ __   __ ___ | \  / || |  | |
2025-01-28 23:57:21,741 INFO c.h.h.t.HelmChartContainer - [hivemq-test-hivemq-platform] [hivemq-platform-operator] [04661a7e]                  |  __  || |\ \ / // _ \| |\/| || |  | |
2025-01-28 23:57:21,741 INFO c.h.h.t.HelmChartContainer - [hivemq-test-hivemq-platform] [hivemq-platform-operator] [04661a7e]                  | |  | || | \ V /|  __/| |  | || |__| |
2025-01-28 23:57:21,741 INFO c.h.h.t.HelmChartContainer - [hivemq-test-hivemq-platform] [hivemq-platform-operator] [04661a7e]                  |_|  |_||_|  \_/  \___||_|  |_| \___\_\
2025-01-28 23:57:21,741 INFO c.h.h.t.HelmChartContainer - [hivemq-test-hivemq-platform] [hivemq-platform-operator] [04661a7e] 
2025-01-28 23:57:21,741 INFO c.h.h.t.HelmChartContainer - [hivemq-test-hivemq-platform] [hivemq-platform-operator] [04661a7e] -------------------------------------------------------------------------
2025-01-28 23:57:21,741 INFO c.h.h.t.HelmChartContainer - [hivemq-test-hivemq-platform] [hivemq-platform-operator] [04661a7e] 
2025-01-28 23:57:21,741 INFO c.h.h.t.HelmChartContainer - [hivemq-test-hivemq-platform] [hivemq-platform-operator] [04661a7e]   HiveMQ Platform Operator Start Script v1.0
2025-01-28 23:57:21,741 INFO c.h.h.t.HelmChartContainer - [hivemq-test-hivemq-platform] [hivemq-platform-operator] [04661a7e] 
2025-01-28 23:57:21,741 INFO c.h.h.t.HelmChartContainer - [hivemq-test-hivemq-platform] [hivemq-platform-operator] [04661a7e] -------------------------------------------------------------------------
2025-01-28 23:57:21,741 INFO c.h.h.t.HelmChartContainer - [hivemq-test-hivemq-platform] [hivemq-platform-operator] [04661a7e] 
2025-01-28 23:57:21,741 INFO c.h.h.t.HelmChartContainer - [hivemq-test-hivemq-platform] [hivemq-platform-operator] [04661a7e]   JAVA_OPTS: -XX:+UnlockExperimentalVMOptions -XX:InitialRAMPercentage=75 -XX:MaxRAMPercentage=75 -Duser.language=en -Duser.region=US
2025-01-28 23:57:21,741 INFO c.h.h.t.HelmChartContainer - [hivemq-test-hivemq-platform] [hivemq-platform-operator] [04661a7e] 
2025-01-28 23:57:21,741 INFO c.h.h.t.HelmChartContainer - [hivemq-test-hivemq-platform] [hivemq-platform-operator] [04661a7e]   JAVA_VERSION: 21
2025-01-28 23:57:21,741 INFO c.h.h.t.HelmChartContainer - [hivemq-test-hivemq-platform] [hivemq-platform-operator] [04661a7e] 
2025-01-28 23:57:21,741 INFO c.h.h.t.HelmChartContainer - [hivemq-test-hivemq-platform] [hivemq-platform-operator] [04661a7e] -------------------------------------------------------------------------
2025-01-28 23:57:21,741 INFO c.h.h.t.HelmChartContainer - [hivemq-test-hivemq-platform] [hivemq-platform-operator] [04661a7e] 
2025-01-28 23:57:24,723 INFO c.h.h.t.HelmChartContainer - [hivemq-test-hivemq-platform] [hivemq-platform-operator] [04661a7e] 23:57:24.721 [main] DEBUG org.jboss.logging - Logging Provider: org.jboss.logging.Slf4jLoggerProvider
2025-01-28 23:57:24,825 INFO c.h.h.t.HelmChartContainer - [hivemq-test-hivemq-platform] [hivemq-platform-operator] [04661a7e] 23:57:24.824 [main] DEBUG io.smallrye.config - SRCFG01006: Loaded ConfigSource SysPropConfigSource with ordinal 400
2025-01-28 23:57:24,825 INFO c.h.h.t.HelmChartContainer - [hivemq-test-hivemq-platform] [hivemq-platform-operator] [04661a7e] 23:57:24.824 [main] DEBUG io.smallrye.config - SRCFG01006: Loaded ConfigSource EnvConfigSource with ordinal 300
2025-01-28 23:57:24,825 INFO c.h.h.t.HelmChartContainer - [hivemq-test-hivemq-platform] [hivemq-platform-operator] [04661a7e] 23:57:24.824 [main] DEBUG io.smallrye.config - SRCFG01006: Loaded ConfigSource PropertiesConfigSource[source=jar:file:///opt/hivemq-platform-operator/bin/hivemq-platform-operator.jar!/hivemq-platform-operator.properties] with ordinal 100
2025-01-28 23:57:24,825 INFO c.h.h.t.HelmChartContainer - [hivemq-test-hivemq-platform] [hivemq-platform-operator] [04661a7e] 23:57:24.824 [main] DEBUG io.smallrye.config - SRCFG01006: Loaded ConfigSource DefaultValuesConfigSource with ordinal -2147483648
2025-01-28 23:57:24,930 INFO c.h.h.t.HelmChartContainer - [hivemq-test-hivemq-platform] [hivemq-platform-operator] [04661a7e] 23:57:24.929 [main] DEBUG i.m.c.u.i.l.InternalLoggerFactory - Using SLF4J as the default logging framework
2025-01-28 23:57:25,122 INFO c.h.h.t.HelmChartContainer - [hivemq-test-hivemq-platform] [hivemq-platform-operator] [04661a7e] 23:57:25.112 [main] INFO  c.h.p.o.HiveMQPlatformOperatorApplication - HiveMQ Platform Operator 1.7.0-SNAPSHOT (commit: bebf408 on branch: HEAD) built on Sun Jan 26 20:47:47 UTC 2025
2025-01-28 23:57:25,122 INFO c.h.h.t.HelmChartContainer - [hivemq-test-hivemq-platform] [hivemq-platform-operator] [04661a7e] 23:57:25.121 [main] INFO  c.h.p.o.HiveMQPlatformOperatorApplication - HiveMQ Platform Operator is running in namespace: helmextensionlicensesit-operator
2025-01-28 23:57:25,123 INFO c.h.h.t.HelmChartContainer - [hivemq-test-hivemq-platform] [hivemq-platform-operator] [04661a7e] 23:57:25.121 [main] INFO  c.h.p.o.HiveMQPlatformOperatorApplication - Watching all namespaces
2025-01-28 23:57:25,123 INFO c.h.h.t.HelmChartContainer - [hivemq-test-hivemq-platform] [hivemq-platform-operator] [04661a7e] 23:57:25.121 [main] INFO  c.h.p.o.HiveMQPlatformOperatorApplication - Log level: DEBUG
2025-01-28 23:57:25,123 INFO c.h.h.t.HelmChartContainer - [hivemq-test-hivemq-platform] [hivemq-platform-operator] [04661a7e] 23:57:25.121 [main] INFO  c.h.p.o.HiveMQPlatformOperatorApplication - Release name: test-hivemq-platform-operator
2025-01-28 23:57:25,123 INFO c.h.h.t.HelmChartContainer - [hivemq-test-hivemq-platform] [hivemq-platform-operator] [04661a7e] 23:57:25.121 [main] INFO  c.h.p.o.HiveMQPlatformOperatorApplication - HiveMQ Platform Operator Init image: docker.io/hivemq/hivemq-platform-operator-init-test:snapshot
2025-01-28 23:57:25,123 INFO c.h.h.t.HelmChartContainer - [hivemq-test-hivemq-platform] [hivemq-platform-operator] [04661a7e] 23:57:25.121 [main] INFO  c.h.p.o.HiveMQPlatformOperatorApplication - HiveMQ Platform Operator Init App update URL: http://hivemq-platform-operator-test-hivemq-platform-operator.helmextensionlicensesit-operator.svc:8080/initAppUpdate/hivemq-platform-operator-init-app-1.7.0-SNAPSHOT.jar
2025-01-28 23:57:25,123 INFO c.h.h.t.HelmChartContainer - [hivemq-test-hivemq-platform] [hivemq-platform-operator] [04661a7e] 23:57:25.121 [main] INFO  c.h.p.o.HiveMQPlatformOperatorApplication - Additional imagePullSecret for all Platform deployments: none
2025-01-28 23:57:25,123 INFO c.h.h.t.HelmChartContainer - [hivemq-test-hivemq-platform] [hivemq-platform-operator] [04661a7e] 23:57:25.121 [main] INFO  c.h.p.o.HiveMQPlatformOperatorApplication - Apply HiveMQ Platform CRD: true
2025-01-28 23:57:25,123 INFO c.h.h.t.HelmChartContainer - [hivemq-test-hivemq-platform] [hivemq-platform-operator] [04661a7e] 23:57:25.121 [main] INFO  c.h.p.o.HiveMQPlatformOperatorApplication - Create Platform ServiceAccount: true
2025-01-28 23:57:25,123 INFO c.h.h.t.HelmChartContainer - [hivemq-test-hivemq-platform] [hivemq-platform-operator] [04661a7e] 23:57:25.121 [main] INFO  c.h.p.o.HiveMQPlatformOperatorApplication - Create Platform ServiceAccount permissions: true
2025-01-28 23:57:25,123 INFO c.h.h.t.HelmChartContainer - [hivemq-test-hivemq-platform] [hivemq-platform-operator] [04661a7e] 23:57:25.121 [main] INFO  c.h.p.o.HiveMQPlatformOperatorApplication - Validate Platform ServiceAccount: true
2025-01-28 23:57:25,123 INFO c.h.h.t.HelmChartContainer - [hivemq-test-hivemq-platform] [hivemq-platform-operator] [04661a7e] 23:57:25.121 [main] INFO  c.h.p.o.HiveMQPlatformOperatorApplication - Validate Platform ServiceAccount permissions: true
2025-01-28 23:57:25,319 INFO c.h.h.t.HelmChartContainer - [hivemq-test-hivemq-platform] [hivemq-platform-operator] [04661a7e] 23:57:25.318 [main] INFO  c.h.platform.operator.util.CRDUtil - Verifying deployed HiveMQ Platform CRD...
2025-01-28 23:57:27,970 INFO c.h.h.t.HelmChartContainer - [hivemq-test-hivemq-platform] [hivemq-platform-operator] [04661a7e] 23:57:27.969 [main] DEBUG c.h.platform.operator.util.CRDUtil - HiveMQ Platform CRD version v1 is up to date
2025-01-28 23:57:27,970 INFO c.h.h.t.HelmChartContainer - [hivemq-test-hivemq-platform] [hivemq-platform-operator] [04661a7e] 23:57:27.969 [main] INFO  c.h.platform.operator.util.CRDUtil - HiveMQ Platform CRD is up to date (version: V1_6_0)
2025-01-28 23:57:27,970 INFO c.h.h.t.HelmChartContainer - [hivemq-test-hivemq-platform] [hivemq-platform-operator] [04661a7e] 23:57:27.969 [main] INFO  c.h.platform.operator.util.CRDUtil - Waiting 10000 ms for HiveMQ Platform CRD 'hivemq-platforms.hivemq.com' to become ready...
2025-01-28 23:57:28,273 INFO c.h.h.t.HelmChartContainer - [hivemq-test-hivemq-platform] [hivemq-platform-operator] [04661a7e] 23:57:28.271 [vert.x-eventloop-thread-1] DEBUG c.h.platform.operator.util.CRDUtil - Checking CRD condition 'NamesAccepted' (status: 'True')
2025-01-28 23:57:28,273 INFO c.h.h.t.HelmChartContainer - [hivemq-test-hivemq-platform] [hivemq-platform-operator] [04661a7e] 23:57:28.271 [vert.x-eventloop-thread-1] DEBUG c.h.platform.operator.util.CRDUtil - Checking CRD condition 'Established' (status: 'True')
2025-01-28 23:57:28,274 INFO c.h.h.t.HelmChartContainer - [hivemq-test-hivemq-platform] [hivemq-platform-operator] [04661a7e] 23:57:28.272 [main] INFO  c.h.platform.operator.util.CRDUtil - HiveMQ Platform CRD 'hivemq-platforms.hivemq.com' is ready
2025-01-28 23:57:28,474 INFO c.h.h.t.HelmChartContainer - [hivemq-test-hivemq-platform] [hivemq-platform-operator] [04661a7e] 23:57:28.473 [main] INFO  c.h.p.o.HiveMQPlatformReconciler - HiveMQ Platform Operator is starting...
2025-01-28 23:57:28,574 INFO c.h.h.t.HelmChartContainer - [hivemq-test-hivemq-platform] [hivemq-platform-operator] [04661a7e] 23:57:28.572 [main] WARN  Default ConfigurationService implementation - Configuration for reconciler 'hivemq-controller' was not found. Known reconcilers: None.
2025-01-28 23:57:28,619 INFO c.h.h.t.HelmChartContainer - [hivemq-test-hivemq-platform] [hivemq-platform-operator] [04661a7e] 23:57:28.617 [main] INFO  Default ConfigurationService implementation - Created configuration for reconciler com.hivemq.platform.operator.HiveMQPlatformReconciler with name hivemq-controller
2025-01-28 23:57:28,725 INFO c.h.h.t.HelmChartContainer - [hivemq-test-hivemq-platform] [hivemq-platform-operator] [04661a7e] 23:57:28.724 [main] DEBUG c.h.p.o.HiveMQPlatformReconciler - HiveMQ Platform Operator is preparing EventSources
2025-01-28 23:57:28,817 INFO c.h.h.t.HelmChartContainer - [hivemq-test-hivemq-platform] [hivemq-platform-operator] [04661a7e] 23:57:28.815 [main] INFO  i.javaoperatorsdk.operator.Operator - Registered reconciler: 'hivemq-controller' for resource: 'class com.hivemq.platform.operator.v1.HiveMQPlatform' for namespace(s): [all namespaces]
2025-01-28 23:57:29,512 INFO c.h.h.t.HelmChartContainer - [hivemq-test-hivemq-platform] [hivemq-platform-operator] [04661a7e] 23:57:29.511 [main] INFO  c.h.p.operator.webserver.JettyServer - Starting Jetty server on port 8080
2025-01-28 23:57:29,577 INFO c.h.h.t.HelmChartContainer - [hivemq-test-hivemq-platform] [hivemq-platform-operator] [04661a7e] 23:57:29.575 [main] INFO  i.javaoperatorsdk.operator.Operator - Operator SDK 4.9.7 (commit: 2133d28) built on Wed Nov 20 12:56:20 UTC 2024 starting...
2025-01-28 23:57:29,577 INFO c.h.h.t.HelmChartContainer - [hivemq-test-hivemq-platform] [hivemq-platform-operator] [04661a7e] 23:57:29.576 [main] INFO  i.javaoperatorsdk.operator.Operator - Client version: 6.13.4
2025-01-28 23:57:29,612 INFO c.h.h.t.HelmChartContainer - [hivemq-test-hivemq-platform] [hivemq-platform-operator] [04661a7e] 23:57:29.611 [Controller Starter for: hivemq-controller] INFO  i.j.operator.processing.Controller - Starting 'hivemq-controller' controller for reconciler: com.hivemq.platform.operator.HiveMQPlatformReconciler, resource: com.hivemq.platform.operator.v1.HiveMQPlatform
2025-01-28 23:57:32,213 INFO c.h.h.t.HelmChartContainer - [hivemq-test-hivemq-platform] [hivemq-platform-operator] [04661a7e] 23:57:32.211 [Controller Starter for: hivemq-controller] INFO  i.j.operator.processing.Controller - 'hivemq-controller' controller started
2025-01-28 23:57:32,213 INFO c.h.h.t.HelmChartContainer - [hivemq-test-hivemq-platform] [hivemq-platform-operator] [04661a7e] 23:57:32.212 [main] INFO  c.h.p.o.HiveMQPlatformOperatorApplication - HiveMQ Platform Operator 1.7.0-SNAPSHOT started in 7099 ms
2025-01-28 23:57:32,734 INFO c.h.h.t.HelmChartContainer - [POD] hivemq-test-hivemq-platform-operator-6966f96d65-cjj95 [04661a7e-755d-4849-84b5-2cbef9357615] in helmextensionlicensesit-operator was MODIFIED
2025-01-28 23:57:32,741 INFO c.h.h.t.HelmChartContainer - [K3S] [replica_set.go:679] "Finished syncing" kind="ReplicaSet" key="helmextensionlicensesit-operator/hivemq-test-hivemq-platform-operator-6966f96d65" duration="8.72078ms"
2025-01-28 23:57:32,743 INFO c.h.h.t.HelmChartContainer - [K3S] [replica_set.go:679] "Finished syncing" kind="ReplicaSet" key="helmextensionlicensesit-operator/hivemq-test-hivemq-platform-operator-6966f96d65" duration="35.085µs"
2025-01-28 23:57:33,616 INFO c.h.h.testcontainer.LogWaiterUtil - TEST Waiting for log pattern on 'test-hivemq-platform-0': .*Extension "HiveMQ Enterprise Distributed Tracing Extension" version .* started successfully.
2025-01-28 23:57:33,616 INFO c.h.h.testcontainer.LogWaiterUtil - TEST Waiting for log pattern on 'test-hivemq-platform-0': .*License file tracing.elic is corrupt.
2025-01-28 23:57:33,685 DEBUG c.h.h.t.HelmChartContainer - Executing helm command: /bin/helm --kubeconfig /etc/rancher/k3s/k3s.yaml install test-hivemq-platform /charts/hivemq-platform --wait --timeout 5m0s --set image.repository=docker.io/hivemq --set image.tag=4.36.0 --set image.pullPolicy=Never --set nodes.resources.cpu=512m -f /files/distributed-tracing-extension-values.yaml --set license.name=tracing-extension-secret-license --namespace helmextensionlicensesit
2025-01-28 23:57:33,924 INFO c.h.h.t.HelmChartContainer - [hivemq-test-hivemq-platform] [hivemq-platform-operator] [04661a7e] 23:57:33.922 [-373097727-pool-1-thread-2] WARN  i.m.p.PrometheusMeterRegistry - The meter (MeterId{name='operator.sdk.events.received', tags=[tag(action=ADDED),tag(event=ResourceEvent),tag(group=hivemq.com),tag(kind=HiveMQPlatform),tag(name=test-hivemq-platform),tag(namespace=helmextensionlicensesit),tag(scope=namespace),tag(version=v1)]}) registration has failed: Prometheus requires that all meters with the same name have the same set of tag keys. There is already an existing meter named 'operator.sdk.events.received' containing tag keys [event, group, kind, name, namespace, scope, version]. The meter you are attempting to register has keys [action, event, group, kind, name, namespace, scope, version]. Note that subsequent logs will be logged at debug level.
2025-01-28 23:57:34,474 INFO c.h.h.t.HelmChartContainer - [hivemq-test-hivemq-platform] [hivemq-platform-operator] [04661a7e] 23:57:34.472 [pool-6-thread-3] DEBUG c.h.p.o.dependants.PodInfoConfigMap - [helmexte] Desired PodInfo ConfigMap (1 extensions) (1 enabled)
2025-01-28 23:57:34,475 INFO c.h.h.t.HelmChartContainer - [hivemq-test-hivemq-platform] [hivemq-platform-operator] [04661a7e] 23:57:34.472 [pool-6-thread-3] DEBUG c.h.p.o.dependants.PodInfoConfigMap - [helmexte] Desired PodInfo ConfigMap (metrics port: 9399) (metrics path: /)
2025-01-28 23:57:34,475 INFO c.h.h.t.HelmChartContainer - [hivemq-test-hivemq-platform] [hivemq-platform-operator] [04661a7e] 23:57:34.473 [pool-6-thread-3] DEBUG c.h.p.o.dependants.PodInfoConfigMap - [helmexte] Desired PodInfo ConfigMap (extension state hash: 548530826)
2025-01-28 23:57:34,475 INFO c.h.h.t.HelmChartContainer - [hivemq-test-hivemq-platform] [hivemq-platform-operator] [04661a7e] 23:57:34.474 [pool-6-thread-3] DEBUG c.h.p.o.dependants.PodInfoConfigMap - [helmexte] Create PodInfo ConfigMap
2025-01-28 23:57:34,615 INFO c.h.h.t.HelmChartContainer - [hivemq-test-hivemq-platform] [hivemq-platform-operator] [04661a7e] 23:57:34.613 [pool-6-thread-5] DEBUG c.h.p.o.dependants.PodRoleResource - [helmexte] Create Role: Role(apiVersion=rbac.authorization.k8s.io/v1, kind=Role, metadata=ObjectMeta(annotations={meta.helm.sh/release-name=test-hivemq-platform, meta.helm.sh/release-namespace=helmextensionlicensesit}, creationTimestamp=null, deletionGracePeriodSeconds=null, deletionTimestamp=null, finalizers=[], generateName=null, generation=null, labels={helm.sh/chart=hivemq-platform-0.2.32, app.kubernetes.io/managed-by=Helm, app.kubernetes.io/name=hivemq-platform, hivemq-platform=test-hivemq-platform, app.kubernetes.io/instance=test-hivemq-platform, app.kubernetes.io/version=4.36.0}, managedFields=[], name=hivemq-platform-role-test-hivemq-platform, namespace=helmextensionlicensesit, ownerReferences=[OwnerReference(apiVersion=hivemq.com/v1, blockOwnerDeletion=null, controller=null, kind=HiveMQPlatform, name=test-hivemq-platform, uid=8568a162-0ba3-46e9-a588-512795d9011b, additionalProperties={})], resourceVersion=null, selfLink=null, uid=null, additionalProperties={}), rules=[PolicyRule(apiGroups=[], nonResourceURLs=[], resourceNames=[], resources=[pods], verbs=[get, patch, update], additionalProperties={})], additionalProperties={})
2025-01-28 23:57:34,718 INFO c.h.h.t.HelmChartContainer - [hivemq-test-hivemq-platform] [hivemq-platform-operator] [04661a7e] 23:57:34.716 [pool-6-thread-7] DEBUG c.h.p.o.d.PodServiceAccountResource - [helmexte] Desired PodServiceAccountResource (serviceAccountName: hivemq-platform-pod-test-hivemq-platform)
2025-01-28 23:57:34,769 INFO c.h.h.t.HelmChartContainer - [hivemq-test-hivemq-platform] [hivemq-platform-operator] [04661a7e] 23:57:34.767 [pool-6-thread-7] DEBUG c.h.p.o.d.PodServiceAccountResource - [helmexte] Create ServiceAccount 'hivemq-platform-pod-test-hivemq-platform'
2025-01-28 23:57:34,873 INFO c.h.h.t.HelmChartContainer - [hivemq-test-hivemq-platform] [hivemq-platform-operator] [04661a7e] 23:57:34.872 [pool-6-thread-10] DEBUG c.h.p.o.d.PodRoleBindingResource - [helmexte] Create RoleBinding: RoleBinding(apiVersion=rbac.authorization.k8s.io/v1, kind=RoleBinding, metadata=ObjectMeta(annotations={meta.helm.sh/release-name=test-hivemq-platform, meta.helm.sh/release-namespace=helmextensionlicensesit}, creationTimestamp=null, deletionGracePeriodSeconds=null, deletionTimestamp=null, finalizers=[], generateName=null, generation=null, labels={helm.sh/chart=hivemq-platform-0.2.32, app.kubernetes.io/managed-by=Helm, app.kubernetes.io/name=hivemq-platform, hivemq-platform=test-hivemq-platform, app.kubernetes.io/instance=test-hivemq-platform, app.kubernetes.io/version=4.36.0}, managedFields=[], name=hivemq-platform-role-binding-test-hivemq-platform, namespace=helmextensionlicensesit, ownerReferences=[OwnerReference(apiVersion=hivemq.com/v1, blockOwnerDeletion=null, controller=null, kind=HiveMQPlatform, name=test-hivemq-platform, uid=8568a162-0ba3-46e9-a588-512795d9011b, additionalProperties={})], resourceVersion=null, selfLink=null, uid=null, additionalProperties={}), roleRef=RoleRef(apiGroup=rbac.authorization.k8s.io, kind=Role, name=hivemq-platform-role-test-hivemq-platform, additionalProperties={}), subjects=[Subject(apiGroup=null, kind=ServiceAccount, name=hivemq-platform-pod-test-hivemq-platform, namespace=helmextensionlicensesit, additionalProperties={})], additionalProperties={})
2025-01-28 23:57:34,969 INFO c.h.h.t.HelmChartContainer - [hivemq-test-hivemq-platform] [hivemq-platform-operator] [04661a7e] 23:57:34.968 [ReconcilerExecutor-hivemq-controller-53] INFO  c.h.p.o.HiveMQPlatformReconciler - [helmexte] Reconciling HiveMQ Platform 'test-hivemq-platform' in namespace 'helmextensionlicensesit'
2025-01-28 23:57:34,970 INFO c.h.h.t.HelmChartContainer - [hivemq-test-hivemq-platform] [hivemq-platform-operator] [04661a7e] 23:57:34.968 [ReconcilerExecutor-hivemq-controller-53] DEBUG c.h.p.o.HiveMQPlatformReconciler - [helmexte] Custom Resource Status CREATED - HiveMQ Platform was created (READY)
2025-01-28 23:57:34,970 INFO c.h.h.t.HelmChartContainer - [hivemq-test-hivemq-platform] [hivemq-platform-operator] [04661a7e] 23:57:34.968 [ReconcilerExecutor-hivemq-controller-53] DEBUG c.h.p.o.HiveMQPlatformReconciler - [helmexte] Custom Resource Spec (replicas: 1) (extensions: 1)
2025-01-28 23:57:34,973 INFO c.h.h.t.HelmChartContainer - [hivemq-test-hivemq-platform] [hivemq-platform-operator] [04661a7e] 23:57:34.972 [ReconcilerExecutor-hivemq-controller-53] INFO  c.h.p.o.h.HiveMQPlatformReconcilerBaseHandler - [helmexte] HiveMQ Platform is starting
2025-01-28 23:57:35,112 INFO c.h.h.t.HelmChartContainer - [hivemq-test-hivemq-platform] [hivemq-platform-operator] [04661a7e] 23:57:35.111 [ReconcilerExecutor-hivemq-controller-53] DEBUG c.h.p.operator.event.EventSender - [helmexte] Creating K8s event hivemq-platform-starting: [Start] HiveMQ Platform is starting
2025-01-28 23:57:35,173 INFO c.h.h.t.HelmChartContainer - [EVENT] Normal [Start] HiveMQ Platform is starting [helmextensionlicensesit:test-hivemq-platform]
2025-01-28 23:57:35,178 INFO c.h.h.t.HelmChartContainer - [hivemq-test-hivemq-platform] [hivemq-platform-operator] [04661a7e] 23:57:35.176 [ReconcilerExecutor-hivemq-controller-53] INFO  c.h.p.o.h.AbstractHiveMQReconcilerStateHandler - [helmexte] Update HiveMQ Platform Status (CREATED [READY] -> STARTING [READY]): HiveMQ Platform is starting
2025-01-28 23:57:35,219 DEBUG com.hivemq.helmcharts.util.K8sUtil - Comparing actual state 'STARTING' and waiting for 'RUNNING'
2025-01-28 23:57:45,282 INFO c.h.h.t.HelmChartContainer - [hivemq-test-hivemq-platform] [hivemq-platform-operator] [04661a7e] 23:57:45.277 [pool-6-thread-12] DEBUG c.h.p.o.d.PlatformServiceResource - [helmexte] Desired Platform services (3 services)
2025-01-28 23:57:45,283 INFO c.h.h.t.HelmChartContainer - [hivemq-test-hivemq-platform] [hivemq-platform-operator] [04661a7e] 23:57:45.280 [pool-6-thread-13] DEBUG c.h.p.o.dependants.PodInfoConfigMap - [helmexte] Desired PodInfo ConfigMap (1 extensions) (1 enabled)
2025-01-28 23:57:45,283 INFO c.h.h.t.HelmChartContainer - [hivemq-test-hivemq-platform] [hivemq-platform-operator] [04661a7e] 23:57:45.282 [pool-6-thread-13] DEBUG c.h.p.o.dependants.PodInfoConfigMap - [helmexte] Desired PodInfo ConfigMap (metrics port: 9399) (metrics path: /)
2025-01-28 23:57:45,283 INFO c.h.h.t.HelmChartContainer - [hivemq-test-hivemq-platform] [hivemq-platform-operator] [04661a7e] 23:57:45.282 [pool-6-thread-13] DEBUG c.h.p.o.dependants.PodInfoConfigMap - [helmexte] Desired PodInfo ConfigMap (extension state hash: 548530826)
2025-01-28 23:57:45,288 INFO c.h.h.t.HelmChartContainer - [hivemq-test-hivemq-platform] [hivemq-platform-operator] [04661a7e] 23:57:45.287 [pool-6-thread-17] DEBUG c.h.p.o.d.PodServiceAccountResource - [helmexte] Desired PodServiceAccountResource (serviceAccountName: hivemq-platform-pod-test-hivemq-platform)
2025-01-28 23:57:45,372 INFO c.h.h.t.HelmChartContainer - [hivemq-test-hivemq-platform] [hivemq-platform-operator] [04661a7e] 23:57:45.368 [pool-6-thread-13] DEBUG c.h.p.o.dependants.PodInfoConfigMap - [helmexte] Update PodInfo ConfigMap
2025-01-28 23:57:45,386 INFO c.h.h.t.HelmChartContainer - [K3S] [alloc.go:330] "allocated clusterIPs" service="helmextensionlicensesit/hivemq-test-hivemq-platform-metrics-9399" clusterIPs={"IPv4":"10.43.248.62"}
2025-01-28 23:57:45,479 INFO c.h.h.t.HelmChartContainer - [K3S] [alloc.go:330] "allocated clusterIPs" service="helmextensionlicensesit/hivemq-test-hivemq-platform-cc-8080" clusterIPs={"IPv4":"10.43.130.76"}
2025-01-28 23:57:45,585 INFO c.h.h.t.HelmChartContainer - [K3S] [alloc.go:330] "allocated clusterIPs" service="helmextensionlicensesit/hivemq-test-hivemq-platform-mqtt-1883" clusterIPs={"IPv4":"10.43.124.5"}
2025-01-28 23:57:45,593 INFO c.h.h.t.HelmChartContainer - [hivemq-test-hivemq-platform] [hivemq-platform-operator] [04661a7e] 23:57:45.591 [pool-6-thread-20] DEBUG c.h.p.o.d.StatefulSetResource - [helmexte] Desired StatefulSet (1 replicas) for status STARTING (READY)
2025-01-28 23:57:45,673 INFO c.h.h.t.HelmChartContainer - [hivemq-test-hivemq-platform] [hivemq-platform-operator] [04661a7e] 23:57:45.672 [pool-6-thread-20] DEBUG c.h.p.o.d.StatefulSetResource - [helmexte] Create StatefulSet
2025-01-28 23:57:45,702 INFO c.h.h.t.HelmChartContainer - [POD] test-hivemq-platform-0 [03c8dae6-3e6e-4cbf-a53f-891ac9f56f48] in helmextensionlicensesit was ADDED
2025-01-28 23:57:45,709 INFO c.h.h.t.HelmChartContainer - [EVENT] Normal [SuccessfulCreate] create Pod test-hivemq-platform-0 in StatefulSet test-hivemq-platform successful [helmextensionlicensesit:test-hivemq-platform]
2025-01-28 23:57:45,714 INFO c.h.h.t.HelmChartContainer - [POD] test-hivemq-platform-0 [03c8dae6-3e6e-4cbf-a53f-891ac9f56f48] in helmextensionlicensesit was MODIFIED
2025-01-28 23:57:45,714 INFO c.h.h.t.HelmChartContainer - [EVENT] Normal [Scheduled] Successfully assigned helmextensionlicensesit/test-hivemq-platform-0 to 6701628649ec [helmextensionlicensesit:test-hivemq-platform-0]
2025-01-28 23:57:45,740 INFO c.h.h.t.HelmChartContainer - [POD] test-hivemq-platform-0 [03c8dae6-3e6e-4cbf-a53f-891ac9f56f48] in helmextensionlicensesit was MODIFIED
2025-01-28 23:57:45,769 INFO c.h.h.t.HelmChartContainer - [hivemq-test-hivemq-platform] [hivemq-platform-operator] [04661a7e] 23:57:45.767 [ReconcilerExecutor-hivemq-controller-64] INFO  c.h.p.o.HiveMQPlatformReconciler - [helmexte] Reconciling HiveMQ Platform 'test-hivemq-platform' in namespace 'helmextensionlicensesit'
2025-01-28 23:57:45,770 INFO c.h.h.t.HelmChartContainer - [hivemq-test-hivemq-platform] [hivemq-platform-operator] [04661a7e] 23:57:45.768 [ReconcilerExecutor-hivemq-controller-64] DEBUG c.h.p.o.HiveMQPlatformReconciler - [helmexte] Custom Resource Status STARTING - HiveMQ Platform is starting (READY)
2025-01-28 23:57:45,770 INFO c.h.h.t.HelmChartContainer - [hivemq-test-hivemq-platform] [hivemq-platform-operator] [04661a7e] 23:57:45.769 [ReconcilerExecutor-hivemq-controller-64] DEBUG c.h.p.o.HiveMQPlatformReconciler - [helmexte] Custom Resource Spec (replicas: 1) (extensions: 1)
2025-01-28 23:57:45,872 INFO c.h.h.t.HelmChartContainer - [hivemq-test-hivemq-platform] [hivemq-platform-operator] [04661a7e] 23:57:45.871 [ReconcilerExecutor-hivemq-controller-64] DEBUG c.h.p.o.HiveMQPlatformReconciler - [helmexte] StatefulSet Status (revision: null, replicas: 0, available: 0, ready: 0, current: 0, updated: 0)
2025-01-28 23:57:45,873 INFO c.h.h.t.HelmChartContainer - [hivemq-test-hivemq-platform] [hivemq-platform-operator] [04661a7e] 23:57:45.871 [ReconcilerExecutor-hivemq-controller-64] DEBUG c.h.p.o.HiveMQPlatformReconciler - [helmexte] StatefulSet Spec (replicas: 1, init containers: 1, containers: 1, volumes: 5)
2025-01-28 23:57:45,886 INFO c.h.h.t.HelmChartContainer - [K3S] [reconciler_common.go:251] "operationExecutor.VerifyControllerAttachedVolume started for volume \"licenses\" (UniqueName: \"kubernetes.io/secret/03c8dae6-3e6e-4cbf-a53f-891ac9f56f48-licenses\") pod \"test-hivemq-platform-0\" (UID: \"03c8dae6-3e6e-4cbf-a53f-891ac9f56f48\") " pod="helmextensionlicensesit/test-hivemq-platform-0"
2025-01-28 23:57:45,886 INFO c.h.h.t.HelmChartContainer - [K3S] [reconciler_common.go:251] "operationExecutor.VerifyControllerAttachedVolume started for volume \"extension-configuration-hivemq-distributed-tracing-extension\" (UniqueName: \"kubernetes.io/configmap/03c8dae6-3e6e-4cbf-a53f-891ac9f56f48-extension-configuration-hivemq-distributed-tracing-extension\") pod \"test-hivemq-platform-0\" (UID: \"03c8dae6-3e6e-4cbf-a53f-891ac9f56f48\") " pod="helmextensionlicensesit/test-hivemq-platform-0"
2025-01-28 23:57:45,886 INFO c.h.h.t.HelmChartContainer - [K3S] [reconciler_common.go:251] "operationExecutor.VerifyControllerAttachedVolume started for volume \"kube-api-access-kgv9p\" (UniqueName: \"kubernetes.io/projected/03c8dae6-3e6e-4cbf-a53f-891ac9f56f48-kube-api-access-kgv9p\") pod \"test-hivemq-platform-0\" (UID: \"03c8dae6-3e6e-4cbf-a53f-891ac9f56f48\") " pod="helmextensionlicensesit/test-hivemq-platform-0"
2025-01-28 23:57:45,886 INFO c.h.h.t.HelmChartContainer - [K3S] [reconciler_common.go:251] "operationExecutor.VerifyControllerAttachedVolume started for volume \"pod-info\" (UniqueName: \"kubernetes.io/configmap/03c8dae6-3e6e-4cbf-a53f-891ac9f56f48-pod-info\") pod \"test-hivemq-platform-0\" (UID: \"03c8dae6-3e6e-4cbf-a53f-891ac9f56f48\") " pod="helmextensionlicensesit/test-hivemq-platform-0"
2025-01-28 23:57:45,886 INFO c.h.h.t.HelmChartContainer - [K3S] [reconciler_common.go:251] "operationExecutor.VerifyControllerAttachedVolume started for volume \"broker-configuration\" (UniqueName: \"kubernetes.io/configmap/03c8dae6-3e6e-4cbf-a53f-891ac9f56f48-broker-configuration\") pod \"test-hivemq-platform-0\" (UID: \"03c8dae6-3e6e-4cbf-a53f-891ac9f56f48\") " pod="helmextensionlicensesit/test-hivemq-platform-0"
2025-01-28 23:57:45,886 INFO c.h.h.t.HelmChartContainer - [K3S] [reconciler_common.go:251] "operationExecutor.VerifyControllerAttachedVolume started for volume \"operator-init\" (UniqueName: \"kubernetes.io/empty-dir/03c8dae6-3e6e-4cbf-a53f-891ac9f56f48-operator-init\") pod \"test-hivemq-platform-0\" (UID: \"03c8dae6-3e6e-4cbf-a53f-891ac9f56f48\") " pod="helmextensionlicensesit/test-hivemq-platform-0"
2025-01-28 23:57:45,971 INFO c.h.h.t.HelmChartContainer - [hivemq-test-hivemq-platform] [hivemq-platform-operator] [04661a7e] 23:57:45.969 [ReconcilerExecutor-hivemq-controller-64] DEBUG c.h.p.o.h.HiveMQPlatformReconcilerErrorHandler - [helmexte] Pod 'test-hivemq-platform-0' phase Pending
2025-01-28 23:57:45,972 INFO c.h.h.t.HelmChartContainer - [hivemq-test-hivemq-platform] [hivemq-platform-operator] [04661a7e] 23:57:45.970 [ReconcilerExecutor-hivemq-controller-64] DEBUG c.h.p.o.h.HiveMQPlatformReconcilerErrorHandler - [helmexte] Pod 'test-hivemq-platform-0' condition 'PodReadyToStartContainers': False
2025-01-28 23:57:45,972 INFO c.h.h.t.HelmChartContainer - [hivemq-test-hivemq-platform] [hivemq-platform-operator] [04661a7e] 23:57:45.971 [ReconcilerExecutor-hivemq-controller-64] DEBUG c.h.p.o.h.HiveMQPlatformReconcilerErrorHandler - [helmexte] Pod 'test-hivemq-platform-0' condition 'Initialized': False
2025-01-28 23:57:45,972 INFO c.h.h.t.HelmChartContainer - [hivemq-test-hivemq-platform] [hivemq-platform-operator] [04661a7e] 23:57:45.971 [ReconcilerExecutor-hivemq-controller-64] DEBUG c.h.p.o.h.HiveMQPlatformReconcilerErrorHandler - [helmexte] Pod 'test-hivemq-platform-0' condition 'Ready': False
2025-01-28 23:57:45,972 INFO c.h.h.t.HelmChartContainer - [hivemq-test-hivemq-platform] [hivemq-platform-operator] [04661a7e] 23:57:45.971 [ReconcilerExecutor-hivemq-controller-64] DEBUG c.h.p.o.h.HiveMQPlatformReconcilerErrorHandler - [helmexte] Pod 'test-hivemq-platform-0' condition 'ContainersReady': False
2025-01-28 23:57:45,972 INFO c.h.h.t.HelmChartContainer - [hivemq-test-hivemq-platform] [hivemq-platform-operator] [04661a7e] 23:57:45.971 [ReconcilerExecutor-hivemq-controller-64] DEBUG c.h.p.o.h.HiveMQPlatformReconcilerErrorHandler - [helmexte] Pod 'test-hivemq-platform-0' condition 'PodScheduled': True
2025-01-28 23:57:45,972 INFO c.h.h.t.HelmChartContainer - [hivemq-test-hivemq-platform] [hivemq-platform-operator] [04661a7e] 23:57:45.971 [ReconcilerExecutor-hivemq-controller-64] DEBUG c.h.p.o.h.HiveMQPlatformReconcilerErrorHandler - [helmexte] Pod 'test-hivemq-platform-0' containerStatus 'hivemq' (started: false) (ready: false) (waiting: [PodInitializing] null)
2025-01-28 23:57:45,975 INFO c.h.h.t.HelmChartContainer - [hivemq-test-hivemq-platform] [hivemq-platform-operator] [04661a7e] 23:57:45.974 [ReconcilerExecutor-hivemq-controller-64] INFO  c.h.p.o.h.HiveMQPlatformReconcilerBaseHandler - [helmexte] HiveMQ Platform is starting, 0 of 1 replicas are ready
2025-01-28 23:57:45,979 INFO c.h.h.t.HelmChartContainer - [hivemq-test-hivemq-platform] [hivemq-platform-operator] [04661a7e] 23:57:45.978 [pool-6-thread-22] DEBUG c.h.p.o.d.PlatformServiceResource - [helmexte] Desired Platform services (3 services)
2025-01-28 23:57:45,983 INFO c.h.h.t.HelmChartContainer - [hivemq-test-hivemq-platform] [hivemq-platform-operator] [04661a7e] 23:57:45.981 [pool-6-thread-23] DEBUG c.h.p.o.dependants.PodInfoConfigMap - [helmexte] Desired PodInfo ConfigMap (1 extensions) (1 enabled)
2025-01-28 23:57:45,983 INFO c.h.h.t.HelmChartContainer - [hivemq-test-hivemq-platform] [hivemq-platform-operator] [04661a7e] 23:57:45.981 [pool-6-thread-23] DEBUG c.h.p.o.dependants.PodInfoConfigMap - [helmexte] Desired PodInfo ConfigMap (metrics port: 9399) (metrics path: /)
2025-01-28 23:57:45,983 INFO c.h.h.t.HelmChartContainer - [hivemq-test-hivemq-platform] [hivemq-platform-operator] [04661a7e] 23:57:45.981 [pool-6-thread-23] DEBUG c.h.p.o.dependants.PodInfoConfigMap - [helmexte] Desired PodInfo ConfigMap (extension state hash: 548530826)
2025-01-28 23:57:46,071 INFO c.h.h.t.HelmChartContainer - [hivemq-test-hivemq-platform] [hivemq-platform-operator] [04661a7e] 23:57:45.986 [pool-6-thread-27] DEBUG c.h.p.o.d.PodServiceAccountResource - [helmexte] Desired PodServiceAccountResource (serviceAccountName: hivemq-platform-pod-test-hivemq-platform)
2025-01-28 23:57:46,075 INFO c.h.h.t.HelmChartContainer - [hivemq-test-hivemq-platform] [hivemq-platform-operator] [04661a7e] 23:57:46.074 [pool-6-thread-30] DEBUG c.h.p.o.d.StatefulSetResource - [helmexte] Desired StatefulSet (1 replicas) for status STARTING (READY)
2025-01-28 23:57:46,085 INFO c.h.h.t.HelmChartContainer - [hivemq-test-hivemq-platform] [hivemq-platform-operator] [04661a7e] 23:57:46.084 [ReconcilerExecutor-hivemq-controller-79] INFO  c.h.p.o.HiveMQPlatformReconciler - [helmexte] Reconciling HiveMQ Platform 'test-hivemq-platform' in namespace 'helmextensionlicensesit'
2025-01-28 23:57:46,086 INFO c.h.h.t.HelmChartContainer - [hivemq-test-hivemq-platform] [hivemq-platform-operator] [04661a7e] 23:57:46.084 [ReconcilerExecutor-hivemq-controller-79] DEBUG c.h.p.o.HiveMQPlatformReconciler - [helmexte] Custom Resource Status STARTING - HiveMQ Platform is starting (READY)
2025-01-28 23:57:46,087 INFO c.h.h.t.HelmChartContainer - [hivemq-test-hivemq-platform] [hivemq-platform-operator] [04661a7e] 23:57:46.084 [ReconcilerExecutor-hivemq-controller-79] DEBUG c.h.p.o.HiveMQPlatformReconciler - [helmexte] Custom Resource Spec (replicas: 1) (extensions: 1)
2025-01-28 23:57:46,116 INFO c.h.h.t.HelmChartContainer - [EVENT] Normal [Pulled] Container image "docker.io/hivemq/hivemq-platform-operator-init-test:snapshot" already present on machine [helmextensionlicensesit:test-hivemq-platform-0]
2025-01-28 23:57:46,173 INFO c.h.h.t.HelmChartContainer - [hivemq-test-hivemq-platform] [hivemq-platform-operator] [04661a7e] 23:57:46.169 [ReconcilerExecutor-hivemq-controller-79] DEBUG c.h.p.o.HiveMQPlatformReconciler - [helmexte] StatefulSet Status (revision: test-hivemq-platform-784f65f8f4, replicas: 1, available: 0, ready: 0, current: 1, updated: 1)
2025-01-28 23:57:46,174 INFO c.h.h.t.HelmChartContainer - [hivemq-test-hivemq-platform] [hivemq-platform-operator] [04661a7e] 23:57:46.169 [ReconcilerExecutor-hivemq-controller-79] DEBUG c.h.p.o.HiveMQPlatformReconciler - [helmexte] StatefulSet Spec (replicas: 1, init containers: 1, containers: 1, volumes: 5)
2025-01-28 23:57:46,174 INFO c.h.h.t.HelmChartContainer - [hivemq-test-hivemq-platform] [hivemq-platform-operator] [04661a7e] 23:57:46.171 [ReconcilerExecutor-hivemq-controller-79] DEBUG c.h.p.o.h.HiveMQPlatformReconcilerErrorHandler - [helmexte] Pod 'test-hivemq-platform-0' phase Pending
2025-01-28 23:57:46,174 INFO c.h.h.t.HelmChartContainer - [hivemq-test-hivemq-platform] [hivemq-platform-operator] [04661a7e] 23:57:46.171 [ReconcilerExecutor-hivemq-controller-79] DEBUG c.h.p.o.h.HiveMQPlatformReconcilerErrorHandler - [helmexte] Pod 'test-hivemq-platform-0' condition 'PodReadyToStartContainers': False
2025-01-28 23:57:46,174 INFO c.h.h.t.HelmChartContainer - [hivemq-test-hivemq-platform] [hivemq-platform-operator] [04661a7e] 23:57:46.171 [ReconcilerExecutor-hivemq-controller-79] DEBUG c.h.p.o.h.HiveMQPlatformReconcilerErrorHandler - [helmexte] Pod 'test-hivemq-platform-0' condition 'Initialized': False
2025-01-28 23:57:46,174 INFO c.h.h.t.HelmChartContainer - [hivemq-test-hivemq-platform] [hivemq-platform-operator] [04661a7e] 23:57:46.171 [ReconcilerExecutor-hivemq-controller-79] DEBUG c.h.p.o.h.HiveMQPlatformReconcilerErrorHandler - [helmexte] Pod 'test-hivemq-platform-0' condition 'Ready': False
2025-01-28 23:57:46,174 INFO c.h.h.t.HelmChartContainer - [hivemq-test-hivemq-platform] [hivemq-platform-operator] [04661a7e] 23:57:46.171 [ReconcilerExecutor-hivemq-controller-79] DEBUG c.h.p.o.h.HiveMQPlatformReconcilerErrorHandler - [helmexte] Pod 'test-hivemq-platform-0' condition 'ContainersReady': False
2025-01-28 23:57:46,174 INFO c.h.h.t.HelmChartContainer - [hivemq-test-hivemq-platform] [hivemq-platform-operator] [04661a7e] 23:57:46.171 [ReconcilerExecutor-hivemq-controller-79] DEBUG c.h.p.o.h.HiveMQPlatformReconcilerErrorHandler - [helmexte] Pod 'test-hivemq-platform-0' condition 'PodScheduled': True
2025-01-28 23:57:46,174 INFO c.h.h.t.HelmChartContainer - [hivemq-test-hivemq-platform] [hivemq-platform-operator] [04661a7e] 23:57:46.171 [ReconcilerExecutor-hivemq-controller-79] DEBUG c.h.p.o.h.HiveMQPlatformReconcilerErrorHandler - [helmexte] Pod 'test-hivemq-platform-0' containerStatus 'hivemq' (started: false) (ready: false) (waiting: [PodInitializing] null)
2025-01-28 23:57:46,174 INFO c.h.h.t.HelmChartContainer - [hivemq-test-hivemq-platform] [hivemq-platform-operator] [04661a7e] 23:57:46.172 [ReconcilerExecutor-hivemq-controller-79] INFO  c.h.p.o.h.HiveMQPlatformReconcilerBaseHandler - [helmexte] HiveMQ Platform is starting, 0 of 1 replicas are ready
2025-01-28 23:57:46,238 INFO c.h.h.t.HelmChartContainer - [EVENT] Normal [Created] Created container: hivemq-platform-operator-init [helmextensionlicensesit:test-hivemq-platform-0]
2025-01-28 23:57:46,277 INFO c.h.h.t.HelmChartContainer - [EVENT] Normal [Started] Started container hivemq-platform-operator-init [helmextensionlicensesit:test-hivemq-platform-0]
2025-01-28 23:57:46,773 INFO c.h.h.t.HelmChartContainer - [POD] test-hivemq-platform-0 [03c8dae6-3e6e-4cbf-a53f-891ac9f56f48] in helmextensionlicensesit was MODIFIED
2025-01-28 23:57:46,799 INFO c.h.h.t.HelmChartContainer - [hivemq-test-hivemq-platform] [hivemq-platform-operator] [04661a7e] 23:57:46.788 [pool-6-thread-32] DEBUG c.h.p.o.d.PlatformServiceResource - [helmexte] Desired Platform services (3 services)
2025-01-28 23:57:46,800 INFO c.h.h.t.HelmChartContainer - [hivemq-test-hivemq-platform] [hivemq-platform-operator] [04661a7e] 23:57:46.791 [pool-6-thread-33] DEBUG c.h.p.o.dependants.PodInfoConfigMap - [helmexte] Desired PodInfo ConfigMap (1 extensions) (1 enabled)
2025-01-28 23:57:46,800 INFO c.h.h.t.HelmChartContainer - [hivemq-test-hivemq-platform] [hivemq-platform-operator] [04661a7e] 23:57:46.798 [pool-6-thread-33] DEBUG c.h.p.o.dependants.PodInfoConfigMap - [helmexte] Desired PodInfo ConfigMap (metrics port: 9399) (metrics path: /)
2025-01-28 23:57:46,800 INFO c.h.h.t.HelmChartContainer - [hivemq-test-hivemq-platform] [hivemq-platform-operator] [04661a7e] 23:57:46.798 [pool-6-thread-33] DEBUG c.h.p.o.dependants.PodInfoConfigMap - [helmexte] Desired PodInfo ConfigMap (extension state hash: 548530826)
2025-01-28 23:57:46,801 INFO c.h.h.t.HelmChartContainer - [hivemq-test-hivemq-platform] [hivemq-platform-operator] [04661a7e] 23:57:46.798 [pool-6-thread-37] DEBUG c.h.p.o.d.PodServiceAccountResource - [helmexte] Desired PodServiceAccountResource (serviceAccountName: hivemq-platform-pod-test-hivemq-platform)
2025-01-28 23:57:46,875 INFO c.h.h.t.HelmChartContainer - [hivemq-test-hivemq-platform] [hivemq-platform-operator] [04661a7e] 23:57:46.874 [pool-6-thread-40] DEBUG c.h.p.o.d.StatefulSetResource - [helmexte] Desired StatefulSet (1 replicas) for status STARTING (READY)
2025-01-28 23:57:46,881 INFO c.h.h.t.HelmChartContainer - [hivemq-test-hivemq-platform] [hivemq-platform-operator] [04661a7e] 23:57:46.880 [ReconcilerExecutor-hivemq-controller-90] INFO  c.h.p.o.HiveMQPlatformReconciler - [helmexte] Reconciling HiveMQ Platform 'test-hivemq-platform' in namespace 'helmextensionlicensesit'
2025-01-28 23:57:46,881 INFO c.h.h.t.HelmChartContainer - [hivemq-test-hivemq-platform] [hivemq-platform-operator] [04661a7e] 23:57:46.880 [ReconcilerExecutor-hivemq-controller-90] DEBUG c.h.p.o.HiveMQPlatformReconciler - [helmexte] Custom Resource Status STARTING - HiveMQ Platform is starting (READY)
2025-01-28 23:57:46,882 INFO c.h.h.t.HelmChartContainer - [hivemq-test-hivemq-platform] [hivemq-platform-operator] [04661a7e] 23:57:46.880 [ReconcilerExecutor-hivemq-controller-90] DEBUG c.h.p.o.HiveMQPlatformReconciler - [helmexte] Custom Resource Spec (replicas: 1) (extensions: 1)
2025-01-28 23:57:46,970 INFO c.h.h.t.HelmChartContainer - [hivemq-test-hivemq-platform] [hivemq-platform-operator] [04661a7e] 23:57:46.967 [ReconcilerExecutor-hivemq-controller-90] DEBUG c.h.p.o.HiveMQPlatformReconciler - [helmexte] StatefulSet Status (revision: test-hivemq-platform-784f65f8f4, replicas: 1, available: 0, ready: 0, current: 1, updated: 1)
2025-01-28 23:57:46,970 INFO c.h.h.t.HelmChartContainer - [hivemq-test-hivemq-platform] [hivemq-platform-operator] [04661a7e] 23:57:46.968 [ReconcilerExecutor-hivemq-controller-90] DEBUG c.h.p.o.HiveMQPlatformReconciler - [helmexte] StatefulSet Spec (replicas: 1, init containers: 1, containers: 1, volumes: 5)
2025-01-28 23:57:46,972 INFO c.h.h.t.HelmChartContainer - [hivemq-test-hivemq-platform] [hivemq-platform-operator] [04661a7e] 23:57:46.972 [ReconcilerExecutor-hivemq-controller-90] DEBUG c.h.p.o.h.HiveMQPlatformReconcilerErrorHandler - [helmexte] Pod 'test-hivemq-platform-0' phase Pending
2025-01-28 23:57:46,973 INFO c.h.h.t.HelmChartContainer - [hivemq-test-hivemq-platform] [hivemq-platform-operator] [04661a7e] 23:57:46.972 [ReconcilerExecutor-hivemq-controller-90] DEBUG c.h.p.o.h.HiveMQPlatformReconcilerErrorHandler - [helmexte] Pod 'test-hivemq-platform-0' condition 'PodReadyToStartContainers': True
2025-01-28 23:57:46,974 INFO c.h.h.t.HelmChartContainer - [hivemq-test-hivemq-platform] [hivemq-platform-operator] [04661a7e] 23:57:46.972 [ReconcilerExecutor-hivemq-controller-90] DEBUG c.h.p.o.h.HiveMQPlatformReconcilerErrorHandler - [helmexte] Pod 'test-hivemq-platform-0' condition 'Initialized': False
2025-01-28 23:57:46,974 INFO c.h.h.t.HelmChartContainer - [hivemq-test-hivemq-platform] [hivemq-platform-operator] [04661a7e] 23:57:46.972 [ReconcilerExecutor-hivemq-controller-90] DEBUG c.h.p.o.h.HiveMQPlatformReconcilerErrorHandler - [helmexte] Pod 'test-hivemq-platform-0' condition 'Ready': False
2025-01-28 23:57:46,974 INFO c.h.h.t.HelmChartContainer - [hivemq-test-hivemq-platform] [hivemq-platform-operator] [04661a7e] 23:57:46.972 [ReconcilerExecutor-hivemq-controller-90] DEBUG c.h.p.o.h.HiveMQPlatformReconcilerErrorHandler - [helmexte] Pod 'test-hivemq-platform-0' condition 'ContainersReady': False
2025-01-28 23:57:46,974 INFO c.h.h.t.HelmChartContainer - [hivemq-test-hivemq-platform] [hivemq-platform-operator] [04661a7e] 23:57:46.972 [ReconcilerExecutor-hivemq-controller-90] DEBUG c.h.p.o.h.HiveMQPlatformReconcilerErrorHandler - [helmexte] Pod 'test-hivemq-platform-0' condition 'PodScheduled': True
2025-01-28 23:57:46,974 INFO c.h.h.t.HelmChartContainer - [hivemq-test-hivemq-platform] [hivemq-platform-operator] [04661a7e] 23:57:46.972 [ReconcilerExecutor-hivemq-controller-90] DEBUG c.h.p.o.h.HiveMQPlatformReconcilerErrorHandler - [helmexte] Pod 'test-hivemq-platform-0' containerStatus 'hivemq' (started: false) (ready: false) (waiting: [PodInitializing] null)
2025-01-28 23:57:46,975 INFO c.h.h.t.HelmChartContainer - [hivemq-test-hivemq-platform] [hivemq-platform-operator] [04661a7e] 23:57:46.974 [ReconcilerExecutor-hivemq-controller-90] INFO  c.h.p.o.h.HiveMQPlatformReconcilerBaseHandler - [helmexte] HiveMQ Platform is starting, 0 of 1 replicas are ready
2025-01-28 23:57:47,757 INFO c.h.h.t.HelmChartContainer - [EVENT] Normal [Pulled] Container image "docker.io/hivemq/hivemq4:4.36.0" already present on machine [helmextensionlicensesit:test-hivemq-platform-0]
2025-01-28 23:57:47,757 INFO c.h.h.t.HelmChartContainer - Received Pulled event for container hivemq in pod test-hivemq-platform-0 [03c8dae6-3e6e-4cbf-a53f-891ac9f56f48]
2025-01-28 23:57:47,767 INFO c.h.h.t.HelmChartContainer - [POD] test-hivemq-platform-0 [03c8dae6-3e6e-4cbf-a53f-891ac9f56f48] in helmextensionlicensesit was MODIFIED
2025-01-28 23:57:47,795 INFO c.h.h.t.HelmChartContainer - [hivemq-test-hivemq-platform] [hivemq-platform-operator] [04661a7e] 23:57:47.790 [pool-6-thread-42] DEBUG c.h.p.o.d.PlatformServiceResource - [helmexte] Desired Platform services (3 services)
2025-01-28 23:57:47,795 INFO c.h.h.t.HelmChartContainer - [hivemq-test-hivemq-platform] [hivemq-platform-operator] [04661a7e] 23:57:47.793 [pool-6-thread-43] DEBUG c.h.p.o.dependants.PodInfoConfigMap - [helmexte] Desired PodInfo ConfigMap (1 extensions) (1 enabled)
2025-01-28 23:57:47,795 INFO c.h.h.t.HelmChartContainer - [hivemq-test-hivemq-platform] [hivemq-platform-operator] [04661a7e] 23:57:47.793 [pool-6-thread-43] DEBUG c.h.p.o.dependants.PodInfoConfigMap - [helmexte] Desired PodInfo ConfigMap (metrics port: 9399) (metrics path: /)
2025-01-28 23:57:47,869 INFO c.h.h.t.HelmChartContainer - [hivemq-test-hivemq-platform] [hivemq-platform-operator] [04661a7e] 23:57:47.793 [pool-6-thread-43] DEBUG c.h.p.o.dependants.PodInfoConfigMap - [helmexte] Desired PodInfo ConfigMap (extension state hash: 548530826)
2025-01-28 23:57:47,874 INFO c.h.h.t.HelmChartContainer - [hivemq-test-hivemq-platform] [hivemq-platform-operator] [04661a7e] 23:57:47.872 [pool-6-thread-47] DEBUG c.h.p.o.d.PodServiceAccountResource - [helmexte] Desired PodServiceAccountResource (serviceAccountName: hivemq-platform-pod-test-hivemq-platform)
2025-01-28 23:57:47,884 INFO c.h.h.t.HelmChartContainer - [hivemq-test-hivemq-platform] [hivemq-platform-operator] [04661a7e] 23:57:47.880 [pool-6-thread-50] DEBUG c.h.p.o.d.StatefulSetResource - [helmexte] Desired StatefulSet (1 replicas) for status STARTING (READY)
2025-01-28 23:57:47,975 INFO c.h.h.t.HelmChartContainer - [hivemq-test-hivemq-platform] [hivemq-platform-operator] [04661a7e] 23:57:47.969 [ReconcilerExecutor-hivemq-controller-101] INFO  c.h.p.o.HiveMQPlatformReconciler - [helmexte] Reconciling HiveMQ Platform 'test-hivemq-platform' in namespace 'helmextensionlicensesit'
2025-01-28 23:57:47,975 INFO c.h.h.t.HelmChartContainer - [hivemq-test-hivemq-platform] [hivemq-platform-operator] [04661a7e] 23:57:47.970 [ReconcilerExecutor-hivemq-controller-101] DEBUG c.h.p.o.HiveMQPlatformReconciler - [helmexte] Custom Resource Status STARTING - HiveMQ Platform is starting (READY)
2025-01-28 23:57:47,975 INFO c.h.h.t.HelmChartContainer - [hivemq-test-hivemq-platform] [hivemq-platform-operator] [04661a7e] 23:57:47.970 [ReconcilerExecutor-hivemq-controller-101] DEBUG c.h.p.o.HiveMQPlatformReconciler - [helmexte] Custom Resource Spec (replicas: 1) (extensions: 1)
2025-01-28 23:57:47,975 INFO c.h.h.t.HelmChartContainer - [hivemq-test-hivemq-platform] [hivemq-platform-operator] [04661a7e] 23:57:47.972 [ReconcilerExecutor-hivemq-controller-101] DEBUG c.h.p.o.HiveMQPlatformReconciler - [helmexte] StatefulSet Status (revision: test-hivemq-platform-784f65f8f4, replicas: 1, available: 0, ready: 0, current: 1, updated: 1)
2025-01-28 23:57:47,975 INFO c.h.h.t.HelmChartContainer - [hivemq-test-hivemq-platform] [hivemq-platform-operator] [04661a7e] 23:57:47.972 [ReconcilerExecutor-hivemq-controller-101] DEBUG c.h.p.o.HiveMQPlatformReconciler - [helmexte] StatefulSet Spec (replicas: 1, init containers: 1, containers: 1, volumes: 5)
2025-01-28 23:57:47,977 INFO c.h.h.t.HelmChartContainer - [hivemq-test-hivemq-platform] [hivemq-platform-operator] [04661a7e] 23:57:47.976 [ReconcilerExecutor-hivemq-controller-101] DEBUG c.h.p.o.h.HiveMQPlatformReconcilerErrorHandler - [helmexte] Pod 'test-hivemq-platform-0' phase Pending
2025-01-28 23:57:47,978 INFO c.h.h.t.HelmChartContainer - [hivemq-test-hivemq-platform] [hivemq-platform-operator] [04661a7e] 23:57:47.977 [ReconcilerExecutor-hivemq-controller-101] DEBUG c.h.p.o.h.HiveMQPlatformReconcilerErrorHandler - [helmexte] Pod 'test-hivemq-platform-0' condition 'PodReadyToStartContainers': True
2025-01-28 23:57:47,980 INFO c.h.h.t.HelmChartContainer - [hivemq-test-hivemq-platform] [hivemq-platform-operator] [04661a7e] 23:57:47.977 [ReconcilerExecutor-hivemq-controller-101] DEBUG c.h.p.o.h.HiveMQPlatformReconcilerErrorHandler - [helmexte] Pod 'test-hivemq-platform-0' condition 'Initialized': True
2025-01-28 23:57:47,980 INFO c.h.h.t.HelmChartContainer - [hivemq-test-hivemq-platform] [hivemq-platform-operator] [04661a7e] 23:57:47.978 [ReconcilerExecutor-hivemq-controller-101] DEBUG c.h.p.o.h.HiveMQPlatformReconcilerErrorHandler - [helmexte] Pod 'test-hivemq-platform-0' condition 'Ready': False
2025-01-28 23:57:47,981 INFO c.h.h.t.HelmChartContainer - [hivemq-test-hivemq-platform] [hivemq-platform-operator] [04661a7e] 23:57:47.978 [ReconcilerExecutor-hivemq-controller-101] DEBUG c.h.p.o.h.HiveMQPlatformReconcilerErrorHandler - [helmexte] Pod 'test-hivemq-platform-0' condition 'ContainersReady': False
2025-01-28 23:57:47,981 INFO c.h.h.t.HelmChartContainer - [hivemq-test-hivemq-platform] [hivemq-platform-operator] [04661a7e] 23:57:47.978 [ReconcilerExecutor-hivemq-controller-101] DEBUG c.h.p.o.h.HiveMQPlatformReconcilerErrorHandler - [helmexte] Pod 'test-hivemq-platform-0' condition 'PodScheduled': True
2025-01-28 23:57:47,981 INFO c.h.h.t.HelmChartContainer - [hivemq-test-hivemq-platform] [hivemq-platform-operator] [04661a7e] 23:57:47.979 [ReconcilerExecutor-hivemq-controller-101] DEBUG c.h.p.o.h.HiveMQPlatformReconcilerErrorHandler - [helmexte] Pod 'test-hivemq-platform-0' containerStatus 'hivemq' (started: false) (ready: false) (waiting: [PodInitializing] null)
2025-01-28 23:57:47,983 INFO c.h.h.t.HelmChartContainer - [hivemq-test-hivemq-platform] [hivemq-platform-operator] [04661a7e] 23:57:47.981 [ReconcilerExecutor-hivemq-controller-101] INFO  c.h.p.o.h.HiveMQPlatformReconcilerBaseHandler - [helmexte] HiveMQ Platform is starting, 0 of 1 replicas are ready
2025-01-28 23:57:48,907 INFO c.h.h.t.HelmChartContainer - [EVENT] Normal [Created] Created container: hivemq [helmextensionlicensesit:test-hivemq-platform-0]
2025-01-28 23:57:48,907 INFO c.h.h.t.HelmChartContainer - Received Created event for container hivemq in pod test-hivemq-platform-0 [03c8dae6-3e6e-4cbf-a53f-891ac9f56f48]
2025-01-28 23:57:49,772 INFO c.h.h.t.HelmChartContainer - [POD] test-hivemq-platform-0 [03c8dae6-3e6e-4cbf-a53f-891ac9f56f48] in helmextensionlicensesit was MODIFIED
2025-01-28 23:57:49,789 INFO c.h.h.t.HelmChartContainer - [hivemq-test-hivemq-platform] [hivemq-platform-operator] [04661a7e] 23:57:49.788 [pool-6-thread-8] DEBUG c.h.p.o.d.PlatformServiceResource - [helmexte] Desired Platform services (3 services)
2025-01-28 23:57:49,793 INFO c.h.h.t.HelmChartContainer - Started log watcher for hivemq in pod test-hivemq-platform-0 [03c8dae6-3e6e-4cbf-a53f-891ac9f56f48]
2025-01-28 23:57:49,795 INFO c.h.h.t.HelmChartContainer - [test-hivemq-platform] [hivemq] [03c8dae6] Adding pre-installed HiveMQ Platform Operator extensions
2025-01-28 23:57:49,797 INFO c.h.h.t.HelmChartContainer - [EVENT] Normal [Started] Started container hivemq [helmextensionlicensesit:test-hivemq-platform-0]
2025-01-28 23:57:49,797 INFO c.h.h.t.HelmChartContainer - Received Started event for container hivemq in pod test-hivemq-platform-0 [03c8dae6-3e6e-4cbf-a53f-891ac9f56f48]
2025-01-28 23:57:49,797 INFO c.h.h.t.HelmChartContainer - [test-hivemq-platform] [hivemq] [03c8dae6] Running as user 10000
2025-01-28 23:57:49,797 INFO c.h.h.t.HelmChartContainer - [test-hivemq-platform] [hivemq] [03c8dae6] Starting HiveMQ Platform Operator Init
2025-01-28 23:57:49,798 INFO c.h.h.t.HelmChartContainer - [hivemq-test-hivemq-platform] [hivemq-platform-operator] [04661a7e] 23:57:49.792 [pool-6-thread-3] DEBUG c.h.p.o.d.PodServiceAccountResource - [helmexte] Desired PodServiceAccountResource (serviceAccountName: hivemq-platform-pod-test-hivemq-platform)
2025-01-28 23:57:49,798 INFO c.h.h.t.HelmChartContainer - [hivemq-test-hivemq-platform] [hivemq-platform-operator] [04661a7e] 23:57:49.795 [pool-6-thread-5] DEBUG c.h.p.o.dependants.PodInfoConfigMap - [helmexte] Desired PodInfo ConfigMap (1 extensions) (1 enabled)
2025-01-28 23:57:49,798 INFO c.h.h.t.HelmChartContainer - [hivemq-test-hivemq-platform] [hivemq-platform-operator] [04661a7e] 23:57:49.797 [pool-6-thread-5] DEBUG c.h.p.o.dependants.PodInfoConfigMap - [helmexte] Desired PodInfo ConfigMap (metrics port: 9399) (metrics path: /)
2025-01-28 23:57:49,798 INFO c.h.h.t.HelmChartContainer - [hivemq-test-hivemq-platform] [hivemq-platform-operator] [04661a7e] 23:57:49.798 [pool-6-thread-5] DEBUG c.h.p.o.dependants.PodInfoConfigMap - [helmexte] Desired PodInfo ConfigMap (extension state hash: 548530826)
2025-01-28 23:57:49,869 INFO c.h.h.t.HelmChartContainer - [hivemq-test-hivemq-platform] [hivemq-platform-operator] [04661a7e] 23:57:49.868 [pool-6-thread-8] DEBUG c.h.p.o.d.StatefulSetResource - [helmexte] Desired StatefulSet (1 replicas) for status STARTING (READY)
2025-01-28 23:57:49,882 INFO c.h.h.t.HelmChartContainer - [hivemq-test-hivemq-platform] [hivemq-platform-operator] [04661a7e] 23:57:49.880 [ReconcilerExecutor-hivemq-controller-112] INFO  c.h.p.o.HiveMQPlatformReconciler - [helmexte] Reconciling HiveMQ Platform 'test-hivemq-platform' in namespace 'helmextensionlicensesit'
2025-01-28 23:57:49,884 INFO c.h.h.t.HelmChartContainer - [hivemq-test-hivemq-platform] [hivemq-platform-operator] [04661a7e] 23:57:49.880 [ReconcilerExecutor-hivemq-controller-112] DEBUG c.h.p.o.HiveMQPlatformReconciler - [helmexte] Custom Resource Status STARTING - HiveMQ Platform is starting (READY)
2025-01-28 23:57:49,884 INFO c.h.h.t.HelmChartContainer - [hivemq-test-hivemq-platform] [hivemq-platform-operator] [04661a7e] 23:57:49.880 [ReconcilerExecutor-hivemq-controller-112] DEBUG c.h.p.o.HiveMQPlatformReconciler - [helmexte] Custom Resource Spec (replicas: 1) (extensions: 1)
2025-01-28 23:57:49,885 INFO c.h.h.t.HelmChartContainer - [hivemq-test-hivemq-platform] [hivemq-platform-operator] [04661a7e] 23:57:49.884 [ReconcilerExecutor-hivemq-controller-112] DEBUG c.h.p.o.HiveMQPlatformReconciler - [helmexte] StatefulSet Status (revision: test-hivemq-platform-784f65f8f4, replicas: 1, available: 0, ready: 0, current: 1, updated: 1)
2025-01-28 23:57:49,885 INFO c.h.h.t.HelmChartContainer - [hivemq-test-hivemq-platform] [hivemq-platform-operator] [04661a7e] 23:57:49.884 [ReconcilerExecutor-hivemq-controller-112] DEBUG c.h.p.o.HiveMQPlatformReconciler - [helmexte] StatefulSet Spec (replicas: 1, init containers: 1, containers: 1, volumes: 5)
2025-01-28 23:57:49,892 INFO c.h.h.t.HelmChartContainer - [hivemq-test-hivemq-platform] [hivemq-platform-operator] [04661a7e] 23:57:49.891 [ReconcilerExecutor-hivemq-controller-112] DEBUG c.h.p.o.h.HiveMQPlatformReconcilerErrorHandler - [helmexte] Pod 'test-hivemq-platform-0' phase Running
2025-01-28 23:57:49,893 INFO c.h.h.t.HelmChartContainer - [hivemq-test-hivemq-platform] [hivemq-platform-operator] [04661a7e] 23:57:49.893 [ReconcilerExecutor-hivemq-controller-112] INFO  c.h.p.o.h.HiveMQPlatformReconcilerBaseHandler - [helmexte] HiveMQ Platform is starting, 0 of 1 replicas are ready
2025-01-28 23:57:50,172 INFO c.h.h.t.HelmChartContainer - [test-hivemq-platform] [hivemq] [03c8dae6] INFO  - [HiveMQ Platform Operator Init 1.7.0-SNAPSHOT] HiveMQ Platform Operator Init 1.7.0-SNAPSHOT (commit: bebf408 on branch: HEAD) built on Sun Jan 26 20:47:47 UTC 2025
2025-01-28 23:57:51,383 INFO c.h.h.t.HelmChartContainer - [test-hivemq-platform] [hivemq] [03c8dae6] INFO  - [HiveMQ Platform Operator Init App 1.7.0-SNAPSHOT] Using bind address 10.42.0.12 from environment variable
2025-01-28 23:57:52,284 INFO c.h.h.t.HelmChartContainer - [test-hivemq-platform] [hivemq] [03c8dae6] INFO  - [HiveMQ Platform Operator Init App 1.7.0-SNAPSHOT] HiveMQ Platform Operator Init App 1.7.0-SNAPSHOT (commit: bebf408 on branch: HEAD) built on Sun Jan 26 20:47:47 UTC 2025
2025-01-28 23:57:52,284 INFO c.h.h.t.HelmChartContainer - [test-hivemq-platform] [hivemq] [03c8dae6] INFO  - [HiveMQ Platform Operator Init App 1.7.0-SNAPSHOT] PodInfo ConfigMap directory: /etc/podinfo
2025-01-28 23:57:52,284 INFO c.h.h.t.HelmChartContainer - [test-hivemq-platform] [hivemq] [03c8dae6] INFO  - [HiveMQ Platform Operator Init App 1.7.0-SNAPSHOT] HiveMQ home directory: /opt/hivemq
2025-01-28 23:57:52,284 INFO c.h.h.t.HelmChartContainer - [test-hivemq-platform] [hivemq] [03c8dae6] INFO  - [HiveMQ Platform Operator Init App 1.7.0-SNAPSHOT] HiveMQ Logback folder: /opt/hivemq/conf
2025-01-28 23:57:52,284 INFO c.h.h.t.HelmChartContainer - [test-hivemq-platform] [hivemq] [03c8dae6] INFO  - [HiveMQ Platform Operator Init App 1.7.0-SNAPSHOT] HiveMQ Config folder: /opt/hivemq/conf-k8s
2025-01-28 23:57:52,284 INFO c.h.h.t.HelmChartContainer - [test-hivemq-platform] [hivemq] [03c8dae6] INFO  - [HiveMQ Platform Operator Init App 1.7.0-SNAPSHOT] Starting HiveMQ Platform Operator Init App
2025-01-28 23:57:52,284 INFO c.h.h.t.HelmChartContainer - [test-hivemq-platform] [hivemq] [03c8dae6] INFO  - [HiveMQ Platform Operator Init App 1.7.0-SNAPSHOT] Starting Pod reconciler
2025-01-28 23:57:53,571 INFO c.h.h.t.HelmChartContainer - [test-hivemq-platform] [hivemq] [03c8dae6] INFO  - [HiveMQ Platform Operator Init App 1.7.0-SNAPSHOT] Pod reconciler is scheduled (interval: 5000 ms)
2025-01-28 23:57:53,572 INFO c.h.h.t.HelmChartContainer - [test-hivemq-platform] [hivemq] [03c8dae6] INFO  - [HiveMQ Platform Operator Init App 1.7.0-SNAPSHOT] Starting the REST API on 10.42.0.12:7979
2025-01-28 23:57:53,575 INFO c.h.h.t.HelmChartContainer - [test-hivemq-platform] [hivemq] [03c8dae6] INFO  - [HiveMQ Platform Operator Init App 1.7.0-SNAPSHOT] Waiting up to 600s for at most 1 HiveMQ nodes in cluster service hivemq-test-hivemq-platform-cluster.helmextensionlicensesit.svc
2025-01-28 23:57:53,971 INFO c.h.h.t.HelmChartContainer - [test-hivemq-platform] [hivemq] [03c8dae6] INFO  - [HiveMQ Platform Operator Init App 1.7.0-SNAPSHOT] Resolved 1 IP addresses: [10.42.0.12]
2025-01-28 23:57:53,971 INFO c.h.h.t.HelmChartContainer - [test-hivemq-platform] [hivemq] [03c8dae6] INFO  - [HiveMQ Platform Operator Init App 1.7.0-SNAPSHOT] HiveMQ node count of 1 is within threshold of 1
2025-01-28 23:57:53,972 INFO c.h.h.t.HelmChartContainer - [test-hivemq-platform] [hivemq] [03c8dae6] INFO  - [HiveMQ Platform Operator Init App 1.7.0-SNAPSHOT] Proceeding with container start
2025-01-28 23:57:54,068 INFO c.h.h.t.HelmChartContainer - [test-hivemq-platform] [hivemq] [03c8dae6] INFO  - [HiveMQ Platform Operator Init App 1.7.0-SNAPSHOT] Initializing HiveMQ Platform extensions with initial configuration: {hivemq-distributed-tracing-extension={start-priority=-1, skip-https-hostname-verification=false, restart=false, config-version=1304, header-version=0, c-uri=, priority=-1, uri=preinstalled, skip-https-certificate-validation=false, enabled=true}, hivemq-prometheus-extension={restart=true, enabled=true, request-header-path=no-request-headers, uri=preinstalled, skip-https-certificate-validation=false, skip-https-hostname-verification=false, c-uri=, start-priority=-1, priority=-1}}
2025-01-28 23:57:54,568 INFO c.h.h.t.HelmChartContainer - [test-hivemq-platform] [hivemq] [03c8dae6] INFO  - [HiveMQ Platform Operator Init App 1.7.0-SNAPSHOT] Successfully enabled extension hivemq-distributed-tracing-extension
2025-01-28 23:57:54,659 INFO c.h.h.t.HelmChartContainer - [test-hivemq-platform] [hivemq] [03c8dae6] INFO  - [HiveMQ Platform Operator Init App 1.7.0-SNAPSHOT] Successfully enabled extension hivemq-prometheus-extension
2025-01-28 23:57:54,661 INFO c.h.h.t.HelmChartContainer - [test-hivemq-platform] [hivemq] [03c8dae6] INFO  - [HiveMQ Platform Operator Init App 1.7.0-SNAPSHOT] Starting HiveMQ Platform version 4.36.0 (4.36.0)
2025-01-28 23:57:54,661 INFO c.h.h.t.HelmChartContainer - [test-hivemq-platform] [hivemq] [03c8dae6] INFO  - [HiveMQ Platform Operator Init App 1.7.0-SNAPSHOT] Configuring the HiveMQ Platform
2025-01-28 23:57:54,672 INFO c.h.h.t.HelmChartContainer - [test-hivemq-platform] [hivemq] [03c8dae6] INFO  - [HiveMQ Platform Operator Init App 1.7.0-SNAPSHOT] Changed logback.xml file scan period to 20 seconds
2025-01-28 23:57:54,771 INFO c.h.h.t.HelmChartContainer - [test-hivemq-platform] [hivemq] [03c8dae6] INFO  - [HiveMQ Platform Operator Init App 1.7.0-SNAPSHOT] Starting the HiveMQ Platform
2025-01-28 23:57:54,774 INFO c.h.h.t.HelmChartContainer - [test-hivemq-platform] [hivemq] [03c8dae6] -------------------------------------------------------------------------
2025-01-28 23:57:54,775 INFO c.h.h.t.HelmChartContainer - [test-hivemq-platform] [hivemq] [03c8dae6] 
2025-01-28 23:57:54,776 INFO c.h.h.t.HelmChartContainer - [test-hivemq-platform] [hivemq] [03c8dae6]                   _    _  _              __  __   ____
2025-01-28 23:57:54,776 INFO c.h.h.t.HelmChartContainer - [test-hivemq-platform] [hivemq] [03c8dae6]                  | |  | |(_)            |  \/  | / __ \
2025-01-28 23:57:54,776 INFO c.h.h.t.HelmChartContainer - [test-hivemq-platform] [hivemq] [03c8dae6]                  | |__| | _ __   __ ___ | \  / || |  | |
2025-01-28 23:57:54,776 INFO c.h.h.t.HelmChartContainer - [test-hivemq-platform] [hivemq] [03c8dae6]                  |  __  || |\ \ / // _ \| |\/| || |  | |
2025-01-28 23:57:54,776 INFO c.h.h.t.HelmChartContainer - [test-hivemq-platform] [hivemq] [03c8dae6]                  | |  | || | \ V /|  __/| |  | || |__| |
2025-01-28 23:57:54,776 INFO c.h.h.t.HelmChartContainer - [test-hivemq-platform] [hivemq] [03c8dae6]                  |_|  |_||_|  \_/  \___||_|  |_| \___\_\
2025-01-28 23:57:54,776 INFO c.h.h.t.HelmChartContainer - [test-hivemq-platform] [hivemq] [03c8dae6] 
2025-01-28 23:57:54,776 INFO c.h.h.t.HelmChartContainer - [test-hivemq-platform] [hivemq] [03c8dae6] -------------------------------------------------------------------------
2025-01-28 23:57:54,776 INFO c.h.h.t.HelmChartContainer - [test-hivemq-platform] [hivemq] [03c8dae6] 
2025-01-28 23:57:54,776 INFO c.h.h.t.HelmChartContainer - [test-hivemq-platform] [hivemq] [03c8dae6]   HiveMQ Start Script for Linux/Unix v1.14
2025-01-28 23:57:54,776 INFO c.h.h.t.HelmChartContainer - [test-hivemq-platform] [hivemq] [03c8dae6] 
2025-01-28 23:57:54,877 INFO c.h.h.t.HelmChartContainer - [test-hivemq-platform] [hivemq] [03c8dae6] -------------------------------------------------------------------------
2025-01-28 23:57:54,878 INFO c.h.h.t.HelmChartContainer - [test-hivemq-platform] [hivemq] [03c8dae6] 
2025-01-28 23:57:54,878 INFO c.h.h.t.HelmChartContainer - [test-hivemq-platform] [hivemq] [03c8dae6]   HIVEMQ_HOME: /opt/hivemq
2025-01-28 23:57:54,878 INFO c.h.h.t.HelmChartContainer - [test-hivemq-platform] [hivemq] [03c8dae6] 
2025-01-28 23:57:54,878 INFO c.h.h.t.HelmChartContainer - [test-hivemq-platform] [hivemq] [03c8dae6]   JAVA_OPTS: -XX:+UnlockExperimentalVMOptions -XX:InitialRAMPercentage=50 -XX:MaxRAMPercentage=50 -Djava.net.preferIPv4Stack=true --add-opens java.base/java.lang=ALL-UNNAMED --add-opens java.base/java.nio=ALL-UNNAMED --add-opens java.base/sun.nio.ch=ALL-UNNAMED --add-opens jdk.management/com.sun.management.internal=ALL-UNNAMED --add-exports java.base/jdk.internal.misc=ALL-UNNAMED -Djava.security.egd=file:/dev/./urandom -Dcom.sun.management.jmxremote -Dcom.sun.management.jmxremote.port=9010 -Dcom.sun.management.jmxremote.local.only=false -Dcom.sun.management.jmxremote.authenticate=false -Dcom.sun.management.jmxremote.ssl=false -Duser.language=en -Duser.region=US -XX:+CrashOnOutOfMemoryError -XX:+HeapDumpOnOutOfMemoryError
2025-01-28 23:57:54,878 INFO c.h.h.t.HelmChartContainer - [test-hivemq-platform] [hivemq] [03c8dae6] 
2025-01-28 23:57:54,878 INFO c.h.h.t.HelmChartContainer - [test-hivemq-platform] [hivemq] [03c8dae6]   JAVA_VERSION: 21
2025-01-28 23:57:54,878 INFO c.h.h.t.HelmChartContainer - [test-hivemq-platform] [hivemq] [03c8dae6] 
2025-01-28 23:57:54,878 INFO c.h.h.t.HelmChartContainer - [test-hivemq-platform] [hivemq] [03c8dae6] -------------------------------------------------------------------------
2025-01-28 23:57:54,878 INFO c.h.h.t.HelmChartContainer - [test-hivemq-platform] [hivemq] [03c8dae6] 
2025-01-28 23:57:55,862 INFO c.h.h.t.HelmChartContainer - [test-hivemq-platform] [hivemq] [03c8dae6] INFO  - [HiveMQ Platform Operator Init App 1.7.0-SNAPSHOT] Returning default Health API response 503 for readiness
2025-01-28 23:57:56,274 INFO c.h.h.t.HelmChartContainer - [EVENT] Warning [Unhealthy] Readiness probe failed: HTTP probe failed with statuscode: 503 [helmextensionlicensesit:test-hivemq-platform-0]
2025-01-28 23:57:56,274 INFO c.h.h.t.HelmChartContainer - Received Unhealthy event for container hivemq in pod test-hivemq-platform-0 [03c8dae6-3e6e-4cbf-a53f-891ac9f56f48]
2025-01-28 23:57:57,669 INFO c.h.h.t.HelmChartContainer - [test-hivemq-platform] [hivemq] [03c8dae6] INFO  - Starting HiveMQ Enterprise Server
2025-01-28 23:57:57,674 INFO c.h.h.t.HelmChartContainer - [test-hivemq-platform] [hivemq] [03c8dae6] INFO  - HiveMQ version: 4.36.0
2025-01-28 23:57:57,675 INFO c.h.h.t.HelmChartContainer - [test-hivemq-platform] [hivemq] [03c8dae6] INFO  - HiveMQ home directory: /opt/hivemq
2025-01-28 23:57:57,675 INFO c.h.h.t.HelmChartContainer - [test-hivemq-platform] [hivemq] [03c8dae6] INFO  - Log Configuration was overridden by /opt/hivemq/conf/logback.xml
2025-01-28 23:57:59,270 INFO c.h.h.t.HelmChartContainer - [test-hivemq-platform] [hivemq] [03c8dae6] INFO  - Successfully loaded configuration from '/opt/hivemq/conf-k8s/config.xml'.
2025-01-28 23:57:59,903 INFO c.h.h.t.HelmChartContainer - [hivemq-test-hivemq-platform] [hivemq-platform-operator] [04661a7e] 23:57:59.898 [pool-6-thread-15] DEBUG c.h.p.o.dependants.PodInfoConfigMap - [helmexte] Desired PodInfo ConfigMap (1 extensions) (1 enabled)
2025-01-28 23:57:59,903 INFO c.h.h.t.HelmChartContainer - [hivemq-test-hivemq-platform] [hivemq-platform-operator] [04661a7e] 23:57:59.896 [pool-6-thread-16] DEBUG c.h.p.o.d.PlatformServiceResource - [helmexte] Desired Platform services (3 services)
2025-01-28 23:57:59,903 INFO c.h.h.t.HelmChartContainer - [hivemq-test-hivemq-platform] [hivemq-platform-operator] [04661a7e] 23:57:59.898 [pool-6-thread-15] DEBUG c.h.p.o.dependants.PodInfoConfigMap - [helmexte] Desired PodInfo ConfigMap (metrics port: 9399) (metrics path: /)
2025-01-28 23:57:59,903 INFO c.h.h.t.HelmChartContainer - [hivemq-test-hivemq-platform] [hivemq-platform-operator] [04661a7e] 23:57:59.898 [pool-6-thread-15] DEBUG c.h.p.o.dependants.PodInfoConfigMap - [helmexte] Desired PodInfo ConfigMap (extension state hash: 548530826)
2025-01-28 23:57:59,903 INFO c.h.h.t.HelmChartContainer - [hivemq-test-hivemq-platform] [hivemq-platform-operator] [04661a7e] 23:57:59.900 [pool-6-thread-11] DEBUG c.h.p.o.d.PodServiceAccountResource - [helmexte] Desired PodServiceAccountResource (serviceAccountName: hivemq-platform-pod-test-hivemq-platform)
2025-01-28 23:57:59,906 INFO c.h.h.t.HelmChartContainer - [hivemq-test-hivemq-platform] [hivemq-platform-operator] [04661a7e] 23:57:59.905 [pool-6-thread-16] DEBUG c.h.p.o.d.StatefulSetResource - [helmexte] Desired StatefulSet (1 replicas) for status STARTING (READY)
2025-01-28 23:57:59,910 INFO c.h.h.t.HelmChartContainer - [hivemq-test-hivemq-platform] [hivemq-platform-operator] [04661a7e] 23:57:59.909 [ReconcilerExecutor-hivemq-controller-113] INFO  c.h.p.o.HiveMQPlatformReconciler - [helmexte] Reconciling HiveMQ Platform 'test-hivemq-platform' in namespace 'helmextensionlicensesit'
2025-01-28 23:57:59,911 INFO c.h.h.t.HelmChartContainer - [hivemq-test-hivemq-platform] [hivemq-platform-operator] [04661a7e] 23:57:59.909 [ReconcilerExecutor-hivemq-controller-113] DEBUG c.h.p.o.HiveMQPlatformReconciler - [helmexte] Custom Resource Status STARTING - HiveMQ Platform is starting (READY)
2025-01-28 23:57:59,911 INFO c.h.h.t.HelmChartContainer - [hivemq-test-hivemq-platform] [hivemq-platform-operator] [04661a7e] 23:57:59.909 [ReconcilerExecutor-hivemq-controller-113] DEBUG c.h.p.o.HiveMQPlatformReconciler - [helmexte] Custom Resource Spec (replicas: 1) (extensions: 1)
2025-01-28 23:57:59,914 INFO c.h.h.t.HelmChartContainer - [hivemq-test-hivemq-platform] [hivemq-platform-operator] [04661a7e] 23:57:59.913 [ReconcilerExecutor-hivemq-controller-113] DEBUG c.h.p.o.HiveMQPlatformReconciler - [helmexte] StatefulSet Status (revision: test-hivemq-platform-784f65f8f4, replicas: 1, available: 0, ready: 0, current: 1, updated: 1)
2025-01-28 23:57:59,914 INFO c.h.h.t.HelmChartContainer - [hivemq-test-hivemq-platform] [hivemq-platform-operator] [04661a7e] 23:57:59.913 [ReconcilerExecutor-hivemq-controller-113] DEBUG c.h.p.o.HiveMQPlatformReconciler - [helmexte] StatefulSet Spec (replicas: 1, init containers: 1, containers: 1, volumes: 5)
2025-01-28 23:57:59,972 INFO c.h.h.t.HelmChartContainer - [hivemq-test-hivemq-platform] [hivemq-platform-operator] [04661a7e] 23:57:59.970 [ReconcilerExecutor-hivemq-controller-113] DEBUG c.h.p.o.h.HiveMQPlatformReconcilerErrorHandler - [helmexte] Pod 'test-hivemq-platform-0' phase Running
2025-01-28 23:57:59,972 INFO c.h.h.t.HelmChartContainer - [hivemq-test-hivemq-platform] [hivemq-platform-operator] [04661a7e] 23:57:59.971 [ReconcilerExecutor-hivemq-controller-113] INFO  c.h.p.o.h.HiveMQPlatformReconcilerBaseHandler - [helmexte] HiveMQ Platform is starting, 0 of 1 replicas are ready
2025-01-28 23:58:00,167 INFO c.h.h.t.HelmChartContainer - [test-hivemq-platform] [hivemq] [03c8dae6] INFO  - This node's ID is zPBSc
2025-01-28 23:58:00,167 INFO c.h.h.t.HelmChartContainer - [test-hivemq-platform] [hivemq] [03c8dae6] INFO  - Clustering is enabled
2025-01-28 23:58:01,367 INFO c.h.h.t.HelmChartContainer - [test-hivemq-platform] [hivemq] [03c8dae6] WARN  - [HiveMQ Platform Operator Init App 1.7.0-SNAPSHOT] Cannot connect to Health API for readiness: null
2025-01-28 23:58:01,373 INFO c.h.h.t.HelmChartContainer - [EVENT] Warning [Unhealthy] Readiness probe failed: HTTP probe failed with statuscode: 503 [helmextensionlicensesit:test-hivemq-platform-0]
2025-01-28 23:58:01,373 INFO c.h.h.t.HelmChartContainer - Received Unhealthy event for container hivemq in pod test-hivemq-platform-0 [03c8dae6-3e6e-4cbf-a53f-891ac9f56f48]
2025-01-28 23:58:03,768 INFO c.h.h.t.HelmChartContainer - [test-hivemq-platform] [hivemq] [03c8dae6] Jan 28, 2025 11:58:03 PM io.vertx.core.impl.BlockedThreadChecker
2025-01-28 23:58:03,768 INFO c.h.h.t.HelmChartContainer - [test-hivemq-platform] [hivemq] [03c8dae6] WARNING: Thread Thread[vert.x-eventloop-thread-1,5,main] has been blocked for 2213 ms, time limit is 2000 ms
2025-01-28 23:58:04,270 INFO c.h.h.t.HelmChartContainer - [test-hivemq-platform] [hivemq] [03c8dae6] INFO  - [HiveMQ Platform Operator Init App 1.7.0-SNAPSHOT] Updating Pod HiveMQ Platform Operator Init App version annotation (version: 1.7.0-SNAPSHOT)
2025-01-28 23:58:05,264 INFO c.h.h.t.HelmChartContainer - [POD] test-hivemq-platform-0 [03c8dae6-3e6e-4cbf-a53f-891ac9f56f48] in helmextensionlicensesit was MODIFIED
2025-01-28 23:58:05,270 INFO c.h.h.t.HelmChartContainer - [test-hivemq-platform] [hivemq] [03c8dae6] WARN  - [HiveMQ Platform Operator Init App 1.7.0-SNAPSHOT] Cannot connect to Health API for readiness: null
2025-01-28 23:58:05,278 INFO c.h.h.t.HelmChartContainer - [EVENT] Warning [Unhealthy] Readiness probe failed: HTTP probe failed with statuscode: 503 [helmextensionlicensesit:test-hivemq-platform-0]
2025-01-28 23:58:05,278 INFO c.h.h.t.HelmChartContainer - Received Unhealthy event for container hivemq in pod test-hivemq-platform-0 [03c8dae6-3e6e-4cbf-a53f-891ac9f56f48]
2025-01-28 23:58:05,282 INFO c.h.h.t.HelmChartContainer - [hivemq-test-hivemq-platform] [hivemq-platform-operator] [04661a7e] 23:58:05.280 [pool-6-thread-26] DEBUG c.h.p.o.d.PlatformServiceResource - [helmexte] Desired Platform services (3 services)
2025-01-28 23:58:05,284 INFO c.h.h.t.HelmChartContainer - [hivemq-test-hivemq-platform] [hivemq-platform-operator] [04661a7e] 23:58:05.283 [pool-6-thread-21] DEBUG c.h.p.o.d.PodServiceAccountResource - [helmexte] Desired PodServiceAccountResource (serviceAccountName: hivemq-platform-pod-test-hivemq-platform)
2025-01-28 23:58:05,286 INFO c.h.h.t.HelmChartContainer - [hivemq-test-hivemq-platform] [hivemq-platform-operator] [04661a7e] 23:58:05.285 [pool-6-thread-25] DEBUG c.h.p.o.dependants.PodInfoConfigMap - [helmexte] Desired PodInfo ConfigMap (1 extensions) (1 enabled)
2025-01-28 23:58:05,287 INFO c.h.h.t.HelmChartContainer - [hivemq-test-hivemq-platform] [hivemq-platform-operator] [04661a7e] 23:58:05.285 [pool-6-thread-25] DEBUG c.h.p.o.dependants.PodInfoConfigMap - [helmexte] Desired PodInfo ConfigMap (metrics port: 9399) (metrics path: /)
2025-01-28 23:58:05,288 INFO c.h.h.t.HelmChartContainer - [hivemq-test-hivemq-platform] [hivemq-platform-operator] [04661a7e] 23:58:05.286 [pool-6-thread-25] DEBUG c.h.p.o.dependants.PodInfoConfigMap - [helmexte] Desired PodInfo ConfigMap (extension state hash: 548530826)
2025-01-28 23:58:05,289 INFO c.h.h.t.HelmChartContainer - [hivemq-test-hivemq-platform] [hivemq-platform-operator] [04661a7e] 23:58:05.289 [pool-6-thread-25] DEBUG c.h.p.o.d.StatefulSetResource - [helmexte] Desired StatefulSet (1 replicas) for status STARTING (READY)
2025-01-28 23:58:05,360 INFO c.h.h.t.HelmChartContainer - [test-hivemq-platform] [hivemq] [03c8dae6] INFO  - [HiveMQ Platform Operator Init App 1.7.0-SNAPSHOT] Successfully updated Pod HiveMQ Platform Operator Init App version annotation (version: 1.7.0-SNAPSHOT)
2025-01-28 23:58:05,370 INFO c.h.h.t.HelmChartContainer - [hivemq-test-hivemq-platform] [hivemq-platform-operator] [04661a7e] 23:58:05.369 [ReconcilerExecutor-hivemq-controller-114] INFO  c.h.p.o.HiveMQPlatformReconciler - [helmexte] Reconciling HiveMQ Platform 'test-hivemq-platform' in namespace 'helmextensionlicensesit'
2025-01-28 23:58:05,371 INFO c.h.h.t.HelmChartContainer - [hivemq-test-hivemq-platform] [hivemq-platform-operator] [04661a7e] 23:58:05.369 [ReconcilerExecutor-hivemq-controller-114] DEBUG c.h.p.o.HiveMQPlatformReconciler - [helmexte] Custom Resource Status STARTING - HiveMQ Platform is starting (READY)
2025-01-28 23:58:05,372 INFO c.h.h.t.HelmChartContainer - [hivemq-test-hivemq-platform] [hivemq-platform-operator] [04661a7e] 23:58:05.370 [ReconcilerExecutor-hivemq-controller-114] DEBUG c.h.p.o.HiveMQPlatformReconciler - [helmexte] Custom Resource Spec (replicas: 1) (extensions: 1)
2025-01-28 23:58:05,449 INFO c.h.h.t.HelmChartContainer - [hivemq-test-hivemq-platform] [hivemq-platform-operator] [04661a7e] 23:58:05.374 [ReconcilerExecutor-hivemq-controller-114] DEBUG c.h.p.o.HiveMQPlatformReconciler - [helmexte] StatefulSet Status (revision: test-hivemq-platform-784f65f8f4, replicas: 1, available: 0, ready: 0, current: 1, updated: 1)
2025-01-28 23:58:05,449 INFO c.h.h.t.HelmChartContainer - [hivemq-test-hivemq-platform] [hivemq-platform-operator] [04661a7e] 23:58:05.374 [ReconcilerExecutor-hivemq-controller-114] DEBUG c.h.p.o.HiveMQPlatformReconciler - [helmexte] StatefulSet Spec (replicas: 1, init containers: 1, containers: 1, volumes: 5)
2025-01-28 23:58:05,449 INFO c.h.h.t.HelmChartContainer - [hivemq-test-hivemq-platform] [hivemq-platform-operator] [04661a7e] 23:58:05.376 [ReconcilerExecutor-hivemq-controller-114] DEBUG c.h.p.o.h.HiveMQPlatformReconcilerErrorHandler - [helmexte] Pod 'test-hivemq-platform-0' phase Running
2025-01-28 23:58:05,449 INFO c.h.h.t.HelmChartContainer - [hivemq-test-hivemq-platform] [hivemq-platform-operator] [04661a7e] 23:58:05.377 [ReconcilerExecutor-hivemq-controller-114] INFO  c.h.p.o.h.HiveMQPlatformReconcilerBaseHandler - [helmexte] HiveMQ Platform is starting, 0 of 1 replicas are ready
2025-01-28 23:58:10,268 INFO c.h.h.t.HelmChartContainer - [test-hivemq-platform] [hivemq] [03c8dae6] WARN  - [HiveMQ Platform Operator Init App 1.7.0-SNAPSHOT] Cannot connect to Health API for readiness: null
2025-01-28 23:58:10,273 INFO c.h.h.t.HelmChartContainer - [EVENT] Warning [Unhealthy] Readiness probe failed: HTTP probe failed with statuscode: 503 [helmextensionlicensesit:test-hivemq-platform-0]
2025-01-28 23:58:10,273 INFO c.h.h.t.HelmChartContainer - Received Unhealthy event for container hivemq in pod test-hivemq-platform-0 [03c8dae6-3e6e-4cbf-a53f-891ac9f56f48]
2025-01-28 23:58:15,272 INFO c.h.h.t.HelmChartContainer - [test-hivemq-platform] [hivemq] [03c8dae6] WARN  - [HiveMQ Platform Operator Init App 1.7.0-SNAPSHOT] Cannot connect to Health API for readiness: null
2025-01-28 23:58:15,274 INFO c.h.h.t.HelmChartContainer - [EVENT] Warning [Unhealthy] Readiness probe failed: HTTP probe failed with statuscode: 503 [helmextensionlicensesit:test-hivemq-platform-0]
2025-01-28 23:58:15,274 INFO c.h.h.t.HelmChartContainer - Received Unhealthy event for container hivemq in pod test-hivemq-platform-0 [03c8dae6-3e6e-4cbf-a53f-891ac9f56f48]
2025-01-28 23:58:15,388 INFO c.h.h.t.HelmChartContainer - [hivemq-test-hivemq-platform] [hivemq-platform-operator] [04661a7e] 23:58:15.385 [pool-6-thread-34] DEBUG c.h.p.o.d.PodServiceAccountResource - [helmexte] Desired PodServiceAccountResource (serviceAccountName: hivemq-platform-pod-test-hivemq-platform)
2025-01-28 23:58:15,388 INFO c.h.h.t.HelmChartContainer - [hivemq-test-hivemq-platform] [hivemq-platform-operator] [04661a7e] 23:58:15.385 [pool-6-thread-37] DEBUG c.h.p.o.dependants.PodInfoConfigMap - [helmexte] Desired PodInfo ConfigMap (1 extensions) (1 enabled)
2025-01-28 23:58:15,388 INFO c.h.h.t.HelmChartContainer - [hivemq-test-hivemq-platform] [hivemq-platform-operator] [04661a7e] 23:58:15.385 [pool-6-thread-37] DEBUG c.h.p.o.dependants.PodInfoConfigMap - [helmexte] Desired PodInfo ConfigMap (metrics port: 9399) (metrics path: /)
2025-01-28 23:58:15,388 INFO c.h.h.t.HelmChartContainer - [hivemq-test-hivemq-platform] [hivemq-platform-operator] [04661a7e] 23:58:15.385 [pool-6-thread-37] DEBUG c.h.p.o.dependants.PodInfoConfigMap - [helmexte] Desired PodInfo ConfigMap (extension state hash: 548530826)
2025-01-28 23:58:15,388 INFO c.h.h.t.HelmChartContainer - [hivemq-test-hivemq-platform] [hivemq-platform-operator] [04661a7e] 23:58:15.385 [pool-6-thread-33] DEBUG c.h.p.o.d.PlatformServiceResource - [helmexte] Desired Platform services (3 services)
2025-01-28 23:58:15,392 INFO c.h.h.t.HelmChartContainer - [hivemq-test-hivemq-platform] [hivemq-platform-operator] [04661a7e] 23:58:15.392 [pool-6-thread-33] DEBUG c.h.p.o.d.StatefulSetResource - [helmexte] Desired StatefulSet (1 replicas) for status STARTING (READY)
2025-01-28 23:58:15,471 INFO c.h.h.t.HelmChartContainer - [hivemq-test-hivemq-platform] [hivemq-platform-operator] [04661a7e] 23:58:15.469 [ReconcilerExecutor-hivemq-controller-115] INFO  c.h.p.o.HiveMQPlatformReconciler - [helmexte] Reconciling HiveMQ Platform 'test-hivemq-platform' in namespace 'helmextensionlicensesit'
2025-01-28 23:58:15,471 INFO c.h.h.t.HelmChartContainer - [hivemq-test-hivemq-platform] [hivemq-platform-operator] [04661a7e] 23:58:15.470 [ReconcilerExecutor-hivemq-controller-115] DEBUG c.h.p.o.HiveMQPlatformReconciler - [helmexte] Custom Resource Status STARTING - HiveMQ Platform is starting (READY)
2025-01-28 23:58:15,471 INFO c.h.h.t.HelmChartContainer - [hivemq-test-hivemq-platform] [hivemq-platform-operator] [04661a7e] 23:58:15.470 [ReconcilerExecutor-hivemq-controller-115] DEBUG c.h.p.o.HiveMQPlatformReconciler - [helmexte] Custom Resource Spec (replicas: 1) (extensions: 1)
2025-01-28 23:58:15,476 INFO c.h.h.t.HelmChartContainer - [hivemq-test-hivemq-platform] [hivemq-platform-operator] [04661a7e] 23:58:15.475 [ReconcilerExecutor-hivemq-controller-115] DEBUG c.h.p.o.HiveMQPlatformReconciler - [helmexte] StatefulSet Status (revision: test-hivemq-platform-784f65f8f4, replicas: 1, available: 0, ready: 0, current: 1, updated: 1)
2025-01-28 23:58:15,476 INFO c.h.h.t.HelmChartContainer - [hivemq-test-hivemq-platform] [hivemq-platform-operator] [04661a7e] 23:58:15.475 [ReconcilerExecutor-hivemq-controller-115] DEBUG c.h.p.o.HiveMQPlatformReconciler - [helmexte] StatefulSet Spec (replicas: 1, init containers: 1, containers: 1, volumes: 5)
2025-01-28 23:58:15,478 INFO c.h.h.t.HelmChartContainer - [hivemq-test-hivemq-platform] [hivemq-platform-operator] [04661a7e] 23:58:15.477 [ReconcilerExecutor-hivemq-controller-115] DEBUG c.h.p.o.h.HiveMQPlatformReconcilerErrorHandler - [helmexte] Pod 'test-hivemq-platform-0' phase Running
2025-01-28 23:58:15,480 INFO c.h.h.t.HelmChartContainer - [hivemq-test-hivemq-platform] [hivemq-platform-operator] [04661a7e] 23:58:15.478 [ReconcilerExecutor-hivemq-controller-115] INFO  c.h.p.o.h.HiveMQPlatformReconcilerBaseHandler - [helmexte] HiveMQ Platform is starting, 0 of 1 replicas are ready
2025-01-28 23:58:16,064 INFO c.h.h.t.HelmChartContainer - [test-hivemq-platform] [hivemq] [03c8dae6] WARN  - [HiveMQ Platform Operator Init App 1.7.0-SNAPSHOT] Cannot connect to Health API for liveness: null
2025-01-28 23:58:16,065 INFO c.h.h.t.HelmChartContainer - [test-hivemq-platform] [hivemq] [03c8dae6] INFO  - [HiveMQ Platform Operator Init App 1.7.0-SNAPSHOT] Returning default Health API response 200 for liveness
2025-01-28 23:58:19,079 INFO c.h.h.t.HelmChartContainer - [test-hivemq-platform] [hivemq] [03c8dae6] INFO  - No valid license file found. Using trial license, restricted to 25 connections.
2025-01-28 23:58:20,268 INFO c.h.h.t.HelmChartContainer - [test-hivemq-platform] [hivemq] [03c8dae6] WARN  - [HiveMQ Platform Operator Init App 1.7.0-SNAPSHOT] Cannot connect to Health API for readiness: null
2025-01-28 23:58:20,275 INFO c.h.h.t.HelmChartContainer - [EVENT] Warning [Unhealthy] Readiness probe failed: HTTP probe failed with statuscode: 503 [helmextensionlicensesit:test-hivemq-platform-0]
2025-01-28 23:58:20,275 INFO c.h.h.t.HelmChartContainer - Received Unhealthy event for container hivemq in pod test-hivemq-platform-0 [03c8dae6-3e6e-4cbf-a53f-891ac9f56f48]
2025-01-28 23:58:23,968 INFO c.h.h.t.HelmChartContainer - [test-hivemq-platform] [hivemq] [03c8dae6] INFO  - No valid license file for Data Hub found. Using free license, restricted to 1 policy.
2025-01-28 23:58:25,264 INFO c.h.h.t.HelmChartContainer - [test-hivemq-platform] [hivemq] [03c8dae6] INFO  - Audit Logger started.
2025-01-28 23:58:25,268 INFO c.h.h.t.HelmChartContainer - [test-hivemq-platform] [hivemq] [03c8dae6] WARN  - [HiveMQ Platform Operator Init App 1.7.0-SNAPSHOT] Cannot connect to Health API for readiness: null
2025-01-28 23:58:25,273 INFO c.h.h.t.HelmChartContainer - [EVENT] Warning [Unhealthy] Readiness probe failed: HTTP probe failed with statuscode: 503 [helmextensionlicensesit:test-hivemq-platform-0]
2025-01-28 23:58:25,273 INFO c.h.h.t.HelmChartContainer - Received Unhealthy event for container hivemq in pod test-hivemq-platform-0 [03c8dae6-3e6e-4cbf-a53f-891ac9f56f48]
2025-01-28 23:58:25,484 INFO c.h.h.t.HelmChartContainer - [hivemq-test-hivemq-platform] [hivemq-platform-operator] [04661a7e] 23:58:25.483 [pool-6-thread-47] DEBUG c.h.p.o.d.PlatformServiceResource - [helmexte] Desired Platform services (3 services)
2025-01-28 23:58:25,489 INFO c.h.h.t.HelmChartContainer - [hivemq-test-hivemq-platform] [hivemq-platform-operator] [04661a7e] 23:58:25.484 [pool-6-thread-46] DEBUG c.h.p.o.dependants.PodInfoConfigMap - [helmexte] Desired PodInfo ConfigMap (1 extensions) (1 enabled)
2025-01-28 23:58:25,492 INFO c.h.h.t.HelmChartContainer - [hivemq-test-hivemq-platform] [hivemq-platform-operator] [04661a7e] 23:58:25.488 [pool-6-thread-46] DEBUG c.h.p.o.dependants.PodInfoConfigMap - [helmexte] Desired PodInfo ConfigMap (metrics port: 9399) (metrics path: /)
2025-01-28 23:58:25,493 INFO c.h.h.t.HelmChartContainer - [hivemq-test-hivemq-platform] [hivemq-platform-operator] [04661a7e] 23:58:25.490 [pool-6-thread-46] DEBUG c.h.p.o.dependants.PodInfoConfigMap - [helmexte] Desired PodInfo ConfigMap (extension state hash: 548530826)
2025-01-28 23:58:25,494 INFO c.h.h.t.HelmChartContainer - [hivemq-test-hivemq-platform] [hivemq-platform-operator] [04661a7e] 23:58:25.493 [pool-6-thread-45] DEBUG c.h.p.o.d.PodServiceAccountResource - [helmexte] Desired PodServiceAccountResource (serviceAccountName: hivemq-platform-pod-test-hivemq-platform)
2025-01-28 23:58:25,499 INFO c.h.h.t.HelmChartContainer - [hivemq-test-hivemq-platform] [hivemq-platform-operator] [04661a7e] 23:58:25.497 [pool-6-thread-44] DEBUG c.h.p.o.d.StatefulSetResource - [helmexte] Desired StatefulSet (1 replicas) for status STARTING (READY)
2025-01-28 23:58:25,571 INFO c.h.h.t.HelmChartContainer - [hivemq-test-hivemq-platform] [hivemq-platform-operator] [04661a7e] 23:58:25.568 [ReconcilerExecutor-hivemq-controller-116] INFO  c.h.p.o.HiveMQPlatformReconciler - [helmexte] Reconciling HiveMQ Platform 'test-hivemq-platform' in namespace 'helmextensionlicensesit'
2025-01-28 23:58:25,571 INFO c.h.h.t.HelmChartContainer - [hivemq-test-hivemq-platform] [hivemq-platform-operator] [04661a7e] 23:58:25.568 [ReconcilerExecutor-hivemq-controller-116] DEBUG c.h.p.o.HiveMQPlatformReconciler - [helmexte] Custom Resource Status STARTING - HiveMQ Platform is starting (READY)
2025-01-28 23:58:25,571 INFO c.h.h.t.HelmChartContainer - [hivemq-test-hivemq-platform] [hivemq-platform-operator] [04661a7e] 23:58:25.568 [ReconcilerExecutor-hivemq-controller-116] DEBUG c.h.p.o.HiveMQPlatformReconciler - [helmexte] Custom Resource Spec (replicas: 1) (extensions: 1)
2025-01-28 23:58:25,575 INFO c.h.h.t.HelmChartContainer - [hivemq-test-hivemq-platform] [hivemq-platform-operator] [04661a7e] 23:58:25.570 [ReconcilerExecutor-hivemq-controller-116] DEBUG c.h.p.o.HiveMQPlatformReconciler - [helmexte] StatefulSet Status (revision: test-hivemq-platform-784f65f8f4, replicas: 1, available: 0, ready: 0, current: 1, updated: 1)
2025-01-28 23:58:25,575 INFO c.h.h.t.HelmChartContainer - [hivemq-test-hivemq-platform] [hivemq-platform-operator] [04661a7e] 23:58:25.572 [ReconcilerExecutor-hivemq-controller-116] DEBUG c.h.p.o.HiveMQPlatformReconciler - [helmexte] StatefulSet Spec (replicas: 1, init containers: 1, containers: 1, volumes: 5)
2025-01-28 23:58:25,578 INFO c.h.h.t.HelmChartContainer - [hivemq-test-hivemq-platform] [hivemq-platform-operator] [04661a7e] 23:58:25.576 [ReconcilerExecutor-hivemq-controller-116] DEBUG c.h.p.o.h.HiveMQPlatformReconcilerErrorHandler - [helmexte] Pod 'test-hivemq-platform-0' phase Running
2025-01-28 23:58:25,581 INFO c.h.h.t.HelmChartContainer - [hivemq-test-hivemq-platform] [hivemq-platform-operator] [04661a7e] 23:58:25.578 [ReconcilerExecutor-hivemq-controller-116] INFO  c.h.p.o.h.HiveMQPlatformReconcilerBaseHandler - [helmexte] HiveMQ Platform is starting, 0 of 1 replicas are ready
2025-01-28 23:58:25,659 INFO c.h.h.t.HelmChartContainer - [test-hivemq-platform] [hivemq] [03c8dae6] INFO  - This node uses '1' CPU cores.
2025-01-28 23:58:25,664 INFO c.h.h.t.HelmChartContainer - [test-hivemq-platform] [hivemq] [03c8dae6] INFO  - Starting HiveMQ Health API on address 0.0.0.0 and port 8889
2025-01-28 23:58:26,476 INFO c.h.h.t.HelmChartContainer - [test-hivemq-platform] [hivemq] [03c8dae6] INFO  - Started HiveMQ Health API in 812ms
2025-01-28 23:58:27,070 INFO c.h.h.t.HelmChartContainer - [test-hivemq-platform] [hivemq] [03c8dae6] INFO  - Starting HiveMQ extension system.
2025-01-28 23:58:28,972 INFO c.h.h.t.HelmChartContainer - [test-hivemq-platform] [hivemq] [03c8dae6] WARN  - License file tracing.elic is corrupt.
2025-01-28 23:58:28,972 INFO c.h.h.testcontainer.LogWaiterUtil - TEST Found log pattern on 'test-hivemq-platform-0': .*License file tracing.elic is corrupt.
2025-01-28 23:58:28,972 INFO c.h.h.t.HelmChartContainer - [test-hivemq-platform] [hivemq] [03c8dae6] INFO  - No license found for enterprise extension with name "HiveMQ Enterprise Distributed Tracing Extension". Entering extension trial mode. "HiveMQ Enterprise Distributed Tracing Extension" will be disabled in 5 hours.
2025-01-28 23:58:29,070 INFO c.h.h.t.HelmChartContainer - [test-hivemq-platform] [hivemq] [03c8dae6] INFO  - Starting extension with id "hivemq-dns-cluster-discovery" at /opt/hivemq/extensions/hivemq-dns-cluster-discovery
2025-01-28 23:58:29,566 INFO c.h.h.t.HelmChartContainer - [test-hivemq-platform] [hivemq] [03c8dae6] INFO  - Extension "DNS Cluster Discovery Extension" version 4.3.2 started successfully.
2025-01-28 23:58:29,567 INFO c.h.h.t.HelmChartContainer - [test-hivemq-platform] [hivemq] [03c8dae6] INFO  - Starting extension with id "hivemq-distributed-tracing-extension" at /opt/hivemq/extensions/hivemq-distributed-tracing-extension
2025-01-28 23:58:29,671 INFO c.h.h.t.HelmChartContainer - [test-hivemq-platform] [hivemq] [03c8dae6] INFO  - Using TCP cluster transport on address 10.42.0.12 and port 7000
2025-01-28 23:58:29,765 INFO c.h.h.t.HelmChartContainer - [test-hivemq-platform] [hivemq] [03c8dae6] INFO  - Using extension cluster discovery
2025-01-28 23:58:31,306 INFO c.h.h.t.HelmChartContainer - [EVENT] Warning [Unhealthy] Readiness probe failed: Get "http://10.42.0.12:7979/readiness": context deadline exceeded (Client.Timeout exceeded while awaiting headers) [helmextensionlicensesit:test-hivemq-platform-0]
2025-01-28 23:58:31,306 INFO c.h.h.t.HelmChartContainer - Received Unhealthy event for container hivemq in pod test-hivemq-platform-0 [03c8dae6-3e6e-4cbf-a53f-891ac9f56f48]
2025-01-28 23:58:31,669 INFO c.h.h.t.HelmChartContainer - [test-hivemq-platform] [hivemq] [03c8dae6] INFO  - [HiveMQ Platform Operator Init App 1.7.0-SNAPSHOT] Returning Health API response 503 for readiness
2025-01-28 23:58:32,780 INFO c.h.h.t.HelmChartContainer - [test-hivemq-platform] [hivemq] [03c8dae6] INFO  - HiveMQ Enterprise Distributed Tracing Extension: Successfully loaded configuration from '/opt/hivemq/extensions/hivemq-distributed-tracing-extension/conf/config.xml'.
2025-01-28 23:58:32,861 INFO c.h.h.t.HelmChartContainer - [test-hivemq-platform] [hivemq] [03c8dae6] INFO  - HiveMQ Enterprise Distributed Tracing Extension: Configured OTLP gRPC exporter 'my-otlp-grpc-exporter'.
2025-01-28 23:58:32,881 INFO c.h.h.t.HelmChartContainer - [test-hivemq-platform] [hivemq] [03c8dae6] INFO  - HiveMQ Enterprise Distributed Tracing Extension: Configured W3C trace propagation.
2025-01-28 23:58:32,883 INFO c.h.h.t.HelmChartContainer - [test-hivemq-platform] [hivemq] [03c8dae6] INFO  - Extension "HiveMQ Enterprise Distributed Tracing Extension" version 4.36.0 started successfully.
2025-01-28 23:58:32,883 INFO c.h.h.testcontainer.LogWaiterUtil - TEST Found log pattern on 'test-hivemq-platform-0': .*Extension "HiveMQ Enterprise Distributed Tracing Extension" version .* started successfully.
2025-01-28 23:58:32,883 INFO c.h.h.t.HelmChartContainer - [test-hivemq-platform] [hivemq] [03c8dae6] INFO  - Starting extension with id "hivemq-prometheus-extension" at /opt/hivemq/extensions/hivemq-prometheus-extension
2025-01-28 23:58:32,963 INFO c.h.h.t.HelmChartContainer - [test-hivemq-platform] [hivemq] [03c8dae6] INFO  - zPBSc: no members discovered after 2501 ms: creating cluster as first member
2025-01-28 23:58:32,971 INFO c.h.h.t.HelmChartContainer - [test-hivemq-platform] [hivemq] [03c8dae6] INFO  - Cluster nodes found by discovery: [zPBSc|0] (1) [zPBSc].
2025-01-28 23:58:33,470 INFO c.h.h.t.HelmChartContainer - [test-hivemq-platform] [hivemq] [03c8dae6] INFO  - Started Jetty Server exposing Prometheus Servlet on URI http://0.0.0.0:9399/
2025-01-28 23:58:33,470 INFO c.h.h.t.HelmChartContainer - [test-hivemq-platform] [hivemq] [03c8dae6] INFO  - Extension "Prometheus Monitoring Extension" version 4.0.12 started successfully.
2025-01-28 23:58:33,470 INFO c.h.h.t.HelmChartContainer - [test-hivemq-platform] [hivemq] [03c8dae6] INFO  - Starting extension with id "hivemq-allow-all-extension" at /opt/hivemq/extensions/hivemq-allow-all-extension
2025-01-28 23:58:33,470 INFO c.h.h.t.HelmChartContainer - [test-hivemq-platform] [hivemq] [03c8dae6] WARN  - 
2025-01-28 23:58:33,470 INFO c.h.h.t.HelmChartContainer - [test-hivemq-platform] [hivemq] [03c8dae6] ################################################################################################################
2025-01-28 23:58:33,470 INFO c.h.h.t.HelmChartContainer - [test-hivemq-platform] [hivemq] [03c8dae6] # This HiveMQ deployment is not secure! You are lacking Authentication and Authorization.                      #
2025-01-28 23:58:33,470 INFO c.h.h.t.HelmChartContainer - [test-hivemq-platform] [hivemq] [03c8dae6] # Right now any MQTT client can connect to the broker with a full set of permissions.                          #
2025-01-28 23:58:33,470 INFO c.h.h.t.HelmChartContainer - [test-hivemq-platform] [hivemq] [03c8dae6] # For production usage, add an appropriate security extension and remove the hivemq-allow-all extension.       #
2025-01-28 23:58:33,470 INFO c.h.h.t.HelmChartContainer - [test-hivemq-platform] [hivemq] [03c8dae6] # You can download security extensions from the HiveMQ Marketplace (https://www.hivemq.com/extensions/).       #
2025-01-28 23:58:33,470 INFO c.h.h.t.HelmChartContainer - [test-hivemq-platform] [hivemq] [03c8dae6] ################################################################################################################
2025-01-28 23:58:33,470 INFO c.h.h.t.HelmChartContainer - [test-hivemq-platform] [hivemq] [03c8dae6] INFO  - Extension "Allow All Extension" version 1.1.1 started successfully.
2025-01-28 23:58:33,560 INFO c.h.h.t.HelmChartContainer - [test-hivemq-platform] [hivemq] [03c8dae6] INFO  - Updated rules for sampling and tracing propagation.
2025-01-28 23:58:33,561 INFO c.h.h.t.HelmChartContainer - [test-hivemq-platform] [hivemq] [03c8dae6] INFO  - HiveMQ: Successfully loaded configuration from '/opt/hivemq/conf-k8s/tracing.xml'.
2025-01-28 23:58:33,563 INFO c.h.h.t.HelmChartContainer - [test-hivemq-platform] [hivemq] [03c8dae6] WARN  - No user for HiveMQ Control Center configured. Starting with default user
2025-01-28 23:58:33,563 INFO c.h.h.t.HelmChartContainer - [test-hivemq-platform] [hivemq] [03c8dae6] INFO  - Starting HiveMQ Control Center on address 0.0.0.0 and port 8080
2025-01-28 23:58:33,566 INFO c.h.h.t.HelmChartContainer - [test-hivemq-platform] [hivemq] [03c8dae6] INFO  - Mounting HiveMQ Control Center V2 Preview
2025-01-28 23:58:34,272 INFO c.h.h.t.HelmChartContainer - [test-hivemq-platform] [hivemq] [03c8dae6] INFO  - Started HiveMQ Control Center in 710ms
2025-01-28 23:58:34,368 INFO c.h.h.t.HelmChartContainer - [test-hivemq-platform] [hivemq] [03c8dae6] INFO  - Starting TCP listener on address 0.0.0.0 and port 1883
2025-01-28 23:58:34,459 INFO c.h.h.t.HelmChartContainer - [test-hivemq-platform] [hivemq] [03c8dae6] INFO  - Started TCP Listener on address 0.0.0.0 and on port 1883.
2025-01-28 23:58:34,459 INFO c.h.h.t.HelmChartContainer - [test-hivemq-platform] [hivemq] [03c8dae6] INFO  - Started HiveMQ in 37184ms
2025-01-28 23:58:35,268 INFO c.h.h.t.HelmChartContainer - [test-hivemq-platform] [hivemq] [03c8dae6] INFO  - [HiveMQ Platform Operator Init App 1.7.0-SNAPSHOT] Returning Health API response 200 for readiness
2025-01-28 23:58:35,281 INFO c.h.h.t.HelmChartContainer - [POD] test-hivemq-platform-0 [03c8dae6-3e6e-4cbf-a53f-891ac9f56f48] in helmextensionlicensesit was MODIFIED
2025-01-28 23:58:35,297 INFO c.h.h.t.HelmChartContainer - [hivemq-test-hivemq-platform] [hivemq-platform-operator] [04661a7e] 23:58:35.291 [pool-6-thread-1] DEBUG c.h.p.o.d.PlatformServiceResource - [helmexte] Desired Platform services (3 services)
2025-01-28 23:58:35,303 INFO c.h.h.t.HelmChartContainer - [hivemq-test-hivemq-platform] [hivemq-platform-operator] [04661a7e] 23:58:35.300 [pool-6-thread-7] DEBUG c.h.p.o.d.PodServiceAccountResource - [helmexte] Desired PodServiceAccountResource (serviceAccountName: hivemq-platform-pod-test-hivemq-platform)
2025-01-28 23:58:35,306 INFO c.h.h.t.HelmChartContainer - [hivemq-test-hivemq-platform] [hivemq-platform-operator] [04661a7e] 23:58:35.293 [pool-6-thread-2] DEBUG c.h.p.o.dependants.PodInfoConfigMap - [helmexte] Desired PodInfo ConfigMap (1 extensions) (1 enabled)
2025-01-28 23:58:35,307 INFO c.h.h.t.HelmChartContainer - [hivemq-test-hivemq-platform] [hivemq-platform-operator] [04661a7e] 23:58:35.305 [pool-6-thread-2] DEBUG c.h.p.o.dependants.PodInfoConfigMap - [helmexte] Desired PodInfo ConfigMap (metrics port: 9399) (metrics path: /)
2025-01-28 23:58:35,307 INFO c.h.h.t.HelmChartContainer - [hivemq-test-hivemq-platform] [hivemq-platform-operator] [04661a7e] 23:58:35.305 [pool-6-thread-2] DEBUG c.h.p.o.dependants.PodInfoConfigMap - [helmexte] Desired PodInfo ConfigMap (extension state hash: 548530826)
2025-01-28 23:58:35,372 INFO c.h.h.t.HelmChartContainer - [hivemq-test-hivemq-platform] [hivemq-platform-operator] [04661a7e] 23:58:35.371 [pool-6-thread-8] DEBUG c.h.p.o.d.StatefulSetResource - [helmexte] Desired StatefulSet (1 replicas) for status STARTING (READY)
2025-01-28 23:58:35,376 INFO c.h.h.t.HelmChartContainer - [hivemq-test-hivemq-platform] [hivemq-platform-operator] [04661a7e] 23:58:35.375 [ReconcilerExecutor-hivemq-controller-117] INFO  c.h.p.o.HiveMQPlatformReconciler - [helmexte] Reconciling HiveMQ Platform 'test-hivemq-platform' in namespace 'helmextensionlicensesit'
2025-01-28 23:58:35,378 INFO c.h.h.t.HelmChartContainer - [hivemq-test-hivemq-platform] [hivemq-platform-operator] [04661a7e] 23:58:35.375 [ReconcilerExecutor-hivemq-controller-117] DEBUG c.h.p.o.HiveMQPlatformReconciler - [helmexte] Custom Resource Status STARTING - HiveMQ Platform is starting (READY)
2025-01-28 23:58:35,378 INFO c.h.h.t.HelmChartContainer - [hivemq-test-hivemq-platform] [hivemq-platform-operator] [04661a7e] 23:58:35.375 [ReconcilerExecutor-hivemq-controller-117] DEBUG c.h.p.o.HiveMQPlatformReconciler - [helmexte] Custom Resource Spec (replicas: 1) (extensions: 1)
2025-01-28 23:58:35,379 INFO c.h.h.t.HelmChartContainer - [hivemq-test-hivemq-platform] [hivemq-platform-operator] [04661a7e] 23:58:35.378 [ReconcilerExecutor-hivemq-controller-117] DEBUG c.h.p.o.HiveMQPlatformReconciler - [helmexte] StatefulSet Status (revision: test-hivemq-platform-784f65f8f4, replicas: 1, available: 1, ready: 1, current: 1, updated: 1)
2025-01-28 23:58:35,380 INFO c.h.h.t.HelmChartContainer - [hivemq-test-hivemq-platform] [hivemq-platform-operator] [04661a7e] 23:58:35.378 [ReconcilerExecutor-hivemq-controller-117] DEBUG c.h.p.o.HiveMQPlatformReconciler - [helmexte] StatefulSet Spec (replicas: 1, init containers: 1, containers: 1, volumes: 5)
2025-01-28 23:58:35,382 INFO c.h.h.t.HelmChartContainer - [hivemq-test-hivemq-platform] [hivemq-platform-operator] [04661a7e] 23:58:35.381 [ReconcilerExecutor-hivemq-controller-117] DEBUG c.h.p.o.h.HiveMQPlatformReconcilerErrorHandler - [helmexte] Pod 'test-hivemq-platform-0' phase Running
2025-01-28 23:58:35,383 INFO c.h.h.t.HelmChartContainer - [hivemq-test-hivemq-platform] [hivemq-platform-operator] [04661a7e] 23:58:35.383 [ReconcilerExecutor-hivemq-controller-117] INFO  c.h.p.o.h.HiveMQPlatformReconcilerBaseHandler - [helmexte] HiveMQ Platform started successfully
2025-01-28 23:58:35,487 INFO c.h.h.t.HelmChartContainer - [hivemq-test-hivemq-platform] [hivemq-platform-operator] [04661a7e] 23:58:35.486 [ReconcilerExecutor-hivemq-controller-117] DEBUG c.h.p.operator.event.EventSender - [helmexte] Creating K8s event hivemq-platform-ready: [Ready] HiveMQ Platform is ready
2025-01-28 23:58:35,491 INFO c.h.h.t.HelmChartContainer - [EVENT] Normal [Ready] HiveMQ Platform is ready [helmextensionlicensesit:test-hivemq-platform]
2025-01-28 23:58:35,492 INFO c.h.h.t.HelmChartContainer - [hivemq-test-hivemq-platform] [hivemq-platform-operator] [04661a7e] 23:58:35.491 [ReconcilerExecutor-hivemq-controller-117] INFO  c.h.p.o.h.AbstractHiveMQReconcilerStateHandler - [helmexte] Update HiveMQ Platform Status (STARTING [READY] -> RUNNING [READY]): HiveMQ Platform is ready
2025-01-28 23:58:35,500 DEBUG com.hivemq.helmcharts.util.K8sUtil - Comparing actual state 'RUNNING' and waiting for 'RUNNING'
2025-01-28 23:58:35,575 INFO c.h.h.t.HelmChartContainer - [hivemq-test-hivemq-platform] [hivemq-platform-operator] [04661a7e] 23:58:35.572 [pool-6-thread-14] DEBUG c.h.p.o.d.PlatformServiceResource - [helmexte] Desired Platform services (3 services)
2025-01-28 23:58:35,575 INFO c.h.h.t.HelmChartContainer - [hivemq-test-hivemq-platform] [hivemq-platform-operator] [04661a7e] 23:58:35.573 [pool-6-thread-11] DEBUG c.h.p.o.dependants.PodInfoConfigMap - [helmexte] Desired PodInfo ConfigMap (1 extensions) (1 enabled)
2025-01-28 23:58:35,575 INFO c.h.h.t.HelmChartContainer - [hivemq-test-hivemq-platform] [hivemq-platform-operator] [04661a7e] 23:58:35.574 [pool-6-thread-11] DEBUG c.h.p.o.dependants.PodInfoConfigMap - [helmexte] Desired PodInfo ConfigMap (metrics port: 9399) (metrics path: /)
2025-01-28 23:58:35,577 INFO c.h.h.t.HelmChartContainer - [hivemq-test-hivemq-platform] [hivemq-platform-operator] [04661a7e] 23:58:35.576 [pool-6-thread-11] DEBUG c.h.p.o.dependants.PodInfoConfigMap - [helmexte] Desired PodInfo ConfigMap (extension state hash: 548530826)
2025-01-28 23:58:35,577 INFO c.h.h.t.HelmChartContainer - [hivemq-test-hivemq-platform] [hivemq-platform-operator] [04661a7e] 23:58:35.574 [pool-6-thread-15] DEBUG c.h.p.o.d.PodServiceAccountResource - [helmexte] Desired PodServiceAccountResource (serviceAccountName: hivemq-platform-pod-test-hivemq-platform)
2025-01-28 23:58:35,579 INFO c.h.h.t.HelmChartContainer - [hivemq-test-hivemq-platform] [hivemq-platform-operator] [04661a7e] 23:58:35.577 [pool-6-thread-11] DEBUG c.h.p.o.dependants.PodInfoConfigMap - [helmexte] Update PodInfo ConfigMap
2025-01-28 23:58:35,675 INFO c.h.h.t.HelmChartContainer - [hivemq-test-hivemq-platform] [hivemq-platform-operator] [04661a7e] 23:58:35.670 [pool-6-thread-11] DEBUG c.h.p.o.d.StatefulSetResource - [helmexte] Desired StatefulSet (1 replicas) for status RUNNING (READY)
2025-01-28 23:58:35,676 INFO c.h.h.t.HelmChartContainer - [hivemq-test-hivemq-platform] [hivemq-platform-operator] [04661a7e] 23:58:35.674 [ReconcilerExecutor-hivemq-controller-118] INFO  c.h.p.o.HiveMQPlatformReconciler - [helmexte] Reconciling HiveMQ Platform 'test-hivemq-platform' in namespace 'helmextensionlicensesit'
2025-01-28 23:58:35,676 INFO c.h.h.t.HelmChartContainer - [hivemq-test-hivemq-platform] [hivemq-platform-operator] [04661a7e] 23:58:35.674 [ReconcilerExecutor-hivemq-controller-118] DEBUG c.h.p.o.HiveMQPlatformReconciler - [helmexte] Custom Resource Status RUNNING - HiveMQ Platform is ready (READY)
2025-01-28 23:58:35,676 INFO c.h.h.t.HelmChartContainer - [hivemq-test-hivemq-platform] [hivemq-platform-operator] [04661a7e] 23:58:35.674 [ReconcilerExecutor-hivemq-controller-118] DEBUG c.h.p.o.HiveMQPlatformReconciler - [helmexte] Custom Resource Spec (replicas: 1) (extensions: 1)
2025-01-28 23:58:35,677 INFO c.h.h.t.HelmChartContainer - [hivemq-test-hivemq-platform] [hivemq-platform-operator] [04661a7e] 23:58:35.676 [ReconcilerExecutor-hivemq-controller-118] DEBUG c.h.p.o.HiveMQPlatformReconciler - [helmexte] StatefulSet Status (revision: test-hivemq-platform-784f65f8f4, replicas: 1, available: 1, ready: 1, current: 1, updated: 1)
2025-01-28 23:58:35,677 INFO c.h.h.t.HelmChartContainer - [hivemq-test-hivemq-platform] [hivemq-platform-operator] [04661a7e] 23:58:35.676 [ReconcilerExecutor-hivemq-controller-118] DEBUG c.h.p.o.HiveMQPlatformReconciler - [helmexte] StatefulSet Spec (replicas: 1, init containers: 1, containers: 1, volumes: 5)
2025-01-28 23:58:35,680 INFO c.h.h.t.HelmChartContainer - [hivemq-test-hivemq-platform] [hivemq-platform-operator] [04661a7e] 23:58:35.679 [ReconcilerExecutor-hivemq-controller-118] DEBUG c.h.p.o.h.HiveMQPlatformReconcilerErrorHandler - [helmexte] Pod 'test-hivemq-platform-0' phase Running
2025-01-28 23:58:41,515 INFO c.h.h.t.HelmChartContainer - Uninstalling release 'test-hivemq-platform' in namespace 'helmextensionlicensesit'...
2025-01-28 23:58:41,515 DEBUG c.h.h.t.HelmChartContainer - Executing helm command: /bin/helm --kubeconfig /etc/rancher/k3s/k3s.yaml uninstall test-hivemq-platform  --wait --timeout 5m0s --cascade foreground --namespace helmextensionlicensesit
2025-01-28 23:58:41,708 INFO c.h.h.t.HelmChartContainer - [hivemq-test-hivemq-platform] [hivemq-platform-operator] [04661a7e] 23:58:41.704 [pool-6-thread-28] DEBUG c.h.p.o.d.PlatformServiceResource - [helmexte] Desired Platform services (3 services)
2025-01-28 23:58:41,710 INFO c.h.h.t.HelmChartContainer - [hivemq-test-hivemq-platform] [hivemq-platform-operator] [04661a7e] 23:58:41.708 [pool-6-thread-21] DEBUG c.h.p.o.dependants.PodInfoConfigMap - [helmexte] Desired PodInfo ConfigMap (1 extensions) (1 enabled)
2025-01-28 23:58:41,710 INFO c.h.h.t.HelmChartContainer - [hivemq-test-hivemq-platform] [hivemq-platform-operator] [04661a7e] 23:58:41.709 [pool-6-thread-24] DEBUG c.h.p.o.d.PodServiceAccountResource - [helmexte] Desired PodServiceAccountResource (serviceAccountName: hivemq-platform-pod-test-hivemq-platform)
2025-01-28 23:58:41,723 INFO c.h.h.t.HelmChartContainer - [hivemq-test-hivemq-platform] [hivemq-platform-operator] [04661a7e] 23:58:41.710 [pool-6-thread-21] DEBUG c.h.p.o.dependants.PodInfoConfigMap - [helmexte] Desired PodInfo ConfigMap (metrics port: 9399) (metrics path: /)
2025-01-28 23:58:41,728 INFO c.h.h.t.HelmChartContainer - [hivemq-test-hivemq-platform] [hivemq-platform-operator] [04661a7e] 23:58:41.711 [pool-6-thread-21] DEBUG c.h.p.o.dependants.PodInfoConfigMap - [helmexte] Desired PodInfo ConfigMap (extension state hash: 548530826)
2025-01-28 23:58:41,775 INFO c.h.h.t.HelmChartContainer - [hivemq-test-hivemq-platform] [hivemq-platform-operator] [04661a7e] 23:58:41.771 [pool-6-thread-28] DEBUG c.h.p.o.d.StatefulSetResource - [helmexte] Desired StatefulSet (1 replicas) for status RUNNING (READY)
2025-01-28 23:58:41,779 INFO c.h.h.t.HelmChartContainer - [hivemq-test-hivemq-platform] [hivemq-platform-operator] [04661a7e] 23:58:41.778 [pool-6-thread-28] DEBUG c.h.p.o.d.StatefulSetResource - [helmexte] Update StatefulSet (replicas: 1 -> 1)
2025-01-28 23:58:41,871 INFO c.h.h.t.HelmChartContainer - [hivemq-test-hivemq-platform] [hivemq-platform-operator] [04661a7e] 23:58:41.870 [pool-6-thread-28] DEBUG c.h.p.o.d.StatefulSetResource - [helmexte] Detected change in StatefulSet specification (path: /template/metadata/annotations/kubernetes-resource-versions) (actual value: {broker-configuration-v2=-2089688360}) (target value: {broker-configuration-v2=0})
2025-01-28 23:58:41,871 INFO c.h.h.t.HelmChartContainer - [hivemq-test-hivemq-platform] [hivemq-platform-operator] [04661a7e] 23:58:41.870 [pool-6-thread-28] INFO  c.h.p.o.d.StatefulSetResource - [helmexte] StatefulSet spec was updated, triggering rolling restart
2025-01-28 23:58:41,970 INFO c.h.h.t.HelmChartContainer - [hivemq-test-hivemq-platform] [hivemq-platform-operator] [04661a7e] 23:58:41.967 [ReconcilerExecutor-hivemq-controller-119] INFO  c.h.p.o.HiveMQPlatformReconciler - [helmexte] Reconciling HiveMQ Platform 'test-hivemq-platform' in namespace 'helmextensionlicensesit'
2025-01-28 23:58:41,970 INFO c.h.h.t.HelmChartContainer - [hivemq-test-hivemq-platform] [hivemq-platform-operator] [04661a7e] 23:58:41.968 [ReconcilerExecutor-hivemq-controller-119] DEBUG c.h.p.o.HiveMQPlatformReconciler - [helmexte] Custom Resource Status RUNNING - HiveMQ Platform is ready (READY) (reconciliation requests: ROLLING_RESTART, REQUESTS_UPDATED)
2025-01-28 23:58:41,970 INFO c.h.h.t.HelmChartContainer - [hivemq-test-hivemq-platform] [hivemq-platform-operator] [04661a7e] 23:58:41.968 [ReconcilerExecutor-hivemq-controller-119] DEBUG c.h.p.o.HiveMQPlatformReconciler - [helmexte] Custom Resource Spec (replicas: 1) (extensions: 1)
2025-01-28 23:58:41,970 INFO c.h.h.t.HelmChartContainer - [hivemq-test-hivemq-platform] [hivemq-platform-operator] [04661a7e] 23:58:41.968 [ReconcilerExecutor-hivemq-controller-119] WARN  c.h.p.o.h.HiveMQPlatformReconcilerErrorHandler - [helmexte] Could not find ConfigMap 'hivemq-configuration-test-hivemq-platform' for HiveMQ Platform configuration
2025-01-28 23:58:42,072 INFO c.h.h.t.HelmChartContainer - [hivemq-test-hivemq-platform] [hivemq-platform-operator] [04661a7e] 23:58:42.071 [ReconcilerExecutor-hivemq-controller-119] DEBUG c.h.p.operator.event.EventSender - [helmexte] Creating K8s event hivemq-platform-invalid-configuration: [Start] Could not find ConfigMap 'hivemq-configuration-test-hivemq-platform' for HiveMQ Platform configuration
2025-01-28 23:58:42,076 INFO c.h.h.t.HelmChartContainer - [EVENT] Warning [Start] Could not find ConfigMap 'hivemq-configuration-test-hivemq-platform' for HiveMQ Platform configuration [helmextensionlicensesit:test-hivemq-platform]
2025-01-28 23:58:42,078 INFO c.h.h.t.HelmChartContainer - [hivemq-test-hivemq-platform] [hivemq-platform-operator] [04661a7e] 23:58:42.077 [ReconcilerExecutor-hivemq-controller-119] INFO  c.h.p.o.h.AbstractHiveMQReconcilerStateHandler - [helmexte] Update HiveMQ Platform Status (RUNNING [READY] -> ERROR [INVALID_CONFIG_MAP]): Could not find ConfigMap 'hivemq-configuration-test-hivemq-platform' for HiveMQ Platform configuration (reconciliation requests: ROLLING_RESTART)
2025-01-28 23:58:42,090 INFO c.h.h.t.HelmChartContainer - [hivemq-test-hivemq-platform] [hivemq-platform-operator] [04661a7e] 23:58:42.087 [ReconcilerExecutor-hivemq-controller-119] ERROR i.j.o.p.event.EventProcessor - Error during event processing ExecutionScope{ resource id: ResourceID{name='test-hivemq-platform', namespace='helmextensionlicensesit'}, version: 1397}
2025-01-28 23:58:42,090 INFO c.h.h.t.HelmChartContainer - [hivemq-test-hivemq-platform] [hivemq-platform-operator] [04661a7e] io.fabric8.kubernetes.client.KubernetesClientException: Failure executing: PUT at: https://10.43.0.1:443/apis/hivemq.com/v1/namespaces/helmextensionlicensesit/hivemq-platforms/test-hivemq-platform/status. Message: Operation cannot be fulfilled on hivemq-platforms.hivemq.com "test-hivemq-platform": the object has been modified; please apply your changes to the latest version and try again. Received status: Status(apiVersion=v1, code=409, details=StatusDetails(causes=[], group=hivemq.com, kind=hivemq-platforms, name=test-hivemq-platform, retryAfterSeconds=null, uid=null, additionalProperties={}), kind=Status, message=Operation cannot be fulfilled on hivemq-platforms.hivemq.com "test-hivemq-platform": the object has been modified; please apply your changes to the latest version and try again, metadata=ListMeta(_continue=null, remainingItemCount=null, resourceVersion=null, selfLink=null, additionalProperties={}), reason=Conflict, status=Failure, additionalProperties={}).
2025-01-28 23:58:42,090 INFO c.h.h.t.HelmChartContainer - [hivemq-test-hivemq-platform] [hivemq-platform-operator] [04661a7e] 	at io.fabric8.kubernetes.client.KubernetesClientException.copyAsCause(KubernetesClientException.java:238)
2025-01-28 23:58:42,090 INFO c.h.h.t.HelmChartContainer - [hivemq-test-hivemq-platform] [hivemq-platform-operator] [04661a7e] 	at io.fabric8.kubernetes.client.dsl.internal.OperationSupport.waitForResult(OperationSupport.java:507)
2025-01-28 23:58:42,090 INFO c.h.h.t.HelmChartContainer - [hivemq-test-hivemq-platform] [hivemq-platform-operator] [04661a7e] 	at io.fabric8.kubernetes.client.dsl.internal.OperationSupport.handleResponse(OperationSupport.java:524)
2025-01-28 23:58:42,090 INFO c.h.h.t.HelmChartContainer - [hivemq-test-hivemq-platform] [hivemq-platform-operator] [04661a7e] 	at io.fabric8.kubernetes.client.dsl.internal.OperationSupport.handleUpdate(OperationSupport.java:358)
2025-01-28 23:58:42,090 INFO c.h.h.t.HelmChartContainer - [hivemq-test-hivemq-platform] [hivemq-platform-operator] [04661a7e] 	at io.fabric8.kubernetes.client.dsl.internal.BaseOperation.handleUpdate(BaseOperation.java:759)
2025-01-28 23:58:42,090 INFO c.h.h.t.HelmChartContainer - [hivemq-test-hivemq-platform] [hivemq-platform-operator] [04661a7e] 	at io.fabric8.kubernetes.client.dsl.internal.HasMetadataOperation.update(HasMetadataOperation.java:138)
2025-01-28 23:58:42,090 INFO c.h.h.t.HelmChartContainer - [hivemq-test-hivemq-platform] [hivemq-platform-operator] [04661a7e] 	at io.fabric8.kubernetes.client.dsl.internal.HasMetadataOperation.update(HasMetadataOperation.java:121)
2025-01-28 23:58:42,090 INFO c.h.h.t.HelmChartContainer - [hivemq-test-hivemq-platform] [hivemq-platform-operator] [04661a7e] 	at io.fabric8.kubernetes.client.dsl.internal.HasMetadataOperation.updateStatus(HasMetadataOperation.java:126)
2025-01-28 23:58:42,090 INFO c.h.h.t.HelmChartContainer - [hivemq-test-hivemq-platform] [hivemq-platform-operator] [04661a7e] 	at io.fabric8.kubernetes.client.dsl.internal.HasMetadataOperation.updateStatus(HasMetadataOperation.java:44)
2025-01-28 23:58:42,090 INFO c.h.h.t.HelmChartContainer - [hivemq-test-hivemq-platform] [hivemq-platform-operator] [04661a7e] 	at io.javaoperatorsdk.operator.processing.event.ReconciliationDispatcher$CustomResourceFacade.updateStatus(ReconciliationDispatcher.java:408)
2025-01-28 23:58:42,090 INFO c.h.h.t.HelmChartContainer - [hivemq-test-hivemq-platform] [hivemq-platform-operator] [04661a7e] 	at io.javaoperatorsdk.operator.processing.event.ReconciliationDispatcher.updateStatusGenerationAware(ReconciliationDispatcher.java:228)
2025-01-28 23:58:42,091 INFO c.h.h.t.HelmChartContainer - [hivemq-test-hivemq-platform] [hivemq-platform-operator] [04661a7e] 	at io.javaoperatorsdk.operator.processing.event.ReconciliationDispatcher.reconcileExecution(ReconciliationDispatcher.java:150)
2025-01-28 23:58:42,091 INFO c.h.h.t.HelmChartContainer - [hivemq-test-hivemq-platform] [hivemq-platform-operator] [04661a7e] 	at io.javaoperatorsdk.operator.processing.event.ReconciliationDispatcher.handleReconcile(ReconciliationDispatcher.java:117)
2025-01-28 23:58:42,091 INFO c.h.h.t.HelmChartContainer - [hivemq-test-hivemq-platform] [hivemq-platform-operator] [04661a7e] 	at io.javaoperatorsdk.operator.processing.event.ReconciliationDispatcher.handleDispatch(ReconciliationDispatcher.java:91)
2025-01-28 23:58:42,091 INFO c.h.h.t.HelmChartContainer - [hivemq-test-hivemq-platform] [hivemq-platform-operator] [04661a7e] 	at io.javaoperatorsdk.operator.processing.event.ReconciliationDispatcher.handleExecution(ReconciliationDispatcher.java:64)
2025-01-28 23:58:42,091 INFO c.h.h.t.HelmChartContainer - [hivemq-test-hivemq-platform] [hivemq-platform-operator] [04661a7e] 	at io.javaoperatorsdk.operator.processing.event.EventProcessor$ReconcilerExecutor.run(EventProcessor.java:452)
2025-01-28 23:58:42,091 INFO c.h.h.t.HelmChartContainer - [hivemq-test-hivemq-platform] [hivemq-platform-operator] [04661a7e] 	at java.base/java.util.concurrent.ThreadPoolExecutor.runWorker(Unknown Source)
2025-01-28 23:58:42,091 INFO c.h.h.t.HelmChartContainer - [hivemq-test-hivemq-platform] [hivemq-platform-operator] [04661a7e] 	at java.base/java.util.concurrent.ThreadPoolExecutor$Worker.run(Unknown Source)
2025-01-28 23:58:42,091 INFO c.h.h.t.HelmChartContainer - [hivemq-test-hivemq-platform] [hivemq-platform-operator] [04661a7e] 	at java.base/java.lang.Thread.run(Unknown Source)
2025-01-28 23:58:42,091 INFO c.h.h.t.HelmChartContainer - [hivemq-test-hivemq-platform] [hivemq-platform-operator] [04661a7e] Caused by: io.fabric8.kubernetes.client.KubernetesClientException: Failure executing: PUT at: https://10.43.0.1:443/apis/hivemq.com/v1/namespaces/helmextensionlicensesit/hivemq-platforms/test-hivemq-platform/status. Message: Operation cannot be fulfilled on hivemq-platforms.hivemq.com "test-hivemq-platform": the object has been modified; please apply your changes to the latest version and try again. Received status: Status(apiVersion=v1, code=409, details=StatusDetails(causes=[], group=hivemq.com, kind=hivemq-platforms, name=test-hivemq-platform, retryAfterSeconds=null, uid=null, additionalProperties={}), kind=Status, message=Operation cannot be fulfilled on hivemq-platforms.hivemq.com "test-hivemq-platform": the object has been modified; please apply your changes to the latest version and try again, metadata=ListMeta(_continue=null, remainingItemCount=null, resourceVersion=null, selfLink=null, additionalProperties={}), reason=Conflict, status=Failure, additionalProperties={}).
2025-01-28 23:58:42,091 INFO c.h.h.t.HelmChartContainer - [hivemq-test-hivemq-platform] [hivemq-platform-operator] [04661a7e] 	at io.fabric8.kubernetes.client.dsl.internal.OperationSupport.requestFailure(OperationSupport.java:660)
2025-01-28 23:58:42,091 INFO c.h.h.t.HelmChartContainer - [hivemq-test-hivemq-platform] [hivemq-platform-operator] [04661a7e] 	at io.fabric8.kubernetes.client.dsl.internal.OperationSupport.requestFailure(OperationSupport.java:640)
2025-01-28 23:58:42,091 INFO c.h.h.t.HelmChartContainer - [hivemq-test-hivemq-platform] [hivemq-platform-operator] [04661a7e] 	at io.fabric8.kubernetes.client.dsl.internal.OperationSupport.assertResponseCode(OperationSupport.java:589)
2025-01-28 23:58:42,091 INFO c.h.h.t.HelmChartContainer - [hivemq-test-hivemq-platform] [hivemq-platform-operator] [04661a7e] 	at io.fabric8.kubernetes.client.dsl.internal.OperationSupport.lambda$handleResponse$0(OperationSupport.java:549)
2025-01-28 23:58:42,091 INFO c.h.h.t.HelmChartContainer - [hivemq-test-hivemq-platform] [hivemq-platform-operator] [04661a7e] 	at java.base/java.util.concurrent.CompletableFuture$UniApply.tryFire(Unknown Source)
2025-01-28 23:58:42,091 INFO c.h.h.t.HelmChartContainer - [hivemq-test-hivemq-platform] [hivemq-platform-operator] [04661a7e] 	at java.base/java.util.concurrent.CompletableFuture.postComplete(Unknown Source)
2025-01-28 23:58:42,091 INFO c.h.h.t.HelmChartContainer - [hivemq-test-hivemq-platform] [hivemq-platform-operator] [04661a7e] 	at java.base/java.util.concurrent.CompletableFuture.complete(Unknown Source)
2025-01-28 23:58:42,091 INFO c.h.h.t.HelmChartContainer - [hivemq-test-hivemq-platform] [hivemq-platform-operator] [04661a7e] 	at io.fabric8.kubernetes.client.http.StandardHttpClient.lambda$completeOrCancel$10(StandardHttpClient.java:141)
2025-01-28 23:58:42,091 INFO c.h.h.t.HelmChartContainer - [hivemq-test-hivemq-platform] [hivemq-platform-operator] [04661a7e] 	at java.base/java.util.concurrent.CompletableFuture.uniWhenComplete(Unknown Source)
2025-01-28 23:58:42,091 INFO c.h.h.t.HelmChartContainer - [hivemq-test-hivemq-platform] [hivemq-platform-operator] [04661a7e] 	at java.base/java.util.concurrent.CompletableFuture$UniWhenComplete.tryFire(Unknown Source)
2025-01-28 23:58:42,091 INFO c.h.h.t.HelmChartContainer - [hivemq-test-hivemq-platform] [hivemq-platform-operator] [04661a7e] 	at java.base/java.util.concurrent.CompletableFuture.postComplete(Unknown Source)
2025-01-28 23:58:42,091 INFO c.h.h.t.HelmChartContainer - [hivemq-test-hivemq-platform] [hivemq-platform-operator] [04661a7e] 	at java.base/java.util.concurrent.CompletableFuture.complete(Unknown Source)
2025-01-28 23:58:42,091 INFO c.h.h.t.HelmChartContainer - [hivemq-test-hivemq-platform] [hivemq-platform-operator] [04661a7e] 	at io.fabric8.kubernetes.client.http.ByteArrayBodyHandler.onBodyDone(ByteArrayBodyHandler.java:51)
2025-01-28 23:58:42,091 INFO c.h.h.t.HelmChartContainer - [hivemq-test-hivemq-platform] [hivemq-platform-operator] [04661a7e] 	at java.base/java.util.concurrent.CompletableFuture.uniWhenComplete(Unknown Source)
2025-01-28 23:58:42,091 INFO c.h.h.t.HelmChartContainer - [hivemq-test-hivemq-platform] [hivemq-platform-operator] [04661a7e] 	at java.base/java.util.concurrent.CompletableFuture$UniWhenComplete.tryFire(Unknown Source)
2025-01-28 23:58:42,091 INFO c.h.h.t.HelmChartContainer - [hivemq-test-hivemq-platform] [hivemq-platform-operator] [04661a7e] 	at java.base/java.util.concurrent.CompletableFuture.postComplete(Unknown Source)
2025-01-28 23:58:42,091 INFO c.h.h.t.HelmChartContainer - [hivemq-test-hivemq-platform] [hivemq-platform-operator] [04661a7e] 	at java.base/java.util.concurrent.CompletableFuture.complete(Unknown Source)
2025-01-28 23:58:42,091 INFO c.h.h.t.HelmChartContainer - [hivemq-test-hivemq-platform] [hivemq-platform-operator] [04661a7e] 	at io.fabric8.kubernetes.client.vertx.VertxHttpRequest.lambda$null$1(VertxHttpRequest.java:121)
2025-01-28 23:58:42,091 INFO c.h.h.t.HelmChartContainer - [hivemq-test-hivemq-platform] [hivemq-platform-operator] [04661a7e] 	at io.vertx.core.impl.ContextInternal.dispatch(ContextInternal.java:279)
2025-01-28 23:58:42,092 INFO c.h.h.t.HelmChartContainer - [hivemq-test-hivemq-platform] [hivemq-platform-operator] [04661a7e] 	at io.vertx.core.impl.ContextInternal.dispatch(ContextInternal.java:261)
2025-01-28 23:58:42,092 INFO c.h.h.t.HelmChartContainer - [hivemq-test-hivemq-platform] [hivemq-platform-operator] [04661a7e] 	at io.vertx.core.http.impl.HttpEventHandler.handleEnd(HttpEventHandler.java:76)
2025-01-28 23:58:42,092 INFO c.h.h.t.HelmChartContainer - [hivemq-test-hivemq-platform] [hivemq-platform-operator] [04661a7e] 	at io.vertx.core.http.impl.HttpClientResponseImpl.handleEnd(HttpClientResponseImpl.java:250)
2025-01-28 23:58:42,092 INFO c.h.h.t.HelmChartContainer - [hivemq-test-hivemq-platform] [hivemq-platform-operator] [04661a7e] 	at io.vertx.core.http.impl.Http1xClientConnection$StreamImpl.lambda$new$0(Http1xClientConnection.java:421)
2025-01-28 23:58:42,092 INFO c.h.h.t.HelmChartContainer - [hivemq-test-hivemq-platform] [hivemq-platform-operator] [04661a7e] 	at io.vertx.core.streams.impl.InboundBuffer.handleEvent(InboundBuffer.java:279)
2025-01-28 23:58:42,092 INFO c.h.h.t.HelmChartContainer - [hivemq-test-hivemq-platform] [hivemq-platform-operator] [04661a7e] 	at io.vertx.core.streams.impl.InboundBuffer.write(InboundBuffer.java:157)
2025-01-28 23:58:42,092 INFO c.h.h.t.HelmChartContainer - [hivemq-test-hivemq-platform] [hivemq-platform-operator] [04661a7e] 	at io.vertx.core.http.impl.Http1xClientConnection$StreamImpl.handleEnd(Http1xClientConnection.java:709)
2025-01-28 23:58:42,092 INFO c.h.h.t.HelmChartContainer - [hivemq-test-hivemq-platform] [hivemq-platform-operator] [04661a7e] 	at io.vertx.core.impl.ContextImpl.lambda$execute$4(ContextImpl.java:315)
2025-01-28 23:58:42,092 INFO c.h.h.t.HelmChartContainer - [hivemq-test-hivemq-platform] [hivemq-platform-operator] [04661a7e] 	at io.netty.util.concurrent.AbstractEventExecutor.runTask(AbstractEventExecutor.java:173)
2025-01-28 23:58:42,092 INFO c.h.h.t.HelmChartContainer - [hivemq-test-hivemq-platform] [hivemq-platform-operator] [04661a7e] 	at io.netty.util.concurrent.AbstractEventExecutor.safeExecute(AbstractEventExecutor.java:166)
2025-01-28 23:58:42,092 INFO c.h.h.t.HelmChartContainer - [hivemq-test-hivemq-platform] [hivemq-platform-operator] [04661a7e] 	at io.netty.util.concurrent.SingleThreadEventExecutor.runAllTasks(SingleThreadEventExecutor.java:472)
2025-01-28 23:58:42,092 INFO c.h.h.t.HelmChartContainer - [hivemq-test-hivemq-platform] [hivemq-platform-operator] [04661a7e] 	at io.netty.channel.nio.NioEventLoop.run(NioEventLoop.java:569)
2025-01-28 23:58:42,092 INFO c.h.h.t.HelmChartContainer - [hivemq-test-hivemq-platform] [hivemq-platform-operator] [04661a7e] 	at io.netty.util.concurrent.SingleThreadEventExecutor$4.run(SingleThreadEventExecutor.java:997)
2025-01-28 23:58:42,092 INFO c.h.h.t.HelmChartContainer - [hivemq-test-hivemq-platform] [hivemq-platform-operator] [04661a7e] 	at io.netty.util.internal.ThreadExecutorMap$2.run(ThreadExecutorMap.java:74)
2025-01-28 23:58:42,092 INFO c.h.h.t.HelmChartContainer - [hivemq-test-hivemq-platform] [hivemq-platform-operator] [04661a7e] 	at io.netty.util.concurrent.FastThreadLocalRunnable.run(FastThreadLocalRunnable.java:30)
2025-01-28 23:58:42,092 INFO c.h.h.t.HelmChartContainer - [hivemq-test-hivemq-platform] [hivemq-platform-operator] [04661a7e] 	... 1 common frames omitted
2025-01-28 23:58:42,097 INFO c.h.h.t.HelmChartContainer - [hivemq-test-hivemq-platform] [hivemq-platform-operator] [04661a7e] 23:58:42.096 [ReconcilerExecutor-hivemq-controller-120] INFO  c.h.p.o.HiveMQPlatformReconciler - [helmexte] Cleanup test-hivemq-platform - helmextensionlicensesit HiveMQ Platform is shut down
2025-01-28 23:58:42,516 INFO c.h.h.t.HelmChartContainer - [POD] test-hivemq-platform-0 [03c8dae6-3e6e-4cbf-a53f-891ac9f56f48] in helmextensionlicensesit was MODIFIED
2025-01-28 23:58:42,530 INFO c.h.h.t.HelmChartContainer - [EVENT] Normal [Killing] Stopping container hivemq [helmextensionlicensesit:test-hivemq-platform-0]
2025-01-28 23:58:42,530 INFO c.h.h.t.HelmChartContainer - Received Killing event for container hivemq in pod test-hivemq-platform-0 [03c8dae6-3e6e-4cbf-a53f-891ac9f56f48]
2025-01-28 23:58:42,530 INFO c.h.h.t.HelmChartContainer - Container [test-hivemq-platform-0] [hivemq] [03c8dae6-3e6e-4cbf-a53f-891ac9f56f48] was terminated
2025-01-28 23:58:42,530 INFO c.h.h.t.HelmChartContainer - Stopped log watcher for hivemq in pod test-hivemq-platform-0 [03c8dae6-3e6e-4cbf-a53f-891ac9f56f48]
2025-01-28 23:58:42,531 INFO c.h.h.t.HelmChartContainer - [test-hivemq-platform] [hivemq] [03c8dae6] INFO  - [HiveMQ Platform Operator Init App 1.7.0-SNAPSHOT] Shutting down
2025-01-28 23:58:42,531 INFO c.h.h.t.HelmChartContainer - [test-hivemq-platform] [hivemq] [03c8dae6] INFO  - [HiveMQ Platform Operator Init App 1.7.0-SNAPSHOT] Stopping the HiveMQ Platform
2025-01-28 23:58:42,574 INFO c.h.h.t.HelmChartContainer - [test-hivemq-platform] [hivemq] [03c8dae6] INFO  - Shutting down HiveMQ. Please wait, this could take a while...
2025-01-28 23:58:42,652 INFO c.h.h.t.HelmChartContainer - [test-hivemq-platform] [hivemq] [03c8dae6] INFO  - Shutting down listeners and clients
2025-01-28 23:58:42,660 INFO c.h.h.t.HelmChartContainer - [test-hivemq-platform] [hivemq] [03c8dae6] INFO  - Shutdown of listeners is done
2025-01-28 23:58:42,660 INFO c.h.h.t.HelmChartContainer - [test-hivemq-platform] [hivemq] [03c8dae6] INFO  - No clients are connected, proceeding with shutdown
2025-01-28 23:58:43,766 INFO c.h.h.t.HelmChartContainer - Deleting namespace 'helmextensionlicensesit'...
2025-01-28 23:58:45,264 INFO c.h.h.t.HelmChartContainer - [test-hivemq-platform] [hivemq] [03c8dae6] INFO  - [HiveMQ Platform Operator Init App 1.7.0-SNAPSHOT] Returning shutdown Health API response 503 for readiness
2025-01-28 23:58:45,268 INFO c.h.h.t.HelmChartContainer - [EVENT] Warning [Unhealthy] Readiness probe failed: HTTP probe failed with statuscode: 503 [helmextensionlicensesit:test-hivemq-platform-0]
2025-01-28 23:58:45,268 INFO c.h.h.t.HelmChartContainer - Received Unhealthy event for container hivemq in pod test-hivemq-platform-0 [03c8dae6-3e6e-4cbf-a53f-891ac9f56f48]
2025-01-28 23:58:45,784 INFO c.h.h.t.HelmChartContainer - [K3S] [authentication.go:74] "Unable to authenticate the request" err="[invalid bearer token, serviceaccounts \"hivemq-platform-pod-test-hivemq-platform\" not found]"
2025-01-28 23:58:45,806 INFO c.h.h.t.HelmChartContainer - [K3S] [authentication.go:74] "Unable to authenticate the request" err="[invalid bearer token, serviceaccounts \"hivemq-platform-pod-test-hivemq-platform\" not found]"
2025-01-28 23:58:45,868 INFO c.h.h.t.HelmChartContainer - [test-hivemq-platform] [hivemq] [03c8dae6] WARN  - [HiveMQ Platform Operator Init App 1.7.0-SNAPSHOT] Could not update Pod annotations: Failure executing: GET at: https://10.43.0.1:443/api/v1/namespaces/helmextensionlicensesit/pods/test-hivemq-platform-0. Message: Unauthorized. Received status: Status(apiVersion=v1, code=401, details=null, kind=Status, message=Unauthorized, metadata=ListMeta(_continue=null, remainingItemCount=null, resourceVersion=null, selfLink=null, additionalProperties={}), reason=Unauthorized, status=Failure, additionalProperties={}).
2025-01-28 23:58:46,167 INFO c.h.h.t.HelmChartContainer - [test-hivemq-platform] [hivemq] [03c8dae6] INFO  - Shutting down extension system
2025-01-28 23:58:46,173 INFO c.h.h.t.HelmChartContainer - [test-hivemq-platform] [hivemq] [03c8dae6] INFO  - Stopping extension with id hivemq-dns-cluster-discovery
2025-01-28 23:58:46,173 INFO c.h.h.t.HelmChartContainer - [test-hivemq-platform] [hivemq] [03c8dae6] INFO  - Extension "DNS Cluster Discovery Extension" version 4.3.2 stopped successfully.
2025-01-28 23:58:46,174 INFO c.h.h.t.HelmChartContainer - [test-hivemq-platform] [hivemq] [03c8dae6] INFO  - Stopping extension with id hivemq-distributed-tracing-extension
2025-01-28 23:58:46,175 INFO c.h.h.t.HelmChartContainer - [test-hivemq-platform] [hivemq] [03c8dae6] INFO  - Extension "HiveMQ Enterprise Distributed Tracing Extension" version 4.36.0 stopped successfully.
2025-01-28 23:58:46,175 INFO c.h.h.t.HelmChartContainer - [test-hivemq-platform] [hivemq] [03c8dae6] INFO  - Stopping extension with id hivemq-prometheus-extension
2025-01-28 23:58:46,180 INFO c.h.h.t.HelmChartContainer - [test-hivemq-platform] [hivemq] [03c8dae6] INFO  - Extension "Prometheus Monitoring Extension" version 4.0.12 stopped successfully.
2025-01-28 23:58:46,180 INFO c.h.h.t.HelmChartContainer - [test-hivemq-platform] [hivemq] [03c8dae6] INFO  - Stopping extension with id hivemq-allow-all-extension
2025-01-28 23:58:46,180 INFO c.h.h.t.HelmChartContainer - [test-hivemq-platform] [hivemq] [03c8dae6] INFO  - Extension "Allow All Extension" version 1.1.1 stopped successfully.
2025-01-28 23:58:48,465 INFO c.h.h.t.HelmChartContainer - [test-hivemq-platform] [hivemq] [03c8dae6] INFO  - Shutdown completed.
2025-01-28 23:58:48,825 INFO c.h.h.t.HelmChartContainer - [K3S] [stateful_set.go:466] "StatefulSet has been deleted" key="helmextensionlicensesit/test-hivemq-platform"
2025-01-28 23:58:48,859 INFO c.h.h.t.HelmChartContainer - [test-hivemq-platform] [hivemq] [03c8dae6] INFO  - [HiveMQ Platform Operator Init App 1.7.0-SNAPSHOT] The HiveMQ Platform exited with code 143
2025-01-28 23:58:48,860 INFO c.h.h.t.HelmChartContainer - [test-hivemq-platform] [hivemq] [03c8dae6] INFO  - [HiveMQ Platform Operator Init App 1.7.0-SNAPSHOT] Stopping the REST API
2025-01-28 23:58:48,867 INFO c.h.h.t.HelmChartContainer - [test-hivemq-platform] [hivemq] [03c8dae6] INFO  - [HiveMQ Platform Operator Init App 1.7.0-SNAPSHOT] Shutdown complete
2025-01-28 23:58:49,321 INFO c.h.h.t.HelmChartContainer - [POD] test-hivemq-platform-0 [03c8dae6-3e6e-4cbf-a53f-891ac9f56f48] in helmextensionlicensesit was MODIFIED
2025-01-28 23:58:49,476 INFO c.h.h.t.HelmChartContainer - [K3S] [reconciler_common.go:162] "operationExecutor.UnmountVolume started for volume \"kube-api-access-kgv9p\" (UniqueName: \"kubernetes.io/projected/03c8dae6-3e6e-4cbf-a53f-891ac9f56f48-kube-api-access-kgv9p\") pod \"03c8dae6-3e6e-4cbf-a53f-891ac9f56f48\" (UID: \"03c8dae6-3e6e-4cbf-a53f-891ac9f56f48\") "
2025-01-28 23:58:49,476 INFO c.h.h.t.HelmChartContainer - [K3S] [reconciler_common.go:162] "operationExecutor.UnmountVolume started for volume \"operator-init\" (UniqueName: \"kubernetes.io/empty-dir/03c8dae6-3e6e-4cbf-a53f-891ac9f56f48-operator-init\") pod \"03c8dae6-3e6e-4cbf-a53f-891ac9f56f48\" (UID: \"03c8dae6-3e6e-4cbf-a53f-891ac9f56f48\") "
2025-01-28 23:58:49,476 INFO c.h.h.t.HelmChartContainer - [K3S] [reconciler_common.go:162] "operationExecutor.UnmountVolume started for volume \"broker-configuration\" (UniqueName: \"kubernetes.io/configmap/03c8dae6-3e6e-4cbf-a53f-891ac9f56f48-broker-configuration\") pod \"03c8dae6-3e6e-4cbf-a53f-891ac9f56f48\" (UID: \"03c8dae6-3e6e-4cbf-a53f-891ac9f56f48\") "
2025-01-28 23:58:49,476 INFO c.h.h.t.HelmChartContainer - [K3S] [reconciler_common.go:162] "operationExecutor.UnmountVolume started for volume \"licenses\" (UniqueName: \"kubernetes.io/secret/03c8dae6-3e6e-4cbf-a53f-891ac9f56f48-licenses\") pod \"03c8dae6-3e6e-4cbf-a53f-891ac9f56f48\" (UID: \"03c8dae6-3e6e-4cbf-a53f-891ac9f56f48\") "
2025-01-28 23:58:49,476 INFO c.h.h.t.HelmChartContainer - [K3S] [reconciler_common.go:162] "operationExecutor.UnmountVolume started for volume \"extension-configuration-hivemq-distributed-tracing-extension\" (UniqueName: \"kubernetes.io/configmap/03c8dae6-3e6e-4cbf-a53f-891ac9f56f48-extension-configuration-hivemq-distributed-tracing-extension\") pod \"03c8dae6-3e6e-4cbf-a53f-891ac9f56f48\" (UID: \"03c8dae6-3e6e-4cbf-a53f-891ac9f56f48\") "
2025-01-28 23:58:49,476 INFO c.h.h.t.HelmChartContainer - [K3S] [reconciler_common.go:162] "operationExecutor.UnmountVolume started for volume \"pod-info\" (UniqueName: \"kubernetes.io/configmap/03c8dae6-3e6e-4cbf-a53f-891ac9f56f48-pod-info\") pod \"03c8dae6-3e6e-4cbf-a53f-891ac9f56f48\" (UID: \"03c8dae6-3e6e-4cbf-a53f-891ac9f56f48\") "
2025-01-28 23:58:49,576 INFO c.h.h.t.HelmChartContainer - [K3S] [reconciler_common.go:299] "Volume detached for volume \"extension-configuration-hivemq-distributed-tracing-extension\" (UniqueName: \"kubernetes.io/configmap/03c8dae6-3e6e-4cbf-a53f-891ac9f56f48-extension-configuration-hivemq-distributed-tracing-extension\") on node \"6701628649ec\" DevicePath \"\""
2025-01-28 23:58:49,576 INFO c.h.h.t.HelmChartContainer - [K3S] [reconciler_common.go:299] "Volume detached for volume \"licenses\" (UniqueName: \"kubernetes.io/secret/03c8dae6-3e6e-4cbf-a53f-891ac9f56f48-licenses\") on node \"6701628649ec\" DevicePath \"\""
2025-01-28 23:58:49,576 INFO c.h.h.t.HelmChartContainer - [K3S] [reconciler_common.go:299] "Volume detached for volume \"pod-info\" (UniqueName: \"kubernetes.io/configmap/03c8dae6-3e6e-4cbf-a53f-891ac9f56f48-pod-info\") on node \"6701628649ec\" DevicePath \"\""
2025-01-28 23:58:49,576 INFO c.h.h.t.HelmChartContainer - [K3S] [reconciler_common.go:299] "Volume detached for volume \"kube-api-access-kgv9p\" (UniqueName: \"kubernetes.io/projected/03c8dae6-3e6e-4cbf-a53f-891ac9f56f48-kube-api-access-kgv9p\") on node \"6701628649ec\" DevicePath \"\""
2025-01-28 23:58:49,576 INFO c.h.h.t.HelmChartContainer - [K3S] [reconciler_common.go:299] "Volume detached for volume \"operator-init\" (UniqueName: \"kubernetes.io/empty-dir/03c8dae6-3e6e-4cbf-a53f-891ac9f56f48-operator-init\") on node \"6701628649ec\" DevicePath \"\""
2025-01-28 23:58:49,576 INFO c.h.h.t.HelmChartContainer - [K3S] [reconciler_common.go:299] "Volume detached for volume \"broker-configuration\" (UniqueName: \"kubernetes.io/configmap/03c8dae6-3e6e-4cbf-a53f-891ac9f56f48-broker-configuration\") on node \"6701628649ec\" DevicePath \"\""
2025-01-28 23:58:49,851 INFO c.h.h.t.HelmChartContainer - [K3S] [scope.go:117] "RemoveContainer" containerID="fbece8afa3a256d3f484f10840b0a4713a5e0921c4b8aea233c780fd22f931ec"
2025-01-28 23:58:49,872 INFO c.h.h.t.HelmChartContainer - [POD] test-hivemq-platform-0 [03c8dae6-3e6e-4cbf-a53f-891ac9f56f48] in helmextensionlicensesit was MODIFIED
2025-01-28 23:58:49,881 INFO c.h.h.t.HelmChartContainer - [POD] test-hivemq-platform-0 [03c8dae6-3e6e-4cbf-a53f-891ac9f56f48] in helmextensionlicensesit was DELETED
2025-01-28 23:58:49,961 INFO c.h.h.t.HelmChartContainer - [K3S] [scope.go:117] "RemoveContainer" containerID="152013a42630d5b8347a8453e31583292207c29ce4256c839957fd355cd50d28"
2025-01-28 23:58:49,965 INFO c.h.h.t.HelmChartContainer - [K3S] [scope.go:117] "RemoveContainer" containerID="fbece8afa3a256d3f484f10840b0a4713a5e0921c4b8aea233c780fd22f931ec"
2025-01-28 23:58:49,965 INFO c.h.h.t.HelmChartContainer - [K3S] [scope.go:117] "RemoveContainer" containerID="152013a42630d5b8347a8453e31583292207c29ce4256c839957fd355cd50d28"
2025-01-28 23:58:51,144 INFO c.h.h.t.HelmChartContainer - [K3S] [kubelet_volumes.go:163] "Cleaned up orphaned pod volumes dir" podUID="03c8dae6-3e6e-4cbf-a53f-891ac9f56f48" path="/var/lib/kubelet/pods/03c8dae6-3e6e-4cbf-a53f-891ac9f56f48/volumes"
2025-01-28 23:58:54,095 INFO c.h.h.t.HelmChartContainer - Namespace 'helmextensionlicensesit' deleted
2025-01-28 23:58:54,095 INFO c.h.h.t.HelmChartContainer - Release 'test-hivemq-platform' in namespace 'helmextensionlicensesit' is uninstalled
2025-01-28 23:58:54,095 INFO c.h.h.t.HelmChartContainer - Uninstalling release 'test-hivemq-platform-operator' in namespace 'helmextensionlicensesit-operator'...
2025-01-28 23:58:54,095 DEBUG c.h.h.t.HelmChartContainer - Executing helm command: /bin/helm --kubeconfig /etc/rancher/k3s/k3s.yaml uninstall test-hivemq-platform-operator  --wait --timeout 5m0s --cascade foreground --namespace helmextensionlicensesit-operator
2025-01-28 23:58:54,274 INFO c.h.h.t.HelmChartContainer - [K3S] [replica_set.go:679] "Finished syncing" kind="ReplicaSet" key="helmextensionlicensesit-operator/hivemq-test-hivemq-platform-operator-6966f96d65" duration="17.233682ms"
2025-01-28 23:58:54,277 INFO c.h.h.t.HelmChartContainer - [K3S] [replica_set.go:679] "Finished syncing" kind="ReplicaSet" key="helmextensionlicensesit-operator/hivemq-test-hivemq-platform-operator-6966f96d65" duration="49.472µs"
2025-01-28 23:58:54,289 INFO c.h.h.t.HelmChartContainer - [POD] hivemq-test-hivemq-platform-operator-6966f96d65-cjj95 [04661a7e-755d-4849-84b5-2cbef9357615] in helmextensionlicensesit-operator was MODIFIED
2025-01-28 23:58:54,303 INFO c.h.h.t.HelmChartContainer - [EVENT] Normal [Killing] Stopping container hivemq-platform-operator [helmextensionlicensesit-operator:hivemq-test-hivemq-platform-operator-6966f96d65-cjj95]
2025-01-28 23:58:54,304 INFO c.h.h.t.HelmChartContainer - Received Killing event for container hivemq-platform-operator in pod hivemq-test-hivemq-platform-operator-6966f96d65-cjj95 [04661a7e-755d-4849-84b5-2cbef9357615]
2025-01-28 23:58:54,304 INFO c.h.h.t.HelmChartContainer - Container [hivemq-test-hivemq-platform-operator-6966f96d65-cjj95] [hivemq-platform-operator] [04661a7e-755d-4849-84b5-2cbef9357615] was terminated
2025-01-28 23:58:54,304 INFO c.h.h.t.HelmChartContainer - Stopped log watcher for hivemq-platform-operator in pod hivemq-test-hivemq-platform-operator-6966f96d65-cjj95 [04661a7e-755d-4849-84b5-2cbef9357615]
2025-01-28 23:58:54,305 INFO c.h.h.t.HelmChartContainer - [K3S] [replica_set.go:679] "Finished syncing" kind="ReplicaSet" key="helmextensionlicensesit-operator/hivemq-test-hivemq-platform-operator-6966f96d65" duration="15.581756ms"
2025-01-28 23:58:54,305 INFO c.h.h.t.HelmChartContainer - [K3S] [replica_set.go:679] "Finished syncing" kind="ReplicaSet" key="helmextensionlicensesit-operator/hivemq-test-hivemq-platform-operator-6966f96d65" duration="63.519µs"
2025-01-28 23:58:54,306 INFO c.h.h.t.HelmChartContainer - [hivemq-test-hivemq-platform] [hivemq-platform-operator] [04661a7e] 23:58:54.303 [application-shutdown-thread] INFO  c.h.p.o.HiveMQPlatformOperatorApplication - HiveMQ Platform Operator is stopping...
2025-01-28 23:58:54,306 INFO c.h.h.t.HelmChartContainer - [hivemq-test-hivemq-platform] [hivemq-platform-operator] [04661a7e] 23:58:54.303 [application-shutdown-thread] INFO  i.javaoperatorsdk.operator.Operator - Operator SDK 4.9.7 is shutting down...
2025-01-28 23:58:54,950 INFO c.h.h.t.HelmChartContainer - [K3S] [replica_set.go:679] "Finished syncing" kind="ReplicaSet" key="helmextensionlicensesit-operator/hivemq-test-hivemq-platform-operator-6966f96d65" duration="51.055µs"
2025-01-28 23:58:54,951 INFO c.h.h.t.HelmChartContainer - [POD] hivemq-test-hivemq-platform-operator-6966f96d65-cjj95 [04661a7e-755d-4849-84b5-2cbef9357615] in helmextensionlicensesit-operator was MODIFIED
2025-01-28 23:58:55,011 INFO c.h.h.t.HelmChartContainer - [K3S] [reconciler_common.go:162] "operationExecutor.UnmountVolume started for volume \"kube-api-access-bgbf8\" (UniqueName: \"kubernetes.io/projected/04661a7e-755d-4849-84b5-2cbef9357615-kube-api-access-bgbf8\") pod \"04661a7e-755d-4849-84b5-2cbef9357615\" (UID: \"04661a7e-755d-4849-84b5-2cbef9357615\") "
2025-01-28 23:58:55,112 INFO c.h.h.t.HelmChartContainer - [K3S] [reconciler_common.go:299] "Volume detached for volume \"kube-api-access-bgbf8\" (UniqueName: \"kubernetes.io/projected/04661a7e-755d-4849-84b5-2cbef9357615-kube-api-access-bgbf8\") on node \"6701628649ec\" DevicePath \"\""
2025-01-28 23:58:55,860 INFO c.h.h.t.HelmChartContainer - [K3S] [scope.go:117] "RemoveContainer" containerID="10f81f49db850115528704984c23089a9c8bc326f5b6106e0215184013325178"
2025-01-28 23:58:55,863 INFO c.h.h.t.HelmChartContainer - [K3S] [scope.go:117] "RemoveContainer" containerID="10f81f49db850115528704984c23089a9c8bc326f5b6106e0215184013325178"
2025-01-28 23:58:55,871 INFO c.h.h.t.HelmChartContainer - [K3S] [replica_set.go:679] "Finished syncing" kind="ReplicaSet" key="helmextensionlicensesit-operator/hivemq-test-hivemq-platform-operator-6966f96d65" duration="57.076µs"
2025-01-28 23:58:55,873 INFO c.h.h.t.HelmChartContainer - [POD] hivemq-test-hivemq-platform-operator-6966f96d65-cjj95 [04661a7e-755d-4849-84b5-2cbef9357615] in helmextensionlicensesit-operator was MODIFIED
2025-01-28 23:58:55,874 INFO c.h.h.t.HelmChartContainer - [POD] hivemq-test-hivemq-platform-operator-6966f96d65-cjj95 [04661a7e-755d-4849-84b5-2cbef9357615] in helmextensionlicensesit-operator was DELETED
2025-01-28 23:58:55,874 INFO c.h.h.t.HelmChartContainer - [K3S] [replica_set.go:679] "Finished syncing" kind="ReplicaSet" key="helmextensionlicensesit-operator/hivemq-test-hivemq-platform-operator-6966f96d65" duration="30.628µs"
2025-01-28 23:58:55,884 INFO c.h.h.t.HelmChartContainer - [K3S] [replica_set.go:679] "Finished syncing" kind="ReplicaSet" key="helmextensionlicensesit-operator/hivemq-test-hivemq-platform-operator-6966f96d65" duration="5.48µs"
2025-01-28 23:58:56,309 INFO c.h.h.t.HelmChartContainer - Deleting namespace 'helmextensionlicensesit-operator'...
2025-01-28 23:58:57,144 INFO c.h.h.t.HelmChartContainer - [K3S] [kubelet_volumes.go:163] "Cleaned up orphaned pod volumes dir" podUID="04661a7e-755d-4849-84b5-2cbef9357615" path="/var/lib/kubelet/pods/04661a7e-755d-4849-84b5-2cbef9357615/volumes"
2025-01-28 23:58:59,040 INFO c.h.h.t.HelmChartContainer - [K3S] [namespace_controller.go:187] "Namespace has been deleted" namespace="helmextensionlicensesit"
2025-01-28 23:59:01,527 INFO c.h.h.t.HelmChartContainer - Namespace 'helmextensionlicensesit-operator' deleted
2025-01-28 23:59:01,527 INFO c.h.h.t.HelmChartContainer - Release 'test-hivemq-platform-operator' in namespace 'helmextensionlicensesit-operator' is uninstalled
2025-01-28 23:59:02,289 INFO c.h.helmcharts.AbstractHelmChartIT - Removed unused containers:

2025-01-28 23:59:06,444 INFO c.h.h.t.HelmChartContainer - [K3S] [namespace_controller.go:187] "Namespace has been deleted" namespace="helmextensionlicensesit-operator"
2025-01-28 23:59:10,473 INFO c.h.helmcharts.AbstractHelmChartIT - Removed unused snapshots:
Removing snapshot sha256:03af251906410714c5aef9fa705b63f6bbc39c4a5e787de7361eeb18886c2ed2
Removing snapshot sha256:0c46b3b43cce082ce5ec34ffc6c294e0417d17b9d1e6f366d114b6aadc4f96dc
Removing snapshot sha256:0ce761beee59082d6ed5bcebd3a805b8ddd9b3426b617e4809e7fb7c6587ffec
Removing snapshot sha256:0df91287303208332c8ff6ba40ae4710105201739addbfbddfb955f1ad593664
Removing snapshot sha256:1021ef88c7974bfff89c5a0ec4fd3160daac6c48a075f74cff721f85dd104e68
Removing snapshot sha256:10aba4953ddc18145dd38e3704709bc464aa20af60b56fe52caaff4b68411e62
Removing snapshot sha256:2573e0d8158209ed54ab25c87bcdcb00bd3d2539246960a3d592a1c599d70465
Removing snapshot sha256:362a8a37f8bbc31925a8146adcf7cf51f9882f5c1dcbef67c5baa03a297543c0
Removing snapshot sha256:3fa4ad33f0ddc8fd45b39b6b4640f82a3a83619606cd975bfe89d8710ad2d4cd
Removing snapshot sha256:43a7c979bbaba6838bc3102d6b10a1459f3ab050b87ccdfef84ef90cf43d3058
Removing snapshot sha256:4ab04491cdf0d3267f08206fe30bd48f49f94b9cab2f016d6739220f722a64af
Removing snapshot sha256:4b6068250e89c96f263060261819c7d912855bfbd64b3eb4c4a8483299b8c295
Removing snapshot sha256:580e69a0a8034ede1921139bbd2bfb72a69ebf276d008281896c32dd8bf74775
Removing snapshot sha256:5d30ba46b27fe37484567ccc5242cadc78217b8da605f3f195ef25cbf7487904
Removing snapshot sha256:63ca1fbb43ae5034640e5e6cb3e083e05c290072c5366fcaa9d62435a4cced85
Removing snapshot sha256:67f702c6baae873bceb19487c8b1f27bd2b86077e4f2f0e480e6d60ab508b8f5
Removing snapshot sha256:6864348dd42806d552efdec384f1274be15e2d0c10ce44c1f04347af004c10a9
Removing snapshot sha256:6c7dee8f2c39b84b7dc2711c01d33de93514d9055499173e9290176fbe484b6c
Removing snapshot sha256:82753493a6d61ded36556292f02f31841a14c20d2f279f19eaad65afb661d5cd
Removing snapshot sha256:8a10d3db42c505ee0fcfa98417bdd7e39b304f6bcc0a06bb1b220797ff2cc63c
Removing snapshot sha256:9f50a704209878c34ee7f087a937f7c72a8d8ebfc624e23899f60b954e6d38a8
Removing snapshot sha256:a0904247e36a7726c03c71ee48f3e64462021c88dafeb13f37fdaf613b27f11c
Removing snapshot sha256:a21e5b12dbac529ad45d976eb9ce45c881f3bedcc500fb30aba1e52aa1813418
Removing snapshot sha256:b921e6c28969094157f9b8e7244677780319637afd14450b7cb6b2fdea558a0c
Removing snapshot sha256:bc27ecb5769a00e309cf99ebc763c4a4b958b618d1decc96ffac5bc05f02f5b7
Removing snapshot sha256:be3ccb6627a5332e309d45ef461d09b4879dd870c7394d89323d0ebc6ca6aa8a
Removing snapshot sha256:c261f7cbbc64211ee175ee47273acdb7b1a36a4450b397a064a8f2c026490095
Removing snapshot sha256:c34d9393647eea0c9e3557ab988efaf59f61d10a2a5613b439ef0958cca5ec10
Removing snapshot sha256:ccf3c4a0fa967a41c1c83497a2ce6fa5787965859df0adb32c4ca2cf7490bc2b
Removing snapshot sha256:ce52eff58bdd62103cf30c71199c3758d7420eef9474144f0565dcdc2eb9086b
Removing snapshot sha256:cf92d33f869417309692088c341cd0f223c178ea78a125f757317b22aa8f90e9
Removing snapshot sha256:d0037344cf2fb078884f1849f6a1f8cf9a33a3b6139b6a85833e5ee528e1f9a8
Removing snapshot sha256:d3b36d5b79273b1e98e7700470eaeff05a882e777124d84cebcc1505b85ecb36
Removing snapshot sha256:d65a44a37914602d12c611e5e22a50f11451d847e63015cc1c2aef92dee777a4
Removing snapshot sha256:e2dc0bae2455930f23ae570e019b7f32edc75c0f2d71cab084db837ff9051796
Removing snapshot sha256:eccbd24a99c60cd9e86ee5305dbfc4a4dc89f5ab4fb1f06c8d64797cecedef34
Removing snapshot sha256:f144bb4c7c7f0d2aa7eeffd36d934ec40db1ee167be727e326aad9fdc616f475

]]></system-out>
  </testcase>
  <system-out><![CDATA[2025-01-28 23:55:32,132 INFO c.h.h.t.HelmChartContainerExtension - Using cached HelmChartContainer instance
]]></system-out>
  <system-err><![CDATA[]]></system-err>
</testsuite>
