<?xml version="1.0" encoding="UTF-8"?>
<testsuite name="com.hivemq.helmcharts.migration.HelmLegacyStatefulSetMigrationIT" tests="1" skipped="1" failures="0" errors="0" timestamp="2025-07-28T08:10:47" hostname="pkrvmpptgkbjq6m" time="0.001">
  <properties/>
  <testcase name="migrateToCurrentPlatformOperator()" classname="com.hivemq.helmcharts.migration.HelmLegacyStatefulSetMigrationIT" time="0.001">
    <skipped/>
  </testcase>
</testsuite>
