<?xml version="1.0" encoding="UTF-8"?>
<testsuite name="com.hivemq.helmcharts.services.HelmMetricsServiceIT" tests="2" skipped="0" failures="0" errors="0" timestamp="2025-01-27T17:08:03" hostname="fv-az1334-844" time="210.757">
  <properties/>
  <testcase name="platformChart_withCustomServiceName_thenMetricsAvailable()" classname="com.hivemq.helmcharts.services.HelmMetricsServiceIT" time="105.951">
    <system-out><![CDATA[2025-01-27 17:08:03,496 INFO c.h.h.t.HelmChartContainer - Creating namespace 'helmmetricsserviceit-operator'...
2025-01-27 17:08:03,505 INFO c.h.h.t.HelmChartContainer - Namespace 'helmmetricsserviceit-operator' created
2025-01-27 17:08:03,506 INFO c.h.h.t.HelmChartContainer - Creating namespace 'helmmetricsserviceit'...
2025-01-27 17:08:03,514 INFO c.h.h.t.HelmChartContainer - Namespace 'helmmetricsserviceit' created
2025-01-27 17:08:03,591 DEBUG c.h.h.t.HelmChartContainer - Executing helm command: /bin/helm --kubeconfig /etc/rancher/k3s/k3s.yaml install test-hivemq-platform-operator /charts/hivemq-platform-operator --wait --timeout 5m0s --set image.repository=docker.io/hivemq --set image.name=hivemq-platform-operator-test --set image.initImageName=hivemq-platform-operator-init-test --set image.tag=snapshot --set image.pullPolicy=Never --set logLevel=DEBUG --set resources.cpu=512m --namespace helmmetricsserviceit-operator
2025-01-27 17:08:03,898 INFO c.h.h.t.HelmChartContainer - [K3S] [alloc.go:330] "allocated clusterIPs" service="helmmetricsserviceit-operator/hivemq-platform-operator-test-hivemq-platform-operator" clusterIPs={"IPv4":"10.43.216.22"}
2025-01-27 17:08:03,911 INFO c.h.h.t.HelmChartContainer - [EVENT] Normal [ScalingReplicaSet] Scaled up replica set hivemq-test-hivemq-platform-operator-6966f96d65 from 0 to 1 [helmmetricsserviceit-operator:hivemq-test-hivemq-platform-operator]
2025-01-27 17:08:03,914 INFO c.h.h.t.HelmChartContainer - [POD] hivemq-test-hivemq-platform-operator-6966f96d65-8vnc9 [e9ec6ca6-ba69-41fb-85dd-95ffe2fab77a] in helmmetricsserviceit-operator was ADDED
2025-01-27 17:08:03,918 INFO c.h.h.t.HelmChartContainer - [EVENT] Normal [SuccessfulCreate] Created pod: hivemq-test-hivemq-platform-operator-6966f96d65-8vnc9 [helmmetricsserviceit-operator:hivemq-test-hivemq-platform-operator-6966f96d65]
2025-01-27 17:08:03,924 INFO c.h.h.t.HelmChartContainer - [K3S] [replica_set.go:679] "Finished syncing" kind="ReplicaSet" key="helmmetricsserviceit-operator/hivemq-test-hivemq-platform-operator-6966f96d65" duration="16.855394ms"
2025-01-27 17:08:03,927 INFO c.h.h.t.HelmChartContainer - [POD] hivemq-test-hivemq-platform-operator-6966f96d65-8vnc9 [e9ec6ca6-ba69-41fb-85dd-95ffe2fab77a] in helmmetricsserviceit-operator was MODIFIED
2025-01-27 17:08:03,927 INFO c.h.h.t.HelmChartContainer - [K3S] [memory_manager.go:355] "RemoveStaleState removing state" podUID="382f6ec0-b034-46b4-b309-3b7b781952ba" containerName="kube-prometheus-stack"
2025-01-27 17:08:03,927 INFO c.h.h.t.HelmChartContainer - [K3S] [memory_manager.go:355] "RemoveStaleState removing state" podUID="7e256cc8-a296-473c-995b-9628509eafc8" containerName="config-reloader"
2025-01-27 17:08:03,927 INFO c.h.h.t.HelmChartContainer - [K3S] [memory_manager.go:355] "RemoveStaleState removing state" podUID="0c3691d7-92f8-4c67-968a-bb638313fb19" containerName="prometheus"
2025-01-27 17:08:03,928 INFO c.h.h.t.HelmChartContainer - [K3S] [memory_manager.go:355] "RemoveStaleState removing state" podUID="7e256cc8-a296-473c-995b-9628509eafc8" containerName="alertmanager"
2025-01-27 17:08:03,928 INFO c.h.h.t.HelmChartContainer - [K3S] [memory_manager.go:355] "RemoveStaleState removing state" podUID="c2c0fb8e-a018-44ce-93cc-7f95d25c70fa" containerName="kube-state-metrics"
2025-01-27 17:08:03,928 INFO c.h.h.t.HelmChartContainer - [K3S] [memory_manager.go:355] "RemoveStaleState removing state" podUID="d49047b5-b1bd-4e96-ad71-e7a65897f5bf" containerName="node-exporter"
2025-01-27 17:08:03,928 INFO c.h.h.t.HelmChartContainer - [K3S] [memory_manager.go:355] "RemoveStaleState removing state" podUID="6ce1b213-a4be-400c-9112-62edbb38b4c0" containerName="hivemq-platform-operator"
2025-01-27 17:08:03,928 INFO c.h.h.t.HelmChartContainer - [K3S] [memory_manager.go:355] "RemoveStaleState removing state" podUID="b0459edf-620f-4cff-ae95-b784691941c2" containerName="grafana-sc-dashboard"
2025-01-27 17:08:03,928 INFO c.h.h.t.HelmChartContainer - [K3S] [memory_manager.go:355] "RemoveStaleState removing state" podUID="b0459edf-620f-4cff-ae95-b784691941c2" containerName="grafana"
2025-01-27 17:08:03,928 INFO c.h.h.t.HelmChartContainer - [K3S] [memory_manager.go:355] "RemoveStaleState removing state" podUID="b0459edf-620f-4cff-ae95-b784691941c2" containerName="grafana-sc-datasources"
2025-01-27 17:08:03,928 INFO c.h.h.t.HelmChartContainer - [K3S] [memory_manager.go:355] "RemoveStaleState removing state" podUID="0c3691d7-92f8-4c67-968a-bb638313fb19" containerName="config-reloader"
2025-01-27 17:08:03,932 INFO c.h.h.t.HelmChartContainer - [EVENT] Normal [Scheduled] Successfully assigned helmmetricsserviceit-operator/hivemq-test-hivemq-platform-operator-6966f96d65-8vnc9 to 9aface448084 [helmmetricsserviceit-operator:hivemq-test-hivemq-platform-operator-6966f96d65-8vnc9]
2025-01-27 17:08:03,933 INFO c.h.h.t.HelmChartContainer - [K3S] [replica_set.go:679] "Finished syncing" kind="ReplicaSet" key="helmmetricsserviceit-operator/hivemq-test-hivemq-platform-operator-6966f96d65" duration="10.019173ms"
2025-01-27 17:08:03,942 INFO c.h.h.t.HelmChartContainer - [POD] hivemq-test-hivemq-platform-operator-6966f96d65-8vnc9 [e9ec6ca6-ba69-41fb-85dd-95ffe2fab77a] in helmmetricsserviceit-operator was MODIFIED
2025-01-27 17:08:03,947 INFO c.h.h.t.HelmChartContainer - [K3S] [replica_set.go:679] "Finished syncing" kind="ReplicaSet" key="helmmetricsserviceit-operator/hivemq-test-hivemq-platform-operator-6966f96d65" duration="13.154588ms"
2025-01-27 17:08:03,947 INFO c.h.h.t.HelmChartContainer - [K3S] [replica_set.go:679] "Finished syncing" kind="ReplicaSet" key="helmmetricsserviceit-operator/hivemq-test-hivemq-platform-operator-6966f96d65" duration="65.052µs"
2025-01-27 17:08:04,067 INFO c.h.h.t.HelmChartContainer - [K3S] [reconciler_common.go:251] "operationExecutor.VerifyControllerAttachedVolume started for volume \"kube-api-access-fkhrg\" (UniqueName: \"kubernetes.io/projected/e9ec6ca6-ba69-41fb-85dd-95ffe2fab77a-kube-api-access-fkhrg\") pod \"hivemq-test-hivemq-platform-operator-6966f96d65-8vnc9\" (UID: \"e9ec6ca6-ba69-41fb-85dd-95ffe2fab77a\") " pod="helmmetricsserviceit-operator/hivemq-test-hivemq-platform-operator-6966f96d65-8vnc9"
2025-01-27 17:08:04,331 INFO c.h.h.t.HelmChartContainer - [EVENT] Normal [Pulled] Container image "docker.io/hivemq/hivemq-platform-operator-test:snapshot" already present on machine [helmmetricsserviceit-operator:hivemq-test-hivemq-platform-operator-6966f96d65-8vnc9]
2025-01-27 17:08:04,331 INFO c.h.h.t.HelmChartContainer - Received Pulled event for container hivemq-platform-operator in pod hivemq-test-hivemq-platform-operator-6966f96d65-8vnc9 [e9ec6ca6-ba69-41fb-85dd-95ffe2fab77a]
2025-01-27 17:08:05,602 INFO c.h.h.t.HelmChartContainer - [EVENT] Normal [Created] Created container: hivemq-platform-operator [helmmetricsserviceit-operator:hivemq-test-hivemq-platform-operator-6966f96d65-8vnc9]
2025-01-27 17:08:05,602 INFO c.h.h.t.HelmChartContainer - Received Created event for container hivemq-platform-operator in pod hivemq-test-hivemq-platform-operator-6966f96d65-8vnc9 [e9ec6ca6-ba69-41fb-85dd-95ffe2fab77a]
2025-01-27 17:08:05,946 INFO c.h.h.t.HelmChartContainer - [K3S] [replica_set.go:679] "Finished syncing" kind="ReplicaSet" key="helmmetricsserviceit-operator/hivemq-test-hivemq-platform-operator-6966f96d65" duration="40.326µs"
2025-01-27 17:08:05,946 INFO c.h.h.t.HelmChartContainer - [POD] hivemq-test-hivemq-platform-operator-6966f96d65-8vnc9 [e9ec6ca6-ba69-41fb-85dd-95ffe2fab77a] in helmmetricsserviceit-operator was MODIFIED
2025-01-27 17:08:05,959 INFO c.h.h.t.HelmChartContainer - Started log watcher for hivemq-platform-operator in pod hivemq-test-hivemq-platform-operator-6966f96d65-8vnc9 [e9ec6ca6-ba69-41fb-85dd-95ffe2fab77a]
2025-01-27 17:08:05,959 INFO c.h.h.t.HelmChartContainer - [EVENT] Normal [Started] Started container hivemq-platform-operator [helmmetricsserviceit-operator:hivemq-test-hivemq-platform-operator-6966f96d65-8vnc9]
2025-01-27 17:08:05,959 INFO c.h.h.t.HelmChartContainer - Received Started event for container hivemq-platform-operator in pod hivemq-test-hivemq-platform-operator-6966f96d65-8vnc9 [e9ec6ca6-ba69-41fb-85dd-95ffe2fab77a]
2025-01-27 17:08:05,959 INFO c.h.h.t.HelmChartContainer - [hivemq-test-hivemq-platform] [hivemq-platform-operator] [e9ec6ca6] -------------------------------------------------------------------------
2025-01-27 17:08:05,960 INFO c.h.h.t.HelmChartContainer - [hivemq-test-hivemq-platform] [hivemq-platform-operator] [e9ec6ca6] 
2025-01-27 17:08:05,960 INFO c.h.h.t.HelmChartContainer - [hivemq-test-hivemq-platform] [hivemq-platform-operator] [e9ec6ca6]                   _    _  _              __  __   ____
2025-01-27 17:08:05,960 INFO c.h.h.t.HelmChartContainer - [hivemq-test-hivemq-platform] [hivemq-platform-operator] [e9ec6ca6]                  | |  | |(_)            |  \/  | / __ \
2025-01-27 17:08:05,960 INFO c.h.h.t.HelmChartContainer - [hivemq-test-hivemq-platform] [hivemq-platform-operator] [e9ec6ca6]                  | |__| | _ __   __ ___ | \  / || |  | |
2025-01-27 17:08:05,960 INFO c.h.h.t.HelmChartContainer - [hivemq-test-hivemq-platform] [hivemq-platform-operator] [e9ec6ca6]                  |  __  || |\ \ / // _ \| |\/| || |  | |
2025-01-27 17:08:05,960 INFO c.h.h.t.HelmChartContainer - [hivemq-test-hivemq-platform] [hivemq-platform-operator] [e9ec6ca6]                  | |  | || | \ V /|  __/| |  | || |__| |
2025-01-27 17:08:05,960 INFO c.h.h.t.HelmChartContainer - [hivemq-test-hivemq-platform] [hivemq-platform-operator] [e9ec6ca6]                  |_|  |_||_|  \_/  \___||_|  |_| \___\_\
2025-01-27 17:08:05,960 INFO c.h.h.t.HelmChartContainer - [hivemq-test-hivemq-platform] [hivemq-platform-operator] [e9ec6ca6] 
2025-01-27 17:08:05,960 INFO c.h.h.t.HelmChartContainer - [hivemq-test-hivemq-platform] [hivemq-platform-operator] [e9ec6ca6] -------------------------------------------------------------------------
2025-01-27 17:08:05,960 INFO c.h.h.t.HelmChartContainer - [hivemq-test-hivemq-platform] [hivemq-platform-operator] [e9ec6ca6] 
2025-01-27 17:08:05,960 INFO c.h.h.t.HelmChartContainer - [hivemq-test-hivemq-platform] [hivemq-platform-operator] [e9ec6ca6]   HiveMQ Platform Operator Start Script v1.0
2025-01-27 17:08:05,960 INFO c.h.h.t.HelmChartContainer - [hivemq-test-hivemq-platform] [hivemq-platform-operator] [e9ec6ca6] 
2025-01-27 17:08:05,960 INFO c.h.h.t.HelmChartContainer - [hivemq-test-hivemq-platform] [hivemq-platform-operator] [e9ec6ca6] -------------------------------------------------------------------------
2025-01-27 17:08:05,960 INFO c.h.h.t.HelmChartContainer - [hivemq-test-hivemq-platform] [hivemq-platform-operator] [e9ec6ca6] 
2025-01-27 17:08:05,960 INFO c.h.h.t.HelmChartContainer - [hivemq-test-hivemq-platform] [hivemq-platform-operator] [e9ec6ca6]   JAVA_OPTS: -XX:+UnlockExperimentalVMOptions -XX:InitialRAMPercentage=75 -XX:MaxRAMPercentage=75 -Duser.language=en -Duser.region=US
2025-01-27 17:08:05,960 INFO c.h.h.t.HelmChartContainer - [hivemq-test-hivemq-platform] [hivemq-platform-operator] [e9ec6ca6] 
2025-01-27 17:08:05,960 INFO c.h.h.t.HelmChartContainer - [hivemq-test-hivemq-platform] [hivemq-platform-operator] [e9ec6ca6]   JAVA_VERSION: 21
2025-01-27 17:08:05,960 INFO c.h.h.t.HelmChartContainer - [hivemq-test-hivemq-platform] [hivemq-platform-operator] [e9ec6ca6] 
2025-01-27 17:08:05,960 INFO c.h.h.t.HelmChartContainer - [hivemq-test-hivemq-platform] [hivemq-platform-operator] [e9ec6ca6] -------------------------------------------------------------------------
2025-01-27 17:08:05,960 INFO c.h.h.t.HelmChartContainer - [hivemq-test-hivemq-platform] [hivemq-platform-operator] [e9ec6ca6] 
2025-01-27 17:08:08,957 INFO c.h.h.t.HelmChartContainer - [hivemq-test-hivemq-platform] [hivemq-platform-operator] [e9ec6ca6] 17:08:08.954 [main] DEBUG org.jboss.logging - Logging Provider: org.jboss.logging.Slf4jLoggerProvider
2025-01-27 17:08:09,066 INFO c.h.h.t.HelmChartContainer - [hivemq-test-hivemq-platform] [hivemq-platform-operator] [e9ec6ca6] 17:08:09.064 [main] DEBUG io.smallrye.config - SRCFG01006: Loaded ConfigSource SysPropConfigSource with ordinal 400
2025-01-27 17:08:09,067 INFO c.h.h.t.HelmChartContainer - [hivemq-test-hivemq-platform] [hivemq-platform-operator] [e9ec6ca6] 17:08:09.064 [main] DEBUG io.smallrye.config - SRCFG01006: Loaded ConfigSource EnvConfigSource with ordinal 300
2025-01-27 17:08:09,067 INFO c.h.h.t.HelmChartContainer - [hivemq-test-hivemq-platform] [hivemq-platform-operator] [e9ec6ca6] 17:08:09.064 [main] DEBUG io.smallrye.config - SRCFG01006: Loaded ConfigSource PropertiesConfigSource[source=jar:file:///opt/hivemq-platform-operator/bin/hivemq-platform-operator.jar!/hivemq-platform-operator.properties] with ordinal 100
2025-01-27 17:08:09,067 INFO c.h.h.t.HelmChartContainer - [hivemq-test-hivemq-platform] [hivemq-platform-operator] [e9ec6ca6] 17:08:09.064 [main] DEBUG io.smallrye.config - SRCFG01006: Loaded ConfigSource DefaultValuesConfigSource with ordinal -2147483648
2025-01-27 17:08:09,248 INFO c.h.h.t.HelmChartContainer - [hivemq-test-hivemq-platform] [hivemq-platform-operator] [e9ec6ca6] 17:08:09.246 [main] DEBUG i.m.c.u.i.l.InternalLoggerFactory - Using SLF4J as the default logging framework
2025-01-27 17:08:09,352 INFO c.h.h.t.HelmChartContainer - [hivemq-test-hivemq-platform] [hivemq-platform-operator] [e9ec6ca6] 17:08:09.334 [main] INFO  c.h.p.o.HiveMQPlatformOperatorApplication - HiveMQ Platform Operator 1.7.0-SNAPSHOT (commit: bebf408 on branch: HEAD) built on Sun Jan 26 20:47:47 UTC 2025
2025-01-27 17:08:09,353 INFO c.h.h.t.HelmChartContainer - [hivemq-test-hivemq-platform] [hivemq-platform-operator] [e9ec6ca6] 17:08:09.351 [main] INFO  c.h.p.o.HiveMQPlatformOperatorApplication - HiveMQ Platform Operator is running in namespace: helmmetricsserviceit-operator
2025-01-27 17:08:09,354 INFO c.h.h.t.HelmChartContainer - [hivemq-test-hivemq-platform] [hivemq-platform-operator] [e9ec6ca6] 17:08:09.351 [main] INFO  c.h.p.o.HiveMQPlatformOperatorApplication - Watching all namespaces
2025-01-27 17:08:09,354 INFO c.h.h.t.HelmChartContainer - [hivemq-test-hivemq-platform] [hivemq-platform-operator] [e9ec6ca6] 17:08:09.351 [main] INFO  c.h.p.o.HiveMQPlatformOperatorApplication - Log level: DEBUG
2025-01-27 17:08:09,355 INFO c.h.h.t.HelmChartContainer - [hivemq-test-hivemq-platform] [hivemq-platform-operator] [e9ec6ca6] 17:08:09.351 [main] INFO  c.h.p.o.HiveMQPlatformOperatorApplication - Release name: test-hivemq-platform-operator
2025-01-27 17:08:09,355 INFO c.h.h.t.HelmChartContainer - [hivemq-test-hivemq-platform] [hivemq-platform-operator] [e9ec6ca6] 17:08:09.351 [main] INFO  c.h.p.o.HiveMQPlatformOperatorApplication - HiveMQ Platform Operator Init image: docker.io/hivemq/hivemq-platform-operator-init-test:snapshot
2025-01-27 17:08:09,355 INFO c.h.h.t.HelmChartContainer - [hivemq-test-hivemq-platform] [hivemq-platform-operator] [e9ec6ca6] 17:08:09.351 [main] INFO  c.h.p.o.HiveMQPlatformOperatorApplication - HiveMQ Platform Operator Init App update URL: http://hivemq-platform-operator-test-hivemq-platform-operator.helmmetricsserviceit-operator.svc:8080/initAppUpdate/hivemq-platform-operator-init-app-1.7.0-SNAPSHOT.jar
2025-01-27 17:08:09,355 INFO c.h.h.t.HelmChartContainer - [hivemq-test-hivemq-platform] [hivemq-platform-operator] [e9ec6ca6] 17:08:09.351 [main] INFO  c.h.p.o.HiveMQPlatformOperatorApplication - Additional imagePullSecret for all Platform deployments: none
2025-01-27 17:08:09,355 INFO c.h.h.t.HelmChartContainer - [hivemq-test-hivemq-platform] [hivemq-platform-operator] [e9ec6ca6] 17:08:09.351 [main] INFO  c.h.p.o.HiveMQPlatformOperatorApplication - Apply HiveMQ Platform CRD: true
2025-01-27 17:08:09,355 INFO c.h.h.t.HelmChartContainer - [hivemq-test-hivemq-platform] [hivemq-platform-operator] [e9ec6ca6] 17:08:09.351 [main] INFO  c.h.p.o.HiveMQPlatformOperatorApplication - Create Platform ServiceAccount: true
2025-01-27 17:08:09,355 INFO c.h.h.t.HelmChartContainer - [hivemq-test-hivemq-platform] [hivemq-platform-operator] [e9ec6ca6] 17:08:09.351 [main] INFO  c.h.p.o.HiveMQPlatformOperatorApplication - Create Platform ServiceAccount permissions: true
2025-01-27 17:08:09,355 INFO c.h.h.t.HelmChartContainer - [hivemq-test-hivemq-platform] [hivemq-platform-operator] [e9ec6ca6] 17:08:09.351 [main] INFO  c.h.p.o.HiveMQPlatformOperatorApplication - Validate Platform ServiceAccount: true
2025-01-27 17:08:09,355 INFO c.h.h.t.HelmChartContainer - [hivemq-test-hivemq-platform] [hivemq-platform-operator] [e9ec6ca6] 17:08:09.351 [main] INFO  c.h.p.o.HiveMQPlatformOperatorApplication - Validate Platform ServiceAccount permissions: true
2025-01-27 17:08:09,368 INFO c.h.h.t.HelmChartContainer - [hivemq-test-hivemq-platform] [hivemq-platform-operator] [e9ec6ca6] 17:08:09.367 [main] INFO  c.h.platform.operator.util.CRDUtil - Verifying deployed HiveMQ Platform CRD...
2025-01-27 17:08:12,046 INFO c.h.h.t.HelmChartContainer - [hivemq-test-hivemq-platform] [hivemq-platform-operator] [e9ec6ca6] 17:08:12.045 [main] DEBUG c.h.platform.operator.util.CRDUtil - HiveMQ Platform CRD version v1 is up to date
2025-01-27 17:08:12,047 INFO c.h.h.t.HelmChartContainer - [hivemq-test-hivemq-platform] [hivemq-platform-operator] [e9ec6ca6] 17:08:12.045 [main] INFO  c.h.platform.operator.util.CRDUtil - HiveMQ Platform CRD is up to date (version: V1_6_0)
2025-01-27 17:08:12,047 INFO c.h.h.t.HelmChartContainer - [hivemq-test-hivemq-platform] [hivemq-platform-operator] [e9ec6ca6] 17:08:12.046 [main] INFO  c.h.platform.operator.util.CRDUtil - Waiting 10000 ms for HiveMQ Platform CRD 'hivemq-platforms.hivemq.com' to become ready...
2025-01-27 17:08:12,349 INFO c.h.h.t.HelmChartContainer - [hivemq-test-hivemq-platform] [hivemq-platform-operator] [e9ec6ca6] 17:08:12.346 [vert.x-eventloop-thread-1] DEBUG c.h.platform.operator.util.CRDUtil - Checking CRD condition 'NamesAccepted' (status: 'True')
2025-01-27 17:08:12,349 INFO c.h.h.t.HelmChartContainer - [hivemq-test-hivemq-platform] [hivemq-platform-operator] [e9ec6ca6] 17:08:12.347 [vert.x-eventloop-thread-1] DEBUG c.h.platform.operator.util.CRDUtil - Checking CRD condition 'Established' (status: 'True')
2025-01-27 17:08:12,349 INFO c.h.h.t.HelmChartContainer - [hivemq-test-hivemq-platform] [hivemq-platform-operator] [e9ec6ca6] 17:08:12.348 [main] INFO  c.h.platform.operator.util.CRDUtil - HiveMQ Platform CRD 'hivemq-platforms.hivemq.com' is ready
2025-01-27 17:08:12,549 INFO c.h.h.t.HelmChartContainer - [hivemq-test-hivemq-platform] [hivemq-platform-operator] [e9ec6ca6] 17:08:12.547 [main] INFO  c.h.p.o.HiveMQPlatformReconciler - HiveMQ Platform Operator is starting...
2025-01-27 17:08:12,651 INFO c.h.h.t.HelmChartContainer - [hivemq-test-hivemq-platform] [hivemq-platform-operator] [e9ec6ca6] 17:08:12.650 [main] WARN  Default ConfigurationService implementation - Configuration for reconciler 'hivemq-controller' was not found. Known reconcilers: None.
2025-01-27 17:08:12,660 INFO c.h.h.t.HelmChartContainer - [hivemq-test-hivemq-platform] [hivemq-platform-operator] [e9ec6ca6] 17:08:12.659 [main] INFO  Default ConfigurationService implementation - Created configuration for reconciler com.hivemq.platform.operator.HiveMQPlatformReconciler with name hivemq-controller
2025-01-27 17:08:12,839 INFO c.h.h.t.HelmChartContainer - [hivemq-test-hivemq-platform] [hivemq-platform-operator] [e9ec6ca6] 17:08:12.837 [main] DEBUG c.h.p.o.HiveMQPlatformReconciler - HiveMQ Platform Operator is preparing EventSources
2025-01-27 17:08:12,859 INFO c.h.h.t.HelmChartContainer - [hivemq-test-hivemq-platform] [hivemq-platform-operator] [e9ec6ca6] 17:08:12.857 [main] INFO  i.javaoperatorsdk.operator.Operator - Registered reconciler: 'hivemq-controller' for resource: 'class com.hivemq.platform.operator.v1.HiveMQPlatform' for namespace(s): [all namespaces]
2025-01-27 17:08:13,559 INFO c.h.h.t.HelmChartContainer - [hivemq-test-hivemq-platform] [hivemq-platform-operator] [e9ec6ca6] 17:08:13.558 [main] INFO  c.h.p.operator.webserver.JettyServer - Starting Jetty server on port 8080
2025-01-27 17:08:13,658 INFO c.h.h.t.HelmChartContainer - [hivemq-test-hivemq-platform] [hivemq-platform-operator] [e9ec6ca6] 17:08:13.656 [main] INFO  i.javaoperatorsdk.operator.Operator - Operator SDK 4.9.7 (commit: 2133d28) built on Wed Nov 20 12:56:20 UTC 2024 starting...
2025-01-27 17:08:13,658 INFO c.h.h.t.HelmChartContainer - [hivemq-test-hivemq-platform] [hivemq-platform-operator] [e9ec6ca6] 17:08:13.657 [main] INFO  i.javaoperatorsdk.operator.Operator - Client version: 6.13.4
2025-01-27 17:08:13,660 INFO c.h.h.t.HelmChartContainer - [hivemq-test-hivemq-platform] [hivemq-platform-operator] [e9ec6ca6] 17:08:13.659 [Controller Starter for: hivemq-controller] INFO  i.j.operator.processing.Controller - Starting 'hivemq-controller' controller for reconciler: com.hivemq.platform.operator.HiveMQPlatformReconciler, resource: com.hivemq.platform.operator.v1.HiveMQPlatform
2025-01-27 17:08:16,148 INFO c.h.h.t.HelmChartContainer - [hivemq-test-hivemq-platform] [hivemq-platform-operator] [e9ec6ca6] 17:08:16.146 [Controller Starter for: hivemq-controller] INFO  i.j.operator.processing.Controller - 'hivemq-controller' controller started
2025-01-27 17:08:16,148 INFO c.h.h.t.HelmChartContainer - [hivemq-test-hivemq-platform] [hivemq-platform-operator] [e9ec6ca6] 17:08:16.146 [main] INFO  c.h.p.o.HiveMQPlatformOperatorApplication - HiveMQ Platform Operator 1.7.0-SNAPSHOT started in 6811 ms
2025-01-27 17:08:16,953 INFO c.h.h.t.HelmChartContainer - [POD] hivemq-test-hivemq-platform-operator-6966f96d65-8vnc9 [e9ec6ca6-ba69-41fb-85dd-95ffe2fab77a] in helmmetricsserviceit-operator was MODIFIED
2025-01-27 17:08:16,959 INFO c.h.h.t.HelmChartContainer - [K3S] [replica_set.go:679] "Finished syncing" kind="ReplicaSet" key="helmmetricsserviceit-operator/hivemq-test-hivemq-platform-operator-6966f96d65" duration="6.559289ms"
2025-01-27 17:08:16,960 INFO c.h.h.t.HelmChartContainer - [K3S] [replica_set.go:679] "Finished syncing" kind="ReplicaSet" key="helmmetricsserviceit-operator/hivemq-test-hivemq-platform-operator-6966f96d65" duration="47.399µs"
2025-01-27 17:08:18,025 DEBUG c.h.h.t.HelmChartContainer - Executing helm command: /bin/helm --kubeconfig /etc/rancher/k3s/k3s.yaml install test-hivemq-platform /charts/hivemq-platform --wait --timeout 5m0s --set image.repository=docker.io/hivemq --set image.tag=4.35.0 --set image.pullPolicy=Never --set nodes.resources.cpu=512m -f /files/custom-service-names-values.yaml --namespace helmmetricsserviceit
2025-01-27 17:08:18,351 INFO c.h.h.t.HelmChartContainer - [hivemq-test-hivemq-platform] [hivemq-platform-operator] [e9ec6ca6] 17:08:18.349 [-373097727-pool-1-thread-5] WARN  i.m.p.PrometheusMeterRegistry - The meter (MeterId{name='operator.sdk.events.received', tags=[tag(action=ADDED),tag(event=ResourceEvent),tag(group=hivemq.com),tag(kind=HiveMQPlatform),tag(name=test-hivemq-platform),tag(namespace=helmmetricsserviceit),tag(scope=namespace),tag(version=v1)]}) registration has failed: Prometheus requires that all meters with the same name have the same set of tag keys. There is already an existing meter named 'operator.sdk.events.received' containing tag keys [event, group, kind, name, namespace, scope, version]. The meter you are attempting to register has keys [action, event, group, kind, name, namespace, scope, version]. Note that subsequent logs will be logged at debug level.
2025-01-27 17:08:18,767 INFO c.h.h.t.HelmChartContainer - [hivemq-test-hivemq-platform] [hivemq-platform-operator] [e9ec6ca6] 17:08:18.766 [pool-6-thread-3] DEBUG c.h.p.o.dependants.PodInfoConfigMap - [helmmetr] Desired PodInfo ConfigMap (1 extensions) (1 enabled)
2025-01-27 17:08:18,767 INFO c.h.h.t.HelmChartContainer - [hivemq-test-hivemq-platform] [hivemq-platform-operator] [e9ec6ca6] 17:08:18.766 [pool-6-thread-3] DEBUG c.h.p.o.dependants.PodInfoConfigMap - [helmmetr] Desired PodInfo ConfigMap (metrics port: 9399) (metrics path: /)
2025-01-27 17:08:18,767 INFO c.h.h.t.HelmChartContainer - [hivemq-test-hivemq-platform] [hivemq-platform-operator] [e9ec6ca6] 17:08:18.766 [pool-6-thread-3] DEBUG c.h.p.o.dependants.PodInfoConfigMap - [helmmetr] Desired PodInfo ConfigMap (extension state hash: -1817474005)
2025-01-27 17:08:18,849 INFO c.h.h.t.HelmChartContainer - [hivemq-test-hivemq-platform] [hivemq-platform-operator] [e9ec6ca6] 17:08:18.847 [pool-6-thread-3] DEBUG c.h.p.o.dependants.PodInfoConfigMap - [helmmetr] Create PodInfo ConfigMap
2025-01-27 17:08:18,951 INFO c.h.h.t.HelmChartContainer - [hivemq-test-hivemq-platform] [hivemq-platform-operator] [e9ec6ca6] 17:08:18.949 [pool-6-thread-5] DEBUG c.h.p.o.dependants.PodRoleResource - [helmmetr] Create Role: Role(apiVersion=rbac.authorization.k8s.io/v1, kind=Role, metadata=ObjectMeta(annotations={meta.helm.sh/release-name=test-hivemq-platform, meta.helm.sh/release-namespace=helmmetricsserviceit}, creationTimestamp=null, deletionGracePeriodSeconds=null, deletionTimestamp=null, finalizers=[], generateName=null, generation=null, labels={helm.sh/chart=hivemq-platform-0.2.31, app.kubernetes.io/managed-by=Helm, app.kubernetes.io/name=hivemq-platform, hivemq-platform=test-hivemq-platform, app.kubernetes.io/instance=test-hivemq-platform, app.kubernetes.io/version=4.35.0}, managedFields=[], name=hivemq-platform-role-test-hivemq-platform, namespace=helmmetricsserviceit, ownerReferences=[OwnerReference(apiVersion=hivemq.com/v1, blockOwnerDeletion=null, controller=null, kind=HiveMQPlatform, name=test-hivemq-platform, uid=9e974b61-f3da-4015-86a3-14731010889d, additionalProperties={})], resourceVersion=null, selfLink=null, uid=null, additionalProperties={}), rules=[PolicyRule(apiGroups=[], nonResourceURLs=[], resourceNames=[], resources=[pods], verbs=[get, patch, update], additionalProperties={})], additionalProperties={})
2025-01-27 17:08:19,053 INFO c.h.h.t.HelmChartContainer - [hivemq-test-hivemq-platform] [hivemq-platform-operator] [e9ec6ca6] 17:08:19.052 [pool-6-thread-7] DEBUG c.h.p.o.d.PodServiceAccountResource - [helmmetr] Desired PodServiceAccountResource (serviceAccountName: hivemq-platform-pod-test-hivemq-platform)
2025-01-27 17:08:19,055 INFO c.h.h.t.HelmChartContainer - [hivemq-test-hivemq-platform] [hivemq-platform-operator] [e9ec6ca6] 17:08:19.054 [pool-6-thread-7] DEBUG c.h.p.o.d.PodServiceAccountResource - [helmmetr] Create ServiceAccount 'hivemq-platform-pod-test-hivemq-platform'
2025-01-27 17:08:19,251 INFO c.h.h.t.HelmChartContainer - [hivemq-test-hivemq-platform] [hivemq-platform-operator] [e9ec6ca6] 17:08:19.249 [pool-6-thread-10] DEBUG c.h.p.o.d.PodRoleBindingResource - [helmmetr] Create RoleBinding: RoleBinding(apiVersion=rbac.authorization.k8s.io/v1, kind=RoleBinding, metadata=ObjectMeta(annotations={meta.helm.sh/release-name=test-hivemq-platform, meta.helm.sh/release-namespace=helmmetricsserviceit}, creationTimestamp=null, deletionGracePeriodSeconds=null, deletionTimestamp=null, finalizers=[], generateName=null, generation=null, labels={helm.sh/chart=hivemq-platform-0.2.31, app.kubernetes.io/managed-by=Helm, app.kubernetes.io/name=hivemq-platform, hivemq-platform=test-hivemq-platform, app.kubernetes.io/instance=test-hivemq-platform, app.kubernetes.io/version=4.35.0}, managedFields=[], name=hivemq-platform-role-binding-test-hivemq-platform, namespace=helmmetricsserviceit, ownerReferences=[OwnerReference(apiVersion=hivemq.com/v1, blockOwnerDeletion=null, controller=null, kind=HiveMQPlatform, name=test-hivemq-platform, uid=9e974b61-f3da-4015-86a3-14731010889d, additionalProperties={})], resourceVersion=null, selfLink=null, uid=null, additionalProperties={}), roleRef=RoleRef(apiGroup=rbac.authorization.k8s.io, kind=Role, name=hivemq-platform-role-test-hivemq-platform, additionalProperties={}), subjects=[Subject(apiGroup=null, kind=ServiceAccount, name=hivemq-platform-pod-test-hivemq-platform, namespace=helmmetricsserviceit, additionalProperties={})], additionalProperties={})
2025-01-27 17:08:19,336 INFO c.h.h.t.HelmChartContainer - [hivemq-test-hivemq-platform] [hivemq-platform-operator] [e9ec6ca6] 17:08:19.334 [ReconcilerExecutor-hivemq-controller-54] INFO  c.h.p.o.HiveMQPlatformReconciler - [helmmetr] Reconciling HiveMQ Platform 'test-hivemq-platform' in namespace 'helmmetricsserviceit'
2025-01-27 17:08:19,336 INFO c.h.h.t.HelmChartContainer - [hivemq-test-hivemq-platform] [hivemq-platform-operator] [e9ec6ca6] 17:08:19.335 [ReconcilerExecutor-hivemq-controller-54] DEBUG c.h.p.o.HiveMQPlatformReconciler - [helmmetr] Custom Resource Status CREATED - HiveMQ Platform was created (READY)
2025-01-27 17:08:19,336 INFO c.h.h.t.HelmChartContainer - [hivemq-test-hivemq-platform] [hivemq-platform-operator] [e9ec6ca6] 17:08:19.335 [ReconcilerExecutor-hivemq-controller-54] DEBUG c.h.p.o.HiveMQPlatformReconciler - [helmmetr] Custom Resource Spec (replicas: 1) (extensions: 1)
2025-01-27 17:08:19,347 INFO c.h.h.t.HelmChartContainer - [hivemq-test-hivemq-platform] [hivemq-platform-operator] [e9ec6ca6] 17:08:19.346 [ReconcilerExecutor-hivemq-controller-54] INFO  c.h.p.o.h.HiveMQPlatformReconcilerBaseHandler - [helmmetr] HiveMQ Platform is starting
2025-01-27 17:08:19,456 INFO c.h.h.t.HelmChartContainer - [hivemq-test-hivemq-platform] [hivemq-platform-operator] [e9ec6ca6] 17:08:19.455 [ReconcilerExecutor-hivemq-controller-54] DEBUG c.h.p.operator.event.EventSender - [helmmetr] Creating K8s event hivemq-platform-starting: [Start] HiveMQ Platform is starting
2025-01-27 17:08:19,465 INFO c.h.h.t.HelmChartContainer - [EVENT] Normal [Start] HiveMQ Platform is starting [helmmetricsserviceit:test-hivemq-platform]
2025-01-27 17:08:19,550 INFO c.h.h.t.HelmChartContainer - [hivemq-test-hivemq-platform] [hivemq-platform-operator] [e9ec6ca6] 17:08:19.549 [ReconcilerExecutor-hivemq-controller-54] INFO  c.h.p.o.h.AbstractHiveMQReconcilerStateHandler - [helmmetr] Update HiveMQ Platform Status (CREATED [READY] -> STARTING [READY]): HiveMQ Platform is starting
2025-01-27 17:08:19,566 DEBUG com.hivemq.helmcharts.util.K8sUtil - Comparing actual state 'STARTING' and waiting for 'RUNNING'
2025-01-27 17:08:29,658 INFO c.h.h.t.HelmChartContainer - [hivemq-test-hivemq-platform] [hivemq-platform-operator] [e9ec6ca6] 17:08:29.653 [pool-6-thread-12] DEBUG c.h.p.o.d.PlatformServiceResource - [helmmetr] Desired Platform services (4 services)
2025-01-27 17:08:29,658 INFO c.h.h.t.HelmChartContainer - [hivemq-test-hivemq-platform] [hivemq-platform-operator] [e9ec6ca6] 17:08:29.654 [pool-6-thread-13] DEBUG c.h.p.o.dependants.PodInfoConfigMap - [helmmetr] Desired PodInfo ConfigMap (1 extensions) (1 enabled)
2025-01-27 17:08:29,658 INFO c.h.h.t.HelmChartContainer - [hivemq-test-hivemq-platform] [hivemq-platform-operator] [e9ec6ca6] 17:08:29.655 [pool-6-thread-13] DEBUG c.h.p.o.dependants.PodInfoConfigMap - [helmmetr] Desired PodInfo ConfigMap (metrics port: 9399) (metrics path: /)
2025-01-27 17:08:29,658 INFO c.h.h.t.HelmChartContainer - [hivemq-test-hivemq-platform] [hivemq-platform-operator] [e9ec6ca6] 17:08:29.655 [pool-6-thread-13] DEBUG c.h.p.o.dependants.PodInfoConfigMap - [helmmetr] Desired PodInfo ConfigMap (extension state hash: -1817474005)
2025-01-27 17:08:29,664 INFO c.h.h.t.HelmChartContainer - [hivemq-test-hivemq-platform] [hivemq-platform-operator] [e9ec6ca6] 17:08:29.662 [pool-6-thread-17] DEBUG c.h.p.o.d.PodServiceAccountResource - [helmmetr] Desired PodServiceAccountResource (serviceAccountName: hivemq-platform-pod-test-hivemq-platform)
2025-01-27 17:08:29,664 INFO c.h.h.t.HelmChartContainer - [hivemq-test-hivemq-platform] [hivemq-platform-operator] [e9ec6ca6] 17:08:29.662 [pool-6-thread-13] DEBUG c.h.p.o.dependants.PodInfoConfigMap - [helmmetr] Update PodInfo ConfigMap
2025-01-27 17:08:29,757 INFO c.h.h.t.HelmChartContainer - [K3S] [alloc.go:330] "allocated clusterIPs" service="helmmetricsserviceit/mqtt-service" clusterIPs={"IPv4":"10.43.96.47"}
2025-01-27 17:08:29,854 INFO c.h.h.t.HelmChartContainer - [K3S] [alloc.go:330] "allocated clusterIPs" service="helmmetricsserviceit/control-center-service" clusterIPs={"IPv4":"10.43.19.33"}
2025-01-27 17:08:29,868 INFO c.h.h.t.HelmChartContainer - [K3S] [alloc.go:330] "allocated clusterIPs" service="helmmetricsserviceit/rest-api-service" clusterIPs={"IPv4":"10.43.224.219"}
2025-01-27 17:08:29,953 INFO c.h.h.t.HelmChartContainer - [K3S] [alloc.go:330] "allocated clusterIPs" service="helmmetricsserviceit/metrics-service" clusterIPs={"IPv4":"10.43.82.222"}
2025-01-27 17:08:29,962 INFO c.h.h.t.HelmChartContainer - [hivemq-test-hivemq-platform] [hivemq-platform-operator] [e9ec6ca6] 17:08:29.960 [pool-6-thread-20] DEBUG c.h.p.o.d.StatefulSetResource - [helmmetr] Desired StatefulSet (1 replicas) for status STARTING (READY)
2025-01-27 17:08:30,050 INFO c.h.h.t.HelmChartContainer - [hivemq-test-hivemq-platform] [hivemq-platform-operator] [e9ec6ca6] 17:08:30.049 [pool-6-thread-20] DEBUG c.h.p.o.d.StatefulSetResource - [helmmetr] Create StatefulSet
2025-01-27 17:08:30,083 INFO c.h.h.t.HelmChartContainer - [POD] test-hivemq-platform-0 [7ae2d147-b49c-4060-aa8b-f109445aec57] in helmmetricsserviceit was ADDED
2025-01-27 17:08:30,084 INFO c.h.h.t.HelmChartContainer - [EVENT] Normal [SuccessfulCreate] create Pod test-hivemq-platform-0 in StatefulSet test-hivemq-platform successful [helmmetricsserviceit:test-hivemq-platform]
2025-01-27 17:08:30,089 INFO c.h.h.t.HelmChartContainer - [POD] test-hivemq-platform-0 [7ae2d147-b49c-4060-aa8b-f109445aec57] in helmmetricsserviceit was MODIFIED
2025-01-27 17:08:30,092 INFO c.h.h.t.HelmChartContainer - [EVENT] Normal [Scheduled] Successfully assigned helmmetricsserviceit/test-hivemq-platform-0 to 9aface448084 [helmmetricsserviceit:test-hivemq-platform-0]
2025-01-27 17:08:30,100 INFO c.h.h.t.HelmChartContainer - [POD] test-hivemq-platform-0 [7ae2d147-b49c-4060-aa8b-f109445aec57] in helmmetricsserviceit was MODIFIED
2025-01-27 17:08:30,160 INFO c.h.h.t.HelmChartContainer - [hivemq-test-hivemq-platform] [hivemq-platform-operator] [e9ec6ca6] 17:08:30.157 [ReconcilerExecutor-hivemq-controller-65] INFO  c.h.p.o.HiveMQPlatformReconciler - [helmmetr] Reconciling HiveMQ Platform 'test-hivemq-platform' in namespace 'helmmetricsserviceit'
2025-01-27 17:08:30,160 INFO c.h.h.t.HelmChartContainer - [hivemq-test-hivemq-platform] [hivemq-platform-operator] [e9ec6ca6] 17:08:30.157 [ReconcilerExecutor-hivemq-controller-65] DEBUG c.h.p.o.HiveMQPlatformReconciler - [helmmetr] Custom Resource Status STARTING - HiveMQ Platform is starting (READY)
2025-01-27 17:08:30,160 INFO c.h.h.t.HelmChartContainer - [hivemq-test-hivemq-platform] [hivemq-platform-operator] [e9ec6ca6] 17:08:30.157 [ReconcilerExecutor-hivemq-controller-65] DEBUG c.h.p.o.HiveMQPlatformReconciler - [helmmetr] Custom Resource Spec (replicas: 1) (extensions: 1)
2025-01-27 17:08:30,218 INFO c.h.h.t.HelmChartContainer - [K3S] [reconciler_common.go:251] "operationExecutor.VerifyControllerAttachedVolume started for volume \"broker-configuration\" (UniqueName: \"kubernetes.io/configmap/7ae2d147-b49c-4060-aa8b-f109445aec57-broker-configuration\") pod \"test-hivemq-platform-0\" (UID: \"7ae2d147-b49c-4060-aa8b-f109445aec57\") " pod="helmmetricsserviceit/test-hivemq-platform-0"
2025-01-27 17:08:30,218 INFO c.h.h.t.HelmChartContainer - [K3S] [reconciler_common.go:251] "operationExecutor.VerifyControllerAttachedVolume started for volume \"operator-init\" (UniqueName: \"kubernetes.io/empty-dir/7ae2d147-b49c-4060-aa8b-f109445aec57-operator-init\") pod \"test-hivemq-platform-0\" (UID: \"7ae2d147-b49c-4060-aa8b-f109445aec57\") " pod="helmmetricsserviceit/test-hivemq-platform-0"
2025-01-27 17:08:30,219 INFO c.h.h.t.HelmChartContainer - [K3S] [reconciler_common.go:251] "operationExecutor.VerifyControllerAttachedVolume started for volume \"pod-info\" (UniqueName: \"kubernetes.io/configmap/7ae2d147-b49c-4060-aa8b-f109445aec57-pod-info\") pod \"test-hivemq-platform-0\" (UID: \"7ae2d147-b49c-4060-aa8b-f109445aec57\") " pod="helmmetricsserviceit/test-hivemq-platform-0"
2025-01-27 17:08:30,219 INFO c.h.h.t.HelmChartContainer - [K3S] [reconciler_common.go:251] "operationExecutor.VerifyControllerAttachedVolume started for volume \"kube-api-access-6s9b5\" (UniqueName: \"kubernetes.io/projected/7ae2d147-b49c-4060-aa8b-f109445aec57-kube-api-access-6s9b5\") pod \"test-hivemq-platform-0\" (UID: \"7ae2d147-b49c-4060-aa8b-f109445aec57\") " pod="helmmetricsserviceit/test-hivemq-platform-0"
2025-01-27 17:08:30,248 INFO c.h.h.t.HelmChartContainer - [hivemq-test-hivemq-platform] [hivemq-platform-operator] [e9ec6ca6] 17:08:30.245 [ReconcilerExecutor-hivemq-controller-65] DEBUG c.h.p.o.HiveMQPlatformReconciler - [helmmetr] StatefulSet Status (revision: test-hivemq-platform-7fd56d88d9, replicas: 1, available: 0, ready: 0, current: 1, updated: 1)
2025-01-27 17:08:30,248 INFO c.h.h.t.HelmChartContainer - [hivemq-test-hivemq-platform] [hivemq-platform-operator] [e9ec6ca6] 17:08:30.245 [ReconcilerExecutor-hivemq-controller-65] DEBUG c.h.p.o.HiveMQPlatformReconciler - [helmmetr] StatefulSet Spec (replicas: 1, init containers: 1, containers: 1, volumes: 3)
2025-01-27 17:08:30,262 INFO c.h.h.t.HelmChartContainer - [hivemq-test-hivemq-platform] [hivemq-platform-operator] [e9ec6ca6] 17:08:30.260 [ReconcilerExecutor-hivemq-controller-65] DEBUG c.h.p.o.h.HiveMQPlatformReconcilerErrorHandler - [helmmetr] Pod 'test-hivemq-platform-0' phase Pending
2025-01-27 17:08:30,262 INFO c.h.h.t.HelmChartContainer - [hivemq-test-hivemq-platform] [hivemq-platform-operator] [e9ec6ca6] 17:08:30.261 [ReconcilerExecutor-hivemq-controller-65] DEBUG c.h.p.o.h.HiveMQPlatformReconcilerErrorHandler - [helmmetr] Pod 'test-hivemq-platform-0' condition 'PodReadyToStartContainers': False
2025-01-27 17:08:30,263 INFO c.h.h.t.HelmChartContainer - [hivemq-test-hivemq-platform] [hivemq-platform-operator] [e9ec6ca6] 17:08:30.261 [ReconcilerExecutor-hivemq-controller-65] DEBUG c.h.p.o.h.HiveMQPlatformReconcilerErrorHandler - [helmmetr] Pod 'test-hivemq-platform-0' condition 'Initialized': False
2025-01-27 17:08:30,263 INFO c.h.h.t.HelmChartContainer - [hivemq-test-hivemq-platform] [hivemq-platform-operator] [e9ec6ca6] 17:08:30.261 [ReconcilerExecutor-hivemq-controller-65] DEBUG c.h.p.o.h.HiveMQPlatformReconcilerErrorHandler - [helmmetr] Pod 'test-hivemq-platform-0' condition 'Ready': False
2025-01-27 17:08:30,263 INFO c.h.h.t.HelmChartContainer - [hivemq-test-hivemq-platform] [hivemq-platform-operator] [e9ec6ca6] 17:08:30.261 [ReconcilerExecutor-hivemq-controller-65] DEBUG c.h.p.o.h.HiveMQPlatformReconcilerErrorHandler - [helmmetr] Pod 'test-hivemq-platform-0' condition 'ContainersReady': False
2025-01-27 17:08:30,263 INFO c.h.h.t.HelmChartContainer - [hivemq-test-hivemq-platform] [hivemq-platform-operator] [e9ec6ca6] 17:08:30.261 [ReconcilerExecutor-hivemq-controller-65] DEBUG c.h.p.o.h.HiveMQPlatformReconcilerErrorHandler - [helmmetr] Pod 'test-hivemq-platform-0' condition 'PodScheduled': True
2025-01-27 17:08:30,263 INFO c.h.h.t.HelmChartContainer - [hivemq-test-hivemq-platform] [hivemq-platform-operator] [e9ec6ca6] 17:08:30.262 [ReconcilerExecutor-hivemq-controller-65] DEBUG c.h.p.o.h.HiveMQPlatformReconcilerErrorHandler - [helmmetr] Pod 'test-hivemq-platform-0' containerStatus 'hivemq' (started: false) (ready: false) (waiting: [PodInitializing] null)
2025-01-27 17:08:30,264 INFO c.h.h.t.HelmChartContainer - [hivemq-test-hivemq-platform] [hivemq-platform-operator] [e9ec6ca6] 17:08:30.264 [ReconcilerExecutor-hivemq-controller-65] INFO  c.h.p.o.h.HiveMQPlatformReconcilerBaseHandler - [helmmetr] HiveMQ Platform is starting, 0 of 1 replicas are ready
2025-01-27 17:08:30,354 INFO c.h.h.t.HelmChartContainer - [hivemq-test-hivemq-platform] [hivemq-platform-operator] [e9ec6ca6] 17:08:30.351 [pool-6-thread-22] DEBUG c.h.p.o.d.PlatformServiceResource - [helmmetr] Desired Platform services (4 services)
2025-01-27 17:08:30,355 INFO c.h.h.t.HelmChartContainer - [hivemq-test-hivemq-platform] [hivemq-platform-operator] [e9ec6ca6] 17:08:30.352 [pool-6-thread-23] DEBUG c.h.p.o.dependants.PodInfoConfigMap - [helmmetr] Desired PodInfo ConfigMap (1 extensions) (1 enabled)
2025-01-27 17:08:30,355 INFO c.h.h.t.HelmChartContainer - [hivemq-test-hivemq-platform] [hivemq-platform-operator] [e9ec6ca6] 17:08:30.352 [pool-6-thread-23] DEBUG c.h.p.o.dependants.PodInfoConfigMap - [helmmetr] Desired PodInfo ConfigMap (metrics port: 9399) (metrics path: /)
2025-01-27 17:08:30,356 INFO c.h.h.t.HelmChartContainer - [hivemq-test-hivemq-platform] [hivemq-platform-operator] [e9ec6ca6] 17:08:30.352 [pool-6-thread-23] DEBUG c.h.p.o.dependants.PodInfoConfigMap - [helmmetr] Desired PodInfo ConfigMap (extension state hash: -1817474005)
2025-01-27 17:08:30,359 INFO c.h.h.t.HelmChartContainer - [hivemq-test-hivemq-platform] [hivemq-platform-operator] [e9ec6ca6] 17:08:30.357 [pool-6-thread-27] DEBUG c.h.p.o.d.PodServiceAccountResource - [helmmetr] Desired PodServiceAccountResource (serviceAccountName: hivemq-platform-pod-test-hivemq-platform)
2025-01-27 17:08:30,457 INFO c.h.h.t.HelmChartContainer - [hivemq-test-hivemq-platform] [hivemq-platform-operator] [e9ec6ca6] 17:08:30.453 [pool-6-thread-30] DEBUG c.h.p.o.d.StatefulSetResource - [helmmetr] Desired StatefulSet (1 replicas) for status STARTING (READY)
2025-01-27 17:08:30,467 INFO c.h.h.t.HelmChartContainer - [hivemq-test-hivemq-platform] [hivemq-platform-operator] [e9ec6ca6] 17:08:30.465 [ReconcilerExecutor-hivemq-controller-76] INFO  c.h.p.o.HiveMQPlatformReconciler - [helmmetr] Reconciling HiveMQ Platform 'test-hivemq-platform' in namespace 'helmmetricsserviceit'
2025-01-27 17:08:30,468 INFO c.h.h.t.HelmChartContainer - [hivemq-test-hivemq-platform] [hivemq-platform-operator] [e9ec6ca6] 17:08:30.465 [ReconcilerExecutor-hivemq-controller-76] DEBUG c.h.p.o.HiveMQPlatformReconciler - [helmmetr] Custom Resource Status STARTING - HiveMQ Platform is starting (READY)
2025-01-27 17:08:30,468 INFO c.h.h.t.HelmChartContainer - [hivemq-test-hivemq-platform] [hivemq-platform-operator] [e9ec6ca6] 17:08:30.465 [ReconcilerExecutor-hivemq-controller-76] DEBUG c.h.p.o.HiveMQPlatformReconciler - [helmmetr] Custom Resource Spec (replicas: 1) (extensions: 1)
2025-01-27 17:08:30,499 INFO c.h.h.t.HelmChartContainer - [EVENT] Normal [Pulled] Container image "docker.io/hivemq/hivemq-platform-operator-init-test:snapshot" already present on machine [helmmetricsserviceit:test-hivemq-platform-0]
2025-01-27 17:08:30,551 INFO c.h.h.t.HelmChartContainer - [hivemq-test-hivemq-platform] [hivemq-platform-operator] [e9ec6ca6] 17:08:30.547 [ReconcilerExecutor-hivemq-controller-76] DEBUG c.h.p.o.HiveMQPlatformReconciler - [helmmetr] StatefulSet Status (revision: test-hivemq-platform-7fd56d88d9, replicas: 1, available: 0, ready: 0, current: 1, updated: 1)
2025-01-27 17:08:30,551 INFO c.h.h.t.HelmChartContainer - [hivemq-test-hivemq-platform] [hivemq-platform-operator] [e9ec6ca6] 17:08:30.548 [ReconcilerExecutor-hivemq-controller-76] DEBUG c.h.p.o.HiveMQPlatformReconciler - [helmmetr] StatefulSet Spec (replicas: 1, init containers: 1, containers: 1, volumes: 3)
2025-01-27 17:08:30,551 INFO c.h.h.t.HelmChartContainer - [hivemq-test-hivemq-platform] [hivemq-platform-operator] [e9ec6ca6] 17:08:30.550 [ReconcilerExecutor-hivemq-controller-76] DEBUG c.h.p.o.h.HiveMQPlatformReconcilerErrorHandler - [helmmetr] Pod 'test-hivemq-platform-0' phase Pending
2025-01-27 17:08:30,552 INFO c.h.h.t.HelmChartContainer - [hivemq-test-hivemq-platform] [hivemq-platform-operator] [e9ec6ca6] 17:08:30.550 [ReconcilerExecutor-hivemq-controller-76] DEBUG c.h.p.o.h.HiveMQPlatformReconcilerErrorHandler - [helmmetr] Pod 'test-hivemq-platform-0' condition 'PodReadyToStartContainers': False
2025-01-27 17:08:30,552 INFO c.h.h.t.HelmChartContainer - [hivemq-test-hivemq-platform] [hivemq-platform-operator] [e9ec6ca6] 17:08:30.550 [ReconcilerExecutor-hivemq-controller-76] DEBUG c.h.p.o.h.HiveMQPlatformReconcilerErrorHandler - [helmmetr] Pod 'test-hivemq-platform-0' condition 'Initialized': False
2025-01-27 17:08:30,552 INFO c.h.h.t.HelmChartContainer - [hivemq-test-hivemq-platform] [hivemq-platform-operator] [e9ec6ca6] 17:08:30.550 [ReconcilerExecutor-hivemq-controller-76] DEBUG c.h.p.o.h.HiveMQPlatformReconcilerErrorHandler - [helmmetr] Pod 'test-hivemq-platform-0' condition 'Ready': False
2025-01-27 17:08:30,552 INFO c.h.h.t.HelmChartContainer - [hivemq-test-hivemq-platform] [hivemq-platform-operator] [e9ec6ca6] 17:08:30.550 [ReconcilerExecutor-hivemq-controller-76] DEBUG c.h.p.o.h.HiveMQPlatformReconcilerErrorHandler - [helmmetr] Pod 'test-hivemq-platform-0' condition 'ContainersReady': False
2025-01-27 17:08:30,552 INFO c.h.h.t.HelmChartContainer - [hivemq-test-hivemq-platform] [hivemq-platform-operator] [e9ec6ca6] 17:08:30.550 [ReconcilerExecutor-hivemq-controller-76] DEBUG c.h.p.o.h.HiveMQPlatformReconcilerErrorHandler - [helmmetr] Pod 'test-hivemq-platform-0' condition 'PodScheduled': True
2025-01-27 17:08:30,552 INFO c.h.h.t.HelmChartContainer - [hivemq-test-hivemq-platform] [hivemq-platform-operator] [e9ec6ca6] 17:08:30.550 [ReconcilerExecutor-hivemq-controller-76] DEBUG c.h.p.o.h.HiveMQPlatformReconcilerErrorHandler - [helmmetr] Pod 'test-hivemq-platform-0' containerStatus 'hivemq' (started: false) (ready: false) (waiting: [PodInitializing] null)
2025-01-27 17:08:30,556 INFO c.h.h.t.HelmChartContainer - [hivemq-test-hivemq-platform] [hivemq-platform-operator] [e9ec6ca6] 17:08:30.552 [ReconcilerExecutor-hivemq-controller-76] INFO  c.h.p.o.h.HiveMQPlatformReconcilerBaseHandler - [helmmetr] HiveMQ Platform is starting, 0 of 1 replicas are ready
2025-01-27 17:08:30,661 INFO c.h.h.t.HelmChartContainer - [EVENT] Normal [Created] Created container: hivemq-platform-operator-init [helmmetricsserviceit:test-hivemq-platform-0]
2025-01-27 17:08:30,702 INFO c.h.h.t.HelmChartContainer - [EVENT] Normal [Started] Started container hivemq-platform-operator-init [helmmetricsserviceit:test-hivemq-platform-0]
2025-01-27 17:08:30,979 INFO c.h.h.t.HelmChartContainer - [EVENT] Normal [Pulled] Container image "docker.io/hivemq/hivemq4:4.35.0" already present on machine [helmmetricsserviceit:test-hivemq-platform-0]
2025-01-27 17:08:30,979 INFO c.h.h.t.HelmChartContainer - Received Pulled event for container hivemq in pod test-hivemq-platform-0 [7ae2d147-b49c-4060-aa8b-f109445aec57]
2025-01-27 17:08:30,988 INFO c.h.h.t.HelmChartContainer - [POD] test-hivemq-platform-0 [7ae2d147-b49c-4060-aa8b-f109445aec57] in helmmetricsserviceit was MODIFIED
2025-01-27 17:08:31,016 INFO c.h.h.t.HelmChartContainer - [hivemq-test-hivemq-platform] [hivemq-platform-operator] [e9ec6ca6] 17:08:31.012 [pool-6-thread-32] DEBUG c.h.p.o.d.PlatformServiceResource - [helmmetr] Desired Platform services (4 services)
2025-01-27 17:08:31,020 INFO c.h.h.t.HelmChartContainer - [hivemq-test-hivemq-platform] [hivemq-platform-operator] [e9ec6ca6] 17:08:31.018 [pool-6-thread-33] DEBUG c.h.p.o.dependants.PodInfoConfigMap - [helmmetr] Desired PodInfo ConfigMap (1 extensions) (1 enabled)
2025-01-27 17:08:31,025 INFO c.h.h.t.HelmChartContainer - [hivemq-test-hivemq-platform] [hivemq-platform-operator] [e9ec6ca6] 17:08:31.021 [pool-6-thread-33] DEBUG c.h.p.o.dependants.PodInfoConfigMap - [helmmetr] Desired PodInfo ConfigMap (metrics port: 9399) (metrics path: /)
2025-01-27 17:08:31,025 INFO c.h.h.t.HelmChartContainer - [hivemq-test-hivemq-platform] [hivemq-platform-operator] [e9ec6ca6] 17:08:31.021 [pool-6-thread-33] DEBUG c.h.p.o.dependants.PodInfoConfigMap - [helmmetr] Desired PodInfo ConfigMap (extension state hash: -1817474005)
2025-01-27 17:08:31,025 INFO c.h.h.t.HelmChartContainer - [hivemq-test-hivemq-platform] [hivemq-platform-operator] [e9ec6ca6] 17:08:31.021 [pool-6-thread-37] DEBUG c.h.p.o.d.PodServiceAccountResource - [helmmetr] Desired PodServiceAccountResource (serviceAccountName: hivemq-platform-pod-test-hivemq-platform)
2025-01-27 17:08:31,053 INFO c.h.h.t.HelmChartContainer - [hivemq-test-hivemq-platform] [hivemq-platform-operator] [e9ec6ca6] 17:08:31.050 [pool-6-thread-39] DEBUG c.h.p.o.d.StatefulSetResource - [helmmetr] Desired StatefulSet (1 replicas) for status STARTING (READY)
2025-01-27 17:08:31,061 INFO c.h.h.t.HelmChartContainer - [hivemq-test-hivemq-platform] [hivemq-platform-operator] [e9ec6ca6] 17:08:31.059 [ReconcilerExecutor-hivemq-controller-87] INFO  c.h.p.o.HiveMQPlatformReconciler - [helmmetr] Reconciling HiveMQ Platform 'test-hivemq-platform' in namespace 'helmmetricsserviceit'
2025-01-27 17:08:31,061 INFO c.h.h.t.HelmChartContainer - [hivemq-test-hivemq-platform] [hivemq-platform-operator] [e9ec6ca6] 17:08:31.059 [ReconcilerExecutor-hivemq-controller-87] DEBUG c.h.p.o.HiveMQPlatformReconciler - [helmmetr] Custom Resource Status STARTING - HiveMQ Platform is starting (READY)
2025-01-27 17:08:31,061 INFO c.h.h.t.HelmChartContainer - [hivemq-test-hivemq-platform] [hivemq-platform-operator] [e9ec6ca6] 17:08:31.059 [ReconcilerExecutor-hivemq-controller-87] DEBUG c.h.p.o.HiveMQPlatformReconciler - [helmmetr] Custom Resource Spec (replicas: 1) (extensions: 1)
2025-01-27 17:08:31,065 INFO c.h.h.t.HelmChartContainer - [hivemq-test-hivemq-platform] [hivemq-platform-operator] [e9ec6ca6] 17:08:31.063 [ReconcilerExecutor-hivemq-controller-87] DEBUG c.h.p.o.HiveMQPlatformReconciler - [helmmetr] StatefulSet Status (revision: test-hivemq-platform-7fd56d88d9, replicas: 1, available: 0, ready: 0, current: 1, updated: 1)
2025-01-27 17:08:31,066 INFO c.h.h.t.HelmChartContainer - [hivemq-test-hivemq-platform] [hivemq-platform-operator] [e9ec6ca6] 17:08:31.064 [ReconcilerExecutor-hivemq-controller-87] DEBUG c.h.p.o.HiveMQPlatformReconciler - [helmmetr] StatefulSet Spec (replicas: 1, init containers: 1, containers: 1, volumes: 3)
2025-01-27 17:08:31,069 INFO c.h.h.t.HelmChartContainer - [hivemq-test-hivemq-platform] [hivemq-platform-operator] [e9ec6ca6] 17:08:31.068 [ReconcilerExecutor-hivemq-controller-87] DEBUG c.h.p.o.h.HiveMQPlatformReconcilerErrorHandler - [helmmetr] Pod 'test-hivemq-platform-0' phase Pending
2025-01-27 17:08:31,070 INFO c.h.h.t.HelmChartContainer - [hivemq-test-hivemq-platform] [hivemq-platform-operator] [e9ec6ca6] 17:08:31.068 [ReconcilerExecutor-hivemq-controller-87] DEBUG c.h.p.o.h.HiveMQPlatformReconcilerErrorHandler - [helmmetr] Pod 'test-hivemq-platform-0' condition 'PodReadyToStartContainers': True
2025-01-27 17:08:31,070 INFO c.h.h.t.HelmChartContainer - [hivemq-test-hivemq-platform] [hivemq-platform-operator] [e9ec6ca6] 17:08:31.068 [ReconcilerExecutor-hivemq-controller-87] DEBUG c.h.p.o.h.HiveMQPlatformReconcilerErrorHandler - [helmmetr] Pod 'test-hivemq-platform-0' condition 'Initialized': True
2025-01-27 17:08:31,070 INFO c.h.h.t.HelmChartContainer - [hivemq-test-hivemq-platform] [hivemq-platform-operator] [e9ec6ca6] 17:08:31.068 [ReconcilerExecutor-hivemq-controller-87] DEBUG c.h.p.o.h.HiveMQPlatformReconcilerErrorHandler - [helmmetr] Pod 'test-hivemq-platform-0' condition 'Ready': False
2025-01-27 17:08:31,070 INFO c.h.h.t.HelmChartContainer - [hivemq-test-hivemq-platform] [hivemq-platform-operator] [e9ec6ca6] 17:08:31.068 [ReconcilerExecutor-hivemq-controller-87] DEBUG c.h.p.o.h.HiveMQPlatformReconcilerErrorHandler - [helmmetr] Pod 'test-hivemq-platform-0' condition 'ContainersReady': False
2025-01-27 17:08:31,070 INFO c.h.h.t.HelmChartContainer - [hivemq-test-hivemq-platform] [hivemq-platform-operator] [e9ec6ca6] 17:08:31.068 [ReconcilerExecutor-hivemq-controller-87] DEBUG c.h.p.o.h.HiveMQPlatformReconcilerErrorHandler - [helmmetr] Pod 'test-hivemq-platform-0' condition 'PodScheduled': True
2025-01-27 17:08:31,070 INFO c.h.h.t.HelmChartContainer - [hivemq-test-hivemq-platform] [hivemq-platform-operator] [e9ec6ca6] 17:08:31.068 [ReconcilerExecutor-hivemq-controller-87] DEBUG c.h.p.o.h.HiveMQPlatformReconcilerErrorHandler - [helmmetr] Pod 'test-hivemq-platform-0' containerStatus 'hivemq' (started: false) (ready: false) (waiting: [PodInitializing] null)
2025-01-27 17:08:31,147 INFO c.h.h.t.HelmChartContainer - [hivemq-test-hivemq-platform] [hivemq-platform-operator] [e9ec6ca6] 17:08:31.146 [ReconcilerExecutor-hivemq-controller-87] INFO  c.h.p.o.h.HiveMQPlatformReconcilerBaseHandler - [helmmetr] HiveMQ Platform is starting, 0 of 1 replicas are ready
2025-01-27 17:08:33,393 INFO c.h.h.t.HelmChartContainer - [EVENT] Normal [Created] Created container: hivemq [helmmetricsserviceit:test-hivemq-platform-0]
2025-01-27 17:08:33,393 INFO c.h.h.t.HelmChartContainer - Received Created event for container hivemq in pod test-hivemq-platform-0 [7ae2d147-b49c-4060-aa8b-f109445aec57]
2025-01-27 17:08:33,994 INFO c.h.h.t.HelmChartContainer - [POD] test-hivemq-platform-0 [7ae2d147-b49c-4060-aa8b-f109445aec57] in helmmetricsserviceit was MODIFIED
2025-01-27 17:08:34,009 INFO c.h.h.t.HelmChartContainer - [EVENT] Normal [Started] Started container hivemq [helmmetricsserviceit:test-hivemq-platform-0]
2025-01-27 17:08:34,009 INFO c.h.h.t.HelmChartContainer - Received Started event for container hivemq in pod test-hivemq-platform-0 [7ae2d147-b49c-4060-aa8b-f109445aec57]
2025-01-27 17:08:34,009 INFO c.h.h.t.HelmChartContainer - Started log watcher for hivemq in pod test-hivemq-platform-0 [7ae2d147-b49c-4060-aa8b-f109445aec57]
2025-01-27 17:08:34,009 INFO c.h.h.t.HelmChartContainer - [test-hivemq-platform] [hivemq] [7ae2d147] Adding pre-installed HiveMQ Platform Operator extensions
2025-01-27 17:08:34,010 INFO c.h.h.t.HelmChartContainer - [test-hivemq-platform] [hivemq] [7ae2d147] Running as user 10000
2025-01-27 17:08:34,010 INFO c.h.h.t.HelmChartContainer - [test-hivemq-platform] [hivemq] [7ae2d147] Starting HiveMQ Platform Operator Init
2025-01-27 17:08:34,024 INFO c.h.h.t.HelmChartContainer - [hivemq-test-hivemq-platform] [hivemq-platform-operator] [e9ec6ca6] 17:08:34.019 [pool-6-thread-43] DEBUG c.h.p.o.dependants.PodInfoConfigMap - [helmmetr] Desired PodInfo ConfigMap (1 extensions) (1 enabled)
2025-01-27 17:08:34,028 INFO c.h.h.t.HelmChartContainer - [hivemq-test-hivemq-platform] [hivemq-platform-operator] [e9ec6ca6] 17:08:34.021 [pool-6-thread-43] DEBUG c.h.p.o.dependants.PodInfoConfigMap - [helmmetr] Desired PodInfo ConfigMap (metrics port: 9399) (metrics path: /)
2025-01-27 17:08:34,028 INFO c.h.h.t.HelmChartContainer - [hivemq-test-hivemq-platform] [hivemq-platform-operator] [e9ec6ca6] 17:08:34.021 [pool-6-thread-43] DEBUG c.h.p.o.dependants.PodInfoConfigMap - [helmmetr] Desired PodInfo ConfigMap (extension state hash: -1817474005)
2025-01-27 17:08:34,028 INFO c.h.h.t.HelmChartContainer - [hivemq-test-hivemq-platform] [hivemq-platform-operator] [e9ec6ca6] 17:08:34.019 [pool-6-thread-42] DEBUG c.h.p.o.d.PlatformServiceResource - [helmmetr] Desired Platform services (4 services)
2025-01-27 17:08:34,031 INFO c.h.h.t.HelmChartContainer - [hivemq-test-hivemq-platform] [hivemq-platform-operator] [e9ec6ca6] 17:08:34.025 [pool-6-thread-47] DEBUG c.h.p.o.d.PodServiceAccountResource - [helmmetr] Desired PodServiceAccountResource (serviceAccountName: hivemq-platform-pod-test-hivemq-platform)
2025-01-27 17:08:34,055 INFO c.h.h.t.HelmChartContainer - [hivemq-test-hivemq-platform] [hivemq-platform-operator] [e9ec6ca6] 17:08:34.052 [pool-6-thread-50] DEBUG c.h.p.o.d.StatefulSetResource - [helmmetr] Desired StatefulSet (1 replicas) for status STARTING (READY)
2025-01-27 17:08:34,059 INFO c.h.h.t.HelmChartContainer - [hivemq-test-hivemq-platform] [hivemq-platform-operator] [e9ec6ca6] 17:08:34.057 [ReconcilerExecutor-hivemq-controller-98] INFO  c.h.p.o.HiveMQPlatformReconciler - [helmmetr] Reconciling HiveMQ Platform 'test-hivemq-platform' in namespace 'helmmetricsserviceit'
2025-01-27 17:08:34,059 INFO c.h.h.t.HelmChartContainer - [hivemq-test-hivemq-platform] [hivemq-platform-operator] [e9ec6ca6] 17:08:34.057 [ReconcilerExecutor-hivemq-controller-98] DEBUG c.h.p.o.HiveMQPlatformReconciler - [helmmetr] Custom Resource Status STARTING - HiveMQ Platform is starting (READY)
2025-01-27 17:08:34,059 INFO c.h.h.t.HelmChartContainer - [hivemq-test-hivemq-platform] [hivemq-platform-operator] [e9ec6ca6] 17:08:34.057 [ReconcilerExecutor-hivemq-controller-98] DEBUG c.h.p.o.HiveMQPlatformReconciler - [helmmetr] Custom Resource Spec (replicas: 1) (extensions: 1)
2025-01-27 17:08:34,063 INFO c.h.h.t.HelmChartContainer - [hivemq-test-hivemq-platform] [hivemq-platform-operator] [e9ec6ca6] 17:08:34.060 [ReconcilerExecutor-hivemq-controller-98] DEBUG c.h.p.o.HiveMQPlatformReconciler - [helmmetr] StatefulSet Status (revision: test-hivemq-platform-7fd56d88d9, replicas: 1, available: 0, ready: 0, current: 1, updated: 1)
2025-01-27 17:08:34,063 INFO c.h.h.t.HelmChartContainer - [hivemq-test-hivemq-platform] [hivemq-platform-operator] [e9ec6ca6] 17:08:34.060 [ReconcilerExecutor-hivemq-controller-98] DEBUG c.h.p.o.HiveMQPlatformReconciler - [helmmetr] StatefulSet Spec (replicas: 1, init containers: 1, containers: 1, volumes: 3)
2025-01-27 17:08:34,065 INFO c.h.h.t.HelmChartContainer - [hivemq-test-hivemq-platform] [hivemq-platform-operator] [e9ec6ca6] 17:08:34.064 [ReconcilerExecutor-hivemq-controller-98] DEBUG c.h.p.o.h.HiveMQPlatformReconcilerErrorHandler - [helmmetr] Pod 'test-hivemq-platform-0' phase Running
2025-01-27 17:08:34,148 INFO c.h.h.t.HelmChartContainer - [hivemq-test-hivemq-platform] [hivemq-platform-operator] [e9ec6ca6] 17:08:34.146 [ReconcilerExecutor-hivemq-controller-98] INFO  c.h.p.o.h.HiveMQPlatformReconcilerBaseHandler - [helmmetr] HiveMQ Platform is starting, 0 of 1 replicas are ready
2025-01-27 17:08:34,708 INFO c.h.h.t.HelmChartContainer - [test-hivemq-platform] [hivemq] [7ae2d147] INFO  - [HiveMQ Platform Operator Init 1.7.0-SNAPSHOT] HiveMQ Platform Operator Init 1.7.0-SNAPSHOT (commit: bebf408 on branch: HEAD) built on Sun Jan 26 20:47:47 UTC 2025
2025-01-27 17:08:35,845 INFO c.h.h.t.HelmChartContainer - [test-hivemq-platform] [hivemq] [7ae2d147] INFO  - [HiveMQ Platform Operator Init App 1.7.0-SNAPSHOT] Using bind address 10.42.0.14 from environment variable
2025-01-27 17:08:36,816 INFO c.h.h.t.HelmChartContainer - [test-hivemq-platform] [hivemq] [7ae2d147] INFO  - [HiveMQ Platform Operator Init App 1.7.0-SNAPSHOT] HiveMQ Platform Operator Init App 1.7.0-SNAPSHOT (commit: bebf408 on branch: HEAD) built on Sun Jan 26 20:47:47 UTC 2025
2025-01-27 17:08:36,817 INFO c.h.h.t.HelmChartContainer - [test-hivemq-platform] [hivemq] [7ae2d147] INFO  - [HiveMQ Platform Operator Init App 1.7.0-SNAPSHOT] PodInfo ConfigMap directory: /etc/podinfo
2025-01-27 17:08:36,817 INFO c.h.h.t.HelmChartContainer - [test-hivemq-platform] [hivemq] [7ae2d147] INFO  - [HiveMQ Platform Operator Init App 1.7.0-SNAPSHOT] HiveMQ home directory: /opt/hivemq
2025-01-27 17:08:36,817 INFO c.h.h.t.HelmChartContainer - [test-hivemq-platform] [hivemq] [7ae2d147] INFO  - [HiveMQ Platform Operator Init App 1.7.0-SNAPSHOT] HiveMQ Logback folder: /opt/hivemq/conf
2025-01-27 17:08:36,817 INFO c.h.h.t.HelmChartContainer - [test-hivemq-platform] [hivemq] [7ae2d147] INFO  - [HiveMQ Platform Operator Init App 1.7.0-SNAPSHOT] HiveMQ Config folder: /opt/hivemq/conf-k8s
2025-01-27 17:08:36,817 INFO c.h.h.t.HelmChartContainer - [test-hivemq-platform] [hivemq] [7ae2d147] INFO  - [HiveMQ Platform Operator Init App 1.7.0-SNAPSHOT] Starting HiveMQ Platform Operator Init App
2025-01-27 17:08:36,817 INFO c.h.h.t.HelmChartContainer - [test-hivemq-platform] [hivemq] [7ae2d147] INFO  - [HiveMQ Platform Operator Init App 1.7.0-SNAPSHOT] Starting Pod reconciler
2025-01-27 17:08:38,022 INFO c.h.h.t.HelmChartContainer - [test-hivemq-platform] [hivemq] [7ae2d147] INFO  - [HiveMQ Platform Operator Init App 1.7.0-SNAPSHOT] Pod reconciler is scheduled (interval: 5000 ms)
2025-01-27 17:08:38,023 INFO c.h.h.t.HelmChartContainer - [test-hivemq-platform] [hivemq] [7ae2d147] INFO  - [HiveMQ Platform Operator Init App 1.7.0-SNAPSHOT] Starting the REST API on 10.42.0.14:7979
2025-01-27 17:08:38,025 INFO c.h.h.t.HelmChartContainer - [test-hivemq-platform] [hivemq] [7ae2d147] INFO  - [HiveMQ Platform Operator Init App 1.7.0-SNAPSHOT] Waiting up to 600s for at most 1 HiveMQ nodes in cluster service hivemq-test-hivemq-platform-cluster.helmmetricsserviceit.svc
2025-01-27 17:08:38,409 INFO c.h.h.t.HelmChartContainer - [test-hivemq-platform] [hivemq] [7ae2d147] INFO  - [HiveMQ Platform Operator Init App 1.7.0-SNAPSHOT] Resolved 1 IP addresses: [10.42.0.14]
2025-01-27 17:08:38,409 INFO c.h.h.t.HelmChartContainer - [test-hivemq-platform] [hivemq] [7ae2d147] INFO  - [HiveMQ Platform Operator Init App 1.7.0-SNAPSHOT] HiveMQ node count of 1 is within threshold of 1
2025-01-27 17:08:38,409 INFO c.h.h.t.HelmChartContainer - [test-hivemq-platform] [hivemq] [7ae2d147] INFO  - [HiveMQ Platform Operator Init App 1.7.0-SNAPSHOT] Proceeding with container start
2025-01-27 17:08:38,435 INFO c.h.h.t.HelmChartContainer - [test-hivemq-platform] [hivemq] [7ae2d147] INFO  - [HiveMQ Platform Operator Init App 1.7.0-SNAPSHOT] Initializing HiveMQ Platform extensions with initial configuration: {hivemq-allow-all-extension={start-priority=-1, skip-https-hostname-verification=false, restart=true, config-version=0, header-version=0, c-uri=, priority=-1, uri=preinstalled, skip-https-certificate-validation=false, enabled=true}, hivemq-prometheus-extension={uri=preinstalled, request-header-path=no-request-headers, enabled=true, restart=true, priority=-1, start-priority=-1, c-uri=, skip-https-hostname-verification=false, skip-https-certificate-validation=false}}
2025-01-27 17:08:38,913 INFO c.h.h.t.HelmChartContainer - [test-hivemq-platform] [hivemq] [7ae2d147] INFO  - [HiveMQ Platform Operator Init App 1.7.0-SNAPSHOT] Extension hivemq-allow-all-extension was already enabled
2025-01-27 17:08:38,924 INFO c.h.h.t.HelmChartContainer - [test-hivemq-platform] [hivemq] [7ae2d147] INFO  - [HiveMQ Platform Operator Init App 1.7.0-SNAPSHOT] Successfully enabled extension hivemq-prometheus-extension
2025-01-27 17:08:38,926 INFO c.h.h.t.HelmChartContainer - [test-hivemq-platform] [hivemq] [7ae2d147] INFO  - [HiveMQ Platform Operator Init App 1.7.0-SNAPSHOT] Starting HiveMQ Platform version 4.35.0 (4.35.0)
2025-01-27 17:08:38,926 INFO c.h.h.t.HelmChartContainer - [test-hivemq-platform] [hivemq] [7ae2d147] INFO  - [HiveMQ Platform Operator Init App 1.7.0-SNAPSHOT] Configuring the HiveMQ Platform
2025-01-27 17:08:39,016 INFO c.h.h.t.HelmChartContainer - [test-hivemq-platform] [hivemq] [7ae2d147] INFO  - [HiveMQ Platform Operator Init App 1.7.0-SNAPSHOT] Changed logback.xml file scan period to 20 seconds
2025-01-27 17:08:39,115 INFO c.h.h.t.HelmChartContainer - [test-hivemq-platform] [hivemq] [7ae2d147] INFO  - [HiveMQ Platform Operator Init App 1.7.0-SNAPSHOT] Starting the HiveMQ Platform
2025-01-27 17:08:39,118 INFO c.h.h.t.HelmChartContainer - [test-hivemq-platform] [hivemq] [7ae2d147] -------------------------------------------------------------------------
2025-01-27 17:08:39,118 INFO c.h.h.t.HelmChartContainer - [test-hivemq-platform] [hivemq] [7ae2d147] 
2025-01-27 17:08:39,118 INFO c.h.h.t.HelmChartContainer - [test-hivemq-platform] [hivemq] [7ae2d147]                   _    _  _              __  __   ____
2025-01-27 17:08:39,118 INFO c.h.h.t.HelmChartContainer - [test-hivemq-platform] [hivemq] [7ae2d147]                  | |  | |(_)            |  \/  | / __ \
2025-01-27 17:08:39,118 INFO c.h.h.t.HelmChartContainer - [test-hivemq-platform] [hivemq] [7ae2d147]                  | |__| | _ __   __ ___ | \  / || |  | |
2025-01-27 17:08:39,118 INFO c.h.h.t.HelmChartContainer - [test-hivemq-platform] [hivemq] [7ae2d147]                  |  __  || |\ \ / // _ \| |\/| || |  | |
2025-01-27 17:08:39,119 INFO c.h.h.t.HelmChartContainer - [test-hivemq-platform] [hivemq] [7ae2d147]                  | |  | || | \ V /|  __/| |  | || |__| |
2025-01-27 17:08:39,119 INFO c.h.h.t.HelmChartContainer - [test-hivemq-platform] [hivemq] [7ae2d147]                  |_|  |_||_|  \_/  \___||_|  |_| \___\_\
2025-01-27 17:08:39,119 INFO c.h.h.t.HelmChartContainer - [test-hivemq-platform] [hivemq] [7ae2d147] 
2025-01-27 17:08:39,119 INFO c.h.h.t.HelmChartContainer - [test-hivemq-platform] [hivemq] [7ae2d147] -------------------------------------------------------------------------
2025-01-27 17:08:39,119 INFO c.h.h.t.HelmChartContainer - [test-hivemq-platform] [hivemq] [7ae2d147] 
2025-01-27 17:08:39,120 INFO c.h.h.t.HelmChartContainer - [test-hivemq-platform] [hivemq] [7ae2d147]   HiveMQ Start Script for Linux/Unix v1.14
2025-01-27 17:08:39,120 INFO c.h.h.t.HelmChartContainer - [test-hivemq-platform] [hivemq] [7ae2d147] 
2025-01-27 17:08:39,217 INFO c.h.h.t.HelmChartContainer - [test-hivemq-platform] [hivemq] [7ae2d147] -------------------------------------------------------------------------
2025-01-27 17:08:39,218 INFO c.h.h.t.HelmChartContainer - [test-hivemq-platform] [hivemq] [7ae2d147] 
2025-01-27 17:08:39,218 INFO c.h.h.t.HelmChartContainer - [test-hivemq-platform] [hivemq] [7ae2d147]   HIVEMQ_HOME: /opt/hivemq
2025-01-27 17:08:39,218 INFO c.h.h.t.HelmChartContainer - [test-hivemq-platform] [hivemq] [7ae2d147] 
2025-01-27 17:08:39,218 INFO c.h.h.t.HelmChartContainer - [test-hivemq-platform] [hivemq] [7ae2d147]   JAVA_OPTS: -XX:+UnlockExperimentalVMOptions -XX:InitialRAMPercentage=50 -XX:MaxRAMPercentage=50 -Djava.net.preferIPv4Stack=true --add-opens java.base/java.lang=ALL-UNNAMED --add-opens java.base/java.nio=ALL-UNNAMED --add-opens java.base/sun.nio.ch=ALL-UNNAMED --add-opens jdk.management/com.sun.management.internal=ALL-UNNAMED --add-exports java.base/jdk.internal.misc=ALL-UNNAMED -Djava.security.egd=file:/dev/./urandom -Dcom.sun.management.jmxremote -Dcom.sun.management.jmxremote.port=9010 -Dcom.sun.management.jmxremote.local.only=false -Dcom.sun.management.jmxremote.authenticate=false -Dcom.sun.management.jmxremote.ssl=false -Duser.language=en -Duser.region=US -XX:+CrashOnOutOfMemoryError -XX:+HeapDumpOnOutOfMemoryError
2025-01-27 17:08:39,219 INFO c.h.h.t.HelmChartContainer - [test-hivemq-platform] [hivemq] [7ae2d147] 
2025-01-27 17:08:39,219 INFO c.h.h.t.HelmChartContainer - [test-hivemq-platform] [hivemq] [7ae2d147]   JAVA_VERSION: 21
2025-01-27 17:08:39,219 INFO c.h.h.t.HelmChartContainer - [test-hivemq-platform] [hivemq] [7ae2d147] 
2025-01-27 17:08:39,219 INFO c.h.h.t.HelmChartContainer - [test-hivemq-platform] [hivemq] [7ae2d147] -------------------------------------------------------------------------
2025-01-27 17:08:39,219 INFO c.h.h.t.HelmChartContainer - [test-hivemq-platform] [hivemq] [7ae2d147] 
2025-01-27 17:08:40,107 INFO c.h.h.t.HelmChartContainer - [test-hivemq-platform] [hivemq] [7ae2d147] INFO  - [HiveMQ Platform Operator Init App 1.7.0-SNAPSHOT] Returning default Health API response 503 for readiness
2025-01-27 17:08:40,512 INFO c.h.h.t.HelmChartContainer - [EVENT] Warning [Unhealthy] Readiness probe failed: HTTP probe failed with statuscode: 503 [helmmetricsserviceit:test-hivemq-platform-0]
2025-01-27 17:08:40,513 INFO c.h.h.t.HelmChartContainer - Received Unhealthy event for container hivemq in pod test-hivemq-platform-0 [7ae2d147-b49c-4060-aa8b-f109445aec57]
2025-01-27 17:08:41,906 INFO c.h.h.t.HelmChartContainer - [test-hivemq-platform] [hivemq] [7ae2d147] INFO  - Starting HiveMQ Enterprise Server
2025-01-27 17:08:41,913 INFO c.h.h.t.HelmChartContainer - [test-hivemq-platform] [hivemq] [7ae2d147] INFO  - HiveMQ version: 4.35.0
2025-01-27 17:08:41,913 INFO c.h.h.t.HelmChartContainer - [test-hivemq-platform] [hivemq] [7ae2d147] INFO  - HiveMQ home directory: /opt/hivemq
2025-01-27 17:08:41,914 INFO c.h.h.t.HelmChartContainer - [test-hivemq-platform] [hivemq] [7ae2d147] INFO  - Log Configuration was overridden by /opt/hivemq/conf/logback.xml
2025-01-27 17:08:43,121 INFO c.h.h.t.HelmChartContainer - [test-hivemq-platform] [hivemq] [7ae2d147] INFO  - Successfully loaded configuration from '/opt/hivemq/conf-k8s/config.xml'.
2025-01-27 17:08:44,010 INFO c.h.h.t.HelmChartContainer - [test-hivemq-platform] [hivemq] [7ae2d147] INFO  - This node's ID is wt2uC
2025-01-27 17:08:44,011 INFO c.h.h.t.HelmChartContainer - [test-hivemq-platform] [hivemq] [7ae2d147] INFO  - Clustering is enabled
2025-01-27 17:08:44,155 INFO c.h.h.t.HelmChartContainer - [hivemq-test-hivemq-platform] [hivemq-platform-operator] [e9ec6ca6] 17:08:44.151 [pool-6-thread-6] DEBUG c.h.p.o.d.PlatformServiceResource - [helmmetr] Desired Platform services (4 services)
2025-01-27 17:08:44,155 INFO c.h.h.t.HelmChartContainer - [hivemq-test-hivemq-platform] [hivemq-platform-operator] [e9ec6ca6] 17:08:44.153 [pool-6-thread-8] DEBUG c.h.p.o.dependants.PodInfoConfigMap - [helmmetr] Desired PodInfo ConfigMap (1 extensions) (1 enabled)
2025-01-27 17:08:44,156 INFO c.h.h.t.HelmChartContainer - [hivemq-test-hivemq-platform] [hivemq-platform-operator] [e9ec6ca6] 17:08:44.153 [pool-6-thread-8] DEBUG c.h.p.o.dependants.PodInfoConfigMap - [helmmetr] Desired PodInfo ConfigMap (metrics port: 9399) (metrics path: /)
2025-01-27 17:08:44,156 INFO c.h.h.t.HelmChartContainer - [hivemq-test-hivemq-platform] [hivemq-platform-operator] [e9ec6ca6] 17:08:44.153 [pool-6-thread-8] DEBUG c.h.p.o.dependants.PodInfoConfigMap - [helmmetr] Desired PodInfo ConfigMap (extension state hash: -1817474005)
2025-01-27 17:08:44,156 INFO c.h.h.t.HelmChartContainer - [hivemq-test-hivemq-platform] [hivemq-platform-operator] [e9ec6ca6] 17:08:44.154 [pool-6-thread-8] DEBUG c.h.p.o.d.PodServiceAccountResource - [helmmetr] Desired PodServiceAccountResource (serviceAccountName: hivemq-platform-pod-test-hivemq-platform)
2025-01-27 17:08:44,162 INFO c.h.h.t.HelmChartContainer - [hivemq-test-hivemq-platform] [hivemq-platform-operator] [e9ec6ca6] 17:08:44.160 [pool-6-thread-6] DEBUG c.h.p.o.d.StatefulSetResource - [helmmetr] Desired StatefulSet (1 replicas) for status STARTING (READY)
2025-01-27 17:08:44,165 INFO c.h.h.t.HelmChartContainer - [hivemq-test-hivemq-platform] [hivemq-platform-operator] [e9ec6ca6] 17:08:44.164 [ReconcilerExecutor-hivemq-controller-109] INFO  c.h.p.o.HiveMQPlatformReconciler - [helmmetr] Reconciling HiveMQ Platform 'test-hivemq-platform' in namespace 'helmmetricsserviceit'
2025-01-27 17:08:44,165 INFO c.h.h.t.HelmChartContainer - [hivemq-test-hivemq-platform] [hivemq-platform-operator] [e9ec6ca6] 17:08:44.164 [ReconcilerExecutor-hivemq-controller-109] DEBUG c.h.p.o.HiveMQPlatformReconciler - [helmmetr] Custom Resource Status STARTING - HiveMQ Platform is starting (READY)
2025-01-27 17:08:44,165 INFO c.h.h.t.HelmChartContainer - [hivemq-test-hivemq-platform] [hivemq-platform-operator] [e9ec6ca6] 17:08:44.164 [ReconcilerExecutor-hivemq-controller-109] DEBUG c.h.p.o.HiveMQPlatformReconciler - [helmmetr] Custom Resource Spec (replicas: 1) (extensions: 1)
2025-01-27 17:08:44,168 INFO c.h.h.t.HelmChartContainer - [hivemq-test-hivemq-platform] [hivemq-platform-operator] [e9ec6ca6] 17:08:44.166 [ReconcilerExecutor-hivemq-controller-109] DEBUG c.h.p.o.HiveMQPlatformReconciler - [helmmetr] StatefulSet Status (revision: test-hivemq-platform-7fd56d88d9, replicas: 1, available: 0, ready: 0, current: 1, updated: 1)
2025-01-27 17:08:44,169 INFO c.h.h.t.HelmChartContainer - [hivemq-test-hivemq-platform] [hivemq-platform-operator] [e9ec6ca6] 17:08:44.166 [ReconcilerExecutor-hivemq-controller-109] DEBUG c.h.p.o.HiveMQPlatformReconciler - [helmmetr] StatefulSet Spec (replicas: 1, init containers: 1, containers: 1, volumes: 3)
2025-01-27 17:08:44,169 INFO c.h.h.t.HelmChartContainer - [hivemq-test-hivemq-platform] [hivemq-platform-operator] [e9ec6ca6] 17:08:44.167 [ReconcilerExecutor-hivemq-controller-109] DEBUG c.h.p.o.h.HiveMQPlatformReconcilerErrorHandler - [helmmetr] Pod 'test-hivemq-platform-0' phase Running
2025-01-27 17:08:44,169 INFO c.h.h.t.HelmChartContainer - [hivemq-test-hivemq-platform] [hivemq-platform-operator] [e9ec6ca6] 17:08:44.168 [ReconcilerExecutor-hivemq-controller-109] INFO  c.h.p.o.h.HiveMQPlatformReconcilerBaseHandler - [helmmetr] HiveMQ Platform is starting, 0 of 1 replicas are ready
2025-01-27 17:08:45,409 INFO c.h.h.t.HelmChartContainer - [test-hivemq-platform] [hivemq] [7ae2d147] WARN  - [HiveMQ Platform Operator Init App 1.7.0-SNAPSHOT] Cannot connect to Health API for readiness: null
2025-01-27 17:08:45,415 INFO c.h.h.t.HelmChartContainer - [EVENT] Warning [Unhealthy] Readiness probe failed: HTTP probe failed with statuscode: 503 [helmmetricsserviceit:test-hivemq-platform-0]
2025-01-27 17:08:45,415 INFO c.h.h.t.HelmChartContainer - Received Unhealthy event for container hivemq in pod test-hivemq-platform-0 [7ae2d147-b49c-4060-aa8b-f109445aec57]
2025-01-27 17:08:48,315 INFO c.h.h.t.HelmChartContainer - [test-hivemq-platform] [hivemq] [7ae2d147] Jan 27, 2025 5:08:48 PM io.vertx.core.impl.BlockedThreadChecker
2025-01-27 17:08:48,315 INFO c.h.h.t.HelmChartContainer - [test-hivemq-platform] [hivemq] [7ae2d147] WARNING: Thread Thread[vert.x-eventloop-thread-1,5,main] has been blocked for 2597 ms, time limit is 2000 ms
2025-01-27 17:08:49,310 INFO c.h.h.t.HelmChartContainer - [test-hivemq-platform] [hivemq] [7ae2d147] Jan 27, 2025 5:08:49 PM io.vertx.core.impl.BlockedThreadChecker
2025-01-27 17:08:49,310 INFO c.h.h.t.HelmChartContainer - [test-hivemq-platform] [hivemq] [7ae2d147] WARNING: Thread Thread[vert.x-eventloop-thread-1,5,main] has been blocked for 3598 ms, time limit is 2000 ms
2025-01-27 17:08:49,706 INFO c.h.h.t.HelmChartContainer - [test-hivemq-platform] [hivemq] [7ae2d147] INFO  - [HiveMQ Platform Operator Init App 1.7.0-SNAPSHOT] Updating Pod HiveMQ Platform Operator Init App version annotation (version: 1.7.0-SNAPSHOT)
2025-01-27 17:08:50,016 INFO c.h.h.t.HelmChartContainer - [test-hivemq-platform] [hivemq] [7ae2d147] WARN  - [HiveMQ Platform Operator Init App 1.7.0-SNAPSHOT] Cannot connect to Health API for readiness: null
2025-01-27 17:08:50,113 INFO c.h.h.t.HelmChartContainer - [EVENT] Warning [Unhealthy] Readiness probe failed: HTTP probe failed with statuscode: 503 [helmmetricsserviceit:test-hivemq-platform-0]
2025-01-27 17:08:50,113 INFO c.h.h.t.HelmChartContainer - Received Unhealthy event for container hivemq in pod test-hivemq-platform-0 [7ae2d147-b49c-4060-aa8b-f109445aec57]
2025-01-27 17:08:50,327 INFO c.h.h.t.HelmChartContainer - [POD] test-hivemq-platform-0 [7ae2d147-b49c-4060-aa8b-f109445aec57] in helmmetricsserviceit was MODIFIED
2025-01-27 17:08:50,335 INFO c.h.h.t.HelmChartContainer - [hivemq-test-hivemq-platform] [hivemq-platform-operator] [e9ec6ca6] 17:08:50.331 [pool-6-thread-11] DEBUG c.h.p.o.d.PlatformServiceResource - [helmmetr] Desired Platform services (4 services)
2025-01-27 17:08:50,336 INFO c.h.h.t.HelmChartContainer - [hivemq-test-hivemq-platform] [hivemq-platform-operator] [e9ec6ca6] 17:08:50.332 [pool-6-thread-16] DEBUG c.h.p.o.dependants.PodInfoConfigMap - [helmmetr] Desired PodInfo ConfigMap (1 extensions) (1 enabled)
2025-01-27 17:08:50,336 INFO c.h.h.t.HelmChartContainer - [hivemq-test-hivemq-platform] [hivemq-platform-operator] [e9ec6ca6] 17:08:50.332 [pool-6-thread-16] DEBUG c.h.p.o.dependants.PodInfoConfigMap - [helmmetr] Desired PodInfo ConfigMap (metrics port: 9399) (metrics path: /)
2025-01-27 17:08:50,336 INFO c.h.h.t.HelmChartContainer - [hivemq-test-hivemq-platform] [hivemq-platform-operator] [e9ec6ca6] 17:08:50.332 [pool-6-thread-16] DEBUG c.h.p.o.dependants.PodInfoConfigMap - [helmmetr] Desired PodInfo ConfigMap (extension state hash: -1817474005)
2025-01-27 17:08:50,338 INFO c.h.h.t.HelmChartContainer - [hivemq-test-hivemq-platform] [hivemq-platform-operator] [e9ec6ca6] 17:08:50.336 [pool-6-thread-17] DEBUG c.h.p.o.d.PodServiceAccountResource - [helmmetr] Desired PodServiceAccountResource (serviceAccountName: hivemq-platform-pod-test-hivemq-platform)
2025-01-27 17:08:50,342 INFO c.h.h.t.HelmChartContainer - [hivemq-test-hivemq-platform] [hivemq-platform-operator] [e9ec6ca6] 17:08:50.341 [pool-6-thread-11] DEBUG c.h.p.o.d.StatefulSetResource - [helmmetr] Desired StatefulSet (1 replicas) for status STARTING (READY)
2025-01-27 17:08:50,346 INFO c.h.h.t.HelmChartContainer - [hivemq-test-hivemq-platform] [hivemq-platform-operator] [e9ec6ca6] 17:08:50.345 [ReconcilerExecutor-hivemq-controller-110] INFO  c.h.p.o.HiveMQPlatformReconciler - [helmmetr] Reconciling HiveMQ Platform 'test-hivemq-platform' in namespace 'helmmetricsserviceit'
2025-01-27 17:08:50,346 INFO c.h.h.t.HelmChartContainer - [hivemq-test-hivemq-platform] [hivemq-platform-operator] [e9ec6ca6] 17:08:50.345 [ReconcilerExecutor-hivemq-controller-110] DEBUG c.h.p.o.HiveMQPlatformReconciler - [helmmetr] Custom Resource Status STARTING - HiveMQ Platform is starting (READY)
2025-01-27 17:08:50,346 INFO c.h.h.t.HelmChartContainer - [hivemq-test-hivemq-platform] [hivemq-platform-operator] [e9ec6ca6] 17:08:50.345 [ReconcilerExecutor-hivemq-controller-110] DEBUG c.h.p.o.HiveMQPlatformReconciler - [helmmetr] Custom Resource Spec (replicas: 1) (extensions: 1)
2025-01-27 17:08:50,348 INFO c.h.h.t.HelmChartContainer - [hivemq-test-hivemq-platform] [hivemq-platform-operator] [e9ec6ca6] 17:08:50.346 [ReconcilerExecutor-hivemq-controller-110] DEBUG c.h.p.o.HiveMQPlatformReconciler - [helmmetr] StatefulSet Status (revision: test-hivemq-platform-7fd56d88d9, replicas: 1, available: 0, ready: 0, current: 1, updated: 1)
2025-01-27 17:08:50,348 INFO c.h.h.t.HelmChartContainer - [hivemq-test-hivemq-platform] [hivemq-platform-operator] [e9ec6ca6] 17:08:50.347 [ReconcilerExecutor-hivemq-controller-110] DEBUG c.h.p.o.HiveMQPlatformReconciler - [helmmetr] StatefulSet Spec (replicas: 1, init containers: 1, containers: 1, volumes: 3)
2025-01-27 17:08:50,351 INFO c.h.h.t.HelmChartContainer - [hivemq-test-hivemq-platform] [hivemq-platform-operator] [e9ec6ca6] 17:08:50.348 [ReconcilerExecutor-hivemq-controller-110] DEBUG c.h.p.o.h.HiveMQPlatformReconcilerErrorHandler - [helmmetr] Pod 'test-hivemq-platform-0' phase Running
2025-01-27 17:08:50,351 INFO c.h.h.t.HelmChartContainer - [hivemq-test-hivemq-platform] [hivemq-platform-operator] [e9ec6ca6] 17:08:50.349 [ReconcilerExecutor-hivemq-controller-110] INFO  c.h.p.o.h.HiveMQPlatformReconcilerBaseHandler - [helmmetr] HiveMQ Platform is starting, 0 of 1 replicas are ready
2025-01-27 17:08:50,412 INFO c.h.h.t.HelmChartContainer - [test-hivemq-platform] [hivemq] [7ae2d147] WARN  - [HiveMQ Platform Operator Init App 1.7.0-SNAPSHOT] Cannot connect to Health API for readiness: null
2025-01-27 17:08:50,416 INFO c.h.h.t.HelmChartContainer - [test-hivemq-platform] [hivemq] [7ae2d147] INFO  - [HiveMQ Platform Operator Init App 1.7.0-SNAPSHOT] Successfully updated Pod HiveMQ Platform Operator Init App version annotation (version: 1.7.0-SNAPSHOT)
2025-01-27 17:08:50,421 INFO c.h.h.t.HelmChartContainer - [EVENT] Warning [Unhealthy] Readiness probe failed: HTTP probe failed with statuscode: 503 [helmmetricsserviceit:test-hivemq-platform-0]
2025-01-27 17:08:50,421 INFO c.h.h.t.HelmChartContainer - Received Unhealthy event for container hivemq in pod test-hivemq-platform-0 [7ae2d147-b49c-4060-aa8b-f109445aec57]
2025-01-27 17:08:55,407 INFO c.h.h.t.HelmChartContainer - [test-hivemq-platform] [hivemq] [7ae2d147] WARN  - [HiveMQ Platform Operator Init App 1.7.0-SNAPSHOT] Cannot connect to Health API for readiness: null
2025-01-27 17:08:55,413 INFO c.h.h.t.HelmChartContainer - [EVENT] Warning [Unhealthy] Readiness probe failed: HTTP probe failed with statuscode: 503 [helmmetricsserviceit:test-hivemq-platform-0]
2025-01-27 17:08:55,414 INFO c.h.h.t.HelmChartContainer - Received Unhealthy event for container hivemq in pod test-hivemq-platform-0 [7ae2d147-b49c-4060-aa8b-f109445aec57]
2025-01-27 17:09:00,359 INFO c.h.h.t.HelmChartContainer - [hivemq-test-hivemq-platform] [hivemq-platform-operator] [e9ec6ca6] 17:09:00.354 [pool-6-thread-27] DEBUG c.h.p.o.d.PlatformServiceResource - [helmmetr] Desired Platform services (4 services)
2025-01-27 17:09:00,359 INFO c.h.h.t.HelmChartContainer - [hivemq-test-hivemq-platform] [hivemq-platform-operator] [e9ec6ca6] 17:09:00.355 [pool-6-thread-26] DEBUG c.h.p.o.dependants.PodInfoConfigMap - [helmmetr] Desired PodInfo ConfigMap (1 extensions) (1 enabled)
2025-01-27 17:09:00,359 INFO c.h.h.t.HelmChartContainer - [hivemq-test-hivemq-platform] [hivemq-platform-operator] [e9ec6ca6] 17:09:00.355 [pool-6-thread-26] DEBUG c.h.p.o.dependants.PodInfoConfigMap - [helmmetr] Desired PodInfo ConfigMap (metrics port: 9399) (metrics path: /)
2025-01-27 17:09:00,359 INFO c.h.h.t.HelmChartContainer - [hivemq-test-hivemq-platform] [hivemq-platform-operator] [e9ec6ca6] 17:09:00.355 [pool-6-thread-26] DEBUG c.h.p.o.dependants.PodInfoConfigMap - [helmmetr] Desired PodInfo ConfigMap (extension state hash: -1817474005)
2025-01-27 17:09:00,359 INFO c.h.h.t.HelmChartContainer - [hivemq-test-hivemq-platform] [hivemq-platform-operator] [e9ec6ca6] 17:09:00.356 [pool-6-thread-26] DEBUG c.h.p.o.d.PodServiceAccountResource - [helmmetr] Desired PodServiceAccountResource (serviceAccountName: hivemq-platform-pod-test-hivemq-platform)
2025-01-27 17:09:00,362 INFO c.h.h.t.HelmChartContainer - [hivemq-test-hivemq-platform] [hivemq-platform-operator] [e9ec6ca6] 17:09:00.361 [pool-6-thread-25] DEBUG c.h.p.o.d.StatefulSetResource - [helmmetr] Desired StatefulSet (1 replicas) for status STARTING (READY)
2025-01-27 17:09:00,367 INFO c.h.h.t.HelmChartContainer - [hivemq-test-hivemq-platform] [hivemq-platform-operator] [e9ec6ca6] 17:09:00.366 [ReconcilerExecutor-hivemq-controller-111] INFO  c.h.p.o.HiveMQPlatformReconciler - [helmmetr] Reconciling HiveMQ Platform 'test-hivemq-platform' in namespace 'helmmetricsserviceit'
2025-01-27 17:09:00,367 INFO c.h.h.t.HelmChartContainer - [hivemq-test-hivemq-platform] [hivemq-platform-operator] [e9ec6ca6] 17:09:00.366 [ReconcilerExecutor-hivemq-controller-111] DEBUG c.h.p.o.HiveMQPlatformReconciler - [helmmetr] Custom Resource Status STARTING - HiveMQ Platform is starting (READY)
2025-01-27 17:09:00,367 INFO c.h.h.t.HelmChartContainer - [hivemq-test-hivemq-platform] [hivemq-platform-operator] [e9ec6ca6] 17:09:00.366 [ReconcilerExecutor-hivemq-controller-111] DEBUG c.h.p.o.HiveMQPlatformReconciler - [helmmetr] Custom Resource Spec (replicas: 1) (extensions: 1)
2025-01-27 17:09:00,371 INFO c.h.h.t.HelmChartContainer - [hivemq-test-hivemq-platform] [hivemq-platform-operator] [e9ec6ca6] 17:09:00.368 [ReconcilerExecutor-hivemq-controller-111] DEBUG c.h.p.o.HiveMQPlatformReconciler - [helmmetr] StatefulSet Status (revision: test-hivemq-platform-7fd56d88d9, replicas: 1, available: 0, ready: 0, current: 1, updated: 1)
2025-01-27 17:09:00,371 INFO c.h.h.t.HelmChartContainer - [hivemq-test-hivemq-platform] [hivemq-platform-operator] [e9ec6ca6] 17:09:00.368 [ReconcilerExecutor-hivemq-controller-111] DEBUG c.h.p.o.HiveMQPlatformReconciler - [helmmetr] StatefulSet Spec (replicas: 1, init containers: 1, containers: 1, volumes: 3)
2025-01-27 17:09:00,371 INFO c.h.h.t.HelmChartContainer - [hivemq-test-hivemq-platform] [hivemq-platform-operator] [e9ec6ca6] 17:09:00.369 [ReconcilerExecutor-hivemq-controller-111] DEBUG c.h.p.o.h.HiveMQPlatformReconcilerErrorHandler - [helmmetr] Pod 'test-hivemq-platform-0' phase Running
2025-01-27 17:09:00,371 INFO c.h.h.t.HelmChartContainer - [hivemq-test-hivemq-platform] [hivemq-platform-operator] [e9ec6ca6] 17:09:00.370 [ReconcilerExecutor-hivemq-controller-111] INFO  c.h.p.o.h.HiveMQPlatformReconcilerBaseHandler - [helmmetr] HiveMQ Platform is starting, 0 of 1 replicas are ready
2025-01-27 17:09:00,414 INFO c.h.h.t.HelmChartContainer - [test-hivemq-platform] [hivemq] [7ae2d147] WARN  - [HiveMQ Platform Operator Init App 1.7.0-SNAPSHOT] Cannot connect to Health API for readiness: null
2025-01-27 17:09:00,414 INFO c.h.h.t.HelmChartContainer - [test-hivemq-platform] [hivemq] [7ae2d147] WARN  - [HiveMQ Platform Operator Init App 1.7.0-SNAPSHOT] Cannot connect to Health API for liveness: null
2025-01-27 17:09:00,414 INFO c.h.h.t.HelmChartContainer - [test-hivemq-platform] [hivemq] [7ae2d147] INFO  - [HiveMQ Platform Operator Init App 1.7.0-SNAPSHOT] Returning default Health API response 200 for liveness
2025-01-27 17:09:00,418 INFO c.h.h.t.HelmChartContainer - [EVENT] Warning [Unhealthy] Readiness probe failed: HTTP probe failed with statuscode: 503 [helmmetricsserviceit:test-hivemq-platform-0]
2025-01-27 17:09:00,418 INFO c.h.h.t.HelmChartContainer - Received Unhealthy event for container hivemq in pod test-hivemq-platform-0 [7ae2d147-b49c-4060-aa8b-f109445aec57]
2025-01-27 17:09:02,214 INFO c.h.h.t.HelmChartContainer - [test-hivemq-platform] [hivemq] [7ae2d147] INFO  - No valid license file found. Using trial license, restricted to 25 connections.
2025-01-27 17:09:04,916 INFO c.h.h.t.HelmChartContainer - [test-hivemq-platform] [hivemq] [7ae2d147] INFO  - No valid license file for Data Hub found. Using free license, restricted to 1 policy.
2025-01-27 17:09:05,410 INFO c.h.h.t.HelmChartContainer - [test-hivemq-platform] [hivemq] [7ae2d147] WARN  - [HiveMQ Platform Operator Init App 1.7.0-SNAPSHOT] Cannot connect to Health API for readiness: null
2025-01-27 17:09:05,415 INFO c.h.h.t.HelmChartContainer - [EVENT] Warning [Unhealthy] Readiness probe failed: HTTP probe failed with statuscode: 503 [helmmetricsserviceit:test-hivemq-platform-0]
2025-01-27 17:09:05,415 INFO c.h.h.t.HelmChartContainer - Received Unhealthy event for container hivemq in pod test-hivemq-platform-0 [7ae2d147-b49c-4060-aa8b-f109445aec57]
2025-01-27 17:09:05,912 INFO c.h.h.t.HelmChartContainer - [test-hivemq-platform] [hivemq] [7ae2d147] INFO  - Audit Logger started.
2025-01-27 17:09:06,222 INFO c.h.h.t.HelmChartContainer - [test-hivemq-platform] [hivemq] [7ae2d147] INFO  - This node uses '1' CPU cores.
2025-01-27 17:09:06,227 INFO c.h.h.t.HelmChartContainer - [test-hivemq-platform] [hivemq] [7ae2d147] INFO  - Starting HiveMQ Health API on address 0.0.0.0 and port 8889
2025-01-27 17:09:07,123 INFO c.h.h.t.HelmChartContainer - [test-hivemq-platform] [hivemq] [7ae2d147] INFO  - Started HiveMQ Health API in 896ms
2025-01-27 17:09:07,208 INFO c.h.h.t.HelmChartContainer - [test-hivemq-platform] [hivemq] [7ae2d147] INFO  - Starting HiveMQ extension system.
2025-01-27 17:09:07,418 INFO c.h.h.t.HelmChartContainer - [test-hivemq-platform] [hivemq] [7ae2d147] INFO  - Starting extension with id "hivemq-dns-cluster-discovery" at /opt/hivemq/extensions/hivemq-dns-cluster-discovery
2025-01-27 17:09:08,009 INFO c.h.h.t.HelmChartContainer - [test-hivemq-platform] [hivemq] [7ae2d147] INFO  - Extension "DNS Cluster Discovery Extension" version 4.3.2 started successfully.
2025-01-27 17:09:08,009 INFO c.h.h.t.HelmChartContainer - [test-hivemq-platform] [hivemq] [7ae2d147] INFO  - Starting extension with id "hivemq-prometheus-extension" at /opt/hivemq/extensions/hivemq-prometheus-extension
2025-01-27 17:09:08,009 INFO c.h.h.t.HelmChartContainer - [test-hivemq-platform] [hivemq] [7ae2d147] INFO  - Using TCP cluster transport on address 10.42.0.14 and port 7000
2025-01-27 17:09:08,111 INFO c.h.h.t.HelmChartContainer - [test-hivemq-platform] [hivemq] [7ae2d147] INFO  - Using extension cluster discovery
2025-01-27 17:09:09,008 INFO c.h.h.t.HelmChartContainer - [test-hivemq-platform] [hivemq] [7ae2d147] INFO  - Started Jetty Server exposing Prometheus Servlet on URI http://0.0.0.0:9399/
2025-01-27 17:09:09,010 INFO c.h.h.t.HelmChartContainer - [test-hivemq-platform] [hivemq] [7ae2d147] INFO  - Extension "Prometheus Monitoring Extension" version 4.0.12 started successfully.
2025-01-27 17:09:09,010 INFO c.h.h.t.HelmChartContainer - [test-hivemq-platform] [hivemq] [7ae2d147] INFO  - Starting extension with id "hivemq-allow-all-extension" at /opt/hivemq/extensions/hivemq-allow-all-extension
2025-01-27 17:09:09,011 INFO c.h.h.t.HelmChartContainer - [test-hivemq-platform] [hivemq] [7ae2d147] WARN  - 
2025-01-27 17:09:09,011 INFO c.h.h.t.HelmChartContainer - [test-hivemq-platform] [hivemq] [7ae2d147] ################################################################################################################
2025-01-27 17:09:09,011 INFO c.h.h.t.HelmChartContainer - [test-hivemq-platform] [hivemq] [7ae2d147] # This HiveMQ deployment is not secure! You are lacking Authentication and Authorization.                      #
2025-01-27 17:09:09,011 INFO c.h.h.t.HelmChartContainer - [test-hivemq-platform] [hivemq] [7ae2d147] # Right now any MQTT client can connect to the broker with a full set of permissions.                          #
2025-01-27 17:09:09,011 INFO c.h.h.t.HelmChartContainer - [test-hivemq-platform] [hivemq] [7ae2d147] # For production usage, add an appropriate security extension and remove the hivemq-allow-all extension.       #
2025-01-27 17:09:09,011 INFO c.h.h.t.HelmChartContainer - [test-hivemq-platform] [hivemq] [7ae2d147] # You can download security extensions from the HiveMQ Marketplace (https://www.hivemq.com/extensions/).       #
2025-01-27 17:09:09,011 INFO c.h.h.t.HelmChartContainer - [test-hivemq-platform] [hivemq] [7ae2d147] ################################################################################################################
2025-01-27 17:09:09,011 INFO c.h.h.t.HelmChartContainer - [test-hivemq-platform] [hivemq] [7ae2d147] INFO  - Extension "Allow All Extension" version 1.1.0 started successfully.
2025-01-27 17:09:10,377 INFO c.h.h.t.HelmChartContainer - [hivemq-test-hivemq-platform] [hivemq-platform-operator] [e9ec6ca6] 17:09:10.375 [pool-6-thread-33] DEBUG c.h.p.o.d.PodServiceAccountResource - [helmmetr] Desired PodServiceAccountResource (serviceAccountName: hivemq-platform-pod-test-hivemq-platform)
2025-01-27 17:09:10,377 INFO c.h.h.t.HelmChartContainer - [hivemq-test-hivemq-platform] [hivemq-platform-operator] [e9ec6ca6] 17:09:10.374 [pool-6-thread-38] DEBUG c.h.p.o.d.PlatformServiceResource - [helmmetr] Desired Platform services (4 services)
2025-01-27 17:09:10,379 INFO c.h.h.t.HelmChartContainer - [hivemq-test-hivemq-platform] [hivemq-platform-operator] [e9ec6ca6] 17:09:10.378 [pool-6-thread-37] DEBUG c.h.p.o.dependants.PodInfoConfigMap - [helmmetr] Desired PodInfo ConfigMap (1 extensions) (1 enabled)
2025-01-27 17:09:10,380 INFO c.h.h.t.HelmChartContainer - [hivemq-test-hivemq-platform] [hivemq-platform-operator] [e9ec6ca6] 17:09:10.378 [pool-6-thread-37] DEBUG c.h.p.o.dependants.PodInfoConfigMap - [helmmetr] Desired PodInfo ConfigMap (metrics port: 9399) (metrics path: /)
2025-01-27 17:09:10,380 INFO c.h.h.t.HelmChartContainer - [hivemq-test-hivemq-platform] [hivemq-platform-operator] [e9ec6ca6] 17:09:10.378 [pool-6-thread-37] DEBUG c.h.p.o.dependants.PodInfoConfigMap - [helmmetr] Desired PodInfo ConfigMap (extension state hash: -1817474005)
2025-01-27 17:09:10,385 INFO c.h.h.t.HelmChartContainer - [hivemq-test-hivemq-platform] [hivemq-platform-operator] [e9ec6ca6] 17:09:10.384 [pool-6-thread-38] DEBUG c.h.p.o.d.StatefulSetResource - [helmmetr] Desired StatefulSet (1 replicas) for status STARTING (READY)
2025-01-27 17:09:10,447 INFO c.h.h.t.HelmChartContainer - [hivemq-test-hivemq-platform] [hivemq-platform-operator] [e9ec6ca6] 17:09:10.445 [ReconcilerExecutor-hivemq-controller-112] INFO  c.h.p.o.HiveMQPlatformReconciler - [helmmetr] Reconciling HiveMQ Platform 'test-hivemq-platform' in namespace 'helmmetricsserviceit'
2025-01-27 17:09:10,448 INFO c.h.h.t.HelmChartContainer - [hivemq-test-hivemq-platform] [hivemq-platform-operator] [e9ec6ca6] 17:09:10.446 [ReconcilerExecutor-hivemq-controller-112] DEBUG c.h.p.o.HiveMQPlatformReconciler - [helmmetr] Custom Resource Status STARTING - HiveMQ Platform is starting (READY)
2025-01-27 17:09:10,448 INFO c.h.h.t.HelmChartContainer - [hivemq-test-hivemq-platform] [hivemq-platform-operator] [e9ec6ca6] 17:09:10.446 [ReconcilerExecutor-hivemq-controller-112] DEBUG c.h.p.o.HiveMQPlatformReconciler - [helmmetr] Custom Resource Spec (replicas: 1) (extensions: 1)
2025-01-27 17:09:10,450 INFO c.h.h.t.HelmChartContainer - [hivemq-test-hivemq-platform] [hivemq-platform-operator] [e9ec6ca6] 17:09:10.449 [ReconcilerExecutor-hivemq-controller-112] DEBUG c.h.p.o.HiveMQPlatformReconciler - [helmmetr] StatefulSet Status (revision: test-hivemq-platform-7fd56d88d9, replicas: 1, available: 0, ready: 0, current: 1, updated: 1)
2025-01-27 17:09:10,450 INFO c.h.h.t.HelmChartContainer - [hivemq-test-hivemq-platform] [hivemq-platform-operator] [e9ec6ca6] 17:09:10.449 [ReconcilerExecutor-hivemq-controller-112] DEBUG c.h.p.o.HiveMQPlatformReconciler - [helmmetr] StatefulSet Spec (replicas: 1, init containers: 1, containers: 1, volumes: 3)
2025-01-27 17:09:10,452 INFO c.h.h.t.HelmChartContainer - [hivemq-test-hivemq-platform] [hivemq-platform-operator] [e9ec6ca6] 17:09:10.451 [ReconcilerExecutor-hivemq-controller-112] DEBUG c.h.p.o.h.HiveMQPlatformReconcilerErrorHandler - [helmmetr] Pod 'test-hivemq-platform-0' phase Running
2025-01-27 17:09:10,453 INFO c.h.h.t.HelmChartContainer - [hivemq-test-hivemq-platform] [hivemq-platform-operator] [e9ec6ca6] 17:09:10.452 [ReconcilerExecutor-hivemq-controller-112] INFO  c.h.p.o.h.HiveMQPlatformReconcilerBaseHandler - [helmmetr] HiveMQ Platform is starting, 0 of 1 replicas are ready
2025-01-27 17:09:10,913 INFO c.h.h.t.HelmChartContainer - [test-hivemq-platform] [hivemq] [7ae2d147] INFO  - [HiveMQ Platform Operator Init App 1.7.0-SNAPSHOT] Returning Health API response 503 for readiness
2025-01-27 17:09:10,918 INFO c.h.h.t.HelmChartContainer - [EVENT] Warning [Unhealthy] Readiness probe failed: HTTP probe failed with statuscode: 503 [helmmetricsserviceit:test-hivemq-platform-0]
2025-01-27 17:09:10,918 INFO c.h.h.t.HelmChartContainer - Received Unhealthy event for container hivemq in pod test-hivemq-platform-0 [7ae2d147-b49c-4060-aa8b-f109445aec57]
2025-01-27 17:09:11,016 INFO c.h.h.t.HelmChartContainer - [test-hivemq-platform] [hivemq] [7ae2d147] INFO  - wt2uC: no members discovered after 2303 ms: creating cluster as first member
2025-01-27 17:09:11,023 INFO c.h.h.t.HelmChartContainer - [test-hivemq-platform] [hivemq] [7ae2d147] INFO  - Cluster nodes found by discovery: [wt2uC|0] (1) [wt2uC].
2025-01-27 17:09:11,216 INFO c.h.h.t.HelmChartContainer - [test-hivemq-platform] [hivemq] [7ae2d147] INFO  - Starting HiveMQ REST API on address 0.0.0.0 and port 8890
2025-01-27 17:09:11,722 INFO c.h.h.t.HelmChartContainer - [test-hivemq-platform] [hivemq] [7ae2d147] INFO  - Started HiveMQ REST API in 509ms
2025-01-27 17:09:11,722 INFO c.h.h.t.HelmChartContainer - [test-hivemq-platform] [hivemq] [7ae2d147] INFO  - No user for HiveMQ Control Center configured. Starting with default user
2025-01-27 17:09:11,722 INFO c.h.h.t.HelmChartContainer - [test-hivemq-platform] [hivemq] [7ae2d147] INFO  - Starting HiveMQ Control Center on address 0.0.0.0 and port 8081
2025-01-27 17:09:11,799 INFO c.h.h.t.HelmChartContainer - [test-hivemq-platform] [hivemq] [7ae2d147] INFO  - Mounting HiveMQ Control Center V2 Preview
2025-01-27 17:09:12,407 INFO c.h.h.t.HelmChartContainer - [test-hivemq-platform] [hivemq] [7ae2d147] INFO  - Started HiveMQ Control Center in 685ms
2025-01-27 17:09:12,421 INFO c.h.h.t.HelmChartContainer - [test-hivemq-platform] [hivemq] [7ae2d147] INFO  - Starting TCP listener on address 0.0.0.0 and port 1883
2025-01-27 17:09:12,436 INFO c.h.h.t.HelmChartContainer - [test-hivemq-platform] [hivemq] [7ae2d147] INFO  - Started TCP Listener on address 0.0.0.0 and on port 1883.
2025-01-27 17:09:12,436 INFO c.h.h.t.HelmChartContainer - [test-hivemq-platform] [hivemq] [7ae2d147] INFO  - Started HiveMQ in 30923ms
2025-01-27 17:09:15,331 INFO c.h.h.t.HelmChartContainer - [test-hivemq-platform] [hivemq] [7ae2d147] INFO  - [HiveMQ Platform Operator Init App 1.7.0-SNAPSHOT] Returning Health API response 200 for readiness
2025-01-27 17:09:15,341 INFO c.h.h.t.HelmChartContainer - [POD] test-hivemq-platform-0 [7ae2d147-b49c-4060-aa8b-f109445aec57] in helmmetricsserviceit was MODIFIED
2025-01-27 17:09:15,364 INFO c.h.h.t.HelmChartContainer - [hivemq-test-hivemq-platform] [hivemq-platform-operator] [e9ec6ca6] 17:09:15.347 [pool-6-thread-43] DEBUG c.h.p.o.d.PlatformServiceResource - [helmmetr] Desired Platform services (4 services)
2025-01-27 17:09:15,364 INFO c.h.h.t.HelmChartContainer - [hivemq-test-hivemq-platform] [hivemq-platform-operator] [e9ec6ca6] 17:09:15.350 [pool-6-thread-41] DEBUG c.h.p.o.dependants.PodInfoConfigMap - [helmmetr] Desired PodInfo ConfigMap (1 extensions) (1 enabled)
2025-01-27 17:09:15,364 INFO c.h.h.t.HelmChartContainer - [hivemq-test-hivemq-platform] [hivemq-platform-operator] [e9ec6ca6] 17:09:15.350 [pool-6-thread-41] DEBUG c.h.p.o.dependants.PodInfoConfigMap - [helmmetr] Desired PodInfo ConfigMap (metrics port: 9399) (metrics path: /)
2025-01-27 17:09:15,364 INFO c.h.h.t.HelmChartContainer - [hivemq-test-hivemq-platform] [hivemq-platform-operator] [e9ec6ca6] 17:09:15.350 [pool-6-thread-41] DEBUG c.h.p.o.dependants.PodInfoConfigMap - [helmmetr] Desired PodInfo ConfigMap (extension state hash: -1817474005)
2025-01-27 17:09:15,364 INFO c.h.h.t.HelmChartContainer - [hivemq-test-hivemq-platform] [hivemq-platform-operator] [e9ec6ca6] 17:09:15.352 [pool-6-thread-41] DEBUG c.h.p.o.d.PodServiceAccountResource - [helmmetr] Desired PodServiceAccountResource (serviceAccountName: hivemq-platform-pod-test-hivemq-platform)
2025-01-27 17:09:15,371 INFO c.h.h.t.HelmChartContainer - [hivemq-test-hivemq-platform] [hivemq-platform-operator] [e9ec6ca6] 17:09:15.369 [pool-6-thread-43] DEBUG c.h.p.o.d.StatefulSetResource - [helmmetr] Desired StatefulSet (1 replicas) for status STARTING (READY)
2025-01-27 17:09:15,449 INFO c.h.h.t.HelmChartContainer - [hivemq-test-hivemq-platform] [hivemq-platform-operator] [e9ec6ca6] 17:09:15.447 [ReconcilerExecutor-hivemq-controller-113] INFO  c.h.p.o.HiveMQPlatformReconciler - [helmmetr] Reconciling HiveMQ Platform 'test-hivemq-platform' in namespace 'helmmetricsserviceit'
2025-01-27 17:09:15,449 INFO c.h.h.t.HelmChartContainer - [hivemq-test-hivemq-platform] [hivemq-platform-operator] [e9ec6ca6] 17:09:15.447 [ReconcilerExecutor-hivemq-controller-113] DEBUG c.h.p.o.HiveMQPlatformReconciler - [helmmetr] Custom Resource Status STARTING - HiveMQ Platform is starting (READY)
2025-01-27 17:09:15,449 INFO c.h.h.t.HelmChartContainer - [hivemq-test-hivemq-platform] [hivemq-platform-operator] [e9ec6ca6] 17:09:15.447 [ReconcilerExecutor-hivemq-controller-113] DEBUG c.h.p.o.HiveMQPlatformReconciler - [helmmetr] Custom Resource Spec (replicas: 1) (extensions: 1)
2025-01-27 17:09:15,451 INFO c.h.h.t.HelmChartContainer - [hivemq-test-hivemq-platform] [hivemq-platform-operator] [e9ec6ca6] 17:09:15.449 [ReconcilerExecutor-hivemq-controller-113] DEBUG c.h.p.o.HiveMQPlatformReconciler - [helmmetr] StatefulSet Status (revision: test-hivemq-platform-7fd56d88d9, replicas: 1, available: 1, ready: 1, current: 1, updated: 1)
2025-01-27 17:09:15,451 INFO c.h.h.t.HelmChartContainer - [hivemq-test-hivemq-platform] [hivemq-platform-operator] [e9ec6ca6] 17:09:15.449 [ReconcilerExecutor-hivemq-controller-113] DEBUG c.h.p.o.HiveMQPlatformReconciler - [helmmetr] StatefulSet Spec (replicas: 1, init containers: 1, containers: 1, volumes: 3)
2025-01-27 17:09:15,452 INFO c.h.h.t.HelmChartContainer - [hivemq-test-hivemq-platform] [hivemq-platform-operator] [e9ec6ca6] 17:09:15.450 [ReconcilerExecutor-hivemq-controller-113] DEBUG c.h.p.o.h.HiveMQPlatformReconcilerErrorHandler - [helmmetr] Pod 'test-hivemq-platform-0' phase Running
2025-01-27 17:09:15,453 INFO c.h.h.t.HelmChartContainer - [hivemq-test-hivemq-platform] [hivemq-platform-operator] [e9ec6ca6] 17:09:15.451 [ReconcilerExecutor-hivemq-controller-113] INFO  c.h.p.o.h.HiveMQPlatformReconcilerBaseHandler - [helmmetr] HiveMQ Platform started successfully
2025-01-27 17:09:15,552 INFO c.h.h.t.HelmChartContainer - [hivemq-test-hivemq-platform] [hivemq-platform-operator] [e9ec6ca6] 17:09:15.551 [ReconcilerExecutor-hivemq-controller-113] DEBUG c.h.p.operator.event.EventSender - [helmmetr] Creating K8s event hivemq-platform-ready: [Ready] HiveMQ Platform is ready
2025-01-27 17:09:15,558 INFO c.h.h.t.HelmChartContainer - [EVENT] Normal [Ready] HiveMQ Platform is ready [helmmetricsserviceit:test-hivemq-platform]
2025-01-27 17:09:15,559 INFO c.h.h.t.HelmChartContainer - [hivemq-test-hivemq-platform] [hivemq-platform-operator] [e9ec6ca6] 17:09:15.558 [ReconcilerExecutor-hivemq-controller-113] INFO  c.h.p.o.h.AbstractHiveMQReconcilerStateHandler - [helmmetr] Update HiveMQ Platform Status (STARTING [READY] -> RUNNING [READY]): HiveMQ Platform is ready
2025-01-27 17:09:15,567 DEBUG com.hivemq.helmcharts.util.K8sUtil - Comparing actual state 'RUNNING' and waiting for 'RUNNING'
2025-01-27 17:09:15,653 INFO c.h.h.t.HelmChartContainer - [hivemq-test-hivemq-platform] [hivemq-platform-operator] [e9ec6ca6] 17:09:15.650 [pool-6-thread-9] DEBUG c.h.p.o.d.PlatformServiceResource - [helmmetr] Desired Platform services (4 services)
2025-01-27 17:09:15,657 INFO c.h.h.t.HelmChartContainer - [hivemq-test-hivemq-platform] [hivemq-platform-operator] [e9ec6ca6] 17:09:15.653 [pool-6-thread-4] DEBUG c.h.p.o.dependants.PodInfoConfigMap - [helmmetr] Desired PodInfo ConfigMap (1 extensions) (1 enabled)
2025-01-27 17:09:15,657 INFO c.h.h.t.HelmChartContainer - [hivemq-test-hivemq-platform] [hivemq-platform-operator] [e9ec6ca6] 17:09:15.653 [pool-6-thread-4] DEBUG c.h.p.o.dependants.PodInfoConfigMap - [helmmetr] Desired PodInfo ConfigMap (metrics port: 9399) (metrics path: /)
2025-01-27 17:09:15,657 INFO c.h.h.t.HelmChartContainer - [hivemq-test-hivemq-platform] [hivemq-platform-operator] [e9ec6ca6] 17:09:15.653 [pool-6-thread-4] DEBUG c.h.p.o.dependants.PodInfoConfigMap - [helmmetr] Desired PodInfo ConfigMap (extension state hash: -1817474005)
2025-01-27 17:09:15,657 INFO c.h.h.t.HelmChartContainer - [hivemq-test-hivemq-platform] [hivemq-platform-operator] [e9ec6ca6] 17:09:15.654 [pool-6-thread-4] DEBUG c.h.p.o.dependants.PodInfoConfigMap - [helmmetr] Update PodInfo ConfigMap
2025-01-27 17:09:15,657 INFO c.h.h.t.HelmChartContainer - [hivemq-test-hivemq-platform] [hivemq-platform-operator] [e9ec6ca6] 17:09:15.654 [pool-6-thread-1] DEBUG c.h.p.o.d.PodServiceAccountResource - [helmmetr] Desired PodServiceAccountResource (serviceAccountName: hivemq-platform-pod-test-hivemq-platform)
2025-01-27 17:09:15,749 INFO c.h.h.t.HelmChartContainer - [hivemq-test-hivemq-platform] [hivemq-platform-operator] [e9ec6ca6] 17:09:15.746 [pool-6-thread-4] DEBUG c.h.p.o.d.StatefulSetResource - [helmmetr] Desired StatefulSet (1 replicas) for status RUNNING (READY)
2025-01-27 17:09:15,754 INFO c.h.h.t.HelmChartContainer - [hivemq-test-hivemq-platform] [hivemq-platform-operator] [e9ec6ca6] 17:09:15.753 [ReconcilerExecutor-hivemq-controller-114] INFO  c.h.p.o.HiveMQPlatformReconciler - [helmmetr] Reconciling HiveMQ Platform 'test-hivemq-platform' in namespace 'helmmetricsserviceit'
2025-01-27 17:09:15,755 INFO c.h.h.t.HelmChartContainer - [hivemq-test-hivemq-platform] [hivemq-platform-operator] [e9ec6ca6] 17:09:15.754 [ReconcilerExecutor-hivemq-controller-114] DEBUG c.h.p.o.HiveMQPlatformReconciler - [helmmetr] Custom Resource Status RUNNING - HiveMQ Platform is ready (READY)
2025-01-27 17:09:15,757 INFO c.h.h.t.HelmChartContainer - [hivemq-test-hivemq-platform] [hivemq-platform-operator] [e9ec6ca6] 17:09:15.754 [ReconcilerExecutor-hivemq-controller-114] DEBUG c.h.p.o.HiveMQPlatformReconciler - [helmmetr] Custom Resource Spec (replicas: 1) (extensions: 1)
2025-01-27 17:09:15,758 INFO c.h.h.t.HelmChartContainer - [hivemq-test-hivemq-platform] [hivemq-platform-operator] [e9ec6ca6] 17:09:15.756 [ReconcilerExecutor-hivemq-controller-114] DEBUG c.h.p.o.HiveMQPlatformReconciler - [helmmetr] StatefulSet Status (revision: test-hivemq-platform-7fd56d88d9, replicas: 1, available: 1, ready: 1, current: 1, updated: 1)
2025-01-27 17:09:15,758 INFO c.h.h.t.HelmChartContainer - [hivemq-test-hivemq-platform] [hivemq-platform-operator] [e9ec6ca6] 17:09:15.756 [ReconcilerExecutor-hivemq-controller-114] DEBUG c.h.p.o.HiveMQPlatformReconciler - [helmmetr] StatefulSet Spec (replicas: 1, init containers: 1, containers: 1, volumes: 3)
2025-01-27 17:09:15,762 INFO c.h.h.t.HelmChartContainer - [hivemq-test-hivemq-platform] [hivemq-platform-operator] [e9ec6ca6] 17:09:15.762 [ReconcilerExecutor-hivemq-controller-114] DEBUG c.h.p.o.h.HiveMQPlatformReconcilerErrorHandler - [helmmetr] Pod 'test-hivemq-platform-0' phase Running
2025-01-27 17:09:18,735 INFO c.h.helmcharts.util.MonitoringUtil - Asserting Prometheus subscribes metrics...
2025-01-27 17:09:19,988 INFO c.h.helmcharts.util.MonitoringUtil - Asserted subscribes metrics (1252 ms)
2025-01-27 17:09:19,988 INFO c.h.helmcharts.util.MonitoringUtil - Asserting Prometheus publishes metrics...
2025-01-27 17:09:20,316 INFO c.h.helmcharts.util.MonitoringUtil - Asserted publishes metrics (328 ms)
2025-01-27 17:09:20,318 INFO c.h.h.t.HelmChartContainer - Uninstalling release 'test-hivemq-platform' in namespace 'helmmetricsserviceit'...
2025-01-27 17:09:20,318 DEBUG c.h.h.t.HelmChartContainer - Executing helm command: /bin/helm --kubeconfig /etc/rancher/k3s/k3s.yaml uninstall test-hivemq-platform  --wait --timeout 5m0s --cascade foreground --namespace helmmetricsserviceit
2025-01-27 17:09:20,549 INFO c.h.h.t.HelmChartContainer - [hivemq-test-hivemq-platform] [hivemq-platform-operator] [e9ec6ca6] 17:09:20.548 [ReconcilerExecutor-hivemq-controller-115] INFO  c.h.p.o.HiveMQPlatformReconciler - [helmmetr] Cleanup test-hivemq-platform - helmmetricsserviceit HiveMQ Platform is shut down
2025-01-27 17:09:20,822 INFO c.h.h.t.HelmChartContainer - [K3S] [authentication.go:74] "Unable to authenticate the request" err="[invalid bearer token, serviceaccounts \"hivemq-platform-pod-test-hivemq-platform\" not found]"
2025-01-27 17:09:20,844 INFO c.h.h.t.HelmChartContainer - [K3S] [authentication.go:74] "Unable to authenticate the request" err="[invalid bearer token, serviceaccounts \"hivemq-platform-pod-test-hivemq-platform\" not found]"
2025-01-27 17:09:20,912 INFO c.h.h.t.HelmChartContainer - [test-hivemq-platform] [hivemq] [7ae2d147] WARN  - [HiveMQ Platform Operator Init App 1.7.0-SNAPSHOT] Could not update Pod annotations: Failure executing: GET at: https://10.43.0.1:443/api/v1/namespaces/helmmetricsserviceit/pods/test-hivemq-platform-0. Message: Unauthorized. Received status: Status(apiVersion=v1, code=401, details=null, kind=Status, message=Unauthorized, metadata=ListMeta(_continue=null, remainingItemCount=null, resourceVersion=null, selfLink=null, additionalProperties={}), reason=Unauthorized, status=Failure, additionalProperties={}).
2025-01-27 17:09:21,652 INFO c.h.h.t.HelmChartContainer - [POD] test-hivemq-platform-0 [7ae2d147-b49c-4060-aa8b-f109445aec57] in helmmetricsserviceit was MODIFIED
2025-01-27 17:09:21,658 INFO c.h.h.t.HelmChartContainer - [EVENT] Normal [Killing] Stopping container hivemq [helmmetricsserviceit:test-hivemq-platform-0]
2025-01-27 17:09:21,658 INFO c.h.h.t.HelmChartContainer - Received Killing event for container hivemq in pod test-hivemq-platform-0 [7ae2d147-b49c-4060-aa8b-f109445aec57]
2025-01-27 17:09:21,658 INFO c.h.h.t.HelmChartContainer - Container [test-hivemq-platform-0] [hivemq] [7ae2d147-b49c-4060-aa8b-f109445aec57] was terminated
2025-01-27 17:09:21,659 INFO c.h.h.t.HelmChartContainer - Stopped log watcher for hivemq in pod test-hivemq-platform-0 [7ae2d147-b49c-4060-aa8b-f109445aec57]
2025-01-27 17:09:21,662 INFO c.h.h.t.HelmChartContainer - [test-hivemq-platform] [hivemq] [7ae2d147] INFO  - [HiveMQ Platform Operator Init App 1.7.0-SNAPSHOT] Shutting down
2025-01-27 17:09:21,662 INFO c.h.h.t.HelmChartContainer - [test-hivemq-platform] [hivemq] [7ae2d147] INFO  - [HiveMQ Platform Operator Init App 1.7.0-SNAPSHOT] Stopping the HiveMQ Platform
2025-01-27 17:09:21,808 INFO c.h.h.t.HelmChartContainer - [test-hivemq-platform] [hivemq] [7ae2d147] INFO  - Shutting down HiveMQ. Please wait, this could take a while...
2025-01-27 17:09:21,818 INFO c.h.h.t.HelmChartContainer - [test-hivemq-platform] [hivemq] [7ae2d147] INFO  - Shutting down listeners and clients
2025-01-27 17:09:21,820 INFO c.h.h.t.HelmChartContainer - [test-hivemq-platform] [hivemq] [7ae2d147] INFO  - Shutdown of listeners is done
2025-01-27 17:09:21,821 INFO c.h.h.t.HelmChartContainer - [test-hivemq-platform] [hivemq] [7ae2d147] INFO  - No clients are connected, proceeding with shutdown
2025-01-27 17:09:22,575 INFO c.h.h.t.HelmChartContainer - Deleting namespace 'helmmetricsserviceit'...
2025-01-27 17:09:25,327 INFO c.h.h.t.HelmChartContainer - [test-hivemq-platform] [hivemq] [7ae2d147] INFO  - [HiveMQ Platform Operator Init App 1.7.0-SNAPSHOT] Returning shutdown Health API response 503 for readiness
2025-01-27 17:09:25,331 INFO c.h.h.t.HelmChartContainer - [EVENT] Warning [Unhealthy] Readiness probe failed: HTTP probe failed with statuscode: 503 [helmmetricsserviceit:test-hivemq-platform-0]
2025-01-27 17:09:25,331 INFO c.h.h.t.HelmChartContainer - Received Unhealthy event for container hivemq in pod test-hivemq-platform-0 [7ae2d147-b49c-4060-aa8b-f109445aec57]
2025-01-27 17:09:25,510 INFO c.h.h.t.HelmChartContainer - [test-hivemq-platform] [hivemq] [7ae2d147] INFO  - Shutting down extension system
2025-01-27 17:09:25,513 INFO c.h.h.t.HelmChartContainer - [test-hivemq-platform] [hivemq] [7ae2d147] INFO  - Stopping extension with id hivemq-dns-cluster-discovery
2025-01-27 17:09:25,514 INFO c.h.h.t.HelmChartContainer - [test-hivemq-platform] [hivemq] [7ae2d147] INFO  - Extension "DNS Cluster Discovery Extension" version 4.3.2 stopped successfully.
2025-01-27 17:09:25,514 INFO c.h.h.t.HelmChartContainer - [test-hivemq-platform] [hivemq] [7ae2d147] INFO  - Stopping extension with id hivemq-prometheus-extension
2025-01-27 17:09:25,517 INFO c.h.h.t.HelmChartContainer - [test-hivemq-platform] [hivemq] [7ae2d147] INFO  - Extension "Prometheus Monitoring Extension" version 4.0.12 stopped successfully.
2025-01-27 17:09:25,518 INFO c.h.h.t.HelmChartContainer - [test-hivemq-platform] [hivemq] [7ae2d147] INFO  - Stopping extension with id hivemq-allow-all-extension
2025-01-27 17:09:25,518 INFO c.h.h.t.HelmChartContainer - [test-hivemq-platform] [hivemq] [7ae2d147] INFO  - Extension "Allow All Extension" version 1.1.0 stopped successfully.
2025-01-27 17:09:25,917 INFO c.h.h.t.HelmChartContainer - [K3S] [authentication.go:74] "Unable to authenticate the request" err="[invalid bearer token, serviceaccounts \"hivemq-platform-pod-test-hivemq-platform\" not found]"
2025-01-27 17:09:25,932 INFO c.h.h.t.HelmChartContainer - [K3S] [authentication.go:74] "Unable to authenticate the request" err="[invalid bearer token, serviceaccounts \"hivemq-platform-pod-test-hivemq-platform\" not found]"
2025-01-27 17:09:25,934 INFO c.h.h.t.HelmChartContainer - [test-hivemq-platform] [hivemq] [7ae2d147] WARN  - [HiveMQ Platform Operator Init App 1.7.0-SNAPSHOT] Could not update Pod annotations: Failure executing: GET at: https://10.43.0.1:443/api/v1/namespaces/helmmetricsserviceit/pods/test-hivemq-platform-0. Message: Unauthorized. Received status: Status(apiVersion=v1, code=401, details=null, kind=Status, message=Unauthorized, metadata=ListMeta(_continue=null, remainingItemCount=null, resourceVersion=null, selfLink=null, additionalProperties={}), reason=Unauthorized, status=Failure, additionalProperties={}).
2025-01-27 17:09:27,634 INFO c.h.h.t.HelmChartContainer - [K3S] [stateful_set.go:466] "StatefulSet has been deleted" key="helmmetricsserviceit/test-hivemq-platform"
2025-01-27 17:09:27,809 INFO c.h.h.t.HelmChartContainer - [test-hivemq-platform] [hivemq] [7ae2d147] INFO  - Shutdown completed.
2025-01-27 17:09:28,159 INFO c.h.h.t.HelmChartContainer - [test-hivemq-platform] [hivemq] [7ae2d147] INFO  - [HiveMQ Platform Operator Init App 1.7.0-SNAPSHOT] The HiveMQ Platform exited with code 143
2025-01-27 17:09:28,159 INFO c.h.h.t.HelmChartContainer - [test-hivemq-platform] [hivemq] [7ae2d147] INFO  - [HiveMQ Platform Operator Init App 1.7.0-SNAPSHOT] Stopping the REST API
2025-01-27 17:09:28,167 INFO c.h.h.t.HelmChartContainer - [test-hivemq-platform] [hivemq] [7ae2d147] INFO  - [HiveMQ Platform Operator Init App 1.7.0-SNAPSHOT] Shutdown complete
2025-01-27 17:09:28,620 INFO c.h.h.t.HelmChartContainer - [POD] test-hivemq-platform-0 [7ae2d147-b49c-4060-aa8b-f109445aec57] in helmmetricsserviceit was MODIFIED
2025-01-27 17:09:28,678 INFO c.h.h.t.HelmChartContainer - [K3S] [reconciler_common.go:162] "operationExecutor.UnmountVolume started for volume \"broker-configuration\" (UniqueName: \"kubernetes.io/configmap/7ae2d147-b49c-4060-aa8b-f109445aec57-broker-configuration\") pod \"7ae2d147-b49c-4060-aa8b-f109445aec57\" (UID: \"7ae2d147-b49c-4060-aa8b-f109445aec57\") "
2025-01-27 17:09:28,678 INFO c.h.h.t.HelmChartContainer - [K3S] [reconciler_common.go:162] "operationExecutor.UnmountVolume started for volume \"kube-api-access-6s9b5\" (UniqueName: \"kubernetes.io/projected/7ae2d147-b49c-4060-aa8b-f109445aec57-kube-api-access-6s9b5\") pod \"7ae2d147-b49c-4060-aa8b-f109445aec57\" (UID: \"7ae2d147-b49c-4060-aa8b-f109445aec57\") "
2025-01-27 17:09:28,678 INFO c.h.h.t.HelmChartContainer - [K3S] [reconciler_common.go:162] "operationExecutor.UnmountVolume started for volume \"pod-info\" (UniqueName: \"kubernetes.io/configmap/7ae2d147-b49c-4060-aa8b-f109445aec57-pod-info\") pod \"7ae2d147-b49c-4060-aa8b-f109445aec57\" (UID: \"7ae2d147-b49c-4060-aa8b-f109445aec57\") "
2025-01-27 17:09:28,678 INFO c.h.h.t.HelmChartContainer - [K3S] [reconciler_common.go:162] "operationExecutor.UnmountVolume started for volume \"operator-init\" (UniqueName: \"kubernetes.io/empty-dir/7ae2d147-b49c-4060-aa8b-f109445aec57-operator-init\") pod \"7ae2d147-b49c-4060-aa8b-f109445aec57\" (UID: \"7ae2d147-b49c-4060-aa8b-f109445aec57\") "
2025-01-27 17:09:28,778 INFO c.h.h.t.HelmChartContainer - [K3S] [reconciler_common.go:299] "Volume detached for volume \"operator-init\" (UniqueName: \"kubernetes.io/empty-dir/7ae2d147-b49c-4060-aa8b-f109445aec57-operator-init\") on node \"9aface448084\" DevicePath \"\""
2025-01-27 17:09:28,778 INFO c.h.h.t.HelmChartContainer - [K3S] [reconciler_common.go:299] "Volume detached for volume \"broker-configuration\" (UniqueName: \"kubernetes.io/configmap/7ae2d147-b49c-4060-aa8b-f109445aec57-broker-configuration\") on node \"9aface448084\" DevicePath \"\""
2025-01-27 17:09:28,778 INFO c.h.h.t.HelmChartContainer - [K3S] [reconciler_common.go:299] "Volume detached for volume \"kube-api-access-6s9b5\" (UniqueName: \"kubernetes.io/projected/7ae2d147-b49c-4060-aa8b-f109445aec57-kube-api-access-6s9b5\") on node \"9aface448084\" DevicePath \"\""
2025-01-27 17:09:28,778 INFO c.h.h.t.HelmChartContainer - [K3S] [reconciler_common.go:299] "Volume detached for volume \"pod-info\" (UniqueName: \"kubernetes.io/configmap/7ae2d147-b49c-4060-aa8b-f109445aec57-pod-info\") on node \"9aface448084\" DevicePath \"\""
2025-01-27 17:09:29,070 INFO c.h.h.t.HelmChartContainer - [K3S] [scope.go:117] "RemoveContainer" containerID="f74d7886cb8f7bb655b23a4d4714c3cab4e0e72bd5924d1bfd52bcb4b424b92c"
2025-01-27 17:09:29,093 INFO c.h.h.t.HelmChartContainer - [POD] test-hivemq-platform-0 [7ae2d147-b49c-4060-aa8b-f109445aec57] in helmmetricsserviceit was MODIFIED
2025-01-27 17:09:29,096 INFO c.h.h.t.HelmChartContainer - [POD] test-hivemq-platform-0 [7ae2d147-b49c-4060-aa8b-f109445aec57] in helmmetricsserviceit was DELETED
2025-01-27 17:09:29,176 INFO c.h.h.t.HelmChartContainer - [K3S] [scope.go:117] "RemoveContainer" containerID="62388554e61cd80c484133f0fca12efa45096347d341e3f5f09a447b97f2bb40"
2025-01-27 17:09:29,179 INFO c.h.h.t.HelmChartContainer - [K3S] [scope.go:117] "RemoveContainer" containerID="f74d7886cb8f7bb655b23a4d4714c3cab4e0e72bd5924d1bfd52bcb4b424b92c"
2025-01-27 17:09:29,180 INFO c.h.h.t.HelmChartContainer - [K3S] [scope.go:117] "RemoveContainer" containerID="62388554e61cd80c484133f0fca12efa45096347d341e3f5f09a447b97f2bb40"
2025-01-27 17:09:30,428 INFO c.h.h.t.HelmChartContainer - [K3S] [kubelet_volumes.go:163] "Cleaned up orphaned pod volumes dir" podUID="7ae2d147-b49c-4060-aa8b-f109445aec57" path="/var/lib/kubelet/pods/7ae2d147-b49c-4060-aa8b-f109445aec57/volumes"
2025-01-27 17:09:30,638 INFO c.h.h.t.HelmChartContainer - [K3S] [range_allocator.go:247] "Successfully synced" key="9aface448084"
2025-01-27 17:09:32,911 INFO c.h.h.t.HelmChartContainer - Namespace 'helmmetricsserviceit' deleted
2025-01-27 17:09:32,911 INFO c.h.h.t.HelmChartContainer - Release 'test-hivemq-platform' in namespace 'helmmetricsserviceit' is uninstalled
2025-01-27 17:09:32,911 INFO c.h.h.t.HelmChartContainer - Uninstalling release 'test-hivemq-platform-operator' in namespace 'helmmetricsserviceit-operator'...
2025-01-27 17:09:32,911 DEBUG c.h.h.t.HelmChartContainer - Executing helm command: /bin/helm --kubeconfig /etc/rancher/k3s/k3s.yaml uninstall test-hivemq-platform-operator  --wait --timeout 5m0s --cascade foreground --namespace helmmetricsserviceit-operator
2025-01-27 17:09:33,139 INFO c.h.h.t.HelmChartContainer - [K3S] [replica_set.go:679] "Finished syncing" kind="ReplicaSet" key="helmmetricsserviceit-operator/hivemq-test-hivemq-platform-operator-6966f96d65" duration="13.122949ms"
2025-01-27 17:09:33,139 INFO c.h.h.t.HelmChartContainer - [K3S] [replica_set.go:679] "Finished syncing" kind="ReplicaSet" key="helmmetricsserviceit-operator/hivemq-test-hivemq-platform-operator-6966f96d65" duration="47.719µs"
2025-01-27 17:09:33,149 INFO c.h.h.t.HelmChartContainer - [POD] hivemq-test-hivemq-platform-operator-6966f96d65-8vnc9 [e9ec6ca6-ba69-41fb-85dd-95ffe2fab77a] in helmmetricsserviceit-operator was MODIFIED
2025-01-27 17:09:33,159 INFO c.h.h.t.HelmChartContainer - [K3S] [replica_set.go:679] "Finished syncing" kind="ReplicaSet" key="helmmetricsserviceit-operator/hivemq-test-hivemq-platform-operator-6966f96d65" duration="6.935714ms"
2025-01-27 17:09:33,163 INFO c.h.h.t.HelmChartContainer - [K3S] [replica_set.go:679] "Finished syncing" kind="ReplicaSet" key="helmmetricsserviceit-operator/hivemq-test-hivemq-platform-operator-6966f96d65" duration="84.117µs"
2025-01-27 17:09:33,165 INFO c.h.h.t.HelmChartContainer - [EVENT] Normal [Killing] Stopping container hivemq-platform-operator [helmmetricsserviceit-operator:hivemq-test-hivemq-platform-operator-6966f96d65-8vnc9]
2025-01-27 17:09:33,165 INFO c.h.h.t.HelmChartContainer - Received Killing event for container hivemq-platform-operator in pod hivemq-test-hivemq-platform-operator-6966f96d65-8vnc9 [e9ec6ca6-ba69-41fb-85dd-95ffe2fab77a]
2025-01-27 17:09:33,165 INFO c.h.h.t.HelmChartContainer - Container [hivemq-test-hivemq-platform-operator-6966f96d65-8vnc9] [hivemq-platform-operator] [e9ec6ca6-ba69-41fb-85dd-95ffe2fab77a] was terminated
2025-01-27 17:09:33,165 INFO c.h.h.t.HelmChartContainer - Stopped log watcher for hivemq-platform-operator in pod hivemq-test-hivemq-platform-operator-6966f96d65-8vnc9 [e9ec6ca6-ba69-41fb-85dd-95ffe2fab77a]
2025-01-27 17:09:33,192 INFO c.h.h.t.HelmChartContainer - [hivemq-test-hivemq-platform] [hivemq-platform-operator] [e9ec6ca6] 17:09:33.191 [application-shutdown-thread] INFO  c.h.p.o.HiveMQPlatformOperatorApplication - HiveMQ Platform Operator is stopping...
2025-01-27 17:09:33,193 INFO c.h.h.t.HelmChartContainer - [hivemq-test-hivemq-platform] [hivemq-platform-operator] [e9ec6ca6] 17:09:33.191 [application-shutdown-thread] INFO  i.javaoperatorsdk.operator.Operator - Operator SDK 4.9.7 is shutting down...
2025-01-27 17:09:33,793 INFO c.h.h.t.HelmChartContainer - [K3S] [replica_set.go:679] "Finished syncing" kind="ReplicaSet" key="helmmetricsserviceit-operator/hivemq-test-hivemq-platform-operator-6966f96d65" duration="39.824µs"
2025-01-27 17:09:33,794 INFO c.h.h.t.HelmChartContainer - [POD] hivemq-test-hivemq-platform-operator-6966f96d65-8vnc9 [e9ec6ca6-ba69-41fb-85dd-95ffe2fab77a] in helmmetricsserviceit-operator was MODIFIED
2025-01-27 17:09:33,824 INFO c.h.h.t.HelmChartContainer - [K3S] [reconciler_common.go:162] "operationExecutor.UnmountVolume started for volume \"kube-api-access-fkhrg\" (UniqueName: \"kubernetes.io/projected/e9ec6ca6-ba69-41fb-85dd-95ffe2fab77a-kube-api-access-fkhrg\") pod \"e9ec6ca6-ba69-41fb-85dd-95ffe2fab77a\" (UID: \"e9ec6ca6-ba69-41fb-85dd-95ffe2fab77a\") "
2025-01-27 17:09:33,924 INFO c.h.h.t.HelmChartContainer - [K3S] [reconciler_common.go:299] "Volume detached for volume \"kube-api-access-fkhrg\" (UniqueName: \"kubernetes.io/projected/e9ec6ca6-ba69-41fb-85dd-95ffe2fab77a-kube-api-access-fkhrg\") on node \"9aface448084\" DevicePath \"\""
2025-01-27 17:09:34,090 INFO c.h.h.t.HelmChartContainer - [K3S] [scope.go:117] "RemoveContainer" containerID="a6b61515966a72717e020164daaf79538166a6358ef98510d5381a46366f6810"
2025-01-27 17:09:34,095 INFO c.h.h.t.HelmChartContainer - [K3S] [scope.go:117] "RemoveContainer" containerID="a6b61515966a72717e020164daaf79538166a6358ef98510d5381a46366f6810"
2025-01-27 17:09:34,102 INFO c.h.h.t.HelmChartContainer - [K3S] [replica_set.go:679] "Finished syncing" kind="ReplicaSet" key="helmmetricsserviceit-operator/hivemq-test-hivemq-platform-operator-6966f96d65" duration="46.847µs"
2025-01-27 17:09:34,103 INFO c.h.h.t.HelmChartContainer - [POD] hivemq-test-hivemq-platform-operator-6966f96d65-8vnc9 [e9ec6ca6-ba69-41fb-85dd-95ffe2fab77a] in helmmetricsserviceit-operator was MODIFIED
2025-01-27 17:09:34,105 INFO c.h.h.t.HelmChartContainer - [K3S] [replica_set.go:679] "Finished syncing" kind="ReplicaSet" key="helmmetricsserviceit-operator/hivemq-test-hivemq-platform-operator-6966f96d65" duration="38.912µs"
2025-01-27 17:09:34,107 INFO c.h.h.t.HelmChartContainer - [POD] hivemq-test-hivemq-platform-operator-6966f96d65-8vnc9 [e9ec6ca6-ba69-41fb-85dd-95ffe2fab77a] in helmmetricsserviceit-operator was DELETED
2025-01-27 17:09:34,117 INFO c.h.h.t.HelmChartContainer - [K3S] [replica_set.go:679] "Finished syncing" kind="ReplicaSet" key="helmmetricsserviceit-operator/hivemq-test-hivemq-platform-operator-6966f96d65" duration="7.154µs"
2025-01-27 17:09:34,427 INFO c.h.h.t.HelmChartContainer - [K3S] [kubelet_volumes.go:163] "Cleaned up orphaned pod volumes dir" podUID="e9ec6ca6-ba69-41fb-85dd-95ffe2fab77a" path="/var/lib/kubelet/pods/e9ec6ca6-ba69-41fb-85dd-95ffe2fab77a/volumes"
2025-01-27 17:09:35,177 INFO c.h.h.t.HelmChartContainer - Deleting namespace 'helmmetricsserviceit-operator'...
2025-01-27 17:09:37,892 INFO c.h.h.t.HelmChartContainer - [K3S] [namespace_controller.go:187] "Namespace has been deleted" namespace="helmmetricsserviceit"
2025-01-27 17:09:40,396 INFO c.h.h.t.HelmChartContainer - Namespace 'helmmetricsserviceit-operator' deleted
2025-01-27 17:09:40,396 INFO c.h.h.t.HelmChartContainer - Release 'test-hivemq-platform-operator' in namespace 'helmmetricsserviceit-operator' is uninstalled
2025-01-27 17:09:41,153 INFO c.h.helmcharts.AbstractHelmChartIT - Removed unused containers:

2025-01-27 17:09:41,778 INFO c.h.h.t.HelmChartContainer - [K3S] [INFO] COMPACT compactRev=0 targetCompactRev=2 currentRev=1777
2025-01-27 17:09:41,779 INFO c.h.h.t.HelmChartContainer - [K3S] [INFO] COMPACT deleted 0 rows from 2 revisions in 487.362µs - compacted to 2/1777
2025-01-27 17:09:41,779 INFO c.h.h.t.HelmChartContainer - [K3S] [INFO] COMPACT compacted from 0 to 2 in 1 transactions over 1ms
2025-01-27 17:09:44,371 INFO c.h.h.t.HelmChartContainer - [K3S] [info.go:53] Couldn't collect info from any of the files in "/etc/machine-id,/var/lib/dbus/machine-id"
2025-01-27 17:09:45,336 INFO c.h.h.t.HelmChartContainer - [K3S] [namespace_controller.go:187] "Namespace has been deleted" namespace="helmmetricsserviceit-operator"
2025-01-27 17:09:49,445 INFO c.h.helmcharts.AbstractHelmChartIT - Removed unused snapshots:
Removing snapshot sha256:026a712f86a389a5fd74927b58e3b9c46d97b4685244a93cf8afd5dd2d926256
Removing snapshot sha256:03af251906410714c5aef9fa705b63f6bbc39c4a5e787de7361eeb18886c2ed2
Removing snapshot sha256:04586d725303b4dcbc0cdc42a56e7852bc8859e90a3b42def5c29ab6c5b2378a
Removing snapshot sha256:0c46b3b43cce082ce5ec34ffc6c294e0417d17b9d1e6f366d114b6aadc4f96dc
Removing snapshot sha256:0ce761beee59082d6ed5bcebd3a805b8ddd9b3426b617e4809e7fb7c6587ffec
Removing snapshot sha256:1021ef88c7974bfff89c5a0ec4fd3160daac6c48a075f74cff721f85dd104e68
Removing snapshot sha256:10aba4953ddc18145dd38e3704709bc464aa20af60b56fe52caaff4b68411e62
Removing snapshot sha256:12fcdb97878a8124028dd759e7639b77bca16c0f46aabea18189ae25af2554ab
Removing snapshot sha256:2573e0d8158209ed54ab25c87bcdcb00bd3d2539246960a3d592a1c599d70465
Removing snapshot sha256:2cf610295c5ad34955031d3c41fb764bdfc745da0cf82abe41ac4639950ce550
Removing snapshot sha256:362a8a37f8bbc31925a8146adcf7cf51f9882f5c1dcbef67c5baa03a297543c0
Removing snapshot sha256:3fa4ad33f0ddc8fd45b39b6b4640f82a3a83619606cd975bfe89d8710ad2d4cd
Removing snapshot sha256:43a7c979bbaba6838bc3102d6b10a1459f3ab050b87ccdfef84ef90cf43d3058
Removing snapshot sha256:4ab04491cdf0d3267f08206fe30bd48f49f94b9cab2f016d6739220f722a64af
Removing snapshot sha256:4b6068250e89c96f263060261819c7d912855bfbd64b3eb4c4a8483299b8c295
Removing snapshot sha256:54760460dde328a0df5fb97426e3821ea3128f2a777231b6e8478cdaf84d50a9
Removing snapshot sha256:580e69a0a8034ede1921139bbd2bfb72a69ebf276d008281896c32dd8bf74775
Removing snapshot sha256:5ad32423e4b556ca23e4a282f00b6c28ba2ec8ad2b7822350a080868a3597d3e
Removing snapshot sha256:5d30ba46b27fe37484567ccc5242cadc78217b8da605f3f195ef25cbf7487904
Removing snapshot sha256:63ca1fbb43ae5034640e5e6cb3e083e05c290072c5366fcaa9d62435a4cced85
Removing snapshot sha256:67f702c6baae873bceb19487c8b1f27bd2b86077e4f2f0e480e6d60ab508b8f5
Removing snapshot sha256:6864348dd42806d552efdec384f1274be15e2d0c10ce44c1f04347af004c10a9
Removing snapshot sha256:6b6a1f10cca10ea08499c191fc025406a23858de44f58930b06dc6608ff034e5
Removing snapshot sha256:6c7dee8f2c39b84b7dc2711c01d33de93514d9055499173e9290176fbe484b6c
Removing snapshot sha256:7b2aa6aba803f974c0e42821c12d550dab643cfde5b2ae9d51d0ce8c21e36e85
Removing snapshot sha256:82753493a6d61ded36556292f02f31841a14c20d2f279f19eaad65afb661d5cd
Removing snapshot sha256:8a10d3db42c505ee0fcfa98417bdd7e39b304f6bcc0a06bb1b220797ff2cc63c
Removing snapshot sha256:a21e5b12dbac529ad45d976eb9ce45c881f3bedcc500fb30aba1e52aa1813418
Removing snapshot sha256:ac9d8330e75ede9975e85885d37fe1b8a235e1f1028f44c5e88adbf909d40d09
Removing snapshot sha256:b921e6c28969094157f9b8e7244677780319637afd14450b7cb6b2fdea558a0c
Removing snapshot sha256:bc27ecb5769a00e309cf99ebc763c4a4b958b618d1decc96ffac5bc05f02f5b7
Removing snapshot sha256:be3ccb6627a5332e309d45ef461d09b4879dd870c7394d89323d0ebc6ca6aa8a
Removing snapshot sha256:c261f7cbbc64211ee175ee47273acdb7b1a36a4450b397a064a8f2c026490095
Removing snapshot sha256:c34d9393647eea0c9e3557ab988efaf59f61d10a2a5613b439ef0958cca5ec10
Removing snapshot sha256:ccf3c4a0fa967a41c1c83497a2ce6fa5787965859df0adb32c4ca2cf7490bc2b
Removing snapshot sha256:cf92d33f869417309692088c341cd0f223c178ea78a125f757317b22aa8f90e9
Removing snapshot sha256:d0037344cf2fb078884f1849f6a1f8cf9a33a3b6139b6a85833e5ee528e1f9a8
Removing snapshot sha256:d3b36d5b79273b1e98e7700470eaeff05a882e777124d84cebcc1505b85ecb36
Removing snapshot sha256:d65a44a37914602d12c611e5e22a50f11451d847e63015cc1c2aef92dee777a4
Removing snapshot sha256:e2dc0bae2455930f23ae570e019b7f32edc75c0f2d71cab084db837ff9051796
Removing snapshot sha256:eccbd24a99c60cd9e86ee5305dbfc4a4dc89f5ab4fb1f06c8d64797cecedef34
Removing snapshot sha256:f144bb4c7c7f0d2aa7eeffd36d934ec40db1ee167be727e326aad9fdc616f475

2025-01-27 17:09:49,445 WARN c.h.helmcharts.AbstractHelmChartIT - Error during removal of snapshots:
ctr: failed to remove "sha256:026a712f86a389a5fd74927b58e3b9c46d97b4685244a93cf8afd5dd2d926256": cannot remove snapshot with child: failed precondition
ctr: failed to remove "sha256:03af251906410714c5aef9fa705b63f6bbc39c4a5e787de7361eeb18886c2ed2": cannot remove snapshot with child: failed precondition
ctr: failed to remove "sha256:04586d725303b4dcbc0cdc42a56e7852bc8859e90a3b42def5c29ab6c5b2378a": cannot remove snapshot with child: failed precondition
ctr: failed to remove "sha256:0c46b3b43cce082ce5ec34ffc6c294e0417d17b9d1e6f366d114b6aadc4f96dc": cannot remove snapshot with child: failed precondition
ctr: failed to remove "sha256:0ce761beee59082d6ed5bcebd3a805b8ddd9b3426b617e4809e7fb7c6587ffec": cannot remove snapshot with child: failed precondition
ctr: failed to remove "sha256:1021ef88c7974bfff89c5a0ec4fd3160daac6c48a075f74cff721f85dd104e68": cannot remove snapshot with child: failed precondition
ctr: failed to remove "sha256:10aba4953ddc18145dd38e3704709bc464aa20af60b56fe52caaff4b68411e62": cannot remove snapshot with child: failed precondition
ctr: failed to remove "sha256:12fcdb97878a8124028dd759e7639b77bca16c0f46aabea18189ae25af2554ab": cannot remove snapshot with child: failed precondition
ctr: failed to remove "sha256:2573e0d8158209ed54ab25c87bcdcb00bd3d2539246960a3d592a1c599d70465": cannot remove snapshot with child: failed precondition
ctr: failed to remove "sha256:362a8a37f8bbc31925a8146adcf7cf51f9882f5c1dcbef67c5baa03a297543c0": cannot remove snapshot with child: failed precondition
ctr: failed to remove "sha256:3fa4ad33f0ddc8fd45b39b6b4640f82a3a83619606cd975bfe89d8710ad2d4cd": cannot remove snapshot with child: failed precondition
ctr: failed to remove "sha256:43a7c979bbaba6838bc3102d6b10a1459f3ab050b87ccdfef84ef90cf43d3058": cannot remove snapshot with child: failed precondition
ctr: failed to remove "sha256:4ab04491cdf0d3267f08206fe30bd48f49f94b9cab2f016d6739220f722a64af": cannot remove snapshot with child: failed precondition
ctr: failed to remove "sha256:4b6068250e89c96f263060261819c7d912855bfbd64b3eb4c4a8483299b8c295": cannot remove snapshot with child: failed precondition
ctr: failed to remove "sha256:54760460dde328a0df5fb97426e3821ea3128f2a777231b6e8478cdaf84d50a9": cannot remove snapshot with child: failed precondition
ctr: failed to remove "sha256:580e69a0a8034ede1921139bbd2bfb72a69ebf276d008281896c32dd8bf74775": cannot remove snapshot with child: failed precondition
ctr: failed to remove "sha256:5ad32423e4b556ca23e4a282f00b6c28ba2ec8ad2b7822350a080868a3597d3e": cannot remove snapshot with child: failed precondition
ctr: failed to remove "sha256:5d30ba46b27fe37484567ccc5242cadc78217b8da605f3f195ef25cbf7487904": cannot remove snapshot with child: failed precondition
ctr: failed to remove "sha256:63ca1fbb43ae5034640e5e6cb3e083e05c290072c5366fcaa9d62435a4cced85": cannot remove snapshot with child: failed precondition
ctr: failed to remove "sha256:67f702c6baae873bceb19487c8b1f27bd2b86077e4f2f0e480e6d60ab508b8f5": cannot remove snapshot with child: failed precondition
ctr: failed to remove "sha256:6864348dd42806d552efdec384f1274be15e2d0c10ce44c1f04347af004c10a9": cannot remove snapshot with child: failed precondition
ctr: failed to remove "sha256:6c7dee8f2c39b84b7dc2711c01d33de93514d9055499173e9290176fbe484b6c": cannot remove snapshot with child: failed precondition
ctr: failed to remove "sha256:7b2aa6aba803f974c0e42821c12d550dab643cfde5b2ae9d51d0ce8c21e36e85": snapshot sha256:7b2aa6aba803f974c0e42821c12d550dab643cfde5b2ae9d51d0ce8c21e36e85 does not exist: not found
ctr: failed to remove "sha256:82753493a6d61ded36556292f02f31841a14c20d2f279f19eaad65afb661d5cd": cannot remove snapshot with child: failed precondition
ctr: failed to remove "sha256:8a10d3db42c505ee0fcfa98417bdd7e39b304f6bcc0a06bb1b220797ff2cc63c": cannot remove snapshot with child: failed precondition
ctr: failed to remove "sha256:a21e5b12dbac529ad45d976eb9ce45c881f3bedcc500fb30aba1e52aa1813418": cannot remove snapshot with child: failed precondition
ctr: failed to remove "sha256:b921e6c28969094157f9b8e7244677780319637afd14450b7cb6b2fdea558a0c": cannot remove snapshot with child: failed precondition
ctr: failed to remove "sha256:bc27ecb5769a00e309cf99ebc763c4a4b958b618d1decc96ffac5bc05f02f5b7": cannot remove snapshot with child: failed precondition
ctr: failed to remove "sha256:be3ccb6627a5332e309d45ef461d09b4879dd870c7394d89323d0ebc6ca6aa8a": cannot remove snapshot with child: failed precondition
ctr: failed to remove "sha256:c261f7cbbc64211ee175ee47273acdb7b1a36a4450b397a064a8f2c026490095": cannot remove snapshot with child: failed precondition
ctr: failed to remove "sha256:c34d9393647eea0c9e3557ab988efaf59f61d10a2a5613b439ef0958cca5ec10": cannot remove snapshot with child: failed precondition
ctr: failed to remove "sha256:ccf3c4a0fa967a41c1c83497a2ce6fa5787965859df0adb32c4ca2cf7490bc2b": cannot remove snapshot with child: failed precondition
ctr: failed to remove "sha256:cf92d33f869417309692088c341cd0f223c178ea78a125f757317b22aa8f90e9": cannot remove snapshot with child: failed precondition
ctr: failed to remove "sha256:d0037344cf2fb078884f1849f6a1f8cf9a33a3b6139b6a85833e5ee528e1f9a8": cannot remove snapshot with child: failed precondition
ctr: failed to remove "sha256:d3b36d5b79273b1e98e7700470eaeff05a882e777124d84cebcc1505b85ecb36": cannot remove snapshot with child: failed precondition
ctr: failed to remove "sha256:d65a44a37914602d12c611e5e22a50f11451d847e63015cc1c2aef92dee777a4": cannot remove snapshot with child: failed precondition
ctr: failed to remove "sha256:e2dc0bae2455930f23ae570e019b7f32edc75c0f2d71cab084db837ff9051796": cannot remove snapshot with child: failed precondition
ctr: failed to remove "sha256:eccbd24a99c60cd9e86ee5305dbfc4a4dc89f5ab4fb1f06c8d64797cecedef34": cannot remove snapshot with child: failed precondition
ctr: failed to remove "sha256:f144bb4c7c7f0d2aa7eeffd36d934ec40db1ee167be727e326aad9fdc616f475": cannot remove snapshot with child: failed precondition

]]></system-out>
  </testcase>
  <testcase name="platformChart_withCustomMetrics_thenMetricsAvailable()" classname="com.hivemq.helmcharts.services.HelmMetricsServiceIT" time="104.806">
    <system-out><![CDATA[2025-01-27 17:09:49,447 INFO c.h.h.t.HelmChartContainer - Creating namespace 'helmmetricsserviceit-operator'...
2025-01-27 17:09:49,452 INFO c.h.h.t.HelmChartContainer - Namespace 'helmmetricsserviceit-operator' created
2025-01-27 17:09:49,452 INFO c.h.h.t.HelmChartContainer - Creating namespace 'helmmetricsserviceit'...
2025-01-27 17:09:49,460 INFO c.h.h.t.HelmChartContainer - Namespace 'helmmetricsserviceit' created
2025-01-27 17:09:49,537 DEBUG c.h.h.t.HelmChartContainer - Executing helm command: /bin/helm --kubeconfig /etc/rancher/k3s/k3s.yaml install test-hivemq-platform-operator /charts/hivemq-platform-operator --wait --timeout 5m0s --set image.repository=docker.io/hivemq --set image.name=hivemq-platform-operator-test --set image.initImageName=hivemq-platform-operator-init-test --set image.tag=snapshot --set image.pullPolicy=Never --set logLevel=DEBUG --set resources.cpu=512m --namespace helmmetricsserviceit-operator
2025-01-27 17:09:49,926 INFO c.h.h.t.HelmChartContainer - [K3S] [alloc.go:330] "allocated clusterIPs" service="helmmetricsserviceit-operator/hivemq-platform-operator-test-hivemq-platform-operator" clusterIPs={"IPv4":"10.43.71.136"}
2025-01-27 17:09:49,950 INFO c.h.h.t.HelmChartContainer - [EVENT] Normal [ScalingReplicaSet] Scaled up replica set hivemq-test-hivemq-platform-operator-6966f96d65 from 0 to 1 [helmmetricsserviceit-operator:hivemq-test-hivemq-platform-operator]
2025-01-27 17:09:49,955 INFO c.h.h.t.HelmChartContainer - [POD] hivemq-test-hivemq-platform-operator-6966f96d65-zxz76 [ab126b21-eb78-4372-9202-072299cdf5c4] in helmmetricsserviceit-operator was ADDED
2025-01-27 17:09:49,962 INFO c.h.h.t.HelmChartContainer - [EVENT] Normal [SuccessfulCreate] Created pod: hivemq-test-hivemq-platform-operator-6966f96d65-zxz76 [helmmetricsserviceit-operator:hivemq-test-hivemq-platform-operator-6966f96d65]
2025-01-27 17:09:49,964 INFO c.h.h.t.HelmChartContainer - [K3S] [replica_set.go:679] "Finished syncing" kind="ReplicaSet" key="helmmetricsserviceit-operator/hivemq-test-hivemq-platform-operator-6966f96d65" duration="22.558481ms"
2025-01-27 17:09:49,964 INFO c.h.h.t.HelmChartContainer - [K3S] [memory_manager.go:355] "RemoveStaleState removing state" podUID="e9ec6ca6-ba69-41fb-85dd-95ffe2fab77a" containerName="hivemq-platform-operator"
2025-01-27 17:09:49,964 INFO c.h.h.t.HelmChartContainer - [K3S] [memory_manager.go:355] "RemoveStaleState removing state" podUID="7ae2d147-b49c-4060-aa8b-f109445aec57" containerName="hivemq"
2025-01-27 17:09:49,966 INFO c.h.h.t.HelmChartContainer - [POD] hivemq-test-hivemq-platform-operator-6966f96d65-zxz76 [ab126b21-eb78-4372-9202-072299cdf5c4] in helmmetricsserviceit-operator was MODIFIED
2025-01-27 17:09:49,973 INFO c.h.h.t.HelmChartContainer - [K3S] [replica_set.go:679] "Finished syncing" kind="ReplicaSet" key="helmmetricsserviceit-operator/hivemq-test-hivemq-platform-operator-6966f96d65" duration="9.952978ms"
2025-01-27 17:09:49,973 INFO c.h.h.t.HelmChartContainer - [EVENT] Normal [Scheduled] Successfully assigned helmmetricsserviceit-operator/hivemq-test-hivemq-platform-operator-6966f96d65-zxz76 to 9aface448084 [helmmetricsserviceit-operator:hivemq-test-hivemq-platform-operator-6966f96d65-zxz76]
2025-01-27 17:09:49,974 INFO c.h.h.t.HelmChartContainer - [K3S] [replica_set.go:679] "Finished syncing" kind="ReplicaSet" key="helmmetricsserviceit-operator/hivemq-test-hivemq-platform-operator-6966f96d65" duration="61.755µs"
2025-01-27 17:09:49,974 INFO c.h.h.t.HelmChartContainer - [K3S] [replica_set.go:679] "Finished syncing" kind="ReplicaSet" key="helmmetricsserviceit-operator/hivemq-test-hivemq-platform-operator-6966f96d65" duration="27.862µs"
2025-01-27 17:09:49,980 INFO c.h.h.t.HelmChartContainer - [K3S] [replica_set.go:679] "Finished syncing" kind="ReplicaSet" key="helmmetricsserviceit-operator/hivemq-test-hivemq-platform-operator-6966f96d65" duration="46.006µs"
2025-01-27 17:09:49,981 INFO c.h.h.t.HelmChartContainer - [POD] hivemq-test-hivemq-platform-operator-6966f96d65-zxz76 [ab126b21-eb78-4372-9202-072299cdf5c4] in helmmetricsserviceit-operator was MODIFIED
2025-01-27 17:09:50,027 INFO c.h.h.t.HelmChartContainer - [K3S] [reconciler_common.go:251] "operationExecutor.VerifyControllerAttachedVolume started for volume \"kube-api-access-c5rzb\" (UniqueName: \"kubernetes.io/projected/ab126b21-eb78-4372-9202-072299cdf5c4-kube-api-access-c5rzb\") pod \"hivemq-test-hivemq-platform-operator-6966f96d65-zxz76\" (UID: \"ab126b21-eb78-4372-9202-072299cdf5c4\") " pod="helmmetricsserviceit-operator/hivemq-test-hivemq-platform-operator-6966f96d65-zxz76"
2025-01-27 17:09:50,364 INFO c.h.h.t.HelmChartContainer - [EVENT] Normal [Pulled] Container image "docker.io/hivemq/hivemq-platform-operator-test:snapshot" already present on machine [helmmetricsserviceit-operator:hivemq-test-hivemq-platform-operator-6966f96d65-zxz76]
2025-01-27 17:09:50,365 INFO c.h.h.t.HelmChartContainer - Received Pulled event for container hivemq-platform-operator in pod hivemq-test-hivemq-platform-operator-6966f96d65-zxz76 [ab126b21-eb78-4372-9202-072299cdf5c4]
2025-01-27 17:09:51,610 INFO c.h.h.t.HelmChartContainer - [EVENT] Normal [Created] Created container: hivemq-platform-operator [helmmetricsserviceit-operator:hivemq-test-hivemq-platform-operator-6966f96d65-zxz76]
2025-01-27 17:09:51,610 INFO c.h.h.t.HelmChartContainer - Received Created event for container hivemq-platform-operator in pod hivemq-test-hivemq-platform-operator-6966f96d65-zxz76 [ab126b21-eb78-4372-9202-072299cdf5c4]
2025-01-27 17:09:52,127 INFO c.h.h.t.HelmChartContainer - [K3S] [replica_set.go:679] "Finished syncing" kind="ReplicaSet" key="helmmetricsserviceit-operator/hivemq-test-hivemq-platform-operator-6966f96d65" duration="63.809µs"
2025-01-27 17:09:52,130 INFO c.h.h.t.HelmChartContainer - [POD] hivemq-test-hivemq-platform-operator-6966f96d65-zxz76 [ab126b21-eb78-4372-9202-072299cdf5c4] in helmmetricsserviceit-operator was MODIFIED
2025-01-27 17:09:52,139 INFO c.h.h.t.HelmChartContainer - [EVENT] Normal [Started] Started container hivemq-platform-operator [helmmetricsserviceit-operator:hivemq-test-hivemq-platform-operator-6966f96d65-zxz76]
2025-01-27 17:09:52,139 INFO c.h.h.t.HelmChartContainer - Received Started event for container hivemq-platform-operator in pod hivemq-test-hivemq-platform-operator-6966f96d65-zxz76 [ab126b21-eb78-4372-9202-072299cdf5c4]
2025-01-27 17:09:52,139 INFO c.h.h.t.HelmChartContainer - Started log watcher for hivemq-platform-operator in pod hivemq-test-hivemq-platform-operator-6966f96d65-zxz76 [ab126b21-eb78-4372-9202-072299cdf5c4]
2025-01-27 17:09:52,140 INFO c.h.h.t.HelmChartContainer - [hivemq-test-hivemq-platform] [hivemq-platform-operator] [ab126b21] -------------------------------------------------------------------------
2025-01-27 17:09:52,140 INFO c.h.h.t.HelmChartContainer - [hivemq-test-hivemq-platform] [hivemq-platform-operator] [ab126b21] 
2025-01-27 17:09:52,140 INFO c.h.h.t.HelmChartContainer - [hivemq-test-hivemq-platform] [hivemq-platform-operator] [ab126b21]                   _    _  _              __  __   ____
2025-01-27 17:09:52,140 INFO c.h.h.t.HelmChartContainer - [hivemq-test-hivemq-platform] [hivemq-platform-operator] [ab126b21]                  | |  | |(_)            |  \/  | / __ \
2025-01-27 17:09:52,140 INFO c.h.h.t.HelmChartContainer - [hivemq-test-hivemq-platform] [hivemq-platform-operator] [ab126b21]                  | |__| | _ __   __ ___ | \  / || |  | |
2025-01-27 17:09:52,140 INFO c.h.h.t.HelmChartContainer - [hivemq-test-hivemq-platform] [hivemq-platform-operator] [ab126b21]                  |  __  || |\ \ / // _ \| |\/| || |  | |
2025-01-27 17:09:52,140 INFO c.h.h.t.HelmChartContainer - [hivemq-test-hivemq-platform] [hivemq-platform-operator] [ab126b21]                  | |  | || | \ V /|  __/| |  | || |__| |
2025-01-27 17:09:52,140 INFO c.h.h.t.HelmChartContainer - [hivemq-test-hivemq-platform] [hivemq-platform-operator] [ab126b21]                  |_|  |_||_|  \_/  \___||_|  |_| \___\_\
2025-01-27 17:09:52,140 INFO c.h.h.t.HelmChartContainer - [hivemq-test-hivemq-platform] [hivemq-platform-operator] [ab126b21] 
2025-01-27 17:09:52,140 INFO c.h.h.t.HelmChartContainer - [hivemq-test-hivemq-platform] [hivemq-platform-operator] [ab126b21] -------------------------------------------------------------------------
2025-01-27 17:09:52,140 INFO c.h.h.t.HelmChartContainer - [hivemq-test-hivemq-platform] [hivemq-platform-operator] [ab126b21] 
2025-01-27 17:09:52,140 INFO c.h.h.t.HelmChartContainer - [hivemq-test-hivemq-platform] [hivemq-platform-operator] [ab126b21]   HiveMQ Platform Operator Start Script v1.0
2025-01-27 17:09:52,140 INFO c.h.h.t.HelmChartContainer - [hivemq-test-hivemq-platform] [hivemq-platform-operator] [ab126b21] 
2025-01-27 17:09:52,141 INFO c.h.h.t.HelmChartContainer - [hivemq-test-hivemq-platform] [hivemq-platform-operator] [ab126b21] -------------------------------------------------------------------------
2025-01-27 17:09:52,141 INFO c.h.h.t.HelmChartContainer - [hivemq-test-hivemq-platform] [hivemq-platform-operator] [ab126b21] 
2025-01-27 17:09:52,141 INFO c.h.h.t.HelmChartContainer - [hivemq-test-hivemq-platform] [hivemq-platform-operator] [ab126b21]   JAVA_OPTS: -XX:+UnlockExperimentalVMOptions -XX:InitialRAMPercentage=75 -XX:MaxRAMPercentage=75 -Duser.language=en -Duser.region=US
2025-01-27 17:09:52,141 INFO c.h.h.t.HelmChartContainer - [hivemq-test-hivemq-platform] [hivemq-platform-operator] [ab126b21] 
2025-01-27 17:09:52,141 INFO c.h.h.t.HelmChartContainer - [hivemq-test-hivemq-platform] [hivemq-platform-operator] [ab126b21]   JAVA_VERSION: 21
2025-01-27 17:09:52,141 INFO c.h.h.t.HelmChartContainer - [hivemq-test-hivemq-platform] [hivemq-platform-operator] [ab126b21] 
2025-01-27 17:09:52,141 INFO c.h.h.t.HelmChartContainer - [hivemq-test-hivemq-platform] [hivemq-platform-operator] [ab126b21] -------------------------------------------------------------------------
2025-01-27 17:09:52,141 INFO c.h.h.t.HelmChartContainer - [hivemq-test-hivemq-platform] [hivemq-platform-operator] [ab126b21] 
2025-01-27 17:09:55,157 INFO c.h.h.t.HelmChartContainer - [hivemq-test-hivemq-platform] [hivemq-platform-operator] [ab126b21] 17:09:55.155 [main] DEBUG org.jboss.logging - Logging Provider: org.jboss.logging.Slf4jLoggerProvider
2025-01-27 17:09:55,279 INFO c.h.h.t.HelmChartContainer - [hivemq-test-hivemq-platform] [hivemq-platform-operator] [ab126b21] 17:09:55.277 [main] DEBUG io.smallrye.config - SRCFG01006: Loaded ConfigSource SysPropConfigSource with ordinal 400
2025-01-27 17:09:55,279 INFO c.h.h.t.HelmChartContainer - [hivemq-test-hivemq-platform] [hivemq-platform-operator] [ab126b21] 17:09:55.278 [main] DEBUG io.smallrye.config - SRCFG01006: Loaded ConfigSource EnvConfigSource with ordinal 300
2025-01-27 17:09:55,279 INFO c.h.h.t.HelmChartContainer - [hivemq-test-hivemq-platform] [hivemq-platform-operator] [ab126b21] 17:09:55.278 [main] DEBUG io.smallrye.config - SRCFG01006: Loaded ConfigSource PropertiesConfigSource[source=jar:file:///opt/hivemq-platform-operator/bin/hivemq-platform-operator.jar!/hivemq-platform-operator.properties] with ordinal 100
2025-01-27 17:09:55,279 INFO c.h.h.t.HelmChartContainer - [hivemq-test-hivemq-platform] [hivemq-platform-operator] [ab126b21] 17:09:55.278 [main] DEBUG io.smallrye.config - SRCFG01006: Loaded ConfigSource DefaultValuesConfigSource with ordinal -2147483648
2025-01-27 17:09:55,389 INFO c.h.h.t.HelmChartContainer - [hivemq-test-hivemq-platform] [hivemq-platform-operator] [ab126b21] 17:09:55.388 [main] DEBUG i.m.c.u.i.l.InternalLoggerFactory - Using SLF4J as the default logging framework
2025-01-27 17:09:55,549 INFO c.h.h.t.HelmChartContainer - [hivemq-test-hivemq-platform] [hivemq-platform-operator] [ab126b21] 17:09:55.540 [main] INFO  c.h.p.o.HiveMQPlatformOperatorApplication - HiveMQ Platform Operator 1.7.0-SNAPSHOT (commit: bebf408 on branch: HEAD) built on Sun Jan 26 20:47:47 UTC 2025
2025-01-27 17:09:55,550 INFO c.h.h.t.HelmChartContainer - [hivemq-test-hivemq-platform] [hivemq-platform-operator] [ab126b21] 17:09:55.548 [main] INFO  c.h.p.o.HiveMQPlatformOperatorApplication - HiveMQ Platform Operator is running in namespace: helmmetricsserviceit-operator
2025-01-27 17:09:55,550 INFO c.h.h.t.HelmChartContainer - [hivemq-test-hivemq-platform] [hivemq-platform-operator] [ab126b21] 17:09:55.549 [main] INFO  c.h.p.o.HiveMQPlatformOperatorApplication - Watching all namespaces
2025-01-27 17:09:55,550 INFO c.h.h.t.HelmChartContainer - [hivemq-test-hivemq-platform] [hivemq-platform-operator] [ab126b21] 17:09:55.549 [main] INFO  c.h.p.o.HiveMQPlatformOperatorApplication - Log level: DEBUG
2025-01-27 17:09:55,550 INFO c.h.h.t.HelmChartContainer - [hivemq-test-hivemq-platform] [hivemq-platform-operator] [ab126b21] 17:09:55.549 [main] INFO  c.h.p.o.HiveMQPlatformOperatorApplication - Release name: test-hivemq-platform-operator
2025-01-27 17:09:55,550 INFO c.h.h.t.HelmChartContainer - [hivemq-test-hivemq-platform] [hivemq-platform-operator] [ab126b21] 17:09:55.549 [main] INFO  c.h.p.o.HiveMQPlatformOperatorApplication - HiveMQ Platform Operator Init image: docker.io/hivemq/hivemq-platform-operator-init-test:snapshot
2025-01-27 17:09:55,550 INFO c.h.h.t.HelmChartContainer - [hivemq-test-hivemq-platform] [hivemq-platform-operator] [ab126b21] 17:09:55.549 [main] INFO  c.h.p.o.HiveMQPlatformOperatorApplication - HiveMQ Platform Operator Init App update URL: http://hivemq-platform-operator-test-hivemq-platform-operator.helmmetricsserviceit-operator.svc:8080/initAppUpdate/hivemq-platform-operator-init-app-1.7.0-SNAPSHOT.jar
2025-01-27 17:09:55,550 INFO c.h.h.t.HelmChartContainer - [hivemq-test-hivemq-platform] [hivemq-platform-operator] [ab126b21] 17:09:55.549 [main] INFO  c.h.p.o.HiveMQPlatformOperatorApplication - Additional imagePullSecret for all Platform deployments: none
2025-01-27 17:09:55,550 INFO c.h.h.t.HelmChartContainer - [hivemq-test-hivemq-platform] [hivemq-platform-operator] [ab126b21] 17:09:55.549 [main] INFO  c.h.p.o.HiveMQPlatformOperatorApplication - Apply HiveMQ Platform CRD: true
2025-01-27 17:09:55,550 INFO c.h.h.t.HelmChartContainer - [hivemq-test-hivemq-platform] [hivemq-platform-operator] [ab126b21] 17:09:55.549 [main] INFO  c.h.p.o.HiveMQPlatformOperatorApplication - Create Platform ServiceAccount: true
2025-01-27 17:09:55,550 INFO c.h.h.t.HelmChartContainer - [hivemq-test-hivemq-platform] [hivemq-platform-operator] [ab126b21] 17:09:55.549 [main] INFO  c.h.p.o.HiveMQPlatformOperatorApplication - Create Platform ServiceAccount permissions: true
2025-01-27 17:09:55,551 INFO c.h.h.t.HelmChartContainer - [hivemq-test-hivemq-platform] [hivemq-platform-operator] [ab126b21] 17:09:55.549 [main] INFO  c.h.p.o.HiveMQPlatformOperatorApplication - Validate Platform ServiceAccount: true
2025-01-27 17:09:55,551 INFO c.h.h.t.HelmChartContainer - [hivemq-test-hivemq-platform] [hivemq-platform-operator] [ab126b21] 17:09:55.549 [main] INFO  c.h.p.o.HiveMQPlatformOperatorApplication - Validate Platform ServiceAccount permissions: true
2025-01-27 17:09:55,668 INFO c.h.h.t.HelmChartContainer - [hivemq-test-hivemq-platform] [hivemq-platform-operator] [ab126b21] 17:09:55.667 [main] INFO  c.h.platform.operator.util.CRDUtil - Verifying deployed HiveMQ Platform CRD...
2025-01-27 17:09:58,243 INFO c.h.h.t.HelmChartContainer - [hivemq-test-hivemq-platform] [hivemq-platform-operator] [ab126b21] 17:09:58.242 [main] DEBUG c.h.platform.operator.util.CRDUtil - HiveMQ Platform CRD version v1 is up to date
2025-01-27 17:09:58,243 INFO c.h.h.t.HelmChartContainer - [hivemq-test-hivemq-platform] [hivemq-platform-operator] [ab126b21] 17:09:58.242 [main] INFO  c.h.platform.operator.util.CRDUtil - HiveMQ Platform CRD is up to date (version: V1_6_0)
2025-01-27 17:09:58,243 INFO c.h.h.t.HelmChartContainer - [hivemq-test-hivemq-platform] [hivemq-platform-operator] [ab126b21] 17:09:58.242 [main] INFO  c.h.platform.operator.util.CRDUtil - Waiting 10000 ms for HiveMQ Platform CRD 'hivemq-platforms.hivemq.com' to become ready...
2025-01-27 17:09:58,644 INFO c.h.h.t.HelmChartContainer - [hivemq-test-hivemq-platform] [hivemq-platform-operator] [ab126b21] 17:09:58.641 [vert.x-eventloop-thread-1] DEBUG c.h.platform.operator.util.CRDUtil - Checking CRD condition 'NamesAccepted' (status: 'True')
2025-01-27 17:09:58,644 INFO c.h.h.t.HelmChartContainer - [hivemq-test-hivemq-platform] [hivemq-platform-operator] [ab126b21] 17:09:58.642 [vert.x-eventloop-thread-1] DEBUG c.h.platform.operator.util.CRDUtil - Checking CRD condition 'Established' (status: 'True')
2025-01-27 17:09:58,645 INFO c.h.h.t.HelmChartContainer - [hivemq-test-hivemq-platform] [hivemq-platform-operator] [ab126b21] 17:09:58.642 [main] INFO  c.h.platform.operator.util.CRDUtil - HiveMQ Platform CRD 'hivemq-platforms.hivemq.com' is ready
2025-01-27 17:09:58,853 INFO c.h.h.t.HelmChartContainer - [hivemq-test-hivemq-platform] [hivemq-platform-operator] [ab126b21] 17:09:58.851 [main] INFO  c.h.p.o.HiveMQPlatformReconciler - HiveMQ Platform Operator is starting...
2025-01-27 17:09:58,953 INFO c.h.h.t.HelmChartContainer - [hivemq-test-hivemq-platform] [hivemq-platform-operator] [ab126b21] 17:09:58.952 [main] WARN  Default ConfigurationService implementation - Configuration for reconciler 'hivemq-controller' was not found. Known reconcilers: None.
2025-01-27 17:09:58,981 INFO c.h.h.t.HelmChartContainer - [hivemq-test-hivemq-platform] [hivemq-platform-operator] [ab126b21] 17:09:58.980 [main] INFO  Default ConfigurationService implementation - Created configuration for reconciler com.hivemq.platform.operator.HiveMQPlatformReconciler with name hivemq-controller
2025-01-27 17:09:59,145 INFO c.h.h.t.HelmChartContainer - [hivemq-test-hivemq-platform] [hivemq-platform-operator] [ab126b21] 17:09:59.144 [main] DEBUG c.h.p.o.HiveMQPlatformReconciler - HiveMQ Platform Operator is preparing EventSources
2025-01-27 17:09:59,177 INFO c.h.h.t.HelmChartContainer - [hivemq-test-hivemq-platform] [hivemq-platform-operator] [ab126b21] 17:09:59.176 [main] INFO  i.javaoperatorsdk.operator.Operator - Registered reconciler: 'hivemq-controller' for resource: 'class com.hivemq.platform.operator.v1.HiveMQPlatform' for namespace(s): [all namespaces]
2025-01-27 17:09:59,751 INFO c.h.h.t.HelmChartContainer - [hivemq-test-hivemq-platform] [hivemq-platform-operator] [ab126b21] 17:09:59.750 [main] INFO  c.h.p.operator.webserver.JettyServer - Starting Jetty server on port 8080
2025-01-27 17:09:59,846 INFO c.h.h.t.HelmChartContainer - [hivemq-test-hivemq-platform] [hivemq-platform-operator] [ab126b21] 17:09:59.845 [main] INFO  i.javaoperatorsdk.operator.Operator - Operator SDK 4.9.7 (commit: 2133d28) built on Wed Nov 20 12:56:20 UTC 2024 starting...
2025-01-27 17:09:59,846 INFO c.h.h.t.HelmChartContainer - [hivemq-test-hivemq-platform] [hivemq-platform-operator] [ab126b21] 17:09:59.845 [main] INFO  i.javaoperatorsdk.operator.Operator - Client version: 6.13.4
2025-01-27 17:09:59,847 INFO c.h.h.t.HelmChartContainer - [hivemq-test-hivemq-platform] [hivemq-platform-operator] [ab126b21] 17:09:59.847 [Controller Starter for: hivemq-controller] INFO  i.j.operator.processing.Controller - Starting 'hivemq-controller' controller for reconciler: com.hivemq.platform.operator.HiveMQPlatformReconciler, resource: com.hivemq.platform.operator.v1.HiveMQPlatform
2025-01-27 17:10:02,481 INFO c.h.h.t.HelmChartContainer - [hivemq-test-hivemq-platform] [hivemq-platform-operator] [ab126b21] 17:10:02.479 [Controller Starter for: hivemq-controller] INFO  i.j.operator.processing.Controller - 'hivemq-controller' controller started
2025-01-27 17:10:02,481 INFO c.h.h.t.HelmChartContainer - [hivemq-test-hivemq-platform] [hivemq-platform-operator] [ab126b21] 17:10:02.480 [main] INFO  c.h.p.o.HiveMQPlatformOperatorApplication - HiveMQ Platform Operator 1.7.0-SNAPSHOT started in 6939 ms
2025-01-27 17:10:03,134 INFO c.h.h.t.HelmChartContainer - [POD] hivemq-test-hivemq-platform-operator-6966f96d65-zxz76 [ab126b21-eb78-4372-9202-072299cdf5c4] in helmmetricsserviceit-operator was MODIFIED
2025-01-27 17:10:03,142 INFO c.h.h.t.HelmChartContainer - [K3S] [replica_set.go:679] "Finished syncing" kind="ReplicaSet" key="helmmetricsserviceit-operator/hivemq-test-hivemq-platform-operator-6966f96d65" duration="9.519778ms"
2025-01-27 17:10:03,146 INFO c.h.h.t.HelmChartContainer - [K3S] [replica_set.go:679] "Finished syncing" kind="ReplicaSet" key="helmmetricsserviceit-operator/hivemq-test-hivemq-platform-operator-6966f96d65" duration="35.106µs"
2025-01-27 17:10:04,066 DEBUG c.h.h.t.HelmChartContainer - Executing helm command: /bin/helm --kubeconfig /etc/rancher/k3s/k3s.yaml install test-hivemq-platform /charts/hivemq-platform --wait --timeout 5m0s --set image.repository=docker.io/hivemq --set image.tag=4.35.0 --set image.pullPolicy=Never --set nodes.resources.cpu=512m -f /files/metrics-values.yaml --namespace helmmetricsserviceit
2025-01-27 17:10:04,386 INFO c.h.h.t.HelmChartContainer - [hivemq-test-hivemq-platform] [hivemq-platform-operator] [ab126b21] 17:10:04.375 [-373097727-pool-1-thread-2] WARN  i.m.p.PrometheusMeterRegistry - The meter (MeterId{name='operator.sdk.events.received', tags=[tag(action=ADDED),tag(event=ResourceEvent),tag(group=hivemq.com),tag(kind=HiveMQPlatform),tag(name=test-hivemq-platform),tag(namespace=helmmetricsserviceit),tag(scope=namespace),tag(version=v1)]}) registration has failed: Prometheus requires that all meters with the same name have the same set of tag keys. There is already an existing meter named 'operator.sdk.events.received' containing tag keys [event, group, kind, name, namespace, scope, version]. The meter you are attempting to register has keys [action, event, group, kind, name, namespace, scope, version]. Note that subsequent logs will be logged at debug level.
2025-01-27 17:10:04,787 INFO c.h.h.t.HelmChartContainer - [hivemq-test-hivemq-platform] [hivemq-platform-operator] [ab126b21] 17:10:04.785 [pool-6-thread-3] DEBUG c.h.p.o.dependants.PodInfoConfigMap - [helmmetr] Desired PodInfo ConfigMap (1 extensions) (1 enabled)
2025-01-27 17:10:04,787 INFO c.h.h.t.HelmChartContainer - [hivemq-test-hivemq-platform] [hivemq-platform-operator] [ab126b21] 17:10:04.786 [pool-6-thread-3] DEBUG c.h.p.o.dependants.PodInfoConfigMap - [helmmetr] Desired PodInfo ConfigMap (metrics port: 9499) (metrics path: /metrics)
2025-01-27 17:10:04,787 INFO c.h.h.t.HelmChartContainer - [hivemq-test-hivemq-platform] [hivemq-platform-operator] [ab126b21] 17:10:04.786 [pool-6-thread-3] DEBUG c.h.p.o.dependants.PodInfoConfigMap - [helmmetr] Desired PodInfo ConfigMap (extension state hash: 1243513115)
2025-01-27 17:10:04,842 INFO c.h.h.t.HelmChartContainer - [hivemq-test-hivemq-platform] [hivemq-platform-operator] [ab126b21] 17:10:04.841 [pool-6-thread-3] DEBUG c.h.p.o.dependants.PodInfoConfigMap - [helmmetr] Create PodInfo ConfigMap
2025-01-27 17:10:04,982 INFO c.h.h.t.HelmChartContainer - [hivemq-test-hivemq-platform] [hivemq-platform-operator] [ab126b21] 17:10:04.976 [pool-6-thread-5] DEBUG c.h.p.o.dependants.PodRoleResource - [helmmetr] Create Role: Role(apiVersion=rbac.authorization.k8s.io/v1, kind=Role, metadata=ObjectMeta(annotations={meta.helm.sh/release-name=test-hivemq-platform, meta.helm.sh/release-namespace=helmmetricsserviceit}, creationTimestamp=null, deletionGracePeriodSeconds=null, deletionTimestamp=null, finalizers=[], generateName=null, generation=null, labels={helm.sh/chart=hivemq-platform-0.2.31, app.kubernetes.io/managed-by=Helm, app.kubernetes.io/name=hivemq-platform, hivemq-platform=test-hivemq-platform, app.kubernetes.io/instance=test-hivemq-platform, app.kubernetes.io/version=4.35.0}, managedFields=[], name=hivemq-platform-role-test-hivemq-platform, namespace=helmmetricsserviceit, ownerReferences=[OwnerReference(apiVersion=hivemq.com/v1, blockOwnerDeletion=null, controller=null, kind=HiveMQPlatform, name=test-hivemq-platform, uid=62cafd4a-e5fe-4d5c-b002-7cfa9e24eec8, additionalProperties={})], resourceVersion=null, selfLink=null, uid=null, additionalProperties={}), rules=[PolicyRule(apiGroups=[], nonResourceURLs=[], resourceNames=[], resources=[pods], verbs=[get, patch, update], additionalProperties={})], additionalProperties={})
2025-01-27 17:10:05,079 INFO c.h.h.t.HelmChartContainer - [hivemq-test-hivemq-platform] [hivemq-platform-operator] [ab126b21] 17:10:05.075 [pool-6-thread-7] DEBUG c.h.p.o.d.PodServiceAccountResource - [helmmetr] Desired PodServiceAccountResource (serviceAccountName: hivemq-platform-pod-test-hivemq-platform)
2025-01-27 17:10:05,079 INFO c.h.h.t.HelmChartContainer - [hivemq-test-hivemq-platform] [hivemq-platform-operator] [ab126b21] 17:10:05.075 [pool-6-thread-7] DEBUG c.h.p.o.d.PodServiceAccountResource - [helmmetr] Create ServiceAccount 'hivemq-platform-pod-test-hivemq-platform'
2025-01-27 17:10:05,276 INFO c.h.h.t.HelmChartContainer - [hivemq-test-hivemq-platform] [hivemq-platform-operator] [ab126b21] 17:10:05.275 [pool-6-thread-10] DEBUG c.h.p.o.d.PodRoleBindingResource - [helmmetr] Create RoleBinding: RoleBinding(apiVersion=rbac.authorization.k8s.io/v1, kind=RoleBinding, metadata=ObjectMeta(annotations={meta.helm.sh/release-name=test-hivemq-platform, meta.helm.sh/release-namespace=helmmetricsserviceit}, creationTimestamp=null, deletionGracePeriodSeconds=null, deletionTimestamp=null, finalizers=[], generateName=null, generation=null, labels={helm.sh/chart=hivemq-platform-0.2.31, app.kubernetes.io/managed-by=Helm, app.kubernetes.io/name=hivemq-platform, hivemq-platform=test-hivemq-platform, app.kubernetes.io/instance=test-hivemq-platform, app.kubernetes.io/version=4.35.0}, managedFields=[], name=hivemq-platform-role-binding-test-hivemq-platform, namespace=helmmetricsserviceit, ownerReferences=[OwnerReference(apiVersion=hivemq.com/v1, blockOwnerDeletion=null, controller=null, kind=HiveMQPlatform, name=test-hivemq-platform, uid=62cafd4a-e5fe-4d5c-b002-7cfa9e24eec8, additionalProperties={})], resourceVersion=null, selfLink=null, uid=null, additionalProperties={}), roleRef=RoleRef(apiGroup=rbac.authorization.k8s.io, kind=Role, name=hivemq-platform-role-test-hivemq-platform, additionalProperties={}), subjects=[Subject(apiGroup=null, kind=ServiceAccount, name=hivemq-platform-pod-test-hivemq-platform, namespace=helmmetricsserviceit, additionalProperties={})], additionalProperties={})
2025-01-27 17:10:05,295 INFO c.h.h.t.HelmChartContainer - [hivemq-test-hivemq-platform] [hivemq-platform-operator] [ab126b21] 17:10:05.294 [ReconcilerExecutor-hivemq-controller-54] INFO  c.h.p.o.HiveMQPlatformReconciler - [helmmetr] Reconciling HiveMQ Platform 'test-hivemq-platform' in namespace 'helmmetricsserviceit'
2025-01-27 17:10:05,295 INFO c.h.h.t.HelmChartContainer - [hivemq-test-hivemq-platform] [hivemq-platform-operator] [ab126b21] 17:10:05.294 [ReconcilerExecutor-hivemq-controller-54] DEBUG c.h.p.o.HiveMQPlatformReconciler - [helmmetr] Custom Resource Status CREATED - HiveMQ Platform was created (READY)
2025-01-27 17:10:05,295 INFO c.h.h.t.HelmChartContainer - [hivemq-test-hivemq-platform] [hivemq-platform-operator] [ab126b21] 17:10:05.294 [ReconcilerExecutor-hivemq-controller-54] DEBUG c.h.p.o.HiveMQPlatformReconciler - [helmmetr] Custom Resource Spec (replicas: 1) (extensions: 1)
2025-01-27 17:10:05,300 INFO c.h.h.t.HelmChartContainer - [hivemq-test-hivemq-platform] [hivemq-platform-operator] [ab126b21] 17:10:05.298 [ReconcilerExecutor-hivemq-controller-54] INFO  c.h.p.o.h.HiveMQPlatformReconcilerBaseHandler - [helmmetr] HiveMQ Platform is starting
2025-01-27 17:10:05,393 INFO c.h.h.t.HelmChartContainer - [hivemq-test-hivemq-platform] [hivemq-platform-operator] [ab126b21] 17:10:05.392 [ReconcilerExecutor-hivemq-controller-54] DEBUG c.h.p.operator.event.EventSender - [helmmetr] Creating K8s event hivemq-platform-starting: [Start] HiveMQ Platform is starting
2025-01-27 17:10:05,479 INFO c.h.h.t.HelmChartContainer - [EVENT] Normal [Start] HiveMQ Platform is starting [helmmetricsserviceit:test-hivemq-platform]
2025-01-27 17:10:05,485 INFO c.h.h.t.HelmChartContainer - [hivemq-test-hivemq-platform] [hivemq-platform-operator] [ab126b21] 17:10:05.483 [ReconcilerExecutor-hivemq-controller-54] INFO  c.h.p.o.h.AbstractHiveMQReconcilerStateHandler - [helmmetr] Update HiveMQ Platform Status (CREATED [READY] -> STARTING [READY]): HiveMQ Platform is starting
2025-01-27 17:10:05,555 DEBUG com.hivemq.helmcharts.util.K8sUtil - Comparing actual state 'STARTING' and waiting for 'RUNNING'
2025-01-27 17:10:15,583 INFO c.h.h.t.HelmChartContainer - [hivemq-test-hivemq-platform] [hivemq-platform-operator] [ab126b21] 17:10:15.581 [pool-6-thread-12] DEBUG c.h.p.o.d.PlatformServiceResource - [helmmetr] Desired Platform services (2 services)
2025-01-27 17:10:15,584 INFO c.h.h.t.HelmChartContainer - [hivemq-test-hivemq-platform] [hivemq-platform-operator] [ab126b21] 17:10:15.582 [pool-6-thread-13] DEBUG c.h.p.o.dependants.PodInfoConfigMap - [helmmetr] Desired PodInfo ConfigMap (1 extensions) (1 enabled)
2025-01-27 17:10:15,584 INFO c.h.h.t.HelmChartContainer - [hivemq-test-hivemq-platform] [hivemq-platform-operator] [ab126b21] 17:10:15.583 [pool-6-thread-13] DEBUG c.h.p.o.dependants.PodInfoConfigMap - [helmmetr] Desired PodInfo ConfigMap (metrics port: 9499) (metrics path: /metrics)
2025-01-27 17:10:15,584 INFO c.h.h.t.HelmChartContainer - [hivemq-test-hivemq-platform] [hivemq-platform-operator] [ab126b21] 17:10:15.583 [pool-6-thread-13] DEBUG c.h.p.o.dependants.PodInfoConfigMap - [helmmetr] Desired PodInfo ConfigMap (extension state hash: 1243513115)
2025-01-27 17:10:15,589 INFO c.h.h.t.HelmChartContainer - [hivemq-test-hivemq-platform] [hivemq-platform-operator] [ab126b21] 17:10:15.588 [pool-6-thread-13] DEBUG c.h.p.o.dependants.PodInfoConfigMap - [helmmetr] Update PodInfo ConfigMap
2025-01-27 17:10:15,592 INFO c.h.h.t.HelmChartContainer - [hivemq-test-hivemq-platform] [hivemq-platform-operator] [ab126b21] 17:10:15.588 [pool-6-thread-17] DEBUG c.h.p.o.d.PodServiceAccountResource - [helmmetr] Desired PodServiceAccountResource (serviceAccountName: hivemq-platform-pod-test-hivemq-platform)
2025-01-27 17:10:15,599 INFO c.h.h.t.HelmChartContainer - [K3S] [alloc.go:330] "allocated clusterIPs" service="helmmetricsserviceit/hivemq-test-hivemq-platform-mqtt-1883" clusterIPs={"IPv4":"10.43.146.61"}
2025-01-27 17:10:15,686 INFO c.h.h.t.HelmChartContainer - [K3S] [alloc.go:330] "allocated clusterIPs" service="helmmetricsserviceit/hivemq-test-hivemq-platform-metrics-9499" clusterIPs={"IPv4":"10.43.62.218"}
2025-01-27 17:10:15,741 INFO c.h.h.t.HelmChartContainer - [hivemq-test-hivemq-platform] [hivemq-platform-operator] [ab126b21] 17:10:15.740 [pool-6-thread-20] DEBUG c.h.p.o.d.StatefulSetResource - [helmmetr] Desired StatefulSet (1 replicas) for status STARTING (READY)
2025-01-27 17:10:15,786 INFO c.h.h.t.HelmChartContainer - [hivemq-test-hivemq-platform] [hivemq-platform-operator] [ab126b21] 17:10:15.784 [pool-6-thread-20] DEBUG c.h.p.o.d.StatefulSetResource - [helmmetr] Create StatefulSet
2025-01-27 17:10:15,885 INFO c.h.h.t.HelmChartContainer - [hivemq-test-hivemq-platform] [hivemq-platform-operator] [ab126b21] 17:10:15.884 [ReconcilerExecutor-hivemq-controller-65] INFO  c.h.p.o.HiveMQPlatformReconciler - [helmmetr] Reconciling HiveMQ Platform 'test-hivemq-platform' in namespace 'helmmetricsserviceit'
2025-01-27 17:10:15,888 INFO c.h.h.t.HelmChartContainer - [hivemq-test-hivemq-platform] [hivemq-platform-operator] [ab126b21] 17:10:15.884 [ReconcilerExecutor-hivemq-controller-65] DEBUG c.h.p.o.HiveMQPlatformReconciler - [helmmetr] Custom Resource Status STARTING - HiveMQ Platform is starting (READY)
2025-01-27 17:10:15,888 INFO c.h.h.t.HelmChartContainer - [hivemq-test-hivemq-platform] [hivemq-platform-operator] [ab126b21] 17:10:15.884 [ReconcilerExecutor-hivemq-controller-65] DEBUG c.h.p.o.HiveMQPlatformReconciler - [helmmetr] Custom Resource Spec (replicas: 1) (extensions: 1)
2025-01-27 17:10:15,889 INFO c.h.h.t.HelmChartContainer - [hivemq-test-hivemq-platform] [hivemq-platform-operator] [ab126b21] 17:10:15.888 [ReconcilerExecutor-hivemq-controller-65] DEBUG c.h.p.o.HiveMQPlatformReconciler - [helmmetr] StatefulSet Status (revision: null, replicas: 0, available: 0, ready: 0, current: 0, updated: 0)
2025-01-27 17:10:15,890 INFO c.h.h.t.HelmChartContainer - [hivemq-test-hivemq-platform] [hivemq-platform-operator] [ab126b21] 17:10:15.888 [ReconcilerExecutor-hivemq-controller-65] DEBUG c.h.p.o.HiveMQPlatformReconciler - [helmmetr] StatefulSet Spec (replicas: 1, init containers: 1, containers: 1, volumes: 3)
2025-01-27 17:10:15,899 INFO c.h.h.t.HelmChartContainer - [hivemq-test-hivemq-platform] [hivemq-platform-operator] [ab126b21] 17:10:15.893 [ReconcilerExecutor-hivemq-controller-65] INFO  c.h.p.o.h.HiveMQPlatformReconcilerBaseHandler - [helmmetr] HiveMQ Platform is starting, 0 of 1 replicas are ready
2025-01-27 17:10:15,899 INFO c.h.h.t.HelmChartContainer - [POD] test-hivemq-platform-0 [657d3142-fcba-4d24-b151-23bb6e92132a] in helmmetricsserviceit was ADDED
2025-01-27 17:10:15,907 INFO c.h.h.t.HelmChartContainer - [EVENT] Normal [SuccessfulCreate] create Pod test-hivemq-platform-0 in StatefulSet test-hivemq-platform successful [helmmetricsserviceit:test-hivemq-platform]
2025-01-27 17:10:15,907 INFO c.h.h.t.HelmChartContainer - [EVENT] Normal [Scheduled] Successfully assigned helmmetricsserviceit/test-hivemq-platform-0 to 9aface448084 [helmmetricsserviceit:test-hivemq-platform-0]
2025-01-27 17:10:15,908 INFO c.h.h.t.HelmChartContainer - [POD] test-hivemq-platform-0 [657d3142-fcba-4d24-b151-23bb6e92132a] in helmmetricsserviceit was MODIFIED
2025-01-27 17:10:15,915 INFO c.h.h.t.HelmChartContainer - [POD] test-hivemq-platform-0 [657d3142-fcba-4d24-b151-23bb6e92132a] in helmmetricsserviceit was MODIFIED
2025-01-27 17:10:15,981 INFO c.h.h.t.HelmChartContainer - [K3S] [reconciler_common.go:251] "operationExecutor.VerifyControllerAttachedVolume started for volume \"kube-api-access-x596l\" (UniqueName: \"kubernetes.io/projected/657d3142-fcba-4d24-b151-23bb6e92132a-kube-api-access-x596l\") pod \"test-hivemq-platform-0\" (UID: \"657d3142-fcba-4d24-b151-23bb6e92132a\") " pod="helmmetricsserviceit/test-hivemq-platform-0"
2025-01-27 17:10:15,981 INFO c.h.h.t.HelmChartContainer - [K3S] [reconciler_common.go:251] "operationExecutor.VerifyControllerAttachedVolume started for volume \"broker-configuration\" (UniqueName: \"kubernetes.io/configmap/657d3142-fcba-4d24-b151-23bb6e92132a-broker-configuration\") pod \"test-hivemq-platform-0\" (UID: \"657d3142-fcba-4d24-b151-23bb6e92132a\") " pod="helmmetricsserviceit/test-hivemq-platform-0"
2025-01-27 17:10:15,981 INFO c.h.h.t.HelmChartContainer - [K3S] [reconciler_common.go:251] "operationExecutor.VerifyControllerAttachedVolume started for volume \"pod-info\" (UniqueName: \"kubernetes.io/configmap/657d3142-fcba-4d24-b151-23bb6e92132a-pod-info\") pod \"test-hivemq-platform-0\" (UID: \"657d3142-fcba-4d24-b151-23bb6e92132a\") " pod="helmmetricsserviceit/test-hivemq-platform-0"
2025-01-27 17:10:15,982 INFO c.h.h.t.HelmChartContainer - [hivemq-test-hivemq-platform] [hivemq-platform-operator] [ab126b21] 17:10:15.981 [pool-6-thread-22] DEBUG c.h.p.o.d.PlatformServiceResource - [helmmetr] Desired Platform services (2 services)
2025-01-27 17:10:15,982 INFO c.h.h.t.HelmChartContainer - [K3S] [reconciler_common.go:251] "operationExecutor.VerifyControllerAttachedVolume started for volume \"operator-init\" (UniqueName: \"kubernetes.io/empty-dir/657d3142-fcba-4d24-b151-23bb6e92132a-operator-init\") pod \"test-hivemq-platform-0\" (UID: \"657d3142-fcba-4d24-b151-23bb6e92132a\") " pod="helmmetricsserviceit/test-hivemq-platform-0"
2025-01-27 17:10:15,986 INFO c.h.h.t.HelmChartContainer - [hivemq-test-hivemq-platform] [hivemq-platform-operator] [ab126b21] 17:10:15.985 [pool-6-thread-23] DEBUG c.h.p.o.dependants.PodInfoConfigMap - [helmmetr] Desired PodInfo ConfigMap (1 extensions) (1 enabled)
2025-01-27 17:10:15,987 INFO c.h.h.t.HelmChartContainer - [hivemq-test-hivemq-platform] [hivemq-platform-operator] [ab126b21] 17:10:15.986 [pool-6-thread-23] DEBUG c.h.p.o.dependants.PodInfoConfigMap - [helmmetr] Desired PodInfo ConfigMap (metrics port: 9499) (metrics path: /metrics)
2025-01-27 17:10:15,988 INFO c.h.h.t.HelmChartContainer - [hivemq-test-hivemq-platform] [hivemq-platform-operator] [ab126b21] 17:10:15.987 [pool-6-thread-23] DEBUG c.h.p.o.dependants.PodInfoConfigMap - [helmmetr] Desired PodInfo ConfigMap (extension state hash: 1243513115)
2025-01-27 17:10:16,078 INFO c.h.h.t.HelmChartContainer - [hivemq-test-hivemq-platform] [hivemq-platform-operator] [ab126b21] 17:10:16.076 [pool-6-thread-27] DEBUG c.h.p.o.d.PodServiceAccountResource - [helmmetr] Desired PodServiceAccountResource (serviceAccountName: hivemq-platform-pod-test-hivemq-platform)
2025-01-27 17:10:16,089 INFO c.h.h.t.HelmChartContainer - [hivemq-test-hivemq-platform] [hivemq-platform-operator] [ab126b21] 17:10:16.089 [pool-6-thread-30] DEBUG c.h.p.o.d.StatefulSetResource - [helmmetr] Desired StatefulSet (1 replicas) for status STARTING (READY)
2025-01-27 17:10:16,179 INFO c.h.h.t.HelmChartContainer - [hivemq-test-hivemq-platform] [hivemq-platform-operator] [ab126b21] 17:10:16.177 [ReconcilerExecutor-hivemq-controller-76] INFO  c.h.p.o.HiveMQPlatformReconciler - [helmmetr] Reconciling HiveMQ Platform 'test-hivemq-platform' in namespace 'helmmetricsserviceit'
2025-01-27 17:10:16,179 INFO c.h.h.t.HelmChartContainer - [hivemq-test-hivemq-platform] [hivemq-platform-operator] [ab126b21] 17:10:16.177 [ReconcilerExecutor-hivemq-controller-76] DEBUG c.h.p.o.HiveMQPlatformReconciler - [helmmetr] Custom Resource Status STARTING - HiveMQ Platform is starting (READY)
2025-01-27 17:10:16,179 INFO c.h.h.t.HelmChartContainer - [hivemq-test-hivemq-platform] [hivemq-platform-operator] [ab126b21] 17:10:16.177 [ReconcilerExecutor-hivemq-controller-76] DEBUG c.h.p.o.HiveMQPlatformReconciler - [helmmetr] Custom Resource Spec (replicas: 1) (extensions: 1)
2025-01-27 17:10:16,181 INFO c.h.h.t.HelmChartContainer - [hivemq-test-hivemq-platform] [hivemq-platform-operator] [ab126b21] 17:10:16.180 [ReconcilerExecutor-hivemq-controller-76] DEBUG c.h.p.o.HiveMQPlatformReconciler - [helmmetr] StatefulSet Status (revision: test-hivemq-platform-67f95cd95b, replicas: 1, available: 0, ready: 0, current: 1, updated: 1)
2025-01-27 17:10:16,181 INFO c.h.h.t.HelmChartContainer - [hivemq-test-hivemq-platform] [hivemq-platform-operator] [ab126b21] 17:10:16.180 [ReconcilerExecutor-hivemq-controller-76] DEBUG c.h.p.o.HiveMQPlatformReconciler - [helmmetr] StatefulSet Spec (replicas: 1, init containers: 1, containers: 1, volumes: 3)
2025-01-27 17:10:16,277 INFO c.h.h.t.HelmChartContainer - [hivemq-test-hivemq-platform] [hivemq-platform-operator] [ab126b21] 17:10:16.275 [ReconcilerExecutor-hivemq-controller-76] DEBUG c.h.p.o.h.HiveMQPlatformReconcilerErrorHandler - [helmmetr] Pod 'test-hivemq-platform-0' phase Pending
2025-01-27 17:10:16,282 INFO c.h.h.t.HelmChartContainer - [hivemq-test-hivemq-platform] [hivemq-platform-operator] [ab126b21] 17:10:16.279 [ReconcilerExecutor-hivemq-controller-76] DEBUG c.h.p.o.h.HiveMQPlatformReconcilerErrorHandler - [helmmetr] Pod 'test-hivemq-platform-0' condition 'PodReadyToStartContainers': False
2025-01-27 17:10:16,283 INFO c.h.h.t.HelmChartContainer - [hivemq-test-hivemq-platform] [hivemq-platform-operator] [ab126b21] 17:10:16.280 [ReconcilerExecutor-hivemq-controller-76] DEBUG c.h.p.o.h.HiveMQPlatformReconcilerErrorHandler - [helmmetr] Pod 'test-hivemq-platform-0' condition 'Initialized': False
2025-01-27 17:10:16,283 INFO c.h.h.t.HelmChartContainer - [hivemq-test-hivemq-platform] [hivemq-platform-operator] [ab126b21] 17:10:16.280 [ReconcilerExecutor-hivemq-controller-76] DEBUG c.h.p.o.h.HiveMQPlatformReconcilerErrorHandler - [helmmetr] Pod 'test-hivemq-platform-0' condition 'Ready': False
2025-01-27 17:10:16,283 INFO c.h.h.t.HelmChartContainer - [hivemq-test-hivemq-platform] [hivemq-platform-operator] [ab126b21] 17:10:16.280 [ReconcilerExecutor-hivemq-controller-76] DEBUG c.h.p.o.h.HiveMQPlatformReconcilerErrorHandler - [helmmetr] Pod 'test-hivemq-platform-0' condition 'ContainersReady': False
2025-01-27 17:10:16,283 INFO c.h.h.t.HelmChartContainer - [hivemq-test-hivemq-platform] [hivemq-platform-operator] [ab126b21] 17:10:16.280 [ReconcilerExecutor-hivemq-controller-76] DEBUG c.h.p.o.h.HiveMQPlatformReconcilerErrorHandler - [helmmetr] Pod 'test-hivemq-platform-0' condition 'PodScheduled': True
2025-01-27 17:10:16,283 INFO c.h.h.t.HelmChartContainer - [hivemq-test-hivemq-platform] [hivemq-platform-operator] [ab126b21] 17:10:16.280 [ReconcilerExecutor-hivemq-controller-76] DEBUG c.h.p.o.h.HiveMQPlatformReconcilerErrorHandler - [helmmetr] Pod 'test-hivemq-platform-0' containerStatus 'hivemq' (started: false) (ready: false) (waiting: [PodInitializing] null)
2025-01-27 17:10:16,289 INFO c.h.h.t.HelmChartContainer - [hivemq-test-hivemq-platform] [hivemq-platform-operator] [ab126b21] 17:10:16.288 [ReconcilerExecutor-hivemq-controller-76] INFO  c.h.p.o.h.HiveMQPlatformReconcilerBaseHandler - [helmmetr] HiveMQ Platform is starting, 0 of 1 replicas are ready
2025-01-27 17:10:16,310 INFO c.h.h.t.HelmChartContainer - [EVENT] Normal [Pulled] Container image "docker.io/hivemq/hivemq-platform-operator-init-test:snapshot" already present on machine [helmmetricsserviceit:test-hivemq-platform-0]
2025-01-27 17:10:16,379 INFO c.h.h.t.HelmChartContainer - [hivemq-test-hivemq-platform] [hivemq-platform-operator] [ab126b21] 17:10:16.375 [pool-6-thread-32] DEBUG c.h.p.o.d.PlatformServiceResource - [helmmetr] Desired Platform services (2 services)
2025-01-27 17:10:16,380 INFO c.h.h.t.HelmChartContainer - [hivemq-test-hivemq-platform] [hivemq-platform-operator] [ab126b21] 17:10:16.377 [pool-6-thread-33] DEBUG c.h.p.o.dependants.PodInfoConfigMap - [helmmetr] Desired PodInfo ConfigMap (1 extensions) (1 enabled)
2025-01-27 17:10:16,380 INFO c.h.h.t.HelmChartContainer - [hivemq-test-hivemq-platform] [hivemq-platform-operator] [ab126b21] 17:10:16.377 [pool-6-thread-33] DEBUG c.h.p.o.dependants.PodInfoConfigMap - [helmmetr] Desired PodInfo ConfigMap (metrics port: 9499) (metrics path: /metrics)
2025-01-27 17:10:16,380 INFO c.h.h.t.HelmChartContainer - [hivemq-test-hivemq-platform] [hivemq-platform-operator] [ab126b21] 17:10:16.377 [pool-6-thread-33] DEBUG c.h.p.o.dependants.PodInfoConfigMap - [helmmetr] Desired PodInfo ConfigMap (extension state hash: 1243513115)
2025-01-27 17:10:16,383 INFO c.h.h.t.HelmChartContainer - [hivemq-test-hivemq-platform] [hivemq-platform-operator] [ab126b21] 17:10:16.382 [pool-6-thread-37] DEBUG c.h.p.o.d.PodServiceAccountResource - [helmmetr] Desired PodServiceAccountResource (serviceAccountName: hivemq-platform-pod-test-hivemq-platform)
2025-01-27 17:10:16,387 INFO c.h.h.t.HelmChartContainer - [hivemq-test-hivemq-platform] [hivemq-platform-operator] [ab126b21] 17:10:16.386 [pool-6-thread-39] DEBUG c.h.p.o.d.StatefulSetResource - [helmmetr] Desired StatefulSet (1 replicas) for status STARTING (READY)
2025-01-27 17:10:16,392 INFO c.h.h.t.HelmChartContainer - [hivemq-test-hivemq-platform] [hivemq-platform-operator] [ab126b21] 17:10:16.391 [ReconcilerExecutor-hivemq-controller-87] INFO  c.h.p.o.HiveMQPlatformReconciler - [helmmetr] Reconciling HiveMQ Platform 'test-hivemq-platform' in namespace 'helmmetricsserviceit'
2025-01-27 17:10:16,393 INFO c.h.h.t.HelmChartContainer - [hivemq-test-hivemq-platform] [hivemq-platform-operator] [ab126b21] 17:10:16.391 [ReconcilerExecutor-hivemq-controller-87] DEBUG c.h.p.o.HiveMQPlatformReconciler - [helmmetr] Custom Resource Status STARTING - HiveMQ Platform is starting (READY)
2025-01-27 17:10:16,429 INFO c.h.h.t.HelmChartContainer - [EVENT] Normal [Created] Created container: hivemq-platform-operator-init [helmmetricsserviceit:test-hivemq-platform-0]
2025-01-27 17:10:16,443 INFO c.h.h.t.HelmChartContainer - [hivemq-test-hivemq-platform] [hivemq-platform-operator] [ab126b21] 17:10:16.391 [ReconcilerExecutor-hivemq-controller-87] DEBUG c.h.p.o.HiveMQPlatformReconciler - [helmmetr] Custom Resource Spec (replicas: 1) (extensions: 1)
2025-01-27 17:10:16,469 INFO c.h.h.t.HelmChartContainer - [EVENT] Normal [Started] Started container hivemq-platform-operator-init [helmmetricsserviceit:test-hivemq-platform-0]
2025-01-27 17:10:16,477 INFO c.h.h.t.HelmChartContainer - [hivemq-test-hivemq-platform] [hivemq-platform-operator] [ab126b21] 17:10:16.474 [ReconcilerExecutor-hivemq-controller-87] DEBUG c.h.p.o.HiveMQPlatformReconciler - [helmmetr] StatefulSet Status (revision: test-hivemq-platform-67f95cd95b, replicas: 1, available: 0, ready: 0, current: 1, updated: 1)
2025-01-27 17:10:16,477 INFO c.h.h.t.HelmChartContainer - [hivemq-test-hivemq-platform] [hivemq-platform-operator] [ab126b21] 17:10:16.474 [ReconcilerExecutor-hivemq-controller-87] DEBUG c.h.p.o.HiveMQPlatformReconciler - [helmmetr] StatefulSet Spec (replicas: 1, init containers: 1, containers: 1, volumes: 3)
2025-01-27 17:10:16,481 INFO c.h.h.t.HelmChartContainer - [hivemq-test-hivemq-platform] [hivemq-platform-operator] [ab126b21] 17:10:16.479 [ReconcilerExecutor-hivemq-controller-87] DEBUG c.h.p.o.h.HiveMQPlatformReconcilerErrorHandler - [helmmetr] Pod 'test-hivemq-platform-0' phase Pending
2025-01-27 17:10:16,482 INFO c.h.h.t.HelmChartContainer - [hivemq-test-hivemq-platform] [hivemq-platform-operator] [ab126b21] 17:10:16.480 [ReconcilerExecutor-hivemq-controller-87] DEBUG c.h.p.o.h.HiveMQPlatformReconcilerErrorHandler - [helmmetr] Pod 'test-hivemq-platform-0' condition 'PodReadyToStartContainers': False
2025-01-27 17:10:16,483 INFO c.h.h.t.HelmChartContainer - [hivemq-test-hivemq-platform] [hivemq-platform-operator] [ab126b21] 17:10:16.480 [ReconcilerExecutor-hivemq-controller-87] DEBUG c.h.p.o.h.HiveMQPlatformReconcilerErrorHandler - [helmmetr] Pod 'test-hivemq-platform-0' condition 'Initialized': False
2025-01-27 17:10:16,483 INFO c.h.h.t.HelmChartContainer - [hivemq-test-hivemq-platform] [hivemq-platform-operator] [ab126b21] 17:10:16.480 [ReconcilerExecutor-hivemq-controller-87] DEBUG c.h.p.o.h.HiveMQPlatformReconcilerErrorHandler - [helmmetr] Pod 'test-hivemq-platform-0' condition 'Ready': False
2025-01-27 17:10:16,483 INFO c.h.h.t.HelmChartContainer - [hivemq-test-hivemq-platform] [hivemq-platform-operator] [ab126b21] 17:10:16.480 [ReconcilerExecutor-hivemq-controller-87] DEBUG c.h.p.o.h.HiveMQPlatformReconcilerErrorHandler - [helmmetr] Pod 'test-hivemq-platform-0' condition 'ContainersReady': False
2025-01-27 17:10:16,484 INFO c.h.h.t.HelmChartContainer - [hivemq-test-hivemq-platform] [hivemq-platform-operator] [ab126b21] 17:10:16.481 [ReconcilerExecutor-hivemq-controller-87] DEBUG c.h.p.o.h.HiveMQPlatformReconcilerErrorHandler - [helmmetr] Pod 'test-hivemq-platform-0' condition 'PodScheduled': True
2025-01-27 17:10:16,484 INFO c.h.h.t.HelmChartContainer - [hivemq-test-hivemq-platform] [hivemq-platform-operator] [ab126b21] 17:10:16.481 [ReconcilerExecutor-hivemq-controller-87] DEBUG c.h.p.o.h.HiveMQPlatformReconcilerErrorHandler - [helmmetr] Pod 'test-hivemq-platform-0' containerStatus 'hivemq' (started: false) (ready: false) (waiting: [PodInitializing] null)
2025-01-27 17:10:16,489 INFO c.h.h.t.HelmChartContainer - [hivemq-test-hivemq-platform] [hivemq-platform-operator] [ab126b21] 17:10:16.484 [ReconcilerExecutor-hivemq-controller-87] INFO  c.h.p.o.h.HiveMQPlatformReconcilerBaseHandler - [helmmetr] HiveMQ Platform is starting, 0 of 1 replicas are ready
2025-01-27 17:10:17,163 INFO c.h.h.t.HelmChartContainer - [POD] test-hivemq-platform-0 [657d3142-fcba-4d24-b151-23bb6e92132a] in helmmetricsserviceit was MODIFIED
2025-01-27 17:10:17,179 INFO c.h.h.t.HelmChartContainer - [hivemq-test-hivemq-platform] [hivemq-platform-operator] [ab126b21] 17:10:17.177 [pool-6-thread-42] DEBUG c.h.p.o.d.PlatformServiceResource - [helmmetr] Desired Platform services (2 services)
2025-01-27 17:10:17,184 INFO c.h.h.t.HelmChartContainer - [hivemq-test-hivemq-platform] [hivemq-platform-operator] [ab126b21] 17:10:17.182 [pool-6-thread-43] DEBUG c.h.p.o.dependants.PodInfoConfigMap - [helmmetr] Desired PodInfo ConfigMap (1 extensions) (1 enabled)
2025-01-27 17:10:17,184 INFO c.h.h.t.HelmChartContainer - [hivemq-test-hivemq-platform] [hivemq-platform-operator] [ab126b21] 17:10:17.182 [pool-6-thread-43] DEBUG c.h.p.o.dependants.PodInfoConfigMap - [helmmetr] Desired PodInfo ConfigMap (metrics port: 9499) (metrics path: /metrics)
2025-01-27 17:10:17,184 INFO c.h.h.t.HelmChartContainer - [hivemq-test-hivemq-platform] [hivemq-platform-operator] [ab126b21] 17:10:17.182 [pool-6-thread-43] DEBUG c.h.p.o.dependants.PodInfoConfigMap - [helmmetr] Desired PodInfo ConfigMap (extension state hash: 1243513115)
2025-01-27 17:10:17,186 INFO c.h.h.t.HelmChartContainer - [hivemq-test-hivemq-platform] [hivemq-platform-operator] [ab126b21] 17:10:17.185 [pool-6-thread-47] DEBUG c.h.p.o.d.PodServiceAccountResource - [helmmetr] Desired PodServiceAccountResource (serviceAccountName: hivemq-platform-pod-test-hivemq-platform)
2025-01-27 17:10:17,244 INFO c.h.h.t.HelmChartContainer - [hivemq-test-hivemq-platform] [hivemq-platform-operator] [ab126b21] 17:10:17.243 [pool-6-thread-50] DEBUG c.h.p.o.d.StatefulSetResource - [helmmetr] Desired StatefulSet (1 replicas) for status STARTING (READY)
2025-01-27 17:10:17,279 INFO c.h.h.t.HelmChartContainer - [hivemq-test-hivemq-platform] [hivemq-platform-operator] [ab126b21] 17:10:17.277 [ReconcilerExecutor-hivemq-controller-98] INFO  c.h.p.o.HiveMQPlatformReconciler - [helmmetr] Reconciling HiveMQ Platform 'test-hivemq-platform' in namespace 'helmmetricsserviceit'
2025-01-27 17:10:17,279 INFO c.h.h.t.HelmChartContainer - [hivemq-test-hivemq-platform] [hivemq-platform-operator] [ab126b21] 17:10:17.278 [ReconcilerExecutor-hivemq-controller-98] DEBUG c.h.p.o.HiveMQPlatformReconciler - [helmmetr] Custom Resource Status STARTING - HiveMQ Platform is starting (READY)
2025-01-27 17:10:17,279 INFO c.h.h.t.HelmChartContainer - [hivemq-test-hivemq-platform] [hivemq-platform-operator] [ab126b21] 17:10:17.278 [ReconcilerExecutor-hivemq-controller-98] DEBUG c.h.p.o.HiveMQPlatformReconciler - [helmmetr] Custom Resource Spec (replicas: 1) (extensions: 1)
2025-01-27 17:10:17,284 INFO c.h.h.t.HelmChartContainer - [hivemq-test-hivemq-platform] [hivemq-platform-operator] [ab126b21] 17:10:17.281 [ReconcilerExecutor-hivemq-controller-98] DEBUG c.h.p.o.HiveMQPlatformReconciler - [helmmetr] StatefulSet Status (revision: test-hivemq-platform-67f95cd95b, replicas: 1, available: 0, ready: 0, current: 1, updated: 1)
2025-01-27 17:10:17,284 INFO c.h.h.t.HelmChartContainer - [hivemq-test-hivemq-platform] [hivemq-platform-operator] [ab126b21] 17:10:17.282 [ReconcilerExecutor-hivemq-controller-98] DEBUG c.h.p.o.HiveMQPlatformReconciler - [helmmetr] StatefulSet Spec (replicas: 1, init containers: 1, containers: 1, volumes: 3)
2025-01-27 17:10:17,287 INFO c.h.h.t.HelmChartContainer - [hivemq-test-hivemq-platform] [hivemq-platform-operator] [ab126b21] 17:10:17.286 [ReconcilerExecutor-hivemq-controller-98] DEBUG c.h.p.o.h.HiveMQPlatformReconcilerErrorHandler - [helmmetr] Pod 'test-hivemq-platform-0' phase Pending
2025-01-27 17:10:17,368 INFO c.h.h.t.HelmChartContainer - [hivemq-test-hivemq-platform] [hivemq-platform-operator] [ab126b21] 17:10:17.340 [ReconcilerExecutor-hivemq-controller-98] DEBUG c.h.p.o.h.HiveMQPlatformReconcilerErrorHandler - [helmmetr] Pod 'test-hivemq-platform-0' condition 'PodReadyToStartContainers': True
2025-01-27 17:10:17,368 INFO c.h.h.t.HelmChartContainer - [hivemq-test-hivemq-platform] [hivemq-platform-operator] [ab126b21] 17:10:17.340 [ReconcilerExecutor-hivemq-controller-98] DEBUG c.h.p.o.h.HiveMQPlatformReconcilerErrorHandler - [helmmetr] Pod 'test-hivemq-platform-0' condition 'Initialized': False
2025-01-27 17:10:17,368 INFO c.h.h.t.HelmChartContainer - [hivemq-test-hivemq-platform] [hivemq-platform-operator] [ab126b21] 17:10:17.340 [ReconcilerExecutor-hivemq-controller-98] DEBUG c.h.p.o.h.HiveMQPlatformReconcilerErrorHandler - [helmmetr] Pod 'test-hivemq-platform-0' condition 'Ready': False
2025-01-27 17:10:17,368 INFO c.h.h.t.HelmChartContainer - [hivemq-test-hivemq-platform] [hivemq-platform-operator] [ab126b21] 17:10:17.340 [ReconcilerExecutor-hivemq-controller-98] DEBUG c.h.p.o.h.HiveMQPlatformReconcilerErrorHandler - [helmmetr] Pod 'test-hivemq-platform-0' condition 'ContainersReady': False
2025-01-27 17:10:17,368 INFO c.h.h.t.HelmChartContainer - [hivemq-test-hivemq-platform] [hivemq-platform-operator] [ab126b21] 17:10:17.340 [ReconcilerExecutor-hivemq-controller-98] DEBUG c.h.p.o.h.HiveMQPlatformReconcilerErrorHandler - [helmmetr] Pod 'test-hivemq-platform-0' condition 'PodScheduled': True
2025-01-27 17:10:17,368 INFO c.h.h.t.HelmChartContainer - [hivemq-test-hivemq-platform] [hivemq-platform-operator] [ab126b21] 17:10:17.340 [ReconcilerExecutor-hivemq-controller-98] DEBUG c.h.p.o.h.HiveMQPlatformReconcilerErrorHandler - [helmmetr] Pod 'test-hivemq-platform-0' containerStatus 'hivemq' (started: false) (ready: false) (waiting: [PodInitializing] null)
2025-01-27 17:10:17,368 INFO c.h.h.t.HelmChartContainer - [hivemq-test-hivemq-platform] [hivemq-platform-operator] [ab126b21] 17:10:17.341 [ReconcilerExecutor-hivemq-controller-98] INFO  c.h.p.o.h.HiveMQPlatformReconcilerBaseHandler - [helmmetr] HiveMQ Platform is starting, 0 of 1 replicas are ready
2025-01-27 17:10:18,158 INFO c.h.h.t.HelmChartContainer - [EVENT] Normal [Pulled] Container image "docker.io/hivemq/hivemq4:4.35.0" already present on machine [helmmetricsserviceit:test-hivemq-platform-0]
2025-01-27 17:10:18,158 INFO c.h.h.t.HelmChartContainer - Received Pulled event for container hivemq in pod test-hivemq-platform-0 [657d3142-fcba-4d24-b151-23bb6e92132a]
2025-01-27 17:10:18,165 INFO c.h.h.t.HelmChartContainer - [POD] test-hivemq-platform-0 [657d3142-fcba-4d24-b151-23bb6e92132a] in helmmetricsserviceit was MODIFIED
2025-01-27 17:10:18,174 INFO c.h.h.t.HelmChartContainer - [hivemq-test-hivemq-platform] [hivemq-platform-operator] [ab126b21] 17:10:18.171 [pool-6-thread-3] DEBUG c.h.p.o.dependants.PodInfoConfigMap - [helmmetr] Desired PodInfo ConfigMap (1 extensions) (1 enabled)
2025-01-27 17:10:18,174 INFO c.h.h.t.HelmChartContainer - [hivemq-test-hivemq-platform] [hivemq-platform-operator] [ab126b21] 17:10:18.171 [pool-6-thread-3] DEBUG c.h.p.o.dependants.PodInfoConfigMap - [helmmetr] Desired PodInfo ConfigMap (metrics port: 9499) (metrics path: /metrics)
2025-01-27 17:10:18,174 INFO c.h.h.t.HelmChartContainer - [hivemq-test-hivemq-platform] [hivemq-platform-operator] [ab126b21] 17:10:18.171 [pool-6-thread-3] DEBUG c.h.p.o.dependants.PodInfoConfigMap - [helmmetr] Desired PodInfo ConfigMap (extension state hash: 1243513115)
2025-01-27 17:10:18,174 INFO c.h.h.t.HelmChartContainer - [hivemq-test-hivemq-platform] [hivemq-platform-operator] [ab126b21] 17:10:18.172 [pool-6-thread-3] DEBUG c.h.p.o.d.PodServiceAccountResource - [helmmetr] Desired PodServiceAccountResource (serviceAccountName: hivemq-platform-pod-test-hivemq-platform)
2025-01-27 17:10:18,174 INFO c.h.h.t.HelmChartContainer - [hivemq-test-hivemq-platform] [hivemq-platform-operator] [ab126b21] 17:10:18.173 [pool-6-thread-8] DEBUG c.h.p.o.d.PlatformServiceResource - [helmmetr] Desired Platform services (2 services)
2025-01-27 17:10:18,185 INFO c.h.h.t.HelmChartContainer - [hivemq-test-hivemq-platform] [hivemq-platform-operator] [ab126b21] 17:10:18.182 [pool-6-thread-6] DEBUG c.h.p.o.d.StatefulSetResource - [helmmetr] Desired StatefulSet (1 replicas) for status STARTING (READY)
2025-01-27 17:10:18,245 INFO c.h.h.t.HelmChartContainer - [hivemq-test-hivemq-platform] [hivemq-platform-operator] [ab126b21] 17:10:18.241 [ReconcilerExecutor-hivemq-controller-109] INFO  c.h.p.o.HiveMQPlatformReconciler - [helmmetr] Reconciling HiveMQ Platform 'test-hivemq-platform' in namespace 'helmmetricsserviceit'
2025-01-27 17:10:18,246 INFO c.h.h.t.HelmChartContainer - [hivemq-test-hivemq-platform] [hivemq-platform-operator] [ab126b21] 17:10:18.241 [ReconcilerExecutor-hivemq-controller-109] DEBUG c.h.p.o.HiveMQPlatformReconciler - [helmmetr] Custom Resource Status STARTING - HiveMQ Platform is starting (READY)
2025-01-27 17:10:18,246 INFO c.h.h.t.HelmChartContainer - [hivemq-test-hivemq-platform] [hivemq-platform-operator] [ab126b21] 17:10:18.241 [ReconcilerExecutor-hivemq-controller-109] DEBUG c.h.p.o.HiveMQPlatformReconciler - [helmmetr] Custom Resource Spec (replicas: 1) (extensions: 1)
2025-01-27 17:10:18,246 INFO c.h.h.t.HelmChartContainer - [hivemq-test-hivemq-platform] [hivemq-platform-operator] [ab126b21] 17:10:18.244 [ReconcilerExecutor-hivemq-controller-109] DEBUG c.h.p.o.HiveMQPlatformReconciler - [helmmetr] StatefulSet Status (revision: test-hivemq-platform-67f95cd95b, replicas: 1, available: 0, ready: 0, current: 1, updated: 1)
2025-01-27 17:10:18,248 INFO c.h.h.t.HelmChartContainer - [hivemq-test-hivemq-platform] [hivemq-platform-operator] [ab126b21] 17:10:18.244 [ReconcilerExecutor-hivemq-controller-109] DEBUG c.h.p.o.HiveMQPlatformReconciler - [helmmetr] StatefulSet Spec (replicas: 1, init containers: 1, containers: 1, volumes: 3)
2025-01-27 17:10:18,249 INFO c.h.h.t.HelmChartContainer - [hivemq-test-hivemq-platform] [hivemq-platform-operator] [ab126b21] 17:10:18.247 [ReconcilerExecutor-hivemq-controller-109] DEBUG c.h.p.o.h.HiveMQPlatformReconcilerErrorHandler - [helmmetr] Pod 'test-hivemq-platform-0' phase Pending
2025-01-27 17:10:18,249 INFO c.h.h.t.HelmChartContainer - [hivemq-test-hivemq-platform] [hivemq-platform-operator] [ab126b21] 17:10:18.247 [ReconcilerExecutor-hivemq-controller-109] DEBUG c.h.p.o.h.HiveMQPlatformReconcilerErrorHandler - [helmmetr] Pod 'test-hivemq-platform-0' condition 'PodReadyToStartContainers': True
2025-01-27 17:10:18,250 INFO c.h.h.t.HelmChartContainer - [hivemq-test-hivemq-platform] [hivemq-platform-operator] [ab126b21] 17:10:18.247 [ReconcilerExecutor-hivemq-controller-109] DEBUG c.h.p.o.h.HiveMQPlatformReconcilerErrorHandler - [helmmetr] Pod 'test-hivemq-platform-0' condition 'Initialized': True
2025-01-27 17:10:18,250 INFO c.h.h.t.HelmChartContainer - [hivemq-test-hivemq-platform] [hivemq-platform-operator] [ab126b21] 17:10:18.247 [ReconcilerExecutor-hivemq-controller-109] DEBUG c.h.p.o.h.HiveMQPlatformReconcilerErrorHandler - [helmmetr] Pod 'test-hivemq-platform-0' condition 'Ready': False
2025-01-27 17:10:18,250 INFO c.h.h.t.HelmChartContainer - [hivemq-test-hivemq-platform] [hivemq-platform-operator] [ab126b21] 17:10:18.247 [ReconcilerExecutor-hivemq-controller-109] DEBUG c.h.p.o.h.HiveMQPlatformReconcilerErrorHandler - [helmmetr] Pod 'test-hivemq-platform-0' condition 'ContainersReady': False
2025-01-27 17:10:18,250 INFO c.h.h.t.HelmChartContainer - [hivemq-test-hivemq-platform] [hivemq-platform-operator] [ab126b21] 17:10:18.247 [ReconcilerExecutor-hivemq-controller-109] DEBUG c.h.p.o.h.HiveMQPlatformReconcilerErrorHandler - [helmmetr] Pod 'test-hivemq-platform-0' condition 'PodScheduled': True
2025-01-27 17:10:18,250 INFO c.h.h.t.HelmChartContainer - [hivemq-test-hivemq-platform] [hivemq-platform-operator] [ab126b21] 17:10:18.247 [ReconcilerExecutor-hivemq-controller-109] DEBUG c.h.p.o.h.HiveMQPlatformReconcilerErrorHandler - [helmmetr] Pod 'test-hivemq-platform-0' containerStatus 'hivemq' (started: false) (ready: false) (waiting: [PodInitializing] null)
2025-01-27 17:10:18,250 INFO c.h.h.t.HelmChartContainer - [hivemq-test-hivemq-platform] [hivemq-platform-operator] [ab126b21] 17:10:18.248 [ReconcilerExecutor-hivemq-controller-109] INFO  c.h.p.o.h.HiveMQPlatformReconcilerBaseHandler - [helmmetr] HiveMQ Platform is starting, 0 of 1 replicas are ready
2025-01-27 17:10:19,841 INFO c.h.h.t.HelmChartContainer - [EVENT] Normal [Created] Created container: hivemq [helmmetricsserviceit:test-hivemq-platform-0]
2025-01-27 17:10:19,841 INFO c.h.h.t.HelmChartContainer - Received Created event for container hivemq in pod test-hivemq-platform-0 [657d3142-fcba-4d24-b151-23bb6e92132a]
2025-01-27 17:10:20,167 INFO c.h.h.t.HelmChartContainer - [POD] test-hivemq-platform-0 [657d3142-fcba-4d24-b151-23bb6e92132a] in helmmetricsserviceit was MODIFIED
2025-01-27 17:10:20,179 INFO c.h.h.t.HelmChartContainer - [EVENT] Normal [Started] Started container hivemq [helmmetricsserviceit:test-hivemq-platform-0]
2025-01-27 17:10:20,179 INFO c.h.h.t.HelmChartContainer - Received Started event for container hivemq in pod test-hivemq-platform-0 [657d3142-fcba-4d24-b151-23bb6e92132a]
2025-01-27 17:10:20,180 INFO c.h.h.t.HelmChartContainer - Started log watcher for hivemq in pod test-hivemq-platform-0 [657d3142-fcba-4d24-b151-23bb6e92132a]
2025-01-27 17:10:20,180 INFO c.h.h.t.HelmChartContainer - [test-hivemq-platform] [hivemq] [657d3142] Adding pre-installed HiveMQ Platform Operator extensions
2025-01-27 17:10:20,180 INFO c.h.h.t.HelmChartContainer - [test-hivemq-platform] [hivemq] [657d3142] Running as user 10000
2025-01-27 17:10:20,180 INFO c.h.h.t.HelmChartContainer - [test-hivemq-platform] [hivemq] [657d3142] Starting HiveMQ Platform Operator Init
2025-01-27 17:10:20,186 INFO c.h.h.t.HelmChartContainer - [hivemq-test-hivemq-platform] [hivemq-platform-operator] [ab126b21] 17:10:20.183 [pool-6-thread-18] DEBUG c.h.p.o.d.PodServiceAccountResource - [helmmetr] Desired PodServiceAccountResource (serviceAccountName: hivemq-platform-pod-test-hivemq-platform)
2025-01-27 17:10:20,186 INFO c.h.h.t.HelmChartContainer - [hivemq-test-hivemq-platform] [hivemq-platform-operator] [ab126b21] 17:10:20.184 [pool-6-thread-11] DEBUG c.h.p.o.dependants.PodInfoConfigMap - [helmmetr] Desired PodInfo ConfigMap (1 extensions) (1 enabled)
2025-01-27 17:10:20,186 INFO c.h.h.t.HelmChartContainer - [hivemq-test-hivemq-platform] [hivemq-platform-operator] [ab126b21] 17:10:20.185 [pool-6-thread-11] DEBUG c.h.p.o.dependants.PodInfoConfigMap - [helmmetr] Desired PodInfo ConfigMap (metrics port: 9499) (metrics path: /metrics)
2025-01-27 17:10:20,187 INFO c.h.h.t.HelmChartContainer - [hivemq-test-hivemq-platform] [hivemq-platform-operator] [ab126b21] 17:10:20.186 [pool-6-thread-11] DEBUG c.h.p.o.dependants.PodInfoConfigMap - [helmmetr] Desired PodInfo ConfigMap (extension state hash: 1243513115)
2025-01-27 17:10:20,188 INFO c.h.h.t.HelmChartContainer - [hivemq-test-hivemq-platform] [hivemq-platform-operator] [ab126b21] 17:10:20.184 [pool-6-thread-14] DEBUG c.h.p.o.d.PlatformServiceResource - [helmmetr] Desired Platform services (2 services)
2025-01-27 17:10:20,275 INFO c.h.h.t.HelmChartContainer - [hivemq-test-hivemq-platform] [hivemq-platform-operator] [ab126b21] 17:10:20.273 [pool-6-thread-14] DEBUG c.h.p.o.d.StatefulSetResource - [helmmetr] Desired StatefulSet (1 replicas) for status STARTING (READY)
2025-01-27 17:10:20,278 INFO c.h.h.t.HelmChartContainer - [hivemq-test-hivemq-platform] [hivemq-platform-operator] [ab126b21] 17:10:20.278 [ReconcilerExecutor-hivemq-controller-110] INFO  c.h.p.o.HiveMQPlatformReconciler - [helmmetr] Reconciling HiveMQ Platform 'test-hivemq-platform' in namespace 'helmmetricsserviceit'
2025-01-27 17:10:20,280 INFO c.h.h.t.HelmChartContainer - [hivemq-test-hivemq-platform] [hivemq-platform-operator] [ab126b21] 17:10:20.278 [ReconcilerExecutor-hivemq-controller-110] DEBUG c.h.p.o.HiveMQPlatformReconciler - [helmmetr] Custom Resource Status STARTING - HiveMQ Platform is starting (READY)
2025-01-27 17:10:20,280 INFO c.h.h.t.HelmChartContainer - [hivemq-test-hivemq-platform] [hivemq-platform-operator] [ab126b21] 17:10:20.278 [ReconcilerExecutor-hivemq-controller-110] DEBUG c.h.p.o.HiveMQPlatformReconciler - [helmmetr] Custom Resource Spec (replicas: 1) (extensions: 1)
2025-01-27 17:10:20,282 INFO c.h.h.t.HelmChartContainer - [hivemq-test-hivemq-platform] [hivemq-platform-operator] [ab126b21] 17:10:20.281 [ReconcilerExecutor-hivemq-controller-110] DEBUG c.h.p.o.HiveMQPlatformReconciler - [helmmetr] StatefulSet Status (revision: test-hivemq-platform-67f95cd95b, replicas: 1, available: 0, ready: 0, current: 1, updated: 1)
2025-01-27 17:10:20,282 INFO c.h.h.t.HelmChartContainer - [hivemq-test-hivemq-platform] [hivemq-platform-operator] [ab126b21] 17:10:20.281 [ReconcilerExecutor-hivemq-controller-110] DEBUG c.h.p.o.HiveMQPlatformReconciler - [helmmetr] StatefulSet Spec (replicas: 1, init containers: 1, containers: 1, volumes: 3)
2025-01-27 17:10:20,284 INFO c.h.h.t.HelmChartContainer - [hivemq-test-hivemq-platform] [hivemq-platform-operator] [ab126b21] 17:10:20.284 [ReconcilerExecutor-hivemq-controller-110] DEBUG c.h.p.o.h.HiveMQPlatformReconcilerErrorHandler - [helmmetr] Pod 'test-hivemq-platform-0' phase Running
2025-01-27 17:10:20,286 INFO c.h.h.t.HelmChartContainer - [hivemq-test-hivemq-platform] [hivemq-platform-operator] [ab126b21] 17:10:20.285 [ReconcilerExecutor-hivemq-controller-110] INFO  c.h.p.o.h.HiveMQPlatformReconcilerBaseHandler - [helmmetr] HiveMQ Platform is starting, 0 of 1 replicas are ready
2025-01-27 17:10:21,147 INFO c.h.h.t.HelmChartContainer - [test-hivemq-platform] [hivemq] [657d3142] INFO  - [HiveMQ Platform Operator Init 1.7.0-SNAPSHOT] HiveMQ Platform Operator Init 1.7.0-SNAPSHOT (commit: bebf408 on branch: HEAD) built on Sun Jan 26 20:47:47 UTC 2025
2025-01-27 17:10:22,270 INFO c.h.h.t.HelmChartContainer - [test-hivemq-platform] [hivemq] [657d3142] INFO  - [HiveMQ Platform Operator Init App 1.7.0-SNAPSHOT] Using bind address 10.42.0.16 from environment variable
2025-01-27 17:10:23,268 INFO c.h.h.t.HelmChartContainer - [test-hivemq-platform] [hivemq] [657d3142] INFO  - [HiveMQ Platform Operator Init App 1.7.0-SNAPSHOT] HiveMQ Platform Operator Init App 1.7.0-SNAPSHOT (commit: bebf408 on branch: HEAD) built on Sun Jan 26 20:47:47 UTC 2025
2025-01-27 17:10:23,269 INFO c.h.h.t.HelmChartContainer - [test-hivemq-platform] [hivemq] [657d3142] INFO  - [HiveMQ Platform Operator Init App 1.7.0-SNAPSHOT] PodInfo ConfigMap directory: /etc/podinfo
2025-01-27 17:10:23,269 INFO c.h.h.t.HelmChartContainer - [test-hivemq-platform] [hivemq] [657d3142] INFO  - [HiveMQ Platform Operator Init App 1.7.0-SNAPSHOT] HiveMQ home directory: /opt/hivemq
2025-01-27 17:10:23,269 INFO c.h.h.t.HelmChartContainer - [test-hivemq-platform] [hivemq] [657d3142] INFO  - [HiveMQ Platform Operator Init App 1.7.0-SNAPSHOT] HiveMQ Logback folder: /opt/hivemq/conf
2025-01-27 17:10:23,269 INFO c.h.h.t.HelmChartContainer - [test-hivemq-platform] [hivemq] [657d3142] INFO  - [HiveMQ Platform Operator Init App 1.7.0-SNAPSHOT] HiveMQ Config folder: /opt/hivemq/conf-k8s
2025-01-27 17:10:23,270 INFO c.h.h.t.HelmChartContainer - [test-hivemq-platform] [hivemq] [657d3142] INFO  - [HiveMQ Platform Operator Init App 1.7.0-SNAPSHOT] Starting HiveMQ Platform Operator Init App
2025-01-27 17:10:23,270 INFO c.h.h.t.HelmChartContainer - [test-hivemq-platform] [hivemq] [657d3142] INFO  - [HiveMQ Platform Operator Init App 1.7.0-SNAPSHOT] Starting Pod reconciler
2025-01-27 17:10:24,549 INFO c.h.h.t.HelmChartContainer - [test-hivemq-platform] [hivemq] [657d3142] INFO  - [HiveMQ Platform Operator Init App 1.7.0-SNAPSHOT] Pod reconciler is scheduled (interval: 5000 ms)
2025-01-27 17:10:24,550 INFO c.h.h.t.HelmChartContainer - [test-hivemq-platform] [hivemq] [657d3142] INFO  - [HiveMQ Platform Operator Init App 1.7.0-SNAPSHOT] Starting the REST API on 10.42.0.16:7979
2025-01-27 17:10:24,552 INFO c.h.h.t.HelmChartContainer - [test-hivemq-platform] [hivemq] [657d3142] INFO  - [HiveMQ Platform Operator Init App 1.7.0-SNAPSHOT] Waiting up to 600s for at most 1 HiveMQ nodes in cluster service hivemq-test-hivemq-platform-cluster.helmmetricsserviceit.svc
2025-01-27 17:10:24,942 INFO c.h.h.t.HelmChartContainer - [test-hivemq-platform] [hivemq] [657d3142] INFO  - [HiveMQ Platform Operator Init App 1.7.0-SNAPSHOT] Resolved 1 IP addresses: [10.42.0.16]
2025-01-27 17:10:24,942 INFO c.h.h.t.HelmChartContainer - [test-hivemq-platform] [hivemq] [657d3142] INFO  - [HiveMQ Platform Operator Init App 1.7.0-SNAPSHOT] HiveMQ node count of 1 is within threshold of 1
2025-01-27 17:10:24,942 INFO c.h.h.t.HelmChartContainer - [test-hivemq-platform] [hivemq] [657d3142] INFO  - [HiveMQ Platform Operator Init App 1.7.0-SNAPSHOT] Proceeding with container start
2025-01-27 17:10:25,048 INFO c.h.h.t.HelmChartContainer - [test-hivemq-platform] [hivemq] [657d3142] INFO  - [HiveMQ Platform Operator Init App 1.7.0-SNAPSHOT] Initializing HiveMQ Platform extensions with initial configuration: {hivemq-allow-all-extension={start-priority=-1, skip-https-hostname-verification=false, restart=true, config-version=0, header-version=0, c-uri=, priority=-1, uri=preinstalled, skip-https-certificate-validation=false, enabled=true}, hivemq-prometheus-extension={restart=true, priority=-1, start-priority=-1, c-uri=, skip-https-hostname-verification=false, skip-https-certificate-validation=false, uri=preinstalled, request-header-path=no-request-headers, enabled=true}}
2025-01-27 17:10:25,559 INFO c.h.h.t.HelmChartContainer - [test-hivemq-platform] [hivemq] [657d3142] INFO  - [HiveMQ Platform Operator Init App 1.7.0-SNAPSHOT] Extension hivemq-allow-all-extension was already enabled
2025-01-27 17:10:25,645 INFO c.h.h.t.HelmChartContainer - [test-hivemq-platform] [hivemq] [657d3142] INFO  - [HiveMQ Platform Operator Init App 1.7.0-SNAPSHOT] Successfully enabled extension hivemq-prometheus-extension
2025-01-27 17:10:25,647 INFO c.h.h.t.HelmChartContainer - [test-hivemq-platform] [hivemq] [657d3142] INFO  - [HiveMQ Platform Operator Init App 1.7.0-SNAPSHOT] Starting HiveMQ Platform version 4.35.0 (4.35.0)
2025-01-27 17:10:25,648 INFO c.h.h.t.HelmChartContainer - [test-hivemq-platform] [hivemq] [657d3142] INFO  - [HiveMQ Platform Operator Init App 1.7.0-SNAPSHOT] Configuring the HiveMQ Platform
2025-01-27 17:10:25,658 INFO c.h.h.t.HelmChartContainer - [test-hivemq-platform] [hivemq] [657d3142] INFO  - [HiveMQ Platform Operator Init App 1.7.0-SNAPSHOT] Changed logback.xml file scan period to 20 seconds
2025-01-27 17:10:25,753 INFO c.h.h.t.HelmChartContainer - [test-hivemq-platform] [hivemq] [657d3142] INFO  - [HiveMQ Platform Operator Init App 1.7.0-SNAPSHOT] Starting the HiveMQ Platform
2025-01-27 17:10:25,756 INFO c.h.h.t.HelmChartContainer - [test-hivemq-platform] [hivemq] [657d3142] -------------------------------------------------------------------------
2025-01-27 17:10:25,756 INFO c.h.h.t.HelmChartContainer - [test-hivemq-platform] [hivemq] [657d3142] 
2025-01-27 17:10:25,756 INFO c.h.h.t.HelmChartContainer - [test-hivemq-platform] [hivemq] [657d3142]                   _    _  _              __  __   ____
2025-01-27 17:10:25,756 INFO c.h.h.t.HelmChartContainer - [test-hivemq-platform] [hivemq] [657d3142]                  | |  | |(_)            |  \/  | / __ \
2025-01-27 17:10:25,756 INFO c.h.h.t.HelmChartContainer - [test-hivemq-platform] [hivemq] [657d3142]                  | |__| | _ __   __ ___ | \  / || |  | |
2025-01-27 17:10:25,756 INFO c.h.h.t.HelmChartContainer - [test-hivemq-platform] [hivemq] [657d3142]                  |  __  || |\ \ / // _ \| |\/| || |  | |
2025-01-27 17:10:25,756 INFO c.h.h.t.HelmChartContainer - [test-hivemq-platform] [hivemq] [657d3142]                  | |  | || | \ V /|  __/| |  | || |__| |
2025-01-27 17:10:25,756 INFO c.h.h.t.HelmChartContainer - [test-hivemq-platform] [hivemq] [657d3142]                  |_|  |_||_|  \_/  \___||_|  |_| \___\_\
2025-01-27 17:10:25,756 INFO c.h.h.t.HelmChartContainer - [test-hivemq-platform] [hivemq] [657d3142] 
2025-01-27 17:10:25,756 INFO c.h.h.t.HelmChartContainer - [test-hivemq-platform] [hivemq] [657d3142] -------------------------------------------------------------------------
2025-01-27 17:10:25,756 INFO c.h.h.t.HelmChartContainer - [test-hivemq-platform] [hivemq] [657d3142] 
2025-01-27 17:10:25,756 INFO c.h.h.t.HelmChartContainer - [test-hivemq-platform] [hivemq] [657d3142]   HiveMQ Start Script for Linux/Unix v1.14
2025-01-27 17:10:25,756 INFO c.h.h.t.HelmChartContainer - [test-hivemq-platform] [hivemq] [657d3142] 
2025-01-27 17:10:25,870 INFO c.h.h.t.HelmChartContainer - [test-hivemq-platform] [hivemq] [657d3142] -------------------------------------------------------------------------
2025-01-27 17:10:25,870 INFO c.h.h.t.HelmChartContainer - [test-hivemq-platform] [hivemq] [657d3142] 
2025-01-27 17:10:25,870 INFO c.h.h.t.HelmChartContainer - [test-hivemq-platform] [hivemq] [657d3142]   HIVEMQ_HOME: /opt/hivemq
2025-01-27 17:10:25,870 INFO c.h.h.t.HelmChartContainer - [test-hivemq-platform] [hivemq] [657d3142] 
2025-01-27 17:10:25,870 INFO c.h.h.t.HelmChartContainer - [test-hivemq-platform] [hivemq] [657d3142]   JAVA_OPTS: -XX:+UnlockExperimentalVMOptions -XX:InitialRAMPercentage=50 -XX:MaxRAMPercentage=50 -Djava.net.preferIPv4Stack=true --add-opens java.base/java.lang=ALL-UNNAMED --add-opens java.base/java.nio=ALL-UNNAMED --add-opens java.base/sun.nio.ch=ALL-UNNAMED --add-opens jdk.management/com.sun.management.internal=ALL-UNNAMED --add-exports java.base/jdk.internal.misc=ALL-UNNAMED -Djava.security.egd=file:/dev/./urandom -Dcom.sun.management.jmxremote -Dcom.sun.management.jmxremote.port=9010 -Dcom.sun.management.jmxremote.local.only=false -Dcom.sun.management.jmxremote.authenticate=false -Dcom.sun.management.jmxremote.ssl=false -Duser.language=en -Duser.region=US -XX:+CrashOnOutOfMemoryError -XX:+HeapDumpOnOutOfMemoryError
2025-01-27 17:10:25,870 INFO c.h.h.t.HelmChartContainer - [test-hivemq-platform] [hivemq] [657d3142] 
2025-01-27 17:10:25,870 INFO c.h.h.t.HelmChartContainer - [test-hivemq-platform] [hivemq] [657d3142]   JAVA_VERSION: 21
2025-01-27 17:10:25,870 INFO c.h.h.t.HelmChartContainer - [test-hivemq-platform] [hivemq] [657d3142] 
2025-01-27 17:10:25,870 INFO c.h.h.t.HelmChartContainer - [test-hivemq-platform] [hivemq] [657d3142] -------------------------------------------------------------------------
2025-01-27 17:10:25,870 INFO c.h.h.t.HelmChartContainer - [test-hivemq-platform] [hivemq] [657d3142] 
2025-01-27 17:10:26,240 INFO c.h.h.t.HelmChartContainer - [test-hivemq-platform] [hivemq] [657d3142] INFO  - [HiveMQ Platform Operator Init App 1.7.0-SNAPSHOT] Returning default Health API response 503 for readiness
2025-01-27 17:10:26,551 INFO c.h.h.t.HelmChartContainer - [EVENT] Warning [Unhealthy] Readiness probe failed: HTTP probe failed with statuscode: 503 [helmmetricsserviceit:test-hivemq-platform-0]
2025-01-27 17:10:26,551 INFO c.h.h.t.HelmChartContainer - Received Unhealthy event for container hivemq in pod test-hivemq-platform-0 [657d3142-fcba-4d24-b151-23bb6e92132a]
2025-01-27 17:10:28,545 INFO c.h.h.t.HelmChartContainer - [test-hivemq-platform] [hivemq] [657d3142] INFO  - Starting HiveMQ Enterprise Server
2025-01-27 17:10:28,551 INFO c.h.h.t.HelmChartContainer - [test-hivemq-platform] [hivemq] [657d3142] INFO  - HiveMQ version: 4.35.0
2025-01-27 17:10:28,551 INFO c.h.h.t.HelmChartContainer - [test-hivemq-platform] [hivemq] [657d3142] INFO  - HiveMQ home directory: /opt/hivemq
2025-01-27 17:10:28,552 INFO c.h.h.t.HelmChartContainer - [test-hivemq-platform] [hivemq] [657d3142] INFO  - Log Configuration was overridden by /opt/hivemq/conf/logback.xml
2025-01-27 17:10:29,852 INFO c.h.h.t.HelmChartContainer - [test-hivemq-platform] [hivemq] [657d3142] INFO  - Successfully loaded configuration from '/opt/hivemq/conf-k8s/config.xml'.
2025-01-27 17:10:30,292 INFO c.h.h.t.HelmChartContainer - [hivemq-test-hivemq-platform] [hivemq-platform-operator] [ab126b21] 17:10:30.289 [pool-6-thread-23] DEBUG c.h.p.o.dependants.PodInfoConfigMap - [helmmetr] Desired PodInfo ConfigMap (1 extensions) (1 enabled)
2025-01-27 17:10:30,292 INFO c.h.h.t.HelmChartContainer - [hivemq-test-hivemq-platform] [hivemq-platform-operator] [ab126b21] 17:10:30.290 [pool-6-thread-25] DEBUG c.h.p.o.d.PodServiceAccountResource - [helmmetr] Desired PodServiceAccountResource (serviceAccountName: hivemq-platform-pod-test-hivemq-platform)
2025-01-27 17:10:30,294 INFO c.h.h.t.HelmChartContainer - [hivemq-test-hivemq-platform] [hivemq-platform-operator] [ab126b21] 17:10:30.292 [pool-6-thread-27] DEBUG c.h.p.o.d.PlatformServiceResource - [helmmetr] Desired Platform services (2 services)
2025-01-27 17:10:30,294 INFO c.h.h.t.HelmChartContainer - [hivemq-test-hivemq-platform] [hivemq-platform-operator] [ab126b21] 17:10:30.293 [pool-6-thread-23] DEBUG c.h.p.o.dependants.PodInfoConfigMap - [helmmetr] Desired PodInfo ConfigMap (metrics port: 9499) (metrics path: /metrics)
2025-01-27 17:10:30,296 INFO c.h.h.t.HelmChartContainer - [hivemq-test-hivemq-platform] [hivemq-platform-operator] [ab126b21] 17:10:30.294 [pool-6-thread-23] DEBUG c.h.p.o.dependants.PodInfoConfigMap - [helmmetr] Desired PodInfo ConfigMap (extension state hash: 1243513115)
2025-01-27 17:10:30,298 INFO c.h.h.t.HelmChartContainer - [hivemq-test-hivemq-platform] [hivemq-platform-operator] [ab126b21] 17:10:30.297 [pool-6-thread-23] DEBUG c.h.p.o.d.StatefulSetResource - [helmmetr] Desired StatefulSet (1 replicas) for status STARTING (READY)
2025-01-27 17:10:30,301 INFO c.h.h.t.HelmChartContainer - [hivemq-test-hivemq-platform] [hivemq-platform-operator] [ab126b21] 17:10:30.300 [ReconcilerExecutor-hivemq-controller-111] INFO  c.h.p.o.HiveMQPlatformReconciler - [helmmetr] Reconciling HiveMQ Platform 'test-hivemq-platform' in namespace 'helmmetricsserviceit'
2025-01-27 17:10:30,301 INFO c.h.h.t.HelmChartContainer - [hivemq-test-hivemq-platform] [hivemq-platform-operator] [ab126b21] 17:10:30.300 [ReconcilerExecutor-hivemq-controller-111] DEBUG c.h.p.o.HiveMQPlatformReconciler - [helmmetr] Custom Resource Status STARTING - HiveMQ Platform is starting (READY)
2025-01-27 17:10:30,301 INFO c.h.h.t.HelmChartContainer - [hivemq-test-hivemq-platform] [hivemq-platform-operator] [ab126b21] 17:10:30.300 [ReconcilerExecutor-hivemq-controller-111] DEBUG c.h.p.o.HiveMQPlatformReconciler - [helmmetr] Custom Resource Spec (replicas: 1) (extensions: 1)
2025-01-27 17:10:30,342 INFO c.h.h.t.HelmChartContainer - [hivemq-test-hivemq-platform] [hivemq-platform-operator] [ab126b21] 17:10:30.341 [ReconcilerExecutor-hivemq-controller-111] DEBUG c.h.p.o.HiveMQPlatformReconciler - [helmmetr] StatefulSet Status (revision: test-hivemq-platform-67f95cd95b, replicas: 1, available: 0, ready: 0, current: 1, updated: 1)
2025-01-27 17:10:30,344 INFO c.h.h.t.HelmChartContainer - [hivemq-test-hivemq-platform] [hivemq-platform-operator] [ab126b21] 17:10:30.341 [ReconcilerExecutor-hivemq-controller-111] DEBUG c.h.p.o.HiveMQPlatformReconciler - [helmmetr] StatefulSet Spec (replicas: 1, init containers: 1, containers: 1, volumes: 3)
2025-01-27 17:10:30,345 INFO c.h.h.t.HelmChartContainer - [hivemq-test-hivemq-platform] [hivemq-platform-operator] [ab126b21] 17:10:30.344 [ReconcilerExecutor-hivemq-controller-111] DEBUG c.h.p.o.h.HiveMQPlatformReconcilerErrorHandler - [helmmetr] Pod 'test-hivemq-platform-0' phase Running
2025-01-27 17:10:30,346 INFO c.h.h.t.HelmChartContainer - [hivemq-test-hivemq-platform] [hivemq-platform-operator] [ab126b21] 17:10:30.346 [ReconcilerExecutor-hivemq-controller-111] INFO  c.h.p.o.h.HiveMQPlatformReconcilerBaseHandler - [helmmetr] HiveMQ Platform is starting, 0 of 1 replicas are ready
2025-01-27 17:10:30,549 INFO c.h.h.t.HelmChartContainer - [test-hivemq-platform] [hivemq] [657d3142] INFO  - This node's ID is 7TIEM
2025-01-27 17:10:30,549 INFO c.h.h.t.HelmChartContainer - [test-hivemq-platform] [hivemq] [657d3142] INFO  - Clustering is enabled
2025-01-27 17:10:31,742 INFO c.h.h.t.HelmChartContainer - [test-hivemq-platform] [hivemq] [657d3142] WARN  - [HiveMQ Platform Operator Init App 1.7.0-SNAPSHOT] Cannot connect to Health API for readiness: null
2025-01-27 17:10:31,749 INFO c.h.h.t.HelmChartContainer - [EVENT] Warning [Unhealthy] Readiness probe failed: HTTP probe failed with statuscode: 503 [helmmetricsserviceit:test-hivemq-platform-0]
2025-01-27 17:10:31,749 INFO c.h.h.t.HelmChartContainer - Received Unhealthy event for container hivemq in pod test-hivemq-platform-0 [657d3142-fcba-4d24-b151-23bb6e92132a]
2025-01-27 17:10:34,851 INFO c.h.h.t.HelmChartContainer - [test-hivemq-platform] [hivemq] [657d3142] Jan 27, 2025 5:10:34 PM io.vertx.core.impl.BlockedThreadChecker
2025-01-27 17:10:34,851 INFO c.h.h.t.HelmChartContainer - [test-hivemq-platform] [hivemq] [657d3142] WARNING: Thread Thread[vert.x-eventloop-thread-1,5,main] has been blocked for 2591 ms, time limit is 2000 ms
2025-01-27 17:10:35,247 INFO c.h.h.t.HelmChartContainer - [test-hivemq-platform] [hivemq] [657d3142] INFO  - [HiveMQ Platform Operator Init App 1.7.0-SNAPSHOT] Updating Pod HiveMQ Platform Operator Init App version annotation (version: 1.7.0-SNAPSHOT)
2025-01-27 17:10:36,163 INFO c.h.h.t.HelmChartContainer - [POD] test-hivemq-platform-0 [657d3142-fcba-4d24-b151-23bb6e92132a] in helmmetricsserviceit was MODIFIED
2025-01-27 17:10:36,173 INFO c.h.h.t.HelmChartContainer - [hivemq-test-hivemq-platform] [hivemq-platform-operator] [ab126b21] 17:10:36.170 [pool-6-thread-37] DEBUG c.h.p.o.dependants.PodInfoConfigMap - [helmmetr] Desired PodInfo ConfigMap (1 extensions) (1 enabled)
2025-01-27 17:10:36,173 INFO c.h.h.t.HelmChartContainer - [hivemq-test-hivemq-platform] [hivemq-platform-operator] [ab126b21] 17:10:36.170 [pool-6-thread-37] DEBUG c.h.p.o.dependants.PodInfoConfigMap - [helmmetr] Desired PodInfo ConfigMap (metrics port: 9499) (metrics path: /metrics)
2025-01-27 17:10:36,173 INFO c.h.h.t.HelmChartContainer - [hivemq-test-hivemq-platform] [hivemq-platform-operator] [ab126b21] 17:10:36.170 [pool-6-thread-37] DEBUG c.h.p.o.dependants.PodInfoConfigMap - [helmmetr] Desired PodInfo ConfigMap (extension state hash: 1243513115)
2025-01-27 17:10:36,173 INFO c.h.h.t.HelmChartContainer - [hivemq-test-hivemq-platform] [hivemq-platform-operator] [ab126b21] 17:10:36.170 [pool-6-thread-32] DEBUG c.h.p.o.d.PlatformServiceResource - [helmmetr] Desired Platform services (2 services)
2025-01-27 17:10:36,173 INFO c.h.h.t.HelmChartContainer - [hivemq-test-hivemq-platform] [hivemq-platform-operator] [ab126b21] 17:10:36.171 [pool-6-thread-37] DEBUG c.h.p.o.d.PodServiceAccountResource - [helmmetr] Desired PodServiceAccountResource (serviceAccountName: hivemq-platform-pod-test-hivemq-platform)
2025-01-27 17:10:36,176 INFO c.h.h.t.HelmChartContainer - [hivemq-test-hivemq-platform] [hivemq-platform-operator] [ab126b21] 17:10:36.174 [pool-6-thread-32] DEBUG c.h.p.o.d.StatefulSetResource - [helmmetr] Desired StatefulSet (1 replicas) for status STARTING (READY)
2025-01-27 17:10:36,180 INFO c.h.h.t.HelmChartContainer - [hivemq-test-hivemq-platform] [hivemq-platform-operator] [ab126b21] 17:10:36.178 [ReconcilerExecutor-hivemq-controller-112] INFO  c.h.p.o.HiveMQPlatformReconciler - [helmmetr] Reconciling HiveMQ Platform 'test-hivemq-platform' in namespace 'helmmetricsserviceit'
2025-01-27 17:10:36,180 INFO c.h.h.t.HelmChartContainer - [hivemq-test-hivemq-platform] [hivemq-platform-operator] [ab126b21] 17:10:36.178 [ReconcilerExecutor-hivemq-controller-112] DEBUG c.h.p.o.HiveMQPlatformReconciler - [helmmetr] Custom Resource Status STARTING - HiveMQ Platform is starting (READY)
2025-01-27 17:10:36,181 INFO c.h.h.t.HelmChartContainer - [hivemq-test-hivemq-platform] [hivemq-platform-operator] [ab126b21] 17:10:36.178 [ReconcilerExecutor-hivemq-controller-112] DEBUG c.h.p.o.HiveMQPlatformReconciler - [helmmetr] Custom Resource Spec (replicas: 1) (extensions: 1)
2025-01-27 17:10:36,181 INFO c.h.h.t.HelmChartContainer - [hivemq-test-hivemq-platform] [hivemq-platform-operator] [ab126b21] 17:10:36.180 [ReconcilerExecutor-hivemq-controller-112] DEBUG c.h.p.o.HiveMQPlatformReconciler - [helmmetr] StatefulSet Status (revision: test-hivemq-platform-67f95cd95b, replicas: 1, available: 0, ready: 0, current: 1, updated: 1)
2025-01-27 17:10:36,182 INFO c.h.h.t.HelmChartContainer - [hivemq-test-hivemq-platform] [hivemq-platform-operator] [ab126b21] 17:10:36.180 [ReconcilerExecutor-hivemq-controller-112] DEBUG c.h.p.o.HiveMQPlatformReconciler - [helmmetr] StatefulSet Spec (replicas: 1, init containers: 1, containers: 1, volumes: 3)
2025-01-27 17:10:36,183 INFO c.h.h.t.HelmChartContainer - [hivemq-test-hivemq-platform] [hivemq-platform-operator] [ab126b21] 17:10:36.181 [ReconcilerExecutor-hivemq-controller-112] DEBUG c.h.p.o.h.HiveMQPlatformReconcilerErrorHandler - [helmmetr] Pod 'test-hivemq-platform-0' phase Running
2025-01-27 17:10:36,183 INFO c.h.h.t.HelmChartContainer - [hivemq-test-hivemq-platform] [hivemq-platform-operator] [ab126b21] 17:10:36.182 [ReconcilerExecutor-hivemq-controller-112] INFO  c.h.p.o.h.HiveMQPlatformReconcilerBaseHandler - [helmmetr] HiveMQ Platform is starting, 0 of 1 replicas are ready
2025-01-27 17:10:36,251 INFO c.h.h.t.HelmChartContainer - [test-hivemq-platform] [hivemq] [657d3142] INFO  - [HiveMQ Platform Operator Init App 1.7.0-SNAPSHOT] Successfully updated Pod HiveMQ Platform Operator Init App version annotation (version: 1.7.0-SNAPSHOT)
2025-01-27 17:10:36,252 INFO c.h.h.t.HelmChartContainer - [test-hivemq-platform] [hivemq] [657d3142] WARN  - [HiveMQ Platform Operator Init App 1.7.0-SNAPSHOT] Cannot connect to Health API for readiness: null
2025-01-27 17:10:36,265 INFO c.h.h.t.HelmChartContainer - [EVENT] Warning [Unhealthy] Readiness probe failed: HTTP probe failed with statuscode: 503 [helmmetricsserviceit:test-hivemq-platform-0]
2025-01-27 17:10:36,265 INFO c.h.h.t.HelmChartContainer - Received Unhealthy event for container hivemq in pod test-hivemq-platform-0 [657d3142-fcba-4d24-b151-23bb6e92132a]
2025-01-27 17:10:41,161 INFO c.h.h.t.HelmChartContainer - [test-hivemq-platform] [hivemq] [657d3142] WARN  - [HiveMQ Platform Operator Init App 1.7.0-SNAPSHOT] Cannot connect to Health API for readiness: null
2025-01-27 17:10:41,166 INFO c.h.h.t.HelmChartContainer - [EVENT] Warning [Unhealthy] Readiness probe failed: HTTP probe failed with statuscode: 503 [helmmetricsserviceit:test-hivemq-platform-0]
2025-01-27 17:10:41,166 INFO c.h.h.t.HelmChartContainer - Received Unhealthy event for container hivemq in pod test-hivemq-platform-0 [657d3142-fcba-4d24-b151-23bb6e92132a]
2025-01-27 17:10:46,161 INFO c.h.h.t.HelmChartContainer - [test-hivemq-platform] [hivemq] [657d3142] WARN  - [HiveMQ Platform Operator Init App 1.7.0-SNAPSHOT] Cannot connect to Health API for readiness: null
2025-01-27 17:10:46,190 INFO c.h.h.t.HelmChartContainer - [hivemq-test-hivemq-platform] [hivemq-platform-operator] [ab126b21] 17:10:46.186 [pool-6-thread-46] DEBUG c.h.p.o.d.PlatformServiceResource - [helmmetr] Desired Platform services (2 services)
2025-01-27 17:10:46,190 INFO c.h.h.t.HelmChartContainer - [hivemq-test-hivemq-platform] [hivemq-platform-operator] [ab126b21] 17:10:46.187 [pool-6-thread-47] DEBUG c.h.p.o.dependants.PodInfoConfigMap - [helmmetr] Desired PodInfo ConfigMap (1 extensions) (1 enabled)
2025-01-27 17:10:46,190 INFO c.h.h.t.HelmChartContainer - [hivemq-test-hivemq-platform] [hivemq-platform-operator] [ab126b21] 17:10:46.187 [pool-6-thread-47] DEBUG c.h.p.o.dependants.PodInfoConfigMap - [helmmetr] Desired PodInfo ConfigMap (metrics port: 9499) (metrics path: /metrics)
2025-01-27 17:10:46,190 INFO c.h.h.t.HelmChartContainer - [hivemq-test-hivemq-platform] [hivemq-platform-operator] [ab126b21] 17:10:46.187 [pool-6-thread-47] DEBUG c.h.p.o.dependants.PodInfoConfigMap - [helmmetr] Desired PodInfo ConfigMap (extension state hash: 1243513115)
2025-01-27 17:10:46,191 INFO c.h.h.t.HelmChartContainer - [hivemq-test-hivemq-platform] [hivemq-platform-operator] [ab126b21] 17:10:46.189 [pool-6-thread-41] DEBUG c.h.p.o.d.PodServiceAccountResource - [helmmetr] Desired PodServiceAccountResource (serviceAccountName: hivemq-platform-pod-test-hivemq-platform)
2025-01-27 17:10:46,197 INFO c.h.h.t.HelmChartContainer - [hivemq-test-hivemq-platform] [hivemq-platform-operator] [ab126b21] 17:10:46.193 [pool-6-thread-41] DEBUG c.h.p.o.d.StatefulSetResource - [helmmetr] Desired StatefulSet (1 replicas) for status STARTING (READY)
2025-01-27 17:10:46,199 INFO c.h.h.t.HelmChartContainer - [hivemq-test-hivemq-platform] [hivemq-platform-operator] [ab126b21] 17:10:46.197 [ReconcilerExecutor-hivemq-controller-113] INFO  c.h.p.o.HiveMQPlatformReconciler - [helmmetr] Reconciling HiveMQ Platform 'test-hivemq-platform' in namespace 'helmmetricsserviceit'
2025-01-27 17:10:46,199 INFO c.h.h.t.HelmChartContainer - [hivemq-test-hivemq-platform] [hivemq-platform-operator] [ab126b21] 17:10:46.198 [ReconcilerExecutor-hivemq-controller-113] DEBUG c.h.p.o.HiveMQPlatformReconciler - [helmmetr] Custom Resource Status STARTING - HiveMQ Platform is starting (READY)
2025-01-27 17:10:46,200 INFO c.h.h.t.HelmChartContainer - [hivemq-test-hivemq-platform] [hivemq-platform-operator] [ab126b21] 17:10:46.198 [ReconcilerExecutor-hivemq-controller-113] DEBUG c.h.p.o.HiveMQPlatformReconciler - [helmmetr] Custom Resource Spec (replicas: 1) (extensions: 1)
2025-01-27 17:10:46,201 INFO c.h.h.t.HelmChartContainer - [hivemq-test-hivemq-platform] [hivemq-platform-operator] [ab126b21] 17:10:46.199 [ReconcilerExecutor-hivemq-controller-113] DEBUG c.h.p.o.HiveMQPlatformReconciler - [helmmetr] StatefulSet Status (revision: test-hivemq-platform-67f95cd95b, replicas: 1, available: 0, ready: 0, current: 1, updated: 1)
2025-01-27 17:10:46,202 INFO c.h.h.t.HelmChartContainer - [hivemq-test-hivemq-platform] [hivemq-platform-operator] [ab126b21] 17:10:46.199 [ReconcilerExecutor-hivemq-controller-113] DEBUG c.h.p.o.HiveMQPlatformReconciler - [helmmetr] StatefulSet Spec (replicas: 1, init containers: 1, containers: 1, volumes: 3)
2025-01-27 17:10:46,249 INFO c.h.h.t.HelmChartContainer - [EVENT] Warning [Unhealthy] Readiness probe failed: HTTP probe failed with statuscode: 503 [helmmetricsserviceit:test-hivemq-platform-0]
2025-01-27 17:10:46,250 INFO c.h.h.t.HelmChartContainer - Received Unhealthy event for container hivemq in pod test-hivemq-platform-0 [657d3142-fcba-4d24-b151-23bb6e92132a]
2025-01-27 17:10:46,251 INFO c.h.h.t.HelmChartContainer - [test-hivemq-platform] [hivemq] [657d3142] WARN  - [HiveMQ Platform Operator Init App 1.7.0-SNAPSHOT] Cannot connect to Health API for liveness: null
2025-01-27 17:10:46,252 INFO c.h.h.t.HelmChartContainer - [test-hivemq-platform] [hivemq] [657d3142] INFO  - [HiveMQ Platform Operator Init App 1.7.0-SNAPSHOT] Returning default Health API response 200 for liveness
2025-01-27 17:10:46,278 INFO c.h.h.t.HelmChartContainer - [hivemq-test-hivemq-platform] [hivemq-platform-operator] [ab126b21] 17:10:46.276 [ReconcilerExecutor-hivemq-controller-113] DEBUG c.h.p.o.h.HiveMQPlatformReconcilerErrorHandler - [helmmetr] Pod 'test-hivemq-platform-0' phase Running
2025-01-27 17:10:46,279 INFO c.h.h.t.HelmChartContainer - [hivemq-test-hivemq-platform] [hivemq-platform-operator] [ab126b21] 17:10:46.278 [ReconcilerExecutor-hivemq-controller-113] INFO  c.h.p.o.h.HiveMQPlatformReconcilerBaseHandler - [helmmetr] HiveMQ Platform is starting, 0 of 1 replicas are ready
2025-01-27 17:10:48,872 INFO c.h.h.t.HelmChartContainer - [test-hivemq-platform] [hivemq] [657d3142] INFO  - No valid license file found. Using trial license, restricted to 25 connections.
2025-01-27 17:10:51,241 INFO c.h.h.t.HelmChartContainer - [test-hivemq-platform] [hivemq] [657d3142] WARN  - [HiveMQ Platform Operator Init App 1.7.0-SNAPSHOT] Cannot connect to Health API for readiness: null
2025-01-27 17:10:51,246 INFO c.h.h.t.HelmChartContainer - [EVENT] Warning [Unhealthy] Readiness probe failed: HTTP probe failed with statuscode: 503 [helmmetricsserviceit:test-hivemq-platform-0]
2025-01-27 17:10:51,246 INFO c.h.h.t.HelmChartContainer - Received Unhealthy event for container hivemq in pod test-hivemq-platform-0 [657d3142-fcba-4d24-b151-23bb6e92132a]
2025-01-27 17:10:52,350 INFO c.h.h.t.HelmChartContainer - [test-hivemq-platform] [hivemq] [657d3142] INFO  - No valid license file for Data Hub found. Using free license, restricted to 1 policy.
2025-01-27 17:10:53,251 INFO c.h.h.t.HelmChartContainer - [test-hivemq-platform] [hivemq] [657d3142] INFO  - Audit Logger started.
2025-01-27 17:10:53,564 INFO c.h.h.t.HelmChartContainer - [test-hivemq-platform] [hivemq] [657d3142] INFO  - This node uses '1' CPU cores.
2025-01-27 17:10:53,568 INFO c.h.h.t.HelmChartContainer - [test-hivemq-platform] [hivemq] [657d3142] INFO  - Starting HiveMQ Health API on address 0.0.0.0 and port 8889
2025-01-27 17:10:54,459 INFO c.h.h.t.HelmChartContainer - [test-hivemq-platform] [hivemq] [657d3142] INFO  - Started HiveMQ Health API in 891ms
2025-01-27 17:10:54,541 INFO c.h.h.t.HelmChartContainer - [test-hivemq-platform] [hivemq] [657d3142] INFO  - Starting HiveMQ extension system.
2025-01-27 17:10:54,844 INFO c.h.h.t.HelmChartContainer - [test-hivemq-platform] [hivemq] [657d3142] INFO  - Starting extension with id "hivemq-dns-cluster-discovery" at /opt/hivemq/extensions/hivemq-dns-cluster-discovery
2025-01-27 17:10:55,349 INFO c.h.h.t.HelmChartContainer - [test-hivemq-platform] [hivemq] [657d3142] INFO  - Extension "DNS Cluster Discovery Extension" version 4.3.2 started successfully.
2025-01-27 17:10:55,350 INFO c.h.h.t.HelmChartContainer - [test-hivemq-platform] [hivemq] [657d3142] INFO  - Starting extension with id "hivemq-prometheus-extension" at /opt/hivemq/extensions/hivemq-prometheus-extension
2025-01-27 17:10:55,352 INFO c.h.h.t.HelmChartContainer - [test-hivemq-platform] [hivemq] [657d3142] INFO  - Using TCP cluster transport on address 10.42.0.16 and port 7000
2025-01-27 17:10:55,447 INFO c.h.h.t.HelmChartContainer - [test-hivemq-platform] [hivemq] [657d3142] INFO  - Using extension cluster discovery
2025-01-27 17:10:56,289 INFO c.h.h.t.HelmChartContainer - [hivemq-test-hivemq-platform] [hivemq-platform-operator] [ab126b21] 17:10:56.286 [pool-6-thread-4] DEBUG c.h.p.o.d.PlatformServiceResource - [helmmetr] Desired Platform services (2 services)
2025-01-27 17:10:56,292 INFO c.h.h.t.HelmChartContainer - [hivemq-test-hivemq-platform] [hivemq-platform-operator] [ab126b21] 17:10:56.289 [pool-6-thread-1] DEBUG c.h.p.o.dependants.PodInfoConfigMap - [helmmetr] Desired PodInfo ConfigMap (1 extensions) (1 enabled)
2025-01-27 17:10:56,293 INFO c.h.h.t.HelmChartContainer - [hivemq-test-hivemq-platform] [hivemq-platform-operator] [ab126b21] 17:10:56.292 [pool-6-thread-1] DEBUG c.h.p.o.dependants.PodInfoConfigMap - [helmmetr] Desired PodInfo ConfigMap (metrics port: 9499) (metrics path: /metrics)
2025-01-27 17:10:56,294 INFO c.h.h.t.HelmChartContainer - [hivemq-test-hivemq-platform] [hivemq-platform-operator] [ab126b21] 17:10:56.292 [pool-6-thread-1] DEBUG c.h.p.o.dependants.PodInfoConfigMap - [helmmetr] Desired PodInfo ConfigMap (extension state hash: 1243513115)
2025-01-27 17:10:56,295 INFO c.h.h.t.HelmChartContainer - [hivemq-test-hivemq-platform] [hivemq-platform-operator] [ab126b21] 17:10:56.292 [pool-6-thread-4] DEBUG c.h.p.o.d.PodServiceAccountResource - [helmmetr] Desired PodServiceAccountResource (serviceAccountName: hivemq-platform-pod-test-hivemq-platform)
2025-01-27 17:10:56,379 INFO c.h.h.t.HelmChartContainer - [hivemq-test-hivemq-platform] [hivemq-platform-operator] [ab126b21] 17:10:56.376 [pool-6-thread-1] DEBUG c.h.p.o.d.StatefulSetResource - [helmmetr] Desired StatefulSet (1 replicas) for status STARTING (READY)
2025-01-27 17:10:56,381 INFO c.h.h.t.HelmChartContainer - [hivemq-test-hivemq-platform] [hivemq-platform-operator] [ab126b21] 17:10:56.380 [ReconcilerExecutor-hivemq-controller-114] INFO  c.h.p.o.HiveMQPlatformReconciler - [helmmetr] Reconciling HiveMQ Platform 'test-hivemq-platform' in namespace 'helmmetricsserviceit'
2025-01-27 17:10:56,381 INFO c.h.h.t.HelmChartContainer - [hivemq-test-hivemq-platform] [hivemq-platform-operator] [ab126b21] 17:10:56.380 [ReconcilerExecutor-hivemq-controller-114] DEBUG c.h.p.o.HiveMQPlatformReconciler - [helmmetr] Custom Resource Status STARTING - HiveMQ Platform is starting (READY)
2025-01-27 17:10:56,381 INFO c.h.h.t.HelmChartContainer - [hivemq-test-hivemq-platform] [hivemq-platform-operator] [ab126b21] 17:10:56.380 [ReconcilerExecutor-hivemq-controller-114] DEBUG c.h.p.o.HiveMQPlatformReconciler - [helmmetr] Custom Resource Spec (replicas: 1) (extensions: 1)
2025-01-27 17:10:56,383 INFO c.h.h.t.HelmChartContainer - [hivemq-test-hivemq-platform] [hivemq-platform-operator] [ab126b21] 17:10:56.382 [ReconcilerExecutor-hivemq-controller-114] DEBUG c.h.p.o.HiveMQPlatformReconciler - [helmmetr] StatefulSet Status (revision: test-hivemq-platform-67f95cd95b, replicas: 1, available: 0, ready: 0, current: 1, updated: 1)
2025-01-27 17:10:56,383 INFO c.h.h.t.HelmChartContainer - [hivemq-test-hivemq-platform] [hivemq-platform-operator] [ab126b21] 17:10:56.382 [ReconcilerExecutor-hivemq-controller-114] DEBUG c.h.p.o.HiveMQPlatformReconciler - [helmmetr] StatefulSet Spec (replicas: 1, init containers: 1, containers: 1, volumes: 3)
2025-01-27 17:10:56,385 INFO c.h.h.t.HelmChartContainer - [hivemq-test-hivemq-platform] [hivemq-platform-operator] [ab126b21] 17:10:56.383 [ReconcilerExecutor-hivemq-controller-114] DEBUG c.h.p.o.h.HiveMQPlatformReconcilerErrorHandler - [helmmetr] Pod 'test-hivemq-platform-0' phase Running
2025-01-27 17:10:56,386 INFO c.h.h.t.HelmChartContainer - [hivemq-test-hivemq-platform] [hivemq-platform-operator] [ab126b21] 17:10:56.384 [ReconcilerExecutor-hivemq-controller-114] INFO  c.h.p.o.h.HiveMQPlatformReconcilerBaseHandler - [helmmetr] HiveMQ Platform is starting, 0 of 1 replicas are ready
2025-01-27 17:10:56,644 INFO c.h.h.t.HelmChartContainer - [test-hivemq-platform] [hivemq] [657d3142] INFO  - Started Jetty Server exposing Prometheus Servlet on URI http://0.0.0.0:9499/metrics
2025-01-27 17:10:56,644 INFO c.h.h.t.HelmChartContainer - [test-hivemq-platform] [hivemq] [657d3142] INFO  - Extension "Prometheus Monitoring Extension" version 4.0.12 started successfully.
2025-01-27 17:10:56,644 INFO c.h.h.t.HelmChartContainer - [test-hivemq-platform] [hivemq] [657d3142] INFO  - Starting extension with id "hivemq-allow-all-extension" at /opt/hivemq/extensions/hivemq-allow-all-extension
2025-01-27 17:10:56,644 INFO c.h.h.t.HelmChartContainer - [test-hivemq-platform] [hivemq] [657d3142] WARN  - 
2025-01-27 17:10:56,644 INFO c.h.h.t.HelmChartContainer - [test-hivemq-platform] [hivemq] [657d3142] ################################################################################################################
2025-01-27 17:10:56,645 INFO c.h.h.t.HelmChartContainer - [test-hivemq-platform] [hivemq] [657d3142] # This HiveMQ deployment is not secure! You are lacking Authentication and Authorization.                      #
2025-01-27 17:10:56,645 INFO c.h.h.t.HelmChartContainer - [test-hivemq-platform] [hivemq] [657d3142] # Right now any MQTT client can connect to the broker with a full set of permissions.                          #
2025-01-27 17:10:56,645 INFO c.h.h.t.HelmChartContainer - [test-hivemq-platform] [hivemq] [657d3142] # For production usage, add an appropriate security extension and remove the hivemq-allow-all extension.       #
2025-01-27 17:10:56,645 INFO c.h.h.t.HelmChartContainer - [test-hivemq-platform] [hivemq] [657d3142] # You can download security extensions from the HiveMQ Marketplace (https://www.hivemq.com/extensions/).       #
2025-01-27 17:10:56,645 INFO c.h.h.t.HelmChartContainer - [test-hivemq-platform] [hivemq] [657d3142] ################################################################################################################
2025-01-27 17:10:56,645 INFO c.h.h.t.HelmChartContainer - [test-hivemq-platform] [hivemq] [657d3142] INFO  - Extension "Allow All Extension" version 1.1.0 started successfully.
2025-01-27 17:10:57,043 INFO c.h.h.t.HelmChartContainer - [test-hivemq-platform] [hivemq] [657d3142] INFO  - [HiveMQ Platform Operator Init App 1.7.0-SNAPSHOT] Returning Health API response 503 for readiness
2025-01-27 17:10:57,048 INFO c.h.h.t.HelmChartContainer - [EVENT] Warning [Unhealthy] Readiness probe failed: HTTP probe failed with statuscode: 503 [helmmetricsserviceit:test-hivemq-platform-0]
2025-01-27 17:10:57,048 INFO c.h.h.t.HelmChartContainer - Received Unhealthy event for container hivemq in pod test-hivemq-platform-0 [657d3142-fcba-4d24-b151-23bb6e92132a]
2025-01-27 17:10:58,449 INFO c.h.h.t.HelmChartContainer - [test-hivemq-platform] [hivemq] [657d3142] INFO  - 7TIEM: no members discovered after 2302 ms: creating cluster as first member
2025-01-27 17:10:58,455 INFO c.h.h.t.HelmChartContainer - [test-hivemq-platform] [hivemq] [657d3142] INFO  - Cluster nodes found by discovery: [7TIEM|0] (1) [7TIEM].
2025-01-27 17:10:58,474 INFO c.h.h.t.HelmChartContainer - [test-hivemq-platform] [hivemq] [657d3142] INFO  - No user for HiveMQ Control Center configured. Starting with default user
2025-01-27 17:10:58,474 INFO c.h.h.t.HelmChartContainer - [test-hivemq-platform] [hivemq] [657d3142] INFO  - Starting HiveMQ Control Center on address 127.0.0.1 and port 8080
2025-01-27 17:10:58,541 INFO c.h.h.t.HelmChartContainer - [test-hivemq-platform] [hivemq] [657d3142] INFO  - Mounting HiveMQ Control Center V2 Preview
2025-01-27 17:10:59,241 INFO c.h.h.t.HelmChartContainer - [test-hivemq-platform] [hivemq] [657d3142] INFO  - Started HiveMQ Control Center in 766ms
2025-01-27 17:10:59,262 INFO c.h.h.t.HelmChartContainer - [test-hivemq-platform] [hivemq] [657d3142] INFO  - Starting TCP listener on address 0.0.0.0 and port 1883
2025-01-27 17:10:59,353 INFO c.h.h.t.HelmChartContainer - [test-hivemq-platform] [hivemq] [657d3142] INFO  - Started TCP Listener on address 0.0.0.0 and on port 1883.
2025-01-27 17:10:59,353 INFO c.h.h.t.HelmChartContainer - [test-hivemq-platform] [hivemq] [657d3142] INFO  - Started HiveMQ in 31198ms
2025-01-27 17:11:01,163 INFO c.h.h.t.HelmChartContainer - [test-hivemq-platform] [hivemq] [657d3142] INFO  - [HiveMQ Platform Operator Init App 1.7.0-SNAPSHOT] Returning Health API response 200 for readiness
2025-01-27 17:11:01,178 INFO c.h.h.t.HelmChartContainer - [POD] test-hivemq-platform-0 [657d3142-fcba-4d24-b151-23bb6e92132a] in helmmetricsserviceit was MODIFIED
2025-01-27 17:11:01,190 INFO c.h.h.t.HelmChartContainer - [hivemq-test-hivemq-platform] [hivemq-platform-operator] [ab126b21] 17:11:01.184 [pool-6-thread-16] DEBUG c.h.p.o.d.PlatformServiceResource - [helmmetr] Desired Platform services (2 services)
2025-01-27 17:11:01,196 INFO c.h.h.t.HelmChartContainer - [hivemq-test-hivemq-platform] [hivemq-platform-operator] [ab126b21] 17:11:01.186 [pool-6-thread-18] DEBUG c.h.p.o.dependants.PodInfoConfigMap - [helmmetr] Desired PodInfo ConfigMap (1 extensions) (1 enabled)
2025-01-27 17:11:01,196 INFO c.h.h.t.HelmChartContainer - [hivemq-test-hivemq-platform] [hivemq-platform-operator] [ab126b21] 17:11:01.186 [pool-6-thread-18] DEBUG c.h.p.o.dependants.PodInfoConfigMap - [helmmetr] Desired PodInfo ConfigMap (metrics port: 9499) (metrics path: /metrics)
2025-01-27 17:11:01,196 INFO c.h.h.t.HelmChartContainer - [hivemq-test-hivemq-platform] [hivemq-platform-operator] [ab126b21] 17:11:01.187 [pool-6-thread-18] DEBUG c.h.p.o.dependants.PodInfoConfigMap - [helmmetr] Desired PodInfo ConfigMap (extension state hash: 1243513115)
2025-01-27 17:11:01,196 INFO c.h.h.t.HelmChartContainer - [hivemq-test-hivemq-platform] [hivemq-platform-operator] [ab126b21] 17:11:01.190 [pool-6-thread-16] DEBUG c.h.p.o.d.PodServiceAccountResource - [helmmetr] Desired PodServiceAccountResource (serviceAccountName: hivemq-platform-pod-test-hivemq-platform)
2025-01-27 17:11:01,198 INFO c.h.h.t.HelmChartContainer - [hivemq-test-hivemq-platform] [hivemq-platform-operator] [ab126b21] 17:11:01.197 [pool-6-thread-15] DEBUG c.h.p.o.d.StatefulSetResource - [helmmetr] Desired StatefulSet (1 replicas) for status STARTING (READY)
2025-01-27 17:11:01,276 INFO c.h.h.t.HelmChartContainer - [hivemq-test-hivemq-platform] [hivemq-platform-operator] [ab126b21] 17:11:01.273 [ReconcilerExecutor-hivemq-controller-115] INFO  c.h.p.o.HiveMQPlatformReconciler - [helmmetr] Reconciling HiveMQ Platform 'test-hivemq-platform' in namespace 'helmmetricsserviceit'
2025-01-27 17:11:01,276 INFO c.h.h.t.HelmChartContainer - [hivemq-test-hivemq-platform] [hivemq-platform-operator] [ab126b21] 17:11:01.274 [ReconcilerExecutor-hivemq-controller-115] DEBUG c.h.p.o.HiveMQPlatformReconciler - [helmmetr] Custom Resource Status STARTING - HiveMQ Platform is starting (READY)
2025-01-27 17:11:01,278 INFO c.h.h.t.HelmChartContainer - [hivemq-test-hivemq-platform] [hivemq-platform-operator] [ab126b21] 17:11:01.274 [ReconcilerExecutor-hivemq-controller-115] DEBUG c.h.p.o.HiveMQPlatformReconciler - [helmmetr] Custom Resource Spec (replicas: 1) (extensions: 1)
2025-01-27 17:11:01,279 INFO c.h.h.t.HelmChartContainer - [hivemq-test-hivemq-platform] [hivemq-platform-operator] [ab126b21] 17:11:01.276 [ReconcilerExecutor-hivemq-controller-115] DEBUG c.h.p.o.HiveMQPlatformReconciler - [helmmetr] StatefulSet Status (revision: test-hivemq-platform-67f95cd95b, replicas: 1, available: 1, ready: 1, current: 1, updated: 1)
2025-01-27 17:11:01,279 INFO c.h.h.t.HelmChartContainer - [hivemq-test-hivemq-platform] [hivemq-platform-operator] [ab126b21] 17:11:01.276 [ReconcilerExecutor-hivemq-controller-115] DEBUG c.h.p.o.HiveMQPlatformReconciler - [helmmetr] StatefulSet Spec (replicas: 1, init containers: 1, containers: 1, volumes: 3)
2025-01-27 17:11:01,279 INFO c.h.h.t.HelmChartContainer - [hivemq-test-hivemq-platform] [hivemq-platform-operator] [ab126b21] 17:11:01.277 [ReconcilerExecutor-hivemq-controller-115] DEBUG c.h.p.o.h.HiveMQPlatformReconcilerErrorHandler - [helmmetr] Pod 'test-hivemq-platform-0' phase Running
2025-01-27 17:11:01,279 INFO c.h.h.t.HelmChartContainer - [hivemq-test-hivemq-platform] [hivemq-platform-operator] [ab126b21] 17:11:01.278 [ReconcilerExecutor-hivemq-controller-115] INFO  c.h.p.o.h.HiveMQPlatformReconcilerBaseHandler - [helmmetr] HiveMQ Platform started successfully
2025-01-27 17:11:01,346 INFO c.h.h.t.HelmChartContainer - [hivemq-test-hivemq-platform] [hivemq-platform-operator] [ab126b21] 17:11:01.345 [ReconcilerExecutor-hivemq-controller-115] DEBUG c.h.p.operator.event.EventSender - [helmmetr] Creating K8s event hivemq-platform-ready: [Ready] HiveMQ Platform is ready
2025-01-27 17:11:01,377 INFO c.h.h.t.HelmChartContainer - [EVENT] Normal [Ready] HiveMQ Platform is ready [helmmetricsserviceit:test-hivemq-platform]
2025-01-27 17:11:01,379 INFO c.h.h.t.HelmChartContainer - [hivemq-test-hivemq-platform] [hivemq-platform-operator] [ab126b21] 17:11:01.378 [ReconcilerExecutor-hivemq-controller-115] INFO  c.h.p.o.h.AbstractHiveMQReconcilerStateHandler - [helmmetr] Update HiveMQ Platform Status (STARTING [READY] -> RUNNING [READY]): HiveMQ Platform is ready
2025-01-27 17:11:01,386 DEBUG com.hivemq.helmcharts.util.K8sUtil - Comparing actual state 'RUNNING' and waiting for 'RUNNING'
2025-01-27 17:11:01,394 INFO c.h.h.t.HelmChartContainer - [hivemq-test-hivemq-platform] [hivemq-platform-operator] [ab126b21] 17:11:01.391 [pool-6-thread-21] DEBUG c.h.p.o.dependants.PodInfoConfigMap - [helmmetr] Desired PodInfo ConfigMap (1 extensions) (1 enabled)
2025-01-27 17:11:01,394 INFO c.h.h.t.HelmChartContainer - [hivemq-test-hivemq-platform] [hivemq-platform-operator] [ab126b21] 17:11:01.391 [pool-6-thread-21] DEBUG c.h.p.o.dependants.PodInfoConfigMap - [helmmetr] Desired PodInfo ConfigMap (metrics port: 9499) (metrics path: /metrics)
2025-01-27 17:11:01,394 INFO c.h.h.t.HelmChartContainer - [hivemq-test-hivemq-platform] [hivemq-platform-operator] [ab126b21] 17:11:01.391 [pool-6-thread-21] DEBUG c.h.p.o.dependants.PodInfoConfigMap - [helmmetr] Desired PodInfo ConfigMap (extension state hash: 1243513115)
2025-01-27 17:11:01,394 INFO c.h.h.t.HelmChartContainer - [hivemq-test-hivemq-platform] [hivemq-platform-operator] [ab126b21] 17:11:01.392 [pool-6-thread-21] DEBUG c.h.p.o.dependants.PodInfoConfigMap - [helmmetr] Update PodInfo ConfigMap
2025-01-27 17:11:01,396 INFO c.h.h.t.HelmChartContainer - [hivemq-test-hivemq-platform] [hivemq-platform-operator] [ab126b21] 17:11:01.395 [pool-6-thread-25] DEBUG c.h.p.o.d.PodServiceAccountResource - [helmmetr] Desired PodServiceAccountResource (serviceAccountName: hivemq-platform-pod-test-hivemq-platform)
2025-01-27 17:11:01,396 INFO c.h.h.t.HelmChartContainer - [hivemq-test-hivemq-platform] [hivemq-platform-operator] [ab126b21] 17:11:01.395 [pool-6-thread-24] DEBUG c.h.p.o.d.PlatformServiceResource - [helmmetr] Desired Platform services (2 services)
2025-01-27 17:11:01,487 INFO c.h.h.t.HelmChartContainer - [hivemq-test-hivemq-platform] [hivemq-platform-operator] [ab126b21] 17:11:01.485 [pool-6-thread-21] DEBUG c.h.p.o.d.StatefulSetResource - [helmmetr] Desired StatefulSet (1 replicas) for status RUNNING (READY)
2025-01-27 17:11:01,491 INFO c.h.h.t.HelmChartContainer - [hivemq-test-hivemq-platform] [hivemq-platform-operator] [ab126b21] 17:11:01.489 [ReconcilerExecutor-hivemq-controller-116] INFO  c.h.p.o.HiveMQPlatformReconciler - [helmmetr] Reconciling HiveMQ Platform 'test-hivemq-platform' in namespace 'helmmetricsserviceit'
2025-01-27 17:11:01,491 INFO c.h.h.t.HelmChartContainer - [hivemq-test-hivemq-platform] [hivemq-platform-operator] [ab126b21] 17:11:01.489 [ReconcilerExecutor-hivemq-controller-116] DEBUG c.h.p.o.HiveMQPlatformReconciler - [helmmetr] Custom Resource Status RUNNING - HiveMQ Platform is ready (READY)
2025-01-27 17:11:01,491 INFO c.h.h.t.HelmChartContainer - [hivemq-test-hivemq-platform] [hivemq-platform-operator] [ab126b21] 17:11:01.489 [ReconcilerExecutor-hivemq-controller-116] DEBUG c.h.p.o.HiveMQPlatformReconciler - [helmmetr] Custom Resource Spec (replicas: 1) (extensions: 1)
2025-01-27 17:11:01,492 INFO c.h.h.t.HelmChartContainer - [hivemq-test-hivemq-platform] [hivemq-platform-operator] [ab126b21] 17:11:01.491 [ReconcilerExecutor-hivemq-controller-116] DEBUG c.h.p.o.HiveMQPlatformReconciler - [helmmetr] StatefulSet Status (revision: test-hivemq-platform-67f95cd95b, replicas: 1, available: 1, ready: 1, current: 1, updated: 1)
2025-01-27 17:11:01,493 INFO c.h.h.t.HelmChartContainer - [hivemq-test-hivemq-platform] [hivemq-platform-operator] [ab126b21] 17:11:01.491 [ReconcilerExecutor-hivemq-controller-116] DEBUG c.h.p.o.HiveMQPlatformReconciler - [helmmetr] StatefulSet Spec (replicas: 1, init containers: 1, containers: 1, volumes: 3)
2025-01-27 17:11:01,575 INFO c.h.h.t.HelmChartContainer - [hivemq-test-hivemq-platform] [hivemq-platform-operator] [ab126b21] 17:11:01.573 [ReconcilerExecutor-hivemq-controller-116] DEBUG c.h.p.o.h.HiveMQPlatformReconcilerErrorHandler - [helmmetr] Pod 'test-hivemq-platform-0' phase Running
2025-01-27 17:11:04,438 INFO c.h.helmcharts.util.MonitoringUtil - Asserting Prometheus subscribes metrics...
2025-01-27 17:11:05,168 INFO c.h.helmcharts.util.MonitoringUtil - Asserted subscribes metrics (729 ms)
2025-01-27 17:11:05,168 INFO c.h.helmcharts.util.MonitoringUtil - Asserting Prometheus publishes metrics...
2025-01-27 17:11:05,458 INFO c.h.helmcharts.util.MonitoringUtil - Asserted publishes metrics (289 ms)
2025-01-27 17:11:05,458 INFO c.h.h.t.HelmChartContainer - Uninstalling release 'test-hivemq-platform' in namespace 'helmmetricsserviceit'...
2025-01-27 17:11:05,458 DEBUG c.h.h.t.HelmChartContainer - Executing helm command: /bin/helm --kubeconfig /etc/rancher/k3s/k3s.yaml uninstall test-hivemq-platform  --wait --timeout 5m0s --cascade foreground --namespace helmmetricsserviceit
2025-01-27 17:11:05,650 INFO c.h.h.t.HelmChartContainer - [hivemq-test-hivemq-platform] [hivemq-platform-operator] [ab126b21] 17:11:05.647 [pool-6-thread-33] DEBUG c.h.p.o.d.PlatformServiceResource - [helmmetr] Desired Platform services (2 services)
2025-01-27 17:11:05,658 INFO c.h.h.t.HelmChartContainer - [hivemq-test-hivemq-platform] [hivemq-platform-operator] [ab126b21] 17:11:05.652 [pool-6-thread-34] DEBUG c.h.p.o.dependants.PodInfoConfigMap - [helmmetr] Desired PodInfo ConfigMap (1 extensions) (1 enabled)
2025-01-27 17:11:05,658 INFO c.h.h.t.HelmChartContainer - [hivemq-test-hivemq-platform] [hivemq-platform-operator] [ab126b21] 17:11:05.652 [pool-6-thread-34] DEBUG c.h.p.o.dependants.PodInfoConfigMap - [helmmetr] Desired PodInfo ConfigMap (metrics port: 9499) (metrics path: /metrics)
2025-01-27 17:11:05,658 INFO c.h.h.t.HelmChartContainer - [hivemq-test-hivemq-platform] [hivemq-platform-operator] [ab126b21] 17:11:05.652 [pool-6-thread-34] DEBUG c.h.p.o.dependants.PodInfoConfigMap - [helmmetr] Desired PodInfo ConfigMap (extension state hash: 1243513115)
2025-01-27 17:11:05,660 INFO c.h.h.t.HelmChartContainer - [hivemq-test-hivemq-platform] [hivemq-platform-operator] [ab126b21] 17:11:05.649 [pool-6-thread-37] DEBUG c.h.p.o.d.PodServiceAccountResource - [helmmetr] Desired PodServiceAccountResource (serviceAccountName: hivemq-platform-pod-test-hivemq-platform)
2025-01-27 17:11:05,660 INFO c.h.h.t.HelmChartContainer - [hivemq-test-hivemq-platform] [hivemq-platform-operator] [ab126b21] 17:11:05.655 [pool-6-thread-32] DEBUG c.h.p.o.d.StatefulSetResource - [helmmetr] Desired StatefulSet (1 replicas) for status RUNNING (READY)
2025-01-27 17:11:05,675 INFO c.h.h.t.HelmChartContainer - [hivemq-test-hivemq-platform] [hivemq-platform-operator] [ab126b21] 17:11:05.673 [ReconcilerExecutor-hivemq-controller-117] INFO  c.h.p.o.HiveMQPlatformReconciler - [helmmetr] Reconciling HiveMQ Platform 'test-hivemq-platform' in namespace 'helmmetricsserviceit'
2025-01-27 17:11:05,675 INFO c.h.h.t.HelmChartContainer - [hivemq-test-hivemq-platform] [hivemq-platform-operator] [ab126b21] 17:11:05.674 [ReconcilerExecutor-hivemq-controller-117] DEBUG c.h.p.o.HiveMQPlatformReconciler - [helmmetr] Custom Resource Status RUNNING - HiveMQ Platform is ready (READY)
2025-01-27 17:11:05,676 INFO c.h.h.t.HelmChartContainer - [hivemq-test-hivemq-platform] [hivemq-platform-operator] [ab126b21] 17:11:05.674 [ReconcilerExecutor-hivemq-controller-117] DEBUG c.h.p.o.HiveMQPlatformReconciler - [helmmetr] Custom Resource Spec (replicas: 1) (extensions: 1)
2025-01-27 17:11:05,692 INFO c.h.h.t.HelmChartContainer - [hivemq-test-hivemq-platform] [hivemq-platform-operator] [ab126b21] 17:11:05.676 [ReconcilerExecutor-hivemq-controller-117] DEBUG c.h.p.o.HiveMQPlatformReconciler - [helmmetr] StatefulSet Status (revision: test-hivemq-platform-67f95cd95b, replicas: 1, available: 1, ready: 1, current: 1, updated: 1)
2025-01-27 17:11:05,692 INFO c.h.h.t.HelmChartContainer - [hivemq-test-hivemq-platform] [hivemq-platform-operator] [ab126b21] 17:11:05.678 [ReconcilerExecutor-hivemq-controller-117] DEBUG c.h.p.o.HiveMQPlatformReconciler - [helmmetr] StatefulSet Spec (replicas: 1, init containers: 1, containers: 1, volumes: 3)
2025-01-27 17:11:05,692 INFO c.h.h.t.HelmChartContainer - [hivemq-test-hivemq-platform] [hivemq-platform-operator] [ab126b21] 17:11:05.679 [ReconcilerExecutor-hivemq-controller-117] DEBUG c.h.p.o.h.HiveMQPlatformReconcilerErrorHandler - [helmmetr] Pod 'test-hivemq-platform-0' phase Running
2025-01-27 17:11:05,744 INFO c.h.h.t.HelmChartContainer - [hivemq-test-hivemq-platform] [hivemq-platform-operator] [ab126b21] 17:11:05.743 [ReconcilerExecutor-hivemq-controller-118] INFO  c.h.p.o.HiveMQPlatformReconciler - [helmmetr] Cleanup test-hivemq-platform - helmmetricsserviceit HiveMQ Platform is shut down
2025-01-27 17:11:06,208 INFO c.h.h.t.HelmChartContainer - [POD] test-hivemq-platform-0 [657d3142-fcba-4d24-b151-23bb6e92132a] in helmmetricsserviceit was MODIFIED
2025-01-27 17:11:06,217 INFO c.h.h.t.HelmChartContainer - [test-hivemq-platform] [hivemq] [657d3142] INFO  - [HiveMQ Platform Operator Init App 1.7.0-SNAPSHOT] Shutting down
2025-01-27 17:11:06,217 INFO c.h.h.t.HelmChartContainer - [test-hivemq-platform] [hivemq] [657d3142] INFO  - [HiveMQ Platform Operator Init App 1.7.0-SNAPSHOT] Stopping the HiveMQ Platform
2025-01-27 17:11:06,217 INFO c.h.h.t.HelmChartContainer - [EVENT] Normal [Killing] Stopping container hivemq [helmmetricsserviceit:test-hivemq-platform-0]
2025-01-27 17:11:06,217 INFO c.h.h.t.HelmChartContainer - Received Killing event for container hivemq in pod test-hivemq-platform-0 [657d3142-fcba-4d24-b151-23bb6e92132a]
2025-01-27 17:11:06,217 INFO c.h.h.t.HelmChartContainer - Container [test-hivemq-platform-0] [hivemq] [657d3142-fcba-4d24-b151-23bb6e92132a] was terminated
2025-01-27 17:11:06,217 INFO c.h.h.t.HelmChartContainer - Stopped log watcher for hivemq in pod test-hivemq-platform-0 [657d3142-fcba-4d24-b151-23bb6e92132a]
2025-01-27 17:11:06,341 INFO c.h.h.t.HelmChartContainer - [test-hivemq-platform] [hivemq] [657d3142] INFO  - Shutting down HiveMQ. Please wait, this could take a while...
2025-01-27 17:11:06,346 INFO c.h.h.t.HelmChartContainer - [test-hivemq-platform] [hivemq] [657d3142] INFO  - Shutting down listeners and clients
2025-01-27 17:11:06,346 INFO c.h.h.t.HelmChartContainer - [test-hivemq-platform] [hivemq] [657d3142] INFO  - Shutdown of listeners is done
2025-01-27 17:11:06,346 INFO c.h.h.t.HelmChartContainer - [test-hivemq-platform] [hivemq] [657d3142] INFO  - No clients are connected, proceeding with shutdown
2025-01-27 17:11:06,743 INFO c.h.h.t.HelmChartContainer - [K3S] [authentication.go:74] "Unable to authenticate the request" err="[invalid bearer token, serviceaccounts \"hivemq-platform-pod-test-hivemq-platform\" not found]"
2025-01-27 17:11:06,761 INFO c.h.h.t.HelmChartContainer - [K3S] [authentication.go:74] "Unable to authenticate the request" err="[invalid bearer token, serviceaccounts \"hivemq-platform-pod-test-hivemq-platform\" not found]"
2025-01-27 17:11:06,845 INFO c.h.h.t.HelmChartContainer - [test-hivemq-platform] [hivemq] [657d3142] WARN  - [HiveMQ Platform Operator Init App 1.7.0-SNAPSHOT] Could not update Pod annotations: Failure executing: GET at: https://10.43.0.1:443/api/v1/namespaces/helmmetricsserviceit/pods/test-hivemq-platform-0. Message: Unauthorized. Received status: Status(apiVersion=v1, code=401, details=null, kind=Status, message=Unauthorized, metadata=ListMeta(_continue=null, remainingItemCount=null, resourceVersion=null, selfLink=null, additionalProperties={}), reason=Unauthorized, status=Failure, additionalProperties={}).
2025-01-27 17:11:07,702 INFO c.h.h.t.HelmChartContainer - Deleting namespace 'helmmetricsserviceit'...
2025-01-27 17:11:10,248 INFO c.h.h.t.HelmChartContainer - [test-hivemq-platform] [hivemq] [657d3142] INFO  - Shutting down extension system
2025-01-27 17:11:10,251 INFO c.h.h.t.HelmChartContainer - [test-hivemq-platform] [hivemq] [657d3142] INFO  - Stopping extension with id hivemq-dns-cluster-discovery
2025-01-27 17:11:10,252 INFO c.h.h.t.HelmChartContainer - [test-hivemq-platform] [hivemq] [657d3142] INFO  - Extension "DNS Cluster Discovery Extension" version 4.3.2 stopped successfully.
2025-01-27 17:11:10,252 INFO c.h.h.t.HelmChartContainer - [test-hivemq-platform] [hivemq] [657d3142] INFO  - Stopping extension with id hivemq-prometheus-extension
2025-01-27 17:11:10,255 INFO c.h.h.t.HelmChartContainer - [test-hivemq-platform] [hivemq] [657d3142] INFO  - Extension "Prometheus Monitoring Extension" version 4.0.12 stopped successfully.
2025-01-27 17:11:10,256 INFO c.h.h.t.HelmChartContainer - [test-hivemq-platform] [hivemq] [657d3142] INFO  - Stopping extension with id hivemq-allow-all-extension
2025-01-27 17:11:10,256 INFO c.h.h.t.HelmChartContainer - [test-hivemq-platform] [hivemq] [657d3142] INFO  - Extension "Allow All Extension" version 1.1.0 stopped successfully.
2025-01-27 17:11:11,160 INFO c.h.h.t.HelmChartContainer - [test-hivemq-platform] [hivemq] [657d3142] INFO  - [HiveMQ Platform Operator Init App 1.7.0-SNAPSHOT] Returning shutdown Health API response 503 for readiness
2025-01-27 17:11:11,165 INFO c.h.h.t.HelmChartContainer - [EVENT] Warning [Unhealthy] Readiness probe failed: HTTP probe failed with statuscode: 503 [helmmetricsserviceit:test-hivemq-platform-0]
2025-01-27 17:11:11,165 INFO c.h.h.t.HelmChartContainer - Received Unhealthy event for container hivemq in pod test-hivemq-platform-0 [657d3142-fcba-4d24-b151-23bb6e92132a]
2025-01-27 17:11:11,849 INFO c.h.h.t.HelmChartContainer - [K3S] [authentication.go:74] "Unable to authenticate the request" err="[invalid bearer token, serviceaccounts \"hivemq-platform-pod-test-hivemq-platform\" not found]"
2025-01-27 17:11:11,860 INFO c.h.h.t.HelmChartContainer - [K3S] [authentication.go:74] "Unable to authenticate the request" err="[invalid bearer token, serviceaccounts \"hivemq-platform-pod-test-hivemq-platform\" not found]"
2025-01-27 17:11:11,862 INFO c.h.h.t.HelmChartContainer - [test-hivemq-platform] [hivemq] [657d3142] WARN  - [HiveMQ Platform Operator Init App 1.7.0-SNAPSHOT] Could not update Pod annotations: Failure executing: GET at: https://10.43.0.1:443/api/v1/namespaces/helmmetricsserviceit/pods/test-hivemq-platform-0. Message: Unauthorized. Received status: Status(apiVersion=v1, code=401, details=null, kind=Status, message=Unauthorized, metadata=ListMeta(_continue=null, remainingItemCount=null, resourceVersion=null, selfLink=null, additionalProperties={}), reason=Unauthorized, status=Failure, additionalProperties={}).
2025-01-27 17:11:12,542 INFO c.h.h.t.HelmChartContainer - [test-hivemq-platform] [hivemq] [657d3142] INFO  - Shutdown completed.
2025-01-27 17:11:12,781 INFO c.h.h.t.HelmChartContainer - [K3S] [stateful_set.go:466] "StatefulSet has been deleted" key="helmmetricsserviceit/test-hivemq-platform"
2025-01-27 17:11:12,898 INFO c.h.h.t.HelmChartContainer - [test-hivemq-platform] [hivemq] [657d3142] INFO  - [HiveMQ Platform Operator Init App 1.7.0-SNAPSHOT] The HiveMQ Platform exited with code 143
2025-01-27 17:11:12,898 INFO c.h.h.t.HelmChartContainer - [test-hivemq-platform] [hivemq] [657d3142] INFO  - [HiveMQ Platform Operator Init App 1.7.0-SNAPSHOT] Stopping the REST API
2025-01-27 17:11:12,940 INFO c.h.h.t.HelmChartContainer - [test-hivemq-platform] [hivemq] [657d3142] INFO  - [HiveMQ Platform Operator Init App 1.7.0-SNAPSHOT] Shutdown complete
2025-01-27 17:11:13,402 INFO c.h.h.t.HelmChartContainer - [POD] test-hivemq-platform-0 [657d3142-fcba-4d24-b151-23bb6e92132a] in helmmetricsserviceit was MODIFIED
2025-01-27 17:11:13,416 INFO c.h.h.t.HelmChartContainer - [K3S] [reconciler_common.go:162] "operationExecutor.UnmountVolume started for volume \"broker-configuration\" (UniqueName: \"kubernetes.io/configmap/657d3142-fcba-4d24-b151-23bb6e92132a-broker-configuration\") pod \"657d3142-fcba-4d24-b151-23bb6e92132a\" (UID: \"657d3142-fcba-4d24-b151-23bb6e92132a\") "
2025-01-27 17:11:13,417 INFO c.h.h.t.HelmChartContainer - [K3S] [reconciler_common.go:162] "operationExecutor.UnmountVolume started for volume \"kube-api-access-x596l\" (UniqueName: \"kubernetes.io/projected/657d3142-fcba-4d24-b151-23bb6e92132a-kube-api-access-x596l\") pod \"657d3142-fcba-4d24-b151-23bb6e92132a\" (UID: \"657d3142-fcba-4d24-b151-23bb6e92132a\") "
2025-01-27 17:11:13,417 INFO c.h.h.t.HelmChartContainer - [K3S] [reconciler_common.go:162] "operationExecutor.UnmountVolume started for volume \"operator-init\" (UniqueName: \"kubernetes.io/empty-dir/657d3142-fcba-4d24-b151-23bb6e92132a-operator-init\") pod \"657d3142-fcba-4d24-b151-23bb6e92132a\" (UID: \"657d3142-fcba-4d24-b151-23bb6e92132a\") "
2025-01-27 17:11:13,417 INFO c.h.h.t.HelmChartContainer - [K3S] [reconciler_common.go:162] "operationExecutor.UnmountVolume started for volume \"pod-info\" (UniqueName: \"kubernetes.io/configmap/657d3142-fcba-4d24-b151-23bb6e92132a-pod-info\") pod \"657d3142-fcba-4d24-b151-23bb6e92132a\" (UID: \"657d3142-fcba-4d24-b151-23bb6e92132a\") "
2025-01-27 17:11:13,516 INFO c.h.h.t.HelmChartContainer - [K3S] [reconciler_common.go:299] "Volume detached for volume \"broker-configuration\" (UniqueName: \"kubernetes.io/configmap/657d3142-fcba-4d24-b151-23bb6e92132a-broker-configuration\") on node \"9aface448084\" DevicePath \"\""
2025-01-27 17:11:13,516 INFO c.h.h.t.HelmChartContainer - [K3S] [reconciler_common.go:299] "Volume detached for volume \"operator-init\" (UniqueName: \"kubernetes.io/empty-dir/657d3142-fcba-4d24-b151-23bb6e92132a-operator-init\") on node \"9aface448084\" DevicePath \"\""
2025-01-27 17:11:13,516 INFO c.h.h.t.HelmChartContainer - [K3S] [reconciler_common.go:299] "Volume detached for volume \"kube-api-access-x596l\" (UniqueName: \"kubernetes.io/projected/657d3142-fcba-4d24-b151-23bb6e92132a-kube-api-access-x596l\") on node \"9aface448084\" DevicePath \"\""
2025-01-27 17:11:13,516 INFO c.h.h.t.HelmChartContainer - [K3S] [reconciler_common.go:299] "Volume detached for volume \"pod-info\" (UniqueName: \"kubernetes.io/configmap/657d3142-fcba-4d24-b151-23bb6e92132a-pod-info\") on node \"9aface448084\" DevicePath \"\""
2025-01-27 17:11:14,245 INFO c.h.h.t.HelmChartContainer - [K3S] [scope.go:117] "RemoveContainer" containerID="b8d48024234f19be7e69070caaa8b94cffc712f9971520ab6b70e27d75caa4f2"
2025-01-27 17:11:14,269 INFO c.h.h.t.HelmChartContainer - [POD] test-hivemq-platform-0 [657d3142-fcba-4d24-b151-23bb6e92132a] in helmmetricsserviceit was MODIFIED
2025-01-27 17:11:14,273 INFO c.h.h.t.HelmChartContainer - [POD] test-hivemq-platform-0 [657d3142-fcba-4d24-b151-23bb6e92132a] in helmmetricsserviceit was DELETED
2025-01-27 17:11:14,347 INFO c.h.h.t.HelmChartContainer - [K3S] [scope.go:117] "RemoveContainer" containerID="f63828c34221884bdcd7d75e87e17c92d66404c9fb1cc8df514a4cdb324a98a3"
2025-01-27 17:11:14,353 INFO c.h.h.t.HelmChartContainer - [K3S] [scope.go:117] "RemoveContainer" containerID="b8d48024234f19be7e69070caaa8b94cffc712f9971520ab6b70e27d75caa4f2"
2025-01-27 17:11:14,355 INFO c.h.h.t.HelmChartContainer - [K3S] [scope.go:117] "RemoveContainer" containerID="f63828c34221884bdcd7d75e87e17c92d66404c9fb1cc8df514a4cdb324a98a3"
2025-01-27 17:11:14,427 INFO c.h.h.t.HelmChartContainer - [K3S] [kubelet_volumes.go:163] "Cleaned up orphaned pod volumes dir" podUID="657d3142-fcba-4d24-b151-23bb6e92132a" path="/var/lib/kubelet/pods/657d3142-fcba-4d24-b151-23bb6e92132a/volumes"
2025-01-27 17:11:18,032 INFO c.h.h.t.HelmChartContainer - Namespace 'helmmetricsserviceit' deleted
2025-01-27 17:11:18,032 INFO c.h.h.t.HelmChartContainer - Release 'test-hivemq-platform' in namespace 'helmmetricsserviceit' is uninstalled
2025-01-27 17:11:18,032 INFO c.h.h.t.HelmChartContainer - Uninstalling release 'test-hivemq-platform-operator' in namespace 'helmmetricsserviceit-operator'...
2025-01-27 17:11:18,032 DEBUG c.h.h.t.HelmChartContainer - Executing helm command: /bin/helm --kubeconfig /etc/rancher/k3s/k3s.yaml uninstall test-hivemq-platform-operator  --wait --timeout 5m0s --cascade foreground --namespace helmmetricsserviceit-operator
2025-01-27 17:11:18,204 INFO c.h.h.t.HelmChartContainer - [K3S] [replica_set.go:679] "Finished syncing" kind="ReplicaSet" key="helmmetricsserviceit-operator/hivemq-test-hivemq-platform-operator-6966f96d65" duration="12.857277ms"
2025-01-27 17:11:18,204 INFO c.h.h.t.HelmChartContainer - [K3S] [replica_set.go:679] "Finished syncing" kind="ReplicaSet" key="helmmetricsserviceit-operator/hivemq-test-hivemq-platform-operator-6966f96d65" duration="36.839µs"
2025-01-27 17:11:18,220 INFO c.h.h.t.HelmChartContainer - [POD] hivemq-test-hivemq-platform-operator-6966f96d65-zxz76 [ab126b21-eb78-4372-9202-072299cdf5c4] in helmmetricsserviceit-operator was MODIFIED
2025-01-27 17:11:18,224 INFO c.h.h.t.HelmChartContainer - [EVENT] Normal [Killing] Stopping container hivemq-platform-operator [helmmetricsserviceit-operator:hivemq-test-hivemq-platform-operator-6966f96d65-zxz76]
2025-01-27 17:11:18,225 INFO c.h.h.t.HelmChartContainer - Received Killing event for container hivemq-platform-operator in pod hivemq-test-hivemq-platform-operator-6966f96d65-zxz76 [ab126b21-eb78-4372-9202-072299cdf5c4]
2025-01-27 17:11:18,225 INFO c.h.h.t.HelmChartContainer - Container [hivemq-test-hivemq-platform-operator-6966f96d65-zxz76] [hivemq-platform-operator] [ab126b21-eb78-4372-9202-072299cdf5c4] was terminated
2025-01-27 17:11:18,225 INFO c.h.h.t.HelmChartContainer - Stopped log watcher for hivemq-platform-operator in pod hivemq-test-hivemq-platform-operator-6966f96d65-zxz76 [ab126b21-eb78-4372-9202-072299cdf5c4]
2025-01-27 17:11:18,228 INFO c.h.h.t.HelmChartContainer - [hivemq-test-hivemq-platform] [hivemq-platform-operator] [ab126b21] 17:11:18.227 [application-shutdown-thread] INFO  c.h.p.o.HiveMQPlatformOperatorApplication - HiveMQ Platform Operator is stopping...
2025-01-27 17:11:18,229 INFO c.h.h.t.HelmChartContainer - [K3S] [replica_set.go:679] "Finished syncing" kind="ReplicaSet" key="helmmetricsserviceit-operator/hivemq-test-hivemq-platform-operator-6966f96d65" duration="12.94457ms"
2025-01-27 17:11:18,230 INFO c.h.h.t.HelmChartContainer - [K3S] [replica_set.go:679] "Finished syncing" kind="ReplicaSet" key="helmmetricsserviceit-operator/hivemq-test-hivemq-platform-operator-6966f96d65" duration="50.695µs"
2025-01-27 17:11:18,232 INFO c.h.h.t.HelmChartContainer - [hivemq-test-hivemq-platform] [hivemq-platform-operator] [ab126b21] 17:11:18.228 [application-shutdown-thread] INFO  i.javaoperatorsdk.operator.Operator - Operator SDK 4.9.7 is shutting down...
2025-01-27 17:11:18,886 INFO c.h.h.t.HelmChartContainer - [K3S] [replica_set.go:679] "Finished syncing" kind="ReplicaSet" key="helmmetricsserviceit-operator/hivemq-test-hivemq-platform-operator-6966f96d65" duration="39.414µs"
2025-01-27 17:11:18,888 INFO c.h.h.t.HelmChartContainer - [POD] hivemq-test-hivemq-platform-operator-6966f96d65-zxz76 [ab126b21-eb78-4372-9202-072299cdf5c4] in helmmetricsserviceit-operator was MODIFIED
2025-01-27 17:11:18,947 INFO c.h.h.t.HelmChartContainer - [K3S] [reconciler_common.go:162] "operationExecutor.UnmountVolume started for volume \"kube-api-access-c5rzb\" (UniqueName: \"kubernetes.io/projected/ab126b21-eb78-4372-9202-072299cdf5c4-kube-api-access-c5rzb\") pod \"ab126b21-eb78-4372-9202-072299cdf5c4\" (UID: \"ab126b21-eb78-4372-9202-072299cdf5c4\") "
2025-01-27 17:11:19,047 INFO c.h.h.t.HelmChartContainer - [K3S] [reconciler_common.go:299] "Volume detached for volume \"kube-api-access-c5rzb\" (UniqueName: \"kubernetes.io/projected/ab126b21-eb78-4372-9202-072299cdf5c4-kube-api-access-c5rzb\") on node \"9aface448084\" DevicePath \"\""
2025-01-27 17:11:19,253 INFO c.h.h.t.HelmChartContainer - [K3S] [scope.go:117] "RemoveContainer" containerID="0d863faa4bc501aa9934de0db289888a89729243478705af170e0e38aa1e5de8"
2025-01-27 17:11:19,257 INFO c.h.h.t.HelmChartContainer - [K3S] [scope.go:117] "RemoveContainer" containerID="0d863faa4bc501aa9934de0db289888a89729243478705af170e0e38aa1e5de8"
2025-01-27 17:11:19,265 INFO c.h.h.t.HelmChartContainer - [K3S] [replica_set.go:679] "Finished syncing" kind="ReplicaSet" key="helmmetricsserviceit-operator/hivemq-test-hivemq-platform-operator-6966f96d65" duration="53.43µs"
2025-01-27 17:11:19,266 INFO c.h.h.t.HelmChartContainer - [POD] hivemq-test-hivemq-platform-operator-6966f96d65-zxz76 [ab126b21-eb78-4372-9202-072299cdf5c4] in helmmetricsserviceit-operator was MODIFIED
2025-01-27 17:11:19,268 INFO c.h.h.t.HelmChartContainer - [POD] hivemq-test-hivemq-platform-operator-6966f96d65-zxz76 [ab126b21-eb78-4372-9202-072299cdf5c4] in helmmetricsserviceit-operator was DELETED
2025-01-27 17:11:19,268 INFO c.h.h.t.HelmChartContainer - [K3S] [replica_set.go:679] "Finished syncing" kind="ReplicaSet" key="helmmetricsserviceit-operator/hivemq-test-hivemq-platform-operator-6966f96d65" duration="31.9µs"
2025-01-27 17:11:19,278 INFO c.h.h.t.HelmChartContainer - [K3S] [replica_set.go:679] "Finished syncing" kind="ReplicaSet" key="helmmetricsserviceit-operator/hivemq-test-hivemq-platform-operator-6966f96d65" duration="6.141µs"
2025-01-27 17:11:20,245 INFO c.h.h.t.HelmChartContainer - Deleting namespace 'helmmetricsserviceit-operator'...
2025-01-27 17:11:20,428 INFO c.h.h.t.HelmChartContainer - [K3S] [kubelet_volumes.go:163] "Cleaned up orphaned pod volumes dir" podUID="ab126b21-eb78-4372-9202-072299cdf5c4" path="/var/lib/kubelet/pods/ab126b21-eb78-4372-9202-072299cdf5c4/volumes"
2025-01-27 17:11:23,010 INFO c.h.h.t.HelmChartContainer - [K3S] [namespace_controller.go:187] "Namespace has been deleted" namespace="helmmetricsserviceit"
2025-01-27 17:11:25,464 INFO c.h.h.t.HelmChartContainer - Namespace 'helmmetricsserviceit-operator' deleted
2025-01-27 17:11:25,464 INFO c.h.h.t.HelmChartContainer - Release 'test-hivemq-platform-operator' in namespace 'helmmetricsserviceit-operator' is uninstalled
2025-01-27 17:11:26,216 INFO c.h.helmcharts.AbstractHelmChartIT - Removed unused containers:

2025-01-27 17:11:30,406 INFO c.h.h.t.HelmChartContainer - [K3S] [namespace_controller.go:187] "Namespace has been deleted" namespace="helmmetricsserviceit-operator"
2025-01-27 17:11:34,251 INFO c.h.helmcharts.AbstractHelmChartIT - Removed unused snapshots:
Removing snapshot sha256:026a712f86a389a5fd74927b58e3b9c46d97b4685244a93cf8afd5dd2d926256
Removing snapshot sha256:03af251906410714c5aef9fa705b63f6bbc39c4a5e787de7361eeb18886c2ed2
Removing snapshot sha256:04586d725303b4dcbc0cdc42a56e7852bc8859e90a3b42def5c29ab6c5b2378a
Removing snapshot sha256:0c46b3b43cce082ce5ec34ffc6c294e0417d17b9d1e6f366d114b6aadc4f96dc
Removing snapshot sha256:0ce761beee59082d6ed5bcebd3a805b8ddd9b3426b617e4809e7fb7c6587ffec
Removing snapshot sha256:1021ef88c7974bfff89c5a0ec4fd3160daac6c48a075f74cff721f85dd104e68
Removing snapshot sha256:10aba4953ddc18145dd38e3704709bc464aa20af60b56fe52caaff4b68411e62
Removing snapshot sha256:12fcdb97878a8124028dd759e7639b77bca16c0f46aabea18189ae25af2554ab
Removing snapshot sha256:2573e0d8158209ed54ab25c87bcdcb00bd3d2539246960a3d592a1c599d70465
Removing snapshot sha256:2cf610295c5ad34955031d3c41fb764bdfc745da0cf82abe41ac4639950ce550
Removing snapshot sha256:362a8a37f8bbc31925a8146adcf7cf51f9882f5c1dcbef67c5baa03a297543c0
Removing snapshot sha256:3fa4ad33f0ddc8fd45b39b6b4640f82a3a83619606cd975bfe89d8710ad2d4cd
Removing snapshot sha256:43a7c979bbaba6838bc3102d6b10a1459f3ab050b87ccdfef84ef90cf43d3058
Removing snapshot sha256:4ab04491cdf0d3267f08206fe30bd48f49f94b9cab2f016d6739220f722a64af
Removing snapshot sha256:4b6068250e89c96f263060261819c7d912855bfbd64b3eb4c4a8483299b8c295
Removing snapshot sha256:54760460dde328a0df5fb97426e3821ea3128f2a777231b6e8478cdaf84d50a9
Removing snapshot sha256:580e69a0a8034ede1921139bbd2bfb72a69ebf276d008281896c32dd8bf74775
Removing snapshot sha256:5ad32423e4b556ca23e4a282f00b6c28ba2ec8ad2b7822350a080868a3597d3e
Removing snapshot sha256:5d30ba46b27fe37484567ccc5242cadc78217b8da605f3f195ef25cbf7487904
Removing snapshot sha256:63ca1fbb43ae5034640e5e6cb3e083e05c290072c5366fcaa9d62435a4cced85
Removing snapshot sha256:67f702c6baae873bceb19487c8b1f27bd2b86077e4f2f0e480e6d60ab508b8f5
Removing snapshot sha256:6864348dd42806d552efdec384f1274be15e2d0c10ce44c1f04347af004c10a9
Removing snapshot sha256:6b6a1f10cca10ea08499c191fc025406a23858de44f58930b06dc6608ff034e5
Removing snapshot sha256:6c7dee8f2c39b84b7dc2711c01d33de93514d9055499173e9290176fbe484b6c
Removing snapshot sha256:7b2aa6aba803f974c0e42821c12d550dab643cfde5b2ae9d51d0ce8c21e36e85
Removing snapshot sha256:82753493a6d61ded36556292f02f31841a14c20d2f279f19eaad65afb661d5cd
Removing snapshot sha256:8a10d3db42c505ee0fcfa98417bdd7e39b304f6bcc0a06bb1b220797ff2cc63c
Removing snapshot sha256:a21e5b12dbac529ad45d976eb9ce45c881f3bedcc500fb30aba1e52aa1813418
Removing snapshot sha256:ac9d8330e75ede9975e85885d37fe1b8a235e1f1028f44c5e88adbf909d40d09
Removing snapshot sha256:b921e6c28969094157f9b8e7244677780319637afd14450b7cb6b2fdea558a0c
Removing snapshot sha256:bc27ecb5769a00e309cf99ebc763c4a4b958b618d1decc96ffac5bc05f02f5b7
Removing snapshot sha256:be3ccb6627a5332e309d45ef461d09b4879dd870c7394d89323d0ebc6ca6aa8a
Removing snapshot sha256:c261f7cbbc64211ee175ee47273acdb7b1a36a4450b397a064a8f2c026490095
Removing snapshot sha256:c34d9393647eea0c9e3557ab988efaf59f61d10a2a5613b439ef0958cca5ec10
Removing snapshot sha256:ccf3c4a0fa967a41c1c83497a2ce6fa5787965859df0adb32c4ca2cf7490bc2b
Removing snapshot sha256:cf92d33f869417309692088c341cd0f223c178ea78a125f757317b22aa8f90e9
Removing snapshot sha256:d0037344cf2fb078884f1849f6a1f8cf9a33a3b6139b6a85833e5ee528e1f9a8
Removing snapshot sha256:d3b36d5b79273b1e98e7700470eaeff05a882e777124d84cebcc1505b85ecb36
Removing snapshot sha256:d65a44a37914602d12c611e5e22a50f11451d847e63015cc1c2aef92dee777a4
Removing snapshot sha256:e2dc0bae2455930f23ae570e019b7f32edc75c0f2d71cab084db837ff9051796
Removing snapshot sha256:eccbd24a99c60cd9e86ee5305dbfc4a4dc89f5ab4fb1f06c8d64797cecedef34
Removing snapshot sha256:f144bb4c7c7f0d2aa7eeffd36d934ec40db1ee167be727e326aad9fdc616f475

2025-01-27 17:11:34,252 WARN c.h.helmcharts.AbstractHelmChartIT - Error during removal of snapshots:
ctr: failed to remove "sha256:026a712f86a389a5fd74927b58e3b9c46d97b4685244a93cf8afd5dd2d926256": cannot remove snapshot with child: failed precondition
ctr: failed to remove "sha256:03af251906410714c5aef9fa705b63f6bbc39c4a5e787de7361eeb18886c2ed2": cannot remove snapshot with child: failed precondition
ctr: failed to remove "sha256:04586d725303b4dcbc0cdc42a56e7852bc8859e90a3b42def5c29ab6c5b2378a": cannot remove snapshot with child: failed precondition
ctr: failed to remove "sha256:0c46b3b43cce082ce5ec34ffc6c294e0417d17b9d1e6f366d114b6aadc4f96dc": cannot remove snapshot with child: failed precondition
ctr: failed to remove "sha256:0ce761beee59082d6ed5bcebd3a805b8ddd9b3426b617e4809e7fb7c6587ffec": cannot remove snapshot with child: failed precondition
ctr: failed to remove "sha256:1021ef88c7974bfff89c5a0ec4fd3160daac6c48a075f74cff721f85dd104e68": cannot remove snapshot with child: failed precondition
ctr: failed to remove "sha256:10aba4953ddc18145dd38e3704709bc464aa20af60b56fe52caaff4b68411e62": cannot remove snapshot with child: failed precondition
ctr: failed to remove "sha256:12fcdb97878a8124028dd759e7639b77bca16c0f46aabea18189ae25af2554ab": cannot remove snapshot with child: failed precondition
ctr: failed to remove "sha256:2573e0d8158209ed54ab25c87bcdcb00bd3d2539246960a3d592a1c599d70465": cannot remove snapshot with child: failed precondition
ctr: failed to remove "sha256:362a8a37f8bbc31925a8146adcf7cf51f9882f5c1dcbef67c5baa03a297543c0": cannot remove snapshot with child: failed precondition
ctr: failed to remove "sha256:3fa4ad33f0ddc8fd45b39b6b4640f82a3a83619606cd975bfe89d8710ad2d4cd": cannot remove snapshot with child: failed precondition
ctr: failed to remove "sha256:43a7c979bbaba6838bc3102d6b10a1459f3ab050b87ccdfef84ef90cf43d3058": cannot remove snapshot with child: failed precondition
ctr: failed to remove "sha256:4ab04491cdf0d3267f08206fe30bd48f49f94b9cab2f016d6739220f722a64af": cannot remove snapshot with child: failed precondition
ctr: failed to remove "sha256:4b6068250e89c96f263060261819c7d912855bfbd64b3eb4c4a8483299b8c295": cannot remove snapshot with child: failed precondition
ctr: failed to remove "sha256:54760460dde328a0df5fb97426e3821ea3128f2a777231b6e8478cdaf84d50a9": cannot remove snapshot with child: failed precondition
ctr: failed to remove "sha256:580e69a0a8034ede1921139bbd2bfb72a69ebf276d008281896c32dd8bf74775": cannot remove snapshot with child: failed precondition
ctr: failed to remove "sha256:5ad32423e4b556ca23e4a282f00b6c28ba2ec8ad2b7822350a080868a3597d3e": cannot remove snapshot with child: failed precondition
ctr: failed to remove "sha256:5d30ba46b27fe37484567ccc5242cadc78217b8da605f3f195ef25cbf7487904": cannot remove snapshot with child: failed precondition
ctr: failed to remove "sha256:63ca1fbb43ae5034640e5e6cb3e083e05c290072c5366fcaa9d62435a4cced85": cannot remove snapshot with child: failed precondition
ctr: failed to remove "sha256:67f702c6baae873bceb19487c8b1f27bd2b86077e4f2f0e480e6d60ab508b8f5": cannot remove snapshot with child: failed precondition
ctr: failed to remove "sha256:6864348dd42806d552efdec384f1274be15e2d0c10ce44c1f04347af004c10a9": cannot remove snapshot with child: failed precondition
ctr: failed to remove "sha256:6c7dee8f2c39b84b7dc2711c01d33de93514d9055499173e9290176fbe484b6c": cannot remove snapshot with child: failed precondition
ctr: failed to remove "sha256:7b2aa6aba803f974c0e42821c12d550dab643cfde5b2ae9d51d0ce8c21e36e85": cannot remove snapshot with child: failed precondition
ctr: failed to remove "sha256:82753493a6d61ded36556292f02f31841a14c20d2f279f19eaad65afb661d5cd": cannot remove snapshot with child: failed precondition
ctr: failed to remove "sha256:8a10d3db42c505ee0fcfa98417bdd7e39b304f6bcc0a06bb1b220797ff2cc63c": cannot remove snapshot with child: failed precondition
ctr: failed to remove "sha256:a21e5b12dbac529ad45d976eb9ce45c881f3bedcc500fb30aba1e52aa1813418": cannot remove snapshot with child: failed precondition
ctr: failed to remove "sha256:b921e6c28969094157f9b8e7244677780319637afd14450b7cb6b2fdea558a0c": cannot remove snapshot with child: failed precondition
ctr: failed to remove "sha256:bc27ecb5769a00e309cf99ebc763c4a4b958b618d1decc96ffac5bc05f02f5b7": cannot remove snapshot with child: failed precondition
ctr: failed to remove "sha256:be3ccb6627a5332e309d45ef461d09b4879dd870c7394d89323d0ebc6ca6aa8a": cannot remove snapshot with child: failed precondition
ctr: failed to remove "sha256:c261f7cbbc64211ee175ee47273acdb7b1a36a4450b397a064a8f2c026490095": cannot remove snapshot with child: failed precondition
ctr: failed to remove "sha256:c34d9393647eea0c9e3557ab988efaf59f61d10a2a5613b439ef0958cca5ec10": cannot remove snapshot with child: failed precondition
ctr: failed to remove "sha256:ccf3c4a0fa967a41c1c83497a2ce6fa5787965859df0adb32c4ca2cf7490bc2b": cannot remove snapshot with child: failed precondition
ctr: failed to remove "sha256:cf92d33f869417309692088c341cd0f223c178ea78a125f757317b22aa8f90e9": cannot remove snapshot with child: failed precondition
ctr: failed to remove "sha256:d0037344cf2fb078884f1849f6a1f8cf9a33a3b6139b6a85833e5ee528e1f9a8": cannot remove snapshot with child: failed precondition
ctr: failed to remove "sha256:d3b36d5b79273b1e98e7700470eaeff05a882e777124d84cebcc1505b85ecb36": cannot remove snapshot with child: failed precondition
ctr: failed to remove "sha256:d65a44a37914602d12c611e5e22a50f11451d847e63015cc1c2aef92dee777a4": cannot remove snapshot with child: failed precondition
ctr: failed to remove "sha256:e2dc0bae2455930f23ae570e019b7f32edc75c0f2d71cab084db837ff9051796": cannot remove snapshot with child: failed precondition
ctr: failed to remove "sha256:eccbd24a99c60cd9e86ee5305dbfc4a4dc89f5ab4fb1f06c8d64797cecedef34": cannot remove snapshot with child: failed precondition
ctr: failed to remove "sha256:f144bb4c7c7f0d2aa7eeffd36d934ec40db1ee167be727e326aad9fdc616f475": cannot remove snapshot with child: failed precondition

]]></system-out>
  </testcase>
  <system-out><![CDATA[2025-01-27 17:08:03,495 INFO c.h.h.t.HelmChartContainerExtension - Using cached HelmChartContainer instance
]]></system-out>
  <system-err><![CDATA[]]></system-err>
</testsuite>
