<?xml version="1.0" encoding="UTF-8"?>
<testsuite name="com.hivemq.helmcharts.LocalHelmChartDeploymentIT" tests="1" skipped="0" failures="0" errors="0" timestamp="2025-06-30T08:26:51" hostname="fv-az1334-722" time="131.211">
  <properties/>
  <testcase name="withLocalImages_mqttMessagePublishedReceived()" classname="com.hivemq.helmcharts.LocalHelmChartDeploymentIT" time="131.211"/>
</testsuite>
