<?xml version="1.0" encoding="UTF-8"?>
<testsuite name="com.hivemq.helmcharts.operator.HelmApplyCrdIT" tests="3" skipped="0" failures="0" errors="0" timestamp="2025-07-01T08:07:21" hostname="fv-az813-823" time="80.46">
  <properties/>
  <testcase name="withCrdNotDeployed_withDisabledCrdApply_operatorIsFailing()" classname="com.hivemq.helmcharts.operator.HelmApplyCrdIT" time="17.861"/>
  <testcase name="withCrdNotDeployed_operatorIsRunning()" classname="com.hivemq.helmcharts.operator.HelmApplyCrdIT" time="29.95"/>
  <testcase name="withOutdatedCrd_operatorIsRunning()" classname="com.hivemq.helmcharts.operator.HelmApplyCrdIT" time="32.649"/>
</testsuite>
