<?xml version="1.0" encoding="UTF-8"?>
<testsuite name="com.hivemq.helmcharts.platform.HelmPlatformTlsIT" tests="2" skipped="0" failures="0" errors="0" timestamp="2025-03-11T15:30:44" hostname="fv-az1055-946" time="222.01">
  <properties/>
  <testcase name="platformChart_whenTlsEnabled_hivemqRunning(Path)" classname="com.hivemq.helmcharts.platform.HelmPlatformTlsIT" time="115.014"/>
  <testcase name="platformChart_whenTlsEnabledWithDifferentPrivateKey_hivemqRunning(Path)" classname="com.hivemq.helmcharts.platform.HelmPlatformTlsIT" time="106.996"/>
</testsuite>
