<?xml version="1.0" encoding="UTF-8"?>
<testsuite name="com.hivemq.helmcharts.operator.HelmUpgradeOperatorIT" tests="1" skipped="0" failures="0" errors="0" timestamp="2025-09-24T08:28:55" hostname="runnervmf4ws1" time="41.834">
  <properties/>
  <testcase name="withDeployedOperator_upgradeUsingNewValues()" classname="com.hivemq.helmcharts.operator.HelmUpgradeOperatorIT" time="41.834"/>
</testsuite>
