<?xml version="1.0" encoding="UTF-8"?>
<testsuite name="com.hivemq.helmcharts.extensions.HelmCustomExtensionIT" tests="3" skipped="0" failures="0" errors="0" timestamp="2025-01-29T17:01:51" hostname="fv-az1944-609" time="324.253">
  <properties/>
  <testcase name="platformChart_whenCustomExtensionIsConfigured_withHttpBasicAuth_thenStartsUpSuccessfully()" classname="com.hivemq.helmcharts.extensions.HelmCustomExtensionIT" time="108.423">
    <system-out><![CDATA[2025-01-29 17:01:51,432 INFO c.h.h.t.HelmChartContainer - Creating namespace 'helmcustomextensionit-operator'...
2025-01-29 17:01:51,640 INFO c.h.h.t.HelmChartContainer - Namespace 'helmcustomextensionit-operator' created
2025-01-29 17:01:51,640 INFO c.h.h.t.HelmChartContainer - Creating namespace 'helmcustomextensionit'...
2025-01-29 17:01:51,641 INFO c.h.h.t.HelmChartContainer - [POD] coredns-ff8999cc5-v666h [e2bcf0d7-128f-41f3-ae9e-2174c7613909] in kube-system was ADDED
2025-01-29 17:01:51,643 INFO c.h.h.t.HelmChartContainer - [POD] local-path-provisioner-698b58967b-mc4bd [656f914b-98c3-4fb0-92bb-ef3c277b8813] in kube-system was ADDED
2025-01-29 17:01:51,645 INFO c.h.h.t.HelmChartContainer - [POD] metrics-server-8584b5786c-dbfn4 [c5085b63-75e8-4e69-8eec-ff7db77b8f5c] in kube-system was ADDED
2025-01-29 17:01:51,651 INFO c.h.h.t.HelmChartContainer - Namespace 'helmcustomextensionit' created
2025-01-29 17:01:51,721 DEBUG c.h.h.t.HelmChartContainer - Executing helm command: /bin/helm --kubeconfig /etc/rancher/k3s/k3s.yaml install test-hivemq-platform-operator /charts/hivemq-platform-operator --wait --timeout 5m0s --set image.repository=docker.io/hivemq --set image.name=hivemq-platform-operator-test --set image.initImageName=hivemq-platform-operator-init-test --set image.tag=snapshot --set image.pullPolicy=Never --set logLevel=DEBUG --set resources.cpu=512m --namespace helmcustomextensionit-operator
2025-01-29 17:01:54,066 INFO c.h.h.t.HelmChartContainer - [K3S] [alloc.go:330] "allocated clusterIPs" service="helmcustomextensionit-operator/hivemq-platform-operator-test-hivemq-platform-operator" clusterIPs={"IPv4":"10.43.238.228"}
2025-01-29 17:01:54,082 INFO c.h.h.t.HelmChartContainer - [EVENT] Normal [ScalingReplicaSet] Scaled up replica set hivemq-test-hivemq-platform-operator-6966f96d65 from 0 to 1 [helmcustomextensionit-operator:hivemq-test-hivemq-platform-operator]
2025-01-29 17:01:54,096 INFO c.h.h.t.HelmChartContainer - [POD] hivemq-test-hivemq-platform-operator-6966f96d65-895kf [5dbb7c44-0850-4292-9c12-c13d84f88652] in helmcustomextensionit-operator was ADDED
2025-01-29 17:01:54,096 INFO c.h.h.t.HelmChartContainer - [EVENT] Normal [SuccessfulCreate] Created pod: hivemq-test-hivemq-platform-operator-6966f96d65-895kf [helmcustomextensionit-operator:hivemq-test-hivemq-platform-operator-6966f96d65]
2025-01-29 17:01:54,106 INFO c.h.h.t.HelmChartContainer - [POD] hivemq-test-hivemq-platform-operator-6966f96d65-895kf [5dbb7c44-0850-4292-9c12-c13d84f88652] in helmcustomextensionit-operator was MODIFIED
2025-01-29 17:01:54,106 INFO c.h.h.t.HelmChartContainer - [K3S] [replica_set.go:679] "Finished syncing" kind="ReplicaSet" key="helmcustomextensionit-operator/hivemq-test-hivemq-platform-operator-6966f96d65" duration="27.025731ms"
2025-01-29 17:01:54,110 INFO c.h.h.t.HelmChartContainer - [EVENT] Normal [Scheduled] Successfully assigned helmcustomextensionit-operator/hivemq-test-hivemq-platform-operator-6966f96d65-895kf to cbc6d6ca7a03 [helmcustomextensionit-operator:hivemq-test-hivemq-platform-operator-6966f96d65-895kf]
2025-01-29 17:01:54,116 INFO c.h.h.t.HelmChartContainer - [K3S] [replica_set.go:679] "Finished syncing" kind="ReplicaSet" key="helmcustomextensionit-operator/hivemq-test-hivemq-platform-operator-6966f96d65" duration="10.459993ms"
2025-01-29 17:01:54,116 INFO c.h.h.t.HelmChartContainer - [K3S] [replica_set.go:679] "Finished syncing" kind="ReplicaSet" key="helmcustomextensionit-operator/hivemq-test-hivemq-platform-operator-6966f96d65" duration="46.086µs"
2025-01-29 17:01:54,122 INFO c.h.h.t.HelmChartContainer - [POD] hivemq-test-hivemq-platform-operator-6966f96d65-895kf [5dbb7c44-0850-4292-9c12-c13d84f88652] in helmcustomextensionit-operator was MODIFIED
2025-01-29 17:01:54,123 INFO c.h.h.t.HelmChartContainer - [K3S] [replica_set.go:679] "Finished syncing" kind="ReplicaSet" key="helmcustomextensionit-operator/hivemq-test-hivemq-platform-operator-6966f96d65" duration="42.64µs"
2025-01-29 17:01:54,168 INFO c.h.h.t.HelmChartContainer - [K3S] [reconciler_common.go:251] "operationExecutor.VerifyControllerAttachedVolume started for volume \"kube-api-access-g7n8k\" (UniqueName: \"kubernetes.io/projected/5dbb7c44-0850-4292-9c12-c13d84f88652-kube-api-access-g7n8k\") pod \"hivemq-test-hivemq-platform-operator-6966f96d65-895kf\" (UID: \"5dbb7c44-0850-4292-9c12-c13d84f88652\") " pod="helmcustomextensionit-operator/hivemq-test-hivemq-platform-operator-6966f96d65-895kf"
2025-01-29 17:01:54,489 INFO c.h.h.t.HelmChartContainer - [EVENT] Normal [Pulled] Container image "docker.io/hivemq/hivemq-platform-operator-test:snapshot" already present on machine [helmcustomextensionit-operator:hivemq-test-hivemq-platform-operator-6966f96d65-895kf]
2025-01-29 17:01:54,491 INFO c.h.h.t.HelmChartContainer - Received Pulled event for container hivemq-platform-operator in pod hivemq-test-hivemq-platform-operator-6966f96d65-895kf [5dbb7c44-0850-4292-9c12-c13d84f88652]
2025-01-29 17:01:54,500 INFO c.h.h.t.HelmChartContainer - [EVENT] Normal [Created] Created container: hivemq-platform-operator [helmcustomextensionit-operator:hivemq-test-hivemq-platform-operator-6966f96d65-895kf]
2025-01-29 17:01:54,501 INFO c.h.h.t.HelmChartContainer - Received Created event for container hivemq-platform-operator in pod hivemq-test-hivemq-platform-operator-6966f96d65-895kf [5dbb7c44-0850-4292-9c12-c13d84f88652]
2025-01-29 17:01:55,564 INFO c.h.h.t.HelmChartContainer - [K3S] [replica_set.go:679] "Finished syncing" kind="ReplicaSet" key="helmcustomextensionit-operator/hivemq-test-hivemq-platform-operator-6966f96d65" duration="72.646µs"
2025-01-29 17:01:55,566 INFO c.h.h.t.HelmChartContainer - [POD] hivemq-test-hivemq-platform-operator-6966f96d65-895kf [5dbb7c44-0850-4292-9c12-c13d84f88652] in helmcustomextensionit-operator was MODIFIED
2025-01-29 17:01:55,589 INFO c.h.h.t.HelmChartContainer - Started log watcher for hivemq-platform-operator in pod hivemq-test-hivemq-platform-operator-6966f96d65-895kf [5dbb7c44-0850-4292-9c12-c13d84f88652]
2025-01-29 17:01:55,589 INFO c.h.h.t.HelmChartContainer - [EVENT] Normal [Started] Started container hivemq-platform-operator [helmcustomextensionit-operator:hivemq-test-hivemq-platform-operator-6966f96d65-895kf]
2025-01-29 17:01:55,590 INFO c.h.h.t.HelmChartContainer - Received Started event for container hivemq-platform-operator in pod hivemq-test-hivemq-platform-operator-6966f96d65-895kf [5dbb7c44-0850-4292-9c12-c13d84f88652]
2025-01-29 17:01:55,590 INFO c.h.h.t.HelmChartContainer - [hivemq-test-hivemq-platform] [hivemq-platform-operator] [5dbb7c44] -------------------------------------------------------------------------
2025-01-29 17:01:55,590 INFO c.h.h.t.HelmChartContainer - [hivemq-test-hivemq-platform] [hivemq-platform-operator] [5dbb7c44] 
2025-01-29 17:01:55,590 INFO c.h.h.t.HelmChartContainer - [hivemq-test-hivemq-platform] [hivemq-platform-operator] [5dbb7c44]                   _    _  _              __  __   ____
2025-01-29 17:01:55,590 INFO c.h.h.t.HelmChartContainer - [hivemq-test-hivemq-platform] [hivemq-platform-operator] [5dbb7c44]                  | |  | |(_)            |  \/  | / __ \
2025-01-29 17:01:55,590 INFO c.h.h.t.HelmChartContainer - [hivemq-test-hivemq-platform] [hivemq-platform-operator] [5dbb7c44]                  | |__| | _ __   __ ___ | \  / || |  | |
2025-01-29 17:01:55,590 INFO c.h.h.t.HelmChartContainer - [hivemq-test-hivemq-platform] [hivemq-platform-operator] [5dbb7c44]                  |  __  || |\ \ / // _ \| |\/| || |  | |
2025-01-29 17:01:55,590 INFO c.h.h.t.HelmChartContainer - [hivemq-test-hivemq-platform] [hivemq-platform-operator] [5dbb7c44]                  | |  | || | \ V /|  __/| |  | || |__| |
2025-01-29 17:01:55,590 INFO c.h.h.t.HelmChartContainer - [hivemq-test-hivemq-platform] [hivemq-platform-operator] [5dbb7c44]                  |_|  |_||_|  \_/  \___||_|  |_| \___\_\
2025-01-29 17:01:55,590 INFO c.h.h.t.HelmChartContainer - [hivemq-test-hivemq-platform] [hivemq-platform-operator] [5dbb7c44] 
2025-01-29 17:01:55,590 INFO c.h.h.t.HelmChartContainer - [hivemq-test-hivemq-platform] [hivemq-platform-operator] [5dbb7c44] -------------------------------------------------------------------------
2025-01-29 17:01:55,590 INFO c.h.h.t.HelmChartContainer - [hivemq-test-hivemq-platform] [hivemq-platform-operator] [5dbb7c44] 
2025-01-29 17:01:55,590 INFO c.h.h.t.HelmChartContainer - [hivemq-test-hivemq-platform] [hivemq-platform-operator] [5dbb7c44]   HiveMQ Platform Operator Start Script v1.0
2025-01-29 17:01:55,590 INFO c.h.h.t.HelmChartContainer - [hivemq-test-hivemq-platform] [hivemq-platform-operator] [5dbb7c44] 
2025-01-29 17:01:55,590 INFO c.h.h.t.HelmChartContainer - [hivemq-test-hivemq-platform] [hivemq-platform-operator] [5dbb7c44] -------------------------------------------------------------------------
2025-01-29 17:01:55,590 INFO c.h.h.t.HelmChartContainer - [hivemq-test-hivemq-platform] [hivemq-platform-operator] [5dbb7c44] 
2025-01-29 17:01:55,590 INFO c.h.h.t.HelmChartContainer - [hivemq-test-hivemq-platform] [hivemq-platform-operator] [5dbb7c44]   JAVA_OPTS: -XX:+UnlockExperimentalVMOptions -XX:InitialRAMPercentage=75 -XX:MaxRAMPercentage=75 -Duser.language=en -Duser.region=US
2025-01-29 17:01:55,590 INFO c.h.h.t.HelmChartContainer - [hivemq-test-hivemq-platform] [hivemq-platform-operator] [5dbb7c44] 
2025-01-29 17:01:55,590 INFO c.h.h.t.HelmChartContainer - [hivemq-test-hivemq-platform] [hivemq-platform-operator] [5dbb7c44]   JAVA_VERSION: 21
2025-01-29 17:01:55,590 INFO c.h.h.t.HelmChartContainer - [hivemq-test-hivemq-platform] [hivemq-platform-operator] [5dbb7c44] 
2025-01-29 17:01:55,590 INFO c.h.h.t.HelmChartContainer - [hivemq-test-hivemq-platform] [hivemq-platform-operator] [5dbb7c44] -------------------------------------------------------------------------
2025-01-29 17:01:55,590 INFO c.h.h.t.HelmChartContainer - [hivemq-test-hivemq-platform] [hivemq-platform-operator] [5dbb7c44] 
2025-01-29 17:01:57,829 INFO c.h.h.t.HelmChartContainer - [hivemq-test-hivemq-platform] [hivemq-platform-operator] [5dbb7c44] 17:01:57.827 [main] DEBUG org.jboss.logging - Logging Provider: org.jboss.logging.Slf4jLoggerProvider
2025-01-29 17:01:58,007 INFO c.h.h.t.HelmChartContainer - [hivemq-test-hivemq-platform] [hivemq-platform-operator] [5dbb7c44] 17:01:58.005 [main] DEBUG io.smallrye.config - SRCFG01006: Loaded ConfigSource SysPropConfigSource with ordinal 400
2025-01-29 17:01:58,007 INFO c.h.h.t.HelmChartContainer - [hivemq-test-hivemq-platform] [hivemq-platform-operator] [5dbb7c44] 17:01:58.005 [main] DEBUG io.smallrye.config - SRCFG01006: Loaded ConfigSource EnvConfigSource with ordinal 300
2025-01-29 17:01:58,007 INFO c.h.h.t.HelmChartContainer - [hivemq-test-hivemq-platform] [hivemq-platform-operator] [5dbb7c44] 17:01:58.005 [main] DEBUG io.smallrye.config - SRCFG01006: Loaded ConfigSource PropertiesConfigSource[source=jar:file:///opt/hivemq-platform-operator/bin/hivemq-platform-operator.jar!/hivemq-platform-operator.properties] with ordinal 100
2025-01-29 17:01:58,007 INFO c.h.h.t.HelmChartContainer - [hivemq-test-hivemq-platform] [hivemq-platform-operator] [5dbb7c44] 17:01:58.005 [main] DEBUG io.smallrye.config - SRCFG01006: Loaded ConfigSource DefaultValuesConfigSource with ordinal -2147483648
2025-01-29 17:01:58,115 INFO c.h.h.t.HelmChartContainer - [hivemq-test-hivemq-platform] [hivemq-platform-operator] [5dbb7c44] 17:01:58.114 [main] DEBUG i.m.c.u.i.l.InternalLoggerFactory - Using SLF4J as the default logging framework
2025-01-29 17:01:58,222 INFO c.h.h.t.HelmChartContainer - [hivemq-test-hivemq-platform] [hivemq-platform-operator] [5dbb7c44] 17:01:58.215 [main] INFO  c.h.p.o.HiveMQPlatformOperatorApplication - HiveMQ Platform Operator 1.7.0-SNAPSHOT (commit: 8465ebf on branch: HEAD) built on Wed Jan 29 16:56:31 UTC 2025
2025-01-29 17:01:58,223 INFO c.h.h.t.HelmChartContainer - [hivemq-test-hivemq-platform] [hivemq-platform-operator] [5dbb7c44] 17:01:58.221 [main] INFO  c.h.p.o.HiveMQPlatformOperatorApplication - HiveMQ Platform Operator is running in namespace: helmcustomextensionit-operator
2025-01-29 17:01:58,223 INFO c.h.h.t.HelmChartContainer - [hivemq-test-hivemq-platform] [hivemq-platform-operator] [5dbb7c44] 17:01:58.221 [main] INFO  c.h.p.o.HiveMQPlatformOperatorApplication - Watching all namespaces
2025-01-29 17:01:58,223 INFO c.h.h.t.HelmChartContainer - [hivemq-test-hivemq-platform] [hivemq-platform-operator] [5dbb7c44] 17:01:58.221 [main] INFO  c.h.p.o.HiveMQPlatformOperatorApplication - Log level: DEBUG
2025-01-29 17:01:58,223 INFO c.h.h.t.HelmChartContainer - [hivemq-test-hivemq-platform] [hivemq-platform-operator] [5dbb7c44] 17:01:58.221 [main] INFO  c.h.p.o.HiveMQPlatformOperatorApplication - Release name: test-hivemq-platform-operator
2025-01-29 17:01:58,223 INFO c.h.h.t.HelmChartContainer - [hivemq-test-hivemq-platform] [hivemq-platform-operator] [5dbb7c44] 17:01:58.221 [main] INFO  c.h.p.o.HiveMQPlatformOperatorApplication - HiveMQ Platform Operator Init image: docker.io/hivemq/hivemq-platform-operator-init-test:snapshot
2025-01-29 17:01:58,224 INFO c.h.h.t.HelmChartContainer - [hivemq-test-hivemq-platform] [hivemq-platform-operator] [5dbb7c44] 17:01:58.221 [main] INFO  c.h.p.o.HiveMQPlatformOperatorApplication - HiveMQ Platform Operator Init App update URL: http://hivemq-platform-operator-test-hivemq-platform-operator.helmcustomextensionit-operator.svc:8080/initAppUpdate/hivemq-platform-operator-init-app-1.7.0-SNAPSHOT.jar
2025-01-29 17:01:58,224 INFO c.h.h.t.HelmChartContainer - [hivemq-test-hivemq-platform] [hivemq-platform-operator] [5dbb7c44] 17:01:58.221 [main] INFO  c.h.p.o.HiveMQPlatformOperatorApplication - Additional imagePullSecret for all Platform deployments: none
2025-01-29 17:01:58,224 INFO c.h.h.t.HelmChartContainer - [hivemq-test-hivemq-platform] [hivemq-platform-operator] [5dbb7c44] 17:01:58.221 [main] INFO  c.h.p.o.HiveMQPlatformOperatorApplication - Apply HiveMQ Platform CRD: true
2025-01-29 17:01:58,224 INFO c.h.h.t.HelmChartContainer - [hivemq-test-hivemq-platform] [hivemq-platform-operator] [5dbb7c44] 17:01:58.221 [main] INFO  c.h.p.o.HiveMQPlatformOperatorApplication - Create Platform ServiceAccount: true
2025-01-29 17:01:58,224 INFO c.h.h.t.HelmChartContainer - [hivemq-test-hivemq-platform] [hivemq-platform-operator] [5dbb7c44] 17:01:58.221 [main] INFO  c.h.p.o.HiveMQPlatformOperatorApplication - Create Platform ServiceAccount permissions: true
2025-01-29 17:01:58,224 INFO c.h.h.t.HelmChartContainer - [hivemq-test-hivemq-platform] [hivemq-platform-operator] [5dbb7c44] 17:01:58.221 [main] INFO  c.h.p.o.HiveMQPlatformOperatorApplication - Validate Platform ServiceAccount: true
2025-01-29 17:01:58,224 INFO c.h.h.t.HelmChartContainer - [hivemq-test-hivemq-platform] [hivemq-platform-operator] [5dbb7c44] 17:01:58.221 [main] INFO  c.h.p.o.HiveMQPlatformOperatorApplication - Validate Platform ServiceAccount permissions: true
2025-01-29 17:01:58,340 INFO c.h.h.t.HelmChartContainer - [hivemq-test-hivemq-platform] [hivemq-platform-operator] [5dbb7c44] 17:01:58.338 [main] INFO  c.h.platform.operator.util.CRDUtil - Verifying deployed HiveMQ Platform CRD...
2025-01-29 17:01:59,328 INFO c.h.h.t.HelmChartContainer - [POD] metrics-server-8584b5786c-dbfn4 [c5085b63-75e8-4e69-8eec-ff7db77b8f5c] in kube-system was MODIFIED
2025-01-29 17:01:59,340 INFO c.h.h.t.HelmChartContainer - [K3S] [replica_set.go:679] "Finished syncing" kind="ReplicaSet" key="kube-system/metrics-server-8584b5786c" duration="12.005841ms"
2025-01-29 17:01:59,341 INFO c.h.h.t.HelmChartContainer - [K3S] [replica_set.go:679] "Finished syncing" kind="ReplicaSet" key="kube-system/metrics-server-8584b5786c" duration="27.031µs"
2025-01-29 17:02:01,005 INFO c.h.h.t.HelmChartContainer - [hivemq-test-hivemq-platform] [hivemq-platform-operator] [5dbb7c44] 17:02:01.004 [main] DEBUG c.h.platform.operator.util.CRDUtil - HiveMQ Platform CRD version v1 is up to date
2025-01-29 17:02:01,005 INFO c.h.h.t.HelmChartContainer - [hivemq-test-hivemq-platform] [hivemq-platform-operator] [5dbb7c44] 17:02:01.004 [main] INFO  c.h.platform.operator.util.CRDUtil - HiveMQ Platform CRD is up to date (version: V1_6_0)
2025-01-29 17:02:01,005 INFO c.h.h.t.HelmChartContainer - [hivemq-test-hivemq-platform] [hivemq-platform-operator] [5dbb7c44] 17:02:01.004 [main] INFO  c.h.platform.operator.util.CRDUtil - Waiting 10000 ms for HiveMQ Platform CRD 'hivemq-platforms.hivemq.com' to become ready...
2025-01-29 17:02:01,310 INFO c.h.h.t.HelmChartContainer - [hivemq-test-hivemq-platform] [hivemq-platform-operator] [5dbb7c44] 17:02:01.308 [vert.x-eventloop-thread-1] DEBUG c.h.platform.operator.util.CRDUtil - Checking CRD condition 'NamesAccepted' (status: 'True')
2025-01-29 17:02:01,311 INFO c.h.h.t.HelmChartContainer - [hivemq-test-hivemq-platform] [hivemq-platform-operator] [5dbb7c44] 17:02:01.308 [vert.x-eventloop-thread-1] DEBUG c.h.platform.operator.util.CRDUtil - Checking CRD condition 'Established' (status: 'True')
2025-01-29 17:02:01,311 INFO c.h.h.t.HelmChartContainer - [hivemq-test-hivemq-platform] [hivemq-platform-operator] [5dbb7c44] 17:02:01.309 [main] INFO  c.h.platform.operator.util.CRDUtil - HiveMQ Platform CRD 'hivemq-platforms.hivemq.com' is ready
2025-01-29 17:02:01,513 INFO c.h.h.t.HelmChartContainer - [hivemq-test-hivemq-platform] [hivemq-platform-operator] [5dbb7c44] 17:02:01.512 [main] INFO  c.h.p.o.HiveMQPlatformReconciler - HiveMQ Platform Operator is starting...
2025-01-29 17:02:01,619 INFO c.h.h.t.HelmChartContainer - [hivemq-test-hivemq-platform] [hivemq-platform-operator] [5dbb7c44] 17:02:01.617 [main] WARN  Default ConfigurationService implementation - Configuration for reconciler 'hivemq-controller' was not found. Known reconcilers: None.
2025-01-29 17:02:01,626 INFO c.h.h.t.HelmChartContainer - [hivemq-test-hivemq-platform] [hivemq-platform-operator] [5dbb7c44] 17:02:01.625 [main] INFO  Default ConfigurationService implementation - Created configuration for reconciler com.hivemq.platform.operator.HiveMQPlatformReconciler with name hivemq-controller
2025-01-29 17:02:01,807 INFO c.h.h.t.HelmChartContainer - [hivemq-test-hivemq-platform] [hivemq-platform-operator] [5dbb7c44] 17:02:01.805 [main] DEBUG c.h.p.o.HiveMQPlatformReconciler - HiveMQ Platform Operator is preparing EventSources
2025-01-29 17:02:01,818 INFO c.h.h.t.HelmChartContainer - [hivemq-test-hivemq-platform] [hivemq-platform-operator] [5dbb7c44] 17:02:01.817 [main] INFO  i.javaoperatorsdk.operator.Operator - Registered reconciler: 'hivemq-controller' for resource: 'class com.hivemq.platform.operator.v1.HiveMQPlatform' for namespace(s): [all namespaces]
2025-01-29 17:02:02,506 INFO c.h.h.t.HelmChartContainer - [hivemq-test-hivemq-platform] [hivemq-platform-operator] [5dbb7c44] 17:02:02.505 [main] INFO  c.h.p.operator.webserver.JettyServer - Starting Jetty server on port 8080
2025-01-29 17:02:02,603 INFO c.h.h.t.HelmChartContainer - [hivemq-test-hivemq-platform] [hivemq-platform-operator] [5dbb7c44] 17:02:02.526 [main] INFO  i.javaoperatorsdk.operator.Operator - Operator SDK 4.9.7 (commit: 2133d28) built on Wed Nov 20 12:56:20 UTC 2024 starting...
2025-01-29 17:02:02,604 INFO c.h.h.t.HelmChartContainer - [hivemq-test-hivemq-platform] [hivemq-platform-operator] [5dbb7c44] 17:02:02.602 [main] INFO  i.javaoperatorsdk.operator.Operator - Client version: 6.13.5
2025-01-29 17:02:02,605 INFO c.h.h.t.HelmChartContainer - [hivemq-test-hivemq-platform] [hivemq-platform-operator] [5dbb7c44] 17:02:02.604 [Controller Starter for: hivemq-controller] INFO  i.j.operator.processing.Controller - Starting 'hivemq-controller' controller for reconciler: com.hivemq.platform.operator.HiveMQPlatformReconciler, resource: com.hivemq.platform.operator.v1.HiveMQPlatform
2025-01-29 17:02:04,160 INFO c.h.h.t.HelmChartContainer - [K3S] [range_allocator.go:247] "Successfully synced" key="cbc6d6ca7a03"
2025-01-29 17:02:05,418 INFO c.h.h.t.HelmChartContainer - [hivemq-test-hivemq-platform] [hivemq-platform-operator] [5dbb7c44] 17:02:05.416 [Controller Starter for: hivemq-controller] INFO  i.j.operator.processing.Controller - 'hivemq-controller' controller started
2025-01-29 17:02:05,418 INFO c.h.h.t.HelmChartContainer - [hivemq-test-hivemq-platform] [hivemq-platform-operator] [5dbb7c44] 17:02:05.417 [main] INFO  c.h.p.o.HiveMQPlatformOperatorApplication - HiveMQ Platform Operator 1.7.0-SNAPSHOT started in 7201 ms
2025-01-29 17:02:06,345 INFO c.h.h.t.HelmChartContainer - [POD] hivemq-test-hivemq-platform-operator-6966f96d65-895kf [5dbb7c44-0850-4292-9c12-c13d84f88652] in helmcustomextensionit-operator was MODIFIED
2025-01-29 17:02:06,359 INFO c.h.h.t.HelmChartContainer - [K3S] [replica_set.go:679] "Finished syncing" kind="ReplicaSet" key="helmcustomextensionit-operator/hivemq-test-hivemq-platform-operator-6966f96d65" duration="17.385967ms"
2025-01-29 17:02:06,359 INFO c.h.h.t.HelmChartContainer - [K3S] [replica_set.go:679] "Finished syncing" kind="ReplicaSet" key="helmcustomextensionit-operator/hivemq-test-hivemq-platform-operator-6966f96d65" duration="45.935µs"
2025-01-29 17:02:08,242 DEBUG c.h.helmcharts.util.HiveMQExtension - Trying to package class 'org.slf4j.Logger' into extension 'hivemq-custom-test-extension'
2025-01-29 17:02:08,247 DEBUG c.h.helmcharts.util.HiveMQExtension - Trying to package class 'com.hivemq.extension.sdk.api.ExtensionMain' into extension 'hivemq-custom-test-extension'
2025-01-29 17:02:08,249 DEBUG c.h.helmcharts.util.HiveMQExtension - Trying to compile class '/home/runner/work/helm-charts/helm-charts/helm-charts/tests-hivemq-platform-operator/src/integrationTest/java/com/hivemq/helmcharts/extensions/custom/CustomTestExtensionMain.java' into extension 'hivemq-custom-test-extension'
2025-01-29 17:02:09,094 DEBUG c.h.helmcharts.util.HiveMQExtension - Trying to package class 'org.slf4j.LoggerFactory' into extension 'hivemq-custom-test-extension'
2025-01-29 17:02:09,161 INFO c.h.h.t.HelmChartContainer - [EVENT] Normal [ScalingReplicaSet] Scaled up replica set nginx-6bdc5bfc96 from 0 to 1 [helmcustomextensionit:nginx]
2025-01-29 17:02:09,174 INFO c.h.h.t.HelmChartContainer - [EVENT] Normal [SuccessfulCreate] Created pod: nginx-6bdc5bfc96-z68hn [helmcustomextensionit:nginx-6bdc5bfc96]
2025-01-29 17:02:09,175 INFO c.h.h.t.HelmChartContainer - [K3S] [replica_set.go:679] "Finished syncing" kind="ReplicaSet" key="helmcustomextensionit/nginx-6bdc5bfc96" duration="17.813188ms"
2025-01-29 17:02:09,176 INFO c.h.h.t.HelmChartContainer - [POD] nginx-6bdc5bfc96-z68hn [74f9cd08-a911-4d6a-8350-6be8dd5c1eb2] in helmcustomextensionit was ADDED
2025-01-29 17:02:09,190 INFO c.h.h.t.HelmChartContainer - [EVENT] Normal [Scheduled] Successfully assigned helmcustomextensionit/nginx-6bdc5bfc96-z68hn to cbc6d6ca7a03 [helmcustomextensionit:nginx-6bdc5bfc96-z68hn]
2025-01-29 17:02:09,194 INFO c.h.h.t.HelmChartContainer - [K3S] [alloc.go:330] "allocated clusterIPs" service="helmcustomextensionit/nginx-service" clusterIPs={"IPv4":"10.43.71.12"}
2025-01-29 17:02:09,196 INFO c.h.h.t.HelmChartContainer - [POD] nginx-6bdc5bfc96-z68hn [74f9cd08-a911-4d6a-8350-6be8dd5c1eb2] in helmcustomextensionit was MODIFIED
2025-01-29 17:02:09,207 INFO c.h.h.t.HelmChartContainer - [K3S] [replica_set.go:679] "Finished syncing" kind="ReplicaSet" key="helmcustomextensionit/nginx-6bdc5bfc96" duration="32.372051ms"
2025-01-29 17:02:09,216 INFO c.h.h.t.HelmChartContainer - [POD] nginx-6bdc5bfc96-z68hn [74f9cd08-a911-4d6a-8350-6be8dd5c1eb2] in helmcustomextensionit was MODIFIED
2025-01-29 17:02:09,224 INFO c.h.h.t.HelmChartContainer - [K3S] [replica_set.go:679] "Finished syncing" kind="ReplicaSet" key="helmcustomextensionit/nginx-6bdc5bfc96" duration="16.722554ms"
2025-01-29 17:02:09,224 INFO c.h.h.t.HelmChartContainer - [K3S] [replica_set.go:679] "Finished syncing" kind="ReplicaSet" key="helmcustomextensionit/nginx-6bdc5bfc96" duration="31.729µs"
2025-01-29 17:02:09,256 INFO c.h.h.t.HelmChartContainer - [K3S] [reconciler_common.go:251] "operationExecutor.VerifyControllerAttachedVolume started for volume \"volume-hivemq-custom-test-extension-200\" (UniqueName: \"kubernetes.io/host-path/74f9cd08-a911-4d6a-8350-6be8dd5c1eb2-volume-hivemq-custom-test-extension-200\") pod \"nginx-6bdc5bfc96-z68hn\" (UID: \"74f9cd08-a911-4d6a-8350-6be8dd5c1eb2\") " pod="helmcustomextensionit/nginx-6bdc5bfc96-z68hn"
2025-01-29 17:02:09,256 INFO c.h.h.t.HelmChartContainer - [K3S] [reconciler_common.go:251] "operationExecutor.VerifyControllerAttachedVolume started for volume \"nginx-htpasswd\" (UniqueName: \"kubernetes.io/host-path/74f9cd08-a911-4d6a-8350-6be8dd5c1eb2-nginx-htpasswd\") pod \"nginx-6bdc5bfc96-z68hn\" (UID: \"74f9cd08-a911-4d6a-8350-6be8dd5c1eb2\") " pod="helmcustomextensionit/nginx-6bdc5bfc96-z68hn"
2025-01-29 17:02:09,256 INFO c.h.h.t.HelmChartContainer - [K3S] [reconciler_common.go:251] "operationExecutor.VerifyControllerAttachedVolume started for volume \"nginx-basic-auth-conf\" (UniqueName: \"kubernetes.io/host-path/74f9cd08-a911-4d6a-8350-6be8dd5c1eb2-nginx-basic-auth-conf\") pod \"nginx-6bdc5bfc96-z68hn\" (UID: \"74f9cd08-a911-4d6a-8350-6be8dd5c1eb2\") " pod="helmcustomextensionit/nginx-6bdc5bfc96-z68hn"
2025-01-29 17:02:09,256 INFO c.h.h.t.HelmChartContainer - [K3S] [reconciler_common.go:251] "operationExecutor.VerifyControllerAttachedVolume started for volume \"kube-api-access-xslgk\" (UniqueName: \"kubernetes.io/projected/74f9cd08-a911-4d6a-8350-6be8dd5c1eb2-kube-api-access-xslgk\") pod \"nginx-6bdc5bfc96-z68hn\" (UID: \"74f9cd08-a911-4d6a-8350-6be8dd5c1eb2\") " pod="helmcustomextensionit/nginx-6bdc5bfc96-z68hn"
2025-01-29 17:02:09,580 INFO c.h.h.t.HelmChartContainer - [EVENT] Normal [Pulling] Pulling image "nginx:1.27.3" [helmcustomextensionit:nginx-6bdc5bfc96-z68hn]
2025-01-29 17:02:09,580 INFO c.h.h.t.HelmChartContainer - Received Pulling event for container nginx in pod nginx-6bdc5bfc96-z68hn [74f9cd08-a911-4d6a-8350-6be8dd5c1eb2]
2025-01-29 17:02:12,127 INFO c.h.h.t.HelmChartContainer - [EVENT] Normal [Pulled] Successfully pulled image "nginx:1.27.3" in 2.546s (2.546s including waiting). Image size: 72080558 bytes. [helmcustomextensionit:nginx-6bdc5bfc96-z68hn]
2025-01-29 17:02:12,127 INFO c.h.h.t.HelmChartContainer - Received Pulled event for container nginx in pod nginx-6bdc5bfc96-z68hn [74f9cd08-a911-4d6a-8350-6be8dd5c1eb2]
2025-01-29 17:02:12,132 INFO c.h.h.t.HelmChartContainer - [EVENT] Normal [Created] Created container: nginx [helmcustomextensionit:nginx-6bdc5bfc96-z68hn]
2025-01-29 17:02:12,132 INFO c.h.h.t.HelmChartContainer - Received Created event for container nginx in pod nginx-6bdc5bfc96-z68hn [74f9cd08-a911-4d6a-8350-6be8dd5c1eb2]
2025-01-29 17:02:12,372 INFO c.h.h.t.HelmChartContainer - [POD] nginx-6bdc5bfc96-z68hn [74f9cd08-a911-4d6a-8350-6be8dd5c1eb2] in helmcustomextensionit was MODIFIED
2025-01-29 17:02:12,383 INFO c.h.h.t.HelmChartContainer - [K3S] [replica_set.go:679] "Finished syncing" kind="ReplicaSet" key="helmcustomextensionit/nginx-6bdc5bfc96" duration="14.259585ms"
2025-01-29 17:02:12,383 INFO c.h.h.t.HelmChartContainer - [K3S] [replica_set.go:679] "Finished syncing" kind="ReplicaSet" key="helmcustomextensionit/nginx-6bdc5bfc96" duration="28.404µs"
2025-01-29 17:02:12,388 INFO c.h.h.t.HelmChartContainer - [EVENT] Normal [Started] Started container nginx [helmcustomextensionit:nginx-6bdc5bfc96-z68hn]
2025-01-29 17:02:12,388 INFO c.h.h.t.HelmChartContainer - Started log watcher for nginx in pod nginx-6bdc5bfc96-z68hn [74f9cd08-a911-4d6a-8350-6be8dd5c1eb2]
2025-01-29 17:02:12,388 INFO c.h.h.t.HelmChartContainer - [nginx-6bdc5bfc96-z68] [nginx] [74f9cd08] /docker-entrypoint.sh: /docker-entrypoint.d/ is not empty, will attempt to perform configuration
2025-01-29 17:02:12,388 INFO c.h.h.t.HelmChartContainer - [nginx-6bdc5bfc96-z68] [nginx] [74f9cd08] /docker-entrypoint.sh: Looking for shell scripts in /docker-entrypoint.d/
2025-01-29 17:02:12,388 INFO c.h.h.t.HelmChartContainer - [nginx-6bdc5bfc96-z68] [nginx] [74f9cd08] /docker-entrypoint.sh: Launching /docker-entrypoint.d/10-listen-on-ipv6-by-default.sh
2025-01-29 17:02:12,388 INFO c.h.h.t.HelmChartContainer - [nginx-6bdc5bfc96-z68] [nginx] [74f9cd08] 10-listen-on-ipv6-by-default.sh: info: IPv6 listen already enabled
2025-01-29 17:02:12,388 INFO c.h.h.t.HelmChartContainer - [nginx-6bdc5bfc96-z68] [nginx] [74f9cd08] /docker-entrypoint.sh: Sourcing /docker-entrypoint.d/15-local-resolvers.envsh
2025-01-29 17:02:12,388 INFO c.h.h.t.HelmChartContainer - [nginx-6bdc5bfc96-z68] [nginx] [74f9cd08] /docker-entrypoint.sh: Launching /docker-entrypoint.d/20-envsubst-on-templates.sh
2025-01-29 17:02:12,388 INFO c.h.h.t.HelmChartContainer - [nginx-6bdc5bfc96-z68] [nginx] [74f9cd08] /docker-entrypoint.sh: Launching /docker-entrypoint.d/30-tune-worker-processes.sh
2025-01-29 17:02:12,388 INFO c.h.h.t.HelmChartContainer - [nginx-6bdc5bfc96-z68] [nginx] [74f9cd08] /docker-entrypoint.sh: Configuration complete; ready for start up
2025-01-29 17:02:12,388 INFO c.h.h.t.HelmChartContainer - [nginx-6bdc5bfc96-z68] [nginx] [74f9cd08] 2025/01/29 17:02:12 [notice] 1#1: using the "epoll" event method
2025-01-29 17:02:12,388 INFO c.h.h.t.HelmChartContainer - [nginx-6bdc5bfc96-z68] [nginx] [74f9cd08] 2025/01/29 17:02:12 [notice] 1#1: nginx/1.27.3
2025-01-29 17:02:12,388 INFO c.h.h.t.HelmChartContainer - [nginx-6bdc5bfc96-z68] [nginx] [74f9cd08] 2025/01/29 17:02:12 [notice] 1#1: built by gcc 12.2.0 (Debian 12.2.0-14) 
2025-01-29 17:02:12,388 INFO c.h.h.t.HelmChartContainer - [nginx-6bdc5bfc96-z68] [nginx] [74f9cd08] 2025/01/29 17:02:12 [notice] 1#1: OS: Linux 6.8.0-1020-azure
2025-01-29 17:02:12,388 INFO c.h.h.t.HelmChartContainer - [nginx-6bdc5bfc96-z68] [nginx] [74f9cd08] 2025/01/29 17:02:12 [notice] 1#1: getrlimit(RLIMIT_NOFILE): 1048576:1048576
2025-01-29 17:02:12,388 INFO c.h.h.t.HelmChartContainer - [nginx-6bdc5bfc96-z68] [nginx] [74f9cd08] 2025/01/29 17:02:12 [notice] 1#1: start worker processes
2025-01-29 17:02:12,388 INFO c.h.h.t.HelmChartContainer - [nginx-6bdc5bfc96-z68] [nginx] [74f9cd08] 2025/01/29 17:02:12 [notice] 1#1: start worker process 22
2025-01-29 17:02:12,388 INFO c.h.h.t.HelmChartContainer - [nginx-6bdc5bfc96-z68] [nginx] [74f9cd08] 2025/01/29 17:02:12 [notice] 1#1: start worker process 23
2025-01-29 17:02:12,388 INFO c.h.h.t.HelmChartContainer - [nginx-6bdc5bfc96-z68] [nginx] [74f9cd08] 2025/01/29 17:02:12 [notice] 1#1: start worker process 24
2025-01-29 17:02:12,388 INFO c.h.h.t.HelmChartContainer - Received Started event for container nginx in pod nginx-6bdc5bfc96-z68hn [74f9cd08-a911-4d6a-8350-6be8dd5c1eb2]
2025-01-29 17:02:12,388 INFO c.h.h.t.HelmChartContainer - [nginx-6bdc5bfc96-z68] [nginx] [74f9cd08] 2025/01/29 17:02:12 [notice] 1#1: start worker process 25
2025-01-29 17:02:13,252 INFO c.h.h.testcontainer.LogWaiterUtil - TEST Waiting for log pattern on 'test-hivemq-platform-0': .*Extension "HiveMQ Custom Test Extension" version 2.0.0 started successfully.
2025-01-29 17:02:13,317 DEBUG c.h.h.t.HelmChartContainer - Executing helm command: /bin/helm --kubeconfig /etc/rancher/k3s/k3s.yaml install test-hivemq-platform /charts/hivemq-platform --wait --timeout 5m0s --set image.repository=docker.io/hivemq --set image.tag=4.36.0 --set image.pullPolicy=Never --set nodes.resources.cpu=512m -f /files/custom-extension-values-with-request-headers-secret.yaml --namespace helmcustomextensionit
2025-01-29 17:02:13,551 INFO c.h.h.t.HelmChartContainer - [hivemq-test-hivemq-platform] [hivemq-platform-operator] [5dbb7c44] 17:02:13.550 [-2082509879-pool-1-thread-2] WARN  i.m.p.PrometheusMeterRegistry - The meter (MeterId{name='operator.sdk.events.received', tags=[tag(action=ADDED),tag(event=ResourceEvent),tag(group=hivemq.com),tag(kind=HiveMQPlatform),tag(name=test-hivemq-platform),tag(namespace=helmcustomextensionit),tag(scope=namespace),tag(version=v1)]}) registration has failed: Prometheus requires that all meters with the same name have the same set of tag keys. There is already an existing meter named 'operator.sdk.events.received' containing tag keys [event, group, kind, name, namespace, scope, version]. The meter you are attempting to register has keys [action, event, group, kind, name, namespace, scope, version]. Note that subsequent logs will be logged at debug level.
2025-01-29 17:02:14,008 INFO c.h.h.t.HelmChartContainer - [hivemq-test-hivemq-platform] [hivemq-platform-operator] [5dbb7c44] 17:02:14.006 [pool-6-thread-3] DEBUG c.h.p.o.dependants.PodInfoConfigMap - [helmcust] Desired PodInfo ConfigMap (1 extensions) (1 enabled)
2025-01-29 17:02:14,008 INFO c.h.h.t.HelmChartContainer - [hivemq-test-hivemq-platform] [hivemq-platform-operator] [5dbb7c44] 17:02:14.006 [pool-6-thread-3] DEBUG c.h.p.o.dependants.PodInfoConfigMap - [helmcust] Desired PodInfo ConfigMap (metrics port: 9399) (metrics path: /)
2025-01-29 17:02:14,008 INFO c.h.h.t.HelmChartContainer - [hivemq-test-hivemq-platform] [hivemq-platform-operator] [5dbb7c44] 17:02:14.007 [pool-6-thread-3] DEBUG c.h.p.o.dependants.PodInfoConfigMap - [helmcust] Desired PodInfo ConfigMap (extension state hash: 1892683595)
2025-01-29 17:02:14,011 INFO c.h.h.t.HelmChartContainer - [hivemq-test-hivemq-platform] [hivemq-platform-operator] [5dbb7c44] 17:02:14.010 [pool-6-thread-3] DEBUG c.h.p.o.dependants.PodInfoConfigMap - [helmcust] Create PodInfo ConfigMap
2025-01-29 17:02:14,119 INFO c.h.h.t.HelmChartContainer - [hivemq-test-hivemq-platform] [hivemq-platform-operator] [5dbb7c44] 17:02:14.117 [pool-6-thread-5] DEBUG c.h.p.o.dependants.PodRoleResource - [helmcust] Create Role: Role(apiVersion=rbac.authorization.k8s.io/v1, kind=Role, metadata=ObjectMeta(annotations={meta.helm.sh/release-name=test-hivemq-platform, meta.helm.sh/release-namespace=helmcustomextensionit}, creationTimestamp=null, deletionGracePeriodSeconds=null, deletionTimestamp=null, finalizers=[], generateName=null, generation=null, labels={helm.sh/chart=hivemq-platform-0.2.32, app.kubernetes.io/managed-by=Helm, app.kubernetes.io/name=hivemq-platform, hivemq-platform=test-hivemq-platform, app.kubernetes.io/instance=test-hivemq-platform, app.kubernetes.io/version=4.36.0}, managedFields=[], name=hivemq-platform-role-test-hivemq-platform, namespace=helmcustomextensionit, ownerReferences=[OwnerReference(apiVersion=hivemq.com/v1, blockOwnerDeletion=null, controller=null, kind=HiveMQPlatform, name=test-hivemq-platform, uid=250c7ab7-378f-498a-8de2-d222311be8c2, additionalProperties={})], resourceVersion=null, selfLink=null, uid=null, additionalProperties={}), rules=[PolicyRule(apiGroups=[], nonResourceURLs=[], resourceNames=[], resources=[pods], verbs=[get, patch, update], additionalProperties={})], additionalProperties={})
2025-01-29 17:02:14,307 INFO c.h.h.t.HelmChartContainer - [hivemq-test-hivemq-platform] [hivemq-platform-operator] [5dbb7c44] 17:02:14.304 [pool-6-thread-7] DEBUG c.h.p.o.d.PodServiceAccountResource - [helmcust] Desired PodServiceAccountResource (serviceAccountName: hivemq-platform-pod-test-hivemq-platform)
2025-01-29 17:02:14,308 INFO c.h.h.t.HelmChartContainer - [hivemq-test-hivemq-platform] [hivemq-platform-operator] [5dbb7c44] 17:02:14.305 [pool-6-thread-7] DEBUG c.h.p.o.d.PodServiceAccountResource - [helmcust] Create ServiceAccount 'hivemq-platform-pod-test-hivemq-platform'
2025-01-29 17:02:14,414 INFO c.h.h.t.HelmChartContainer - [hivemq-test-hivemq-platform] [hivemq-platform-operator] [5dbb7c44] 17:02:14.412 [pool-6-thread-10] DEBUG c.h.p.o.d.PodRoleBindingResource - [helmcust] Create RoleBinding: RoleBinding(apiVersion=rbac.authorization.k8s.io/v1, kind=RoleBinding, metadata=ObjectMeta(annotations={meta.helm.sh/release-name=test-hivemq-platform, meta.helm.sh/release-namespace=helmcustomextensionit}, creationTimestamp=null, deletionGracePeriodSeconds=null, deletionTimestamp=null, finalizers=[], generateName=null, generation=null, labels={helm.sh/chart=hivemq-platform-0.2.32, app.kubernetes.io/managed-by=Helm, app.kubernetes.io/name=hivemq-platform, hivemq-platform=test-hivemq-platform, app.kubernetes.io/instance=test-hivemq-platform, app.kubernetes.io/version=4.36.0}, managedFields=[], name=hivemq-platform-role-binding-test-hivemq-platform, namespace=helmcustomextensionit, ownerReferences=[OwnerReference(apiVersion=hivemq.com/v1, blockOwnerDeletion=null, controller=null, kind=HiveMQPlatform, name=test-hivemq-platform, uid=250c7ab7-378f-498a-8de2-d222311be8c2, additionalProperties={})], resourceVersion=null, selfLink=null, uid=null, additionalProperties={}), roleRef=RoleRef(apiGroup=rbac.authorization.k8s.io, kind=Role, name=hivemq-platform-role-test-hivemq-platform, additionalProperties={}), subjects=[Subject(apiGroup=null, kind=ServiceAccount, name=hivemq-platform-pod-test-hivemq-platform, namespace=helmcustomextensionit, additionalProperties={})], additionalProperties={})
2025-01-29 17:02:14,504 INFO c.h.h.t.HelmChartContainer - [hivemq-test-hivemq-platform] [hivemq-platform-operator] [5dbb7c44] 17:02:14.502 [ReconcilerExecutor-hivemq-controller-53] INFO  c.h.p.o.HiveMQPlatformReconciler - [helmcust] Reconciling HiveMQ Platform 'test-hivemq-platform' in namespace 'helmcustomextensionit'
2025-01-29 17:02:14,505 INFO c.h.h.t.HelmChartContainer - [hivemq-test-hivemq-platform] [hivemq-platform-operator] [5dbb7c44] 17:02:14.503 [ReconcilerExecutor-hivemq-controller-53] DEBUG c.h.p.o.HiveMQPlatformReconciler - [helmcust] Custom Resource Status CREATED - HiveMQ Platform was created (READY)
2025-01-29 17:02:14,505 INFO c.h.h.t.HelmChartContainer - [hivemq-test-hivemq-platform] [hivemq-platform-operator] [5dbb7c44] 17:02:14.503 [ReconcilerExecutor-hivemq-controller-53] DEBUG c.h.p.o.HiveMQPlatformReconciler - [helmcust] Custom Resource Spec (replicas: 1) (extensions: 1)
2025-01-29 17:02:14,511 INFO c.h.h.t.HelmChartContainer - [hivemq-test-hivemq-platform] [hivemq-platform-operator] [5dbb7c44] 17:02:14.510 [ReconcilerExecutor-hivemq-controller-53] INFO  c.h.p.o.h.HiveMQPlatformReconcilerBaseHandler - [helmcust] HiveMQ Platform is starting
2025-01-29 17:02:14,619 INFO c.h.h.t.HelmChartContainer - [hivemq-test-hivemq-platform] [hivemq-platform-operator] [5dbb7c44] 17:02:14.617 [ReconcilerExecutor-hivemq-controller-53] DEBUG c.h.p.operator.event.EventSender - [helmcust] Creating K8s event hivemq-platform-starting: [Start] HiveMQ Platform is starting
2025-01-29 17:02:14,708 INFO c.h.h.t.HelmChartContainer - [EVENT] Normal [Start] HiveMQ Platform is starting [helmcustomextensionit:test-hivemq-platform]
2025-01-29 17:02:14,712 INFO c.h.h.t.HelmChartContainer - [hivemq-test-hivemq-platform] [hivemq-platform-operator] [5dbb7c44] 17:02:14.711 [ReconcilerExecutor-hivemq-controller-53] INFO  c.h.p.o.h.AbstractHiveMQReconcilerStateHandler - [helmcust] Update HiveMQ Platform Status (CREATED [READY] -> STARTING [READY]): HiveMQ Platform is starting
2025-01-29 17:02:14,726 DEBUG com.hivemq.helmcharts.util.K8sUtil - Comparing actual state 'STARTING' and waiting for 'RUNNING'
2025-01-29 17:02:24,814 INFO c.h.h.t.HelmChartContainer - [hivemq-test-hivemq-platform] [hivemq-platform-operator] [5dbb7c44] 17:02:24.810 [pool-6-thread-12] DEBUG c.h.p.o.d.PlatformServiceResource - [helmcust] Desired Platform services (3 services)
2025-01-29 17:02:24,814 INFO c.h.h.t.HelmChartContainer - [hivemq-test-hivemq-platform] [hivemq-platform-operator] [5dbb7c44] 17:02:24.812 [pool-6-thread-13] DEBUG c.h.p.o.dependants.PodInfoConfigMap - [helmcust] Desired PodInfo ConfigMap (1 extensions) (1 enabled)
2025-01-29 17:02:24,814 INFO c.h.h.t.HelmChartContainer - [hivemq-test-hivemq-platform] [hivemq-platform-operator] [5dbb7c44] 17:02:24.812 [pool-6-thread-13] DEBUG c.h.p.o.dependants.PodInfoConfigMap - [helmcust] Desired PodInfo ConfigMap (metrics port: 9399) (metrics path: /)
2025-01-29 17:02:24,814 INFO c.h.h.t.HelmChartContainer - [hivemq-test-hivemq-platform] [hivemq-platform-operator] [5dbb7c44] 17:02:24.812 [pool-6-thread-13] DEBUG c.h.p.o.dependants.PodInfoConfigMap - [helmcust] Desired PodInfo ConfigMap (extension state hash: 1892683595)
2025-01-29 17:02:24,814 INFO c.h.h.t.HelmChartContainer - [hivemq-test-hivemq-platform] [hivemq-platform-operator] [5dbb7c44] 17:02:24.812 [pool-6-thread-17] DEBUG c.h.p.o.d.PodServiceAccountResource - [helmcust] Desired PodServiceAccountResource (serviceAccountName: hivemq-platform-pod-test-hivemq-platform)
2025-01-29 17:02:24,833 INFO c.h.h.t.HelmChartContainer - [K3S] [alloc.go:330] "allocated clusterIPs" service="helmcustomextensionit/hivemq-test-hivemq-platform-cc-8080" clusterIPs={"IPv4":"10.43.9.172"}
2025-01-29 17:02:24,909 INFO c.h.h.t.HelmChartContainer - [hivemq-test-hivemq-platform] [hivemq-platform-operator] [5dbb7c44] 17:02:24.903 [pool-6-thread-13] DEBUG c.h.p.o.dependants.PodInfoConfigMap - [helmcust] Update PodInfo ConfigMap
2025-01-29 17:02:24,923 INFO c.h.h.t.HelmChartContainer - [K3S] [alloc.go:330] "allocated clusterIPs" service="helmcustomextensionit/hivemq-test-hivemq-platform-mqtt-1883" clusterIPs={"IPv4":"10.43.30.129"}
2025-01-29 17:02:25,011 INFO c.h.h.t.HelmChartContainer - [K3S] [alloc.go:330] "allocated clusterIPs" service="helmcustomextensionit/hivemq-test-hivemq-platform-metrics-9399" clusterIPs={"IPv4":"10.43.245.201"}
2025-01-29 17:02:25,022 INFO c.h.h.t.HelmChartContainer - [hivemq-test-hivemq-platform] [hivemq-platform-operator] [5dbb7c44] 17:02:25.021 [pool-6-thread-20] DEBUG c.h.p.o.d.StatefulSetResource - [helmcust] Desired StatefulSet (1 replicas) for status STARTING (READY)
2025-01-29 17:02:25,112 INFO c.h.h.t.HelmChartContainer - [hivemq-test-hivemq-platform] [hivemq-platform-operator] [5dbb7c44] 17:02:25.111 [pool-6-thread-20] DEBUG c.h.p.o.d.StatefulSetResource - [helmcust] Create StatefulSet
2025-01-29 17:02:25,225 INFO c.h.h.t.HelmChartContainer - [hivemq-test-hivemq-platform] [hivemq-platform-operator] [5dbb7c44] 17:02:25.223 [ReconcilerExecutor-hivemq-controller-64] INFO  c.h.p.o.HiveMQPlatformReconciler - [helmcust] Reconciling HiveMQ Platform 'test-hivemq-platform' in namespace 'helmcustomextensionit'
2025-01-29 17:02:25,226 INFO c.h.h.t.HelmChartContainer - [hivemq-test-hivemq-platform] [hivemq-platform-operator] [5dbb7c44] 17:02:25.224 [ReconcilerExecutor-hivemq-controller-64] DEBUG c.h.p.o.HiveMQPlatformReconciler - [helmcust] Custom Resource Status STARTING - HiveMQ Platform is starting (READY)
2025-01-29 17:02:25,227 INFO c.h.h.t.HelmChartContainer - [hivemq-test-hivemq-platform] [hivemq-platform-operator] [5dbb7c44] 17:02:25.225 [ReconcilerExecutor-hivemq-controller-64] DEBUG c.h.p.o.HiveMQPlatformReconciler - [helmcust] Custom Resource Spec (replicas: 1) (extensions: 1)
2025-01-29 17:02:25,235 INFO c.h.h.t.HelmChartContainer - [POD] test-hivemq-platform-0 [33c9d9f4-b76b-4414-bb62-8d451871aacc] in helmcustomextensionit was ADDED
2025-01-29 17:02:25,236 INFO c.h.h.t.HelmChartContainer - [EVENT] Normal [SuccessfulCreate] create Pod test-hivemq-platform-0 in StatefulSet test-hivemq-platform successful [helmcustomextensionit:test-hivemq-platform]
2025-01-29 17:02:25,238 INFO c.h.h.t.HelmChartContainer - [POD] test-hivemq-platform-0 [33c9d9f4-b76b-4414-bb62-8d451871aacc] in helmcustomextensionit was MODIFIED
2025-01-29 17:02:25,241 INFO c.h.h.t.HelmChartContainer - [EVENT] Normal [Scheduled] Successfully assigned helmcustomextensionit/test-hivemq-platform-0 to cbc6d6ca7a03 [helmcustomextensionit:test-hivemq-platform-0]
2025-01-29 17:02:25,252 INFO c.h.h.t.HelmChartContainer - [POD] test-hivemq-platform-0 [33c9d9f4-b76b-4414-bb62-8d451871aacc] in helmcustomextensionit was MODIFIED
2025-01-29 17:02:25,308 INFO c.h.h.t.HelmChartContainer - [hivemq-test-hivemq-platform] [hivemq-platform-operator] [5dbb7c44] 17:02:25.305 [ReconcilerExecutor-hivemq-controller-64] DEBUG c.h.p.o.HiveMQPlatformReconciler - [helmcust] StatefulSet Status (revision: null, replicas: 0, available: 0, ready: 0, current: 0, updated: 0)
2025-01-29 17:02:25,308 INFO c.h.h.t.HelmChartContainer - [hivemq-test-hivemq-platform] [hivemq-platform-operator] [5dbb7c44] 17:02:25.305 [ReconcilerExecutor-hivemq-controller-64] DEBUG c.h.p.o.HiveMQPlatformReconciler - [helmcust] StatefulSet Spec (replicas: 1, init containers: 1, containers: 1, volumes: 4)
2025-01-29 17:02:25,319 INFO c.h.h.t.HelmChartContainer - [hivemq-test-hivemq-platform] [hivemq-platform-operator] [5dbb7c44] 17:02:25.318 [ReconcilerExecutor-hivemq-controller-64] DEBUG c.h.p.o.h.HiveMQPlatformReconcilerErrorHandler - [helmcust] Pod 'test-hivemq-platform-0' phase Pending
2025-01-29 17:02:25,347 INFO c.h.h.t.HelmChartContainer - [K3S] [reconciler_common.go:251] "operationExecutor.VerifyControllerAttachedVolume started for volume \"pod-info\" (UniqueName: \"kubernetes.io/configmap/33c9d9f4-b76b-4414-bb62-8d451871aacc-pod-info\") pod \"test-hivemq-platform-0\" (UID: \"33c9d9f4-b76b-4414-bb62-8d451871aacc\") " pod="helmcustomextensionit/test-hivemq-platform-0"
2025-01-29 17:02:25,347 INFO c.h.h.t.HelmChartContainer - [K3S] [reconciler_common.go:251] "operationExecutor.VerifyControllerAttachedVolume started for volume \"kube-api-access-s89jm\" (UniqueName: \"kubernetes.io/projected/33c9d9f4-b76b-4414-bb62-8d451871aacc-kube-api-access-s89jm\") pod \"test-hivemq-platform-0\" (UID: \"33c9d9f4-b76b-4414-bb62-8d451871aacc\") " pod="helmcustomextensionit/test-hivemq-platform-0"
2025-01-29 17:02:25,347 INFO c.h.h.t.HelmChartContainer - [K3S] [reconciler_common.go:251] "operationExecutor.VerifyControllerAttachedVolume started for volume \"broker-configuration\" (UniqueName: \"kubernetes.io/configmap/33c9d9f4-b76b-4414-bb62-8d451871aacc-broker-configuration\") pod \"test-hivemq-platform-0\" (UID: \"33c9d9f4-b76b-4414-bb62-8d451871aacc\") " pod="helmcustomextensionit/test-hivemq-platform-0"
2025-01-29 17:02:25,347 INFO c.h.h.t.HelmChartContainer - [K3S] [reconciler_common.go:251] "operationExecutor.VerifyControllerAttachedVolume started for volume \"extension-request-header-custom-extension-auth-secret\" (UniqueName: \"kubernetes.io/secret/33c9d9f4-b76b-4414-bb62-8d451871aacc-extension-request-header-custom-extension-auth-secret\") pod \"test-hivemq-platform-0\" (UID: \"33c9d9f4-b76b-4414-bb62-8d451871aacc\") " pod="helmcustomextensionit/test-hivemq-platform-0"
2025-01-29 17:02:25,347 INFO c.h.h.t.HelmChartContainer - [K3S] [reconciler_common.go:251] "operationExecutor.VerifyControllerAttachedVolume started for volume \"operator-init\" (UniqueName: \"kubernetes.io/empty-dir/33c9d9f4-b76b-4414-bb62-8d451871aacc-operator-init\") pod \"test-hivemq-platform-0\" (UID: \"33c9d9f4-b76b-4414-bb62-8d451871aacc\") " pod="helmcustomextensionit/test-hivemq-platform-0"
2025-01-29 17:02:25,406 INFO c.h.h.t.HelmChartContainer - [hivemq-test-hivemq-platform] [hivemq-platform-operator] [5dbb7c44] 17:02:25.404 [ReconcilerExecutor-hivemq-controller-64] INFO  c.h.p.o.h.HiveMQPlatformReconcilerBaseHandler - [helmcust] HiveMQ Platform is starting, 0 of 1 replicas are ready
2025-01-29 17:02:25,411 INFO c.h.h.t.HelmChartContainer - [hivemq-test-hivemq-platform] [hivemq-platform-operator] [5dbb7c44] 17:02:25.409 [pool-6-thread-22] DEBUG c.h.p.o.d.PlatformServiceResource - [helmcust] Desired Platform services (3 services)
2025-01-29 17:02:25,414 INFO c.h.h.t.HelmChartContainer - [hivemq-test-hivemq-platform] [hivemq-platform-operator] [5dbb7c44] 17:02:25.413 [pool-6-thread-23] DEBUG c.h.p.o.dependants.PodInfoConfigMap - [helmcust] Desired PodInfo ConfigMap (1 extensions) (1 enabled)
2025-01-29 17:02:25,415 INFO c.h.h.t.HelmChartContainer - [hivemq-test-hivemq-platform] [hivemq-platform-operator] [5dbb7c44] 17:02:25.413 [pool-6-thread-23] DEBUG c.h.p.o.dependants.PodInfoConfigMap - [helmcust] Desired PodInfo ConfigMap (metrics port: 9399) (metrics path: /)
2025-01-29 17:02:25,415 INFO c.h.h.t.HelmChartContainer - [hivemq-test-hivemq-platform] [hivemq-platform-operator] [5dbb7c44] 17:02:25.413 [pool-6-thread-23] DEBUG c.h.p.o.dependants.PodInfoConfigMap - [helmcust] Desired PodInfo ConfigMap (extension state hash: 1892683595)
2025-01-29 17:02:25,418 INFO c.h.h.t.HelmChartContainer - [hivemq-test-hivemq-platform] [hivemq-platform-operator] [5dbb7c44] 17:02:25.417 [pool-6-thread-27] DEBUG c.h.p.o.d.PodServiceAccountResource - [helmcust] Desired PodServiceAccountResource (serviceAccountName: hivemq-platform-pod-test-hivemq-platform)
2025-01-29 17:02:25,510 INFO c.h.h.t.HelmChartContainer - [hivemq-test-hivemq-platform] [hivemq-platform-operator] [5dbb7c44] 17:02:25.508 [pool-6-thread-30] DEBUG c.h.p.o.d.StatefulSetResource - [helmcust] Desired StatefulSet (1 replicas) for status STARTING (READY)
2025-01-29 17:02:25,517 INFO c.h.h.t.HelmChartContainer - [hivemq-test-hivemq-platform] [hivemq-platform-operator] [5dbb7c44] 17:02:25.516 [ReconcilerExecutor-hivemq-controller-75] INFO  c.h.p.o.HiveMQPlatformReconciler - [helmcust] Reconciling HiveMQ Platform 'test-hivemq-platform' in namespace 'helmcustomextensionit'
2025-01-29 17:02:25,518 INFO c.h.h.t.HelmChartContainer - [hivemq-test-hivemq-platform] [hivemq-platform-operator] [5dbb7c44] 17:02:25.516 [ReconcilerExecutor-hivemq-controller-75] DEBUG c.h.p.o.HiveMQPlatformReconciler - [helmcust] Custom Resource Status STARTING - HiveMQ Platform is starting (READY)
2025-01-29 17:02:25,518 INFO c.h.h.t.HelmChartContainer - [hivemq-test-hivemq-platform] [hivemq-platform-operator] [5dbb7c44] 17:02:25.516 [ReconcilerExecutor-hivemq-controller-75] DEBUG c.h.p.o.HiveMQPlatformReconciler - [helmcust] Custom Resource Spec (replicas: 1) (extensions: 1)
2025-01-29 17:02:25,520 INFO c.h.h.t.HelmChartContainer - [hivemq-test-hivemq-platform] [hivemq-platform-operator] [5dbb7c44] 17:02:25.520 [ReconcilerExecutor-hivemq-controller-75] DEBUG c.h.p.o.HiveMQPlatformReconciler - [helmcust] StatefulSet Status (revision: test-hivemq-platform-58d745f97c, replicas: 1, available: 0, ready: 0, current: 1, updated: 1)
2025-01-29 17:02:25,521 INFO c.h.h.t.HelmChartContainer - [hivemq-test-hivemq-platform] [hivemq-platform-operator] [5dbb7c44] 17:02:25.520 [ReconcilerExecutor-hivemq-controller-75] DEBUG c.h.p.o.HiveMQPlatformReconciler - [helmcust] StatefulSet Spec (replicas: 1, init containers: 1, containers: 1, volumes: 4)
2025-01-29 17:02:25,608 INFO c.h.h.t.HelmChartContainer - [hivemq-test-hivemq-platform] [hivemq-platform-operator] [5dbb7c44] 17:02:25.606 [ReconcilerExecutor-hivemq-controller-75] DEBUG c.h.p.o.h.HiveMQPlatformReconcilerErrorHandler - [helmcust] Pod 'test-hivemq-platform-0' phase Pending
2025-01-29 17:02:25,608 INFO c.h.h.t.HelmChartContainer - [hivemq-test-hivemq-platform] [hivemq-platform-operator] [5dbb7c44] 17:02:25.607 [ReconcilerExecutor-hivemq-controller-75] DEBUG c.h.p.o.h.HiveMQPlatformReconcilerErrorHandler - [helmcust] Pod 'test-hivemq-platform-0' condition 'PodReadyToStartContainers': False
2025-01-29 17:02:25,608 INFO c.h.h.t.HelmChartContainer - [hivemq-test-hivemq-platform] [hivemq-platform-operator] [5dbb7c44] 17:02:25.607 [ReconcilerExecutor-hivemq-controller-75] DEBUG c.h.p.o.h.HiveMQPlatformReconcilerErrorHandler - [helmcust] Pod 'test-hivemq-platform-0' condition 'Initialized': False
2025-01-29 17:02:25,608 INFO c.h.h.t.HelmChartContainer - [hivemq-test-hivemq-platform] [hivemq-platform-operator] [5dbb7c44] 17:02:25.607 [ReconcilerExecutor-hivemq-controller-75] DEBUG c.h.p.o.h.HiveMQPlatformReconcilerErrorHandler - [helmcust] Pod 'test-hivemq-platform-0' condition 'Ready': False
2025-01-29 17:02:25,608 INFO c.h.h.t.HelmChartContainer - [hivemq-test-hivemq-platform] [hivemq-platform-operator] [5dbb7c44] 17:02:25.607 [ReconcilerExecutor-hivemq-controller-75] DEBUG c.h.p.o.h.HiveMQPlatformReconcilerErrorHandler - [helmcust] Pod 'test-hivemq-platform-0' condition 'ContainersReady': False
2025-01-29 17:02:25,608 INFO c.h.h.t.HelmChartContainer - [hivemq-test-hivemq-platform] [hivemq-platform-operator] [5dbb7c44] 17:02:25.607 [ReconcilerExecutor-hivemq-controller-75] DEBUG c.h.p.o.h.HiveMQPlatformReconcilerErrorHandler - [helmcust] Pod 'test-hivemq-platform-0' condition 'PodScheduled': True
2025-01-29 17:02:25,611 INFO c.h.h.t.HelmChartContainer - [hivemq-test-hivemq-platform] [hivemq-platform-operator] [5dbb7c44] 17:02:25.608 [ReconcilerExecutor-hivemq-controller-75] DEBUG c.h.p.o.h.HiveMQPlatformReconcilerErrorHandler - [helmcust] Pod 'test-hivemq-platform-0' containerStatus 'hivemq' (started: false) (ready: false) (waiting: [PodInitializing] null)
2025-01-29 17:02:25,611 INFO c.h.h.t.HelmChartContainer - [hivemq-test-hivemq-platform] [hivemq-platform-operator] [5dbb7c44] 17:02:25.609 [ReconcilerExecutor-hivemq-controller-75] INFO  c.h.p.o.h.HiveMQPlatformReconcilerBaseHandler - [helmcust] HiveMQ Platform is starting, 0 of 1 replicas are ready
2025-01-29 17:02:25,630 INFO c.h.h.t.HelmChartContainer - [EVENT] Normal [Pulled] Container image "docker.io/hivemq/hivemq-platform-operator-init-test:snapshot" already present on machine [helmcustomextensionit:test-hivemq-platform-0]
2025-01-29 17:02:25,640 INFO c.h.h.t.HelmChartContainer - [EVENT] Normal [Created] Created container: hivemq-platform-operator-init [helmcustomextensionit:test-hivemq-platform-0]
2025-01-29 17:02:25,677 INFO c.h.h.t.HelmChartContainer - [EVENT] Normal [Started] Started container hivemq-platform-operator-init [helmcustomextensionit:test-hivemq-platform-0]
2025-01-29 17:02:26,380 INFO c.h.h.t.HelmChartContainer - [EVENT] Normal [Pulled] Container image "docker.io/hivemq/hivemq4:4.36.0" already present on machine [helmcustomextensionit:test-hivemq-platform-0]
2025-01-29 17:02:26,380 INFO c.h.h.t.HelmChartContainer - Received Pulled event for container hivemq in pod test-hivemq-platform-0 [33c9d9f4-b76b-4414-bb62-8d451871aacc]
2025-01-29 17:02:26,391 INFO c.h.h.t.HelmChartContainer - [POD] test-hivemq-platform-0 [33c9d9f4-b76b-4414-bb62-8d451871aacc] in helmcustomextensionit was MODIFIED
2025-01-29 17:02:26,407 INFO c.h.h.t.HelmChartContainer - [hivemq-test-hivemq-platform] [hivemq-platform-operator] [5dbb7c44] 17:02:26.400 [pool-6-thread-33] DEBUG c.h.p.o.dependants.PodInfoConfigMap - [helmcust] Desired PodInfo ConfigMap (1 extensions) (1 enabled)
2025-01-29 17:02:26,409 INFO c.h.h.t.HelmChartContainer - [hivemq-test-hivemq-platform] [hivemq-platform-operator] [5dbb7c44] 17:02:26.400 [pool-6-thread-33] DEBUG c.h.p.o.dependants.PodInfoConfigMap - [helmcust] Desired PodInfo ConfigMap (metrics port: 9399) (metrics path: /)
2025-01-29 17:02:26,409 INFO c.h.h.t.HelmChartContainer - [hivemq-test-hivemq-platform] [hivemq-platform-operator] [5dbb7c44] 17:02:26.400 [pool-6-thread-33] DEBUG c.h.p.o.dependants.PodInfoConfigMap - [helmcust] Desired PodInfo ConfigMap (extension state hash: 1892683595)
2025-01-29 17:02:26,409 INFO c.h.h.t.HelmChartContainer - [hivemq-test-hivemq-platform] [hivemq-platform-operator] [5dbb7c44] 17:02:26.402 [pool-6-thread-32] DEBUG c.h.p.o.d.PlatformServiceResource - [helmcust] Desired Platform services (3 services)
2025-01-29 17:02:26,415 INFO c.h.h.t.HelmChartContainer - [hivemq-test-hivemq-platform] [hivemq-platform-operator] [5dbb7c44] 17:02:26.410 [pool-6-thread-37] DEBUG c.h.p.o.d.PodServiceAccountResource - [helmcust] Desired PodServiceAccountResource (serviceAccountName: hivemq-platform-pod-test-hivemq-platform)
2025-01-29 17:02:26,422 INFO c.h.h.t.HelmChartContainer - [EVENT] Normal [Created] Created container: hivemq [helmcustomextensionit:test-hivemq-platform-0]
2025-01-29 17:02:26,422 INFO c.h.h.t.HelmChartContainer - Received Created event for container hivemq in pod test-hivemq-platform-0 [33c9d9f4-b76b-4414-bb62-8d451871aacc]
2025-01-29 17:02:26,442 INFO c.h.h.t.HelmChartContainer - [hivemq-test-hivemq-platform] [hivemq-platform-operator] [5dbb7c44] 17:02:26.439 [pool-6-thread-40] DEBUG c.h.p.o.d.StatefulSetResource - [helmcust] Desired StatefulSet (1 replicas) for status STARTING (READY)
2025-01-29 17:02:26,510 INFO c.h.h.t.HelmChartContainer - [hivemq-test-hivemq-platform] [hivemq-platform-operator] [5dbb7c44] 17:02:26.506 [ReconcilerExecutor-hivemq-controller-86] INFO  c.h.p.o.HiveMQPlatformReconciler - [helmcust] Reconciling HiveMQ Platform 'test-hivemq-platform' in namespace 'helmcustomextensionit'
2025-01-29 17:02:26,510 INFO c.h.h.t.HelmChartContainer - [hivemq-test-hivemq-platform] [hivemq-platform-operator] [5dbb7c44] 17:02:26.507 [ReconcilerExecutor-hivemq-controller-86] DEBUG c.h.p.o.HiveMQPlatformReconciler - [helmcust] Custom Resource Status STARTING - HiveMQ Platform is starting (READY)
2025-01-29 17:02:26,510 INFO c.h.h.t.HelmChartContainer - [hivemq-test-hivemq-platform] [hivemq-platform-operator] [5dbb7c44] 17:02:26.507 [ReconcilerExecutor-hivemq-controller-86] DEBUG c.h.p.o.HiveMQPlatformReconciler - [helmcust] Custom Resource Spec (replicas: 1) (extensions: 1)
2025-01-29 17:02:26,512 INFO c.h.h.t.HelmChartContainer - [hivemq-test-hivemq-platform] [hivemq-platform-operator] [5dbb7c44] 17:02:26.509 [ReconcilerExecutor-hivemq-controller-86] DEBUG c.h.p.o.HiveMQPlatformReconciler - [helmcust] StatefulSet Status (revision: test-hivemq-platform-58d745f97c, replicas: 1, available: 0, ready: 0, current: 1, updated: 1)
2025-01-29 17:02:26,514 INFO c.h.h.t.HelmChartContainer - [hivemq-test-hivemq-platform] [hivemq-platform-operator] [5dbb7c44] 17:02:26.509 [ReconcilerExecutor-hivemq-controller-86] DEBUG c.h.p.o.HiveMQPlatformReconciler - [helmcust] StatefulSet Spec (replicas: 1, init containers: 1, containers: 1, volumes: 4)
2025-01-29 17:02:26,515 INFO c.h.h.t.HelmChartContainer - [hivemq-test-hivemq-platform] [hivemq-platform-operator] [5dbb7c44] 17:02:26.513 [ReconcilerExecutor-hivemq-controller-86] DEBUG c.h.p.o.h.HiveMQPlatformReconcilerErrorHandler - [helmcust] Pod 'test-hivemq-platform-0' phase Pending
2025-01-29 17:02:26,515 INFO c.h.h.t.HelmChartContainer - [hivemq-test-hivemq-platform] [hivemq-platform-operator] [5dbb7c44] 17:02:26.513 [ReconcilerExecutor-hivemq-controller-86] DEBUG c.h.p.o.h.HiveMQPlatformReconcilerErrorHandler - [helmcust] Pod 'test-hivemq-platform-0' condition 'PodReadyToStartContainers': True
2025-01-29 17:02:26,515 INFO c.h.h.t.HelmChartContainer - [hivemq-test-hivemq-platform] [hivemq-platform-operator] [5dbb7c44] 17:02:26.513 [ReconcilerExecutor-hivemq-controller-86] DEBUG c.h.p.o.h.HiveMQPlatformReconcilerErrorHandler - [helmcust] Pod 'test-hivemq-platform-0' condition 'Initialized': True
2025-01-29 17:02:26,515 INFO c.h.h.t.HelmChartContainer - [hivemq-test-hivemq-platform] [hivemq-platform-operator] [5dbb7c44] 17:02:26.513 [ReconcilerExecutor-hivemq-controller-86] DEBUG c.h.p.o.h.HiveMQPlatformReconcilerErrorHandler - [helmcust] Pod 'test-hivemq-platform-0' condition 'Ready': False
2025-01-29 17:02:26,515 INFO c.h.h.t.HelmChartContainer - [hivemq-test-hivemq-platform] [hivemq-platform-operator] [5dbb7c44] 17:02:26.513 [ReconcilerExecutor-hivemq-controller-86] DEBUG c.h.p.o.h.HiveMQPlatformReconcilerErrorHandler - [helmcust] Pod 'test-hivemq-platform-0' condition 'ContainersReady': False
2025-01-29 17:02:26,515 INFO c.h.h.t.HelmChartContainer - [hivemq-test-hivemq-platform] [hivemq-platform-operator] [5dbb7c44] 17:02:26.513 [ReconcilerExecutor-hivemq-controller-86] DEBUG c.h.p.o.h.HiveMQPlatformReconcilerErrorHandler - [helmcust] Pod 'test-hivemq-platform-0' condition 'PodScheduled': True
2025-01-29 17:02:26,515 INFO c.h.h.t.HelmChartContainer - [hivemq-test-hivemq-platform] [hivemq-platform-operator] [5dbb7c44] 17:02:26.513 [ReconcilerExecutor-hivemq-controller-86] DEBUG c.h.p.o.h.HiveMQPlatformReconcilerErrorHandler - [helmcust] Pod 'test-hivemq-platform-0' containerStatus 'hivemq' (started: false) (ready: false) (waiting: [PodInitializing] null)
2025-01-29 17:02:26,517 INFO c.h.h.t.HelmChartContainer - [hivemq-test-hivemq-platform] [hivemq-platform-operator] [5dbb7c44] 17:02:26.514 [ReconcilerExecutor-hivemq-controller-86] INFO  c.h.p.o.h.HiveMQPlatformReconcilerBaseHandler - [helmcust] HiveMQ Platform is starting, 0 of 1 replicas are ready
2025-01-29 17:02:27,403 INFO c.h.h.t.HelmChartContainer - [POD] test-hivemq-platform-0 [33c9d9f4-b76b-4414-bb62-8d451871aacc] in helmcustomextensionit was MODIFIED
2025-01-29 17:02:27,409 INFO c.h.h.t.HelmChartContainer - Started log watcher for hivemq in pod test-hivemq-platform-0 [33c9d9f4-b76b-4414-bb62-8d451871aacc]
2025-01-29 17:02:27,413 INFO c.h.h.t.HelmChartContainer - [test-hivemq-platform] [hivemq] [33c9d9f4] Adding pre-installed HiveMQ Platform Operator extensions
2025-01-29 17:02:27,414 INFO c.h.h.t.HelmChartContainer - [test-hivemq-platform] [hivemq] [33c9d9f4] Running as user 10000
2025-01-29 17:02:27,414 INFO c.h.h.t.HelmChartContainer - [test-hivemq-platform] [hivemq] [33c9d9f4] Starting HiveMQ Platform Operator Init
2025-01-29 17:02:27,418 INFO c.h.h.t.HelmChartContainer - [EVENT] Normal [Started] Started container hivemq [helmcustomextensionit:test-hivemq-platform-0]
2025-01-29 17:02:27,418 INFO c.h.h.t.HelmChartContainer - Received Started event for container hivemq in pod test-hivemq-platform-0 [33c9d9f4-b76b-4414-bb62-8d451871aacc]
2025-01-29 17:02:27,445 INFO c.h.h.t.HelmChartContainer - [hivemq-test-hivemq-platform] [hivemq-platform-operator] [5dbb7c44] 17:02:27.429 [pool-6-thread-42] DEBUG c.h.p.o.d.PlatformServiceResource - [helmcust] Desired Platform services (3 services)
2025-01-29 17:02:27,447 INFO c.h.h.t.HelmChartContainer - [hivemq-test-hivemq-platform] [hivemq-platform-operator] [5dbb7c44] 17:02:27.445 [pool-6-thread-43] DEBUG c.h.p.o.dependants.PodInfoConfigMap - [helmcust] Desired PodInfo ConfigMap (1 extensions) (1 enabled)
2025-01-29 17:02:27,447 INFO c.h.h.t.HelmChartContainer - [hivemq-test-hivemq-platform] [hivemq-platform-operator] [5dbb7c44] 17:02:27.445 [pool-6-thread-43] DEBUG c.h.p.o.dependants.PodInfoConfigMap - [helmcust] Desired PodInfo ConfigMap (metrics port: 9399) (metrics path: /)
2025-01-29 17:02:27,448 INFO c.h.h.t.HelmChartContainer - [hivemq-test-hivemq-platform] [hivemq-platform-operator] [5dbb7c44] 17:02:27.445 [pool-6-thread-43] DEBUG c.h.p.o.dependants.PodInfoConfigMap - [helmcust] Desired PodInfo ConfigMap (extension state hash: 1892683595)
2025-01-29 17:02:27,453 INFO c.h.h.t.HelmChartContainer - [hivemq-test-hivemq-platform] [hivemq-platform-operator] [5dbb7c44] 17:02:27.452 [pool-6-thread-47] DEBUG c.h.p.o.d.PodServiceAccountResource - [helmcust] Desired PodServiceAccountResource (serviceAccountName: hivemq-platform-pod-test-hivemq-platform)
2025-01-29 17:02:27,507 INFO c.h.h.t.HelmChartContainer - [hivemq-test-hivemq-platform] [hivemq-platform-operator] [5dbb7c44] 17:02:27.504 [pool-6-thread-50] DEBUG c.h.p.o.d.StatefulSetResource - [helmcust] Desired StatefulSet (1 replicas) for status STARTING (READY)
2025-01-29 17:02:27,513 INFO c.h.h.t.HelmChartContainer - [hivemq-test-hivemq-platform] [hivemq-platform-operator] [5dbb7c44] 17:02:27.509 [ReconcilerExecutor-hivemq-controller-97] INFO  c.h.p.o.HiveMQPlatformReconciler - [helmcust] Reconciling HiveMQ Platform 'test-hivemq-platform' in namespace 'helmcustomextensionit'
2025-01-29 17:02:27,514 INFO c.h.h.t.HelmChartContainer - [hivemq-test-hivemq-platform] [hivemq-platform-operator] [5dbb7c44] 17:02:27.509 [ReconcilerExecutor-hivemq-controller-97] DEBUG c.h.p.o.HiveMQPlatformReconciler - [helmcust] Custom Resource Status STARTING - HiveMQ Platform is starting (READY)
2025-01-29 17:02:27,515 INFO c.h.h.t.HelmChartContainer - [hivemq-test-hivemq-platform] [hivemq-platform-operator] [5dbb7c44] 17:02:27.509 [ReconcilerExecutor-hivemq-controller-97] DEBUG c.h.p.o.HiveMQPlatformReconciler - [helmcust] Custom Resource Spec (replicas: 1) (extensions: 1)
2025-01-29 17:02:27,515 INFO c.h.h.t.HelmChartContainer - [hivemq-test-hivemq-platform] [hivemq-platform-operator] [5dbb7c44] 17:02:27.511 [ReconcilerExecutor-hivemq-controller-97] DEBUG c.h.p.o.HiveMQPlatformReconciler - [helmcust] StatefulSet Status (revision: test-hivemq-platform-58d745f97c, replicas: 1, available: 0, ready: 0, current: 1, updated: 1)
2025-01-29 17:02:27,515 INFO c.h.h.t.HelmChartContainer - [hivemq-test-hivemq-platform] [hivemq-platform-operator] [5dbb7c44] 17:02:27.511 [ReconcilerExecutor-hivemq-controller-97] DEBUG c.h.p.o.HiveMQPlatformReconciler - [helmcust] StatefulSet Spec (replicas: 1, init containers: 1, containers: 1, volumes: 4)
2025-01-29 17:02:27,520 INFO c.h.h.t.HelmChartContainer - [hivemq-test-hivemq-platform] [hivemq-platform-operator] [5dbb7c44] 17:02:27.519 [ReconcilerExecutor-hivemq-controller-97] DEBUG c.h.p.o.h.HiveMQPlatformReconcilerErrorHandler - [helmcust] Pod 'test-hivemq-platform-0' phase Running
2025-01-29 17:02:27,522 INFO c.h.h.t.HelmChartContainer - [hivemq-test-hivemq-platform] [hivemq-platform-operator] [5dbb7c44] 17:02:27.521 [ReconcilerExecutor-hivemq-controller-97] INFO  c.h.p.o.h.HiveMQPlatformReconcilerBaseHandler - [helmcust] HiveMQ Platform is starting, 0 of 1 replicas are ready
2025-01-29 17:02:27,714 INFO c.h.h.t.HelmChartContainer - [test-hivemq-platform] [hivemq] [33c9d9f4] INFO  - [HiveMQ Platform Operator Init 1.7.0-SNAPSHOT] HiveMQ Platform Operator Init 1.7.0-SNAPSHOT (commit: 8465ebf on branch: HEAD) built on Wed Jan 29 16:56:31 UTC 2025
2025-01-29 17:02:28,907 INFO c.h.h.t.HelmChartContainer - [test-hivemq-platform] [hivemq] [33c9d9f4] INFO  - [HiveMQ Platform Operator Init App 1.7.0-SNAPSHOT] Using bind address 10.42.0.7 from environment variable
2025-01-29 17:02:29,846 INFO c.h.h.t.HelmChartContainer - [test-hivemq-platform] [hivemq] [33c9d9f4] INFO  - [HiveMQ Platform Operator Init App 1.7.0-SNAPSHOT] HiveMQ Platform Operator Init App 1.7.0-SNAPSHOT (commit: 8465ebf on branch: HEAD) built on Wed Jan 29 16:56:31 UTC 2025
2025-01-29 17:02:29,846 INFO c.h.h.t.HelmChartContainer - [test-hivemq-platform] [hivemq] [33c9d9f4] INFO  - [HiveMQ Platform Operator Init App 1.7.0-SNAPSHOT] PodInfo ConfigMap directory: /etc/podinfo
2025-01-29 17:02:29,846 INFO c.h.h.t.HelmChartContainer - [test-hivemq-platform] [hivemq] [33c9d9f4] INFO  - [HiveMQ Platform Operator Init App 1.7.0-SNAPSHOT] HiveMQ home directory: /opt/hivemq
2025-01-29 17:02:29,847 INFO c.h.h.t.HelmChartContainer - [test-hivemq-platform] [hivemq] [33c9d9f4] INFO  - [HiveMQ Platform Operator Init App 1.7.0-SNAPSHOT] HiveMQ Logback folder: /opt/hivemq/conf
2025-01-29 17:02:29,847 INFO c.h.h.t.HelmChartContainer - [test-hivemq-platform] [hivemq] [33c9d9f4] INFO  - [HiveMQ Platform Operator Init App 1.7.0-SNAPSHOT] HiveMQ Config folder: /opt/hivemq/conf-k8s
2025-01-29 17:02:29,847 INFO c.h.h.t.HelmChartContainer - [test-hivemq-platform] [hivemq] [33c9d9f4] INFO  - [HiveMQ Platform Operator Init App 1.7.0-SNAPSHOT] Starting HiveMQ Platform Operator Init App
2025-01-29 17:02:29,847 INFO c.h.h.t.HelmChartContainer - [test-hivemq-platform] [hivemq] [33c9d9f4] INFO  - [HiveMQ Platform Operator Init App 1.7.0-SNAPSHOT] Starting Pod reconciler
2025-01-29 17:02:31,013 INFO c.h.h.t.HelmChartContainer - [test-hivemq-platform] [hivemq] [33c9d9f4] INFO  - [HiveMQ Platform Operator Init App 1.7.0-SNAPSHOT] Pod reconciler is scheduled (interval: 5000 ms)
2025-01-29 17:02:31,014 INFO c.h.h.t.HelmChartContainer - [test-hivemq-platform] [hivemq] [33c9d9f4] INFO  - [HiveMQ Platform Operator Init App 1.7.0-SNAPSHOT] Starting the REST API on 10.42.0.7:7979
2025-01-29 17:02:31,016 INFO c.h.h.t.HelmChartContainer - [test-hivemq-platform] [hivemq] [33c9d9f4] INFO  - [HiveMQ Platform Operator Init App 1.7.0-SNAPSHOT] Waiting up to 600s for at most 1 HiveMQ nodes in cluster service hivemq-test-hivemq-platform-cluster.helmcustomextensionit.svc
2025-01-29 17:02:31,342 INFO c.h.h.t.HelmChartContainer - [test-hivemq-platform] [hivemq] [33c9d9f4] INFO  - [HiveMQ Platform Operator Init App 1.7.0-SNAPSHOT] Resolved 1 IP addresses: [10.42.0.7]
2025-01-29 17:02:31,342 INFO c.h.h.t.HelmChartContainer - [test-hivemq-platform] [hivemq] [33c9d9f4] INFO  - [HiveMQ Platform Operator Init App 1.7.0-SNAPSHOT] HiveMQ node count of 1 is within threshold of 1
2025-01-29 17:02:31,342 INFO c.h.h.t.HelmChartContainer - [test-hivemq-platform] [hivemq] [33c9d9f4] INFO  - [HiveMQ Platform Operator Init App 1.7.0-SNAPSHOT] Proceeding with container start
2025-01-29 17:02:31,415 INFO c.h.h.t.HelmChartContainer - [test-hivemq-platform] [hivemq] [33c9d9f4] INFO  - [HiveMQ Platform Operator Init App 1.7.0-SNAPSHOT] Initializing HiveMQ Platform extensions with initial configuration: {hivemq-custom-test-extension={start-priority=-1, skip-https-hostname-verification=false, restart=true, config-version=0, header-version=545, request-header-path=/opt/hivemq/operator/secrets/custom-extension-auth-secret/, c-uri=, priority=-1, uri=http://nginx-service/hivemq-custom-test-extension-2.0.0.zip, skip-https-certificate-validation=false, enabled=true}, hivemq-prometheus-extension={start-priority=-1, c-uri=, skip-https-hostname-verification=false, skip-https-certificate-validation=false, uri=preinstalled, request-header-path=no-request-headers, enabled=true, restart=true, priority=-1}}
2025-01-29 17:02:31,416 INFO c.h.h.t.HelmChartContainer - [test-hivemq-platform] [hivemq] [33c9d9f4] INFO  - [HiveMQ Platform Operator Init App 1.7.0-SNAPSHOT] Installing custom extension hivemq-custom-test-extension from URL http://nginx-service/hivemq-custom-test-extension-2.0.0.zip
2025-01-29 17:02:31,417 INFO c.h.h.t.HelmChartContainer - [test-hivemq-platform] [hivemq] [33c9d9f4] INFO  - [HiveMQ Platform Operator Init App 1.7.0-SNAPSHOT] Downloading custom extension hivemq-custom-test-extension into '/tmp/hivemq-custom-test-extension17520545834352510831/extension.zip'
2025-01-29 17:02:31,419 INFO c.h.h.t.HelmChartContainer - [test-hivemq-platform] [hivemq] [33c9d9f4] INFO  - [HiveMQ Platform Operator Init App 1.7.0-SNAPSHOT] Adding 'Authorization' request header for custom extension hivemq-custom-test-extension
2025-01-29 17:02:31,543 INFO c.h.h.t.HelmChartContainer - [nginx-6bdc5bfc96-z68] [nginx] [74f9cd08] 10.42.0.7 - admin [29/Jan/2025:17:02:31 +0000] "GET /hivemq-custom-test-extension-2.0.0.zip HTTP/1.1" 200 11637 "-" "Java-http-client/21.0.5" "-"
2025-01-29 17:02:31,556 INFO c.h.h.t.HelmChartContainer - [test-hivemq-platform] [hivemq] [33c9d9f4] INFO  - [HiveMQ Platform Operator Init App 1.7.0-SNAPSHOT] Copy extension from '/tmp/hivemq-custom-test-extension17520545834352510831/hivemq-custom-test-extension' to '/opt/hivemq/extensions/hivemq-custom-test-extension'
2025-01-29 17:02:31,557 INFO c.h.h.t.HelmChartContainer - [test-hivemq-platform] [hivemq] [33c9d9f4] INFO  - [HiveMQ Platform Operator Init App 1.7.0-SNAPSHOT] Found hivemq-extension.xml in folder '/tmp/hivemq-custom-test-extension17520545834352510831/hivemq-custom-test-extension/hivemq-custom-test-extension'
2025-01-29 17:02:32,053 INFO c.h.h.t.HelmChartContainer - [test-hivemq-platform] [hivemq] [33c9d9f4] INFO  - [HiveMQ Platform Operator Init App 1.7.0-SNAPSHOT] Extension hivemq-custom-test-extension was already enabled
2025-01-29 17:02:32,115 INFO c.h.h.t.HelmChartContainer - [test-hivemq-platform] [hivemq] [33c9d9f4] INFO  - [HiveMQ Platform Operator Init App 1.7.0-SNAPSHOT] Successfully enabled extension hivemq-prometheus-extension
2025-01-29 17:02:32,142 INFO c.h.h.t.HelmChartContainer - [test-hivemq-platform] [hivemq] [33c9d9f4] INFO  - [HiveMQ Platform Operator Init App 1.7.0-SNAPSHOT] Starting HiveMQ Platform version 4.36.0 (4.36.0)
2025-01-29 17:02:32,142 INFO c.h.h.t.HelmChartContainer - [test-hivemq-platform] [hivemq] [33c9d9f4] INFO  - [HiveMQ Platform Operator Init App 1.7.0-SNAPSHOT] Configuring the HiveMQ Platform
2025-01-29 17:02:32,208 INFO c.h.h.t.HelmChartContainer - [test-hivemq-platform] [hivemq] [33c9d9f4] INFO  - [HiveMQ Platform Operator Init App 1.7.0-SNAPSHOT] Changed logback.xml file scan period to 20 seconds
2025-01-29 17:02:32,249 INFO c.h.h.t.HelmChartContainer - [test-hivemq-platform] [hivemq] [33c9d9f4] INFO  - [HiveMQ Platform Operator Init App 1.7.0-SNAPSHOT] Starting the HiveMQ Platform
2025-01-29 17:02:32,252 INFO c.h.h.t.HelmChartContainer - [test-hivemq-platform] [hivemq] [33c9d9f4] -------------------------------------------------------------------------
2025-01-29 17:02:32,252 INFO c.h.h.t.HelmChartContainer - [test-hivemq-platform] [hivemq] [33c9d9f4] 
2025-01-29 17:02:32,252 INFO c.h.h.t.HelmChartContainer - [test-hivemq-platform] [hivemq] [33c9d9f4]                   _    _  _              __  __   ____
2025-01-29 17:02:32,252 INFO c.h.h.t.HelmChartContainer - [test-hivemq-platform] [hivemq] [33c9d9f4]                  | |  | |(_)            |  \/  | / __ \
2025-01-29 17:02:32,252 INFO c.h.h.t.HelmChartContainer - [test-hivemq-platform] [hivemq] [33c9d9f4]                  | |__| | _ __   __ ___ | \  / || |  | |
2025-01-29 17:02:32,252 INFO c.h.h.t.HelmChartContainer - [test-hivemq-platform] [hivemq] [33c9d9f4]                  |  __  || |\ \ / // _ \| |\/| || |  | |
2025-01-29 17:02:32,253 INFO c.h.h.t.HelmChartContainer - [test-hivemq-platform] [hivemq] [33c9d9f4]                  | |  | || | \ V /|  __/| |  | || |__| |
2025-01-29 17:02:32,253 INFO c.h.h.t.HelmChartContainer - [test-hivemq-platform] [hivemq] [33c9d9f4]                  |_|  |_||_|  \_/  \___||_|  |_| \___\_\
2025-01-29 17:02:32,253 INFO c.h.h.t.HelmChartContainer - [test-hivemq-platform] [hivemq] [33c9d9f4] 
2025-01-29 17:02:32,253 INFO c.h.h.t.HelmChartContainer - [test-hivemq-platform] [hivemq] [33c9d9f4] -------------------------------------------------------------------------
2025-01-29 17:02:32,253 INFO c.h.h.t.HelmChartContainer - [test-hivemq-platform] [hivemq] [33c9d9f4] 
2025-01-29 17:02:32,253 INFO c.h.h.t.HelmChartContainer - [test-hivemq-platform] [hivemq] [33c9d9f4]   HiveMQ Start Script for Linux/Unix v1.14
2025-01-29 17:02:32,253 INFO c.h.h.t.HelmChartContainer - [test-hivemq-platform] [hivemq] [33c9d9f4] 
2025-01-29 17:02:32,353 INFO c.h.h.t.HelmChartContainer - [test-hivemq-platform] [hivemq] [33c9d9f4] -------------------------------------------------------------------------
2025-01-29 17:02:32,353 INFO c.h.h.t.HelmChartContainer - [test-hivemq-platform] [hivemq] [33c9d9f4] 
2025-01-29 17:02:32,353 INFO c.h.h.t.HelmChartContainer - [test-hivemq-platform] [hivemq] [33c9d9f4]   HIVEMQ_HOME: /opt/hivemq
2025-01-29 17:02:32,353 INFO c.h.h.t.HelmChartContainer - [test-hivemq-platform] [hivemq] [33c9d9f4] 
2025-01-29 17:02:32,353 INFO c.h.h.t.HelmChartContainer - [test-hivemq-platform] [hivemq] [33c9d9f4]   JAVA_OPTS: -XX:+UnlockExperimentalVMOptions -XX:InitialRAMPercentage=50 -XX:MaxRAMPercentage=50 -Djava.net.preferIPv4Stack=true --add-opens java.base/java.lang=ALL-UNNAMED --add-opens java.base/java.nio=ALL-UNNAMED --add-opens java.base/sun.nio.ch=ALL-UNNAMED --add-opens jdk.management/com.sun.management.internal=ALL-UNNAMED --add-exports java.base/jdk.internal.misc=ALL-UNNAMED -Djava.security.egd=file:/dev/./urandom -Dcom.sun.management.jmxremote -Dcom.sun.management.jmxremote.port=9010 -Dcom.sun.management.jmxremote.local.only=false -Dcom.sun.management.jmxremote.authenticate=false -Dcom.sun.management.jmxremote.ssl=false -Duser.language=en -Duser.region=US -XX:+CrashOnOutOfMemoryError -XX:+HeapDumpOnOutOfMemoryError
2025-01-29 17:02:32,353 INFO c.h.h.t.HelmChartContainer - [test-hivemq-platform] [hivemq] [33c9d9f4] 
2025-01-29 17:02:32,353 INFO c.h.h.t.HelmChartContainer - [test-hivemq-platform] [hivemq] [33c9d9f4]   JAVA_VERSION: 21
2025-01-29 17:02:32,353 INFO c.h.h.t.HelmChartContainer - [test-hivemq-platform] [hivemq] [33c9d9f4] 
2025-01-29 17:02:32,353 INFO c.h.h.t.HelmChartContainer - [test-hivemq-platform] [hivemq] [33c9d9f4] -------------------------------------------------------------------------
2025-01-29 17:02:32,353 INFO c.h.h.t.HelmChartContainer - [test-hivemq-platform] [hivemq] [33c9d9f4] 
2025-01-29 17:02:33,447 INFO c.h.h.t.HelmChartContainer - [test-hivemq-platform] [hivemq] [33c9d9f4] INFO  - [HiveMQ Platform Operator Init App 1.7.0-SNAPSHOT] Returning default Health API response 503 for readiness
2025-01-29 17:02:33,845 INFO c.h.h.t.HelmChartContainer - [EVENT] Warning [Unhealthy] Readiness probe failed: HTTP probe failed with statuscode: 503 [helmcustomextensionit:test-hivemq-platform-0]
2025-01-29 17:02:33,845 INFO c.h.h.t.HelmChartContainer - Received Unhealthy event for container hivemq in pod test-hivemq-platform-0 [33c9d9f4-b76b-4414-bb62-8d451871aacc]
2025-01-29 17:02:34,637 INFO c.h.h.t.HelmChartContainer - [K3S] [range_allocator.go:247] "Successfully synced" key="cbc6d6ca7a03"
2025-01-29 17:02:35,044 INFO c.h.h.t.HelmChartContainer - [test-hivemq-platform] [hivemq] [33c9d9f4] INFO  - Starting HiveMQ Enterprise Server
2025-01-29 17:02:35,051 INFO c.h.h.t.HelmChartContainer - [test-hivemq-platform] [hivemq] [33c9d9f4] INFO  - HiveMQ version: 4.36.0
2025-01-29 17:02:35,051 INFO c.h.h.t.HelmChartContainer - [test-hivemq-platform] [hivemq] [33c9d9f4] INFO  - HiveMQ home directory: /opt/hivemq
2025-01-29 17:02:35,051 INFO c.h.h.t.HelmChartContainer - [test-hivemq-platform] [hivemq] [33c9d9f4] INFO  - Log Configuration was overridden by /opt/hivemq/conf/logback.xml
2025-01-29 17:02:36,552 INFO c.h.h.t.HelmChartContainer - [test-hivemq-platform] [hivemq] [33c9d9f4] INFO  - Successfully loaded configuration from '/opt/hivemq/conf-k8s/config.xml'.
2025-01-29 17:02:36,644 INFO c.h.h.t.HelmChartContainer - [nginx-6bdc5bfc96-z68] [nginx] [74f9cd08] 2025/01/29 17:02:36 [info] 22#22: *1 client 10.42.0.7 closed keepalive connection
2025-01-29 17:02:37,446 INFO c.h.h.t.HelmChartContainer - [test-hivemq-platform] [hivemq] [33c9d9f4] INFO  - This node's ID is DrV1D
2025-01-29 17:02:37,446 INFO c.h.h.t.HelmChartContainer - [test-hivemq-platform] [hivemq] [33c9d9f4] INFO  - Clustering is enabled
2025-01-29 17:02:37,529 INFO c.h.h.t.HelmChartContainer - [hivemq-test-hivemq-platform] [hivemq-platform-operator] [5dbb7c44] 17:02:37.526 [pool-6-thread-8] DEBUG c.h.p.o.d.PlatformServiceResource - [helmcust] Desired Platform services (3 services)
2025-01-29 17:02:37,530 INFO c.h.h.t.HelmChartContainer - [hivemq-test-hivemq-platform] [hivemq-platform-operator] [5dbb7c44] 17:02:37.528 [pool-6-thread-9] DEBUG c.h.p.o.dependants.PodInfoConfigMap - [helmcust] Desired PodInfo ConfigMap (1 extensions) (1 enabled)
2025-01-29 17:02:37,531 INFO c.h.h.t.HelmChartContainer - [hivemq-test-hivemq-platform] [hivemq-platform-operator] [5dbb7c44] 17:02:37.530 [pool-6-thread-9] DEBUG c.h.p.o.dependants.PodInfoConfigMap - [helmcust] Desired PodInfo ConfigMap (metrics port: 9399) (metrics path: /)
2025-01-29 17:02:37,532 INFO c.h.h.t.HelmChartContainer - [hivemq-test-hivemq-platform] [hivemq-platform-operator] [5dbb7c44] 17:02:37.530 [pool-6-thread-9] DEBUG c.h.p.o.dependants.PodInfoConfigMap - [helmcust] Desired PodInfo ConfigMap (extension state hash: 1892683595)
2025-01-29 17:02:37,536 INFO c.h.h.t.HelmChartContainer - [hivemq-test-hivemq-platform] [hivemq-platform-operator] [5dbb7c44] 17:02:37.529 [pool-6-thread-5] DEBUG c.h.p.o.d.PodServiceAccountResource - [helmcust] Desired PodServiceAccountResource (serviceAccountName: hivemq-platform-pod-test-hivemq-platform)
2025-01-29 17:02:37,538 INFO c.h.h.t.HelmChartContainer - [hivemq-test-hivemq-platform] [hivemq-platform-operator] [5dbb7c44] 17:02:37.537 [pool-6-thread-9] DEBUG c.h.p.o.d.StatefulSetResource - [helmcust] Desired StatefulSet (1 replicas) for status STARTING (READY)
2025-01-29 17:02:37,546 INFO c.h.h.t.HelmChartContainer - [hivemq-test-hivemq-platform] [hivemq-platform-operator] [5dbb7c44] 17:02:37.543 [ReconcilerExecutor-hivemq-controller-108] INFO  c.h.p.o.HiveMQPlatformReconciler - [helmcust] Reconciling HiveMQ Platform 'test-hivemq-platform' in namespace 'helmcustomextensionit'
2025-01-29 17:02:37,604 INFO c.h.h.t.HelmChartContainer - [hivemq-test-hivemq-platform] [hivemq-platform-operator] [5dbb7c44] 17:02:37.602 [ReconcilerExecutor-hivemq-controller-108] DEBUG c.h.p.o.HiveMQPlatformReconciler - [helmcust] Custom Resource Status STARTING - HiveMQ Platform is starting (READY)
2025-01-29 17:02:37,604 INFO c.h.h.t.HelmChartContainer - [hivemq-test-hivemq-platform] [hivemq-platform-operator] [5dbb7c44] 17:02:37.602 [ReconcilerExecutor-hivemq-controller-108] DEBUG c.h.p.o.HiveMQPlatformReconciler - [helmcust] Custom Resource Spec (replicas: 1) (extensions: 1)
2025-01-29 17:02:37,609 INFO c.h.h.t.HelmChartContainer - [hivemq-test-hivemq-platform] [hivemq-platform-operator] [5dbb7c44] 17:02:37.606 [ReconcilerExecutor-hivemq-controller-108] DEBUG c.h.p.o.HiveMQPlatformReconciler - [helmcust] StatefulSet Status (revision: test-hivemq-platform-58d745f97c, replicas: 1, available: 0, ready: 0, current: 1, updated: 1)
2025-01-29 17:02:37,610 INFO c.h.h.t.HelmChartContainer - [hivemq-test-hivemq-platform] [hivemq-platform-operator] [5dbb7c44] 17:02:37.608 [ReconcilerExecutor-hivemq-controller-108] DEBUG c.h.p.o.HiveMQPlatformReconciler - [helmcust] StatefulSet Spec (replicas: 1, init containers: 1, containers: 1, volumes: 4)
2025-01-29 17:02:37,612 INFO c.h.h.t.HelmChartContainer - [hivemq-test-hivemq-platform] [hivemq-platform-operator] [5dbb7c44] 17:02:37.611 [ReconcilerExecutor-hivemq-controller-108] DEBUG c.h.p.o.h.HiveMQPlatformReconcilerErrorHandler - [helmcust] Pod 'test-hivemq-platform-0' phase Running
2025-01-29 17:02:37,614 INFO c.h.h.t.HelmChartContainer - [hivemq-test-hivemq-platform] [hivemq-platform-operator] [5dbb7c44] 17:02:37.612 [ReconcilerExecutor-hivemq-controller-108] INFO  c.h.p.o.h.HiveMQPlatformReconcilerBaseHandler - [helmcust] HiveMQ Platform is starting, 0 of 1 replicas are ready
2025-01-29 17:02:38,447 INFO c.h.h.t.HelmChartContainer - [test-hivemq-platform] [hivemq] [33c9d9f4] WARN  - [HiveMQ Platform Operator Init App 1.7.0-SNAPSHOT] Cannot connect to Health API for readiness: null
2025-01-29 17:02:38,450 INFO c.h.h.t.HelmChartContainer - [EVENT] Warning [Unhealthy] Readiness probe failed: HTTP probe failed with statuscode: 503 [helmcustomextensionit:test-hivemq-platform-0]
2025-01-29 17:02:38,451 INFO c.h.h.t.HelmChartContainer - Received Unhealthy event for container hivemq in pod test-hivemq-platform-0 [33c9d9f4-b76b-4414-bb62-8d451871aacc]
2025-01-29 17:02:41,442 INFO c.h.h.t.HelmChartContainer - [test-hivemq-platform] [hivemq] [33c9d9f4] Jan 29, 2025 5:02:41 PM io.vertx.core.impl.BlockedThreadChecker
2025-01-29 17:02:41,442 INFO c.h.h.t.HelmChartContainer - [test-hivemq-platform] [hivemq] [33c9d9f4] WARNING: Thread Thread[vert.x-eventloop-thread-1,5,main] has been blocked for 2495 ms, time limit is 2000 ms
2025-01-29 17:02:42,209 INFO c.h.h.t.HelmChartContainer - [test-hivemq-platform] [hivemq] [33c9d9f4] INFO  - [HiveMQ Platform Operator Init App 1.7.0-SNAPSHOT] Updating Pod HiveMQ Platform Operator Init App version annotation (version: 1.7.0-SNAPSHOT)
2025-01-29 17:02:43,045 INFO c.h.h.t.HelmChartContainer - [POD] test-hivemq-platform-0 [33c9d9f4-b76b-4414-bb62-8d451871aacc] in helmcustomextensionit was MODIFIED
2025-01-29 17:02:43,053 INFO c.h.h.t.HelmChartContainer - [test-hivemq-platform] [hivemq] [33c9d9f4] WARN  - [HiveMQ Platform Operator Init App 1.7.0-SNAPSHOT] Cannot connect to Health API for readiness: null
2025-01-29 17:02:43,062 INFO c.h.h.t.HelmChartContainer - [EVENT] Warning [Unhealthy] Readiness probe failed: HTTP probe failed with statuscode: 503 [helmcustomextensionit:test-hivemq-platform-0]
2025-01-29 17:02:43,062 INFO c.h.h.t.HelmChartContainer - Received Unhealthy event for container hivemq in pod test-hivemq-platform-0 [33c9d9f4-b76b-4414-bb62-8d451871aacc]
2025-01-29 17:02:43,064 INFO c.h.h.t.HelmChartContainer - [hivemq-test-hivemq-platform] [hivemq-platform-operator] [5dbb7c44] 17:02:43.062 [pool-6-thread-14] DEBUG c.h.p.o.d.PlatformServiceResource - [helmcust] Desired Platform services (3 services)
2025-01-29 17:02:43,067 INFO c.h.h.t.HelmChartContainer - [hivemq-test-hivemq-platform] [hivemq-platform-operator] [5dbb7c44] 17:02:43.065 [pool-6-thread-11] DEBUG c.h.p.o.dependants.PodInfoConfigMap - [helmcust] Desired PodInfo ConfigMap (1 extensions) (1 enabled)
2025-01-29 17:02:43,067 INFO c.h.h.t.HelmChartContainer - [hivemq-test-hivemq-platform] [hivemq-platform-operator] [5dbb7c44] 17:02:43.065 [pool-6-thread-11] DEBUG c.h.p.o.dependants.PodInfoConfigMap - [helmcust] Desired PodInfo ConfigMap (metrics port: 9399) (metrics path: /)
2025-01-29 17:02:43,067 INFO c.h.h.t.HelmChartContainer - [hivemq-test-hivemq-platform] [hivemq-platform-operator] [5dbb7c44] 17:02:43.065 [pool-6-thread-11] DEBUG c.h.p.o.dependants.PodInfoConfigMap - [helmcust] Desired PodInfo ConfigMap (extension state hash: 1892683595)
2025-01-29 17:02:43,069 INFO c.h.h.t.HelmChartContainer - [hivemq-test-hivemq-platform] [hivemq-platform-operator] [5dbb7c44] 17:02:43.067 [pool-6-thread-15] DEBUG c.h.p.o.d.PodServiceAccountResource - [helmcust] Desired PodServiceAccountResource (serviceAccountName: hivemq-platform-pod-test-hivemq-platform)
2025-01-29 17:02:43,074 INFO c.h.h.t.HelmChartContainer - [hivemq-test-hivemq-platform] [hivemq-platform-operator] [5dbb7c44] 17:02:43.073 [pool-6-thread-14] DEBUG c.h.p.o.d.StatefulSetResource - [helmcust] Desired StatefulSet (1 replicas) for status STARTING (READY)
2025-01-29 17:02:43,111 INFO c.h.h.t.HelmChartContainer - [hivemq-test-hivemq-platform] [hivemq-platform-operator] [5dbb7c44] 17:02:43.108 [ReconcilerExecutor-hivemq-controller-109] INFO  c.h.p.o.HiveMQPlatformReconciler - [helmcust] Reconciling HiveMQ Platform 'test-hivemq-platform' in namespace 'helmcustomextensionit'
2025-01-29 17:02:43,111 INFO c.h.h.t.HelmChartContainer - [hivemq-test-hivemq-platform] [hivemq-platform-operator] [5dbb7c44] 17:02:43.108 [ReconcilerExecutor-hivemq-controller-109] DEBUG c.h.p.o.HiveMQPlatformReconciler - [helmcust] Custom Resource Status STARTING - HiveMQ Platform is starting (READY)
2025-01-29 17:02:43,111 INFO c.h.h.t.HelmChartContainer - [hivemq-test-hivemq-platform] [hivemq-platform-operator] [5dbb7c44] 17:02:43.108 [ReconcilerExecutor-hivemq-controller-109] DEBUG c.h.p.o.HiveMQPlatformReconciler - [helmcust] Custom Resource Spec (replicas: 1) (extensions: 1)
2025-01-29 17:02:43,111 INFO c.h.h.t.HelmChartContainer - [hivemq-test-hivemq-platform] [hivemq-platform-operator] [5dbb7c44] 17:02:43.110 [ReconcilerExecutor-hivemq-controller-109] DEBUG c.h.p.o.HiveMQPlatformReconciler - [helmcust] StatefulSet Status (revision: test-hivemq-platform-58d745f97c, replicas: 1, available: 0, ready: 0, current: 1, updated: 1)
2025-01-29 17:02:43,113 INFO c.h.h.t.HelmChartContainer - [hivemq-test-hivemq-platform] [hivemq-platform-operator] [5dbb7c44] 17:02:43.110 [ReconcilerExecutor-hivemq-controller-109] DEBUG c.h.p.o.HiveMQPlatformReconciler - [helmcust] StatefulSet Spec (replicas: 1, init containers: 1, containers: 1, volumes: 4)
2025-01-29 17:02:43,115 INFO c.h.h.t.HelmChartContainer - [hivemq-test-hivemq-platform] [hivemq-platform-operator] [5dbb7c44] 17:02:43.112 [ReconcilerExecutor-hivemq-controller-109] DEBUG c.h.p.o.h.HiveMQPlatformReconcilerErrorHandler - [helmcust] Pod 'test-hivemq-platform-0' phase Running
2025-01-29 17:02:43,115 INFO c.h.h.t.HelmChartContainer - [hivemq-test-hivemq-platform] [hivemq-platform-operator] [5dbb7c44] 17:02:43.113 [ReconcilerExecutor-hivemq-controller-109] INFO  c.h.p.o.h.HiveMQPlatformReconcilerBaseHandler - [helmcust] HiveMQ Platform is starting, 0 of 1 replicas are ready
2025-01-29 17:02:43,119 INFO c.h.h.t.HelmChartContainer - [test-hivemq-platform] [hivemq] [33c9d9f4] INFO  - [HiveMQ Platform Operator Init App 1.7.0-SNAPSHOT] Successfully updated Pod HiveMQ Platform Operator Init App version annotation (version: 1.7.0-SNAPSHOT)
2025-01-29 17:02:48,110 INFO c.h.h.t.HelmChartContainer - [test-hivemq-platform] [hivemq] [33c9d9f4] WARN  - [HiveMQ Platform Operator Init App 1.7.0-SNAPSHOT] Cannot connect to Health API for readiness: null
2025-01-29 17:02:48,114 INFO c.h.h.t.HelmChartContainer - [EVENT] Warning [Unhealthy] Readiness probe failed: HTTP probe failed with statuscode: 503 [helmcustomextensionit:test-hivemq-platform-0]
2025-01-29 17:02:48,114 INFO c.h.h.t.HelmChartContainer - Received Unhealthy event for container hivemq in pod test-hivemq-platform-0 [33c9d9f4-b76b-4414-bb62-8d451871aacc]
2025-01-29 17:02:53,048 INFO c.h.h.t.HelmChartContainer - [test-hivemq-platform] [hivemq] [33c9d9f4] WARN  - [HiveMQ Platform Operator Init App 1.7.0-SNAPSHOT] Cannot connect to Health API for readiness: null
2025-01-29 17:02:53,052 INFO c.h.h.t.HelmChartContainer - [EVENT] Warning [Unhealthy] Readiness probe failed: HTTP probe failed with statuscode: 503 [helmcustomextensionit:test-hivemq-platform-0]
2025-01-29 17:02:53,052 INFO c.h.h.t.HelmChartContainer - Received Unhealthy event for container hivemq in pod test-hivemq-platform-0 [33c9d9f4-b76b-4414-bb62-8d451871aacc]
2025-01-29 17:02:53,123 INFO c.h.h.t.HelmChartContainer - [hivemq-test-hivemq-platform] [hivemq-platform-operator] [5dbb7c44] 17:02:53.117 [pool-6-thread-25] DEBUG c.h.p.o.d.PlatformServiceResource - [helmcust] Desired Platform services (3 services)
2025-01-29 17:02:53,123 INFO c.h.h.t.HelmChartContainer - [hivemq-test-hivemq-platform] [hivemq-platform-operator] [5dbb7c44] 17:02:53.118 [pool-6-thread-26] DEBUG c.h.p.o.dependants.PodInfoConfigMap - [helmcust] Desired PodInfo ConfigMap (1 extensions) (1 enabled)
2025-01-29 17:02:53,123 INFO c.h.h.t.HelmChartContainer - [hivemq-test-hivemq-platform] [hivemq-platform-operator] [5dbb7c44] 17:02:53.119 [pool-6-thread-26] DEBUG c.h.p.o.dependants.PodInfoConfigMap - [helmcust] Desired PodInfo ConfigMap (metrics port: 9399) (metrics path: /)
2025-01-29 17:02:53,123 INFO c.h.h.t.HelmChartContainer - [hivemq-test-hivemq-platform] [hivemq-platform-operator] [5dbb7c44] 17:02:53.119 [pool-6-thread-26] DEBUG c.h.p.o.dependants.PodInfoConfigMap - [helmcust] Desired PodInfo ConfigMap (extension state hash: 1892683595)
2025-01-29 17:02:53,123 INFO c.h.h.t.HelmChartContainer - [hivemq-test-hivemq-platform] [hivemq-platform-operator] [5dbb7c44] 17:02:53.120 [pool-6-thread-23] DEBUG c.h.p.o.d.PodServiceAccountResource - [helmcust] Desired PodServiceAccountResource (serviceAccountName: hivemq-platform-pod-test-hivemq-platform)
2025-01-29 17:02:53,126 INFO c.h.h.t.HelmChartContainer - [hivemq-test-hivemq-platform] [hivemq-platform-operator] [5dbb7c44] 17:02:53.125 [pool-6-thread-25] DEBUG c.h.p.o.d.StatefulSetResource - [helmcust] Desired StatefulSet (1 replicas) for status STARTING (READY)
2025-01-29 17:02:53,134 INFO c.h.h.t.HelmChartContainer - [hivemq-test-hivemq-platform] [hivemq-platform-operator] [5dbb7c44] 17:02:53.133 [ReconcilerExecutor-hivemq-controller-110] INFO  c.h.p.o.HiveMQPlatformReconciler - [helmcust] Reconciling HiveMQ Platform 'test-hivemq-platform' in namespace 'helmcustomextensionit'
2025-01-29 17:02:53,134 INFO c.h.h.t.HelmChartContainer - [hivemq-test-hivemq-platform] [hivemq-platform-operator] [5dbb7c44] 17:02:53.133 [ReconcilerExecutor-hivemq-controller-110] DEBUG c.h.p.o.HiveMQPlatformReconciler - [helmcust] Custom Resource Status STARTING - HiveMQ Platform is starting (READY)
2025-01-29 17:02:53,134 INFO c.h.h.t.HelmChartContainer - [hivemq-test-hivemq-platform] [hivemq-platform-operator] [5dbb7c44] 17:02:53.133 [ReconcilerExecutor-hivemq-controller-110] DEBUG c.h.p.o.HiveMQPlatformReconciler - [helmcust] Custom Resource Spec (replicas: 1) (extensions: 1)
2025-01-29 17:02:53,205 INFO c.h.h.t.HelmChartContainer - [hivemq-test-hivemq-platform] [hivemq-platform-operator] [5dbb7c44] 17:02:53.203 [ReconcilerExecutor-hivemq-controller-110] DEBUG c.h.p.o.HiveMQPlatformReconciler - [helmcust] StatefulSet Status (revision: test-hivemq-platform-58d745f97c, replicas: 1, available: 0, ready: 0, current: 1, updated: 1)
2025-01-29 17:02:53,205 INFO c.h.h.t.HelmChartContainer - [hivemq-test-hivemq-platform] [hivemq-platform-operator] [5dbb7c44] 17:02:53.203 [ReconcilerExecutor-hivemq-controller-110] DEBUG c.h.p.o.HiveMQPlatformReconciler - [helmcust] StatefulSet Spec (replicas: 1, init containers: 1, containers: 1, volumes: 4)
2025-01-29 17:02:53,205 INFO c.h.h.t.HelmChartContainer - [hivemq-test-hivemq-platform] [hivemq-platform-operator] [5dbb7c44] 17:02:53.204 [ReconcilerExecutor-hivemq-controller-110] DEBUG c.h.p.o.h.HiveMQPlatformReconcilerErrorHandler - [helmcust] Pod 'test-hivemq-platform-0' phase Running
2025-01-29 17:02:53,212 INFO c.h.h.t.HelmChartContainer - [hivemq-test-hivemq-platform] [hivemq-platform-operator] [5dbb7c44] 17:02:53.206 [ReconcilerExecutor-hivemq-controller-110] INFO  c.h.p.o.h.HiveMQPlatformReconcilerBaseHandler - [helmcust] HiveMQ Platform is starting, 0 of 1 replicas are ready
2025-01-29 17:02:54,215 INFO c.h.h.t.HelmChartContainer - [test-hivemq-platform] [hivemq] [33c9d9f4] INFO  - No valid license file found. Using trial license, restricted to 25 connections.
2025-01-29 17:02:55,608 INFO c.h.h.t.HelmChartContainer - [test-hivemq-platform] [hivemq] [33c9d9f4] WARN  - [HiveMQ Platform Operator Init App 1.7.0-SNAPSHOT] Cannot connect to Health API for liveness: null
2025-01-29 17:02:55,608 INFO c.h.h.t.HelmChartContainer - [test-hivemq-platform] [hivemq] [33c9d9f4] INFO  - [HiveMQ Platform Operator Init App 1.7.0-SNAPSHOT] Returning default Health API response 200 for liveness
2025-01-29 17:02:57,743 INFO c.h.h.t.HelmChartContainer - [test-hivemq-platform] [hivemq] [33c9d9f4] INFO  - No valid license file for Data Hub found. Using free license, restricted to 1 policy.
2025-01-29 17:02:58,049 INFO c.h.h.t.HelmChartContainer - [test-hivemq-platform] [hivemq] [33c9d9f4] WARN  - [HiveMQ Platform Operator Init App 1.7.0-SNAPSHOT] Cannot connect to Health API for readiness: null
2025-01-29 17:02:58,054 INFO c.h.h.t.HelmChartContainer - [EVENT] Warning [Unhealthy] Readiness probe failed: HTTP probe failed with statuscode: 503 [helmcustomextensionit:test-hivemq-platform-0]
2025-01-29 17:02:58,054 INFO c.h.h.t.HelmChartContainer - Received Unhealthy event for container hivemq in pod test-hivemq-platform-0 [33c9d9f4-b76b-4414-bb62-8d451871aacc]
2025-01-29 17:02:59,152 INFO c.h.h.t.HelmChartContainer - [test-hivemq-platform] [hivemq] [33c9d9f4] INFO  - Audit Logger started.
2025-01-29 17:02:59,458 INFO c.h.h.t.HelmChartContainer - [test-hivemq-platform] [hivemq] [33c9d9f4] INFO  - This node uses '1' CPU cores.
2025-01-29 17:02:59,462 INFO c.h.h.t.HelmChartContainer - [test-hivemq-platform] [hivemq] [33c9d9f4] INFO  - Starting HiveMQ Health API on address 0.0.0.0 and port 8889
2025-01-29 17:03:00,409 INFO c.h.h.t.HelmChartContainer - [test-hivemq-platform] [hivemq] [33c9d9f4] INFO  - Started HiveMQ Health API in 945ms
2025-01-29 17:03:01,011 INFO c.h.h.t.HelmChartContainer - [test-hivemq-platform] [hivemq] [33c9d9f4] INFO  - Starting HiveMQ extension system.
2025-01-29 17:03:01,349 INFO c.h.h.t.HelmChartContainer - [test-hivemq-platform] [hivemq] [33c9d9f4] INFO  - Starting extension with id "hivemq-dns-cluster-discovery" at /opt/hivemq/extensions/hivemq-dns-cluster-discovery
2025-01-29 17:03:01,812 INFO c.h.h.t.HelmChartContainer - [test-hivemq-platform] [hivemq] [33c9d9f4] INFO  - Using TCP cluster transport on address 10.42.0.7 and port 7000
2025-01-29 17:03:01,847 INFO c.h.h.t.HelmChartContainer - [test-hivemq-platform] [hivemq] [33c9d9f4] INFO  - Using extension cluster discovery
2025-01-29 17:03:02,009 INFO c.h.h.t.HelmChartContainer - [test-hivemq-platform] [hivemq] [33c9d9f4] INFO  - Extension "DNS Cluster Discovery Extension" version 4.3.2 started successfully.
2025-01-29 17:03:02,009 INFO c.h.h.t.HelmChartContainer - [test-hivemq-platform] [hivemq] [33c9d9f4] INFO  - Starting extension with id "hivemq-custom-test-extension" at /opt/hivemq/extensions/hivemq-custom-test-extension
2025-01-29 17:03:02,009 INFO c.h.h.t.HelmChartContainer - [test-hivemq-platform] [hivemq] [33c9d9f4] INFO  - HiveMQ Custom Test Extension started
2025-01-29 17:03:02,009 INFO c.h.h.t.HelmChartContainer - [test-hivemq-platform] [hivemq] [33c9d9f4] INFO  - Extension "HiveMQ Custom Test Extension" version 2.0.0 started successfully.
2025-01-29 17:03:02,009 INFO c.h.h.testcontainer.LogWaiterUtil - TEST Found log pattern on 'test-hivemq-platform-0': .*Extension "HiveMQ Custom Test Extension" version 2.0.0 started successfully.
2025-01-29 17:03:02,009 INFO c.h.h.t.HelmChartContainer - [test-hivemq-platform] [hivemq] [33c9d9f4] INFO  - Starting extension with id "hivemq-prometheus-extension" at /opt/hivemq/extensions/hivemq-prometheus-extension
2025-01-29 17:03:02,809 INFO c.h.h.t.HelmChartContainer - [test-hivemq-platform] [hivemq] [33c9d9f4] INFO  - Started Jetty Server exposing Prometheus Servlet on URI http://0.0.0.0:9399/
2025-01-29 17:03:02,810 INFO c.h.h.t.HelmChartContainer - [test-hivemq-platform] [hivemq] [33c9d9f4] INFO  - Extension "Prometheus Monitoring Extension" version 4.0.12 started successfully.
2025-01-29 17:03:02,811 INFO c.h.h.t.HelmChartContainer - [test-hivemq-platform] [hivemq] [33c9d9f4] INFO  - Starting extension with id "hivemq-allow-all-extension" at /opt/hivemq/extensions/hivemq-allow-all-extension
2025-01-29 17:03:02,812 INFO c.h.h.t.HelmChartContainer - [test-hivemq-platform] [hivemq] [33c9d9f4] WARN  - 
2025-01-29 17:03:02,813 INFO c.h.h.t.HelmChartContainer - [test-hivemq-platform] [hivemq] [33c9d9f4] ################################################################################################################
2025-01-29 17:03:02,813 INFO c.h.h.t.HelmChartContainer - [test-hivemq-platform] [hivemq] [33c9d9f4] # This HiveMQ deployment is not secure! You are lacking Authentication and Authorization.                      #
2025-01-29 17:03:02,813 INFO c.h.h.t.HelmChartContainer - [test-hivemq-platform] [hivemq] [33c9d9f4] # Right now any MQTT client can connect to the broker with a full set of permissions.                          #
2025-01-29 17:03:02,813 INFO c.h.h.t.HelmChartContainer - [test-hivemq-platform] [hivemq] [33c9d9f4] # For production usage, add an appropriate security extension and remove the hivemq-allow-all extension.       #
2025-01-29 17:03:02,813 INFO c.h.h.t.HelmChartContainer - [test-hivemq-platform] [hivemq] [33c9d9f4] # You can download security extensions from the HiveMQ Marketplace (https://www.hivemq.com/extensions/).       #
2025-01-29 17:03:02,813 INFO c.h.h.t.HelmChartContainer - [test-hivemq-platform] [hivemq] [33c9d9f4] ################################################################################################################
2025-01-29 17:03:02,842 INFO c.h.h.t.HelmChartContainer - [test-hivemq-platform] [hivemq] [33c9d9f4] INFO  - Extension "Allow All Extension" version 1.1.1 started successfully.
2025-01-29 17:03:03,217 INFO c.h.h.t.HelmChartContainer - [hivemq-test-hivemq-platform] [hivemq-platform-operator] [5dbb7c44] 17:03:03.213 [pool-6-thread-33] DEBUG c.h.p.o.d.PlatformServiceResource - [helmcust] Desired Platform services (3 services)
2025-01-29 17:03:03,218 INFO c.h.h.t.HelmChartContainer - [hivemq-test-hivemq-platform] [hivemq-platform-operator] [5dbb7c44] 17:03:03.216 [pool-6-thread-36] DEBUG c.h.p.o.dependants.PodInfoConfigMap - [helmcust] Desired PodInfo ConfigMap (1 extensions) (1 enabled)
2025-01-29 17:03:03,219 INFO c.h.h.t.HelmChartContainer - [hivemq-test-hivemq-platform] [hivemq-platform-operator] [5dbb7c44] 17:03:03.216 [pool-6-thread-36] DEBUG c.h.p.o.dependants.PodInfoConfigMap - [helmcust] Desired PodInfo ConfigMap (metrics port: 9399) (metrics path: /)
2025-01-29 17:03:03,219 INFO c.h.h.t.HelmChartContainer - [hivemq-test-hivemq-platform] [hivemq-platform-operator] [5dbb7c44] 17:03:03.216 [pool-6-thread-36] DEBUG c.h.p.o.dependants.PodInfoConfigMap - [helmcust] Desired PodInfo ConfigMap (extension state hash: 1892683595)
2025-01-29 17:03:03,219 INFO c.h.h.t.HelmChartContainer - [hivemq-test-hivemq-platform] [hivemq-platform-operator] [5dbb7c44] 17:03:03.217 [pool-6-thread-36] DEBUG c.h.p.o.d.PodServiceAccountResource - [helmcust] Desired PodServiceAccountResource (serviceAccountName: hivemq-platform-pod-test-hivemq-platform)
2025-01-29 17:03:03,224 INFO c.h.h.t.HelmChartContainer - [hivemq-test-hivemq-platform] [hivemq-platform-operator] [5dbb7c44] 17:03:03.222 [pool-6-thread-36] DEBUG c.h.p.o.d.StatefulSetResource - [helmcust] Desired StatefulSet (1 replicas) for status STARTING (READY)
2025-01-29 17:03:03,229 INFO c.h.h.t.HelmChartContainer - [hivemq-test-hivemq-platform] [hivemq-platform-operator] [5dbb7c44] 17:03:03.227 [ReconcilerExecutor-hivemq-controller-111] INFO  c.h.p.o.HiveMQPlatformReconciler - [helmcust] Reconciling HiveMQ Platform 'test-hivemq-platform' in namespace 'helmcustomextensionit'
2025-01-29 17:03:03,229 INFO c.h.h.t.HelmChartContainer - [hivemq-test-hivemq-platform] [hivemq-platform-operator] [5dbb7c44] 17:03:03.227 [ReconcilerExecutor-hivemq-controller-111] DEBUG c.h.p.o.HiveMQPlatformReconciler - [helmcust] Custom Resource Status STARTING - HiveMQ Platform is starting (READY)
2025-01-29 17:03:03,229 INFO c.h.h.t.HelmChartContainer - [hivemq-test-hivemq-platform] [hivemq-platform-operator] [5dbb7c44] 17:03:03.227 [ReconcilerExecutor-hivemq-controller-111] DEBUG c.h.p.o.HiveMQPlatformReconciler - [helmcust] Custom Resource Spec (replicas: 1) (extensions: 1)
2025-01-29 17:03:03,231 INFO c.h.h.t.HelmChartContainer - [hivemq-test-hivemq-platform] [hivemq-platform-operator] [5dbb7c44] 17:03:03.229 [ReconcilerExecutor-hivemq-controller-111] DEBUG c.h.p.o.HiveMQPlatformReconciler - [helmcust] StatefulSet Status (revision: test-hivemq-platform-58d745f97c, replicas: 1, available: 0, ready: 0, current: 1, updated: 1)
2025-01-29 17:03:03,232 INFO c.h.h.t.HelmChartContainer - [hivemq-test-hivemq-platform] [hivemq-platform-operator] [5dbb7c44] 17:03:03.229 [ReconcilerExecutor-hivemq-controller-111] DEBUG c.h.p.o.HiveMQPlatformReconciler - [helmcust] StatefulSet Spec (replicas: 1, init containers: 1, containers: 1, volumes: 4)
2025-01-29 17:03:03,232 INFO c.h.h.t.HelmChartContainer - [hivemq-test-hivemq-platform] [hivemq-platform-operator] [5dbb7c44] 17:03:03.230 [ReconcilerExecutor-hivemq-controller-111] DEBUG c.h.p.o.h.HiveMQPlatformReconcilerErrorHandler - [helmcust] Pod 'test-hivemq-platform-0' phase Running
2025-01-29 17:03:03,232 INFO c.h.h.t.HelmChartContainer - [hivemq-test-hivemq-platform] [hivemq-platform-operator] [5dbb7c44] 17:03:03.231 [ReconcilerExecutor-hivemq-controller-111] INFO  c.h.p.o.h.HiveMQPlatformReconcilerBaseHandler - [helmcust] HiveMQ Platform is starting, 0 of 1 replicas are ready
2025-01-29 17:03:03,607 INFO c.h.h.t.HelmChartContainer - [test-hivemq-platform] [hivemq] [33c9d9f4] INFO  - [HiveMQ Platform Operator Init App 1.7.0-SNAPSHOT] Returning Health API response 503 for readiness
2025-01-29 17:03:03,611 INFO c.h.h.t.HelmChartContainer - [EVENT] Warning [Unhealthy] Readiness probe failed: HTTP probe failed with statuscode: 503 [helmcustomextensionit:test-hivemq-platform-0]
2025-01-29 17:03:03,611 INFO c.h.h.t.HelmChartContainer - Received Unhealthy event for container hivemq in pod test-hivemq-platform-0 [33c9d9f4-b76b-4414-bb62-8d451871aacc]
2025-01-29 17:03:05,041 INFO c.h.h.t.HelmChartContainer - [test-hivemq-platform] [hivemq] [33c9d9f4] INFO  - DrV1D: no members discovered after 2534 ms: creating cluster as first member
2025-01-29 17:03:05,047 INFO c.h.h.t.HelmChartContainer - [test-hivemq-platform] [hivemq] [33c9d9f4] INFO  - Cluster nodes found by discovery: [DrV1D|0] (1) [DrV1D].
2025-01-29 17:03:05,142 INFO c.h.h.t.HelmChartContainer - [test-hivemq-platform] [hivemq] [33c9d9f4] WARN  - No user for HiveMQ Control Center configured. Starting with default user
2025-01-29 17:03:05,143 INFO c.h.h.t.HelmChartContainer - [test-hivemq-platform] [hivemq] [33c9d9f4] INFO  - Starting HiveMQ Control Center on address 0.0.0.0 and port 8080
2025-01-29 17:03:05,146 INFO c.h.h.t.HelmChartContainer - [test-hivemq-platform] [hivemq] [33c9d9f4] INFO  - Mounting HiveMQ Control Center V2 Preview
2025-01-29 17:03:05,759 INFO c.h.h.t.HelmChartContainer - [test-hivemq-platform] [hivemq] [33c9d9f4] INFO  - Started HiveMQ Control Center in 617ms
2025-01-29 17:03:05,850 INFO c.h.h.t.HelmChartContainer - [test-hivemq-platform] [hivemq] [33c9d9f4] INFO  - Starting TCP listener on address 0.0.0.0 and port 1883
2025-01-29 17:03:05,864 INFO c.h.h.t.HelmChartContainer - [test-hivemq-platform] [hivemq] [33c9d9f4] INFO  - Started TCP Listener on address 0.0.0.0 and on port 1883.
2025-01-29 17:03:05,865 INFO c.h.h.t.HelmChartContainer - [test-hivemq-platform] [hivemq] [33c9d9f4] INFO  - Started HiveMQ in 31217ms
2025-01-29 17:03:08,049 INFO c.h.h.t.HelmChartContainer - [test-hivemq-platform] [hivemq] [33c9d9f4] INFO  - [HiveMQ Platform Operator Init App 1.7.0-SNAPSHOT] Returning Health API response 200 for readiness
2025-01-29 17:03:08,067 INFO c.h.h.t.HelmChartContainer - [POD] test-hivemq-platform-0 [33c9d9f4-b76b-4414-bb62-8d451871aacc] in helmcustomextensionit was MODIFIED
2025-01-29 17:03:08,079 INFO c.h.h.t.HelmChartContainer - [hivemq-test-hivemq-platform] [hivemq-platform-operator] [5dbb7c44] 17:03:08.071 [pool-6-thread-49] DEBUG c.h.p.o.d.PlatformServiceResource - [helmcust] Desired Platform services (3 services)
2025-01-29 17:03:08,079 INFO c.h.h.t.HelmChartContainer - [hivemq-test-hivemq-platform] [hivemq-platform-operator] [5dbb7c44] 17:03:08.072 [pool-6-thread-46] DEBUG c.h.p.o.dependants.PodInfoConfigMap - [helmcust] Desired PodInfo ConfigMap (1 extensions) (1 enabled)
2025-01-29 17:03:08,082 INFO c.h.h.t.HelmChartContainer - [hivemq-test-hivemq-platform] [hivemq-platform-operator] [5dbb7c44] 17:03:08.072 [pool-6-thread-46] DEBUG c.h.p.o.dependants.PodInfoConfigMap - [helmcust] Desired PodInfo ConfigMap (metrics port: 9399) (metrics path: /)
2025-01-29 17:03:08,082 INFO c.h.h.t.HelmChartContainer - [hivemq-test-hivemq-platform] [hivemq-platform-operator] [5dbb7c44] 17:03:08.072 [pool-6-thread-46] DEBUG c.h.p.o.dependants.PodInfoConfigMap - [helmcust] Desired PodInfo ConfigMap (extension state hash: 1892683595)
2025-01-29 17:03:08,082 INFO c.h.h.t.HelmChartContainer - [hivemq-test-hivemq-platform] [hivemq-platform-operator] [5dbb7c44] 17:03:08.077 [pool-6-thread-42] DEBUG c.h.p.o.d.PodServiceAccountResource - [helmcust] Desired PodServiceAccountResource (serviceAccountName: hivemq-platform-pod-test-hivemq-platform)
2025-01-29 17:03:08,105 INFO c.h.h.t.HelmChartContainer - [hivemq-test-hivemq-platform] [hivemq-platform-operator] [5dbb7c44] 17:03:08.103 [pool-6-thread-49] DEBUG c.h.p.o.d.StatefulSetResource - [helmcust] Desired StatefulSet (1 replicas) for status STARTING (READY)
2025-01-29 17:03:08,112 INFO c.h.h.t.HelmChartContainer - [hivemq-test-hivemq-platform] [hivemq-platform-operator] [5dbb7c44] 17:03:08.111 [ReconcilerExecutor-hivemq-controller-112] INFO  c.h.p.o.HiveMQPlatformReconciler - [helmcust] Reconciling HiveMQ Platform 'test-hivemq-platform' in namespace 'helmcustomextensionit'
2025-01-29 17:03:08,114 INFO c.h.h.t.HelmChartContainer - [hivemq-test-hivemq-platform] [hivemq-platform-operator] [5dbb7c44] 17:03:08.112 [ReconcilerExecutor-hivemq-controller-112] DEBUG c.h.p.o.HiveMQPlatformReconciler - [helmcust] Custom Resource Status STARTING - HiveMQ Platform is starting (READY)
2025-01-29 17:03:08,114 INFO c.h.h.t.HelmChartContainer - [hivemq-test-hivemq-platform] [hivemq-platform-operator] [5dbb7c44] 17:03:08.112 [ReconcilerExecutor-hivemq-controller-112] DEBUG c.h.p.o.HiveMQPlatformReconciler - [helmcust] Custom Resource Spec (replicas: 1) (extensions: 1)
2025-01-29 17:03:08,117 INFO c.h.h.t.HelmChartContainer - [hivemq-test-hivemq-platform] [hivemq-platform-operator] [5dbb7c44] 17:03:08.115 [ReconcilerExecutor-hivemq-controller-112] DEBUG c.h.p.o.HiveMQPlatformReconciler - [helmcust] StatefulSet Status (revision: test-hivemq-platform-58d745f97c, replicas: 1, available: 1, ready: 1, current: 1, updated: 1)
2025-01-29 17:03:08,118 INFO c.h.h.t.HelmChartContainer - [hivemq-test-hivemq-platform] [hivemq-platform-operator] [5dbb7c44] 17:03:08.116 [ReconcilerExecutor-hivemq-controller-112] DEBUG c.h.p.o.HiveMQPlatformReconciler - [helmcust] StatefulSet Spec (replicas: 1, init containers: 1, containers: 1, volumes: 4)
2025-01-29 17:03:08,119 INFO c.h.h.t.HelmChartContainer - [hivemq-test-hivemq-platform] [hivemq-platform-operator] [5dbb7c44] 17:03:08.118 [ReconcilerExecutor-hivemq-controller-112] DEBUG c.h.p.o.h.HiveMQPlatformReconcilerErrorHandler - [helmcust] Pod 'test-hivemq-platform-0' phase Running
2025-01-29 17:03:08,120 INFO c.h.h.t.HelmChartContainer - [hivemq-test-hivemq-platform] [hivemq-platform-operator] [5dbb7c44] 17:03:08.119 [ReconcilerExecutor-hivemq-controller-112] INFO  c.h.p.o.h.HiveMQPlatformReconcilerBaseHandler - [helmcust] HiveMQ Platform started successfully
2025-01-29 17:03:08,220 INFO c.h.h.t.HelmChartContainer - [hivemq-test-hivemq-platform] [hivemq-platform-operator] [5dbb7c44] 17:03:08.218 [ReconcilerExecutor-hivemq-controller-112] DEBUG c.h.p.operator.event.EventSender - [helmcust] Creating K8s event hivemq-platform-ready: [Ready] HiveMQ Platform is ready
2025-01-29 17:03:08,224 INFO c.h.h.t.HelmChartContainer - [EVENT] Normal [Ready] HiveMQ Platform is ready [helmcustomextensionit:test-hivemq-platform]
2025-01-29 17:03:08,303 INFO c.h.h.t.HelmChartContainer - [hivemq-test-hivemq-platform] [hivemq-platform-operator] [5dbb7c44] 17:03:08.302 [ReconcilerExecutor-hivemq-controller-112] INFO  c.h.p.o.h.AbstractHiveMQReconcilerStateHandler - [helmcust] Update HiveMQ Platform Status (STARTING [READY] -> RUNNING [READY]): HiveMQ Platform is ready
2025-01-29 17:03:08,313 DEBUG com.hivemq.helmcharts.util.K8sUtil - Comparing actual state 'RUNNING' and waiting for 'RUNNING'
2025-01-29 17:03:08,318 INFO c.h.h.t.HelmChartContainer - [hivemq-test-hivemq-platform] [hivemq-platform-operator] [5dbb7c44] 17:03:08.316 [pool-6-thread-6] DEBUG c.h.p.o.d.PlatformServiceResource - [helmcust] Desired Platform services (3 services)
2025-01-29 17:03:08,319 INFO c.h.h.t.HelmChartContainer - [hivemq-test-hivemq-platform] [hivemq-platform-operator] [5dbb7c44] 17:03:08.318 [pool-6-thread-3] DEBUG c.h.p.o.dependants.PodInfoConfigMap - [helmcust] Desired PodInfo ConfigMap (1 extensions) (1 enabled)
2025-01-29 17:03:08,322 INFO c.h.h.t.HelmChartContainer - [hivemq-test-hivemq-platform] [hivemq-platform-operator] [5dbb7c44] 17:03:08.321 [pool-6-thread-1] DEBUG c.h.p.o.d.PodServiceAccountResource - [helmcust] Desired PodServiceAccountResource (serviceAccountName: hivemq-platform-pod-test-hivemq-platform)
2025-01-29 17:03:08,324 INFO c.h.h.t.HelmChartContainer - [hivemq-test-hivemq-platform] [hivemq-platform-operator] [5dbb7c44] 17:03:08.323 [pool-6-thread-3] DEBUG c.h.p.o.dependants.PodInfoConfigMap - [helmcust] Desired PodInfo ConfigMap (metrics port: 9399) (metrics path: /)
2025-01-29 17:03:08,326 INFO c.h.h.t.HelmChartContainer - [hivemq-test-hivemq-platform] [hivemq-platform-operator] [5dbb7c44] 17:03:08.323 [pool-6-thread-3] DEBUG c.h.p.o.dependants.PodInfoConfigMap - [helmcust] Desired PodInfo ConfigMap (extension state hash: 1892683595)
2025-01-29 17:03:08,326 INFO c.h.h.t.HelmChartContainer - [hivemq-test-hivemq-platform] [hivemq-platform-operator] [5dbb7c44] 17:03:08.325 [pool-6-thread-3] DEBUG c.h.p.o.dependants.PodInfoConfigMap - [helmcust] Update PodInfo ConfigMap
2025-01-29 17:03:08,406 INFO c.h.h.t.HelmChartContainer - [hivemq-test-hivemq-platform] [hivemq-platform-operator] [5dbb7c44] 17:03:08.405 [pool-6-thread-3] DEBUG c.h.p.o.d.StatefulSetResource - [helmcust] Desired StatefulSet (1 replicas) for status RUNNING (READY)
2025-01-29 17:03:08,409 INFO c.h.h.t.HelmChartContainer - [hivemq-test-hivemq-platform] [hivemq-platform-operator] [5dbb7c44] 17:03:08.408 [ReconcilerExecutor-hivemq-controller-113] INFO  c.h.p.o.HiveMQPlatformReconciler - [helmcust] Reconciling HiveMQ Platform 'test-hivemq-platform' in namespace 'helmcustomextensionit'
2025-01-29 17:03:08,410 INFO c.h.h.t.HelmChartContainer - [hivemq-test-hivemq-platform] [hivemq-platform-operator] [5dbb7c44] 17:03:08.408 [ReconcilerExecutor-hivemq-controller-113] DEBUG c.h.p.o.HiveMQPlatformReconciler - [helmcust] Custom Resource Status RUNNING - HiveMQ Platform is ready (READY)
2025-01-29 17:03:08,410 INFO c.h.h.t.HelmChartContainer - [hivemq-test-hivemq-platform] [hivemq-platform-operator] [5dbb7c44] 17:03:08.408 [ReconcilerExecutor-hivemq-controller-113] DEBUG c.h.p.o.HiveMQPlatformReconciler - [helmcust] Custom Resource Spec (replicas: 1) (extensions: 1)
2025-01-29 17:03:08,412 INFO c.h.h.t.HelmChartContainer - [hivemq-test-hivemq-platform] [hivemq-platform-operator] [5dbb7c44] 17:03:08.410 [ReconcilerExecutor-hivemq-controller-113] DEBUG c.h.p.o.HiveMQPlatformReconciler - [helmcust] StatefulSet Status (revision: test-hivemq-platform-58d745f97c, replicas: 1, available: 1, ready: 1, current: 1, updated: 1)
2025-01-29 17:03:08,412 INFO c.h.h.t.HelmChartContainer - [hivemq-test-hivemq-platform] [hivemq-platform-operator] [5dbb7c44] 17:03:08.410 [ReconcilerExecutor-hivemq-controller-113] DEBUG c.h.p.o.HiveMQPlatformReconciler - [helmcust] StatefulSet Spec (replicas: 1, init containers: 1, containers: 1, volumes: 4)
2025-01-29 17:03:08,413 INFO c.h.h.t.HelmChartContainer - [hivemq-test-hivemq-platform] [hivemq-platform-operator] [5dbb7c44] 17:03:08.411 [ReconcilerExecutor-hivemq-controller-113] DEBUG c.h.p.o.h.HiveMQPlatformReconcilerErrorHandler - [helmcust] Pod 'test-hivemq-platform-0' phase Running
2025-01-29 17:03:10,335 INFO c.h.h.t.HelmChartContainer - Uninstalling release 'test-hivemq-platform' in namespace 'helmcustomextensionit'...
2025-01-29 17:03:10,335 DEBUG c.h.h.t.HelmChartContainer - Executing helm command: /bin/helm --kubeconfig /etc/rancher/k3s/k3s.yaml uninstall test-hivemq-platform  --wait --timeout 5m0s --cascade foreground --namespace helmcustomextensionit
2025-01-29 17:03:10,526 INFO c.h.h.t.HelmChartContainer - [hivemq-test-hivemq-platform] [hivemq-platform-operator] [5dbb7c44] 17:03:10.520 [pool-6-thread-13] DEBUG c.h.p.o.d.PlatformServiceResource - [helmcust] Desired Platform services (3 services)
2025-01-29 17:03:10,526 INFO c.h.h.t.HelmChartContainer - [hivemq-test-hivemq-platform] [hivemq-platform-operator] [5dbb7c44] 17:03:10.520 [pool-6-thread-18] DEBUG c.h.p.o.dependants.PodInfoConfigMap - [helmcust] Desired PodInfo ConfigMap (1 extensions) (1 enabled)
2025-01-29 17:03:10,526 INFO c.h.h.t.HelmChartContainer - [hivemq-test-hivemq-platform] [hivemq-platform-operator] [5dbb7c44] 17:03:10.521 [pool-6-thread-18] DEBUG c.h.p.o.dependants.PodInfoConfigMap - [helmcust] Desired PodInfo ConfigMap (metrics port: 9399) (metrics path: /)
2025-01-29 17:03:10,526 INFO c.h.h.t.HelmChartContainer - [hivemq-test-hivemq-platform] [hivemq-platform-operator] [5dbb7c44] 17:03:10.521 [pool-6-thread-18] DEBUG c.h.p.o.dependants.PodInfoConfigMap - [helmcust] Desired PodInfo ConfigMap (extension state hash: 1892683595)
2025-01-29 17:03:10,526 INFO c.h.h.t.HelmChartContainer - [hivemq-test-hivemq-platform] [hivemq-platform-operator] [5dbb7c44] 17:03:10.524 [pool-6-thread-11] DEBUG c.h.p.o.d.PodServiceAccountResource - [helmcust] Desired PodServiceAccountResource (serviceAccountName: hivemq-platform-pod-test-hivemq-platform)
2025-01-29 17:03:10,600 INFO c.h.h.t.HelmChartContainer - [hivemq-test-hivemq-platform] [hivemq-platform-operator] [5dbb7c44] 17:03:10.599 [pool-6-thread-13] DEBUG c.h.p.o.d.StatefulSetResource - [helmcust] Desired StatefulSet (1 replicas) for status RUNNING (READY)
2025-01-29 17:03:10,607 INFO c.h.h.t.HelmChartContainer - [hivemq-test-hivemq-platform] [hivemq-platform-operator] [5dbb7c44] 17:03:10.606 [ReconcilerExecutor-hivemq-controller-114] INFO  c.h.p.o.HiveMQPlatformReconciler - [helmcust] Reconciling HiveMQ Platform 'test-hivemq-platform' in namespace 'helmcustomextensionit'
2025-01-29 17:03:10,608 INFO c.h.h.t.HelmChartContainer - [hivemq-test-hivemq-platform] [hivemq-platform-operator] [5dbb7c44] 17:03:10.607 [ReconcilerExecutor-hivemq-controller-114] DEBUG c.h.p.o.HiveMQPlatformReconciler - [helmcust] Custom Resource Status RUNNING - HiveMQ Platform is ready (READY)
2025-01-29 17:03:10,608 INFO c.h.h.t.HelmChartContainer - [hivemq-test-hivemq-platform] [hivemq-platform-operator] [5dbb7c44] 17:03:10.607 [ReconcilerExecutor-hivemq-controller-114] DEBUG c.h.p.o.HiveMQPlatformReconciler - [helmcust] Custom Resource Spec (replicas: 1) (extensions: 1)
2025-01-29 17:03:10,609 INFO c.h.h.t.HelmChartContainer - [hivemq-test-hivemq-platform] [hivemq-platform-operator] [5dbb7c44] 17:03:10.608 [ReconcilerExecutor-hivemq-controller-114] WARN  c.h.p.o.h.HiveMQPlatformReconcilerErrorHandler - [helmcust] Could not find ConfigMap 'hivemq-configuration-test-hivemq-platform' for HiveMQ Platform configuration
2025-01-29 17:03:10,713 INFO c.h.h.t.HelmChartContainer - [hivemq-test-hivemq-platform] [hivemq-platform-operator] [5dbb7c44] 17:03:10.712 [ReconcilerExecutor-hivemq-controller-114] DEBUG c.h.p.operator.event.EventSender - [helmcust] Creating K8s event hivemq-platform-invalid-configuration: [Start] Could not find ConfigMap 'hivemq-configuration-test-hivemq-platform' for HiveMQ Platform configuration
2025-01-29 17:03:10,716 INFO c.h.h.t.HelmChartContainer - [EVENT] Warning [Start] Could not find ConfigMap 'hivemq-configuration-test-hivemq-platform' for HiveMQ Platform configuration [helmcustomextensionit:test-hivemq-platform]
2025-01-29 17:03:10,717 INFO c.h.h.t.HelmChartContainer - [hivemq-test-hivemq-platform] [hivemq-platform-operator] [5dbb7c44] 17:03:10.716 [ReconcilerExecutor-hivemq-controller-114] INFO  c.h.p.o.h.AbstractHiveMQReconcilerStateHandler - [helmcust] Update HiveMQ Platform Status (RUNNING [READY] -> ERROR [INVALID_CONFIG_MAP]): Could not find ConfigMap 'hivemq-configuration-test-hivemq-platform' for HiveMQ Platform configuration
2025-01-29 17:03:10,811 INFO c.h.h.t.HelmChartContainer - [hivemq-test-hivemq-platform] [hivemq-platform-operator] [5dbb7c44] 17:03:10.805 [ReconcilerExecutor-hivemq-controller-114] ERROR i.j.o.p.event.EventProcessor - Error during event processing ExecutionScope{ resource id: ResourceID{name='test-hivemq-platform', namespace='helmcustomextensionit'}, version: 633}
2025-01-29 17:03:10,811 INFO c.h.h.t.HelmChartContainer - [hivemq-test-hivemq-platform] [hivemq-platform-operator] [5dbb7c44] io.fabric8.kubernetes.client.KubernetesClientException: Failure executing: PUT at: https://10.43.0.1:443/apis/hivemq.com/v1/namespaces/helmcustomextensionit/hivemq-platforms/test-hivemq-platform/status. Message: Operation cannot be fulfilled on hivemq-platforms.hivemq.com "test-hivemq-platform": the object has been modified; please apply your changes to the latest version and try again. Received status: Status(apiVersion=v1, code=409, details=StatusDetails(causes=[], group=hivemq.com, kind=hivemq-platforms, name=test-hivemq-platform, retryAfterSeconds=null, uid=null, additionalProperties={}), kind=Status, message=Operation cannot be fulfilled on hivemq-platforms.hivemq.com "test-hivemq-platform": the object has been modified; please apply your changes to the latest version and try again, metadata=ListMeta(_continue=null, remainingItemCount=null, resourceVersion=null, selfLink=null, additionalProperties={}), reason=Conflict, status=Failure, additionalProperties={}).
2025-01-29 17:03:10,811 INFO c.h.h.t.HelmChartContainer - [hivemq-test-hivemq-platform] [hivemq-platform-operator] [5dbb7c44] 	at io.fabric8.kubernetes.client.KubernetesClientException.copyAsCause(KubernetesClientException.java:238)
2025-01-29 17:03:10,811 INFO c.h.h.t.HelmChartContainer - [hivemq-test-hivemq-platform] [hivemq-platform-operator] [5dbb7c44] 	at io.fabric8.kubernetes.client.dsl.internal.OperationSupport.waitForResult(OperationSupport.java:507)
2025-01-29 17:03:10,811 INFO c.h.h.t.HelmChartContainer - [hivemq-test-hivemq-platform] [hivemq-platform-operator] [5dbb7c44] 	at io.fabric8.kubernetes.client.dsl.internal.OperationSupport.handleResponse(OperationSupport.java:524)
2025-01-29 17:03:10,811 INFO c.h.h.t.HelmChartContainer - [hivemq-test-hivemq-platform] [hivemq-platform-operator] [5dbb7c44] 	at io.fabric8.kubernetes.client.dsl.internal.OperationSupport.handleUpdate(OperationSupport.java:358)
2025-01-29 17:03:10,811 INFO c.h.h.t.HelmChartContainer - [hivemq-test-hivemq-platform] [hivemq-platform-operator] [5dbb7c44] 	at io.fabric8.kubernetes.client.dsl.internal.BaseOperation.handleUpdate(BaseOperation.java:759)
2025-01-29 17:03:10,811 INFO c.h.h.t.HelmChartContainer - [hivemq-test-hivemq-platform] [hivemq-platform-operator] [5dbb7c44] 	at io.fabric8.kubernetes.client.dsl.internal.HasMetadataOperation.update(HasMetadataOperation.java:138)
2025-01-29 17:03:10,811 INFO c.h.h.t.HelmChartContainer - [hivemq-test-hivemq-platform] [hivemq-platform-operator] [5dbb7c44] 	at io.fabric8.kubernetes.client.dsl.internal.HasMetadataOperation.update(HasMetadataOperation.java:121)
2025-01-29 17:03:10,811 INFO c.h.h.t.HelmChartContainer - [hivemq-test-hivemq-platform] [hivemq-platform-operator] [5dbb7c44] 	at io.fabric8.kubernetes.client.dsl.internal.HasMetadataOperation.updateStatus(HasMetadataOperation.java:126)
2025-01-29 17:03:10,811 INFO c.h.h.t.HelmChartContainer - [hivemq-test-hivemq-platform] [hivemq-platform-operator] [5dbb7c44] 	at io.fabric8.kubernetes.client.dsl.internal.HasMetadataOperation.updateStatus(HasMetadataOperation.java:44)
2025-01-29 17:03:10,811 INFO c.h.h.t.HelmChartContainer - [hivemq-test-hivemq-platform] [hivemq-platform-operator] [5dbb7c44] 	at io.javaoperatorsdk.operator.processing.event.ReconciliationDispatcher$CustomResourceFacade.updateStatus(ReconciliationDispatcher.java:408)
2025-01-29 17:03:10,811 INFO c.h.h.t.HelmChartContainer - [hivemq-test-hivemq-platform] [hivemq-platform-operator] [5dbb7c44] 	at io.javaoperatorsdk.operator.processing.event.ReconciliationDispatcher.updateStatusGenerationAware(ReconciliationDispatcher.java:228)
2025-01-29 17:03:10,811 INFO c.h.h.t.HelmChartContainer - [hivemq-test-hivemq-platform] [hivemq-platform-operator] [5dbb7c44] 	at io.javaoperatorsdk.operator.processing.event.ReconciliationDispatcher.reconcileExecution(ReconciliationDispatcher.java:150)
2025-01-29 17:03:10,816 INFO c.h.h.t.HelmChartContainer - [hivemq-test-hivemq-platform] [hivemq-platform-operator] [5dbb7c44] 	at io.javaoperatorsdk.operator.processing.event.ReconciliationDispatcher.handleReconcile(ReconciliationDispatcher.java:117)
2025-01-29 17:03:10,816 INFO c.h.h.t.HelmChartContainer - [hivemq-test-hivemq-platform] [hivemq-platform-operator] [5dbb7c44] 	at io.javaoperatorsdk.operator.processing.event.ReconciliationDispatcher.handleDispatch(ReconciliationDispatcher.java:91)
2025-01-29 17:03:10,816 INFO c.h.h.t.HelmChartContainer - [hivemq-test-hivemq-platform] [hivemq-platform-operator] [5dbb7c44] 	at io.javaoperatorsdk.operator.processing.event.ReconciliationDispatcher.handleExecution(ReconciliationDispatcher.java:64)
2025-01-29 17:03:10,816 INFO c.h.h.t.HelmChartContainer - [hivemq-test-hivemq-platform] [hivemq-platform-operator] [5dbb7c44] 	at io.javaoperatorsdk.operator.processing.event.EventProcessor$ReconcilerExecutor.run(EventProcessor.java:452)
2025-01-29 17:03:10,816 INFO c.h.h.t.HelmChartContainer - [hivemq-test-hivemq-platform] [hivemq-platform-operator] [5dbb7c44] 	at java.base/java.util.concurrent.ThreadPoolExecutor.runWorker(Unknown Source)
2025-01-29 17:03:10,816 INFO c.h.h.t.HelmChartContainer - [hivemq-test-hivemq-platform] [hivemq-platform-operator] [5dbb7c44] 	at java.base/java.util.concurrent.ThreadPoolExecutor$Worker.run(Unknown Source)
2025-01-29 17:03:10,816 INFO c.h.h.t.HelmChartContainer - [hivemq-test-hivemq-platform] [hivemq-platform-operator] [5dbb7c44] 	at java.base/java.lang.Thread.run(Unknown Source)
2025-01-29 17:03:10,816 INFO c.h.h.t.HelmChartContainer - [hivemq-test-hivemq-platform] [hivemq-platform-operator] [5dbb7c44] Caused by: io.fabric8.kubernetes.client.KubernetesClientException: Failure executing: PUT at: https://10.43.0.1:443/apis/hivemq.com/v1/namespaces/helmcustomextensionit/hivemq-platforms/test-hivemq-platform/status. Message: Operation cannot be fulfilled on hivemq-platforms.hivemq.com "test-hivemq-platform": the object has been modified; please apply your changes to the latest version and try again. Received status: Status(apiVersion=v1, code=409, details=StatusDetails(causes=[], group=hivemq.com, kind=hivemq-platforms, name=test-hivemq-platform, retryAfterSeconds=null, uid=null, additionalProperties={}), kind=Status, message=Operation cannot be fulfilled on hivemq-platforms.hivemq.com "test-hivemq-platform": the object has been modified; please apply your changes to the latest version and try again, metadata=ListMeta(_continue=null, remainingItemCount=null, resourceVersion=null, selfLink=null, additionalProperties={}), reason=Conflict, status=Failure, additionalProperties={}).
2025-01-29 17:03:10,816 INFO c.h.h.t.HelmChartContainer - [hivemq-test-hivemq-platform] [hivemq-platform-operator] [5dbb7c44] 	at io.fabric8.kubernetes.client.dsl.internal.OperationSupport.requestFailure(OperationSupport.java:660)
2025-01-29 17:03:10,816 INFO c.h.h.t.HelmChartContainer - [hivemq-test-hivemq-platform] [hivemq-platform-operator] [5dbb7c44] 	at io.fabric8.kubernetes.client.dsl.internal.OperationSupport.requestFailure(OperationSupport.java:640)
2025-01-29 17:03:10,816 INFO c.h.h.t.HelmChartContainer - [hivemq-test-hivemq-platform] [hivemq-platform-operator] [5dbb7c44] 	at io.fabric8.kubernetes.client.dsl.internal.OperationSupport.assertResponseCode(OperationSupport.java:589)
2025-01-29 17:03:10,816 INFO c.h.h.t.HelmChartContainer - [hivemq-test-hivemq-platform] [hivemq-platform-operator] [5dbb7c44] 	at io.fabric8.kubernetes.client.dsl.internal.OperationSupport.lambda$handleResponse$0(OperationSupport.java:549)
2025-01-29 17:03:10,816 INFO c.h.h.t.HelmChartContainer - [hivemq-test-hivemq-platform] [hivemq-platform-operator] [5dbb7c44] 	at java.base/java.util.concurrent.CompletableFuture$UniApply.tryFire(Unknown Source)
2025-01-29 17:03:10,816 INFO c.h.h.t.HelmChartContainer - [hivemq-test-hivemq-platform] [hivemq-platform-operator] [5dbb7c44] 	at java.base/java.util.concurrent.CompletableFuture.postComplete(Unknown Source)
2025-01-29 17:03:10,816 INFO c.h.h.t.HelmChartContainer - [hivemq-test-hivemq-platform] [hivemq-platform-operator] [5dbb7c44] 	at java.base/java.util.concurrent.CompletableFuture.complete(Unknown Source)
2025-01-29 17:03:10,816 INFO c.h.h.t.HelmChartContainer - [hivemq-test-hivemq-platform] [hivemq-platform-operator] [5dbb7c44] 	at io.fabric8.kubernetes.client.http.StandardHttpClient.lambda$completeOrCancel$10(StandardHttpClient.java:141)
2025-01-29 17:03:10,816 INFO c.h.h.t.HelmChartContainer - [hivemq-test-hivemq-platform] [hivemq-platform-operator] [5dbb7c44] 	at java.base/java.util.concurrent.CompletableFuture.uniWhenComplete(Unknown Source)
2025-01-29 17:03:10,816 INFO c.h.h.t.HelmChartContainer - [hivemq-test-hivemq-platform] [hivemq-platform-operator] [5dbb7c44] 	at java.base/java.util.concurrent.CompletableFuture$UniWhenComplete.tryFire(Unknown Source)
2025-01-29 17:03:10,816 INFO c.h.h.t.HelmChartContainer - [hivemq-test-hivemq-platform] [hivemq-platform-operator] [5dbb7c44] 	at java.base/java.util.concurrent.CompletableFuture.postComplete(Unknown Source)
2025-01-29 17:03:10,816 INFO c.h.h.t.HelmChartContainer - [hivemq-test-hivemq-platform] [hivemq-platform-operator] [5dbb7c44] 	at java.base/java.util.concurrent.CompletableFuture.complete(Unknown Source)
2025-01-29 17:03:10,816 INFO c.h.h.t.HelmChartContainer - [hivemq-test-hivemq-platform] [hivemq-platform-operator] [5dbb7c44] 	at io.fabric8.kubernetes.client.http.ByteArrayBodyHandler.onBodyDone(ByteArrayBodyHandler.java:51)
2025-01-29 17:03:10,816 INFO c.h.h.t.HelmChartContainer - [hivemq-test-hivemq-platform] [hivemq-platform-operator] [5dbb7c44] 	at java.base/java.util.concurrent.CompletableFuture.uniWhenComplete(Unknown Source)
2025-01-29 17:03:10,816 INFO c.h.h.t.HelmChartContainer - [hivemq-test-hivemq-platform] [hivemq-platform-operator] [5dbb7c44] 	at java.base/java.util.concurrent.CompletableFuture$UniWhenComplete.tryFire(Unknown Source)
2025-01-29 17:03:10,816 INFO c.h.h.t.HelmChartContainer - [hivemq-test-hivemq-platform] [hivemq-platform-operator] [5dbb7c44] 	at java.base/java.util.concurrent.CompletableFuture.postComplete(Unknown Source)
2025-01-29 17:03:10,816 INFO c.h.h.t.HelmChartContainer - [hivemq-test-hivemq-platform] [hivemq-platform-operator] [5dbb7c44] 	at java.base/java.util.concurrent.CompletableFuture.complete(Unknown Source)
2025-01-29 17:03:10,816 INFO c.h.h.t.HelmChartContainer - [hivemq-test-hivemq-platform] [hivemq-platform-operator] [5dbb7c44] 	at io.fabric8.kubernetes.client.vertx.VertxHttpRequest.lambda$null$1(VertxHttpRequest.java:121)
2025-01-29 17:03:10,816 INFO c.h.h.t.HelmChartContainer - [hivemq-test-hivemq-platform] [hivemq-platform-operator] [5dbb7c44] 	at io.vertx.core.impl.ContextInternal.dispatch(ContextInternal.java:279)
2025-01-29 17:03:10,816 INFO c.h.h.t.HelmChartContainer - [hivemq-test-hivemq-platform] [hivemq-platform-operator] [5dbb7c44] 	at io.vertx.core.impl.ContextInternal.dispatch(ContextInternal.java:261)
2025-01-29 17:03:10,816 INFO c.h.h.t.HelmChartContainer - [hivemq-test-hivemq-platform] [hivemq-platform-operator] [5dbb7c44] 	at io.vertx.core.http.impl.HttpEventHandler.handleEnd(HttpEventHandler.java:76)
2025-01-29 17:03:10,816 INFO c.h.h.t.HelmChartContainer - [hivemq-test-hivemq-platform] [hivemq-platform-operator] [5dbb7c44] 	at io.vertx.core.http.impl.HttpClientResponseImpl.handleEnd(HttpClientResponseImpl.java:250)
2025-01-29 17:03:10,816 INFO c.h.h.t.HelmChartContainer - [hivemq-test-hivemq-platform] [hivemq-platform-operator] [5dbb7c44] 	at io.vertx.core.http.impl.Http1xClientConnection$StreamImpl.lambda$new$0(Http1xClientConnection.java:421)
2025-01-29 17:03:10,816 INFO c.h.h.t.HelmChartContainer - [hivemq-test-hivemq-platform] [hivemq-platform-operator] [5dbb7c44] 	at io.vertx.core.streams.impl.InboundBuffer.handleEvent(InboundBuffer.java:279)
2025-01-29 17:03:10,816 INFO c.h.h.t.HelmChartContainer - [hivemq-test-hivemq-platform] [hivemq-platform-operator] [5dbb7c44] 	at io.vertx.core.streams.impl.InboundBuffer.write(InboundBuffer.java:157)
2025-01-29 17:03:10,816 INFO c.h.h.t.HelmChartContainer - [hivemq-test-hivemq-platform] [hivemq-platform-operator] [5dbb7c44] 	at io.vertx.core.http.impl.Http1xClientConnection$StreamImpl.handleEnd(Http1xClientConnection.java:709)
2025-01-29 17:03:10,816 INFO c.h.h.t.HelmChartContainer - [hivemq-test-hivemq-platform] [hivemq-platform-operator] [5dbb7c44] 	at io.vertx.core.impl.ContextImpl.execute(ContextImpl.java:313)
2025-01-29 17:03:10,816 INFO c.h.h.t.HelmChartContainer - [hivemq-test-hivemq-platform] [hivemq-platform-operator] [5dbb7c44] 	at io.vertx.core.impl.ContextImpl.execute(ContextImpl.java:293)
2025-01-29 17:03:10,816 INFO c.h.h.t.HelmChartContainer - [hivemq-test-hivemq-platform] [hivemq-platform-operator] [5dbb7c44] 	at io.vertx.core.http.impl.Http1xClientConnection.handleResponseEnd(Http1xClientConnection.java:940)
2025-01-29 17:03:10,816 INFO c.h.h.t.HelmChartContainer - [hivemq-test-hivemq-platform] [hivemq-platform-operator] [5dbb7c44] 	at io.vertx.core.http.impl.Http1xClientConnection.handleHttpMessage(Http1xClientConnection.java:810)
2025-01-29 17:03:10,816 INFO c.h.h.t.HelmChartContainer - [hivemq-test-hivemq-platform] [hivemq-platform-operator] [5dbb7c44] 	at io.vertx.core.http.impl.Http1xClientConnection.handleMessage(Http1xClientConnection.java:774)
2025-01-29 17:03:10,819 INFO c.h.h.t.HelmChartContainer - [hivemq-test-hivemq-platform] [hivemq-platform-operator] [5dbb7c44] 	at io.vertx.core.net.impl.ConnectionBase.read(ConnectionBase.java:159)
2025-01-29 17:03:10,819 INFO c.h.h.t.HelmChartContainer - [hivemq-test-hivemq-platform] [hivemq-platform-operator] [5dbb7c44] 	at io.vertx.core.net.impl.VertxHandler.channelRead(VertxHandler.java:153)
2025-01-29 17:03:10,819 INFO c.h.h.t.HelmChartContainer - [hivemq-test-hivemq-platform] [hivemq-platform-operator] [5dbb7c44] 	at io.netty.channel.AbstractChannelHandlerContext.invokeChannelRead(AbstractChannelHandlerContext.java:442)
2025-01-29 17:03:10,819 INFO c.h.h.t.HelmChartContainer - [hivemq-test-hivemq-platform] [hivemq-platform-operator] [5dbb7c44] 	at io.netty.channel.AbstractChannelHandlerContext.invokeChannelRead(AbstractChannelHandlerContext.java:420)
2025-01-29 17:03:10,819 INFO c.h.h.t.HelmChartContainer - [hivemq-test-hivemq-platform] [hivemq-platform-operator] [5dbb7c44] 	at io.netty.channel.AbstractChannelHandlerContext.fireChannelRead(AbstractChannelHandlerContext.java:412)
2025-01-29 17:03:10,819 INFO c.h.h.t.HelmChartContainer - [hivemq-test-hivemq-platform] [hivemq-platform-operator] [5dbb7c44] 	at io.netty.channel.CombinedChannelDuplexHandler$DelegatingChannelHandlerContext.fireChannelRead(CombinedChannelDuplexHandler.java:436)
2025-01-29 17:03:10,819 INFO c.h.h.t.HelmChartContainer - [hivemq-test-hivemq-platform] [hivemq-platform-operator] [5dbb7c44] 	at io.netty.handler.codec.ByteToMessageDecoder.fireChannelRead(ByteToMessageDecoder.java:346)
2025-01-29 17:03:10,819 INFO c.h.h.t.HelmChartContainer - [hivemq-test-hivemq-platform] [hivemq-platform-operator] [5dbb7c44] 	at io.netty.handler.codec.ByteToMessageDecoder.channelRead(ByteToMessageDecoder.java:318)
2025-01-29 17:03:10,819 INFO c.h.h.t.HelmChartContainer - [hivemq-test-hivemq-platform] [hivemq-platform-operator] [5dbb7c44] 	at io.netty.channel.CombinedChannelDuplexHandler.channelRead(CombinedChannelDuplexHandler.java:251)
2025-01-29 17:03:10,821 INFO c.h.h.t.HelmChartContainer - [hivemq-test-hivemq-platform] [hivemq-platform-operator] [5dbb7c44] 	at io.netty.channel.AbstractChannelHandlerContext.invokeChannelRead(AbstractChannelHandlerContext.java:442)
2025-01-29 17:03:10,821 INFO c.h.h.t.HelmChartContainer - [hivemq-test-hivemq-platform] [hivemq-platform-operator] [5dbb7c44] 	at io.netty.channel.AbstractChannelHandlerContext.invokeChannelRead(AbstractChannelHandlerContext.java:420)
2025-01-29 17:03:10,821 INFO c.h.h.t.HelmChartContainer - [hivemq-test-hivemq-platform] [hivemq-platform-operator] [5dbb7c44] 	at io.netty.channel.AbstractChannelHandlerContext.fireChannelRead(AbstractChannelHandlerContext.java:412)
2025-01-29 17:03:10,821 INFO c.h.h.t.HelmChartContainer - [hivemq-test-hivemq-platform] [hivemq-platform-operator] [5dbb7c44] 	at io.netty.handler.ssl.SslHandler.unwrap(SslHandler.java:1475)
2025-01-29 17:03:10,821 INFO c.h.h.t.HelmChartContainer - [hivemq-test-hivemq-platform] [hivemq-platform-operator] [5dbb7c44] 	at io.netty.handler.ssl.SslHandler.decodeJdkCompatible(SslHandler.java:1338)
2025-01-29 17:03:10,821 INFO c.h.h.t.HelmChartContainer - [hivemq-test-hivemq-platform] [hivemq-platform-operator] [5dbb7c44] 	at io.netty.handler.ssl.SslHandler.decode(SslHandler.java:1387)
2025-01-29 17:03:10,821 INFO c.h.h.t.HelmChartContainer - [hivemq-test-hivemq-platform] [hivemq-platform-operator] [5dbb7c44] 	at io.netty.handler.codec.ByteToMessageDecoder.decodeRemovalReentryProtection(ByteToMessageDecoder.java:530)
2025-01-29 17:03:10,821 INFO c.h.h.t.HelmChartContainer - [hivemq-test-hivemq-platform] [hivemq-platform-operator] [5dbb7c44] 	at io.netty.handler.codec.ByteToMessageDecoder.callDecode(ByteToMessageDecoder.java:469)
2025-01-29 17:03:10,821 INFO c.h.h.t.HelmChartContainer - [hivemq-test-hivemq-platform] [hivemq-platform-operator] [5dbb7c44] 	at io.netty.handler.codec.ByteToMessageDecoder.channelRead(ByteToMessageDecoder.java:290)
2025-01-29 17:03:10,821 INFO c.h.h.t.HelmChartContainer - [hivemq-test-hivemq-platform] [hivemq-platform-operator] [5dbb7c44] 	at io.netty.channel.AbstractChannelHandlerContext.invokeChannelRead(AbstractChannelHandlerContext.java:444)
2025-01-29 17:03:10,821 INFO c.h.h.t.HelmChartContainer - [hivemq-test-hivemq-platform] [hivemq-platform-operator] [5dbb7c44] 	at io.netty.channel.AbstractChannelHandlerContext.invokeChannelRead(AbstractChannelHandlerContext.java:420)
2025-01-29 17:03:10,821 INFO c.h.h.t.HelmChartContainer - [hivemq-test-hivemq-platform] [hivemq-platform-operator] [5dbb7c44] 	at io.netty.channel.AbstractChannelHandlerContext.fireChannelRead(AbstractChannelHandlerContext.java:412)
2025-01-29 17:03:10,821 INFO c.h.h.t.HelmChartContainer - [hivemq-test-hivemq-platform] [hivemq-platform-operator] [5dbb7c44] 	at io.netty.channel.DefaultChannelPipeline$HeadContext.channelRead(DefaultChannelPipeline.java:1407)
2025-01-29 17:03:10,821 INFO c.h.h.t.HelmChartContainer - [hivemq-test-hivemq-platform] [hivemq-platform-operator] [5dbb7c44] 	at io.netty.channel.AbstractChannelHandlerContext.invokeChannelRead(AbstractChannelHandlerContext.java:440)
2025-01-29 17:03:10,821 INFO c.h.h.t.HelmChartContainer - [hivemq-test-hivemq-platform] [hivemq-platform-operator] [5dbb7c44] 	at io.netty.channel.AbstractChannelHandlerContext.invokeChannelRead(AbstractChannelHandlerContext.java:420)
2025-01-29 17:03:10,821 INFO c.h.h.t.HelmChartContainer - [hivemq-test-hivemq-platform] [hivemq-platform-operator] [5dbb7c44] 	at io.netty.channel.DefaultChannelPipeline.fireChannelRead(DefaultChannelPipeline.java:918)
2025-01-29 17:03:10,821 INFO c.h.h.t.HelmChartContainer - [hivemq-test-hivemq-platform] [hivemq-platform-operator] [5dbb7c44] 	at io.netty.channel.nio.AbstractNioByteChannel$NioByteUnsafe.read(AbstractNioByteChannel.java:166)
2025-01-29 17:03:10,821 INFO c.h.h.t.HelmChartContainer - [hivemq-test-hivemq-platform] [hivemq-platform-operator] [5dbb7c44] 	at io.netty.channel.nio.NioEventLoop.processSelectedKey(NioEventLoop.java:788)
2025-01-29 17:03:10,821 INFO c.h.h.t.HelmChartContainer - [hivemq-test-hivemq-platform] [hivemq-platform-operator] [5dbb7c44] 	at io.netty.channel.nio.NioEventLoop.processSelectedKeysOptimized(NioEventLoop.java:724)
2025-01-29 17:03:10,821 INFO c.h.h.t.HelmChartContainer - [hivemq-test-hivemq-platform] [hivemq-platform-operator] [5dbb7c44] 	at io.netty.channel.nio.NioEventLoop.processSelectedKeys(NioEventLoop.java:650)
2025-01-29 17:03:10,821 INFO c.h.h.t.HelmChartContainer - [hivemq-test-hivemq-platform] [hivemq-platform-operator] [5dbb7c44] 	at io.netty.channel.nio.NioEventLoop.run(NioEventLoop.java:562)
2025-01-29 17:03:10,821 INFO c.h.h.t.HelmChartContainer - [hivemq-test-hivemq-platform] [hivemq-platform-operator] [5dbb7c44] 	at io.netty.util.concurrent.SingleThreadEventExecutor$4.run(SingleThreadEventExecutor.java:997)
2025-01-29 17:03:10,821 INFO c.h.h.t.HelmChartContainer - [hivemq-test-hivemq-platform] [hivemq-platform-operator] [5dbb7c44] 	at io.netty.util.internal.ThreadExecutorMap$2.run(ThreadExecutorMap.java:74)
2025-01-29 17:03:10,821 INFO c.h.h.t.HelmChartContainer - [hivemq-test-hivemq-platform] [hivemq-platform-operator] [5dbb7c44] 	at io.netty.util.concurrent.FastThreadLocalRunnable.run(FastThreadLocalRunnable.java:30)
2025-01-29 17:03:10,821 INFO c.h.h.t.HelmChartContainer - [hivemq-test-hivemq-platform] [hivemq-platform-operator] [5dbb7c44] 	... 1 common frames omitted
2025-01-29 17:03:10,821 INFO c.h.h.t.HelmChartContainer - [hivemq-test-hivemq-platform] [hivemq-platform-operator] [5dbb7c44] 17:03:10.814 [ReconcilerExecutor-hivemq-controller-118] INFO  c.h.p.o.HiveMQPlatformReconciler - [helmcust] Cleanup test-hivemq-platform - helmcustomextensionit HiveMQ Platform is shut down
2025-01-29 17:03:11,452 INFO c.h.h.t.HelmChartContainer - [POD] test-hivemq-platform-0 [33c9d9f4-b76b-4414-bb62-8d451871aacc] in helmcustomextensionit was MODIFIED
2025-01-29 17:03:11,458 INFO c.h.h.t.HelmChartContainer - [EVENT] Normal [Killing] Stopping container hivemq [helmcustomextensionit:test-hivemq-platform-0]
2025-01-29 17:03:11,458 INFO c.h.h.t.HelmChartContainer - Received Killing event for container hivemq in pod test-hivemq-platform-0 [33c9d9f4-b76b-4414-bb62-8d451871aacc]
2025-01-29 17:03:11,458 INFO c.h.h.t.HelmChartContainer - Container [test-hivemq-platform-0] [hivemq] [33c9d9f4-b76b-4414-bb62-8d451871aacc] was terminated
2025-01-29 17:03:11,459 INFO c.h.h.t.HelmChartContainer - Stopped log watcher for hivemq in pod test-hivemq-platform-0 [33c9d9f4-b76b-4414-bb62-8d451871aacc]
2025-01-29 17:03:11,462 INFO c.h.h.t.HelmChartContainer - [test-hivemq-platform] [hivemq] [33c9d9f4] INFO  - [HiveMQ Platform Operator Init App 1.7.0-SNAPSHOT] Shutting down
2025-01-29 17:03:11,462 INFO c.h.h.t.HelmChartContainer - [test-hivemq-platform] [hivemq] [33c9d9f4] INFO  - [HiveMQ Platform Operator Init App 1.7.0-SNAPSHOT] Stopping the HiveMQ Platform
2025-01-29 17:03:11,552 INFO c.h.h.t.HelmChartContainer - [test-hivemq-platform] [hivemq] [33c9d9f4] INFO  - Shutting down HiveMQ. Please wait, this could take a while...
2025-01-29 17:03:11,555 INFO c.h.h.t.HelmChartContainer - [test-hivemq-platform] [hivemq] [33c9d9f4] INFO  - Shutting down listeners and clients
2025-01-29 17:03:11,557 INFO c.h.h.t.HelmChartContainer - [test-hivemq-platform] [hivemq] [33c9d9f4] INFO  - Shutdown of listeners is done
2025-01-29 17:03:11,558 INFO c.h.h.t.HelmChartContainer - [test-hivemq-platform] [hivemq] [33c9d9f4] INFO  - No clients are connected, proceeding with shutdown
2025-01-29 17:03:12,565 INFO c.h.h.t.HelmChartContainer - Deleting namespace 'helmcustomextensionit'...
2025-01-29 17:03:13,045 INFO c.h.h.t.HelmChartContainer - [test-hivemq-platform] [hivemq] [33c9d9f4] INFO  - [HiveMQ Platform Operator Init App 1.7.0-SNAPSHOT] Returning shutdown Health API response 503 for readiness
2025-01-29 17:03:13,049 INFO c.h.h.t.HelmChartContainer - [EVENT] Warning [Unhealthy] Readiness probe failed: HTTP probe failed with statuscode: 503 [helmcustomextensionit:test-hivemq-platform-0]
2025-01-29 17:03:13,049 INFO c.h.h.t.HelmChartContainer - Received Unhealthy event for container hivemq in pod test-hivemq-platform-0 [33c9d9f4-b76b-4414-bb62-8d451871aacc]
2025-01-29 17:03:13,516 INFO c.h.h.t.HelmChartContainer - [K3S] [authentication.go:74] "Unable to authenticate the request" err="[invalid bearer token, serviceaccounts \"hivemq-platform-pod-test-hivemq-platform\" not found]"
2025-01-29 17:03:13,536 INFO c.h.h.t.HelmChartContainer - [K3S] [authentication.go:74] "Unable to authenticate the request" err="[invalid bearer token, serviceaccounts \"hivemq-platform-pod-test-hivemq-platform\" not found]"
2025-01-29 17:03:13,613 INFO c.h.h.t.HelmChartContainer - [test-hivemq-platform] [hivemq] [33c9d9f4] WARN  - [HiveMQ Platform Operator Init App 1.7.0-SNAPSHOT] Could not update Pod annotations: Failure executing: GET at: https://10.43.0.1:443/api/v1/namespaces/helmcustomextensionit/pods/test-hivemq-platform-0. Message: Unauthorized. Received status: Status(apiVersion=v1, code=401, details=null, kind=Status, message=Unauthorized, metadata=ListMeta(_continue=null, remainingItemCount=null, resourceVersion=null, selfLink=null, additionalProperties={}), reason=Unauthorized, status=Failure, additionalProperties={}).
2025-01-29 17:03:14,017 INFO c.h.h.t.HelmChartContainer - [test-hivemq-platform] [hivemq] [33c9d9f4] INFO  - Shutting down extension system
2025-01-29 17:03:14,025 INFO c.h.h.t.HelmChartContainer - [test-hivemq-platform] [hivemq] [33c9d9f4] INFO  - Stopping extension with id hivemq-dns-cluster-discovery
2025-01-29 17:03:14,026 INFO c.h.h.t.HelmChartContainer - [test-hivemq-platform] [hivemq] [33c9d9f4] INFO  - Extension "DNS Cluster Discovery Extension" version 4.3.2 stopped successfully.
2025-01-29 17:03:14,027 INFO c.h.h.t.HelmChartContainer - [test-hivemq-platform] [hivemq] [33c9d9f4] INFO  - Stopping extension with id hivemq-custom-test-extension
2025-01-29 17:03:14,027 INFO c.h.h.t.HelmChartContainer - [test-hivemq-platform] [hivemq] [33c9d9f4] INFO  - HiveMQ Custom Test Extension stopped
2025-01-29 17:03:14,027 INFO c.h.h.t.HelmChartContainer - [test-hivemq-platform] [hivemq] [33c9d9f4] INFO  - Extension "HiveMQ Custom Test Extension" version 2.0.0 stopped successfully.
2025-01-29 17:03:14,027 INFO c.h.h.t.HelmChartContainer - [test-hivemq-platform] [hivemq] [33c9d9f4] INFO  - Stopping extension with id hivemq-prometheus-extension
2025-01-29 17:03:14,032 INFO c.h.h.t.HelmChartContainer - [test-hivemq-platform] [hivemq] [33c9d9f4] INFO  - Extension "Prometheus Monitoring Extension" version 4.0.12 stopped successfully.
2025-01-29 17:03:14,032 INFO c.h.h.t.HelmChartContainer - [test-hivemq-platform] [hivemq] [33c9d9f4] INFO  - Stopping extension with id hivemq-allow-all-extension
2025-01-29 17:03:14,032 INFO c.h.h.t.HelmChartContainer - [test-hivemq-platform] [hivemq] [33c9d9f4] INFO  - Extension "Allow All Extension" version 1.1.1 stopped successfully.
2025-01-29 17:03:16,344 INFO c.h.h.t.HelmChartContainer - [test-hivemq-platform] [hivemq] [33c9d9f4] INFO  - Shutdown completed.
2025-01-29 17:03:16,693 INFO c.h.h.t.HelmChartContainer - [test-hivemq-platform] [hivemq] [33c9d9f4] INFO  - [HiveMQ Platform Operator Init App 1.7.0-SNAPSHOT] The HiveMQ Platform exited with code 143
2025-01-29 17:03:16,693 INFO c.h.h.t.HelmChartContainer - [test-hivemq-platform] [hivemq] [33c9d9f4] INFO  - [HiveMQ Platform Operator Init App 1.7.0-SNAPSHOT] Stopping the REST API
2025-01-29 17:03:16,697 INFO c.h.h.t.HelmChartContainer - [test-hivemq-platform] [hivemq] [33c9d9f4] INFO  - [HiveMQ Platform Operator Init App 1.7.0-SNAPSHOT] Shutdown complete
2025-01-29 17:03:17,143 INFO c.h.h.t.HelmChartContainer - [POD] test-hivemq-platform-0 [33c9d9f4-b76b-4414-bb62-8d451871aacc] in helmcustomextensionit was MODIFIED
2025-01-29 17:03:17,143 INFO c.h.h.t.HelmChartContainer - [K3S] [stateful_set.go:438] "Unhandled Error" err="error syncing StatefulSet helmcustomextensionit/test-hivemq-platform, requeuing: controllerrevisions.apps \"test-hivemq-platform-58d745f97c\" is forbidden: unable to create new content in namespace helmcustomextensionit because it is being terminated"
2025-01-29 17:03:17,151 INFO c.h.h.t.HelmChartContainer - [K3S] [stateful_set.go:438] "Unhandled Error" err="error syncing StatefulSet helmcustomextensionit/test-hivemq-platform, requeuing: controllerrevisions.apps \"test-hivemq-platform-58d745f97c\" is forbidden: unable to create new content in namespace helmcustomextensionit because it is being terminated"
2025-01-29 17:03:17,164 INFO c.h.h.t.HelmChartContainer - [K3S] [stateful_set.go:438] "Unhandled Error" err="error syncing StatefulSet helmcustomextensionit/test-hivemq-platform, requeuing: controllerrevisions.apps \"test-hivemq-platform-58d745f97c\" is forbidden: unable to create new content in namespace helmcustomextensionit because it is being terminated"
2025-01-29 17:03:17,188 INFO c.h.h.t.HelmChartContainer - [K3S] [stateful_set.go:438] "Unhandled Error" err="error syncing StatefulSet helmcustomextensionit/test-hivemq-platform, requeuing: controllerrevisions.apps \"test-hivemq-platform-58d745f97c\" is forbidden: unable to create new content in namespace helmcustomextensionit because it is being terminated"
2025-01-29 17:03:17,231 INFO c.h.h.t.HelmChartContainer - [K3S] [stateful_set.go:438] "Unhandled Error" err="error syncing StatefulSet helmcustomextensionit/test-hivemq-platform, requeuing: controllerrevisions.apps \"test-hivemq-platform-58d745f97c\" is forbidden: unable to create new content in namespace helmcustomextensionit because it is being terminated"
2025-01-29 17:03:17,273 INFO c.h.h.t.HelmChartContainer - [K3S] [reconciler_common.go:162] "operationExecutor.UnmountVolume started for volume \"kube-api-access-s89jm\" (UniqueName: \"kubernetes.io/projected/33c9d9f4-b76b-4414-bb62-8d451871aacc-kube-api-access-s89jm\") pod \"33c9d9f4-b76b-4414-bb62-8d451871aacc\" (UID: \"33c9d9f4-b76b-4414-bb62-8d451871aacc\") "
2025-01-29 17:03:17,273 INFO c.h.h.t.HelmChartContainer - [K3S] [reconciler_common.go:162] "operationExecutor.UnmountVolume started for volume \"extension-request-header-custom-extension-auth-secret\" (UniqueName: \"kubernetes.io/secret/33c9d9f4-b76b-4414-bb62-8d451871aacc-extension-request-header-custom-extension-auth-secret\") pod \"33c9d9f4-b76b-4414-bb62-8d451871aacc\" (UID: \"33c9d9f4-b76b-4414-bb62-8d451871aacc\") "
2025-01-29 17:03:17,273 INFO c.h.h.t.HelmChartContainer - [K3S] [reconciler_common.go:162] "operationExecutor.UnmountVolume started for volume \"broker-configuration\" (UniqueName: \"kubernetes.io/configmap/33c9d9f4-b76b-4414-bb62-8d451871aacc-broker-configuration\") pod \"33c9d9f4-b76b-4414-bb62-8d451871aacc\" (UID: \"33c9d9f4-b76b-4414-bb62-8d451871aacc\") "
2025-01-29 17:03:17,273 INFO c.h.h.t.HelmChartContainer - [K3S] [reconciler_common.go:162] "operationExecutor.UnmountVolume started for volume \"operator-init\" (UniqueName: \"kubernetes.io/empty-dir/33c9d9f4-b76b-4414-bb62-8d451871aacc-operator-init\") pod \"33c9d9f4-b76b-4414-bb62-8d451871aacc\" (UID: \"33c9d9f4-b76b-4414-bb62-8d451871aacc\") "
2025-01-29 17:03:17,273 INFO c.h.h.t.HelmChartContainer - [K3S] [reconciler_common.go:162] "operationExecutor.UnmountVolume started for volume \"pod-info\" (UniqueName: \"kubernetes.io/configmap/33c9d9f4-b76b-4414-bb62-8d451871aacc-pod-info\") pod \"33c9d9f4-b76b-4414-bb62-8d451871aacc\" (UID: \"33c9d9f4-b76b-4414-bb62-8d451871aacc\") "
2025-01-29 17:03:17,314 INFO c.h.h.t.HelmChartContainer - [K3S] [stateful_set.go:438] "Unhandled Error" err="error syncing StatefulSet helmcustomextensionit/test-hivemq-platform, requeuing: controllerrevisions.apps \"test-hivemq-platform-58d745f97c\" is forbidden: unable to create new content in namespace helmcustomextensionit because it is being terminated"
2025-01-29 17:03:17,373 INFO c.h.h.t.HelmChartContainer - [K3S] [reconciler_common.go:299] "Volume detached for volume \"extension-request-header-custom-extension-auth-secret\" (UniqueName: \"kubernetes.io/secret/33c9d9f4-b76b-4414-bb62-8d451871aacc-extension-request-header-custom-extension-auth-secret\") on node \"cbc6d6ca7a03\" DevicePath \"\""
2025-01-29 17:03:17,373 INFO c.h.h.t.HelmChartContainer - [K3S] [reconciler_common.go:299] "Volume detached for volume \"kube-api-access-s89jm\" (UniqueName: \"kubernetes.io/projected/33c9d9f4-b76b-4414-bb62-8d451871aacc-kube-api-access-s89jm\") on node \"cbc6d6ca7a03\" DevicePath \"\""
2025-01-29 17:03:17,373 INFO c.h.h.t.HelmChartContainer - [K3S] [reconciler_common.go:299] "Volume detached for volume \"operator-init\" (UniqueName: \"kubernetes.io/empty-dir/33c9d9f4-b76b-4414-bb62-8d451871aacc-operator-init\") on node \"cbc6d6ca7a03\" DevicePath \"\""
2025-01-29 17:03:17,373 INFO c.h.h.t.HelmChartContainer - [K3S] [reconciler_common.go:299] "Volume detached for volume \"broker-configuration\" (UniqueName: \"kubernetes.io/configmap/33c9d9f4-b76b-4414-bb62-8d451871aacc-broker-configuration\") on node \"cbc6d6ca7a03\" DevicePath \"\""
2025-01-29 17:03:17,373 INFO c.h.h.t.HelmChartContainer - [K3S] [reconciler_common.go:299] "Volume detached for volume \"pod-info\" (UniqueName: \"kubernetes.io/configmap/33c9d9f4-b76b-4414-bb62-8d451871aacc-pod-info\") on node \"cbc6d6ca7a03\" DevicePath \"\""
2025-01-29 17:03:17,456 INFO c.h.h.t.HelmChartContainer - [K3S] [scope.go:117] "RemoveContainer" containerID="96004b784c6358e8211132b06f76004438c97c5577ba249a9ea441e0cbd90fb1"
2025-01-29 17:03:17,471 INFO c.h.h.t.HelmChartContainer - [K3S] [stateful_set.go:438] "Unhandled Error" err="error syncing StatefulSet helmcustomextensionit/test-hivemq-platform, requeuing: controllerrevisions.apps \"test-hivemq-platform-58d745f97c\" is forbidden: unable to create new content in namespace helmcustomextensionit because it is being terminated"
2025-01-29 17:03:17,472 INFO c.h.h.t.HelmChartContainer - [POD] test-hivemq-platform-0 [33c9d9f4-b76b-4414-bb62-8d451871aacc] in helmcustomextensionit was MODIFIED
2025-01-29 17:03:17,477 INFO c.h.h.t.HelmChartContainer - [K3S] [stateful_set.go:438] "Unhandled Error" err="error syncing StatefulSet helmcustomextensionit/test-hivemq-platform, requeuing: controllerrevisions.apps \"test-hivemq-platform-58d745f97c\" is forbidden: unable to create new content in namespace helmcustomextensionit because it is being terminated"
2025-01-29 17:03:17,482 INFO c.h.h.t.HelmChartContainer - [POD] test-hivemq-platform-0 [33c9d9f4-b76b-4414-bb62-8d451871aacc] in helmcustomextensionit was DELETED
2025-01-29 17:03:17,485 INFO c.h.h.t.HelmChartContainer - [K3S] [stateful_set.go:438] "Unhandled Error" err="error syncing StatefulSet helmcustomextensionit/test-hivemq-platform, requeuing: controllerrevisions.apps \"test-hivemq-platform-58d745f97c\" is forbidden: unable to create new content in namespace helmcustomextensionit because it is being terminated"
2025-01-29 17:03:17,493 INFO c.h.h.t.HelmChartContainer - [K3S] [stateful_set.go:466] "StatefulSet has been deleted" key="helmcustomextensionit/test-hivemq-platform"
2025-01-29 17:03:17,565 INFO c.h.h.t.HelmChartContainer - [K3S] [scope.go:117] "RemoveContainer" containerID="cc3fc75e2311ff396c9856736b41ad22fe6e6513161e6cbbe05cdddbeed072e8"
2025-01-29 17:03:17,568 INFO c.h.h.t.HelmChartContainer - [K3S] [scope.go:117] "RemoveContainer" containerID="96004b784c6358e8211132b06f76004438c97c5577ba249a9ea441e0cbd90fb1"
2025-01-29 17:03:17,568 INFO c.h.h.t.HelmChartContainer - [K3S] [scope.go:117] "RemoveContainer" containerID="cc3fc75e2311ff396c9856736b41ad22fe6e6513161e6cbbe05cdddbeed072e8"
2025-01-29 17:03:17,792 INFO c.h.h.t.HelmChartContainer - [POD] nginx-6bdc5bfc96-z68hn [74f9cd08-a911-4d6a-8350-6be8dd5c1eb2] in helmcustomextensionit was MODIFIED
2025-01-29 17:03:17,798 INFO c.h.h.t.HelmChartContainer - [K3S] [replica_set.go:679] "Finished syncing" kind="ReplicaSet" key="helmcustomextensionit/nginx-6bdc5bfc96" duration="9.070388ms"
2025-01-29 17:03:17,798 INFO c.h.h.t.HelmChartContainer - [K3S] [replica_set.go:560] "Unhandled Error" err="sync \"helmcustomextensionit/nginx-6bdc5bfc96\" failed with replicasets.apps \"nginx-6bdc5bfc96\" not found"
2025-01-29 17:03:17,799 INFO c.h.h.t.HelmChartContainer - [K3S] [replica_set.go:679] "Finished syncing" kind="ReplicaSet" key="helmcustomextensionit/nginx-6bdc5bfc96" duration="7.163µs"
2025-01-29 17:03:17,805 INFO c.h.h.t.HelmChartContainer - [K3S] [replica_set.go:679] "Finished syncing" kind="ReplicaSet" key="helmcustomextensionit/nginx-6bdc5bfc96" duration="113.853µs"
2025-01-29 17:03:17,806 INFO c.h.h.t.HelmChartContainer - [nginx-6bdc5bfc96-z68] [nginx] [74f9cd08] 2025/01/29 17:03:17 [notice] 1#1: signal 3 (SIGQUIT) received, shutting down
2025-01-29 17:03:17,806 INFO c.h.h.t.HelmChartContainer - [nginx-6bdc5bfc96-z68] [nginx] [74f9cd08] 2025/01/29 17:03:17 [notice] 22#22: gracefully shutting down
2025-01-29 17:03:17,806 INFO c.h.h.t.HelmChartContainer - [nginx-6bdc5bfc96-z68] [nginx] [74f9cd08] 2025/01/29 17:03:17 [notice] 22#22: exiting
2025-01-29 17:03:17,806 INFO c.h.h.t.HelmChartContainer - [nginx-6bdc5bfc96-z68] [nginx] [74f9cd08] 2025/01/29 17:03:17 [notice] 23#23: gracefully shutting down
2025-01-29 17:03:17,806 INFO c.h.h.t.HelmChartContainer - [nginx-6bdc5bfc96-z68] [nginx] [74f9cd08] 2025/01/29 17:03:17 [notice] 23#23: exiting
2025-01-29 17:03:17,806 INFO c.h.h.t.HelmChartContainer - [nginx-6bdc5bfc96-z68] [nginx] [74f9cd08] 2025/01/29 17:03:17 [notice] 22#22: exit
2025-01-29 17:03:17,806 INFO c.h.h.t.HelmChartContainer - [nginx-6bdc5bfc96-z68] [nginx] [74f9cd08] 2025/01/29 17:03:17 [notice] 25#25: gracefully shutting down
2025-01-29 17:03:17,807 INFO c.h.h.t.HelmChartContainer - [nginx-6bdc5bfc96-z68] [nginx] [74f9cd08] 2025/01/29 17:03:17 [notice] 25#25: exiting
2025-01-29 17:03:17,807 INFO c.h.h.t.HelmChartContainer - [nginx-6bdc5bfc96-z68] [nginx] [74f9cd08] 2025/01/29 17:03:17 [notice] 23#23: exit
2025-01-29 17:03:17,807 INFO c.h.h.t.HelmChartContainer - [nginx-6bdc5bfc96-z68] [nginx] [74f9cd08] 2025/01/29 17:03:17 [notice] 25#25: exit
2025-01-29 17:03:17,807 INFO c.h.h.t.HelmChartContainer - [nginx-6bdc5bfc96-z68] [nginx] [74f9cd08] 2025/01/29 17:03:17 [notice] 24#24: gracefully shutting down
2025-01-29 17:03:17,807 INFO c.h.h.t.HelmChartContainer - [nginx-6bdc5bfc96-z68] [nginx] [74f9cd08] 2025/01/29 17:03:17 [notice] 24#24: exiting
2025-01-29 17:03:17,807 INFO c.h.h.t.HelmChartContainer - [nginx-6bdc5bfc96-z68] [nginx] [74f9cd08] 2025/01/29 17:03:17 [notice] 24#24: exit
2025-01-29 17:03:17,817 INFO c.h.h.t.HelmChartContainer - [nginx-6bdc5bfc96-z68] [nginx] [74f9cd08] 2025/01/29 17:03:17 [notice] 1#1: signal 17 (SIGCHLD) received from 24
2025-01-29 17:03:17,817 INFO c.h.h.t.HelmChartContainer - [nginx-6bdc5bfc96-z68] [nginx] [74f9cd08] 2025/01/29 17:03:17 [notice] 1#1: worker process 23 exited with code 0
2025-01-29 17:03:17,817 INFO c.h.h.t.HelmChartContainer - [nginx-6bdc5bfc96-z68] [nginx] [74f9cd08] 2025/01/29 17:03:17 [notice] 1#1: worker process 24 exited with code 0
2025-01-29 17:03:17,817 INFO c.h.h.t.HelmChartContainer - [nginx-6bdc5bfc96-z68] [nginx] [74f9cd08] 2025/01/29 17:03:17 [notice] 1#1: signal 29 (SIGIO) received
2025-01-29 17:03:17,817 INFO c.h.h.t.HelmChartContainer - [nginx-6bdc5bfc96-z68] [nginx] [74f9cd08] 2025/01/29 17:03:17 [notice] 1#1: signal 17 (SIGCHLD) received from 25
2025-01-29 17:03:17,817 INFO c.h.h.t.HelmChartContainer - [nginx-6bdc5bfc96-z68] [nginx] [74f9cd08] 2025/01/29 17:03:17 [notice] 1#1: worker process 25 exited with code 0
2025-01-29 17:03:17,817 INFO c.h.h.t.HelmChartContainer - [nginx-6bdc5bfc96-z68] [nginx] [74f9cd08] 2025/01/29 17:03:17 [notice] 1#1: signal 29 (SIGIO) received
2025-01-29 17:03:17,818 INFO c.h.h.t.HelmChartContainer - [nginx-6bdc5bfc96-z68] [nginx] [74f9cd08] 2025/01/29 17:03:17 [notice] 1#1: signal 17 (SIGCHLD) received from 22
2025-01-29 17:03:17,819 INFO c.h.h.t.HelmChartContainer - [nginx-6bdc5bfc96-z68] [nginx] [74f9cd08] 2025/01/29 17:03:17 [notice] 1#1: worker process 22 exited with code 0
2025-01-29 17:03:17,819 INFO c.h.h.t.HelmChartContainer - [nginx-6bdc5bfc96-z68] [nginx] [74f9cd08] 2025/01/29 17:03:17 [notice] 1#1: exit
2025-01-29 17:03:17,933 INFO c.h.h.t.HelmChartContainer - [POD] nginx-6bdc5bfc96-z68hn [74f9cd08-a911-4d6a-8350-6be8dd5c1eb2] in helmcustomextensionit was MODIFIED
2025-01-29 17:03:18,087 INFO c.h.h.t.HelmChartContainer - [K3S] [reconciler_common.go:162] "operationExecutor.UnmountVolume started for volume \"volume-hivemq-custom-test-extension-200\" (UniqueName: \"kubernetes.io/host-path/74f9cd08-a911-4d6a-8350-6be8dd5c1eb2-volume-hivemq-custom-test-extension-200\") pod \"74f9cd08-a911-4d6a-8350-6be8dd5c1eb2\" (UID: \"74f9cd08-a911-4d6a-8350-6be8dd5c1eb2\") "
2025-01-29 17:03:18,087 INFO c.h.h.t.HelmChartContainer - [K3S] [reconciler_common.go:162] "operationExecutor.UnmountVolume started for volume \"kube-api-access-xslgk\" (UniqueName: \"kubernetes.io/projected/74f9cd08-a911-4d6a-8350-6be8dd5c1eb2-kube-api-access-xslgk\") pod \"74f9cd08-a911-4d6a-8350-6be8dd5c1eb2\" (UID: \"74f9cd08-a911-4d6a-8350-6be8dd5c1eb2\") "
2025-01-29 17:03:18,087 INFO c.h.h.t.HelmChartContainer - [K3S] [reconciler_common.go:162] "operationExecutor.UnmountVolume started for volume \"nginx-htpasswd\" (UniqueName: \"kubernetes.io/host-path/74f9cd08-a911-4d6a-8350-6be8dd5c1eb2-nginx-htpasswd\") pod \"74f9cd08-a911-4d6a-8350-6be8dd5c1eb2\" (UID: \"74f9cd08-a911-4d6a-8350-6be8dd5c1eb2\") "
2025-01-29 17:03:18,087 INFO c.h.h.t.HelmChartContainer - [K3S] [reconciler_common.go:162] "operationExecutor.UnmountVolume started for volume \"nginx-basic-auth-conf\" (UniqueName: \"kubernetes.io/host-path/74f9cd08-a911-4d6a-8350-6be8dd5c1eb2-nginx-basic-auth-conf\") pod \"74f9cd08-a911-4d6a-8350-6be8dd5c1eb2\" (UID: \"74f9cd08-a911-4d6a-8350-6be8dd5c1eb2\") "
2025-01-29 17:03:18,124 INFO c.h.h.t.HelmChartContainer - [K3S] [stateful_set.go:466] "StatefulSet has been deleted" key="helmcustomextensionit/test-hivemq-platform"
2025-01-29 17:03:18,187 INFO c.h.h.t.HelmChartContainer - [K3S] [reconciler_common.go:299] "Volume detached for volume \"nginx-htpasswd\" (UniqueName: \"kubernetes.io/host-path/74f9cd08-a911-4d6a-8350-6be8dd5c1eb2-nginx-htpasswd\") on node \"cbc6d6ca7a03\" DevicePath \"\""
2025-01-29 17:03:18,187 INFO c.h.h.t.HelmChartContainer - [K3S] [reconciler_common.go:299] "Volume detached for volume \"nginx-basic-auth-conf\" (UniqueName: \"kubernetes.io/host-path/74f9cd08-a911-4d6a-8350-6be8dd5c1eb2-nginx-basic-auth-conf\") on node \"cbc6d6ca7a03\" DevicePath \"\""
2025-01-29 17:03:18,188 INFO c.h.h.t.HelmChartContainer - [K3S] [reconciler_common.go:299] "Volume detached for volume \"volume-hivemq-custom-test-extension-200\" (UniqueName: \"kubernetes.io/host-path/74f9cd08-a911-4d6a-8350-6be8dd5c1eb2-volume-hivemq-custom-test-extension-200\") on node \"cbc6d6ca7a03\" DevicePath \"\""
2025-01-29 17:03:18,188 INFO c.h.h.t.HelmChartContainer - [K3S] [reconciler_common.go:299] "Volume detached for volume \"kube-api-access-xslgk\" (UniqueName: \"kubernetes.io/projected/74f9cd08-a911-4d6a-8350-6be8dd5c1eb2-kube-api-access-xslgk\") on node \"cbc6d6ca7a03\" DevicePath \"\""
2025-01-29 17:03:18,459 INFO c.h.h.t.HelmChartContainer - [K3S] [scope.go:117] "RemoveContainer" containerID="31f26243528e7079a8c6c0ece145d9a916d6005742ee20153852123451c15d02"
2025-01-29 17:03:18,462 INFO c.h.h.t.HelmChartContainer - [K3S] [scope.go:117] "RemoveContainer" containerID="31f26243528e7079a8c6c0ece145d9a916d6005742ee20153852123451c15d02"
2025-01-29 17:03:18,466 INFO c.h.h.t.HelmChartContainer - Stopped log watcher for nginx in pod nginx-6bdc5bfc96-z68hn [74f9cd08-a911-4d6a-8350-6be8dd5c1eb2]
2025-01-29 17:03:18,470 INFO c.h.h.t.HelmChartContainer - [POD] nginx-6bdc5bfc96-z68hn [74f9cd08-a911-4d6a-8350-6be8dd5c1eb2] in helmcustomextensionit was MODIFIED
2025-01-29 17:03:18,473 INFO c.h.h.t.HelmChartContainer - [POD] nginx-6bdc5bfc96-z68hn [74f9cd08-a911-4d6a-8350-6be8dd5c1eb2] in helmcustomextensionit was DELETED
2025-01-29 17:03:19,271 INFO c.h.h.t.HelmChartContainer - [K3S] [kubelet_volumes.go:163] "Cleaned up orphaned pod volumes dir" podUID="33c9d9f4-b76b-4414-bb62-8d451871aacc" path="/var/lib/kubelet/pods/33c9d9f4-b76b-4414-bb62-8d451871aacc/volumes"
2025-01-29 17:03:19,272 INFO c.h.h.t.HelmChartContainer - [K3S] [kubelet_volumes.go:163] "Cleaned up orphaned pod volumes dir" podUID="74f9cd08-a911-4d6a-8350-6be8dd5c1eb2" path="/var/lib/kubelet/pods/74f9cd08-a911-4d6a-8350-6be8dd5c1eb2/volumes"
2025-01-29 17:03:23,016 INFO c.h.h.t.HelmChartContainer - Namespace 'helmcustomextensionit' deleted
2025-01-29 17:03:23,016 INFO c.h.h.t.HelmChartContainer - Release 'test-hivemq-platform' in namespace 'helmcustomextensionit' is uninstalled
2025-01-29 17:03:23,016 INFO c.h.h.t.HelmChartContainer - Uninstalling release 'test-hivemq-platform-operator' in namespace 'helmcustomextensionit-operator'...
2025-01-29 17:03:23,016 DEBUG c.h.h.t.HelmChartContainer - Executing helm command: /bin/helm --kubeconfig /etc/rancher/k3s/k3s.yaml uninstall test-hivemq-platform-operator  --wait --timeout 5m0s --cascade foreground --namespace helmcustomextensionit-operator
2025-01-29 17:03:23,181 INFO c.h.h.t.HelmChartContainer - [K3S] [replica_set.go:679] "Finished syncing" kind="ReplicaSet" key="helmcustomextensionit-operator/hivemq-test-hivemq-platform-operator-6966f96d65" duration="10.842289ms"
2025-01-29 17:03:23,181 INFO c.h.h.t.HelmChartContainer - [K3S] [replica_set.go:679] "Finished syncing" kind="ReplicaSet" key="helmcustomextensionit-operator/hivemq-test-hivemq-platform-operator-6966f96d65" duration="34.064µs"
2025-01-29 17:03:23,211 INFO c.h.h.t.HelmChartContainer - [POD] hivemq-test-hivemq-platform-operator-6966f96d65-895kf [5dbb7c44-0850-4292-9c12-c13d84f88652] in helmcustomextensionit-operator was MODIFIED
2025-01-29 17:03:23,226 INFO c.h.h.t.HelmChartContainer - [EVENT] Normal [Killing] Stopping container hivemq-platform-operator [helmcustomextensionit-operator:hivemq-test-hivemq-platform-operator-6966f96d65-895kf]
2025-01-29 17:03:23,226 INFO c.h.h.t.HelmChartContainer - Received Killing event for container hivemq-platform-operator in pod hivemq-test-hivemq-platform-operator-6966f96d65-895kf [5dbb7c44-0850-4292-9c12-c13d84f88652]
2025-01-29 17:03:23,226 INFO c.h.h.t.HelmChartContainer - Container [hivemq-test-hivemq-platform-operator-6966f96d65-895kf] [hivemq-platform-operator] [5dbb7c44-0850-4292-9c12-c13d84f88652] was terminated
2025-01-29 17:03:23,226 INFO c.h.h.t.HelmChartContainer - Stopped log watcher for hivemq-platform-operator in pod hivemq-test-hivemq-platform-operator-6966f96d65-895kf [5dbb7c44-0850-4292-9c12-c13d84f88652]
2025-01-29 17:03:23,227 INFO c.h.h.t.HelmChartContainer - [hivemq-test-hivemq-platform] [hivemq-platform-operator] [5dbb7c44] 17:03:23.218 [application-shutdown-thread] INFO  c.h.p.o.HiveMQPlatformOperatorApplication - HiveMQ Platform Operator is stopping...
2025-01-29 17:03:23,227 INFO c.h.h.t.HelmChartContainer - [hivemq-test-hivemq-platform] [hivemq-platform-operator] [5dbb7c44] 17:03:23.218 [application-shutdown-thread] INFO  i.javaoperatorsdk.operator.Operator - Operator SDK 4.9.7 is shutting down...
2025-01-29 17:03:23,227 INFO c.h.h.t.HelmChartContainer - [K3S] [replica_set.go:679] "Finished syncing" kind="ReplicaSet" key="helmcustomextensionit-operator/hivemq-test-hivemq-platform-operator-6966f96d65" duration="18.135338ms"
2025-01-29 17:03:23,227 INFO c.h.h.t.HelmChartContainer - [K3S] [replica_set.go:679] "Finished syncing" kind="ReplicaSet" key="helmcustomextensionit-operator/hivemq-test-hivemq-platform-operator-6966f96d65" duration="27.051µs"
2025-01-29 17:03:23,846 INFO c.h.h.t.HelmChartContainer - [K3S] [replica_set.go:679] "Finished syncing" kind="ReplicaSet" key="helmcustomextensionit-operator/hivemq-test-hivemq-platform-operator-6966f96d65" duration="35.165µs"
2025-01-29 17:03:23,847 INFO c.h.h.t.HelmChartContainer - [POD] hivemq-test-hivemq-platform-operator-6966f96d65-895kf [5dbb7c44-0850-4292-9c12-c13d84f88652] in helmcustomextensionit-operator was MODIFIED
2025-01-29 17:03:24,021 INFO c.h.h.t.HelmChartContainer - [K3S] [reconciler_common.go:162] "operationExecutor.UnmountVolume started for volume \"kube-api-access-g7n8k\" (UniqueName: \"kubernetes.io/projected/5dbb7c44-0850-4292-9c12-c13d84f88652-kube-api-access-g7n8k\") pod \"5dbb7c44-0850-4292-9c12-c13d84f88652\" (UID: \"5dbb7c44-0850-4292-9c12-c13d84f88652\") "
2025-01-29 17:03:24,122 INFO c.h.h.t.HelmChartContainer - [K3S] [reconciler_common.go:299] "Volume detached for volume \"kube-api-access-g7n8k\" (UniqueName: \"kubernetes.io/projected/5dbb7c44-0850-4292-9c12-c13d84f88652-kube-api-access-g7n8k\") on node \"cbc6d6ca7a03\" DevicePath \"\""
2025-01-29 17:03:24,469 INFO c.h.h.t.HelmChartContainer - [K3S] [scope.go:117] "RemoveContainer" containerID="1691b042ae69459400e38d17a66cd882b80d20fdfa828f86d814076a42821f70"
2025-01-29 17:03:24,472 INFO c.h.h.t.HelmChartContainer - [K3S] [scope.go:117] "RemoveContainer" containerID="1691b042ae69459400e38d17a66cd882b80d20fdfa828f86d814076a42821f70"
2025-01-29 17:03:24,480 INFO c.h.h.t.HelmChartContainer - [K3S] [replica_set.go:679] "Finished syncing" kind="ReplicaSet" key="helmcustomextensionit-operator/hivemq-test-hivemq-platform-operator-6966f96d65" duration="42.4µs"
2025-01-29 17:03:24,481 INFO c.h.h.t.HelmChartContainer - [POD] hivemq-test-hivemq-platform-operator-6966f96d65-895kf [5dbb7c44-0850-4292-9c12-c13d84f88652] in helmcustomextensionit-operator was MODIFIED
2025-01-29 17:03:24,482 INFO c.h.h.t.HelmChartContainer - [K3S] [replica_set.go:679] "Finished syncing" kind="ReplicaSet" key="helmcustomextensionit-operator/hivemq-test-hivemq-platform-operator-6966f96d65" duration="20.689µs"
2025-01-29 17:03:24,483 INFO c.h.h.t.HelmChartContainer - [POD] hivemq-test-hivemq-platform-operator-6966f96d65-895kf [5dbb7c44-0850-4292-9c12-c13d84f88652] in helmcustomextensionit-operator was DELETED
2025-01-29 17:03:24,492 INFO c.h.h.t.HelmChartContainer - [K3S] [replica_set.go:679] "Finished syncing" kind="ReplicaSet" key="helmcustomextensionit-operator/hivemq-test-hivemq-platform-operator-6966f96d65" duration="6.242µs"
2025-01-29 17:03:25,220 INFO c.h.h.t.HelmChartContainer - Deleting namespace 'helmcustomextensionit-operator'...
2025-01-29 17:03:25,271 INFO c.h.h.t.HelmChartContainer - [K3S] [kubelet_volumes.go:163] "Cleaned up orphaned pod volumes dir" podUID="5dbb7c44-0850-4292-9c12-c13d84f88652" path="/var/lib/kubelet/pods/5dbb7c44-0850-4292-9c12-c13d84f88652/volumes"
2025-01-29 17:03:27,950 INFO c.h.h.t.HelmChartContainer - [K3S] [namespace_controller.go:187] "Namespace has been deleted" namespace="helmcustomextensionit"
2025-01-29 17:03:30,440 INFO c.h.h.t.HelmChartContainer - Namespace 'helmcustomextensionit-operator' deleted
2025-01-29 17:03:30,440 INFO c.h.h.t.HelmChartContainer - Release 'test-hivemq-platform-operator' in namespace 'helmcustomextensionit-operator' is uninstalled
2025-01-29 17:03:31,230 INFO c.h.helmcharts.AbstractHelmChartIT - Removed unused containers:

2025-01-29 17:03:35,354 INFO c.h.h.t.HelmChartContainer - [K3S] [namespace_controller.go:187] "Namespace has been deleted" namespace="helmcustomextensionit-operator"
2025-01-29 17:03:39,834 INFO c.h.helmcharts.AbstractHelmChartIT - Removed unused snapshots:
Removing snapshot sha256:03af251906410714c5aef9fa705b63f6bbc39c4a5e787de7361eeb18886c2ed2
Removing snapshot sha256:0c46b3b43cce082ce5ec34ffc6c294e0417d17b9d1e6f366d114b6aadc4f96dc
Removing snapshot sha256:0ce761beee59082d6ed5bcebd3a805b8ddd9b3426b617e4809e7fb7c6587ffec
Removing snapshot sha256:0df91287303208332c8ff6ba40ae4710105201739addbfbddfb955f1ad593664
Removing snapshot sha256:1021ef88c7974bfff89c5a0ec4fd3160daac6c48a075f74cff721f85dd104e68
Removing snapshot sha256:10aba4953ddc18145dd38e3704709bc464aa20af60b56fe52caaff4b68411e62
Removing snapshot sha256:2573e0d8158209ed54ab25c87bcdcb00bd3d2539246960a3d592a1c599d70465
Removing snapshot sha256:32c96ddecc1cb45c9deb3a6ec8858d83750e2026bdbea35ddbddc0b3ca413156
Removing snapshot sha256:362a8a37f8bbc31925a8146adcf7cf51f9882f5c1dcbef67c5baa03a297543c0
Removing snapshot sha256:3fa4ad33f0ddc8fd45b39b6b4640f82a3a83619606cd975bfe89d8710ad2d4cd
Removing snapshot sha256:43a7c979bbaba6838bc3102d6b10a1459f3ab050b87ccdfef84ef90cf43d3058
Removing snapshot sha256:4ab04491cdf0d3267f08206fe30bd48f49f94b9cab2f016d6739220f722a64af
Removing snapshot sha256:4b6068250e89c96f263060261819c7d912855bfbd64b3eb4c4a8483299b8c295
Removing snapshot sha256:580e69a0a8034ede1921139bbd2bfb72a69ebf276d008281896c32dd8bf74775
Removing snapshot sha256:5d30ba46b27fe37484567ccc5242cadc78217b8da605f3f195ef25cbf7487904
Removing snapshot sha256:5ec183755d09a0a54d0f83e5a705f28f1606fe75660c13148fe125e4f12af39f
Removing snapshot sha256:63ca1fbb43ae5034640e5e6cb3e083e05c290072c5366fcaa9d62435a4cced85
Removing snapshot sha256:67f702c6baae873bceb19487c8b1f27bd2b86077e4f2f0e480e6d60ab508b8f5
Removing snapshot sha256:6864348dd42806d552efdec384f1274be15e2d0c10ce44c1f04347af004c10a9
Removing snapshot sha256:6c7dee8f2c39b84b7dc2711c01d33de93514d9055499173e9290176fbe484b6c
Removing snapshot sha256:82753493a6d61ded36556292f02f31841a14c20d2f279f19eaad65afb661d5cd
Removing snapshot sha256:8a10d3db42c505ee0fcfa98417bdd7e39b304f6bcc0a06bb1b220797ff2cc63c
Removing snapshot sha256:8ad081ee0d46efdea0492cd0bb527c50a8891276fd408ec1269522ac9d6d5580
Removing snapshot sha256:97df1a873add199feaeca6b46c5f9fc55b334ed309838a2b2319d8fb927fdcc5
Removing snapshot sha256:a21e5b12dbac529ad45d976eb9ce45c881f3bedcc500fb30aba1e52aa1813418
Removing snapshot sha256:a8d62a6e94dbe8920ecfafa3b3aff0ef70aa26ca929f90b110db998eec09bab5
Removing snapshot sha256:ad858b4eee2d8f479065d1b8c650e13c815e75b2e4503c05a67cdc8880b0975a
Removing snapshot sha256:b921e6c28969094157f9b8e7244677780319637afd14450b7cb6b2fdea558a0c
Removing snapshot sha256:bc27ecb5769a00e309cf99ebc763c4a4b958b618d1decc96ffac5bc05f02f5b7
Removing snapshot sha256:be3ccb6627a5332e309d45ef461d09b4879dd870c7394d89323d0ebc6ca6aa8a
Removing snapshot sha256:c261f7cbbc64211ee175ee47273acdb7b1a36a4450b397a064a8f2c026490095
Removing snapshot sha256:c34d9393647eea0c9e3557ab988efaf59f61d10a2a5613b439ef0958cca5ec10
Removing snapshot sha256:ccf3c4a0fa967a41c1c83497a2ce6fa5787965859df0adb32c4ca2cf7490bc2b
Removing snapshot sha256:cf92d33f869417309692088c341cd0f223c178ea78a125f757317b22aa8f90e9
Removing snapshot sha256:d0037344cf2fb078884f1849f6a1f8cf9a33a3b6139b6a85833e5ee528e1f9a8
Removing snapshot sha256:d3b36d5b79273b1e98e7700470eaeff05a882e777124d84cebcc1505b85ecb36
Removing snapshot sha256:d65a44a37914602d12c611e5e22a50f11451d847e63015cc1c2aef92dee777a4
Removing snapshot sha256:e2dc0bae2455930f23ae570e019b7f32edc75c0f2d71cab084db837ff9051796
Removing snapshot sha256:eccbd24a99c60cd9e86ee5305dbfc4a4dc89f5ab4fb1f06c8d64797cecedef34
Removing snapshot sha256:f144bb4c7c7f0d2aa7eeffd36d934ec40db1ee167be727e326aad9fdc616f475

]]></system-out>
  </testcase>
  <testcase name="platformChart_whenCustomExtensionIsConfigured_withHttp_thenStartsUpSuccessfully()" classname="com.hivemq.helmcharts.extensions.HelmCustomExtensionIT" time="107.714">
    <system-out><![CDATA[2025-01-29 17:03:39,847 INFO c.h.h.t.HelmChartContainer - Creating namespace 'helmcustomextensionit-operator'...
2025-01-29 17:03:39,852 INFO c.h.h.t.HelmChartContainer - Namespace 'helmcustomextensionit-operator' created
2025-01-29 17:03:39,852 INFO c.h.h.t.HelmChartContainer - Creating namespace 'helmcustomextensionit'...
2025-01-29 17:03:39,859 INFO c.h.h.t.HelmChartContainer - Namespace 'helmcustomextensionit' created
2025-01-29 17:03:39,949 DEBUG c.h.h.t.HelmChartContainer - Executing helm command: /bin/helm --kubeconfig /etc/rancher/k3s/k3s.yaml install test-hivemq-platform-operator /charts/hivemq-platform-operator --wait --timeout 5m0s --set image.repository=docker.io/hivemq --set image.name=hivemq-platform-operator-test --set image.initImageName=hivemq-platform-operator-init-test --set image.tag=snapshot --set image.pullPolicy=Never --set logLevel=DEBUG --set resources.cpu=512m --namespace helmcustomextensionit-operator
2025-01-29 17:03:40,273 INFO c.h.h.t.HelmChartContainer - [K3S] [alloc.go:330] "allocated clusterIPs" service="helmcustomextensionit-operator/hivemq-platform-operator-test-hivemq-platform-operator" clusterIPs={"IPv4":"10.43.151.145"}
2025-01-29 17:03:40,300 INFO c.h.h.t.HelmChartContainer - [EVENT] Normal [ScalingReplicaSet] Scaled up replica set hivemq-test-hivemq-platform-operator-6966f96d65 from 0 to 1 [helmcustomextensionit-operator:hivemq-test-hivemq-platform-operator]
2025-01-29 17:03:40,300 INFO c.h.h.t.HelmChartContainer - [POD] hivemq-test-hivemq-platform-operator-6966f96d65-8mms4 [53418b0e-f71a-4b3c-8ec9-59660b0141c8] in helmcustomextensionit-operator was ADDED
2025-01-29 17:03:40,311 INFO c.h.h.t.HelmChartContainer - [EVENT] Normal [SuccessfulCreate] Created pod: hivemq-test-hivemq-platform-operator-6966f96d65-8mms4 [helmcustomextensionit-operator:hivemq-test-hivemq-platform-operator-6966f96d65]
2025-01-29 17:03:40,311 INFO c.h.h.t.HelmChartContainer - [K3S] [replica_set.go:679] "Finished syncing" kind="ReplicaSet" key="helmcustomextensionit-operator/hivemq-test-hivemq-platform-operator-6966f96d65" duration="20.347607ms"
2025-01-29 17:03:40,314 INFO c.h.h.t.HelmChartContainer - [K3S] [memory_manager.go:355] "RemoveStaleState removing state" podUID="74f9cd08-a911-4d6a-8350-6be8dd5c1eb2" containerName="nginx"
2025-01-29 17:03:40,314 INFO c.h.h.t.HelmChartContainer - [K3S] [memory_manager.go:355] "RemoveStaleState removing state" podUID="33c9d9f4-b76b-4414-bb62-8d451871aacc" containerName="hivemq"
2025-01-29 17:03:40,315 INFO c.h.h.t.HelmChartContainer - [K3S] [memory_manager.go:355] "RemoveStaleState removing state" podUID="5dbb7c44-0850-4292-9c12-c13d84f88652" containerName="hivemq-platform-operator"
2025-01-29 17:03:40,316 INFO c.h.h.t.HelmChartContainer - [POD] hivemq-test-hivemq-platform-operator-6966f96d65-8mms4 [53418b0e-f71a-4b3c-8ec9-59660b0141c8] in helmcustomextensionit-operator was MODIFIED
2025-01-29 17:03:40,325 INFO c.h.h.t.HelmChartContainer - [EVENT] Normal [Scheduled] Successfully assigned helmcustomextensionit-operator/hivemq-test-hivemq-platform-operator-6966f96d65-8mms4 to cbc6d6ca7a03 [helmcustomextensionit-operator:hivemq-test-hivemq-platform-operator-6966f96d65-8mms4]
2025-01-29 17:03:40,332 INFO c.h.h.t.HelmChartContainer - [K3S] [replica_set.go:679] "Finished syncing" kind="ReplicaSet" key="helmcustomextensionit-operator/hivemq-test-hivemq-platform-operator-6966f96d65" duration="22.757417ms"
2025-01-29 17:03:40,333 INFO c.h.h.t.HelmChartContainer - [K3S] [replica_set.go:679] "Finished syncing" kind="ReplicaSet" key="helmcustomextensionit-operator/hivemq-test-hivemq-platform-operator-6966f96d65" duration="97.984µs"
2025-01-29 17:03:40,333 INFO c.h.h.t.HelmChartContainer - [POD] hivemq-test-hivemq-platform-operator-6966f96d65-8mms4 [53418b0e-f71a-4b3c-8ec9-59660b0141c8] in helmcustomextensionit-operator was MODIFIED
2025-01-29 17:03:40,333 INFO c.h.h.t.HelmChartContainer - [K3S] [replica_set.go:679] "Finished syncing" kind="ReplicaSet" key="helmcustomextensionit-operator/hivemq-test-hivemq-platform-operator-6966f96d65" duration="159.419µs"
2025-01-29 17:03:40,412 INFO c.h.h.t.HelmChartContainer - [K3S] [reconciler_common.go:251] "operationExecutor.VerifyControllerAttachedVolume started for volume \"kube-api-access-zqwrf\" (UniqueName: \"kubernetes.io/projected/53418b0e-f71a-4b3c-8ec9-59660b0141c8-kube-api-access-zqwrf\") pod \"hivemq-test-hivemq-platform-operator-6966f96d65-8mms4\" (UID: \"53418b0e-f71a-4b3c-8ec9-59660b0141c8\") " pod="helmcustomextensionit-operator/hivemq-test-hivemq-platform-operator-6966f96d65-8mms4"
2025-01-29 17:03:40,714 INFO c.h.h.t.HelmChartContainer - [EVENT] Normal [Pulled] Container image "docker.io/hivemq/hivemq-platform-operator-test:snapshot" already present on machine [helmcustomextensionit-operator:hivemq-test-hivemq-platform-operator-6966f96d65-8mms4]
2025-01-29 17:03:40,714 INFO c.h.h.t.HelmChartContainer - Received Pulled event for container hivemq-platform-operator in pod hivemq-test-hivemq-platform-operator-6966f96d65-8mms4 [53418b0e-f71a-4b3c-8ec9-59660b0141c8]
2025-01-29 17:03:42,043 INFO c.h.h.t.HelmChartContainer - [EVENT] Normal [Created] Created container: hivemq-platform-operator [helmcustomextensionit-operator:hivemq-test-hivemq-platform-operator-6966f96d65-8mms4]
2025-01-29 17:03:42,043 INFO c.h.h.t.HelmChartContainer - Received Created event for container hivemq-platform-operator in pod hivemq-test-hivemq-platform-operator-6966f96d65-8mms4 [53418b0e-f71a-4b3c-8ec9-59660b0141c8]
2025-01-29 17:03:42,511 INFO c.h.h.t.HelmChartContainer - [K3S] [replica_set.go:679] "Finished syncing" kind="ReplicaSet" key="helmcustomextensionit-operator/hivemq-test-hivemq-platform-operator-6966f96d65" duration="63.339µs"
2025-01-29 17:03:42,511 INFO c.h.h.t.HelmChartContainer - [POD] hivemq-test-hivemq-platform-operator-6966f96d65-8mms4 [53418b0e-f71a-4b3c-8ec9-59660b0141c8] in helmcustomextensionit-operator was MODIFIED
2025-01-29 17:03:42,519 INFO c.h.h.t.HelmChartContainer - [EVENT] Normal [Started] Started container hivemq-platform-operator [helmcustomextensionit-operator:hivemq-test-hivemq-platform-operator-6966f96d65-8mms4]
2025-01-29 17:03:42,519 INFO c.h.h.t.HelmChartContainer - Received Started event for container hivemq-platform-operator in pod hivemq-test-hivemq-platform-operator-6966f96d65-8mms4 [53418b0e-f71a-4b3c-8ec9-59660b0141c8]
2025-01-29 17:03:42,519 INFO c.h.h.t.HelmChartContainer - Started log watcher for hivemq-platform-operator in pod hivemq-test-hivemq-platform-operator-6966f96d65-8mms4 [53418b0e-f71a-4b3c-8ec9-59660b0141c8]
2025-01-29 17:03:42,520 INFO c.h.h.t.HelmChartContainer - [hivemq-test-hivemq-platform] [hivemq-platform-operator] [53418b0e] -------------------------------------------------------------------------
2025-01-29 17:03:42,520 INFO c.h.h.t.HelmChartContainer - [hivemq-test-hivemq-platform] [hivemq-platform-operator] [53418b0e] 
2025-01-29 17:03:42,520 INFO c.h.h.t.HelmChartContainer - [hivemq-test-hivemq-platform] [hivemq-platform-operator] [53418b0e]                   _    _  _              __  __   ____
2025-01-29 17:03:42,520 INFO c.h.h.t.HelmChartContainer - [hivemq-test-hivemq-platform] [hivemq-platform-operator] [53418b0e]                  | |  | |(_)            |  \/  | / __ \
2025-01-29 17:03:42,520 INFO c.h.h.t.HelmChartContainer - [hivemq-test-hivemq-platform] [hivemq-platform-operator] [53418b0e]                  | |__| | _ __   __ ___ | \  / || |  | |
2025-01-29 17:03:42,520 INFO c.h.h.t.HelmChartContainer - [hivemq-test-hivemq-platform] [hivemq-platform-operator] [53418b0e]                  |  __  || |\ \ / // _ \| |\/| || |  | |
2025-01-29 17:03:42,520 INFO c.h.h.t.HelmChartContainer - [hivemq-test-hivemq-platform] [hivemq-platform-operator] [53418b0e]                  | |  | || | \ V /|  __/| |  | || |__| |
2025-01-29 17:03:42,520 INFO c.h.h.t.HelmChartContainer - [hivemq-test-hivemq-platform] [hivemq-platform-operator] [53418b0e]                  |_|  |_||_|  \_/  \___||_|  |_| \___\_\
2025-01-29 17:03:42,520 INFO c.h.h.t.HelmChartContainer - [hivemq-test-hivemq-platform] [hivemq-platform-operator] [53418b0e] 
2025-01-29 17:03:42,520 INFO c.h.h.t.HelmChartContainer - [hivemq-test-hivemq-platform] [hivemq-platform-operator] [53418b0e] -------------------------------------------------------------------------
2025-01-29 17:03:42,520 INFO c.h.h.t.HelmChartContainer - [hivemq-test-hivemq-platform] [hivemq-platform-operator] [53418b0e] 
2025-01-29 17:03:42,520 INFO c.h.h.t.HelmChartContainer - [hivemq-test-hivemq-platform] [hivemq-platform-operator] [53418b0e]   HiveMQ Platform Operator Start Script v1.0
2025-01-29 17:03:42,520 INFO c.h.h.t.HelmChartContainer - [hivemq-test-hivemq-platform] [hivemq-platform-operator] [53418b0e] 
2025-01-29 17:03:42,520 INFO c.h.h.t.HelmChartContainer - [hivemq-test-hivemq-platform] [hivemq-platform-operator] [53418b0e] -------------------------------------------------------------------------
2025-01-29 17:03:42,520 INFO c.h.h.t.HelmChartContainer - [hivemq-test-hivemq-platform] [hivemq-platform-operator] [53418b0e] 
2025-01-29 17:03:42,520 INFO c.h.h.t.HelmChartContainer - [hivemq-test-hivemq-platform] [hivemq-platform-operator] [53418b0e]   JAVA_OPTS: -XX:+UnlockExperimentalVMOptions -XX:InitialRAMPercentage=75 -XX:MaxRAMPercentage=75 -Duser.language=en -Duser.region=US
2025-01-29 17:03:42,520 INFO c.h.h.t.HelmChartContainer - [hivemq-test-hivemq-platform] [hivemq-platform-operator] [53418b0e] 
2025-01-29 17:03:42,520 INFO c.h.h.t.HelmChartContainer - [hivemq-test-hivemq-platform] [hivemq-platform-operator] [53418b0e]   JAVA_VERSION: 21
2025-01-29 17:03:42,520 INFO c.h.h.t.HelmChartContainer - [hivemq-test-hivemq-platform] [hivemq-platform-operator] [53418b0e] 
2025-01-29 17:03:42,520 INFO c.h.h.t.HelmChartContainer - [hivemq-test-hivemq-platform] [hivemq-platform-operator] [53418b0e] -------------------------------------------------------------------------
2025-01-29 17:03:42,520 INFO c.h.h.t.HelmChartContainer - [hivemq-test-hivemq-platform] [hivemq-platform-operator] [53418b0e] 
2025-01-29 17:03:45,343 INFO c.h.h.t.HelmChartContainer - [hivemq-test-hivemq-platform] [hivemq-platform-operator] [53418b0e] 17:03:45.340 [main] DEBUG org.jboss.logging - Logging Provider: org.jboss.logging.Slf4jLoggerProvider
2025-01-29 17:03:45,483 INFO c.h.h.t.HelmChartContainer - [hivemq-test-hivemq-platform] [hivemq-platform-operator] [53418b0e] 17:03:45.482 [main] DEBUG io.smallrye.config - SRCFG01006: Loaded ConfigSource SysPropConfigSource with ordinal 400
2025-01-29 17:03:45,483 INFO c.h.h.t.HelmChartContainer - [hivemq-test-hivemq-platform] [hivemq-platform-operator] [53418b0e] 17:03:45.482 [main] DEBUG io.smallrye.config - SRCFG01006: Loaded ConfigSource EnvConfigSource with ordinal 300
2025-01-29 17:03:45,483 INFO c.h.h.t.HelmChartContainer - [hivemq-test-hivemq-platform] [hivemq-platform-operator] [53418b0e] 17:03:45.482 [main] DEBUG io.smallrye.config - SRCFG01006: Loaded ConfigSource PropertiesConfigSource[source=jar:file:///opt/hivemq-platform-operator/bin/hivemq-platform-operator.jar!/hivemq-platform-operator.properties] with ordinal 100
2025-01-29 17:03:45,483 INFO c.h.h.t.HelmChartContainer - [hivemq-test-hivemq-platform] [hivemq-platform-operator] [53418b0e] 17:03:45.482 [main] DEBUG io.smallrye.config - SRCFG01006: Loaded ConfigSource DefaultValuesConfigSource with ordinal -2147483648
2025-01-29 17:03:45,585 INFO c.h.h.t.HelmChartContainer - [hivemq-test-hivemq-platform] [hivemq-platform-operator] [53418b0e] 17:03:45.584 [main] DEBUG i.m.c.u.i.l.InternalLoggerFactory - Using SLF4J as the default logging framework
2025-01-29 17:03:45,693 INFO c.h.h.t.HelmChartContainer - [hivemq-test-hivemq-platform] [hivemq-platform-operator] [53418b0e] 17:03:45.686 [main] INFO  c.h.p.o.HiveMQPlatformOperatorApplication - HiveMQ Platform Operator 1.7.0-SNAPSHOT (commit: 8465ebf on branch: HEAD) built on Wed Jan 29 16:56:31 UTC 2025
2025-01-29 17:03:45,693 INFO c.h.h.t.HelmChartContainer - [hivemq-test-hivemq-platform] [hivemq-platform-operator] [53418b0e] 17:03:45.691 [main] INFO  c.h.p.o.HiveMQPlatformOperatorApplication - HiveMQ Platform Operator is running in namespace: helmcustomextensionit-operator
2025-01-29 17:03:45,693 INFO c.h.h.t.HelmChartContainer - [hivemq-test-hivemq-platform] [hivemq-platform-operator] [53418b0e] 17:03:45.691 [main] INFO  c.h.p.o.HiveMQPlatformOperatorApplication - Watching all namespaces
2025-01-29 17:03:45,693 INFO c.h.h.t.HelmChartContainer - [hivemq-test-hivemq-platform] [hivemq-platform-operator] [53418b0e] 17:03:45.691 [main] INFO  c.h.p.o.HiveMQPlatformOperatorApplication - Log level: DEBUG
2025-01-29 17:03:45,694 INFO c.h.h.t.HelmChartContainer - [hivemq-test-hivemq-platform] [hivemq-platform-operator] [53418b0e] 17:03:45.692 [main] INFO  c.h.p.o.HiveMQPlatformOperatorApplication - Release name: test-hivemq-platform-operator
2025-01-29 17:03:45,694 INFO c.h.h.t.HelmChartContainer - [hivemq-test-hivemq-platform] [hivemq-platform-operator] [53418b0e] 17:03:45.692 [main] INFO  c.h.p.o.HiveMQPlatformOperatorApplication - HiveMQ Platform Operator Init image: docker.io/hivemq/hivemq-platform-operator-init-test:snapshot
2025-01-29 17:03:45,694 INFO c.h.h.t.HelmChartContainer - [hivemq-test-hivemq-platform] [hivemq-platform-operator] [53418b0e] 17:03:45.692 [main] INFO  c.h.p.o.HiveMQPlatformOperatorApplication - HiveMQ Platform Operator Init App update URL: http://hivemq-platform-operator-test-hivemq-platform-operator.helmcustomextensionit-operator.svc:8080/initAppUpdate/hivemq-platform-operator-init-app-1.7.0-SNAPSHOT.jar
2025-01-29 17:03:45,694 INFO c.h.h.t.HelmChartContainer - [hivemq-test-hivemq-platform] [hivemq-platform-operator] [53418b0e] 17:03:45.692 [main] INFO  c.h.p.o.HiveMQPlatformOperatorApplication - Additional imagePullSecret for all Platform deployments: none
2025-01-29 17:03:45,694 INFO c.h.h.t.HelmChartContainer - [hivemq-test-hivemq-platform] [hivemq-platform-operator] [53418b0e] 17:03:45.692 [main] INFO  c.h.p.o.HiveMQPlatformOperatorApplication - Apply HiveMQ Platform CRD: true
2025-01-29 17:03:45,694 INFO c.h.h.t.HelmChartContainer - [hivemq-test-hivemq-platform] [hivemq-platform-operator] [53418b0e] 17:03:45.692 [main] INFO  c.h.p.o.HiveMQPlatformOperatorApplication - Create Platform ServiceAccount: true
2025-01-29 17:03:45,694 INFO c.h.h.t.HelmChartContainer - [hivemq-test-hivemq-platform] [hivemq-platform-operator] [53418b0e] 17:03:45.692 [main] INFO  c.h.p.o.HiveMQPlatformOperatorApplication - Create Platform ServiceAccount permissions: true
2025-01-29 17:03:45,694 INFO c.h.h.t.HelmChartContainer - [hivemq-test-hivemq-platform] [hivemq-platform-operator] [53418b0e] 17:03:45.692 [main] INFO  c.h.p.o.HiveMQPlatformOperatorApplication - Validate Platform ServiceAccount: true
2025-01-29 17:03:45,694 INFO c.h.h.t.HelmChartContainer - [hivemq-test-hivemq-platform] [hivemq-platform-operator] [53418b0e] 17:03:45.692 [main] INFO  c.h.p.o.HiveMQPlatformOperatorApplication - Validate Platform ServiceAccount permissions: true
2025-01-29 17:03:45,877 INFO c.h.h.t.HelmChartContainer - [hivemq-test-hivemq-platform] [hivemq-platform-operator] [53418b0e] 17:03:45.844 [main] INFO  c.h.platform.operator.util.CRDUtil - Verifying deployed HiveMQ Platform CRD...
2025-01-29 17:03:48,291 INFO c.h.h.t.HelmChartContainer - [hivemq-test-hivemq-platform] [hivemq-platform-operator] [53418b0e] 17:03:48.290 [main] DEBUG c.h.platform.operator.util.CRDUtil - HiveMQ Platform CRD version v1 is up to date
2025-01-29 17:03:48,292 INFO c.h.h.t.HelmChartContainer - [hivemq-test-hivemq-platform] [hivemq-platform-operator] [53418b0e] 17:03:48.290 [main] INFO  c.h.platform.operator.util.CRDUtil - HiveMQ Platform CRD is up to date (version: V1_6_0)
2025-01-29 17:03:48,292 INFO c.h.h.t.HelmChartContainer - [hivemq-test-hivemq-platform] [hivemq-platform-operator] [53418b0e] 17:03:48.290 [main] INFO  c.h.platform.operator.util.CRDUtil - Waiting 10000 ms for HiveMQ Platform CRD 'hivemq-platforms.hivemq.com' to become ready...
2025-01-29 17:03:48,587 INFO c.h.h.t.HelmChartContainer - [hivemq-test-hivemq-platform] [hivemq-platform-operator] [53418b0e] 17:03:48.586 [vert.x-eventloop-thread-1] DEBUG c.h.platform.operator.util.CRDUtil - Checking CRD condition 'NamesAccepted' (status: 'True')
2025-01-29 17:03:48,588 INFO c.h.h.t.HelmChartContainer - [hivemq-test-hivemq-platform] [hivemq-platform-operator] [53418b0e] 17:03:48.586 [vert.x-eventloop-thread-1] DEBUG c.h.platform.operator.util.CRDUtil - Checking CRD condition 'Established' (status: 'True')
2025-01-29 17:03:48,589 INFO c.h.h.t.HelmChartContainer - [hivemq-test-hivemq-platform] [hivemq-platform-operator] [53418b0e] 17:03:48.587 [main] INFO  c.h.platform.operator.util.CRDUtil - HiveMQ Platform CRD 'hivemq-platforms.hivemq.com' is ready
2025-01-29 17:03:48,786 INFO c.h.h.t.HelmChartContainer - [hivemq-test-hivemq-platform] [hivemq-platform-operator] [53418b0e] 17:03:48.784 [main] INFO  c.h.p.o.HiveMQPlatformReconciler - HiveMQ Platform Operator is starting...
2025-01-29 17:03:48,886 INFO c.h.h.t.HelmChartContainer - [hivemq-test-hivemq-platform] [hivemq-platform-operator] [53418b0e] 17:03:48.884 [main] WARN  Default ConfigurationService implementation - Configuration for reconciler 'hivemq-controller' was not found. Known reconcilers: None.
2025-01-29 17:03:48,893 INFO c.h.h.t.HelmChartContainer - [hivemq-test-hivemq-platform] [hivemq-platform-operator] [53418b0e] 17:03:48.892 [main] INFO  Default ConfigurationService implementation - Created configuration for reconciler com.hivemq.platform.operator.HiveMQPlatformReconciler with name hivemq-controller
2025-01-29 17:03:49,041 INFO c.h.h.t.HelmChartContainer - [hivemq-test-hivemq-platform] [hivemq-platform-operator] [53418b0e] 17:03:49.040 [main] DEBUG c.h.p.o.HiveMQPlatformReconciler - HiveMQ Platform Operator is preparing EventSources
2025-01-29 17:03:49,088 INFO c.h.h.t.HelmChartContainer - [hivemq-test-hivemq-platform] [hivemq-platform-operator] [53418b0e] 17:03:49.086 [main] INFO  i.javaoperatorsdk.operator.Operator - Registered reconciler: 'hivemq-controller' for resource: 'class com.hivemq.platform.operator.v1.HiveMQPlatform' for namespace(s): [all namespaces]
2025-01-29 17:03:49,788 INFO c.h.h.t.HelmChartContainer - [hivemq-test-hivemq-platform] [hivemq-platform-operator] [53418b0e] 17:03:49.786 [main] INFO  c.h.p.operator.webserver.JettyServer - Starting Jetty server on port 8080
2025-01-29 17:03:49,889 INFO c.h.h.t.HelmChartContainer - [hivemq-test-hivemq-platform] [hivemq-platform-operator] [53418b0e] 17:03:49.888 [main] INFO  i.javaoperatorsdk.operator.Operator - Operator SDK 4.9.7 (commit: 2133d28) built on Wed Nov 20 12:56:20 UTC 2024 starting...
2025-01-29 17:03:49,889 INFO c.h.h.t.HelmChartContainer - [hivemq-test-hivemq-platform] [hivemq-platform-operator] [53418b0e] 17:03:49.888 [main] INFO  i.javaoperatorsdk.operator.Operator - Client version: 6.13.5
2025-01-29 17:03:49,891 INFO c.h.h.t.HelmChartContainer - [hivemq-test-hivemq-platform] [hivemq-platform-operator] [53418b0e] 17:03:49.890 [Controller Starter for: hivemq-controller] INFO  i.j.operator.processing.Controller - Starting 'hivemq-controller' controller for reconciler: com.hivemq.platform.operator.HiveMQPlatformReconciler, resource: com.hivemq.platform.operator.v1.HiveMQPlatform
2025-01-29 17:03:52,281 INFO c.h.h.t.HelmChartContainer - [hivemq-test-hivemq-platform] [hivemq-platform-operator] [53418b0e] 17:03:52.280 [Controller Starter for: hivemq-controller] INFO  i.j.operator.processing.Controller - 'hivemq-controller' controller started
2025-01-29 17:03:52,282 INFO c.h.h.t.HelmChartContainer - [hivemq-test-hivemq-platform] [hivemq-platform-operator] [53418b0e] 17:03:52.280 [main] INFO  c.h.p.o.HiveMQPlatformOperatorApplication - HiveMQ Platform Operator 1.7.0-SNAPSHOT started in 6594 ms
2025-01-29 17:03:53,515 INFO c.h.h.t.HelmChartContainer - [POD] hivemq-test-hivemq-platform-operator-6966f96d65-8mms4 [53418b0e-f71a-4b3c-8ec9-59660b0141c8] in helmcustomextensionit-operator was MODIFIED
2025-01-29 17:03:53,522 INFO c.h.h.t.HelmChartContainer - [K3S] [replica_set.go:679] "Finished syncing" kind="ReplicaSet" key="helmcustomextensionit-operator/hivemq-test-hivemq-platform-operator-6966f96d65" duration="9.322096ms"
2025-01-29 17:03:53,522 INFO c.h.h.t.HelmChartContainer - [K3S] [replica_set.go:679] "Finished syncing" kind="ReplicaSet" key="helmcustomextensionit-operator/hivemq-test-hivemq-platform-operator-6966f96d65" duration="31.86µs"
2025-01-29 17:03:54,346 DEBUG c.h.helmcharts.util.HiveMQExtension - Trying to package class 'org.slf4j.Logger' into extension 'hivemq-custom-test-extension'
2025-01-29 17:03:54,348 DEBUG c.h.helmcharts.util.HiveMQExtension - Trying to package class 'com.hivemq.extension.sdk.api.ExtensionMain' into extension 'hivemq-custom-test-extension'
2025-01-29 17:03:54,349 DEBUG c.h.helmcharts.util.HiveMQExtension - Trying to compile class '/home/runner/work/helm-charts/helm-charts/helm-charts/tests-hivemq-platform-operator/src/integrationTest/java/com/hivemq/helmcharts/extensions/custom/CustomTestExtensionMain.java' into extension 'hivemq-custom-test-extension'
2025-01-29 17:03:54,616 DEBUG c.h.helmcharts.util.HiveMQExtension - Trying to package class 'org.slf4j.LoggerFactory' into extension 'hivemq-custom-test-extension'
2025-01-29 17:03:54,659 INFO c.h.h.t.HelmChartContainer - [EVENT] Normal [ScalingReplicaSet] Scaled up replica set nginx-65c6bbbf94 from 0 to 1 [helmcustomextensionit:nginx]
2025-01-29 17:03:54,663 INFO c.h.h.t.HelmChartContainer - [K3S] [alloc.go:330] "allocated clusterIPs" service="helmcustomextensionit/nginx-service" clusterIPs={"IPv4":"10.43.105.71"}
2025-01-29 17:03:54,673 INFO c.h.h.t.HelmChartContainer - [K3S] [replica_set.go:679] "Finished syncing" kind="ReplicaSet" key="helmcustomextensionit/nginx-65c6bbbf94" duration="17.633468ms"
2025-01-29 17:03:54,673 INFO c.h.h.t.HelmChartContainer - [POD] nginx-65c6bbbf94-7hwf2 [218d97ae-f0aa-46ab-b1d4-cb51dc350f4c] in helmcustomextensionit was ADDED
2025-01-29 17:03:54,673 INFO c.h.h.t.HelmChartContainer - [K3S] [replica_set.go:679] "Finished syncing" kind="ReplicaSet" key="helmcustomextensionit/nginx-65c6bbbf94" duration="22.843µs"
2025-01-29 17:03:54,673 INFO c.h.h.t.HelmChartContainer - [EVENT] Normal [SuccessfulCreate] Created pod: nginx-65c6bbbf94-7hwf2 [helmcustomextensionit:nginx-65c6bbbf94]
2025-01-29 17:03:54,690 INFO c.h.h.t.HelmChartContainer - [POD] nginx-65c6bbbf94-7hwf2 [218d97ae-f0aa-46ab-b1d4-cb51dc350f4c] in helmcustomextensionit was MODIFIED
2025-01-29 17:03:54,694 INFO c.h.h.t.HelmChartContainer - [K3S] [replica_set.go:679] "Finished syncing" kind="ReplicaSet" key="helmcustomextensionit/nginx-65c6bbbf94" duration="23.225916ms"
2025-01-29 17:03:54,694 INFO c.h.h.t.HelmChartContainer - [K3S] [replica_set.go:679] "Finished syncing" kind="ReplicaSet" key="helmcustomextensionit/nginx-65c6bbbf94" duration="74.7µs"
2025-01-29 17:03:54,697 INFO c.h.h.t.HelmChartContainer - [K3S] [replica_set.go:679] "Finished syncing" kind="ReplicaSet" key="helmcustomextensionit/nginx-65c6bbbf94" duration="137.808µs"
2025-01-29 17:03:54,714 INFO c.h.h.t.HelmChartContainer - [EVENT] Normal [Scheduled] Successfully assigned helmcustomextensionit/nginx-65c6bbbf94-7hwf2 to cbc6d6ca7a03 [helmcustomextensionit:nginx-65c6bbbf94-7hwf2]
2025-01-29 17:03:54,722 INFO c.h.h.t.HelmChartContainer - [POD] nginx-65c6bbbf94-7hwf2 [218d97ae-f0aa-46ab-b1d4-cb51dc350f4c] in helmcustomextensionit was MODIFIED
2025-01-29 17:03:54,725 INFO c.h.h.t.HelmChartContainer - [K3S] [replica_set.go:679] "Finished syncing" kind="ReplicaSet" key="helmcustomextensionit/nginx-65c6bbbf94" duration="47.478µs"
2025-01-29 17:03:54,806 INFO c.h.h.t.HelmChartContainer - [K3S] [reconciler_common.go:251] "operationExecutor.VerifyControllerAttachedVolume started for volume \"kube-api-access-kqtwl\" (UniqueName: \"kubernetes.io/projected/218d97ae-f0aa-46ab-b1d4-cb51dc350f4c-kube-api-access-kqtwl\") pod \"nginx-65c6bbbf94-7hwf2\" (UID: \"218d97ae-f0aa-46ab-b1d4-cb51dc350f4c\") " pod="helmcustomextensionit/nginx-65c6bbbf94-7hwf2"
2025-01-29 17:03:54,806 INFO c.h.h.t.HelmChartContainer - [K3S] [reconciler_common.go:251] "operationExecutor.VerifyControllerAttachedVolume started for volume \"volume-hivemq-custom-test-extension-100\" (UniqueName: \"kubernetes.io/host-path/218d97ae-f0aa-46ab-b1d4-cb51dc350f4c-volume-hivemq-custom-test-extension-100\") pod \"nginx-65c6bbbf94-7hwf2\" (UID: \"218d97ae-f0aa-46ab-b1d4-cb51dc350f4c\") " pod="helmcustomextensionit/nginx-65c6bbbf94-7hwf2"
2025-01-29 17:03:55,074 INFO c.h.h.t.HelmChartContainer - [EVENT] Normal [Pulled] Container image "nginx:1.27.3" already present on machine [helmcustomextensionit:nginx-65c6bbbf94-7hwf2]
2025-01-29 17:03:55,074 INFO c.h.h.t.HelmChartContainer - Received Pulled event for container nginx in pod nginx-65c6bbbf94-7hwf2 [218d97ae-f0aa-46ab-b1d4-cb51dc350f4c]
2025-01-29 17:03:56,484 INFO c.h.h.t.HelmChartContainer - [EVENT] Normal [Created] Created container: nginx [helmcustomextensionit:nginx-65c6bbbf94-7hwf2]
2025-01-29 17:03:56,484 INFO c.h.h.t.HelmChartContainer - Received Created event for container nginx in pod nginx-65c6bbbf94-7hwf2 [218d97ae-f0aa-46ab-b1d4-cb51dc350f4c]
2025-01-29 17:03:57,530 INFO c.h.h.t.HelmChartContainer - [POD] nginx-65c6bbbf94-7hwf2 [218d97ae-f0aa-46ab-b1d4-cb51dc350f4c] in helmcustomextensionit was MODIFIED
2025-01-29 17:03:57,534 INFO c.h.h.t.HelmChartContainer - [K3S] [replica_set.go:679] "Finished syncing" kind="ReplicaSet" key="helmcustomextensionit/nginx-65c6bbbf94" duration="7.661117ms"
2025-01-29 17:03:57,535 INFO c.h.h.t.HelmChartContainer - [K3S] [replica_set.go:679] "Finished syncing" kind="ReplicaSet" key="helmcustomextensionit/nginx-65c6bbbf94" duration="820.649µs"
2025-01-29 17:03:57,540 INFO c.h.h.t.HelmChartContainer - [EVENT] Normal [Started] Started container nginx [helmcustomextensionit:nginx-65c6bbbf94-7hwf2]
2025-01-29 17:03:57,540 INFO c.h.h.t.HelmChartContainer - Started log watcher for nginx in pod nginx-65c6bbbf94-7hwf2 [218d97ae-f0aa-46ab-b1d4-cb51dc350f4c]
2025-01-29 17:03:57,541 INFO c.h.h.t.HelmChartContainer - Received Started event for container nginx in pod nginx-65c6bbbf94-7hwf2 [218d97ae-f0aa-46ab-b1d4-cb51dc350f4c]
2025-01-29 17:03:57,541 INFO c.h.h.t.HelmChartContainer - [nginx-65c6bbbf94-7hw] [nginx] [218d97ae] /docker-entrypoint.sh: /docker-entrypoint.d/ is not empty, will attempt to perform configuration
2025-01-29 17:03:57,541 INFO c.h.h.t.HelmChartContainer - [nginx-65c6bbbf94-7hw] [nginx] [218d97ae] /docker-entrypoint.sh: Looking for shell scripts in /docker-entrypoint.d/
2025-01-29 17:03:57,541 INFO c.h.h.t.HelmChartContainer - [nginx-65c6bbbf94-7hw] [nginx] [218d97ae] /docker-entrypoint.sh: Launching /docker-entrypoint.d/10-listen-on-ipv6-by-default.sh
2025-01-29 17:03:57,542 INFO c.h.h.t.HelmChartContainer - [nginx-65c6bbbf94-7hw] [nginx] [218d97ae] 10-listen-on-ipv6-by-default.sh: info: Getting the checksum of /etc/nginx/conf.d/default.conf
2025-01-29 17:03:57,543 INFO c.h.h.t.HelmChartContainer - [nginx-65c6bbbf94-7hw] [nginx] [218d97ae] 10-listen-on-ipv6-by-default.sh: info: Enabled listen on IPv6 in /etc/nginx/conf.d/default.conf
2025-01-29 17:03:57,543 INFO c.h.h.t.HelmChartContainer - [nginx-65c6bbbf94-7hw] [nginx] [218d97ae] /docker-entrypoint.sh: Sourcing /docker-entrypoint.d/15-local-resolvers.envsh
2025-01-29 17:03:57,543 INFO c.h.h.t.HelmChartContainer - [nginx-65c6bbbf94-7hw] [nginx] [218d97ae] /docker-entrypoint.sh: Launching /docker-entrypoint.d/20-envsubst-on-templates.sh
2025-01-29 17:03:57,543 INFO c.h.h.t.HelmChartContainer - [nginx-65c6bbbf94-7hw] [nginx] [218d97ae] /docker-entrypoint.sh: Launching /docker-entrypoint.d/30-tune-worker-processes.sh
2025-01-29 17:03:57,543 INFO c.h.h.t.HelmChartContainer - [nginx-65c6bbbf94-7hw] [nginx] [218d97ae] /docker-entrypoint.sh: Configuration complete; ready for start up
2025-01-29 17:03:57,543 INFO c.h.h.t.HelmChartContainer - [nginx-65c6bbbf94-7hw] [nginx] [218d97ae] 2025/01/29 17:03:56 [notice] 1#1: using the "epoll" event method
2025-01-29 17:03:57,543 INFO c.h.h.t.HelmChartContainer - [nginx-65c6bbbf94-7hw] [nginx] [218d97ae] 2025/01/29 17:03:56 [notice] 1#1: nginx/1.27.3
2025-01-29 17:03:57,543 INFO c.h.h.t.HelmChartContainer - [nginx-65c6bbbf94-7hw] [nginx] [218d97ae] 2025/01/29 17:03:56 [notice] 1#1: built by gcc 12.2.0 (Debian 12.2.0-14) 
2025-01-29 17:03:57,543 INFO c.h.h.t.HelmChartContainer - [nginx-65c6bbbf94-7hw] [nginx] [218d97ae] 2025/01/29 17:03:56 [notice] 1#1: OS: Linux 6.8.0-1020-azure
2025-01-29 17:03:57,543 INFO c.h.h.t.HelmChartContainer - [nginx-65c6bbbf94-7hw] [nginx] [218d97ae] 2025/01/29 17:03:56 [notice] 1#1: getrlimit(RLIMIT_NOFILE): 1048576:1048576
2025-01-29 17:03:57,543 INFO c.h.h.t.HelmChartContainer - [nginx-65c6bbbf94-7hw] [nginx] [218d97ae] 2025/01/29 17:03:56 [notice] 1#1: start worker processes
2025-01-29 17:03:57,543 INFO c.h.h.t.HelmChartContainer - [nginx-65c6bbbf94-7hw] [nginx] [218d97ae] 2025/01/29 17:03:56 [notice] 1#1: start worker process 29
2025-01-29 17:03:57,543 INFO c.h.h.t.HelmChartContainer - [nginx-65c6bbbf94-7hw] [nginx] [218d97ae] 2025/01/29 17:03:56 [notice] 1#1: start worker process 30
2025-01-29 17:03:57,543 INFO c.h.h.t.HelmChartContainer - [nginx-65c6bbbf94-7hw] [nginx] [218d97ae] 2025/01/29 17:03:56 [notice] 1#1: start worker process 31
2025-01-29 17:03:57,543 INFO c.h.h.t.HelmChartContainer - [nginx-65c6bbbf94-7hw] [nginx] [218d97ae] 2025/01/29 17:03:56 [notice] 1#1: start worker process 32
2025-01-29 17:03:58,672 INFO c.h.h.testcontainer.LogWaiterUtil - TEST Waiting for log pattern on 'test-hivemq-platform-0': .*Extension "HiveMQ Custom Test Extension" version 1.0.0 started successfully.
2025-01-29 17:03:58,729 DEBUG c.h.h.t.HelmChartContainer - Executing helm command: /bin/helm --kubeconfig /etc/rancher/k3s/k3s.yaml install test-hivemq-platform /charts/hivemq-platform --wait --timeout 5m0s --set image.repository=docker.io/hivemq --set image.tag=4.36.0 --set image.pullPolicy=Never --set nodes.resources.cpu=512m -f /files/custom-extension-values.yaml --namespace helmcustomextensionit
2025-01-29 17:03:58,983 INFO c.h.h.t.HelmChartContainer - [hivemq-test-hivemq-platform] [hivemq-platform-operator] [53418b0e] 17:03:58.981 [-2082509879-pool-1-thread-1] WARN  i.m.p.PrometheusMeterRegistry - The meter (MeterId{name='operator.sdk.events.received', tags=[tag(action=ADDED),tag(event=ResourceEvent),tag(group=hivemq.com),tag(kind=HiveMQPlatform),tag(name=test-hivemq-platform),tag(namespace=helmcustomextensionit),tag(scope=namespace),tag(version=v1)]}) registration has failed: Prometheus requires that all meters with the same name have the same set of tag keys. There is already an existing meter named 'operator.sdk.events.received' containing tag keys [event, group, kind, name, namespace, scope, version]. The meter you are attempting to register has keys [action, event, group, kind, name, namespace, scope, version]. Note that subsequent logs will be logged at debug level.
2025-01-29 17:03:59,445 INFO c.h.h.t.HelmChartContainer - [hivemq-test-hivemq-platform] [hivemq-platform-operator] [53418b0e] 17:03:59.442 [pool-6-thread-3] DEBUG c.h.p.o.dependants.PodInfoConfigMap - [helmcust] Desired PodInfo ConfigMap (1 extensions) (1 enabled)
2025-01-29 17:03:59,445 INFO c.h.h.t.HelmChartContainer - [hivemq-test-hivemq-platform] [hivemq-platform-operator] [53418b0e] 17:03:59.443 [pool-6-thread-3] DEBUG c.h.p.o.dependants.PodInfoConfigMap - [helmcust] Desired PodInfo ConfigMap (metrics port: 9399) (metrics path: /)
2025-01-29 17:03:59,445 INFO c.h.h.t.HelmChartContainer - [hivemq-test-hivemq-platform] [hivemq-platform-operator] [53418b0e] 17:03:59.443 [pool-6-thread-3] DEBUG c.h.p.o.dependants.PodInfoConfigMap - [helmcust] Desired PodInfo ConfigMap (extension state hash: -2048767907)
2025-01-29 17:03:59,447 INFO c.h.h.t.HelmChartContainer - [hivemq-test-hivemq-platform] [hivemq-platform-operator] [53418b0e] 17:03:59.444 [pool-6-thread-3] DEBUG c.h.p.o.dependants.PodInfoConfigMap - [helmcust] Create PodInfo ConfigMap
2025-01-29 17:03:59,546 INFO c.h.h.t.HelmChartContainer - [hivemq-test-hivemq-platform] [hivemq-platform-operator] [53418b0e] 17:03:59.541 [pool-6-thread-5] DEBUG c.h.p.o.dependants.PodRoleResource - [helmcust] Create Role: Role(apiVersion=rbac.authorization.k8s.io/v1, kind=Role, metadata=ObjectMeta(annotations={meta.helm.sh/release-name=test-hivemq-platform, meta.helm.sh/release-namespace=helmcustomextensionit}, creationTimestamp=null, deletionGracePeriodSeconds=null, deletionTimestamp=null, finalizers=[], generateName=null, generation=null, labels={helm.sh/chart=hivemq-platform-0.2.32, app.kubernetes.io/managed-by=Helm, app.kubernetes.io/name=hivemq-platform, hivemq-platform=test-hivemq-platform, app.kubernetes.io/instance=test-hivemq-platform, app.kubernetes.io/version=4.36.0}, managedFields=[], name=hivemq-platform-role-test-hivemq-platform, namespace=helmcustomextensionit, ownerReferences=[OwnerReference(apiVersion=hivemq.com/v1, blockOwnerDeletion=null, controller=null, kind=HiveMQPlatform, name=test-hivemq-platform, uid=a085b5bc-cbba-4cff-9439-4c2765055356, additionalProperties={})], resourceVersion=null, selfLink=null, uid=null, additionalProperties={}), rules=[PolicyRule(apiGroups=[], nonResourceURLs=[], resourceNames=[], resources=[pods], verbs=[get, patch, update], additionalProperties={})], additionalProperties={})
2025-01-29 17:03:59,655 INFO c.h.h.t.HelmChartContainer - [hivemq-test-hivemq-platform] [hivemq-platform-operator] [53418b0e] 17:03:59.653 [pool-6-thread-7] DEBUG c.h.p.o.d.PodServiceAccountResource - [helmcust] Desired PodServiceAccountResource (serviceAccountName: hivemq-platform-pod-test-hivemq-platform)
2025-01-29 17:03:59,655 INFO c.h.h.t.HelmChartContainer - [hivemq-test-hivemq-platform] [hivemq-platform-operator] [53418b0e] 17:03:59.654 [pool-6-thread-7] DEBUG c.h.p.o.d.PodServiceAccountResource - [helmcust] Create ServiceAccount 'hivemq-platform-pod-test-hivemq-platform'
2025-01-29 17:03:59,842 INFO c.h.h.t.HelmChartContainer - [hivemq-test-hivemq-platform] [hivemq-platform-operator] [53418b0e] 17:03:59.840 [pool-6-thread-9] DEBUG c.h.p.o.d.PodRoleBindingResource - [helmcust] Create RoleBinding: RoleBinding(apiVersion=rbac.authorization.k8s.io/v1, kind=RoleBinding, metadata=ObjectMeta(annotations={meta.helm.sh/release-name=test-hivemq-platform, meta.helm.sh/release-namespace=helmcustomextensionit}, creationTimestamp=null, deletionGracePeriodSeconds=null, deletionTimestamp=null, finalizers=[], generateName=null, generation=null, labels={helm.sh/chart=hivemq-platform-0.2.32, app.kubernetes.io/managed-by=Helm, app.kubernetes.io/name=hivemq-platform, hivemq-platform=test-hivemq-platform, app.kubernetes.io/instance=test-hivemq-platform, app.kubernetes.io/version=4.36.0}, managedFields=[], name=hivemq-platform-role-binding-test-hivemq-platform, namespace=helmcustomextensionit, ownerReferences=[OwnerReference(apiVersion=hivemq.com/v1, blockOwnerDeletion=null, controller=null, kind=HiveMQPlatform, name=test-hivemq-platform, uid=a085b5bc-cbba-4cff-9439-4c2765055356, additionalProperties={})], resourceVersion=null, selfLink=null, uid=null, additionalProperties={}), roleRef=RoleRef(apiGroup=rbac.authorization.k8s.io, kind=Role, name=hivemq-platform-role-test-hivemq-platform, additionalProperties={}), subjects=[Subject(apiGroup=null, kind=ServiceAccount, name=hivemq-platform-pod-test-hivemq-platform, namespace=helmcustomextensionit, additionalProperties={})], additionalProperties={})
2025-01-29 17:03:59,859 INFO c.h.h.t.HelmChartContainer - [hivemq-test-hivemq-platform] [hivemq-platform-operator] [53418b0e] 17:03:59.858 [ReconcilerExecutor-hivemq-controller-55] INFO  c.h.p.o.HiveMQPlatformReconciler - [helmcust] Reconciling HiveMQ Platform 'test-hivemq-platform' in namespace 'helmcustomextensionit'
2025-01-29 17:03:59,859 INFO c.h.h.t.HelmChartContainer - [hivemq-test-hivemq-platform] [hivemq-platform-operator] [53418b0e] 17:03:59.858 [ReconcilerExecutor-hivemq-controller-55] DEBUG c.h.p.o.HiveMQPlatformReconciler - [helmcust] Custom Resource Status CREATED - HiveMQ Platform was created (READY)
2025-01-29 17:03:59,859 INFO c.h.h.t.HelmChartContainer - [hivemq-test-hivemq-platform] [hivemq-platform-operator] [53418b0e] 17:03:59.858 [ReconcilerExecutor-hivemq-controller-55] DEBUG c.h.p.o.HiveMQPlatformReconciler - [helmcust] Custom Resource Spec (replicas: 1) (extensions: 1)
2025-01-29 17:03:59,877 INFO c.h.h.t.HelmChartContainer - [hivemq-test-hivemq-platform] [hivemq-platform-operator] [53418b0e] 17:03:59.876 [ReconcilerExecutor-hivemq-controller-55] INFO  c.h.p.o.h.HiveMQPlatformReconcilerBaseHandler - [helmcust] HiveMQ Platform is starting
2025-01-29 17:03:59,979 INFO c.h.h.t.HelmChartContainer - [hivemq-test-hivemq-platform] [hivemq-platform-operator] [53418b0e] 17:03:59.978 [ReconcilerExecutor-hivemq-controller-55] DEBUG c.h.p.operator.event.EventSender - [helmcust] Creating K8s event hivemq-platform-starting: [Start] HiveMQ Platform is starting
2025-01-29 17:04:00,044 INFO c.h.h.t.HelmChartContainer - [EVENT] Normal [Start] HiveMQ Platform is starting [helmcustomextensionit:test-hivemq-platform]
2025-01-29 17:04:00,048 INFO c.h.h.t.HelmChartContainer - [hivemq-test-hivemq-platform] [hivemq-platform-operator] [53418b0e] 17:04:00.048 [ReconcilerExecutor-hivemq-controller-55] INFO  c.h.p.o.h.AbstractHiveMQReconcilerStateHandler - [helmcust] Update HiveMQ Platform Status (CREATED [READY] -> STARTING [READY]): HiveMQ Platform is starting
2025-01-29 17:04:00,061 DEBUG com.hivemq.helmcharts.util.K8sUtil - Comparing actual state 'STARTING' and waiting for 'RUNNING'
2025-01-29 17:04:10,087 INFO c.h.h.t.HelmChartContainer - [hivemq-test-hivemq-platform] [hivemq-platform-operator] [53418b0e] 17:04:10.083 [pool-6-thread-12] DEBUG c.h.p.o.d.PlatformServiceResource - [helmcust] Desired Platform services (3 services)
2025-01-29 17:04:10,088 INFO c.h.h.t.HelmChartContainer - [hivemq-test-hivemq-platform] [hivemq-platform-operator] [53418b0e] 17:04:10.085 [pool-6-thread-13] DEBUG c.h.p.o.dependants.PodInfoConfigMap - [helmcust] Desired PodInfo ConfigMap (1 extensions) (1 enabled)
2025-01-29 17:04:10,088 INFO c.h.h.t.HelmChartContainer - [hivemq-test-hivemq-platform] [hivemq-platform-operator] [53418b0e] 17:04:10.085 [pool-6-thread-13] DEBUG c.h.p.o.dependants.PodInfoConfigMap - [helmcust] Desired PodInfo ConfigMap (metrics port: 9399) (metrics path: /)
2025-01-29 17:04:10,088 INFO c.h.h.t.HelmChartContainer - [hivemq-test-hivemq-platform] [hivemq-platform-operator] [53418b0e] 17:04:10.085 [pool-6-thread-13] DEBUG c.h.p.o.dependants.PodInfoConfigMap - [helmcust] Desired PodInfo ConfigMap (extension state hash: -2048767907)
2025-01-29 17:04:10,093 INFO c.h.h.t.HelmChartContainer - [hivemq-test-hivemq-platform] [hivemq-platform-operator] [53418b0e] 17:04:10.091 [pool-6-thread-17] DEBUG c.h.p.o.d.PodServiceAccountResource - [helmcust] Desired PodServiceAccountResource (serviceAccountName: hivemq-platform-pod-test-hivemq-platform)
2025-01-29 17:04:10,094 INFO c.h.h.t.HelmChartContainer - [hivemq-test-hivemq-platform] [hivemq-platform-operator] [53418b0e] 17:04:10.092 [pool-6-thread-13] DEBUG c.h.p.o.dependants.PodInfoConfigMap - [helmcust] Update PodInfo ConfigMap
2025-01-29 17:04:10,187 INFO c.h.h.t.HelmChartContainer - [K3S] [alloc.go:330] "allocated clusterIPs" service="helmcustomextensionit/hivemq-test-hivemq-platform-cc-8080" clusterIPs={"IPv4":"10.43.235.137"}
2025-01-29 17:04:10,203 INFO c.h.h.t.HelmChartContainer - [K3S] [alloc.go:330] "allocated clusterIPs" service="helmcustomextensionit/hivemq-test-hivemq-platform-mqtt-1883" clusterIPs={"IPv4":"10.43.164.49"}
2025-01-29 17:04:10,286 INFO c.h.h.t.HelmChartContainer - [K3S] [alloc.go:330] "allocated clusterIPs" service="helmcustomextensionit/hivemq-test-hivemq-platform-metrics-9399" clusterIPs={"IPv4":"10.43.251.128"}
2025-01-29 17:04:10,295 INFO c.h.h.t.HelmChartContainer - [hivemq-test-hivemq-platform] [hivemq-platform-operator] [53418b0e] 17:04:10.292 [pool-6-thread-20] DEBUG c.h.p.o.d.StatefulSetResource - [helmcust] Desired StatefulSet (1 replicas) for status STARTING (READY)
2025-01-29 17:04:10,379 INFO c.h.h.t.HelmChartContainer - [hivemq-test-hivemq-platform] [hivemq-platform-operator] [53418b0e] 17:04:10.378 [pool-6-thread-20] DEBUG c.h.p.o.d.StatefulSetResource - [helmcust] Create StatefulSet
2025-01-29 17:04:10,400 INFO c.h.h.t.HelmChartContainer - [hivemq-test-hivemq-platform] [hivemq-platform-operator] [53418b0e] 17:04:10.399 [ReconcilerExecutor-hivemq-controller-66] INFO  c.h.p.o.HiveMQPlatformReconciler - [helmcust] Reconciling HiveMQ Platform 'test-hivemq-platform' in namespace 'helmcustomextensionit'
2025-01-29 17:04:10,400 INFO c.h.h.t.HelmChartContainer - [hivemq-test-hivemq-platform] [hivemq-platform-operator] [53418b0e] 17:04:10.399 [ReconcilerExecutor-hivemq-controller-66] DEBUG c.h.p.o.HiveMQPlatformReconciler - [helmcust] Custom Resource Status STARTING - HiveMQ Platform is starting (READY)
2025-01-29 17:04:10,400 INFO c.h.h.t.HelmChartContainer - [hivemq-test-hivemq-platform] [hivemq-platform-operator] [53418b0e] 17:04:10.399 [ReconcilerExecutor-hivemq-controller-66] DEBUG c.h.p.o.HiveMQPlatformReconciler - [helmcust] Custom Resource Spec (replicas: 1) (extensions: 1)
2025-01-29 17:04:10,407 INFO c.h.h.t.HelmChartContainer - [POD] test-hivemq-platform-0 [ad533c85-955c-41ec-9afb-7250b6579ef6] in helmcustomextensionit was ADDED
2025-01-29 17:04:10,407 INFO c.h.h.t.HelmChartContainer - [EVENT] Normal [SuccessfulCreate] create Pod test-hivemq-platform-0 in StatefulSet test-hivemq-platform successful [helmcustomextensionit:test-hivemq-platform]
2025-01-29 17:04:10,411 INFO c.h.h.t.HelmChartContainer - [EVENT] Normal [Scheduled] Successfully assigned helmcustomextensionit/test-hivemq-platform-0 to cbc6d6ca7a03 [helmcustomextensionit:test-hivemq-platform-0]
2025-01-29 17:04:10,413 INFO c.h.h.t.HelmChartContainer - [POD] test-hivemq-platform-0 [ad533c85-955c-41ec-9afb-7250b6579ef6] in helmcustomextensionit was MODIFIED
2025-01-29 17:04:10,422 INFO c.h.h.t.HelmChartContainer - [POD] test-hivemq-platform-0 [ad533c85-955c-41ec-9afb-7250b6579ef6] in helmcustomextensionit was MODIFIED
2025-01-29 17:04:10,479 INFO c.h.h.t.HelmChartContainer - [hivemq-test-hivemq-platform] [hivemq-platform-operator] [53418b0e] 17:04:10.478 [ReconcilerExecutor-hivemq-controller-66] DEBUG c.h.p.o.HiveMQPlatformReconciler - [helmcust] StatefulSet Status (revision: null, replicas: 0, available: 0, ready: 0, current: 0, updated: 0)
2025-01-29 17:04:10,482 INFO c.h.h.t.HelmChartContainer - [hivemq-test-hivemq-platform] [hivemq-platform-operator] [53418b0e] 17:04:10.482 [ReconcilerExecutor-hivemq-controller-66] DEBUG c.h.p.o.HiveMQPlatformReconciler - [helmcust] StatefulSet Spec (replicas: 1, init containers: 1, containers: 1, volumes: 3)
2025-01-29 17:04:10,587 INFO c.h.h.t.HelmChartContainer - [hivemq-test-hivemq-platform] [hivemq-platform-operator] [53418b0e] 17:04:10.584 [ReconcilerExecutor-hivemq-controller-66] DEBUG c.h.p.o.h.HiveMQPlatformReconcilerErrorHandler - [helmcust] Pod 'test-hivemq-platform-0' phase Pending
2025-01-29 17:04:10,588 INFO c.h.h.t.HelmChartContainer - [hivemq-test-hivemq-platform] [hivemq-platform-operator] [53418b0e] 17:04:10.585 [ReconcilerExecutor-hivemq-controller-66] DEBUG c.h.p.o.h.HiveMQPlatformReconcilerErrorHandler - [helmcust] Pod 'test-hivemq-platform-0' condition 'PodReadyToStartContainers': False
2025-01-29 17:04:10,588 INFO c.h.h.t.HelmChartContainer - [hivemq-test-hivemq-platform] [hivemq-platform-operator] [53418b0e] 17:04:10.585 [ReconcilerExecutor-hivemq-controller-66] DEBUG c.h.p.o.h.HiveMQPlatformReconcilerErrorHandler - [helmcust] Pod 'test-hivemq-platform-0' condition 'Initialized': False
2025-01-29 17:04:10,589 INFO c.h.h.t.HelmChartContainer - [hivemq-test-hivemq-platform] [hivemq-platform-operator] [53418b0e] 17:04:10.585 [ReconcilerExecutor-hivemq-controller-66] DEBUG c.h.p.o.h.HiveMQPlatformReconcilerErrorHandler - [helmcust] Pod 'test-hivemq-platform-0' condition 'Ready': False
2025-01-29 17:04:10,589 INFO c.h.h.t.HelmChartContainer - [hivemq-test-hivemq-platform] [hivemq-platform-operator] [53418b0e] 17:04:10.586 [ReconcilerExecutor-hivemq-controller-66] DEBUG c.h.p.o.h.HiveMQPlatformReconcilerErrorHandler - [helmcust] Pod 'test-hivemq-platform-0' condition 'ContainersReady': False
2025-01-29 17:04:10,589 INFO c.h.h.t.HelmChartContainer - [hivemq-test-hivemq-platform] [hivemq-platform-operator] [53418b0e] 17:04:10.586 [ReconcilerExecutor-hivemq-controller-66] DEBUG c.h.p.o.h.HiveMQPlatformReconcilerErrorHandler - [helmcust] Pod 'test-hivemq-platform-0' condition 'PodScheduled': True
2025-01-29 17:04:10,589 INFO c.h.h.t.HelmChartContainer - [hivemq-test-hivemq-platform] [hivemq-platform-operator] [53418b0e] 17:04:10.586 [ReconcilerExecutor-hivemq-controller-66] DEBUG c.h.p.o.h.HiveMQPlatformReconcilerErrorHandler - [helmcust] Pod 'test-hivemq-platform-0' containerStatus 'hivemq' (started: false) (ready: false) (waiting: [PodInitializing] null)
2025-01-29 17:04:10,590 INFO c.h.h.t.HelmChartContainer - [hivemq-test-hivemq-platform] [hivemq-platform-operator] [53418b0e] 17:04:10.588 [ReconcilerExecutor-hivemq-controller-66] INFO  c.h.p.o.h.HiveMQPlatformReconcilerBaseHandler - [helmcust] HiveMQ Platform is starting, 0 of 1 replicas are ready
2025-01-29 17:04:10,594 INFO c.h.h.t.HelmChartContainer - [hivemq-test-hivemq-platform] [hivemq-platform-operator] [53418b0e] 17:04:10.592 [pool-6-thread-22] DEBUG c.h.p.o.d.PlatformServiceResource - [helmcust] Desired Platform services (3 services)
2025-01-29 17:04:10,595 INFO c.h.h.t.HelmChartContainer - [hivemq-test-hivemq-platform] [hivemq-platform-operator] [53418b0e] 17:04:10.595 [pool-6-thread-23] DEBUG c.h.p.o.dependants.PodInfoConfigMap - [helmcust] Desired PodInfo ConfigMap (1 extensions) (1 enabled)
2025-01-29 17:04:10,600 INFO c.h.h.t.HelmChartContainer - [K3S] [reconciler_common.go:251] "operationExecutor.VerifyControllerAttachedVolume started for volume \"pod-info\" (UniqueName: \"kubernetes.io/configmap/ad533c85-955c-41ec-9afb-7250b6579ef6-pod-info\") pod \"test-hivemq-platform-0\" (UID: \"ad533c85-955c-41ec-9afb-7250b6579ef6\") " pod="helmcustomextensionit/test-hivemq-platform-0"
2025-01-29 17:04:10,600 INFO c.h.h.t.HelmChartContainer - [K3S] [reconciler_common.go:251] "operationExecutor.VerifyControllerAttachedVolume started for volume \"operator-init\" (UniqueName: \"kubernetes.io/empty-dir/ad533c85-955c-41ec-9afb-7250b6579ef6-operator-init\") pod \"test-hivemq-platform-0\" (UID: \"ad533c85-955c-41ec-9afb-7250b6579ef6\") " pod="helmcustomextensionit/test-hivemq-platform-0"
2025-01-29 17:04:10,600 INFO c.h.h.t.HelmChartContainer - [K3S] [reconciler_common.go:251] "operationExecutor.VerifyControllerAttachedVolume started for volume \"broker-configuration\" (UniqueName: \"kubernetes.io/configmap/ad533c85-955c-41ec-9afb-7250b6579ef6-broker-configuration\") pod \"test-hivemq-platform-0\" (UID: \"ad533c85-955c-41ec-9afb-7250b6579ef6\") " pod="helmcustomextensionit/test-hivemq-platform-0"
2025-01-29 17:04:10,600 INFO c.h.h.t.HelmChartContainer - [K3S] [reconciler_common.go:251] "operationExecutor.VerifyControllerAttachedVolume started for volume \"kube-api-access-h8w77\" (UniqueName: \"kubernetes.io/projected/ad533c85-955c-41ec-9afb-7250b6579ef6-kube-api-access-h8w77\") pod \"test-hivemq-platform-0\" (UID: \"ad533c85-955c-41ec-9afb-7250b6579ef6\") " pod="helmcustomextensionit/test-hivemq-platform-0"
2025-01-29 17:04:10,680 INFO c.h.h.t.HelmChartContainer - [hivemq-test-hivemq-platform] [hivemq-platform-operator] [53418b0e] 17:04:10.595 [pool-6-thread-23] DEBUG c.h.p.o.dependants.PodInfoConfigMap - [helmcust] Desired PodInfo ConfigMap (metrics port: 9399) (metrics path: /)
2025-01-29 17:04:10,680 INFO c.h.h.t.HelmChartContainer - [hivemq-test-hivemq-platform] [hivemq-platform-operator] [53418b0e] 17:04:10.676 [pool-6-thread-23] DEBUG c.h.p.o.dependants.PodInfoConfigMap - [helmcust] Desired PodInfo ConfigMap (extension state hash: -2048767907)
2025-01-29 17:04:10,681 INFO c.h.h.t.HelmChartContainer - [hivemq-test-hivemq-platform] [hivemq-platform-operator] [53418b0e] 17:04:10.679 [pool-6-thread-27] DEBUG c.h.p.o.d.PodServiceAccountResource - [helmcust] Desired PodServiceAccountResource (serviceAccountName: hivemq-platform-pod-test-hivemq-platform)
2025-01-29 17:04:10,690 INFO c.h.h.t.HelmChartContainer - [hivemq-test-hivemq-platform] [hivemq-platform-operator] [53418b0e] 17:04:10.689 [pool-6-thread-30] DEBUG c.h.p.o.d.StatefulSetResource - [helmcust] Desired StatefulSet (1 replicas) for status STARTING (READY)
2025-01-29 17:04:10,782 INFO c.h.h.t.HelmChartContainer - [hivemq-test-hivemq-platform] [hivemq-platform-operator] [53418b0e] 17:04:10.778 [ReconcilerExecutor-hivemq-controller-77] INFO  c.h.p.o.HiveMQPlatformReconciler - [helmcust] Reconciling HiveMQ Platform 'test-hivemq-platform' in namespace 'helmcustomextensionit'
2025-01-29 17:04:10,784 INFO c.h.h.t.HelmChartContainer - [hivemq-test-hivemq-platform] [hivemq-platform-operator] [53418b0e] 17:04:10.779 [ReconcilerExecutor-hivemq-controller-77] DEBUG c.h.p.o.HiveMQPlatformReconciler - [helmcust] Custom Resource Status STARTING - HiveMQ Platform is starting (READY)
2025-01-29 17:04:10,785 INFO c.h.h.t.HelmChartContainer - [hivemq-test-hivemq-platform] [hivemq-platform-operator] [53418b0e] 17:04:10.779 [ReconcilerExecutor-hivemq-controller-77] DEBUG c.h.p.o.HiveMQPlatformReconciler - [helmcust] Custom Resource Spec (replicas: 1) (extensions: 1)
2025-01-29 17:04:10,788 INFO c.h.h.t.HelmChartContainer - [hivemq-test-hivemq-platform] [hivemq-platform-operator] [53418b0e] 17:04:10.788 [ReconcilerExecutor-hivemq-controller-77] DEBUG c.h.p.o.HiveMQPlatformReconciler - [helmcust] StatefulSet Status (revision: test-hivemq-platform-796ccc778, replicas: 1, available: 0, ready: 0, current: 1, updated: 1)
2025-01-29 17:04:10,789 INFO c.h.h.t.HelmChartContainer - [hivemq-test-hivemq-platform] [hivemq-platform-operator] [53418b0e] 17:04:10.788 [ReconcilerExecutor-hivemq-controller-77] DEBUG c.h.p.o.HiveMQPlatformReconciler - [helmcust] StatefulSet Spec (replicas: 1, init containers: 1, containers: 1, volumes: 3)
2025-01-29 17:04:10,794 INFO c.h.h.t.HelmChartContainer - [hivemq-test-hivemq-platform] [hivemq-platform-operator] [53418b0e] 17:04:10.792 [ReconcilerExecutor-hivemq-controller-77] DEBUG c.h.p.o.h.HiveMQPlatformReconcilerErrorHandler - [helmcust] Pod 'test-hivemq-platform-0' phase Pending
2025-01-29 17:04:10,795 INFO c.h.h.t.HelmChartContainer - [hivemq-test-hivemq-platform] [hivemq-platform-operator] [53418b0e] 17:04:10.792 [ReconcilerExecutor-hivemq-controller-77] DEBUG c.h.p.o.h.HiveMQPlatformReconcilerErrorHandler - [helmcust] Pod 'test-hivemq-platform-0' condition 'PodReadyToStartContainers': False
2025-01-29 17:04:10,795 INFO c.h.h.t.HelmChartContainer - [hivemq-test-hivemq-platform] [hivemq-platform-operator] [53418b0e] 17:04:10.792 [ReconcilerExecutor-hivemq-controller-77] DEBUG c.h.p.o.h.HiveMQPlatformReconcilerErrorHandler - [helmcust] Pod 'test-hivemq-platform-0' condition 'Initialized': False
2025-01-29 17:04:10,795 INFO c.h.h.t.HelmChartContainer - [hivemq-test-hivemq-platform] [hivemq-platform-operator] [53418b0e] 17:04:10.792 [ReconcilerExecutor-hivemq-controller-77] DEBUG c.h.p.o.h.HiveMQPlatformReconcilerErrorHandler - [helmcust] Pod 'test-hivemq-platform-0' condition 'Ready': False
2025-01-29 17:04:10,795 INFO c.h.h.t.HelmChartContainer - [hivemq-test-hivemq-platform] [hivemq-platform-operator] [53418b0e] 17:04:10.792 [ReconcilerExecutor-hivemq-controller-77] DEBUG c.h.p.o.h.HiveMQPlatformReconcilerErrorHandler - [helmcust] Pod 'test-hivemq-platform-0' condition 'ContainersReady': False
2025-01-29 17:04:10,795 INFO c.h.h.t.HelmChartContainer - [hivemq-test-hivemq-platform] [hivemq-platform-operator] [53418b0e] 17:04:10.792 [ReconcilerExecutor-hivemq-controller-77] DEBUG c.h.p.o.h.HiveMQPlatformReconcilerErrorHandler - [helmcust] Pod 'test-hivemq-platform-0' condition 'PodScheduled': True
2025-01-29 17:04:10,795 INFO c.h.h.t.HelmChartContainer - [hivemq-test-hivemq-platform] [hivemq-platform-operator] [53418b0e] 17:04:10.792 [ReconcilerExecutor-hivemq-controller-77] DEBUG c.h.p.o.h.HiveMQPlatformReconcilerErrorHandler - [helmcust] Pod 'test-hivemq-platform-0' containerStatus 'hivemq' (started: false) (ready: false) (waiting: [PodInitializing] null)
2025-01-29 17:04:10,795 INFO c.h.h.t.HelmChartContainer - [hivemq-test-hivemq-platform] [hivemq-platform-operator] [53418b0e] 17:04:10.793 [ReconcilerExecutor-hivemq-controller-77] INFO  c.h.p.o.h.HiveMQPlatformReconcilerBaseHandler - [helmcust] HiveMQ Platform is starting, 0 of 1 replicas are ready
2025-01-29 17:04:10,812 INFO c.h.h.t.HelmChartContainer - [EVENT] Normal [Pulled] Container image "docker.io/hivemq/hivemq-platform-operator-init-test:snapshot" already present on machine [helmcustomextensionit:test-hivemq-platform-0]
2025-01-29 17:04:10,951 INFO c.h.h.t.HelmChartContainer - [EVENT] Normal [Created] Created container: hivemq-platform-operator-init [helmcustomextensionit:test-hivemq-platform-0]
2025-01-29 17:04:10,986 INFO c.h.h.t.HelmChartContainer - [EVENT] Normal [Started] Started container hivemq-platform-operator-init [helmcustomextensionit:test-hivemq-platform-0]
2025-01-29 17:04:11,557 INFO c.h.h.t.HelmChartContainer - [POD] test-hivemq-platform-0 [ad533c85-955c-41ec-9afb-7250b6579ef6] in helmcustomextensionit was MODIFIED
2025-01-29 17:04:11,574 INFO c.h.h.t.HelmChartContainer - [hivemq-test-hivemq-platform] [hivemq-platform-operator] [53418b0e] 17:04:11.569 [pool-6-thread-32] DEBUG c.h.p.o.d.PlatformServiceResource - [helmcust] Desired Platform services (3 services)
2025-01-29 17:04:11,576 INFO c.h.h.t.HelmChartContainer - [hivemq-test-hivemq-platform] [hivemq-platform-operator] [53418b0e] 17:04:11.575 [pool-6-thread-37] DEBUG c.h.p.o.d.PodServiceAccountResource - [helmcust] Desired PodServiceAccountResource (serviceAccountName: hivemq-platform-pod-test-hivemq-platform)
2025-01-29 17:04:11,576 INFO c.h.h.t.HelmChartContainer - [hivemq-test-hivemq-platform] [hivemq-platform-operator] [53418b0e] 17:04:11.575 [pool-6-thread-33] DEBUG c.h.p.o.dependants.PodInfoConfigMap - [helmcust] Desired PodInfo ConfigMap (1 extensions) (1 enabled)
2025-01-29 17:04:11,578 INFO c.h.h.t.HelmChartContainer - [hivemq-test-hivemq-platform] [hivemq-platform-operator] [53418b0e] 17:04:11.575 [pool-6-thread-33] DEBUG c.h.p.o.dependants.PodInfoConfigMap - [helmcust] Desired PodInfo ConfigMap (metrics port: 9399) (metrics path: /)
2025-01-29 17:04:11,578 INFO c.h.h.t.HelmChartContainer - [hivemq-test-hivemq-platform] [hivemq-platform-operator] [53418b0e] 17:04:11.576 [pool-6-thread-33] DEBUG c.h.p.o.dependants.PodInfoConfigMap - [helmcust] Desired PodInfo ConfigMap (extension state hash: -2048767907)
2025-01-29 17:04:11,643 INFO c.h.h.t.HelmChartContainer - [hivemq-test-hivemq-platform] [hivemq-platform-operator] [53418b0e] 17:04:11.642 [pool-6-thread-40] DEBUG c.h.p.o.d.StatefulSetResource - [helmcust] Desired StatefulSet (1 replicas) for status STARTING (READY)
2025-01-29 17:04:11,650 INFO c.h.h.t.HelmChartContainer - [hivemq-test-hivemq-platform] [hivemq-platform-operator] [53418b0e] 17:04:11.647 [ReconcilerExecutor-hivemq-controller-88] INFO  c.h.p.o.HiveMQPlatformReconciler - [helmcust] Reconciling HiveMQ Platform 'test-hivemq-platform' in namespace 'helmcustomextensionit'
2025-01-29 17:04:11,651 INFO c.h.h.t.HelmChartContainer - [hivemq-test-hivemq-platform] [hivemq-platform-operator] [53418b0e] 17:04:11.647 [ReconcilerExecutor-hivemq-controller-88] DEBUG c.h.p.o.HiveMQPlatformReconciler - [helmcust] Custom Resource Status STARTING - HiveMQ Platform is starting (READY)
2025-01-29 17:04:11,651 INFO c.h.h.t.HelmChartContainer - [hivemq-test-hivemq-platform] [hivemq-platform-operator] [53418b0e] 17:04:11.647 [ReconcilerExecutor-hivemq-controller-88] DEBUG c.h.p.o.HiveMQPlatformReconciler - [helmcust] Custom Resource Spec (replicas: 1) (extensions: 1)
2025-01-29 17:04:11,651 INFO c.h.h.t.HelmChartContainer - [hivemq-test-hivemq-platform] [hivemq-platform-operator] [53418b0e] 17:04:11.649 [ReconcilerExecutor-hivemq-controller-88] DEBUG c.h.p.o.HiveMQPlatformReconciler - [helmcust] StatefulSet Status (revision: test-hivemq-platform-796ccc778, replicas: 1, available: 0, ready: 0, current: 1, updated: 1)
2025-01-29 17:04:11,651 INFO c.h.h.t.HelmChartContainer - [hivemq-test-hivemq-platform] [hivemq-platform-operator] [53418b0e] 17:04:11.649 [ReconcilerExecutor-hivemq-controller-88] DEBUG c.h.p.o.HiveMQPlatformReconciler - [helmcust] StatefulSet Spec (replicas: 1, init containers: 1, containers: 1, volumes: 3)
2025-01-29 17:04:11,654 INFO c.h.h.t.HelmChartContainer - [hivemq-test-hivemq-platform] [hivemq-platform-operator] [53418b0e] 17:04:11.653 [ReconcilerExecutor-hivemq-controller-88] DEBUG c.h.p.o.h.HiveMQPlatformReconcilerErrorHandler - [helmcust] Pod 'test-hivemq-platform-0' phase Pending
2025-01-29 17:04:11,655 INFO c.h.h.t.HelmChartContainer - [hivemq-test-hivemq-platform] [hivemq-platform-operator] [53418b0e] 17:04:11.653 [ReconcilerExecutor-hivemq-controller-88] DEBUG c.h.p.o.h.HiveMQPlatformReconcilerErrorHandler - [helmcust] Pod 'test-hivemq-platform-0' condition 'PodReadyToStartContainers': True
2025-01-29 17:04:11,655 INFO c.h.h.t.HelmChartContainer - [hivemq-test-hivemq-platform] [hivemq-platform-operator] [53418b0e] 17:04:11.654 [ReconcilerExecutor-hivemq-controller-88] DEBUG c.h.p.o.h.HiveMQPlatformReconcilerErrorHandler - [helmcust] Pod 'test-hivemq-platform-0' condition 'Initialized': False
2025-01-29 17:04:11,655 INFO c.h.h.t.HelmChartContainer - [hivemq-test-hivemq-platform] [hivemq-platform-operator] [53418b0e] 17:04:11.654 [ReconcilerExecutor-hivemq-controller-88] DEBUG c.h.p.o.h.HiveMQPlatformReconcilerErrorHandler - [helmcust] Pod 'test-hivemq-platform-0' condition 'Ready': False
2025-01-29 17:04:11,656 INFO c.h.h.t.HelmChartContainer - [hivemq-test-hivemq-platform] [hivemq-platform-operator] [53418b0e] 17:04:11.654 [ReconcilerExecutor-hivemq-controller-88] DEBUG c.h.p.o.h.HiveMQPlatformReconcilerErrorHandler - [helmcust] Pod 'test-hivemq-platform-0' condition 'ContainersReady': False
2025-01-29 17:04:11,656 INFO c.h.h.t.HelmChartContainer - [hivemq-test-hivemq-platform] [hivemq-platform-operator] [53418b0e] 17:04:11.654 [ReconcilerExecutor-hivemq-controller-88] DEBUG c.h.p.o.h.HiveMQPlatformReconcilerErrorHandler - [helmcust] Pod 'test-hivemq-platform-0' condition 'PodScheduled': True
2025-01-29 17:04:11,656 INFO c.h.h.t.HelmChartContainer - [hivemq-test-hivemq-platform] [hivemq-platform-operator] [53418b0e] 17:04:11.655 [ReconcilerExecutor-hivemq-controller-88] DEBUG c.h.p.o.h.HiveMQPlatformReconcilerErrorHandler - [helmcust] Pod 'test-hivemq-platform-0' containerStatus 'hivemq' (started: false) (ready: false) (waiting: [PodInitializing] null)
2025-01-29 17:04:11,657 INFO c.h.h.t.HelmChartContainer - [hivemq-test-hivemq-platform] [hivemq-platform-operator] [53418b0e] 17:04:11.656 [ReconcilerExecutor-hivemq-controller-88] INFO  c.h.p.o.h.HiveMQPlatformReconcilerBaseHandler - [helmcust] HiveMQ Platform is starting, 0 of 1 replicas are ready
2025-01-29 17:04:12,549 INFO c.h.h.t.HelmChartContainer - [EVENT] Normal [Pulled] Container image "docker.io/hivemq/hivemq4:4.36.0" already present on machine [helmcustomextensionit:test-hivemq-platform-0]
2025-01-29 17:04:12,550 INFO c.h.h.t.HelmChartContainer - Received Pulled event for container hivemq in pod test-hivemq-platform-0 [ad533c85-955c-41ec-9afb-7250b6579ef6]
2025-01-29 17:04:12,556 INFO c.h.h.t.HelmChartContainer - [POD] test-hivemq-platform-0 [ad533c85-955c-41ec-9afb-7250b6579ef6] in helmcustomextensionit was MODIFIED
2025-01-29 17:04:12,571 INFO c.h.h.t.HelmChartContainer - [hivemq-test-hivemq-platform] [hivemq-platform-operator] [53418b0e] 17:04:12.565 [pool-6-thread-42] DEBUG c.h.p.o.d.PlatformServiceResource - [helmcust] Desired Platform services (3 services)
2025-01-29 17:04:12,572 INFO c.h.h.t.HelmChartContainer - [hivemq-test-hivemq-platform] [hivemq-platform-operator] [53418b0e] 17:04:12.566 [pool-6-thread-43] DEBUG c.h.p.o.dependants.PodInfoConfigMap - [helmcust] Desired PodInfo ConfigMap (1 extensions) (1 enabled)
2025-01-29 17:04:12,572 INFO c.h.h.t.HelmChartContainer - [hivemq-test-hivemq-platform] [hivemq-platform-operator] [53418b0e] 17:04:12.568 [pool-6-thread-43] DEBUG c.h.p.o.dependants.PodInfoConfigMap - [helmcust] Desired PodInfo ConfigMap (metrics port: 9399) (metrics path: /)
2025-01-29 17:04:12,572 INFO c.h.h.t.HelmChartContainer - [hivemq-test-hivemq-platform] [hivemq-platform-operator] [53418b0e] 17:04:12.569 [pool-6-thread-43] DEBUG c.h.p.o.dependants.PodInfoConfigMap - [helmcust] Desired PodInfo ConfigMap (extension state hash: -2048767907)
2025-01-29 17:04:12,573 INFO c.h.h.t.HelmChartContainer - [hivemq-test-hivemq-platform] [hivemq-platform-operator] [53418b0e] 17:04:12.571 [pool-6-thread-47] DEBUG c.h.p.o.d.PodServiceAccountResource - [helmcust] Desired PodServiceAccountResource (serviceAccountName: hivemq-platform-pod-test-hivemq-platform)
2025-01-29 17:04:12,642 INFO c.h.h.t.HelmChartContainer - [hivemq-test-hivemq-platform] [hivemq-platform-operator] [53418b0e] 17:04:12.641 [pool-6-thread-49] DEBUG c.h.p.o.d.StatefulSetResource - [helmcust] Desired StatefulSet (1 replicas) for status STARTING (READY)
2025-01-29 17:04:12,648 INFO c.h.h.t.HelmChartContainer - [hivemq-test-hivemq-platform] [hivemq-platform-operator] [53418b0e] 17:04:12.646 [ReconcilerExecutor-hivemq-controller-99] INFO  c.h.p.o.HiveMQPlatformReconciler - [helmcust] Reconciling HiveMQ Platform 'test-hivemq-platform' in namespace 'helmcustomextensionit'
2025-01-29 17:04:12,648 INFO c.h.h.t.HelmChartContainer - [hivemq-test-hivemq-platform] [hivemq-platform-operator] [53418b0e] 17:04:12.646 [ReconcilerExecutor-hivemq-controller-99] DEBUG c.h.p.o.HiveMQPlatformReconciler - [helmcust] Custom Resource Status STARTING - HiveMQ Platform is starting (READY)
2025-01-29 17:04:12,649 INFO c.h.h.t.HelmChartContainer - [hivemq-test-hivemq-platform] [hivemq-platform-operator] [53418b0e] 17:04:12.647 [ReconcilerExecutor-hivemq-controller-99] DEBUG c.h.p.o.HiveMQPlatformReconciler - [helmcust] Custom Resource Spec (replicas: 1) (extensions: 1)
2025-01-29 17:04:12,651 INFO c.h.h.t.HelmChartContainer - [hivemq-test-hivemq-platform] [hivemq-platform-operator] [53418b0e] 17:04:12.649 [ReconcilerExecutor-hivemq-controller-99] DEBUG c.h.p.o.HiveMQPlatformReconciler - [helmcust] StatefulSet Status (revision: test-hivemq-platform-796ccc778, replicas: 1, available: 0, ready: 0, current: 1, updated: 1)
2025-01-29 17:04:12,651 INFO c.h.h.t.HelmChartContainer - [hivemq-test-hivemq-platform] [hivemq-platform-operator] [53418b0e] 17:04:12.649 [ReconcilerExecutor-hivemq-controller-99] DEBUG c.h.p.o.HiveMQPlatformReconciler - [helmcust] StatefulSet Spec (replicas: 1, init containers: 1, containers: 1, volumes: 3)
2025-01-29 17:04:12,653 INFO c.h.h.t.HelmChartContainer - [hivemq-test-hivemq-platform] [hivemq-platform-operator] [53418b0e] 17:04:12.652 [ReconcilerExecutor-hivemq-controller-99] DEBUG c.h.p.o.h.HiveMQPlatformReconcilerErrorHandler - [helmcust] Pod 'test-hivemq-platform-0' phase Pending
2025-01-29 17:04:12,654 INFO c.h.h.t.HelmChartContainer - [hivemq-test-hivemq-platform] [hivemq-platform-operator] [53418b0e] 17:04:12.652 [ReconcilerExecutor-hivemq-controller-99] DEBUG c.h.p.o.h.HiveMQPlatformReconcilerErrorHandler - [helmcust] Pod 'test-hivemq-platform-0' condition 'PodReadyToStartContainers': True
2025-01-29 17:04:12,655 INFO c.h.h.t.HelmChartContainer - [hivemq-test-hivemq-platform] [hivemq-platform-operator] [53418b0e] 17:04:12.652 [ReconcilerExecutor-hivemq-controller-99] DEBUG c.h.p.o.h.HiveMQPlatformReconcilerErrorHandler - [helmcust] Pod 'test-hivemq-platform-0' condition 'Initialized': True
2025-01-29 17:04:12,655 INFO c.h.h.t.HelmChartContainer - [hivemq-test-hivemq-platform] [hivemq-platform-operator] [53418b0e] 17:04:12.652 [ReconcilerExecutor-hivemq-controller-99] DEBUG c.h.p.o.h.HiveMQPlatformReconcilerErrorHandler - [helmcust] Pod 'test-hivemq-platform-0' condition 'Ready': False
2025-01-29 17:04:12,655 INFO c.h.h.t.HelmChartContainer - [hivemq-test-hivemq-platform] [hivemq-platform-operator] [53418b0e] 17:04:12.652 [ReconcilerExecutor-hivemq-controller-99] DEBUG c.h.p.o.h.HiveMQPlatformReconcilerErrorHandler - [helmcust] Pod 'test-hivemq-platform-0' condition 'ContainersReady': False
2025-01-29 17:04:12,655 INFO c.h.h.t.HelmChartContainer - [hivemq-test-hivemq-platform] [hivemq-platform-operator] [53418b0e] 17:04:12.652 [ReconcilerExecutor-hivemq-controller-99] DEBUG c.h.p.o.h.HiveMQPlatformReconcilerErrorHandler - [helmcust] Pod 'test-hivemq-platform-0' condition 'PodScheduled': True
2025-01-29 17:04:12,655 INFO c.h.h.t.HelmChartContainer - [hivemq-test-hivemq-platform] [hivemq-platform-operator] [53418b0e] 17:04:12.652 [ReconcilerExecutor-hivemq-controller-99] DEBUG c.h.p.o.h.HiveMQPlatformReconcilerErrorHandler - [helmcust] Pod 'test-hivemq-platform-0' containerStatus 'hivemq' (started: false) (ready: false) (waiting: [PodInitializing] null)
2025-01-29 17:04:12,656 INFO c.h.h.t.HelmChartContainer - [hivemq-test-hivemq-platform] [hivemq-platform-operator] [53418b0e] 17:04:12.653 [ReconcilerExecutor-hivemq-controller-99] INFO  c.h.p.o.h.HiveMQPlatformReconcilerBaseHandler - [helmcust] HiveMQ Platform is starting, 0 of 1 replicas are ready
2025-01-29 17:04:14,170 INFO c.h.h.t.HelmChartContainer - [EVENT] Normal [Created] Created container: hivemq [helmcustomextensionit:test-hivemq-platform-0]
2025-01-29 17:04:14,171 INFO c.h.h.t.HelmChartContainer - Received Created event for container hivemq in pod test-hivemq-platform-0 [ad533c85-955c-41ec-9afb-7250b6579ef6]
2025-01-29 17:04:14,561 INFO c.h.h.t.HelmChartContainer - [POD] test-hivemq-platform-0 [ad533c85-955c-41ec-9afb-7250b6579ef6] in helmcustomextensionit was MODIFIED
2025-01-29 17:04:14,576 INFO c.h.h.t.HelmChartContainer - [hivemq-test-hivemq-platform] [hivemq-platform-operator] [53418b0e] 17:04:14.567 [pool-6-thread-3] DEBUG c.h.p.o.d.PlatformServiceResource - [helmcust] Desired Platform services (3 services)
2025-01-29 17:04:14,576 INFO c.h.h.t.HelmChartContainer - Started log watcher for hivemq in pod test-hivemq-platform-0 [ad533c85-955c-41ec-9afb-7250b6579ef6]
2025-01-29 17:04:14,577 INFO c.h.h.t.HelmChartContainer - [test-hivemq-platform] [hivemq] [ad533c85] Adding pre-installed HiveMQ Platform Operator extensions
2025-01-29 17:04:14,577 INFO c.h.h.t.HelmChartContainer - [test-hivemq-platform] [hivemq] [ad533c85] Running as user 10000
2025-01-29 17:04:14,577 INFO c.h.h.t.HelmChartContainer - [test-hivemq-platform] [hivemq] [ad533c85] Starting HiveMQ Platform Operator Init
2025-01-29 17:04:14,577 INFO c.h.h.t.HelmChartContainer - [EVENT] Normal [Started] Started container hivemq [helmcustomextensionit:test-hivemq-platform-0]
2025-01-29 17:04:14,577 INFO c.h.h.t.HelmChartContainer - Received Started event for container hivemq in pod test-hivemq-platform-0 [ad533c85-955c-41ec-9afb-7250b6579ef6]
2025-01-29 17:04:14,577 INFO c.h.h.t.HelmChartContainer - [hivemq-test-hivemq-platform] [hivemq-platform-operator] [53418b0e] 17:04:14.568 [pool-6-thread-5] DEBUG c.h.p.o.dependants.PodInfoConfigMap - [helmcust] Desired PodInfo ConfigMap (1 extensions) (1 enabled)
2025-01-29 17:04:14,577 INFO c.h.h.t.HelmChartContainer - [hivemq-test-hivemq-platform] [hivemq-platform-operator] [53418b0e] 17:04:14.574 [pool-6-thread-5] DEBUG c.h.p.o.dependants.PodInfoConfigMap - [helmcust] Desired PodInfo ConfigMap (metrics port: 9399) (metrics path: /)
2025-01-29 17:04:14,577 INFO c.h.h.t.HelmChartContainer - [hivemq-test-hivemq-platform] [hivemq-platform-operator] [53418b0e] 17:04:14.575 [pool-6-thread-5] DEBUG c.h.p.o.dependants.PodInfoConfigMap - [helmcust] Desired PodInfo ConfigMap (extension state hash: -2048767907)
2025-01-29 17:04:14,577 INFO c.h.h.t.HelmChartContainer - [hivemq-test-hivemq-platform] [hivemq-platform-operator] [53418b0e] 17:04:14.568 [pool-6-thread-4] DEBUG c.h.p.o.d.PodServiceAccountResource - [helmcust] Desired PodServiceAccountResource (serviceAccountName: hivemq-platform-pod-test-hivemq-platform)
2025-01-29 17:04:14,586 INFO c.h.h.t.HelmChartContainer - [hivemq-test-hivemq-platform] [hivemq-platform-operator] [53418b0e] 17:04:14.584 [pool-6-thread-3] DEBUG c.h.p.o.d.StatefulSetResource - [helmcust] Desired StatefulSet (1 replicas) for status STARTING (READY)
2025-01-29 17:04:14,640 INFO c.h.h.t.HelmChartContainer - [hivemq-test-hivemq-platform] [hivemq-platform-operator] [53418b0e] 17:04:14.638 [ReconcilerExecutor-hivemq-controller-110] INFO  c.h.p.o.HiveMQPlatformReconciler - [helmcust] Reconciling HiveMQ Platform 'test-hivemq-platform' in namespace 'helmcustomextensionit'
2025-01-29 17:04:14,640 INFO c.h.h.t.HelmChartContainer - [hivemq-test-hivemq-platform] [hivemq-platform-operator] [53418b0e] 17:04:14.639 [ReconcilerExecutor-hivemq-controller-110] DEBUG c.h.p.o.HiveMQPlatformReconciler - [helmcust] Custom Resource Status STARTING - HiveMQ Platform is starting (READY)
2025-01-29 17:04:14,641 INFO c.h.h.t.HelmChartContainer - [hivemq-test-hivemq-platform] [hivemq-platform-operator] [53418b0e] 17:04:14.639 [ReconcilerExecutor-hivemq-controller-110] DEBUG c.h.p.o.HiveMQPlatformReconciler - [helmcust] Custom Resource Spec (replicas: 1) (extensions: 1)
2025-01-29 17:04:14,642 INFO c.h.h.t.HelmChartContainer - [hivemq-test-hivemq-platform] [hivemq-platform-operator] [53418b0e] 17:04:14.641 [ReconcilerExecutor-hivemq-controller-110] DEBUG c.h.p.o.HiveMQPlatformReconciler - [helmcust] StatefulSet Status (revision: test-hivemq-platform-796ccc778, replicas: 1, available: 0, ready: 0, current: 1, updated: 1)
2025-01-29 17:04:14,643 INFO c.h.h.t.HelmChartContainer - [hivemq-test-hivemq-platform] [hivemq-platform-operator] [53418b0e] 17:04:14.641 [ReconcilerExecutor-hivemq-controller-110] DEBUG c.h.p.o.HiveMQPlatformReconciler - [helmcust] StatefulSet Spec (replicas: 1, init containers: 1, containers: 1, volumes: 3)
2025-01-29 17:04:14,645 INFO c.h.h.t.HelmChartContainer - [hivemq-test-hivemq-platform] [hivemq-platform-operator] [53418b0e] 17:04:14.644 [ReconcilerExecutor-hivemq-controller-110] DEBUG c.h.p.o.h.HiveMQPlatformReconcilerErrorHandler - [helmcust] Pod 'test-hivemq-platform-0' phase Running
2025-01-29 17:04:14,647 INFO c.h.h.t.HelmChartContainer - [hivemq-test-hivemq-platform] [hivemq-platform-operator] [53418b0e] 17:04:14.645 [ReconcilerExecutor-hivemq-controller-110] INFO  c.h.p.o.h.HiveMQPlatformReconcilerBaseHandler - [helmcust] HiveMQ Platform is starting, 0 of 1 replicas are ready
2025-01-29 17:04:15,482 INFO c.h.h.t.HelmChartContainer - [test-hivemq-platform] [hivemq] [ad533c85] INFO  - [HiveMQ Platform Operator Init 1.7.0-SNAPSHOT] HiveMQ Platform Operator Init 1.7.0-SNAPSHOT (commit: 8465ebf on branch: HEAD) built on Wed Jan 29 16:56:31 UTC 2025
2025-01-29 17:04:16,613 INFO c.h.h.t.HelmChartContainer - [test-hivemq-platform] [hivemq] [ad533c85] INFO  - [HiveMQ Platform Operator Init App 1.7.0-SNAPSHOT] Using bind address 10.42.0.10 from environment variable
2025-01-29 17:04:17,578 INFO c.h.h.t.HelmChartContainer - [test-hivemq-platform] [hivemq] [ad533c85] INFO  - [HiveMQ Platform Operator Init App 1.7.0-SNAPSHOT] HiveMQ Platform Operator Init App 1.7.0-SNAPSHOT (commit: 8465ebf on branch: HEAD) built on Wed Jan 29 16:56:31 UTC 2025
2025-01-29 17:04:17,579 INFO c.h.h.t.HelmChartContainer - [test-hivemq-platform] [hivemq] [ad533c85] INFO  - [HiveMQ Platform Operator Init App 1.7.0-SNAPSHOT] PodInfo ConfigMap directory: /etc/podinfo
2025-01-29 17:04:17,579 INFO c.h.h.t.HelmChartContainer - [test-hivemq-platform] [hivemq] [ad533c85] INFO  - [HiveMQ Platform Operator Init App 1.7.0-SNAPSHOT] HiveMQ home directory: /opt/hivemq
2025-01-29 17:04:17,579 INFO c.h.h.t.HelmChartContainer - [test-hivemq-platform] [hivemq] [ad533c85] INFO  - [HiveMQ Platform Operator Init App 1.7.0-SNAPSHOT] HiveMQ Logback folder: /opt/hivemq/conf
2025-01-29 17:04:17,579 INFO c.h.h.t.HelmChartContainer - [test-hivemq-platform] [hivemq] [ad533c85] INFO  - [HiveMQ Platform Operator Init App 1.7.0-SNAPSHOT] HiveMQ Config folder: /opt/hivemq/conf-k8s
2025-01-29 17:04:17,580 INFO c.h.h.t.HelmChartContainer - [test-hivemq-platform] [hivemq] [ad533c85] INFO  - [HiveMQ Platform Operator Init App 1.7.0-SNAPSHOT] Starting HiveMQ Platform Operator Init App
2025-01-29 17:04:17,580 INFO c.h.h.t.HelmChartContainer - [test-hivemq-platform] [hivemq] [ad533c85] INFO  - [HiveMQ Platform Operator Init App 1.7.0-SNAPSHOT] Starting Pod reconciler
2025-01-29 17:04:18,728 INFO c.h.h.t.HelmChartContainer - [test-hivemq-platform] [hivemq] [ad533c85] INFO  - [HiveMQ Platform Operator Init App 1.7.0-SNAPSHOT] Pod reconciler is scheduled (interval: 5000 ms)
2025-01-29 17:04:18,729 INFO c.h.h.t.HelmChartContainer - [test-hivemq-platform] [hivemq] [ad533c85] INFO  - [HiveMQ Platform Operator Init App 1.7.0-SNAPSHOT] Starting the REST API on 10.42.0.10:7979
2025-01-29 17:04:18,797 INFO c.h.h.t.HelmChartContainer - [test-hivemq-platform] [hivemq] [ad533c85] INFO  - [HiveMQ Platform Operator Init App 1.7.0-SNAPSHOT] Waiting up to 600s for at most 1 HiveMQ nodes in cluster service hivemq-test-hivemq-platform-cluster.helmcustomextensionit.svc
2025-01-29 17:04:19,110 INFO c.h.h.t.HelmChartContainer - [test-hivemq-platform] [hivemq] [ad533c85] INFO  - [HiveMQ Platform Operator Init App 1.7.0-SNAPSHOT] Resolved 1 IP addresses: [10.42.0.10]
2025-01-29 17:04:19,110 INFO c.h.h.t.HelmChartContainer - [test-hivemq-platform] [hivemq] [ad533c85] INFO  - [HiveMQ Platform Operator Init App 1.7.0-SNAPSHOT] HiveMQ node count of 1 is within threshold of 1
2025-01-29 17:04:19,110 INFO c.h.h.t.HelmChartContainer - [test-hivemq-platform] [hivemq] [ad533c85] INFO  - [HiveMQ Platform Operator Init App 1.7.0-SNAPSHOT] Proceeding with container start
2025-01-29 17:04:19,203 INFO c.h.h.t.HelmChartContainer - [test-hivemq-platform] [hivemq] [ad533c85] INFO  - [HiveMQ Platform Operator Init App 1.7.0-SNAPSHOT] Initializing HiveMQ Platform extensions with initial configuration: {hivemq-custom-test-extension={start-priority=-1, skip-https-hostname-verification=false, restart=true, config-version=0, header-version=0, c-uri=, priority=-1, uri=http://nginx-service/hivemq-custom-test-extension-1.0.0.zip, skip-https-certificate-validation=false, enabled=true}, hivemq-prometheus-extension={restart=true, enabled=true, request-header-path=no-request-headers, uri=preinstalled, skip-https-certificate-validation=false, skip-https-hostname-verification=false, c-uri=, start-priority=-1, priority=-1}}
2025-01-29 17:04:19,204 INFO c.h.h.t.HelmChartContainer - [test-hivemq-platform] [hivemq] [ad533c85] INFO  - [HiveMQ Platform Operator Init App 1.7.0-SNAPSHOT] Installing custom extension hivemq-custom-test-extension from URL http://nginx-service/hivemq-custom-test-extension-1.0.0.zip
2025-01-29 17:04:19,205 INFO c.h.h.t.HelmChartContainer - [test-hivemq-platform] [hivemq] [ad533c85] INFO  - [HiveMQ Platform Operator Init App 1.7.0-SNAPSHOT] Downloading custom extension hivemq-custom-test-extension into '/tmp/hivemq-custom-test-extension17713185342487245861/extension.zip'
2025-01-29 17:04:19,304 INFO c.h.h.t.HelmChartContainer - [nginx-65c6bbbf94-7hw] [nginx] [218d97ae] 10.42.0.10 - - [29/Jan/2025:17:04:19 +0000] "GET /hivemq-custom-test-extension-1.0.0.zip HTTP/1.1" 200 11637 "-" "Java-http-client/21.0.5" "-"
2025-01-29 17:04:19,317 INFO c.h.h.t.HelmChartContainer - [test-hivemq-platform] [hivemq] [ad533c85] INFO  - [HiveMQ Platform Operator Init App 1.7.0-SNAPSHOT] Copy extension from '/tmp/hivemq-custom-test-extension17713185342487245861/hivemq-custom-test-extension' to '/opt/hivemq/extensions/hivemq-custom-test-extension'
2025-01-29 17:04:19,396 INFO c.h.h.t.HelmChartContainer - [test-hivemq-platform] [hivemq] [ad533c85] INFO  - [HiveMQ Platform Operator Init App 1.7.0-SNAPSHOT] Found hivemq-extension.xml in folder '/tmp/hivemq-custom-test-extension17713185342487245861/hivemq-custom-test-extension/hivemq-custom-test-extension'
2025-01-29 17:04:19,808 INFO c.h.h.t.HelmChartContainer - [test-hivemq-platform] [hivemq] [ad533c85] INFO  - [HiveMQ Platform Operator Init App 1.7.0-SNAPSHOT] Extension hivemq-custom-test-extension was already enabled
2025-01-29 17:04:19,903 INFO c.h.h.t.HelmChartContainer - [test-hivemq-platform] [hivemq] [ad533c85] INFO  - [HiveMQ Platform Operator Init App 1.7.0-SNAPSHOT] Successfully enabled extension hivemq-prometheus-extension
2025-01-29 17:04:19,904 INFO c.h.h.t.HelmChartContainer - [test-hivemq-platform] [hivemq] [ad533c85] INFO  - [HiveMQ Platform Operator Init App 1.7.0-SNAPSHOT] Starting HiveMQ Platform version 4.36.0 (4.36.0)
2025-01-29 17:04:19,904 INFO c.h.h.t.HelmChartContainer - [test-hivemq-platform] [hivemq] [ad533c85] INFO  - [HiveMQ Platform Operator Init App 1.7.0-SNAPSHOT] Configuring the HiveMQ Platform
2025-01-29 17:04:19,996 INFO c.h.h.t.HelmChartContainer - [test-hivemq-platform] [hivemq] [ad533c85] INFO  - [HiveMQ Platform Operator Init App 1.7.0-SNAPSHOT] Changed logback.xml file scan period to 20 seconds
2025-01-29 17:04:20,010 INFO c.h.h.t.HelmChartContainer - [test-hivemq-platform] [hivemq] [ad533c85] INFO  - [HiveMQ Platform Operator Init App 1.7.0-SNAPSHOT] Starting the HiveMQ Platform
2025-01-29 17:04:20,013 INFO c.h.h.t.HelmChartContainer - [test-hivemq-platform] [hivemq] [ad533c85] -------------------------------------------------------------------------
2025-01-29 17:04:20,013 INFO c.h.h.t.HelmChartContainer - [test-hivemq-platform] [hivemq] [ad533c85] 
2025-01-29 17:04:20,013 INFO c.h.h.t.HelmChartContainer - [test-hivemq-platform] [hivemq] [ad533c85]                   _    _  _              __  __   ____
2025-01-29 17:04:20,013 INFO c.h.h.t.HelmChartContainer - [test-hivemq-platform] [hivemq] [ad533c85]                  | |  | |(_)            |  \/  | / __ \
2025-01-29 17:04:20,013 INFO c.h.h.t.HelmChartContainer - [test-hivemq-platform] [hivemq] [ad533c85]                  | |__| | _ __   __ ___ | \  / || |  | |
2025-01-29 17:04:20,013 INFO c.h.h.t.HelmChartContainer - [test-hivemq-platform] [hivemq] [ad533c85]                  |  __  || |\ \ / // _ \| |\/| || |  | |
2025-01-29 17:04:20,013 INFO c.h.h.t.HelmChartContainer - [test-hivemq-platform] [hivemq] [ad533c85]                  | |  | || | \ V /|  __/| |  | || |__| |
2025-01-29 17:04:20,013 INFO c.h.h.t.HelmChartContainer - [test-hivemq-platform] [hivemq] [ad533c85]                  |_|  |_||_|  \_/  \___||_|  |_| \___\_\
2025-01-29 17:04:20,013 INFO c.h.h.t.HelmChartContainer - [test-hivemq-platform] [hivemq] [ad533c85] 
2025-01-29 17:04:20,013 INFO c.h.h.t.HelmChartContainer - [test-hivemq-platform] [hivemq] [ad533c85] -------------------------------------------------------------------------
2025-01-29 17:04:20,013 INFO c.h.h.t.HelmChartContainer - [test-hivemq-platform] [hivemq] [ad533c85] 
2025-01-29 17:04:20,013 INFO c.h.h.t.HelmChartContainer - [test-hivemq-platform] [hivemq] [ad533c85]   HiveMQ Start Script for Linux/Unix v1.14
2025-01-29 17:04:20,013 INFO c.h.h.t.HelmChartContainer - [test-hivemq-platform] [hivemq] [ad533c85] 
2025-01-29 17:04:20,120 INFO c.h.h.t.HelmChartContainer - [test-hivemq-platform] [hivemq] [ad533c85] -------------------------------------------------------------------------
2025-01-29 17:04:20,121 INFO c.h.h.t.HelmChartContainer - [test-hivemq-platform] [hivemq] [ad533c85] 
2025-01-29 17:04:20,121 INFO c.h.h.t.HelmChartContainer - [test-hivemq-platform] [hivemq] [ad533c85]   HIVEMQ_HOME: /opt/hivemq
2025-01-29 17:04:20,121 INFO c.h.h.t.HelmChartContainer - [test-hivemq-platform] [hivemq] [ad533c85] 
2025-01-29 17:04:20,121 INFO c.h.h.t.HelmChartContainer - [test-hivemq-platform] [hivemq] [ad533c85]   JAVA_OPTS: -XX:+UnlockExperimentalVMOptions -XX:InitialRAMPercentage=50 -XX:MaxRAMPercentage=50 -Djava.net.preferIPv4Stack=true --add-opens java.base/java.lang=ALL-UNNAMED --add-opens java.base/java.nio=ALL-UNNAMED --add-opens java.base/sun.nio.ch=ALL-UNNAMED --add-opens jdk.management/com.sun.management.internal=ALL-UNNAMED --add-exports java.base/jdk.internal.misc=ALL-UNNAMED -Djava.security.egd=file:/dev/./urandom -Dcom.sun.management.jmxremote -Dcom.sun.management.jmxremote.port=9010 -Dcom.sun.management.jmxremote.local.only=false -Dcom.sun.management.jmxremote.authenticate=false -Dcom.sun.management.jmxremote.ssl=false -Duser.language=en -Duser.region=US -XX:+CrashOnOutOfMemoryError -XX:+HeapDumpOnOutOfMemoryError
2025-01-29 17:04:20,121 INFO c.h.h.t.HelmChartContainer - [test-hivemq-platform] [hivemq] [ad533c85] 
2025-01-29 17:04:20,121 INFO c.h.h.t.HelmChartContainer - [test-hivemq-platform] [hivemq] [ad533c85]   JAVA_VERSION: 21
2025-01-29 17:04:20,121 INFO c.h.h.t.HelmChartContainer - [test-hivemq-platform] [hivemq] [ad533c85] 
2025-01-29 17:04:20,121 INFO c.h.h.t.HelmChartContainer - [test-hivemq-platform] [hivemq] [ad533c85] -------------------------------------------------------------------------
2025-01-29 17:04:20,121 INFO c.h.h.t.HelmChartContainer - [test-hivemq-platform] [hivemq] [ad533c85] 
2025-01-29 17:04:20,608 INFO c.h.h.t.HelmChartContainer - [test-hivemq-platform] [hivemq] [ad533c85] INFO  - [HiveMQ Platform Operator Init App 1.7.0-SNAPSHOT] Returning default Health API response 503 for readiness
2025-01-29 17:04:20,911 INFO c.h.h.t.HelmChartContainer - [EVENT] Warning [Unhealthy] Readiness probe failed: HTTP probe failed with statuscode: 503 [helmcustomextensionit:test-hivemq-platform-0]
2025-01-29 17:04:20,911 INFO c.h.h.t.HelmChartContainer - Received Unhealthy event for container hivemq in pod test-hivemq-platform-0 [ad533c85-955c-41ec-9afb-7250b6579ef6]
2025-01-29 17:04:22,715 INFO c.h.h.t.HelmChartContainer - [test-hivemq-platform] [hivemq] [ad533c85] INFO  - Starting HiveMQ Enterprise Server
2025-01-29 17:04:22,801 INFO c.h.h.t.HelmChartContainer - [test-hivemq-platform] [hivemq] [ad533c85] INFO  - HiveMQ version: 4.36.0
2025-01-29 17:04:22,801 INFO c.h.h.t.HelmChartContainer - [test-hivemq-platform] [hivemq] [ad533c85] INFO  - HiveMQ home directory: /opt/hivemq
2025-01-29 17:04:22,802 INFO c.h.h.t.HelmChartContainer - [test-hivemq-platform] [hivemq] [ad533c85] INFO  - Log Configuration was overridden by /opt/hivemq/conf/logback.xml
2025-01-29 17:04:24,012 INFO c.h.h.t.HelmChartContainer - [test-hivemq-platform] [hivemq] [ad533c85] INFO  - Successfully loaded configuration from '/opt/hivemq/conf-k8s/config.xml'.
2025-01-29 17:04:24,651 INFO c.h.h.t.HelmChartContainer - [hivemq-test-hivemq-platform] [hivemq-platform-operator] [53418b0e] 17:04:24.650 [pool-6-thread-11] DEBUG c.h.p.o.d.PlatformServiceResource - [helmcust] Desired Platform services (3 services)
2025-01-29 17:04:24,654 INFO c.h.h.t.HelmChartContainer - [hivemq-test-hivemq-platform] [hivemq-platform-operator] [53418b0e] 17:04:24.653 [pool-6-thread-16] DEBUG c.h.p.o.d.PodServiceAccountResource - [helmcust] Desired PodServiceAccountResource (serviceAccountName: hivemq-platform-pod-test-hivemq-platform)
2025-01-29 17:04:24,655 INFO c.h.h.t.HelmChartContainer - [hivemq-test-hivemq-platform] [hivemq-platform-operator] [53418b0e] 17:04:24.655 [pool-6-thread-17] DEBUG c.h.p.o.dependants.PodInfoConfigMap - [helmcust] Desired PodInfo ConfigMap (1 extensions) (1 enabled)
2025-01-29 17:04:24,655 INFO c.h.h.t.HelmChartContainer - [hivemq-test-hivemq-platform] [hivemq-platform-operator] [53418b0e] 17:04:24.655 [pool-6-thread-17] DEBUG c.h.p.o.dependants.PodInfoConfigMap - [helmcust] Desired PodInfo ConfigMap (metrics port: 9399) (metrics path: /)
2025-01-29 17:04:24,656 INFO c.h.h.t.HelmChartContainer - [hivemq-test-hivemq-platform] [hivemq-platform-operator] [53418b0e] 17:04:24.655 [pool-6-thread-17] DEBUG c.h.p.o.dependants.PodInfoConfigMap - [helmcust] Desired PodInfo ConfigMap (extension state hash: -2048767907)
2025-01-29 17:04:24,659 INFO c.h.h.t.HelmChartContainer - [hivemq-test-hivemq-platform] [hivemq-platform-operator] [53418b0e] 17:04:24.658 [pool-6-thread-16] DEBUG c.h.p.o.d.StatefulSetResource - [helmcust] Desired StatefulSet (1 replicas) for status STARTING (READY)
2025-01-29 17:04:24,662 INFO c.h.h.t.HelmChartContainer - [hivemq-test-hivemq-platform] [hivemq-platform-operator] [53418b0e] 17:04:24.662 [ReconcilerExecutor-hivemq-controller-111] INFO  c.h.p.o.HiveMQPlatformReconciler - [helmcust] Reconciling HiveMQ Platform 'test-hivemq-platform' in namespace 'helmcustomextensionit'
2025-01-29 17:04:24,664 INFO c.h.h.t.HelmChartContainer - [hivemq-test-hivemq-platform] [hivemq-platform-operator] [53418b0e] 17:04:24.662 [ReconcilerExecutor-hivemq-controller-111] DEBUG c.h.p.o.HiveMQPlatformReconciler - [helmcust] Custom Resource Status STARTING - HiveMQ Platform is starting (READY)
2025-01-29 17:04:24,664 INFO c.h.h.t.HelmChartContainer - [hivemq-test-hivemq-platform] [hivemq-platform-operator] [53418b0e] 17:04:24.662 [ReconcilerExecutor-hivemq-controller-111] DEBUG c.h.p.o.HiveMQPlatformReconciler - [helmcust] Custom Resource Spec (replicas: 1) (extensions: 1)
2025-01-29 17:04:24,665 INFO c.h.h.t.HelmChartContainer - [hivemq-test-hivemq-platform] [hivemq-platform-operator] [53418b0e] 17:04:24.664 [ReconcilerExecutor-hivemq-controller-111] DEBUG c.h.p.o.HiveMQPlatformReconciler - [helmcust] StatefulSet Status (revision: test-hivemq-platform-796ccc778, replicas: 1, available: 0, ready: 0, current: 1, updated: 1)
2025-01-29 17:04:24,666 INFO c.h.h.t.HelmChartContainer - [hivemq-test-hivemq-platform] [hivemq-platform-operator] [53418b0e] 17:04:24.664 [ReconcilerExecutor-hivemq-controller-111] DEBUG c.h.p.o.HiveMQPlatformReconciler - [helmcust] StatefulSet Spec (replicas: 1, init containers: 1, containers: 1, volumes: 3)
2025-01-29 17:04:24,666 INFO c.h.h.t.HelmChartContainer - [hivemq-test-hivemq-platform] [hivemq-platform-operator] [53418b0e] 17:04:24.665 [ReconcilerExecutor-hivemq-controller-111] DEBUG c.h.p.o.h.HiveMQPlatformReconcilerErrorHandler - [helmcust] Pod 'test-hivemq-platform-0' phase Running
2025-01-29 17:04:24,668 INFO c.h.h.t.HelmChartContainer - [hivemq-test-hivemq-platform] [hivemq-platform-operator] [53418b0e] 17:04:24.666 [ReconcilerExecutor-hivemq-controller-111] INFO  c.h.p.o.h.HiveMQPlatformReconcilerBaseHandler - [helmcust] HiveMQ Platform is starting, 0 of 1 replicas are ready
2025-01-29 17:04:24,706 INFO c.h.h.t.HelmChartContainer - [test-hivemq-platform] [hivemq] [ad533c85] INFO  - This node's ID is brvL6
2025-01-29 17:04:24,706 INFO c.h.h.t.HelmChartContainer - [test-hivemq-platform] [hivemq] [ad533c85] INFO  - Clustering is enabled
2025-01-29 17:04:25,605 INFO c.h.h.t.HelmChartContainer - [test-hivemq-platform] [hivemq] [ad533c85] WARN  - [HiveMQ Platform Operator Init App 1.7.0-SNAPSHOT] Cannot connect to Health API for readiness: null
2025-01-29 17:04:25,681 INFO c.h.h.t.HelmChartContainer - [EVENT] Warning [Unhealthy] Readiness probe failed: HTTP probe failed with statuscode: 503 [helmcustomextensionit:test-hivemq-platform-0]
2025-01-29 17:04:25,681 INFO c.h.h.t.HelmChartContainer - Received Unhealthy event for container hivemq in pod test-hivemq-platform-0 [ad533c85-955c-41ec-9afb-7250b6579ef6]
2025-01-29 17:04:29,107 INFO c.h.h.t.HelmChartContainer - [test-hivemq-platform] [hivemq] [ad533c85] Jan 29, 2025 5:04:29 PM io.vertx.core.impl.BlockedThreadChecker
2025-01-29 17:04:29,108 INFO c.h.h.t.HelmChartContainer - [test-hivemq-platform] [hivemq] [ad533c85] WARNING: Thread Thread[vert.x-eventloop-thread-1,5,main] has been blocked for 2200 ms, time limit is 2000 ms
2025-01-29 17:04:30,078 INFO c.h.h.t.HelmChartContainer - [test-hivemq-platform] [hivemq] [ad533c85] INFO  - [HiveMQ Platform Operator Init App 1.7.0-SNAPSHOT] Updating Pod HiveMQ Platform Operator Init App version annotation (version: 1.7.0-SNAPSHOT)
2025-01-29 17:04:30,601 INFO c.h.h.t.HelmChartContainer - [test-hivemq-platform] [hivemq] [ad533c85] WARN  - [HiveMQ Platform Operator Init App 1.7.0-SNAPSHOT] Cannot connect to Health API for readiness: null
2025-01-29 17:04:30,609 INFO c.h.h.t.HelmChartContainer - [EVENT] Warning [Unhealthy] Readiness probe failed: HTTP probe failed with statuscode: 503 [helmcustomextensionit:test-hivemq-platform-0]
2025-01-29 17:04:30,609 INFO c.h.h.t.HelmChartContainer - Received Unhealthy event for container hivemq in pod test-hivemq-platform-0 [ad533c85-955c-41ec-9afb-7250b6579ef6]
2025-01-29 17:04:30,613 INFO c.h.h.t.HelmChartContainer - [POD] test-hivemq-platform-0 [ad533c85-955c-41ec-9afb-7250b6579ef6] in helmcustomextensionit was MODIFIED
2025-01-29 17:04:30,623 INFO c.h.h.t.HelmChartContainer - [hivemq-test-hivemq-platform] [hivemq-platform-operator] [53418b0e] 17:04:30.622 [pool-6-thread-27] DEBUG c.h.p.o.d.PlatformServiceResource - [helmcust] Desired Platform services (3 services)
2025-01-29 17:04:30,625 INFO c.h.h.t.HelmChartContainer - [hivemq-test-hivemq-platform] [hivemq-platform-operator] [53418b0e] 17:04:30.623 [pool-6-thread-25] DEBUG c.h.p.o.d.PodServiceAccountResource - [helmcust] Desired PodServiceAccountResource (serviceAccountName: hivemq-platform-pod-test-hivemq-platform)
2025-01-29 17:04:30,626 INFO c.h.h.t.HelmChartContainer - [hivemq-test-hivemq-platform] [hivemq-platform-operator] [53418b0e] 17:04:30.624 [pool-6-thread-22] DEBUG c.h.p.o.dependants.PodInfoConfigMap - [helmcust] Desired PodInfo ConfigMap (1 extensions) (1 enabled)
2025-01-29 17:04:30,626 INFO c.h.h.t.HelmChartContainer - [hivemq-test-hivemq-platform] [hivemq-platform-operator] [53418b0e] 17:04:30.624 [pool-6-thread-22] DEBUG c.h.p.o.dependants.PodInfoConfigMap - [helmcust] Desired PodInfo ConfigMap (metrics port: 9399) (metrics path: /)
2025-01-29 17:04:30,626 INFO c.h.h.t.HelmChartContainer - [hivemq-test-hivemq-platform] [hivemq-platform-operator] [53418b0e] 17:04:30.624 [pool-6-thread-22] DEBUG c.h.p.o.dependants.PodInfoConfigMap - [helmcust] Desired PodInfo ConfigMap (extension state hash: -2048767907)
2025-01-29 17:04:30,631 INFO c.h.h.t.HelmChartContainer - [hivemq-test-hivemq-platform] [hivemq-platform-operator] [53418b0e] 17:04:30.631 [pool-6-thread-27] DEBUG c.h.p.o.d.StatefulSetResource - [helmcust] Desired StatefulSet (1 replicas) for status STARTING (READY)
2025-01-29 17:04:30,637 INFO c.h.h.t.HelmChartContainer - [hivemq-test-hivemq-platform] [hivemq-platform-operator] [53418b0e] 17:04:30.636 [ReconcilerExecutor-hivemq-controller-112] INFO  c.h.p.o.HiveMQPlatformReconciler - [helmcust] Reconciling HiveMQ Platform 'test-hivemq-platform' in namespace 'helmcustomextensionit'
2025-01-29 17:04:30,637 INFO c.h.h.t.HelmChartContainer - [hivemq-test-hivemq-platform] [hivemq-platform-operator] [53418b0e] 17:04:30.636 [ReconcilerExecutor-hivemq-controller-112] DEBUG c.h.p.o.HiveMQPlatformReconciler - [helmcust] Custom Resource Status STARTING - HiveMQ Platform is starting (READY)
2025-01-29 17:04:30,637 INFO c.h.h.t.HelmChartContainer - [hivemq-test-hivemq-platform] [hivemq-platform-operator] [53418b0e] 17:04:30.636 [ReconcilerExecutor-hivemq-controller-112] DEBUG c.h.p.o.HiveMQPlatformReconciler - [helmcust] Custom Resource Spec (replicas: 1) (extensions: 1)
2025-01-29 17:04:30,678 INFO c.h.h.t.HelmChartContainer - [hivemq-test-hivemq-platform] [hivemq-platform-operator] [53418b0e] 17:04:30.677 [ReconcilerExecutor-hivemq-controller-112] DEBUG c.h.p.o.HiveMQPlatformReconciler - [helmcust] StatefulSet Status (revision: test-hivemq-platform-796ccc778, replicas: 1, available: 0, ready: 0, current: 1, updated: 1)
2025-01-29 17:04:30,678 INFO c.h.h.t.HelmChartContainer - [hivemq-test-hivemq-platform] [hivemq-platform-operator] [53418b0e] 17:04:30.677 [ReconcilerExecutor-hivemq-controller-112] DEBUG c.h.p.o.HiveMQPlatformReconciler - [helmcust] StatefulSet Spec (replicas: 1, init containers: 1, containers: 1, volumes: 3)
2025-01-29 17:04:30,680 INFO c.h.h.t.HelmChartContainer - [hivemq-test-hivemq-platform] [hivemq-platform-operator] [53418b0e] 17:04:30.679 [ReconcilerExecutor-hivemq-controller-112] DEBUG c.h.p.o.h.HiveMQPlatformReconcilerErrorHandler - [helmcust] Pod 'test-hivemq-platform-0' phase Running
2025-01-29 17:04:30,681 INFO c.h.h.t.HelmChartContainer - [hivemq-test-hivemq-platform] [hivemq-platform-operator] [53418b0e] 17:04:30.680 [ReconcilerExecutor-hivemq-controller-112] INFO  c.h.p.o.h.HiveMQPlatformReconcilerBaseHandler - [helmcust] HiveMQ Platform is starting, 0 of 1 replicas are ready
2025-01-29 17:04:30,700 INFO c.h.h.t.HelmChartContainer - [test-hivemq-platform] [hivemq] [ad533c85] WARN  - [HiveMQ Platform Operator Init App 1.7.0-SNAPSHOT] Cannot connect to Health API for readiness: null
2025-01-29 17:04:30,703 INFO c.h.h.t.HelmChartContainer - [test-hivemq-platform] [hivemq] [ad533c85] INFO  - [HiveMQ Platform Operator Init App 1.7.0-SNAPSHOT] Successfully updated Pod HiveMQ Platform Operator Init App version annotation (version: 1.7.0-SNAPSHOT)
2025-01-29 17:04:30,706 INFO c.h.h.t.HelmChartContainer - [EVENT] Warning [Unhealthy] Readiness probe failed: HTTP probe failed with statuscode: 503 [helmcustomextensionit:test-hivemq-platform-0]
2025-01-29 17:04:30,706 INFO c.h.h.t.HelmChartContainer - Received Unhealthy event for container hivemq in pod test-hivemq-platform-0 [ad533c85-955c-41ec-9afb-7250b6579ef6]
2025-01-29 17:04:35,702 INFO c.h.h.t.HelmChartContainer - [test-hivemq-platform] [hivemq] [ad533c85] WARN  - [HiveMQ Platform Operator Init App 1.7.0-SNAPSHOT] Cannot connect to Health API for readiness: null
2025-01-29 17:04:35,712 INFO c.h.h.t.HelmChartContainer - [EVENT] Warning [Unhealthy] Readiness probe failed: HTTP probe failed with statuscode: 503 [helmcustomextensionit:test-hivemq-platform-0]
2025-01-29 17:04:35,712 INFO c.h.h.t.HelmChartContainer - Received Unhealthy event for container hivemq in pod test-hivemq-platform-0 [ad533c85-955c-41ec-9afb-7250b6579ef6]
2025-01-29 17:04:40,687 INFO c.h.h.t.HelmChartContainer - [hivemq-test-hivemq-platform] [hivemq-platform-operator] [53418b0e] 17:04:40.684 [pool-6-thread-33] DEBUG c.h.p.o.d.PlatformServiceResource - [helmcust] Desired Platform services (3 services)
2025-01-29 17:04:40,688 INFO c.h.h.t.HelmChartContainer - [hivemq-test-hivemq-platform] [hivemq-platform-operator] [53418b0e] 17:04:40.686 [pool-6-thread-37] DEBUG c.h.p.o.d.PodServiceAccountResource - [helmcust] Desired PodServiceAccountResource (serviceAccountName: hivemq-platform-pod-test-hivemq-platform)
2025-01-29 17:04:40,689 INFO c.h.h.t.HelmChartContainer - [hivemq-test-hivemq-platform] [hivemq-platform-operator] [53418b0e] 17:04:40.687 [pool-6-thread-31] DEBUG c.h.p.o.dependants.PodInfoConfigMap - [helmcust] Desired PodInfo ConfigMap (1 extensions) (1 enabled)
2025-01-29 17:04:40,690 INFO c.h.h.t.HelmChartContainer - [hivemq-test-hivemq-platform] [hivemq-platform-operator] [53418b0e] 17:04:40.688 [pool-6-thread-31] DEBUG c.h.p.o.dependants.PodInfoConfigMap - [helmcust] Desired PodInfo ConfigMap (metrics port: 9399) (metrics path: /)
2025-01-29 17:04:40,690 INFO c.h.h.t.HelmChartContainer - [hivemq-test-hivemq-platform] [hivemq-platform-operator] [53418b0e] 17:04:40.688 [pool-6-thread-31] DEBUG c.h.p.o.dependants.PodInfoConfigMap - [helmcust] Desired PodInfo ConfigMap (extension state hash: -2048767907)
2025-01-29 17:04:40,695 INFO c.h.h.t.HelmChartContainer - [hivemq-test-hivemq-platform] [hivemq-platform-operator] [53418b0e] 17:04:40.693 [pool-6-thread-33] DEBUG c.h.p.o.d.StatefulSetResource - [helmcust] Desired StatefulSet (1 replicas) for status STARTING (READY)
2025-01-29 17:04:40,699 INFO c.h.h.t.HelmChartContainer - [test-hivemq-platform] [hivemq] [ad533c85] WARN  - [HiveMQ Platform Operator Init App 1.7.0-SNAPSHOT] Cannot connect to Health API for readiness: null
2025-01-29 17:04:40,701 INFO c.h.h.t.HelmChartContainer - [hivemq-test-hivemq-platform] [hivemq-platform-operator] [53418b0e] 17:04:40.699 [ReconcilerExecutor-hivemq-controller-113] INFO  c.h.p.o.HiveMQPlatformReconciler - [helmcust] Reconciling HiveMQ Platform 'test-hivemq-platform' in namespace 'helmcustomextensionit'
2025-01-29 17:04:40,701 INFO c.h.h.t.HelmChartContainer - [hivemq-test-hivemq-platform] [hivemq-platform-operator] [53418b0e] 17:04:40.699 [ReconcilerExecutor-hivemq-controller-113] DEBUG c.h.p.o.HiveMQPlatformReconciler - [helmcust] Custom Resource Status STARTING - HiveMQ Platform is starting (READY)
2025-01-29 17:04:40,702 INFO c.h.h.t.HelmChartContainer - [hivemq-test-hivemq-platform] [hivemq-platform-operator] [53418b0e] 17:04:40.699 [ReconcilerExecutor-hivemq-controller-113] DEBUG c.h.p.o.HiveMQPlatformReconciler - [helmcust] Custom Resource Spec (replicas: 1) (extensions: 1)
2025-01-29 17:04:40,708 INFO c.h.h.t.HelmChartContainer - [EVENT] Warning [Unhealthy] Readiness probe failed: HTTP probe failed with statuscode: 503 [helmcustomextensionit:test-hivemq-platform-0]
2025-01-29 17:04:40,708 INFO c.h.h.t.HelmChartContainer - Received Unhealthy event for container hivemq in pod test-hivemq-platform-0 [ad533c85-955c-41ec-9afb-7250b6579ef6]
2025-01-29 17:04:40,780 INFO c.h.h.t.HelmChartContainer - [hivemq-test-hivemq-platform] [hivemq-platform-operator] [53418b0e] 17:04:40.776 [ReconcilerExecutor-hivemq-controller-113] DEBUG c.h.p.o.HiveMQPlatformReconciler - [helmcust] StatefulSet Status (revision: test-hivemq-platform-796ccc778, replicas: 1, available: 0, ready: 0, current: 1, updated: 1)
2025-01-29 17:04:40,780 INFO c.h.h.t.HelmChartContainer - [hivemq-test-hivemq-platform] [hivemq-platform-operator] [53418b0e] 17:04:40.777 [ReconcilerExecutor-hivemq-controller-113] DEBUG c.h.p.o.HiveMQPlatformReconciler - [helmcust] StatefulSet Spec (replicas: 1, init containers: 1, containers: 1, volumes: 3)
2025-01-29 17:04:40,782 INFO c.h.h.t.HelmChartContainer - [hivemq-test-hivemq-platform] [hivemq-platform-operator] [53418b0e] 17:04:40.781 [ReconcilerExecutor-hivemq-controller-113] DEBUG c.h.p.o.h.HiveMQPlatformReconcilerErrorHandler - [helmcust] Pod 'test-hivemq-platform-0' phase Running
2025-01-29 17:04:40,783 INFO c.h.h.t.HelmChartContainer - [hivemq-test-hivemq-platform] [hivemq-platform-operator] [53418b0e] 17:04:40.782 [ReconcilerExecutor-hivemq-controller-113] INFO  c.h.p.o.h.HiveMQPlatformReconcilerBaseHandler - [helmcust] HiveMQ Platform is starting, 0 of 1 replicas are ready
2025-01-29 17:04:40,799 INFO c.h.h.t.HelmChartContainer - [test-hivemq-platform] [hivemq] [ad533c85] WARN  - [HiveMQ Platform Operator Init App 1.7.0-SNAPSHOT] Cannot connect to Health API for liveness: null
2025-01-29 17:04:40,801 INFO c.h.h.t.HelmChartContainer - [test-hivemq-platform] [hivemq] [ad533c85] INFO  - [HiveMQ Platform Operator Init App 1.7.0-SNAPSHOT] Returning default Health API response 200 for liveness
2025-01-29 17:04:41,910 INFO c.h.h.t.HelmChartContainer - [test-hivemq-platform] [hivemq] [ad533c85] INFO  - No valid license file found. Using trial license, restricted to 25 connections.
2025-01-29 17:04:44,908 INFO c.h.h.t.HelmChartContainer - [test-hivemq-platform] [hivemq] [ad533c85] INFO  - No valid license file for Data Hub found. Using free license, restricted to 1 policy.
2025-01-29 17:04:45,621 INFO c.h.h.t.HelmChartContainer - [test-hivemq-platform] [hivemq] [ad533c85] WARN  - [HiveMQ Platform Operator Init App 1.7.0-SNAPSHOT] Cannot connect to Health API for readiness: null
2025-01-29 17:04:45,625 INFO c.h.h.t.HelmChartContainer - [EVENT] Warning [Unhealthy] Readiness probe failed: HTTP probe failed with statuscode: 503 [helmcustomextensionit:test-hivemq-platform-0]
2025-01-29 17:04:45,626 INFO c.h.h.t.HelmChartContainer - Received Unhealthy event for container hivemq in pod test-hivemq-platform-0 [ad533c85-955c-41ec-9afb-7250b6579ef6]
2025-01-29 17:04:46,103 INFO c.h.h.t.HelmChartContainer - [test-hivemq-platform] [hivemq] [ad533c85] INFO  - Audit Logger started.
2025-01-29 17:04:46,339 INFO c.h.h.t.HelmChartContainer - [test-hivemq-platform] [hivemq] [ad533c85] INFO  - This node uses '1' CPU cores.
2025-01-29 17:04:46,399 INFO c.h.h.t.HelmChartContainer - [test-hivemq-platform] [hivemq] [ad533c85] INFO  - Starting HiveMQ Health API on address 0.0.0.0 and port 8889
2025-01-29 17:04:47,115 INFO c.h.h.t.HelmChartContainer - [test-hivemq-platform] [hivemq] [ad533c85] INFO  - Started HiveMQ Health API in 717ms
2025-01-29 17:04:47,697 INFO c.h.h.t.HelmChartContainer - [test-hivemq-platform] [hivemq] [ad533c85] INFO  - Starting HiveMQ extension system.
2025-01-29 17:04:47,908 INFO c.h.h.t.HelmChartContainer - [test-hivemq-platform] [hivemq] [ad533c85] INFO  - Starting extension with id "hivemq-dns-cluster-discovery" at /opt/hivemq/extensions/hivemq-dns-cluster-discovery
2025-01-29 17:04:48,403 INFO c.h.h.t.HelmChartContainer - [test-hivemq-platform] [hivemq] [ad533c85] INFO  - Using TCP cluster transport on address 10.42.0.10 and port 7000
2025-01-29 17:04:48,407 INFO c.h.h.t.HelmChartContainer - [test-hivemq-platform] [hivemq] [ad533c85] INFO  - Using extension cluster discovery
2025-01-29 17:04:48,598 INFO c.h.h.t.HelmChartContainer - [test-hivemq-platform] [hivemq] [ad533c85] INFO  - Extension "DNS Cluster Discovery Extension" version 4.3.2 started successfully.
2025-01-29 17:04:48,600 INFO c.h.h.t.HelmChartContainer - [test-hivemq-platform] [hivemq] [ad533c85] INFO  - Starting extension with id "hivemq-custom-test-extension" at /opt/hivemq/extensions/hivemq-custom-test-extension
2025-01-29 17:04:48,600 INFO c.h.h.t.HelmChartContainer - [test-hivemq-platform] [hivemq] [ad533c85] INFO  - HiveMQ Custom Test Extension started
2025-01-29 17:04:48,600 INFO c.h.h.t.HelmChartContainer - [test-hivemq-platform] [hivemq] [ad533c85] INFO  - Extension "HiveMQ Custom Test Extension" version 1.0.0 started successfully.
2025-01-29 17:04:48,600 INFO c.h.h.testcontainer.LogWaiterUtil - TEST Found log pattern on 'test-hivemq-platform-0': .*Extension "HiveMQ Custom Test Extension" version 1.0.0 started successfully.
2025-01-29 17:04:48,600 INFO c.h.h.t.HelmChartContainer - [test-hivemq-platform] [hivemq] [ad533c85] INFO  - Starting extension with id "hivemq-prometheus-extension" at /opt/hivemq/extensions/hivemq-prometheus-extension
2025-01-29 17:04:49,405 INFO c.h.h.t.HelmChartContainer - [test-hivemq-platform] [hivemq] [ad533c85] INFO  - Started Jetty Server exposing Prometheus Servlet on URI http://0.0.0.0:9399/
2025-01-29 17:04:49,405 INFO c.h.h.t.HelmChartContainer - [test-hivemq-platform] [hivemq] [ad533c85] INFO  - Extension "Prometheus Monitoring Extension" version 4.0.12 started successfully.
2025-01-29 17:04:49,405 INFO c.h.h.t.HelmChartContainer - [test-hivemq-platform] [hivemq] [ad533c85] INFO  - Starting extension with id "hivemq-allow-all-extension" at /opt/hivemq/extensions/hivemq-allow-all-extension
2025-01-29 17:04:49,405 INFO c.h.h.t.HelmChartContainer - [test-hivemq-platform] [hivemq] [ad533c85] WARN  - 
2025-01-29 17:04:49,405 INFO c.h.h.t.HelmChartContainer - [test-hivemq-platform] [hivemq] [ad533c85] ################################################################################################################
2025-01-29 17:04:49,405 INFO c.h.h.t.HelmChartContainer - [test-hivemq-platform] [hivemq] [ad533c85] # This HiveMQ deployment is not secure! You are lacking Authentication and Authorization.                      #
2025-01-29 17:04:49,405 INFO c.h.h.t.HelmChartContainer - [test-hivemq-platform] [hivemq] [ad533c85] # Right now any MQTT client can connect to the broker with a full set of permissions.                          #
2025-01-29 17:04:49,405 INFO c.h.h.t.HelmChartContainer - [test-hivemq-platform] [hivemq] [ad533c85] # For production usage, add an appropriate security extension and remove the hivemq-allow-all extension.       #
2025-01-29 17:04:49,405 INFO c.h.h.t.HelmChartContainer - [test-hivemq-platform] [hivemq] [ad533c85] # You can download security extensions from the HiveMQ Marketplace (https://www.hivemq.com/extensions/).       #
2025-01-29 17:04:49,405 INFO c.h.h.t.HelmChartContainer - [test-hivemq-platform] [hivemq] [ad533c85] ################################################################################################################
2025-01-29 17:04:49,405 INFO c.h.h.t.HelmChartContainer - [test-hivemq-platform] [hivemq] [ad533c85] INFO  - Extension "Allow All Extension" version 1.1.1 started successfully.
2025-01-29 17:04:50,790 INFO c.h.h.t.HelmChartContainer - [hivemq-test-hivemq-platform] [hivemq-platform-operator] [53418b0e] 17:04:50.786 [pool-6-thread-46] DEBUG c.h.p.o.d.PlatformServiceResource - [helmcust] Desired Platform services (3 services)
2025-01-29 17:04:50,790 INFO c.h.h.t.HelmChartContainer - [hivemq-test-hivemq-platform] [hivemq-platform-operator] [53418b0e] 17:04:50.787 [pool-6-thread-42] DEBUG c.h.p.o.dependants.PodInfoConfigMap - [helmcust] Desired PodInfo ConfigMap (1 extensions) (1 enabled)
2025-01-29 17:04:50,790 INFO c.h.h.t.HelmChartContainer - [hivemq-test-hivemq-platform] [hivemq-platform-operator] [53418b0e] 17:04:50.787 [pool-6-thread-42] DEBUG c.h.p.o.dependants.PodInfoConfigMap - [helmcust] Desired PodInfo ConfigMap (metrics port: 9399) (metrics path: /)
2025-01-29 17:04:50,790 INFO c.h.h.t.HelmChartContainer - [hivemq-test-hivemq-platform] [hivemq-platform-operator] [53418b0e] 17:04:50.787 [pool-6-thread-42] DEBUG c.h.p.o.dependants.PodInfoConfigMap - [helmcust] Desired PodInfo ConfigMap (extension state hash: -2048767907)
2025-01-29 17:04:50,790 INFO c.h.h.t.HelmChartContainer - [hivemq-test-hivemq-platform] [hivemq-platform-operator] [53418b0e] 17:04:50.787 [pool-6-thread-45] DEBUG c.h.p.o.d.PodServiceAccountResource - [helmcust] Desired PodServiceAccountResource (serviceAccountName: hivemq-platform-pod-test-hivemq-platform)
2025-01-29 17:04:50,794 INFO c.h.h.t.HelmChartContainer - [hivemq-test-hivemq-platform] [hivemq-platform-operator] [53418b0e] 17:04:50.794 [pool-6-thread-46] DEBUG c.h.p.o.d.StatefulSetResource - [helmcust] Desired StatefulSet (1 replicas) for status STARTING (READY)
2025-01-29 17:04:50,808 INFO c.h.h.t.HelmChartContainer - [hivemq-test-hivemq-platform] [hivemq-platform-operator] [53418b0e] 17:04:50.806 [ReconcilerExecutor-hivemq-controller-114] INFO  c.h.p.o.HiveMQPlatformReconciler - [helmcust] Reconciling HiveMQ Platform 'test-hivemq-platform' in namespace 'helmcustomextensionit'
2025-01-29 17:04:50,808 INFO c.h.h.t.HelmChartContainer - [hivemq-test-hivemq-platform] [hivemq-platform-operator] [53418b0e] 17:04:50.806 [ReconcilerExecutor-hivemq-controller-114] DEBUG c.h.p.o.HiveMQPlatformReconciler - [helmcust] Custom Resource Status STARTING - HiveMQ Platform is starting (READY)
2025-01-29 17:04:50,808 INFO c.h.h.t.HelmChartContainer - [hivemq-test-hivemq-platform] [hivemq-platform-operator] [53418b0e] 17:04:50.807 [ReconcilerExecutor-hivemq-controller-114] DEBUG c.h.p.o.HiveMQPlatformReconciler - [helmcust] Custom Resource Spec (replicas: 1) (extensions: 1)
2025-01-29 17:04:50,882 INFO c.h.h.t.HelmChartContainer - [hivemq-test-hivemq-platform] [hivemq-platform-operator] [53418b0e] 17:04:50.880 [ReconcilerExecutor-hivemq-controller-114] DEBUG c.h.p.o.HiveMQPlatformReconciler - [helmcust] StatefulSet Status (revision: test-hivemq-platform-796ccc778, replicas: 1, available: 0, ready: 0, current: 1, updated: 1)
2025-01-29 17:04:50,882 INFO c.h.h.t.HelmChartContainer - [hivemq-test-hivemq-platform] [hivemq-platform-operator] [53418b0e] 17:04:50.880 [ReconcilerExecutor-hivemq-controller-114] DEBUG c.h.p.o.HiveMQPlatformReconciler - [helmcust] StatefulSet Spec (replicas: 1, init containers: 1, containers: 1, volumes: 3)
2025-01-29 17:04:50,883 INFO c.h.h.t.HelmChartContainer - [hivemq-test-hivemq-platform] [hivemq-platform-operator] [53418b0e] 17:04:50.882 [ReconcilerExecutor-hivemq-controller-114] DEBUG c.h.p.o.h.HiveMQPlatformReconcilerErrorHandler - [helmcust] Pod 'test-hivemq-platform-0' phase Running
2025-01-29 17:04:50,883 INFO c.h.h.t.HelmChartContainer - [hivemq-test-hivemq-platform] [hivemq-platform-operator] [53418b0e] 17:04:50.882 [ReconcilerExecutor-hivemq-controller-114] INFO  c.h.p.o.h.HiveMQPlatformReconcilerBaseHandler - [helmcust] HiveMQ Platform is starting, 0 of 1 replicas are ready
2025-01-29 17:04:50,998 INFO c.h.h.t.HelmChartContainer - [test-hivemq-platform] [hivemq] [ad533c85] INFO  - [HiveMQ Platform Operator Init App 1.7.0-SNAPSHOT] Returning Health API response 503 for readiness
2025-01-29 17:04:51,002 INFO c.h.h.t.HelmChartContainer - [EVENT] Warning [Unhealthy] Readiness probe failed: HTTP probe failed with statuscode: 503 [helmcustomextensionit:test-hivemq-platform-0]
2025-01-29 17:04:51,002 INFO c.h.h.t.HelmChartContainer - Received Unhealthy event for container hivemq in pod test-hivemq-platform-0 [ad533c85-955c-41ec-9afb-7250b6579ef6]
2025-01-29 17:04:51,614 INFO c.h.h.t.HelmChartContainer - [test-hivemq-platform] [hivemq] [ad533c85] INFO  - brvL6: no members discovered after 2615 ms: creating cluster as first member
2025-01-29 17:04:51,620 INFO c.h.h.t.HelmChartContainer - [test-hivemq-platform] [hivemq] [ad533c85] INFO  - Cluster nodes found by discovery: [brvL6|0] (1) [brvL6].
2025-01-29 17:04:51,697 INFO c.h.h.t.HelmChartContainer - [test-hivemq-platform] [hivemq] [ad533c85] WARN  - No user for HiveMQ Control Center configured. Starting with default user
2025-01-29 17:04:51,697 INFO c.h.h.t.HelmChartContainer - [test-hivemq-platform] [hivemq] [ad533c85] INFO  - Starting HiveMQ Control Center on address 0.0.0.0 and port 8080
2025-01-29 17:04:51,702 INFO c.h.h.t.HelmChartContainer - [test-hivemq-platform] [hivemq] [ad533c85] INFO  - Mounting HiveMQ Control Center V2 Preview
2025-01-29 17:04:52,315 INFO c.h.h.t.HelmChartContainer - [test-hivemq-platform] [hivemq] [ad533c85] INFO  - Started HiveMQ Control Center in 619ms
2025-01-29 17:04:52,407 INFO c.h.h.t.HelmChartContainer - [test-hivemq-platform] [hivemq] [ad533c85] INFO  - Starting TCP listener on address 0.0.0.0 and port 1883
2025-01-29 17:04:52,503 INFO c.h.h.t.HelmChartContainer - [test-hivemq-platform] [hivemq] [ad533c85] INFO  - Started TCP Listener on address 0.0.0.0 and on port 1883.
2025-01-29 17:04:52,504 INFO c.h.h.t.HelmChartContainer - [test-hivemq-platform] [hivemq] [ad533c85] INFO  - Started HiveMQ in 30186ms
2025-01-29 17:04:55,623 INFO c.h.h.t.HelmChartContainer - [test-hivemq-platform] [hivemq] [ad533c85] INFO  - [HiveMQ Platform Operator Init App 1.7.0-SNAPSHOT] Returning Health API response 200 for readiness
2025-01-29 17:04:55,638 INFO c.h.h.t.HelmChartContainer - [POD] test-hivemq-platform-0 [ad533c85-955c-41ec-9afb-7250b6579ef6] in helmcustomextensionit was MODIFIED
2025-01-29 17:04:55,654 INFO c.h.h.t.HelmChartContainer - [hivemq-test-hivemq-platform] [hivemq-platform-operator] [53418b0e] 17:04:55.646 [pool-6-thread-5] DEBUG c.h.p.o.d.PlatformServiceResource - [helmcust] Desired Platform services (3 services)
2025-01-29 17:04:55,662 INFO c.h.h.t.HelmChartContainer - [hivemq-test-hivemq-platform] [hivemq-platform-operator] [53418b0e] 17:04:55.656 [pool-6-thread-4] DEBUG c.h.p.o.dependants.PodInfoConfigMap - [helmcust] Desired PodInfo ConfigMap (1 extensions) (1 enabled)
2025-01-29 17:04:55,662 INFO c.h.h.t.HelmChartContainer - [hivemq-test-hivemq-platform] [hivemq-platform-operator] [53418b0e] 17:04:55.656 [pool-6-thread-4] DEBUG c.h.p.o.dependants.PodInfoConfigMap - [helmcust] Desired PodInfo ConfigMap (metrics port: 9399) (metrics path: /)
2025-01-29 17:04:55,662 INFO c.h.h.t.HelmChartContainer - [hivemq-test-hivemq-platform] [hivemq-platform-operator] [53418b0e] 17:04:55.656 [pool-6-thread-4] DEBUG c.h.p.o.dependants.PodInfoConfigMap - [helmcust] Desired PodInfo ConfigMap (extension state hash: -2048767907)
2025-01-29 17:04:55,663 INFO c.h.h.t.HelmChartContainer - [hivemq-test-hivemq-platform] [hivemq-platform-operator] [53418b0e] 17:04:55.659 [pool-6-thread-2] DEBUG c.h.p.o.d.PodServiceAccountResource - [helmcust] Desired PodServiceAccountResource (serviceAccountName: hivemq-platform-pod-test-hivemq-platform)
2025-01-29 17:04:55,740 INFO c.h.h.t.HelmChartContainer - [hivemq-test-hivemq-platform] [hivemq-platform-operator] [53418b0e] 17:04:55.739 [pool-6-thread-3] DEBUG c.h.p.o.d.StatefulSetResource - [helmcust] Desired StatefulSet (1 replicas) for status STARTING (READY)
2025-01-29 17:04:55,747 INFO c.h.h.t.HelmChartContainer - [hivemq-test-hivemq-platform] [hivemq-platform-operator] [53418b0e] 17:04:55.744 [ReconcilerExecutor-hivemq-controller-115] INFO  c.h.p.o.HiveMQPlatformReconciler - [helmcust] Reconciling HiveMQ Platform 'test-hivemq-platform' in namespace 'helmcustomextensionit'
2025-01-29 17:04:55,748 INFO c.h.h.t.HelmChartContainer - [hivemq-test-hivemq-platform] [hivemq-platform-operator] [53418b0e] 17:04:55.744 [ReconcilerExecutor-hivemq-controller-115] DEBUG c.h.p.o.HiveMQPlatformReconciler - [helmcust] Custom Resource Status STARTING - HiveMQ Platform is starting (READY)
2025-01-29 17:04:55,748 INFO c.h.h.t.HelmChartContainer - [hivemq-test-hivemq-platform] [hivemq-platform-operator] [53418b0e] 17:04:55.744 [ReconcilerExecutor-hivemq-controller-115] DEBUG c.h.p.o.HiveMQPlatformReconciler - [helmcust] Custom Resource Spec (replicas: 1) (extensions: 1)
2025-01-29 17:04:55,748 INFO c.h.h.t.HelmChartContainer - [hivemq-test-hivemq-platform] [hivemq-platform-operator] [53418b0e] 17:04:55.745 [ReconcilerExecutor-hivemq-controller-115] DEBUG c.h.p.o.HiveMQPlatformReconciler - [helmcust] StatefulSet Status (revision: test-hivemq-platform-796ccc778, replicas: 1, available: 1, ready: 1, current: 1, updated: 1)
2025-01-29 17:04:55,748 INFO c.h.h.t.HelmChartContainer - [hivemq-test-hivemq-platform] [hivemq-platform-operator] [53418b0e] 17:04:55.746 [ReconcilerExecutor-hivemq-controller-115] DEBUG c.h.p.o.HiveMQPlatformReconciler - [helmcust] StatefulSet Spec (replicas: 1, init containers: 1, containers: 1, volumes: 3)
2025-01-29 17:04:55,749 INFO c.h.h.t.HelmChartContainer - [hivemq-test-hivemq-platform] [hivemq-platform-operator] [53418b0e] 17:04:55.747 [ReconcilerExecutor-hivemq-controller-115] DEBUG c.h.p.o.h.HiveMQPlatformReconcilerErrorHandler - [helmcust] Pod 'test-hivemq-platform-0' phase Running
2025-01-29 17:04:55,750 INFO c.h.h.t.HelmChartContainer - [hivemq-test-hivemq-platform] [hivemq-platform-operator] [53418b0e] 17:04:55.748 [ReconcilerExecutor-hivemq-controller-115] INFO  c.h.p.o.h.HiveMQPlatformReconcilerBaseHandler - [helmcust] HiveMQ Platform started successfully
2025-01-29 17:04:55,850 INFO c.h.h.t.HelmChartContainer - [hivemq-test-hivemq-platform] [hivemq-platform-operator] [53418b0e] 17:04:55.849 [ReconcilerExecutor-hivemq-controller-115] DEBUG c.h.p.operator.event.EventSender - [helmcust] Creating K8s event hivemq-platform-ready: [Ready] HiveMQ Platform is ready
2025-01-29 17:04:55,854 INFO c.h.h.t.HelmChartContainer - [EVENT] Normal [Ready] HiveMQ Platform is ready [helmcustomextensionit:test-hivemq-platform]
2025-01-29 17:04:55,855 INFO c.h.h.t.HelmChartContainer - [hivemq-test-hivemq-platform] [hivemq-platform-operator] [53418b0e] 17:04:55.854 [ReconcilerExecutor-hivemq-controller-115] INFO  c.h.p.o.h.AbstractHiveMQReconcilerStateHandler - [helmcust] Update HiveMQ Platform Status (STARTING [READY] -> RUNNING [READY]): HiveMQ Platform is ready
2025-01-29 17:04:55,884 DEBUG com.hivemq.helmcharts.util.K8sUtil - Comparing actual state 'RUNNING' and waiting for 'RUNNING'
2025-01-29 17:04:55,943 INFO c.h.h.t.HelmChartContainer - [hivemq-test-hivemq-platform] [hivemq-platform-operator] [53418b0e] 17:04:55.941 [pool-6-thread-19] DEBUG c.h.p.o.dependants.PodInfoConfigMap - [helmcust] Desired PodInfo ConfigMap (1 extensions) (1 enabled)
2025-01-29 17:04:55,944 INFO c.h.h.t.HelmChartContainer - [hivemq-test-hivemq-platform] [hivemq-platform-operator] [53418b0e] 17:04:55.941 [pool-6-thread-14] DEBUG c.h.p.o.d.PlatformServiceResource - [helmcust] Desired Platform services (3 services)
2025-01-29 17:04:55,944 INFO c.h.h.t.HelmChartContainer - [hivemq-test-hivemq-platform] [hivemq-platform-operator] [53418b0e] 17:04:55.942 [pool-6-thread-11] DEBUG c.h.p.o.d.PodServiceAccountResource - [helmcust] Desired PodServiceAccountResource (serviceAccountName: hivemq-platform-pod-test-hivemq-platform)
2025-01-29 17:04:55,946 INFO c.h.h.t.HelmChartContainer - [hivemq-test-hivemq-platform] [hivemq-platform-operator] [53418b0e] 17:04:55.942 [pool-6-thread-19] DEBUG c.h.p.o.dependants.PodInfoConfigMap - [helmcust] Desired PodInfo ConfigMap (metrics port: 9399) (metrics path: /)
2025-01-29 17:04:55,947 INFO c.h.h.t.HelmChartContainer - [hivemq-test-hivemq-platform] [hivemq-platform-operator] [53418b0e] 17:04:55.943 [pool-6-thread-19] DEBUG c.h.p.o.dependants.PodInfoConfigMap - [helmcust] Desired PodInfo ConfigMap (extension state hash: -2048767907)
2025-01-29 17:04:55,948 INFO c.h.h.t.HelmChartContainer - [hivemq-test-hivemq-platform] [hivemq-platform-operator] [53418b0e] 17:04:55.946 [pool-6-thread-19] DEBUG c.h.p.o.dependants.PodInfoConfigMap - [helmcust] Update PodInfo ConfigMap
2025-01-29 17:04:55,979 INFO c.h.h.t.HelmChartContainer - [hivemq-test-hivemq-platform] [hivemq-platform-operator] [53418b0e] 17:04:55.978 [pool-6-thread-19] DEBUG c.h.p.o.d.StatefulSetResource - [helmcust] Desired StatefulSet (1 replicas) for status RUNNING (READY)
2025-01-29 17:04:56,040 INFO c.h.h.t.HelmChartContainer - [hivemq-test-hivemq-platform] [hivemq-platform-operator] [53418b0e] 17:04:56.039 [ReconcilerExecutor-hivemq-controller-116] INFO  c.h.p.o.HiveMQPlatformReconciler - [helmcust] Reconciling HiveMQ Platform 'test-hivemq-platform' in namespace 'helmcustomextensionit'
2025-01-29 17:04:56,040 INFO c.h.h.t.HelmChartContainer - [hivemq-test-hivemq-platform] [hivemq-platform-operator] [53418b0e] 17:04:56.039 [ReconcilerExecutor-hivemq-controller-116] DEBUG c.h.p.o.HiveMQPlatformReconciler - [helmcust] Custom Resource Status RUNNING - HiveMQ Platform is ready (READY)
2025-01-29 17:04:56,042 INFO c.h.h.t.HelmChartContainer - [hivemq-test-hivemq-platform] [hivemq-platform-operator] [53418b0e] 17:04:56.039 [ReconcilerExecutor-hivemq-controller-116] DEBUG c.h.p.o.HiveMQPlatformReconciler - [helmcust] Custom Resource Spec (replicas: 1) (extensions: 1)
2025-01-29 17:04:56,042 INFO c.h.h.t.HelmChartContainer - [hivemq-test-hivemq-platform] [hivemq-platform-operator] [53418b0e] 17:04:56.041 [ReconcilerExecutor-hivemq-controller-116] DEBUG c.h.p.o.HiveMQPlatformReconciler - [helmcust] StatefulSet Status (revision: test-hivemq-platform-796ccc778, replicas: 1, available: 1, ready: 1, current: 1, updated: 1)
2025-01-29 17:04:56,042 INFO c.h.h.t.HelmChartContainer - [hivemq-test-hivemq-platform] [hivemq-platform-operator] [53418b0e] 17:04:56.041 [ReconcilerExecutor-hivemq-controller-116] DEBUG c.h.p.o.HiveMQPlatformReconciler - [helmcust] StatefulSet Spec (replicas: 1, init containers: 1, containers: 1, volumes: 3)
2025-01-29 17:04:56,044 INFO c.h.h.t.HelmChartContainer - [hivemq-test-hivemq-platform] [hivemq-platform-operator] [53418b0e] 17:04:56.043 [ReconcilerExecutor-hivemq-controller-116] DEBUG c.h.p.o.h.HiveMQPlatformReconcilerErrorHandler - [helmcust] Pod 'test-hivemq-platform-0' phase Running
2025-01-29 17:04:57,894 INFO c.h.h.t.HelmChartContainer - Uninstalling release 'test-hivemq-platform' in namespace 'helmcustomextensionit'...
2025-01-29 17:04:57,894 DEBUG c.h.h.t.HelmChartContainer - Executing helm command: /bin/helm --kubeconfig /etc/rancher/k3s/k3s.yaml uninstall test-hivemq-platform  --wait --timeout 5m0s --cascade foreground --namespace helmcustomextensionit
2025-01-29 17:04:58,130 INFO c.h.h.t.HelmChartContainer - [hivemq-test-hivemq-platform] [hivemq-platform-operator] [53418b0e] 17:04:58.124 [pool-6-thread-21] DEBUG c.h.p.o.dependants.PodInfoConfigMap - [helmcust] Desired PodInfo ConfigMap (1 extensions) (1 enabled)
2025-01-29 17:04:58,130 INFO c.h.h.t.HelmChartContainer - [hivemq-test-hivemq-platform] [hivemq-platform-operator] [53418b0e] 17:04:58.124 [pool-6-thread-21] DEBUG c.h.p.o.dependants.PodInfoConfigMap - [helmcust] Desired PodInfo ConfigMap (metrics port: 9399) (metrics path: /)
2025-01-29 17:04:58,130 INFO c.h.h.t.HelmChartContainer - [hivemq-test-hivemq-platform] [hivemq-platform-operator] [53418b0e] 17:04:58.124 [pool-6-thread-21] DEBUG c.h.p.o.dependants.PodInfoConfigMap - [helmcust] Desired PodInfo ConfigMap (extension state hash: -2048767907)
2025-01-29 17:04:58,130 INFO c.h.h.t.HelmChartContainer - [hivemq-test-hivemq-platform] [hivemq-platform-operator] [53418b0e] 17:04:58.126 [pool-6-thread-24] DEBUG c.h.p.o.d.PlatformServiceResource - [helmcust] Desired Platform services (3 services)
2025-01-29 17:04:58,130 INFO c.h.h.t.HelmChartContainer - [hivemq-test-hivemq-platform] [hivemq-platform-operator] [53418b0e] 17:04:58.127 [pool-6-thread-23] DEBUG c.h.p.o.d.PodServiceAccountResource - [helmcust] Desired PodServiceAccountResource (serviceAccountName: hivemq-platform-pod-test-hivemq-platform)
2025-01-29 17:04:58,179 INFO c.h.h.t.HelmChartContainer - [hivemq-test-hivemq-platform] [hivemq-platform-operator] [53418b0e] 17:04:58.178 [pool-6-thread-27] DEBUG c.h.p.o.d.StatefulSetResource - [helmcust] Desired StatefulSet (1 replicas) for status RUNNING (READY)
2025-01-29 17:04:58,279 INFO c.h.h.t.HelmChartContainer - [hivemq-test-hivemq-platform] [hivemq-platform-operator] [53418b0e] 17:04:58.277 [ReconcilerExecutor-hivemq-controller-117] INFO  c.h.p.o.HiveMQPlatformReconciler - [helmcust] Reconciling HiveMQ Platform 'test-hivemq-platform' in namespace 'helmcustomextensionit'
2025-01-29 17:04:58,279 INFO c.h.h.t.HelmChartContainer - [hivemq-test-hivemq-platform] [hivemq-platform-operator] [53418b0e] 17:04:58.277 [ReconcilerExecutor-hivemq-controller-117] DEBUG c.h.p.o.HiveMQPlatformReconciler - [helmcust] Custom Resource Status RUNNING - HiveMQ Platform is ready (READY)
2025-01-29 17:04:58,279 INFO c.h.h.t.HelmChartContainer - [hivemq-test-hivemq-platform] [hivemq-platform-operator] [53418b0e] 17:04:58.277 [ReconcilerExecutor-hivemq-controller-117] DEBUG c.h.p.o.HiveMQPlatformReconciler - [helmcust] Custom Resource Spec (replicas: 1) (extensions: 1)
2025-01-29 17:04:58,279 INFO c.h.h.t.HelmChartContainer - [hivemq-test-hivemq-platform] [hivemq-platform-operator] [53418b0e] 17:04:58.278 [ReconcilerExecutor-hivemq-controller-117] WARN  c.h.p.o.h.HiveMQPlatformReconcilerErrorHandler - [helmcust] Could not find ConfigMap 'hivemq-configuration-test-hivemq-platform' for HiveMQ Platform configuration
2025-01-29 17:04:58,301 INFO c.h.h.t.HelmChartContainer - [hivemq-test-hivemq-platform] [hivemq-platform-operator] [53418b0e] 17:04:58.300 [ReconcilerExecutor-hivemq-controller-117] DEBUG c.h.p.operator.event.EventSender - [helmcust] Creating K8s event hivemq-platform-invalid-configuration: [Start] Could not find ConfigMap 'hivemq-configuration-test-hivemq-platform' for HiveMQ Platform configuration
2025-01-29 17:04:58,304 INFO c.h.h.t.HelmChartContainer - [EVENT] Warning [Start] Could not find ConfigMap 'hivemq-configuration-test-hivemq-platform' for HiveMQ Platform configuration [helmcustomextensionit:test-hivemq-platform]
2025-01-29 17:04:58,377 INFO c.h.h.t.HelmChartContainer - [hivemq-test-hivemq-platform] [hivemq-platform-operator] [53418b0e] 17:04:58.376 [ReconcilerExecutor-hivemq-controller-117] INFO  c.h.p.o.h.AbstractHiveMQReconcilerStateHandler - [helmcust] Update HiveMQ Platform Status (RUNNING [READY] -> ERROR [INVALID_CONFIG_MAP]): Could not find ConfigMap 'hivemq-configuration-test-hivemq-platform' for HiveMQ Platform configuration
2025-01-29 17:04:58,388 INFO c.h.h.t.HelmChartContainer - [hivemq-test-hivemq-platform] [hivemq-platform-operator] [53418b0e] 17:04:58.383 [ReconcilerExecutor-hivemq-controller-117] ERROR i.j.o.p.event.EventProcessor - Error during event processing ExecutionScope{ resource id: ResourceID{name='test-hivemq-platform', namespace='helmcustomextensionit'}, version: 929}
2025-01-29 17:04:58,388 INFO c.h.h.t.HelmChartContainer - [hivemq-test-hivemq-platform] [hivemq-platform-operator] [53418b0e] io.fabric8.kubernetes.client.KubernetesClientException: Failure executing: PUT at: https://10.43.0.1:443/apis/hivemq.com/v1/namespaces/helmcustomextensionit/hivemq-platforms/test-hivemq-platform/status. Message: Operation cannot be fulfilled on hivemq-platforms.hivemq.com "test-hivemq-platform": the object has been modified; please apply your changes to the latest version and try again. Received status: Status(apiVersion=v1, code=409, details=StatusDetails(causes=[], group=hivemq.com, kind=hivemq-platforms, name=test-hivemq-platform, retryAfterSeconds=null, uid=null, additionalProperties={}), kind=Status, message=Operation cannot be fulfilled on hivemq-platforms.hivemq.com "test-hivemq-platform": the object has been modified; please apply your changes to the latest version and try again, metadata=ListMeta(_continue=null, remainingItemCount=null, resourceVersion=null, selfLink=null, additionalProperties={}), reason=Conflict, status=Failure, additionalProperties={}).
2025-01-29 17:04:58,388 INFO c.h.h.t.HelmChartContainer - [hivemq-test-hivemq-platform] [hivemq-platform-operator] [53418b0e] 	at io.fabric8.kubernetes.client.KubernetesClientException.copyAsCause(KubernetesClientException.java:238)
2025-01-29 17:04:58,389 INFO c.h.h.t.HelmChartContainer - [hivemq-test-hivemq-platform] [hivemq-platform-operator] [53418b0e] 	at io.fabric8.kubernetes.client.dsl.internal.OperationSupport.waitForResult(OperationSupport.java:507)
2025-01-29 17:04:58,389 INFO c.h.h.t.HelmChartContainer - [hivemq-test-hivemq-platform] [hivemq-platform-operator] [53418b0e] 	at io.fabric8.kubernetes.client.dsl.internal.OperationSupport.handleResponse(OperationSupport.java:524)
2025-01-29 17:04:58,389 INFO c.h.h.t.HelmChartContainer - [hivemq-test-hivemq-platform] [hivemq-platform-operator] [53418b0e] 	at io.fabric8.kubernetes.client.dsl.internal.OperationSupport.handleUpdate(OperationSupport.java:358)
2025-01-29 17:04:58,389 INFO c.h.h.t.HelmChartContainer - [hivemq-test-hivemq-platform] [hivemq-platform-operator] [53418b0e] 	at io.fabric8.kubernetes.client.dsl.internal.BaseOperation.handleUpdate(BaseOperation.java:759)
2025-01-29 17:04:58,389 INFO c.h.h.t.HelmChartContainer - [hivemq-test-hivemq-platform] [hivemq-platform-operator] [53418b0e] 	at io.fabric8.kubernetes.client.dsl.internal.HasMetadataOperation.update(HasMetadataOperation.java:138)
2025-01-29 17:04:58,389 INFO c.h.h.t.HelmChartContainer - [hivemq-test-hivemq-platform] [hivemq-platform-operator] [53418b0e] 	at io.fabric8.kubernetes.client.dsl.internal.HasMetadataOperation.update(HasMetadataOperation.java:121)
2025-01-29 17:04:58,389 INFO c.h.h.t.HelmChartContainer - [hivemq-test-hivemq-platform] [hivemq-platform-operator] [53418b0e] 	at io.fabric8.kubernetes.client.dsl.internal.HasMetadataOperation.updateStatus(HasMetadataOperation.java:126)
2025-01-29 17:04:58,389 INFO c.h.h.t.HelmChartContainer - [hivemq-test-hivemq-platform] [hivemq-platform-operator] [53418b0e] 	at io.fabric8.kubernetes.client.dsl.internal.HasMetadataOperation.updateStatus(HasMetadataOperation.java:44)
2025-01-29 17:04:58,389 INFO c.h.h.t.HelmChartContainer - [hivemq-test-hivemq-platform] [hivemq-platform-operator] [53418b0e] 	at io.javaoperatorsdk.operator.processing.event.ReconciliationDispatcher$CustomResourceFacade.updateStatus(ReconciliationDispatcher.java:408)
2025-01-29 17:04:58,389 INFO c.h.h.t.HelmChartContainer - [hivemq-test-hivemq-platform] [hivemq-platform-operator] [53418b0e] 	at io.javaoperatorsdk.operator.processing.event.ReconciliationDispatcher.updateStatusGenerationAware(ReconciliationDispatcher.java:228)
2025-01-29 17:04:58,389 INFO c.h.h.t.HelmChartContainer - [hivemq-test-hivemq-platform] [hivemq-platform-operator] [53418b0e] 	at io.javaoperatorsdk.operator.processing.event.ReconciliationDispatcher.reconcileExecution(ReconciliationDispatcher.java:150)
2025-01-29 17:04:58,389 INFO c.h.h.t.HelmChartContainer - [hivemq-test-hivemq-platform] [hivemq-platform-operator] [53418b0e] 	at io.javaoperatorsdk.operator.processing.event.ReconciliationDispatcher.handleReconcile(ReconciliationDispatcher.java:117)
2025-01-29 17:04:58,389 INFO c.h.h.t.HelmChartContainer - [hivemq-test-hivemq-platform] [hivemq-platform-operator] [53418b0e] 	at io.javaoperatorsdk.operator.processing.event.ReconciliationDispatcher.handleDispatch(ReconciliationDispatcher.java:91)
2025-01-29 17:04:58,389 INFO c.h.h.t.HelmChartContainer - [hivemq-test-hivemq-platform] [hivemq-platform-operator] [53418b0e] 	at io.javaoperatorsdk.operator.processing.event.ReconciliationDispatcher.handleExecution(ReconciliationDispatcher.java:64)
2025-01-29 17:04:58,389 INFO c.h.h.t.HelmChartContainer - [hivemq-test-hivemq-platform] [hivemq-platform-operator] [53418b0e] 	at io.javaoperatorsdk.operator.processing.event.EventProcessor$ReconcilerExecutor.run(EventProcessor.java:452)
2025-01-29 17:04:58,389 INFO c.h.h.t.HelmChartContainer - [hivemq-test-hivemq-platform] [hivemq-platform-operator] [53418b0e] 	at java.base/java.util.concurrent.ThreadPoolExecutor.runWorker(Unknown Source)
2025-01-29 17:04:58,389 INFO c.h.h.t.HelmChartContainer - [hivemq-test-hivemq-platform] [hivemq-platform-operator] [53418b0e] 	at java.base/java.util.concurrent.ThreadPoolExecutor$Worker.run(Unknown Source)
2025-01-29 17:04:58,389 INFO c.h.h.t.HelmChartContainer - [hivemq-test-hivemq-platform] [hivemq-platform-operator] [53418b0e] 	at java.base/java.lang.Thread.run(Unknown Source)
2025-01-29 17:04:58,389 INFO c.h.h.t.HelmChartContainer - [hivemq-test-hivemq-platform] [hivemq-platform-operator] [53418b0e] Caused by: io.fabric8.kubernetes.client.KubernetesClientException: Failure executing: PUT at: https://10.43.0.1:443/apis/hivemq.com/v1/namespaces/helmcustomextensionit/hivemq-platforms/test-hivemq-platform/status. Message: Operation cannot be fulfilled on hivemq-platforms.hivemq.com "test-hivemq-platform": the object has been modified; please apply your changes to the latest version and try again. Received status: Status(apiVersion=v1, code=409, details=StatusDetails(causes=[], group=hivemq.com, kind=hivemq-platforms, name=test-hivemq-platform, retryAfterSeconds=null, uid=null, additionalProperties={}), kind=Status, message=Operation cannot be fulfilled on hivemq-platforms.hivemq.com "test-hivemq-platform": the object has been modified; please apply your changes to the latest version and try again, metadata=ListMeta(_continue=null, remainingItemCount=null, resourceVersion=null, selfLink=null, additionalProperties={}), reason=Conflict, status=Failure, additionalProperties={}).
2025-01-29 17:04:58,389 INFO c.h.h.t.HelmChartContainer - [hivemq-test-hivemq-platform] [hivemq-platform-operator] [53418b0e] 	at io.fabric8.kubernetes.client.dsl.internal.OperationSupport.requestFailure(OperationSupport.java:660)
2025-01-29 17:04:58,389 INFO c.h.h.t.HelmChartContainer - [hivemq-test-hivemq-platform] [hivemq-platform-operator] [53418b0e] 	at io.fabric8.kubernetes.client.dsl.internal.OperationSupport.requestFailure(OperationSupport.java:640)
2025-01-29 17:04:58,389 INFO c.h.h.t.HelmChartContainer - [hivemq-test-hivemq-platform] [hivemq-platform-operator] [53418b0e] 	at io.fabric8.kubernetes.client.dsl.internal.OperationSupport.assertResponseCode(OperationSupport.java:589)
2025-01-29 17:04:58,389 INFO c.h.h.t.HelmChartContainer - [hivemq-test-hivemq-platform] [hivemq-platform-operator] [53418b0e] 	at io.fabric8.kubernetes.client.dsl.internal.OperationSupport.lambda$handleResponse$0(OperationSupport.java:549)
2025-01-29 17:04:58,389 INFO c.h.h.t.HelmChartContainer - [hivemq-test-hivemq-platform] [hivemq-platform-operator] [53418b0e] 	at java.base/java.util.concurrent.CompletableFuture$UniApply.tryFire(Unknown Source)
2025-01-29 17:04:58,389 INFO c.h.h.t.HelmChartContainer - [hivemq-test-hivemq-platform] [hivemq-platform-operator] [53418b0e] 	at java.base/java.util.concurrent.CompletableFuture.postComplete(Unknown Source)
2025-01-29 17:04:58,389 INFO c.h.h.t.HelmChartContainer - [hivemq-test-hivemq-platform] [hivemq-platform-operator] [53418b0e] 	at java.base/java.util.concurrent.CompletableFuture.complete(Unknown Source)
2025-01-29 17:04:58,389 INFO c.h.h.t.HelmChartContainer - [hivemq-test-hivemq-platform] [hivemq-platform-operator] [53418b0e] 	at io.fabric8.kubernetes.client.http.StandardHttpClient.lambda$completeOrCancel$10(StandardHttpClient.java:141)
2025-01-29 17:04:58,389 INFO c.h.h.t.HelmChartContainer - [hivemq-test-hivemq-platform] [hivemq-platform-operator] [53418b0e] 	at java.base/java.util.concurrent.CompletableFuture.uniWhenComplete(Unknown Source)
2025-01-29 17:04:58,389 INFO c.h.h.t.HelmChartContainer - [hivemq-test-hivemq-platform] [hivemq-platform-operator] [53418b0e] 	at java.base/java.util.concurrent.CompletableFuture$UniWhenComplete.tryFire(Unknown Source)
2025-01-29 17:04:58,389 INFO c.h.h.t.HelmChartContainer - [hivemq-test-hivemq-platform] [hivemq-platform-operator] [53418b0e] 	at java.base/java.util.concurrent.CompletableFuture.postComplete(Unknown Source)
2025-01-29 17:04:58,389 INFO c.h.h.t.HelmChartContainer - [hivemq-test-hivemq-platform] [hivemq-platform-operator] [53418b0e] 	at java.base/java.util.concurrent.CompletableFuture.complete(Unknown Source)
2025-01-29 17:04:58,389 INFO c.h.h.t.HelmChartContainer - [hivemq-test-hivemq-platform] [hivemq-platform-operator] [53418b0e] 	at io.fabric8.kubernetes.client.http.ByteArrayBodyHandler.onBodyDone(ByteArrayBodyHandler.java:51)
2025-01-29 17:04:58,389 INFO c.h.h.t.HelmChartContainer - [hivemq-test-hivemq-platform] [hivemq-platform-operator] [53418b0e] 	at java.base/java.util.concurrent.CompletableFuture.uniWhenComplete(Unknown Source)
2025-01-29 17:04:58,389 INFO c.h.h.t.HelmChartContainer - [hivemq-test-hivemq-platform] [hivemq-platform-operator] [53418b0e] 	at java.base/java.util.concurrent.CompletableFuture$UniWhenComplete.tryFire(Unknown Source)
2025-01-29 17:04:58,389 INFO c.h.h.t.HelmChartContainer - [hivemq-test-hivemq-platform] [hivemq-platform-operator] [53418b0e] 	at java.base/java.util.concurrent.CompletableFuture.postComplete(Unknown Source)
2025-01-29 17:04:58,389 INFO c.h.h.t.HelmChartContainer - [hivemq-test-hivemq-platform] [hivemq-platform-operator] [53418b0e] 	at java.base/java.util.concurrent.CompletableFuture.complete(Unknown Source)
2025-01-29 17:04:58,389 INFO c.h.h.t.HelmChartContainer - [hivemq-test-hivemq-platform] [hivemq-platform-operator] [53418b0e] 	at io.fabric8.kubernetes.client.vertx.VertxHttpRequest.lambda$null$1(VertxHttpRequest.java:121)
2025-01-29 17:04:58,389 INFO c.h.h.t.HelmChartContainer - [hivemq-test-hivemq-platform] [hivemq-platform-operator] [53418b0e] 	at io.vertx.core.impl.ContextInternal.dispatch(ContextInternal.java:279)
2025-01-29 17:04:58,389 INFO c.h.h.t.HelmChartContainer - [hivemq-test-hivemq-platform] [hivemq-platform-operator] [53418b0e] 	at io.vertx.core.impl.ContextInternal.dispatch(ContextInternal.java:261)
2025-01-29 17:04:58,389 INFO c.h.h.t.HelmChartContainer - [hivemq-test-hivemq-platform] [hivemq-platform-operator] [53418b0e] 	at io.vertx.core.http.impl.HttpEventHandler.handleEnd(HttpEventHandler.java:76)
2025-01-29 17:04:58,389 INFO c.h.h.t.HelmChartContainer - [hivemq-test-hivemq-platform] [hivemq-platform-operator] [53418b0e] 	at io.vertx.core.http.impl.HttpClientResponseImpl.handleEnd(HttpClientResponseImpl.java:250)
2025-01-29 17:04:58,389 INFO c.h.h.t.HelmChartContainer - [hivemq-test-hivemq-platform] [hivemq-platform-operator] [53418b0e] 	at io.vertx.core.http.impl.Http1xClientConnection$StreamImpl.lambda$new$0(Http1xClientConnection.java:421)
2025-01-29 17:04:58,389 INFO c.h.h.t.HelmChartContainer - [hivemq-test-hivemq-platform] [hivemq-platform-operator] [53418b0e] 	at io.vertx.core.streams.impl.InboundBuffer.handleEvent(InboundBuffer.java:279)
2025-01-29 17:04:58,389 INFO c.h.h.t.HelmChartContainer - [hivemq-test-hivemq-platform] [hivemq-platform-operator] [53418b0e] 	at io.vertx.core.streams.impl.InboundBuffer.write(InboundBuffer.java:157)
2025-01-29 17:04:58,389 INFO c.h.h.t.HelmChartContainer - [hivemq-test-hivemq-platform] [hivemq-platform-operator] [53418b0e] 	at io.vertx.core.http.impl.Http1xClientConnection$StreamImpl.handleEnd(Http1xClientConnection.java:709)
2025-01-29 17:04:58,389 INFO c.h.h.t.HelmChartContainer - [hivemq-test-hivemq-platform] [hivemq-platform-operator] [53418b0e] 	at io.vertx.core.impl.ContextImpl.execute(ContextImpl.java:313)
2025-01-29 17:04:58,389 INFO c.h.h.t.HelmChartContainer - [hivemq-test-hivemq-platform] [hivemq-platform-operator] [53418b0e] 	at io.vertx.core.impl.ContextImpl.execute(ContextImpl.java:293)
2025-01-29 17:04:58,389 INFO c.h.h.t.HelmChartContainer - [hivemq-test-hivemq-platform] [hivemq-platform-operator] [53418b0e] 	at io.vertx.core.http.impl.Http1xClientConnection.handleResponseEnd(Http1xClientConnection.java:940)
2025-01-29 17:04:58,389 INFO c.h.h.t.HelmChartContainer - [hivemq-test-hivemq-platform] [hivemq-platform-operator] [53418b0e] 	at io.vertx.core.http.impl.Http1xClientConnection.handleHttpMessage(Http1xClientConnection.java:810)
2025-01-29 17:04:58,389 INFO c.h.h.t.HelmChartContainer - [hivemq-test-hivemq-platform] [hivemq-platform-operator] [53418b0e] 	at io.vertx.core.http.impl.Http1xClientConnection.handleMessage(Http1xClientConnection.java:774)
2025-01-29 17:04:58,390 INFO c.h.h.t.HelmChartContainer - [hivemq-test-hivemq-platform] [hivemq-platform-operator] [53418b0e] 	at io.vertx.core.net.impl.ConnectionBase.read(ConnectionBase.java:159)
2025-01-29 17:04:58,390 INFO c.h.h.t.HelmChartContainer - [hivemq-test-hivemq-platform] [hivemq-platform-operator] [53418b0e] 	at io.vertx.core.net.impl.VertxHandler.channelRead(VertxHandler.java:153)
2025-01-29 17:04:58,390 INFO c.h.h.t.HelmChartContainer - [hivemq-test-hivemq-platform] [hivemq-platform-operator] [53418b0e] 	at io.netty.channel.AbstractChannelHandlerContext.invokeChannelRead(AbstractChannelHandlerContext.java:442)
2025-01-29 17:04:58,390 INFO c.h.h.t.HelmChartContainer - [hivemq-test-hivemq-platform] [hivemq-platform-operator] [53418b0e] 	at io.netty.channel.AbstractChannelHandlerContext.invokeChannelRead(AbstractChannelHandlerContext.java:420)
2025-01-29 17:04:58,390 INFO c.h.h.t.HelmChartContainer - [hivemq-test-hivemq-platform] [hivemq-platform-operator] [53418b0e] 	at io.netty.channel.AbstractChannelHandlerContext.fireChannelRead(AbstractChannelHandlerContext.java:412)
2025-01-29 17:04:58,390 INFO c.h.h.t.HelmChartContainer - [hivemq-test-hivemq-platform] [hivemq-platform-operator] [53418b0e] 	at io.netty.channel.CombinedChannelDuplexHandler$DelegatingChannelHandlerContext.fireChannelRead(CombinedChannelDuplexHandler.java:436)
2025-01-29 17:04:58,390 INFO c.h.h.t.HelmChartContainer - [hivemq-test-hivemq-platform] [hivemq-platform-operator] [53418b0e] 	at io.netty.handler.codec.ByteToMessageDecoder.fireChannelRead(ByteToMessageDecoder.java:346)
2025-01-29 17:04:58,390 INFO c.h.h.t.HelmChartContainer - [hivemq-test-hivemq-platform] [hivemq-platform-operator] [53418b0e] 	at io.netty.handler.codec.ByteToMessageDecoder.channelRead(ByteToMessageDecoder.java:318)
2025-01-29 17:04:58,390 INFO c.h.h.t.HelmChartContainer - [hivemq-test-hivemq-platform] [hivemq-platform-operator] [53418b0e] 	at io.netty.channel.CombinedChannelDuplexHandler.channelRead(CombinedChannelDuplexHandler.java:251)
2025-01-29 17:04:58,390 INFO c.h.h.t.HelmChartContainer - [hivemq-test-hivemq-platform] [hivemq-platform-operator] [53418b0e] 	at io.netty.channel.AbstractChannelHandlerContext.invokeChannelRead(AbstractChannelHandlerContext.java:442)
2025-01-29 17:04:58,390 INFO c.h.h.t.HelmChartContainer - [hivemq-test-hivemq-platform] [hivemq-platform-operator] [53418b0e] 	at io.netty.channel.AbstractChannelHandlerContext.invokeChannelRead(AbstractChannelHandlerContext.java:420)
2025-01-29 17:04:58,391 INFO c.h.h.t.HelmChartContainer - [hivemq-test-hivemq-platform] [hivemq-platform-operator] [53418b0e] 	at io.netty.channel.AbstractChannelHandlerContext.fireChannelRead(AbstractChannelHandlerContext.java:412)
2025-01-29 17:04:58,391 INFO c.h.h.t.HelmChartContainer - [hivemq-test-hivemq-platform] [hivemq-platform-operator] [53418b0e] 	at io.netty.handler.ssl.SslHandler.unwrap(SslHandler.java:1475)
2025-01-29 17:04:58,391 INFO c.h.h.t.HelmChartContainer - [hivemq-test-hivemq-platform] [hivemq-platform-operator] [53418b0e] 	at io.netty.handler.ssl.SslHandler.decodeJdkCompatible(SslHandler.java:1338)
2025-01-29 17:04:58,391 INFO c.h.h.t.HelmChartContainer - [hivemq-test-hivemq-platform] [hivemq-platform-operator] [53418b0e] 	at io.netty.handler.ssl.SslHandler.decode(SslHandler.java:1387)
2025-01-29 17:04:58,391 INFO c.h.h.t.HelmChartContainer - [hivemq-test-hivemq-platform] [hivemq-platform-operator] [53418b0e] 	at io.netty.handler.codec.ByteToMessageDecoder.decodeRemovalReentryProtection(ByteToMessageDecoder.java:530)
2025-01-29 17:04:58,391 INFO c.h.h.t.HelmChartContainer - [hivemq-test-hivemq-platform] [hivemq-platform-operator] [53418b0e] 	at io.netty.handler.codec.ByteToMessageDecoder.callDecode(ByteToMessageDecoder.java:469)
2025-01-29 17:04:58,391 INFO c.h.h.t.HelmChartContainer - [hivemq-test-hivemq-platform] [hivemq-platform-operator] [53418b0e] 	at io.netty.handler.codec.ByteToMessageDecoder.channelRead(ByteToMessageDecoder.java:290)
2025-01-29 17:04:58,391 INFO c.h.h.t.HelmChartContainer - [hivemq-test-hivemq-platform] [hivemq-platform-operator] [53418b0e] 	at io.netty.channel.AbstractChannelHandlerContext.invokeChannelRead(AbstractChannelHandlerContext.java:444)
2025-01-29 17:04:58,391 INFO c.h.h.t.HelmChartContainer - [hivemq-test-hivemq-platform] [hivemq-platform-operator] [53418b0e] 	at io.netty.channel.AbstractChannelHandlerContext.invokeChannelRead(AbstractChannelHandlerContext.java:420)
2025-01-29 17:04:58,391 INFO c.h.h.t.HelmChartContainer - [hivemq-test-hivemq-platform] [hivemq-platform-operator] [53418b0e] 	at io.netty.channel.AbstractChannelHandlerContext.fireChannelRead(AbstractChannelHandlerContext.java:412)
2025-01-29 17:04:58,391 INFO c.h.h.t.HelmChartContainer - [hivemq-test-hivemq-platform] [hivemq-platform-operator] [53418b0e] 	at io.netty.channel.DefaultChannelPipeline$HeadContext.channelRead(DefaultChannelPipeline.java:1407)
2025-01-29 17:04:58,391 INFO c.h.h.t.HelmChartContainer - [hivemq-test-hivemq-platform] [hivemq-platform-operator] [53418b0e] 	at io.netty.channel.AbstractChannelHandlerContext.invokeChannelRead(AbstractChannelHandlerContext.java:440)
2025-01-29 17:04:58,391 INFO c.h.h.t.HelmChartContainer - [hivemq-test-hivemq-platform] [hivemq-platform-operator] [53418b0e] 	at io.netty.channel.AbstractChannelHandlerContext.invokeChannelRead(AbstractChannelHandlerContext.java:420)
2025-01-29 17:04:58,392 INFO c.h.h.t.HelmChartContainer - [hivemq-test-hivemq-platform] [hivemq-platform-operator] [53418b0e] 	at io.netty.channel.DefaultChannelPipeline.fireChannelRead(DefaultChannelPipeline.java:918)
2025-01-29 17:04:58,392 INFO c.h.h.t.HelmChartContainer - [hivemq-test-hivemq-platform] [hivemq-platform-operator] [53418b0e] 	at io.netty.channel.nio.AbstractNioByteChannel$NioByteUnsafe.read(AbstractNioByteChannel.java:166)
2025-01-29 17:04:58,392 INFO c.h.h.t.HelmChartContainer - [hivemq-test-hivemq-platform] [hivemq-platform-operator] [53418b0e] 	at io.netty.channel.nio.NioEventLoop.processSelectedKey(NioEventLoop.java:788)
2025-01-29 17:04:58,392 INFO c.h.h.t.HelmChartContainer - [hivemq-test-hivemq-platform] [hivemq-platform-operator] [53418b0e] 	at io.netty.channel.nio.NioEventLoop.processSelectedKeysOptimized(NioEventLoop.java:724)
2025-01-29 17:04:58,392 INFO c.h.h.t.HelmChartContainer - [hivemq-test-hivemq-platform] [hivemq-platform-operator] [53418b0e] 	at io.netty.channel.nio.NioEventLoop.processSelectedKeys(NioEventLoop.java:650)
2025-01-29 17:04:58,392 INFO c.h.h.t.HelmChartContainer - [hivemq-test-hivemq-platform] [hivemq-platform-operator] [53418b0e] 	at io.netty.channel.nio.NioEventLoop.run(NioEventLoop.java:562)
2025-01-29 17:04:58,392 INFO c.h.h.t.HelmChartContainer - [hivemq-test-hivemq-platform] [hivemq-platform-operator] [53418b0e] 	at io.netty.util.concurrent.SingleThreadEventExecutor$4.run(SingleThreadEventExecutor.java:997)
2025-01-29 17:04:58,392 INFO c.h.h.t.HelmChartContainer - [hivemq-test-hivemq-platform] [hivemq-platform-operator] [53418b0e] 	at io.netty.util.internal.ThreadExecutorMap$2.run(ThreadExecutorMap.java:74)
2025-01-29 17:04:58,392 INFO c.h.h.t.HelmChartContainer - [hivemq-test-hivemq-platform] [hivemq-platform-operator] [53418b0e] 	at io.netty.util.concurrent.FastThreadLocalRunnable.run(FastThreadLocalRunnable.java:30)
2025-01-29 17:04:58,392 INFO c.h.h.t.HelmChartContainer - [hivemq-test-hivemq-platform] [hivemq-platform-operator] [53418b0e] 	... 1 common frames omitted
2025-01-29 17:04:58,392 INFO c.h.h.t.HelmChartContainer - [hivemq-test-hivemq-platform] [hivemq-platform-operator] [53418b0e] 17:04:58.388 [ReconcilerExecutor-hivemq-controller-124] INFO  c.h.p.o.HiveMQPlatformReconciler - [helmcust] Cleanup test-hivemq-platform - helmcustomextensionit HiveMQ Platform is shut down
2025-01-29 17:04:58,860 INFO c.h.h.t.HelmChartContainer - [POD] test-hivemq-platform-0 [ad533c85-955c-41ec-9afb-7250b6579ef6] in helmcustomextensionit was MODIFIED
2025-01-29 17:04:58,861 INFO c.h.h.t.HelmChartContainer - [EVENT] Normal [Killing] Stopping container hivemq [helmcustomextensionit:test-hivemq-platform-0]
2025-01-29 17:04:58,861 INFO c.h.h.t.HelmChartContainer - Received Killing event for container hivemq in pod test-hivemq-platform-0 [ad533c85-955c-41ec-9afb-7250b6579ef6]
2025-01-29 17:04:58,861 INFO c.h.h.t.HelmChartContainer - Container [test-hivemq-platform-0] [hivemq] [ad533c85-955c-41ec-9afb-7250b6579ef6] was terminated
2025-01-29 17:04:58,862 INFO c.h.h.t.HelmChartContainer - Stopped log watcher for hivemq in pod test-hivemq-platform-0 [ad533c85-955c-41ec-9afb-7250b6579ef6]
2025-01-29 17:04:58,864 INFO c.h.h.t.HelmChartContainer - [test-hivemq-platform] [hivemq] [ad533c85] INFO  - [HiveMQ Platform Operator Init App 1.7.0-SNAPSHOT] Shutting down
2025-01-29 17:04:58,864 INFO c.h.h.t.HelmChartContainer - [test-hivemq-platform] [hivemq] [ad533c85] INFO  - [HiveMQ Platform Operator Init App 1.7.0-SNAPSHOT] Stopping the HiveMQ Platform
2025-01-29 17:04:58,989 INFO c.h.h.t.HelmChartContainer - [test-hivemq-platform] [hivemq] [ad533c85] INFO  - Shutting down HiveMQ. Please wait, this could take a while...
2025-01-29 17:04:58,997 INFO c.h.h.t.HelmChartContainer - [test-hivemq-platform] [hivemq] [ad533c85] INFO  - Shutting down listeners and clients
2025-01-29 17:04:59,079 INFO c.h.h.t.HelmChartContainer - [test-hivemq-platform] [hivemq] [ad533c85] INFO  - Shutdown of listeners is done
2025-01-29 17:04:59,079 INFO c.h.h.t.HelmChartContainer - [test-hivemq-platform] [hivemq] [ad533c85] INFO  - No clients are connected, proceeding with shutdown
2025-01-29 17:05:00,191 INFO c.h.h.t.HelmChartContainer - Deleting namespace 'helmcustomextensionit'...
2025-01-29 17:05:00,618 INFO c.h.h.t.HelmChartContainer - [test-hivemq-platform] [hivemq] [ad533c85] INFO  - [HiveMQ Platform Operator Init App 1.7.0-SNAPSHOT] Returning shutdown Health API response 503 for readiness
2025-01-29 17:05:00,622 INFO c.h.h.t.HelmChartContainer - [EVENT] Warning [Unhealthy] Readiness probe failed: HTTP probe failed with statuscode: 503 [helmcustomextensionit:test-hivemq-platform-0]
2025-01-29 17:05:00,622 INFO c.h.h.t.HelmChartContainer - Received Unhealthy event for container hivemq in pod test-hivemq-platform-0 [ad533c85-955c-41ec-9afb-7250b6579ef6]
2025-01-29 17:05:01,025 INFO c.h.h.t.HelmChartContainer - [K3S] [authentication.go:74] "Unable to authenticate the request" err="[invalid bearer token, serviceaccounts \"hivemq-platform-pod-test-hivemq-platform\" not found]"
2025-01-29 17:05:01,041 INFO c.h.h.t.HelmChartContainer - [K3S] [authentication.go:74] "Unable to authenticate the request" err="[invalid bearer token, serviceaccounts \"hivemq-platform-pod-test-hivemq-platform\" not found]"
2025-01-29 17:05:01,103 INFO c.h.h.t.HelmChartContainer - [test-hivemq-platform] [hivemq] [ad533c85] WARN  - [HiveMQ Platform Operator Init App 1.7.0-SNAPSHOT] Could not update Pod annotations: Failure executing: GET at: https://10.43.0.1:443/api/v1/namespaces/helmcustomextensionit/pods/test-hivemq-platform-0. Message: Unauthorized. Received status: Status(apiVersion=v1, code=401, details=null, kind=Status, message=Unauthorized, metadata=ListMeta(_continue=null, remainingItemCount=null, resourceVersion=null, selfLink=null, additionalProperties={}), reason=Unauthorized, status=Failure, additionalProperties={}).
2025-01-29 17:05:01,705 INFO c.h.h.t.HelmChartContainer - [test-hivemq-platform] [hivemq] [ad533c85] INFO  - Shutting down extension system
2025-01-29 17:05:01,711 INFO c.h.h.t.HelmChartContainer - [test-hivemq-platform] [hivemq] [ad533c85] INFO  - Stopping extension with id hivemq-dns-cluster-discovery
2025-01-29 17:05:01,712 INFO c.h.h.t.HelmChartContainer - [test-hivemq-platform] [hivemq] [ad533c85] INFO  - Extension "DNS Cluster Discovery Extension" version 4.3.2 stopped successfully.
2025-01-29 17:05:01,714 INFO c.h.h.t.HelmChartContainer - [test-hivemq-platform] [hivemq] [ad533c85] INFO  - Stopping extension with id hivemq-custom-test-extension
2025-01-29 17:05:01,714 INFO c.h.h.t.HelmChartContainer - [test-hivemq-platform] [hivemq] [ad533c85] INFO  - HiveMQ Custom Test Extension stopped
2025-01-29 17:05:01,714 INFO c.h.h.t.HelmChartContainer - [test-hivemq-platform] [hivemq] [ad533c85] INFO  - Extension "HiveMQ Custom Test Extension" version 1.0.0 stopped successfully.
2025-01-29 17:05:01,714 INFO c.h.h.t.HelmChartContainer - [test-hivemq-platform] [hivemq] [ad533c85] INFO  - Stopping extension with id hivemq-prometheus-extension
2025-01-29 17:05:01,718 INFO c.h.h.t.HelmChartContainer - [test-hivemq-platform] [hivemq] [ad533c85] INFO  - Extension "Prometheus Monitoring Extension" version 4.0.12 stopped successfully.
2025-01-29 17:05:01,718 INFO c.h.h.t.HelmChartContainer - [test-hivemq-platform] [hivemq] [ad533c85] INFO  - Stopping extension with id hivemq-allow-all-extension
2025-01-29 17:05:01,719 INFO c.h.h.t.HelmChartContainer - [test-hivemq-platform] [hivemq] [ad533c85] INFO  - Extension "Allow All Extension" version 1.1.1 stopped successfully.
2025-01-29 17:05:04,008 INFO c.h.h.t.HelmChartContainer - [test-hivemq-platform] [hivemq] [ad533c85] INFO  - Shutdown completed.
2025-01-29 17:05:04,357 INFO c.h.h.t.HelmChartContainer - [test-hivemq-platform] [hivemq] [ad533c85] INFO  - [HiveMQ Platform Operator Init App 1.7.0-SNAPSHOT] The HiveMQ Platform exited with code 143
2025-01-29 17:05:04,357 INFO c.h.h.t.HelmChartContainer - [test-hivemq-platform] [hivemq] [ad533c85] INFO  - [HiveMQ Platform Operator Init App 1.7.0-SNAPSHOT] Stopping the REST API
2025-01-29 17:05:04,363 INFO c.h.h.t.HelmChartContainer - [test-hivemq-platform] [hivemq] [ad533c85] INFO  - [HiveMQ Platform Operator Init App 1.7.0-SNAPSHOT] Shutdown complete
2025-01-29 17:05:04,806 INFO c.h.h.t.HelmChartContainer - [POD] test-hivemq-platform-0 [ad533c85-955c-41ec-9afb-7250b6579ef6] in helmcustomextensionit was MODIFIED
2025-01-29 17:05:04,806 INFO c.h.h.t.HelmChartContainer - [K3S] [stateful_set.go:438] "Unhandled Error" err="error syncing StatefulSet helmcustomextensionit/test-hivemq-platform, requeuing: controllerrevisions.apps \"test-hivemq-platform-796ccc778\" is forbidden: unable to create new content in namespace helmcustomextensionit because it is being terminated"
2025-01-29 17:05:04,814 INFO c.h.h.t.HelmChartContainer - [K3S] [stateful_set.go:438] "Unhandled Error" err="error syncing StatefulSet helmcustomextensionit/test-hivemq-platform, requeuing: controllerrevisions.apps \"test-hivemq-platform-796ccc778\" is forbidden: unable to create new content in namespace helmcustomextensionit because it is being terminated"
2025-01-29 17:05:04,823 INFO c.h.h.t.HelmChartContainer - [K3S] [reconciler_common.go:162] "operationExecutor.UnmountVolume started for volume \"kube-api-access-h8w77\" (UniqueName: \"kubernetes.io/projected/ad533c85-955c-41ec-9afb-7250b6579ef6-kube-api-access-h8w77\") pod \"ad533c85-955c-41ec-9afb-7250b6579ef6\" (UID: \"ad533c85-955c-41ec-9afb-7250b6579ef6\") "
2025-01-29 17:05:04,824 INFO c.h.h.t.HelmChartContainer - [K3S] [reconciler_common.go:162] "operationExecutor.UnmountVolume started for volume \"pod-info\" (UniqueName: \"kubernetes.io/configmap/ad533c85-955c-41ec-9afb-7250b6579ef6-pod-info\") pod \"ad533c85-955c-41ec-9afb-7250b6579ef6\" (UID: \"ad533c85-955c-41ec-9afb-7250b6579ef6\") "
2025-01-29 17:05:04,824 INFO c.h.h.t.HelmChartContainer - [K3S] [reconciler_common.go:162] "operationExecutor.UnmountVolume started for volume \"broker-configuration\" (UniqueName: \"kubernetes.io/configmap/ad533c85-955c-41ec-9afb-7250b6579ef6-broker-configuration\") pod \"ad533c85-955c-41ec-9afb-7250b6579ef6\" (UID: \"ad533c85-955c-41ec-9afb-7250b6579ef6\") "
2025-01-29 17:05:04,825 INFO c.h.h.t.HelmChartContainer - [K3S] [reconciler_common.go:162] "operationExecutor.UnmountVolume started for volume \"operator-init\" (UniqueName: \"kubernetes.io/empty-dir/ad533c85-955c-41ec-9afb-7250b6579ef6-operator-init\") pod \"ad533c85-955c-41ec-9afb-7250b6579ef6\" (UID: \"ad533c85-955c-41ec-9afb-7250b6579ef6\") "
2025-01-29 17:05:04,828 INFO c.h.h.t.HelmChartContainer - [K3S] [stateful_set.go:438] "Unhandled Error" err="error syncing StatefulSet helmcustomextensionit/test-hivemq-platform, requeuing: controllerrevisions.apps \"test-hivemq-platform-796ccc778\" is forbidden: unable to create new content in namespace helmcustomextensionit because it is being terminated"
2025-01-29 17:05:04,852 INFO c.h.h.t.HelmChartContainer - [K3S] [stateful_set.go:438] "Unhandled Error" err="error syncing StatefulSet helmcustomextensionit/test-hivemq-platform, requeuing: controllerrevisions.apps \"test-hivemq-platform-796ccc778\" is forbidden: unable to create new content in namespace helmcustomextensionit because it is being terminated"
2025-01-29 17:05:04,895 INFO c.h.h.t.HelmChartContainer - [K3S] [stateful_set.go:438] "Unhandled Error" err="error syncing StatefulSet helmcustomextensionit/test-hivemq-platform, requeuing: controllerrevisions.apps \"test-hivemq-platform-796ccc778\" is forbidden: unable to create new content in namespace helmcustomextensionit because it is being terminated"
2025-01-29 17:05:04,923 INFO c.h.h.t.HelmChartContainer - [K3S] [reconciler_common.go:299] "Volume detached for volume \"kube-api-access-h8w77\" (UniqueName: \"kubernetes.io/projected/ad533c85-955c-41ec-9afb-7250b6579ef6-kube-api-access-h8w77\") on node \"cbc6d6ca7a03\" DevicePath \"\""
2025-01-29 17:05:04,923 INFO c.h.h.t.HelmChartContainer - [K3S] [reconciler_common.go:299] "Volume detached for volume \"pod-info\" (UniqueName: \"kubernetes.io/configmap/ad533c85-955c-41ec-9afb-7250b6579ef6-pod-info\") on node \"cbc6d6ca7a03\" DevicePath \"\""
2025-01-29 17:05:04,924 INFO c.h.h.t.HelmChartContainer - [K3S] [reconciler_common.go:299] "Volume detached for volume \"broker-configuration\" (UniqueName: \"kubernetes.io/configmap/ad533c85-955c-41ec-9afb-7250b6579ef6-broker-configuration\") on node \"cbc6d6ca7a03\" DevicePath \"\""
2025-01-29 17:05:04,924 INFO c.h.h.t.HelmChartContainer - [K3S] [reconciler_common.go:299] "Volume detached for volume \"operator-init\" (UniqueName: \"kubernetes.io/empty-dir/ad533c85-955c-41ec-9afb-7250b6579ef6-operator-init\") on node \"cbc6d6ca7a03\" DevicePath \"\""
2025-01-29 17:05:04,978 INFO c.h.h.t.HelmChartContainer - [K3S] [stateful_set.go:438] "Unhandled Error" err="error syncing StatefulSet helmcustomextensionit/test-hivemq-platform, requeuing: controllerrevisions.apps \"test-hivemq-platform-796ccc778\" is forbidden: unable to create new content in namespace helmcustomextensionit because it is being terminated"
2025-01-29 17:05:05,142 INFO c.h.h.t.HelmChartContainer - [K3S] [stateful_set.go:438] "Unhandled Error" err="error syncing StatefulSet helmcustomextensionit/test-hivemq-platform, requeuing: controllerrevisions.apps \"test-hivemq-platform-796ccc778\" is forbidden: unable to create new content in namespace helmcustomextensionit because it is being terminated"
2025-01-29 17:05:05,280 INFO c.h.h.t.HelmChartContainer - [POD] nginx-65c6bbbf94-7hwf2 [218d97ae-f0aa-46ab-b1d4-cb51dc350f4c] in helmcustomextensionit was MODIFIED
2025-01-29 17:05:05,287 INFO c.h.h.t.HelmChartContainer - [nginx-65c6bbbf94-7hw] [nginx] [218d97ae] 2025/01/29 17:05:05 [notice] 1#1: signal 3 (SIGQUIT) received, shutting down
2025-01-29 17:05:05,287 INFO c.h.h.t.HelmChartContainer - [K3S] [replica_set.go:679] "Finished syncing" kind="ReplicaSet" key="helmcustomextensionit/nginx-65c6bbbf94" duration="9.901332ms"
2025-01-29 17:05:05,288 INFO c.h.h.t.HelmChartContainer - [K3S] [replica_set.go:679] "Finished syncing" kind="ReplicaSet" key="helmcustomextensionit/nginx-65c6bbbf94" duration="36.638µs"
2025-01-29 17:05:05,288 INFO c.h.h.t.HelmChartContainer - [nginx-65c6bbbf94-7hw] [nginx] [218d97ae] 2025/01/29 17:05:05 [notice] 29#29: gracefully shutting down
2025-01-29 17:05:05,288 INFO c.h.h.t.HelmChartContainer - [nginx-65c6bbbf94-7hw] [nginx] [218d97ae] 2025/01/29 17:05:05 [notice] 29#29: exiting
2025-01-29 17:05:05,288 INFO c.h.h.t.HelmChartContainer - [nginx-65c6bbbf94-7hw] [nginx] [218d97ae] 2025/01/29 17:05:05 [notice] 29#29: exit
2025-01-29 17:05:05,289 INFO c.h.h.t.HelmChartContainer - [nginx-65c6bbbf94-7hw] [nginx] [218d97ae] 2025/01/29 17:05:05 [notice] 30#30: gracefully shutting down
2025-01-29 17:05:05,289 INFO c.h.h.t.HelmChartContainer - [nginx-65c6bbbf94-7hw] [nginx] [218d97ae] 2025/01/29 17:05:05 [notice] 30#30: exiting
2025-01-29 17:05:05,289 INFO c.h.h.t.HelmChartContainer - [nginx-65c6bbbf94-7hw] [nginx] [218d97ae] 2025/01/29 17:05:05 [notice] 30#30: exit
2025-01-29 17:05:05,289 INFO c.h.h.t.HelmChartContainer - [nginx-65c6bbbf94-7hw] [nginx] [218d97ae] 2025/01/29 17:05:05 [notice] 31#31: gracefully shutting down
2025-01-29 17:05:05,289 INFO c.h.h.t.HelmChartContainer - [nginx-65c6bbbf94-7hw] [nginx] [218d97ae] 2025/01/29 17:05:05 [notice] 31#31: exiting
2025-01-29 17:05:05,289 INFO c.h.h.t.HelmChartContainer - [nginx-65c6bbbf94-7hw] [nginx] [218d97ae] 2025/01/29 17:05:05 [notice] 31#31: exit
2025-01-29 17:05:05,289 INFO c.h.h.t.HelmChartContainer - [nginx-65c6bbbf94-7hw] [nginx] [218d97ae] 2025/01/29 17:05:05 [notice] 32#32: gracefully shutting down
2025-01-29 17:05:05,289 INFO c.h.h.t.HelmChartContainer - [nginx-65c6bbbf94-7hw] [nginx] [218d97ae] 2025/01/29 17:05:05 [notice] 32#32: exiting
2025-01-29 17:05:05,289 INFO c.h.h.t.HelmChartContainer - [nginx-65c6bbbf94-7hw] [nginx] [218d97ae] 2025/01/29 17:05:05 [notice] 32#32: exit
2025-01-29 17:05:05,296 INFO c.h.h.t.HelmChartContainer - [nginx-65c6bbbf94-7hw] [nginx] [218d97ae] 2025/01/29 17:05:05 [notice] 1#1: signal 17 (SIGCHLD) received from 29
2025-01-29 17:05:05,297 INFO c.h.h.t.HelmChartContainer - [nginx-65c6bbbf94-7hw] [nginx] [218d97ae] 2025/01/29 17:05:05 [notice] 1#1: worker process 29 exited with code 0
2025-01-29 17:05:05,297 INFO c.h.h.t.HelmChartContainer - [nginx-65c6bbbf94-7hw] [nginx] [218d97ae] 2025/01/29 17:05:05 [notice] 1#1: worker process 32 exited with code 0
2025-01-29 17:05:05,297 INFO c.h.h.t.HelmChartContainer - [nginx-65c6bbbf94-7hw] [nginx] [218d97ae] 2025/01/29 17:05:05 [notice] 1#1: signal 29 (SIGIO) received
2025-01-29 17:05:05,300 INFO c.h.h.t.HelmChartContainer - [nginx-65c6bbbf94-7hw] [nginx] [218d97ae] 2025/01/29 17:05:05 [notice] 1#1: signal 17 (SIGCHLD) received from 31
2025-01-29 17:05:05,300 INFO c.h.h.t.HelmChartContainer - [nginx-65c6bbbf94-7hw] [nginx] [218d97ae] 2025/01/29 17:05:05 [notice] 1#1: worker process 31 exited with code 0
2025-01-29 17:05:05,300 INFO c.h.h.t.HelmChartContainer - [nginx-65c6bbbf94-7hw] [nginx] [218d97ae] 2025/01/29 17:05:05 [notice] 1#1: worker process 30 exited with code 0
2025-01-29 17:05:05,300 INFO c.h.h.t.HelmChartContainer - [nginx-65c6bbbf94-7hw] [nginx] [218d97ae] 2025/01/29 17:05:05 [notice] 1#1: exit
2025-01-29 17:05:05,424 INFO c.h.h.t.HelmChartContainer - [K3S] [replica_set.go:679] "Finished syncing" kind="ReplicaSet" key="helmcustomextensionit/nginx-65c6bbbf94" duration="33.523µs"
2025-01-29 17:05:05,425 INFO c.h.h.t.HelmChartContainer - [POD] nginx-65c6bbbf94-7hwf2 [218d97ae-f0aa-46ab-b1d4-cb51dc350f4c] in helmcustomextensionit was MODIFIED
2025-01-29 17:05:05,427 INFO c.h.h.t.HelmChartContainer - [K3S] [reconciler_common.go:162] "operationExecutor.UnmountVolume started for volume \"kube-api-access-kqtwl\" (UniqueName: \"kubernetes.io/projected/218d97ae-f0aa-46ab-b1d4-cb51dc350f4c-kube-api-access-kqtwl\") pod \"218d97ae-f0aa-46ab-b1d4-cb51dc350f4c\" (UID: \"218d97ae-f0aa-46ab-b1d4-cb51dc350f4c\") "
2025-01-29 17:05:05,427 INFO c.h.h.t.HelmChartContainer - [K3S] [reconciler_common.go:162] "operationExecutor.UnmountVolume started for volume \"volume-hivemq-custom-test-extension-100\" (UniqueName: \"kubernetes.io/host-path/218d97ae-f0aa-46ab-b1d4-cb51dc350f4c-volume-hivemq-custom-test-extension-100\") pod \"218d97ae-f0aa-46ab-b1d4-cb51dc350f4c\" (UID: \"218d97ae-f0aa-46ab-b1d4-cb51dc350f4c\") "
2025-01-29 17:05:05,466 INFO c.h.h.t.HelmChartContainer - [K3S] [stateful_set.go:438] "Unhandled Error" err="error syncing StatefulSet helmcustomextensionit/test-hivemq-platform, requeuing: controllerrevisions.apps \"test-hivemq-platform-796ccc778\" is forbidden: unable to create new content in namespace helmcustomextensionit because it is being terminated"
2025-01-29 17:05:05,527 INFO c.h.h.t.HelmChartContainer - [K3S] [reconciler_common.go:299] "Volume detached for volume \"kube-api-access-kqtwl\" (UniqueName: \"kubernetes.io/projected/218d97ae-f0aa-46ab-b1d4-cb51dc350f4c-kube-api-access-kqtwl\") on node \"cbc6d6ca7a03\" DevicePath \"\""
2025-01-29 17:05:05,527 INFO c.h.h.t.HelmChartContainer - [K3S] [reconciler_common.go:299] "Volume detached for volume \"volume-hivemq-custom-test-extension-100\" (UniqueName: \"kubernetes.io/host-path/218d97ae-f0aa-46ab-b1d4-cb51dc350f4c-volume-hivemq-custom-test-extension-100\") on node \"cbc6d6ca7a03\" DevicePath \"\""
2025-01-29 17:05:05,538 INFO c.h.h.t.HelmChartContainer - [K3S] [replica_set.go:679] "Finished syncing" kind="ReplicaSet" key="helmcustomextensionit/nginx-65c6bbbf94" duration="31.129µs"
2025-01-29 17:05:05,549 INFO c.h.h.t.HelmChartContainer - [K3S] [stateful_set.go:466] "StatefulSet has been deleted" key="helmcustomextensionit/test-hivemq-platform"
2025-01-29 17:05:05,626 INFO c.h.h.t.HelmChartContainer - [K3S] [scope.go:117] "RemoveContainer" containerID="466eeebe0ccdbe8a53ae41e2f3976dcc07f652f5a27cf0600d8e0434c1087c82"
2025-01-29 17:05:05,628 INFO c.h.h.t.HelmChartContainer - Stopped log watcher for nginx in pod nginx-65c6bbbf94-7hwf2 [218d97ae-f0aa-46ab-b1d4-cb51dc350f4c]
2025-01-29 17:05:05,629 INFO c.h.h.t.HelmChartContainer - [K3S] [scope.go:117] "RemoveContainer" containerID="466eeebe0ccdbe8a53ae41e2f3976dcc07f652f5a27cf0600d8e0434c1087c82"
2025-01-29 17:05:05,631 INFO c.h.h.t.HelmChartContainer - [K3S] [scope.go:117] "RemoveContainer" containerID="f43f3606a51a17b1e8ef3ff15f4076c9f3e9e9cf6659e25b739567070a4820e4"
2025-01-29 17:05:05,641 INFO c.h.h.t.HelmChartContainer - [POD] test-hivemq-platform-0 [ad533c85-955c-41ec-9afb-7250b6579ef6] in helmcustomextensionit was MODIFIED
2025-01-29 17:05:05,651 INFO c.h.h.t.HelmChartContainer - [POD] test-hivemq-platform-0 [ad533c85-955c-41ec-9afb-7250b6579ef6] in helmcustomextensionit was DELETED
2025-01-29 17:05:05,657 INFO c.h.h.t.HelmChartContainer - [POD] nginx-65c6bbbf94-7hwf2 [218d97ae-f0aa-46ab-b1d4-cb51dc350f4c] in helmcustomextensionit was MODIFIED
2025-01-29 17:05:05,663 INFO c.h.h.t.HelmChartContainer - [POD] nginx-65c6bbbf94-7hwf2 [218d97ae-f0aa-46ab-b1d4-cb51dc350f4c] in helmcustomextensionit was DELETED
2025-01-29 17:05:05,741 INFO c.h.h.t.HelmChartContainer - [K3S] [scope.go:117] "RemoveContainer" containerID="dbd2a4cc39d83c4a0813923788c184629de4648805b739b826ee32104b4cb354"
2025-01-29 17:05:05,743 INFO c.h.h.t.HelmChartContainer - [K3S] [scope.go:117] "RemoveContainer" containerID="f43f3606a51a17b1e8ef3ff15f4076c9f3e9e9cf6659e25b739567070a4820e4"
2025-01-29 17:05:05,744 INFO c.h.h.t.HelmChartContainer - [K3S] [scope.go:117] "RemoveContainer" containerID="dbd2a4cc39d83c4a0813923788c184629de4648805b739b826ee32104b4cb354"
2025-01-29 17:05:06,108 INFO c.h.h.t.HelmChartContainer - [K3S] [stateful_set.go:466] "StatefulSet has been deleted" key="helmcustomextensionit/test-hivemq-platform"
2025-01-29 17:05:07,271 INFO c.h.h.t.HelmChartContainer - [K3S] [kubelet_volumes.go:163] "Cleaned up orphaned pod volumes dir" podUID="218d97ae-f0aa-46ab-b1d4-cb51dc350f4c" path="/var/lib/kubelet/pods/218d97ae-f0aa-46ab-b1d4-cb51dc350f4c/volumes"
2025-01-29 17:05:07,271 INFO c.h.h.t.HelmChartContainer - [K3S] [kubelet_volumes.go:163] "Cleaned up orphaned pod volumes dir" podUID="ad533c85-955c-41ec-9afb-7250b6579ef6" path="/var/lib/kubelet/pods/ad533c85-955c-41ec-9afb-7250b6579ef6/volumes"
2025-01-29 17:05:10,723 INFO c.h.h.t.HelmChartContainer - Namespace 'helmcustomextensionit' deleted
2025-01-29 17:05:10,723 INFO c.h.h.t.HelmChartContainer - Release 'test-hivemq-platform' in namespace 'helmcustomextensionit' is uninstalled
2025-01-29 17:05:10,723 INFO c.h.h.t.HelmChartContainer - Uninstalling release 'test-hivemq-platform-operator' in namespace 'helmcustomextensionit-operator'...
2025-01-29 17:05:10,723 DEBUG c.h.h.t.HelmChartContainer - Executing helm command: /bin/helm --kubeconfig /etc/rancher/k3s/k3s.yaml uninstall test-hivemq-platform-operator  --wait --timeout 5m0s --cascade foreground --namespace helmcustomextensionit-operator
2025-01-29 17:05:10,879 INFO c.h.h.t.HelmChartContainer - [K3S] [replica_set.go:679] "Finished syncing" kind="ReplicaSet" key="helmcustomextensionit-operator/hivemq-test-hivemq-platform-operator-6966f96d65" duration="9.022072ms"
2025-01-29 17:05:10,879 INFO c.h.h.t.HelmChartContainer - [K3S] [replica_set.go:679] "Finished syncing" kind="ReplicaSet" key="helmcustomextensionit-operator/hivemq-test-hivemq-platform-operator-6966f96d65" duration="62.477µs"
2025-01-29 17:05:10,893 INFO c.h.h.t.HelmChartContainer - [POD] hivemq-test-hivemq-platform-operator-6966f96d65-8mms4 [53418b0e-f71a-4b3c-8ec9-59660b0141c8] in helmcustomextensionit-operator was MODIFIED
2025-01-29 17:05:10,904 INFO c.h.h.t.HelmChartContainer - [EVENT] Normal [Killing] Stopping container hivemq-platform-operator [helmcustomextensionit-operator:hivemq-test-hivemq-platform-operator-6966f96d65-8mms4]
2025-01-29 17:05:10,905 INFO c.h.h.t.HelmChartContainer - Received Killing event for container hivemq-platform-operator in pod hivemq-test-hivemq-platform-operator-6966f96d65-8mms4 [53418b0e-f71a-4b3c-8ec9-59660b0141c8]
2025-01-29 17:05:10,905 INFO c.h.h.t.HelmChartContainer - Container [hivemq-test-hivemq-platform-operator-6966f96d65-8mms4] [hivemq-platform-operator] [53418b0e-f71a-4b3c-8ec9-59660b0141c8] was terminated
2025-01-29 17:05:10,905 INFO c.h.h.t.HelmChartContainer - Stopped log watcher for hivemq-platform-operator in pod hivemq-test-hivemq-platform-operator-6966f96d65-8mms4 [53418b0e-f71a-4b3c-8ec9-59660b0141c8]
2025-01-29 17:05:10,910 INFO c.h.h.t.HelmChartContainer - [K3S] [replica_set.go:679] "Finished syncing" kind="ReplicaSet" key="helmcustomextensionit-operator/hivemq-test-hivemq-platform-operator-6966f96d65" duration="10.894569ms"
2025-01-29 17:05:10,910 INFO c.h.h.t.HelmChartContainer - [K3S] [replica_set.go:679] "Finished syncing" kind="ReplicaSet" key="helmcustomextensionit-operator/hivemq-test-hivemq-platform-operator-6966f96d65" duration="39.133µs"
2025-01-29 17:05:10,934 INFO c.h.h.t.HelmChartContainer - [hivemq-test-hivemq-platform] [hivemq-platform-operator] [53418b0e] 17:05:10.933 [application-shutdown-thread] INFO  c.h.p.o.HiveMQPlatformOperatorApplication - HiveMQ Platform Operator is stopping...
2025-01-29 17:05:10,934 INFO c.h.h.t.HelmChartContainer - [hivemq-test-hivemq-platform] [hivemq-platform-operator] [53418b0e] 17:05:10.933 [application-shutdown-thread] INFO  i.javaoperatorsdk.operator.Operator - Operator SDK 4.9.7 is shutting down...
2025-01-29 17:05:11,531 INFO c.h.h.t.HelmChartContainer - [K3S] [replica_set.go:679] "Finished syncing" kind="ReplicaSet" key="helmcustomextensionit-operator/hivemq-test-hivemq-platform-operator-6966f96d65" duration="39.694µs"
2025-01-29 17:05:11,532 INFO c.h.h.t.HelmChartContainer - [POD] hivemq-test-hivemq-platform-operator-6966f96d65-8mms4 [53418b0e-f71a-4b3c-8ec9-59660b0141c8] in helmcustomextensionit-operator was MODIFIED
2025-01-29 17:05:11,558 INFO c.h.h.t.HelmChartContainer - [K3S] [reconciler_common.go:162] "operationExecutor.UnmountVolume started for volume \"kube-api-access-zqwrf\" (UniqueName: \"kubernetes.io/projected/53418b0e-f71a-4b3c-8ec9-59660b0141c8-kube-api-access-zqwrf\") pod \"53418b0e-f71a-4b3c-8ec9-59660b0141c8\" (UID: \"53418b0e-f71a-4b3c-8ec9-59660b0141c8\") "
2025-01-29 17:05:11,638 INFO c.h.h.t.HelmChartContainer - [K3S] [scope.go:117] "RemoveContainer" containerID="3e4e017b93d32494f47d543c5df76fb9c6dca74e067104dfeadcd9dabffc560e"
2025-01-29 17:05:11,642 INFO c.h.h.t.HelmChartContainer - [K3S] [scope.go:117] "RemoveContainer" containerID="3e4e017b93d32494f47d543c5df76fb9c6dca74e067104dfeadcd9dabffc560e"
2025-01-29 17:05:11,650 INFO c.h.h.t.HelmChartContainer - [K3S] [replica_set.go:679] "Finished syncing" kind="ReplicaSet" key="helmcustomextensionit-operator/hivemq-test-hivemq-platform-operator-6966f96d65" duration="78.207µs"
2025-01-29 17:05:11,651 INFO c.h.h.t.HelmChartContainer - [POD] hivemq-test-hivemq-platform-operator-6966f96d65-8mms4 [53418b0e-f71a-4b3c-8ec9-59660b0141c8] in helmcustomextensionit-operator was MODIFIED
2025-01-29 17:05:11,652 INFO c.h.h.t.HelmChartContainer - [K3S] [replica_set.go:679] "Finished syncing" kind="ReplicaSet" key="helmcustomextensionit-operator/hivemq-test-hivemq-platform-operator-6966f96d65" duration="28.593µs"
2025-01-29 17:05:11,652 INFO c.h.h.t.HelmChartContainer - [POD] hivemq-test-hivemq-platform-operator-6966f96d65-8mms4 [53418b0e-f71a-4b3c-8ec9-59660b0141c8] in helmcustomextensionit-operator was DELETED
2025-01-29 17:05:11,659 INFO c.h.h.t.HelmChartContainer - [K3S] [reconciler_common.go:299] "Volume detached for volume \"kube-api-access-zqwrf\" (UniqueName: \"kubernetes.io/projected/53418b0e-f71a-4b3c-8ec9-59660b0141c8-kube-api-access-zqwrf\") on node \"cbc6d6ca7a03\" DevicePath \"\""
2025-01-29 17:05:11,662 INFO c.h.h.t.HelmChartContainer - [K3S] [replica_set.go:679] "Finished syncing" kind="ReplicaSet" key="helmcustomextensionit-operator/hivemq-test-hivemq-platform-operator-6966f96d65" duration="4.929µs"
2025-01-29 17:05:12,918 INFO c.h.h.t.HelmChartContainer - Deleting namespace 'helmcustomextensionit-operator'...
2025-01-29 17:05:13,271 INFO c.h.h.t.HelmChartContainer - [K3S] [kubelet_volumes.go:163] "Cleaned up orphaned pod volumes dir" podUID="53418b0e-f71a-4b3c-8ec9-59660b0141c8" path="/var/lib/kubelet/pods/53418b0e-f71a-4b3c-8ec9-59660b0141c8/volumes"
2025-01-29 17:05:15,662 INFO c.h.h.t.HelmChartContainer - [K3S] [namespace_controller.go:187] "Namespace has been deleted" namespace="helmcustomextensionit"
2025-01-29 17:05:18,136 INFO c.h.h.t.HelmChartContainer - Namespace 'helmcustomextensionit-operator' deleted
2025-01-29 17:05:18,136 INFO c.h.h.t.HelmChartContainer - Release 'test-hivemq-platform-operator' in namespace 'helmcustomextensionit-operator' is uninstalled
2025-01-29 17:05:18,944 INFO c.h.helmcharts.AbstractHelmChartIT - Removed unused containers:

2025-01-29 17:05:23,038 INFO c.h.h.t.HelmChartContainer - [K3S] [namespace_controller.go:187] "Namespace has been deleted" namespace="helmcustomextensionit-operator"
2025-01-29 17:05:27,558 INFO c.h.helmcharts.AbstractHelmChartIT - Removed unused snapshots:
Removing snapshot sha256:03af251906410714c5aef9fa705b63f6bbc39c4a5e787de7361eeb18886c2ed2
Removing snapshot sha256:0c46b3b43cce082ce5ec34ffc6c294e0417d17b9d1e6f366d114b6aadc4f96dc
Removing snapshot sha256:0ce761beee59082d6ed5bcebd3a805b8ddd9b3426b617e4809e7fb7c6587ffec
Removing snapshot sha256:0df91287303208332c8ff6ba40ae4710105201739addbfbddfb955f1ad593664
Removing snapshot sha256:1021ef88c7974bfff89c5a0ec4fd3160daac6c48a075f74cff721f85dd104e68
Removing snapshot sha256:10aba4953ddc18145dd38e3704709bc464aa20af60b56fe52caaff4b68411e62
Removing snapshot sha256:2573e0d8158209ed54ab25c87bcdcb00bd3d2539246960a3d592a1c599d70465
Removing snapshot sha256:32c96ddecc1cb45c9deb3a6ec8858d83750e2026bdbea35ddbddc0b3ca413156
Removing snapshot sha256:362a8a37f8bbc31925a8146adcf7cf51f9882f5c1dcbef67c5baa03a297543c0
Removing snapshot sha256:3fa4ad33f0ddc8fd45b39b6b4640f82a3a83619606cd975bfe89d8710ad2d4cd
Removing snapshot sha256:43a7c979bbaba6838bc3102d6b10a1459f3ab050b87ccdfef84ef90cf43d3058
Removing snapshot sha256:4ab04491cdf0d3267f08206fe30bd48f49f94b9cab2f016d6739220f722a64af
Removing snapshot sha256:4b6068250e89c96f263060261819c7d912855bfbd64b3eb4c4a8483299b8c295
Removing snapshot sha256:580e69a0a8034ede1921139bbd2bfb72a69ebf276d008281896c32dd8bf74775
Removing snapshot sha256:5d30ba46b27fe37484567ccc5242cadc78217b8da605f3f195ef25cbf7487904
Removing snapshot sha256:5ec183755d09a0a54d0f83e5a705f28f1606fe75660c13148fe125e4f12af39f
Removing snapshot sha256:63ca1fbb43ae5034640e5e6cb3e083e05c290072c5366fcaa9d62435a4cced85
Removing snapshot sha256:67f702c6baae873bceb19487c8b1f27bd2b86077e4f2f0e480e6d60ab508b8f5
Removing snapshot sha256:6864348dd42806d552efdec384f1274be15e2d0c10ce44c1f04347af004c10a9
Removing snapshot sha256:6c7dee8f2c39b84b7dc2711c01d33de93514d9055499173e9290176fbe484b6c
Removing snapshot sha256:82753493a6d61ded36556292f02f31841a14c20d2f279f19eaad65afb661d5cd
Removing snapshot sha256:8a10d3db42c505ee0fcfa98417bdd7e39b304f6bcc0a06bb1b220797ff2cc63c
Removing snapshot sha256:8ad081ee0d46efdea0492cd0bb527c50a8891276fd408ec1269522ac9d6d5580
Removing snapshot sha256:97df1a873add199feaeca6b46c5f9fc55b334ed309838a2b2319d8fb927fdcc5
Removing snapshot sha256:a21e5b12dbac529ad45d976eb9ce45c881f3bedcc500fb30aba1e52aa1813418
Removing snapshot sha256:a8d62a6e94dbe8920ecfafa3b3aff0ef70aa26ca929f90b110db998eec09bab5
Removing snapshot sha256:ad858b4eee2d8f479065d1b8c650e13c815e75b2e4503c05a67cdc8880b0975a
Removing snapshot sha256:b921e6c28969094157f9b8e7244677780319637afd14450b7cb6b2fdea558a0c
Removing snapshot sha256:bc27ecb5769a00e309cf99ebc763c4a4b958b618d1decc96ffac5bc05f02f5b7
Removing snapshot sha256:be3ccb6627a5332e309d45ef461d09b4879dd870c7394d89323d0ebc6ca6aa8a
Removing snapshot sha256:c261f7cbbc64211ee175ee47273acdb7b1a36a4450b397a064a8f2c026490095
Removing snapshot sha256:c34d9393647eea0c9e3557ab988efaf59f61d10a2a5613b439ef0958cca5ec10
Removing snapshot sha256:ccf3c4a0fa967a41c1c83497a2ce6fa5787965859df0adb32c4ca2cf7490bc2b
Removing snapshot sha256:cf92d33f869417309692088c341cd0f223c178ea78a125f757317b22aa8f90e9
Removing snapshot sha256:d0037344cf2fb078884f1849f6a1f8cf9a33a3b6139b6a85833e5ee528e1f9a8
Removing snapshot sha256:d3b36d5b79273b1e98e7700470eaeff05a882e777124d84cebcc1505b85ecb36
Removing snapshot sha256:d65a44a37914602d12c611e5e22a50f11451d847e63015cc1c2aef92dee777a4
Removing snapshot sha256:e2dc0bae2455930f23ae570e019b7f32edc75c0f2d71cab084db837ff9051796
Removing snapshot sha256:eccbd24a99c60cd9e86ee5305dbfc4a4dc89f5ab4fb1f06c8d64797cecedef34
Removing snapshot sha256:f144bb4c7c7f0d2aa7eeffd36d934ec40db1ee167be727e326aad9fdc616f475

]]></system-out>
  </testcase>
  <testcase name="platformChart_whenCustomExtensionIsConfigured_withHttps_thenStartsUpSuccessfully()" classname="com.hivemq.helmcharts.extensions.HelmCustomExtensionIT" time="108.115">
    <system-out><![CDATA[2025-01-29 17:05:27,561 INFO c.h.h.t.HelmChartContainer - Creating namespace 'helmcustomextensionit-operator'...
2025-01-29 17:05:27,566 INFO c.h.h.t.HelmChartContainer - Namespace 'helmcustomextensionit-operator' created
2025-01-29 17:05:27,566 INFO c.h.h.t.HelmChartContainer - Creating namespace 'helmcustomextensionit'...
2025-01-29 17:05:27,573 INFO c.h.h.t.HelmChartContainer - Namespace 'helmcustomextensionit' created
2025-01-29 17:05:27,639 DEBUG c.h.h.t.HelmChartContainer - Executing helm command: /bin/helm --kubeconfig /etc/rancher/k3s/k3s.yaml install test-hivemq-platform-operator /charts/hivemq-platform-operator --wait --timeout 5m0s --set image.repository=docker.io/hivemq --set image.name=hivemq-platform-operator-test --set image.initImageName=hivemq-platform-operator-init-test --set image.tag=snapshot --set image.pullPolicy=Never --set logLevel=DEBUG --set resources.cpu=512m --namespace helmcustomextensionit-operator
2025-01-29 17:05:27,948 INFO c.h.h.t.HelmChartContainer - [K3S] [alloc.go:330] "allocated clusterIPs" service="helmcustomextensionit-operator/hivemq-platform-operator-test-hivemq-platform-operator" clusterIPs={"IPv4":"10.43.152.173"}
2025-01-29 17:05:27,963 INFO c.h.h.t.HelmChartContainer - [EVENT] Normal [ScalingReplicaSet] Scaled up replica set hivemq-test-hivemq-platform-operator-6966f96d65 from 0 to 1 [helmcustomextensionit-operator:hivemq-test-hivemq-platform-operator]
2025-01-29 17:05:27,973 INFO c.h.h.t.HelmChartContainer - [POD] hivemq-test-hivemq-platform-operator-6966f96d65-dtrfm [72709f6d-bd4c-4232-9bad-af5c6ef344ea] in helmcustomextensionit-operator was ADDED
2025-01-29 17:05:27,982 INFO c.h.h.t.HelmChartContainer - [K3S] [replica_set.go:679] "Finished syncing" kind="ReplicaSet" key="helmcustomextensionit-operator/hivemq-test-hivemq-platform-operator-6966f96d65" duration="21.959642ms"
2025-01-29 17:05:27,986 INFO c.h.h.t.HelmChartContainer - [EVENT] Normal [SuccessfulCreate] Created pod: hivemq-test-hivemq-platform-operator-6966f96d65-dtrfm [helmcustomextensionit-operator:hivemq-test-hivemq-platform-operator-6966f96d65]
2025-01-29 17:05:27,999 INFO c.h.h.t.HelmChartContainer - [K3S] [memory_manager.go:355] "RemoveStaleState removing state" podUID="ad533c85-955c-41ec-9afb-7250b6579ef6" containerName="hivemq"
2025-01-29 17:05:27,999 INFO c.h.h.t.HelmChartContainer - [K3S] [memory_manager.go:355] "RemoveStaleState removing state" podUID="53418b0e-f71a-4b3c-8ec9-59660b0141c8" containerName="hivemq-platform-operator"
2025-01-29 17:05:27,999 INFO c.h.h.t.HelmChartContainer - [K3S] [memory_manager.go:355] "RemoveStaleState removing state" podUID="218d97ae-f0aa-46ab-b1d4-cb51dc350f4c" containerName="nginx"
2025-01-29 17:05:28,001 INFO c.h.h.t.HelmChartContainer - [K3S] [status_manager.go:890] "Failed to get status for pod" podUID="72709f6d-bd4c-4232-9bad-af5c6ef344ea" pod="helmcustomextensionit-operator/hivemq-test-hivemq-platform-operator-6966f96d65-dtrfm" err="pods \"hivemq-test-hivemq-platform-operator-6966f96d65-dtrfm\" is forbidden: User \"system:node:cbc6d6ca7a03\" cannot get resource \"pods\" in API group \"\" in the namespace \"helmcustomextensionit-operator\": no relationship found between node 'cbc6d6ca7a03' and this object"
2025-01-29 17:05:28,001 INFO c.h.h.t.HelmChartContainer - [POD] hivemq-test-hivemq-platform-operator-6966f96d65-dtrfm [72709f6d-bd4c-4232-9bad-af5c6ef344ea] in helmcustomextensionit-operator was MODIFIED
2025-01-29 17:05:28,009 INFO c.h.h.t.HelmChartContainer - [K3S] [replica_set.go:679] "Finished syncing" kind="ReplicaSet" key="helmcustomextensionit-operator/hivemq-test-hivemq-platform-operator-6966f96d65" duration="26.888515ms"
2025-01-29 17:05:28,010 INFO c.h.h.t.HelmChartContainer - [K3S] [replica_set.go:679] "Finished syncing" kind="ReplicaSet" key="helmcustomextensionit-operator/hivemq-test-hivemq-platform-operator-6966f96d65" duration="488.066µs"
2025-01-29 17:05:28,015 INFO c.h.h.t.HelmChartContainer - [EVENT] Normal [Scheduled] Successfully assigned helmcustomextensionit-operator/hivemq-test-hivemq-platform-operator-6966f96d65-dtrfm to cbc6d6ca7a03 [helmcustomextensionit-operator:hivemq-test-hivemq-platform-operator-6966f96d65-dtrfm]
2025-01-29 17:05:28,064 INFO c.h.h.t.HelmChartContainer - [K3S] [reconciler_common.go:251] "operationExecutor.VerifyControllerAttachedVolume started for volume \"kube-api-access-kt8j2\" (UniqueName: \"kubernetes.io/projected/72709f6d-bd4c-4232-9bad-af5c6ef344ea-kube-api-access-kt8j2\") pod \"hivemq-test-hivemq-platform-operator-6966f96d65-dtrfm\" (UID: \"72709f6d-bd4c-4232-9bad-af5c6ef344ea\") " pod="helmcustomextensionit-operator/hivemq-test-hivemq-platform-operator-6966f96d65-dtrfm"
2025-01-29 17:05:28,392 INFO c.h.h.t.HelmChartContainer - [EVENT] Normal [Pulled] Container image "docker.io/hivemq/hivemq-platform-operator-test:snapshot" already present on machine [helmcustomextensionit-operator:hivemq-test-hivemq-platform-operator-6966f96d65-dtrfm]
2025-01-29 17:05:28,392 INFO c.h.h.t.HelmChartContainer - Received Pulled event for container hivemq-platform-operator in pod hivemq-test-hivemq-platform-operator-6966f96d65-dtrfm [72709f6d-bd4c-4232-9bad-af5c6ef344ea]
2025-01-29 17:05:29,634 INFO c.h.h.t.HelmChartContainer - [EVENT] Normal [Created] Created container: hivemq-platform-operator [helmcustomextensionit-operator:hivemq-test-hivemq-platform-operator-6966f96d65-dtrfm]
2025-01-29 17:05:29,634 INFO c.h.h.t.HelmChartContainer - Received Created event for container hivemq-platform-operator in pod hivemq-test-hivemq-platform-operator-6966f96d65-dtrfm [72709f6d-bd4c-4232-9bad-af5c6ef344ea]
2025-01-29 17:05:29,684 INFO c.h.h.t.HelmChartContainer - [POD] hivemq-test-hivemq-platform-operator-6966f96d65-dtrfm [72709f6d-bd4c-4232-9bad-af5c6ef344ea] in helmcustomextensionit-operator was MODIFIED
2025-01-29 17:05:29,684 INFO c.h.h.t.HelmChartContainer - [K3S] [replica_set.go:679] "Finished syncing" kind="ReplicaSet" key="helmcustomextensionit-operator/hivemq-test-hivemq-platform-operator-6966f96d65" duration="71.995µs"
2025-01-29 17:05:29,698 INFO c.h.h.t.HelmChartContainer - Started log watcher for hivemq-platform-operator in pod hivemq-test-hivemq-platform-operator-6966f96d65-dtrfm [72709f6d-bd4c-4232-9bad-af5c6ef344ea]
2025-01-29 17:05:29,698 INFO c.h.h.t.HelmChartContainer - [hivemq-test-hivemq-platform] [hivemq-platform-operator] [72709f6d] -------------------------------------------------------------------------
2025-01-29 17:05:29,698 INFO c.h.h.t.HelmChartContainer - [hivemq-test-hivemq-platform] [hivemq-platform-operator] [72709f6d] 
2025-01-29 17:05:29,698 INFO c.h.h.t.HelmChartContainer - [hivemq-test-hivemq-platform] [hivemq-platform-operator] [72709f6d]                   _    _  _              __  __   ____
2025-01-29 17:05:29,698 INFO c.h.h.t.HelmChartContainer - [hivemq-test-hivemq-platform] [hivemq-platform-operator] [72709f6d]                  | |  | |(_)            |  \/  | / __ \
2025-01-29 17:05:29,698 INFO c.h.h.t.HelmChartContainer - [hivemq-test-hivemq-platform] [hivemq-platform-operator] [72709f6d]                  | |__| | _ __   __ ___ | \  / || |  | |
2025-01-29 17:05:29,698 INFO c.h.h.t.HelmChartContainer - [hivemq-test-hivemq-platform] [hivemq-platform-operator] [72709f6d]                  |  __  || |\ \ / // _ \| |\/| || |  | |
2025-01-29 17:05:29,698 INFO c.h.h.t.HelmChartContainer - [hivemq-test-hivemq-platform] [hivemq-platform-operator] [72709f6d]                  | |  | || | \ V /|  __/| |  | || |__| |
2025-01-29 17:05:29,698 INFO c.h.h.t.HelmChartContainer - [hivemq-test-hivemq-platform] [hivemq-platform-operator] [72709f6d]                  |_|  |_||_|  \_/  \___||_|  |_| \___\_\
2025-01-29 17:05:29,698 INFO c.h.h.t.HelmChartContainer - [hivemq-test-hivemq-platform] [hivemq-platform-operator] [72709f6d] 
2025-01-29 17:05:29,698 INFO c.h.h.t.HelmChartContainer - [hivemq-test-hivemq-platform] [hivemq-platform-operator] [72709f6d] -------------------------------------------------------------------------
2025-01-29 17:05:29,698 INFO c.h.h.t.HelmChartContainer - [hivemq-test-hivemq-platform] [hivemq-platform-operator] [72709f6d] 
2025-01-29 17:05:29,698 INFO c.h.h.t.HelmChartContainer - [hivemq-test-hivemq-platform] [hivemq-platform-operator] [72709f6d]   HiveMQ Platform Operator Start Script v1.0
2025-01-29 17:05:29,698 INFO c.h.h.t.HelmChartContainer - [EVENT] Normal [Started] Started container hivemq-platform-operator [helmcustomextensionit-operator:hivemq-test-hivemq-platform-operator-6966f96d65-dtrfm]
2025-01-29 17:05:29,699 INFO c.h.h.t.HelmChartContainer - Received Started event for container hivemq-platform-operator in pod hivemq-test-hivemq-platform-operator-6966f96d65-dtrfm [72709f6d-bd4c-4232-9bad-af5c6ef344ea]
2025-01-29 17:05:29,698 INFO c.h.h.t.HelmChartContainer - [hivemq-test-hivemq-platform] [hivemq-platform-operator] [72709f6d] 
2025-01-29 17:05:29,711 INFO c.h.h.t.HelmChartContainer - [hivemq-test-hivemq-platform] [hivemq-platform-operator] [72709f6d] -------------------------------------------------------------------------
2025-01-29 17:05:29,711 INFO c.h.h.t.HelmChartContainer - [hivemq-test-hivemq-platform] [hivemq-platform-operator] [72709f6d] 
2025-01-29 17:05:29,711 INFO c.h.h.t.HelmChartContainer - [hivemq-test-hivemq-platform] [hivemq-platform-operator] [72709f6d]   JAVA_OPTS: -XX:+UnlockExperimentalVMOptions -XX:InitialRAMPercentage=75 -XX:MaxRAMPercentage=75 -Duser.language=en -Duser.region=US
2025-01-29 17:05:29,711 INFO c.h.h.t.HelmChartContainer - [hivemq-test-hivemq-platform] [hivemq-platform-operator] [72709f6d] 
2025-01-29 17:05:29,711 INFO c.h.h.t.HelmChartContainer - [hivemq-test-hivemq-platform] [hivemq-platform-operator] [72709f6d]   JAVA_VERSION: 21
2025-01-29 17:05:29,711 INFO c.h.h.t.HelmChartContainer - [hivemq-test-hivemq-platform] [hivemq-platform-operator] [72709f6d] 
2025-01-29 17:05:29,711 INFO c.h.h.t.HelmChartContainer - [hivemq-test-hivemq-platform] [hivemq-platform-operator] [72709f6d] -------------------------------------------------------------------------
2025-01-29 17:05:29,711 INFO c.h.h.t.HelmChartContainer - [hivemq-test-hivemq-platform] [hivemq-platform-operator] [72709f6d] 
2025-01-29 17:05:32,862 INFO c.h.h.t.HelmChartContainer - [hivemq-test-hivemq-platform] [hivemq-platform-operator] [72709f6d] 17:05:32.859 [main] DEBUG org.jboss.logging - Logging Provider: org.jboss.logging.Slf4jLoggerProvider
2025-01-29 17:05:32,961 INFO c.h.h.t.HelmChartContainer - [hivemq-test-hivemq-platform] [hivemq-platform-operator] [72709f6d] 17:05:32.959 [main] DEBUG io.smallrye.config - SRCFG01006: Loaded ConfigSource SysPropConfigSource with ordinal 400
2025-01-29 17:05:32,961 INFO c.h.h.t.HelmChartContainer - [hivemq-test-hivemq-platform] [hivemq-platform-operator] [72709f6d] 17:05:32.960 [main] DEBUG io.smallrye.config - SRCFG01006: Loaded ConfigSource EnvConfigSource with ordinal 300
2025-01-29 17:05:32,962 INFO c.h.h.t.HelmChartContainer - [hivemq-test-hivemq-platform] [hivemq-platform-operator] [72709f6d] 17:05:32.960 [main] DEBUG io.smallrye.config - SRCFG01006: Loaded ConfigSource PropertiesConfigSource[source=jar:file:///opt/hivemq-platform-operator/bin/hivemq-platform-operator.jar!/hivemq-platform-operator.properties] with ordinal 100
2025-01-29 17:05:32,962 INFO c.h.h.t.HelmChartContainer - [hivemq-test-hivemq-platform] [hivemq-platform-operator] [72709f6d] 17:05:32.960 [main] DEBUG io.smallrye.config - SRCFG01006: Loaded ConfigSource DefaultValuesConfigSource with ordinal -2147483648
2025-01-29 17:05:33,071 INFO c.h.h.t.HelmChartContainer - [hivemq-test-hivemq-platform] [hivemq-platform-operator] [72709f6d] 17:05:33.070 [main] DEBUG i.m.c.u.i.l.InternalLoggerFactory - Using SLF4J as the default logging framework
2025-01-29 17:05:33,259 INFO c.h.h.t.HelmChartContainer - [hivemq-test-hivemq-platform] [hivemq-platform-operator] [72709f6d] 17:05:33.172 [main] INFO  c.h.p.o.HiveMQPlatformOperatorApplication - HiveMQ Platform Operator 1.7.0-SNAPSHOT (commit: 8465ebf on branch: HEAD) built on Wed Jan 29 16:56:31 UTC 2025
2025-01-29 17:05:33,259 INFO c.h.h.t.HelmChartContainer - [hivemq-test-hivemq-platform] [hivemq-platform-operator] [72709f6d] 17:05:33.258 [main] INFO  c.h.p.o.HiveMQPlatformOperatorApplication - HiveMQ Platform Operator is running in namespace: helmcustomextensionit-operator
2025-01-29 17:05:33,260 INFO c.h.h.t.HelmChartContainer - [hivemq-test-hivemq-platform] [hivemq-platform-operator] [72709f6d] 17:05:33.258 [main] INFO  c.h.p.o.HiveMQPlatformOperatorApplication - Watching all namespaces
2025-01-29 17:05:33,260 INFO c.h.h.t.HelmChartContainer - [hivemq-test-hivemq-platform] [hivemq-platform-operator] [72709f6d] 17:05:33.258 [main] INFO  c.h.p.o.HiveMQPlatformOperatorApplication - Log level: DEBUG
2025-01-29 17:05:33,260 INFO c.h.h.t.HelmChartContainer - [hivemq-test-hivemq-platform] [hivemq-platform-operator] [72709f6d] 17:05:33.258 [main] INFO  c.h.p.o.HiveMQPlatformOperatorApplication - Release name: test-hivemq-platform-operator
2025-01-29 17:05:33,260 INFO c.h.h.t.HelmChartContainer - [hivemq-test-hivemq-platform] [hivemq-platform-operator] [72709f6d] 17:05:33.258 [main] INFO  c.h.p.o.HiveMQPlatformOperatorApplication - HiveMQ Platform Operator Init image: docker.io/hivemq/hivemq-platform-operator-init-test:snapshot
2025-01-29 17:05:33,260 INFO c.h.h.t.HelmChartContainer - [hivemq-test-hivemq-platform] [hivemq-platform-operator] [72709f6d] 17:05:33.258 [main] INFO  c.h.p.o.HiveMQPlatformOperatorApplication - HiveMQ Platform Operator Init App update URL: http://hivemq-platform-operator-test-hivemq-platform-operator.helmcustomextensionit-operator.svc:8080/initAppUpdate/hivemq-platform-operator-init-app-1.7.0-SNAPSHOT.jar
2025-01-29 17:05:33,260 INFO c.h.h.t.HelmChartContainer - [hivemq-test-hivemq-platform] [hivemq-platform-operator] [72709f6d] 17:05:33.258 [main] INFO  c.h.p.o.HiveMQPlatformOperatorApplication - Additional imagePullSecret for all Platform deployments: none
2025-01-29 17:05:33,260 INFO c.h.h.t.HelmChartContainer - [hivemq-test-hivemq-platform] [hivemq-platform-operator] [72709f6d] 17:05:33.258 [main] INFO  c.h.p.o.HiveMQPlatformOperatorApplication - Apply HiveMQ Platform CRD: true
2025-01-29 17:05:33,260 INFO c.h.h.t.HelmChartContainer - [hivemq-test-hivemq-platform] [hivemq-platform-operator] [72709f6d] 17:05:33.258 [main] INFO  c.h.p.o.HiveMQPlatformOperatorApplication - Create Platform ServiceAccount: true
2025-01-29 17:05:33,260 INFO c.h.h.t.HelmChartContainer - [hivemq-test-hivemq-platform] [hivemq-platform-operator] [72709f6d] 17:05:33.258 [main] INFO  c.h.p.o.HiveMQPlatformOperatorApplication - Create Platform ServiceAccount permissions: true
2025-01-29 17:05:33,260 INFO c.h.h.t.HelmChartContainer - [hivemq-test-hivemq-platform] [hivemq-platform-operator] [72709f6d] 17:05:33.259 [main] INFO  c.h.p.o.HiveMQPlatformOperatorApplication - Validate Platform ServiceAccount: true
2025-01-29 17:05:33,260 INFO c.h.h.t.HelmChartContainer - [hivemq-test-hivemq-platform] [hivemq-platform-operator] [72709f6d] 17:05:33.259 [main] INFO  c.h.p.o.HiveMQPlatformOperatorApplication - Validate Platform ServiceAccount permissions: true
2025-01-29 17:05:33,273 INFO c.h.h.t.HelmChartContainer - [hivemq-test-hivemq-platform] [hivemq-platform-operator] [72709f6d] 17:05:33.272 [main] INFO  c.h.platform.operator.util.CRDUtil - Verifying deployed HiveMQ Platform CRD...
2025-01-29 17:05:35,763 INFO c.h.h.t.HelmChartContainer - [hivemq-test-hivemq-platform] [hivemq-platform-operator] [72709f6d] 17:05:35.761 [main] DEBUG c.h.platform.operator.util.CRDUtil - HiveMQ Platform CRD version v1 is up to date
2025-01-29 17:05:35,763 INFO c.h.h.t.HelmChartContainer - [hivemq-test-hivemq-platform] [hivemq-platform-operator] [72709f6d] 17:05:35.762 [main] INFO  c.h.platform.operator.util.CRDUtil - HiveMQ Platform CRD is up to date (version: V1_6_0)
2025-01-29 17:05:35,763 INFO c.h.h.t.HelmChartContainer - [hivemq-test-hivemq-platform] [hivemq-platform-operator] [72709f6d] 17:05:35.762 [main] INFO  c.h.platform.operator.util.CRDUtil - Waiting 10000 ms for HiveMQ Platform CRD 'hivemq-platforms.hivemq.com' to become ready...
2025-01-29 17:05:36,062 INFO c.h.h.t.HelmChartContainer - [hivemq-test-hivemq-platform] [hivemq-platform-operator] [72709f6d] 17:05:36.061 [vert.x-eventloop-thread-1] DEBUG c.h.platform.operator.util.CRDUtil - Checking CRD condition 'NamesAccepted' (status: 'True')
2025-01-29 17:05:36,063 INFO c.h.h.t.HelmChartContainer - [hivemq-test-hivemq-platform] [hivemq-platform-operator] [72709f6d] 17:05:36.061 [vert.x-eventloop-thread-1] DEBUG c.h.platform.operator.util.CRDUtil - Checking CRD condition 'Established' (status: 'True')
2025-01-29 17:05:36,063 INFO c.h.h.t.HelmChartContainer - [hivemq-test-hivemq-platform] [hivemq-platform-operator] [72709f6d] 17:05:36.063 [main] INFO  c.h.platform.operator.util.CRDUtil - HiveMQ Platform CRD 'hivemq-platforms.hivemq.com' is ready
2025-01-29 17:05:36,265 INFO c.h.h.t.HelmChartContainer - [hivemq-test-hivemq-platform] [hivemq-platform-operator] [72709f6d] 17:05:36.264 [main] INFO  c.h.p.o.HiveMQPlatformReconciler - HiveMQ Platform Operator is starting...
2025-01-29 17:05:36,368 INFO c.h.h.t.HelmChartContainer - [hivemq-test-hivemq-platform] [hivemq-platform-operator] [72709f6d] 17:05:36.367 [main] WARN  Default ConfigurationService implementation - Configuration for reconciler 'hivemq-controller' was not found. Known reconcilers: None.
2025-01-29 17:05:36,374 INFO c.h.h.t.HelmChartContainer - [hivemq-test-hivemq-platform] [hivemq-platform-operator] [72709f6d] 17:05:36.374 [main] INFO  Default ConfigurationService implementation - Created configuration for reconciler com.hivemq.platform.operator.HiveMQPlatformReconciler with name hivemq-controller
2025-01-29 17:05:36,510 INFO c.h.h.t.HelmChartContainer - [hivemq-test-hivemq-platform] [hivemq-platform-operator] [72709f6d] 17:05:36.509 [main] DEBUG c.h.p.o.HiveMQPlatformReconciler - HiveMQ Platform Operator is preparing EventSources
2025-01-29 17:05:36,567 INFO c.h.h.t.HelmChartContainer - [hivemq-test-hivemq-platform] [hivemq-platform-operator] [72709f6d] 17:05:36.566 [main] INFO  i.javaoperatorsdk.operator.Operator - Registered reconciler: 'hivemq-controller' for resource: 'class com.hivemq.platform.operator.v1.HiveMQPlatform' for namespace(s): [all namespaces]
2025-01-29 17:05:37,169 INFO c.h.h.t.HelmChartContainer - [hivemq-test-hivemq-platform] [hivemq-platform-operator] [72709f6d] 17:05:37.167 [main] INFO  c.h.p.operator.webserver.JettyServer - Starting Jetty server on port 8080
2025-01-29 17:05:37,266 INFO c.h.h.t.HelmChartContainer - [hivemq-test-hivemq-platform] [hivemq-platform-operator] [72709f6d] 17:05:37.265 [main] INFO  i.javaoperatorsdk.operator.Operator - Operator SDK 4.9.7 (commit: 2133d28) built on Wed Nov 20 12:56:20 UTC 2024 starting...
2025-01-29 17:05:37,266 INFO c.h.h.t.HelmChartContainer - [hivemq-test-hivemq-platform] [hivemq-platform-operator] [72709f6d] 17:05:37.265 [main] INFO  i.javaoperatorsdk.operator.Operator - Client version: 6.13.5
2025-01-29 17:05:37,267 INFO c.h.h.t.HelmChartContainer - [hivemq-test-hivemq-platform] [hivemq-platform-operator] [72709f6d] 17:05:37.266 [Controller Starter for: hivemq-controller] INFO  i.j.operator.processing.Controller - Starting 'hivemq-controller' controller for reconciler: com.hivemq.platform.operator.HiveMQPlatformReconciler, resource: com.hivemq.platform.operator.v1.HiveMQPlatform
2025-01-29 17:05:39,761 INFO c.h.h.t.HelmChartContainer - [hivemq-test-hivemq-platform] [hivemq-platform-operator] [72709f6d] 17:05:39.759 [Controller Starter for: hivemq-controller] INFO  i.j.operator.processing.Controller - 'hivemq-controller' controller started
2025-01-29 17:05:39,761 INFO c.h.h.t.HelmChartContainer - [hivemq-test-hivemq-platform] [hivemq-platform-operator] [72709f6d] 17:05:39.760 [main] INFO  c.h.p.o.HiveMQPlatformOperatorApplication - HiveMQ Platform Operator 1.7.0-SNAPSHOT started in 6587 ms
2025-01-29 17:05:40,690 INFO c.h.h.t.HelmChartContainer - [POD] hivemq-test-hivemq-platform-operator-6966f96d65-dtrfm [72709f6d-bd4c-4232-9bad-af5c6ef344ea] in helmcustomextensionit-operator was MODIFIED
2025-01-29 17:05:40,695 INFO c.h.h.t.HelmChartContainer - [K3S] [replica_set.go:679] "Finished syncing" kind="ReplicaSet" key="helmcustomextensionit-operator/hivemq-test-hivemq-platform-operator-6966f96d65" duration="8.598438ms"
2025-01-29 17:05:40,696 INFO c.h.h.t.HelmChartContainer - [K3S] [replica_set.go:679] "Finished syncing" kind="ReplicaSet" key="helmcustomextensionit-operator/hivemq-test-hivemq-platform-operator-6966f96d65" duration="25.758µs"
2025-01-29 17:05:42,020 DEBUG c.h.helmcharts.util.HiveMQExtension - Trying to package class 'org.slf4j.Logger' into extension 'hivemq-custom-test-extension'
2025-01-29 17:05:42,021 DEBUG c.h.helmcharts.util.HiveMQExtension - Trying to package class 'com.hivemq.extension.sdk.api.ExtensionMain' into extension 'hivemq-custom-test-extension'
2025-01-29 17:05:42,022 DEBUG c.h.helmcharts.util.HiveMQExtension - Trying to compile class '/home/runner/work/helm-charts/helm-charts/helm-charts/tests-hivemq-platform-operator/src/integrationTest/java/com/hivemq/helmcharts/extensions/custom/CustomTestExtensionMain.java' into extension 'hivemq-custom-test-extension'
2025-01-29 17:05:42,235 DEBUG c.h.helmcharts.util.HiveMQExtension - Trying to package class 'org.slf4j.LoggerFactory' into extension 'hivemq-custom-test-extension'
2025-01-29 17:05:42,292 INFO c.h.h.t.HelmChartContainer - [EVENT] Normal [ScalingReplicaSet] Scaled up replica set nginx-76c686bdbf from 0 to 1 [helmcustomextensionit:nginx]
2025-01-29 17:05:42,294 INFO c.h.h.t.HelmChartContainer - [K3S] [alloc.go:330] "allocated clusterIPs" service="helmcustomextensionit/nginx-service" clusterIPs={"IPv4":"10.43.227.112"}
2025-01-29 17:05:42,297 INFO c.h.h.t.HelmChartContainer - [POD] nginx-76c686bdbf-fczc7 [eeeb19a0-a84f-44c7-9c6a-dadc2ee17301] in helmcustomextensionit was ADDED
2025-01-29 17:05:42,301 INFO c.h.h.t.HelmChartContainer - [K3S] [replica_set.go:679] "Finished syncing" kind="ReplicaSet" key="helmcustomextensionit/nginx-76c686bdbf" duration="16.682875ms"
2025-01-29 17:05:42,304 INFO c.h.h.t.HelmChartContainer - [EVENT] Normal [SuccessfulCreate] Created pod: nginx-76c686bdbf-fczc7 [helmcustomextensionit:nginx-76c686bdbf]
2025-01-29 17:05:42,308 INFO c.h.h.t.HelmChartContainer - [POD] nginx-76c686bdbf-fczc7 [eeeb19a0-a84f-44c7-9c6a-dadc2ee17301] in helmcustomextensionit was MODIFIED
2025-01-29 17:05:42,313 INFO c.h.h.t.HelmChartContainer - [K3S] [replica_set.go:679] "Finished syncing" kind="ReplicaSet" key="helmcustomextensionit/nginx-76c686bdbf" duration="9.901141ms"
2025-01-29 17:05:42,314 INFO c.h.h.t.HelmChartContainer - [K3S] [replica_set.go:679] "Finished syncing" kind="ReplicaSet" key="helmcustomextensionit/nginx-76c686bdbf" duration="24.255µs"
2025-01-29 17:05:42,316 INFO c.h.h.t.HelmChartContainer - [EVENT] Normal [Scheduled] Successfully assigned helmcustomextensionit/nginx-76c686bdbf-fczc7 to cbc6d6ca7a03 [helmcustomextensionit:nginx-76c686bdbf-fczc7]
2025-01-29 17:05:42,321 INFO c.h.h.t.HelmChartContainer - [K3S] [replica_set.go:679] "Finished syncing" kind="ReplicaSet" key="helmcustomextensionit/nginx-76c686bdbf" duration="50.786µs"
2025-01-29 17:05:42,321 INFO c.h.h.t.HelmChartContainer - [POD] nginx-76c686bdbf-fczc7 [eeeb19a0-a84f-44c7-9c6a-dadc2ee17301] in helmcustomextensionit was MODIFIED
2025-01-29 17:05:42,345 INFO c.h.h.t.HelmChartContainer - [K3S] [reconciler_common.go:251] "operationExecutor.VerifyControllerAttachedVolume started for volume \"volume-hivemq-custom-test-extension-300\" (UniqueName: \"kubernetes.io/host-path/eeeb19a0-a84f-44c7-9c6a-dadc2ee17301-volume-hivemq-custom-test-extension-300\") pod \"nginx-76c686bdbf-fczc7\" (UID: \"eeeb19a0-a84f-44c7-9c6a-dadc2ee17301\") " pod="helmcustomextensionit/nginx-76c686bdbf-fczc7"
2025-01-29 17:05:42,345 INFO c.h.h.t.HelmChartContainer - [K3S] [reconciler_common.go:251] "operationExecutor.VerifyControllerAttachedVolume started for volume \"kube-api-access-hpsm7\" (UniqueName: \"kubernetes.io/projected/eeeb19a0-a84f-44c7-9c6a-dadc2ee17301-kube-api-access-hpsm7\") pod \"nginx-76c686bdbf-fczc7\" (UID: \"eeeb19a0-a84f-44c7-9c6a-dadc2ee17301\") " pod="helmcustomextensionit/nginx-76c686bdbf-fczc7"
2025-01-29 17:05:42,346 INFO c.h.h.t.HelmChartContainer - [K3S] [reconciler_common.go:251] "operationExecutor.VerifyControllerAttachedVolume started for volume \"nginx-certificates\" (UniqueName: \"kubernetes.io/secret/eeeb19a0-a84f-44c7-9c6a-dadc2ee17301-nginx-certificates\") pod \"nginx-76c686bdbf-fczc7\" (UID: \"eeeb19a0-a84f-44c7-9c6a-dadc2ee17301\") " pod="helmcustomextensionit/nginx-76c686bdbf-fczc7"
2025-01-29 17:05:42,346 INFO c.h.h.t.HelmChartContainer - [K3S] [reconciler_common.go:251] "operationExecutor.VerifyControllerAttachedVolume started for volume \"nginx-https-conf\" (UniqueName: \"kubernetes.io/host-path/eeeb19a0-a84f-44c7-9c6a-dadc2ee17301-nginx-https-conf\") pod \"nginx-76c686bdbf-fczc7\" (UID: \"eeeb19a0-a84f-44c7-9c6a-dadc2ee17301\") " pod="helmcustomextensionit/nginx-76c686bdbf-fczc7"
2025-01-29 17:05:42,697 INFO c.h.h.t.HelmChartContainer - [EVENT] Normal [Pulled] Container image "nginx:1.27.3" already present on machine [helmcustomextensionit:nginx-76c686bdbf-fczc7]
2025-01-29 17:05:42,698 INFO c.h.h.t.HelmChartContainer - Received Pulled event for container nginx in pod nginx-76c686bdbf-fczc7 [eeeb19a0-a84f-44c7-9c6a-dadc2ee17301]
2025-01-29 17:05:44,116 INFO c.h.h.t.HelmChartContainer - [EVENT] Normal [Created] Created container: nginx [helmcustomextensionit:nginx-76c686bdbf-fczc7]
2025-01-29 17:05:44,117 INFO c.h.h.t.HelmChartContainer - Received Created event for container nginx in pod nginx-76c686bdbf-fczc7 [eeeb19a0-a84f-44c7-9c6a-dadc2ee17301]
2025-01-29 17:05:44,703 INFO c.h.h.t.HelmChartContainer - [POD] nginx-76c686bdbf-fczc7 [eeeb19a0-a84f-44c7-9c6a-dadc2ee17301] in helmcustomextensionit was MODIFIED
2025-01-29 17:05:44,711 INFO c.h.h.t.HelmChartContainer - [K3S] [replica_set.go:679] "Finished syncing" kind="ReplicaSet" key="helmcustomextensionit/nginx-76c686bdbf" duration="12.76047ms"
2025-01-29 17:05:44,712 INFO c.h.h.t.HelmChartContainer - [K3S] [replica_set.go:679] "Finished syncing" kind="ReplicaSet" key="helmcustomextensionit/nginx-76c686bdbf" duration="28.063µs"
2025-01-29 17:05:44,713 INFO c.h.h.t.HelmChartContainer - [EVENT] Normal [Started] Started container nginx [helmcustomextensionit:nginx-76c686bdbf-fczc7]
2025-01-29 17:05:44,713 INFO c.h.h.t.HelmChartContainer - Received Started event for container nginx in pod nginx-76c686bdbf-fczc7 [eeeb19a0-a84f-44c7-9c6a-dadc2ee17301]
2025-01-29 17:05:44,713 INFO c.h.h.t.HelmChartContainer - Started log watcher for nginx in pod nginx-76c686bdbf-fczc7 [eeeb19a0-a84f-44c7-9c6a-dadc2ee17301]
2025-01-29 17:05:44,714 INFO c.h.h.t.HelmChartContainer - [nginx-76c686bdbf-fcz] [nginx] [eeeb19a0] /docker-entrypoint.sh: /docker-entrypoint.d/ is not empty, will attempt to perform configuration
2025-01-29 17:05:44,714 INFO c.h.h.t.HelmChartContainer - [nginx-76c686bdbf-fcz] [nginx] [eeeb19a0] /docker-entrypoint.sh: Looking for shell scripts in /docker-entrypoint.d/
2025-01-29 17:05:44,714 INFO c.h.h.t.HelmChartContainer - [nginx-76c686bdbf-fcz] [nginx] [eeeb19a0] /docker-entrypoint.sh: Launching /docker-entrypoint.d/10-listen-on-ipv6-by-default.sh
2025-01-29 17:05:44,714 INFO c.h.h.t.HelmChartContainer - [nginx-76c686bdbf-fcz] [nginx] [eeeb19a0] 10-listen-on-ipv6-by-default.sh: info: IPv6 listen already enabled
2025-01-29 17:05:44,714 INFO c.h.h.t.HelmChartContainer - [nginx-76c686bdbf-fcz] [nginx] [eeeb19a0] /docker-entrypoint.sh: Sourcing /docker-entrypoint.d/15-local-resolvers.envsh
2025-01-29 17:05:44,714 INFO c.h.h.t.HelmChartContainer - [nginx-76c686bdbf-fcz] [nginx] [eeeb19a0] /docker-entrypoint.sh: Launching /docker-entrypoint.d/20-envsubst-on-templates.sh
2025-01-29 17:05:44,714 INFO c.h.h.t.HelmChartContainer - [nginx-76c686bdbf-fcz] [nginx] [eeeb19a0] /docker-entrypoint.sh: Launching /docker-entrypoint.d/30-tune-worker-processes.sh
2025-01-29 17:05:44,714 INFO c.h.h.t.HelmChartContainer - [nginx-76c686bdbf-fcz] [nginx] [eeeb19a0] /docker-entrypoint.sh: Configuration complete; ready for start up
2025-01-29 17:05:44,716 INFO c.h.h.t.HelmChartContainer - [nginx-76c686bdbf-fcz] [nginx] [eeeb19a0] 2025/01/29 17:05:44 [notice] 1#1: using the "epoll" event method
2025-01-29 17:05:44,716 INFO c.h.h.t.HelmChartContainer - [nginx-76c686bdbf-fcz] [nginx] [eeeb19a0] 2025/01/29 17:05:44 [notice] 1#1: nginx/1.27.3
2025-01-29 17:05:44,716 INFO c.h.h.t.HelmChartContainer - [nginx-76c686bdbf-fcz] [nginx] [eeeb19a0] 2025/01/29 17:05:44 [notice] 1#1: built by gcc 12.2.0 (Debian 12.2.0-14) 
2025-01-29 17:05:44,716 INFO c.h.h.t.HelmChartContainer - [nginx-76c686bdbf-fcz] [nginx] [eeeb19a0] 2025/01/29 17:05:44 [notice] 1#1: OS: Linux 6.8.0-1020-azure
2025-01-29 17:05:44,716 INFO c.h.h.t.HelmChartContainer - [nginx-76c686bdbf-fcz] [nginx] [eeeb19a0] 2025/01/29 17:05:44 [notice] 1#1: getrlimit(RLIMIT_NOFILE): 1048576:1048576
2025-01-29 17:05:44,716 INFO c.h.h.t.HelmChartContainer - [nginx-76c686bdbf-fcz] [nginx] [eeeb19a0] 2025/01/29 17:05:44 [notice] 1#1: start worker processes
2025-01-29 17:05:44,716 INFO c.h.h.t.HelmChartContainer - [nginx-76c686bdbf-fcz] [nginx] [eeeb19a0] 2025/01/29 17:05:44 [notice] 1#1: start worker process 22
2025-01-29 17:05:44,717 INFO c.h.h.t.HelmChartContainer - [nginx-76c686bdbf-fcz] [nginx] [eeeb19a0] 2025/01/29 17:05:44 [notice] 1#1: start worker process 23
2025-01-29 17:05:44,717 INFO c.h.h.t.HelmChartContainer - [nginx-76c686bdbf-fcz] [nginx] [eeeb19a0] 2025/01/29 17:05:44 [notice] 1#1: start worker process 24
2025-01-29 17:05:44,717 INFO c.h.h.t.HelmChartContainer - [nginx-76c686bdbf-fcz] [nginx] [eeeb19a0] 2025/01/29 17:05:44 [notice] 1#1: start worker process 25
2025-01-29 17:05:46,308 INFO c.h.h.testcontainer.LogWaiterUtil - TEST Waiting for log pattern on 'test-hivemq-platform-0': .*Extension "HiveMQ Custom Test Extension" version 3.0.0 started successfully.
2025-01-29 17:05:46,367 DEBUG c.h.h.t.HelmChartContainer - Executing helm command: /bin/helm --kubeconfig /etc/rancher/k3s/k3s.yaml install test-hivemq-platform /charts/hivemq-platform --wait --timeout 5m0s --set image.repository=docker.io/hivemq --set image.tag=4.36.0 --set image.pullPolicy=Never --set nodes.resources.cpu=512m -f /files/custom-extension-values-with-https.yaml --namespace helmcustomextensionit
2025-01-29 17:05:46,597 INFO c.h.h.t.HelmChartContainer - [hivemq-test-hivemq-platform] [hivemq-platform-operator] [72709f6d] 17:05:46.594 [-2082509879-pool-1-thread-2] WARN  i.m.p.PrometheusMeterRegistry - The meter (MeterId{name='operator.sdk.events.received', tags=[tag(action=ADDED),tag(event=ResourceEvent),tag(group=hivemq.com),tag(kind=HiveMQPlatform),tag(name=test-hivemq-platform),tag(namespace=helmcustomextensionit),tag(scope=namespace),tag(version=v1)]}) registration has failed: Prometheus requires that all meters with the same name have the same set of tag keys. There is already an existing meter named 'operator.sdk.events.received' containing tag keys [event, group, kind, name, namespace, scope, version]. The meter you are attempting to register has keys [action, event, group, kind, name, namespace, scope, version]. Note that subsequent logs will be logged at debug level.
2025-01-29 17:05:47,064 INFO c.h.h.t.HelmChartContainer - [hivemq-test-hivemq-platform] [hivemq-platform-operator] [72709f6d] 17:05:47.061 [pool-6-thread-3] DEBUG c.h.p.o.dependants.PodInfoConfigMap - [helmcust] Desired PodInfo ConfigMap (1 extensions) (1 enabled)
2025-01-29 17:05:47,064 INFO c.h.h.t.HelmChartContainer - [hivemq-test-hivemq-platform] [hivemq-platform-operator] [72709f6d] 17:05:47.062 [pool-6-thread-3] DEBUG c.h.p.o.dependants.PodInfoConfigMap - [helmcust] Desired PodInfo ConfigMap (metrics port: 9399) (metrics path: /)
2025-01-29 17:05:47,064 INFO c.h.h.t.HelmChartContainer - [hivemq-test-hivemq-platform] [hivemq-platform-operator] [72709f6d] 17:05:47.062 [pool-6-thread-3] DEBUG c.h.p.o.dependants.PodInfoConfigMap - [helmcust] Desired PodInfo ConfigMap (extension state hash: -1287821691)
2025-01-29 17:05:47,067 INFO c.h.h.t.HelmChartContainer - [hivemq-test-hivemq-platform] [hivemq-platform-operator] [72709f6d] 17:05:47.064 [pool-6-thread-3] DEBUG c.h.p.o.dependants.PodInfoConfigMap - [helmcust] Create PodInfo ConfigMap
2025-01-29 17:05:47,170 INFO c.h.h.t.HelmChartContainer - [hivemq-test-hivemq-platform] [hivemq-platform-operator] [72709f6d] 17:05:47.167 [pool-6-thread-5] DEBUG c.h.p.o.dependants.PodRoleResource - [helmcust] Create Role: Role(apiVersion=rbac.authorization.k8s.io/v1, kind=Role, metadata=ObjectMeta(annotations={meta.helm.sh/release-name=test-hivemq-platform, meta.helm.sh/release-namespace=helmcustomextensionit}, creationTimestamp=null, deletionGracePeriodSeconds=null, deletionTimestamp=null, finalizers=[], generateName=null, generation=null, labels={helm.sh/chart=hivemq-platform-0.2.32, app.kubernetes.io/managed-by=Helm, app.kubernetes.io/name=hivemq-platform, hivemq-platform=test-hivemq-platform, app.kubernetes.io/instance=test-hivemq-platform, app.kubernetes.io/version=4.36.0}, managedFields=[], name=hivemq-platform-role-test-hivemq-platform, namespace=helmcustomextensionit, ownerReferences=[OwnerReference(apiVersion=hivemq.com/v1, blockOwnerDeletion=null, controller=null, kind=HiveMQPlatform, name=test-hivemq-platform, uid=5ca235d2-6153-4091-addd-48c01bd3b9d1, additionalProperties={})], resourceVersion=null, selfLink=null, uid=null, additionalProperties={}), rules=[PolicyRule(apiGroups=[], nonResourceURLs=[], resourceNames=[], resources=[pods], verbs=[get, patch, update], additionalProperties={})], additionalProperties={})
2025-01-29 17:05:47,276 INFO c.h.h.t.HelmChartContainer - [hivemq-test-hivemq-platform] [hivemq-platform-operator] [72709f6d] 17:05:47.275 [pool-6-thread-7] DEBUG c.h.p.o.d.PodServiceAccountResource - [helmcust] Desired PodServiceAccountResource (serviceAccountName: hivemq-platform-pod-test-hivemq-platform)
2025-01-29 17:05:47,361 INFO c.h.h.t.HelmChartContainer - [hivemq-test-hivemq-platform] [hivemq-platform-operator] [72709f6d] 17:05:47.356 [pool-6-thread-7] DEBUG c.h.p.o.d.PodServiceAccountResource - [helmcust] Create ServiceAccount 'hivemq-platform-pod-test-hivemq-platform'
2025-01-29 17:05:47,464 INFO c.h.h.t.HelmChartContainer - [hivemq-test-hivemq-platform] [hivemq-platform-operator] [72709f6d] 17:05:47.462 [pool-6-thread-10] DEBUG c.h.p.o.d.PodRoleBindingResource - [helmcust] Create RoleBinding: RoleBinding(apiVersion=rbac.authorization.k8s.io/v1, kind=RoleBinding, metadata=ObjectMeta(annotations={meta.helm.sh/release-name=test-hivemq-platform, meta.helm.sh/release-namespace=helmcustomextensionit}, creationTimestamp=null, deletionGracePeriodSeconds=null, deletionTimestamp=null, finalizers=[], generateName=null, generation=null, labels={helm.sh/chart=hivemq-platform-0.2.32, app.kubernetes.io/managed-by=Helm, app.kubernetes.io/name=hivemq-platform, hivemq-platform=test-hivemq-platform, app.kubernetes.io/instance=test-hivemq-platform, app.kubernetes.io/version=4.36.0}, managedFields=[], name=hivemq-platform-role-binding-test-hivemq-platform, namespace=helmcustomextensionit, ownerReferences=[OwnerReference(apiVersion=hivemq.com/v1, blockOwnerDeletion=null, controller=null, kind=HiveMQPlatform, name=test-hivemq-platform, uid=5ca235d2-6153-4091-addd-48c01bd3b9d1, additionalProperties={})], resourceVersion=null, selfLink=null, uid=null, additionalProperties={}), roleRef=RoleRef(apiGroup=rbac.authorization.k8s.io, kind=Role, name=hivemq-platform-role-test-hivemq-platform, additionalProperties={}), subjects=[Subject(apiGroup=null, kind=ServiceAccount, name=hivemq-platform-pod-test-hivemq-platform, namespace=helmcustomextensionit, additionalProperties={})], additionalProperties={})
2025-01-29 17:05:47,559 INFO c.h.h.t.HelmChartContainer - [hivemq-test-hivemq-platform] [hivemq-platform-operator] [72709f6d] 17:05:47.558 [ReconcilerExecutor-hivemq-controller-55] INFO  c.h.p.o.HiveMQPlatformReconciler - [helmcust] Reconciling HiveMQ Platform 'test-hivemq-platform' in namespace 'helmcustomextensionit'
2025-01-29 17:05:47,559 INFO c.h.h.t.HelmChartContainer - [hivemq-test-hivemq-platform] [hivemq-platform-operator] [72709f6d] 17:05:47.558 [ReconcilerExecutor-hivemq-controller-55] DEBUG c.h.p.o.HiveMQPlatformReconciler - [helmcust] Custom Resource Status CREATED - HiveMQ Platform was created (READY)
2025-01-29 17:05:47,560 INFO c.h.h.t.HelmChartContainer - [hivemq-test-hivemq-platform] [hivemq-platform-operator] [72709f6d] 17:05:47.558 [ReconcilerExecutor-hivemq-controller-55] DEBUG c.h.p.o.HiveMQPlatformReconciler - [helmcust] Custom Resource Spec (replicas: 1) (extensions: 1)
2025-01-29 17:05:47,565 INFO c.h.h.t.HelmChartContainer - [hivemq-test-hivemq-platform] [hivemq-platform-operator] [72709f6d] 17:05:47.562 [ReconcilerExecutor-hivemq-controller-55] INFO  c.h.p.o.h.HiveMQPlatformReconcilerBaseHandler - [helmcust] HiveMQ Platform is starting
2025-01-29 17:05:47,670 INFO c.h.h.t.HelmChartContainer - [hivemq-test-hivemq-platform] [hivemq-platform-operator] [72709f6d] 17:05:47.669 [ReconcilerExecutor-hivemq-controller-55] DEBUG c.h.p.operator.event.EventSender - [helmcust] Creating K8s event hivemq-platform-starting: [Start] HiveMQ Platform is starting
2025-01-29 17:05:47,678 INFO c.h.h.t.HelmChartContainer - [EVENT] Normal [Start] HiveMQ Platform is starting [helmcustomextensionit:test-hivemq-platform]
2025-01-29 17:05:47,758 INFO c.h.h.t.HelmChartContainer - [hivemq-test-hivemq-platform] [hivemq-platform-operator] [72709f6d] 17:05:47.757 [ReconcilerExecutor-hivemq-controller-55] INFO  c.h.p.o.h.AbstractHiveMQReconcilerStateHandler - [helmcust] Update HiveMQ Platform Status (CREATED [READY] -> STARTING [READY]): HiveMQ Platform is starting
2025-01-29 17:05:47,770 DEBUG com.hivemq.helmcharts.util.K8sUtil - Comparing actual state 'STARTING' and waiting for 'RUNNING'
2025-01-29 17:05:57,786 INFO c.h.h.t.HelmChartContainer - [hivemq-test-hivemq-platform] [hivemq-platform-operator] [72709f6d] 17:05:57.780 [pool-6-thread-12] DEBUG c.h.p.o.d.PlatformServiceResource - [helmcust] Desired Platform services (3 services)
2025-01-29 17:05:57,786 INFO c.h.h.t.HelmChartContainer - [hivemq-test-hivemq-platform] [hivemq-platform-operator] [72709f6d] 17:05:57.782 [pool-6-thread-13] DEBUG c.h.p.o.dependants.PodInfoConfigMap - [helmcust] Desired PodInfo ConfigMap (1 extensions) (1 enabled)
2025-01-29 17:05:57,786 INFO c.h.h.t.HelmChartContainer - [hivemq-test-hivemq-platform] [hivemq-platform-operator] [72709f6d] 17:05:57.782 [pool-6-thread-13] DEBUG c.h.p.o.dependants.PodInfoConfigMap - [helmcust] Desired PodInfo ConfigMap (metrics port: 9399) (metrics path: /)
2025-01-29 17:05:57,786 INFO c.h.h.t.HelmChartContainer - [hivemq-test-hivemq-platform] [hivemq-platform-operator] [72709f6d] 17:05:57.782 [pool-6-thread-13] DEBUG c.h.p.o.dependants.PodInfoConfigMap - [helmcust] Desired PodInfo ConfigMap (extension state hash: -1287821691)
2025-01-29 17:05:57,788 INFO c.h.h.t.HelmChartContainer - [hivemq-test-hivemq-platform] [hivemq-platform-operator] [72709f6d] 17:05:57.787 [pool-6-thread-17] DEBUG c.h.p.o.d.PodServiceAccountResource - [helmcust] Desired PodServiceAccountResource (serviceAccountName: hivemq-platform-pod-test-hivemq-platform)
2025-01-29 17:05:57,862 INFO c.h.h.t.HelmChartContainer - [hivemq-test-hivemq-platform] [hivemq-platform-operator] [72709f6d] 17:05:57.856 [pool-6-thread-13] DEBUG c.h.p.o.dependants.PodInfoConfigMap - [helmcust] Update PodInfo ConfigMap
2025-01-29 17:05:57,866 INFO c.h.h.t.HelmChartContainer - [K3S] [alloc.go:330] "allocated clusterIPs" service="helmcustomextensionit/hivemq-test-hivemq-platform-cc-8080" clusterIPs={"IPv4":"10.43.166.108"}
2025-01-29 17:05:57,961 INFO c.h.h.t.HelmChartContainer - [K3S] [alloc.go:330] "allocated clusterIPs" service="helmcustomextensionit/hivemq-test-hivemq-platform-mqtt-1883" clusterIPs={"IPv4":"10.43.204.55"}
2025-01-29 17:05:57,972 INFO c.h.h.t.HelmChartContainer - [K3S] [alloc.go:330] "allocated clusterIPs" service="helmcustomextensionit/hivemq-test-hivemq-platform-metrics-9399" clusterIPs={"IPv4":"10.43.176.198"}
2025-01-29 17:05:57,980 INFO c.h.h.t.HelmChartContainer - [hivemq-test-hivemq-platform] [hivemq-platform-operator] [72709f6d] 17:05:57.978 [pool-6-thread-20] DEBUG c.h.p.o.d.StatefulSetResource - [helmcust] Desired StatefulSet (1 replicas) for status STARTING (READY)
2025-01-29 17:05:58,064 INFO c.h.h.t.HelmChartContainer - [hivemq-test-hivemq-platform] [hivemq-platform-operator] [72709f6d] 17:05:58.063 [pool-6-thread-20] DEBUG c.h.p.o.d.StatefulSetResource - [helmcust] Create StatefulSet
2025-01-29 17:05:58,092 INFO c.h.h.t.HelmChartContainer - [POD] test-hivemq-platform-0 [253b4fe9-6feb-4e62-aa85-4e39f227cfdb] in helmcustomextensionit was ADDED
2025-01-29 17:05:58,094 INFO c.h.h.t.HelmChartContainer - [EVENT] Normal [SuccessfulCreate] create Pod test-hivemq-platform-0 in StatefulSet test-hivemq-platform successful [helmcustomextensionit:test-hivemq-platform]
2025-01-29 17:05:58,107 INFO c.h.h.t.HelmChartContainer - [POD] test-hivemq-platform-0 [253b4fe9-6feb-4e62-aa85-4e39f227cfdb] in helmcustomextensionit was MODIFIED
2025-01-29 17:05:58,107 INFO c.h.h.t.HelmChartContainer - [EVENT] Normal [Scheduled] Successfully assigned helmcustomextensionit/test-hivemq-platform-0 to cbc6d6ca7a03 [helmcustomextensionit:test-hivemq-platform-0]
2025-01-29 17:05:58,110 INFO c.h.h.t.HelmChartContainer - [POD] test-hivemq-platform-0 [253b4fe9-6feb-4e62-aa85-4e39f227cfdb] in helmcustomextensionit was MODIFIED
2025-01-29 17:05:58,138 INFO c.h.h.t.HelmChartContainer - [K3S] [reconciler_common.go:251] "operationExecutor.VerifyControllerAttachedVolume started for volume \"broker-configuration\" (UniqueName: \"kubernetes.io/configmap/253b4fe9-6feb-4e62-aa85-4e39f227cfdb-broker-configuration\") pod \"test-hivemq-platform-0\" (UID: \"253b4fe9-6feb-4e62-aa85-4e39f227cfdb\") " pod="helmcustomextensionit/test-hivemq-platform-0"
2025-01-29 17:05:58,138 INFO c.h.h.t.HelmChartContainer - [K3S] [reconciler_common.go:251] "operationExecutor.VerifyControllerAttachedVolume started for volume \"kube-api-access-pgnw5\" (UniqueName: \"kubernetes.io/projected/253b4fe9-6feb-4e62-aa85-4e39f227cfdb-kube-api-access-pgnw5\") pod \"test-hivemq-platform-0\" (UID: \"253b4fe9-6feb-4e62-aa85-4e39f227cfdb\") " pod="helmcustomextensionit/test-hivemq-platform-0"
2025-01-29 17:05:58,138 INFO c.h.h.t.HelmChartContainer - [K3S] [reconciler_common.go:251] "operationExecutor.VerifyControllerAttachedVolume started for volume \"pod-info\" (UniqueName: \"kubernetes.io/configmap/253b4fe9-6feb-4e62-aa85-4e39f227cfdb-pod-info\") pod \"test-hivemq-platform-0\" (UID: \"253b4fe9-6feb-4e62-aa85-4e39f227cfdb\") " pod="helmcustomextensionit/test-hivemq-platform-0"
2025-01-29 17:05:58,138 INFO c.h.h.t.HelmChartContainer - [K3S] [reconciler_common.go:251] "operationExecutor.VerifyControllerAttachedVolume started for volume \"operator-init\" (UniqueName: \"kubernetes.io/empty-dir/253b4fe9-6feb-4e62-aa85-4e39f227cfdb-operator-init\") pod \"test-hivemq-platform-0\" (UID: \"253b4fe9-6feb-4e62-aa85-4e39f227cfdb\") " pod="helmcustomextensionit/test-hivemq-platform-0"
2025-01-29 17:05:58,172 INFO c.h.h.t.HelmChartContainer - [hivemq-test-hivemq-platform] [hivemq-platform-operator] [72709f6d] 17:05:58.167 [ReconcilerExecutor-hivemq-controller-66] INFO  c.h.p.o.HiveMQPlatformReconciler - [helmcust] Reconciling HiveMQ Platform 'test-hivemq-platform' in namespace 'helmcustomextensionit'
2025-01-29 17:05:58,178 INFO c.h.h.t.HelmChartContainer - [hivemq-test-hivemq-platform] [hivemq-platform-operator] [72709f6d] 17:05:58.171 [ReconcilerExecutor-hivemq-controller-66] DEBUG c.h.p.o.HiveMQPlatformReconciler - [helmcust] Custom Resource Status STARTING - HiveMQ Platform is starting (READY)
2025-01-29 17:05:58,178 INFO c.h.h.t.HelmChartContainer - [hivemq-test-hivemq-platform] [hivemq-platform-operator] [72709f6d] 17:05:58.171 [ReconcilerExecutor-hivemq-controller-66] DEBUG c.h.p.o.HiveMQPlatformReconciler - [helmcust] Custom Resource Spec (replicas: 1) (extensions: 1)
2025-01-29 17:05:58,178 INFO c.h.h.t.HelmChartContainer - [hivemq-test-hivemq-platform] [hivemq-platform-operator] [72709f6d] 17:05:58.175 [ReconcilerExecutor-hivemq-controller-66] DEBUG c.h.p.o.HiveMQPlatformReconciler - [helmcust] StatefulSet Status (revision: test-hivemq-platform-796ccc778, replicas: 1, available: 0, ready: 0, current: 1, updated: 1)
2025-01-29 17:05:58,178 INFO c.h.h.t.HelmChartContainer - [hivemq-test-hivemq-platform] [hivemq-platform-operator] [72709f6d] 17:05:58.175 [ReconcilerExecutor-hivemq-controller-66] DEBUG c.h.p.o.HiveMQPlatformReconciler - [helmcust] StatefulSet Spec (replicas: 1, init containers: 1, containers: 1, volumes: 3)
2025-01-29 17:05:58,266 INFO c.h.h.t.HelmChartContainer - [hivemq-test-hivemq-platform] [hivemq-platform-operator] [72709f6d] 17:05:58.265 [ReconcilerExecutor-hivemq-controller-66] DEBUG c.h.p.o.h.HiveMQPlatformReconcilerErrorHandler - [helmcust] Pod 'test-hivemq-platform-0' phase Pending
2025-01-29 17:05:58,267 INFO c.h.h.t.HelmChartContainer - [hivemq-test-hivemq-platform] [hivemq-platform-operator] [72709f6d] 17:05:58.265 [ReconcilerExecutor-hivemq-controller-66] DEBUG c.h.p.o.h.HiveMQPlatformReconcilerErrorHandler - [helmcust] Pod 'test-hivemq-platform-0' condition 'PodReadyToStartContainers': False
2025-01-29 17:05:58,267 INFO c.h.h.t.HelmChartContainer - [hivemq-test-hivemq-platform] [hivemq-platform-operator] [72709f6d] 17:05:58.266 [ReconcilerExecutor-hivemq-controller-66] DEBUG c.h.p.o.h.HiveMQPlatformReconcilerErrorHandler - [helmcust] Pod 'test-hivemq-platform-0' condition 'Initialized': False
2025-01-29 17:05:58,267 INFO c.h.h.t.HelmChartContainer - [hivemq-test-hivemq-platform] [hivemq-platform-operator] [72709f6d] 17:05:58.266 [ReconcilerExecutor-hivemq-controller-66] DEBUG c.h.p.o.h.HiveMQPlatformReconcilerErrorHandler - [helmcust] Pod 'test-hivemq-platform-0' condition 'Ready': False
2025-01-29 17:05:58,267 INFO c.h.h.t.HelmChartContainer - [hivemq-test-hivemq-platform] [hivemq-platform-operator] [72709f6d] 17:05:58.266 [ReconcilerExecutor-hivemq-controller-66] DEBUG c.h.p.o.h.HiveMQPlatformReconcilerErrorHandler - [helmcust] Pod 'test-hivemq-platform-0' condition 'ContainersReady': False
2025-01-29 17:05:58,267 INFO c.h.h.t.HelmChartContainer - [hivemq-test-hivemq-platform] [hivemq-platform-operator] [72709f6d] 17:05:58.266 [ReconcilerExecutor-hivemq-controller-66] DEBUG c.h.p.o.h.HiveMQPlatformReconcilerErrorHandler - [helmcust] Pod 'test-hivemq-platform-0' condition 'PodScheduled': True
2025-01-29 17:05:58,267 INFO c.h.h.t.HelmChartContainer - [hivemq-test-hivemq-platform] [hivemq-platform-operator] [72709f6d] 17:05:58.266 [ReconcilerExecutor-hivemq-controller-66] DEBUG c.h.p.o.h.HiveMQPlatformReconcilerErrorHandler - [helmcust] Pod 'test-hivemq-platform-0' containerStatus 'hivemq' (started: false) (ready: false) (waiting: [PodInitializing] null)
2025-01-29 17:05:58,269 INFO c.h.h.t.HelmChartContainer - [hivemq-test-hivemq-platform] [hivemq-platform-operator] [72709f6d] 17:05:58.268 [ReconcilerExecutor-hivemq-controller-66] INFO  c.h.p.o.h.HiveMQPlatformReconcilerBaseHandler - [helmcust] HiveMQ Platform is starting, 0 of 1 replicas are ready
2025-01-29 17:05:58,360 INFO c.h.h.t.HelmChartContainer - [hivemq-test-hivemq-platform] [hivemq-platform-operator] [72709f6d] 17:05:58.355 [pool-6-thread-22] DEBUG c.h.p.o.d.PlatformServiceResource - [helmcust] Desired Platform services (3 services)
2025-01-29 17:05:58,360 INFO c.h.h.t.HelmChartContainer - [hivemq-test-hivemq-platform] [hivemq-platform-operator] [72709f6d] 17:05:58.357 [pool-6-thread-23] DEBUG c.h.p.o.dependants.PodInfoConfigMap - [helmcust] Desired PodInfo ConfigMap (1 extensions) (1 enabled)
2025-01-29 17:05:58,360 INFO c.h.h.t.HelmChartContainer - [hivemq-test-hivemq-platform] [hivemq-platform-operator] [72709f6d] 17:05:58.357 [pool-6-thread-23] DEBUG c.h.p.o.dependants.PodInfoConfigMap - [helmcust] Desired PodInfo ConfigMap (metrics port: 9399) (metrics path: /)
2025-01-29 17:05:58,360 INFO c.h.h.t.HelmChartContainer - [hivemq-test-hivemq-platform] [hivemq-platform-operator] [72709f6d] 17:05:58.357 [pool-6-thread-23] DEBUG c.h.p.o.dependants.PodInfoConfigMap - [helmcust] Desired PodInfo ConfigMap (extension state hash: -1287821691)
2025-01-29 17:05:58,363 INFO c.h.h.t.HelmChartContainer - [hivemq-test-hivemq-platform] [hivemq-platform-operator] [72709f6d] 17:05:58.362 [pool-6-thread-27] DEBUG c.h.p.o.d.PodServiceAccountResource - [helmcust] Desired PodServiceAccountResource (serviceAccountName: hivemq-platform-pod-test-hivemq-platform)
2025-01-29 17:05:58,370 INFO c.h.h.t.HelmChartContainer - [hivemq-test-hivemq-platform] [hivemq-platform-operator] [72709f6d] 17:05:58.369 [pool-6-thread-30] DEBUG c.h.p.o.d.StatefulSetResource - [helmcust] Desired StatefulSet (1 replicas) for status STARTING (READY)
2025-01-29 17:05:58,462 INFO c.h.h.t.HelmChartContainer - [hivemq-test-hivemq-platform] [hivemq-platform-operator] [72709f6d] 17:05:58.459 [ReconcilerExecutor-hivemq-controller-77] INFO  c.h.p.o.HiveMQPlatformReconciler - [helmcust] Reconciling HiveMQ Platform 'test-hivemq-platform' in namespace 'helmcustomextensionit'
2025-01-29 17:05:58,462 INFO c.h.h.t.HelmChartContainer - [hivemq-test-hivemq-platform] [hivemq-platform-operator] [72709f6d] 17:05:58.459 [ReconcilerExecutor-hivemq-controller-77] DEBUG c.h.p.o.HiveMQPlatformReconciler - [helmcust] Custom Resource Status STARTING - HiveMQ Platform is starting (READY)
2025-01-29 17:05:58,462 INFO c.h.h.t.HelmChartContainer - [hivemq-test-hivemq-platform] [hivemq-platform-operator] [72709f6d] 17:05:58.459 [ReconcilerExecutor-hivemq-controller-77] DEBUG c.h.p.o.HiveMQPlatformReconciler - [helmcust] Custom Resource Spec (replicas: 1) (extensions: 1)
2025-01-29 17:05:58,467 INFO c.h.h.t.HelmChartContainer - [hivemq-test-hivemq-platform] [hivemq-platform-operator] [72709f6d] 17:05:58.466 [ReconcilerExecutor-hivemq-controller-77] DEBUG c.h.p.o.HiveMQPlatformReconciler - [helmcust] StatefulSet Status (revision: test-hivemq-platform-796ccc778, replicas: 1, available: 0, ready: 0, current: 1, updated: 1)
2025-01-29 17:05:58,468 INFO c.h.h.t.HelmChartContainer - [hivemq-test-hivemq-platform] [hivemq-platform-operator] [72709f6d] 17:05:58.466 [ReconcilerExecutor-hivemq-controller-77] DEBUG c.h.p.o.HiveMQPlatformReconciler - [helmcust] StatefulSet Spec (replicas: 1, init containers: 1, containers: 1, volumes: 3)
2025-01-29 17:05:58,474 INFO c.h.h.t.HelmChartContainer - [hivemq-test-hivemq-platform] [hivemq-platform-operator] [72709f6d] 17:05:58.470 [ReconcilerExecutor-hivemq-controller-77] DEBUG c.h.p.o.h.HiveMQPlatformReconcilerErrorHandler - [helmcust] Pod 'test-hivemq-platform-0' phase Pending
2025-01-29 17:05:58,475 INFO c.h.h.t.HelmChartContainer - [hivemq-test-hivemq-platform] [hivemq-platform-operator] [72709f6d] 17:05:58.470 [ReconcilerExecutor-hivemq-controller-77] DEBUG c.h.p.o.h.HiveMQPlatformReconcilerErrorHandler - [helmcust] Pod 'test-hivemq-platform-0' condition 'PodReadyToStartContainers': False
2025-01-29 17:05:58,475 INFO c.h.h.t.HelmChartContainer - [hivemq-test-hivemq-platform] [hivemq-platform-operator] [72709f6d] 17:05:58.470 [ReconcilerExecutor-hivemq-controller-77] DEBUG c.h.p.o.h.HiveMQPlatformReconcilerErrorHandler - [helmcust] Pod 'test-hivemq-platform-0' condition 'Initialized': False
2025-01-29 17:05:58,475 INFO c.h.h.t.HelmChartContainer - [hivemq-test-hivemq-platform] [hivemq-platform-operator] [72709f6d] 17:05:58.471 [ReconcilerExecutor-hivemq-controller-77] DEBUG c.h.p.o.h.HiveMQPlatformReconcilerErrorHandler - [helmcust] Pod 'test-hivemq-platform-0' condition 'Ready': False
2025-01-29 17:05:58,475 INFO c.h.h.t.HelmChartContainer - [hivemq-test-hivemq-platform] [hivemq-platform-operator] [72709f6d] 17:05:58.471 [ReconcilerExecutor-hivemq-controller-77] DEBUG c.h.p.o.h.HiveMQPlatformReconcilerErrorHandler - [helmcust] Pod 'test-hivemq-platform-0' condition 'ContainersReady': False
2025-01-29 17:05:58,475 INFO c.h.h.t.HelmChartContainer - [hivemq-test-hivemq-platform] [hivemq-platform-operator] [72709f6d] 17:05:58.471 [ReconcilerExecutor-hivemq-controller-77] DEBUG c.h.p.o.h.HiveMQPlatformReconcilerErrorHandler - [helmcust] Pod 'test-hivemq-platform-0' condition 'PodScheduled': True
2025-01-29 17:05:58,475 INFO c.h.h.t.HelmChartContainer - [hivemq-test-hivemq-platform] [hivemq-platform-operator] [72709f6d] 17:05:58.471 [ReconcilerExecutor-hivemq-controller-77] DEBUG c.h.p.o.h.HiveMQPlatformReconcilerErrorHandler - [helmcust] Pod 'test-hivemq-platform-0' containerStatus 'hivemq' (started: false) (ready: false) (waiting: [PodInitializing] null)
2025-01-29 17:05:58,476 INFO c.h.h.t.HelmChartContainer - [hivemq-test-hivemq-platform] [hivemq-platform-operator] [72709f6d] 17:05:58.474 [ReconcilerExecutor-hivemq-controller-77] INFO  c.h.p.o.h.HiveMQPlatformReconcilerBaseHandler - [helmcust] HiveMQ Platform is starting, 0 of 1 replicas are ready
2025-01-29 17:05:58,500 INFO c.h.h.t.HelmChartContainer - [EVENT] Normal [Pulled] Container image "docker.io/hivemq/hivemq-platform-operator-init-test:snapshot" already present on machine [helmcustomextensionit:test-hivemq-platform-0]
2025-01-29 17:05:58,608 INFO c.h.h.t.HelmChartContainer - [EVENT] Normal [Created] Created container: hivemq-platform-operator-init [helmcustomextensionit:test-hivemq-platform-0]
2025-01-29 17:05:58,642 INFO c.h.h.t.HelmChartContainer - [EVENT] Normal [Started] Started container hivemq-platform-operator-init [helmcustomextensionit:test-hivemq-platform-0]
2025-01-29 17:05:58,728 INFO c.h.h.t.HelmChartContainer - [POD] test-hivemq-platform-0 [253b4fe9-6feb-4e62-aa85-4e39f227cfdb] in helmcustomextensionit was MODIFIED
2025-01-29 17:05:58,747 INFO c.h.h.t.HelmChartContainer - [hivemq-test-hivemq-platform] [hivemq-platform-operator] [72709f6d] 17:05:58.743 [pool-6-thread-32] DEBUG c.h.p.o.d.PlatformServiceResource - [helmcust] Desired Platform services (3 services)
2025-01-29 17:05:58,747 INFO c.h.h.t.HelmChartContainer - [hivemq-test-hivemq-platform] [hivemq-platform-operator] [72709f6d] 17:05:58.745 [pool-6-thread-33] DEBUG c.h.p.o.dependants.PodInfoConfigMap - [helmcust] Desired PodInfo ConfigMap (1 extensions) (1 enabled)
2025-01-29 17:05:58,753 INFO c.h.h.t.HelmChartContainer - [hivemq-test-hivemq-platform] [hivemq-platform-operator] [72709f6d] 17:05:58.751 [pool-6-thread-33] DEBUG c.h.p.o.dependants.PodInfoConfigMap - [helmcust] Desired PodInfo ConfigMap (metrics port: 9399) (metrics path: /)
2025-01-29 17:05:58,755 INFO c.h.h.t.HelmChartContainer - [hivemq-test-hivemq-platform] [hivemq-platform-operator] [72709f6d] 17:05:58.752 [pool-6-thread-33] DEBUG c.h.p.o.dependants.PodInfoConfigMap - [helmcust] Desired PodInfo ConfigMap (extension state hash: -1287821691)
2025-01-29 17:05:58,756 INFO c.h.h.t.HelmChartContainer - [hivemq-test-hivemq-platform] [hivemq-platform-operator] [72709f6d] 17:05:58.754 [pool-6-thread-37] DEBUG c.h.p.o.d.PodServiceAccountResource - [helmcust] Desired PodServiceAccountResource (serviceAccountName: hivemq-platform-pod-test-hivemq-platform)
2025-01-29 17:05:58,812 INFO c.h.h.t.HelmChartContainer - [hivemq-test-hivemq-platform] [hivemq-platform-operator] [72709f6d] 17:05:58.811 [pool-6-thread-40] DEBUG c.h.p.o.d.StatefulSetResource - [helmcust] Desired StatefulSet (1 replicas) for status STARTING (READY)
2025-01-29 17:05:58,819 INFO c.h.h.t.HelmChartContainer - [hivemq-test-hivemq-platform] [hivemq-platform-operator] [72709f6d] 17:05:58.816 [ReconcilerExecutor-hivemq-controller-88] INFO  c.h.p.o.HiveMQPlatformReconciler - [helmcust] Reconciling HiveMQ Platform 'test-hivemq-platform' in namespace 'helmcustomextensionit'
2025-01-29 17:05:58,819 INFO c.h.h.t.HelmChartContainer - [hivemq-test-hivemq-platform] [hivemq-platform-operator] [72709f6d] 17:05:58.816 [ReconcilerExecutor-hivemq-controller-88] DEBUG c.h.p.o.HiveMQPlatformReconciler - [helmcust] Custom Resource Status STARTING - HiveMQ Platform is starting (READY)
2025-01-29 17:05:58,819 INFO c.h.h.t.HelmChartContainer - [hivemq-test-hivemq-platform] [hivemq-platform-operator] [72709f6d] 17:05:58.816 [ReconcilerExecutor-hivemq-controller-88] DEBUG c.h.p.o.HiveMQPlatformReconciler - [helmcust] Custom Resource Spec (replicas: 1) (extensions: 1)
2025-01-29 17:05:58,821 INFO c.h.h.t.HelmChartContainer - [hivemq-test-hivemq-platform] [hivemq-platform-operator] [72709f6d] 17:05:58.819 [ReconcilerExecutor-hivemq-controller-88] DEBUG c.h.p.o.HiveMQPlatformReconciler - [helmcust] StatefulSet Status (revision: test-hivemq-platform-796ccc778, replicas: 1, available: 0, ready: 0, current: 1, updated: 1)
2025-01-29 17:05:58,821 INFO c.h.h.t.HelmChartContainer - [hivemq-test-hivemq-platform] [hivemq-platform-operator] [72709f6d] 17:05:58.819 [ReconcilerExecutor-hivemq-controller-88] DEBUG c.h.p.o.HiveMQPlatformReconciler - [helmcust] StatefulSet Spec (replicas: 1, init containers: 1, containers: 1, volumes: 3)
2025-01-29 17:05:58,827 INFO c.h.h.t.HelmChartContainer - [hivemq-test-hivemq-platform] [hivemq-platform-operator] [72709f6d] 17:05:58.825 [ReconcilerExecutor-hivemq-controller-88] DEBUG c.h.p.o.h.HiveMQPlatformReconcilerErrorHandler - [helmcust] Pod 'test-hivemq-platform-0' phase Pending
2025-01-29 17:05:58,828 INFO c.h.h.t.HelmChartContainer - [hivemq-test-hivemq-platform] [hivemq-platform-operator] [72709f6d] 17:05:58.826 [ReconcilerExecutor-hivemq-controller-88] DEBUG c.h.p.o.h.HiveMQPlatformReconcilerErrorHandler - [helmcust] Pod 'test-hivemq-platform-0' condition 'PodReadyToStartContainers': True
2025-01-29 17:05:58,829 INFO c.h.h.t.HelmChartContainer - [hivemq-test-hivemq-platform] [hivemq-platform-operator] [72709f6d] 17:05:58.827 [ReconcilerExecutor-hivemq-controller-88] DEBUG c.h.p.o.h.HiveMQPlatformReconcilerErrorHandler - [helmcust] Pod 'test-hivemq-platform-0' condition 'Initialized': False
2025-01-29 17:05:58,831 INFO c.h.h.t.HelmChartContainer - [hivemq-test-hivemq-platform] [hivemq-platform-operator] [72709f6d] 17:05:58.828 [ReconcilerExecutor-hivemq-controller-88] DEBUG c.h.p.o.h.HiveMQPlatformReconcilerErrorHandler - [helmcust] Pod 'test-hivemq-platform-0' condition 'Ready': False
2025-01-29 17:05:58,831 INFO c.h.h.t.HelmChartContainer - [hivemq-test-hivemq-platform] [hivemq-platform-operator] [72709f6d] 17:05:58.830 [ReconcilerExecutor-hivemq-controller-88] DEBUG c.h.p.o.h.HiveMQPlatformReconcilerErrorHandler - [helmcust] Pod 'test-hivemq-platform-0' condition 'ContainersReady': False
2025-01-29 17:05:58,831 INFO c.h.h.t.HelmChartContainer - [hivemq-test-hivemq-platform] [hivemq-platform-operator] [72709f6d] 17:05:58.830 [ReconcilerExecutor-hivemq-controller-88] DEBUG c.h.p.o.h.HiveMQPlatformReconcilerErrorHandler - [helmcust] Pod 'test-hivemq-platform-0' condition 'PodScheduled': True
2025-01-29 17:05:58,831 INFO c.h.h.t.HelmChartContainer - [hivemq-test-hivemq-platform] [hivemq-platform-operator] [72709f6d] 17:05:58.830 [ReconcilerExecutor-hivemq-controller-88] DEBUG c.h.p.o.h.HiveMQPlatformReconcilerErrorHandler - [helmcust] Pod 'test-hivemq-platform-0' containerStatus 'hivemq' (started: false) (ready: false) (waiting: [PodInitializing] null)
2025-01-29 17:05:58,857 INFO c.h.h.t.HelmChartContainer - [hivemq-test-hivemq-platform] [hivemq-platform-operator] [72709f6d] 17:05:58.856 [ReconcilerExecutor-hivemq-controller-88] INFO  c.h.p.o.h.HiveMQPlatformReconcilerBaseHandler - [helmcust] HiveMQ Platform is starting, 0 of 1 replicas are ready
2025-01-29 17:06:00,720 INFO c.h.h.t.HelmChartContainer - [EVENT] Normal [Pulled] Container image "docker.io/hivemq/hivemq4:4.36.0" already present on machine [helmcustomextensionit:test-hivemq-platform-0]
2025-01-29 17:06:00,720 INFO c.h.h.t.HelmChartContainer - Received Pulled event for container hivemq in pod test-hivemq-platform-0 [253b4fe9-6feb-4e62-aa85-4e39f227cfdb]
2025-01-29 17:06:00,728 INFO c.h.h.t.HelmChartContainer - [POD] test-hivemq-platform-0 [253b4fe9-6feb-4e62-aa85-4e39f227cfdb] in helmcustomextensionit was MODIFIED
2025-01-29 17:06:00,738 INFO c.h.h.t.HelmChartContainer - [hivemq-test-hivemq-platform] [hivemq-platform-operator] [72709f6d] 17:06:00.736 [pool-6-thread-42] DEBUG c.h.p.o.d.PlatformServiceResource - [helmcust] Desired Platform services (3 services)
2025-01-29 17:06:00,738 INFO c.h.h.t.HelmChartContainer - [hivemq-test-hivemq-platform] [hivemq-platform-operator] [72709f6d] 17:06:00.736 [pool-6-thread-43] DEBUG c.h.p.o.dependants.PodInfoConfigMap - [helmcust] Desired PodInfo ConfigMap (1 extensions) (1 enabled)
2025-01-29 17:06:00,738 INFO c.h.h.t.HelmChartContainer - [hivemq-test-hivemq-platform] [hivemq-platform-operator] [72709f6d] 17:06:00.737 [pool-6-thread-43] DEBUG c.h.p.o.dependants.PodInfoConfigMap - [helmcust] Desired PodInfo ConfigMap (metrics port: 9399) (metrics path: /)
2025-01-29 17:06:00,738 INFO c.h.h.t.HelmChartContainer - [hivemq-test-hivemq-platform] [hivemq-platform-operator] [72709f6d] 17:06:00.737 [pool-6-thread-43] DEBUG c.h.p.o.dependants.PodInfoConfigMap - [helmcust] Desired PodInfo ConfigMap (extension state hash: -1287821691)
2025-01-29 17:06:00,741 INFO c.h.h.t.HelmChartContainer - [hivemq-test-hivemq-platform] [hivemq-platform-operator] [72709f6d] 17:06:00.740 [pool-6-thread-47] DEBUG c.h.p.o.d.PodServiceAccountResource - [helmcust] Desired PodServiceAccountResource (serviceAccountName: hivemq-platform-pod-test-hivemq-platform)
2025-01-29 17:06:00,811 INFO c.h.h.t.HelmChartContainer - [hivemq-test-hivemq-platform] [hivemq-platform-operator] [72709f6d] 17:06:00.808 [pool-6-thread-50] DEBUG c.h.p.o.d.StatefulSetResource - [helmcust] Desired StatefulSet (1 replicas) for status STARTING (READY)
2025-01-29 17:06:00,816 INFO c.h.h.t.HelmChartContainer - [hivemq-test-hivemq-platform] [hivemq-platform-operator] [72709f6d] 17:06:00.814 [ReconcilerExecutor-hivemq-controller-99] INFO  c.h.p.o.HiveMQPlatformReconciler - [helmcust] Reconciling HiveMQ Platform 'test-hivemq-platform' in namespace 'helmcustomextensionit'
2025-01-29 17:06:00,816 INFO c.h.h.t.HelmChartContainer - [hivemq-test-hivemq-platform] [hivemq-platform-operator] [72709f6d] 17:06:00.814 [ReconcilerExecutor-hivemq-controller-99] DEBUG c.h.p.o.HiveMQPlatformReconciler - [helmcust] Custom Resource Status STARTING - HiveMQ Platform is starting (READY)
2025-01-29 17:06:00,816 INFO c.h.h.t.HelmChartContainer - [hivemq-test-hivemq-platform] [hivemq-platform-operator] [72709f6d] 17:06:00.814 [ReconcilerExecutor-hivemq-controller-99] DEBUG c.h.p.o.HiveMQPlatformReconciler - [helmcust] Custom Resource Spec (replicas: 1) (extensions: 1)
2025-01-29 17:06:00,818 INFO c.h.h.t.HelmChartContainer - [hivemq-test-hivemq-platform] [hivemq-platform-operator] [72709f6d] 17:06:00.817 [ReconcilerExecutor-hivemq-controller-99] DEBUG c.h.p.o.HiveMQPlatformReconciler - [helmcust] StatefulSet Status (revision: test-hivemq-platform-796ccc778, replicas: 1, available: 0, ready: 0, current: 1, updated: 1)
2025-01-29 17:06:00,818 INFO c.h.h.t.HelmChartContainer - [hivemq-test-hivemq-platform] [hivemq-platform-operator] [72709f6d] 17:06:00.818 [ReconcilerExecutor-hivemq-controller-99] DEBUG c.h.p.o.HiveMQPlatformReconciler - [helmcust] StatefulSet Spec (replicas: 1, init containers: 1, containers: 1, volumes: 3)
2025-01-29 17:06:00,822 INFO c.h.h.t.HelmChartContainer - [hivemq-test-hivemq-platform] [hivemq-platform-operator] [72709f6d] 17:06:00.821 [ReconcilerExecutor-hivemq-controller-99] DEBUG c.h.p.o.h.HiveMQPlatformReconcilerErrorHandler - [helmcust] Pod 'test-hivemq-platform-0' phase Pending
2025-01-29 17:06:00,823 INFO c.h.h.t.HelmChartContainer - [hivemq-test-hivemq-platform] [hivemq-platform-operator] [72709f6d] 17:06:00.822 [ReconcilerExecutor-hivemq-controller-99] DEBUG c.h.p.o.h.HiveMQPlatformReconcilerErrorHandler - [helmcust] Pod 'test-hivemq-platform-0' condition 'PodReadyToStartContainers': True
2025-01-29 17:06:00,823 INFO c.h.h.t.HelmChartContainer - [hivemq-test-hivemq-platform] [hivemq-platform-operator] [72709f6d] 17:06:00.823 [ReconcilerExecutor-hivemq-controller-99] DEBUG c.h.p.o.h.HiveMQPlatformReconcilerErrorHandler - [helmcust] Pod 'test-hivemq-platform-0' condition 'Initialized': True
2025-01-29 17:06:00,823 INFO c.h.h.t.HelmChartContainer - [hivemq-test-hivemq-platform] [hivemq-platform-operator] [72709f6d] 17:06:00.823 [ReconcilerExecutor-hivemq-controller-99] DEBUG c.h.p.o.h.HiveMQPlatformReconcilerErrorHandler - [helmcust] Pod 'test-hivemq-platform-0' condition 'Ready': False
2025-01-29 17:06:00,823 INFO c.h.h.t.HelmChartContainer - [hivemq-test-hivemq-platform] [hivemq-platform-operator] [72709f6d] 17:06:00.823 [ReconcilerExecutor-hivemq-controller-99] DEBUG c.h.p.o.h.HiveMQPlatformReconcilerErrorHandler - [helmcust] Pod 'test-hivemq-platform-0' condition 'ContainersReady': False
2025-01-29 17:06:00,824 INFO c.h.h.t.HelmChartContainer - [hivemq-test-hivemq-platform] [hivemq-platform-operator] [72709f6d] 17:06:00.823 [ReconcilerExecutor-hivemq-controller-99] DEBUG c.h.p.o.h.HiveMQPlatformReconcilerErrorHandler - [helmcust] Pod 'test-hivemq-platform-0' condition 'PodScheduled': True
2025-01-29 17:06:00,824 INFO c.h.h.t.HelmChartContainer - [hivemq-test-hivemq-platform] [hivemq-platform-operator] [72709f6d] 17:06:00.823 [ReconcilerExecutor-hivemq-controller-99] DEBUG c.h.p.o.h.HiveMQPlatformReconcilerErrorHandler - [helmcust] Pod 'test-hivemq-platform-0' containerStatus 'hivemq' (started: false) (ready: false) (waiting: [PodInitializing] null)
2025-01-29 17:06:00,826 INFO c.h.h.t.HelmChartContainer - [hivemq-test-hivemq-platform] [hivemq-platform-operator] [72709f6d] 17:06:00.825 [ReconcilerExecutor-hivemq-controller-99] INFO  c.h.p.o.h.HiveMQPlatformReconcilerBaseHandler - [helmcust] HiveMQ Platform is starting, 0 of 1 replicas are ready
2025-01-29 17:06:01,988 INFO c.h.h.t.HelmChartContainer - [EVENT] Normal [Created] Created container: hivemq [helmcustomextensionit:test-hivemq-platform-0]
2025-01-29 17:06:01,988 INFO c.h.h.t.HelmChartContainer - Received Created event for container hivemq in pod test-hivemq-platform-0 [253b4fe9-6feb-4e62-aa85-4e39f227cfdb]
2025-01-29 17:06:02,732 INFO c.h.h.t.HelmChartContainer - [POD] test-hivemq-platform-0 [253b4fe9-6feb-4e62-aa85-4e39f227cfdb] in helmcustomextensionit was MODIFIED
2025-01-29 17:06:02,740 INFO c.h.h.t.HelmChartContainer - [EVENT] Normal [Started] Started container hivemq [helmcustomextensionit:test-hivemq-platform-0]
2025-01-29 17:06:02,740 INFO c.h.h.t.HelmChartContainer - Received Started event for container hivemq in pod test-hivemq-platform-0 [253b4fe9-6feb-4e62-aa85-4e39f227cfdb]
2025-01-29 17:06:02,739 INFO c.h.h.t.HelmChartContainer - Started log watcher for hivemq in pod test-hivemq-platform-0 [253b4fe9-6feb-4e62-aa85-4e39f227cfdb]
2025-01-29 17:06:02,740 INFO c.h.h.t.HelmChartContainer - [test-hivemq-platform] [hivemq] [253b4fe9] Adding pre-installed HiveMQ Platform Operator extensions
2025-01-29 17:06:02,740 INFO c.h.h.t.HelmChartContainer - [test-hivemq-platform] [hivemq] [253b4fe9] Running as user 10000
2025-01-29 17:06:02,740 INFO c.h.h.t.HelmChartContainer - [test-hivemq-platform] [hivemq] [253b4fe9] Starting HiveMQ Platform Operator Init
2025-01-29 17:06:02,746 INFO c.h.h.t.HelmChartContainer - [hivemq-test-hivemq-platform] [hivemq-platform-operator] [72709f6d] 17:06:02.742 [pool-6-thread-8] DEBUG c.h.p.o.d.PlatformServiceResource - [helmcust] Desired Platform services (3 services)
2025-01-29 17:06:02,753 INFO c.h.h.t.HelmChartContainer - [hivemq-test-hivemq-platform] [hivemq-platform-operator] [72709f6d] 17:06:02.747 [pool-6-thread-9] DEBUG c.h.p.o.dependants.PodInfoConfigMap - [helmcust] Desired PodInfo ConfigMap (1 extensions) (1 enabled)
2025-01-29 17:06:02,755 INFO c.h.h.t.HelmChartContainer - [hivemq-test-hivemq-platform] [hivemq-platform-operator] [72709f6d] 17:06:02.747 [pool-6-thread-9] DEBUG c.h.p.o.dependants.PodInfoConfigMap - [helmcust] Desired PodInfo ConfigMap (metrics port: 9399) (metrics path: /)
2025-01-29 17:06:02,755 INFO c.h.h.t.HelmChartContainer - [hivemq-test-hivemq-platform] [hivemq-platform-operator] [72709f6d] 17:06:02.747 [pool-6-thread-9] DEBUG c.h.p.o.dependants.PodInfoConfigMap - [helmcust] Desired PodInfo ConfigMap (extension state hash: -1287821691)
2025-01-29 17:06:02,755 INFO c.h.h.t.HelmChartContainer - [hivemq-test-hivemq-platform] [hivemq-platform-operator] [72709f6d] 17:06:02.749 [pool-6-thread-6] DEBUG c.h.p.o.d.PodServiceAccountResource - [helmcust] Desired PodServiceAccountResource (serviceAccountName: hivemq-platform-pod-test-hivemq-platform)
2025-01-29 17:06:02,757 INFO c.h.h.t.HelmChartContainer - [hivemq-test-hivemq-platform] [hivemq-platform-operator] [72709f6d] 17:06:02.756 [pool-6-thread-8] DEBUG c.h.p.o.d.StatefulSetResource - [helmcust] Desired StatefulSet (1 replicas) for status STARTING (READY)
2025-01-29 17:06:02,818 INFO c.h.h.t.HelmChartContainer - [hivemq-test-hivemq-platform] [hivemq-platform-operator] [72709f6d] 17:06:02.814 [ReconcilerExecutor-hivemq-controller-110] INFO  c.h.p.o.HiveMQPlatformReconciler - [helmcust] Reconciling HiveMQ Platform 'test-hivemq-platform' in namespace 'helmcustomextensionit'
2025-01-29 17:06:02,818 INFO c.h.h.t.HelmChartContainer - [hivemq-test-hivemq-platform] [hivemq-platform-operator] [72709f6d] 17:06:02.814 [ReconcilerExecutor-hivemq-controller-110] DEBUG c.h.p.o.HiveMQPlatformReconciler - [helmcust] Custom Resource Status STARTING - HiveMQ Platform is starting (READY)
2025-01-29 17:06:02,818 INFO c.h.h.t.HelmChartContainer - [hivemq-test-hivemq-platform] [hivemq-platform-operator] [72709f6d] 17:06:02.814 [ReconcilerExecutor-hivemq-controller-110] DEBUG c.h.p.o.HiveMQPlatformReconciler - [helmcust] Custom Resource Spec (replicas: 1) (extensions: 1)
2025-01-29 17:06:02,819 INFO c.h.h.t.HelmChartContainer - [hivemq-test-hivemq-platform] [hivemq-platform-operator] [72709f6d] 17:06:02.818 [ReconcilerExecutor-hivemq-controller-110] DEBUG c.h.p.o.HiveMQPlatformReconciler - [helmcust] StatefulSet Status (revision: test-hivemq-platform-796ccc778, replicas: 1, available: 0, ready: 0, current: 1, updated: 1)
2025-01-29 17:06:02,819 INFO c.h.h.t.HelmChartContainer - [hivemq-test-hivemq-platform] [hivemq-platform-operator] [72709f6d] 17:06:02.818 [ReconcilerExecutor-hivemq-controller-110] DEBUG c.h.p.o.HiveMQPlatformReconciler - [helmcust] StatefulSet Spec (replicas: 1, init containers: 1, containers: 1, volumes: 3)
2025-01-29 17:06:02,823 INFO c.h.h.t.HelmChartContainer - [hivemq-test-hivemq-platform] [hivemq-platform-operator] [72709f6d] 17:06:02.822 [ReconcilerExecutor-hivemq-controller-110] DEBUG c.h.p.o.h.HiveMQPlatformReconcilerErrorHandler - [helmcust] Pod 'test-hivemq-platform-0' phase Running
2025-01-29 17:06:02,824 INFO c.h.h.t.HelmChartContainer - [hivemq-test-hivemq-platform] [hivemq-platform-operator] [72709f6d] 17:06:02.823 [ReconcilerExecutor-hivemq-controller-110] INFO  c.h.p.o.h.HiveMQPlatformReconcilerBaseHandler - [helmcust] HiveMQ Platform is starting, 0 of 1 replicas are ready
2025-01-29 17:06:03,308 INFO c.h.h.t.HelmChartContainer - [test-hivemq-platform] [hivemq] [253b4fe9] INFO  - [HiveMQ Platform Operator Init 1.7.0-SNAPSHOT] HiveMQ Platform Operator Init 1.7.0-SNAPSHOT (commit: 8465ebf on branch: HEAD) built on Wed Jan 29 16:56:31 UTC 2025
2025-01-29 17:06:04,407 INFO c.h.h.t.HelmChartContainer - [test-hivemq-platform] [hivemq] [253b4fe9] INFO  - [HiveMQ Platform Operator Init App 1.7.0-SNAPSHOT] Using bind address 10.42.0.13 from environment variable
2025-01-29 17:06:05,318 INFO c.h.h.t.HelmChartContainer - [test-hivemq-platform] [hivemq] [253b4fe9] INFO  - [HiveMQ Platform Operator Init App 1.7.0-SNAPSHOT] HiveMQ Platform Operator Init App 1.7.0-SNAPSHOT (commit: 8465ebf on branch: HEAD) built on Wed Jan 29 16:56:31 UTC 2025
2025-01-29 17:06:05,319 INFO c.h.h.t.HelmChartContainer - [test-hivemq-platform] [hivemq] [253b4fe9] INFO  - [HiveMQ Platform Operator Init App 1.7.0-SNAPSHOT] PodInfo ConfigMap directory: /etc/podinfo
2025-01-29 17:06:05,319 INFO c.h.h.t.HelmChartContainer - [test-hivemq-platform] [hivemq] [253b4fe9] INFO  - [HiveMQ Platform Operator Init App 1.7.0-SNAPSHOT] HiveMQ home directory: /opt/hivemq
2025-01-29 17:06:05,319 INFO c.h.h.t.HelmChartContainer - [test-hivemq-platform] [hivemq] [253b4fe9] INFO  - [HiveMQ Platform Operator Init App 1.7.0-SNAPSHOT] HiveMQ Logback folder: /opt/hivemq/conf
2025-01-29 17:06:05,319 INFO c.h.h.t.HelmChartContainer - [test-hivemq-platform] [hivemq] [253b4fe9] INFO  - [HiveMQ Platform Operator Init App 1.7.0-SNAPSHOT] HiveMQ Config folder: /opt/hivemq/conf-k8s
2025-01-29 17:06:05,319 INFO c.h.h.t.HelmChartContainer - [test-hivemq-platform] [hivemq] [253b4fe9] INFO  - [HiveMQ Platform Operator Init App 1.7.0-SNAPSHOT] Starting HiveMQ Platform Operator Init App
2025-01-29 17:06:05,320 INFO c.h.h.t.HelmChartContainer - [test-hivemq-platform] [hivemq] [253b4fe9] INFO  - [HiveMQ Platform Operator Init App 1.7.0-SNAPSHOT] Starting Pod reconciler
2025-01-29 17:06:06,572 INFO c.h.h.t.HelmChartContainer - [test-hivemq-platform] [hivemq] [253b4fe9] INFO  - [HiveMQ Platform Operator Init App 1.7.0-SNAPSHOT] Pod reconciler is scheduled (interval: 5000 ms)
2025-01-29 17:06:06,607 INFO c.h.h.t.HelmChartContainer - [test-hivemq-platform] [hivemq] [253b4fe9] INFO  - [HiveMQ Platform Operator Init App 1.7.0-SNAPSHOT] Starting the REST API on 10.42.0.13:7979
2025-01-29 17:06:06,609 INFO c.h.h.t.HelmChartContainer - [test-hivemq-platform] [hivemq] [253b4fe9] INFO  - [HiveMQ Platform Operator Init App 1.7.0-SNAPSHOT] Waiting up to 600s for at most 1 HiveMQ nodes in cluster service hivemq-test-hivemq-platform-cluster.helmcustomextensionit.svc
2025-01-29 17:06:06,925 INFO c.h.h.t.HelmChartContainer - [test-hivemq-platform] [hivemq] [253b4fe9] INFO  - [HiveMQ Platform Operator Init App 1.7.0-SNAPSHOT] Resolved 1 IP addresses: [10.42.0.13]
2025-01-29 17:06:06,925 INFO c.h.h.t.HelmChartContainer - [test-hivemq-platform] [hivemq] [253b4fe9] INFO  - [HiveMQ Platform Operator Init App 1.7.0-SNAPSHOT] HiveMQ node count of 1 is within threshold of 1
2025-01-29 17:06:06,925 INFO c.h.h.t.HelmChartContainer - [test-hivemq-platform] [hivemq] [253b4fe9] INFO  - [HiveMQ Platform Operator Init App 1.7.0-SNAPSHOT] Proceeding with container start
2025-01-29 17:06:07,022 INFO c.h.h.t.HelmChartContainer - [test-hivemq-platform] [hivemq] [253b4fe9] INFO  - [HiveMQ Platform Operator Init App 1.7.0-SNAPSHOT] Initializing HiveMQ Platform extensions with initial configuration: {hivemq-custom-test-extension={start-priority=-1, skip-https-hostname-verification=true, restart=true, config-version=0, header-version=0, c-uri=, priority=-1, uri=https://nginx-service/hivemq-custom-test-extension-3.0.0.zip, skip-https-certificate-validation=true, enabled=true}, hivemq-prometheus-extension={start-priority=-1, c-uri=, skip-https-hostname-verification=false, skip-https-certificate-validation=false, uri=preinstalled, request-header-path=no-request-headers, enabled=true, restart=true, priority=-1}}
2025-01-29 17:06:07,023 INFO c.h.h.t.HelmChartContainer - [test-hivemq-platform] [hivemq] [253b4fe9] INFO  - [HiveMQ Platform Operator Init App 1.7.0-SNAPSHOT] Installing custom extension hivemq-custom-test-extension from URL https://nginx-service/hivemq-custom-test-extension-3.0.0.zip
2025-01-29 17:06:07,025 INFO c.h.h.t.HelmChartContainer - [test-hivemq-platform] [hivemq] [253b4fe9] INFO  - [HiveMQ Platform Operator Init App 1.7.0-SNAPSHOT] Downloading custom extension hivemq-custom-test-extension into '/tmp/hivemq-custom-test-extension1937846095852409165/extension.zip'
2025-01-29 17:06:07,769 INFO c.h.h.t.HelmChartContainer - [nginx-76c686bdbf-fcz] [nginx] [eeeb19a0] 10.42.0.13 - - [29/Jan/2025:17:06:07 +0000] "GET /hivemq-custom-test-extension-3.0.0.zip HTTP/1.1" 200 11637 "-" "Java-http-client/21.0.5" "-"
2025-01-29 17:06:07,869 INFO c.h.h.t.HelmChartContainer - [test-hivemq-platform] [hivemq] [253b4fe9] INFO  - [HiveMQ Platform Operator Init App 1.7.0-SNAPSHOT] Copy extension from '/tmp/hivemq-custom-test-extension1937846095852409165/hivemq-custom-test-extension' to '/opt/hivemq/extensions/hivemq-custom-test-extension'
2025-01-29 17:06:07,871 INFO c.h.h.t.HelmChartContainer - [test-hivemq-platform] [hivemq] [253b4fe9] INFO  - [HiveMQ Platform Operator Init App 1.7.0-SNAPSHOT] Found hivemq-extension.xml in folder '/tmp/hivemq-custom-test-extension1937846095852409165/hivemq-custom-test-extension/hivemq-custom-test-extension'
2025-01-29 17:06:08,425 INFO c.h.h.t.HelmChartContainer - [test-hivemq-platform] [hivemq] [253b4fe9] INFO  - [HiveMQ Platform Operator Init App 1.7.0-SNAPSHOT] Extension hivemq-custom-test-extension was already enabled
2025-01-29 17:06:08,518 INFO c.h.h.t.HelmChartContainer - [test-hivemq-platform] [hivemq] [253b4fe9] INFO  - [HiveMQ Platform Operator Init App 1.7.0-SNAPSHOT] Successfully enabled extension hivemq-prometheus-extension
2025-01-29 17:06:08,519 INFO c.h.h.t.HelmChartContainer - [test-hivemq-platform] [hivemq] [253b4fe9] INFO  - [HiveMQ Platform Operator Init App 1.7.0-SNAPSHOT] Starting HiveMQ Platform version 4.36.0 (4.36.0)
2025-01-29 17:06:08,520 INFO c.h.h.t.HelmChartContainer - [test-hivemq-platform] [hivemq] [253b4fe9] INFO  - [HiveMQ Platform Operator Init App 1.7.0-SNAPSHOT] Configuring the HiveMQ Platform
2025-01-29 17:06:08,573 INFO c.h.h.t.HelmChartContainer - [test-hivemq-platform] [hivemq] [253b4fe9] INFO  - [HiveMQ Platform Operator Init App 1.7.0-SNAPSHOT] Changed logback.xml file scan period to 20 seconds
2025-01-29 17:06:08,620 INFO c.h.h.t.HelmChartContainer - [test-hivemq-platform] [hivemq] [253b4fe9] INFO  - [HiveMQ Platform Operator Init App 1.7.0-SNAPSHOT] Starting the HiveMQ Platform
2025-01-29 17:06:08,670 INFO c.h.h.t.HelmChartContainer - [test-hivemq-platform] [hivemq] [253b4fe9] -------------------------------------------------------------------------
2025-01-29 17:06:08,670 INFO c.h.h.t.HelmChartContainer - [test-hivemq-platform] [hivemq] [253b4fe9] 
2025-01-29 17:06:08,670 INFO c.h.h.t.HelmChartContainer - [test-hivemq-platform] [hivemq] [253b4fe9]                   _    _  _              __  __   ____
2025-01-29 17:06:08,670 INFO c.h.h.t.HelmChartContainer - [test-hivemq-platform] [hivemq] [253b4fe9]                  | |  | |(_)            |  \/  | / __ \
2025-01-29 17:06:08,670 INFO c.h.h.t.HelmChartContainer - [test-hivemq-platform] [hivemq] [253b4fe9]                  | |__| | _ __   __ ___ | \  / || |  | |
2025-01-29 17:06:08,670 INFO c.h.h.t.HelmChartContainer - [test-hivemq-platform] [hivemq] [253b4fe9]                  |  __  || |\ \ / // _ \| |\/| || |  | |
2025-01-29 17:06:08,670 INFO c.h.h.t.HelmChartContainer - [test-hivemq-platform] [hivemq] [253b4fe9]                  | |  | || | \ V /|  __/| |  | || |__| |
2025-01-29 17:06:08,670 INFO c.h.h.t.HelmChartContainer - [test-hivemq-platform] [hivemq] [253b4fe9]                  |_|  |_||_|  \_/  \___||_|  |_| \___\_\
2025-01-29 17:06:08,670 INFO c.h.h.t.HelmChartContainer - [test-hivemq-platform] [hivemq] [253b4fe9] 
2025-01-29 17:06:08,670 INFO c.h.h.t.HelmChartContainer - [test-hivemq-platform] [hivemq] [253b4fe9] -------------------------------------------------------------------------
2025-01-29 17:06:08,670 INFO c.h.h.t.HelmChartContainer - [test-hivemq-platform] [hivemq] [253b4fe9] 
2025-01-29 17:06:08,670 INFO c.h.h.t.HelmChartContainer - [test-hivemq-platform] [hivemq] [253b4fe9]   HiveMQ Start Script for Linux/Unix v1.14
2025-01-29 17:06:08,670 INFO c.h.h.t.HelmChartContainer - [test-hivemq-platform] [hivemq] [253b4fe9] 
2025-01-29 17:06:08,811 INFO c.h.h.t.HelmChartContainer - [test-hivemq-platform] [hivemq] [253b4fe9] INFO  - [HiveMQ Platform Operator Init App 1.7.0-SNAPSHOT] Returning default Health API response 503 for readiness
2025-01-29 17:06:08,867 INFO c.h.h.t.HelmChartContainer - [test-hivemq-platform] [hivemq] [253b4fe9] -------------------------------------------------------------------------
2025-01-29 17:06:08,867 INFO c.h.h.t.HelmChartContainer - [test-hivemq-platform] [hivemq] [253b4fe9] 
2025-01-29 17:06:08,867 INFO c.h.h.t.HelmChartContainer - [test-hivemq-platform] [hivemq] [253b4fe9]   HIVEMQ_HOME: /opt/hivemq
2025-01-29 17:06:08,867 INFO c.h.h.t.HelmChartContainer - [test-hivemq-platform] [hivemq] [253b4fe9] 
2025-01-29 17:06:08,867 INFO c.h.h.t.HelmChartContainer - [test-hivemq-platform] [hivemq] [253b4fe9]   JAVA_OPTS: -XX:+UnlockExperimentalVMOptions -XX:InitialRAMPercentage=50 -XX:MaxRAMPercentage=50 -Djava.net.preferIPv4Stack=true --add-opens java.base/java.lang=ALL-UNNAMED --add-opens java.base/java.nio=ALL-UNNAMED --add-opens java.base/sun.nio.ch=ALL-UNNAMED --add-opens jdk.management/com.sun.management.internal=ALL-UNNAMED --add-exports java.base/jdk.internal.misc=ALL-UNNAMED -Djava.security.egd=file:/dev/./urandom -Dcom.sun.management.jmxremote -Dcom.sun.management.jmxremote.port=9010 -Dcom.sun.management.jmxremote.local.only=false -Dcom.sun.management.jmxremote.authenticate=false -Dcom.sun.management.jmxremote.ssl=false -Duser.language=en -Duser.region=US -XX:+CrashOnOutOfMemoryError -XX:+HeapDumpOnOutOfMemoryError
2025-01-29 17:06:08,867 INFO c.h.h.t.HelmChartContainer - [test-hivemq-platform] [hivemq] [253b4fe9] 
2025-01-29 17:06:08,867 INFO c.h.h.t.HelmChartContainer - [test-hivemq-platform] [hivemq] [253b4fe9]   JAVA_VERSION: 21
2025-01-29 17:06:08,867 INFO c.h.h.t.HelmChartContainer - [test-hivemq-platform] [hivemq] [253b4fe9] 
2025-01-29 17:06:08,867 INFO c.h.h.t.HelmChartContainer - [test-hivemq-platform] [hivemq] [253b4fe9] -------------------------------------------------------------------------
2025-01-29 17:06:08,867 INFO c.h.h.t.HelmChartContainer - [test-hivemq-platform] [hivemq] [253b4fe9] 
2025-01-29 17:06:09,012 INFO c.h.h.t.HelmChartContainer - [nginx-76c686bdbf-fcz] [nginx] [eeeb19a0] 2025/01/29 17:06:09 [info] 22#22: *1 client 10.42.0.13 closed keepalive connection
2025-01-29 17:06:09,273 INFO c.h.h.t.HelmChartContainer - [EVENT] Warning [Unhealthy] Readiness probe failed: HTTP probe failed with statuscode: 503 [helmcustomextensionit:test-hivemq-platform-0]
2025-01-29 17:06:09,273 INFO c.h.h.t.HelmChartContainer - Received Unhealthy event for container hivemq in pod test-hivemq-platform-0 [253b4fe9-6feb-4e62-aa85-4e39f227cfdb]
2025-01-29 17:06:11,670 INFO c.h.h.t.HelmChartContainer - [test-hivemq-platform] [hivemq] [253b4fe9] INFO  - Starting HiveMQ Enterprise Server
2025-01-29 17:06:11,715 INFO c.h.h.t.HelmChartContainer - [test-hivemq-platform] [hivemq] [253b4fe9] INFO  - HiveMQ version: 4.36.0
2025-01-29 17:06:11,716 INFO c.h.h.t.HelmChartContainer - [test-hivemq-platform] [hivemq] [253b4fe9] INFO  - HiveMQ home directory: /opt/hivemq
2025-01-29 17:06:11,716 INFO c.h.h.t.HelmChartContainer - [test-hivemq-platform] [hivemq] [253b4fe9] INFO  - Log Configuration was overridden by /opt/hivemq/conf/logback.xml
2025-01-29 17:06:12,828 INFO c.h.h.t.HelmChartContainer - [hivemq-test-hivemq-platform] [hivemq-platform-operator] [72709f6d] 17:06:12.826 [pool-6-thread-11] DEBUG c.h.p.o.d.PlatformServiceResource - [helmcust] Desired Platform services (3 services)
2025-01-29 17:06:12,828 INFO c.h.h.t.HelmChartContainer - [hivemq-test-hivemq-platform] [hivemq-platform-operator] [72709f6d] 17:06:12.827 [pool-6-thread-16] DEBUG c.h.p.o.dependants.PodInfoConfigMap - [helmcust] Desired PodInfo ConfigMap (1 extensions) (1 enabled)
2025-01-29 17:06:12,828 INFO c.h.h.t.HelmChartContainer - [hivemq-test-hivemq-platform] [hivemq-platform-operator] [72709f6d] 17:06:12.827 [pool-6-thread-16] DEBUG c.h.p.o.dependants.PodInfoConfigMap - [helmcust] Desired PodInfo ConfigMap (metrics port: 9399) (metrics path: /)
2025-01-29 17:06:12,828 INFO c.h.h.t.HelmChartContainer - [hivemq-test-hivemq-platform] [hivemq-platform-operator] [72709f6d] 17:06:12.827 [pool-6-thread-16] DEBUG c.h.p.o.dependants.PodInfoConfigMap - [helmcust] Desired PodInfo ConfigMap (extension state hash: -1287821691)
2025-01-29 17:06:12,828 INFO c.h.h.t.HelmChartContainer - [hivemq-test-hivemq-platform] [hivemq-platform-operator] [72709f6d] 17:06:12.827 [pool-6-thread-14] DEBUG c.h.p.o.d.PodServiceAccountResource - [helmcust] Desired PodServiceAccountResource (serviceAccountName: hivemq-platform-pod-test-hivemq-platform)
2025-01-29 17:06:12,833 INFO c.h.h.t.HelmChartContainer - [hivemq-test-hivemq-platform] [hivemq-platform-operator] [72709f6d] 17:06:12.832 [pool-6-thread-20] DEBUG c.h.p.o.d.StatefulSetResource - [helmcust] Desired StatefulSet (1 replicas) for status STARTING (READY)
2025-01-29 17:06:12,839 INFO c.h.h.t.HelmChartContainer - [hivemq-test-hivemq-platform] [hivemq-platform-operator] [72709f6d] 17:06:12.835 [ReconcilerExecutor-hivemq-controller-111] INFO  c.h.p.o.HiveMQPlatformReconciler - [helmcust] Reconciling HiveMQ Platform 'test-hivemq-platform' in namespace 'helmcustomextensionit'
2025-01-29 17:06:12,839 INFO c.h.h.t.HelmChartContainer - [hivemq-test-hivemq-platform] [hivemq-platform-operator] [72709f6d] 17:06:12.836 [ReconcilerExecutor-hivemq-controller-111] DEBUG c.h.p.o.HiveMQPlatformReconciler - [helmcust] Custom Resource Status STARTING - HiveMQ Platform is starting (READY)
2025-01-29 17:06:12,839 INFO c.h.h.t.HelmChartContainer - [hivemq-test-hivemq-platform] [hivemq-platform-operator] [72709f6d] 17:06:12.836 [ReconcilerExecutor-hivemq-controller-111] DEBUG c.h.p.o.HiveMQPlatformReconciler - [helmcust] Custom Resource Spec (replicas: 1) (extensions: 1)
2025-01-29 17:06:12,839 INFO c.h.h.t.HelmChartContainer - [hivemq-test-hivemq-platform] [hivemq-platform-operator] [72709f6d] 17:06:12.837 [ReconcilerExecutor-hivemq-controller-111] DEBUG c.h.p.o.HiveMQPlatformReconciler - [helmcust] StatefulSet Status (revision: test-hivemq-platform-796ccc778, replicas: 1, available: 0, ready: 0, current: 1, updated: 1)
2025-01-29 17:06:12,839 INFO c.h.h.t.HelmChartContainer - [hivemq-test-hivemq-platform] [hivemq-platform-operator] [72709f6d] 17:06:12.837 [ReconcilerExecutor-hivemq-controller-111] DEBUG c.h.p.o.HiveMQPlatformReconciler - [helmcust] StatefulSet Spec (replicas: 1, init containers: 1, containers: 1, volumes: 3)
2025-01-29 17:06:12,840 INFO c.h.h.t.HelmChartContainer - [hivemq-test-hivemq-platform] [hivemq-platform-operator] [72709f6d] 17:06:12.839 [ReconcilerExecutor-hivemq-controller-111] DEBUG c.h.p.o.h.HiveMQPlatformReconcilerErrorHandler - [helmcust] Pod 'test-hivemq-platform-0' phase Running
2025-01-29 17:06:12,842 INFO c.h.h.t.HelmChartContainer - [hivemq-test-hivemq-platform] [hivemq-platform-operator] [72709f6d] 17:06:12.840 [ReconcilerExecutor-hivemq-controller-111] INFO  c.h.p.o.h.HiveMQPlatformReconcilerBaseHandler - [helmcust] HiveMQ Platform is starting, 0 of 1 replicas are ready
2025-01-29 17:06:13,811 INFO c.h.h.t.HelmChartContainer - [test-hivemq-platform] [hivemq] [253b4fe9] WARN  - [HiveMQ Platform Operator Init App 1.7.0-SNAPSHOT] Cannot connect to Health API for readiness: null
2025-01-29 17:06:13,818 INFO c.h.h.t.HelmChartContainer - [EVENT] Warning [Unhealthy] Readiness probe failed: HTTP probe failed with statuscode: 503 [helmcustomextensionit:test-hivemq-platform-0]
2025-01-29 17:06:13,818 INFO c.h.h.t.HelmChartContainer - Received Unhealthy event for container hivemq in pod test-hivemq-platform-0 [253b4fe9-6feb-4e62-aa85-4e39f227cfdb]
2025-01-29 17:06:14,709 INFO c.h.h.t.HelmChartContainer - [test-hivemq-platform] [hivemq] [253b4fe9] INFO  - Successfully loaded configuration from '/opt/hivemq/conf-k8s/config.xml'.
2025-01-29 17:06:15,518 INFO c.h.h.t.HelmChartContainer - [test-hivemq-platform] [hivemq] [253b4fe9] INFO  - This node's ID is F7reM
2025-01-29 17:06:15,519 INFO c.h.h.t.HelmChartContainer - [test-hivemq-platform] [hivemq] [253b4fe9] INFO  - Clustering is enabled
2025-01-29 17:06:15,815 INFO c.h.h.t.HelmChartContainer - [test-hivemq-platform] [hivemq] [253b4fe9] Jan 29, 2025 5:06:15 PM io.vertx.core.impl.BlockedThreadChecker
2025-01-29 17:06:15,817 INFO c.h.h.t.HelmChartContainer - [test-hivemq-platform] [hivemq] [253b4fe9] WARNING: Thread Thread[vert.x-eventloop-thread-1,5,main] has been blocked for 2590 ms, time limit is 2000 ms
2025-01-29 17:06:16,309 INFO c.h.h.t.HelmChartContainer - [test-hivemq-platform] [hivemq] [253b4fe9] INFO  - [HiveMQ Platform Operator Init App 1.7.0-SNAPSHOT] Updating Pod HiveMQ Platform Operator Init App version annotation (version: 1.7.0-SNAPSHOT)
2025-01-29 17:06:17,022 INFO c.h.h.t.HelmChartContainer - [POD] test-hivemq-platform-0 [253b4fe9-6feb-4e62-aa85-4e39f227cfdb] in helmcustomextensionit was MODIFIED
2025-01-29 17:06:17,030 INFO c.h.h.t.HelmChartContainer - [hivemq-test-hivemq-platform] [hivemq-platform-operator] [72709f6d] 17:06:17.028 [pool-6-thread-27] DEBUG c.h.p.o.d.PlatformServiceResource - [helmcust] Desired Platform services (3 services)
2025-01-29 17:06:17,032 INFO c.h.h.t.HelmChartContainer - [hivemq-test-hivemq-platform] [hivemq-platform-operator] [72709f6d] 17:06:17.028 [pool-6-thread-26] DEBUG c.h.p.o.dependants.PodInfoConfigMap - [helmcust] Desired PodInfo ConfigMap (1 extensions) (1 enabled)
2025-01-29 17:06:17,032 INFO c.h.h.t.HelmChartContainer - [hivemq-test-hivemq-platform] [hivemq-platform-operator] [72709f6d] 17:06:17.031 [pool-6-thread-26] DEBUG c.h.p.o.dependants.PodInfoConfigMap - [helmcust] Desired PodInfo ConfigMap (metrics port: 9399) (metrics path: /)
2025-01-29 17:06:17,033 INFO c.h.h.t.HelmChartContainer - [hivemq-test-hivemq-platform] [hivemq-platform-operator] [72709f6d] 17:06:17.031 [pool-6-thread-26] DEBUG c.h.p.o.dependants.PodInfoConfigMap - [helmcust] Desired PodInfo ConfigMap (extension state hash: -1287821691)
2025-01-29 17:06:17,034 INFO c.h.h.t.HelmChartContainer - [hivemq-test-hivemq-platform] [hivemq-platform-operator] [72709f6d] 17:06:17.029 [pool-6-thread-23] DEBUG c.h.p.o.d.PodServiceAccountResource - [helmcust] Desired PodServiceAccountResource (serviceAccountName: hivemq-platform-pod-test-hivemq-platform)
2025-01-29 17:06:17,037 INFO c.h.h.t.HelmChartContainer - [hivemq-test-hivemq-platform] [hivemq-platform-operator] [72709f6d] 17:06:17.036 [pool-6-thread-27] DEBUG c.h.p.o.d.StatefulSetResource - [helmcust] Desired StatefulSet (1 replicas) for status STARTING (READY)
2025-01-29 17:06:17,113 INFO c.h.h.t.HelmChartContainer - [hivemq-test-hivemq-platform] [hivemq-platform-operator] [72709f6d] 17:06:17.108 [ReconcilerExecutor-hivemq-controller-112] INFO  c.h.p.o.HiveMQPlatformReconciler - [helmcust] Reconciling HiveMQ Platform 'test-hivemq-platform' in namespace 'helmcustomextensionit'
2025-01-29 17:06:17,115 INFO c.h.h.t.HelmChartContainer - [hivemq-test-hivemq-platform] [hivemq-platform-operator] [72709f6d] 17:06:17.109 [ReconcilerExecutor-hivemq-controller-112] DEBUG c.h.p.o.HiveMQPlatformReconciler - [helmcust] Custom Resource Status STARTING - HiveMQ Platform is starting (READY)
2025-01-29 17:06:17,116 INFO c.h.h.t.HelmChartContainer - [hivemq-test-hivemq-platform] [hivemq-platform-operator] [72709f6d] 17:06:17.114 [ReconcilerExecutor-hivemq-controller-112] DEBUG c.h.p.o.HiveMQPlatformReconciler - [helmcust] Custom Resource Spec (replicas: 1) (extensions: 1)
2025-01-29 17:06:17,116 INFO c.h.h.t.HelmChartContainer - [test-hivemq-platform] [hivemq] [253b4fe9] WARN  - [HiveMQ Platform Operator Init App 1.7.0-SNAPSHOT] Cannot connect to Health API for readiness: null
2025-01-29 17:06:17,120 INFO c.h.h.t.HelmChartContainer - [hivemq-test-hivemq-platform] [hivemq-platform-operator] [72709f6d] 17:06:17.119 [ReconcilerExecutor-hivemq-controller-112] DEBUG c.h.p.o.HiveMQPlatformReconciler - [helmcust] StatefulSet Status (revision: test-hivemq-platform-796ccc778, replicas: 1, available: 0, ready: 0, current: 1, updated: 1)
2025-01-29 17:06:17,120 INFO c.h.h.t.HelmChartContainer - [hivemq-test-hivemq-platform] [hivemq-platform-operator] [72709f6d] 17:06:17.119 [ReconcilerExecutor-hivemq-controller-112] DEBUG c.h.p.o.HiveMQPlatformReconciler - [helmcust] StatefulSet Spec (replicas: 1, init containers: 1, containers: 1, volumes: 3)
2025-01-29 17:06:17,122 INFO c.h.h.t.HelmChartContainer - [test-hivemq-platform] [hivemq] [253b4fe9] INFO  - [HiveMQ Platform Operator Init App 1.7.0-SNAPSHOT] Successfully updated Pod HiveMQ Platform Operator Init App version annotation (version: 1.7.0-SNAPSHOT)
2025-01-29 17:06:17,124 INFO c.h.h.t.HelmChartContainer - [hivemq-test-hivemq-platform] [hivemq-platform-operator] [72709f6d] 17:06:17.121 [ReconcilerExecutor-hivemq-controller-112] DEBUG c.h.p.o.h.HiveMQPlatformReconcilerErrorHandler - [helmcust] Pod 'test-hivemq-platform-0' phase Running
2025-01-29 17:06:17,124 INFO c.h.h.t.HelmChartContainer - [hivemq-test-hivemq-platform] [hivemq-platform-operator] [72709f6d] 17:06:17.122 [ReconcilerExecutor-hivemq-controller-112] INFO  c.h.p.o.h.HiveMQPlatformReconcilerBaseHandler - [helmcust] HiveMQ Platform is starting, 0 of 1 replicas are ready
2025-01-29 17:06:17,124 INFO c.h.h.t.HelmChartContainer - [EVENT] Warning [Unhealthy] Readiness probe failed: HTTP probe failed with statuscode: 503 [helmcustomextensionit:test-hivemq-platform-0]
2025-01-29 17:06:17,124 INFO c.h.h.t.HelmChartContainer - Received Unhealthy event for container hivemq in pod test-hivemq-platform-0 [253b4fe9-6feb-4e62-aa85-4e39f227cfdb]
2025-01-29 17:06:22,070 INFO c.h.h.t.HelmChartContainer - [test-hivemq-platform] [hivemq] [253b4fe9] WARN  - [HiveMQ Platform Operator Init App 1.7.0-SNAPSHOT] Cannot connect to Health API for readiness: null
2025-01-29 17:06:22,076 INFO c.h.h.t.HelmChartContainer - [EVENT] Warning [Unhealthy] Readiness probe failed: HTTP probe failed with statuscode: 503 [helmcustomextensionit:test-hivemq-platform-0]
2025-01-29 17:06:22,076 INFO c.h.h.t.HelmChartContainer - Received Unhealthy event for container hivemq in pod test-hivemq-platform-0 [253b4fe9-6feb-4e62-aa85-4e39f227cfdb]
2025-01-29 17:06:27,070 INFO c.h.h.t.HelmChartContainer - [test-hivemq-platform] [hivemq] [253b4fe9] WARN  - [HiveMQ Platform Operator Init App 1.7.0-SNAPSHOT] Cannot connect to Health API for readiness: null
2025-01-29 17:06:27,075 INFO c.h.h.t.HelmChartContainer - [EVENT] Warning [Unhealthy] Readiness probe failed: HTTP probe failed with statuscode: 503 [helmcustomextensionit:test-hivemq-platform-0]
2025-01-29 17:06:27,075 INFO c.h.h.t.HelmChartContainer - Received Unhealthy event for container hivemq in pod test-hivemq-platform-0 [253b4fe9-6feb-4e62-aa85-4e39f227cfdb]
2025-01-29 17:06:27,130 INFO c.h.h.t.HelmChartContainer - [hivemq-test-hivemq-platform] [hivemq-platform-operator] [72709f6d] 17:06:27.126 [pool-6-thread-37] DEBUG c.h.p.o.d.PlatformServiceResource - [helmcust] Desired Platform services (3 services)
2025-01-29 17:06:27,131 INFO c.h.h.t.HelmChartContainer - [hivemq-test-hivemq-platform] [hivemq-platform-operator] [72709f6d] 17:06:27.127 [pool-6-thread-32] DEBUG c.h.p.o.dependants.PodInfoConfigMap - [helmcust] Desired PodInfo ConfigMap (1 extensions) (1 enabled)
2025-01-29 17:06:27,131 INFO c.h.h.t.HelmChartContainer - [hivemq-test-hivemq-platform] [hivemq-platform-operator] [72709f6d] 17:06:27.127 [pool-6-thread-32] DEBUG c.h.p.o.dependants.PodInfoConfigMap - [helmcust] Desired PodInfo ConfigMap (metrics port: 9399) (metrics path: /)
2025-01-29 17:06:27,131 INFO c.h.h.t.HelmChartContainer - [hivemq-test-hivemq-platform] [hivemq-platform-operator] [72709f6d] 17:06:27.127 [pool-6-thread-32] DEBUG c.h.p.o.dependants.PodInfoConfigMap - [helmcust] Desired PodInfo ConfigMap (extension state hash: -1287821691)
2025-01-29 17:06:27,131 INFO c.h.h.t.HelmChartContainer - [hivemq-test-hivemq-platform] [hivemq-platform-operator] [72709f6d] 17:06:27.129 [pool-6-thread-36] DEBUG c.h.p.o.d.PodServiceAccountResource - [helmcust] Desired PodServiceAccountResource (serviceAccountName: hivemq-platform-pod-test-hivemq-platform)
2025-01-29 17:06:27,136 INFO c.h.h.t.HelmChartContainer - [hivemq-test-hivemq-platform] [hivemq-platform-operator] [72709f6d] 17:06:27.135 [pool-6-thread-37] DEBUG c.h.p.o.d.StatefulSetResource - [helmcust] Desired StatefulSet (1 replicas) for status STARTING (READY)
2025-01-29 17:06:27,140 INFO c.h.h.t.HelmChartContainer - [hivemq-test-hivemq-platform] [hivemq-platform-operator] [72709f6d] 17:06:27.139 [ReconcilerExecutor-hivemq-controller-113] INFO  c.h.p.o.HiveMQPlatformReconciler - [helmcust] Reconciling HiveMQ Platform 'test-hivemq-platform' in namespace 'helmcustomextensionit'
2025-01-29 17:06:27,141 INFO c.h.h.t.HelmChartContainer - [hivemq-test-hivemq-platform] [hivemq-platform-operator] [72709f6d] 17:06:27.139 [ReconcilerExecutor-hivemq-controller-113] DEBUG c.h.p.o.HiveMQPlatformReconciler - [helmcust] Custom Resource Status STARTING - HiveMQ Platform is starting (READY)
2025-01-29 17:06:27,141 INFO c.h.h.t.HelmChartContainer - [hivemq-test-hivemq-platform] [hivemq-platform-operator] [72709f6d] 17:06:27.139 [ReconcilerExecutor-hivemq-controller-113] DEBUG c.h.p.o.HiveMQPlatformReconciler - [helmcust] Custom Resource Spec (replicas: 1) (extensions: 1)
2025-01-29 17:06:27,142 INFO c.h.h.t.HelmChartContainer - [hivemq-test-hivemq-platform] [hivemq-platform-operator] [72709f6d] 17:06:27.140 [ReconcilerExecutor-hivemq-controller-113] DEBUG c.h.p.o.HiveMQPlatformReconciler - [helmcust] StatefulSet Status (revision: test-hivemq-platform-796ccc778, replicas: 1, available: 0, ready: 0, current: 1, updated: 1)
2025-01-29 17:06:27,142 INFO c.h.h.t.HelmChartContainer - [hivemq-test-hivemq-platform] [hivemq-platform-operator] [72709f6d] 17:06:27.140 [ReconcilerExecutor-hivemq-controller-113] DEBUG c.h.p.o.HiveMQPlatformReconciler - [helmcust] StatefulSet Spec (replicas: 1, init containers: 1, containers: 1, volumes: 3)
2025-01-29 17:06:27,142 INFO c.h.h.t.HelmChartContainer - [hivemq-test-hivemq-platform] [hivemq-platform-operator] [72709f6d] 17:06:27.142 [ReconcilerExecutor-hivemq-controller-113] DEBUG c.h.p.o.h.HiveMQPlatformReconcilerErrorHandler - [helmcust] Pod 'test-hivemq-platform-0' phase Running
2025-01-29 17:06:27,143 INFO c.h.h.t.HelmChartContainer - [hivemq-test-hivemq-platform] [hivemq-platform-operator] [72709f6d] 17:06:27.142 [ReconcilerExecutor-hivemq-controller-113] INFO  c.h.p.o.h.HiveMQPlatformReconcilerBaseHandler - [helmcust] HiveMQ Platform is starting, 0 of 1 replicas are ready
2025-01-29 17:06:28,469 INFO c.h.h.t.HelmChartContainer - [test-hivemq-platform] [hivemq] [253b4fe9] WARN  - [HiveMQ Platform Operator Init App 1.7.0-SNAPSHOT] Cannot connect to Health API for liveness: null
2025-01-29 17:06:28,470 INFO c.h.h.t.HelmChartContainer - [test-hivemq-platform] [hivemq] [253b4fe9] INFO  - [HiveMQ Platform Operator Init App 1.7.0-SNAPSHOT] Returning default Health API response 200 for liveness
2025-01-29 17:06:30,689 INFO c.h.h.t.HelmChartContainer - [K3S] [INFO] COMPACT compactRev=0 targetCompactRev=2 currentRev=1215
2025-01-29 17:06:30,690 INFO c.h.h.t.HelmChartContainer - [K3S] [INFO] COMPACT deleted 0 rows from 2 revisions in 444.744µs - compacted to 2/1215
2025-01-29 17:06:30,690 INFO c.h.h.t.HelmChartContainer - [K3S] [INFO] COMPACT compacted from 0 to 2 in 1 transactions over 1ms
2025-01-29 17:06:31,576 INFO c.h.h.t.HelmChartContainer - [test-hivemq-platform] [hivemq] [253b4fe9] INFO  - No valid license file found. Using trial license, restricted to 25 connections.
2025-01-29 17:06:32,072 INFO c.h.h.t.HelmChartContainer - [test-hivemq-platform] [hivemq] [253b4fe9] WARN  - [HiveMQ Platform Operator Init App 1.7.0-SNAPSHOT] Cannot connect to Health API for readiness: null
2025-01-29 17:06:32,077 INFO c.h.h.t.HelmChartContainer - [EVENT] Warning [Unhealthy] Readiness probe failed: HTTP probe failed with statuscode: 503 [helmcustomextensionit:test-hivemq-platform-0]
2025-01-29 17:06:32,077 INFO c.h.h.t.HelmChartContainer - Received Unhealthy event for container hivemq in pod test-hivemq-platform-0 [253b4fe9-6feb-4e62-aa85-4e39f227cfdb]
2025-01-29 17:06:33,256 INFO c.h.h.t.HelmChartContainer - [K3S] [info.go:53] Couldn't collect info from any of the files in "/etc/machine-id,/var/lib/dbus/machine-id"
2025-01-29 17:06:35,369 INFO c.h.h.t.HelmChartContainer - [test-hivemq-platform] [hivemq] [253b4fe9] INFO  - No valid license file for Data Hub found. Using free license, restricted to 1 policy.
2025-01-29 17:06:36,480 INFO c.h.h.t.HelmChartContainer - [test-hivemq-platform] [hivemq] [253b4fe9] INFO  - Audit Logger started.
2025-01-29 17:06:36,879 INFO c.h.h.t.HelmChartContainer - [test-hivemq-platform] [hivemq] [253b4fe9] INFO  - This node uses '1' CPU cores.
2025-01-29 17:06:36,884 INFO c.h.h.t.HelmChartContainer - [test-hivemq-platform] [hivemq] [253b4fe9] INFO  - Starting HiveMQ Health API on address 0.0.0.0 and port 8889
2025-01-29 17:06:37,069 INFO c.h.h.t.HelmChartContainer - [test-hivemq-platform] [hivemq] [253b4fe9] WARN  - [HiveMQ Platform Operator Init App 1.7.0-SNAPSHOT] Cannot connect to Health API for readiness: null
2025-01-29 17:06:37,075 INFO c.h.h.t.HelmChartContainer - [EVENT] Warning [Unhealthy] Readiness probe failed: HTTP probe failed with statuscode: 503 [helmcustomextensionit:test-hivemq-platform-0]
2025-01-29 17:06:37,075 INFO c.h.h.t.HelmChartContainer - Received Unhealthy event for container hivemq in pod test-hivemq-platform-0 [253b4fe9-6feb-4e62-aa85-4e39f227cfdb]
2025-01-29 17:06:37,150 INFO c.h.h.t.HelmChartContainer - [hivemq-test-hivemq-platform] [hivemq-platform-operator] [72709f6d] 17:06:37.147 [pool-6-thread-45] DEBUG c.h.p.o.d.PlatformServiceResource - [helmcust] Desired Platform services (3 services)
2025-01-29 17:06:37,150 INFO c.h.h.t.HelmChartContainer - [hivemq-test-hivemq-platform] [hivemq-platform-operator] [72709f6d] 17:06:37.148 [pool-6-thread-43] DEBUG c.h.p.o.dependants.PodInfoConfigMap - [helmcust] Desired PodInfo ConfigMap (1 extensions) (1 enabled)
2025-01-29 17:06:37,150 INFO c.h.h.t.HelmChartContainer - [hivemq-test-hivemq-platform] [hivemq-platform-operator] [72709f6d] 17:06:37.148 [pool-6-thread-43] DEBUG c.h.p.o.dependants.PodInfoConfigMap - [helmcust] Desired PodInfo ConfigMap (metrics port: 9399) (metrics path: /)
2025-01-29 17:06:37,150 INFO c.h.h.t.HelmChartContainer - [hivemq-test-hivemq-platform] [hivemq-platform-operator] [72709f6d] 17:06:37.148 [pool-6-thread-43] DEBUG c.h.p.o.dependants.PodInfoConfigMap - [helmcust] Desired PodInfo ConfigMap (extension state hash: -1287821691)
2025-01-29 17:06:37,150 INFO c.h.h.t.HelmChartContainer - [hivemq-test-hivemq-platform] [hivemq-platform-operator] [72709f6d] 17:06:37.148 [pool-6-thread-49] DEBUG c.h.p.o.d.PodServiceAccountResource - [helmcust] Desired PodServiceAccountResource (serviceAccountName: hivemq-platform-pod-test-hivemq-platform)
2025-01-29 17:06:37,157 INFO c.h.h.t.HelmChartContainer - [hivemq-test-hivemq-platform] [hivemq-platform-operator] [72709f6d] 17:06:37.156 [pool-6-thread-45] DEBUG c.h.p.o.d.StatefulSetResource - [helmcust] Desired StatefulSet (1 replicas) for status STARTING (READY)
2025-01-29 17:06:37,211 INFO c.h.h.t.HelmChartContainer - [hivemq-test-hivemq-platform] [hivemq-platform-operator] [72709f6d] 17:06:37.210 [ReconcilerExecutor-hivemq-controller-114] INFO  c.h.p.o.HiveMQPlatformReconciler - [helmcust] Reconciling HiveMQ Platform 'test-hivemq-platform' in namespace 'helmcustomextensionit'
2025-01-29 17:06:37,211 INFO c.h.h.t.HelmChartContainer - [hivemq-test-hivemq-platform] [hivemq-platform-operator] [72709f6d] 17:06:37.210 [ReconcilerExecutor-hivemq-controller-114] DEBUG c.h.p.o.HiveMQPlatformReconciler - [helmcust] Custom Resource Status STARTING - HiveMQ Platform is starting (READY)
2025-01-29 17:06:37,212 INFO c.h.h.t.HelmChartContainer - [hivemq-test-hivemq-platform] [hivemq-platform-operator] [72709f6d] 17:06:37.210 [ReconcilerExecutor-hivemq-controller-114] DEBUG c.h.p.o.HiveMQPlatformReconciler - [helmcust] Custom Resource Spec (replicas: 1) (extensions: 1)
2025-01-29 17:06:37,214 INFO c.h.h.t.HelmChartContainer - [hivemq-test-hivemq-platform] [hivemq-platform-operator] [72709f6d] 17:06:37.212 [ReconcilerExecutor-hivemq-controller-114] DEBUG c.h.p.o.HiveMQPlatformReconciler - [helmcust] StatefulSet Status (revision: test-hivemq-platform-796ccc778, replicas: 1, available: 0, ready: 0, current: 1, updated: 1)
2025-01-29 17:06:37,215 INFO c.h.h.t.HelmChartContainer - [hivemq-test-hivemq-platform] [hivemq-platform-operator] [72709f6d] 17:06:37.212 [ReconcilerExecutor-hivemq-controller-114] DEBUG c.h.p.o.HiveMQPlatformReconciler - [helmcust] StatefulSet Spec (replicas: 1, init containers: 1, containers: 1, volumes: 3)
2025-01-29 17:06:37,215 INFO c.h.h.t.HelmChartContainer - [hivemq-test-hivemq-platform] [hivemq-platform-operator] [72709f6d] 17:06:37.213 [ReconcilerExecutor-hivemq-controller-114] DEBUG c.h.p.o.h.HiveMQPlatformReconcilerErrorHandler - [helmcust] Pod 'test-hivemq-platform-0' phase Running
2025-01-29 17:06:37,216 INFO c.h.h.t.HelmChartContainer - [hivemq-test-hivemq-platform] [hivemq-platform-operator] [72709f6d] 17:06:37.214 [ReconcilerExecutor-hivemq-controller-114] INFO  c.h.p.o.h.HiveMQPlatformReconcilerBaseHandler - [helmcust] HiveMQ Platform is starting, 0 of 1 replicas are ready
2025-01-29 17:06:37,808 INFO c.h.h.t.HelmChartContainer - [test-hivemq-platform] [hivemq] [253b4fe9] INFO  - Started HiveMQ Health API in 923ms
2025-01-29 17:06:38,372 INFO c.h.h.t.HelmChartContainer - [test-hivemq-platform] [hivemq] [253b4fe9] INFO  - Starting HiveMQ extension system.
2025-01-29 17:06:38,670 INFO c.h.h.t.HelmChartContainer - [test-hivemq-platform] [hivemq] [253b4fe9] INFO  - Starting extension with id "hivemq-dns-cluster-discovery" at /opt/hivemq/extensions/hivemq-dns-cluster-discovery
2025-01-29 17:06:39,169 INFO c.h.h.t.HelmChartContainer - [test-hivemq-platform] [hivemq] [253b4fe9] INFO  - Using TCP cluster transport on address 10.42.0.13 and port 7000
2025-01-29 17:06:39,175 INFO c.h.h.t.HelmChartContainer - [test-hivemq-platform] [hivemq] [253b4fe9] INFO  - Using extension cluster discovery
2025-01-29 17:06:39,280 INFO c.h.h.t.HelmChartContainer - [test-hivemq-platform] [hivemq] [253b4fe9] INFO  - Extension "DNS Cluster Discovery Extension" version 4.3.2 started successfully.
2025-01-29 17:06:39,281 INFO c.h.h.t.HelmChartContainer - [test-hivemq-platform] [hivemq] [253b4fe9] INFO  - Starting extension with id "hivemq-custom-test-extension" at /opt/hivemq/extensions/hivemq-custom-test-extension
2025-01-29 17:06:39,282 INFO c.h.h.t.HelmChartContainer - [test-hivemq-platform] [hivemq] [253b4fe9] INFO  - HiveMQ Custom Test Extension started
2025-01-29 17:06:39,283 INFO c.h.h.t.HelmChartContainer - [test-hivemq-platform] [hivemq] [253b4fe9] INFO  - Extension "HiveMQ Custom Test Extension" version 3.0.0 started successfully.
2025-01-29 17:06:39,283 INFO c.h.h.testcontainer.LogWaiterUtil - TEST Found log pattern on 'test-hivemq-platform-0': .*Extension "HiveMQ Custom Test Extension" version 3.0.0 started successfully.
2025-01-29 17:06:39,283 INFO c.h.h.t.HelmChartContainer - [test-hivemq-platform] [hivemq] [253b4fe9] INFO  - Starting extension with id "hivemq-prometheus-extension" at /opt/hivemq/extensions/hivemq-prometheus-extension
2025-01-29 17:06:40,077 INFO c.h.h.t.HelmChartContainer - [test-hivemq-platform] [hivemq] [253b4fe9] INFO  - Started Jetty Server exposing Prometheus Servlet on URI http://0.0.0.0:9399/
2025-01-29 17:06:40,077 INFO c.h.h.t.HelmChartContainer - [test-hivemq-platform] [hivemq] [253b4fe9] INFO  - Extension "Prometheus Monitoring Extension" version 4.0.12 started successfully.
2025-01-29 17:06:40,077 INFO c.h.h.t.HelmChartContainer - [test-hivemq-platform] [hivemq] [253b4fe9] INFO  - Starting extension with id "hivemq-allow-all-extension" at /opt/hivemq/extensions/hivemq-allow-all-extension
2025-01-29 17:06:40,077 INFO c.h.h.t.HelmChartContainer - [test-hivemq-platform] [hivemq] [253b4fe9] WARN  - 
2025-01-29 17:06:40,077 INFO c.h.h.t.HelmChartContainer - [test-hivemq-platform] [hivemq] [253b4fe9] ################################################################################################################
2025-01-29 17:06:40,077 INFO c.h.h.t.HelmChartContainer - [test-hivemq-platform] [hivemq] [253b4fe9] # This HiveMQ deployment is not secure! You are lacking Authentication and Authorization.                      #
2025-01-29 17:06:40,077 INFO c.h.h.t.HelmChartContainer - [test-hivemq-platform] [hivemq] [253b4fe9] # Right now any MQTT client can connect to the broker with a full set of permissions.                          #
2025-01-29 17:06:40,077 INFO c.h.h.t.HelmChartContainer - [test-hivemq-platform] [hivemq] [253b4fe9] # For production usage, add an appropriate security extension and remove the hivemq-allow-all extension.       #
2025-01-29 17:06:40,077 INFO c.h.h.t.HelmChartContainer - [test-hivemq-platform] [hivemq] [253b4fe9] # You can download security extensions from the HiveMQ Marketplace (https://www.hivemq.com/extensions/).       #
2025-01-29 17:06:40,077 INFO c.h.h.t.HelmChartContainer - [test-hivemq-platform] [hivemq] [253b4fe9] ################################################################################################################
2025-01-29 17:06:40,077 INFO c.h.h.t.HelmChartContainer - [test-hivemq-platform] [hivemq] [253b4fe9] INFO  - Extension "Allow All Extension" version 1.1.1 started successfully.
2025-01-29 17:06:42,310 INFO c.h.h.t.HelmChartContainer - [test-hivemq-platform] [hivemq] [253b4fe9] INFO  - F7reM: no members discovered after 2700 ms: creating cluster as first member
2025-01-29 17:06:42,317 INFO c.h.h.t.HelmChartContainer - [test-hivemq-platform] [hivemq] [253b4fe9] INFO  - Cluster nodes found by discovery: [F7reM|0] (1) [F7reM].
2025-01-29 17:06:42,513 INFO c.h.h.t.HelmChartContainer - [test-hivemq-platform] [hivemq] [253b4fe9] WARN  - No user for HiveMQ Control Center configured. Starting with default user
2025-01-29 17:06:42,515 INFO c.h.h.t.HelmChartContainer - [test-hivemq-platform] [hivemq] [253b4fe9] INFO  - Starting HiveMQ Control Center on address 0.0.0.0 and port 8080
2025-01-29 17:06:42,614 INFO c.h.h.t.HelmChartContainer - [test-hivemq-platform] [hivemq] [253b4fe9] INFO  - Mounting HiveMQ Control Center V2 Preview
2025-01-29 17:06:42,614 INFO c.h.h.t.HelmChartContainer - [test-hivemq-platform] [hivemq] [253b4fe9] INFO  - [HiveMQ Platform Operator Init App 1.7.0-SNAPSHOT] Returning Health API response 503 for readiness
2025-01-29 17:06:42,618 INFO c.h.h.t.HelmChartContainer - [EVENT] Warning [Unhealthy] Readiness probe failed: HTTP probe failed with statuscode: 503 [helmcustomextensionit:test-hivemq-platform-0]
2025-01-29 17:06:42,618 INFO c.h.h.t.HelmChartContainer - Received Unhealthy event for container hivemq in pod test-hivemq-platform-0 [253b4fe9-6feb-4e62-aa85-4e39f227cfdb]
2025-01-29 17:06:43,309 INFO c.h.h.t.HelmChartContainer - [test-hivemq-platform] [hivemq] [253b4fe9] INFO  - Started HiveMQ Control Center in 796ms
2025-01-29 17:06:43,329 INFO c.h.h.t.HelmChartContainer - [test-hivemq-platform] [hivemq] [253b4fe9] INFO  - Starting TCP listener on address 0.0.0.0 and port 1883
2025-01-29 17:06:43,417 INFO c.h.h.t.HelmChartContainer - [test-hivemq-platform] [hivemq] [253b4fe9] INFO  - Started TCP Listener on address 0.0.0.0 and on port 1883.
2025-01-29 17:06:43,417 INFO c.h.h.t.HelmChartContainer - [test-hivemq-platform] [hivemq] [253b4fe9] INFO  - Started HiveMQ in 32197ms
2025-01-29 17:06:47,029 INFO c.h.h.t.HelmChartContainer - [test-hivemq-platform] [hivemq] [253b4fe9] INFO  - [HiveMQ Platform Operator Init App 1.7.0-SNAPSHOT] Returning Health API response 200 for readiness
2025-01-29 17:06:47,041 INFO c.h.h.t.HelmChartContainer - [POD] test-hivemq-platform-0 [253b4fe9-6feb-4e62-aa85-4e39f227cfdb] in helmcustomextensionit was MODIFIED
2025-01-29 17:06:47,051 INFO c.h.h.t.HelmChartContainer - [hivemq-test-hivemq-platform] [hivemq-platform-operator] [72709f6d] 17:06:47.048 [pool-6-thread-3] DEBUG c.h.p.o.d.PlatformServiceResource - [helmcust] Desired Platform services (3 services)
2025-01-29 17:06:47,055 INFO c.h.h.t.HelmChartContainer - [hivemq-test-hivemq-platform] [hivemq-platform-operator] [72709f6d] 17:06:47.049 [pool-6-thread-4] DEBUG c.h.p.o.dependants.PodInfoConfigMap - [helmcust] Desired PodInfo ConfigMap (1 extensions) (1 enabled)
2025-01-29 17:06:47,058 INFO c.h.h.t.HelmChartContainer - [hivemq-test-hivemq-platform] [hivemq-platform-operator] [72709f6d] 17:06:47.053 [pool-6-thread-4] DEBUG c.h.p.o.dependants.PodInfoConfigMap - [helmcust] Desired PodInfo ConfigMap (metrics port: 9399) (metrics path: /)
2025-01-29 17:06:47,058 INFO c.h.h.t.HelmChartContainer - [hivemq-test-hivemq-platform] [hivemq-platform-operator] [72709f6d] 17:06:47.055 [pool-6-thread-4] DEBUG c.h.p.o.dependants.PodInfoConfigMap - [helmcust] Desired PodInfo ConfigMap (extension state hash: -1287821691)
2025-01-29 17:06:47,063 INFO c.h.h.t.HelmChartContainer - [hivemq-test-hivemq-platform] [hivemq-platform-operator] [72709f6d] 17:06:47.050 [pool-6-thread-6] DEBUG c.h.p.o.d.PodServiceAccountResource - [helmcust] Desired PodServiceAccountResource (serviceAccountName: hivemq-platform-pod-test-hivemq-platform)
2025-01-29 17:06:47,066 INFO c.h.h.t.HelmChartContainer - [hivemq-test-hivemq-platform] [hivemq-platform-operator] [72709f6d] 17:06:47.064 [pool-6-thread-3] DEBUG c.h.p.o.d.StatefulSetResource - [helmcust] Desired StatefulSet (1 replicas) for status STARTING (READY)
2025-01-29 17:06:47,068 INFO c.h.h.t.HelmChartContainer - [hivemq-test-hivemq-platform] [hivemq-platform-operator] [72709f6d] 17:06:47.067 [ReconcilerExecutor-hivemq-controller-115] INFO  c.h.p.o.HiveMQPlatformReconciler - [helmcust] Reconciling HiveMQ Platform 'test-hivemq-platform' in namespace 'helmcustomextensionit'
2025-01-29 17:06:47,068 INFO c.h.h.t.HelmChartContainer - [hivemq-test-hivemq-platform] [hivemq-platform-operator] [72709f6d] 17:06:47.067 [ReconcilerExecutor-hivemq-controller-115] DEBUG c.h.p.o.HiveMQPlatformReconciler - [helmcust] Custom Resource Status STARTING - HiveMQ Platform is starting (READY)
2025-01-29 17:06:47,068 INFO c.h.h.t.HelmChartContainer - [hivemq-test-hivemq-platform] [hivemq-platform-operator] [72709f6d] 17:06:47.067 [ReconcilerExecutor-hivemq-controller-115] DEBUG c.h.p.o.HiveMQPlatformReconciler - [helmcust] Custom Resource Spec (replicas: 1) (extensions: 1)
2025-01-29 17:06:47,069 INFO c.h.h.t.HelmChartContainer - [hivemq-test-hivemq-platform] [hivemq-platform-operator] [72709f6d] 17:06:47.069 [ReconcilerExecutor-hivemq-controller-115] DEBUG c.h.p.o.HiveMQPlatformReconciler - [helmcust] StatefulSet Status (revision: test-hivemq-platform-796ccc778, replicas: 1, available: 1, ready: 1, current: 1, updated: 1)
2025-01-29 17:06:47,069 INFO c.h.h.t.HelmChartContainer - [hivemq-test-hivemq-platform] [hivemq-platform-operator] [72709f6d] 17:06:47.069 [ReconcilerExecutor-hivemq-controller-115] DEBUG c.h.p.o.HiveMQPlatformReconciler - [helmcust] StatefulSet Spec (replicas: 1, init containers: 1, containers: 1, volumes: 3)
2025-01-29 17:06:47,112 INFO c.h.h.t.HelmChartContainer - [hivemq-test-hivemq-platform] [hivemq-platform-operator] [72709f6d] 17:06:47.109 [ReconcilerExecutor-hivemq-controller-115] DEBUG c.h.p.o.h.HiveMQPlatformReconcilerErrorHandler - [helmcust] Pod 'test-hivemq-platform-0' phase Running
2025-01-29 17:06:47,113 INFO c.h.h.t.HelmChartContainer - [hivemq-test-hivemq-platform] [hivemq-platform-operator] [72709f6d] 17:06:47.111 [ReconcilerExecutor-hivemq-controller-115] INFO  c.h.p.o.h.HiveMQPlatformReconcilerBaseHandler - [helmcust] HiveMQ Platform started successfully
2025-01-29 17:06:47,213 INFO c.h.h.t.HelmChartContainer - [hivemq-test-hivemq-platform] [hivemq-platform-operator] [72709f6d] 17:06:47.212 [ReconcilerExecutor-hivemq-controller-115] DEBUG c.h.p.operator.event.EventSender - [helmcust] Creating K8s event hivemq-platform-ready: [Ready] HiveMQ Platform is ready
2025-01-29 17:06:47,217 INFO c.h.h.t.HelmChartContainer - [EVENT] Normal [Ready] HiveMQ Platform is ready [helmcustomextensionit:test-hivemq-platform]
2025-01-29 17:06:47,218 INFO c.h.h.t.HelmChartContainer - [hivemq-test-hivemq-platform] [hivemq-platform-operator] [72709f6d] 17:06:47.217 [ReconcilerExecutor-hivemq-controller-115] INFO  c.h.p.o.h.AbstractHiveMQReconcilerStateHandler - [helmcust] Update HiveMQ Platform Status (STARTING [READY] -> RUNNING [READY]): HiveMQ Platform is ready
2025-01-29 17:06:47,264 DEBUG com.hivemq.helmcharts.util.K8sUtil - Comparing actual state 'RUNNING' and waiting for 'RUNNING'
2025-01-29 17:06:47,268 INFO c.h.h.t.HelmChartContainer - [hivemq-test-hivemq-platform] [hivemq-platform-operator] [72709f6d] 17:06:47.267 [pool-6-thread-16] DEBUG c.h.p.o.d.PlatformServiceResource - [helmcust] Desired Platform services (3 services)
2025-01-29 17:06:47,312 INFO c.h.h.t.HelmChartContainer - [hivemq-test-hivemq-platform] [hivemq-platform-operator] [72709f6d] 17:06:47.311 [pool-6-thread-14] DEBUG c.h.p.o.dependants.PodInfoConfigMap - [helmcust] Desired PodInfo ConfigMap (1 extensions) (1 enabled)
2025-01-29 17:06:47,316 INFO c.h.h.t.HelmChartContainer - [hivemq-test-hivemq-platform] [hivemq-platform-operator] [72709f6d] 17:06:47.311 [pool-6-thread-14] DEBUG c.h.p.o.dependants.PodInfoConfigMap - [helmcust] Desired PodInfo ConfigMap (metrics port: 9399) (metrics path: /)
2025-01-29 17:06:47,316 INFO c.h.h.t.HelmChartContainer - [hivemq-test-hivemq-platform] [hivemq-platform-operator] [72709f6d] 17:06:47.311 [pool-6-thread-14] DEBUG c.h.p.o.dependants.PodInfoConfigMap - [helmcust] Desired PodInfo ConfigMap (extension state hash: -1287821691)
2025-01-29 17:06:47,316 INFO c.h.h.t.HelmChartContainer - [hivemq-test-hivemq-platform] [hivemq-platform-operator] [72709f6d] 17:06:47.269 [pool-6-thread-17] DEBUG c.h.p.o.d.PodServiceAccountResource - [helmcust] Desired PodServiceAccountResource (serviceAccountName: hivemq-platform-pod-test-hivemq-platform)
2025-01-29 17:06:47,323 INFO c.h.h.t.HelmChartContainer - [hivemq-test-hivemq-platform] [hivemq-platform-operator] [72709f6d] 17:06:47.323 [pool-6-thread-14] DEBUG c.h.p.o.dependants.PodInfoConfigMap - [helmcust] Update PodInfo ConfigMap
2025-01-29 17:06:47,411 INFO c.h.h.t.HelmChartContainer - [hivemq-test-hivemq-platform] [hivemq-platform-operator] [72709f6d] 17:06:47.409 [pool-6-thread-14] DEBUG c.h.p.o.d.StatefulSetResource - [helmcust] Desired StatefulSet (1 replicas) for status RUNNING (READY)
2025-01-29 17:06:47,416 INFO c.h.h.t.HelmChartContainer - [hivemq-test-hivemq-platform] [hivemq-platform-operator] [72709f6d] 17:06:47.413 [ReconcilerExecutor-hivemq-controller-116] INFO  c.h.p.o.HiveMQPlatformReconciler - [helmcust] Reconciling HiveMQ Platform 'test-hivemq-platform' in namespace 'helmcustomextensionit'
2025-01-29 17:06:47,416 INFO c.h.h.t.HelmChartContainer - [hivemq-test-hivemq-platform] [hivemq-platform-operator] [72709f6d] 17:06:47.413 [ReconcilerExecutor-hivemq-controller-116] DEBUG c.h.p.o.HiveMQPlatformReconciler - [helmcust] Custom Resource Status RUNNING - HiveMQ Platform is ready (READY)
2025-01-29 17:06:47,417 INFO c.h.h.t.HelmChartContainer - [hivemq-test-hivemq-platform] [hivemq-platform-operator] [72709f6d] 17:06:47.413 [ReconcilerExecutor-hivemq-controller-116] DEBUG c.h.p.o.HiveMQPlatformReconciler - [helmcust] Custom Resource Spec (replicas: 1) (extensions: 1)
2025-01-29 17:06:47,418 INFO c.h.h.t.HelmChartContainer - [hivemq-test-hivemq-platform] [hivemq-platform-operator] [72709f6d] 17:06:47.415 [ReconcilerExecutor-hivemq-controller-116] DEBUG c.h.p.o.HiveMQPlatformReconciler - [helmcust] StatefulSet Status (revision: test-hivemq-platform-796ccc778, replicas: 1, available: 1, ready: 1, current: 1, updated: 1)
2025-01-29 17:06:47,419 INFO c.h.h.t.HelmChartContainer - [hivemq-test-hivemq-platform] [hivemq-platform-operator] [72709f6d] 17:06:47.415 [ReconcilerExecutor-hivemq-controller-116] DEBUG c.h.p.o.HiveMQPlatformReconciler - [helmcust] StatefulSet Spec (replicas: 1, init containers: 1, containers: 1, volumes: 3)
2025-01-29 17:06:47,419 INFO c.h.h.t.HelmChartContainer - [hivemq-test-hivemq-platform] [hivemq-platform-operator] [72709f6d] 17:06:47.416 [ReconcilerExecutor-hivemq-controller-116] DEBUG c.h.p.o.h.HiveMQPlatformReconcilerErrorHandler - [helmcust] Pod 'test-hivemq-platform-0' phase Running
2025-01-29 17:06:49,276 INFO c.h.h.t.HelmChartContainer - Uninstalling release 'test-hivemq-platform' in namespace 'helmcustomextensionit'...
2025-01-29 17:06:49,276 DEBUG c.h.h.t.HelmChartContainer - Executing helm command: /bin/helm --kubeconfig /etc/rancher/k3s/k3s.yaml uninstall test-hivemq-platform  --wait --timeout 5m0s --cascade foreground --namespace helmcustomextensionit
2025-01-29 17:06:49,455 INFO c.h.h.t.HelmChartContainer - [hivemq-test-hivemq-platform] [hivemq-platform-operator] [72709f6d] 17:06:49.451 [pool-6-thread-21] DEBUG c.h.p.o.d.PlatformServiceResource - [helmcust] Desired Platform services (3 services)
2025-01-29 17:06:49,455 INFO c.h.h.t.HelmChartContainer - [hivemq-test-hivemq-platform] [hivemq-platform-operator] [72709f6d] 17:06:49.452 [pool-6-thread-29] DEBUG c.h.p.o.dependants.PodInfoConfigMap - [helmcust] Desired PodInfo ConfigMap (1 extensions) (1 enabled)
2025-01-29 17:06:49,455 INFO c.h.h.t.HelmChartContainer - [hivemq-test-hivemq-platform] [hivemq-platform-operator] [72709f6d] 17:06:49.452 [pool-6-thread-29] DEBUG c.h.p.o.dependants.PodInfoConfigMap - [helmcust] Desired PodInfo ConfigMap (metrics port: 9399) (metrics path: /)
2025-01-29 17:06:49,455 INFO c.h.h.t.HelmChartContainer - [hivemq-test-hivemq-platform] [hivemq-platform-operator] [72709f6d] 17:06:49.452 [pool-6-thread-29] DEBUG c.h.p.o.dependants.PodInfoConfigMap - [helmcust] Desired PodInfo ConfigMap (extension state hash: -1287821691)
2025-01-29 17:06:49,456 INFO c.h.h.t.HelmChartContainer - [hivemq-test-hivemq-platform] [hivemq-platform-operator] [72709f6d] 17:06:49.453 [pool-6-thread-24] DEBUG c.h.p.o.d.PodServiceAccountResource - [helmcust] Desired PodServiceAccountResource (serviceAccountName: hivemq-platform-pod-test-hivemq-platform)
2025-01-29 17:06:49,468 INFO c.h.h.t.HelmChartContainer - [hivemq-test-hivemq-platform] [hivemq-platform-operator] [72709f6d] 17:06:49.460 [pool-6-thread-23] DEBUG c.h.p.o.d.StatefulSetResource - [helmcust] Desired StatefulSet (1 replicas) for status RUNNING (READY)
2025-01-29 17:06:49,515 INFO c.h.h.t.HelmChartContainer - [hivemq-test-hivemq-platform] [hivemq-platform-operator] [72709f6d] 17:06:49.511 [ReconcilerExecutor-hivemq-controller-118] INFO  c.h.p.o.HiveMQPlatformReconciler - [helmcust] Reconciling HiveMQ Platform 'test-hivemq-platform' in namespace 'helmcustomextensionit'
2025-01-29 17:06:49,515 INFO c.h.h.t.HelmChartContainer - [hivemq-test-hivemq-platform] [hivemq-platform-operator] [72709f6d] 17:06:49.511 [ReconcilerExecutor-hivemq-controller-118] DEBUG c.h.p.o.HiveMQPlatformReconciler - [helmcust] Custom Resource Status RUNNING - HiveMQ Platform is ready (READY)
2025-01-29 17:06:49,515 INFO c.h.h.t.HelmChartContainer - [hivemq-test-hivemq-platform] [hivemq-platform-operator] [72709f6d] 17:06:49.511 [ReconcilerExecutor-hivemq-controller-118] DEBUG c.h.p.o.HiveMQPlatformReconciler - [helmcust] Custom Resource Spec (replicas: 1) (extensions: 1)
2025-01-29 17:06:49,521 INFO c.h.h.t.HelmChartContainer - [hivemq-test-hivemq-platform] [hivemq-platform-operator] [72709f6d] 17:06:49.512 [ReconcilerExecutor-hivemq-controller-118] DEBUG c.h.p.o.HiveMQPlatformReconciler - [helmcust] StatefulSet Status (revision: test-hivemq-platform-796ccc778, replicas: 1, available: 1, ready: 1, current: 1, updated: 1)
2025-01-29 17:06:49,521 INFO c.h.h.t.HelmChartContainer - [hivemq-test-hivemq-platform] [hivemq-platform-operator] [72709f6d] 17:06:49.512 [ReconcilerExecutor-hivemq-controller-118] DEBUG c.h.p.o.HiveMQPlatformReconciler - [helmcust] StatefulSet Spec (replicas: 1, init containers: 1, containers: 1, volumes: 3)
2025-01-29 17:06:49,521 INFO c.h.h.t.HelmChartContainer - [hivemq-test-hivemq-platform] [hivemq-platform-operator] [72709f6d] 17:06:49.513 [ReconcilerExecutor-hivemq-controller-118] DEBUG c.h.p.o.h.HiveMQPlatformReconcilerErrorHandler - [helmcust] Pod 'test-hivemq-platform-0' phase Running
2025-01-29 17:06:49,527 INFO c.h.h.t.HelmChartContainer - [hivemq-test-hivemq-platform] [hivemq-platform-operator] [72709f6d] 17:06:49.524 [ReconcilerExecutor-hivemq-controller-121] INFO  c.h.p.o.HiveMQPlatformReconciler - [helmcust] Cleanup test-hivemq-platform - helmcustomextensionit HiveMQ Platform is shut down
2025-01-29 17:06:50,186 INFO c.h.h.t.HelmChartContainer - [POD] test-hivemq-platform-0 [253b4fe9-6feb-4e62-aa85-4e39f227cfdb] in helmcustomextensionit was MODIFIED
2025-01-29 17:06:50,190 INFO c.h.h.t.HelmChartContainer - [EVENT] Normal [Killing] Stopping container hivemq [helmcustomextensionit:test-hivemq-platform-0]
2025-01-29 17:06:50,190 INFO c.h.h.t.HelmChartContainer - Received Killing event for container hivemq in pod test-hivemq-platform-0 [253b4fe9-6feb-4e62-aa85-4e39f227cfdb]
2025-01-29 17:06:50,190 INFO c.h.h.t.HelmChartContainer - Container [test-hivemq-platform-0] [hivemq] [253b4fe9-6feb-4e62-aa85-4e39f227cfdb] was terminated
2025-01-29 17:06:50,190 INFO c.h.h.t.HelmChartContainer - Stopped log watcher for hivemq in pod test-hivemq-platform-0 [253b4fe9-6feb-4e62-aa85-4e39f227cfdb]
2025-01-29 17:06:50,198 INFO c.h.h.t.HelmChartContainer - [test-hivemq-platform] [hivemq] [253b4fe9] INFO  - [HiveMQ Platform Operator Init App 1.7.0-SNAPSHOT] Shutting down
2025-01-29 17:06:50,198 INFO c.h.h.t.HelmChartContainer - [test-hivemq-platform] [hivemq] [253b4fe9] INFO  - [HiveMQ Platform Operator Init App 1.7.0-SNAPSHOT] Stopping the HiveMQ Platform
2025-01-29 17:06:50,318 INFO c.h.h.t.HelmChartContainer - [test-hivemq-platform] [hivemq] [253b4fe9] INFO  - Shutting down HiveMQ. Please wait, this could take a while...
2025-01-29 17:06:50,369 INFO c.h.h.t.HelmChartContainer - [test-hivemq-platform] [hivemq] [253b4fe9] INFO  - Shutting down listeners and clients
2025-01-29 17:06:50,370 INFO c.h.h.t.HelmChartContainer - [test-hivemq-platform] [hivemq] [253b4fe9] INFO  - Shutdown of listeners is done
2025-01-29 17:06:50,370 INFO c.h.h.t.HelmChartContainer - [test-hivemq-platform] [hivemq] [253b4fe9] INFO  - No clients are connected, proceeding with shutdown
2025-01-29 17:06:51,505 INFO c.h.h.t.HelmChartContainer - Deleting namespace 'helmcustomextensionit'...
2025-01-29 17:06:52,024 INFO c.h.h.t.HelmChartContainer - [test-hivemq-platform] [hivemq] [253b4fe9] INFO  - [HiveMQ Platform Operator Init App 1.7.0-SNAPSHOT] Returning shutdown Health API response 503 for readiness
2025-01-29 17:06:52,028 INFO c.h.h.t.HelmChartContainer - [EVENT] Warning [Unhealthy] Readiness probe failed: HTTP probe failed with statuscode: 503 [helmcustomextensionit:test-hivemq-platform-0]
2025-01-29 17:06:52,028 INFO c.h.h.t.HelmChartContainer - Received Unhealthy event for container hivemq in pod test-hivemq-platform-0 [253b4fe9-6feb-4e62-aa85-4e39f227cfdb]
2025-01-29 17:06:52,636 INFO c.h.h.t.HelmChartContainer - [test-hivemq-platform] [hivemq] [253b4fe9] WARN  - [HiveMQ Platform Operator Init App 1.7.0-SNAPSHOT] Could not update Pod annotations: Failure executing: GET at: https://10.43.0.1:443/api/v1/namespaces/helmcustomextensionit/pods/test-hivemq-platform-0. Message: pods "test-hivemq-platform-0" is forbidden: User "system:serviceaccount:helmcustomextensionit:hivemq-platform-pod-test-hivemq-platform" cannot get resource "pods" in API group "" in the namespace "helmcustomextensionit". Received status: Status(apiVersion=v1, code=403, details=StatusDetails(causes=[], group=null, kind=pods, name=test-hivemq-platform-0, retryAfterSeconds=null, uid=null, additionalProperties={}), kind=Status, message=pods "test-hivemq-platform-0" is forbidden: User "system:serviceaccount:helmcustomextensionit:hivemq-platform-pod-test-hivemq-platform" cannot get resource "pods" in API group "" in the namespace "helmcustomextensionit", metadata=ListMeta(_continue=null, remainingItemCount=null, resourceVersion=null, selfLink=null, additionalProperties={}), reason=Forbidden, status=Failure, additionalProperties={}).
2025-01-29 17:06:53,415 INFO c.h.h.t.HelmChartContainer - [test-hivemq-platform] [hivemq] [253b4fe9] INFO  - Shutting down extension system
2025-01-29 17:06:53,417 INFO c.h.h.t.HelmChartContainer - [test-hivemq-platform] [hivemq] [253b4fe9] INFO  - Stopping extension with id hivemq-dns-cluster-discovery
2025-01-29 17:06:53,418 INFO c.h.h.t.HelmChartContainer - [test-hivemq-platform] [hivemq] [253b4fe9] INFO  - Extension "DNS Cluster Discovery Extension" version 4.3.2 stopped successfully.
2025-01-29 17:06:53,419 INFO c.h.h.t.HelmChartContainer - [test-hivemq-platform] [hivemq] [253b4fe9] INFO  - Stopping extension with id hivemq-custom-test-extension
2025-01-29 17:06:53,419 INFO c.h.h.t.HelmChartContainer - [test-hivemq-platform] [hivemq] [253b4fe9] INFO  - HiveMQ Custom Test Extension stopped
2025-01-29 17:06:53,420 INFO c.h.h.t.HelmChartContainer - [test-hivemq-platform] [hivemq] [253b4fe9] INFO  - Extension "HiveMQ Custom Test Extension" version 3.0.0 stopped successfully.
2025-01-29 17:06:53,420 INFO c.h.h.t.HelmChartContainer - [test-hivemq-platform] [hivemq] [253b4fe9] INFO  - Stopping extension with id hivemq-prometheus-extension
2025-01-29 17:06:53,423 INFO c.h.h.t.HelmChartContainer - [test-hivemq-platform] [hivemq] [253b4fe9] INFO  - Extension "Prometheus Monitoring Extension" version 4.0.12 stopped successfully.
2025-01-29 17:06:53,424 INFO c.h.h.t.HelmChartContainer - [test-hivemq-platform] [hivemq] [253b4fe9] INFO  - Stopping extension with id hivemq-allow-all-extension
2025-01-29 17:06:53,424 INFO c.h.h.t.HelmChartContainer - [test-hivemq-platform] [hivemq] [253b4fe9] INFO  - Extension "Allow All Extension" version 1.1.1 stopped successfully.
2025-01-29 17:06:55,709 INFO c.h.h.t.HelmChartContainer - [test-hivemq-platform] [hivemq] [253b4fe9] INFO  - Shutdown completed.
2025-01-29 17:06:56,116 INFO c.h.h.t.HelmChartContainer - [test-hivemq-platform] [hivemq] [253b4fe9] INFO  - [HiveMQ Platform Operator Init App 1.7.0-SNAPSHOT] The HiveMQ Platform exited with code 143
2025-01-29 17:06:56,116 INFO c.h.h.t.HelmChartContainer - [test-hivemq-platform] [hivemq] [253b4fe9] INFO  - [HiveMQ Platform Operator Init App 1.7.0-SNAPSHOT] Stopping the REST API
2025-01-29 17:06:56,122 INFO c.h.h.t.HelmChartContainer - [test-hivemq-platform] [hivemq] [253b4fe9] INFO  - [HiveMQ Platform Operator Init App 1.7.0-SNAPSHOT] Shutdown complete
2025-01-29 17:06:56,538 INFO c.h.h.t.HelmChartContainer - [K3S] [stateful_set.go:466] "StatefulSet has been deleted" key="helmcustomextensionit/test-hivemq-platform"
2025-01-29 17:06:56,610 INFO c.h.h.t.HelmChartContainer - [POD] test-hivemq-platform-0 [253b4fe9-6feb-4e62-aa85-4e39f227cfdb] in helmcustomextensionit was MODIFIED
2025-01-29 17:06:56,649 INFO c.h.h.t.HelmChartContainer - [K3S] [replica_set.go:679] "Finished syncing" kind="ReplicaSet" key="helmcustomextensionit/nginx-76c686bdbf" duration="4.839µs"
2025-01-29 17:06:56,658 INFO c.h.h.t.HelmChartContainer - [POD] nginx-76c686bdbf-fczc7 [eeeb19a0-a84f-44c7-9c6a-dadc2ee17301] in helmcustomextensionit was MODIFIED
2025-01-29 17:06:56,666 INFO c.h.h.t.HelmChartContainer - [nginx-76c686bdbf-fcz] [nginx] [eeeb19a0] 2025/01/29 17:06:56 [notice] 1#1: signal 3 (SIGQUIT) received, shutting down
2025-01-29 17:06:56,667 INFO c.h.h.t.HelmChartContainer - [nginx-76c686bdbf-fcz] [nginx] [eeeb19a0] 2025/01/29 17:06:56 [notice] 22#22: gracefully shutting down
2025-01-29 17:06:56,667 INFO c.h.h.t.HelmChartContainer - [nginx-76c686bdbf-fcz] [nginx] [eeeb19a0] 2025/01/29 17:06:56 [notice] 22#22: exiting
2025-01-29 17:06:56,667 INFO c.h.h.t.HelmChartContainer - [nginx-76c686bdbf-fcz] [nginx] [eeeb19a0] 2025/01/29 17:06:56 [notice] 23#23: gracefully shutting down
2025-01-29 17:06:56,667 INFO c.h.h.t.HelmChartContainer - [nginx-76c686bdbf-fcz] [nginx] [eeeb19a0] 2025/01/29 17:06:56 [notice] 23#23: exiting
2025-01-29 17:06:56,667 INFO c.h.h.t.HelmChartContainer - [nginx-76c686bdbf-fcz] [nginx] [eeeb19a0] 2025/01/29 17:06:56 [notice] 22#22: exit
2025-01-29 17:06:56,667 INFO c.h.h.t.HelmChartContainer - [nginx-76c686bdbf-fcz] [nginx] [eeeb19a0] 2025/01/29 17:06:56 [notice] 23#23: exit
2025-01-29 17:06:56,667 INFO c.h.h.t.HelmChartContainer - [nginx-76c686bdbf-fcz] [nginx] [eeeb19a0] 2025/01/29 17:06:56 [notice] 24#24: gracefully shutting down
2025-01-29 17:06:56,668 INFO c.h.h.t.HelmChartContainer - [nginx-76c686bdbf-fcz] [nginx] [eeeb19a0] 2025/01/29 17:06:56 [notice] 24#24: exiting
2025-01-29 17:06:56,668 INFO c.h.h.t.HelmChartContainer - [nginx-76c686bdbf-fcz] [nginx] [eeeb19a0] 2025/01/29 17:06:56 [notice] 24#24: exit
2025-01-29 17:06:56,668 INFO c.h.h.t.HelmChartContainer - [nginx-76c686bdbf-fcz] [nginx] [eeeb19a0] 2025/01/29 17:06:56 [notice] 25#25: gracefully shutting down
2025-01-29 17:06:56,668 INFO c.h.h.t.HelmChartContainer - [nginx-76c686bdbf-fcz] [nginx] [eeeb19a0] 2025/01/29 17:06:56 [notice] 25#25: exiting
2025-01-29 17:06:56,668 INFO c.h.h.t.HelmChartContainer - [nginx-76c686bdbf-fcz] [nginx] [eeeb19a0] 2025/01/29 17:06:56 [notice] 25#25: exit
2025-01-29 17:06:56,672 INFO c.h.h.t.HelmChartContainer - [nginx-76c686bdbf-fcz] [nginx] [eeeb19a0] 2025/01/29 17:06:56 [notice] 1#1: signal 17 (SIGCHLD) received from 23
2025-01-29 17:06:56,672 INFO c.h.h.t.HelmChartContainer - [nginx-76c686bdbf-fcz] [nginx] [eeeb19a0] 2025/01/29 17:06:56 [notice] 1#1: worker process 23 exited with code 0
2025-01-29 17:06:56,672 INFO c.h.h.t.HelmChartContainer - [nginx-76c686bdbf-fcz] [nginx] [eeeb19a0] 2025/01/29 17:06:56 [notice] 1#1: signal 29 (SIGIO) received
2025-01-29 17:06:56,674 INFO c.h.h.t.HelmChartContainer - [nginx-76c686bdbf-fcz] [nginx] [eeeb19a0] 2025/01/29 17:06:56 [notice] 1#1: signal 17 (SIGCHLD) received from 22
2025-01-29 17:06:56,674 INFO c.h.h.t.HelmChartContainer - [nginx-76c686bdbf-fcz] [nginx] [eeeb19a0] 2025/01/29 17:06:56 [notice] 1#1: worker process 22 exited with code 0
2025-01-29 17:06:56,674 INFO c.h.h.t.HelmChartContainer - [nginx-76c686bdbf-fcz] [nginx] [eeeb19a0] 2025/01/29 17:06:56 [notice] 1#1: signal 29 (SIGIO) received
2025-01-29 17:06:56,676 INFO c.h.h.t.HelmChartContainer - [nginx-76c686bdbf-fcz] [nginx] [eeeb19a0] 2025/01/29 17:06:56 [notice] 1#1: signal 17 (SIGCHLD) received from 25
2025-01-29 17:06:56,677 INFO c.h.h.t.HelmChartContainer - [nginx-76c686bdbf-fcz] [nginx] [eeeb19a0] 2025/01/29 17:06:56 [notice] 1#1: worker process 25 exited with code 0
2025-01-29 17:06:56,677 INFO c.h.h.t.HelmChartContainer - [nginx-76c686bdbf-fcz] [nginx] [eeeb19a0] 2025/01/29 17:06:56 [notice] 1#1: signal 29 (SIGIO) received
2025-01-29 17:06:56,680 INFO c.h.h.t.HelmChartContainer - [nginx-76c686bdbf-fcz] [nginx] [eeeb19a0] 2025/01/29 17:06:56 [notice] 1#1: signal 17 (SIGCHLD) received from 24
2025-01-29 17:06:56,680 INFO c.h.h.t.HelmChartContainer - [nginx-76c686bdbf-fcz] [nginx] [eeeb19a0] 2025/01/29 17:06:56 [notice] 1#1: worker process 24 exited with code 0
2025-01-29 17:06:56,681 INFO c.h.h.t.HelmChartContainer - [nginx-76c686bdbf-fcz] [nginx] [eeeb19a0] 2025/01/29 17:06:56 [notice] 1#1: exit
2025-01-29 17:06:56,689 INFO c.h.h.t.HelmChartContainer - [K3S] [reconciler_common.go:162] "operationExecutor.UnmountVolume started for volume \"broker-configuration\" (UniqueName: \"kubernetes.io/configmap/253b4fe9-6feb-4e62-aa85-4e39f227cfdb-broker-configuration\") pod \"253b4fe9-6feb-4e62-aa85-4e39f227cfdb\" (UID: \"253b4fe9-6feb-4e62-aa85-4e39f227cfdb\") "
2025-01-29 17:06:56,690 INFO c.h.h.t.HelmChartContainer - [K3S] [reconciler_common.go:162] "operationExecutor.UnmountVolume started for volume \"kube-api-access-pgnw5\" (UniqueName: \"kubernetes.io/projected/253b4fe9-6feb-4e62-aa85-4e39f227cfdb-kube-api-access-pgnw5\") pod \"253b4fe9-6feb-4e62-aa85-4e39f227cfdb\" (UID: \"253b4fe9-6feb-4e62-aa85-4e39f227cfdb\") "
2025-01-29 17:06:56,690 INFO c.h.h.t.HelmChartContainer - [K3S] [reconciler_common.go:162] "operationExecutor.UnmountVolume started for volume \"operator-init\" (UniqueName: \"kubernetes.io/empty-dir/253b4fe9-6feb-4e62-aa85-4e39f227cfdb-operator-init\") pod \"253b4fe9-6feb-4e62-aa85-4e39f227cfdb\" (UID: \"253b4fe9-6feb-4e62-aa85-4e39f227cfdb\") "
2025-01-29 17:06:56,690 INFO c.h.h.t.HelmChartContainer - [K3S] [reconciler_common.go:162] "operationExecutor.UnmountVolume started for volume \"pod-info\" (UniqueName: \"kubernetes.io/configmap/253b4fe9-6feb-4e62-aa85-4e39f227cfdb-pod-info\") pod \"253b4fe9-6feb-4e62-aa85-4e39f227cfdb\" (UID: \"253b4fe9-6feb-4e62-aa85-4e39f227cfdb\") "
2025-01-29 17:06:56,789 INFO c.h.h.t.HelmChartContainer - [K3S] [reconciler_common.go:299] "Volume detached for volume \"broker-configuration\" (UniqueName: \"kubernetes.io/configmap/253b4fe9-6feb-4e62-aa85-4e39f227cfdb-broker-configuration\") on node \"cbc6d6ca7a03\" DevicePath \"\""
2025-01-29 17:06:56,789 INFO c.h.h.t.HelmChartContainer - [K3S] [reconciler_common.go:299] "Volume detached for volume \"kube-api-access-pgnw5\" (UniqueName: \"kubernetes.io/projected/253b4fe9-6feb-4e62-aa85-4e39f227cfdb-kube-api-access-pgnw5\") on node \"cbc6d6ca7a03\" DevicePath \"\""
2025-01-29 17:06:56,789 INFO c.h.h.t.HelmChartContainer - [K3S] [reconciler_common.go:299] "Volume detached for volume \"operator-init\" (UniqueName: \"kubernetes.io/empty-dir/253b4fe9-6feb-4e62-aa85-4e39f227cfdb-operator-init\") on node \"cbc6d6ca7a03\" DevicePath \"\""
2025-01-29 17:06:56,789 INFO c.h.h.t.HelmChartContainer - [K3S] [reconciler_common.go:299] "Volume detached for volume \"pod-info\" (UniqueName: \"kubernetes.io/configmap/253b4fe9-6feb-4e62-aa85-4e39f227cfdb-pod-info\") on node \"cbc6d6ca7a03\" DevicePath \"\""
2025-01-29 17:06:56,807 INFO c.h.h.t.HelmChartContainer - [K3S] [scope.go:117] "RemoveContainer" containerID="83c8236598bdff281304f2b18a594cea4fc3e1c085bb71f0d8dab9063ea693d2"
2025-01-29 17:06:56,808 INFO c.h.h.t.HelmChartContainer - [K3S] [pod_container_deletor.go:80] "Container not found in pod's containers" containerID="0485d41c020297858bdf390f0ad2313d8c4e653e245bf0f097f341eee8861f8b"
2025-01-29 17:06:56,821 INFO c.h.h.t.HelmChartContainer - [POD] test-hivemq-platform-0 [253b4fe9-6feb-4e62-aa85-4e39f227cfdb] in helmcustomextensionit was MODIFIED
2025-01-29 17:06:56,824 INFO c.h.h.t.HelmChartContainer - [POD] test-hivemq-platform-0 [253b4fe9-6feb-4e62-aa85-4e39f227cfdb] in helmcustomextensionit was DELETED
2025-01-29 17:06:56,838 INFO c.h.h.t.HelmChartContainer - [POD] nginx-76c686bdbf-fczc7 [eeeb19a0-a84f-44c7-9c6a-dadc2ee17301] in helmcustomextensionit was MODIFIED
2025-01-29 17:06:56,890 INFO c.h.h.t.HelmChartContainer - [K3S] [reconciler_common.go:162] "operationExecutor.UnmountVolume started for volume \"nginx-https-conf\" (UniqueName: \"kubernetes.io/host-path/eeeb19a0-a84f-44c7-9c6a-dadc2ee17301-nginx-https-conf\") pod \"eeeb19a0-a84f-44c7-9c6a-dadc2ee17301\" (UID: \"eeeb19a0-a84f-44c7-9c6a-dadc2ee17301\") "
2025-01-29 17:06:56,891 INFO c.h.h.t.HelmChartContainer - [K3S] [reconciler_common.go:162] "operationExecutor.UnmountVolume started for volume \"nginx-certificates\" (UniqueName: \"kubernetes.io/secret/eeeb19a0-a84f-44c7-9c6a-dadc2ee17301-nginx-certificates\") pod \"eeeb19a0-a84f-44c7-9c6a-dadc2ee17301\" (UID: \"eeeb19a0-a84f-44c7-9c6a-dadc2ee17301\") "
2025-01-29 17:06:56,891 INFO c.h.h.t.HelmChartContainer - [K3S] [reconciler_common.go:162] "operationExecutor.UnmountVolume started for volume \"volume-hivemq-custom-test-extension-300\" (UniqueName: \"kubernetes.io/host-path/eeeb19a0-a84f-44c7-9c6a-dadc2ee17301-volume-hivemq-custom-test-extension-300\") pod \"eeeb19a0-a84f-44c7-9c6a-dadc2ee17301\" (UID: \"eeeb19a0-a84f-44c7-9c6a-dadc2ee17301\") "
2025-01-29 17:06:56,891 INFO c.h.h.t.HelmChartContainer - [K3S] [reconciler_common.go:162] "operationExecutor.UnmountVolume started for volume \"kube-api-access-hpsm7\" (UniqueName: \"kubernetes.io/projected/eeeb19a0-a84f-44c7-9c6a-dadc2ee17301-kube-api-access-hpsm7\") pod \"eeeb19a0-a84f-44c7-9c6a-dadc2ee17301\" (UID: \"eeeb19a0-a84f-44c7-9c6a-dadc2ee17301\") "
2025-01-29 17:06:56,891 INFO c.h.h.t.HelmChartContainer - [K3S] [reconciler_common.go:299] "Volume detached for volume \"nginx-https-conf\" (UniqueName: \"kubernetes.io/host-path/eeeb19a0-a84f-44c7-9c6a-dadc2ee17301-nginx-https-conf\") on node \"cbc6d6ca7a03\" DevicePath \"\""
2025-01-29 17:06:56,920 INFO c.h.h.t.HelmChartContainer - [K3S] [namespace_controller.go:164] "Unhandled Error" err="deletion of namespace helmcustomextensionit failed: unexpected items still remain in namespace: helmcustomextensionit for gvr: /v1, Resource=pods"
2025-01-29 17:06:56,928 INFO c.h.h.t.HelmChartContainer - [K3S] [scope.go:117] "RemoveContainer" containerID="10f1f3ab1db8783387a70122ca0d1941462597ec6aa9f83181b3fdf5528d2bc8"
2025-01-29 17:06:56,932 INFO c.h.h.t.HelmChartContainer - [K3S] [scope.go:117] "RemoveContainer" containerID="83c8236598bdff281304f2b18a594cea4fc3e1c085bb71f0d8dab9063ea693d2"
2025-01-29 17:06:56,933 INFO c.h.h.t.HelmChartContainer - [K3S] [scope.go:117] "RemoveContainer" containerID="10f1f3ab1db8783387a70122ca0d1941462597ec6aa9f83181b3fdf5528d2bc8"
2025-01-29 17:06:56,991 INFO c.h.h.t.HelmChartContainer - [K3S] [reconciler_common.go:299] "Volume detached for volume \"nginx-certificates\" (UniqueName: \"kubernetes.io/secret/eeeb19a0-a84f-44c7-9c6a-dadc2ee17301-nginx-certificates\") on node \"cbc6d6ca7a03\" DevicePath \"\""
2025-01-29 17:06:56,991 INFO c.h.h.t.HelmChartContainer - [K3S] [reconciler_common.go:299] "Volume detached for volume \"volume-hivemq-custom-test-extension-300\" (UniqueName: \"kubernetes.io/host-path/eeeb19a0-a84f-44c7-9c6a-dadc2ee17301-volume-hivemq-custom-test-extension-300\") on node \"cbc6d6ca7a03\" DevicePath \"\""
2025-01-29 17:06:56,991 INFO c.h.h.t.HelmChartContainer - [K3S] [reconciler_common.go:299] "Volume detached for volume \"kube-api-access-hpsm7\" (UniqueName: \"kubernetes.io/projected/eeeb19a0-a84f-44c7-9c6a-dadc2ee17301-kube-api-access-hpsm7\") on node \"cbc6d6ca7a03\" DevicePath \"\""
2025-01-29 17:06:57,074 INFO c.h.h.t.HelmChartContainer - [K3S] [namespace_controller.go:164] "Unhandled Error" err="deletion of namespace helmcustomextensionit failed: unexpected items still remain in namespace: helmcustomextensionit for gvr: /v1, Resource=pods"
2025-01-29 17:06:57,173 INFO c.h.h.t.HelmChartContainer - [K3S] [namespace_controller.go:164] "Unhandled Error" err="deletion of namespace helmcustomextensionit failed: unexpected items still remain in namespace: helmcustomextensionit for gvr: /v1, Resource=pods"
2025-01-29 17:06:57,271 INFO c.h.h.t.HelmChartContainer - [K3S] [kubelet_volumes.go:163] "Cleaned up orphaned pod volumes dir" podUID="253b4fe9-6feb-4e62-aa85-4e39f227cfdb" path="/var/lib/kubelet/pods/253b4fe9-6feb-4e62-aa85-4e39f227cfdb/volumes"
2025-01-29 17:06:57,284 INFO c.h.h.t.HelmChartContainer - [K3S] [namespace_controller.go:164] "Unhandled Error" err="deletion of namespace helmcustomextensionit failed: unexpected items still remain in namespace: helmcustomextensionit for gvr: /v1, Resource=pods"
2025-01-29 17:06:57,432 INFO c.h.h.t.HelmChartContainer - [K3S] [namespace_controller.go:164] "Unhandled Error" err="deletion of namespace helmcustomextensionit failed: unexpected items still remain in namespace: helmcustomextensionit for gvr: /v1, Resource=pods"
2025-01-29 17:06:57,602 INFO c.h.h.t.HelmChartContainer - [K3S] [namespace_controller.go:164] "Unhandled Error" err="deletion of namespace helmcustomextensionit failed: unexpected items still remain in namespace: helmcustomextensionit for gvr: /v1, Resource=pods"
2025-01-29 17:06:57,683 INFO c.h.h.t.HelmChartContainer - Stopped log watcher for nginx in pod nginx-76c686bdbf-fczc7 [eeeb19a0-a84f-44c7-9c6a-dadc2ee17301]
2025-01-29 17:06:57,818 INFO c.h.h.t.HelmChartContainer - [POD] nginx-76c686bdbf-fczc7 [eeeb19a0-a84f-44c7-9c6a-dadc2ee17301] in helmcustomextensionit was MODIFIED
2025-01-29 17:06:57,820 INFO c.h.h.t.HelmChartContainer - [POD] nginx-76c686bdbf-fczc7 [eeeb19a0-a84f-44c7-9c6a-dadc2ee17301] in helmcustomextensionit was DELETED
2025-01-29 17:06:57,957 INFO c.h.h.t.HelmChartContainer - [K3S] [namespace_controller.go:164] "Unhandled Error" err="deletion of namespace helmcustomextensionit failed: unexpected items still remain in namespace: helmcustomextensionit for gvr: /v1, Resource=pods"
2025-01-29 17:06:58,429 INFO c.h.h.t.HelmChartContainer - Namespace 'helmcustomextensionit' deleted
2025-01-29 17:06:58,429 INFO c.h.h.t.HelmChartContainer - Release 'test-hivemq-platform' in namespace 'helmcustomextensionit' is uninstalled
2025-01-29 17:06:58,429 INFO c.h.h.t.HelmChartContainer - Uninstalling release 'test-hivemq-platform-operator' in namespace 'helmcustomextensionit-operator'...
2025-01-29 17:06:58,429 DEBUG c.h.h.t.HelmChartContainer - Executing helm command: /bin/helm --kubeconfig /etc/rancher/k3s/k3s.yaml uninstall test-hivemq-platform-operator  --wait --timeout 5m0s --cascade foreground --namespace helmcustomextensionit-operator
2025-01-29 17:06:58,604 INFO c.h.h.t.HelmChartContainer - [K3S] [replica_set.go:679] "Finished syncing" kind="ReplicaSet" key="helmcustomextensionit-operator/hivemq-test-hivemq-platform-operator-6966f96d65" duration="9.379731ms"
2025-01-29 17:06:58,604 INFO c.h.h.t.HelmChartContainer - [K3S] [replica_set.go:679] "Finished syncing" kind="ReplicaSet" key="helmcustomextensionit-operator/hivemq-test-hivemq-platform-operator-6966f96d65" duration="35.406µs"
2025-01-29 17:06:58,612 INFO c.h.h.t.HelmChartContainer - [POD] hivemq-test-hivemq-platform-operator-6966f96d65-dtrfm [72709f6d-bd4c-4232-9bad-af5c6ef344ea] in helmcustomextensionit-operator was MODIFIED
2025-01-29 17:06:58,619 INFO c.h.h.t.HelmChartContainer - [EVENT] Normal [Killing] Stopping container hivemq-platform-operator [helmcustomextensionit-operator:hivemq-test-hivemq-platform-operator-6966f96d65-dtrfm]
2025-01-29 17:06:58,619 INFO c.h.h.t.HelmChartContainer - Received Killing event for container hivemq-platform-operator in pod hivemq-test-hivemq-platform-operator-6966f96d65-dtrfm [72709f6d-bd4c-4232-9bad-af5c6ef344ea]
2025-01-29 17:06:58,619 INFO c.h.h.t.HelmChartContainer - Container [hivemq-test-hivemq-platform-operator-6966f96d65-dtrfm] [hivemq-platform-operator] [72709f6d-bd4c-4232-9bad-af5c6ef344ea] was terminated
2025-01-29 17:06:58,619 INFO c.h.h.t.HelmChartContainer - Stopped log watcher for hivemq-platform-operator in pod hivemq-test-hivemq-platform-operator-6966f96d65-dtrfm [72709f6d-bd4c-4232-9bad-af5c6ef344ea]
2025-01-29 17:06:58,623 INFO c.h.h.t.HelmChartContainer - [K3S] [replica_set.go:679] "Finished syncing" kind="ReplicaSet" key="helmcustomextensionit-operator/hivemq-test-hivemq-platform-operator-6966f96d65" duration="11.582415ms"
2025-01-29 17:06:58,623 INFO c.h.h.t.HelmChartContainer - [K3S] [replica_set.go:679] "Finished syncing" kind="ReplicaSet" key="helmcustomextensionit-operator/hivemq-test-hivemq-platform-operator-6966f96d65" duration="65.202µs"
2025-01-29 17:06:58,629 INFO c.h.h.t.HelmChartContainer - [hivemq-test-hivemq-platform] [hivemq-platform-operator] [72709f6d] 17:06:58.627 [application-shutdown-thread] INFO  c.h.p.o.HiveMQPlatformOperatorApplication - HiveMQ Platform Operator is stopping...
2025-01-29 17:06:58,630 INFO c.h.h.t.HelmChartContainer - [hivemq-test-hivemq-platform] [hivemq-platform-operator] [72709f6d] 17:06:58.627 [application-shutdown-thread] INFO  i.javaoperatorsdk.operator.Operator - Operator SDK 4.9.7 is shutting down...
2025-01-29 17:06:58,942 INFO c.h.h.t.HelmChartContainer - [K3S] [replica_set.go:679] "Finished syncing" kind="ReplicaSet" key="helmcustomextensionit-operator/hivemq-test-hivemq-platform-operator-6966f96d65" duration="41.317µs"
2025-01-29 17:06:58,944 INFO c.h.h.t.HelmChartContainer - [POD] hivemq-test-hivemq-platform-operator-6966f96d65-dtrfm [72709f6d-bd4c-4232-9bad-af5c6ef344ea] in helmcustomextensionit-operator was MODIFIED
2025-01-29 17:06:59,006 INFO c.h.h.t.HelmChartContainer - [K3S] [reconciler_common.go:162] "operationExecutor.UnmountVolume started for volume \"kube-api-access-kt8j2\" (UniqueName: \"kubernetes.io/projected/72709f6d-bd4c-4232-9bad-af5c6ef344ea-kube-api-access-kt8j2\") pod \"72709f6d-bd4c-4232-9bad-af5c6ef344ea\" (UID: \"72709f6d-bd4c-4232-9bad-af5c6ef344ea\") "
2025-01-29 17:06:59,107 INFO c.h.h.t.HelmChartContainer - [K3S] [reconciler_common.go:299] "Volume detached for volume \"kube-api-access-kt8j2\" (UniqueName: \"kubernetes.io/projected/72709f6d-bd4c-4232-9bad-af5c6ef344ea-kube-api-access-kt8j2\") on node \"cbc6d6ca7a03\" DevicePath \"\""
2025-01-29 17:06:59,271 INFO c.h.h.t.HelmChartContainer - [K3S] [kubelet_volumes.go:163] "Cleaned up orphaned pod volumes dir" podUID="eeeb19a0-a84f-44c7-9c6a-dadc2ee17301" path="/var/lib/kubelet/pods/eeeb19a0-a84f-44c7-9c6a-dadc2ee17301/volumes"
2025-01-29 17:06:59,814 INFO c.h.h.t.HelmChartContainer - [K3S] [scope.go:117] "RemoveContainer" containerID="44d7c8839d9e3931a151408f2159857229acd4c006778c64e01bcdc14c6540b7"
2025-01-29 17:06:59,817 INFO c.h.h.t.HelmChartContainer - [K3S] [scope.go:117] "RemoveContainer" containerID="44d7c8839d9e3931a151408f2159857229acd4c006778c64e01bcdc14c6540b7"
2025-01-29 17:06:59,824 INFO c.h.h.t.HelmChartContainer - [K3S] [replica_set.go:679] "Finished syncing" kind="ReplicaSet" key="helmcustomextensionit-operator/hivemq-test-hivemq-platform-operator-6966f96d65" duration="40.185µs"
2025-01-29 17:06:59,825 INFO c.h.h.t.HelmChartContainer - [POD] hivemq-test-hivemq-platform-operator-6966f96d65-dtrfm [72709f6d-bd4c-4232-9bad-af5c6ef344ea] in helmcustomextensionit-operator was MODIFIED
2025-01-29 17:06:59,826 INFO c.h.h.t.HelmChartContainer - [K3S] [replica_set.go:679] "Finished syncing" kind="ReplicaSet" key="helmcustomextensionit-operator/hivemq-test-hivemq-platform-operator-6966f96d65" duration="30.938µs"
2025-01-29 17:06:59,828 INFO c.h.h.t.HelmChartContainer - [POD] hivemq-test-hivemq-platform-operator-6966f96d65-dtrfm [72709f6d-bd4c-4232-9bad-af5c6ef344ea] in helmcustomextensionit-operator was DELETED
2025-01-29 17:06:59,838 INFO c.h.h.t.HelmChartContainer - [K3S] [replica_set.go:679] "Finished syncing" kind="ReplicaSet" key="helmcustomextensionit-operator/hivemq-test-hivemq-platform-operator-6966f96d65" duration="6.051µs"
2025-01-29 17:07:00,628 INFO c.h.h.t.HelmChartContainer - Deleting namespace 'helmcustomextensionit-operator'...
2025-01-29 17:07:01,271 INFO c.h.h.t.HelmChartContainer - [K3S] [kubelet_volumes.go:163] "Cleaned up orphaned pod volumes dir" podUID="72709f6d-bd4c-4232-9bad-af5c6ef344ea" path="/var/lib/kubelet/pods/72709f6d-bd4c-4232-9bad-af5c6ef344ea/volumes"
2025-01-29 17:07:03,372 INFO c.h.h.t.HelmChartContainer - [K3S] [namespace_controller.go:187] "Namespace has been deleted" namespace="helmcustomextensionit"
2025-01-29 17:07:05,845 INFO c.h.h.t.HelmChartContainer - Namespace 'helmcustomextensionit-operator' deleted
2025-01-29 17:07:05,845 INFO c.h.h.t.HelmChartContainer - Release 'test-hivemq-platform-operator' in namespace 'helmcustomextensionit-operator' is uninstalled
2025-01-29 17:07:06,743 INFO c.h.helmcharts.AbstractHelmChartIT - Removed unused containers:

2025-01-29 17:07:10,750 INFO c.h.h.t.HelmChartContainer - [K3S] [namespace_controller.go:187] "Namespace has been deleted" namespace="helmcustomextensionit-operator"
2025-01-29 17:07:15,673 INFO c.h.helmcharts.AbstractHelmChartIT - Removed unused snapshots:
Removing snapshot sha256:03af251906410714c5aef9fa705b63f6bbc39c4a5e787de7361eeb18886c2ed2
Removing snapshot sha256:0c46b3b43cce082ce5ec34ffc6c294e0417d17b9d1e6f366d114b6aadc4f96dc
Removing snapshot sha256:0ce761beee59082d6ed5bcebd3a805b8ddd9b3426b617e4809e7fb7c6587ffec
Removing snapshot sha256:0df91287303208332c8ff6ba40ae4710105201739addbfbddfb955f1ad593664
Removing snapshot sha256:1021ef88c7974bfff89c5a0ec4fd3160daac6c48a075f74cff721f85dd104e68
Removing snapshot sha256:10aba4953ddc18145dd38e3704709bc464aa20af60b56fe52caaff4b68411e62
Removing snapshot sha256:2573e0d8158209ed54ab25c87bcdcb00bd3d2539246960a3d592a1c599d70465
Removing snapshot sha256:32c96ddecc1cb45c9deb3a6ec8858d83750e2026bdbea35ddbddc0b3ca413156
Removing snapshot sha256:362a8a37f8bbc31925a8146adcf7cf51f9882f5c1dcbef67c5baa03a297543c0
Removing snapshot sha256:3fa4ad33f0ddc8fd45b39b6b4640f82a3a83619606cd975bfe89d8710ad2d4cd
Removing snapshot sha256:43a7c979bbaba6838bc3102d6b10a1459f3ab050b87ccdfef84ef90cf43d3058
Removing snapshot sha256:4ab04491cdf0d3267f08206fe30bd48f49f94b9cab2f016d6739220f722a64af
Removing snapshot sha256:4b6068250e89c96f263060261819c7d912855bfbd64b3eb4c4a8483299b8c295
Removing snapshot sha256:580e69a0a8034ede1921139bbd2bfb72a69ebf276d008281896c32dd8bf74775
Removing snapshot sha256:5d30ba46b27fe37484567ccc5242cadc78217b8da605f3f195ef25cbf7487904
Removing snapshot sha256:5ec183755d09a0a54d0f83e5a705f28f1606fe75660c13148fe125e4f12af39f
Removing snapshot sha256:63ca1fbb43ae5034640e5e6cb3e083e05c290072c5366fcaa9d62435a4cced85
Removing snapshot sha256:67f702c6baae873bceb19487c8b1f27bd2b86077e4f2f0e480e6d60ab508b8f5
Removing snapshot sha256:6864348dd42806d552efdec384f1274be15e2d0c10ce44c1f04347af004c10a9
Removing snapshot sha256:6c7dee8f2c39b84b7dc2711c01d33de93514d9055499173e9290176fbe484b6c
Removing snapshot sha256:82753493a6d61ded36556292f02f31841a14c20d2f279f19eaad65afb661d5cd
Removing snapshot sha256:8a10d3db42c505ee0fcfa98417bdd7e39b304f6bcc0a06bb1b220797ff2cc63c
Removing snapshot sha256:8ad081ee0d46efdea0492cd0bb527c50a8891276fd408ec1269522ac9d6d5580
Removing snapshot sha256:97df1a873add199feaeca6b46c5f9fc55b334ed309838a2b2319d8fb927fdcc5
Removing snapshot sha256:a21e5b12dbac529ad45d976eb9ce45c881f3bedcc500fb30aba1e52aa1813418
Removing snapshot sha256:a8d62a6e94dbe8920ecfafa3b3aff0ef70aa26ca929f90b110db998eec09bab5
Removing snapshot sha256:ad858b4eee2d8f479065d1b8c650e13c815e75b2e4503c05a67cdc8880b0975a
Removing snapshot sha256:b921e6c28969094157f9b8e7244677780319637afd14450b7cb6b2fdea558a0c
Removing snapshot sha256:bc27ecb5769a00e309cf99ebc763c4a4b958b618d1decc96ffac5bc05f02f5b7
Removing snapshot sha256:be3ccb6627a5332e309d45ef461d09b4879dd870c7394d89323d0ebc6ca6aa8a
Removing snapshot sha256:c261f7cbbc64211ee175ee47273acdb7b1a36a4450b397a064a8f2c026490095
Removing snapshot sha256:c34d9393647eea0c9e3557ab988efaf59f61d10a2a5613b439ef0958cca5ec10
Removing snapshot sha256:ccf3c4a0fa967a41c1c83497a2ce6fa5787965859df0adb32c4ca2cf7490bc2b
Removing snapshot sha256:cf92d33f869417309692088c341cd0f223c178ea78a125f757317b22aa8f90e9
Removing snapshot sha256:d0037344cf2fb078884f1849f6a1f8cf9a33a3b6139b6a85833e5ee528e1f9a8
Removing snapshot sha256:d351808aa3da5992f01a613745394c289e51a673d7809800322475b413e627e4
Removing snapshot sha256:d3b36d5b79273b1e98e7700470eaeff05a882e777124d84cebcc1505b85ecb36
Removing snapshot sha256:d65a44a37914602d12c611e5e22a50f11451d847e63015cc1c2aef92dee777a4
Removing snapshot sha256:d9ff8651e34fffb11d2a29317ec8404dcd4481bfcc1883b495113365dba8a461
Removing snapshot sha256:e2dc0bae2455930f23ae570e019b7f32edc75c0f2d71cab084db837ff9051796
Removing snapshot sha256:eccbd24a99c60cd9e86ee5305dbfc4a4dc89f5ab4fb1f06c8d64797cecedef34
Removing snapshot sha256:f144bb4c7c7f0d2aa7eeffd36d934ec40db1ee167be727e326aad9fdc616f475
Removing snapshot sha256:f5fe472da25334617e6e6467c7ebce41e0ae5580e5bd0ecbf0d573bacd560ecb

]]></system-out>
  </testcase>
  <system-out><![CDATA[2025-01-29 17:01:09,010 INFO c.h.h.t.HelmChartContainerExtension - Using cached HelmChartContainer instance
2025-01-29 17:01:09,015 INFO c.h.h.t.HelmChartContainerExtension - Creating cached HelmChartContainer instance
2025-01-29 17:01:09,033 INFO o.testcontainers.DockerClientFactory - Testcontainers version: 1.20.4
2025-01-29 17:01:09,512 INFO o.t.d.DockerClientProviderStrategy - Found Docker environment with local Unix socket (unix:///var/run/docker.sock)
2025-01-29 17:01:09,524 INFO o.testcontainers.DockerClientFactory - Docker host IP address is localhost
2025-01-29 17:01:09,539 INFO o.testcontainers.DockerClientFactory - Connected to docker: 
  Server Version: 26.1.3
  API Version: 1.45
  Operating System: Ubuntu 24.04.1 LTS
  Total Memory: 15990 MB
2025-01-29 17:01:09,547 INFO o.testcontainers.images.PullPolicy - Image pull policy will be performed by: DefaultPullPolicy()
2025-01-29 17:01:09,549 INFO o.t.utility.ImageNameSubstitutor - Image name substitution will be performed by: DefaultImageNameSubstitutor (composite of 'ConfigurationFileImageNameSubstitutor' and 'PrefixingImageNameSubstitutor')
2025-01-29 17:01:09,577 INFO tc.testcontainers/ryuk:0.11.0 - Pulling docker image: testcontainers/ryuk:0.11.0. Please be patient; this may take some time but only needs to be done once.
2025-01-29 17:01:09,996 INFO tc.testcontainers/ryuk:0.11.0 - Starting to pull image
2025-01-29 17:01:10,017 INFO tc.testcontainers/ryuk:0.11.0 - Pulling image layers:  0 pending,  0 downloaded,  0 extracted, (0 bytes/0 bytes)
2025-01-29 17:01:10,236 INFO tc.testcontainers/ryuk:0.11.0 - Pulling image layers:  2 pending,  1 downloaded,  0 extracted, (116 KB/? MB)
2025-01-29 17:01:10,249 INFO tc.testcontainers/ryuk:0.11.0 - Pulling image layers:  1 pending,  2 downloaded,  0 extracted, (143 KB/? MB)
2025-01-29 17:01:10,254 INFO tc.testcontainers/ryuk:0.11.0 - Pulling image layers:  0 pending,  3 downloaded,  0 extracted, (143 KB/10 MB)
2025-01-29 17:01:10,343 INFO tc.testcontainers/ryuk:0.11.0 - Pulling image layers:  0 pending,  3 downloaded,  1 extracted, (3 MB/10 MB)
2025-01-29 17:01:11,044 INFO tc.testcontainers/ryuk:0.11.0 - Pulling image layers:  0 pending,  3 downloaded,  2 extracted, (4 MB/10 MB)
2025-01-29 17:01:11,093 INFO tc.testcontainers/ryuk:0.11.0 - Pulling image layers:  0 pending,  3 downloaded,  3 extracted, (10 MB/10 MB)
2025-01-29 17:01:11,099 INFO tc.testcontainers/ryuk:0.11.0 - Pull complete. 3 layers, pulled in 1s (downloaded 10 MB at 10 MB/s)
2025-01-29 17:01:11,099 INFO tc.testcontainers/ryuk:0.11.0 - Image testcontainers/ryuk:0.11.0 pull took PT1.521308461S
2025-01-29 17:01:11,120 INFO tc.testcontainers/ryuk:0.11.0 - Creating container for image: testcontainers/ryuk:0.11.0
2025-01-29 17:01:11,183 INFO tc.testcontainers/ryuk:0.11.0 - Container testcontainers/ryuk:0.11.0 is starting: b0da2ae6a177b4f04a5d9d5e992077d73a86919c62a6cb43ee31adc0a91e23a6
2025-01-29 17:01:11,442 INFO tc.testcontainers/ryuk:0.11.0 - Container testcontainers/ryuk:0.11.0 started in PT0.322213054S
2025-01-29 17:01:11,446 INFO o.t.utility.RyukResourceReaper - Ryuk started - will monitor and terminate Testcontainers containers on JVM exit
2025-01-29 17:01:11,446 INFO o.testcontainers.DockerClientFactory - Checking the system...
2025-01-29 17:01:11,446 INFO o.testcontainers.DockerClientFactory - ✔︎ Docker server version should be at least 1.6.0
2025-01-29 17:01:11,529 INFO o.t.i.builder.ImageFromDockerfile - Pre-emptively checking local images for 'ubuntu:noble-20241118.1@sha256:80dd3c3b9c6cecb9f1667e9290b3bc61b78c2678c02cbdae5f0fea92cc6734ab', referenced via a Dockerfile. If not available, it will be pulled.
2025-01-29 17:01:11,532 INFO t.u.1@sha256:80dd3c... - Pulling docker image: ubuntu:noble-20241118.1@sha256:80dd3c3b9c6cecb9f1667e9290b3bc61b78c2678c02cbdae5f0fea92cc6734ab. Please be patient; this may take some time but only needs to be done once.
2025-01-29 17:01:11,774 INFO t.u.1@sha256:80dd3c... - Starting to pull image
2025-01-29 17:01:11,775 INFO t.u.1@sha256:80dd3c... - Pulling image layers:  0 pending,  0 downloaded,  0 extracted, (0 bytes/0 bytes)
2025-01-29 17:01:12,346 INFO t.u.1@sha256:80dd3c... - Pulling image layers:  0 pending,  1 downloaded,  0 extracted, (25 MB/28 MB)
2025-01-29 17:01:13,272 INFO t.u.1@sha256:80dd3c... - Pulling image layers:  0 pending,  1 downloaded,  1 extracted, (28 MB/28 MB)
2025-01-29 17:01:13,276 INFO t.u.1@sha256:80dd3c... - Pull complete. 1 layers, pulled in 1s (downloaded 28 MB at 28 MB/s)
2025-01-29 17:01:13,276 INFO t.u.1@sha256:80dd3c... - Image ubuntu:noble-20241118.1@sha256:80dd3c3b9c6cecb9f1667e9290b3bc61b78c2678c02cbdae5f0fea92cc6734ab pull took PT1.744230433S
2025-01-29 17:01:13,279 INFO o.t.i.builder.ImageFromDockerfile - Pre-emptively checking local images for 'rancher/k3s:v1.32.1-k3s1', referenced via a Dockerfile. If not available, it will be pulled.
2025-01-29 17:01:13,280 INFO tc.rancher/k3s:v1.32.1-k3s1 - Pulling docker image: rancher/k3s:v1.32.1-k3s1. Please be patient; this may take some time but only needs to be done once.
2025-01-29 17:01:13,658 INFO tc.rancher/k3s:v1.32.1-k3s1 - Starting to pull image
2025-01-29 17:01:13,659 INFO tc.rancher/k3s:v1.32.1-k3s1 - Pulling image layers:  0 pending,  0 downloaded,  0 extracted, (0 bytes/0 bytes)
2025-01-29 17:01:14,716 INFO tc.rancher/k3s:v1.32.1-k3s1 - Pulling image layers:  0 pending,  1 downloaded,  0 extracted, (71 MB/71 MB)
2025-01-29 17:01:15,760 INFO tc.rancher/k3s:v1.32.1-k3s1 - Pulling image layers:  0 pending,  1 downloaded,  1 extracted, (71 MB/71 MB)
2025-01-29 17:01:15,766 INFO tc.rancher/k3s:v1.32.1-k3s1 - Image rancher/k3s:v1.32.1-k3s1 pull took PT2.485275469S
2025-01-29 17:01:15,766 INFO tc.rancher/k3s:v1.32.1-k3s1 - Pull complete. 1 layers, pulled in 2s (downloaded 71 MB at 35 MB/s)
2025-01-29 17:01:15,772 INFO o.t.i.builder.ImageFromDockerfile - Transferred 0 bytes to Docker daemon
2025-01-29 17:01:29,016 INFO c.h.h.t.HelmChartContainer - Starting HelmChartContainer...
2025-01-29 17:01:29,019 INFO t.localhost/testcontainers/ikbf2sjqrhzsinmw:latest - Creating container for image: localhost/testcontainers/ikbf2sjqrhzsinmw:latest
2025-01-29 17:01:29,085 INFO tc.alpine:3.17 - Pulling docker image: alpine:3.17. Please be patient; this may take some time but only needs to be done once.
2025-01-29 17:01:29,441 INFO tc.alpine:3.17 - Starting to pull image
2025-01-29 17:01:29,441 INFO tc.alpine:3.17 - Pulling image layers:  0 pending,  0 downloaded,  0 extracted, (0 bytes/0 bytes)
2025-01-29 17:01:29,674 INFO tc.alpine:3.17 - Pulling image layers:  0 pending,  1 downloaded,  0 extracted, (33 KB/3 MB)
2025-01-29 17:01:29,769 INFO tc.alpine:3.17 - Pulling image layers:  0 pending,  1 downloaded,  1 extracted, (3 MB/3 MB)
2025-01-29 17:01:29,773 INFO tc.alpine:3.17 - Image alpine:3.17 pull took PT0.688177078S
2025-01-29 17:01:30,312 INFO t.localhost/testcontainers/ikbf2sjqrhzsinmw:latest - Container localhost/testcontainers/ikbf2sjqrhzsinmw:latest is starting: cbc6d6ca7a03e98ccce52a0d7388f88b4df7d03657e387c807dd582b19f0d96f
2025-01-29 17:01:30,676 INFO c.h.h.t.HelmChartContainer - [K3S] [INFO] Starting k3s v1.32.1+k3s1 (6a322f12)
2025-01-29 17:01:30,679 INFO c.h.h.t.HelmChartContainer - [K3S] [INFO] Configuring sqlite3 database connection pooling: maxIdleConns=2, maxOpenConns=0, connMaxLifetime=0s
2025-01-29 17:01:30,679 INFO c.h.h.t.HelmChartContainer - [K3S] [INFO] Configuring database table schema and indexes, this may take a moment...
2025-01-29 17:01:30,682 INFO c.h.h.t.HelmChartContainer - [K3S] [INFO] Database tables and indexes are up to date
2025-01-29 17:01:30,685 INFO c.h.h.t.HelmChartContainer - [K3S] [INFO] Kine available at unix://kine.sock
2025-01-29 17:01:30,811 INFO c.h.h.t.HelmChartContainer - [K3S] [INFO] Saving cluster bootstrap data to datastore
2025-01-29 17:01:30,812 INFO c.h.h.t.HelmChartContainer - [K3S] [WARNING] dynamiclistener [::]:6443: no cached certificate available for preload - deferring certificate load until storage initialization or first client request
2025-01-29 17:01:30,813 INFO c.h.h.t.HelmChartContainer - [K3S] [INFO] Active TLS secret / (ver=) (count 10): map[listener.cattle.io/cn-10.43.0.1:10.43.0.1 listener.cattle.io/cn-127.0.0.1:127.0.0.1 listener.cattle.io/cn-172.18.0.2:172.18.0.2 listener.cattle.io/cn-__1-f16284:::1 listener.cattle.io/cn-cbc6d6ca7a03:cbc6d6ca7a03 listener.cattle.io/cn-kubernetes:kubernetes listener.cattle.io/cn-kubernetes.default:kubernetes.default listener.cattle.io/cn-kubernetes.default.svc:kubernetes.default.svc listener.cattle.io/cn-kubernetes.default.svc.cluster.local:kubernetes.default.svc.cluster.local listener.cattle.io/cn-localhost:localhost listener.cattle.io/fingerprint:SHA1=9078CE9FB9819E3CF22EB4A233ADE76FB1D32FC2]
2025-01-29 17:01:30,972 INFO c.h.h.t.HelmChartContainer - [K3S] [INFO] Running kube-apiserver --advertise-port=6443 --allow-privileged=true --anonymous-auth=false --api-audiences=https://kubernetes.default.svc.cluster.local,k3s --authorization-mode=Node,RBAC --bind-address=127.0.0.1 --cert-dir=/var/lib/rancher/k3s/server/tls/temporary-certs --client-ca-file=/var/lib/rancher/k3s/server/tls/client-ca.crt --egress-selector-config-file=/var/lib/rancher/k3s/server/etc/egress-selector-config.yaml --enable-admission-plugins=NodeRestriction --enable-aggregator-routing=true --enable-bootstrap-token-auth=true --etcd-compaction-interval=0s --etcd-servers=unix://kine.sock --kubelet-certificate-authority=/var/lib/rancher/k3s/server/tls/server-ca.crt --kubelet-client-certificate=/var/lib/rancher/k3s/server/tls/client-kube-apiserver.crt --kubelet-client-key=/var/lib/rancher/k3s/server/tls/client-kube-apiserver.key --kubelet-preferred-address-types=InternalIP,ExternalIP,Hostname --profiling=false --proxy-client-cert-file=/var/lib/rancher/k3s/server/tls/client-auth-proxy.crt --proxy-client-key-file=/var/lib/rancher/k3s/server/tls/client-auth-proxy.key --requestheader-allowed-names=system:auth-proxy --requestheader-client-ca-file=/var/lib/rancher/k3s/server/tls/request-header-ca.crt --requestheader-extra-headers-prefix=X-Remote-Extra- --requestheader-group-headers=X-Remote-Group --requestheader-username-headers=X-Remote-User --secure-port=6444 --service-account-issuer=https://kubernetes.default.svc.cluster.local --service-account-key-file=/var/lib/rancher/k3s/server/tls/service.key --service-account-signing-key-file=/var/lib/rancher/k3s/server/tls/service.current.key --service-cluster-ip-range=10.43.0.0/16 --service-node-port-range=30000-32767 --storage-backend=etcd3 --tls-cert-file=/var/lib/rancher/k3s/server/tls/serving-kube-apiserver.crt --tls-cipher-suites=TLS_ECDHE_ECDSA_WITH_AES_256_GCM_SHA384,TLS_ECDHE_RSA_WITH_AES_256_GCM_SHA384,TLS_ECDHE_ECDSA_WITH_AES_128_GCM_SHA256,TLS_ECDHE_RSA_WITH_AES_128_GCM_SHA256,TLS_ECDHE_ECDSA_WITH_CHACHA20_POLY1305,TLS_ECDHE_RSA_WITH_CHACHA20_POLY1305 --tls-private-key-file=/var/lib/rancher/k3s/server/tls/serving-kube-apiserver.key
2025-01-29 17:01:30,976 INFO c.h.h.t.HelmChartContainer - [K3S] [INFO] Running kube-scheduler --authentication-kubeconfig=/var/lib/rancher/k3s/server/cred/scheduler.kubeconfig --authorization-kubeconfig=/var/lib/rancher/k3s/server/cred/scheduler.kubeconfig --bind-address=127.0.0.1 --kubeconfig=/var/lib/rancher/k3s/server/cred/scheduler.kubeconfig --leader-elect=false --profiling=false --secure-port=10259
2025-01-29 17:01:30,976 INFO c.h.h.t.HelmChartContainer - [K3S] [registry.go:256] calling componentGlobalsRegistry.AddFlags more than once, the registry will be set by the latest flags
2025-01-29 17:01:30,977 INFO c.h.h.t.HelmChartContainer - [K3S] [INFO] Waiting for API server to become available
2025-01-29 17:01:30,979 INFO c.h.h.t.HelmChartContainer - [K3S] [INFO] Running kube-controller-manager --allocate-node-cidrs=true --authentication-kubeconfig=/var/lib/rancher/k3s/server/cred/controller.kubeconfig --authorization-kubeconfig=/var/lib/rancher/k3s/server/cred/controller.kubeconfig --bind-address=127.0.0.1 --cluster-cidr=10.42.0.0/16 --cluster-signing-kube-apiserver-client-cert-file=/var/lib/rancher/k3s/server/tls/client-ca.nochain.crt --cluster-signing-kube-apiserver-client-key-file=/var/lib/rancher/k3s/server/tls/client-ca.key --cluster-signing-kubelet-client-cert-file=/var/lib/rancher/k3s/server/tls/client-ca.nochain.crt --cluster-signing-kubelet-client-key-file=/var/lib/rancher/k3s/server/tls/client-ca.key --cluster-signing-kubelet-serving-cert-file=/var/lib/rancher/k3s/server/tls/server-ca.nochain.crt --cluster-signing-kubelet-serving-key-file=/var/lib/rancher/k3s/server/tls/server-ca.key --cluster-signing-legacy-unknown-cert-file=/var/lib/rancher/k3s/server/tls/server-ca.nochain.crt --cluster-signing-legacy-unknown-key-file=/var/lib/rancher/k3s/server/tls/server-ca.key --configure-cloud-routes=false --controllers=*,tokencleaner,-service,-route,-cloud-node-lifecycle --kubeconfig=/var/lib/rancher/k3s/server/cred/controller.kubeconfig --leader-elect=false --profiling=false --root-ca-file=/var/lib/rancher/k3s/server/tls/server-ca.crt --secure-port=10257 --service-account-private-key-file=/var/lib/rancher/k3s/server/tls/service.current.key --service-cluster-ip-range=10.43.0.0/16 --use-service-account-credentials=true
2025-01-29 17:01:30,979 INFO c.h.h.t.HelmChartContainer - [K3S] [options.go:299] unable to set WatchListClient feature gate, err: cannot override default for feature "WatchListClient": gates already added to a flag set
2025-01-29 17:01:30,979 INFO c.h.h.t.HelmChartContainer - [K3S] [registry.go:256] calling componentGlobalsRegistry.AddFlags more than once, the registry will be set by the latest flags
2025-01-29 17:01:30,979 INFO c.h.h.t.HelmChartContainer - [K3S] [INFO] Running cloud-controller-manager --allocate-node-cidrs=true --authentication-kubeconfig=/var/lib/rancher/k3s/server/cred/cloud-controller.kubeconfig --authorization-kubeconfig=/var/lib/rancher/k3s/server/cred/cloud-controller.kubeconfig --bind-address=127.0.0.1 --cloud-config=/var/lib/rancher/k3s/server/etc/cloud-config.yaml --cloud-provider=k3s --cluster-cidr=10.42.0.0/16 --configure-cloud-routes=false --controllers=*,-route --kubeconfig=/var/lib/rancher/k3s/server/cred/cloud-controller.kubeconfig --leader-elect=false --leader-elect-resource-name=k3s-cloud-controller-manager --node-status-update-frequency=1m0s --profiling=false
2025-01-29 17:01:30,980 INFO c.h.h.t.HelmChartContainer - [K3S] [registry.go:256] calling componentGlobalsRegistry.AddFlags more than once, the registry will be set by the latest flags
2025-01-29 17:01:30,980 INFO c.h.h.t.HelmChartContainer - [K3S] [INFO] Server node token is available at /var/lib/rancher/k3s/server/token
2025-01-29 17:01:30,980 INFO c.h.h.t.HelmChartContainer - [K3S] [INFO] To join server node to cluster: k3s server -s https://172.18.0.2:6443 -t ${SERVER_NODE_TOKEN}
2025-01-29 17:01:30,980 INFO c.h.h.t.HelmChartContainer - [K3S] [INFO] Agent node token is available at /var/lib/rancher/k3s/server/agent-token
2025-01-29 17:01:30,980 INFO c.h.h.t.HelmChartContainer - [K3S] [options.go:238] external host was not specified, using 172.18.0.2
2025-01-29 17:01:30,980 INFO c.h.h.t.HelmChartContainer - [K3S] [INFO] To join agent node to cluster: k3s agent -s https://172.18.0.2:6443 -t ${AGENT_NODE_TOKEN}
2025-01-29 17:01:30,980 INFO c.h.h.t.HelmChartContainer - [K3S] [INFO] Wrote kubeconfig /etc/rancher/k3s/k3s.yaml
2025-01-29 17:01:30,980 INFO c.h.h.t.HelmChartContainer - [K3S] [INFO] Run: k3s kubectl
2025-01-29 17:01:30,981 INFO c.h.h.t.HelmChartContainer - [K3S] [server.go:151] Version: v1.32.1+k3s1
2025-01-29 17:01:30,981 INFO c.h.h.t.HelmChartContainer - [K3S] [server.go:153] "Golang settings" GOGC="" GOMAXPROCS="" GOTRACEBACK=""
2025-01-29 17:01:31,325 INFO c.h.h.t.HelmChartContainer - [K3S] [plugins.go:157] Loaded 13 mutating admission controller(s) successfully in the following order: NamespaceLifecycle,LimitRanger,ServiceAccount,NodeRestriction,TaintNodesByCondition,Priority,DefaultTolerationSeconds,DefaultStorageClass,StorageObjectInUseProtection,RuntimeClass,DefaultIngressClass,MutatingAdmissionPolicy,MutatingAdmissionWebhook.
2025-01-29 17:01:31,326 INFO c.h.h.t.HelmChartContainer - [K3S] [plugins.go:160] Loaded 13 validating admission controller(s) successfully in the following order: LimitRanger,ServiceAccount,PodSecurity,Priority,PersistentVolumeClaimResize,RuntimeClass,CertificateApproval,CertificateSigning,ClusterTrustBundleAttest,CertificateSubjectRestriction,ValidatingAdmissionPolicy,ValidatingAdmissionWebhook,ResourceQuota.
2025-01-29 17:01:31,326 INFO c.h.h.t.HelmChartContainer - [K3S] [instance.go:233] Using reconciler: lease
2025-01-29 17:01:31,389 INFO c.h.h.t.HelmChartContainer - [K3S] [apis.go:106] API group "internal.apiserver.k8s.io" is not enabled, skipping.
2025-01-29 17:01:31,440 INFO c.h.h.t.HelmChartContainer - [K3S] [apis.go:106] API group "storagemigration.k8s.io" is not enabled, skipping.
2025-01-29 17:01:31,470 INFO c.h.h.t.HelmChartContainer - [K3S] [apis.go:106] API group "resource.k8s.io" is not enabled, skipping.
2025-01-29 17:01:31,606 INFO c.h.h.t.HelmChartContainer - [K3S] [INFO] Password verified locally for node cbc6d6ca7a03
2025-01-29 17:01:31,805 INFO c.h.h.t.HelmChartContainer - [K3S] [dynamic_cafile_content.go:161] "Starting controller" name="request-header::/var/lib/rancher/k3s/server/tls/request-header-ca.crt"
2025-01-29 17:01:31,805 INFO c.h.h.t.HelmChartContainer - [K3S] [secure_serving.go:213] Serving securely on 127.0.0.1:6444
2025-01-29 17:01:31,806 INFO c.h.h.t.HelmChartContainer - [K3S] [dynamic_serving_content.go:135] "Starting controller" name="serving-cert::/var/lib/rancher/k3s/server/tls/serving-kube-apiserver.crt::/var/lib/rancher/k3s/server/tls/serving-kube-apiserver.key"
2025-01-29 17:01:31,806 INFO c.h.h.t.HelmChartContainer - [K3S] [tlsconfig.go:243] "Starting DynamicServingCertificateController"
2025-01-29 17:01:31,808 INFO c.h.h.t.HelmChartContainer - [K3S] [dynamic_cafile_content.go:161] "Starting controller" name="client-ca-bundle::/var/lib/rancher/k3s/server/tls/client-ca.crt"
2025-01-29 17:01:31,809 INFO c.h.h.t.HelmChartContainer - [K3S] [controller.go:78] Starting OpenAPI AggregationController
2025-01-29 17:01:31,810 INFO c.h.h.t.HelmChartContainer - [K3S] [dynamic_serving_content.go:135] "Starting controller" name="aggregator-proxy-cert::/var/lib/rancher/k3s/server/tls/client-auth-proxy.crt::/var/lib/rancher/k3s/server/tls/client-auth-proxy.key"
2025-01-29 17:01:31,810 INFO c.h.h.t.HelmChartContainer - [K3S] [remote_available_controller.go:411] Starting RemoteAvailability controller
2025-01-29 17:01:31,810 INFO c.h.h.t.HelmChartContainer - [K3S] [dynamic_cafile_content.go:161] "Starting controller" name="request-header::/var/lib/rancher/k3s/server/tls/request-header-ca.crt"
2025-01-29 17:01:31,813 INFO c.h.h.t.HelmChartContainer - [K3S] [dynamic_cafile_content.go:161] "Starting controller" name="client-ca-bundle::/var/lib/rancher/k3s/server/tls/client-ca.crt"
2025-01-29 17:01:31,814 INFO c.h.h.t.HelmChartContainer - [K3S] [local_available_controller.go:156] Starting LocalAvailability controller
2025-01-29 17:01:31,814 INFO c.h.h.t.HelmChartContainer - [K3S] [gc_controller.go:78] Starting apiserver lease garbage collector
2025-01-29 17:01:31,814 INFO c.h.h.t.HelmChartContainer - [K3S] [customresource_discovery_controller.go:292] Starting DiscoveryController
2025-01-29 17:01:31,814 INFO c.h.h.t.HelmChartContainer - [K3S] [apf_controller.go:377] Starting API Priority and Fairness config controller
2025-01-29 17:01:31,814 INFO c.h.h.t.HelmChartContainer - [K3S] [system_namespaces_controller.go:66] Starting system namespaces controller
2025-01-29 17:01:31,814 INFO c.h.h.t.HelmChartContainer - [K3S] [aggregator.go:169] waiting for initial CRD sync...
2025-01-29 17:01:31,816 INFO c.h.h.t.HelmChartContainer - [K3S] [crdregistration_controller.go:114] Starting crd-autoregister controller
2025-01-29 17:01:31,817 INFO c.h.h.t.HelmChartContainer - [K3S] [establishing_controller.go:81] Starting EstablishingController
2025-01-29 17:01:31,817 INFO c.h.h.t.HelmChartContainer - [K3S] [apiservice_controller.go:100] Starting APIServiceRegistrationController
2025-01-29 17:01:31,818 INFO c.h.h.t.HelmChartContainer - [K3S] [cluster_authentication_trust_controller.go:462] Starting cluster_authentication_trust_controller controller
2025-01-29 17:01:31,819 INFO c.h.h.t.HelmChartContainer - [K3S] [controller.go:142] Starting OpenAPI controller
2025-01-29 17:01:31,819 INFO c.h.h.t.HelmChartContainer - [K3S] [nonstructuralschema_controller.go:195] Starting NonStructuralSchemaConditionController
2025-01-29 17:01:31,819 INFO c.h.h.t.HelmChartContainer - [K3S] [controller.go:90] Starting OpenAPI V3 controller
2025-01-29 17:01:31,819 INFO c.h.h.t.HelmChartContainer - [K3S] [apiapproval_controller.go:189] Starting KubernetesAPIApprovalPolicyConformantConditionController
2025-01-29 17:01:31,819 INFO c.h.h.t.HelmChartContainer - [K3S] [crd_finalizer.go:269] Starting CRDFinalizer
2025-01-29 17:01:31,819 INFO c.h.h.t.HelmChartContainer - [K3S] [naming_controller.go:294] Starting NamingConditionController
2025-01-29 17:01:31,820 INFO c.h.h.t.HelmChartContainer - [K3S] [controller.go:119] Starting legacy_token_tracking_controller
2025-01-29 17:01:31,821 INFO c.h.h.t.HelmChartContainer - [K3S] [controller.go:80] Starting OpenAPI V3 AggregationController
2025-01-29 17:01:31,897 INFO c.h.h.t.HelmChartContainer - [K3S] [controller.go:145] "Failed to ensure lease exists, will retry" err="namespaces \"kube-system\" not found" interval="200ms"
2025-01-29 17:01:31,910 INFO c.h.h.t.HelmChartContainer - [K3S] [apf_controller.go:382] Running API Priority and Fairness config worker
2025-01-29 17:01:31,910 INFO c.h.h.t.HelmChartContainer - [K3S] [apf_controller.go:385] Running API Priority and Fairness periodic rebalancing process
2025-01-29 17:01:31,913 INFO c.h.h.t.HelmChartContainer - [K3S] [aggregator.go:171] initial CRD sync complete...
2025-01-29 17:01:31,913 INFO c.h.h.t.HelmChartContainer - [K3S] [autoregister_controller.go:144] Starting autoregister controller
2025-01-29 17:01:31,914 INFO c.h.h.t.HelmChartContainer - [K3S] [handler_discovery.go:451] Starting ResourceDiscoveryManager
2025-01-29 17:01:31,920 INFO c.h.h.t.HelmChartContainer - [K3S] [policy_source.go:240] refreshing policies
2025-01-29 17:01:31,959 INFO c.h.h.t.HelmChartContainer - [K3S] [controller.go:95] Unable to perform initial Kubernetes service initialization: namespaces "default" not found
2025-01-29 17:01:31,964 INFO c.h.h.t.HelmChartContainer - [K3S] [controller.go:148] "Unhandled Error" err="while syncing ConfigMap \"kube-system/kube-apiserver-legacy-service-account-token-tracking\", err: namespaces \"kube-system\" not found" logger="UnhandledError"
2025-01-29 17:01:32,156 INFO c.h.h.t.HelmChartContainer - [K3S] [WARNING] Host resolv.conf includes loopback or multicast nameservers - kubelet will use autogenerated resolv.conf with nameserver 8.8.8.8
2025-01-29 17:01:32,164 INFO c.h.h.t.HelmChartContainer - [K3S] [INFO] Module overlay was already loaded
2025-01-29 17:01:32,164 INFO c.h.h.t.HelmChartContainer - [K3S] [INFO] Module nf_conntrack was already loaded
2025-01-29 17:01:32,164 INFO c.h.h.t.HelmChartContainer - [K3S] [INFO] Module br_netfilter was already loaded
2025-01-29 17:01:32,169 INFO c.h.h.t.HelmChartContainer - [K3S] [INFO] Set sysctl 'net/netfilter/nf_conntrack_max' to 131072
2025-01-29 17:01:32,169 INFO c.h.h.t.HelmChartContainer - [K3S] [INFO] Set sysctl 'net/netfilter/nf_conntrack_tcp_timeout_established' to 86400
2025-01-29 17:01:32,169 INFO c.h.h.t.HelmChartContainer - [K3S] [INFO] Set sysctl 'net/netfilter/nf_conntrack_tcp_timeout_close_wait' to 3600
2025-01-29 17:01:32,171 INFO c.h.h.t.HelmChartContainer - [K3S] [INFO] Logging containerd to /var/lib/rancher/k3s/agent/containerd/containerd.log
2025-01-29 17:01:32,171 INFO c.h.h.t.HelmChartContainer - [K3S] [INFO] Running containerd -c /var/lib/rancher/k3s/agent/etc/containerd/config.toml -a /run/k3s/containerd/containerd.sock --state /run/k3s/containerd --root /var/lib/rancher/k3s/agent/containerd
2025-01-29 17:01:32,811 INFO c.h.h.t.HelmChartContainer - [K3S] [storage_scheduling.go:95] created PriorityClass system-node-critical with value 2000001000
2025-01-29 17:01:32,814 INFO c.h.h.t.HelmChartContainer - [K3S] [storage_scheduling.go:95] created PriorityClass system-cluster-critical with value 2000000000
2025-01-29 17:01:32,814 INFO c.h.h.t.HelmChartContainer - [K3S] [storage_scheduling.go:111] all system priority classes are created successfully or already exist.
2025-01-29 17:01:33,165 INFO c.h.h.t.HelmChartContainer - [K3S] [alloc.go:330] "allocated clusterIPs" service="default/kubernetes" clusterIPs={"IPv4":"10.43.0.1"}
2025-01-29 17:01:33,168 INFO c.h.h.t.HelmChartContainer - [K3S] [lease.go:265] Resetting endpoints for master service "kubernetes" to [172.18.0.2]
2025-01-29 17:01:33,174 INFO c.h.h.t.HelmChartContainer - [K3S] [INFO] containerd is now running
2025-01-29 17:01:33,177 INFO c.h.h.t.HelmChartContainer - [K3S] [INFO] Connecting to proxy" url="wss://127.0.0.1:6443/v1-k3s/connect
2025-01-29 17:01:33,178 INFO c.h.h.t.HelmChartContainer - [K3S] [INFO] Creating k3s-cert-monitor event broadcaster
2025-01-29 17:01:33,180 INFO c.h.h.t.HelmChartContainer - [K3S] [INFO] Running kubelet --cloud-provider=external --config-dir=/var/lib/rancher/k3s/agent/etc/kubelet.conf.d --containerd=/run/k3s/containerd/containerd.sock --hostname-override=cbc6d6ca7a03 --kubeconfig=/var/lib/rancher/k3s/agent/kubelet.kubeconfig --node-ip=172.18.0.2 --node-labels=
2025-01-29 17:01:33,181 INFO c.h.h.t.HelmChartContainer - [K3S] [INFO] Handling backend connection request [cbc6d6ca7a03]
2025-01-29 17:01:33,181 INFO c.h.h.t.HelmChartContainer - [K3S] [INFO] Remotedialer connected to proxy" url="wss://127.0.0.1:6443/v1-k3s/connect
2025-01-29 17:01:33,186 INFO c.h.h.t.HelmChartContainer - [K3S] Flag --containerd has been deprecated, This is a cadvisor flag that was mistakenly registered with the Kubelet. Due to legacy concerns, it will follow the standard CLI deprecation timeline before being removed.
2025-01-29 17:01:33,190 INFO c.h.h.t.HelmChartContainer - [K3S] [server.go:515] "Kubelet version" kubeletVersion="v1.32.1+k3s1"
2025-01-29 17:01:33,190 INFO c.h.h.t.HelmChartContainer - [K3S] [server.go:517] "Golang settings" GOGC="" GOMAXPROCS="" GOTRACEBACK=""
2025-01-29 17:01:33,192 INFO c.h.h.t.HelmChartContainer - [K3S] [dynamic_cafile_content.go:161] "Starting controller" name="client-ca-bundle::/var/lib/rancher/k3s/agent/client-ca.crt"
2025-01-29 17:01:33,195 INFO c.h.h.t.HelmChartContainer - [K3S] [log.go:32] "RuntimeConfig from runtime service failed" err="rpc error: code = Unimplemented desc = method RuntimeConfig not implemented"
2025-01-29 17:01:33,195 INFO c.h.h.t.HelmChartContainer - [K3S] [server.go:1416] "CRI implementation should be updated to support RuntimeConfig when KubeletCgroupDriverFromCRI feature gate has been enabled. Falling back to using cgroupDriver from kubelet config."
2025-01-29 17:01:33,199 INFO c.h.h.t.HelmChartContainer - [K3S] [info.go:53] Couldn't collect info from any of the files in "/etc/machine-id,/var/lib/dbus/machine-id"
2025-01-29 17:01:33,199 INFO c.h.h.t.HelmChartContainer - [K3S] [server.go:767] "--cgroups-per-qos enabled, but --cgroup-root was not specified.  defaulting to /"
2025-01-29 17:01:33,199 INFO c.h.h.t.HelmChartContainer - [K3S] [server.go:836] "NoSwap is set due to memorySwapBehavior not specified" memorySwapBehavior="" FailSwapOn=false
2025-01-29 17:01:33,199 INFO c.h.h.t.HelmChartContainer - [K3S] [swap_util.go:115] "Swap is on" /proc/swaps contents=<
2025-01-29 17:01:33,200 INFO c.h.h.t.HelmChartContainer - [K3S] 	Filename				Type		Size		Used		Priority
2025-01-29 17:01:33,200 INFO c.h.h.t.HelmChartContainer - [K3S] 	/mnt/swapfile                           file		4194300		0		-2
2025-01-29 17:01:33,200 INFO c.h.h.t.HelmChartContainer - [K3S]  >
2025-01-29 17:01:33,200 INFO c.h.h.t.HelmChartContainer - [K3S] [container_manager_linux.go:268] "Container manager verified user specified cgroup-root exists" cgroupRoot=[]
2025-01-29 17:01:33,201 INFO c.h.h.t.HelmChartContainer - [K3S] [container_manager_linux.go:273] "Creating Container Manager object based on Node Config" nodeConfig={"NodeName":"cbc6d6ca7a03","RuntimeCgroupsName":"","SystemCgroupsName":"","KubeletCgroupsName":"/k3s","KubeletOOMScoreAdj":-999,"ContainerRuntime":"","CgroupsPerQOS":true,"CgroupRoot":"/","CgroupDriver":"cgroupfs","KubeletRootDir":"/var/lib/kubelet","ProtectKernelDefaults":false,"KubeReservedCgroupName":"","SystemReservedCgroupName":"","ReservedSystemCPUs":{},"EnforceNodeAllocatable":{"pods":{}},"KubeReserved":null,"SystemReserved":null,"HardEvictionThresholds":[{"Signal":"imagefs.available","Operator":"LessThan","Value":{"Quantity":null,"Percentage":0.05},"GracePeriod":0,"MinReclaim":null},{"Signal":"nodefs.available","Operator":"LessThan","Value":{"Quantity":null,"Percentage":0.05},"GracePeriod":0,"MinReclaim":null}],"QOSReserved":{},"CPUManagerPolicy":"none","CPUManagerPolicyOptions":null,"TopologyManagerScope":"container","CPUManagerReconcilePeriod":10000000000,"ExperimentalMemoryManagerPolicy":"None","ExperimentalMemoryManagerReservedMemory":null,"PodPidsLimit":-1,"EnforceCPULimits":true,"CPUCFSQuotaPeriod":100000000,"TopologyManagerPolicy":"none","TopologyManagerPolicyOptions":null,"CgroupVersion":2}
2025-01-29 17:01:33,201 INFO c.h.h.t.HelmChartContainer - [K3S] [topology_manager.go:138] "Creating topology manager with none policy"
2025-01-29 17:01:33,201 INFO c.h.h.t.HelmChartContainer - [K3S] [container_manager_linux.go:304] "Creating device plugin manager"
2025-01-29 17:01:33,202 INFO c.h.h.t.HelmChartContainer - [K3S] [state_mem.go:36] "Initialized new in-memory state store"
2025-01-29 17:01:33,202 INFO c.h.h.t.HelmChartContainer - [K3S] [kubelet.go:446] "Attempting to sync node with API server"
2025-01-29 17:01:33,202 INFO c.h.h.t.HelmChartContainer - [K3S] [kubelet.go:341] "Adding static pod path" path="/var/lib/rancher/k3s/agent/pod-manifests"
2025-01-29 17:01:33,202 INFO c.h.h.t.HelmChartContainer - [K3S] [kubelet.go:352] "Adding apiserver pod source"
2025-01-29 17:01:33,202 INFO c.h.h.t.HelmChartContainer - [K3S] [apiserver.go:42] "Waiting for node sync before watching apiserver pods"
2025-01-29 17:01:33,204 INFO c.h.h.t.HelmChartContainer - [K3S] [kuberuntime_manager.go:269] "Container runtime initialized" containerRuntime="containerd" version="v1.7.23-k3s2" apiVersion="v1"
2025-01-29 17:01:33,204 INFO c.h.h.t.HelmChartContainer - [K3S] [kubelet.go:890] "Not starting ClusterTrustBundle informer because we are in static kubelet mode"
2025-01-29 17:01:33,204 INFO c.h.h.t.HelmChartContainer - [K3S] [probe.go:272] Flexvolume plugin directory at /usr/libexec/kubernetes/kubelet-plugins/volume/exec/ does not exist. Recreating.
2025-01-29 17:01:33,206 INFO c.h.h.t.HelmChartContainer - [K3S] [watchdog_linux.go:99] "Systemd watchdog is not enabled"
2025-01-29 17:01:33,206 INFO c.h.h.t.HelmChartContainer - [K3S] [server.go:1282] "Started kubelet"
2025-01-29 17:01:33,210 INFO c.h.h.t.HelmChartContainer - [K3S] [kubelet.go:1561] "Image garbage collection failed once. Stats initialization may not have completed yet" err="invalid capacity 0 on image filesystem"
2025-01-29 17:01:33,212 INFO c.h.h.t.HelmChartContainer - [K3S] [fs_resource_analyzer.go:67] "Starting FS ResourceAnalyzer"
2025-01-29 17:01:33,218 INFO c.h.h.t.HelmChartContainer - [K3S] [server.go:169] "Starting to listen" address="0.0.0.0" port=10250
2025-01-29 17:01:33,220 INFO c.h.h.t.HelmChartContainer - [K3S] [server.go:490] "Adding debug handlers to kubelet server"
2025-01-29 17:01:33,222 INFO c.h.h.t.HelmChartContainer - [K3S] [server.go:208] "Starting to listen read-only" address="0.0.0.0" port=10255
2025-01-29 17:01:33,224 INFO c.h.h.t.HelmChartContainer - [K3S] [dynamic_serving_content.go:135] "Starting controller" name="kubelet-server-cert-files::/var/lib/rancher/k3s/agent/serving-kubelet.crt::/var/lib/rancher/k3s/agent/serving-kubelet.key"
2025-01-29 17:01:33,224 INFO c.h.h.t.HelmChartContainer - [K3S] [volume_manager.go:297] "Starting Kubelet Volume Manager"
2025-01-29 17:01:33,224 INFO c.h.h.t.HelmChartContainer - [K3S] [kubelet_node_status.go:467] "Error getting the current node from lister" err="node \"cbc6d6ca7a03\" not found"
2025-01-29 17:01:33,226 INFO c.h.h.t.HelmChartContainer - [K3S] [ratelimit.go:55] "Setting rate limiting for endpoint" service="podresources" qps=100 burstTokens=10
2025-01-29 17:01:33,226 INFO c.h.h.t.HelmChartContainer - [K3S] [server.go:243] "Starting to serve the podresources API" endpoint="unix:/var/lib/kubelet/pod-resources/kubelet.sock"
2025-01-29 17:01:33,226 INFO c.h.h.t.HelmChartContainer - [K3S] [desired_state_of_world_populator.go:149] "Desired state populator starts to run"
2025-01-29 17:01:33,226 INFO c.h.h.t.HelmChartContainer - [K3S] [reconciler.go:26] "Reconciler: start to sync state"
2025-01-29 17:01:33,229 INFO c.h.h.t.HelmChartContainer - [K3S] [factory.go:221] Registration of the systemd container factory successfully
2025-01-29 17:01:33,229 INFO c.h.h.t.HelmChartContainer - [K3S] [factory.go:219] Registration of the crio container factory failed: Get "http://%2Fvar%2Frun%2Fcrio%2Fcrio.sock/info": dial unix /var/run/crio/crio.sock: connect: no such file or directory
2025-01-29 17:01:33,233 INFO c.h.h.t.HelmChartContainer - [K3S] [factory.go:221] Registration of the containerd container factory successfully
2025-01-29 17:01:33,238 INFO c.h.h.t.HelmChartContainer - [K3S] [nodelease.go:49] "Failed to get node when trying to set owner ref to the node lease" err="nodes \"cbc6d6ca7a03\" not found" node="cbc6d6ca7a03"
2025-01-29 17:01:33,260 INFO c.h.h.t.HelmChartContainer - [K3S] [cpu_manager.go:221] "Starting CPU manager" policy="none"
2025-01-29 17:01:33,260 INFO c.h.h.t.HelmChartContainer - [K3S] [cpu_manager.go:222] "Reconciling" reconcilePeriod="10s"
2025-01-29 17:01:33,260 INFO c.h.h.t.HelmChartContainer - [K3S] [state_mem.go:36] "Initialized new in-memory state store"
2025-01-29 17:01:33,262 INFO c.h.h.t.HelmChartContainer - [K3S] [policy_none.go:49] "None policy: Start"
2025-01-29 17:01:33,265 INFO c.h.h.t.HelmChartContainer - [K3S] [memory_manager.go:186] "Starting memorymanager" policy="None"
2025-01-29 17:01:33,265 INFO c.h.h.t.HelmChartContainer - [K3S] [state_mem.go:35] "Initializing new in-memory state store"
2025-01-29 17:01:33,267 INFO c.h.h.t.HelmChartContainer - [K3S] [kubelet_network_linux.go:50] "Initialized iptables rules." protocol="IPv4"
2025-01-29 17:01:33,268 INFO c.h.h.t.HelmChartContainer - [K3S] [kubelet_network_linux.go:50] "Initialized iptables rules." protocol="IPv6"
2025-01-29 17:01:33,272 INFO c.h.h.t.HelmChartContainer - [K3S] [status_manager.go:227] "Starting to sync pod status with apiserver"
2025-01-29 17:01:33,272 INFO c.h.h.t.HelmChartContainer - [K3S] [watchdog_linux.go:127] "Systemd watchdog is not enabled or the interval is invalid, so health checking will not be started."
2025-01-29 17:01:33,272 INFO c.h.h.t.HelmChartContainer - [K3S] [kubelet.go:2388] "Starting kubelet main sync loop"
2025-01-29 17:01:33,272 INFO c.h.h.t.HelmChartContainer - [K3S] [kubelet.go:2412] "Skipping pod synchronization" err="[container runtime status check may not have completed yet, PLEG is not healthy: pleg has yet to be successful]"
2025-01-29 17:01:33,273 INFO c.h.h.t.HelmChartContainer - [K3S] [manager.go:519] "Failed to read data from checkpoint" checkpoint="kubelet_internal_checkpoint" err="checkpoint is not found"
2025-01-29 17:01:33,273 INFO c.h.h.t.HelmChartContainer - [K3S] [eviction_manager.go:189] "Eviction manager: starting control loop"
2025-01-29 17:01:33,273 INFO c.h.h.t.HelmChartContainer - [K3S] [container_log_manager.go:189] "Initializing container log rotate workers" workers=1 monitorPeriod="10s"
2025-01-29 17:01:33,285 INFO c.h.h.t.HelmChartContainer - [K3S] [eviction_manager.go:267] "eviction manager: failed to check if we have separate container filesystem. Ignoring." err="no imagefs label for configured runtime"
2025-01-29 17:01:33,285 INFO c.h.h.t.HelmChartContainer - [K3S] [eviction_manager.go:292] "Eviction manager: failed to get summary stats" err="failed to get node info: node \"cbc6d6ca7a03\" not found"
2025-01-29 17:01:33,286 INFO c.h.h.t.HelmChartContainer - [K3S] [plugin_manager.go:118] "Starting Kubelet Plugin Manager"
2025-01-29 17:01:33,315 INFO c.h.h.t.HelmChartContainer - [K3S] [ERROR] Sending HTTP/1.1 503 response to 127.0.0.1:41670: runtime core not ready
2025-01-29 17:01:33,375 INFO c.h.h.t.HelmChartContainer - [K3S] [kubelet_node_status.go:76] "Attempting to register node" node="cbc6d6ca7a03"
2025-01-29 17:01:33,380 INFO c.h.h.t.HelmChartContainer - [K3S] [kubelet_node_status.go:79] "Successfully registered node" node="cbc6d6ca7a03"
2025-01-29 17:01:33,380 INFO c.h.h.t.HelmChartContainer - [K3S] [kubelet_node_status.go:549] "Error updating node status, will retry" err="error getting node \"cbc6d6ca7a03\": node \"cbc6d6ca7a03\" not found"
2025-01-29 17:01:33,384 INFO c.h.h.t.HelmChartContainer - [K3S] [INFO] Annotations and labels have been set successfully on node: cbc6d6ca7a03
2025-01-29 17:01:33,384 INFO c.h.h.t.HelmChartContainer - [K3S] [INFO] Starting flannel with backend vxlan
2025-01-29 17:01:33,419 INFO c.h.h.t.HelmChartContainer - [K3S] [INFO] Running kube-proxy --cluster-cidr=10.42.0.0/16 --conntrack-max-per-core=0 --conntrack-tcp-timeout-close-wait=0s --conntrack-tcp-timeout-established=0s --healthz-bind-address=127.0.0.1 --hostname-override=cbc6d6ca7a03 --kubeconfig=/var/lib/rancher/k3s/agent/kubeproxy.kubeconfig --proxy-mode=iptables
2025-01-29 17:01:33,461 INFO c.h.h.t.HelmChartContainer - [K3S] [server.go:698] "Successfully retrieved node IP(s)" IPs=["172.18.0.2"]
2025-01-29 17:01:33,462 INFO c.h.h.t.HelmChartContainer - [K3S] [server.go:234] "Kube-proxy configuration may be incomplete or incorrect" err="nodePortAddresses is unset; NodePort connections will be accepted on all local IPs. Consider using `--nodeport-addresses primary`"
2025-01-29 17:01:33,464 INFO c.h.h.t.HelmChartContainer - [K3S] [server.go:243] "kube-proxy running in dual-stack mode" primary ipFamily="IPv4"
2025-01-29 17:01:33,465 INFO c.h.h.t.HelmChartContainer - [K3S] [server_linux.go:170] "Using iptables Proxier"
2025-01-29 17:01:33,466 INFO c.h.h.t.HelmChartContainer - [K3S] [proxier.go:255] "Setting route_localnet=1 to allow node-ports on localhost; to change this either disable iptables.localhostNodePorts (--iptables-localhost-nodeports) or set nodePortAddresses (--nodeport-addresses) to filter loopback addresses"
2025-01-29 17:01:33,470 INFO c.h.h.t.HelmChartContainer - [K3S] [server.go:497] "Version info" version="v1.32.1+k3s1"
2025-01-29 17:01:33,470 INFO c.h.h.t.HelmChartContainer - [K3S] [server.go:499] "Golang settings" GOGC="" GOMAXPROCS="" GOTRACEBACK=""
2025-01-29 17:01:33,471 INFO c.h.h.t.HelmChartContainer - [K3S] [config.go:329] "Starting node config controller"
2025-01-29 17:01:33,471 INFO c.h.h.t.HelmChartContainer - [K3S] [config.go:199] "Starting service config controller"
2025-01-29 17:01:33,474 INFO c.h.h.t.HelmChartContainer - [K3S] [config.go:105] "Starting endpoint slice config controller"
2025-01-29 17:01:33,586 INFO c.h.h.t.HelmChartContainer - [K3S] [kubelet_node_status.go:502] "Fast updating node status as it just became ready"
2025-01-29 17:01:33,978 INFO c.h.h.t.HelmChartContainer - [K3S] [INFO] Waiting for untainted node
2025-01-29 17:01:33,979 INFO c.h.h.t.HelmChartContainer - [K3S] [INFO] Kube API server is now running
2025-01-29 17:01:33,979 INFO c.h.h.t.HelmChartContainer - [K3S] [INFO] ETCD server is now running
2025-01-29 17:01:33,979 INFO c.h.h.t.HelmChartContainer - [K3S] [INFO] k3s is up and running
2025-01-29 17:01:33,979 INFO c.h.h.t.HelmChartContainer - [K3S] [INFO] Waiting for cloud-controller-manager privileges to become available
2025-01-29 17:01:33,980 INFO c.h.h.t.HelmChartContainer - [K3S] [INFO] Creating k3s-supervisor event broadcaster
2025-01-29 17:01:33,986 INFO c.h.h.t.HelmChartContainer - [K3S] [INFO] Applying CRD addons.k3s.cattle.io
2025-01-29 17:01:33,995 INFO c.h.h.t.HelmChartContainer - [K3S] [INFO] Applying CRD etcdsnapshotfiles.k3s.cattle.io
2025-01-29 17:01:34,007 INFO c.h.h.t.HelmChartContainer - [K3S] [INFO] Applying CRD helmcharts.helm.cattle.io
2025-01-29 17:01:34,017 INFO c.h.h.t.HelmChartContainer - [K3S] [INFO] Applying CRD helmchartconfigs.helm.cattle.io
2025-01-29 17:01:34,032 INFO c.h.h.t.HelmChartContainer - [K3S] [INFO] Waiting for CRD helmcharts.helm.cattle.io to become available
2025-01-29 17:01:34,201 INFO c.h.h.t.HelmChartContainer - [K3S] [apiserver.go:52] "Watching apiserver"
2025-01-29 17:01:34,227 INFO c.h.h.t.HelmChartContainer - [K3S] [desired_state_of_world_populator.go:157] "Finished populating initial desired state of world"
2025-01-29 17:01:34,255 INFO c.h.h.t.HelmChartContainer - [K3S] [serving.go:392] Generated self-signed cert in-memory
2025-01-29 17:01:34,422 INFO c.h.h.t.HelmChartContainer - [K3S] [controllermanager.go:185] "Starting" version="v1.32.1+k3s1"
2025-01-29 17:01:34,422 INFO c.h.h.t.HelmChartContainer - [K3S] [controllermanager.go:187] "Golang settings" GOGC="" GOMAXPROCS="" GOTRACEBACK=""
2025-01-29 17:01:34,424 INFO c.h.h.t.HelmChartContainer - [K3S] [configmap_cafile_content.go:205] "Starting controller" name="client-ca::kube-system::extension-apiserver-authentication::client-ca-file"
2025-01-29 17:01:34,425 INFO c.h.h.t.HelmChartContainer - [K3S] [configmap_cafile_content.go:205] "Starting controller" name="client-ca::kube-system::extension-apiserver-authentication::requestheader-client-ca-file"
2025-01-29 17:01:34,426 INFO c.h.h.t.HelmChartContainer - [K3S] [tlsconfig.go:243] "Starting DynamicServingCertificateController"
2025-01-29 17:01:34,426 INFO c.h.h.t.HelmChartContainer - [K3S] [requestheader_controller.go:180] Starting RequestHeaderAuthRequestController
2025-01-29 17:01:34,426 INFO c.h.h.t.HelmChartContainer - [K3S] [secure_serving.go:213] Serving securely on 127.0.0.1:10257
2025-01-29 17:01:34,429 INFO c.h.h.t.HelmChartContainer - [K3S] [controllermanager.go:765] "Started controller" controller="serviceaccount-token-controller"
2025-01-29 17:01:34,435 INFO c.h.h.t.HelmChartContainer - [K3S] [controllermanager.go:765] "Started controller" controller="statefulset-controller"
2025-01-29 17:01:34,435 INFO c.h.h.t.HelmChartContainer - [K3S] [controllermanager.go:717] "Controller is disabled by a feature gate" controller="volumeattributesclass-protection-controller" requiredFeatureGates=["VolumeAttributesClass"]
2025-01-29 17:01:34,435 INFO c.h.h.t.HelmChartContainer - [K3S] [stateful_set.go:166] "Starting stateful set controller"
2025-01-29 17:01:34,440 INFO c.h.h.t.HelmChartContainer - [K3S] [controllermanager.go:765] "Started controller" controller="ttl-after-finished-controller"
2025-01-29 17:01:34,441 INFO c.h.h.t.HelmChartContainer - [K3S] [controllermanager.go:743] "Warning: skipping controller" controller="storage-version-migrator-controller"
2025-01-29 17:01:34,441 INFO c.h.h.t.HelmChartContainer - [K3S] [ttlafterfinished_controller.go:112] "Starting TTL after finished controller"
2025-01-29 17:01:34,446 INFO c.h.h.t.HelmChartContainer - [K3S] [controllermanager.go:765] "Started controller" controller="endpointslice-mirroring-controller"
2025-01-29 17:01:34,446 INFO c.h.h.t.HelmChartContainer - [K3S] [endpointslicemirroring_controller.go:227] "Starting EndpointSliceMirroring controller"
2025-01-29 17:01:34,463 INFO c.h.h.t.HelmChartContainer - [K3S] [controllermanager.go:765] "Started controller" controller="resourcequota-controller"
2025-01-29 17:01:34,463 INFO c.h.h.t.HelmChartContainer - [K3S] [resource_quota_controller.go:300] "Starting resource quota controller"
2025-01-29 17:01:34,471 INFO c.h.h.t.HelmChartContainer - [K3S] [graph_builder.go:351] "Running" component="GraphBuilder"
2025-01-29 17:01:34,471 INFO c.h.h.t.HelmChartContainer - [K3S] [controllermanager.go:765] "Started controller" controller="garbage-collector-controller"
2025-01-29 17:01:34,478 INFO c.h.h.t.HelmChartContainer - [K3S] [controllermanager.go:765] "Started controller" controller="deployment-controller"
2025-01-29 17:01:34,478 INFO c.h.h.t.HelmChartContainer - [K3S] [deployment_controller.go:173] "Starting controller" controller="deployment"
2025-01-29 17:01:34,488 INFO c.h.h.t.HelmChartContainer - [K3S] [controllermanager.go:765] "Started controller" controller="horizontal-pod-autoscaler-controller"
2025-01-29 17:01:34,488 INFO c.h.h.t.HelmChartContainer - [K3S] [horizontal.go:201] "Starting HPA controller"
2025-01-29 17:01:34,535 INFO c.h.h.t.HelmChartContainer - [K3S] [INFO] Done waiting for CRD helmcharts.helm.cattle.io to become available
2025-01-29 17:01:34,535 INFO c.h.h.t.HelmChartContainer - [K3S] [INFO] Waiting for CRD helmchartconfigs.helm.cattle.io to become available
2025-01-29 17:01:34,632 INFO c.h.h.t.HelmChartContainer - [K3S] [controllermanager.go:765] "Started controller" controller="certificatesigningrequest-cleaner-controller"
2025-01-29 17:01:34,633 INFO c.h.h.t.HelmChartContainer - [K3S] [controllermanager.go:723] "Skipping a cloud provider controller" controller="node-route-controller"
2025-01-29 17:01:34,633 INFO c.h.h.t.HelmChartContainer - [K3S] [cleaner.go:83] "Starting CSR cleaner controller"
2025-01-29 17:01:34,782 INFO c.h.h.t.HelmChartContainer - [K3S] [controllermanager.go:765] "Started controller" controller="persistentvolume-expander-controller"
2025-01-29 17:01:34,782 INFO c.h.h.t.HelmChartContainer - [K3S] [expand_controller.go:329] "Starting expand controller"
2025-01-29 17:01:34,932 INFO c.h.h.t.HelmChartContainer - [K3S] [controllermanager.go:765] "Started controller" controller="persistentvolumeclaim-protection-controller"
2025-01-29 17:01:34,932 INFO c.h.h.t.HelmChartContainer - [K3S] [pvc_protection_controller.go:168] "Starting PVC protection controller"
2025-01-29 17:01:35,038 INFO c.h.h.t.HelmChartContainer - [K3S] [INFO] Done waiting for CRD helmchartconfigs.helm.cattle.io to become available
2025-01-29 17:01:35,038 INFO c.h.h.t.HelmChartContainer - [K3S] [INFO] Writing static file: /var/lib/rancher/k3s/server/static/charts/traefik-crd-27.0.201+up27.0.2.tgz
2025-01-29 17:01:35,039 INFO c.h.h.t.HelmChartContainer - [K3S] [INFO] Writing static file: /var/lib/rancher/k3s/server/static/charts/traefik-27.0.201+up27.0.2.tgz
2025-01-29 17:01:35,039 INFO c.h.h.t.HelmChartContainer - [K3S] [INFO] Writing manifest: /var/lib/rancher/k3s/server/manifests/coredns.yaml
2025-01-29 17:01:35,040 INFO c.h.h.t.HelmChartContainer - [K3S] [INFO] Writing manifest: /var/lib/rancher/k3s/server/manifests/metrics-server/aggregated-metrics-reader.yaml
2025-01-29 17:01:35,040 INFO c.h.h.t.HelmChartContainer - [K3S] [INFO] Writing manifest: /var/lib/rancher/k3s/server/manifests/metrics-server/metrics-apiservice.yaml
2025-01-29 17:01:35,041 INFO c.h.h.t.HelmChartContainer - [K3S] [INFO] Writing manifest: /var/lib/rancher/k3s/server/manifests/metrics-server/metrics-server-service.yaml
2025-01-29 17:01:35,041 INFO c.h.h.t.HelmChartContainer - [K3S] [INFO] Writing manifest: /var/lib/rancher/k3s/server/manifests/rolebindings.yaml
2025-01-29 17:01:35,041 INFO c.h.h.t.HelmChartContainer - [K3S] [INFO] Writing manifest: /var/lib/rancher/k3s/server/manifests/ccm.yaml
2025-01-29 17:01:35,041 INFO c.h.h.t.HelmChartContainer - [K3S] [INFO] Writing manifest: /var/lib/rancher/k3s/server/manifests/local-storage.yaml
2025-01-29 17:01:35,041 INFO c.h.h.t.HelmChartContainer - [K3S] [INFO] Writing manifest: /var/lib/rancher/k3s/server/manifests/metrics-server/auth-delegator.yaml
2025-01-29 17:01:35,041 INFO c.h.h.t.HelmChartContainer - [K3S] [INFO] Writing manifest: /var/lib/rancher/k3s/server/manifests/metrics-server/auth-reader.yaml
2025-01-29 17:01:35,041 INFO c.h.h.t.HelmChartContainer - [K3S] [INFO] Writing manifest: /var/lib/rancher/k3s/server/manifests/metrics-server/metrics-server-deployment.yaml
2025-01-29 17:01:35,041 INFO c.h.h.t.HelmChartContainer - [K3S] [INFO] Writing manifest: /var/lib/rancher/k3s/server/manifests/metrics-server/resource-reader.yaml
2025-01-29 17:01:35,041 INFO c.h.h.t.HelmChartContainer - [K3S] [INFO] Writing manifest: /var/lib/rancher/k3s/server/manifests/runtimes.yaml
2025-01-29 17:01:35,042 INFO c.h.h.t.HelmChartContainer - [K3S] [INFO] Starting dynamiclistener CN filter node controller with SANs: [localhost 127.0.0.1 ::1 localhost cbc6d6ca7a03 172.18.0.2 10.43.0.1 kubernetes kubernetes.default kubernetes.default.svc kubernetes.default.svc.cluster.local]
2025-01-29 17:01:35,042 INFO c.h.h.t.HelmChartContainer - [K3S] [INFO] Tunnel server egress proxy mode: agent
2025-01-29 17:01:35,131 INFO c.h.h.t.HelmChartContainer - [K3S] [controllermanager.go:765] "Started controller" controller="validatingadmissionpolicy-status-controller"
2025-01-29 17:01:35,147 INFO c.h.h.t.HelmChartContainer - [K3S] [INFO] Starting k3s.cattle.io/v1, Kind=Addon controller
2025-01-29 17:01:35,148 INFO c.h.h.t.HelmChartContainer - [K3S] [INFO] Creating deploy event broadcaster
2025-01-29 17:01:35,154 INFO c.h.h.t.HelmChartContainer - [K3S] [event.go:389] "Event occurred" object="kube-system/ccm" fieldPath="" kind="Addon" apiVersion="k3s.cattle.io/v1" type="Normal" reason="ApplyingManifest" message="Applying manifest at \"/var/lib/rancher/k3s/server/manifests/ccm.yaml\""
2025-01-29 17:01:35,177 INFO c.h.h.t.HelmChartContainer - [K3S] [event.go:389] "Event occurred" object="kube-system/ccm" fieldPath="" kind="Addon" apiVersion="k3s.cattle.io/v1" type="Normal" reason="AppliedManifest" message="Applied manifest at \"/var/lib/rancher/k3s/server/manifests/ccm.yaml\""
2025-01-29 17:01:35,185 INFO c.h.h.t.HelmChartContainer - [K3S] [event.go:389] "Event occurred" object="kube-system/coredns" fieldPath="" kind="Addon" apiVersion="k3s.cattle.io/v1" type="Normal" reason="ApplyingManifest" message="Applying manifest at \"/var/lib/rancher/k3s/server/manifests/coredns.yaml\""
2025-01-29 17:01:35,252 INFO c.h.h.t.HelmChartContainer - [K3S] [INFO] Starting /v1, Kind=Node controller
2025-01-29 17:01:35,252 INFO c.h.h.t.HelmChartContainer - [K3S] [INFO] Creating helm-controller event broadcaster
2025-01-29 17:01:35,273 INFO c.h.h.t.HelmChartContainer - [K3S] [INFO] Labels and annotations have been set successfully on node: cbc6d6ca7a03
2025-01-29 17:01:35,275 INFO c.h.h.t.HelmChartContainer - [K3S] [INFO] Cluster dns configmap has been set successfully
2025-01-29 17:01:35,292 INFO c.h.h.t.HelmChartContainer - [K3S] [controllermanager.go:765] "Started controller" controller="serviceaccount-controller"
2025-01-29 17:01:35,293 INFO c.h.h.t.HelmChartContainer - [K3S] [serviceaccounts_controller.go:114] "Starting service account controller"
2025-01-29 17:01:35,360 INFO c.h.h.t.HelmChartContainer - [K3S] [INFO] Starting helm.cattle.io/v1, Kind=HelmChartConfig controller
2025-01-29 17:01:35,360 INFO c.h.h.t.HelmChartContainer - [K3S] [INFO] Starting helm.cattle.io/v1, Kind=HelmChart controller
2025-01-29 17:01:35,363 INFO c.h.h.t.HelmChartContainer - [K3S] [INFO] Starting rbac.authorization.k8s.io/v1, Kind=ClusterRoleBinding controller
2025-01-29 17:01:35,365 INFO c.h.h.t.HelmChartContainer - [K3S] [INFO] Starting batch/v1, Kind=Job controller
2025-01-29 17:01:35,366 INFO c.h.h.t.HelmChartContainer - [K3S] [INFO] Starting /v1, Kind=ConfigMap controller
2025-01-29 17:01:35,366 INFO c.h.h.t.HelmChartContainer - [K3S] [INFO] Starting /v1, Kind=ServiceAccount controller
2025-01-29 17:01:35,366 INFO c.h.h.t.HelmChartContainer - [K3S] [INFO] Starting /v1, Kind=Secret controller
2025-01-29 17:01:35,399 INFO c.h.h.t.HelmChartContainer - [K3S] [alloc.go:330] "allocated clusterIPs" service="kube-system/kube-dns" clusterIPs={"IPv4":"10.43.0.10"}
2025-01-29 17:01:35,400 INFO c.h.h.t.HelmChartContainer - [K3S] [event.go:389] "Event occurred" object="kube-system/coredns" fieldPath="" kind="Addon" apiVersion="k3s.cattle.io/v1" type="Normal" reason="AppliedManifest" message="Applied manifest at \"/var/lib/rancher/k3s/server/manifests/coredns.yaml\""
2025-01-29 17:01:35,406 INFO c.h.h.t.HelmChartContainer - [K3S] [event.go:389] "Event occurred" object="kube-system/local-storage" fieldPath="" kind="Addon" apiVersion="k3s.cattle.io/v1" type="Normal" reason="ApplyingManifest" message="Applying manifest at \"/var/lib/rancher/k3s/server/manifests/local-storage.yaml\""
2025-01-29 17:01:35,432 INFO c.h.h.t.HelmChartContainer - [K3S] [controllermanager.go:765] "Started controller" controller="job-controller"
2025-01-29 17:01:35,432 INFO c.h.h.t.HelmChartContainer - [K3S] [controllermanager.go:723] "Skipping a cloud provider controller" controller="cloud-node-lifecycle-controller"
2025-01-29 17:01:35,432 INFO c.h.h.t.HelmChartContainer - [K3S] [job_controller.go:243] "Starting job controller"
2025-01-29 17:01:35,501 INFO c.h.h.t.HelmChartContainer - [K3S] [event.go:389] "Event occurred" object="kube-system/local-storage" fieldPath="" kind="Addon" apiVersion="k3s.cattle.io/v1" type="Normal" reason="AppliedManifest" message="Applied manifest at \"/var/lib/rancher/k3s/server/manifests/local-storage.yaml\""
2025-01-29 17:01:35,506 INFO c.h.h.t.HelmChartContainer - [K3S] [event.go:389] "Event occurred" object="kube-system/aggregated-metrics-reader" fieldPath="" kind="Addon" apiVersion="k3s.cattle.io/v1" type="Normal" reason="ApplyingManifest" message="Applying manifest at \"/var/lib/rancher/k3s/server/manifests/metrics-server/aggregated-metrics-reader.yaml\""
2025-01-29 17:01:35,515 INFO c.h.h.t.HelmChartContainer - [K3S] [event.go:389] "Event occurred" object="kube-system/aggregated-metrics-reader" fieldPath="" kind="Addon" apiVersion="k3s.cattle.io/v1" type="Normal" reason="AppliedManifest" message="Applied manifest at \"/var/lib/rancher/k3s/server/manifests/metrics-server/aggregated-metrics-reader.yaml\""
2025-01-29 17:01:35,520 INFO c.h.h.t.HelmChartContainer - [K3S] [event.go:389] "Event occurred" object="kube-system/auth-delegator" fieldPath="" kind="Addon" apiVersion="k3s.cattle.io/v1" type="Normal" reason="ApplyingManifest" message="Applying manifest at \"/var/lib/rancher/k3s/server/manifests/metrics-server/auth-delegator.yaml\""
2025-01-29 17:01:35,582 INFO c.h.h.t.HelmChartContainer - [K3S] [event.go:389] "Event occurred" object="kube-system/auth-delegator" fieldPath="" kind="Addon" apiVersion="k3s.cattle.io/v1" type="Normal" reason="AppliedManifest" message="Applied manifest at \"/var/lib/rancher/k3s/server/manifests/metrics-server/auth-delegator.yaml\""
2025-01-29 17:01:35,582 INFO c.h.h.t.HelmChartContainer - [K3S] [controllermanager.go:765] "Started controller" controller="persistentvolume-protection-controller"
2025-01-29 17:01:35,582 INFO c.h.h.t.HelmChartContainer - [K3S] [pv_protection_controller.go:81] "Starting PV protection controller"
2025-01-29 17:01:35,586 INFO c.h.h.t.HelmChartContainer - [K3S] [event.go:389] "Event occurred" object="kube-system/auth-reader" fieldPath="" kind="Addon" apiVersion="k3s.cattle.io/v1" type="Normal" reason="ApplyingManifest" message="Applying manifest at \"/var/lib/rancher/k3s/server/manifests/metrics-server/auth-reader.yaml\""
2025-01-29 17:01:35,591 INFO c.h.h.t.HelmChartContainer - [K3S] [event.go:389] "Event occurred" object="kube-system/auth-reader" fieldPath="" kind="Addon" apiVersion="k3s.cattle.io/v1" type="Normal" reason="AppliedManifest" message="Applied manifest at \"/var/lib/rancher/k3s/server/manifests/metrics-server/auth-reader.yaml\""
2025-01-29 17:01:35,597 INFO c.h.h.t.HelmChartContainer - [K3S] [event.go:389] "Event occurred" object="kube-system/metrics-apiservice" fieldPath="" kind="Addon" apiVersion="k3s.cattle.io/v1" type="Normal" reason="ApplyingManifest" message="Applying manifest at \"/var/lib/rancher/k3s/server/manifests/metrics-server/metrics-apiservice.yaml\""
2025-01-29 17:01:35,604 INFO c.h.h.t.HelmChartContainer - [K3S] [event.go:389] "Event occurred" object="kube-system/metrics-apiservice" fieldPath="" kind="Addon" apiVersion="k3s.cattle.io/v1" type="Normal" reason="AppliedManifest" message="Applied manifest at \"/var/lib/rancher/k3s/server/manifests/metrics-server/metrics-apiservice.yaml\""
2025-01-29 17:01:35,607 INFO c.h.h.t.HelmChartContainer - [K3S] [handler_proxy.go:99] no RequestInfo found in the context
2025-01-29 17:01:35,607 INFO c.h.h.t.HelmChartContainer - [K3S] [controller.go:146] "Unhandled Error" err=<
2025-01-29 17:01:35,607 INFO c.h.h.t.HelmChartContainer - [K3S] 	, Header: map[Content-Type:[text/plain; charset=utf-8] X-Content-Type-Options:[nosniff]]
2025-01-29 17:01:35,607 INFO c.h.h.t.HelmChartContainer - [K3S]  >
2025-01-29 17:01:35,608 INFO c.h.h.t.HelmChartContainer - [K3S] [handler_proxy.go:143] error resolving kube-system/metrics-server: service "metrics-server" not found
2025-01-29 17:01:35,609 INFO c.h.h.t.HelmChartContainer - [K3S] [event.go:389] "Event occurred" object="kube-system/metrics-server-deployment" fieldPath="" kind="Addon" apiVersion="k3s.cattle.io/v1" type="Normal" reason="ApplyingManifest" message="Applying manifest at \"/var/lib/rancher/k3s/server/manifests/metrics-server/metrics-server-deployment.yaml\""
2025-01-29 17:01:35,618 INFO c.h.h.t.HelmChartContainer - [K3S] [event.go:389] "Event occurred" object="kube-system/metrics-server-deployment" fieldPath="" kind="Addon" apiVersion="k3s.cattle.io/v1" type="Normal" reason="AppliedManifest" message="Applied manifest at \"/var/lib/rancher/k3s/server/manifests/metrics-server/metrics-server-deployment.yaml\""
2025-01-29 17:01:35,624 INFO c.h.h.t.HelmChartContainer - [K3S] [event.go:389] "Event occurred" object="kube-system/metrics-server-service" fieldPath="" kind="Addon" apiVersion="k3s.cattle.io/v1" type="Normal" reason="ApplyingManifest" message="Applying manifest at \"/var/lib/rancher/k3s/server/manifests/metrics-server/metrics-server-service.yaml\""
2025-01-29 17:01:35,629 INFO c.h.h.t.HelmChartContainer - [K3S] [alloc.go:330] "allocated clusterIPs" service="kube-system/metrics-server" clusterIPs={"IPv4":"10.43.22.41"}
2025-01-29 17:01:35,631 INFO c.h.h.t.HelmChartContainer - [K3S] [event.go:389] "Event occurred" object="kube-system/metrics-server-service" fieldPath="" kind="Addon" apiVersion="k3s.cattle.io/v1" type="Normal" reason="AppliedManifest" message="Applied manifest at \"/var/lib/rancher/k3s/server/manifests/metrics-server/metrics-server-service.yaml\""
2025-01-29 17:01:35,634 INFO c.h.h.t.HelmChartContainer - [K3S] [handler_proxy.go:99] no RequestInfo found in the context
2025-01-29 17:01:35,634 INFO c.h.h.t.HelmChartContainer - [K3S] [controller.go:146] "Unhandled Error" err=<
2025-01-29 17:01:35,634 INFO c.h.h.t.HelmChartContainer - [K3S] 	, Header: map[Content-Type:[text/plain; charset=utf-8] X-Content-Type-Options:[nosniff]]
2025-01-29 17:01:35,634 INFO c.h.h.t.HelmChartContainer - [K3S]  >
2025-01-29 17:01:35,635 INFO c.h.h.t.HelmChartContainer - [K3S] [handler_proxy.go:143] error resolving kube-system/metrics-server: endpoints "metrics-server" not found
2025-01-29 17:01:35,637 INFO c.h.h.t.HelmChartContainer - [K3S] [event.go:389] "Event occurred" object="kube-system/resource-reader" fieldPath="" kind="Addon" apiVersion="k3s.cattle.io/v1" type="Normal" reason="ApplyingManifest" message="Applying manifest at \"/var/lib/rancher/k3s/server/manifests/metrics-server/resource-reader.yaml\""
2025-01-29 17:01:35,681 INFO c.h.h.t.HelmChartContainer - [K3S] [event.go:389] "Event occurred" object="kube-system/resource-reader" fieldPath="" kind="Addon" apiVersion="k3s.cattle.io/v1" type="Normal" reason="AppliedManifest" message="Applied manifest at \"/var/lib/rancher/k3s/server/manifests/metrics-server/resource-reader.yaml\""
2025-01-29 17:01:35,687 INFO c.h.h.t.HelmChartContainer - [K3S] [event.go:389] "Event occurred" object="kube-system/rolebindings" fieldPath="" kind="Addon" apiVersion="k3s.cattle.io/v1" type="Normal" reason="ApplyingManifest" message="Applying manifest at \"/var/lib/rancher/k3s/server/manifests/rolebindings.yaml\""
2025-01-29 17:01:35,732 INFO c.h.h.t.HelmChartContainer - [K3S] [controllermanager.go:765] "Started controller" controller="ephemeral-volume-controller"
2025-01-29 17:01:35,732 INFO c.h.h.t.HelmChartContainer - [K3S] [controller.go:173] "Starting ephemeral volume controller"
2025-01-29 17:01:35,792 INFO c.h.h.t.HelmChartContainer - [K3S] [event.go:389] "Event occurred" object="kube-system/rolebindings" fieldPath="" kind="Addon" apiVersion="k3s.cattle.io/v1" type="Normal" reason="AppliedManifest" message="Applied manifest at \"/var/lib/rancher/k3s/server/manifests/rolebindings.yaml\""
2025-01-29 17:01:35,799 INFO c.h.h.t.HelmChartContainer - [K3S] [event.go:389] "Event occurred" object="kube-system/runtimes" fieldPath="" kind="Addon" apiVersion="k3s.cattle.io/v1" type="Normal" reason="ApplyingManifest" message="Applying manifest at \"/var/lib/rancher/k3s/server/manifests/runtimes.yaml\""
2025-01-29 17:01:35,815 INFO c.h.h.t.HelmChartContainer - [K3S] [INFO] Active TLS secret kube-system/k3s-serving (ver=330) (count 10): map[listener.cattle.io/cn-10.43.0.1:10.43.0.1 listener.cattle.io/cn-127.0.0.1:127.0.0.1 listener.cattle.io/cn-172.18.0.2:172.18.0.2 listener.cattle.io/cn-__1-f16284:::1 listener.cattle.io/cn-cbc6d6ca7a03:cbc6d6ca7a03 listener.cattle.io/cn-kubernetes:kubernetes listener.cattle.io/cn-kubernetes.default:kubernetes.default listener.cattle.io/cn-kubernetes.default.svc:kubernetes.default.svc listener.cattle.io/cn-kubernetes.default.svc.cluster.local:kubernetes.default.svc.cluster.local listener.cattle.io/cn-localhost:localhost listener.cattle.io/fingerprint:SHA1=9078CE9FB9819E3CF22EB4A233ADE76FB1D32FC2]
2025-01-29 17:01:35,829 INFO c.h.h.t.HelmChartContainer - [K3S] [event.go:389] "Event occurred" object="kube-system/runtimes" fieldPath="" kind="Addon" apiVersion="k3s.cattle.io/v1" type="Normal" reason="AppliedManifest" message="Applied manifest at \"/var/lib/rancher/k3s/server/manifests/runtimes.yaml\""
2025-01-29 17:01:35,883 INFO c.h.h.t.HelmChartContainer - [K3S] [controllermanager.go:765] "Started controller" controller="endpointslice-controller"
2025-01-29 17:01:35,883 INFO c.h.h.t.HelmChartContainer - [K3S] [endpointslice_controller.go:281] "Starting endpoint slice controller"
2025-01-29 17:01:35,914 INFO c.h.h.t.HelmChartContainer - [K3S] [INFO] Updating TLS secret for kube-system/k3s-serving (count: 10): map[listener.cattle.io/cn-10.43.0.1:10.43.0.1 listener.cattle.io/cn-127.0.0.1:127.0.0.1 listener.cattle.io/cn-172.18.0.2:172.18.0.2 listener.cattle.io/cn-__1-f16284:::1 listener.cattle.io/cn-cbc6d6ca7a03:cbc6d6ca7a03 listener.cattle.io/cn-kubernetes:kubernetes listener.cattle.io/cn-kubernetes.default:kubernetes.default listener.cattle.io/cn-kubernetes.default.svc:kubernetes.default.svc listener.cattle.io/cn-kubernetes.default.svc.cluster.local:kubernetes.default.svc.cluster.local listener.cattle.io/cn-localhost:localhost listener.cattle.io/fingerprint:SHA1=9078CE9FB9819E3CF22EB4A233ADE76FB1D32FC2]
2025-01-29 17:01:36,032 INFO c.h.h.t.HelmChartContainer - [K3S] [controllermanager.go:765] "Started controller" controller="daemonset-controller"
2025-01-29 17:01:36,032 INFO c.h.h.t.HelmChartContainer - [K3S] [daemon_controller.go:294] "Starting daemon sets controller"
2025-01-29 17:01:36,182 INFO c.h.h.t.HelmChartContainer - [K3S] [serving.go:392] Generated self-signed cert in-memory
2025-01-29 17:01:36,189 INFO c.h.h.t.HelmChartContainer - [K3S] [INFO] Tunnel authorizer set Kubelet Port 0.0.0.0:10250
2025-01-29 17:01:36,235 INFO c.h.h.t.HelmChartContainer - [K3S] [controllermanager.go:765] "Started controller" controller="disruption-controller"
2025-01-29 17:01:36,235 INFO c.h.h.t.HelmChartContainer - [K3S] [disruption.go:452] "Sending events to api server."
2025-01-29 17:01:36,235 INFO c.h.h.t.HelmChartContainer - [K3S] [disruption.go:463] "Starting disruption controller"
2025-01-29 17:01:36,283 INFO c.h.h.t.HelmChartContainer - [K3S] [controllermanager.go:765] "Started controller" controller="certificatesigningrequest-approving-controller"
2025-01-29 17:01:36,283 INFO c.h.h.t.HelmChartContainer - [K3S] [certificate_controller.go:120] "Starting certificate controller" name="csrapproving"
2025-01-29 17:01:36,368 INFO c.h.h.t.HelmChartContainer - [K3S] [serving.go:392] Generated self-signed cert in-memory
2025-01-29 17:01:36,432 INFO c.h.h.t.HelmChartContainer - [K3S] [controllermanager.go:765] "Started controller" controller="ttl-controller"
2025-01-29 17:01:36,432 INFO c.h.h.t.HelmChartContainer - [K3S] [ttl_controller.go:127] "Starting TTL controller"
2025-01-29 17:01:36,603 INFO c.h.h.t.HelmChartContainer - [K3S] [handler_proxy.go:99] no RequestInfo found in the context
2025-01-29 17:01:36,603 INFO c.h.h.t.HelmChartContainer - [K3S] [handler_proxy.go:99] no RequestInfo found in the context
2025-01-29 17:01:36,603 INFO c.h.h.t.HelmChartContainer - [K3S] [controller.go:102] "Unhandled Error" err=<
2025-01-29 17:01:36,603 INFO c.h.h.t.HelmChartContainer - [K3S] 	, Header: map[Content-Type:[text/plain; charset=utf-8] X-Content-Type-Options:[nosniff]]
2025-01-29 17:01:36,603 INFO c.h.h.t.HelmChartContainer - [K3S]  >
2025-01-29 17:01:36,687 INFO c.h.h.t.HelmChartContainer - [K3S] [range_allocator.go:112] "No Secondary Service CIDR provided. Skipping filtering out secondary service addresses"
2025-01-29 17:01:36,687 INFO c.h.h.t.HelmChartContainer - [K3S] [controllermanager.go:765] "Started controller" controller="node-ipam-controller"
2025-01-29 17:01:36,687 INFO c.h.h.t.HelmChartContainer - [K3S] [node_ipam_controller.go:141] "Starting ipam controller"
2025-01-29 17:01:36,700 INFO c.h.h.t.HelmChartContainer - [K3S] [event.go:389] "Event occurred" object="cbc6d6ca7a03" fieldPath="" kind="Node" apiVersion="" type="Normal" reason="NodePasswordValidationComplete" message="Deferred node password secret validation complete"
2025-01-29 17:01:36,783 INFO c.h.h.t.HelmChartContainer - [K3S] [controllermanager.go:160] Version: v1.32.1+k3s1
2025-01-29 17:01:36,785 INFO c.h.h.t.HelmChartContainer - [K3S] [requestheader_controller.go:180] Starting RequestHeaderAuthRequestController
2025-01-29 17:01:36,786 INFO c.h.h.t.HelmChartContainer - [K3S] [configmap_cafile_content.go:205] "Starting controller" name="client-ca::kube-system::extension-apiserver-authentication::client-ca-file"
2025-01-29 17:01:36,786 INFO c.h.h.t.HelmChartContainer - [K3S] [configmap_cafile_content.go:205] "Starting controller" name="client-ca::kube-system::extension-apiserver-authentication::requestheader-client-ca-file"
2025-01-29 17:01:36,786 INFO c.h.h.t.HelmChartContainer - [K3S] [secure_serving.go:213] Serving securely on 127.0.0.1:10258
2025-01-29 17:01:36,786 INFO c.h.h.t.HelmChartContainer - [K3S] [tlsconfig.go:243] "Starting DynamicServingCertificateController"
2025-01-29 17:01:36,790 INFO c.h.h.t.HelmChartContainer - [K3S] [INFO] Creating service-lb-controller event broadcaster
2025-01-29 17:01:36,832 INFO c.h.h.t.HelmChartContainer - [K3S] [controllermanager.go:765] "Started controller" controller="persistentvolume-binder-controller"
2025-01-29 17:01:36,832 INFO c.h.h.t.HelmChartContainer - [K3S] [pv_controller_base.go:308] "Starting persistent volume controller"
2025-01-29 17:01:36,902 INFO c.h.h.t.HelmChartContainer - [K3S] [INFO] Starting /v1, Kind=Node controller
2025-01-29 17:01:36,905 INFO c.h.h.t.HelmChartContainer - [K3S] [INFO] Starting /v1, Kind=Pod controller
2025-01-29 17:01:36,908 INFO c.h.h.t.HelmChartContainer - [K3S] [INFO] Starting apps/v1, Kind=DaemonSet controller
2025-01-29 17:01:36,911 INFO c.h.h.t.HelmChartContainer - [K3S] [INFO] Starting discovery.k8s.io/v1, Kind=EndpointSlice controller
2025-01-29 17:01:36,911 INFO c.h.h.t.HelmChartContainer - [K3S] [controllermanager.go:329] Started "cloud-node-controller"
2025-01-29 17:01:36,912 INFO c.h.h.t.HelmChartContainer - [K3S] [controllermanager.go:329] Started "cloud-node-lifecycle-controller"
2025-01-29 17:01:36,912 INFO c.h.h.t.HelmChartContainer - [K3S] [controllermanager.go:329] Started "service-lb-controller"
2025-01-29 17:01:36,912 INFO c.h.h.t.HelmChartContainer - [K3S] [controllermanager.go:306] "node-route-controller" is disabled
2025-01-29 17:01:36,912 INFO c.h.h.t.HelmChartContainer - [K3S] [node_lifecycle_controller.go:112] Sending events to api server
2025-01-29 17:01:36,913 INFO c.h.h.t.HelmChartContainer - [K3S] [node_controller.go:176] Sending events to api server.
2025-01-29 17:01:36,913 INFO c.h.h.t.HelmChartContainer - [K3S] [node_controller.go:185] Waiting for informer caches to sync
2025-01-29 17:01:36,913 INFO c.h.h.t.HelmChartContainer - [K3S] [controller.go:234] Starting service controller
2025-01-29 17:01:36,983 INFO c.h.h.t.HelmChartContainer - [K3S] [controllermanager.go:765] "Started controller" controller="persistentvolume-attach-detach-controller"
2025-01-29 17:01:36,983 INFO c.h.h.t.HelmChartContainer - [K3S] [attach_detach_controller.go:338] "Starting attach detach controller"
2025-01-29 17:01:37,013 INFO c.h.h.t.HelmChartContainer - [K3S] [node_controller.go:429] Initializing node cbc6d6ca7a03 with cloud provider
2025-01-29 17:01:37,016 INFO c.h.h.t.HelmChartContainer - [K3S] [node_controller.go:474] Successfully initialized node cbc6d6ca7a03 with cloud provider
2025-01-29 17:01:37,016 INFO c.h.h.t.HelmChartContainer - [K3S] [event.go:389] "Event occurred" object="cbc6d6ca7a03" fieldPath="" kind="Node" apiVersion="v1" type="Normal" reason="Synced" message="Node synced successfully"
2025-01-29 17:01:37,022 INFO c.h.h.t.HelmChartContainer - [K3S] [INFO] Updated coredns NodeHosts entry for cbc6d6ca7a03
2025-01-29 17:01:37,133 INFO c.h.h.t.HelmChartContainer - [K3S] [controllermanager.go:765] "Started controller" controller="clusterrole-aggregation-controller"
2025-01-29 17:01:37,133 INFO c.h.h.t.HelmChartContainer - [K3S] [clusterroleaggregation_controller.go:194] "Starting ClusterRoleAggregator controller"
2025-01-29 17:01:37,182 INFO c.h.h.t.HelmChartContainer - [K3S] [controllermanager.go:765] "Started controller" controller="taint-eviction-controller"
2025-01-29 17:01:37,182 INFO c.h.h.t.HelmChartContainer - [K3S] [controllermanager.go:717] "Controller is disabled by a feature gate" controller="service-cidr-controller" requiredFeatureGates=["MultiCIDRServiceAllocator"]
2025-01-29 17:01:37,182 INFO c.h.h.t.HelmChartContainer - [K3S] [controllermanager.go:717] "Controller is disabled by a feature gate" controller="selinux-warning-controller" requiredFeatureGates=["SELinuxChangePolicy"]
2025-01-29 17:01:37,182 INFO c.h.h.t.HelmChartContainer - [K3S] [taint_eviction.go:281] "Starting" controller="taint-eviction-controller"
2025-01-29 17:01:37,182 INFO c.h.h.t.HelmChartContainer - [K3S] [taint_eviction.go:287] "Sending events to api server"
2025-01-29 17:01:37,188 INFO c.h.h.t.HelmChartContainer - [K3S] [INFO] Started tunnel to 172.18.0.2:6443
2025-01-29 17:01:37,189 INFO c.h.h.t.HelmChartContainer - [K3S] [INFO] Stopped tunnel to 127.0.0.1:6443
2025-01-29 17:01:37,189 INFO c.h.h.t.HelmChartContainer - [K3S] [INFO] Connecting to proxy" url="wss://172.18.0.2:6443/v1-k3s/connect
2025-01-29 17:01:37,189 INFO c.h.h.t.HelmChartContainer - [K3S] [INFO] Proxy done" err="context canceled" url="wss://127.0.0.1:6443/v1-k3s/connect
2025-01-29 17:01:37,189 INFO c.h.h.t.HelmChartContainer - [K3S] [INFO] error in remotedialer server [400]: websocket: close 1006 (abnormal closure): unexpected EOF
2025-01-29 17:01:37,191 INFO c.h.h.t.HelmChartContainer - [K3S] [INFO] Handling backend connection request [cbc6d6ca7a03]
2025-01-29 17:01:37,191 INFO c.h.h.t.HelmChartContainer - [K3S] [INFO] Remotedialer connected to proxy" url="wss://172.18.0.2:6443/v1-k3s/connect
2025-01-29 17:01:37,232 INFO c.h.h.t.HelmChartContainer - [K3S] [serving.go:392] Generated self-signed cert in-memory
2025-01-29 17:01:37,332 INFO c.h.h.t.HelmChartContainer - [K3S] [controllermanager.go:765] "Started controller" controller="token-cleaner-controller"
2025-01-29 17:01:37,332 INFO c.h.h.t.HelmChartContainer - [K3S] [tokencleaner.go:117] "Starting token cleaner controller"
2025-01-29 17:01:37,382 INFO c.h.h.t.HelmChartContainer - [K3S] [node_lifecycle_controller.go:432] "Controller will reconcile labels"
2025-01-29 17:01:37,382 INFO c.h.h.t.HelmChartContainer - [K3S] [controllermanager.go:765] "Started controller" controller="node-lifecycle-controller"
2025-01-29 17:01:37,382 INFO c.h.h.t.HelmChartContainer - [K3S] [node_lifecycle_controller.go:466] "Sending events to api server"
2025-01-29 17:01:37,382 INFO c.h.h.t.HelmChartContainer - [K3S] [node_lifecycle_controller.go:477] "Starting node controller"
2025-01-29 17:01:37,533 INFO c.h.h.t.HelmChartContainer - [K3S] [controllermanager.go:765] "Started controller" controller="root-ca-certificate-publisher-controller"
2025-01-29 17:01:37,533 INFO c.h.h.t.HelmChartContainer - [K3S] [publisher.go:107] "Starting root CA cert publisher controller"
2025-01-29 17:01:37,667 INFO c.h.h.t.HelmChartContainer - [K3S] [server.go:164] "Starting Kubernetes Scheduler" version="v1.32.1+k3s1"
2025-01-29 17:01:37,667 INFO c.h.h.t.HelmChartContainer - [K3S] [server.go:166] "Golang settings" GOGC="" GOMAXPROCS="" GOTRACEBACK=""
2025-01-29 17:01:37,674 INFO c.h.h.t.HelmChartContainer - [K3S] [requestheader_controller.go:180] Starting RequestHeaderAuthRequestController
2025-01-29 17:01:37,674 INFO c.h.h.t.HelmChartContainer - [K3S] [configmap_cafile_content.go:205] "Starting controller" name="client-ca::kube-system::extension-apiserver-authentication::requestheader-client-ca-file"
2025-01-29 17:01:37,674 INFO c.h.h.t.HelmChartContainer - [K3S] [configmap_cafile_content.go:205] "Starting controller" name="client-ca::kube-system::extension-apiserver-authentication::client-ca-file"
2025-01-29 17:01:37,674 INFO c.h.h.t.HelmChartContainer - [K3S] [secure_serving.go:213] Serving securely on 127.0.0.1:10259
2025-01-29 17:01:37,674 INFO c.h.h.t.HelmChartContainer - [K3S] [tlsconfig.go:243] "Starting DynamicServingCertificateController"
2025-01-29 17:01:37,682 INFO c.h.h.t.HelmChartContainer - [K3S] [controllermanager.go:765] "Started controller" controller="legacy-serviceaccount-token-cleaner-controller"
2025-01-29 17:01:37,682 INFO c.h.h.t.HelmChartContainer - [K3S] [legacy_serviceaccount_token_cleaner.go:103] "Starting legacy service account token cleaner controller"
2025-01-29 17:01:37,838 INFO c.h.h.t.HelmChartContainer - [K3S] [controllermanager.go:765] "Started controller" controller="replicationcontroller-controller"
2025-01-29 17:01:37,838 INFO c.h.h.t.HelmChartContainer - [K3S] [replica_set.go:217] "Starting controller" name="replicationcontroller"
2025-01-29 17:01:37,982 INFO c.h.h.t.HelmChartContainer - [K3S] [controllermanager.go:765] "Started controller" controller="pod-garbage-collector-controller"
2025-01-29 17:01:37,982 INFO c.h.h.t.HelmChartContainer - [K3S] [controllermanager.go:723] "Skipping a cloud provider controller" controller="service-lb-controller"
2025-01-29 17:01:37,982 INFO c.h.h.t.HelmChartContainer - [K3S] [controllermanager.go:717] "Controller is disabled by a feature gate" controller="resourceclaim-controller" requiredFeatureGates=["DynamicResourceAllocation"]
2025-01-29 17:01:37,982 INFO c.h.h.t.HelmChartContainer - [K3S] [gc_controller.go:99] "Starting GC controller"
2025-01-29 17:01:38,237 INFO c.h.h.t.HelmChartContainer - [K3S] [controllermanager.go:765] "Started controller" controller="namespace-controller"
2025-01-29 17:01:38,238 INFO c.h.h.t.HelmChartContainer - [K3S] [namespace_controller.go:202] "Starting namespace controller"
2025-01-29 17:01:38,383 INFO c.h.h.t.HelmChartContainer - [K3S] [controllermanager.go:765] "Started controller" controller="endpoints-controller"
2025-01-29 17:01:38,384 INFO c.h.h.t.HelmChartContainer - [K3S] [endpoints_controller.go:182] "Starting endpoint controller"
2025-01-29 17:01:38,532 INFO c.h.h.t.HelmChartContainer - [K3S] [controllermanager.go:765] "Started controller" controller="replicaset-controller"
2025-01-29 17:01:38,532 INFO c.h.h.t.HelmChartContainer - [K3S] [replica_set.go:217] "Starting controller" name="replicaset"
2025-01-29 17:01:38,682 INFO c.h.h.t.HelmChartContainer - [K3S] [controllermanager.go:765] "Started controller" controller="cronjob-controller"
2025-01-29 17:01:38,682 INFO c.h.h.t.HelmChartContainer - [K3S] [cronjob_controllerv2.go:145] "Starting cronjob controller v2"
2025-01-29 17:01:38,732 INFO c.h.h.t.HelmChartContainer - [K3S] [certificate_controller.go:120] "Starting certificate controller" name="csrsigning-kubelet-serving"
2025-01-29 17:01:38,732 INFO c.h.h.t.HelmChartContainer - [K3S] [dynamic_serving_content.go:135] "Starting controller" name="csr-controller::/var/lib/rancher/k3s/server/tls/server-ca.nochain.crt::/var/lib/rancher/k3s/server/tls/server-ca.key"
2025-01-29 17:01:38,733 INFO c.h.h.t.HelmChartContainer - [K3S] [certificate_controller.go:120] "Starting certificate controller" name="csrsigning-kubelet-client"
2025-01-29 17:01:38,733 INFO c.h.h.t.HelmChartContainer - [K3S] [dynamic_serving_content.go:135] "Starting controller" name="csr-controller::/var/lib/rancher/k3s/server/tls/client-ca.nochain.crt::/var/lib/rancher/k3s/server/tls/client-ca.key"
2025-01-29 17:01:38,733 INFO c.h.h.t.HelmChartContainer - [K3S] [certificate_controller.go:120] "Starting certificate controller" name="csrsigning-kube-apiserver-client"
2025-01-29 17:01:38,733 INFO c.h.h.t.HelmChartContainer - [K3S] [dynamic_serving_content.go:135] "Starting controller" name="csr-controller::/var/lib/rancher/k3s/server/tls/client-ca.nochain.crt::/var/lib/rancher/k3s/server/tls/client-ca.key"
2025-01-29 17:01:38,733 INFO c.h.h.t.HelmChartContainer - [K3S] [controllermanager.go:765] "Started controller" controller="certificatesigningrequest-signing-controller"
2025-01-29 17:01:38,733 INFO c.h.h.t.HelmChartContainer - [K3S] [controllermanager.go:728] "Warning: controller is disabled" controller="bootstrap-signer-controller"
2025-01-29 17:01:38,733 INFO c.h.h.t.HelmChartContainer - [K3S] [controllermanager.go:717] "Controller is disabled by a feature gate" controller="kube-apiserver-serving-clustertrustbundle-publisher-controller" requiredFeatureGates=["ClusterTrustBundle"]
2025-01-29 17:01:38,733 INFO c.h.h.t.HelmChartContainer - [K3S] [certificate_controller.go:120] "Starting certificate controller" name="csrsigning-legacy-unknown"
2025-01-29 17:01:38,733 INFO c.h.h.t.HelmChartContainer - [K3S] [controllermanager.go:717] "Controller is disabled by a feature gate" controller="storageversion-garbage-collector-controller" requiredFeatureGates=["APIServerIdentity","StorageVersionAPI"]
2025-01-29 17:01:38,733 INFO c.h.h.t.HelmChartContainer - [K3S] [dynamic_serving_content.go:135] "Starting controller" name="csr-controller::/var/lib/rancher/k3s/server/tls/server-ca.nochain.crt::/var/lib/rancher/k3s/server/tls/server-ca.key"
2025-01-29 17:01:38,756 INFO c.h.h.t.HelmChartContainer - [K3S] [actual_state_of_world.go:541] "Failed to update statusUpdateNeeded field in actual state of world" err="Failed to set statusUpdateNeeded to needed true, because nodeName=\"cbc6d6ca7a03\" does not exist"
2025-01-29 17:01:38,789 INFO c.h.h.t.HelmChartContainer - [K3S] [range_allocator.go:177] "Sending events to api server"
2025-01-29 17:01:38,789 INFO c.h.h.t.HelmChartContainer - [K3S] [range_allocator.go:183] "Starting range CIDR allocator"
2025-01-29 17:01:38,793 INFO c.h.h.t.HelmChartContainer - [K3S] [range_allocator.go:428] "Set node PodCIDR" node="cbc6d6ca7a03" podCIDRs=["10.42.0.0/24"]
2025-01-29 17:01:38,793 INFO c.h.h.t.HelmChartContainer - [K3S] [range_allocator.go:247] "Successfully synced" key="cbc6d6ca7a03"
2025-01-29 17:01:38,794 INFO c.h.h.t.HelmChartContainer - [K3S] [INFO] Flannel found PodCIDR assigned for node cbc6d6ca7a03
2025-01-29 17:01:38,794 INFO c.h.h.t.HelmChartContainer - [K3S] [range_allocator.go:247] "Successfully synced" key="cbc6d6ca7a03"
2025-01-29 17:01:38,795 INFO c.h.h.t.HelmChartContainer - [K3S] [INFO] The interface eth0 with ipv4 address 172.18.0.2 will be used by flannel
2025-01-29 17:01:38,799 INFO c.h.h.t.HelmChartContainer - [K3S] [kube.go:139] Waiting 10m0s for node controller to sync
2025-01-29 17:01:38,799 INFO c.h.h.t.HelmChartContainer - [K3S] [kube.go:469] Starting kube subnet manager
2025-01-29 17:01:38,884 INFO c.h.h.t.HelmChartContainer - [K3S] [node_lifecycle_controller.go:1234] "Initializing eviction metric for zone" zone=""
2025-01-29 17:01:38,884 INFO c.h.h.t.HelmChartContainer - [K3S] [node_lifecycle_controller.go:886] "Missing timestamp for Node. Assuming now as a timestamp" node="cbc6d6ca7a03"
2025-01-29 17:01:38,884 INFO c.h.h.t.HelmChartContainer - [K3S] [node_lifecycle_controller.go:1080] "Controller detected that zone is now in new state" zone="" newState="Normal"
2025-01-29 17:01:38,890 INFO c.h.h.t.HelmChartContainer - [K3S] [range_allocator.go:247] "Successfully synced" key="cbc6d6ca7a03"
2025-01-29 17:01:38,912 INFO c.h.h.t.HelmChartContainer - [K3S] [INFO] Starting network policy controller version v2.2.1, built on 2025-01-28T18:27:08Z, go1.23.4
2025-01-29 17:01:38,913 INFO c.h.h.t.HelmChartContainer - [K3S] [network_policy_controller.go:164] Starting network policy controller
2025-01-29 17:01:38,940 INFO c.h.h.t.HelmChartContainer - [K3S] [network_policy_controller.go:176] Starting network policy controller full sync goroutine
2025-01-29 17:01:39,289 INFO c.h.h.t.HelmChartContainer - [K3S] [range_allocator.go:247] "Successfully synced" key="cbc6d6ca7a03"
2025-01-29 17:01:39,541 INFO c.h.h.t.HelmChartContainer - [K3S] [handler_proxy.go:99] no RequestInfo found in the context
2025-01-29 17:01:39,541 INFO c.h.h.t.HelmChartContainer - [K3S] [controller.go:146] "Unhandled Error" err=<
2025-01-29 17:01:39,541 INFO c.h.h.t.HelmChartContainer - [K3S] 	, Header: map[Content-Type:[text/plain; charset=utf-8] X-Content-Type-Options:[nosniff]]
2025-01-29 17:01:39,541 INFO c.h.h.t.HelmChartContainer - [K3S]  >
2025-01-29 17:01:39,542 INFO c.h.h.t.HelmChartContainer - [K3S] [handler_proxy.go:143] error resolving kube-system/metrics-server: no endpoints available for service "metrics-server"
2025-01-29 17:01:39,646 INFO c.h.h.t.HelmChartContainer - [K3S] [replica_set.go:679] "Finished syncing" kind="ReplicaSet" key="kube-system/local-path-provisioner-698b58967b" duration="251.697648ms"
2025-01-29 17:01:39,656 INFO c.h.h.t.HelmChartContainer - [K3S] [replica_set.go:679] "Finished syncing" kind="ReplicaSet" key="kube-system/coredns-ff8999cc5" duration="259.39033ms"
2025-01-29 17:01:39,663 INFO c.h.h.t.HelmChartContainer - [K3S] [replica_set.go:679] "Finished syncing" kind="ReplicaSet" key="kube-system/metrics-server-8584b5786c" duration="267.584669ms"
2025-01-29 17:01:39,667 INFO c.h.h.t.HelmChartContainer - [K3S] [replica_set.go:679] "Finished syncing" kind="ReplicaSet" key="kube-system/coredns-ff8999cc5" duration="11.189767ms"
2025-01-29 17:01:39,668 INFO c.h.h.t.HelmChartContainer - [K3S] [replica_set.go:679] "Finished syncing" kind="ReplicaSet" key="kube-system/coredns-ff8999cc5" duration="589.966µs"
2025-01-29 17:01:39,676 INFO c.h.h.t.HelmChartContainer - [K3S] [replica_set.go:679] "Finished syncing" kind="ReplicaSet" key="kube-system/local-path-provisioner-698b58967b" duration="30.481982ms"
2025-01-29 17:01:39,678 INFO c.h.h.t.HelmChartContainer - [K3S] [replica_set.go:679] "Finished syncing" kind="ReplicaSet" key="kube-system/local-path-provisioner-698b58967b" duration="27.572µs"
2025-01-29 17:01:39,679 INFO c.h.h.t.HelmChartContainer - [K3S] [replica_set.go:679] "Finished syncing" kind="ReplicaSet" key="kube-system/metrics-server-8584b5786c" duration="15.238821ms"
2025-01-29 17:01:39,679 INFO c.h.h.t.HelmChartContainer - [K3S] [replica_set.go:679] "Finished syncing" kind="ReplicaSet" key="kube-system/metrics-server-8584b5786c" duration="26.94µs"
2025-01-29 17:01:39,690 INFO c.h.h.t.HelmChartContainer - [K3S] [replica_set.go:679] "Finished syncing" kind="ReplicaSet" key="kube-system/metrics-server-8584b5786c" duration="29.937µs"
2025-01-29 17:01:39,698 INFO c.h.h.t.HelmChartContainer - [K3S] [replica_set.go:679] "Finished syncing" kind="ReplicaSet" key="kube-system/local-path-provisioner-698b58967b" duration="34.164µs"
2025-01-29 17:01:39,707 INFO c.h.h.t.HelmChartContainer - [K3S] [replica_set.go:679] "Finished syncing" kind="ReplicaSet" key="kube-system/coredns-ff8999cc5" duration="38.792µs"
2025-01-29 17:01:39,779 INFO c.h.h.t.HelmChartContainer - [K3S] [reconciler_common.go:251] "operationExecutor.VerifyControllerAttachedVolume started for volume \"kube-api-access-mkjcz\" (UniqueName: \"kubernetes.io/projected/c5085b63-75e8-4e69-8eec-ff7db77b8f5c-kube-api-access-mkjcz\") pod \"metrics-server-8584b5786c-dbfn4\" (UID: \"c5085b63-75e8-4e69-8eec-ff7db77b8f5c\") " pod="kube-system/metrics-server-8584b5786c-dbfn4"
2025-01-29 17:01:39,779 INFO c.h.h.t.HelmChartContainer - [K3S] [reconciler_common.go:251] "operationExecutor.VerifyControllerAttachedVolume started for volume \"config-volume\" (UniqueName: \"kubernetes.io/configmap/656f914b-98c3-4fb0-92bb-ef3c277b8813-config-volume\") pod \"local-path-provisioner-698b58967b-mc4bd\" (UID: \"656f914b-98c3-4fb0-92bb-ef3c277b8813\") " pod="kube-system/local-path-provisioner-698b58967b-mc4bd"
2025-01-29 17:01:39,779 INFO c.h.h.t.HelmChartContainer - [K3S] [reconciler_common.go:251] "operationExecutor.VerifyControllerAttachedVolume started for volume \"kube-api-access-wgd7t\" (UniqueName: \"kubernetes.io/projected/656f914b-98c3-4fb0-92bb-ef3c277b8813-kube-api-access-wgd7t\") pod \"local-path-provisioner-698b58967b-mc4bd\" (UID: \"656f914b-98c3-4fb0-92bb-ef3c277b8813\") " pod="kube-system/local-path-provisioner-698b58967b-mc4bd"
2025-01-29 17:01:39,779 INFO c.h.h.t.HelmChartContainer - [K3S] [reconciler_common.go:251] "operationExecutor.VerifyControllerAttachedVolume started for volume \"config-volume\" (UniqueName: \"kubernetes.io/configmap/e2bcf0d7-128f-41f3-ae9e-2174c7613909-config-volume\") pod \"coredns-ff8999cc5-v666h\" (UID: \"e2bcf0d7-128f-41f3-ae9e-2174c7613909\") " pod="kube-system/coredns-ff8999cc5-v666h"
2025-01-29 17:01:39,779 INFO c.h.h.t.HelmChartContainer - [K3S] [reconciler_common.go:251] "operationExecutor.VerifyControllerAttachedVolume started for volume \"custom-config-volume\" (UniqueName: \"kubernetes.io/configmap/e2bcf0d7-128f-41f3-ae9e-2174c7613909-custom-config-volume\") pod \"coredns-ff8999cc5-v666h\" (UID: \"e2bcf0d7-128f-41f3-ae9e-2174c7613909\") " pod="kube-system/coredns-ff8999cc5-v666h"
2025-01-29 17:01:39,779 INFO c.h.h.t.HelmChartContainer - [K3S] [reconciler_common.go:251] "operationExecutor.VerifyControllerAttachedVolume started for volume \"kube-api-access-9whff\" (UniqueName: \"kubernetes.io/projected/e2bcf0d7-128f-41f3-ae9e-2174c7613909-kube-api-access-9whff\") pod \"coredns-ff8999cc5-v666h\" (UID: \"e2bcf0d7-128f-41f3-ae9e-2174c7613909\") " pod="kube-system/coredns-ff8999cc5-v666h"
2025-01-29 17:01:39,780 INFO c.h.h.t.HelmChartContainer - [K3S] [reconciler_common.go:251] "operationExecutor.VerifyControllerAttachedVolume started for volume \"tmp-dir\" (UniqueName: \"kubernetes.io/empty-dir/c5085b63-75e8-4e69-8eec-ff7db77b8f5c-tmp-dir\") pod \"metrics-server-8584b5786c-dbfn4\" (UID: \"c5085b63-75e8-4e69-8eec-ff7db77b8f5c\") " pod="kube-system/metrics-server-8584b5786c-dbfn4"
2025-01-29 17:01:39,798 INFO c.h.h.t.HelmChartContainer - [K3S] [kube.go:146] Node controller sync successful
2025-01-29 17:01:39,798 INFO c.h.h.t.HelmChartContainer - [K3S] [vxlan.go:141] VXLAN config: VNI=1 Port=0 GBP=false Learning=false DirectRouting=false
2025-01-29 17:01:39,801 INFO c.h.h.t.HelmChartContainer - [K3S] [kube.go:636] List of node(cbc6d6ca7a03) annotations: map[string]string{"alpha.kubernetes.io/provided-node-ip":"172.18.0.2", "k3s.io/hostname":"cbc6d6ca7a03", "k3s.io/internal-ip":"172.18.0.2", "k3s.io/node-args":"[\"server\",\"--etcd-arg\",\"unsafe-no-fsync\",\"--etcd-arg\",\"snapshot-count=10000\",\"--etcd-arg\",\"auto-compaction-mode=revision\",\"--etcd-arg\",\"auto-compaction-retention=1000000\",\"--kube-apiserver-arg\",\"etcd-compaction-interval=0s\",\"--disable\",\"traefik\",\"--tls-san\",\"localhost\"]", "k3s.io/node-config-hash":"2QNNT5M5XUBFOLO5XPGEVGOM5UDLHHTIVMSRUPAUHE5DU3HUYQUQ====", "k3s.io/node-env":"{}", "node.alpha.kubernetes.io/ttl":"0", "volumes.kubernetes.io/controller-managed-attach-detach":"true"}
2025-01-29 17:01:39,808 INFO c.h.h.t.HelmChartContainer - [K3S] [kube.go:490] Creating the node lease for IPv4. This is the n.Spec.PodCIDRs: [10.42.0.0/24]
2025-01-29 17:01:39,808 INFO c.h.h.t.HelmChartContainer - [K3S] [range_allocator.go:247] "Successfully synced" key="cbc6d6ca7a03"
2025-01-29 17:01:39,808 INFO c.h.h.t.HelmChartContainer - [K3S] [iptables.go:51] Starting flannel in iptables mode...
2025-01-29 17:01:39,808 INFO c.h.h.t.HelmChartContainer - [K3S] [WARNING] no subnet found for key: FLANNEL_NETWORK in file: /run/flannel/subnet.env
2025-01-29 17:01:39,808 INFO c.h.h.t.HelmChartContainer - [K3S] [WARNING] no subnet found for key: FLANNEL_SUBNET in file: /run/flannel/subnet.env
2025-01-29 17:01:39,808 INFO c.h.h.t.HelmChartContainer - [K3S] [WARNING] no subnet found for key: FLANNEL_IPV6_NETWORK in file: /run/flannel/subnet.env
2025-01-29 17:01:39,808 INFO c.h.h.t.HelmChartContainer - [K3S] [WARNING] no subnet found for key: FLANNEL_IPV6_SUBNET in file: /run/flannel/subnet.env
2025-01-29 17:01:39,808 INFO c.h.h.t.HelmChartContainer - [K3S] [iptables.go:115] Current network or subnet (10.42.0.0/16, 10.42.0.0/24) is not equal to previous one (0.0.0.0/0, 0.0.0.0/0), trying to recycle old iptables rules
2025-01-29 17:01:39,815 INFO c.h.h.t.HelmChartContainer - [K3S] [iptables.go:125] Setting up masking rules
2025-01-29 17:01:39,817 INFO c.h.h.t.HelmChartContainer - [K3S] [iptables.go:226] Changing default FORWARD chain policy to ACCEPT
2025-01-29 17:01:39,820 INFO c.h.h.t.HelmChartContainer - [K3S] [INFO] Wrote flannel subnet file to /run/flannel/subnet.env
2025-01-29 17:01:39,820 INFO c.h.h.t.HelmChartContainer - [K3S] [INFO] Running flannel backend.
2025-01-29 17:01:39,820 INFO c.h.h.t.HelmChartContainer - [K3S] [vxlan_network.go:65] watching for new subnet leases
2025-01-29 17:01:39,829 INFO c.h.h.t.HelmChartContainer - [K3S] [iptables.go:372] bootstrap done
2025-01-29 17:01:39,835 INFO c.h.h.t.HelmChartContainer - [K3S] [iptables.go:372] bootstrap done
2025-01-29 17:01:40,542 INFO c.h.h.t.HelmChartContainer - [K3S] [handler_proxy.go:99] no RequestInfo found in the context
2025-01-29 17:01:40,543 INFO c.h.h.t.HelmChartContainer - [K3S] [handler_proxy.go:99] no RequestInfo found in the context
2025-01-29 17:01:40,543 INFO c.h.h.t.HelmChartContainer - [K3S] [controller.go:102] "Unhandled Error" err=<
2025-01-29 17:01:40,543 INFO c.h.h.t.HelmChartContainer - [K3S] 	, Header: map[Content-Type:[text/plain; charset=utf-8] X-Content-Type-Options:[nosniff]]
2025-01-29 17:01:40,543 INFO c.h.h.t.HelmChartContainer - [K3S]  >
2025-01-29 17:01:43,319 INFO c.h.h.t.HelmChartContainer - [K3S] [replica_set.go:679] "Finished syncing" kind="ReplicaSet" key="kube-system/coredns-ff8999cc5" duration="42.671µs"
2025-01-29 17:01:43,353 INFO c.h.h.t.HelmChartContainer - [K3S] [replica_set.go:679] "Finished syncing" kind="ReplicaSet" key="kube-system/local-path-provisioner-698b58967b" duration="9.588719ms"
2025-01-29 17:01:43,356 INFO c.h.h.t.HelmChartContainer - [K3S] [replica_set.go:679] "Finished syncing" kind="ReplicaSet" key="kube-system/local-path-provisioner-698b58967b" duration="389.19µs"
2025-01-29 17:01:43,382 INFO c.h.h.t.HelmChartContainer - [K3S] [replica_set.go:679] "Finished syncing" kind="ReplicaSet" key="kube-system/coredns-ff8999cc5" duration="13.353177ms"
2025-01-29 17:01:43,389 INFO c.h.h.t.HelmChartContainer - [K3S] [replica_set.go:679] "Finished syncing" kind="ReplicaSet" key="kube-system/metrics-server-8584b5786c" duration="50.335µs"
2025-01-29 17:01:43,391 INFO c.h.h.t.HelmChartContainer - [K3S] [replica_set.go:679] "Finished syncing" kind="ReplicaSet" key="kube-system/coredns-ff8999cc5" duration="26.079µs"
2025-01-29 17:01:43,622 INFO c.h.h.t.HelmChartContainer - [K3S] [kuberuntime_manager.go:1702] "Updating runtime config through cri with podcidr" CIDR="10.42.0.0/24"
2025-01-29 17:01:43,624 INFO c.h.h.t.HelmChartContainer - [K3S] [kubelet_network.go:61] "Updating Pod CIDR" originalPodCIDR="" newPodCIDR="10.42.0.0/24"
2025-01-29 17:01:43,634 INFO c.h.h.t.HelmChartContainer - [K3S] [range_allocator.go:247] "Successfully synced" key="cbc6d6ca7a03"
2025-01-29 17:01:44,108 DEBUG c.h.h.t.HelmChartContainer - Image file loaded 'hivemq-platform-operator.tar'
2025-01-29 17:01:44,548 DEBUG c.h.h.t.HelmChartContainer - Image file loaded 'hivemq-platform-operator-init.tar'
2025-01-29 17:01:49,977 DEBUG c.h.h.t.HelmChartContainer - Image file loaded 'hivemq-platform.tar'
2025-01-29 17:01:49,977 DEBUG c.h.h.t.HelmChartContainer - Successful Helm chart Container startup
2025-01-29 17:01:49,985 INFO t.localhost/testcontainers/ikbf2sjqrhzsinmw:latest - Container localhost/testcontainers/ikbf2sjqrhzsinmw:latest started in PT20.965965949S
2025-01-29 17:01:49,993 DEBUG c.h.h.t.HelmChartContainer - Executing helm command: /bin/helm --kubeconfig /etc/rancher/k3s/k3s.yaml repo add hivemq https://hivemq.github.io/helm-charts
2025-01-29 17:01:51,370 INFO c.h.h.t.HelmChartContainer - [EVENT] Normal [Starting] Starting kubelet. [null:cbc6d6ca7a03]
2025-01-29 17:01:51,371 INFO c.h.h.t.HelmChartContainer - [EVENT] Warning [InvalidDiskCapacity] invalid capacity 0 on image filesystem [null:cbc6d6ca7a03]
2025-01-29 17:01:51,372 INFO c.h.h.t.HelmChartContainer - [EVENT] Normal [NodeHasSufficientMemory] Node cbc6d6ca7a03 status is now: NodeHasSufficientMemory [null:cbc6d6ca7a03]
2025-01-29 17:01:51,373 INFO c.h.h.t.HelmChartContainer - [EVENT] Normal [NodeHasNoDiskPressure] Node cbc6d6ca7a03 status is now: NodeHasNoDiskPressure [null:cbc6d6ca7a03]
2025-01-29 17:01:51,374 INFO c.h.h.t.HelmChartContainer - [EVENT] Normal [NodeHasSufficientPID] Node cbc6d6ca7a03 status is now: NodeHasSufficientPID [null:cbc6d6ca7a03]
2025-01-29 17:01:51,375 INFO c.h.h.t.HelmChartContainer - [EVENT] Normal [NodeAllocatableEnforced] Updated Node Allocatable limit across pods [null:cbc6d6ca7a03]
2025-01-29 17:01:51,376 INFO c.h.h.t.HelmChartContainer - [EVENT] Normal [NodeReady] Node cbc6d6ca7a03 status is now: NodeReady [null:cbc6d6ca7a03]
2025-01-29 17:01:51,379 INFO c.h.h.t.HelmChartContainer - [EVENT] Normal [NodePasswordValidationComplete] Deferred node password secret validation complete [null:cbc6d6ca7a03]
2025-01-29 17:01:51,380 INFO c.h.h.t.HelmChartContainer - [EVENT] Normal [Synced] Node synced successfully [null:cbc6d6ca7a03]
2025-01-29 17:01:51,380 INFO c.h.h.t.HelmChartContainer - [EVENT] Normal [RegisteredNode] Node cbc6d6ca7a03 event: Registered Node cbc6d6ca7a03 in Controller [null:cbc6d6ca7a03]
2025-01-29 17:01:51,391 INFO c.h.h.t.HelmChartContainer - Saved kubeconfig file on /tmp/kubeconfig-10536532892090687799.yaml
2025-01-29 17:01:51,391 INFO c.h.h.t.HelmChartContainer - HelmChartContainer is started
]]></system-out>
  <system-err><![CDATA[]]></system-err>
</testsuite>
