<?xml version="1.0" encoding="UTF-8"?>
<testsuite name="com.hivemq.helmcharts.extensions.HelmUpgradeExtensionIT" tests="2" skipped="0" failures="0" errors="0" timestamp="2025-06-30T12:34:51" hostname="fv-az1788-749" time="486.704">
  <properties/>
  <testcase name="withBridgeConfiguration_enableDisableBridge()" classname="com.hivemq.helmcharts.extensions.HelmUpgradeExtensionIT" time="210.03"/>
  <testcase name="withBridgeConfiguration_updateExtensionWithNewConfig()" classname="com.hivemq.helmcharts.extensions.HelmUpgradeExtensionIT" time="276.671"/>
</testsuite>
