<?xml version="1.0" encoding="UTF-8"?>
<testsuite name="com.hivemq.helmcharts.platform.HelmPlatformTlsIT" tests="2" skipped="0" failures="0" errors="0" timestamp="2025-10-02T11:18:13" hostname="runnervm3ublj" time="193.368">
  <properties/>
  <testcase name="platformChart_whenTlsEnabled_hivemqRunning()" classname="com.hivemq.helmcharts.platform.HelmPlatformTlsIT" time="101.741"/>
  <testcase name="platformChart_whenTlsEnabledWithDifferentPrivateKey_hivemqRunning()" classname="com.hivemq.helmcharts.platform.HelmPlatformTlsIT" time="91.627"/>
</testsuite>
