<?xml version="1.0" encoding="UTF-8"?>
<testsuite name="com.hivemq.helmcharts.volumes.HelmAdditionalVolumesIT" tests="1" skipped="0" failures="0" errors="0" timestamp="2025-06-30T12:39:51" hostname="fv-az1788-749" time="101.688">
  <properties/>
  <testcase name="withAdditionalVolumes_hivemqRunningWithVolumeMounts()" classname="com.hivemq.helmcharts.volumes.HelmAdditionalVolumesIT" time="101.688"/>
</testsuite>
