<?xml version="1.0" encoding="UTF-8"?>
<testsuite name="com.hivemq.helmcharts.platform.HelmPlatformInstallIT" tests="1" skipped="0" failures="0" errors="0" timestamp="2025-01-29T01:03:30" hostname="fv-az1048-862" time="98.708">
  <properties/>
  <testcase name="withLocalCharts_hivemqRunning()" classname="com.hivemq.helmcharts.platform.HelmPlatformInstallIT" time="98.708">
    <system-out><![CDATA[2025-01-29 01:03:30,784 INFO c.h.h.t.HelmChartContainer - Creating namespace 'helmplatforminstallit-operator'...
2025-01-29 01:03:30,792 INFO c.h.h.t.HelmChartContainer - Namespace 'helmplatforminstallit-operator' created
2025-01-29 01:03:30,792 INFO c.h.h.t.HelmChartContainer - Creating namespace 'helmplatforminstallit'...
2025-01-29 01:03:30,800 INFO c.h.h.t.HelmChartContainer - Namespace 'helmplatforminstallit' created
2025-01-29 01:03:30,865 DEBUG c.h.h.t.HelmChartContainer - Executing helm command: /bin/helm --kubeconfig /etc/rancher/k3s/k3s.yaml install test-hivemq-platform-operator /charts/hivemq-platform-operator --wait --timeout 5m0s --set image.repository=docker.io/hivemq --set image.name=hivemq-platform-operator-test --set image.initImageName=hivemq-platform-operator-init-test --set image.tag=snapshot --set image.pullPolicy=Never --set logLevel=DEBUG --set resources.cpu=512m --namespace helmplatforminstallit-operator
2025-01-29 01:03:31,170 INFO c.h.h.t.HelmChartContainer - [K3S] [alloc.go:330] "allocated clusterIPs" service="helmplatforminstallit-operator/hivemq-platform-operator-test-hivemq-platform-operator" clusterIPs={"IPv4":"10.43.213.163"}
2025-01-29 01:03:31,186 INFO c.h.h.t.HelmChartContainer - [EVENT] Normal [ScalingReplicaSet] Scaled up replica set hivemq-test-hivemq-platform-operator-6966f96d65 from 0 to 1 [helmplatforminstallit-operator:hivemq-test-hivemq-platform-operator]
2025-01-29 01:03:31,192 INFO c.h.h.t.HelmChartContainer - [POD] hivemq-test-hivemq-platform-operator-6966f96d65-vsp9k [610c9a23-1036-4113-bc63-13cca96c3f31] in helmplatforminstallit-operator was ADDED
2025-01-29 01:03:31,202 INFO c.h.h.t.HelmChartContainer - [POD] hivemq-test-hivemq-platform-operator-6966f96d65-vsp9k [610c9a23-1036-4113-bc63-13cca96c3f31] in helmplatforminstallit-operator was MODIFIED
2025-01-29 01:03:31,206 INFO c.h.h.t.HelmChartContainer - [K3S] [memory_manager.go:355] "RemoveStaleState removing state" podUID="70ef946a-7530-41bc-8b4b-2676e3f33522" containerName="hivemq-platform-operator"
2025-01-29 01:03:31,206 INFO c.h.h.t.HelmChartContainer - [K3S] [memory_manager.go:355] "RemoveStaleState removing state" podUID="be68f257-d92f-4b6a-ad85-f264fad3103d" containerName="nginx"
2025-01-29 01:03:31,206 INFO c.h.h.t.HelmChartContainer - [K3S] [memory_manager.go:355] "RemoveStaleState removing state" podUID="e99d9003-f6c0-4ffa-aa78-bca63cd326d5" containerName="hivemq"
2025-01-29 01:03:31,211 INFO c.h.h.t.HelmChartContainer - [EVENT] Normal [SuccessfulCreate] Created pod: hivemq-test-hivemq-platform-operator-6966f96d65-vsp9k [helmplatforminstallit-operator:hivemq-test-hivemq-platform-operator-6966f96d65]
2025-01-29 01:03:31,212 INFO c.h.h.t.HelmChartContainer - [K3S] [replica_set.go:679] "Finished syncing" kind="ReplicaSet" key="helmplatforminstallit-operator/hivemq-test-hivemq-platform-operator-6966f96d65" duration="32.520843ms"
2025-01-29 01:03:31,220 INFO c.h.h.t.HelmChartContainer - [EVENT] Normal [Scheduled] Successfully assigned helmplatforminstallit-operator/hivemq-test-hivemq-platform-operator-6966f96d65-vsp9k to d662f43cf4d0 [helmplatforminstallit-operator:hivemq-test-hivemq-platform-operator-6966f96d65-vsp9k]
2025-01-29 01:03:31,226 INFO c.h.h.t.HelmChartContainer - [POD] hivemq-test-hivemq-platform-operator-6966f96d65-vsp9k [610c9a23-1036-4113-bc63-13cca96c3f31] in helmplatforminstallit-operator was MODIFIED
2025-01-29 01:03:31,244 INFO c.h.h.t.HelmChartContainer - [K3S] [replica_set.go:679] "Finished syncing" kind="ReplicaSet" key="helmplatforminstallit-operator/hivemq-test-hivemq-platform-operator-6966f96d65" duration="31.903749ms"
2025-01-29 01:03:31,260 INFO c.h.h.t.HelmChartContainer - [K3S] [replica_set.go:679] "Finished syncing" kind="ReplicaSet" key="helmplatforminstallit-operator/hivemq-test-hivemq-platform-operator-6966f96d65" duration="15.900495ms"
2025-01-29 01:03:31,260 INFO c.h.h.t.HelmChartContainer - [K3S] [replica_set.go:679] "Finished syncing" kind="ReplicaSet" key="helmplatforminstallit-operator/hivemq-test-hivemq-platform-operator-6966f96d65" duration="87.313µs"
2025-01-29 01:03:31,373 INFO c.h.h.t.HelmChartContainer - [K3S] [reconciler_common.go:251] "operationExecutor.VerifyControllerAttachedVolume started for volume \"kube-api-access-7mwbw\" (UniqueName: \"kubernetes.io/projected/610c9a23-1036-4113-bc63-13cca96c3f31-kube-api-access-7mwbw\") pod \"hivemq-test-hivemq-platform-operator-6966f96d65-vsp9k\" (UID: \"610c9a23-1036-4113-bc63-13cca96c3f31\") " pod="helmplatforminstallit-operator/hivemq-test-hivemq-platform-operator-6966f96d65-vsp9k"
2025-01-29 01:03:31,604 INFO c.h.h.t.HelmChartContainer - [EVENT] Normal [Pulled] Container image "docker.io/hivemq/hivemq-platform-operator-test:snapshot" already present on machine [helmplatforminstallit-operator:hivemq-test-hivemq-platform-operator-6966f96d65-vsp9k]
2025-01-29 01:03:31,604 INFO c.h.h.t.HelmChartContainer - Received Pulled event for container hivemq-platform-operator in pod hivemq-test-hivemq-platform-operator-6966f96d65-vsp9k [610c9a23-1036-4113-bc63-13cca96c3f31]
2025-01-29 01:03:32,867 INFO c.h.h.t.HelmChartContainer - [EVENT] Normal [Created] Created container: hivemq-platform-operator [helmplatforminstallit-operator:hivemq-test-hivemq-platform-operator-6966f96d65-vsp9k]
2025-01-29 01:03:32,867 INFO c.h.h.t.HelmChartContainer - Received Created event for container hivemq-platform-operator in pod hivemq-test-hivemq-platform-operator-6966f96d65-vsp9k [610c9a23-1036-4113-bc63-13cca96c3f31]
2025-01-29 01:03:33,690 INFO c.h.h.t.HelmChartContainer - [K3S] [replica_set.go:679] "Finished syncing" kind="ReplicaSet" key="helmplatforminstallit-operator/hivemq-test-hivemq-platform-operator-6966f96d65" duration="42.71µs"
2025-01-29 01:03:33,694 INFO c.h.h.t.HelmChartContainer - [POD] hivemq-test-hivemq-platform-operator-6966f96d65-vsp9k [610c9a23-1036-4113-bc63-13cca96c3f31] in helmplatforminstallit-operator was MODIFIED
2025-01-29 01:03:33,700 INFO c.h.h.t.HelmChartContainer - Started log watcher for hivemq-platform-operator in pod hivemq-test-hivemq-platform-operator-6966f96d65-vsp9k [610c9a23-1036-4113-bc63-13cca96c3f31]
2025-01-29 01:03:33,700 INFO c.h.h.t.HelmChartContainer - [EVENT] Normal [Started] Started container hivemq-platform-operator [helmplatforminstallit-operator:hivemq-test-hivemq-platform-operator-6966f96d65-vsp9k]
2025-01-29 01:03:33,701 INFO c.h.h.t.HelmChartContainer - Received Started event for container hivemq-platform-operator in pod hivemq-test-hivemq-platform-operator-6966f96d65-vsp9k [610c9a23-1036-4113-bc63-13cca96c3f31]
2025-01-29 01:03:33,701 INFO c.h.h.t.HelmChartContainer - [hivemq-test-hivemq-platform] [hivemq-platform-operator] [610c9a23] -------------------------------------------------------------------------
2025-01-29 01:03:33,701 INFO c.h.h.t.HelmChartContainer - [hivemq-test-hivemq-platform] [hivemq-platform-operator] [610c9a23] 
2025-01-29 01:03:33,701 INFO c.h.h.t.HelmChartContainer - [hivemq-test-hivemq-platform] [hivemq-platform-operator] [610c9a23]                   _    _  _              __  __   ____
2025-01-29 01:03:33,701 INFO c.h.h.t.HelmChartContainer - [hivemq-test-hivemq-platform] [hivemq-platform-operator] [610c9a23]                  | |  | |(_)            |  \/  | / __ \
2025-01-29 01:03:33,701 INFO c.h.h.t.HelmChartContainer - [hivemq-test-hivemq-platform] [hivemq-platform-operator] [610c9a23]                  | |__| | _ __   __ ___ | \  / || |  | |
2025-01-29 01:03:33,701 INFO c.h.h.t.HelmChartContainer - [hivemq-test-hivemq-platform] [hivemq-platform-operator] [610c9a23]                  |  __  || |\ \ / // _ \| |\/| || |  | |
2025-01-29 01:03:33,701 INFO c.h.h.t.HelmChartContainer - [hivemq-test-hivemq-platform] [hivemq-platform-operator] [610c9a23]                  | |  | || | \ V /|  __/| |  | || |__| |
2025-01-29 01:03:33,701 INFO c.h.h.t.HelmChartContainer - [hivemq-test-hivemq-platform] [hivemq-platform-operator] [610c9a23]                  |_|  |_||_|  \_/  \___||_|  |_| \___\_\
2025-01-29 01:03:33,701 INFO c.h.h.t.HelmChartContainer - [hivemq-test-hivemq-platform] [hivemq-platform-operator] [610c9a23] 
2025-01-29 01:03:33,701 INFO c.h.h.t.HelmChartContainer - [hivemq-test-hivemq-platform] [hivemq-platform-operator] [610c9a23] -------------------------------------------------------------------------
2025-01-29 01:03:33,701 INFO c.h.h.t.HelmChartContainer - [hivemq-test-hivemq-platform] [hivemq-platform-operator] [610c9a23] 
2025-01-29 01:03:33,702 INFO c.h.h.t.HelmChartContainer - [hivemq-test-hivemq-platform] [hivemq-platform-operator] [610c9a23]   HiveMQ Platform Operator Start Script v1.0
2025-01-29 01:03:33,702 INFO c.h.h.t.HelmChartContainer - [hivemq-test-hivemq-platform] [hivemq-platform-operator] [610c9a23] 
2025-01-29 01:03:33,702 INFO c.h.h.t.HelmChartContainer - [hivemq-test-hivemq-platform] [hivemq-platform-operator] [610c9a23] -------------------------------------------------------------------------
2025-01-29 01:03:33,702 INFO c.h.h.t.HelmChartContainer - [hivemq-test-hivemq-platform] [hivemq-platform-operator] [610c9a23] 
2025-01-29 01:03:33,702 INFO c.h.h.t.HelmChartContainer - [hivemq-test-hivemq-platform] [hivemq-platform-operator] [610c9a23]   JAVA_OPTS: -XX:+UnlockExperimentalVMOptions -XX:InitialRAMPercentage=75 -XX:MaxRAMPercentage=75 -Duser.language=en -Duser.region=US
2025-01-29 01:03:33,702 INFO c.h.h.t.HelmChartContainer - [hivemq-test-hivemq-platform] [hivemq-platform-operator] [610c9a23] 
2025-01-29 01:03:33,702 INFO c.h.h.t.HelmChartContainer - [hivemq-test-hivemq-platform] [hivemq-platform-operator] [610c9a23]   JAVA_VERSION: 21
2025-01-29 01:03:33,702 INFO c.h.h.t.HelmChartContainer - [hivemq-test-hivemq-platform] [hivemq-platform-operator] [610c9a23] 
2025-01-29 01:03:33,702 INFO c.h.h.t.HelmChartContainer - [hivemq-test-hivemq-platform] [hivemq-platform-operator] [610c9a23] -------------------------------------------------------------------------
2025-01-29 01:03:33,702 INFO c.h.h.t.HelmChartContainer - [hivemq-test-hivemq-platform] [hivemq-platform-operator] [610c9a23] 
2025-01-29 01:03:36,346 INFO c.h.h.t.HelmChartContainer - [hivemq-test-hivemq-platform] [hivemq-platform-operator] [610c9a23] 01:03:36.344 [main] DEBUG org.jboss.logging - Logging Provider: org.jboss.logging.Slf4jLoggerProvider
2025-01-29 01:03:36,515 INFO c.h.h.t.HelmChartContainer - [hivemq-test-hivemq-platform] [hivemq-platform-operator] [610c9a23] 01:03:36.513 [main] DEBUG io.smallrye.config - SRCFG01006: Loaded ConfigSource SysPropConfigSource with ordinal 400
2025-01-29 01:03:36,515 INFO c.h.h.t.HelmChartContainer - [hivemq-test-hivemq-platform] [hivemq-platform-operator] [610c9a23] 01:03:36.513 [main] DEBUG io.smallrye.config - SRCFG01006: Loaded ConfigSource EnvConfigSource with ordinal 300
2025-01-29 01:03:36,515 INFO c.h.h.t.HelmChartContainer - [hivemq-test-hivemq-platform] [hivemq-platform-operator] [610c9a23] 01:03:36.513 [main] DEBUG io.smallrye.config - SRCFG01006: Loaded ConfigSource PropertiesConfigSource[source=jar:file:///opt/hivemq-platform-operator/bin/hivemq-platform-operator.jar!/hivemq-platform-operator.properties] with ordinal 100
2025-01-29 01:03:36,515 INFO c.h.h.t.HelmChartContainer - [hivemq-test-hivemq-platform] [hivemq-platform-operator] [610c9a23] 01:03:36.513 [main] DEBUG io.smallrye.config - SRCFG01006: Loaded ConfigSource DefaultValuesConfigSource with ordinal -2147483648
2025-01-29 01:03:36,615 INFO c.h.h.t.HelmChartContainer - [hivemq-test-hivemq-platform] [hivemq-platform-operator] [610c9a23] 01:03:36.614 [main] DEBUG i.m.c.u.i.l.InternalLoggerFactory - Using SLF4J as the default logging framework
2025-01-29 01:03:36,724 INFO c.h.h.t.HelmChartContainer - [hivemq-test-hivemq-platform] [hivemq-platform-operator] [610c9a23] 01:03:36.718 [main] INFO  c.h.p.o.HiveMQPlatformOperatorApplication - HiveMQ Platform Operator 1.7.0-SNAPSHOT (commit: bebf408 on branch: HEAD) built on Sun Jan 26 20:47:47 UTC 2025
2025-01-29 01:03:36,724 INFO c.h.h.t.HelmChartContainer - [hivemq-test-hivemq-platform] [hivemq-platform-operator] [610c9a23] 01:03:36.723 [main] INFO  c.h.p.o.HiveMQPlatformOperatorApplication - HiveMQ Platform Operator is running in namespace: helmplatforminstallit-operator
2025-01-29 01:03:36,724 INFO c.h.h.t.HelmChartContainer - [hivemq-test-hivemq-platform] [hivemq-platform-operator] [610c9a23] 01:03:36.723 [main] INFO  c.h.p.o.HiveMQPlatformOperatorApplication - Watching all namespaces
2025-01-29 01:03:36,724 INFO c.h.h.t.HelmChartContainer - [hivemq-test-hivemq-platform] [hivemq-platform-operator] [610c9a23] 01:03:36.723 [main] INFO  c.h.p.o.HiveMQPlatformOperatorApplication - Log level: DEBUG
2025-01-29 01:03:36,724 INFO c.h.h.t.HelmChartContainer - [hivemq-test-hivemq-platform] [hivemq-platform-operator] [610c9a23] 01:03:36.723 [main] INFO  c.h.p.o.HiveMQPlatformOperatorApplication - Release name: test-hivemq-platform-operator
2025-01-29 01:03:36,724 INFO c.h.h.t.HelmChartContainer - [hivemq-test-hivemq-platform] [hivemq-platform-operator] [610c9a23] 01:03:36.723 [main] INFO  c.h.p.o.HiveMQPlatformOperatorApplication - HiveMQ Platform Operator Init image: docker.io/hivemq/hivemq-platform-operator-init-test:snapshot
2025-01-29 01:03:36,725 INFO c.h.h.t.HelmChartContainer - [hivemq-test-hivemq-platform] [hivemq-platform-operator] [610c9a23] 01:03:36.724 [main] INFO  c.h.p.o.HiveMQPlatformOperatorApplication - HiveMQ Platform Operator Init App update URL: http://hivemq-platform-operator-test-hivemq-platform-operator.helmplatforminstallit-operator.svc:8080/initAppUpdate/hivemq-platform-operator-init-app-1.7.0-SNAPSHOT.jar
2025-01-29 01:03:36,725 INFO c.h.h.t.HelmChartContainer - [hivemq-test-hivemq-platform] [hivemq-platform-operator] [610c9a23] 01:03:36.724 [main] INFO  c.h.p.o.HiveMQPlatformOperatorApplication - Additional imagePullSecret for all Platform deployments: none
2025-01-29 01:03:36,725 INFO c.h.h.t.HelmChartContainer - [hivemq-test-hivemq-platform] [hivemq-platform-operator] [610c9a23] 01:03:36.724 [main] INFO  c.h.p.o.HiveMQPlatformOperatorApplication - Apply HiveMQ Platform CRD: true
2025-01-29 01:03:36,725 INFO c.h.h.t.HelmChartContainer - [hivemq-test-hivemq-platform] [hivemq-platform-operator] [610c9a23] 01:03:36.724 [main] INFO  c.h.p.o.HiveMQPlatformOperatorApplication - Create Platform ServiceAccount: true
2025-01-29 01:03:36,725 INFO c.h.h.t.HelmChartContainer - [hivemq-test-hivemq-platform] [hivemq-platform-operator] [610c9a23] 01:03:36.724 [main] INFO  c.h.p.o.HiveMQPlatformOperatorApplication - Create Platform ServiceAccount permissions: true
2025-01-29 01:03:36,725 INFO c.h.h.t.HelmChartContainer - [hivemq-test-hivemq-platform] [hivemq-platform-operator] [610c9a23] 01:03:36.724 [main] INFO  c.h.p.o.HiveMQPlatformOperatorApplication - Validate Platform ServiceAccount: true
2025-01-29 01:03:36,725 INFO c.h.h.t.HelmChartContainer - [hivemq-test-hivemq-platform] [hivemq-platform-operator] [610c9a23] 01:03:36.724 [main] INFO  c.h.p.o.HiveMQPlatformOperatorApplication - Validate Platform ServiceAccount permissions: true
2025-01-29 01:03:36,911 INFO c.h.h.t.HelmChartContainer - [hivemq-test-hivemq-platform] [hivemq-platform-operator] [610c9a23] 01:03:36.910 [main] INFO  c.h.platform.operator.util.CRDUtil - Verifying deployed HiveMQ Platform CRD...
2025-01-29 01:03:39,323 INFO c.h.h.t.HelmChartContainer - [hivemq-test-hivemq-platform] [hivemq-platform-operator] [610c9a23] 01:03:39.322 [main] DEBUG c.h.platform.operator.util.CRDUtil - HiveMQ Platform CRD version v1 is up to date
2025-01-29 01:03:39,324 INFO c.h.h.t.HelmChartContainer - [hivemq-test-hivemq-platform] [hivemq-platform-operator] [610c9a23] 01:03:39.322 [main] INFO  c.h.platform.operator.util.CRDUtil - HiveMQ Platform CRD is up to date (version: V1_6_0)
2025-01-29 01:03:39,324 INFO c.h.h.t.HelmChartContainer - [hivemq-test-hivemq-platform] [hivemq-platform-operator] [610c9a23] 01:03:39.322 [main] INFO  c.h.platform.operator.util.CRDUtil - Waiting 10000 ms for HiveMQ Platform CRD 'hivemq-platforms.hivemq.com' to become ready...
2025-01-29 01:03:39,624 INFO c.h.h.t.HelmChartContainer - [hivemq-test-hivemq-platform] [hivemq-platform-operator] [610c9a23] 01:03:39.622 [vert.x-eventloop-thread-1] DEBUG c.h.platform.operator.util.CRDUtil - Checking CRD condition 'NamesAccepted' (status: 'True')
2025-01-29 01:03:39,625 INFO c.h.h.t.HelmChartContainer - [hivemq-test-hivemq-platform] [hivemq-platform-operator] [610c9a23] 01:03:39.623 [vert.x-eventloop-thread-1] DEBUG c.h.platform.operator.util.CRDUtil - Checking CRD condition 'Established' (status: 'True')
2025-01-29 01:03:39,644 INFO c.h.h.t.HelmChartContainer - [hivemq-test-hivemq-platform] [hivemq-platform-operator] [610c9a23] 01:03:39.643 [main] INFO  c.h.platform.operator.util.CRDUtil - HiveMQ Platform CRD 'hivemq-platforms.hivemq.com' is ready
2025-01-29 01:03:39,821 INFO c.h.h.t.HelmChartContainer - [hivemq-test-hivemq-platform] [hivemq-platform-operator] [610c9a23] 01:03:39.820 [main] INFO  c.h.p.o.HiveMQPlatformReconciler - HiveMQ Platform Operator is starting...
2025-01-29 01:03:39,914 INFO c.h.h.t.HelmChartContainer - [hivemq-test-hivemq-platform] [hivemq-platform-operator] [610c9a23] 01:03:39.913 [main] WARN  Default ConfigurationService implementation - Configuration for reconciler 'hivemq-controller' was not found. Known reconcilers: None.
2025-01-29 01:03:39,921 INFO c.h.h.t.HelmChartContainer - [hivemq-test-hivemq-platform] [hivemq-platform-operator] [610c9a23] 01:03:39.920 [main] INFO  Default ConfigurationService implementation - Created configuration for reconciler com.hivemq.platform.operator.HiveMQPlatformReconciler with name hivemq-controller
2025-01-29 01:03:40,026 INFO c.h.h.t.HelmChartContainer - [hivemq-test-hivemq-platform] [hivemq-platform-operator] [610c9a23] 01:03:40.025 [main] DEBUG c.h.p.o.HiveMQPlatformReconciler - HiveMQ Platform Operator is preparing EventSources
2025-01-29 01:03:40,111 INFO c.h.h.t.HelmChartContainer - [hivemq-test-hivemq-platform] [hivemq-platform-operator] [610c9a23] 01:03:40.110 [main] INFO  i.javaoperatorsdk.operator.Operator - Registered reconciler: 'hivemq-controller' for resource: 'class com.hivemq.platform.operator.v1.HiveMQPlatform' for namespace(s): [all namespaces]
2025-01-29 01:03:40,625 INFO c.h.h.t.HelmChartContainer - [hivemq-test-hivemq-platform] [hivemq-platform-operator] [610c9a23] 01:03:40.624 [main] INFO  c.h.p.operator.webserver.JettyServer - Starting Jetty server on port 8080
2025-01-29 01:03:40,720 INFO c.h.h.t.HelmChartContainer - [hivemq-test-hivemq-platform] [hivemq-platform-operator] [610c9a23] 01:03:40.719 [main] INFO  i.javaoperatorsdk.operator.Operator - Operator SDK 4.9.7 (commit: 2133d28) built on Wed Nov 20 12:56:20 UTC 2024 starting...
2025-01-29 01:03:40,721 INFO c.h.h.t.HelmChartContainer - [hivemq-test-hivemq-platform] [hivemq-platform-operator] [610c9a23] 01:03:40.719 [main] INFO  i.javaoperatorsdk.operator.Operator - Client version: 6.13.4
2025-01-29 01:03:40,722 INFO c.h.h.t.HelmChartContainer - [hivemq-test-hivemq-platform] [hivemq-platform-operator] [610c9a23] 01:03:40.721 [Controller Starter for: hivemq-controller] INFO  i.j.operator.processing.Controller - Starting 'hivemq-controller' controller for reconciler: com.hivemq.platform.operator.HiveMQPlatformReconciler, resource: com.hivemq.platform.operator.v1.HiveMQPlatform
2025-01-29 01:03:43,414 INFO c.h.h.t.HelmChartContainer - [hivemq-test-hivemq-platform] [hivemq-platform-operator] [610c9a23] 01:03:43.412 [Controller Starter for: hivemq-controller] INFO  i.j.operator.processing.Controller - 'hivemq-controller' controller started
2025-01-29 01:03:43,414 INFO c.h.h.t.HelmChartContainer - [hivemq-test-hivemq-platform] [hivemq-platform-operator] [610c9a23] 01:03:43.413 [main] INFO  c.h.p.o.HiveMQPlatformOperatorApplication - HiveMQ Platform Operator 1.7.0-SNAPSHOT started in 6695 ms
2025-01-29 01:03:44,698 INFO c.h.h.t.HelmChartContainer - [POD] hivemq-test-hivemq-platform-operator-6966f96d65-vsp9k [610c9a23-1036-4113-bc63-13cca96c3f31] in helmplatforminstallit-operator was MODIFIED
2025-01-29 01:03:44,704 INFO c.h.h.t.HelmChartContainer - [K3S] [replica_set.go:679] "Finished syncing" kind="ReplicaSet" key="helmplatforminstallit-operator/hivemq-test-hivemq-platform-operator-6966f96d65" duration="8.269257ms"
2025-01-29 01:03:44,705 INFO c.h.h.t.HelmChartContainer - [K3S] [replica_set.go:679] "Finished syncing" kind="ReplicaSet" key="helmplatforminstallit-operator/hivemq-test-hivemq-platform-operator-6966f96d65" duration="40.576µs"
2025-01-29 01:03:45,299 DEBUG c.h.h.t.HelmChartContainer - Executing helm command: /bin/helm --kubeconfig /etc/rancher/k3s/k3s.yaml install test-hivemq-platform /charts/hivemq-platform --wait --timeout 5m0s --set image.repository=docker.io/hivemq --set image.tag=4.36.0 --set image.pullPolicy=Never --set nodes.resources.cpu=512m -f /files/platform-values.yaml --namespace helmplatforminstallit
2025-01-29 01:03:45,559 INFO c.h.h.t.HelmChartContainer - [hivemq-test-hivemq-platform] [hivemq-platform-operator] [610c9a23] 01:03:45.557 [-373097727-pool-1-thread-2] WARN  i.m.p.PrometheusMeterRegistry - The meter (MeterId{name='operator.sdk.events.received', tags=[tag(action=ADDED),tag(event=ResourceEvent),tag(group=hivemq.com),tag(kind=HiveMQPlatform),tag(name=test-hivemq-platform),tag(namespace=helmplatforminstallit),tag(scope=namespace),tag(version=v1)]}) registration has failed: Prometheus requires that all meters with the same name have the same set of tag keys. There is already an existing meter named 'operator.sdk.events.received' containing tag keys [event, group, kind, name, namespace, scope, version]. The meter you are attempting to register has keys [action, event, group, kind, name, namespace, scope, version]. Note that subsequent logs will be logged at debug level.
2025-01-29 01:03:46,052 INFO c.h.h.t.HelmChartContainer - [hivemq-test-hivemq-platform] [hivemq-platform-operator] [610c9a23] 01:03:46.050 [pool-6-thread-3] DEBUG c.h.p.o.dependants.PodInfoConfigMap - [helmplat] Desired PodInfo ConfigMap (1 extensions) (1 enabled)
2025-01-29 01:03:46,052 INFO c.h.h.t.HelmChartContainer - [hivemq-test-hivemq-platform] [hivemq-platform-operator] [610c9a23] 01:03:46.050 [pool-6-thread-3] DEBUG c.h.p.o.dependants.PodInfoConfigMap - [helmplat] Desired PodInfo ConfigMap (metrics port: 9399) (metrics path: /)
2025-01-29 01:03:46,052 INFO c.h.h.t.HelmChartContainer - [hivemq-test-hivemq-platform] [hivemq-platform-operator] [610c9a23] 01:03:46.051 [pool-6-thread-3] DEBUG c.h.p.o.dependants.PodInfoConfigMap - [helmplat] Desired PodInfo ConfigMap (extension state hash: -1817474005)
2025-01-29 01:03:46,053 INFO c.h.h.t.HelmChartContainer - [hivemq-test-hivemq-platform] [hivemq-platform-operator] [610c9a23] 01:03:46.052 [pool-6-thread-3] DEBUG c.h.p.o.dependants.PodInfoConfigMap - [helmplat] Create PodInfo ConfigMap
2025-01-29 01:03:46,150 INFO c.h.h.t.HelmChartContainer - [hivemq-test-hivemq-platform] [hivemq-platform-operator] [610c9a23] 01:03:46.148 [pool-6-thread-5] DEBUG c.h.p.o.dependants.PodRoleResource - [helmplat] Create Role: Role(apiVersion=rbac.authorization.k8s.io/v1, kind=Role, metadata=ObjectMeta(annotations={meta.helm.sh/release-name=test-hivemq-platform, meta.helm.sh/release-namespace=helmplatforminstallit}, creationTimestamp=null, deletionGracePeriodSeconds=null, deletionTimestamp=null, finalizers=[], generateName=null, generation=null, labels={helm.sh/chart=hivemq-platform-0.2.32, app.kubernetes.io/managed-by=Helm, app.kubernetes.io/name=hivemq-platform, hivemq-platform=test-hivemq-platform, app.kubernetes.io/instance=test-hivemq-platform, app.kubernetes.io/version=4.36.0}, managedFields=[], name=hivemq-platform-role-test-hivemq-platform, namespace=helmplatforminstallit, ownerReferences=[OwnerReference(apiVersion=hivemq.com/v1, blockOwnerDeletion=null, controller=null, kind=HiveMQPlatform, name=test-hivemq-platform, uid=bbe215a0-63ce-4f70-8353-f09229d9cc1e, additionalProperties={})], resourceVersion=null, selfLink=null, uid=null, additionalProperties={}), rules=[PolicyRule(apiGroups=[], nonResourceURLs=[], resourceNames=[], resources=[pods], verbs=[get, patch, update], additionalProperties={})], additionalProperties={})
2025-01-29 01:03:46,344 INFO c.h.h.t.HelmChartContainer - [hivemq-test-hivemq-platform] [hivemq-platform-operator] [610c9a23] 01:03:46.343 [pool-6-thread-7] DEBUG c.h.p.o.d.PodServiceAccountResource - [helmplat] Desired PodServiceAccountResource (serviceAccountName: hivemq-platform-pod-test-hivemq-platform)
2025-01-29 01:03:46,345 INFO c.h.h.t.HelmChartContainer - [hivemq-test-hivemq-platform] [hivemq-platform-operator] [610c9a23] 01:03:46.344 [pool-6-thread-7] DEBUG c.h.p.o.d.PodServiceAccountResource - [helmplat] Create ServiceAccount 'hivemq-platform-pod-test-hivemq-platform'
2025-01-29 01:03:46,445 INFO c.h.h.t.HelmChartContainer - [hivemq-test-hivemq-platform] [hivemq-platform-operator] [610c9a23] 01:03:46.444 [pool-6-thread-9] DEBUG c.h.p.o.d.PodRoleBindingResource - [helmplat] Create RoleBinding: RoleBinding(apiVersion=rbac.authorization.k8s.io/v1, kind=RoleBinding, metadata=ObjectMeta(annotations={meta.helm.sh/release-name=test-hivemq-platform, meta.helm.sh/release-namespace=helmplatforminstallit}, creationTimestamp=null, deletionGracePeriodSeconds=null, deletionTimestamp=null, finalizers=[], generateName=null, generation=null, labels={helm.sh/chart=hivemq-platform-0.2.32, app.kubernetes.io/managed-by=Helm, app.kubernetes.io/name=hivemq-platform, hivemq-platform=test-hivemq-platform, app.kubernetes.io/instance=test-hivemq-platform, app.kubernetes.io/version=4.36.0}, managedFields=[], name=hivemq-platform-role-binding-test-hivemq-platform, namespace=helmplatforminstallit, ownerReferences=[OwnerReference(apiVersion=hivemq.com/v1, blockOwnerDeletion=null, controller=null, kind=HiveMQPlatform, name=test-hivemq-platform, uid=bbe215a0-63ce-4f70-8353-f09229d9cc1e, additionalProperties={})], resourceVersion=null, selfLink=null, uid=null, additionalProperties={}), roleRef=RoleRef(apiGroup=rbac.authorization.k8s.io, kind=Role, name=hivemq-platform-role-test-hivemq-platform, additionalProperties={}), subjects=[Subject(apiGroup=null, kind=ServiceAccount, name=hivemq-platform-pod-test-hivemq-platform, namespace=helmplatforminstallit, additionalProperties={})], additionalProperties={})
2025-01-29 01:03:46,462 INFO c.h.h.t.HelmChartContainer - [hivemq-test-hivemq-platform] [hivemq-platform-operator] [610c9a23] 01:03:46.461 [ReconcilerExecutor-hivemq-controller-52] INFO  c.h.p.o.HiveMQPlatformReconciler - [helmplat] Reconciling HiveMQ Platform 'test-hivemq-platform' in namespace 'helmplatforminstallit'
2025-01-29 01:03:46,462 INFO c.h.h.t.HelmChartContainer - [hivemq-test-hivemq-platform] [hivemq-platform-operator] [610c9a23] 01:03:46.462 [ReconcilerExecutor-hivemq-controller-52] DEBUG c.h.p.o.HiveMQPlatformReconciler - [helmplat] Custom Resource Status CREATED - HiveMQ Platform was created (READY)
2025-01-29 01:03:46,462 INFO c.h.h.t.HelmChartContainer - [hivemq-test-hivemq-platform] [hivemq-platform-operator] [610c9a23] 01:03:46.462 [ReconcilerExecutor-hivemq-controller-52] DEBUG c.h.p.o.HiveMQPlatformReconciler - [helmplat] Custom Resource Spec (replicas: 1) (extensions: 1)
2025-01-29 01:03:46,465 INFO c.h.h.t.HelmChartContainer - [hivemq-test-hivemq-platform] [hivemq-platform-operator] [610c9a23] 01:03:46.465 [ReconcilerExecutor-hivemq-controller-52] INFO  c.h.p.o.h.HiveMQPlatformReconcilerBaseHandler - [helmplat] HiveMQ Platform is starting
2025-01-29 01:03:46,609 INFO c.h.h.t.HelmChartContainer - [hivemq-test-hivemq-platform] [hivemq-platform-operator] [610c9a23] 01:03:46.608 [ReconcilerExecutor-hivemq-controller-52] DEBUG c.h.p.operator.event.EventSender - [helmplat] Creating K8s event hivemq-platform-starting: [Start] HiveMQ Platform is starting
2025-01-29 01:03:46,618 INFO c.h.h.t.HelmChartContainer - [EVENT] Normal [Start] HiveMQ Platform is starting [helmplatforminstallit:test-hivemq-platform]
2025-01-29 01:03:46,646 INFO c.h.h.t.HelmChartContainer - [hivemq-test-hivemq-platform] [hivemq-platform-operator] [610c9a23] 01:03:46.644 [ReconcilerExecutor-hivemq-controller-52] INFO  c.h.p.o.h.AbstractHiveMQReconcilerStateHandler - [helmplat] Update HiveMQ Platform Status (CREATED [READY] -> STARTING [READY]): HiveMQ Platform is starting
2025-01-29 01:03:46,659 DEBUG com.hivemq.helmcharts.util.K8sUtil - Comparing actual state 'STARTING' and waiting for 'RUNNING'
2025-01-29 01:03:56,719 INFO c.h.h.t.HelmChartContainer - [hivemq-test-hivemq-platform] [hivemq-platform-operator] [610c9a23] 01:03:56.717 [pool-6-thread-12] DEBUG c.h.p.o.d.PlatformServiceResource - [helmplat] Desired Platform services (3 services)
2025-01-29 01:03:56,720 INFO c.h.h.t.HelmChartContainer - [hivemq-test-hivemq-platform] [hivemq-platform-operator] [610c9a23] 01:03:56.719 [pool-6-thread-13] DEBUG c.h.p.o.dependants.PodInfoConfigMap - [helmplat] Desired PodInfo ConfigMap (1 extensions) (1 enabled)
2025-01-29 01:03:56,720 INFO c.h.h.t.HelmChartContainer - [hivemq-test-hivemq-platform] [hivemq-platform-operator] [610c9a23] 01:03:56.719 [pool-6-thread-13] DEBUG c.h.p.o.dependants.PodInfoConfigMap - [helmplat] Desired PodInfo ConfigMap (metrics port: 9399) (metrics path: /)
2025-01-29 01:03:56,720 INFO c.h.h.t.HelmChartContainer - [hivemq-test-hivemq-platform] [hivemq-platform-operator] [610c9a23] 01:03:56.719 [pool-6-thread-13] DEBUG c.h.p.o.dependants.PodInfoConfigMap - [helmplat] Desired PodInfo ConfigMap (extension state hash: -1817474005)
2025-01-29 01:03:56,724 INFO c.h.h.t.HelmChartContainer - [hivemq-test-hivemq-platform] [hivemq-platform-operator] [610c9a23] 01:03:56.723 [pool-6-thread-17] DEBUG c.h.p.o.d.PodServiceAccountResource - [helmplat] Desired PodServiceAccountResource (serviceAccountName: hivemq-platform-pod-test-hivemq-platform)
2025-01-29 01:03:56,729 INFO c.h.h.t.HelmChartContainer - [hivemq-test-hivemq-platform] [hivemq-platform-operator] [610c9a23] 01:03:56.728 [pool-6-thread-13] DEBUG c.h.p.o.dependants.PodInfoConfigMap - [helmplat] Update PodInfo ConfigMap
2025-01-29 01:03:56,735 INFO c.h.h.t.HelmChartContainer - [K3S] [alloc.go:330] "allocated clusterIPs" service="helmplatforminstallit/hivemq-test-hivemq-platform-metrics-9399" clusterIPs={"IPv4":"10.43.195.64"}
2025-01-29 01:03:56,822 INFO c.h.h.t.HelmChartContainer - [K3S] [alloc.go:330] "allocated clusterIPs" service="helmplatforminstallit/hivemq-test-hivemq-platform-mqtt-1883" clusterIPs={"IPv4":"10.43.64.134"}
2025-01-29 01:03:56,833 INFO c.h.h.t.HelmChartContainer - [K3S] [alloc.go:330] "allocated clusterIPs" service="helmplatforminstallit/hivemq-test-hivemq-platform-cc-8080" clusterIPs={"IPv4":"10.43.60.94"}
2025-01-29 01:03:56,914 INFO c.h.h.t.HelmChartContainer - [hivemq-test-hivemq-platform] [hivemq-platform-operator] [610c9a23] 01:03:56.914 [pool-6-thread-20] DEBUG c.h.p.o.d.StatefulSetResource - [helmplat] Desired StatefulSet (1 replicas) for status STARTING (READY)
2025-01-29 01:03:56,926 INFO c.h.h.t.HelmChartContainer - [hivemq-test-hivemq-platform] [hivemq-platform-operator] [610c9a23] 01:03:56.925 [pool-6-thread-20] DEBUG c.h.p.o.d.StatefulSetResource - [helmplat] Create StatefulSet
2025-01-29 01:03:57,032 INFO c.h.h.t.HelmChartContainer - [POD] test-hivemq-platform-0 [118fe3de-0c54-4a81-9dd3-92cccf0dc583] in helmplatforminstallit was ADDED
2025-01-29 01:03:57,034 INFO c.h.h.t.HelmChartContainer - [EVENT] Normal [SuccessfulCreate] create Pod test-hivemq-platform-0 in StatefulSet test-hivemq-platform successful [helmplatforminstallit:test-hivemq-platform]
2025-01-29 01:03:57,041 INFO c.h.h.t.HelmChartContainer - [POD] test-hivemq-platform-0 [118fe3de-0c54-4a81-9dd3-92cccf0dc583] in helmplatforminstallit was MODIFIED
2025-01-29 01:03:57,043 INFO c.h.h.t.HelmChartContainer - [EVENT] Normal [Scheduled] Successfully assigned helmplatforminstallit/test-hivemq-platform-0 to d662f43cf4d0 [helmplatforminstallit:test-hivemq-platform-0]
2025-01-29 01:03:57,052 INFO c.h.h.t.HelmChartContainer - [POD] test-hivemq-platform-0 [118fe3de-0c54-4a81-9dd3-92cccf0dc583] in helmplatforminstallit was MODIFIED
2025-01-29 01:03:57,110 INFO c.h.h.t.HelmChartContainer - [hivemq-test-hivemq-platform] [hivemq-platform-operator] [610c9a23] 01:03:57.109 [ReconcilerExecutor-hivemq-controller-63] INFO  c.h.p.o.HiveMQPlatformReconciler - [helmplat] Reconciling HiveMQ Platform 'test-hivemq-platform' in namespace 'helmplatforminstallit'
2025-01-29 01:03:57,111 INFO c.h.h.t.HelmChartContainer - [hivemq-test-hivemq-platform] [hivemq-platform-operator] [610c9a23] 01:03:57.109 [ReconcilerExecutor-hivemq-controller-63] DEBUG c.h.p.o.HiveMQPlatformReconciler - [helmplat] Custom Resource Status STARTING - HiveMQ Platform is starting (READY)
2025-01-29 01:03:57,112 INFO c.h.h.t.HelmChartContainer - [hivemq-test-hivemq-platform] [hivemq-platform-operator] [610c9a23] 01:03:57.110 [ReconcilerExecutor-hivemq-controller-63] DEBUG c.h.p.o.HiveMQPlatformReconciler - [helmplat] Custom Resource Spec (replicas: 1) (extensions: 1)
2025-01-29 01:03:57,119 INFO c.h.h.t.HelmChartContainer - [hivemq-test-hivemq-platform] [hivemq-platform-operator] [610c9a23] 01:03:57.116 [ReconcilerExecutor-hivemq-controller-63] DEBUG c.h.p.o.HiveMQPlatformReconciler - [helmplat] StatefulSet Status (revision: null, replicas: 0, available: 0, ready: 0, current: 0, updated: 0)
2025-01-29 01:03:57,119 INFO c.h.h.t.HelmChartContainer - [hivemq-test-hivemq-platform] [hivemq-platform-operator] [610c9a23] 01:03:57.117 [ReconcilerExecutor-hivemq-controller-63] DEBUG c.h.p.o.HiveMQPlatformReconciler - [helmplat] StatefulSet Spec (replicas: 1, init containers: 1, containers: 1, volumes: 3)
2025-01-29 01:03:57,218 INFO c.h.h.t.HelmChartContainer - [hivemq-test-hivemq-platform] [hivemq-platform-operator] [610c9a23] 01:03:57.216 [ReconcilerExecutor-hivemq-controller-63] DEBUG c.h.p.o.h.HiveMQPlatformReconcilerErrorHandler - [helmplat] Pod 'test-hivemq-platform-0' phase Pending
2025-01-29 01:03:57,219 INFO c.h.h.t.HelmChartContainer - [hivemq-test-hivemq-platform] [hivemq-platform-operator] [610c9a23] 01:03:57.217 [ReconcilerExecutor-hivemq-controller-63] DEBUG c.h.p.o.h.HiveMQPlatformReconcilerErrorHandler - [helmplat] Pod 'test-hivemq-platform-0' condition 'PodReadyToStartContainers': False
2025-01-29 01:03:57,219 INFO c.h.h.t.HelmChartContainer - [hivemq-test-hivemq-platform] [hivemq-platform-operator] [610c9a23] 01:03:57.217 [ReconcilerExecutor-hivemq-controller-63] DEBUG c.h.p.o.h.HiveMQPlatformReconcilerErrorHandler - [helmplat] Pod 'test-hivemq-platform-0' condition 'Initialized': False
2025-01-29 01:03:57,219 INFO c.h.h.t.HelmChartContainer - [hivemq-test-hivemq-platform] [hivemq-platform-operator] [610c9a23] 01:03:57.217 [ReconcilerExecutor-hivemq-controller-63] DEBUG c.h.p.o.h.HiveMQPlatformReconcilerErrorHandler - [helmplat] Pod 'test-hivemq-platform-0' condition 'Ready': False
2025-01-29 01:03:57,219 INFO c.h.h.t.HelmChartContainer - [hivemq-test-hivemq-platform] [hivemq-platform-operator] [610c9a23] 01:03:57.217 [ReconcilerExecutor-hivemq-controller-63] DEBUG c.h.p.o.h.HiveMQPlatformReconcilerErrorHandler - [helmplat] Pod 'test-hivemq-platform-0' condition 'ContainersReady': False
2025-01-29 01:03:57,219 INFO c.h.h.t.HelmChartContainer - [hivemq-test-hivemq-platform] [hivemq-platform-operator] [610c9a23] 01:03:57.217 [ReconcilerExecutor-hivemq-controller-63] DEBUG c.h.p.o.h.HiveMQPlatformReconcilerErrorHandler - [helmplat] Pod 'test-hivemq-platform-0' condition 'PodScheduled': True
2025-01-29 01:03:57,220 INFO c.h.h.t.HelmChartContainer - [hivemq-test-hivemq-platform] [hivemq-platform-operator] [610c9a23] 01:03:57.218 [ReconcilerExecutor-hivemq-controller-63] DEBUG c.h.p.o.h.HiveMQPlatformReconcilerErrorHandler - [helmplat] Pod 'test-hivemq-platform-0' containerStatus 'hivemq' (started: false) (ready: false) (waiting: [PodInitializing] null)
2025-01-29 01:03:57,221 INFO c.h.h.t.HelmChartContainer - [hivemq-test-hivemq-platform] [hivemq-platform-operator] [610c9a23] 01:03:57.220 [ReconcilerExecutor-hivemq-controller-63] INFO  c.h.p.o.h.HiveMQPlatformReconcilerBaseHandler - [helmplat] HiveMQ Platform is starting, 0 of 1 replicas are ready
2025-01-29 01:03:57,225 INFO c.h.h.t.HelmChartContainer - [hivemq-test-hivemq-platform] [hivemq-platform-operator] [610c9a23] 01:03:57.224 [pool-6-thread-22] DEBUG c.h.p.o.d.PlatformServiceResource - [helmplat] Desired Platform services (3 services)
2025-01-29 01:03:57,226 INFO c.h.h.t.HelmChartContainer - [K3S] [reconciler_common.go:251] "operationExecutor.VerifyControllerAttachedVolume started for volume \"pod-info\" (UniqueName: \"kubernetes.io/configmap/118fe3de-0c54-4a81-9dd3-92cccf0dc583-pod-info\") pod \"test-hivemq-platform-0\" (UID: \"118fe3de-0c54-4a81-9dd3-92cccf0dc583\") " pod="helmplatforminstallit/test-hivemq-platform-0"
2025-01-29 01:03:57,226 INFO c.h.h.t.HelmChartContainer - [K3S] [reconciler_common.go:251] "operationExecutor.VerifyControllerAttachedVolume started for volume \"broker-configuration\" (UniqueName: \"kubernetes.io/configmap/118fe3de-0c54-4a81-9dd3-92cccf0dc583-broker-configuration\") pod \"test-hivemq-platform-0\" (UID: \"118fe3de-0c54-4a81-9dd3-92cccf0dc583\") " pod="helmplatforminstallit/test-hivemq-platform-0"
2025-01-29 01:03:57,226 INFO c.h.h.t.HelmChartContainer - [K3S] [reconciler_common.go:251] "operationExecutor.VerifyControllerAttachedVolume started for volume \"operator-init\" (UniqueName: \"kubernetes.io/empty-dir/118fe3de-0c54-4a81-9dd3-92cccf0dc583-operator-init\") pod \"test-hivemq-platform-0\" (UID: \"118fe3de-0c54-4a81-9dd3-92cccf0dc583\") " pod="helmplatforminstallit/test-hivemq-platform-0"
2025-01-29 01:03:57,226 INFO c.h.h.t.HelmChartContainer - [K3S] [reconciler_common.go:251] "operationExecutor.VerifyControllerAttachedVolume started for volume \"kube-api-access-k78bf\" (UniqueName: \"kubernetes.io/projected/118fe3de-0c54-4a81-9dd3-92cccf0dc583-kube-api-access-k78bf\") pod \"test-hivemq-platform-0\" (UID: \"118fe3de-0c54-4a81-9dd3-92cccf0dc583\") " pod="helmplatforminstallit/test-hivemq-platform-0"
2025-01-29 01:03:57,311 INFO c.h.h.t.HelmChartContainer - [hivemq-test-hivemq-platform] [hivemq-platform-operator] [610c9a23] 01:03:57.309 [pool-6-thread-23] DEBUG c.h.p.o.dependants.PodInfoConfigMap - [helmplat] Desired PodInfo ConfigMap (1 extensions) (1 enabled)
2025-01-29 01:03:57,312 INFO c.h.h.t.HelmChartContainer - [hivemq-test-hivemq-platform] [hivemq-platform-operator] [610c9a23] 01:03:57.309 [pool-6-thread-23] DEBUG c.h.p.o.dependants.PodInfoConfigMap - [helmplat] Desired PodInfo ConfigMap (metrics port: 9399) (metrics path: /)
2025-01-29 01:03:57,312 INFO c.h.h.t.HelmChartContainer - [hivemq-test-hivemq-platform] [hivemq-platform-operator] [610c9a23] 01:03:57.309 [pool-6-thread-23] DEBUG c.h.p.o.dependants.PodInfoConfigMap - [helmplat] Desired PodInfo ConfigMap (extension state hash: -1817474005)
2025-01-29 01:03:57,314 INFO c.h.h.t.HelmChartContainer - [hivemq-test-hivemq-platform] [hivemq-platform-operator] [610c9a23] 01:03:57.313 [pool-6-thread-27] DEBUG c.h.p.o.d.PodServiceAccountResource - [helmplat] Desired PodServiceAccountResource (serviceAccountName: hivemq-platform-pod-test-hivemq-platform)
2025-01-29 01:03:57,321 INFO c.h.h.t.HelmChartContainer - [hivemq-test-hivemq-platform] [hivemq-platform-operator] [610c9a23] 01:03:57.320 [pool-6-thread-30] DEBUG c.h.p.o.d.StatefulSetResource - [helmplat] Desired StatefulSet (1 replicas) for status STARTING (READY)
2025-01-29 01:03:57,413 INFO c.h.h.t.HelmChartContainer - [hivemq-test-hivemq-platform] [hivemq-platform-operator] [610c9a23] 01:03:57.408 [ReconcilerExecutor-hivemq-controller-75] INFO  c.h.p.o.HiveMQPlatformReconciler - [helmplat] Reconciling HiveMQ Platform 'test-hivemq-platform' in namespace 'helmplatforminstallit'
2025-01-29 01:03:57,413 INFO c.h.h.t.HelmChartContainer - [hivemq-test-hivemq-platform] [hivemq-platform-operator] [610c9a23] 01:03:57.408 [ReconcilerExecutor-hivemq-controller-75] DEBUG c.h.p.o.HiveMQPlatformReconciler - [helmplat] Custom Resource Status STARTING - HiveMQ Platform is starting (READY)
2025-01-29 01:03:57,413 INFO c.h.h.t.HelmChartContainer - [hivemq-test-hivemq-platform] [hivemq-platform-operator] [610c9a23] 01:03:57.408 [ReconcilerExecutor-hivemq-controller-75] DEBUG c.h.p.o.HiveMQPlatformReconciler - [helmplat] Custom Resource Spec (replicas: 1) (extensions: 1)
2025-01-29 01:03:57,414 INFO c.h.h.t.HelmChartContainer - [hivemq-test-hivemq-platform] [hivemq-platform-operator] [610c9a23] 01:03:57.413 [ReconcilerExecutor-hivemq-controller-75] DEBUG c.h.p.o.HiveMQPlatformReconciler - [helmplat] StatefulSet Status (revision: test-hivemq-platform-6755f7497b, replicas: 1, available: 0, ready: 0, current: 1, updated: 1)
2025-01-29 01:03:57,415 INFO c.h.h.t.HelmChartContainer - [hivemq-test-hivemq-platform] [hivemq-platform-operator] [610c9a23] 01:03:57.414 [ReconcilerExecutor-hivemq-controller-75] DEBUG c.h.p.o.HiveMQPlatformReconciler - [helmplat] StatefulSet Spec (replicas: 1, init containers: 1, containers: 1, volumes: 3)
2025-01-29 01:03:57,418 INFO c.h.h.t.HelmChartContainer - [hivemq-test-hivemq-platform] [hivemq-platform-operator] [610c9a23] 01:03:57.416 [ReconcilerExecutor-hivemq-controller-75] DEBUG c.h.p.o.h.HiveMQPlatformReconcilerErrorHandler - [helmplat] Pod 'test-hivemq-platform-0' phase Pending
2025-01-29 01:03:57,418 INFO c.h.h.t.HelmChartContainer - [hivemq-test-hivemq-platform] [hivemq-platform-operator] [610c9a23] 01:03:57.417 [ReconcilerExecutor-hivemq-controller-75] DEBUG c.h.p.o.h.HiveMQPlatformReconcilerErrorHandler - [helmplat] Pod 'test-hivemq-platform-0' condition 'PodReadyToStartContainers': False
2025-01-29 01:03:57,419 INFO c.h.h.t.HelmChartContainer - [hivemq-test-hivemq-platform] [hivemq-platform-operator] [610c9a23] 01:03:57.417 [ReconcilerExecutor-hivemq-controller-75] DEBUG c.h.p.o.h.HiveMQPlatformReconcilerErrorHandler - [helmplat] Pod 'test-hivemq-platform-0' condition 'Initialized': False
2025-01-29 01:03:57,420 INFO c.h.h.t.HelmChartContainer - [hivemq-test-hivemq-platform] [hivemq-platform-operator] [610c9a23] 01:03:57.418 [ReconcilerExecutor-hivemq-controller-75] DEBUG c.h.p.o.h.HiveMQPlatformReconcilerErrorHandler - [helmplat] Pod 'test-hivemq-platform-0' condition 'Ready': False
2025-01-29 01:03:57,420 INFO c.h.h.t.HelmChartContainer - [hivemq-test-hivemq-platform] [hivemq-platform-operator] [610c9a23] 01:03:57.418 [ReconcilerExecutor-hivemq-controller-75] DEBUG c.h.p.o.h.HiveMQPlatformReconcilerErrorHandler - [helmplat] Pod 'test-hivemq-platform-0' condition 'ContainersReady': False
2025-01-29 01:03:57,420 INFO c.h.h.t.HelmChartContainer - [hivemq-test-hivemq-platform] [hivemq-platform-operator] [610c9a23] 01:03:57.418 [ReconcilerExecutor-hivemq-controller-75] DEBUG c.h.p.o.h.HiveMQPlatformReconcilerErrorHandler - [helmplat] Pod 'test-hivemq-platform-0' condition 'PodScheduled': True
2025-01-29 01:03:57,420 INFO c.h.h.t.HelmChartContainer - [hivemq-test-hivemq-platform] [hivemq-platform-operator] [610c9a23] 01:03:57.418 [ReconcilerExecutor-hivemq-controller-75] DEBUG c.h.p.o.h.HiveMQPlatformReconcilerErrorHandler - [helmplat] Pod 'test-hivemq-platform-0' containerStatus 'hivemq' (started: false) (ready: false) (waiting: [PodInitializing] null)
2025-01-29 01:03:57,421 INFO c.h.h.t.HelmChartContainer - [hivemq-test-hivemq-platform] [hivemq-platform-operator] [610c9a23] 01:03:57.419 [ReconcilerExecutor-hivemq-controller-75] INFO  c.h.p.o.h.HiveMQPlatformReconcilerBaseHandler - [helmplat] HiveMQ Platform is starting, 0 of 1 replicas are ready
2025-01-29 01:03:57,434 INFO c.h.h.t.HelmChartContainer - [EVENT] Normal [Pulled] Container image "docker.io/hivemq/hivemq-platform-operator-init-test:snapshot" already present on machine [helmplatforminstallit:test-hivemq-platform-0]
2025-01-29 01:03:57,556 INFO c.h.h.t.HelmChartContainer - [EVENT] Normal [Created] Created container: hivemq-platform-operator-init [helmplatforminstallit:test-hivemq-platform-0]
2025-01-29 01:03:57,596 INFO c.h.h.t.HelmChartContainer - [EVENT] Normal [Started] Started container hivemq-platform-operator-init [helmplatforminstallit:test-hivemq-platform-0]
2025-01-29 01:03:57,731 INFO c.h.h.t.HelmChartContainer - [POD] test-hivemq-platform-0 [118fe3de-0c54-4a81-9dd3-92cccf0dc583] in helmplatforminstallit was MODIFIED
2025-01-29 01:03:57,745 INFO c.h.h.t.HelmChartContainer - [K3S] [endpointslice_controller.go:344] "Error syncing endpoint slices for service, retrying" key="helmplatforminstallit/hivemq-test-hivemq-platform-cluster" err="EndpointSlice informer cache is out of date"
2025-01-29 01:03:57,752 INFO c.h.h.t.HelmChartContainer - [K3S] [endpointslice_controller.go:344] "Error syncing endpoint slices for service, retrying" key="helmplatforminstallit/hivemq-test-hivemq-platform-metrics-9399" err="EndpointSlice informer cache is out of date"
2025-01-29 01:03:57,754 INFO c.h.h.t.HelmChartContainer - [hivemq-test-hivemq-platform] [hivemq-platform-operator] [610c9a23] 01:03:57.751 [pool-6-thread-32] DEBUG c.h.p.o.d.PlatformServiceResource - [helmplat] Desired Platform services (3 services)
2025-01-29 01:03:57,761 INFO c.h.h.t.HelmChartContainer - [hivemq-test-hivemq-platform] [hivemq-platform-operator] [610c9a23] 01:03:57.755 [pool-6-thread-33] DEBUG c.h.p.o.dependants.PodInfoConfigMap - [helmplat] Desired PodInfo ConfigMap (1 extensions) (1 enabled)
2025-01-29 01:03:57,762 INFO c.h.h.t.HelmChartContainer - [hivemq-test-hivemq-platform] [hivemq-platform-operator] [610c9a23] 01:03:57.755 [pool-6-thread-33] DEBUG c.h.p.o.dependants.PodInfoConfigMap - [helmplat] Desired PodInfo ConfigMap (metrics port: 9399) (metrics path: /)
2025-01-29 01:03:57,762 INFO c.h.h.t.HelmChartContainer - [hivemq-test-hivemq-platform] [hivemq-platform-operator] [610c9a23] 01:03:57.755 [pool-6-thread-33] DEBUG c.h.p.o.dependants.PodInfoConfigMap - [helmplat] Desired PodInfo ConfigMap (extension state hash: -1817474005)
2025-01-29 01:03:57,762 INFO c.h.h.t.HelmChartContainer - [hivemq-test-hivemq-platform] [hivemq-platform-operator] [610c9a23] 01:03:57.756 [pool-6-thread-37] DEBUG c.h.p.o.d.PodServiceAccountResource - [helmplat] Desired PodServiceAccountResource (serviceAccountName: hivemq-platform-pod-test-hivemq-platform)
2025-01-29 01:03:57,813 INFO c.h.h.t.HelmChartContainer - [hivemq-test-hivemq-platform] [hivemq-platform-operator] [610c9a23] 01:03:57.811 [pool-6-thread-40] DEBUG c.h.p.o.d.StatefulSetResource - [helmplat] Desired StatefulSet (1 replicas) for status STARTING (READY)
2025-01-29 01:03:57,846 INFO c.h.h.t.HelmChartContainer - [hivemq-test-hivemq-platform] [hivemq-platform-operator] [610c9a23] 01:03:57.844 [ReconcilerExecutor-hivemq-controller-86] INFO  c.h.p.o.HiveMQPlatformReconciler - [helmplat] Reconciling HiveMQ Platform 'test-hivemq-platform' in namespace 'helmplatforminstallit'
2025-01-29 01:03:57,846 INFO c.h.h.t.HelmChartContainer - [hivemq-test-hivemq-platform] [hivemq-platform-operator] [610c9a23] 01:03:57.844 [ReconcilerExecutor-hivemq-controller-86] DEBUG c.h.p.o.HiveMQPlatformReconciler - [helmplat] Custom Resource Status STARTING - HiveMQ Platform is starting (READY)
2025-01-29 01:03:57,846 INFO c.h.h.t.HelmChartContainer - [hivemq-test-hivemq-platform] [hivemq-platform-operator] [610c9a23] 01:03:57.844 [ReconcilerExecutor-hivemq-controller-86] DEBUG c.h.p.o.HiveMQPlatformReconciler - [helmplat] Custom Resource Spec (replicas: 1) (extensions: 1)
2025-01-29 01:03:57,848 INFO c.h.h.t.HelmChartContainer - [hivemq-test-hivemq-platform] [hivemq-platform-operator] [610c9a23] 01:03:57.847 [ReconcilerExecutor-hivemq-controller-86] DEBUG c.h.p.o.HiveMQPlatformReconciler - [helmplat] StatefulSet Status (revision: test-hivemq-platform-6755f7497b, replicas: 1, available: 0, ready: 0, current: 1, updated: 1)
2025-01-29 01:03:57,850 INFO c.h.h.t.HelmChartContainer - [hivemq-test-hivemq-platform] [hivemq-platform-operator] [610c9a23] 01:03:57.848 [ReconcilerExecutor-hivemq-controller-86] DEBUG c.h.p.o.HiveMQPlatformReconciler - [helmplat] StatefulSet Spec (replicas: 1, init containers: 1, containers: 1, volumes: 3)
2025-01-29 01:03:57,853 INFO c.h.h.t.HelmChartContainer - [hivemq-test-hivemq-platform] [hivemq-platform-operator] [610c9a23] 01:03:57.853 [ReconcilerExecutor-hivemq-controller-86] DEBUG c.h.p.o.h.HiveMQPlatformReconcilerErrorHandler - [helmplat] Pod 'test-hivemq-platform-0' phase Pending
2025-01-29 01:03:57,854 INFO c.h.h.t.HelmChartContainer - [hivemq-test-hivemq-platform] [hivemq-platform-operator] [610c9a23] 01:03:57.854 [ReconcilerExecutor-hivemq-controller-86] DEBUG c.h.p.o.h.HiveMQPlatformReconcilerErrorHandler - [helmplat] Pod 'test-hivemq-platform-0' condition 'PodReadyToStartContainers': True
2025-01-29 01:03:57,855 INFO c.h.h.t.HelmChartContainer - [hivemq-test-hivemq-platform] [hivemq-platform-operator] [610c9a23] 01:03:57.855 [ReconcilerExecutor-hivemq-controller-86] DEBUG c.h.p.o.h.HiveMQPlatformReconcilerErrorHandler - [helmplat] Pod 'test-hivemq-platform-0' condition 'Initialized': False
2025-01-29 01:03:57,856 INFO c.h.h.t.HelmChartContainer - [hivemq-test-hivemq-platform] [hivemq-platform-operator] [610c9a23] 01:03:57.855 [ReconcilerExecutor-hivemq-controller-86] DEBUG c.h.p.o.h.HiveMQPlatformReconcilerErrorHandler - [helmplat] Pod 'test-hivemq-platform-0' condition 'Ready': False
2025-01-29 01:03:57,856 INFO c.h.h.t.HelmChartContainer - [hivemq-test-hivemq-platform] [hivemq-platform-operator] [610c9a23] 01:03:57.855 [ReconcilerExecutor-hivemq-controller-86] DEBUG c.h.p.o.h.HiveMQPlatformReconcilerErrorHandler - [helmplat] Pod 'test-hivemq-platform-0' condition 'ContainersReady': False
2025-01-29 01:03:57,856 INFO c.h.h.t.HelmChartContainer - [hivemq-test-hivemq-platform] [hivemq-platform-operator] [610c9a23] 01:03:57.856 [ReconcilerExecutor-hivemq-controller-86] DEBUG c.h.p.o.h.HiveMQPlatformReconcilerErrorHandler - [helmplat] Pod 'test-hivemq-platform-0' condition 'PodScheduled': True
2025-01-29 01:03:57,857 INFO c.h.h.t.HelmChartContainer - [hivemq-test-hivemq-platform] [hivemq-platform-operator] [610c9a23] 01:03:57.856 [ReconcilerExecutor-hivemq-controller-86] DEBUG c.h.p.o.h.HiveMQPlatformReconcilerErrorHandler - [helmplat] Pod 'test-hivemq-platform-0' containerStatus 'hivemq' (started: false) (ready: false) (waiting: [PodInitializing] null)
2025-01-29 01:03:57,859 INFO c.h.h.t.HelmChartContainer - [hivemq-test-hivemq-platform] [hivemq-platform-operator] [610c9a23] 01:03:57.858 [ReconcilerExecutor-hivemq-controller-86] INFO  c.h.p.o.h.HiveMQPlatformReconcilerBaseHandler - [helmplat] HiveMQ Platform is starting, 0 of 1 replicas are ready
2025-01-29 01:03:58,726 INFO c.h.h.t.HelmChartContainer - [EVENT] Normal [Pulled] Container image "docker.io/hivemq/hivemq4:4.36.0" already present on machine [helmplatforminstallit:test-hivemq-platform-0]
2025-01-29 01:03:58,727 INFO c.h.h.t.HelmChartContainer - Received Pulled event for container hivemq in pod test-hivemq-platform-0 [118fe3de-0c54-4a81-9dd3-92cccf0dc583]
2025-01-29 01:03:58,732 INFO c.h.h.t.HelmChartContainer - [POD] test-hivemq-platform-0 [118fe3de-0c54-4a81-9dd3-92cccf0dc583] in helmplatforminstallit was MODIFIED
2025-01-29 01:03:58,743 INFO c.h.h.t.HelmChartContainer - [hivemq-test-hivemq-platform] [hivemq-platform-operator] [610c9a23] 01:03:58.743 [pool-6-thread-42] DEBUG c.h.p.o.d.PlatformServiceResource - [helmplat] Desired Platform services (3 services)
2025-01-29 01:03:58,748 INFO c.h.h.t.HelmChartContainer - [hivemq-test-hivemq-platform] [hivemq-platform-operator] [610c9a23] 01:03:58.745 [pool-6-thread-43] DEBUG c.h.p.o.dependants.PodInfoConfigMap - [helmplat] Desired PodInfo ConfigMap (1 extensions) (1 enabled)
2025-01-29 01:03:58,748 INFO c.h.h.t.HelmChartContainer - [hivemq-test-hivemq-platform] [hivemq-platform-operator] [610c9a23] 01:03:58.745 [pool-6-thread-43] DEBUG c.h.p.o.dependants.PodInfoConfigMap - [helmplat] Desired PodInfo ConfigMap (metrics port: 9399) (metrics path: /)
2025-01-29 01:03:58,748 INFO c.h.h.t.HelmChartContainer - [hivemq-test-hivemq-platform] [hivemq-platform-operator] [610c9a23] 01:03:58.746 [pool-6-thread-43] DEBUG c.h.p.o.dependants.PodInfoConfigMap - [helmplat] Desired PodInfo ConfigMap (extension state hash: -1817474005)
2025-01-29 01:03:58,752 INFO c.h.h.t.HelmChartContainer - [hivemq-test-hivemq-platform] [hivemq-platform-operator] [610c9a23] 01:03:58.751 [pool-6-thread-47] DEBUG c.h.p.o.d.PodServiceAccountResource - [helmplat] Desired PodServiceAccountResource (serviceAccountName: hivemq-platform-pod-test-hivemq-platform)
2025-01-29 01:03:58,812 INFO c.h.h.t.HelmChartContainer - [hivemq-test-hivemq-platform] [hivemq-platform-operator] [610c9a23] 01:03:58.808 [pool-6-thread-50] DEBUG c.h.p.o.d.StatefulSetResource - [helmplat] Desired StatefulSet (1 replicas) for status STARTING (READY)
2025-01-29 01:03:58,814 INFO c.h.h.t.HelmChartContainer - [hivemq-test-hivemq-platform] [hivemq-platform-operator] [610c9a23] 01:03:58.813 [ReconcilerExecutor-hivemq-controller-97] INFO  c.h.p.o.HiveMQPlatformReconciler - [helmplat] Reconciling HiveMQ Platform 'test-hivemq-platform' in namespace 'helmplatforminstallit'
2025-01-29 01:03:58,816 INFO c.h.h.t.HelmChartContainer - [hivemq-test-hivemq-platform] [hivemq-platform-operator] [610c9a23] 01:03:58.813 [ReconcilerExecutor-hivemq-controller-97] DEBUG c.h.p.o.HiveMQPlatformReconciler - [helmplat] Custom Resource Status STARTING - HiveMQ Platform is starting (READY)
2025-01-29 01:03:58,816 INFO c.h.h.t.HelmChartContainer - [hivemq-test-hivemq-platform] [hivemq-platform-operator] [610c9a23] 01:03:58.813 [ReconcilerExecutor-hivemq-controller-97] DEBUG c.h.p.o.HiveMQPlatformReconciler - [helmplat] Custom Resource Spec (replicas: 1) (extensions: 1)
2025-01-29 01:03:58,818 INFO c.h.h.t.HelmChartContainer - [hivemq-test-hivemq-platform] [hivemq-platform-operator] [610c9a23] 01:03:58.817 [ReconcilerExecutor-hivemq-controller-97] DEBUG c.h.p.o.HiveMQPlatformReconciler - [helmplat] StatefulSet Status (revision: test-hivemq-platform-6755f7497b, replicas: 1, available: 0, ready: 0, current: 1, updated: 1)
2025-01-29 01:03:58,819 INFO c.h.h.t.HelmChartContainer - [hivemq-test-hivemq-platform] [hivemq-platform-operator] [610c9a23] 01:03:58.817 [ReconcilerExecutor-hivemq-controller-97] DEBUG c.h.p.o.HiveMQPlatformReconciler - [helmplat] StatefulSet Spec (replicas: 1, init containers: 1, containers: 1, volumes: 3)
2025-01-29 01:03:58,822 INFO c.h.h.t.HelmChartContainer - [hivemq-test-hivemq-platform] [hivemq-platform-operator] [610c9a23] 01:03:58.821 [ReconcilerExecutor-hivemq-controller-97] DEBUG c.h.p.o.h.HiveMQPlatformReconcilerErrorHandler - [helmplat] Pod 'test-hivemq-platform-0' phase Pending
2025-01-29 01:03:58,822 INFO c.h.h.t.HelmChartContainer - [hivemq-test-hivemq-platform] [hivemq-platform-operator] [610c9a23] 01:03:58.822 [ReconcilerExecutor-hivemq-controller-97] DEBUG c.h.p.o.h.HiveMQPlatformReconcilerErrorHandler - [helmplat] Pod 'test-hivemq-platform-0' condition 'PodReadyToStartContainers': True
2025-01-29 01:03:58,845 INFO c.h.h.t.HelmChartContainer - [hivemq-test-hivemq-platform] [hivemq-platform-operator] [610c9a23] 01:03:58.842 [ReconcilerExecutor-hivemq-controller-97] DEBUG c.h.p.o.h.HiveMQPlatformReconcilerErrorHandler - [helmplat] Pod 'test-hivemq-platform-0' condition 'Initialized': True
2025-01-29 01:03:58,846 INFO c.h.h.t.HelmChartContainer - [hivemq-test-hivemq-platform] [hivemq-platform-operator] [610c9a23] 01:03:58.842 [ReconcilerExecutor-hivemq-controller-97] DEBUG c.h.p.o.h.HiveMQPlatformReconcilerErrorHandler - [helmplat] Pod 'test-hivemq-platform-0' condition 'Ready': False
2025-01-29 01:03:58,846 INFO c.h.h.t.HelmChartContainer - [hivemq-test-hivemq-platform] [hivemq-platform-operator] [610c9a23] 01:03:58.843 [ReconcilerExecutor-hivemq-controller-97] DEBUG c.h.p.o.h.HiveMQPlatformReconcilerErrorHandler - [helmplat] Pod 'test-hivemq-platform-0' condition 'ContainersReady': False
2025-01-29 01:03:58,846 INFO c.h.h.t.HelmChartContainer - [hivemq-test-hivemq-platform] [hivemq-platform-operator] [610c9a23] 01:03:58.843 [ReconcilerExecutor-hivemq-controller-97] DEBUG c.h.p.o.h.HiveMQPlatformReconcilerErrorHandler - [helmplat] Pod 'test-hivemq-platform-0' condition 'PodScheduled': True
2025-01-29 01:03:58,846 INFO c.h.h.t.HelmChartContainer - [hivemq-test-hivemq-platform] [hivemq-platform-operator] [610c9a23] 01:03:58.843 [ReconcilerExecutor-hivemq-controller-97] DEBUG c.h.p.o.h.HiveMQPlatformReconcilerErrorHandler - [helmplat] Pod 'test-hivemq-platform-0' containerStatus 'hivemq' (started: false) (ready: false) (waiting: [PodInitializing] null)
2025-01-29 01:03:58,848 INFO c.h.h.t.HelmChartContainer - [hivemq-test-hivemq-platform] [hivemq-platform-operator] [610c9a23] 01:03:58.845 [ReconcilerExecutor-hivemq-controller-97] INFO  c.h.p.o.h.HiveMQPlatformReconcilerBaseHandler - [helmplat] HiveMQ Platform is starting, 0 of 1 replicas are ready
2025-01-29 01:04:00,000 INFO c.h.h.t.HelmChartContainer - [EVENT] Normal [Created] Created container: hivemq [helmplatforminstallit:test-hivemq-platform-0]
2025-01-29 01:04:00,000 INFO c.h.h.t.HelmChartContainer - Received Created event for container hivemq in pod test-hivemq-platform-0 [118fe3de-0c54-4a81-9dd3-92cccf0dc583]
2025-01-29 01:04:00,737 INFO c.h.h.t.HelmChartContainer - [POD] test-hivemq-platform-0 [118fe3de-0c54-4a81-9dd3-92cccf0dc583] in helmplatforminstallit was MODIFIED
2025-01-29 01:04:00,752 INFO c.h.h.t.HelmChartContainer - [hivemq-test-hivemq-platform] [hivemq-platform-operator] [610c9a23] 01:04:00.747 [pool-6-thread-5] DEBUG c.h.p.o.d.PlatformServiceResource - [helmplat] Desired Platform services (3 services)
2025-01-29 01:04:00,752 INFO c.h.h.t.HelmChartContainer - [hivemq-test-hivemq-platform] [hivemq-platform-operator] [610c9a23] 01:04:00.748 [pool-6-thread-3] DEBUG c.h.p.o.dependants.PodInfoConfigMap - [helmplat] Desired PodInfo ConfigMap (1 extensions) (1 enabled)
2025-01-29 01:04:00,752 INFO c.h.h.t.HelmChartContainer - [hivemq-test-hivemq-platform] [hivemq-platform-operator] [610c9a23] 01:04:00.748 [pool-6-thread-3] DEBUG c.h.p.o.dependants.PodInfoConfigMap - [helmplat] Desired PodInfo ConfigMap (metrics port: 9399) (metrics path: /)
2025-01-29 01:04:00,752 INFO c.h.h.t.HelmChartContainer - [hivemq-test-hivemq-platform] [hivemq-platform-operator] [610c9a23] 01:04:00.748 [pool-6-thread-3] DEBUG c.h.p.o.dependants.PodInfoConfigMap - [helmplat] Desired PodInfo ConfigMap (extension state hash: -1817474005)
2025-01-29 01:04:00,754 INFO c.h.h.t.HelmChartContainer - Started log watcher for hivemq in pod test-hivemq-platform-0 [118fe3de-0c54-4a81-9dd3-92cccf0dc583]
2025-01-29 01:04:00,754 INFO c.h.h.t.HelmChartContainer - [test-hivemq-platform] [hivemq] [118fe3de] Adding pre-installed HiveMQ Platform Operator extensions
2025-01-29 01:04:00,755 INFO c.h.h.t.HelmChartContainer - [test-hivemq-platform] [hivemq] [118fe3de] Running as user 10000
2025-01-29 01:04:00,755 INFO c.h.h.t.HelmChartContainer - [test-hivemq-platform] [hivemq] [118fe3de] Starting HiveMQ Platform Operator Init
2025-01-29 01:04:00,754 INFO c.h.h.t.HelmChartContainer - [EVENT] Normal [Started] Started container hivemq [helmplatforminstallit:test-hivemq-platform-0]
2025-01-29 01:04:00,755 INFO c.h.h.t.HelmChartContainer - Received Started event for container hivemq in pod test-hivemq-platform-0 [118fe3de-0c54-4a81-9dd3-92cccf0dc583]
2025-01-29 01:04:00,757 INFO c.h.h.t.HelmChartContainer - [hivemq-test-hivemq-platform] [hivemq-platform-operator] [610c9a23] 01:04:00.751 [pool-6-thread-2] DEBUG c.h.p.o.d.PodServiceAccountResource - [helmplat] Desired PodServiceAccountResource (serviceAccountName: hivemq-platform-pod-test-hivemq-platform)
2025-01-29 01:04:00,760 INFO c.h.h.t.HelmChartContainer - [hivemq-test-hivemq-platform] [hivemq-platform-operator] [610c9a23] 01:04:00.760 [pool-6-thread-5] DEBUG c.h.p.o.d.StatefulSetResource - [helmplat] Desired StatefulSet (1 replicas) for status STARTING (READY)
2025-01-29 01:04:00,812 INFO c.h.h.t.HelmChartContainer - [hivemq-test-hivemq-platform] [hivemq-platform-operator] [610c9a23] 01:04:00.810 [ReconcilerExecutor-hivemq-controller-108] INFO  c.h.p.o.HiveMQPlatformReconciler - [helmplat] Reconciling HiveMQ Platform 'test-hivemq-platform' in namespace 'helmplatforminstallit'
2025-01-29 01:04:00,812 INFO c.h.h.t.HelmChartContainer - [hivemq-test-hivemq-platform] [hivemq-platform-operator] [610c9a23] 01:04:00.810 [ReconcilerExecutor-hivemq-controller-108] DEBUG c.h.p.o.HiveMQPlatformReconciler - [helmplat] Custom Resource Status STARTING - HiveMQ Platform is starting (READY)
2025-01-29 01:04:00,812 INFO c.h.h.t.HelmChartContainer - [hivemq-test-hivemq-platform] [hivemq-platform-operator] [610c9a23] 01:04:00.810 [ReconcilerExecutor-hivemq-controller-108] DEBUG c.h.p.o.HiveMQPlatformReconciler - [helmplat] Custom Resource Spec (replicas: 1) (extensions: 1)
2025-01-29 01:04:00,813 INFO c.h.h.t.HelmChartContainer - [hivemq-test-hivemq-platform] [hivemq-platform-operator] [610c9a23] 01:04:00.812 [ReconcilerExecutor-hivemq-controller-108] DEBUG c.h.p.o.HiveMQPlatformReconciler - [helmplat] StatefulSet Status (revision: test-hivemq-platform-6755f7497b, replicas: 1, available: 0, ready: 0, current: 1, updated: 1)
2025-01-29 01:04:00,815 INFO c.h.h.t.HelmChartContainer - [hivemq-test-hivemq-platform] [hivemq-platform-operator] [610c9a23] 01:04:00.812 [ReconcilerExecutor-hivemq-controller-108] DEBUG c.h.p.o.HiveMQPlatformReconciler - [helmplat] StatefulSet Spec (replicas: 1, init containers: 1, containers: 1, volumes: 3)
2025-01-29 01:04:00,844 INFO c.h.h.t.HelmChartContainer - [hivemq-test-hivemq-platform] [hivemq-platform-operator] [610c9a23] 01:04:00.843 [ReconcilerExecutor-hivemq-controller-108] DEBUG c.h.p.o.h.HiveMQPlatformReconcilerErrorHandler - [helmplat] Pod 'test-hivemq-platform-0' phase Running
2025-01-29 01:04:00,846 INFO c.h.h.t.HelmChartContainer - [hivemq-test-hivemq-platform] [hivemq-platform-operator] [610c9a23] 01:04:00.845 [ReconcilerExecutor-hivemq-controller-108] INFO  c.h.p.o.h.HiveMQPlatformReconcilerBaseHandler - [helmplat] HiveMQ Platform is starting, 0 of 1 replicas are ready
2025-01-29 01:04:01,314 INFO c.h.h.t.HelmChartContainer - [test-hivemq-platform] [hivemq] [118fe3de] INFO  - [HiveMQ Platform Operator Init 1.7.0-SNAPSHOT] HiveMQ Platform Operator Init 1.7.0-SNAPSHOT (commit: bebf408 on branch: HEAD) built on Sun Jan 26 20:47:47 UTC 2025
2025-01-29 01:04:02,531 INFO c.h.h.t.HelmChartContainer - [test-hivemq-platform] [hivemq] [118fe3de] INFO  - [HiveMQ Platform Operator Init App 1.7.0-SNAPSHOT] Using bind address 10.42.0.15 from environment variable
2025-01-29 01:04:03,418 INFO c.h.h.t.HelmChartContainer - [test-hivemq-platform] [hivemq] [118fe3de] INFO  - [HiveMQ Platform Operator Init App 1.7.0-SNAPSHOT] HiveMQ Platform Operator Init App 1.7.0-SNAPSHOT (commit: bebf408 on branch: HEAD) built on Sun Jan 26 20:47:47 UTC 2025
2025-01-29 01:04:03,419 INFO c.h.h.t.HelmChartContainer - [test-hivemq-platform] [hivemq] [118fe3de] INFO  - [HiveMQ Platform Operator Init App 1.7.0-SNAPSHOT] PodInfo ConfigMap directory: /etc/podinfo
2025-01-29 01:04:03,419 INFO c.h.h.t.HelmChartContainer - [test-hivemq-platform] [hivemq] [118fe3de] INFO  - [HiveMQ Platform Operator Init App 1.7.0-SNAPSHOT] HiveMQ home directory: /opt/hivemq
2025-01-29 01:04:03,419 INFO c.h.h.t.HelmChartContainer - [test-hivemq-platform] [hivemq] [118fe3de] INFO  - [HiveMQ Platform Operator Init App 1.7.0-SNAPSHOT] HiveMQ Logback folder: /opt/hivemq/conf
2025-01-29 01:04:03,419 INFO c.h.h.t.HelmChartContainer - [test-hivemq-platform] [hivemq] [118fe3de] INFO  - [HiveMQ Platform Operator Init App 1.7.0-SNAPSHOT] HiveMQ Config folder: /opt/hivemq/conf-k8s
2025-01-29 01:04:03,419 INFO c.h.h.t.HelmChartContainer - [test-hivemq-platform] [hivemq] [118fe3de] INFO  - [HiveMQ Platform Operator Init App 1.7.0-SNAPSHOT] Starting HiveMQ Platform Operator Init App
2025-01-29 01:04:03,419 INFO c.h.h.t.HelmChartContainer - [test-hivemq-platform] [hivemq] [118fe3de] INFO  - [HiveMQ Platform Operator Init App 1.7.0-SNAPSHOT] Starting Pod reconciler
2025-01-29 01:04:04,571 INFO c.h.h.t.HelmChartContainer - [test-hivemq-platform] [hivemq] [118fe3de] INFO  - [HiveMQ Platform Operator Init App 1.7.0-SNAPSHOT] Pod reconciler is scheduled (interval: 5000 ms)
2025-01-29 01:04:04,608 INFO c.h.h.t.HelmChartContainer - [test-hivemq-platform] [hivemq] [118fe3de] INFO  - [HiveMQ Platform Operator Init App 1.7.0-SNAPSHOT] Starting the REST API on 10.42.0.15:7979
2025-01-29 01:04:04,610 INFO c.h.h.t.HelmChartContainer - [test-hivemq-platform] [hivemq] [118fe3de] INFO  - [HiveMQ Platform Operator Init App 1.7.0-SNAPSHOT] Waiting up to 600s for at most 1 HiveMQ nodes in cluster service hivemq-test-hivemq-platform-cluster.helmplatforminstallit.svc
2025-01-29 01:04:04,922 INFO c.h.h.t.HelmChartContainer - [test-hivemq-platform] [hivemq] [118fe3de] INFO  - [HiveMQ Platform Operator Init App 1.7.0-SNAPSHOT] Resolved 1 IP addresses: [10.42.0.15]
2025-01-29 01:04:04,923 INFO c.h.h.t.HelmChartContainer - [test-hivemq-platform] [hivemq] [118fe3de] INFO  - [HiveMQ Platform Operator Init App 1.7.0-SNAPSHOT] HiveMQ node count of 1 is within threshold of 1
2025-01-29 01:04:04,923 INFO c.h.h.t.HelmChartContainer - [test-hivemq-platform] [hivemq] [118fe3de] INFO  - [HiveMQ Platform Operator Init App 1.7.0-SNAPSHOT] Proceeding with container start
2025-01-29 01:04:05,017 INFO c.h.h.t.HelmChartContainer - [test-hivemq-platform] [hivemq] [118fe3de] INFO  - [HiveMQ Platform Operator Init App 1.7.0-SNAPSHOT] Initializing HiveMQ Platform extensions with initial configuration: {hivemq-allow-all-extension={start-priority=-1, skip-https-hostname-verification=false, restart=true, config-version=0, header-version=0, c-uri=, priority=-1, uri=preinstalled, skip-https-certificate-validation=false, enabled=true}, hivemq-prometheus-extension={start-priority=-1, c-uri=, skip-https-hostname-verification=false, skip-https-certificate-validation=false, uri=preinstalled, request-header-path=no-request-headers, enabled=true, restart=true, priority=-1}}
2025-01-29 01:04:05,513 INFO c.h.h.t.HelmChartContainer - [test-hivemq-platform] [hivemq] [118fe3de] INFO  - [HiveMQ Platform Operator Init App 1.7.0-SNAPSHOT] Extension hivemq-allow-all-extension was already enabled
2025-01-29 01:04:05,563 INFO c.h.h.t.HelmChartContainer - [test-hivemq-platform] [hivemq] [118fe3de] INFO  - [HiveMQ Platform Operator Init App 1.7.0-SNAPSHOT] Successfully enabled extension hivemq-prometheus-extension
2025-01-29 01:04:05,607 INFO c.h.h.t.HelmChartContainer - [test-hivemq-platform] [hivemq] [118fe3de] INFO  - [HiveMQ Platform Operator Init App 1.7.0-SNAPSHOT] Starting HiveMQ Platform version 4.36.0 (4.36.0)
2025-01-29 01:04:05,607 INFO c.h.h.t.HelmChartContainer - [test-hivemq-platform] [hivemq] [118fe3de] INFO  - [HiveMQ Platform Operator Init App 1.7.0-SNAPSHOT] Configuring the HiveMQ Platform
2025-01-29 01:04:05,618 INFO c.h.h.t.HelmChartContainer - [test-hivemq-platform] [hivemq] [118fe3de] INFO  - [HiveMQ Platform Operator Init App 1.7.0-SNAPSHOT] Changed logback.xml file scan period to 20 seconds
2025-01-29 01:04:05,716 INFO c.h.h.t.HelmChartContainer - [test-hivemq-platform] [hivemq] [118fe3de] INFO  - [HiveMQ Platform Operator Init App 1.7.0-SNAPSHOT] Starting the HiveMQ Platform
2025-01-29 01:04:05,718 INFO c.h.h.t.HelmChartContainer - [test-hivemq-platform] [hivemq] [118fe3de] -------------------------------------------------------------------------
2025-01-29 01:04:05,719 INFO c.h.h.t.HelmChartContainer - [test-hivemq-platform] [hivemq] [118fe3de] 
2025-01-29 01:04:05,719 INFO c.h.h.t.HelmChartContainer - [test-hivemq-platform] [hivemq] [118fe3de]                   _    _  _              __  __   ____
2025-01-29 01:04:05,719 INFO c.h.h.t.HelmChartContainer - [test-hivemq-platform] [hivemq] [118fe3de]                  | |  | |(_)            |  \/  | / __ \
2025-01-29 01:04:05,719 INFO c.h.h.t.HelmChartContainer - [test-hivemq-platform] [hivemq] [118fe3de]                  | |__| | _ __   __ ___ | \  / || |  | |
2025-01-29 01:04:05,720 INFO c.h.h.t.HelmChartContainer - [test-hivemq-platform] [hivemq] [118fe3de]                  |  __  || |\ \ / // _ \| |\/| || |  | |
2025-01-29 01:04:05,720 INFO c.h.h.t.HelmChartContainer - [test-hivemq-platform] [hivemq] [118fe3de]                  | |  | || | \ V /|  __/| |  | || |__| |
2025-01-29 01:04:05,720 INFO c.h.h.t.HelmChartContainer - [test-hivemq-platform] [hivemq] [118fe3de]                  |_|  |_||_|  \_/  \___||_|  |_| \___\_\
2025-01-29 01:04:05,720 INFO c.h.h.t.HelmChartContainer - [test-hivemq-platform] [hivemq] [118fe3de] 
2025-01-29 01:04:05,720 INFO c.h.h.t.HelmChartContainer - [test-hivemq-platform] [hivemq] [118fe3de] -------------------------------------------------------------------------
2025-01-29 01:04:05,720 INFO c.h.h.t.HelmChartContainer - [test-hivemq-platform] [hivemq] [118fe3de] 
2025-01-29 01:04:05,720 INFO c.h.h.t.HelmChartContainer - [test-hivemq-platform] [hivemq] [118fe3de]   HiveMQ Start Script for Linux/Unix v1.14
2025-01-29 01:04:05,720 INFO c.h.h.t.HelmChartContainer - [test-hivemq-platform] [hivemq] [118fe3de] 
2025-01-29 01:04:05,814 INFO c.h.h.t.HelmChartContainer - [test-hivemq-platform] [hivemq] [118fe3de] -------------------------------------------------------------------------
2025-01-29 01:04:05,814 INFO c.h.h.t.HelmChartContainer - [test-hivemq-platform] [hivemq] [118fe3de] 
2025-01-29 01:04:05,814 INFO c.h.h.t.HelmChartContainer - [test-hivemq-platform] [hivemq] [118fe3de]   HIVEMQ_HOME: /opt/hivemq
2025-01-29 01:04:05,815 INFO c.h.h.t.HelmChartContainer - [test-hivemq-platform] [hivemq] [118fe3de] 
2025-01-29 01:04:05,815 INFO c.h.h.t.HelmChartContainer - [test-hivemq-platform] [hivemq] [118fe3de]   JAVA_OPTS: -XX:+UnlockExperimentalVMOptions -XX:InitialRAMPercentage=50 -XX:MaxRAMPercentage=50 -Djava.net.preferIPv4Stack=true --add-opens java.base/java.lang=ALL-UNNAMED --add-opens java.base/java.nio=ALL-UNNAMED --add-opens java.base/sun.nio.ch=ALL-UNNAMED --add-opens jdk.management/com.sun.management.internal=ALL-UNNAMED --add-exports java.base/jdk.internal.misc=ALL-UNNAMED -Djava.security.egd=file:/dev/./urandom -Dcom.sun.management.jmxremote -Dcom.sun.management.jmxremote.port=9010 -Dcom.sun.management.jmxremote.local.only=false -Dcom.sun.management.jmxremote.authenticate=false -Dcom.sun.management.jmxremote.ssl=false -Duser.language=en -Duser.region=US -XX:+CrashOnOutOfMemoryError -XX:+HeapDumpOnOutOfMemoryError
2025-01-29 01:04:05,815 INFO c.h.h.t.HelmChartContainer - [test-hivemq-platform] [hivemq] [118fe3de] 
2025-01-29 01:04:05,815 INFO c.h.h.t.HelmChartContainer - [test-hivemq-platform] [hivemq] [118fe3de]   JAVA_VERSION: 21
2025-01-29 01:04:05,815 INFO c.h.h.t.HelmChartContainer - [test-hivemq-platform] [hivemq] [118fe3de] 
2025-01-29 01:04:05,815 INFO c.h.h.t.HelmChartContainer - [test-hivemq-platform] [hivemq] [118fe3de] -------------------------------------------------------------------------
2025-01-29 01:04:05,815 INFO c.h.h.t.HelmChartContainer - [test-hivemq-platform] [hivemq] [118fe3de] 
2025-01-29 01:04:06,818 INFO c.h.h.t.HelmChartContainer - [test-hivemq-platform] [hivemq] [118fe3de] INFO  - [HiveMQ Platform Operator Init App 1.7.0-SNAPSHOT] Returning default Health API response 503 for readiness
2025-01-29 01:04:07,219 INFO c.h.h.t.HelmChartContainer - [EVENT] Warning [Unhealthy] Readiness probe failed: HTTP probe failed with statuscode: 503 [helmplatforminstallit:test-hivemq-platform-0]
2025-01-29 01:04:07,219 INFO c.h.h.t.HelmChartContainer - Received Unhealthy event for container hivemq in pod test-hivemq-platform-0 [118fe3de-0c54-4a81-9dd3-92cccf0dc583]
2025-01-29 01:04:08,508 INFO c.h.h.t.HelmChartContainer - [test-hivemq-platform] [hivemq] [118fe3de] INFO  - Starting HiveMQ Enterprise Server
2025-01-29 01:04:08,513 INFO c.h.h.t.HelmChartContainer - [test-hivemq-platform] [hivemq] [118fe3de] INFO  - HiveMQ version: 4.36.0
2025-01-29 01:04:08,514 INFO c.h.h.t.HelmChartContainer - [test-hivemq-platform] [hivemq] [118fe3de] INFO  - HiveMQ home directory: /opt/hivemq
2025-01-29 01:04:08,514 INFO c.h.h.t.HelmChartContainer - [test-hivemq-platform] [hivemq] [118fe3de] INFO  - Log Configuration was overridden by /opt/hivemq/conf/logback.xml
2025-01-29 01:04:10,115 INFO c.h.h.t.HelmChartContainer - [test-hivemq-platform] [hivemq] [118fe3de] INFO  - Successfully loaded configuration from '/opt/hivemq/conf-k8s/config.xml'.
2025-01-29 01:04:10,855 INFO c.h.h.t.HelmChartContainer - [hivemq-test-hivemq-platform] [hivemq-platform-operator] [610c9a23] 01:04:10.850 [pool-6-thread-16] DEBUG c.h.p.o.d.PlatformServiceResource - [helmplat] Desired Platform services (3 services)
2025-01-29 01:04:10,855 INFO c.h.h.t.HelmChartContainer - [hivemq-test-hivemq-platform] [hivemq-platform-operator] [610c9a23] 01:04:10.850 [pool-6-thread-15] DEBUG c.h.p.o.dependants.PodInfoConfigMap - [helmplat] Desired PodInfo ConfigMap (1 extensions) (1 enabled)
2025-01-29 01:04:10,855 INFO c.h.h.t.HelmChartContainer - [hivemq-test-hivemq-platform] [hivemq-platform-operator] [610c9a23] 01:04:10.850 [pool-6-thread-15] DEBUG c.h.p.o.dependants.PodInfoConfigMap - [helmplat] Desired PodInfo ConfigMap (metrics port: 9399) (metrics path: /)
2025-01-29 01:04:10,855 INFO c.h.h.t.HelmChartContainer - [hivemq-test-hivemq-platform] [hivemq-platform-operator] [610c9a23] 01:04:10.850 [pool-6-thread-15] DEBUG c.h.p.o.dependants.PodInfoConfigMap - [helmplat] Desired PodInfo ConfigMap (extension state hash: -1817474005)
2025-01-29 01:04:10,855 INFO c.h.h.t.HelmChartContainer - [hivemq-test-hivemq-platform] [hivemq-platform-operator] [610c9a23] 01:04:10.851 [pool-6-thread-17] DEBUG c.h.p.o.d.PodServiceAccountResource - [helmplat] Desired PodServiceAccountResource (serviceAccountName: hivemq-platform-pod-test-hivemq-platform)
2025-01-29 01:04:10,855 INFO c.h.h.t.HelmChartContainer - [hivemq-test-hivemq-platform] [hivemq-platform-operator] [610c9a23] 01:04:10.854 [pool-6-thread-16] DEBUG c.h.p.o.d.StatefulSetResource - [helmplat] Desired StatefulSet (1 replicas) for status STARTING (READY)
2025-01-29 01:04:10,858 INFO c.h.h.t.HelmChartContainer - [hivemq-test-hivemq-platform] [hivemq-platform-operator] [610c9a23] 01:04:10.857 [ReconcilerExecutor-hivemq-controller-109] INFO  c.h.p.o.HiveMQPlatformReconciler - [helmplat] Reconciling HiveMQ Platform 'test-hivemq-platform' in namespace 'helmplatforminstallit'
2025-01-29 01:04:10,859 INFO c.h.h.t.HelmChartContainer - [hivemq-test-hivemq-platform] [hivemq-platform-operator] [610c9a23] 01:04:10.857 [ReconcilerExecutor-hivemq-controller-109] DEBUG c.h.p.o.HiveMQPlatformReconciler - [helmplat] Custom Resource Status STARTING - HiveMQ Platform is starting (READY)
2025-01-29 01:04:10,859 INFO c.h.h.t.HelmChartContainer - [hivemq-test-hivemq-platform] [hivemq-platform-operator] [610c9a23] 01:04:10.858 [ReconcilerExecutor-hivemq-controller-109] DEBUG c.h.p.o.HiveMQPlatformReconciler - [helmplat] Custom Resource Spec (replicas: 1) (extensions: 1)
2025-01-29 01:04:10,860 INFO c.h.h.t.HelmChartContainer - [hivemq-test-hivemq-platform] [hivemq-platform-operator] [610c9a23] 01:04:10.859 [ReconcilerExecutor-hivemq-controller-109] DEBUG c.h.p.o.HiveMQPlatformReconciler - [helmplat] StatefulSet Status (revision: test-hivemq-platform-6755f7497b, replicas: 1, available: 0, ready: 0, current: 1, updated: 1)
2025-01-29 01:04:10,860 INFO c.h.h.t.HelmChartContainer - [hivemq-test-hivemq-platform] [hivemq-platform-operator] [610c9a23] 01:04:10.859 [ReconcilerExecutor-hivemq-controller-109] DEBUG c.h.p.o.HiveMQPlatformReconciler - [helmplat] StatefulSet Spec (replicas: 1, init containers: 1, containers: 1, volumes: 3)
2025-01-29 01:04:10,862 INFO c.h.h.t.HelmChartContainer - [hivemq-test-hivemq-platform] [hivemq-platform-operator] [610c9a23] 01:04:10.861 [ReconcilerExecutor-hivemq-controller-109] DEBUG c.h.p.o.h.HiveMQPlatformReconcilerErrorHandler - [helmplat] Pod 'test-hivemq-platform-0' phase Running
2025-01-29 01:04:10,864 INFO c.h.h.t.HelmChartContainer - [hivemq-test-hivemq-platform] [hivemq-platform-operator] [610c9a23] 01:04:10.863 [ReconcilerExecutor-hivemq-controller-109] INFO  c.h.p.o.h.HiveMQPlatformReconcilerBaseHandler - [helmplat] HiveMQ Platform is starting, 0 of 1 replicas are ready
2025-01-29 01:04:11,114 INFO c.h.h.t.HelmChartContainer - [test-hivemq-platform] [hivemq] [118fe3de] INFO  - This node's ID is ot9Rx
2025-01-29 01:04:11,114 INFO c.h.h.t.HelmChartContainer - [test-hivemq-platform] [hivemq] [118fe3de] INFO  - Clustering is enabled
2025-01-29 01:04:12,310 INFO c.h.h.t.HelmChartContainer - [test-hivemq-platform] [hivemq] [118fe3de] WARN  - [HiveMQ Platform Operator Init App 1.7.0-SNAPSHOT] Cannot connect to Health API for readiness: null
2025-01-29 01:04:12,318 INFO c.h.h.t.HelmChartContainer - [EVENT] Warning [Unhealthy] Readiness probe failed: HTTP probe failed with statuscode: 503 [helmplatforminstallit:test-hivemq-platform-0]
2025-01-29 01:04:12,318 INFO c.h.h.t.HelmChartContainer - Received Unhealthy event for container hivemq in pod test-hivemq-platform-0 [118fe3de-0c54-4a81-9dd3-92cccf0dc583]
2025-01-29 01:04:12,970 INFO c.h.h.t.HelmChartContainer - [K3S] [range_allocator.go:247] "Successfully synced" key="d662f43cf4d0"
2025-01-29 01:04:14,910 INFO c.h.h.t.HelmChartContainer - [test-hivemq-platform] [hivemq] [118fe3de] Jan 29, 2025 1:04:14 AM io.vertx.core.impl.BlockedThreadChecker
2025-01-29 01:04:14,910 INFO c.h.h.t.HelmChartContainer - [test-hivemq-platform] [hivemq] [118fe3de] WARNING: Thread Thread[vert.x-eventloop-thread-1,5,main] has been blocked for 2294 ms, time limit is 2000 ms
2025-01-29 01:04:15,364 INFO c.h.h.t.HelmChartContainer - [test-hivemq-platform] [hivemq] [118fe3de] INFO  - [HiveMQ Platform Operator Init App 1.7.0-SNAPSHOT] Updating Pod HiveMQ Platform Operator Init App version annotation (version: 1.7.0-SNAPSHOT)
2025-01-29 01:04:16,122 INFO c.h.h.t.HelmChartContainer - [POD] test-hivemq-platform-0 [118fe3de-0c54-4a81-9dd3-92cccf0dc583] in helmplatforminstallit was MODIFIED
2025-01-29 01:04:16,136 INFO c.h.h.t.HelmChartContainer - [hivemq-test-hivemq-platform] [hivemq-platform-operator] [610c9a23] 01:04:16.135 [pool-6-thread-27] DEBUG c.h.p.o.d.PlatformServiceResource - [helmplat] Desired Platform services (3 services)
2025-01-29 01:04:16,139 INFO c.h.h.t.HelmChartContainer - [hivemq-test-hivemq-platform] [hivemq-platform-operator] [610c9a23] 01:04:16.136 [pool-6-thread-22] DEBUG c.h.p.o.dependants.PodInfoConfigMap - [helmplat] Desired PodInfo ConfigMap (1 extensions) (1 enabled)
2025-01-29 01:04:16,139 INFO c.h.h.t.HelmChartContainer - [hivemq-test-hivemq-platform] [hivemq-platform-operator] [610c9a23] 01:04:16.136 [pool-6-thread-22] DEBUG c.h.p.o.dependants.PodInfoConfigMap - [helmplat] Desired PodInfo ConfigMap (metrics port: 9399) (metrics path: /)
2025-01-29 01:04:16,139 INFO c.h.h.t.HelmChartContainer - [hivemq-test-hivemq-platform] [hivemq-platform-operator] [610c9a23] 01:04:16.136 [pool-6-thread-22] DEBUG c.h.p.o.dependants.PodInfoConfigMap - [helmplat] Desired PodInfo ConfigMap (extension state hash: -1817474005)
2025-01-29 01:04:16,145 INFO c.h.h.t.HelmChartContainer - [hivemq-test-hivemq-platform] [hivemq-platform-operator] [610c9a23] 01:04:16.144 [pool-6-thread-23] DEBUG c.h.p.o.d.PodServiceAccountResource - [helmplat] Desired PodServiceAccountResource (serviceAccountName: hivemq-platform-pod-test-hivemq-platform)
2025-01-29 01:04:16,152 INFO c.h.h.t.HelmChartContainer - [hivemq-test-hivemq-platform] [hivemq-platform-operator] [610c9a23] 01:04:16.151 [pool-6-thread-25] DEBUG c.h.p.o.d.StatefulSetResource - [helmplat] Desired StatefulSet (1 replicas) for status STARTING (READY)
2025-01-29 01:04:16,213 INFO c.h.h.t.HelmChartContainer - [hivemq-test-hivemq-platform] [hivemq-platform-operator] [610c9a23] 01:04:16.212 [ReconcilerExecutor-hivemq-controller-110] INFO  c.h.p.o.HiveMQPlatformReconciler - [helmplat] Reconciling HiveMQ Platform 'test-hivemq-platform' in namespace 'helmplatforminstallit'
2025-01-29 01:04:16,213 INFO c.h.h.t.HelmChartContainer - [hivemq-test-hivemq-platform] [hivemq-platform-operator] [610c9a23] 01:04:16.212 [ReconcilerExecutor-hivemq-controller-110] DEBUG c.h.p.o.HiveMQPlatformReconciler - [helmplat] Custom Resource Status STARTING - HiveMQ Platform is starting (READY)
2025-01-29 01:04:16,218 INFO c.h.h.t.HelmChartContainer - [hivemq-test-hivemq-platform] [hivemq-platform-operator] [610c9a23] 01:04:16.212 [ReconcilerExecutor-hivemq-controller-110] DEBUG c.h.p.o.HiveMQPlatformReconciler - [helmplat] Custom Resource Spec (replicas: 1) (extensions: 1)
2025-01-29 01:04:16,218 INFO c.h.h.t.HelmChartContainer - [hivemq-test-hivemq-platform] [hivemq-platform-operator] [610c9a23] 01:04:16.217 [ReconcilerExecutor-hivemq-controller-110] DEBUG c.h.p.o.HiveMQPlatformReconciler - [helmplat] StatefulSet Status (revision: test-hivemq-platform-6755f7497b, replicas: 1, available: 0, ready: 0, current: 1, updated: 1)
2025-01-29 01:04:16,219 INFO c.h.h.t.HelmChartContainer - [hivemq-test-hivemq-platform] [hivemq-platform-operator] [610c9a23] 01:04:16.217 [ReconcilerExecutor-hivemq-controller-110] DEBUG c.h.p.o.HiveMQPlatformReconciler - [helmplat] StatefulSet Spec (replicas: 1, init containers: 1, containers: 1, volumes: 3)
2025-01-29 01:04:16,221 INFO c.h.h.t.HelmChartContainer - [hivemq-test-hivemq-platform] [hivemq-platform-operator] [610c9a23] 01:04:16.221 [ReconcilerExecutor-hivemq-controller-110] DEBUG c.h.p.o.h.HiveMQPlatformReconcilerErrorHandler - [helmplat] Pod 'test-hivemq-platform-0' phase Running
2025-01-29 01:04:16,223 INFO c.h.h.t.HelmChartContainer - [hivemq-test-hivemq-platform] [hivemq-platform-operator] [610c9a23] 01:04:16.222 [ReconcilerExecutor-hivemq-controller-110] INFO  c.h.p.o.h.HiveMQPlatformReconcilerBaseHandler - [helmplat] HiveMQ Platform is starting, 0 of 1 replicas are ready
2025-01-29 01:04:16,309 INFO c.h.h.t.HelmChartContainer - [test-hivemq-platform] [hivemq] [118fe3de] WARN  - [HiveMQ Platform Operator Init App 1.7.0-SNAPSHOT] Cannot connect to Health API for readiness: null
2025-01-29 01:04:16,314 INFO c.h.h.t.HelmChartContainer - [test-hivemq-platform] [hivemq] [118fe3de] INFO  - [HiveMQ Platform Operator Init App 1.7.0-SNAPSHOT] Successfully updated Pod HiveMQ Platform Operator Init App version annotation (version: 1.7.0-SNAPSHOT)
2025-01-29 01:04:16,317 INFO c.h.h.t.HelmChartContainer - [EVENT] Warning [Unhealthy] Readiness probe failed: HTTP probe failed with statuscode: 503 [helmplatforminstallit:test-hivemq-platform-0]
2025-01-29 01:04:16,318 INFO c.h.h.t.HelmChartContainer - Received Unhealthy event for container hivemq in pod test-hivemq-platform-0 [118fe3de-0c54-4a81-9dd3-92cccf0dc583]
2025-01-29 01:04:21,126 INFO c.h.h.t.HelmChartContainer - [test-hivemq-platform] [hivemq] [118fe3de] WARN  - [HiveMQ Platform Operator Init App 1.7.0-SNAPSHOT] Cannot connect to Health API for readiness: null
2025-01-29 01:04:21,130 INFO c.h.h.t.HelmChartContainer - [EVENT] Warning [Unhealthy] Readiness probe failed: HTTP probe failed with statuscode: 503 [helmplatforminstallit:test-hivemq-platform-0]
2025-01-29 01:04:21,130 INFO c.h.h.t.HelmChartContainer - Received Unhealthy event for container hivemq in pod test-hivemq-platform-0 [118fe3de-0c54-4a81-9dd3-92cccf0dc583]
2025-01-29 01:04:26,126 INFO c.h.h.t.HelmChartContainer - [test-hivemq-platform] [hivemq] [118fe3de] WARN  - [HiveMQ Platform Operator Init App 1.7.0-SNAPSHOT] Cannot connect to Health API for readiness: null
2025-01-29 01:04:26,131 INFO c.h.h.t.HelmChartContainer - [EVENT] Warning [Unhealthy] Readiness probe failed: HTTP probe failed with statuscode: 503 [helmplatforminstallit:test-hivemq-platform-0]
2025-01-29 01:04:26,131 INFO c.h.h.t.HelmChartContainer - Received Unhealthy event for container hivemq in pod test-hivemq-platform-0 [118fe3de-0c54-4a81-9dd3-92cccf0dc583]
2025-01-29 01:04:26,230 INFO c.h.h.t.HelmChartContainer - [hivemq-test-hivemq-platform] [hivemq-platform-operator] [610c9a23] 01:04:26.227 [pool-6-thread-33] DEBUG c.h.p.o.d.PlatformServiceResource - [helmplat] Desired Platform services (3 services)
2025-01-29 01:04:26,233 INFO c.h.h.t.HelmChartContainer - [hivemq-test-hivemq-platform] [hivemq-platform-operator] [610c9a23] 01:04:26.228 [pool-6-thread-36] DEBUG c.h.p.o.dependants.PodInfoConfigMap - [helmplat] Desired PodInfo ConfigMap (1 extensions) (1 enabled)
2025-01-29 01:04:26,234 INFO c.h.h.t.HelmChartContainer - [hivemq-test-hivemq-platform] [hivemq-platform-operator] [610c9a23] 01:04:26.228 [pool-6-thread-36] DEBUG c.h.p.o.dependants.PodInfoConfigMap - [helmplat] Desired PodInfo ConfigMap (metrics port: 9399) (metrics path: /)
2025-01-29 01:04:26,234 INFO c.h.h.t.HelmChartContainer - [hivemq-test-hivemq-platform] [hivemq-platform-operator] [610c9a23] 01:04:26.228 [pool-6-thread-36] DEBUG c.h.p.o.dependants.PodInfoConfigMap - [helmplat] Desired PodInfo ConfigMap (extension state hash: -1817474005)
2025-01-29 01:04:26,234 INFO c.h.h.t.HelmChartContainer - [hivemq-test-hivemq-platform] [hivemq-platform-operator] [610c9a23] 01:04:26.229 [pool-6-thread-34] DEBUG c.h.p.o.d.PodServiceAccountResource - [helmplat] Desired PodServiceAccountResource (serviceAccountName: hivemq-platform-pod-test-hivemq-platform)
2025-01-29 01:04:26,236 INFO c.h.h.t.HelmChartContainer - [hivemq-test-hivemq-platform] [hivemq-platform-operator] [610c9a23] 01:04:26.234 [pool-6-thread-33] DEBUG c.h.p.o.d.StatefulSetResource - [helmplat] Desired StatefulSet (1 replicas) for status STARTING (READY)
2025-01-29 01:04:26,239 INFO c.h.h.t.HelmChartContainer - [hivemq-test-hivemq-platform] [hivemq-platform-operator] [610c9a23] 01:04:26.238 [ReconcilerExecutor-hivemq-controller-111] INFO  c.h.p.o.HiveMQPlatformReconciler - [helmplat] Reconciling HiveMQ Platform 'test-hivemq-platform' in namespace 'helmplatforminstallit'
2025-01-29 01:04:26,239 INFO c.h.h.t.HelmChartContainer - [hivemq-test-hivemq-platform] [hivemq-platform-operator] [610c9a23] 01:04:26.238 [ReconcilerExecutor-hivemq-controller-111] DEBUG c.h.p.o.HiveMQPlatformReconciler - [helmplat] Custom Resource Status STARTING - HiveMQ Platform is starting (READY)
2025-01-29 01:04:26,239 INFO c.h.h.t.HelmChartContainer - [hivemq-test-hivemq-platform] [hivemq-platform-operator] [610c9a23] 01:04:26.238 [ReconcilerExecutor-hivemq-controller-111] DEBUG c.h.p.o.HiveMQPlatformReconciler - [helmplat] Custom Resource Spec (replicas: 1) (extensions: 1)
2025-01-29 01:04:26,241 INFO c.h.h.t.HelmChartContainer - [hivemq-test-hivemq-platform] [hivemq-platform-operator] [610c9a23] 01:04:26.240 [ReconcilerExecutor-hivemq-controller-111] DEBUG c.h.p.o.HiveMQPlatformReconciler - [helmplat] StatefulSet Status (revision: test-hivemq-platform-6755f7497b, replicas: 1, available: 0, ready: 0, current: 1, updated: 1)
2025-01-29 01:04:26,242 INFO c.h.h.t.HelmChartContainer - [hivemq-test-hivemq-platform] [hivemq-platform-operator] [610c9a23] 01:04:26.240 [ReconcilerExecutor-hivemq-controller-111] DEBUG c.h.p.o.HiveMQPlatformReconciler - [helmplat] StatefulSet Spec (replicas: 1, init containers: 1, containers: 1, volumes: 3)
2025-01-29 01:04:26,243 INFO c.h.h.t.HelmChartContainer - [hivemq-test-hivemq-platform] [hivemq-platform-operator] [610c9a23] 01:04:26.242 [ReconcilerExecutor-hivemq-controller-111] DEBUG c.h.p.o.h.HiveMQPlatformReconcilerErrorHandler - [helmplat] Pod 'test-hivemq-platform-0' phase Running
2025-01-29 01:04:26,244 INFO c.h.h.t.HelmChartContainer - [hivemq-test-hivemq-platform] [hivemq-platform-operator] [610c9a23] 01:04:26.243 [ReconcilerExecutor-hivemq-controller-111] INFO  c.h.p.o.h.HiveMQPlatformReconcilerBaseHandler - [helmplat] HiveMQ Platform is starting, 0 of 1 replicas are ready
2025-01-29 01:04:27,412 INFO c.h.h.t.HelmChartContainer - [test-hivemq-platform] [hivemq] [118fe3de] WARN  - [HiveMQ Platform Operator Init App 1.7.0-SNAPSHOT] Cannot connect to Health API for liveness: null
2025-01-29 01:04:27,412 INFO c.h.h.t.HelmChartContainer - [test-hivemq-platform] [hivemq] [118fe3de] INFO  - [HiveMQ Platform Operator Init App 1.7.0-SNAPSHOT] Returning default Health API response 200 for liveness
2025-01-29 01:04:29,315 INFO c.h.h.t.HelmChartContainer - [test-hivemq-platform] [hivemq] [118fe3de] INFO  - No valid license file found. Using trial license, restricted to 25 connections.
2025-01-29 01:04:31,210 INFO c.h.h.t.HelmChartContainer - [test-hivemq-platform] [hivemq] [118fe3de] WARN  - [HiveMQ Platform Operator Init App 1.7.0-SNAPSHOT] Cannot connect to Health API for readiness: null
2025-01-29 01:04:31,212 INFO c.h.h.t.HelmChartContainer - [EVENT] Warning [Unhealthy] Readiness probe failed: HTTP probe failed with statuscode: 503 [helmplatforminstallit:test-hivemq-platform-0]
2025-01-29 01:04:31,212 INFO c.h.h.t.HelmChartContainer - Received Unhealthy event for container hivemq in pod test-hivemq-platform-0 [118fe3de-0c54-4a81-9dd3-92cccf0dc583]
2025-01-29 01:04:32,913 INFO c.h.h.t.HelmChartContainer - [test-hivemq-platform] [hivemq] [118fe3de] INFO  - No valid license file for Data Hub found. Using free license, restricted to 1 policy.
2025-01-29 01:04:34,217 INFO c.h.h.t.HelmChartContainer - [test-hivemq-platform] [hivemq] [118fe3de] INFO  - Audit Logger started.
2025-01-29 01:04:34,518 INFO c.h.h.t.HelmChartContainer - [test-hivemq-platform] [hivemq] [118fe3de] INFO  - This node uses '1' CPU cores.
2025-01-29 01:04:34,523 INFO c.h.h.t.HelmChartContainer - [test-hivemq-platform] [hivemq] [118fe3de] INFO  - Starting HiveMQ Health API on address 0.0.0.0 and port 8889
2025-01-29 01:04:35,322 INFO c.h.h.t.HelmChartContainer - [test-hivemq-platform] [hivemq] [118fe3de] INFO  - Started HiveMQ Health API in 799ms
2025-01-29 01:04:35,908 INFO c.h.h.t.HelmChartContainer - [test-hivemq-platform] [hivemq] [118fe3de] INFO  - Starting HiveMQ extension system.
2025-01-29 01:04:36,126 INFO c.h.h.t.HelmChartContainer - [test-hivemq-platform] [hivemq] [118fe3de] INFO  - Starting extension with id "hivemq-dns-cluster-discovery" at /opt/hivemq/extensions/hivemq-dns-cluster-discovery
2025-01-29 01:04:36,249 INFO c.h.h.t.HelmChartContainer - [hivemq-test-hivemq-platform] [hivemq-platform-operator] [610c9a23] 01:04:36.247 [pool-6-thread-46] DEBUG c.h.p.o.d.PlatformServiceResource - [helmplat] Desired Platform services (3 services)
2025-01-29 01:04:36,250 INFO c.h.h.t.HelmChartContainer - [hivemq-test-hivemq-platform] [hivemq-platform-operator] [610c9a23] 01:04:36.248 [pool-6-thread-45] DEBUG c.h.p.o.dependants.PodInfoConfigMap - [helmplat] Desired PodInfo ConfigMap (1 extensions) (1 enabled)
2025-01-29 01:04:36,250 INFO c.h.h.t.HelmChartContainer - [hivemq-test-hivemq-platform] [hivemq-platform-operator] [610c9a23] 01:04:36.248 [pool-6-thread-45] DEBUG c.h.p.o.dependants.PodInfoConfigMap - [helmplat] Desired PodInfo ConfigMap (metrics port: 9399) (metrics path: /)
2025-01-29 01:04:36,250 INFO c.h.h.t.HelmChartContainer - [hivemq-test-hivemq-platform] [hivemq-platform-operator] [610c9a23] 01:04:36.249 [pool-6-thread-45] DEBUG c.h.p.o.dependants.PodInfoConfigMap - [helmplat] Desired PodInfo ConfigMap (extension state hash: -1817474005)
2025-01-29 01:04:36,250 INFO c.h.h.t.HelmChartContainer - [hivemq-test-hivemq-platform] [hivemq-platform-operator] [610c9a23] 01:04:36.249 [pool-6-thread-44] DEBUG c.h.p.o.d.PodServiceAccountResource - [helmplat] Desired PodServiceAccountResource (serviceAccountName: hivemq-platform-pod-test-hivemq-platform)
2025-01-29 01:04:36,259 INFO c.h.h.t.HelmChartContainer - [hivemq-test-hivemq-platform] [hivemq-platform-operator] [610c9a23] 01:04:36.258 [pool-6-thread-46] DEBUG c.h.p.o.d.StatefulSetResource - [helmplat] Desired StatefulSet (1 replicas) for status STARTING (READY)
2025-01-29 01:04:36,349 INFO c.h.h.t.HelmChartContainer - [hivemq-test-hivemq-platform] [hivemq-platform-operator] [610c9a23] 01:04:36.347 [ReconcilerExecutor-hivemq-controller-112] INFO  c.h.p.o.HiveMQPlatformReconciler - [helmplat] Reconciling HiveMQ Platform 'test-hivemq-platform' in namespace 'helmplatforminstallit'
2025-01-29 01:04:36,349 INFO c.h.h.t.HelmChartContainer - [hivemq-test-hivemq-platform] [hivemq-platform-operator] [610c9a23] 01:04:36.347 [ReconcilerExecutor-hivemq-controller-112] DEBUG c.h.p.o.HiveMQPlatformReconciler - [helmplat] Custom Resource Status STARTING - HiveMQ Platform is starting (READY)
2025-01-29 01:04:36,349 INFO c.h.h.t.HelmChartContainer - [hivemq-test-hivemq-platform] [hivemq-platform-operator] [610c9a23] 01:04:36.347 [ReconcilerExecutor-hivemq-controller-112] DEBUG c.h.p.o.HiveMQPlatformReconciler - [helmplat] Custom Resource Spec (replicas: 1) (extensions: 1)
2025-01-29 01:04:36,352 INFO c.h.h.t.HelmChartContainer - [hivemq-test-hivemq-platform] [hivemq-platform-operator] [610c9a23] 01:04:36.350 [ReconcilerExecutor-hivemq-controller-112] DEBUG c.h.p.o.HiveMQPlatformReconciler - [helmplat] StatefulSet Status (revision: test-hivemq-platform-6755f7497b, replicas: 1, available: 0, ready: 0, current: 1, updated: 1)
2025-01-29 01:04:36,352 INFO c.h.h.t.HelmChartContainer - [hivemq-test-hivemq-platform] [hivemq-platform-operator] [610c9a23] 01:04:36.350 [ReconcilerExecutor-hivemq-controller-112] DEBUG c.h.p.o.HiveMQPlatformReconciler - [helmplat] StatefulSet Spec (replicas: 1, init containers: 1, containers: 1, volumes: 3)
2025-01-29 01:04:36,353 INFO c.h.h.t.HelmChartContainer - [hivemq-test-hivemq-platform] [hivemq-platform-operator] [610c9a23] 01:04:36.352 [ReconcilerExecutor-hivemq-controller-112] DEBUG c.h.p.o.h.HiveMQPlatformReconcilerErrorHandler - [helmplat] Pod 'test-hivemq-platform-0' phase Running
2025-01-29 01:04:36,354 INFO c.h.h.t.HelmChartContainer - [hivemq-test-hivemq-platform] [hivemq-platform-operator] [610c9a23] 01:04:36.353 [ReconcilerExecutor-hivemq-controller-112] INFO  c.h.p.o.h.HiveMQPlatformReconcilerBaseHandler - [helmplat] HiveMQ Platform is starting, 0 of 1 replicas are ready
2025-01-29 01:04:36,819 INFO c.h.h.t.HelmChartContainer - [test-hivemq-platform] [hivemq] [118fe3de] INFO  - Extension "DNS Cluster Discovery Extension" version 4.3.2 started successfully.
2025-01-29 01:04:36,819 INFO c.h.h.t.HelmChartContainer - [test-hivemq-platform] [hivemq] [118fe3de] INFO  - Starting extension with id "hivemq-prometheus-extension" at /opt/hivemq/extensions/hivemq-prometheus-extension
2025-01-29 01:04:36,919 INFO c.h.h.t.HelmChartContainer - [test-hivemq-platform] [hivemq] [118fe3de] INFO  - Using TCP cluster transport on address 10.42.0.15 and port 7000
2025-01-29 01:04:37,013 INFO c.h.h.t.HelmChartContainer - [test-hivemq-platform] [hivemq] [118fe3de] INFO  - Using extension cluster discovery
2025-01-29 01:04:37,165 INFO c.h.h.t.HelmChartContainer - [EVENT] Warning [Unhealthy] Readiness probe failed: Get "http://10.42.0.15:7979/readiness": context deadline exceeded (Client.Timeout exceeded while awaiting headers) [helmplatforminstallit:test-hivemq-platform-0]
2025-01-29 01:04:37,165 INFO c.h.h.t.HelmChartContainer - Received Unhealthy event for container hivemq in pod test-hivemq-platform-0 [118fe3de-0c54-4a81-9dd3-92cccf0dc583]
2025-01-29 01:04:37,814 INFO c.h.h.t.HelmChartContainer - [test-hivemq-platform] [hivemq] [118fe3de] INFO  - [HiveMQ Platform Operator Init App 1.7.0-SNAPSHOT] Returning Health API response 503 for readiness
2025-01-29 01:04:38,312 INFO c.h.h.t.HelmChartContainer - [test-hivemq-platform] [hivemq] [118fe3de] INFO  - Started Jetty Server exposing Prometheus Servlet on URI http://0.0.0.0:9399/
2025-01-29 01:04:38,313 INFO c.h.h.t.HelmChartContainer - [test-hivemq-platform] [hivemq] [118fe3de] INFO  - Extension "Prometheus Monitoring Extension" version 4.0.12 started successfully.
2025-01-29 01:04:38,313 INFO c.h.h.t.HelmChartContainer - [test-hivemq-platform] [hivemq] [118fe3de] INFO  - Starting extension with id "hivemq-allow-all-extension" at /opt/hivemq/extensions/hivemq-allow-all-extension
2025-01-29 01:04:38,314 INFO c.h.h.t.HelmChartContainer - [test-hivemq-platform] [hivemq] [118fe3de] WARN  - 
2025-01-29 01:04:38,314 INFO c.h.h.t.HelmChartContainer - [test-hivemq-platform] [hivemq] [118fe3de] ################################################################################################################
2025-01-29 01:04:38,314 INFO c.h.h.t.HelmChartContainer - [test-hivemq-platform] [hivemq] [118fe3de] # This HiveMQ deployment is not secure! You are lacking Authentication and Authorization.                      #
2025-01-29 01:04:38,314 INFO c.h.h.t.HelmChartContainer - [test-hivemq-platform] [hivemq] [118fe3de] # Right now any MQTT client can connect to the broker with a full set of permissions.                          #
2025-01-29 01:04:38,314 INFO c.h.h.t.HelmChartContainer - [test-hivemq-platform] [hivemq] [118fe3de] # For production usage, add an appropriate security extension and remove the hivemq-allow-all extension.       #
2025-01-29 01:04:38,314 INFO c.h.h.t.HelmChartContainer - [test-hivemq-platform] [hivemq] [118fe3de] # You can download security extensions from the HiveMQ Marketplace (https://www.hivemq.com/extensions/).       #
2025-01-29 01:04:38,314 INFO c.h.h.t.HelmChartContainer - [test-hivemq-platform] [hivemq] [118fe3de] ################################################################################################################
2025-01-29 01:04:38,315 INFO c.h.h.t.HelmChartContainer - [test-hivemq-platform] [hivemq] [118fe3de] INFO  - Extension "Allow All Extension" version 1.1.1 started successfully.
2025-01-29 01:04:40,411 INFO c.h.h.t.HelmChartContainer - [test-hivemq-platform] [hivemq] [118fe3de] INFO  - ot9Rx: no members discovered after 2494 ms: creating cluster as first member
2025-01-29 01:04:40,417 INFO c.h.h.t.HelmChartContainer - [test-hivemq-platform] [hivemq] [118fe3de] INFO  - Cluster nodes found by discovery: [ot9Rx|0] (1) [ot9Rx].
2025-01-29 01:04:40,510 INFO c.h.h.t.HelmChartContainer - [test-hivemq-platform] [hivemq] [118fe3de] WARN  - No user for HiveMQ Control Center configured. Starting with default user
2025-01-29 01:04:40,510 INFO c.h.h.t.HelmChartContainer - [test-hivemq-platform] [hivemq] [118fe3de] INFO  - Starting HiveMQ Control Center on address 0.0.0.0 and port 8080
2025-01-29 01:04:40,512 INFO c.h.h.t.HelmChartContainer - [test-hivemq-platform] [hivemq] [118fe3de] INFO  - Mounting HiveMQ Control Center V2 Preview
2025-01-29 01:04:41,024 INFO c.h.h.t.HelmChartContainer - [test-hivemq-platform] [hivemq] [118fe3de] INFO  - Started HiveMQ Control Center in 515ms
2025-01-29 01:04:41,122 INFO c.h.h.t.HelmChartContainer - [test-hivemq-platform] [hivemq] [118fe3de] INFO  - Starting TCP listener on address 0.0.0.0 and port 1883
2025-01-29 01:04:41,213 INFO c.h.h.t.HelmChartContainer - [EVENT] Warning [Unhealthy] Readiness probe failed: HTTP probe failed with statuscode: 503 [helmplatforminstallit:test-hivemq-platform-0]
2025-01-29 01:04:41,213 INFO c.h.h.t.HelmChartContainer - Received Unhealthy event for container hivemq in pod test-hivemq-platform-0 [118fe3de-0c54-4a81-9dd3-92cccf0dc583]
2025-01-29 01:04:41,219 INFO c.h.h.t.HelmChartContainer - [test-hivemq-platform] [hivemq] [118fe3de] INFO  - Started TCP Listener on address 0.0.0.0 and on port 1883.
2025-01-29 01:04:41,219 INFO c.h.h.t.HelmChartContainer - [test-hivemq-platform] [hivemq] [118fe3de] INFO  - Started HiveMQ in 33053ms
2025-01-29 01:04:46,126 INFO c.h.h.t.HelmChartContainer - [test-hivemq-platform] [hivemq] [118fe3de] INFO  - [HiveMQ Platform Operator Init App 1.7.0-SNAPSHOT] Returning Health API response 200 for readiness
2025-01-29 01:04:46,138 INFO c.h.h.t.HelmChartContainer - [POD] test-hivemq-platform-0 [118fe3de-0c54-4a81-9dd3-92cccf0dc583] in helmplatforminstallit was MODIFIED
2025-01-29 01:04:46,148 INFO c.h.h.t.HelmChartContainer - [hivemq-test-hivemq-platform] [hivemq-platform-operator] [610c9a23] 01:04:46.143 [pool-6-thread-4] DEBUG c.h.p.o.d.PlatformServiceResource - [helmplat] Desired Platform services (3 services)
2025-01-29 01:04:46,148 INFO c.h.h.t.HelmChartContainer - [hivemq-test-hivemq-platform] [hivemq-platform-operator] [610c9a23] 01:04:46.145 [pool-6-thread-1] DEBUG c.h.p.o.d.PodServiceAccountResource - [helmplat] Desired PodServiceAccountResource (serviceAccountName: hivemq-platform-pod-test-hivemq-platform)
2025-01-29 01:04:46,151 INFO c.h.h.t.HelmChartContainer - [hivemq-test-hivemq-platform] [hivemq-platform-operator] [610c9a23] 01:04:46.144 [pool-6-thread-10] DEBUG c.h.p.o.dependants.PodInfoConfigMap - [helmplat] Desired PodInfo ConfigMap (1 extensions) (1 enabled)
2025-01-29 01:04:46,151 INFO c.h.h.t.HelmChartContainer - [hivemq-test-hivemq-platform] [hivemq-platform-operator] [610c9a23] 01:04:46.150 [pool-6-thread-10] DEBUG c.h.p.o.dependants.PodInfoConfigMap - [helmplat] Desired PodInfo ConfigMap (metrics port: 9399) (metrics path: /)
2025-01-29 01:04:46,151 INFO c.h.h.t.HelmChartContainer - [hivemq-test-hivemq-platform] [hivemq-platform-operator] [610c9a23] 01:04:46.150 [pool-6-thread-10] DEBUG c.h.p.o.dependants.PodInfoConfigMap - [helmplat] Desired PodInfo ConfigMap (extension state hash: -1817474005)
2025-01-29 01:04:46,160 INFO c.h.h.t.HelmChartContainer - [hivemq-test-hivemq-platform] [hivemq-platform-operator] [610c9a23] 01:04:46.159 [pool-6-thread-4] DEBUG c.h.p.o.d.StatefulSetResource - [helmplat] Desired StatefulSet (1 replicas) for status STARTING (READY)
2025-01-29 01:04:46,211 INFO c.h.h.t.HelmChartContainer - [hivemq-test-hivemq-platform] [hivemq-platform-operator] [610c9a23] 01:04:46.209 [ReconcilerExecutor-hivemq-controller-113] INFO  c.h.p.o.HiveMQPlatformReconciler - [helmplat] Reconciling HiveMQ Platform 'test-hivemq-platform' in namespace 'helmplatforminstallit'
2025-01-29 01:04:46,211 INFO c.h.h.t.HelmChartContainer - [hivemq-test-hivemq-platform] [hivemq-platform-operator] [610c9a23] 01:04:46.210 [ReconcilerExecutor-hivemq-controller-113] DEBUG c.h.p.o.HiveMQPlatformReconciler - [helmplat] Custom Resource Status STARTING - HiveMQ Platform is starting (READY)
2025-01-29 01:04:46,211 INFO c.h.h.t.HelmChartContainer - [hivemq-test-hivemq-platform] [hivemq-platform-operator] [610c9a23] 01:04:46.210 [ReconcilerExecutor-hivemq-controller-113] DEBUG c.h.p.o.HiveMQPlatformReconciler - [helmplat] Custom Resource Spec (replicas: 1) (extensions: 1)
2025-01-29 01:04:46,245 INFO c.h.h.t.HelmChartContainer - [hivemq-test-hivemq-platform] [hivemq-platform-operator] [610c9a23] 01:04:46.243 [ReconcilerExecutor-hivemq-controller-113] DEBUG c.h.p.o.HiveMQPlatformReconciler - [helmplat] StatefulSet Status (revision: test-hivemq-platform-6755f7497b, replicas: 1, available: 1, ready: 1, current: 1, updated: 1)
2025-01-29 01:04:46,246 INFO c.h.h.t.HelmChartContainer - [hivemq-test-hivemq-platform] [hivemq-platform-operator] [610c9a23] 01:04:46.244 [ReconcilerExecutor-hivemq-controller-113] DEBUG c.h.p.o.HiveMQPlatformReconciler - [helmplat] StatefulSet Spec (replicas: 1, init containers: 1, containers: 1, volumes: 3)
2025-01-29 01:04:46,246 INFO c.h.h.t.HelmChartContainer - [hivemq-test-hivemq-platform] [hivemq-platform-operator] [610c9a23] 01:04:46.245 [ReconcilerExecutor-hivemq-controller-113] DEBUG c.h.p.o.h.HiveMQPlatformReconcilerErrorHandler - [helmplat] Pod 'test-hivemq-platform-0' phase Running
2025-01-29 01:04:46,247 INFO c.h.h.t.HelmChartContainer - [hivemq-test-hivemq-platform] [hivemq-platform-operator] [610c9a23] 01:04:46.246 [ReconcilerExecutor-hivemq-controller-113] INFO  c.h.p.o.h.HiveMQPlatformReconcilerBaseHandler - [helmplat] HiveMQ Platform started successfully
2025-01-29 01:04:46,346 INFO c.h.h.t.HelmChartContainer - [hivemq-test-hivemq-platform] [hivemq-platform-operator] [610c9a23] 01:04:46.345 [ReconcilerExecutor-hivemq-controller-113] DEBUG c.h.p.operator.event.EventSender - [helmplat] Creating K8s event hivemq-platform-ready: [Ready] HiveMQ Platform is ready
2025-01-29 01:04:46,350 INFO c.h.h.t.HelmChartContainer - [EVENT] Normal [Ready] HiveMQ Platform is ready [helmplatforminstallit:test-hivemq-platform]
2025-01-29 01:04:46,351 INFO c.h.h.t.HelmChartContainer - [hivemq-test-hivemq-platform] [hivemq-platform-operator] [610c9a23] 01:04:46.350 [ReconcilerExecutor-hivemq-controller-113] INFO  c.h.p.o.h.AbstractHiveMQReconcilerStateHandler - [helmplat] Update HiveMQ Platform Status (STARTING [READY] -> RUNNING [READY]): HiveMQ Platform is ready
2025-01-29 01:04:46,359 DEBUG com.hivemq.helmcharts.util.K8sUtil - Comparing actual state 'RUNNING' and waiting for 'RUNNING'
2025-01-29 01:04:46,368 INFO c.h.h.t.HelmChartContainer - Uninstalling release 'test-hivemq-platform' in namespace 'helmplatforminstallit'...
2025-01-29 01:04:46,368 DEBUG c.h.h.t.HelmChartContainer - Executing helm command: /bin/helm --kubeconfig /etc/rancher/k3s/k3s.yaml uninstall test-hivemq-platform  --wait --timeout 5m0s --cascade foreground --namespace helmplatforminstallit
2025-01-29 01:04:46,410 INFO c.h.h.t.HelmChartContainer - [hivemq-test-hivemq-platform] [hivemq-platform-operator] [610c9a23] 01:04:46.408 [pool-6-thread-19] DEBUG c.h.p.o.d.PlatformServiceResource - [helmplat] Desired Platform services (3 services)
2025-01-29 01:04:46,411 INFO c.h.h.t.HelmChartContainer - [hivemq-test-hivemq-platform] [hivemq-platform-operator] [610c9a23] 01:04:46.409 [pool-6-thread-17] DEBUG c.h.p.o.dependants.PodInfoConfigMap - [helmplat] Desired PodInfo ConfigMap (1 extensions) (1 enabled)
2025-01-29 01:04:46,411 INFO c.h.h.t.HelmChartContainer - [hivemq-test-hivemq-platform] [hivemq-platform-operator] [610c9a23] 01:04:46.409 [pool-6-thread-17] DEBUG c.h.p.o.dependants.PodInfoConfigMap - [helmplat] Desired PodInfo ConfigMap (metrics port: 9399) (metrics path: /)
2025-01-29 01:04:46,411 INFO c.h.h.t.HelmChartContainer - [hivemq-test-hivemq-platform] [hivemq-platform-operator] [610c9a23] 01:04:46.409 [pool-6-thread-17] DEBUG c.h.p.o.dependants.PodInfoConfigMap - [helmplat] Desired PodInfo ConfigMap (extension state hash: -1817474005)
2025-01-29 01:04:46,411 INFO c.h.h.t.HelmChartContainer - [hivemq-test-hivemq-platform] [hivemq-platform-operator] [610c9a23] 01:04:46.409 [pool-6-thread-17] DEBUG c.h.p.o.dependants.PodInfoConfigMap - [helmplat] Update PodInfo ConfigMap
2025-01-29 01:04:46,450 INFO c.h.h.t.HelmChartContainer - [hivemq-test-hivemq-platform] [hivemq-platform-operator] [610c9a23] 01:04:46.443 [pool-6-thread-18] DEBUG c.h.p.o.d.PodServiceAccountResource - [helmplat] Desired PodServiceAccountResource (serviceAccountName: hivemq-platform-pod-test-hivemq-platform)
2025-01-29 01:04:46,456 INFO c.h.h.t.HelmChartContainer - [hivemq-test-hivemq-platform] [hivemq-platform-operator] [610c9a23] 01:04:46.455 [pool-6-thread-17] DEBUG c.h.p.o.d.StatefulSetResource - [helmplat] Desired StatefulSet (1 replicas) for status RUNNING (READY)
2025-01-29 01:04:46,463 INFO c.h.h.t.HelmChartContainer - [hivemq-test-hivemq-platform] [hivemq-platform-operator] [610c9a23] 01:04:46.461 [ReconcilerExecutor-hivemq-controller-114] INFO  c.h.p.o.HiveMQPlatformReconciler - [helmplat] Reconciling HiveMQ Platform 'test-hivemq-platform' in namespace 'helmplatforminstallit'
2025-01-29 01:04:46,463 INFO c.h.h.t.HelmChartContainer - [hivemq-test-hivemq-platform] [hivemq-platform-operator] [610c9a23] 01:04:46.461 [ReconcilerExecutor-hivemq-controller-114] DEBUG c.h.p.o.HiveMQPlatformReconciler - [helmplat] Custom Resource Status RUNNING - HiveMQ Platform is ready (READY)
2025-01-29 01:04:46,464 INFO c.h.h.t.HelmChartContainer - [hivemq-test-hivemq-platform] [hivemq-platform-operator] [610c9a23] 01:04:46.461 [ReconcilerExecutor-hivemq-controller-114] DEBUG c.h.p.o.HiveMQPlatformReconciler - [helmplat] Custom Resource Spec (replicas: 1) (extensions: 1)
2025-01-29 01:04:46,464 INFO c.h.h.t.HelmChartContainer - [hivemq-test-hivemq-platform] [hivemq-platform-operator] [610c9a23] 01:04:46.462 [ReconcilerExecutor-hivemq-controller-114] DEBUG c.h.p.o.HiveMQPlatformReconciler - [helmplat] StatefulSet Status (revision: test-hivemq-platform-6755f7497b, replicas: 1, available: 1, ready: 1, current: 1, updated: 1)
2025-01-29 01:04:46,464 INFO c.h.h.t.HelmChartContainer - [hivemq-test-hivemq-platform] [hivemq-platform-operator] [610c9a23] 01:04:46.462 [ReconcilerExecutor-hivemq-controller-114] DEBUG c.h.p.o.HiveMQPlatformReconciler - [helmplat] StatefulSet Spec (replicas: 1, init containers: 1, containers: 1, volumes: 3)
2025-01-29 01:04:46,510 INFO c.h.h.t.HelmChartContainer - [hivemq-test-hivemq-platform] [hivemq-platform-operator] [610c9a23] 01:04:46.509 [ReconcilerExecutor-hivemq-controller-114] DEBUG c.h.p.o.h.HiveMQPlatformReconcilerErrorHandler - [helmplat] Pod 'test-hivemq-platform-0' phase Running
2025-01-29 01:04:46,569 INFO c.h.h.t.HelmChartContainer - [hivemq-test-hivemq-platform] [hivemq-platform-operator] [610c9a23] 01:04:46.566 [pool-6-thread-23] DEBUG c.h.p.o.d.PlatformServiceResource - [helmplat] Desired Platform services (3 services)
2025-01-29 01:04:46,570 INFO c.h.h.t.HelmChartContainer - [hivemq-test-hivemq-platform] [hivemq-platform-operator] [610c9a23] 01:04:46.569 [pool-6-thread-24] DEBUG c.h.p.o.dependants.PodInfoConfigMap - [helmplat] Desired PodInfo ConfigMap (1 extensions) (1 enabled)
2025-01-29 01:04:46,570 INFO c.h.h.t.HelmChartContainer - [hivemq-test-hivemq-platform] [hivemq-platform-operator] [610c9a23] 01:04:46.569 [pool-6-thread-24] DEBUG c.h.p.o.dependants.PodInfoConfigMap - [helmplat] Desired PodInfo ConfigMap (metrics port: 9399) (metrics path: /)
2025-01-29 01:04:46,570 INFO c.h.h.t.HelmChartContainer - [hivemq-test-hivemq-platform] [hivemq-platform-operator] [610c9a23] 01:04:46.569 [pool-6-thread-24] DEBUG c.h.p.o.dependants.PodInfoConfigMap - [helmplat] Desired PodInfo ConfigMap (extension state hash: -1817474005)
2025-01-29 01:04:46,610 INFO c.h.h.t.HelmChartContainer - [hivemq-test-hivemq-platform] [hivemq-platform-operator] [610c9a23] 01:04:46.608 [pool-6-thread-26] DEBUG c.h.p.o.d.PodServiceAccountResource - [helmplat] Desired PodServiceAccountResource (serviceAccountName: hivemq-platform-pod-test-hivemq-platform)
2025-01-29 01:04:46,654 INFO c.h.h.t.HelmChartContainer - [hivemq-test-hivemq-platform] [hivemq-platform-operator] [610c9a23] 01:04:46.646 [pool-6-thread-23] DEBUG c.h.p.o.d.StatefulSetResource - [helmplat] Desired StatefulSet (1 replicas) for status RUNNING (READY)
2025-01-29 01:04:46,654 INFO c.h.h.t.HelmChartContainer - [hivemq-test-hivemq-platform] [hivemq-platform-operator] [610c9a23] 01:04:46.649 [pool-6-thread-23] DEBUG c.h.p.o.d.StatefulSetResource - [helmplat] Update StatefulSet (replicas: 1 -> 1)
2025-01-29 01:04:46,654 INFO c.h.h.t.HelmChartContainer - [hivemq-test-hivemq-platform] [hivemq-platform-operator] [610c9a23] 01:04:46.650 [pool-6-thread-23] DEBUG c.h.p.o.d.StatefulSetResource - [helmplat] Detected change in StatefulSet specification (path: /template/metadata/annotations/kubernetes-resource-versions) (actual value: {broker-configuration-v2=-2089688360}) (target value: {broker-configuration-v2=0})
2025-01-29 01:04:46,654 INFO c.h.h.t.HelmChartContainer - [hivemq-test-hivemq-platform] [hivemq-platform-operator] [610c9a23] 01:04:46.650 [pool-6-thread-23] INFO  c.h.p.o.d.StatefulSetResource - [helmplat] StatefulSet spec was updated, triggering rolling restart
2025-01-29 01:04:46,723 INFO c.h.h.t.HelmChartContainer - [K3S] [authentication.go:74] "Unable to authenticate the request" err="[invalid bearer token, serviceaccounts \"hivemq-platform-pod-test-hivemq-platform\" not found]"
2025-01-29 01:04:46,741 INFO c.h.h.t.HelmChartContainer - [K3S] [authentication.go:74] "Unable to authenticate the request" err="[invalid bearer token, serviceaccounts \"hivemq-platform-pod-test-hivemq-platform\" not found]"
2025-01-29 01:04:46,757 INFO c.h.h.t.HelmChartContainer - [hivemq-test-hivemq-platform] [hivemq-platform-operator] [610c9a23] 01:04:46.756 [ReconcilerExecutor-hivemq-controller-115] INFO  c.h.p.o.HiveMQPlatformReconciler - [helmplat] Reconciling HiveMQ Platform 'test-hivemq-platform' in namespace 'helmplatforminstallit'
2025-01-29 01:04:46,758 INFO c.h.h.t.HelmChartContainer - [hivemq-test-hivemq-platform] [hivemq-platform-operator] [610c9a23] 01:04:46.757 [ReconcilerExecutor-hivemq-controller-115] DEBUG c.h.p.o.HiveMQPlatformReconciler - [helmplat] Custom Resource Status RUNNING - HiveMQ Platform is ready (READY) (reconciliation requests: ROLLING_RESTART, REQUESTS_UPDATED)
2025-01-29 01:04:46,759 INFO c.h.h.t.HelmChartContainer - [hivemq-test-hivemq-platform] [hivemq-platform-operator] [610c9a23] 01:04:46.757 [ReconcilerExecutor-hivemq-controller-115] DEBUG c.h.p.o.HiveMQPlatformReconciler - [helmplat] Custom Resource Spec (replicas: 1) (extensions: 1)
2025-01-29 01:04:46,813 INFO c.h.h.t.HelmChartContainer - [hivemq-test-hivemq-platform] [hivemq-platform-operator] [610c9a23] 01:04:46.809 [ReconcilerExecutor-hivemq-controller-115] WARN  c.h.p.o.h.HiveMQPlatformReconcilerErrorHandler - [helmplat] Could not find ConfigMap 'hivemq-configuration-test-hivemq-platform' for HiveMQ Platform configuration
2025-01-29 01:04:46,818 INFO c.h.h.t.HelmChartContainer - [test-hivemq-platform] [hivemq] [118fe3de] WARN  - [HiveMQ Platform Operator Init App 1.7.0-SNAPSHOT] Could not update Pod annotations: Failure executing: GET at: https://10.43.0.1:443/api/v1/namespaces/helmplatforminstallit/pods/test-hivemq-platform-0. Message: Unauthorized. Received status: Status(apiVersion=v1, code=401, details=null, kind=Status, message=Unauthorized, metadata=ListMeta(_continue=null, remainingItemCount=null, resourceVersion=null, selfLink=null, additionalProperties={}), reason=Unauthorized, status=Failure, additionalProperties={}).
2025-01-29 01:04:46,856 INFO c.h.h.t.HelmChartContainer - [hivemq-test-hivemq-platform] [hivemq-platform-operator] [610c9a23] 01:04:46.855 [ReconcilerExecutor-hivemq-controller-115] DEBUG c.h.p.operator.event.EventSender - [helmplat] Creating K8s event hivemq-platform-invalid-configuration: [Start] Could not find ConfigMap 'hivemq-configuration-test-hivemq-platform' for HiveMQ Platform configuration
2025-01-29 01:04:46,859 INFO c.h.h.t.HelmChartContainer - [EVENT] Warning [Start] Could not find ConfigMap 'hivemq-configuration-test-hivemq-platform' for HiveMQ Platform configuration [helmplatforminstallit:test-hivemq-platform]
2025-01-29 01:04:46,860 INFO c.h.h.t.HelmChartContainer - [hivemq-test-hivemq-platform] [hivemq-platform-operator] [610c9a23] 01:04:46.859 [ReconcilerExecutor-hivemq-controller-115] INFO  c.h.p.o.h.AbstractHiveMQReconcilerStateHandler - [helmplat] Update HiveMQ Platform Status (RUNNING [READY] -> ERROR [INVALID_CONFIG_MAP]): Could not find ConfigMap 'hivemq-configuration-test-hivemq-platform' for HiveMQ Platform configuration (reconciliation requests: ROLLING_RESTART)
2025-01-29 01:04:46,945 INFO c.h.h.t.HelmChartContainer - [hivemq-test-hivemq-platform] [hivemq-platform-operator] [610c9a23] 01:04:46.914 [ReconcilerExecutor-hivemq-controller-115] ERROR i.j.o.p.event.EventProcessor - Error during event processing ExecutionScope{ resource id: ResourceID{name='test-hivemq-platform', namespace='helmplatforminstallit'}, version: 1503}
2025-01-29 01:04:46,945 INFO c.h.h.t.HelmChartContainer - [hivemq-test-hivemq-platform] [hivemq-platform-operator] [610c9a23] io.fabric8.kubernetes.client.KubernetesClientException: Failure executing: PUT at: https://10.43.0.1:443/apis/hivemq.com/v1/namespaces/helmplatforminstallit/hivemq-platforms/test-hivemq-platform/status. Message: Operation cannot be fulfilled on hivemq-platforms.hivemq.com "test-hivemq-platform": the object has been modified; please apply your changes to the latest version and try again. Received status: Status(apiVersion=v1, code=409, details=StatusDetails(causes=[], group=hivemq.com, kind=hivemq-platforms, name=test-hivemq-platform, retryAfterSeconds=null, uid=null, additionalProperties={}), kind=Status, message=Operation cannot be fulfilled on hivemq-platforms.hivemq.com "test-hivemq-platform": the object has been modified; please apply your changes to the latest version and try again, metadata=ListMeta(_continue=null, remainingItemCount=null, resourceVersion=null, selfLink=null, additionalProperties={}), reason=Conflict, status=Failure, additionalProperties={}).
2025-01-29 01:04:46,945 INFO c.h.h.t.HelmChartContainer - [hivemq-test-hivemq-platform] [hivemq-platform-operator] [610c9a23] 	at io.fabric8.kubernetes.client.KubernetesClientException.copyAsCause(KubernetesClientException.java:238)
2025-01-29 01:04:46,945 INFO c.h.h.t.HelmChartContainer - [hivemq-test-hivemq-platform] [hivemq-platform-operator] [610c9a23] 	at io.fabric8.kubernetes.client.dsl.internal.OperationSupport.waitForResult(OperationSupport.java:507)
2025-01-29 01:04:46,945 INFO c.h.h.t.HelmChartContainer - [hivemq-test-hivemq-platform] [hivemq-platform-operator] [610c9a23] 	at io.fabric8.kubernetes.client.dsl.internal.OperationSupport.handleResponse(OperationSupport.java:524)
2025-01-29 01:04:46,945 INFO c.h.h.t.HelmChartContainer - [hivemq-test-hivemq-platform] [hivemq-platform-operator] [610c9a23] 	at io.fabric8.kubernetes.client.dsl.internal.OperationSupport.handleUpdate(OperationSupport.java:358)
2025-01-29 01:04:46,945 INFO c.h.h.t.HelmChartContainer - [hivemq-test-hivemq-platform] [hivemq-platform-operator] [610c9a23] 	at io.fabric8.kubernetes.client.dsl.internal.BaseOperation.handleUpdate(BaseOperation.java:759)
2025-01-29 01:04:46,945 INFO c.h.h.t.HelmChartContainer - [hivemq-test-hivemq-platform] [hivemq-platform-operator] [610c9a23] 	at io.fabric8.kubernetes.client.dsl.internal.HasMetadataOperation.update(HasMetadataOperation.java:138)
2025-01-29 01:04:46,945 INFO c.h.h.t.HelmChartContainer - [hivemq-test-hivemq-platform] [hivemq-platform-operator] [610c9a23] 	at io.fabric8.kubernetes.client.dsl.internal.HasMetadataOperation.update(HasMetadataOperation.java:121)
2025-01-29 01:04:46,945 INFO c.h.h.t.HelmChartContainer - [hivemq-test-hivemq-platform] [hivemq-platform-operator] [610c9a23] 	at io.fabric8.kubernetes.client.dsl.internal.HasMetadataOperation.updateStatus(HasMetadataOperation.java:126)
2025-01-29 01:04:46,945 INFO c.h.h.t.HelmChartContainer - [hivemq-test-hivemq-platform] [hivemq-platform-operator] [610c9a23] 	at io.fabric8.kubernetes.client.dsl.internal.HasMetadataOperation.updateStatus(HasMetadataOperation.java:44)
2025-01-29 01:04:46,945 INFO c.h.h.t.HelmChartContainer - [hivemq-test-hivemq-platform] [hivemq-platform-operator] [610c9a23] 	at io.javaoperatorsdk.operator.processing.event.ReconciliationDispatcher$CustomResourceFacade.updateStatus(ReconciliationDispatcher.java:408)
2025-01-29 01:04:46,945 INFO c.h.h.t.HelmChartContainer - [hivemq-test-hivemq-platform] [hivemq-platform-operator] [610c9a23] 	at io.javaoperatorsdk.operator.processing.event.ReconciliationDispatcher.updateStatusGenerationAware(ReconciliationDispatcher.java:228)
2025-01-29 01:04:46,945 INFO c.h.h.t.HelmChartContainer - [hivemq-test-hivemq-platform] [hivemq-platform-operator] [610c9a23] 	at io.javaoperatorsdk.operator.processing.event.ReconciliationDispatcher.reconcileExecution(ReconciliationDispatcher.java:150)
2025-01-29 01:04:46,945 INFO c.h.h.t.HelmChartContainer - [hivemq-test-hivemq-platform] [hivemq-platform-operator] [610c9a23] 	at io.javaoperatorsdk.operator.processing.event.ReconciliationDispatcher.handleReconcile(ReconciliationDispatcher.java:117)
2025-01-29 01:04:46,945 INFO c.h.h.t.HelmChartContainer - [hivemq-test-hivemq-platform] [hivemq-platform-operator] [610c9a23] 	at io.javaoperatorsdk.operator.processing.event.ReconciliationDispatcher.handleDispatch(ReconciliationDispatcher.java:91)
2025-01-29 01:04:46,945 INFO c.h.h.t.HelmChartContainer - [hivemq-test-hivemq-platform] [hivemq-platform-operator] [610c9a23] 	at io.javaoperatorsdk.operator.processing.event.ReconciliationDispatcher.handleExecution(ReconciliationDispatcher.java:64)
2025-01-29 01:04:46,945 INFO c.h.h.t.HelmChartContainer - [hivemq-test-hivemq-platform] [hivemq-platform-operator] [610c9a23] 	at io.javaoperatorsdk.operator.processing.event.EventProcessor$ReconcilerExecutor.run(EventProcessor.java:452)
2025-01-29 01:04:46,945 INFO c.h.h.t.HelmChartContainer - [hivemq-test-hivemq-platform] [hivemq-platform-operator] [610c9a23] 	at java.base/java.util.concurrent.ThreadPoolExecutor.runWorker(Unknown Source)
2025-01-29 01:04:46,945 INFO c.h.h.t.HelmChartContainer - [hivemq-test-hivemq-platform] [hivemq-platform-operator] [610c9a23] 	at java.base/java.util.concurrent.ThreadPoolExecutor$Worker.run(Unknown Source)
2025-01-29 01:04:46,945 INFO c.h.h.t.HelmChartContainer - [hivemq-test-hivemq-platform] [hivemq-platform-operator] [610c9a23] 	at java.base/java.lang.Thread.run(Unknown Source)
2025-01-29 01:04:46,947 INFO c.h.h.t.HelmChartContainer - [hivemq-test-hivemq-platform] [hivemq-platform-operator] [610c9a23] Caused by: io.fabric8.kubernetes.client.KubernetesClientException: Failure executing: PUT at: https://10.43.0.1:443/apis/hivemq.com/v1/namespaces/helmplatforminstallit/hivemq-platforms/test-hivemq-platform/status. Message: Operation cannot be fulfilled on hivemq-platforms.hivemq.com "test-hivemq-platform": the object has been modified; please apply your changes to the latest version and try again. Received status: Status(apiVersion=v1, code=409, details=StatusDetails(causes=[], group=hivemq.com, kind=hivemq-platforms, name=test-hivemq-platform, retryAfterSeconds=null, uid=null, additionalProperties={}), kind=Status, message=Operation cannot be fulfilled on hivemq-platforms.hivemq.com "test-hivemq-platform": the object has been modified; please apply your changes to the latest version and try again, metadata=ListMeta(_continue=null, remainingItemCount=null, resourceVersion=null, selfLink=null, additionalProperties={}), reason=Conflict, status=Failure, additionalProperties={}).
2025-01-29 01:04:46,947 INFO c.h.h.t.HelmChartContainer - [hivemq-test-hivemq-platform] [hivemq-platform-operator] [610c9a23] 	at io.fabric8.kubernetes.client.dsl.internal.OperationSupport.requestFailure(OperationSupport.java:660)
2025-01-29 01:04:46,947 INFO c.h.h.t.HelmChartContainer - [hivemq-test-hivemq-platform] [hivemq-platform-operator] [610c9a23] 	at io.fabric8.kubernetes.client.dsl.internal.OperationSupport.requestFailure(OperationSupport.java:640)
2025-01-29 01:04:46,947 INFO c.h.h.t.HelmChartContainer - [hivemq-test-hivemq-platform] [hivemq-platform-operator] [610c9a23] 	at io.fabric8.kubernetes.client.dsl.internal.OperationSupport.assertResponseCode(OperationSupport.java:589)
2025-01-29 01:04:46,947 INFO c.h.h.t.HelmChartContainer - [hivemq-test-hivemq-platform] [hivemq-platform-operator] [610c9a23] 	at io.fabric8.kubernetes.client.dsl.internal.OperationSupport.lambda$handleResponse$0(OperationSupport.java:549)
2025-01-29 01:04:46,947 INFO c.h.h.t.HelmChartContainer - [hivemq-test-hivemq-platform] [hivemq-platform-operator] [610c9a23] 	at java.base/java.util.concurrent.CompletableFuture$UniApply.tryFire(Unknown Source)
2025-01-29 01:04:46,947 INFO c.h.h.t.HelmChartContainer - [hivemq-test-hivemq-platform] [hivemq-platform-operator] [610c9a23] 	at java.base/java.util.concurrent.CompletableFuture.postComplete(Unknown Source)
2025-01-29 01:04:46,947 INFO c.h.h.t.HelmChartContainer - [hivemq-test-hivemq-platform] [hivemq-platform-operator] [610c9a23] 	at java.base/java.util.concurrent.CompletableFuture.complete(Unknown Source)
2025-01-29 01:04:46,947 INFO c.h.h.t.HelmChartContainer - [hivemq-test-hivemq-platform] [hivemq-platform-operator] [610c9a23] 	at io.fabric8.kubernetes.client.http.StandardHttpClient.lambda$completeOrCancel$10(StandardHttpClient.java:141)
2025-01-29 01:04:46,947 INFO c.h.h.t.HelmChartContainer - [hivemq-test-hivemq-platform] [hivemq-platform-operator] [610c9a23] 	at java.base/java.util.concurrent.CompletableFuture.uniWhenComplete(Unknown Source)
2025-01-29 01:04:46,947 INFO c.h.h.t.HelmChartContainer - [hivemq-test-hivemq-platform] [hivemq-platform-operator] [610c9a23] 	at java.base/java.util.concurrent.CompletableFuture$UniWhenComplete.tryFire(Unknown Source)
2025-01-29 01:04:46,947 INFO c.h.h.t.HelmChartContainer - [hivemq-test-hivemq-platform] [hivemq-platform-operator] [610c9a23] 	at java.base/java.util.concurrent.CompletableFuture.postComplete(Unknown Source)
2025-01-29 01:04:46,947 INFO c.h.h.t.HelmChartContainer - [hivemq-test-hivemq-platform] [hivemq-platform-operator] [610c9a23] 	at java.base/java.util.concurrent.CompletableFuture.complete(Unknown Source)
2025-01-29 01:04:46,947 INFO c.h.h.t.HelmChartContainer - [hivemq-test-hivemq-platform] [hivemq-platform-operator] [610c9a23] 	at io.fabric8.kubernetes.client.http.ByteArrayBodyHandler.onBodyDone(ByteArrayBodyHandler.java:51)
2025-01-29 01:04:46,947 INFO c.h.h.t.HelmChartContainer - [hivemq-test-hivemq-platform] [hivemq-platform-operator] [610c9a23] 	at java.base/java.util.concurrent.CompletableFuture.uniWhenComplete(Unknown Source)
2025-01-29 01:04:46,947 INFO c.h.h.t.HelmChartContainer - [hivemq-test-hivemq-platform] [hivemq-platform-operator] [610c9a23] 	at java.base/java.util.concurrent.CompletableFuture$UniWhenComplete.tryFire(Unknown Source)
2025-01-29 01:04:46,947 INFO c.h.h.t.HelmChartContainer - [hivemq-test-hivemq-platform] [hivemq-platform-operator] [610c9a23] 	at java.base/java.util.concurrent.CompletableFuture.postComplete(Unknown Source)
2025-01-29 01:04:46,947 INFO c.h.h.t.HelmChartContainer - [hivemq-test-hivemq-platform] [hivemq-platform-operator] [610c9a23] 	at java.base/java.util.concurrent.CompletableFuture.complete(Unknown Source)
2025-01-29 01:04:46,947 INFO c.h.h.t.HelmChartContainer - [hivemq-test-hivemq-platform] [hivemq-platform-operator] [610c9a23] 	at io.fabric8.kubernetes.client.vertx.VertxHttpRequest.lambda$null$1(VertxHttpRequest.java:121)
2025-01-29 01:04:46,947 INFO c.h.h.t.HelmChartContainer - [hivemq-test-hivemq-platform] [hivemq-platform-operator] [610c9a23] 	at io.vertx.core.impl.ContextInternal.dispatch(ContextInternal.java:279)
2025-01-29 01:04:46,947 INFO c.h.h.t.HelmChartContainer - [hivemq-test-hivemq-platform] [hivemq-platform-operator] [610c9a23] 	at io.vertx.core.impl.ContextInternal.dispatch(ContextInternal.java:261)
2025-01-29 01:04:46,947 INFO c.h.h.t.HelmChartContainer - [hivemq-test-hivemq-platform] [hivemq-platform-operator] [610c9a23] 	at io.vertx.core.http.impl.HttpEventHandler.handleEnd(HttpEventHandler.java:76)
2025-01-29 01:04:46,947 INFO c.h.h.t.HelmChartContainer - [hivemq-test-hivemq-platform] [hivemq-platform-operator] [610c9a23] 	at io.vertx.core.http.impl.HttpClientResponseImpl.handleEnd(HttpClientResponseImpl.java:250)
2025-01-29 01:04:46,947 INFO c.h.h.t.HelmChartContainer - [hivemq-test-hivemq-platform] [hivemq-platform-operator] [610c9a23] 	at io.vertx.core.http.impl.Http1xClientConnection$StreamImpl.lambda$new$0(Http1xClientConnection.java:421)
2025-01-29 01:04:46,947 INFO c.h.h.t.HelmChartContainer - [hivemq-test-hivemq-platform] [hivemq-platform-operator] [610c9a23] 	at io.vertx.core.streams.impl.InboundBuffer.handleEvent(InboundBuffer.java:279)
2025-01-29 01:04:46,948 INFO c.h.h.t.HelmChartContainer - [hivemq-test-hivemq-platform] [hivemq-platform-operator] [610c9a23] 	at io.vertx.core.streams.impl.InboundBuffer.write(InboundBuffer.java:157)
2025-01-29 01:04:46,948 INFO c.h.h.t.HelmChartContainer - [hivemq-test-hivemq-platform] [hivemq-platform-operator] [610c9a23] 	at io.vertx.core.http.impl.Http1xClientConnection$StreamImpl.handleEnd(Http1xClientConnection.java:709)
2025-01-29 01:04:46,948 INFO c.h.h.t.HelmChartContainer - [hivemq-test-hivemq-platform] [hivemq-platform-operator] [610c9a23] 	at io.vertx.core.impl.ContextImpl.execute(ContextImpl.java:313)
2025-01-29 01:04:46,948 INFO c.h.h.t.HelmChartContainer - [hivemq-test-hivemq-platform] [hivemq-platform-operator] [610c9a23] 	at io.vertx.core.impl.ContextImpl.execute(ContextImpl.java:293)
2025-01-29 01:04:46,948 INFO c.h.h.t.HelmChartContainer - [hivemq-test-hivemq-platform] [hivemq-platform-operator] [610c9a23] 	at io.vertx.core.http.impl.Http1xClientConnection.handleResponseEnd(Http1xClientConnection.java:940)
2025-01-29 01:04:46,948 INFO c.h.h.t.HelmChartContainer - [hivemq-test-hivemq-platform] [hivemq-platform-operator] [610c9a23] 	at io.vertx.core.http.impl.Http1xClientConnection.handleHttpMessage(Http1xClientConnection.java:810)
2025-01-29 01:04:46,948 INFO c.h.h.t.HelmChartContainer - [hivemq-test-hivemq-platform] [hivemq-platform-operator] [610c9a23] 	at io.vertx.core.http.impl.Http1xClientConnection.handleMessage(Http1xClientConnection.java:774)
2025-01-29 01:04:46,948 INFO c.h.h.t.HelmChartContainer - [hivemq-test-hivemq-platform] [hivemq-platform-operator] [610c9a23] 	at io.vertx.core.net.impl.ConnectionBase.read(ConnectionBase.java:159)
2025-01-29 01:04:46,948 INFO c.h.h.t.HelmChartContainer - [hivemq-test-hivemq-platform] [hivemq-platform-operator] [610c9a23] 	at io.vertx.core.net.impl.VertxHandler.channelRead(VertxHandler.java:153)
2025-01-29 01:04:46,948 INFO c.h.h.t.HelmChartContainer - [hivemq-test-hivemq-platform] [hivemq-platform-operator] [610c9a23] 	at io.netty.channel.AbstractChannelHandlerContext.invokeChannelRead(AbstractChannelHandlerContext.java:442)
2025-01-29 01:04:46,948 INFO c.h.h.t.HelmChartContainer - [hivemq-test-hivemq-platform] [hivemq-platform-operator] [610c9a23] 	at io.netty.channel.AbstractChannelHandlerContext.invokeChannelRead(AbstractChannelHandlerContext.java:420)
2025-01-29 01:04:46,948 INFO c.h.h.t.HelmChartContainer - [hivemq-test-hivemq-platform] [hivemq-platform-operator] [610c9a23] 	at io.netty.channel.AbstractChannelHandlerContext.fireChannelRead(AbstractChannelHandlerContext.java:412)
2025-01-29 01:04:46,948 INFO c.h.h.t.HelmChartContainer - [hivemq-test-hivemq-platform] [hivemq-platform-operator] [610c9a23] 	at io.netty.channel.CombinedChannelDuplexHandler$DelegatingChannelHandlerContext.fireChannelRead(CombinedChannelDuplexHandler.java:436)
2025-01-29 01:04:46,948 INFO c.h.h.t.HelmChartContainer - [hivemq-test-hivemq-platform] [hivemq-platform-operator] [610c9a23] 	at io.netty.handler.codec.ByteToMessageDecoder.fireChannelRead(ByteToMessageDecoder.java:346)
2025-01-29 01:04:46,948 INFO c.h.h.t.HelmChartContainer - [hivemq-test-hivemq-platform] [hivemq-platform-operator] [610c9a23] 	at io.netty.handler.codec.ByteToMessageDecoder.channelRead(ByteToMessageDecoder.java:318)
2025-01-29 01:04:46,948 INFO c.h.h.t.HelmChartContainer - [hivemq-test-hivemq-platform] [hivemq-platform-operator] [610c9a23] 	at io.netty.channel.CombinedChannelDuplexHandler.channelRead(CombinedChannelDuplexHandler.java:251)
2025-01-29 01:04:46,948 INFO c.h.h.t.HelmChartContainer - [hivemq-test-hivemq-platform] [hivemq-platform-operator] [610c9a23] 	at io.netty.channel.AbstractChannelHandlerContext.invokeChannelRead(AbstractChannelHandlerContext.java:442)
2025-01-29 01:04:46,948 INFO c.h.h.t.HelmChartContainer - [hivemq-test-hivemq-platform] [hivemq-platform-operator] [610c9a23] 	at io.netty.channel.AbstractChannelHandlerContext.invokeChannelRead(AbstractChannelHandlerContext.java:420)
2025-01-29 01:04:46,948 INFO c.h.h.t.HelmChartContainer - [hivemq-test-hivemq-platform] [hivemq-platform-operator] [610c9a23] 	at io.netty.channel.AbstractChannelHandlerContext.fireChannelRead(AbstractChannelHandlerContext.java:412)
2025-01-29 01:04:46,948 INFO c.h.h.t.HelmChartContainer - [hivemq-test-hivemq-platform] [hivemq-platform-operator] [610c9a23] 	at io.netty.handler.ssl.SslHandler.unwrap(SslHandler.java:1475)
2025-01-29 01:04:46,948 INFO c.h.h.t.HelmChartContainer - [hivemq-test-hivemq-platform] [hivemq-platform-operator] [610c9a23] 	at io.netty.handler.ssl.SslHandler.decodeJdkCompatible(SslHandler.java:1338)
2025-01-29 01:04:46,949 INFO c.h.h.t.HelmChartContainer - [hivemq-test-hivemq-platform] [hivemq-platform-operator] [610c9a23] 	at io.netty.handler.ssl.SslHandler.decode(SslHandler.java:1387)
2025-01-29 01:04:46,949 INFO c.h.h.t.HelmChartContainer - [hivemq-test-hivemq-platform] [hivemq-platform-operator] [610c9a23] 	at io.netty.handler.codec.ByteToMessageDecoder.decodeRemovalReentryProtection(ByteToMessageDecoder.java:530)
2025-01-29 01:04:46,949 INFO c.h.h.t.HelmChartContainer - [hivemq-test-hivemq-platform] [hivemq-platform-operator] [610c9a23] 	at io.netty.handler.codec.ByteToMessageDecoder.callDecode(ByteToMessageDecoder.java:469)
2025-01-29 01:04:46,949 INFO c.h.h.t.HelmChartContainer - [hivemq-test-hivemq-platform] [hivemq-platform-operator] [610c9a23] 	at io.netty.handler.codec.ByteToMessageDecoder.channelRead(ByteToMessageDecoder.java:290)
2025-01-29 01:04:46,949 INFO c.h.h.t.HelmChartContainer - [hivemq-test-hivemq-platform] [hivemq-platform-operator] [610c9a23] 	at io.netty.channel.AbstractChannelHandlerContext.invokeChannelRead(AbstractChannelHandlerContext.java:444)
2025-01-29 01:04:46,949 INFO c.h.h.t.HelmChartContainer - [hivemq-test-hivemq-platform] [hivemq-platform-operator] [610c9a23] 	at io.netty.channel.AbstractChannelHandlerContext.invokeChannelRead(AbstractChannelHandlerContext.java:420)
2025-01-29 01:04:46,949 INFO c.h.h.t.HelmChartContainer - [hivemq-test-hivemq-platform] [hivemq-platform-operator] [610c9a23] 	at io.netty.channel.AbstractChannelHandlerContext.fireChannelRead(AbstractChannelHandlerContext.java:412)
2025-01-29 01:04:46,949 INFO c.h.h.t.HelmChartContainer - [hivemq-test-hivemq-platform] [hivemq-platform-operator] [610c9a23] 	at io.netty.channel.DefaultChannelPipeline$HeadContext.channelRead(DefaultChannelPipeline.java:1407)
2025-01-29 01:04:46,949 INFO c.h.h.t.HelmChartContainer - [hivemq-test-hivemq-platform] [hivemq-platform-operator] [610c9a23] 	at io.netty.channel.AbstractChannelHandlerContext.invokeChannelRead(AbstractChannelHandlerContext.java:440)
2025-01-29 01:04:46,949 INFO c.h.h.t.HelmChartContainer - [hivemq-test-hivemq-platform] [hivemq-platform-operator] [610c9a23] 	at io.netty.channel.AbstractChannelHandlerContext.invokeChannelRead(AbstractChannelHandlerContext.java:420)
2025-01-29 01:04:46,949 INFO c.h.h.t.HelmChartContainer - [hivemq-test-hivemq-platform] [hivemq-platform-operator] [610c9a23] 	at io.netty.channel.DefaultChannelPipeline.fireChannelRead(DefaultChannelPipeline.java:918)
2025-01-29 01:04:46,949 INFO c.h.h.t.HelmChartContainer - [hivemq-test-hivemq-platform] [hivemq-platform-operator] [610c9a23] 	at io.netty.channel.nio.AbstractNioByteChannel$NioByteUnsafe.read(AbstractNioByteChannel.java:166)
2025-01-29 01:04:46,949 INFO c.h.h.t.HelmChartContainer - [hivemq-test-hivemq-platform] [hivemq-platform-operator] [610c9a23] 	at io.netty.channel.nio.NioEventLoop.processSelectedKey(NioEventLoop.java:788)
2025-01-29 01:04:46,949 INFO c.h.h.t.HelmChartContainer - [hivemq-test-hivemq-platform] [hivemq-platform-operator] [610c9a23] 	at io.netty.channel.nio.NioEventLoop.processSelectedKeysOptimized(NioEventLoop.java:724)
2025-01-29 01:04:46,949 INFO c.h.h.t.HelmChartContainer - [hivemq-test-hivemq-platform] [hivemq-platform-operator] [610c9a23] 	at io.netty.channel.nio.NioEventLoop.processSelectedKeys(NioEventLoop.java:650)
2025-01-29 01:04:46,949 INFO c.h.h.t.HelmChartContainer - [hivemq-test-hivemq-platform] [hivemq-platform-operator] [610c9a23] 	at io.netty.channel.nio.NioEventLoop.run(NioEventLoop.java:562)
2025-01-29 01:04:46,949 INFO c.h.h.t.HelmChartContainer - [hivemq-test-hivemq-platform] [hivemq-platform-operator] [610c9a23] 	at io.netty.util.concurrent.SingleThreadEventExecutor$4.run(SingleThreadEventExecutor.java:997)
2025-01-29 01:04:46,949 INFO c.h.h.t.HelmChartContainer - [hivemq-test-hivemq-platform] [hivemq-platform-operator] [610c9a23] 	at io.netty.util.internal.ThreadExecutorMap$2.run(ThreadExecutorMap.java:74)
2025-01-29 01:04:46,949 INFO c.h.h.t.HelmChartContainer - [hivemq-test-hivemq-platform] [hivemq-platform-operator] [610c9a23] 	at io.netty.util.concurrent.FastThreadLocalRunnable.run(FastThreadLocalRunnable.java:30)
2025-01-29 01:04:46,949 INFO c.h.h.t.HelmChartContainer - [hivemq-test-hivemq-platform] [hivemq-platform-operator] [610c9a23] 	... 1 common frames omitted
2025-01-29 01:04:46,950 INFO c.h.h.t.HelmChartContainer - [hivemq-test-hivemq-platform] [hivemq-platform-operator] [610c9a23] 01:04:46.949 [ReconcilerExecutor-hivemq-controller-120] INFO  c.h.p.o.HiveMQPlatformReconciler - [helmplat] Cleanup test-hivemq-platform - helmplatforminstallit HiveMQ Platform is shut down
2025-01-29 01:04:47,296 INFO c.h.h.t.HelmChartContainer - [POD] test-hivemq-platform-0 [118fe3de-0c54-4a81-9dd3-92cccf0dc583] in helmplatforminstallit was MODIFIED
2025-01-29 01:04:47,310 INFO c.h.h.t.HelmChartContainer - [EVENT] Normal [Killing] Stopping container hivemq [helmplatforminstallit:test-hivemq-platform-0]
2025-01-29 01:04:47,310 INFO c.h.h.t.HelmChartContainer - Received Killing event for container hivemq in pod test-hivemq-platform-0 [118fe3de-0c54-4a81-9dd3-92cccf0dc583]
2025-01-29 01:04:47,310 INFO c.h.h.t.HelmChartContainer - Container [test-hivemq-platform-0] [hivemq] [118fe3de-0c54-4a81-9dd3-92cccf0dc583] was terminated
2025-01-29 01:04:47,310 INFO c.h.h.t.HelmChartContainer - Stopped log watcher for hivemq in pod test-hivemq-platform-0 [118fe3de-0c54-4a81-9dd3-92cccf0dc583]
2025-01-29 01:04:47,313 INFO c.h.h.t.HelmChartContainer - [test-hivemq-platform] [hivemq] [118fe3de] INFO  - [HiveMQ Platform Operator Init App 1.7.0-SNAPSHOT] Shutting down
2025-01-29 01:04:47,313 INFO c.h.h.t.HelmChartContainer - [test-hivemq-platform] [hivemq] [118fe3de] INFO  - [HiveMQ Platform Operator Init App 1.7.0-SNAPSHOT] Stopping the HiveMQ Platform
2025-01-29 01:04:47,417 INFO c.h.h.t.HelmChartContainer - [test-hivemq-platform] [hivemq] [118fe3de] INFO  - Shutting down HiveMQ. Please wait, this could take a while...
2025-01-29 01:04:47,421 INFO c.h.h.t.HelmChartContainer - [test-hivemq-platform] [hivemq] [118fe3de] INFO  - Shutting down listeners and clients
2025-01-29 01:04:47,422 INFO c.h.h.t.HelmChartContainer - [test-hivemq-platform] [hivemq] [118fe3de] INFO  - Shutdown of listeners is done
2025-01-29 01:04:47,423 INFO c.h.h.t.HelmChartContainer - [test-hivemq-platform] [hivemq] [118fe3de] INFO  - No clients are connected, proceeding with shutdown
2025-01-29 01:04:48,623 INFO c.h.h.t.HelmChartContainer - Deleting namespace 'helmplatforminstallit'...
2025-01-29 01:04:49,915 INFO c.h.h.t.HelmChartContainer - [test-hivemq-platform] [hivemq] [118fe3de] INFO  - Shutting down extension system
2025-01-29 01:04:49,917 INFO c.h.h.t.HelmChartContainer - [test-hivemq-platform] [hivemq] [118fe3de] INFO  - Stopping extension with id hivemq-dns-cluster-discovery
2025-01-29 01:04:49,918 INFO c.h.h.t.HelmChartContainer - [test-hivemq-platform] [hivemq] [118fe3de] INFO  - Extension "DNS Cluster Discovery Extension" version 4.3.2 stopped successfully.
2025-01-29 01:04:49,919 INFO c.h.h.t.HelmChartContainer - [test-hivemq-platform] [hivemq] [118fe3de] INFO  - Stopping extension with id hivemq-prometheus-extension
2025-01-29 01:04:49,923 INFO c.h.h.t.HelmChartContainer - [test-hivemq-platform] [hivemq] [118fe3de] INFO  - Extension "Prometheus Monitoring Extension" version 4.0.12 stopped successfully.
2025-01-29 01:04:49,923 INFO c.h.h.t.HelmChartContainer - [test-hivemq-platform] [hivemq] [118fe3de] INFO  - Stopping extension with id hivemq-allow-all-extension
2025-01-29 01:04:49,923 INFO c.h.h.t.HelmChartContainer - [test-hivemq-platform] [hivemq] [118fe3de] INFO  - Extension "Allow All Extension" version 1.1.1 stopped successfully.
2025-01-29 01:04:51,122 INFO c.h.h.t.HelmChartContainer - [test-hivemq-platform] [hivemq] [118fe3de] INFO  - [HiveMQ Platform Operator Init App 1.7.0-SNAPSHOT] Returning shutdown Health API response 503 for readiness
2025-01-29 01:04:51,126 INFO c.h.h.t.HelmChartContainer - [EVENT] Warning [Unhealthy] Readiness probe failed: HTTP probe failed with statuscode: 503 [helmplatforminstallit:test-hivemq-platform-0]
2025-01-29 01:04:51,126 INFO c.h.h.t.HelmChartContainer - Received Unhealthy event for container hivemq in pod test-hivemq-platform-0 [118fe3de-0c54-4a81-9dd3-92cccf0dc583]
2025-01-29 01:04:51,822 INFO c.h.h.t.HelmChartContainer - [K3S] [authentication.go:74] "Unable to authenticate the request" err="[invalid bearer token, serviceaccounts \"hivemq-platform-pod-test-hivemq-platform\" not found]"
2025-01-29 01:04:51,833 INFO c.h.h.t.HelmChartContainer - [K3S] [authentication.go:74] "Unable to authenticate the request" err="[invalid bearer token, serviceaccounts \"hivemq-platform-pod-test-hivemq-platform\" not found]"
2025-01-29 01:04:51,835 INFO c.h.h.t.HelmChartContainer - [test-hivemq-platform] [hivemq] [118fe3de] WARN  - [HiveMQ Platform Operator Init App 1.7.0-SNAPSHOT] Could not update Pod annotations: Failure executing: GET at: https://10.43.0.1:443/api/v1/namespaces/helmplatforminstallit/pods/test-hivemq-platform-0. Message: Unauthorized. Received status: Status(apiVersion=v1, code=401, details=null, kind=Status, message=Unauthorized, metadata=ListMeta(_continue=null, remainingItemCount=null, resourceVersion=null, selfLink=null, additionalProperties={}), reason=Unauthorized, status=Failure, additionalProperties={}).
2025-01-29 01:04:52,210 INFO c.h.h.t.HelmChartContainer - [test-hivemq-platform] [hivemq] [118fe3de] INFO  - Shutdown completed.
2025-01-29 01:04:52,610 INFO c.h.h.t.HelmChartContainer - [test-hivemq-platform] [hivemq] [118fe3de] INFO  - [HiveMQ Platform Operator Init App 1.7.0-SNAPSHOT] The HiveMQ Platform exited with code 143
2025-01-29 01:04:52,610 INFO c.h.h.t.HelmChartContainer - [test-hivemq-platform] [hivemq] [118fe3de] INFO  - [HiveMQ Platform Operator Init App 1.7.0-SNAPSHOT] Stopping the REST API
2025-01-29 01:04:52,614 INFO c.h.h.t.HelmChartContainer - [test-hivemq-platform] [hivemq] [118fe3de] INFO  - [HiveMQ Platform Operator Init App 1.7.0-SNAPSHOT] Shutdown complete
2025-01-29 01:04:53,059 INFO c.h.h.t.HelmChartContainer - [POD] test-hivemq-platform-0 [118fe3de-0c54-4a81-9dd3-92cccf0dc583] in helmplatforminstallit was MODIFIED
2025-01-29 01:04:53,059 INFO c.h.h.t.HelmChartContainer - [K3S] [stateful_set.go:438] "Unhandled Error" err="error syncing StatefulSet helmplatforminstallit/test-hivemq-platform, requeuing: controllerrevisions.apps \"test-hivemq-platform-587cb48fff\" is forbidden: unable to create new content in namespace helmplatforminstallit because it is being terminated"
2025-01-29 01:04:53,064 INFO c.h.h.t.HelmChartContainer - [K3S] [reconciler_common.go:162] "operationExecutor.UnmountVolume started for volume \"broker-configuration\" (UniqueName: \"kubernetes.io/configmap/118fe3de-0c54-4a81-9dd3-92cccf0dc583-broker-configuration\") pod \"118fe3de-0c54-4a81-9dd3-92cccf0dc583\" (UID: \"118fe3de-0c54-4a81-9dd3-92cccf0dc583\") "
2025-01-29 01:04:53,064 INFO c.h.h.t.HelmChartContainer - [K3S] [reconciler_common.go:162] "operationExecutor.UnmountVolume started for volume \"pod-info\" (UniqueName: \"kubernetes.io/configmap/118fe3de-0c54-4a81-9dd3-92cccf0dc583-pod-info\") pod \"118fe3de-0c54-4a81-9dd3-92cccf0dc583\" (UID: \"118fe3de-0c54-4a81-9dd3-92cccf0dc583\") "
2025-01-29 01:04:53,065 INFO c.h.h.t.HelmChartContainer - [K3S] [reconciler_common.go:162] "operationExecutor.UnmountVolume started for volume \"operator-init\" (UniqueName: \"kubernetes.io/empty-dir/118fe3de-0c54-4a81-9dd3-92cccf0dc583-operator-init\") pod \"118fe3de-0c54-4a81-9dd3-92cccf0dc583\" (UID: \"118fe3de-0c54-4a81-9dd3-92cccf0dc583\") "
2025-01-29 01:04:53,065 INFO c.h.h.t.HelmChartContainer - [K3S] [reconciler_common.go:162] "operationExecutor.UnmountVolume started for volume \"kube-api-access-k78bf\" (UniqueName: \"kubernetes.io/projected/118fe3de-0c54-4a81-9dd3-92cccf0dc583-kube-api-access-k78bf\") pod \"118fe3de-0c54-4a81-9dd3-92cccf0dc583\" (UID: \"118fe3de-0c54-4a81-9dd3-92cccf0dc583\") "
2025-01-29 01:04:53,068 INFO c.h.h.t.HelmChartContainer - [K3S] [stateful_set.go:438] "Unhandled Error" err="error syncing StatefulSet helmplatforminstallit/test-hivemq-platform, requeuing: controllerrevisions.apps \"test-hivemq-platform-587cb48fff\" is forbidden: unable to create new content in namespace helmplatforminstallit because it is being terminated"
2025-01-29 01:04:53,081 INFO c.h.h.t.HelmChartContainer - [K3S] [stateful_set.go:438] "Unhandled Error" err="error syncing StatefulSet helmplatforminstallit/test-hivemq-platform, requeuing: controllerrevisions.apps \"test-hivemq-platform-587cb48fff\" is forbidden: unable to create new content in namespace helmplatforminstallit because it is being terminated"
2025-01-29 01:04:53,105 INFO c.h.h.t.HelmChartContainer - [K3S] [stateful_set.go:438] "Unhandled Error" err="error syncing StatefulSet helmplatforminstallit/test-hivemq-platform, requeuing: controllerrevisions.apps \"test-hivemq-platform-587cb48fff\" is forbidden: unable to create new content in namespace helmplatforminstallit because it is being terminated"
2025-01-29 01:04:53,147 INFO c.h.h.t.HelmChartContainer - [K3S] [stateful_set.go:438] "Unhandled Error" err="error syncing StatefulSet helmplatforminstallit/test-hivemq-platform, requeuing: controllerrevisions.apps \"test-hivemq-platform-587cb48fff\" is forbidden: unable to create new content in namespace helmplatforminstallit because it is being terminated"
2025-01-29 01:04:53,164 INFO c.h.h.t.HelmChartContainer - [K3S] [reconciler_common.go:299] "Volume detached for volume \"broker-configuration\" (UniqueName: \"kubernetes.io/configmap/118fe3de-0c54-4a81-9dd3-92cccf0dc583-broker-configuration\") on node \"d662f43cf4d0\" DevicePath \"\""
2025-01-29 01:04:53,164 INFO c.h.h.t.HelmChartContainer - [K3S] [reconciler_common.go:299] "Volume detached for volume \"pod-info\" (UniqueName: \"kubernetes.io/configmap/118fe3de-0c54-4a81-9dd3-92cccf0dc583-pod-info\") on node \"d662f43cf4d0\" DevicePath \"\""
2025-01-29 01:04:53,164 INFO c.h.h.t.HelmChartContainer - [K3S] [reconciler_common.go:299] "Volume detached for volume \"operator-init\" (UniqueName: \"kubernetes.io/empty-dir/118fe3de-0c54-4a81-9dd3-92cccf0dc583-operator-init\") on node \"d662f43cf4d0\" DevicePath \"\""
2025-01-29 01:04:53,164 INFO c.h.h.t.HelmChartContainer - [K3S] [reconciler_common.go:299] "Volume detached for volume \"kube-api-access-k78bf\" (UniqueName: \"kubernetes.io/projected/118fe3de-0c54-4a81-9dd3-92cccf0dc583-kube-api-access-k78bf\") on node \"d662f43cf4d0\" DevicePath \"\""
2025-01-29 01:04:53,230 INFO c.h.h.t.HelmChartContainer - [K3S] [stateful_set.go:438] "Unhandled Error" err="error syncing StatefulSet helmplatforminstallit/test-hivemq-platform, requeuing: controllerrevisions.apps \"test-hivemq-platform-587cb48fff\" is forbidden: unable to create new content in namespace helmplatforminstallit because it is being terminated"
2025-01-29 01:04:53,394 INFO c.h.h.t.HelmChartContainer - [K3S] [stateful_set.go:438] "Unhandled Error" err="error syncing StatefulSet helmplatforminstallit/test-hivemq-platform, requeuing: controllerrevisions.apps \"test-hivemq-platform-587cb48fff\" is forbidden: unable to create new content in namespace helmplatforminstallit because it is being terminated"
2025-01-29 01:04:53,717 INFO c.h.h.t.HelmChartContainer - [K3S] [stateful_set.go:438] "Unhandled Error" err="error syncing StatefulSet helmplatforminstallit/test-hivemq-platform, requeuing: controllerrevisions.apps \"test-hivemq-platform-587cb48fff\" is forbidden: unable to create new content in namespace helmplatforminstallit because it is being terminated"
2025-01-29 01:04:53,745 INFO c.h.h.t.HelmChartContainer - [K3S] [stateful_set.go:466] "StatefulSet has been deleted" key="helmplatforminstallit/test-hivemq-platform"
2025-01-29 01:04:53,773 INFO c.h.h.t.HelmChartContainer - [K3S] [namespace_controller.go:164] "Unhandled Error" err="deletion of namespace helmplatforminstallit failed: unexpected items still remain in namespace: helmplatforminstallit for gvr: /v1, Resource=pods"
2025-01-29 01:04:53,803 INFO c.h.h.t.HelmChartContainer - [K3S] [scope.go:117] "RemoveContainer" containerID="84e1d5192613861280d66419fdc51637cbec566c95e7415782ca113d5b04ae77"
2025-01-29 01:04:53,817 INFO c.h.h.t.HelmChartContainer - [POD] test-hivemq-platform-0 [118fe3de-0c54-4a81-9dd3-92cccf0dc583] in helmplatforminstallit was MODIFIED
2025-01-29 01:04:53,823 INFO c.h.h.t.HelmChartContainer - [POD] test-hivemq-platform-0 [118fe3de-0c54-4a81-9dd3-92cccf0dc583] in helmplatforminstallit was DELETED
2025-01-29 01:04:53,932 INFO c.h.h.t.HelmChartContainer - [K3S] [scope.go:117] "RemoveContainer" containerID="ceccbfa304ebf16017c0bbb232eb3dd33ee13147af8d8781e1de70f6acfb3ade"
2025-01-29 01:04:53,934 INFO c.h.h.t.HelmChartContainer - [K3S] [scope.go:117] "RemoveContainer" containerID="84e1d5192613861280d66419fdc51637cbec566c95e7415782ca113d5b04ae77"
2025-01-29 01:04:53,935 INFO c.h.h.t.HelmChartContainer - [K3S] [scope.go:117] "RemoveContainer" containerID="ceccbfa304ebf16017c0bbb232eb3dd33ee13147af8d8781e1de70f6acfb3ade"
2025-01-29 01:04:54,038 INFO c.h.h.t.HelmChartContainer - Namespace 'helmplatforminstallit' deleted
2025-01-29 01:04:54,038 INFO c.h.h.t.HelmChartContainer - Release 'test-hivemq-platform' in namespace 'helmplatforminstallit' is uninstalled
2025-01-29 01:04:54,038 INFO c.h.h.t.HelmChartContainer - Uninstalling release 'test-hivemq-platform-operator' in namespace 'helmplatforminstallit-operator'...
2025-01-29 01:04:54,038 DEBUG c.h.h.t.HelmChartContainer - Executing helm command: /bin/helm --kubeconfig /etc/rancher/k3s/k3s.yaml uninstall test-hivemq-platform-operator  --wait --timeout 5m0s --cascade foreground --namespace helmplatforminstallit-operator
2025-01-29 01:04:54,199 INFO c.h.h.t.HelmChartContainer - [K3S] [replica_set.go:679] "Finished syncing" kind="ReplicaSet" key="helmplatforminstallit-operator/hivemq-test-hivemq-platform-operator-6966f96d65" duration="12.016576ms"
2025-01-29 01:04:54,200 INFO c.h.h.t.HelmChartContainer - [K3S] [replica_set.go:679] "Finished syncing" kind="ReplicaSet" key="helmplatforminstallit-operator/hivemq-test-hivemq-platform-operator-6966f96d65" duration="34.555µs"
2025-01-29 01:04:54,213 INFO c.h.h.t.HelmChartContainer - [POD] hivemq-test-hivemq-platform-operator-6966f96d65-vsp9k [610c9a23-1036-4113-bc63-13cca96c3f31] in helmplatforminstallit-operator was MODIFIED
2025-01-29 01:04:54,214 INFO c.h.h.t.HelmChartContainer - [EVENT] Normal [Killing] Stopping container hivemq-platform-operator [helmplatforminstallit-operator:hivemq-test-hivemq-platform-operator-6966f96d65-vsp9k]
2025-01-29 01:04:54,214 INFO c.h.h.t.HelmChartContainer - Received Killing event for container hivemq-platform-operator in pod hivemq-test-hivemq-platform-operator-6966f96d65-vsp9k [610c9a23-1036-4113-bc63-13cca96c3f31]
2025-01-29 01:04:54,214 INFO c.h.h.t.HelmChartContainer - Container [hivemq-test-hivemq-platform-operator-6966f96d65-vsp9k] [hivemq-platform-operator] [610c9a23-1036-4113-bc63-13cca96c3f31] was terminated
2025-01-29 01:04:54,214 INFO c.h.h.t.HelmChartContainer - Stopped log watcher for hivemq-platform-operator in pod hivemq-test-hivemq-platform-operator-6966f96d65-vsp9k [610c9a23-1036-4113-bc63-13cca96c3f31]
2025-01-29 01:04:54,227 INFO c.h.h.t.HelmChartContainer - [K3S] [replica_set.go:679] "Finished syncing" kind="ReplicaSet" key="helmplatforminstallit-operator/hivemq-test-hivemq-platform-operator-6966f96d65" duration="16.764443ms"
2025-01-29 01:04:54,227 INFO c.h.h.t.HelmChartContainer - [hivemq-test-hivemq-platform] [hivemq-platform-operator] [610c9a23] 01:04:54.223 [application-shutdown-thread] INFO  c.h.p.o.HiveMQPlatformOperatorApplication - HiveMQ Platform Operator is stopping...
2025-01-29 01:04:54,228 INFO c.h.h.t.HelmChartContainer - [K3S] [replica_set.go:679] "Finished syncing" kind="ReplicaSet" key="helmplatforminstallit-operator/hivemq-test-hivemq-platform-operator-6966f96d65" duration="38.291µs"
2025-01-29 01:04:54,228 INFO c.h.h.t.HelmChartContainer - [hivemq-test-hivemq-platform] [hivemq-platform-operator] [610c9a23] 01:04:54.223 [application-shutdown-thread] INFO  i.javaoperatorsdk.operator.Operator - Operator SDK 4.9.7 is shutting down...
2025-01-29 01:04:54,358 INFO c.h.h.t.HelmChartContainer - [K3S] [stateful_set.go:466] "StatefulSet has been deleted" key="helmplatforminstallit/test-hivemq-platform"
2025-01-29 01:04:54,686 INFO c.h.h.t.HelmChartContainer - [EVENT] Warning [Unhealthy] Readiness probe failed: Get "http://10.42.0.14:8080/health/readiness": dial tcp 10.42.0.14:8080: connect: connection refused [helmplatforminstallit-operator:hivemq-test-hivemq-platform-operator-6966f96d65-vsp9k]
2025-01-29 01:04:54,686 INFO c.h.h.t.HelmChartContainer - Received Unhealthy event for container hivemq-platform-operator in pod hivemq-test-hivemq-platform-operator-6966f96d65-vsp9k [610c9a23-1036-4113-bc63-13cca96c3f31]
2025-01-29 01:04:54,806 INFO c.h.h.t.HelmChartContainer - [K3S] [pod_container_deletor.go:80] "Container not found in pod's containers" containerID="63bb0468f49a914740494bab2e948b6a89801b6e197f8c60cae44da88e5c492c"
2025-01-29 01:04:54,839 INFO c.h.h.t.HelmChartContainer - [K3S] [replica_set.go:679] "Finished syncing" kind="ReplicaSet" key="helmplatforminstallit-operator/hivemq-test-hivemq-platform-operator-6966f96d65" duration="41.328µs"
2025-01-29 01:04:54,841 INFO c.h.h.t.HelmChartContainer - [POD] hivemq-test-hivemq-platform-operator-6966f96d65-vsp9k [610c9a23-1036-4113-bc63-13cca96c3f31] in helmplatforminstallit-operator was MODIFIED
2025-01-29 01:04:54,873 INFO c.h.h.t.HelmChartContainer - [K3S] [reconciler_common.go:162] "operationExecutor.UnmountVolume started for volume \"kube-api-access-7mwbw\" (UniqueName: \"kubernetes.io/projected/610c9a23-1036-4113-bc63-13cca96c3f31-kube-api-access-7mwbw\") pod \"610c9a23-1036-4113-bc63-13cca96c3f31\" (UID: \"610c9a23-1036-4113-bc63-13cca96c3f31\") "
2025-01-29 01:04:54,974 INFO c.h.h.t.HelmChartContainer - [K3S] [reconciler_common.go:299] "Volume detached for volume \"kube-api-access-7mwbw\" (UniqueName: \"kubernetes.io/projected/610c9a23-1036-4113-bc63-13cca96c3f31-kube-api-access-7mwbw\") on node \"d662f43cf4d0\" DevicePath \"\""
2025-01-29 01:04:55,113 INFO c.h.h.t.HelmChartContainer - [K3S] [kubelet_volumes.go:163] "Cleaned up orphaned pod volumes dir" podUID="118fe3de-0c54-4a81-9dd3-92cccf0dc583" path="/var/lib/kubelet/pods/118fe3de-0c54-4a81-9dd3-92cccf0dc583/volumes"
2025-01-29 01:04:55,288 INFO c.h.h.t.HelmChartContainer - [K3S] [scope.go:117] "RemoveContainer" containerID="506cc4070934f7d84939774596a280d9d0933141437a565e174683e2a81d307d"
2025-01-29 01:04:55,816 INFO c.h.h.t.HelmChartContainer - [K3S] [replica_set.go:679] "Finished syncing" kind="ReplicaSet" key="helmplatforminstallit-operator/hivemq-test-hivemq-platform-operator-6966f96d65" duration="37.47µs"
2025-01-29 01:04:55,817 INFO c.h.h.t.HelmChartContainer - [POD] hivemq-test-hivemq-platform-operator-6966f96d65-vsp9k [610c9a23-1036-4113-bc63-13cca96c3f31] in helmplatforminstallit-operator was MODIFIED
2025-01-29 01:04:55,822 INFO c.h.h.t.HelmChartContainer - [K3S] [replica_set.go:679] "Finished syncing" kind="ReplicaSet" key="helmplatforminstallit-operator/hivemq-test-hivemq-platform-operator-6966f96d65" duration="37.87µs"
2025-01-29 01:04:55,823 INFO c.h.h.t.HelmChartContainer - [POD] hivemq-test-hivemq-platform-operator-6966f96d65-vsp9k [610c9a23-1036-4113-bc63-13cca96c3f31] in helmplatforminstallit-operator was MODIFIED
2025-01-29 01:04:55,825 INFO c.h.h.t.HelmChartContainer - [POD] hivemq-test-hivemq-platform-operator-6966f96d65-vsp9k [610c9a23-1036-4113-bc63-13cca96c3f31] in helmplatforminstallit-operator was DELETED
2025-01-29 01:04:55,825 INFO c.h.h.t.HelmChartContainer - [K3S] [replica_set.go:679] "Finished syncing" kind="ReplicaSet" key="helmplatforminstallit-operator/hivemq-test-hivemq-platform-operator-6966f96d65" duration="33.643µs"
2025-01-29 01:04:55,835 INFO c.h.h.t.HelmChartContainer - [K3S] [replica_set.go:679] "Finished syncing" kind="ReplicaSet" key="helmplatforminstallit-operator/hivemq-test-hivemq-platform-operator-6966f96d65" duration="6.261µs"
2025-01-29 01:04:56,249 INFO c.h.h.t.HelmChartContainer - Deleting namespace 'helmplatforminstallit-operator'...
2025-01-29 01:04:57,113 INFO c.h.h.t.HelmChartContainer - [K3S] [kubelet_volumes.go:163] "Cleaned up orphaned pod volumes dir" podUID="610c9a23-1036-4113-bc63-13cca96c3f31" path="/var/lib/kubelet/pods/610c9a23-1036-4113-bc63-13cca96c3f31/volumes"
2025-01-29 01:04:58,973 INFO c.h.h.t.HelmChartContainer - [K3S] [namespace_controller.go:187] "Namespace has been deleted" namespace="helmplatforminstallit"
2025-01-29 01:05:01,466 INFO c.h.h.t.HelmChartContainer - Namespace 'helmplatforminstallit-operator' deleted
2025-01-29 01:05:01,466 INFO c.h.h.t.HelmChartContainer - Release 'test-hivemq-platform-operator' in namespace 'helmplatforminstallit-operator' is uninstalled
2025-01-29 01:05:02,034 INFO c.h.helmcharts.AbstractHelmChartIT - Removed unused containers:

2025-01-29 01:05:06,375 INFO c.h.h.t.HelmChartContainer - [K3S] [namespace_controller.go:187] "Namespace has been deleted" namespace="helmplatforminstallit-operator"
2025-01-29 01:05:09,491 INFO c.h.helmcharts.AbstractHelmChartIT - Removed unused snapshots:
Removing snapshot sha256:03af251906410714c5aef9fa705b63f6bbc39c4a5e787de7361eeb18886c2ed2
Removing snapshot sha256:0c46b3b43cce082ce5ec34ffc6c294e0417d17b9d1e6f366d114b6aadc4f96dc
Removing snapshot sha256:0ce761beee59082d6ed5bcebd3a805b8ddd9b3426b617e4809e7fb7c6587ffec
Removing snapshot sha256:0df91287303208332c8ff6ba40ae4710105201739addbfbddfb955f1ad593664
Removing snapshot sha256:1021ef88c7974bfff89c5a0ec4fd3160daac6c48a075f74cff721f85dd104e68
Removing snapshot sha256:10aba4953ddc18145dd38e3704709bc464aa20af60b56fe52caaff4b68411e62
Removing snapshot sha256:2573e0d8158209ed54ab25c87bcdcb00bd3d2539246960a3d592a1c599d70465
Removing snapshot sha256:362a8a37f8bbc31925a8146adcf7cf51f9882f5c1dcbef67c5baa03a297543c0
Removing snapshot sha256:3fa4ad33f0ddc8fd45b39b6b4640f82a3a83619606cd975bfe89d8710ad2d4cd
Removing snapshot sha256:43a7c979bbaba6838bc3102d6b10a1459f3ab050b87ccdfef84ef90cf43d3058
Removing snapshot sha256:4ab04491cdf0d3267f08206fe30bd48f49f94b9cab2f016d6739220f722a64af
Removing snapshot sha256:4b6068250e89c96f263060261819c7d912855bfbd64b3eb4c4a8483299b8c295
Removing snapshot sha256:56218039405dd6413387220f0234eb1e2e61ca3278b23299f083b1e370992730
Removing snapshot sha256:580e69a0a8034ede1921139bbd2bfb72a69ebf276d008281896c32dd8bf74775
Removing snapshot sha256:5d30ba46b27fe37484567ccc5242cadc78217b8da605f3f195ef25cbf7487904
Removing snapshot sha256:63ca1fbb43ae5034640e5e6cb3e083e05c290072c5366fcaa9d62435a4cced85
Removing snapshot sha256:67f702c6baae873bceb19487c8b1f27bd2b86077e4f2f0e480e6d60ab508b8f5
Removing snapshot sha256:6864348dd42806d552efdec384f1274be15e2d0c10ce44c1f04347af004c10a9
Removing snapshot sha256:6c7dee8f2c39b84b7dc2711c01d33de93514d9055499173e9290176fbe484b6c
Removing snapshot sha256:82753493a6d61ded36556292f02f31841a14c20d2f279f19eaad65afb661d5cd
Removing snapshot sha256:8a10d3db42c505ee0fcfa98417bdd7e39b304f6bcc0a06bb1b220797ff2cc63c
Removing snapshot sha256:a21e5b12dbac529ad45d976eb9ce45c881f3bedcc500fb30aba1e52aa1813418
Removing snapshot sha256:b921e6c28969094157f9b8e7244677780319637afd14450b7cb6b2fdea558a0c
Removing snapshot sha256:bc27ecb5769a00e309cf99ebc763c4a4b958b618d1decc96ffac5bc05f02f5b7
Removing snapshot sha256:be3ccb6627a5332e309d45ef461d09b4879dd870c7394d89323d0ebc6ca6aa8a
Removing snapshot sha256:c261f7cbbc64211ee175ee47273acdb7b1a36a4450b397a064a8f2c026490095
Removing snapshot sha256:c34d9393647eea0c9e3557ab988efaf59f61d10a2a5613b439ef0958cca5ec10
Removing snapshot sha256:ccf3c4a0fa967a41c1c83497a2ce6fa5787965859df0adb32c4ca2cf7490bc2b
Removing snapshot sha256:cf92d33f869417309692088c341cd0f223c178ea78a125f757317b22aa8f90e9
Removing snapshot sha256:d0037344cf2fb078884f1849f6a1f8cf9a33a3b6139b6a85833e5ee528e1f9a8
Removing snapshot sha256:d3b36d5b79273b1e98e7700470eaeff05a882e777124d84cebcc1505b85ecb36
Removing snapshot sha256:d65a44a37914602d12c611e5e22a50f11451d847e63015cc1c2aef92dee777a4
Removing snapshot sha256:e05d48b06a62652a61cb1cec1991ae0ce48d7795279986863744c92b295bff79
Removing snapshot sha256:e2dc0bae2455930f23ae570e019b7f32edc75c0f2d71cab084db837ff9051796
Removing snapshot sha256:eccbd24a99c60cd9e86ee5305dbfc4a4dc89f5ab4fb1f06c8d64797cecedef34
Removing snapshot sha256:f144bb4c7c7f0d2aa7eeffd36d934ec40db1ee167be727e326aad9fdc616f475

]]></system-out>
  </testcase>
  <system-out><![CDATA[2025-01-29 01:03:30,784 INFO c.h.h.t.HelmChartContainerExtension - Using cached HelmChartContainer instance
]]></system-out>
  <system-err><![CDATA[]]></system-err>
</testsuite>
