<?xml version="1.0" encoding="UTF-8"?>
<testsuite name="com.hivemq.helmcharts.platform.HelmPlatformTlsIT" tests="2" skipped="0" failures="0" errors="0" timestamp="2025-06-30T08:30:10" hostname="fv-az1690-334" time="205.38">
  <properties/>
  <testcase name="platformChart_whenTlsEnabled_hivemqRunning()" classname="com.hivemq.helmcharts.platform.HelmPlatformTlsIT" time="105.427"/>
  <testcase name="platformChart_whenTlsEnabledWithDifferentPrivateKey_hivemqRunning()" classname="com.hivemq.helmcharts.platform.HelmPlatformTlsIT" time="99.953"/>
</testsuite>
