<?xml version="1.0" encoding="UTF-8"?>
<testsuite name="com.hivemq.helmcharts.platform.HelmPlatformMutualTlsIT" tests="1" skipped="0" failures="0" errors="0" timestamp="2025-01-28T21:21:33" hostname="fv-az1384-73" time="109.901">
  <properties/>
  <testcase name="withMutualTls_hivemqRunning()" classname="com.hivemq.helmcharts.platform.HelmPlatformMutualTlsIT" time="109.901">
    <system-out><![CDATA[2025-01-28 21:21:33,959 INFO c.h.h.t.HelmChartContainer - Creating namespace 'helmplatformmutualtlsit-operator'...
2025-01-28 21:21:33,968 INFO c.h.h.t.HelmChartContainer - Namespace 'helmplatformmutualtlsit-operator' created
2025-01-28 21:21:33,968 INFO c.h.h.t.HelmChartContainer - Creating namespace 'helmplatformmutualtlsit'...
2025-01-28 21:21:34,067 INFO c.h.h.t.HelmChartContainer - Namespace 'helmplatformmutualtlsit' created
2025-01-28 21:21:34,126 DEBUG c.h.h.t.HelmChartContainer - Executing helm command: /bin/helm --kubeconfig /etc/rancher/k3s/k3s.yaml install test-hivemq-platform-operator /charts/hivemq-platform-operator --wait --timeout 5m0s --set image.repository=docker.io/hivemq --set image.name=hivemq-platform-operator-test --set image.initImageName=hivemq-platform-operator-init-test --set image.tag=snapshot --set image.pullPolicy=Never --set logLevel=DEBUG --set resources.cpu=512m --namespace helmplatformmutualtlsit-operator
2025-01-28 21:21:34,464 INFO c.h.h.t.HelmChartContainer - [K3S] [alloc.go:330] "allocated clusterIPs" service="helmplatformmutualtlsit-operator/hivemq-platform-operator-test-hivemq-platform-operator" clusterIPs={"IPv4":"10.43.251.221"}
2025-01-28 21:21:34,475 INFO c.h.h.t.HelmChartContainer - [EVENT] Normal [ScalingReplicaSet] Scaled up replica set hivemq-test-hivemq-platform-operator-6966f96d65 from 0 to 1 [helmplatformmutualtlsit-operator:hivemq-test-hivemq-platform-operator]
2025-01-28 21:21:34,480 INFO c.h.h.t.HelmChartContainer - [POD] hivemq-test-hivemq-platform-operator-6966f96d65-gghxw [bf0c75f1-bbb6-483a-9fb3-fc844aa1ce9d] in helmplatformmutualtlsit-operator was ADDED
2025-01-28 21:21:34,484 INFO c.h.h.t.HelmChartContainer - [EVENT] Normal [SuccessfulCreate] Created pod: hivemq-test-hivemq-platform-operator-6966f96d65-gghxw [helmplatformmutualtlsit-operator:hivemq-test-hivemq-platform-operator-6966f96d65]
2025-01-28 21:21:34,486 INFO c.h.h.t.HelmChartContainer - [K3S] [replica_set.go:679] "Finished syncing" kind="ReplicaSet" key="helmplatformmutualtlsit-operator/hivemq-test-hivemq-platform-operator-6966f96d65" duration="13.420827ms"
2025-01-28 21:21:34,489 INFO c.h.h.t.HelmChartContainer - [POD] hivemq-test-hivemq-platform-operator-6966f96d65-gghxw [bf0c75f1-bbb6-483a-9fb3-fc844aa1ce9d] in helmplatformmutualtlsit-operator was MODIFIED
2025-01-28 21:21:34,490 INFO c.h.h.t.HelmChartContainer - [K3S] [memory_manager.go:355] "RemoveStaleState removing state" podUID="b15c2364-70a1-496f-8b9e-73ae3466fc74" containerName="hivemq"
2025-01-28 21:21:34,490 INFO c.h.h.t.HelmChartContainer - [K3S] [memory_manager.go:355] "RemoveStaleState removing state" podUID="a11d788b-c4f1-4cb4-8263-2bdeff4d1b01" containerName="hivemq"
2025-01-28 21:21:34,490 INFO c.h.h.t.HelmChartContainer - [K3S] [memory_manager.go:355] "RemoveStaleState removing state" podUID="6bd7073a-d984-45ee-a66b-1276e667041e" containerName="hivemq-platform-operator"
2025-01-28 21:21:34,495 INFO c.h.h.t.HelmChartContainer - [K3S] [replica_set.go:679] "Finished syncing" kind="ReplicaSet" key="helmplatformmutualtlsit-operator/hivemq-test-hivemq-platform-operator-6966f96d65" duration="9.267751ms"
2025-01-28 21:21:34,497 INFO c.h.h.t.HelmChartContainer - [EVENT] Normal [Scheduled] Successfully assigned helmplatformmutualtlsit-operator/hivemq-test-hivemq-platform-operator-6966f96d65-gghxw to ffcddaa7d7fe [helmplatformmutualtlsit-operator:hivemq-test-hivemq-platform-operator-6966f96d65-gghxw]
2025-01-28 21:21:34,502 INFO c.h.h.t.HelmChartContainer - [POD] hivemq-test-hivemq-platform-operator-6966f96d65-gghxw [bf0c75f1-bbb6-483a-9fb3-fc844aa1ce9d] in helmplatformmutualtlsit-operator was MODIFIED
2025-01-28 21:21:34,507 INFO c.h.h.t.HelmChartContainer - [K3S] [replica_set.go:679] "Finished syncing" kind="ReplicaSet" key="helmplatformmutualtlsit-operator/hivemq-test-hivemq-platform-operator-6966f96d65" duration="11.657608ms"
2025-01-28 21:21:34,507 INFO c.h.h.t.HelmChartContainer - [K3S] [replica_set.go:679] "Finished syncing" kind="ReplicaSet" key="helmplatformmutualtlsit-operator/hivemq-test-hivemq-platform-operator-6966f96d65" duration="35.335µs"
2025-01-28 21:21:34,651 INFO c.h.h.t.HelmChartContainer - [K3S] [reconciler_common.go:251] "operationExecutor.VerifyControllerAttachedVolume started for volume \"kube-api-access-t759n\" (UniqueName: \"kubernetes.io/projected/bf0c75f1-bbb6-483a-9fb3-fc844aa1ce9d-kube-api-access-t759n\") pod \"hivemq-test-hivemq-platform-operator-6966f96d65-gghxw\" (UID: \"bf0c75f1-bbb6-483a-9fb3-fc844aa1ce9d\") " pod="helmplatformmutualtlsit-operator/hivemq-test-hivemq-platform-operator-6966f96d65-gghxw"
2025-01-28 21:21:34,881 INFO c.h.h.t.HelmChartContainer - [EVENT] Normal [Pulled] Container image "docker.io/hivemq/hivemq-platform-operator-test:snapshot" already present on machine [helmplatformmutualtlsit-operator:hivemq-test-hivemq-platform-operator-6966f96d65-gghxw]
2025-01-28 21:21:34,881 INFO c.h.h.t.HelmChartContainer - Received Pulled event for container hivemq-platform-operator in pod hivemq-test-hivemq-platform-operator-6966f96d65-gghxw [bf0c75f1-bbb6-483a-9fb3-fc844aa1ce9d]
2025-01-28 21:21:34,983 INFO c.h.h.t.HelmChartContainer - [EVENT] Normal [Created] Created container: hivemq-platform-operator [helmplatformmutualtlsit-operator:hivemq-test-hivemq-platform-operator-6966f96d65-gghxw]
2025-01-28 21:21:34,983 INFO c.h.h.t.HelmChartContainer - Received Created event for container hivemq-platform-operator in pod hivemq-test-hivemq-platform-operator-6966f96d65-gghxw [bf0c75f1-bbb6-483a-9fb3-fc844aa1ce9d]
2025-01-28 21:21:35,468 INFO c.h.h.t.HelmChartContainer - [K3S] [replica_set.go:679] "Finished syncing" kind="ReplicaSet" key="helmplatformmutualtlsit-operator/hivemq-test-hivemq-platform-operator-6966f96d65" duration="46.326µs"
2025-01-28 21:21:35,469 INFO c.h.h.t.HelmChartContainer - [POD] hivemq-test-hivemq-platform-operator-6966f96d65-gghxw [bf0c75f1-bbb6-483a-9fb3-fc844aa1ce9d] in helmplatformmutualtlsit-operator was MODIFIED
2025-01-28 21:21:35,479 INFO c.h.h.t.HelmChartContainer - [EVENT] Normal [Started] Started container hivemq-platform-operator [helmplatformmutualtlsit-operator:hivemq-test-hivemq-platform-operator-6966f96d65-gghxw]
2025-01-28 21:21:35,479 INFO c.h.h.t.HelmChartContainer - Received Started event for container hivemq-platform-operator in pod hivemq-test-hivemq-platform-operator-6966f96d65-gghxw [bf0c75f1-bbb6-483a-9fb3-fc844aa1ce9d]
2025-01-28 21:21:35,479 INFO c.h.h.t.HelmChartContainer - Started log watcher for hivemq-platform-operator in pod hivemq-test-hivemq-platform-operator-6966f96d65-gghxw [bf0c75f1-bbb6-483a-9fb3-fc844aa1ce9d]
2025-01-28 21:21:35,479 INFO c.h.h.t.HelmChartContainer - [hivemq-test-hivemq-platform] [hivemq-platform-operator] [bf0c75f1] -------------------------------------------------------------------------
2025-01-28 21:21:35,479 INFO c.h.h.t.HelmChartContainer - [hivemq-test-hivemq-platform] [hivemq-platform-operator] [bf0c75f1] 
2025-01-28 21:21:35,479 INFO c.h.h.t.HelmChartContainer - [hivemq-test-hivemq-platform] [hivemq-platform-operator] [bf0c75f1]                   _    _  _              __  __   ____
2025-01-28 21:21:35,479 INFO c.h.h.t.HelmChartContainer - [hivemq-test-hivemq-platform] [hivemq-platform-operator] [bf0c75f1]                  | |  | |(_)            |  \/  | / __ \
2025-01-28 21:21:35,479 INFO c.h.h.t.HelmChartContainer - [hivemq-test-hivemq-platform] [hivemq-platform-operator] [bf0c75f1]                  | |__| | _ __   __ ___ | \  / || |  | |
2025-01-28 21:21:35,479 INFO c.h.h.t.HelmChartContainer - [hivemq-test-hivemq-platform] [hivemq-platform-operator] [bf0c75f1]                  |  __  || |\ \ / // _ \| |\/| || |  | |
2025-01-28 21:21:35,479 INFO c.h.h.t.HelmChartContainer - [hivemq-test-hivemq-platform] [hivemq-platform-operator] [bf0c75f1]                  | |  | || | \ V /|  __/| |  | || |__| |
2025-01-28 21:21:35,479 INFO c.h.h.t.HelmChartContainer - [hivemq-test-hivemq-platform] [hivemq-platform-operator] [bf0c75f1]                  |_|  |_||_|  \_/  \___||_|  |_| \___\_\
2025-01-28 21:21:35,479 INFO c.h.h.t.HelmChartContainer - [hivemq-test-hivemq-platform] [hivemq-platform-operator] [bf0c75f1] 
2025-01-28 21:21:35,480 INFO c.h.h.t.HelmChartContainer - [hivemq-test-hivemq-platform] [hivemq-platform-operator] [bf0c75f1] -------------------------------------------------------------------------
2025-01-28 21:21:35,480 INFO c.h.h.t.HelmChartContainer - [hivemq-test-hivemq-platform] [hivemq-platform-operator] [bf0c75f1] 
2025-01-28 21:21:35,480 INFO c.h.h.t.HelmChartContainer - [hivemq-test-hivemq-platform] [hivemq-platform-operator] [bf0c75f1]   HiveMQ Platform Operator Start Script v1.0
2025-01-28 21:21:35,480 INFO c.h.h.t.HelmChartContainer - [hivemq-test-hivemq-platform] [hivemq-platform-operator] [bf0c75f1] 
2025-01-28 21:21:35,480 INFO c.h.h.t.HelmChartContainer - [hivemq-test-hivemq-platform] [hivemq-platform-operator] [bf0c75f1] -------------------------------------------------------------------------
2025-01-28 21:21:35,480 INFO c.h.h.t.HelmChartContainer - [hivemq-test-hivemq-platform] [hivemq-platform-operator] [bf0c75f1] 
2025-01-28 21:21:35,480 INFO c.h.h.t.HelmChartContainer - [hivemq-test-hivemq-platform] [hivemq-platform-operator] [bf0c75f1]   JAVA_OPTS: -XX:+UnlockExperimentalVMOptions -XX:InitialRAMPercentage=75 -XX:MaxRAMPercentage=75 -Duser.language=en -Duser.region=US
2025-01-28 21:21:35,480 INFO c.h.h.t.HelmChartContainer - [hivemq-test-hivemq-platform] [hivemq-platform-operator] [bf0c75f1] 
2025-01-28 21:21:35,480 INFO c.h.h.t.HelmChartContainer - [hivemq-test-hivemq-platform] [hivemq-platform-operator] [bf0c75f1]   JAVA_VERSION: 21
2025-01-28 21:21:35,480 INFO c.h.h.t.HelmChartContainer - [hivemq-test-hivemq-platform] [hivemq-platform-operator] [bf0c75f1] 
2025-01-28 21:21:35,480 INFO c.h.h.t.HelmChartContainer - [hivemq-test-hivemq-platform] [hivemq-platform-operator] [bf0c75f1] -------------------------------------------------------------------------
2025-01-28 21:21:35,480 INFO c.h.h.t.HelmChartContainer - [hivemq-test-hivemq-platform] [hivemq-platform-operator] [bf0c75f1] 
2025-01-28 21:21:38,145 INFO c.h.h.t.HelmChartContainer - [hivemq-test-hivemq-platform] [hivemq-platform-operator] [bf0c75f1] 21:21:38.143 [main] DEBUG org.jboss.logging - Logging Provider: org.jboss.logging.Slf4jLoggerProvider
2025-01-28 21:21:38,256 INFO c.h.h.t.HelmChartContainer - [hivemq-test-hivemq-platform] [hivemq-platform-operator] [bf0c75f1] 21:21:38.255 [main] DEBUG io.smallrye.config - SRCFG01006: Loaded ConfigSource SysPropConfigSource with ordinal 400
2025-01-28 21:21:38,256 INFO c.h.h.t.HelmChartContainer - [hivemq-test-hivemq-platform] [hivemq-platform-operator] [bf0c75f1] 21:21:38.255 [main] DEBUG io.smallrye.config - SRCFG01006: Loaded ConfigSource EnvConfigSource with ordinal 300
2025-01-28 21:21:38,256 INFO c.h.h.t.HelmChartContainer - [hivemq-test-hivemq-platform] [hivemq-platform-operator] [bf0c75f1] 21:21:38.255 [main] DEBUG io.smallrye.config - SRCFG01006: Loaded ConfigSource PropertiesConfigSource[source=jar:file:///opt/hivemq-platform-operator/bin/hivemq-platform-operator.jar!/hivemq-platform-operator.properties] with ordinal 100
2025-01-28 21:21:38,256 INFO c.h.h.t.HelmChartContainer - [hivemq-test-hivemq-platform] [hivemq-platform-operator] [bf0c75f1] 21:21:38.255 [main] DEBUG io.smallrye.config - SRCFG01006: Loaded ConfigSource DefaultValuesConfigSource with ordinal -2147483648
2025-01-28 21:21:38,360 INFO c.h.h.t.HelmChartContainer - [hivemq-test-hivemq-platform] [hivemq-platform-operator] [bf0c75f1] 21:21:38.359 [main] DEBUG i.m.c.u.i.l.InternalLoggerFactory - Using SLF4J as the default logging framework
2025-01-28 21:21:38,540 INFO c.h.h.t.HelmChartContainer - [hivemq-test-hivemq-platform] [hivemq-platform-operator] [bf0c75f1] 21:21:38.462 [main] INFO  c.h.p.o.HiveMQPlatformOperatorApplication - HiveMQ Platform Operator 1.7.0-SNAPSHOT (commit: bebf408 on branch: HEAD) built on Sun Jan 26 20:47:47 UTC 2025
2025-01-28 21:21:38,540 INFO c.h.h.t.HelmChartContainer - [hivemq-test-hivemq-platform] [hivemq-platform-operator] [bf0c75f1] 21:21:38.539 [main] INFO  c.h.p.o.HiveMQPlatformOperatorApplication - HiveMQ Platform Operator is running in namespace: helmplatformmutualtlsit-operator
2025-01-28 21:21:38,541 INFO c.h.h.t.HelmChartContainer - [hivemq-test-hivemq-platform] [hivemq-platform-operator] [bf0c75f1] 21:21:38.539 [main] INFO  c.h.p.o.HiveMQPlatformOperatorApplication - Watching all namespaces
2025-01-28 21:21:38,541 INFO c.h.h.t.HelmChartContainer - [hivemq-test-hivemq-platform] [hivemq-platform-operator] [bf0c75f1] 21:21:38.539 [main] INFO  c.h.p.o.HiveMQPlatformOperatorApplication - Log level: DEBUG
2025-01-28 21:21:38,541 INFO c.h.h.t.HelmChartContainer - [hivemq-test-hivemq-platform] [hivemq-platform-operator] [bf0c75f1] 21:21:38.539 [main] INFO  c.h.p.o.HiveMQPlatformOperatorApplication - Release name: test-hivemq-platform-operator
2025-01-28 21:21:38,541 INFO c.h.h.t.HelmChartContainer - [hivemq-test-hivemq-platform] [hivemq-platform-operator] [bf0c75f1] 21:21:38.539 [main] INFO  c.h.p.o.HiveMQPlatformOperatorApplication - HiveMQ Platform Operator Init image: docker.io/hivemq/hivemq-platform-operator-init-test:snapshot
2025-01-28 21:21:38,541 INFO c.h.h.t.HelmChartContainer - [hivemq-test-hivemq-platform] [hivemq-platform-operator] [bf0c75f1] 21:21:38.539 [main] INFO  c.h.p.o.HiveMQPlatformOperatorApplication - HiveMQ Platform Operator Init App update URL: http://hivemq-platform-operator-test-hivemq-platform-operator.helmplatformmutualtlsit-operator.svc:8080/initAppUpdate/hivemq-platform-operator-init-app-1.7.0-SNAPSHOT.jar
2025-01-28 21:21:38,541 INFO c.h.h.t.HelmChartContainer - [hivemq-test-hivemq-platform] [hivemq-platform-operator] [bf0c75f1] 21:21:38.539 [main] INFO  c.h.p.o.HiveMQPlatformOperatorApplication - Additional imagePullSecret for all Platform deployments: none
2025-01-28 21:21:38,541 INFO c.h.h.t.HelmChartContainer - [hivemq-test-hivemq-platform] [hivemq-platform-operator] [bf0c75f1] 21:21:38.539 [main] INFO  c.h.p.o.HiveMQPlatformOperatorApplication - Apply HiveMQ Platform CRD: true
2025-01-28 21:21:38,541 INFO c.h.h.t.HelmChartContainer - [hivemq-test-hivemq-platform] [hivemq-platform-operator] [bf0c75f1] 21:21:38.539 [main] INFO  c.h.p.o.HiveMQPlatformOperatorApplication - Create Platform ServiceAccount: true
2025-01-28 21:21:38,541 INFO c.h.h.t.HelmChartContainer - [hivemq-test-hivemq-platform] [hivemq-platform-operator] [bf0c75f1] 21:21:38.539 [main] INFO  c.h.p.o.HiveMQPlatformOperatorApplication - Create Platform ServiceAccount permissions: true
2025-01-28 21:21:38,541 INFO c.h.h.t.HelmChartContainer - [hivemq-test-hivemq-platform] [hivemq-platform-operator] [bf0c75f1] 21:21:38.539 [main] INFO  c.h.p.o.HiveMQPlatformOperatorApplication - Validate Platform ServiceAccount: true
2025-01-28 21:21:38,541 INFO c.h.h.t.HelmChartContainer - [hivemq-test-hivemq-platform] [hivemq-platform-operator] [bf0c75f1] 21:21:38.540 [main] INFO  c.h.p.o.HiveMQPlatformOperatorApplication - Validate Platform ServiceAccount permissions: true
2025-01-28 21:21:38,657 INFO c.h.h.t.HelmChartContainer - [hivemq-test-hivemq-platform] [hivemq-platform-operator] [bf0c75f1] 21:21:38.656 [main] INFO  c.h.platform.operator.util.CRDUtil - Verifying deployed HiveMQ Platform CRD...
2025-01-28 21:21:41,061 INFO c.h.h.t.HelmChartContainer - [hivemq-test-hivemq-platform] [hivemq-platform-operator] [bf0c75f1] 21:21:41.060 [main] DEBUG c.h.platform.operator.util.CRDUtil - HiveMQ Platform CRD version v1 is up to date
2025-01-28 21:21:41,061 INFO c.h.h.t.HelmChartContainer - [hivemq-test-hivemq-platform] [hivemq-platform-operator] [bf0c75f1] 21:21:41.060 [main] INFO  c.h.platform.operator.util.CRDUtil - HiveMQ Platform CRD is up to date (version: V1_6_0)
2025-01-28 21:21:41,061 INFO c.h.h.t.HelmChartContainer - [hivemq-test-hivemq-platform] [hivemq-platform-operator] [bf0c75f1] 21:21:41.060 [main] INFO  c.h.platform.operator.util.CRDUtil - Waiting 10000 ms for HiveMQ Platform CRD 'hivemq-platforms.hivemq.com' to become ready...
2025-01-28 21:21:41,341 INFO c.h.h.t.HelmChartContainer - [hivemq-test-hivemq-platform] [hivemq-platform-operator] [bf0c75f1] 21:21:41.340 [vert.x-eventloop-thread-1] DEBUG c.h.platform.operator.util.CRDUtil - Checking CRD condition 'NamesAccepted' (status: 'True')
2025-01-28 21:21:41,341 INFO c.h.h.t.HelmChartContainer - [hivemq-test-hivemq-platform] [hivemq-platform-operator] [bf0c75f1] 21:21:41.340 [vert.x-eventloop-thread-1] DEBUG c.h.platform.operator.util.CRDUtil - Checking CRD condition 'Established' (status: 'True')
2025-01-28 21:21:41,352 INFO c.h.h.t.HelmChartContainer - [hivemq-test-hivemq-platform] [hivemq-platform-operator] [bf0c75f1] 21:21:41.351 [main] INFO  c.h.platform.operator.util.CRDUtil - HiveMQ Platform CRD 'hivemq-platforms.hivemq.com' is ready
2025-01-28 21:21:41,466 INFO c.h.h.t.HelmChartContainer - [hivemq-test-hivemq-platform] [hivemq-platform-operator] [bf0c75f1] 21:21:41.465 [main] INFO  c.h.p.o.HiveMQPlatformReconciler - HiveMQ Platform Operator is starting...
2025-01-28 21:21:41,569 INFO c.h.h.t.HelmChartContainer - [hivemq-test-hivemq-platform] [hivemq-platform-operator] [bf0c75f1] 21:21:41.568 [main] WARN  Default ConfigurationService implementation - Configuration for reconciler 'hivemq-controller' was not found. Known reconcilers: None.
2025-01-28 21:21:41,652 INFO c.h.h.t.HelmChartContainer - [hivemq-test-hivemq-platform] [hivemq-platform-operator] [bf0c75f1] 21:21:41.651 [main] INFO  Default ConfigurationService implementation - Created configuration for reconciler com.hivemq.platform.operator.HiveMQPlatformReconciler with name hivemq-controller
2025-01-28 21:21:41,752 INFO c.h.h.t.HelmChartContainer - [hivemq-test-hivemq-platform] [hivemq-platform-operator] [bf0c75f1] 21:21:41.751 [main] DEBUG c.h.p.o.HiveMQPlatformReconciler - HiveMQ Platform Operator is preparing EventSources
2025-01-28 21:21:41,763 INFO c.h.h.t.HelmChartContainer - [hivemq-test-hivemq-platform] [hivemq-platform-operator] [bf0c75f1] 21:21:41.763 [main] INFO  i.javaoperatorsdk.operator.Operator - Registered reconciler: 'hivemq-controller' for resource: 'class com.hivemq.platform.operator.v1.HiveMQPlatform' for namespace(s): [all namespaces]
2025-01-28 21:21:42,341 INFO c.h.h.t.HelmChartContainer - [hivemq-test-hivemq-platform] [hivemq-platform-operator] [bf0c75f1] 21:21:42.340 [main] INFO  c.h.p.operator.webserver.JettyServer - Starting Jetty server on port 8080
2025-01-28 21:21:42,368 INFO c.h.h.t.HelmChartContainer - [hivemq-test-hivemq-platform] [hivemq-platform-operator] [bf0c75f1] 21:21:42.367 [main] INFO  i.javaoperatorsdk.operator.Operator - Operator SDK 4.9.7 (commit: 2133d28) built on Wed Nov 20 12:56:20 UTC 2024 starting...
2025-01-28 21:21:42,369 INFO c.h.h.t.HelmChartContainer - [hivemq-test-hivemq-platform] [hivemq-platform-operator] [bf0c75f1] 21:21:42.367 [main] INFO  i.javaoperatorsdk.operator.Operator - Client version: 6.13.4
2025-01-28 21:21:42,440 INFO c.h.h.t.HelmChartContainer - [hivemq-test-hivemq-platform] [hivemq-platform-operator] [bf0c75f1] 21:21:42.439 [Controller Starter for: hivemq-controller] INFO  i.j.operator.processing.Controller - Starting 'hivemq-controller' controller for reconciler: com.hivemq.platform.operator.HiveMQPlatformReconciler, resource: com.hivemq.platform.operator.v1.HiveMQPlatform
2025-01-28 21:21:44,465 INFO c.h.h.t.HelmChartContainer - [hivemq-test-hivemq-platform] [hivemq-platform-operator] [bf0c75f1] 21:21:44.463 [Controller Starter for: hivemq-controller] INFO  i.j.operator.processing.Controller - 'hivemq-controller' controller started
2025-01-28 21:21:44,465 INFO c.h.h.t.HelmChartContainer - [hivemq-test-hivemq-platform] [hivemq-platform-operator] [bf0c75f1] 21:21:44.464 [main] INFO  c.h.p.o.HiveMQPlatformOperatorApplication - HiveMQ Platform Operator 1.7.0-SNAPSHOT started in 6001 ms
2025-01-28 21:21:46,472 INFO c.h.h.t.HelmChartContainer - [POD] hivemq-test-hivemq-platform-operator-6966f96d65-gghxw [bf0c75f1-bbb6-483a-9fb3-fc844aa1ce9d] in helmplatformmutualtlsit-operator was MODIFIED
2025-01-28 21:21:46,475 INFO c.h.h.t.HelmChartContainer - [K3S] [replica_set.go:679] "Finished syncing" kind="ReplicaSet" key="helmplatformmutualtlsit-operator/hivemq-test-hivemq-platform-operator-6966f96d65" duration="8.945123ms"
2025-01-28 21:21:46,475 INFO c.h.h.t.HelmChartContainer - [K3S] [replica_set.go:679] "Finished syncing" kind="ReplicaSet" key="helmplatformmutualtlsit-operator/hivemq-test-hivemq-platform-operator-6966f96d65" duration="32.3µs"
2025-01-28 21:21:46,705 DEBUG c.h.helmcharts.util.CertificatesUtil - .....+.+.........+++++++++++++++++++++++++++++++++++++++++++++++++++++++++++++++++*........+............+..+...+++++++++++++++++++++++++++++++++++++++++++++++++++++++++++++++++*......+..+.......+...+.....+......+....+......+.....+.+......+++++++++++++++++++++++++++++++++++++++++++++++++++++++++++++++++
2025-01-28 21:21:46,824 DEBUG c.h.helmcharts.util.CertificatesUtil - ....+......+........+......+.+..+.......+......+..+...+....+.....+.+++++++++++++++++++++++++++++++++++++++++++++++++++++++++++++++++*..+...+....+..+.+..+.......+.....+++++++++++++++++++++++++++++++++++++++++++++++++++++++++++++++++*....+...+................+.........+.....+......+...+...+...+...............+....+.................+...+.+..+.......+.....+.+..............+..........+..+....+.....+.......+............+.....+.............+...+...........+.+...+..+.......+......+............+..+.+...........................+..+.............+..................+..+.........+.+.........+.....+......+...+.......+...+......+...+...+....................+...+....+...........+....+...+.................+.+..+++++++++++++++++++++++++++++++++++++++++++++++++++++++++++++++++
2025-01-28 21:21:46,828 DEBUG c.h.helmcharts.util.CertificatesUtil - -----
2025-01-28 21:21:46,852 DEBUG c.h.helmcharts.util.CertificatesUtil - Certificate request self-signature ok
2025-01-28 21:21:46,852 DEBUG c.h.helmcharts.util.CertificatesUtil - subject=C = CA, CN = secure-service-platform.default.svc
2025-01-28 21:21:46,856 DEBUG c.h.helmcharts.util.CertificatesUtil - >> Generating keystore and truststore files
2025-01-28 21:21:47,028 DEBUG c.h.helmcharts.util.CertificatesUtil - Importing keystore key.pkcs12 to keystore.jks...
2025-01-28 21:21:47,171 DEBUG c.h.helmcharts.util.CertificatesUtil - Entry for alias 1 successfully imported.
2025-01-28 21:21:47,181 DEBUG c.h.helmcharts.util.CertificatesUtil - Import command completed:  1 entries successfully imported, 0 entries failed or cancelled
2025-01-28 21:21:47,188 DEBUG c.h.helmcharts.util.CertificatesUtil - 
2025-01-28 21:21:47,188 DEBUG c.h.helmcharts.util.CertificatesUtil - Warning:
2025-01-28 21:21:47,188 DEBUG c.h.helmcharts.util.CertificatesUtil - The JKS keystore uses a proprietary format. It is recommended to migrate to PKCS12 which is an industry standard format using "keytool -importkeystore -srckeystore keystore.jks -destkeystore keystore.jks -deststoretype pkcs12".
2025-01-28 21:21:47,431 DEBUG c.h.helmcharts.util.CertificatesUtil - Certificate stored in file <secure-service-platform.pem>
2025-01-28 21:21:47,605 DEBUG c.h.helmcharts.util.CertificatesUtil - Certificate was added to keystore
2025-01-28 21:21:48,004 DEBUG c.h.helmcharts.util.CertificatesUtil - Certificate was added to keystore
2025-01-28 21:21:51,610 DEBUG c.h.helmcharts.util.CertificatesUtil - >> Create client certificates
2025-01-28 21:21:51,734 DEBUG c.h.helmcharts.util.CertificatesUtil - ........+.+..+....+...+...+........+................+.....+....+.....+.........+......+.+.....+.+...+++++++++++++++++++++++++++++++++++++++++++++++++++++++++++++++++*..+..+.......+.....+.+........+++++++++++++++++++++++++++++++++++++++++++++++++++++++++++++++++*..+........+.......+.....+..........+..+...+.......+......+.....+...+.+.........+......+......+..+.+......+...+.....+................+.....+......+...+...+....+..................+......+..+.........+.+.........+......+.....+.........+...+..............................+...+.......+........+....+.........+..+..........+...+.....+..............................+......+......+..........+.....+....+.....+...+.+..+..........+..................+.....+......+++++++++++++++++++++++++++++++++++++++++++++++++++++++++++++++++
2025-01-28 21:21:51,827 DEBUG c.h.helmcharts.util.CertificatesUtil - .+...+..+...+.+........+...+.......+...+...+.....+....+..+...+............+....+.....+.+.........+..+++++++++++++++++++++++++++++++++++++++++++++++++++++++++++++++++*.+.........+++++++++++++++++++++++++++++++++++++++++++++++++++++++++++++++++*....+....+.....+....+.....+............+....+..+....+...+......+..+....+...+.....+......+.........+......+...............+....+......+.........+..+..........+...+..+....+......+...+....................+......+.......+...+..+..........+..+...+.......+..+.............+..+......+............+......+.+...+...........+.......+........+..........+++++++++++++++++++++++++++++++++++++++++++++++++++++++++++++++++
2025-01-28 21:21:51,831 DEBUG c.h.helmcharts.util.CertificatesUtil - -----
2025-01-28 21:21:51,856 DEBUG c.h.helmcharts.util.CertificatesUtil - >> Import the certificates
2025-01-28 21:21:52,165 DEBUG c.h.helmcharts.util.CertificatesUtil - Certificate was added to keystore
2025-01-28 21:21:52,344 DEBUG c.h.h.t.HelmChartContainer - Executing helm command: /bin/helm --kubeconfig /etc/rancher/k3s/k3s.yaml install test-hivemq-platform /charts/hivemq-platform --wait --timeout 5m0s --set image.repository=docker.io/hivemq --set image.tag=4.36.0 --set image.pullPolicy=Never --set nodes.resources.cpu=512m -f /files/mtls-mqtt-values.yaml --namespace helmplatformmutualtlsit
2025-01-28 21:21:52,571 INFO c.h.h.t.HelmChartContainer - [hivemq-test-hivemq-platform] [hivemq-platform-operator] [bf0c75f1] 21:21:52.570 [-373097727-pool-1-thread-2] WARN  i.m.p.PrometheusMeterRegistry - The meter (MeterId{name='operator.sdk.events.received', tags=[tag(action=ADDED),tag(event=ResourceEvent),tag(group=hivemq.com),tag(kind=HiveMQPlatform),tag(name=test-hivemq-platform),tag(namespace=helmplatformmutualtlsit),tag(scope=namespace),tag(version=v1)]}) registration has failed: Prometheus requires that all meters with the same name have the same set of tag keys. There is already an existing meter named 'operator.sdk.events.received' containing tag keys [event, group, kind, name, namespace, scope, version]. The meter you are attempting to register has keys [action, event, group, kind, name, namespace, scope, version]. Note that subsequent logs will be logged at debug level.
2025-01-28 21:21:53,139 INFO c.h.h.t.HelmChartContainer - [hivemq-test-hivemq-platform] [hivemq-platform-operator] [bf0c75f1] 21:21:53.067 [pool-6-thread-3] DEBUG c.h.p.o.dependants.PodInfoConfigMap - [helmplat] Desired PodInfo ConfigMap (1 extensions) (1 enabled)
2025-01-28 21:21:53,140 INFO c.h.h.t.HelmChartContainer - [hivemq-test-hivemq-platform] [hivemq-platform-operator] [bf0c75f1] 21:21:53.138 [pool-6-thread-3] DEBUG c.h.p.o.dependants.PodInfoConfigMap - [helmplat] Desired PodInfo ConfigMap (metrics port: 9399) (metrics path: /)
2025-01-28 21:21:53,141 INFO c.h.h.t.HelmChartContainer - [hivemq-test-hivemq-platform] [hivemq-platform-operator] [bf0c75f1] 21:21:53.138 [pool-6-thread-3] DEBUG c.h.p.o.dependants.PodInfoConfigMap - [helmplat] Desired PodInfo ConfigMap (extension state hash: -1817474005)
2025-01-28 21:21:53,141 INFO c.h.h.t.HelmChartContainer - [hivemq-test-hivemq-platform] [hivemq-platform-operator] [bf0c75f1] 21:21:53.140 [pool-6-thread-3] DEBUG c.h.p.o.dependants.PodInfoConfigMap - [helmplat] Create PodInfo ConfigMap
2025-01-28 21:21:53,240 INFO c.h.h.t.HelmChartContainer - [hivemq-test-hivemq-platform] [hivemq-platform-operator] [bf0c75f1] 21:21:53.239 [pool-6-thread-5] DEBUG c.h.p.o.dependants.PodRoleResource - [helmplat] Create Role: Role(apiVersion=rbac.authorization.k8s.io/v1, kind=Role, metadata=ObjectMeta(annotations={meta.helm.sh/release-name=test-hivemq-platform, meta.helm.sh/release-namespace=helmplatformmutualtlsit}, creationTimestamp=null, deletionGracePeriodSeconds=null, deletionTimestamp=null, finalizers=[], generateName=null, generation=null, labels={helm.sh/chart=hivemq-platform-0.2.32, app.kubernetes.io/managed-by=Helm, app.kubernetes.io/name=hivemq-platform, hivemq-platform=test-hivemq-platform, app.kubernetes.io/instance=test-hivemq-platform, app.kubernetes.io/version=4.36.0}, managedFields=[], name=hivemq-platform-role-test-hivemq-platform, namespace=helmplatformmutualtlsit, ownerReferences=[OwnerReference(apiVersion=hivemq.com/v1, blockOwnerDeletion=null, controller=null, kind=HiveMQPlatform, name=test-hivemq-platform, uid=99e722bc-a27c-4ad7-b81b-5a70dd9d7306, additionalProperties={})], resourceVersion=null, selfLink=null, uid=null, additionalProperties={}), rules=[PolicyRule(apiGroups=[], nonResourceURLs=[], resourceNames=[], resources=[pods], verbs=[get, patch, update], additionalProperties={})], additionalProperties={})
2025-01-28 21:21:53,343 INFO c.h.h.t.HelmChartContainer - [hivemq-test-hivemq-platform] [hivemq-platform-operator] [bf0c75f1] 21:21:53.342 [pool-6-thread-7] DEBUG c.h.p.o.d.PodServiceAccountResource - [helmplat] Desired PodServiceAccountResource (serviceAccountName: hivemq-platform-pod-test-hivemq-platform)
2025-01-28 21:21:53,354 INFO c.h.h.t.HelmChartContainer - [hivemq-test-hivemq-platform] [hivemq-platform-operator] [bf0c75f1] 21:21:53.351 [pool-6-thread-7] DEBUG c.h.p.o.d.PodServiceAccountResource - [helmplat] Create ServiceAccount 'hivemq-platform-pod-test-hivemq-platform'
2025-01-28 21:21:53,459 INFO c.h.h.t.HelmChartContainer - [hivemq-test-hivemq-platform] [hivemq-platform-operator] [bf0c75f1] 21:21:53.458 [pool-6-thread-10] DEBUG c.h.p.o.d.PodRoleBindingResource - [helmplat] Create RoleBinding: RoleBinding(apiVersion=rbac.authorization.k8s.io/v1, kind=RoleBinding, metadata=ObjectMeta(annotations={meta.helm.sh/release-name=test-hivemq-platform, meta.helm.sh/release-namespace=helmplatformmutualtlsit}, creationTimestamp=null, deletionGracePeriodSeconds=null, deletionTimestamp=null, finalizers=[], generateName=null, generation=null, labels={helm.sh/chart=hivemq-platform-0.2.32, app.kubernetes.io/managed-by=Helm, app.kubernetes.io/name=hivemq-platform, hivemq-platform=test-hivemq-platform, app.kubernetes.io/instance=test-hivemq-platform, app.kubernetes.io/version=4.36.0}, managedFields=[], name=hivemq-platform-role-binding-test-hivemq-platform, namespace=helmplatformmutualtlsit, ownerReferences=[OwnerReference(apiVersion=hivemq.com/v1, blockOwnerDeletion=null, controller=null, kind=HiveMQPlatform, name=test-hivemq-platform, uid=99e722bc-a27c-4ad7-b81b-5a70dd9d7306, additionalProperties={})], resourceVersion=null, selfLink=null, uid=null, additionalProperties={}), roleRef=RoleRef(apiGroup=rbac.authorization.k8s.io, kind=Role, name=hivemq-platform-role-test-hivemq-platform, additionalProperties={}), subjects=[Subject(apiGroup=null, kind=ServiceAccount, name=hivemq-platform-pod-test-hivemq-platform, namespace=helmplatformmutualtlsit, additionalProperties={})], additionalProperties={})
2025-01-28 21:21:53,476 INFO c.h.h.t.HelmChartContainer - [hivemq-test-hivemq-platform] [hivemq-platform-operator] [bf0c75f1] 21:21:53.475 [ReconcilerExecutor-hivemq-controller-54] INFO  c.h.p.o.HiveMQPlatformReconciler - [helmplat] Reconciling HiveMQ Platform 'test-hivemq-platform' in namespace 'helmplatformmutualtlsit'
2025-01-28 21:21:53,477 INFO c.h.h.t.HelmChartContainer - [hivemq-test-hivemq-platform] [hivemq-platform-operator] [bf0c75f1] 21:21:53.476 [ReconcilerExecutor-hivemq-controller-54] DEBUG c.h.p.o.HiveMQPlatformReconciler - [helmplat] Custom Resource Status CREATED - HiveMQ Platform was created (READY)
2025-01-28 21:21:53,477 INFO c.h.h.t.HelmChartContainer - [hivemq-test-hivemq-platform] [hivemq-platform-operator] [bf0c75f1] 21:21:53.476 [ReconcilerExecutor-hivemq-controller-54] DEBUG c.h.p.o.HiveMQPlatformReconciler - [helmplat] Custom Resource Spec (replicas: 1) (extensions: 1)
2025-01-28 21:21:53,552 INFO c.h.h.t.HelmChartContainer - [hivemq-test-hivemq-platform] [hivemq-platform-operator] [bf0c75f1] 21:21:53.552 [ReconcilerExecutor-hivemq-controller-54] INFO  c.h.p.o.h.HiveMQPlatformReconcilerBaseHandler - [helmplat] HiveMQ Platform is starting
2025-01-28 21:21:53,658 INFO c.h.h.t.HelmChartContainer - [hivemq-test-hivemq-platform] [hivemq-platform-operator] [bf0c75f1] 21:21:53.657 [ReconcilerExecutor-hivemq-controller-54] DEBUG c.h.p.operator.event.EventSender - [helmplat] Creating K8s event hivemq-platform-starting: [Start] HiveMQ Platform is starting
2025-01-28 21:21:53,666 INFO c.h.h.t.HelmChartContainer - [EVENT] Normal [Start] HiveMQ Platform is starting [helmplatformmutualtlsit:test-hivemq-platform]
2025-01-28 21:21:53,752 INFO c.h.h.t.HelmChartContainer - [hivemq-test-hivemq-platform] [hivemq-platform-operator] [bf0c75f1] 21:21:53.738 [ReconcilerExecutor-hivemq-controller-54] INFO  c.h.p.o.h.AbstractHiveMQReconcilerStateHandler - [helmplat] Update HiveMQ Platform Status (CREATED [READY] -> STARTING [READY]): HiveMQ Platform is starting
2025-01-28 21:21:53,771 DEBUG com.hivemq.helmcharts.util.K8sUtil - Comparing actual state 'STARTING' and waiting for 'RUNNING'
2025-01-28 21:22:03,859 INFO c.h.h.t.HelmChartContainer - [hivemq-test-hivemq-platform] [hivemq-platform-operator] [bf0c75f1] 21:22:03.856 [pool-6-thread-12] DEBUG c.h.p.o.d.PlatformServiceResource - [helmplat] Desired Platform services (4 services)
2025-01-28 21:22:03,859 INFO c.h.h.t.HelmChartContainer - [hivemq-test-hivemq-platform] [hivemq-platform-operator] [bf0c75f1] 21:22:03.859 [pool-6-thread-17] DEBUG c.h.p.o.d.PodServiceAccountResource - [helmplat] Desired PodServiceAccountResource (serviceAccountName: hivemq-platform-pod-test-hivemq-platform)
2025-01-28 21:22:03,860 INFO c.h.h.t.HelmChartContainer - [hivemq-test-hivemq-platform] [hivemq-platform-operator] [bf0c75f1] 21:22:03.860 [pool-6-thread-13] DEBUG c.h.p.o.dependants.PodInfoConfigMap - [helmplat] Desired PodInfo ConfigMap (1 extensions) (1 enabled)
2025-01-28 21:22:03,864 INFO c.h.h.t.HelmChartContainer - [hivemq-test-hivemq-platform] [hivemq-platform-operator] [bf0c75f1] 21:22:03.860 [pool-6-thread-13] DEBUG c.h.p.o.dependants.PodInfoConfigMap - [helmplat] Desired PodInfo ConfigMap (metrics port: 9399) (metrics path: /)
2025-01-28 21:22:03,864 INFO c.h.h.t.HelmChartContainer - [hivemq-test-hivemq-platform] [hivemq-platform-operator] [bf0c75f1] 21:22:03.860 [pool-6-thread-13] DEBUG c.h.p.o.dependants.PodInfoConfigMap - [helmplat] Desired PodInfo ConfigMap (extension state hash: -1817474005)
2025-01-28 21:22:03,867 INFO c.h.h.t.HelmChartContainer - [hivemq-test-hivemq-platform] [hivemq-platform-operator] [bf0c75f1] 21:22:03.866 [pool-6-thread-13] DEBUG c.h.p.o.dependants.PodInfoConfigMap - [helmplat] Update PodInfo ConfigMap
2025-01-28 21:22:03,961 INFO c.h.h.t.HelmChartContainer - [K3S] [alloc.go:330] "allocated clusterIPs" service="helmplatformmutualtlsit/hivemq-test-hivemq-platform-metrics-9399" clusterIPs={"IPv4":"10.43.248.220"}
2025-01-28 21:22:03,982 INFO c.h.h.t.HelmChartContainer - [K3S] [alloc.go:330] "allocated clusterIPs" service="helmplatformmutualtlsit/hivemq-test-hivemq-platform-mqtt-1884" clusterIPs={"IPv4":"10.43.245.223"}
2025-01-28 21:22:04,062 INFO c.h.h.t.HelmChartContainer - [K3S] [alloc.go:330] "allocated clusterIPs" service="helmplatformmutualtlsit/hivemq-test-hivemq-platform-mqtt-1883" clusterIPs={"IPv4":"10.43.21.161"}
2025-01-28 21:22:04,076 INFO c.h.h.t.HelmChartContainer - [K3S] [alloc.go:330] "allocated clusterIPs" service="helmplatformmutualtlsit/hivemq-test-hivemq-platform-mqtt-1885" clusterIPs={"IPv4":"10.43.158.118"}
2025-01-28 21:22:04,155 INFO c.h.h.t.HelmChartContainer - [hivemq-test-hivemq-platform] [hivemq-platform-operator] [bf0c75f1] 21:22:04.151 [pool-6-thread-20] DEBUG c.h.p.o.d.StatefulSetResource - [helmplat] Desired StatefulSet (1 replicas) for status STARTING (READY)
2025-01-28 21:22:04,170 INFO c.h.h.t.HelmChartContainer - [hivemq-test-hivemq-platform] [hivemq-platform-operator] [bf0c75f1] 21:22:04.169 [pool-6-thread-20] DEBUG c.h.p.o.d.StatefulSetResource - [helmplat] Create StatefulSet
2025-01-28 21:22:04,267 INFO c.h.h.t.HelmChartContainer - [hivemq-test-hivemq-platform] [hivemq-platform-operator] [bf0c75f1] 21:22:04.265 [ReconcilerExecutor-hivemq-controller-65] INFO  c.h.p.o.HiveMQPlatformReconciler - [helmplat] Reconciling HiveMQ Platform 'test-hivemq-platform' in namespace 'helmplatformmutualtlsit'
2025-01-28 21:22:04,267 INFO c.h.h.t.HelmChartContainer - [hivemq-test-hivemq-platform] [hivemq-platform-operator] [bf0c75f1] 21:22:04.265 [ReconcilerExecutor-hivemq-controller-65] DEBUG c.h.p.o.HiveMQPlatformReconciler - [helmplat] Custom Resource Status STARTING - HiveMQ Platform is starting (READY)
2025-01-28 21:22:04,267 INFO c.h.h.t.HelmChartContainer - [hivemq-test-hivemq-platform] [hivemq-platform-operator] [bf0c75f1] 21:22:04.265 [ReconcilerExecutor-hivemq-controller-65] DEBUG c.h.p.o.HiveMQPlatformReconciler - [helmplat] Custom Resource Spec (replicas: 1) (extensions: 1)
2025-01-28 21:22:04,275 INFO c.h.h.t.HelmChartContainer - [hivemq-test-hivemq-platform] [hivemq-platform-operator] [bf0c75f1] 21:22:04.273 [ReconcilerExecutor-hivemq-controller-65] DEBUG c.h.p.o.HiveMQPlatformReconciler - [helmplat] StatefulSet Status (revision: null, replicas: 0, available: 0, ready: 0, current: 0, updated: 0)
2025-01-28 21:22:04,275 INFO c.h.h.t.HelmChartContainer - [hivemq-test-hivemq-platform] [hivemq-platform-operator] [bf0c75f1] 21:22:04.274 [ReconcilerExecutor-hivemq-controller-65] DEBUG c.h.p.o.HiveMQPlatformReconciler - [helmplat] StatefulSet Spec (replicas: 1, init containers: 1, containers: 1, volumes: 7)
2025-01-28 21:22:04,278 INFO c.h.h.t.HelmChartContainer - [POD] test-hivemq-platform-0 [dc9ba2f4-0e2e-4cb6-81d4-765b8b9a01cc] in helmplatformmutualtlsit was ADDED
2025-01-28 21:22:04,281 INFO c.h.h.t.HelmChartContainer - [EVENT] Normal [SuccessfulCreate] create Pod test-hivemq-platform-0 in StatefulSet test-hivemq-platform successful [helmplatformmutualtlsit:test-hivemq-platform]
2025-01-28 21:22:04,282 INFO c.h.h.t.HelmChartContainer - [POD] test-hivemq-platform-0 [dc9ba2f4-0e2e-4cb6-81d4-765b8b9a01cc] in helmplatformmutualtlsit was MODIFIED
2025-01-28 21:22:04,287 INFO c.h.h.t.HelmChartContainer - [EVENT] Normal [Scheduled] Successfully assigned helmplatformmutualtlsit/test-hivemq-platform-0 to ffcddaa7d7fe [helmplatformmutualtlsit:test-hivemq-platform-0]
2025-01-28 21:22:04,297 INFO c.h.h.t.HelmChartContainer - [POD] test-hivemq-platform-0 [dc9ba2f4-0e2e-4cb6-81d4-765b8b9a01cc] in helmplatformmutualtlsit was MODIFIED
2025-01-28 21:22:04,357 INFO c.h.h.t.HelmChartContainer - [hivemq-test-hivemq-platform] [hivemq-platform-operator] [bf0c75f1] 21:22:04.354 [ReconcilerExecutor-hivemq-controller-65] INFO  c.h.p.o.h.HiveMQPlatformReconcilerBaseHandler - [helmplat] HiveMQ Platform is starting, 0 of 1 replicas are ready
2025-01-28 21:22:04,422 INFO c.h.h.t.HelmChartContainer - [K3S] [reconciler_common.go:251] "operationExecutor.VerifyControllerAttachedVolume started for volume \"pod-info\" (UniqueName: \"kubernetes.io/configmap/dc9ba2f4-0e2e-4cb6-81d4-765b8b9a01cc-pod-info\") pod \"test-hivemq-platform-0\" (UID: \"dc9ba2f4-0e2e-4cb6-81d4-765b8b9a01cc\") " pod="helmplatformmutualtlsit/test-hivemq-platform-0"
2025-01-28 21:22:04,422 INFO c.h.h.t.HelmChartContainer - [K3S] [reconciler_common.go:251] "operationExecutor.VerifyControllerAttachedVolume started for volume \"kube-api-access-5z2hl\" (UniqueName: \"kubernetes.io/projected/dc9ba2f4-0e2e-4cb6-81d4-765b8b9a01cc-kube-api-access-5z2hl\") pod \"test-hivemq-platform-0\" (UID: \"dc9ba2f4-0e2e-4cb6-81d4-765b8b9a01cc\") " pod="helmplatformmutualtlsit/test-hivemq-platform-0"
2025-01-28 21:22:04,422 INFO c.h.h.t.HelmChartContainer - [K3S] [reconciler_common.go:251] "operationExecutor.VerifyControllerAttachedVolume started for volume \"mqtts-keystore-1885\" (UniqueName: \"kubernetes.io/secret/dc9ba2f4-0e2e-4cb6-81d4-765b8b9a01cc-mqtts-keystore-1885\") pod \"test-hivemq-platform-0\" (UID: \"dc9ba2f4-0e2e-4cb6-81d4-765b8b9a01cc\") " pod="helmplatformmutualtlsit/test-hivemq-platform-0"
2025-01-28 21:22:04,423 INFO c.h.h.t.HelmChartContainer - [K3S] [reconciler_common.go:251] "operationExecutor.VerifyControllerAttachedVolume started for volume \"mqtts-keystore-1884\" (UniqueName: \"kubernetes.io/secret/dc9ba2f4-0e2e-4cb6-81d4-765b8b9a01cc-mqtts-keystore-1884\") pod \"test-hivemq-platform-0\" (UID: \"dc9ba2f4-0e2e-4cb6-81d4-765b8b9a01cc\") " pod="helmplatformmutualtlsit/test-hivemq-platform-0"
2025-01-28 21:22:04,423 INFO c.h.h.t.HelmChartContainer - [K3S] [reconciler_common.go:251] "operationExecutor.VerifyControllerAttachedVolume started for volume \"mqtts-truststore-1885\" (UniqueName: \"kubernetes.io/secret/dc9ba2f4-0e2e-4cb6-81d4-765b8b9a01cc-mqtts-truststore-1885\") pod \"test-hivemq-platform-0\" (UID: \"dc9ba2f4-0e2e-4cb6-81d4-765b8b9a01cc\") " pod="helmplatformmutualtlsit/test-hivemq-platform-0"
2025-01-28 21:22:04,423 INFO c.h.h.t.HelmChartContainer - [K3S] [reconciler_common.go:251] "operationExecutor.VerifyControllerAttachedVolume started for volume \"broker-configuration\" (UniqueName: \"kubernetes.io/configmap/dc9ba2f4-0e2e-4cb6-81d4-765b8b9a01cc-broker-configuration\") pod \"test-hivemq-platform-0\" (UID: \"dc9ba2f4-0e2e-4cb6-81d4-765b8b9a01cc\") " pod="helmplatformmutualtlsit/test-hivemq-platform-0"
2025-01-28 21:22:04,423 INFO c.h.h.t.HelmChartContainer - [K3S] [reconciler_common.go:251] "operationExecutor.VerifyControllerAttachedVolume started for volume \"operator-init\" (UniqueName: \"kubernetes.io/empty-dir/dc9ba2f4-0e2e-4cb6-81d4-765b8b9a01cc-operator-init\") pod \"test-hivemq-platform-0\" (UID: \"dc9ba2f4-0e2e-4cb6-81d4-765b8b9a01cc\") " pod="helmplatformmutualtlsit/test-hivemq-platform-0"
2025-01-28 21:22:04,423 INFO c.h.h.t.HelmChartContainer - [K3S] [reconciler_common.go:251] "operationExecutor.VerifyControllerAttachedVolume started for volume \"mqtts-truststore-1884\" (UniqueName: \"kubernetes.io/secret/dc9ba2f4-0e2e-4cb6-81d4-765b8b9a01cc-mqtts-truststore-1884\") pod \"test-hivemq-platform-0\" (UID: \"dc9ba2f4-0e2e-4cb6-81d4-765b8b9a01cc\") " pod="helmplatformmutualtlsit/test-hivemq-platform-0"
2025-01-28 21:22:04,454 INFO c.h.h.t.HelmChartContainer - [hivemq-test-hivemq-platform] [hivemq-platform-operator] [bf0c75f1] 21:22:04.452 [pool-6-thread-22] DEBUG c.h.p.o.d.PlatformServiceResource - [helmplat] Desired Platform services (4 services)
2025-01-28 21:22:04,456 INFO c.h.h.t.HelmChartContainer - [hivemq-test-hivemq-platform] [hivemq-platform-operator] [bf0c75f1] 21:22:04.455 [pool-6-thread-23] DEBUG c.h.p.o.dependants.PodInfoConfigMap - [helmplat] Desired PodInfo ConfigMap (1 extensions) (1 enabled)
2025-01-28 21:22:04,456 INFO c.h.h.t.HelmChartContainer - [hivemq-test-hivemq-platform] [hivemq-platform-operator] [bf0c75f1] 21:22:04.456 [pool-6-thread-23] DEBUG c.h.p.o.dependants.PodInfoConfigMap - [helmplat] Desired PodInfo ConfigMap (metrics port: 9399) (metrics path: /)
2025-01-28 21:22:04,456 INFO c.h.h.t.HelmChartContainer - [hivemq-test-hivemq-platform] [hivemq-platform-operator] [bf0c75f1] 21:22:04.456 [pool-6-thread-23] DEBUG c.h.p.o.dependants.PodInfoConfigMap - [helmplat] Desired PodInfo ConfigMap (extension state hash: -1817474005)
2025-01-28 21:22:04,463 INFO c.h.h.t.HelmChartContainer - [hivemq-test-hivemq-platform] [hivemq-platform-operator] [bf0c75f1] 21:22:04.462 [pool-6-thread-27] DEBUG c.h.p.o.d.PodServiceAccountResource - [helmplat] Desired PodServiceAccountResource (serviceAccountName: hivemq-platform-pod-test-hivemq-platform)
2025-01-28 21:22:04,563 INFO c.h.h.t.HelmChartContainer - [hivemq-test-hivemq-platform] [hivemq-platform-operator] [bf0c75f1] 21:22:04.562 [pool-6-thread-30] DEBUG c.h.p.o.d.StatefulSetResource - [helmplat] Desired StatefulSet (1 replicas) for status STARTING (READY)
2025-01-28 21:22:04,571 INFO c.h.h.t.HelmChartContainer - [hivemq-test-hivemq-platform] [hivemq-platform-operator] [bf0c75f1] 21:22:04.570 [ReconcilerExecutor-hivemq-controller-76] INFO  c.h.p.o.HiveMQPlatformReconciler - [helmplat] Reconciling HiveMQ Platform 'test-hivemq-platform' in namespace 'helmplatformmutualtlsit'
2025-01-28 21:22:04,572 INFO c.h.h.t.HelmChartContainer - [hivemq-test-hivemq-platform] [hivemq-platform-operator] [bf0c75f1] 21:22:04.570 [ReconcilerExecutor-hivemq-controller-76] DEBUG c.h.p.o.HiveMQPlatformReconciler - [helmplat] Custom Resource Status STARTING - HiveMQ Platform is starting (READY)
2025-01-28 21:22:04,572 INFO c.h.h.t.HelmChartContainer - [hivemq-test-hivemq-platform] [hivemq-platform-operator] [bf0c75f1] 21:22:04.570 [ReconcilerExecutor-hivemq-controller-76] DEBUG c.h.p.o.HiveMQPlatformReconciler - [helmplat] Custom Resource Spec (replicas: 1) (extensions: 1)
2025-01-28 21:22:04,573 INFO c.h.h.t.HelmChartContainer - [hivemq-test-hivemq-platform] [hivemq-platform-operator] [bf0c75f1] 21:22:04.573 [ReconcilerExecutor-hivemq-controller-76] DEBUG c.h.p.o.HiveMQPlatformReconciler - [helmplat] StatefulSet Status (revision: test-hivemq-platform-77cb44dc4d, replicas: 1, available: 0, ready: 0, current: 1, updated: 1)
2025-01-28 21:22:04,573 INFO c.h.h.t.HelmChartContainer - [hivemq-test-hivemq-platform] [hivemq-platform-operator] [bf0c75f1] 21:22:04.573 [ReconcilerExecutor-hivemq-controller-76] DEBUG c.h.p.o.HiveMQPlatformReconciler - [helmplat] StatefulSet Spec (replicas: 1, init containers: 1, containers: 1, volumes: 7)
2025-01-28 21:22:04,669 INFO c.h.h.t.HelmChartContainer - [hivemq-test-hivemq-platform] [hivemq-platform-operator] [bf0c75f1] 21:22:04.666 [ReconcilerExecutor-hivemq-controller-76] DEBUG c.h.p.o.h.HiveMQPlatformReconcilerErrorHandler - [helmplat] Pod 'test-hivemq-platform-0' phase Pending
2025-01-28 21:22:04,669 INFO c.h.h.t.HelmChartContainer - [hivemq-test-hivemq-platform] [hivemq-platform-operator] [bf0c75f1] 21:22:04.667 [ReconcilerExecutor-hivemq-controller-76] DEBUG c.h.p.o.h.HiveMQPlatformReconcilerErrorHandler - [helmplat] Pod 'test-hivemq-platform-0' condition 'PodReadyToStartContainers': False
2025-01-28 21:22:04,669 INFO c.h.h.t.HelmChartContainer - [hivemq-test-hivemq-platform] [hivemq-platform-operator] [bf0c75f1] 21:22:04.667 [ReconcilerExecutor-hivemq-controller-76] DEBUG c.h.p.o.h.HiveMQPlatformReconcilerErrorHandler - [helmplat] Pod 'test-hivemq-platform-0' condition 'Initialized': False
2025-01-28 21:22:04,669 INFO c.h.h.t.HelmChartContainer - [hivemq-test-hivemq-platform] [hivemq-platform-operator] [bf0c75f1] 21:22:04.668 [ReconcilerExecutor-hivemq-controller-76] DEBUG c.h.p.o.h.HiveMQPlatformReconcilerErrorHandler - [helmplat] Pod 'test-hivemq-platform-0' condition 'Ready': False
2025-01-28 21:22:04,669 INFO c.h.h.t.HelmChartContainer - [hivemq-test-hivemq-platform] [hivemq-platform-operator] [bf0c75f1] 21:22:04.668 [ReconcilerExecutor-hivemq-controller-76] DEBUG c.h.p.o.h.HiveMQPlatformReconcilerErrorHandler - [helmplat] Pod 'test-hivemq-platform-0' condition 'ContainersReady': False
2025-01-28 21:22:04,669 INFO c.h.h.t.HelmChartContainer - [hivemq-test-hivemq-platform] [hivemq-platform-operator] [bf0c75f1] 21:22:04.668 [ReconcilerExecutor-hivemq-controller-76] DEBUG c.h.p.o.h.HiveMQPlatformReconcilerErrorHandler - [helmplat] Pod 'test-hivemq-platform-0' condition 'PodScheduled': True
2025-01-28 21:22:04,670 INFO c.h.h.t.HelmChartContainer - [hivemq-test-hivemq-platform] [hivemq-platform-operator] [bf0c75f1] 21:22:04.668 [ReconcilerExecutor-hivemq-controller-76] DEBUG c.h.p.o.h.HiveMQPlatformReconcilerErrorHandler - [helmplat] Pod 'test-hivemq-platform-0' containerStatus 'hivemq' (started: false) (ready: false) (waiting: [PodInitializing] null)
2025-01-28 21:22:04,672 INFO c.h.h.t.HelmChartContainer - [hivemq-test-hivemq-platform] [hivemq-platform-operator] [bf0c75f1] 21:22:04.671 [ReconcilerExecutor-hivemq-controller-76] INFO  c.h.p.o.h.HiveMQPlatformReconcilerBaseHandler - [helmplat] HiveMQ Platform is starting, 0 of 1 replicas are ready
2025-01-28 21:22:04,675 INFO c.h.h.t.HelmChartContainer - [EVENT] Normal [Pulled] Container image "docker.io/hivemq/hivemq-platform-operator-init-test:snapshot" already present on machine [helmplatformmutualtlsit:test-hivemq-platform-0]
2025-01-28 21:22:04,681 INFO c.h.h.t.HelmChartContainer - [EVENT] Normal [Created] Created container: hivemq-platform-operator-init [helmplatformmutualtlsit:test-hivemq-platform-0]
2025-01-28 21:22:04,717 INFO c.h.h.t.HelmChartContainer - [EVENT] Normal [Started] Started container hivemq-platform-operator-init [helmplatformmutualtlsit:test-hivemq-platform-0]
2025-01-28 21:22:04,758 INFO c.h.h.t.HelmChartContainer - [hivemq-test-hivemq-platform] [hivemq-platform-operator] [bf0c75f1] 21:22:04.756 [pool-6-thread-32] DEBUG c.h.p.o.d.PlatformServiceResource - [helmplat] Desired Platform services (4 services)
2025-01-28 21:22:04,759 INFO c.h.h.t.HelmChartContainer - [hivemq-test-hivemq-platform] [hivemq-platform-operator] [bf0c75f1] 21:22:04.757 [pool-6-thread-33] DEBUG c.h.p.o.dependants.PodInfoConfigMap - [helmplat] Desired PodInfo ConfigMap (1 extensions) (1 enabled)
2025-01-28 21:22:04,759 INFO c.h.h.t.HelmChartContainer - [hivemq-test-hivemq-platform] [hivemq-platform-operator] [bf0c75f1] 21:22:04.757 [pool-6-thread-33] DEBUG c.h.p.o.dependants.PodInfoConfigMap - [helmplat] Desired PodInfo ConfigMap (metrics port: 9399) (metrics path: /)
2025-01-28 21:22:04,759 INFO c.h.h.t.HelmChartContainer - [hivemq-test-hivemq-platform] [hivemq-platform-operator] [bf0c75f1] 21:22:04.758 [pool-6-thread-33] DEBUG c.h.p.o.dependants.PodInfoConfigMap - [helmplat] Desired PodInfo ConfigMap (extension state hash: -1817474005)
2025-01-28 21:22:04,761 INFO c.h.h.t.HelmChartContainer - [hivemq-test-hivemq-platform] [hivemq-platform-operator] [bf0c75f1] 21:22:04.760 [pool-6-thread-37] DEBUG c.h.p.o.d.PodServiceAccountResource - [helmplat] Desired PodServiceAccountResource (serviceAccountName: hivemq-platform-pod-test-hivemq-platform)
2025-01-28 21:22:04,854 INFO c.h.h.t.HelmChartContainer - [hivemq-test-hivemq-platform] [hivemq-platform-operator] [bf0c75f1] 21:22:04.851 [pool-6-thread-40] DEBUG c.h.p.o.d.StatefulSetResource - [helmplat] Desired StatefulSet (1 replicas) for status STARTING (READY)
2025-01-28 21:22:04,859 INFO c.h.h.t.HelmChartContainer - [hivemq-test-hivemq-platform] [hivemq-platform-operator] [bf0c75f1] 21:22:04.858 [ReconcilerExecutor-hivemq-controller-87] INFO  c.h.p.o.HiveMQPlatformReconciler - [helmplat] Reconciling HiveMQ Platform 'test-hivemq-platform' in namespace 'helmplatformmutualtlsit'
2025-01-28 21:22:04,860 INFO c.h.h.t.HelmChartContainer - [hivemq-test-hivemq-platform] [hivemq-platform-operator] [bf0c75f1] 21:22:04.858 [ReconcilerExecutor-hivemq-controller-87] DEBUG c.h.p.o.HiveMQPlatformReconciler - [helmplat] Custom Resource Status STARTING - HiveMQ Platform is starting (READY)
2025-01-28 21:22:04,860 INFO c.h.h.t.HelmChartContainer - [hivemq-test-hivemq-platform] [hivemq-platform-operator] [bf0c75f1] 21:22:04.858 [ReconcilerExecutor-hivemq-controller-87] DEBUG c.h.p.o.HiveMQPlatformReconciler - [helmplat] Custom Resource Spec (replicas: 1) (extensions: 1)
2025-01-28 21:22:04,864 INFO c.h.h.t.HelmChartContainer - [hivemq-test-hivemq-platform] [hivemq-platform-operator] [bf0c75f1] 21:22:04.862 [ReconcilerExecutor-hivemq-controller-87] DEBUG c.h.p.o.HiveMQPlatformReconciler - [helmplat] StatefulSet Status (revision: test-hivemq-platform-77cb44dc4d, replicas: 1, available: 0, ready: 0, current: 1, updated: 1)
2025-01-28 21:22:04,864 INFO c.h.h.t.HelmChartContainer - [hivemq-test-hivemq-platform] [hivemq-platform-operator] [bf0c75f1] 21:22:04.862 [ReconcilerExecutor-hivemq-controller-87] DEBUG c.h.p.o.HiveMQPlatformReconciler - [helmplat] StatefulSet Spec (replicas: 1, init containers: 1, containers: 1, volumes: 7)
2025-01-28 21:22:04,865 INFO c.h.h.t.HelmChartContainer - [hivemq-test-hivemq-platform] [hivemq-platform-operator] [bf0c75f1] 21:22:04.864 [ReconcilerExecutor-hivemq-controller-87] DEBUG c.h.p.o.h.HiveMQPlatformReconcilerErrorHandler - [helmplat] Pod 'test-hivemq-platform-0' phase Pending
2025-01-28 21:22:04,866 INFO c.h.h.t.HelmChartContainer - [hivemq-test-hivemq-platform] [hivemq-platform-operator] [bf0c75f1] 21:22:04.864 [ReconcilerExecutor-hivemq-controller-87] DEBUG c.h.p.o.h.HiveMQPlatformReconcilerErrorHandler - [helmplat] Pod 'test-hivemq-platform-0' condition 'PodReadyToStartContainers': False
2025-01-28 21:22:04,866 INFO c.h.h.t.HelmChartContainer - [hivemq-test-hivemq-platform] [hivemq-platform-operator] [bf0c75f1] 21:22:04.864 [ReconcilerExecutor-hivemq-controller-87] DEBUG c.h.p.o.h.HiveMQPlatformReconcilerErrorHandler - [helmplat] Pod 'test-hivemq-platform-0' condition 'Initialized': False
2025-01-28 21:22:04,866 INFO c.h.h.t.HelmChartContainer - [hivemq-test-hivemq-platform] [hivemq-platform-operator] [bf0c75f1] 21:22:04.865 [ReconcilerExecutor-hivemq-controller-87] DEBUG c.h.p.o.h.HiveMQPlatformReconcilerErrorHandler - [helmplat] Pod 'test-hivemq-platform-0' condition 'Ready': False
2025-01-28 21:22:04,866 INFO c.h.h.t.HelmChartContainer - [hivemq-test-hivemq-platform] [hivemq-platform-operator] [bf0c75f1] 21:22:04.865 [ReconcilerExecutor-hivemq-controller-87] DEBUG c.h.p.o.h.HiveMQPlatformReconcilerErrorHandler - [helmplat] Pod 'test-hivemq-platform-0' condition 'ContainersReady': False
2025-01-28 21:22:04,867 INFO c.h.h.t.HelmChartContainer - [hivemq-test-hivemq-platform] [hivemq-platform-operator] [bf0c75f1] 21:22:04.865 [ReconcilerExecutor-hivemq-controller-87] DEBUG c.h.p.o.h.HiveMQPlatformReconcilerErrorHandler - [helmplat] Pod 'test-hivemq-platform-0' condition 'PodScheduled': True
2025-01-28 21:22:04,867 INFO c.h.h.t.HelmChartContainer - [hivemq-test-hivemq-platform] [hivemq-platform-operator] [bf0c75f1] 21:22:04.865 [ReconcilerExecutor-hivemq-controller-87] DEBUG c.h.p.o.h.HiveMQPlatformReconcilerErrorHandler - [helmplat] Pod 'test-hivemq-platform-0' containerStatus 'hivemq' (started: false) (ready: false) (waiting: [PodInitializing] null)
2025-01-28 21:22:04,867 INFO c.h.h.t.HelmChartContainer - [hivemq-test-hivemq-platform] [hivemq-platform-operator] [bf0c75f1] 21:22:04.866 [ReconcilerExecutor-hivemq-controller-87] INFO  c.h.p.o.h.HiveMQPlatformReconcilerBaseHandler - [helmplat] HiveMQ Platform is starting, 0 of 1 replicas are ready
2025-01-28 21:22:05,501 INFO c.h.h.t.HelmChartContainer - [EVENT] Normal [Pulled] Container image "docker.io/hivemq/hivemq4:4.36.0" already present on machine [helmplatformmutualtlsit:test-hivemq-platform-0]
2025-01-28 21:22:05,501 INFO c.h.h.t.HelmChartContainer - Received Pulled event for container hivemq in pod test-hivemq-platform-0 [dc9ba2f4-0e2e-4cb6-81d4-765b8b9a01cc]
2025-01-28 21:22:05,514 INFO c.h.h.t.HelmChartContainer - [POD] test-hivemq-platform-0 [dc9ba2f4-0e2e-4cb6-81d4-765b8b9a01cc] in helmplatformmutualtlsit was MODIFIED
2025-01-28 21:22:05,520 INFO c.h.h.t.HelmChartContainer - [EVENT] Normal [Created] Created container: hivemq [helmplatformmutualtlsit:test-hivemq-platform-0]
2025-01-28 21:22:05,520 INFO c.h.h.t.HelmChartContainer - Received Created event for container hivemq in pod test-hivemq-platform-0 [dc9ba2f4-0e2e-4cb6-81d4-765b8b9a01cc]
2025-01-28 21:22:05,538 INFO c.h.h.t.HelmChartContainer - [hivemq-test-hivemq-platform] [hivemq-platform-operator] [bf0c75f1] 21:22:05.532 [pool-6-thread-42] DEBUG c.h.p.o.d.PlatformServiceResource - [helmplat] Desired Platform services (4 services)
2025-01-28 21:22:05,543 INFO c.h.h.t.HelmChartContainer - [hivemq-test-hivemq-platform] [hivemq-platform-operator] [bf0c75f1] 21:22:05.536 [pool-6-thread-43] DEBUG c.h.p.o.dependants.PodInfoConfigMap - [helmplat] Desired PodInfo ConfigMap (1 extensions) (1 enabled)
2025-01-28 21:22:05,543 INFO c.h.h.t.HelmChartContainer - [hivemq-test-hivemq-platform] [hivemq-platform-operator] [bf0c75f1] 21:22:05.536 [pool-6-thread-43] DEBUG c.h.p.o.dependants.PodInfoConfigMap - [helmplat] Desired PodInfo ConfigMap (metrics port: 9399) (metrics path: /)
2025-01-28 21:22:05,543 INFO c.h.h.t.HelmChartContainer - [hivemq-test-hivemq-platform] [hivemq-platform-operator] [bf0c75f1] 21:22:05.536 [pool-6-thread-43] DEBUG c.h.p.o.dependants.PodInfoConfigMap - [helmplat] Desired PodInfo ConfigMap (extension state hash: -1817474005)
2025-01-28 21:22:05,544 INFO c.h.h.t.HelmChartContainer - [hivemq-test-hivemq-platform] [hivemq-platform-operator] [bf0c75f1] 21:22:05.539 [pool-6-thread-47] DEBUG c.h.p.o.d.PodServiceAccountResource - [helmplat] Desired PodServiceAccountResource (serviceAccountName: hivemq-platform-pod-test-hivemq-platform)
2025-01-28 21:22:05,566 INFO c.h.h.t.HelmChartContainer - [hivemq-test-hivemq-platform] [hivemq-platform-operator] [bf0c75f1] 21:22:05.564 [pool-6-thread-50] DEBUG c.h.p.o.d.StatefulSetResource - [helmplat] Desired StatefulSet (1 replicas) for status STARTING (READY)
2025-01-28 21:22:05,641 INFO c.h.h.t.HelmChartContainer - [hivemq-test-hivemq-platform] [hivemq-platform-operator] [bf0c75f1] 21:22:05.640 [ReconcilerExecutor-hivemq-controller-98] INFO  c.h.p.o.HiveMQPlatformReconciler - [helmplat] Reconciling HiveMQ Platform 'test-hivemq-platform' in namespace 'helmplatformmutualtlsit'
2025-01-28 21:22:05,641 INFO c.h.h.t.HelmChartContainer - [hivemq-test-hivemq-platform] [hivemq-platform-operator] [bf0c75f1] 21:22:05.640 [ReconcilerExecutor-hivemq-controller-98] DEBUG c.h.p.o.HiveMQPlatformReconciler - [helmplat] Custom Resource Status STARTING - HiveMQ Platform is starting (READY)
2025-01-28 21:22:05,641 INFO c.h.h.t.HelmChartContainer - [hivemq-test-hivemq-platform] [hivemq-platform-operator] [bf0c75f1] 21:22:05.640 [ReconcilerExecutor-hivemq-controller-98] DEBUG c.h.p.o.HiveMQPlatformReconciler - [helmplat] Custom Resource Spec (replicas: 1) (extensions: 1)
2025-01-28 21:22:05,644 INFO c.h.h.t.HelmChartContainer - [hivemq-test-hivemq-platform] [hivemq-platform-operator] [bf0c75f1] 21:22:05.643 [ReconcilerExecutor-hivemq-controller-98] DEBUG c.h.p.o.HiveMQPlatformReconciler - [helmplat] StatefulSet Status (revision: test-hivemq-platform-77cb44dc4d, replicas: 1, available: 0, ready: 0, current: 1, updated: 1)
2025-01-28 21:22:05,644 INFO c.h.h.t.HelmChartContainer - [hivemq-test-hivemq-platform] [hivemq-platform-operator] [bf0c75f1] 21:22:05.644 [ReconcilerExecutor-hivemq-controller-98] DEBUG c.h.p.o.HiveMQPlatformReconciler - [helmplat] StatefulSet Spec (replicas: 1, init containers: 1, containers: 1, volumes: 7)
2025-01-28 21:22:05,648 INFO c.h.h.t.HelmChartContainer - [hivemq-test-hivemq-platform] [hivemq-platform-operator] [bf0c75f1] 21:22:05.647 [ReconcilerExecutor-hivemq-controller-98] DEBUG c.h.p.o.h.HiveMQPlatformReconcilerErrorHandler - [helmplat] Pod 'test-hivemq-platform-0' phase Pending
2025-01-28 21:22:05,653 INFO c.h.h.t.HelmChartContainer - [hivemq-test-hivemq-platform] [hivemq-platform-operator] [bf0c75f1] 21:22:05.651 [ReconcilerExecutor-hivemq-controller-98] DEBUG c.h.p.o.h.HiveMQPlatformReconcilerErrorHandler - [helmplat] Pod 'test-hivemq-platform-0' condition 'PodReadyToStartContainers': True
2025-01-28 21:22:05,653 INFO c.h.h.t.HelmChartContainer - [hivemq-test-hivemq-platform] [hivemq-platform-operator] [bf0c75f1] 21:22:05.651 [ReconcilerExecutor-hivemq-controller-98] DEBUG c.h.p.o.h.HiveMQPlatformReconcilerErrorHandler - [helmplat] Pod 'test-hivemq-platform-0' condition 'Initialized': True
2025-01-28 21:22:05,653 INFO c.h.h.t.HelmChartContainer - [hivemq-test-hivemq-platform] [hivemq-platform-operator] [bf0c75f1] 21:22:05.651 [ReconcilerExecutor-hivemq-controller-98] DEBUG c.h.p.o.h.HiveMQPlatformReconcilerErrorHandler - [helmplat] Pod 'test-hivemq-platform-0' condition 'Ready': False
2025-01-28 21:22:05,654 INFO c.h.h.t.HelmChartContainer - [hivemq-test-hivemq-platform] [hivemq-platform-operator] [bf0c75f1] 21:22:05.651 [ReconcilerExecutor-hivemq-controller-98] DEBUG c.h.p.o.h.HiveMQPlatformReconcilerErrorHandler - [helmplat] Pod 'test-hivemq-platform-0' condition 'ContainersReady': False
2025-01-28 21:22:05,654 INFO c.h.h.t.HelmChartContainer - [hivemq-test-hivemq-platform] [hivemq-platform-operator] [bf0c75f1] 21:22:05.651 [ReconcilerExecutor-hivemq-controller-98] DEBUG c.h.p.o.h.HiveMQPlatformReconcilerErrorHandler - [helmplat] Pod 'test-hivemq-platform-0' condition 'PodScheduled': True
2025-01-28 21:22:05,654 INFO c.h.h.t.HelmChartContainer - [hivemq-test-hivemq-platform] [hivemq-platform-operator] [bf0c75f1] 21:22:05.651 [ReconcilerExecutor-hivemq-controller-98] DEBUG c.h.p.o.h.HiveMQPlatformReconcilerErrorHandler - [helmplat] Pod 'test-hivemq-platform-0' containerStatus 'hivemq' (started: false) (ready: false) (waiting: [PodInitializing] null)
2025-01-28 21:22:05,654 INFO c.h.h.t.HelmChartContainer - [hivemq-test-hivemq-platform] [hivemq-platform-operator] [bf0c75f1] 21:22:05.652 [ReconcilerExecutor-hivemq-controller-98] INFO  c.h.p.o.h.HiveMQPlatformReconcilerBaseHandler - [helmplat] HiveMQ Platform is starting, 0 of 1 replicas are ready
2025-01-28 21:22:06,511 INFO c.h.h.t.HelmChartContainer - [POD] test-hivemq-platform-0 [dc9ba2f4-0e2e-4cb6-81d4-765b8b9a01cc] in helmplatformmutualtlsit was MODIFIED
2025-01-28 21:22:06,520 INFO c.h.h.t.HelmChartContainer - [EVENT] Normal [Started] Started container hivemq [helmplatformmutualtlsit:test-hivemq-platform-0]
2025-01-28 21:22:06,520 INFO c.h.h.t.HelmChartContainer - Received Started event for container hivemq in pod test-hivemq-platform-0 [dc9ba2f4-0e2e-4cb6-81d4-765b8b9a01cc]
2025-01-28 21:22:06,520 INFO c.h.h.t.HelmChartContainer - Started log watcher for hivemq in pod test-hivemq-platform-0 [dc9ba2f4-0e2e-4cb6-81d4-765b8b9a01cc]
2025-01-28 21:22:06,521 INFO c.h.h.t.HelmChartContainer - [test-hivemq-platform] [hivemq] [dc9ba2f4] Adding pre-installed HiveMQ Platform Operator extensions
2025-01-28 21:22:06,522 INFO c.h.h.t.HelmChartContainer - [test-hivemq-platform] [hivemq] [dc9ba2f4] Running as user 10000
2025-01-28 21:22:06,522 INFO c.h.h.t.HelmChartContainer - [test-hivemq-platform] [hivemq] [dc9ba2f4] Starting HiveMQ Platform Operator Init
2025-01-28 21:22:06,526 INFO c.h.h.t.HelmChartContainer - [hivemq-test-hivemq-platform] [hivemq-platform-operator] [bf0c75f1] 21:22:06.524 [pool-6-thread-8] DEBUG c.h.p.o.d.PlatformServiceResource - [helmplat] Desired Platform services (4 services)
2025-01-28 21:22:06,528 INFO c.h.h.t.HelmChartContainer - [hivemq-test-hivemq-platform] [hivemq-platform-operator] [bf0c75f1] 21:22:06.526 [pool-6-thread-5] DEBUG c.h.p.o.dependants.PodInfoConfigMap - [helmplat] Desired PodInfo ConfigMap (1 extensions) (1 enabled)
2025-01-28 21:22:06,528 INFO c.h.h.t.HelmChartContainer - [hivemq-test-hivemq-platform] [hivemq-platform-operator] [bf0c75f1] 21:22:06.527 [pool-6-thread-5] DEBUG c.h.p.o.dependants.PodInfoConfigMap - [helmplat] Desired PodInfo ConfigMap (metrics port: 9399) (metrics path: /)
2025-01-28 21:22:06,528 INFO c.h.h.t.HelmChartContainer - [hivemq-test-hivemq-platform] [hivemq-platform-operator] [bf0c75f1] 21:22:06.527 [pool-6-thread-5] DEBUG c.h.p.o.dependants.PodInfoConfigMap - [helmplat] Desired PodInfo ConfigMap (extension state hash: -1817474005)
2025-01-28 21:22:06,531 INFO c.h.h.t.HelmChartContainer - [hivemq-test-hivemq-platform] [hivemq-platform-operator] [bf0c75f1] 21:22:06.529 [pool-6-thread-5] DEBUG c.h.p.o.d.PodServiceAccountResource - [helmplat] Desired PodServiceAccountResource (serviceAccountName: hivemq-platform-pod-test-hivemq-platform)
2025-01-28 21:22:06,536 INFO c.h.h.t.HelmChartContainer - [hivemq-test-hivemq-platform] [hivemq-platform-operator] [bf0c75f1] 21:22:06.535 [pool-6-thread-3] DEBUG c.h.p.o.d.StatefulSetResource - [helmplat] Desired StatefulSet (1 replicas) for status STARTING (READY)
2025-01-28 21:22:06,560 INFO c.h.h.t.HelmChartContainer - [hivemq-test-hivemq-platform] [hivemq-platform-operator] [bf0c75f1] 21:22:06.554 [ReconcilerExecutor-hivemq-controller-109] INFO  c.h.p.o.HiveMQPlatformReconciler - [helmplat] Reconciling HiveMQ Platform 'test-hivemq-platform' in namespace 'helmplatformmutualtlsit'
2025-01-28 21:22:06,560 INFO c.h.h.t.HelmChartContainer - [hivemq-test-hivemq-platform] [hivemq-platform-operator] [bf0c75f1] 21:22:06.554 [ReconcilerExecutor-hivemq-controller-109] DEBUG c.h.p.o.HiveMQPlatformReconciler - [helmplat] Custom Resource Status STARTING - HiveMQ Platform is starting (READY)
2025-01-28 21:22:06,560 INFO c.h.h.t.HelmChartContainer - [hivemq-test-hivemq-platform] [hivemq-platform-operator] [bf0c75f1] 21:22:06.554 [ReconcilerExecutor-hivemq-controller-109] DEBUG c.h.p.o.HiveMQPlatformReconciler - [helmplat] Custom Resource Spec (replicas: 1) (extensions: 1)
2025-01-28 21:22:06,560 INFO c.h.h.t.HelmChartContainer - [hivemq-test-hivemq-platform] [hivemq-platform-operator] [bf0c75f1] 21:22:06.557 [ReconcilerExecutor-hivemq-controller-109] DEBUG c.h.p.o.HiveMQPlatformReconciler - [helmplat] StatefulSet Status (revision: test-hivemq-platform-77cb44dc4d, replicas: 1, available: 0, ready: 0, current: 1, updated: 1)
2025-01-28 21:22:06,562 INFO c.h.h.t.HelmChartContainer - [hivemq-test-hivemq-platform] [hivemq-platform-operator] [bf0c75f1] 21:22:06.557 [ReconcilerExecutor-hivemq-controller-109] DEBUG c.h.p.o.HiveMQPlatformReconciler - [helmplat] StatefulSet Spec (replicas: 1, init containers: 1, containers: 1, volumes: 7)
2025-01-28 21:22:06,562 INFO c.h.h.t.HelmChartContainer - [hivemq-test-hivemq-platform] [hivemq-platform-operator] [bf0c75f1] 21:22:06.559 [ReconcilerExecutor-hivemq-controller-109] DEBUG c.h.p.o.h.HiveMQPlatformReconcilerErrorHandler - [helmplat] Pod 'test-hivemq-platform-0' phase Running
2025-01-28 21:22:06,562 INFO c.h.h.t.HelmChartContainer - [hivemq-test-hivemq-platform] [hivemq-platform-operator] [bf0c75f1] 21:22:06.560 [ReconcilerExecutor-hivemq-controller-109] INFO  c.h.p.o.h.HiveMQPlatformReconcilerBaseHandler - [helmplat] HiveMQ Platform is starting, 0 of 1 replicas are ready
2025-01-28 21:22:06,781 INFO c.h.h.t.HelmChartContainer - [test-hivemq-platform] [hivemq] [dc9ba2f4] INFO  - [HiveMQ Platform Operator Init 1.7.0-SNAPSHOT] HiveMQ Platform Operator Init 1.7.0-SNAPSHOT (commit: bebf408 on branch: HEAD) built on Sun Jan 26 20:47:47 UTC 2025
2025-01-28 21:22:07,892 INFO c.h.h.t.HelmChartContainer - [test-hivemq-platform] [hivemq] [dc9ba2f4] INFO  - [HiveMQ Platform Operator Init App 1.7.0-SNAPSHOT] Using bind address 10.42.0.12 from environment variable
2025-01-28 21:22:08,786 INFO c.h.h.t.HelmChartContainer - [test-hivemq-platform] [hivemq] [dc9ba2f4] INFO  - [HiveMQ Platform Operator Init App 1.7.0-SNAPSHOT] HiveMQ Platform Operator Init App 1.7.0-SNAPSHOT (commit: bebf408 on branch: HEAD) built on Sun Jan 26 20:47:47 UTC 2025
2025-01-28 21:22:08,786 INFO c.h.h.t.HelmChartContainer - [test-hivemq-platform] [hivemq] [dc9ba2f4] INFO  - [HiveMQ Platform Operator Init App 1.7.0-SNAPSHOT] PodInfo ConfigMap directory: /etc/podinfo
2025-01-28 21:22:08,786 INFO c.h.h.t.HelmChartContainer - [test-hivemq-platform] [hivemq] [dc9ba2f4] INFO  - [HiveMQ Platform Operator Init App 1.7.0-SNAPSHOT] HiveMQ home directory: /opt/hivemq
2025-01-28 21:22:08,786 INFO c.h.h.t.HelmChartContainer - [test-hivemq-platform] [hivemq] [dc9ba2f4] INFO  - [HiveMQ Platform Operator Init App 1.7.0-SNAPSHOT] HiveMQ Logback folder: /opt/hivemq/conf
2025-01-28 21:22:08,786 INFO c.h.h.t.HelmChartContainer - [test-hivemq-platform] [hivemq] [dc9ba2f4] INFO  - [HiveMQ Platform Operator Init App 1.7.0-SNAPSHOT] HiveMQ Config folder: /opt/hivemq/conf-k8s
2025-01-28 21:22:08,788 INFO c.h.h.t.HelmChartContainer - [test-hivemq-platform] [hivemq] [dc9ba2f4] INFO  - [HiveMQ Platform Operator Init App 1.7.0-SNAPSHOT] Starting HiveMQ Platform Operator Init App
2025-01-28 21:22:08,788 INFO c.h.h.t.HelmChartContainer - [test-hivemq-platform] [hivemq] [dc9ba2f4] INFO  - [HiveMQ Platform Operator Init App 1.7.0-SNAPSHOT] Starting Pod reconciler
2025-01-28 21:22:09,893 INFO c.h.h.t.HelmChartContainer - [test-hivemq-platform] [hivemq] [dc9ba2f4] INFO  - [HiveMQ Platform Operator Init App 1.7.0-SNAPSHOT] Pod reconciler is scheduled (interval: 5000 ms)
2025-01-28 21:22:09,894 INFO c.h.h.t.HelmChartContainer - [test-hivemq-platform] [hivemq] [dc9ba2f4] INFO  - [HiveMQ Platform Operator Init App 1.7.0-SNAPSHOT] Starting the REST API on 10.42.0.12:7979
2025-01-28 21:22:09,896 INFO c.h.h.t.HelmChartContainer - [test-hivemq-platform] [hivemq] [dc9ba2f4] INFO  - [HiveMQ Platform Operator Init App 1.7.0-SNAPSHOT] Waiting up to 600s for at most 1 HiveMQ nodes in cluster service hivemq-test-hivemq-platform-cluster.helmplatformmutualtlsit.svc
2025-01-28 21:22:10,281 INFO c.h.h.t.HelmChartContainer - [test-hivemq-platform] [hivemq] [dc9ba2f4] INFO  - [HiveMQ Platform Operator Init App 1.7.0-SNAPSHOT] Resolved 1 IP addresses: [10.42.0.12]
2025-01-28 21:22:10,281 INFO c.h.h.t.HelmChartContainer - [test-hivemq-platform] [hivemq] [dc9ba2f4] INFO  - [HiveMQ Platform Operator Init App 1.7.0-SNAPSHOT] HiveMQ node count of 1 is within threshold of 1
2025-01-28 21:22:10,281 INFO c.h.h.t.HelmChartContainer - [test-hivemq-platform] [hivemq] [dc9ba2f4] INFO  - [HiveMQ Platform Operator Init App 1.7.0-SNAPSHOT] Proceeding with container start
2025-01-28 21:22:10,304 INFO c.h.h.t.HelmChartContainer - [test-hivemq-platform] [hivemq] [dc9ba2f4] INFO  - [HiveMQ Platform Operator Init App 1.7.0-SNAPSHOT] Initializing HiveMQ Platform extensions with initial configuration: {hivemq-allow-all-extension={start-priority=-1, skip-https-hostname-verification=false, restart=true, config-version=0, header-version=0, c-uri=, priority=-1, uri=preinstalled, skip-https-certificate-validation=false, enabled=true}, hivemq-prometheus-extension={priority=-1, start-priority=-1, c-uri=, skip-https-hostname-verification=false, skip-https-certificate-validation=false, uri=preinstalled, request-header-path=no-request-headers, enabled=true, restart=true}}
2025-01-28 21:22:10,788 INFO c.h.h.t.HelmChartContainer - [test-hivemq-platform] [hivemq] [dc9ba2f4] INFO  - [HiveMQ Platform Operator Init App 1.7.0-SNAPSHOT] Extension hivemq-allow-all-extension was already enabled
2025-01-28 21:22:10,876 INFO c.h.h.t.HelmChartContainer - [test-hivemq-platform] [hivemq] [dc9ba2f4] INFO  - [HiveMQ Platform Operator Init App 1.7.0-SNAPSHOT] Successfully enabled extension hivemq-prometheus-extension
2025-01-28 21:22:10,878 INFO c.h.h.t.HelmChartContainer - [test-hivemq-platform] [hivemq] [dc9ba2f4] INFO  - [HiveMQ Platform Operator Init App 1.7.0-SNAPSHOT] Starting HiveMQ Platform version 4.36.0 (4.36.0)
2025-01-28 21:22:10,878 INFO c.h.h.t.HelmChartContainer - [test-hivemq-platform] [hivemq] [dc9ba2f4] INFO  - [HiveMQ Platform Operator Init App 1.7.0-SNAPSHOT] Configuring the HiveMQ Platform
2025-01-28 21:22:10,889 INFO c.h.h.t.HelmChartContainer - [test-hivemq-platform] [hivemq] [dc9ba2f4] INFO  - [HiveMQ Platform Operator Init App 1.7.0-SNAPSHOT] Changed logback.xml file scan period to 20 seconds
2025-01-28 21:22:10,983 INFO c.h.h.t.HelmChartContainer - [test-hivemq-platform] [hivemq] [dc9ba2f4] INFO  - [HiveMQ Platform Operator Init App 1.7.0-SNAPSHOT] Starting the HiveMQ Platform
2025-01-28 21:22:10,986 INFO c.h.h.t.HelmChartContainer - [test-hivemq-platform] [hivemq] [dc9ba2f4] -------------------------------------------------------------------------
2025-01-28 21:22:10,986 INFO c.h.h.t.HelmChartContainer - [test-hivemq-platform] [hivemq] [dc9ba2f4] 
2025-01-28 21:22:10,986 INFO c.h.h.t.HelmChartContainer - [test-hivemq-platform] [hivemq] [dc9ba2f4]                   _    _  _              __  __   ____
2025-01-28 21:22:10,986 INFO c.h.h.t.HelmChartContainer - [test-hivemq-platform] [hivemq] [dc9ba2f4]                  | |  | |(_)            |  \/  | / __ \
2025-01-28 21:22:10,986 INFO c.h.h.t.HelmChartContainer - [test-hivemq-platform] [hivemq] [dc9ba2f4]                  | |__| | _ __   __ ___ | \  / || |  | |
2025-01-28 21:22:10,986 INFO c.h.h.t.HelmChartContainer - [test-hivemq-platform] [hivemq] [dc9ba2f4]                  |  __  || |\ \ / // _ \| |\/| || |  | |
2025-01-28 21:22:10,986 INFO c.h.h.t.HelmChartContainer - [test-hivemq-platform] [hivemq] [dc9ba2f4]                  | |  | || | \ V /|  __/| |  | || |__| |
2025-01-28 21:22:10,986 INFO c.h.h.t.HelmChartContainer - [test-hivemq-platform] [hivemq] [dc9ba2f4]                  |_|  |_||_|  \_/  \___||_|  |_| \___\_\
2025-01-28 21:22:10,986 INFO c.h.h.t.HelmChartContainer - [test-hivemq-platform] [hivemq] [dc9ba2f4] 
2025-01-28 21:22:10,986 INFO c.h.h.t.HelmChartContainer - [test-hivemq-platform] [hivemq] [dc9ba2f4] -------------------------------------------------------------------------
2025-01-28 21:22:10,986 INFO c.h.h.t.HelmChartContainer - [test-hivemq-platform] [hivemq] [dc9ba2f4] 
2025-01-28 21:22:10,986 INFO c.h.h.t.HelmChartContainer - [test-hivemq-platform] [hivemq] [dc9ba2f4]   HiveMQ Start Script for Linux/Unix v1.14
2025-01-28 21:22:10,986 INFO c.h.h.t.HelmChartContainer - [test-hivemq-platform] [hivemq] [dc9ba2f4] 
2025-01-28 21:22:11,090 INFO c.h.h.t.HelmChartContainer - [test-hivemq-platform] [hivemq] [dc9ba2f4] -------------------------------------------------------------------------
2025-01-28 21:22:11,090 INFO c.h.h.t.HelmChartContainer - [test-hivemq-platform] [hivemq] [dc9ba2f4] 
2025-01-28 21:22:11,091 INFO c.h.h.t.HelmChartContainer - [test-hivemq-platform] [hivemq] [dc9ba2f4]   HIVEMQ_HOME: /opt/hivemq
2025-01-28 21:22:11,091 INFO c.h.h.t.HelmChartContainer - [test-hivemq-platform] [hivemq] [dc9ba2f4] 
2025-01-28 21:22:11,091 INFO c.h.h.t.HelmChartContainer - [test-hivemq-platform] [hivemq] [dc9ba2f4]   JAVA_OPTS: -XX:+UnlockExperimentalVMOptions -XX:InitialRAMPercentage=50 -XX:MaxRAMPercentage=50 -Djava.net.preferIPv4Stack=true --add-opens java.base/java.lang=ALL-UNNAMED --add-opens java.base/java.nio=ALL-UNNAMED --add-opens java.base/sun.nio.ch=ALL-UNNAMED --add-opens jdk.management/com.sun.management.internal=ALL-UNNAMED --add-exports java.base/jdk.internal.misc=ALL-UNNAMED -Djava.security.egd=file:/dev/./urandom -Dcom.sun.management.jmxremote -Dcom.sun.management.jmxremote.port=9010 -Dcom.sun.management.jmxremote.local.only=false -Dcom.sun.management.jmxremote.authenticate=false -Dcom.sun.management.jmxremote.ssl=false -Duser.language=en -Duser.region=US -XX:+CrashOnOutOfMemoryError -XX:+HeapDumpOnOutOfMemoryError
2025-01-28 21:22:11,091 INFO c.h.h.t.HelmChartContainer - [test-hivemq-platform] [hivemq] [dc9ba2f4] 
2025-01-28 21:22:11,091 INFO c.h.h.t.HelmChartContainer - [test-hivemq-platform] [hivemq] [dc9ba2f4]   JAVA_VERSION: 21
2025-01-28 21:22:11,091 INFO c.h.h.t.HelmChartContainer - [test-hivemq-platform] [hivemq] [dc9ba2f4] 
2025-01-28 21:22:11,091 INFO c.h.h.t.HelmChartContainer - [test-hivemq-platform] [hivemq] [dc9ba2f4] -------------------------------------------------------------------------
2025-01-28 21:22:11,091 INFO c.h.h.t.HelmChartContainer - [test-hivemq-platform] [hivemq] [dc9ba2f4] 
2025-01-28 21:22:12,579 INFO c.h.h.t.HelmChartContainer - [test-hivemq-platform] [hivemq] [dc9ba2f4] INFO  - [HiveMQ Platform Operator Init App 1.7.0-SNAPSHOT] Returning default Health API response 503 for readiness
2025-01-28 21:22:12,985 INFO c.h.h.t.HelmChartContainer - [EVENT] Warning [Unhealthy] Readiness probe failed: HTTP probe failed with statuscode: 503 [helmplatformmutualtlsit:test-hivemq-platform-0]
2025-01-28 21:22:12,985 INFO c.h.h.t.HelmChartContainer - Received Unhealthy event for container hivemq in pod test-hivemq-platform-0 [dc9ba2f4-0e2e-4cb6-81d4-765b8b9a01cc]
2025-01-28 21:22:13,686 INFO c.h.h.t.HelmChartContainer - [test-hivemq-platform] [hivemq] [dc9ba2f4] INFO  - Starting HiveMQ Enterprise Server
2025-01-28 21:22:13,774 INFO c.h.h.t.HelmChartContainer - [test-hivemq-platform] [hivemq] [dc9ba2f4] INFO  - HiveMQ version: 4.36.0
2025-01-28 21:22:13,774 INFO c.h.h.t.HelmChartContainer - [test-hivemq-platform] [hivemq] [dc9ba2f4] INFO  - HiveMQ home directory: /opt/hivemq
2025-01-28 21:22:13,774 INFO c.h.h.t.HelmChartContainer - [test-hivemq-platform] [hivemq] [dc9ba2f4] INFO  - Log Configuration was overridden by /opt/hivemq/conf/logback.xml
2025-01-28 21:22:15,076 INFO c.h.h.t.HelmChartContainer - [test-hivemq-platform] [hivemq] [dc9ba2f4] INFO  - Successfully loaded configuration from '/opt/hivemq/conf-k8s/config.xml'.
2025-01-28 21:22:15,783 INFO c.h.h.t.HelmChartContainer - [test-hivemq-platform] [hivemq] [dc9ba2f4] INFO  - This node's ID is PKatM
2025-01-28 21:22:15,784 INFO c.h.h.t.HelmChartContainer - [test-hivemq-platform] [hivemq] [dc9ba2f4] INFO  - Clustering is enabled
2025-01-28 21:22:16,567 INFO c.h.h.t.HelmChartContainer - [hivemq-test-hivemq-platform] [hivemq-platform-operator] [bf0c75f1] 21:22:16.565 [pool-6-thread-16] DEBUG c.h.p.o.d.PlatformServiceResource - [helmplat] Desired Platform services (4 services)
2025-01-28 21:22:16,568 INFO c.h.h.t.HelmChartContainer - [hivemq-test-hivemq-platform] [hivemq-platform-operator] [bf0c75f1] 21:22:16.567 [pool-6-thread-14] DEBUG c.h.p.o.dependants.PodInfoConfigMap - [helmplat] Desired PodInfo ConfigMap (1 extensions) (1 enabled)
2025-01-28 21:22:16,568 INFO c.h.h.t.HelmChartContainer - [hivemq-test-hivemq-platform] [hivemq-platform-operator] [bf0c75f1] 21:22:16.567 [pool-6-thread-14] DEBUG c.h.p.o.dependants.PodInfoConfigMap - [helmplat] Desired PodInfo ConfigMap (metrics port: 9399) (metrics path: /)
2025-01-28 21:22:16,568 INFO c.h.h.t.HelmChartContainer - [hivemq-test-hivemq-platform] [hivemq-platform-operator] [bf0c75f1] 21:22:16.567 [pool-6-thread-14] DEBUG c.h.p.o.dependants.PodInfoConfigMap - [helmplat] Desired PodInfo ConfigMap (extension state hash: -1817474005)
2025-01-28 21:22:16,569 INFO c.h.h.t.HelmChartContainer - [hivemq-test-hivemq-platform] [hivemq-platform-operator] [bf0c75f1] 21:22:16.568 [pool-6-thread-14] DEBUG c.h.p.o.d.PodServiceAccountResource - [helmplat] Desired PodServiceAccountResource (serviceAccountName: hivemq-platform-pod-test-hivemq-platform)
2025-01-28 21:22:16,589 INFO c.h.h.t.HelmChartContainer - [hivemq-test-hivemq-platform] [hivemq-platform-operator] [bf0c75f1] 21:22:16.588 [pool-6-thread-16] DEBUG c.h.p.o.d.StatefulSetResource - [helmplat] Desired StatefulSet (1 replicas) for status STARTING (READY)
2025-01-28 21:22:16,654 INFO c.h.h.t.HelmChartContainer - [hivemq-test-hivemq-platform] [hivemq-platform-operator] [bf0c75f1] 21:22:16.652 [ReconcilerExecutor-hivemq-controller-110] INFO  c.h.p.o.HiveMQPlatformReconciler - [helmplat] Reconciling HiveMQ Platform 'test-hivemq-platform' in namespace 'helmplatformmutualtlsit'
2025-01-28 21:22:16,654 INFO c.h.h.t.HelmChartContainer - [hivemq-test-hivemq-platform] [hivemq-platform-operator] [bf0c75f1] 21:22:16.652 [ReconcilerExecutor-hivemq-controller-110] DEBUG c.h.p.o.HiveMQPlatformReconciler - [helmplat] Custom Resource Status STARTING - HiveMQ Platform is starting (READY)
2025-01-28 21:22:16,654 INFO c.h.h.t.HelmChartContainer - [hivemq-test-hivemq-platform] [hivemq-platform-operator] [bf0c75f1] 21:22:16.652 [ReconcilerExecutor-hivemq-controller-110] DEBUG c.h.p.o.HiveMQPlatformReconciler - [helmplat] Custom Resource Spec (replicas: 1) (extensions: 1)
2025-01-28 21:22:16,655 INFO c.h.h.t.HelmChartContainer - [hivemq-test-hivemq-platform] [hivemq-platform-operator] [bf0c75f1] 21:22:16.655 [ReconcilerExecutor-hivemq-controller-110] DEBUG c.h.p.o.HiveMQPlatformReconciler - [helmplat] StatefulSet Status (revision: test-hivemq-platform-77cb44dc4d, replicas: 1, available: 0, ready: 0, current: 1, updated: 1)
2025-01-28 21:22:16,657 INFO c.h.h.t.HelmChartContainer - [hivemq-test-hivemq-platform] [hivemq-platform-operator] [bf0c75f1] 21:22:16.655 [ReconcilerExecutor-hivemq-controller-110] DEBUG c.h.p.o.HiveMQPlatformReconciler - [helmplat] StatefulSet Spec (replicas: 1, init containers: 1, containers: 1, volumes: 7)
2025-01-28 21:22:16,658 INFO c.h.h.t.HelmChartContainer - [hivemq-test-hivemq-platform] [hivemq-platform-operator] [bf0c75f1] 21:22:16.656 [ReconcilerExecutor-hivemq-controller-110] DEBUG c.h.p.o.h.HiveMQPlatformReconcilerErrorHandler - [helmplat] Pod 'test-hivemq-platform-0' phase Running
2025-01-28 21:22:16,658 INFO c.h.h.t.HelmChartContainer - [hivemq-test-hivemq-platform] [hivemq-platform-operator] [bf0c75f1] 21:22:16.657 [ReconcilerExecutor-hivemq-controller-110] INFO  c.h.p.o.h.HiveMQPlatformReconcilerBaseHandler - [helmplat] HiveMQ Platform is starting, 0 of 1 replicas are ready
2025-01-28 21:22:17,874 INFO c.h.h.t.HelmChartContainer - [test-hivemq-platform] [hivemq] [dc9ba2f4] WARN  - [HiveMQ Platform Operator Init App 1.7.0-SNAPSHOT] Cannot connect to Health API for readiness: null
2025-01-28 21:22:17,878 INFO c.h.h.t.HelmChartContainer - [EVENT] Warning [Unhealthy] Readiness probe failed: HTTP probe failed with statuscode: 503 [helmplatformmutualtlsit:test-hivemq-platform-0]
2025-01-28 21:22:17,878 INFO c.h.h.t.HelmChartContainer - Received Unhealthy event for container hivemq in pod test-hivemq-platform-0 [dc9ba2f4-0e2e-4cb6-81d4-765b8b9a01cc]
2025-01-28 21:22:20,280 INFO c.h.h.t.HelmChartContainer - [test-hivemq-platform] [hivemq] [dc9ba2f4] Jan 28, 2025 9:22:20 PM io.vertx.core.impl.BlockedThreadChecker
2025-01-28 21:22:20,280 INFO c.h.h.t.HelmChartContainer - [test-hivemq-platform] [hivemq] [dc9ba2f4] WARNING: Thread Thread[vert.x-eventloop-thread-1,5,main] has been blocked for 2685 ms, time limit is 2000 ms
2025-01-28 21:22:20,681 INFO c.h.h.t.HelmChartContainer - [test-hivemq-platform] [hivemq] [dc9ba2f4] INFO  - [HiveMQ Platform Operator Init App 1.7.0-SNAPSHOT] Updating Pod HiveMQ Platform Operator Init App version annotation (version: 1.7.0-SNAPSHOT)
2025-01-28 21:22:21,291 INFO c.h.h.t.HelmChartContainer - [POD] test-hivemq-platform-0 [dc9ba2f4-0e2e-4cb6-81d4-765b8b9a01cc] in helmplatformmutualtlsit was MODIFIED
2025-01-28 21:22:21,376 INFO c.h.h.t.HelmChartContainer - [hivemq-test-hivemq-platform] [hivemq-platform-operator] [bf0c75f1] 21:22:21.294 [pool-6-thread-25] DEBUG c.h.p.o.d.PlatformServiceResource - [helmplat] Desired Platform services (4 services)
2025-01-28 21:22:21,376 INFO c.h.h.t.HelmChartContainer - [hivemq-test-hivemq-platform] [hivemq-platform-operator] [bf0c75f1] 21:22:21.295 [pool-6-thread-23] DEBUG c.h.p.o.dependants.PodInfoConfigMap - [helmplat] Desired PodInfo ConfigMap (1 extensions) (1 enabled)
2025-01-28 21:22:21,376 INFO c.h.h.t.HelmChartContainer - [hivemq-test-hivemq-platform] [hivemq-platform-operator] [bf0c75f1] 21:22:21.295 [pool-6-thread-23] DEBUG c.h.p.o.dependants.PodInfoConfigMap - [helmplat] Desired PodInfo ConfigMap (metrics port: 9399) (metrics path: /)
2025-01-28 21:22:21,376 INFO c.h.h.t.HelmChartContainer - [hivemq-test-hivemq-platform] [hivemq-platform-operator] [bf0c75f1] 21:22:21.295 [pool-6-thread-23] DEBUG c.h.p.o.dependants.PodInfoConfigMap - [helmplat] Desired PodInfo ConfigMap (extension state hash: -1817474005)
2025-01-28 21:22:21,376 INFO c.h.h.t.HelmChartContainer - [hivemq-test-hivemq-platform] [hivemq-platform-operator] [bf0c75f1] 21:22:21.297 [pool-6-thread-29] DEBUG c.h.p.o.d.PodServiceAccountResource - [helmplat] Desired PodServiceAccountResource (serviceAccountName: hivemq-platform-pod-test-hivemq-platform)
2025-01-28 21:22:21,376 INFO c.h.h.t.HelmChartContainer - [hivemq-test-hivemq-platform] [hivemq-platform-operator] [bf0c75f1] 21:22:21.301 [pool-6-thread-25] DEBUG c.h.p.o.d.StatefulSetResource - [helmplat] Desired StatefulSet (1 replicas) for status STARTING (READY)
2025-01-28 21:22:21,376 INFO c.h.h.t.HelmChartContainer - [hivemq-test-hivemq-platform] [hivemq-platform-operator] [bf0c75f1] 21:22:21.304 [ReconcilerExecutor-hivemq-controller-111] INFO  c.h.p.o.HiveMQPlatformReconciler - [helmplat] Reconciling HiveMQ Platform 'test-hivemq-platform' in namespace 'helmplatformmutualtlsit'
2025-01-28 21:22:21,376 INFO c.h.h.t.HelmChartContainer - [hivemq-test-hivemq-platform] [hivemq-platform-operator] [bf0c75f1] 21:22:21.304 [ReconcilerExecutor-hivemq-controller-111] DEBUG c.h.p.o.HiveMQPlatformReconciler - [helmplat] Custom Resource Status STARTING - HiveMQ Platform is starting (READY)
2025-01-28 21:22:21,376 INFO c.h.h.t.HelmChartContainer - [hivemq-test-hivemq-platform] [hivemq-platform-operator] [bf0c75f1] 21:22:21.304 [ReconcilerExecutor-hivemq-controller-111] DEBUG c.h.p.o.HiveMQPlatformReconciler - [helmplat] Custom Resource Spec (replicas: 1) (extensions: 1)
2025-01-28 21:22:21,377 INFO c.h.h.t.HelmChartContainer - [hivemq-test-hivemq-platform] [hivemq-platform-operator] [bf0c75f1] 21:22:21.305 [ReconcilerExecutor-hivemq-controller-111] DEBUG c.h.p.o.HiveMQPlatformReconciler - [helmplat] StatefulSet Status (revision: test-hivemq-platform-77cb44dc4d, replicas: 1, available: 0, ready: 0, current: 1, updated: 1)
2025-01-28 21:22:21,377 INFO c.h.h.t.HelmChartContainer - [hivemq-test-hivemq-platform] [hivemq-platform-operator] [bf0c75f1] 21:22:21.305 [ReconcilerExecutor-hivemq-controller-111] DEBUG c.h.p.o.HiveMQPlatformReconciler - [helmplat] StatefulSet Spec (replicas: 1, init containers: 1, containers: 1, volumes: 7)
2025-01-28 21:22:21,377 INFO c.h.h.t.HelmChartContainer - [hivemq-test-hivemq-platform] [hivemq-platform-operator] [bf0c75f1] 21:22:21.306 [ReconcilerExecutor-hivemq-controller-111] DEBUG c.h.p.o.h.HiveMQPlatformReconcilerErrorHandler - [helmplat] Pod 'test-hivemq-platform-0' phase Running
2025-01-28 21:22:21,377 INFO c.h.h.t.HelmChartContainer - [hivemq-test-hivemq-platform] [hivemq-platform-operator] [bf0c75f1] 21:22:21.351 [ReconcilerExecutor-hivemq-controller-111] INFO  c.h.p.o.h.HiveMQPlatformReconcilerBaseHandler - [helmplat] HiveMQ Platform is starting, 0 of 1 replicas are ready
2025-01-28 21:22:21,378 INFO c.h.h.t.HelmChartContainer - [test-hivemq-platform] [hivemq] [dc9ba2f4] WARN  - [HiveMQ Platform Operator Init App 1.7.0-SNAPSHOT] Cannot connect to Health API for readiness: null
2025-01-28 21:22:21,382 INFO c.h.h.t.HelmChartContainer - [test-hivemq-platform] [hivemq] [dc9ba2f4] INFO  - [HiveMQ Platform Operator Init App 1.7.0-SNAPSHOT] Successfully updated Pod HiveMQ Platform Operator Init App version annotation (version: 1.7.0-SNAPSHOT)
2025-01-28 21:22:21,384 INFO c.h.h.t.HelmChartContainer - [EVENT] Warning [Unhealthy] Readiness probe failed: HTTP probe failed with statuscode: 503 [helmplatformmutualtlsit:test-hivemq-platform-0]
2025-01-28 21:22:21,384 INFO c.h.h.t.HelmChartContainer - Received Unhealthy event for container hivemq in pod test-hivemq-platform-0 [dc9ba2f4-0e2e-4cb6-81d4-765b8b9a01cc]
2025-01-28 21:22:26,292 INFO c.h.h.t.HelmChartContainer - [test-hivemq-platform] [hivemq] [dc9ba2f4] WARN  - [HiveMQ Platform Operator Init App 1.7.0-SNAPSHOT] Cannot connect to Health API for readiness: null
2025-01-28 21:22:26,297 INFO c.h.h.t.HelmChartContainer - [EVENT] Warning [Unhealthy] Readiness probe failed: HTTP probe failed with statuscode: 503 [helmplatformmutualtlsit:test-hivemq-platform-0]
2025-01-28 21:22:26,297 INFO c.h.h.t.HelmChartContainer - Received Unhealthy event for container hivemq in pod test-hivemq-platform-0 [dc9ba2f4-0e2e-4cb6-81d4-765b8b9a01cc]
2025-01-28 21:22:31,357 INFO c.h.h.t.HelmChartContainer - [hivemq-test-hivemq-platform] [hivemq-platform-operator] [bf0c75f1] 21:22:31.354 [pool-6-thread-34] DEBUG c.h.p.o.d.PlatformServiceResource - [helmplat] Desired Platform services (4 services)
2025-01-28 21:22:31,357 INFO c.h.h.t.HelmChartContainer - [hivemq-test-hivemq-platform] [hivemq-platform-operator] [bf0c75f1] 21:22:31.355 [pool-6-thread-36] DEBUG c.h.p.o.dependants.PodInfoConfigMap - [helmplat] Desired PodInfo ConfigMap (1 extensions) (1 enabled)
2025-01-28 21:22:31,357 INFO c.h.h.t.HelmChartContainer - [hivemq-test-hivemq-platform] [hivemq-platform-operator] [bf0c75f1] 21:22:31.355 [pool-6-thread-35] DEBUG c.h.p.o.d.PodServiceAccountResource - [helmplat] Desired PodServiceAccountResource (serviceAccountName: hivemq-platform-pod-test-hivemq-platform)
2025-01-28 21:22:31,357 INFO c.h.h.t.HelmChartContainer - [hivemq-test-hivemq-platform] [hivemq-platform-operator] [bf0c75f1] 21:22:31.355 [pool-6-thread-36] DEBUG c.h.p.o.dependants.PodInfoConfigMap - [helmplat] Desired PodInfo ConfigMap (metrics port: 9399) (metrics path: /)
2025-01-28 21:22:31,358 INFO c.h.h.t.HelmChartContainer - [hivemq-test-hivemq-platform] [hivemq-platform-operator] [bf0c75f1] 21:22:31.356 [pool-6-thread-36] DEBUG c.h.p.o.dependants.PodInfoConfigMap - [helmplat] Desired PodInfo ConfigMap (extension state hash: -1817474005)
2025-01-28 21:22:31,363 INFO c.h.h.t.HelmChartContainer - [hivemq-test-hivemq-platform] [hivemq-platform-operator] [bf0c75f1] 21:22:31.362 [pool-6-thread-34] DEBUG c.h.p.o.d.StatefulSetResource - [helmplat] Desired StatefulSet (1 replicas) for status STARTING (READY)
2025-01-28 21:22:31,367 INFO c.h.h.t.HelmChartContainer - [hivemq-test-hivemq-platform] [hivemq-platform-operator] [bf0c75f1] 21:22:31.366 [ReconcilerExecutor-hivemq-controller-112] INFO  c.h.p.o.HiveMQPlatformReconciler - [helmplat] Reconciling HiveMQ Platform 'test-hivemq-platform' in namespace 'helmplatformmutualtlsit'
2025-01-28 21:22:31,367 INFO c.h.h.t.HelmChartContainer - [hivemq-test-hivemq-platform] [hivemq-platform-operator] [bf0c75f1] 21:22:31.366 [ReconcilerExecutor-hivemq-controller-112] DEBUG c.h.p.o.HiveMQPlatformReconciler - [helmplat] Custom Resource Status STARTING - HiveMQ Platform is starting (READY)
2025-01-28 21:22:31,367 INFO c.h.h.t.HelmChartContainer - [hivemq-test-hivemq-platform] [hivemq-platform-operator] [bf0c75f1] 21:22:31.366 [ReconcilerExecutor-hivemq-controller-112] DEBUG c.h.p.o.HiveMQPlatformReconciler - [helmplat] Custom Resource Spec (replicas: 1) (extensions: 1)
2025-01-28 21:22:31,368 INFO c.h.h.t.HelmChartContainer - [hivemq-test-hivemq-platform] [hivemq-platform-operator] [bf0c75f1] 21:22:31.368 [ReconcilerExecutor-hivemq-controller-112] DEBUG c.h.p.o.HiveMQPlatformReconciler - [helmplat] StatefulSet Status (revision: test-hivemq-platform-77cb44dc4d, replicas: 1, available: 0, ready: 0, current: 1, updated: 1)
2025-01-28 21:22:31,369 INFO c.h.h.t.HelmChartContainer - [hivemq-test-hivemq-platform] [hivemq-platform-operator] [bf0c75f1] 21:22:31.368 [ReconcilerExecutor-hivemq-controller-112] DEBUG c.h.p.o.HiveMQPlatformReconciler - [helmplat] StatefulSet Spec (replicas: 1, init containers: 1, containers: 1, volumes: 7)
2025-01-28 21:22:31,370 INFO c.h.h.t.HelmChartContainer - [hivemq-test-hivemq-platform] [hivemq-platform-operator] [bf0c75f1] 21:22:31.369 [ReconcilerExecutor-hivemq-controller-112] DEBUG c.h.p.o.h.HiveMQPlatformReconcilerErrorHandler - [helmplat] Pod 'test-hivemq-platform-0' phase Running
2025-01-28 21:22:31,370 INFO c.h.h.t.HelmChartContainer - [hivemq-test-hivemq-platform] [hivemq-platform-operator] [bf0c75f1] 21:22:31.370 [ReconcilerExecutor-hivemq-controller-112] INFO  c.h.p.o.h.HiveMQPlatformReconcilerBaseHandler - [helmplat] HiveMQ Platform is starting, 0 of 1 replicas are ready
2025-01-28 21:22:31,382 INFO c.h.h.t.HelmChartContainer - [test-hivemq-platform] [hivemq] [dc9ba2f4] WARN  - [HiveMQ Platform Operator Init App 1.7.0-SNAPSHOT] Cannot connect to Health API for readiness: null
2025-01-28 21:22:31,385 INFO c.h.h.t.HelmChartContainer - [EVENT] Warning [Unhealthy] Readiness probe failed: HTTP probe failed with statuscode: 503 [helmplatformmutualtlsit:test-hivemq-platform-0]
2025-01-28 21:22:31,385 INFO c.h.h.t.HelmChartContainer - Received Unhealthy event for container hivemq in pod test-hivemq-platform-0 [dc9ba2f4-0e2e-4cb6-81d4-765b8b9a01cc]
2025-01-28 21:22:32,774 INFO c.h.h.t.HelmChartContainer - [test-hivemq-platform] [hivemq] [dc9ba2f4] INFO  - No valid license file found. Using trial license, restricted to 25 connections.
2025-01-28 21:22:34,586 INFO c.h.h.t.HelmChartContainer - [test-hivemq-platform] [hivemq] [dc9ba2f4] WARN  - [HiveMQ Platform Operator Init App 1.7.0-SNAPSHOT] Cannot connect to Health API for liveness: null
2025-01-28 21:22:34,586 INFO c.h.h.t.HelmChartContainer - [test-hivemq-platform] [hivemq] [dc9ba2f4] INFO  - [HiveMQ Platform Operator Init App 1.7.0-SNAPSHOT] Returning default Health API response 200 for liveness
2025-01-28 21:22:36,076 INFO c.h.h.t.HelmChartContainer - [test-hivemq-platform] [hivemq] [dc9ba2f4] INFO  - No valid license file for Data Hub found. Using free license, restricted to 1 policy.
2025-01-28 21:22:36,376 INFO c.h.h.t.HelmChartContainer - [test-hivemq-platform] [hivemq] [dc9ba2f4] WARN  - [HiveMQ Platform Operator Init App 1.7.0-SNAPSHOT] Cannot connect to Health API for readiness: null
2025-01-28 21:22:36,382 INFO c.h.h.t.HelmChartContainer - [EVENT] Warning [Unhealthy] Readiness probe failed: HTTP probe failed with statuscode: 503 [helmplatformmutualtlsit:test-hivemq-platform-0]
2025-01-28 21:22:36,382 INFO c.h.h.t.HelmChartContainer - Received Unhealthy event for container hivemq in pod test-hivemq-platform-0 [dc9ba2f4-0e2e-4cb6-81d4-765b8b9a01cc]
2025-01-28 21:22:37,194 INFO c.h.h.t.HelmChartContainer - [test-hivemq-platform] [hivemq] [dc9ba2f4] INFO  - Audit Logger started.
2025-01-28 21:22:37,497 INFO c.h.h.t.HelmChartContainer - [test-hivemq-platform] [hivemq] [dc9ba2f4] INFO  - This node uses '1' CPU cores.
2025-01-28 21:22:37,504 INFO c.h.h.t.HelmChartContainer - [test-hivemq-platform] [hivemq] [dc9ba2f4] INFO  - Starting HiveMQ Health API on address 0.0.0.0 and port 8889
2025-01-28 21:22:38,280 INFO c.h.h.t.HelmChartContainer - [test-hivemq-platform] [hivemq] [dc9ba2f4] INFO  - Started HiveMQ Health API in 776ms
2025-01-28 21:22:38,778 INFO c.h.h.t.HelmChartContainer - [test-hivemq-platform] [hivemq] [dc9ba2f4] INFO  - Starting HiveMQ extension system.
2025-01-28 21:22:38,986 INFO c.h.h.t.HelmChartContainer - [test-hivemq-platform] [hivemq] [dc9ba2f4] INFO  - Starting extension with id "hivemq-dns-cluster-discovery" at /opt/hivemq/extensions/hivemq-dns-cluster-discovery
2025-01-28 21:22:39,574 INFO c.h.h.t.HelmChartContainer - [test-hivemq-platform] [hivemq] [dc9ba2f4] INFO  - Extension "DNS Cluster Discovery Extension" version 4.3.2 started successfully.
2025-01-28 21:22:39,574 INFO c.h.h.t.HelmChartContainer - [test-hivemq-platform] [hivemq] [dc9ba2f4] INFO  - Starting extension with id "hivemq-prometheus-extension" at /opt/hivemq/extensions/hivemq-prometheus-extension
2025-01-28 21:22:39,582 INFO c.h.h.t.HelmChartContainer - [test-hivemq-platform] [hivemq] [dc9ba2f4] INFO  - Using TCP cluster transport on address 10.42.0.12 and port 7000
2025-01-28 21:22:39,680 INFO c.h.h.t.HelmChartContainer - [test-hivemq-platform] [hivemq] [dc9ba2f4] INFO  - Using extension cluster discovery
2025-01-28 21:22:40,479 INFO c.h.h.t.HelmChartContainer - [test-hivemq-platform] [hivemq] [dc9ba2f4] INFO  - Started Jetty Server exposing Prometheus Servlet on URI http://0.0.0.0:9399/
2025-01-28 21:22:40,479 INFO c.h.h.t.HelmChartContainer - [test-hivemq-platform] [hivemq] [dc9ba2f4] INFO  - Extension "Prometheus Monitoring Extension" version 4.0.12 started successfully.
2025-01-28 21:22:40,479 INFO c.h.h.t.HelmChartContainer - [test-hivemq-platform] [hivemq] [dc9ba2f4] INFO  - Starting extension with id "hivemq-allow-all-extension" at /opt/hivemq/extensions/hivemq-allow-all-extension
2025-01-28 21:22:40,479 INFO c.h.h.t.HelmChartContainer - [test-hivemq-platform] [hivemq] [dc9ba2f4] WARN  - 
2025-01-28 21:22:40,479 INFO c.h.h.t.HelmChartContainer - [test-hivemq-platform] [hivemq] [dc9ba2f4] ################################################################################################################
2025-01-28 21:22:40,479 INFO c.h.h.t.HelmChartContainer - [test-hivemq-platform] [hivemq] [dc9ba2f4] # This HiveMQ deployment is not secure! You are lacking Authentication and Authorization.                      #
2025-01-28 21:22:40,479 INFO c.h.h.t.HelmChartContainer - [test-hivemq-platform] [hivemq] [dc9ba2f4] # Right now any MQTT client can connect to the broker with a full set of permissions.                          #
2025-01-28 21:22:40,479 INFO c.h.h.t.HelmChartContainer - [test-hivemq-platform] [hivemq] [dc9ba2f4] # For production usage, add an appropriate security extension and remove the hivemq-allow-all extension.       #
2025-01-28 21:22:40,479 INFO c.h.h.t.HelmChartContainer - [test-hivemq-platform] [hivemq] [dc9ba2f4] # You can download security extensions from the HiveMQ Marketplace (https://www.hivemq.com/extensions/).       #
2025-01-28 21:22:40,479 INFO c.h.h.t.HelmChartContainer - [test-hivemq-platform] [hivemq] [dc9ba2f4] ################################################################################################################
2025-01-28 21:22:40,479 INFO c.h.h.t.HelmChartContainer - [test-hivemq-platform] [hivemq] [dc9ba2f4] INFO  - Extension "Allow All Extension" version 1.1.1 started successfully.
2025-01-28 21:22:41,377 INFO c.h.h.t.HelmChartContainer - [hivemq-test-hivemq-platform] [hivemq-platform-operator] [bf0c75f1] 21:22:41.374 [pool-6-thread-45] DEBUG c.h.p.o.d.PlatformServiceResource - [helmplat] Desired Platform services (4 services)
2025-01-28 21:22:41,380 INFO c.h.h.t.HelmChartContainer - [hivemq-test-hivemq-platform] [hivemq-platform-operator] [bf0c75f1] 21:22:41.378 [pool-6-thread-44] DEBUG c.h.p.o.dependants.PodInfoConfigMap - [helmplat] Desired PodInfo ConfigMap (1 extensions) (1 enabled)
2025-01-28 21:22:41,382 INFO c.h.h.t.HelmChartContainer - [hivemq-test-hivemq-platform] [hivemq-platform-operator] [bf0c75f1] 21:22:41.381 [pool-6-thread-44] DEBUG c.h.p.o.dependants.PodInfoConfigMap - [helmplat] Desired PodInfo ConfigMap (metrics port: 9399) (metrics path: /)
2025-01-28 21:22:41,384 INFO c.h.h.t.HelmChartContainer - [hivemq-test-hivemq-platform] [hivemq-platform-operator] [bf0c75f1] 21:22:41.382 [pool-6-thread-44] DEBUG c.h.p.o.dependants.PodInfoConfigMap - [helmplat] Desired PodInfo ConfigMap (extension state hash: -1817474005)
2025-01-28 21:22:41,384 INFO c.h.h.t.HelmChartContainer - [hivemq-test-hivemq-platform] [hivemq-platform-operator] [bf0c75f1] 21:22:41.376 [pool-6-thread-46] DEBUG c.h.p.o.d.PodServiceAccountResource - [helmplat] Desired PodServiceAccountResource (serviceAccountName: hivemq-platform-pod-test-hivemq-platform)
2025-01-28 21:22:41,388 INFO c.h.h.t.HelmChartContainer - [hivemq-test-hivemq-platform] [hivemq-platform-operator] [bf0c75f1] 21:22:41.387 [pool-6-thread-44] DEBUG c.h.p.o.d.StatefulSetResource - [helmplat] Desired StatefulSet (1 replicas) for status STARTING (READY)
2025-01-28 21:22:41,455 INFO c.h.h.t.HelmChartContainer - [hivemq-test-hivemq-platform] [hivemq-platform-operator] [bf0c75f1] 21:22:41.453 [ReconcilerExecutor-hivemq-controller-113] INFO  c.h.p.o.HiveMQPlatformReconciler - [helmplat] Reconciling HiveMQ Platform 'test-hivemq-platform' in namespace 'helmplatformmutualtlsit'
2025-01-28 21:22:41,455 INFO c.h.h.t.HelmChartContainer - [hivemq-test-hivemq-platform] [hivemq-platform-operator] [bf0c75f1] 21:22:41.454 [ReconcilerExecutor-hivemq-controller-113] DEBUG c.h.p.o.HiveMQPlatformReconciler - [helmplat] Custom Resource Status STARTING - HiveMQ Platform is starting (READY)
2025-01-28 21:22:41,455 INFO c.h.h.t.HelmChartContainer - [hivemq-test-hivemq-platform] [hivemq-platform-operator] [bf0c75f1] 21:22:41.454 [ReconcilerExecutor-hivemq-controller-113] DEBUG c.h.p.o.HiveMQPlatformReconciler - [helmplat] Custom Resource Spec (replicas: 1) (extensions: 1)
2025-01-28 21:22:41,458 INFO c.h.h.t.HelmChartContainer - [hivemq-test-hivemq-platform] [hivemq-platform-operator] [bf0c75f1] 21:22:41.457 [ReconcilerExecutor-hivemq-controller-113] DEBUG c.h.p.o.HiveMQPlatformReconciler - [helmplat] StatefulSet Status (revision: test-hivemq-platform-77cb44dc4d, replicas: 1, available: 0, ready: 0, current: 1, updated: 1)
2025-01-28 21:22:41,458 INFO c.h.h.t.HelmChartContainer - [hivemq-test-hivemq-platform] [hivemq-platform-operator] [bf0c75f1] 21:22:41.457 [ReconcilerExecutor-hivemq-controller-113] DEBUG c.h.p.o.HiveMQPlatformReconciler - [helmplat] StatefulSet Spec (replicas: 1, init containers: 1, containers: 1, volumes: 7)
2025-01-28 21:22:41,460 INFO c.h.h.t.HelmChartContainer - [hivemq-test-hivemq-platform] [hivemq-platform-operator] [bf0c75f1] 21:22:41.459 [ReconcilerExecutor-hivemq-controller-113] DEBUG c.h.p.o.h.HiveMQPlatformReconcilerErrorHandler - [helmplat] Pod 'test-hivemq-platform-0' phase Running
2025-01-28 21:22:41,461 INFO c.h.h.t.HelmChartContainer - [hivemq-test-hivemq-platform] [hivemq-platform-operator] [bf0c75f1] 21:22:41.460 [ReconcilerExecutor-hivemq-controller-113] INFO  c.h.p.o.h.HiveMQPlatformReconcilerBaseHandler - [helmplat] HiveMQ Platform is starting, 0 of 1 replicas are ready
2025-01-28 21:22:41,688 INFO c.h.h.t.HelmChartContainer - [test-hivemq-platform] [hivemq] [dc9ba2f4] INFO  - [HiveMQ Platform Operator Init App 1.7.0-SNAPSHOT] Returning Health API response 503 for readiness
2025-01-28 21:22:41,693 INFO c.h.h.t.HelmChartContainer - [EVENT] Warning [Unhealthy] Readiness probe failed: HTTP probe failed with statuscode: 503 [helmplatformmutualtlsit:test-hivemq-platform-0]
2025-01-28 21:22:41,693 INFO c.h.h.t.HelmChartContainer - Received Unhealthy event for container hivemq in pod test-hivemq-platform-0 [dc9ba2f4-0e2e-4cb6-81d4-765b8b9a01cc]
2025-01-28 21:22:42,573 INFO c.h.h.t.HelmChartContainer - [test-hivemq-platform] [hivemq] [dc9ba2f4] INFO  - PKatM: no members discovered after 2195 ms: creating cluster as first member
2025-01-28 21:22:42,580 INFO c.h.h.t.HelmChartContainer - [test-hivemq-platform] [hivemq] [dc9ba2f4] INFO  - Cluster nodes found by discovery: [PKatM|0] (1) [PKatM].
2025-01-28 21:22:42,601 INFO c.h.h.t.HelmChartContainer - [test-hivemq-platform] [hivemq] [dc9ba2f4] WARN  - No user for HiveMQ Control Center configured. Starting with default user
2025-01-28 21:22:42,601 INFO c.h.h.t.HelmChartContainer - [test-hivemq-platform] [hivemq] [dc9ba2f4] INFO  - Starting HiveMQ Control Center on address 127.0.0.1 and port 8080
2025-01-28 21:22:42,672 INFO c.h.h.t.HelmChartContainer - [test-hivemq-platform] [hivemq] [dc9ba2f4] INFO  - Mounting HiveMQ Control Center V2 Preview
2025-01-28 21:22:43,193 INFO c.h.h.t.HelmChartContainer - [test-hivemq-platform] [hivemq] [dc9ba2f4] INFO  - Started HiveMQ Control Center in 592ms
2025-01-28 21:22:43,285 INFO c.h.h.t.HelmChartContainer - [test-hivemq-platform] [hivemq] [dc9ba2f4] INFO  - Starting TCP listener on address 0.0.0.0 and port 1883
2025-01-28 21:22:44,582 INFO c.h.h.t.HelmChartContainer - [test-hivemq-platform] [hivemq] [dc9ba2f4] INFO  - Enabled protocols for TCP Listener with TLS at address 0.0.0.0 and port 1884: [TLSv1.3, TLSv1.2]
2025-01-28 21:22:44,582 INFO c.h.h.t.HelmChartContainer - [test-hivemq-platform] [hivemq] [dc9ba2f4] INFO  - Enabled cipher suites for TCP Listener with TLS at address 0.0.0.0 and port 1884: [TLS_ECDHE_ECDSA_WITH_AES_256_GCM_SHA384, TLS_ECDHE_ECDSA_WITH_AES_128_GCM_SHA256, TLS_ECDHE_RSA_WITH_AES_128_GCM_SHA256, TLS_ECDHE_RSA_WITH_AES_256_GCM_SHA384, TLS_ECDHE_RSA_WITH_AES_128_CBC_SHA, TLS_ECDHE_RSA_WITH_AES_256_CBC_SHA, TLS_RSA_WITH_AES_128_GCM_SHA256, TLS_RSA_WITH_AES_128_CBC_SHA, TLS_RSA_WITH_AES_256_CBC_SHA, TLS_AES_128_GCM_SHA256, TLS_AES_256_GCM_SHA384]
2025-01-28 21:22:44,583 INFO c.h.h.t.HelmChartContainer - [test-hivemq-platform] [hivemq] [dc9ba2f4] INFO  - Starting TLS TCP listener on address 0.0.0.0 and port 1884
2025-01-28 21:22:44,972 INFO c.h.h.t.HelmChartContainer - [test-hivemq-platform] [hivemq] [dc9ba2f4] INFO  - Enabled protocols for TCP Listener with TLS at address 0.0.0.0 and port 1885: [TLSv1.3, TLSv1.2]
2025-01-28 21:22:44,972 INFO c.h.h.t.HelmChartContainer - [test-hivemq-platform] [hivemq] [dc9ba2f4] INFO  - Enabled cipher suites for TCP Listener with TLS at address 0.0.0.0 and port 1885: [TLS_ECDHE_ECDSA_WITH_AES_256_GCM_SHA384, TLS_ECDHE_ECDSA_WITH_AES_128_GCM_SHA256, TLS_ECDHE_RSA_WITH_AES_128_GCM_SHA256, TLS_ECDHE_RSA_WITH_AES_256_GCM_SHA384, TLS_ECDHE_RSA_WITH_AES_128_CBC_SHA, TLS_ECDHE_RSA_WITH_AES_256_CBC_SHA, TLS_RSA_WITH_AES_128_GCM_SHA256, TLS_RSA_WITH_AES_128_CBC_SHA, TLS_RSA_WITH_AES_256_CBC_SHA, TLS_AES_128_GCM_SHA256, TLS_AES_256_GCM_SHA384]
2025-01-28 21:22:44,973 INFO c.h.h.t.HelmChartContainer - [test-hivemq-platform] [hivemq] [dc9ba2f4] INFO  - Starting TLS TCP listener on address 0.0.0.0 and port 1885
2025-01-28 21:22:44,974 INFO c.h.h.t.HelmChartContainer - [test-hivemq-platform] [hivemq] [dc9ba2f4] INFO  - Started TCP Listener on address 0.0.0.0 and on port 1883.
2025-01-28 21:22:44,975 INFO c.h.h.t.HelmChartContainer - [test-hivemq-platform] [hivemq] [dc9ba2f4] INFO  - Started TCP Listener with TLS on address 0.0.0.0 and on port 1884.
2025-01-28 21:22:44,975 INFO c.h.h.t.HelmChartContainer - [test-hivemq-platform] [hivemq] [dc9ba2f4] INFO  - Started TCP Listener with TLS on address 0.0.0.0 and on port 1885.
2025-01-28 21:22:44,976 INFO c.h.h.t.HelmChartContainer - [test-hivemq-platform] [hivemq] [dc9ba2f4] INFO  - Started HiveMQ in 31691ms
2025-01-28 21:22:46,296 INFO c.h.h.t.HelmChartContainer - [test-hivemq-platform] [hivemq] [dc9ba2f4] INFO  - [HiveMQ Platform Operator Init App 1.7.0-SNAPSHOT] Returning Health API response 200 for readiness
2025-01-28 21:22:46,317 INFO c.h.h.t.HelmChartContainer - [POD] test-hivemq-platform-0 [dc9ba2f4-0e2e-4cb6-81d4-765b8b9a01cc] in helmplatformmutualtlsit was MODIFIED
2025-01-28 21:22:46,326 INFO c.h.h.t.HelmChartContainer - [hivemq-test-hivemq-platform] [hivemq-platform-operator] [bf0c75f1] 21:22:46.320 [pool-6-thread-5] DEBUG c.h.p.o.d.PlatformServiceResource - [helmplat] Desired Platform services (4 services)
2025-01-28 21:22:46,336 INFO c.h.h.t.HelmChartContainer - [hivemq-test-hivemq-platform] [hivemq-platform-operator] [bf0c75f1] 21:22:46.324 [pool-6-thread-8] DEBUG c.h.p.o.dependants.PodInfoConfigMap - [helmplat] Desired PodInfo ConfigMap (1 extensions) (1 enabled)
2025-01-28 21:22:46,336 INFO c.h.h.t.HelmChartContainer - [hivemq-test-hivemq-platform] [hivemq-platform-operator] [bf0c75f1] 21:22:46.325 [pool-6-thread-8] DEBUG c.h.p.o.dependants.PodInfoConfigMap - [helmplat] Desired PodInfo ConfigMap (metrics port: 9399) (metrics path: /)
2025-01-28 21:22:46,336 INFO c.h.h.t.HelmChartContainer - [hivemq-test-hivemq-platform] [hivemq-platform-operator] [bf0c75f1] 21:22:46.325 [pool-6-thread-8] DEBUG c.h.p.o.dependants.PodInfoConfigMap - [helmplat] Desired PodInfo ConfigMap (extension state hash: -1817474005)
2025-01-28 21:22:46,337 INFO c.h.h.t.HelmChartContainer - [hivemq-test-hivemq-platform] [hivemq-platform-operator] [bf0c75f1] 21:22:46.329 [pool-6-thread-4] DEBUG c.h.p.o.d.PodServiceAccountResource - [helmplat] Desired PodServiceAccountResource (serviceAccountName: hivemq-platform-pod-test-hivemq-platform)
2025-01-28 21:22:46,337 INFO c.h.h.t.HelmChartContainer - [hivemq-test-hivemq-platform] [hivemq-platform-operator] [bf0c75f1] 21:22:46.332 [pool-6-thread-5] DEBUG c.h.p.o.d.StatefulSetResource - [helmplat] Desired StatefulSet (1 replicas) for status STARTING (READY)
2025-01-28 21:22:46,357 INFO c.h.h.t.HelmChartContainer - [hivemq-test-hivemq-platform] [hivemq-platform-operator] [bf0c75f1] 21:22:46.356 [ReconcilerExecutor-hivemq-controller-114] INFO  c.h.p.o.HiveMQPlatformReconciler - [helmplat] Reconciling HiveMQ Platform 'test-hivemq-platform' in namespace 'helmplatformmutualtlsit'
2025-01-28 21:22:46,357 INFO c.h.h.t.HelmChartContainer - [hivemq-test-hivemq-platform] [hivemq-platform-operator] [bf0c75f1] 21:22:46.356 [ReconcilerExecutor-hivemq-controller-114] DEBUG c.h.p.o.HiveMQPlatformReconciler - [helmplat] Custom Resource Status STARTING - HiveMQ Platform is starting (READY)
2025-01-28 21:22:46,357 INFO c.h.h.t.HelmChartContainer - [hivemq-test-hivemq-platform] [hivemq-platform-operator] [bf0c75f1] 21:22:46.356 [ReconcilerExecutor-hivemq-controller-114] DEBUG c.h.p.o.HiveMQPlatformReconciler - [helmplat] Custom Resource Spec (replicas: 1) (extensions: 1)
2025-01-28 21:22:46,359 INFO c.h.h.t.HelmChartContainer - [hivemq-test-hivemq-platform] [hivemq-platform-operator] [bf0c75f1] 21:22:46.358 [ReconcilerExecutor-hivemq-controller-114] DEBUG c.h.p.o.HiveMQPlatformReconciler - [helmplat] StatefulSet Status (revision: test-hivemq-platform-77cb44dc4d, replicas: 1, available: 1, ready: 1, current: 1, updated: 1)
2025-01-28 21:22:46,359 INFO c.h.h.t.HelmChartContainer - [hivemq-test-hivemq-platform] [hivemq-platform-operator] [bf0c75f1] 21:22:46.358 [ReconcilerExecutor-hivemq-controller-114] DEBUG c.h.p.o.HiveMQPlatformReconciler - [helmplat] StatefulSet Spec (replicas: 1, init containers: 1, containers: 1, volumes: 7)
2025-01-28 21:22:46,362 INFO c.h.h.t.HelmChartContainer - [hivemq-test-hivemq-platform] [hivemq-platform-operator] [bf0c75f1] 21:22:46.361 [ReconcilerExecutor-hivemq-controller-114] DEBUG c.h.p.o.h.HiveMQPlatformReconcilerErrorHandler - [helmplat] Pod 'test-hivemq-platform-0' phase Running
2025-01-28 21:22:46,364 INFO c.h.h.t.HelmChartContainer - [hivemq-test-hivemq-platform] [hivemq-platform-operator] [bf0c75f1] 21:22:46.362 [ReconcilerExecutor-hivemq-controller-114] INFO  c.h.p.o.h.HiveMQPlatformReconcilerBaseHandler - [helmplat] HiveMQ Platform started successfully
2025-01-28 21:22:46,463 INFO c.h.h.t.HelmChartContainer - [hivemq-test-hivemq-platform] [hivemq-platform-operator] [bf0c75f1] 21:22:46.462 [ReconcilerExecutor-hivemq-controller-114] DEBUG c.h.p.operator.event.EventSender - [helmplat] Creating K8s event hivemq-platform-ready: [Ready] HiveMQ Platform is ready
2025-01-28 21:22:46,468 INFO c.h.h.t.HelmChartContainer - [EVENT] Normal [Ready] HiveMQ Platform is ready [helmplatformmutualtlsit:test-hivemq-platform]
2025-01-28 21:22:46,469 INFO c.h.h.t.HelmChartContainer - [hivemq-test-hivemq-platform] [hivemq-platform-operator] [bf0c75f1] 21:22:46.468 [ReconcilerExecutor-hivemq-controller-114] INFO  c.h.p.o.h.AbstractHiveMQReconcilerStateHandler - [helmplat] Update HiveMQ Platform Status (STARTING [READY] -> RUNNING [READY]): HiveMQ Platform is ready
2025-01-28 21:22:46,559 DEBUG com.hivemq.helmcharts.util.K8sUtil - Comparing actual state 'RUNNING' and waiting for 'RUNNING'
2025-01-28 21:22:46,571 INFO c.h.h.t.HelmChartContainer - [hivemq-test-hivemq-platform] [hivemq-platform-operator] [bf0c75f1] 21:22:46.566 [pool-6-thread-17] DEBUG c.h.p.o.d.PlatformServiceResource - [helmplat] Desired Platform services (4 services)
2025-01-28 21:22:46,571 INFO c.h.h.t.HelmChartContainer - [hivemq-test-hivemq-platform] [hivemq-platform-operator] [bf0c75f1] 21:22:46.568 [pool-6-thread-15] DEBUG c.h.p.o.d.PodServiceAccountResource - [helmplat] Desired PodServiceAccountResource (serviceAccountName: hivemq-platform-pod-test-hivemq-platform)
2025-01-28 21:22:46,577 INFO c.h.h.p.HelmPlatformMutualTlsIT - Connecting to MQTT listener with no mTLS/SSL on port 1883
2025-01-28 21:22:46,670 INFO c.h.h.t.HelmChartContainer - [hivemq-test-hivemq-platform] [hivemq-platform-operator] [bf0c75f1] 21:22:46.570 [pool-6-thread-14] DEBUG c.h.p.o.dependants.PodInfoConfigMap - [helmplat] Desired PodInfo ConfigMap (1 extensions) (1 enabled)
2025-01-28 21:22:46,676 INFO c.h.h.t.HelmChartContainer - [hivemq-test-hivemq-platform] [hivemq-platform-operator] [bf0c75f1] 21:22:46.653 [pool-6-thread-14] DEBUG c.h.p.o.dependants.PodInfoConfigMap - [helmplat] Desired PodInfo ConfigMap (metrics port: 9399) (metrics path: /)
2025-01-28 21:22:46,676 INFO c.h.h.t.HelmChartContainer - [hivemq-test-hivemq-platform] [hivemq-platform-operator] [bf0c75f1] 21:22:46.653 [pool-6-thread-14] DEBUG c.h.p.o.dependants.PodInfoConfigMap - [helmplat] Desired PodInfo ConfigMap (extension state hash: -1817474005)
2025-01-28 21:22:46,676 INFO c.h.h.t.HelmChartContainer - [hivemq-test-hivemq-platform] [hivemq-platform-operator] [bf0c75f1] 21:22:46.654 [pool-6-thread-14] DEBUG c.h.p.o.dependants.PodInfoConfigMap - [helmplat] Update PodInfo ConfigMap
2025-01-28 21:22:46,683 INFO c.h.h.t.HelmChartContainer - [hivemq-test-hivemq-platform] [hivemq-platform-operator] [bf0c75f1] 21:22:46.673 [pool-6-thread-14] DEBUG c.h.p.o.d.StatefulSetResource - [helmplat] Desired StatefulSet (1 replicas) for status RUNNING (READY)
2025-01-28 21:22:46,765 INFO c.h.h.t.HelmChartContainer - [hivemq-test-hivemq-platform] [hivemq-platform-operator] [bf0c75f1] 21:22:46.753 [ReconcilerExecutor-hivemq-controller-115] INFO  c.h.p.o.HiveMQPlatformReconciler - [helmplat] Reconciling HiveMQ Platform 'test-hivemq-platform' in namespace 'helmplatformmutualtlsit'
2025-01-28 21:22:46,765 INFO c.h.h.t.HelmChartContainer - [hivemq-test-hivemq-platform] [hivemq-platform-operator] [bf0c75f1] 21:22:46.754 [ReconcilerExecutor-hivemq-controller-115] DEBUG c.h.p.o.HiveMQPlatformReconciler - [helmplat] Custom Resource Status RUNNING - HiveMQ Platform is ready (READY)
2025-01-28 21:22:46,765 INFO c.h.h.t.HelmChartContainer - [hivemq-test-hivemq-platform] [hivemq-platform-operator] [bf0c75f1] 21:22:46.754 [ReconcilerExecutor-hivemq-controller-115] DEBUG c.h.p.o.HiveMQPlatformReconciler - [helmplat] Custom Resource Spec (replicas: 1) (extensions: 1)
2025-01-28 21:22:46,765 INFO c.h.h.t.HelmChartContainer - [hivemq-test-hivemq-platform] [hivemq-platform-operator] [bf0c75f1] 21:22:46.759 [ReconcilerExecutor-hivemq-controller-115] DEBUG c.h.p.o.HiveMQPlatformReconciler - [helmplat] StatefulSet Status (revision: test-hivemq-platform-77cb44dc4d, replicas: 1, available: 1, ready: 1, current: 1, updated: 1)
2025-01-28 21:22:46,765 INFO c.h.h.t.HelmChartContainer - [hivemq-test-hivemq-platform] [hivemq-platform-operator] [bf0c75f1] 21:22:46.760 [ReconcilerExecutor-hivemq-controller-115] DEBUG c.h.p.o.HiveMQPlatformReconciler - [helmplat] StatefulSet Spec (replicas: 1, init containers: 1, containers: 1, volumes: 7)
2025-01-28 21:22:46,765 INFO c.h.h.t.HelmChartContainer - [hivemq-test-hivemq-platform] [hivemq-platform-operator] [bf0c75f1] 21:22:46.763 [ReconcilerExecutor-hivemq-controller-115] DEBUG c.h.p.o.h.HiveMQPlatformReconcilerErrorHandler - [helmplat] Pod 'test-hivemq-platform-0' phase Running
2025-01-28 21:22:49,844 INFO c.h.h.p.HelmPlatformMutualTlsIT - Connecting to MQTT listener mTLS/SSL on port 1884
2025-01-28 21:22:52,909 INFO c.h.h.p.HelmPlatformMutualTlsIT - Connecting to MQTT listener mTLS/SSL on port 1885
2025-01-28 21:22:55,577 INFO c.h.h.t.HelmChartContainer - Uninstalling release 'test-hivemq-platform' in namespace 'helmplatformmutualtlsit'...
2025-01-28 21:22:55,578 DEBUG c.h.h.t.HelmChartContainer - Executing helm command: /bin/helm --kubeconfig /etc/rancher/k3s/k3s.yaml uninstall test-hivemq-platform  --wait --timeout 5m0s --cascade foreground --namespace helmplatformmutualtlsit
2025-01-28 21:22:55,770 INFO c.h.h.t.HelmChartContainer - [hivemq-test-hivemq-platform] [hivemq-platform-operator] [bf0c75f1] 21:22:55.767 [pool-6-thread-21] DEBUG c.h.p.o.d.PlatformServiceResource - [helmplat] Desired Platform services (4 services)
2025-01-28 21:22:55,770 INFO c.h.h.t.HelmChartContainer - [hivemq-test-hivemq-platform] [hivemq-platform-operator] [bf0c75f1] 21:22:55.768 [pool-6-thread-29] DEBUG c.h.p.o.dependants.PodInfoConfigMap - [helmplat] Desired PodInfo ConfigMap (1 extensions) (1 enabled)
2025-01-28 21:22:55,770 INFO c.h.h.t.HelmChartContainer - [hivemq-test-hivemq-platform] [hivemq-platform-operator] [bf0c75f1] 21:22:55.768 [pool-6-thread-29] DEBUG c.h.p.o.dependants.PodInfoConfigMap - [helmplat] Desired PodInfo ConfigMap (metrics port: 9399) (metrics path: /)
2025-01-28 21:22:55,770 INFO c.h.h.t.HelmChartContainer - [hivemq-test-hivemq-platform] [hivemq-platform-operator] [bf0c75f1] 21:22:55.768 [pool-6-thread-29] DEBUG c.h.p.o.dependants.PodInfoConfigMap - [helmplat] Desired PodInfo ConfigMap (extension state hash: -1817474005)
2025-01-28 21:22:55,771 INFO c.h.h.t.HelmChartContainer - [hivemq-test-hivemq-platform] [hivemq-platform-operator] [bf0c75f1] 21:22:55.770 [pool-6-thread-27] DEBUG c.h.p.o.d.PodServiceAccountResource - [helmplat] Desired PodServiceAccountResource (serviceAccountName: hivemq-platform-pod-test-hivemq-platform)
2025-01-28 21:22:55,782 INFO c.h.h.t.HelmChartContainer - [hivemq-test-hivemq-platform] [hivemq-platform-operator] [bf0c75f1] 21:22:55.779 [pool-6-thread-21] DEBUG c.h.p.o.d.StatefulSetResource - [helmplat] Desired StatefulSet (1 replicas) for status RUNNING (READY)
2025-01-28 21:22:55,859 INFO c.h.h.t.HelmChartContainer - [hivemq-test-hivemq-platform] [hivemq-platform-operator] [bf0c75f1] 21:22:55.857 [ReconcilerExecutor-hivemq-controller-116] INFO  c.h.p.o.HiveMQPlatformReconciler - [helmplat] Reconciling HiveMQ Platform 'test-hivemq-platform' in namespace 'helmplatformmutualtlsit'
2025-01-28 21:22:55,860 INFO c.h.h.t.HelmChartContainer - [hivemq-test-hivemq-platform] [hivemq-platform-operator] [bf0c75f1] 21:22:55.857 [ReconcilerExecutor-hivemq-controller-116] DEBUG c.h.p.o.HiveMQPlatformReconciler - [helmplat] Custom Resource Status RUNNING - HiveMQ Platform is ready (READY)
2025-01-28 21:22:55,860 INFO c.h.h.t.HelmChartContainer - [hivemq-test-hivemq-platform] [hivemq-platform-operator] [bf0c75f1] 21:22:55.857 [ReconcilerExecutor-hivemq-controller-116] DEBUG c.h.p.o.HiveMQPlatformReconciler - [helmplat] Custom Resource Spec (replicas: 1) (extensions: 1)
2025-01-28 21:22:55,860 INFO c.h.h.t.HelmChartContainer - [hivemq-test-hivemq-platform] [hivemq-platform-operator] [bf0c75f1] 21:22:55.858 [ReconcilerExecutor-hivemq-controller-116] WARN  c.h.p.o.h.HiveMQPlatformReconcilerErrorHandler - [helmplat] Could not find ConfigMap 'hivemq-configuration-test-hivemq-platform' for HiveMQ Platform configuration
2025-01-28 21:22:56,055 INFO c.h.h.t.HelmChartContainer - [hivemq-test-hivemq-platform] [hivemq-platform-operator] [bf0c75f1] 21:22:56.054 [ReconcilerExecutor-hivemq-controller-116] DEBUG c.h.p.operator.event.EventSender - [helmplat] Creating K8s event hivemq-platform-invalid-configuration: [Start] Could not find ConfigMap 'hivemq-configuration-test-hivemq-platform' for HiveMQ Platform configuration
2025-01-28 21:22:56,058 INFO c.h.h.t.HelmChartContainer - [EVENT] Warning [Start] Could not find ConfigMap 'hivemq-configuration-test-hivemq-platform' for HiveMQ Platform configuration [helmplatformmutualtlsit:test-hivemq-platform]
2025-01-28 21:22:56,059 INFO c.h.h.t.HelmChartContainer - [hivemq-test-hivemq-platform] [hivemq-platform-operator] [bf0c75f1] 21:22:56.058 [ReconcilerExecutor-hivemq-controller-116] INFO  c.h.p.o.h.AbstractHiveMQReconcilerStateHandler - [helmplat] Update HiveMQ Platform Status (RUNNING [READY] -> ERROR [INVALID_CONFIG_MAP]): Could not find ConfigMap 'hivemq-configuration-test-hivemq-platform' for HiveMQ Platform configuration
2025-01-28 21:22:56,140 INFO c.h.h.t.HelmChartContainer - [hivemq-test-hivemq-platform] [hivemq-platform-operator] [bf0c75f1] 21:22:56.065 [ReconcilerExecutor-hivemq-controller-116] ERROR i.j.o.p.event.EventProcessor - Error during event processing ExecutionScope{ resource id: ResourceID{name='test-hivemq-platform', namespace='helmplatformmutualtlsit'}, version: 1277}
2025-01-28 21:22:56,140 INFO c.h.h.t.HelmChartContainer - [hivemq-test-hivemq-platform] [hivemq-platform-operator] [bf0c75f1] io.fabric8.kubernetes.client.KubernetesClientException: Failure executing: PUT at: https://10.43.0.1:443/apis/hivemq.com/v1/namespaces/helmplatformmutualtlsit/hivemq-platforms/test-hivemq-platform/status. Message: Operation cannot be fulfilled on hivemq-platforms.hivemq.com "test-hivemq-platform": the object has been modified; please apply your changes to the latest version and try again. Received status: Status(apiVersion=v1, code=409, details=StatusDetails(causes=[], group=hivemq.com, kind=hivemq-platforms, name=test-hivemq-platform, retryAfterSeconds=null, uid=null, additionalProperties={}), kind=Status, message=Operation cannot be fulfilled on hivemq-platforms.hivemq.com "test-hivemq-platform": the object has been modified; please apply your changes to the latest version and try again, metadata=ListMeta(_continue=null, remainingItemCount=null, resourceVersion=null, selfLink=null, additionalProperties={}), reason=Conflict, status=Failure, additionalProperties={}).
2025-01-28 21:22:56,140 INFO c.h.h.t.HelmChartContainer - [hivemq-test-hivemq-platform] [hivemq-platform-operator] [bf0c75f1] 	at io.fabric8.kubernetes.client.KubernetesClientException.copyAsCause(KubernetesClientException.java:238)
2025-01-28 21:22:56,142 INFO c.h.h.t.HelmChartContainer - [hivemq-test-hivemq-platform] [hivemq-platform-operator] [bf0c75f1] 	at io.fabric8.kubernetes.client.dsl.internal.OperationSupport.waitForResult(OperationSupport.java:507)
2025-01-28 21:22:56,142 INFO c.h.h.t.HelmChartContainer - [hivemq-test-hivemq-platform] [hivemq-platform-operator] [bf0c75f1] 	at io.fabric8.kubernetes.client.dsl.internal.OperationSupport.handleResponse(OperationSupport.java:524)
2025-01-28 21:22:56,142 INFO c.h.h.t.HelmChartContainer - [hivemq-test-hivemq-platform] [hivemq-platform-operator] [bf0c75f1] 	at io.fabric8.kubernetes.client.dsl.internal.OperationSupport.handleUpdate(OperationSupport.java:358)
2025-01-28 21:22:56,142 INFO c.h.h.t.HelmChartContainer - [hivemq-test-hivemq-platform] [hivemq-platform-operator] [bf0c75f1] 	at io.fabric8.kubernetes.client.dsl.internal.BaseOperation.handleUpdate(BaseOperation.java:759)
2025-01-28 21:22:56,142 INFO c.h.h.t.HelmChartContainer - [hivemq-test-hivemq-platform] [hivemq-platform-operator] [bf0c75f1] 	at io.fabric8.kubernetes.client.dsl.internal.HasMetadataOperation.update(HasMetadataOperation.java:138)
2025-01-28 21:22:56,143 INFO c.h.h.t.HelmChartContainer - [hivemq-test-hivemq-platform] [hivemq-platform-operator] [bf0c75f1] 	at io.fabric8.kubernetes.client.dsl.internal.HasMetadataOperation.update(HasMetadataOperation.java:121)
2025-01-28 21:22:56,143 INFO c.h.h.t.HelmChartContainer - [hivemq-test-hivemq-platform] [hivemq-platform-operator] [bf0c75f1] 	at io.fabric8.kubernetes.client.dsl.internal.HasMetadataOperation.updateStatus(HasMetadataOperation.java:126)
2025-01-28 21:22:56,143 INFO c.h.h.t.HelmChartContainer - [hivemq-test-hivemq-platform] [hivemq-platform-operator] [bf0c75f1] 	at io.fabric8.kubernetes.client.dsl.internal.HasMetadataOperation.updateStatus(HasMetadataOperation.java:44)
2025-01-28 21:22:56,143 INFO c.h.h.t.HelmChartContainer - [hivemq-test-hivemq-platform] [hivemq-platform-operator] [bf0c75f1] 	at io.javaoperatorsdk.operator.processing.event.ReconciliationDispatcher$CustomResourceFacade.updateStatus(ReconciliationDispatcher.java:408)
2025-01-28 21:22:56,143 INFO c.h.h.t.HelmChartContainer - [hivemq-test-hivemq-platform] [hivemq-platform-operator] [bf0c75f1] 	at io.javaoperatorsdk.operator.processing.event.ReconciliationDispatcher.updateStatusGenerationAware(ReconciliationDispatcher.java:228)
2025-01-28 21:22:56,143 INFO c.h.h.t.HelmChartContainer - [hivemq-test-hivemq-platform] [hivemq-platform-operator] [bf0c75f1] 	at io.javaoperatorsdk.operator.processing.event.ReconciliationDispatcher.reconcileExecution(ReconciliationDispatcher.java:150)
2025-01-28 21:22:56,143 INFO c.h.h.t.HelmChartContainer - [hivemq-test-hivemq-platform] [hivemq-platform-operator] [bf0c75f1] 	at io.javaoperatorsdk.operator.processing.event.ReconciliationDispatcher.handleReconcile(ReconciliationDispatcher.java:117)
2025-01-28 21:22:56,143 INFO c.h.h.t.HelmChartContainer - [hivemq-test-hivemq-platform] [hivemq-platform-operator] [bf0c75f1] 	at io.javaoperatorsdk.operator.processing.event.ReconciliationDispatcher.handleDispatch(ReconciliationDispatcher.java:91)
2025-01-28 21:22:56,143 INFO c.h.h.t.HelmChartContainer - [hivemq-test-hivemq-platform] [hivemq-platform-operator] [bf0c75f1] 	at io.javaoperatorsdk.operator.processing.event.ReconciliationDispatcher.handleExecution(ReconciliationDispatcher.java:64)
2025-01-28 21:22:56,143 INFO c.h.h.t.HelmChartContainer - [hivemq-test-hivemq-platform] [hivemq-platform-operator] [bf0c75f1] 	at io.javaoperatorsdk.operator.processing.event.EventProcessor$ReconcilerExecutor.run(EventProcessor.java:452)
2025-01-28 21:22:56,143 INFO c.h.h.t.HelmChartContainer - [hivemq-test-hivemq-platform] [hivemq-platform-operator] [bf0c75f1] 	at java.base/java.util.concurrent.ThreadPoolExecutor.runWorker(Unknown Source)
2025-01-28 21:22:56,143 INFO c.h.h.t.HelmChartContainer - [hivemq-test-hivemq-platform] [hivemq-platform-operator] [bf0c75f1] 	at java.base/java.util.concurrent.ThreadPoolExecutor$Worker.run(Unknown Source)
2025-01-28 21:22:56,143 INFO c.h.h.t.HelmChartContainer - [hivemq-test-hivemq-platform] [hivemq-platform-operator] [bf0c75f1] 	at java.base/java.lang.Thread.run(Unknown Source)
2025-01-28 21:22:56,143 INFO c.h.h.t.HelmChartContainer - [hivemq-test-hivemq-platform] [hivemq-platform-operator] [bf0c75f1] Caused by: io.fabric8.kubernetes.client.KubernetesClientException: Failure executing: PUT at: https://10.43.0.1:443/apis/hivemq.com/v1/namespaces/helmplatformmutualtlsit/hivemq-platforms/test-hivemq-platform/status. Message: Operation cannot be fulfilled on hivemq-platforms.hivemq.com "test-hivemq-platform": the object has been modified; please apply your changes to the latest version and try again. Received status: Status(apiVersion=v1, code=409, details=StatusDetails(causes=[], group=hivemq.com, kind=hivemq-platforms, name=test-hivemq-platform, retryAfterSeconds=null, uid=null, additionalProperties={}), kind=Status, message=Operation cannot be fulfilled on hivemq-platforms.hivemq.com "test-hivemq-platform": the object has been modified; please apply your changes to the latest version and try again, metadata=ListMeta(_continue=null, remainingItemCount=null, resourceVersion=null, selfLink=null, additionalProperties={}), reason=Conflict, status=Failure, additionalProperties={}).
2025-01-28 21:22:56,143 INFO c.h.h.t.HelmChartContainer - [hivemq-test-hivemq-platform] [hivemq-platform-operator] [bf0c75f1] 	at io.fabric8.kubernetes.client.dsl.internal.OperationSupport.requestFailure(OperationSupport.java:660)
2025-01-28 21:22:56,143 INFO c.h.h.t.HelmChartContainer - [hivemq-test-hivemq-platform] [hivemq-platform-operator] [bf0c75f1] 	at io.fabric8.kubernetes.client.dsl.internal.OperationSupport.requestFailure(OperationSupport.java:640)
2025-01-28 21:22:56,143 INFO c.h.h.t.HelmChartContainer - [hivemq-test-hivemq-platform] [hivemq-platform-operator] [bf0c75f1] 	at io.fabric8.kubernetes.client.dsl.internal.OperationSupport.assertResponseCode(OperationSupport.java:589)
2025-01-28 21:22:56,143 INFO c.h.h.t.HelmChartContainer - [hivemq-test-hivemq-platform] [hivemq-platform-operator] [bf0c75f1] 	at io.fabric8.kubernetes.client.dsl.internal.OperationSupport.lambda$handleResponse$0(OperationSupport.java:549)
2025-01-28 21:22:56,143 INFO c.h.h.t.HelmChartContainer - [hivemq-test-hivemq-platform] [hivemq-platform-operator] [bf0c75f1] 	at java.base/java.util.concurrent.CompletableFuture$UniApply.tryFire(Unknown Source)
2025-01-28 21:22:56,143 INFO c.h.h.t.HelmChartContainer - [hivemq-test-hivemq-platform] [hivemq-platform-operator] [bf0c75f1] 	at java.base/java.util.concurrent.CompletableFuture.postComplete(Unknown Source)
2025-01-28 21:22:56,143 INFO c.h.h.t.HelmChartContainer - [hivemq-test-hivemq-platform] [hivemq-platform-operator] [bf0c75f1] 	at java.base/java.util.concurrent.CompletableFuture.complete(Unknown Source)
2025-01-28 21:22:56,143 INFO c.h.h.t.HelmChartContainer - [hivemq-test-hivemq-platform] [hivemq-platform-operator] [bf0c75f1] 	at io.fabric8.kubernetes.client.http.StandardHttpClient.lambda$completeOrCancel$10(StandardHttpClient.java:141)
2025-01-28 21:22:56,143 INFO c.h.h.t.HelmChartContainer - [hivemq-test-hivemq-platform] [hivemq-platform-operator] [bf0c75f1] 	at java.base/java.util.concurrent.CompletableFuture.uniWhenComplete(Unknown Source)
2025-01-28 21:22:56,143 INFO c.h.h.t.HelmChartContainer - [hivemq-test-hivemq-platform] [hivemq-platform-operator] [bf0c75f1] 	at java.base/java.util.concurrent.CompletableFuture$UniWhenComplete.tryFire(Unknown Source)
2025-01-28 21:22:56,143 INFO c.h.h.t.HelmChartContainer - [hivemq-test-hivemq-platform] [hivemq-platform-operator] [bf0c75f1] 	at java.base/java.util.concurrent.CompletableFuture.postComplete(Unknown Source)
2025-01-28 21:22:56,143 INFO c.h.h.t.HelmChartContainer - [hivemq-test-hivemq-platform] [hivemq-platform-operator] [bf0c75f1] 	at java.base/java.util.concurrent.CompletableFuture.complete(Unknown Source)
2025-01-28 21:22:56,143 INFO c.h.h.t.HelmChartContainer - [hivemq-test-hivemq-platform] [hivemq-platform-operator] [bf0c75f1] 	at io.fabric8.kubernetes.client.http.ByteArrayBodyHandler.onBodyDone(ByteArrayBodyHandler.java:51)
2025-01-28 21:22:56,143 INFO c.h.h.t.HelmChartContainer - [hivemq-test-hivemq-platform] [hivemq-platform-operator] [bf0c75f1] 	at java.base/java.util.concurrent.CompletableFuture.uniWhenComplete(Unknown Source)
2025-01-28 21:22:56,143 INFO c.h.h.t.HelmChartContainer - [hivemq-test-hivemq-platform] [hivemq-platform-operator] [bf0c75f1] 	at java.base/java.util.concurrent.CompletableFuture$UniWhenComplete.tryFire(Unknown Source)
2025-01-28 21:22:56,143 INFO c.h.h.t.HelmChartContainer - [hivemq-test-hivemq-platform] [hivemq-platform-operator] [bf0c75f1] 	at java.base/java.util.concurrent.CompletableFuture.postComplete(Unknown Source)
2025-01-28 21:22:56,143 INFO c.h.h.t.HelmChartContainer - [hivemq-test-hivemq-platform] [hivemq-platform-operator] [bf0c75f1] 	at java.base/java.util.concurrent.CompletableFuture.complete(Unknown Source)
2025-01-28 21:22:56,143 INFO c.h.h.t.HelmChartContainer - [hivemq-test-hivemq-platform] [hivemq-platform-operator] [bf0c75f1] 	at io.fabric8.kubernetes.client.vertx.VertxHttpRequest.lambda$null$1(VertxHttpRequest.java:121)
2025-01-28 21:22:56,143 INFO c.h.h.t.HelmChartContainer - [hivemq-test-hivemq-platform] [hivemq-platform-operator] [bf0c75f1] 	at io.vertx.core.impl.ContextInternal.dispatch(ContextInternal.java:279)
2025-01-28 21:22:56,143 INFO c.h.h.t.HelmChartContainer - [hivemq-test-hivemq-platform] [hivemq-platform-operator] [bf0c75f1] 	at io.vertx.core.impl.ContextInternal.dispatch(ContextInternal.java:261)
2025-01-28 21:22:56,143 INFO c.h.h.t.HelmChartContainer - [hivemq-test-hivemq-platform] [hivemq-platform-operator] [bf0c75f1] 	at io.vertx.core.http.impl.HttpEventHandler.handleEnd(HttpEventHandler.java:76)
2025-01-28 21:22:56,143 INFO c.h.h.t.HelmChartContainer - [hivemq-test-hivemq-platform] [hivemq-platform-operator] [bf0c75f1] 	at io.vertx.core.http.impl.HttpClientResponseImpl.handleEnd(HttpClientResponseImpl.java:250)
2025-01-28 21:22:56,143 INFO c.h.h.t.HelmChartContainer - [hivemq-test-hivemq-platform] [hivemq-platform-operator] [bf0c75f1] 	at io.vertx.core.http.impl.Http1xClientConnection$StreamImpl.lambda$new$0(Http1xClientConnection.java:421)
2025-01-28 21:22:56,143 INFO c.h.h.t.HelmChartContainer - [hivemq-test-hivemq-platform] [hivemq-platform-operator] [bf0c75f1] 	at io.vertx.core.streams.impl.InboundBuffer.handleEvent(InboundBuffer.java:279)
2025-01-28 21:22:56,143 INFO c.h.h.t.HelmChartContainer - [hivemq-test-hivemq-platform] [hivemq-platform-operator] [bf0c75f1] 	at io.vertx.core.streams.impl.InboundBuffer.write(InboundBuffer.java:157)
2025-01-28 21:22:56,143 INFO c.h.h.t.HelmChartContainer - [hivemq-test-hivemq-platform] [hivemq-platform-operator] [bf0c75f1] 	at io.vertx.core.http.impl.Http1xClientConnection$StreamImpl.handleEnd(Http1xClientConnection.java:709)
2025-01-28 21:22:56,143 INFO c.h.h.t.HelmChartContainer - [hivemq-test-hivemq-platform] [hivemq-platform-operator] [bf0c75f1] 	at io.vertx.core.impl.ContextImpl.lambda$execute$4(ContextImpl.java:315)
2025-01-28 21:22:56,143 INFO c.h.h.t.HelmChartContainer - [hivemq-test-hivemq-platform] [hivemq-platform-operator] [bf0c75f1] 	at io.netty.util.concurrent.AbstractEventExecutor.runTask(AbstractEventExecutor.java:173)
2025-01-28 21:22:56,143 INFO c.h.h.t.HelmChartContainer - [hivemq-test-hivemq-platform] [hivemq-platform-operator] [bf0c75f1] 	at io.netty.util.concurrent.AbstractEventExecutor.safeExecute(AbstractEventExecutor.java:166)
2025-01-28 21:22:56,143 INFO c.h.h.t.HelmChartContainer - [hivemq-test-hivemq-platform] [hivemq-platform-operator] [bf0c75f1] 	at io.netty.util.concurrent.SingleThreadEventExecutor.runAllTasks(SingleThreadEventExecutor.java:472)
2025-01-28 21:22:56,143 INFO c.h.h.t.HelmChartContainer - [hivemq-test-hivemq-platform] [hivemq-platform-operator] [bf0c75f1] 	at io.netty.channel.nio.NioEventLoop.run(NioEventLoop.java:569)
2025-01-28 21:22:56,143 INFO c.h.h.t.HelmChartContainer - [hivemq-test-hivemq-platform] [hivemq-platform-operator] [bf0c75f1] 	at io.netty.util.concurrent.SingleThreadEventExecutor$4.run(SingleThreadEventExecutor.java:997)
2025-01-28 21:22:56,143 INFO c.h.h.t.HelmChartContainer - [hivemq-test-hivemq-platform] [hivemq-platform-operator] [bf0c75f1] 	at io.netty.util.internal.ThreadExecutorMap$2.run(ThreadExecutorMap.java:74)
2025-01-28 21:22:56,143 INFO c.h.h.t.HelmChartContainer - [hivemq-test-hivemq-platform] [hivemq-platform-operator] [bf0c75f1] 	at io.netty.util.concurrent.FastThreadLocalRunnable.run(FastThreadLocalRunnable.java:30)
2025-01-28 21:22:56,143 INFO c.h.h.t.HelmChartContainer - [hivemq-test-hivemq-platform] [hivemq-platform-operator] [bf0c75f1] 	... 1 common frames omitted
2025-01-28 21:22:56,147 INFO c.h.h.t.HelmChartContainer - [hivemq-test-hivemq-platform] [hivemq-platform-operator] [bf0c75f1] 21:22:56.143 [ReconcilerExecutor-hivemq-controller-121] INFO  c.h.p.o.HiveMQPlatformReconciler - [helmplat] Cleanup test-hivemq-platform - helmplatformmutualtlsit HiveMQ Platform is shut down
2025-01-28 21:22:56,714 INFO c.h.h.t.HelmChartContainer - [test-hivemq-platform] [hivemq] [dc9ba2f4] WARN  - [HiveMQ Platform Operator Init App 1.7.0-SNAPSHOT] Could not update Pod annotations: Failure executing: GET at: https://10.43.0.1:443/api/v1/namespaces/helmplatformmutualtlsit/pods/test-hivemq-platform-0. Message: pods "test-hivemq-platform-0" is forbidden: User "system:serviceaccount:helmplatformmutualtlsit:hivemq-platform-pod-test-hivemq-platform" cannot get resource "pods" in API group "" in the namespace "helmplatformmutualtlsit". Received status: Status(apiVersion=v1, code=403, details=StatusDetails(causes=[], group=null, kind=pods, name=test-hivemq-platform-0, retryAfterSeconds=null, uid=null, additionalProperties={}), kind=Status, message=pods "test-hivemq-platform-0" is forbidden: User "system:serviceaccount:helmplatformmutualtlsit:hivemq-platform-pod-test-hivemq-platform" cannot get resource "pods" in API group "" in the namespace "helmplatformmutualtlsit", metadata=ListMeta(_continue=null, remainingItemCount=null, resourceVersion=null, selfLink=null, additionalProperties={}), reason=Forbidden, status=Failure, additionalProperties={}).
2025-01-28 21:22:56,748 INFO c.h.h.t.HelmChartContainer - [EVENT] Normal [Killing] Stopping container hivemq [helmplatformmutualtlsit:test-hivemq-platform-0]
2025-01-28 21:22:56,748 INFO c.h.h.t.HelmChartContainer - Received Killing event for container hivemq in pod test-hivemq-platform-0 [dc9ba2f4-0e2e-4cb6-81d4-765b8b9a01cc]
2025-01-28 21:22:56,748 INFO c.h.h.t.HelmChartContainer - Container [test-hivemq-platform-0] [hivemq] [dc9ba2f4-0e2e-4cb6-81d4-765b8b9a01cc] was terminated
2025-01-28 21:22:56,748 INFO c.h.h.t.HelmChartContainer - Stopped log watcher for hivemq in pod test-hivemq-platform-0 [dc9ba2f4-0e2e-4cb6-81d4-765b8b9a01cc]
2025-01-28 21:22:56,753 INFO c.h.h.t.HelmChartContainer - [POD] test-hivemq-platform-0 [dc9ba2f4-0e2e-4cb6-81d4-765b8b9a01cc] in helmplatformmutualtlsit was MODIFIED
2025-01-28 21:22:56,784 INFO c.h.h.t.HelmChartContainer - [test-hivemq-platform] [hivemq] [dc9ba2f4] INFO  - [HiveMQ Platform Operator Init App 1.7.0-SNAPSHOT] Shutting down
2025-01-28 21:22:56,785 INFO c.h.h.t.HelmChartContainer - [test-hivemq-platform] [hivemq] [dc9ba2f4] INFO  - [HiveMQ Platform Operator Init App 1.7.0-SNAPSHOT] Stopping the HiveMQ Platform
2025-01-28 21:22:56,979 INFO c.h.h.t.HelmChartContainer - [test-hivemq-platform] [hivemq] [dc9ba2f4] INFO  - Shutting down HiveMQ. Please wait, this could take a while...
2025-01-28 21:22:56,982 INFO c.h.h.t.HelmChartContainer - [test-hivemq-platform] [hivemq] [dc9ba2f4] INFO  - Shutting down listeners and clients
2025-01-28 21:22:56,983 INFO c.h.h.t.HelmChartContainer - [test-hivemq-platform] [hivemq] [dc9ba2f4] INFO  - Shutdown of listeners is done
2025-01-28 21:22:56,983 INFO c.h.h.t.HelmChartContainer - [test-hivemq-platform] [hivemq] [dc9ba2f4] INFO  - No clients are connected, proceeding with shutdown
2025-01-28 21:22:57,814 INFO c.h.h.t.HelmChartContainer - Deleting namespace 'helmplatformmutualtlsit'...
2025-01-28 21:23:00,786 INFO c.h.h.t.HelmChartContainer - [test-hivemq-platform] [hivemq] [dc9ba2f4] INFO  - Shutting down extension system
2025-01-28 21:23:00,788 INFO c.h.h.t.HelmChartContainer - [test-hivemq-platform] [hivemq] [dc9ba2f4] INFO  - Stopping extension with id hivemq-dns-cluster-discovery
2025-01-28 21:23:00,789 INFO c.h.h.t.HelmChartContainer - [test-hivemq-platform] [hivemq] [dc9ba2f4] INFO  - Extension "DNS Cluster Discovery Extension" version 4.3.2 stopped successfully.
2025-01-28 21:23:00,790 INFO c.h.h.t.HelmChartContainer - [test-hivemq-platform] [hivemq] [dc9ba2f4] INFO  - Stopping extension with id hivemq-prometheus-extension
2025-01-28 21:23:00,794 INFO c.h.h.t.HelmChartContainer - [test-hivemq-platform] [hivemq] [dc9ba2f4] INFO  - Extension "Prometheus Monitoring Extension" version 4.0.12 stopped successfully.
2025-01-28 21:23:00,795 INFO c.h.h.t.HelmChartContainer - [test-hivemq-platform] [hivemq] [dc9ba2f4] INFO  - Stopping extension with id hivemq-allow-all-extension
2025-01-28 21:23:00,795 INFO c.h.h.t.HelmChartContainer - [test-hivemq-platform] [hivemq] [dc9ba2f4] INFO  - Extension "Allow All Extension" version 1.1.1 stopped successfully.
2025-01-28 21:23:01,290 INFO c.h.h.t.HelmChartContainer - [test-hivemq-platform] [hivemq] [dc9ba2f4] INFO  - [HiveMQ Platform Operator Init App 1.7.0-SNAPSHOT] Returning shutdown Health API response 503 for readiness
2025-01-28 21:23:01,294 INFO c.h.h.t.HelmChartContainer - [EVENT] Warning [Unhealthy] Readiness probe failed: HTTP probe failed with statuscode: 503 [helmplatformmutualtlsit:test-hivemq-platform-0]
2025-01-28 21:23:01,294 INFO c.h.h.t.HelmChartContainer - Received Unhealthy event for container hivemq in pod test-hivemq-platform-0 [dc9ba2f4-0e2e-4cb6-81d4-765b8b9a01cc]
2025-01-28 21:23:01,718 INFO c.h.h.t.HelmChartContainer - [K3S] [authentication.go:74] "Unable to authenticate the request" err="[invalid bearer token, serviceaccounts \"hivemq-platform-pod-test-hivemq-platform\" not found]"
2025-01-28 21:23:01,734 INFO c.h.h.t.HelmChartContainer - [K3S] [authentication.go:74] "Unable to authenticate the request" err="[invalid bearer token, serviceaccounts \"hivemq-platform-pod-test-hivemq-platform\" not found]"
2025-01-28 21:23:01,736 INFO c.h.h.t.HelmChartContainer - [test-hivemq-platform] [hivemq] [dc9ba2f4] WARN  - [HiveMQ Platform Operator Init App 1.7.0-SNAPSHOT] Could not update Pod annotations: Failure executing: GET at: https://10.43.0.1:443/api/v1/namespaces/helmplatformmutualtlsit/pods/test-hivemq-platform-0. Message: Unauthorized. Received status: Status(apiVersion=v1, code=401, details=null, kind=Status, message=Unauthorized, metadata=ListMeta(_continue=null, remainingItemCount=null, resourceVersion=null, selfLink=null, additionalProperties={}), reason=Unauthorized, status=Failure, additionalProperties={}).
2025-01-28 21:23:02,857 INFO c.h.h.t.HelmChartContainer - [K3S] [stateful_set.go:466] "StatefulSet has been deleted" key="helmplatformmutualtlsit/test-hivemq-platform"
2025-01-28 21:23:03,072 INFO c.h.h.t.HelmChartContainer - [test-hivemq-platform] [hivemq] [dc9ba2f4] INFO  - Shutdown completed.
2025-01-28 21:23:03,421 INFO c.h.h.t.HelmChartContainer - [test-hivemq-platform] [hivemq] [dc9ba2f4] INFO  - [HiveMQ Platform Operator Init App 1.7.0-SNAPSHOT] The HiveMQ Platform exited with code 143
2025-01-28 21:23:03,421 INFO c.h.h.t.HelmChartContainer - [test-hivemq-platform] [hivemq] [dc9ba2f4] INFO  - [HiveMQ Platform Operator Init App 1.7.0-SNAPSHOT] Stopping the REST API
2025-01-28 21:23:03,426 INFO c.h.h.t.HelmChartContainer - [test-hivemq-platform] [hivemq] [dc9ba2f4] INFO  - [HiveMQ Platform Operator Init App 1.7.0-SNAPSHOT] Shutdown complete
2025-01-28 21:23:03,889 INFO c.h.h.t.HelmChartContainer - [POD] test-hivemq-platform-0 [dc9ba2f4-0e2e-4cb6-81d4-765b8b9a01cc] in helmplatformmutualtlsit was MODIFIED
2025-01-28 21:23:03,958 INFO c.h.h.t.HelmChartContainer - [K3S] [reconciler_common.go:162] "operationExecutor.UnmountVolume started for volume \"mqtts-truststore-1885\" (UniqueName: \"kubernetes.io/secret/dc9ba2f4-0e2e-4cb6-81d4-765b8b9a01cc-mqtts-truststore-1885\") pod \"dc9ba2f4-0e2e-4cb6-81d4-765b8b9a01cc\" (UID: \"dc9ba2f4-0e2e-4cb6-81d4-765b8b9a01cc\") "
2025-01-28 21:23:03,958 INFO c.h.h.t.HelmChartContainer - [K3S] [reconciler_common.go:162] "operationExecutor.UnmountVolume started for volume \"kube-api-access-5z2hl\" (UniqueName: \"kubernetes.io/projected/dc9ba2f4-0e2e-4cb6-81d4-765b8b9a01cc-kube-api-access-5z2hl\") pod \"dc9ba2f4-0e2e-4cb6-81d4-765b8b9a01cc\" (UID: \"dc9ba2f4-0e2e-4cb6-81d4-765b8b9a01cc\") "
2025-01-28 21:23:03,958 INFO c.h.h.t.HelmChartContainer - [K3S] [reconciler_common.go:162] "operationExecutor.UnmountVolume started for volume \"broker-configuration\" (UniqueName: \"kubernetes.io/configmap/dc9ba2f4-0e2e-4cb6-81d4-765b8b9a01cc-broker-configuration\") pod \"dc9ba2f4-0e2e-4cb6-81d4-765b8b9a01cc\" (UID: \"dc9ba2f4-0e2e-4cb6-81d4-765b8b9a01cc\") "
2025-01-28 21:23:03,959 INFO c.h.h.t.HelmChartContainer - [K3S] [reconciler_common.go:162] "operationExecutor.UnmountVolume started for volume \"operator-init\" (UniqueName: \"kubernetes.io/empty-dir/dc9ba2f4-0e2e-4cb6-81d4-765b8b9a01cc-operator-init\") pod \"dc9ba2f4-0e2e-4cb6-81d4-765b8b9a01cc\" (UID: \"dc9ba2f4-0e2e-4cb6-81d4-765b8b9a01cc\") "
2025-01-28 21:23:03,959 INFO c.h.h.t.HelmChartContainer - [K3S] [reconciler_common.go:162] "operationExecutor.UnmountVolume started for volume \"mqtts-keystore-1885\" (UniqueName: \"kubernetes.io/secret/dc9ba2f4-0e2e-4cb6-81d4-765b8b9a01cc-mqtts-keystore-1885\") pod \"dc9ba2f4-0e2e-4cb6-81d4-765b8b9a01cc\" (UID: \"dc9ba2f4-0e2e-4cb6-81d4-765b8b9a01cc\") "
2025-01-28 21:23:03,959 INFO c.h.h.t.HelmChartContainer - [K3S] [reconciler_common.go:162] "operationExecutor.UnmountVolume started for volume \"pod-info\" (UniqueName: \"kubernetes.io/configmap/dc9ba2f4-0e2e-4cb6-81d4-765b8b9a01cc-pod-info\") pod \"dc9ba2f4-0e2e-4cb6-81d4-765b8b9a01cc\" (UID: \"dc9ba2f4-0e2e-4cb6-81d4-765b8b9a01cc\") "
2025-01-28 21:23:03,959 INFO c.h.h.t.HelmChartContainer - [K3S] [reconciler_common.go:162] "operationExecutor.UnmountVolume started for volume \"mqtts-keystore-1884\" (UniqueName: \"kubernetes.io/secret/dc9ba2f4-0e2e-4cb6-81d4-765b8b9a01cc-mqtts-keystore-1884\") pod \"dc9ba2f4-0e2e-4cb6-81d4-765b8b9a01cc\" (UID: \"dc9ba2f4-0e2e-4cb6-81d4-765b8b9a01cc\") "
2025-01-28 21:23:03,959 INFO c.h.h.t.HelmChartContainer - [K3S] [reconciler_common.go:162] "operationExecutor.UnmountVolume started for volume \"mqtts-truststore-1884\" (UniqueName: \"kubernetes.io/secret/dc9ba2f4-0e2e-4cb6-81d4-765b8b9a01cc-mqtts-truststore-1884\") pod \"dc9ba2f4-0e2e-4cb6-81d4-765b8b9a01cc\" (UID: \"dc9ba2f4-0e2e-4cb6-81d4-765b8b9a01cc\") "
2025-01-28 21:23:04,059 INFO c.h.h.t.HelmChartContainer - [K3S] [reconciler_common.go:299] "Volume detached for volume \"pod-info\" (UniqueName: \"kubernetes.io/configmap/dc9ba2f4-0e2e-4cb6-81d4-765b8b9a01cc-pod-info\") on node \"ffcddaa7d7fe\" DevicePath \"\""
2025-01-28 21:23:04,059 INFO c.h.h.t.HelmChartContainer - [K3S] [reconciler_common.go:299] "Volume detached for volume \"mqtts-keystore-1884\" (UniqueName: \"kubernetes.io/secret/dc9ba2f4-0e2e-4cb6-81d4-765b8b9a01cc-mqtts-keystore-1884\") on node \"ffcddaa7d7fe\" DevicePath \"\""
2025-01-28 21:23:04,059 INFO c.h.h.t.HelmChartContainer - [K3S] [reconciler_common.go:299] "Volume detached for volume \"mqtts-truststore-1884\" (UniqueName: \"kubernetes.io/secret/dc9ba2f4-0e2e-4cb6-81d4-765b8b9a01cc-mqtts-truststore-1884\") on node \"ffcddaa7d7fe\" DevicePath \"\""
2025-01-28 21:23:04,059 INFO c.h.h.t.HelmChartContainer - [K3S] [reconciler_common.go:299] "Volume detached for volume \"mqtts-truststore-1885\" (UniqueName: \"kubernetes.io/secret/dc9ba2f4-0e2e-4cb6-81d4-765b8b9a01cc-mqtts-truststore-1885\") on node \"ffcddaa7d7fe\" DevicePath \"\""
2025-01-28 21:23:04,059 INFO c.h.h.t.HelmChartContainer - [K3S] [reconciler_common.go:299] "Volume detached for volume \"kube-api-access-5z2hl\" (UniqueName: \"kubernetes.io/projected/dc9ba2f4-0e2e-4cb6-81d4-765b8b9a01cc-kube-api-access-5z2hl\") on node \"ffcddaa7d7fe\" DevicePath \"\""
2025-01-28 21:23:04,059 INFO c.h.h.t.HelmChartContainer - [K3S] [reconciler_common.go:299] "Volume detached for volume \"broker-configuration\" (UniqueName: \"kubernetes.io/configmap/dc9ba2f4-0e2e-4cb6-81d4-765b8b9a01cc-broker-configuration\") on node \"ffcddaa7d7fe\" DevicePath \"\""
2025-01-28 21:23:04,059 INFO c.h.h.t.HelmChartContainer - [K3S] [reconciler_common.go:299] "Volume detached for volume \"operator-init\" (UniqueName: \"kubernetes.io/empty-dir/dc9ba2f4-0e2e-4cb6-81d4-765b8b9a01cc-operator-init\") on node \"ffcddaa7d7fe\" DevicePath \"\""
2025-01-28 21:23:04,059 INFO c.h.h.t.HelmChartContainer - [K3S] [reconciler_common.go:299] "Volume detached for volume \"mqtts-keystore-1885\" (UniqueName: \"kubernetes.io/secret/dc9ba2f4-0e2e-4cb6-81d4-765b8b9a01cc-mqtts-keystore-1885\") on node \"ffcddaa7d7fe\" DevicePath \"\""
2025-01-28 21:23:04,579 INFO c.h.h.t.HelmChartContainer - [K3S] [scope.go:117] "RemoveContainer" containerID="1793309c3b8a0da9b9848c9899dc923b0797c899c930e86a204ccc8fd00a4278"
2025-01-28 21:23:04,594 INFO c.h.h.t.HelmChartContainer - [POD] test-hivemq-platform-0 [dc9ba2f4-0e2e-4cb6-81d4-765b8b9a01cc] in helmplatformmutualtlsit was MODIFIED
2025-01-28 21:23:04,597 INFO c.h.h.t.HelmChartContainer - [POD] test-hivemq-platform-0 [dc9ba2f4-0e2e-4cb6-81d4-765b8b9a01cc] in helmplatformmutualtlsit was DELETED
2025-01-28 21:23:04,677 INFO c.h.h.t.HelmChartContainer - [K3S] [scope.go:117] "RemoveContainer" containerID="db05e57caa5e75100d0f8ff4827f72f38005e4e0ce7302a25c3834126d287e74"
2025-01-28 21:23:04,680 INFO c.h.h.t.HelmChartContainer - [K3S] [scope.go:117] "RemoveContainer" containerID="1793309c3b8a0da9b9848c9899dc923b0797c899c930e86a204ccc8fd00a4278"
2025-01-28 21:23:04,681 INFO c.h.h.t.HelmChartContainer - [K3S] [scope.go:117] "RemoveContainer" containerID="db05e57caa5e75100d0f8ff4827f72f38005e4e0ce7302a25c3834126d287e74"
2025-01-28 21:23:04,959 INFO c.h.h.t.HelmChartContainer - [K3S] [kubelet_volumes.go:163] "Cleaned up orphaned pod volumes dir" podUID="dc9ba2f4-0e2e-4cb6-81d4-765b8b9a01cc" path="/var/lib/kubelet/pods/dc9ba2f4-0e2e-4cb6-81d4-765b8b9a01cc/volumes"
2025-01-28 21:23:08,137 INFO c.h.h.t.HelmChartContainer - Namespace 'helmplatformmutualtlsit' deleted
2025-01-28 21:23:08,137 INFO c.h.h.t.HelmChartContainer - Release 'test-hivemq-platform' in namespace 'helmplatformmutualtlsit' is uninstalled
2025-01-28 21:23:08,138 INFO c.h.h.t.HelmChartContainer - Uninstalling release 'test-hivemq-platform-operator' in namespace 'helmplatformmutualtlsit-operator'...
2025-01-28 21:23:08,138 DEBUG c.h.h.t.HelmChartContainer - Executing helm command: /bin/helm --kubeconfig /etc/rancher/k3s/k3s.yaml uninstall test-hivemq-platform-operator  --wait --timeout 5m0s --cascade foreground --namespace helmplatformmutualtlsit-operator
2025-01-28 21:23:08,314 INFO c.h.h.t.HelmChartContainer - [K3S] [replica_set.go:679] "Finished syncing" kind="ReplicaSet" key="helmplatformmutualtlsit-operator/hivemq-test-hivemq-platform-operator-6966f96d65" duration="10.31268ms"
2025-01-28 21:23:08,318 INFO c.h.h.t.HelmChartContainer - [K3S] [replica_set.go:679] "Finished syncing" kind="ReplicaSet" key="helmplatformmutualtlsit-operator/hivemq-test-hivemq-platform-operator-6966f96d65" duration="41.336µs"
2025-01-28 21:23:08,330 INFO c.h.h.t.HelmChartContainer - [POD] hivemq-test-hivemq-platform-operator-6966f96d65-gghxw [bf0c75f1-bbb6-483a-9fb3-fc844aa1ce9d] in helmplatformmutualtlsit-operator was MODIFIED
2025-01-28 21:23:08,339 INFO c.h.h.t.HelmChartContainer - [K3S] [replica_set.go:679] "Finished syncing" kind="ReplicaSet" key="helmplatformmutualtlsit-operator/hivemq-test-hivemq-platform-operator-6966f96d65" duration="11.915529ms"
2025-01-28 21:23:08,342 INFO c.h.h.t.HelmChartContainer - [K3S] [replica_set.go:679] "Finished syncing" kind="ReplicaSet" key="helmplatformmutualtlsit-operator/hivemq-test-hivemq-platform-operator-6966f96d65" duration="41.778µs"
2025-01-28 21:23:08,346 INFO c.h.h.t.HelmChartContainer - [EVENT] Normal [Killing] Stopping container hivemq-platform-operator [helmplatformmutualtlsit-operator:hivemq-test-hivemq-platform-operator-6966f96d65-gghxw]
2025-01-28 21:23:08,346 INFO c.h.h.t.HelmChartContainer - Received Killing event for container hivemq-platform-operator in pod hivemq-test-hivemq-platform-operator-6966f96d65-gghxw [bf0c75f1-bbb6-483a-9fb3-fc844aa1ce9d]
2025-01-28 21:23:08,346 INFO c.h.h.t.HelmChartContainer - Container [hivemq-test-hivemq-platform-operator-6966f96d65-gghxw] [hivemq-platform-operator] [bf0c75f1-bbb6-483a-9fb3-fc844aa1ce9d] was terminated
2025-01-28 21:23:08,346 INFO c.h.h.t.HelmChartContainer - Stopped log watcher for hivemq-platform-operator in pod hivemq-test-hivemq-platform-operator-6966f96d65-gghxw [bf0c75f1-bbb6-483a-9fb3-fc844aa1ce9d]
2025-01-28 21:23:08,357 INFO c.h.h.t.HelmChartContainer - [hivemq-test-hivemq-platform] [hivemq-platform-operator] [bf0c75f1] 21:23:08.356 [application-shutdown-thread] INFO  c.h.p.o.HiveMQPlatformOperatorApplication - HiveMQ Platform Operator is stopping...
2025-01-28 21:23:08,357 INFO c.h.h.t.HelmChartContainer - [hivemq-test-hivemq-platform] [hivemq-platform-operator] [bf0c75f1] 21:23:08.356 [application-shutdown-thread] INFO  i.javaoperatorsdk.operator.Operator - Operator SDK 4.9.7 is shutting down...
2025-01-28 21:23:08,891 INFO c.h.h.t.HelmChartContainer - [K3S] [replica_set.go:679] "Finished syncing" kind="ReplicaSet" key="helmplatformmutualtlsit-operator/hivemq-test-hivemq-platform-operator-6966f96d65" duration="40.705µs"
2025-01-28 21:23:08,892 INFO c.h.h.t.HelmChartContainer - [POD] hivemq-test-hivemq-platform-operator-6966f96d65-gghxw [bf0c75f1-bbb6-483a-9fb3-fc844aa1ce9d] in helmplatformmutualtlsit-operator was MODIFIED
2025-01-28 21:23:08,988 INFO c.h.h.t.HelmChartContainer - [K3S] [reconciler_common.go:162] "operationExecutor.UnmountVolume started for volume \"kube-api-access-t759n\" (UniqueName: \"kubernetes.io/projected/bf0c75f1-bbb6-483a-9fb3-fc844aa1ce9d-kube-api-access-t759n\") pod \"bf0c75f1-bbb6-483a-9fb3-fc844aa1ce9d\" (UID: \"bf0c75f1-bbb6-483a-9fb3-fc844aa1ce9d\") "
2025-01-28 21:23:09,089 INFO c.h.h.t.HelmChartContainer - [K3S] [reconciler_common.go:299] "Volume detached for volume \"kube-api-access-t759n\" (UniqueName: \"kubernetes.io/projected/bf0c75f1-bbb6-483a-9fb3-fc844aa1ce9d-kube-api-access-t759n\") on node \"ffcddaa7d7fe\" DevicePath \"\""
2025-01-28 21:23:09,588 INFO c.h.h.t.HelmChartContainer - [K3S] [scope.go:117] "RemoveContainer" containerID="403ceb77d68437a8700d1fbaa59b6affbc0da834b32f98fa7a453230457f01a3"
2025-01-28 21:23:09,591 INFO c.h.h.t.HelmChartContainer - [K3S] [scope.go:117] "RemoveContainer" containerID="403ceb77d68437a8700d1fbaa59b6affbc0da834b32f98fa7a453230457f01a3"
2025-01-28 21:23:09,600 INFO c.h.h.t.HelmChartContainer - [K3S] [replica_set.go:679] "Finished syncing" kind="ReplicaSet" key="helmplatformmutualtlsit-operator/hivemq-test-hivemq-platform-operator-6966f96d65" duration="65.411µs"
2025-01-28 21:23:09,600 INFO c.h.h.t.HelmChartContainer - [POD] hivemq-test-hivemq-platform-operator-6966f96d65-gghxw [bf0c75f1-bbb6-483a-9fb3-fc844aa1ce9d] in helmplatformmutualtlsit-operator was MODIFIED
2025-01-28 21:23:09,602 INFO c.h.h.t.HelmChartContainer - [K3S] [replica_set.go:679] "Finished syncing" kind="ReplicaSet" key="helmplatformmutualtlsit-operator/hivemq-test-hivemq-platform-operator-6966f96d65" duration="29.575µs"
2025-01-28 21:23:09,603 INFO c.h.h.t.HelmChartContainer - [POD] hivemq-test-hivemq-platform-operator-6966f96d65-gghxw [bf0c75f1-bbb6-483a-9fb3-fc844aa1ce9d] in helmplatformmutualtlsit-operator was DELETED
2025-01-28 21:23:09,612 INFO c.h.h.t.HelmChartContainer - [K3S] [replica_set.go:679] "Finished syncing" kind="ReplicaSet" key="helmplatformmutualtlsit-operator/hivemq-test-hivemq-platform-operator-6966f96d65" duration="6.652µs"
2025-01-28 21:23:10,374 INFO c.h.h.t.HelmChartContainer - Deleting namespace 'helmplatformmutualtlsit-operator'...
2025-01-28 21:23:10,958 INFO c.h.h.t.HelmChartContainer - [K3S] [kubelet_volumes.go:163] "Cleaned up orphaned pod volumes dir" podUID="bf0c75f1-bbb6-483a-9fb3-fc844aa1ce9d" path="/var/lib/kubelet/pods/bf0c75f1-bbb6-483a-9fb3-fc844aa1ce9d/volumes"
2025-01-28 21:23:13,073 INFO c.h.h.t.HelmChartContainer - [K3S] [namespace_controller.go:187] "Namespace has been deleted" namespace="helmplatformmutualtlsit"
2025-01-28 21:23:15,590 INFO c.h.h.t.HelmChartContainer - Namespace 'helmplatformmutualtlsit-operator' deleted
2025-01-28 21:23:15,590 INFO c.h.h.t.HelmChartContainer - Release 'test-hivemq-platform-operator' in namespace 'helmplatformmutualtlsit-operator' is uninstalled
2025-01-28 21:23:16,310 INFO c.h.helmcharts.AbstractHelmChartIT - Removed unused containers:

2025-01-28 21:23:20,496 INFO c.h.h.t.HelmChartContainer - [K3S] [namespace_controller.go:187] "Namespace has been deleted" namespace="helmplatformmutualtlsit-operator"
2025-01-28 21:23:23,850 INFO c.h.helmcharts.AbstractHelmChartIT - Removed unused snapshots:
Removing snapshot sha256:03af251906410714c5aef9fa705b63f6bbc39c4a5e787de7361eeb18886c2ed2
Removing snapshot sha256:0c46b3b43cce082ce5ec34ffc6c294e0417d17b9d1e6f366d114b6aadc4f96dc
Removing snapshot sha256:0ce761beee59082d6ed5bcebd3a805b8ddd9b3426b617e4809e7fb7c6587ffec
Removing snapshot sha256:0df91287303208332c8ff6ba40ae4710105201739addbfbddfb955f1ad593664
Removing snapshot sha256:1021ef88c7974bfff89c5a0ec4fd3160daac6c48a075f74cff721f85dd104e68
Removing snapshot sha256:10aba4953ddc18145dd38e3704709bc464aa20af60b56fe52caaff4b68411e62
Removing snapshot sha256:2573e0d8158209ed54ab25c87bcdcb00bd3d2539246960a3d592a1c599d70465
Removing snapshot sha256:362a8a37f8bbc31925a8146adcf7cf51f9882f5c1dcbef67c5baa03a297543c0
Removing snapshot sha256:3fa4ad33f0ddc8fd45b39b6b4640f82a3a83619606cd975bfe89d8710ad2d4cd
Removing snapshot sha256:43a7c979bbaba6838bc3102d6b10a1459f3ab050b87ccdfef84ef90cf43d3058
Removing snapshot sha256:4ab04491cdf0d3267f08206fe30bd48f49f94b9cab2f016d6739220f722a64af
Removing snapshot sha256:4b6068250e89c96f263060261819c7d912855bfbd64b3eb4c4a8483299b8c295
Removing snapshot sha256:580e69a0a8034ede1921139bbd2bfb72a69ebf276d008281896c32dd8bf74775
Removing snapshot sha256:5d30ba46b27fe37484567ccc5242cadc78217b8da605f3f195ef25cbf7487904
Removing snapshot sha256:63ca1fbb43ae5034640e5e6cb3e083e05c290072c5366fcaa9d62435a4cced85
Removing snapshot sha256:67f702c6baae873bceb19487c8b1f27bd2b86077e4f2f0e480e6d60ab508b8f5
Removing snapshot sha256:6864348dd42806d552efdec384f1274be15e2d0c10ce44c1f04347af004c10a9
Removing snapshot sha256:6940acd8091611dff557368a7a54a5aefc1b4a5884df51110818e75313d8a7c5
Removing snapshot sha256:6c7dee8f2c39b84b7dc2711c01d33de93514d9055499173e9290176fbe484b6c
Removing snapshot sha256:82753493a6d61ded36556292f02f31841a14c20d2f279f19eaad65afb661d5cd
Removing snapshot sha256:8a10d3db42c505ee0fcfa98417bdd7e39b304f6bcc0a06bb1b220797ff2cc63c
Removing snapshot sha256:8aae32a71ebaeed409759bccfd1dfa6ecbd0210fd7ac405f58879776d8b1dd8c
Removing snapshot sha256:a21e5b12dbac529ad45d976eb9ce45c881f3bedcc500fb30aba1e52aa1813418
Removing snapshot sha256:b921e6c28969094157f9b8e7244677780319637afd14450b7cb6b2fdea558a0c
Removing snapshot sha256:bc27ecb5769a00e309cf99ebc763c4a4b958b618d1decc96ffac5bc05f02f5b7
Removing snapshot sha256:be3ccb6627a5332e309d45ef461d09b4879dd870c7394d89323d0ebc6ca6aa8a
Removing snapshot sha256:c261f7cbbc64211ee175ee47273acdb7b1a36a4450b397a064a8f2c026490095
Removing snapshot sha256:c34d9393647eea0c9e3557ab988efaf59f61d10a2a5613b439ef0958cca5ec10
Removing snapshot sha256:ccf3c4a0fa967a41c1c83497a2ce6fa5787965859df0adb32c4ca2cf7490bc2b
Removing snapshot sha256:cf92d33f869417309692088c341cd0f223c178ea78a125f757317b22aa8f90e9
Removing snapshot sha256:d0037344cf2fb078884f1849f6a1f8cf9a33a3b6139b6a85833e5ee528e1f9a8
Removing snapshot sha256:d3b36d5b79273b1e98e7700470eaeff05a882e777124d84cebcc1505b85ecb36
Removing snapshot sha256:d65a44a37914602d12c611e5e22a50f11451d847e63015cc1c2aef92dee777a4
Removing snapshot sha256:e2dc0bae2455930f23ae570e019b7f32edc75c0f2d71cab084db837ff9051796
Removing snapshot sha256:eccbd24a99c60cd9e86ee5305dbfc4a4dc89f5ab4fb1f06c8d64797cecedef34
Removing snapshot sha256:f144bb4c7c7f0d2aa7eeffd36d934ec40db1ee167be727e326aad9fdc616f475

]]></system-out>
  </testcase>
  <system-out><![CDATA[2025-01-28 21:21:33,954 INFO c.h.h.t.HelmChartContainerExtension - Using cached HelmChartContainer instance
]]></system-out>
  <system-err><![CDATA[]]></system-err>
</testsuite>
